<?xml version="1.0" encoding="UTF-8"?>
<testsuites name="ExceleAktarVeTopluIndirme" time="1894.061" tests="29" failures="1" errors="0">
   <testsuite name="ExceleAktarVeTopluIndirme" tests="29" failures="1" errors="0" time="1894.061" skipped="0" timestamp="2021-11-11 09:26:31" hostname="DELL - DESKTOP-QBVMTUG" id="">
      <properties>
         <property name="deviceName" value=""/>
         <property name="devicePlatform" value=""/>
         <property name="logFolder" value="C:\\Users\\DELL\\Documents\\GitHub\\EES_KatalonLogo\\Reports\\20211111_090730\\Suite Repository\\ExceleAktarVeTopluIndirme\\20211111_090810"/>
         <property name="logFiles" value="C:\\Users\\DELL\\Documents\\GitHub\\EES_KatalonLogo\\Reports\\20211111_090730\\Suite Repository\\ExceleAktarVeTopluIndirme\\20211111_090810\\execution0.log, C:\\Users\\DELL\\Documents\\GitHub\\EES_KatalonLogo\\Reports\\20211111_090730\\Suite Repository\\ExceleAktarVeTopluIndirme\\20211111_090810\\execution1.log"/>
         <property name="attachments" value=""/>
         <property name="hostName" value="DELL - DESKTOP-QBVMTUG"/>
         <property name="os" value="Windows 10 64bit"/>
         <property name="katalonVersion" value="8.0.5.208"/>
         <property name="browser" value="Chrome 95.0.4638.69"/>
         <property name="hostAddress" value="192.168.1.18"/>
         <property name="sessionId" value="f5caf666abb863f6ff0f755d5bbb2b49"/>
         <property name="seleniumVersion" value="3.141.59"/>
         <property name="proxyInformation" value="ProxyInformation { proxyOption=NO_PROXY, proxyServerType=HTTP, username=, password=********, proxyServerAddress=, proxyServerPort=0, executionList=&quot;&quot;, isApplyToDesiredCapabilities=true }"/>
         <property name="platform" value="Windows 10"/>
      </properties>
      <testcase name="Test Cases/Case Repository/e-Fatura/Gelen Kutusu/Faturalar/Excele Aktar" time="69.283" classname="Test Cases/Case Repository/e-Fatura/Gelen Kutusu/Faturalar/Excele Aktar" status="PASSED">
         <system-out><![CDATA[2021-11-11 09:26:32 - [TEST_CASE][PASSED] - Test Cases/Case Repository/e-Fatura/Gelen Kutusu/Faturalar/Excele Aktar: Test Cases/Case Repository/e-Fatura/Gelen Kutusu/Faturalar/Excele Aktar

2021-11-11 09:26:32 - [TEST_STEP][PASSED] - Start listener action : sampleBeforeTestSuite: Invoke 'com.kms.katalon.core.annotation.BeforeTestCase' method: 'Listener.sampleBeforeTestSuite(...)' completed.

2021-11-11 09:26:32 - [MESSAGE][INFO] - Starting invoke 'com.kms.katalon.core.annotation.BeforeTestCase' method: 'Listener.sampleBeforeTestSuite(...)'

2021-11-11 09:26:32 - [TEST_STEP][PASSED] - openBrowser(baseUrl): Browser is opened with url: 'https://efatura-stage.elogo.com.tr/'

2021-11-11 09:26:34 - [MESSAGE][INFO] - Opening browser

2021-11-11 09:26:34 - [MESSAGE][INFO] - Starting 'Chrome' driver

2021-11-11 09:26:34 - [MESSAGE][INFO] - User set preference: ['prefs', '{download.default_directory=C:\otomasyondownfiles}']

2021-11-11 09:26:34 - [MESSAGE][INFO] - Action delay is set to 0 milliseconds

2021-11-11 09:26:37 - [MESSAGE][INFO] - Navigating browser to: 'https://efatura-stage.elogo.com.tr/'

2021-11-11 09:26:43 - [MESSAGE][PASSED] - Browser is opened with url: 'https://efatura-stage.elogo.com.tr/'

2021-11-11 09:26:43 - [TEST_STEP][PASSED] - maximizeWindow(): Invoke 'com.kms.katalon.core.annotation.BeforeTestCase' method: 'Listener.sampleBeforeTestSuite(...)' completed.

2021-11-11 09:26:43 - [MESSAGE][INFO] - Maximizing current window

2021-11-11 09:26:43 - [MESSAGE][PASSED] - Current window maximized

2021-11-11 09:26:43 - [MESSAGE][INFO] - Invoke 'com.kms.katalon.core.annotation.BeforeTestCase' method: 'Listener.sampleBeforeTestSuite(...)' completed.

2021-11-11 09:26:44 - [TEST_STEP][PASSED] - runFeatureFile("Include/features/e-Fatura/Gelen Kutusu/Faturalar/Excele Aktar.feature"): Feature file: 'Include/features/e-Fatura/Gelen Kutusu/Faturalar/Excele Aktar.feature' was passed

2021-11-11 09:26:44 - [MESSAGE][INFO] - Starting run keyword runFeatureFile: 'Include/features/e-Fatura/Gelen Kutusu/Faturalar/Excele Aktar.feature' and extract report to folder: 'C:\Users\DELL\Documents\GitHub\EES_KatalonLogo\Reports\20211111_090730\Suite Repository\ExceleAktarVeTopluIndirme\20211111_090810/cucumber_report/1636612004593'...

2021-11-11 09:26:44 - [MESSAGE][INFO] - Glue: []

2021-11-11 09:26:46 - [MESSAGE][INFO] - Checking called Test Case

2021-11-11 09:26:46 - [MESSAGE][INFO] - Starting to call Test Case 'Test Cases/Sayfalar/Giris_Sayfasi/Login'

2021-11-11 09:26:46 - [TEST_CASE][PASSED] - Test Cases/Sayfalar/Giris_Sayfasi/Login: Test Cases/Sayfalar/Giris_Sayfasi/Login

2021-11-11 09:26:47 - [TEST_STEP][PASSED] - Sayfa_Basligi = getWindowTitle(): Current window's title is: 'LOGO e-Fatura'

2021-11-11 09:26:47 - [MESSAGE][INFO] - Getting current window's title

2021-11-11 09:26:47 - [MESSAGE][PASSED] - Current window's title is: 'LOGO e-Fatura'

2021-11-11 09:26:47 - [TEST_STEP][PASSED] - verifyMatch(Sayfa_Basligi, "LOGO e-Fatura", false): Actual text 'LOGO e-Fatura' and expected text 'LOGO e-Fatura' are matched 

2021-11-11 09:26:47 - [MESSAGE][INFO] - Matching actual text 'LOGO e-Fatura' with expected text 'LOGO e-Fatura'

2021-11-11 09:26:47 - [MESSAGE][PASSED] - Actual text 'LOGO e-Fatura' and expected text 'LOGO e-Fatura' are matched 

2021-11-11 09:26:47 - [TEST_STEP][PASSED] - sendKeys(findTestObject("Sayfalar/Giris_Sayfasi/Firma_Kodu"), KullaniciAdi): Keys 'ELOGO6' sent to object: 'Object Repository/Sayfalar/Giris_Sayfasi/Firma_Kodu'

2021-11-11 09:26:47 - [MESSAGE][INFO] - Finding Test Object 'Object Repository/Sayfalar/Giris_Sayfasi/Firma_Kodu'

2021-11-11 09:26:47 - [MESSAGE][INFO] - Sending keys 'ELOGO6' to object: 'Object Repository/Sayfalar/Giris_Sayfasi/Firma_Kodu'

2021-11-11 09:26:47 - [MESSAGE][INFO] - Finding web element from Test Object's properties

2021-11-11 09:26:47 - [MESSAGE][INFO] - Checking timeout

2021-11-11 09:26:47 - [MESSAGE][INFO] - Finding web element with id: 'Object Repository/Sayfalar/Giris_Sayfasi/Firma_Kodu' located by 'By.xpath: //*[@id = 'AccountName']' in '30' second(s)

2021-11-11 09:26:47 - [MESSAGE][INFO] - Smart Wait Function is triggered

2021-11-11 09:26:48 - [MESSAGE][INFO] - Found 1 web elements with id: 'Object Repository/Sayfalar/Giris_Sayfasi/Firma_Kodu' located by 'By.xpath: //*[@id = 'AccountName']' in '30' second(s)

2021-11-11 09:26:48 - [MESSAGE][PASSED] - Keys 'ELOGO6' sent to object: 'Object Repository/Sayfalar/Giris_Sayfasi/Firma_Kodu'

2021-11-11 09:26:48 - [TEST_STEP][PASSED] - sendKeys(findTestObject("Sayfalar/Giris_Sayfasi/Sifre"), Sifre): Keys '123456' sent to object: 'Object Repository/Sayfalar/Giris_Sayfasi/Sifre'

2021-11-11 09:26:48 - [MESSAGE][INFO] - Finding Test Object 'Object Repository/Sayfalar/Giris_Sayfasi/Sifre'

2021-11-11 09:26:48 - [MESSAGE][INFO] - Sending keys '123456' to object: 'Object Repository/Sayfalar/Giris_Sayfasi/Sifre'

2021-11-11 09:26:48 - [MESSAGE][INFO] - Finding web element from Test Object's properties

2021-11-11 09:26:48 - [MESSAGE][INFO] - Checking timeout

2021-11-11 09:26:48 - [MESSAGE][INFO] - Finding web element with id: 'Object Repository/Sayfalar/Giris_Sayfasi/Sifre' located by 'By.xpath: //*[@id = 'Password']' in '30' second(s)

2021-11-11 09:26:48 - [MESSAGE][INFO] - Smart Wait Function is triggered

2021-11-11 09:26:48 - [MESSAGE][INFO] - Found 1 web elements with id: 'Object Repository/Sayfalar/Giris_Sayfasi/Sifre' located by 'By.xpath: //*[@id = 'Password']' in '30' second(s)

2021-11-11 09:26:48 - [MESSAGE][PASSED] - Keys '123456' sent to object: 'Object Repository/Sayfalar/Giris_Sayfasi/Sifre'

2021-11-11 09:26:48 - [TEST_STEP][PASSED] - findWebElement(findTestObject("Sayfalar/Giris_Sayfasi/Giris_Butonu")).click(): Found 1 web elements with id: 'Object Repository/Sayfalar/Giris_Sayfasi/Giris_Butonu' located by 'By.cssSelector: #btnLogin' in '30' second(s)

2021-11-11 09:26:48 - [MESSAGE][INFO] - Finding Test Object 'Object Repository/Sayfalar/Giris_Sayfasi/Giris_Butonu'

2021-11-11 09:26:48 - [MESSAGE][INFO] - Finding web element from Test Object's properties

2021-11-11 09:26:48 - [MESSAGE][INFO] - Checking timeout

2021-11-11 09:26:48 - [MESSAGE][INFO] - Finding web element with id: 'Object Repository/Sayfalar/Giris_Sayfasi/Giris_Butonu' located by 'By.cssSelector: #btnLogin' in '30' second(s)

2021-11-11 09:26:48 - [MESSAGE][INFO] - Smart Wait Function is triggered

2021-11-11 09:26:49 - [MESSAGE][INFO] - Found 1 web elements with id: 'Object Repository/Sayfalar/Giris_Sayfasi/Giris_Butonu' located by 'By.cssSelector: #btnLogin' in '30' second(s)

2021-11-11 09:26:51 - [TEST_STEP][PASSED] - if (verifyElementPresent(findTestObject("Object Repository/Sayfalar/Giris_Sayfasi/RetveTamam_Butonu"), 5, OPTIONAL)): null

2021-11-11 09:26:51 - [MESSAGE][INFO] - Finding Test Object 'Object Repository/Sayfalar/Giris_Sayfasi/RetveTamam_Butonu'

2021-11-11 09:26:51 - [MESSAGE][INFO] - Checking object

2021-11-11 09:26:51 - [MESSAGE][INFO] - Finding web element from Test Object's properties

2021-11-11 09:26:51 - [MESSAGE][INFO] - Checking timeout

2021-11-11 09:26:51 - [MESSAGE][INFO] - Finding web element with id: 'Object Repository/Sayfalar/Giris_Sayfasi/RetveTamam_Butonu' located by 'By.xpath: //*[@class = 'btn btn-default']' in '5' second(s)

2021-11-11 09:26:51 - [MESSAGE][INFO] - Smart Wait Function is triggered

2021-11-11 09:26:52 - [MESSAGE][INFO] - Found 1 web elements with id: 'Object Repository/Sayfalar/Giris_Sayfasi/RetveTamam_Butonu' located by 'By.xpath: //*[@class = 'btn btn-default']' in '5' second(s)

2021-11-11 09:26:52 - [MESSAGE][PASSED] - Object 'Object Repository/Sayfalar/Giris_Sayfasi/RetveTamam_Butonu' is present

2021-11-11 09:26:52 - [TEST_STEP][PASSED] - click(findTestObject("Object Repository/Sayfalar/Giris_Sayfasi/RetveTamam_Butonu")): Object: 'Object Repository/Sayfalar/Giris_Sayfasi/RetveTamam_Butonu' is clicked on

2021-11-11 09:26:52 - [MESSAGE][INFO] - Finding Test Object 'Object Repository/Sayfalar/Giris_Sayfasi/RetveTamam_Butonu'

2021-11-11 09:26:52 - [MESSAGE][INFO] - Checking object

2021-11-11 09:26:52 - [MESSAGE][INFO] - Finding web element from Test Object's properties

2021-11-11 09:26:52 - [MESSAGE][INFO] - Checking timeout

2021-11-11 09:26:52 - [MESSAGE][INFO] - Finding web element with id: 'Object Repository/Sayfalar/Giris_Sayfasi/RetveTamam_Butonu' located by 'By.xpath: //*[@class = 'btn btn-default']' in '30' second(s)

2021-11-11 09:26:52 - [MESSAGE][INFO] - Smart Wait Function is triggered

2021-11-11 09:26:52 - [MESSAGE][INFO] - Found 1 web elements with id: 'Object Repository/Sayfalar/Giris_Sayfasi/RetveTamam_Butonu' located by 'By.xpath: //*[@class = 'btn btn-default']' in '30' second(s)

2021-11-11 09:26:52 - [MESSAGE][INFO] - Clicking on object: 'Object Repository/Sayfalar/Giris_Sayfasi/RetveTamam_Butonu'

2021-11-11 09:26:52 - [MESSAGE][PASSED] - Object: 'Object Repository/Sayfalar/Giris_Sayfasi/RetveTamam_Butonu' is clicked on

2021-11-11 09:26:52 - [TEST_STEP][PASSED] - click(findTestObject("Object Repository/Sayfalar/Giris_Sayfasi/RetveTamam_Butonu")): Object: 'Object Repository/Sayfalar/Giris_Sayfasi/RetveTamam_Butonu' is clicked on

2021-11-11 09:26:52 - [MESSAGE][INFO] - Finding Test Object 'Object Repository/Sayfalar/Giris_Sayfasi/RetveTamam_Butonu'

2021-11-11 09:26:52 - [MESSAGE][INFO] - Checking object

2021-11-11 09:26:52 - [MESSAGE][INFO] - Finding web element from Test Object's properties

2021-11-11 09:26:52 - [MESSAGE][INFO] - Checking timeout

2021-11-11 09:26:52 - [MESSAGE][INFO] - Finding web element with id: 'Object Repository/Sayfalar/Giris_Sayfasi/RetveTamam_Butonu' located by 'By.xpath: //*[@class = 'btn btn-default']' in '30' second(s)

2021-11-11 09:26:52 - [MESSAGE][INFO] - Smart Wait Function is triggered

2021-11-11 09:26:56 - [MESSAGE][INFO] - Found 1 web elements with id: 'Object Repository/Sayfalar/Giris_Sayfasi/RetveTamam_Butonu' located by 'By.xpath: //*[@class = 'btn btn-default']' in '30' second(s)

2021-11-11 09:26:56 - [MESSAGE][INFO] - Clicking on object: 'Object Repository/Sayfalar/Giris_Sayfasi/RetveTamam_Butonu'

2021-11-11 09:26:56 - [MESSAGE][PASSED] - Object: 'Object Repository/Sayfalar/Giris_Sayfasi/RetveTamam_Butonu' is clicked on

2021-11-11 09:26:56 - [TEST_STEP][PASSED] - if (verifyElementPresent(findTestObject("Sayfalar/Giris_Sayfasi/PopupOK"), 5, OPTIONAL)): null

2021-11-11 09:26:56 - [MESSAGE][INFO] - Finding Test Object 'Object Repository/Sayfalar/Giris_Sayfasi/PopupOK'

2021-11-11 09:26:57 - [MESSAGE][INFO] - Checking object

2021-11-11 09:26:57 - [MESSAGE][INFO] - Finding web element from Test Object's properties

2021-11-11 09:26:57 - [MESSAGE][INFO] - Checking timeout

2021-11-11 09:26:57 - [MESSAGE][INFO] - Finding web element with id: 'Object Repository/Sayfalar/Giris_Sayfasi/PopupOK' located by 'By.cssSelector: .btn.btn-success' in '5' second(s)

2021-11-11 09:26:57 - [MESSAGE][INFO] - Smart Wait Function is triggered

2021-11-11 09:26:57 - [MESSAGE][INFO] - Found 1 web elements with id: 'Object Repository/Sayfalar/Giris_Sayfasi/PopupOK' located by 'By.cssSelector: .btn.btn-success' in '5' second(s)

2021-11-11 09:26:57 - [MESSAGE][PASSED] - Object 'Object Repository/Sayfalar/Giris_Sayfasi/PopupOK' is present

2021-11-11 09:26:57 - [TEST_STEP][PASSED] - click(findTestObject("Object Repository/Sayfalar/Giris_Sayfasi/PopupCarpiGiris")): Object: 'Object Repository/Sayfalar/Giris_Sayfasi/PopupCarpiGiris' is clicked on

2021-11-11 09:26:57 - [MESSAGE][INFO] - Finding Test Object 'Object Repository/Sayfalar/Giris_Sayfasi/PopupCarpiGiris'

2021-11-11 09:26:57 - [MESSAGE][INFO] - Checking object

2021-11-11 09:26:57 - [MESSAGE][INFO] - Finding web element from Test Object's properties

2021-11-11 09:26:57 - [MESSAGE][INFO] - Checking timeout

2021-11-11 09:26:57 - [MESSAGE][INFO] - Finding web element with id: 'Object Repository/Sayfalar/Giris_Sayfasi/PopupCarpiGiris' located by 'By.cssSelector: .bootbox-close-button.close' in '30' second(s)

2021-11-11 09:26:57 - [MESSAGE][INFO] - Smart Wait Function is triggered

2021-11-11 09:26:58 - [MESSAGE][INFO] - Found 1 web elements with id: 'Object Repository/Sayfalar/Giris_Sayfasi/PopupCarpiGiris' located by 'By.cssSelector: .bootbox-close-button.close' in '30' second(s)

2021-11-11 09:26:58 - [MESSAGE][INFO] - Clicking on object: 'Object Repository/Sayfalar/Giris_Sayfasi/PopupCarpiGiris'

2021-11-11 09:26:58 - [MESSAGE][PASSED] - Object: 'Object Repository/Sayfalar/Giris_Sayfasi/PopupCarpiGiris' is clicked on

2021-11-11 09:26:58 - [TEST_STEP][PASSED] - verifyElementVisible(findTestObject("Object Repository/Kullanici_Islemleri/KullaniciIslemleri")): Object 'Object Repository/Kullanici_Islemleri/KullaniciIslemleri' is visible

2021-11-11 09:26:58 - [MESSAGE][INFO] - Finding Test Object 'Object Repository/Kullanici_Islemleri/KullaniciIslemleri'

2021-11-11 09:26:58 - [MESSAGE][INFO] - Checking object

2021-11-11 09:26:58 - [MESSAGE][INFO] - Finding web element from Test Object's properties

2021-11-11 09:26:58 - [MESSAGE][INFO] - Checking timeout

2021-11-11 09:26:58 - [MESSAGE][INFO] - Finding web element with id: 'Object Repository/Kullanici_Islemleri/KullaniciIslemleri' located by 'By.cssSelector: .dropdown>a>img' in '30' second(s)

2021-11-11 09:26:58 - [MESSAGE][INFO] - Smart Wait Function is triggered

2021-11-11 09:26:58 - [MESSAGE][INFO] - Found 1 web elements with id: 'Object Repository/Kullanici_Islemleri/KullaniciIslemleri' located by 'By.cssSelector: .dropdown>a>img' in '30' second(s)

2021-11-11 09:26:59 - [MESSAGE][PASSED] - Object 'Object Repository/Kullanici_Islemleri/KullaniciIslemleri' is visible

2021-11-11 09:26:59 - [MESSAGE][PASSED] - Call Test Case 'Test Cases/Sayfalar/Giris_Sayfasi/Login' successfully

2021-11-11 09:26:59 - [MESSAGE][INFO] - Checking called Test Case

2021-11-11 09:26:59 - [MESSAGE][INFO] - Starting to call Test Case 'Test Cases/Menu/AnaMenuSecimi'

2021-11-11 09:26:59 - [TEST_CASE][PASSED] - Test Cases/Menu/AnaMenuSecimi: Test Cases/Menu/AnaMenuSecimi

2021-11-11 09:26:59 - [TEST_STEP][PASSED] - Method.TextDegerineEsitElementeTikla(findTestObject("Menu/Ana_Menu"), Ana_Menu): Method.TextDegerineEsitElementeTikla is PASSED

2021-11-11 09:26:59 - [MESSAGE][INFO] - Finding Test Object 'Object Repository/Menu/Ana_Menu'

2021-11-11 09:26:59 - [MESSAGE][INFO] - Checking timeout

2021-11-11 09:26:59 - [MESSAGE][INFO] - Finding web element with id: 'Object Repository/Menu/Ana_Menu' located by 'By.xpath: //*[@class = 'dropdown-toggle']' in '10' second(s)

2021-11-11 09:26:59 - [MESSAGE][INFO] - Smart Wait Function is triggered

2021-11-11 09:27:00 - [MESSAGE][INFO] - Found 14 web elements with id: 'Object Repository/Menu/Ana_Menu' located by 'By.xpath: //*[@class = 'dropdown-toggle']' in '10' second(s)

2021-11-11 09:27:00 - [MESSAGE][PASSED] - Method.TextDegerineEsitElementeTikla is PASSED

2021-11-11 09:27:00 - [MESSAGE][PASSED] - Call Test Case 'Test Cases/Menu/AnaMenuSecimi' successfully

2021-11-11 09:27:00 - [MESSAGE][INFO] - Checking called Test Case

2021-11-11 09:27:00 - [MESSAGE][INFO] - Starting to call Test Case 'Test Cases/Menu/BasligaGoreAltMenuSecimi'

2021-11-11 09:27:00 - [TEST_CASE][PASSED] - Test Cases/Menu/BasligaGoreAltMenuSecimi: Test Cases/Menu/BasligaGoreAltMenuSecimi

2021-11-11 09:27:01 - [TEST_STEP][PASSED] - Method.TextDegerineEsitElementinAltindakiTextDegerineEsitOlanaTikla(findTestObject("Menu/Menu_Basligi"), findTestObject("Menu/Basliga_Gore_Alt_Menu"), Baslik, Alt_Menu): Method.TextDegerineEsitElementinAltindakiTextDegerineEsitOlanaTikla is PASSED

2021-11-11 09:27:01 - [MESSAGE][INFO] - Finding Test Object 'Object Repository/Menu/Menu_Basligi'

2021-11-11 09:27:01 - [MESSAGE][INFO] - Finding Test Object 'Object Repository/Menu/Basliga_Gore_Alt_Menu'

2021-11-11 09:27:01 - [MESSAGE][INFO] - Checking timeout

2021-11-11 09:27:01 - [MESSAGE][INFO] - Finding web element with id: 'Object Repository/Menu/Menu_Basligi' located by 'By.xpath: //li[@class='dropdown dropdown-large open']//li[@class='dropdown-header']' in '10' second(s)

2021-11-11 09:27:01 - [MESSAGE][INFO] - Smart Wait Function is triggered

2021-11-11 09:27:01 - [MESSAGE][INFO] - Found 3 web elements with id: 'Object Repository/Menu/Menu_Basligi' located by 'By.xpath: //li[@class='dropdown dropdown-large open']//li[@class='dropdown-header']' in '10' second(s)

2021-11-11 09:27:01 - [MESSAGE][INFO] - Smart Wait Function is triggered

2021-11-11 09:27:04 - [MESSAGE][PASSED] - Method.TextDegerineEsitElementinAltindakiTextDegerineEsitOlanaTikla is PASSED

2021-11-11 09:27:04 - [MESSAGE][PASSED] - Call Test Case 'Test Cases/Menu/BasligaGoreAltMenuSecimi' successfully

2021-11-11 09:27:04 - [MESSAGE][INFO] - Checking called Test Case

2021-11-11 09:27:04 - [MESSAGE][INFO] - Starting to call Test Case 'Test Cases/Filtreler/BaslangicYaz'

2021-11-11 09:27:04 - [TEST_CASE][PASSED] - Test Cases/Filtreler/BaslangicYaz: Test Cases/Filtreler/BaslangicYaz

2021-11-11 09:27:05 - [TEST_STEP][PASSED] - Method.TextDegerineEsitElementinAltindakineTikla(findTestObject("Filtreler/Basliklar"), findTestObject("Filtreler/Basliga_Gore_Baslangic_Image"), Filtre_Adi): Method.TextDegerineEsitElementinAltindakineTikla is PASSED

2021-11-11 09:27:05 - [MESSAGE][INFO] - Finding Test Object 'Object Repository/Filtreler/Basliklar'

2021-11-11 09:27:05 - [MESSAGE][INFO] - Finding Test Object 'Object Repository/Filtreler/Basliga_Gore_Baslangic_Image'

2021-11-11 09:27:06 - [MESSAGE][INFO] - Checking timeout

2021-11-11 09:27:06 - [MESSAGE][INFO] - Finding web element with id: 'Object Repository/Filtreler/Basliklar' located by 'By.cssSelector: .control-label.col-sm-4.paddingMarginRLC' in '10' second(s)

2021-11-11 09:27:06 - [MESSAGE][INFO] - Smart Wait Function is triggered

2021-11-11 09:27:06 - [MESSAGE][INFO] - Found 19 web elements with id: 'Object Repository/Filtreler/Basliklar' located by 'By.cssSelector: .control-label.col-sm-4.paddingMarginRLC' in '10' second(s)

2021-11-11 09:27:06 - [MESSAGE][INFO] - Smart Wait Function is triggered

2021-11-11 09:27:06 - [MESSAGE][PASSED] - Method.TextDegerineEsitElementinAltindakineTikla is PASSED

2021-11-11 09:27:06 - [TEST_STEP][PASSED] - Method.TextDegerineEsitElementinAltindakiTextboxtaYaz(findTestObject("Filtreler/Basliklar"), findTestObject("Filtreler/Basliga_Gore_Baslangic"), Filtre_Adi, Filtre_Degeri): Method.TextDegerineEsitElementinAltindakiTextboxtaYaz is PASSED

2021-11-11 09:27:06 - [MESSAGE][INFO] - Finding Test Object 'Object Repository/Filtreler/Basliklar'

2021-11-11 09:27:06 - [MESSAGE][INFO] - Finding Test Object 'Object Repository/Filtreler/Basliga_Gore_Baslangic'

2021-11-11 09:27:07 - [MESSAGE][INFO] - Checking timeout

2021-11-11 09:27:07 - [MESSAGE][INFO] - Finding web element with id: 'Object Repository/Filtreler/Basliklar' located by 'By.cssSelector: .control-label.col-sm-4.paddingMarginRLC' in '10' second(s)

2021-11-11 09:27:07 - [MESSAGE][INFO] - Smart Wait Function is triggered

2021-11-11 09:27:07 - [MESSAGE][INFO] - Found 19 web elements with id: 'Object Repository/Filtreler/Basliklar' located by 'By.cssSelector: .control-label.col-sm-4.paddingMarginRLC' in '10' second(s)

2021-11-11 09:27:07 - [MESSAGE][INFO] - Smart Wait Function is triggered

2021-11-11 09:27:07 - [MESSAGE][PASSED] - Method.TextDegerineEsitElementinAltindakiTextboxtaYaz is PASSED

2021-11-11 09:27:07 - [MESSAGE][PASSED] - Call Test Case 'Test Cases/Filtreler/BaslangicYaz' successfully

2021-11-11 09:27:07 - [MESSAGE][INFO] - Checking called Test Case

2021-11-11 09:27:07 - [MESSAGE][INFO] - Starting to call Test Case 'Test Cases/Filtreler/BitisYaz'

2021-11-11 09:27:07 - [TEST_CASE][PASSED] - Test Cases/Filtreler/BitisYaz: Test Cases/Filtreler/BitisYaz

2021-11-11 09:27:08 - [TEST_STEP][PASSED] - Method.TextDegerineEsitElementinAltindakineTikla(findTestObject("Filtreler/Basliklar"), findTestObject("Filtreler/Basliga_Gore_Bitis_Image"), Filtre_Adi): Method.TextDegerineEsitElementinAltindakineTikla is PASSED

2021-11-11 09:27:08 - [MESSAGE][INFO] - Finding Test Object 'Object Repository/Filtreler/Basliklar'

2021-11-11 09:27:08 - [MESSAGE][INFO] - Finding Test Object 'Object Repository/Filtreler/Basliga_Gore_Bitis_Image'

2021-11-11 09:27:08 - [MESSAGE][INFO] - Checking timeout

2021-11-11 09:27:08 - [MESSAGE][INFO] - Finding web element with id: 'Object Repository/Filtreler/Basliklar' located by 'By.cssSelector: .control-label.col-sm-4.paddingMarginRLC' in '10' second(s)

2021-11-11 09:27:08 - [MESSAGE][INFO] - Smart Wait Function is triggered

2021-11-11 09:27:08 - [MESSAGE][INFO] - Found 19 web elements with id: 'Object Repository/Filtreler/Basliklar' located by 'By.cssSelector: .control-label.col-sm-4.paddingMarginRLC' in '10' second(s)

2021-11-11 09:27:08 - [MESSAGE][INFO] - Smart Wait Function is triggered

2021-11-11 09:27:09 - [MESSAGE][PASSED] - Method.TextDegerineEsitElementinAltindakineTikla is PASSED

2021-11-11 09:27:09 - [TEST_STEP][PASSED] - Method.TextDegerineEsitElementinAltindakiTextboxtaYaz(findTestObject("Filtreler/Basliklar"), findTestObject("Object Repository/Filtreler/Basliga_Gore_Bitis"), Filtre_Adi, Filtre_Degeri): Method.TextDegerineEsitElementinAltindakiTextboxtaYaz is PASSED

2021-11-11 09:27:09 - [MESSAGE][INFO] - Finding Test Object 'Object Repository/Filtreler/Basliklar'

2021-11-11 09:27:09 - [MESSAGE][INFO] - Finding Test Object 'Object Repository/Filtreler/Basliga_Gore_Bitis'

2021-11-11 09:27:09 - [MESSAGE][INFO] - Checking timeout

2021-11-11 09:27:09 - [MESSAGE][INFO] - Finding web element with id: 'Object Repository/Filtreler/Basliklar' located by 'By.cssSelector: .control-label.col-sm-4.paddingMarginRLC' in '10' second(s)

2021-11-11 09:27:09 - [MESSAGE][INFO] - Smart Wait Function is triggered

2021-11-11 09:27:09 - [MESSAGE][INFO] - Found 19 web elements with id: 'Object Repository/Filtreler/Basliklar' located by 'By.cssSelector: .control-label.col-sm-4.paddingMarginRLC' in '10' second(s)

2021-11-11 09:27:09 - [MESSAGE][INFO] - Smart Wait Function is triggered

2021-11-11 09:27:10 - [MESSAGE][PASSED] - Method.TextDegerineEsitElementinAltindakiTextboxtaYaz is PASSED

2021-11-11 09:27:10 - [MESSAGE][PASSED] - Call Test Case 'Test Cases/Filtreler/BitisYaz' successfully

2021-11-11 09:27:10 - [MESSAGE][INFO] - Checking called Test Case

2021-11-11 09:27:10 - [MESSAGE][INFO] - Starting to call Test Case 'Test Cases/Filtreler/TexboxaYaz'

2021-11-11 09:27:10 - [TEST_CASE][PASSED] - Test Cases/Filtreler/TexboxaYaz: Test Cases/Filtreler/TexboxaYaz

2021-11-11 09:27:10 - [TEST_STEP][PASSED] - Method.TextDegerineEsitElementinAltindakiTextboxtaYaz(findTestObject("Filtreler/Basliklar"), findTestObject("Filtreler/Basliga_Gore_Textbox"), Filtre_Adi, Filtre_Degeri): Method.TextDegerineEsitElementinAltindakiTextboxtaYaz is PASSED

2021-11-11 09:27:10 - [MESSAGE][INFO] - Finding Test Object 'Object Repository/Filtreler/Basliklar'

2021-11-11 09:27:10 - [MESSAGE][INFO] - Finding Test Object 'Object Repository/Filtreler/Basliga_Gore_Textbox'

2021-11-11 09:27:10 - [MESSAGE][INFO] - Checking timeout

2021-11-11 09:27:10 - [MESSAGE][INFO] - Finding web element with id: 'Object Repository/Filtreler/Basliklar' located by 'By.cssSelector: .control-label.col-sm-4.paddingMarginRLC' in '10' second(s)

2021-11-11 09:27:10 - [MESSAGE][INFO] - Smart Wait Function is triggered

2021-11-11 09:27:11 - [MESSAGE][INFO] - Found 19 web elements with id: 'Object Repository/Filtreler/Basliklar' located by 'By.cssSelector: .control-label.col-sm-4.paddingMarginRLC' in '10' second(s)

2021-11-11 09:27:11 - [MESSAGE][INFO] - Smart Wait Function is triggered

2021-11-11 09:27:11 - [MESSAGE][PASSED] - Method.TextDegerineEsitElementinAltindakiTextboxtaYaz is PASSED

2021-11-11 09:27:11 - [MESSAGE][PASSED] - Call Test Case 'Test Cases/Filtreler/TexboxaYaz' successfully

2021-11-11 09:27:11 - [MESSAGE][INFO] - Checking called Test Case

2021-11-11 09:27:11 - [MESSAGE][INFO] - Starting to call Test Case 'Test Cases/Filtreler/ButonaTikla'

2021-11-11 09:27:11 - [TEST_CASE][PASSED] - Test Cases/Filtreler/ButonaTikla: Test Cases/Filtreler/ButonaTikla

2021-11-11 09:27:12 - [TEST_STEP][PASSED] - Method.TextDegerineEsitElementeTikla(findTestObject("Filtreler/Butonlar"), Filtre_Buton): Method.TextDegerineEsitElementeTikla is PASSED

2021-11-11 09:27:12 - [MESSAGE][INFO] - Finding Test Object 'Object Repository/Filtreler/Butonlar'

2021-11-11 09:27:12 - [MESSAGE][INFO] - Checking timeout

2021-11-11 09:27:12 - [MESSAGE][INFO] - Finding web element with id: 'Object Repository/Filtreler/Butonlar' located by 'By.cssSelector: .dxb>span' in '10' second(s)

2021-11-11 09:27:12 - [MESSAGE][INFO] - Smart Wait Function is triggered

2021-11-11 09:27:12 - [MESSAGE][INFO] - Found 3 web elements with id: 'Object Repository/Filtreler/Butonlar' located by 'By.cssSelector: .dxb>span' in '10' second(s)

2021-11-11 09:27:12 - [MESSAGE][PASSED] - Method.TextDegerineEsitElementeTikla is PASSED

2021-11-11 09:27:12 - [MESSAGE][PASSED] - Call Test Case 'Test Cases/Filtreler/ButonaTikla' successfully

2021-11-11 09:27:12 - [MESSAGE][INFO] - Checking called Test Case

2021-11-11 09:27:12 - [MESSAGE][INFO] - Starting to call Test Case 'Test Cases/Tablo/TablodaVeriVarMi'

2021-11-11 09:27:12 - [TEST_CASE][PASSED] - Test Cases/Tablo/TablodaVeriVarMi: Test Cases/Tablo/TablodaVeriVarMi

2021-11-11 09:27:13 - [TEST_STEP][PASSED] - verifyTextNotPresent("Görüntülenecek veri yok", true): Text 'Görüntülenecek veri yok' is not present on page using regular expression

2021-11-11 09:27:13 - [MESSAGE][INFO] - Checking text present  using regular expression

2021-11-11 09:27:13 - [MESSAGE][INFO] - Smart Wait Function is triggered

2021-11-11 09:27:13 - [MESSAGE][INFO] - Finding text 'Görüntülenecek veri yok' on page  using regular expression

2021-11-11 09:27:13 - [MESSAGE][PASSED] - Text 'Görüntülenecek veri yok' is not present on page using regular expression

2021-11-11 09:27:13 - [MESSAGE][PASSED] - Call Test Case 'Test Cases/Tablo/TablodaVeriVarMi' successfully

2021-11-11 09:27:13 - [MESSAGE][INFO] - Checking called Test Case

2021-11-11 09:27:13 - [MESSAGE][INFO] - Starting to call Test Case 'Test Cases/Tablo/TablodanVeriSec'

2021-11-11 09:27:13 - [TEST_CASE][PASSED] - Test Cases/Tablo/TablodanVeriSec: Test Cases/Tablo/TablodanVeriSec

2021-11-11 09:27:14 - [TEST_STEP][PASSED] - Method.TextDegerineEsitElementinAltindakineTikla(findTestObject("Tablo/Veriler"), findTestObject("Tablo/VerininCheckBoxi"), Veri_Adi): Method.TextDegerineEsitElementinAltindakineTikla is PASSED

2021-11-11 09:27:14 - [MESSAGE][INFO] - Finding Test Object 'Object Repository/Tablo/Veriler'

2021-11-11 09:27:14 - [MESSAGE][INFO] - Finding Test Object 'Object Repository/Tablo/VerininCheckBoxi'

2021-11-11 09:27:14 - [MESSAGE][INFO] - Checking timeout

2021-11-11 09:27:14 - [MESSAGE][INFO] - Finding web element with id: 'Object Repository/Tablo/Veriler' located by 'By.cssSelector: td.dxgv b ,td.dxgv' in '10' second(s)

2021-11-11 09:27:14 - [MESSAGE][INFO] - Smart Wait Function is triggered

2021-11-11 09:27:14 - [MESSAGE][INFO] - Found 140 web elements with id: 'Object Repository/Tablo/Veriler' located by 'By.cssSelector: td.dxgv b ,td.dxgv' in '10' second(s)

2021-11-11 09:27:14 - [MESSAGE][INFO] - Smart Wait Function is triggered

2021-11-11 09:27:15 - [MESSAGE][PASSED] - Method.TextDegerineEsitElementinAltindakineTikla is PASSED

2021-11-11 09:27:15 - [MESSAGE][PASSED] - Call Test Case 'Test Cases/Tablo/TablodanVeriSec' successfully

2021-11-11 09:27:15 - [MESSAGE][INFO] - Checking called Test Case

2021-11-11 09:27:15 - [MESSAGE][INFO] - Starting to call Test Case 'Test Cases/Butonlar/ButonaTikla'

2021-11-11 09:27:15 - [TEST_CASE][PASSED] - Test Cases/Butonlar/ButonaTikla: Test Cases/Butonlar/ButonaTikla

2021-11-11 09:27:15 - [TEST_STEP][PASSED] - Method.TextDegerineEsitElementeTiklaEquals(findTestObject("Butonlar/Butonlar"), Buton_Adi): Method.TextDegerineEsitElementeTiklaEquals is PASSED

2021-11-11 09:27:15 - [MESSAGE][INFO] - Finding Test Object 'Object Repository/Butonlar/Butonlar'

2021-11-11 09:27:15 - [MESSAGE][INFO] - Checking timeout

2021-11-11 09:27:15 - [MESSAGE][INFO] - Finding web element with id: 'Object Repository/Butonlar/Butonlar' located by 'By.cssSelector: .panel.panel-default.text-center.footerPanel .btn,.btn.btn-primary.btnControls' in '10' second(s)

2021-11-11 09:27:15 - [MESSAGE][INFO] - Smart Wait Function is triggered

2021-11-11 09:27:16 - [MESSAGE][INFO] - Found 15 web elements with id: 'Object Repository/Butonlar/Butonlar' located by 'By.cssSelector: .panel.panel-default.text-center.footerPanel .btn,.btn.btn-primary.btnControls' in '10' second(s)

2021-11-11 09:27:16 - [MESSAGE][PASSED] - Method.TextDegerineEsitElementeTiklaEquals is PASSED

2021-11-11 09:27:16 - [MESSAGE][PASSED] - Call Test Case 'Test Cases/Butonlar/ButonaTikla' successfully

2021-11-11 09:27:16 - [MESSAGE][INFO] - Checking called Test Case

2021-11-11 09:27:16 - [MESSAGE][INFO] - Starting to call Test Case 'Test Cases/Butonlar/AltButonaTikla'

2021-11-11 09:27:16 - [TEST_CASE][PASSED] - Test Cases/Butonlar/AltButonaTikla: Test Cases/Butonlar/AltButonaTikla

2021-11-11 09:27:16 - [TEST_STEP][PASSED] - Method.TextDegerineEsitElementeTikla(findTestObject("Butonlar/AltButonlar"), Alt_Buton): Method.TextDegerineEsitElementeTikla is PASSED

2021-11-11 09:27:16 - [MESSAGE][INFO] - Finding Test Object 'Object Repository/Butonlar/AltButonlar'

2021-11-11 09:27:17 - [MESSAGE][INFO] - Checking timeout

2021-11-11 09:27:17 - [MESSAGE][INFO] - Finding web element with id: 'Object Repository/Butonlar/AltButonlar' located by 'By.cssSelector: .btn-group.open li>a' in '10' second(s)

2021-11-11 09:27:17 - [MESSAGE][INFO] - Smart Wait Function is triggered

2021-11-11 09:27:17 - [MESSAGE][INFO] - Found 2 web elements with id: 'Object Repository/Butonlar/AltButonlar' located by 'By.cssSelector: .btn-group.open li>a' in '10' second(s)

2021-11-11 09:27:17 - [MESSAGE][PASSED] - Method.TextDegerineEsitElementeTikla is PASSED

2021-11-11 09:27:17 - [MESSAGE][PASSED] - Call Test Case 'Test Cases/Butonlar/AltButonaTikla' successfully

2021-11-11 09:27:17 - [MESSAGE][INFO] - Checking called Test Case

2021-11-11 09:27:17 - [MESSAGE][INFO] - Starting to call Test Case 'Test Cases/Popup/PopupMesajiIceriyorMu'

2021-11-11 09:27:17 - [TEST_CASE][PASSED] - Test Cases/Popup/PopupMesajiIceriyorMu: Test Cases/Popup/PopupMesajiIceriyorMu

2021-11-11 09:27:18 - [TEST_STEP][PASSED] - waitForElementVisible(findTestObject("Popup/Popup"), 10): Object 'Object Repository/Popup/Popup' is visible

2021-11-11 09:27:18 - [MESSAGE][INFO] - Finding Test Object 'Object Repository/Popup/Popup'

2021-11-11 09:27:18 - [MESSAGE][INFO] - Checking object

2021-11-11 09:27:18 - [MESSAGE][INFO] - Checking timeout

2021-11-11 09:27:18 - [MESSAGE][INFO] - Finding web element from Test Object's properties

2021-11-11 09:27:18 - [MESSAGE][INFO] - Checking timeout

2021-11-11 09:27:18 - [MESSAGE][INFO] - Finding web element with id: 'Object Repository/Popup/Popup' located by 'By.cssSelector: .bootbox-body' in '10' second(s)

2021-11-11 09:27:18 - [MESSAGE][INFO] - Smart Wait Function is triggered

2021-11-11 09:27:18 - [MESSAGE][INFO] - Found 1 web elements with id: 'Object Repository/Popup/Popup' located by 'By.cssSelector: .bootbox-body' in '10' second(s)

2021-11-11 09:27:18 - [MESSAGE][PASSED] - Object 'Object Repository/Popup/Popup' is visible

2021-11-11 09:27:18 - [TEST_STEP][PASSED] - if (!(getText(findTestObject("Popup/Popup")).contains(Mesaj))): Text of object 'Object Repository/Popup/Popup' is: 'Lütfen rapor bildiriminin gönderileceği e-posta adresini belirtiniz.
e-Posta Adresi'

2021-11-11 09:27:18 - [MESSAGE][INFO] - Finding Test Object 'Object Repository/Popup/Popup'

2021-11-11 09:27:18 - [MESSAGE][INFO] - Checking object

2021-11-11 09:27:18 - [MESSAGE][INFO] - Finding web element from Test Object's properties

2021-11-11 09:27:18 - [MESSAGE][INFO] - Checking timeout

2021-11-11 09:27:18 - [MESSAGE][INFO] - Finding web element with id: 'Object Repository/Popup/Popup' located by 'By.cssSelector: .bootbox-body' in '30' second(s)

2021-11-11 09:27:18 - [MESSAGE][INFO] - Smart Wait Function is triggered

2021-11-11 09:27:18 - [MESSAGE][INFO] - Found 1 web elements with id: 'Object Repository/Popup/Popup' located by 'By.cssSelector: .bootbox-body' in '30' second(s)

2021-11-11 09:27:18 - [MESSAGE][INFO] - Getting text of object 'Object Repository/Popup/Popup'

2021-11-11 09:27:18 - [MESSAGE][PASSED] - Text of object 'Object Repository/Popup/Popup' is: 'Lütfen rapor bildiriminin gönderileceği e-posta adresini belirtiniz.
e-Posta Adresi'

2021-11-11 09:27:18 - [TEST_STEP][PASSED] - RaporNo = getText(findTestObject("Popup/Popup")).substring(0, 6): Text of object 'Object Repository/Popup/Popup' is: 'Lütfen rapor bildiriminin gönderileceği e-posta adresini belirtiniz.
e-Posta Adresi'

2021-11-11 09:27:18 - [MESSAGE][INFO] - Finding Test Object 'Object Repository/Popup/Popup'

2021-11-11 09:27:18 - [MESSAGE][INFO] - Checking object

2021-11-11 09:27:18 - [MESSAGE][INFO] - Finding web element from Test Object's properties

2021-11-11 09:27:18 - [MESSAGE][INFO] - Checking timeout

2021-11-11 09:27:18 - [MESSAGE][INFO] - Finding web element with id: 'Object Repository/Popup/Popup' located by 'By.cssSelector: .bootbox-body' in '30' second(s)

2021-11-11 09:27:18 - [MESSAGE][INFO] - Smart Wait Function is triggered

2021-11-11 09:27:19 - [MESSAGE][INFO] - Found 1 web elements with id: 'Object Repository/Popup/Popup' located by 'By.cssSelector: .bootbox-body' in '30' second(s)

2021-11-11 09:27:19 - [MESSAGE][INFO] - Getting text of object 'Object Repository/Popup/Popup'

2021-11-11 09:27:19 - [MESSAGE][PASSED] - Text of object 'Object Repository/Popup/Popup' is: 'Lütfen rapor bildiriminin gönderileceği e-posta adresini belirtiniz.
e-Posta Adresi'

2021-11-11 09:27:19 - [TEST_STEP][PASSED] - Console.println(RaporNo): null

2021-11-11 09:27:19 - [MESSAGE][PASSED] - Call Test Case 'Test Cases/Popup/PopupMesajiIceriyorMu' successfully

2021-11-11 09:27:19 - [MESSAGE][INFO] - Checking called Test Case

2021-11-11 09:27:19 - [MESSAGE][INFO] - Starting to call Test Case 'Test Cases/Popup/PopupaEmailEklenir'

2021-11-11 09:27:19 - [TEST_CASE][PASSED] - Test Cases/Popup/PopupaEmailEklenir: Test Cases/Popup/PopupaEmailEklenir

2021-11-11 09:27:19 - [TEST_STEP][PASSED] - clearText(findTestObject("Popup/EmailText")): Text of object 'Object Repository/Popup/EmailText' is cleared

2021-11-11 09:27:19 - [MESSAGE][INFO] - Finding Test Object 'Object Repository/Popup/EmailText'

2021-11-11 09:27:20 - [MESSAGE][INFO] - Checking object

2021-11-11 09:27:20 - [MESSAGE][INFO] - Finding web element from Test Object's properties

2021-11-11 09:27:20 - [MESSAGE][INFO] - Checking timeout

2021-11-11 09:27:20 - [MESSAGE][INFO] - Finding web element with id: 'Object Repository/Popup/EmailText' located by 'By.xpath: //*[@id="eMails"]' in '30' second(s)

2021-11-11 09:27:20 - [MESSAGE][INFO] - Smart Wait Function is triggered

2021-11-11 09:27:20 - [MESSAGE][INFO] - Found 1 web elements with id: 'Object Repository/Popup/EmailText' located by 'By.xpath: //*[@id="eMails"]' in '30' second(s)

2021-11-11 09:27:20 - [MESSAGE][INFO] - Clearing text of object 'Object Repository/Popup/EmailText'

2021-11-11 09:27:20 - [MESSAGE][PASSED] - Text of object 'Object Repository/Popup/EmailText' is cleared

2021-11-11 09:27:20 - [TEST_STEP][PASSED] - sendKeys(findTestObject("Popup/EmailText"), Email): Keys 'elogotest@gmail.com;ali.kara@logo.com.tr' sent to object: 'Object Repository/Popup/EmailText'

2021-11-11 09:27:20 - [MESSAGE][INFO] - Finding Test Object 'Object Repository/Popup/EmailText'

2021-11-11 09:27:20 - [MESSAGE][INFO] - Sending keys 'elogotest@gmail.com;ali.kara@logo.com.tr' to object: 'Object Repository/Popup/EmailText'

2021-11-11 09:27:20 - [MESSAGE][INFO] - Finding web element from Test Object's properties

2021-11-11 09:27:20 - [MESSAGE][INFO] - Checking timeout

2021-11-11 09:27:20 - [MESSAGE][INFO] - Finding web element with id: 'Object Repository/Popup/EmailText' located by 'By.xpath: //*[@id="eMails"]' in '30' second(s)

2021-11-11 09:27:20 - [MESSAGE][INFO] - Smart Wait Function is triggered

2021-11-11 09:27:20 - [MESSAGE][INFO] - Found 1 web elements with id: 'Object Repository/Popup/EmailText' located by 'By.xpath: //*[@id="eMails"]' in '30' second(s)

2021-11-11 09:27:20 - [MESSAGE][PASSED] - Keys 'elogotest@gmail.com;ali.kara@logo.com.tr' sent to object: 'Object Repository/Popup/EmailText'

2021-11-11 09:27:20 - [MESSAGE][PASSED] - Call Test Case 'Test Cases/Popup/PopupaEmailEklenir' successfully

2021-11-11 09:27:20 - [MESSAGE][INFO] - Checking called Test Case

2021-11-11 09:27:20 - [MESSAGE][INFO] - Starting to call Test Case 'Test Cases/Popup/PopupButonSecilir'

2021-11-11 09:27:20 - [TEST_CASE][PASSED] - Test Cases/Popup/PopupButonSecilir: Test Cases/Popup/PopupButonSecilir

2021-11-11 09:27:21 - [TEST_STEP][PASSED] - Method.TextDegerineEsitElementeTikla(findTestObject("Popup/Popup_Butons"), Buton): Method.TextDegerineEsitElementeTikla is PASSED

2021-11-11 09:27:21 - [MESSAGE][INFO] - Finding Test Object 'Object Repository/Popup/Popup_Butons'

2021-11-11 09:27:21 - [MESSAGE][INFO] - Checking timeout

2021-11-11 09:27:21 - [MESSAGE][INFO] - Finding web element with id: 'Object Repository/Popup/Popup_Butons' located by 'By.cssSelector: .modal-footer>button' in '10' second(s)

2021-11-11 09:27:21 - [MESSAGE][INFO] - Smart Wait Function is triggered

2021-11-11 09:27:22 - [MESSAGE][INFO] - Found 2 web elements with id: 'Object Repository/Popup/Popup_Butons' located by 'By.cssSelector: .modal-footer>button' in '10' second(s)

2021-11-11 09:27:22 - [MESSAGE][PASSED] - Method.TextDegerineEsitElementeTikla is PASSED

2021-11-11 09:27:22 - [MESSAGE][PASSED] - Call Test Case 'Test Cases/Popup/PopupButonSecilir' successfully

2021-11-11 09:27:22 - [MESSAGE][INFO] - Checking called Test Case

2021-11-11 09:27:22 - [MESSAGE][INFO] - Starting to call Test Case 'Test Cases/Popup/PopupMesajiIceriyorMu'

2021-11-11 09:27:22 - [TEST_CASE][PASSED] - Test Cases/Popup/PopupMesajiIceriyorMu: Test Cases/Popup/PopupMesajiIceriyorMu

2021-11-11 09:27:22 - [TEST_STEP][PASSED] - waitForElementVisible(findTestObject("Popup/Popup"), 10): Object 'Object Repository/Popup/Popup' is visible

2021-11-11 09:27:22 - [MESSAGE][INFO] - Finding Test Object 'Object Repository/Popup/Popup'

2021-11-11 09:27:22 - [MESSAGE][INFO] - Checking object

2021-11-11 09:27:22 - [MESSAGE][INFO] - Checking timeout

2021-11-11 09:27:22 - [MESSAGE][INFO] - Finding web element from Test Object's properties

2021-11-11 09:27:22 - [MESSAGE][INFO] - Checking timeout

2021-11-11 09:27:22 - [MESSAGE][INFO] - Finding web element with id: 'Object Repository/Popup/Popup' located by 'By.cssSelector: .bootbox-body' in '10' second(s)

2021-11-11 09:27:22 - [MESSAGE][INFO] - Smart Wait Function is triggered

2021-11-11 09:27:23 - [MESSAGE][INFO] - Found 1 web elements with id: 'Object Repository/Popup/Popup' located by 'By.cssSelector: .bootbox-body' in '10' second(s)

2021-11-11 09:27:23 - [MESSAGE][PASSED] - Object 'Object Repository/Popup/Popup' is visible

2021-11-11 09:27:23 - [TEST_STEP][PASSED] - if (!(getText(findTestObject("Popup/Popup")).contains(Mesaj))): Text of object 'Object Repository/Popup/Popup' is: '16229 no’lu talebiniz işleme alınmıştır. Raporunuz hazırlandığında (elogotest@gmail.com;ali.kara@logo.com.tr) adresinize mail gönderilecektir.
Rapor durumunuzu Raporlar > Toplu Veri İndirme ekranından takip edebilir, hazırlandı durumundaki raporlarınızı ilgili menüden indirebilirsiniz.'

2021-11-11 09:27:23 - [MESSAGE][INFO] - Finding Test Object 'Object Repository/Popup/Popup'

2021-11-11 09:27:23 - [MESSAGE][INFO] - Checking object

2021-11-11 09:27:23 - [MESSAGE][INFO] - Finding web element from Test Object's properties

2021-11-11 09:27:23 - [MESSAGE][INFO] - Checking timeout

2021-11-11 09:27:23 - [MESSAGE][INFO] - Finding web element with id: 'Object Repository/Popup/Popup' located by 'By.cssSelector: .bootbox-body' in '30' second(s)

2021-11-11 09:27:23 - [MESSAGE][INFO] - Smart Wait Function is triggered

2021-11-11 09:27:23 - [MESSAGE][INFO] - Found 1 web elements with id: 'Object Repository/Popup/Popup' located by 'By.cssSelector: .bootbox-body' in '30' second(s)

2021-11-11 09:27:23 - [MESSAGE][INFO] - Getting text of object 'Object Repository/Popup/Popup'

2021-11-11 09:27:23 - [MESSAGE][PASSED] - Text of object 'Object Repository/Popup/Popup' is: '16229 no’lu talebiniz işleme alınmıştır. Raporunuz hazırlandığında (elogotest@gmail.com;ali.kara@logo.com.tr) adresinize mail gönderilecektir.
Rapor durumunuzu Raporlar > Toplu Veri İndirme ekranından takip edebilir, hazırlandı durumundaki raporlarınızı ilgili menüden indirebilirsiniz.'

2021-11-11 09:27:23 - [TEST_STEP][PASSED] - RaporNo = getText(findTestObject("Popup/Popup")).substring(0, 6): Text of object 'Object Repository/Popup/Popup' is: '16229 no’lu talebiniz işleme alınmıştır. Raporunuz hazırlandığında (elogotest@gmail.com;ali.kara@logo.com.tr) adresinize mail gönderilecektir.
Rapor durumunuzu Raporlar > Toplu Veri İndirme ekranından takip edebilir, hazırlandı durumundaki raporlarınızı ilgili menüden indirebilirsiniz.'

2021-11-11 09:27:23 - [MESSAGE][INFO] - Finding Test Object 'Object Repository/Popup/Popup'

2021-11-11 09:27:23 - [MESSAGE][INFO] - Checking object

2021-11-11 09:27:23 - [MESSAGE][INFO] - Finding web element from Test Object's properties

2021-11-11 09:27:23 - [MESSAGE][INFO] - Checking timeout

2021-11-11 09:27:23 - [MESSAGE][INFO] - Finding web element with id: 'Object Repository/Popup/Popup' located by 'By.cssSelector: .bootbox-body' in '30' second(s)

2021-11-11 09:27:23 - [MESSAGE][INFO] - Smart Wait Function is triggered

2021-11-11 09:27:23 - [MESSAGE][INFO] - Found 1 web elements with id: 'Object Repository/Popup/Popup' located by 'By.cssSelector: .bootbox-body' in '30' second(s)

2021-11-11 09:27:23 - [MESSAGE][INFO] - Getting text of object 'Object Repository/Popup/Popup'

2021-11-11 09:27:23 - [MESSAGE][PASSED] - Text of object 'Object Repository/Popup/Popup' is: '16229 no’lu talebiniz işleme alınmıştır. Raporunuz hazırlandığında (elogotest@gmail.com;ali.kara@logo.com.tr) adresinize mail gönderilecektir.
Rapor durumunuzu Raporlar > Toplu Veri İndirme ekranından takip edebilir, hazırlandı durumundaki raporlarınızı ilgili menüden indirebilirsiniz.'

2021-11-11 09:27:23 - [TEST_STEP][PASSED] - Console.println(RaporNo): null

2021-11-11 09:27:23 - [MESSAGE][PASSED] - Call Test Case 'Test Cases/Popup/PopupMesajiIceriyorMu' successfully

2021-11-11 09:27:23 - [MESSAGE][INFO] - Checking called Test Case

2021-11-11 09:27:23 - [MESSAGE][INFO] - Starting to call Test Case 'Test Cases/Popup/PopupButonSecilir'

2021-11-11 09:27:23 - [TEST_CASE][PASSED] - Test Cases/Popup/PopupButonSecilir: Test Cases/Popup/PopupButonSecilir

2021-11-11 09:27:23 - [TEST_STEP][PASSED] - Method.TextDegerineEsitElementeTikla(findTestObject("Popup/Popup_Butons"), Buton): Method.TextDegerineEsitElementeTikla is PASSED

2021-11-11 09:27:23 - [MESSAGE][INFO] - Finding Test Object 'Object Repository/Popup/Popup_Butons'

2021-11-11 09:27:24 - [MESSAGE][INFO] - Checking timeout

2021-11-11 09:27:24 - [MESSAGE][INFO] - Finding web element with id: 'Object Repository/Popup/Popup_Butons' located by 'By.cssSelector: .modal-footer>button' in '10' second(s)

2021-11-11 09:27:24 - [MESSAGE][INFO] - Smart Wait Function is triggered

2021-11-11 09:27:24 - [MESSAGE][INFO] - Found 1 web elements with id: 'Object Repository/Popup/Popup_Butons' located by 'By.cssSelector: .modal-footer>button' in '10' second(s)

2021-11-11 09:27:24 - [MESSAGE][PASSED] - Method.TextDegerineEsitElementeTikla is PASSED

2021-11-11 09:27:24 - [MESSAGE][PASSED] - Call Test Case 'Test Cases/Popup/PopupButonSecilir' successfully

2021-11-11 09:27:24 - [MESSAGE][INFO] - Checking called Test Case

2021-11-11 09:27:24 - [MESSAGE][INFO] - Starting to call Test Case 'Test Cases/Butonlar/ButonaTikla'

2021-11-11 09:27:24 - [TEST_CASE][PASSED] - Test Cases/Butonlar/ButonaTikla: Test Cases/Butonlar/ButonaTikla

2021-11-11 09:27:24 - [TEST_STEP][PASSED] - Method.TextDegerineEsitElementeTiklaEquals(findTestObject("Butonlar/Butonlar"), Buton_Adi): Method.TextDegerineEsitElementeTiklaEquals is PASSED

2021-11-11 09:27:24 - [MESSAGE][INFO] - Finding Test Object 'Object Repository/Butonlar/Butonlar'

2021-11-11 09:27:24 - [MESSAGE][INFO] - Checking timeout

2021-11-11 09:27:24 - [MESSAGE][INFO] - Finding web element with id: 'Object Repository/Butonlar/Butonlar' located by 'By.cssSelector: .panel.panel-default.text-center.footerPanel .btn,.btn.btn-primary.btnControls' in '10' second(s)

2021-11-11 09:27:24 - [MESSAGE][INFO] - Smart Wait Function is triggered

2021-11-11 09:27:25 - [MESSAGE][INFO] - Found 15 web elements with id: 'Object Repository/Butonlar/Butonlar' located by 'By.cssSelector: .panel.panel-default.text-center.footerPanel .btn,.btn.btn-primary.btnControls' in '10' second(s)

2021-11-11 09:27:25 - [MESSAGE][PASSED] - Method.TextDegerineEsitElementeTiklaEquals is PASSED

2021-11-11 09:27:25 - [MESSAGE][PASSED] - Call Test Case 'Test Cases/Butonlar/ButonaTikla' successfully

2021-11-11 09:27:25 - [MESSAGE][INFO] - Checking called Test Case

2021-11-11 09:27:25 - [MESSAGE][INFO] - Starting to call Test Case 'Test Cases/Butonlar/AltButonaTikla'

2021-11-11 09:27:25 - [TEST_CASE][PASSED] - Test Cases/Butonlar/AltButonaTikla: Test Cases/Butonlar/AltButonaTikla

2021-11-11 09:27:25 - [TEST_STEP][PASSED] - Method.TextDegerineEsitElementeTikla(findTestObject("Butonlar/AltButonlar"), Alt_Buton): Method.TextDegerineEsitElementeTikla is PASSED

2021-11-11 09:27:25 - [MESSAGE][INFO] - Finding Test Object 'Object Repository/Butonlar/AltButonlar'

2021-11-11 09:27:25 - [MESSAGE][INFO] - Checking timeout

2021-11-11 09:27:25 - [MESSAGE][INFO] - Finding web element with id: 'Object Repository/Butonlar/AltButonlar' located by 'By.cssSelector: .btn-group.open li>a' in '10' second(s)

2021-11-11 09:27:25 - [MESSAGE][INFO] - Smart Wait Function is triggered

2021-11-11 09:27:25 - [MESSAGE][INFO] - Found 2 web elements with id: 'Object Repository/Butonlar/AltButonlar' located by 'By.cssSelector: .btn-group.open li>a' in '10' second(s)

2021-11-11 09:27:25 - [MESSAGE][PASSED] - Method.TextDegerineEsitElementeTikla is PASSED

2021-11-11 09:27:25 - [MESSAGE][PASSED] - Call Test Case 'Test Cases/Butonlar/AltButonaTikla' successfully

2021-11-11 09:27:25 - [MESSAGE][INFO] - Checking called Test Case

2021-11-11 09:27:25 - [MESSAGE][INFO] - Starting to call Test Case 'Test Cases/Popup/PopupMesajiIceriyorMu'

2021-11-11 09:27:25 - [TEST_CASE][PASSED] - Test Cases/Popup/PopupMesajiIceriyorMu: Test Cases/Popup/PopupMesajiIceriyorMu

2021-11-11 09:27:25 - [TEST_STEP][PASSED] - waitForElementVisible(findTestObject("Popup/Popup"), 10): Object 'Object Repository/Popup/Popup' is visible

2021-11-11 09:27:25 - [MESSAGE][INFO] - Finding Test Object 'Object Repository/Popup/Popup'

2021-11-11 09:27:25 - [MESSAGE][INFO] - Checking object

2021-11-11 09:27:25 - [MESSAGE][INFO] - Checking timeout

2021-11-11 09:27:25 - [MESSAGE][INFO] - Finding web element from Test Object's properties

2021-11-11 09:27:25 - [MESSAGE][INFO] - Checking timeout

2021-11-11 09:27:25 - [MESSAGE][INFO] - Finding web element with id: 'Object Repository/Popup/Popup' located by 'By.cssSelector: .bootbox-body' in '10' second(s)

2021-11-11 09:27:25 - [MESSAGE][INFO] - Smart Wait Function is triggered

2021-11-11 09:27:26 - [MESSAGE][INFO] - Found 1 web elements with id: 'Object Repository/Popup/Popup' located by 'By.cssSelector: .bootbox-body' in '10' second(s)

2021-11-11 09:27:26 - [MESSAGE][PASSED] - Object 'Object Repository/Popup/Popup' is visible

2021-11-11 09:27:26 - [TEST_STEP][PASSED] - if (!(getText(findTestObject("Popup/Popup")).contains(Mesaj))): Text of object 'Object Repository/Popup/Popup' is: 'Lütfen rapor bildiriminin gönderileceği e-posta adresini belirtiniz.
e-Posta Adresi'

2021-11-11 09:27:26 - [MESSAGE][INFO] - Finding Test Object 'Object Repository/Popup/Popup'

2021-11-11 09:27:26 - [MESSAGE][INFO] - Checking object

2021-11-11 09:27:26 - [MESSAGE][INFO] - Finding web element from Test Object's properties

2021-11-11 09:27:26 - [MESSAGE][INFO] - Checking timeout

2021-11-11 09:27:26 - [MESSAGE][INFO] - Finding web element with id: 'Object Repository/Popup/Popup' located by 'By.cssSelector: .bootbox-body' in '30' second(s)

2021-11-11 09:27:26 - [MESSAGE][INFO] - Smart Wait Function is triggered

2021-11-11 09:27:26 - [MESSAGE][INFO] - Found 1 web elements with id: 'Object Repository/Popup/Popup' located by 'By.cssSelector: .bootbox-body' in '30' second(s)

2021-11-11 09:27:26 - [MESSAGE][INFO] - Getting text of object 'Object Repository/Popup/Popup'

2021-11-11 09:27:26 - [MESSAGE][PASSED] - Text of object 'Object Repository/Popup/Popup' is: 'Lütfen rapor bildiriminin gönderileceği e-posta adresini belirtiniz.
e-Posta Adresi'

2021-11-11 09:27:26 - [TEST_STEP][PASSED] - RaporNo = getText(findTestObject("Popup/Popup")).substring(0, 6): Text of object 'Object Repository/Popup/Popup' is: 'Lütfen rapor bildiriminin gönderileceği e-posta adresini belirtiniz.
e-Posta Adresi'

2021-11-11 09:27:26 - [MESSAGE][INFO] - Finding Test Object 'Object Repository/Popup/Popup'

2021-11-11 09:27:26 - [MESSAGE][INFO] - Checking object

2021-11-11 09:27:26 - [MESSAGE][INFO] - Finding web element from Test Object's properties

2021-11-11 09:27:26 - [MESSAGE][INFO] - Checking timeout

2021-11-11 09:27:26 - [MESSAGE][INFO] - Finding web element with id: 'Object Repository/Popup/Popup' located by 'By.cssSelector: .bootbox-body' in '30' second(s)

2021-11-11 09:27:26 - [MESSAGE][INFO] - Smart Wait Function is triggered

2021-11-11 09:27:26 - [MESSAGE][INFO] - Found 1 web elements with id: 'Object Repository/Popup/Popup' located by 'By.cssSelector: .bootbox-body' in '30' second(s)

2021-11-11 09:27:26 - [MESSAGE][INFO] - Getting text of object 'Object Repository/Popup/Popup'

2021-11-11 09:27:26 - [MESSAGE][PASSED] - Text of object 'Object Repository/Popup/Popup' is: 'Lütfen rapor bildiriminin gönderileceği e-posta adresini belirtiniz.
e-Posta Adresi'

2021-11-11 09:27:26 - [TEST_STEP][PASSED] - Console.println(RaporNo): null

2021-11-11 09:27:26 - [MESSAGE][PASSED] - Call Test Case 'Test Cases/Popup/PopupMesajiIceriyorMu' successfully

2021-11-11 09:27:26 - [MESSAGE][INFO] - Checking called Test Case

2021-11-11 09:27:26 - [MESSAGE][INFO] - Starting to call Test Case 'Test Cases/Popup/PopupaEmailEklenir'

2021-11-11 09:27:27 - [TEST_CASE][PASSED] - Test Cases/Popup/PopupaEmailEklenir: Test Cases/Popup/PopupaEmailEklenir

2021-11-11 09:27:27 - [TEST_STEP][PASSED] - clearText(findTestObject("Popup/EmailText")): Text of object 'Object Repository/Popup/EmailText' is cleared

2021-11-11 09:27:27 - [MESSAGE][INFO] - Finding Test Object 'Object Repository/Popup/EmailText'

2021-11-11 09:27:27 - [MESSAGE][INFO] - Checking object

2021-11-11 09:27:27 - [MESSAGE][INFO] - Finding web element from Test Object's properties

2021-11-11 09:27:27 - [MESSAGE][INFO] - Checking timeout

2021-11-11 09:27:27 - [MESSAGE][INFO] - Finding web element with id: 'Object Repository/Popup/EmailText' located by 'By.xpath: //*[@id="eMails"]' in '30' second(s)

2021-11-11 09:27:27 - [MESSAGE][INFO] - Smart Wait Function is triggered

2021-11-11 09:27:27 - [MESSAGE][INFO] - Found 1 web elements with id: 'Object Repository/Popup/EmailText' located by 'By.xpath: //*[@id="eMails"]' in '30' second(s)

2021-11-11 09:27:27 - [MESSAGE][INFO] - Clearing text of object 'Object Repository/Popup/EmailText'

2021-11-11 09:27:27 - [MESSAGE][PASSED] - Text of object 'Object Repository/Popup/EmailText' is cleared

2021-11-11 09:27:27 - [TEST_STEP][PASSED] - sendKeys(findTestObject("Popup/EmailText"), Email): Keys 'elogotest@gmail.com;ali.kara@logo.com.tr' sent to object: 'Object Repository/Popup/EmailText'

2021-11-11 09:27:27 - [MESSAGE][INFO] - Finding Test Object 'Object Repository/Popup/EmailText'

2021-11-11 09:27:27 - [MESSAGE][INFO] - Sending keys 'elogotest@gmail.com;ali.kara@logo.com.tr' to object: 'Object Repository/Popup/EmailText'

2021-11-11 09:27:27 - [MESSAGE][INFO] - Finding web element from Test Object's properties

2021-11-11 09:27:27 - [MESSAGE][INFO] - Checking timeout

2021-11-11 09:27:27 - [MESSAGE][INFO] - Finding web element with id: 'Object Repository/Popup/EmailText' located by 'By.xpath: //*[@id="eMails"]' in '30' second(s)

2021-11-11 09:27:27 - [MESSAGE][INFO] - Smart Wait Function is triggered

2021-11-11 09:27:27 - [MESSAGE][INFO] - Found 1 web elements with id: 'Object Repository/Popup/EmailText' located by 'By.xpath: //*[@id="eMails"]' in '30' second(s)

2021-11-11 09:27:27 - [MESSAGE][PASSED] - Keys 'elogotest@gmail.com;ali.kara@logo.com.tr' sent to object: 'Object Repository/Popup/EmailText'

2021-11-11 09:27:27 - [MESSAGE][PASSED] - Call Test Case 'Test Cases/Popup/PopupaEmailEklenir' successfully

2021-11-11 09:27:27 - [MESSAGE][INFO] - Checking called Test Case

2021-11-11 09:27:27 - [MESSAGE][INFO] - Starting to call Test Case 'Test Cases/Popup/PopupButonSecilir'

2021-11-11 09:27:27 - [TEST_CASE][PASSED] - Test Cases/Popup/PopupButonSecilir: Test Cases/Popup/PopupButonSecilir

2021-11-11 09:27:27 - [TEST_STEP][PASSED] - Method.TextDegerineEsitElementeTikla(findTestObject("Popup/Popup_Butons"), Buton): Method.TextDegerineEsitElementeTikla is PASSED

2021-11-11 09:27:27 - [MESSAGE][INFO] - Finding Test Object 'Object Repository/Popup/Popup_Butons'

2021-11-11 09:27:27 - [MESSAGE][INFO] - Checking timeout

2021-11-11 09:27:27 - [MESSAGE][INFO] - Finding web element with id: 'Object Repository/Popup/Popup_Butons' located by 'By.cssSelector: .modal-footer>button' in '10' second(s)

2021-11-11 09:27:27 - [MESSAGE][INFO] - Smart Wait Function is triggered

2021-11-11 09:27:28 - [MESSAGE][INFO] - Found 2 web elements with id: 'Object Repository/Popup/Popup_Butons' located by 'By.cssSelector: .modal-footer>button' in '10' second(s)

2021-11-11 09:27:28 - [MESSAGE][PASSED] - Method.TextDegerineEsitElementeTikla is PASSED

2021-11-11 09:27:28 - [MESSAGE][PASSED] - Call Test Case 'Test Cases/Popup/PopupButonSecilir' successfully

2021-11-11 09:27:28 - [MESSAGE][INFO] - Checking called Test Case

2021-11-11 09:27:28 - [MESSAGE][INFO] - Starting to call Test Case 'Test Cases/Popup/PopupMesajiIceriyorMu'

2021-11-11 09:27:28 - [TEST_CASE][PASSED] - Test Cases/Popup/PopupMesajiIceriyorMu: Test Cases/Popup/PopupMesajiIceriyorMu

2021-11-11 09:27:28 - [TEST_STEP][PASSED] - waitForElementVisible(findTestObject("Popup/Popup"), 10): Object 'Object Repository/Popup/Popup' is visible

2021-11-11 09:27:28 - [MESSAGE][INFO] - Finding Test Object 'Object Repository/Popup/Popup'

2021-11-11 09:27:28 - [MESSAGE][INFO] - Checking object

2021-11-11 09:27:28 - [MESSAGE][INFO] - Checking timeout

2021-11-11 09:27:28 - [MESSAGE][INFO] - Finding web element from Test Object's properties

2021-11-11 09:27:28 - [MESSAGE][INFO] - Checking timeout

2021-11-11 09:27:28 - [MESSAGE][INFO] - Finding web element with id: 'Object Repository/Popup/Popup' located by 'By.cssSelector: .bootbox-body' in '10' second(s)

2021-11-11 09:27:28 - [MESSAGE][INFO] - Smart Wait Function is triggered

2021-11-11 09:27:29 - [MESSAGE][INFO] - Found 1 web elements with id: 'Object Repository/Popup/Popup' located by 'By.cssSelector: .bootbox-body' in '10' second(s)

2021-11-11 09:27:29 - [MESSAGE][PASSED] - Object 'Object Repository/Popup/Popup' is visible

2021-11-11 09:27:29 - [TEST_STEP][PASSED] - if (!(getText(findTestObject("Popup/Popup")).contains(Mesaj))): Text of object 'Object Repository/Popup/Popup' is: '16230 no’lu talebiniz işleme alınmıştır. Raporunuz hazırlandığında (elogotest@gmail.com;ali.kara@logo.com.tr) adresinize mail gönderilecektir.
Rapor durumunuzu Raporlar > Toplu Veri İndirme ekranından takip edebilir, hazırlandı durumundaki raporlarınızı ilgili menüden indirebilirsiniz.'

2021-11-11 09:27:29 - [MESSAGE][INFO] - Finding Test Object 'Object Repository/Popup/Popup'

2021-11-11 09:27:29 - [MESSAGE][INFO] - Checking object

2021-11-11 09:27:29 - [MESSAGE][INFO] - Finding web element from Test Object's properties

2021-11-11 09:27:29 - [MESSAGE][INFO] - Checking timeout

2021-11-11 09:27:29 - [MESSAGE][INFO] - Finding web element with id: 'Object Repository/Popup/Popup' located by 'By.cssSelector: .bootbox-body' in '30' second(s)

2021-11-11 09:27:29 - [MESSAGE][INFO] - Smart Wait Function is triggered

2021-11-11 09:27:29 - [MESSAGE][INFO] - Found 1 web elements with id: 'Object Repository/Popup/Popup' located by 'By.cssSelector: .bootbox-body' in '30' second(s)

2021-11-11 09:27:29 - [MESSAGE][INFO] - Getting text of object 'Object Repository/Popup/Popup'

2021-11-11 09:27:29 - [MESSAGE][PASSED] - Text of object 'Object Repository/Popup/Popup' is: '16230 no’lu talebiniz işleme alınmıştır. Raporunuz hazırlandığında (elogotest@gmail.com;ali.kara@logo.com.tr) adresinize mail gönderilecektir.
Rapor durumunuzu Raporlar > Toplu Veri İndirme ekranından takip edebilir, hazırlandı durumundaki raporlarınızı ilgili menüden indirebilirsiniz.'

2021-11-11 09:27:29 - [TEST_STEP][PASSED] - RaporNo = getText(findTestObject("Popup/Popup")).substring(0, 6): Text of object 'Object Repository/Popup/Popup' is: '16230 no’lu talebiniz işleme alınmıştır. Raporunuz hazırlandığında (elogotest@gmail.com;ali.kara@logo.com.tr) adresinize mail gönderilecektir.
Rapor durumunuzu Raporlar > Toplu Veri İndirme ekranından takip edebilir, hazırlandı durumundaki raporlarınızı ilgili menüden indirebilirsiniz.'

2021-11-11 09:27:29 - [MESSAGE][INFO] - Finding Test Object 'Object Repository/Popup/Popup'

2021-11-11 09:27:29 - [MESSAGE][INFO] - Checking object

2021-11-11 09:27:29 - [MESSAGE][INFO] - Finding web element from Test Object's properties

2021-11-11 09:27:29 - [MESSAGE][INFO] - Checking timeout

2021-11-11 09:27:29 - [MESSAGE][INFO] - Finding web element with id: 'Object Repository/Popup/Popup' located by 'By.cssSelector: .bootbox-body' in '30' second(s)

2021-11-11 09:27:29 - [MESSAGE][INFO] - Smart Wait Function is triggered

2021-11-11 09:27:30 - [MESSAGE][INFO] - Found 1 web elements with id: 'Object Repository/Popup/Popup' located by 'By.cssSelector: .bootbox-body' in '30' second(s)

2021-11-11 09:27:30 - [MESSAGE][INFO] - Getting text of object 'Object Repository/Popup/Popup'

2021-11-11 09:27:30 - [MESSAGE][PASSED] - Text of object 'Object Repository/Popup/Popup' is: '16230 no’lu talebiniz işleme alınmıştır. Raporunuz hazırlandığında (elogotest@gmail.com;ali.kara@logo.com.tr) adresinize mail gönderilecektir.
Rapor durumunuzu Raporlar > Toplu Veri İndirme ekranından takip edebilir, hazırlandı durumundaki raporlarınızı ilgili menüden indirebilirsiniz.'

2021-11-11 09:27:30 - [TEST_STEP][PASSED] - Console.println(RaporNo): null

2021-11-11 09:27:30 - [MESSAGE][PASSED] - Call Test Case 'Test Cases/Popup/PopupMesajiIceriyorMu' successfully

2021-11-11 09:27:30 - [MESSAGE][INFO] - Checking called Test Case

2021-11-11 09:27:30 - [MESSAGE][INFO] - Starting to call Test Case 'Test Cases/Popup/PopupButonSecilir'

2021-11-11 09:27:30 - [TEST_CASE][PASSED] - Test Cases/Popup/PopupButonSecilir: Test Cases/Popup/PopupButonSecilir

2021-11-11 09:27:30 - [TEST_STEP][PASSED] - Method.TextDegerineEsitElementeTikla(findTestObject("Popup/Popup_Butons"), Buton): Method.TextDegerineEsitElementeTikla is PASSED

2021-11-11 09:27:30 - [MESSAGE][INFO] - Finding Test Object 'Object Repository/Popup/Popup_Butons'

2021-11-11 09:27:30 - [MESSAGE][INFO] - Checking timeout

2021-11-11 09:27:30 - [MESSAGE][INFO] - Finding web element with id: 'Object Repository/Popup/Popup_Butons' located by 'By.cssSelector: .modal-footer>button' in '10' second(s)

2021-11-11 09:27:30 - [MESSAGE][INFO] - Smart Wait Function is triggered

2021-11-11 09:27:30 - [MESSAGE][INFO] - Found 1 web elements with id: 'Object Repository/Popup/Popup_Butons' located by 'By.cssSelector: .modal-footer>button' in '10' second(s)

2021-11-11 09:27:30 - [MESSAGE][PASSED] - Method.TextDegerineEsitElementeTikla is PASSED

2021-11-11 09:27:30 - [MESSAGE][PASSED] - Call Test Case 'Test Cases/Popup/PopupButonSecilir' successfully

2021-11-11 09:27:30 - [MESSAGE][INFO] - Checking called Test Case

2021-11-11 09:27:30 - [MESSAGE][INFO] - Starting to call Test Case 'Test Cases/Menu/AnaMenuSecimi'

2021-11-11 09:27:30 - [TEST_CASE][PASSED] - Test Cases/Menu/AnaMenuSecimi: Test Cases/Menu/AnaMenuSecimi

2021-11-11 09:27:30 - [TEST_STEP][PASSED] - Method.TextDegerineEsitElementeTikla(findTestObject("Menu/Ana_Menu"), Ana_Menu): Method.TextDegerineEsitElementeTikla is PASSED

2021-11-11 09:27:30 - [MESSAGE][INFO] - Finding Test Object 'Object Repository/Menu/Ana_Menu'

2021-11-11 09:27:30 - [MESSAGE][INFO] - Checking timeout

2021-11-11 09:27:30 - [MESSAGE][INFO] - Finding web element with id: 'Object Repository/Menu/Ana_Menu' located by 'By.xpath: //*[@class = 'dropdown-toggle']' in '10' second(s)

2021-11-11 09:27:30 - [MESSAGE][INFO] - Smart Wait Function is triggered

2021-11-11 09:27:31 - [MESSAGE][INFO] - Found 14 web elements with id: 'Object Repository/Menu/Ana_Menu' located by 'By.xpath: //*[@class = 'dropdown-toggle']' in '10' second(s)

2021-11-11 09:27:31 - [MESSAGE][PASSED] - Method.TextDegerineEsitElementeTikla is PASSED

2021-11-11 09:27:31 - [MESSAGE][PASSED] - Call Test Case 'Test Cases/Menu/AnaMenuSecimi' successfully

2021-11-11 09:27:31 - [MESSAGE][INFO] - Checking called Test Case

2021-11-11 09:27:31 - [MESSAGE][INFO] - Starting to call Test Case 'Test Cases/Menu/AltMenuSecimi'

2021-11-11 09:27:31 - [TEST_CASE][PASSED] - Test Cases/Menu/AltMenuSecimi: Test Cases/Menu/AltMenuSecimi

2021-11-11 09:27:32 - [TEST_STEP][PASSED] - Method.TextDegerineEsitElementeTikla(findTestObject("Menu/Alt_Menu"), Alt_Menu): Method.TextDegerineEsitElementeTikla is PASSED

2021-11-11 09:27:32 - [MESSAGE][INFO] - Finding Test Object 'Object Repository/Menu/Alt_Menu'

2021-11-11 09:27:32 - [MESSAGE][INFO] - Checking timeout

2021-11-11 09:27:32 - [MESSAGE][INFO] - Finding web element with id: 'Object Repository/Menu/Alt_Menu' located by 'By.xpath: //li[@class='dropdown dropdown-large open']//li[@class='dropdown-element']' in '10' second(s)

2021-11-11 09:27:32 - [MESSAGE][INFO] - Smart Wait Function is triggered

2021-11-11 09:27:32 - [MESSAGE][INFO] - Found 9 web elements with id: 'Object Repository/Menu/Alt_Menu' located by 'By.xpath: //li[@class='dropdown dropdown-large open']//li[@class='dropdown-element']' in '10' second(s)

2021-11-11 09:27:33 - [MESSAGE][PASSED] - Method.TextDegerineEsitElementeTikla is PASSED

2021-11-11 09:27:33 - [MESSAGE][PASSED] - Call Test Case 'Test Cases/Menu/AltMenuSecimi' successfully

2021-11-11 09:27:33 - [MESSAGE][INFO] - Checking called Test Case

2021-11-11 09:27:33 - [MESSAGE][INFO] - Starting to call Test Case 'Test Cases/Filtreler/RaporNoYaz'

2021-11-11 09:27:33 - [TEST_CASE][PASSED] - Test Cases/Filtreler/RaporNoYaz: Test Cases/Filtreler/RaporNoYaz

2021-11-11 09:27:34 - [TEST_STEP][PASSED] - Method.TextDegerineEsitElementinAltindakiTextboxtaYaz(findTestObject("Filtreler/Basliklar"), findTestObject("Filtreler/Basliga_Gore_Textbox"), "Talep No", RaporNo): Method.TextDegerineEsitElementinAltindakiTextboxtaYaz is PASSED

2021-11-11 09:27:34 - [MESSAGE][INFO] - Finding Test Object 'Object Repository/Filtreler/Basliklar'

2021-11-11 09:27:34 - [MESSAGE][INFO] - Finding Test Object 'Object Repository/Filtreler/Basliga_Gore_Textbox'

2021-11-11 09:27:34 - [MESSAGE][INFO] - Checking timeout

2021-11-11 09:27:34 - [MESSAGE][INFO] - Finding web element with id: 'Object Repository/Filtreler/Basliklar' located by 'By.cssSelector: .control-label.col-sm-4.paddingMarginRLC' in '10' second(s)

2021-11-11 09:27:34 - [MESSAGE][INFO] - Smart Wait Function is triggered

2021-11-11 09:27:34 - [MESSAGE][INFO] - Found 8 web elements with id: 'Object Repository/Filtreler/Basliklar' located by 'By.cssSelector: .control-label.col-sm-4.paddingMarginRLC' in '10' second(s)

2021-11-11 09:27:34 - [MESSAGE][INFO] - Smart Wait Function is triggered

2021-11-11 09:27:35 - [MESSAGE][PASSED] - Method.TextDegerineEsitElementinAltindakiTextboxtaYaz is PASSED

2021-11-11 09:27:35 - [MESSAGE][PASSED] - Call Test Case 'Test Cases/Filtreler/RaporNoYaz' successfully

2021-11-11 09:27:35 - [MESSAGE][INFO] - Checking called Test Case

2021-11-11 09:27:35 - [MESSAGE][INFO] - Starting to call Test Case 'Test Cases/Filtreler/ButonaTikla'

2021-11-11 09:27:35 - [TEST_CASE][PASSED] - Test Cases/Filtreler/ButonaTikla: Test Cases/Filtreler/ButonaTikla

2021-11-11 09:27:35 - [TEST_STEP][PASSED] - Method.TextDegerineEsitElementeTikla(findTestObject("Filtreler/Butonlar"), Filtre_Buton): Method.TextDegerineEsitElementeTikla is PASSED

2021-11-11 09:27:35 - [MESSAGE][INFO] - Finding Test Object 'Object Repository/Filtreler/Butonlar'

2021-11-11 09:27:35 - [MESSAGE][INFO] - Checking timeout

2021-11-11 09:27:35 - [MESSAGE][INFO] - Finding web element with id: 'Object Repository/Filtreler/Butonlar' located by 'By.cssSelector: .dxb>span' in '10' second(s)

2021-11-11 09:27:35 - [MESSAGE][INFO] - Smart Wait Function is triggered

2021-11-11 09:27:35 - [MESSAGE][INFO] - Found 2 web elements with id: 'Object Repository/Filtreler/Butonlar' located by 'By.cssSelector: .dxb>span' in '10' second(s)

2021-11-11 09:27:35 - [MESSAGE][PASSED] - Method.TextDegerineEsitElementeTikla is PASSED

2021-11-11 09:27:35 - [MESSAGE][PASSED] - Call Test Case 'Test Cases/Filtreler/ButonaTikla' successfully

2021-11-11 09:27:35 - [MESSAGE][INFO] - Checking called Test Case

2021-11-11 09:27:35 - [MESSAGE][INFO] - Starting to call Test Case 'Test Cases/Tablo/TablodaVeriVarMi'

2021-11-11 09:27:35 - [TEST_CASE][PASSED] - Test Cases/Tablo/TablodaVeriVarMi: Test Cases/Tablo/TablodaVeriVarMi

2021-11-11 09:27:35 - [TEST_STEP][PASSED] - verifyTextNotPresent("Görüntülenecek veri yok", true): Text 'Görüntülenecek veri yok' is not present on page using regular expression

2021-11-11 09:27:35 - [MESSAGE][INFO] - Checking text present  using regular expression

2021-11-11 09:27:36 - [MESSAGE][INFO] - Smart Wait Function is triggered

2021-11-11 09:27:36 - [MESSAGE][INFO] - Finding text 'Görüntülenecek veri yok' on page  using regular expression

2021-11-11 09:27:36 - [MESSAGE][PASSED] - Text 'Görüntülenecek veri yok' is not present on page using regular expression

2021-11-11 09:27:36 - [MESSAGE][PASSED] - Call Test Case 'Test Cases/Tablo/TablodaVeriVarMi' successfully

2021-11-11 09:27:36 - [MESSAGE][INFO] - Checking called Test Case

2021-11-11 09:27:36 - [MESSAGE][INFO] - Starting to call Test Case 'Test Cases/Kullanici_Islemleri/KullaniciIslemlerindenSecimYapilir'

2021-11-11 09:27:36 - [TEST_CASE][PASSED] - Test Cases/Kullanici_Islemleri/KullaniciIslemlerindenSecimYapilir: Test Cases/Kullanici_Islemleri/KullaniciIslemlerindenSecimYapilir

2021-11-11 09:27:37 - [TEST_STEP][PASSED] - waitForElementClickable(findTestObject("Object Repository/Kullanici_Islemleri/KullaniciIslemleri"), 10): Object 'Object Repository/Kullanici_Islemleri/KullaniciIslemleri' is clickable

2021-11-11 09:27:37 - [MESSAGE][INFO] - Finding Test Object 'Object Repository/Kullanici_Islemleri/KullaniciIslemleri'

2021-11-11 09:27:37 - [MESSAGE][INFO] - Checking object

2021-11-11 09:27:37 - [MESSAGE][INFO] - Checking timeout

2021-11-11 09:27:37 - [MESSAGE][INFO] - Finding web element from Test Object's properties

2021-11-11 09:27:37 - [MESSAGE][INFO] - Checking timeout

2021-11-11 09:27:37 - [MESSAGE][INFO] - Finding web element with id: 'Object Repository/Kullanici_Islemleri/KullaniciIslemleri' located by 'By.cssSelector: .dropdown>a>img' in '10' second(s)

2021-11-11 09:27:37 - [MESSAGE][INFO] - Smart Wait Function is triggered

2021-11-11 09:27:37 - [MESSAGE][INFO] - Found 1 web elements with id: 'Object Repository/Kullanici_Islemleri/KullaniciIslemleri' located by 'By.cssSelector: .dropdown>a>img' in '10' second(s)

2021-11-11 09:27:37 - [MESSAGE][PASSED] - Object 'Object Repository/Kullanici_Islemleri/KullaniciIslemleri' is clickable

2021-11-11 09:27:37 - [TEST_STEP][PASSED] - click(findTestObject("Object Repository/Kullanici_Islemleri/KullaniciIslemleri")): Object: 'Object Repository/Kullanici_Islemleri/KullaniciIslemleri' is clicked on

2021-11-11 09:27:37 - [MESSAGE][INFO] - Finding Test Object 'Object Repository/Kullanici_Islemleri/KullaniciIslemleri'

2021-11-11 09:27:37 - [MESSAGE][INFO] - Checking object

2021-11-11 09:27:37 - [MESSAGE][INFO] - Finding web element from Test Object's properties

2021-11-11 09:27:37 - [MESSAGE][INFO] - Checking timeout

2021-11-11 09:27:37 - [MESSAGE][INFO] - Finding web element with id: 'Object Repository/Kullanici_Islemleri/KullaniciIslemleri' located by 'By.cssSelector: .dropdown>a>img' in '30' second(s)

2021-11-11 09:27:37 - [MESSAGE][INFO] - Smart Wait Function is triggered

2021-11-11 09:27:38 - [MESSAGE][INFO] - Found 1 web elements with id: 'Object Repository/Kullanici_Islemleri/KullaniciIslemleri' located by 'By.cssSelector: .dropdown>a>img' in '30' second(s)

2021-11-11 09:27:38 - [MESSAGE][INFO] - Clicking on object: 'Object Repository/Kullanici_Islemleri/KullaniciIslemleri'

2021-11-11 09:27:38 - [MESSAGE][PASSED] - Object: 'Object Repository/Kullanici_Islemleri/KullaniciIslemleri' is clicked on

2021-11-11 09:27:38 - [TEST_STEP][PASSED] - Method.TextDegerineEsitElementeTikla(findTestObject("Object Repository/Kullanici_Islemleri/Secenekler"), Islem): Method.TextDegerineEsitElementeTikla is PASSED

2021-11-11 09:27:38 - [MESSAGE][INFO] - Finding Test Object 'Object Repository/Kullanici_Islemleri/Secenekler'

2021-11-11 09:27:38 - [MESSAGE][INFO] - Checking timeout

2021-11-11 09:27:38 - [MESSAGE][INFO] - Finding web element with id: 'Object Repository/Kullanici_Islemleri/Secenekler' located by 'By.cssSelector: .nav.navbar-nav.navbar-right li a' in '10' second(s)

2021-11-11 09:27:38 - [MESSAGE][INFO] - Smart Wait Function is triggered

2021-11-11 09:27:38 - [MESSAGE][INFO] - Found 22 web elements with id: 'Object Repository/Kullanici_Islemleri/Secenekler' located by 'By.cssSelector: .nav.navbar-nav.navbar-right li a' in '10' second(s)

2021-11-11 09:27:40 - [MESSAGE][PASSED] - Method.TextDegerineEsitElementeTikla is PASSED

2021-11-11 09:27:40 - [TEST_STEP][PASSED] - verifyElementNotPresent(findTestObject("Object Repository/Kullanici_Islemleri/Secenekler"), 10): Web element with id: 'Object Repository/Kullanici_Islemleri/Secenekler' located by 'By.cssSelector: .nav.navbar-nav.navbar-right li a' is not present after '10' second(s)

2021-11-11 09:27:40 - [MESSAGE][INFO] - Finding Test Object 'Object Repository/Kullanici_Islemleri/Secenekler'

2021-11-11 09:27:40 - [MESSAGE][INFO] - Checking object

2021-11-11 09:27:40 - [MESSAGE][INFO] - Checking timeout

2021-11-11 09:27:40 - [MESSAGE][INFO] - Finding web element with id: 'Object Repository/Kullanici_Islemleri/Secenekler' located by 'By.cssSelector: .nav.navbar-nav.navbar-right li a' in '10' second(s)

2021-11-11 09:27:40 - [MESSAGE][INFO] - Smart Wait Function is triggered

2021-11-11 09:27:40 - [MESSAGE][PASSED] - Web element with id: 'Object Repository/Kullanici_Islemleri/Secenekler' located by 'By.cssSelector: .nav.navbar-nav.navbar-right li a' is not present after '10' second(s)

2021-11-11 09:27:40 - [MESSAGE][PASSED] - Call Test Case 'Test Cases/Kullanici_Islemleri/KullaniciIslemlerindenSecimYapilir' successfully

2021-11-11 09:27:40 - [TEST_CASE][PASSED] - Start Test Case : SCENARIO Faturayi excele aktarma: SCENARIO Faturayi excele aktarma

2021-11-11 09:27:40 - [TEST_STEP][PASSED] - Kullanıcı adı ELOGO6 ve Şifre 123456 olarak giriş yapılır: Kullanıcı adı ELOGO6 ve Şifre 123456 olarak giriş yapılır

2021-11-11 09:27:40 - [MESSAGE][PASSED] - Kullanıcı adı ELOGO6 ve Şifre 123456 olarak giriş yapılır

2021-11-11 09:27:40 - [TEST_STEP][PASSED] - Ana menüden e-Fatura seçilir: Ana menüden e-Fatura seçilir

2021-11-11 09:27:40 - [MESSAGE][PASSED] - Ana menüden e-Fatura seçilir

2021-11-11 09:27:40 - [TEST_STEP][PASSED] - Alt menü Gelen Kutusu başlığı altındaki Faturalar seçilir: Alt menü Gelen Kutusu başlığı altındaki Faturalar seçilir

2021-11-11 09:27:40 - [MESSAGE][PASSED] - Alt menü Gelen Kutusu başlığı altındaki Faturalar seçilir

2021-11-11 09:27:40 - [TEST_STEP][PASSED] - Filtrelerden Oluşturma Tarihi filtresine 01.12.2020 baslangic degerini yaz: Filtrelerden Oluşturma Tarihi filtresine 01.12.2020 baslangic degerini yaz

2021-11-11 09:27:40 - [MESSAGE][PASSED] - Filtrelerden Oluşturma Tarihi filtresine 01.12.2020 baslangic degerini yaz

2021-11-11 09:27:40 - [TEST_STEP][PASSED] - Filtrelerden Oluşturma Tarihi filtresine 31.12.2020 bitis degerini yaz: Filtrelerden Oluşturma Tarihi filtresine 31.12.2020 bitis degerini yaz

2021-11-11 09:27:40 - [MESSAGE][PASSED] - Filtrelerden Oluşturma Tarihi filtresine 31.12.2020 bitis degerini yaz

2021-11-11 09:27:40 - [TEST_STEP][PASSED] - Filtrelerden Gönderici Ünvanı filtresine E LOGO 6 textini yaz: Filtrelerden Gönderici Ünvanı filtresine E LOGO 6 textini yaz

2021-11-11 09:27:40 - [MESSAGE][PASSED] - Filtrelerden Gönderici Ünvanı filtresine E LOGO 6 textini yaz

2021-11-11 09:27:40 - [TEST_STEP][PASSED] - Filtre butonlarından Listele seçilir: Filtre butonlarından Listele seçilir

2021-11-11 09:27:40 - [MESSAGE][PASSED] - Filtre butonlarından Listele seçilir

2021-11-11 09:27:40 - [TEST_STEP][PASSED] - Tabloda veri var mı kontrol edilir: Tabloda veri var mı kontrol edilir

2021-11-11 09:27:40 - [MESSAGE][PASSED] - Tabloda veri var mı kontrol edilir

2021-11-11 09:27:40 - [TEST_STEP][PASSED] - Tablodan E LOGO 6 isimli veri seçilir: Tablodan E LOGO 6 isimli veri seçilir

2021-11-11 09:27:40 - [MESSAGE][PASSED] - Tablodan E LOGO 6 isimli veri seçilir

2021-11-11 09:27:40 - [TEST_STEP][PASSED] - Butonlardan Excel isimli butona tıklanır: Butonlardan Excel isimli butona tıklanır

2021-11-11 09:27:40 - [MESSAGE][PASSED] - Butonlardan Excel isimli butona tıklanır

2021-11-11 09:27:40 - [TEST_STEP][PASSED] - Alt butonlardan Excel'e Aktar butonuna tıklanır: Alt butonlardan Excel'e Aktar butonuna tıklanır

2021-11-11 09:27:40 - [MESSAGE][PASSED] - Alt butonlardan Excel'e Aktar butonuna tıklanır

2021-11-11 09:27:40 - [TEST_STEP][PASSED] - Popup mesajı Lütfen rapor bildiriminin gönderileceği e-posta adresini belirtiniz. içeriyor mu: Popup mesajı Lütfen rapor bildiriminin gönderileceği e-posta adresini belirtiniz. içeriyor mu

2021-11-11 09:27:40 - [MESSAGE][PASSED] - Popup mesajı Lütfen rapor bildiriminin gönderileceği e-posta adresini belirtiniz. içeriyor mu

2021-11-11 09:27:40 - [TEST_STEP][PASSED] - Popup email elogotest@gmail.com;ali.kara@logo.com.tr olarak girilir: Popup email elogotest@gmail.com;ali.kara@logo.com.tr olarak girilir

2021-11-11 09:27:40 - [MESSAGE][PASSED] - Popup email elogotest@gmail.com;ali.kara@logo.com.tr olarak girilir

2021-11-11 09:27:40 - [TEST_STEP][PASSED] - Yönetim popupında Gönder seçilir: Yönetim popupında Gönder seçilir

2021-11-11 09:27:40 - [MESSAGE][PASSED] - Yönetim popupında Gönder seçilir

2021-11-11 09:27:40 - [TEST_STEP][PASSED] - Popup mesajı talebiniz işleme alınmıştır içeriyor mu: Popup mesajı talebiniz işleme alınmıştır içeriyor mu

2021-11-11 09:27:40 - [MESSAGE][PASSED] - Popup mesajı talebiniz işleme alınmıştır içeriyor mu

2021-11-11 09:27:40 - [TEST_STEP][PASSED] - Yönetim popupında Tamam seçilir: Yönetim popupında Tamam seçilir

2021-11-11 09:27:40 - [MESSAGE][PASSED] - Yönetim popupında Tamam seçilir

2021-11-11 09:27:40 - [TEST_STEP][PASSED] - Butonlardan Excel isimli butona tıklanır: Butonlardan Excel isimli butona tıklanır

2021-11-11 09:27:40 - [MESSAGE][PASSED] - Butonlardan Excel isimli butona tıklanır

2021-11-11 09:27:40 - [TEST_STEP][PASSED] - Alt butonlardan Tümünü Excel'e Aktar butonuna tıklanır: Alt butonlardan Tümünü Excel'e Aktar butonuna tıklanır

2021-11-11 09:27:40 - [MESSAGE][PASSED] - Alt butonlardan Tümünü Excel'e Aktar butonuna tıklanır

2021-11-11 09:27:40 - [TEST_STEP][PASSED] - Popup mesajı Lütfen rapor bildiriminin gönderileceği e-posta adresini belirtiniz. içeriyor mu: Popup mesajı Lütfen rapor bildiriminin gönderileceği e-posta adresini belirtiniz. içeriyor mu

2021-11-11 09:27:40 - [MESSAGE][PASSED] - Popup mesajı Lütfen rapor bildiriminin gönderileceği e-posta adresini belirtiniz. içeriyor mu

2021-11-11 09:27:40 - [TEST_STEP][PASSED] - Popup email elogotest@gmail.com;ali.kara@logo.com.tr olarak girilir: Popup email elogotest@gmail.com;ali.kara@logo.com.tr olarak girilir

2021-11-11 09:27:40 - [MESSAGE][PASSED] - Popup email elogotest@gmail.com;ali.kara@logo.com.tr olarak girilir

2021-11-11 09:27:40 - [TEST_STEP][PASSED] - Yönetim popupında Gönder seçilir: Yönetim popupında Gönder seçilir

2021-11-11 09:27:40 - [MESSAGE][PASSED] - Yönetim popupında Gönder seçilir

2021-11-11 09:27:40 - [TEST_STEP][PASSED] - Popup mesajı talebiniz işleme alınmıştır içeriyor mu: Popup mesajı talebiniz işleme alınmıştır içeriyor mu

2021-11-11 09:27:40 - [MESSAGE][PASSED] - Popup mesajı talebiniz işleme alınmıştır içeriyor mu

2021-11-11 09:27:40 - [TEST_STEP][PASSED] - Yönetim popupında Tamam seçilir: Yönetim popupında Tamam seçilir

2021-11-11 09:27:40 - [MESSAGE][PASSED] - Yönetim popupında Tamam seçilir

2021-11-11 09:27:40 - [TEST_STEP][PASSED] - Ana menüden Raporlar seçilir: Ana menüden Raporlar seçilir

2021-11-11 09:27:40 - [MESSAGE][PASSED] - Ana menüden Raporlar seçilir

2021-11-11 09:27:40 - [TEST_STEP][PASSED] - Alt menüden Toplu Veri İndirme seçilir: Alt menüden Toplu Veri İndirme seçilir

2021-11-11 09:27:40 - [MESSAGE][PASSED] - Alt menüden Toplu Veri İndirme seçilir

2021-11-11 09:27:40 - [TEST_STEP][PASSED] - Filtrelerden Talep No filtresine Rapor No bilgisi yaz: Filtrelerden Talep No filtresine Rapor No bilgisi yaz

2021-11-11 09:27:40 - [MESSAGE][PASSED] - Filtrelerden Talep No filtresine Rapor No bilgisi yaz

2021-11-11 09:27:40 - [TEST_STEP][PASSED] - Filtre butonlarından Listele seçilir: Filtre butonlarından Listele seçilir

2021-11-11 09:27:40 - [MESSAGE][PASSED] - Filtre butonlarından Listele seçilir

2021-11-11 09:27:40 - [TEST_STEP][PASSED] - Tabloda veri var mı kontrol edilir: Tabloda veri var mı kontrol edilir

2021-11-11 09:27:40 - [MESSAGE][PASSED] - Tabloda veri var mı kontrol edilir

2021-11-11 09:27:40 - [TEST_STEP][PASSED] - Kullanıcı işlemlerinden Çıkış seçilir: Kullanıcı işlemlerinden Çıkış seçilir

2021-11-11 09:27:40 - [MESSAGE][PASSED] - Kullanıcı işlemlerinden Çıkış seçilir

2021-11-11 09:27:40 - [MESSAGE][PASSED] - Feature file: 'Include/features/e-Fatura/Gelen Kutusu/Faturalar/Excele Aktar.feature' was passed

2021-11-11 09:27:40 - [TEST_STEP][PASSED] - Start listener action : sampleAfterTestSuite: Invoke 'com.kms.katalon.core.annotation.AfterTestCase' method: 'Listener.sampleAfterTestSuite(...)' completed.

2021-11-11 09:27:40 - [MESSAGE][INFO] - Starting invoke 'com.kms.katalon.core.annotation.AfterTestCase' method: 'Listener.sampleAfterTestSuite(...)'

2021-11-11 09:27:40 - [TEST_STEP][PASSED] - closeBrowser(): Invoke 'com.kms.katalon.core.annotation.AfterTestCase' method: 'Listener.sampleAfterTestSuite(...)' completed.

2021-11-11 09:27:40 - [MESSAGE][INFO] - Closing browser

2021-11-11 09:27:41 - [MESSAGE][PASSED] - Browser is closed

2021-11-11 09:27:41 - [MESSAGE][INFO] - Invoke 'com.kms.katalon.core.annotation.AfterTestCase' method: 'Listener.sampleAfterTestSuite(...)' completed.]]></system-out>
         <system-err><![CDATA[]]></system-err>
      </testcase>
      <testcase name="Test Cases/Case Repository/e-Fatura/Gelen Kutusu/Faturalar/Toplu Indirme" time="70.197" classname="Test Cases/Case Repository/e-Fatura/Gelen Kutusu/Faturalar/Toplu Indirme" status="PASSED">
         <system-out><![CDATA[2021-11-11 09:27:41 - [TEST_CASE][PASSED] - Test Cases/Case Repository/e-Fatura/Gelen Kutusu/Faturalar/Toplu Indirme: Test Cases/Case Repository/e-Fatura/Gelen Kutusu/Faturalar/Toplu Indirme

2021-11-11 09:27:41 - [TEST_STEP][PASSED] - Start listener action : sampleBeforeTestSuite: Invoke 'com.kms.katalon.core.annotation.BeforeTestCase' method: 'Listener.sampleBeforeTestSuite(...)' completed.

2021-11-11 09:27:41 - [MESSAGE][INFO] - Starting invoke 'com.kms.katalon.core.annotation.BeforeTestCase' method: 'Listener.sampleBeforeTestSuite(...)'

2021-11-11 09:27:41 - [TEST_STEP][PASSED] - openBrowser(baseUrl): Browser is opened with url: 'https://efatura-stage.elogo.com.tr/'

2021-11-11 09:27:41 - [MESSAGE][INFO] - Opening browser

2021-11-11 09:27:41 - [MESSAGE][INFO] - Starting 'Chrome' driver

2021-11-11 09:27:41 - [MESSAGE][INFO] - User set preference: ['prefs', '{download.default_directory=C:\otomasyondownfiles}']

2021-11-11 09:27:41 - [MESSAGE][INFO] - Action delay is set to 0 milliseconds

2021-11-11 09:27:42 - [MESSAGE][INFO] - Navigating browser to: 'https://efatura-stage.elogo.com.tr/'

2021-11-11 09:27:45 - [MESSAGE][PASSED] - Browser is opened with url: 'https://efatura-stage.elogo.com.tr/'

2021-11-11 09:27:45 - [TEST_STEP][PASSED] - maximizeWindow(): Invoke 'com.kms.katalon.core.annotation.BeforeTestCase' method: 'Listener.sampleBeforeTestSuite(...)' completed.

2021-11-11 09:27:45 - [MESSAGE][INFO] - Maximizing current window

2021-11-11 09:27:45 - [MESSAGE][PASSED] - Current window maximized

2021-11-11 09:27:45 - [MESSAGE][INFO] - Invoke 'com.kms.katalon.core.annotation.BeforeTestCase' method: 'Listener.sampleBeforeTestSuite(...)' completed.

2021-11-11 09:27:45 - [TEST_STEP][PASSED] - runFeatureFile("Include/features/e-Fatura/Gelen Kutusu/Faturalar/Toplu Indirme.feature"): Feature file: 'Include/features/e-Fatura/Gelen Kutusu/Faturalar/Toplu Indirme.feature' was passed

2021-11-11 09:27:45 - [MESSAGE][INFO] - Starting run keyword runFeatureFile: 'Include/features/e-Fatura/Gelen Kutusu/Faturalar/Toplu Indirme.feature' and extract report to folder: 'C:\Users\DELL\Documents\GitHub\EES_KatalonLogo\Reports\20211111_090730\Suite Repository\ExceleAktarVeTopluIndirme\20211111_090810/cucumber_report/1636612065844'...

2021-11-11 09:27:45 - [MESSAGE][INFO] - Glue: []

2021-11-11 09:27:46 - [MESSAGE][INFO] - Checking called Test Case

2021-11-11 09:27:46 - [MESSAGE][INFO] - Starting to call Test Case 'Test Cases/Sayfalar/Giris_Sayfasi/Login'

2021-11-11 09:27:46 - [TEST_CASE][PASSED] - Test Cases/Sayfalar/Giris_Sayfasi/Login: Test Cases/Sayfalar/Giris_Sayfasi/Login

2021-11-11 09:27:46 - [TEST_STEP][PASSED] - Sayfa_Basligi = getWindowTitle(): Current window's title is: 'LOGO e-Fatura'

2021-11-11 09:27:46 - [MESSAGE][INFO] - Getting current window's title

2021-11-11 09:27:46 - [MESSAGE][PASSED] - Current window's title is: 'LOGO e-Fatura'

2021-11-11 09:27:46 - [TEST_STEP][PASSED] - verifyMatch(Sayfa_Basligi, "LOGO e-Fatura", false): Actual text 'LOGO e-Fatura' and expected text 'LOGO e-Fatura' are matched 

2021-11-11 09:27:46 - [MESSAGE][INFO] - Matching actual text 'LOGO e-Fatura' with expected text 'LOGO e-Fatura'

2021-11-11 09:27:46 - [MESSAGE][PASSED] - Actual text 'LOGO e-Fatura' and expected text 'LOGO e-Fatura' are matched 

2021-11-11 09:27:46 - [TEST_STEP][PASSED] - sendKeys(findTestObject("Sayfalar/Giris_Sayfasi/Firma_Kodu"), KullaniciAdi): Keys 'ELOGO6' sent to object: 'Object Repository/Sayfalar/Giris_Sayfasi/Firma_Kodu'

2021-11-11 09:27:46 - [MESSAGE][INFO] - Finding Test Object 'Object Repository/Sayfalar/Giris_Sayfasi/Firma_Kodu'

2021-11-11 09:27:46 - [MESSAGE][INFO] - Sending keys 'ELOGO6' to object: 'Object Repository/Sayfalar/Giris_Sayfasi/Firma_Kodu'

2021-11-11 09:27:46 - [MESSAGE][INFO] - Finding web element from Test Object's properties

2021-11-11 09:27:46 - [MESSAGE][INFO] - Checking timeout

2021-11-11 09:27:46 - [MESSAGE][INFO] - Finding web element with id: 'Object Repository/Sayfalar/Giris_Sayfasi/Firma_Kodu' located by 'By.xpath: //*[@id = 'AccountName']' in '30' second(s)

2021-11-11 09:27:46 - [MESSAGE][INFO] - Smart Wait Function is triggered

2021-11-11 09:27:46 - [MESSAGE][INFO] - Found 1 web elements with id: 'Object Repository/Sayfalar/Giris_Sayfasi/Firma_Kodu' located by 'By.xpath: //*[@id = 'AccountName']' in '30' second(s)

2021-11-11 09:27:47 - [MESSAGE][PASSED] - Keys 'ELOGO6' sent to object: 'Object Repository/Sayfalar/Giris_Sayfasi/Firma_Kodu'

2021-11-11 09:27:47 - [TEST_STEP][PASSED] - sendKeys(findTestObject("Sayfalar/Giris_Sayfasi/Sifre"), Sifre): Keys '123456' sent to object: 'Object Repository/Sayfalar/Giris_Sayfasi/Sifre'

2021-11-11 09:27:47 - [MESSAGE][INFO] - Finding Test Object 'Object Repository/Sayfalar/Giris_Sayfasi/Sifre'

2021-11-11 09:27:47 - [MESSAGE][INFO] - Sending keys '123456' to object: 'Object Repository/Sayfalar/Giris_Sayfasi/Sifre'

2021-11-11 09:27:47 - [MESSAGE][INFO] - Finding web element from Test Object's properties

2021-11-11 09:27:47 - [MESSAGE][INFO] - Checking timeout

2021-11-11 09:27:47 - [MESSAGE][INFO] - Finding web element with id: 'Object Repository/Sayfalar/Giris_Sayfasi/Sifre' located by 'By.xpath: //*[@id = 'Password']' in '30' second(s)

2021-11-11 09:27:47 - [MESSAGE][INFO] - Smart Wait Function is triggered

2021-11-11 09:27:47 - [MESSAGE][INFO] - Found 1 web elements with id: 'Object Repository/Sayfalar/Giris_Sayfasi/Sifre' located by 'By.xpath: //*[@id = 'Password']' in '30' second(s)

2021-11-11 09:27:48 - [MESSAGE][PASSED] - Keys '123456' sent to object: 'Object Repository/Sayfalar/Giris_Sayfasi/Sifre'

2021-11-11 09:27:48 - [TEST_STEP][PASSED] - findWebElement(findTestObject("Sayfalar/Giris_Sayfasi/Giris_Butonu")).click(): Found 1 web elements with id: 'Object Repository/Sayfalar/Giris_Sayfasi/Giris_Butonu' located by 'By.cssSelector: #btnLogin' in '30' second(s)

2021-11-11 09:27:48 - [MESSAGE][INFO] - Finding Test Object 'Object Repository/Sayfalar/Giris_Sayfasi/Giris_Butonu'

2021-11-11 09:27:48 - [MESSAGE][INFO] - Finding web element from Test Object's properties

2021-11-11 09:27:48 - [MESSAGE][INFO] - Checking timeout

2021-11-11 09:27:48 - [MESSAGE][INFO] - Finding web element with id: 'Object Repository/Sayfalar/Giris_Sayfasi/Giris_Butonu' located by 'By.cssSelector: #btnLogin' in '30' second(s)

2021-11-11 09:27:48 - [MESSAGE][INFO] - Smart Wait Function is triggered

2021-11-11 09:27:48 - [MESSAGE][INFO] - Found 1 web elements with id: 'Object Repository/Sayfalar/Giris_Sayfasi/Giris_Butonu' located by 'By.cssSelector: #btnLogin' in '30' second(s)

2021-11-11 09:27:50 - [TEST_STEP][PASSED] - if (verifyElementPresent(findTestObject("Object Repository/Sayfalar/Giris_Sayfasi/RetveTamam_Butonu"), 5, OPTIONAL)): null

2021-11-11 09:27:50 - [MESSAGE][INFO] - Finding Test Object 'Object Repository/Sayfalar/Giris_Sayfasi/RetveTamam_Butonu'

2021-11-11 09:27:51 - [MESSAGE][INFO] - Checking object

2021-11-11 09:27:51 - [MESSAGE][INFO] - Finding web element from Test Object's properties

2021-11-11 09:27:51 - [MESSAGE][INFO] - Checking timeout

2021-11-11 09:27:51 - [MESSAGE][INFO] - Finding web element with id: 'Object Repository/Sayfalar/Giris_Sayfasi/RetveTamam_Butonu' located by 'By.xpath: //*[@class = 'btn btn-default']' in '5' second(s)

2021-11-11 09:27:51 - [MESSAGE][INFO] - Smart Wait Function is triggered

2021-11-11 09:27:51 - [MESSAGE][INFO] - Found 1 web elements with id: 'Object Repository/Sayfalar/Giris_Sayfasi/RetveTamam_Butonu' located by 'By.xpath: //*[@class = 'btn btn-default']' in '5' second(s)

2021-11-11 09:27:51 - [MESSAGE][PASSED] - Object 'Object Repository/Sayfalar/Giris_Sayfasi/RetveTamam_Butonu' is present

2021-11-11 09:27:51 - [TEST_STEP][PASSED] - click(findTestObject("Object Repository/Sayfalar/Giris_Sayfasi/RetveTamam_Butonu")): Object: 'Object Repository/Sayfalar/Giris_Sayfasi/RetveTamam_Butonu' is clicked on

2021-11-11 09:27:51 - [MESSAGE][INFO] - Finding Test Object 'Object Repository/Sayfalar/Giris_Sayfasi/RetveTamam_Butonu'

2021-11-11 09:27:51 - [MESSAGE][INFO] - Checking object

2021-11-11 09:27:51 - [MESSAGE][INFO] - Finding web element from Test Object's properties

2021-11-11 09:27:51 - [MESSAGE][INFO] - Checking timeout

2021-11-11 09:27:51 - [MESSAGE][INFO] - Finding web element with id: 'Object Repository/Sayfalar/Giris_Sayfasi/RetveTamam_Butonu' located by 'By.xpath: //*[@class = 'btn btn-default']' in '30' second(s)

2021-11-11 09:27:51 - [MESSAGE][INFO] - Smart Wait Function is triggered

2021-11-11 09:27:51 - [MESSAGE][INFO] - Found 1 web elements with id: 'Object Repository/Sayfalar/Giris_Sayfasi/RetveTamam_Butonu' located by 'By.xpath: //*[@class = 'btn btn-default']' in '30' second(s)

2021-11-11 09:27:51 - [MESSAGE][INFO] - Clicking on object: 'Object Repository/Sayfalar/Giris_Sayfasi/RetveTamam_Butonu'

2021-11-11 09:27:51 - [MESSAGE][PASSED] - Object: 'Object Repository/Sayfalar/Giris_Sayfasi/RetveTamam_Butonu' is clicked on

2021-11-11 09:27:51 - [TEST_STEP][PASSED] - click(findTestObject("Object Repository/Sayfalar/Giris_Sayfasi/RetveTamam_Butonu")): Object: 'Object Repository/Sayfalar/Giris_Sayfasi/RetveTamam_Butonu' is clicked on

2021-11-11 09:27:51 - [MESSAGE][INFO] - Finding Test Object 'Object Repository/Sayfalar/Giris_Sayfasi/RetveTamam_Butonu'

2021-11-11 09:27:51 - [MESSAGE][INFO] - Checking object

2021-11-11 09:27:51 - [MESSAGE][INFO] - Finding web element from Test Object's properties

2021-11-11 09:27:51 - [MESSAGE][INFO] - Checking timeout

2021-11-11 09:27:51 - [MESSAGE][INFO] - Finding web element with id: 'Object Repository/Sayfalar/Giris_Sayfasi/RetveTamam_Butonu' located by 'By.xpath: //*[@class = 'btn btn-default']' in '30' second(s)

2021-11-11 09:27:51 - [MESSAGE][INFO] - Smart Wait Function is triggered

2021-11-11 09:27:58 - [MESSAGE][INFO] - Found 1 web elements with id: 'Object Repository/Sayfalar/Giris_Sayfasi/RetveTamam_Butonu' located by 'By.xpath: //*[@class = 'btn btn-default']' in '30' second(s)

2021-11-11 09:27:58 - [MESSAGE][INFO] - Clicking on object: 'Object Repository/Sayfalar/Giris_Sayfasi/RetveTamam_Butonu'

2021-11-11 09:27:58 - [MESSAGE][PASSED] - Object: 'Object Repository/Sayfalar/Giris_Sayfasi/RetveTamam_Butonu' is clicked on

2021-11-11 09:27:58 - [TEST_STEP][PASSED] - if (verifyElementPresent(findTestObject("Sayfalar/Giris_Sayfasi/PopupOK"), 5, OPTIONAL)): null

2021-11-11 09:27:58 - [MESSAGE][INFO] - Finding Test Object 'Object Repository/Sayfalar/Giris_Sayfasi/PopupOK'

2021-11-11 09:27:58 - [MESSAGE][INFO] - Checking object

2021-11-11 09:27:58 - [MESSAGE][INFO] - Finding web element from Test Object's properties

2021-11-11 09:27:58 - [MESSAGE][INFO] - Checking timeout

2021-11-11 09:27:58 - [MESSAGE][INFO] - Finding web element with id: 'Object Repository/Sayfalar/Giris_Sayfasi/PopupOK' located by 'By.cssSelector: .btn.btn-success' in '5' second(s)

2021-11-11 09:27:58 - [MESSAGE][INFO] - Smart Wait Function is triggered

2021-11-11 09:27:59 - [MESSAGE][INFO] - Found 1 web elements with id: 'Object Repository/Sayfalar/Giris_Sayfasi/PopupOK' located by 'By.cssSelector: .btn.btn-success' in '5' second(s)

2021-11-11 09:27:59 - [MESSAGE][PASSED] - Object 'Object Repository/Sayfalar/Giris_Sayfasi/PopupOK' is present

2021-11-11 09:27:59 - [TEST_STEP][PASSED] - click(findTestObject("Object Repository/Sayfalar/Giris_Sayfasi/PopupCarpiGiris")): Object: 'Object Repository/Sayfalar/Giris_Sayfasi/PopupCarpiGiris' is clicked on

2021-11-11 09:27:59 - [MESSAGE][INFO] - Finding Test Object 'Object Repository/Sayfalar/Giris_Sayfasi/PopupCarpiGiris'

2021-11-11 09:27:59 - [MESSAGE][INFO] - Checking object

2021-11-11 09:27:59 - [MESSAGE][INFO] - Finding web element from Test Object's properties

2021-11-11 09:27:59 - [MESSAGE][INFO] - Checking timeout

2021-11-11 09:27:59 - [MESSAGE][INFO] - Finding web element with id: 'Object Repository/Sayfalar/Giris_Sayfasi/PopupCarpiGiris' located by 'By.cssSelector: .bootbox-close-button.close' in '30' second(s)

2021-11-11 09:27:59 - [MESSAGE][INFO] - Smart Wait Function is triggered

2021-11-11 09:27:59 - [MESSAGE][INFO] - Found 1 web elements with id: 'Object Repository/Sayfalar/Giris_Sayfasi/PopupCarpiGiris' located by 'By.cssSelector: .bootbox-close-button.close' in '30' second(s)

2021-11-11 09:27:59 - [MESSAGE][INFO] - Clicking on object: 'Object Repository/Sayfalar/Giris_Sayfasi/PopupCarpiGiris'

2021-11-11 09:27:59 - [MESSAGE][PASSED] - Object: 'Object Repository/Sayfalar/Giris_Sayfasi/PopupCarpiGiris' is clicked on

2021-11-11 09:27:59 - [TEST_STEP][PASSED] - verifyElementVisible(findTestObject("Object Repository/Kullanici_Islemleri/KullaniciIslemleri")): Object 'Object Repository/Kullanici_Islemleri/KullaniciIslemleri' is visible

2021-11-11 09:27:59 - [MESSAGE][INFO] - Finding Test Object 'Object Repository/Kullanici_Islemleri/KullaniciIslemleri'

2021-11-11 09:28:00 - [MESSAGE][INFO] - Checking object

2021-11-11 09:28:00 - [MESSAGE][INFO] - Finding web element from Test Object's properties

2021-11-11 09:28:00 - [MESSAGE][INFO] - Checking timeout

2021-11-11 09:28:00 - [MESSAGE][INFO] - Finding web element with id: 'Object Repository/Kullanici_Islemleri/KullaniciIslemleri' located by 'By.cssSelector: .dropdown>a>img' in '30' second(s)

2021-11-11 09:28:00 - [MESSAGE][INFO] - Smart Wait Function is triggered

2021-11-11 09:28:00 - [MESSAGE][INFO] - Found 1 web elements with id: 'Object Repository/Kullanici_Islemleri/KullaniciIslemleri' located by 'By.cssSelector: .dropdown>a>img' in '30' second(s)

2021-11-11 09:28:00 - [MESSAGE][PASSED] - Object 'Object Repository/Kullanici_Islemleri/KullaniciIslemleri' is visible

2021-11-11 09:28:00 - [MESSAGE][PASSED] - Call Test Case 'Test Cases/Sayfalar/Giris_Sayfasi/Login' successfully

2021-11-11 09:28:00 - [MESSAGE][INFO] - Checking called Test Case

2021-11-11 09:28:00 - [MESSAGE][INFO] - Starting to call Test Case 'Test Cases/Menu/AnaMenuSecimi'

2021-11-11 09:28:00 - [TEST_CASE][PASSED] - Test Cases/Menu/AnaMenuSecimi: Test Cases/Menu/AnaMenuSecimi

2021-11-11 09:28:00 - [TEST_STEP][PASSED] - Method.TextDegerineEsitElementeTikla(findTestObject("Menu/Ana_Menu"), Ana_Menu): Method.TextDegerineEsitElementeTikla is PASSED

2021-11-11 09:28:00 - [MESSAGE][INFO] - Finding Test Object 'Object Repository/Menu/Ana_Menu'

2021-11-11 09:28:00 - [MESSAGE][INFO] - Checking timeout

2021-11-11 09:28:00 - [MESSAGE][INFO] - Finding web element with id: 'Object Repository/Menu/Ana_Menu' located by 'By.xpath: //*[@class = 'dropdown-toggle']' in '10' second(s)

2021-11-11 09:28:00 - [MESSAGE][INFO] - Smart Wait Function is triggered

2021-11-11 09:28:01 - [MESSAGE][INFO] - Found 14 web elements with id: 'Object Repository/Menu/Ana_Menu' located by 'By.xpath: //*[@class = 'dropdown-toggle']' in '10' second(s)

2021-11-11 09:28:01 - [MESSAGE][PASSED] - Method.TextDegerineEsitElementeTikla is PASSED

2021-11-11 09:28:01 - [MESSAGE][PASSED] - Call Test Case 'Test Cases/Menu/AnaMenuSecimi' successfully

2021-11-11 09:28:01 - [MESSAGE][INFO] - Checking called Test Case

2021-11-11 09:28:01 - [MESSAGE][INFO] - Starting to call Test Case 'Test Cases/Menu/BasligaGoreAltMenuSecimi'

2021-11-11 09:28:01 - [TEST_CASE][PASSED] - Test Cases/Menu/BasligaGoreAltMenuSecimi: Test Cases/Menu/BasligaGoreAltMenuSecimi

2021-11-11 09:28:01 - [TEST_STEP][PASSED] - Method.TextDegerineEsitElementinAltindakiTextDegerineEsitOlanaTikla(findTestObject("Menu/Menu_Basligi"), findTestObject("Menu/Basliga_Gore_Alt_Menu"), Baslik, Alt_Menu): Method.TextDegerineEsitElementinAltindakiTextDegerineEsitOlanaTikla is PASSED

2021-11-11 09:28:01 - [MESSAGE][INFO] - Finding Test Object 'Object Repository/Menu/Menu_Basligi'

2021-11-11 09:28:01 - [MESSAGE][INFO] - Finding Test Object 'Object Repository/Menu/Basliga_Gore_Alt_Menu'

2021-11-11 09:28:01 - [MESSAGE][INFO] - Checking timeout

2021-11-11 09:28:01 - [MESSAGE][INFO] - Finding web element with id: 'Object Repository/Menu/Menu_Basligi' located by 'By.xpath: //li[@class='dropdown dropdown-large open']//li[@class='dropdown-header']' in '10' second(s)

2021-11-11 09:28:01 - [MESSAGE][INFO] - Smart Wait Function is triggered

2021-11-11 09:28:01 - [MESSAGE][INFO] - Found 3 web elements with id: 'Object Repository/Menu/Menu_Basligi' located by 'By.xpath: //li[@class='dropdown dropdown-large open']//li[@class='dropdown-header']' in '10' second(s)

2021-11-11 09:28:01 - [MESSAGE][INFO] - Smart Wait Function is triggered

2021-11-11 09:28:06 - [MESSAGE][PASSED] - Method.TextDegerineEsitElementinAltindakiTextDegerineEsitOlanaTikla is PASSED

2021-11-11 09:28:06 - [MESSAGE][PASSED] - Call Test Case 'Test Cases/Menu/BasligaGoreAltMenuSecimi' successfully

2021-11-11 09:28:06 - [MESSAGE][INFO] - Checking called Test Case

2021-11-11 09:28:06 - [MESSAGE][INFO] - Starting to call Test Case 'Test Cases/Filtreler/BaslangicYaz'

2021-11-11 09:28:06 - [TEST_CASE][PASSED] - Test Cases/Filtreler/BaslangicYaz: Test Cases/Filtreler/BaslangicYaz

2021-11-11 09:28:06 - [TEST_STEP][PASSED] - Method.TextDegerineEsitElementinAltindakineTikla(findTestObject("Filtreler/Basliklar"), findTestObject("Filtreler/Basliga_Gore_Baslangic_Image"), Filtre_Adi): Method.TextDegerineEsitElementinAltindakineTikla is PASSED

2021-11-11 09:28:06 - [MESSAGE][INFO] - Finding Test Object 'Object Repository/Filtreler/Basliklar'

2021-11-11 09:28:06 - [MESSAGE][INFO] - Finding Test Object 'Object Repository/Filtreler/Basliga_Gore_Baslangic_Image'

2021-11-11 09:28:06 - [MESSAGE][INFO] - Checking timeout

2021-11-11 09:28:06 - [MESSAGE][INFO] - Finding web element with id: 'Object Repository/Filtreler/Basliklar' located by 'By.cssSelector: .control-label.col-sm-4.paddingMarginRLC' in '10' second(s)

2021-11-11 09:28:06 - [MESSAGE][INFO] - Smart Wait Function is triggered

2021-11-11 09:28:07 - [MESSAGE][INFO] - Found 19 web elements with id: 'Object Repository/Filtreler/Basliklar' located by 'By.cssSelector: .control-label.col-sm-4.paddingMarginRLC' in '10' second(s)

2021-11-11 09:28:07 - [MESSAGE][INFO] - Smart Wait Function is triggered

2021-11-11 09:28:07 - [MESSAGE][PASSED] - Method.TextDegerineEsitElementinAltindakineTikla is PASSED

2021-11-11 09:28:07 - [TEST_STEP][PASSED] - Method.TextDegerineEsitElementinAltindakiTextboxtaYaz(findTestObject("Filtreler/Basliklar"), findTestObject("Filtreler/Basliga_Gore_Baslangic"), Filtre_Adi, Filtre_Degeri): Method.TextDegerineEsitElementinAltindakiTextboxtaYaz is PASSED

2021-11-11 09:28:07 - [MESSAGE][INFO] - Finding Test Object 'Object Repository/Filtreler/Basliklar'

2021-11-11 09:28:07 - [MESSAGE][INFO] - Finding Test Object 'Object Repository/Filtreler/Basliga_Gore_Baslangic'

2021-11-11 09:28:07 - [MESSAGE][INFO] - Checking timeout

2021-11-11 09:28:07 - [MESSAGE][INFO] - Finding web element with id: 'Object Repository/Filtreler/Basliklar' located by 'By.cssSelector: .control-label.col-sm-4.paddingMarginRLC' in '10' second(s)

2021-11-11 09:28:07 - [MESSAGE][INFO] - Smart Wait Function is triggered

2021-11-11 09:28:08 - [MESSAGE][INFO] - Found 19 web elements with id: 'Object Repository/Filtreler/Basliklar' located by 'By.cssSelector: .control-label.col-sm-4.paddingMarginRLC' in '10' second(s)

2021-11-11 09:28:08 - [MESSAGE][INFO] - Smart Wait Function is triggered

2021-11-11 09:28:08 - [MESSAGE][PASSED] - Method.TextDegerineEsitElementinAltindakiTextboxtaYaz is PASSED

2021-11-11 09:28:08 - [MESSAGE][PASSED] - Call Test Case 'Test Cases/Filtreler/BaslangicYaz' successfully

2021-11-11 09:28:08 - [MESSAGE][INFO] - Checking called Test Case

2021-11-11 09:28:08 - [MESSAGE][INFO] - Starting to call Test Case 'Test Cases/Filtreler/BitisYaz'

2021-11-11 09:28:08 - [TEST_CASE][PASSED] - Test Cases/Filtreler/BitisYaz: Test Cases/Filtreler/BitisYaz

2021-11-11 09:28:08 - [TEST_STEP][PASSED] - Method.TextDegerineEsitElementinAltindakineTikla(findTestObject("Filtreler/Basliklar"), findTestObject("Filtreler/Basliga_Gore_Bitis_Image"), Filtre_Adi): Method.TextDegerineEsitElementinAltindakineTikla is PASSED

2021-11-11 09:28:08 - [MESSAGE][INFO] - Finding Test Object 'Object Repository/Filtreler/Basliklar'

2021-11-11 09:28:08 - [MESSAGE][INFO] - Finding Test Object 'Object Repository/Filtreler/Basliga_Gore_Bitis_Image'

2021-11-11 09:28:09 - [MESSAGE][INFO] - Checking timeout

2021-11-11 09:28:09 - [MESSAGE][INFO] - Finding web element with id: 'Object Repository/Filtreler/Basliklar' located by 'By.cssSelector: .control-label.col-sm-4.paddingMarginRLC' in '10' second(s)

2021-11-11 09:28:09 - [MESSAGE][INFO] - Smart Wait Function is triggered

2021-11-11 09:28:09 - [MESSAGE][INFO] - Found 19 web elements with id: 'Object Repository/Filtreler/Basliklar' located by 'By.cssSelector: .control-label.col-sm-4.paddingMarginRLC' in '10' second(s)

2021-11-11 09:28:09 - [MESSAGE][INFO] - Smart Wait Function is triggered

2021-11-11 09:28:09 - [MESSAGE][PASSED] - Method.TextDegerineEsitElementinAltindakineTikla is PASSED

2021-11-11 09:28:09 - [TEST_STEP][PASSED] - Method.TextDegerineEsitElementinAltindakiTextboxtaYaz(findTestObject("Filtreler/Basliklar"), findTestObject("Object Repository/Filtreler/Basliga_Gore_Bitis"), Filtre_Adi, Filtre_Degeri): Method.TextDegerineEsitElementinAltindakiTextboxtaYaz is PASSED

2021-11-11 09:28:09 - [MESSAGE][INFO] - Finding Test Object 'Object Repository/Filtreler/Basliklar'

2021-11-11 09:28:09 - [MESSAGE][INFO] - Finding Test Object 'Object Repository/Filtreler/Basliga_Gore_Bitis'

2021-11-11 09:28:10 - [MESSAGE][INFO] - Checking timeout

2021-11-11 09:28:10 - [MESSAGE][INFO] - Finding web element with id: 'Object Repository/Filtreler/Basliklar' located by 'By.cssSelector: .control-label.col-sm-4.paddingMarginRLC' in '10' second(s)

2021-11-11 09:28:10 - [MESSAGE][INFO] - Smart Wait Function is triggered

2021-11-11 09:28:10 - [MESSAGE][INFO] - Found 19 web elements with id: 'Object Repository/Filtreler/Basliklar' located by 'By.cssSelector: .control-label.col-sm-4.paddingMarginRLC' in '10' second(s)

2021-11-11 09:28:10 - [MESSAGE][INFO] - Smart Wait Function is triggered

2021-11-11 09:28:10 - [MESSAGE][PASSED] - Method.TextDegerineEsitElementinAltindakiTextboxtaYaz is PASSED

2021-11-11 09:28:10 - [MESSAGE][PASSED] - Call Test Case 'Test Cases/Filtreler/BitisYaz' successfully

2021-11-11 09:28:10 - [MESSAGE][INFO] - Checking called Test Case

2021-11-11 09:28:10 - [MESSAGE][INFO] - Starting to call Test Case 'Test Cases/Filtreler/TexboxaYaz'

2021-11-11 09:28:10 - [TEST_CASE][PASSED] - Test Cases/Filtreler/TexboxaYaz: Test Cases/Filtreler/TexboxaYaz

2021-11-11 09:28:10 - [TEST_STEP][PASSED] - Method.TextDegerineEsitElementinAltindakiTextboxtaYaz(findTestObject("Filtreler/Basliklar"), findTestObject("Filtreler/Basliga_Gore_Textbox"), Filtre_Adi, Filtre_Degeri): Method.TextDegerineEsitElementinAltindakiTextboxtaYaz is PASSED

2021-11-11 09:28:10 - [MESSAGE][INFO] - Finding Test Object 'Object Repository/Filtreler/Basliklar'

2021-11-11 09:28:10 - [MESSAGE][INFO] - Finding Test Object 'Object Repository/Filtreler/Basliga_Gore_Textbox'

2021-11-11 09:28:11 - [MESSAGE][INFO] - Checking timeout

2021-11-11 09:28:11 - [MESSAGE][INFO] - Finding web element with id: 'Object Repository/Filtreler/Basliklar' located by 'By.cssSelector: .control-label.col-sm-4.paddingMarginRLC' in '10' second(s)

2021-11-11 09:28:11 - [MESSAGE][INFO] - Smart Wait Function is triggered

2021-11-11 09:28:11 - [MESSAGE][INFO] - Found 19 web elements with id: 'Object Repository/Filtreler/Basliklar' located by 'By.cssSelector: .control-label.col-sm-4.paddingMarginRLC' in '10' second(s)

2021-11-11 09:28:11 - [MESSAGE][INFO] - Smart Wait Function is triggered

2021-11-11 09:28:11 - [MESSAGE][PASSED] - Method.TextDegerineEsitElementinAltindakiTextboxtaYaz is PASSED

2021-11-11 09:28:11 - [MESSAGE][PASSED] - Call Test Case 'Test Cases/Filtreler/TexboxaYaz' successfully

2021-11-11 09:28:11 - [MESSAGE][INFO] - Checking called Test Case

2021-11-11 09:28:11 - [MESSAGE][INFO] - Starting to call Test Case 'Test Cases/Filtreler/ButonaTikla'

2021-11-11 09:28:12 - [TEST_CASE][PASSED] - Test Cases/Filtreler/ButonaTikla: Test Cases/Filtreler/ButonaTikla

2021-11-11 09:28:12 - [TEST_STEP][PASSED] - Method.TextDegerineEsitElementeTikla(findTestObject("Filtreler/Butonlar"), Filtre_Buton): Method.TextDegerineEsitElementeTikla is PASSED

2021-11-11 09:28:12 - [MESSAGE][INFO] - Finding Test Object 'Object Repository/Filtreler/Butonlar'

2021-11-11 09:28:12 - [MESSAGE][INFO] - Checking timeout

2021-11-11 09:28:12 - [MESSAGE][INFO] - Finding web element with id: 'Object Repository/Filtreler/Butonlar' located by 'By.cssSelector: .dxb>span' in '10' second(s)

2021-11-11 09:28:12 - [MESSAGE][INFO] - Smart Wait Function is triggered

2021-11-11 09:28:12 - [MESSAGE][INFO] - Found 3 web elements with id: 'Object Repository/Filtreler/Butonlar' located by 'By.cssSelector: .dxb>span' in '10' second(s)

2021-11-11 09:28:12 - [MESSAGE][PASSED] - Method.TextDegerineEsitElementeTikla is PASSED

2021-11-11 09:28:12 - [MESSAGE][PASSED] - Call Test Case 'Test Cases/Filtreler/ButonaTikla' successfully

2021-11-11 09:28:12 - [MESSAGE][INFO] - Checking called Test Case

2021-11-11 09:28:12 - [MESSAGE][INFO] - Starting to call Test Case 'Test Cases/Tablo/TablodaVeriVarMi'

2021-11-11 09:28:12 - [TEST_CASE][PASSED] - Test Cases/Tablo/TablodaVeriVarMi: Test Cases/Tablo/TablodaVeriVarMi

2021-11-11 09:28:12 - [TEST_STEP][PASSED] - verifyTextNotPresent("Görüntülenecek veri yok", true): Text 'Görüntülenecek veri yok' is not present on page using regular expression

2021-11-11 09:28:12 - [MESSAGE][INFO] - Checking text present  using regular expression

2021-11-11 09:28:12 - [MESSAGE][INFO] - Smart Wait Function is triggered

2021-11-11 09:28:13 - [MESSAGE][INFO] - Finding text 'Görüntülenecek veri yok' on page  using regular expression

2021-11-11 09:28:13 - [MESSAGE][PASSED] - Text 'Görüntülenecek veri yok' is not present on page using regular expression

2021-11-11 09:28:13 - [MESSAGE][PASSED] - Call Test Case 'Test Cases/Tablo/TablodaVeriVarMi' successfully

2021-11-11 09:28:13 - [MESSAGE][INFO] - Checking called Test Case

2021-11-11 09:28:13 - [MESSAGE][INFO] - Starting to call Test Case 'Test Cases/Tablo/TablodanVeriSec'

2021-11-11 09:28:13 - [TEST_CASE][PASSED] - Test Cases/Tablo/TablodanVeriSec: Test Cases/Tablo/TablodanVeriSec

2021-11-11 09:28:13 - [TEST_STEP][PASSED] - Method.TextDegerineEsitElementinAltindakineTikla(findTestObject("Tablo/Veriler"), findTestObject("Tablo/VerininCheckBoxi"), Veri_Adi): Method.TextDegerineEsitElementinAltindakineTikla is PASSED

2021-11-11 09:28:13 - [MESSAGE][INFO] - Finding Test Object 'Object Repository/Tablo/Veriler'

2021-11-11 09:28:13 - [MESSAGE][INFO] - Finding Test Object 'Object Repository/Tablo/VerininCheckBoxi'

2021-11-11 09:28:13 - [MESSAGE][INFO] - Checking timeout

2021-11-11 09:28:13 - [MESSAGE][INFO] - Finding web element with id: 'Object Repository/Tablo/Veriler' located by 'By.cssSelector: td.dxgv b ,td.dxgv' in '10' second(s)

2021-11-11 09:28:13 - [MESSAGE][INFO] - Smart Wait Function is triggered

2021-11-11 09:28:14 - [MESSAGE][INFO] - Found 140 web elements with id: 'Object Repository/Tablo/Veriler' located by 'By.cssSelector: td.dxgv b ,td.dxgv' in '10' second(s)

2021-11-11 09:28:14 - [MESSAGE][INFO] - Smart Wait Function is triggered

2021-11-11 09:28:14 - [MESSAGE][PASSED] - Method.TextDegerineEsitElementinAltindakineTikla is PASSED

2021-11-11 09:28:14 - [MESSAGE][PASSED] - Call Test Case 'Test Cases/Tablo/TablodanVeriSec' successfully

2021-11-11 09:28:14 - [MESSAGE][INFO] - Checking called Test Case

2021-11-11 09:28:14 - [MESSAGE][INFO] - Starting to call Test Case 'Test Cases/Butonlar/ButonaTikla'

2021-11-11 09:28:14 - [TEST_CASE][PASSED] - Test Cases/Butonlar/ButonaTikla: Test Cases/Butonlar/ButonaTikla

2021-11-11 09:28:14 - [TEST_STEP][PASSED] - Method.TextDegerineEsitElementeTiklaEquals(findTestObject("Butonlar/Butonlar"), Buton_Adi): Method.TextDegerineEsitElementeTiklaEquals is PASSED

2021-11-11 09:28:14 - [MESSAGE][INFO] - Finding Test Object 'Object Repository/Butonlar/Butonlar'

2021-11-11 09:28:14 - [MESSAGE][INFO] - Checking timeout

2021-11-11 09:28:14 - [MESSAGE][INFO] - Finding web element with id: 'Object Repository/Butonlar/Butonlar' located by 'By.cssSelector: .panel.panel-default.text-center.footerPanel .btn,.btn.btn-primary.btnControls' in '10' second(s)

2021-11-11 09:28:14 - [MESSAGE][INFO] - Smart Wait Function is triggered

2021-11-11 09:28:15 - [MESSAGE][INFO] - Found 15 web elements with id: 'Object Repository/Butonlar/Butonlar' located by 'By.cssSelector: .panel.panel-default.text-center.footerPanel .btn,.btn.btn-primary.btnControls' in '10' second(s)

2021-11-11 09:28:15 - [MESSAGE][PASSED] - Method.TextDegerineEsitElementeTiklaEquals is PASSED

2021-11-11 09:28:15 - [MESSAGE][PASSED] - Call Test Case 'Test Cases/Butonlar/ButonaTikla' successfully

2021-11-11 09:28:15 - [MESSAGE][INFO] - Checking called Test Case

2021-11-11 09:28:15 - [MESSAGE][INFO] - Starting to call Test Case 'Test Cases/Butonlar/AltButonaTikla'

2021-11-11 09:28:15 - [TEST_CASE][PASSED] - Test Cases/Butonlar/AltButonaTikla: Test Cases/Butonlar/AltButonaTikla

2021-11-11 09:28:15 - [TEST_STEP][PASSED] - Method.TextDegerineEsitElementeTikla(findTestObject("Butonlar/AltButonlar"), Alt_Buton): Method.TextDegerineEsitElementeTikla is PASSED

2021-11-11 09:28:15 - [MESSAGE][INFO] - Finding Test Object 'Object Repository/Butonlar/AltButonlar'

2021-11-11 09:28:15 - [MESSAGE][INFO] - Checking timeout

2021-11-11 09:28:15 - [MESSAGE][INFO] - Finding web element with id: 'Object Repository/Butonlar/AltButonlar' located by 'By.cssSelector: .btn-group.open li>a' in '10' second(s)

2021-11-11 09:28:15 - [MESSAGE][INFO] - Smart Wait Function is triggered

2021-11-11 09:28:15 - [MESSAGE][INFO] - Found 4 web elements with id: 'Object Repository/Butonlar/AltButonlar' located by 'By.cssSelector: .btn-group.open li>a' in '10' second(s)

2021-11-11 09:28:15 - [MESSAGE][PASSED] - Method.TextDegerineEsitElementeTikla is PASSED

2021-11-11 09:28:15 - [MESSAGE][PASSED] - Call Test Case 'Test Cases/Butonlar/AltButonaTikla' successfully

2021-11-11 09:28:15 - [MESSAGE][INFO] - Checking called Test Case

2021-11-11 09:28:15 - [MESSAGE][INFO] - Starting to call Test Case 'Test Cases/Popup/PopupMesajiIceriyorMu'

2021-11-11 09:28:15 - [TEST_CASE][PASSED] - Test Cases/Popup/PopupMesajiIceriyorMu: Test Cases/Popup/PopupMesajiIceriyorMu

2021-11-11 09:28:15 - [TEST_STEP][PASSED] - waitForElementVisible(findTestObject("Popup/Popup"), 10): Object 'Object Repository/Popup/Popup' is visible

2021-11-11 09:28:15 - [MESSAGE][INFO] - Finding Test Object 'Object Repository/Popup/Popup'

2021-11-11 09:28:15 - [MESSAGE][INFO] - Checking object

2021-11-11 09:28:15 - [MESSAGE][INFO] - Checking timeout

2021-11-11 09:28:15 - [MESSAGE][INFO] - Finding web element from Test Object's properties

2021-11-11 09:28:15 - [MESSAGE][INFO] - Checking timeout

2021-11-11 09:28:15 - [MESSAGE][INFO] - Finding web element with id: 'Object Repository/Popup/Popup' located by 'By.cssSelector: .bootbox-body' in '10' second(s)

2021-11-11 09:28:15 - [MESSAGE][INFO] - Smart Wait Function is triggered

2021-11-11 09:28:16 - [MESSAGE][INFO] - Found 1 web elements with id: 'Object Repository/Popup/Popup' located by 'By.cssSelector: .bootbox-body' in '10' second(s)

2021-11-11 09:28:16 - [MESSAGE][PASSED] - Object 'Object Repository/Popup/Popup' is visible

2021-11-11 09:28:16 - [TEST_STEP][PASSED] - if (!(getText(findTestObject("Popup/Popup")).contains(Mesaj))): Text of object 'Object Repository/Popup/Popup' is: 'Lütfen rapor bildiriminin gönderileceği e-posta adresini belirtiniz.
e-Posta Adresi'

2021-11-11 09:28:16 - [MESSAGE][INFO] - Finding Test Object 'Object Repository/Popup/Popup'

2021-11-11 09:28:16 - [MESSAGE][INFO] - Checking object

2021-11-11 09:28:16 - [MESSAGE][INFO] - Finding web element from Test Object's properties

2021-11-11 09:28:16 - [MESSAGE][INFO] - Checking timeout

2021-11-11 09:28:16 - [MESSAGE][INFO] - Finding web element with id: 'Object Repository/Popup/Popup' located by 'By.cssSelector: .bootbox-body' in '30' second(s)

2021-11-11 09:28:16 - [MESSAGE][INFO] - Smart Wait Function is triggered

2021-11-11 09:28:17 - [MESSAGE][INFO] - Found 1 web elements with id: 'Object Repository/Popup/Popup' located by 'By.cssSelector: .bootbox-body' in '30' second(s)

2021-11-11 09:28:17 - [MESSAGE][INFO] - Getting text of object 'Object Repository/Popup/Popup'

2021-11-11 09:28:17 - [MESSAGE][PASSED] - Text of object 'Object Repository/Popup/Popup' is: 'Lütfen rapor bildiriminin gönderileceği e-posta adresini belirtiniz.
e-Posta Adresi'

2021-11-11 09:28:17 - [TEST_STEP][PASSED] - RaporNo = getText(findTestObject("Popup/Popup")).substring(0, 6): Text of object 'Object Repository/Popup/Popup' is: 'Lütfen rapor bildiriminin gönderileceği e-posta adresini belirtiniz.
e-Posta Adresi'

2021-11-11 09:28:17 - [MESSAGE][INFO] - Finding Test Object 'Object Repository/Popup/Popup'

2021-11-11 09:28:17 - [MESSAGE][INFO] - Checking object

2021-11-11 09:28:17 - [MESSAGE][INFO] - Finding web element from Test Object's properties

2021-11-11 09:28:17 - [MESSAGE][INFO] - Checking timeout

2021-11-11 09:28:17 - [MESSAGE][INFO] - Finding web element with id: 'Object Repository/Popup/Popup' located by 'By.cssSelector: .bootbox-body' in '30' second(s)

2021-11-11 09:28:17 - [MESSAGE][INFO] - Smart Wait Function is triggered

2021-11-11 09:28:17 - [MESSAGE][INFO] - Found 1 web elements with id: 'Object Repository/Popup/Popup' located by 'By.cssSelector: .bootbox-body' in '30' second(s)

2021-11-11 09:28:17 - [MESSAGE][INFO] - Getting text of object 'Object Repository/Popup/Popup'

2021-11-11 09:28:17 - [MESSAGE][PASSED] - Text of object 'Object Repository/Popup/Popup' is: 'Lütfen rapor bildiriminin gönderileceği e-posta adresini belirtiniz.
e-Posta Adresi'

2021-11-11 09:28:17 - [TEST_STEP][PASSED] - Console.println(RaporNo): null

2021-11-11 09:28:17 - [MESSAGE][PASSED] - Call Test Case 'Test Cases/Popup/PopupMesajiIceriyorMu' successfully

2021-11-11 09:28:17 - [MESSAGE][INFO] - Checking called Test Case

2021-11-11 09:28:17 - [MESSAGE][INFO] - Starting to call Test Case 'Test Cases/Popup/PopupaEmailEklenir'

2021-11-11 09:28:17 - [TEST_CASE][PASSED] - Test Cases/Popup/PopupaEmailEklenir: Test Cases/Popup/PopupaEmailEklenir

2021-11-11 09:28:17 - [TEST_STEP][PASSED] - clearText(findTestObject("Popup/EmailText")): Text of object 'Object Repository/Popup/EmailText' is cleared

2021-11-11 09:28:17 - [MESSAGE][INFO] - Finding Test Object 'Object Repository/Popup/EmailText'

2021-11-11 09:28:17 - [MESSAGE][INFO] - Checking object

2021-11-11 09:28:17 - [MESSAGE][INFO] - Finding web element from Test Object's properties

2021-11-11 09:28:17 - [MESSAGE][INFO] - Checking timeout

2021-11-11 09:28:17 - [MESSAGE][INFO] - Finding web element with id: 'Object Repository/Popup/EmailText' located by 'By.xpath: //*[@id="eMails"]' in '30' second(s)

2021-11-11 09:28:17 - [MESSAGE][INFO] - Smart Wait Function is triggered

2021-11-11 09:28:18 - [MESSAGE][INFO] - Found 1 web elements with id: 'Object Repository/Popup/EmailText' located by 'By.xpath: //*[@id="eMails"]' in '30' second(s)

2021-11-11 09:28:18 - [MESSAGE][INFO] - Clearing text of object 'Object Repository/Popup/EmailText'

2021-11-11 09:28:18 - [MESSAGE][PASSED] - Text of object 'Object Repository/Popup/EmailText' is cleared

2021-11-11 09:28:18 - [TEST_STEP][PASSED] - sendKeys(findTestObject("Popup/EmailText"), Email): Keys 'elogotest@gmail.com;ali.kara@logo.com.tr' sent to object: 'Object Repository/Popup/EmailText'

2021-11-11 09:28:18 - [MESSAGE][INFO] - Finding Test Object 'Object Repository/Popup/EmailText'

2021-11-11 09:28:18 - [MESSAGE][INFO] - Sending keys 'elogotest@gmail.com;ali.kara@logo.com.tr' to object: 'Object Repository/Popup/EmailText'

2021-11-11 09:28:18 - [MESSAGE][INFO] - Finding web element from Test Object's properties

2021-11-11 09:28:18 - [MESSAGE][INFO] - Checking timeout

2021-11-11 09:28:18 - [MESSAGE][INFO] - Finding web element with id: 'Object Repository/Popup/EmailText' located by 'By.xpath: //*[@id="eMails"]' in '30' second(s)

2021-11-11 09:28:18 - [MESSAGE][INFO] - Smart Wait Function is triggered

2021-11-11 09:28:18 - [MESSAGE][INFO] - Found 1 web elements with id: 'Object Repository/Popup/EmailText' located by 'By.xpath: //*[@id="eMails"]' in '30' second(s)

2021-11-11 09:28:18 - [MESSAGE][PASSED] - Keys 'elogotest@gmail.com;ali.kara@logo.com.tr' sent to object: 'Object Repository/Popup/EmailText'

2021-11-11 09:28:18 - [MESSAGE][PASSED] - Call Test Case 'Test Cases/Popup/PopupaEmailEklenir' successfully

2021-11-11 09:28:18 - [MESSAGE][INFO] - Checking called Test Case

2021-11-11 09:28:18 - [MESSAGE][INFO] - Starting to call Test Case 'Test Cases/Popup/PopupButonSecilir'

2021-11-11 09:28:18 - [TEST_CASE][PASSED] - Test Cases/Popup/PopupButonSecilir: Test Cases/Popup/PopupButonSecilir

2021-11-11 09:28:18 - [TEST_STEP][PASSED] - Method.TextDegerineEsitElementeTikla(findTestObject("Popup/Popup_Butons"), Buton): Method.TextDegerineEsitElementeTikla is PASSED

2021-11-11 09:28:18 - [MESSAGE][INFO] - Finding Test Object 'Object Repository/Popup/Popup_Butons'

2021-11-11 09:28:18 - [MESSAGE][INFO] - Checking timeout

2021-11-11 09:28:18 - [MESSAGE][INFO] - Finding web element with id: 'Object Repository/Popup/Popup_Butons' located by 'By.cssSelector: .modal-footer>button' in '10' second(s)

2021-11-11 09:28:18 - [MESSAGE][INFO] - Smart Wait Function is triggered

2021-11-11 09:28:19 - [MESSAGE][INFO] - Found 2 web elements with id: 'Object Repository/Popup/Popup_Butons' located by 'By.cssSelector: .modal-footer>button' in '10' second(s)

2021-11-11 09:28:19 - [MESSAGE][PASSED] - Method.TextDegerineEsitElementeTikla is PASSED

2021-11-11 09:28:19 - [MESSAGE][PASSED] - Call Test Case 'Test Cases/Popup/PopupButonSecilir' successfully

2021-11-11 09:28:19 - [MESSAGE][INFO] - Checking called Test Case

2021-11-11 09:28:19 - [MESSAGE][INFO] - Starting to call Test Case 'Test Cases/Popup/PopupMesajiIceriyorMu'

2021-11-11 09:28:19 - [TEST_CASE][PASSED] - Test Cases/Popup/PopupMesajiIceriyorMu: Test Cases/Popup/PopupMesajiIceriyorMu

2021-11-11 09:28:19 - [TEST_STEP][PASSED] - waitForElementVisible(findTestObject("Popup/Popup"), 10): Object 'Object Repository/Popup/Popup' is visible

2021-11-11 09:28:19 - [MESSAGE][INFO] - Finding Test Object 'Object Repository/Popup/Popup'

2021-11-11 09:28:19 - [MESSAGE][INFO] - Checking object

2021-11-11 09:28:19 - [MESSAGE][INFO] - Checking timeout

2021-11-11 09:28:19 - [MESSAGE][INFO] - Finding web element from Test Object's properties

2021-11-11 09:28:19 - [MESSAGE][INFO] - Checking timeout

2021-11-11 09:28:19 - [MESSAGE][INFO] - Finding web element with id: 'Object Repository/Popup/Popup' located by 'By.cssSelector: .bootbox-body' in '10' second(s)

2021-11-11 09:28:19 - [MESSAGE][INFO] - Smart Wait Function is triggered

2021-11-11 09:28:20 - [MESSAGE][INFO] - Found 1 web elements with id: 'Object Repository/Popup/Popup' located by 'By.cssSelector: .bootbox-body' in '10' second(s)

2021-11-11 09:28:20 - [MESSAGE][PASSED] - Object 'Object Repository/Popup/Popup' is visible

2021-11-11 09:28:20 - [TEST_STEP][PASSED] - if (!(getText(findTestObject("Popup/Popup")).contains(Mesaj))): Text of object 'Object Repository/Popup/Popup' is: '16231 no’lu talebiniz işleme alınmıştır. Raporunuz hazırlandığında (elogotest@gmail.com;ali.kara@logo.com.tr) adresinize mail gönderilecektir.
Rapor durumunuzu Raporlar > Toplu Veri İndirme ekranından takip edebilir, hazırlandı durumundaki raporlarınızı ilgili menüden indirebilirsiniz.'

2021-11-11 09:28:20 - [MESSAGE][INFO] - Finding Test Object 'Object Repository/Popup/Popup'

2021-11-11 09:28:20 - [MESSAGE][INFO] - Checking object

2021-11-11 09:28:20 - [MESSAGE][INFO] - Finding web element from Test Object's properties

2021-11-11 09:28:20 - [MESSAGE][INFO] - Checking timeout

2021-11-11 09:28:20 - [MESSAGE][INFO] - Finding web element with id: 'Object Repository/Popup/Popup' located by 'By.cssSelector: .bootbox-body' in '30' second(s)

2021-11-11 09:28:20 - [MESSAGE][INFO] - Smart Wait Function is triggered

2021-11-11 09:28:20 - [MESSAGE][INFO] - Found 1 web elements with id: 'Object Repository/Popup/Popup' located by 'By.cssSelector: .bootbox-body' in '30' second(s)

2021-11-11 09:28:20 - [MESSAGE][INFO] - Getting text of object 'Object Repository/Popup/Popup'

2021-11-11 09:28:20 - [MESSAGE][PASSED] - Text of object 'Object Repository/Popup/Popup' is: '16231 no’lu talebiniz işleme alınmıştır. Raporunuz hazırlandığında (elogotest@gmail.com;ali.kara@logo.com.tr) adresinize mail gönderilecektir.
Rapor durumunuzu Raporlar > Toplu Veri İndirme ekranından takip edebilir, hazırlandı durumundaki raporlarınızı ilgili menüden indirebilirsiniz.'

2021-11-11 09:28:20 - [TEST_STEP][PASSED] - RaporNo = getText(findTestObject("Popup/Popup")).substring(0, 6): Text of object 'Object Repository/Popup/Popup' is: '16231 no’lu talebiniz işleme alınmıştır. Raporunuz hazırlandığında (elogotest@gmail.com;ali.kara@logo.com.tr) adresinize mail gönderilecektir.
Rapor durumunuzu Raporlar > Toplu Veri İndirme ekranından takip edebilir, hazırlandı durumundaki raporlarınızı ilgili menüden indirebilirsiniz.'

2021-11-11 09:28:20 - [MESSAGE][INFO] - Finding Test Object 'Object Repository/Popup/Popup'

2021-11-11 09:28:20 - [MESSAGE][INFO] - Checking object

2021-11-11 09:28:20 - [MESSAGE][INFO] - Finding web element from Test Object's properties

2021-11-11 09:28:20 - [MESSAGE][INFO] - Checking timeout

2021-11-11 09:28:20 - [MESSAGE][INFO] - Finding web element with id: 'Object Repository/Popup/Popup' located by 'By.cssSelector: .bootbox-body' in '30' second(s)

2021-11-11 09:28:20 - [MESSAGE][INFO] - Smart Wait Function is triggered

2021-11-11 09:28:20 - [MESSAGE][INFO] - Found 1 web elements with id: 'Object Repository/Popup/Popup' located by 'By.cssSelector: .bootbox-body' in '30' second(s)

2021-11-11 09:28:20 - [MESSAGE][INFO] - Getting text of object 'Object Repository/Popup/Popup'

2021-11-11 09:28:20 - [MESSAGE][PASSED] - Text of object 'Object Repository/Popup/Popup' is: '16231 no’lu talebiniz işleme alınmıştır. Raporunuz hazırlandığında (elogotest@gmail.com;ali.kara@logo.com.tr) adresinize mail gönderilecektir.
Rapor durumunuzu Raporlar > Toplu Veri İndirme ekranından takip edebilir, hazırlandı durumundaki raporlarınızı ilgili menüden indirebilirsiniz.'

2021-11-11 09:28:20 - [TEST_STEP][PASSED] - Console.println(RaporNo): null

2021-11-11 09:28:20 - [MESSAGE][PASSED] - Call Test Case 'Test Cases/Popup/PopupMesajiIceriyorMu' successfully

2021-11-11 09:28:20 - [MESSAGE][INFO] - Checking called Test Case

2021-11-11 09:28:20 - [MESSAGE][INFO] - Starting to call Test Case 'Test Cases/Popup/PopupButonSecilir'

2021-11-11 09:28:21 - [TEST_CASE][PASSED] - Test Cases/Popup/PopupButonSecilir: Test Cases/Popup/PopupButonSecilir

2021-11-11 09:28:21 - [TEST_STEP][PASSED] - Method.TextDegerineEsitElementeTikla(findTestObject("Popup/Popup_Butons"), Buton): Method.TextDegerineEsitElementeTikla is PASSED

2021-11-11 09:28:21 - [MESSAGE][INFO] - Finding Test Object 'Object Repository/Popup/Popup_Butons'

2021-11-11 09:28:21 - [MESSAGE][INFO] - Checking timeout

2021-11-11 09:28:21 - [MESSAGE][INFO] - Finding web element with id: 'Object Repository/Popup/Popup_Butons' located by 'By.cssSelector: .modal-footer>button' in '10' second(s)

2021-11-11 09:28:21 - [MESSAGE][INFO] - Smart Wait Function is triggered

2021-11-11 09:28:21 - [MESSAGE][INFO] - Found 1 web elements with id: 'Object Repository/Popup/Popup_Butons' located by 'By.cssSelector: .modal-footer>button' in '10' second(s)

2021-11-11 09:28:21 - [MESSAGE][PASSED] - Method.TextDegerineEsitElementeTikla is PASSED

2021-11-11 09:28:21 - [MESSAGE][PASSED] - Call Test Case 'Test Cases/Popup/PopupButonSecilir' successfully

2021-11-11 09:28:21 - [MESSAGE][INFO] - Checking called Test Case

2021-11-11 09:28:21 - [MESSAGE][INFO] - Starting to call Test Case 'Test Cases/Butonlar/ButonaTikla'

2021-11-11 09:28:21 - [TEST_CASE][PASSED] - Test Cases/Butonlar/ButonaTikla: Test Cases/Butonlar/ButonaTikla

2021-11-11 09:28:21 - [TEST_STEP][PASSED] - Method.TextDegerineEsitElementeTiklaEquals(findTestObject("Butonlar/Butonlar"), Buton_Adi): Method.TextDegerineEsitElementeTiklaEquals is PASSED

2021-11-11 09:28:21 - [MESSAGE][INFO] - Finding Test Object 'Object Repository/Butonlar/Butonlar'

2021-11-11 09:28:21 - [MESSAGE][INFO] - Checking timeout

2021-11-11 09:28:21 - [MESSAGE][INFO] - Finding web element with id: 'Object Repository/Butonlar/Butonlar' located by 'By.cssSelector: .panel.panel-default.text-center.footerPanel .btn,.btn.btn-primary.btnControls' in '10' second(s)

2021-11-11 09:28:21 - [MESSAGE][INFO] - Smart Wait Function is triggered

2021-11-11 09:28:22 - [MESSAGE][INFO] - Found 15 web elements with id: 'Object Repository/Butonlar/Butonlar' located by 'By.cssSelector: .panel.panel-default.text-center.footerPanel .btn,.btn.btn-primary.btnControls' in '10' second(s)

2021-11-11 09:28:22 - [MESSAGE][PASSED] - Method.TextDegerineEsitElementeTiklaEquals is PASSED

2021-11-11 09:28:22 - [MESSAGE][PASSED] - Call Test Case 'Test Cases/Butonlar/ButonaTikla' successfully

2021-11-11 09:28:22 - [MESSAGE][INFO] - Checking called Test Case

2021-11-11 09:28:22 - [MESSAGE][INFO] - Starting to call Test Case 'Test Cases/Butonlar/AltButonaTikla'

2021-11-11 09:28:22 - [TEST_CASE][PASSED] - Test Cases/Butonlar/AltButonaTikla: Test Cases/Butonlar/AltButonaTikla

2021-11-11 09:28:22 - [TEST_STEP][PASSED] - Method.TextDegerineEsitElementeTikla(findTestObject("Butonlar/AltButonlar"), Alt_Buton): Method.TextDegerineEsitElementeTikla is PASSED

2021-11-11 09:28:22 - [MESSAGE][INFO] - Finding Test Object 'Object Repository/Butonlar/AltButonlar'

2021-11-11 09:28:22 - [MESSAGE][INFO] - Checking timeout

2021-11-11 09:28:22 - [MESSAGE][INFO] - Finding web element with id: 'Object Repository/Butonlar/AltButonlar' located by 'By.cssSelector: .btn-group.open li>a' in '10' second(s)

2021-11-11 09:28:22 - [MESSAGE][INFO] - Smart Wait Function is triggered

2021-11-11 09:28:22 - [MESSAGE][INFO] - Found 4 web elements with id: 'Object Repository/Butonlar/AltButonlar' located by 'By.cssSelector: .btn-group.open li>a' in '10' second(s)

2021-11-11 09:28:22 - [MESSAGE][PASSED] - Method.TextDegerineEsitElementeTikla is PASSED

2021-11-11 09:28:22 - [MESSAGE][PASSED] - Call Test Case 'Test Cases/Butonlar/AltButonaTikla' successfully

2021-11-11 09:28:22 - [MESSAGE][INFO] - Checking called Test Case

2021-11-11 09:28:23 - [MESSAGE][INFO] - Starting to call Test Case 'Test Cases/Popup/PopupMesajiIceriyorMu'

2021-11-11 09:28:23 - [TEST_CASE][PASSED] - Test Cases/Popup/PopupMesajiIceriyorMu: Test Cases/Popup/PopupMesajiIceriyorMu

2021-11-11 09:28:23 - [TEST_STEP][PASSED] - waitForElementVisible(findTestObject("Popup/Popup"), 10): Object 'Object Repository/Popup/Popup' is visible

2021-11-11 09:28:23 - [MESSAGE][INFO] - Finding Test Object 'Object Repository/Popup/Popup'

2021-11-11 09:28:23 - [MESSAGE][INFO] - Checking object

2021-11-11 09:28:23 - [MESSAGE][INFO] - Checking timeout

2021-11-11 09:28:23 - [MESSAGE][INFO] - Finding web element from Test Object's properties

2021-11-11 09:28:23 - [MESSAGE][INFO] - Checking timeout

2021-11-11 09:28:23 - [MESSAGE][INFO] - Finding web element with id: 'Object Repository/Popup/Popup' located by 'By.cssSelector: .bootbox-body' in '10' second(s)

2021-11-11 09:28:23 - [MESSAGE][INFO] - Smart Wait Function is triggered

2021-11-11 09:28:23 - [MESSAGE][INFO] - Found 1 web elements with id: 'Object Repository/Popup/Popup' located by 'By.cssSelector: .bootbox-body' in '10' second(s)

2021-11-11 09:28:23 - [MESSAGE][PASSED] - Object 'Object Repository/Popup/Popup' is visible

2021-11-11 09:28:23 - [TEST_STEP][PASSED] - if (!(getText(findTestObject("Popup/Popup")).contains(Mesaj))): Text of object 'Object Repository/Popup/Popup' is: 'Lütfen rapor bildiriminin gönderileceği e-posta adresini belirtiniz.
e-Posta Adresi'

2021-11-11 09:28:23 - [MESSAGE][INFO] - Finding Test Object 'Object Repository/Popup/Popup'

2021-11-11 09:28:23 - [MESSAGE][INFO] - Checking object

2021-11-11 09:28:23 - [MESSAGE][INFO] - Finding web element from Test Object's properties

2021-11-11 09:28:23 - [MESSAGE][INFO] - Checking timeout

2021-11-11 09:28:23 - [MESSAGE][INFO] - Finding web element with id: 'Object Repository/Popup/Popup' located by 'By.cssSelector: .bootbox-body' in '30' second(s)

2021-11-11 09:28:23 - [MESSAGE][INFO] - Smart Wait Function is triggered

2021-11-11 09:28:23 - [MESSAGE][INFO] - Found 1 web elements with id: 'Object Repository/Popup/Popup' located by 'By.cssSelector: .bootbox-body' in '30' second(s)

2021-11-11 09:28:23 - [MESSAGE][INFO] - Getting text of object 'Object Repository/Popup/Popup'

2021-11-11 09:28:23 - [MESSAGE][PASSED] - Text of object 'Object Repository/Popup/Popup' is: 'Lütfen rapor bildiriminin gönderileceği e-posta adresini belirtiniz.
e-Posta Adresi'

2021-11-11 09:28:23 - [TEST_STEP][PASSED] - RaporNo = getText(findTestObject("Popup/Popup")).substring(0, 6): Text of object 'Object Repository/Popup/Popup' is: 'Lütfen rapor bildiriminin gönderileceği e-posta adresini belirtiniz.
e-Posta Adresi'

2021-11-11 09:28:23 - [MESSAGE][INFO] - Finding Test Object 'Object Repository/Popup/Popup'

2021-11-11 09:28:23 - [MESSAGE][INFO] - Checking object

2021-11-11 09:28:23 - [MESSAGE][INFO] - Finding web element from Test Object's properties

2021-11-11 09:28:23 - [MESSAGE][INFO] - Checking timeout

2021-11-11 09:28:23 - [MESSAGE][INFO] - Finding web element with id: 'Object Repository/Popup/Popup' located by 'By.cssSelector: .bootbox-body' in '30' second(s)

2021-11-11 09:28:23 - [MESSAGE][INFO] - Smart Wait Function is triggered

2021-11-11 09:28:24 - [MESSAGE][INFO] - Found 1 web elements with id: 'Object Repository/Popup/Popup' located by 'By.cssSelector: .bootbox-body' in '30' second(s)

2021-11-11 09:28:24 - [MESSAGE][INFO] - Getting text of object 'Object Repository/Popup/Popup'

2021-11-11 09:28:24 - [MESSAGE][PASSED] - Text of object 'Object Repository/Popup/Popup' is: 'Lütfen rapor bildiriminin gönderileceği e-posta adresini belirtiniz.
e-Posta Adresi'

2021-11-11 09:28:24 - [TEST_STEP][PASSED] - Console.println(RaporNo): null

2021-11-11 09:28:24 - [MESSAGE][PASSED] - Call Test Case 'Test Cases/Popup/PopupMesajiIceriyorMu' successfully

2021-11-11 09:28:24 - [MESSAGE][INFO] - Checking called Test Case

2021-11-11 09:28:24 - [MESSAGE][INFO] - Starting to call Test Case 'Test Cases/Popup/PopupaEmailEklenir'

2021-11-11 09:28:24 - [TEST_CASE][PASSED] - Test Cases/Popup/PopupaEmailEklenir: Test Cases/Popup/PopupaEmailEklenir

2021-11-11 09:28:24 - [TEST_STEP][PASSED] - clearText(findTestObject("Popup/EmailText")): Text of object 'Object Repository/Popup/EmailText' is cleared

2021-11-11 09:28:24 - [MESSAGE][INFO] - Finding Test Object 'Object Repository/Popup/EmailText'

2021-11-11 09:28:24 - [MESSAGE][INFO] - Checking object

2021-11-11 09:28:24 - [MESSAGE][INFO] - Finding web element from Test Object's properties

2021-11-11 09:28:24 - [MESSAGE][INFO] - Checking timeout

2021-11-11 09:28:24 - [MESSAGE][INFO] - Finding web element with id: 'Object Repository/Popup/EmailText' located by 'By.xpath: //*[@id="eMails"]' in '30' second(s)

2021-11-11 09:28:24 - [MESSAGE][INFO] - Smart Wait Function is triggered

2021-11-11 09:28:24 - [MESSAGE][INFO] - Found 1 web elements with id: 'Object Repository/Popup/EmailText' located by 'By.xpath: //*[@id="eMails"]' in '30' second(s)

2021-11-11 09:28:24 - [MESSAGE][INFO] - Clearing text of object 'Object Repository/Popup/EmailText'

2021-11-11 09:28:24 - [MESSAGE][PASSED] - Text of object 'Object Repository/Popup/EmailText' is cleared

2021-11-11 09:28:24 - [TEST_STEP][PASSED] - sendKeys(findTestObject("Popup/EmailText"), Email): Keys 'elogotest@gmail.com;ali.kara@logo.com.tr' sent to object: 'Object Repository/Popup/EmailText'

2021-11-11 09:28:24 - [MESSAGE][INFO] - Finding Test Object 'Object Repository/Popup/EmailText'

2021-11-11 09:28:24 - [MESSAGE][INFO] - Sending keys 'elogotest@gmail.com;ali.kara@logo.com.tr' to object: 'Object Repository/Popup/EmailText'

2021-11-11 09:28:24 - [MESSAGE][INFO] - Finding web element from Test Object's properties

2021-11-11 09:28:24 - [MESSAGE][INFO] - Checking timeout

2021-11-11 09:28:24 - [MESSAGE][INFO] - Finding web element with id: 'Object Repository/Popup/EmailText' located by 'By.xpath: //*[@id="eMails"]' in '30' second(s)

2021-11-11 09:28:24 - [MESSAGE][INFO] - Smart Wait Function is triggered

2021-11-11 09:28:25 - [MESSAGE][INFO] - Found 1 web elements with id: 'Object Repository/Popup/EmailText' located by 'By.xpath: //*[@id="eMails"]' in '30' second(s)

2021-11-11 09:28:25 - [MESSAGE][PASSED] - Keys 'elogotest@gmail.com;ali.kara@logo.com.tr' sent to object: 'Object Repository/Popup/EmailText'

2021-11-11 09:28:25 - [MESSAGE][PASSED] - Call Test Case 'Test Cases/Popup/PopupaEmailEklenir' successfully

2021-11-11 09:28:25 - [MESSAGE][INFO] - Checking called Test Case

2021-11-11 09:28:25 - [MESSAGE][INFO] - Starting to call Test Case 'Test Cases/Popup/PopupButonSecilir'

2021-11-11 09:28:25 - [TEST_CASE][PASSED] - Test Cases/Popup/PopupButonSecilir: Test Cases/Popup/PopupButonSecilir

2021-11-11 09:28:25 - [TEST_STEP][PASSED] - Method.TextDegerineEsitElementeTikla(findTestObject("Popup/Popup_Butons"), Buton): Method.TextDegerineEsitElementeTikla is PASSED

2021-11-11 09:28:25 - [MESSAGE][INFO] - Finding Test Object 'Object Repository/Popup/Popup_Butons'

2021-11-11 09:28:25 - [MESSAGE][INFO] - Checking timeout

2021-11-11 09:28:25 - [MESSAGE][INFO] - Finding web element with id: 'Object Repository/Popup/Popup_Butons' located by 'By.cssSelector: .modal-footer>button' in '10' second(s)

2021-11-11 09:28:25 - [MESSAGE][INFO] - Smart Wait Function is triggered

2021-11-11 09:28:25 - [MESSAGE][INFO] - Found 2 web elements with id: 'Object Repository/Popup/Popup_Butons' located by 'By.cssSelector: .modal-footer>button' in '10' second(s)

2021-11-11 09:28:25 - [MESSAGE][PASSED] - Method.TextDegerineEsitElementeTikla is PASSED

2021-11-11 09:28:25 - [MESSAGE][PASSED] - Call Test Case 'Test Cases/Popup/PopupButonSecilir' successfully

2021-11-11 09:28:25 - [MESSAGE][INFO] - Checking called Test Case

2021-11-11 09:28:25 - [MESSAGE][INFO] - Starting to call Test Case 'Test Cases/Popup/PopupMesajiIceriyorMu'

2021-11-11 09:28:25 - [TEST_CASE][PASSED] - Test Cases/Popup/PopupMesajiIceriyorMu: Test Cases/Popup/PopupMesajiIceriyorMu

2021-11-11 09:28:25 - [TEST_STEP][PASSED] - waitForElementVisible(findTestObject("Popup/Popup"), 10): Object 'Object Repository/Popup/Popup' is visible

2021-11-11 09:28:25 - [MESSAGE][INFO] - Finding Test Object 'Object Repository/Popup/Popup'

2021-11-11 09:28:25 - [MESSAGE][INFO] - Checking object

2021-11-11 09:28:25 - [MESSAGE][INFO] - Checking timeout

2021-11-11 09:28:25 - [MESSAGE][INFO] - Finding web element from Test Object's properties

2021-11-11 09:28:25 - [MESSAGE][INFO] - Checking timeout

2021-11-11 09:28:25 - [MESSAGE][INFO] - Finding web element with id: 'Object Repository/Popup/Popup' located by 'By.cssSelector: .bootbox-body' in '10' second(s)

2021-11-11 09:28:25 - [MESSAGE][INFO] - Smart Wait Function is triggered

2021-11-11 09:28:26 - [MESSAGE][INFO] - Found 1 web elements with id: 'Object Repository/Popup/Popup' located by 'By.cssSelector: .bootbox-body' in '10' second(s)

2021-11-11 09:28:26 - [MESSAGE][PASSED] - Object 'Object Repository/Popup/Popup' is visible

2021-11-11 09:28:26 - [TEST_STEP][PASSED] - if (!(getText(findTestObject("Popup/Popup")).contains(Mesaj))): Text of object 'Object Repository/Popup/Popup' is: '16232 no’lu talebiniz işleme alınmıştır. Raporunuz hazırlandığında (elogotest@gmail.com;ali.kara@logo.com.tr) adresinize mail gönderilecektir.
Rapor durumunuzu Raporlar > Toplu Veri İndirme ekranından takip edebilir, hazırlandı durumundaki raporlarınızı ilgili menüden indirebilirsiniz.'

2021-11-11 09:28:26 - [MESSAGE][INFO] - Finding Test Object 'Object Repository/Popup/Popup'

2021-11-11 09:28:26 - [MESSAGE][INFO] - Checking object

2021-11-11 09:28:26 - [MESSAGE][INFO] - Finding web element from Test Object's properties

2021-11-11 09:28:26 - [MESSAGE][INFO] - Checking timeout

2021-11-11 09:28:26 - [MESSAGE][INFO] - Finding web element with id: 'Object Repository/Popup/Popup' located by 'By.cssSelector: .bootbox-body' in '30' second(s)

2021-11-11 09:28:26 - [MESSAGE][INFO] - Smart Wait Function is triggered

2021-11-11 09:28:26 - [MESSAGE][INFO] - Found 1 web elements with id: 'Object Repository/Popup/Popup' located by 'By.cssSelector: .bootbox-body' in '30' second(s)

2021-11-11 09:28:26 - [MESSAGE][INFO] - Getting text of object 'Object Repository/Popup/Popup'

2021-11-11 09:28:26 - [MESSAGE][PASSED] - Text of object 'Object Repository/Popup/Popup' is: '16232 no’lu talebiniz işleme alınmıştır. Raporunuz hazırlandığında (elogotest@gmail.com;ali.kara@logo.com.tr) adresinize mail gönderilecektir.
Rapor durumunuzu Raporlar > Toplu Veri İndirme ekranından takip edebilir, hazırlandı durumundaki raporlarınızı ilgili menüden indirebilirsiniz.'

2021-11-11 09:28:26 - [TEST_STEP][PASSED] - RaporNo = getText(findTestObject("Popup/Popup")).substring(0, 6): Text of object 'Object Repository/Popup/Popup' is: '16232 no’lu talebiniz işleme alınmıştır. Raporunuz hazırlandığında (elogotest@gmail.com;ali.kara@logo.com.tr) adresinize mail gönderilecektir.
Rapor durumunuzu Raporlar > Toplu Veri İndirme ekranından takip edebilir, hazırlandı durumundaki raporlarınızı ilgili menüden indirebilirsiniz.'

2021-11-11 09:28:26 - [MESSAGE][INFO] - Finding Test Object 'Object Repository/Popup/Popup'

2021-11-11 09:28:27 - [MESSAGE][INFO] - Checking object

2021-11-11 09:28:27 - [MESSAGE][INFO] - Finding web element from Test Object's properties

2021-11-11 09:28:27 - [MESSAGE][INFO] - Checking timeout

2021-11-11 09:28:27 - [MESSAGE][INFO] - Finding web element with id: 'Object Repository/Popup/Popup' located by 'By.cssSelector: .bootbox-body' in '30' second(s)

2021-11-11 09:28:27 - [MESSAGE][INFO] - Smart Wait Function is triggered

2021-11-11 09:28:27 - [MESSAGE][INFO] - Found 1 web elements with id: 'Object Repository/Popup/Popup' located by 'By.cssSelector: .bootbox-body' in '30' second(s)

2021-11-11 09:28:27 - [MESSAGE][INFO] - Getting text of object 'Object Repository/Popup/Popup'

2021-11-11 09:28:27 - [MESSAGE][PASSED] - Text of object 'Object Repository/Popup/Popup' is: '16232 no’lu talebiniz işleme alınmıştır. Raporunuz hazırlandığında (elogotest@gmail.com;ali.kara@logo.com.tr) adresinize mail gönderilecektir.
Rapor durumunuzu Raporlar > Toplu Veri İndirme ekranından takip edebilir, hazırlandı durumundaki raporlarınızı ilgili menüden indirebilirsiniz.'

2021-11-11 09:28:27 - [TEST_STEP][PASSED] - Console.println(RaporNo): null

2021-11-11 09:28:27 - [MESSAGE][PASSED] - Call Test Case 'Test Cases/Popup/PopupMesajiIceriyorMu' successfully

2021-11-11 09:28:27 - [MESSAGE][INFO] - Checking called Test Case

2021-11-11 09:28:27 - [MESSAGE][INFO] - Starting to call Test Case 'Test Cases/Popup/PopupButonSecilir'

2021-11-11 09:28:27 - [TEST_CASE][PASSED] - Test Cases/Popup/PopupButonSecilir: Test Cases/Popup/PopupButonSecilir

2021-11-11 09:28:27 - [TEST_STEP][PASSED] - Method.TextDegerineEsitElementeTikla(findTestObject("Popup/Popup_Butons"), Buton): Method.TextDegerineEsitElementeTikla is PASSED

2021-11-11 09:28:27 - [MESSAGE][INFO] - Finding Test Object 'Object Repository/Popup/Popup_Butons'

2021-11-11 09:28:27 - [MESSAGE][INFO] - Checking timeout

2021-11-11 09:28:27 - [MESSAGE][INFO] - Finding web element with id: 'Object Repository/Popup/Popup_Butons' located by 'By.cssSelector: .modal-footer>button' in '10' second(s)

2021-11-11 09:28:27 - [MESSAGE][INFO] - Smart Wait Function is triggered

2021-11-11 09:28:27 - [MESSAGE][INFO] - Found 1 web elements with id: 'Object Repository/Popup/Popup_Butons' located by 'By.cssSelector: .modal-footer>button' in '10' second(s)

2021-11-11 09:28:27 - [MESSAGE][PASSED] - Method.TextDegerineEsitElementeTikla is PASSED

2021-11-11 09:28:27 - [MESSAGE][PASSED] - Call Test Case 'Test Cases/Popup/PopupButonSecilir' successfully

2021-11-11 09:28:27 - [MESSAGE][INFO] - Checking called Test Case

2021-11-11 09:28:27 - [MESSAGE][INFO] - Starting to call Test Case 'Test Cases/Butonlar/ButonaTikla'

2021-11-11 09:28:27 - [TEST_CASE][PASSED] - Test Cases/Butonlar/ButonaTikla: Test Cases/Butonlar/ButonaTikla

2021-11-11 09:28:27 - [TEST_STEP][PASSED] - Method.TextDegerineEsitElementeTiklaEquals(findTestObject("Butonlar/Butonlar"), Buton_Adi): Method.TextDegerineEsitElementeTiklaEquals is PASSED

2021-11-11 09:28:27 - [MESSAGE][INFO] - Finding Test Object 'Object Repository/Butonlar/Butonlar'

2021-11-11 09:28:28 - [MESSAGE][INFO] - Checking timeout

2021-11-11 09:28:28 - [MESSAGE][INFO] - Finding web element with id: 'Object Repository/Butonlar/Butonlar' located by 'By.cssSelector: .panel.panel-default.text-center.footerPanel .btn,.btn.btn-primary.btnControls' in '10' second(s)

2021-11-11 09:28:28 - [MESSAGE][INFO] - Smart Wait Function is triggered

2021-11-11 09:28:28 - [MESSAGE][INFO] - Found 15 web elements with id: 'Object Repository/Butonlar/Butonlar' located by 'By.cssSelector: .panel.panel-default.text-center.footerPanel .btn,.btn.btn-primary.btnControls' in '10' second(s)

2021-11-11 09:28:28 - [MESSAGE][PASSED] - Method.TextDegerineEsitElementeTiklaEquals is PASSED

2021-11-11 09:28:28 - [MESSAGE][PASSED] - Call Test Case 'Test Cases/Butonlar/ButonaTikla' successfully

2021-11-11 09:28:28 - [MESSAGE][INFO] - Checking called Test Case

2021-11-11 09:28:28 - [MESSAGE][INFO] - Starting to call Test Case 'Test Cases/Butonlar/AltButonaTikla'

2021-11-11 09:28:29 - [TEST_CASE][PASSED] - Test Cases/Butonlar/AltButonaTikla: Test Cases/Butonlar/AltButonaTikla

2021-11-11 09:28:29 - [TEST_STEP][PASSED] - Method.TextDegerineEsitElementeTikla(findTestObject("Butonlar/AltButonlar"), Alt_Buton): Method.TextDegerineEsitElementeTikla is PASSED

2021-11-11 09:28:29 - [MESSAGE][INFO] - Finding Test Object 'Object Repository/Butonlar/AltButonlar'

2021-11-11 09:28:29 - [MESSAGE][INFO] - Checking timeout

2021-11-11 09:28:29 - [MESSAGE][INFO] - Finding web element with id: 'Object Repository/Butonlar/AltButonlar' located by 'By.cssSelector: .btn-group.open li>a' in '10' second(s)

2021-11-11 09:28:29 - [MESSAGE][INFO] - Smart Wait Function is triggered

2021-11-11 09:28:29 - [MESSAGE][INFO] - Found 4 web elements with id: 'Object Repository/Butonlar/AltButonlar' located by 'By.cssSelector: .btn-group.open li>a' in '10' second(s)

2021-11-11 09:28:29 - [MESSAGE][PASSED] - Method.TextDegerineEsitElementeTikla is PASSED

2021-11-11 09:28:29 - [MESSAGE][PASSED] - Call Test Case 'Test Cases/Butonlar/AltButonaTikla' successfully

2021-11-11 09:28:29 - [MESSAGE][INFO] - Checking called Test Case

2021-11-11 09:28:29 - [MESSAGE][INFO] - Starting to call Test Case 'Test Cases/Popup/PopupMesajiIceriyorMu'

2021-11-11 09:28:29 - [TEST_CASE][PASSED] - Test Cases/Popup/PopupMesajiIceriyorMu: Test Cases/Popup/PopupMesajiIceriyorMu

2021-11-11 09:28:29 - [TEST_STEP][PASSED] - waitForElementVisible(findTestObject("Popup/Popup"), 10): Object 'Object Repository/Popup/Popup' is visible

2021-11-11 09:28:29 - [MESSAGE][INFO] - Finding Test Object 'Object Repository/Popup/Popup'

2021-11-11 09:28:29 - [MESSAGE][INFO] - Checking object

2021-11-11 09:28:29 - [MESSAGE][INFO] - Checking timeout

2021-11-11 09:28:29 - [MESSAGE][INFO] - Finding web element from Test Object's properties

2021-11-11 09:28:29 - [MESSAGE][INFO] - Checking timeout

2021-11-11 09:28:29 - [MESSAGE][INFO] - Finding web element with id: 'Object Repository/Popup/Popup' located by 'By.cssSelector: .bootbox-body' in '10' second(s)

2021-11-11 09:28:29 - [MESSAGE][INFO] - Smart Wait Function is triggered

2021-11-11 09:28:29 - [MESSAGE][INFO] - Found 1 web elements with id: 'Object Repository/Popup/Popup' located by 'By.cssSelector: .bootbox-body' in '10' second(s)

2021-11-11 09:28:30 - [MESSAGE][PASSED] - Object 'Object Repository/Popup/Popup' is visible

2021-11-11 09:28:30 - [TEST_STEP][PASSED] - if (!(getText(findTestObject("Popup/Popup")).contains(Mesaj))): Text of object 'Object Repository/Popup/Popup' is: 'Lütfen rapor bildiriminin gönderileceği e-posta adresini belirtiniz.
e-Posta Adresi'

2021-11-11 09:28:30 - [MESSAGE][INFO] - Finding Test Object 'Object Repository/Popup/Popup'

2021-11-11 09:28:30 - [MESSAGE][INFO] - Checking object

2021-11-11 09:28:30 - [MESSAGE][INFO] - Finding web element from Test Object's properties

2021-11-11 09:28:30 - [MESSAGE][INFO] - Checking timeout

2021-11-11 09:28:30 - [MESSAGE][INFO] - Finding web element with id: 'Object Repository/Popup/Popup' located by 'By.cssSelector: .bootbox-body' in '30' second(s)

2021-11-11 09:28:30 - [MESSAGE][INFO] - Smart Wait Function is triggered

2021-11-11 09:28:30 - [MESSAGE][INFO] - Found 1 web elements with id: 'Object Repository/Popup/Popup' located by 'By.cssSelector: .bootbox-body' in '30' second(s)

2021-11-11 09:28:30 - [MESSAGE][INFO] - Getting text of object 'Object Repository/Popup/Popup'

2021-11-11 09:28:30 - [MESSAGE][PASSED] - Text of object 'Object Repository/Popup/Popup' is: 'Lütfen rapor bildiriminin gönderileceği e-posta adresini belirtiniz.
e-Posta Adresi'

2021-11-11 09:28:30 - [TEST_STEP][PASSED] - RaporNo = getText(findTestObject("Popup/Popup")).substring(0, 6): Text of object 'Object Repository/Popup/Popup' is: 'Lütfen rapor bildiriminin gönderileceği e-posta adresini belirtiniz.
e-Posta Adresi'

2021-11-11 09:28:30 - [MESSAGE][INFO] - Finding Test Object 'Object Repository/Popup/Popup'

2021-11-11 09:28:30 - [MESSAGE][INFO] - Checking object

2021-11-11 09:28:30 - [MESSAGE][INFO] - Finding web element from Test Object's properties

2021-11-11 09:28:30 - [MESSAGE][INFO] - Checking timeout

2021-11-11 09:28:30 - [MESSAGE][INFO] - Finding web element with id: 'Object Repository/Popup/Popup' located by 'By.cssSelector: .bootbox-body' in '30' second(s)

2021-11-11 09:28:30 - [MESSAGE][INFO] - Smart Wait Function is triggered

2021-11-11 09:28:30 - [MESSAGE][INFO] - Found 1 web elements with id: 'Object Repository/Popup/Popup' located by 'By.cssSelector: .bootbox-body' in '30' second(s)

2021-11-11 09:28:30 - [MESSAGE][INFO] - Getting text of object 'Object Repository/Popup/Popup'

2021-11-11 09:28:30 - [MESSAGE][PASSED] - Text of object 'Object Repository/Popup/Popup' is: 'Lütfen rapor bildiriminin gönderileceği e-posta adresini belirtiniz.
e-Posta Adresi'

2021-11-11 09:28:30 - [TEST_STEP][PASSED] - Console.println(RaporNo): null

2021-11-11 09:28:30 - [MESSAGE][PASSED] - Call Test Case 'Test Cases/Popup/PopupMesajiIceriyorMu' successfully

2021-11-11 09:28:30 - [MESSAGE][INFO] - Checking called Test Case

2021-11-11 09:28:30 - [MESSAGE][INFO] - Starting to call Test Case 'Test Cases/Popup/PopupaEmailEklenir'

2021-11-11 09:28:30 - [TEST_CASE][PASSED] - Test Cases/Popup/PopupaEmailEklenir: Test Cases/Popup/PopupaEmailEklenir

2021-11-11 09:28:30 - [TEST_STEP][PASSED] - clearText(findTestObject("Popup/EmailText")): Text of object 'Object Repository/Popup/EmailText' is cleared

2021-11-11 09:28:30 - [MESSAGE][INFO] - Finding Test Object 'Object Repository/Popup/EmailText'

2021-11-11 09:28:30 - [MESSAGE][INFO] - Checking object

2021-11-11 09:28:30 - [MESSAGE][INFO] - Finding web element from Test Object's properties

2021-11-11 09:28:30 - [MESSAGE][INFO] - Checking timeout

2021-11-11 09:28:30 - [MESSAGE][INFO] - Finding web element with id: 'Object Repository/Popup/EmailText' located by 'By.xpath: //*[@id="eMails"]' in '30' second(s)

2021-11-11 09:28:30 - [MESSAGE][INFO] - Smart Wait Function is triggered

2021-11-11 09:28:31 - [MESSAGE][INFO] - Found 1 web elements with id: 'Object Repository/Popup/EmailText' located by 'By.xpath: //*[@id="eMails"]' in '30' second(s)

2021-11-11 09:28:31 - [MESSAGE][INFO] - Clearing text of object 'Object Repository/Popup/EmailText'

2021-11-11 09:28:31 - [MESSAGE][PASSED] - Text of object 'Object Repository/Popup/EmailText' is cleared

2021-11-11 09:28:31 - [TEST_STEP][PASSED] - sendKeys(findTestObject("Popup/EmailText"), Email): Keys 'elogotest@gmail.com;ali.kara@logo.com.tr' sent to object: 'Object Repository/Popup/EmailText'

2021-11-11 09:28:31 - [MESSAGE][INFO] - Finding Test Object 'Object Repository/Popup/EmailText'

2021-11-11 09:28:31 - [MESSAGE][INFO] - Sending keys 'elogotest@gmail.com;ali.kara@logo.com.tr' to object: 'Object Repository/Popup/EmailText'

2021-11-11 09:28:31 - [MESSAGE][INFO] - Finding web element from Test Object's properties

2021-11-11 09:28:31 - [MESSAGE][INFO] - Checking timeout

2021-11-11 09:28:31 - [MESSAGE][INFO] - Finding web element with id: 'Object Repository/Popup/EmailText' located by 'By.xpath: //*[@id="eMails"]' in '30' second(s)

2021-11-11 09:28:31 - [MESSAGE][INFO] - Smart Wait Function is triggered

2021-11-11 09:28:31 - [MESSAGE][INFO] - Found 1 web elements with id: 'Object Repository/Popup/EmailText' located by 'By.xpath: //*[@id="eMails"]' in '30' second(s)

2021-11-11 09:28:32 - [MESSAGE][PASSED] - Keys 'elogotest@gmail.com;ali.kara@logo.com.tr' sent to object: 'Object Repository/Popup/EmailText'

2021-11-11 09:28:32 - [MESSAGE][PASSED] - Call Test Case 'Test Cases/Popup/PopupaEmailEklenir' successfully

2021-11-11 09:28:32 - [MESSAGE][INFO] - Checking called Test Case

2021-11-11 09:28:32 - [MESSAGE][INFO] - Starting to call Test Case 'Test Cases/Popup/PopupButonSecilir'

2021-11-11 09:28:32 - [TEST_CASE][PASSED] - Test Cases/Popup/PopupButonSecilir: Test Cases/Popup/PopupButonSecilir

2021-11-11 09:28:32 - [TEST_STEP][PASSED] - Method.TextDegerineEsitElementeTikla(findTestObject("Popup/Popup_Butons"), Buton): Method.TextDegerineEsitElementeTikla is PASSED

2021-11-11 09:28:32 - [MESSAGE][INFO] - Finding Test Object 'Object Repository/Popup/Popup_Butons'

2021-11-11 09:28:32 - [MESSAGE][INFO] - Checking timeout

2021-11-11 09:28:32 - [MESSAGE][INFO] - Finding web element with id: 'Object Repository/Popup/Popup_Butons' located by 'By.cssSelector: .modal-footer>button' in '10' second(s)

2021-11-11 09:28:32 - [MESSAGE][INFO] - Smart Wait Function is triggered

2021-11-11 09:28:32 - [MESSAGE][INFO] - Found 2 web elements with id: 'Object Repository/Popup/Popup_Butons' located by 'By.cssSelector: .modal-footer>button' in '10' second(s)

2021-11-11 09:28:32 - [MESSAGE][PASSED] - Method.TextDegerineEsitElementeTikla is PASSED

2021-11-11 09:28:32 - [MESSAGE][PASSED] - Call Test Case 'Test Cases/Popup/PopupButonSecilir' successfully

2021-11-11 09:28:32 - [MESSAGE][INFO] - Checking called Test Case

2021-11-11 09:28:32 - [MESSAGE][INFO] - Starting to call Test Case 'Test Cases/Popup/PopupMesajiIceriyorMu'

2021-11-11 09:28:32 - [TEST_CASE][PASSED] - Test Cases/Popup/PopupMesajiIceriyorMu: Test Cases/Popup/PopupMesajiIceriyorMu

2021-11-11 09:28:32 - [TEST_STEP][PASSED] - waitForElementVisible(findTestObject("Popup/Popup"), 10): Object 'Object Repository/Popup/Popup' is visible

2021-11-11 09:28:32 - [MESSAGE][INFO] - Finding Test Object 'Object Repository/Popup/Popup'

2021-11-11 09:28:32 - [MESSAGE][INFO] - Checking object

2021-11-11 09:28:32 - [MESSAGE][INFO] - Checking timeout

2021-11-11 09:28:32 - [MESSAGE][INFO] - Finding web element from Test Object's properties

2021-11-11 09:28:32 - [MESSAGE][INFO] - Checking timeout

2021-11-11 09:28:32 - [MESSAGE][INFO] - Finding web element with id: 'Object Repository/Popup/Popup' located by 'By.cssSelector: .bootbox-body' in '10' second(s)

2021-11-11 09:28:32 - [MESSAGE][INFO] - Smart Wait Function is triggered

2021-11-11 09:28:33 - [MESSAGE][INFO] - Found 1 web elements with id: 'Object Repository/Popup/Popup' located by 'By.cssSelector: .bootbox-body' in '10' second(s)

2021-11-11 09:28:33 - [MESSAGE][PASSED] - Object 'Object Repository/Popup/Popup' is visible

2021-11-11 09:28:33 - [TEST_STEP][PASSED] - if (!(getText(findTestObject("Popup/Popup")).contains(Mesaj))): Text of object 'Object Repository/Popup/Popup' is: '16233 no’lu talebiniz işleme alınmıştır. Raporunuz hazırlandığında (elogotest@gmail.com;ali.kara@logo.com.tr) adresinize mail gönderilecektir.
Rapor durumunuzu Raporlar > Toplu Veri İndirme ekranından takip edebilir, hazırlandı durumundaki raporlarınızı ilgili menüden indirebilirsiniz.'

2021-11-11 09:28:33 - [MESSAGE][INFO] - Finding Test Object 'Object Repository/Popup/Popup'

2021-11-11 09:28:33 - [MESSAGE][INFO] - Checking object

2021-11-11 09:28:33 - [MESSAGE][INFO] - Finding web element from Test Object's properties

2021-11-11 09:28:33 - [MESSAGE][INFO] - Checking timeout

2021-11-11 09:28:33 - [MESSAGE][INFO] - Finding web element with id: 'Object Repository/Popup/Popup' located by 'By.cssSelector: .bootbox-body' in '30' second(s)

2021-11-11 09:28:33 - [MESSAGE][INFO] - Smart Wait Function is triggered

2021-11-11 09:28:33 - [MESSAGE][INFO] - Found 1 web elements with id: 'Object Repository/Popup/Popup' located by 'By.cssSelector: .bootbox-body' in '30' second(s)

2021-11-11 09:28:33 - [MESSAGE][INFO] - Getting text of object 'Object Repository/Popup/Popup'

2021-11-11 09:28:33 - [MESSAGE][PASSED] - Text of object 'Object Repository/Popup/Popup' is: '16233 no’lu talebiniz işleme alınmıştır. Raporunuz hazırlandığında (elogotest@gmail.com;ali.kara@logo.com.tr) adresinize mail gönderilecektir.
Rapor durumunuzu Raporlar > Toplu Veri İndirme ekranından takip edebilir, hazırlandı durumundaki raporlarınızı ilgili menüden indirebilirsiniz.'

2021-11-11 09:28:33 - [TEST_STEP][PASSED] - RaporNo = getText(findTestObject("Popup/Popup")).substring(0, 6): Text of object 'Object Repository/Popup/Popup' is: '16233 no’lu talebiniz işleme alınmıştır. Raporunuz hazırlandığında (elogotest@gmail.com;ali.kara@logo.com.tr) adresinize mail gönderilecektir.
Rapor durumunuzu Raporlar > Toplu Veri İndirme ekranından takip edebilir, hazırlandı durumundaki raporlarınızı ilgili menüden indirebilirsiniz.'

2021-11-11 09:28:33 - [MESSAGE][INFO] - Finding Test Object 'Object Repository/Popup/Popup'

2021-11-11 09:28:34 - [MESSAGE][INFO] - Checking object

2021-11-11 09:28:34 - [MESSAGE][INFO] - Finding web element from Test Object's properties

2021-11-11 09:28:34 - [MESSAGE][INFO] - Checking timeout

2021-11-11 09:28:34 - [MESSAGE][INFO] - Finding web element with id: 'Object Repository/Popup/Popup' located by 'By.cssSelector: .bootbox-body' in '30' second(s)

2021-11-11 09:28:34 - [MESSAGE][INFO] - Smart Wait Function is triggered

2021-11-11 09:28:34 - [MESSAGE][INFO] - Found 1 web elements with id: 'Object Repository/Popup/Popup' located by 'By.cssSelector: .bootbox-body' in '30' second(s)

2021-11-11 09:28:34 - [MESSAGE][INFO] - Getting text of object 'Object Repository/Popup/Popup'

2021-11-11 09:28:34 - [MESSAGE][PASSED] - Text of object 'Object Repository/Popup/Popup' is: '16233 no’lu talebiniz işleme alınmıştır. Raporunuz hazırlandığında (elogotest@gmail.com;ali.kara@logo.com.tr) adresinize mail gönderilecektir.
Rapor durumunuzu Raporlar > Toplu Veri İndirme ekranından takip edebilir, hazırlandı durumundaki raporlarınızı ilgili menüden indirebilirsiniz.'

2021-11-11 09:28:34 - [TEST_STEP][PASSED] - Console.println(RaporNo): null

2021-11-11 09:28:34 - [MESSAGE][PASSED] - Call Test Case 'Test Cases/Popup/PopupMesajiIceriyorMu' successfully

2021-11-11 09:28:34 - [MESSAGE][INFO] - Checking called Test Case

2021-11-11 09:28:34 - [MESSAGE][INFO] - Starting to call Test Case 'Test Cases/Popup/PopupButonSecilir'

2021-11-11 09:28:34 - [TEST_CASE][PASSED] - Test Cases/Popup/PopupButonSecilir: Test Cases/Popup/PopupButonSecilir

2021-11-11 09:28:34 - [TEST_STEP][PASSED] - Method.TextDegerineEsitElementeTikla(findTestObject("Popup/Popup_Butons"), Buton): Method.TextDegerineEsitElementeTikla is PASSED

2021-11-11 09:28:34 - [MESSAGE][INFO] - Finding Test Object 'Object Repository/Popup/Popup_Butons'

2021-11-11 09:28:34 - [MESSAGE][INFO] - Checking timeout

2021-11-11 09:28:34 - [MESSAGE][INFO] - Finding web element with id: 'Object Repository/Popup/Popup_Butons' located by 'By.cssSelector: .modal-footer>button' in '10' second(s)

2021-11-11 09:28:34 - [MESSAGE][INFO] - Smart Wait Function is triggered

2021-11-11 09:28:34 - [MESSAGE][INFO] - Found 1 web elements with id: 'Object Repository/Popup/Popup_Butons' located by 'By.cssSelector: .modal-footer>button' in '10' second(s)

2021-11-11 09:28:35 - [MESSAGE][PASSED] - Method.TextDegerineEsitElementeTikla is PASSED

2021-11-11 09:28:35 - [MESSAGE][PASSED] - Call Test Case 'Test Cases/Popup/PopupButonSecilir' successfully

2021-11-11 09:28:35 - [MESSAGE][INFO] - Checking called Test Case

2021-11-11 09:28:35 - [MESSAGE][INFO] - Starting to call Test Case 'Test Cases/Butonlar/ButonaTikla'

2021-11-11 09:28:35 - [TEST_CASE][PASSED] - Test Cases/Butonlar/ButonaTikla: Test Cases/Butonlar/ButonaTikla

2021-11-11 09:28:35 - [TEST_STEP][PASSED] - Method.TextDegerineEsitElementeTiklaEquals(findTestObject("Butonlar/Butonlar"), Buton_Adi): Method.TextDegerineEsitElementeTiklaEquals is PASSED

2021-11-11 09:28:35 - [MESSAGE][INFO] - Finding Test Object 'Object Repository/Butonlar/Butonlar'

2021-11-11 09:28:35 - [MESSAGE][INFO] - Checking timeout

2021-11-11 09:28:35 - [MESSAGE][INFO] - Finding web element with id: 'Object Repository/Butonlar/Butonlar' located by 'By.cssSelector: .panel.panel-default.text-center.footerPanel .btn,.btn.btn-primary.btnControls' in '10' second(s)

2021-11-11 09:28:35 - [MESSAGE][INFO] - Smart Wait Function is triggered

2021-11-11 09:28:36 - [MESSAGE][INFO] - Found 15 web elements with id: 'Object Repository/Butonlar/Butonlar' located by 'By.cssSelector: .panel.panel-default.text-center.footerPanel .btn,.btn.btn-primary.btnControls' in '10' second(s)

2021-11-11 09:28:36 - [MESSAGE][PASSED] - Method.TextDegerineEsitElementeTiklaEquals is PASSED

2021-11-11 09:28:36 - [MESSAGE][PASSED] - Call Test Case 'Test Cases/Butonlar/ButonaTikla' successfully

2021-11-11 09:28:36 - [MESSAGE][INFO] - Checking called Test Case

2021-11-11 09:28:36 - [MESSAGE][INFO] - Starting to call Test Case 'Test Cases/Butonlar/AltButonaTikla'

2021-11-11 09:28:36 - [TEST_CASE][PASSED] - Test Cases/Butonlar/AltButonaTikla: Test Cases/Butonlar/AltButonaTikla

2021-11-11 09:28:36 - [TEST_STEP][PASSED] - Method.TextDegerineEsitElementeTikla(findTestObject("Butonlar/AltButonlar"), Alt_Buton): Method.TextDegerineEsitElementeTikla is PASSED

2021-11-11 09:28:36 - [MESSAGE][INFO] - Finding Test Object 'Object Repository/Butonlar/AltButonlar'

2021-11-11 09:28:36 - [MESSAGE][INFO] - Checking timeout

2021-11-11 09:28:36 - [MESSAGE][INFO] - Finding web element with id: 'Object Repository/Butonlar/AltButonlar' located by 'By.cssSelector: .btn-group.open li>a' in '10' second(s)

2021-11-11 09:28:36 - [MESSAGE][INFO] - Smart Wait Function is triggered

2021-11-11 09:28:36 - [MESSAGE][INFO] - Found 4 web elements with id: 'Object Repository/Butonlar/AltButonlar' located by 'By.cssSelector: .btn-group.open li>a' in '10' second(s)

2021-11-11 09:28:37 - [MESSAGE][PASSED] - Method.TextDegerineEsitElementeTikla is PASSED

2021-11-11 09:28:37 - [MESSAGE][PASSED] - Call Test Case 'Test Cases/Butonlar/AltButonaTikla' successfully

2021-11-11 09:28:37 - [MESSAGE][INFO] - Checking called Test Case

2021-11-11 09:28:37 - [MESSAGE][INFO] - Starting to call Test Case 'Test Cases/Popup/PopupMesajiIceriyorMu'

2021-11-11 09:28:37 - [TEST_CASE][PASSED] - Test Cases/Popup/PopupMesajiIceriyorMu: Test Cases/Popup/PopupMesajiIceriyorMu

2021-11-11 09:28:37 - [TEST_STEP][PASSED] - waitForElementVisible(findTestObject("Popup/Popup"), 10): Object 'Object Repository/Popup/Popup' is visible

2021-11-11 09:28:37 - [MESSAGE][INFO] - Finding Test Object 'Object Repository/Popup/Popup'

2021-11-11 09:28:37 - [MESSAGE][INFO] - Checking object

2021-11-11 09:28:37 - [MESSAGE][INFO] - Checking timeout

2021-11-11 09:28:37 - [MESSAGE][INFO] - Finding web element from Test Object's properties

2021-11-11 09:28:37 - [MESSAGE][INFO] - Checking timeout

2021-11-11 09:28:37 - [MESSAGE][INFO] - Finding web element with id: 'Object Repository/Popup/Popup' located by 'By.cssSelector: .bootbox-body' in '10' second(s)

2021-11-11 09:28:37 - [MESSAGE][INFO] - Smart Wait Function is triggered

2021-11-11 09:28:37 - [MESSAGE][INFO] - Found 1 web elements with id: 'Object Repository/Popup/Popup' located by 'By.cssSelector: .bootbox-body' in '10' second(s)

2021-11-11 09:28:37 - [MESSAGE][PASSED] - Object 'Object Repository/Popup/Popup' is visible

2021-11-11 09:28:37 - [TEST_STEP][PASSED] - if (!(getText(findTestObject("Popup/Popup")).contains(Mesaj))): Text of object 'Object Repository/Popup/Popup' is: 'Lütfen rapor bildiriminin gönderileceği e-posta adresini belirtiniz.
e-Posta Adresi'

2021-11-11 09:28:37 - [MESSAGE][INFO] - Finding Test Object 'Object Repository/Popup/Popup'

2021-11-11 09:28:37 - [MESSAGE][INFO] - Checking object

2021-11-11 09:28:37 - [MESSAGE][INFO] - Finding web element from Test Object's properties

2021-11-11 09:28:37 - [MESSAGE][INFO] - Checking timeout

2021-11-11 09:28:37 - [MESSAGE][INFO] - Finding web element with id: 'Object Repository/Popup/Popup' located by 'By.cssSelector: .bootbox-body' in '30' second(s)

2021-11-11 09:28:37 - [MESSAGE][INFO] - Smart Wait Function is triggered

2021-11-11 09:28:38 - [MESSAGE][INFO] - Found 1 web elements with id: 'Object Repository/Popup/Popup' located by 'By.cssSelector: .bootbox-body' in '30' second(s)

2021-11-11 09:28:38 - [MESSAGE][INFO] - Getting text of object 'Object Repository/Popup/Popup'

2021-11-11 09:28:38 - [MESSAGE][PASSED] - Text of object 'Object Repository/Popup/Popup' is: 'Lütfen rapor bildiriminin gönderileceği e-posta adresini belirtiniz.
e-Posta Adresi'

2021-11-11 09:28:38 - [TEST_STEP][PASSED] - RaporNo = getText(findTestObject("Popup/Popup")).substring(0, 6): Text of object 'Object Repository/Popup/Popup' is: 'Lütfen rapor bildiriminin gönderileceği e-posta adresini belirtiniz.
e-Posta Adresi'

2021-11-11 09:28:38 - [MESSAGE][INFO] - Finding Test Object 'Object Repository/Popup/Popup'

2021-11-11 09:28:38 - [MESSAGE][INFO] - Checking object

2021-11-11 09:28:38 - [MESSAGE][INFO] - Finding web element from Test Object's properties

2021-11-11 09:28:38 - [MESSAGE][INFO] - Checking timeout

2021-11-11 09:28:38 - [MESSAGE][INFO] - Finding web element with id: 'Object Repository/Popup/Popup' located by 'By.cssSelector: .bootbox-body' in '30' second(s)

2021-11-11 09:28:38 - [MESSAGE][INFO] - Smart Wait Function is triggered

2021-11-11 09:28:38 - [MESSAGE][INFO] - Found 1 web elements with id: 'Object Repository/Popup/Popup' located by 'By.cssSelector: .bootbox-body' in '30' second(s)

2021-11-11 09:28:38 - [MESSAGE][INFO] - Getting text of object 'Object Repository/Popup/Popup'

2021-11-11 09:28:38 - [MESSAGE][PASSED] - Text of object 'Object Repository/Popup/Popup' is: 'Lütfen rapor bildiriminin gönderileceği e-posta adresini belirtiniz.
e-Posta Adresi'

2021-11-11 09:28:38 - [TEST_STEP][PASSED] - Console.println(RaporNo): null

2021-11-11 09:28:38 - [MESSAGE][PASSED] - Call Test Case 'Test Cases/Popup/PopupMesajiIceriyorMu' successfully

2021-11-11 09:28:38 - [MESSAGE][INFO] - Checking called Test Case

2021-11-11 09:28:38 - [MESSAGE][INFO] - Starting to call Test Case 'Test Cases/Popup/PopupaEmailEklenir'

2021-11-11 09:28:38 - [TEST_CASE][PASSED] - Test Cases/Popup/PopupaEmailEklenir: Test Cases/Popup/PopupaEmailEklenir

2021-11-11 09:28:38 - [TEST_STEP][PASSED] - clearText(findTestObject("Popup/EmailText")): Text of object 'Object Repository/Popup/EmailText' is cleared

2021-11-11 09:28:38 - [MESSAGE][INFO] - Finding Test Object 'Object Repository/Popup/EmailText'

2021-11-11 09:28:38 - [MESSAGE][INFO] - Checking object

2021-11-11 09:28:38 - [MESSAGE][INFO] - Finding web element from Test Object's properties

2021-11-11 09:28:38 - [MESSAGE][INFO] - Checking timeout

2021-11-11 09:28:38 - [MESSAGE][INFO] - Finding web element with id: 'Object Repository/Popup/EmailText' located by 'By.xpath: //*[@id="eMails"]' in '30' second(s)

2021-11-11 09:28:38 - [MESSAGE][INFO] - Smart Wait Function is triggered

2021-11-11 09:28:39 - [MESSAGE][INFO] - Found 1 web elements with id: 'Object Repository/Popup/EmailText' located by 'By.xpath: //*[@id="eMails"]' in '30' second(s)

2021-11-11 09:28:39 - [MESSAGE][INFO] - Clearing text of object 'Object Repository/Popup/EmailText'

2021-11-11 09:28:39 - [MESSAGE][PASSED] - Text of object 'Object Repository/Popup/EmailText' is cleared

2021-11-11 09:28:39 - [TEST_STEP][PASSED] - sendKeys(findTestObject("Popup/EmailText"), Email): Keys 'elogotest@gmail.com;ali.kara@logo.com.tr' sent to object: 'Object Repository/Popup/EmailText'

2021-11-11 09:28:39 - [MESSAGE][INFO] - Finding Test Object 'Object Repository/Popup/EmailText'

2021-11-11 09:28:39 - [MESSAGE][INFO] - Sending keys 'elogotest@gmail.com;ali.kara@logo.com.tr' to object: 'Object Repository/Popup/EmailText'

2021-11-11 09:28:39 - [MESSAGE][INFO] - Finding web element from Test Object's properties

2021-11-11 09:28:39 - [MESSAGE][INFO] - Checking timeout

2021-11-11 09:28:39 - [MESSAGE][INFO] - Finding web element with id: 'Object Repository/Popup/EmailText' located by 'By.xpath: //*[@id="eMails"]' in '30' second(s)

2021-11-11 09:28:39 - [MESSAGE][INFO] - Smart Wait Function is triggered

2021-11-11 09:28:39 - [MESSAGE][INFO] - Found 1 web elements with id: 'Object Repository/Popup/EmailText' located by 'By.xpath: //*[@id="eMails"]' in '30' second(s)

2021-11-11 09:28:39 - [MESSAGE][PASSED] - Keys 'elogotest@gmail.com;ali.kara@logo.com.tr' sent to object: 'Object Repository/Popup/EmailText'

2021-11-11 09:28:39 - [MESSAGE][PASSED] - Call Test Case 'Test Cases/Popup/PopupaEmailEklenir' successfully

2021-11-11 09:28:39 - [MESSAGE][INFO] - Checking called Test Case

2021-11-11 09:28:39 - [MESSAGE][INFO] - Starting to call Test Case 'Test Cases/Popup/PopupButonSecilir'

2021-11-11 09:28:39 - [TEST_CASE][PASSED] - Test Cases/Popup/PopupButonSecilir: Test Cases/Popup/PopupButonSecilir

2021-11-11 09:28:39 - [TEST_STEP][PASSED] - Method.TextDegerineEsitElementeTikla(findTestObject("Popup/Popup_Butons"), Buton): Method.TextDegerineEsitElementeTikla is PASSED

2021-11-11 09:28:39 - [MESSAGE][INFO] - Finding Test Object 'Object Repository/Popup/Popup_Butons'

2021-11-11 09:28:40 - [MESSAGE][INFO] - Checking timeout

2021-11-11 09:28:40 - [MESSAGE][INFO] - Finding web element with id: 'Object Repository/Popup/Popup_Butons' located by 'By.cssSelector: .modal-footer>button' in '10' second(s)

2021-11-11 09:28:40 - [MESSAGE][INFO] - Smart Wait Function is triggered

2021-11-11 09:28:40 - [MESSAGE][INFO] - Found 2 web elements with id: 'Object Repository/Popup/Popup_Butons' located by 'By.cssSelector: .modal-footer>button' in '10' second(s)

2021-11-11 09:28:40 - [MESSAGE][PASSED] - Method.TextDegerineEsitElementeTikla is PASSED

2021-11-11 09:28:40 - [MESSAGE][PASSED] - Call Test Case 'Test Cases/Popup/PopupButonSecilir' successfully

2021-11-11 09:28:40 - [MESSAGE][INFO] - Checking called Test Case

2021-11-11 09:28:40 - [MESSAGE][INFO] - Starting to call Test Case 'Test Cases/Popup/PopupMesajiIceriyorMu'

2021-11-11 09:28:40 - [TEST_CASE][PASSED] - Test Cases/Popup/PopupMesajiIceriyorMu: Test Cases/Popup/PopupMesajiIceriyorMu

2021-11-11 09:28:40 - [TEST_STEP][PASSED] - waitForElementVisible(findTestObject("Popup/Popup"), 10): Object 'Object Repository/Popup/Popup' is visible

2021-11-11 09:28:40 - [MESSAGE][INFO] - Finding Test Object 'Object Repository/Popup/Popup'

2021-11-11 09:28:40 - [MESSAGE][INFO] - Checking object

2021-11-11 09:28:40 - [MESSAGE][INFO] - Checking timeout

2021-11-11 09:28:40 - [MESSAGE][INFO] - Finding web element from Test Object's properties

2021-11-11 09:28:40 - [MESSAGE][INFO] - Checking timeout

2021-11-11 09:28:40 - [MESSAGE][INFO] - Finding web element with id: 'Object Repository/Popup/Popup' located by 'By.cssSelector: .bootbox-body' in '10' second(s)

2021-11-11 09:28:40 - [MESSAGE][INFO] - Smart Wait Function is triggered

2021-11-11 09:28:41 - [MESSAGE][INFO] - Found 1 web elements with id: 'Object Repository/Popup/Popup' located by 'By.cssSelector: .bootbox-body' in '10' second(s)

2021-11-11 09:28:41 - [MESSAGE][PASSED] - Object 'Object Repository/Popup/Popup' is visible

2021-11-11 09:28:41 - [TEST_STEP][PASSED] - if (!(getText(findTestObject("Popup/Popup")).contains(Mesaj))): Text of object 'Object Repository/Popup/Popup' is: '16234 no’lu talebiniz işleme alınmıştır. Raporunuz hazırlandığında (elogotest@gmail.com;ali.kara@logo.com.tr) adresinize mail gönderilecektir.
Rapor durumunuzu Raporlar > Toplu Veri İndirme ekranından takip edebilir, hazırlandı durumundaki raporlarınızı ilgili menüden indirebilirsiniz.'

2021-11-11 09:28:41 - [MESSAGE][INFO] - Finding Test Object 'Object Repository/Popup/Popup'

2021-11-11 09:28:41 - [MESSAGE][INFO] - Checking object

2021-11-11 09:28:41 - [MESSAGE][INFO] - Finding web element from Test Object's properties

2021-11-11 09:28:41 - [MESSAGE][INFO] - Checking timeout

2021-11-11 09:28:41 - [MESSAGE][INFO] - Finding web element with id: 'Object Repository/Popup/Popup' located by 'By.cssSelector: .bootbox-body' in '30' second(s)

2021-11-11 09:28:41 - [MESSAGE][INFO] - Smart Wait Function is triggered

2021-11-11 09:28:41 - [MESSAGE][INFO] - Found 1 web elements with id: 'Object Repository/Popup/Popup' located by 'By.cssSelector: .bootbox-body' in '30' second(s)

2021-11-11 09:28:41 - [MESSAGE][INFO] - Getting text of object 'Object Repository/Popup/Popup'

2021-11-11 09:28:41 - [MESSAGE][PASSED] - Text of object 'Object Repository/Popup/Popup' is: '16234 no’lu talebiniz işleme alınmıştır. Raporunuz hazırlandığında (elogotest@gmail.com;ali.kara@logo.com.tr) adresinize mail gönderilecektir.
Rapor durumunuzu Raporlar > Toplu Veri İndirme ekranından takip edebilir, hazırlandı durumundaki raporlarınızı ilgili menüden indirebilirsiniz.'

2021-11-11 09:28:41 - [TEST_STEP][PASSED] - RaporNo = getText(findTestObject("Popup/Popup")).substring(0, 6): Text of object 'Object Repository/Popup/Popup' is: '16234 no’lu talebiniz işleme alınmıştır. Raporunuz hazırlandığında (elogotest@gmail.com;ali.kara@logo.com.tr) adresinize mail gönderilecektir.
Rapor durumunuzu Raporlar > Toplu Veri İndirme ekranından takip edebilir, hazırlandı durumundaki raporlarınızı ilgili menüden indirebilirsiniz.'

2021-11-11 09:28:41 - [MESSAGE][INFO] - Finding Test Object 'Object Repository/Popup/Popup'

2021-11-11 09:28:41 - [MESSAGE][INFO] - Checking object

2021-11-11 09:28:41 - [MESSAGE][INFO] - Finding web element from Test Object's properties

2021-11-11 09:28:41 - [MESSAGE][INFO] - Checking timeout

2021-11-11 09:28:41 - [MESSAGE][INFO] - Finding web element with id: 'Object Repository/Popup/Popup' located by 'By.cssSelector: .bootbox-body' in '30' second(s)

2021-11-11 09:28:41 - [MESSAGE][INFO] - Smart Wait Function is triggered

2021-11-11 09:28:42 - [MESSAGE][INFO] - Found 1 web elements with id: 'Object Repository/Popup/Popup' located by 'By.cssSelector: .bootbox-body' in '30' second(s)

2021-11-11 09:28:42 - [MESSAGE][INFO] - Getting text of object 'Object Repository/Popup/Popup'

2021-11-11 09:28:42 - [MESSAGE][PASSED] - Text of object 'Object Repository/Popup/Popup' is: '16234 no’lu talebiniz işleme alınmıştır. Raporunuz hazırlandığında (elogotest@gmail.com;ali.kara@logo.com.tr) adresinize mail gönderilecektir.
Rapor durumunuzu Raporlar > Toplu Veri İndirme ekranından takip edebilir, hazırlandı durumundaki raporlarınızı ilgili menüden indirebilirsiniz.'

2021-11-11 09:28:42 - [TEST_STEP][PASSED] - Console.println(RaporNo): null

2021-11-11 09:28:42 - [MESSAGE][PASSED] - Call Test Case 'Test Cases/Popup/PopupMesajiIceriyorMu' successfully

2021-11-11 09:28:42 - [MESSAGE][INFO] - Checking called Test Case

2021-11-11 09:28:42 - [MESSAGE][INFO] - Starting to call Test Case 'Test Cases/Popup/PopupButonSecilir'

2021-11-11 09:28:42 - [TEST_CASE][PASSED] - Test Cases/Popup/PopupButonSecilir: Test Cases/Popup/PopupButonSecilir

2021-11-11 09:28:42 - [TEST_STEP][PASSED] - Method.TextDegerineEsitElementeTikla(findTestObject("Popup/Popup_Butons"), Buton): Method.TextDegerineEsitElementeTikla is PASSED

2021-11-11 09:28:42 - [MESSAGE][INFO] - Finding Test Object 'Object Repository/Popup/Popup_Butons'

2021-11-11 09:28:42 - [MESSAGE][INFO] - Checking timeout

2021-11-11 09:28:42 - [MESSAGE][INFO] - Finding web element with id: 'Object Repository/Popup/Popup_Butons' located by 'By.cssSelector: .modal-footer>button' in '10' second(s)

2021-11-11 09:28:42 - [MESSAGE][INFO] - Smart Wait Function is triggered

2021-11-11 09:28:42 - [MESSAGE][INFO] - Found 1 web elements with id: 'Object Repository/Popup/Popup_Butons' located by 'By.cssSelector: .modal-footer>button' in '10' second(s)

2021-11-11 09:28:42 - [MESSAGE][PASSED] - Method.TextDegerineEsitElementeTikla is PASSED

2021-11-11 09:28:42 - [MESSAGE][PASSED] - Call Test Case 'Test Cases/Popup/PopupButonSecilir' successfully

2021-11-11 09:28:42 - [MESSAGE][INFO] - Checking called Test Case

2021-11-11 09:28:42 - [MESSAGE][INFO] - Starting to call Test Case 'Test Cases/Menu/AnaMenuSecimi'

2021-11-11 09:28:42 - [TEST_CASE][PASSED] - Test Cases/Menu/AnaMenuSecimi: Test Cases/Menu/AnaMenuSecimi

2021-11-11 09:28:42 - [TEST_STEP][PASSED] - Method.TextDegerineEsitElementeTikla(findTestObject("Menu/Ana_Menu"), Ana_Menu): Method.TextDegerineEsitElementeTikla is PASSED

2021-11-11 09:28:42 - [MESSAGE][INFO] - Finding Test Object 'Object Repository/Menu/Ana_Menu'

2021-11-11 09:28:42 - [MESSAGE][INFO] - Checking timeout

2021-11-11 09:28:42 - [MESSAGE][INFO] - Finding web element with id: 'Object Repository/Menu/Ana_Menu' located by 'By.xpath: //*[@class = 'dropdown-toggle']' in '10' second(s)

2021-11-11 09:28:42 - [MESSAGE][INFO] - Smart Wait Function is triggered

2021-11-11 09:28:43 - [MESSAGE][INFO] - Found 14 web elements with id: 'Object Repository/Menu/Ana_Menu' located by 'By.xpath: //*[@class = 'dropdown-toggle']' in '10' second(s)

2021-11-11 09:28:43 - [MESSAGE][PASSED] - Method.TextDegerineEsitElementeTikla is PASSED

2021-11-11 09:28:43 - [MESSAGE][PASSED] - Call Test Case 'Test Cases/Menu/AnaMenuSecimi' successfully

2021-11-11 09:28:43 - [MESSAGE][INFO] - Checking called Test Case

2021-11-11 09:28:43 - [MESSAGE][INFO] - Starting to call Test Case 'Test Cases/Menu/AltMenuSecimi'

2021-11-11 09:28:43 - [TEST_CASE][PASSED] - Test Cases/Menu/AltMenuSecimi: Test Cases/Menu/AltMenuSecimi

2021-11-11 09:28:43 - [TEST_STEP][PASSED] - Method.TextDegerineEsitElementeTikla(findTestObject("Menu/Alt_Menu"), Alt_Menu): Method.TextDegerineEsitElementeTikla is PASSED

2021-11-11 09:28:43 - [MESSAGE][INFO] - Finding Test Object 'Object Repository/Menu/Alt_Menu'

2021-11-11 09:28:43 - [MESSAGE][INFO] - Checking timeout

2021-11-11 09:28:43 - [MESSAGE][INFO] - Finding web element with id: 'Object Repository/Menu/Alt_Menu' located by 'By.xpath: //li[@class='dropdown dropdown-large open']//li[@class='dropdown-element']' in '10' second(s)

2021-11-11 09:28:43 - [MESSAGE][INFO] - Smart Wait Function is triggered

2021-11-11 09:28:44 - [MESSAGE][INFO] - Found 9 web elements with id: 'Object Repository/Menu/Alt_Menu' located by 'By.xpath: //li[@class='dropdown dropdown-large open']//li[@class='dropdown-element']' in '10' second(s)

2021-11-11 09:28:45 - [MESSAGE][PASSED] - Method.TextDegerineEsitElementeTikla is PASSED

2021-11-11 09:28:45 - [MESSAGE][PASSED] - Call Test Case 'Test Cases/Menu/AltMenuSecimi' successfully

2021-11-11 09:28:45 - [MESSAGE][INFO] - Checking called Test Case

2021-11-11 09:28:45 - [MESSAGE][INFO] - Starting to call Test Case 'Test Cases/Filtreler/RaporNoYaz'

2021-11-11 09:28:45 - [TEST_CASE][PASSED] - Test Cases/Filtreler/RaporNoYaz: Test Cases/Filtreler/RaporNoYaz

2021-11-11 09:28:45 - [TEST_STEP][PASSED] - Method.TextDegerineEsitElementinAltindakiTextboxtaYaz(findTestObject("Filtreler/Basliklar"), findTestObject("Filtreler/Basliga_Gore_Textbox"), "Talep No", RaporNo): Method.TextDegerineEsitElementinAltindakiTextboxtaYaz is PASSED

2021-11-11 09:28:45 - [MESSAGE][INFO] - Finding Test Object 'Object Repository/Filtreler/Basliklar'

2021-11-11 09:28:45 - [MESSAGE][INFO] - Finding Test Object 'Object Repository/Filtreler/Basliga_Gore_Textbox'

2021-11-11 09:28:45 - [MESSAGE][INFO] - Checking timeout

2021-11-11 09:28:45 - [MESSAGE][INFO] - Finding web element with id: 'Object Repository/Filtreler/Basliklar' located by 'By.cssSelector: .control-label.col-sm-4.paddingMarginRLC' in '10' second(s)

2021-11-11 09:28:45 - [MESSAGE][INFO] - Smart Wait Function is triggered

2021-11-11 09:28:45 - [MESSAGE][INFO] - Found 8 web elements with id: 'Object Repository/Filtreler/Basliklar' located by 'By.cssSelector: .control-label.col-sm-4.paddingMarginRLC' in '10' second(s)

2021-11-11 09:28:45 - [MESSAGE][INFO] - Smart Wait Function is triggered

2021-11-11 09:28:46 - [MESSAGE][PASSED] - Method.TextDegerineEsitElementinAltindakiTextboxtaYaz is PASSED

2021-11-11 09:28:46 - [MESSAGE][PASSED] - Call Test Case 'Test Cases/Filtreler/RaporNoYaz' successfully

2021-11-11 09:28:46 - [MESSAGE][INFO] - Checking called Test Case

2021-11-11 09:28:46 - [MESSAGE][INFO] - Starting to call Test Case 'Test Cases/Filtreler/ButonaTikla'

2021-11-11 09:28:46 - [TEST_CASE][PASSED] - Test Cases/Filtreler/ButonaTikla: Test Cases/Filtreler/ButonaTikla

2021-11-11 09:28:46 - [TEST_STEP][PASSED] - Method.TextDegerineEsitElementeTikla(findTestObject("Filtreler/Butonlar"), Filtre_Buton): Method.TextDegerineEsitElementeTikla is PASSED

2021-11-11 09:28:46 - [MESSAGE][INFO] - Finding Test Object 'Object Repository/Filtreler/Butonlar'

2021-11-11 09:28:46 - [MESSAGE][INFO] - Checking timeout

2021-11-11 09:28:46 - [MESSAGE][INFO] - Finding web element with id: 'Object Repository/Filtreler/Butonlar' located by 'By.cssSelector: .dxb>span' in '10' second(s)

2021-11-11 09:28:46 - [MESSAGE][INFO] - Smart Wait Function is triggered

2021-11-11 09:28:46 - [MESSAGE][INFO] - Found 2 web elements with id: 'Object Repository/Filtreler/Butonlar' located by 'By.cssSelector: .dxb>span' in '10' second(s)

2021-11-11 09:28:47 - [MESSAGE][PASSED] - Method.TextDegerineEsitElementeTikla is PASSED

2021-11-11 09:28:47 - [MESSAGE][PASSED] - Call Test Case 'Test Cases/Filtreler/ButonaTikla' successfully

2021-11-11 09:28:47 - [MESSAGE][INFO] - Checking called Test Case

2021-11-11 09:28:47 - [MESSAGE][INFO] - Starting to call Test Case 'Test Cases/Tablo/TablodaVeriVarMi'

2021-11-11 09:28:47 - [TEST_CASE][PASSED] - Test Cases/Tablo/TablodaVeriVarMi: Test Cases/Tablo/TablodaVeriVarMi

2021-11-11 09:28:47 - [TEST_STEP][PASSED] - verifyTextNotPresent("Görüntülenecek veri yok", true): Text 'Görüntülenecek veri yok' is not present on page using regular expression

2021-11-11 09:28:47 - [MESSAGE][INFO] - Checking text present  using regular expression

2021-11-11 09:28:47 - [MESSAGE][INFO] - Smart Wait Function is triggered

2021-11-11 09:28:47 - [MESSAGE][INFO] - Finding text 'Görüntülenecek veri yok' on page  using regular expression

2021-11-11 09:28:47 - [MESSAGE][PASSED] - Text 'Görüntülenecek veri yok' is not present on page using regular expression

2021-11-11 09:28:47 - [MESSAGE][PASSED] - Call Test Case 'Test Cases/Tablo/TablodaVeriVarMi' successfully

2021-11-11 09:28:47 - [MESSAGE][INFO] - Checking called Test Case

2021-11-11 09:28:47 - [MESSAGE][INFO] - Starting to call Test Case 'Test Cases/Kullanici_Islemleri/KullaniciIslemlerindenSecimYapilir'

2021-11-11 09:28:47 - [TEST_CASE][PASSED] - Test Cases/Kullanici_Islemleri/KullaniciIslemlerindenSecimYapilir: Test Cases/Kullanici_Islemleri/KullaniciIslemlerindenSecimYapilir

2021-11-11 09:28:47 - [TEST_STEP][PASSED] - waitForElementClickable(findTestObject("Object Repository/Kullanici_Islemleri/KullaniciIslemleri"), 10): Object 'Object Repository/Kullanici_Islemleri/KullaniciIslemleri' is clickable

2021-11-11 09:28:47 - [MESSAGE][INFO] - Finding Test Object 'Object Repository/Kullanici_Islemleri/KullaniciIslemleri'

2021-11-11 09:28:47 - [MESSAGE][INFO] - Checking object

2021-11-11 09:28:47 - [MESSAGE][INFO] - Checking timeout

2021-11-11 09:28:47 - [MESSAGE][INFO] - Finding web element from Test Object's properties

2021-11-11 09:28:47 - [MESSAGE][INFO] - Checking timeout

2021-11-11 09:28:47 - [MESSAGE][INFO] - Finding web element with id: 'Object Repository/Kullanici_Islemleri/KullaniciIslemleri' located by 'By.cssSelector: .dropdown>a>img' in '10' second(s)

2021-11-11 09:28:47 - [MESSAGE][INFO] - Smart Wait Function is triggered

2021-11-11 09:28:48 - [MESSAGE][INFO] - Found 1 web elements with id: 'Object Repository/Kullanici_Islemleri/KullaniciIslemleri' located by 'By.cssSelector: .dropdown>a>img' in '10' second(s)

2021-11-11 09:28:48 - [MESSAGE][PASSED] - Object 'Object Repository/Kullanici_Islemleri/KullaniciIslemleri' is clickable

2021-11-11 09:28:48 - [TEST_STEP][PASSED] - click(findTestObject("Object Repository/Kullanici_Islemleri/KullaniciIslemleri")): Object: 'Object Repository/Kullanici_Islemleri/KullaniciIslemleri' is clicked on

2021-11-11 09:28:48 - [MESSAGE][INFO] - Finding Test Object 'Object Repository/Kullanici_Islemleri/KullaniciIslemleri'

2021-11-11 09:28:48 - [MESSAGE][INFO] - Checking object

2021-11-11 09:28:48 - [MESSAGE][INFO] - Finding web element from Test Object's properties

2021-11-11 09:28:48 - [MESSAGE][INFO] - Checking timeout

2021-11-11 09:28:48 - [MESSAGE][INFO] - Finding web element with id: 'Object Repository/Kullanici_Islemleri/KullaniciIslemleri' located by 'By.cssSelector: .dropdown>a>img' in '30' second(s)

2021-11-11 09:28:48 - [MESSAGE][INFO] - Smart Wait Function is triggered

2021-11-11 09:28:48 - [MESSAGE][INFO] - Found 1 web elements with id: 'Object Repository/Kullanici_Islemleri/KullaniciIslemleri' located by 'By.cssSelector: .dropdown>a>img' in '30' second(s)

2021-11-11 09:28:48 - [MESSAGE][INFO] - Clicking on object: 'Object Repository/Kullanici_Islemleri/KullaniciIslemleri'

2021-11-11 09:28:48 - [MESSAGE][PASSED] - Object: 'Object Repository/Kullanici_Islemleri/KullaniciIslemleri' is clicked on

2021-11-11 09:28:48 - [TEST_STEP][PASSED] - Method.TextDegerineEsitElementeTikla(findTestObject("Object Repository/Kullanici_Islemleri/Secenekler"), Islem): Method.TextDegerineEsitElementeTikla is PASSED

2021-11-11 09:28:48 - [MESSAGE][INFO] - Finding Test Object 'Object Repository/Kullanici_Islemleri/Secenekler'

2021-11-11 09:28:48 - [MESSAGE][INFO] - Checking timeout

2021-11-11 09:28:48 - [MESSAGE][INFO] - Finding web element with id: 'Object Repository/Kullanici_Islemleri/Secenekler' located by 'By.cssSelector: .nav.navbar-nav.navbar-right li a' in '10' second(s)

2021-11-11 09:28:48 - [MESSAGE][INFO] - Smart Wait Function is triggered

2021-11-11 09:28:48 - [MESSAGE][INFO] - Found 22 web elements with id: 'Object Repository/Kullanici_Islemleri/Secenekler' located by 'By.cssSelector: .nav.navbar-nav.navbar-right li a' in '10' second(s)

2021-11-11 09:28:50 - [MESSAGE][PASSED] - Method.TextDegerineEsitElementeTikla is PASSED

2021-11-11 09:28:50 - [TEST_STEP][PASSED] - verifyElementNotPresent(findTestObject("Object Repository/Kullanici_Islemleri/Secenekler"), 10): Web element with id: 'Object Repository/Kullanici_Islemleri/Secenekler' located by 'By.cssSelector: .nav.navbar-nav.navbar-right li a' is not present after '10' second(s)

2021-11-11 09:28:50 - [MESSAGE][INFO] - Finding Test Object 'Object Repository/Kullanici_Islemleri/Secenekler'

2021-11-11 09:28:50 - [MESSAGE][INFO] - Checking object

2021-11-11 09:28:50 - [MESSAGE][INFO] - Checking timeout

2021-11-11 09:28:50 - [MESSAGE][INFO] - Finding web element with id: 'Object Repository/Kullanici_Islemleri/Secenekler' located by 'By.cssSelector: .nav.navbar-nav.navbar-right li a' in '10' second(s)

2021-11-11 09:28:50 - [MESSAGE][INFO] - Smart Wait Function is triggered

2021-11-11 09:28:51 - [MESSAGE][PASSED] - Web element with id: 'Object Repository/Kullanici_Islemleri/Secenekler' located by 'By.cssSelector: .nav.navbar-nav.navbar-right li a' is not present after '10' second(s)

2021-11-11 09:28:51 - [MESSAGE][PASSED] - Call Test Case 'Test Cases/Kullanici_Islemleri/KullaniciIslemlerindenSecimYapilir' successfully

2021-11-11 09:28:51 - [TEST_CASE][PASSED] - Start Test Case : SCENARIO e-Fatura Gelen Kutusu Toplu Indirme - PDF Secilenlerin indirilmesi: SCENARIO e-Fatura Gelen Kutusu Toplu Indirme - PDF Secilenlerin indirilmesi

2021-11-11 09:28:51 - [TEST_STEP][PASSED] - Kullanıcı adı ELOGO6 ve Şifre 123456 olarak giriş yapılır: Kullanıcı adı ELOGO6 ve Şifre 123456 olarak giriş yapılır

2021-11-11 09:28:51 - [MESSAGE][PASSED] - Kullanıcı adı ELOGO6 ve Şifre 123456 olarak giriş yapılır

2021-11-11 09:28:51 - [TEST_STEP][PASSED] - Ana menüden e-Fatura seçilir: Ana menüden e-Fatura seçilir

2021-11-11 09:28:51 - [MESSAGE][PASSED] - Ana menüden e-Fatura seçilir

2021-11-11 09:28:51 - [TEST_STEP][PASSED] - Alt menü Gelen Kutusu başlığı altındaki Faturalar seçilir: Alt menü Gelen Kutusu başlığı altındaki Faturalar seçilir

2021-11-11 09:28:51 - [MESSAGE][PASSED] - Alt menü Gelen Kutusu başlığı altındaki Faturalar seçilir

2021-11-11 09:28:51 - [TEST_STEP][PASSED] - Filtrelerden Oluşturma Tarihi filtresine 01.12.2020 baslangic degerini yaz: Filtrelerden Oluşturma Tarihi filtresine 01.12.2020 baslangic degerini yaz

2021-11-11 09:28:51 - [MESSAGE][PASSED] - Filtrelerden Oluşturma Tarihi filtresine 01.12.2020 baslangic degerini yaz

2021-11-11 09:28:51 - [TEST_STEP][PASSED] - Filtrelerden Oluşturma Tarihi filtresine 31.12.2020 bitis degerini yaz: Filtrelerden Oluşturma Tarihi filtresine 31.12.2020 bitis degerini yaz

2021-11-11 09:28:51 - [MESSAGE][PASSED] - Filtrelerden Oluşturma Tarihi filtresine 31.12.2020 bitis degerini yaz

2021-11-11 09:28:51 - [TEST_STEP][PASSED] - Filtrelerden Gönderici Ünvanı filtresine E LOGO 6 textini yaz: Filtrelerden Gönderici Ünvanı filtresine E LOGO 6 textini yaz

2021-11-11 09:28:51 - [MESSAGE][PASSED] - Filtrelerden Gönderici Ünvanı filtresine E LOGO 6 textini yaz

2021-11-11 09:28:51 - [TEST_STEP][PASSED] - Filtre butonlarından Listele seçilir: Filtre butonlarından Listele seçilir

2021-11-11 09:28:51 - [MESSAGE][PASSED] - Filtre butonlarından Listele seçilir

2021-11-11 09:28:51 - [TEST_STEP][PASSED] - Tabloda veri var mı kontrol edilir: Tabloda veri var mı kontrol edilir

2021-11-11 09:28:51 - [MESSAGE][PASSED] - Tabloda veri var mı kontrol edilir

2021-11-11 09:28:51 - [TEST_STEP][PASSED] - Tablodan E LOGO 6 isimli veri seçilir: Tablodan E LOGO 6 isimli veri seçilir

2021-11-11 09:28:51 - [MESSAGE][PASSED] - Tablodan E LOGO 6 isimli veri seçilir

2021-11-11 09:28:51 - [TEST_STEP][PASSED] - Butonlardan Toplu İndirme isimli butona tıklanır: Butonlardan Toplu İndirme isimli butona tıklanır

2021-11-11 09:28:51 - [MESSAGE][PASSED] - Butonlardan Toplu İndirme isimli butona tıklanır

2021-11-11 09:28:51 - [TEST_STEP][PASSED] - Alt butonlardan PDF Seçilenleri İndir butonuna tıklanır: Alt butonlardan PDF Seçilenleri İndir butonuna tıklanır

2021-11-11 09:28:51 - [MESSAGE][PASSED] - Alt butonlardan PDF Seçilenleri İndir butonuna tıklanır

2021-11-11 09:28:51 - [TEST_STEP][PASSED] - Popup mesajı Lütfen rapor bildiriminin gönderileceği e-posta adresini belirtiniz. içeriyor mu: Popup mesajı Lütfen rapor bildiriminin gönderileceği e-posta adresini belirtiniz. içeriyor mu

2021-11-11 09:28:51 - [MESSAGE][PASSED] - Popup mesajı Lütfen rapor bildiriminin gönderileceği e-posta adresini belirtiniz. içeriyor mu

2021-11-11 09:28:51 - [TEST_STEP][PASSED] - Popup email elogotest@gmail.com;ali.kara@logo.com.tr olarak girilir: Popup email elogotest@gmail.com;ali.kara@logo.com.tr olarak girilir

2021-11-11 09:28:51 - [MESSAGE][PASSED] - Popup email elogotest@gmail.com;ali.kara@logo.com.tr olarak girilir

2021-11-11 09:28:51 - [TEST_STEP][PASSED] - Yönetim popupında Gönder seçilir: Yönetim popupında Gönder seçilir

2021-11-11 09:28:51 - [MESSAGE][PASSED] - Yönetim popupında Gönder seçilir

2021-11-11 09:28:51 - [TEST_STEP][PASSED] - Popup mesajı talebiniz işleme alınmıştır içeriyor mu: Popup mesajı talebiniz işleme alınmıştır içeriyor mu

2021-11-11 09:28:51 - [MESSAGE][PASSED] - Popup mesajı talebiniz işleme alınmıştır içeriyor mu

2021-11-11 09:28:51 - [TEST_STEP][PASSED] - Yönetim popupında Tamam seçilir: Yönetim popupında Tamam seçilir

2021-11-11 09:28:51 - [MESSAGE][PASSED] - Yönetim popupında Tamam seçilir

2021-11-11 09:28:51 - [TEST_STEP][PASSED] - Butonlardan Toplu İndirme isimli butona tıklanır: Butonlardan Toplu İndirme isimli butona tıklanır

2021-11-11 09:28:51 - [MESSAGE][PASSED] - Butonlardan Toplu İndirme isimli butona tıklanır

2021-11-11 09:28:51 - [TEST_STEP][PASSED] - Alt butonlardan PDF Tümünü İndir butonuna tıklanır: Alt butonlardan PDF Tümünü İndir butonuna tıklanır

2021-11-11 09:28:51 - [MESSAGE][PASSED] - Alt butonlardan PDF Tümünü İndir butonuna tıklanır

2021-11-11 09:28:51 - [TEST_STEP][PASSED] - Popup mesajı Lütfen rapor bildiriminin gönderileceği e-posta adresini belirtiniz. içeriyor mu: Popup mesajı Lütfen rapor bildiriminin gönderileceği e-posta adresini belirtiniz. içeriyor mu

2021-11-11 09:28:51 - [MESSAGE][PASSED] - Popup mesajı Lütfen rapor bildiriminin gönderileceği e-posta adresini belirtiniz. içeriyor mu

2021-11-11 09:28:51 - [TEST_STEP][PASSED] - Popup email elogotest@gmail.com;ali.kara@logo.com.tr olarak girilir: Popup email elogotest@gmail.com;ali.kara@logo.com.tr olarak girilir

2021-11-11 09:28:51 - [MESSAGE][PASSED] - Popup email elogotest@gmail.com;ali.kara@logo.com.tr olarak girilir

2021-11-11 09:28:51 - [TEST_STEP][PASSED] - Yönetim popupında Gönder seçilir: Yönetim popupında Gönder seçilir

2021-11-11 09:28:51 - [MESSAGE][PASSED] - Yönetim popupında Gönder seçilir

2021-11-11 09:28:51 - [TEST_STEP][PASSED] - Popup mesajı talebiniz işleme alınmıştır içeriyor mu: Popup mesajı talebiniz işleme alınmıştır içeriyor mu

2021-11-11 09:28:51 - [MESSAGE][PASSED] - Popup mesajı talebiniz işleme alınmıştır içeriyor mu

2021-11-11 09:28:51 - [TEST_STEP][PASSED] - Yönetim popupında Tamam seçilir: Yönetim popupında Tamam seçilir

2021-11-11 09:28:51 - [MESSAGE][PASSED] - Yönetim popupında Tamam seçilir

2021-11-11 09:28:51 - [TEST_STEP][PASSED] - Butonlardan Toplu İndirme isimli butona tıklanır: Butonlardan Toplu İndirme isimli butona tıklanır

2021-11-11 09:28:51 - [MESSAGE][PASSED] - Butonlardan Toplu İndirme isimli butona tıklanır

2021-11-11 09:28:51 - [TEST_STEP][PASSED] - Alt butonlardan UBL Seçilenleri İndir butonuna tıklanır: Alt butonlardan UBL Seçilenleri İndir butonuna tıklanır

2021-11-11 09:28:51 - [MESSAGE][PASSED] - Alt butonlardan UBL Seçilenleri İndir butonuna tıklanır

2021-11-11 09:28:51 - [TEST_STEP][PASSED] - Popup mesajı Lütfen rapor bildiriminin gönderileceği e-posta adresini belirtiniz. içeriyor mu: Popup mesajı Lütfen rapor bildiriminin gönderileceği e-posta adresini belirtiniz. içeriyor mu

2021-11-11 09:28:51 - [MESSAGE][PASSED] - Popup mesajı Lütfen rapor bildiriminin gönderileceği e-posta adresini belirtiniz. içeriyor mu

2021-11-11 09:28:51 - [TEST_STEP][PASSED] - Popup email elogotest@gmail.com;ali.kara@logo.com.tr olarak girilir: Popup email elogotest@gmail.com;ali.kara@logo.com.tr olarak girilir

2021-11-11 09:28:51 - [MESSAGE][PASSED] - Popup email elogotest@gmail.com;ali.kara@logo.com.tr olarak girilir

2021-11-11 09:28:51 - [TEST_STEP][PASSED] - Yönetim popupında Gönder seçilir: Yönetim popupında Gönder seçilir

2021-11-11 09:28:51 - [MESSAGE][PASSED] - Yönetim popupında Gönder seçilir

2021-11-11 09:28:51 - [TEST_STEP][PASSED] - Popup mesajı talebiniz işleme alınmıştır içeriyor mu: Popup mesajı talebiniz işleme alınmıştır içeriyor mu

2021-11-11 09:28:51 - [MESSAGE][PASSED] - Popup mesajı talebiniz işleme alınmıştır içeriyor mu

2021-11-11 09:28:51 - [TEST_STEP][PASSED] - Yönetim popupında Tamam seçilir: Yönetim popupında Tamam seçilir

2021-11-11 09:28:51 - [MESSAGE][PASSED] - Yönetim popupında Tamam seçilir

2021-11-11 09:28:51 - [TEST_STEP][PASSED] - Butonlardan Toplu İndirme isimli butona tıklanır: Butonlardan Toplu İndirme isimli butona tıklanır

2021-11-11 09:28:51 - [MESSAGE][PASSED] - Butonlardan Toplu İndirme isimli butona tıklanır

2021-11-11 09:28:51 - [TEST_STEP][PASSED] - Alt butonlardan UBL Tümünü İndir butonuna tıklanır: Alt butonlardan UBL Tümünü İndir butonuna tıklanır

2021-11-11 09:28:51 - [MESSAGE][PASSED] - Alt butonlardan UBL Tümünü İndir butonuna tıklanır

2021-11-11 09:28:51 - [TEST_STEP][PASSED] - Popup mesajı Lütfen rapor bildiriminin gönderileceği e-posta adresini belirtiniz. içeriyor mu: Popup mesajı Lütfen rapor bildiriminin gönderileceği e-posta adresini belirtiniz. içeriyor mu

2021-11-11 09:28:51 - [MESSAGE][PASSED] - Popup mesajı Lütfen rapor bildiriminin gönderileceği e-posta adresini belirtiniz. içeriyor mu

2021-11-11 09:28:51 - [TEST_STEP][PASSED] - Popup email elogotest@gmail.com;ali.kara@logo.com.tr olarak girilir: Popup email elogotest@gmail.com;ali.kara@logo.com.tr olarak girilir

2021-11-11 09:28:51 - [MESSAGE][PASSED] - Popup email elogotest@gmail.com;ali.kara@logo.com.tr olarak girilir

2021-11-11 09:28:51 - [TEST_STEP][PASSED] - Yönetim popupında Gönder seçilir: Yönetim popupında Gönder seçilir

2021-11-11 09:28:51 - [MESSAGE][PASSED] - Yönetim popupında Gönder seçilir

2021-11-11 09:28:51 - [TEST_STEP][PASSED] - Popup mesajı talebiniz işleme alınmıştır içeriyor mu: Popup mesajı talebiniz işleme alınmıştır içeriyor mu

2021-11-11 09:28:51 - [MESSAGE][PASSED] - Popup mesajı talebiniz işleme alınmıştır içeriyor mu

2021-11-11 09:28:51 - [TEST_STEP][PASSED] - Yönetim popupında Tamam seçilir: Yönetim popupında Tamam seçilir

2021-11-11 09:28:51 - [MESSAGE][PASSED] - Yönetim popupında Tamam seçilir

2021-11-11 09:28:51 - [TEST_STEP][PASSED] - Ana menüden Raporlar seçilir: Ana menüden Raporlar seçilir

2021-11-11 09:28:51 - [MESSAGE][PASSED] - Ana menüden Raporlar seçilir

2021-11-11 09:28:51 - [TEST_STEP][PASSED] - Alt menüden Toplu Veri İndirme seçilir: Alt menüden Toplu Veri İndirme seçilir

2021-11-11 09:28:51 - [MESSAGE][PASSED] - Alt menüden Toplu Veri İndirme seçilir

2021-11-11 09:28:51 - [TEST_STEP][PASSED] - Filtrelerden Talep No filtresine Rapor No bilgisi yaz: Filtrelerden Talep No filtresine Rapor No bilgisi yaz

2021-11-11 09:28:51 - [MESSAGE][PASSED] - Filtrelerden Talep No filtresine Rapor No bilgisi yaz

2021-11-11 09:28:51 - [TEST_STEP][PASSED] - Filtre butonlarından Listele seçilir: Filtre butonlarından Listele seçilir

2021-11-11 09:28:51 - [MESSAGE][PASSED] - Filtre butonlarından Listele seçilir

2021-11-11 09:28:51 - [TEST_STEP][PASSED] - Tabloda veri var mı kontrol edilir: Tabloda veri var mı kontrol edilir

2021-11-11 09:28:51 - [MESSAGE][PASSED] - Tabloda veri var mı kontrol edilir

2021-11-11 09:28:51 - [TEST_STEP][PASSED] - Kullanıcı işlemlerinden Çıkış seçilir: Kullanıcı işlemlerinden Çıkış seçilir

2021-11-11 09:28:51 - [MESSAGE][PASSED] - Kullanıcı işlemlerinden Çıkış seçilir

2021-11-11 09:28:51 - [MESSAGE][PASSED] - Feature file: 'Include/features/e-Fatura/Gelen Kutusu/Faturalar/Toplu Indirme.feature' was passed

2021-11-11 09:28:51 - [TEST_STEP][PASSED] - Start listener action : sampleAfterTestSuite: Invoke 'com.kms.katalon.core.annotation.AfterTestCase' method: 'Listener.sampleAfterTestSuite(...)' completed.

2021-11-11 09:28:51 - [MESSAGE][INFO] - Starting invoke 'com.kms.katalon.core.annotation.AfterTestCase' method: 'Listener.sampleAfterTestSuite(...)'

2021-11-11 09:28:51 - [TEST_STEP][PASSED] - closeBrowser(): Invoke 'com.kms.katalon.core.annotation.AfterTestCase' method: 'Listener.sampleAfterTestSuite(...)' completed.

2021-11-11 09:28:51 - [MESSAGE][INFO] - Closing browser

2021-11-11 09:28:51 - [MESSAGE][PASSED] - Browser is closed

2021-11-11 09:28:51 - [MESSAGE][INFO] - Invoke 'com.kms.katalon.core.annotation.AfterTestCase' method: 'Listener.sampleAfterTestSuite(...)' completed.]]></system-out>
         <system-err><![CDATA[]]></system-err>
      </testcase>
      <testcase name="Test Cases/Case Repository/e-Fatura/Gelen Kutusu/Uygulama Yanitlari/Excele Aktar" time="57.799" classname="Test Cases/Case Repository/e-Fatura/Gelen Kutusu/Uygulama Yanitlari/Excele Aktar" status="PASSED">
         <system-out><![CDATA[2021-11-11 09:28:51 - [TEST_CASE][PASSED] - Test Cases/Case Repository/e-Fatura/Gelen Kutusu/Uygulama Yanitlari/Excele Aktar: Test Cases/Case Repository/e-Fatura/Gelen Kutusu/Uygulama Yanitlari/Excele Aktar

2021-11-11 09:28:51 - [TEST_STEP][PASSED] - Start listener action : sampleBeforeTestSuite: Invoke 'com.kms.katalon.core.annotation.BeforeTestCase' method: 'Listener.sampleBeforeTestSuite(...)' completed.

2021-11-11 09:28:51 - [MESSAGE][INFO] - Starting invoke 'com.kms.katalon.core.annotation.BeforeTestCase' method: 'Listener.sampleBeforeTestSuite(...)'

2021-11-11 09:28:51 - [TEST_STEP][PASSED] - openBrowser(baseUrl): Browser is opened with url: 'https://efatura-stage.elogo.com.tr/'

2021-11-11 09:28:51 - [MESSAGE][INFO] - Opening browser

2021-11-11 09:28:51 - [MESSAGE][INFO] - Starting 'Chrome' driver

2021-11-11 09:28:51 - [MESSAGE][INFO] - User set preference: ['prefs', '{download.default_directory=C:\otomasyondownfiles}']

2021-11-11 09:28:51 - [MESSAGE][INFO] - Action delay is set to 0 milliseconds

2021-11-11 09:28:53 - [MESSAGE][INFO] - Navigating browser to: 'https://efatura-stage.elogo.com.tr/'

2021-11-11 09:28:55 - [MESSAGE][PASSED] - Browser is opened with url: 'https://efatura-stage.elogo.com.tr/'

2021-11-11 09:28:55 - [TEST_STEP][PASSED] - maximizeWindow(): Invoke 'com.kms.katalon.core.annotation.BeforeTestCase' method: 'Listener.sampleBeforeTestSuite(...)' completed.

2021-11-11 09:28:55 - [MESSAGE][INFO] - Maximizing current window

2021-11-11 09:28:55 - [MESSAGE][PASSED] - Current window maximized

2021-11-11 09:28:55 - [MESSAGE][INFO] - Invoke 'com.kms.katalon.core.annotation.BeforeTestCase' method: 'Listener.sampleBeforeTestSuite(...)' completed.

2021-11-11 09:28:55 - [TEST_STEP][PASSED] - runFeatureFile("Include/features/e-Fatura/Gelen Kutusu/Uygulama Yanitlari/Excele Aktar.feature"): Feature file: 'Include/features/e-Fatura/Gelen Kutusu/Uygulama Yanitlari/Excele Aktar.feature' was passed

2021-11-11 09:28:55 - [MESSAGE][INFO] - Starting run keyword runFeatureFile: 'Include/features/e-Fatura/Gelen Kutusu/Uygulama Yanitlari/Excele Aktar.feature' and extract report to folder: 'C:\Users\DELL\Documents\GitHub\EES_KatalonLogo\Reports\20211111_090730\Suite Repository\ExceleAktarVeTopluIndirme\20211111_090810/cucumber_report/1636612135781'...

2021-11-11 09:28:55 - [MESSAGE][INFO] - Glue: []

2021-11-11 09:28:56 - [MESSAGE][INFO] - Checking called Test Case

2021-11-11 09:28:56 - [MESSAGE][INFO] - Starting to call Test Case 'Test Cases/Sayfalar/Giris_Sayfasi/Login'

2021-11-11 09:28:56 - [TEST_CASE][PASSED] - Test Cases/Sayfalar/Giris_Sayfasi/Login: Test Cases/Sayfalar/Giris_Sayfasi/Login

2021-11-11 09:28:56 - [TEST_STEP][PASSED] - Sayfa_Basligi = getWindowTitle(): Current window's title is: 'LOGO e-Fatura'

2021-11-11 09:28:56 - [MESSAGE][INFO] - Getting current window's title

2021-11-11 09:28:56 - [MESSAGE][PASSED] - Current window's title is: 'LOGO e-Fatura'

2021-11-11 09:28:56 - [TEST_STEP][PASSED] - verifyMatch(Sayfa_Basligi, "LOGO e-Fatura", false): Actual text 'LOGO e-Fatura' and expected text 'LOGO e-Fatura' are matched 

2021-11-11 09:28:56 - [MESSAGE][INFO] - Matching actual text 'LOGO e-Fatura' with expected text 'LOGO e-Fatura'

2021-11-11 09:28:56 - [MESSAGE][PASSED] - Actual text 'LOGO e-Fatura' and expected text 'LOGO e-Fatura' are matched 

2021-11-11 09:28:56 - [TEST_STEP][PASSED] - sendKeys(findTestObject("Sayfalar/Giris_Sayfasi/Firma_Kodu"), KullaniciAdi): Keys 'ELOGO6' sent to object: 'Object Repository/Sayfalar/Giris_Sayfasi/Firma_Kodu'

2021-11-11 09:28:56 - [MESSAGE][INFO] - Finding Test Object 'Object Repository/Sayfalar/Giris_Sayfasi/Firma_Kodu'

2021-11-11 09:28:56 - [MESSAGE][INFO] - Sending keys 'ELOGO6' to object: 'Object Repository/Sayfalar/Giris_Sayfasi/Firma_Kodu'

2021-11-11 09:28:56 - [MESSAGE][INFO] - Finding web element from Test Object's properties

2021-11-11 09:28:56 - [MESSAGE][INFO] - Checking timeout

2021-11-11 09:28:56 - [MESSAGE][INFO] - Finding web element with id: 'Object Repository/Sayfalar/Giris_Sayfasi/Firma_Kodu' located by 'By.xpath: //*[@id = 'AccountName']' in '30' second(s)

2021-11-11 09:28:56 - [MESSAGE][INFO] - Smart Wait Function is triggered

2021-11-11 09:28:56 - [MESSAGE][INFO] - Found 1 web elements with id: 'Object Repository/Sayfalar/Giris_Sayfasi/Firma_Kodu' located by 'By.xpath: //*[@id = 'AccountName']' in '30' second(s)

2021-11-11 09:28:56 - [MESSAGE][PASSED] - Keys 'ELOGO6' sent to object: 'Object Repository/Sayfalar/Giris_Sayfasi/Firma_Kodu'

2021-11-11 09:28:56 - [TEST_STEP][PASSED] - sendKeys(findTestObject("Sayfalar/Giris_Sayfasi/Sifre"), Sifre): Keys '123456' sent to object: 'Object Repository/Sayfalar/Giris_Sayfasi/Sifre'

2021-11-11 09:28:56 - [MESSAGE][INFO] - Finding Test Object 'Object Repository/Sayfalar/Giris_Sayfasi/Sifre'

2021-11-11 09:28:56 - [MESSAGE][INFO] - Sending keys '123456' to object: 'Object Repository/Sayfalar/Giris_Sayfasi/Sifre'

2021-11-11 09:28:56 - [MESSAGE][INFO] - Finding web element from Test Object's properties

2021-11-11 09:28:56 - [MESSAGE][INFO] - Checking timeout

2021-11-11 09:28:56 - [MESSAGE][INFO] - Finding web element with id: 'Object Repository/Sayfalar/Giris_Sayfasi/Sifre' located by 'By.xpath: //*[@id = 'Password']' in '30' second(s)

2021-11-11 09:28:56 - [MESSAGE][INFO] - Smart Wait Function is triggered

2021-11-11 09:28:57 - [MESSAGE][INFO] - Found 1 web elements with id: 'Object Repository/Sayfalar/Giris_Sayfasi/Sifre' located by 'By.xpath: //*[@id = 'Password']' in '30' second(s)

2021-11-11 09:28:57 - [MESSAGE][PASSED] - Keys '123456' sent to object: 'Object Repository/Sayfalar/Giris_Sayfasi/Sifre'

2021-11-11 09:28:57 - [TEST_STEP][PASSED] - findWebElement(findTestObject("Sayfalar/Giris_Sayfasi/Giris_Butonu")).click(): Found 1 web elements with id: 'Object Repository/Sayfalar/Giris_Sayfasi/Giris_Butonu' located by 'By.cssSelector: #btnLogin' in '30' second(s)

2021-11-11 09:28:57 - [MESSAGE][INFO] - Finding Test Object 'Object Repository/Sayfalar/Giris_Sayfasi/Giris_Butonu'

2021-11-11 09:28:57 - [MESSAGE][INFO] - Finding web element from Test Object's properties

2021-11-11 09:28:57 - [MESSAGE][INFO] - Checking timeout

2021-11-11 09:28:57 - [MESSAGE][INFO] - Finding web element with id: 'Object Repository/Sayfalar/Giris_Sayfasi/Giris_Butonu' located by 'By.cssSelector: #btnLogin' in '30' second(s)

2021-11-11 09:28:57 - [MESSAGE][INFO] - Smart Wait Function is triggered

2021-11-11 09:28:57 - [MESSAGE][INFO] - Found 1 web elements with id: 'Object Repository/Sayfalar/Giris_Sayfasi/Giris_Butonu' located by 'By.cssSelector: #btnLogin' in '30' second(s)

2021-11-11 09:29:00 - [TEST_STEP][PASSED] - if (verifyElementPresent(findTestObject("Object Repository/Sayfalar/Giris_Sayfasi/RetveTamam_Butonu"), 5, OPTIONAL)): null

2021-11-11 09:29:00 - [MESSAGE][INFO] - Finding Test Object 'Object Repository/Sayfalar/Giris_Sayfasi/RetveTamam_Butonu'

2021-11-11 09:29:00 - [MESSAGE][INFO] - Checking object

2021-11-11 09:29:00 - [MESSAGE][INFO] - Finding web element from Test Object's properties

2021-11-11 09:29:00 - [MESSAGE][INFO] - Checking timeout

2021-11-11 09:29:00 - [MESSAGE][INFO] - Finding web element with id: 'Object Repository/Sayfalar/Giris_Sayfasi/RetveTamam_Butonu' located by 'By.xpath: //*[@class = 'btn btn-default']' in '5' second(s)

2021-11-11 09:29:00 - [MESSAGE][INFO] - Smart Wait Function is triggered

2021-11-11 09:29:00 - [MESSAGE][INFO] - Found 1 web elements with id: 'Object Repository/Sayfalar/Giris_Sayfasi/RetveTamam_Butonu' located by 'By.xpath: //*[@class = 'btn btn-default']' in '5' second(s)

2021-11-11 09:29:00 - [MESSAGE][PASSED] - Object 'Object Repository/Sayfalar/Giris_Sayfasi/RetveTamam_Butonu' is present

2021-11-11 09:29:00 - [TEST_STEP][PASSED] - click(findTestObject("Object Repository/Sayfalar/Giris_Sayfasi/RetveTamam_Butonu")): Object: 'Object Repository/Sayfalar/Giris_Sayfasi/RetveTamam_Butonu' is clicked on

2021-11-11 09:29:00 - [MESSAGE][INFO] - Finding Test Object 'Object Repository/Sayfalar/Giris_Sayfasi/RetveTamam_Butonu'

2021-11-11 09:29:00 - [MESSAGE][INFO] - Checking object

2021-11-11 09:29:00 - [MESSAGE][INFO] - Finding web element from Test Object's properties

2021-11-11 09:29:00 - [MESSAGE][INFO] - Checking timeout

2021-11-11 09:29:00 - [MESSAGE][INFO] - Finding web element with id: 'Object Repository/Sayfalar/Giris_Sayfasi/RetveTamam_Butonu' located by 'By.xpath: //*[@class = 'btn btn-default']' in '30' second(s)

2021-11-11 09:29:00 - [MESSAGE][INFO] - Smart Wait Function is triggered

2021-11-11 09:29:01 - [MESSAGE][INFO] - Found 1 web elements with id: 'Object Repository/Sayfalar/Giris_Sayfasi/RetveTamam_Butonu' located by 'By.xpath: //*[@class = 'btn btn-default']' in '30' second(s)

2021-11-11 09:29:01 - [MESSAGE][INFO] - Clicking on object: 'Object Repository/Sayfalar/Giris_Sayfasi/RetveTamam_Butonu'

2021-11-11 09:29:01 - [MESSAGE][PASSED] - Object: 'Object Repository/Sayfalar/Giris_Sayfasi/RetveTamam_Butonu' is clicked on

2021-11-11 09:29:01 - [TEST_STEP][PASSED] - click(findTestObject("Object Repository/Sayfalar/Giris_Sayfasi/RetveTamam_Butonu")): Object: 'Object Repository/Sayfalar/Giris_Sayfasi/RetveTamam_Butonu' is clicked on

2021-11-11 09:29:01 - [MESSAGE][INFO] - Finding Test Object 'Object Repository/Sayfalar/Giris_Sayfasi/RetveTamam_Butonu'

2021-11-11 09:29:01 - [MESSAGE][INFO] - Checking object

2021-11-11 09:29:01 - [MESSAGE][INFO] - Finding web element from Test Object's properties

2021-11-11 09:29:01 - [MESSAGE][INFO] - Checking timeout

2021-11-11 09:29:01 - [MESSAGE][INFO] - Finding web element with id: 'Object Repository/Sayfalar/Giris_Sayfasi/RetveTamam_Butonu' located by 'By.xpath: //*[@class = 'btn btn-default']' in '30' second(s)

2021-11-11 09:29:01 - [MESSAGE][INFO] - Smart Wait Function is triggered

2021-11-11 09:29:11 - [MESSAGE][INFO] - Found 1 web elements with id: 'Object Repository/Sayfalar/Giris_Sayfasi/RetveTamam_Butonu' located by 'By.xpath: //*[@class = 'btn btn-default']' in '30' second(s)

2021-11-11 09:29:11 - [MESSAGE][INFO] - Clicking on object: 'Object Repository/Sayfalar/Giris_Sayfasi/RetveTamam_Butonu'

2021-11-11 09:29:11 - [MESSAGE][PASSED] - Object: 'Object Repository/Sayfalar/Giris_Sayfasi/RetveTamam_Butonu' is clicked on

2021-11-11 09:29:11 - [TEST_STEP][PASSED] - if (verifyElementPresent(findTestObject("Sayfalar/Giris_Sayfasi/PopupOK"), 5, OPTIONAL)): null

2021-11-11 09:29:11 - [MESSAGE][INFO] - Finding Test Object 'Object Repository/Sayfalar/Giris_Sayfasi/PopupOK'

2021-11-11 09:29:11 - [MESSAGE][INFO] - Checking object

2021-11-11 09:29:11 - [MESSAGE][INFO] - Finding web element from Test Object's properties

2021-11-11 09:29:11 - [MESSAGE][INFO] - Checking timeout

2021-11-11 09:29:11 - [MESSAGE][INFO] - Finding web element with id: 'Object Repository/Sayfalar/Giris_Sayfasi/PopupOK' located by 'By.cssSelector: .btn.btn-success' in '5' second(s)

2021-11-11 09:29:11 - [MESSAGE][INFO] - Smart Wait Function is triggered

2021-11-11 09:29:12 - [MESSAGE][INFO] - Found 1 web elements with id: 'Object Repository/Sayfalar/Giris_Sayfasi/PopupOK' located by 'By.cssSelector: .btn.btn-success' in '5' second(s)

2021-11-11 09:29:12 - [MESSAGE][PASSED] - Object 'Object Repository/Sayfalar/Giris_Sayfasi/PopupOK' is present

2021-11-11 09:29:12 - [TEST_STEP][PASSED] - click(findTestObject("Object Repository/Sayfalar/Giris_Sayfasi/PopupCarpiGiris")): Object: 'Object Repository/Sayfalar/Giris_Sayfasi/PopupCarpiGiris' is clicked on

2021-11-11 09:29:12 - [MESSAGE][INFO] - Finding Test Object 'Object Repository/Sayfalar/Giris_Sayfasi/PopupCarpiGiris'

2021-11-11 09:29:12 - [MESSAGE][INFO] - Checking object

2021-11-11 09:29:12 - [MESSAGE][INFO] - Finding web element from Test Object's properties

2021-11-11 09:29:12 - [MESSAGE][INFO] - Checking timeout

2021-11-11 09:29:12 - [MESSAGE][INFO] - Finding web element with id: 'Object Repository/Sayfalar/Giris_Sayfasi/PopupCarpiGiris' located by 'By.cssSelector: .bootbox-close-button.close' in '30' second(s)

2021-11-11 09:29:12 - [MESSAGE][INFO] - Smart Wait Function is triggered

2021-11-11 09:29:12 - [MESSAGE][INFO] - Found 1 web elements with id: 'Object Repository/Sayfalar/Giris_Sayfasi/PopupCarpiGiris' located by 'By.cssSelector: .bootbox-close-button.close' in '30' second(s)

2021-11-11 09:29:12 - [MESSAGE][INFO] - Clicking on object: 'Object Repository/Sayfalar/Giris_Sayfasi/PopupCarpiGiris'

2021-11-11 09:29:13 - [MESSAGE][PASSED] - Object: 'Object Repository/Sayfalar/Giris_Sayfasi/PopupCarpiGiris' is clicked on

2021-11-11 09:29:13 - [TEST_STEP][PASSED] - verifyElementVisible(findTestObject("Object Repository/Kullanici_Islemleri/KullaniciIslemleri")): Object 'Object Repository/Kullanici_Islemleri/KullaniciIslemleri' is visible

2021-11-11 09:29:13 - [MESSAGE][INFO] - Finding Test Object 'Object Repository/Kullanici_Islemleri/KullaniciIslemleri'

2021-11-11 09:29:13 - [MESSAGE][INFO] - Checking object

2021-11-11 09:29:13 - [MESSAGE][INFO] - Finding web element from Test Object's properties

2021-11-11 09:29:13 - [MESSAGE][INFO] - Checking timeout

2021-11-11 09:29:13 - [MESSAGE][INFO] - Finding web element with id: 'Object Repository/Kullanici_Islemleri/KullaniciIslemleri' located by 'By.cssSelector: .dropdown>a>img' in '30' second(s)

2021-11-11 09:29:13 - [MESSAGE][INFO] - Smart Wait Function is triggered

2021-11-11 09:29:13 - [MESSAGE][INFO] - Found 1 web elements with id: 'Object Repository/Kullanici_Islemleri/KullaniciIslemleri' located by 'By.cssSelector: .dropdown>a>img' in '30' second(s)

2021-11-11 09:29:13 - [MESSAGE][PASSED] - Object 'Object Repository/Kullanici_Islemleri/KullaniciIslemleri' is visible

2021-11-11 09:29:13 - [MESSAGE][PASSED] - Call Test Case 'Test Cases/Sayfalar/Giris_Sayfasi/Login' successfully

2021-11-11 09:29:13 - [MESSAGE][INFO] - Checking called Test Case

2021-11-11 09:29:13 - [MESSAGE][INFO] - Starting to call Test Case 'Test Cases/Menu/AnaMenuSecimi'

2021-11-11 09:29:13 - [TEST_CASE][PASSED] - Test Cases/Menu/AnaMenuSecimi: Test Cases/Menu/AnaMenuSecimi

2021-11-11 09:29:13 - [TEST_STEP][PASSED] - Method.TextDegerineEsitElementeTikla(findTestObject("Menu/Ana_Menu"), Ana_Menu): Method.TextDegerineEsitElementeTikla is PASSED

2021-11-11 09:29:13 - [MESSAGE][INFO] - Finding Test Object 'Object Repository/Menu/Ana_Menu'

2021-11-11 09:29:13 - [MESSAGE][INFO] - Checking timeout

2021-11-11 09:29:13 - [MESSAGE][INFO] - Finding web element with id: 'Object Repository/Menu/Ana_Menu' located by 'By.xpath: //*[@class = 'dropdown-toggle']' in '10' second(s)

2021-11-11 09:29:13 - [MESSAGE][INFO] - Smart Wait Function is triggered

2021-11-11 09:29:14 - [MESSAGE][INFO] - Found 14 web elements with id: 'Object Repository/Menu/Ana_Menu' located by 'By.xpath: //*[@class = 'dropdown-toggle']' in '10' second(s)

2021-11-11 09:29:14 - [MESSAGE][PASSED] - Method.TextDegerineEsitElementeTikla is PASSED

2021-11-11 09:29:14 - [MESSAGE][PASSED] - Call Test Case 'Test Cases/Menu/AnaMenuSecimi' successfully

2021-11-11 09:29:14 - [MESSAGE][INFO] - Checking called Test Case

2021-11-11 09:29:14 - [MESSAGE][INFO] - Starting to call Test Case 'Test Cases/Menu/BasligaGoreAltMenuSecimi'

2021-11-11 09:29:14 - [TEST_CASE][PASSED] - Test Cases/Menu/BasligaGoreAltMenuSecimi: Test Cases/Menu/BasligaGoreAltMenuSecimi

2021-11-11 09:29:14 - [TEST_STEP][PASSED] - Method.TextDegerineEsitElementinAltindakiTextDegerineEsitOlanaTikla(findTestObject("Menu/Menu_Basligi"), findTestObject("Menu/Basliga_Gore_Alt_Menu"), Baslik, Alt_Menu): Method.TextDegerineEsitElementinAltindakiTextDegerineEsitOlanaTikla is PASSED

2021-11-11 09:29:14 - [MESSAGE][INFO] - Finding Test Object 'Object Repository/Menu/Menu_Basligi'

2021-11-11 09:29:14 - [MESSAGE][INFO] - Finding Test Object 'Object Repository/Menu/Basliga_Gore_Alt_Menu'

2021-11-11 09:29:14 - [MESSAGE][INFO] - Checking timeout

2021-11-11 09:29:14 - [MESSAGE][INFO] - Finding web element with id: 'Object Repository/Menu/Menu_Basligi' located by 'By.xpath: //li[@class='dropdown dropdown-large open']//li[@class='dropdown-header']' in '10' second(s)

2021-11-11 09:29:14 - [MESSAGE][INFO] - Smart Wait Function is triggered

2021-11-11 09:29:14 - [MESSAGE][INFO] - Found 3 web elements with id: 'Object Repository/Menu/Menu_Basligi' located by 'By.xpath: //li[@class='dropdown dropdown-large open']//li[@class='dropdown-header']' in '10' second(s)

2021-11-11 09:29:14 - [MESSAGE][INFO] - Smart Wait Function is triggered

2021-11-11 09:29:18 - [MESSAGE][PASSED] - Method.TextDegerineEsitElementinAltindakiTextDegerineEsitOlanaTikla is PASSED

2021-11-11 09:29:18 - [MESSAGE][PASSED] - Call Test Case 'Test Cases/Menu/BasligaGoreAltMenuSecimi' successfully

2021-11-11 09:29:18 - [MESSAGE][INFO] - Checking called Test Case

2021-11-11 09:29:18 - [MESSAGE][INFO] - Starting to call Test Case 'Test Cases/Filtreler/BaslangicYaz'

2021-11-11 09:29:18 - [TEST_CASE][PASSED] - Test Cases/Filtreler/BaslangicYaz: Test Cases/Filtreler/BaslangicYaz

2021-11-11 09:29:18 - [TEST_STEP][PASSED] - Method.TextDegerineEsitElementinAltindakineTikla(findTestObject("Filtreler/Basliklar"), findTestObject("Filtreler/Basliga_Gore_Baslangic_Image"), Filtre_Adi): Method.TextDegerineEsitElementinAltindakineTikla is PASSED

2021-11-11 09:29:18 - [MESSAGE][INFO] - Finding Test Object 'Object Repository/Filtreler/Basliklar'

2021-11-11 09:29:18 - [MESSAGE][INFO] - Finding Test Object 'Object Repository/Filtreler/Basliga_Gore_Baslangic_Image'

2021-11-11 09:29:18 - [MESSAGE][INFO] - Checking timeout

2021-11-11 09:29:18 - [MESSAGE][INFO] - Finding web element with id: 'Object Repository/Filtreler/Basliklar' located by 'By.cssSelector: .control-label.col-sm-4.paddingMarginRLC' in '10' second(s)

2021-11-11 09:29:18 - [MESSAGE][INFO] - Smart Wait Function is triggered

2021-11-11 09:29:19 - [MESSAGE][INFO] - Found 13 web elements with id: 'Object Repository/Filtreler/Basliklar' located by 'By.cssSelector: .control-label.col-sm-4.paddingMarginRLC' in '10' second(s)

2021-11-11 09:29:19 - [MESSAGE][INFO] - Smart Wait Function is triggered

2021-11-11 09:29:19 - [MESSAGE][PASSED] - Method.TextDegerineEsitElementinAltindakineTikla is PASSED

2021-11-11 09:29:19 - [TEST_STEP][PASSED] - Method.TextDegerineEsitElementinAltindakiTextboxtaYaz(findTestObject("Filtreler/Basliklar"), findTestObject("Filtreler/Basliga_Gore_Baslangic"), Filtre_Adi, Filtre_Degeri): Method.TextDegerineEsitElementinAltindakiTextboxtaYaz is PASSED

2021-11-11 09:29:19 - [MESSAGE][INFO] - Finding Test Object 'Object Repository/Filtreler/Basliklar'

2021-11-11 09:29:19 - [MESSAGE][INFO] - Finding Test Object 'Object Repository/Filtreler/Basliga_Gore_Baslangic'

2021-11-11 09:29:20 - [MESSAGE][INFO] - Checking timeout

2021-11-11 09:29:20 - [MESSAGE][INFO] - Finding web element with id: 'Object Repository/Filtreler/Basliklar' located by 'By.cssSelector: .control-label.col-sm-4.paddingMarginRLC' in '10' second(s)

2021-11-11 09:29:20 - [MESSAGE][INFO] - Smart Wait Function is triggered

2021-11-11 09:29:20 - [MESSAGE][INFO] - Found 13 web elements with id: 'Object Repository/Filtreler/Basliklar' located by 'By.cssSelector: .control-label.col-sm-4.paddingMarginRLC' in '10' second(s)

2021-11-11 09:29:20 - [MESSAGE][INFO] - Smart Wait Function is triggered

2021-11-11 09:29:21 - [MESSAGE][PASSED] - Method.TextDegerineEsitElementinAltindakiTextboxtaYaz is PASSED

2021-11-11 09:29:21 - [MESSAGE][PASSED] - Call Test Case 'Test Cases/Filtreler/BaslangicYaz' successfully

2021-11-11 09:29:21 - [MESSAGE][INFO] - Checking called Test Case

2021-11-11 09:29:21 - [MESSAGE][INFO] - Starting to call Test Case 'Test Cases/Filtreler/BitisYaz'

2021-11-11 09:29:21 - [TEST_CASE][PASSED] - Test Cases/Filtreler/BitisYaz: Test Cases/Filtreler/BitisYaz

2021-11-11 09:29:21 - [TEST_STEP][PASSED] - Method.TextDegerineEsitElementinAltindakineTikla(findTestObject("Filtreler/Basliklar"), findTestObject("Filtreler/Basliga_Gore_Bitis_Image"), Filtre_Adi): Method.TextDegerineEsitElementinAltindakineTikla is PASSED

2021-11-11 09:29:21 - [MESSAGE][INFO] - Finding Test Object 'Object Repository/Filtreler/Basliklar'

2021-11-11 09:29:21 - [MESSAGE][INFO] - Finding Test Object 'Object Repository/Filtreler/Basliga_Gore_Bitis_Image'

2021-11-11 09:29:21 - [MESSAGE][INFO] - Checking timeout

2021-11-11 09:29:21 - [MESSAGE][INFO] - Finding web element with id: 'Object Repository/Filtreler/Basliklar' located by 'By.cssSelector: .control-label.col-sm-4.paddingMarginRLC' in '10' second(s)

2021-11-11 09:29:21 - [MESSAGE][INFO] - Smart Wait Function is triggered

2021-11-11 09:29:21 - [MESSAGE][INFO] - Found 13 web elements with id: 'Object Repository/Filtreler/Basliklar' located by 'By.cssSelector: .control-label.col-sm-4.paddingMarginRLC' in '10' second(s)

2021-11-11 09:29:22 - [MESSAGE][INFO] - Smart Wait Function is triggered

2021-11-11 09:29:22 - [MESSAGE][PASSED] - Method.TextDegerineEsitElementinAltindakineTikla is PASSED

2021-11-11 09:29:22 - [TEST_STEP][PASSED] - Method.TextDegerineEsitElementinAltindakiTextboxtaYaz(findTestObject("Filtreler/Basliklar"), findTestObject("Object Repository/Filtreler/Basliga_Gore_Bitis"), Filtre_Adi, Filtre_Degeri): Method.TextDegerineEsitElementinAltindakiTextboxtaYaz is PASSED

2021-11-11 09:29:22 - [MESSAGE][INFO] - Finding Test Object 'Object Repository/Filtreler/Basliklar'

2021-11-11 09:29:22 - [MESSAGE][INFO] - Finding Test Object 'Object Repository/Filtreler/Basliga_Gore_Bitis'

2021-11-11 09:29:22 - [MESSAGE][INFO] - Checking timeout

2021-11-11 09:29:22 - [MESSAGE][INFO] - Finding web element with id: 'Object Repository/Filtreler/Basliklar' located by 'By.cssSelector: .control-label.col-sm-4.paddingMarginRLC' in '10' second(s)

2021-11-11 09:29:22 - [MESSAGE][INFO] - Smart Wait Function is triggered

2021-11-11 09:29:23 - [MESSAGE][INFO] - Found 13 web elements with id: 'Object Repository/Filtreler/Basliklar' located by 'By.cssSelector: .control-label.col-sm-4.paddingMarginRLC' in '10' second(s)

2021-11-11 09:29:23 - [MESSAGE][INFO] - Smart Wait Function is triggered

2021-11-11 09:29:24 - [MESSAGE][PASSED] - Method.TextDegerineEsitElementinAltindakiTextboxtaYaz is PASSED

2021-11-11 09:29:24 - [MESSAGE][PASSED] - Call Test Case 'Test Cases/Filtreler/BitisYaz' successfully

2021-11-11 09:29:24 - [MESSAGE][INFO] - Checking called Test Case

2021-11-11 09:29:24 - [MESSAGE][INFO] - Starting to call Test Case 'Test Cases/Filtreler/TexboxaYaz'

2021-11-11 09:29:24 - [TEST_CASE][PASSED] - Test Cases/Filtreler/TexboxaYaz: Test Cases/Filtreler/TexboxaYaz

2021-11-11 09:29:24 - [TEST_STEP][PASSED] - Method.TextDegerineEsitElementinAltindakiTextboxtaYaz(findTestObject("Filtreler/Basliklar"), findTestObject("Filtreler/Basliga_Gore_Textbox"), Filtre_Adi, Filtre_Degeri): Method.TextDegerineEsitElementinAltindakiTextboxtaYaz is PASSED

2021-11-11 09:29:24 - [MESSAGE][INFO] - Finding Test Object 'Object Repository/Filtreler/Basliklar'

2021-11-11 09:29:24 - [MESSAGE][INFO] - Finding Test Object 'Object Repository/Filtreler/Basliga_Gore_Textbox'

2021-11-11 09:29:24 - [MESSAGE][INFO] - Checking timeout

2021-11-11 09:29:24 - [MESSAGE][INFO] - Finding web element with id: 'Object Repository/Filtreler/Basliklar' located by 'By.cssSelector: .control-label.col-sm-4.paddingMarginRLC' in '10' second(s)

2021-11-11 09:29:24 - [MESSAGE][INFO] - Smart Wait Function is triggered

2021-11-11 09:29:24 - [MESSAGE][INFO] - Found 13 web elements with id: 'Object Repository/Filtreler/Basliklar' located by 'By.cssSelector: .control-label.col-sm-4.paddingMarginRLC' in '10' second(s)

2021-11-11 09:29:24 - [MESSAGE][INFO] - Smart Wait Function is triggered

2021-11-11 09:29:25 - [MESSAGE][PASSED] - Method.TextDegerineEsitElementinAltindakiTextboxtaYaz is PASSED

2021-11-11 09:29:25 - [MESSAGE][PASSED] - Call Test Case 'Test Cases/Filtreler/TexboxaYaz' successfully

2021-11-11 09:29:25 - [MESSAGE][INFO] - Checking called Test Case

2021-11-11 09:29:25 - [MESSAGE][INFO] - Starting to call Test Case 'Test Cases/Filtreler/ButonaTikla'

2021-11-11 09:29:25 - [TEST_CASE][PASSED] - Test Cases/Filtreler/ButonaTikla: Test Cases/Filtreler/ButonaTikla

2021-11-11 09:29:25 - [TEST_STEP][PASSED] - Method.TextDegerineEsitElementeTikla(findTestObject("Filtreler/Butonlar"), Filtre_Buton): Method.TextDegerineEsitElementeTikla is PASSED

2021-11-11 09:29:25 - [MESSAGE][INFO] - Finding Test Object 'Object Repository/Filtreler/Butonlar'

2021-11-11 09:29:25 - [MESSAGE][INFO] - Checking timeout

2021-11-11 09:29:25 - [MESSAGE][INFO] - Finding web element with id: 'Object Repository/Filtreler/Butonlar' located by 'By.cssSelector: .dxb>span' in '10' second(s)

2021-11-11 09:29:25 - [MESSAGE][INFO] - Smart Wait Function is triggered

2021-11-11 09:29:25 - [MESSAGE][INFO] - Found 3 web elements with id: 'Object Repository/Filtreler/Butonlar' located by 'By.cssSelector: .dxb>span' in '10' second(s)

2021-11-11 09:29:25 - [MESSAGE][PASSED] - Method.TextDegerineEsitElementeTikla is PASSED

2021-11-11 09:29:25 - [MESSAGE][PASSED] - Call Test Case 'Test Cases/Filtreler/ButonaTikla' successfully

2021-11-11 09:29:25 - [MESSAGE][INFO] - Checking called Test Case

2021-11-11 09:29:25 - [MESSAGE][INFO] - Starting to call Test Case 'Test Cases/Tablo/TablodaVeriVarMi'

2021-11-11 09:29:25 - [TEST_CASE][PASSED] - Test Cases/Tablo/TablodaVeriVarMi: Test Cases/Tablo/TablodaVeriVarMi

2021-11-11 09:29:25 - [TEST_STEP][PASSED] - verifyTextNotPresent("Görüntülenecek veri yok", true): Text 'Görüntülenecek veri yok' is not present on page using regular expression

2021-11-11 09:29:25 - [MESSAGE][INFO] - Checking text present  using regular expression

2021-11-11 09:29:25 - [MESSAGE][INFO] - Smart Wait Function is triggered

2021-11-11 09:29:26 - [MESSAGE][INFO] - Finding text 'Görüntülenecek veri yok' on page  using regular expression

2021-11-11 09:29:26 - [MESSAGE][PASSED] - Text 'Görüntülenecek veri yok' is not present on page using regular expression

2021-11-11 09:29:26 - [MESSAGE][PASSED] - Call Test Case 'Test Cases/Tablo/TablodaVeriVarMi' successfully

2021-11-11 09:29:26 - [MESSAGE][INFO] - Checking called Test Case

2021-11-11 09:29:26 - [MESSAGE][INFO] - Starting to call Test Case 'Test Cases/Tablo/TablodanVeriSec'

2021-11-11 09:29:26 - [TEST_CASE][PASSED] - Test Cases/Tablo/TablodanVeriSec: Test Cases/Tablo/TablodanVeriSec

2021-11-11 09:29:26 - [TEST_STEP][PASSED] - Method.TextDegerineEsitElementinAltindakineTikla(findTestObject("Tablo/Veriler"), findTestObject("Tablo/VerininCheckBoxi"), Veri_Adi): Method.TextDegerineEsitElementinAltindakineTikla is PASSED

2021-11-11 09:29:26 - [MESSAGE][INFO] - Finding Test Object 'Object Repository/Tablo/Veriler'

2021-11-11 09:29:26 - [MESSAGE][INFO] - Finding Test Object 'Object Repository/Tablo/VerininCheckBoxi'

2021-11-11 09:29:26 - [MESSAGE][INFO] - Checking timeout

2021-11-11 09:29:26 - [MESSAGE][INFO] - Finding web element with id: 'Object Repository/Tablo/Veriler' located by 'By.cssSelector: td.dxgv b ,td.dxgv' in '10' second(s)

2021-11-11 09:29:26 - [MESSAGE][INFO] - Smart Wait Function is triggered

2021-11-11 09:29:27 - [MESSAGE][INFO] - Found 26 web elements with id: 'Object Repository/Tablo/Veriler' located by 'By.cssSelector: td.dxgv b ,td.dxgv' in '10' second(s)

2021-11-11 09:29:27 - [MESSAGE][INFO] - Smart Wait Function is triggered

2021-11-11 09:29:27 - [MESSAGE][PASSED] - Method.TextDegerineEsitElementinAltindakineTikla is PASSED

2021-11-11 09:29:27 - [MESSAGE][PASSED] - Call Test Case 'Test Cases/Tablo/TablodanVeriSec' successfully

2021-11-11 09:29:27 - [MESSAGE][INFO] - Checking called Test Case

2021-11-11 09:29:27 - [MESSAGE][INFO] - Starting to call Test Case 'Test Cases/Butonlar/ButonaTikla'

2021-11-11 09:29:27 - [TEST_CASE][PASSED] - Test Cases/Butonlar/ButonaTikla: Test Cases/Butonlar/ButonaTikla

2021-11-11 09:29:27 - [TEST_STEP][PASSED] - Method.TextDegerineEsitElementeTiklaEquals(findTestObject("Butonlar/Butonlar"), Buton_Adi): Method.TextDegerineEsitElementeTiklaEquals is PASSED

2021-11-11 09:29:27 - [MESSAGE][INFO] - Finding Test Object 'Object Repository/Butonlar/Butonlar'

2021-11-11 09:29:27 - [MESSAGE][INFO] - Checking timeout

2021-11-11 09:29:27 - [MESSAGE][INFO] - Finding web element with id: 'Object Repository/Butonlar/Butonlar' located by 'By.cssSelector: .panel.panel-default.text-center.footerPanel .btn,.btn.btn-primary.btnControls' in '10' second(s)

2021-11-11 09:29:27 - [MESSAGE][INFO] - Smart Wait Function is triggered

2021-11-11 09:29:28 - [MESSAGE][INFO] - Found 7 web elements with id: 'Object Repository/Butonlar/Butonlar' located by 'By.cssSelector: .panel.panel-default.text-center.footerPanel .btn,.btn.btn-primary.btnControls' in '10' second(s)

2021-11-11 09:29:28 - [MESSAGE][PASSED] - Method.TextDegerineEsitElementeTiklaEquals is PASSED

2021-11-11 09:29:28 - [MESSAGE][PASSED] - Call Test Case 'Test Cases/Butonlar/ButonaTikla' successfully

2021-11-11 09:29:28 - [MESSAGE][INFO] - Checking called Test Case

2021-11-11 09:29:28 - [MESSAGE][INFO] - Starting to call Test Case 'Test Cases/Butonlar/AltButonaTikla'

2021-11-11 09:29:28 - [TEST_CASE][PASSED] - Test Cases/Butonlar/AltButonaTikla: Test Cases/Butonlar/AltButonaTikla

2021-11-11 09:29:28 - [TEST_STEP][PASSED] - Method.TextDegerineEsitElementeTikla(findTestObject("Butonlar/AltButonlar"), Alt_Buton): Method.TextDegerineEsitElementeTikla is PASSED

2021-11-11 09:29:28 - [MESSAGE][INFO] - Finding Test Object 'Object Repository/Butonlar/AltButonlar'

2021-11-11 09:29:28 - [MESSAGE][INFO] - Checking timeout

2021-11-11 09:29:28 - [MESSAGE][INFO] - Finding web element with id: 'Object Repository/Butonlar/AltButonlar' located by 'By.cssSelector: .btn-group.open li>a' in '10' second(s)

2021-11-11 09:29:28 - [MESSAGE][INFO] - Smart Wait Function is triggered

2021-11-11 09:29:28 - [MESSAGE][INFO] - Found 2 web elements with id: 'Object Repository/Butonlar/AltButonlar' located by 'By.cssSelector: .btn-group.open li>a' in '10' second(s)

2021-11-11 09:29:28 - [MESSAGE][PASSED] - Method.TextDegerineEsitElementeTikla is PASSED

2021-11-11 09:29:28 - [MESSAGE][PASSED] - Call Test Case 'Test Cases/Butonlar/AltButonaTikla' successfully

2021-11-11 09:29:28 - [MESSAGE][INFO] - Checking called Test Case

2021-11-11 09:29:28 - [MESSAGE][INFO] - Starting to call Test Case 'Test Cases/Popup/PopupMesajiIceriyorMu'

2021-11-11 09:29:28 - [TEST_CASE][PASSED] - Test Cases/Popup/PopupMesajiIceriyorMu: Test Cases/Popup/PopupMesajiIceriyorMu

2021-11-11 09:29:28 - [TEST_STEP][PASSED] - waitForElementVisible(findTestObject("Popup/Popup"), 10): Object 'Object Repository/Popup/Popup' is visible

2021-11-11 09:29:28 - [MESSAGE][INFO] - Finding Test Object 'Object Repository/Popup/Popup'

2021-11-11 09:29:29 - [MESSAGE][INFO] - Checking object

2021-11-11 09:29:29 - [MESSAGE][INFO] - Checking timeout

2021-11-11 09:29:29 - [MESSAGE][INFO] - Finding web element from Test Object's properties

2021-11-11 09:29:29 - [MESSAGE][INFO] - Checking timeout

2021-11-11 09:29:29 - [MESSAGE][INFO] - Finding web element with id: 'Object Repository/Popup/Popup' located by 'By.cssSelector: .bootbox-body' in '10' second(s)

2021-11-11 09:29:29 - [MESSAGE][INFO] - Smart Wait Function is triggered

2021-11-11 09:29:29 - [MESSAGE][INFO] - Found 1 web elements with id: 'Object Repository/Popup/Popup' located by 'By.cssSelector: .bootbox-body' in '10' second(s)

2021-11-11 09:29:29 - [MESSAGE][PASSED] - Object 'Object Repository/Popup/Popup' is visible

2021-11-11 09:29:29 - [TEST_STEP][PASSED] - if (!(getText(findTestObject("Popup/Popup")).contains(Mesaj))): Text of object 'Object Repository/Popup/Popup' is: 'Lütfen rapor bildiriminin gönderileceği e-posta adresini belirtiniz.
e-Posta Adresi'

2021-11-11 09:29:29 - [MESSAGE][INFO] - Finding Test Object 'Object Repository/Popup/Popup'

2021-11-11 09:29:29 - [MESSAGE][INFO] - Checking object

2021-11-11 09:29:29 - [MESSAGE][INFO] - Finding web element from Test Object's properties

2021-11-11 09:29:29 - [MESSAGE][INFO] - Checking timeout

2021-11-11 09:29:29 - [MESSAGE][INFO] - Finding web element with id: 'Object Repository/Popup/Popup' located by 'By.cssSelector: .bootbox-body' in '30' second(s)

2021-11-11 09:29:29 - [MESSAGE][INFO] - Smart Wait Function is triggered

2021-11-11 09:29:30 - [MESSAGE][INFO] - Found 1 web elements with id: 'Object Repository/Popup/Popup' located by 'By.cssSelector: .bootbox-body' in '30' second(s)

2021-11-11 09:29:30 - [MESSAGE][INFO] - Getting text of object 'Object Repository/Popup/Popup'

2021-11-11 09:29:30 - [MESSAGE][PASSED] - Text of object 'Object Repository/Popup/Popup' is: 'Lütfen rapor bildiriminin gönderileceği e-posta adresini belirtiniz.
e-Posta Adresi'

2021-11-11 09:29:30 - [TEST_STEP][PASSED] - RaporNo = getText(findTestObject("Popup/Popup")).substring(0, 6): Text of object 'Object Repository/Popup/Popup' is: 'Lütfen rapor bildiriminin gönderileceği e-posta adresini belirtiniz.
e-Posta Adresi'

2021-11-11 09:29:30 - [MESSAGE][INFO] - Finding Test Object 'Object Repository/Popup/Popup'

2021-11-11 09:29:30 - [MESSAGE][INFO] - Checking object

2021-11-11 09:29:30 - [MESSAGE][INFO] - Finding web element from Test Object's properties

2021-11-11 09:29:30 - [MESSAGE][INFO] - Checking timeout

2021-11-11 09:29:30 - [MESSAGE][INFO] - Finding web element with id: 'Object Repository/Popup/Popup' located by 'By.cssSelector: .bootbox-body' in '30' second(s)

2021-11-11 09:29:30 - [MESSAGE][INFO] - Smart Wait Function is triggered

2021-11-11 09:29:30 - [MESSAGE][INFO] - Found 1 web elements with id: 'Object Repository/Popup/Popup' located by 'By.cssSelector: .bootbox-body' in '30' second(s)

2021-11-11 09:29:30 - [MESSAGE][INFO] - Getting text of object 'Object Repository/Popup/Popup'

2021-11-11 09:29:30 - [MESSAGE][PASSED] - Text of object 'Object Repository/Popup/Popup' is: 'Lütfen rapor bildiriminin gönderileceği e-posta adresini belirtiniz.
e-Posta Adresi'

2021-11-11 09:29:30 - [TEST_STEP][PASSED] - Console.println(RaporNo): null

2021-11-11 09:29:30 - [MESSAGE][PASSED] - Call Test Case 'Test Cases/Popup/PopupMesajiIceriyorMu' successfully

2021-11-11 09:29:30 - [MESSAGE][INFO] - Checking called Test Case

2021-11-11 09:29:30 - [MESSAGE][INFO] - Starting to call Test Case 'Test Cases/Popup/PopupaEmailEklenir'

2021-11-11 09:29:30 - [TEST_CASE][PASSED] - Test Cases/Popup/PopupaEmailEklenir: Test Cases/Popup/PopupaEmailEklenir

2021-11-11 09:29:30 - [TEST_STEP][PASSED] - clearText(findTestObject("Popup/EmailText")): Text of object 'Object Repository/Popup/EmailText' is cleared

2021-11-11 09:29:30 - [MESSAGE][INFO] - Finding Test Object 'Object Repository/Popup/EmailText'

2021-11-11 09:29:30 - [MESSAGE][INFO] - Checking object

2021-11-11 09:29:30 - [MESSAGE][INFO] - Finding web element from Test Object's properties

2021-11-11 09:29:30 - [MESSAGE][INFO] - Checking timeout

2021-11-11 09:29:30 - [MESSAGE][INFO] - Finding web element with id: 'Object Repository/Popup/EmailText' located by 'By.xpath: //*[@id="eMails"]' in '30' second(s)

2021-11-11 09:29:30 - [MESSAGE][INFO] - Smart Wait Function is triggered

2021-11-11 09:29:30 - [MESSAGE][INFO] - Found 1 web elements with id: 'Object Repository/Popup/EmailText' located by 'By.xpath: //*[@id="eMails"]' in '30' second(s)

2021-11-11 09:29:30 - [MESSAGE][INFO] - Clearing text of object 'Object Repository/Popup/EmailText'

2021-11-11 09:29:31 - [MESSAGE][PASSED] - Text of object 'Object Repository/Popup/EmailText' is cleared

2021-11-11 09:29:31 - [TEST_STEP][PASSED] - sendKeys(findTestObject("Popup/EmailText"), Email): Keys 'elogotest@gmail.com;ali.kara@logo.com.tr' sent to object: 'Object Repository/Popup/EmailText'

2021-11-11 09:29:31 - [MESSAGE][INFO] - Finding Test Object 'Object Repository/Popup/EmailText'

2021-11-11 09:29:31 - [MESSAGE][INFO] - Sending keys 'elogotest@gmail.com;ali.kara@logo.com.tr' to object: 'Object Repository/Popup/EmailText'

2021-11-11 09:29:31 - [MESSAGE][INFO] - Finding web element from Test Object's properties

2021-11-11 09:29:31 - [MESSAGE][INFO] - Checking timeout

2021-11-11 09:29:31 - [MESSAGE][INFO] - Finding web element with id: 'Object Repository/Popup/EmailText' located by 'By.xpath: //*[@id="eMails"]' in '30' second(s)

2021-11-11 09:29:31 - [MESSAGE][INFO] - Smart Wait Function is triggered

2021-11-11 09:29:31 - [MESSAGE][INFO] - Found 1 web elements with id: 'Object Repository/Popup/EmailText' located by 'By.xpath: //*[@id="eMails"]' in '30' second(s)

2021-11-11 09:29:31 - [MESSAGE][PASSED] - Keys 'elogotest@gmail.com;ali.kara@logo.com.tr' sent to object: 'Object Repository/Popup/EmailText'

2021-11-11 09:29:31 - [MESSAGE][PASSED] - Call Test Case 'Test Cases/Popup/PopupaEmailEklenir' successfully

2021-11-11 09:29:31 - [MESSAGE][INFO] - Checking called Test Case

2021-11-11 09:29:31 - [MESSAGE][INFO] - Starting to call Test Case 'Test Cases/Popup/PopupButonSecilir'

2021-11-11 09:29:31 - [TEST_CASE][PASSED] - Test Cases/Popup/PopupButonSecilir: Test Cases/Popup/PopupButonSecilir

2021-11-11 09:29:31 - [TEST_STEP][PASSED] - Method.TextDegerineEsitElementeTikla(findTestObject("Popup/Popup_Butons"), Buton): Method.TextDegerineEsitElementeTikla is PASSED

2021-11-11 09:29:31 - [MESSAGE][INFO] - Finding Test Object 'Object Repository/Popup/Popup_Butons'

2021-11-11 09:29:31 - [MESSAGE][INFO] - Checking timeout

2021-11-11 09:29:31 - [MESSAGE][INFO] - Finding web element with id: 'Object Repository/Popup/Popup_Butons' located by 'By.cssSelector: .modal-footer>button' in '10' second(s)

2021-11-11 09:29:31 - [MESSAGE][INFO] - Smart Wait Function is triggered

2021-11-11 09:29:31 - [MESSAGE][INFO] - Found 2 web elements with id: 'Object Repository/Popup/Popup_Butons' located by 'By.cssSelector: .modal-footer>button' in '10' second(s)

2021-11-11 09:29:31 - [MESSAGE][PASSED] - Method.TextDegerineEsitElementeTikla is PASSED

2021-11-11 09:29:31 - [MESSAGE][PASSED] - Call Test Case 'Test Cases/Popup/PopupButonSecilir' successfully

2021-11-11 09:29:31 - [MESSAGE][INFO] - Checking called Test Case

2021-11-11 09:29:31 - [MESSAGE][INFO] - Starting to call Test Case 'Test Cases/Popup/PopupMesajiIceriyorMu'

2021-11-11 09:29:32 - [TEST_CASE][PASSED] - Test Cases/Popup/PopupMesajiIceriyorMu: Test Cases/Popup/PopupMesajiIceriyorMu

2021-11-11 09:29:32 - [TEST_STEP][PASSED] - waitForElementVisible(findTestObject("Popup/Popup"), 10): Object 'Object Repository/Popup/Popup' is visible

2021-11-11 09:29:32 - [MESSAGE][INFO] - Finding Test Object 'Object Repository/Popup/Popup'

2021-11-11 09:29:32 - [MESSAGE][INFO] - Checking object

2021-11-11 09:29:32 - [MESSAGE][INFO] - Checking timeout

2021-11-11 09:29:32 - [MESSAGE][INFO] - Finding web element from Test Object's properties

2021-11-11 09:29:32 - [MESSAGE][INFO] - Checking timeout

2021-11-11 09:29:32 - [MESSAGE][INFO] - Finding web element with id: 'Object Repository/Popup/Popup' located by 'By.cssSelector: .bootbox-body' in '10' second(s)

2021-11-11 09:29:32 - [MESSAGE][INFO] - Smart Wait Function is triggered

2021-11-11 09:29:32 - [MESSAGE][INFO] - Found 1 web elements with id: 'Object Repository/Popup/Popup' located by 'By.cssSelector: .bootbox-body' in '10' second(s)

2021-11-11 09:29:32 - [MESSAGE][PASSED] - Object 'Object Repository/Popup/Popup' is visible

2021-11-11 09:29:32 - [TEST_STEP][PASSED] - if (!(getText(findTestObject("Popup/Popup")).contains(Mesaj))): Text of object 'Object Repository/Popup/Popup' is: '16235 no’lu talebiniz işleme alınmıştır. Raporunuz hazırlandığında (elogotest@gmail.com;ali.kara@logo.com.tr) adresinize mail gönderilecektir.
Rapor durumunuzu Raporlar > Toplu Veri İndirme ekranından takip edebilir, hazırlandı durumundaki raporlarınızı ilgili menüden indirebilirsiniz.'

2021-11-11 09:29:32 - [MESSAGE][INFO] - Finding Test Object 'Object Repository/Popup/Popup'

2021-11-11 09:29:32 - [MESSAGE][INFO] - Checking object

2021-11-11 09:29:32 - [MESSAGE][INFO] - Finding web element from Test Object's properties

2021-11-11 09:29:32 - [MESSAGE][INFO] - Checking timeout

2021-11-11 09:29:32 - [MESSAGE][INFO] - Finding web element with id: 'Object Repository/Popup/Popup' located by 'By.cssSelector: .bootbox-body' in '30' second(s)

2021-11-11 09:29:32 - [MESSAGE][INFO] - Smart Wait Function is triggered

2021-11-11 09:29:33 - [MESSAGE][INFO] - Found 1 web elements with id: 'Object Repository/Popup/Popup' located by 'By.cssSelector: .bootbox-body' in '30' second(s)

2021-11-11 09:29:33 - [MESSAGE][INFO] - Getting text of object 'Object Repository/Popup/Popup'

2021-11-11 09:29:33 - [MESSAGE][PASSED] - Text of object 'Object Repository/Popup/Popup' is: '16235 no’lu talebiniz işleme alınmıştır. Raporunuz hazırlandığında (elogotest@gmail.com;ali.kara@logo.com.tr) adresinize mail gönderilecektir.
Rapor durumunuzu Raporlar > Toplu Veri İndirme ekranından takip edebilir, hazırlandı durumundaki raporlarınızı ilgili menüden indirebilirsiniz.'

2021-11-11 09:29:33 - [TEST_STEP][PASSED] - RaporNo = getText(findTestObject("Popup/Popup")).substring(0, 6): Text of object 'Object Repository/Popup/Popup' is: '16235 no’lu talebiniz işleme alınmıştır. Raporunuz hazırlandığında (elogotest@gmail.com;ali.kara@logo.com.tr) adresinize mail gönderilecektir.
Rapor durumunuzu Raporlar > Toplu Veri İndirme ekranından takip edebilir, hazırlandı durumundaki raporlarınızı ilgili menüden indirebilirsiniz.'

2021-11-11 09:29:33 - [MESSAGE][INFO] - Finding Test Object 'Object Repository/Popup/Popup'

2021-11-11 09:29:33 - [MESSAGE][INFO] - Checking object

2021-11-11 09:29:33 - [MESSAGE][INFO] - Finding web element from Test Object's properties

2021-11-11 09:29:33 - [MESSAGE][INFO] - Checking timeout

2021-11-11 09:29:33 - [MESSAGE][INFO] - Finding web element with id: 'Object Repository/Popup/Popup' located by 'By.cssSelector: .bootbox-body' in '30' second(s)

2021-11-11 09:29:33 - [MESSAGE][INFO] - Smart Wait Function is triggered

2021-11-11 09:29:33 - [MESSAGE][INFO] - Found 1 web elements with id: 'Object Repository/Popup/Popup' located by 'By.cssSelector: .bootbox-body' in '30' second(s)

2021-11-11 09:29:33 - [MESSAGE][INFO] - Getting text of object 'Object Repository/Popup/Popup'

2021-11-11 09:29:33 - [MESSAGE][PASSED] - Text of object 'Object Repository/Popup/Popup' is: '16235 no’lu talebiniz işleme alınmıştır. Raporunuz hazırlandığında (elogotest@gmail.com;ali.kara@logo.com.tr) adresinize mail gönderilecektir.
Rapor durumunuzu Raporlar > Toplu Veri İndirme ekranından takip edebilir, hazırlandı durumundaki raporlarınızı ilgili menüden indirebilirsiniz.'

2021-11-11 09:29:33 - [TEST_STEP][PASSED] - Console.println(RaporNo): null

2021-11-11 09:29:33 - [MESSAGE][PASSED] - Call Test Case 'Test Cases/Popup/PopupMesajiIceriyorMu' successfully

2021-11-11 09:29:33 - [MESSAGE][INFO] - Checking called Test Case

2021-11-11 09:29:33 - [MESSAGE][INFO] - Starting to call Test Case 'Test Cases/Popup/PopupButonSecilir'

2021-11-11 09:29:33 - [TEST_CASE][PASSED] - Test Cases/Popup/PopupButonSecilir: Test Cases/Popup/PopupButonSecilir

2021-11-11 09:29:33 - [TEST_STEP][PASSED] - Method.TextDegerineEsitElementeTikla(findTestObject("Popup/Popup_Butons"), Buton): Method.TextDegerineEsitElementeTikla is PASSED

2021-11-11 09:29:33 - [MESSAGE][INFO] - Finding Test Object 'Object Repository/Popup/Popup_Butons'

2021-11-11 09:29:33 - [MESSAGE][INFO] - Checking timeout

2021-11-11 09:29:33 - [MESSAGE][INFO] - Finding web element with id: 'Object Repository/Popup/Popup_Butons' located by 'By.cssSelector: .modal-footer>button' in '10' second(s)

2021-11-11 09:29:33 - [MESSAGE][INFO] - Smart Wait Function is triggered

2021-11-11 09:29:34 - [MESSAGE][INFO] - Found 1 web elements with id: 'Object Repository/Popup/Popup_Butons' located by 'By.cssSelector: .modal-footer>button' in '10' second(s)

2021-11-11 09:29:34 - [MESSAGE][PASSED] - Method.TextDegerineEsitElementeTikla is PASSED

2021-11-11 09:29:34 - [MESSAGE][PASSED] - Call Test Case 'Test Cases/Popup/PopupButonSecilir' successfully

2021-11-11 09:29:34 - [MESSAGE][INFO] - Checking called Test Case

2021-11-11 09:29:34 - [MESSAGE][INFO] - Starting to call Test Case 'Test Cases/Butonlar/ButonaTikla'

2021-11-11 09:29:34 - [TEST_CASE][PASSED] - Test Cases/Butonlar/ButonaTikla: Test Cases/Butonlar/ButonaTikla

2021-11-11 09:29:34 - [TEST_STEP][PASSED] - Method.TextDegerineEsitElementeTiklaEquals(findTestObject("Butonlar/Butonlar"), Buton_Adi): Method.TextDegerineEsitElementeTiklaEquals is PASSED

2021-11-11 09:29:34 - [MESSAGE][INFO] - Finding Test Object 'Object Repository/Butonlar/Butonlar'

2021-11-11 09:29:34 - [MESSAGE][INFO] - Checking timeout

2021-11-11 09:29:34 - [MESSAGE][INFO] - Finding web element with id: 'Object Repository/Butonlar/Butonlar' located by 'By.cssSelector: .panel.panel-default.text-center.footerPanel .btn,.btn.btn-primary.btnControls' in '10' second(s)

2021-11-11 09:29:34 - [MESSAGE][INFO] - Smart Wait Function is triggered

2021-11-11 09:29:34 - [MESSAGE][INFO] - Found 7 web elements with id: 'Object Repository/Butonlar/Butonlar' located by 'By.cssSelector: .panel.panel-default.text-center.footerPanel .btn,.btn.btn-primary.btnControls' in '10' second(s)

2021-11-11 09:29:35 - [MESSAGE][PASSED] - Method.TextDegerineEsitElementeTiklaEquals is PASSED

2021-11-11 09:29:35 - [MESSAGE][PASSED] - Call Test Case 'Test Cases/Butonlar/ButonaTikla' successfully

2021-11-11 09:29:35 - [MESSAGE][INFO] - Checking called Test Case

2021-11-11 09:29:35 - [MESSAGE][INFO] - Starting to call Test Case 'Test Cases/Butonlar/AltButonaTikla'

2021-11-11 09:29:35 - [TEST_CASE][PASSED] - Test Cases/Butonlar/AltButonaTikla: Test Cases/Butonlar/AltButonaTikla

2021-11-11 09:29:35 - [TEST_STEP][PASSED] - Method.TextDegerineEsitElementeTikla(findTestObject("Butonlar/AltButonlar"), Alt_Buton): Method.TextDegerineEsitElementeTikla is PASSED

2021-11-11 09:29:35 - [MESSAGE][INFO] - Finding Test Object 'Object Repository/Butonlar/AltButonlar'

2021-11-11 09:29:35 - [MESSAGE][INFO] - Checking timeout

2021-11-11 09:29:35 - [MESSAGE][INFO] - Finding web element with id: 'Object Repository/Butonlar/AltButonlar' located by 'By.cssSelector: .btn-group.open li>a' in '10' second(s)

2021-11-11 09:29:35 - [MESSAGE][INFO] - Smart Wait Function is triggered

2021-11-11 09:29:35 - [MESSAGE][INFO] - Found 2 web elements with id: 'Object Repository/Butonlar/AltButonlar' located by 'By.cssSelector: .btn-group.open li>a' in '10' second(s)

2021-11-11 09:29:35 - [MESSAGE][PASSED] - Method.TextDegerineEsitElementeTikla is PASSED

2021-11-11 09:29:35 - [MESSAGE][PASSED] - Call Test Case 'Test Cases/Butonlar/AltButonaTikla' successfully

2021-11-11 09:29:35 - [MESSAGE][INFO] - Checking called Test Case

2021-11-11 09:29:35 - [MESSAGE][INFO] - Starting to call Test Case 'Test Cases/Popup/PopupMesajiIceriyorMu'

2021-11-11 09:29:35 - [TEST_CASE][PASSED] - Test Cases/Popup/PopupMesajiIceriyorMu: Test Cases/Popup/PopupMesajiIceriyorMu

2021-11-11 09:29:35 - [TEST_STEP][PASSED] - waitForElementVisible(findTestObject("Popup/Popup"), 10): Object 'Object Repository/Popup/Popup' is visible

2021-11-11 09:29:35 - [MESSAGE][INFO] - Finding Test Object 'Object Repository/Popup/Popup'

2021-11-11 09:29:35 - [MESSAGE][INFO] - Checking object

2021-11-11 09:29:35 - [MESSAGE][INFO] - Checking timeout

2021-11-11 09:29:35 - [MESSAGE][INFO] - Finding web element from Test Object's properties

2021-11-11 09:29:35 - [MESSAGE][INFO] - Checking timeout

2021-11-11 09:29:35 - [MESSAGE][INFO] - Finding web element with id: 'Object Repository/Popup/Popup' located by 'By.cssSelector: .bootbox-body' in '10' second(s)

2021-11-11 09:29:35 - [MESSAGE][INFO] - Smart Wait Function is triggered

2021-11-11 09:29:36 - [MESSAGE][INFO] - Found 1 web elements with id: 'Object Repository/Popup/Popup' located by 'By.cssSelector: .bootbox-body' in '10' second(s)

2021-11-11 09:29:36 - [MESSAGE][PASSED] - Object 'Object Repository/Popup/Popup' is visible

2021-11-11 09:29:36 - [TEST_STEP][PASSED] - if (!(getText(findTestObject("Popup/Popup")).contains(Mesaj))): Text of object 'Object Repository/Popup/Popup' is: 'Lütfen rapor bildiriminin gönderileceği e-posta adresini belirtiniz.
e-Posta Adresi'

2021-11-11 09:29:36 - [MESSAGE][INFO] - Finding Test Object 'Object Repository/Popup/Popup'

2021-11-11 09:29:36 - [MESSAGE][INFO] - Checking object

2021-11-11 09:29:36 - [MESSAGE][INFO] - Finding web element from Test Object's properties

2021-11-11 09:29:36 - [MESSAGE][INFO] - Checking timeout

2021-11-11 09:29:36 - [MESSAGE][INFO] - Finding web element with id: 'Object Repository/Popup/Popup' located by 'By.cssSelector: .bootbox-body' in '30' second(s)

2021-11-11 09:29:36 - [MESSAGE][INFO] - Smart Wait Function is triggered

2021-11-11 09:29:36 - [MESSAGE][INFO] - Found 1 web elements with id: 'Object Repository/Popup/Popup' located by 'By.cssSelector: .bootbox-body' in '30' second(s)

2021-11-11 09:29:36 - [MESSAGE][INFO] - Getting text of object 'Object Repository/Popup/Popup'

2021-11-11 09:29:36 - [MESSAGE][PASSED] - Text of object 'Object Repository/Popup/Popup' is: 'Lütfen rapor bildiriminin gönderileceği e-posta adresini belirtiniz.
e-Posta Adresi'

2021-11-11 09:29:36 - [TEST_STEP][PASSED] - RaporNo = getText(findTestObject("Popup/Popup")).substring(0, 6): Text of object 'Object Repository/Popup/Popup' is: 'Lütfen rapor bildiriminin gönderileceği e-posta adresini belirtiniz.
e-Posta Adresi'

2021-11-11 09:29:36 - [MESSAGE][INFO] - Finding Test Object 'Object Repository/Popup/Popup'

2021-11-11 09:29:36 - [MESSAGE][INFO] - Checking object

2021-11-11 09:29:36 - [MESSAGE][INFO] - Finding web element from Test Object's properties

2021-11-11 09:29:36 - [MESSAGE][INFO] - Checking timeout

2021-11-11 09:29:36 - [MESSAGE][INFO] - Finding web element with id: 'Object Repository/Popup/Popup' located by 'By.cssSelector: .bootbox-body' in '30' second(s)

2021-11-11 09:29:36 - [MESSAGE][INFO] - Smart Wait Function is triggered

2021-11-11 09:29:36 - [MESSAGE][INFO] - Found 1 web elements with id: 'Object Repository/Popup/Popup' located by 'By.cssSelector: .bootbox-body' in '30' second(s)

2021-11-11 09:29:36 - [MESSAGE][INFO] - Getting text of object 'Object Repository/Popup/Popup'

2021-11-11 09:29:36 - [MESSAGE][PASSED] - Text of object 'Object Repository/Popup/Popup' is: 'Lütfen rapor bildiriminin gönderileceği e-posta adresini belirtiniz.
e-Posta Adresi'

2021-11-11 09:29:36 - [TEST_STEP][PASSED] - Console.println(RaporNo): null

2021-11-11 09:29:36 - [MESSAGE][PASSED] - Call Test Case 'Test Cases/Popup/PopupMesajiIceriyorMu' successfully

2021-11-11 09:29:36 - [MESSAGE][INFO] - Checking called Test Case

2021-11-11 09:29:36 - [MESSAGE][INFO] - Starting to call Test Case 'Test Cases/Popup/PopupaEmailEklenir'

2021-11-11 09:29:36 - [TEST_CASE][PASSED] - Test Cases/Popup/PopupaEmailEklenir: Test Cases/Popup/PopupaEmailEklenir

2021-11-11 09:29:36 - [TEST_STEP][PASSED] - clearText(findTestObject("Popup/EmailText")): Text of object 'Object Repository/Popup/EmailText' is cleared

2021-11-11 09:29:36 - [MESSAGE][INFO] - Finding Test Object 'Object Repository/Popup/EmailText'

2021-11-11 09:29:37 - [MESSAGE][INFO] - Checking object

2021-11-11 09:29:37 - [MESSAGE][INFO] - Finding web element from Test Object's properties

2021-11-11 09:29:37 - [MESSAGE][INFO] - Checking timeout

2021-11-11 09:29:37 - [MESSAGE][INFO] - Finding web element with id: 'Object Repository/Popup/EmailText' located by 'By.xpath: //*[@id="eMails"]' in '30' second(s)

2021-11-11 09:29:37 - [MESSAGE][INFO] - Smart Wait Function is triggered

2021-11-11 09:29:37 - [MESSAGE][INFO] - Found 1 web elements with id: 'Object Repository/Popup/EmailText' located by 'By.xpath: //*[@id="eMails"]' in '30' second(s)

2021-11-11 09:29:37 - [MESSAGE][INFO] - Clearing text of object 'Object Repository/Popup/EmailText'

2021-11-11 09:29:37 - [MESSAGE][PASSED] - Text of object 'Object Repository/Popup/EmailText' is cleared

2021-11-11 09:29:37 - [TEST_STEP][PASSED] - sendKeys(findTestObject("Popup/EmailText"), Email): Keys 'elogotest@gmail.com;ali.kara@logo.com.tr' sent to object: 'Object Repository/Popup/EmailText'

2021-11-11 09:29:37 - [MESSAGE][INFO] - Finding Test Object 'Object Repository/Popup/EmailText'

2021-11-11 09:29:37 - [MESSAGE][INFO] - Sending keys 'elogotest@gmail.com;ali.kara@logo.com.tr' to object: 'Object Repository/Popup/EmailText'

2021-11-11 09:29:37 - [MESSAGE][INFO] - Finding web element from Test Object's properties

2021-11-11 09:29:37 - [MESSAGE][INFO] - Checking timeout

2021-11-11 09:29:37 - [MESSAGE][INFO] - Finding web element with id: 'Object Repository/Popup/EmailText' located by 'By.xpath: //*[@id="eMails"]' in '30' second(s)

2021-11-11 09:29:37 - [MESSAGE][INFO] - Smart Wait Function is triggered

2021-11-11 09:29:37 - [MESSAGE][INFO] - Found 1 web elements with id: 'Object Repository/Popup/EmailText' located by 'By.xpath: //*[@id="eMails"]' in '30' second(s)

2021-11-11 09:29:37 - [MESSAGE][PASSED] - Keys 'elogotest@gmail.com;ali.kara@logo.com.tr' sent to object: 'Object Repository/Popup/EmailText'

2021-11-11 09:29:37 - [MESSAGE][PASSED] - Call Test Case 'Test Cases/Popup/PopupaEmailEklenir' successfully

2021-11-11 09:29:37 - [MESSAGE][INFO] - Checking called Test Case

2021-11-11 09:29:37 - [MESSAGE][INFO] - Starting to call Test Case 'Test Cases/Popup/PopupButonSecilir'

2021-11-11 09:29:37 - [TEST_CASE][PASSED] - Test Cases/Popup/PopupButonSecilir: Test Cases/Popup/PopupButonSecilir

2021-11-11 09:29:37 - [TEST_STEP][PASSED] - Method.TextDegerineEsitElementeTikla(findTestObject("Popup/Popup_Butons"), Buton): Method.TextDegerineEsitElementeTikla is PASSED

2021-11-11 09:29:37 - [MESSAGE][INFO] - Finding Test Object 'Object Repository/Popup/Popup_Butons'

2021-11-11 09:29:37 - [MESSAGE][INFO] - Checking timeout

2021-11-11 09:29:37 - [MESSAGE][INFO] - Finding web element with id: 'Object Repository/Popup/Popup_Butons' located by 'By.cssSelector: .modal-footer>button' in '10' second(s)

2021-11-11 09:29:37 - [MESSAGE][INFO] - Smart Wait Function is triggered

2021-11-11 09:29:38 - [MESSAGE][INFO] - Found 2 web elements with id: 'Object Repository/Popup/Popup_Butons' located by 'By.cssSelector: .modal-footer>button' in '10' second(s)

2021-11-11 09:29:38 - [MESSAGE][PASSED] - Method.TextDegerineEsitElementeTikla is PASSED

2021-11-11 09:29:38 - [MESSAGE][PASSED] - Call Test Case 'Test Cases/Popup/PopupButonSecilir' successfully

2021-11-11 09:29:38 - [MESSAGE][INFO] - Checking called Test Case

2021-11-11 09:29:38 - [MESSAGE][INFO] - Starting to call Test Case 'Test Cases/Popup/PopupMesajiIceriyorMu'

2021-11-11 09:29:38 - [TEST_CASE][PASSED] - Test Cases/Popup/PopupMesajiIceriyorMu: Test Cases/Popup/PopupMesajiIceriyorMu

2021-11-11 09:29:38 - [TEST_STEP][PASSED] - waitForElementVisible(findTestObject("Popup/Popup"), 10): Object 'Object Repository/Popup/Popup' is visible

2021-11-11 09:29:38 - [MESSAGE][INFO] - Finding Test Object 'Object Repository/Popup/Popup'

2021-11-11 09:29:38 - [MESSAGE][INFO] - Checking object

2021-11-11 09:29:38 - [MESSAGE][INFO] - Checking timeout

2021-11-11 09:29:38 - [MESSAGE][INFO] - Finding web element from Test Object's properties

2021-11-11 09:29:38 - [MESSAGE][INFO] - Checking timeout

2021-11-11 09:29:38 - [MESSAGE][INFO] - Finding web element with id: 'Object Repository/Popup/Popup' located by 'By.cssSelector: .bootbox-body' in '10' second(s)

2021-11-11 09:29:38 - [MESSAGE][INFO] - Smart Wait Function is triggered

2021-11-11 09:29:39 - [MESSAGE][INFO] - Found 1 web elements with id: 'Object Repository/Popup/Popup' located by 'By.cssSelector: .bootbox-body' in '10' second(s)

2021-11-11 09:29:39 - [MESSAGE][PASSED] - Object 'Object Repository/Popup/Popup' is visible

2021-11-11 09:29:39 - [TEST_STEP][PASSED] - if (!(getText(findTestObject("Popup/Popup")).contains(Mesaj))): Text of object 'Object Repository/Popup/Popup' is: '16236 no’lu talebiniz işleme alınmıştır. Raporunuz hazırlandığında (elogotest@gmail.com;ali.kara@logo.com.tr) adresinize mail gönderilecektir.
Rapor durumunuzu Raporlar > Toplu Veri İndirme ekranından takip edebilir, hazırlandı durumundaki raporlarınızı ilgili menüden indirebilirsiniz.'

2021-11-11 09:29:39 - [MESSAGE][INFO] - Finding Test Object 'Object Repository/Popup/Popup'

2021-11-11 09:29:39 - [MESSAGE][INFO] - Checking object

2021-11-11 09:29:39 - [MESSAGE][INFO] - Finding web element from Test Object's properties

2021-11-11 09:29:39 - [MESSAGE][INFO] - Checking timeout

2021-11-11 09:29:39 - [MESSAGE][INFO] - Finding web element with id: 'Object Repository/Popup/Popup' located by 'By.cssSelector: .bootbox-body' in '30' second(s)

2021-11-11 09:29:39 - [MESSAGE][INFO] - Smart Wait Function is triggered

2021-11-11 09:29:40 - [MESSAGE][INFO] - Found 1 web elements with id: 'Object Repository/Popup/Popup' located by 'By.cssSelector: .bootbox-body' in '30' second(s)

2021-11-11 09:29:40 - [MESSAGE][INFO] - Getting text of object 'Object Repository/Popup/Popup'

2021-11-11 09:29:40 - [MESSAGE][PASSED] - Text of object 'Object Repository/Popup/Popup' is: '16236 no’lu talebiniz işleme alınmıştır. Raporunuz hazırlandığında (elogotest@gmail.com;ali.kara@logo.com.tr) adresinize mail gönderilecektir.
Rapor durumunuzu Raporlar > Toplu Veri İndirme ekranından takip edebilir, hazırlandı durumundaki raporlarınızı ilgili menüden indirebilirsiniz.'

2021-11-11 09:29:40 - [TEST_STEP][PASSED] - RaporNo = getText(findTestObject("Popup/Popup")).substring(0, 6): Text of object 'Object Repository/Popup/Popup' is: '16236 no’lu talebiniz işleme alınmıştır. Raporunuz hazırlandığında (elogotest@gmail.com;ali.kara@logo.com.tr) adresinize mail gönderilecektir.
Rapor durumunuzu Raporlar > Toplu Veri İndirme ekranından takip edebilir, hazırlandı durumundaki raporlarınızı ilgili menüden indirebilirsiniz.'

2021-11-11 09:29:40 - [MESSAGE][INFO] - Finding Test Object 'Object Repository/Popup/Popup'

2021-11-11 09:29:40 - [MESSAGE][INFO] - Checking object

2021-11-11 09:29:40 - [MESSAGE][INFO] - Finding web element from Test Object's properties

2021-11-11 09:29:40 - [MESSAGE][INFO] - Checking timeout

2021-11-11 09:29:40 - [MESSAGE][INFO] - Finding web element with id: 'Object Repository/Popup/Popup' located by 'By.cssSelector: .bootbox-body' in '30' second(s)

2021-11-11 09:29:40 - [MESSAGE][INFO] - Smart Wait Function is triggered

2021-11-11 09:29:40 - [MESSAGE][INFO] - Found 1 web elements with id: 'Object Repository/Popup/Popup' located by 'By.cssSelector: .bootbox-body' in '30' second(s)

2021-11-11 09:29:40 - [MESSAGE][INFO] - Getting text of object 'Object Repository/Popup/Popup'

2021-11-11 09:29:40 - [MESSAGE][PASSED] - Text of object 'Object Repository/Popup/Popup' is: '16236 no’lu talebiniz işleme alınmıştır. Raporunuz hazırlandığında (elogotest@gmail.com;ali.kara@logo.com.tr) adresinize mail gönderilecektir.
Rapor durumunuzu Raporlar > Toplu Veri İndirme ekranından takip edebilir, hazırlandı durumundaki raporlarınızı ilgili menüden indirebilirsiniz.'

2021-11-11 09:29:40 - [TEST_STEP][PASSED] - Console.println(RaporNo): null

2021-11-11 09:29:40 - [MESSAGE][PASSED] - Call Test Case 'Test Cases/Popup/PopupMesajiIceriyorMu' successfully

2021-11-11 09:29:40 - [MESSAGE][INFO] - Checking called Test Case

2021-11-11 09:29:40 - [MESSAGE][INFO] - Starting to call Test Case 'Test Cases/Popup/PopupButonSecilir'

2021-11-11 09:29:40 - [TEST_CASE][PASSED] - Test Cases/Popup/PopupButonSecilir: Test Cases/Popup/PopupButonSecilir

2021-11-11 09:29:40 - [TEST_STEP][PASSED] - Method.TextDegerineEsitElementeTikla(findTestObject("Popup/Popup_Butons"), Buton): Method.TextDegerineEsitElementeTikla is PASSED

2021-11-11 09:29:40 - [MESSAGE][INFO] - Finding Test Object 'Object Repository/Popup/Popup_Butons'

2021-11-11 09:29:40 - [MESSAGE][INFO] - Checking timeout

2021-11-11 09:29:40 - [MESSAGE][INFO] - Finding web element with id: 'Object Repository/Popup/Popup_Butons' located by 'By.cssSelector: .modal-footer>button' in '10' second(s)

2021-11-11 09:29:40 - [MESSAGE][INFO] - Smart Wait Function is triggered

2021-11-11 09:29:40 - [MESSAGE][INFO] - Found 1 web elements with id: 'Object Repository/Popup/Popup_Butons' located by 'By.cssSelector: .modal-footer>button' in '10' second(s)

2021-11-11 09:29:40 - [MESSAGE][PASSED] - Method.TextDegerineEsitElementeTikla is PASSED

2021-11-11 09:29:40 - [MESSAGE][PASSED] - Call Test Case 'Test Cases/Popup/PopupButonSecilir' successfully

2021-11-11 09:29:40 - [MESSAGE][INFO] - Checking called Test Case

2021-11-11 09:29:40 - [MESSAGE][INFO] - Starting to call Test Case 'Test Cases/Menu/AnaMenuSecimi'

2021-11-11 09:29:41 - [TEST_CASE][PASSED] - Test Cases/Menu/AnaMenuSecimi: Test Cases/Menu/AnaMenuSecimi

2021-11-11 09:29:41 - [TEST_STEP][PASSED] - Method.TextDegerineEsitElementeTikla(findTestObject("Menu/Ana_Menu"), Ana_Menu): Method.TextDegerineEsitElementeTikla is PASSED

2021-11-11 09:29:41 - [MESSAGE][INFO] - Finding Test Object 'Object Repository/Menu/Ana_Menu'

2021-11-11 09:29:41 - [MESSAGE][INFO] - Checking timeout

2021-11-11 09:29:41 - [MESSAGE][INFO] - Finding web element with id: 'Object Repository/Menu/Ana_Menu' located by 'By.xpath: //*[@class = 'dropdown-toggle']' in '10' second(s)

2021-11-11 09:29:41 - [MESSAGE][INFO] - Smart Wait Function is triggered

2021-11-11 09:29:41 - [MESSAGE][INFO] - Found 15 web elements with id: 'Object Repository/Menu/Ana_Menu' located by 'By.xpath: //*[@class = 'dropdown-toggle']' in '10' second(s)

2021-11-11 09:29:42 - [MESSAGE][PASSED] - Method.TextDegerineEsitElementeTikla is PASSED

2021-11-11 09:29:42 - [MESSAGE][PASSED] - Call Test Case 'Test Cases/Menu/AnaMenuSecimi' successfully

2021-11-11 09:29:42 - [MESSAGE][INFO] - Checking called Test Case

2021-11-11 09:29:42 - [MESSAGE][INFO] - Starting to call Test Case 'Test Cases/Menu/AltMenuSecimi'

2021-11-11 09:29:42 - [TEST_CASE][PASSED] - Test Cases/Menu/AltMenuSecimi: Test Cases/Menu/AltMenuSecimi

2021-11-11 09:29:42 - [TEST_STEP][PASSED] - Method.TextDegerineEsitElementeTikla(findTestObject("Menu/Alt_Menu"), Alt_Menu): Method.TextDegerineEsitElementeTikla is PASSED

2021-11-11 09:29:42 - [MESSAGE][INFO] - Finding Test Object 'Object Repository/Menu/Alt_Menu'

2021-11-11 09:29:42 - [MESSAGE][INFO] - Checking timeout

2021-11-11 09:29:42 - [MESSAGE][INFO] - Finding web element with id: 'Object Repository/Menu/Alt_Menu' located by 'By.xpath: //li[@class='dropdown dropdown-large open']//li[@class='dropdown-element']' in '10' second(s)

2021-11-11 09:29:42 - [MESSAGE][INFO] - Smart Wait Function is triggered

2021-11-11 09:29:42 - [MESSAGE][INFO] - Found 9 web elements with id: 'Object Repository/Menu/Alt_Menu' located by 'By.xpath: //li[@class='dropdown dropdown-large open']//li[@class='dropdown-element']' in '10' second(s)

2021-11-11 09:29:43 - [MESSAGE][PASSED] - Method.TextDegerineEsitElementeTikla is PASSED

2021-11-11 09:29:43 - [MESSAGE][PASSED] - Call Test Case 'Test Cases/Menu/AltMenuSecimi' successfully

2021-11-11 09:29:43 - [MESSAGE][INFO] - Checking called Test Case

2021-11-11 09:29:43 - [MESSAGE][INFO] - Starting to call Test Case 'Test Cases/Filtreler/RaporNoYaz'

2021-11-11 09:29:43 - [TEST_CASE][PASSED] - Test Cases/Filtreler/RaporNoYaz: Test Cases/Filtreler/RaporNoYaz

2021-11-11 09:29:43 - [TEST_STEP][PASSED] - Method.TextDegerineEsitElementinAltindakiTextboxtaYaz(findTestObject("Filtreler/Basliklar"), findTestObject("Filtreler/Basliga_Gore_Textbox"), "Talep No", RaporNo): Method.TextDegerineEsitElementinAltindakiTextboxtaYaz is PASSED

2021-11-11 09:29:43 - [MESSAGE][INFO] - Finding Test Object 'Object Repository/Filtreler/Basliklar'

2021-11-11 09:29:43 - [MESSAGE][INFO] - Finding Test Object 'Object Repository/Filtreler/Basliga_Gore_Textbox'

2021-11-11 09:29:43 - [MESSAGE][INFO] - Checking timeout

2021-11-11 09:29:43 - [MESSAGE][INFO] - Finding web element with id: 'Object Repository/Filtreler/Basliklar' located by 'By.cssSelector: .control-label.col-sm-4.paddingMarginRLC' in '10' second(s)

2021-11-11 09:29:43 - [MESSAGE][INFO] - Smart Wait Function is triggered

2021-11-11 09:29:43 - [MESSAGE][INFO] - Found 8 web elements with id: 'Object Repository/Filtreler/Basliklar' located by 'By.cssSelector: .control-label.col-sm-4.paddingMarginRLC' in '10' second(s)

2021-11-11 09:29:43 - [MESSAGE][INFO] - Smart Wait Function is triggered

2021-11-11 09:29:44 - [MESSAGE][PASSED] - Method.TextDegerineEsitElementinAltindakiTextboxtaYaz is PASSED

2021-11-11 09:29:44 - [MESSAGE][PASSED] - Call Test Case 'Test Cases/Filtreler/RaporNoYaz' successfully

2021-11-11 09:29:44 - [MESSAGE][INFO] - Checking called Test Case

2021-11-11 09:29:44 - [MESSAGE][INFO] - Starting to call Test Case 'Test Cases/Filtreler/ButonaTikla'

2021-11-11 09:29:44 - [TEST_CASE][PASSED] - Test Cases/Filtreler/ButonaTikla: Test Cases/Filtreler/ButonaTikla

2021-11-11 09:29:44 - [TEST_STEP][PASSED] - Method.TextDegerineEsitElementeTikla(findTestObject("Filtreler/Butonlar"), Filtre_Buton): Method.TextDegerineEsitElementeTikla is PASSED

2021-11-11 09:29:44 - [MESSAGE][INFO] - Finding Test Object 'Object Repository/Filtreler/Butonlar'

2021-11-11 09:29:44 - [MESSAGE][INFO] - Checking timeout

2021-11-11 09:29:44 - [MESSAGE][INFO] - Finding web element with id: 'Object Repository/Filtreler/Butonlar' located by 'By.cssSelector: .dxb>span' in '10' second(s)

2021-11-11 09:29:44 - [MESSAGE][INFO] - Smart Wait Function is triggered

2021-11-11 09:29:44 - [MESSAGE][INFO] - Found 2 web elements with id: 'Object Repository/Filtreler/Butonlar' located by 'By.cssSelector: .dxb>span' in '10' second(s)

2021-11-11 09:29:44 - [MESSAGE][PASSED] - Method.TextDegerineEsitElementeTikla is PASSED

2021-11-11 09:29:44 - [MESSAGE][PASSED] - Call Test Case 'Test Cases/Filtreler/ButonaTikla' successfully

2021-11-11 09:29:44 - [MESSAGE][INFO] - Checking called Test Case

2021-11-11 09:29:44 - [MESSAGE][INFO] - Starting to call Test Case 'Test Cases/Tablo/TablodaVeriVarMi'

2021-11-11 09:29:44 - [TEST_CASE][PASSED] - Test Cases/Tablo/TablodaVeriVarMi: Test Cases/Tablo/TablodaVeriVarMi

2021-11-11 09:29:44 - [TEST_STEP][PASSED] - verifyTextNotPresent("Görüntülenecek veri yok", true): Text 'Görüntülenecek veri yok' is not present on page using regular expression

2021-11-11 09:29:44 - [MESSAGE][INFO] - Checking text present  using regular expression

2021-11-11 09:29:44 - [MESSAGE][INFO] - Smart Wait Function is triggered

2021-11-11 09:29:45 - [MESSAGE][INFO] - Finding text 'Görüntülenecek veri yok' on page  using regular expression

2021-11-11 09:29:45 - [MESSAGE][PASSED] - Text 'Görüntülenecek veri yok' is not present on page using regular expression

2021-11-11 09:29:45 - [MESSAGE][PASSED] - Call Test Case 'Test Cases/Tablo/TablodaVeriVarMi' successfully

2021-11-11 09:29:45 - [MESSAGE][INFO] - Checking called Test Case

2021-11-11 09:29:45 - [MESSAGE][INFO] - Starting to call Test Case 'Test Cases/Kullanici_Islemleri/KullaniciIslemlerindenSecimYapilir'

2021-11-11 09:29:45 - [TEST_CASE][PASSED] - Test Cases/Kullanici_Islemleri/KullaniciIslemlerindenSecimYapilir: Test Cases/Kullanici_Islemleri/KullaniciIslemlerindenSecimYapilir

2021-11-11 09:29:45 - [TEST_STEP][PASSED] - waitForElementClickable(findTestObject("Object Repository/Kullanici_Islemleri/KullaniciIslemleri"), 10): Object 'Object Repository/Kullanici_Islemleri/KullaniciIslemleri' is clickable

2021-11-11 09:29:45 - [MESSAGE][INFO] - Finding Test Object 'Object Repository/Kullanici_Islemleri/KullaniciIslemleri'

2021-11-11 09:29:45 - [MESSAGE][INFO] - Checking object

2021-11-11 09:29:45 - [MESSAGE][INFO] - Checking timeout

2021-11-11 09:29:45 - [MESSAGE][INFO] - Finding web element from Test Object's properties

2021-11-11 09:29:45 - [MESSAGE][INFO] - Checking timeout

2021-11-11 09:29:45 - [MESSAGE][INFO] - Finding web element with id: 'Object Repository/Kullanici_Islemleri/KullaniciIslemleri' located by 'By.cssSelector: .dropdown>a>img' in '10' second(s)

2021-11-11 09:29:45 - [MESSAGE][INFO] - Smart Wait Function is triggered

2021-11-11 09:29:46 - [MESSAGE][INFO] - Found 1 web elements with id: 'Object Repository/Kullanici_Islemleri/KullaniciIslemleri' located by 'By.cssSelector: .dropdown>a>img' in '10' second(s)

2021-11-11 09:29:46 - [MESSAGE][PASSED] - Object 'Object Repository/Kullanici_Islemleri/KullaniciIslemleri' is clickable

2021-11-11 09:29:46 - [TEST_STEP][PASSED] - click(findTestObject("Object Repository/Kullanici_Islemleri/KullaniciIslemleri")): Object: 'Object Repository/Kullanici_Islemleri/KullaniciIslemleri' is clicked on

2021-11-11 09:29:46 - [MESSAGE][INFO] - Finding Test Object 'Object Repository/Kullanici_Islemleri/KullaniciIslemleri'

2021-11-11 09:29:46 - [MESSAGE][INFO] - Checking object

2021-11-11 09:29:46 - [MESSAGE][INFO] - Finding web element from Test Object's properties

2021-11-11 09:29:46 - [MESSAGE][INFO] - Checking timeout

2021-11-11 09:29:46 - [MESSAGE][INFO] - Finding web element with id: 'Object Repository/Kullanici_Islemleri/KullaniciIslemleri' located by 'By.cssSelector: .dropdown>a>img' in '30' second(s)

2021-11-11 09:29:46 - [MESSAGE][INFO] - Smart Wait Function is triggered

2021-11-11 09:29:46 - [MESSAGE][INFO] - Found 1 web elements with id: 'Object Repository/Kullanici_Islemleri/KullaniciIslemleri' located by 'By.cssSelector: .dropdown>a>img' in '30' second(s)

2021-11-11 09:29:46 - [MESSAGE][INFO] - Clicking on object: 'Object Repository/Kullanici_Islemleri/KullaniciIslemleri'

2021-11-11 09:29:46 - [MESSAGE][PASSED] - Object: 'Object Repository/Kullanici_Islemleri/KullaniciIslemleri' is clicked on

2021-11-11 09:29:46 - [TEST_STEP][PASSED] - Method.TextDegerineEsitElementeTikla(findTestObject("Object Repository/Kullanici_Islemleri/Secenekler"), Islem): Method.TextDegerineEsitElementeTikla is PASSED

2021-11-11 09:29:46 - [MESSAGE][INFO] - Finding Test Object 'Object Repository/Kullanici_Islemleri/Secenekler'

2021-11-11 09:29:46 - [MESSAGE][INFO] - Checking timeout

2021-11-11 09:29:46 - [MESSAGE][INFO] - Finding web element with id: 'Object Repository/Kullanici_Islemleri/Secenekler' located by 'By.cssSelector: .nav.navbar-nav.navbar-right li a' in '10' second(s)

2021-11-11 09:29:46 - [MESSAGE][INFO] - Smart Wait Function is triggered

2021-11-11 09:29:46 - [MESSAGE][INFO] - Found 22 web elements with id: 'Object Repository/Kullanici_Islemleri/Secenekler' located by 'By.cssSelector: .nav.navbar-nav.navbar-right li a' in '10' second(s)

2021-11-11 09:29:48 - [MESSAGE][PASSED] - Method.TextDegerineEsitElementeTikla is PASSED

2021-11-11 09:29:48 - [TEST_STEP][PASSED] - verifyElementNotPresent(findTestObject("Object Repository/Kullanici_Islemleri/Secenekler"), 10): Web element with id: 'Object Repository/Kullanici_Islemleri/Secenekler' located by 'By.cssSelector: .nav.navbar-nav.navbar-right li a' is not present after '10' second(s)

2021-11-11 09:29:48 - [MESSAGE][INFO] - Finding Test Object 'Object Repository/Kullanici_Islemleri/Secenekler'

2021-11-11 09:29:48 - [MESSAGE][INFO] - Checking object

2021-11-11 09:29:48 - [MESSAGE][INFO] - Checking timeout

2021-11-11 09:29:48 - [MESSAGE][INFO] - Finding web element with id: 'Object Repository/Kullanici_Islemleri/Secenekler' located by 'By.cssSelector: .nav.navbar-nav.navbar-right li a' in '10' second(s)

2021-11-11 09:29:48 - [MESSAGE][INFO] - Smart Wait Function is triggered

2021-11-11 09:29:48 - [MESSAGE][PASSED] - Web element with id: 'Object Repository/Kullanici_Islemleri/Secenekler' located by 'By.cssSelector: .nav.navbar-nav.navbar-right li a' is not present after '10' second(s)

2021-11-11 09:29:48 - [MESSAGE][PASSED] - Call Test Case 'Test Cases/Kullanici_Islemleri/KullaniciIslemlerindenSecimYapilir' successfully

2021-11-11 09:29:48 - [TEST_CASE][PASSED] - Start Test Case : SCENARIO Uygulama Yanitinin Excele aktarilmasi: SCENARIO Uygulama Yanitinin Excele aktarilmasi

2021-11-11 09:29:48 - [TEST_STEP][PASSED] - Kullanıcı adı ELOGO6 ve Şifre 123456 olarak giriş yapılır: Kullanıcı adı ELOGO6 ve Şifre 123456 olarak giriş yapılır

2021-11-11 09:29:48 - [MESSAGE][PASSED] - Kullanıcı adı ELOGO6 ve Şifre 123456 olarak giriş yapılır

2021-11-11 09:29:48 - [TEST_STEP][PASSED] - Ana menüden e-Fatura seçilir: Ana menüden e-Fatura seçilir

2021-11-11 09:29:48 - [MESSAGE][PASSED] - Ana menüden e-Fatura seçilir

2021-11-11 09:29:48 - [TEST_STEP][PASSED] - Alt menü Gelen Kutusu başlığı altındaki Uygulama Yanıtları seçilir: Alt menü Gelen Kutusu başlığı altındaki Uygulama Yanıtları seçilir

2021-11-11 09:29:48 - [MESSAGE][PASSED] - Alt menü Gelen Kutusu başlığı altındaki Uygulama Yanıtları seçilir

2021-11-11 09:29:48 - [TEST_STEP][PASSED] - Filtrelerden Oluşturma Tarihi filtresine 01.12.2020 baslangic degerini yaz: Filtrelerden Oluşturma Tarihi filtresine 01.12.2020 baslangic degerini yaz

2021-11-11 09:29:48 - [MESSAGE][PASSED] - Filtrelerden Oluşturma Tarihi filtresine 01.12.2020 baslangic degerini yaz

2021-11-11 09:29:48 - [TEST_STEP][PASSED] - Filtrelerden Oluşturma Tarihi filtresine 31.12.2020 bitis degerini yaz: Filtrelerden Oluşturma Tarihi filtresine 31.12.2020 bitis degerini yaz

2021-11-11 09:29:48 - [MESSAGE][PASSED] - Filtrelerden Oluşturma Tarihi filtresine 31.12.2020 bitis degerini yaz

2021-11-11 09:29:48 - [TEST_STEP][PASSED] - Filtrelerden Gönderen VKN filtresine 1234567806 textini yaz: Filtrelerden Gönderen VKN filtresine 1234567806 textini yaz

2021-11-11 09:29:48 - [MESSAGE][PASSED] - Filtrelerden Gönderen VKN filtresine 1234567806 textini yaz

2021-11-11 09:29:48 - [TEST_STEP][PASSED] - Filtre butonlarından Listele seçilir: Filtre butonlarından Listele seçilir

2021-11-11 09:29:48 - [MESSAGE][PASSED] - Filtre butonlarından Listele seçilir

2021-11-11 09:29:48 - [TEST_STEP][PASSED] - Tabloda veri var mı kontrol edilir: Tabloda veri var mı kontrol edilir

2021-11-11 09:29:48 - [MESSAGE][PASSED] - Tabloda veri var mı kontrol edilir

2021-11-11 09:29:48 - [TEST_STEP][PASSED] - Tablodan 1234567806 isimli veri seçilir: Tablodan 1234567806 isimli veri seçilir

2021-11-11 09:29:48 - [MESSAGE][PASSED] - Tablodan 1234567806 isimli veri seçilir

2021-11-11 09:29:48 - [TEST_STEP][PASSED] - Butonlardan Excel isimli butona tıklanır: Butonlardan Excel isimli butona tıklanır

2021-11-11 09:29:48 - [MESSAGE][PASSED] - Butonlardan Excel isimli butona tıklanır

2021-11-11 09:29:48 - [TEST_STEP][PASSED] - Alt butonlardan Excel'e Aktar butonuna tıklanır: Alt butonlardan Excel'e Aktar butonuna tıklanır

2021-11-11 09:29:48 - [MESSAGE][PASSED] - Alt butonlardan Excel'e Aktar butonuna tıklanır

2021-11-11 09:29:48 - [TEST_STEP][PASSED] - Popup mesajı Lütfen rapor bildiriminin gönderileceği e-posta adresini belirtiniz. içeriyor mu: Popup mesajı Lütfen rapor bildiriminin gönderileceği e-posta adresini belirtiniz. içeriyor mu

2021-11-11 09:29:48 - [MESSAGE][PASSED] - Popup mesajı Lütfen rapor bildiriminin gönderileceği e-posta adresini belirtiniz. içeriyor mu

2021-11-11 09:29:48 - [TEST_STEP][PASSED] - Popup email elogotest@gmail.com;ali.kara@logo.com.tr olarak girilir: Popup email elogotest@gmail.com;ali.kara@logo.com.tr olarak girilir

2021-11-11 09:29:48 - [MESSAGE][PASSED] - Popup email elogotest@gmail.com;ali.kara@logo.com.tr olarak girilir

2021-11-11 09:29:48 - [TEST_STEP][PASSED] - Yönetim popupında Gönder seçilir: Yönetim popupında Gönder seçilir

2021-11-11 09:29:48 - [MESSAGE][PASSED] - Yönetim popupında Gönder seçilir

2021-11-11 09:29:48 - [TEST_STEP][PASSED] - Popup mesajı talebiniz işleme alınmıştır içeriyor mu: Popup mesajı talebiniz işleme alınmıştır içeriyor mu

2021-11-11 09:29:48 - [MESSAGE][PASSED] - Popup mesajı talebiniz işleme alınmıştır içeriyor mu

2021-11-11 09:29:48 - [TEST_STEP][PASSED] - Yönetim popupında Tamam seçilir: Yönetim popupında Tamam seçilir

2021-11-11 09:29:48 - [MESSAGE][PASSED] - Yönetim popupında Tamam seçilir

2021-11-11 09:29:48 - [TEST_STEP][PASSED] - Butonlardan Excel isimli butona tıklanır: Butonlardan Excel isimli butona tıklanır

2021-11-11 09:29:48 - [MESSAGE][PASSED] - Butonlardan Excel isimli butona tıklanır

2021-11-11 09:29:48 - [TEST_STEP][PASSED] - Alt butonlardan Tümünü Excel'e Aktar butonuna tıklanır: Alt butonlardan Tümünü Excel'e Aktar butonuna tıklanır

2021-11-11 09:29:48 - [MESSAGE][PASSED] - Alt butonlardan Tümünü Excel'e Aktar butonuna tıklanır

2021-11-11 09:29:48 - [TEST_STEP][PASSED] - Popup mesajı Lütfen rapor bildiriminin gönderileceği e-posta adresini belirtiniz. içeriyor mu: Popup mesajı Lütfen rapor bildiriminin gönderileceği e-posta adresini belirtiniz. içeriyor mu

2021-11-11 09:29:48 - [MESSAGE][PASSED] - Popup mesajı Lütfen rapor bildiriminin gönderileceği e-posta adresini belirtiniz. içeriyor mu

2021-11-11 09:29:48 - [TEST_STEP][PASSED] - Popup email elogotest@gmail.com;ali.kara@logo.com.tr olarak girilir: Popup email elogotest@gmail.com;ali.kara@logo.com.tr olarak girilir

2021-11-11 09:29:48 - [MESSAGE][PASSED] - Popup email elogotest@gmail.com;ali.kara@logo.com.tr olarak girilir

2021-11-11 09:29:48 - [TEST_STEP][PASSED] - Yönetim popupında Gönder seçilir: Yönetim popupında Gönder seçilir

2021-11-11 09:29:48 - [MESSAGE][PASSED] - Yönetim popupında Gönder seçilir

2021-11-11 09:29:48 - [TEST_STEP][PASSED] - Popup mesajı talebiniz işleme alınmıştır içeriyor mu: Popup mesajı talebiniz işleme alınmıştır içeriyor mu

2021-11-11 09:29:48 - [MESSAGE][PASSED] - Popup mesajı talebiniz işleme alınmıştır içeriyor mu

2021-11-11 09:29:48 - [TEST_STEP][PASSED] - Yönetim popupında Tamam seçilir: Yönetim popupında Tamam seçilir

2021-11-11 09:29:48 - [MESSAGE][PASSED] - Yönetim popupında Tamam seçilir

2021-11-11 09:29:48 - [TEST_STEP][PASSED] - Ana menüden Raporlar seçilir: Ana menüden Raporlar seçilir

2021-11-11 09:29:48 - [MESSAGE][PASSED] - Ana menüden Raporlar seçilir

2021-11-11 09:29:48 - [TEST_STEP][PASSED] - Alt menüden Toplu Veri İndirme seçilir: Alt menüden Toplu Veri İndirme seçilir

2021-11-11 09:29:48 - [MESSAGE][PASSED] - Alt menüden Toplu Veri İndirme seçilir

2021-11-11 09:29:48 - [TEST_STEP][PASSED] - Filtrelerden Talep No filtresine Rapor No bilgisi yaz: Filtrelerden Talep No filtresine Rapor No bilgisi yaz

2021-11-11 09:29:48 - [MESSAGE][PASSED] - Filtrelerden Talep No filtresine Rapor No bilgisi yaz

2021-11-11 09:29:48 - [TEST_STEP][PASSED] - Filtre butonlarından Listele seçilir: Filtre butonlarından Listele seçilir

2021-11-11 09:29:48 - [MESSAGE][PASSED] - Filtre butonlarından Listele seçilir

2021-11-11 09:29:48 - [TEST_STEP][PASSED] - Tabloda veri var mı kontrol edilir: Tabloda veri var mı kontrol edilir

2021-11-11 09:29:48 - [MESSAGE][PASSED] - Tabloda veri var mı kontrol edilir

2021-11-11 09:29:48 - [TEST_STEP][PASSED] - Kullanıcı işlemlerinden Çıkış seçilir: Kullanıcı işlemlerinden Çıkış seçilir

2021-11-11 09:29:48 - [MESSAGE][PASSED] - Kullanıcı işlemlerinden Çıkış seçilir

2021-11-11 09:29:48 - [MESSAGE][PASSED] - Feature file: 'Include/features/e-Fatura/Gelen Kutusu/Uygulama Yanitlari/Excele Aktar.feature' was passed

2021-11-11 09:29:48 - [TEST_STEP][PASSED] - Start listener action : sampleAfterTestSuite: Invoke 'com.kms.katalon.core.annotation.AfterTestCase' method: 'Listener.sampleAfterTestSuite(...)' completed.

2021-11-11 09:29:48 - [MESSAGE][INFO] - Starting invoke 'com.kms.katalon.core.annotation.AfterTestCase' method: 'Listener.sampleAfterTestSuite(...)'

2021-11-11 09:29:48 - [TEST_STEP][PASSED] - closeBrowser(): Invoke 'com.kms.katalon.core.annotation.AfterTestCase' method: 'Listener.sampleAfterTestSuite(...)' completed.

2021-11-11 09:29:48 - [MESSAGE][INFO] - Closing browser

2021-11-11 09:29:49 - [MESSAGE][PASSED] - Browser is closed

2021-11-11 09:29:49 - [MESSAGE][INFO] - Invoke 'com.kms.katalon.core.annotation.AfterTestCase' method: 'Listener.sampleAfterTestSuite(...)' completed.]]></system-out>
         <system-err><![CDATA[]]></system-err>
      </testcase>
      <testcase name="Test Cases/Case Repository/e-Fatura/Gelen Kutusu/Uygulama Yanitlari/Toplu Indirme" time="53.173" classname="Test Cases/Case Repository/e-Fatura/Gelen Kutusu/Uygulama Yanitlari/Toplu Indirme" status="PASSED">
         <system-out><![CDATA[2021-11-11 09:29:49 - [TEST_CASE][PASSED] - Test Cases/Case Repository/e-Fatura/Gelen Kutusu/Uygulama Yanitlari/Toplu Indirme: Test Cases/Case Repository/e-Fatura/Gelen Kutusu/Uygulama Yanitlari/Toplu Indirme

2021-11-11 09:29:49 - [TEST_STEP][PASSED] - Start listener action : sampleBeforeTestSuite: Invoke 'com.kms.katalon.core.annotation.BeforeTestCase' method: 'Listener.sampleBeforeTestSuite(...)' completed.

2021-11-11 09:29:49 - [MESSAGE][INFO] - Starting invoke 'com.kms.katalon.core.annotation.BeforeTestCase' method: 'Listener.sampleBeforeTestSuite(...)'

2021-11-11 09:29:49 - [TEST_STEP][PASSED] - openBrowser(baseUrl): Browser is opened with url: 'https://efatura-stage.elogo.com.tr/'

2021-11-11 09:29:49 - [MESSAGE][INFO] - Opening browser

2021-11-11 09:29:49 - [MESSAGE][INFO] - Starting 'Chrome' driver

2021-11-11 09:29:49 - [MESSAGE][INFO] - User set preference: ['prefs', '{download.default_directory=C:\otomasyondownfiles}']

2021-11-11 09:29:49 - [MESSAGE][INFO] - Action delay is set to 0 milliseconds

2021-11-11 09:29:50 - [MESSAGE][INFO] - Navigating browser to: 'https://efatura-stage.elogo.com.tr/'

2021-11-11 09:29:53 - [MESSAGE][PASSED] - Browser is opened with url: 'https://efatura-stage.elogo.com.tr/'

2021-11-11 09:29:53 - [TEST_STEP][PASSED] - maximizeWindow(): Invoke 'com.kms.katalon.core.annotation.BeforeTestCase' method: 'Listener.sampleBeforeTestSuite(...)' completed.

2021-11-11 09:29:53 - [MESSAGE][INFO] - Maximizing current window

2021-11-11 09:29:53 - [MESSAGE][PASSED] - Current window maximized

2021-11-11 09:29:53 - [MESSAGE][INFO] - Invoke 'com.kms.katalon.core.annotation.BeforeTestCase' method: 'Listener.sampleBeforeTestSuite(...)' completed.

2021-11-11 09:29:53 - [TEST_STEP][PASSED] - runFeatureFile("Include/features/e-Fatura/Gelen Kutusu/Uygulama Yanitlari/Toplu Indirme.feature"): Feature file: 'Include/features/e-Fatura/Gelen Kutusu/Uygulama Yanitlari/Toplu Indirme.feature' was passed

2021-11-11 09:29:53 - [MESSAGE][INFO] - Starting run keyword runFeatureFile: 'Include/features/e-Fatura/Gelen Kutusu/Uygulama Yanitlari/Toplu Indirme.feature' and extract report to folder: 'C:\Users\DELL\Documents\GitHub\EES_KatalonLogo\Reports\20211111_090730\Suite Repository\ExceleAktarVeTopluIndirme\20211111_090810/cucumber_report/1636612193881'...

2021-11-11 09:29:53 - [MESSAGE][INFO] - Glue: []

2021-11-11 09:29:54 - [MESSAGE][INFO] - Checking called Test Case

2021-11-11 09:29:54 - [MESSAGE][INFO] - Starting to call Test Case 'Test Cases/Sayfalar/Giris_Sayfasi/Login'

2021-11-11 09:29:54 - [TEST_CASE][PASSED] - Test Cases/Sayfalar/Giris_Sayfasi/Login: Test Cases/Sayfalar/Giris_Sayfasi/Login

2021-11-11 09:29:54 - [TEST_STEP][PASSED] - Sayfa_Basligi = getWindowTitle(): Current window's title is: 'LOGO e-Fatura'

2021-11-11 09:29:54 - [MESSAGE][INFO] - Getting current window's title

2021-11-11 09:29:54 - [MESSAGE][PASSED] - Current window's title is: 'LOGO e-Fatura'

2021-11-11 09:29:54 - [TEST_STEP][PASSED] - verifyMatch(Sayfa_Basligi, "LOGO e-Fatura", false): Actual text 'LOGO e-Fatura' and expected text 'LOGO e-Fatura' are matched 

2021-11-11 09:29:54 - [MESSAGE][INFO] - Matching actual text 'LOGO e-Fatura' with expected text 'LOGO e-Fatura'

2021-11-11 09:29:54 - [MESSAGE][PASSED] - Actual text 'LOGO e-Fatura' and expected text 'LOGO e-Fatura' are matched 

2021-11-11 09:29:54 - [TEST_STEP][PASSED] - sendKeys(findTestObject("Sayfalar/Giris_Sayfasi/Firma_Kodu"), KullaniciAdi): Keys 'ELOGO6' sent to object: 'Object Repository/Sayfalar/Giris_Sayfasi/Firma_Kodu'

2021-11-11 09:29:54 - [MESSAGE][INFO] - Finding Test Object 'Object Repository/Sayfalar/Giris_Sayfasi/Firma_Kodu'

2021-11-11 09:29:54 - [MESSAGE][INFO] - Sending keys 'ELOGO6' to object: 'Object Repository/Sayfalar/Giris_Sayfasi/Firma_Kodu'

2021-11-11 09:29:54 - [MESSAGE][INFO] - Finding web element from Test Object's properties

2021-11-11 09:29:54 - [MESSAGE][INFO] - Checking timeout

2021-11-11 09:29:54 - [MESSAGE][INFO] - Finding web element with id: 'Object Repository/Sayfalar/Giris_Sayfasi/Firma_Kodu' located by 'By.xpath: //*[@id = 'AccountName']' in '30' second(s)

2021-11-11 09:29:54 - [MESSAGE][INFO] - Smart Wait Function is triggered

2021-11-11 09:29:54 - [MESSAGE][INFO] - Found 1 web elements with id: 'Object Repository/Sayfalar/Giris_Sayfasi/Firma_Kodu' located by 'By.xpath: //*[@id = 'AccountName']' in '30' second(s)

2021-11-11 09:29:54 - [MESSAGE][PASSED] - Keys 'ELOGO6' sent to object: 'Object Repository/Sayfalar/Giris_Sayfasi/Firma_Kodu'

2021-11-11 09:29:54 - [TEST_STEP][PASSED] - sendKeys(findTestObject("Sayfalar/Giris_Sayfasi/Sifre"), Sifre): Keys '123456' sent to object: 'Object Repository/Sayfalar/Giris_Sayfasi/Sifre'

2021-11-11 09:29:54 - [MESSAGE][INFO] - Finding Test Object 'Object Repository/Sayfalar/Giris_Sayfasi/Sifre'

2021-11-11 09:29:54 - [MESSAGE][INFO] - Sending keys '123456' to object: 'Object Repository/Sayfalar/Giris_Sayfasi/Sifre'

2021-11-11 09:29:54 - [MESSAGE][INFO] - Finding web element from Test Object's properties

2021-11-11 09:29:54 - [MESSAGE][INFO] - Checking timeout

2021-11-11 09:29:54 - [MESSAGE][INFO] - Finding web element with id: 'Object Repository/Sayfalar/Giris_Sayfasi/Sifre' located by 'By.xpath: //*[@id = 'Password']' in '30' second(s)

2021-11-11 09:29:54 - [MESSAGE][INFO] - Smart Wait Function is triggered

2021-11-11 09:29:55 - [MESSAGE][INFO] - Found 1 web elements with id: 'Object Repository/Sayfalar/Giris_Sayfasi/Sifre' located by 'By.xpath: //*[@id = 'Password']' in '30' second(s)

2021-11-11 09:29:55 - [MESSAGE][PASSED] - Keys '123456' sent to object: 'Object Repository/Sayfalar/Giris_Sayfasi/Sifre'

2021-11-11 09:29:55 - [TEST_STEP][PASSED] - findWebElement(findTestObject("Sayfalar/Giris_Sayfasi/Giris_Butonu")).click(): Found 1 web elements with id: 'Object Repository/Sayfalar/Giris_Sayfasi/Giris_Butonu' located by 'By.cssSelector: #btnLogin' in '30' second(s)

2021-11-11 09:29:55 - [MESSAGE][INFO] - Finding Test Object 'Object Repository/Sayfalar/Giris_Sayfasi/Giris_Butonu'

2021-11-11 09:29:55 - [MESSAGE][INFO] - Finding web element from Test Object's properties

2021-11-11 09:29:55 - [MESSAGE][INFO] - Checking timeout

2021-11-11 09:29:55 - [MESSAGE][INFO] - Finding web element with id: 'Object Repository/Sayfalar/Giris_Sayfasi/Giris_Butonu' located by 'By.cssSelector: #btnLogin' in '30' second(s)

2021-11-11 09:29:55 - [MESSAGE][INFO] - Smart Wait Function is triggered

2021-11-11 09:29:55 - [MESSAGE][INFO] - Found 1 web elements with id: 'Object Repository/Sayfalar/Giris_Sayfasi/Giris_Butonu' located by 'By.cssSelector: #btnLogin' in '30' second(s)

2021-11-11 09:29:58 - [TEST_STEP][PASSED] - if (verifyElementPresent(findTestObject("Object Repository/Sayfalar/Giris_Sayfasi/RetveTamam_Butonu"), 5, OPTIONAL)): null

2021-11-11 09:29:58 - [MESSAGE][INFO] - Finding Test Object 'Object Repository/Sayfalar/Giris_Sayfasi/RetveTamam_Butonu'

2021-11-11 09:29:58 - [MESSAGE][INFO] - Checking object

2021-11-11 09:29:58 - [MESSAGE][INFO] - Finding web element from Test Object's properties

2021-11-11 09:29:58 - [MESSAGE][INFO] - Checking timeout

2021-11-11 09:29:58 - [MESSAGE][INFO] - Finding web element with id: 'Object Repository/Sayfalar/Giris_Sayfasi/RetveTamam_Butonu' located by 'By.xpath: //*[@class = 'btn btn-default']' in '5' second(s)

2021-11-11 09:29:58 - [MESSAGE][INFO] - Smart Wait Function is triggered

2021-11-11 09:29:58 - [MESSAGE][INFO] - Found 1 web elements with id: 'Object Repository/Sayfalar/Giris_Sayfasi/RetveTamam_Butonu' located by 'By.xpath: //*[@class = 'btn btn-default']' in '5' second(s)

2021-11-11 09:29:58 - [MESSAGE][PASSED] - Object 'Object Repository/Sayfalar/Giris_Sayfasi/RetveTamam_Butonu' is present

2021-11-11 09:29:58 - [TEST_STEP][PASSED] - click(findTestObject("Object Repository/Sayfalar/Giris_Sayfasi/RetveTamam_Butonu")): Object: 'Object Repository/Sayfalar/Giris_Sayfasi/RetveTamam_Butonu' is clicked on

2021-11-11 09:29:58 - [MESSAGE][INFO] - Finding Test Object 'Object Repository/Sayfalar/Giris_Sayfasi/RetveTamam_Butonu'

2021-11-11 09:29:58 - [MESSAGE][INFO] - Checking object

2021-11-11 09:29:58 - [MESSAGE][INFO] - Finding web element from Test Object's properties

2021-11-11 09:29:58 - [MESSAGE][INFO] - Checking timeout

2021-11-11 09:29:58 - [MESSAGE][INFO] - Finding web element with id: 'Object Repository/Sayfalar/Giris_Sayfasi/RetveTamam_Butonu' located by 'By.xpath: //*[@class = 'btn btn-default']' in '30' second(s)

2021-11-11 09:29:58 - [MESSAGE][INFO] - Smart Wait Function is triggered

2021-11-11 09:29:58 - [MESSAGE][INFO] - Found 1 web elements with id: 'Object Repository/Sayfalar/Giris_Sayfasi/RetveTamam_Butonu' located by 'By.xpath: //*[@class = 'btn btn-default']' in '30' second(s)

2021-11-11 09:29:58 - [MESSAGE][INFO] - Clicking on object: 'Object Repository/Sayfalar/Giris_Sayfasi/RetveTamam_Butonu'

2021-11-11 09:29:58 - [MESSAGE][PASSED] - Object: 'Object Repository/Sayfalar/Giris_Sayfasi/RetveTamam_Butonu' is clicked on

2021-11-11 09:29:58 - [TEST_STEP][PASSED] - click(findTestObject("Object Repository/Sayfalar/Giris_Sayfasi/RetveTamam_Butonu")): Object: 'Object Repository/Sayfalar/Giris_Sayfasi/RetveTamam_Butonu' is clicked on

2021-11-11 09:29:58 - [MESSAGE][INFO] - Finding Test Object 'Object Repository/Sayfalar/Giris_Sayfasi/RetveTamam_Butonu'

2021-11-11 09:29:59 - [MESSAGE][INFO] - Checking object

2021-11-11 09:29:59 - [MESSAGE][INFO] - Finding web element from Test Object's properties

2021-11-11 09:29:59 - [MESSAGE][INFO] - Checking timeout

2021-11-11 09:29:59 - [MESSAGE][INFO] - Finding web element with id: 'Object Repository/Sayfalar/Giris_Sayfasi/RetveTamam_Butonu' located by 'By.xpath: //*[@class = 'btn btn-default']' in '30' second(s)

2021-11-11 09:29:59 - [MESSAGE][INFO] - Smart Wait Function is triggered

2021-11-11 09:30:04 - [MESSAGE][INFO] - Found 1 web elements with id: 'Object Repository/Sayfalar/Giris_Sayfasi/RetveTamam_Butonu' located by 'By.xpath: //*[@class = 'btn btn-default']' in '30' second(s)

2021-11-11 09:30:04 - [MESSAGE][INFO] - Clicking on object: 'Object Repository/Sayfalar/Giris_Sayfasi/RetveTamam_Butonu'

2021-11-11 09:30:04 - [MESSAGE][PASSED] - Object: 'Object Repository/Sayfalar/Giris_Sayfasi/RetveTamam_Butonu' is clicked on

2021-11-11 09:30:04 - [TEST_STEP][PASSED] - if (verifyElementPresent(findTestObject("Sayfalar/Giris_Sayfasi/PopupOK"), 5, OPTIONAL)): null

2021-11-11 09:30:04 - [MESSAGE][INFO] - Finding Test Object 'Object Repository/Sayfalar/Giris_Sayfasi/PopupOK'

2021-11-11 09:30:04 - [MESSAGE][INFO] - Checking object

2021-11-11 09:30:04 - [MESSAGE][INFO] - Finding web element from Test Object's properties

2021-11-11 09:30:04 - [MESSAGE][INFO] - Checking timeout

2021-11-11 09:30:04 - [MESSAGE][INFO] - Finding web element with id: 'Object Repository/Sayfalar/Giris_Sayfasi/PopupOK' located by 'By.cssSelector: .btn.btn-success' in '5' second(s)

2021-11-11 09:30:04 - [MESSAGE][INFO] - Smart Wait Function is triggered

2021-11-11 09:30:05 - [MESSAGE][INFO] - Found 1 web elements with id: 'Object Repository/Sayfalar/Giris_Sayfasi/PopupOK' located by 'By.cssSelector: .btn.btn-success' in '5' second(s)

2021-11-11 09:30:05 - [MESSAGE][PASSED] - Object 'Object Repository/Sayfalar/Giris_Sayfasi/PopupOK' is present

2021-11-11 09:30:05 - [TEST_STEP][PASSED] - click(findTestObject("Object Repository/Sayfalar/Giris_Sayfasi/PopupCarpiGiris")): Object: 'Object Repository/Sayfalar/Giris_Sayfasi/PopupCarpiGiris' is clicked on

2021-11-11 09:30:05 - [MESSAGE][INFO] - Finding Test Object 'Object Repository/Sayfalar/Giris_Sayfasi/PopupCarpiGiris'

2021-11-11 09:30:05 - [MESSAGE][INFO] - Checking object

2021-11-11 09:30:05 - [MESSAGE][INFO] - Finding web element from Test Object's properties

2021-11-11 09:30:05 - [MESSAGE][INFO] - Checking timeout

2021-11-11 09:30:05 - [MESSAGE][INFO] - Finding web element with id: 'Object Repository/Sayfalar/Giris_Sayfasi/PopupCarpiGiris' located by 'By.cssSelector: .bootbox-close-button.close' in '30' second(s)

2021-11-11 09:30:05 - [MESSAGE][INFO] - Smart Wait Function is triggered

2021-11-11 09:30:05 - [MESSAGE][INFO] - Found 1 web elements with id: 'Object Repository/Sayfalar/Giris_Sayfasi/PopupCarpiGiris' located by 'By.cssSelector: .bootbox-close-button.close' in '30' second(s)

2021-11-11 09:30:05 - [MESSAGE][INFO] - Clicking on object: 'Object Repository/Sayfalar/Giris_Sayfasi/PopupCarpiGiris'

2021-11-11 09:30:05 - [MESSAGE][PASSED] - Object: 'Object Repository/Sayfalar/Giris_Sayfasi/PopupCarpiGiris' is clicked on

2021-11-11 09:30:05 - [TEST_STEP][PASSED] - verifyElementVisible(findTestObject("Object Repository/Kullanici_Islemleri/KullaniciIslemleri")): Object 'Object Repository/Kullanici_Islemleri/KullaniciIslemleri' is visible

2021-11-11 09:30:05 - [MESSAGE][INFO] - Finding Test Object 'Object Repository/Kullanici_Islemleri/KullaniciIslemleri'

2021-11-11 09:30:05 - [MESSAGE][INFO] - Checking object

2021-11-11 09:30:05 - [MESSAGE][INFO] - Finding web element from Test Object's properties

2021-11-11 09:30:05 - [MESSAGE][INFO] - Checking timeout

2021-11-11 09:30:05 - [MESSAGE][INFO] - Finding web element with id: 'Object Repository/Kullanici_Islemleri/KullaniciIslemleri' located by 'By.cssSelector: .dropdown>a>img' in '30' second(s)

2021-11-11 09:30:05 - [MESSAGE][INFO] - Smart Wait Function is triggered

2021-11-11 09:30:06 - [MESSAGE][INFO] - Found 1 web elements with id: 'Object Repository/Kullanici_Islemleri/KullaniciIslemleri' located by 'By.cssSelector: .dropdown>a>img' in '30' second(s)

2021-11-11 09:30:06 - [MESSAGE][PASSED] - Object 'Object Repository/Kullanici_Islemleri/KullaniciIslemleri' is visible

2021-11-11 09:30:06 - [MESSAGE][PASSED] - Call Test Case 'Test Cases/Sayfalar/Giris_Sayfasi/Login' successfully

2021-11-11 09:30:06 - [MESSAGE][INFO] - Checking called Test Case

2021-11-11 09:30:06 - [MESSAGE][INFO] - Starting to call Test Case 'Test Cases/Menu/AnaMenuSecimi'

2021-11-11 09:30:06 - [TEST_CASE][PASSED] - Test Cases/Menu/AnaMenuSecimi: Test Cases/Menu/AnaMenuSecimi

2021-11-11 09:30:06 - [TEST_STEP][PASSED] - Method.TextDegerineEsitElementeTikla(findTestObject("Menu/Ana_Menu"), Ana_Menu): Method.TextDegerineEsitElementeTikla is PASSED

2021-11-11 09:30:06 - [MESSAGE][INFO] - Finding Test Object 'Object Repository/Menu/Ana_Menu'

2021-11-11 09:30:06 - [MESSAGE][INFO] - Checking timeout

2021-11-11 09:30:06 - [MESSAGE][INFO] - Finding web element with id: 'Object Repository/Menu/Ana_Menu' located by 'By.xpath: //*[@class = 'dropdown-toggle']' in '10' second(s)

2021-11-11 09:30:06 - [MESSAGE][INFO] - Smart Wait Function is triggered

2021-11-11 09:30:07 - [MESSAGE][INFO] - Found 14 web elements with id: 'Object Repository/Menu/Ana_Menu' located by 'By.xpath: //*[@class = 'dropdown-toggle']' in '10' second(s)

2021-11-11 09:30:07 - [MESSAGE][PASSED] - Method.TextDegerineEsitElementeTikla is PASSED

2021-11-11 09:30:07 - [MESSAGE][PASSED] - Call Test Case 'Test Cases/Menu/AnaMenuSecimi' successfully

2021-11-11 09:30:07 - [MESSAGE][INFO] - Checking called Test Case

2021-11-11 09:30:07 - [MESSAGE][INFO] - Starting to call Test Case 'Test Cases/Menu/BasligaGoreAltMenuSecimi'

2021-11-11 09:30:07 - [TEST_CASE][PASSED] - Test Cases/Menu/BasligaGoreAltMenuSecimi: Test Cases/Menu/BasligaGoreAltMenuSecimi

2021-11-11 09:30:07 - [TEST_STEP][PASSED] - Method.TextDegerineEsitElementinAltindakiTextDegerineEsitOlanaTikla(findTestObject("Menu/Menu_Basligi"), findTestObject("Menu/Basliga_Gore_Alt_Menu"), Baslik, Alt_Menu): Method.TextDegerineEsitElementinAltindakiTextDegerineEsitOlanaTikla is PASSED

2021-11-11 09:30:07 - [MESSAGE][INFO] - Finding Test Object 'Object Repository/Menu/Menu_Basligi'

2021-11-11 09:30:07 - [MESSAGE][INFO] - Finding Test Object 'Object Repository/Menu/Basliga_Gore_Alt_Menu'

2021-11-11 09:30:07 - [MESSAGE][INFO] - Checking timeout

2021-11-11 09:30:07 - [MESSAGE][INFO] - Finding web element with id: 'Object Repository/Menu/Menu_Basligi' located by 'By.xpath: //li[@class='dropdown dropdown-large open']//li[@class='dropdown-header']' in '10' second(s)

2021-11-11 09:30:07 - [MESSAGE][INFO] - Smart Wait Function is triggered

2021-11-11 09:30:07 - [MESSAGE][INFO] - Found 3 web elements with id: 'Object Repository/Menu/Menu_Basligi' located by 'By.xpath: //li[@class='dropdown dropdown-large open']//li[@class='dropdown-header']' in '10' second(s)

2021-11-11 09:30:07 - [MESSAGE][INFO] - Smart Wait Function is triggered

2021-11-11 09:30:12 - [MESSAGE][PASSED] - Method.TextDegerineEsitElementinAltindakiTextDegerineEsitOlanaTikla is PASSED

2021-11-11 09:30:12 - [MESSAGE][PASSED] - Call Test Case 'Test Cases/Menu/BasligaGoreAltMenuSecimi' successfully

2021-11-11 09:30:12 - [MESSAGE][INFO] - Checking called Test Case

2021-11-11 09:30:12 - [MESSAGE][INFO] - Starting to call Test Case 'Test Cases/Filtreler/BaslangicYaz'

2021-11-11 09:30:12 - [TEST_CASE][PASSED] - Test Cases/Filtreler/BaslangicYaz: Test Cases/Filtreler/BaslangicYaz

2021-11-11 09:30:12 - [TEST_STEP][PASSED] - Method.TextDegerineEsitElementinAltindakineTikla(findTestObject("Filtreler/Basliklar"), findTestObject("Filtreler/Basliga_Gore_Baslangic_Image"), Filtre_Adi): Method.TextDegerineEsitElementinAltindakineTikla is PASSED

2021-11-11 09:30:12 - [MESSAGE][INFO] - Finding Test Object 'Object Repository/Filtreler/Basliklar'

2021-11-11 09:30:12 - [MESSAGE][INFO] - Finding Test Object 'Object Repository/Filtreler/Basliga_Gore_Baslangic_Image'

2021-11-11 09:30:12 - [MESSAGE][INFO] - Checking timeout

2021-11-11 09:30:12 - [MESSAGE][INFO] - Finding web element with id: 'Object Repository/Filtreler/Basliklar' located by 'By.cssSelector: .control-label.col-sm-4.paddingMarginRLC' in '10' second(s)

2021-11-11 09:30:12 - [MESSAGE][INFO] - Smart Wait Function is triggered

2021-11-11 09:30:12 - [MESSAGE][INFO] - Found 13 web elements with id: 'Object Repository/Filtreler/Basliklar' located by 'By.cssSelector: .control-label.col-sm-4.paddingMarginRLC' in '10' second(s)

2021-11-11 09:30:12 - [MESSAGE][INFO] - Smart Wait Function is triggered

2021-11-11 09:30:13 - [MESSAGE][PASSED] - Method.TextDegerineEsitElementinAltindakineTikla is PASSED

2021-11-11 09:30:13 - [TEST_STEP][PASSED] - Method.TextDegerineEsitElementinAltindakiTextboxtaYaz(findTestObject("Filtreler/Basliklar"), findTestObject("Filtreler/Basliga_Gore_Baslangic"), Filtre_Adi, Filtre_Degeri): Method.TextDegerineEsitElementinAltindakiTextboxtaYaz is PASSED

2021-11-11 09:30:13 - [MESSAGE][INFO] - Finding Test Object 'Object Repository/Filtreler/Basliklar'

2021-11-11 09:30:13 - [MESSAGE][INFO] - Finding Test Object 'Object Repository/Filtreler/Basliga_Gore_Baslangic'

2021-11-11 09:30:13 - [MESSAGE][INFO] - Checking timeout

2021-11-11 09:30:13 - [MESSAGE][INFO] - Finding web element with id: 'Object Repository/Filtreler/Basliklar' located by 'By.cssSelector: .control-label.col-sm-4.paddingMarginRLC' in '10' second(s)

2021-11-11 09:30:13 - [MESSAGE][INFO] - Smart Wait Function is triggered

2021-11-11 09:30:13 - [MESSAGE][INFO] - Found 13 web elements with id: 'Object Repository/Filtreler/Basliklar' located by 'By.cssSelector: .control-label.col-sm-4.paddingMarginRLC' in '10' second(s)

2021-11-11 09:30:13 - [MESSAGE][INFO] - Smart Wait Function is triggered

2021-11-11 09:30:14 - [MESSAGE][PASSED] - Method.TextDegerineEsitElementinAltindakiTextboxtaYaz is PASSED

2021-11-11 09:30:14 - [MESSAGE][PASSED] - Call Test Case 'Test Cases/Filtreler/BaslangicYaz' successfully

2021-11-11 09:30:14 - [MESSAGE][INFO] - Checking called Test Case

2021-11-11 09:30:14 - [MESSAGE][INFO] - Starting to call Test Case 'Test Cases/Filtreler/BitisYaz'

2021-11-11 09:30:14 - [TEST_CASE][PASSED] - Test Cases/Filtreler/BitisYaz: Test Cases/Filtreler/BitisYaz

2021-11-11 09:30:14 - [TEST_STEP][PASSED] - Method.TextDegerineEsitElementinAltindakineTikla(findTestObject("Filtreler/Basliklar"), findTestObject("Filtreler/Basliga_Gore_Bitis_Image"), Filtre_Adi): Method.TextDegerineEsitElementinAltindakineTikla is PASSED

2021-11-11 09:30:14 - [MESSAGE][INFO] - Finding Test Object 'Object Repository/Filtreler/Basliklar'

2021-11-11 09:30:14 - [MESSAGE][INFO] - Finding Test Object 'Object Repository/Filtreler/Basliga_Gore_Bitis_Image'

2021-11-11 09:30:14 - [MESSAGE][INFO] - Checking timeout

2021-11-11 09:30:14 - [MESSAGE][INFO] - Finding web element with id: 'Object Repository/Filtreler/Basliklar' located by 'By.cssSelector: .control-label.col-sm-4.paddingMarginRLC' in '10' second(s)

2021-11-11 09:30:14 - [MESSAGE][INFO] - Smart Wait Function is triggered

2021-11-11 09:30:14 - [MESSAGE][INFO] - Found 13 web elements with id: 'Object Repository/Filtreler/Basliklar' located by 'By.cssSelector: .control-label.col-sm-4.paddingMarginRLC' in '10' second(s)

2021-11-11 09:30:14 - [MESSAGE][INFO] - Smart Wait Function is triggered

2021-11-11 09:30:15 - [MESSAGE][PASSED] - Method.TextDegerineEsitElementinAltindakineTikla is PASSED

2021-11-11 09:30:15 - [TEST_STEP][PASSED] - Method.TextDegerineEsitElementinAltindakiTextboxtaYaz(findTestObject("Filtreler/Basliklar"), findTestObject("Object Repository/Filtreler/Basliga_Gore_Bitis"), Filtre_Adi, Filtre_Degeri): Method.TextDegerineEsitElementinAltindakiTextboxtaYaz is PASSED

2021-11-11 09:30:15 - [MESSAGE][INFO] - Finding Test Object 'Object Repository/Filtreler/Basliklar'

2021-11-11 09:30:15 - [MESSAGE][INFO] - Finding Test Object 'Object Repository/Filtreler/Basliga_Gore_Bitis'

2021-11-11 09:30:15 - [MESSAGE][INFO] - Checking timeout

2021-11-11 09:30:15 - [MESSAGE][INFO] - Finding web element with id: 'Object Repository/Filtreler/Basliklar' located by 'By.cssSelector: .control-label.col-sm-4.paddingMarginRLC' in '10' second(s)

2021-11-11 09:30:15 - [MESSAGE][INFO] - Smart Wait Function is triggered

2021-11-11 09:30:15 - [MESSAGE][INFO] - Found 13 web elements with id: 'Object Repository/Filtreler/Basliklar' located by 'By.cssSelector: .control-label.col-sm-4.paddingMarginRLC' in '10' second(s)

2021-11-11 09:30:15 - [MESSAGE][INFO] - Smart Wait Function is triggered

2021-11-11 09:30:16 - [MESSAGE][PASSED] - Method.TextDegerineEsitElementinAltindakiTextboxtaYaz is PASSED

2021-11-11 09:30:16 - [MESSAGE][PASSED] - Call Test Case 'Test Cases/Filtreler/BitisYaz' successfully

2021-11-11 09:30:16 - [MESSAGE][INFO] - Checking called Test Case

2021-11-11 09:30:16 - [MESSAGE][INFO] - Starting to call Test Case 'Test Cases/Filtreler/TexboxaYaz'

2021-11-11 09:30:16 - [TEST_CASE][PASSED] - Test Cases/Filtreler/TexboxaYaz: Test Cases/Filtreler/TexboxaYaz

2021-11-11 09:30:16 - [TEST_STEP][PASSED] - Method.TextDegerineEsitElementinAltindakiTextboxtaYaz(findTestObject("Filtreler/Basliklar"), findTestObject("Filtreler/Basliga_Gore_Textbox"), Filtre_Adi, Filtre_Degeri): Method.TextDegerineEsitElementinAltindakiTextboxtaYaz is PASSED

2021-11-11 09:30:16 - [MESSAGE][INFO] - Finding Test Object 'Object Repository/Filtreler/Basliklar'

2021-11-11 09:30:16 - [MESSAGE][INFO] - Finding Test Object 'Object Repository/Filtreler/Basliga_Gore_Textbox'

2021-11-11 09:30:16 - [MESSAGE][INFO] - Checking timeout

2021-11-11 09:30:16 - [MESSAGE][INFO] - Finding web element with id: 'Object Repository/Filtreler/Basliklar' located by 'By.cssSelector: .control-label.col-sm-4.paddingMarginRLC' in '10' second(s)

2021-11-11 09:30:16 - [MESSAGE][INFO] - Smart Wait Function is triggered

2021-11-11 09:30:16 - [MESSAGE][INFO] - Found 13 web elements with id: 'Object Repository/Filtreler/Basliklar' located by 'By.cssSelector: .control-label.col-sm-4.paddingMarginRLC' in '10' second(s)

2021-11-11 09:30:16 - [MESSAGE][INFO] - Smart Wait Function is triggered

2021-11-11 09:30:17 - [MESSAGE][PASSED] - Method.TextDegerineEsitElementinAltindakiTextboxtaYaz is PASSED

2021-11-11 09:30:17 - [MESSAGE][PASSED] - Call Test Case 'Test Cases/Filtreler/TexboxaYaz' successfully

2021-11-11 09:30:17 - [MESSAGE][INFO] - Checking called Test Case

2021-11-11 09:30:17 - [MESSAGE][INFO] - Starting to call Test Case 'Test Cases/Filtreler/ButonaTikla'

2021-11-11 09:30:17 - [TEST_CASE][PASSED] - Test Cases/Filtreler/ButonaTikla: Test Cases/Filtreler/ButonaTikla

2021-11-11 09:30:17 - [TEST_STEP][PASSED] - Method.TextDegerineEsitElementeTikla(findTestObject("Filtreler/Butonlar"), Filtre_Buton): Method.TextDegerineEsitElementeTikla is PASSED

2021-11-11 09:30:17 - [MESSAGE][INFO] - Finding Test Object 'Object Repository/Filtreler/Butonlar'

2021-11-11 09:30:17 - [MESSAGE][INFO] - Checking timeout

2021-11-11 09:30:17 - [MESSAGE][INFO] - Finding web element with id: 'Object Repository/Filtreler/Butonlar' located by 'By.cssSelector: .dxb>span' in '10' second(s)

2021-11-11 09:30:17 - [MESSAGE][INFO] - Smart Wait Function is triggered

2021-11-11 09:30:17 - [MESSAGE][INFO] - Found 3 web elements with id: 'Object Repository/Filtreler/Butonlar' located by 'By.cssSelector: .dxb>span' in '10' second(s)

2021-11-11 09:30:17 - [MESSAGE][PASSED] - Method.TextDegerineEsitElementeTikla is PASSED

2021-11-11 09:30:17 - [MESSAGE][PASSED] - Call Test Case 'Test Cases/Filtreler/ButonaTikla' successfully

2021-11-11 09:30:17 - [MESSAGE][INFO] - Checking called Test Case

2021-11-11 09:30:17 - [MESSAGE][INFO] - Starting to call Test Case 'Test Cases/Tablo/TablodaVeriVarMi'

2021-11-11 09:30:18 - [TEST_CASE][PASSED] - Test Cases/Tablo/TablodaVeriVarMi: Test Cases/Tablo/TablodaVeriVarMi

2021-11-11 09:30:18 - [TEST_STEP][PASSED] - verifyTextNotPresent("Görüntülenecek veri yok", true): Text 'Görüntülenecek veri yok' is not present on page using regular expression

2021-11-11 09:30:18 - [MESSAGE][INFO] - Checking text present  using regular expression

2021-11-11 09:30:18 - [MESSAGE][INFO] - Smart Wait Function is triggered

2021-11-11 09:30:18 - [MESSAGE][INFO] - Finding text 'Görüntülenecek veri yok' on page  using regular expression

2021-11-11 09:30:18 - [MESSAGE][PASSED] - Text 'Görüntülenecek veri yok' is not present on page using regular expression

2021-11-11 09:30:18 - [MESSAGE][PASSED] - Call Test Case 'Test Cases/Tablo/TablodaVeriVarMi' successfully

2021-11-11 09:30:18 - [MESSAGE][INFO] - Checking called Test Case

2021-11-11 09:30:18 - [MESSAGE][INFO] - Starting to call Test Case 'Test Cases/Tablo/TablodanVeriSec'

2021-11-11 09:30:18 - [TEST_CASE][PASSED] - Test Cases/Tablo/TablodanVeriSec: Test Cases/Tablo/TablodanVeriSec

2021-11-11 09:30:18 - [TEST_STEP][PASSED] - Method.TextDegerineEsitElementinAltindakineTikla(findTestObject("Tablo/Veriler"), findTestObject("Tablo/VerininCheckBoxi"), Veri_Adi): Method.TextDegerineEsitElementinAltindakineTikla is PASSED

2021-11-11 09:30:18 - [MESSAGE][INFO] - Finding Test Object 'Object Repository/Tablo/Veriler'

2021-11-11 09:30:19 - [MESSAGE][INFO] - Finding Test Object 'Object Repository/Tablo/VerininCheckBoxi'

2021-11-11 09:30:19 - [MESSAGE][INFO] - Checking timeout

2021-11-11 09:30:19 - [MESSAGE][INFO] - Finding web element with id: 'Object Repository/Tablo/Veriler' located by 'By.cssSelector: td.dxgv b ,td.dxgv' in '10' second(s)

2021-11-11 09:30:19 - [MESSAGE][INFO] - Smart Wait Function is triggered

2021-11-11 09:30:19 - [MESSAGE][INFO] - Found 26 web elements with id: 'Object Repository/Tablo/Veriler' located by 'By.cssSelector: td.dxgv b ,td.dxgv' in '10' second(s)

2021-11-11 09:30:19 - [MESSAGE][INFO] - Smart Wait Function is triggered

2021-11-11 09:30:19 - [MESSAGE][PASSED] - Method.TextDegerineEsitElementinAltindakineTikla is PASSED

2021-11-11 09:30:19 - [MESSAGE][PASSED] - Call Test Case 'Test Cases/Tablo/TablodanVeriSec' successfully

2021-11-11 09:30:19 - [MESSAGE][INFO] - Checking called Test Case

2021-11-11 09:30:19 - [MESSAGE][INFO] - Starting to call Test Case 'Test Cases/Butonlar/ButonaTikla'

2021-11-11 09:30:19 - [TEST_CASE][PASSED] - Test Cases/Butonlar/ButonaTikla: Test Cases/Butonlar/ButonaTikla

2021-11-11 09:30:19 - [TEST_STEP][PASSED] - Method.TextDegerineEsitElementeTiklaEquals(findTestObject("Butonlar/Butonlar"), Buton_Adi): Method.TextDegerineEsitElementeTiklaEquals is PASSED

2021-11-11 09:30:19 - [MESSAGE][INFO] - Finding Test Object 'Object Repository/Butonlar/Butonlar'

2021-11-11 09:30:19 - [MESSAGE][INFO] - Checking timeout

2021-11-11 09:30:19 - [MESSAGE][INFO] - Finding web element with id: 'Object Repository/Butonlar/Butonlar' located by 'By.cssSelector: .panel.panel-default.text-center.footerPanel .btn,.btn.btn-primary.btnControls' in '10' second(s)

2021-11-11 09:30:19 - [MESSAGE][INFO] - Smart Wait Function is triggered

2021-11-11 09:30:20 - [MESSAGE][INFO] - Found 7 web elements with id: 'Object Repository/Butonlar/Butonlar' located by 'By.cssSelector: .panel.panel-default.text-center.footerPanel .btn,.btn.btn-primary.btnControls' in '10' second(s)

2021-11-11 09:30:20 - [MESSAGE][PASSED] - Method.TextDegerineEsitElementeTiklaEquals is PASSED

2021-11-11 09:30:20 - [MESSAGE][PASSED] - Call Test Case 'Test Cases/Butonlar/ButonaTikla' successfully

2021-11-11 09:30:20 - [MESSAGE][INFO] - Checking called Test Case

2021-11-11 09:30:20 - [MESSAGE][INFO] - Starting to call Test Case 'Test Cases/Butonlar/AltButonaTikla'

2021-11-11 09:30:20 - [TEST_CASE][PASSED] - Test Cases/Butonlar/AltButonaTikla: Test Cases/Butonlar/AltButonaTikla

2021-11-11 09:30:20 - [TEST_STEP][PASSED] - Method.TextDegerineEsitElementeTikla(findTestObject("Butonlar/AltButonlar"), Alt_Buton): Method.TextDegerineEsitElementeTikla is PASSED

2021-11-11 09:30:20 - [MESSAGE][INFO] - Finding Test Object 'Object Repository/Butonlar/AltButonlar'

2021-11-11 09:30:20 - [MESSAGE][INFO] - Checking timeout

2021-11-11 09:30:20 - [MESSAGE][INFO] - Finding web element with id: 'Object Repository/Butonlar/AltButonlar' located by 'By.cssSelector: .btn-group.open li>a' in '10' second(s)

2021-11-11 09:30:20 - [MESSAGE][INFO] - Smart Wait Function is triggered

2021-11-11 09:30:20 - [MESSAGE][INFO] - Found 2 web elements with id: 'Object Repository/Butonlar/AltButonlar' located by 'By.cssSelector: .btn-group.open li>a' in '10' second(s)

2021-11-11 09:30:20 - [MESSAGE][PASSED] - Method.TextDegerineEsitElementeTikla is PASSED

2021-11-11 09:30:20 - [MESSAGE][PASSED] - Call Test Case 'Test Cases/Butonlar/AltButonaTikla' successfully

2021-11-11 09:30:20 - [MESSAGE][INFO] - Checking called Test Case

2021-11-11 09:30:20 - [MESSAGE][INFO] - Starting to call Test Case 'Test Cases/Popup/PopupMesajiIceriyorMu'

2021-11-11 09:30:20 - [TEST_CASE][PASSED] - Test Cases/Popup/PopupMesajiIceriyorMu: Test Cases/Popup/PopupMesajiIceriyorMu

2021-11-11 09:30:20 - [TEST_STEP][PASSED] - waitForElementVisible(findTestObject("Popup/Popup"), 10): Object 'Object Repository/Popup/Popup' is visible

2021-11-11 09:30:20 - [MESSAGE][INFO] - Finding Test Object 'Object Repository/Popup/Popup'

2021-11-11 09:30:21 - [MESSAGE][INFO] - Checking object

2021-11-11 09:30:21 - [MESSAGE][INFO] - Checking timeout

2021-11-11 09:30:21 - [MESSAGE][INFO] - Finding web element from Test Object's properties

2021-11-11 09:30:21 - [MESSAGE][INFO] - Checking timeout

2021-11-11 09:30:21 - [MESSAGE][INFO] - Finding web element with id: 'Object Repository/Popup/Popup' located by 'By.cssSelector: .bootbox-body' in '10' second(s)

2021-11-11 09:30:21 - [MESSAGE][INFO] - Smart Wait Function is triggered

2021-11-11 09:30:21 - [MESSAGE][INFO] - Found 1 web elements with id: 'Object Repository/Popup/Popup' located by 'By.cssSelector: .bootbox-body' in '10' second(s)

2021-11-11 09:30:21 - [MESSAGE][PASSED] - Object 'Object Repository/Popup/Popup' is visible

2021-11-11 09:30:21 - [TEST_STEP][PASSED] - if (!(getText(findTestObject("Popup/Popup")).contains(Mesaj))): Text of object 'Object Repository/Popup/Popup' is: 'Lütfen rapor bildiriminin gönderileceği e-posta adresini belirtiniz.
e-Posta Adresi'

2021-11-11 09:30:21 - [MESSAGE][INFO] - Finding Test Object 'Object Repository/Popup/Popup'

2021-11-11 09:30:21 - [MESSAGE][INFO] - Checking object

2021-11-11 09:30:21 - [MESSAGE][INFO] - Finding web element from Test Object's properties

2021-11-11 09:30:21 - [MESSAGE][INFO] - Checking timeout

2021-11-11 09:30:21 - [MESSAGE][INFO] - Finding web element with id: 'Object Repository/Popup/Popup' located by 'By.cssSelector: .bootbox-body' in '30' second(s)

2021-11-11 09:30:21 - [MESSAGE][INFO] - Smart Wait Function is triggered

2021-11-11 09:30:22 - [MESSAGE][INFO] - Found 1 web elements with id: 'Object Repository/Popup/Popup' located by 'By.cssSelector: .bootbox-body' in '30' second(s)

2021-11-11 09:30:22 - [MESSAGE][INFO] - Getting text of object 'Object Repository/Popup/Popup'

2021-11-11 09:30:22 - [MESSAGE][PASSED] - Text of object 'Object Repository/Popup/Popup' is: 'Lütfen rapor bildiriminin gönderileceği e-posta adresini belirtiniz.
e-Posta Adresi'

2021-11-11 09:30:22 - [TEST_STEP][PASSED] - RaporNo = getText(findTestObject("Popup/Popup")).substring(0, 6): Text of object 'Object Repository/Popup/Popup' is: 'Lütfen rapor bildiriminin gönderileceği e-posta adresini belirtiniz.
e-Posta Adresi'

2021-11-11 09:30:22 - [MESSAGE][INFO] - Finding Test Object 'Object Repository/Popup/Popup'

2021-11-11 09:30:22 - [MESSAGE][INFO] - Checking object

2021-11-11 09:30:22 - [MESSAGE][INFO] - Finding web element from Test Object's properties

2021-11-11 09:30:22 - [MESSAGE][INFO] - Checking timeout

2021-11-11 09:30:22 - [MESSAGE][INFO] - Finding web element with id: 'Object Repository/Popup/Popup' located by 'By.cssSelector: .bootbox-body' in '30' second(s)

2021-11-11 09:30:22 - [MESSAGE][INFO] - Smart Wait Function is triggered

2021-11-11 09:30:22 - [MESSAGE][INFO] - Found 1 web elements with id: 'Object Repository/Popup/Popup' located by 'By.cssSelector: .bootbox-body' in '30' second(s)

2021-11-11 09:30:22 - [MESSAGE][INFO] - Getting text of object 'Object Repository/Popup/Popup'

2021-11-11 09:30:22 - [MESSAGE][PASSED] - Text of object 'Object Repository/Popup/Popup' is: 'Lütfen rapor bildiriminin gönderileceği e-posta adresini belirtiniz.
e-Posta Adresi'

2021-11-11 09:30:22 - [TEST_STEP][PASSED] - Console.println(RaporNo): null

2021-11-11 09:30:22 - [MESSAGE][PASSED] - Call Test Case 'Test Cases/Popup/PopupMesajiIceriyorMu' successfully

2021-11-11 09:30:22 - [MESSAGE][INFO] - Checking called Test Case

2021-11-11 09:30:22 - [MESSAGE][INFO] - Starting to call Test Case 'Test Cases/Popup/PopupaEmailEklenir'

2021-11-11 09:30:22 - [TEST_CASE][PASSED] - Test Cases/Popup/PopupaEmailEklenir: Test Cases/Popup/PopupaEmailEklenir

2021-11-11 09:30:22 - [TEST_STEP][PASSED] - clearText(findTestObject("Popup/EmailText")): Text of object 'Object Repository/Popup/EmailText' is cleared

2021-11-11 09:30:22 - [MESSAGE][INFO] - Finding Test Object 'Object Repository/Popup/EmailText'

2021-11-11 09:30:22 - [MESSAGE][INFO] - Checking object

2021-11-11 09:30:22 - [MESSAGE][INFO] - Finding web element from Test Object's properties

2021-11-11 09:30:22 - [MESSAGE][INFO] - Checking timeout

2021-11-11 09:30:22 - [MESSAGE][INFO] - Finding web element with id: 'Object Repository/Popup/EmailText' located by 'By.xpath: //*[@id="eMails"]' in '30' second(s)

2021-11-11 09:30:22 - [MESSAGE][INFO] - Smart Wait Function is triggered

2021-11-11 09:30:23 - [MESSAGE][INFO] - Found 1 web elements with id: 'Object Repository/Popup/EmailText' located by 'By.xpath: //*[@id="eMails"]' in '30' second(s)

2021-11-11 09:30:23 - [MESSAGE][INFO] - Clearing text of object 'Object Repository/Popup/EmailText'

2021-11-11 09:30:23 - [MESSAGE][PASSED] - Text of object 'Object Repository/Popup/EmailText' is cleared

2021-11-11 09:30:23 - [TEST_STEP][PASSED] - sendKeys(findTestObject("Popup/EmailText"), Email): Keys 'elogotest@gmail.com;ali.kara@logo.com.tr' sent to object: 'Object Repository/Popup/EmailText'

2021-11-11 09:30:23 - [MESSAGE][INFO] - Finding Test Object 'Object Repository/Popup/EmailText'

2021-11-11 09:30:23 - [MESSAGE][INFO] - Sending keys 'elogotest@gmail.com;ali.kara@logo.com.tr' to object: 'Object Repository/Popup/EmailText'

2021-11-11 09:30:23 - [MESSAGE][INFO] - Finding web element from Test Object's properties

2021-11-11 09:30:23 - [MESSAGE][INFO] - Checking timeout

2021-11-11 09:30:23 - [MESSAGE][INFO] - Finding web element with id: 'Object Repository/Popup/EmailText' located by 'By.xpath: //*[@id="eMails"]' in '30' second(s)

2021-11-11 09:30:23 - [MESSAGE][INFO] - Smart Wait Function is triggered

2021-11-11 09:30:23 - [MESSAGE][INFO] - Found 1 web elements with id: 'Object Repository/Popup/EmailText' located by 'By.xpath: //*[@id="eMails"]' in '30' second(s)

2021-11-11 09:30:24 - [MESSAGE][PASSED] - Keys 'elogotest@gmail.com;ali.kara@logo.com.tr' sent to object: 'Object Repository/Popup/EmailText'

2021-11-11 09:30:24 - [MESSAGE][PASSED] - Call Test Case 'Test Cases/Popup/PopupaEmailEklenir' successfully

2021-11-11 09:30:24 - [MESSAGE][INFO] - Checking called Test Case

2021-11-11 09:30:24 - [MESSAGE][INFO] - Starting to call Test Case 'Test Cases/Popup/PopupButonSecilir'

2021-11-11 09:30:24 - [TEST_CASE][PASSED] - Test Cases/Popup/PopupButonSecilir: Test Cases/Popup/PopupButonSecilir

2021-11-11 09:30:24 - [TEST_STEP][PASSED] - Method.TextDegerineEsitElementeTikla(findTestObject("Popup/Popup_Butons"), Buton): Method.TextDegerineEsitElementeTikla is PASSED

2021-11-11 09:30:24 - [MESSAGE][INFO] - Finding Test Object 'Object Repository/Popup/Popup_Butons'

2021-11-11 09:30:24 - [MESSAGE][INFO] - Checking timeout

2021-11-11 09:30:24 - [MESSAGE][INFO] - Finding web element with id: 'Object Repository/Popup/Popup_Butons' located by 'By.cssSelector: .modal-footer>button' in '10' second(s)

2021-11-11 09:30:24 - [MESSAGE][INFO] - Smart Wait Function is triggered

2021-11-11 09:30:24 - [MESSAGE][INFO] - Found 2 web elements with id: 'Object Repository/Popup/Popup_Butons' located by 'By.cssSelector: .modal-footer>button' in '10' second(s)

2021-11-11 09:30:24 - [MESSAGE][PASSED] - Method.TextDegerineEsitElementeTikla is PASSED

2021-11-11 09:30:24 - [MESSAGE][PASSED] - Call Test Case 'Test Cases/Popup/PopupButonSecilir' successfully

2021-11-11 09:30:24 - [MESSAGE][INFO] - Checking called Test Case

2021-11-11 09:30:24 - [MESSAGE][INFO] - Starting to call Test Case 'Test Cases/Popup/PopupMesajiIceriyorMu'

2021-11-11 09:30:24 - [TEST_CASE][PASSED] - Test Cases/Popup/PopupMesajiIceriyorMu: Test Cases/Popup/PopupMesajiIceriyorMu

2021-11-11 09:30:24 - [TEST_STEP][PASSED] - waitForElementVisible(findTestObject("Popup/Popup"), 10): Object 'Object Repository/Popup/Popup' is visible

2021-11-11 09:30:24 - [MESSAGE][INFO] - Finding Test Object 'Object Repository/Popup/Popup'

2021-11-11 09:30:24 - [MESSAGE][INFO] - Checking object

2021-11-11 09:30:24 - [MESSAGE][INFO] - Checking timeout

2021-11-11 09:30:24 - [MESSAGE][INFO] - Finding web element from Test Object's properties

2021-11-11 09:30:24 - [MESSAGE][INFO] - Checking timeout

2021-11-11 09:30:24 - [MESSAGE][INFO] - Finding web element with id: 'Object Repository/Popup/Popup' located by 'By.cssSelector: .bootbox-body' in '10' second(s)

2021-11-11 09:30:24 - [MESSAGE][INFO] - Smart Wait Function is triggered

2021-11-11 09:30:25 - [MESSAGE][INFO] - Found 1 web elements with id: 'Object Repository/Popup/Popup' located by 'By.cssSelector: .bootbox-body' in '10' second(s)

2021-11-11 09:30:25 - [MESSAGE][PASSED] - Object 'Object Repository/Popup/Popup' is visible

2021-11-11 09:30:25 - [TEST_STEP][PASSED] - if (!(getText(findTestObject("Popup/Popup")).contains(Mesaj))): Text of object 'Object Repository/Popup/Popup' is: '16237 no’lu talebiniz işleme alınmıştır. Raporunuz hazırlandığında (elogotest@gmail.com;ali.kara@logo.com.tr) adresinize mail gönderilecektir.
Rapor durumunuzu Raporlar > Toplu Veri İndirme ekranından takip edebilir, hazırlandı durumundaki raporlarınızı ilgili menüden indirebilirsiniz.'

2021-11-11 09:30:25 - [MESSAGE][INFO] - Finding Test Object 'Object Repository/Popup/Popup'

2021-11-11 09:30:25 - [MESSAGE][INFO] - Checking object

2021-11-11 09:30:25 - [MESSAGE][INFO] - Finding web element from Test Object's properties

2021-11-11 09:30:25 - [MESSAGE][INFO] - Checking timeout

2021-11-11 09:30:25 - [MESSAGE][INFO] - Finding web element with id: 'Object Repository/Popup/Popup' located by 'By.cssSelector: .bootbox-body' in '30' second(s)

2021-11-11 09:30:25 - [MESSAGE][INFO] - Smart Wait Function is triggered

2021-11-11 09:30:25 - [MESSAGE][INFO] - Found 1 web elements with id: 'Object Repository/Popup/Popup' located by 'By.cssSelector: .bootbox-body' in '30' second(s)

2021-11-11 09:30:25 - [MESSAGE][INFO] - Getting text of object 'Object Repository/Popup/Popup'

2021-11-11 09:30:25 - [MESSAGE][PASSED] - Text of object 'Object Repository/Popup/Popup' is: '16237 no’lu talebiniz işleme alınmıştır. Raporunuz hazırlandığında (elogotest@gmail.com;ali.kara@logo.com.tr) adresinize mail gönderilecektir.
Rapor durumunuzu Raporlar > Toplu Veri İndirme ekranından takip edebilir, hazırlandı durumundaki raporlarınızı ilgili menüden indirebilirsiniz.'

2021-11-11 09:30:25 - [TEST_STEP][PASSED] - RaporNo = getText(findTestObject("Popup/Popup")).substring(0, 6): Text of object 'Object Repository/Popup/Popup' is: '16237 no’lu talebiniz işleme alınmıştır. Raporunuz hazırlandığında (elogotest@gmail.com;ali.kara@logo.com.tr) adresinize mail gönderilecektir.
Rapor durumunuzu Raporlar > Toplu Veri İndirme ekranından takip edebilir, hazırlandı durumundaki raporlarınızı ilgili menüden indirebilirsiniz.'

2021-11-11 09:30:25 - [MESSAGE][INFO] - Finding Test Object 'Object Repository/Popup/Popup'

2021-11-11 09:30:25 - [MESSAGE][INFO] - Checking object

2021-11-11 09:30:25 - [MESSAGE][INFO] - Finding web element from Test Object's properties

2021-11-11 09:30:25 - [MESSAGE][INFO] - Checking timeout

2021-11-11 09:30:25 - [MESSAGE][INFO] - Finding web element with id: 'Object Repository/Popup/Popup' located by 'By.cssSelector: .bootbox-body' in '30' second(s)

2021-11-11 09:30:25 - [MESSAGE][INFO] - Smart Wait Function is triggered

2021-11-11 09:30:26 - [MESSAGE][INFO] - Found 1 web elements with id: 'Object Repository/Popup/Popup' located by 'By.cssSelector: .bootbox-body' in '30' second(s)

2021-11-11 09:30:26 - [MESSAGE][INFO] - Getting text of object 'Object Repository/Popup/Popup'

2021-11-11 09:30:26 - [MESSAGE][PASSED] - Text of object 'Object Repository/Popup/Popup' is: '16237 no’lu talebiniz işleme alınmıştır. Raporunuz hazırlandığında (elogotest@gmail.com;ali.kara@logo.com.tr) adresinize mail gönderilecektir.
Rapor durumunuzu Raporlar > Toplu Veri İndirme ekranından takip edebilir, hazırlandı durumundaki raporlarınızı ilgili menüden indirebilirsiniz.'

2021-11-11 09:30:26 - [TEST_STEP][PASSED] - Console.println(RaporNo): null

2021-11-11 09:30:26 - [MESSAGE][PASSED] - Call Test Case 'Test Cases/Popup/PopupMesajiIceriyorMu' successfully

2021-11-11 09:30:26 - [MESSAGE][INFO] - Checking called Test Case

2021-11-11 09:30:26 - [MESSAGE][INFO] - Starting to call Test Case 'Test Cases/Popup/PopupButonSecilir'

2021-11-11 09:30:26 - [TEST_CASE][PASSED] - Test Cases/Popup/PopupButonSecilir: Test Cases/Popup/PopupButonSecilir

2021-11-11 09:30:26 - [TEST_STEP][PASSED] - Method.TextDegerineEsitElementeTikla(findTestObject("Popup/Popup_Butons"), Buton): Method.TextDegerineEsitElementeTikla is PASSED

2021-11-11 09:30:26 - [MESSAGE][INFO] - Finding Test Object 'Object Repository/Popup/Popup_Butons'

2021-11-11 09:30:26 - [MESSAGE][INFO] - Checking timeout

2021-11-11 09:30:26 - [MESSAGE][INFO] - Finding web element with id: 'Object Repository/Popup/Popup_Butons' located by 'By.cssSelector: .modal-footer>button' in '10' second(s)

2021-11-11 09:30:26 - [MESSAGE][INFO] - Smart Wait Function is triggered

2021-11-11 09:30:26 - [MESSAGE][INFO] - Found 1 web elements with id: 'Object Repository/Popup/Popup_Butons' located by 'By.cssSelector: .modal-footer>button' in '10' second(s)

2021-11-11 09:30:26 - [MESSAGE][PASSED] - Method.TextDegerineEsitElementeTikla is PASSED

2021-11-11 09:30:26 - [MESSAGE][PASSED] - Call Test Case 'Test Cases/Popup/PopupButonSecilir' successfully

2021-11-11 09:30:26 - [MESSAGE][INFO] - Checking called Test Case

2021-11-11 09:30:26 - [MESSAGE][INFO] - Starting to call Test Case 'Test Cases/Butonlar/ButonaTikla'

2021-11-11 09:30:26 - [TEST_CASE][PASSED] - Test Cases/Butonlar/ButonaTikla: Test Cases/Butonlar/ButonaTikla

2021-11-11 09:30:26 - [TEST_STEP][PASSED] - Method.TextDegerineEsitElementeTiklaEquals(findTestObject("Butonlar/Butonlar"), Buton_Adi): Method.TextDegerineEsitElementeTiklaEquals is PASSED

2021-11-11 09:30:26 - [MESSAGE][INFO] - Finding Test Object 'Object Repository/Butonlar/Butonlar'

2021-11-11 09:30:26 - [MESSAGE][INFO] - Checking timeout

2021-11-11 09:30:26 - [MESSAGE][INFO] - Finding web element with id: 'Object Repository/Butonlar/Butonlar' located by 'By.cssSelector: .panel.panel-default.text-center.footerPanel .btn,.btn.btn-primary.btnControls' in '10' second(s)

2021-11-11 09:30:26 - [MESSAGE][INFO] - Smart Wait Function is triggered

2021-11-11 09:30:27 - [MESSAGE][INFO] - Found 7 web elements with id: 'Object Repository/Butonlar/Butonlar' located by 'By.cssSelector: .panel.panel-default.text-center.footerPanel .btn,.btn.btn-primary.btnControls' in '10' second(s)

2021-11-11 09:30:27 - [MESSAGE][PASSED] - Method.TextDegerineEsitElementeTiklaEquals is PASSED

2021-11-11 09:30:27 - [MESSAGE][PASSED] - Call Test Case 'Test Cases/Butonlar/ButonaTikla' successfully

2021-11-11 09:30:27 - [MESSAGE][INFO] - Checking called Test Case

2021-11-11 09:30:27 - [MESSAGE][INFO] - Starting to call Test Case 'Test Cases/Butonlar/AltButonaTikla'

2021-11-11 09:30:27 - [TEST_CASE][PASSED] - Test Cases/Butonlar/AltButonaTikla: Test Cases/Butonlar/AltButonaTikla

2021-11-11 09:30:27 - [TEST_STEP][PASSED] - Method.TextDegerineEsitElementeTikla(findTestObject("Butonlar/AltButonlar"), Alt_Buton): Method.TextDegerineEsitElementeTikla is PASSED

2021-11-11 09:30:27 - [MESSAGE][INFO] - Finding Test Object 'Object Repository/Butonlar/AltButonlar'

2021-11-11 09:30:27 - [MESSAGE][INFO] - Checking timeout

2021-11-11 09:30:27 - [MESSAGE][INFO] - Finding web element with id: 'Object Repository/Butonlar/AltButonlar' located by 'By.cssSelector: .btn-group.open li>a' in '10' second(s)

2021-11-11 09:30:27 - [MESSAGE][INFO] - Smart Wait Function is triggered

2021-11-11 09:30:27 - [MESSAGE][INFO] - Found 2 web elements with id: 'Object Repository/Butonlar/AltButonlar' located by 'By.cssSelector: .btn-group.open li>a' in '10' second(s)

2021-11-11 09:30:28 - [MESSAGE][PASSED] - Method.TextDegerineEsitElementeTikla is PASSED

2021-11-11 09:30:28 - [MESSAGE][PASSED] - Call Test Case 'Test Cases/Butonlar/AltButonaTikla' successfully

2021-11-11 09:30:28 - [MESSAGE][INFO] - Checking called Test Case

2021-11-11 09:30:28 - [MESSAGE][INFO] - Starting to call Test Case 'Test Cases/Popup/PopupMesajiIceriyorMu'

2021-11-11 09:30:28 - [TEST_CASE][PASSED] - Test Cases/Popup/PopupMesajiIceriyorMu: Test Cases/Popup/PopupMesajiIceriyorMu

2021-11-11 09:30:28 - [TEST_STEP][PASSED] - waitForElementVisible(findTestObject("Popup/Popup"), 10): Object 'Object Repository/Popup/Popup' is visible

2021-11-11 09:30:28 - [MESSAGE][INFO] - Finding Test Object 'Object Repository/Popup/Popup'

2021-11-11 09:30:28 - [MESSAGE][INFO] - Checking object

2021-11-11 09:30:28 - [MESSAGE][INFO] - Checking timeout

2021-11-11 09:30:28 - [MESSAGE][INFO] - Finding web element from Test Object's properties

2021-11-11 09:30:28 - [MESSAGE][INFO] - Checking timeout

2021-11-11 09:30:28 - [MESSAGE][INFO] - Finding web element with id: 'Object Repository/Popup/Popup' located by 'By.cssSelector: .bootbox-body' in '10' second(s)

2021-11-11 09:30:28 - [MESSAGE][INFO] - Smart Wait Function is triggered

2021-11-11 09:30:28 - [MESSAGE][INFO] - Found 1 web elements with id: 'Object Repository/Popup/Popup' located by 'By.cssSelector: .bootbox-body' in '10' second(s)

2021-11-11 09:30:28 - [MESSAGE][PASSED] - Object 'Object Repository/Popup/Popup' is visible

2021-11-11 09:30:28 - [TEST_STEP][PASSED] - if (!(getText(findTestObject("Popup/Popup")).contains(Mesaj))): Text of object 'Object Repository/Popup/Popup' is: 'Lütfen rapor bildiriminin gönderileceği e-posta adresini belirtiniz.
e-Posta Adresi'

2021-11-11 09:30:28 - [MESSAGE][INFO] - Finding Test Object 'Object Repository/Popup/Popup'

2021-11-11 09:30:28 - [MESSAGE][INFO] - Checking object

2021-11-11 09:30:28 - [MESSAGE][INFO] - Finding web element from Test Object's properties

2021-11-11 09:30:28 - [MESSAGE][INFO] - Checking timeout

2021-11-11 09:30:28 - [MESSAGE][INFO] - Finding web element with id: 'Object Repository/Popup/Popup' located by 'By.cssSelector: .bootbox-body' in '30' second(s)

2021-11-11 09:30:28 - [MESSAGE][INFO] - Smart Wait Function is triggered

2021-11-11 09:30:29 - [MESSAGE][INFO] - Found 1 web elements with id: 'Object Repository/Popup/Popup' located by 'By.cssSelector: .bootbox-body' in '30' second(s)

2021-11-11 09:30:29 - [MESSAGE][INFO] - Getting text of object 'Object Repository/Popup/Popup'

2021-11-11 09:30:29 - [MESSAGE][PASSED] - Text of object 'Object Repository/Popup/Popup' is: 'Lütfen rapor bildiriminin gönderileceği e-posta adresini belirtiniz.
e-Posta Adresi'

2021-11-11 09:30:29 - [TEST_STEP][PASSED] - RaporNo = getText(findTestObject("Popup/Popup")).substring(0, 6): Text of object 'Object Repository/Popup/Popup' is: 'Lütfen rapor bildiriminin gönderileceği e-posta adresini belirtiniz.
e-Posta Adresi'

2021-11-11 09:30:29 - [MESSAGE][INFO] - Finding Test Object 'Object Repository/Popup/Popup'

2021-11-11 09:30:29 - [MESSAGE][INFO] - Checking object

2021-11-11 09:30:29 - [MESSAGE][INFO] - Finding web element from Test Object's properties

2021-11-11 09:30:29 - [MESSAGE][INFO] - Checking timeout

2021-11-11 09:30:29 - [MESSAGE][INFO] - Finding web element with id: 'Object Repository/Popup/Popup' located by 'By.cssSelector: .bootbox-body' in '30' second(s)

2021-11-11 09:30:29 - [MESSAGE][INFO] - Smart Wait Function is triggered

2021-11-11 09:30:29 - [MESSAGE][INFO] - Found 1 web elements with id: 'Object Repository/Popup/Popup' located by 'By.cssSelector: .bootbox-body' in '30' second(s)

2021-11-11 09:30:29 - [MESSAGE][INFO] - Getting text of object 'Object Repository/Popup/Popup'

2021-11-11 09:30:29 - [MESSAGE][PASSED] - Text of object 'Object Repository/Popup/Popup' is: 'Lütfen rapor bildiriminin gönderileceği e-posta adresini belirtiniz.
e-Posta Adresi'

2021-11-11 09:30:29 - [TEST_STEP][PASSED] - Console.println(RaporNo): null

2021-11-11 09:30:29 - [MESSAGE][PASSED] - Call Test Case 'Test Cases/Popup/PopupMesajiIceriyorMu' successfully

2021-11-11 09:30:29 - [MESSAGE][INFO] - Checking called Test Case

2021-11-11 09:30:29 - [MESSAGE][INFO] - Starting to call Test Case 'Test Cases/Popup/PopupaEmailEklenir'

2021-11-11 09:30:29 - [TEST_CASE][PASSED] - Test Cases/Popup/PopupaEmailEklenir: Test Cases/Popup/PopupaEmailEklenir

2021-11-11 09:30:29 - [TEST_STEP][PASSED] - clearText(findTestObject("Popup/EmailText")): Text of object 'Object Repository/Popup/EmailText' is cleared

2021-11-11 09:30:29 - [MESSAGE][INFO] - Finding Test Object 'Object Repository/Popup/EmailText'

2021-11-11 09:30:29 - [MESSAGE][INFO] - Checking object

2021-11-11 09:30:29 - [MESSAGE][INFO] - Finding web element from Test Object's properties

2021-11-11 09:30:29 - [MESSAGE][INFO] - Checking timeout

2021-11-11 09:30:29 - [MESSAGE][INFO] - Finding web element with id: 'Object Repository/Popup/EmailText' located by 'By.xpath: //*[@id="eMails"]' in '30' second(s)

2021-11-11 09:30:29 - [MESSAGE][INFO] - Smart Wait Function is triggered

2021-11-11 09:30:29 - [MESSAGE][INFO] - Found 1 web elements with id: 'Object Repository/Popup/EmailText' located by 'By.xpath: //*[@id="eMails"]' in '30' second(s)

2021-11-11 09:30:29 - [MESSAGE][INFO] - Clearing text of object 'Object Repository/Popup/EmailText'

2021-11-11 09:30:29 - [MESSAGE][PASSED] - Text of object 'Object Repository/Popup/EmailText' is cleared

2021-11-11 09:30:29 - [TEST_STEP][PASSED] - sendKeys(findTestObject("Popup/EmailText"), Email): Keys 'elogotest@gmail.com;ali.kara@logo.com.tr' sent to object: 'Object Repository/Popup/EmailText'

2021-11-11 09:30:29 - [MESSAGE][INFO] - Finding Test Object 'Object Repository/Popup/EmailText'

2021-11-11 09:30:29 - [MESSAGE][INFO] - Sending keys 'elogotest@gmail.com;ali.kara@logo.com.tr' to object: 'Object Repository/Popup/EmailText'

2021-11-11 09:30:29 - [MESSAGE][INFO] - Finding web element from Test Object's properties

2021-11-11 09:30:29 - [MESSAGE][INFO] - Checking timeout

2021-11-11 09:30:29 - [MESSAGE][INFO] - Finding web element with id: 'Object Repository/Popup/EmailText' located by 'By.xpath: //*[@id="eMails"]' in '30' second(s)

2021-11-11 09:30:29 - [MESSAGE][INFO] - Smart Wait Function is triggered

2021-11-11 09:30:30 - [MESSAGE][INFO] - Found 1 web elements with id: 'Object Repository/Popup/EmailText' located by 'By.xpath: //*[@id="eMails"]' in '30' second(s)

2021-11-11 09:30:30 - [MESSAGE][PASSED] - Keys 'elogotest@gmail.com;ali.kara@logo.com.tr' sent to object: 'Object Repository/Popup/EmailText'

2021-11-11 09:30:30 - [MESSAGE][PASSED] - Call Test Case 'Test Cases/Popup/PopupaEmailEklenir' successfully

2021-11-11 09:30:30 - [MESSAGE][INFO] - Checking called Test Case

2021-11-11 09:30:30 - [MESSAGE][INFO] - Starting to call Test Case 'Test Cases/Popup/PopupButonSecilir'

2021-11-11 09:30:30 - [TEST_CASE][PASSED] - Test Cases/Popup/PopupButonSecilir: Test Cases/Popup/PopupButonSecilir

2021-11-11 09:30:30 - [TEST_STEP][PASSED] - Method.TextDegerineEsitElementeTikla(findTestObject("Popup/Popup_Butons"), Buton): Method.TextDegerineEsitElementeTikla is PASSED

2021-11-11 09:30:30 - [MESSAGE][INFO] - Finding Test Object 'Object Repository/Popup/Popup_Butons'

2021-11-11 09:30:30 - [MESSAGE][INFO] - Checking timeout

2021-11-11 09:30:30 - [MESSAGE][INFO] - Finding web element with id: 'Object Repository/Popup/Popup_Butons' located by 'By.cssSelector: .modal-footer>button' in '10' second(s)

2021-11-11 09:30:30 - [MESSAGE][INFO] - Smart Wait Function is triggered

2021-11-11 09:30:30 - [MESSAGE][INFO] - Found 2 web elements with id: 'Object Repository/Popup/Popup_Butons' located by 'By.cssSelector: .modal-footer>button' in '10' second(s)

2021-11-11 09:30:30 - [MESSAGE][PASSED] - Method.TextDegerineEsitElementeTikla is PASSED

2021-11-11 09:30:30 - [MESSAGE][PASSED] - Call Test Case 'Test Cases/Popup/PopupButonSecilir' successfully

2021-11-11 09:30:30 - [MESSAGE][INFO] - Checking called Test Case

2021-11-11 09:30:30 - [MESSAGE][INFO] - Starting to call Test Case 'Test Cases/Popup/PopupMesajiIceriyorMu'

2021-11-11 09:30:30 - [TEST_CASE][PASSED] - Test Cases/Popup/PopupMesajiIceriyorMu: Test Cases/Popup/PopupMesajiIceriyorMu

2021-11-11 09:30:30 - [TEST_STEP][PASSED] - waitForElementVisible(findTestObject("Popup/Popup"), 10): Object 'Object Repository/Popup/Popup' is visible

2021-11-11 09:30:30 - [MESSAGE][INFO] - Finding Test Object 'Object Repository/Popup/Popup'

2021-11-11 09:30:31 - [MESSAGE][INFO] - Checking object

2021-11-11 09:30:31 - [MESSAGE][INFO] - Checking timeout

2021-11-11 09:30:31 - [MESSAGE][INFO] - Finding web element from Test Object's properties

2021-11-11 09:30:31 - [MESSAGE][INFO] - Checking timeout

2021-11-11 09:30:31 - [MESSAGE][INFO] - Finding web element with id: 'Object Repository/Popup/Popup' located by 'By.cssSelector: .bootbox-body' in '10' second(s)

2021-11-11 09:30:31 - [MESSAGE][INFO] - Smart Wait Function is triggered

2021-11-11 09:30:31 - [MESSAGE][INFO] - Found 1 web elements with id: 'Object Repository/Popup/Popup' located by 'By.cssSelector: .bootbox-body' in '10' second(s)

2021-11-11 09:30:31 - [MESSAGE][PASSED] - Object 'Object Repository/Popup/Popup' is visible

2021-11-11 09:30:31 - [TEST_STEP][PASSED] - if (!(getText(findTestObject("Popup/Popup")).contains(Mesaj))): Text of object 'Object Repository/Popup/Popup' is: '16238 no’lu talebiniz işleme alınmıştır. Raporunuz hazırlandığında (elogotest@gmail.com;ali.kara@logo.com.tr) adresinize mail gönderilecektir.
Rapor durumunuzu Raporlar > Toplu Veri İndirme ekranından takip edebilir, hazırlandı durumundaki raporlarınızı ilgili menüden indirebilirsiniz.'

2021-11-11 09:30:31 - [MESSAGE][INFO] - Finding Test Object 'Object Repository/Popup/Popup'

2021-11-11 09:30:31 - [MESSAGE][INFO] - Checking object

2021-11-11 09:30:31 - [MESSAGE][INFO] - Finding web element from Test Object's properties

2021-11-11 09:30:31 - [MESSAGE][INFO] - Checking timeout

2021-11-11 09:30:31 - [MESSAGE][INFO] - Finding web element with id: 'Object Repository/Popup/Popup' located by 'By.cssSelector: .bootbox-body' in '30' second(s)

2021-11-11 09:30:31 - [MESSAGE][INFO] - Smart Wait Function is triggered

2021-11-11 09:30:32 - [MESSAGE][INFO] - Found 1 web elements with id: 'Object Repository/Popup/Popup' located by 'By.cssSelector: .bootbox-body' in '30' second(s)

2021-11-11 09:30:32 - [MESSAGE][INFO] - Getting text of object 'Object Repository/Popup/Popup'

2021-11-11 09:30:32 - [MESSAGE][PASSED] - Text of object 'Object Repository/Popup/Popup' is: '16238 no’lu talebiniz işleme alınmıştır. Raporunuz hazırlandığında (elogotest@gmail.com;ali.kara@logo.com.tr) adresinize mail gönderilecektir.
Rapor durumunuzu Raporlar > Toplu Veri İndirme ekranından takip edebilir, hazırlandı durumundaki raporlarınızı ilgili menüden indirebilirsiniz.'

2021-11-11 09:30:32 - [TEST_STEP][PASSED] - RaporNo = getText(findTestObject("Popup/Popup")).substring(0, 6): Text of object 'Object Repository/Popup/Popup' is: '16238 no’lu talebiniz işleme alınmıştır. Raporunuz hazırlandığında (elogotest@gmail.com;ali.kara@logo.com.tr) adresinize mail gönderilecektir.
Rapor durumunuzu Raporlar > Toplu Veri İndirme ekranından takip edebilir, hazırlandı durumundaki raporlarınızı ilgili menüden indirebilirsiniz.'

2021-11-11 09:30:32 - [MESSAGE][INFO] - Finding Test Object 'Object Repository/Popup/Popup'

2021-11-11 09:30:32 - [MESSAGE][INFO] - Checking object

2021-11-11 09:30:32 - [MESSAGE][INFO] - Finding web element from Test Object's properties

2021-11-11 09:30:32 - [MESSAGE][INFO] - Checking timeout

2021-11-11 09:30:32 - [MESSAGE][INFO] - Finding web element with id: 'Object Repository/Popup/Popup' located by 'By.cssSelector: .bootbox-body' in '30' second(s)

2021-11-11 09:30:32 - [MESSAGE][INFO] - Smart Wait Function is triggered

2021-11-11 09:30:32 - [MESSAGE][INFO] - Found 1 web elements with id: 'Object Repository/Popup/Popup' located by 'By.cssSelector: .bootbox-body' in '30' second(s)

2021-11-11 09:30:32 - [MESSAGE][INFO] - Getting text of object 'Object Repository/Popup/Popup'

2021-11-11 09:30:32 - [MESSAGE][PASSED] - Text of object 'Object Repository/Popup/Popup' is: '16238 no’lu talebiniz işleme alınmıştır. Raporunuz hazırlandığında (elogotest@gmail.com;ali.kara@logo.com.tr) adresinize mail gönderilecektir.
Rapor durumunuzu Raporlar > Toplu Veri İndirme ekranından takip edebilir, hazırlandı durumundaki raporlarınızı ilgili menüden indirebilirsiniz.'

2021-11-11 09:30:32 - [TEST_STEP][PASSED] - Console.println(RaporNo): null

2021-11-11 09:30:32 - [MESSAGE][PASSED] - Call Test Case 'Test Cases/Popup/PopupMesajiIceriyorMu' successfully

2021-11-11 09:30:32 - [MESSAGE][INFO] - Checking called Test Case

2021-11-11 09:30:32 - [MESSAGE][INFO] - Starting to call Test Case 'Test Cases/Popup/PopupButonSecilir'

2021-11-11 09:30:32 - [TEST_CASE][PASSED] - Test Cases/Popup/PopupButonSecilir: Test Cases/Popup/PopupButonSecilir

2021-11-11 09:30:32 - [TEST_STEP][PASSED] - Method.TextDegerineEsitElementeTikla(findTestObject("Popup/Popup_Butons"), Buton): Method.TextDegerineEsitElementeTikla is PASSED

2021-11-11 09:30:32 - [MESSAGE][INFO] - Finding Test Object 'Object Repository/Popup/Popup_Butons'

2021-11-11 09:30:32 - [MESSAGE][INFO] - Checking timeout

2021-11-11 09:30:32 - [MESSAGE][INFO] - Finding web element with id: 'Object Repository/Popup/Popup_Butons' located by 'By.cssSelector: .modal-footer>button' in '10' second(s)

2021-11-11 09:30:32 - [MESSAGE][INFO] - Smart Wait Function is triggered

2021-11-11 09:30:32 - [MESSAGE][INFO] - Found 1 web elements with id: 'Object Repository/Popup/Popup_Butons' located by 'By.cssSelector: .modal-footer>button' in '10' second(s)

2021-11-11 09:30:32 - [MESSAGE][PASSED] - Method.TextDegerineEsitElementeTikla is PASSED

2021-11-11 09:30:32 - [MESSAGE][PASSED] - Call Test Case 'Test Cases/Popup/PopupButonSecilir' successfully

2021-11-11 09:30:32 - [MESSAGE][INFO] - Checking called Test Case

2021-11-11 09:30:32 - [MESSAGE][INFO] - Starting to call Test Case 'Test Cases/Menu/AnaMenuSecimi'

2021-11-11 09:30:33 - [TEST_CASE][PASSED] - Test Cases/Menu/AnaMenuSecimi: Test Cases/Menu/AnaMenuSecimi

2021-11-11 09:30:33 - [TEST_STEP][PASSED] - Method.TextDegerineEsitElementeTikla(findTestObject("Menu/Ana_Menu"), Ana_Menu): Method.TextDegerineEsitElementeTikla is PASSED

2021-11-11 09:30:33 - [MESSAGE][INFO] - Finding Test Object 'Object Repository/Menu/Ana_Menu'

2021-11-11 09:30:33 - [MESSAGE][INFO] - Checking timeout

2021-11-11 09:30:33 - [MESSAGE][INFO] - Finding web element with id: 'Object Repository/Menu/Ana_Menu' located by 'By.xpath: //*[@class = 'dropdown-toggle']' in '10' second(s)

2021-11-11 09:30:33 - [MESSAGE][INFO] - Smart Wait Function is triggered

2021-11-11 09:30:33 - [MESSAGE][INFO] - Found 15 web elements with id: 'Object Repository/Menu/Ana_Menu' located by 'By.xpath: //*[@class = 'dropdown-toggle']' in '10' second(s)

2021-11-11 09:30:33 - [MESSAGE][PASSED] - Method.TextDegerineEsitElementeTikla is PASSED

2021-11-11 09:30:33 - [MESSAGE][PASSED] - Call Test Case 'Test Cases/Menu/AnaMenuSecimi' successfully

2021-11-11 09:30:33 - [MESSAGE][INFO] - Checking called Test Case

2021-11-11 09:30:33 - [MESSAGE][INFO] - Starting to call Test Case 'Test Cases/Menu/AltMenuSecimi'

2021-11-11 09:30:34 - [TEST_CASE][PASSED] - Test Cases/Menu/AltMenuSecimi: Test Cases/Menu/AltMenuSecimi

2021-11-11 09:30:34 - [TEST_STEP][PASSED] - Method.TextDegerineEsitElementeTikla(findTestObject("Menu/Alt_Menu"), Alt_Menu): Method.TextDegerineEsitElementeTikla is PASSED

2021-11-11 09:30:34 - [MESSAGE][INFO] - Finding Test Object 'Object Repository/Menu/Alt_Menu'

2021-11-11 09:30:34 - [MESSAGE][INFO] - Checking timeout

2021-11-11 09:30:34 - [MESSAGE][INFO] - Finding web element with id: 'Object Repository/Menu/Alt_Menu' located by 'By.xpath: //li[@class='dropdown dropdown-large open']//li[@class='dropdown-element']' in '10' second(s)

2021-11-11 09:30:34 - [MESSAGE][INFO] - Smart Wait Function is triggered

2021-11-11 09:30:34 - [MESSAGE][INFO] - Found 9 web elements with id: 'Object Repository/Menu/Alt_Menu' located by 'By.xpath: //li[@class='dropdown dropdown-large open']//li[@class='dropdown-element']' in '10' second(s)

2021-11-11 09:30:35 - [MESSAGE][PASSED] - Method.TextDegerineEsitElementeTikla is PASSED

2021-11-11 09:30:35 - [MESSAGE][PASSED] - Call Test Case 'Test Cases/Menu/AltMenuSecimi' successfully

2021-11-11 09:30:35 - [MESSAGE][INFO] - Checking called Test Case

2021-11-11 09:30:35 - [MESSAGE][INFO] - Starting to call Test Case 'Test Cases/Filtreler/RaporNoYaz'

2021-11-11 09:30:35 - [TEST_CASE][PASSED] - Test Cases/Filtreler/RaporNoYaz: Test Cases/Filtreler/RaporNoYaz

2021-11-11 09:30:35 - [TEST_STEP][PASSED] - Method.TextDegerineEsitElementinAltindakiTextboxtaYaz(findTestObject("Filtreler/Basliklar"), findTestObject("Filtreler/Basliga_Gore_Textbox"), "Talep No", RaporNo): Method.TextDegerineEsitElementinAltindakiTextboxtaYaz is PASSED

2021-11-11 09:30:35 - [MESSAGE][INFO] - Finding Test Object 'Object Repository/Filtreler/Basliklar'

2021-11-11 09:30:35 - [MESSAGE][INFO] - Finding Test Object 'Object Repository/Filtreler/Basliga_Gore_Textbox'

2021-11-11 09:30:35 - [MESSAGE][INFO] - Checking timeout

2021-11-11 09:30:35 - [MESSAGE][INFO] - Finding web element with id: 'Object Repository/Filtreler/Basliklar' located by 'By.cssSelector: .control-label.col-sm-4.paddingMarginRLC' in '10' second(s)

2021-11-11 09:30:35 - [MESSAGE][INFO] - Smart Wait Function is triggered

2021-11-11 09:30:36 - [MESSAGE][INFO] - Found 8 web elements with id: 'Object Repository/Filtreler/Basliklar' located by 'By.cssSelector: .control-label.col-sm-4.paddingMarginRLC' in '10' second(s)

2021-11-11 09:30:36 - [MESSAGE][INFO] - Smart Wait Function is triggered

2021-11-11 09:30:36 - [MESSAGE][PASSED] - Method.TextDegerineEsitElementinAltindakiTextboxtaYaz is PASSED

2021-11-11 09:30:36 - [MESSAGE][PASSED] - Call Test Case 'Test Cases/Filtreler/RaporNoYaz' successfully

2021-11-11 09:30:36 - [MESSAGE][INFO] - Checking called Test Case

2021-11-11 09:30:36 - [MESSAGE][INFO] - Starting to call Test Case 'Test Cases/Filtreler/ButonaTikla'

2021-11-11 09:30:36 - [TEST_CASE][PASSED] - Test Cases/Filtreler/ButonaTikla: Test Cases/Filtreler/ButonaTikla

2021-11-11 09:30:36 - [TEST_STEP][PASSED] - Method.TextDegerineEsitElementeTikla(findTestObject("Filtreler/Butonlar"), Filtre_Buton): Method.TextDegerineEsitElementeTikla is PASSED

2021-11-11 09:30:36 - [MESSAGE][INFO] - Finding Test Object 'Object Repository/Filtreler/Butonlar'

2021-11-11 09:30:36 - [MESSAGE][INFO] - Checking timeout

2021-11-11 09:30:36 - [MESSAGE][INFO] - Finding web element with id: 'Object Repository/Filtreler/Butonlar' located by 'By.cssSelector: .dxb>span' in '10' second(s)

2021-11-11 09:30:36 - [MESSAGE][INFO] - Smart Wait Function is triggered

2021-11-11 09:30:36 - [MESSAGE][INFO] - Found 2 web elements with id: 'Object Repository/Filtreler/Butonlar' located by 'By.cssSelector: .dxb>span' in '10' second(s)

2021-11-11 09:30:36 - [MESSAGE][PASSED] - Method.TextDegerineEsitElementeTikla is PASSED

2021-11-11 09:30:36 - [MESSAGE][PASSED] - Call Test Case 'Test Cases/Filtreler/ButonaTikla' successfully

2021-11-11 09:30:37 - [MESSAGE][INFO] - Checking called Test Case

2021-11-11 09:30:37 - [MESSAGE][INFO] - Starting to call Test Case 'Test Cases/Tablo/TablodaVeriVarMi'

2021-11-11 09:30:37 - [TEST_CASE][PASSED] - Test Cases/Tablo/TablodaVeriVarMi: Test Cases/Tablo/TablodaVeriVarMi

2021-11-11 09:30:37 - [TEST_STEP][PASSED] - verifyTextNotPresent("Görüntülenecek veri yok", true): Text 'Görüntülenecek veri yok' is not present on page using regular expression

2021-11-11 09:30:37 - [MESSAGE][INFO] - Checking text present  using regular expression

2021-11-11 09:30:37 - [MESSAGE][INFO] - Smart Wait Function is triggered

2021-11-11 09:30:38 - [MESSAGE][INFO] - Finding text 'Görüntülenecek veri yok' on page  using regular expression

2021-11-11 09:30:38 - [MESSAGE][PASSED] - Text 'Görüntülenecek veri yok' is not present on page using regular expression

2021-11-11 09:30:38 - [MESSAGE][PASSED] - Call Test Case 'Test Cases/Tablo/TablodaVeriVarMi' successfully

2021-11-11 09:30:38 - [MESSAGE][INFO] - Checking called Test Case

2021-11-11 09:30:38 - [MESSAGE][INFO] - Starting to call Test Case 'Test Cases/Kullanici_Islemleri/KullaniciIslemlerindenSecimYapilir'

2021-11-11 09:30:38 - [TEST_CASE][PASSED] - Test Cases/Kullanici_Islemleri/KullaniciIslemlerindenSecimYapilir: Test Cases/Kullanici_Islemleri/KullaniciIslemlerindenSecimYapilir

2021-11-11 09:30:38 - [TEST_STEP][PASSED] - waitForElementClickable(findTestObject("Object Repository/Kullanici_Islemleri/KullaniciIslemleri"), 10): Object 'Object Repository/Kullanici_Islemleri/KullaniciIslemleri' is clickable

2021-11-11 09:30:38 - [MESSAGE][INFO] - Finding Test Object 'Object Repository/Kullanici_Islemleri/KullaniciIslemleri'

2021-11-11 09:30:38 - [MESSAGE][INFO] - Checking object

2021-11-11 09:30:38 - [MESSAGE][INFO] - Checking timeout

2021-11-11 09:30:38 - [MESSAGE][INFO] - Finding web element from Test Object's properties

2021-11-11 09:30:38 - [MESSAGE][INFO] - Checking timeout

2021-11-11 09:30:38 - [MESSAGE][INFO] - Finding web element with id: 'Object Repository/Kullanici_Islemleri/KullaniciIslemleri' located by 'By.cssSelector: .dropdown>a>img' in '10' second(s)

2021-11-11 09:30:38 - [MESSAGE][INFO] - Smart Wait Function is triggered

2021-11-11 09:30:39 - [MESSAGE][INFO] - Found 1 web elements with id: 'Object Repository/Kullanici_Islemleri/KullaniciIslemleri' located by 'By.cssSelector: .dropdown>a>img' in '10' second(s)

2021-11-11 09:30:39 - [MESSAGE][PASSED] - Object 'Object Repository/Kullanici_Islemleri/KullaniciIslemleri' is clickable

2021-11-11 09:30:39 - [TEST_STEP][PASSED] - click(findTestObject("Object Repository/Kullanici_Islemleri/KullaniciIslemleri")): Object: 'Object Repository/Kullanici_Islemleri/KullaniciIslemleri' is clicked on

2021-11-11 09:30:39 - [MESSAGE][INFO] - Finding Test Object 'Object Repository/Kullanici_Islemleri/KullaniciIslemleri'

2021-11-11 09:30:39 - [MESSAGE][INFO] - Checking object

2021-11-11 09:30:39 - [MESSAGE][INFO] - Finding web element from Test Object's properties

2021-11-11 09:30:39 - [MESSAGE][INFO] - Checking timeout

2021-11-11 09:30:39 - [MESSAGE][INFO] - Finding web element with id: 'Object Repository/Kullanici_Islemleri/KullaniciIslemleri' located by 'By.cssSelector: .dropdown>a>img' in '30' second(s)

2021-11-11 09:30:39 - [MESSAGE][INFO] - Smart Wait Function is triggered

2021-11-11 09:30:39 - [MESSAGE][INFO] - Found 1 web elements with id: 'Object Repository/Kullanici_Islemleri/KullaniciIslemleri' located by 'By.cssSelector: .dropdown>a>img' in '30' second(s)

2021-11-11 09:30:39 - [MESSAGE][INFO] - Clicking on object: 'Object Repository/Kullanici_Islemleri/KullaniciIslemleri'

2021-11-11 09:30:39 - [MESSAGE][PASSED] - Object: 'Object Repository/Kullanici_Islemleri/KullaniciIslemleri' is clicked on

2021-11-11 09:30:39 - [TEST_STEP][PASSED] - Method.TextDegerineEsitElementeTikla(findTestObject("Object Repository/Kullanici_Islemleri/Secenekler"), Islem): Method.TextDegerineEsitElementeTikla is PASSED

2021-11-11 09:30:39 - [MESSAGE][INFO] - Finding Test Object 'Object Repository/Kullanici_Islemleri/Secenekler'

2021-11-11 09:30:39 - [MESSAGE][INFO] - Checking timeout

2021-11-11 09:30:39 - [MESSAGE][INFO] - Finding web element with id: 'Object Repository/Kullanici_Islemleri/Secenekler' located by 'By.cssSelector: .nav.navbar-nav.navbar-right li a' in '10' second(s)

2021-11-11 09:30:39 - [MESSAGE][INFO] - Smart Wait Function is triggered

2021-11-11 09:30:40 - [MESSAGE][INFO] - Found 22 web elements with id: 'Object Repository/Kullanici_Islemleri/Secenekler' located by 'By.cssSelector: .nav.navbar-nav.navbar-right li a' in '10' second(s)

2021-11-11 09:30:41 - [MESSAGE][PASSED] - Method.TextDegerineEsitElementeTikla is PASSED

2021-11-11 09:30:41 - [TEST_STEP][PASSED] - verifyElementNotPresent(findTestObject("Object Repository/Kullanici_Islemleri/Secenekler"), 10): Web element with id: 'Object Repository/Kullanici_Islemleri/Secenekler' located by 'By.cssSelector: .nav.navbar-nav.navbar-right li a' is not present after '10' second(s)

2021-11-11 09:30:41 - [MESSAGE][INFO] - Finding Test Object 'Object Repository/Kullanici_Islemleri/Secenekler'

2021-11-11 09:30:41 - [MESSAGE][INFO] - Checking object

2021-11-11 09:30:41 - [MESSAGE][INFO] - Checking timeout

2021-11-11 09:30:41 - [MESSAGE][INFO] - Finding web element with id: 'Object Repository/Kullanici_Islemleri/Secenekler' located by 'By.cssSelector: .nav.navbar-nav.navbar-right li a' in '10' second(s)

2021-11-11 09:30:41 - [MESSAGE][INFO] - Smart Wait Function is triggered

2021-11-11 09:30:41 - [MESSAGE][PASSED] - Web element with id: 'Object Repository/Kullanici_Islemleri/Secenekler' located by 'By.cssSelector: .nav.navbar-nav.navbar-right li a' is not present after '10' second(s)

2021-11-11 09:30:41 - [MESSAGE][PASSED] - Call Test Case 'Test Cases/Kullanici_Islemleri/KullaniciIslemlerindenSecimYapilir' successfully

2021-11-11 09:30:41 - [TEST_CASE][PASSED] - Start Test Case : SCENARIO e-Fatura Gelen Kutusu Uygulama Yanıtları Toplu Indirme - UBL Secilenlerin indirilmesi: SCENARIO e-Fatura Gelen Kutusu Uygulama Yanıtları Toplu Indirme - UBL Secilenlerin indirilmesi

2021-11-11 09:30:41 - [TEST_STEP][PASSED] - Kullanıcı adı ELOGO6 ve Şifre 123456 olarak giriş yapılır: Kullanıcı adı ELOGO6 ve Şifre 123456 olarak giriş yapılır

2021-11-11 09:30:41 - [MESSAGE][PASSED] - Kullanıcı adı ELOGO6 ve Şifre 123456 olarak giriş yapılır

2021-11-11 09:30:41 - [TEST_STEP][PASSED] - Ana menüden e-Fatura seçilir: Ana menüden e-Fatura seçilir

2021-11-11 09:30:41 - [MESSAGE][PASSED] - Ana menüden e-Fatura seçilir

2021-11-11 09:30:41 - [TEST_STEP][PASSED] - Alt menü Gelen Kutusu başlığı altındaki Uygulama Yanıtları seçilir: Alt menü Gelen Kutusu başlığı altındaki Uygulama Yanıtları seçilir

2021-11-11 09:30:41 - [MESSAGE][PASSED] - Alt menü Gelen Kutusu başlığı altındaki Uygulama Yanıtları seçilir

2021-11-11 09:30:41 - [TEST_STEP][PASSED] - Filtrelerden Oluşturma Tarihi filtresine 01.12.2020 baslangic degerini yaz: Filtrelerden Oluşturma Tarihi filtresine 01.12.2020 baslangic degerini yaz

2021-11-11 09:30:41 - [MESSAGE][PASSED] - Filtrelerden Oluşturma Tarihi filtresine 01.12.2020 baslangic degerini yaz

2021-11-11 09:30:41 - [TEST_STEP][PASSED] - Filtrelerden Oluşturma Tarihi filtresine 31.12.2020 bitis degerini yaz: Filtrelerden Oluşturma Tarihi filtresine 31.12.2020 bitis degerini yaz

2021-11-11 09:30:41 - [MESSAGE][PASSED] - Filtrelerden Oluşturma Tarihi filtresine 31.12.2020 bitis degerini yaz

2021-11-11 09:30:41 - [TEST_STEP][PASSED] - Filtrelerden Gönderen VKN filtresine 1234567806 textini yaz: Filtrelerden Gönderen VKN filtresine 1234567806 textini yaz

2021-11-11 09:30:41 - [MESSAGE][PASSED] - Filtrelerden Gönderen VKN filtresine 1234567806 textini yaz

2021-11-11 09:30:41 - [TEST_STEP][PASSED] - Filtre butonlarından Listele seçilir: Filtre butonlarından Listele seçilir

2021-11-11 09:30:41 - [MESSAGE][PASSED] - Filtre butonlarından Listele seçilir

2021-11-11 09:30:41 - [TEST_STEP][PASSED] - Tabloda veri var mı kontrol edilir: Tabloda veri var mı kontrol edilir

2021-11-11 09:30:41 - [MESSAGE][PASSED] - Tabloda veri var mı kontrol edilir

2021-11-11 09:30:41 - [TEST_STEP][PASSED] - Tablodan 1234567806 isimli veri seçilir: Tablodan 1234567806 isimli veri seçilir

2021-11-11 09:30:41 - [MESSAGE][PASSED] - Tablodan 1234567806 isimli veri seçilir

2021-11-11 09:30:41 - [TEST_STEP][PASSED] - Butonlardan Toplu İndirme isimli butona tıklanır: Butonlardan Toplu İndirme isimli butona tıklanır

2021-11-11 09:30:41 - [MESSAGE][PASSED] - Butonlardan Toplu İndirme isimli butona tıklanır

2021-11-11 09:30:41 - [TEST_STEP][PASSED] - Alt butonlardan UBL Seçilenleri İndir butonuna tıklanır: Alt butonlardan UBL Seçilenleri İndir butonuna tıklanır

2021-11-11 09:30:41 - [MESSAGE][PASSED] - Alt butonlardan UBL Seçilenleri İndir butonuna tıklanır

2021-11-11 09:30:41 - [TEST_STEP][PASSED] - Popup mesajı Lütfen rapor bildiriminin gönderileceği e-posta adresini belirtiniz. içeriyor mu: Popup mesajı Lütfen rapor bildiriminin gönderileceği e-posta adresini belirtiniz. içeriyor mu

2021-11-11 09:30:41 - [MESSAGE][PASSED] - Popup mesajı Lütfen rapor bildiriminin gönderileceği e-posta adresini belirtiniz. içeriyor mu

2021-11-11 09:30:41 - [TEST_STEP][PASSED] - Popup email elogotest@gmail.com;ali.kara@logo.com.tr olarak girilir: Popup email elogotest@gmail.com;ali.kara@logo.com.tr olarak girilir

2021-11-11 09:30:41 - [MESSAGE][PASSED] - Popup email elogotest@gmail.com;ali.kara@logo.com.tr olarak girilir

2021-11-11 09:30:41 - [TEST_STEP][PASSED] - Yönetim popupında Gönder seçilir: Yönetim popupında Gönder seçilir

2021-11-11 09:30:41 - [MESSAGE][PASSED] - Yönetim popupında Gönder seçilir

2021-11-11 09:30:41 - [TEST_STEP][PASSED] - Popup mesajı talebiniz işleme alınmıştır içeriyor mu: Popup mesajı talebiniz işleme alınmıştır içeriyor mu

2021-11-11 09:30:41 - [MESSAGE][PASSED] - Popup mesajı talebiniz işleme alınmıştır içeriyor mu

2021-11-11 09:30:41 - [TEST_STEP][PASSED] - Yönetim popupında Tamam seçilir: Yönetim popupında Tamam seçilir

2021-11-11 09:30:41 - [MESSAGE][PASSED] - Yönetim popupında Tamam seçilir

2021-11-11 09:30:41 - [TEST_STEP][PASSED] - Butonlardan Toplu İndirme isimli butona tıklanır: Butonlardan Toplu İndirme isimli butona tıklanır

2021-11-11 09:30:41 - [MESSAGE][PASSED] - Butonlardan Toplu İndirme isimli butona tıklanır

2021-11-11 09:30:41 - [TEST_STEP][PASSED] - Alt butonlardan UBL Tümünü İndir butonuna tıklanır: Alt butonlardan UBL Tümünü İndir butonuna tıklanır

2021-11-11 09:30:41 - [MESSAGE][PASSED] - Alt butonlardan UBL Tümünü İndir butonuna tıklanır

2021-11-11 09:30:41 - [TEST_STEP][PASSED] - Popup mesajı Lütfen rapor bildiriminin gönderileceği e-posta adresini belirtiniz. içeriyor mu: Popup mesajı Lütfen rapor bildiriminin gönderileceği e-posta adresini belirtiniz. içeriyor mu

2021-11-11 09:30:41 - [MESSAGE][PASSED] - Popup mesajı Lütfen rapor bildiriminin gönderileceği e-posta adresini belirtiniz. içeriyor mu

2021-11-11 09:30:41 - [TEST_STEP][PASSED] - Popup email elogotest@gmail.com;ali.kara@logo.com.tr olarak girilir: Popup email elogotest@gmail.com;ali.kara@logo.com.tr olarak girilir

2021-11-11 09:30:41 - [MESSAGE][PASSED] - Popup email elogotest@gmail.com;ali.kara@logo.com.tr olarak girilir

2021-11-11 09:30:41 - [TEST_STEP][PASSED] - Yönetim popupında Gönder seçilir: Yönetim popupında Gönder seçilir

2021-11-11 09:30:41 - [MESSAGE][PASSED] - Yönetim popupında Gönder seçilir

2021-11-11 09:30:41 - [TEST_STEP][PASSED] - Popup mesajı talebiniz işleme alınmıştır içeriyor mu: Popup mesajı talebiniz işleme alınmıştır içeriyor mu

2021-11-11 09:30:41 - [MESSAGE][PASSED] - Popup mesajı talebiniz işleme alınmıştır içeriyor mu

2021-11-11 09:30:41 - [TEST_STEP][PASSED] - Yönetim popupında Tamam seçilir: Yönetim popupında Tamam seçilir

2021-11-11 09:30:41 - [MESSAGE][PASSED] - Yönetim popupında Tamam seçilir

2021-11-11 09:30:41 - [TEST_STEP][PASSED] - Ana menüden Raporlar seçilir: Ana menüden Raporlar seçilir

2021-11-11 09:30:41 - [MESSAGE][PASSED] - Ana menüden Raporlar seçilir

2021-11-11 09:30:41 - [TEST_STEP][PASSED] - Alt menüden Toplu Veri İndirme seçilir: Alt menüden Toplu Veri İndirme seçilir

2021-11-11 09:30:41 - [MESSAGE][PASSED] - Alt menüden Toplu Veri İndirme seçilir

2021-11-11 09:30:41 - [TEST_STEP][PASSED] - Filtrelerden Talep No filtresine Rapor No bilgisi yaz: Filtrelerden Talep No filtresine Rapor No bilgisi yaz

2021-11-11 09:30:41 - [MESSAGE][PASSED] - Filtrelerden Talep No filtresine Rapor No bilgisi yaz

2021-11-11 09:30:41 - [TEST_STEP][PASSED] - Filtre butonlarından Listele seçilir: Filtre butonlarından Listele seçilir

2021-11-11 09:30:41 - [MESSAGE][PASSED] - Filtre butonlarından Listele seçilir

2021-11-11 09:30:41 - [TEST_STEP][PASSED] - Tabloda veri var mı kontrol edilir: Tabloda veri var mı kontrol edilir

2021-11-11 09:30:41 - [MESSAGE][PASSED] - Tabloda veri var mı kontrol edilir

2021-11-11 09:30:41 - [TEST_STEP][PASSED] - Kullanıcı işlemlerinden Çıkış seçilir: Kullanıcı işlemlerinden Çıkış seçilir

2021-11-11 09:30:41 - [MESSAGE][PASSED] - Kullanıcı işlemlerinden Çıkış seçilir

2021-11-11 09:30:41 - [MESSAGE][PASSED] - Feature file: 'Include/features/e-Fatura/Gelen Kutusu/Uygulama Yanitlari/Toplu Indirme.feature' was passed

2021-11-11 09:30:41 - [TEST_STEP][PASSED] - Start listener action : sampleAfterTestSuite: Invoke 'com.kms.katalon.core.annotation.AfterTestCase' method: 'Listener.sampleAfterTestSuite(...)' completed.

2021-11-11 09:30:41 - [MESSAGE][INFO] - Starting invoke 'com.kms.katalon.core.annotation.AfterTestCase' method: 'Listener.sampleAfterTestSuite(...)'

2021-11-11 09:30:41 - [TEST_STEP][PASSED] - closeBrowser(): Invoke 'com.kms.katalon.core.annotation.AfterTestCase' method: 'Listener.sampleAfterTestSuite(...)' completed.

2021-11-11 09:30:41 - [MESSAGE][INFO] - Closing browser

2021-11-11 09:30:42 - [MESSAGE][PASSED] - Browser is closed

2021-11-11 09:30:42 - [MESSAGE][INFO] - Invoke 'com.kms.katalon.core.annotation.AfterTestCase' method: 'Listener.sampleAfterTestSuite(...)' completed.]]></system-out>
         <system-err><![CDATA[]]></system-err>
      </testcase>
      <testcase name="Test Cases/Case Repository/e-Fatura/Giden Kutusu/Faturalar/Excele Aktar" time="52.132" classname="Test Cases/Case Repository/e-Fatura/Giden Kutusu/Faturalar/Excele Aktar" status="PASSED">
         <system-out><![CDATA[2021-11-11 09:30:42 - [TEST_CASE][PASSED] - Test Cases/Case Repository/e-Fatura/Giden Kutusu/Faturalar/Excele Aktar: Test Cases/Case Repository/e-Fatura/Giden Kutusu/Faturalar/Excele Aktar

2021-11-11 09:30:42 - [TEST_STEP][PASSED] - Start listener action : sampleBeforeTestSuite: Invoke 'com.kms.katalon.core.annotation.BeforeTestCase' method: 'Listener.sampleBeforeTestSuite(...)' completed.

2021-11-11 09:30:42 - [MESSAGE][INFO] - Starting invoke 'com.kms.katalon.core.annotation.BeforeTestCase' method: 'Listener.sampleBeforeTestSuite(...)'

2021-11-11 09:30:42 - [TEST_STEP][PASSED] - openBrowser(baseUrl): Browser is opened with url: 'https://efatura-stage.elogo.com.tr/'

2021-11-11 09:30:42 - [MESSAGE][INFO] - Opening browser

2021-11-11 09:30:42 - [MESSAGE][INFO] - Starting 'Chrome' driver

2021-11-11 09:30:42 - [MESSAGE][INFO] - User set preference: ['prefs', '{download.default_directory=C:\otomasyondownfiles}']

2021-11-11 09:30:42 - [MESSAGE][INFO] - Action delay is set to 0 milliseconds

2021-11-11 09:30:44 - [MESSAGE][INFO] - Navigating browser to: 'https://efatura-stage.elogo.com.tr/'

2021-11-11 09:30:46 - [MESSAGE][PASSED] - Browser is opened with url: 'https://efatura-stage.elogo.com.tr/'

2021-11-11 09:30:46 - [TEST_STEP][PASSED] - maximizeWindow(): Invoke 'com.kms.katalon.core.annotation.BeforeTestCase' method: 'Listener.sampleBeforeTestSuite(...)' completed.

2021-11-11 09:30:46 - [MESSAGE][INFO] - Maximizing current window

2021-11-11 09:30:46 - [MESSAGE][PASSED] - Current window maximized

2021-11-11 09:30:46 - [MESSAGE][INFO] - Invoke 'com.kms.katalon.core.annotation.BeforeTestCase' method: 'Listener.sampleBeforeTestSuite(...)' completed.

2021-11-11 09:30:46 - [TEST_STEP][PASSED] - runFeatureFile("Include/features/e-Fatura/Giden Kutusu/Faturalar/Excele Aktar.feature"): Feature file: 'Include/features/e-Fatura/Giden Kutusu/Faturalar/Excele Aktar.feature' was passed

2021-11-11 09:30:46 - [MESSAGE][INFO] - Starting run keyword runFeatureFile: 'Include/features/e-Fatura/Giden Kutusu/Faturalar/Excele Aktar.feature' and extract report to folder: 'C:\Users\DELL\Documents\GitHub\EES_KatalonLogo\Reports\20211111_090730\Suite Repository\ExceleAktarVeTopluIndirme\20211111_090810/cucumber_report/1636612246912'...

2021-11-11 09:30:46 - [MESSAGE][INFO] - Glue: []

2021-11-11 09:30:47 - [MESSAGE][INFO] - Checking called Test Case

2021-11-11 09:30:47 - [MESSAGE][INFO] - Starting to call Test Case 'Test Cases/Sayfalar/Giris_Sayfasi/Login'

2021-11-11 09:30:47 - [TEST_CASE][PASSED] - Test Cases/Sayfalar/Giris_Sayfasi/Login: Test Cases/Sayfalar/Giris_Sayfasi/Login

2021-11-11 09:30:47 - [TEST_STEP][PASSED] - Sayfa_Basligi = getWindowTitle(): Current window's title is: 'LOGO e-Fatura'

2021-11-11 09:30:47 - [MESSAGE][INFO] - Getting current window's title

2021-11-11 09:30:47 - [MESSAGE][PASSED] - Current window's title is: 'LOGO e-Fatura'

2021-11-11 09:30:47 - [TEST_STEP][PASSED] - verifyMatch(Sayfa_Basligi, "LOGO e-Fatura", false): Actual text 'LOGO e-Fatura' and expected text 'LOGO e-Fatura' are matched 

2021-11-11 09:30:47 - [MESSAGE][INFO] - Matching actual text 'LOGO e-Fatura' with expected text 'LOGO e-Fatura'

2021-11-11 09:30:47 - [MESSAGE][PASSED] - Actual text 'LOGO e-Fatura' and expected text 'LOGO e-Fatura' are matched 

2021-11-11 09:30:47 - [TEST_STEP][PASSED] - sendKeys(findTestObject("Sayfalar/Giris_Sayfasi/Firma_Kodu"), KullaniciAdi): Keys 'ELOGO6' sent to object: 'Object Repository/Sayfalar/Giris_Sayfasi/Firma_Kodu'

2021-11-11 09:30:47 - [MESSAGE][INFO] - Finding Test Object 'Object Repository/Sayfalar/Giris_Sayfasi/Firma_Kodu'

2021-11-11 09:30:47 - [MESSAGE][INFO] - Sending keys 'ELOGO6' to object: 'Object Repository/Sayfalar/Giris_Sayfasi/Firma_Kodu'

2021-11-11 09:30:47 - [MESSAGE][INFO] - Finding web element from Test Object's properties

2021-11-11 09:30:47 - [MESSAGE][INFO] - Checking timeout

2021-11-11 09:30:47 - [MESSAGE][INFO] - Finding web element with id: 'Object Repository/Sayfalar/Giris_Sayfasi/Firma_Kodu' located by 'By.xpath: //*[@id = 'AccountName']' in '30' second(s)

2021-11-11 09:30:47 - [MESSAGE][INFO] - Smart Wait Function is triggered

2021-11-11 09:30:48 - [MESSAGE][INFO] - Found 1 web elements with id: 'Object Repository/Sayfalar/Giris_Sayfasi/Firma_Kodu' located by 'By.xpath: //*[@id = 'AccountName']' in '30' second(s)

2021-11-11 09:30:48 - [MESSAGE][PASSED] - Keys 'ELOGO6' sent to object: 'Object Repository/Sayfalar/Giris_Sayfasi/Firma_Kodu'

2021-11-11 09:30:48 - [TEST_STEP][PASSED] - sendKeys(findTestObject("Sayfalar/Giris_Sayfasi/Sifre"), Sifre): Keys '123456' sent to object: 'Object Repository/Sayfalar/Giris_Sayfasi/Sifre'

2021-11-11 09:30:48 - [MESSAGE][INFO] - Finding Test Object 'Object Repository/Sayfalar/Giris_Sayfasi/Sifre'

2021-11-11 09:30:48 - [MESSAGE][INFO] - Sending keys '123456' to object: 'Object Repository/Sayfalar/Giris_Sayfasi/Sifre'

2021-11-11 09:30:48 - [MESSAGE][INFO] - Finding web element from Test Object's properties

2021-11-11 09:30:48 - [MESSAGE][INFO] - Checking timeout

2021-11-11 09:30:48 - [MESSAGE][INFO] - Finding web element with id: 'Object Repository/Sayfalar/Giris_Sayfasi/Sifre' located by 'By.xpath: //*[@id = 'Password']' in '30' second(s)

2021-11-11 09:30:48 - [MESSAGE][INFO] - Smart Wait Function is triggered

2021-11-11 09:30:48 - [MESSAGE][INFO] - Found 1 web elements with id: 'Object Repository/Sayfalar/Giris_Sayfasi/Sifre' located by 'By.xpath: //*[@id = 'Password']' in '30' second(s)

2021-11-11 09:30:48 - [MESSAGE][PASSED] - Keys '123456' sent to object: 'Object Repository/Sayfalar/Giris_Sayfasi/Sifre'

2021-11-11 09:30:48 - [TEST_STEP][PASSED] - findWebElement(findTestObject("Sayfalar/Giris_Sayfasi/Giris_Butonu")).click(): Found 1 web elements with id: 'Object Repository/Sayfalar/Giris_Sayfasi/Giris_Butonu' located by 'By.cssSelector: #btnLogin' in '30' second(s)

2021-11-11 09:30:48 - [MESSAGE][INFO] - Finding Test Object 'Object Repository/Sayfalar/Giris_Sayfasi/Giris_Butonu'

2021-11-11 09:30:48 - [MESSAGE][INFO] - Finding web element from Test Object's properties

2021-11-11 09:30:48 - [MESSAGE][INFO] - Checking timeout

2021-11-11 09:30:48 - [MESSAGE][INFO] - Finding web element with id: 'Object Repository/Sayfalar/Giris_Sayfasi/Giris_Butonu' located by 'By.cssSelector: #btnLogin' in '30' second(s)

2021-11-11 09:30:48 - [MESSAGE][INFO] - Smart Wait Function is triggered

2021-11-11 09:30:48 - [MESSAGE][INFO] - Found 1 web elements with id: 'Object Repository/Sayfalar/Giris_Sayfasi/Giris_Butonu' located by 'By.cssSelector: #btnLogin' in '30' second(s)

2021-11-11 09:30:51 - [TEST_STEP][PASSED] - if (verifyElementPresent(findTestObject("Object Repository/Sayfalar/Giris_Sayfasi/RetveTamam_Butonu"), 5, OPTIONAL)): null

2021-11-11 09:30:51 - [MESSAGE][INFO] - Finding Test Object 'Object Repository/Sayfalar/Giris_Sayfasi/RetveTamam_Butonu'

2021-11-11 09:30:51 - [MESSAGE][INFO] - Checking object

2021-11-11 09:30:51 - [MESSAGE][INFO] - Finding web element from Test Object's properties

2021-11-11 09:30:51 - [MESSAGE][INFO] - Checking timeout

2021-11-11 09:30:51 - [MESSAGE][INFO] - Finding web element with id: 'Object Repository/Sayfalar/Giris_Sayfasi/RetveTamam_Butonu' located by 'By.xpath: //*[@class = 'btn btn-default']' in '5' second(s)

2021-11-11 09:30:51 - [MESSAGE][INFO] - Smart Wait Function is triggered

2021-11-11 09:30:52 - [MESSAGE][INFO] - Found 1 web elements with id: 'Object Repository/Sayfalar/Giris_Sayfasi/RetveTamam_Butonu' located by 'By.xpath: //*[@class = 'btn btn-default']' in '5' second(s)

2021-11-11 09:30:52 - [MESSAGE][PASSED] - Object 'Object Repository/Sayfalar/Giris_Sayfasi/RetveTamam_Butonu' is present

2021-11-11 09:30:52 - [TEST_STEP][PASSED] - click(findTestObject("Object Repository/Sayfalar/Giris_Sayfasi/RetveTamam_Butonu")): Object: 'Object Repository/Sayfalar/Giris_Sayfasi/RetveTamam_Butonu' is clicked on

2021-11-11 09:30:52 - [MESSAGE][INFO] - Finding Test Object 'Object Repository/Sayfalar/Giris_Sayfasi/RetveTamam_Butonu'

2021-11-11 09:30:52 - [MESSAGE][INFO] - Checking object

2021-11-11 09:30:52 - [MESSAGE][INFO] - Finding web element from Test Object's properties

2021-11-11 09:30:52 - [MESSAGE][INFO] - Checking timeout

2021-11-11 09:30:52 - [MESSAGE][INFO] - Finding web element with id: 'Object Repository/Sayfalar/Giris_Sayfasi/RetveTamam_Butonu' located by 'By.xpath: //*[@class = 'btn btn-default']' in '30' second(s)

2021-11-11 09:30:52 - [MESSAGE][INFO] - Smart Wait Function is triggered

2021-11-11 09:30:52 - [MESSAGE][INFO] - Found 1 web elements with id: 'Object Repository/Sayfalar/Giris_Sayfasi/RetveTamam_Butonu' located by 'By.xpath: //*[@class = 'btn btn-default']' in '30' second(s)

2021-11-11 09:30:52 - [MESSAGE][INFO] - Clicking on object: 'Object Repository/Sayfalar/Giris_Sayfasi/RetveTamam_Butonu'

2021-11-11 09:30:52 - [MESSAGE][PASSED] - Object: 'Object Repository/Sayfalar/Giris_Sayfasi/RetveTamam_Butonu' is clicked on

2021-11-11 09:30:52 - [TEST_STEP][PASSED] - click(findTestObject("Object Repository/Sayfalar/Giris_Sayfasi/RetveTamam_Butonu")): Object: 'Object Repository/Sayfalar/Giris_Sayfasi/RetveTamam_Butonu' is clicked on

2021-11-11 09:30:52 - [MESSAGE][INFO] - Finding Test Object 'Object Repository/Sayfalar/Giris_Sayfasi/RetveTamam_Butonu'

2021-11-11 09:30:52 - [MESSAGE][INFO] - Checking object

2021-11-11 09:30:52 - [MESSAGE][INFO] - Finding web element from Test Object's properties

2021-11-11 09:30:52 - [MESSAGE][INFO] - Checking timeout

2021-11-11 09:30:52 - [MESSAGE][INFO] - Finding web element with id: 'Object Repository/Sayfalar/Giris_Sayfasi/RetveTamam_Butonu' located by 'By.xpath: //*[@class = 'btn btn-default']' in '30' second(s)

2021-11-11 09:30:52 - [MESSAGE][INFO] - Smart Wait Function is triggered

2021-11-11 09:30:56 - [MESSAGE][INFO] - Found 1 web elements with id: 'Object Repository/Sayfalar/Giris_Sayfasi/RetveTamam_Butonu' located by 'By.xpath: //*[@class = 'btn btn-default']' in '30' second(s)

2021-11-11 09:30:56 - [MESSAGE][INFO] - Clicking on object: 'Object Repository/Sayfalar/Giris_Sayfasi/RetveTamam_Butonu'

2021-11-11 09:30:56 - [MESSAGE][PASSED] - Object: 'Object Repository/Sayfalar/Giris_Sayfasi/RetveTamam_Butonu' is clicked on

2021-11-11 09:30:56 - [TEST_STEP][PASSED] - if (verifyElementPresent(findTestObject("Sayfalar/Giris_Sayfasi/PopupOK"), 5, OPTIONAL)): null

2021-11-11 09:30:56 - [MESSAGE][INFO] - Finding Test Object 'Object Repository/Sayfalar/Giris_Sayfasi/PopupOK'

2021-11-11 09:30:56 - [MESSAGE][INFO] - Checking object

2021-11-11 09:30:56 - [MESSAGE][INFO] - Finding web element from Test Object's properties

2021-11-11 09:30:56 - [MESSAGE][INFO] - Checking timeout

2021-11-11 09:30:56 - [MESSAGE][INFO] - Finding web element with id: 'Object Repository/Sayfalar/Giris_Sayfasi/PopupOK' located by 'By.cssSelector: .btn.btn-success' in '5' second(s)

2021-11-11 09:30:56 - [MESSAGE][INFO] - Smart Wait Function is triggered

2021-11-11 09:30:57 - [MESSAGE][INFO] - Found 1 web elements with id: 'Object Repository/Sayfalar/Giris_Sayfasi/PopupOK' located by 'By.cssSelector: .btn.btn-success' in '5' second(s)

2021-11-11 09:30:57 - [MESSAGE][PASSED] - Object 'Object Repository/Sayfalar/Giris_Sayfasi/PopupOK' is present

2021-11-11 09:30:57 - [TEST_STEP][PASSED] - click(findTestObject("Object Repository/Sayfalar/Giris_Sayfasi/PopupCarpiGiris")): Object: 'Object Repository/Sayfalar/Giris_Sayfasi/PopupCarpiGiris' is clicked on

2021-11-11 09:30:57 - [MESSAGE][INFO] - Finding Test Object 'Object Repository/Sayfalar/Giris_Sayfasi/PopupCarpiGiris'

2021-11-11 09:30:57 - [MESSAGE][INFO] - Checking object

2021-11-11 09:30:57 - [MESSAGE][INFO] - Finding web element from Test Object's properties

2021-11-11 09:30:57 - [MESSAGE][INFO] - Checking timeout

2021-11-11 09:30:57 - [MESSAGE][INFO] - Finding web element with id: 'Object Repository/Sayfalar/Giris_Sayfasi/PopupCarpiGiris' located by 'By.cssSelector: .bootbox-close-button.close' in '30' second(s)

2021-11-11 09:30:57 - [MESSAGE][INFO] - Smart Wait Function is triggered

2021-11-11 09:30:57 - [MESSAGE][INFO] - Found 1 web elements with id: 'Object Repository/Sayfalar/Giris_Sayfasi/PopupCarpiGiris' located by 'By.cssSelector: .bootbox-close-button.close' in '30' second(s)

2021-11-11 09:30:57 - [MESSAGE][INFO] - Clicking on object: 'Object Repository/Sayfalar/Giris_Sayfasi/PopupCarpiGiris'

2021-11-11 09:30:58 - [MESSAGE][PASSED] - Object: 'Object Repository/Sayfalar/Giris_Sayfasi/PopupCarpiGiris' is clicked on

2021-11-11 09:30:58 - [TEST_STEP][PASSED] - verifyElementVisible(findTestObject("Object Repository/Kullanici_Islemleri/KullaniciIslemleri")): Object 'Object Repository/Kullanici_Islemleri/KullaniciIslemleri' is visible

2021-11-11 09:30:58 - [MESSAGE][INFO] - Finding Test Object 'Object Repository/Kullanici_Islemleri/KullaniciIslemleri'

2021-11-11 09:30:58 - [MESSAGE][INFO] - Checking object

2021-11-11 09:30:58 - [MESSAGE][INFO] - Finding web element from Test Object's properties

2021-11-11 09:30:58 - [MESSAGE][INFO] - Checking timeout

2021-11-11 09:30:58 - [MESSAGE][INFO] - Finding web element with id: 'Object Repository/Kullanici_Islemleri/KullaniciIslemleri' located by 'By.cssSelector: .dropdown>a>img' in '30' second(s)

2021-11-11 09:30:58 - [MESSAGE][INFO] - Smart Wait Function is triggered

2021-11-11 09:30:58 - [MESSAGE][INFO] - Found 1 web elements with id: 'Object Repository/Kullanici_Islemleri/KullaniciIslemleri' located by 'By.cssSelector: .dropdown>a>img' in '30' second(s)

2021-11-11 09:30:58 - [MESSAGE][PASSED] - Object 'Object Repository/Kullanici_Islemleri/KullaniciIslemleri' is visible

2021-11-11 09:30:58 - [MESSAGE][PASSED] - Call Test Case 'Test Cases/Sayfalar/Giris_Sayfasi/Login' successfully

2021-11-11 09:30:58 - [MESSAGE][INFO] - Checking called Test Case

2021-11-11 09:30:58 - [MESSAGE][INFO] - Starting to call Test Case 'Test Cases/Menu/AnaMenuSecimi'

2021-11-11 09:30:58 - [TEST_CASE][PASSED] - Test Cases/Menu/AnaMenuSecimi: Test Cases/Menu/AnaMenuSecimi

2021-11-11 09:30:58 - [TEST_STEP][PASSED] - Method.TextDegerineEsitElementeTikla(findTestObject("Menu/Ana_Menu"), Ana_Menu): Method.TextDegerineEsitElementeTikla is PASSED

2021-11-11 09:30:58 - [MESSAGE][INFO] - Finding Test Object 'Object Repository/Menu/Ana_Menu'

2021-11-11 09:30:59 - [MESSAGE][INFO] - Checking timeout

2021-11-11 09:30:59 - [MESSAGE][INFO] - Finding web element with id: 'Object Repository/Menu/Ana_Menu' located by 'By.xpath: //*[@class = 'dropdown-toggle']' in '10' second(s)

2021-11-11 09:30:59 - [MESSAGE][INFO] - Smart Wait Function is triggered

2021-11-11 09:30:59 - [MESSAGE][INFO] - Found 14 web elements with id: 'Object Repository/Menu/Ana_Menu' located by 'By.xpath: //*[@class = 'dropdown-toggle']' in '10' second(s)

2021-11-11 09:30:59 - [MESSAGE][PASSED] - Method.TextDegerineEsitElementeTikla is PASSED

2021-11-11 09:30:59 - [MESSAGE][PASSED] - Call Test Case 'Test Cases/Menu/AnaMenuSecimi' successfully

2021-11-11 09:30:59 - [MESSAGE][INFO] - Checking called Test Case

2021-11-11 09:30:59 - [MESSAGE][INFO] - Starting to call Test Case 'Test Cases/Menu/BasligaGoreAltMenuSecimi'

2021-11-11 09:30:59 - [TEST_CASE][PASSED] - Test Cases/Menu/BasligaGoreAltMenuSecimi: Test Cases/Menu/BasligaGoreAltMenuSecimi

2021-11-11 09:30:59 - [TEST_STEP][PASSED] - Method.TextDegerineEsitElementinAltindakiTextDegerineEsitOlanaTikla(findTestObject("Menu/Menu_Basligi"), findTestObject("Menu/Basliga_Gore_Alt_Menu"), Baslik, Alt_Menu): Method.TextDegerineEsitElementinAltindakiTextDegerineEsitOlanaTikla is PASSED

2021-11-11 09:30:59 - [MESSAGE][INFO] - Finding Test Object 'Object Repository/Menu/Menu_Basligi'

2021-11-11 09:30:59 - [MESSAGE][INFO] - Finding Test Object 'Object Repository/Menu/Basliga_Gore_Alt_Menu'

2021-11-11 09:30:59 - [MESSAGE][INFO] - Checking timeout

2021-11-11 09:30:59 - [MESSAGE][INFO] - Finding web element with id: 'Object Repository/Menu/Menu_Basligi' located by 'By.xpath: //li[@class='dropdown dropdown-large open']//li[@class='dropdown-header']' in '10' second(s)

2021-11-11 09:30:59 - [MESSAGE][INFO] - Smart Wait Function is triggered

2021-11-11 09:30:59 - [MESSAGE][INFO] - Found 3 web elements with id: 'Object Repository/Menu/Menu_Basligi' located by 'By.xpath: //li[@class='dropdown dropdown-large open']//li[@class='dropdown-header']' in '10' second(s)

2021-11-11 09:31:00 - [MESSAGE][INFO] - Smart Wait Function is triggered

2021-11-11 09:31:06 - [MESSAGE][PASSED] - Method.TextDegerineEsitElementinAltindakiTextDegerineEsitOlanaTikla is PASSED

2021-11-11 09:31:06 - [MESSAGE][PASSED] - Call Test Case 'Test Cases/Menu/BasligaGoreAltMenuSecimi' successfully

2021-11-11 09:31:06 - [MESSAGE][INFO] - Checking called Test Case

2021-11-11 09:31:06 - [MESSAGE][INFO] - Starting to call Test Case 'Test Cases/Filtreler/BaslangicYaz'

2021-11-11 09:31:06 - [TEST_CASE][PASSED] - Test Cases/Filtreler/BaslangicYaz: Test Cases/Filtreler/BaslangicYaz

2021-11-11 09:31:06 - [TEST_STEP][PASSED] - Method.TextDegerineEsitElementinAltindakineTikla(findTestObject("Filtreler/Basliklar"), findTestObject("Filtreler/Basliga_Gore_Baslangic_Image"), Filtre_Adi): Method.TextDegerineEsitElementinAltindakineTikla is PASSED

2021-11-11 09:31:06 - [MESSAGE][INFO] - Finding Test Object 'Object Repository/Filtreler/Basliklar'

2021-11-11 09:31:06 - [MESSAGE][INFO] - Finding Test Object 'Object Repository/Filtreler/Basliga_Gore_Baslangic_Image'

2021-11-11 09:31:06 - [MESSAGE][INFO] - Checking timeout

2021-11-11 09:31:06 - [MESSAGE][INFO] - Finding web element with id: 'Object Repository/Filtreler/Basliklar' located by 'By.cssSelector: .control-label.col-sm-4.paddingMarginRLC' in '10' second(s)

2021-11-11 09:31:06 - [MESSAGE][INFO] - Smart Wait Function is triggered

2021-11-11 09:31:06 - [MESSAGE][INFO] - Found 20 web elements with id: 'Object Repository/Filtreler/Basliklar' located by 'By.cssSelector: .control-label.col-sm-4.paddingMarginRLC' in '10' second(s)

2021-11-11 09:31:06 - [MESSAGE][INFO] - Smart Wait Function is triggered

2021-11-11 09:31:07 - [MESSAGE][PASSED] - Method.TextDegerineEsitElementinAltindakineTikla is PASSED

2021-11-11 09:31:07 - [TEST_STEP][PASSED] - Method.TextDegerineEsitElementinAltindakiTextboxtaYaz(findTestObject("Filtreler/Basliklar"), findTestObject("Filtreler/Basliga_Gore_Baslangic"), Filtre_Adi, Filtre_Degeri): Method.TextDegerineEsitElementinAltindakiTextboxtaYaz is PASSED

2021-11-11 09:31:07 - [MESSAGE][INFO] - Finding Test Object 'Object Repository/Filtreler/Basliklar'

2021-11-11 09:31:07 - [MESSAGE][INFO] - Finding Test Object 'Object Repository/Filtreler/Basliga_Gore_Baslangic'

2021-11-11 09:31:07 - [MESSAGE][INFO] - Checking timeout

2021-11-11 09:31:07 - [MESSAGE][INFO] - Finding web element with id: 'Object Repository/Filtreler/Basliklar' located by 'By.cssSelector: .control-label.col-sm-4.paddingMarginRLC' in '10' second(s)

2021-11-11 09:31:07 - [MESSAGE][INFO] - Smart Wait Function is triggered

2021-11-11 09:31:07 - [MESSAGE][INFO] - Found 20 web elements with id: 'Object Repository/Filtreler/Basliklar' located by 'By.cssSelector: .control-label.col-sm-4.paddingMarginRLC' in '10' second(s)

2021-11-11 09:31:07 - [MESSAGE][INFO] - Smart Wait Function is triggered

2021-11-11 09:31:08 - [MESSAGE][PASSED] - Method.TextDegerineEsitElementinAltindakiTextboxtaYaz is PASSED

2021-11-11 09:31:08 - [MESSAGE][PASSED] - Call Test Case 'Test Cases/Filtreler/BaslangicYaz' successfully

2021-11-11 09:31:08 - [MESSAGE][INFO] - Checking called Test Case

2021-11-11 09:31:08 - [MESSAGE][INFO] - Starting to call Test Case 'Test Cases/Filtreler/BitisYaz'

2021-11-11 09:31:08 - [TEST_CASE][PASSED] - Test Cases/Filtreler/BitisYaz: Test Cases/Filtreler/BitisYaz

2021-11-11 09:31:08 - [TEST_STEP][PASSED] - Method.TextDegerineEsitElementinAltindakineTikla(findTestObject("Filtreler/Basliklar"), findTestObject("Filtreler/Basliga_Gore_Bitis_Image"), Filtre_Adi): Method.TextDegerineEsitElementinAltindakineTikla is PASSED

2021-11-11 09:31:08 - [MESSAGE][INFO] - Finding Test Object 'Object Repository/Filtreler/Basliklar'

2021-11-11 09:31:08 - [MESSAGE][INFO] - Finding Test Object 'Object Repository/Filtreler/Basliga_Gore_Bitis_Image'

2021-11-11 09:31:08 - [MESSAGE][INFO] - Checking timeout

2021-11-11 09:31:08 - [MESSAGE][INFO] - Finding web element with id: 'Object Repository/Filtreler/Basliklar' located by 'By.cssSelector: .control-label.col-sm-4.paddingMarginRLC' in '10' second(s)

2021-11-11 09:31:08 - [MESSAGE][INFO] - Smart Wait Function is triggered

2021-11-11 09:31:08 - [MESSAGE][INFO] - Found 20 web elements with id: 'Object Repository/Filtreler/Basliklar' located by 'By.cssSelector: .control-label.col-sm-4.paddingMarginRLC' in '10' second(s)

2021-11-11 09:31:08 - [MESSAGE][INFO] - Smart Wait Function is triggered

2021-11-11 09:31:09 - [MESSAGE][PASSED] - Method.TextDegerineEsitElementinAltindakineTikla is PASSED

2021-11-11 09:31:09 - [TEST_STEP][PASSED] - Method.TextDegerineEsitElementinAltindakiTextboxtaYaz(findTestObject("Filtreler/Basliklar"), findTestObject("Object Repository/Filtreler/Basliga_Gore_Bitis"), Filtre_Adi, Filtre_Degeri): Method.TextDegerineEsitElementinAltindakiTextboxtaYaz is PASSED

2021-11-11 09:31:09 - [MESSAGE][INFO] - Finding Test Object 'Object Repository/Filtreler/Basliklar'

2021-11-11 09:31:09 - [MESSAGE][INFO] - Finding Test Object 'Object Repository/Filtreler/Basliga_Gore_Bitis'

2021-11-11 09:31:09 - [MESSAGE][INFO] - Checking timeout

2021-11-11 09:31:09 - [MESSAGE][INFO] - Finding web element with id: 'Object Repository/Filtreler/Basliklar' located by 'By.cssSelector: .control-label.col-sm-4.paddingMarginRLC' in '10' second(s)

2021-11-11 09:31:09 - [MESSAGE][INFO] - Smart Wait Function is triggered

2021-11-11 09:31:09 - [MESSAGE][INFO] - Found 20 web elements with id: 'Object Repository/Filtreler/Basliklar' located by 'By.cssSelector: .control-label.col-sm-4.paddingMarginRLC' in '10' second(s)

2021-11-11 09:31:09 - [MESSAGE][INFO] - Smart Wait Function is triggered

2021-11-11 09:31:10 - [MESSAGE][PASSED] - Method.TextDegerineEsitElementinAltindakiTextboxtaYaz is PASSED

2021-11-11 09:31:10 - [MESSAGE][PASSED] - Call Test Case 'Test Cases/Filtreler/BitisYaz' successfully

2021-11-11 09:31:10 - [MESSAGE][INFO] - Checking called Test Case

2021-11-11 09:31:10 - [MESSAGE][INFO] - Starting to call Test Case 'Test Cases/Filtreler/TexboxaYaz'

2021-11-11 09:31:10 - [TEST_CASE][PASSED] - Test Cases/Filtreler/TexboxaYaz: Test Cases/Filtreler/TexboxaYaz

2021-11-11 09:31:10 - [TEST_STEP][PASSED] - Method.TextDegerineEsitElementinAltindakiTextboxtaYaz(findTestObject("Filtreler/Basliklar"), findTestObject("Filtreler/Basliga_Gore_Textbox"), Filtre_Adi, Filtre_Degeri): Method.TextDegerineEsitElementinAltindakiTextboxtaYaz is PASSED

2021-11-11 09:31:10 - [MESSAGE][INFO] - Finding Test Object 'Object Repository/Filtreler/Basliklar'

2021-11-11 09:31:10 - [MESSAGE][INFO] - Finding Test Object 'Object Repository/Filtreler/Basliga_Gore_Textbox'

2021-11-11 09:31:10 - [MESSAGE][INFO] - Checking timeout

2021-11-11 09:31:10 - [MESSAGE][INFO] - Finding web element with id: 'Object Repository/Filtreler/Basliklar' located by 'By.cssSelector: .control-label.col-sm-4.paddingMarginRLC' in '10' second(s)

2021-11-11 09:31:10 - [MESSAGE][INFO] - Smart Wait Function is triggered

2021-11-11 09:31:10 - [MESSAGE][INFO] - Found 20 web elements with id: 'Object Repository/Filtreler/Basliklar' located by 'By.cssSelector: .control-label.col-sm-4.paddingMarginRLC' in '10' second(s)

2021-11-11 09:31:10 - [MESSAGE][INFO] - Smart Wait Function is triggered

2021-11-11 09:31:10 - [MESSAGE][PASSED] - Method.TextDegerineEsitElementinAltindakiTextboxtaYaz is PASSED

2021-11-11 09:31:10 - [MESSAGE][PASSED] - Call Test Case 'Test Cases/Filtreler/TexboxaYaz' successfully

2021-11-11 09:31:10 - [MESSAGE][INFO] - Checking called Test Case

2021-11-11 09:31:10 - [MESSAGE][INFO] - Starting to call Test Case 'Test Cases/Filtreler/ButonaTikla'

2021-11-11 09:31:11 - [TEST_CASE][PASSED] - Test Cases/Filtreler/ButonaTikla: Test Cases/Filtreler/ButonaTikla

2021-11-11 09:31:11 - [TEST_STEP][PASSED] - Method.TextDegerineEsitElementeTikla(findTestObject("Filtreler/Butonlar"), Filtre_Buton): Method.TextDegerineEsitElementeTikla is PASSED

2021-11-11 09:31:11 - [MESSAGE][INFO] - Finding Test Object 'Object Repository/Filtreler/Butonlar'

2021-11-11 09:31:11 - [MESSAGE][INFO] - Checking timeout

2021-11-11 09:31:11 - [MESSAGE][INFO] - Finding web element with id: 'Object Repository/Filtreler/Butonlar' located by 'By.cssSelector: .dxb>span' in '10' second(s)

2021-11-11 09:31:11 - [MESSAGE][INFO] - Smart Wait Function is triggered

2021-11-11 09:31:11 - [MESSAGE][INFO] - Found 3 web elements with id: 'Object Repository/Filtreler/Butonlar' located by 'By.cssSelector: .dxb>span' in '10' second(s)

2021-11-11 09:31:11 - [MESSAGE][PASSED] - Method.TextDegerineEsitElementeTikla is PASSED

2021-11-11 09:31:11 - [MESSAGE][PASSED] - Call Test Case 'Test Cases/Filtreler/ButonaTikla' successfully

2021-11-11 09:31:11 - [MESSAGE][INFO] - Checking called Test Case

2021-11-11 09:31:11 - [MESSAGE][INFO] - Starting to call Test Case 'Test Cases/Tablo/TablodaVeriVarMi'

2021-11-11 09:31:11 - [TEST_CASE][PASSED] - Test Cases/Tablo/TablodaVeriVarMi: Test Cases/Tablo/TablodaVeriVarMi

2021-11-11 09:31:11 - [TEST_STEP][PASSED] - verifyTextNotPresent("Görüntülenecek veri yok", true): Text 'Görüntülenecek veri yok' is not present on page using regular expression

2021-11-11 09:31:11 - [MESSAGE][INFO] - Checking text present  using regular expression

2021-11-11 09:31:11 - [MESSAGE][INFO] - Smart Wait Function is triggered

2021-11-11 09:31:12 - [MESSAGE][INFO] - Finding text 'Görüntülenecek veri yok' on page  using regular expression

2021-11-11 09:31:12 - [MESSAGE][PASSED] - Text 'Görüntülenecek veri yok' is not present on page using regular expression

2021-11-11 09:31:12 - [MESSAGE][PASSED] - Call Test Case 'Test Cases/Tablo/TablodaVeriVarMi' successfully

2021-11-11 09:31:12 - [MESSAGE][INFO] - Checking called Test Case

2021-11-11 09:31:12 - [MESSAGE][INFO] - Starting to call Test Case 'Test Cases/Tablo/TablodanVeriSec'

2021-11-11 09:31:12 - [TEST_CASE][PASSED] - Test Cases/Tablo/TablodanVeriSec: Test Cases/Tablo/TablodanVeriSec

2021-11-11 09:31:12 - [TEST_STEP][PASSED] - Method.TextDegerineEsitElementinAltindakineTikla(findTestObject("Tablo/Veriler"), findTestObject("Tablo/VerininCheckBoxi"), Veri_Adi): Method.TextDegerineEsitElementinAltindakineTikla is PASSED

2021-11-11 09:31:12 - [MESSAGE][INFO] - Finding Test Object 'Object Repository/Tablo/Veriler'

2021-11-11 09:31:13 - [MESSAGE][INFO] - Finding Test Object 'Object Repository/Tablo/VerininCheckBoxi'

2021-11-11 09:31:13 - [MESSAGE][INFO] - Checking timeout

2021-11-11 09:31:13 - [MESSAGE][INFO] - Finding web element with id: 'Object Repository/Tablo/Veriler' located by 'By.cssSelector: td.dxgv b ,td.dxgv' in '10' second(s)

2021-11-11 09:31:13 - [MESSAGE][INFO] - Smart Wait Function is triggered

2021-11-11 09:31:13 - [MESSAGE][INFO] - Found 140 web elements with id: 'Object Repository/Tablo/Veriler' located by 'By.cssSelector: td.dxgv b ,td.dxgv' in '10' second(s)

2021-11-11 09:31:13 - [MESSAGE][INFO] - Smart Wait Function is triggered

2021-11-11 09:31:13 - [MESSAGE][PASSED] - Method.TextDegerineEsitElementinAltindakineTikla is PASSED

2021-11-11 09:31:13 - [MESSAGE][PASSED] - Call Test Case 'Test Cases/Tablo/TablodanVeriSec' successfully

2021-11-11 09:31:13 - [MESSAGE][INFO] - Checking called Test Case

2021-11-11 09:31:13 - [MESSAGE][INFO] - Starting to call Test Case 'Test Cases/Butonlar/ButonaTikla'

2021-11-11 09:31:13 - [TEST_CASE][PASSED] - Test Cases/Butonlar/ButonaTikla: Test Cases/Butonlar/ButonaTikla

2021-11-11 09:31:13 - [TEST_STEP][PASSED] - Method.TextDegerineEsitElementeTiklaEquals(findTestObject("Butonlar/Butonlar"), Buton_Adi): Method.TextDegerineEsitElementeTiklaEquals is PASSED

2021-11-11 09:31:13 - [MESSAGE][INFO] - Finding Test Object 'Object Repository/Butonlar/Butonlar'

2021-11-11 09:31:13 - [MESSAGE][INFO] - Checking timeout

2021-11-11 09:31:13 - [MESSAGE][INFO] - Finding web element with id: 'Object Repository/Butonlar/Butonlar' located by 'By.cssSelector: .panel.panel-default.text-center.footerPanel .btn,.btn.btn-primary.btnControls' in '10' second(s)

2021-11-11 09:31:13 - [MESSAGE][INFO] - Smart Wait Function is triggered

2021-11-11 09:31:14 - [MESSAGE][INFO] - Found 17 web elements with id: 'Object Repository/Butonlar/Butonlar' located by 'By.cssSelector: .panel.panel-default.text-center.footerPanel .btn,.btn.btn-primary.btnControls' in '10' second(s)

2021-11-11 09:31:14 - [MESSAGE][PASSED] - Method.TextDegerineEsitElementeTiklaEquals is PASSED

2021-11-11 09:31:14 - [MESSAGE][PASSED] - Call Test Case 'Test Cases/Butonlar/ButonaTikla' successfully

2021-11-11 09:31:14 - [MESSAGE][INFO] - Checking called Test Case

2021-11-11 09:31:14 - [MESSAGE][INFO] - Starting to call Test Case 'Test Cases/Butonlar/AltButonaTikla'

2021-11-11 09:31:14 - [TEST_CASE][PASSED] - Test Cases/Butonlar/AltButonaTikla: Test Cases/Butonlar/AltButonaTikla

2021-11-11 09:31:14 - [TEST_STEP][PASSED] - Method.TextDegerineEsitElementeTikla(findTestObject("Butonlar/AltButonlar"), Alt_Buton): Method.TextDegerineEsitElementeTikla is PASSED

2021-11-11 09:31:14 - [MESSAGE][INFO] - Finding Test Object 'Object Repository/Butonlar/AltButonlar'

2021-11-11 09:31:14 - [MESSAGE][INFO] - Checking timeout

2021-11-11 09:31:14 - [MESSAGE][INFO] - Finding web element with id: 'Object Repository/Butonlar/AltButonlar' located by 'By.cssSelector: .btn-group.open li>a' in '10' second(s)

2021-11-11 09:31:14 - [MESSAGE][INFO] - Smart Wait Function is triggered

2021-11-11 09:31:14 - [MESSAGE][INFO] - Found 2 web elements with id: 'Object Repository/Butonlar/AltButonlar' located by 'By.cssSelector: .btn-group.open li>a' in '10' second(s)

2021-11-11 09:31:14 - [MESSAGE][PASSED] - Method.TextDegerineEsitElementeTikla is PASSED

2021-11-11 09:31:14 - [MESSAGE][PASSED] - Call Test Case 'Test Cases/Butonlar/AltButonaTikla' successfully

2021-11-11 09:31:14 - [MESSAGE][INFO] - Checking called Test Case

2021-11-11 09:31:14 - [MESSAGE][INFO] - Starting to call Test Case 'Test Cases/Popup/PopupMesajiIceriyorMu'

2021-11-11 09:31:14 - [TEST_CASE][PASSED] - Test Cases/Popup/PopupMesajiIceriyorMu: Test Cases/Popup/PopupMesajiIceriyorMu

2021-11-11 09:31:14 - [TEST_STEP][PASSED] - waitForElementVisible(findTestObject("Popup/Popup"), 10): Object 'Object Repository/Popup/Popup' is visible

2021-11-11 09:31:14 - [MESSAGE][INFO] - Finding Test Object 'Object Repository/Popup/Popup'

2021-11-11 09:31:15 - [MESSAGE][INFO] - Checking object

2021-11-11 09:31:15 - [MESSAGE][INFO] - Checking timeout

2021-11-11 09:31:15 - [MESSAGE][INFO] - Finding web element from Test Object's properties

2021-11-11 09:31:15 - [MESSAGE][INFO] - Checking timeout

2021-11-11 09:31:15 - [MESSAGE][INFO] - Finding web element with id: 'Object Repository/Popup/Popup' located by 'By.cssSelector: .bootbox-body' in '10' second(s)

2021-11-11 09:31:15 - [MESSAGE][INFO] - Smart Wait Function is triggered

2021-11-11 09:31:15 - [MESSAGE][INFO] - Found 1 web elements with id: 'Object Repository/Popup/Popup' located by 'By.cssSelector: .bootbox-body' in '10' second(s)

2021-11-11 09:31:15 - [MESSAGE][PASSED] - Object 'Object Repository/Popup/Popup' is visible

2021-11-11 09:31:15 - [TEST_STEP][PASSED] - if (!(getText(findTestObject("Popup/Popup")).contains(Mesaj))): Text of object 'Object Repository/Popup/Popup' is: 'Lütfen rapor bildiriminin gönderileceği e-posta adresini belirtiniz.
e-Posta Adresi'

2021-11-11 09:31:15 - [MESSAGE][INFO] - Finding Test Object 'Object Repository/Popup/Popup'

2021-11-11 09:31:16 - [MESSAGE][INFO] - Checking object

2021-11-11 09:31:16 - [MESSAGE][INFO] - Finding web element from Test Object's properties

2021-11-11 09:31:16 - [MESSAGE][INFO] - Checking timeout

2021-11-11 09:31:16 - [MESSAGE][INFO] - Finding web element with id: 'Object Repository/Popup/Popup' located by 'By.cssSelector: .bootbox-body' in '30' second(s)

2021-11-11 09:31:16 - [MESSAGE][INFO] - Smart Wait Function is triggered

2021-11-11 09:31:16 - [MESSAGE][INFO] - Found 1 web elements with id: 'Object Repository/Popup/Popup' located by 'By.cssSelector: .bootbox-body' in '30' second(s)

2021-11-11 09:31:16 - [MESSAGE][INFO] - Getting text of object 'Object Repository/Popup/Popup'

2021-11-11 09:31:16 - [MESSAGE][PASSED] - Text of object 'Object Repository/Popup/Popup' is: 'Lütfen rapor bildiriminin gönderileceği e-posta adresini belirtiniz.
e-Posta Adresi'

2021-11-11 09:31:16 - [TEST_STEP][PASSED] - RaporNo = getText(findTestObject("Popup/Popup")).substring(0, 6): Text of object 'Object Repository/Popup/Popup' is: 'Lütfen rapor bildiriminin gönderileceği e-posta adresini belirtiniz.
e-Posta Adresi'

2021-11-11 09:31:16 - [MESSAGE][INFO] - Finding Test Object 'Object Repository/Popup/Popup'

2021-11-11 09:31:16 - [MESSAGE][INFO] - Checking object

2021-11-11 09:31:16 - [MESSAGE][INFO] - Finding web element from Test Object's properties

2021-11-11 09:31:16 - [MESSAGE][INFO] - Checking timeout

2021-11-11 09:31:16 - [MESSAGE][INFO] - Finding web element with id: 'Object Repository/Popup/Popup' located by 'By.cssSelector: .bootbox-body' in '30' second(s)

2021-11-11 09:31:16 - [MESSAGE][INFO] - Smart Wait Function is triggered

2021-11-11 09:31:16 - [MESSAGE][INFO] - Found 1 web elements with id: 'Object Repository/Popup/Popup' located by 'By.cssSelector: .bootbox-body' in '30' second(s)

2021-11-11 09:31:16 - [MESSAGE][INFO] - Getting text of object 'Object Repository/Popup/Popup'

2021-11-11 09:31:16 - [MESSAGE][PASSED] - Text of object 'Object Repository/Popup/Popup' is: 'Lütfen rapor bildiriminin gönderileceği e-posta adresini belirtiniz.
e-Posta Adresi'

2021-11-11 09:31:16 - [TEST_STEP][PASSED] - Console.println(RaporNo): null

2021-11-11 09:31:16 - [MESSAGE][PASSED] - Call Test Case 'Test Cases/Popup/PopupMesajiIceriyorMu' successfully

2021-11-11 09:31:16 - [MESSAGE][INFO] - Checking called Test Case

2021-11-11 09:31:16 - [MESSAGE][INFO] - Starting to call Test Case 'Test Cases/Popup/PopupaEmailEklenir'

2021-11-11 09:31:16 - [TEST_CASE][PASSED] - Test Cases/Popup/PopupaEmailEklenir: Test Cases/Popup/PopupaEmailEklenir

2021-11-11 09:31:16 - [TEST_STEP][PASSED] - clearText(findTestObject("Popup/EmailText")): Text of object 'Object Repository/Popup/EmailText' is cleared

2021-11-11 09:31:16 - [MESSAGE][INFO] - Finding Test Object 'Object Repository/Popup/EmailText'

2021-11-11 09:31:16 - [MESSAGE][INFO] - Checking object

2021-11-11 09:31:16 - [MESSAGE][INFO] - Finding web element from Test Object's properties

2021-11-11 09:31:16 - [MESSAGE][INFO] - Checking timeout

2021-11-11 09:31:16 - [MESSAGE][INFO] - Finding web element with id: 'Object Repository/Popup/EmailText' located by 'By.xpath: //*[@id="eMails"]' in '30' second(s)

2021-11-11 09:31:16 - [MESSAGE][INFO] - Smart Wait Function is triggered

2021-11-11 09:31:17 - [MESSAGE][INFO] - Found 1 web elements with id: 'Object Repository/Popup/EmailText' located by 'By.xpath: //*[@id="eMails"]' in '30' second(s)

2021-11-11 09:31:17 - [MESSAGE][INFO] - Clearing text of object 'Object Repository/Popup/EmailText'

2021-11-11 09:31:17 - [MESSAGE][PASSED] - Text of object 'Object Repository/Popup/EmailText' is cleared

2021-11-11 09:31:17 - [TEST_STEP][PASSED] - sendKeys(findTestObject("Popup/EmailText"), Email): Keys 'elogotest@gmail.com;ali.kara@logo.com.tr' sent to object: 'Object Repository/Popup/EmailText'

2021-11-11 09:31:17 - [MESSAGE][INFO] - Finding Test Object 'Object Repository/Popup/EmailText'

2021-11-11 09:31:17 - [MESSAGE][INFO] - Sending keys 'elogotest@gmail.com;ali.kara@logo.com.tr' to object: 'Object Repository/Popup/EmailText'

2021-11-11 09:31:17 - [MESSAGE][INFO] - Finding web element from Test Object's properties

2021-11-11 09:31:17 - [MESSAGE][INFO] - Checking timeout

2021-11-11 09:31:17 - [MESSAGE][INFO] - Finding web element with id: 'Object Repository/Popup/EmailText' located by 'By.xpath: //*[@id="eMails"]' in '30' second(s)

2021-11-11 09:31:17 - [MESSAGE][INFO] - Smart Wait Function is triggered

2021-11-11 09:31:17 - [MESSAGE][INFO] - Found 1 web elements with id: 'Object Repository/Popup/EmailText' located by 'By.xpath: //*[@id="eMails"]' in '30' second(s)

2021-11-11 09:31:17 - [MESSAGE][PASSED] - Keys 'elogotest@gmail.com;ali.kara@logo.com.tr' sent to object: 'Object Repository/Popup/EmailText'

2021-11-11 09:31:17 - [MESSAGE][PASSED] - Call Test Case 'Test Cases/Popup/PopupaEmailEklenir' successfully

2021-11-11 09:31:17 - [MESSAGE][INFO] - Checking called Test Case

2021-11-11 09:31:17 - [MESSAGE][INFO] - Starting to call Test Case 'Test Cases/Popup/PopupButonSecilir'

2021-11-11 09:31:17 - [TEST_CASE][PASSED] - Test Cases/Popup/PopupButonSecilir: Test Cases/Popup/PopupButonSecilir

2021-11-11 09:31:17 - [TEST_STEP][PASSED] - Method.TextDegerineEsitElementeTikla(findTestObject("Popup/Popup_Butons"), Buton): Method.TextDegerineEsitElementeTikla is PASSED

2021-11-11 09:31:17 - [MESSAGE][INFO] - Finding Test Object 'Object Repository/Popup/Popup_Butons'

2021-11-11 09:31:17 - [MESSAGE][INFO] - Checking timeout

2021-11-11 09:31:17 - [MESSAGE][INFO] - Finding web element with id: 'Object Repository/Popup/Popup_Butons' located by 'By.cssSelector: .modal-footer>button' in '10' second(s)

2021-11-11 09:31:17 - [MESSAGE][INFO] - Smart Wait Function is triggered

2021-11-11 09:31:18 - [MESSAGE][INFO] - Found 2 web elements with id: 'Object Repository/Popup/Popup_Butons' located by 'By.cssSelector: .modal-footer>button' in '10' second(s)

2021-11-11 09:31:18 - [MESSAGE][PASSED] - Method.TextDegerineEsitElementeTikla is PASSED

2021-11-11 09:31:18 - [MESSAGE][PASSED] - Call Test Case 'Test Cases/Popup/PopupButonSecilir' successfully

2021-11-11 09:31:18 - [MESSAGE][INFO] - Checking called Test Case

2021-11-11 09:31:18 - [MESSAGE][INFO] - Starting to call Test Case 'Test Cases/Popup/PopupMesajiIceriyorMu'

2021-11-11 09:31:18 - [TEST_CASE][PASSED] - Test Cases/Popup/PopupMesajiIceriyorMu: Test Cases/Popup/PopupMesajiIceriyorMu

2021-11-11 09:31:18 - [TEST_STEP][PASSED] - waitForElementVisible(findTestObject("Popup/Popup"), 10): Object 'Object Repository/Popup/Popup' is visible

2021-11-11 09:31:18 - [MESSAGE][INFO] - Finding Test Object 'Object Repository/Popup/Popup'

2021-11-11 09:31:18 - [MESSAGE][INFO] - Checking object

2021-11-11 09:31:18 - [MESSAGE][INFO] - Checking timeout

2021-11-11 09:31:18 - [MESSAGE][INFO] - Finding web element from Test Object's properties

2021-11-11 09:31:18 - [MESSAGE][INFO] - Checking timeout

2021-11-11 09:31:18 - [MESSAGE][INFO] - Finding web element with id: 'Object Repository/Popup/Popup' located by 'By.cssSelector: .bootbox-body' in '10' second(s)

2021-11-11 09:31:18 - [MESSAGE][INFO] - Smart Wait Function is triggered

2021-11-11 09:31:18 - [MESSAGE][INFO] - Found 1 web elements with id: 'Object Repository/Popup/Popup' located by 'By.cssSelector: .bootbox-body' in '10' second(s)

2021-11-11 09:31:18 - [MESSAGE][PASSED] - Object 'Object Repository/Popup/Popup' is visible

2021-11-11 09:31:18 - [TEST_STEP][PASSED] - if (!(getText(findTestObject("Popup/Popup")).contains(Mesaj))): Text of object 'Object Repository/Popup/Popup' is: '16239 no’lu talebiniz işleme alınmıştır. Raporunuz hazırlandığında (elogotest@gmail.com;ali.kara@logo.com.tr) adresinize mail gönderilecektir.
Rapor durumunuzu Raporlar > Toplu Veri İndirme ekranından takip edebilir, hazırlandı durumundaki raporlarınızı ilgili menüden indirebilirsiniz.'

2021-11-11 09:31:18 - [MESSAGE][INFO] - Finding Test Object 'Object Repository/Popup/Popup'

2021-11-11 09:31:18 - [MESSAGE][INFO] - Checking object

2021-11-11 09:31:18 - [MESSAGE][INFO] - Finding web element from Test Object's properties

2021-11-11 09:31:18 - [MESSAGE][INFO] - Checking timeout

2021-11-11 09:31:18 - [MESSAGE][INFO] - Finding web element with id: 'Object Repository/Popup/Popup' located by 'By.cssSelector: .bootbox-body' in '30' second(s)

2021-11-11 09:31:18 - [MESSAGE][INFO] - Smart Wait Function is triggered

2021-11-11 09:31:19 - [MESSAGE][INFO] - Found 1 web elements with id: 'Object Repository/Popup/Popup' located by 'By.cssSelector: .bootbox-body' in '30' second(s)

2021-11-11 09:31:19 - [MESSAGE][INFO] - Getting text of object 'Object Repository/Popup/Popup'

2021-11-11 09:31:19 - [MESSAGE][PASSED] - Text of object 'Object Repository/Popup/Popup' is: '16239 no’lu talebiniz işleme alınmıştır. Raporunuz hazırlandığında (elogotest@gmail.com;ali.kara@logo.com.tr) adresinize mail gönderilecektir.
Rapor durumunuzu Raporlar > Toplu Veri İndirme ekranından takip edebilir, hazırlandı durumundaki raporlarınızı ilgili menüden indirebilirsiniz.'

2021-11-11 09:31:19 - [TEST_STEP][PASSED] - RaporNo = getText(findTestObject("Popup/Popup")).substring(0, 6): Text of object 'Object Repository/Popup/Popup' is: '16239 no’lu talebiniz işleme alınmıştır. Raporunuz hazırlandığında (elogotest@gmail.com;ali.kara@logo.com.tr) adresinize mail gönderilecektir.
Rapor durumunuzu Raporlar > Toplu Veri İndirme ekranından takip edebilir, hazırlandı durumundaki raporlarınızı ilgili menüden indirebilirsiniz.'

2021-11-11 09:31:19 - [MESSAGE][INFO] - Finding Test Object 'Object Repository/Popup/Popup'

2021-11-11 09:31:19 - [MESSAGE][INFO] - Checking object

2021-11-11 09:31:19 - [MESSAGE][INFO] - Finding web element from Test Object's properties

2021-11-11 09:31:19 - [MESSAGE][INFO] - Checking timeout

2021-11-11 09:31:19 - [MESSAGE][INFO] - Finding web element with id: 'Object Repository/Popup/Popup' located by 'By.cssSelector: .bootbox-body' in '30' second(s)

2021-11-11 09:31:19 - [MESSAGE][INFO] - Smart Wait Function is triggered

2021-11-11 09:31:19 - [MESSAGE][INFO] - Found 1 web elements with id: 'Object Repository/Popup/Popup' located by 'By.cssSelector: .bootbox-body' in '30' second(s)

2021-11-11 09:31:19 - [MESSAGE][INFO] - Getting text of object 'Object Repository/Popup/Popup'

2021-11-11 09:31:19 - [MESSAGE][PASSED] - Text of object 'Object Repository/Popup/Popup' is: '16239 no’lu talebiniz işleme alınmıştır. Raporunuz hazırlandığında (elogotest@gmail.com;ali.kara@logo.com.tr) adresinize mail gönderilecektir.
Rapor durumunuzu Raporlar > Toplu Veri İndirme ekranından takip edebilir, hazırlandı durumundaki raporlarınızı ilgili menüden indirebilirsiniz.'

2021-11-11 09:31:19 - [TEST_STEP][PASSED] - Console.println(RaporNo): null

2021-11-11 09:31:19 - [MESSAGE][PASSED] - Call Test Case 'Test Cases/Popup/PopupMesajiIceriyorMu' successfully

2021-11-11 09:31:19 - [MESSAGE][INFO] - Checking called Test Case

2021-11-11 09:31:19 - [MESSAGE][INFO] - Starting to call Test Case 'Test Cases/Popup/PopupButonSecilir'

2021-11-11 09:31:19 - [TEST_CASE][PASSED] - Test Cases/Popup/PopupButonSecilir: Test Cases/Popup/PopupButonSecilir

2021-11-11 09:31:19 - [TEST_STEP][PASSED] - Method.TextDegerineEsitElementeTikla(findTestObject("Popup/Popup_Butons"), Buton): Method.TextDegerineEsitElementeTikla is PASSED

2021-11-11 09:31:19 - [MESSAGE][INFO] - Finding Test Object 'Object Repository/Popup/Popup_Butons'

2021-11-11 09:31:19 - [MESSAGE][INFO] - Checking timeout

2021-11-11 09:31:19 - [MESSAGE][INFO] - Finding web element with id: 'Object Repository/Popup/Popup_Butons' located by 'By.cssSelector: .modal-footer>button' in '10' second(s)

2021-11-11 09:31:19 - [MESSAGE][INFO] - Smart Wait Function is triggered

2021-11-11 09:31:19 - [MESSAGE][INFO] - Found 1 web elements with id: 'Object Repository/Popup/Popup_Butons' located by 'By.cssSelector: .modal-footer>button' in '10' second(s)

2021-11-11 09:31:20 - [MESSAGE][PASSED] - Method.TextDegerineEsitElementeTikla is PASSED

2021-11-11 09:31:20 - [MESSAGE][PASSED] - Call Test Case 'Test Cases/Popup/PopupButonSecilir' successfully

2021-11-11 09:31:20 - [MESSAGE][INFO] - Checking called Test Case

2021-11-11 09:31:20 - [MESSAGE][INFO] - Starting to call Test Case 'Test Cases/Butonlar/ButonaTikla'

2021-11-11 09:31:20 - [TEST_CASE][PASSED] - Test Cases/Butonlar/ButonaTikla: Test Cases/Butonlar/ButonaTikla

2021-11-11 09:31:20 - [TEST_STEP][PASSED] - Method.TextDegerineEsitElementeTiklaEquals(findTestObject("Butonlar/Butonlar"), Buton_Adi): Method.TextDegerineEsitElementeTiklaEquals is PASSED

2021-11-11 09:31:20 - [MESSAGE][INFO] - Finding Test Object 'Object Repository/Butonlar/Butonlar'

2021-11-11 09:31:20 - [MESSAGE][INFO] - Checking timeout

2021-11-11 09:31:20 - [MESSAGE][INFO] - Finding web element with id: 'Object Repository/Butonlar/Butonlar' located by 'By.cssSelector: .panel.panel-default.text-center.footerPanel .btn,.btn.btn-primary.btnControls' in '10' second(s)

2021-11-11 09:31:20 - [MESSAGE][INFO] - Smart Wait Function is triggered

2021-11-11 09:31:20 - [MESSAGE][INFO] - Found 17 web elements with id: 'Object Repository/Butonlar/Butonlar' located by 'By.cssSelector: .panel.panel-default.text-center.footerPanel .btn,.btn.btn-primary.btnControls' in '10' second(s)

2021-11-11 09:31:20 - [MESSAGE][PASSED] - Method.TextDegerineEsitElementeTiklaEquals is PASSED

2021-11-11 09:31:20 - [MESSAGE][PASSED] - Call Test Case 'Test Cases/Butonlar/ButonaTikla' successfully

2021-11-11 09:31:20 - [MESSAGE][INFO] - Checking called Test Case

2021-11-11 09:31:20 - [MESSAGE][INFO] - Starting to call Test Case 'Test Cases/Butonlar/AltButonaTikla'

2021-11-11 09:31:21 - [TEST_CASE][PASSED] - Test Cases/Butonlar/AltButonaTikla: Test Cases/Butonlar/AltButonaTikla

2021-11-11 09:31:21 - [TEST_STEP][PASSED] - Method.TextDegerineEsitElementeTikla(findTestObject("Butonlar/AltButonlar"), Alt_Buton): Method.TextDegerineEsitElementeTikla is PASSED

2021-11-11 09:31:21 - [MESSAGE][INFO] - Finding Test Object 'Object Repository/Butonlar/AltButonlar'

2021-11-11 09:31:21 - [MESSAGE][INFO] - Checking timeout

2021-11-11 09:31:21 - [MESSAGE][INFO] - Finding web element with id: 'Object Repository/Butonlar/AltButonlar' located by 'By.cssSelector: .btn-group.open li>a' in '10' second(s)

2021-11-11 09:31:21 - [MESSAGE][INFO] - Smart Wait Function is triggered

2021-11-11 09:31:21 - [MESSAGE][INFO] - Found 2 web elements with id: 'Object Repository/Butonlar/AltButonlar' located by 'By.cssSelector: .btn-group.open li>a' in '10' second(s)

2021-11-11 09:31:21 - [MESSAGE][PASSED] - Method.TextDegerineEsitElementeTikla is PASSED

2021-11-11 09:31:21 - [MESSAGE][PASSED] - Call Test Case 'Test Cases/Butonlar/AltButonaTikla' successfully

2021-11-11 09:31:21 - [MESSAGE][INFO] - Checking called Test Case

2021-11-11 09:31:21 - [MESSAGE][INFO] - Starting to call Test Case 'Test Cases/Popup/PopupMesajiIceriyorMu'

2021-11-11 09:31:21 - [TEST_CASE][PASSED] - Test Cases/Popup/PopupMesajiIceriyorMu: Test Cases/Popup/PopupMesajiIceriyorMu

2021-11-11 09:31:21 - [TEST_STEP][PASSED] - waitForElementVisible(findTestObject("Popup/Popup"), 10): Object 'Object Repository/Popup/Popup' is visible

2021-11-11 09:31:21 - [MESSAGE][INFO] - Finding Test Object 'Object Repository/Popup/Popup'

2021-11-11 09:31:21 - [MESSAGE][INFO] - Checking object

2021-11-11 09:31:21 - [MESSAGE][INFO] - Checking timeout

2021-11-11 09:31:21 - [MESSAGE][INFO] - Finding web element from Test Object's properties

2021-11-11 09:31:21 - [MESSAGE][INFO] - Checking timeout

2021-11-11 09:31:21 - [MESSAGE][INFO] - Finding web element with id: 'Object Repository/Popup/Popup' located by 'By.cssSelector: .bootbox-body' in '10' second(s)

2021-11-11 09:31:21 - [MESSAGE][INFO] - Smart Wait Function is triggered

2021-11-11 09:31:22 - [MESSAGE][INFO] - Found 1 web elements with id: 'Object Repository/Popup/Popup' located by 'By.cssSelector: .bootbox-body' in '10' second(s)

2021-11-11 09:31:22 - [MESSAGE][PASSED] - Object 'Object Repository/Popup/Popup' is visible

2021-11-11 09:31:22 - [TEST_STEP][PASSED] - if (!(getText(findTestObject("Popup/Popup")).contains(Mesaj))): Text of object 'Object Repository/Popup/Popup' is: 'Lütfen rapor bildiriminin gönderileceği e-posta adresini belirtiniz.
e-Posta Adresi'

2021-11-11 09:31:22 - [MESSAGE][INFO] - Finding Test Object 'Object Repository/Popup/Popup'

2021-11-11 09:31:22 - [MESSAGE][INFO] - Checking object

2021-11-11 09:31:22 - [MESSAGE][INFO] - Finding web element from Test Object's properties

2021-11-11 09:31:22 - [MESSAGE][INFO] - Checking timeout

2021-11-11 09:31:22 - [MESSAGE][INFO] - Finding web element with id: 'Object Repository/Popup/Popup' located by 'By.cssSelector: .bootbox-body' in '30' second(s)

2021-11-11 09:31:22 - [MESSAGE][INFO] - Smart Wait Function is triggered

2021-11-11 09:31:22 - [MESSAGE][INFO] - Found 1 web elements with id: 'Object Repository/Popup/Popup' located by 'By.cssSelector: .bootbox-body' in '30' second(s)

2021-11-11 09:31:22 - [MESSAGE][INFO] - Getting text of object 'Object Repository/Popup/Popup'

2021-11-11 09:31:22 - [MESSAGE][PASSED] - Text of object 'Object Repository/Popup/Popup' is: 'Lütfen rapor bildiriminin gönderileceği e-posta adresini belirtiniz.
e-Posta Adresi'

2021-11-11 09:31:22 - [TEST_STEP][PASSED] - RaporNo = getText(findTestObject("Popup/Popup")).substring(0, 6): Text of object 'Object Repository/Popup/Popup' is: 'Lütfen rapor bildiriminin gönderileceği e-posta adresini belirtiniz.
e-Posta Adresi'

2021-11-11 09:31:22 - [MESSAGE][INFO] - Finding Test Object 'Object Repository/Popup/Popup'

2021-11-11 09:31:22 - [MESSAGE][INFO] - Checking object

2021-11-11 09:31:22 - [MESSAGE][INFO] - Finding web element from Test Object's properties

2021-11-11 09:31:22 - [MESSAGE][INFO] - Checking timeout

2021-11-11 09:31:22 - [MESSAGE][INFO] - Finding web element with id: 'Object Repository/Popup/Popup' located by 'By.cssSelector: .bootbox-body' in '30' second(s)

2021-11-11 09:31:22 - [MESSAGE][INFO] - Smart Wait Function is triggered

2021-11-11 09:31:22 - [MESSAGE][INFO] - Found 1 web elements with id: 'Object Repository/Popup/Popup' located by 'By.cssSelector: .bootbox-body' in '30' second(s)

2021-11-11 09:31:22 - [MESSAGE][INFO] - Getting text of object 'Object Repository/Popup/Popup'

2021-11-11 09:31:22 - [MESSAGE][PASSED] - Text of object 'Object Repository/Popup/Popup' is: 'Lütfen rapor bildiriminin gönderileceği e-posta adresini belirtiniz.
e-Posta Adresi'

2021-11-11 09:31:22 - [TEST_STEP][PASSED] - Console.println(RaporNo): null

2021-11-11 09:31:22 - [MESSAGE][PASSED] - Call Test Case 'Test Cases/Popup/PopupMesajiIceriyorMu' successfully

2021-11-11 09:31:22 - [MESSAGE][INFO] - Checking called Test Case

2021-11-11 09:31:22 - [MESSAGE][INFO] - Starting to call Test Case 'Test Cases/Popup/PopupaEmailEklenir'

2021-11-11 09:31:22 - [TEST_CASE][PASSED] - Test Cases/Popup/PopupaEmailEklenir: Test Cases/Popup/PopupaEmailEklenir

2021-11-11 09:31:22 - [TEST_STEP][PASSED] - clearText(findTestObject("Popup/EmailText")): Text of object 'Object Repository/Popup/EmailText' is cleared

2021-11-11 09:31:22 - [MESSAGE][INFO] - Finding Test Object 'Object Repository/Popup/EmailText'

2021-11-11 09:31:22 - [MESSAGE][INFO] - Checking object

2021-11-11 09:31:22 - [MESSAGE][INFO] - Finding web element from Test Object's properties

2021-11-11 09:31:22 - [MESSAGE][INFO] - Checking timeout

2021-11-11 09:31:22 - [MESSAGE][INFO] - Finding web element with id: 'Object Repository/Popup/EmailText' located by 'By.xpath: //*[@id="eMails"]' in '30' second(s)

2021-11-11 09:31:22 - [MESSAGE][INFO] - Smart Wait Function is triggered

2021-11-11 09:31:23 - [MESSAGE][INFO] - Found 1 web elements with id: 'Object Repository/Popup/EmailText' located by 'By.xpath: //*[@id="eMails"]' in '30' second(s)

2021-11-11 09:31:23 - [MESSAGE][INFO] - Clearing text of object 'Object Repository/Popup/EmailText'

2021-11-11 09:31:23 - [MESSAGE][PASSED] - Text of object 'Object Repository/Popup/EmailText' is cleared

2021-11-11 09:31:23 - [TEST_STEP][PASSED] - sendKeys(findTestObject("Popup/EmailText"), Email): Keys 'elogotest@gmail.com;ali.kara@logo.com.tr' sent to object: 'Object Repository/Popup/EmailText'

2021-11-11 09:31:23 - [MESSAGE][INFO] - Finding Test Object 'Object Repository/Popup/EmailText'

2021-11-11 09:31:23 - [MESSAGE][INFO] - Sending keys 'elogotest@gmail.com;ali.kara@logo.com.tr' to object: 'Object Repository/Popup/EmailText'

2021-11-11 09:31:23 - [MESSAGE][INFO] - Finding web element from Test Object's properties

2021-11-11 09:31:23 - [MESSAGE][INFO] - Checking timeout

2021-11-11 09:31:23 - [MESSAGE][INFO] - Finding web element with id: 'Object Repository/Popup/EmailText' located by 'By.xpath: //*[@id="eMails"]' in '30' second(s)

2021-11-11 09:31:23 - [MESSAGE][INFO] - Smart Wait Function is triggered

2021-11-11 09:31:23 - [MESSAGE][INFO] - Found 1 web elements with id: 'Object Repository/Popup/EmailText' located by 'By.xpath: //*[@id="eMails"]' in '30' second(s)

2021-11-11 09:31:23 - [MESSAGE][PASSED] - Keys 'elogotest@gmail.com;ali.kara@logo.com.tr' sent to object: 'Object Repository/Popup/EmailText'

2021-11-11 09:31:23 - [MESSAGE][PASSED] - Call Test Case 'Test Cases/Popup/PopupaEmailEklenir' successfully

2021-11-11 09:31:23 - [MESSAGE][INFO] - Checking called Test Case

2021-11-11 09:31:23 - [MESSAGE][INFO] - Starting to call Test Case 'Test Cases/Popup/PopupButonSecilir'

2021-11-11 09:31:23 - [TEST_CASE][PASSED] - Test Cases/Popup/PopupButonSecilir: Test Cases/Popup/PopupButonSecilir

2021-11-11 09:31:23 - [TEST_STEP][PASSED] - Method.TextDegerineEsitElementeTikla(findTestObject("Popup/Popup_Butons"), Buton): Method.TextDegerineEsitElementeTikla is PASSED

2021-11-11 09:31:23 - [MESSAGE][INFO] - Finding Test Object 'Object Repository/Popup/Popup_Butons'

2021-11-11 09:31:23 - [MESSAGE][INFO] - Checking timeout

2021-11-11 09:31:23 - [MESSAGE][INFO] - Finding web element with id: 'Object Repository/Popup/Popup_Butons' located by 'By.cssSelector: .modal-footer>button' in '10' second(s)

2021-11-11 09:31:23 - [MESSAGE][INFO] - Smart Wait Function is triggered

2021-11-11 09:31:24 - [MESSAGE][INFO] - Found 2 web elements with id: 'Object Repository/Popup/Popup_Butons' located by 'By.cssSelector: .modal-footer>button' in '10' second(s)

2021-11-11 09:31:24 - [MESSAGE][PASSED] - Method.TextDegerineEsitElementeTikla is PASSED

2021-11-11 09:31:24 - [MESSAGE][PASSED] - Call Test Case 'Test Cases/Popup/PopupButonSecilir' successfully

2021-11-11 09:31:24 - [MESSAGE][INFO] - Checking called Test Case

2021-11-11 09:31:24 - [MESSAGE][INFO] - Starting to call Test Case 'Test Cases/Popup/PopupMesajiIceriyorMu'

2021-11-11 09:31:24 - [TEST_CASE][PASSED] - Test Cases/Popup/PopupMesajiIceriyorMu: Test Cases/Popup/PopupMesajiIceriyorMu

2021-11-11 09:31:24 - [TEST_STEP][PASSED] - waitForElementVisible(findTestObject("Popup/Popup"), 10): Object 'Object Repository/Popup/Popup' is visible

2021-11-11 09:31:24 - [MESSAGE][INFO] - Finding Test Object 'Object Repository/Popup/Popup'

2021-11-11 09:31:24 - [MESSAGE][INFO] - Checking object

2021-11-11 09:31:24 - [MESSAGE][INFO] - Checking timeout

2021-11-11 09:31:24 - [MESSAGE][INFO] - Finding web element from Test Object's properties

2021-11-11 09:31:24 - [MESSAGE][INFO] - Checking timeout

2021-11-11 09:31:24 - [MESSAGE][INFO] - Finding web element with id: 'Object Repository/Popup/Popup' located by 'By.cssSelector: .bootbox-body' in '10' second(s)

2021-11-11 09:31:24 - [MESSAGE][INFO] - Smart Wait Function is triggered

2021-11-11 09:31:25 - [MESSAGE][INFO] - Found 1 web elements with id: 'Object Repository/Popup/Popup' located by 'By.cssSelector: .bootbox-body' in '10' second(s)

2021-11-11 09:31:25 - [MESSAGE][PASSED] - Object 'Object Repository/Popup/Popup' is visible

2021-11-11 09:31:25 - [TEST_STEP][PASSED] - if (!(getText(findTestObject("Popup/Popup")).contains(Mesaj))): Text of object 'Object Repository/Popup/Popup' is: '16240 no’lu talebiniz işleme alınmıştır. Raporunuz hazırlandığında (elogotest@gmail.com;ali.kara@logo.com.tr) adresinize mail gönderilecektir.
Rapor durumunuzu Raporlar > Toplu Veri İndirme ekranından takip edebilir, hazırlandı durumundaki raporlarınızı ilgili menüden indirebilirsiniz.'

2021-11-11 09:31:25 - [MESSAGE][INFO] - Finding Test Object 'Object Repository/Popup/Popup'

2021-11-11 09:31:25 - [MESSAGE][INFO] - Checking object

2021-11-11 09:31:25 - [MESSAGE][INFO] - Finding web element from Test Object's properties

2021-11-11 09:31:25 - [MESSAGE][INFO] - Checking timeout

2021-11-11 09:31:25 - [MESSAGE][INFO] - Finding web element with id: 'Object Repository/Popup/Popup' located by 'By.cssSelector: .bootbox-body' in '30' second(s)

2021-11-11 09:31:25 - [MESSAGE][INFO] - Smart Wait Function is triggered

2021-11-11 09:31:25 - [MESSAGE][INFO] - Found 1 web elements with id: 'Object Repository/Popup/Popup' located by 'By.cssSelector: .bootbox-body' in '30' second(s)

2021-11-11 09:31:25 - [MESSAGE][INFO] - Getting text of object 'Object Repository/Popup/Popup'

2021-11-11 09:31:25 - [MESSAGE][PASSED] - Text of object 'Object Repository/Popup/Popup' is: '16240 no’lu talebiniz işleme alınmıştır. Raporunuz hazırlandığında (elogotest@gmail.com;ali.kara@logo.com.tr) adresinize mail gönderilecektir.
Rapor durumunuzu Raporlar > Toplu Veri İndirme ekranından takip edebilir, hazırlandı durumundaki raporlarınızı ilgili menüden indirebilirsiniz.'

2021-11-11 09:31:25 - [TEST_STEP][PASSED] - RaporNo = getText(findTestObject("Popup/Popup")).substring(0, 6): Text of object 'Object Repository/Popup/Popup' is: '16240 no’lu talebiniz işleme alınmıştır. Raporunuz hazırlandığında (elogotest@gmail.com;ali.kara@logo.com.tr) adresinize mail gönderilecektir.
Rapor durumunuzu Raporlar > Toplu Veri İndirme ekranından takip edebilir, hazırlandı durumundaki raporlarınızı ilgili menüden indirebilirsiniz.'

2021-11-11 09:31:25 - [MESSAGE][INFO] - Finding Test Object 'Object Repository/Popup/Popup'

2021-11-11 09:31:25 - [MESSAGE][INFO] - Checking object

2021-11-11 09:31:25 - [MESSAGE][INFO] - Finding web element from Test Object's properties

2021-11-11 09:31:25 - [MESSAGE][INFO] - Checking timeout

2021-11-11 09:31:25 - [MESSAGE][INFO] - Finding web element with id: 'Object Repository/Popup/Popup' located by 'By.cssSelector: .bootbox-body' in '30' second(s)

2021-11-11 09:31:25 - [MESSAGE][INFO] - Smart Wait Function is triggered

2021-11-11 09:31:25 - [MESSAGE][INFO] - Found 1 web elements with id: 'Object Repository/Popup/Popup' located by 'By.cssSelector: .bootbox-body' in '30' second(s)

2021-11-11 09:31:25 - [MESSAGE][INFO] - Getting text of object 'Object Repository/Popup/Popup'

2021-11-11 09:31:25 - [MESSAGE][PASSED] - Text of object 'Object Repository/Popup/Popup' is: '16240 no’lu talebiniz işleme alınmıştır. Raporunuz hazırlandığında (elogotest@gmail.com;ali.kara@logo.com.tr) adresinize mail gönderilecektir.
Rapor durumunuzu Raporlar > Toplu Veri İndirme ekranından takip edebilir, hazırlandı durumundaki raporlarınızı ilgili menüden indirebilirsiniz.'

2021-11-11 09:31:25 - [TEST_STEP][PASSED] - Console.println(RaporNo): null

2021-11-11 09:31:25 - [MESSAGE][PASSED] - Call Test Case 'Test Cases/Popup/PopupMesajiIceriyorMu' successfully

2021-11-11 09:31:25 - [MESSAGE][INFO] - Checking called Test Case

2021-11-11 09:31:25 - [MESSAGE][INFO] - Starting to call Test Case 'Test Cases/Popup/PopupButonSecilir'

2021-11-11 09:31:25 - [TEST_CASE][PASSED] - Test Cases/Popup/PopupButonSecilir: Test Cases/Popup/PopupButonSecilir

2021-11-11 09:31:25 - [TEST_STEP][PASSED] - Method.TextDegerineEsitElementeTikla(findTestObject("Popup/Popup_Butons"), Buton): Method.TextDegerineEsitElementeTikla is PASSED

2021-11-11 09:31:25 - [MESSAGE][INFO] - Finding Test Object 'Object Repository/Popup/Popup_Butons'

2021-11-11 09:31:26 - [MESSAGE][INFO] - Checking timeout

2021-11-11 09:31:26 - [MESSAGE][INFO] - Finding web element with id: 'Object Repository/Popup/Popup_Butons' located by 'By.cssSelector: .modal-footer>button' in '10' second(s)

2021-11-11 09:31:26 - [MESSAGE][INFO] - Smart Wait Function is triggered

2021-11-11 09:31:26 - [MESSAGE][INFO] - Found 1 web elements with id: 'Object Repository/Popup/Popup_Butons' located by 'By.cssSelector: .modal-footer>button' in '10' second(s)

2021-11-11 09:31:26 - [MESSAGE][PASSED] - Method.TextDegerineEsitElementeTikla is PASSED

2021-11-11 09:31:26 - [MESSAGE][PASSED] - Call Test Case 'Test Cases/Popup/PopupButonSecilir' successfully

2021-11-11 09:31:26 - [MESSAGE][INFO] - Checking called Test Case

2021-11-11 09:31:26 - [MESSAGE][INFO] - Starting to call Test Case 'Test Cases/Menu/AnaMenuSecimi'

2021-11-11 09:31:26 - [TEST_CASE][PASSED] - Test Cases/Menu/AnaMenuSecimi: Test Cases/Menu/AnaMenuSecimi

2021-11-11 09:31:26 - [TEST_STEP][PASSED] - Method.TextDegerineEsitElementeTikla(findTestObject("Menu/Ana_Menu"), Ana_Menu): Method.TextDegerineEsitElementeTikla is PASSED

2021-11-11 09:31:26 - [MESSAGE][INFO] - Finding Test Object 'Object Repository/Menu/Ana_Menu'

2021-11-11 09:31:26 - [MESSAGE][INFO] - Checking timeout

2021-11-11 09:31:26 - [MESSAGE][INFO] - Finding web element with id: 'Object Repository/Menu/Ana_Menu' located by 'By.xpath: //*[@class = 'dropdown-toggle']' in '10' second(s)

2021-11-11 09:31:26 - [MESSAGE][INFO] - Smart Wait Function is triggered

2021-11-11 09:31:27 - [MESSAGE][INFO] - Found 14 web elements with id: 'Object Repository/Menu/Ana_Menu' located by 'By.xpath: //*[@class = 'dropdown-toggle']' in '10' second(s)

2021-11-11 09:31:27 - [MESSAGE][PASSED] - Method.TextDegerineEsitElementeTikla is PASSED

2021-11-11 09:31:27 - [MESSAGE][PASSED] - Call Test Case 'Test Cases/Menu/AnaMenuSecimi' successfully

2021-11-11 09:31:27 - [MESSAGE][INFO] - Checking called Test Case

2021-11-11 09:31:27 - [MESSAGE][INFO] - Starting to call Test Case 'Test Cases/Menu/AltMenuSecimi'

2021-11-11 09:31:27 - [TEST_CASE][PASSED] - Test Cases/Menu/AltMenuSecimi: Test Cases/Menu/AltMenuSecimi

2021-11-11 09:31:27 - [TEST_STEP][PASSED] - Method.TextDegerineEsitElementeTikla(findTestObject("Menu/Alt_Menu"), Alt_Menu): Method.TextDegerineEsitElementeTikla is PASSED

2021-11-11 09:31:27 - [MESSAGE][INFO] - Finding Test Object 'Object Repository/Menu/Alt_Menu'

2021-11-11 09:31:27 - [MESSAGE][INFO] - Checking timeout

2021-11-11 09:31:27 - [MESSAGE][INFO] - Finding web element with id: 'Object Repository/Menu/Alt_Menu' located by 'By.xpath: //li[@class='dropdown dropdown-large open']//li[@class='dropdown-element']' in '10' second(s)

2021-11-11 09:31:27 - [MESSAGE][INFO] - Smart Wait Function is triggered

2021-11-11 09:31:27 - [MESSAGE][INFO] - Found 9 web elements with id: 'Object Repository/Menu/Alt_Menu' located by 'By.xpath: //li[@class='dropdown dropdown-large open']//li[@class='dropdown-element']' in '10' second(s)

2021-11-11 09:31:28 - [MESSAGE][PASSED] - Method.TextDegerineEsitElementeTikla is PASSED

2021-11-11 09:31:28 - [MESSAGE][PASSED] - Call Test Case 'Test Cases/Menu/AltMenuSecimi' successfully

2021-11-11 09:31:28 - [MESSAGE][INFO] - Checking called Test Case

2021-11-11 09:31:28 - [MESSAGE][INFO] - Starting to call Test Case 'Test Cases/Filtreler/RaporNoYaz'

2021-11-11 09:31:28 - [TEST_CASE][PASSED] - Test Cases/Filtreler/RaporNoYaz: Test Cases/Filtreler/RaporNoYaz

2021-11-11 09:31:28 - [TEST_STEP][PASSED] - Method.TextDegerineEsitElementinAltindakiTextboxtaYaz(findTestObject("Filtreler/Basliklar"), findTestObject("Filtreler/Basliga_Gore_Textbox"), "Talep No", RaporNo): Method.TextDegerineEsitElementinAltindakiTextboxtaYaz is PASSED

2021-11-11 09:31:28 - [MESSAGE][INFO] - Finding Test Object 'Object Repository/Filtreler/Basliklar'

2021-11-11 09:31:28 - [MESSAGE][INFO] - Finding Test Object 'Object Repository/Filtreler/Basliga_Gore_Textbox'

2021-11-11 09:31:28 - [MESSAGE][INFO] - Checking timeout

2021-11-11 09:31:28 - [MESSAGE][INFO] - Finding web element with id: 'Object Repository/Filtreler/Basliklar' located by 'By.cssSelector: .control-label.col-sm-4.paddingMarginRLC' in '10' second(s)

2021-11-11 09:31:28 - [MESSAGE][INFO] - Smart Wait Function is triggered

2021-11-11 09:31:29 - [MESSAGE][INFO] - Found 8 web elements with id: 'Object Repository/Filtreler/Basliklar' located by 'By.cssSelector: .control-label.col-sm-4.paddingMarginRLC' in '10' second(s)

2021-11-11 09:31:29 - [MESSAGE][INFO] - Smart Wait Function is triggered

2021-11-11 09:31:29 - [MESSAGE][PASSED] - Method.TextDegerineEsitElementinAltindakiTextboxtaYaz is PASSED

2021-11-11 09:31:29 - [MESSAGE][PASSED] - Call Test Case 'Test Cases/Filtreler/RaporNoYaz' successfully

2021-11-11 09:31:29 - [MESSAGE][INFO] - Checking called Test Case

2021-11-11 09:31:29 - [MESSAGE][INFO] - Starting to call Test Case 'Test Cases/Filtreler/ButonaTikla'

2021-11-11 09:31:29 - [TEST_CASE][PASSED] - Test Cases/Filtreler/ButonaTikla: Test Cases/Filtreler/ButonaTikla

2021-11-11 09:31:29 - [TEST_STEP][PASSED] - Method.TextDegerineEsitElementeTikla(findTestObject("Filtreler/Butonlar"), Filtre_Buton): Method.TextDegerineEsitElementeTikla is PASSED

2021-11-11 09:31:29 - [MESSAGE][INFO] - Finding Test Object 'Object Repository/Filtreler/Butonlar'

2021-11-11 09:31:29 - [MESSAGE][INFO] - Checking timeout

2021-11-11 09:31:29 - [MESSAGE][INFO] - Finding web element with id: 'Object Repository/Filtreler/Butonlar' located by 'By.cssSelector: .dxb>span' in '10' second(s)

2021-11-11 09:31:29 - [MESSAGE][INFO] - Smart Wait Function is triggered

2021-11-11 09:31:30 - [MESSAGE][INFO] - Found 2 web elements with id: 'Object Repository/Filtreler/Butonlar' located by 'By.cssSelector: .dxb>span' in '10' second(s)

2021-11-11 09:31:30 - [MESSAGE][PASSED] - Method.TextDegerineEsitElementeTikla is PASSED

2021-11-11 09:31:30 - [MESSAGE][PASSED] - Call Test Case 'Test Cases/Filtreler/ButonaTikla' successfully

2021-11-11 09:31:30 - [MESSAGE][INFO] - Checking called Test Case

2021-11-11 09:31:30 - [MESSAGE][INFO] - Starting to call Test Case 'Test Cases/Tablo/TablodaVeriVarMi'

2021-11-11 09:31:30 - [TEST_CASE][PASSED] - Test Cases/Tablo/TablodaVeriVarMi: Test Cases/Tablo/TablodaVeriVarMi

2021-11-11 09:31:30 - [TEST_STEP][PASSED] - verifyTextNotPresent("Görüntülenecek veri yok", true): Text 'Görüntülenecek veri yok' is not present on page using regular expression

2021-11-11 09:31:30 - [MESSAGE][INFO] - Checking text present  using regular expression

2021-11-11 09:31:30 - [MESSAGE][INFO] - Smart Wait Function is triggered

2021-11-11 09:31:30 - [MESSAGE][INFO] - Finding text 'Görüntülenecek veri yok' on page  using regular expression

2021-11-11 09:31:30 - [MESSAGE][PASSED] - Text 'Görüntülenecek veri yok' is not present on page using regular expression

2021-11-11 09:31:30 - [MESSAGE][PASSED] - Call Test Case 'Test Cases/Tablo/TablodaVeriVarMi' successfully

2021-11-11 09:31:31 - [MESSAGE][INFO] - Checking called Test Case

2021-11-11 09:31:31 - [MESSAGE][INFO] - Starting to call Test Case 'Test Cases/Kullanici_Islemleri/KullaniciIslemlerindenSecimYapilir'

2021-11-11 09:31:31 - [TEST_CASE][PASSED] - Test Cases/Kullanici_Islemleri/KullaniciIslemlerindenSecimYapilir: Test Cases/Kullanici_Islemleri/KullaniciIslemlerindenSecimYapilir

2021-11-11 09:31:31 - [TEST_STEP][PASSED] - waitForElementClickable(findTestObject("Object Repository/Kullanici_Islemleri/KullaniciIslemleri"), 10): Object 'Object Repository/Kullanici_Islemleri/KullaniciIslemleri' is clickable

2021-11-11 09:31:31 - [MESSAGE][INFO] - Finding Test Object 'Object Repository/Kullanici_Islemleri/KullaniciIslemleri'

2021-11-11 09:31:31 - [MESSAGE][INFO] - Checking object

2021-11-11 09:31:31 - [MESSAGE][INFO] - Checking timeout

2021-11-11 09:31:31 - [MESSAGE][INFO] - Finding web element from Test Object's properties

2021-11-11 09:31:31 - [MESSAGE][INFO] - Checking timeout

2021-11-11 09:31:31 - [MESSAGE][INFO] - Finding web element with id: 'Object Repository/Kullanici_Islemleri/KullaniciIslemleri' located by 'By.cssSelector: .dropdown>a>img' in '10' second(s)

2021-11-11 09:31:31 - [MESSAGE][INFO] - Smart Wait Function is triggered

2021-11-11 09:31:31 - [MESSAGE][INFO] - Found 1 web elements with id: 'Object Repository/Kullanici_Islemleri/KullaniciIslemleri' located by 'By.cssSelector: .dropdown>a>img' in '10' second(s)

2021-11-11 09:31:31 - [MESSAGE][PASSED] - Object 'Object Repository/Kullanici_Islemleri/KullaniciIslemleri' is clickable

2021-11-11 09:31:31 - [TEST_STEP][PASSED] - click(findTestObject("Object Repository/Kullanici_Islemleri/KullaniciIslemleri")): Object: 'Object Repository/Kullanici_Islemleri/KullaniciIslemleri' is clicked on

2021-11-11 09:31:31 - [MESSAGE][INFO] - Finding Test Object 'Object Repository/Kullanici_Islemleri/KullaniciIslemleri'

2021-11-11 09:31:31 - [MESSAGE][INFO] - Checking object

2021-11-11 09:31:31 - [MESSAGE][INFO] - Finding web element from Test Object's properties

2021-11-11 09:31:31 - [MESSAGE][INFO] - Checking timeout

2021-11-11 09:31:31 - [MESSAGE][INFO] - Finding web element with id: 'Object Repository/Kullanici_Islemleri/KullaniciIslemleri' located by 'By.cssSelector: .dropdown>a>img' in '30' second(s)

2021-11-11 09:31:31 - [MESSAGE][INFO] - Smart Wait Function is triggered

2021-11-11 09:31:31 - [MESSAGE][INFO] - Found 1 web elements with id: 'Object Repository/Kullanici_Islemleri/KullaniciIslemleri' located by 'By.cssSelector: .dropdown>a>img' in '30' second(s)

2021-11-11 09:31:31 - [MESSAGE][INFO] - Clicking on object: 'Object Repository/Kullanici_Islemleri/KullaniciIslemleri'

2021-11-11 09:31:31 - [MESSAGE][PASSED] - Object: 'Object Repository/Kullanici_Islemleri/KullaniciIslemleri' is clicked on

2021-11-11 09:31:31 - [TEST_STEP][PASSED] - Method.TextDegerineEsitElementeTikla(findTestObject("Object Repository/Kullanici_Islemleri/Secenekler"), Islem): Method.TextDegerineEsitElementeTikla is PASSED

2021-11-11 09:31:31 - [MESSAGE][INFO] - Finding Test Object 'Object Repository/Kullanici_Islemleri/Secenekler'

2021-11-11 09:31:31 - [MESSAGE][INFO] - Checking timeout

2021-11-11 09:31:31 - [MESSAGE][INFO] - Finding web element with id: 'Object Repository/Kullanici_Islemleri/Secenekler' located by 'By.cssSelector: .nav.navbar-nav.navbar-right li a' in '10' second(s)

2021-11-11 09:31:31 - [MESSAGE][INFO] - Smart Wait Function is triggered

2021-11-11 09:31:32 - [MESSAGE][INFO] - Found 22 web elements with id: 'Object Repository/Kullanici_Islemleri/Secenekler' located by 'By.cssSelector: .nav.navbar-nav.navbar-right li a' in '10' second(s)

2021-11-11 09:31:33 - [MESSAGE][PASSED] - Method.TextDegerineEsitElementeTikla is PASSED

2021-11-11 09:31:33 - [TEST_STEP][PASSED] - verifyElementNotPresent(findTestObject("Object Repository/Kullanici_Islemleri/Secenekler"), 10): Web element with id: 'Object Repository/Kullanici_Islemleri/Secenekler' located by 'By.cssSelector: .nav.navbar-nav.navbar-right li a' is not present after '10' second(s)

2021-11-11 09:31:33 - [MESSAGE][INFO] - Finding Test Object 'Object Repository/Kullanici_Islemleri/Secenekler'

2021-11-11 09:31:33 - [MESSAGE][INFO] - Checking object

2021-11-11 09:31:33 - [MESSAGE][INFO] - Checking timeout

2021-11-11 09:31:33 - [MESSAGE][INFO] - Finding web element with id: 'Object Repository/Kullanici_Islemleri/Secenekler' located by 'By.cssSelector: .nav.navbar-nav.navbar-right li a' in '10' second(s)

2021-11-11 09:31:33 - [MESSAGE][INFO] - Smart Wait Function is triggered

2021-11-11 09:31:34 - [MESSAGE][PASSED] - Web element with id: 'Object Repository/Kullanici_Islemleri/Secenekler' located by 'By.cssSelector: .nav.navbar-nav.navbar-right li a' is not present after '10' second(s)

2021-11-11 09:31:34 - [MESSAGE][PASSED] - Call Test Case 'Test Cases/Kullanici_Islemleri/KullaniciIslemlerindenSecimYapilir' successfully

2021-11-11 09:31:34 - [TEST_CASE][PASSED] - Start Test Case : SCENARIO Faturayi excele aktarma: SCENARIO Faturayi excele aktarma

2021-11-11 09:31:34 - [TEST_STEP][PASSED] - Kullanıcı adı ELOGO6 ve Şifre 123456 olarak giriş yapılır: Kullanıcı adı ELOGO6 ve Şifre 123456 olarak giriş yapılır

2021-11-11 09:31:34 - [MESSAGE][PASSED] - Kullanıcı adı ELOGO6 ve Şifre 123456 olarak giriş yapılır

2021-11-11 09:31:34 - [TEST_STEP][PASSED] - Ana menüden e-Fatura seçilir: Ana menüden e-Fatura seçilir

2021-11-11 09:31:34 - [MESSAGE][PASSED] - Ana menüden e-Fatura seçilir

2021-11-11 09:31:34 - [TEST_STEP][PASSED] - Alt menü Giden Kutusu başlığı altındaki Faturalar seçilir: Alt menü Giden Kutusu başlığı altındaki Faturalar seçilir

2021-11-11 09:31:34 - [MESSAGE][PASSED] - Alt menü Giden Kutusu başlığı altındaki Faturalar seçilir

2021-11-11 09:31:34 - [TEST_STEP][PASSED] - Filtrelerden Oluşturma Tarihi filtresine 01.12.2020 baslangic degerini yaz: Filtrelerden Oluşturma Tarihi filtresine 01.12.2020 baslangic degerini yaz

2021-11-11 09:31:34 - [MESSAGE][PASSED] - Filtrelerden Oluşturma Tarihi filtresine 01.12.2020 baslangic degerini yaz

2021-11-11 09:31:34 - [TEST_STEP][PASSED] - Filtrelerden Oluşturma Tarihi filtresine 31.12.2020 bitis degerini yaz: Filtrelerden Oluşturma Tarihi filtresine 31.12.2020 bitis degerini yaz

2021-11-11 09:31:34 - [MESSAGE][PASSED] - Filtrelerden Oluşturma Tarihi filtresine 31.12.2020 bitis degerini yaz

2021-11-11 09:31:34 - [TEST_STEP][PASSED] - Filtrelerden Alıcı Ünvanı filtresine TEST textini yaz: Filtrelerden Alıcı Ünvanı filtresine TEST textini yaz

2021-11-11 09:31:34 - [MESSAGE][PASSED] - Filtrelerden Alıcı Ünvanı filtresine TEST textini yaz

2021-11-11 09:31:34 - [TEST_STEP][PASSED] - Filtre butonlarından Listele seçilir: Filtre butonlarından Listele seçilir

2021-11-11 09:31:34 - [MESSAGE][PASSED] - Filtre butonlarından Listele seçilir

2021-11-11 09:31:34 - [TEST_STEP][PASSED] - Tabloda veri var mı kontrol edilir: Tabloda veri var mı kontrol edilir

2021-11-11 09:31:34 - [MESSAGE][PASSED] - Tabloda veri var mı kontrol edilir

2021-11-11 09:31:34 - [TEST_STEP][PASSED] - Tablodan TEST isimli veri seçilir: Tablodan TEST isimli veri seçilir

2021-11-11 09:31:34 - [MESSAGE][PASSED] - Tablodan TEST isimli veri seçilir

2021-11-11 09:31:34 - [TEST_STEP][PASSED] - Butonlardan Excel isimli butona tıklanır: Butonlardan Excel isimli butona tıklanır

2021-11-11 09:31:34 - [MESSAGE][PASSED] - Butonlardan Excel isimli butona tıklanır

2021-11-11 09:31:34 - [TEST_STEP][PASSED] - Alt butonlardan Excel'e Aktar butonuna tıklanır: Alt butonlardan Excel'e Aktar butonuna tıklanır

2021-11-11 09:31:34 - [MESSAGE][PASSED] - Alt butonlardan Excel'e Aktar butonuna tıklanır

2021-11-11 09:31:34 - [TEST_STEP][PASSED] - Popup mesajı Lütfen rapor bildiriminin gönderileceği e-posta adresini belirtiniz. içeriyor mu: Popup mesajı Lütfen rapor bildiriminin gönderileceği e-posta adresini belirtiniz. içeriyor mu

2021-11-11 09:31:34 - [MESSAGE][PASSED] - Popup mesajı Lütfen rapor bildiriminin gönderileceği e-posta adresini belirtiniz. içeriyor mu

2021-11-11 09:31:34 - [TEST_STEP][PASSED] - Popup email elogotest@gmail.com;ali.kara@logo.com.tr olarak girilir: Popup email elogotest@gmail.com;ali.kara@logo.com.tr olarak girilir

2021-11-11 09:31:34 - [MESSAGE][PASSED] - Popup email elogotest@gmail.com;ali.kara@logo.com.tr olarak girilir

2021-11-11 09:31:34 - [TEST_STEP][PASSED] - Yönetim popupında Gönder seçilir: Yönetim popupında Gönder seçilir

2021-11-11 09:31:34 - [MESSAGE][PASSED] - Yönetim popupında Gönder seçilir

2021-11-11 09:31:34 - [TEST_STEP][PASSED] - Popup mesajı talebiniz işleme alınmıştır içeriyor mu: Popup mesajı talebiniz işleme alınmıştır içeriyor mu

2021-11-11 09:31:34 - [MESSAGE][PASSED] - Popup mesajı talebiniz işleme alınmıştır içeriyor mu

2021-11-11 09:31:34 - [TEST_STEP][PASSED] - Yönetim popupında Tamam seçilir: Yönetim popupında Tamam seçilir

2021-11-11 09:31:34 - [MESSAGE][PASSED] - Yönetim popupında Tamam seçilir

2021-11-11 09:31:34 - [TEST_STEP][PASSED] - Butonlardan Excel isimli butona tıklanır: Butonlardan Excel isimli butona tıklanır

2021-11-11 09:31:34 - [MESSAGE][PASSED] - Butonlardan Excel isimli butona tıklanır

2021-11-11 09:31:34 - [TEST_STEP][PASSED] - Alt butonlardan Tümünü Excel'e Aktar butonuna tıklanır: Alt butonlardan Tümünü Excel'e Aktar butonuna tıklanır

2021-11-11 09:31:34 - [MESSAGE][PASSED] - Alt butonlardan Tümünü Excel'e Aktar butonuna tıklanır

2021-11-11 09:31:34 - [TEST_STEP][PASSED] - Popup mesajı Lütfen rapor bildiriminin gönderileceği e-posta adresini belirtiniz. içeriyor mu: Popup mesajı Lütfen rapor bildiriminin gönderileceği e-posta adresini belirtiniz. içeriyor mu

2021-11-11 09:31:34 - [MESSAGE][PASSED] - Popup mesajı Lütfen rapor bildiriminin gönderileceği e-posta adresini belirtiniz. içeriyor mu

2021-11-11 09:31:34 - [TEST_STEP][PASSED] - Popup email elogotest@gmail.com;ali.kara@logo.com.tr olarak girilir: Popup email elogotest@gmail.com;ali.kara@logo.com.tr olarak girilir

2021-11-11 09:31:34 - [MESSAGE][PASSED] - Popup email elogotest@gmail.com;ali.kara@logo.com.tr olarak girilir

2021-11-11 09:31:34 - [TEST_STEP][PASSED] - Yönetim popupında Gönder seçilir: Yönetim popupında Gönder seçilir

2021-11-11 09:31:34 - [MESSAGE][PASSED] - Yönetim popupında Gönder seçilir

2021-11-11 09:31:34 - [TEST_STEP][PASSED] - Popup mesajı talebiniz işleme alınmıştır içeriyor mu: Popup mesajı talebiniz işleme alınmıştır içeriyor mu

2021-11-11 09:31:34 - [MESSAGE][PASSED] - Popup mesajı talebiniz işleme alınmıştır içeriyor mu

2021-11-11 09:31:34 - [TEST_STEP][PASSED] - Yönetim popupında Tamam seçilir: Yönetim popupında Tamam seçilir

2021-11-11 09:31:34 - [MESSAGE][PASSED] - Yönetim popupında Tamam seçilir

2021-11-11 09:31:34 - [TEST_STEP][PASSED] - Ana menüden Raporlar seçilir: Ana menüden Raporlar seçilir

2021-11-11 09:31:34 - [MESSAGE][PASSED] - Ana menüden Raporlar seçilir

2021-11-11 09:31:34 - [TEST_STEP][PASSED] - Alt menüden Toplu Veri İndirme seçilir: Alt menüden Toplu Veri İndirme seçilir

2021-11-11 09:31:34 - [MESSAGE][PASSED] - Alt menüden Toplu Veri İndirme seçilir

2021-11-11 09:31:34 - [TEST_STEP][PASSED] - Filtrelerden Talep No filtresine Rapor No bilgisi yaz: Filtrelerden Talep No filtresine Rapor No bilgisi yaz

2021-11-11 09:31:34 - [MESSAGE][PASSED] - Filtrelerden Talep No filtresine Rapor No bilgisi yaz

2021-11-11 09:31:34 - [TEST_STEP][PASSED] - Filtre butonlarından Listele seçilir: Filtre butonlarından Listele seçilir

2021-11-11 09:31:34 - [MESSAGE][PASSED] - Filtre butonlarından Listele seçilir

2021-11-11 09:31:34 - [TEST_STEP][PASSED] - Tabloda veri var mı kontrol edilir: Tabloda veri var mı kontrol edilir

2021-11-11 09:31:34 - [MESSAGE][PASSED] - Tabloda veri var mı kontrol edilir

2021-11-11 09:31:34 - [TEST_STEP][PASSED] - Kullanıcı işlemlerinden Çıkış seçilir: Kullanıcı işlemlerinden Çıkış seçilir

2021-11-11 09:31:34 - [MESSAGE][PASSED] - Kullanıcı işlemlerinden Çıkış seçilir

2021-11-11 09:31:34 - [MESSAGE][PASSED] - Feature file: 'Include/features/e-Fatura/Giden Kutusu/Faturalar/Excele Aktar.feature' was passed

2021-11-11 09:31:34 - [TEST_STEP][PASSED] - Start listener action : sampleAfterTestSuite: Invoke 'com.kms.katalon.core.annotation.AfterTestCase' method: 'Listener.sampleAfterTestSuite(...)' completed.

2021-11-11 09:31:34 - [MESSAGE][INFO] - Starting invoke 'com.kms.katalon.core.annotation.AfterTestCase' method: 'Listener.sampleAfterTestSuite(...)'

2021-11-11 09:31:34 - [TEST_STEP][PASSED] - closeBrowser(): Invoke 'com.kms.katalon.core.annotation.AfterTestCase' method: 'Listener.sampleAfterTestSuite(...)' completed.

2021-11-11 09:31:34 - [MESSAGE][INFO] - Closing browser

2021-11-11 09:31:34 - [MESSAGE][PASSED] - Browser is closed

2021-11-11 09:31:34 - [MESSAGE][INFO] - Invoke 'com.kms.katalon.core.annotation.AfterTestCase' method: 'Listener.sampleAfterTestSuite(...)' completed.]]></system-out>
         <system-err><![CDATA[]]></system-err>
      </testcase>
      <testcase name="Test Cases/Case Repository/e-Fatura/Giden Kutusu/Faturalar/Toplu Indirme" time="75.398" classname="Test Cases/Case Repository/e-Fatura/Giden Kutusu/Faturalar/Toplu Indirme" status="PASSED">
         <system-out><![CDATA[2021-11-11 09:31:34 - [TEST_CASE][PASSED] - Test Cases/Case Repository/e-Fatura/Giden Kutusu/Faturalar/Toplu Indirme: Test Cases/Case Repository/e-Fatura/Giden Kutusu/Faturalar/Toplu Indirme

2021-11-11 09:31:34 - [TEST_STEP][PASSED] - Start listener action : sampleBeforeTestSuite: Invoke 'com.kms.katalon.core.annotation.BeforeTestCase' method: 'Listener.sampleBeforeTestSuite(...)' completed.

2021-11-11 09:31:34 - [MESSAGE][INFO] - Starting invoke 'com.kms.katalon.core.annotation.BeforeTestCase' method: 'Listener.sampleBeforeTestSuite(...)'

2021-11-11 09:31:34 - [TEST_STEP][PASSED] - openBrowser(baseUrl): Browser is opened with url: 'https://efatura-stage.elogo.com.tr/'

2021-11-11 09:31:34 - [MESSAGE][INFO] - Opening browser

2021-11-11 09:31:34 - [MESSAGE][INFO] - Starting 'Chrome' driver

2021-11-11 09:31:34 - [MESSAGE][INFO] - User set preference: ['prefs', '{download.default_directory=C:\otomasyondownfiles}']

2021-11-11 09:31:34 - [MESSAGE][INFO] - Action delay is set to 0 milliseconds

2021-11-11 09:31:36 - [MESSAGE][INFO] - Navigating browser to: 'https://efatura-stage.elogo.com.tr/'

2021-11-11 09:31:38 - [MESSAGE][PASSED] - Browser is opened with url: 'https://efatura-stage.elogo.com.tr/'

2021-11-11 09:31:38 - [TEST_STEP][PASSED] - maximizeWindow(): Invoke 'com.kms.katalon.core.annotation.BeforeTestCase' method: 'Listener.sampleBeforeTestSuite(...)' completed.

2021-11-11 09:31:38 - [MESSAGE][INFO] - Maximizing current window

2021-11-11 09:31:38 - [MESSAGE][PASSED] - Current window maximized

2021-11-11 09:31:38 - [MESSAGE][INFO] - Invoke 'com.kms.katalon.core.annotation.BeforeTestCase' method: 'Listener.sampleBeforeTestSuite(...)' completed.

2021-11-11 09:31:39 - [TEST_STEP][PASSED] - runFeatureFile("Include/features/e-Fatura/Giden Kutusu/Faturalar/Toplu Indirme.feature"): Feature file: 'Include/features/e-Fatura/Giden Kutusu/Faturalar/Toplu Indirme.feature' was passed

2021-11-11 09:31:39 - [MESSAGE][INFO] - Starting run keyword runFeatureFile: 'Include/features/e-Fatura/Giden Kutusu/Faturalar/Toplu Indirme.feature' and extract report to folder: 'C:\Users\DELL\Documents\GitHub\EES_KatalonLogo\Reports\20211111_090730\Suite Repository\ExceleAktarVeTopluIndirme\20211111_090810/cucumber_report/1636612299540'...

2021-11-11 09:31:39 - [MESSAGE][INFO] - Glue: []

2021-11-11 09:31:40 - [MESSAGE][INFO] - Checking called Test Case

2021-11-11 09:31:40 - [MESSAGE][INFO] - Starting to call Test Case 'Test Cases/Sayfalar/Giris_Sayfasi/Login'

2021-11-11 09:31:40 - [TEST_CASE][PASSED] - Test Cases/Sayfalar/Giris_Sayfasi/Login: Test Cases/Sayfalar/Giris_Sayfasi/Login

2021-11-11 09:31:40 - [TEST_STEP][PASSED] - Sayfa_Basligi = getWindowTitle(): Current window's title is: 'LOGO e-Fatura'

2021-11-11 09:31:40 - [MESSAGE][INFO] - Getting current window's title

2021-11-11 09:31:40 - [MESSAGE][PASSED] - Current window's title is: 'LOGO e-Fatura'

2021-11-11 09:31:40 - [TEST_STEP][PASSED] - verifyMatch(Sayfa_Basligi, "LOGO e-Fatura", false): Actual text 'LOGO e-Fatura' and expected text 'LOGO e-Fatura' are matched 

2021-11-11 09:31:40 - [MESSAGE][INFO] - Matching actual text 'LOGO e-Fatura' with expected text 'LOGO e-Fatura'

2021-11-11 09:31:40 - [MESSAGE][PASSED] - Actual text 'LOGO e-Fatura' and expected text 'LOGO e-Fatura' are matched 

2021-11-11 09:31:40 - [TEST_STEP][PASSED] - sendKeys(findTestObject("Sayfalar/Giris_Sayfasi/Firma_Kodu"), KullaniciAdi): Keys 'ELOGO6' sent to object: 'Object Repository/Sayfalar/Giris_Sayfasi/Firma_Kodu'

2021-11-11 09:31:40 - [MESSAGE][INFO] - Finding Test Object 'Object Repository/Sayfalar/Giris_Sayfasi/Firma_Kodu'

2021-11-11 09:31:40 - [MESSAGE][INFO] - Sending keys 'ELOGO6' to object: 'Object Repository/Sayfalar/Giris_Sayfasi/Firma_Kodu'

2021-11-11 09:31:40 - [MESSAGE][INFO] - Finding web element from Test Object's properties

2021-11-11 09:31:40 - [MESSAGE][INFO] - Checking timeout

2021-11-11 09:31:40 - [MESSAGE][INFO] - Finding web element with id: 'Object Repository/Sayfalar/Giris_Sayfasi/Firma_Kodu' located by 'By.xpath: //*[@id = 'AccountName']' in '30' second(s)

2021-11-11 09:31:40 - [MESSAGE][INFO] - Smart Wait Function is triggered

2021-11-11 09:31:41 - [MESSAGE][INFO] - Found 1 web elements with id: 'Object Repository/Sayfalar/Giris_Sayfasi/Firma_Kodu' located by 'By.xpath: //*[@id = 'AccountName']' in '30' second(s)

2021-11-11 09:31:41 - [MESSAGE][PASSED] - Keys 'ELOGO6' sent to object: 'Object Repository/Sayfalar/Giris_Sayfasi/Firma_Kodu'

2021-11-11 09:31:41 - [TEST_STEP][PASSED] - sendKeys(findTestObject("Sayfalar/Giris_Sayfasi/Sifre"), Sifre): Keys '123456' sent to object: 'Object Repository/Sayfalar/Giris_Sayfasi/Sifre'

2021-11-11 09:31:41 - [MESSAGE][INFO] - Finding Test Object 'Object Repository/Sayfalar/Giris_Sayfasi/Sifre'

2021-11-11 09:31:41 - [MESSAGE][INFO] - Sending keys '123456' to object: 'Object Repository/Sayfalar/Giris_Sayfasi/Sifre'

2021-11-11 09:31:41 - [MESSAGE][INFO] - Finding web element from Test Object's properties

2021-11-11 09:31:41 - [MESSAGE][INFO] - Checking timeout

2021-11-11 09:31:41 - [MESSAGE][INFO] - Finding web element with id: 'Object Repository/Sayfalar/Giris_Sayfasi/Sifre' located by 'By.xpath: //*[@id = 'Password']' in '30' second(s)

2021-11-11 09:31:41 - [MESSAGE][INFO] - Smart Wait Function is triggered

2021-11-11 09:31:41 - [MESSAGE][INFO] - Found 1 web elements with id: 'Object Repository/Sayfalar/Giris_Sayfasi/Sifre' located by 'By.xpath: //*[@id = 'Password']' in '30' second(s)

2021-11-11 09:31:41 - [MESSAGE][PASSED] - Keys '123456' sent to object: 'Object Repository/Sayfalar/Giris_Sayfasi/Sifre'

2021-11-11 09:31:41 - [TEST_STEP][PASSED] - findWebElement(findTestObject("Sayfalar/Giris_Sayfasi/Giris_Butonu")).click(): Found 1 web elements with id: 'Object Repository/Sayfalar/Giris_Sayfasi/Giris_Butonu' located by 'By.cssSelector: #btnLogin' in '30' second(s)

2021-11-11 09:31:41 - [MESSAGE][INFO] - Finding Test Object 'Object Repository/Sayfalar/Giris_Sayfasi/Giris_Butonu'

2021-11-11 09:31:41 - [MESSAGE][INFO] - Finding web element from Test Object's properties

2021-11-11 09:31:41 - [MESSAGE][INFO] - Checking timeout

2021-11-11 09:31:41 - [MESSAGE][INFO] - Finding web element with id: 'Object Repository/Sayfalar/Giris_Sayfasi/Giris_Butonu' located by 'By.cssSelector: #btnLogin' in '30' second(s)

2021-11-11 09:31:41 - [MESSAGE][INFO] - Smart Wait Function is triggered

2021-11-11 09:31:42 - [MESSAGE][INFO] - Found 1 web elements with id: 'Object Repository/Sayfalar/Giris_Sayfasi/Giris_Butonu' located by 'By.cssSelector: #btnLogin' in '30' second(s)

2021-11-11 09:31:45 - [TEST_STEP][PASSED] - if (verifyElementPresent(findTestObject("Object Repository/Sayfalar/Giris_Sayfasi/RetveTamam_Butonu"), 5, OPTIONAL)): null

2021-11-11 09:31:45 - [MESSAGE][INFO] - Finding Test Object 'Object Repository/Sayfalar/Giris_Sayfasi/RetveTamam_Butonu'

2021-11-11 09:31:45 - [MESSAGE][INFO] - Checking object

2021-11-11 09:31:45 - [MESSAGE][INFO] - Finding web element from Test Object's properties

2021-11-11 09:31:45 - [MESSAGE][INFO] - Checking timeout

2021-11-11 09:31:45 - [MESSAGE][INFO] - Finding web element with id: 'Object Repository/Sayfalar/Giris_Sayfasi/RetveTamam_Butonu' located by 'By.xpath: //*[@class = 'btn btn-default']' in '5' second(s)

2021-11-11 09:31:45 - [MESSAGE][INFO] - Smart Wait Function is triggered

2021-11-11 09:31:45 - [MESSAGE][INFO] - Found 1 web elements with id: 'Object Repository/Sayfalar/Giris_Sayfasi/RetveTamam_Butonu' located by 'By.xpath: //*[@class = 'btn btn-default']' in '5' second(s)

2021-11-11 09:31:45 - [MESSAGE][PASSED] - Object 'Object Repository/Sayfalar/Giris_Sayfasi/RetveTamam_Butonu' is present

2021-11-11 09:31:45 - [TEST_STEP][PASSED] - click(findTestObject("Object Repository/Sayfalar/Giris_Sayfasi/RetveTamam_Butonu")): Object: 'Object Repository/Sayfalar/Giris_Sayfasi/RetveTamam_Butonu' is clicked on

2021-11-11 09:31:45 - [MESSAGE][INFO] - Finding Test Object 'Object Repository/Sayfalar/Giris_Sayfasi/RetveTamam_Butonu'

2021-11-11 09:31:45 - [MESSAGE][INFO] - Checking object

2021-11-11 09:31:45 - [MESSAGE][INFO] - Finding web element from Test Object's properties

2021-11-11 09:31:45 - [MESSAGE][INFO] - Checking timeout

2021-11-11 09:31:45 - [MESSAGE][INFO] - Finding web element with id: 'Object Repository/Sayfalar/Giris_Sayfasi/RetveTamam_Butonu' located by 'By.xpath: //*[@class = 'btn btn-default']' in '30' second(s)

2021-11-11 09:31:45 - [MESSAGE][INFO] - Smart Wait Function is triggered

2021-11-11 09:31:46 - [MESSAGE][INFO] - Found 1 web elements with id: 'Object Repository/Sayfalar/Giris_Sayfasi/RetveTamam_Butonu' located by 'By.xpath: //*[@class = 'btn btn-default']' in '30' second(s)

2021-11-11 09:31:46 - [MESSAGE][INFO] - Clicking on object: 'Object Repository/Sayfalar/Giris_Sayfasi/RetveTamam_Butonu'

2021-11-11 09:31:46 - [MESSAGE][PASSED] - Object: 'Object Repository/Sayfalar/Giris_Sayfasi/RetveTamam_Butonu' is clicked on

2021-11-11 09:31:46 - [TEST_STEP][PASSED] - click(findTestObject("Object Repository/Sayfalar/Giris_Sayfasi/RetveTamam_Butonu")): Object: 'Object Repository/Sayfalar/Giris_Sayfasi/RetveTamam_Butonu' is clicked on

2021-11-11 09:31:46 - [MESSAGE][INFO] - Finding Test Object 'Object Repository/Sayfalar/Giris_Sayfasi/RetveTamam_Butonu'

2021-11-11 09:31:46 - [MESSAGE][INFO] - Checking object

2021-11-11 09:31:46 - [MESSAGE][INFO] - Finding web element from Test Object's properties

2021-11-11 09:31:46 - [MESSAGE][INFO] - Checking timeout

2021-11-11 09:31:46 - [MESSAGE][INFO] - Finding web element with id: 'Object Repository/Sayfalar/Giris_Sayfasi/RetveTamam_Butonu' located by 'By.xpath: //*[@class = 'btn btn-default']' in '30' second(s)

2021-11-11 09:31:46 - [MESSAGE][INFO] - Smart Wait Function is triggered

2021-11-11 09:31:50 - [MESSAGE][INFO] - Found 1 web elements with id: 'Object Repository/Sayfalar/Giris_Sayfasi/RetveTamam_Butonu' located by 'By.xpath: //*[@class = 'btn btn-default']' in '30' second(s)

2021-11-11 09:31:50 - [MESSAGE][INFO] - Clicking on object: 'Object Repository/Sayfalar/Giris_Sayfasi/RetveTamam_Butonu'

2021-11-11 09:31:50 - [MESSAGE][PASSED] - Object: 'Object Repository/Sayfalar/Giris_Sayfasi/RetveTamam_Butonu' is clicked on

2021-11-11 09:31:50 - [TEST_STEP][PASSED] - if (verifyElementPresent(findTestObject("Sayfalar/Giris_Sayfasi/PopupOK"), 5, OPTIONAL)): null

2021-11-11 09:31:50 - [MESSAGE][INFO] - Finding Test Object 'Object Repository/Sayfalar/Giris_Sayfasi/PopupOK'

2021-11-11 09:31:50 - [MESSAGE][INFO] - Checking object

2021-11-11 09:31:50 - [MESSAGE][INFO] - Finding web element from Test Object's properties

2021-11-11 09:31:50 - [MESSAGE][INFO] - Checking timeout

2021-11-11 09:31:50 - [MESSAGE][INFO] - Finding web element with id: 'Object Repository/Sayfalar/Giris_Sayfasi/PopupOK' located by 'By.cssSelector: .btn.btn-success' in '5' second(s)

2021-11-11 09:31:50 - [MESSAGE][INFO] - Smart Wait Function is triggered

2021-11-11 09:31:51 - [MESSAGE][INFO] - Found 1 web elements with id: 'Object Repository/Sayfalar/Giris_Sayfasi/PopupOK' located by 'By.cssSelector: .btn.btn-success' in '5' second(s)

2021-11-11 09:31:51 - [MESSAGE][PASSED] - Object 'Object Repository/Sayfalar/Giris_Sayfasi/PopupOK' is present

2021-11-11 09:31:51 - [TEST_STEP][PASSED] - click(findTestObject("Object Repository/Sayfalar/Giris_Sayfasi/PopupCarpiGiris")): Object: 'Object Repository/Sayfalar/Giris_Sayfasi/PopupCarpiGiris' is clicked on

2021-11-11 09:31:51 - [MESSAGE][INFO] - Finding Test Object 'Object Repository/Sayfalar/Giris_Sayfasi/PopupCarpiGiris'

2021-11-11 09:31:51 - [MESSAGE][INFO] - Checking object

2021-11-11 09:31:51 - [MESSAGE][INFO] - Finding web element from Test Object's properties

2021-11-11 09:31:51 - [MESSAGE][INFO] - Checking timeout

2021-11-11 09:31:51 - [MESSAGE][INFO] - Finding web element with id: 'Object Repository/Sayfalar/Giris_Sayfasi/PopupCarpiGiris' located by 'By.cssSelector: .bootbox-close-button.close' in '30' second(s)

2021-11-11 09:31:51 - [MESSAGE][INFO] - Smart Wait Function is triggered

2021-11-11 09:31:51 - [MESSAGE][INFO] - Found 1 web elements with id: 'Object Repository/Sayfalar/Giris_Sayfasi/PopupCarpiGiris' located by 'By.cssSelector: .bootbox-close-button.close' in '30' second(s)

2021-11-11 09:31:51 - [MESSAGE][INFO] - Clicking on object: 'Object Repository/Sayfalar/Giris_Sayfasi/PopupCarpiGiris'

2021-11-11 09:31:51 - [MESSAGE][PASSED] - Object: 'Object Repository/Sayfalar/Giris_Sayfasi/PopupCarpiGiris' is clicked on

2021-11-11 09:31:51 - [TEST_STEP][PASSED] - verifyElementVisible(findTestObject("Object Repository/Kullanici_Islemleri/KullaniciIslemleri")): Object 'Object Repository/Kullanici_Islemleri/KullaniciIslemleri' is visible

2021-11-11 09:31:51 - [MESSAGE][INFO] - Finding Test Object 'Object Repository/Kullanici_Islemleri/KullaniciIslemleri'

2021-11-11 09:31:51 - [MESSAGE][INFO] - Checking object

2021-11-11 09:31:51 - [MESSAGE][INFO] - Finding web element from Test Object's properties

2021-11-11 09:31:51 - [MESSAGE][INFO] - Checking timeout

2021-11-11 09:31:51 - [MESSAGE][INFO] - Finding web element with id: 'Object Repository/Kullanici_Islemleri/KullaniciIslemleri' located by 'By.cssSelector: .dropdown>a>img' in '30' second(s)

2021-11-11 09:31:51 - [MESSAGE][INFO] - Smart Wait Function is triggered

2021-11-11 09:31:52 - [MESSAGE][INFO] - Found 1 web elements with id: 'Object Repository/Kullanici_Islemleri/KullaniciIslemleri' located by 'By.cssSelector: .dropdown>a>img' in '30' second(s)

2021-11-11 09:31:52 - [MESSAGE][PASSED] - Object 'Object Repository/Kullanici_Islemleri/KullaniciIslemleri' is visible

2021-11-11 09:31:52 - [MESSAGE][PASSED] - Call Test Case 'Test Cases/Sayfalar/Giris_Sayfasi/Login' successfully

2021-11-11 09:31:52 - [MESSAGE][INFO] - Checking called Test Case

2021-11-11 09:31:52 - [MESSAGE][INFO] - Starting to call Test Case 'Test Cases/Menu/AnaMenuSecimi'

2021-11-11 09:31:52 - [TEST_CASE][PASSED] - Test Cases/Menu/AnaMenuSecimi: Test Cases/Menu/AnaMenuSecimi

2021-11-11 09:31:52 - [TEST_STEP][PASSED] - Method.TextDegerineEsitElementeTikla(findTestObject("Menu/Ana_Menu"), Ana_Menu): Method.TextDegerineEsitElementeTikla is PASSED

2021-11-11 09:31:52 - [MESSAGE][INFO] - Finding Test Object 'Object Repository/Menu/Ana_Menu'

2021-11-11 09:31:52 - [MESSAGE][INFO] - Checking timeout

2021-11-11 09:31:52 - [MESSAGE][INFO] - Finding web element with id: 'Object Repository/Menu/Ana_Menu' located by 'By.xpath: //*[@class = 'dropdown-toggle']' in '10' second(s)

2021-11-11 09:31:52 - [MESSAGE][INFO] - Smart Wait Function is triggered

2021-11-11 09:31:52 - [MESSAGE][INFO] - Found 14 web elements with id: 'Object Repository/Menu/Ana_Menu' located by 'By.xpath: //*[@class = 'dropdown-toggle']' in '10' second(s)

2021-11-11 09:31:53 - [MESSAGE][PASSED] - Method.TextDegerineEsitElementeTikla is PASSED

2021-11-11 09:31:53 - [MESSAGE][PASSED] - Call Test Case 'Test Cases/Menu/AnaMenuSecimi' successfully

2021-11-11 09:31:53 - [MESSAGE][INFO] - Checking called Test Case

2021-11-11 09:31:53 - [MESSAGE][INFO] - Starting to call Test Case 'Test Cases/Menu/BasligaGoreAltMenuSecimi'

2021-11-11 09:31:53 - [TEST_CASE][PASSED] - Test Cases/Menu/BasligaGoreAltMenuSecimi: Test Cases/Menu/BasligaGoreAltMenuSecimi

2021-11-11 09:31:53 - [TEST_STEP][PASSED] - Method.TextDegerineEsitElementinAltindakiTextDegerineEsitOlanaTikla(findTestObject("Menu/Menu_Basligi"), findTestObject("Menu/Basliga_Gore_Alt_Menu"), Baslik, Alt_Menu): Method.TextDegerineEsitElementinAltindakiTextDegerineEsitOlanaTikla is PASSED

2021-11-11 09:31:53 - [MESSAGE][INFO] - Finding Test Object 'Object Repository/Menu/Menu_Basligi'

2021-11-11 09:31:53 - [MESSAGE][INFO] - Finding Test Object 'Object Repository/Menu/Basliga_Gore_Alt_Menu'

2021-11-11 09:31:53 - [MESSAGE][INFO] - Checking timeout

2021-11-11 09:31:53 - [MESSAGE][INFO] - Finding web element with id: 'Object Repository/Menu/Menu_Basligi' located by 'By.xpath: //li[@class='dropdown dropdown-large open']//li[@class='dropdown-header']' in '10' second(s)

2021-11-11 09:31:53 - [MESSAGE][INFO] - Smart Wait Function is triggered

2021-11-11 09:31:53 - [MESSAGE][INFO] - Found 3 web elements with id: 'Object Repository/Menu/Menu_Basligi' located by 'By.xpath: //li[@class='dropdown dropdown-large open']//li[@class='dropdown-header']' in '10' second(s)

2021-11-11 09:31:53 - [MESSAGE][INFO] - Smart Wait Function is triggered

2021-11-11 09:31:56 - [MESSAGE][PASSED] - Method.TextDegerineEsitElementinAltindakiTextDegerineEsitOlanaTikla is PASSED

2021-11-11 09:31:56 - [MESSAGE][PASSED] - Call Test Case 'Test Cases/Menu/BasligaGoreAltMenuSecimi' successfully

2021-11-11 09:31:56 - [MESSAGE][INFO] - Checking called Test Case

2021-11-11 09:31:56 - [MESSAGE][INFO] - Starting to call Test Case 'Test Cases/Filtreler/BaslangicYaz'

2021-11-11 09:31:56 - [TEST_CASE][PASSED] - Test Cases/Filtreler/BaslangicYaz: Test Cases/Filtreler/BaslangicYaz

2021-11-11 09:31:56 - [TEST_STEP][PASSED] - Method.TextDegerineEsitElementinAltindakineTikla(findTestObject("Filtreler/Basliklar"), findTestObject("Filtreler/Basliga_Gore_Baslangic_Image"), Filtre_Adi): Method.TextDegerineEsitElementinAltindakineTikla is PASSED

2021-11-11 09:31:56 - [MESSAGE][INFO] - Finding Test Object 'Object Repository/Filtreler/Basliklar'

2021-11-11 09:31:56 - [MESSAGE][INFO] - Finding Test Object 'Object Repository/Filtreler/Basliga_Gore_Baslangic_Image'

2021-11-11 09:31:56 - [MESSAGE][INFO] - Checking timeout

2021-11-11 09:31:56 - [MESSAGE][INFO] - Finding web element with id: 'Object Repository/Filtreler/Basliklar' located by 'By.cssSelector: .control-label.col-sm-4.paddingMarginRLC' in '10' second(s)

2021-11-11 09:31:56 - [MESSAGE][INFO] - Smart Wait Function is triggered

2021-11-11 09:31:56 - [MESSAGE][INFO] - Found 20 web elements with id: 'Object Repository/Filtreler/Basliklar' located by 'By.cssSelector: .control-label.col-sm-4.paddingMarginRLC' in '10' second(s)

2021-11-11 09:31:57 - [MESSAGE][INFO] - Smart Wait Function is triggered

2021-11-11 09:31:57 - [MESSAGE][PASSED] - Method.TextDegerineEsitElementinAltindakineTikla is PASSED

2021-11-11 09:31:57 - [TEST_STEP][PASSED] - Method.TextDegerineEsitElementinAltindakiTextboxtaYaz(findTestObject("Filtreler/Basliklar"), findTestObject("Filtreler/Basliga_Gore_Baslangic"), Filtre_Adi, Filtre_Degeri): Method.TextDegerineEsitElementinAltindakiTextboxtaYaz is PASSED

2021-11-11 09:31:57 - [MESSAGE][INFO] - Finding Test Object 'Object Repository/Filtreler/Basliklar'

2021-11-11 09:31:57 - [MESSAGE][INFO] - Finding Test Object 'Object Repository/Filtreler/Basliga_Gore_Baslangic'

2021-11-11 09:31:58 - [MESSAGE][INFO] - Checking timeout

2021-11-11 09:31:58 - [MESSAGE][INFO] - Finding web element with id: 'Object Repository/Filtreler/Basliklar' located by 'By.cssSelector: .control-label.col-sm-4.paddingMarginRLC' in '10' second(s)

2021-11-11 09:31:58 - [MESSAGE][INFO] - Smart Wait Function is triggered

2021-11-11 09:31:58 - [MESSAGE][INFO] - Found 20 web elements with id: 'Object Repository/Filtreler/Basliklar' located by 'By.cssSelector: .control-label.col-sm-4.paddingMarginRLC' in '10' second(s)

2021-11-11 09:31:58 - [MESSAGE][INFO] - Smart Wait Function is triggered

2021-11-11 09:31:58 - [MESSAGE][PASSED] - Method.TextDegerineEsitElementinAltindakiTextboxtaYaz is PASSED

2021-11-11 09:31:58 - [MESSAGE][PASSED] - Call Test Case 'Test Cases/Filtreler/BaslangicYaz' successfully

2021-11-11 09:31:58 - [MESSAGE][INFO] - Checking called Test Case

2021-11-11 09:31:58 - [MESSAGE][INFO] - Starting to call Test Case 'Test Cases/Filtreler/BitisYaz'

2021-11-11 09:31:58 - [TEST_CASE][PASSED] - Test Cases/Filtreler/BitisYaz: Test Cases/Filtreler/BitisYaz

2021-11-11 09:31:58 - [TEST_STEP][PASSED] - Method.TextDegerineEsitElementinAltindakineTikla(findTestObject("Filtreler/Basliklar"), findTestObject("Filtreler/Basliga_Gore_Bitis_Image"), Filtre_Adi): Method.TextDegerineEsitElementinAltindakineTikla is PASSED

2021-11-11 09:31:58 - [MESSAGE][INFO] - Finding Test Object 'Object Repository/Filtreler/Basliklar'

2021-11-11 09:31:59 - [MESSAGE][INFO] - Finding Test Object 'Object Repository/Filtreler/Basliga_Gore_Bitis_Image'

2021-11-11 09:31:59 - [MESSAGE][INFO] - Checking timeout

2021-11-11 09:31:59 - [MESSAGE][INFO] - Finding web element with id: 'Object Repository/Filtreler/Basliklar' located by 'By.cssSelector: .control-label.col-sm-4.paddingMarginRLC' in '10' second(s)

2021-11-11 09:31:59 - [MESSAGE][INFO] - Smart Wait Function is triggered

2021-11-11 09:31:59 - [MESSAGE][INFO] - Found 20 web elements with id: 'Object Repository/Filtreler/Basliklar' located by 'By.cssSelector: .control-label.col-sm-4.paddingMarginRLC' in '10' second(s)

2021-11-11 09:31:59 - [MESSAGE][INFO] - Smart Wait Function is triggered

2021-11-11 09:32:00 - [MESSAGE][PASSED] - Method.TextDegerineEsitElementinAltindakineTikla is PASSED

2021-11-11 09:32:00 - [TEST_STEP][PASSED] - Method.TextDegerineEsitElementinAltindakiTextboxtaYaz(findTestObject("Filtreler/Basliklar"), findTestObject("Object Repository/Filtreler/Basliga_Gore_Bitis"), Filtre_Adi, Filtre_Degeri): Method.TextDegerineEsitElementinAltindakiTextboxtaYaz is PASSED

2021-11-11 09:32:00 - [MESSAGE][INFO] - Finding Test Object 'Object Repository/Filtreler/Basliklar'

2021-11-11 09:32:00 - [MESSAGE][INFO] - Finding Test Object 'Object Repository/Filtreler/Basliga_Gore_Bitis'

2021-11-11 09:32:00 - [MESSAGE][INFO] - Checking timeout

2021-11-11 09:32:00 - [MESSAGE][INFO] - Finding web element with id: 'Object Repository/Filtreler/Basliklar' located by 'By.cssSelector: .control-label.col-sm-4.paddingMarginRLC' in '10' second(s)

2021-11-11 09:32:00 - [MESSAGE][INFO] - Smart Wait Function is triggered

2021-11-11 09:32:00 - [MESSAGE][INFO] - Found 20 web elements with id: 'Object Repository/Filtreler/Basliklar' located by 'By.cssSelector: .control-label.col-sm-4.paddingMarginRLC' in '10' second(s)

2021-11-11 09:32:00 - [MESSAGE][INFO] - Smart Wait Function is triggered

2021-11-11 09:32:01 - [MESSAGE][PASSED] - Method.TextDegerineEsitElementinAltindakiTextboxtaYaz is PASSED

2021-11-11 09:32:01 - [MESSAGE][PASSED] - Call Test Case 'Test Cases/Filtreler/BitisYaz' successfully

2021-11-11 09:32:01 - [MESSAGE][INFO] - Checking called Test Case

2021-11-11 09:32:01 - [MESSAGE][INFO] - Starting to call Test Case 'Test Cases/Filtreler/TexboxaYaz'

2021-11-11 09:32:01 - [TEST_CASE][PASSED] - Test Cases/Filtreler/TexboxaYaz: Test Cases/Filtreler/TexboxaYaz

2021-11-11 09:32:01 - [TEST_STEP][PASSED] - Method.TextDegerineEsitElementinAltindakiTextboxtaYaz(findTestObject("Filtreler/Basliklar"), findTestObject("Filtreler/Basliga_Gore_Textbox"), Filtre_Adi, Filtre_Degeri): Method.TextDegerineEsitElementinAltindakiTextboxtaYaz is PASSED

2021-11-11 09:32:01 - [MESSAGE][INFO] - Finding Test Object 'Object Repository/Filtreler/Basliklar'

2021-11-11 09:32:01 - [MESSAGE][INFO] - Finding Test Object 'Object Repository/Filtreler/Basliga_Gore_Textbox'

2021-11-11 09:32:01 - [MESSAGE][INFO] - Checking timeout

2021-11-11 09:32:01 - [MESSAGE][INFO] - Finding web element with id: 'Object Repository/Filtreler/Basliklar' located by 'By.cssSelector: .control-label.col-sm-4.paddingMarginRLC' in '10' second(s)

2021-11-11 09:32:01 - [MESSAGE][INFO] - Smart Wait Function is triggered

2021-11-11 09:32:01 - [MESSAGE][INFO] - Found 20 web elements with id: 'Object Repository/Filtreler/Basliklar' located by 'By.cssSelector: .control-label.col-sm-4.paddingMarginRLC' in '10' second(s)

2021-11-11 09:32:01 - [MESSAGE][INFO] - Smart Wait Function is triggered

2021-11-11 09:32:02 - [MESSAGE][PASSED] - Method.TextDegerineEsitElementinAltindakiTextboxtaYaz is PASSED

2021-11-11 09:32:02 - [MESSAGE][PASSED] - Call Test Case 'Test Cases/Filtreler/TexboxaYaz' successfully

2021-11-11 09:32:02 - [MESSAGE][INFO] - Checking called Test Case

2021-11-11 09:32:02 - [MESSAGE][INFO] - Starting to call Test Case 'Test Cases/Filtreler/ButonaTikla'

2021-11-11 09:32:02 - [TEST_CASE][PASSED] - Test Cases/Filtreler/ButonaTikla: Test Cases/Filtreler/ButonaTikla

2021-11-11 09:32:02 - [TEST_STEP][PASSED] - Method.TextDegerineEsitElementeTikla(findTestObject("Filtreler/Butonlar"), Filtre_Buton): Method.TextDegerineEsitElementeTikla is PASSED

2021-11-11 09:32:02 - [MESSAGE][INFO] - Finding Test Object 'Object Repository/Filtreler/Butonlar'

2021-11-11 09:32:02 - [MESSAGE][INFO] - Checking timeout

2021-11-11 09:32:02 - [MESSAGE][INFO] - Finding web element with id: 'Object Repository/Filtreler/Butonlar' located by 'By.cssSelector: .dxb>span' in '10' second(s)

2021-11-11 09:32:02 - [MESSAGE][INFO] - Smart Wait Function is triggered

2021-11-11 09:32:02 - [MESSAGE][INFO] - Found 3 web elements with id: 'Object Repository/Filtreler/Butonlar' located by 'By.cssSelector: .dxb>span' in '10' second(s)

2021-11-11 09:32:02 - [MESSAGE][PASSED] - Method.TextDegerineEsitElementeTikla is PASSED

2021-11-11 09:32:02 - [MESSAGE][PASSED] - Call Test Case 'Test Cases/Filtreler/ButonaTikla' successfully

2021-11-11 09:32:02 - [MESSAGE][INFO] - Checking called Test Case

2021-11-11 09:32:02 - [MESSAGE][INFO] - Starting to call Test Case 'Test Cases/Tablo/TablodaVeriVarMi'

2021-11-11 09:32:02 - [TEST_CASE][PASSED] - Test Cases/Tablo/TablodaVeriVarMi: Test Cases/Tablo/TablodaVeriVarMi

2021-11-11 09:32:02 - [TEST_STEP][PASSED] - verifyTextNotPresent("Görüntülenecek veri yok", true): Text 'Görüntülenecek veri yok' is not present on page using regular expression

2021-11-11 09:32:02 - [MESSAGE][INFO] - Checking text present  using regular expression

2021-11-11 09:32:02 - [MESSAGE][INFO] - Smart Wait Function is triggered

2021-11-11 09:32:04 - [MESSAGE][INFO] - Finding text 'Görüntülenecek veri yok' on page  using regular expression

2021-11-11 09:32:04 - [MESSAGE][PASSED] - Text 'Görüntülenecek veri yok' is not present on page using regular expression

2021-11-11 09:32:04 - [MESSAGE][PASSED] - Call Test Case 'Test Cases/Tablo/TablodaVeriVarMi' successfully

2021-11-11 09:32:04 - [MESSAGE][INFO] - Checking called Test Case

2021-11-11 09:32:04 - [MESSAGE][INFO] - Starting to call Test Case 'Test Cases/Tablo/TablodanVeriSec'

2021-11-11 09:32:04 - [TEST_CASE][PASSED] - Test Cases/Tablo/TablodanVeriSec: Test Cases/Tablo/TablodanVeriSec

2021-11-11 09:32:04 - [TEST_STEP][PASSED] - Method.TextDegerineEsitElementinAltindakineTikla(findTestObject("Tablo/Veriler"), findTestObject("Tablo/VerininCheckBoxi"), Veri_Adi): Method.TextDegerineEsitElementinAltindakineTikla is PASSED

2021-11-11 09:32:04 - [MESSAGE][INFO] - Finding Test Object 'Object Repository/Tablo/Veriler'

2021-11-11 09:32:04 - [MESSAGE][INFO] - Finding Test Object 'Object Repository/Tablo/VerininCheckBoxi'

2021-11-11 09:32:04 - [MESSAGE][INFO] - Checking timeout

2021-11-11 09:32:04 - [MESSAGE][INFO] - Finding web element with id: 'Object Repository/Tablo/Veriler' located by 'By.cssSelector: td.dxgv b ,td.dxgv' in '10' second(s)

2021-11-11 09:32:04 - [MESSAGE][INFO] - Smart Wait Function is triggered

2021-11-11 09:32:04 - [MESSAGE][INFO] - Found 140 web elements with id: 'Object Repository/Tablo/Veriler' located by 'By.cssSelector: td.dxgv b ,td.dxgv' in '10' second(s)

2021-11-11 09:32:05 - [MESSAGE][INFO] - Smart Wait Function is triggered

2021-11-11 09:32:05 - [MESSAGE][PASSED] - Method.TextDegerineEsitElementinAltindakineTikla is PASSED

2021-11-11 09:32:05 - [MESSAGE][PASSED] - Call Test Case 'Test Cases/Tablo/TablodanVeriSec' successfully

2021-11-11 09:32:05 - [MESSAGE][INFO] - Checking called Test Case

2021-11-11 09:32:05 - [MESSAGE][INFO] - Starting to call Test Case 'Test Cases/Butonlar/ButonaTikla'

2021-11-11 09:32:05 - [TEST_CASE][PASSED] - Test Cases/Butonlar/ButonaTikla: Test Cases/Butonlar/ButonaTikla

2021-11-11 09:32:05 - [TEST_STEP][PASSED] - Method.TextDegerineEsitElementeTiklaEquals(findTestObject("Butonlar/Butonlar"), Buton_Adi): Method.TextDegerineEsitElementeTiklaEquals is PASSED

2021-11-11 09:32:05 - [MESSAGE][INFO] - Finding Test Object 'Object Repository/Butonlar/Butonlar'

2021-11-11 09:32:05 - [MESSAGE][INFO] - Checking timeout

2021-11-11 09:32:05 - [MESSAGE][INFO] - Finding web element with id: 'Object Repository/Butonlar/Butonlar' located by 'By.cssSelector: .panel.panel-default.text-center.footerPanel .btn,.btn.btn-primary.btnControls' in '10' second(s)

2021-11-11 09:32:05 - [MESSAGE][INFO] - Smart Wait Function is triggered

2021-11-11 09:32:06 - [MESSAGE][INFO] - Found 17 web elements with id: 'Object Repository/Butonlar/Butonlar' located by 'By.cssSelector: .panel.panel-default.text-center.footerPanel .btn,.btn.btn-primary.btnControls' in '10' second(s)

2021-11-11 09:32:06 - [MESSAGE][PASSED] - Method.TextDegerineEsitElementeTiklaEquals is PASSED

2021-11-11 09:32:06 - [MESSAGE][PASSED] - Call Test Case 'Test Cases/Butonlar/ButonaTikla' successfully

2021-11-11 09:32:06 - [MESSAGE][INFO] - Checking called Test Case

2021-11-11 09:32:06 - [MESSAGE][INFO] - Starting to call Test Case 'Test Cases/Butonlar/AltButonaTikla'

2021-11-11 09:32:06 - [TEST_CASE][PASSED] - Test Cases/Butonlar/AltButonaTikla: Test Cases/Butonlar/AltButonaTikla

2021-11-11 09:32:06 - [TEST_STEP][PASSED] - Method.TextDegerineEsitElementeTikla(findTestObject("Butonlar/AltButonlar"), Alt_Buton): Method.TextDegerineEsitElementeTikla is PASSED

2021-11-11 09:32:06 - [MESSAGE][INFO] - Finding Test Object 'Object Repository/Butonlar/AltButonlar'

2021-11-11 09:32:06 - [MESSAGE][INFO] - Checking timeout

2021-11-11 09:32:06 - [MESSAGE][INFO] - Finding web element with id: 'Object Repository/Butonlar/AltButonlar' located by 'By.cssSelector: .btn-group.open li>a' in '10' second(s)

2021-11-11 09:32:06 - [MESSAGE][INFO] - Smart Wait Function is triggered

2021-11-11 09:32:06 - [MESSAGE][INFO] - Found 4 web elements with id: 'Object Repository/Butonlar/AltButonlar' located by 'By.cssSelector: .btn-group.open li>a' in '10' second(s)

2021-11-11 09:32:06 - [MESSAGE][PASSED] - Method.TextDegerineEsitElementeTikla is PASSED

2021-11-11 09:32:06 - [MESSAGE][PASSED] - Call Test Case 'Test Cases/Butonlar/AltButonaTikla' successfully

2021-11-11 09:32:06 - [MESSAGE][INFO] - Checking called Test Case

2021-11-11 09:32:06 - [MESSAGE][INFO] - Starting to call Test Case 'Test Cases/Popup/PopupMesajiIceriyorMu'

2021-11-11 09:32:06 - [TEST_CASE][PASSED] - Test Cases/Popup/PopupMesajiIceriyorMu: Test Cases/Popup/PopupMesajiIceriyorMu

2021-11-11 09:32:06 - [TEST_STEP][PASSED] - waitForElementVisible(findTestObject("Popup/Popup"), 10): Object 'Object Repository/Popup/Popup' is visible

2021-11-11 09:32:06 - [MESSAGE][INFO] - Finding Test Object 'Object Repository/Popup/Popup'

2021-11-11 09:32:07 - [MESSAGE][INFO] - Checking object

2021-11-11 09:32:07 - [MESSAGE][INFO] - Checking timeout

2021-11-11 09:32:07 - [MESSAGE][INFO] - Finding web element from Test Object's properties

2021-11-11 09:32:07 - [MESSAGE][INFO] - Checking timeout

2021-11-11 09:32:07 - [MESSAGE][INFO] - Finding web element with id: 'Object Repository/Popup/Popup' located by 'By.cssSelector: .bootbox-body' in '10' second(s)

2021-11-11 09:32:07 - [MESSAGE][INFO] - Smart Wait Function is triggered

2021-11-11 09:32:07 - [MESSAGE][INFO] - Found 1 web elements with id: 'Object Repository/Popup/Popup' located by 'By.cssSelector: .bootbox-body' in '10' second(s)

2021-11-11 09:32:07 - [MESSAGE][PASSED] - Object 'Object Repository/Popup/Popup' is visible

2021-11-11 09:32:07 - [TEST_STEP][PASSED] - if (!(getText(findTestObject("Popup/Popup")).contains(Mesaj))): Text of object 'Object Repository/Popup/Popup' is: 'Lütfen rapor bildiriminin gönderileceği e-posta adresini belirtiniz.
e-Posta Adresi'

2021-11-11 09:32:07 - [MESSAGE][INFO] - Finding Test Object 'Object Repository/Popup/Popup'

2021-11-11 09:32:07 - [MESSAGE][INFO] - Checking object

2021-11-11 09:32:07 - [MESSAGE][INFO] - Finding web element from Test Object's properties

2021-11-11 09:32:07 - [MESSAGE][INFO] - Checking timeout

2021-11-11 09:32:07 - [MESSAGE][INFO] - Finding web element with id: 'Object Repository/Popup/Popup' located by 'By.cssSelector: .bootbox-body' in '30' second(s)

2021-11-11 09:32:07 - [MESSAGE][INFO] - Smart Wait Function is triggered

2021-11-11 09:32:08 - [MESSAGE][INFO] - Found 1 web elements with id: 'Object Repository/Popup/Popup' located by 'By.cssSelector: .bootbox-body' in '30' second(s)

2021-11-11 09:32:08 - [MESSAGE][INFO] - Getting text of object 'Object Repository/Popup/Popup'

2021-11-11 09:32:08 - [MESSAGE][PASSED] - Text of object 'Object Repository/Popup/Popup' is: 'Lütfen rapor bildiriminin gönderileceği e-posta adresini belirtiniz.
e-Posta Adresi'

2021-11-11 09:32:08 - [TEST_STEP][PASSED] - RaporNo = getText(findTestObject("Popup/Popup")).substring(0, 6): Text of object 'Object Repository/Popup/Popup' is: 'Lütfen rapor bildiriminin gönderileceği e-posta adresini belirtiniz.
e-Posta Adresi'

2021-11-11 09:32:08 - [MESSAGE][INFO] - Finding Test Object 'Object Repository/Popup/Popup'

2021-11-11 09:32:08 - [MESSAGE][INFO] - Checking object

2021-11-11 09:32:08 - [MESSAGE][INFO] - Finding web element from Test Object's properties

2021-11-11 09:32:08 - [MESSAGE][INFO] - Checking timeout

2021-11-11 09:32:08 - [MESSAGE][INFO] - Finding web element with id: 'Object Repository/Popup/Popup' located by 'By.cssSelector: .bootbox-body' in '30' second(s)

2021-11-11 09:32:08 - [MESSAGE][INFO] - Smart Wait Function is triggered

2021-11-11 09:32:08 - [MESSAGE][INFO] - Found 1 web elements with id: 'Object Repository/Popup/Popup' located by 'By.cssSelector: .bootbox-body' in '30' second(s)

2021-11-11 09:32:08 - [MESSAGE][INFO] - Getting text of object 'Object Repository/Popup/Popup'

2021-11-11 09:32:08 - [MESSAGE][PASSED] - Text of object 'Object Repository/Popup/Popup' is: 'Lütfen rapor bildiriminin gönderileceği e-posta adresini belirtiniz.
e-Posta Adresi'

2021-11-11 09:32:08 - [TEST_STEP][PASSED] - Console.println(RaporNo): null

2021-11-11 09:32:08 - [MESSAGE][PASSED] - Call Test Case 'Test Cases/Popup/PopupMesajiIceriyorMu' successfully

2021-11-11 09:32:08 - [MESSAGE][INFO] - Checking called Test Case

2021-11-11 09:32:08 - [MESSAGE][INFO] - Starting to call Test Case 'Test Cases/Popup/PopupaEmailEklenir'

2021-11-11 09:32:08 - [TEST_CASE][PASSED] - Test Cases/Popup/PopupaEmailEklenir: Test Cases/Popup/PopupaEmailEklenir

2021-11-11 09:32:08 - [TEST_STEP][PASSED] - clearText(findTestObject("Popup/EmailText")): Text of object 'Object Repository/Popup/EmailText' is cleared

2021-11-11 09:32:08 - [MESSAGE][INFO] - Finding Test Object 'Object Repository/Popup/EmailText'

2021-11-11 09:32:08 - [MESSAGE][INFO] - Checking object

2021-11-11 09:32:08 - [MESSAGE][INFO] - Finding web element from Test Object's properties

2021-11-11 09:32:08 - [MESSAGE][INFO] - Checking timeout

2021-11-11 09:32:08 - [MESSAGE][INFO] - Finding web element with id: 'Object Repository/Popup/EmailText' located by 'By.xpath: //*[@id="eMails"]' in '30' second(s)

2021-11-11 09:32:08 - [MESSAGE][INFO] - Smart Wait Function is triggered

2021-11-11 09:32:09 - [MESSAGE][INFO] - Found 1 web elements with id: 'Object Repository/Popup/EmailText' located by 'By.xpath: //*[@id="eMails"]' in '30' second(s)

2021-11-11 09:32:09 - [MESSAGE][INFO] - Clearing text of object 'Object Repository/Popup/EmailText'

2021-11-11 09:32:09 - [MESSAGE][PASSED] - Text of object 'Object Repository/Popup/EmailText' is cleared

2021-11-11 09:32:09 - [TEST_STEP][PASSED] - sendKeys(findTestObject("Popup/EmailText"), Email): Keys 'elogotest@gmail.com;ali.kara@logo.com.tr' sent to object: 'Object Repository/Popup/EmailText'

2021-11-11 09:32:09 - [MESSAGE][INFO] - Finding Test Object 'Object Repository/Popup/EmailText'

2021-11-11 09:32:09 - [MESSAGE][INFO] - Sending keys 'elogotest@gmail.com;ali.kara@logo.com.tr' to object: 'Object Repository/Popup/EmailText'

2021-11-11 09:32:09 - [MESSAGE][INFO] - Finding web element from Test Object's properties

2021-11-11 09:32:09 - [MESSAGE][INFO] - Checking timeout

2021-11-11 09:32:09 - [MESSAGE][INFO] - Finding web element with id: 'Object Repository/Popup/EmailText' located by 'By.xpath: //*[@id="eMails"]' in '30' second(s)

2021-11-11 09:32:09 - [MESSAGE][INFO] - Smart Wait Function is triggered

2021-11-11 09:32:09 - [MESSAGE][INFO] - Found 1 web elements with id: 'Object Repository/Popup/EmailText' located by 'By.xpath: //*[@id="eMails"]' in '30' second(s)

2021-11-11 09:32:10 - [MESSAGE][PASSED] - Keys 'elogotest@gmail.com;ali.kara@logo.com.tr' sent to object: 'Object Repository/Popup/EmailText'

2021-11-11 09:32:10 - [MESSAGE][PASSED] - Call Test Case 'Test Cases/Popup/PopupaEmailEklenir' successfully

2021-11-11 09:32:10 - [MESSAGE][INFO] - Checking called Test Case

2021-11-11 09:32:10 - [MESSAGE][INFO] - Starting to call Test Case 'Test Cases/Popup/PopupButonSecilir'

2021-11-11 09:32:10 - [TEST_CASE][PASSED] - Test Cases/Popup/PopupButonSecilir: Test Cases/Popup/PopupButonSecilir

2021-11-11 09:32:10 - [TEST_STEP][PASSED] - Method.TextDegerineEsitElementeTikla(findTestObject("Popup/Popup_Butons"), Buton): Method.TextDegerineEsitElementeTikla is PASSED

2021-11-11 09:32:10 - [MESSAGE][INFO] - Finding Test Object 'Object Repository/Popup/Popup_Butons'

2021-11-11 09:32:10 - [MESSAGE][INFO] - Checking timeout

2021-11-11 09:32:10 - [MESSAGE][INFO] - Finding web element with id: 'Object Repository/Popup/Popup_Butons' located by 'By.cssSelector: .modal-footer>button' in '10' second(s)

2021-11-11 09:32:10 - [MESSAGE][INFO] - Smart Wait Function is triggered

2021-11-11 09:32:10 - [MESSAGE][INFO] - Found 2 web elements with id: 'Object Repository/Popup/Popup_Butons' located by 'By.cssSelector: .modal-footer>button' in '10' second(s)

2021-11-11 09:32:10 - [MESSAGE][PASSED] - Method.TextDegerineEsitElementeTikla is PASSED

2021-11-11 09:32:10 - [MESSAGE][PASSED] - Call Test Case 'Test Cases/Popup/PopupButonSecilir' successfully

2021-11-11 09:32:10 - [MESSAGE][INFO] - Checking called Test Case

2021-11-11 09:32:10 - [MESSAGE][INFO] - Starting to call Test Case 'Test Cases/Popup/PopupMesajiIceriyorMu'

2021-11-11 09:32:10 - [TEST_CASE][PASSED] - Test Cases/Popup/PopupMesajiIceriyorMu: Test Cases/Popup/PopupMesajiIceriyorMu

2021-11-11 09:32:10 - [TEST_STEP][PASSED] - waitForElementVisible(findTestObject("Popup/Popup"), 10): Object 'Object Repository/Popup/Popup' is visible

2021-11-11 09:32:10 - [MESSAGE][INFO] - Finding Test Object 'Object Repository/Popup/Popup'

2021-11-11 09:32:11 - [MESSAGE][INFO] - Checking object

2021-11-11 09:32:11 - [MESSAGE][INFO] - Checking timeout

2021-11-11 09:32:11 - [MESSAGE][INFO] - Finding web element from Test Object's properties

2021-11-11 09:32:11 - [MESSAGE][INFO] - Checking timeout

2021-11-11 09:32:11 - [MESSAGE][INFO] - Finding web element with id: 'Object Repository/Popup/Popup' located by 'By.cssSelector: .bootbox-body' in '10' second(s)

2021-11-11 09:32:11 - [MESSAGE][INFO] - Smart Wait Function is triggered

2021-11-11 09:32:12 - [MESSAGE][INFO] - Found 1 web elements with id: 'Object Repository/Popup/Popup' located by 'By.cssSelector: .bootbox-body' in '10' second(s)

2021-11-11 09:32:12 - [MESSAGE][PASSED] - Object 'Object Repository/Popup/Popup' is visible

2021-11-11 09:32:12 - [TEST_STEP][PASSED] - if (!(getText(findTestObject("Popup/Popup")).contains(Mesaj))): Text of object 'Object Repository/Popup/Popup' is: '16241 no’lu talebiniz işleme alınmıştır. Raporunuz hazırlandığında (elogotest@gmail.com;ali.kara@logo.com.tr) adresinize mail gönderilecektir.
Rapor durumunuzu Raporlar > Toplu Veri İndirme ekranından takip edebilir, hazırlandı durumundaki raporlarınızı ilgili menüden indirebilirsiniz.'

2021-11-11 09:32:12 - [MESSAGE][INFO] - Finding Test Object 'Object Repository/Popup/Popup'

2021-11-11 09:32:12 - [MESSAGE][INFO] - Checking object

2021-11-11 09:32:12 - [MESSAGE][INFO] - Finding web element from Test Object's properties

2021-11-11 09:32:12 - [MESSAGE][INFO] - Checking timeout

2021-11-11 09:32:12 - [MESSAGE][INFO] - Finding web element with id: 'Object Repository/Popup/Popup' located by 'By.cssSelector: .bootbox-body' in '30' second(s)

2021-11-11 09:32:12 - [MESSAGE][INFO] - Smart Wait Function is triggered

2021-11-11 09:32:12 - [MESSAGE][INFO] - Found 1 web elements with id: 'Object Repository/Popup/Popup' located by 'By.cssSelector: .bootbox-body' in '30' second(s)

2021-11-11 09:32:12 - [MESSAGE][INFO] - Getting text of object 'Object Repository/Popup/Popup'

2021-11-11 09:32:12 - [MESSAGE][PASSED] - Text of object 'Object Repository/Popup/Popup' is: '16241 no’lu talebiniz işleme alınmıştır. Raporunuz hazırlandığında (elogotest@gmail.com;ali.kara@logo.com.tr) adresinize mail gönderilecektir.
Rapor durumunuzu Raporlar > Toplu Veri İndirme ekranından takip edebilir, hazırlandı durumundaki raporlarınızı ilgili menüden indirebilirsiniz.'

2021-11-11 09:32:12 - [TEST_STEP][PASSED] - RaporNo = getText(findTestObject("Popup/Popup")).substring(0, 6): Text of object 'Object Repository/Popup/Popup' is: '16241 no’lu talebiniz işleme alınmıştır. Raporunuz hazırlandığında (elogotest@gmail.com;ali.kara@logo.com.tr) adresinize mail gönderilecektir.
Rapor durumunuzu Raporlar > Toplu Veri İndirme ekranından takip edebilir, hazırlandı durumundaki raporlarınızı ilgili menüden indirebilirsiniz.'

2021-11-11 09:32:12 - [MESSAGE][INFO] - Finding Test Object 'Object Repository/Popup/Popup'

2021-11-11 09:32:12 - [MESSAGE][INFO] - Checking object

2021-11-11 09:32:12 - [MESSAGE][INFO] - Finding web element from Test Object's properties

2021-11-11 09:32:12 - [MESSAGE][INFO] - Checking timeout

2021-11-11 09:32:12 - [MESSAGE][INFO] - Finding web element with id: 'Object Repository/Popup/Popup' located by 'By.cssSelector: .bootbox-body' in '30' second(s)

2021-11-11 09:32:12 - [MESSAGE][INFO] - Smart Wait Function is triggered

2021-11-11 09:32:13 - [MESSAGE][INFO] - Found 1 web elements with id: 'Object Repository/Popup/Popup' located by 'By.cssSelector: .bootbox-body' in '30' second(s)

2021-11-11 09:32:13 - [MESSAGE][INFO] - Getting text of object 'Object Repository/Popup/Popup'

2021-11-11 09:32:13 - [MESSAGE][PASSED] - Text of object 'Object Repository/Popup/Popup' is: '16241 no’lu talebiniz işleme alınmıştır. Raporunuz hazırlandığında (elogotest@gmail.com;ali.kara@logo.com.tr) adresinize mail gönderilecektir.
Rapor durumunuzu Raporlar > Toplu Veri İndirme ekranından takip edebilir, hazırlandı durumundaki raporlarınızı ilgili menüden indirebilirsiniz.'

2021-11-11 09:32:13 - [TEST_STEP][PASSED] - Console.println(RaporNo): null

2021-11-11 09:32:13 - [MESSAGE][PASSED] - Call Test Case 'Test Cases/Popup/PopupMesajiIceriyorMu' successfully

2021-11-11 09:32:13 - [MESSAGE][INFO] - Checking called Test Case

2021-11-11 09:32:13 - [MESSAGE][INFO] - Starting to call Test Case 'Test Cases/Popup/PopupButonSecilir'

2021-11-11 09:32:13 - [TEST_CASE][PASSED] - Test Cases/Popup/PopupButonSecilir: Test Cases/Popup/PopupButonSecilir

2021-11-11 09:32:13 - [TEST_STEP][PASSED] - Method.TextDegerineEsitElementeTikla(findTestObject("Popup/Popup_Butons"), Buton): Method.TextDegerineEsitElementeTikla is PASSED

2021-11-11 09:32:13 - [MESSAGE][INFO] - Finding Test Object 'Object Repository/Popup/Popup_Butons'

2021-11-11 09:32:13 - [MESSAGE][INFO] - Checking timeout

2021-11-11 09:32:13 - [MESSAGE][INFO] - Finding web element with id: 'Object Repository/Popup/Popup_Butons' located by 'By.cssSelector: .modal-footer>button' in '10' second(s)

2021-11-11 09:32:13 - [MESSAGE][INFO] - Smart Wait Function is triggered

2021-11-11 09:32:13 - [MESSAGE][INFO] - Found 1 web elements with id: 'Object Repository/Popup/Popup_Butons' located by 'By.cssSelector: .modal-footer>button' in '10' second(s)

2021-11-11 09:32:13 - [MESSAGE][PASSED] - Method.TextDegerineEsitElementeTikla is PASSED

2021-11-11 09:32:13 - [MESSAGE][PASSED] - Call Test Case 'Test Cases/Popup/PopupButonSecilir' successfully

2021-11-11 09:32:13 - [MESSAGE][INFO] - Checking called Test Case

2021-11-11 09:32:13 - [MESSAGE][INFO] - Starting to call Test Case 'Test Cases/Butonlar/ButonaTikla'

2021-11-11 09:32:13 - [TEST_CASE][PASSED] - Test Cases/Butonlar/ButonaTikla: Test Cases/Butonlar/ButonaTikla

2021-11-11 09:32:13 - [TEST_STEP][PASSED] - Method.TextDegerineEsitElementeTiklaEquals(findTestObject("Butonlar/Butonlar"), Buton_Adi): Method.TextDegerineEsitElementeTiklaEquals is PASSED

2021-11-11 09:32:13 - [MESSAGE][INFO] - Finding Test Object 'Object Repository/Butonlar/Butonlar'

2021-11-11 09:32:13 - [MESSAGE][INFO] - Checking timeout

2021-11-11 09:32:13 - [MESSAGE][INFO] - Finding web element with id: 'Object Repository/Butonlar/Butonlar' located by 'By.cssSelector: .panel.panel-default.text-center.footerPanel .btn,.btn.btn-primary.btnControls' in '10' second(s)

2021-11-11 09:32:13 - [MESSAGE][INFO] - Smart Wait Function is triggered

2021-11-11 09:32:14 - [MESSAGE][INFO] - Found 17 web elements with id: 'Object Repository/Butonlar/Butonlar' located by 'By.cssSelector: .panel.panel-default.text-center.footerPanel .btn,.btn.btn-primary.btnControls' in '10' second(s)

2021-11-11 09:32:14 - [MESSAGE][PASSED] - Method.TextDegerineEsitElementeTiklaEquals is PASSED

2021-11-11 09:32:14 - [MESSAGE][PASSED] - Call Test Case 'Test Cases/Butonlar/ButonaTikla' successfully

2021-11-11 09:32:14 - [MESSAGE][INFO] - Checking called Test Case

2021-11-11 09:32:14 - [MESSAGE][INFO] - Starting to call Test Case 'Test Cases/Butonlar/AltButonaTikla'

2021-11-11 09:32:14 - [TEST_CASE][PASSED] - Test Cases/Butonlar/AltButonaTikla: Test Cases/Butonlar/AltButonaTikla

2021-11-11 09:32:14 - [TEST_STEP][PASSED] - Method.TextDegerineEsitElementeTikla(findTestObject("Butonlar/AltButonlar"), Alt_Buton): Method.TextDegerineEsitElementeTikla is PASSED

2021-11-11 09:32:14 - [MESSAGE][INFO] - Finding Test Object 'Object Repository/Butonlar/AltButonlar'

2021-11-11 09:32:14 - [MESSAGE][INFO] - Checking timeout

2021-11-11 09:32:14 - [MESSAGE][INFO] - Finding web element with id: 'Object Repository/Butonlar/AltButonlar' located by 'By.cssSelector: .btn-group.open li>a' in '10' second(s)

2021-11-11 09:32:14 - [MESSAGE][INFO] - Smart Wait Function is triggered

2021-11-11 09:32:15 - [MESSAGE][INFO] - Found 4 web elements with id: 'Object Repository/Butonlar/AltButonlar' located by 'By.cssSelector: .btn-group.open li>a' in '10' second(s)

2021-11-11 09:32:15 - [MESSAGE][PASSED] - Method.TextDegerineEsitElementeTikla is PASSED

2021-11-11 09:32:15 - [MESSAGE][PASSED] - Call Test Case 'Test Cases/Butonlar/AltButonaTikla' successfully

2021-11-11 09:32:15 - [MESSAGE][INFO] - Checking called Test Case

2021-11-11 09:32:15 - [MESSAGE][INFO] - Starting to call Test Case 'Test Cases/Popup/PopupMesajiIceriyorMu'

2021-11-11 09:32:15 - [TEST_CASE][PASSED] - Test Cases/Popup/PopupMesajiIceriyorMu: Test Cases/Popup/PopupMesajiIceriyorMu

2021-11-11 09:32:15 - [TEST_STEP][PASSED] - waitForElementVisible(findTestObject("Popup/Popup"), 10): Object 'Object Repository/Popup/Popup' is visible

2021-11-11 09:32:15 - [MESSAGE][INFO] - Finding Test Object 'Object Repository/Popup/Popup'

2021-11-11 09:32:15 - [MESSAGE][INFO] - Checking object

2021-11-11 09:32:15 - [MESSAGE][INFO] - Checking timeout

2021-11-11 09:32:15 - [MESSAGE][INFO] - Finding web element from Test Object's properties

2021-11-11 09:32:15 - [MESSAGE][INFO] - Checking timeout

2021-11-11 09:32:15 - [MESSAGE][INFO] - Finding web element with id: 'Object Repository/Popup/Popup' located by 'By.cssSelector: .bootbox-body' in '10' second(s)

2021-11-11 09:32:15 - [MESSAGE][INFO] - Smart Wait Function is triggered

2021-11-11 09:32:15 - [MESSAGE][INFO] - Found 1 web elements with id: 'Object Repository/Popup/Popup' located by 'By.cssSelector: .bootbox-body' in '10' second(s)

2021-11-11 09:32:15 - [MESSAGE][PASSED] - Object 'Object Repository/Popup/Popup' is visible

2021-11-11 09:32:15 - [TEST_STEP][PASSED] - if (!(getText(findTestObject("Popup/Popup")).contains(Mesaj))): Text of object 'Object Repository/Popup/Popup' is: 'Lütfen rapor bildiriminin gönderileceği e-posta adresini belirtiniz.
e-Posta Adresi'

2021-11-11 09:32:15 - [MESSAGE][INFO] - Finding Test Object 'Object Repository/Popup/Popup'

2021-11-11 09:32:16 - [MESSAGE][INFO] - Checking object

2021-11-11 09:32:16 - [MESSAGE][INFO] - Finding web element from Test Object's properties

2021-11-11 09:32:16 - [MESSAGE][INFO] - Checking timeout

2021-11-11 09:32:16 - [MESSAGE][INFO] - Finding web element with id: 'Object Repository/Popup/Popup' located by 'By.cssSelector: .bootbox-body' in '30' second(s)

2021-11-11 09:32:16 - [MESSAGE][INFO] - Smart Wait Function is triggered

2021-11-11 09:32:16 - [MESSAGE][INFO] - Found 1 web elements with id: 'Object Repository/Popup/Popup' located by 'By.cssSelector: .bootbox-body' in '30' second(s)

2021-11-11 09:32:16 - [MESSAGE][INFO] - Getting text of object 'Object Repository/Popup/Popup'

2021-11-11 09:32:16 - [MESSAGE][PASSED] - Text of object 'Object Repository/Popup/Popup' is: 'Lütfen rapor bildiriminin gönderileceği e-posta adresini belirtiniz.
e-Posta Adresi'

2021-11-11 09:32:16 - [TEST_STEP][PASSED] - RaporNo = getText(findTestObject("Popup/Popup")).substring(0, 6): Text of object 'Object Repository/Popup/Popup' is: 'Lütfen rapor bildiriminin gönderileceği e-posta adresini belirtiniz.
e-Posta Adresi'

2021-11-11 09:32:16 - [MESSAGE][INFO] - Finding Test Object 'Object Repository/Popup/Popup'

2021-11-11 09:32:16 - [MESSAGE][INFO] - Checking object

2021-11-11 09:32:16 - [MESSAGE][INFO] - Finding web element from Test Object's properties

2021-11-11 09:32:16 - [MESSAGE][INFO] - Checking timeout

2021-11-11 09:32:16 - [MESSAGE][INFO] - Finding web element with id: 'Object Repository/Popup/Popup' located by 'By.cssSelector: .bootbox-body' in '30' second(s)

2021-11-11 09:32:16 - [MESSAGE][INFO] - Smart Wait Function is triggered

2021-11-11 09:32:16 - [MESSAGE][INFO] - Found 1 web elements with id: 'Object Repository/Popup/Popup' located by 'By.cssSelector: .bootbox-body' in '30' second(s)

2021-11-11 09:32:16 - [MESSAGE][INFO] - Getting text of object 'Object Repository/Popup/Popup'

2021-11-11 09:32:16 - [MESSAGE][PASSED] - Text of object 'Object Repository/Popup/Popup' is: 'Lütfen rapor bildiriminin gönderileceği e-posta adresini belirtiniz.
e-Posta Adresi'

2021-11-11 09:32:16 - [TEST_STEP][PASSED] - Console.println(RaporNo): null

2021-11-11 09:32:16 - [MESSAGE][PASSED] - Call Test Case 'Test Cases/Popup/PopupMesajiIceriyorMu' successfully

2021-11-11 09:32:16 - [MESSAGE][INFO] - Checking called Test Case

2021-11-11 09:32:16 - [MESSAGE][INFO] - Starting to call Test Case 'Test Cases/Popup/PopupaEmailEklenir'

2021-11-11 09:32:16 - [TEST_CASE][PASSED] - Test Cases/Popup/PopupaEmailEklenir: Test Cases/Popup/PopupaEmailEklenir

2021-11-11 09:32:16 - [TEST_STEP][PASSED] - clearText(findTestObject("Popup/EmailText")): Text of object 'Object Repository/Popup/EmailText' is cleared

2021-11-11 09:32:16 - [MESSAGE][INFO] - Finding Test Object 'Object Repository/Popup/EmailText'

2021-11-11 09:32:17 - [MESSAGE][INFO] - Checking object

2021-11-11 09:32:17 - [MESSAGE][INFO] - Finding web element from Test Object's properties

2021-11-11 09:32:17 - [MESSAGE][INFO] - Checking timeout

2021-11-11 09:32:17 - [MESSAGE][INFO] - Finding web element with id: 'Object Repository/Popup/EmailText' located by 'By.xpath: //*[@id="eMails"]' in '30' second(s)

2021-11-11 09:32:17 - [MESSAGE][INFO] - Smart Wait Function is triggered

2021-11-11 09:32:17 - [MESSAGE][INFO] - Found 1 web elements with id: 'Object Repository/Popup/EmailText' located by 'By.xpath: //*[@id="eMails"]' in '30' second(s)

2021-11-11 09:32:17 - [MESSAGE][INFO] - Clearing text of object 'Object Repository/Popup/EmailText'

2021-11-11 09:32:17 - [MESSAGE][PASSED] - Text of object 'Object Repository/Popup/EmailText' is cleared

2021-11-11 09:32:17 - [TEST_STEP][PASSED] - sendKeys(findTestObject("Popup/EmailText"), Email): Keys 'elogotest@gmail.com;ali.kara@logo.com.tr' sent to object: 'Object Repository/Popup/EmailText'

2021-11-11 09:32:17 - [MESSAGE][INFO] - Finding Test Object 'Object Repository/Popup/EmailText'

2021-11-11 09:32:17 - [MESSAGE][INFO] - Sending keys 'elogotest@gmail.com;ali.kara@logo.com.tr' to object: 'Object Repository/Popup/EmailText'

2021-11-11 09:32:17 - [MESSAGE][INFO] - Finding web element from Test Object's properties

2021-11-11 09:32:17 - [MESSAGE][INFO] - Checking timeout

2021-11-11 09:32:17 - [MESSAGE][INFO] - Finding web element with id: 'Object Repository/Popup/EmailText' located by 'By.xpath: //*[@id="eMails"]' in '30' second(s)

2021-11-11 09:32:17 - [MESSAGE][INFO] - Smart Wait Function is triggered

2021-11-11 09:32:17 - [MESSAGE][INFO] - Found 1 web elements with id: 'Object Repository/Popup/EmailText' located by 'By.xpath: //*[@id="eMails"]' in '30' second(s)

2021-11-11 09:32:17 - [MESSAGE][PASSED] - Keys 'elogotest@gmail.com;ali.kara@logo.com.tr' sent to object: 'Object Repository/Popup/EmailText'

2021-11-11 09:32:17 - [MESSAGE][PASSED] - Call Test Case 'Test Cases/Popup/PopupaEmailEklenir' successfully

2021-11-11 09:32:17 - [MESSAGE][INFO] - Checking called Test Case

2021-11-11 09:32:17 - [MESSAGE][INFO] - Starting to call Test Case 'Test Cases/Popup/PopupButonSecilir'

2021-11-11 09:32:17 - [TEST_CASE][PASSED] - Test Cases/Popup/PopupButonSecilir: Test Cases/Popup/PopupButonSecilir

2021-11-11 09:32:17 - [TEST_STEP][PASSED] - Method.TextDegerineEsitElementeTikla(findTestObject("Popup/Popup_Butons"), Buton): Method.TextDegerineEsitElementeTikla is PASSED

2021-11-11 09:32:17 - [MESSAGE][INFO] - Finding Test Object 'Object Repository/Popup/Popup_Butons'

2021-11-11 09:32:17 - [MESSAGE][INFO] - Checking timeout

2021-11-11 09:32:17 - [MESSAGE][INFO] - Finding web element with id: 'Object Repository/Popup/Popup_Butons' located by 'By.cssSelector: .modal-footer>button' in '10' second(s)

2021-11-11 09:32:17 - [MESSAGE][INFO] - Smart Wait Function is triggered

2021-11-11 09:32:18 - [MESSAGE][INFO] - Found 2 web elements with id: 'Object Repository/Popup/Popup_Butons' located by 'By.cssSelector: .modal-footer>button' in '10' second(s)

2021-11-11 09:32:18 - [MESSAGE][PASSED] - Method.TextDegerineEsitElementeTikla is PASSED

2021-11-11 09:32:18 - [MESSAGE][PASSED] - Call Test Case 'Test Cases/Popup/PopupButonSecilir' successfully

2021-11-11 09:32:18 - [MESSAGE][INFO] - Checking called Test Case

2021-11-11 09:32:18 - [MESSAGE][INFO] - Starting to call Test Case 'Test Cases/Popup/PopupMesajiIceriyorMu'

2021-11-11 09:32:18 - [TEST_CASE][PASSED] - Test Cases/Popup/PopupMesajiIceriyorMu: Test Cases/Popup/PopupMesajiIceriyorMu

2021-11-11 09:32:18 - [TEST_STEP][PASSED] - waitForElementVisible(findTestObject("Popup/Popup"), 10): Object 'Object Repository/Popup/Popup' is visible

2021-11-11 09:32:18 - [MESSAGE][INFO] - Finding Test Object 'Object Repository/Popup/Popup'

2021-11-11 09:32:18 - [MESSAGE][INFO] - Checking object

2021-11-11 09:32:18 - [MESSAGE][INFO] - Checking timeout

2021-11-11 09:32:18 - [MESSAGE][INFO] - Finding web element from Test Object's properties

2021-11-11 09:32:18 - [MESSAGE][INFO] - Checking timeout

2021-11-11 09:32:18 - [MESSAGE][INFO] - Finding web element with id: 'Object Repository/Popup/Popup' located by 'By.cssSelector: .bootbox-body' in '10' second(s)

2021-11-11 09:32:18 - [MESSAGE][INFO] - Smart Wait Function is triggered

2021-11-11 09:32:19 - [MESSAGE][INFO] - Found 1 web elements with id: 'Object Repository/Popup/Popup' located by 'By.cssSelector: .bootbox-body' in '10' second(s)

2021-11-11 09:32:19 - [MESSAGE][PASSED] - Object 'Object Repository/Popup/Popup' is visible

2021-11-11 09:32:19 - [TEST_STEP][PASSED] - if (!(getText(findTestObject("Popup/Popup")).contains(Mesaj))): Text of object 'Object Repository/Popup/Popup' is: '16242 no’lu talebiniz işleme alınmıştır. Raporunuz hazırlandığında (elogotest@gmail.com;ali.kara@logo.com.tr) adresinize mail gönderilecektir.
Rapor durumunuzu Raporlar > Toplu Veri İndirme ekranından takip edebilir, hazırlandı durumundaki raporlarınızı ilgili menüden indirebilirsiniz.'

2021-11-11 09:32:19 - [MESSAGE][INFO] - Finding Test Object 'Object Repository/Popup/Popup'

2021-11-11 09:32:19 - [MESSAGE][INFO] - Checking object

2021-11-11 09:32:19 - [MESSAGE][INFO] - Finding web element from Test Object's properties

2021-11-11 09:32:19 - [MESSAGE][INFO] - Checking timeout

2021-11-11 09:32:19 - [MESSAGE][INFO] - Finding web element with id: 'Object Repository/Popup/Popup' located by 'By.cssSelector: .bootbox-body' in '30' second(s)

2021-11-11 09:32:19 - [MESSAGE][INFO] - Smart Wait Function is triggered

2021-11-11 09:32:19 - [MESSAGE][INFO] - Found 1 web elements with id: 'Object Repository/Popup/Popup' located by 'By.cssSelector: .bootbox-body' in '30' second(s)

2021-11-11 09:32:19 - [MESSAGE][INFO] - Getting text of object 'Object Repository/Popup/Popup'

2021-11-11 09:32:19 - [MESSAGE][PASSED] - Text of object 'Object Repository/Popup/Popup' is: '16242 no’lu talebiniz işleme alınmıştır. Raporunuz hazırlandığında (elogotest@gmail.com;ali.kara@logo.com.tr) adresinize mail gönderilecektir.
Rapor durumunuzu Raporlar > Toplu Veri İndirme ekranından takip edebilir, hazırlandı durumundaki raporlarınızı ilgili menüden indirebilirsiniz.'

2021-11-11 09:32:19 - [TEST_STEP][PASSED] - RaporNo = getText(findTestObject("Popup/Popup")).substring(0, 6): Text of object 'Object Repository/Popup/Popup' is: '16242 no’lu talebiniz işleme alınmıştır. Raporunuz hazırlandığında (elogotest@gmail.com;ali.kara@logo.com.tr) adresinize mail gönderilecektir.
Rapor durumunuzu Raporlar > Toplu Veri İndirme ekranından takip edebilir, hazırlandı durumundaki raporlarınızı ilgili menüden indirebilirsiniz.'

2021-11-11 09:32:19 - [MESSAGE][INFO] - Finding Test Object 'Object Repository/Popup/Popup'

2021-11-11 09:32:19 - [MESSAGE][INFO] - Checking object

2021-11-11 09:32:19 - [MESSAGE][INFO] - Finding web element from Test Object's properties

2021-11-11 09:32:19 - [MESSAGE][INFO] - Checking timeout

2021-11-11 09:32:19 - [MESSAGE][INFO] - Finding web element with id: 'Object Repository/Popup/Popup' located by 'By.cssSelector: .bootbox-body' in '30' second(s)

2021-11-11 09:32:19 - [MESSAGE][INFO] - Smart Wait Function is triggered

2021-11-11 09:32:20 - [MESSAGE][INFO] - Found 1 web elements with id: 'Object Repository/Popup/Popup' located by 'By.cssSelector: .bootbox-body' in '30' second(s)

2021-11-11 09:32:20 - [MESSAGE][INFO] - Getting text of object 'Object Repository/Popup/Popup'

2021-11-11 09:32:20 - [MESSAGE][PASSED] - Text of object 'Object Repository/Popup/Popup' is: '16242 no’lu talebiniz işleme alınmıştır. Raporunuz hazırlandığında (elogotest@gmail.com;ali.kara@logo.com.tr) adresinize mail gönderilecektir.
Rapor durumunuzu Raporlar > Toplu Veri İndirme ekranından takip edebilir, hazırlandı durumundaki raporlarınızı ilgili menüden indirebilirsiniz.'

2021-11-11 09:32:20 - [TEST_STEP][PASSED] - Console.println(RaporNo): null

2021-11-11 09:32:20 - [MESSAGE][PASSED] - Call Test Case 'Test Cases/Popup/PopupMesajiIceriyorMu' successfully

2021-11-11 09:32:20 - [MESSAGE][INFO] - Checking called Test Case

2021-11-11 09:32:20 - [MESSAGE][INFO] - Starting to call Test Case 'Test Cases/Popup/PopupButonSecilir'

2021-11-11 09:32:20 - [TEST_CASE][PASSED] - Test Cases/Popup/PopupButonSecilir: Test Cases/Popup/PopupButonSecilir

2021-11-11 09:32:20 - [TEST_STEP][PASSED] - Method.TextDegerineEsitElementeTikla(findTestObject("Popup/Popup_Butons"), Buton): Method.TextDegerineEsitElementeTikla is PASSED

2021-11-11 09:32:20 - [MESSAGE][INFO] - Finding Test Object 'Object Repository/Popup/Popup_Butons'

2021-11-11 09:32:20 - [MESSAGE][INFO] - Checking timeout

2021-11-11 09:32:20 - [MESSAGE][INFO] - Finding web element with id: 'Object Repository/Popup/Popup_Butons' located by 'By.cssSelector: .modal-footer>button' in '10' second(s)

2021-11-11 09:32:20 - [MESSAGE][INFO] - Smart Wait Function is triggered

2021-11-11 09:32:20 - [MESSAGE][INFO] - Found 1 web elements with id: 'Object Repository/Popup/Popup_Butons' located by 'By.cssSelector: .modal-footer>button' in '10' second(s)

2021-11-11 09:32:20 - [MESSAGE][PASSED] - Method.TextDegerineEsitElementeTikla is PASSED

2021-11-11 09:32:20 - [MESSAGE][PASSED] - Call Test Case 'Test Cases/Popup/PopupButonSecilir' successfully

2021-11-11 09:32:20 - [MESSAGE][INFO] - Checking called Test Case

2021-11-11 09:32:20 - [MESSAGE][INFO] - Starting to call Test Case 'Test Cases/Butonlar/ButonaTikla'

2021-11-11 09:32:20 - [TEST_CASE][PASSED] - Test Cases/Butonlar/ButonaTikla: Test Cases/Butonlar/ButonaTikla

2021-11-11 09:32:20 - [TEST_STEP][PASSED] - Method.TextDegerineEsitElementeTiklaEquals(findTestObject("Butonlar/Butonlar"), Buton_Adi): Method.TextDegerineEsitElementeTiklaEquals is PASSED

2021-11-11 09:32:20 - [MESSAGE][INFO] - Finding Test Object 'Object Repository/Butonlar/Butonlar'

2021-11-11 09:32:20 - [MESSAGE][INFO] - Checking timeout

2021-11-11 09:32:20 - [MESSAGE][INFO] - Finding web element with id: 'Object Repository/Butonlar/Butonlar' located by 'By.cssSelector: .panel.panel-default.text-center.footerPanel .btn,.btn.btn-primary.btnControls' in '10' second(s)

2021-11-11 09:32:20 - [MESSAGE][INFO] - Smart Wait Function is triggered

2021-11-11 09:32:21 - [MESSAGE][INFO] - Found 17 web elements with id: 'Object Repository/Butonlar/Butonlar' located by 'By.cssSelector: .panel.panel-default.text-center.footerPanel .btn,.btn.btn-primary.btnControls' in '10' second(s)

2021-11-11 09:32:21 - [MESSAGE][PASSED] - Method.TextDegerineEsitElementeTiklaEquals is PASSED

2021-11-11 09:32:21 - [MESSAGE][PASSED] - Call Test Case 'Test Cases/Butonlar/ButonaTikla' successfully

2021-11-11 09:32:21 - [MESSAGE][INFO] - Checking called Test Case

2021-11-11 09:32:21 - [MESSAGE][INFO] - Starting to call Test Case 'Test Cases/Butonlar/AltButonaTikla'

2021-11-11 09:32:21 - [TEST_CASE][PASSED] - Test Cases/Butonlar/AltButonaTikla: Test Cases/Butonlar/AltButonaTikla

2021-11-11 09:32:21 - [TEST_STEP][PASSED] - Method.TextDegerineEsitElementeTikla(findTestObject("Butonlar/AltButonlar"), Alt_Buton): Method.TextDegerineEsitElementeTikla is PASSED

2021-11-11 09:32:21 - [MESSAGE][INFO] - Finding Test Object 'Object Repository/Butonlar/AltButonlar'

2021-11-11 09:32:21 - [MESSAGE][INFO] - Checking timeout

2021-11-11 09:32:21 - [MESSAGE][INFO] - Finding web element with id: 'Object Repository/Butonlar/AltButonlar' located by 'By.cssSelector: .btn-group.open li>a' in '10' second(s)

2021-11-11 09:32:21 - [MESSAGE][INFO] - Smart Wait Function is triggered

2021-11-11 09:32:22 - [MESSAGE][INFO] - Found 4 web elements with id: 'Object Repository/Butonlar/AltButonlar' located by 'By.cssSelector: .btn-group.open li>a' in '10' second(s)

2021-11-11 09:32:22 - [MESSAGE][PASSED] - Method.TextDegerineEsitElementeTikla is PASSED

2021-11-11 09:32:22 - [MESSAGE][PASSED] - Call Test Case 'Test Cases/Butonlar/AltButonaTikla' successfully

2021-11-11 09:32:22 - [MESSAGE][INFO] - Checking called Test Case

2021-11-11 09:32:22 - [MESSAGE][INFO] - Starting to call Test Case 'Test Cases/Popup/PopupMesajiIceriyorMu'

2021-11-11 09:32:22 - [TEST_CASE][PASSED] - Test Cases/Popup/PopupMesajiIceriyorMu: Test Cases/Popup/PopupMesajiIceriyorMu

2021-11-11 09:32:22 - [TEST_STEP][PASSED] - waitForElementVisible(findTestObject("Popup/Popup"), 10): Object 'Object Repository/Popup/Popup' is visible

2021-11-11 09:32:22 - [MESSAGE][INFO] - Finding Test Object 'Object Repository/Popup/Popup'

2021-11-11 09:32:22 - [MESSAGE][INFO] - Checking object

2021-11-11 09:32:22 - [MESSAGE][INFO] - Checking timeout

2021-11-11 09:32:22 - [MESSAGE][INFO] - Finding web element from Test Object's properties

2021-11-11 09:32:22 - [MESSAGE][INFO] - Checking timeout

2021-11-11 09:32:22 - [MESSAGE][INFO] - Finding web element with id: 'Object Repository/Popup/Popup' located by 'By.cssSelector: .bootbox-body' in '10' second(s)

2021-11-11 09:32:22 - [MESSAGE][INFO] - Smart Wait Function is triggered

2021-11-11 09:32:22 - [MESSAGE][INFO] - Found 1 web elements with id: 'Object Repository/Popup/Popup' located by 'By.cssSelector: .bootbox-body' in '10' second(s)

2021-11-11 09:32:22 - [MESSAGE][PASSED] - Object 'Object Repository/Popup/Popup' is visible

2021-11-11 09:32:22 - [TEST_STEP][PASSED] - if (!(getText(findTestObject("Popup/Popup")).contains(Mesaj))): Text of object 'Object Repository/Popup/Popup' is: 'Lütfen rapor bildiriminin gönderileceği e-posta adresini belirtiniz.
e-Posta Adresi'

2021-11-11 09:32:22 - [MESSAGE][INFO] - Finding Test Object 'Object Repository/Popup/Popup'

2021-11-11 09:32:23 - [MESSAGE][INFO] - Checking object

2021-11-11 09:32:23 - [MESSAGE][INFO] - Finding web element from Test Object's properties

2021-11-11 09:32:23 - [MESSAGE][INFO] - Checking timeout

2021-11-11 09:32:23 - [MESSAGE][INFO] - Finding web element with id: 'Object Repository/Popup/Popup' located by 'By.cssSelector: .bootbox-body' in '30' second(s)

2021-11-11 09:32:23 - [MESSAGE][INFO] - Smart Wait Function is triggered

2021-11-11 09:32:23 - [MESSAGE][INFO] - Found 1 web elements with id: 'Object Repository/Popup/Popup' located by 'By.cssSelector: .bootbox-body' in '30' second(s)

2021-11-11 09:32:23 - [MESSAGE][INFO] - Getting text of object 'Object Repository/Popup/Popup'

2021-11-11 09:32:23 - [MESSAGE][PASSED] - Text of object 'Object Repository/Popup/Popup' is: 'Lütfen rapor bildiriminin gönderileceği e-posta adresini belirtiniz.
e-Posta Adresi'

2021-11-11 09:32:23 - [TEST_STEP][PASSED] - RaporNo = getText(findTestObject("Popup/Popup")).substring(0, 6): Text of object 'Object Repository/Popup/Popup' is: 'Lütfen rapor bildiriminin gönderileceği e-posta adresini belirtiniz.
e-Posta Adresi'

2021-11-11 09:32:23 - [MESSAGE][INFO] - Finding Test Object 'Object Repository/Popup/Popup'

2021-11-11 09:32:23 - [MESSAGE][INFO] - Checking object

2021-11-11 09:32:23 - [MESSAGE][INFO] - Finding web element from Test Object's properties

2021-11-11 09:32:23 - [MESSAGE][INFO] - Checking timeout

2021-11-11 09:32:23 - [MESSAGE][INFO] - Finding web element with id: 'Object Repository/Popup/Popup' located by 'By.cssSelector: .bootbox-body' in '30' second(s)

2021-11-11 09:32:23 - [MESSAGE][INFO] - Smart Wait Function is triggered

2021-11-11 09:32:23 - [MESSAGE][INFO] - Found 1 web elements with id: 'Object Repository/Popup/Popup' located by 'By.cssSelector: .bootbox-body' in '30' second(s)

2021-11-11 09:32:23 - [MESSAGE][INFO] - Getting text of object 'Object Repository/Popup/Popup'

2021-11-11 09:32:23 - [MESSAGE][PASSED] - Text of object 'Object Repository/Popup/Popup' is: 'Lütfen rapor bildiriminin gönderileceği e-posta adresini belirtiniz.
e-Posta Adresi'

2021-11-11 09:32:23 - [TEST_STEP][PASSED] - Console.println(RaporNo): null

2021-11-11 09:32:23 - [MESSAGE][PASSED] - Call Test Case 'Test Cases/Popup/PopupMesajiIceriyorMu' successfully

2021-11-11 09:32:23 - [MESSAGE][INFO] - Checking called Test Case

2021-11-11 09:32:23 - [MESSAGE][INFO] - Starting to call Test Case 'Test Cases/Popup/PopupaEmailEklenir'

2021-11-11 09:32:23 - [TEST_CASE][PASSED] - Test Cases/Popup/PopupaEmailEklenir: Test Cases/Popup/PopupaEmailEklenir

2021-11-11 09:32:23 - [TEST_STEP][PASSED] - clearText(findTestObject("Popup/EmailText")): Text of object 'Object Repository/Popup/EmailText' is cleared

2021-11-11 09:32:23 - [MESSAGE][INFO] - Finding Test Object 'Object Repository/Popup/EmailText'

2021-11-11 09:32:24 - [MESSAGE][INFO] - Checking object

2021-11-11 09:32:24 - [MESSAGE][INFO] - Finding web element from Test Object's properties

2021-11-11 09:32:24 - [MESSAGE][INFO] - Checking timeout

2021-11-11 09:32:24 - [MESSAGE][INFO] - Finding web element with id: 'Object Repository/Popup/EmailText' located by 'By.xpath: //*[@id="eMails"]' in '30' second(s)

2021-11-11 09:32:24 - [MESSAGE][INFO] - Smart Wait Function is triggered

2021-11-11 09:32:24 - [MESSAGE][INFO] - Found 1 web elements with id: 'Object Repository/Popup/EmailText' located by 'By.xpath: //*[@id="eMails"]' in '30' second(s)

2021-11-11 09:32:24 - [MESSAGE][INFO] - Clearing text of object 'Object Repository/Popup/EmailText'

2021-11-11 09:32:24 - [MESSAGE][PASSED] - Text of object 'Object Repository/Popup/EmailText' is cleared

2021-11-11 09:32:24 - [TEST_STEP][PASSED] - sendKeys(findTestObject("Popup/EmailText"), Email): Keys 'elogotest@gmail.com;ali.kara@logo.com.tr' sent to object: 'Object Repository/Popup/EmailText'

2021-11-11 09:32:24 - [MESSAGE][INFO] - Finding Test Object 'Object Repository/Popup/EmailText'

2021-11-11 09:32:24 - [MESSAGE][INFO] - Sending keys 'elogotest@gmail.com;ali.kara@logo.com.tr' to object: 'Object Repository/Popup/EmailText'

2021-11-11 09:32:24 - [MESSAGE][INFO] - Finding web element from Test Object's properties

2021-11-11 09:32:24 - [MESSAGE][INFO] - Checking timeout

2021-11-11 09:32:24 - [MESSAGE][INFO] - Finding web element with id: 'Object Repository/Popup/EmailText' located by 'By.xpath: //*[@id="eMails"]' in '30' second(s)

2021-11-11 09:32:24 - [MESSAGE][INFO] - Smart Wait Function is triggered

2021-11-11 09:32:24 - [MESSAGE][INFO] - Found 1 web elements with id: 'Object Repository/Popup/EmailText' located by 'By.xpath: //*[@id="eMails"]' in '30' second(s)

2021-11-11 09:32:25 - [MESSAGE][PASSED] - Keys 'elogotest@gmail.com;ali.kara@logo.com.tr' sent to object: 'Object Repository/Popup/EmailText'

2021-11-11 09:32:25 - [MESSAGE][PASSED] - Call Test Case 'Test Cases/Popup/PopupaEmailEklenir' successfully

2021-11-11 09:32:25 - [MESSAGE][INFO] - Checking called Test Case

2021-11-11 09:32:25 - [MESSAGE][INFO] - Starting to call Test Case 'Test Cases/Popup/PopupButonSecilir'

2021-11-11 09:32:25 - [TEST_CASE][PASSED] - Test Cases/Popup/PopupButonSecilir: Test Cases/Popup/PopupButonSecilir

2021-11-11 09:32:25 - [TEST_STEP][PASSED] - Method.TextDegerineEsitElementeTikla(findTestObject("Popup/Popup_Butons"), Buton): Method.TextDegerineEsitElementeTikla is PASSED

2021-11-11 09:32:25 - [MESSAGE][INFO] - Finding Test Object 'Object Repository/Popup/Popup_Butons'

2021-11-11 09:32:25 - [MESSAGE][INFO] - Checking timeout

2021-11-11 09:32:25 - [MESSAGE][INFO] - Finding web element with id: 'Object Repository/Popup/Popup_Butons' located by 'By.cssSelector: .modal-footer>button' in '10' second(s)

2021-11-11 09:32:25 - [MESSAGE][INFO] - Smart Wait Function is triggered

2021-11-11 09:32:25 - [MESSAGE][INFO] - Found 2 web elements with id: 'Object Repository/Popup/Popup_Butons' located by 'By.cssSelector: .modal-footer>button' in '10' second(s)

2021-11-11 09:32:25 - [MESSAGE][PASSED] - Method.TextDegerineEsitElementeTikla is PASSED

2021-11-11 09:32:25 - [MESSAGE][PASSED] - Call Test Case 'Test Cases/Popup/PopupButonSecilir' successfully

2021-11-11 09:32:25 - [MESSAGE][INFO] - Checking called Test Case

2021-11-11 09:32:25 - [MESSAGE][INFO] - Starting to call Test Case 'Test Cases/Popup/PopupMesajiIceriyorMu'

2021-11-11 09:32:25 - [TEST_CASE][PASSED] - Test Cases/Popup/PopupMesajiIceriyorMu: Test Cases/Popup/PopupMesajiIceriyorMu

2021-11-11 09:32:25 - [TEST_STEP][PASSED] - waitForElementVisible(findTestObject("Popup/Popup"), 10): Object 'Object Repository/Popup/Popup' is visible

2021-11-11 09:32:25 - [MESSAGE][INFO] - Finding Test Object 'Object Repository/Popup/Popup'

2021-11-11 09:32:25 - [MESSAGE][INFO] - Checking object

2021-11-11 09:32:25 - [MESSAGE][INFO] - Checking timeout

2021-11-11 09:32:25 - [MESSAGE][INFO] - Finding web element from Test Object's properties

2021-11-11 09:32:25 - [MESSAGE][INFO] - Checking timeout

2021-11-11 09:32:25 - [MESSAGE][INFO] - Finding web element with id: 'Object Repository/Popup/Popup' located by 'By.cssSelector: .bootbox-body' in '10' second(s)

2021-11-11 09:32:25 - [MESSAGE][INFO] - Smart Wait Function is triggered

2021-11-11 09:32:26 - [MESSAGE][INFO] - Found 1 web elements with id: 'Object Repository/Popup/Popup' located by 'By.cssSelector: .bootbox-body' in '10' second(s)

2021-11-11 09:32:26 - [MESSAGE][PASSED] - Object 'Object Repository/Popup/Popup' is visible

2021-11-11 09:32:26 - [TEST_STEP][PASSED] - if (!(getText(findTestObject("Popup/Popup")).contains(Mesaj))): Text of object 'Object Repository/Popup/Popup' is: '16243 no’lu talebiniz işleme alınmıştır. Raporunuz hazırlandığında (elogotest@gmail.com;ali.kara@logo.com.tr) adresinize mail gönderilecektir.
Rapor durumunuzu Raporlar > Toplu Veri İndirme ekranından takip edebilir, hazırlandı durumundaki raporlarınızı ilgili menüden indirebilirsiniz.'

2021-11-11 09:32:26 - [MESSAGE][INFO] - Finding Test Object 'Object Repository/Popup/Popup'

2021-11-11 09:32:26 - [MESSAGE][INFO] - Checking object

2021-11-11 09:32:26 - [MESSAGE][INFO] - Finding web element from Test Object's properties

2021-11-11 09:32:26 - [MESSAGE][INFO] - Checking timeout

2021-11-11 09:32:26 - [MESSAGE][INFO] - Finding web element with id: 'Object Repository/Popup/Popup' located by 'By.cssSelector: .bootbox-body' in '30' second(s)

2021-11-11 09:32:26 - [MESSAGE][INFO] - Smart Wait Function is triggered

2021-11-11 09:32:26 - [MESSAGE][INFO] - Found 1 web elements with id: 'Object Repository/Popup/Popup' located by 'By.cssSelector: .bootbox-body' in '30' second(s)

2021-11-11 09:32:26 - [MESSAGE][INFO] - Getting text of object 'Object Repository/Popup/Popup'

2021-11-11 09:32:26 - [MESSAGE][PASSED] - Text of object 'Object Repository/Popup/Popup' is: '16243 no’lu talebiniz işleme alınmıştır. Raporunuz hazırlandığında (elogotest@gmail.com;ali.kara@logo.com.tr) adresinize mail gönderilecektir.
Rapor durumunuzu Raporlar > Toplu Veri İndirme ekranından takip edebilir, hazırlandı durumundaki raporlarınızı ilgili menüden indirebilirsiniz.'

2021-11-11 09:32:26 - [TEST_STEP][PASSED] - RaporNo = getText(findTestObject("Popup/Popup")).substring(0, 6): Text of object 'Object Repository/Popup/Popup' is: '16243 no’lu talebiniz işleme alınmıştır. Raporunuz hazırlandığında (elogotest@gmail.com;ali.kara@logo.com.tr) adresinize mail gönderilecektir.
Rapor durumunuzu Raporlar > Toplu Veri İndirme ekranından takip edebilir, hazırlandı durumundaki raporlarınızı ilgili menüden indirebilirsiniz.'

2021-11-11 09:32:26 - [MESSAGE][INFO] - Finding Test Object 'Object Repository/Popup/Popup'

2021-11-11 09:32:26 - [MESSAGE][INFO] - Checking object

2021-11-11 09:32:26 - [MESSAGE][INFO] - Finding web element from Test Object's properties

2021-11-11 09:32:26 - [MESSAGE][INFO] - Checking timeout

2021-11-11 09:32:26 - [MESSAGE][INFO] - Finding web element with id: 'Object Repository/Popup/Popup' located by 'By.cssSelector: .bootbox-body' in '30' second(s)

2021-11-11 09:32:26 - [MESSAGE][INFO] - Smart Wait Function is triggered

2021-11-11 09:32:27 - [MESSAGE][INFO] - Found 1 web elements with id: 'Object Repository/Popup/Popup' located by 'By.cssSelector: .bootbox-body' in '30' second(s)

2021-11-11 09:32:27 - [MESSAGE][INFO] - Getting text of object 'Object Repository/Popup/Popup'

2021-11-11 09:32:27 - [MESSAGE][PASSED] - Text of object 'Object Repository/Popup/Popup' is: '16243 no’lu talebiniz işleme alınmıştır. Raporunuz hazırlandığında (elogotest@gmail.com;ali.kara@logo.com.tr) adresinize mail gönderilecektir.
Rapor durumunuzu Raporlar > Toplu Veri İndirme ekranından takip edebilir, hazırlandı durumundaki raporlarınızı ilgili menüden indirebilirsiniz.'

2021-11-11 09:32:27 - [TEST_STEP][PASSED] - Console.println(RaporNo): null

2021-11-11 09:32:27 - [MESSAGE][PASSED] - Call Test Case 'Test Cases/Popup/PopupMesajiIceriyorMu' successfully

2021-11-11 09:32:27 - [MESSAGE][INFO] - Checking called Test Case

2021-11-11 09:32:27 - [MESSAGE][INFO] - Starting to call Test Case 'Test Cases/Popup/PopupButonSecilir'

2021-11-11 09:32:27 - [TEST_CASE][PASSED] - Test Cases/Popup/PopupButonSecilir: Test Cases/Popup/PopupButonSecilir

2021-11-11 09:32:27 - [TEST_STEP][PASSED] - Method.TextDegerineEsitElementeTikla(findTestObject("Popup/Popup_Butons"), Buton): Method.TextDegerineEsitElementeTikla is PASSED

2021-11-11 09:32:27 - [MESSAGE][INFO] - Finding Test Object 'Object Repository/Popup/Popup_Butons'

2021-11-11 09:32:27 - [MESSAGE][INFO] - Checking timeout

2021-11-11 09:32:27 - [MESSAGE][INFO] - Finding web element with id: 'Object Repository/Popup/Popup_Butons' located by 'By.cssSelector: .modal-footer>button' in '10' second(s)

2021-11-11 09:32:27 - [MESSAGE][INFO] - Smart Wait Function is triggered

2021-11-11 09:32:27 - [MESSAGE][INFO] - Found 1 web elements with id: 'Object Repository/Popup/Popup_Butons' located by 'By.cssSelector: .modal-footer>button' in '10' second(s)

2021-11-11 09:32:27 - [MESSAGE][PASSED] - Method.TextDegerineEsitElementeTikla is PASSED

2021-11-11 09:32:27 - [MESSAGE][PASSED] - Call Test Case 'Test Cases/Popup/PopupButonSecilir' successfully

2021-11-11 09:32:27 - [MESSAGE][INFO] - Checking called Test Case

2021-11-11 09:32:27 - [MESSAGE][INFO] - Starting to call Test Case 'Test Cases/Butonlar/ButonaTikla'

2021-11-11 09:32:27 - [TEST_CASE][PASSED] - Test Cases/Butonlar/ButonaTikla: Test Cases/Butonlar/ButonaTikla

2021-11-11 09:32:27 - [TEST_STEP][PASSED] - Method.TextDegerineEsitElementeTiklaEquals(findTestObject("Butonlar/Butonlar"), Buton_Adi): Method.TextDegerineEsitElementeTiklaEquals is PASSED

2021-11-11 09:32:27 - [MESSAGE][INFO] - Finding Test Object 'Object Repository/Butonlar/Butonlar'

2021-11-11 09:32:27 - [MESSAGE][INFO] - Checking timeout

2021-11-11 09:32:27 - [MESSAGE][INFO] - Finding web element with id: 'Object Repository/Butonlar/Butonlar' located by 'By.cssSelector: .panel.panel-default.text-center.footerPanel .btn,.btn.btn-primary.btnControls' in '10' second(s)

2021-11-11 09:32:27 - [MESSAGE][INFO] - Smart Wait Function is triggered

2021-11-11 09:32:28 - [MESSAGE][INFO] - Found 17 web elements with id: 'Object Repository/Butonlar/Butonlar' located by 'By.cssSelector: .panel.panel-default.text-center.footerPanel .btn,.btn.btn-primary.btnControls' in '10' second(s)

2021-11-11 09:32:28 - [MESSAGE][PASSED] - Method.TextDegerineEsitElementeTiklaEquals is PASSED

2021-11-11 09:32:28 - [MESSAGE][PASSED] - Call Test Case 'Test Cases/Butonlar/ButonaTikla' successfully

2021-11-11 09:32:28 - [MESSAGE][INFO] - Checking called Test Case

2021-11-11 09:32:28 - [MESSAGE][INFO] - Starting to call Test Case 'Test Cases/Butonlar/AltButonaTikla'

2021-11-11 09:32:28 - [TEST_CASE][PASSED] - Test Cases/Butonlar/AltButonaTikla: Test Cases/Butonlar/AltButonaTikla

2021-11-11 09:32:28 - [TEST_STEP][PASSED] - Method.TextDegerineEsitElementeTikla(findTestObject("Butonlar/AltButonlar"), Alt_Buton): Method.TextDegerineEsitElementeTikla is PASSED

2021-11-11 09:32:28 - [MESSAGE][INFO] - Finding Test Object 'Object Repository/Butonlar/AltButonlar'

2021-11-11 09:32:28 - [MESSAGE][INFO] - Checking timeout

2021-11-11 09:32:28 - [MESSAGE][INFO] - Finding web element with id: 'Object Repository/Butonlar/AltButonlar' located by 'By.cssSelector: .btn-group.open li>a' in '10' second(s)

2021-11-11 09:32:28 - [MESSAGE][INFO] - Smart Wait Function is triggered

2021-11-11 09:32:29 - [MESSAGE][INFO] - Found 4 web elements with id: 'Object Repository/Butonlar/AltButonlar' located by 'By.cssSelector: .btn-group.open li>a' in '10' second(s)

2021-11-11 09:32:29 - [MESSAGE][PASSED] - Method.TextDegerineEsitElementeTikla is PASSED

2021-11-11 09:32:29 - [MESSAGE][PASSED] - Call Test Case 'Test Cases/Butonlar/AltButonaTikla' successfully

2021-11-11 09:32:29 - [MESSAGE][INFO] - Checking called Test Case

2021-11-11 09:32:29 - [MESSAGE][INFO] - Starting to call Test Case 'Test Cases/Popup/PopupMesajiIceriyorMu'

2021-11-11 09:32:29 - [TEST_CASE][PASSED] - Test Cases/Popup/PopupMesajiIceriyorMu: Test Cases/Popup/PopupMesajiIceriyorMu

2021-11-11 09:32:29 - [TEST_STEP][PASSED] - waitForElementVisible(findTestObject("Popup/Popup"), 10): Object 'Object Repository/Popup/Popup' is visible

2021-11-11 09:32:29 - [MESSAGE][INFO] - Finding Test Object 'Object Repository/Popup/Popup'

2021-11-11 09:32:29 - [MESSAGE][INFO] - Checking object

2021-11-11 09:32:29 - [MESSAGE][INFO] - Checking timeout

2021-11-11 09:32:29 - [MESSAGE][INFO] - Finding web element from Test Object's properties

2021-11-11 09:32:29 - [MESSAGE][INFO] - Checking timeout

2021-11-11 09:32:29 - [MESSAGE][INFO] - Finding web element with id: 'Object Repository/Popup/Popup' located by 'By.cssSelector: .bootbox-body' in '10' second(s)

2021-11-11 09:32:29 - [MESSAGE][INFO] - Smart Wait Function is triggered

2021-11-11 09:32:29 - [MESSAGE][INFO] - Found 1 web elements with id: 'Object Repository/Popup/Popup' located by 'By.cssSelector: .bootbox-body' in '10' second(s)

2021-11-11 09:32:29 - [MESSAGE][PASSED] - Object 'Object Repository/Popup/Popup' is visible

2021-11-11 09:32:29 - [TEST_STEP][PASSED] - if (!(getText(findTestObject("Popup/Popup")).contains(Mesaj))): Text of object 'Object Repository/Popup/Popup' is: 'Lütfen rapor bildiriminin gönderileceği e-posta adresini belirtiniz.
e-Posta Adresi'

2021-11-11 09:32:29 - [MESSAGE][INFO] - Finding Test Object 'Object Repository/Popup/Popup'

2021-11-11 09:32:30 - [MESSAGE][INFO] - Checking object

2021-11-11 09:32:30 - [MESSAGE][INFO] - Finding web element from Test Object's properties

2021-11-11 09:32:30 - [MESSAGE][INFO] - Checking timeout

2021-11-11 09:32:30 - [MESSAGE][INFO] - Finding web element with id: 'Object Repository/Popup/Popup' located by 'By.cssSelector: .bootbox-body' in '30' second(s)

2021-11-11 09:32:30 - [MESSAGE][INFO] - Smart Wait Function is triggered

2021-11-11 09:32:30 - [MESSAGE][INFO] - Found 1 web elements with id: 'Object Repository/Popup/Popup' located by 'By.cssSelector: .bootbox-body' in '30' second(s)

2021-11-11 09:32:30 - [MESSAGE][INFO] - Getting text of object 'Object Repository/Popup/Popup'

2021-11-11 09:32:30 - [MESSAGE][PASSED] - Text of object 'Object Repository/Popup/Popup' is: 'Lütfen rapor bildiriminin gönderileceği e-posta adresini belirtiniz.
e-Posta Adresi'

2021-11-11 09:32:30 - [TEST_STEP][PASSED] - RaporNo = getText(findTestObject("Popup/Popup")).substring(0, 6): Text of object 'Object Repository/Popup/Popup' is: 'Lütfen rapor bildiriminin gönderileceği e-posta adresini belirtiniz.
e-Posta Adresi'

2021-11-11 09:32:30 - [MESSAGE][INFO] - Finding Test Object 'Object Repository/Popup/Popup'

2021-11-11 09:32:30 - [MESSAGE][INFO] - Checking object

2021-11-11 09:32:30 - [MESSAGE][INFO] - Finding web element from Test Object's properties

2021-11-11 09:32:30 - [MESSAGE][INFO] - Checking timeout

2021-11-11 09:32:30 - [MESSAGE][INFO] - Finding web element with id: 'Object Repository/Popup/Popup' located by 'By.cssSelector: .bootbox-body' in '30' second(s)

2021-11-11 09:32:30 - [MESSAGE][INFO] - Smart Wait Function is triggered

2021-11-11 09:32:30 - [MESSAGE][INFO] - Found 1 web elements with id: 'Object Repository/Popup/Popup' located by 'By.cssSelector: .bootbox-body' in '30' second(s)

2021-11-11 09:32:30 - [MESSAGE][INFO] - Getting text of object 'Object Repository/Popup/Popup'

2021-11-11 09:32:30 - [MESSAGE][PASSED] - Text of object 'Object Repository/Popup/Popup' is: 'Lütfen rapor bildiriminin gönderileceği e-posta adresini belirtiniz.
e-Posta Adresi'

2021-11-11 09:32:30 - [TEST_STEP][PASSED] - Console.println(RaporNo): null

2021-11-11 09:32:30 - [MESSAGE][PASSED] - Call Test Case 'Test Cases/Popup/PopupMesajiIceriyorMu' successfully

2021-11-11 09:32:30 - [MESSAGE][INFO] - Checking called Test Case

2021-11-11 09:32:30 - [MESSAGE][INFO] - Starting to call Test Case 'Test Cases/Popup/PopupaEmailEklenir'

2021-11-11 09:32:30 - [TEST_CASE][PASSED] - Test Cases/Popup/PopupaEmailEklenir: Test Cases/Popup/PopupaEmailEklenir

2021-11-11 09:32:30 - [TEST_STEP][PASSED] - clearText(findTestObject("Popup/EmailText")): Text of object 'Object Repository/Popup/EmailText' is cleared

2021-11-11 09:32:30 - [MESSAGE][INFO] - Finding Test Object 'Object Repository/Popup/EmailText'

2021-11-11 09:32:30 - [MESSAGE][INFO] - Checking object

2021-11-11 09:32:31 - [MESSAGE][INFO] - Finding web element from Test Object's properties

2021-11-11 09:32:31 - [MESSAGE][INFO] - Checking timeout

2021-11-11 09:32:31 - [MESSAGE][INFO] - Finding web element with id: 'Object Repository/Popup/EmailText' located by 'By.xpath: //*[@id="eMails"]' in '30' second(s)

2021-11-11 09:32:31 - [MESSAGE][INFO] - Smart Wait Function is triggered

2021-11-11 09:32:31 - [MESSAGE][INFO] - Found 1 web elements with id: 'Object Repository/Popup/EmailText' located by 'By.xpath: //*[@id="eMails"]' in '30' second(s)

2021-11-11 09:32:31 - [MESSAGE][INFO] - Clearing text of object 'Object Repository/Popup/EmailText'

2021-11-11 09:32:31 - [MESSAGE][PASSED] - Text of object 'Object Repository/Popup/EmailText' is cleared

2021-11-11 09:32:31 - [TEST_STEP][PASSED] - sendKeys(findTestObject("Popup/EmailText"), Email): Keys 'elogotest@gmail.com;ali.kara@logo.com.tr' sent to object: 'Object Repository/Popup/EmailText'

2021-11-11 09:32:31 - [MESSAGE][INFO] - Finding Test Object 'Object Repository/Popup/EmailText'

2021-11-11 09:32:31 - [MESSAGE][INFO] - Sending keys 'elogotest@gmail.com;ali.kara@logo.com.tr' to object: 'Object Repository/Popup/EmailText'

2021-11-11 09:32:31 - [MESSAGE][INFO] - Finding web element from Test Object's properties

2021-11-11 09:32:31 - [MESSAGE][INFO] - Checking timeout

2021-11-11 09:32:31 - [MESSAGE][INFO] - Finding web element with id: 'Object Repository/Popup/EmailText' located by 'By.xpath: //*[@id="eMails"]' in '30' second(s)

2021-11-11 09:32:31 - [MESSAGE][INFO] - Smart Wait Function is triggered

2021-11-11 09:32:31 - [MESSAGE][INFO] - Found 1 web elements with id: 'Object Repository/Popup/EmailText' located by 'By.xpath: //*[@id="eMails"]' in '30' second(s)

2021-11-11 09:32:32 - [MESSAGE][PASSED] - Keys 'elogotest@gmail.com;ali.kara@logo.com.tr' sent to object: 'Object Repository/Popup/EmailText'

2021-11-11 09:32:32 - [MESSAGE][PASSED] - Call Test Case 'Test Cases/Popup/PopupaEmailEklenir' successfully

2021-11-11 09:32:32 - [MESSAGE][INFO] - Checking called Test Case

2021-11-11 09:32:32 - [MESSAGE][INFO] - Starting to call Test Case 'Test Cases/Popup/PopupButonSecilir'

2021-11-11 09:32:32 - [TEST_CASE][PASSED] - Test Cases/Popup/PopupButonSecilir: Test Cases/Popup/PopupButonSecilir

2021-11-11 09:32:32 - [TEST_STEP][PASSED] - Method.TextDegerineEsitElementeTikla(findTestObject("Popup/Popup_Butons"), Buton): Method.TextDegerineEsitElementeTikla is PASSED

2021-11-11 09:32:32 - [MESSAGE][INFO] - Finding Test Object 'Object Repository/Popup/Popup_Butons'

2021-11-11 09:32:32 - [MESSAGE][INFO] - Checking timeout

2021-11-11 09:32:32 - [MESSAGE][INFO] - Finding web element with id: 'Object Repository/Popup/Popup_Butons' located by 'By.cssSelector: .modal-footer>button' in '10' second(s)

2021-11-11 09:32:32 - [MESSAGE][INFO] - Smart Wait Function is triggered

2021-11-11 09:32:32 - [MESSAGE][INFO] - Found 2 web elements with id: 'Object Repository/Popup/Popup_Butons' located by 'By.cssSelector: .modal-footer>button' in '10' second(s)

2021-11-11 09:32:32 - [MESSAGE][PASSED] - Method.TextDegerineEsitElementeTikla is PASSED

2021-11-11 09:32:32 - [MESSAGE][PASSED] - Call Test Case 'Test Cases/Popup/PopupButonSecilir' successfully

2021-11-11 09:32:32 - [MESSAGE][INFO] - Checking called Test Case

2021-11-11 09:32:32 - [MESSAGE][INFO] - Starting to call Test Case 'Test Cases/Popup/PopupMesajiIceriyorMu'

2021-11-11 09:32:32 - [TEST_CASE][PASSED] - Test Cases/Popup/PopupMesajiIceriyorMu: Test Cases/Popup/PopupMesajiIceriyorMu

2021-11-11 09:32:32 - [TEST_STEP][PASSED] - waitForElementVisible(findTestObject("Popup/Popup"), 10): Object 'Object Repository/Popup/Popup' is visible

2021-11-11 09:32:32 - [MESSAGE][INFO] - Finding Test Object 'Object Repository/Popup/Popup'

2021-11-11 09:32:33 - [MESSAGE][INFO] - Checking object

2021-11-11 09:32:33 - [MESSAGE][INFO] - Checking timeout

2021-11-11 09:32:33 - [MESSAGE][INFO] - Finding web element from Test Object's properties

2021-11-11 09:32:33 - [MESSAGE][INFO] - Checking timeout

2021-11-11 09:32:33 - [MESSAGE][INFO] - Finding web element with id: 'Object Repository/Popup/Popup' located by 'By.cssSelector: .bootbox-body' in '10' second(s)

2021-11-11 09:32:33 - [MESSAGE][INFO] - Smart Wait Function is triggered

2021-11-11 09:32:33 - [MESSAGE][INFO] - Found 1 web elements with id: 'Object Repository/Popup/Popup' located by 'By.cssSelector: .bootbox-body' in '10' second(s)

2021-11-11 09:32:33 - [MESSAGE][PASSED] - Object 'Object Repository/Popup/Popup' is visible

2021-11-11 09:32:33 - [TEST_STEP][PASSED] - if (!(getText(findTestObject("Popup/Popup")).contains(Mesaj))): Text of object 'Object Repository/Popup/Popup' is: '16244 no’lu talebiniz işleme alınmıştır. Raporunuz hazırlandığında (elogotest@gmail.com;ali.kara@logo.com.tr) adresinize mail gönderilecektir.
Rapor durumunuzu Raporlar > Toplu Veri İndirme ekranından takip edebilir, hazırlandı durumundaki raporlarınızı ilgili menüden indirebilirsiniz.'

2021-11-11 09:32:33 - [MESSAGE][INFO] - Finding Test Object 'Object Repository/Popup/Popup'

2021-11-11 09:32:33 - [MESSAGE][INFO] - Checking object

2021-11-11 09:32:33 - [MESSAGE][INFO] - Finding web element from Test Object's properties

2021-11-11 09:32:33 - [MESSAGE][INFO] - Checking timeout

2021-11-11 09:32:33 - [MESSAGE][INFO] - Finding web element with id: 'Object Repository/Popup/Popup' located by 'By.cssSelector: .bootbox-body' in '30' second(s)

2021-11-11 09:32:33 - [MESSAGE][INFO] - Smart Wait Function is triggered

2021-11-11 09:32:33 - [MESSAGE][INFO] - Found 1 web elements with id: 'Object Repository/Popup/Popup' located by 'By.cssSelector: .bootbox-body' in '30' second(s)

2021-11-11 09:32:33 - [MESSAGE][INFO] - Getting text of object 'Object Repository/Popup/Popup'

2021-11-11 09:32:33 - [MESSAGE][PASSED] - Text of object 'Object Repository/Popup/Popup' is: '16244 no’lu talebiniz işleme alınmıştır. Raporunuz hazırlandığında (elogotest@gmail.com;ali.kara@logo.com.tr) adresinize mail gönderilecektir.
Rapor durumunuzu Raporlar > Toplu Veri İndirme ekranından takip edebilir, hazırlandı durumundaki raporlarınızı ilgili menüden indirebilirsiniz.'

2021-11-11 09:32:33 - [TEST_STEP][PASSED] - RaporNo = getText(findTestObject("Popup/Popup")).substring(0, 6): Text of object 'Object Repository/Popup/Popup' is: '16244 no’lu talebiniz işleme alınmıştır. Raporunuz hazırlandığında (elogotest@gmail.com;ali.kara@logo.com.tr) adresinize mail gönderilecektir.
Rapor durumunuzu Raporlar > Toplu Veri İndirme ekranından takip edebilir, hazırlandı durumundaki raporlarınızı ilgili menüden indirebilirsiniz.'

2021-11-11 09:32:33 - [MESSAGE][INFO] - Finding Test Object 'Object Repository/Popup/Popup'

2021-11-11 09:32:34 - [MESSAGE][INFO] - Checking object

2021-11-11 09:32:34 - [MESSAGE][INFO] - Finding web element from Test Object's properties

2021-11-11 09:32:34 - [MESSAGE][INFO] - Checking timeout

2021-11-11 09:32:34 - [MESSAGE][INFO] - Finding web element with id: 'Object Repository/Popup/Popup' located by 'By.cssSelector: .bootbox-body' in '30' second(s)

2021-11-11 09:32:34 - [MESSAGE][INFO] - Smart Wait Function is triggered

2021-11-11 09:32:34 - [MESSAGE][INFO] - Found 1 web elements with id: 'Object Repository/Popup/Popup' located by 'By.cssSelector: .bootbox-body' in '30' second(s)

2021-11-11 09:32:34 - [MESSAGE][INFO] - Getting text of object 'Object Repository/Popup/Popup'

2021-11-11 09:32:34 - [MESSAGE][PASSED] - Text of object 'Object Repository/Popup/Popup' is: '16244 no’lu talebiniz işleme alınmıştır. Raporunuz hazırlandığında (elogotest@gmail.com;ali.kara@logo.com.tr) adresinize mail gönderilecektir.
Rapor durumunuzu Raporlar > Toplu Veri İndirme ekranından takip edebilir, hazırlandı durumundaki raporlarınızı ilgili menüden indirebilirsiniz.'

2021-11-11 09:32:34 - [TEST_STEP][PASSED] - Console.println(RaporNo): null

2021-11-11 09:32:34 - [MESSAGE][PASSED] - Call Test Case 'Test Cases/Popup/PopupMesajiIceriyorMu' successfully

2021-11-11 09:32:34 - [MESSAGE][INFO] - Checking called Test Case

2021-11-11 09:32:34 - [MESSAGE][INFO] - Starting to call Test Case 'Test Cases/Popup/PopupButonSecilir'

2021-11-11 09:32:34 - [TEST_CASE][PASSED] - Test Cases/Popup/PopupButonSecilir: Test Cases/Popup/PopupButonSecilir

2021-11-11 09:32:34 - [TEST_STEP][PASSED] - Method.TextDegerineEsitElementeTikla(findTestObject("Popup/Popup_Butons"), Buton): Method.TextDegerineEsitElementeTikla is PASSED

2021-11-11 09:32:34 - [MESSAGE][INFO] - Finding Test Object 'Object Repository/Popup/Popup_Butons'

2021-11-11 09:32:34 - [MESSAGE][INFO] - Checking timeout

2021-11-11 09:32:34 - [MESSAGE][INFO] - Finding web element with id: 'Object Repository/Popup/Popup_Butons' located by 'By.cssSelector: .modal-footer>button' in '10' second(s)

2021-11-11 09:32:34 - [MESSAGE][INFO] - Smart Wait Function is triggered

2021-11-11 09:32:34 - [MESSAGE][INFO] - Found 1 web elements with id: 'Object Repository/Popup/Popup_Butons' located by 'By.cssSelector: .modal-footer>button' in '10' second(s)

2021-11-11 09:32:35 - [MESSAGE][PASSED] - Method.TextDegerineEsitElementeTikla is PASSED

2021-11-11 09:32:35 - [MESSAGE][PASSED] - Call Test Case 'Test Cases/Popup/PopupButonSecilir' successfully

2021-11-11 09:32:35 - [MESSAGE][INFO] - Checking called Test Case

2021-11-11 09:32:35 - [MESSAGE][INFO] - Starting to call Test Case 'Test Cases/Menu/AnaMenuSecimi'

2021-11-11 09:32:35 - [TEST_CASE][PASSED] - Test Cases/Menu/AnaMenuSecimi: Test Cases/Menu/AnaMenuSecimi

2021-11-11 09:32:35 - [TEST_STEP][PASSED] - Method.TextDegerineEsitElementeTikla(findTestObject("Menu/Ana_Menu"), Ana_Menu): Method.TextDegerineEsitElementeTikla is PASSED

2021-11-11 09:32:35 - [MESSAGE][INFO] - Finding Test Object 'Object Repository/Menu/Ana_Menu'

2021-11-11 09:32:35 - [MESSAGE][INFO] - Checking timeout

2021-11-11 09:32:35 - [MESSAGE][INFO] - Finding web element with id: 'Object Repository/Menu/Ana_Menu' located by 'By.xpath: //*[@class = 'dropdown-toggle']' in '10' second(s)

2021-11-11 09:32:35 - [MESSAGE][INFO] - Smart Wait Function is triggered

2021-11-11 09:32:35 - [MESSAGE][INFO] - Found 14 web elements with id: 'Object Repository/Menu/Ana_Menu' located by 'By.xpath: //*[@class = 'dropdown-toggle']' in '10' second(s)

2021-11-11 09:32:36 - [MESSAGE][PASSED] - Method.TextDegerineEsitElementeTikla is PASSED

2021-11-11 09:32:36 - [MESSAGE][PASSED] - Call Test Case 'Test Cases/Menu/AnaMenuSecimi' successfully

2021-11-11 09:32:36 - [MESSAGE][INFO] - Checking called Test Case

2021-11-11 09:32:36 - [MESSAGE][INFO] - Starting to call Test Case 'Test Cases/Menu/AltMenuSecimi'

2021-11-11 09:32:36 - [TEST_CASE][PASSED] - Test Cases/Menu/AltMenuSecimi: Test Cases/Menu/AltMenuSecimi

2021-11-11 09:32:36 - [TEST_STEP][PASSED] - Method.TextDegerineEsitElementeTikla(findTestObject("Menu/Alt_Menu"), Alt_Menu): Method.TextDegerineEsitElementeTikla is PASSED

2021-11-11 09:32:36 - [MESSAGE][INFO] - Finding Test Object 'Object Repository/Menu/Alt_Menu'

2021-11-11 09:32:36 - [MESSAGE][INFO] - Checking timeout

2021-11-11 09:32:36 - [MESSAGE][INFO] - Finding web element with id: 'Object Repository/Menu/Alt_Menu' located by 'By.xpath: //li[@class='dropdown dropdown-large open']//li[@class='dropdown-element']' in '10' second(s)

2021-11-11 09:32:36 - [MESSAGE][INFO] - Smart Wait Function is triggered

2021-11-11 09:32:36 - [MESSAGE][INFO] - Found 9 web elements with id: 'Object Repository/Menu/Alt_Menu' located by 'By.xpath: //li[@class='dropdown dropdown-large open']//li[@class='dropdown-element']' in '10' second(s)

2021-11-11 09:32:42 - [MESSAGE][PASSED] - Method.TextDegerineEsitElementeTikla is PASSED

2021-11-11 09:32:42 - [MESSAGE][PASSED] - Call Test Case 'Test Cases/Menu/AltMenuSecimi' successfully

2021-11-11 09:32:42 - [MESSAGE][INFO] - Checking called Test Case

2021-11-11 09:32:42 - [MESSAGE][INFO] - Starting to call Test Case 'Test Cases/Filtreler/RaporNoYaz'

2021-11-11 09:32:42 - [TEST_CASE][PASSED] - Test Cases/Filtreler/RaporNoYaz: Test Cases/Filtreler/RaporNoYaz

2021-11-11 09:32:42 - [TEST_STEP][PASSED] - Method.TextDegerineEsitElementinAltindakiTextboxtaYaz(findTestObject("Filtreler/Basliklar"), findTestObject("Filtreler/Basliga_Gore_Textbox"), "Talep No", RaporNo): Method.TextDegerineEsitElementinAltindakiTextboxtaYaz is PASSED

2021-11-11 09:32:42 - [MESSAGE][INFO] - Finding Test Object 'Object Repository/Filtreler/Basliklar'

2021-11-11 09:32:42 - [MESSAGE][INFO] - Finding Test Object 'Object Repository/Filtreler/Basliga_Gore_Textbox'

2021-11-11 09:32:42 - [MESSAGE][INFO] - Checking timeout

2021-11-11 09:32:42 - [MESSAGE][INFO] - Finding web element with id: 'Object Repository/Filtreler/Basliklar' located by 'By.cssSelector: .control-label.col-sm-4.paddingMarginRLC' in '10' second(s)

2021-11-11 09:32:42 - [MESSAGE][INFO] - Smart Wait Function is triggered

2021-11-11 09:32:42 - [MESSAGE][INFO] - Found 8 web elements with id: 'Object Repository/Filtreler/Basliklar' located by 'By.cssSelector: .control-label.col-sm-4.paddingMarginRLC' in '10' second(s)

2021-11-11 09:32:42 - [MESSAGE][INFO] - Smart Wait Function is triggered

2021-11-11 09:32:43 - [MESSAGE][PASSED] - Method.TextDegerineEsitElementinAltindakiTextboxtaYaz is PASSED

2021-11-11 09:32:43 - [MESSAGE][PASSED] - Call Test Case 'Test Cases/Filtreler/RaporNoYaz' successfully

2021-11-11 09:32:43 - [MESSAGE][INFO] - Checking called Test Case

2021-11-11 09:32:43 - [MESSAGE][INFO] - Starting to call Test Case 'Test Cases/Filtreler/ButonaTikla'

2021-11-11 09:32:43 - [TEST_CASE][PASSED] - Test Cases/Filtreler/ButonaTikla: Test Cases/Filtreler/ButonaTikla

2021-11-11 09:32:43 - [TEST_STEP][PASSED] - Method.TextDegerineEsitElementeTikla(findTestObject("Filtreler/Butonlar"), Filtre_Buton): Method.TextDegerineEsitElementeTikla is PASSED

2021-11-11 09:32:43 - [MESSAGE][INFO] - Finding Test Object 'Object Repository/Filtreler/Butonlar'

2021-11-11 09:32:43 - [MESSAGE][INFO] - Checking timeout

2021-11-11 09:32:43 - [MESSAGE][INFO] - Finding web element with id: 'Object Repository/Filtreler/Butonlar' located by 'By.cssSelector: .dxb>span' in '10' second(s)

2021-11-11 09:32:43 - [MESSAGE][INFO] - Smart Wait Function is triggered

2021-11-11 09:32:43 - [MESSAGE][INFO] - Found 2 web elements with id: 'Object Repository/Filtreler/Butonlar' located by 'By.cssSelector: .dxb>span' in '10' second(s)

2021-11-11 09:32:43 - [MESSAGE][PASSED] - Method.TextDegerineEsitElementeTikla is PASSED

2021-11-11 09:32:43 - [MESSAGE][PASSED] - Call Test Case 'Test Cases/Filtreler/ButonaTikla' successfully

2021-11-11 09:32:43 - [MESSAGE][INFO] - Checking called Test Case

2021-11-11 09:32:43 - [MESSAGE][INFO] - Starting to call Test Case 'Test Cases/Tablo/TablodaVeriVarMi'

2021-11-11 09:32:43 - [TEST_CASE][PASSED] - Test Cases/Tablo/TablodaVeriVarMi: Test Cases/Tablo/TablodaVeriVarMi

2021-11-11 09:32:43 - [TEST_STEP][PASSED] - verifyTextNotPresent("Görüntülenecek veri yok", true): Text 'Görüntülenecek veri yok' is not present on page using regular expression

2021-11-11 09:32:43 - [MESSAGE][INFO] - Checking text present  using regular expression

2021-11-11 09:32:43 - [MESSAGE][INFO] - Smart Wait Function is triggered

2021-11-11 09:32:46 - [MESSAGE][INFO] - Finding text 'Görüntülenecek veri yok' on page  using regular expression

2021-11-11 09:32:46 - [MESSAGE][PASSED] - Text 'Görüntülenecek veri yok' is not present on page using regular expression

2021-11-11 09:32:46 - [MESSAGE][PASSED] - Call Test Case 'Test Cases/Tablo/TablodaVeriVarMi' successfully

2021-11-11 09:32:46 - [MESSAGE][INFO] - Checking called Test Case

2021-11-11 09:32:46 - [MESSAGE][INFO] - Starting to call Test Case 'Test Cases/Kullanici_Islemleri/KullaniciIslemlerindenSecimYapilir'

2021-11-11 09:32:46 - [TEST_CASE][PASSED] - Test Cases/Kullanici_Islemleri/KullaniciIslemlerindenSecimYapilir: Test Cases/Kullanici_Islemleri/KullaniciIslemlerindenSecimYapilir

2021-11-11 09:32:46 - [TEST_STEP][PASSED] - waitForElementClickable(findTestObject("Object Repository/Kullanici_Islemleri/KullaniciIslemleri"), 10): Object 'Object Repository/Kullanici_Islemleri/KullaniciIslemleri' is clickable

2021-11-11 09:32:46 - [MESSAGE][INFO] - Finding Test Object 'Object Repository/Kullanici_Islemleri/KullaniciIslemleri'

2021-11-11 09:32:46 - [MESSAGE][INFO] - Checking object

2021-11-11 09:32:46 - [MESSAGE][INFO] - Checking timeout

2021-11-11 09:32:46 - [MESSAGE][INFO] - Finding web element from Test Object's properties

2021-11-11 09:32:46 - [MESSAGE][INFO] - Checking timeout

2021-11-11 09:32:46 - [MESSAGE][INFO] - Finding web element with id: 'Object Repository/Kullanici_Islemleri/KullaniciIslemleri' located by 'By.cssSelector: .dropdown>a>img' in '10' second(s)

2021-11-11 09:32:46 - [MESSAGE][INFO] - Smart Wait Function is triggered

2021-11-11 09:32:46 - [MESSAGE][INFO] - Found 1 web elements with id: 'Object Repository/Kullanici_Islemleri/KullaniciIslemleri' located by 'By.cssSelector: .dropdown>a>img' in '10' second(s)

2021-11-11 09:32:46 - [MESSAGE][PASSED] - Object 'Object Repository/Kullanici_Islemleri/KullaniciIslemleri' is clickable

2021-11-11 09:32:46 - [TEST_STEP][PASSED] - click(findTestObject("Object Repository/Kullanici_Islemleri/KullaniciIslemleri")): Object: 'Object Repository/Kullanici_Islemleri/KullaniciIslemleri' is clicked on

2021-11-11 09:32:46 - [MESSAGE][INFO] - Finding Test Object 'Object Repository/Kullanici_Islemleri/KullaniciIslemleri'

2021-11-11 09:32:46 - [MESSAGE][INFO] - Checking object

2021-11-11 09:32:46 - [MESSAGE][INFO] - Finding web element from Test Object's properties

2021-11-11 09:32:46 - [MESSAGE][INFO] - Checking timeout

2021-11-11 09:32:46 - [MESSAGE][INFO] - Finding web element with id: 'Object Repository/Kullanici_Islemleri/KullaniciIslemleri' located by 'By.cssSelector: .dropdown>a>img' in '30' second(s)

2021-11-11 09:32:46 - [MESSAGE][INFO] - Smart Wait Function is triggered

2021-11-11 09:32:46 - [MESSAGE][INFO] - Found 1 web elements with id: 'Object Repository/Kullanici_Islemleri/KullaniciIslemleri' located by 'By.cssSelector: .dropdown>a>img' in '30' second(s)

2021-11-11 09:32:46 - [MESSAGE][INFO] - Clicking on object: 'Object Repository/Kullanici_Islemleri/KullaniciIslemleri'

2021-11-11 09:32:46 - [MESSAGE][PASSED] - Object: 'Object Repository/Kullanici_Islemleri/KullaniciIslemleri' is clicked on

2021-11-11 09:32:46 - [TEST_STEP][PASSED] - Method.TextDegerineEsitElementeTikla(findTestObject("Object Repository/Kullanici_Islemleri/Secenekler"), Islem): Method.TextDegerineEsitElementeTikla is PASSED

2021-11-11 09:32:46 - [MESSAGE][INFO] - Finding Test Object 'Object Repository/Kullanici_Islemleri/Secenekler'

2021-11-11 09:32:47 - [MESSAGE][INFO] - Checking timeout

2021-11-11 09:32:47 - [MESSAGE][INFO] - Finding web element with id: 'Object Repository/Kullanici_Islemleri/Secenekler' located by 'By.cssSelector: .nav.navbar-nav.navbar-right li a' in '10' second(s)

2021-11-11 09:32:47 - [MESSAGE][INFO] - Smart Wait Function is triggered

2021-11-11 09:32:47 - [MESSAGE][INFO] - Found 22 web elements with id: 'Object Repository/Kullanici_Islemleri/Secenekler' located by 'By.cssSelector: .nav.navbar-nav.navbar-right li a' in '10' second(s)

2021-11-11 09:32:49 - [MESSAGE][PASSED] - Method.TextDegerineEsitElementeTikla is PASSED

2021-11-11 09:32:49 - [TEST_STEP][PASSED] - verifyElementNotPresent(findTestObject("Object Repository/Kullanici_Islemleri/Secenekler"), 10): Web element with id: 'Object Repository/Kullanici_Islemleri/Secenekler' located by 'By.cssSelector: .nav.navbar-nav.navbar-right li a' is not present after '10' second(s)

2021-11-11 09:32:49 - [MESSAGE][INFO] - Finding Test Object 'Object Repository/Kullanici_Islemleri/Secenekler'

2021-11-11 09:32:49 - [MESSAGE][INFO] - Checking object

2021-11-11 09:32:49 - [MESSAGE][INFO] - Checking timeout

2021-11-11 09:32:49 - [MESSAGE][INFO] - Finding web element with id: 'Object Repository/Kullanici_Islemleri/Secenekler' located by 'By.cssSelector: .nav.navbar-nav.navbar-right li a' in '10' second(s)

2021-11-11 09:32:49 - [MESSAGE][INFO] - Smart Wait Function is triggered

2021-11-11 09:32:49 - [MESSAGE][PASSED] - Web element with id: 'Object Repository/Kullanici_Islemleri/Secenekler' located by 'By.cssSelector: .nav.navbar-nav.navbar-right li a' is not present after '10' second(s)

2021-11-11 09:32:49 - [MESSAGE][PASSED] - Call Test Case 'Test Cases/Kullanici_Islemleri/KullaniciIslemlerindenSecimYapilir' successfully

2021-11-11 09:32:49 - [TEST_CASE][PASSED] - Start Test Case : SCENARIO e-Fatura Giden Kutusu Toplu Indirme - PDF Secilenlerin indirilmesi: SCENARIO e-Fatura Giden Kutusu Toplu Indirme - PDF Secilenlerin indirilmesi

2021-11-11 09:32:49 - [TEST_STEP][PASSED] - Kullanıcı adı ELOGO6 ve Şifre 123456 olarak giriş yapılır: Kullanıcı adı ELOGO6 ve Şifre 123456 olarak giriş yapılır

2021-11-11 09:32:49 - [MESSAGE][PASSED] - Kullanıcı adı ELOGO6 ve Şifre 123456 olarak giriş yapılır

2021-11-11 09:32:49 - [TEST_STEP][PASSED] - Ana menüden e-Fatura seçilir: Ana menüden e-Fatura seçilir

2021-11-11 09:32:49 - [MESSAGE][PASSED] - Ana menüden e-Fatura seçilir

2021-11-11 09:32:49 - [TEST_STEP][PASSED] - Alt menü Giden Kutusu başlığı altındaki Faturalar seçilir: Alt menü Giden Kutusu başlığı altındaki Faturalar seçilir

2021-11-11 09:32:49 - [MESSAGE][PASSED] - Alt menü Giden Kutusu başlığı altındaki Faturalar seçilir

2021-11-11 09:32:49 - [TEST_STEP][PASSED] - Filtrelerden Oluşturma Tarihi filtresine 01.12.2020 baslangic degerini yaz: Filtrelerden Oluşturma Tarihi filtresine 01.12.2020 baslangic degerini yaz

2021-11-11 09:32:49 - [MESSAGE][PASSED] - Filtrelerden Oluşturma Tarihi filtresine 01.12.2020 baslangic degerini yaz

2021-11-11 09:32:49 - [TEST_STEP][PASSED] - Filtrelerden Oluşturma Tarihi filtresine 31.12.2020 bitis degerini yaz: Filtrelerden Oluşturma Tarihi filtresine 31.12.2020 bitis degerini yaz

2021-11-11 09:32:49 - [MESSAGE][PASSED] - Filtrelerden Oluşturma Tarihi filtresine 31.12.2020 bitis degerini yaz

2021-11-11 09:32:49 - [TEST_STEP][PASSED] - Filtrelerden Alıcı Ünvanı filtresine TEST textini yaz: Filtrelerden Alıcı Ünvanı filtresine TEST textini yaz

2021-11-11 09:32:49 - [MESSAGE][PASSED] - Filtrelerden Alıcı Ünvanı filtresine TEST textini yaz

2021-11-11 09:32:49 - [TEST_STEP][PASSED] - Filtre butonlarından Listele seçilir: Filtre butonlarından Listele seçilir

2021-11-11 09:32:49 - [MESSAGE][PASSED] - Filtre butonlarından Listele seçilir

2021-11-11 09:32:49 - [TEST_STEP][PASSED] - Tabloda veri var mı kontrol edilir: Tabloda veri var mı kontrol edilir

2021-11-11 09:32:49 - [MESSAGE][PASSED] - Tabloda veri var mı kontrol edilir

2021-11-11 09:32:49 - [TEST_STEP][PASSED] - Tablodan TEST isimli veri seçilir: Tablodan TEST isimli veri seçilir

2021-11-11 09:32:49 - [MESSAGE][PASSED] - Tablodan TEST isimli veri seçilir

2021-11-11 09:32:49 - [TEST_STEP][PASSED] - Butonlardan Toplu İndirme isimli butona tıklanır: Butonlardan Toplu İndirme isimli butona tıklanır

2021-11-11 09:32:49 - [MESSAGE][PASSED] - Butonlardan Toplu İndirme isimli butona tıklanır

2021-11-11 09:32:49 - [TEST_STEP][PASSED] - Alt butonlardan PDF Seçilenleri İndir butonuna tıklanır: Alt butonlardan PDF Seçilenleri İndir butonuna tıklanır

2021-11-11 09:32:49 - [MESSAGE][PASSED] - Alt butonlardan PDF Seçilenleri İndir butonuna tıklanır

2021-11-11 09:32:49 - [TEST_STEP][PASSED] - Popup mesajı Lütfen rapor bildiriminin gönderileceği e-posta adresini belirtiniz. içeriyor mu: Popup mesajı Lütfen rapor bildiriminin gönderileceği e-posta adresini belirtiniz. içeriyor mu

2021-11-11 09:32:49 - [MESSAGE][PASSED] - Popup mesajı Lütfen rapor bildiriminin gönderileceği e-posta adresini belirtiniz. içeriyor mu

2021-11-11 09:32:49 - [TEST_STEP][PASSED] - Popup email elogotest@gmail.com;ali.kara@logo.com.tr olarak girilir: Popup email elogotest@gmail.com;ali.kara@logo.com.tr olarak girilir

2021-11-11 09:32:49 - [MESSAGE][PASSED] - Popup email elogotest@gmail.com;ali.kara@logo.com.tr olarak girilir

2021-11-11 09:32:49 - [TEST_STEP][PASSED] - Yönetim popupında Gönder seçilir: Yönetim popupında Gönder seçilir

2021-11-11 09:32:49 - [MESSAGE][PASSED] - Yönetim popupında Gönder seçilir

2021-11-11 09:32:49 - [TEST_STEP][PASSED] - Popup mesajı talebiniz işleme alınmıştır içeriyor mu: Popup mesajı talebiniz işleme alınmıştır içeriyor mu

2021-11-11 09:32:49 - [MESSAGE][PASSED] - Popup mesajı talebiniz işleme alınmıştır içeriyor mu

2021-11-11 09:32:49 - [TEST_STEP][PASSED] - Yönetim popupında Tamam seçilir: Yönetim popupında Tamam seçilir

2021-11-11 09:32:49 - [MESSAGE][PASSED] - Yönetim popupında Tamam seçilir

2021-11-11 09:32:49 - [TEST_STEP][PASSED] - Butonlardan Toplu İndirme isimli butona tıklanır: Butonlardan Toplu İndirme isimli butona tıklanır

2021-11-11 09:32:49 - [MESSAGE][PASSED] - Butonlardan Toplu İndirme isimli butona tıklanır

2021-11-11 09:32:49 - [TEST_STEP][PASSED] - Alt butonlardan PDF Tümünü İndir butonuna tıklanır: Alt butonlardan PDF Tümünü İndir butonuna tıklanır

2021-11-11 09:32:49 - [MESSAGE][PASSED] - Alt butonlardan PDF Tümünü İndir butonuna tıklanır

2021-11-11 09:32:49 - [TEST_STEP][PASSED] - Popup mesajı Lütfen rapor bildiriminin gönderileceği e-posta adresini belirtiniz. içeriyor mu: Popup mesajı Lütfen rapor bildiriminin gönderileceği e-posta adresini belirtiniz. içeriyor mu

2021-11-11 09:32:49 - [MESSAGE][PASSED] - Popup mesajı Lütfen rapor bildiriminin gönderileceği e-posta adresini belirtiniz. içeriyor mu

2021-11-11 09:32:49 - [TEST_STEP][PASSED] - Popup email elogotest@gmail.com;ali.kara@logo.com.tr olarak girilir: Popup email elogotest@gmail.com;ali.kara@logo.com.tr olarak girilir

2021-11-11 09:32:49 - [MESSAGE][PASSED] - Popup email elogotest@gmail.com;ali.kara@logo.com.tr olarak girilir

2021-11-11 09:32:49 - [TEST_STEP][PASSED] - Yönetim popupında Gönder seçilir: Yönetim popupında Gönder seçilir

2021-11-11 09:32:49 - [MESSAGE][PASSED] - Yönetim popupında Gönder seçilir

2021-11-11 09:32:49 - [TEST_STEP][PASSED] - Popup mesajı talebiniz işleme alınmıştır içeriyor mu: Popup mesajı talebiniz işleme alınmıştır içeriyor mu

2021-11-11 09:32:49 - [MESSAGE][PASSED] - Popup mesajı talebiniz işleme alınmıştır içeriyor mu

2021-11-11 09:32:49 - [TEST_STEP][PASSED] - Yönetim popupında Tamam seçilir: Yönetim popupında Tamam seçilir

2021-11-11 09:32:49 - [MESSAGE][PASSED] - Yönetim popupında Tamam seçilir

2021-11-11 09:32:49 - [TEST_STEP][PASSED] - Butonlardan Toplu İndirme isimli butona tıklanır: Butonlardan Toplu İndirme isimli butona tıklanır

2021-11-11 09:32:49 - [MESSAGE][PASSED] - Butonlardan Toplu İndirme isimli butona tıklanır

2021-11-11 09:32:49 - [TEST_STEP][PASSED] - Alt butonlardan UBL Seçilenleri İndir butonuna tıklanır: Alt butonlardan UBL Seçilenleri İndir butonuna tıklanır

2021-11-11 09:32:49 - [MESSAGE][PASSED] - Alt butonlardan UBL Seçilenleri İndir butonuna tıklanır

2021-11-11 09:32:49 - [TEST_STEP][PASSED] - Popup mesajı Lütfen rapor bildiriminin gönderileceği e-posta adresini belirtiniz. içeriyor mu: Popup mesajı Lütfen rapor bildiriminin gönderileceği e-posta adresini belirtiniz. içeriyor mu

2021-11-11 09:32:49 - [MESSAGE][PASSED] - Popup mesajı Lütfen rapor bildiriminin gönderileceği e-posta adresini belirtiniz. içeriyor mu

2021-11-11 09:32:49 - [TEST_STEP][PASSED] - Popup email elogotest@gmail.com;ali.kara@logo.com.tr olarak girilir: Popup email elogotest@gmail.com;ali.kara@logo.com.tr olarak girilir

2021-11-11 09:32:49 - [MESSAGE][PASSED] - Popup email elogotest@gmail.com;ali.kara@logo.com.tr olarak girilir

2021-11-11 09:32:49 - [TEST_STEP][PASSED] - Yönetim popupında Gönder seçilir: Yönetim popupında Gönder seçilir

2021-11-11 09:32:49 - [MESSAGE][PASSED] - Yönetim popupında Gönder seçilir

2021-11-11 09:32:49 - [TEST_STEP][PASSED] - Popup mesajı talebiniz işleme alınmıştır içeriyor mu: Popup mesajı talebiniz işleme alınmıştır içeriyor mu

2021-11-11 09:32:49 - [MESSAGE][PASSED] - Popup mesajı talebiniz işleme alınmıştır içeriyor mu

2021-11-11 09:32:49 - [TEST_STEP][PASSED] - Yönetim popupında Tamam seçilir: Yönetim popupında Tamam seçilir

2021-11-11 09:32:49 - [MESSAGE][PASSED] - Yönetim popupında Tamam seçilir

2021-11-11 09:32:49 - [TEST_STEP][PASSED] - Butonlardan Toplu İndirme isimli butona tıklanır: Butonlardan Toplu İndirme isimli butona tıklanır

2021-11-11 09:32:49 - [MESSAGE][PASSED] - Butonlardan Toplu İndirme isimli butona tıklanır

2021-11-11 09:32:49 - [TEST_STEP][PASSED] - Alt butonlardan UBL Tümünü İndir butonuna tıklanır: Alt butonlardan UBL Tümünü İndir butonuna tıklanır

2021-11-11 09:32:49 - [MESSAGE][PASSED] - Alt butonlardan UBL Tümünü İndir butonuna tıklanır

2021-11-11 09:32:49 - [TEST_STEP][PASSED] - Popup mesajı Lütfen rapor bildiriminin gönderileceği e-posta adresini belirtiniz. içeriyor mu: Popup mesajı Lütfen rapor bildiriminin gönderileceği e-posta adresini belirtiniz. içeriyor mu

2021-11-11 09:32:49 - [MESSAGE][PASSED] - Popup mesajı Lütfen rapor bildiriminin gönderileceği e-posta adresini belirtiniz. içeriyor mu

2021-11-11 09:32:49 - [TEST_STEP][PASSED] - Popup email elogotest@gmail.com;ali.kara@logo.com.tr olarak girilir: Popup email elogotest@gmail.com;ali.kara@logo.com.tr olarak girilir

2021-11-11 09:32:49 - [MESSAGE][PASSED] - Popup email elogotest@gmail.com;ali.kara@logo.com.tr olarak girilir

2021-11-11 09:32:49 - [TEST_STEP][PASSED] - Yönetim popupında Gönder seçilir: Yönetim popupında Gönder seçilir

2021-11-11 09:32:49 - [MESSAGE][PASSED] - Yönetim popupında Gönder seçilir

2021-11-11 09:32:49 - [TEST_STEP][PASSED] - Popup mesajı talebiniz işleme alınmıştır içeriyor mu: Popup mesajı talebiniz işleme alınmıştır içeriyor mu

2021-11-11 09:32:49 - [MESSAGE][PASSED] - Popup mesajı talebiniz işleme alınmıştır içeriyor mu

2021-11-11 09:32:49 - [TEST_STEP][PASSED] - Yönetim popupında Tamam seçilir: Yönetim popupında Tamam seçilir

2021-11-11 09:32:49 - [MESSAGE][PASSED] - Yönetim popupında Tamam seçilir

2021-11-11 09:32:49 - [TEST_STEP][PASSED] - Ana menüden Raporlar seçilir: Ana menüden Raporlar seçilir

2021-11-11 09:32:49 - [MESSAGE][PASSED] - Ana menüden Raporlar seçilir

2021-11-11 09:32:49 - [TEST_STEP][PASSED] - Alt menüden Toplu Veri İndirme seçilir: Alt menüden Toplu Veri İndirme seçilir

2021-11-11 09:32:49 - [MESSAGE][PASSED] - Alt menüden Toplu Veri İndirme seçilir

2021-11-11 09:32:49 - [TEST_STEP][PASSED] - Filtrelerden Talep No filtresine Rapor No bilgisi yaz: Filtrelerden Talep No filtresine Rapor No bilgisi yaz

2021-11-11 09:32:49 - [MESSAGE][PASSED] - Filtrelerden Talep No filtresine Rapor No bilgisi yaz

2021-11-11 09:32:49 - [TEST_STEP][PASSED] - Filtre butonlarından Listele seçilir: Filtre butonlarından Listele seçilir

2021-11-11 09:32:49 - [MESSAGE][PASSED] - Filtre butonlarından Listele seçilir

2021-11-11 09:32:49 - [TEST_STEP][PASSED] - Tabloda veri var mı kontrol edilir: Tabloda veri var mı kontrol edilir

2021-11-11 09:32:49 - [MESSAGE][PASSED] - Tabloda veri var mı kontrol edilir

2021-11-11 09:32:49 - [TEST_STEP][PASSED] - Kullanıcı işlemlerinden Çıkış seçilir: Kullanıcı işlemlerinden Çıkış seçilir

2021-11-11 09:32:49 - [MESSAGE][PASSED] - Kullanıcı işlemlerinden Çıkış seçilir

2021-11-11 09:32:49 - [MESSAGE][PASSED] - Feature file: 'Include/features/e-Fatura/Giden Kutusu/Faturalar/Toplu Indirme.feature' was passed

2021-11-11 09:32:49 - [TEST_STEP][PASSED] - Start listener action : sampleAfterTestSuite: Invoke 'com.kms.katalon.core.annotation.AfterTestCase' method: 'Listener.sampleAfterTestSuite(...)' completed.

2021-11-11 09:32:49 - [MESSAGE][INFO] - Starting invoke 'com.kms.katalon.core.annotation.AfterTestCase' method: 'Listener.sampleAfterTestSuite(...)'

2021-11-11 09:32:49 - [TEST_STEP][PASSED] - closeBrowser(): Invoke 'com.kms.katalon.core.annotation.AfterTestCase' method: 'Listener.sampleAfterTestSuite(...)' completed.

2021-11-11 09:32:49 - [MESSAGE][INFO] - Closing browser

2021-11-11 09:32:50 - [MESSAGE][PASSED] - Browser is closed

2021-11-11 09:32:50 - [MESSAGE][INFO] - Invoke 'com.kms.katalon.core.annotation.AfterTestCase' method: 'Listener.sampleAfterTestSuite(...)' completed.]]></system-out>
         <system-err><![CDATA[]]></system-err>
      </testcase>
      <testcase name="Test Cases/Case Repository/e-Fatura/Giden Kutusu/Uygulama Yanitlari/Excele Aktar" time="53.051" classname="Test Cases/Case Repository/e-Fatura/Giden Kutusu/Uygulama Yanitlari/Excele Aktar" status="PASSED">
         <system-out><![CDATA[2021-11-11 09:32:50 - [TEST_CASE][PASSED] - Test Cases/Case Repository/e-Fatura/Giden Kutusu/Uygulama Yanitlari/Excele Aktar: Test Cases/Case Repository/e-Fatura/Giden Kutusu/Uygulama Yanitlari/Excele Aktar

2021-11-11 09:32:50 - [TEST_STEP][PASSED] - Start listener action : sampleBeforeTestSuite: Invoke 'com.kms.katalon.core.annotation.BeforeTestCase' method: 'Listener.sampleBeforeTestSuite(...)' completed.

2021-11-11 09:32:50 - [MESSAGE][INFO] - Starting invoke 'com.kms.katalon.core.annotation.BeforeTestCase' method: 'Listener.sampleBeforeTestSuite(...)'

2021-11-11 09:32:50 - [TEST_STEP][PASSED] - openBrowser(baseUrl): Browser is opened with url: 'https://efatura-stage.elogo.com.tr/'

2021-11-11 09:32:50 - [MESSAGE][INFO] - Opening browser

2021-11-11 09:32:50 - [MESSAGE][INFO] - Starting 'Chrome' driver

2021-11-11 09:32:50 - [MESSAGE][INFO] - User set preference: ['prefs', '{download.default_directory=C:\otomasyondownfiles}']

2021-11-11 09:32:50 - [MESSAGE][INFO] - Action delay is set to 0 milliseconds

2021-11-11 09:32:51 - [MESSAGE][INFO] - Navigating browser to: 'https://efatura-stage.elogo.com.tr/'

2021-11-11 09:32:53 - [MESSAGE][PASSED] - Browser is opened with url: 'https://efatura-stage.elogo.com.tr/'

2021-11-11 09:32:53 - [TEST_STEP][PASSED] - maximizeWindow(): Invoke 'com.kms.katalon.core.annotation.BeforeTestCase' method: 'Listener.sampleBeforeTestSuite(...)' completed.

2021-11-11 09:32:53 - [MESSAGE][INFO] - Maximizing current window

2021-11-11 09:32:54 - [MESSAGE][PASSED] - Current window maximized

2021-11-11 09:32:54 - [MESSAGE][INFO] - Invoke 'com.kms.katalon.core.annotation.BeforeTestCase' method: 'Listener.sampleBeforeTestSuite(...)' completed.

2021-11-11 09:32:54 - [TEST_STEP][PASSED] - runFeatureFile("Include/features/e-Fatura/Giden Kutusu/Uygulama Yanıtlari/Excele Aktar.feature"): Feature file: 'Include/features/e-Fatura/Giden Kutusu/Uygulama Yanıtlari/Excele Aktar.feature' was passed

2021-11-11 09:32:54 - [MESSAGE][INFO] - Starting run keyword runFeatureFile: 'Include/features/e-Fatura/Giden Kutusu/Uygulama Yanıtlari/Excele Aktar.feature' and extract report to folder: 'C:\Users\DELL\Documents\GitHub\EES_KatalonLogo\Reports\20211111_090730\Suite Repository\ExceleAktarVeTopluIndirme\20211111_090810/cucumber_report/1636612374660'...

2021-11-11 09:32:54 - [MESSAGE][INFO] - Glue: []

2021-11-11 09:32:55 - [MESSAGE][INFO] - Checking called Test Case

2021-11-11 09:32:55 - [MESSAGE][INFO] - Starting to call Test Case 'Test Cases/Sayfalar/Giris_Sayfasi/Login'

2021-11-11 09:32:55 - [TEST_CASE][PASSED] - Test Cases/Sayfalar/Giris_Sayfasi/Login: Test Cases/Sayfalar/Giris_Sayfasi/Login

2021-11-11 09:32:55 - [TEST_STEP][PASSED] - Sayfa_Basligi = getWindowTitle(): Current window's title is: 'LOGO e-Fatura'

2021-11-11 09:32:55 - [MESSAGE][INFO] - Getting current window's title

2021-11-11 09:32:55 - [MESSAGE][PASSED] - Current window's title is: 'LOGO e-Fatura'

2021-11-11 09:32:55 - [TEST_STEP][PASSED] - verifyMatch(Sayfa_Basligi, "LOGO e-Fatura", false): Actual text 'LOGO e-Fatura' and expected text 'LOGO e-Fatura' are matched 

2021-11-11 09:32:55 - [MESSAGE][INFO] - Matching actual text 'LOGO e-Fatura' with expected text 'LOGO e-Fatura'

2021-11-11 09:32:55 - [MESSAGE][PASSED] - Actual text 'LOGO e-Fatura' and expected text 'LOGO e-Fatura' are matched 

2021-11-11 09:32:55 - [TEST_STEP][PASSED] - sendKeys(findTestObject("Sayfalar/Giris_Sayfasi/Firma_Kodu"), KullaniciAdi): Keys 'ELOGO6' sent to object: 'Object Repository/Sayfalar/Giris_Sayfasi/Firma_Kodu'

2021-11-11 09:32:55 - [MESSAGE][INFO] - Finding Test Object 'Object Repository/Sayfalar/Giris_Sayfasi/Firma_Kodu'

2021-11-11 09:32:55 - [MESSAGE][INFO] - Sending keys 'ELOGO6' to object: 'Object Repository/Sayfalar/Giris_Sayfasi/Firma_Kodu'

2021-11-11 09:32:55 - [MESSAGE][INFO] - Finding web element from Test Object's properties

2021-11-11 09:32:55 - [MESSAGE][INFO] - Checking timeout

2021-11-11 09:32:55 - [MESSAGE][INFO] - Finding web element with id: 'Object Repository/Sayfalar/Giris_Sayfasi/Firma_Kodu' located by 'By.xpath: //*[@id = 'AccountName']' in '30' second(s)

2021-11-11 09:32:55 - [MESSAGE][INFO] - Smart Wait Function is triggered

2021-11-11 09:32:55 - [MESSAGE][INFO] - Found 1 web elements with id: 'Object Repository/Sayfalar/Giris_Sayfasi/Firma_Kodu' located by 'By.xpath: //*[@id = 'AccountName']' in '30' second(s)

2021-11-11 09:32:56 - [MESSAGE][PASSED] - Keys 'ELOGO6' sent to object: 'Object Repository/Sayfalar/Giris_Sayfasi/Firma_Kodu'

2021-11-11 09:32:56 - [TEST_STEP][PASSED] - sendKeys(findTestObject("Sayfalar/Giris_Sayfasi/Sifre"), Sifre): Keys '123456' sent to object: 'Object Repository/Sayfalar/Giris_Sayfasi/Sifre'

2021-11-11 09:32:56 - [MESSAGE][INFO] - Finding Test Object 'Object Repository/Sayfalar/Giris_Sayfasi/Sifre'

2021-11-11 09:32:56 - [MESSAGE][INFO] - Sending keys '123456' to object: 'Object Repository/Sayfalar/Giris_Sayfasi/Sifre'

2021-11-11 09:32:56 - [MESSAGE][INFO] - Finding web element from Test Object's properties

2021-11-11 09:32:56 - [MESSAGE][INFO] - Checking timeout

2021-11-11 09:32:56 - [MESSAGE][INFO] - Finding web element with id: 'Object Repository/Sayfalar/Giris_Sayfasi/Sifre' located by 'By.xpath: //*[@id = 'Password']' in '30' second(s)

2021-11-11 09:32:56 - [MESSAGE][INFO] - Smart Wait Function is triggered

2021-11-11 09:32:56 - [MESSAGE][INFO] - Found 1 web elements with id: 'Object Repository/Sayfalar/Giris_Sayfasi/Sifre' located by 'By.xpath: //*[@id = 'Password']' in '30' second(s)

2021-11-11 09:32:56 - [MESSAGE][PASSED] - Keys '123456' sent to object: 'Object Repository/Sayfalar/Giris_Sayfasi/Sifre'

2021-11-11 09:32:56 - [TEST_STEP][PASSED] - findWebElement(findTestObject("Sayfalar/Giris_Sayfasi/Giris_Butonu")).click(): Found 1 web elements with id: 'Object Repository/Sayfalar/Giris_Sayfasi/Giris_Butonu' located by 'By.cssSelector: #btnLogin' in '30' second(s)

2021-11-11 09:32:56 - [MESSAGE][INFO] - Finding Test Object 'Object Repository/Sayfalar/Giris_Sayfasi/Giris_Butonu'

2021-11-11 09:32:56 - [MESSAGE][INFO] - Finding web element from Test Object's properties

2021-11-11 09:32:56 - [MESSAGE][INFO] - Checking timeout

2021-11-11 09:32:56 - [MESSAGE][INFO] - Finding web element with id: 'Object Repository/Sayfalar/Giris_Sayfasi/Giris_Butonu' located by 'By.cssSelector: #btnLogin' in '30' second(s)

2021-11-11 09:32:56 - [MESSAGE][INFO] - Smart Wait Function is triggered

2021-11-11 09:32:56 - [MESSAGE][INFO] - Found 1 web elements with id: 'Object Repository/Sayfalar/Giris_Sayfasi/Giris_Butonu' located by 'By.cssSelector: #btnLogin' in '30' second(s)

2021-11-11 09:32:59 - [TEST_STEP][PASSED] - if (verifyElementPresent(findTestObject("Object Repository/Sayfalar/Giris_Sayfasi/RetveTamam_Butonu"), 5, OPTIONAL)): null

2021-11-11 09:32:59 - [MESSAGE][INFO] - Finding Test Object 'Object Repository/Sayfalar/Giris_Sayfasi/RetveTamam_Butonu'

2021-11-11 09:32:59 - [MESSAGE][INFO] - Checking object

2021-11-11 09:32:59 - [MESSAGE][INFO] - Finding web element from Test Object's properties

2021-11-11 09:32:59 - [MESSAGE][INFO] - Checking timeout

2021-11-11 09:32:59 - [MESSAGE][INFO] - Finding web element with id: 'Object Repository/Sayfalar/Giris_Sayfasi/RetveTamam_Butonu' located by 'By.xpath: //*[@class = 'btn btn-default']' in '5' second(s)

2021-11-11 09:32:59 - [MESSAGE][INFO] - Smart Wait Function is triggered

2021-11-11 09:32:59 - [MESSAGE][INFO] - Found 1 web elements with id: 'Object Repository/Sayfalar/Giris_Sayfasi/RetveTamam_Butonu' located by 'By.xpath: //*[@class = 'btn btn-default']' in '5' second(s)

2021-11-11 09:32:59 - [MESSAGE][PASSED] - Object 'Object Repository/Sayfalar/Giris_Sayfasi/RetveTamam_Butonu' is present

2021-11-11 09:32:59 - [TEST_STEP][PASSED] - click(findTestObject("Object Repository/Sayfalar/Giris_Sayfasi/RetveTamam_Butonu")): Object: 'Object Repository/Sayfalar/Giris_Sayfasi/RetveTamam_Butonu' is clicked on

2021-11-11 09:32:59 - [MESSAGE][INFO] - Finding Test Object 'Object Repository/Sayfalar/Giris_Sayfasi/RetveTamam_Butonu'

2021-11-11 09:32:59 - [MESSAGE][INFO] - Checking object

2021-11-11 09:32:59 - [MESSAGE][INFO] - Finding web element from Test Object's properties

2021-11-11 09:32:59 - [MESSAGE][INFO] - Checking timeout

2021-11-11 09:32:59 - [MESSAGE][INFO] - Finding web element with id: 'Object Repository/Sayfalar/Giris_Sayfasi/RetveTamam_Butonu' located by 'By.xpath: //*[@class = 'btn btn-default']' in '30' second(s)

2021-11-11 09:32:59 - [MESSAGE][INFO] - Smart Wait Function is triggered

2021-11-11 09:33:00 - [MESSAGE][INFO] - Found 1 web elements with id: 'Object Repository/Sayfalar/Giris_Sayfasi/RetveTamam_Butonu' located by 'By.xpath: //*[@class = 'btn btn-default']' in '30' second(s)

2021-11-11 09:33:00 - [MESSAGE][INFO] - Clicking on object: 'Object Repository/Sayfalar/Giris_Sayfasi/RetveTamam_Butonu'

2021-11-11 09:33:00 - [MESSAGE][PASSED] - Object: 'Object Repository/Sayfalar/Giris_Sayfasi/RetveTamam_Butonu' is clicked on

2021-11-11 09:33:00 - [TEST_STEP][PASSED] - click(findTestObject("Object Repository/Sayfalar/Giris_Sayfasi/RetveTamam_Butonu")): Object: 'Object Repository/Sayfalar/Giris_Sayfasi/RetveTamam_Butonu' is clicked on

2021-11-11 09:33:00 - [MESSAGE][INFO] - Finding Test Object 'Object Repository/Sayfalar/Giris_Sayfasi/RetveTamam_Butonu'

2021-11-11 09:33:00 - [MESSAGE][INFO] - Checking object

2021-11-11 09:33:00 - [MESSAGE][INFO] - Finding web element from Test Object's properties

2021-11-11 09:33:00 - [MESSAGE][INFO] - Checking timeout

2021-11-11 09:33:00 - [MESSAGE][INFO] - Finding web element with id: 'Object Repository/Sayfalar/Giris_Sayfasi/RetveTamam_Butonu' located by 'By.xpath: //*[@class = 'btn btn-default']' in '30' second(s)

2021-11-11 09:33:00 - [MESSAGE][INFO] - Smart Wait Function is triggered

2021-11-11 09:33:07 - [MESSAGE][INFO] - Found 1 web elements with id: 'Object Repository/Sayfalar/Giris_Sayfasi/RetveTamam_Butonu' located by 'By.xpath: //*[@class = 'btn btn-default']' in '30' second(s)

2021-11-11 09:33:07 - [MESSAGE][INFO] - Clicking on object: 'Object Repository/Sayfalar/Giris_Sayfasi/RetveTamam_Butonu'

2021-11-11 09:33:07 - [MESSAGE][PASSED] - Object: 'Object Repository/Sayfalar/Giris_Sayfasi/RetveTamam_Butonu' is clicked on

2021-11-11 09:33:07 - [TEST_STEP][PASSED] - if (verifyElementPresent(findTestObject("Sayfalar/Giris_Sayfasi/PopupOK"), 5, OPTIONAL)): null

2021-11-11 09:33:07 - [MESSAGE][INFO] - Finding Test Object 'Object Repository/Sayfalar/Giris_Sayfasi/PopupOK'

2021-11-11 09:33:07 - [MESSAGE][INFO] - Checking object

2021-11-11 09:33:07 - [MESSAGE][INFO] - Finding web element from Test Object's properties

2021-11-11 09:33:07 - [MESSAGE][INFO] - Checking timeout

2021-11-11 09:33:07 - [MESSAGE][INFO] - Finding web element with id: 'Object Repository/Sayfalar/Giris_Sayfasi/PopupOK' located by 'By.cssSelector: .btn.btn-success' in '5' second(s)

2021-11-11 09:33:07 - [MESSAGE][INFO] - Smart Wait Function is triggered

2021-11-11 09:33:07 - [MESSAGE][INFO] - Found 1 web elements with id: 'Object Repository/Sayfalar/Giris_Sayfasi/PopupOK' located by 'By.cssSelector: .btn.btn-success' in '5' second(s)

2021-11-11 09:33:07 - [MESSAGE][PASSED] - Object 'Object Repository/Sayfalar/Giris_Sayfasi/PopupOK' is present

2021-11-11 09:33:07 - [TEST_STEP][PASSED] - click(findTestObject("Object Repository/Sayfalar/Giris_Sayfasi/PopupCarpiGiris")): Object: 'Object Repository/Sayfalar/Giris_Sayfasi/PopupCarpiGiris' is clicked on

2021-11-11 09:33:07 - [MESSAGE][INFO] - Finding Test Object 'Object Repository/Sayfalar/Giris_Sayfasi/PopupCarpiGiris'

2021-11-11 09:33:08 - [MESSAGE][INFO] - Checking object

2021-11-11 09:33:08 - [MESSAGE][INFO] - Finding web element from Test Object's properties

2021-11-11 09:33:08 - [MESSAGE][INFO] - Checking timeout

2021-11-11 09:33:08 - [MESSAGE][INFO] - Finding web element with id: 'Object Repository/Sayfalar/Giris_Sayfasi/PopupCarpiGiris' located by 'By.cssSelector: .bootbox-close-button.close' in '30' second(s)

2021-11-11 09:33:08 - [MESSAGE][INFO] - Smart Wait Function is triggered

2021-11-11 09:33:08 - [MESSAGE][INFO] - Found 1 web elements with id: 'Object Repository/Sayfalar/Giris_Sayfasi/PopupCarpiGiris' located by 'By.cssSelector: .bootbox-close-button.close' in '30' second(s)

2021-11-11 09:33:08 - [MESSAGE][INFO] - Clicking on object: 'Object Repository/Sayfalar/Giris_Sayfasi/PopupCarpiGiris'

2021-11-11 09:33:08 - [MESSAGE][PASSED] - Object: 'Object Repository/Sayfalar/Giris_Sayfasi/PopupCarpiGiris' is clicked on

2021-11-11 09:33:08 - [TEST_STEP][PASSED] - verifyElementVisible(findTestObject("Object Repository/Kullanici_Islemleri/KullaniciIslemleri")): Object 'Object Repository/Kullanici_Islemleri/KullaniciIslemleri' is visible

2021-11-11 09:33:08 - [MESSAGE][INFO] - Finding Test Object 'Object Repository/Kullanici_Islemleri/KullaniciIslemleri'

2021-11-11 09:33:08 - [MESSAGE][INFO] - Checking object

2021-11-11 09:33:08 - [MESSAGE][INFO] - Finding web element from Test Object's properties

2021-11-11 09:33:08 - [MESSAGE][INFO] - Checking timeout

2021-11-11 09:33:08 - [MESSAGE][INFO] - Finding web element with id: 'Object Repository/Kullanici_Islemleri/KullaniciIslemleri' located by 'By.cssSelector: .dropdown>a>img' in '30' second(s)

2021-11-11 09:33:08 - [MESSAGE][INFO] - Smart Wait Function is triggered

2021-11-11 09:33:09 - [MESSAGE][INFO] - Found 1 web elements with id: 'Object Repository/Kullanici_Islemleri/KullaniciIslemleri' located by 'By.cssSelector: .dropdown>a>img' in '30' second(s)

2021-11-11 09:33:09 - [MESSAGE][PASSED] - Object 'Object Repository/Kullanici_Islemleri/KullaniciIslemleri' is visible

2021-11-11 09:33:09 - [MESSAGE][PASSED] - Call Test Case 'Test Cases/Sayfalar/Giris_Sayfasi/Login' successfully

2021-11-11 09:33:09 - [MESSAGE][INFO] - Checking called Test Case

2021-11-11 09:33:09 - [MESSAGE][INFO] - Starting to call Test Case 'Test Cases/Menu/AnaMenuSecimi'

2021-11-11 09:33:09 - [TEST_CASE][PASSED] - Test Cases/Menu/AnaMenuSecimi: Test Cases/Menu/AnaMenuSecimi

2021-11-11 09:33:09 - [TEST_STEP][PASSED] - Method.TextDegerineEsitElementeTikla(findTestObject("Menu/Ana_Menu"), Ana_Menu): Method.TextDegerineEsitElementeTikla is PASSED

2021-11-11 09:33:09 - [MESSAGE][INFO] - Finding Test Object 'Object Repository/Menu/Ana_Menu'

2021-11-11 09:33:09 - [MESSAGE][INFO] - Checking timeout

2021-11-11 09:33:09 - [MESSAGE][INFO] - Finding web element with id: 'Object Repository/Menu/Ana_Menu' located by 'By.xpath: //*[@class = 'dropdown-toggle']' in '10' second(s)

2021-11-11 09:33:09 - [MESSAGE][INFO] - Smart Wait Function is triggered

2021-11-11 09:33:09 - [MESSAGE][INFO] - Found 14 web elements with id: 'Object Repository/Menu/Ana_Menu' located by 'By.xpath: //*[@class = 'dropdown-toggle']' in '10' second(s)

2021-11-11 09:33:09 - [MESSAGE][PASSED] - Method.TextDegerineEsitElementeTikla is PASSED

2021-11-11 09:33:09 - [MESSAGE][PASSED] - Call Test Case 'Test Cases/Menu/AnaMenuSecimi' successfully

2021-11-11 09:33:09 - [MESSAGE][INFO] - Checking called Test Case

2021-11-11 09:33:09 - [MESSAGE][INFO] - Starting to call Test Case 'Test Cases/Menu/BasligaGoreAltMenuSecimi'

2021-11-11 09:33:09 - [TEST_CASE][PASSED] - Test Cases/Menu/BasligaGoreAltMenuSecimi: Test Cases/Menu/BasligaGoreAltMenuSecimi

2021-11-11 09:33:09 - [TEST_STEP][PASSED] - Method.TextDegerineEsitElementinAltindakiTextDegerineEsitOlanaTikla(findTestObject("Menu/Menu_Basligi"), findTestObject("Menu/Basliga_Gore_Alt_Menu"), Baslik, Alt_Menu): Method.TextDegerineEsitElementinAltindakiTextDegerineEsitOlanaTikla is PASSED

2021-11-11 09:33:09 - [MESSAGE][INFO] - Finding Test Object 'Object Repository/Menu/Menu_Basligi'

2021-11-11 09:33:09 - [MESSAGE][INFO] - Finding Test Object 'Object Repository/Menu/Basliga_Gore_Alt_Menu'

2021-11-11 09:33:10 - [MESSAGE][INFO] - Checking timeout

2021-11-11 09:33:10 - [MESSAGE][INFO] - Finding web element with id: 'Object Repository/Menu/Menu_Basligi' located by 'By.xpath: //li[@class='dropdown dropdown-large open']//li[@class='dropdown-header']' in '10' second(s)

2021-11-11 09:33:10 - [MESSAGE][INFO] - Smart Wait Function is triggered

2021-11-11 09:33:10 - [MESSAGE][INFO] - Found 3 web elements with id: 'Object Repository/Menu/Menu_Basligi' located by 'By.xpath: //li[@class='dropdown dropdown-large open']//li[@class='dropdown-header']' in '10' second(s)

2021-11-11 09:33:10 - [MESSAGE][INFO] - Smart Wait Function is triggered

2021-11-11 09:33:12 - [MESSAGE][PASSED] - Method.TextDegerineEsitElementinAltindakiTextDegerineEsitOlanaTikla is PASSED

2021-11-11 09:33:12 - [MESSAGE][PASSED] - Call Test Case 'Test Cases/Menu/BasligaGoreAltMenuSecimi' successfully

2021-11-11 09:33:12 - [MESSAGE][INFO] - Checking called Test Case

2021-11-11 09:33:12 - [MESSAGE][INFO] - Starting to call Test Case 'Test Cases/Filtreler/BaslangicYaz'

2021-11-11 09:33:12 - [TEST_CASE][PASSED] - Test Cases/Filtreler/BaslangicYaz: Test Cases/Filtreler/BaslangicYaz

2021-11-11 09:33:12 - [TEST_STEP][PASSED] - Method.TextDegerineEsitElementinAltindakineTikla(findTestObject("Filtreler/Basliklar"), findTestObject("Filtreler/Basliga_Gore_Baslangic_Image"), Filtre_Adi): Method.TextDegerineEsitElementinAltindakineTikla is PASSED

2021-11-11 09:33:12 - [MESSAGE][INFO] - Finding Test Object 'Object Repository/Filtreler/Basliklar'

2021-11-11 09:33:12 - [MESSAGE][INFO] - Finding Test Object 'Object Repository/Filtreler/Basliga_Gore_Baslangic_Image'

2021-11-11 09:33:13 - [MESSAGE][INFO] - Checking timeout

2021-11-11 09:33:13 - [MESSAGE][INFO] - Finding web element with id: 'Object Repository/Filtreler/Basliklar' located by 'By.cssSelector: .control-label.col-sm-4.paddingMarginRLC' in '10' second(s)

2021-11-11 09:33:13 - [MESSAGE][INFO] - Smart Wait Function is triggered

2021-11-11 09:33:13 - [MESSAGE][INFO] - Found 13 web elements with id: 'Object Repository/Filtreler/Basliklar' located by 'By.cssSelector: .control-label.col-sm-4.paddingMarginRLC' in '10' second(s)

2021-11-11 09:33:13 - [MESSAGE][INFO] - Smart Wait Function is triggered

2021-11-11 09:33:13 - [MESSAGE][PASSED] - Method.TextDegerineEsitElementinAltindakineTikla is PASSED

2021-11-11 09:33:13 - [TEST_STEP][PASSED] - Method.TextDegerineEsitElementinAltindakiTextboxtaYaz(findTestObject("Filtreler/Basliklar"), findTestObject("Filtreler/Basliga_Gore_Baslangic"), Filtre_Adi, Filtre_Degeri): Method.TextDegerineEsitElementinAltindakiTextboxtaYaz is PASSED

2021-11-11 09:33:13 - [MESSAGE][INFO] - Finding Test Object 'Object Repository/Filtreler/Basliklar'

2021-11-11 09:33:14 - [MESSAGE][INFO] - Finding Test Object 'Object Repository/Filtreler/Basliga_Gore_Baslangic'

2021-11-11 09:33:14 - [MESSAGE][INFO] - Checking timeout

2021-11-11 09:33:14 - [MESSAGE][INFO] - Finding web element with id: 'Object Repository/Filtreler/Basliklar' located by 'By.cssSelector: .control-label.col-sm-4.paddingMarginRLC' in '10' second(s)

2021-11-11 09:33:14 - [MESSAGE][INFO] - Smart Wait Function is triggered

2021-11-11 09:33:14 - [MESSAGE][INFO] - Found 13 web elements with id: 'Object Repository/Filtreler/Basliklar' located by 'By.cssSelector: .control-label.col-sm-4.paddingMarginRLC' in '10' second(s)

2021-11-11 09:33:14 - [MESSAGE][INFO] - Smart Wait Function is triggered

2021-11-11 09:33:15 - [MESSAGE][PASSED] - Method.TextDegerineEsitElementinAltindakiTextboxtaYaz is PASSED

2021-11-11 09:33:15 - [MESSAGE][PASSED] - Call Test Case 'Test Cases/Filtreler/BaslangicYaz' successfully

2021-11-11 09:33:15 - [MESSAGE][INFO] - Checking called Test Case

2021-11-11 09:33:15 - [MESSAGE][INFO] - Starting to call Test Case 'Test Cases/Filtreler/BitisYaz'

2021-11-11 09:33:15 - [TEST_CASE][PASSED] - Test Cases/Filtreler/BitisYaz: Test Cases/Filtreler/BitisYaz

2021-11-11 09:33:15 - [TEST_STEP][PASSED] - Method.TextDegerineEsitElementinAltindakineTikla(findTestObject("Filtreler/Basliklar"), findTestObject("Filtreler/Basliga_Gore_Bitis_Image"), Filtre_Adi): Method.TextDegerineEsitElementinAltindakineTikla is PASSED

2021-11-11 09:33:15 - [MESSAGE][INFO] - Finding Test Object 'Object Repository/Filtreler/Basliklar'

2021-11-11 09:33:15 - [MESSAGE][INFO] - Finding Test Object 'Object Repository/Filtreler/Basliga_Gore_Bitis_Image'

2021-11-11 09:33:15 - [MESSAGE][INFO] - Checking timeout

2021-11-11 09:33:15 - [MESSAGE][INFO] - Finding web element with id: 'Object Repository/Filtreler/Basliklar' located by 'By.cssSelector: .control-label.col-sm-4.paddingMarginRLC' in '10' second(s)

2021-11-11 09:33:15 - [MESSAGE][INFO] - Smart Wait Function is triggered

2021-11-11 09:33:15 - [MESSAGE][INFO] - Found 13 web elements with id: 'Object Repository/Filtreler/Basliklar' located by 'By.cssSelector: .control-label.col-sm-4.paddingMarginRLC' in '10' second(s)

2021-11-11 09:33:15 - [MESSAGE][INFO] - Smart Wait Function is triggered

2021-11-11 09:33:16 - [MESSAGE][PASSED] - Method.TextDegerineEsitElementinAltindakineTikla is PASSED

2021-11-11 09:33:16 - [TEST_STEP][PASSED] - Method.TextDegerineEsitElementinAltindakiTextboxtaYaz(findTestObject("Filtreler/Basliklar"), findTestObject("Object Repository/Filtreler/Basliga_Gore_Bitis"), Filtre_Adi, Filtre_Degeri): Method.TextDegerineEsitElementinAltindakiTextboxtaYaz is PASSED

2021-11-11 09:33:16 - [MESSAGE][INFO] - Finding Test Object 'Object Repository/Filtreler/Basliklar'

2021-11-11 09:33:16 - [MESSAGE][INFO] - Finding Test Object 'Object Repository/Filtreler/Basliga_Gore_Bitis'

2021-11-11 09:33:16 - [MESSAGE][INFO] - Checking timeout

2021-11-11 09:33:16 - [MESSAGE][INFO] - Finding web element with id: 'Object Repository/Filtreler/Basliklar' located by 'By.cssSelector: .control-label.col-sm-4.paddingMarginRLC' in '10' second(s)

2021-11-11 09:33:16 - [MESSAGE][INFO] - Smart Wait Function is triggered

2021-11-11 09:33:16 - [MESSAGE][INFO] - Found 13 web elements with id: 'Object Repository/Filtreler/Basliklar' located by 'By.cssSelector: .control-label.col-sm-4.paddingMarginRLC' in '10' second(s)

2021-11-11 09:33:16 - [MESSAGE][INFO] - Smart Wait Function is triggered

2021-11-11 09:33:17 - [MESSAGE][PASSED] - Method.TextDegerineEsitElementinAltindakiTextboxtaYaz is PASSED

2021-11-11 09:33:17 - [MESSAGE][PASSED] - Call Test Case 'Test Cases/Filtreler/BitisYaz' successfully

2021-11-11 09:33:17 - [MESSAGE][INFO] - Checking called Test Case

2021-11-11 09:33:17 - [MESSAGE][INFO] - Starting to call Test Case 'Test Cases/Filtreler/TexboxaYaz'

2021-11-11 09:33:17 - [TEST_CASE][PASSED] - Test Cases/Filtreler/TexboxaYaz: Test Cases/Filtreler/TexboxaYaz

2021-11-11 09:33:17 - [TEST_STEP][PASSED] - Method.TextDegerineEsitElementinAltindakiTextboxtaYaz(findTestObject("Filtreler/Basliklar"), findTestObject("Filtreler/Basliga_Gore_Textbox"), Filtre_Adi, Filtre_Degeri): Method.TextDegerineEsitElementinAltindakiTextboxtaYaz is PASSED

2021-11-11 09:33:17 - [MESSAGE][INFO] - Finding Test Object 'Object Repository/Filtreler/Basliklar'

2021-11-11 09:33:17 - [MESSAGE][INFO] - Finding Test Object 'Object Repository/Filtreler/Basliga_Gore_Textbox'

2021-11-11 09:33:17 - [MESSAGE][INFO] - Checking timeout

2021-11-11 09:33:17 - [MESSAGE][INFO] - Finding web element with id: 'Object Repository/Filtreler/Basliklar' located by 'By.cssSelector: .control-label.col-sm-4.paddingMarginRLC' in '10' second(s)

2021-11-11 09:33:17 - [MESSAGE][INFO] - Smart Wait Function is triggered

2021-11-11 09:33:17 - [MESSAGE][INFO] - Found 13 web elements with id: 'Object Repository/Filtreler/Basliklar' located by 'By.cssSelector: .control-label.col-sm-4.paddingMarginRLC' in '10' second(s)

2021-11-11 09:33:17 - [MESSAGE][INFO] - Smart Wait Function is triggered

2021-11-11 09:33:18 - [MESSAGE][PASSED] - Method.TextDegerineEsitElementinAltindakiTextboxtaYaz is PASSED

2021-11-11 09:33:18 - [MESSAGE][PASSED] - Call Test Case 'Test Cases/Filtreler/TexboxaYaz' successfully

2021-11-11 09:33:18 - [MESSAGE][INFO] - Checking called Test Case

2021-11-11 09:33:18 - [MESSAGE][INFO] - Starting to call Test Case 'Test Cases/Filtreler/ButonaTikla'

2021-11-11 09:33:18 - [TEST_CASE][PASSED] - Test Cases/Filtreler/ButonaTikla: Test Cases/Filtreler/ButonaTikla

2021-11-11 09:33:18 - [TEST_STEP][PASSED] - Method.TextDegerineEsitElementeTikla(findTestObject("Filtreler/Butonlar"), Filtre_Buton): Method.TextDegerineEsitElementeTikla is PASSED

2021-11-11 09:33:18 - [MESSAGE][INFO] - Finding Test Object 'Object Repository/Filtreler/Butonlar'

2021-11-11 09:33:18 - [MESSAGE][INFO] - Checking timeout

2021-11-11 09:33:18 - [MESSAGE][INFO] - Finding web element with id: 'Object Repository/Filtreler/Butonlar' located by 'By.cssSelector: .dxb>span' in '10' second(s)

2021-11-11 09:33:18 - [MESSAGE][INFO] - Smart Wait Function is triggered

2021-11-11 09:33:18 - [MESSAGE][INFO] - Found 3 web elements with id: 'Object Repository/Filtreler/Butonlar' located by 'By.cssSelector: .dxb>span' in '10' second(s)

2021-11-11 09:33:18 - [MESSAGE][PASSED] - Method.TextDegerineEsitElementeTikla is PASSED

2021-11-11 09:33:18 - [MESSAGE][PASSED] - Call Test Case 'Test Cases/Filtreler/ButonaTikla' successfully

2021-11-11 09:33:18 - [MESSAGE][INFO] - Checking called Test Case

2021-11-11 09:33:18 - [MESSAGE][INFO] - Starting to call Test Case 'Test Cases/Tablo/TablodaVeriVarMi'

2021-11-11 09:33:18 - [TEST_CASE][PASSED] - Test Cases/Tablo/TablodaVeriVarMi: Test Cases/Tablo/TablodaVeriVarMi

2021-11-11 09:33:18 - [TEST_STEP][PASSED] - verifyTextNotPresent("Görüntülenecek veri yok", true): Text 'Görüntülenecek veri yok' is not present on page using regular expression

2021-11-11 09:33:18 - [MESSAGE][INFO] - Checking text present  using regular expression

2021-11-11 09:33:18 - [MESSAGE][INFO] - Smart Wait Function is triggered

2021-11-11 09:33:19 - [MESSAGE][INFO] - Finding text 'Görüntülenecek veri yok' on page  using regular expression

2021-11-11 09:33:19 - [MESSAGE][PASSED] - Text 'Görüntülenecek veri yok' is not present on page using regular expression

2021-11-11 09:33:19 - [MESSAGE][PASSED] - Call Test Case 'Test Cases/Tablo/TablodaVeriVarMi' successfully

2021-11-11 09:33:19 - [MESSAGE][INFO] - Checking called Test Case

2021-11-11 09:33:19 - [MESSAGE][INFO] - Starting to call Test Case 'Test Cases/Tablo/TablodanVeriSec'

2021-11-11 09:33:19 - [TEST_CASE][PASSED] - Test Cases/Tablo/TablodanVeriSec: Test Cases/Tablo/TablodanVeriSec

2021-11-11 09:33:19 - [TEST_STEP][PASSED] - Method.TextDegerineEsitElementinAltindakineTikla(findTestObject("Tablo/Veriler"), findTestObject("Tablo/VerininCheckBoxi"), Veri_Adi): Method.TextDegerineEsitElementinAltindakineTikla is PASSED

2021-11-11 09:33:19 - [MESSAGE][INFO] - Finding Test Object 'Object Repository/Tablo/Veriler'

2021-11-11 09:33:20 - [MESSAGE][INFO] - Finding Test Object 'Object Repository/Tablo/VerininCheckBoxi'

2021-11-11 09:33:20 - [MESSAGE][INFO] - Checking timeout

2021-11-11 09:33:20 - [MESSAGE][INFO] - Finding web element with id: 'Object Repository/Tablo/Veriler' located by 'By.cssSelector: td.dxgv b ,td.dxgv' in '10' second(s)

2021-11-11 09:33:20 - [MESSAGE][INFO] - Smart Wait Function is triggered

2021-11-11 09:33:20 - [MESSAGE][INFO] - Found 26 web elements with id: 'Object Repository/Tablo/Veriler' located by 'By.cssSelector: td.dxgv b ,td.dxgv' in '10' second(s)

2021-11-11 09:33:20 - [MESSAGE][INFO] - Smart Wait Function is triggered

2021-11-11 09:33:20 - [MESSAGE][PASSED] - Method.TextDegerineEsitElementinAltindakineTikla is PASSED

2021-11-11 09:33:20 - [MESSAGE][PASSED] - Call Test Case 'Test Cases/Tablo/TablodanVeriSec' successfully

2021-11-11 09:33:20 - [MESSAGE][INFO] - Checking called Test Case

2021-11-11 09:33:20 - [MESSAGE][INFO] - Starting to call Test Case 'Test Cases/Butonlar/ButonaTikla'

2021-11-11 09:33:21 - [TEST_CASE][PASSED] - Test Cases/Butonlar/ButonaTikla: Test Cases/Butonlar/ButonaTikla

2021-11-11 09:33:21 - [TEST_STEP][PASSED] - Method.TextDegerineEsitElementeTiklaEquals(findTestObject("Butonlar/Butonlar"), Buton_Adi): Method.TextDegerineEsitElementeTiklaEquals is PASSED

2021-11-11 09:33:21 - [MESSAGE][INFO] - Finding Test Object 'Object Repository/Butonlar/Butonlar'

2021-11-11 09:33:21 - [MESSAGE][INFO] - Checking timeout

2021-11-11 09:33:21 - [MESSAGE][INFO] - Finding web element with id: 'Object Repository/Butonlar/Butonlar' located by 'By.cssSelector: .panel.panel-default.text-center.footerPanel .btn,.btn.btn-primary.btnControls' in '10' second(s)

2021-11-11 09:33:21 - [MESSAGE][INFO] - Smart Wait Function is triggered

2021-11-11 09:33:21 - [MESSAGE][INFO] - Found 7 web elements with id: 'Object Repository/Butonlar/Butonlar' located by 'By.cssSelector: .panel.panel-default.text-center.footerPanel .btn,.btn.btn-primary.btnControls' in '10' second(s)

2021-11-11 09:33:21 - [MESSAGE][PASSED] - Method.TextDegerineEsitElementeTiklaEquals is PASSED

2021-11-11 09:33:21 - [MESSAGE][PASSED] - Call Test Case 'Test Cases/Butonlar/ButonaTikla' successfully

2021-11-11 09:33:21 - [MESSAGE][INFO] - Checking called Test Case

2021-11-11 09:33:21 - [MESSAGE][INFO] - Starting to call Test Case 'Test Cases/Butonlar/AltButonaTikla'

2021-11-11 09:33:21 - [TEST_CASE][PASSED] - Test Cases/Butonlar/AltButonaTikla: Test Cases/Butonlar/AltButonaTikla

2021-11-11 09:33:21 - [TEST_STEP][PASSED] - Method.TextDegerineEsitElementeTikla(findTestObject("Butonlar/AltButonlar"), Alt_Buton): Method.TextDegerineEsitElementeTikla is PASSED

2021-11-11 09:33:21 - [MESSAGE][INFO] - Finding Test Object 'Object Repository/Butonlar/AltButonlar'

2021-11-11 09:33:21 - [MESSAGE][INFO] - Checking timeout

2021-11-11 09:33:21 - [MESSAGE][INFO] - Finding web element with id: 'Object Repository/Butonlar/AltButonlar' located by 'By.cssSelector: .btn-group.open li>a' in '10' second(s)

2021-11-11 09:33:21 - [MESSAGE][INFO] - Smart Wait Function is triggered

2021-11-11 09:33:22 - [MESSAGE][INFO] - Found 2 web elements with id: 'Object Repository/Butonlar/AltButonlar' located by 'By.cssSelector: .btn-group.open li>a' in '10' second(s)

2021-11-11 09:33:22 - [MESSAGE][PASSED] - Method.TextDegerineEsitElementeTikla is PASSED

2021-11-11 09:33:22 - [MESSAGE][PASSED] - Call Test Case 'Test Cases/Butonlar/AltButonaTikla' successfully

2021-11-11 09:33:22 - [MESSAGE][INFO] - Checking called Test Case

2021-11-11 09:33:22 - [MESSAGE][INFO] - Starting to call Test Case 'Test Cases/Popup/PopupMesajiIceriyorMu'

2021-11-11 09:33:22 - [TEST_CASE][PASSED] - Test Cases/Popup/PopupMesajiIceriyorMu: Test Cases/Popup/PopupMesajiIceriyorMu

2021-11-11 09:33:22 - [TEST_STEP][PASSED] - waitForElementVisible(findTestObject("Popup/Popup"), 10): Object 'Object Repository/Popup/Popup' is visible

2021-11-11 09:33:22 - [MESSAGE][INFO] - Finding Test Object 'Object Repository/Popup/Popup'

2021-11-11 09:33:22 - [MESSAGE][INFO] - Checking object

2021-11-11 09:33:22 - [MESSAGE][INFO] - Checking timeout

2021-11-11 09:33:22 - [MESSAGE][INFO] - Finding web element from Test Object's properties

2021-11-11 09:33:22 - [MESSAGE][INFO] - Checking timeout

2021-11-11 09:33:22 - [MESSAGE][INFO] - Finding web element with id: 'Object Repository/Popup/Popup' located by 'By.cssSelector: .bootbox-body' in '10' second(s)

2021-11-11 09:33:22 - [MESSAGE][INFO] - Smart Wait Function is triggered

2021-11-11 09:33:23 - [MESSAGE][INFO] - Found 1 web elements with id: 'Object Repository/Popup/Popup' located by 'By.cssSelector: .bootbox-body' in '10' second(s)

2021-11-11 09:33:23 - [MESSAGE][PASSED] - Object 'Object Repository/Popup/Popup' is visible

2021-11-11 09:33:23 - [TEST_STEP][PASSED] - if (!(getText(findTestObject("Popup/Popup")).contains(Mesaj))): Text of object 'Object Repository/Popup/Popup' is: 'Lütfen rapor bildiriminin gönderileceği e-posta adresini belirtiniz.
e-Posta Adresi'

2021-11-11 09:33:23 - [MESSAGE][INFO] - Finding Test Object 'Object Repository/Popup/Popup'

2021-11-11 09:33:23 - [MESSAGE][INFO] - Checking object

2021-11-11 09:33:23 - [MESSAGE][INFO] - Finding web element from Test Object's properties

2021-11-11 09:33:23 - [MESSAGE][INFO] - Checking timeout

2021-11-11 09:33:23 - [MESSAGE][INFO] - Finding web element with id: 'Object Repository/Popup/Popup' located by 'By.cssSelector: .bootbox-body' in '30' second(s)

2021-11-11 09:33:23 - [MESSAGE][INFO] - Smart Wait Function is triggered

2021-11-11 09:33:23 - [MESSAGE][INFO] - Found 1 web elements with id: 'Object Repository/Popup/Popup' located by 'By.cssSelector: .bootbox-body' in '30' second(s)

2021-11-11 09:33:23 - [MESSAGE][INFO] - Getting text of object 'Object Repository/Popup/Popup'

2021-11-11 09:33:23 - [MESSAGE][PASSED] - Text of object 'Object Repository/Popup/Popup' is: 'Lütfen rapor bildiriminin gönderileceği e-posta adresini belirtiniz.
e-Posta Adresi'

2021-11-11 09:33:23 - [TEST_STEP][PASSED] - RaporNo = getText(findTestObject("Popup/Popup")).substring(0, 6): Text of object 'Object Repository/Popup/Popup' is: 'Lütfen rapor bildiriminin gönderileceği e-posta adresini belirtiniz.
e-Posta Adresi'

2021-11-11 09:33:23 - [MESSAGE][INFO] - Finding Test Object 'Object Repository/Popup/Popup'

2021-11-11 09:33:23 - [MESSAGE][INFO] - Checking object

2021-11-11 09:33:23 - [MESSAGE][INFO] - Finding web element from Test Object's properties

2021-11-11 09:33:23 - [MESSAGE][INFO] - Checking timeout

2021-11-11 09:33:23 - [MESSAGE][INFO] - Finding web element with id: 'Object Repository/Popup/Popup' located by 'By.cssSelector: .bootbox-body' in '30' second(s)

2021-11-11 09:33:23 - [MESSAGE][INFO] - Smart Wait Function is triggered

2021-11-11 09:33:23 - [MESSAGE][INFO] - Found 1 web elements with id: 'Object Repository/Popup/Popup' located by 'By.cssSelector: .bootbox-body' in '30' second(s)

2021-11-11 09:33:23 - [MESSAGE][INFO] - Getting text of object 'Object Repository/Popup/Popup'

2021-11-11 09:33:23 - [MESSAGE][PASSED] - Text of object 'Object Repository/Popup/Popup' is: 'Lütfen rapor bildiriminin gönderileceği e-posta adresini belirtiniz.
e-Posta Adresi'

2021-11-11 09:33:23 - [TEST_STEP][PASSED] - Console.println(RaporNo): null

2021-11-11 09:33:23 - [MESSAGE][PASSED] - Call Test Case 'Test Cases/Popup/PopupMesajiIceriyorMu' successfully

2021-11-11 09:33:23 - [MESSAGE][INFO] - Checking called Test Case

2021-11-11 09:33:23 - [MESSAGE][INFO] - Starting to call Test Case 'Test Cases/Popup/PopupaEmailEklenir'

2021-11-11 09:33:24 - [TEST_CASE][PASSED] - Test Cases/Popup/PopupaEmailEklenir: Test Cases/Popup/PopupaEmailEklenir

2021-11-11 09:33:24 - [TEST_STEP][PASSED] - clearText(findTestObject("Popup/EmailText")): Text of object 'Object Repository/Popup/EmailText' is cleared

2021-11-11 09:33:24 - [MESSAGE][INFO] - Finding Test Object 'Object Repository/Popup/EmailText'

2021-11-11 09:33:24 - [MESSAGE][INFO] - Checking object

2021-11-11 09:33:24 - [MESSAGE][INFO] - Finding web element from Test Object's properties

2021-11-11 09:33:24 - [MESSAGE][INFO] - Checking timeout

2021-11-11 09:33:24 - [MESSAGE][INFO] - Finding web element with id: 'Object Repository/Popup/EmailText' located by 'By.xpath: //*[@id="eMails"]' in '30' second(s)

2021-11-11 09:33:24 - [MESSAGE][INFO] - Smart Wait Function is triggered

2021-11-11 09:33:24 - [MESSAGE][INFO] - Found 1 web elements with id: 'Object Repository/Popup/EmailText' located by 'By.xpath: //*[@id="eMails"]' in '30' second(s)

2021-11-11 09:33:24 - [MESSAGE][INFO] - Clearing text of object 'Object Repository/Popup/EmailText'

2021-11-11 09:33:24 - [MESSAGE][PASSED] - Text of object 'Object Repository/Popup/EmailText' is cleared

2021-11-11 09:33:24 - [TEST_STEP][PASSED] - sendKeys(findTestObject("Popup/EmailText"), Email): Keys 'elogotest@gmail.com;ali.kara@logo.com.tr' sent to object: 'Object Repository/Popup/EmailText'

2021-11-11 09:33:24 - [MESSAGE][INFO] - Finding Test Object 'Object Repository/Popup/EmailText'

2021-11-11 09:33:24 - [MESSAGE][INFO] - Sending keys 'elogotest@gmail.com;ali.kara@logo.com.tr' to object: 'Object Repository/Popup/EmailText'

2021-11-11 09:33:24 - [MESSAGE][INFO] - Finding web element from Test Object's properties

2021-11-11 09:33:24 - [MESSAGE][INFO] - Checking timeout

2021-11-11 09:33:24 - [MESSAGE][INFO] - Finding web element with id: 'Object Repository/Popup/EmailText' located by 'By.xpath: //*[@id="eMails"]' in '30' second(s)

2021-11-11 09:33:24 - [MESSAGE][INFO] - Smart Wait Function is triggered

2021-11-11 09:33:24 - [MESSAGE][INFO] - Found 1 web elements with id: 'Object Repository/Popup/EmailText' located by 'By.xpath: //*[@id="eMails"]' in '30' second(s)

2021-11-11 09:33:24 - [MESSAGE][PASSED] - Keys 'elogotest@gmail.com;ali.kara@logo.com.tr' sent to object: 'Object Repository/Popup/EmailText'

2021-11-11 09:33:24 - [MESSAGE][PASSED] - Call Test Case 'Test Cases/Popup/PopupaEmailEklenir' successfully

2021-11-11 09:33:24 - [MESSAGE][INFO] - Checking called Test Case

2021-11-11 09:33:24 - [MESSAGE][INFO] - Starting to call Test Case 'Test Cases/Popup/PopupButonSecilir'

2021-11-11 09:33:24 - [TEST_CASE][PASSED] - Test Cases/Popup/PopupButonSecilir: Test Cases/Popup/PopupButonSecilir

2021-11-11 09:33:24 - [TEST_STEP][PASSED] - Method.TextDegerineEsitElementeTikla(findTestObject("Popup/Popup_Butons"), Buton): Method.TextDegerineEsitElementeTikla is PASSED

2021-11-11 09:33:24 - [MESSAGE][INFO] - Finding Test Object 'Object Repository/Popup/Popup_Butons'

2021-11-11 09:33:25 - [MESSAGE][INFO] - Checking timeout

2021-11-11 09:33:25 - [MESSAGE][INFO] - Finding web element with id: 'Object Repository/Popup/Popup_Butons' located by 'By.cssSelector: .modal-footer>button' in '10' second(s)

2021-11-11 09:33:25 - [MESSAGE][INFO] - Smart Wait Function is triggered

2021-11-11 09:33:25 - [MESSAGE][INFO] - Found 2 web elements with id: 'Object Repository/Popup/Popup_Butons' located by 'By.cssSelector: .modal-footer>button' in '10' second(s)

2021-11-11 09:33:25 - [MESSAGE][PASSED] - Method.TextDegerineEsitElementeTikla is PASSED

2021-11-11 09:33:25 - [MESSAGE][PASSED] - Call Test Case 'Test Cases/Popup/PopupButonSecilir' successfully

2021-11-11 09:33:25 - [MESSAGE][INFO] - Checking called Test Case

2021-11-11 09:33:25 - [MESSAGE][INFO] - Starting to call Test Case 'Test Cases/Popup/PopupMesajiIceriyorMu'

2021-11-11 09:33:25 - [TEST_CASE][PASSED] - Test Cases/Popup/PopupMesajiIceriyorMu: Test Cases/Popup/PopupMesajiIceriyorMu

2021-11-11 09:33:25 - [TEST_STEP][PASSED] - waitForElementVisible(findTestObject("Popup/Popup"), 10): Object 'Object Repository/Popup/Popup' is visible

2021-11-11 09:33:25 - [MESSAGE][INFO] - Finding Test Object 'Object Repository/Popup/Popup'

2021-11-11 09:33:25 - [MESSAGE][INFO] - Checking object

2021-11-11 09:33:25 - [MESSAGE][INFO] - Checking timeout

2021-11-11 09:33:25 - [MESSAGE][INFO] - Finding web element from Test Object's properties

2021-11-11 09:33:25 - [MESSAGE][INFO] - Checking timeout

2021-11-11 09:33:25 - [MESSAGE][INFO] - Finding web element with id: 'Object Repository/Popup/Popup' located by 'By.cssSelector: .bootbox-body' in '10' second(s)

2021-11-11 09:33:25 - [MESSAGE][INFO] - Smart Wait Function is triggered

2021-11-11 09:33:26 - [MESSAGE][INFO] - Found 1 web elements with id: 'Object Repository/Popup/Popup' located by 'By.cssSelector: .bootbox-body' in '10' second(s)

2021-11-11 09:33:26 - [MESSAGE][PASSED] - Object 'Object Repository/Popup/Popup' is visible

2021-11-11 09:33:26 - [TEST_STEP][PASSED] - if (!(getText(findTestObject("Popup/Popup")).contains(Mesaj))): Text of object 'Object Repository/Popup/Popup' is: '16245 no’lu talebiniz işleme alınmıştır. Raporunuz hazırlandığında (elogotest@gmail.com;ali.kara@logo.com.tr) adresinize mail gönderilecektir.
Rapor durumunuzu Raporlar > Toplu Veri İndirme ekranından takip edebilir, hazırlandı durumundaki raporlarınızı ilgili menüden indirebilirsiniz.'

2021-11-11 09:33:26 - [MESSAGE][INFO] - Finding Test Object 'Object Repository/Popup/Popup'

2021-11-11 09:33:26 - [MESSAGE][INFO] - Checking object

2021-11-11 09:33:26 - [MESSAGE][INFO] - Finding web element from Test Object's properties

2021-11-11 09:33:26 - [MESSAGE][INFO] - Checking timeout

2021-11-11 09:33:26 - [MESSAGE][INFO] - Finding web element with id: 'Object Repository/Popup/Popup' located by 'By.cssSelector: .bootbox-body' in '30' second(s)

2021-11-11 09:33:26 - [MESSAGE][INFO] - Smart Wait Function is triggered

2021-11-11 09:33:26 - [MESSAGE][INFO] - Found 1 web elements with id: 'Object Repository/Popup/Popup' located by 'By.cssSelector: .bootbox-body' in '30' second(s)

2021-11-11 09:33:26 - [MESSAGE][INFO] - Getting text of object 'Object Repository/Popup/Popup'

2021-11-11 09:33:26 - [MESSAGE][PASSED] - Text of object 'Object Repository/Popup/Popup' is: '16245 no’lu talebiniz işleme alınmıştır. Raporunuz hazırlandığında (elogotest@gmail.com;ali.kara@logo.com.tr) adresinize mail gönderilecektir.
Rapor durumunuzu Raporlar > Toplu Veri İndirme ekranından takip edebilir, hazırlandı durumundaki raporlarınızı ilgili menüden indirebilirsiniz.'

2021-11-11 09:33:26 - [TEST_STEP][PASSED] - RaporNo = getText(findTestObject("Popup/Popup")).substring(0, 6): Text of object 'Object Repository/Popup/Popup' is: '16245 no’lu talebiniz işleme alınmıştır. Raporunuz hazırlandığında (elogotest@gmail.com;ali.kara@logo.com.tr) adresinize mail gönderilecektir.
Rapor durumunuzu Raporlar > Toplu Veri İndirme ekranından takip edebilir, hazırlandı durumundaki raporlarınızı ilgili menüden indirebilirsiniz.'

2021-11-11 09:33:26 - [MESSAGE][INFO] - Finding Test Object 'Object Repository/Popup/Popup'

2021-11-11 09:33:26 - [MESSAGE][INFO] - Checking object

2021-11-11 09:33:26 - [MESSAGE][INFO] - Finding web element from Test Object's properties

2021-11-11 09:33:26 - [MESSAGE][INFO] - Checking timeout

2021-11-11 09:33:26 - [MESSAGE][INFO] - Finding web element with id: 'Object Repository/Popup/Popup' located by 'By.cssSelector: .bootbox-body' in '30' second(s)

2021-11-11 09:33:26 - [MESSAGE][INFO] - Smart Wait Function is triggered

2021-11-11 09:33:26 - [MESSAGE][INFO] - Found 1 web elements with id: 'Object Repository/Popup/Popup' located by 'By.cssSelector: .bootbox-body' in '30' second(s)

2021-11-11 09:33:26 - [MESSAGE][INFO] - Getting text of object 'Object Repository/Popup/Popup'

2021-11-11 09:33:26 - [MESSAGE][PASSED] - Text of object 'Object Repository/Popup/Popup' is: '16245 no’lu talebiniz işleme alınmıştır. Raporunuz hazırlandığında (elogotest@gmail.com;ali.kara@logo.com.tr) adresinize mail gönderilecektir.
Rapor durumunuzu Raporlar > Toplu Veri İndirme ekranından takip edebilir, hazırlandı durumundaki raporlarınızı ilgili menüden indirebilirsiniz.'

2021-11-11 09:33:26 - [TEST_STEP][PASSED] - Console.println(RaporNo): null

2021-11-11 09:33:26 - [MESSAGE][PASSED] - Call Test Case 'Test Cases/Popup/PopupMesajiIceriyorMu' successfully

2021-11-11 09:33:26 - [MESSAGE][INFO] - Checking called Test Case

2021-11-11 09:33:26 - [MESSAGE][INFO] - Starting to call Test Case 'Test Cases/Popup/PopupButonSecilir'

2021-11-11 09:33:26 - [TEST_CASE][PASSED] - Test Cases/Popup/PopupButonSecilir: Test Cases/Popup/PopupButonSecilir

2021-11-11 09:33:26 - [TEST_STEP][PASSED] - Method.TextDegerineEsitElementeTikla(findTestObject("Popup/Popup_Butons"), Buton): Method.TextDegerineEsitElementeTikla is PASSED

2021-11-11 09:33:26 - [MESSAGE][INFO] - Finding Test Object 'Object Repository/Popup/Popup_Butons'

2021-11-11 09:33:27 - [MESSAGE][INFO] - Checking timeout

2021-11-11 09:33:27 - [MESSAGE][INFO] - Finding web element with id: 'Object Repository/Popup/Popup_Butons' located by 'By.cssSelector: .modal-footer>button' in '10' second(s)

2021-11-11 09:33:27 - [MESSAGE][INFO] - Smart Wait Function is triggered

2021-11-11 09:33:27 - [MESSAGE][INFO] - Found 1 web elements with id: 'Object Repository/Popup/Popup_Butons' located by 'By.cssSelector: .modal-footer>button' in '10' second(s)

2021-11-11 09:33:27 - [MESSAGE][PASSED] - Method.TextDegerineEsitElementeTikla is PASSED

2021-11-11 09:33:27 - [MESSAGE][PASSED] - Call Test Case 'Test Cases/Popup/PopupButonSecilir' successfully

2021-11-11 09:33:27 - [MESSAGE][INFO] - Checking called Test Case

2021-11-11 09:33:27 - [MESSAGE][INFO] - Starting to call Test Case 'Test Cases/Butonlar/ButonaTikla'

2021-11-11 09:33:27 - [TEST_CASE][PASSED] - Test Cases/Butonlar/ButonaTikla: Test Cases/Butonlar/ButonaTikla

2021-11-11 09:33:27 - [TEST_STEP][PASSED] - Method.TextDegerineEsitElementeTiklaEquals(findTestObject("Butonlar/Butonlar"), Buton_Adi): Method.TextDegerineEsitElementeTiklaEquals is PASSED

2021-11-11 09:33:27 - [MESSAGE][INFO] - Finding Test Object 'Object Repository/Butonlar/Butonlar'

2021-11-11 09:33:27 - [MESSAGE][INFO] - Checking timeout

2021-11-11 09:33:27 - [MESSAGE][INFO] - Finding web element with id: 'Object Repository/Butonlar/Butonlar' located by 'By.cssSelector: .panel.panel-default.text-center.footerPanel .btn,.btn.btn-primary.btnControls' in '10' second(s)

2021-11-11 09:33:27 - [MESSAGE][INFO] - Smart Wait Function is triggered

2021-11-11 09:33:28 - [MESSAGE][INFO] - Found 7 web elements with id: 'Object Repository/Butonlar/Butonlar' located by 'By.cssSelector: .panel.panel-default.text-center.footerPanel .btn,.btn.btn-primary.btnControls' in '10' second(s)

2021-11-11 09:33:28 - [MESSAGE][PASSED] - Method.TextDegerineEsitElementeTiklaEquals is PASSED

2021-11-11 09:33:28 - [MESSAGE][PASSED] - Call Test Case 'Test Cases/Butonlar/ButonaTikla' successfully

2021-11-11 09:33:28 - [MESSAGE][INFO] - Checking called Test Case

2021-11-11 09:33:28 - [MESSAGE][INFO] - Starting to call Test Case 'Test Cases/Butonlar/AltButonaTikla'

2021-11-11 09:33:28 - [TEST_CASE][PASSED] - Test Cases/Butonlar/AltButonaTikla: Test Cases/Butonlar/AltButonaTikla

2021-11-11 09:33:28 - [TEST_STEP][PASSED] - Method.TextDegerineEsitElementeTikla(findTestObject("Butonlar/AltButonlar"), Alt_Buton): Method.TextDegerineEsitElementeTikla is PASSED

2021-11-11 09:33:28 - [MESSAGE][INFO] - Finding Test Object 'Object Repository/Butonlar/AltButonlar'

2021-11-11 09:33:28 - [MESSAGE][INFO] - Checking timeout

2021-11-11 09:33:28 - [MESSAGE][INFO] - Finding web element with id: 'Object Repository/Butonlar/AltButonlar' located by 'By.cssSelector: .btn-group.open li>a' in '10' second(s)

2021-11-11 09:33:28 - [MESSAGE][INFO] - Smart Wait Function is triggered

2021-11-11 09:33:28 - [MESSAGE][INFO] - Found 2 web elements with id: 'Object Repository/Butonlar/AltButonlar' located by 'By.cssSelector: .btn-group.open li>a' in '10' second(s)

2021-11-11 09:33:28 - [MESSAGE][PASSED] - Method.TextDegerineEsitElementeTikla is PASSED

2021-11-11 09:33:28 - [MESSAGE][PASSED] - Call Test Case 'Test Cases/Butonlar/AltButonaTikla' successfully

2021-11-11 09:33:28 - [MESSAGE][INFO] - Checking called Test Case

2021-11-11 09:33:28 - [MESSAGE][INFO] - Starting to call Test Case 'Test Cases/Popup/PopupMesajiIceriyorMu'

2021-11-11 09:33:28 - [TEST_CASE][PASSED] - Test Cases/Popup/PopupMesajiIceriyorMu: Test Cases/Popup/PopupMesajiIceriyorMu

2021-11-11 09:33:28 - [TEST_STEP][PASSED] - waitForElementVisible(findTestObject("Popup/Popup"), 10): Object 'Object Repository/Popup/Popup' is visible

2021-11-11 09:33:28 - [MESSAGE][INFO] - Finding Test Object 'Object Repository/Popup/Popup'

2021-11-11 09:33:28 - [MESSAGE][INFO] - Checking object

2021-11-11 09:33:28 - [MESSAGE][INFO] - Checking timeout

2021-11-11 09:33:28 - [MESSAGE][INFO] - Finding web element from Test Object's properties

2021-11-11 09:33:28 - [MESSAGE][INFO] - Checking timeout

2021-11-11 09:33:28 - [MESSAGE][INFO] - Finding web element with id: 'Object Repository/Popup/Popup' located by 'By.cssSelector: .bootbox-body' in '10' second(s)

2021-11-11 09:33:28 - [MESSAGE][INFO] - Smart Wait Function is triggered

2021-11-11 09:33:29 - [MESSAGE][INFO] - Found 1 web elements with id: 'Object Repository/Popup/Popup' located by 'By.cssSelector: .bootbox-body' in '10' second(s)

2021-11-11 09:33:29 - [MESSAGE][PASSED] - Object 'Object Repository/Popup/Popup' is visible

2021-11-11 09:33:29 - [TEST_STEP][PASSED] - if (!(getText(findTestObject("Popup/Popup")).contains(Mesaj))): Text of object 'Object Repository/Popup/Popup' is: 'Lütfen rapor bildiriminin gönderileceği e-posta adresini belirtiniz.
e-Posta Adresi'

2021-11-11 09:33:29 - [MESSAGE][INFO] - Finding Test Object 'Object Repository/Popup/Popup'

2021-11-11 09:33:29 - [MESSAGE][INFO] - Checking object

2021-11-11 09:33:29 - [MESSAGE][INFO] - Finding web element from Test Object's properties

2021-11-11 09:33:29 - [MESSAGE][INFO] - Checking timeout

2021-11-11 09:33:29 - [MESSAGE][INFO] - Finding web element with id: 'Object Repository/Popup/Popup' located by 'By.cssSelector: .bootbox-body' in '30' second(s)

2021-11-11 09:33:29 - [MESSAGE][INFO] - Smart Wait Function is triggered

2021-11-11 09:33:29 - [MESSAGE][INFO] - Found 1 web elements with id: 'Object Repository/Popup/Popup' located by 'By.cssSelector: .bootbox-body' in '30' second(s)

2021-11-11 09:33:29 - [MESSAGE][INFO] - Getting text of object 'Object Repository/Popup/Popup'

2021-11-11 09:33:29 - [MESSAGE][PASSED] - Text of object 'Object Repository/Popup/Popup' is: 'Lütfen rapor bildiriminin gönderileceği e-posta adresini belirtiniz.
e-Posta Adresi'

2021-11-11 09:33:29 - [TEST_STEP][PASSED] - RaporNo = getText(findTestObject("Popup/Popup")).substring(0, 6): Text of object 'Object Repository/Popup/Popup' is: 'Lütfen rapor bildiriminin gönderileceği e-posta adresini belirtiniz.
e-Posta Adresi'

2021-11-11 09:33:29 - [MESSAGE][INFO] - Finding Test Object 'Object Repository/Popup/Popup'

2021-11-11 09:33:29 - [MESSAGE][INFO] - Checking object

2021-11-11 09:33:29 - [MESSAGE][INFO] - Finding web element from Test Object's properties

2021-11-11 09:33:29 - [MESSAGE][INFO] - Checking timeout

2021-11-11 09:33:29 - [MESSAGE][INFO] - Finding web element with id: 'Object Repository/Popup/Popup' located by 'By.cssSelector: .bootbox-body' in '30' second(s)

2021-11-11 09:33:29 - [MESSAGE][INFO] - Smart Wait Function is triggered

2021-11-11 09:33:30 - [MESSAGE][INFO] - Found 1 web elements with id: 'Object Repository/Popup/Popup' located by 'By.cssSelector: .bootbox-body' in '30' second(s)

2021-11-11 09:33:30 - [MESSAGE][INFO] - Getting text of object 'Object Repository/Popup/Popup'

2021-11-11 09:33:30 - [MESSAGE][PASSED] - Text of object 'Object Repository/Popup/Popup' is: 'Lütfen rapor bildiriminin gönderileceği e-posta adresini belirtiniz.
e-Posta Adresi'

2021-11-11 09:33:30 - [TEST_STEP][PASSED] - Console.println(RaporNo): null

2021-11-11 09:33:30 - [MESSAGE][PASSED] - Call Test Case 'Test Cases/Popup/PopupMesajiIceriyorMu' successfully

2021-11-11 09:33:30 - [MESSAGE][INFO] - Checking called Test Case

2021-11-11 09:33:30 - [MESSAGE][INFO] - Starting to call Test Case 'Test Cases/Popup/PopupaEmailEklenir'

2021-11-11 09:33:30 - [TEST_CASE][PASSED] - Test Cases/Popup/PopupaEmailEklenir: Test Cases/Popup/PopupaEmailEklenir

2021-11-11 09:33:30 - [TEST_STEP][PASSED] - clearText(findTestObject("Popup/EmailText")): Text of object 'Object Repository/Popup/EmailText' is cleared

2021-11-11 09:33:30 - [MESSAGE][INFO] - Finding Test Object 'Object Repository/Popup/EmailText'

2021-11-11 09:33:30 - [MESSAGE][INFO] - Checking object

2021-11-11 09:33:30 - [MESSAGE][INFO] - Finding web element from Test Object's properties

2021-11-11 09:33:30 - [MESSAGE][INFO] - Checking timeout

2021-11-11 09:33:30 - [MESSAGE][INFO] - Finding web element with id: 'Object Repository/Popup/EmailText' located by 'By.xpath: //*[@id="eMails"]' in '30' second(s)

2021-11-11 09:33:30 - [MESSAGE][INFO] - Smart Wait Function is triggered

2021-11-11 09:33:30 - [MESSAGE][INFO] - Found 1 web elements with id: 'Object Repository/Popup/EmailText' located by 'By.xpath: //*[@id="eMails"]' in '30' second(s)

2021-11-11 09:33:30 - [MESSAGE][INFO] - Clearing text of object 'Object Repository/Popup/EmailText'

2021-11-11 09:33:30 - [MESSAGE][PASSED] - Text of object 'Object Repository/Popup/EmailText' is cleared

2021-11-11 09:33:30 - [TEST_STEP][PASSED] - sendKeys(findTestObject("Popup/EmailText"), Email): Keys 'elogotest@gmail.com;ali.kara@logo.com.tr' sent to object: 'Object Repository/Popup/EmailText'

2021-11-11 09:33:30 - [MESSAGE][INFO] - Finding Test Object 'Object Repository/Popup/EmailText'

2021-11-11 09:33:30 - [MESSAGE][INFO] - Sending keys 'elogotest@gmail.com;ali.kara@logo.com.tr' to object: 'Object Repository/Popup/EmailText'

2021-11-11 09:33:30 - [MESSAGE][INFO] - Finding web element from Test Object's properties

2021-11-11 09:33:30 - [MESSAGE][INFO] - Checking timeout

2021-11-11 09:33:30 - [MESSAGE][INFO] - Finding web element with id: 'Object Repository/Popup/EmailText' located by 'By.xpath: //*[@id="eMails"]' in '30' second(s)

2021-11-11 09:33:30 - [MESSAGE][INFO] - Smart Wait Function is triggered

2021-11-11 09:33:30 - [MESSAGE][INFO] - Found 1 web elements with id: 'Object Repository/Popup/EmailText' located by 'By.xpath: //*[@id="eMails"]' in '30' second(s)

2021-11-11 09:33:31 - [MESSAGE][PASSED] - Keys 'elogotest@gmail.com;ali.kara@logo.com.tr' sent to object: 'Object Repository/Popup/EmailText'

2021-11-11 09:33:31 - [MESSAGE][PASSED] - Call Test Case 'Test Cases/Popup/PopupaEmailEklenir' successfully

2021-11-11 09:33:31 - [MESSAGE][INFO] - Checking called Test Case

2021-11-11 09:33:31 - [MESSAGE][INFO] - Starting to call Test Case 'Test Cases/Popup/PopupButonSecilir'

2021-11-11 09:33:31 - [TEST_CASE][PASSED] - Test Cases/Popup/PopupButonSecilir: Test Cases/Popup/PopupButonSecilir

2021-11-11 09:33:31 - [TEST_STEP][PASSED] - Method.TextDegerineEsitElementeTikla(findTestObject("Popup/Popup_Butons"), Buton): Method.TextDegerineEsitElementeTikla is PASSED

2021-11-11 09:33:31 - [MESSAGE][INFO] - Finding Test Object 'Object Repository/Popup/Popup_Butons'

2021-11-11 09:33:31 - [MESSAGE][INFO] - Checking timeout

2021-11-11 09:33:31 - [MESSAGE][INFO] - Finding web element with id: 'Object Repository/Popup/Popup_Butons' located by 'By.cssSelector: .modal-footer>button' in '10' second(s)

2021-11-11 09:33:31 - [MESSAGE][INFO] - Smart Wait Function is triggered

2021-11-11 09:33:31 - [MESSAGE][INFO] - Found 2 web elements with id: 'Object Repository/Popup/Popup_Butons' located by 'By.cssSelector: .modal-footer>button' in '10' second(s)

2021-11-11 09:33:31 - [MESSAGE][PASSED] - Method.TextDegerineEsitElementeTikla is PASSED

2021-11-11 09:33:31 - [MESSAGE][PASSED] - Call Test Case 'Test Cases/Popup/PopupButonSecilir' successfully

2021-11-11 09:33:31 - [MESSAGE][INFO] - Checking called Test Case

2021-11-11 09:33:31 - [MESSAGE][INFO] - Starting to call Test Case 'Test Cases/Popup/PopupMesajiIceriyorMu'

2021-11-11 09:33:31 - [TEST_CASE][PASSED] - Test Cases/Popup/PopupMesajiIceriyorMu: Test Cases/Popup/PopupMesajiIceriyorMu

2021-11-11 09:33:31 - [TEST_STEP][PASSED] - waitForElementVisible(findTestObject("Popup/Popup"), 10): Object 'Object Repository/Popup/Popup' is visible

2021-11-11 09:33:31 - [MESSAGE][INFO] - Finding Test Object 'Object Repository/Popup/Popup'

2021-11-11 09:33:31 - [MESSAGE][INFO] - Checking object

2021-11-11 09:33:31 - [MESSAGE][INFO] - Checking timeout

2021-11-11 09:33:31 - [MESSAGE][INFO] - Finding web element from Test Object's properties

2021-11-11 09:33:31 - [MESSAGE][INFO] - Checking timeout

2021-11-11 09:33:31 - [MESSAGE][INFO] - Finding web element with id: 'Object Repository/Popup/Popup' located by 'By.cssSelector: .bootbox-body' in '10' second(s)

2021-11-11 09:33:31 - [MESSAGE][INFO] - Smart Wait Function is triggered

2021-11-11 09:33:33 - [MESSAGE][INFO] - Found 1 web elements with id: 'Object Repository/Popup/Popup' located by 'By.cssSelector: .bootbox-body' in '10' second(s)

2021-11-11 09:33:33 - [MESSAGE][PASSED] - Object 'Object Repository/Popup/Popup' is visible

2021-11-11 09:33:33 - [TEST_STEP][PASSED] - if (!(getText(findTestObject("Popup/Popup")).contains(Mesaj))): Text of object 'Object Repository/Popup/Popup' is: '16246 no’lu talebiniz işleme alınmıştır. Raporunuz hazırlandığında (elogotest@gmail.com;ali.kara@logo.com.tr) adresinize mail gönderilecektir.
Rapor durumunuzu Raporlar > Toplu Veri İndirme ekranından takip edebilir, hazırlandı durumundaki raporlarınızı ilgili menüden indirebilirsiniz.'

2021-11-11 09:33:33 - [MESSAGE][INFO] - Finding Test Object 'Object Repository/Popup/Popup'

2021-11-11 09:33:33 - [MESSAGE][INFO] - Checking object

2021-11-11 09:33:33 - [MESSAGE][INFO] - Finding web element from Test Object's properties

2021-11-11 09:33:33 - [MESSAGE][INFO] - Checking timeout

2021-11-11 09:33:33 - [MESSAGE][INFO] - Finding web element with id: 'Object Repository/Popup/Popup' located by 'By.cssSelector: .bootbox-body' in '30' second(s)

2021-11-11 09:33:33 - [MESSAGE][INFO] - Smart Wait Function is triggered

2021-11-11 09:33:33 - [MESSAGE][INFO] - Found 1 web elements with id: 'Object Repository/Popup/Popup' located by 'By.cssSelector: .bootbox-body' in '30' second(s)

2021-11-11 09:33:33 - [MESSAGE][INFO] - Getting text of object 'Object Repository/Popup/Popup'

2021-11-11 09:33:33 - [MESSAGE][PASSED] - Text of object 'Object Repository/Popup/Popup' is: '16246 no’lu talebiniz işleme alınmıştır. Raporunuz hazırlandığında (elogotest@gmail.com;ali.kara@logo.com.tr) adresinize mail gönderilecektir.
Rapor durumunuzu Raporlar > Toplu Veri İndirme ekranından takip edebilir, hazırlandı durumundaki raporlarınızı ilgili menüden indirebilirsiniz.'

2021-11-11 09:33:33 - [TEST_STEP][PASSED] - RaporNo = getText(findTestObject("Popup/Popup")).substring(0, 6): Text of object 'Object Repository/Popup/Popup' is: '16246 no’lu talebiniz işleme alınmıştır. Raporunuz hazırlandığında (elogotest@gmail.com;ali.kara@logo.com.tr) adresinize mail gönderilecektir.
Rapor durumunuzu Raporlar > Toplu Veri İndirme ekranından takip edebilir, hazırlandı durumundaki raporlarınızı ilgili menüden indirebilirsiniz.'

2021-11-11 09:33:33 - [MESSAGE][INFO] - Finding Test Object 'Object Repository/Popup/Popup'

2021-11-11 09:33:33 - [MESSAGE][INFO] - Checking object

2021-11-11 09:33:33 - [MESSAGE][INFO] - Finding web element from Test Object's properties

2021-11-11 09:33:33 - [MESSAGE][INFO] - Checking timeout

2021-11-11 09:33:33 - [MESSAGE][INFO] - Finding web element with id: 'Object Repository/Popup/Popup' located by 'By.cssSelector: .bootbox-body' in '30' second(s)

2021-11-11 09:33:33 - [MESSAGE][INFO] - Smart Wait Function is triggered

2021-11-11 09:33:33 - [MESSAGE][INFO] - Found 1 web elements with id: 'Object Repository/Popup/Popup' located by 'By.cssSelector: .bootbox-body' in '30' second(s)

2021-11-11 09:33:33 - [MESSAGE][INFO] - Getting text of object 'Object Repository/Popup/Popup'

2021-11-11 09:33:33 - [MESSAGE][PASSED] - Text of object 'Object Repository/Popup/Popup' is: '16246 no’lu talebiniz işleme alınmıştır. Raporunuz hazırlandığında (elogotest@gmail.com;ali.kara@logo.com.tr) adresinize mail gönderilecektir.
Rapor durumunuzu Raporlar > Toplu Veri İndirme ekranından takip edebilir, hazırlandı durumundaki raporlarınızı ilgili menüden indirebilirsiniz.'

2021-11-11 09:33:33 - [TEST_STEP][PASSED] - Console.println(RaporNo): null

2021-11-11 09:33:33 - [MESSAGE][PASSED] - Call Test Case 'Test Cases/Popup/PopupMesajiIceriyorMu' successfully

2021-11-11 09:33:33 - [MESSAGE][INFO] - Checking called Test Case

2021-11-11 09:33:33 - [MESSAGE][INFO] - Starting to call Test Case 'Test Cases/Popup/PopupButonSecilir'

2021-11-11 09:33:33 - [TEST_CASE][PASSED] - Test Cases/Popup/PopupButonSecilir: Test Cases/Popup/PopupButonSecilir

2021-11-11 09:33:33 - [TEST_STEP][PASSED] - Method.TextDegerineEsitElementeTikla(findTestObject("Popup/Popup_Butons"), Buton): Method.TextDegerineEsitElementeTikla is PASSED

2021-11-11 09:33:33 - [MESSAGE][INFO] - Finding Test Object 'Object Repository/Popup/Popup_Butons'

2021-11-11 09:33:34 - [MESSAGE][INFO] - Checking timeout

2021-11-11 09:33:34 - [MESSAGE][INFO] - Finding web element with id: 'Object Repository/Popup/Popup_Butons' located by 'By.cssSelector: .modal-footer>button' in '10' second(s)

2021-11-11 09:33:34 - [MESSAGE][INFO] - Smart Wait Function is triggered

2021-11-11 09:33:34 - [MESSAGE][INFO] - Found 1 web elements with id: 'Object Repository/Popup/Popup_Butons' located by 'By.cssSelector: .modal-footer>button' in '10' second(s)

2021-11-11 09:33:34 - [MESSAGE][PASSED] - Method.TextDegerineEsitElementeTikla is PASSED

2021-11-11 09:33:34 - [MESSAGE][PASSED] - Call Test Case 'Test Cases/Popup/PopupButonSecilir' successfully

2021-11-11 09:33:34 - [MESSAGE][INFO] - Checking called Test Case

2021-11-11 09:33:34 - [MESSAGE][INFO] - Starting to call Test Case 'Test Cases/Menu/AnaMenuSecimi'

2021-11-11 09:33:34 - [TEST_CASE][PASSED] - Test Cases/Menu/AnaMenuSecimi: Test Cases/Menu/AnaMenuSecimi

2021-11-11 09:33:34 - [TEST_STEP][PASSED] - Method.TextDegerineEsitElementeTikla(findTestObject("Menu/Ana_Menu"), Ana_Menu): Method.TextDegerineEsitElementeTikla is PASSED

2021-11-11 09:33:34 - [MESSAGE][INFO] - Finding Test Object 'Object Repository/Menu/Ana_Menu'

2021-11-11 09:33:34 - [MESSAGE][INFO] - Checking timeout

2021-11-11 09:33:34 - [MESSAGE][INFO] - Finding web element with id: 'Object Repository/Menu/Ana_Menu' located by 'By.xpath: //*[@class = 'dropdown-toggle']' in '10' second(s)

2021-11-11 09:33:34 - [MESSAGE][INFO] - Smart Wait Function is triggered

2021-11-11 09:33:35 - [MESSAGE][INFO] - Found 14 web elements with id: 'Object Repository/Menu/Ana_Menu' located by 'By.xpath: //*[@class = 'dropdown-toggle']' in '10' second(s)

2021-11-11 09:33:35 - [MESSAGE][PASSED] - Method.TextDegerineEsitElementeTikla is PASSED

2021-11-11 09:33:35 - [MESSAGE][PASSED] - Call Test Case 'Test Cases/Menu/AnaMenuSecimi' successfully

2021-11-11 09:33:35 - [MESSAGE][INFO] - Checking called Test Case

2021-11-11 09:33:35 - [MESSAGE][INFO] - Starting to call Test Case 'Test Cases/Menu/AltMenuSecimi'

2021-11-11 09:33:35 - [TEST_CASE][PASSED] - Test Cases/Menu/AltMenuSecimi: Test Cases/Menu/AltMenuSecimi

2021-11-11 09:33:35 - [TEST_STEP][PASSED] - Method.TextDegerineEsitElementeTikla(findTestObject("Menu/Alt_Menu"), Alt_Menu): Method.TextDegerineEsitElementeTikla is PASSED

2021-11-11 09:33:35 - [MESSAGE][INFO] - Finding Test Object 'Object Repository/Menu/Alt_Menu'

2021-11-11 09:33:35 - [MESSAGE][INFO] - Checking timeout

2021-11-11 09:33:35 - [MESSAGE][INFO] - Finding web element with id: 'Object Repository/Menu/Alt_Menu' located by 'By.xpath: //li[@class='dropdown dropdown-large open']//li[@class='dropdown-element']' in '10' second(s)

2021-11-11 09:33:35 - [MESSAGE][INFO] - Smart Wait Function is triggered

2021-11-11 09:33:35 - [MESSAGE][INFO] - Found 9 web elements with id: 'Object Repository/Menu/Alt_Menu' located by 'By.xpath: //li[@class='dropdown dropdown-large open']//li[@class='dropdown-element']' in '10' second(s)

2021-11-11 09:33:36 - [MESSAGE][PASSED] - Method.TextDegerineEsitElementeTikla is PASSED

2021-11-11 09:33:36 - [MESSAGE][PASSED] - Call Test Case 'Test Cases/Menu/AltMenuSecimi' successfully

2021-11-11 09:33:36 - [MESSAGE][INFO] - Checking called Test Case

2021-11-11 09:33:36 - [MESSAGE][INFO] - Starting to call Test Case 'Test Cases/Filtreler/RaporNoYaz'

2021-11-11 09:33:36 - [TEST_CASE][PASSED] - Test Cases/Filtreler/RaporNoYaz: Test Cases/Filtreler/RaporNoYaz

2021-11-11 09:33:36 - [TEST_STEP][PASSED] - Method.TextDegerineEsitElementinAltindakiTextboxtaYaz(findTestObject("Filtreler/Basliklar"), findTestObject("Filtreler/Basliga_Gore_Textbox"), "Talep No", RaporNo): Method.TextDegerineEsitElementinAltindakiTextboxtaYaz is PASSED

2021-11-11 09:33:36 - [MESSAGE][INFO] - Finding Test Object 'Object Repository/Filtreler/Basliklar'

2021-11-11 09:33:36 - [MESSAGE][INFO] - Finding Test Object 'Object Repository/Filtreler/Basliga_Gore_Textbox'

2021-11-11 09:33:36 - [MESSAGE][INFO] - Checking timeout

2021-11-11 09:33:36 - [MESSAGE][INFO] - Finding web element with id: 'Object Repository/Filtreler/Basliklar' located by 'By.cssSelector: .control-label.col-sm-4.paddingMarginRLC' in '10' second(s)

2021-11-11 09:33:36 - [MESSAGE][INFO] - Smart Wait Function is triggered

2021-11-11 09:33:37 - [MESSAGE][INFO] - Found 8 web elements with id: 'Object Repository/Filtreler/Basliklar' located by 'By.cssSelector: .control-label.col-sm-4.paddingMarginRLC' in '10' second(s)

2021-11-11 09:33:37 - [MESSAGE][INFO] - Smart Wait Function is triggered

2021-11-11 09:33:37 - [MESSAGE][PASSED] - Method.TextDegerineEsitElementinAltindakiTextboxtaYaz is PASSED

2021-11-11 09:33:37 - [MESSAGE][PASSED] - Call Test Case 'Test Cases/Filtreler/RaporNoYaz' successfully

2021-11-11 09:33:37 - [MESSAGE][INFO] - Checking called Test Case

2021-11-11 09:33:37 - [MESSAGE][INFO] - Starting to call Test Case 'Test Cases/Filtreler/ButonaTikla'

2021-11-11 09:33:37 - [TEST_CASE][PASSED] - Test Cases/Filtreler/ButonaTikla: Test Cases/Filtreler/ButonaTikla

2021-11-11 09:33:37 - [TEST_STEP][PASSED] - Method.TextDegerineEsitElementeTikla(findTestObject("Filtreler/Butonlar"), Filtre_Buton): Method.TextDegerineEsitElementeTikla is PASSED

2021-11-11 09:33:37 - [MESSAGE][INFO] - Finding Test Object 'Object Repository/Filtreler/Butonlar'

2021-11-11 09:33:37 - [MESSAGE][INFO] - Checking timeout

2021-11-11 09:33:37 - [MESSAGE][INFO] - Finding web element with id: 'Object Repository/Filtreler/Butonlar' located by 'By.cssSelector: .dxb>span' in '10' second(s)

2021-11-11 09:33:37 - [MESSAGE][INFO] - Smart Wait Function is triggered

2021-11-11 09:33:38 - [MESSAGE][INFO] - Found 2 web elements with id: 'Object Repository/Filtreler/Butonlar' located by 'By.cssSelector: .dxb>span' in '10' second(s)

2021-11-11 09:33:38 - [MESSAGE][PASSED] - Method.TextDegerineEsitElementeTikla is PASSED

2021-11-11 09:33:38 - [MESSAGE][PASSED] - Call Test Case 'Test Cases/Filtreler/ButonaTikla' successfully

2021-11-11 09:33:38 - [MESSAGE][INFO] - Checking called Test Case

2021-11-11 09:33:38 - [MESSAGE][INFO] - Starting to call Test Case 'Test Cases/Tablo/TablodaVeriVarMi'

2021-11-11 09:33:38 - [TEST_CASE][PASSED] - Test Cases/Tablo/TablodaVeriVarMi: Test Cases/Tablo/TablodaVeriVarMi

2021-11-11 09:33:38 - [TEST_STEP][PASSED] - verifyTextNotPresent("Görüntülenecek veri yok", true): Text 'Görüntülenecek veri yok' is not present on page using regular expression

2021-11-11 09:33:38 - [MESSAGE][INFO] - Checking text present  using regular expression

2021-11-11 09:33:38 - [MESSAGE][INFO] - Smart Wait Function is triggered

2021-11-11 09:33:38 - [MESSAGE][INFO] - Finding text 'Görüntülenecek veri yok' on page  using regular expression

2021-11-11 09:33:38 - [MESSAGE][PASSED] - Text 'Görüntülenecek veri yok' is not present on page using regular expression

2021-11-11 09:33:38 - [MESSAGE][PASSED] - Call Test Case 'Test Cases/Tablo/TablodaVeriVarMi' successfully

2021-11-11 09:33:38 - [MESSAGE][INFO] - Checking called Test Case

2021-11-11 09:33:38 - [MESSAGE][INFO] - Starting to call Test Case 'Test Cases/Kullanici_Islemleri/KullaniciIslemlerindenSecimYapilir'

2021-11-11 09:33:38 - [TEST_CASE][PASSED] - Test Cases/Kullanici_Islemleri/KullaniciIslemlerindenSecimYapilir: Test Cases/Kullanici_Islemleri/KullaniciIslemlerindenSecimYapilir

2021-11-11 09:33:38 - [TEST_STEP][PASSED] - waitForElementClickable(findTestObject("Object Repository/Kullanici_Islemleri/KullaniciIslemleri"), 10): Object 'Object Repository/Kullanici_Islemleri/KullaniciIslemleri' is clickable

2021-11-11 09:33:38 - [MESSAGE][INFO] - Finding Test Object 'Object Repository/Kullanici_Islemleri/KullaniciIslemleri'

2021-11-11 09:33:38 - [MESSAGE][INFO] - Checking object

2021-11-11 09:33:38 - [MESSAGE][INFO] - Checking timeout

2021-11-11 09:33:38 - [MESSAGE][INFO] - Finding web element from Test Object's properties

2021-11-11 09:33:38 - [MESSAGE][INFO] - Checking timeout

2021-11-11 09:33:38 - [MESSAGE][INFO] - Finding web element with id: 'Object Repository/Kullanici_Islemleri/KullaniciIslemleri' located by 'By.cssSelector: .dropdown>a>img' in '10' second(s)

2021-11-11 09:33:38 - [MESSAGE][INFO] - Smart Wait Function is triggered

2021-11-11 09:33:39 - [MESSAGE][INFO] - Found 1 web elements with id: 'Object Repository/Kullanici_Islemleri/KullaniciIslemleri' located by 'By.cssSelector: .dropdown>a>img' in '10' second(s)

2021-11-11 09:33:39 - [MESSAGE][PASSED] - Object 'Object Repository/Kullanici_Islemleri/KullaniciIslemleri' is clickable

2021-11-11 09:33:39 - [TEST_STEP][PASSED] - click(findTestObject("Object Repository/Kullanici_Islemleri/KullaniciIslemleri")): Object: 'Object Repository/Kullanici_Islemleri/KullaniciIslemleri' is clicked on

2021-11-11 09:33:39 - [MESSAGE][INFO] - Finding Test Object 'Object Repository/Kullanici_Islemleri/KullaniciIslemleri'

2021-11-11 09:33:39 - [MESSAGE][INFO] - Checking object

2021-11-11 09:33:39 - [MESSAGE][INFO] - Finding web element from Test Object's properties

2021-11-11 09:33:39 - [MESSAGE][INFO] - Checking timeout

2021-11-11 09:33:39 - [MESSAGE][INFO] - Finding web element with id: 'Object Repository/Kullanici_Islemleri/KullaniciIslemleri' located by 'By.cssSelector: .dropdown>a>img' in '30' second(s)

2021-11-11 09:33:39 - [MESSAGE][INFO] - Smart Wait Function is triggered

2021-11-11 09:33:39 - [MESSAGE][INFO] - Found 1 web elements with id: 'Object Repository/Kullanici_Islemleri/KullaniciIslemleri' located by 'By.cssSelector: .dropdown>a>img' in '30' second(s)

2021-11-11 09:33:39 - [MESSAGE][INFO] - Clicking on object: 'Object Repository/Kullanici_Islemleri/KullaniciIslemleri'

2021-11-11 09:33:39 - [MESSAGE][PASSED] - Object: 'Object Repository/Kullanici_Islemleri/KullaniciIslemleri' is clicked on

2021-11-11 09:33:39 - [TEST_STEP][PASSED] - Method.TextDegerineEsitElementeTikla(findTestObject("Object Repository/Kullanici_Islemleri/Secenekler"), Islem): Method.TextDegerineEsitElementeTikla is PASSED

2021-11-11 09:33:39 - [MESSAGE][INFO] - Finding Test Object 'Object Repository/Kullanici_Islemleri/Secenekler'

2021-11-11 09:33:39 - [MESSAGE][INFO] - Checking timeout

2021-11-11 09:33:39 - [MESSAGE][INFO] - Finding web element with id: 'Object Repository/Kullanici_Islemleri/Secenekler' located by 'By.cssSelector: .nav.navbar-nav.navbar-right li a' in '10' second(s)

2021-11-11 09:33:39 - [MESSAGE][INFO] - Smart Wait Function is triggered

2021-11-11 09:33:40 - [MESSAGE][INFO] - Found 22 web elements with id: 'Object Repository/Kullanici_Islemleri/Secenekler' located by 'By.cssSelector: .nav.navbar-nav.navbar-right li a' in '10' second(s)

2021-11-11 09:33:41 - [MESSAGE][PASSED] - Method.TextDegerineEsitElementeTikla is PASSED

2021-11-11 09:33:41 - [TEST_STEP][PASSED] - verifyElementNotPresent(findTestObject("Object Repository/Kullanici_Islemleri/Secenekler"), 10): Web element with id: 'Object Repository/Kullanici_Islemleri/Secenekler' located by 'By.cssSelector: .nav.navbar-nav.navbar-right li a' is not present after '10' second(s)

2021-11-11 09:33:41 - [MESSAGE][INFO] - Finding Test Object 'Object Repository/Kullanici_Islemleri/Secenekler'

2021-11-11 09:33:41 - [MESSAGE][INFO] - Checking object

2021-11-11 09:33:41 - [MESSAGE][INFO] - Checking timeout

2021-11-11 09:33:41 - [MESSAGE][INFO] - Finding web element with id: 'Object Repository/Kullanici_Islemleri/Secenekler' located by 'By.cssSelector: .nav.navbar-nav.navbar-right li a' in '10' second(s)

2021-11-11 09:33:41 - [MESSAGE][INFO] - Smart Wait Function is triggered

2021-11-11 09:33:42 - [MESSAGE][PASSED] - Web element with id: 'Object Repository/Kullanici_Islemleri/Secenekler' located by 'By.cssSelector: .nav.navbar-nav.navbar-right li a' is not present after '10' second(s)

2021-11-11 09:33:42 - [MESSAGE][PASSED] - Call Test Case 'Test Cases/Kullanici_Islemleri/KullaniciIslemlerindenSecimYapilir' successfully

2021-11-11 09:33:42 - [TEST_CASE][PASSED] - Start Test Case : SCENARIO Uygulama Yanitinin Excele aktarilmasi: SCENARIO Uygulama Yanitinin Excele aktarilmasi

2021-11-11 09:33:42 - [TEST_STEP][PASSED] - Kullanıcı adı ELOGO6 ve Şifre 123456 olarak giriş yapılır: Kullanıcı adı ELOGO6 ve Şifre 123456 olarak giriş yapılır

2021-11-11 09:33:42 - [MESSAGE][PASSED] - Kullanıcı adı ELOGO6 ve Şifre 123456 olarak giriş yapılır

2021-11-11 09:33:42 - [TEST_STEP][PASSED] - Ana menüden e-Fatura seçilir: Ana menüden e-Fatura seçilir

2021-11-11 09:33:42 - [MESSAGE][PASSED] - Ana menüden e-Fatura seçilir

2021-11-11 09:33:42 - [TEST_STEP][PASSED] - Alt menü Giden Kutusu başlığı altındaki Uygulama Yanıtları seçilir: Alt menü Giden Kutusu başlığı altındaki Uygulama Yanıtları seçilir

2021-11-11 09:33:42 - [MESSAGE][PASSED] - Alt menü Giden Kutusu başlığı altındaki Uygulama Yanıtları seçilir

2021-11-11 09:33:42 - [TEST_STEP][PASSED] - Filtrelerden Oluşturma Tarihi filtresine 01.12.2020 baslangic degerini yaz: Filtrelerden Oluşturma Tarihi filtresine 01.12.2020 baslangic degerini yaz

2021-11-11 09:33:42 - [MESSAGE][PASSED] - Filtrelerden Oluşturma Tarihi filtresine 01.12.2020 baslangic degerini yaz

2021-11-11 09:33:42 - [TEST_STEP][PASSED] - Filtrelerden Oluşturma Tarihi filtresine 31.12.2020 bitis degerini yaz: Filtrelerden Oluşturma Tarihi filtresine 31.12.2020 bitis degerini yaz

2021-11-11 09:33:42 - [MESSAGE][PASSED] - Filtrelerden Oluşturma Tarihi filtresine 31.12.2020 bitis degerini yaz

2021-11-11 09:33:42 - [TEST_STEP][PASSED] - Filtrelerden Alıcı VKN filtresine 1234567806 textini yaz: Filtrelerden Alıcı VKN filtresine 1234567806 textini yaz

2021-11-11 09:33:42 - [MESSAGE][PASSED] - Filtrelerden Alıcı VKN filtresine 1234567806 textini yaz

2021-11-11 09:33:42 - [TEST_STEP][PASSED] - Filtre butonlarından Listele seçilir: Filtre butonlarından Listele seçilir

2021-11-11 09:33:42 - [MESSAGE][PASSED] - Filtre butonlarından Listele seçilir

2021-11-11 09:33:42 - [TEST_STEP][PASSED] - Tabloda veri var mı kontrol edilir: Tabloda veri var mı kontrol edilir

2021-11-11 09:33:42 - [MESSAGE][PASSED] - Tabloda veri var mı kontrol edilir

2021-11-11 09:33:42 - [TEST_STEP][PASSED] - Tablodan 1234567806 isimli veri seçilir: Tablodan 1234567806 isimli veri seçilir

2021-11-11 09:33:42 - [MESSAGE][PASSED] - Tablodan 1234567806 isimli veri seçilir

2021-11-11 09:33:42 - [TEST_STEP][PASSED] - Butonlardan Excel isimli butona tıklanır: Butonlardan Excel isimli butona tıklanır

2021-11-11 09:33:42 - [MESSAGE][PASSED] - Butonlardan Excel isimli butona tıklanır

2021-11-11 09:33:42 - [TEST_STEP][PASSED] - Alt butonlardan Excel'e Aktar butonuna tıklanır: Alt butonlardan Excel'e Aktar butonuna tıklanır

2021-11-11 09:33:42 - [MESSAGE][PASSED] - Alt butonlardan Excel'e Aktar butonuna tıklanır

2021-11-11 09:33:42 - [TEST_STEP][PASSED] - Popup mesajı Lütfen rapor bildiriminin gönderileceği e-posta adresini belirtiniz. içeriyor mu: Popup mesajı Lütfen rapor bildiriminin gönderileceği e-posta adresini belirtiniz. içeriyor mu

2021-11-11 09:33:42 - [MESSAGE][PASSED] - Popup mesajı Lütfen rapor bildiriminin gönderileceği e-posta adresini belirtiniz. içeriyor mu

2021-11-11 09:33:42 - [TEST_STEP][PASSED] - Popup email elogotest@gmail.com;ali.kara@logo.com.tr olarak girilir: Popup email elogotest@gmail.com;ali.kara@logo.com.tr olarak girilir

2021-11-11 09:33:42 - [MESSAGE][PASSED] - Popup email elogotest@gmail.com;ali.kara@logo.com.tr olarak girilir

2021-11-11 09:33:42 - [TEST_STEP][PASSED] - Yönetim popupında Gönder seçilir: Yönetim popupında Gönder seçilir

2021-11-11 09:33:42 - [MESSAGE][PASSED] - Yönetim popupında Gönder seçilir

2021-11-11 09:33:42 - [TEST_STEP][PASSED] - Popup mesajı talebiniz işleme alınmıştır içeriyor mu: Popup mesajı talebiniz işleme alınmıştır içeriyor mu

2021-11-11 09:33:42 - [MESSAGE][PASSED] - Popup mesajı talebiniz işleme alınmıştır içeriyor mu

2021-11-11 09:33:42 - [TEST_STEP][PASSED] - Yönetim popupında Tamam seçilir: Yönetim popupında Tamam seçilir

2021-11-11 09:33:42 - [MESSAGE][PASSED] - Yönetim popupında Tamam seçilir

2021-11-11 09:33:42 - [TEST_STEP][PASSED] - Butonlardan Excel isimli butona tıklanır: Butonlardan Excel isimli butona tıklanır

2021-11-11 09:33:42 - [MESSAGE][PASSED] - Butonlardan Excel isimli butona tıklanır

2021-11-11 09:33:42 - [TEST_STEP][PASSED] - Alt butonlardan Tümünü Excel'e Aktar butonuna tıklanır: Alt butonlardan Tümünü Excel'e Aktar butonuna tıklanır

2021-11-11 09:33:42 - [MESSAGE][PASSED] - Alt butonlardan Tümünü Excel'e Aktar butonuna tıklanır

2021-11-11 09:33:42 - [TEST_STEP][PASSED] - Popup mesajı Lütfen rapor bildiriminin gönderileceği e-posta adresini belirtiniz. içeriyor mu: Popup mesajı Lütfen rapor bildiriminin gönderileceği e-posta adresini belirtiniz. içeriyor mu

2021-11-11 09:33:42 - [MESSAGE][PASSED] - Popup mesajı Lütfen rapor bildiriminin gönderileceği e-posta adresini belirtiniz. içeriyor mu

2021-11-11 09:33:42 - [TEST_STEP][PASSED] - Popup email elogotest@gmail.com;ali.kara@logo.com.tr olarak girilir: Popup email elogotest@gmail.com;ali.kara@logo.com.tr olarak girilir

2021-11-11 09:33:42 - [MESSAGE][PASSED] - Popup email elogotest@gmail.com;ali.kara@logo.com.tr olarak girilir

2021-11-11 09:33:42 - [TEST_STEP][PASSED] - Yönetim popupında Gönder seçilir: Yönetim popupında Gönder seçilir

2021-11-11 09:33:42 - [MESSAGE][PASSED] - Yönetim popupında Gönder seçilir

2021-11-11 09:33:42 - [TEST_STEP][PASSED] - Popup mesajı talebiniz işleme alınmıştır içeriyor mu: Popup mesajı talebiniz işleme alınmıştır içeriyor mu

2021-11-11 09:33:42 - [MESSAGE][PASSED] - Popup mesajı talebiniz işleme alınmıştır içeriyor mu

2021-11-11 09:33:42 - [TEST_STEP][PASSED] - Yönetim popupında Tamam seçilir: Yönetim popupında Tamam seçilir

2021-11-11 09:33:42 - [MESSAGE][PASSED] - Yönetim popupında Tamam seçilir

2021-11-11 09:33:42 - [TEST_STEP][PASSED] - Ana menüden Raporlar seçilir: Ana menüden Raporlar seçilir

2021-11-11 09:33:42 - [MESSAGE][PASSED] - Ana menüden Raporlar seçilir

2021-11-11 09:33:42 - [TEST_STEP][PASSED] - Alt menüden Toplu Veri İndirme seçilir: Alt menüden Toplu Veri İndirme seçilir

2021-11-11 09:33:42 - [MESSAGE][PASSED] - Alt menüden Toplu Veri İndirme seçilir

2021-11-11 09:33:42 - [TEST_STEP][PASSED] - Filtrelerden Talep No filtresine Rapor No bilgisi yaz: Filtrelerden Talep No filtresine Rapor No bilgisi yaz

2021-11-11 09:33:42 - [MESSAGE][PASSED] - Filtrelerden Talep No filtresine Rapor No bilgisi yaz

2021-11-11 09:33:42 - [TEST_STEP][PASSED] - Filtre butonlarından Listele seçilir: Filtre butonlarından Listele seçilir

2021-11-11 09:33:42 - [MESSAGE][PASSED] - Filtre butonlarından Listele seçilir

2021-11-11 09:33:42 - [TEST_STEP][PASSED] - Tabloda veri var mı kontrol edilir: Tabloda veri var mı kontrol edilir

2021-11-11 09:33:42 - [MESSAGE][PASSED] - Tabloda veri var mı kontrol edilir

2021-11-11 09:33:42 - [TEST_STEP][PASSED] - Kullanıcı işlemlerinden Çıkış seçilir: Kullanıcı işlemlerinden Çıkış seçilir

2021-11-11 09:33:42 - [MESSAGE][PASSED] - Kullanıcı işlemlerinden Çıkış seçilir

2021-11-11 09:33:42 - [MESSAGE][PASSED] - Feature file: 'Include/features/e-Fatura/Giden Kutusu/Uygulama Yanıtlari/Excele Aktar.feature' was passed

2021-11-11 09:33:42 - [TEST_STEP][PASSED] - Start listener action : sampleAfterTestSuite: Invoke 'com.kms.katalon.core.annotation.AfterTestCase' method: 'Listener.sampleAfterTestSuite(...)' completed.

2021-11-11 09:33:42 - [MESSAGE][INFO] - Starting invoke 'com.kms.katalon.core.annotation.AfterTestCase' method: 'Listener.sampleAfterTestSuite(...)'

2021-11-11 09:33:42 - [TEST_STEP][PASSED] - closeBrowser(): Invoke 'com.kms.katalon.core.annotation.AfterTestCase' method: 'Listener.sampleAfterTestSuite(...)' completed.

2021-11-11 09:33:42 - [MESSAGE][INFO] - Closing browser

2021-11-11 09:33:43 - [MESSAGE][PASSED] - Browser is closed

2021-11-11 09:33:43 - [MESSAGE][INFO] - Invoke 'com.kms.katalon.core.annotation.AfterTestCase' method: 'Listener.sampleAfterTestSuite(...)' completed.]]></system-out>
         <system-err><![CDATA[]]></system-err>
      </testcase>
      <testcase name="Test Cases/Case Repository/e-Fatura/Giden Kutusu/Uygulama Yanitlari/Toplu Indirme" time="56.915" classname="Test Cases/Case Repository/e-Fatura/Giden Kutusu/Uygulama Yanitlari/Toplu Indirme" status="PASSED">
         <system-out><![CDATA[2021-11-11 09:33:43 - [TEST_CASE][PASSED] - Test Cases/Case Repository/e-Fatura/Giden Kutusu/Uygulama Yanitlari/Toplu Indirme: Test Cases/Case Repository/e-Fatura/Giden Kutusu/Uygulama Yanitlari/Toplu Indirme

2021-11-11 09:33:43 - [TEST_STEP][PASSED] - Start listener action : sampleBeforeTestSuite: Invoke 'com.kms.katalon.core.annotation.BeforeTestCase' method: 'Listener.sampleBeforeTestSuite(...)' completed.

2021-11-11 09:33:43 - [MESSAGE][INFO] - Starting invoke 'com.kms.katalon.core.annotation.BeforeTestCase' method: 'Listener.sampleBeforeTestSuite(...)'

2021-11-11 09:33:43 - [TEST_STEP][PASSED] - openBrowser(baseUrl): Browser is opened with url: 'https://efatura-stage.elogo.com.tr/'

2021-11-11 09:33:43 - [MESSAGE][INFO] - Opening browser

2021-11-11 09:33:43 - [MESSAGE][INFO] - Starting 'Chrome' driver

2021-11-11 09:33:43 - [MESSAGE][INFO] - User set preference: ['prefs', '{download.default_directory=C:\otomasyondownfiles}']

2021-11-11 09:33:43 - [MESSAGE][INFO] - Action delay is set to 0 milliseconds

2021-11-11 09:33:44 - [MESSAGE][INFO] - Navigating browser to: 'https://efatura-stage.elogo.com.tr/'

2021-11-11 09:33:49 - [MESSAGE][PASSED] - Browser is opened with url: 'https://efatura-stage.elogo.com.tr/'

2021-11-11 09:33:49 - [TEST_STEP][PASSED] - maximizeWindow(): Invoke 'com.kms.katalon.core.annotation.BeforeTestCase' method: 'Listener.sampleBeforeTestSuite(...)' completed.

2021-11-11 09:33:49 - [MESSAGE][INFO] - Maximizing current window

2021-11-11 09:33:49 - [MESSAGE][PASSED] - Current window maximized

2021-11-11 09:33:49 - [MESSAGE][INFO] - Invoke 'com.kms.katalon.core.annotation.BeforeTestCase' method: 'Listener.sampleBeforeTestSuite(...)' completed.

2021-11-11 09:33:50 - [TEST_STEP][PASSED] - runFeatureFile("Include/features/e-Fatura/Giden Kutusu/Uygulama Yanıtlari/Toplu Indirme.feature"): Feature file: 'Include/features/e-Fatura/Giden Kutusu/Uygulama Yanıtlari/Toplu Indirme.feature' was passed

2021-11-11 09:33:50 - [MESSAGE][INFO] - Starting run keyword runFeatureFile: 'Include/features/e-Fatura/Giden Kutusu/Uygulama Yanıtlari/Toplu Indirme.feature' and extract report to folder: 'C:\Users\DELL\Documents\GitHub\EES_KatalonLogo\Reports\20211111_090730\Suite Repository\ExceleAktarVeTopluIndirme\20211111_090810/cucumber_report/1636612430467'...

2021-11-11 09:33:50 - [MESSAGE][INFO] - Glue: []

2021-11-11 09:33:51 - [MESSAGE][INFO] - Checking called Test Case

2021-11-11 09:33:51 - [MESSAGE][INFO] - Starting to call Test Case 'Test Cases/Sayfalar/Giris_Sayfasi/Login'

2021-11-11 09:33:51 - [TEST_CASE][PASSED] - Test Cases/Sayfalar/Giris_Sayfasi/Login: Test Cases/Sayfalar/Giris_Sayfasi/Login

2021-11-11 09:33:51 - [TEST_STEP][PASSED] - Sayfa_Basligi = getWindowTitle(): Current window's title is: 'LOGO e-Fatura'

2021-11-11 09:33:51 - [MESSAGE][INFO] - Getting current window's title

2021-11-11 09:33:51 - [MESSAGE][PASSED] - Current window's title is: 'LOGO e-Fatura'

2021-11-11 09:33:51 - [TEST_STEP][PASSED] - verifyMatch(Sayfa_Basligi, "LOGO e-Fatura", false): Actual text 'LOGO e-Fatura' and expected text 'LOGO e-Fatura' are matched 

2021-11-11 09:33:51 - [MESSAGE][INFO] - Matching actual text 'LOGO e-Fatura' with expected text 'LOGO e-Fatura'

2021-11-11 09:33:51 - [MESSAGE][PASSED] - Actual text 'LOGO e-Fatura' and expected text 'LOGO e-Fatura' are matched 

2021-11-11 09:33:51 - [TEST_STEP][PASSED] - sendKeys(findTestObject("Sayfalar/Giris_Sayfasi/Firma_Kodu"), KullaniciAdi): Keys 'ELOGO6' sent to object: 'Object Repository/Sayfalar/Giris_Sayfasi/Firma_Kodu'

2021-11-11 09:33:51 - [MESSAGE][INFO] - Finding Test Object 'Object Repository/Sayfalar/Giris_Sayfasi/Firma_Kodu'

2021-11-11 09:33:51 - [MESSAGE][INFO] - Sending keys 'ELOGO6' to object: 'Object Repository/Sayfalar/Giris_Sayfasi/Firma_Kodu'

2021-11-11 09:33:51 - [MESSAGE][INFO] - Finding web element from Test Object's properties

2021-11-11 09:33:51 - [MESSAGE][INFO] - Checking timeout

2021-11-11 09:33:51 - [MESSAGE][INFO] - Finding web element with id: 'Object Repository/Sayfalar/Giris_Sayfasi/Firma_Kodu' located by 'By.xpath: //*[@id = 'AccountName']' in '30' second(s)

2021-11-11 09:33:51 - [MESSAGE][INFO] - Smart Wait Function is triggered

2021-11-11 09:33:51 - [MESSAGE][INFO] - Found 1 web elements with id: 'Object Repository/Sayfalar/Giris_Sayfasi/Firma_Kodu' located by 'By.xpath: //*[@id = 'AccountName']' in '30' second(s)

2021-11-11 09:33:52 - [MESSAGE][PASSED] - Keys 'ELOGO6' sent to object: 'Object Repository/Sayfalar/Giris_Sayfasi/Firma_Kodu'

2021-11-11 09:33:52 - [TEST_STEP][PASSED] - sendKeys(findTestObject("Sayfalar/Giris_Sayfasi/Sifre"), Sifre): Keys '123456' sent to object: 'Object Repository/Sayfalar/Giris_Sayfasi/Sifre'

2021-11-11 09:33:52 - [MESSAGE][INFO] - Finding Test Object 'Object Repository/Sayfalar/Giris_Sayfasi/Sifre'

2021-11-11 09:33:52 - [MESSAGE][INFO] - Sending keys '123456' to object: 'Object Repository/Sayfalar/Giris_Sayfasi/Sifre'

2021-11-11 09:33:52 - [MESSAGE][INFO] - Finding web element from Test Object's properties

2021-11-11 09:33:52 - [MESSAGE][INFO] - Checking timeout

2021-11-11 09:33:52 - [MESSAGE][INFO] - Finding web element with id: 'Object Repository/Sayfalar/Giris_Sayfasi/Sifre' located by 'By.xpath: //*[@id = 'Password']' in '30' second(s)

2021-11-11 09:33:52 - [MESSAGE][INFO] - Smart Wait Function is triggered

2021-11-11 09:33:52 - [MESSAGE][INFO] - Found 1 web elements with id: 'Object Repository/Sayfalar/Giris_Sayfasi/Sifre' located by 'By.xpath: //*[@id = 'Password']' in '30' second(s)

2021-11-11 09:33:52 - [MESSAGE][PASSED] - Keys '123456' sent to object: 'Object Repository/Sayfalar/Giris_Sayfasi/Sifre'

2021-11-11 09:33:52 - [TEST_STEP][PASSED] - findWebElement(findTestObject("Sayfalar/Giris_Sayfasi/Giris_Butonu")).click(): Found 1 web elements with id: 'Object Repository/Sayfalar/Giris_Sayfasi/Giris_Butonu' located by 'By.cssSelector: #btnLogin' in '30' second(s)

2021-11-11 09:33:52 - [MESSAGE][INFO] - Finding Test Object 'Object Repository/Sayfalar/Giris_Sayfasi/Giris_Butonu'

2021-11-11 09:33:52 - [MESSAGE][INFO] - Finding web element from Test Object's properties

2021-11-11 09:33:52 - [MESSAGE][INFO] - Checking timeout

2021-11-11 09:33:52 - [MESSAGE][INFO] - Finding web element with id: 'Object Repository/Sayfalar/Giris_Sayfasi/Giris_Butonu' located by 'By.cssSelector: #btnLogin' in '30' second(s)

2021-11-11 09:33:52 - [MESSAGE][INFO] - Smart Wait Function is triggered

2021-11-11 09:33:52 - [MESSAGE][INFO] - Found 1 web elements with id: 'Object Repository/Sayfalar/Giris_Sayfasi/Giris_Butonu' located by 'By.cssSelector: #btnLogin' in '30' second(s)

2021-11-11 09:33:55 - [TEST_STEP][PASSED] - if (verifyElementPresent(findTestObject("Object Repository/Sayfalar/Giris_Sayfasi/RetveTamam_Butonu"), 5, OPTIONAL)): null

2021-11-11 09:33:55 - [MESSAGE][INFO] - Finding Test Object 'Object Repository/Sayfalar/Giris_Sayfasi/RetveTamam_Butonu'

2021-11-11 09:33:56 - [MESSAGE][INFO] - Checking object

2021-11-11 09:33:56 - [MESSAGE][INFO] - Finding web element from Test Object's properties

2021-11-11 09:33:56 - [MESSAGE][INFO] - Checking timeout

2021-11-11 09:33:56 - [MESSAGE][INFO] - Finding web element with id: 'Object Repository/Sayfalar/Giris_Sayfasi/RetveTamam_Butonu' located by 'By.xpath: //*[@class = 'btn btn-default']' in '5' second(s)

2021-11-11 09:33:56 - [MESSAGE][INFO] - Smart Wait Function is triggered

2021-11-11 09:33:56 - [MESSAGE][INFO] - Found 1 web elements with id: 'Object Repository/Sayfalar/Giris_Sayfasi/RetveTamam_Butonu' located by 'By.xpath: //*[@class = 'btn btn-default']' in '5' second(s)

2021-11-11 09:33:56 - [MESSAGE][PASSED] - Object 'Object Repository/Sayfalar/Giris_Sayfasi/RetveTamam_Butonu' is present

2021-11-11 09:33:56 - [TEST_STEP][PASSED] - click(findTestObject("Object Repository/Sayfalar/Giris_Sayfasi/RetveTamam_Butonu")): Object: 'Object Repository/Sayfalar/Giris_Sayfasi/RetveTamam_Butonu' is clicked on

2021-11-11 09:33:56 - [MESSAGE][INFO] - Finding Test Object 'Object Repository/Sayfalar/Giris_Sayfasi/RetveTamam_Butonu'

2021-11-11 09:33:56 - [MESSAGE][INFO] - Checking object

2021-11-11 09:33:56 - [MESSAGE][INFO] - Finding web element from Test Object's properties

2021-11-11 09:33:56 - [MESSAGE][INFO] - Checking timeout

2021-11-11 09:33:56 - [MESSAGE][INFO] - Finding web element with id: 'Object Repository/Sayfalar/Giris_Sayfasi/RetveTamam_Butonu' located by 'By.xpath: //*[@class = 'btn btn-default']' in '30' second(s)

2021-11-11 09:33:56 - [MESSAGE][INFO] - Smart Wait Function is triggered

2021-11-11 09:33:56 - [MESSAGE][INFO] - Found 1 web elements with id: 'Object Repository/Sayfalar/Giris_Sayfasi/RetveTamam_Butonu' located by 'By.xpath: //*[@class = 'btn btn-default']' in '30' second(s)

2021-11-11 09:33:56 - [MESSAGE][INFO] - Clicking on object: 'Object Repository/Sayfalar/Giris_Sayfasi/RetveTamam_Butonu'

2021-11-11 09:33:56 - [MESSAGE][PASSED] - Object: 'Object Repository/Sayfalar/Giris_Sayfasi/RetveTamam_Butonu' is clicked on

2021-11-11 09:33:56 - [TEST_STEP][PASSED] - click(findTestObject("Object Repository/Sayfalar/Giris_Sayfasi/RetveTamam_Butonu")): Object: 'Object Repository/Sayfalar/Giris_Sayfasi/RetveTamam_Butonu' is clicked on

2021-11-11 09:33:56 - [MESSAGE][INFO] - Finding Test Object 'Object Repository/Sayfalar/Giris_Sayfasi/RetveTamam_Butonu'

2021-11-11 09:33:56 - [MESSAGE][INFO] - Checking object

2021-11-11 09:33:56 - [MESSAGE][INFO] - Finding web element from Test Object's properties

2021-11-11 09:33:56 - [MESSAGE][INFO] - Checking timeout

2021-11-11 09:33:56 - [MESSAGE][INFO] - Finding web element with id: 'Object Repository/Sayfalar/Giris_Sayfasi/RetveTamam_Butonu' located by 'By.xpath: //*[@class = 'btn btn-default']' in '30' second(s)

2021-11-11 09:33:56 - [MESSAGE][INFO] - Smart Wait Function is triggered

2021-11-11 09:34:02 - [MESSAGE][INFO] - Found 1 web elements with id: 'Object Repository/Sayfalar/Giris_Sayfasi/RetveTamam_Butonu' located by 'By.xpath: //*[@class = 'btn btn-default']' in '30' second(s)

2021-11-11 09:34:02 - [MESSAGE][INFO] - Clicking on object: 'Object Repository/Sayfalar/Giris_Sayfasi/RetveTamam_Butonu'

2021-11-11 09:34:02 - [MESSAGE][PASSED] - Object: 'Object Repository/Sayfalar/Giris_Sayfasi/RetveTamam_Butonu' is clicked on

2021-11-11 09:34:02 - [TEST_STEP][PASSED] - if (verifyElementPresent(findTestObject("Sayfalar/Giris_Sayfasi/PopupOK"), 5, OPTIONAL)): null

2021-11-11 09:34:02 - [MESSAGE][INFO] - Finding Test Object 'Object Repository/Sayfalar/Giris_Sayfasi/PopupOK'

2021-11-11 09:34:02 - [MESSAGE][INFO] - Checking object

2021-11-11 09:34:02 - [MESSAGE][INFO] - Finding web element from Test Object's properties

2021-11-11 09:34:02 - [MESSAGE][INFO] - Checking timeout

2021-11-11 09:34:02 - [MESSAGE][INFO] - Finding web element with id: 'Object Repository/Sayfalar/Giris_Sayfasi/PopupOK' located by 'By.cssSelector: .btn.btn-success' in '5' second(s)

2021-11-11 09:34:02 - [MESSAGE][INFO] - Smart Wait Function is triggered

2021-11-11 09:34:03 - [MESSAGE][INFO] - Found 1 web elements with id: 'Object Repository/Sayfalar/Giris_Sayfasi/PopupOK' located by 'By.cssSelector: .btn.btn-success' in '5' second(s)

2021-11-11 09:34:03 - [MESSAGE][PASSED] - Object 'Object Repository/Sayfalar/Giris_Sayfasi/PopupOK' is present

2021-11-11 09:34:03 - [TEST_STEP][PASSED] - click(findTestObject("Object Repository/Sayfalar/Giris_Sayfasi/PopupCarpiGiris")): Object: 'Object Repository/Sayfalar/Giris_Sayfasi/PopupCarpiGiris' is clicked on

2021-11-11 09:34:03 - [MESSAGE][INFO] - Finding Test Object 'Object Repository/Sayfalar/Giris_Sayfasi/PopupCarpiGiris'

2021-11-11 09:34:03 - [MESSAGE][INFO] - Checking object

2021-11-11 09:34:03 - [MESSAGE][INFO] - Finding web element from Test Object's properties

2021-11-11 09:34:03 - [MESSAGE][INFO] - Checking timeout

2021-11-11 09:34:03 - [MESSAGE][INFO] - Finding web element with id: 'Object Repository/Sayfalar/Giris_Sayfasi/PopupCarpiGiris' located by 'By.cssSelector: .bootbox-close-button.close' in '30' second(s)

2021-11-11 09:34:03 - [MESSAGE][INFO] - Smart Wait Function is triggered

2021-11-11 09:34:03 - [MESSAGE][INFO] - Found 1 web elements with id: 'Object Repository/Sayfalar/Giris_Sayfasi/PopupCarpiGiris' located by 'By.cssSelector: .bootbox-close-button.close' in '30' second(s)

2021-11-11 09:34:03 - [MESSAGE][INFO] - Clicking on object: 'Object Repository/Sayfalar/Giris_Sayfasi/PopupCarpiGiris'

2021-11-11 09:34:03 - [MESSAGE][PASSED] - Object: 'Object Repository/Sayfalar/Giris_Sayfasi/PopupCarpiGiris' is clicked on

2021-11-11 09:34:03 - [TEST_STEP][PASSED] - verifyElementVisible(findTestObject("Object Repository/Kullanici_Islemleri/KullaniciIslemleri")): Object 'Object Repository/Kullanici_Islemleri/KullaniciIslemleri' is visible

2021-11-11 09:34:03 - [MESSAGE][INFO] - Finding Test Object 'Object Repository/Kullanici_Islemleri/KullaniciIslemleri'

2021-11-11 09:34:03 - [MESSAGE][INFO] - Checking object

2021-11-11 09:34:03 - [MESSAGE][INFO] - Finding web element from Test Object's properties

2021-11-11 09:34:03 - [MESSAGE][INFO] - Checking timeout

2021-11-11 09:34:03 - [MESSAGE][INFO] - Finding web element with id: 'Object Repository/Kullanici_Islemleri/KullaniciIslemleri' located by 'By.cssSelector: .dropdown>a>img' in '30' second(s)

2021-11-11 09:34:03 - [MESSAGE][INFO] - Smart Wait Function is triggered

2021-11-11 09:34:04 - [MESSAGE][INFO] - Found 1 web elements with id: 'Object Repository/Kullanici_Islemleri/KullaniciIslemleri' located by 'By.cssSelector: .dropdown>a>img' in '30' second(s)

2021-11-11 09:34:04 - [MESSAGE][PASSED] - Object 'Object Repository/Kullanici_Islemleri/KullaniciIslemleri' is visible

2021-11-11 09:34:04 - [MESSAGE][PASSED] - Call Test Case 'Test Cases/Sayfalar/Giris_Sayfasi/Login' successfully

2021-11-11 09:34:04 - [MESSAGE][INFO] - Checking called Test Case

2021-11-11 09:34:04 - [MESSAGE][INFO] - Starting to call Test Case 'Test Cases/Menu/AnaMenuSecimi'

2021-11-11 09:34:04 - [TEST_CASE][PASSED] - Test Cases/Menu/AnaMenuSecimi: Test Cases/Menu/AnaMenuSecimi

2021-11-11 09:34:04 - [TEST_STEP][PASSED] - Method.TextDegerineEsitElementeTikla(findTestObject("Menu/Ana_Menu"), Ana_Menu): Method.TextDegerineEsitElementeTikla is PASSED

2021-11-11 09:34:04 - [MESSAGE][INFO] - Finding Test Object 'Object Repository/Menu/Ana_Menu'

2021-11-11 09:34:04 - [MESSAGE][INFO] - Checking timeout

2021-11-11 09:34:04 - [MESSAGE][INFO] - Finding web element with id: 'Object Repository/Menu/Ana_Menu' located by 'By.xpath: //*[@class = 'dropdown-toggle']' in '10' second(s)

2021-11-11 09:34:04 - [MESSAGE][INFO] - Smart Wait Function is triggered

2021-11-11 09:34:04 - [MESSAGE][INFO] - Found 14 web elements with id: 'Object Repository/Menu/Ana_Menu' located by 'By.xpath: //*[@class = 'dropdown-toggle']' in '10' second(s)

2021-11-11 09:34:04 - [MESSAGE][PASSED] - Method.TextDegerineEsitElementeTikla is PASSED

2021-11-11 09:34:04 - [MESSAGE][PASSED] - Call Test Case 'Test Cases/Menu/AnaMenuSecimi' successfully

2021-11-11 09:34:04 - [MESSAGE][INFO] - Checking called Test Case

2021-11-11 09:34:04 - [MESSAGE][INFO] - Starting to call Test Case 'Test Cases/Menu/BasligaGoreAltMenuSecimi'

2021-11-11 09:34:04 - [TEST_CASE][PASSED] - Test Cases/Menu/BasligaGoreAltMenuSecimi: Test Cases/Menu/BasligaGoreAltMenuSecimi

2021-11-11 09:34:04 - [TEST_STEP][PASSED] - Method.TextDegerineEsitElementinAltindakiTextDegerineEsitOlanaTikla(findTestObject("Menu/Menu_Basligi"), findTestObject("Menu/Basliga_Gore_Alt_Menu"), Baslik, Alt_Menu): Method.TextDegerineEsitElementinAltindakiTextDegerineEsitOlanaTikla is PASSED

2021-11-11 09:34:04 - [MESSAGE][INFO] - Finding Test Object 'Object Repository/Menu/Menu_Basligi'

2021-11-11 09:34:04 - [MESSAGE][INFO] - Finding Test Object 'Object Repository/Menu/Basliga_Gore_Alt_Menu'

2021-11-11 09:34:05 - [MESSAGE][INFO] - Checking timeout

2021-11-11 09:34:05 - [MESSAGE][INFO] - Finding web element with id: 'Object Repository/Menu/Menu_Basligi' located by 'By.xpath: //li[@class='dropdown dropdown-large open']//li[@class='dropdown-header']' in '10' second(s)

2021-11-11 09:34:05 - [MESSAGE][INFO] - Smart Wait Function is triggered

2021-11-11 09:34:05 - [MESSAGE][INFO] - Found 3 web elements with id: 'Object Repository/Menu/Menu_Basligi' located by 'By.xpath: //li[@class='dropdown dropdown-large open']//li[@class='dropdown-header']' in '10' second(s)

2021-11-11 09:34:05 - [MESSAGE][INFO] - Smart Wait Function is triggered

2021-11-11 09:34:10 - [MESSAGE][PASSED] - Method.TextDegerineEsitElementinAltindakiTextDegerineEsitOlanaTikla is PASSED

2021-11-11 09:34:10 - [MESSAGE][PASSED] - Call Test Case 'Test Cases/Menu/BasligaGoreAltMenuSecimi' successfully

2021-11-11 09:34:10 - [MESSAGE][INFO] - Checking called Test Case

2021-11-11 09:34:10 - [MESSAGE][INFO] - Starting to call Test Case 'Test Cases/Filtreler/BaslangicYaz'

2021-11-11 09:34:10 - [TEST_CASE][PASSED] - Test Cases/Filtreler/BaslangicYaz: Test Cases/Filtreler/BaslangicYaz

2021-11-11 09:34:10 - [TEST_STEP][PASSED] - Method.TextDegerineEsitElementinAltindakineTikla(findTestObject("Filtreler/Basliklar"), findTestObject("Filtreler/Basliga_Gore_Baslangic_Image"), Filtre_Adi): Method.TextDegerineEsitElementinAltindakineTikla is PASSED

2021-11-11 09:34:10 - [MESSAGE][INFO] - Finding Test Object 'Object Repository/Filtreler/Basliklar'

2021-11-11 09:34:10 - [MESSAGE][INFO] - Finding Test Object 'Object Repository/Filtreler/Basliga_Gore_Baslangic_Image'

2021-11-11 09:34:10 - [MESSAGE][INFO] - Checking timeout

2021-11-11 09:34:10 - [MESSAGE][INFO] - Finding web element with id: 'Object Repository/Filtreler/Basliklar' located by 'By.cssSelector: .control-label.col-sm-4.paddingMarginRLC' in '10' second(s)

2021-11-11 09:34:10 - [MESSAGE][INFO] - Smart Wait Function is triggered

2021-11-11 09:34:10 - [MESSAGE][INFO] - Found 13 web elements with id: 'Object Repository/Filtreler/Basliklar' located by 'By.cssSelector: .control-label.col-sm-4.paddingMarginRLC' in '10' second(s)

2021-11-11 09:34:10 - [MESSAGE][INFO] - Smart Wait Function is triggered

2021-11-11 09:34:11 - [MESSAGE][PASSED] - Method.TextDegerineEsitElementinAltindakineTikla is PASSED

2021-11-11 09:34:11 - [TEST_STEP][PASSED] - Method.TextDegerineEsitElementinAltindakiTextboxtaYaz(findTestObject("Filtreler/Basliklar"), findTestObject("Filtreler/Basliga_Gore_Baslangic"), Filtre_Adi, Filtre_Degeri): Method.TextDegerineEsitElementinAltindakiTextboxtaYaz is PASSED

2021-11-11 09:34:11 - [MESSAGE][INFO] - Finding Test Object 'Object Repository/Filtreler/Basliklar'

2021-11-11 09:34:11 - [MESSAGE][INFO] - Finding Test Object 'Object Repository/Filtreler/Basliga_Gore_Baslangic'

2021-11-11 09:34:11 - [MESSAGE][INFO] - Checking timeout

2021-11-11 09:34:11 - [MESSAGE][INFO] - Finding web element with id: 'Object Repository/Filtreler/Basliklar' located by 'By.cssSelector: .control-label.col-sm-4.paddingMarginRLC' in '10' second(s)

2021-11-11 09:34:11 - [MESSAGE][INFO] - Smart Wait Function is triggered

2021-11-11 09:34:11 - [MESSAGE][INFO] - Found 13 web elements with id: 'Object Repository/Filtreler/Basliklar' located by 'By.cssSelector: .control-label.col-sm-4.paddingMarginRLC' in '10' second(s)

2021-11-11 09:34:11 - [MESSAGE][INFO] - Smart Wait Function is triggered

2021-11-11 09:34:12 - [MESSAGE][PASSED] - Method.TextDegerineEsitElementinAltindakiTextboxtaYaz is PASSED

2021-11-11 09:34:12 - [MESSAGE][PASSED] - Call Test Case 'Test Cases/Filtreler/BaslangicYaz' successfully

2021-11-11 09:34:12 - [MESSAGE][INFO] - Checking called Test Case

2021-11-11 09:34:12 - [MESSAGE][INFO] - Starting to call Test Case 'Test Cases/Filtreler/BitisYaz'

2021-11-11 09:34:12 - [TEST_CASE][PASSED] - Test Cases/Filtreler/BitisYaz: Test Cases/Filtreler/BitisYaz

2021-11-11 09:34:12 - [TEST_STEP][PASSED] - Method.TextDegerineEsitElementinAltindakineTikla(findTestObject("Filtreler/Basliklar"), findTestObject("Filtreler/Basliga_Gore_Bitis_Image"), Filtre_Adi): Method.TextDegerineEsitElementinAltindakineTikla is PASSED

2021-11-11 09:34:12 - [MESSAGE][INFO] - Finding Test Object 'Object Repository/Filtreler/Basliklar'

2021-11-11 09:34:12 - [MESSAGE][INFO] - Finding Test Object 'Object Repository/Filtreler/Basliga_Gore_Bitis_Image'

2021-11-11 09:34:12 - [MESSAGE][INFO] - Checking timeout

2021-11-11 09:34:12 - [MESSAGE][INFO] - Finding web element with id: 'Object Repository/Filtreler/Basliklar' located by 'By.cssSelector: .control-label.col-sm-4.paddingMarginRLC' in '10' second(s)

2021-11-11 09:34:12 - [MESSAGE][INFO] - Smart Wait Function is triggered

2021-11-11 09:34:12 - [MESSAGE][INFO] - Found 13 web elements with id: 'Object Repository/Filtreler/Basliklar' located by 'By.cssSelector: .control-label.col-sm-4.paddingMarginRLC' in '10' second(s)

2021-11-11 09:34:12 - [MESSAGE][INFO] - Smart Wait Function is triggered

2021-11-11 09:34:13 - [MESSAGE][PASSED] - Method.TextDegerineEsitElementinAltindakineTikla is PASSED

2021-11-11 09:34:13 - [TEST_STEP][PASSED] - Method.TextDegerineEsitElementinAltindakiTextboxtaYaz(findTestObject("Filtreler/Basliklar"), findTestObject("Object Repository/Filtreler/Basliga_Gore_Bitis"), Filtre_Adi, Filtre_Degeri): Method.TextDegerineEsitElementinAltindakiTextboxtaYaz is PASSED

2021-11-11 09:34:13 - [MESSAGE][INFO] - Finding Test Object 'Object Repository/Filtreler/Basliklar'

2021-11-11 09:34:13 - [MESSAGE][INFO] - Finding Test Object 'Object Repository/Filtreler/Basliga_Gore_Bitis'

2021-11-11 09:34:13 - [MESSAGE][INFO] - Checking timeout

2021-11-11 09:34:13 - [MESSAGE][INFO] - Finding web element with id: 'Object Repository/Filtreler/Basliklar' located by 'By.cssSelector: .control-label.col-sm-4.paddingMarginRLC' in '10' second(s)

2021-11-11 09:34:13 - [MESSAGE][INFO] - Smart Wait Function is triggered

2021-11-11 09:34:13 - [MESSAGE][INFO] - Found 13 web elements with id: 'Object Repository/Filtreler/Basliklar' located by 'By.cssSelector: .control-label.col-sm-4.paddingMarginRLC' in '10' second(s)

2021-11-11 09:34:13 - [MESSAGE][INFO] - Smart Wait Function is triggered

2021-11-11 09:34:14 - [MESSAGE][PASSED] - Method.TextDegerineEsitElementinAltindakiTextboxtaYaz is PASSED

2021-11-11 09:34:14 - [MESSAGE][PASSED] - Call Test Case 'Test Cases/Filtreler/BitisYaz' successfully

2021-11-11 09:34:14 - [MESSAGE][INFO] - Checking called Test Case

2021-11-11 09:34:14 - [MESSAGE][INFO] - Starting to call Test Case 'Test Cases/Filtreler/TexboxaYaz'

2021-11-11 09:34:14 - [TEST_CASE][PASSED] - Test Cases/Filtreler/TexboxaYaz: Test Cases/Filtreler/TexboxaYaz

2021-11-11 09:34:14 - [TEST_STEP][PASSED] - Method.TextDegerineEsitElementinAltindakiTextboxtaYaz(findTestObject("Filtreler/Basliklar"), findTestObject("Filtreler/Basliga_Gore_Textbox"), Filtre_Adi, Filtre_Degeri): Method.TextDegerineEsitElementinAltindakiTextboxtaYaz is PASSED

2021-11-11 09:34:14 - [MESSAGE][INFO] - Finding Test Object 'Object Repository/Filtreler/Basliklar'

2021-11-11 09:34:14 - [MESSAGE][INFO] - Finding Test Object 'Object Repository/Filtreler/Basliga_Gore_Textbox'

2021-11-11 09:34:14 - [MESSAGE][INFO] - Checking timeout

2021-11-11 09:34:14 - [MESSAGE][INFO] - Finding web element with id: 'Object Repository/Filtreler/Basliklar' located by 'By.cssSelector: .control-label.col-sm-4.paddingMarginRLC' in '10' second(s)

2021-11-11 09:34:14 - [MESSAGE][INFO] - Smart Wait Function is triggered

2021-11-11 09:34:15 - [MESSAGE][INFO] - Found 13 web elements with id: 'Object Repository/Filtreler/Basliklar' located by 'By.cssSelector: .control-label.col-sm-4.paddingMarginRLC' in '10' second(s)

2021-11-11 09:34:15 - [MESSAGE][INFO] - Smart Wait Function is triggered

2021-11-11 09:34:15 - [MESSAGE][PASSED] - Method.TextDegerineEsitElementinAltindakiTextboxtaYaz is PASSED

2021-11-11 09:34:15 - [MESSAGE][PASSED] - Call Test Case 'Test Cases/Filtreler/TexboxaYaz' successfully

2021-11-11 09:34:15 - [MESSAGE][INFO] - Checking called Test Case

2021-11-11 09:34:15 - [MESSAGE][INFO] - Starting to call Test Case 'Test Cases/Filtreler/ButonaTikla'

2021-11-11 09:34:15 - [TEST_CASE][PASSED] - Test Cases/Filtreler/ButonaTikla: Test Cases/Filtreler/ButonaTikla

2021-11-11 09:34:15 - [TEST_STEP][PASSED] - Method.TextDegerineEsitElementeTikla(findTestObject("Filtreler/Butonlar"), Filtre_Buton): Method.TextDegerineEsitElementeTikla is PASSED

2021-11-11 09:34:15 - [MESSAGE][INFO] - Finding Test Object 'Object Repository/Filtreler/Butonlar'

2021-11-11 09:34:15 - [MESSAGE][INFO] - Checking timeout

2021-11-11 09:34:15 - [MESSAGE][INFO] - Finding web element with id: 'Object Repository/Filtreler/Butonlar' located by 'By.cssSelector: .dxb>span' in '10' second(s)

2021-11-11 09:34:15 - [MESSAGE][INFO] - Smart Wait Function is triggered

2021-11-11 09:34:16 - [MESSAGE][INFO] - Found 3 web elements with id: 'Object Repository/Filtreler/Butonlar' located by 'By.cssSelector: .dxb>span' in '10' second(s)

2021-11-11 09:34:16 - [MESSAGE][PASSED] - Method.TextDegerineEsitElementeTikla is PASSED

2021-11-11 09:34:16 - [MESSAGE][PASSED] - Call Test Case 'Test Cases/Filtreler/ButonaTikla' successfully

2021-11-11 09:34:16 - [MESSAGE][INFO] - Checking called Test Case

2021-11-11 09:34:16 - [MESSAGE][INFO] - Starting to call Test Case 'Test Cases/Tablo/TablodaVeriVarMi'

2021-11-11 09:34:16 - [TEST_CASE][PASSED] - Test Cases/Tablo/TablodaVeriVarMi: Test Cases/Tablo/TablodaVeriVarMi

2021-11-11 09:34:16 - [TEST_STEP][PASSED] - verifyTextNotPresent("Görüntülenecek veri yok", true): Text 'Görüntülenecek veri yok' is not present on page using regular expression

2021-11-11 09:34:16 - [MESSAGE][INFO] - Checking text present  using regular expression

2021-11-11 09:34:16 - [MESSAGE][INFO] - Smart Wait Function is triggered

2021-11-11 09:34:17 - [MESSAGE][INFO] - Finding text 'Görüntülenecek veri yok' on page  using regular expression

2021-11-11 09:34:17 - [MESSAGE][PASSED] - Text 'Görüntülenecek veri yok' is not present on page using regular expression

2021-11-11 09:34:17 - [MESSAGE][PASSED] - Call Test Case 'Test Cases/Tablo/TablodaVeriVarMi' successfully

2021-11-11 09:34:17 - [MESSAGE][INFO] - Checking called Test Case

2021-11-11 09:34:17 - [MESSAGE][INFO] - Starting to call Test Case 'Test Cases/Tablo/TablodanVeriSec'

2021-11-11 09:34:17 - [TEST_CASE][PASSED] - Test Cases/Tablo/TablodanVeriSec: Test Cases/Tablo/TablodanVeriSec

2021-11-11 09:34:17 - [TEST_STEP][PASSED] - Method.TextDegerineEsitElementinAltindakineTikla(findTestObject("Tablo/Veriler"), findTestObject("Tablo/VerininCheckBoxi"), Veri_Adi): Method.TextDegerineEsitElementinAltindakineTikla is PASSED

2021-11-11 09:34:17 - [MESSAGE][INFO] - Finding Test Object 'Object Repository/Tablo/Veriler'

2021-11-11 09:34:17 - [MESSAGE][INFO] - Finding Test Object 'Object Repository/Tablo/VerininCheckBoxi'

2021-11-11 09:34:17 - [MESSAGE][INFO] - Checking timeout

2021-11-11 09:34:17 - [MESSAGE][INFO] - Finding web element with id: 'Object Repository/Tablo/Veriler' located by 'By.cssSelector: td.dxgv b ,td.dxgv' in '10' second(s)

2021-11-11 09:34:17 - [MESSAGE][INFO] - Smart Wait Function is triggered

2021-11-11 09:34:17 - [MESSAGE][INFO] - Found 26 web elements with id: 'Object Repository/Tablo/Veriler' located by 'By.cssSelector: td.dxgv b ,td.dxgv' in '10' second(s)

2021-11-11 09:34:17 - [MESSAGE][INFO] - Smart Wait Function is triggered

2021-11-11 09:34:18 - [MESSAGE][PASSED] - Method.TextDegerineEsitElementinAltindakineTikla is PASSED

2021-11-11 09:34:18 - [MESSAGE][PASSED] - Call Test Case 'Test Cases/Tablo/TablodanVeriSec' successfully

2021-11-11 09:34:18 - [MESSAGE][INFO] - Checking called Test Case

2021-11-11 09:34:18 - [MESSAGE][INFO] - Starting to call Test Case 'Test Cases/Butonlar/ButonaTikla'

2021-11-11 09:34:18 - [TEST_CASE][PASSED] - Test Cases/Butonlar/ButonaTikla: Test Cases/Butonlar/ButonaTikla

2021-11-11 09:34:18 - [TEST_STEP][PASSED] - Method.TextDegerineEsitElementeTiklaEquals(findTestObject("Butonlar/Butonlar"), Buton_Adi): Method.TextDegerineEsitElementeTiklaEquals is PASSED

2021-11-11 09:34:18 - [MESSAGE][INFO] - Finding Test Object 'Object Repository/Butonlar/Butonlar'

2021-11-11 09:34:18 - [MESSAGE][INFO] - Checking timeout

2021-11-11 09:34:18 - [MESSAGE][INFO] - Finding web element with id: 'Object Repository/Butonlar/Butonlar' located by 'By.cssSelector: .panel.panel-default.text-center.footerPanel .btn,.btn.btn-primary.btnControls' in '10' second(s)

2021-11-11 09:34:18 - [MESSAGE][INFO] - Smart Wait Function is triggered

2021-11-11 09:34:18 - [MESSAGE][INFO] - Found 7 web elements with id: 'Object Repository/Butonlar/Butonlar' located by 'By.cssSelector: .panel.panel-default.text-center.footerPanel .btn,.btn.btn-primary.btnControls' in '10' second(s)

2021-11-11 09:34:18 - [MESSAGE][PASSED] - Method.TextDegerineEsitElementeTiklaEquals is PASSED

2021-11-11 09:34:18 - [MESSAGE][PASSED] - Call Test Case 'Test Cases/Butonlar/ButonaTikla' successfully

2021-11-11 09:34:18 - [MESSAGE][INFO] - Checking called Test Case

2021-11-11 09:34:18 - [MESSAGE][INFO] - Starting to call Test Case 'Test Cases/Butonlar/AltButonaTikla'

2021-11-11 09:34:18 - [TEST_CASE][PASSED] - Test Cases/Butonlar/AltButonaTikla: Test Cases/Butonlar/AltButonaTikla

2021-11-11 09:34:18 - [TEST_STEP][PASSED] - Method.TextDegerineEsitElementeTikla(findTestObject("Butonlar/AltButonlar"), Alt_Buton): Method.TextDegerineEsitElementeTikla is PASSED

2021-11-11 09:34:18 - [MESSAGE][INFO] - Finding Test Object 'Object Repository/Butonlar/AltButonlar'

2021-11-11 09:34:18 - [MESSAGE][INFO] - Checking timeout

2021-11-11 09:34:18 - [MESSAGE][INFO] - Finding web element with id: 'Object Repository/Butonlar/AltButonlar' located by 'By.cssSelector: .btn-group.open li>a' in '10' second(s)

2021-11-11 09:34:18 - [MESSAGE][INFO] - Smart Wait Function is triggered

2021-11-11 09:34:19 - [MESSAGE][INFO] - Found 2 web elements with id: 'Object Repository/Butonlar/AltButonlar' located by 'By.cssSelector: .btn-group.open li>a' in '10' second(s)

2021-11-11 09:34:19 - [MESSAGE][PASSED] - Method.TextDegerineEsitElementeTikla is PASSED

2021-11-11 09:34:19 - [MESSAGE][PASSED] - Call Test Case 'Test Cases/Butonlar/AltButonaTikla' successfully

2021-11-11 09:34:19 - [MESSAGE][INFO] - Checking called Test Case

2021-11-11 09:34:19 - [MESSAGE][INFO] - Starting to call Test Case 'Test Cases/Popup/PopupMesajiIceriyorMu'

2021-11-11 09:34:19 - [TEST_CASE][PASSED] - Test Cases/Popup/PopupMesajiIceriyorMu: Test Cases/Popup/PopupMesajiIceriyorMu

2021-11-11 09:34:19 - [TEST_STEP][PASSED] - waitForElementVisible(findTestObject("Popup/Popup"), 10): Object 'Object Repository/Popup/Popup' is visible

2021-11-11 09:34:19 - [MESSAGE][INFO] - Finding Test Object 'Object Repository/Popup/Popup'

2021-11-11 09:34:19 - [MESSAGE][INFO] - Checking object

2021-11-11 09:34:19 - [MESSAGE][INFO] - Checking timeout

2021-11-11 09:34:19 - [MESSAGE][INFO] - Finding web element from Test Object's properties

2021-11-11 09:34:19 - [MESSAGE][INFO] - Checking timeout

2021-11-11 09:34:19 - [MESSAGE][INFO] - Finding web element with id: 'Object Repository/Popup/Popup' located by 'By.cssSelector: .bootbox-body' in '10' second(s)

2021-11-11 09:34:19 - [MESSAGE][INFO] - Smart Wait Function is triggered

2021-11-11 09:34:20 - [MESSAGE][INFO] - Found 1 web elements with id: 'Object Repository/Popup/Popup' located by 'By.cssSelector: .bootbox-body' in '10' second(s)

2021-11-11 09:34:20 - [MESSAGE][PASSED] - Object 'Object Repository/Popup/Popup' is visible

2021-11-11 09:34:20 - [TEST_STEP][PASSED] - if (!(getText(findTestObject("Popup/Popup")).contains(Mesaj))): Text of object 'Object Repository/Popup/Popup' is: 'Lütfen rapor bildiriminin gönderileceği e-posta adresini belirtiniz.
e-Posta Adresi'

2021-11-11 09:34:20 - [MESSAGE][INFO] - Finding Test Object 'Object Repository/Popup/Popup'

2021-11-11 09:34:20 - [MESSAGE][INFO] - Checking object

2021-11-11 09:34:20 - [MESSAGE][INFO] - Finding web element from Test Object's properties

2021-11-11 09:34:20 - [MESSAGE][INFO] - Checking timeout

2021-11-11 09:34:20 - [MESSAGE][INFO] - Finding web element with id: 'Object Repository/Popup/Popup' located by 'By.cssSelector: .bootbox-body' in '30' second(s)

2021-11-11 09:34:20 - [MESSAGE][INFO] - Smart Wait Function is triggered

2021-11-11 09:34:20 - [MESSAGE][INFO] - Found 1 web elements with id: 'Object Repository/Popup/Popup' located by 'By.cssSelector: .bootbox-body' in '30' second(s)

2021-11-11 09:34:20 - [MESSAGE][INFO] - Getting text of object 'Object Repository/Popup/Popup'

2021-11-11 09:34:20 - [MESSAGE][PASSED] - Text of object 'Object Repository/Popup/Popup' is: 'Lütfen rapor bildiriminin gönderileceği e-posta adresini belirtiniz.
e-Posta Adresi'

2021-11-11 09:34:20 - [TEST_STEP][PASSED] - RaporNo = getText(findTestObject("Popup/Popup")).substring(0, 6): Text of object 'Object Repository/Popup/Popup' is: 'Lütfen rapor bildiriminin gönderileceği e-posta adresini belirtiniz.
e-Posta Adresi'

2021-11-11 09:34:20 - [MESSAGE][INFO] - Finding Test Object 'Object Repository/Popup/Popup'

2021-11-11 09:34:20 - [MESSAGE][INFO] - Checking object

2021-11-11 09:34:20 - [MESSAGE][INFO] - Finding web element from Test Object's properties

2021-11-11 09:34:20 - [MESSAGE][INFO] - Checking timeout

2021-11-11 09:34:20 - [MESSAGE][INFO] - Finding web element with id: 'Object Repository/Popup/Popup' located by 'By.cssSelector: .bootbox-body' in '30' second(s)

2021-11-11 09:34:20 - [MESSAGE][INFO] - Smart Wait Function is triggered

2021-11-11 09:34:21 - [MESSAGE][INFO] - Found 1 web elements with id: 'Object Repository/Popup/Popup' located by 'By.cssSelector: .bootbox-body' in '30' second(s)

2021-11-11 09:34:21 - [MESSAGE][INFO] - Getting text of object 'Object Repository/Popup/Popup'

2021-11-11 09:34:21 - [MESSAGE][PASSED] - Text of object 'Object Repository/Popup/Popup' is: 'Lütfen rapor bildiriminin gönderileceği e-posta adresini belirtiniz.
e-Posta Adresi'

2021-11-11 09:34:21 - [TEST_STEP][PASSED] - Console.println(RaporNo): null

2021-11-11 09:34:21 - [MESSAGE][PASSED] - Call Test Case 'Test Cases/Popup/PopupMesajiIceriyorMu' successfully

2021-11-11 09:34:21 - [MESSAGE][INFO] - Checking called Test Case

2021-11-11 09:34:21 - [MESSAGE][INFO] - Starting to call Test Case 'Test Cases/Popup/PopupaEmailEklenir'

2021-11-11 09:34:21 - [TEST_CASE][PASSED] - Test Cases/Popup/PopupaEmailEklenir: Test Cases/Popup/PopupaEmailEklenir

2021-11-11 09:34:21 - [TEST_STEP][PASSED] - clearText(findTestObject("Popup/EmailText")): Text of object 'Object Repository/Popup/EmailText' is cleared

2021-11-11 09:34:21 - [MESSAGE][INFO] - Finding Test Object 'Object Repository/Popup/EmailText'

2021-11-11 09:34:21 - [MESSAGE][INFO] - Checking object

2021-11-11 09:34:21 - [MESSAGE][INFO] - Finding web element from Test Object's properties

2021-11-11 09:34:21 - [MESSAGE][INFO] - Checking timeout

2021-11-11 09:34:21 - [MESSAGE][INFO] - Finding web element with id: 'Object Repository/Popup/EmailText' located by 'By.xpath: //*[@id="eMails"]' in '30' second(s)

2021-11-11 09:34:21 - [MESSAGE][INFO] - Smart Wait Function is triggered

2021-11-11 09:34:21 - [MESSAGE][INFO] - Found 1 web elements with id: 'Object Repository/Popup/EmailText' located by 'By.xpath: //*[@id="eMails"]' in '30' second(s)

2021-11-11 09:34:21 - [MESSAGE][INFO] - Clearing text of object 'Object Repository/Popup/EmailText'

2021-11-11 09:34:21 - [MESSAGE][PASSED] - Text of object 'Object Repository/Popup/EmailText' is cleared

2021-11-11 09:34:21 - [TEST_STEP][PASSED] - sendKeys(findTestObject("Popup/EmailText"), Email): Keys 'elogotest@gmail.com;ali.kara@logo.com.tr' sent to object: 'Object Repository/Popup/EmailText'

2021-11-11 09:34:21 - [MESSAGE][INFO] - Finding Test Object 'Object Repository/Popup/EmailText'

2021-11-11 09:34:21 - [MESSAGE][INFO] - Sending keys 'elogotest@gmail.com;ali.kara@logo.com.tr' to object: 'Object Repository/Popup/EmailText'

2021-11-11 09:34:21 - [MESSAGE][INFO] - Finding web element from Test Object's properties

2021-11-11 09:34:21 - [MESSAGE][INFO] - Checking timeout

2021-11-11 09:34:21 - [MESSAGE][INFO] - Finding web element with id: 'Object Repository/Popup/EmailText' located by 'By.xpath: //*[@id="eMails"]' in '30' second(s)

2021-11-11 09:34:21 - [MESSAGE][INFO] - Smart Wait Function is triggered

2021-11-11 09:34:22 - [MESSAGE][INFO] - Found 1 web elements with id: 'Object Repository/Popup/EmailText' located by 'By.xpath: //*[@id="eMails"]' in '30' second(s)

2021-11-11 09:34:22 - [MESSAGE][PASSED] - Keys 'elogotest@gmail.com;ali.kara@logo.com.tr' sent to object: 'Object Repository/Popup/EmailText'

2021-11-11 09:34:22 - [MESSAGE][PASSED] - Call Test Case 'Test Cases/Popup/PopupaEmailEklenir' successfully

2021-11-11 09:34:22 - [MESSAGE][INFO] - Checking called Test Case

2021-11-11 09:34:22 - [MESSAGE][INFO] - Starting to call Test Case 'Test Cases/Popup/PopupButonSecilir'

2021-11-11 09:34:22 - [TEST_CASE][PASSED] - Test Cases/Popup/PopupButonSecilir: Test Cases/Popup/PopupButonSecilir

2021-11-11 09:34:22 - [TEST_STEP][PASSED] - Method.TextDegerineEsitElementeTikla(findTestObject("Popup/Popup_Butons"), Buton): Method.TextDegerineEsitElementeTikla is PASSED

2021-11-11 09:34:22 - [MESSAGE][INFO] - Finding Test Object 'Object Repository/Popup/Popup_Butons'

2021-11-11 09:34:22 - [MESSAGE][INFO] - Checking timeout

2021-11-11 09:34:22 - [MESSAGE][INFO] - Finding web element with id: 'Object Repository/Popup/Popup_Butons' located by 'By.cssSelector: .modal-footer>button' in '10' second(s)

2021-11-11 09:34:22 - [MESSAGE][INFO] - Smart Wait Function is triggered

2021-11-11 09:34:22 - [MESSAGE][INFO] - Found 2 web elements with id: 'Object Repository/Popup/Popup_Butons' located by 'By.cssSelector: .modal-footer>button' in '10' second(s)

2021-11-11 09:34:22 - [MESSAGE][PASSED] - Method.TextDegerineEsitElementeTikla is PASSED

2021-11-11 09:34:22 - [MESSAGE][PASSED] - Call Test Case 'Test Cases/Popup/PopupButonSecilir' successfully

2021-11-11 09:34:22 - [MESSAGE][INFO] - Checking called Test Case

2021-11-11 09:34:22 - [MESSAGE][INFO] - Starting to call Test Case 'Test Cases/Popup/PopupMesajiIceriyorMu'

2021-11-11 09:34:22 - [TEST_CASE][PASSED] - Test Cases/Popup/PopupMesajiIceriyorMu: Test Cases/Popup/PopupMesajiIceriyorMu

2021-11-11 09:34:22 - [TEST_STEP][PASSED] - waitForElementVisible(findTestObject("Popup/Popup"), 10): Object 'Object Repository/Popup/Popup' is visible

2021-11-11 09:34:22 - [MESSAGE][INFO] - Finding Test Object 'Object Repository/Popup/Popup'

2021-11-11 09:34:22 - [MESSAGE][INFO] - Checking object

2021-11-11 09:34:22 - [MESSAGE][INFO] - Checking timeout

2021-11-11 09:34:22 - [MESSAGE][INFO] - Finding web element from Test Object's properties

2021-11-11 09:34:22 - [MESSAGE][INFO] - Checking timeout

2021-11-11 09:34:22 - [MESSAGE][INFO] - Finding web element with id: 'Object Repository/Popup/Popup' located by 'By.cssSelector: .bootbox-body' in '10' second(s)

2021-11-11 09:34:22 - [MESSAGE][INFO] - Smart Wait Function is triggered

2021-11-11 09:34:23 - [MESSAGE][INFO] - Found 1 web elements with id: 'Object Repository/Popup/Popup' located by 'By.cssSelector: .bootbox-body' in '10' second(s)

2021-11-11 09:34:23 - [MESSAGE][PASSED] - Object 'Object Repository/Popup/Popup' is visible

2021-11-11 09:34:23 - [TEST_STEP][PASSED] - if (!(getText(findTestObject("Popup/Popup")).contains(Mesaj))): Text of object 'Object Repository/Popup/Popup' is: '16247 no’lu talebiniz işleme alınmıştır. Raporunuz hazırlandığında (elogotest@gmail.com;ali.kara@logo.com.tr) adresinize mail gönderilecektir.
Rapor durumunuzu Raporlar > Toplu Veri İndirme ekranından takip edebilir, hazırlandı durumundaki raporlarınızı ilgili menüden indirebilirsiniz.'

2021-11-11 09:34:23 - [MESSAGE][INFO] - Finding Test Object 'Object Repository/Popup/Popup'

2021-11-11 09:34:23 - [MESSAGE][INFO] - Checking object

2021-11-11 09:34:23 - [MESSAGE][INFO] - Finding web element from Test Object's properties

2021-11-11 09:34:23 - [MESSAGE][INFO] - Checking timeout

2021-11-11 09:34:23 - [MESSAGE][INFO] - Finding web element with id: 'Object Repository/Popup/Popup' located by 'By.cssSelector: .bootbox-body' in '30' second(s)

2021-11-11 09:34:23 - [MESSAGE][INFO] - Smart Wait Function is triggered

2021-11-11 09:34:23 - [MESSAGE][INFO] - Found 1 web elements with id: 'Object Repository/Popup/Popup' located by 'By.cssSelector: .bootbox-body' in '30' second(s)

2021-11-11 09:34:23 - [MESSAGE][INFO] - Getting text of object 'Object Repository/Popup/Popup'

2021-11-11 09:34:23 - [MESSAGE][PASSED] - Text of object 'Object Repository/Popup/Popup' is: '16247 no’lu talebiniz işleme alınmıştır. Raporunuz hazırlandığında (elogotest@gmail.com;ali.kara@logo.com.tr) adresinize mail gönderilecektir.
Rapor durumunuzu Raporlar > Toplu Veri İndirme ekranından takip edebilir, hazırlandı durumundaki raporlarınızı ilgili menüden indirebilirsiniz.'

2021-11-11 09:34:23 - [TEST_STEP][PASSED] - RaporNo = getText(findTestObject("Popup/Popup")).substring(0, 6): Text of object 'Object Repository/Popup/Popup' is: '16247 no’lu talebiniz işleme alınmıştır. Raporunuz hazırlandığında (elogotest@gmail.com;ali.kara@logo.com.tr) adresinize mail gönderilecektir.
Rapor durumunuzu Raporlar > Toplu Veri İndirme ekranından takip edebilir, hazırlandı durumundaki raporlarınızı ilgili menüden indirebilirsiniz.'

2021-11-11 09:34:23 - [MESSAGE][INFO] - Finding Test Object 'Object Repository/Popup/Popup'

2021-11-11 09:34:23 - [MESSAGE][INFO] - Checking object

2021-11-11 09:34:23 - [MESSAGE][INFO] - Finding web element from Test Object's properties

2021-11-11 09:34:23 - [MESSAGE][INFO] - Checking timeout

2021-11-11 09:34:23 - [MESSAGE][INFO] - Finding web element with id: 'Object Repository/Popup/Popup' located by 'By.cssSelector: .bootbox-body' in '30' second(s)

2021-11-11 09:34:23 - [MESSAGE][INFO] - Smart Wait Function is triggered

2021-11-11 09:34:24 - [MESSAGE][INFO] - Found 1 web elements with id: 'Object Repository/Popup/Popup' located by 'By.cssSelector: .bootbox-body' in '30' second(s)

2021-11-11 09:34:24 - [MESSAGE][INFO] - Getting text of object 'Object Repository/Popup/Popup'

2021-11-11 09:34:24 - [MESSAGE][PASSED] - Text of object 'Object Repository/Popup/Popup' is: '16247 no’lu talebiniz işleme alınmıştır. Raporunuz hazırlandığında (elogotest@gmail.com;ali.kara@logo.com.tr) adresinize mail gönderilecektir.
Rapor durumunuzu Raporlar > Toplu Veri İndirme ekranından takip edebilir, hazırlandı durumundaki raporlarınızı ilgili menüden indirebilirsiniz.'

2021-11-11 09:34:24 - [TEST_STEP][PASSED] - Console.println(RaporNo): null

2021-11-11 09:34:24 - [MESSAGE][PASSED] - Call Test Case 'Test Cases/Popup/PopupMesajiIceriyorMu' successfully

2021-11-11 09:34:24 - [MESSAGE][INFO] - Checking called Test Case

2021-11-11 09:34:24 - [MESSAGE][INFO] - Starting to call Test Case 'Test Cases/Popup/PopupButonSecilir'

2021-11-11 09:34:24 - [TEST_CASE][PASSED] - Test Cases/Popup/PopupButonSecilir: Test Cases/Popup/PopupButonSecilir

2021-11-11 09:34:24 - [TEST_STEP][PASSED] - Method.TextDegerineEsitElementeTikla(findTestObject("Popup/Popup_Butons"), Buton): Method.TextDegerineEsitElementeTikla is PASSED

2021-11-11 09:34:24 - [MESSAGE][INFO] - Finding Test Object 'Object Repository/Popup/Popup_Butons'

2021-11-11 09:34:24 - [MESSAGE][INFO] - Checking timeout

2021-11-11 09:34:24 - [MESSAGE][INFO] - Finding web element with id: 'Object Repository/Popup/Popup_Butons' located by 'By.cssSelector: .modal-footer>button' in '10' second(s)

2021-11-11 09:34:24 - [MESSAGE][INFO] - Smart Wait Function is triggered

2021-11-11 09:34:24 - [MESSAGE][INFO] - Found 1 web elements with id: 'Object Repository/Popup/Popup_Butons' located by 'By.cssSelector: .modal-footer>button' in '10' second(s)

2021-11-11 09:34:24 - [MESSAGE][PASSED] - Method.TextDegerineEsitElementeTikla is PASSED

2021-11-11 09:34:24 - [MESSAGE][PASSED] - Call Test Case 'Test Cases/Popup/PopupButonSecilir' successfully

2021-11-11 09:34:24 - [MESSAGE][INFO] - Checking called Test Case

2021-11-11 09:34:24 - [MESSAGE][INFO] - Starting to call Test Case 'Test Cases/Butonlar/ButonaTikla'

2021-11-11 09:34:24 - [TEST_CASE][PASSED] - Test Cases/Butonlar/ButonaTikla: Test Cases/Butonlar/ButonaTikla

2021-11-11 09:34:24 - [TEST_STEP][PASSED] - Method.TextDegerineEsitElementeTiklaEquals(findTestObject("Butonlar/Butonlar"), Buton_Adi): Method.TextDegerineEsitElementeTiklaEquals is PASSED

2021-11-11 09:34:24 - [MESSAGE][INFO] - Finding Test Object 'Object Repository/Butonlar/Butonlar'

2021-11-11 09:34:24 - [MESSAGE][INFO] - Checking timeout

2021-11-11 09:34:24 - [MESSAGE][INFO] - Finding web element with id: 'Object Repository/Butonlar/Butonlar' located by 'By.cssSelector: .panel.panel-default.text-center.footerPanel .btn,.btn.btn-primary.btnControls' in '10' second(s)

2021-11-11 09:34:24 - [MESSAGE][INFO] - Smart Wait Function is triggered

2021-11-11 09:34:25 - [MESSAGE][INFO] - Found 7 web elements with id: 'Object Repository/Butonlar/Butonlar' located by 'By.cssSelector: .panel.panel-default.text-center.footerPanel .btn,.btn.btn-primary.btnControls' in '10' second(s)

2021-11-11 09:34:25 - [MESSAGE][PASSED] - Method.TextDegerineEsitElementeTiklaEquals is PASSED

2021-11-11 09:34:25 - [MESSAGE][PASSED] - Call Test Case 'Test Cases/Butonlar/ButonaTikla' successfully

2021-11-11 09:34:25 - [MESSAGE][INFO] - Checking called Test Case

2021-11-11 09:34:25 - [MESSAGE][INFO] - Starting to call Test Case 'Test Cases/Butonlar/AltButonaTikla'

2021-11-11 09:34:25 - [TEST_CASE][PASSED] - Test Cases/Butonlar/AltButonaTikla: Test Cases/Butonlar/AltButonaTikla

2021-11-11 09:34:25 - [TEST_STEP][PASSED] - Method.TextDegerineEsitElementeTikla(findTestObject("Butonlar/AltButonlar"), Alt_Buton): Method.TextDegerineEsitElementeTikla is PASSED

2021-11-11 09:34:25 - [MESSAGE][INFO] - Finding Test Object 'Object Repository/Butonlar/AltButonlar'

2021-11-11 09:34:25 - [MESSAGE][INFO] - Checking timeout

2021-11-11 09:34:25 - [MESSAGE][INFO] - Finding web element with id: 'Object Repository/Butonlar/AltButonlar' located by 'By.cssSelector: .btn-group.open li>a' in '10' second(s)

2021-11-11 09:34:25 - [MESSAGE][INFO] - Smart Wait Function is triggered

2021-11-11 09:34:25 - [MESSAGE][INFO] - Found 2 web elements with id: 'Object Repository/Butonlar/AltButonlar' located by 'By.cssSelector: .btn-group.open li>a' in '10' second(s)

2021-11-11 09:34:26 - [MESSAGE][PASSED] - Method.TextDegerineEsitElementeTikla is PASSED

2021-11-11 09:34:26 - [MESSAGE][PASSED] - Call Test Case 'Test Cases/Butonlar/AltButonaTikla' successfully

2021-11-11 09:34:26 - [MESSAGE][INFO] - Checking called Test Case

2021-11-11 09:34:26 - [MESSAGE][INFO] - Starting to call Test Case 'Test Cases/Popup/PopupMesajiIceriyorMu'

2021-11-11 09:34:26 - [TEST_CASE][PASSED] - Test Cases/Popup/PopupMesajiIceriyorMu: Test Cases/Popup/PopupMesajiIceriyorMu

2021-11-11 09:34:26 - [TEST_STEP][PASSED] - waitForElementVisible(findTestObject("Popup/Popup"), 10): Object 'Object Repository/Popup/Popup' is visible

2021-11-11 09:34:26 - [MESSAGE][INFO] - Finding Test Object 'Object Repository/Popup/Popup'

2021-11-11 09:34:26 - [MESSAGE][INFO] - Checking object

2021-11-11 09:34:26 - [MESSAGE][INFO] - Checking timeout

2021-11-11 09:34:26 - [MESSAGE][INFO] - Finding web element from Test Object's properties

2021-11-11 09:34:26 - [MESSAGE][INFO] - Checking timeout

2021-11-11 09:34:26 - [MESSAGE][INFO] - Finding web element with id: 'Object Repository/Popup/Popup' located by 'By.cssSelector: .bootbox-body' in '10' second(s)

2021-11-11 09:34:26 - [MESSAGE][INFO] - Smart Wait Function is triggered

2021-11-11 09:34:26 - [MESSAGE][INFO] - Found 1 web elements with id: 'Object Repository/Popup/Popup' located by 'By.cssSelector: .bootbox-body' in '10' second(s)

2021-11-11 09:34:26 - [MESSAGE][PASSED] - Object 'Object Repository/Popup/Popup' is visible

2021-11-11 09:34:26 - [TEST_STEP][PASSED] - if (!(getText(findTestObject("Popup/Popup")).contains(Mesaj))): Text of object 'Object Repository/Popup/Popup' is: 'Lütfen rapor bildiriminin gönderileceği e-posta adresini belirtiniz.
e-Posta Adresi'

2021-11-11 09:34:26 - [MESSAGE][INFO] - Finding Test Object 'Object Repository/Popup/Popup'

2021-11-11 09:34:26 - [MESSAGE][INFO] - Checking object

2021-11-11 09:34:26 - [MESSAGE][INFO] - Finding web element from Test Object's properties

2021-11-11 09:34:26 - [MESSAGE][INFO] - Checking timeout

2021-11-11 09:34:26 - [MESSAGE][INFO] - Finding web element with id: 'Object Repository/Popup/Popup' located by 'By.cssSelector: .bootbox-body' in '30' second(s)

2021-11-11 09:34:26 - [MESSAGE][INFO] - Smart Wait Function is triggered

2021-11-11 09:34:26 - [MESSAGE][INFO] - Found 1 web elements with id: 'Object Repository/Popup/Popup' located by 'By.cssSelector: .bootbox-body' in '30' second(s)

2021-11-11 09:34:26 - [MESSAGE][INFO] - Getting text of object 'Object Repository/Popup/Popup'

2021-11-11 09:34:26 - [MESSAGE][PASSED] - Text of object 'Object Repository/Popup/Popup' is: 'Lütfen rapor bildiriminin gönderileceği e-posta adresini belirtiniz.
e-Posta Adresi'

2021-11-11 09:34:26 - [TEST_STEP][PASSED] - RaporNo = getText(findTestObject("Popup/Popup")).substring(0, 6): Text of object 'Object Repository/Popup/Popup' is: 'Lütfen rapor bildiriminin gönderileceği e-posta adresini belirtiniz.
e-Posta Adresi'

2021-11-11 09:34:26 - [MESSAGE][INFO] - Finding Test Object 'Object Repository/Popup/Popup'

2021-11-11 09:34:26 - [MESSAGE][INFO] - Checking object

2021-11-11 09:34:26 - [MESSAGE][INFO] - Finding web element from Test Object's properties

2021-11-11 09:34:26 - [MESSAGE][INFO] - Checking timeout

2021-11-11 09:34:26 - [MESSAGE][INFO] - Finding web element with id: 'Object Repository/Popup/Popup' located by 'By.cssSelector: .bootbox-body' in '30' second(s)

2021-11-11 09:34:26 - [MESSAGE][INFO] - Smart Wait Function is triggered

2021-11-11 09:34:27 - [MESSAGE][INFO] - Found 1 web elements with id: 'Object Repository/Popup/Popup' located by 'By.cssSelector: .bootbox-body' in '30' second(s)

2021-11-11 09:34:27 - [MESSAGE][INFO] - Getting text of object 'Object Repository/Popup/Popup'

2021-11-11 09:34:27 - [MESSAGE][PASSED] - Text of object 'Object Repository/Popup/Popup' is: 'Lütfen rapor bildiriminin gönderileceği e-posta adresini belirtiniz.
e-Posta Adresi'

2021-11-11 09:34:27 - [TEST_STEP][PASSED] - Console.println(RaporNo): null

2021-11-11 09:34:27 - [MESSAGE][PASSED] - Call Test Case 'Test Cases/Popup/PopupMesajiIceriyorMu' successfully

2021-11-11 09:34:27 - [MESSAGE][INFO] - Checking called Test Case

2021-11-11 09:34:27 - [MESSAGE][INFO] - Starting to call Test Case 'Test Cases/Popup/PopupaEmailEklenir'

2021-11-11 09:34:27 - [TEST_CASE][PASSED] - Test Cases/Popup/PopupaEmailEklenir: Test Cases/Popup/PopupaEmailEklenir

2021-11-11 09:34:27 - [TEST_STEP][PASSED] - clearText(findTestObject("Popup/EmailText")): Text of object 'Object Repository/Popup/EmailText' is cleared

2021-11-11 09:34:27 - [MESSAGE][INFO] - Finding Test Object 'Object Repository/Popup/EmailText'

2021-11-11 09:34:27 - [MESSAGE][INFO] - Checking object

2021-11-11 09:34:27 - [MESSAGE][INFO] - Finding web element from Test Object's properties

2021-11-11 09:34:27 - [MESSAGE][INFO] - Checking timeout

2021-11-11 09:34:27 - [MESSAGE][INFO] - Finding web element with id: 'Object Repository/Popup/EmailText' located by 'By.xpath: //*[@id="eMails"]' in '30' second(s)

2021-11-11 09:34:27 - [MESSAGE][INFO] - Smart Wait Function is triggered

2021-11-11 09:34:27 - [MESSAGE][INFO] - Found 1 web elements with id: 'Object Repository/Popup/EmailText' located by 'By.xpath: //*[@id="eMails"]' in '30' second(s)

2021-11-11 09:34:27 - [MESSAGE][INFO] - Clearing text of object 'Object Repository/Popup/EmailText'

2021-11-11 09:34:27 - [MESSAGE][PASSED] - Text of object 'Object Repository/Popup/EmailText' is cleared

2021-11-11 09:34:27 - [TEST_STEP][PASSED] - sendKeys(findTestObject("Popup/EmailText"), Email): Keys 'elogotest@gmail.com;ali.kara@logo.com.tr' sent to object: 'Object Repository/Popup/EmailText'

2021-11-11 09:34:27 - [MESSAGE][INFO] - Finding Test Object 'Object Repository/Popup/EmailText'

2021-11-11 09:34:27 - [MESSAGE][INFO] - Sending keys 'elogotest@gmail.com;ali.kara@logo.com.tr' to object: 'Object Repository/Popup/EmailText'

2021-11-11 09:34:27 - [MESSAGE][INFO] - Finding web element from Test Object's properties

2021-11-11 09:34:27 - [MESSAGE][INFO] - Checking timeout

2021-11-11 09:34:27 - [MESSAGE][INFO] - Finding web element with id: 'Object Repository/Popup/EmailText' located by 'By.xpath: //*[@id="eMails"]' in '30' second(s)

2021-11-11 09:34:27 - [MESSAGE][INFO] - Smart Wait Function is triggered

2021-11-11 09:34:28 - [MESSAGE][INFO] - Found 1 web elements with id: 'Object Repository/Popup/EmailText' located by 'By.xpath: //*[@id="eMails"]' in '30' second(s)

2021-11-11 09:34:28 - [MESSAGE][PASSED] - Keys 'elogotest@gmail.com;ali.kara@logo.com.tr' sent to object: 'Object Repository/Popup/EmailText'

2021-11-11 09:34:28 - [MESSAGE][PASSED] - Call Test Case 'Test Cases/Popup/PopupaEmailEklenir' successfully

2021-11-11 09:34:28 - [MESSAGE][INFO] - Checking called Test Case

2021-11-11 09:34:28 - [MESSAGE][INFO] - Starting to call Test Case 'Test Cases/Popup/PopupButonSecilir'

2021-11-11 09:34:28 - [TEST_CASE][PASSED] - Test Cases/Popup/PopupButonSecilir: Test Cases/Popup/PopupButonSecilir

2021-11-11 09:34:28 - [TEST_STEP][PASSED] - Method.TextDegerineEsitElementeTikla(findTestObject("Popup/Popup_Butons"), Buton): Method.TextDegerineEsitElementeTikla is PASSED

2021-11-11 09:34:28 - [MESSAGE][INFO] - Finding Test Object 'Object Repository/Popup/Popup_Butons'

2021-11-11 09:34:28 - [MESSAGE][INFO] - Checking timeout

2021-11-11 09:34:28 - [MESSAGE][INFO] - Finding web element with id: 'Object Repository/Popup/Popup_Butons' located by 'By.cssSelector: .modal-footer>button' in '10' second(s)

2021-11-11 09:34:28 - [MESSAGE][INFO] - Smart Wait Function is triggered

2021-11-11 09:34:28 - [MESSAGE][INFO] - Found 2 web elements with id: 'Object Repository/Popup/Popup_Butons' located by 'By.cssSelector: .modal-footer>button' in '10' second(s)

2021-11-11 09:34:28 - [MESSAGE][PASSED] - Method.TextDegerineEsitElementeTikla is PASSED

2021-11-11 09:34:28 - [MESSAGE][PASSED] - Call Test Case 'Test Cases/Popup/PopupButonSecilir' successfully

2021-11-11 09:34:28 - [MESSAGE][INFO] - Checking called Test Case

2021-11-11 09:34:28 - [MESSAGE][INFO] - Starting to call Test Case 'Test Cases/Popup/PopupMesajiIceriyorMu'

2021-11-11 09:34:28 - [TEST_CASE][PASSED] - Test Cases/Popup/PopupMesajiIceriyorMu: Test Cases/Popup/PopupMesajiIceriyorMu

2021-11-11 09:34:28 - [TEST_STEP][PASSED] - waitForElementVisible(findTestObject("Popup/Popup"), 10): Object 'Object Repository/Popup/Popup' is visible

2021-11-11 09:34:28 - [MESSAGE][INFO] - Finding Test Object 'Object Repository/Popup/Popup'

2021-11-11 09:34:28 - [MESSAGE][INFO] - Checking object

2021-11-11 09:34:28 - [MESSAGE][INFO] - Checking timeout

2021-11-11 09:34:28 - [MESSAGE][INFO] - Finding web element from Test Object's properties

2021-11-11 09:34:28 - [MESSAGE][INFO] - Checking timeout

2021-11-11 09:34:28 - [MESSAGE][INFO] - Finding web element with id: 'Object Repository/Popup/Popup' located by 'By.cssSelector: .bootbox-body' in '10' second(s)

2021-11-11 09:34:28 - [MESSAGE][INFO] - Smart Wait Function is triggered

2021-11-11 09:34:29 - [MESSAGE][INFO] - Found 1 web elements with id: 'Object Repository/Popup/Popup' located by 'By.cssSelector: .bootbox-body' in '10' second(s)

2021-11-11 09:34:29 - [MESSAGE][PASSED] - Object 'Object Repository/Popup/Popup' is visible

2021-11-11 09:34:29 - [TEST_STEP][PASSED] - if (!(getText(findTestObject("Popup/Popup")).contains(Mesaj))): Text of object 'Object Repository/Popup/Popup' is: '16248 no’lu talebiniz işleme alınmıştır. Raporunuz hazırlandığında (elogotest@gmail.com;ali.kara@logo.com.tr) adresinize mail gönderilecektir.
Rapor durumunuzu Raporlar > Toplu Veri İndirme ekranından takip edebilir, hazırlandı durumundaki raporlarınızı ilgili menüden indirebilirsiniz.'

2021-11-11 09:34:29 - [MESSAGE][INFO] - Finding Test Object 'Object Repository/Popup/Popup'

2021-11-11 09:34:29 - [MESSAGE][INFO] - Checking object

2021-11-11 09:34:29 - [MESSAGE][INFO] - Finding web element from Test Object's properties

2021-11-11 09:34:29 - [MESSAGE][INFO] - Checking timeout

2021-11-11 09:34:29 - [MESSAGE][INFO] - Finding web element with id: 'Object Repository/Popup/Popup' located by 'By.cssSelector: .bootbox-body' in '30' second(s)

2021-11-11 09:34:29 - [MESSAGE][INFO] - Smart Wait Function is triggered

2021-11-11 09:34:29 - [MESSAGE][INFO] - Found 1 web elements with id: 'Object Repository/Popup/Popup' located by 'By.cssSelector: .bootbox-body' in '30' second(s)

2021-11-11 09:34:29 - [MESSAGE][INFO] - Getting text of object 'Object Repository/Popup/Popup'

2021-11-11 09:34:29 - [MESSAGE][PASSED] - Text of object 'Object Repository/Popup/Popup' is: '16248 no’lu talebiniz işleme alınmıştır. Raporunuz hazırlandığında (elogotest@gmail.com;ali.kara@logo.com.tr) adresinize mail gönderilecektir.
Rapor durumunuzu Raporlar > Toplu Veri İndirme ekranından takip edebilir, hazırlandı durumundaki raporlarınızı ilgili menüden indirebilirsiniz.'

2021-11-11 09:34:29 - [TEST_STEP][PASSED] - RaporNo = getText(findTestObject("Popup/Popup")).substring(0, 6): Text of object 'Object Repository/Popup/Popup' is: '16248 no’lu talebiniz işleme alınmıştır. Raporunuz hazırlandığında (elogotest@gmail.com;ali.kara@logo.com.tr) adresinize mail gönderilecektir.
Rapor durumunuzu Raporlar > Toplu Veri İndirme ekranından takip edebilir, hazırlandı durumundaki raporlarınızı ilgili menüden indirebilirsiniz.'

2021-11-11 09:34:29 - [MESSAGE][INFO] - Finding Test Object 'Object Repository/Popup/Popup'

2021-11-11 09:34:29 - [MESSAGE][INFO] - Checking object

2021-11-11 09:34:29 - [MESSAGE][INFO] - Finding web element from Test Object's properties

2021-11-11 09:34:29 - [MESSAGE][INFO] - Checking timeout

2021-11-11 09:34:29 - [MESSAGE][INFO] - Finding web element with id: 'Object Repository/Popup/Popup' located by 'By.cssSelector: .bootbox-body' in '30' second(s)

2021-11-11 09:34:29 - [MESSAGE][INFO] - Smart Wait Function is triggered

2021-11-11 09:34:30 - [MESSAGE][INFO] - Found 1 web elements with id: 'Object Repository/Popup/Popup' located by 'By.cssSelector: .bootbox-body' in '30' second(s)

2021-11-11 09:34:30 - [MESSAGE][INFO] - Getting text of object 'Object Repository/Popup/Popup'

2021-11-11 09:34:30 - [MESSAGE][PASSED] - Text of object 'Object Repository/Popup/Popup' is: '16248 no’lu talebiniz işleme alınmıştır. Raporunuz hazırlandığında (elogotest@gmail.com;ali.kara@logo.com.tr) adresinize mail gönderilecektir.
Rapor durumunuzu Raporlar > Toplu Veri İndirme ekranından takip edebilir, hazırlandı durumundaki raporlarınızı ilgili menüden indirebilirsiniz.'

2021-11-11 09:34:30 - [TEST_STEP][PASSED] - Console.println(RaporNo): null

2021-11-11 09:34:30 - [MESSAGE][PASSED] - Call Test Case 'Test Cases/Popup/PopupMesajiIceriyorMu' successfully

2021-11-11 09:34:30 - [MESSAGE][INFO] - Checking called Test Case

2021-11-11 09:34:30 - [MESSAGE][INFO] - Starting to call Test Case 'Test Cases/Popup/PopupButonSecilir'

2021-11-11 09:34:30 - [TEST_CASE][PASSED] - Test Cases/Popup/PopupButonSecilir: Test Cases/Popup/PopupButonSecilir

2021-11-11 09:34:30 - [TEST_STEP][PASSED] - Method.TextDegerineEsitElementeTikla(findTestObject("Popup/Popup_Butons"), Buton): Method.TextDegerineEsitElementeTikla is PASSED

2021-11-11 09:34:30 - [MESSAGE][INFO] - Finding Test Object 'Object Repository/Popup/Popup_Butons'

2021-11-11 09:34:30 - [MESSAGE][INFO] - Checking timeout

2021-11-11 09:34:30 - [MESSAGE][INFO] - Finding web element with id: 'Object Repository/Popup/Popup_Butons' located by 'By.cssSelector: .modal-footer>button' in '10' second(s)

2021-11-11 09:34:30 - [MESSAGE][INFO] - Smart Wait Function is triggered

2021-11-11 09:34:30 - [MESSAGE][INFO] - Found 1 web elements with id: 'Object Repository/Popup/Popup_Butons' located by 'By.cssSelector: .modal-footer>button' in '10' second(s)

2021-11-11 09:34:30 - [MESSAGE][PASSED] - Method.TextDegerineEsitElementeTikla is PASSED

2021-11-11 09:34:30 - [MESSAGE][PASSED] - Call Test Case 'Test Cases/Popup/PopupButonSecilir' successfully

2021-11-11 09:34:30 - [MESSAGE][INFO] - Checking called Test Case

2021-11-11 09:34:30 - [MESSAGE][INFO] - Starting to call Test Case 'Test Cases/Menu/AnaMenuSecimi'

2021-11-11 09:34:30 - [TEST_CASE][PASSED] - Test Cases/Menu/AnaMenuSecimi: Test Cases/Menu/AnaMenuSecimi

2021-11-11 09:34:30 - [TEST_STEP][PASSED] - Method.TextDegerineEsitElementeTikla(findTestObject("Menu/Ana_Menu"), Ana_Menu): Method.TextDegerineEsitElementeTikla is PASSED

2021-11-11 09:34:30 - [MESSAGE][INFO] - Finding Test Object 'Object Repository/Menu/Ana_Menu'

2021-11-11 09:34:30 - [MESSAGE][INFO] - Checking timeout

2021-11-11 09:34:30 - [MESSAGE][INFO] - Finding web element with id: 'Object Repository/Menu/Ana_Menu' located by 'By.xpath: //*[@class = 'dropdown-toggle']' in '10' second(s)

2021-11-11 09:34:30 - [MESSAGE][INFO] - Smart Wait Function is triggered

2021-11-11 09:34:31 - [MESSAGE][INFO] - Found 14 web elements with id: 'Object Repository/Menu/Ana_Menu' located by 'By.xpath: //*[@class = 'dropdown-toggle']' in '10' second(s)

2021-11-11 09:34:31 - [MESSAGE][PASSED] - Method.TextDegerineEsitElementeTikla is PASSED

2021-11-11 09:34:31 - [MESSAGE][PASSED] - Call Test Case 'Test Cases/Menu/AnaMenuSecimi' successfully

2021-11-11 09:34:31 - [MESSAGE][INFO] - Checking called Test Case

2021-11-11 09:34:31 - [MESSAGE][INFO] - Starting to call Test Case 'Test Cases/Menu/AltMenuSecimi'

2021-11-11 09:34:31 - [TEST_CASE][PASSED] - Test Cases/Menu/AltMenuSecimi: Test Cases/Menu/AltMenuSecimi

2021-11-11 09:34:31 - [TEST_STEP][PASSED] - Method.TextDegerineEsitElementeTikla(findTestObject("Menu/Alt_Menu"), Alt_Menu): Method.TextDegerineEsitElementeTikla is PASSED

2021-11-11 09:34:31 - [MESSAGE][INFO] - Finding Test Object 'Object Repository/Menu/Alt_Menu'

2021-11-11 09:34:31 - [MESSAGE][INFO] - Checking timeout

2021-11-11 09:34:31 - [MESSAGE][INFO] - Finding web element with id: 'Object Repository/Menu/Alt_Menu' located by 'By.xpath: //li[@class='dropdown dropdown-large open']//li[@class='dropdown-element']' in '10' second(s)

2021-11-11 09:34:31 - [MESSAGE][INFO] - Smart Wait Function is triggered

2021-11-11 09:34:32 - [MESSAGE][INFO] - Found 9 web elements with id: 'Object Repository/Menu/Alt_Menu' located by 'By.xpath: //li[@class='dropdown dropdown-large open']//li[@class='dropdown-element']' in '10' second(s)

2021-11-11 09:34:33 - [MESSAGE][PASSED] - Method.TextDegerineEsitElementeTikla is PASSED

2021-11-11 09:34:33 - [MESSAGE][PASSED] - Call Test Case 'Test Cases/Menu/AltMenuSecimi' successfully

2021-11-11 09:34:33 - [MESSAGE][INFO] - Checking called Test Case

2021-11-11 09:34:33 - [MESSAGE][INFO] - Starting to call Test Case 'Test Cases/Filtreler/RaporNoYaz'

2021-11-11 09:34:33 - [TEST_CASE][PASSED] - Test Cases/Filtreler/RaporNoYaz: Test Cases/Filtreler/RaporNoYaz

2021-11-11 09:34:33 - [TEST_STEP][PASSED] - Method.TextDegerineEsitElementinAltindakiTextboxtaYaz(findTestObject("Filtreler/Basliklar"), findTestObject("Filtreler/Basliga_Gore_Textbox"), "Talep No", RaporNo): Method.TextDegerineEsitElementinAltindakiTextboxtaYaz is PASSED

2021-11-11 09:34:33 - [MESSAGE][INFO] - Finding Test Object 'Object Repository/Filtreler/Basliklar'

2021-11-11 09:34:33 - [MESSAGE][INFO] - Finding Test Object 'Object Repository/Filtreler/Basliga_Gore_Textbox'

2021-11-11 09:34:33 - [MESSAGE][INFO] - Checking timeout

2021-11-11 09:34:33 - [MESSAGE][INFO] - Finding web element with id: 'Object Repository/Filtreler/Basliklar' located by 'By.cssSelector: .control-label.col-sm-4.paddingMarginRLC' in '10' second(s)

2021-11-11 09:34:33 - [MESSAGE][INFO] - Smart Wait Function is triggered

2021-11-11 09:34:33 - [MESSAGE][INFO] - Found 8 web elements with id: 'Object Repository/Filtreler/Basliklar' located by 'By.cssSelector: .control-label.col-sm-4.paddingMarginRLC' in '10' second(s)

2021-11-11 09:34:33 - [MESSAGE][INFO] - Smart Wait Function is triggered

2021-11-11 09:34:34 - [MESSAGE][PASSED] - Method.TextDegerineEsitElementinAltindakiTextboxtaYaz is PASSED

2021-11-11 09:34:34 - [MESSAGE][PASSED] - Call Test Case 'Test Cases/Filtreler/RaporNoYaz' successfully

2021-11-11 09:34:34 - [MESSAGE][INFO] - Checking called Test Case

2021-11-11 09:34:34 - [MESSAGE][INFO] - Starting to call Test Case 'Test Cases/Filtreler/ButonaTikla'

2021-11-11 09:34:34 - [TEST_CASE][PASSED] - Test Cases/Filtreler/ButonaTikla: Test Cases/Filtreler/ButonaTikla

2021-11-11 09:34:34 - [TEST_STEP][PASSED] - Method.TextDegerineEsitElementeTikla(findTestObject("Filtreler/Butonlar"), Filtre_Buton): Method.TextDegerineEsitElementeTikla is PASSED

2021-11-11 09:34:34 - [MESSAGE][INFO] - Finding Test Object 'Object Repository/Filtreler/Butonlar'

2021-11-11 09:34:34 - [MESSAGE][INFO] - Checking timeout

2021-11-11 09:34:34 - [MESSAGE][INFO] - Finding web element with id: 'Object Repository/Filtreler/Butonlar' located by 'By.cssSelector: .dxb>span' in '10' second(s)

2021-11-11 09:34:34 - [MESSAGE][INFO] - Smart Wait Function is triggered

2021-11-11 09:34:34 - [MESSAGE][INFO] - Found 2 web elements with id: 'Object Repository/Filtreler/Butonlar' located by 'By.cssSelector: .dxb>span' in '10' second(s)

2021-11-11 09:34:35 - [MESSAGE][PASSED] - Method.TextDegerineEsitElementeTikla is PASSED

2021-11-11 09:34:35 - [MESSAGE][PASSED] - Call Test Case 'Test Cases/Filtreler/ButonaTikla' successfully

2021-11-11 09:34:35 - [MESSAGE][INFO] - Checking called Test Case

2021-11-11 09:34:35 - [MESSAGE][INFO] - Starting to call Test Case 'Test Cases/Tablo/TablodaVeriVarMi'

2021-11-11 09:34:35 - [TEST_CASE][PASSED] - Test Cases/Tablo/TablodaVeriVarMi: Test Cases/Tablo/TablodaVeriVarMi

2021-11-11 09:34:35 - [TEST_STEP][PASSED] - verifyTextNotPresent("Görüntülenecek veri yok", true): Text 'Görüntülenecek veri yok' is not present on page using regular expression

2021-11-11 09:34:35 - [MESSAGE][INFO] - Checking text present  using regular expression

2021-11-11 09:34:35 - [MESSAGE][INFO] - Smart Wait Function is triggered

2021-11-11 09:34:35 - [MESSAGE][INFO] - Finding text 'Görüntülenecek veri yok' on page  using regular expression

2021-11-11 09:34:35 - [MESSAGE][PASSED] - Text 'Görüntülenecek veri yok' is not present on page using regular expression

2021-11-11 09:34:35 - [MESSAGE][PASSED] - Call Test Case 'Test Cases/Tablo/TablodaVeriVarMi' successfully

2021-11-11 09:34:35 - [MESSAGE][INFO] - Checking called Test Case

2021-11-11 09:34:35 - [MESSAGE][INFO] - Starting to call Test Case 'Test Cases/Kullanici_Islemleri/KullaniciIslemlerindenSecimYapilir'

2021-11-11 09:34:36 - [TEST_CASE][PASSED] - Test Cases/Kullanici_Islemleri/KullaniciIslemlerindenSecimYapilir: Test Cases/Kullanici_Islemleri/KullaniciIslemlerindenSecimYapilir

2021-11-11 09:34:36 - [TEST_STEP][PASSED] - waitForElementClickable(findTestObject("Object Repository/Kullanici_Islemleri/KullaniciIslemleri"), 10): Object 'Object Repository/Kullanici_Islemleri/KullaniciIslemleri' is clickable

2021-11-11 09:34:36 - [MESSAGE][INFO] - Finding Test Object 'Object Repository/Kullanici_Islemleri/KullaniciIslemleri'

2021-11-11 09:34:36 - [MESSAGE][INFO] - Checking object

2021-11-11 09:34:36 - [MESSAGE][INFO] - Checking timeout

2021-11-11 09:34:36 - [MESSAGE][INFO] - Finding web element from Test Object's properties

2021-11-11 09:34:36 - [MESSAGE][INFO] - Checking timeout

2021-11-11 09:34:36 - [MESSAGE][INFO] - Finding web element with id: 'Object Repository/Kullanici_Islemleri/KullaniciIslemleri' located by 'By.cssSelector: .dropdown>a>img' in '10' second(s)

2021-11-11 09:34:36 - [MESSAGE][INFO] - Smart Wait Function is triggered

2021-11-11 09:34:36 - [MESSAGE][INFO] - Found 1 web elements with id: 'Object Repository/Kullanici_Islemleri/KullaniciIslemleri' located by 'By.cssSelector: .dropdown>a>img' in '10' second(s)

2021-11-11 09:34:36 - [MESSAGE][PASSED] - Object 'Object Repository/Kullanici_Islemleri/KullaniciIslemleri' is clickable

2021-11-11 09:34:36 - [TEST_STEP][PASSED] - click(findTestObject("Object Repository/Kullanici_Islemleri/KullaniciIslemleri")): Object: 'Object Repository/Kullanici_Islemleri/KullaniciIslemleri' is clicked on

2021-11-11 09:34:36 - [MESSAGE][INFO] - Finding Test Object 'Object Repository/Kullanici_Islemleri/KullaniciIslemleri'

2021-11-11 09:34:36 - [MESSAGE][INFO] - Checking object

2021-11-11 09:34:36 - [MESSAGE][INFO] - Finding web element from Test Object's properties

2021-11-11 09:34:36 - [MESSAGE][INFO] - Checking timeout

2021-11-11 09:34:36 - [MESSAGE][INFO] - Finding web element with id: 'Object Repository/Kullanici_Islemleri/KullaniciIslemleri' located by 'By.cssSelector: .dropdown>a>img' in '30' second(s)

2021-11-11 09:34:36 - [MESSAGE][INFO] - Smart Wait Function is triggered

2021-11-11 09:34:36 - [MESSAGE][INFO] - Found 1 web elements with id: 'Object Repository/Kullanici_Islemleri/KullaniciIslemleri' located by 'By.cssSelector: .dropdown>a>img' in '30' second(s)

2021-11-11 09:34:36 - [MESSAGE][INFO] - Clicking on object: 'Object Repository/Kullanici_Islemleri/KullaniciIslemleri'

2021-11-11 09:34:36 - [MESSAGE][PASSED] - Object: 'Object Repository/Kullanici_Islemleri/KullaniciIslemleri' is clicked on

2021-11-11 09:34:36 - [TEST_STEP][PASSED] - Method.TextDegerineEsitElementeTikla(findTestObject("Object Repository/Kullanici_Islemleri/Secenekler"), Islem): Method.TextDegerineEsitElementeTikla is PASSED

2021-11-11 09:34:36 - [MESSAGE][INFO] - Finding Test Object 'Object Repository/Kullanici_Islemleri/Secenekler'

2021-11-11 09:34:36 - [MESSAGE][INFO] - Checking timeout

2021-11-11 09:34:36 - [MESSAGE][INFO] - Finding web element with id: 'Object Repository/Kullanici_Islemleri/Secenekler' located by 'By.cssSelector: .nav.navbar-nav.navbar-right li a' in '10' second(s)

2021-11-11 09:34:36 - [MESSAGE][INFO] - Smart Wait Function is triggered

2021-11-11 09:34:37 - [MESSAGE][INFO] - Found 22 web elements with id: 'Object Repository/Kullanici_Islemleri/Secenekler' located by 'By.cssSelector: .nav.navbar-nav.navbar-right li a' in '10' second(s)

2021-11-11 09:34:38 - [MESSAGE][PASSED] - Method.TextDegerineEsitElementeTikla is PASSED

2021-11-11 09:34:38 - [TEST_STEP][PASSED] - verifyElementNotPresent(findTestObject("Object Repository/Kullanici_Islemleri/Secenekler"), 10): Web element with id: 'Object Repository/Kullanici_Islemleri/Secenekler' located by 'By.cssSelector: .nav.navbar-nav.navbar-right li a' is not present after '10' second(s)

2021-11-11 09:34:38 - [MESSAGE][INFO] - Finding Test Object 'Object Repository/Kullanici_Islemleri/Secenekler'

2021-11-11 09:34:39 - [MESSAGE][INFO] - Checking object

2021-11-11 09:34:39 - [MESSAGE][INFO] - Checking timeout

2021-11-11 09:34:39 - [MESSAGE][INFO] - Finding web element with id: 'Object Repository/Kullanici_Islemleri/Secenekler' located by 'By.cssSelector: .nav.navbar-nav.navbar-right li a' in '10' second(s)

2021-11-11 09:34:39 - [MESSAGE][INFO] - Smart Wait Function is triggered

2021-11-11 09:34:39 - [MESSAGE][PASSED] - Web element with id: 'Object Repository/Kullanici_Islemleri/Secenekler' located by 'By.cssSelector: .nav.navbar-nav.navbar-right li a' is not present after '10' second(s)

2021-11-11 09:34:39 - [MESSAGE][PASSED] - Call Test Case 'Test Cases/Kullanici_Islemleri/KullaniciIslemlerindenSecimYapilir' successfully

2021-11-11 09:34:39 - [TEST_CASE][PASSED] - Start Test Case : SCENARIO e-Fatura Giden Kutusu Uygulama Yanıtları Toplu Indirme - UBL Secilenlerin indirilmesi: SCENARIO e-Fatura Giden Kutusu Uygulama Yanıtları Toplu Indirme - UBL Secilenlerin indirilmesi

2021-11-11 09:34:39 - [TEST_STEP][PASSED] - Kullanıcı adı ELOGO6 ve Şifre 123456 olarak giriş yapılır: Kullanıcı adı ELOGO6 ve Şifre 123456 olarak giriş yapılır

2021-11-11 09:34:39 - [MESSAGE][PASSED] - Kullanıcı adı ELOGO6 ve Şifre 123456 olarak giriş yapılır

2021-11-11 09:34:39 - [TEST_STEP][PASSED] - Ana menüden e-Fatura seçilir: Ana menüden e-Fatura seçilir

2021-11-11 09:34:39 - [MESSAGE][PASSED] - Ana menüden e-Fatura seçilir

2021-11-11 09:34:39 - [TEST_STEP][PASSED] - Alt menü Giden Kutusu başlığı altındaki Uygulama Yanıtları seçilir: Alt menü Giden Kutusu başlığı altındaki Uygulama Yanıtları seçilir

2021-11-11 09:34:39 - [MESSAGE][PASSED] - Alt menü Giden Kutusu başlığı altındaki Uygulama Yanıtları seçilir

2021-11-11 09:34:39 - [TEST_STEP][PASSED] - Filtrelerden Oluşturma Tarihi filtresine 01.12.2020 baslangic degerini yaz: Filtrelerden Oluşturma Tarihi filtresine 01.12.2020 baslangic degerini yaz

2021-11-11 09:34:39 - [MESSAGE][PASSED] - Filtrelerden Oluşturma Tarihi filtresine 01.12.2020 baslangic degerini yaz

2021-11-11 09:34:39 - [TEST_STEP][PASSED] - Filtrelerden Oluşturma Tarihi filtresine 31.12.2020 bitis degerini yaz: Filtrelerden Oluşturma Tarihi filtresine 31.12.2020 bitis degerini yaz

2021-11-11 09:34:39 - [MESSAGE][PASSED] - Filtrelerden Oluşturma Tarihi filtresine 31.12.2020 bitis degerini yaz

2021-11-11 09:34:39 - [TEST_STEP][PASSED] - Filtrelerden Alıcı VKN filtresine 1234567806 textini yaz: Filtrelerden Alıcı VKN filtresine 1234567806 textini yaz

2021-11-11 09:34:39 - [MESSAGE][PASSED] - Filtrelerden Alıcı VKN filtresine 1234567806 textini yaz

2021-11-11 09:34:39 - [TEST_STEP][PASSED] - Filtre butonlarından Listele seçilir: Filtre butonlarından Listele seçilir

2021-11-11 09:34:39 - [MESSAGE][PASSED] - Filtre butonlarından Listele seçilir

2021-11-11 09:34:39 - [TEST_STEP][PASSED] - Tabloda veri var mı kontrol edilir: Tabloda veri var mı kontrol edilir

2021-11-11 09:34:39 - [MESSAGE][PASSED] - Tabloda veri var mı kontrol edilir

2021-11-11 09:34:39 - [TEST_STEP][PASSED] - Tablodan 1234567806 isimli veri seçilir: Tablodan 1234567806 isimli veri seçilir

2021-11-11 09:34:39 - [MESSAGE][PASSED] - Tablodan 1234567806 isimli veri seçilir

2021-11-11 09:34:39 - [TEST_STEP][PASSED] - Butonlardan Toplu İndirme isimli butona tıklanır: Butonlardan Toplu İndirme isimli butona tıklanır

2021-11-11 09:34:39 - [MESSAGE][PASSED] - Butonlardan Toplu İndirme isimli butona tıklanır

2021-11-11 09:34:39 - [TEST_STEP][PASSED] - Alt butonlardan UBL Seçilenleri İndir butonuna tıklanır: Alt butonlardan UBL Seçilenleri İndir butonuna tıklanır

2021-11-11 09:34:39 - [MESSAGE][PASSED] - Alt butonlardan UBL Seçilenleri İndir butonuna tıklanır

2021-11-11 09:34:39 - [TEST_STEP][PASSED] - Popup mesajı Lütfen rapor bildiriminin gönderileceği e-posta adresini belirtiniz. içeriyor mu: Popup mesajı Lütfen rapor bildiriminin gönderileceği e-posta adresini belirtiniz. içeriyor mu

2021-11-11 09:34:39 - [MESSAGE][PASSED] - Popup mesajı Lütfen rapor bildiriminin gönderileceği e-posta adresini belirtiniz. içeriyor mu

2021-11-11 09:34:39 - [TEST_STEP][PASSED] - Popup email elogotest@gmail.com;ali.kara@logo.com.tr olarak girilir: Popup email elogotest@gmail.com;ali.kara@logo.com.tr olarak girilir

2021-11-11 09:34:39 - [MESSAGE][PASSED] - Popup email elogotest@gmail.com;ali.kara@logo.com.tr olarak girilir

2021-11-11 09:34:39 - [TEST_STEP][PASSED] - Yönetim popupında Gönder seçilir: Yönetim popupında Gönder seçilir

2021-11-11 09:34:39 - [MESSAGE][PASSED] - Yönetim popupında Gönder seçilir

2021-11-11 09:34:39 - [TEST_STEP][PASSED] - Popup mesajı talebiniz işleme alınmıştır içeriyor mu: Popup mesajı talebiniz işleme alınmıştır içeriyor mu

2021-11-11 09:34:39 - [MESSAGE][PASSED] - Popup mesajı talebiniz işleme alınmıştır içeriyor mu

2021-11-11 09:34:39 - [TEST_STEP][PASSED] - Yönetim popupında Tamam seçilir: Yönetim popupında Tamam seçilir

2021-11-11 09:34:39 - [MESSAGE][PASSED] - Yönetim popupında Tamam seçilir

2021-11-11 09:34:39 - [TEST_STEP][PASSED] - Butonlardan Toplu İndirme isimli butona tıklanır: Butonlardan Toplu İndirme isimli butona tıklanır

2021-11-11 09:34:39 - [MESSAGE][PASSED] - Butonlardan Toplu İndirme isimli butona tıklanır

2021-11-11 09:34:39 - [TEST_STEP][PASSED] - Alt butonlardan UBL Tümünü İndir butonuna tıklanır: Alt butonlardan UBL Tümünü İndir butonuna tıklanır

2021-11-11 09:34:39 - [MESSAGE][PASSED] - Alt butonlardan UBL Tümünü İndir butonuna tıklanır

2021-11-11 09:34:39 - [TEST_STEP][PASSED] - Popup mesajı Lütfen rapor bildiriminin gönderileceği e-posta adresini belirtiniz. içeriyor mu: Popup mesajı Lütfen rapor bildiriminin gönderileceği e-posta adresini belirtiniz. içeriyor mu

2021-11-11 09:34:39 - [MESSAGE][PASSED] - Popup mesajı Lütfen rapor bildiriminin gönderileceği e-posta adresini belirtiniz. içeriyor mu

2021-11-11 09:34:39 - [TEST_STEP][PASSED] - Popup email elogotest@gmail.com;ali.kara@logo.com.tr olarak girilir: Popup email elogotest@gmail.com;ali.kara@logo.com.tr olarak girilir

2021-11-11 09:34:39 - [MESSAGE][PASSED] - Popup email elogotest@gmail.com;ali.kara@logo.com.tr olarak girilir

2021-11-11 09:34:39 - [TEST_STEP][PASSED] - Yönetim popupında Gönder seçilir: Yönetim popupında Gönder seçilir

2021-11-11 09:34:39 - [MESSAGE][PASSED] - Yönetim popupında Gönder seçilir

2021-11-11 09:34:39 - [TEST_STEP][PASSED] - Popup mesajı talebiniz işleme alınmıştır içeriyor mu: Popup mesajı talebiniz işleme alınmıştır içeriyor mu

2021-11-11 09:34:39 - [MESSAGE][PASSED] - Popup mesajı talebiniz işleme alınmıştır içeriyor mu

2021-11-11 09:34:39 - [TEST_STEP][PASSED] - Yönetim popupında Tamam seçilir: Yönetim popupında Tamam seçilir

2021-11-11 09:34:39 - [MESSAGE][PASSED] - Yönetim popupında Tamam seçilir

2021-11-11 09:34:39 - [TEST_STEP][PASSED] - Ana menüden Raporlar seçilir: Ana menüden Raporlar seçilir

2021-11-11 09:34:39 - [MESSAGE][PASSED] - Ana menüden Raporlar seçilir

2021-11-11 09:34:39 - [TEST_STEP][PASSED] - Alt menüden Toplu Veri İndirme seçilir: Alt menüden Toplu Veri İndirme seçilir

2021-11-11 09:34:39 - [MESSAGE][PASSED] - Alt menüden Toplu Veri İndirme seçilir

2021-11-11 09:34:39 - [TEST_STEP][PASSED] - Filtrelerden Talep No filtresine Rapor No bilgisi yaz: Filtrelerden Talep No filtresine Rapor No bilgisi yaz

2021-11-11 09:34:39 - [MESSAGE][PASSED] - Filtrelerden Talep No filtresine Rapor No bilgisi yaz

2021-11-11 09:34:39 - [TEST_STEP][PASSED] - Filtre butonlarından Listele seçilir: Filtre butonlarından Listele seçilir

2021-11-11 09:34:39 - [MESSAGE][PASSED] - Filtre butonlarından Listele seçilir

2021-11-11 09:34:39 - [TEST_STEP][PASSED] - Tabloda veri var mı kontrol edilir: Tabloda veri var mı kontrol edilir

2021-11-11 09:34:39 - [MESSAGE][PASSED] - Tabloda veri var mı kontrol edilir

2021-11-11 09:34:39 - [TEST_STEP][PASSED] - Kullanıcı işlemlerinden Çıkış seçilir: Kullanıcı işlemlerinden Çıkış seçilir

2021-11-11 09:34:39 - [MESSAGE][PASSED] - Kullanıcı işlemlerinden Çıkış seçilir

2021-11-11 09:34:39 - [MESSAGE][PASSED] - Feature file: 'Include/features/e-Fatura/Giden Kutusu/Uygulama Yanıtlari/Toplu Indirme.feature' was passed

2021-11-11 09:34:39 - [TEST_STEP][PASSED] - Start listener action : sampleAfterTestSuite: Invoke 'com.kms.katalon.core.annotation.AfterTestCase' method: 'Listener.sampleAfterTestSuite(...)' completed.

2021-11-11 09:34:39 - [MESSAGE][INFO] - Starting invoke 'com.kms.katalon.core.annotation.AfterTestCase' method: 'Listener.sampleAfterTestSuite(...)'

2021-11-11 09:34:39 - [TEST_STEP][PASSED] - closeBrowser(): Invoke 'com.kms.katalon.core.annotation.AfterTestCase' method: 'Listener.sampleAfterTestSuite(...)' completed.

2021-11-11 09:34:39 - [MESSAGE][INFO] - Closing browser

2021-11-11 09:34:40 - [MESSAGE][PASSED] - Browser is closed

2021-11-11 09:34:40 - [MESSAGE][INFO] - Invoke 'com.kms.katalon.core.annotation.AfterTestCase' method: 'Listener.sampleAfterTestSuite(...)' completed.]]></system-out>
         <system-err><![CDATA[]]></system-err>
      </testcase>
      <testcase name="Test Cases/Case Repository/e-Arsiv/e-Arsiv Hareketleri/e-Arsiv Faturalari/Excele Aktar" time="60.816" classname="Test Cases/Case Repository/e-Arsiv/e-Arsiv Hareketleri/e-Arsiv Faturalari/Excele Aktar" status="PASSED">
         <system-out><![CDATA[2021-11-11 09:34:40 - [TEST_CASE][PASSED] - Test Cases/Case Repository/e-Arsiv/e-Arsiv Hareketleri/e-Arsiv Faturalari/Excele Aktar: Test Cases/Case Repository/e-Arsiv/e-Arsiv Hareketleri/e-Arsiv Faturalari/Excele Aktar

2021-11-11 09:34:40 - [TEST_STEP][PASSED] - Start listener action : sampleBeforeTestSuite: Invoke 'com.kms.katalon.core.annotation.BeforeTestCase' method: 'Listener.sampleBeforeTestSuite(...)' completed.

2021-11-11 09:34:40 - [MESSAGE][INFO] - Starting invoke 'com.kms.katalon.core.annotation.BeforeTestCase' method: 'Listener.sampleBeforeTestSuite(...)'

2021-11-11 09:34:40 - [TEST_STEP][PASSED] - openBrowser(baseUrl): Browser is opened with url: 'https://efatura-stage.elogo.com.tr/'

2021-11-11 09:34:40 - [MESSAGE][INFO] - Opening browser

2021-11-11 09:34:40 - [MESSAGE][INFO] - Starting 'Chrome' driver

2021-11-11 09:34:40 - [MESSAGE][INFO] - User set preference: ['prefs', '{download.default_directory=C:\otomasyondownfiles}']

2021-11-11 09:34:40 - [MESSAGE][INFO] - Action delay is set to 0 milliseconds

2021-11-11 09:34:41 - [MESSAGE][INFO] - Navigating browser to: 'https://efatura-stage.elogo.com.tr/'

2021-11-11 09:34:48 - [MESSAGE][PASSED] - Browser is opened with url: 'https://efatura-stage.elogo.com.tr/'

2021-11-11 09:34:48 - [TEST_STEP][PASSED] - maximizeWindow(): Invoke 'com.kms.katalon.core.annotation.BeforeTestCase' method: 'Listener.sampleBeforeTestSuite(...)' completed.

2021-11-11 09:34:48 - [MESSAGE][INFO] - Maximizing current window

2021-11-11 09:34:48 - [MESSAGE][PASSED] - Current window maximized

2021-11-11 09:34:48 - [MESSAGE][INFO] - Invoke 'com.kms.katalon.core.annotation.BeforeTestCase' method: 'Listener.sampleBeforeTestSuite(...)' completed.

2021-11-11 09:34:48 - [TEST_STEP][PASSED] - runFeatureFile("Include/features/e-Arsiv/e-Arsiv Hareketleri/e-Arsiv Faturalari/Excele Aktar.feature"): Feature file: 'Include/features/e-Arsiv/e-Arsiv Hareketleri/e-Arsiv Faturalari/Excele Aktar.feature' was passed

2021-11-11 09:34:48 - [MESSAGE][INFO] - Starting run keyword runFeatureFile: 'Include/features/e-Arsiv/e-Arsiv Hareketleri/e-Arsiv Faturalari/Excele Aktar.feature' and extract report to folder: 'C:\Users\DELL\Documents\GitHub\EES_KatalonLogo\Reports\20211111_090730\Suite Repository\ExceleAktarVeTopluIndirme\20211111_090810/cucumber_report/1636612488908'...

2021-11-11 09:34:48 - [MESSAGE][INFO] - Glue: []

2021-11-11 09:34:49 - [MESSAGE][INFO] - Checking called Test Case

2021-11-11 09:34:49 - [MESSAGE][INFO] - Starting to call Test Case 'Test Cases/Sayfalar/Giris_Sayfasi/Login'

2021-11-11 09:34:49 - [TEST_CASE][PASSED] - Test Cases/Sayfalar/Giris_Sayfasi/Login: Test Cases/Sayfalar/Giris_Sayfasi/Login

2021-11-11 09:34:49 - [TEST_STEP][PASSED] - Sayfa_Basligi = getWindowTitle(): Current window's title is: 'LOGO e-Fatura'

2021-11-11 09:34:49 - [MESSAGE][INFO] - Getting current window's title

2021-11-11 09:34:49 - [MESSAGE][PASSED] - Current window's title is: 'LOGO e-Fatura'

2021-11-11 09:34:49 - [TEST_STEP][PASSED] - verifyMatch(Sayfa_Basligi, "LOGO e-Fatura", false): Actual text 'LOGO e-Fatura' and expected text 'LOGO e-Fatura' are matched 

2021-11-11 09:34:49 - [MESSAGE][INFO] - Matching actual text 'LOGO e-Fatura' with expected text 'LOGO e-Fatura'

2021-11-11 09:34:49 - [MESSAGE][PASSED] - Actual text 'LOGO e-Fatura' and expected text 'LOGO e-Fatura' are matched 

2021-11-11 09:34:49 - [TEST_STEP][PASSED] - sendKeys(findTestObject("Sayfalar/Giris_Sayfasi/Firma_Kodu"), KullaniciAdi): Keys 'ELOGO6' sent to object: 'Object Repository/Sayfalar/Giris_Sayfasi/Firma_Kodu'

2021-11-11 09:34:49 - [MESSAGE][INFO] - Finding Test Object 'Object Repository/Sayfalar/Giris_Sayfasi/Firma_Kodu'

2021-11-11 09:34:50 - [MESSAGE][INFO] - Sending keys 'ELOGO6' to object: 'Object Repository/Sayfalar/Giris_Sayfasi/Firma_Kodu'

2021-11-11 09:34:50 - [MESSAGE][INFO] - Finding web element from Test Object's properties

2021-11-11 09:34:50 - [MESSAGE][INFO] - Checking timeout

2021-11-11 09:34:50 - [MESSAGE][INFO] - Finding web element with id: 'Object Repository/Sayfalar/Giris_Sayfasi/Firma_Kodu' located by 'By.xpath: //*[@id = 'AccountName']' in '30' second(s)

2021-11-11 09:34:50 - [MESSAGE][INFO] - Smart Wait Function is triggered

2021-11-11 09:34:50 - [MESSAGE][INFO] - Found 1 web elements with id: 'Object Repository/Sayfalar/Giris_Sayfasi/Firma_Kodu' located by 'By.xpath: //*[@id = 'AccountName']' in '30' second(s)

2021-11-11 09:34:50 - [MESSAGE][PASSED] - Keys 'ELOGO6' sent to object: 'Object Repository/Sayfalar/Giris_Sayfasi/Firma_Kodu'

2021-11-11 09:34:50 - [TEST_STEP][PASSED] - sendKeys(findTestObject("Sayfalar/Giris_Sayfasi/Sifre"), Sifre): Keys '123456' sent to object: 'Object Repository/Sayfalar/Giris_Sayfasi/Sifre'

2021-11-11 09:34:50 - [MESSAGE][INFO] - Finding Test Object 'Object Repository/Sayfalar/Giris_Sayfasi/Sifre'

2021-11-11 09:34:50 - [MESSAGE][INFO] - Sending keys '123456' to object: 'Object Repository/Sayfalar/Giris_Sayfasi/Sifre'

2021-11-11 09:34:50 - [MESSAGE][INFO] - Finding web element from Test Object's properties

2021-11-11 09:34:50 - [MESSAGE][INFO] - Checking timeout

2021-11-11 09:34:50 - [MESSAGE][INFO] - Finding web element with id: 'Object Repository/Sayfalar/Giris_Sayfasi/Sifre' located by 'By.xpath: //*[@id = 'Password']' in '30' second(s)

2021-11-11 09:34:50 - [MESSAGE][INFO] - Smart Wait Function is triggered

2021-11-11 09:34:51 - [MESSAGE][INFO] - Found 1 web elements with id: 'Object Repository/Sayfalar/Giris_Sayfasi/Sifre' located by 'By.xpath: //*[@id = 'Password']' in '30' second(s)

2021-11-11 09:34:51 - [MESSAGE][PASSED] - Keys '123456' sent to object: 'Object Repository/Sayfalar/Giris_Sayfasi/Sifre'

2021-11-11 09:34:51 - [TEST_STEP][PASSED] - findWebElement(findTestObject("Sayfalar/Giris_Sayfasi/Giris_Butonu")).click(): Found 1 web elements with id: 'Object Repository/Sayfalar/Giris_Sayfasi/Giris_Butonu' located by 'By.cssSelector: #btnLogin' in '30' second(s)

2021-11-11 09:34:51 - [MESSAGE][INFO] - Finding Test Object 'Object Repository/Sayfalar/Giris_Sayfasi/Giris_Butonu'

2021-11-11 09:34:51 - [MESSAGE][INFO] - Finding web element from Test Object's properties

2021-11-11 09:34:51 - [MESSAGE][INFO] - Checking timeout

2021-11-11 09:34:51 - [MESSAGE][INFO] - Finding web element with id: 'Object Repository/Sayfalar/Giris_Sayfasi/Giris_Butonu' located by 'By.cssSelector: #btnLogin' in '30' second(s)

2021-11-11 09:34:51 - [MESSAGE][INFO] - Smart Wait Function is triggered

2021-11-11 09:34:51 - [MESSAGE][INFO] - Found 1 web elements with id: 'Object Repository/Sayfalar/Giris_Sayfasi/Giris_Butonu' located by 'By.cssSelector: #btnLogin' in '30' second(s)

2021-11-11 09:34:54 - [TEST_STEP][PASSED] - if (verifyElementPresent(findTestObject("Object Repository/Sayfalar/Giris_Sayfasi/RetveTamam_Butonu"), 5, OPTIONAL)): null

2021-11-11 09:34:54 - [MESSAGE][INFO] - Finding Test Object 'Object Repository/Sayfalar/Giris_Sayfasi/RetveTamam_Butonu'

2021-11-11 09:34:54 - [MESSAGE][INFO] - Checking object

2021-11-11 09:34:54 - [MESSAGE][INFO] - Finding web element from Test Object's properties

2021-11-11 09:34:54 - [MESSAGE][INFO] - Checking timeout

2021-11-11 09:34:54 - [MESSAGE][INFO] - Finding web element with id: 'Object Repository/Sayfalar/Giris_Sayfasi/RetveTamam_Butonu' located by 'By.xpath: //*[@class = 'btn btn-default']' in '5' second(s)

2021-11-11 09:34:54 - [MESSAGE][INFO] - Smart Wait Function is triggered

2021-11-11 09:34:54 - [MESSAGE][INFO] - Found 1 web elements with id: 'Object Repository/Sayfalar/Giris_Sayfasi/RetveTamam_Butonu' located by 'By.xpath: //*[@class = 'btn btn-default']' in '5' second(s)

2021-11-11 09:34:54 - [MESSAGE][PASSED] - Object 'Object Repository/Sayfalar/Giris_Sayfasi/RetveTamam_Butonu' is present

2021-11-11 09:34:54 - [TEST_STEP][PASSED] - click(findTestObject("Object Repository/Sayfalar/Giris_Sayfasi/RetveTamam_Butonu")): Object: 'Object Repository/Sayfalar/Giris_Sayfasi/RetveTamam_Butonu' is clicked on

2021-11-11 09:34:54 - [MESSAGE][INFO] - Finding Test Object 'Object Repository/Sayfalar/Giris_Sayfasi/RetveTamam_Butonu'

2021-11-11 09:34:55 - [MESSAGE][INFO] - Checking object

2021-11-11 09:34:55 - [MESSAGE][INFO] - Finding web element from Test Object's properties

2021-11-11 09:34:55 - [MESSAGE][INFO] - Checking timeout

2021-11-11 09:34:55 - [MESSAGE][INFO] - Finding web element with id: 'Object Repository/Sayfalar/Giris_Sayfasi/RetveTamam_Butonu' located by 'By.xpath: //*[@class = 'btn btn-default']' in '30' second(s)

2021-11-11 09:34:55 - [MESSAGE][INFO] - Smart Wait Function is triggered

2021-11-11 09:34:55 - [MESSAGE][INFO] - Found 1 web elements with id: 'Object Repository/Sayfalar/Giris_Sayfasi/RetveTamam_Butonu' located by 'By.xpath: //*[@class = 'btn btn-default']' in '30' second(s)

2021-11-11 09:34:55 - [MESSAGE][INFO] - Clicking on object: 'Object Repository/Sayfalar/Giris_Sayfasi/RetveTamam_Butonu'

2021-11-11 09:34:55 - [MESSAGE][PASSED] - Object: 'Object Repository/Sayfalar/Giris_Sayfasi/RetveTamam_Butonu' is clicked on

2021-11-11 09:34:55 - [TEST_STEP][PASSED] - click(findTestObject("Object Repository/Sayfalar/Giris_Sayfasi/RetveTamam_Butonu")): Object: 'Object Repository/Sayfalar/Giris_Sayfasi/RetveTamam_Butonu' is clicked on

2021-11-11 09:34:55 - [MESSAGE][INFO] - Finding Test Object 'Object Repository/Sayfalar/Giris_Sayfasi/RetveTamam_Butonu'

2021-11-11 09:34:55 - [MESSAGE][INFO] - Checking object

2021-11-11 09:34:55 - [MESSAGE][INFO] - Finding web element from Test Object's properties

2021-11-11 09:34:55 - [MESSAGE][INFO] - Checking timeout

2021-11-11 09:34:55 - [MESSAGE][INFO] - Finding web element with id: 'Object Repository/Sayfalar/Giris_Sayfasi/RetveTamam_Butonu' located by 'By.xpath: //*[@class = 'btn btn-default']' in '30' second(s)

2021-11-11 09:34:55 - [MESSAGE][INFO] - Smart Wait Function is triggered

2021-11-11 09:34:59 - [MESSAGE][INFO] - Found 1 web elements with id: 'Object Repository/Sayfalar/Giris_Sayfasi/RetveTamam_Butonu' located by 'By.xpath: //*[@class = 'btn btn-default']' in '30' second(s)

2021-11-11 09:34:59 - [MESSAGE][INFO] - Clicking on object: 'Object Repository/Sayfalar/Giris_Sayfasi/RetveTamam_Butonu'

2021-11-11 09:34:59 - [MESSAGE][PASSED] - Object: 'Object Repository/Sayfalar/Giris_Sayfasi/RetveTamam_Butonu' is clicked on

2021-11-11 09:34:59 - [TEST_STEP][PASSED] - if (verifyElementPresent(findTestObject("Sayfalar/Giris_Sayfasi/PopupOK"), 5, OPTIONAL)): null

2021-11-11 09:34:59 - [MESSAGE][INFO] - Finding Test Object 'Object Repository/Sayfalar/Giris_Sayfasi/PopupOK'

2021-11-11 09:34:59 - [MESSAGE][INFO] - Checking object

2021-11-11 09:34:59 - [MESSAGE][INFO] - Finding web element from Test Object's properties

2021-11-11 09:34:59 - [MESSAGE][INFO] - Checking timeout

2021-11-11 09:34:59 - [MESSAGE][INFO] - Finding web element with id: 'Object Repository/Sayfalar/Giris_Sayfasi/PopupOK' located by 'By.cssSelector: .btn.btn-success' in '5' second(s)

2021-11-11 09:34:59 - [MESSAGE][INFO] - Smart Wait Function is triggered

2021-11-11 09:35:00 - [MESSAGE][INFO] - Found 1 web elements with id: 'Object Repository/Sayfalar/Giris_Sayfasi/PopupOK' located by 'By.cssSelector: .btn.btn-success' in '5' second(s)

2021-11-11 09:35:00 - [MESSAGE][PASSED] - Object 'Object Repository/Sayfalar/Giris_Sayfasi/PopupOK' is present

2021-11-11 09:35:00 - [TEST_STEP][PASSED] - click(findTestObject("Object Repository/Sayfalar/Giris_Sayfasi/PopupCarpiGiris")): Object: 'Object Repository/Sayfalar/Giris_Sayfasi/PopupCarpiGiris' is clicked on

2021-11-11 09:35:00 - [MESSAGE][INFO] - Finding Test Object 'Object Repository/Sayfalar/Giris_Sayfasi/PopupCarpiGiris'

2021-11-11 09:35:00 - [MESSAGE][INFO] - Checking object

2021-11-11 09:35:00 - [MESSAGE][INFO] - Finding web element from Test Object's properties

2021-11-11 09:35:00 - [MESSAGE][INFO] - Checking timeout

2021-11-11 09:35:00 - [MESSAGE][INFO] - Finding web element with id: 'Object Repository/Sayfalar/Giris_Sayfasi/PopupCarpiGiris' located by 'By.cssSelector: .bootbox-close-button.close' in '30' second(s)

2021-11-11 09:35:00 - [MESSAGE][INFO] - Smart Wait Function is triggered

2021-11-11 09:35:00 - [MESSAGE][INFO] - Found 1 web elements with id: 'Object Repository/Sayfalar/Giris_Sayfasi/PopupCarpiGiris' located by 'By.cssSelector: .bootbox-close-button.close' in '30' second(s)

2021-11-11 09:35:00 - [MESSAGE][INFO] - Clicking on object: 'Object Repository/Sayfalar/Giris_Sayfasi/PopupCarpiGiris'

2021-11-11 09:35:00 - [MESSAGE][PASSED] - Object: 'Object Repository/Sayfalar/Giris_Sayfasi/PopupCarpiGiris' is clicked on

2021-11-11 09:35:00 - [TEST_STEP][PASSED] - verifyElementVisible(findTestObject("Object Repository/Kullanici_Islemleri/KullaniciIslemleri")): Object 'Object Repository/Kullanici_Islemleri/KullaniciIslemleri' is visible

2021-11-11 09:35:00 - [MESSAGE][INFO] - Finding Test Object 'Object Repository/Kullanici_Islemleri/KullaniciIslemleri'

2021-11-11 09:35:01 - [MESSAGE][INFO] - Checking object

2021-11-11 09:35:01 - [MESSAGE][INFO] - Finding web element from Test Object's properties

2021-11-11 09:35:01 - [MESSAGE][INFO] - Checking timeout

2021-11-11 09:35:01 - [MESSAGE][INFO] - Finding web element with id: 'Object Repository/Kullanici_Islemleri/KullaniciIslemleri' located by 'By.cssSelector: .dropdown>a>img' in '30' second(s)

2021-11-11 09:35:01 - [MESSAGE][INFO] - Smart Wait Function is triggered

2021-11-11 09:35:01 - [MESSAGE][INFO] - Found 1 web elements with id: 'Object Repository/Kullanici_Islemleri/KullaniciIslemleri' located by 'By.cssSelector: .dropdown>a>img' in '30' second(s)

2021-11-11 09:35:01 - [MESSAGE][PASSED] - Object 'Object Repository/Kullanici_Islemleri/KullaniciIslemleri' is visible

2021-11-11 09:35:01 - [MESSAGE][PASSED] - Call Test Case 'Test Cases/Sayfalar/Giris_Sayfasi/Login' successfully

2021-11-11 09:35:01 - [MESSAGE][INFO] - Checking called Test Case

2021-11-11 09:35:01 - [MESSAGE][INFO] - Starting to call Test Case 'Test Cases/Menu/AnaMenuSecimi'

2021-11-11 09:35:01 - [TEST_CASE][PASSED] - Test Cases/Menu/AnaMenuSecimi: Test Cases/Menu/AnaMenuSecimi

2021-11-11 09:35:01 - [TEST_STEP][PASSED] - Method.TextDegerineEsitElementeTikla(findTestObject("Menu/Ana_Menu"), Ana_Menu): Method.TextDegerineEsitElementeTikla is PASSED

2021-11-11 09:35:01 - [MESSAGE][INFO] - Finding Test Object 'Object Repository/Menu/Ana_Menu'

2021-11-11 09:35:01 - [MESSAGE][INFO] - Checking timeout

2021-11-11 09:35:01 - [MESSAGE][INFO] - Finding web element with id: 'Object Repository/Menu/Ana_Menu' located by 'By.xpath: //*[@class = 'dropdown-toggle']' in '10' second(s)

2021-11-11 09:35:01 - [MESSAGE][INFO] - Smart Wait Function is triggered

2021-11-11 09:35:02 - [MESSAGE][INFO] - Found 14 web elements with id: 'Object Repository/Menu/Ana_Menu' located by 'By.xpath: //*[@class = 'dropdown-toggle']' in '10' second(s)

2021-11-11 09:35:02 - [MESSAGE][PASSED] - Method.TextDegerineEsitElementeTikla is PASSED

2021-11-11 09:35:02 - [MESSAGE][PASSED] - Call Test Case 'Test Cases/Menu/AnaMenuSecimi' successfully

2021-11-11 09:35:02 - [MESSAGE][INFO] - Checking called Test Case

2021-11-11 09:35:02 - [MESSAGE][INFO] - Starting to call Test Case 'Test Cases/Menu/BasligaGoreAltMenuSecimi'

2021-11-11 09:35:02 - [TEST_CASE][PASSED] - Test Cases/Menu/BasligaGoreAltMenuSecimi: Test Cases/Menu/BasligaGoreAltMenuSecimi

2021-11-11 09:35:02 - [TEST_STEP][PASSED] - Method.TextDegerineEsitElementinAltindakiTextDegerineEsitOlanaTikla(findTestObject("Menu/Menu_Basligi"), findTestObject("Menu/Basliga_Gore_Alt_Menu"), Baslik, Alt_Menu): Method.TextDegerineEsitElementinAltindakiTextDegerineEsitOlanaTikla is PASSED

2021-11-11 09:35:02 - [MESSAGE][INFO] - Finding Test Object 'Object Repository/Menu/Menu_Basligi'

2021-11-11 09:35:02 - [MESSAGE][INFO] - Finding Test Object 'Object Repository/Menu/Basliga_Gore_Alt_Menu'

2021-11-11 09:35:02 - [MESSAGE][INFO] - Checking timeout

2021-11-11 09:35:02 - [MESSAGE][INFO] - Finding web element with id: 'Object Repository/Menu/Menu_Basligi' located by 'By.xpath: //li[@class='dropdown dropdown-large open']//li[@class='dropdown-header']' in '10' second(s)

2021-11-11 09:35:02 - [MESSAGE][INFO] - Smart Wait Function is triggered

2021-11-11 09:35:02 - [MESSAGE][INFO] - Found 2 web elements with id: 'Object Repository/Menu/Menu_Basligi' located by 'By.xpath: //li[@class='dropdown dropdown-large open']//li[@class='dropdown-header']' in '10' second(s)

2021-11-11 09:35:02 - [MESSAGE][INFO] - Smart Wait Function is triggered

2021-11-11 09:35:07 - [MESSAGE][PASSED] - Method.TextDegerineEsitElementinAltindakiTextDegerineEsitOlanaTikla is PASSED

2021-11-11 09:35:07 - [MESSAGE][PASSED] - Call Test Case 'Test Cases/Menu/BasligaGoreAltMenuSecimi' successfully

2021-11-11 09:35:07 - [MESSAGE][INFO] - Checking called Test Case

2021-11-11 09:35:07 - [MESSAGE][INFO] - Starting to call Test Case 'Test Cases/Filtreler/BaslangicYaz'

2021-11-11 09:35:07 - [TEST_CASE][PASSED] - Test Cases/Filtreler/BaslangicYaz: Test Cases/Filtreler/BaslangicYaz

2021-11-11 09:35:07 - [TEST_STEP][PASSED] - Method.TextDegerineEsitElementinAltindakineTikla(findTestObject("Filtreler/Basliklar"), findTestObject("Filtreler/Basliga_Gore_Baslangic_Image"), Filtre_Adi): Method.TextDegerineEsitElementinAltindakineTikla is PASSED

2021-11-11 09:35:07 - [MESSAGE][INFO] - Finding Test Object 'Object Repository/Filtreler/Basliklar'

2021-11-11 09:35:08 - [MESSAGE][INFO] - Finding Test Object 'Object Repository/Filtreler/Basliga_Gore_Baslangic_Image'

2021-11-11 09:35:08 - [MESSAGE][INFO] - Checking timeout

2021-11-11 09:35:08 - [MESSAGE][INFO] - Finding web element with id: 'Object Repository/Filtreler/Basliklar' located by 'By.cssSelector: .control-label.col-sm-4.paddingMarginRLC' in '10' second(s)

2021-11-11 09:35:08 - [MESSAGE][INFO] - Smart Wait Function is triggered

2021-11-11 09:35:08 - [MESSAGE][INFO] - Found 19 web elements with id: 'Object Repository/Filtreler/Basliklar' located by 'By.cssSelector: .control-label.col-sm-4.paddingMarginRLC' in '10' second(s)

2021-11-11 09:35:08 - [MESSAGE][INFO] - Smart Wait Function is triggered

2021-11-11 09:35:09 - [MESSAGE][PASSED] - Method.TextDegerineEsitElementinAltindakineTikla is PASSED

2021-11-11 09:35:09 - [TEST_STEP][PASSED] - Method.TextDegerineEsitElementinAltindakiTextboxtaYaz(findTestObject("Filtreler/Basliklar"), findTestObject("Filtreler/Basliga_Gore_Baslangic"), Filtre_Adi, Filtre_Degeri): Method.TextDegerineEsitElementinAltindakiTextboxtaYaz is PASSED

2021-11-11 09:35:09 - [MESSAGE][INFO] - Finding Test Object 'Object Repository/Filtreler/Basliklar'

2021-11-11 09:35:09 - [MESSAGE][INFO] - Finding Test Object 'Object Repository/Filtreler/Basliga_Gore_Baslangic'

2021-11-11 09:35:09 - [MESSAGE][INFO] - Checking timeout

2021-11-11 09:35:09 - [MESSAGE][INFO] - Finding web element with id: 'Object Repository/Filtreler/Basliklar' located by 'By.cssSelector: .control-label.col-sm-4.paddingMarginRLC' in '10' second(s)

2021-11-11 09:35:09 - [MESSAGE][INFO] - Smart Wait Function is triggered

2021-11-11 09:35:09 - [MESSAGE][INFO] - Found 19 web elements with id: 'Object Repository/Filtreler/Basliklar' located by 'By.cssSelector: .control-label.col-sm-4.paddingMarginRLC' in '10' second(s)

2021-11-11 09:35:09 - [MESSAGE][INFO] - Smart Wait Function is triggered

2021-11-11 09:35:10 - [MESSAGE][PASSED] - Method.TextDegerineEsitElementinAltindakiTextboxtaYaz is PASSED

2021-11-11 09:35:10 - [MESSAGE][PASSED] - Call Test Case 'Test Cases/Filtreler/BaslangicYaz' successfully

2021-11-11 09:35:10 - [MESSAGE][INFO] - Checking called Test Case

2021-11-11 09:35:10 - [MESSAGE][INFO] - Starting to call Test Case 'Test Cases/Filtreler/BitisYaz'

2021-11-11 09:35:10 - [TEST_CASE][PASSED] - Test Cases/Filtreler/BitisYaz: Test Cases/Filtreler/BitisYaz

2021-11-11 09:35:10 - [TEST_STEP][PASSED] - Method.TextDegerineEsitElementinAltindakineTikla(findTestObject("Filtreler/Basliklar"), findTestObject("Filtreler/Basliga_Gore_Bitis_Image"), Filtre_Adi): Method.TextDegerineEsitElementinAltindakineTikla is PASSED

2021-11-11 09:35:10 - [MESSAGE][INFO] - Finding Test Object 'Object Repository/Filtreler/Basliklar'

2021-11-11 09:35:10 - [MESSAGE][INFO] - Finding Test Object 'Object Repository/Filtreler/Basliga_Gore_Bitis_Image'

2021-11-11 09:35:10 - [MESSAGE][INFO] - Checking timeout

2021-11-11 09:35:10 - [MESSAGE][INFO] - Finding web element with id: 'Object Repository/Filtreler/Basliklar' located by 'By.cssSelector: .control-label.col-sm-4.paddingMarginRLC' in '10' second(s)

2021-11-11 09:35:10 - [MESSAGE][INFO] - Smart Wait Function is triggered

2021-11-11 09:35:10 - [MESSAGE][INFO] - Found 19 web elements with id: 'Object Repository/Filtreler/Basliklar' located by 'By.cssSelector: .control-label.col-sm-4.paddingMarginRLC' in '10' second(s)

2021-11-11 09:35:10 - [MESSAGE][INFO] - Smart Wait Function is triggered

2021-11-11 09:35:10 - [MESSAGE][PASSED] - Method.TextDegerineEsitElementinAltindakineTikla is PASSED

2021-11-11 09:35:10 - [TEST_STEP][PASSED] - Method.TextDegerineEsitElementinAltindakiTextboxtaYaz(findTestObject("Filtreler/Basliklar"), findTestObject("Object Repository/Filtreler/Basliga_Gore_Bitis"), Filtre_Adi, Filtre_Degeri): Method.TextDegerineEsitElementinAltindakiTextboxtaYaz is PASSED

2021-11-11 09:35:10 - [MESSAGE][INFO] - Finding Test Object 'Object Repository/Filtreler/Basliklar'

2021-11-11 09:35:11 - [MESSAGE][INFO] - Finding Test Object 'Object Repository/Filtreler/Basliga_Gore_Bitis'

2021-11-11 09:35:11 - [MESSAGE][INFO] - Checking timeout

2021-11-11 09:35:11 - [MESSAGE][INFO] - Finding web element with id: 'Object Repository/Filtreler/Basliklar' located by 'By.cssSelector: .control-label.col-sm-4.paddingMarginRLC' in '10' second(s)

2021-11-11 09:35:11 - [MESSAGE][INFO] - Smart Wait Function is triggered

2021-11-11 09:35:11 - [MESSAGE][INFO] - Found 19 web elements with id: 'Object Repository/Filtreler/Basliklar' located by 'By.cssSelector: .control-label.col-sm-4.paddingMarginRLC' in '10' second(s)

2021-11-11 09:35:11 - [MESSAGE][INFO] - Smart Wait Function is triggered

2021-11-11 09:35:11 - [MESSAGE][PASSED] - Method.TextDegerineEsitElementinAltindakiTextboxtaYaz is PASSED

2021-11-11 09:35:11 - [MESSAGE][PASSED] - Call Test Case 'Test Cases/Filtreler/BitisYaz' successfully

2021-11-11 09:35:11 - [MESSAGE][INFO] - Checking called Test Case

2021-11-11 09:35:11 - [MESSAGE][INFO] - Starting to call Test Case 'Test Cases/Filtreler/TexboxaYaz'

2021-11-11 09:35:12 - [TEST_CASE][PASSED] - Test Cases/Filtreler/TexboxaYaz: Test Cases/Filtreler/TexboxaYaz

2021-11-11 09:35:12 - [TEST_STEP][PASSED] - Method.TextDegerineEsitElementinAltindakiTextboxtaYaz(findTestObject("Filtreler/Basliklar"), findTestObject("Filtreler/Basliga_Gore_Textbox"), Filtre_Adi, Filtre_Degeri): Method.TextDegerineEsitElementinAltindakiTextboxtaYaz is PASSED

2021-11-11 09:35:12 - [MESSAGE][INFO] - Finding Test Object 'Object Repository/Filtreler/Basliklar'

2021-11-11 09:35:12 - [MESSAGE][INFO] - Finding Test Object 'Object Repository/Filtreler/Basliga_Gore_Textbox'

2021-11-11 09:35:12 - [MESSAGE][INFO] - Checking timeout

2021-11-11 09:35:12 - [MESSAGE][INFO] - Finding web element with id: 'Object Repository/Filtreler/Basliklar' located by 'By.cssSelector: .control-label.col-sm-4.paddingMarginRLC' in '10' second(s)

2021-11-11 09:35:12 - [MESSAGE][INFO] - Smart Wait Function is triggered

2021-11-11 09:35:12 - [MESSAGE][INFO] - Found 19 web elements with id: 'Object Repository/Filtreler/Basliklar' located by 'By.cssSelector: .control-label.col-sm-4.paddingMarginRLC' in '10' second(s)

2021-11-11 09:35:12 - [MESSAGE][INFO] - Smart Wait Function is triggered

2021-11-11 09:35:13 - [MESSAGE][PASSED] - Method.TextDegerineEsitElementinAltindakiTextboxtaYaz is PASSED

2021-11-11 09:35:13 - [MESSAGE][PASSED] - Call Test Case 'Test Cases/Filtreler/TexboxaYaz' successfully

2021-11-11 09:35:13 - [MESSAGE][INFO] - Checking called Test Case

2021-11-11 09:35:13 - [MESSAGE][INFO] - Starting to call Test Case 'Test Cases/Filtreler/ButonaTikla'

2021-11-11 09:35:13 - [TEST_CASE][PASSED] - Test Cases/Filtreler/ButonaTikla: Test Cases/Filtreler/ButonaTikla

2021-11-11 09:35:13 - [TEST_STEP][PASSED] - Method.TextDegerineEsitElementeTikla(findTestObject("Filtreler/Butonlar"), Filtre_Buton): Method.TextDegerineEsitElementeTikla is PASSED

2021-11-11 09:35:13 - [MESSAGE][INFO] - Finding Test Object 'Object Repository/Filtreler/Butonlar'

2021-11-11 09:35:13 - [MESSAGE][INFO] - Checking timeout

2021-11-11 09:35:13 - [MESSAGE][INFO] - Finding web element with id: 'Object Repository/Filtreler/Butonlar' located by 'By.cssSelector: .dxb>span' in '10' second(s)

2021-11-11 09:35:13 - [MESSAGE][INFO] - Smart Wait Function is triggered

2021-11-11 09:35:13 - [MESSAGE][INFO] - Found 3 web elements with id: 'Object Repository/Filtreler/Butonlar' located by 'By.cssSelector: .dxb>span' in '10' second(s)

2021-11-11 09:35:13 - [MESSAGE][PASSED] - Method.TextDegerineEsitElementeTikla is PASSED

2021-11-11 09:35:13 - [MESSAGE][PASSED] - Call Test Case 'Test Cases/Filtreler/ButonaTikla' successfully

2021-11-11 09:35:13 - [MESSAGE][INFO] - Checking called Test Case

2021-11-11 09:35:13 - [MESSAGE][INFO] - Starting to call Test Case 'Test Cases/Tablo/TablodaVeriVarMi'

2021-11-11 09:35:13 - [TEST_CASE][PASSED] - Test Cases/Tablo/TablodaVeriVarMi: Test Cases/Tablo/TablodaVeriVarMi

2021-11-11 09:35:13 - [TEST_STEP][PASSED] - verifyTextNotPresent("Görüntülenecek veri yok", true): Text 'Görüntülenecek veri yok' is not present on page using regular expression

2021-11-11 09:35:13 - [MESSAGE][INFO] - Checking text present  using regular expression

2021-11-11 09:35:13 - [MESSAGE][INFO] - Smart Wait Function is triggered

2021-11-11 09:35:14 - [MESSAGE][INFO] - Finding text 'Görüntülenecek veri yok' on page  using regular expression

2021-11-11 09:35:14 - [MESSAGE][PASSED] - Text 'Görüntülenecek veri yok' is not present on page using regular expression

2021-11-11 09:35:14 - [MESSAGE][PASSED] - Call Test Case 'Test Cases/Tablo/TablodaVeriVarMi' successfully

2021-11-11 09:35:14 - [MESSAGE][INFO] - Checking called Test Case

2021-11-11 09:35:14 - [MESSAGE][INFO] - Starting to call Test Case 'Test Cases/Tablo/TablodanVeriSec'

2021-11-11 09:35:14 - [TEST_CASE][PASSED] - Test Cases/Tablo/TablodanVeriSec: Test Cases/Tablo/TablodanVeriSec

2021-11-11 09:35:14 - [TEST_STEP][PASSED] - Method.TextDegerineEsitElementinAltindakineTikla(findTestObject("Tablo/Veriler"), findTestObject("Tablo/VerininCheckBoxi"), Veri_Adi): Method.TextDegerineEsitElementinAltindakineTikla is PASSED

2021-11-11 09:35:14 - [MESSAGE][INFO] - Finding Test Object 'Object Repository/Tablo/Veriler'

2021-11-11 09:35:15 - [MESSAGE][INFO] - Finding Test Object 'Object Repository/Tablo/VerininCheckBoxi'

2021-11-11 09:35:15 - [MESSAGE][INFO] - Checking timeout

2021-11-11 09:35:15 - [MESSAGE][INFO] - Finding web element with id: 'Object Repository/Tablo/Veriler' located by 'By.cssSelector: td.dxgv b ,td.dxgv' in '10' second(s)

2021-11-11 09:35:15 - [MESSAGE][INFO] - Smart Wait Function is triggered

2021-11-11 09:35:15 - [MESSAGE][INFO] - Found 220 web elements with id: 'Object Repository/Tablo/Veriler' located by 'By.cssSelector: td.dxgv b ,td.dxgv' in '10' second(s)

2021-11-11 09:35:15 - [MESSAGE][INFO] - Smart Wait Function is triggered

2021-11-11 09:35:15 - [MESSAGE][PASSED] - Method.TextDegerineEsitElementinAltindakineTikla is PASSED

2021-11-11 09:35:15 - [MESSAGE][PASSED] - Call Test Case 'Test Cases/Tablo/TablodanVeriSec' successfully

2021-11-11 09:35:15 - [MESSAGE][INFO] - Checking called Test Case

2021-11-11 09:35:15 - [MESSAGE][INFO] - Starting to call Test Case 'Test Cases/Butonlar/ButonaTikla'

2021-11-11 09:35:16 - [TEST_CASE][PASSED] - Test Cases/Butonlar/ButonaTikla: Test Cases/Butonlar/ButonaTikla

2021-11-11 09:35:16 - [TEST_STEP][PASSED] - Method.TextDegerineEsitElementeTiklaEquals(findTestObject("Butonlar/Butonlar"), Buton_Adi): Method.TextDegerineEsitElementeTiklaEquals is PASSED

2021-11-11 09:35:16 - [MESSAGE][INFO] - Finding Test Object 'Object Repository/Butonlar/Butonlar'

2021-11-11 09:35:16 - [MESSAGE][INFO] - Checking timeout

2021-11-11 09:35:16 - [MESSAGE][INFO] - Finding web element with id: 'Object Repository/Butonlar/Butonlar' located by 'By.cssSelector: .panel.panel-default.text-center.footerPanel .btn,.btn.btn-primary.btnControls' in '10' second(s)

2021-11-11 09:35:16 - [MESSAGE][INFO] - Smart Wait Function is triggered

2021-11-11 09:35:16 - [MESSAGE][INFO] - Found 12 web elements with id: 'Object Repository/Butonlar/Butonlar' located by 'By.cssSelector: .panel.panel-default.text-center.footerPanel .btn,.btn.btn-primary.btnControls' in '10' second(s)

2021-11-11 09:35:16 - [MESSAGE][PASSED] - Method.TextDegerineEsitElementeTiklaEquals is PASSED

2021-11-11 09:35:16 - [MESSAGE][PASSED] - Call Test Case 'Test Cases/Butonlar/ButonaTikla' successfully

2021-11-11 09:35:16 - [MESSAGE][INFO] - Checking called Test Case

2021-11-11 09:35:16 - [MESSAGE][INFO] - Starting to call Test Case 'Test Cases/Butonlar/AltButonaTikla'

2021-11-11 09:35:16 - [TEST_CASE][PASSED] - Test Cases/Butonlar/AltButonaTikla: Test Cases/Butonlar/AltButonaTikla

2021-11-11 09:35:16 - [TEST_STEP][PASSED] - Method.TextDegerineEsitElementeTikla(findTestObject("Butonlar/AltButonlar"), Alt_Buton): Method.TextDegerineEsitElementeTikla is PASSED

2021-11-11 09:35:16 - [MESSAGE][INFO] - Finding Test Object 'Object Repository/Butonlar/AltButonlar'

2021-11-11 09:35:16 - [MESSAGE][INFO] - Checking timeout

2021-11-11 09:35:16 - [MESSAGE][INFO] - Finding web element with id: 'Object Repository/Butonlar/AltButonlar' located by 'By.cssSelector: .btn-group.open li>a' in '10' second(s)

2021-11-11 09:35:16 - [MESSAGE][INFO] - Smart Wait Function is triggered

2021-11-11 09:35:17 - [MESSAGE][INFO] - Found 2 web elements with id: 'Object Repository/Butonlar/AltButonlar' located by 'By.cssSelector: .btn-group.open li>a' in '10' second(s)

2021-11-11 09:35:17 - [MESSAGE][PASSED] - Method.TextDegerineEsitElementeTikla is PASSED

2021-11-11 09:35:17 - [MESSAGE][PASSED] - Call Test Case 'Test Cases/Butonlar/AltButonaTikla' successfully

2021-11-11 09:35:17 - [MESSAGE][INFO] - Checking called Test Case

2021-11-11 09:35:17 - [MESSAGE][INFO] - Starting to call Test Case 'Test Cases/Popup/PopupMesajiIceriyorMu'

2021-11-11 09:35:17 - [TEST_CASE][PASSED] - Test Cases/Popup/PopupMesajiIceriyorMu: Test Cases/Popup/PopupMesajiIceriyorMu

2021-11-11 09:35:17 - [TEST_STEP][PASSED] - waitForElementVisible(findTestObject("Popup/Popup"), 10): Object 'Object Repository/Popup/Popup' is visible

2021-11-11 09:35:17 - [MESSAGE][INFO] - Finding Test Object 'Object Repository/Popup/Popup'

2021-11-11 09:35:17 - [MESSAGE][INFO] - Checking object

2021-11-11 09:35:17 - [MESSAGE][INFO] - Checking timeout

2021-11-11 09:35:17 - [MESSAGE][INFO] - Finding web element from Test Object's properties

2021-11-11 09:35:17 - [MESSAGE][INFO] - Checking timeout

2021-11-11 09:35:17 - [MESSAGE][INFO] - Finding web element with id: 'Object Repository/Popup/Popup' located by 'By.cssSelector: .bootbox-body' in '10' second(s)

2021-11-11 09:35:17 - [MESSAGE][INFO] - Smart Wait Function is triggered

2021-11-11 09:35:18 - [MESSAGE][INFO] - Found 1 web elements with id: 'Object Repository/Popup/Popup' located by 'By.cssSelector: .bootbox-body' in '10' second(s)

2021-11-11 09:35:18 - [MESSAGE][PASSED] - Object 'Object Repository/Popup/Popup' is visible

2021-11-11 09:35:18 - [TEST_STEP][PASSED] - if (!(getText(findTestObject("Popup/Popup")).contains(Mesaj))): Text of object 'Object Repository/Popup/Popup' is: 'Lütfen rapor bildiriminin gönderileceği e-posta adresini belirtiniz.
e-Posta Adresi'

2021-11-11 09:35:18 - [MESSAGE][INFO] - Finding Test Object 'Object Repository/Popup/Popup'

2021-11-11 09:35:18 - [MESSAGE][INFO] - Checking object

2021-11-11 09:35:18 - [MESSAGE][INFO] - Finding web element from Test Object's properties

2021-11-11 09:35:18 - [MESSAGE][INFO] - Checking timeout

2021-11-11 09:35:18 - [MESSAGE][INFO] - Finding web element with id: 'Object Repository/Popup/Popup' located by 'By.cssSelector: .bootbox-body' in '30' second(s)

2021-11-11 09:35:18 - [MESSAGE][INFO] - Smart Wait Function is triggered

2021-11-11 09:35:18 - [MESSAGE][INFO] - Found 1 web elements with id: 'Object Repository/Popup/Popup' located by 'By.cssSelector: .bootbox-body' in '30' second(s)

2021-11-11 09:35:18 - [MESSAGE][INFO] - Getting text of object 'Object Repository/Popup/Popup'

2021-11-11 09:35:18 - [MESSAGE][PASSED] - Text of object 'Object Repository/Popup/Popup' is: 'Lütfen rapor bildiriminin gönderileceği e-posta adresini belirtiniz.
e-Posta Adresi'

2021-11-11 09:35:18 - [TEST_STEP][PASSED] - RaporNo = getText(findTestObject("Popup/Popup")).substring(0, 6): Text of object 'Object Repository/Popup/Popup' is: 'Lütfen rapor bildiriminin gönderileceği e-posta adresini belirtiniz.
e-Posta Adresi'

2021-11-11 09:35:18 - [MESSAGE][INFO] - Finding Test Object 'Object Repository/Popup/Popup'

2021-11-11 09:35:18 - [MESSAGE][INFO] - Checking object

2021-11-11 09:35:18 - [MESSAGE][INFO] - Finding web element from Test Object's properties

2021-11-11 09:35:18 - [MESSAGE][INFO] - Checking timeout

2021-11-11 09:35:18 - [MESSAGE][INFO] - Finding web element with id: 'Object Repository/Popup/Popup' located by 'By.cssSelector: .bootbox-body' in '30' second(s)

2021-11-11 09:35:18 - [MESSAGE][INFO] - Smart Wait Function is triggered

2021-11-11 09:35:19 - [MESSAGE][INFO] - Found 1 web elements with id: 'Object Repository/Popup/Popup' located by 'By.cssSelector: .bootbox-body' in '30' second(s)

2021-11-11 09:35:19 - [MESSAGE][INFO] - Getting text of object 'Object Repository/Popup/Popup'

2021-11-11 09:35:19 - [MESSAGE][PASSED] - Text of object 'Object Repository/Popup/Popup' is: 'Lütfen rapor bildiriminin gönderileceği e-posta adresini belirtiniz.
e-Posta Adresi'

2021-11-11 09:35:19 - [TEST_STEP][PASSED] - Console.println(RaporNo): null

2021-11-11 09:35:19 - [MESSAGE][PASSED] - Call Test Case 'Test Cases/Popup/PopupMesajiIceriyorMu' successfully

2021-11-11 09:35:19 - [MESSAGE][INFO] - Checking called Test Case

2021-11-11 09:35:19 - [MESSAGE][INFO] - Starting to call Test Case 'Test Cases/Popup/PopupaEmailEklenir'

2021-11-11 09:35:19 - [TEST_CASE][PASSED] - Test Cases/Popup/PopupaEmailEklenir: Test Cases/Popup/PopupaEmailEklenir

2021-11-11 09:35:19 - [TEST_STEP][PASSED] - clearText(findTestObject("Popup/EmailText")): Text of object 'Object Repository/Popup/EmailText' is cleared

2021-11-11 09:35:19 - [MESSAGE][INFO] - Finding Test Object 'Object Repository/Popup/EmailText'

2021-11-11 09:35:19 - [MESSAGE][INFO] - Checking object

2021-11-11 09:35:19 - [MESSAGE][INFO] - Finding web element from Test Object's properties

2021-11-11 09:35:19 - [MESSAGE][INFO] - Checking timeout

2021-11-11 09:35:19 - [MESSAGE][INFO] - Finding web element with id: 'Object Repository/Popup/EmailText' located by 'By.xpath: //*[@id="eMails"]' in '30' second(s)

2021-11-11 09:35:19 - [MESSAGE][INFO] - Smart Wait Function is triggered

2021-11-11 09:35:19 - [MESSAGE][INFO] - Found 1 web elements with id: 'Object Repository/Popup/EmailText' located by 'By.xpath: //*[@id="eMails"]' in '30' second(s)

2021-11-11 09:35:19 - [MESSAGE][INFO] - Clearing text of object 'Object Repository/Popup/EmailText'

2021-11-11 09:35:19 - [MESSAGE][PASSED] - Text of object 'Object Repository/Popup/EmailText' is cleared

2021-11-11 09:35:19 - [TEST_STEP][PASSED] - sendKeys(findTestObject("Popup/EmailText"), Email): Keys 'elogotest@gmail.com;ali.kara@logo.com.tr' sent to object: 'Object Repository/Popup/EmailText'

2021-11-11 09:35:19 - [MESSAGE][INFO] - Finding Test Object 'Object Repository/Popup/EmailText'

2021-11-11 09:35:19 - [MESSAGE][INFO] - Sending keys 'elogotest@gmail.com;ali.kara@logo.com.tr' to object: 'Object Repository/Popup/EmailText'

2021-11-11 09:35:19 - [MESSAGE][INFO] - Finding web element from Test Object's properties

2021-11-11 09:35:19 - [MESSAGE][INFO] - Checking timeout

2021-11-11 09:35:19 - [MESSAGE][INFO] - Finding web element with id: 'Object Repository/Popup/EmailText' located by 'By.xpath: //*[@id="eMails"]' in '30' second(s)

2021-11-11 09:35:19 - [MESSAGE][INFO] - Smart Wait Function is triggered

2021-11-11 09:35:20 - [MESSAGE][INFO] - Found 1 web elements with id: 'Object Repository/Popup/EmailText' located by 'By.xpath: //*[@id="eMails"]' in '30' second(s)

2021-11-11 09:35:20 - [MESSAGE][PASSED] - Keys 'elogotest@gmail.com;ali.kara@logo.com.tr' sent to object: 'Object Repository/Popup/EmailText'

2021-11-11 09:35:20 - [MESSAGE][PASSED] - Call Test Case 'Test Cases/Popup/PopupaEmailEklenir' successfully

2021-11-11 09:35:20 - [MESSAGE][INFO] - Checking called Test Case

2021-11-11 09:35:20 - [MESSAGE][INFO] - Starting to call Test Case 'Test Cases/Popup/PopupButonSecilir'

2021-11-11 09:35:20 - [TEST_CASE][PASSED] - Test Cases/Popup/PopupButonSecilir: Test Cases/Popup/PopupButonSecilir

2021-11-11 09:35:20 - [TEST_STEP][PASSED] - Method.TextDegerineEsitElementeTikla(findTestObject("Popup/Popup_Butons"), Buton): Method.TextDegerineEsitElementeTikla is PASSED

2021-11-11 09:35:20 - [MESSAGE][INFO] - Finding Test Object 'Object Repository/Popup/Popup_Butons'

2021-11-11 09:35:20 - [MESSAGE][INFO] - Checking timeout

2021-11-11 09:35:20 - [MESSAGE][INFO] - Finding web element with id: 'Object Repository/Popup/Popup_Butons' located by 'By.cssSelector: .modal-footer>button' in '10' second(s)

2021-11-11 09:35:20 - [MESSAGE][INFO] - Smart Wait Function is triggered

2021-11-11 09:35:20 - [MESSAGE][INFO] - Found 2 web elements with id: 'Object Repository/Popup/Popup_Butons' located by 'By.cssSelector: .modal-footer>button' in '10' second(s)

2021-11-11 09:35:20 - [MESSAGE][PASSED] - Method.TextDegerineEsitElementeTikla is PASSED

2021-11-11 09:35:20 - [MESSAGE][PASSED] - Call Test Case 'Test Cases/Popup/PopupButonSecilir' successfully

2021-11-11 09:35:20 - [MESSAGE][INFO] - Checking called Test Case

2021-11-11 09:35:20 - [MESSAGE][INFO] - Starting to call Test Case 'Test Cases/Popup/PopupMesajiIceriyorMu'

2021-11-11 09:35:20 - [TEST_CASE][PASSED] - Test Cases/Popup/PopupMesajiIceriyorMu: Test Cases/Popup/PopupMesajiIceriyorMu

2021-11-11 09:35:20 - [TEST_STEP][PASSED] - waitForElementVisible(findTestObject("Popup/Popup"), 10): Object 'Object Repository/Popup/Popup' is visible

2021-11-11 09:35:20 - [MESSAGE][INFO] - Finding Test Object 'Object Repository/Popup/Popup'

2021-11-11 09:35:21 - [MESSAGE][INFO] - Checking object

2021-11-11 09:35:21 - [MESSAGE][INFO] - Checking timeout

2021-11-11 09:35:21 - [MESSAGE][INFO] - Finding web element from Test Object's properties

2021-11-11 09:35:21 - [MESSAGE][INFO] - Checking timeout

2021-11-11 09:35:21 - [MESSAGE][INFO] - Finding web element with id: 'Object Repository/Popup/Popup' located by 'By.cssSelector: .bootbox-body' in '10' second(s)

2021-11-11 09:35:21 - [MESSAGE][INFO] - Smart Wait Function is triggered

2021-11-11 09:35:23 - [MESSAGE][INFO] - Found 1 web elements with id: 'Object Repository/Popup/Popup' located by 'By.cssSelector: .bootbox-body' in '10' second(s)

2021-11-11 09:35:23 - [MESSAGE][PASSED] - Object 'Object Repository/Popup/Popup' is visible

2021-11-11 09:35:23 - [TEST_STEP][PASSED] - if (!(getText(findTestObject("Popup/Popup")).contains(Mesaj))): Text of object 'Object Repository/Popup/Popup' is: '16249 no’lu talebiniz işleme alınmıştır. Raporunuz hazırlandığında (elogotest@gmail.com;ali.kara@logo.com.tr) adresinize mail gönderilecektir.
Rapor durumunuzu Raporlar > Toplu Veri İndirme ekranından takip edebilir, hazırlandı durumundaki raporlarınızı ilgili menüden indirebilirsiniz.'

2021-11-11 09:35:23 - [MESSAGE][INFO] - Finding Test Object 'Object Repository/Popup/Popup'

2021-11-11 09:35:23 - [MESSAGE][INFO] - Checking object

2021-11-11 09:35:23 - [MESSAGE][INFO] - Finding web element from Test Object's properties

2021-11-11 09:35:23 - [MESSAGE][INFO] - Checking timeout

2021-11-11 09:35:23 - [MESSAGE][INFO] - Finding web element with id: 'Object Repository/Popup/Popup' located by 'By.cssSelector: .bootbox-body' in '30' second(s)

2021-11-11 09:35:23 - [MESSAGE][INFO] - Smart Wait Function is triggered

2021-11-11 09:35:23 - [MESSAGE][INFO] - Found 1 web elements with id: 'Object Repository/Popup/Popup' located by 'By.cssSelector: .bootbox-body' in '30' second(s)

2021-11-11 09:35:23 - [MESSAGE][INFO] - Getting text of object 'Object Repository/Popup/Popup'

2021-11-11 09:35:23 - [MESSAGE][PASSED] - Text of object 'Object Repository/Popup/Popup' is: '16249 no’lu talebiniz işleme alınmıştır. Raporunuz hazırlandığında (elogotest@gmail.com;ali.kara@logo.com.tr) adresinize mail gönderilecektir.
Rapor durumunuzu Raporlar > Toplu Veri İndirme ekranından takip edebilir, hazırlandı durumundaki raporlarınızı ilgili menüden indirebilirsiniz.'

2021-11-11 09:35:23 - [TEST_STEP][PASSED] - RaporNo = getText(findTestObject("Popup/Popup")).substring(0, 6): Text of object 'Object Repository/Popup/Popup' is: '16249 no’lu talebiniz işleme alınmıştır. Raporunuz hazırlandığında (elogotest@gmail.com;ali.kara@logo.com.tr) adresinize mail gönderilecektir.
Rapor durumunuzu Raporlar > Toplu Veri İndirme ekranından takip edebilir, hazırlandı durumundaki raporlarınızı ilgili menüden indirebilirsiniz.'

2021-11-11 09:35:23 - [MESSAGE][INFO] - Finding Test Object 'Object Repository/Popup/Popup'

2021-11-11 09:35:23 - [MESSAGE][INFO] - Checking object

2021-11-11 09:35:23 - [MESSAGE][INFO] - Finding web element from Test Object's properties

2021-11-11 09:35:23 - [MESSAGE][INFO] - Checking timeout

2021-11-11 09:35:23 - [MESSAGE][INFO] - Finding web element with id: 'Object Repository/Popup/Popup' located by 'By.cssSelector: .bootbox-body' in '30' second(s)

2021-11-11 09:35:23 - [MESSAGE][INFO] - Smart Wait Function is triggered

2021-11-11 09:35:23 - [MESSAGE][INFO] - Found 1 web elements with id: 'Object Repository/Popup/Popup' located by 'By.cssSelector: .bootbox-body' in '30' second(s)

2021-11-11 09:35:23 - [MESSAGE][INFO] - Getting text of object 'Object Repository/Popup/Popup'

2021-11-11 09:35:23 - [MESSAGE][PASSED] - Text of object 'Object Repository/Popup/Popup' is: '16249 no’lu talebiniz işleme alınmıştır. Raporunuz hazırlandığında (elogotest@gmail.com;ali.kara@logo.com.tr) adresinize mail gönderilecektir.
Rapor durumunuzu Raporlar > Toplu Veri İndirme ekranından takip edebilir, hazırlandı durumundaki raporlarınızı ilgili menüden indirebilirsiniz.'

2021-11-11 09:35:23 - [TEST_STEP][PASSED] - Console.println(RaporNo): null

2021-11-11 09:35:23 - [MESSAGE][PASSED] - Call Test Case 'Test Cases/Popup/PopupMesajiIceriyorMu' successfully

2021-11-11 09:35:23 - [MESSAGE][INFO] - Checking called Test Case

2021-11-11 09:35:23 - [MESSAGE][INFO] - Starting to call Test Case 'Test Cases/Popup/PopupButonSecilir'

2021-11-11 09:35:23 - [TEST_CASE][PASSED] - Test Cases/Popup/PopupButonSecilir: Test Cases/Popup/PopupButonSecilir

2021-11-11 09:35:23 - [TEST_STEP][PASSED] - Method.TextDegerineEsitElementeTikla(findTestObject("Popup/Popup_Butons"), Buton): Method.TextDegerineEsitElementeTikla is PASSED

2021-11-11 09:35:23 - [MESSAGE][INFO] - Finding Test Object 'Object Repository/Popup/Popup_Butons'

2021-11-11 09:35:24 - [MESSAGE][INFO] - Checking timeout

2021-11-11 09:35:24 - [MESSAGE][INFO] - Finding web element with id: 'Object Repository/Popup/Popup_Butons' located by 'By.cssSelector: .modal-footer>button' in '10' second(s)

2021-11-11 09:35:24 - [MESSAGE][INFO] - Smart Wait Function is triggered

2021-11-11 09:35:24 - [MESSAGE][INFO] - Found 1 web elements with id: 'Object Repository/Popup/Popup_Butons' located by 'By.cssSelector: .modal-footer>button' in '10' second(s)

2021-11-11 09:35:24 - [MESSAGE][PASSED] - Method.TextDegerineEsitElementeTikla is PASSED

2021-11-11 09:35:24 - [MESSAGE][PASSED] - Call Test Case 'Test Cases/Popup/PopupButonSecilir' successfully

2021-11-11 09:35:24 - [MESSAGE][INFO] - Checking called Test Case

2021-11-11 09:35:24 - [MESSAGE][INFO] - Starting to call Test Case 'Test Cases/Butonlar/ButonaTikla'

2021-11-11 09:35:24 - [TEST_CASE][PASSED] - Test Cases/Butonlar/ButonaTikla: Test Cases/Butonlar/ButonaTikla

2021-11-11 09:35:24 - [TEST_STEP][PASSED] - Method.TextDegerineEsitElementeTiklaEquals(findTestObject("Butonlar/Butonlar"), Buton_Adi): Method.TextDegerineEsitElementeTiklaEquals is PASSED

2021-11-11 09:35:24 - [MESSAGE][INFO] - Finding Test Object 'Object Repository/Butonlar/Butonlar'

2021-11-11 09:35:24 - [MESSAGE][INFO] - Checking timeout

2021-11-11 09:35:24 - [MESSAGE][INFO] - Finding web element with id: 'Object Repository/Butonlar/Butonlar' located by 'By.cssSelector: .panel.panel-default.text-center.footerPanel .btn,.btn.btn-primary.btnControls' in '10' second(s)

2021-11-11 09:35:24 - [MESSAGE][INFO] - Smart Wait Function is triggered

2021-11-11 09:35:25 - [MESSAGE][INFO] - Found 12 web elements with id: 'Object Repository/Butonlar/Butonlar' located by 'By.cssSelector: .panel.panel-default.text-center.footerPanel .btn,.btn.btn-primary.btnControls' in '10' second(s)

2021-11-11 09:35:25 - [MESSAGE][PASSED] - Method.TextDegerineEsitElementeTiklaEquals is PASSED

2021-11-11 09:35:25 - [MESSAGE][PASSED] - Call Test Case 'Test Cases/Butonlar/ButonaTikla' successfully

2021-11-11 09:35:25 - [MESSAGE][INFO] - Checking called Test Case

2021-11-11 09:35:25 - [MESSAGE][INFO] - Starting to call Test Case 'Test Cases/Butonlar/AltButonaTikla'

2021-11-11 09:35:25 - [TEST_CASE][PASSED] - Test Cases/Butonlar/AltButonaTikla: Test Cases/Butonlar/AltButonaTikla

2021-11-11 09:35:25 - [TEST_STEP][PASSED] - Method.TextDegerineEsitElementeTikla(findTestObject("Butonlar/AltButonlar"), Alt_Buton): Method.TextDegerineEsitElementeTikla is PASSED

2021-11-11 09:35:25 - [MESSAGE][INFO] - Finding Test Object 'Object Repository/Butonlar/AltButonlar'

2021-11-11 09:35:25 - [MESSAGE][INFO] - Checking timeout

2021-11-11 09:35:25 - [MESSAGE][INFO] - Finding web element with id: 'Object Repository/Butonlar/AltButonlar' located by 'By.cssSelector: .btn-group.open li>a' in '10' second(s)

2021-11-11 09:35:25 - [MESSAGE][INFO] - Smart Wait Function is triggered

2021-11-11 09:35:25 - [MESSAGE][INFO] - Found 2 web elements with id: 'Object Repository/Butonlar/AltButonlar' located by 'By.cssSelector: .btn-group.open li>a' in '10' second(s)

2021-11-11 09:35:25 - [MESSAGE][PASSED] - Method.TextDegerineEsitElementeTikla is PASSED

2021-11-11 09:35:25 - [MESSAGE][PASSED] - Call Test Case 'Test Cases/Butonlar/AltButonaTikla' successfully

2021-11-11 09:35:25 - [MESSAGE][INFO] - Checking called Test Case

2021-11-11 09:35:25 - [MESSAGE][INFO] - Starting to call Test Case 'Test Cases/Popup/PopupMesajiIceriyorMu'

2021-11-11 09:35:26 - [TEST_CASE][PASSED] - Test Cases/Popup/PopupMesajiIceriyorMu: Test Cases/Popup/PopupMesajiIceriyorMu

2021-11-11 09:35:26 - [TEST_STEP][PASSED] - waitForElementVisible(findTestObject("Popup/Popup"), 10): Object 'Object Repository/Popup/Popup' is visible

2021-11-11 09:35:26 - [MESSAGE][INFO] - Finding Test Object 'Object Repository/Popup/Popup'

2021-11-11 09:35:26 - [MESSAGE][INFO] - Checking object

2021-11-11 09:35:26 - [MESSAGE][INFO] - Checking timeout

2021-11-11 09:35:26 - [MESSAGE][INFO] - Finding web element from Test Object's properties

2021-11-11 09:35:26 - [MESSAGE][INFO] - Checking timeout

2021-11-11 09:35:26 - [MESSAGE][INFO] - Finding web element with id: 'Object Repository/Popup/Popup' located by 'By.cssSelector: .bootbox-body' in '10' second(s)

2021-11-11 09:35:26 - [MESSAGE][INFO] - Smart Wait Function is triggered

2021-11-11 09:35:26 - [MESSAGE][INFO] - Found 1 web elements with id: 'Object Repository/Popup/Popup' located by 'By.cssSelector: .bootbox-body' in '10' second(s)

2021-11-11 09:35:26 - [MESSAGE][PASSED] - Object 'Object Repository/Popup/Popup' is visible

2021-11-11 09:35:26 - [TEST_STEP][PASSED] - if (!(getText(findTestObject("Popup/Popup")).contains(Mesaj))): Text of object 'Object Repository/Popup/Popup' is: 'Lütfen rapor bildiriminin gönderileceği e-posta adresini belirtiniz.
e-Posta Adresi'

2021-11-11 09:35:26 - [MESSAGE][INFO] - Finding Test Object 'Object Repository/Popup/Popup'

2021-11-11 09:35:26 - [MESSAGE][INFO] - Checking object

2021-11-11 09:35:26 - [MESSAGE][INFO] - Finding web element from Test Object's properties

2021-11-11 09:35:26 - [MESSAGE][INFO] - Checking timeout

2021-11-11 09:35:26 - [MESSAGE][INFO] - Finding web element with id: 'Object Repository/Popup/Popup' located by 'By.cssSelector: .bootbox-body' in '30' second(s)

2021-11-11 09:35:26 - [MESSAGE][INFO] - Smart Wait Function is triggered

2021-11-11 09:35:26 - [MESSAGE][INFO] - Found 1 web elements with id: 'Object Repository/Popup/Popup' located by 'By.cssSelector: .bootbox-body' in '30' second(s)

2021-11-11 09:35:26 - [MESSAGE][INFO] - Getting text of object 'Object Repository/Popup/Popup'

2021-11-11 09:35:26 - [MESSAGE][PASSED] - Text of object 'Object Repository/Popup/Popup' is: 'Lütfen rapor bildiriminin gönderileceği e-posta adresini belirtiniz.
e-Posta Adresi'

2021-11-11 09:35:26 - [TEST_STEP][PASSED] - RaporNo = getText(findTestObject("Popup/Popup")).substring(0, 6): Text of object 'Object Repository/Popup/Popup' is: 'Lütfen rapor bildiriminin gönderileceği e-posta adresini belirtiniz.
e-Posta Adresi'

2021-11-11 09:35:26 - [MESSAGE][INFO] - Finding Test Object 'Object Repository/Popup/Popup'

2021-11-11 09:35:27 - [MESSAGE][INFO] - Checking object

2021-11-11 09:35:27 - [MESSAGE][INFO] - Finding web element from Test Object's properties

2021-11-11 09:35:27 - [MESSAGE][INFO] - Checking timeout

2021-11-11 09:35:27 - [MESSAGE][INFO] - Finding web element with id: 'Object Repository/Popup/Popup' located by 'By.cssSelector: .bootbox-body' in '30' second(s)

2021-11-11 09:35:27 - [MESSAGE][INFO] - Smart Wait Function is triggered

2021-11-11 09:35:27 - [MESSAGE][INFO] - Found 1 web elements with id: 'Object Repository/Popup/Popup' located by 'By.cssSelector: .bootbox-body' in '30' second(s)

2021-11-11 09:35:27 - [MESSAGE][INFO] - Getting text of object 'Object Repository/Popup/Popup'

2021-11-11 09:35:27 - [MESSAGE][PASSED] - Text of object 'Object Repository/Popup/Popup' is: 'Lütfen rapor bildiriminin gönderileceği e-posta adresini belirtiniz.
e-Posta Adresi'

2021-11-11 09:35:27 - [TEST_STEP][PASSED] - Console.println(RaporNo): null

2021-11-11 09:35:27 - [MESSAGE][PASSED] - Call Test Case 'Test Cases/Popup/PopupMesajiIceriyorMu' successfully

2021-11-11 09:35:27 - [MESSAGE][INFO] - Checking called Test Case

2021-11-11 09:35:27 - [MESSAGE][INFO] - Starting to call Test Case 'Test Cases/Popup/PopupaEmailEklenir'

2021-11-11 09:35:27 - [TEST_CASE][PASSED] - Test Cases/Popup/PopupaEmailEklenir: Test Cases/Popup/PopupaEmailEklenir

2021-11-11 09:35:27 - [TEST_STEP][PASSED] - clearText(findTestObject("Popup/EmailText")): Text of object 'Object Repository/Popup/EmailText' is cleared

2021-11-11 09:35:27 - [MESSAGE][INFO] - Finding Test Object 'Object Repository/Popup/EmailText'

2021-11-11 09:35:27 - [MESSAGE][INFO] - Checking object

2021-11-11 09:35:27 - [MESSAGE][INFO] - Finding web element from Test Object's properties

2021-11-11 09:35:27 - [MESSAGE][INFO] - Checking timeout

2021-11-11 09:35:27 - [MESSAGE][INFO] - Finding web element with id: 'Object Repository/Popup/EmailText' located by 'By.xpath: //*[@id="eMails"]' in '30' second(s)

2021-11-11 09:35:27 - [MESSAGE][INFO] - Smart Wait Function is triggered

2021-11-11 09:35:27 - [MESSAGE][INFO] - Found 1 web elements with id: 'Object Repository/Popup/EmailText' located by 'By.xpath: //*[@id="eMails"]' in '30' second(s)

2021-11-11 09:35:27 - [MESSAGE][INFO] - Clearing text of object 'Object Repository/Popup/EmailText'

2021-11-11 09:35:27 - [MESSAGE][PASSED] - Text of object 'Object Repository/Popup/EmailText' is cleared

2021-11-11 09:35:27 - [TEST_STEP][PASSED] - sendKeys(findTestObject("Popup/EmailText"), Email): Keys 'elogotest@gmail.com;ali.kara@logo.com.tr' sent to object: 'Object Repository/Popup/EmailText'

2021-11-11 09:35:27 - [MESSAGE][INFO] - Finding Test Object 'Object Repository/Popup/EmailText'

2021-11-11 09:35:27 - [MESSAGE][INFO] - Sending keys 'elogotest@gmail.com;ali.kara@logo.com.tr' to object: 'Object Repository/Popup/EmailText'

2021-11-11 09:35:27 - [MESSAGE][INFO] - Finding web element from Test Object's properties

2021-11-11 09:35:27 - [MESSAGE][INFO] - Checking timeout

2021-11-11 09:35:27 - [MESSAGE][INFO] - Finding web element with id: 'Object Repository/Popup/EmailText' located by 'By.xpath: //*[@id="eMails"]' in '30' second(s)

2021-11-11 09:35:27 - [MESSAGE][INFO] - Smart Wait Function is triggered

2021-11-11 09:35:28 - [MESSAGE][INFO] - Found 1 web elements with id: 'Object Repository/Popup/EmailText' located by 'By.xpath: //*[@id="eMails"]' in '30' second(s)

2021-11-11 09:35:28 - [MESSAGE][PASSED] - Keys 'elogotest@gmail.com;ali.kara@logo.com.tr' sent to object: 'Object Repository/Popup/EmailText'

2021-11-11 09:35:28 - [MESSAGE][PASSED] - Call Test Case 'Test Cases/Popup/PopupaEmailEklenir' successfully

2021-11-11 09:35:28 - [MESSAGE][INFO] - Checking called Test Case

2021-11-11 09:35:28 - [MESSAGE][INFO] - Starting to call Test Case 'Test Cases/Popup/PopupButonSecilir'

2021-11-11 09:35:28 - [TEST_CASE][PASSED] - Test Cases/Popup/PopupButonSecilir: Test Cases/Popup/PopupButonSecilir

2021-11-11 09:35:28 - [TEST_STEP][PASSED] - Method.TextDegerineEsitElementeTikla(findTestObject("Popup/Popup_Butons"), Buton): Method.TextDegerineEsitElementeTikla is PASSED

2021-11-11 09:35:28 - [MESSAGE][INFO] - Finding Test Object 'Object Repository/Popup/Popup_Butons'

2021-11-11 09:35:28 - [MESSAGE][INFO] - Checking timeout

2021-11-11 09:35:28 - [MESSAGE][INFO] - Finding web element with id: 'Object Repository/Popup/Popup_Butons' located by 'By.cssSelector: .modal-footer>button' in '10' second(s)

2021-11-11 09:35:28 - [MESSAGE][INFO] - Smart Wait Function is triggered

2021-11-11 09:35:28 - [MESSAGE][INFO] - Found 2 web elements with id: 'Object Repository/Popup/Popup_Butons' located by 'By.cssSelector: .modal-footer>button' in '10' second(s)

2021-11-11 09:35:28 - [MESSAGE][PASSED] - Method.TextDegerineEsitElementeTikla is PASSED

2021-11-11 09:35:28 - [MESSAGE][PASSED] - Call Test Case 'Test Cases/Popup/PopupButonSecilir' successfully

2021-11-11 09:35:28 - [MESSAGE][INFO] - Checking called Test Case

2021-11-11 09:35:28 - [MESSAGE][INFO] - Starting to call Test Case 'Test Cases/Popup/PopupMesajiIceriyorMu'

2021-11-11 09:35:28 - [TEST_CASE][PASSED] - Test Cases/Popup/PopupMesajiIceriyorMu: Test Cases/Popup/PopupMesajiIceriyorMu

2021-11-11 09:35:28 - [TEST_STEP][PASSED] - waitForElementVisible(findTestObject("Popup/Popup"), 10): Object 'Object Repository/Popup/Popup' is visible

2021-11-11 09:35:28 - [MESSAGE][INFO] - Finding Test Object 'Object Repository/Popup/Popup'

2021-11-11 09:35:29 - [MESSAGE][INFO] - Checking object

2021-11-11 09:35:29 - [MESSAGE][INFO] - Checking timeout

2021-11-11 09:35:29 - [MESSAGE][INFO] - Finding web element from Test Object's properties

2021-11-11 09:35:29 - [MESSAGE][INFO] - Checking timeout

2021-11-11 09:35:29 - [MESSAGE][INFO] - Finding web element with id: 'Object Repository/Popup/Popup' located by 'By.cssSelector: .bootbox-body' in '10' second(s)

2021-11-11 09:35:29 - [MESSAGE][INFO] - Smart Wait Function is triggered

2021-11-11 09:35:29 - [MESSAGE][INFO] - Found 1 web elements with id: 'Object Repository/Popup/Popup' located by 'By.cssSelector: .bootbox-body' in '10' second(s)

2021-11-11 09:35:29 - [MESSAGE][PASSED] - Object 'Object Repository/Popup/Popup' is visible

2021-11-11 09:35:29 - [TEST_STEP][PASSED] - if (!(getText(findTestObject("Popup/Popup")).contains(Mesaj))): Text of object 'Object Repository/Popup/Popup' is: '16250 no’lu talebiniz işleme alınmıştır. Raporunuz hazırlandığında (elogotest@gmail.com;ali.kara@logo.com.tr) adresinize mail gönderilecektir.
Rapor durumunuzu Raporlar > Toplu Veri İndirme ekranından takip edebilir, hazırlandı durumundaki raporlarınızı ilgili menüden indirebilirsiniz.'

2021-11-11 09:35:29 - [MESSAGE][INFO] - Finding Test Object 'Object Repository/Popup/Popup'

2021-11-11 09:35:29 - [MESSAGE][INFO] - Checking object

2021-11-11 09:35:29 - [MESSAGE][INFO] - Finding web element from Test Object's properties

2021-11-11 09:35:29 - [MESSAGE][INFO] - Checking timeout

2021-11-11 09:35:29 - [MESSAGE][INFO] - Finding web element with id: 'Object Repository/Popup/Popup' located by 'By.cssSelector: .bootbox-body' in '30' second(s)

2021-11-11 09:35:29 - [MESSAGE][INFO] - Smart Wait Function is triggered

2021-11-11 09:35:30 - [MESSAGE][INFO] - Found 1 web elements with id: 'Object Repository/Popup/Popup' located by 'By.cssSelector: .bootbox-body' in '30' second(s)

2021-11-11 09:35:30 - [MESSAGE][INFO] - Getting text of object 'Object Repository/Popup/Popup'

2021-11-11 09:35:30 - [MESSAGE][PASSED] - Text of object 'Object Repository/Popup/Popup' is: '16250 no’lu talebiniz işleme alınmıştır. Raporunuz hazırlandığında (elogotest@gmail.com;ali.kara@logo.com.tr) adresinize mail gönderilecektir.
Rapor durumunuzu Raporlar > Toplu Veri İndirme ekranından takip edebilir, hazırlandı durumundaki raporlarınızı ilgili menüden indirebilirsiniz.'

2021-11-11 09:35:30 - [TEST_STEP][PASSED] - RaporNo = getText(findTestObject("Popup/Popup")).substring(0, 6): Text of object 'Object Repository/Popup/Popup' is: '16250 no’lu talebiniz işleme alınmıştır. Raporunuz hazırlandığında (elogotest@gmail.com;ali.kara@logo.com.tr) adresinize mail gönderilecektir.
Rapor durumunuzu Raporlar > Toplu Veri İndirme ekranından takip edebilir, hazırlandı durumundaki raporlarınızı ilgili menüden indirebilirsiniz.'

2021-11-11 09:35:30 - [MESSAGE][INFO] - Finding Test Object 'Object Repository/Popup/Popup'

2021-11-11 09:35:30 - [MESSAGE][INFO] - Checking object

2021-11-11 09:35:30 - [MESSAGE][INFO] - Finding web element from Test Object's properties

2021-11-11 09:35:30 - [MESSAGE][INFO] - Checking timeout

2021-11-11 09:35:30 - [MESSAGE][INFO] - Finding web element with id: 'Object Repository/Popup/Popup' located by 'By.cssSelector: .bootbox-body' in '30' second(s)

2021-11-11 09:35:30 - [MESSAGE][INFO] - Smart Wait Function is triggered

2021-11-11 09:35:30 - [MESSAGE][INFO] - Found 1 web elements with id: 'Object Repository/Popup/Popup' located by 'By.cssSelector: .bootbox-body' in '30' second(s)

2021-11-11 09:35:30 - [MESSAGE][INFO] - Getting text of object 'Object Repository/Popup/Popup'

2021-11-11 09:35:30 - [MESSAGE][PASSED] - Text of object 'Object Repository/Popup/Popup' is: '16250 no’lu talebiniz işleme alınmıştır. Raporunuz hazırlandığında (elogotest@gmail.com;ali.kara@logo.com.tr) adresinize mail gönderilecektir.
Rapor durumunuzu Raporlar > Toplu Veri İndirme ekranından takip edebilir, hazırlandı durumundaki raporlarınızı ilgili menüden indirebilirsiniz.'

2021-11-11 09:35:30 - [TEST_STEP][PASSED] - Console.println(RaporNo): null

2021-11-11 09:35:30 - [MESSAGE][PASSED] - Call Test Case 'Test Cases/Popup/PopupMesajiIceriyorMu' successfully

2021-11-11 09:35:30 - [MESSAGE][INFO] - Checking called Test Case

2021-11-11 09:35:30 - [MESSAGE][INFO] - Starting to call Test Case 'Test Cases/Popup/PopupButonSecilir'

2021-11-11 09:35:30 - [TEST_CASE][PASSED] - Test Cases/Popup/PopupButonSecilir: Test Cases/Popup/PopupButonSecilir

2021-11-11 09:35:30 - [TEST_STEP][PASSED] - Method.TextDegerineEsitElementeTikla(findTestObject("Popup/Popup_Butons"), Buton): Method.TextDegerineEsitElementeTikla is PASSED

2021-11-11 09:35:30 - [MESSAGE][INFO] - Finding Test Object 'Object Repository/Popup/Popup_Butons'

2021-11-11 09:35:30 - [MESSAGE][INFO] - Checking timeout

2021-11-11 09:35:30 - [MESSAGE][INFO] - Finding web element with id: 'Object Repository/Popup/Popup_Butons' located by 'By.cssSelector: .modal-footer>button' in '10' second(s)

2021-11-11 09:35:30 - [MESSAGE][INFO] - Smart Wait Function is triggered

2021-11-11 09:35:30 - [MESSAGE][INFO] - Found 1 web elements with id: 'Object Repository/Popup/Popup_Butons' located by 'By.cssSelector: .modal-footer>button' in '10' second(s)

2021-11-11 09:35:30 - [MESSAGE][PASSED] - Method.TextDegerineEsitElementeTikla is PASSED

2021-11-11 09:35:30 - [MESSAGE][PASSED] - Call Test Case 'Test Cases/Popup/PopupButonSecilir' successfully

2021-11-11 09:35:30 - [MESSAGE][INFO] - Checking called Test Case

2021-11-11 09:35:30 - [MESSAGE][INFO] - Starting to call Test Case 'Test Cases/Menu/AnaMenuSecimi'

2021-11-11 09:35:31 - [TEST_CASE][PASSED] - Test Cases/Menu/AnaMenuSecimi: Test Cases/Menu/AnaMenuSecimi

2021-11-11 09:35:31 - [TEST_STEP][PASSED] - Method.TextDegerineEsitElementeTikla(findTestObject("Menu/Ana_Menu"), Ana_Menu): Method.TextDegerineEsitElementeTikla is PASSED

2021-11-11 09:35:31 - [MESSAGE][INFO] - Finding Test Object 'Object Repository/Menu/Ana_Menu'

2021-11-11 09:35:31 - [MESSAGE][INFO] - Checking timeout

2021-11-11 09:35:31 - [MESSAGE][INFO] - Finding web element with id: 'Object Repository/Menu/Ana_Menu' located by 'By.xpath: //*[@class = 'dropdown-toggle']' in '10' second(s)

2021-11-11 09:35:31 - [MESSAGE][INFO] - Smart Wait Function is triggered

2021-11-11 09:35:31 - [MESSAGE][INFO] - Found 14 web elements with id: 'Object Repository/Menu/Ana_Menu' located by 'By.xpath: //*[@class = 'dropdown-toggle']' in '10' second(s)

2021-11-11 09:35:32 - [MESSAGE][PASSED] - Method.TextDegerineEsitElementeTikla is PASSED

2021-11-11 09:35:32 - [MESSAGE][PASSED] - Call Test Case 'Test Cases/Menu/AnaMenuSecimi' successfully

2021-11-11 09:35:32 - [MESSAGE][INFO] - Checking called Test Case

2021-11-11 09:35:32 - [MESSAGE][INFO] - Starting to call Test Case 'Test Cases/Menu/AltMenuSecimi'

2021-11-11 09:35:32 - [TEST_CASE][PASSED] - Test Cases/Menu/AltMenuSecimi: Test Cases/Menu/AltMenuSecimi

2021-11-11 09:35:32 - [TEST_STEP][PASSED] - Method.TextDegerineEsitElementeTikla(findTestObject("Menu/Alt_Menu"), Alt_Menu): Method.TextDegerineEsitElementeTikla is PASSED

2021-11-11 09:35:32 - [MESSAGE][INFO] - Finding Test Object 'Object Repository/Menu/Alt_Menu'

2021-11-11 09:35:32 - [MESSAGE][INFO] - Checking timeout

2021-11-11 09:35:32 - [MESSAGE][INFO] - Finding web element with id: 'Object Repository/Menu/Alt_Menu' located by 'By.xpath: //li[@class='dropdown dropdown-large open']//li[@class='dropdown-element']' in '10' second(s)

2021-11-11 09:35:32 - [MESSAGE][INFO] - Smart Wait Function is triggered

2021-11-11 09:35:32 - [MESSAGE][INFO] - Found 9 web elements with id: 'Object Repository/Menu/Alt_Menu' located by 'By.xpath: //li[@class='dropdown dropdown-large open']//li[@class='dropdown-element']' in '10' second(s)

2021-11-11 09:35:33 - [MESSAGE][PASSED] - Method.TextDegerineEsitElementeTikla is PASSED

2021-11-11 09:35:33 - [MESSAGE][PASSED] - Call Test Case 'Test Cases/Menu/AltMenuSecimi' successfully

2021-11-11 09:35:33 - [MESSAGE][INFO] - Checking called Test Case

2021-11-11 09:35:33 - [MESSAGE][INFO] - Starting to call Test Case 'Test Cases/Filtreler/RaporNoYaz'

2021-11-11 09:35:33 - [TEST_CASE][PASSED] - Test Cases/Filtreler/RaporNoYaz: Test Cases/Filtreler/RaporNoYaz

2021-11-11 09:35:33 - [TEST_STEP][PASSED] - Method.TextDegerineEsitElementinAltindakiTextboxtaYaz(findTestObject("Filtreler/Basliklar"), findTestObject("Filtreler/Basliga_Gore_Textbox"), "Talep No", RaporNo): Method.TextDegerineEsitElementinAltindakiTextboxtaYaz is PASSED

2021-11-11 09:35:33 - [MESSAGE][INFO] - Finding Test Object 'Object Repository/Filtreler/Basliklar'

2021-11-11 09:35:33 - [MESSAGE][INFO] - Finding Test Object 'Object Repository/Filtreler/Basliga_Gore_Textbox'

2021-11-11 09:35:33 - [MESSAGE][INFO] - Checking timeout

2021-11-11 09:35:33 - [MESSAGE][INFO] - Finding web element with id: 'Object Repository/Filtreler/Basliklar' located by 'By.cssSelector: .control-label.col-sm-4.paddingMarginRLC' in '10' second(s)

2021-11-11 09:35:33 - [MESSAGE][INFO] - Smart Wait Function is triggered

2021-11-11 09:35:33 - [MESSAGE][INFO] - Found 8 web elements with id: 'Object Repository/Filtreler/Basliklar' located by 'By.cssSelector: .control-label.col-sm-4.paddingMarginRLC' in '10' second(s)

2021-11-11 09:35:33 - [MESSAGE][INFO] - Smart Wait Function is triggered

2021-11-11 09:35:34 - [MESSAGE][PASSED] - Method.TextDegerineEsitElementinAltindakiTextboxtaYaz is PASSED

2021-11-11 09:35:34 - [MESSAGE][PASSED] - Call Test Case 'Test Cases/Filtreler/RaporNoYaz' successfully

2021-11-11 09:35:34 - [MESSAGE][INFO] - Checking called Test Case

2021-11-11 09:35:34 - [MESSAGE][INFO] - Starting to call Test Case 'Test Cases/Filtreler/ButonaTikla'

2021-11-11 09:35:34 - [TEST_CASE][PASSED] - Test Cases/Filtreler/ButonaTikla: Test Cases/Filtreler/ButonaTikla

2021-11-11 09:35:34 - [TEST_STEP][PASSED] - Method.TextDegerineEsitElementeTikla(findTestObject("Filtreler/Butonlar"), Filtre_Buton): Method.TextDegerineEsitElementeTikla is PASSED

2021-11-11 09:35:34 - [MESSAGE][INFO] - Finding Test Object 'Object Repository/Filtreler/Butonlar'

2021-11-11 09:35:34 - [MESSAGE][INFO] - Checking timeout

2021-11-11 09:35:34 - [MESSAGE][INFO] - Finding web element with id: 'Object Repository/Filtreler/Butonlar' located by 'By.cssSelector: .dxb>span' in '10' second(s)

2021-11-11 09:35:34 - [MESSAGE][INFO] - Smart Wait Function is triggered

2021-11-11 09:35:34 - [MESSAGE][INFO] - Found 2 web elements with id: 'Object Repository/Filtreler/Butonlar' located by 'By.cssSelector: .dxb>span' in '10' second(s)

2021-11-11 09:35:34 - [MESSAGE][PASSED] - Method.TextDegerineEsitElementeTikla is PASSED

2021-11-11 09:35:34 - [MESSAGE][PASSED] - Call Test Case 'Test Cases/Filtreler/ButonaTikla' successfully

2021-11-11 09:35:34 - [MESSAGE][INFO] - Checking called Test Case

2021-11-11 09:35:34 - [MESSAGE][INFO] - Starting to call Test Case 'Test Cases/Tablo/TablodaVeriVarMi'

2021-11-11 09:35:34 - [TEST_CASE][PASSED] - Test Cases/Tablo/TablodaVeriVarMi: Test Cases/Tablo/TablodaVeriVarMi

2021-11-11 09:35:34 - [TEST_STEP][PASSED] - verifyTextNotPresent("Görüntülenecek veri yok", true): Text 'Görüntülenecek veri yok' is not present on page using regular expression

2021-11-11 09:35:34 - [MESSAGE][INFO] - Checking text present  using regular expression

2021-11-11 09:35:34 - [MESSAGE][INFO] - Smart Wait Function is triggered

2021-11-11 09:35:35 - [MESSAGE][INFO] - Finding text 'Görüntülenecek veri yok' on page  using regular expression

2021-11-11 09:35:35 - [MESSAGE][PASSED] - Text 'Görüntülenecek veri yok' is not present on page using regular expression

2021-11-11 09:35:35 - [MESSAGE][PASSED] - Call Test Case 'Test Cases/Tablo/TablodaVeriVarMi' successfully

2021-11-11 09:35:35 - [MESSAGE][INFO] - Checking called Test Case

2021-11-11 09:35:35 - [MESSAGE][INFO] - Starting to call Test Case 'Test Cases/Kullanici_Islemleri/KullaniciIslemlerindenSecimYapilir'

2021-11-11 09:35:35 - [TEST_CASE][PASSED] - Test Cases/Kullanici_Islemleri/KullaniciIslemlerindenSecimYapilir: Test Cases/Kullanici_Islemleri/KullaniciIslemlerindenSecimYapilir

2021-11-11 09:35:35 - [TEST_STEP][PASSED] - waitForElementClickable(findTestObject("Object Repository/Kullanici_Islemleri/KullaniciIslemleri"), 10): Object 'Object Repository/Kullanici_Islemleri/KullaniciIslemleri' is clickable

2021-11-11 09:35:35 - [MESSAGE][INFO] - Finding Test Object 'Object Repository/Kullanici_Islemleri/KullaniciIslemleri'

2021-11-11 09:35:35 - [MESSAGE][INFO] - Checking object

2021-11-11 09:35:35 - [MESSAGE][INFO] - Checking timeout

2021-11-11 09:35:35 - [MESSAGE][INFO] - Finding web element from Test Object's properties

2021-11-11 09:35:35 - [MESSAGE][INFO] - Checking timeout

2021-11-11 09:35:35 - [MESSAGE][INFO] - Finding web element with id: 'Object Repository/Kullanici_Islemleri/KullaniciIslemleri' located by 'By.cssSelector: .dropdown>a>img' in '10' second(s)

2021-11-11 09:35:35 - [MESSAGE][INFO] - Smart Wait Function is triggered

2021-11-11 09:35:36 - [MESSAGE][INFO] - Found 1 web elements with id: 'Object Repository/Kullanici_Islemleri/KullaniciIslemleri' located by 'By.cssSelector: .dropdown>a>img' in '10' second(s)

2021-11-11 09:35:36 - [MESSAGE][PASSED] - Object 'Object Repository/Kullanici_Islemleri/KullaniciIslemleri' is clickable

2021-11-11 09:35:36 - [TEST_STEP][PASSED] - click(findTestObject("Object Repository/Kullanici_Islemleri/KullaniciIslemleri")): Object: 'Object Repository/Kullanici_Islemleri/KullaniciIslemleri' is clicked on

2021-11-11 09:35:36 - [MESSAGE][INFO] - Finding Test Object 'Object Repository/Kullanici_Islemleri/KullaniciIslemleri'

2021-11-11 09:35:36 - [MESSAGE][INFO] - Checking object

2021-11-11 09:35:36 - [MESSAGE][INFO] - Finding web element from Test Object's properties

2021-11-11 09:35:36 - [MESSAGE][INFO] - Checking timeout

2021-11-11 09:35:36 - [MESSAGE][INFO] - Finding web element with id: 'Object Repository/Kullanici_Islemleri/KullaniciIslemleri' located by 'By.cssSelector: .dropdown>a>img' in '30' second(s)

2021-11-11 09:35:36 - [MESSAGE][INFO] - Smart Wait Function is triggered

2021-11-11 09:35:36 - [MESSAGE][INFO] - Found 1 web elements with id: 'Object Repository/Kullanici_Islemleri/KullaniciIslemleri' located by 'By.cssSelector: .dropdown>a>img' in '30' second(s)

2021-11-11 09:35:36 - [MESSAGE][INFO] - Clicking on object: 'Object Repository/Kullanici_Islemleri/KullaniciIslemleri'

2021-11-11 09:35:36 - [MESSAGE][PASSED] - Object: 'Object Repository/Kullanici_Islemleri/KullaniciIslemleri' is clicked on

2021-11-11 09:35:36 - [TEST_STEP][PASSED] - Method.TextDegerineEsitElementeTikla(findTestObject("Object Repository/Kullanici_Islemleri/Secenekler"), Islem): Method.TextDegerineEsitElementeTikla is PASSED

2021-11-11 09:35:36 - [MESSAGE][INFO] - Finding Test Object 'Object Repository/Kullanici_Islemleri/Secenekler'

2021-11-11 09:35:36 - [MESSAGE][INFO] - Checking timeout

2021-11-11 09:35:36 - [MESSAGE][INFO] - Finding web element with id: 'Object Repository/Kullanici_Islemleri/Secenekler' located by 'By.cssSelector: .nav.navbar-nav.navbar-right li a' in '10' second(s)

2021-11-11 09:35:36 - [MESSAGE][INFO] - Smart Wait Function is triggered

2021-11-11 09:35:36 - [MESSAGE][INFO] - Found 22 web elements with id: 'Object Repository/Kullanici_Islemleri/Secenekler' located by 'By.cssSelector: .nav.navbar-nav.navbar-right li a' in '10' second(s)

2021-11-11 09:35:39 - [MESSAGE][PASSED] - Method.TextDegerineEsitElementeTikla is PASSED

2021-11-11 09:35:39 - [TEST_STEP][PASSED] - verifyElementNotPresent(findTestObject("Object Repository/Kullanici_Islemleri/Secenekler"), 10): Web element with id: 'Object Repository/Kullanici_Islemleri/Secenekler' located by 'By.cssSelector: .nav.navbar-nav.navbar-right li a' is not present after '10' second(s)

2021-11-11 09:35:39 - [MESSAGE][INFO] - Finding Test Object 'Object Repository/Kullanici_Islemleri/Secenekler'

2021-11-11 09:35:39 - [MESSAGE][INFO] - Checking object

2021-11-11 09:35:39 - [MESSAGE][INFO] - Checking timeout

2021-11-11 09:35:39 - [MESSAGE][INFO] - Finding web element with id: 'Object Repository/Kullanici_Islemleri/Secenekler' located by 'By.cssSelector: .nav.navbar-nav.navbar-right li a' in '10' second(s)

2021-11-11 09:35:39 - [MESSAGE][INFO] - Smart Wait Function is triggered

2021-11-11 09:35:40 - [MESSAGE][PASSED] - Web element with id: 'Object Repository/Kullanici_Islemleri/Secenekler' located by 'By.cssSelector: .nav.navbar-nav.navbar-right li a' is not present after '10' second(s)

2021-11-11 09:35:40 - [MESSAGE][PASSED] - Call Test Case 'Test Cases/Kullanici_Islemleri/KullaniciIslemlerindenSecimYapilir' successfully

2021-11-11 09:35:40 - [TEST_CASE][PASSED] - Start Test Case : SCENARIO e-Arsiv Faturasinin excele aktarilmasi: SCENARIO e-Arsiv Faturasinin excele aktarilmasi

2021-11-11 09:35:40 - [TEST_STEP][PASSED] - Kullanıcı adı ELOGO6 ve Şifre 123456 olarak giriş yapılır: Kullanıcı adı ELOGO6 ve Şifre 123456 olarak giriş yapılır

2021-11-11 09:35:40 - [MESSAGE][PASSED] - Kullanıcı adı ELOGO6 ve Şifre 123456 olarak giriş yapılır

2021-11-11 09:35:40 - [TEST_STEP][PASSED] - Ana menüden e-Arşiv seçilir: Ana menüden e-Arşiv seçilir

2021-11-11 09:35:40 - [MESSAGE][PASSED] - Ana menüden e-Arşiv seçilir

2021-11-11 09:35:40 - [TEST_STEP][PASSED] - Alt menü e-Arşiv Hareketleri başlığı altındaki e-Arşiv Faturaları seçilir: Alt menü e-Arşiv Hareketleri başlığı altındaki e-Arşiv Faturaları seçilir

2021-11-11 09:35:40 - [MESSAGE][PASSED] - Alt menü e-Arşiv Hareketleri başlığı altındaki e-Arşiv Faturaları seçilir

2021-11-11 09:35:40 - [TEST_STEP][PASSED] - Filtrelerden Oluşturma Tarihi filtresine 01.01.2020 baslangic degerini yaz: Filtrelerden Oluşturma Tarihi filtresine 01.01.2020 baslangic degerini yaz

2021-11-11 09:35:40 - [MESSAGE][PASSED] - Filtrelerden Oluşturma Tarihi filtresine 01.01.2020 baslangic degerini yaz

2021-11-11 09:35:40 - [TEST_STEP][PASSED] - Filtrelerden Oluşturma Tarihi filtresine 31.12.2020 bitis degerini yaz: Filtrelerden Oluşturma Tarihi filtresine 31.12.2020 bitis degerini yaz

2021-11-11 09:35:40 - [MESSAGE][PASSED] - Filtrelerden Oluşturma Tarihi filtresine 31.12.2020 bitis degerini yaz

2021-11-11 09:35:40 - [TEST_STEP][PASSED] - Filtrelerden Alıcı Ünvanı filtresine test test textini yaz: Filtrelerden Alıcı Ünvanı filtresine test test textini yaz

2021-11-11 09:35:40 - [MESSAGE][PASSED] - Filtrelerden Alıcı Ünvanı filtresine test test textini yaz

2021-11-11 09:35:40 - [TEST_STEP][PASSED] - Filtre butonlarından Listele seçilir: Filtre butonlarından Listele seçilir

2021-11-11 09:35:40 - [MESSAGE][PASSED] - Filtre butonlarından Listele seçilir

2021-11-11 09:35:40 - [TEST_STEP][PASSED] - Tabloda veri var mı kontrol edilir: Tabloda veri var mı kontrol edilir

2021-11-11 09:35:40 - [MESSAGE][PASSED] - Tabloda veri var mı kontrol edilir

2021-11-11 09:35:40 - [TEST_STEP][PASSED] - Tablodan test test isimli veri seçilir: Tablodan test test isimli veri seçilir

2021-11-11 09:35:40 - [MESSAGE][PASSED] - Tablodan test test isimli veri seçilir

2021-11-11 09:35:40 - [TEST_STEP][PASSED] - Butonlardan Excel isimli butona tıklanır: Butonlardan Excel isimli butona tıklanır

2021-11-11 09:35:40 - [MESSAGE][PASSED] - Butonlardan Excel isimli butona tıklanır

2021-11-11 09:35:40 - [TEST_STEP][PASSED] - Alt butonlardan Excel 'e Aktar butonuna tıklanır: Alt butonlardan Excel 'e Aktar butonuna tıklanır

2021-11-11 09:35:40 - [MESSAGE][PASSED] - Alt butonlardan Excel 'e Aktar butonuna tıklanır

2021-11-11 09:35:40 - [TEST_STEP][PASSED] - Popup mesajı Lütfen rapor bildiriminin gönderileceği e-posta adresini belirtiniz. içeriyor mu: Popup mesajı Lütfen rapor bildiriminin gönderileceği e-posta adresini belirtiniz. içeriyor mu

2021-11-11 09:35:40 - [MESSAGE][PASSED] - Popup mesajı Lütfen rapor bildiriminin gönderileceği e-posta adresini belirtiniz. içeriyor mu

2021-11-11 09:35:40 - [TEST_STEP][PASSED] - Popup email elogotest@gmail.com;ali.kara@logo.com.tr olarak girilir: Popup email elogotest@gmail.com;ali.kara@logo.com.tr olarak girilir

2021-11-11 09:35:40 - [MESSAGE][PASSED] - Popup email elogotest@gmail.com;ali.kara@logo.com.tr olarak girilir

2021-11-11 09:35:40 - [TEST_STEP][PASSED] - Yönetim popupında Gönder seçilir: Yönetim popupında Gönder seçilir

2021-11-11 09:35:40 - [MESSAGE][PASSED] - Yönetim popupında Gönder seçilir

2021-11-11 09:35:40 - [TEST_STEP][PASSED] - Popup mesajı talebiniz işleme alınmıştır içeriyor mu: Popup mesajı talebiniz işleme alınmıştır içeriyor mu

2021-11-11 09:35:40 - [MESSAGE][PASSED] - Popup mesajı talebiniz işleme alınmıştır içeriyor mu

2021-11-11 09:35:40 - [TEST_STEP][PASSED] - Yönetim popupında Tamam seçilir: Yönetim popupında Tamam seçilir

2021-11-11 09:35:40 - [MESSAGE][PASSED] - Yönetim popupında Tamam seçilir

2021-11-11 09:35:40 - [TEST_STEP][PASSED] - Butonlardan Excel isimli butona tıklanır: Butonlardan Excel isimli butona tıklanır

2021-11-11 09:35:40 - [MESSAGE][PASSED] - Butonlardan Excel isimli butona tıklanır

2021-11-11 09:35:40 - [TEST_STEP][PASSED] - Alt butonlardan Tümünü Excel'e Aktar butonuna tıklanır: Alt butonlardan Tümünü Excel'e Aktar butonuna tıklanır

2021-11-11 09:35:40 - [MESSAGE][PASSED] - Alt butonlardan Tümünü Excel'e Aktar butonuna tıklanır

2021-11-11 09:35:40 - [TEST_STEP][PASSED] - Popup mesajı Lütfen rapor bildiriminin gönderileceği e-posta adresini belirtiniz. içeriyor mu: Popup mesajı Lütfen rapor bildiriminin gönderileceği e-posta adresini belirtiniz. içeriyor mu

2021-11-11 09:35:40 - [MESSAGE][PASSED] - Popup mesajı Lütfen rapor bildiriminin gönderileceği e-posta adresini belirtiniz. içeriyor mu

2021-11-11 09:35:40 - [TEST_STEP][PASSED] - Popup email elogotest@gmail.com;ali.kara@logo.com.tr olarak girilir: Popup email elogotest@gmail.com;ali.kara@logo.com.tr olarak girilir

2021-11-11 09:35:40 - [MESSAGE][PASSED] - Popup email elogotest@gmail.com;ali.kara@logo.com.tr olarak girilir

2021-11-11 09:35:40 - [TEST_STEP][PASSED] - Yönetim popupında Gönder seçilir: Yönetim popupında Gönder seçilir

2021-11-11 09:35:40 - [MESSAGE][PASSED] - Yönetim popupında Gönder seçilir

2021-11-11 09:35:40 - [TEST_STEP][PASSED] - Popup mesajı talebiniz işleme alınmıştır içeriyor mu: Popup mesajı talebiniz işleme alınmıştır içeriyor mu

2021-11-11 09:35:40 - [MESSAGE][PASSED] - Popup mesajı talebiniz işleme alınmıştır içeriyor mu

2021-11-11 09:35:40 - [TEST_STEP][PASSED] - Yönetim popupında Tamam seçilir: Yönetim popupında Tamam seçilir

2021-11-11 09:35:40 - [MESSAGE][PASSED] - Yönetim popupında Tamam seçilir

2021-11-11 09:35:40 - [TEST_STEP][PASSED] - Ana menüden Raporlar seçilir: Ana menüden Raporlar seçilir

2021-11-11 09:35:40 - [MESSAGE][PASSED] - Ana menüden Raporlar seçilir

2021-11-11 09:35:40 - [TEST_STEP][PASSED] - Alt menüden Toplu Veri İndirme seçilir: Alt menüden Toplu Veri İndirme seçilir

2021-11-11 09:35:40 - [MESSAGE][PASSED] - Alt menüden Toplu Veri İndirme seçilir

2021-11-11 09:35:40 - [TEST_STEP][PASSED] - Filtrelerden Talep No filtresine Rapor No bilgisi yaz: Filtrelerden Talep No filtresine Rapor No bilgisi yaz

2021-11-11 09:35:40 - [MESSAGE][PASSED] - Filtrelerden Talep No filtresine Rapor No bilgisi yaz

2021-11-11 09:35:40 - [TEST_STEP][PASSED] - Filtre butonlarından Listele seçilir: Filtre butonlarından Listele seçilir

2021-11-11 09:35:40 - [MESSAGE][PASSED] - Filtre butonlarından Listele seçilir

2021-11-11 09:35:40 - [TEST_STEP][PASSED] - Tabloda veri var mı kontrol edilir: Tabloda veri var mı kontrol edilir

2021-11-11 09:35:40 - [MESSAGE][PASSED] - Tabloda veri var mı kontrol edilir

2021-11-11 09:35:40 - [TEST_STEP][PASSED] - Kullanıcı işlemlerinden Çıkış seçilir: Kullanıcı işlemlerinden Çıkış seçilir

2021-11-11 09:35:40 - [MESSAGE][PASSED] - Kullanıcı işlemlerinden Çıkış seçilir

2021-11-11 09:35:40 - [MESSAGE][PASSED] - Feature file: 'Include/features/e-Arsiv/e-Arsiv Hareketleri/e-Arsiv Faturalari/Excele Aktar.feature' was passed

2021-11-11 09:35:40 - [TEST_STEP][PASSED] - Start listener action : sampleAfterTestSuite: Invoke 'com.kms.katalon.core.annotation.AfterTestCase' method: 'Listener.sampleAfterTestSuite(...)' completed.

2021-11-11 09:35:40 - [MESSAGE][INFO] - Starting invoke 'com.kms.katalon.core.annotation.AfterTestCase' method: 'Listener.sampleAfterTestSuite(...)'

2021-11-11 09:35:40 - [TEST_STEP][PASSED] - closeBrowser(): Invoke 'com.kms.katalon.core.annotation.AfterTestCase' method: 'Listener.sampleAfterTestSuite(...)' completed.

2021-11-11 09:35:40 - [MESSAGE][INFO] - Closing browser

2021-11-11 09:35:41 - [MESSAGE][PASSED] - Browser is closed

2021-11-11 09:35:41 - [MESSAGE][INFO] - Invoke 'com.kms.katalon.core.annotation.AfterTestCase' method: 'Listener.sampleAfterTestSuite(...)' completed.]]></system-out>
         <system-err><![CDATA[]]></system-err>
      </testcase>
      <testcase name="Test Cases/Case Repository/e-Arsiv/e-Arsiv Hareketleri/e-Arsiv Faturalari/Toplu Indirme" time="52.411" classname="Test Cases/Case Repository/e-Arsiv/e-Arsiv Hareketleri/e-Arsiv Faturalari/Toplu Indirme" status="PASSED">
         <system-out><![CDATA[2021-11-11 09:35:41 - [TEST_CASE][PASSED] - Test Cases/Case Repository/e-Arsiv/e-Arsiv Hareketleri/e-Arsiv Faturalari/Toplu Indirme: Test Cases/Case Repository/e-Arsiv/e-Arsiv Hareketleri/e-Arsiv Faturalari/Toplu Indirme

2021-11-11 09:35:41 - [TEST_STEP][PASSED] - Start listener action : sampleBeforeTestSuite: Invoke 'com.kms.katalon.core.annotation.BeforeTestCase' method: 'Listener.sampleBeforeTestSuite(...)' completed.

2021-11-11 09:35:41 - [MESSAGE][INFO] - Starting invoke 'com.kms.katalon.core.annotation.BeforeTestCase' method: 'Listener.sampleBeforeTestSuite(...)'

2021-11-11 09:35:41 - [TEST_STEP][PASSED] - openBrowser(baseUrl): Browser is opened with url: 'https://efatura-stage.elogo.com.tr/'

2021-11-11 09:35:41 - [MESSAGE][INFO] - Opening browser

2021-11-11 09:35:41 - [MESSAGE][INFO] - Starting 'Chrome' driver

2021-11-11 09:35:41 - [MESSAGE][INFO] - User set preference: ['prefs', '{download.default_directory=C:\otomasyondownfiles}']

2021-11-11 09:35:41 - [MESSAGE][INFO] - Action delay is set to 0 milliseconds

2021-11-11 09:35:42 - [MESSAGE][INFO] - Navigating browser to: 'https://efatura-stage.elogo.com.tr/'

2021-11-11 09:35:46 - [MESSAGE][PASSED] - Browser is opened with url: 'https://efatura-stage.elogo.com.tr/'

2021-11-11 09:35:46 - [TEST_STEP][PASSED] - maximizeWindow(): Invoke 'com.kms.katalon.core.annotation.BeforeTestCase' method: 'Listener.sampleBeforeTestSuite(...)' completed.

2021-11-11 09:35:46 - [MESSAGE][INFO] - Maximizing current window

2021-11-11 09:35:46 - [MESSAGE][PASSED] - Current window maximized

2021-11-11 09:35:46 - [MESSAGE][INFO] - Invoke 'com.kms.katalon.core.annotation.BeforeTestCase' method: 'Listener.sampleBeforeTestSuite(...)' completed.

2021-11-11 09:35:46 - [TEST_STEP][PASSED] - runFeatureFile("Include/features/e-Arsiv/e-Arsiv Hareketleri/e-Arsiv Faturalari/Toplu Indirme.feature"): Feature file: 'Include/features/e-Arsiv/e-Arsiv Hareketleri/e-Arsiv Faturalari/Toplu Indirme.feature' was passed

2021-11-11 09:35:46 - [MESSAGE][INFO] - Starting run keyword runFeatureFile: 'Include/features/e-Arsiv/e-Arsiv Hareketleri/e-Arsiv Faturalari/Toplu Indirme.feature' and extract report to folder: 'C:\Users\DELL\Documents\GitHub\EES_KatalonLogo\Reports\20211111_090730\Suite Repository\ExceleAktarVeTopluIndirme\20211111_090810/cucumber_report/1636612546844'...

2021-11-11 09:35:46 - [MESSAGE][INFO] - Glue: []

2021-11-11 09:35:47 - [MESSAGE][INFO] - Checking called Test Case

2021-11-11 09:35:47 - [MESSAGE][INFO] - Starting to call Test Case 'Test Cases/Sayfalar/Giris_Sayfasi/Login'

2021-11-11 09:35:47 - [TEST_CASE][PASSED] - Test Cases/Sayfalar/Giris_Sayfasi/Login: Test Cases/Sayfalar/Giris_Sayfasi/Login

2021-11-11 09:35:47 - [TEST_STEP][PASSED] - Sayfa_Basligi = getWindowTitle(): Current window's title is: 'LOGO e-Fatura'

2021-11-11 09:35:47 - [MESSAGE][INFO] - Getting current window's title

2021-11-11 09:35:47 - [MESSAGE][PASSED] - Current window's title is: 'LOGO e-Fatura'

2021-11-11 09:35:47 - [TEST_STEP][PASSED] - verifyMatch(Sayfa_Basligi, "LOGO e-Fatura", false): Actual text 'LOGO e-Fatura' and expected text 'LOGO e-Fatura' are matched 

2021-11-11 09:35:47 - [MESSAGE][INFO] - Matching actual text 'LOGO e-Fatura' with expected text 'LOGO e-Fatura'

2021-11-11 09:35:47 - [MESSAGE][PASSED] - Actual text 'LOGO e-Fatura' and expected text 'LOGO e-Fatura' are matched 

2021-11-11 09:35:47 - [TEST_STEP][PASSED] - sendKeys(findTestObject("Sayfalar/Giris_Sayfasi/Firma_Kodu"), KullaniciAdi): Keys 'ELOGO6' sent to object: 'Object Repository/Sayfalar/Giris_Sayfasi/Firma_Kodu'

2021-11-11 09:35:47 - [MESSAGE][INFO] - Finding Test Object 'Object Repository/Sayfalar/Giris_Sayfasi/Firma_Kodu'

2021-11-11 09:35:47 - [MESSAGE][INFO] - Sending keys 'ELOGO6' to object: 'Object Repository/Sayfalar/Giris_Sayfasi/Firma_Kodu'

2021-11-11 09:35:47 - [MESSAGE][INFO] - Finding web element from Test Object's properties

2021-11-11 09:35:47 - [MESSAGE][INFO] - Checking timeout

2021-11-11 09:35:47 - [MESSAGE][INFO] - Finding web element with id: 'Object Repository/Sayfalar/Giris_Sayfasi/Firma_Kodu' located by 'By.xpath: //*[@id = 'AccountName']' in '30' second(s)

2021-11-11 09:35:47 - [MESSAGE][INFO] - Smart Wait Function is triggered

2021-11-11 09:35:48 - [MESSAGE][INFO] - Found 1 web elements with id: 'Object Repository/Sayfalar/Giris_Sayfasi/Firma_Kodu' located by 'By.xpath: //*[@id = 'AccountName']' in '30' second(s)

2021-11-11 09:35:48 - [MESSAGE][PASSED] - Keys 'ELOGO6' sent to object: 'Object Repository/Sayfalar/Giris_Sayfasi/Firma_Kodu'

2021-11-11 09:35:48 - [TEST_STEP][PASSED] - sendKeys(findTestObject("Sayfalar/Giris_Sayfasi/Sifre"), Sifre): Keys '123456' sent to object: 'Object Repository/Sayfalar/Giris_Sayfasi/Sifre'

2021-11-11 09:35:48 - [MESSAGE][INFO] - Finding Test Object 'Object Repository/Sayfalar/Giris_Sayfasi/Sifre'

2021-11-11 09:35:48 - [MESSAGE][INFO] - Sending keys '123456' to object: 'Object Repository/Sayfalar/Giris_Sayfasi/Sifre'

2021-11-11 09:35:48 - [MESSAGE][INFO] - Finding web element from Test Object's properties

2021-11-11 09:35:48 - [MESSAGE][INFO] - Checking timeout

2021-11-11 09:35:48 - [MESSAGE][INFO] - Finding web element with id: 'Object Repository/Sayfalar/Giris_Sayfasi/Sifre' located by 'By.xpath: //*[@id = 'Password']' in '30' second(s)

2021-11-11 09:35:48 - [MESSAGE][INFO] - Smart Wait Function is triggered

2021-11-11 09:35:48 - [MESSAGE][INFO] - Found 1 web elements with id: 'Object Repository/Sayfalar/Giris_Sayfasi/Sifre' located by 'By.xpath: //*[@id = 'Password']' in '30' second(s)

2021-11-11 09:35:48 - [MESSAGE][PASSED] - Keys '123456' sent to object: 'Object Repository/Sayfalar/Giris_Sayfasi/Sifre'

2021-11-11 09:35:48 - [TEST_STEP][PASSED] - findWebElement(findTestObject("Sayfalar/Giris_Sayfasi/Giris_Butonu")).click(): Found 1 web elements with id: 'Object Repository/Sayfalar/Giris_Sayfasi/Giris_Butonu' located by 'By.cssSelector: #btnLogin' in '30' second(s)

2021-11-11 09:35:48 - [MESSAGE][INFO] - Finding Test Object 'Object Repository/Sayfalar/Giris_Sayfasi/Giris_Butonu'

2021-11-11 09:35:48 - [MESSAGE][INFO] - Finding web element from Test Object's properties

2021-11-11 09:35:48 - [MESSAGE][INFO] - Checking timeout

2021-11-11 09:35:48 - [MESSAGE][INFO] - Finding web element with id: 'Object Repository/Sayfalar/Giris_Sayfasi/Giris_Butonu' located by 'By.cssSelector: #btnLogin' in '30' second(s)

2021-11-11 09:35:48 - [MESSAGE][INFO] - Smart Wait Function is triggered

2021-11-11 09:35:49 - [MESSAGE][INFO] - Found 1 web elements with id: 'Object Repository/Sayfalar/Giris_Sayfasi/Giris_Butonu' located by 'By.cssSelector: #btnLogin' in '30' second(s)

2021-11-11 09:35:51 - [TEST_STEP][PASSED] - if (verifyElementPresent(findTestObject("Object Repository/Sayfalar/Giris_Sayfasi/RetveTamam_Butonu"), 5, OPTIONAL)): null

2021-11-11 09:35:51 - [MESSAGE][INFO] - Finding Test Object 'Object Repository/Sayfalar/Giris_Sayfasi/RetveTamam_Butonu'

2021-11-11 09:35:52 - [MESSAGE][INFO] - Checking object

2021-11-11 09:35:52 - [MESSAGE][INFO] - Finding web element from Test Object's properties

2021-11-11 09:35:52 - [MESSAGE][INFO] - Checking timeout

2021-11-11 09:35:52 - [MESSAGE][INFO] - Finding web element with id: 'Object Repository/Sayfalar/Giris_Sayfasi/RetveTamam_Butonu' located by 'By.xpath: //*[@class = 'btn btn-default']' in '5' second(s)

2021-11-11 09:35:52 - [MESSAGE][INFO] - Smart Wait Function is triggered

2021-11-11 09:35:52 - [MESSAGE][INFO] - Found 1 web elements with id: 'Object Repository/Sayfalar/Giris_Sayfasi/RetveTamam_Butonu' located by 'By.xpath: //*[@class = 'btn btn-default']' in '5' second(s)

2021-11-11 09:35:52 - [MESSAGE][PASSED] - Object 'Object Repository/Sayfalar/Giris_Sayfasi/RetveTamam_Butonu' is present

2021-11-11 09:35:52 - [TEST_STEP][PASSED] - click(findTestObject("Object Repository/Sayfalar/Giris_Sayfasi/RetveTamam_Butonu")): Object: 'Object Repository/Sayfalar/Giris_Sayfasi/RetveTamam_Butonu' is clicked on

2021-11-11 09:35:52 - [MESSAGE][INFO] - Finding Test Object 'Object Repository/Sayfalar/Giris_Sayfasi/RetveTamam_Butonu'

2021-11-11 09:35:52 - [MESSAGE][INFO] - Checking object

2021-11-11 09:35:52 - [MESSAGE][INFO] - Finding web element from Test Object's properties

2021-11-11 09:35:52 - [MESSAGE][INFO] - Checking timeout

2021-11-11 09:35:52 - [MESSAGE][INFO] - Finding web element with id: 'Object Repository/Sayfalar/Giris_Sayfasi/RetveTamam_Butonu' located by 'By.xpath: //*[@class = 'btn btn-default']' in '30' second(s)

2021-11-11 09:35:52 - [MESSAGE][INFO] - Smart Wait Function is triggered

2021-11-11 09:35:52 - [MESSAGE][INFO] - Found 1 web elements with id: 'Object Repository/Sayfalar/Giris_Sayfasi/RetveTamam_Butonu' located by 'By.xpath: //*[@class = 'btn btn-default']' in '30' second(s)

2021-11-11 09:35:52 - [MESSAGE][INFO] - Clicking on object: 'Object Repository/Sayfalar/Giris_Sayfasi/RetveTamam_Butonu'

2021-11-11 09:35:52 - [MESSAGE][PASSED] - Object: 'Object Repository/Sayfalar/Giris_Sayfasi/RetveTamam_Butonu' is clicked on

2021-11-11 09:35:52 - [TEST_STEP][PASSED] - click(findTestObject("Object Repository/Sayfalar/Giris_Sayfasi/RetveTamam_Butonu")): Object: 'Object Repository/Sayfalar/Giris_Sayfasi/RetveTamam_Butonu' is clicked on

2021-11-11 09:35:52 - [MESSAGE][INFO] - Finding Test Object 'Object Repository/Sayfalar/Giris_Sayfasi/RetveTamam_Butonu'

2021-11-11 09:35:52 - [MESSAGE][INFO] - Checking object

2021-11-11 09:35:52 - [MESSAGE][INFO] - Finding web element from Test Object's properties

2021-11-11 09:35:52 - [MESSAGE][INFO] - Checking timeout

2021-11-11 09:35:52 - [MESSAGE][INFO] - Finding web element with id: 'Object Repository/Sayfalar/Giris_Sayfasi/RetveTamam_Butonu' located by 'By.xpath: //*[@class = 'btn btn-default']' in '30' second(s)

2021-11-11 09:35:52 - [MESSAGE][INFO] - Smart Wait Function is triggered

2021-11-11 09:35:57 - [MESSAGE][INFO] - Found 1 web elements with id: 'Object Repository/Sayfalar/Giris_Sayfasi/RetveTamam_Butonu' located by 'By.xpath: //*[@class = 'btn btn-default']' in '30' second(s)

2021-11-11 09:35:57 - [MESSAGE][INFO] - Clicking on object: 'Object Repository/Sayfalar/Giris_Sayfasi/RetveTamam_Butonu'

2021-11-11 09:35:57 - [MESSAGE][PASSED] - Object: 'Object Repository/Sayfalar/Giris_Sayfasi/RetveTamam_Butonu' is clicked on

2021-11-11 09:35:57 - [TEST_STEP][PASSED] - if (verifyElementPresent(findTestObject("Sayfalar/Giris_Sayfasi/PopupOK"), 5, OPTIONAL)): null

2021-11-11 09:35:57 - [MESSAGE][INFO] - Finding Test Object 'Object Repository/Sayfalar/Giris_Sayfasi/PopupOK'

2021-11-11 09:35:57 - [MESSAGE][INFO] - Checking object

2021-11-11 09:35:57 - [MESSAGE][INFO] - Finding web element from Test Object's properties

2021-11-11 09:35:57 - [MESSAGE][INFO] - Checking timeout

2021-11-11 09:35:57 - [MESSAGE][INFO] - Finding web element with id: 'Object Repository/Sayfalar/Giris_Sayfasi/PopupOK' located by 'By.cssSelector: .btn.btn-success' in '5' second(s)

2021-11-11 09:35:57 - [MESSAGE][INFO] - Smart Wait Function is triggered

2021-11-11 09:35:57 - [MESSAGE][INFO] - Found 1 web elements with id: 'Object Repository/Sayfalar/Giris_Sayfasi/PopupOK' located by 'By.cssSelector: .btn.btn-success' in '5' second(s)

2021-11-11 09:35:57 - [MESSAGE][PASSED] - Object 'Object Repository/Sayfalar/Giris_Sayfasi/PopupOK' is present

2021-11-11 09:35:57 - [TEST_STEP][PASSED] - click(findTestObject("Object Repository/Sayfalar/Giris_Sayfasi/PopupCarpiGiris")): Object: 'Object Repository/Sayfalar/Giris_Sayfasi/PopupCarpiGiris' is clicked on

2021-11-11 09:35:57 - [MESSAGE][INFO] - Finding Test Object 'Object Repository/Sayfalar/Giris_Sayfasi/PopupCarpiGiris'

2021-11-11 09:35:58 - [MESSAGE][INFO] - Checking object

2021-11-11 09:35:58 - [MESSAGE][INFO] - Finding web element from Test Object's properties

2021-11-11 09:35:58 - [MESSAGE][INFO] - Checking timeout

2021-11-11 09:35:58 - [MESSAGE][INFO] - Finding web element with id: 'Object Repository/Sayfalar/Giris_Sayfasi/PopupCarpiGiris' located by 'By.cssSelector: .bootbox-close-button.close' in '30' second(s)

2021-11-11 09:35:58 - [MESSAGE][INFO] - Smart Wait Function is triggered

2021-11-11 09:35:58 - [MESSAGE][INFO] - Found 1 web elements with id: 'Object Repository/Sayfalar/Giris_Sayfasi/PopupCarpiGiris' located by 'By.cssSelector: .bootbox-close-button.close' in '30' second(s)

2021-11-11 09:35:58 - [MESSAGE][INFO] - Clicking on object: 'Object Repository/Sayfalar/Giris_Sayfasi/PopupCarpiGiris'

2021-11-11 09:35:58 - [MESSAGE][PASSED] - Object: 'Object Repository/Sayfalar/Giris_Sayfasi/PopupCarpiGiris' is clicked on

2021-11-11 09:35:58 - [TEST_STEP][PASSED] - verifyElementVisible(findTestObject("Object Repository/Kullanici_Islemleri/KullaniciIslemleri")): Object 'Object Repository/Kullanici_Islemleri/KullaniciIslemleri' is visible

2021-11-11 09:35:58 - [MESSAGE][INFO] - Finding Test Object 'Object Repository/Kullanici_Islemleri/KullaniciIslemleri'

2021-11-11 09:35:58 - [MESSAGE][INFO] - Checking object

2021-11-11 09:35:58 - [MESSAGE][INFO] - Finding web element from Test Object's properties

2021-11-11 09:35:58 - [MESSAGE][INFO] - Checking timeout

2021-11-11 09:35:58 - [MESSAGE][INFO] - Finding web element with id: 'Object Repository/Kullanici_Islemleri/KullaniciIslemleri' located by 'By.cssSelector: .dropdown>a>img' in '30' second(s)

2021-11-11 09:35:58 - [MESSAGE][INFO] - Smart Wait Function is triggered

2021-11-11 09:35:59 - [MESSAGE][INFO] - Found 1 web elements with id: 'Object Repository/Kullanici_Islemleri/KullaniciIslemleri' located by 'By.cssSelector: .dropdown>a>img' in '30' second(s)

2021-11-11 09:35:59 - [MESSAGE][PASSED] - Object 'Object Repository/Kullanici_Islemleri/KullaniciIslemleri' is visible

2021-11-11 09:35:59 - [MESSAGE][PASSED] - Call Test Case 'Test Cases/Sayfalar/Giris_Sayfasi/Login' successfully

2021-11-11 09:35:59 - [MESSAGE][INFO] - Checking called Test Case

2021-11-11 09:35:59 - [MESSAGE][INFO] - Starting to call Test Case 'Test Cases/Menu/AnaMenuSecimi'

2021-11-11 09:35:59 - [TEST_CASE][PASSED] - Test Cases/Menu/AnaMenuSecimi: Test Cases/Menu/AnaMenuSecimi

2021-11-11 09:35:59 - [TEST_STEP][PASSED] - Method.TextDegerineEsitElementeTikla(findTestObject("Menu/Ana_Menu"), Ana_Menu): Method.TextDegerineEsitElementeTikla is PASSED

2021-11-11 09:35:59 - [MESSAGE][INFO] - Finding Test Object 'Object Repository/Menu/Ana_Menu'

2021-11-11 09:35:59 - [MESSAGE][INFO] - Checking timeout

2021-11-11 09:35:59 - [MESSAGE][INFO] - Finding web element with id: 'Object Repository/Menu/Ana_Menu' located by 'By.xpath: //*[@class = 'dropdown-toggle']' in '10' second(s)

2021-11-11 09:35:59 - [MESSAGE][INFO] - Smart Wait Function is triggered

2021-11-11 09:35:59 - [MESSAGE][INFO] - Found 14 web elements with id: 'Object Repository/Menu/Ana_Menu' located by 'By.xpath: //*[@class = 'dropdown-toggle']' in '10' second(s)

2021-11-11 09:35:59 - [MESSAGE][PASSED] - Method.TextDegerineEsitElementeTikla is PASSED

2021-11-11 09:35:59 - [MESSAGE][PASSED] - Call Test Case 'Test Cases/Menu/AnaMenuSecimi' successfully

2021-11-11 09:35:59 - [MESSAGE][INFO] - Checking called Test Case

2021-11-11 09:35:59 - [MESSAGE][INFO] - Starting to call Test Case 'Test Cases/Menu/BasligaGoreAltMenuSecimi'

2021-11-11 09:35:59 - [TEST_CASE][PASSED] - Test Cases/Menu/BasligaGoreAltMenuSecimi: Test Cases/Menu/BasligaGoreAltMenuSecimi

2021-11-11 09:35:59 - [TEST_STEP][PASSED] - Method.TextDegerineEsitElementinAltindakiTextDegerineEsitOlanaTikla(findTestObject("Menu/Menu_Basligi"), findTestObject("Menu/Basliga_Gore_Alt_Menu"), Baslik, Alt_Menu): Method.TextDegerineEsitElementinAltindakiTextDegerineEsitOlanaTikla is PASSED

2021-11-11 09:35:59 - [MESSAGE][INFO] - Finding Test Object 'Object Repository/Menu/Menu_Basligi'

2021-11-11 09:36:00 - [MESSAGE][INFO] - Finding Test Object 'Object Repository/Menu/Basliga_Gore_Alt_Menu'

2021-11-11 09:36:00 - [MESSAGE][INFO] - Checking timeout

2021-11-11 09:36:00 - [MESSAGE][INFO] - Finding web element with id: 'Object Repository/Menu/Menu_Basligi' located by 'By.xpath: //li[@class='dropdown dropdown-large open']//li[@class='dropdown-header']' in '10' second(s)

2021-11-11 09:36:00 - [MESSAGE][INFO] - Smart Wait Function is triggered

2021-11-11 09:36:00 - [MESSAGE][INFO] - Found 2 web elements with id: 'Object Repository/Menu/Menu_Basligi' located by 'By.xpath: //li[@class='dropdown dropdown-large open']//li[@class='dropdown-header']' in '10' second(s)

2021-11-11 09:36:00 - [MESSAGE][INFO] - Smart Wait Function is triggered

2021-11-11 09:36:04 - [MESSAGE][PASSED] - Method.TextDegerineEsitElementinAltindakiTextDegerineEsitOlanaTikla is PASSED

2021-11-11 09:36:04 - [MESSAGE][PASSED] - Call Test Case 'Test Cases/Menu/BasligaGoreAltMenuSecimi' successfully

2021-11-11 09:36:04 - [MESSAGE][INFO] - Checking called Test Case

2021-11-11 09:36:04 - [MESSAGE][INFO] - Starting to call Test Case 'Test Cases/Filtreler/BaslangicYaz'

2021-11-11 09:36:04 - [TEST_CASE][PASSED] - Test Cases/Filtreler/BaslangicYaz: Test Cases/Filtreler/BaslangicYaz

2021-11-11 09:36:04 - [TEST_STEP][PASSED] - Method.TextDegerineEsitElementinAltindakineTikla(findTestObject("Filtreler/Basliklar"), findTestObject("Filtreler/Basliga_Gore_Baslangic_Image"), Filtre_Adi): Method.TextDegerineEsitElementinAltindakineTikla is PASSED

2021-11-11 09:36:04 - [MESSAGE][INFO] - Finding Test Object 'Object Repository/Filtreler/Basliklar'

2021-11-11 09:36:04 - [MESSAGE][INFO] - Finding Test Object 'Object Repository/Filtreler/Basliga_Gore_Baslangic_Image'

2021-11-11 09:36:04 - [MESSAGE][INFO] - Checking timeout

2021-11-11 09:36:04 - [MESSAGE][INFO] - Finding web element with id: 'Object Repository/Filtreler/Basliklar' located by 'By.cssSelector: .control-label.col-sm-4.paddingMarginRLC' in '10' second(s)

2021-11-11 09:36:04 - [MESSAGE][INFO] - Smart Wait Function is triggered

2021-11-11 09:36:04 - [MESSAGE][INFO] - Found 19 web elements with id: 'Object Repository/Filtreler/Basliklar' located by 'By.cssSelector: .control-label.col-sm-4.paddingMarginRLC' in '10' second(s)

2021-11-11 09:36:05 - [MESSAGE][INFO] - Smart Wait Function is triggered

2021-11-11 09:36:05 - [MESSAGE][PASSED] - Method.TextDegerineEsitElementinAltindakineTikla is PASSED

2021-11-11 09:36:05 - [TEST_STEP][PASSED] - Method.TextDegerineEsitElementinAltindakiTextboxtaYaz(findTestObject("Filtreler/Basliklar"), findTestObject("Filtreler/Basliga_Gore_Baslangic"), Filtre_Adi, Filtre_Degeri): Method.TextDegerineEsitElementinAltindakiTextboxtaYaz is PASSED

2021-11-11 09:36:05 - [MESSAGE][INFO] - Finding Test Object 'Object Repository/Filtreler/Basliklar'

2021-11-11 09:36:05 - [MESSAGE][INFO] - Finding Test Object 'Object Repository/Filtreler/Basliga_Gore_Baslangic'

2021-11-11 09:36:05 - [MESSAGE][INFO] - Checking timeout

2021-11-11 09:36:05 - [MESSAGE][INFO] - Finding web element with id: 'Object Repository/Filtreler/Basliklar' located by 'By.cssSelector: .control-label.col-sm-4.paddingMarginRLC' in '10' second(s)

2021-11-11 09:36:05 - [MESSAGE][INFO] - Smart Wait Function is triggered

2021-11-11 09:36:05 - [MESSAGE][INFO] - Found 19 web elements with id: 'Object Repository/Filtreler/Basliklar' located by 'By.cssSelector: .control-label.col-sm-4.paddingMarginRLC' in '10' second(s)

2021-11-11 09:36:06 - [MESSAGE][INFO] - Smart Wait Function is triggered

2021-11-11 09:36:06 - [MESSAGE][PASSED] - Method.TextDegerineEsitElementinAltindakiTextboxtaYaz is PASSED

2021-11-11 09:36:06 - [MESSAGE][PASSED] - Call Test Case 'Test Cases/Filtreler/BaslangicYaz' successfully

2021-11-11 09:36:06 - [MESSAGE][INFO] - Checking called Test Case

2021-11-11 09:36:06 - [MESSAGE][INFO] - Starting to call Test Case 'Test Cases/Filtreler/BitisYaz'

2021-11-11 09:36:06 - [TEST_CASE][PASSED] - Test Cases/Filtreler/BitisYaz: Test Cases/Filtreler/BitisYaz

2021-11-11 09:36:06 - [TEST_STEP][PASSED] - Method.TextDegerineEsitElementinAltindakineTikla(findTestObject("Filtreler/Basliklar"), findTestObject("Filtreler/Basliga_Gore_Bitis_Image"), Filtre_Adi): Method.TextDegerineEsitElementinAltindakineTikla is PASSED

2021-11-11 09:36:06 - [MESSAGE][INFO] - Finding Test Object 'Object Repository/Filtreler/Basliklar'

2021-11-11 09:36:06 - [MESSAGE][INFO] - Finding Test Object 'Object Repository/Filtreler/Basliga_Gore_Bitis_Image'

2021-11-11 09:36:06 - [MESSAGE][INFO] - Checking timeout

2021-11-11 09:36:06 - [MESSAGE][INFO] - Finding web element with id: 'Object Repository/Filtreler/Basliklar' located by 'By.cssSelector: .control-label.col-sm-4.paddingMarginRLC' in '10' second(s)

2021-11-11 09:36:06 - [MESSAGE][INFO] - Smart Wait Function is triggered

2021-11-11 09:36:06 - [MESSAGE][INFO] - Found 19 web elements with id: 'Object Repository/Filtreler/Basliklar' located by 'By.cssSelector: .control-label.col-sm-4.paddingMarginRLC' in '10' second(s)

2021-11-11 09:36:06 - [MESSAGE][INFO] - Smart Wait Function is triggered

2021-11-11 09:36:07 - [MESSAGE][PASSED] - Method.TextDegerineEsitElementinAltindakineTikla is PASSED

2021-11-11 09:36:07 - [TEST_STEP][PASSED] - Method.TextDegerineEsitElementinAltindakiTextboxtaYaz(findTestObject("Filtreler/Basliklar"), findTestObject("Object Repository/Filtreler/Basliga_Gore_Bitis"), Filtre_Adi, Filtre_Degeri): Method.TextDegerineEsitElementinAltindakiTextboxtaYaz is PASSED

2021-11-11 09:36:07 - [MESSAGE][INFO] - Finding Test Object 'Object Repository/Filtreler/Basliklar'

2021-11-11 09:36:07 - [MESSAGE][INFO] - Finding Test Object 'Object Repository/Filtreler/Basliga_Gore_Bitis'

2021-11-11 09:36:07 - [MESSAGE][INFO] - Checking timeout

2021-11-11 09:36:07 - [MESSAGE][INFO] - Finding web element with id: 'Object Repository/Filtreler/Basliklar' located by 'By.cssSelector: .control-label.col-sm-4.paddingMarginRLC' in '10' second(s)

2021-11-11 09:36:07 - [MESSAGE][INFO] - Smart Wait Function is triggered

2021-11-11 09:36:07 - [MESSAGE][INFO] - Found 19 web elements with id: 'Object Repository/Filtreler/Basliklar' located by 'By.cssSelector: .control-label.col-sm-4.paddingMarginRLC' in '10' second(s)

2021-11-11 09:36:07 - [MESSAGE][INFO] - Smart Wait Function is triggered

2021-11-11 09:36:08 - [MESSAGE][PASSED] - Method.TextDegerineEsitElementinAltindakiTextboxtaYaz is PASSED

2021-11-11 09:36:08 - [MESSAGE][PASSED] - Call Test Case 'Test Cases/Filtreler/BitisYaz' successfully

2021-11-11 09:36:08 - [MESSAGE][INFO] - Checking called Test Case

2021-11-11 09:36:08 - [MESSAGE][INFO] - Starting to call Test Case 'Test Cases/Filtreler/TexboxaYaz'

2021-11-11 09:36:08 - [TEST_CASE][PASSED] - Test Cases/Filtreler/TexboxaYaz: Test Cases/Filtreler/TexboxaYaz

2021-11-11 09:36:08 - [TEST_STEP][PASSED] - Method.TextDegerineEsitElementinAltindakiTextboxtaYaz(findTestObject("Filtreler/Basliklar"), findTestObject("Filtreler/Basliga_Gore_Textbox"), Filtre_Adi, Filtre_Degeri): Method.TextDegerineEsitElementinAltindakiTextboxtaYaz is PASSED

2021-11-11 09:36:08 - [MESSAGE][INFO] - Finding Test Object 'Object Repository/Filtreler/Basliklar'

2021-11-11 09:36:08 - [MESSAGE][INFO] - Finding Test Object 'Object Repository/Filtreler/Basliga_Gore_Textbox'

2021-11-11 09:36:08 - [MESSAGE][INFO] - Checking timeout

2021-11-11 09:36:08 - [MESSAGE][INFO] - Finding web element with id: 'Object Repository/Filtreler/Basliklar' located by 'By.cssSelector: .control-label.col-sm-4.paddingMarginRLC' in '10' second(s)

2021-11-11 09:36:08 - [MESSAGE][INFO] - Smart Wait Function is triggered

2021-11-11 09:36:08 - [MESSAGE][INFO] - Found 19 web elements with id: 'Object Repository/Filtreler/Basliklar' located by 'By.cssSelector: .control-label.col-sm-4.paddingMarginRLC' in '10' second(s)

2021-11-11 09:36:08 - [MESSAGE][INFO] - Smart Wait Function is triggered

2021-11-11 09:36:09 - [MESSAGE][PASSED] - Method.TextDegerineEsitElementinAltindakiTextboxtaYaz is PASSED

2021-11-11 09:36:09 - [MESSAGE][PASSED] - Call Test Case 'Test Cases/Filtreler/TexboxaYaz' successfully

2021-11-11 09:36:09 - [MESSAGE][INFO] - Checking called Test Case

2021-11-11 09:36:09 - [MESSAGE][INFO] - Starting to call Test Case 'Test Cases/Filtreler/ButonaTikla'

2021-11-11 09:36:09 - [TEST_CASE][PASSED] - Test Cases/Filtreler/ButonaTikla: Test Cases/Filtreler/ButonaTikla

2021-11-11 09:36:09 - [TEST_STEP][PASSED] - Method.TextDegerineEsitElementeTikla(findTestObject("Filtreler/Butonlar"), Filtre_Buton): Method.TextDegerineEsitElementeTikla is PASSED

2021-11-11 09:36:09 - [MESSAGE][INFO] - Finding Test Object 'Object Repository/Filtreler/Butonlar'

2021-11-11 09:36:09 - [MESSAGE][INFO] - Checking timeout

2021-11-11 09:36:09 - [MESSAGE][INFO] - Finding web element with id: 'Object Repository/Filtreler/Butonlar' located by 'By.cssSelector: .dxb>span' in '10' second(s)

2021-11-11 09:36:09 - [MESSAGE][INFO] - Smart Wait Function is triggered

2021-11-11 09:36:09 - [MESSAGE][INFO] - Found 3 web elements with id: 'Object Repository/Filtreler/Butonlar' located by 'By.cssSelector: .dxb>span' in '10' second(s)

2021-11-11 09:36:09 - [MESSAGE][PASSED] - Method.TextDegerineEsitElementeTikla is PASSED

2021-11-11 09:36:09 - [MESSAGE][PASSED] - Call Test Case 'Test Cases/Filtreler/ButonaTikla' successfully

2021-11-11 09:36:09 - [MESSAGE][INFO] - Checking called Test Case

2021-11-11 09:36:09 - [MESSAGE][INFO] - Starting to call Test Case 'Test Cases/Tablo/TablodaVeriVarMi'

2021-11-11 09:36:09 - [TEST_CASE][PASSED] - Test Cases/Tablo/TablodaVeriVarMi: Test Cases/Tablo/TablodaVeriVarMi

2021-11-11 09:36:09 - [TEST_STEP][PASSED] - verifyTextNotPresent("Görüntülenecek veri yok", true): Text 'Görüntülenecek veri yok' is not present on page using regular expression

2021-11-11 09:36:09 - [MESSAGE][INFO] - Checking text present  using regular expression

2021-11-11 09:36:09 - [MESSAGE][INFO] - Smart Wait Function is triggered

2021-11-11 09:36:10 - [MESSAGE][INFO] - Finding text 'Görüntülenecek veri yok' on page  using regular expression

2021-11-11 09:36:10 - [MESSAGE][PASSED] - Text 'Görüntülenecek veri yok' is not present on page using regular expression

2021-11-11 09:36:10 - [MESSAGE][PASSED] - Call Test Case 'Test Cases/Tablo/TablodaVeriVarMi' successfully

2021-11-11 09:36:10 - [MESSAGE][INFO] - Checking called Test Case

2021-11-11 09:36:10 - [MESSAGE][INFO] - Starting to call Test Case 'Test Cases/Tablo/TablodanVeriSec'

2021-11-11 09:36:10 - [TEST_CASE][PASSED] - Test Cases/Tablo/TablodanVeriSec: Test Cases/Tablo/TablodanVeriSec

2021-11-11 09:36:10 - [TEST_STEP][PASSED] - Method.TextDegerineEsitElementinAltindakineTikla(findTestObject("Tablo/Veriler"), findTestObject("Tablo/VerininCheckBoxi"), Veri_Adi): Method.TextDegerineEsitElementinAltindakineTikla is PASSED

2021-11-11 09:36:10 - [MESSAGE][INFO] - Finding Test Object 'Object Repository/Tablo/Veriler'

2021-11-11 09:36:10 - [MESSAGE][INFO] - Finding Test Object 'Object Repository/Tablo/VerininCheckBoxi'

2021-11-11 09:36:10 - [MESSAGE][INFO] - Checking timeout

2021-11-11 09:36:10 - [MESSAGE][INFO] - Finding web element with id: 'Object Repository/Tablo/Veriler' located by 'By.cssSelector: td.dxgv b ,td.dxgv' in '10' second(s)

2021-11-11 09:36:10 - [MESSAGE][INFO] - Smart Wait Function is triggered

2021-11-11 09:36:11 - [MESSAGE][INFO] - Found 88 web elements with id: 'Object Repository/Tablo/Veriler' located by 'By.cssSelector: td.dxgv b ,td.dxgv' in '10' second(s)

2021-11-11 09:36:11 - [MESSAGE][INFO] - Smart Wait Function is triggered

2021-11-11 09:36:11 - [MESSAGE][PASSED] - Method.TextDegerineEsitElementinAltindakineTikla is PASSED

2021-11-11 09:36:11 - [MESSAGE][PASSED] - Call Test Case 'Test Cases/Tablo/TablodanVeriSec' successfully

2021-11-11 09:36:11 - [MESSAGE][INFO] - Checking called Test Case

2021-11-11 09:36:11 - [MESSAGE][INFO] - Starting to call Test Case 'Test Cases/Butonlar/ButonaTikla'

2021-11-11 09:36:11 - [TEST_CASE][PASSED] - Test Cases/Butonlar/ButonaTikla: Test Cases/Butonlar/ButonaTikla

2021-11-11 09:36:11 - [TEST_STEP][PASSED] - Method.TextDegerineEsitElementeTiklaEquals(findTestObject("Butonlar/Butonlar"), Buton_Adi): Method.TextDegerineEsitElementeTiklaEquals is PASSED

2021-11-11 09:36:11 - [MESSAGE][INFO] - Finding Test Object 'Object Repository/Butonlar/Butonlar'

2021-11-11 09:36:11 - [MESSAGE][INFO] - Checking timeout

2021-11-11 09:36:11 - [MESSAGE][INFO] - Finding web element with id: 'Object Repository/Butonlar/Butonlar' located by 'By.cssSelector: .panel.panel-default.text-center.footerPanel .btn,.btn.btn-primary.btnControls' in '10' second(s)

2021-11-11 09:36:11 - [MESSAGE][INFO] - Smart Wait Function is triggered

2021-11-11 09:36:12 - [MESSAGE][INFO] - Found 12 web elements with id: 'Object Repository/Butonlar/Butonlar' located by 'By.cssSelector: .panel.panel-default.text-center.footerPanel .btn,.btn.btn-primary.btnControls' in '10' second(s)

2021-11-11 09:36:12 - [MESSAGE][PASSED] - Method.TextDegerineEsitElementeTiklaEquals is PASSED

2021-11-11 09:36:12 - [MESSAGE][PASSED] - Call Test Case 'Test Cases/Butonlar/ButonaTikla' successfully

2021-11-11 09:36:12 - [MESSAGE][INFO] - Checking called Test Case

2021-11-11 09:36:12 - [MESSAGE][INFO] - Starting to call Test Case 'Test Cases/Butonlar/AltButonaTikla'

2021-11-11 09:36:12 - [TEST_CASE][PASSED] - Test Cases/Butonlar/AltButonaTikla: Test Cases/Butonlar/AltButonaTikla

2021-11-11 09:36:12 - [TEST_STEP][PASSED] - Method.TextDegerineEsitElementeTikla(findTestObject("Butonlar/AltButonlar"), Alt_Buton): Method.TextDegerineEsitElementeTikla is PASSED

2021-11-11 09:36:12 - [MESSAGE][INFO] - Finding Test Object 'Object Repository/Butonlar/AltButonlar'

2021-11-11 09:36:12 - [MESSAGE][INFO] - Checking timeout

2021-11-11 09:36:12 - [MESSAGE][INFO] - Finding web element with id: 'Object Repository/Butonlar/AltButonlar' located by 'By.cssSelector: .btn-group.open li>a' in '10' second(s)

2021-11-11 09:36:12 - [MESSAGE][INFO] - Smart Wait Function is triggered

2021-11-11 09:36:12 - [MESSAGE][INFO] - Found 4 web elements with id: 'Object Repository/Butonlar/AltButonlar' located by 'By.cssSelector: .btn-group.open li>a' in '10' second(s)

2021-11-11 09:36:12 - [MESSAGE][PASSED] - Method.TextDegerineEsitElementeTikla is PASSED

2021-11-11 09:36:12 - [MESSAGE][PASSED] - Call Test Case 'Test Cases/Butonlar/AltButonaTikla' successfully

2021-11-11 09:36:12 - [MESSAGE][INFO] - Checking called Test Case

2021-11-11 09:36:12 - [MESSAGE][INFO] - Starting to call Test Case 'Test Cases/Popup/PopupMesajiIceriyorMu'

2021-11-11 09:36:12 - [TEST_CASE][PASSED] - Test Cases/Popup/PopupMesajiIceriyorMu: Test Cases/Popup/PopupMesajiIceriyorMu

2021-11-11 09:36:12 - [TEST_STEP][PASSED] - waitForElementVisible(findTestObject("Popup/Popup"), 10): Object 'Object Repository/Popup/Popup' is visible

2021-11-11 09:36:12 - [MESSAGE][INFO] - Finding Test Object 'Object Repository/Popup/Popup'

2021-11-11 09:36:13 - [MESSAGE][INFO] - Checking object

2021-11-11 09:36:13 - [MESSAGE][INFO] - Checking timeout

2021-11-11 09:36:13 - [MESSAGE][INFO] - Finding web element from Test Object's properties

2021-11-11 09:36:13 - [MESSAGE][INFO] - Checking timeout

2021-11-11 09:36:13 - [MESSAGE][INFO] - Finding web element with id: 'Object Repository/Popup/Popup' located by 'By.cssSelector: .bootbox-body' in '10' second(s)

2021-11-11 09:36:13 - [MESSAGE][INFO] - Smart Wait Function is triggered

2021-11-11 09:36:13 - [MESSAGE][INFO] - Found 1 web elements with id: 'Object Repository/Popup/Popup' located by 'By.cssSelector: .bootbox-body' in '10' second(s)

2021-11-11 09:36:13 - [MESSAGE][PASSED] - Object 'Object Repository/Popup/Popup' is visible

2021-11-11 09:36:13 - [TEST_STEP][PASSED] - if (!(getText(findTestObject("Popup/Popup")).contains(Mesaj))): Text of object 'Object Repository/Popup/Popup' is: 'Lütfen rapor bildiriminin gönderileceği e-posta adresini belirtiniz.
e-Posta Adresi'

2021-11-11 09:36:13 - [MESSAGE][INFO] - Finding Test Object 'Object Repository/Popup/Popup'

2021-11-11 09:36:14 - [MESSAGE][INFO] - Checking object

2021-11-11 09:36:14 - [MESSAGE][INFO] - Finding web element from Test Object's properties

2021-11-11 09:36:14 - [MESSAGE][INFO] - Checking timeout

2021-11-11 09:36:14 - [MESSAGE][INFO] - Finding web element with id: 'Object Repository/Popup/Popup' located by 'By.cssSelector: .bootbox-body' in '30' second(s)

2021-11-11 09:36:14 - [MESSAGE][INFO] - Smart Wait Function is triggered

2021-11-11 09:36:14 - [MESSAGE][INFO] - Found 1 web elements with id: 'Object Repository/Popup/Popup' located by 'By.cssSelector: .bootbox-body' in '30' second(s)

2021-11-11 09:36:14 - [MESSAGE][INFO] - Getting text of object 'Object Repository/Popup/Popup'

2021-11-11 09:36:14 - [MESSAGE][PASSED] - Text of object 'Object Repository/Popup/Popup' is: 'Lütfen rapor bildiriminin gönderileceği e-posta adresini belirtiniz.
e-Posta Adresi'

2021-11-11 09:36:14 - [TEST_STEP][PASSED] - RaporNo = getText(findTestObject("Popup/Popup")).substring(0, 6): Text of object 'Object Repository/Popup/Popup' is: 'Lütfen rapor bildiriminin gönderileceği e-posta adresini belirtiniz.
e-Posta Adresi'

2021-11-11 09:36:14 - [MESSAGE][INFO] - Finding Test Object 'Object Repository/Popup/Popup'

2021-11-11 09:36:14 - [MESSAGE][INFO] - Checking object

2021-11-11 09:36:14 - [MESSAGE][INFO] - Finding web element from Test Object's properties

2021-11-11 09:36:14 - [MESSAGE][INFO] - Checking timeout

2021-11-11 09:36:14 - [MESSAGE][INFO] - Finding web element with id: 'Object Repository/Popup/Popup' located by 'By.cssSelector: .bootbox-body' in '30' second(s)

2021-11-11 09:36:14 - [MESSAGE][INFO] - Smart Wait Function is triggered

2021-11-11 09:36:14 - [MESSAGE][INFO] - Found 1 web elements with id: 'Object Repository/Popup/Popup' located by 'By.cssSelector: .bootbox-body' in '30' second(s)

2021-11-11 09:36:14 - [MESSAGE][INFO] - Getting text of object 'Object Repository/Popup/Popup'

2021-11-11 09:36:14 - [MESSAGE][PASSED] - Text of object 'Object Repository/Popup/Popup' is: 'Lütfen rapor bildiriminin gönderileceği e-posta adresini belirtiniz.
e-Posta Adresi'

2021-11-11 09:36:14 - [TEST_STEP][PASSED] - Console.println(RaporNo): null

2021-11-11 09:36:14 - [MESSAGE][PASSED] - Call Test Case 'Test Cases/Popup/PopupMesajiIceriyorMu' successfully

2021-11-11 09:36:14 - [MESSAGE][INFO] - Checking called Test Case

2021-11-11 09:36:14 - [MESSAGE][INFO] - Starting to call Test Case 'Test Cases/Popup/PopupaEmailEklenir'

2021-11-11 09:36:14 - [TEST_CASE][PASSED] - Test Cases/Popup/PopupaEmailEklenir: Test Cases/Popup/PopupaEmailEklenir

2021-11-11 09:36:14 - [TEST_STEP][PASSED] - clearText(findTestObject("Popup/EmailText")): Text of object 'Object Repository/Popup/EmailText' is cleared

2021-11-11 09:36:14 - [MESSAGE][INFO] - Finding Test Object 'Object Repository/Popup/EmailText'

2021-11-11 09:36:14 - [MESSAGE][INFO] - Checking object

2021-11-11 09:36:14 - [MESSAGE][INFO] - Finding web element from Test Object's properties

2021-11-11 09:36:14 - [MESSAGE][INFO] - Checking timeout

2021-11-11 09:36:14 - [MESSAGE][INFO] - Finding web element with id: 'Object Repository/Popup/EmailText' located by 'By.xpath: //*[@id="eMails"]' in '30' second(s)

2021-11-11 09:36:14 - [MESSAGE][INFO] - Smart Wait Function is triggered

2021-11-11 09:36:15 - [MESSAGE][INFO] - Found 1 web elements with id: 'Object Repository/Popup/EmailText' located by 'By.xpath: //*[@id="eMails"]' in '30' second(s)

2021-11-11 09:36:15 - [MESSAGE][INFO] - Clearing text of object 'Object Repository/Popup/EmailText'

2021-11-11 09:36:15 - [MESSAGE][PASSED] - Text of object 'Object Repository/Popup/EmailText' is cleared

2021-11-11 09:36:15 - [TEST_STEP][PASSED] - sendKeys(findTestObject("Popup/EmailText"), Email): Keys 'elogotest@gmail.com;ali.kara@logo.com.tr' sent to object: 'Object Repository/Popup/EmailText'

2021-11-11 09:36:15 - [MESSAGE][INFO] - Finding Test Object 'Object Repository/Popup/EmailText'

2021-11-11 09:36:15 - [MESSAGE][INFO] - Sending keys 'elogotest@gmail.com;ali.kara@logo.com.tr' to object: 'Object Repository/Popup/EmailText'

2021-11-11 09:36:15 - [MESSAGE][INFO] - Finding web element from Test Object's properties

2021-11-11 09:36:15 - [MESSAGE][INFO] - Checking timeout

2021-11-11 09:36:15 - [MESSAGE][INFO] - Finding web element with id: 'Object Repository/Popup/EmailText' located by 'By.xpath: //*[@id="eMails"]' in '30' second(s)

2021-11-11 09:36:15 - [MESSAGE][INFO] - Smart Wait Function is triggered

2021-11-11 09:36:15 - [MESSAGE][INFO] - Found 1 web elements with id: 'Object Repository/Popup/EmailText' located by 'By.xpath: //*[@id="eMails"]' in '30' second(s)

2021-11-11 09:36:15 - [MESSAGE][PASSED] - Keys 'elogotest@gmail.com;ali.kara@logo.com.tr' sent to object: 'Object Repository/Popup/EmailText'

2021-11-11 09:36:15 - [MESSAGE][PASSED] - Call Test Case 'Test Cases/Popup/PopupaEmailEklenir' successfully

2021-11-11 09:36:15 - [MESSAGE][INFO] - Checking called Test Case

2021-11-11 09:36:15 - [MESSAGE][INFO] - Starting to call Test Case 'Test Cases/Popup/PopupButonSecilir'

2021-11-11 09:36:15 - [TEST_CASE][PASSED] - Test Cases/Popup/PopupButonSecilir: Test Cases/Popup/PopupButonSecilir

2021-11-11 09:36:15 - [TEST_STEP][PASSED] - Method.TextDegerineEsitElementeTikla(findTestObject("Popup/Popup_Butons"), Buton): Method.TextDegerineEsitElementeTikla is PASSED

2021-11-11 09:36:15 - [MESSAGE][INFO] - Finding Test Object 'Object Repository/Popup/Popup_Butons'

2021-11-11 09:36:15 - [MESSAGE][INFO] - Checking timeout

2021-11-11 09:36:15 - [MESSAGE][INFO] - Finding web element with id: 'Object Repository/Popup/Popup_Butons' located by 'By.cssSelector: .modal-footer>button' in '10' second(s)

2021-11-11 09:36:15 - [MESSAGE][INFO] - Smart Wait Function is triggered

2021-11-11 09:36:16 - [MESSAGE][INFO] - Found 2 web elements with id: 'Object Repository/Popup/Popup_Butons' located by 'By.cssSelector: .modal-footer>button' in '10' second(s)

2021-11-11 09:36:16 - [MESSAGE][PASSED] - Method.TextDegerineEsitElementeTikla is PASSED

2021-11-11 09:36:16 - [MESSAGE][PASSED] - Call Test Case 'Test Cases/Popup/PopupButonSecilir' successfully

2021-11-11 09:36:16 - [MESSAGE][INFO] - Checking called Test Case

2021-11-11 09:36:16 - [MESSAGE][INFO] - Starting to call Test Case 'Test Cases/Popup/PopupMesajiIceriyorMu'

2021-11-11 09:36:16 - [TEST_CASE][PASSED] - Test Cases/Popup/PopupMesajiIceriyorMu: Test Cases/Popup/PopupMesajiIceriyorMu

2021-11-11 09:36:16 - [TEST_STEP][PASSED] - waitForElementVisible(findTestObject("Popup/Popup"), 10): Object 'Object Repository/Popup/Popup' is visible

2021-11-11 09:36:16 - [MESSAGE][INFO] - Finding Test Object 'Object Repository/Popup/Popup'

2021-11-11 09:36:16 - [MESSAGE][INFO] - Checking object

2021-11-11 09:36:16 - [MESSAGE][INFO] - Checking timeout

2021-11-11 09:36:16 - [MESSAGE][INFO] - Finding web element from Test Object's properties

2021-11-11 09:36:16 - [MESSAGE][INFO] - Checking timeout

2021-11-11 09:36:16 - [MESSAGE][INFO] - Finding web element with id: 'Object Repository/Popup/Popup' located by 'By.cssSelector: .bootbox-body' in '10' second(s)

2021-11-11 09:36:16 - [MESSAGE][INFO] - Smart Wait Function is triggered

2021-11-11 09:36:16 - [MESSAGE][INFO] - Found 1 web elements with id: 'Object Repository/Popup/Popup' located by 'By.cssSelector: .bootbox-body' in '10' second(s)

2021-11-11 09:36:17 - [MESSAGE][PASSED] - Object 'Object Repository/Popup/Popup' is visible

2021-11-11 09:36:17 - [TEST_STEP][PASSED] - if (!(getText(findTestObject("Popup/Popup")).contains(Mesaj))): Text of object 'Object Repository/Popup/Popup' is: '16251 no’lu talebiniz işleme alınmıştır. Raporunuz hazırlandığında (elogotest@gmail.com;ali.kara@logo.com.tr) adresinize mail gönderilecektir.
Rapor durumunuzu Raporlar > Toplu Veri İndirme ekranından takip edebilir, hazırlandı durumundaki raporlarınızı ilgili menüden indirebilirsiniz.'

2021-11-11 09:36:17 - [MESSAGE][INFO] - Finding Test Object 'Object Repository/Popup/Popup'

2021-11-11 09:36:17 - [MESSAGE][INFO] - Checking object

2021-11-11 09:36:17 - [MESSAGE][INFO] - Finding web element from Test Object's properties

2021-11-11 09:36:17 - [MESSAGE][INFO] - Checking timeout

2021-11-11 09:36:17 - [MESSAGE][INFO] - Finding web element with id: 'Object Repository/Popup/Popup' located by 'By.cssSelector: .bootbox-body' in '30' second(s)

2021-11-11 09:36:17 - [MESSAGE][INFO] - Smart Wait Function is triggered

2021-11-11 09:36:17 - [MESSAGE][INFO] - Found 1 web elements with id: 'Object Repository/Popup/Popup' located by 'By.cssSelector: .bootbox-body' in '30' second(s)

2021-11-11 09:36:17 - [MESSAGE][INFO] - Getting text of object 'Object Repository/Popup/Popup'

2021-11-11 09:36:17 - [MESSAGE][PASSED] - Text of object 'Object Repository/Popup/Popup' is: '16251 no’lu talebiniz işleme alınmıştır. Raporunuz hazırlandığında (elogotest@gmail.com;ali.kara@logo.com.tr) adresinize mail gönderilecektir.
Rapor durumunuzu Raporlar > Toplu Veri İndirme ekranından takip edebilir, hazırlandı durumundaki raporlarınızı ilgili menüden indirebilirsiniz.'

2021-11-11 09:36:17 - [TEST_STEP][PASSED] - RaporNo = getText(findTestObject("Popup/Popup")).substring(0, 6): Text of object 'Object Repository/Popup/Popup' is: '16251 no’lu talebiniz işleme alınmıştır. Raporunuz hazırlandığında (elogotest@gmail.com;ali.kara@logo.com.tr) adresinize mail gönderilecektir.
Rapor durumunuzu Raporlar > Toplu Veri İndirme ekranından takip edebilir, hazırlandı durumundaki raporlarınızı ilgili menüden indirebilirsiniz.'

2021-11-11 09:36:17 - [MESSAGE][INFO] - Finding Test Object 'Object Repository/Popup/Popup'

2021-11-11 09:36:17 - [MESSAGE][INFO] - Checking object

2021-11-11 09:36:17 - [MESSAGE][INFO] - Finding web element from Test Object's properties

2021-11-11 09:36:17 - [MESSAGE][INFO] - Checking timeout

2021-11-11 09:36:17 - [MESSAGE][INFO] - Finding web element with id: 'Object Repository/Popup/Popup' located by 'By.cssSelector: .bootbox-body' in '30' second(s)

2021-11-11 09:36:17 - [MESSAGE][INFO] - Smart Wait Function is triggered

2021-11-11 09:36:17 - [MESSAGE][INFO] - Found 1 web elements with id: 'Object Repository/Popup/Popup' located by 'By.cssSelector: .bootbox-body' in '30' second(s)

2021-11-11 09:36:17 - [MESSAGE][INFO] - Getting text of object 'Object Repository/Popup/Popup'

2021-11-11 09:36:17 - [MESSAGE][PASSED] - Text of object 'Object Repository/Popup/Popup' is: '16251 no’lu talebiniz işleme alınmıştır. Raporunuz hazırlandığında (elogotest@gmail.com;ali.kara@logo.com.tr) adresinize mail gönderilecektir.
Rapor durumunuzu Raporlar > Toplu Veri İndirme ekranından takip edebilir, hazırlandı durumundaki raporlarınızı ilgili menüden indirebilirsiniz.'

2021-11-11 09:36:17 - [TEST_STEP][PASSED] - Console.println(RaporNo): null

2021-11-11 09:36:17 - [MESSAGE][PASSED] - Call Test Case 'Test Cases/Popup/PopupMesajiIceriyorMu' successfully

2021-11-11 09:36:17 - [MESSAGE][INFO] - Checking called Test Case

2021-11-11 09:36:17 - [MESSAGE][INFO] - Starting to call Test Case 'Test Cases/Popup/PopupButonSecilir'

2021-11-11 09:36:17 - [TEST_CASE][PASSED] - Test Cases/Popup/PopupButonSecilir: Test Cases/Popup/PopupButonSecilir

2021-11-11 09:36:17 - [TEST_STEP][PASSED] - Method.TextDegerineEsitElementeTikla(findTestObject("Popup/Popup_Butons"), Buton): Method.TextDegerineEsitElementeTikla is PASSED

2021-11-11 09:36:17 - [MESSAGE][INFO] - Finding Test Object 'Object Repository/Popup/Popup_Butons'

2021-11-11 09:36:17 - [MESSAGE][INFO] - Checking timeout

2021-11-11 09:36:17 - [MESSAGE][INFO] - Finding web element with id: 'Object Repository/Popup/Popup_Butons' located by 'By.cssSelector: .modal-footer>button' in '10' second(s)

2021-11-11 09:36:17 - [MESSAGE][INFO] - Smart Wait Function is triggered

2021-11-11 09:36:18 - [MESSAGE][INFO] - Found 1 web elements with id: 'Object Repository/Popup/Popup_Butons' located by 'By.cssSelector: .modal-footer>button' in '10' second(s)

2021-11-11 09:36:18 - [MESSAGE][PASSED] - Method.TextDegerineEsitElementeTikla is PASSED

2021-11-11 09:36:18 - [MESSAGE][PASSED] - Call Test Case 'Test Cases/Popup/PopupButonSecilir' successfully

2021-11-11 09:36:18 - [MESSAGE][INFO] - Checking called Test Case

2021-11-11 09:36:18 - [MESSAGE][INFO] - Starting to call Test Case 'Test Cases/Butonlar/ButonaTikla'

2021-11-11 09:36:18 - [TEST_CASE][PASSED] - Test Cases/Butonlar/ButonaTikla: Test Cases/Butonlar/ButonaTikla

2021-11-11 09:36:18 - [TEST_STEP][PASSED] - Method.TextDegerineEsitElementeTiklaEquals(findTestObject("Butonlar/Butonlar"), Buton_Adi): Method.TextDegerineEsitElementeTiklaEquals is PASSED

2021-11-11 09:36:18 - [MESSAGE][INFO] - Finding Test Object 'Object Repository/Butonlar/Butonlar'

2021-11-11 09:36:18 - [MESSAGE][INFO] - Checking timeout

2021-11-11 09:36:18 - [MESSAGE][INFO] - Finding web element with id: 'Object Repository/Butonlar/Butonlar' located by 'By.cssSelector: .panel.panel-default.text-center.footerPanel .btn,.btn.btn-primary.btnControls' in '10' second(s)

2021-11-11 09:36:18 - [MESSAGE][INFO] - Smart Wait Function is triggered

2021-11-11 09:36:19 - [MESSAGE][INFO] - Found 12 web elements with id: 'Object Repository/Butonlar/Butonlar' located by 'By.cssSelector: .panel.panel-default.text-center.footerPanel .btn,.btn.btn-primary.btnControls' in '10' second(s)

2021-11-11 09:36:19 - [MESSAGE][PASSED] - Method.TextDegerineEsitElementeTiklaEquals is PASSED

2021-11-11 09:36:19 - [MESSAGE][PASSED] - Call Test Case 'Test Cases/Butonlar/ButonaTikla' successfully

2021-11-11 09:36:19 - [MESSAGE][INFO] - Checking called Test Case

2021-11-11 09:36:19 - [MESSAGE][INFO] - Starting to call Test Case 'Test Cases/Butonlar/AltButonaTikla'

2021-11-11 09:36:19 - [TEST_CASE][PASSED] - Test Cases/Butonlar/AltButonaTikla: Test Cases/Butonlar/AltButonaTikla

2021-11-11 09:36:19 - [TEST_STEP][PASSED] - Method.TextDegerineEsitElementeTikla(findTestObject("Butonlar/AltButonlar"), Alt_Buton): Method.TextDegerineEsitElementeTikla is PASSED

2021-11-11 09:36:19 - [MESSAGE][INFO] - Finding Test Object 'Object Repository/Butonlar/AltButonlar'

2021-11-11 09:36:19 - [MESSAGE][INFO] - Checking timeout

2021-11-11 09:36:19 - [MESSAGE][INFO] - Finding web element with id: 'Object Repository/Butonlar/AltButonlar' located by 'By.cssSelector: .btn-group.open li>a' in '10' second(s)

2021-11-11 09:36:19 - [MESSAGE][INFO] - Smart Wait Function is triggered

2021-11-11 09:36:19 - [MESSAGE][INFO] - Found 4 web elements with id: 'Object Repository/Butonlar/AltButonlar' located by 'By.cssSelector: .btn-group.open li>a' in '10' second(s)

2021-11-11 09:36:19 - [MESSAGE][PASSED] - Method.TextDegerineEsitElementeTikla is PASSED

2021-11-11 09:36:19 - [MESSAGE][PASSED] - Call Test Case 'Test Cases/Butonlar/AltButonaTikla' successfully

2021-11-11 09:36:19 - [MESSAGE][INFO] - Checking called Test Case

2021-11-11 09:36:19 - [MESSAGE][INFO] - Starting to call Test Case 'Test Cases/Popup/PopupMesajiIceriyorMu'

2021-11-11 09:36:19 - [TEST_CASE][PASSED] - Test Cases/Popup/PopupMesajiIceriyorMu: Test Cases/Popup/PopupMesajiIceriyorMu

2021-11-11 09:36:19 - [TEST_STEP][PASSED] - waitForElementVisible(findTestObject("Popup/Popup"), 10): Object 'Object Repository/Popup/Popup' is visible

2021-11-11 09:36:19 - [MESSAGE][INFO] - Finding Test Object 'Object Repository/Popup/Popup'

2021-11-11 09:36:19 - [MESSAGE][INFO] - Checking object

2021-11-11 09:36:19 - [MESSAGE][INFO] - Checking timeout

2021-11-11 09:36:19 - [MESSAGE][INFO] - Finding web element from Test Object's properties

2021-11-11 09:36:19 - [MESSAGE][INFO] - Checking timeout

2021-11-11 09:36:19 - [MESSAGE][INFO] - Finding web element with id: 'Object Repository/Popup/Popup' located by 'By.cssSelector: .bootbox-body' in '10' second(s)

2021-11-11 09:36:19 - [MESSAGE][INFO] - Smart Wait Function is triggered

2021-11-11 09:36:20 - [MESSAGE][INFO] - Found 1 web elements with id: 'Object Repository/Popup/Popup' located by 'By.cssSelector: .bootbox-body' in '10' second(s)

2021-11-11 09:36:20 - [MESSAGE][PASSED] - Object 'Object Repository/Popup/Popup' is visible

2021-11-11 09:36:20 - [TEST_STEP][PASSED] - if (!(getText(findTestObject("Popup/Popup")).contains(Mesaj))): Text of object 'Object Repository/Popup/Popup' is: 'Lütfen rapor bildiriminin gönderileceği e-posta adresini belirtiniz.
e-Posta Adresi'

2021-11-11 09:36:20 - [MESSAGE][INFO] - Finding Test Object 'Object Repository/Popup/Popup'

2021-11-11 09:36:20 - [MESSAGE][INFO] - Checking object

2021-11-11 09:36:20 - [MESSAGE][INFO] - Finding web element from Test Object's properties

2021-11-11 09:36:20 - [MESSAGE][INFO] - Checking timeout

2021-11-11 09:36:20 - [MESSAGE][INFO] - Finding web element with id: 'Object Repository/Popup/Popup' located by 'By.cssSelector: .bootbox-body' in '30' second(s)

2021-11-11 09:36:20 - [MESSAGE][INFO] - Smart Wait Function is triggered

2021-11-11 09:36:20 - [MESSAGE][INFO] - Found 1 web elements with id: 'Object Repository/Popup/Popup' located by 'By.cssSelector: .bootbox-body' in '30' second(s)

2021-11-11 09:36:20 - [MESSAGE][INFO] - Getting text of object 'Object Repository/Popup/Popup'

2021-11-11 09:36:20 - [MESSAGE][PASSED] - Text of object 'Object Repository/Popup/Popup' is: 'Lütfen rapor bildiriminin gönderileceği e-posta adresini belirtiniz.
e-Posta Adresi'

2021-11-11 09:36:20 - [TEST_STEP][PASSED] - RaporNo = getText(findTestObject("Popup/Popup")).substring(0, 6): Text of object 'Object Repository/Popup/Popup' is: 'Lütfen rapor bildiriminin gönderileceği e-posta adresini belirtiniz.
e-Posta Adresi'

2021-11-11 09:36:20 - [MESSAGE][INFO] - Finding Test Object 'Object Repository/Popup/Popup'

2021-11-11 09:36:20 - [MESSAGE][INFO] - Checking object

2021-11-11 09:36:20 - [MESSAGE][INFO] - Finding web element from Test Object's properties

2021-11-11 09:36:20 - [MESSAGE][INFO] - Checking timeout

2021-11-11 09:36:20 - [MESSAGE][INFO] - Finding web element with id: 'Object Repository/Popup/Popup' located by 'By.cssSelector: .bootbox-body' in '30' second(s)

2021-11-11 09:36:20 - [MESSAGE][INFO] - Smart Wait Function is triggered

2021-11-11 09:36:21 - [MESSAGE][INFO] - Found 1 web elements with id: 'Object Repository/Popup/Popup' located by 'By.cssSelector: .bootbox-body' in '30' second(s)

2021-11-11 09:36:21 - [MESSAGE][INFO] - Getting text of object 'Object Repository/Popup/Popup'

2021-11-11 09:36:21 - [MESSAGE][PASSED] - Text of object 'Object Repository/Popup/Popup' is: 'Lütfen rapor bildiriminin gönderileceği e-posta adresini belirtiniz.
e-Posta Adresi'

2021-11-11 09:36:21 - [TEST_STEP][PASSED] - Console.println(RaporNo): null

2021-11-11 09:36:21 - [MESSAGE][PASSED] - Call Test Case 'Test Cases/Popup/PopupMesajiIceriyorMu' successfully

2021-11-11 09:36:21 - [MESSAGE][INFO] - Checking called Test Case

2021-11-11 09:36:21 - [MESSAGE][INFO] - Starting to call Test Case 'Test Cases/Popup/PopupaEmailEklenir'

2021-11-11 09:36:21 - [TEST_CASE][PASSED] - Test Cases/Popup/PopupaEmailEklenir: Test Cases/Popup/PopupaEmailEklenir

2021-11-11 09:36:21 - [TEST_STEP][PASSED] - clearText(findTestObject("Popup/EmailText")): Text of object 'Object Repository/Popup/EmailText' is cleared

2021-11-11 09:36:21 - [MESSAGE][INFO] - Finding Test Object 'Object Repository/Popup/EmailText'

2021-11-11 09:36:21 - [MESSAGE][INFO] - Checking object

2021-11-11 09:36:21 - [MESSAGE][INFO] - Finding web element from Test Object's properties

2021-11-11 09:36:21 - [MESSAGE][INFO] - Checking timeout

2021-11-11 09:36:21 - [MESSAGE][INFO] - Finding web element with id: 'Object Repository/Popup/EmailText' located by 'By.xpath: //*[@id="eMails"]' in '30' second(s)

2021-11-11 09:36:21 - [MESSAGE][INFO] - Smart Wait Function is triggered

2021-11-11 09:36:21 - [MESSAGE][INFO] - Found 1 web elements with id: 'Object Repository/Popup/EmailText' located by 'By.xpath: //*[@id="eMails"]' in '30' second(s)

2021-11-11 09:36:21 - [MESSAGE][INFO] - Clearing text of object 'Object Repository/Popup/EmailText'

2021-11-11 09:36:21 - [MESSAGE][PASSED] - Text of object 'Object Repository/Popup/EmailText' is cleared

2021-11-11 09:36:21 - [TEST_STEP][PASSED] - sendKeys(findTestObject("Popup/EmailText"), Email): Keys 'elogotest@gmail.com;ali.kara@logo.com.tr' sent to object: 'Object Repository/Popup/EmailText'

2021-11-11 09:36:21 - [MESSAGE][INFO] - Finding Test Object 'Object Repository/Popup/EmailText'

2021-11-11 09:36:21 - [MESSAGE][INFO] - Sending keys 'elogotest@gmail.com;ali.kara@logo.com.tr' to object: 'Object Repository/Popup/EmailText'

2021-11-11 09:36:21 - [MESSAGE][INFO] - Finding web element from Test Object's properties

2021-11-11 09:36:21 - [MESSAGE][INFO] - Checking timeout

2021-11-11 09:36:21 - [MESSAGE][INFO] - Finding web element with id: 'Object Repository/Popup/EmailText' located by 'By.xpath: //*[@id="eMails"]' in '30' second(s)

2021-11-11 09:36:21 - [MESSAGE][INFO] - Smart Wait Function is triggered

2021-11-11 09:36:21 - [MESSAGE][INFO] - Found 1 web elements with id: 'Object Repository/Popup/EmailText' located by 'By.xpath: //*[@id="eMails"]' in '30' second(s)

2021-11-11 09:36:22 - [MESSAGE][PASSED] - Keys 'elogotest@gmail.com;ali.kara@logo.com.tr' sent to object: 'Object Repository/Popup/EmailText'

2021-11-11 09:36:22 - [MESSAGE][PASSED] - Call Test Case 'Test Cases/Popup/PopupaEmailEklenir' successfully

2021-11-11 09:36:22 - [MESSAGE][INFO] - Checking called Test Case

2021-11-11 09:36:22 - [MESSAGE][INFO] - Starting to call Test Case 'Test Cases/Popup/PopupButonSecilir'

2021-11-11 09:36:22 - [TEST_CASE][PASSED] - Test Cases/Popup/PopupButonSecilir: Test Cases/Popup/PopupButonSecilir

2021-11-11 09:36:22 - [TEST_STEP][PASSED] - Method.TextDegerineEsitElementeTikla(findTestObject("Popup/Popup_Butons"), Buton): Method.TextDegerineEsitElementeTikla is PASSED

2021-11-11 09:36:22 - [MESSAGE][INFO] - Finding Test Object 'Object Repository/Popup/Popup_Butons'

2021-11-11 09:36:22 - [MESSAGE][INFO] - Checking timeout

2021-11-11 09:36:22 - [MESSAGE][INFO] - Finding web element with id: 'Object Repository/Popup/Popup_Butons' located by 'By.cssSelector: .modal-footer>button' in '10' second(s)

2021-11-11 09:36:22 - [MESSAGE][INFO] - Smart Wait Function is triggered

2021-11-11 09:36:22 - [MESSAGE][INFO] - Found 2 web elements with id: 'Object Repository/Popup/Popup_Butons' located by 'By.cssSelector: .modal-footer>button' in '10' second(s)

2021-11-11 09:36:22 - [MESSAGE][PASSED] - Method.TextDegerineEsitElementeTikla is PASSED

2021-11-11 09:36:22 - [MESSAGE][PASSED] - Call Test Case 'Test Cases/Popup/PopupButonSecilir' successfully

2021-11-11 09:36:22 - [MESSAGE][INFO] - Checking called Test Case

2021-11-11 09:36:22 - [MESSAGE][INFO] - Starting to call Test Case 'Test Cases/Popup/PopupMesajiIceriyorMu'

2021-11-11 09:36:22 - [TEST_CASE][PASSED] - Test Cases/Popup/PopupMesajiIceriyorMu: Test Cases/Popup/PopupMesajiIceriyorMu

2021-11-11 09:36:22 - [TEST_STEP][PASSED] - waitForElementVisible(findTestObject("Popup/Popup"), 10): Object 'Object Repository/Popup/Popup' is visible

2021-11-11 09:36:22 - [MESSAGE][INFO] - Finding Test Object 'Object Repository/Popup/Popup'

2021-11-11 09:36:22 - [MESSAGE][INFO] - Checking object

2021-11-11 09:36:22 - [MESSAGE][INFO] - Checking timeout

2021-11-11 09:36:22 - [MESSAGE][INFO] - Finding web element from Test Object's properties

2021-11-11 09:36:22 - [MESSAGE][INFO] - Checking timeout

2021-11-11 09:36:22 - [MESSAGE][INFO] - Finding web element with id: 'Object Repository/Popup/Popup' located by 'By.cssSelector: .bootbox-body' in '10' second(s)

2021-11-11 09:36:22 - [MESSAGE][INFO] - Smart Wait Function is triggered

2021-11-11 09:36:23 - [MESSAGE][INFO] - Found 1 web elements with id: 'Object Repository/Popup/Popup' located by 'By.cssSelector: .bootbox-body' in '10' second(s)

2021-11-11 09:36:23 - [MESSAGE][PASSED] - Object 'Object Repository/Popup/Popup' is visible

2021-11-11 09:36:23 - [TEST_STEP][PASSED] - if (!(getText(findTestObject("Popup/Popup")).contains(Mesaj))): Text of object 'Object Repository/Popup/Popup' is: '16252 no’lu talebiniz işleme alınmıştır. Raporunuz hazırlandığında (elogotest@gmail.com;ali.kara@logo.com.tr) adresinize mail gönderilecektir.
Rapor durumunuzu Raporlar > Toplu Veri İndirme ekranından takip edebilir, hazırlandı durumundaki raporlarınızı ilgili menüden indirebilirsiniz.'

2021-11-11 09:36:23 - [MESSAGE][INFO] - Finding Test Object 'Object Repository/Popup/Popup'

2021-11-11 09:36:23 - [MESSAGE][INFO] - Checking object

2021-11-11 09:36:23 - [MESSAGE][INFO] - Finding web element from Test Object's properties

2021-11-11 09:36:23 - [MESSAGE][INFO] - Checking timeout

2021-11-11 09:36:23 - [MESSAGE][INFO] - Finding web element with id: 'Object Repository/Popup/Popup' located by 'By.cssSelector: .bootbox-body' in '30' second(s)

2021-11-11 09:36:23 - [MESSAGE][INFO] - Smart Wait Function is triggered

2021-11-11 09:36:23 - [MESSAGE][INFO] - Found 1 web elements with id: 'Object Repository/Popup/Popup' located by 'By.cssSelector: .bootbox-body' in '30' second(s)

2021-11-11 09:36:23 - [MESSAGE][INFO] - Getting text of object 'Object Repository/Popup/Popup'

2021-11-11 09:36:23 - [MESSAGE][PASSED] - Text of object 'Object Repository/Popup/Popup' is: '16252 no’lu talebiniz işleme alınmıştır. Raporunuz hazırlandığında (elogotest@gmail.com;ali.kara@logo.com.tr) adresinize mail gönderilecektir.
Rapor durumunuzu Raporlar > Toplu Veri İndirme ekranından takip edebilir, hazırlandı durumundaki raporlarınızı ilgili menüden indirebilirsiniz.'

2021-11-11 09:36:23 - [TEST_STEP][PASSED] - RaporNo = getText(findTestObject("Popup/Popup")).substring(0, 6): Text of object 'Object Repository/Popup/Popup' is: '16252 no’lu talebiniz işleme alınmıştır. Raporunuz hazırlandığında (elogotest@gmail.com;ali.kara@logo.com.tr) adresinize mail gönderilecektir.
Rapor durumunuzu Raporlar > Toplu Veri İndirme ekranından takip edebilir, hazırlandı durumundaki raporlarınızı ilgili menüden indirebilirsiniz.'

2021-11-11 09:36:23 - [MESSAGE][INFO] - Finding Test Object 'Object Repository/Popup/Popup'

2021-11-11 09:36:23 - [MESSAGE][INFO] - Checking object

2021-11-11 09:36:23 - [MESSAGE][INFO] - Finding web element from Test Object's properties

2021-11-11 09:36:23 - [MESSAGE][INFO] - Checking timeout

2021-11-11 09:36:23 - [MESSAGE][INFO] - Finding web element with id: 'Object Repository/Popup/Popup' located by 'By.cssSelector: .bootbox-body' in '30' second(s)

2021-11-11 09:36:23 - [MESSAGE][INFO] - Smart Wait Function is triggered

2021-11-11 09:36:24 - [MESSAGE][INFO] - Found 1 web elements with id: 'Object Repository/Popup/Popup' located by 'By.cssSelector: .bootbox-body' in '30' second(s)

2021-11-11 09:36:24 - [MESSAGE][INFO] - Getting text of object 'Object Repository/Popup/Popup'

2021-11-11 09:36:24 - [MESSAGE][PASSED] - Text of object 'Object Repository/Popup/Popup' is: '16252 no’lu talebiniz işleme alınmıştır. Raporunuz hazırlandığında (elogotest@gmail.com;ali.kara@logo.com.tr) adresinize mail gönderilecektir.
Rapor durumunuzu Raporlar > Toplu Veri İndirme ekranından takip edebilir, hazırlandı durumundaki raporlarınızı ilgili menüden indirebilirsiniz.'

2021-11-11 09:36:24 - [TEST_STEP][PASSED] - Console.println(RaporNo): null

2021-11-11 09:36:24 - [MESSAGE][PASSED] - Call Test Case 'Test Cases/Popup/PopupMesajiIceriyorMu' successfully

2021-11-11 09:36:24 - [MESSAGE][INFO] - Checking called Test Case

2021-11-11 09:36:24 - [MESSAGE][INFO] - Starting to call Test Case 'Test Cases/Popup/PopupButonSecilir'

2021-11-11 09:36:24 - [TEST_CASE][PASSED] - Test Cases/Popup/PopupButonSecilir: Test Cases/Popup/PopupButonSecilir

2021-11-11 09:36:24 - [TEST_STEP][PASSED] - Method.TextDegerineEsitElementeTikla(findTestObject("Popup/Popup_Butons"), Buton): Method.TextDegerineEsitElementeTikla is PASSED

2021-11-11 09:36:24 - [MESSAGE][INFO] - Finding Test Object 'Object Repository/Popup/Popup_Butons'

2021-11-11 09:36:24 - [MESSAGE][INFO] - Checking timeout

2021-11-11 09:36:24 - [MESSAGE][INFO] - Finding web element with id: 'Object Repository/Popup/Popup_Butons' located by 'By.cssSelector: .modal-footer>button' in '10' second(s)

2021-11-11 09:36:24 - [MESSAGE][INFO] - Smart Wait Function is triggered

2021-11-11 09:36:24 - [MESSAGE][INFO] - Found 1 web elements with id: 'Object Repository/Popup/Popup_Butons' located by 'By.cssSelector: .modal-footer>button' in '10' second(s)

2021-11-11 09:36:24 - [MESSAGE][PASSED] - Method.TextDegerineEsitElementeTikla is PASSED

2021-11-11 09:36:24 - [MESSAGE][PASSED] - Call Test Case 'Test Cases/Popup/PopupButonSecilir' successfully

2021-11-11 09:36:24 - [MESSAGE][INFO] - Checking called Test Case

2021-11-11 09:36:24 - [MESSAGE][INFO] - Starting to call Test Case 'Test Cases/Menu/AnaMenuSecimi'

2021-11-11 09:36:24 - [TEST_CASE][PASSED] - Test Cases/Menu/AnaMenuSecimi: Test Cases/Menu/AnaMenuSecimi

2021-11-11 09:36:24 - [TEST_STEP][PASSED] - Method.TextDegerineEsitElementeTikla(findTestObject("Menu/Ana_Menu"), Ana_Menu): Method.TextDegerineEsitElementeTikla is PASSED

2021-11-11 09:36:24 - [MESSAGE][INFO] - Finding Test Object 'Object Repository/Menu/Ana_Menu'

2021-11-11 09:36:24 - [MESSAGE][INFO] - Checking timeout

2021-11-11 09:36:24 - [MESSAGE][INFO] - Finding web element with id: 'Object Repository/Menu/Ana_Menu' located by 'By.xpath: //*[@class = 'dropdown-toggle']' in '10' second(s)

2021-11-11 09:36:24 - [MESSAGE][INFO] - Smart Wait Function is triggered

2021-11-11 09:36:25 - [MESSAGE][INFO] - Found 14 web elements with id: 'Object Repository/Menu/Ana_Menu' located by 'By.xpath: //*[@class = 'dropdown-toggle']' in '10' second(s)

2021-11-11 09:36:25 - [MESSAGE][PASSED] - Method.TextDegerineEsitElementeTikla is PASSED

2021-11-11 09:36:25 - [MESSAGE][PASSED] - Call Test Case 'Test Cases/Menu/AnaMenuSecimi' successfully

2021-11-11 09:36:25 - [MESSAGE][INFO] - Checking called Test Case

2021-11-11 09:36:25 - [MESSAGE][INFO] - Starting to call Test Case 'Test Cases/Menu/AltMenuSecimi'

2021-11-11 09:36:26 - [TEST_CASE][PASSED] - Test Cases/Menu/AltMenuSecimi: Test Cases/Menu/AltMenuSecimi

2021-11-11 09:36:26 - [TEST_STEP][PASSED] - Method.TextDegerineEsitElementeTikla(findTestObject("Menu/Alt_Menu"), Alt_Menu): Method.TextDegerineEsitElementeTikla is PASSED

2021-11-11 09:36:26 - [MESSAGE][INFO] - Finding Test Object 'Object Repository/Menu/Alt_Menu'

2021-11-11 09:36:26 - [MESSAGE][INFO] - Checking timeout

2021-11-11 09:36:26 - [MESSAGE][INFO] - Finding web element with id: 'Object Repository/Menu/Alt_Menu' located by 'By.xpath: //li[@class='dropdown dropdown-large open']//li[@class='dropdown-element']' in '10' second(s)

2021-11-11 09:36:26 - [MESSAGE][INFO] - Smart Wait Function is triggered

2021-11-11 09:36:26 - [MESSAGE][INFO] - Found 9 web elements with id: 'Object Repository/Menu/Alt_Menu' located by 'By.xpath: //li[@class='dropdown dropdown-large open']//li[@class='dropdown-element']' in '10' second(s)

2021-11-11 09:36:27 - [MESSAGE][PASSED] - Method.TextDegerineEsitElementeTikla is PASSED

2021-11-11 09:36:27 - [MESSAGE][PASSED] - Call Test Case 'Test Cases/Menu/AltMenuSecimi' successfully

2021-11-11 09:36:27 - [MESSAGE][INFO] - Checking called Test Case

2021-11-11 09:36:27 - [MESSAGE][INFO] - Starting to call Test Case 'Test Cases/Filtreler/RaporNoYaz'

2021-11-11 09:36:27 - [TEST_CASE][PASSED] - Test Cases/Filtreler/RaporNoYaz: Test Cases/Filtreler/RaporNoYaz

2021-11-11 09:36:27 - [TEST_STEP][PASSED] - Method.TextDegerineEsitElementinAltindakiTextboxtaYaz(findTestObject("Filtreler/Basliklar"), findTestObject("Filtreler/Basliga_Gore_Textbox"), "Talep No", RaporNo): Method.TextDegerineEsitElementinAltindakiTextboxtaYaz is PASSED

2021-11-11 09:36:27 - [MESSAGE][INFO] - Finding Test Object 'Object Repository/Filtreler/Basliklar'

2021-11-11 09:36:27 - [MESSAGE][INFO] - Finding Test Object 'Object Repository/Filtreler/Basliga_Gore_Textbox'

2021-11-11 09:36:27 - [MESSAGE][INFO] - Checking timeout

2021-11-11 09:36:27 - [MESSAGE][INFO] - Finding web element with id: 'Object Repository/Filtreler/Basliklar' located by 'By.cssSelector: .control-label.col-sm-4.paddingMarginRLC' in '10' second(s)

2021-11-11 09:36:27 - [MESSAGE][INFO] - Smart Wait Function is triggered

2021-11-11 09:36:27 - [MESSAGE][INFO] - Found 8 web elements with id: 'Object Repository/Filtreler/Basliklar' located by 'By.cssSelector: .control-label.col-sm-4.paddingMarginRLC' in '10' second(s)

2021-11-11 09:36:27 - [MESSAGE][INFO] - Smart Wait Function is triggered

2021-11-11 09:36:28 - [MESSAGE][PASSED] - Method.TextDegerineEsitElementinAltindakiTextboxtaYaz is PASSED

2021-11-11 09:36:28 - [MESSAGE][PASSED] - Call Test Case 'Test Cases/Filtreler/RaporNoYaz' successfully

2021-11-11 09:36:28 - [MESSAGE][INFO] - Checking called Test Case

2021-11-11 09:36:28 - [MESSAGE][INFO] - Starting to call Test Case 'Test Cases/Filtreler/ButonaTikla'

2021-11-11 09:36:28 - [TEST_CASE][PASSED] - Test Cases/Filtreler/ButonaTikla: Test Cases/Filtreler/ButonaTikla

2021-11-11 09:36:28 - [TEST_STEP][PASSED] - Method.TextDegerineEsitElementeTikla(findTestObject("Filtreler/Butonlar"), Filtre_Buton): Method.TextDegerineEsitElementeTikla is PASSED

2021-11-11 09:36:28 - [MESSAGE][INFO] - Finding Test Object 'Object Repository/Filtreler/Butonlar'

2021-11-11 09:36:28 - [MESSAGE][INFO] - Checking timeout

2021-11-11 09:36:28 - [MESSAGE][INFO] - Finding web element with id: 'Object Repository/Filtreler/Butonlar' located by 'By.cssSelector: .dxb>span' in '10' second(s)

2021-11-11 09:36:28 - [MESSAGE][INFO] - Smart Wait Function is triggered

2021-11-11 09:36:28 - [MESSAGE][INFO] - Found 2 web elements with id: 'Object Repository/Filtreler/Butonlar' located by 'By.cssSelector: .dxb>span' in '10' second(s)

2021-11-11 09:36:28 - [MESSAGE][PASSED] - Method.TextDegerineEsitElementeTikla is PASSED

2021-11-11 09:36:28 - [MESSAGE][PASSED] - Call Test Case 'Test Cases/Filtreler/ButonaTikla' successfully

2021-11-11 09:36:28 - [MESSAGE][INFO] - Checking called Test Case

2021-11-11 09:36:28 - [MESSAGE][INFO] - Starting to call Test Case 'Test Cases/Tablo/TablodaVeriVarMi'

2021-11-11 09:36:28 - [TEST_CASE][PASSED] - Test Cases/Tablo/TablodaVeriVarMi: Test Cases/Tablo/TablodaVeriVarMi

2021-11-11 09:36:28 - [TEST_STEP][PASSED] - verifyTextNotPresent("Görüntülenecek veri yok", true): Text 'Görüntülenecek veri yok' is not present on page using regular expression

2021-11-11 09:36:28 - [MESSAGE][INFO] - Checking text present  using regular expression

2021-11-11 09:36:28 - [MESSAGE][INFO] - Smart Wait Function is triggered

2021-11-11 09:36:29 - [MESSAGE][INFO] - Finding text 'Görüntülenecek veri yok' on page  using regular expression

2021-11-11 09:36:29 - [MESSAGE][PASSED] - Text 'Görüntülenecek veri yok' is not present on page using regular expression

2021-11-11 09:36:29 - [MESSAGE][PASSED] - Call Test Case 'Test Cases/Tablo/TablodaVeriVarMi' successfully

2021-11-11 09:36:29 - [MESSAGE][INFO] - Checking called Test Case

2021-11-11 09:36:29 - [MESSAGE][INFO] - Starting to call Test Case 'Test Cases/Kullanici_Islemleri/KullaniciIslemlerindenSecimYapilir'

2021-11-11 09:36:29 - [TEST_CASE][PASSED] - Test Cases/Kullanici_Islemleri/KullaniciIslemlerindenSecimYapilir: Test Cases/Kullanici_Islemleri/KullaniciIslemlerindenSecimYapilir

2021-11-11 09:36:29 - [TEST_STEP][PASSED] - waitForElementClickable(findTestObject("Object Repository/Kullanici_Islemleri/KullaniciIslemleri"), 10): Object 'Object Repository/Kullanici_Islemleri/KullaniciIslemleri' is clickable

2021-11-11 09:36:29 - [MESSAGE][INFO] - Finding Test Object 'Object Repository/Kullanici_Islemleri/KullaniciIslemleri'

2021-11-11 09:36:29 - [MESSAGE][INFO] - Checking object

2021-11-11 09:36:29 - [MESSAGE][INFO] - Checking timeout

2021-11-11 09:36:29 - [MESSAGE][INFO] - Finding web element from Test Object's properties

2021-11-11 09:36:29 - [MESSAGE][INFO] - Checking timeout

2021-11-11 09:36:29 - [MESSAGE][INFO] - Finding web element with id: 'Object Repository/Kullanici_Islemleri/KullaniciIslemleri' located by 'By.cssSelector: .dropdown>a>img' in '10' second(s)

2021-11-11 09:36:29 - [MESSAGE][INFO] - Smart Wait Function is triggered

2021-11-11 09:36:29 - [MESSAGE][INFO] - Found 1 web elements with id: 'Object Repository/Kullanici_Islemleri/KullaniciIslemleri' located by 'By.cssSelector: .dropdown>a>img' in '10' second(s)

2021-11-11 09:36:29 - [MESSAGE][PASSED] - Object 'Object Repository/Kullanici_Islemleri/KullaniciIslemleri' is clickable

2021-11-11 09:36:29 - [TEST_STEP][PASSED] - click(findTestObject("Object Repository/Kullanici_Islemleri/KullaniciIslemleri")): Object: 'Object Repository/Kullanici_Islemleri/KullaniciIslemleri' is clicked on

2021-11-11 09:36:29 - [MESSAGE][INFO] - Finding Test Object 'Object Repository/Kullanici_Islemleri/KullaniciIslemleri'

2021-11-11 09:36:30 - [MESSAGE][INFO] - Checking object

2021-11-11 09:36:30 - [MESSAGE][INFO] - Finding web element from Test Object's properties

2021-11-11 09:36:30 - [MESSAGE][INFO] - Checking timeout

2021-11-11 09:36:30 - [MESSAGE][INFO] - Finding web element with id: 'Object Repository/Kullanici_Islemleri/KullaniciIslemleri' located by 'By.cssSelector: .dropdown>a>img' in '30' second(s)

2021-11-11 09:36:30 - [MESSAGE][INFO] - Smart Wait Function is triggered

2021-11-11 09:36:30 - [MESSAGE][INFO] - Found 1 web elements with id: 'Object Repository/Kullanici_Islemleri/KullaniciIslemleri' located by 'By.cssSelector: .dropdown>a>img' in '30' second(s)

2021-11-11 09:36:30 - [MESSAGE][INFO] - Clicking on object: 'Object Repository/Kullanici_Islemleri/KullaniciIslemleri'

2021-11-11 09:36:30 - [MESSAGE][PASSED] - Object: 'Object Repository/Kullanici_Islemleri/KullaniciIslemleri' is clicked on

2021-11-11 09:36:30 - [TEST_STEP][PASSED] - Method.TextDegerineEsitElementeTikla(findTestObject("Object Repository/Kullanici_Islemleri/Secenekler"), Islem): Method.TextDegerineEsitElementeTikla is PASSED

2021-11-11 09:36:30 - [MESSAGE][INFO] - Finding Test Object 'Object Repository/Kullanici_Islemleri/Secenekler'

2021-11-11 09:36:30 - [MESSAGE][INFO] - Checking timeout

2021-11-11 09:36:30 - [MESSAGE][INFO] - Finding web element with id: 'Object Repository/Kullanici_Islemleri/Secenekler' located by 'By.cssSelector: .nav.navbar-nav.navbar-right li a' in '10' second(s)

2021-11-11 09:36:30 - [MESSAGE][INFO] - Smart Wait Function is triggered

2021-11-11 09:36:30 - [MESSAGE][INFO] - Found 22 web elements with id: 'Object Repository/Kullanici_Islemleri/Secenekler' located by 'By.cssSelector: .nav.navbar-nav.navbar-right li a' in '10' second(s)

2021-11-11 09:36:32 - [MESSAGE][PASSED] - Method.TextDegerineEsitElementeTikla is PASSED

2021-11-11 09:36:32 - [TEST_STEP][PASSED] - verifyElementNotPresent(findTestObject("Object Repository/Kullanici_Islemleri/Secenekler"), 10): Web element with id: 'Object Repository/Kullanici_Islemleri/Secenekler' located by 'By.cssSelector: .nav.navbar-nav.navbar-right li a' is not present after '10' second(s)

2021-11-11 09:36:32 - [MESSAGE][INFO] - Finding Test Object 'Object Repository/Kullanici_Islemleri/Secenekler'

2021-11-11 09:36:32 - [MESSAGE][INFO] - Checking object

2021-11-11 09:36:32 - [MESSAGE][INFO] - Checking timeout

2021-11-11 09:36:32 - [MESSAGE][INFO] - Finding web element with id: 'Object Repository/Kullanici_Islemleri/Secenekler' located by 'By.cssSelector: .nav.navbar-nav.navbar-right li a' in '10' second(s)

2021-11-11 09:36:32 - [MESSAGE][INFO] - Smart Wait Function is triggered

2021-11-11 09:36:32 - [MESSAGE][PASSED] - Web element with id: 'Object Repository/Kullanici_Islemleri/Secenekler' located by 'By.cssSelector: .nav.navbar-nav.navbar-right li a' is not present after '10' second(s)

2021-11-11 09:36:32 - [MESSAGE][PASSED] - Call Test Case 'Test Cases/Kullanici_Islemleri/KullaniciIslemlerindenSecimYapilir' successfully

2021-11-11 09:36:32 - [TEST_CASE][PASSED] - Start Test Case : SCENARIO e-Arsiv Toplu Indirme - PDF Tumunun indirilmesi: SCENARIO e-Arsiv Toplu Indirme - PDF Tumunun indirilmesi

2021-11-11 09:36:32 - [TEST_STEP][PASSED] - Kullanıcı adı ELOGO6 ve Şifre 123456 olarak giriş yapılır: Kullanıcı adı ELOGO6 ve Şifre 123456 olarak giriş yapılır

2021-11-11 09:36:32 - [MESSAGE][PASSED] - Kullanıcı adı ELOGO6 ve Şifre 123456 olarak giriş yapılır

2021-11-11 09:36:32 - [TEST_STEP][PASSED] - Ana menüden e-Arşiv seçilir: Ana menüden e-Arşiv seçilir

2021-11-11 09:36:32 - [MESSAGE][PASSED] - Ana menüden e-Arşiv seçilir

2021-11-11 09:36:32 - [TEST_STEP][PASSED] - Alt menü e-Arşiv Hareketleri başlığı altındaki e-Arşiv Faturaları seçilir: Alt menü e-Arşiv Hareketleri başlığı altındaki e-Arşiv Faturaları seçilir

2021-11-11 09:36:32 - [MESSAGE][PASSED] - Alt menü e-Arşiv Hareketleri başlığı altındaki e-Arşiv Faturaları seçilir

2021-11-11 09:36:32 - [TEST_STEP][PASSED] - Filtrelerden Oluşturma Tarihi filtresine 01.07.2020 baslangic degerini yaz: Filtrelerden Oluşturma Tarihi filtresine 01.07.2020 baslangic degerini yaz

2021-11-11 09:36:32 - [MESSAGE][PASSED] - Filtrelerden Oluşturma Tarihi filtresine 01.07.2020 baslangic degerini yaz

2021-11-11 09:36:32 - [TEST_STEP][PASSED] - Filtrelerden Oluşturma Tarihi filtresine 31.07.2020 bitis degerini yaz: Filtrelerden Oluşturma Tarihi filtresine 31.07.2020 bitis degerini yaz

2021-11-11 09:36:32 - [MESSAGE][PASSED] - Filtrelerden Oluşturma Tarihi filtresine 31.07.2020 bitis degerini yaz

2021-11-11 09:36:32 - [TEST_STEP][PASSED] - Filtrelerden Alıcı Ünvanı filtresine test test textini yaz: Filtrelerden Alıcı Ünvanı filtresine test test textini yaz

2021-11-11 09:36:32 - [MESSAGE][PASSED] - Filtrelerden Alıcı Ünvanı filtresine test test textini yaz

2021-11-11 09:36:32 - [TEST_STEP][PASSED] - Filtre butonlarından Listele seçilir: Filtre butonlarından Listele seçilir

2021-11-11 09:36:32 - [MESSAGE][PASSED] - Filtre butonlarından Listele seçilir

2021-11-11 09:36:32 - [TEST_STEP][PASSED] - Tabloda veri var mı kontrol edilir: Tabloda veri var mı kontrol edilir

2021-11-11 09:36:32 - [MESSAGE][PASSED] - Tabloda veri var mı kontrol edilir

2021-11-11 09:36:32 - [TEST_STEP][PASSED] - Tablodan test test isimli veri seçilir: Tablodan test test isimli veri seçilir

2021-11-11 09:36:32 - [MESSAGE][PASSED] - Tablodan test test isimli veri seçilir

2021-11-11 09:36:32 - [TEST_STEP][PASSED] - Butonlardan Toplu İndirme isimli butona tıklanır: Butonlardan Toplu İndirme isimli butona tıklanır

2021-11-11 09:36:32 - [MESSAGE][PASSED] - Butonlardan Toplu İndirme isimli butona tıklanır

2021-11-11 09:36:32 - [TEST_STEP][PASSED] - Alt butonlardan PDF Tümünü İndir butonuna tıklanır: Alt butonlardan PDF Tümünü İndir butonuna tıklanır

2021-11-11 09:36:32 - [MESSAGE][PASSED] - Alt butonlardan PDF Tümünü İndir butonuna tıklanır

2021-11-11 09:36:32 - [TEST_STEP][PASSED] - Popup mesajı Lütfen rapor bildiriminin gönderileceği e-posta adresini belirtiniz. içeriyor mu: Popup mesajı Lütfen rapor bildiriminin gönderileceği e-posta adresini belirtiniz. içeriyor mu

2021-11-11 09:36:32 - [MESSAGE][PASSED] - Popup mesajı Lütfen rapor bildiriminin gönderileceği e-posta adresini belirtiniz. içeriyor mu

2021-11-11 09:36:32 - [TEST_STEP][PASSED] - Popup email elogotest@gmail.com;ali.kara@logo.com.tr olarak girilir: Popup email elogotest@gmail.com;ali.kara@logo.com.tr olarak girilir

2021-11-11 09:36:32 - [MESSAGE][PASSED] - Popup email elogotest@gmail.com;ali.kara@logo.com.tr olarak girilir

2021-11-11 09:36:32 - [TEST_STEP][PASSED] - Yönetim popupında Gönder seçilir: Yönetim popupında Gönder seçilir

2021-11-11 09:36:32 - [MESSAGE][PASSED] - Yönetim popupında Gönder seçilir

2021-11-11 09:36:32 - [TEST_STEP][PASSED] - Popup mesajı talebiniz işleme alınmıştır içeriyor mu: Popup mesajı talebiniz işleme alınmıştır içeriyor mu

2021-11-11 09:36:32 - [MESSAGE][PASSED] - Popup mesajı talebiniz işleme alınmıştır içeriyor mu

2021-11-11 09:36:32 - [TEST_STEP][PASSED] - Yönetim popupında Tamam seçilir: Yönetim popupında Tamam seçilir

2021-11-11 09:36:32 - [MESSAGE][PASSED] - Yönetim popupında Tamam seçilir

2021-11-11 09:36:32 - [TEST_STEP][PASSED] - Butonlardan Toplu İndirme isimli butona tıklanır: Butonlardan Toplu İndirme isimli butona tıklanır

2021-11-11 09:36:32 - [MESSAGE][PASSED] - Butonlardan Toplu İndirme isimli butona tıklanır

2021-11-11 09:36:32 - [TEST_STEP][PASSED] - Alt butonlardan PDF Seçilenleri İndir butonuna tıklanır: Alt butonlardan PDF Seçilenleri İndir butonuna tıklanır

2021-11-11 09:36:32 - [MESSAGE][PASSED] - Alt butonlardan PDF Seçilenleri İndir butonuna tıklanır

2021-11-11 09:36:32 - [TEST_STEP][PASSED] - Popup mesajı Lütfen rapor bildiriminin gönderileceği e-posta adresini belirtiniz. içeriyor mu: Popup mesajı Lütfen rapor bildiriminin gönderileceği e-posta adresini belirtiniz. içeriyor mu

2021-11-11 09:36:32 - [MESSAGE][PASSED] - Popup mesajı Lütfen rapor bildiriminin gönderileceği e-posta adresini belirtiniz. içeriyor mu

2021-11-11 09:36:32 - [TEST_STEP][PASSED] - Popup email elogotest@gmail.com;ali.kara@logo.com.tr olarak girilir: Popup email elogotest@gmail.com;ali.kara@logo.com.tr olarak girilir

2021-11-11 09:36:32 - [MESSAGE][PASSED] - Popup email elogotest@gmail.com;ali.kara@logo.com.tr olarak girilir

2021-11-11 09:36:32 - [TEST_STEP][PASSED] - Yönetim popupında Gönder seçilir: Yönetim popupında Gönder seçilir

2021-11-11 09:36:32 - [MESSAGE][PASSED] - Yönetim popupında Gönder seçilir

2021-11-11 09:36:32 - [TEST_STEP][PASSED] - Popup mesajı talebiniz işleme alınmıştır içeriyor mu: Popup mesajı talebiniz işleme alınmıştır içeriyor mu

2021-11-11 09:36:32 - [MESSAGE][PASSED] - Popup mesajı talebiniz işleme alınmıştır içeriyor mu

2021-11-11 09:36:32 - [TEST_STEP][PASSED] - Yönetim popupında Tamam seçilir: Yönetim popupında Tamam seçilir

2021-11-11 09:36:32 - [MESSAGE][PASSED] - Yönetim popupında Tamam seçilir

2021-11-11 09:36:32 - [TEST_STEP][PASSED] - Ana menüden Raporlar seçilir: Ana menüden Raporlar seçilir

2021-11-11 09:36:32 - [MESSAGE][PASSED] - Ana menüden Raporlar seçilir

2021-11-11 09:36:32 - [TEST_STEP][PASSED] - Alt menüden Toplu Veri İndirme seçilir: Alt menüden Toplu Veri İndirme seçilir

2021-11-11 09:36:32 - [MESSAGE][PASSED] - Alt menüden Toplu Veri İndirme seçilir

2021-11-11 09:36:32 - [TEST_STEP][PASSED] - Filtrelerden Talep No filtresine Rapor No bilgisi yaz: Filtrelerden Talep No filtresine Rapor No bilgisi yaz

2021-11-11 09:36:32 - [MESSAGE][PASSED] - Filtrelerden Talep No filtresine Rapor No bilgisi yaz

2021-11-11 09:36:32 - [TEST_STEP][PASSED] - Filtre butonlarından Listele seçilir: Filtre butonlarından Listele seçilir

2021-11-11 09:36:32 - [MESSAGE][PASSED] - Filtre butonlarından Listele seçilir

2021-11-11 09:36:32 - [TEST_STEP][PASSED] - Tabloda veri var mı kontrol edilir: Tabloda veri var mı kontrol edilir

2021-11-11 09:36:32 - [MESSAGE][PASSED] - Tabloda veri var mı kontrol edilir

2021-11-11 09:36:32 - [TEST_STEP][PASSED] - Kullanıcı işlemlerinden Çıkış seçilir: Kullanıcı işlemlerinden Çıkış seçilir

2021-11-11 09:36:32 - [MESSAGE][PASSED] - Kullanıcı işlemlerinden Çıkış seçilir

2021-11-11 09:36:32 - [MESSAGE][PASSED] - Feature file: 'Include/features/e-Arsiv/e-Arsiv Hareketleri/e-Arsiv Faturalari/Toplu Indirme.feature' was passed

2021-11-11 09:36:32 - [TEST_STEP][PASSED] - Start listener action : sampleAfterTestSuite: Invoke 'com.kms.katalon.core.annotation.AfterTestCase' method: 'Listener.sampleAfterTestSuite(...)' completed.

2021-11-11 09:36:32 - [MESSAGE][INFO] - Starting invoke 'com.kms.katalon.core.annotation.AfterTestCase' method: 'Listener.sampleAfterTestSuite(...)'

2021-11-11 09:36:32 - [TEST_STEP][PASSED] - closeBrowser(): Invoke 'com.kms.katalon.core.annotation.AfterTestCase' method: 'Listener.sampleAfterTestSuite(...)' completed.

2021-11-11 09:36:32 - [MESSAGE][INFO] - Closing browser

2021-11-11 09:36:33 - [MESSAGE][PASSED] - Browser is closed

2021-11-11 09:36:33 - [MESSAGE][INFO] - Invoke 'com.kms.katalon.core.annotation.AfterTestCase' method: 'Listener.sampleAfterTestSuite(...)' completed.]]></system-out>
         <system-err><![CDATA[]]></system-err>
      </testcase>
      <testcase name="Test Cases/Case Repository/e-Arsiv/e-Arsiv Hareketleri/e-Arsiv Raporlari/Excele Aktar" time="47.648" classname="Test Cases/Case Repository/e-Arsiv/e-Arsiv Hareketleri/e-Arsiv Raporlari/Excele Aktar" status="PASSED">
         <system-out><![CDATA[2021-11-11 09:36:33 - [TEST_CASE][PASSED] - Test Cases/Case Repository/e-Arsiv/e-Arsiv Hareketleri/e-Arsiv Raporlari/Excele Aktar: Test Cases/Case Repository/e-Arsiv/e-Arsiv Hareketleri/e-Arsiv Raporlari/Excele Aktar

2021-11-11 09:36:33 - [TEST_STEP][PASSED] - Start listener action : sampleBeforeTestSuite: Invoke 'com.kms.katalon.core.annotation.BeforeTestCase' method: 'Listener.sampleBeforeTestSuite(...)' completed.

2021-11-11 09:36:33 - [MESSAGE][INFO] - Starting invoke 'com.kms.katalon.core.annotation.BeforeTestCase' method: 'Listener.sampleBeforeTestSuite(...)'

2021-11-11 09:36:33 - [TEST_STEP][PASSED] - openBrowser(baseUrl): Browser is opened with url: 'https://efatura-stage.elogo.com.tr/'

2021-11-11 09:36:33 - [MESSAGE][INFO] - Opening browser

2021-11-11 09:36:33 - [MESSAGE][INFO] - Starting 'Chrome' driver

2021-11-11 09:36:33 - [MESSAGE][INFO] - User set preference: ['prefs', '{download.default_directory=C:\otomasyondownfiles}']

2021-11-11 09:36:33 - [MESSAGE][INFO] - Action delay is set to 0 milliseconds

2021-11-11 09:36:35 - [MESSAGE][INFO] - Navigating browser to: 'https://efatura-stage.elogo.com.tr/'

2021-11-11 09:36:38 - [MESSAGE][PASSED] - Browser is opened with url: 'https://efatura-stage.elogo.com.tr/'

2021-11-11 09:36:38 - [TEST_STEP][PASSED] - maximizeWindow(): Invoke 'com.kms.katalon.core.annotation.BeforeTestCase' method: 'Listener.sampleBeforeTestSuite(...)' completed.

2021-11-11 09:36:38 - [MESSAGE][INFO] - Maximizing current window

2021-11-11 09:36:38 - [MESSAGE][PASSED] - Current window maximized

2021-11-11 09:36:38 - [MESSAGE][INFO] - Invoke 'com.kms.katalon.core.annotation.BeforeTestCase' method: 'Listener.sampleBeforeTestSuite(...)' completed.

2021-11-11 09:36:38 - [TEST_STEP][PASSED] - runFeatureFile("Include/features/e-Arsiv/e-Arsiv Hareketleri/e-Arsiv Raporlari/Excele Aktar.feature"): Feature file: 'Include/features/e-Arsiv/e-Arsiv Hareketleri/e-Arsiv Raporlari/Excele Aktar.feature' was passed

2021-11-11 09:36:38 - [MESSAGE][INFO] - Starting run keyword runFeatureFile: 'Include/features/e-Arsiv/e-Arsiv Hareketleri/e-Arsiv Raporlari/Excele Aktar.feature' and extract report to folder: 'C:\Users\DELL\Documents\GitHub\EES_KatalonLogo\Reports\20211111_090730\Suite Repository\ExceleAktarVeTopluIndirme\20211111_090810/cucumber_report/1636612598727'...

2021-11-11 09:36:38 - [MESSAGE][INFO] - Glue: []

2021-11-11 09:36:39 - [MESSAGE][INFO] - Checking called Test Case

2021-11-11 09:36:39 - [MESSAGE][INFO] - Starting to call Test Case 'Test Cases/Sayfalar/Giris_Sayfasi/Login'

2021-11-11 09:36:39 - [TEST_CASE][PASSED] - Test Cases/Sayfalar/Giris_Sayfasi/Login: Test Cases/Sayfalar/Giris_Sayfasi/Login

2021-11-11 09:36:39 - [TEST_STEP][PASSED] - Sayfa_Basligi = getWindowTitle(): Current window's title is: 'LOGO e-Fatura'

2021-11-11 09:36:39 - [MESSAGE][INFO] - Getting current window's title

2021-11-11 09:36:39 - [MESSAGE][PASSED] - Current window's title is: 'LOGO e-Fatura'

2021-11-11 09:36:39 - [TEST_STEP][PASSED] - verifyMatch(Sayfa_Basligi, "LOGO e-Fatura", false): Actual text 'LOGO e-Fatura' and expected text 'LOGO e-Fatura' are matched 

2021-11-11 09:36:39 - [MESSAGE][INFO] - Matching actual text 'LOGO e-Fatura' with expected text 'LOGO e-Fatura'

2021-11-11 09:36:39 - [MESSAGE][PASSED] - Actual text 'LOGO e-Fatura' and expected text 'LOGO e-Fatura' are matched 

2021-11-11 09:36:39 - [TEST_STEP][PASSED] - sendKeys(findTestObject("Sayfalar/Giris_Sayfasi/Firma_Kodu"), KullaniciAdi): Keys 'ELOGO6' sent to object: 'Object Repository/Sayfalar/Giris_Sayfasi/Firma_Kodu'

2021-11-11 09:36:39 - [MESSAGE][INFO] - Finding Test Object 'Object Repository/Sayfalar/Giris_Sayfasi/Firma_Kodu'

2021-11-11 09:36:39 - [MESSAGE][INFO] - Sending keys 'ELOGO6' to object: 'Object Repository/Sayfalar/Giris_Sayfasi/Firma_Kodu'

2021-11-11 09:36:39 - [MESSAGE][INFO] - Finding web element from Test Object's properties

2021-11-11 09:36:39 - [MESSAGE][INFO] - Checking timeout

2021-11-11 09:36:39 - [MESSAGE][INFO] - Finding web element with id: 'Object Repository/Sayfalar/Giris_Sayfasi/Firma_Kodu' located by 'By.xpath: //*[@id = 'AccountName']' in '30' second(s)

2021-11-11 09:36:39 - [MESSAGE][INFO] - Smart Wait Function is triggered

2021-11-11 09:36:39 - [MESSAGE][INFO] - Found 1 web elements with id: 'Object Repository/Sayfalar/Giris_Sayfasi/Firma_Kodu' located by 'By.xpath: //*[@id = 'AccountName']' in '30' second(s)

2021-11-11 09:36:40 - [MESSAGE][PASSED] - Keys 'ELOGO6' sent to object: 'Object Repository/Sayfalar/Giris_Sayfasi/Firma_Kodu'

2021-11-11 09:36:40 - [TEST_STEP][PASSED] - sendKeys(findTestObject("Sayfalar/Giris_Sayfasi/Sifre"), Sifre): Keys '123456' sent to object: 'Object Repository/Sayfalar/Giris_Sayfasi/Sifre'

2021-11-11 09:36:40 - [MESSAGE][INFO] - Finding Test Object 'Object Repository/Sayfalar/Giris_Sayfasi/Sifre'

2021-11-11 09:36:40 - [MESSAGE][INFO] - Sending keys '123456' to object: 'Object Repository/Sayfalar/Giris_Sayfasi/Sifre'

2021-11-11 09:36:40 - [MESSAGE][INFO] - Finding web element from Test Object's properties

2021-11-11 09:36:40 - [MESSAGE][INFO] - Checking timeout

2021-11-11 09:36:40 - [MESSAGE][INFO] - Finding web element with id: 'Object Repository/Sayfalar/Giris_Sayfasi/Sifre' located by 'By.xpath: //*[@id = 'Password']' in '30' second(s)

2021-11-11 09:36:40 - [MESSAGE][INFO] - Smart Wait Function is triggered

2021-11-11 09:36:40 - [MESSAGE][INFO] - Found 1 web elements with id: 'Object Repository/Sayfalar/Giris_Sayfasi/Sifre' located by 'By.xpath: //*[@id = 'Password']' in '30' second(s)

2021-11-11 09:36:40 - [MESSAGE][PASSED] - Keys '123456' sent to object: 'Object Repository/Sayfalar/Giris_Sayfasi/Sifre'

2021-11-11 09:36:40 - [TEST_STEP][PASSED] - findWebElement(findTestObject("Sayfalar/Giris_Sayfasi/Giris_Butonu")).click(): Found 1 web elements with id: 'Object Repository/Sayfalar/Giris_Sayfasi/Giris_Butonu' located by 'By.cssSelector: #btnLogin' in '30' second(s)

2021-11-11 09:36:40 - [MESSAGE][INFO] - Finding Test Object 'Object Repository/Sayfalar/Giris_Sayfasi/Giris_Butonu'

2021-11-11 09:36:40 - [MESSAGE][INFO] - Finding web element from Test Object's properties

2021-11-11 09:36:40 - [MESSAGE][INFO] - Checking timeout

2021-11-11 09:36:40 - [MESSAGE][INFO] - Finding web element with id: 'Object Repository/Sayfalar/Giris_Sayfasi/Giris_Butonu' located by 'By.cssSelector: #btnLogin' in '30' second(s)

2021-11-11 09:36:40 - [MESSAGE][INFO] - Smart Wait Function is triggered

2021-11-11 09:36:40 - [MESSAGE][INFO] - Found 1 web elements with id: 'Object Repository/Sayfalar/Giris_Sayfasi/Giris_Butonu' located by 'By.cssSelector: #btnLogin' in '30' second(s)

2021-11-11 09:36:44 - [TEST_STEP][PASSED] - if (verifyElementPresent(findTestObject("Object Repository/Sayfalar/Giris_Sayfasi/RetveTamam_Butonu"), 5, OPTIONAL)): null

2021-11-11 09:36:44 - [MESSAGE][INFO] - Finding Test Object 'Object Repository/Sayfalar/Giris_Sayfasi/RetveTamam_Butonu'

2021-11-11 09:36:44 - [MESSAGE][INFO] - Checking object

2021-11-11 09:36:44 - [MESSAGE][INFO] - Finding web element from Test Object's properties

2021-11-11 09:36:44 - [MESSAGE][INFO] - Checking timeout

2021-11-11 09:36:44 - [MESSAGE][INFO] - Finding web element with id: 'Object Repository/Sayfalar/Giris_Sayfasi/RetveTamam_Butonu' located by 'By.xpath: //*[@class = 'btn btn-default']' in '5' second(s)

2021-11-11 09:36:44 - [MESSAGE][INFO] - Smart Wait Function is triggered

2021-11-11 09:36:44 - [MESSAGE][INFO] - Found 1 web elements with id: 'Object Repository/Sayfalar/Giris_Sayfasi/RetveTamam_Butonu' located by 'By.xpath: //*[@class = 'btn btn-default']' in '5' second(s)

2021-11-11 09:36:44 - [MESSAGE][PASSED] - Object 'Object Repository/Sayfalar/Giris_Sayfasi/RetveTamam_Butonu' is present

2021-11-11 09:36:44 - [TEST_STEP][PASSED] - click(findTestObject("Object Repository/Sayfalar/Giris_Sayfasi/RetveTamam_Butonu")): Object: 'Object Repository/Sayfalar/Giris_Sayfasi/RetveTamam_Butonu' is clicked on

2021-11-11 09:36:44 - [MESSAGE][INFO] - Finding Test Object 'Object Repository/Sayfalar/Giris_Sayfasi/RetveTamam_Butonu'

2021-11-11 09:36:44 - [MESSAGE][INFO] - Checking object

2021-11-11 09:36:44 - [MESSAGE][INFO] - Finding web element from Test Object's properties

2021-11-11 09:36:44 - [MESSAGE][INFO] - Checking timeout

2021-11-11 09:36:44 - [MESSAGE][INFO] - Finding web element with id: 'Object Repository/Sayfalar/Giris_Sayfasi/RetveTamam_Butonu' located by 'By.xpath: //*[@class = 'btn btn-default']' in '30' second(s)

2021-11-11 09:36:44 - [MESSAGE][INFO] - Smart Wait Function is triggered

2021-11-11 09:36:44 - [MESSAGE][INFO] - Found 1 web elements with id: 'Object Repository/Sayfalar/Giris_Sayfasi/RetveTamam_Butonu' located by 'By.xpath: //*[@class = 'btn btn-default']' in '30' second(s)

2021-11-11 09:36:44 - [MESSAGE][INFO] - Clicking on object: 'Object Repository/Sayfalar/Giris_Sayfasi/RetveTamam_Butonu'

2021-11-11 09:36:45 - [MESSAGE][PASSED] - Object: 'Object Repository/Sayfalar/Giris_Sayfasi/RetveTamam_Butonu' is clicked on

2021-11-11 09:36:45 - [TEST_STEP][PASSED] - click(findTestObject("Object Repository/Sayfalar/Giris_Sayfasi/RetveTamam_Butonu")): Object: 'Object Repository/Sayfalar/Giris_Sayfasi/RetveTamam_Butonu' is clicked on

2021-11-11 09:36:45 - [MESSAGE][INFO] - Finding Test Object 'Object Repository/Sayfalar/Giris_Sayfasi/RetveTamam_Butonu'

2021-11-11 09:36:45 - [MESSAGE][INFO] - Checking object

2021-11-11 09:36:45 - [MESSAGE][INFO] - Finding web element from Test Object's properties

2021-11-11 09:36:45 - [MESSAGE][INFO] - Checking timeout

2021-11-11 09:36:45 - [MESSAGE][INFO] - Finding web element with id: 'Object Repository/Sayfalar/Giris_Sayfasi/RetveTamam_Butonu' located by 'By.xpath: //*[@class = 'btn btn-default']' in '30' second(s)

2021-11-11 09:36:45 - [MESSAGE][INFO] - Smart Wait Function is triggered

2021-11-11 09:36:49 - [MESSAGE][INFO] - Found 1 web elements with id: 'Object Repository/Sayfalar/Giris_Sayfasi/RetveTamam_Butonu' located by 'By.xpath: //*[@class = 'btn btn-default']' in '30' second(s)

2021-11-11 09:36:49 - [MESSAGE][INFO] - Clicking on object: 'Object Repository/Sayfalar/Giris_Sayfasi/RetveTamam_Butonu'

2021-11-11 09:36:49 - [MESSAGE][PASSED] - Object: 'Object Repository/Sayfalar/Giris_Sayfasi/RetveTamam_Butonu' is clicked on

2021-11-11 09:36:49 - [TEST_STEP][PASSED] - if (verifyElementPresent(findTestObject("Sayfalar/Giris_Sayfasi/PopupOK"), 5, OPTIONAL)): null

2021-11-11 09:36:49 - [MESSAGE][INFO] - Finding Test Object 'Object Repository/Sayfalar/Giris_Sayfasi/PopupOK'

2021-11-11 09:36:49 - [MESSAGE][INFO] - Checking object

2021-11-11 09:36:49 - [MESSAGE][INFO] - Finding web element from Test Object's properties

2021-11-11 09:36:49 - [MESSAGE][INFO] - Checking timeout

2021-11-11 09:36:49 - [MESSAGE][INFO] - Finding web element with id: 'Object Repository/Sayfalar/Giris_Sayfasi/PopupOK' located by 'By.cssSelector: .btn.btn-success' in '5' second(s)

2021-11-11 09:36:49 - [MESSAGE][INFO] - Smart Wait Function is triggered

2021-11-11 09:36:50 - [MESSAGE][INFO] - Found 1 web elements with id: 'Object Repository/Sayfalar/Giris_Sayfasi/PopupOK' located by 'By.cssSelector: .btn.btn-success' in '5' second(s)

2021-11-11 09:36:50 - [MESSAGE][PASSED] - Object 'Object Repository/Sayfalar/Giris_Sayfasi/PopupOK' is present

2021-11-11 09:36:50 - [TEST_STEP][PASSED] - click(findTestObject("Object Repository/Sayfalar/Giris_Sayfasi/PopupCarpiGiris")): Object: 'Object Repository/Sayfalar/Giris_Sayfasi/PopupCarpiGiris' is clicked on

2021-11-11 09:36:50 - [MESSAGE][INFO] - Finding Test Object 'Object Repository/Sayfalar/Giris_Sayfasi/PopupCarpiGiris'

2021-11-11 09:36:50 - [MESSAGE][INFO] - Checking object

2021-11-11 09:36:50 - [MESSAGE][INFO] - Finding web element from Test Object's properties

2021-11-11 09:36:50 - [MESSAGE][INFO] - Checking timeout

2021-11-11 09:36:50 - [MESSAGE][INFO] - Finding web element with id: 'Object Repository/Sayfalar/Giris_Sayfasi/PopupCarpiGiris' located by 'By.cssSelector: .bootbox-close-button.close' in '30' second(s)

2021-11-11 09:36:50 - [MESSAGE][INFO] - Smart Wait Function is triggered

2021-11-11 09:36:50 - [MESSAGE][INFO] - Found 1 web elements with id: 'Object Repository/Sayfalar/Giris_Sayfasi/PopupCarpiGiris' located by 'By.cssSelector: .bootbox-close-button.close' in '30' second(s)

2021-11-11 09:36:50 - [MESSAGE][INFO] - Clicking on object: 'Object Repository/Sayfalar/Giris_Sayfasi/PopupCarpiGiris'

2021-11-11 09:36:50 - [MESSAGE][PASSED] - Object: 'Object Repository/Sayfalar/Giris_Sayfasi/PopupCarpiGiris' is clicked on

2021-11-11 09:36:50 - [TEST_STEP][PASSED] - verifyElementVisible(findTestObject("Object Repository/Kullanici_Islemleri/KullaniciIslemleri")): Object 'Object Repository/Kullanici_Islemleri/KullaniciIslemleri' is visible

2021-11-11 09:36:50 - [MESSAGE][INFO] - Finding Test Object 'Object Repository/Kullanici_Islemleri/KullaniciIslemleri'

2021-11-11 09:36:50 - [MESSAGE][INFO] - Checking object

2021-11-11 09:36:50 - [MESSAGE][INFO] - Finding web element from Test Object's properties

2021-11-11 09:36:50 - [MESSAGE][INFO] - Checking timeout

2021-11-11 09:36:50 - [MESSAGE][INFO] - Finding web element with id: 'Object Repository/Kullanici_Islemleri/KullaniciIslemleri' located by 'By.cssSelector: .dropdown>a>img' in '30' second(s)

2021-11-11 09:36:50 - [MESSAGE][INFO] - Smart Wait Function is triggered

2021-11-11 09:36:51 - [MESSAGE][INFO] - Found 1 web elements with id: 'Object Repository/Kullanici_Islemleri/KullaniciIslemleri' located by 'By.cssSelector: .dropdown>a>img' in '30' second(s)

2021-11-11 09:36:51 - [MESSAGE][PASSED] - Object 'Object Repository/Kullanici_Islemleri/KullaniciIslemleri' is visible

2021-11-11 09:36:51 - [MESSAGE][PASSED] - Call Test Case 'Test Cases/Sayfalar/Giris_Sayfasi/Login' successfully

2021-11-11 09:36:51 - [MESSAGE][INFO] - Checking called Test Case

2021-11-11 09:36:51 - [MESSAGE][INFO] - Starting to call Test Case 'Test Cases/Menu/AnaMenuSecimi'

2021-11-11 09:36:51 - [TEST_CASE][PASSED] - Test Cases/Menu/AnaMenuSecimi: Test Cases/Menu/AnaMenuSecimi

2021-11-11 09:36:51 - [TEST_STEP][PASSED] - Method.TextDegerineEsitElementeTikla(findTestObject("Menu/Ana_Menu"), Ana_Menu): Method.TextDegerineEsitElementeTikla is PASSED

2021-11-11 09:36:51 - [MESSAGE][INFO] - Finding Test Object 'Object Repository/Menu/Ana_Menu'

2021-11-11 09:36:51 - [MESSAGE][INFO] - Checking timeout

2021-11-11 09:36:51 - [MESSAGE][INFO] - Finding web element with id: 'Object Repository/Menu/Ana_Menu' located by 'By.xpath: //*[@class = 'dropdown-toggle']' in '10' second(s)

2021-11-11 09:36:51 - [MESSAGE][INFO] - Smart Wait Function is triggered

2021-11-11 09:36:51 - [MESSAGE][INFO] - Found 14 web elements with id: 'Object Repository/Menu/Ana_Menu' located by 'By.xpath: //*[@class = 'dropdown-toggle']' in '10' second(s)

2021-11-11 09:36:51 - [MESSAGE][PASSED] - Method.TextDegerineEsitElementeTikla is PASSED

2021-11-11 09:36:51 - [MESSAGE][PASSED] - Call Test Case 'Test Cases/Menu/AnaMenuSecimi' successfully

2021-11-11 09:36:51 - [MESSAGE][INFO] - Checking called Test Case

2021-11-11 09:36:51 - [MESSAGE][INFO] - Starting to call Test Case 'Test Cases/Menu/BasligaGoreAltMenuSecimi'

2021-11-11 09:36:52 - [TEST_CASE][PASSED] - Test Cases/Menu/BasligaGoreAltMenuSecimi: Test Cases/Menu/BasligaGoreAltMenuSecimi

2021-11-11 09:36:52 - [TEST_STEP][PASSED] - Method.TextDegerineEsitElementinAltindakiTextDegerineEsitOlanaTikla(findTestObject("Menu/Menu_Basligi"), findTestObject("Menu/Basliga_Gore_Alt_Menu"), Baslik, Alt_Menu): Method.TextDegerineEsitElementinAltindakiTextDegerineEsitOlanaTikla is PASSED

2021-11-11 09:36:52 - [MESSAGE][INFO] - Finding Test Object 'Object Repository/Menu/Menu_Basligi'

2021-11-11 09:36:52 - [MESSAGE][INFO] - Finding Test Object 'Object Repository/Menu/Basliga_Gore_Alt_Menu'

2021-11-11 09:36:52 - [MESSAGE][INFO] - Checking timeout

2021-11-11 09:36:52 - [MESSAGE][INFO] - Finding web element with id: 'Object Repository/Menu/Menu_Basligi' located by 'By.xpath: //li[@class='dropdown dropdown-large open']//li[@class='dropdown-header']' in '10' second(s)

2021-11-11 09:36:52 - [MESSAGE][INFO] - Smart Wait Function is triggered

2021-11-11 09:36:52 - [MESSAGE][INFO] - Found 2 web elements with id: 'Object Repository/Menu/Menu_Basligi' located by 'By.xpath: //li[@class='dropdown dropdown-large open']//li[@class='dropdown-header']' in '10' second(s)

2021-11-11 09:36:52 - [MESSAGE][INFO] - Smart Wait Function is triggered

2021-11-11 09:36:54 - [MESSAGE][PASSED] - Method.TextDegerineEsitElementinAltindakiTextDegerineEsitOlanaTikla is PASSED

2021-11-11 09:36:54 - [MESSAGE][PASSED] - Call Test Case 'Test Cases/Menu/BasligaGoreAltMenuSecimi' successfully

2021-11-11 09:36:54 - [MESSAGE][INFO] - Checking called Test Case

2021-11-11 09:36:54 - [MESSAGE][INFO] - Starting to call Test Case 'Test Cases/Filtreler/DropdownSec'

2021-11-11 09:36:54 - [TEST_CASE][PASSED] - Test Cases/Filtreler/DropdownSec: Test Cases/Filtreler/DropdownSec

2021-11-11 09:36:55 - [TEST_STEP][PASSED] - Method.TextDegerineEsitElementinAltindakineTikla(findTestObject("Filtreler/Basliklar"), findTestObject("Filtreler/Basliga_Gore_Baslangic_Image"), Filtre_Adi): Method.TextDegerineEsitElementinAltindakineTikla is PASSED

2021-11-11 09:36:55 - [MESSAGE][INFO] - Finding Test Object 'Object Repository/Filtreler/Basliklar'

2021-11-11 09:36:55 - [MESSAGE][INFO] - Finding Test Object 'Object Repository/Filtreler/Basliga_Gore_Baslangic_Image'

2021-11-11 09:36:55 - [MESSAGE][INFO] - Checking timeout

2021-11-11 09:36:55 - [MESSAGE][INFO] - Finding web element with id: 'Object Repository/Filtreler/Basliklar' located by 'By.cssSelector: .control-label.col-sm-4.paddingMarginRLC' in '10' second(s)

2021-11-11 09:36:55 - [MESSAGE][INFO] - Smart Wait Function is triggered

2021-11-11 09:36:56 - [MESSAGE][INFO] - Found 8 web elements with id: 'Object Repository/Filtreler/Basliklar' located by 'By.cssSelector: .control-label.col-sm-4.paddingMarginRLC' in '10' second(s)

2021-11-11 09:36:56 - [MESSAGE][INFO] - Smart Wait Function is triggered

2021-11-11 09:36:56 - [MESSAGE][PASSED] - Method.TextDegerineEsitElementinAltindakineTikla is PASSED

2021-11-11 09:36:56 - [TEST_STEP][PASSED] - Method.TextDegerineEsitElementeTikla(findTestObject("Object Repository/Filtreler/Basliga_Gore_Dropdown"), Filtre_Degeri): Method.TextDegerineEsitElementeTikla is PASSED

2021-11-11 09:36:56 - [MESSAGE][INFO] - Finding Test Object 'Object Repository/Filtreler/Basliga_Gore_Dropdown'

2021-11-11 09:36:56 - [MESSAGE][INFO] - Checking timeout

2021-11-11 09:36:56 - [MESSAGE][INFO] - Finding web element with id: 'Object Repository/Filtreler/Basliga_Gore_Dropdown' located by 'By.xpath: //*[@class = 'dxeListBoxItemRow_LECustomTheme']' in '10' second(s)

2021-11-11 09:36:56 - [MESSAGE][INFO] - Smart Wait Function is triggered

2021-11-11 09:36:56 - [MESSAGE][INFO] - Found 109 web elements with id: 'Object Repository/Filtreler/Basliga_Gore_Dropdown' located by 'By.xpath: //*[@class = 'dxeListBoxItemRow_LECustomTheme']' in '10' second(s)

2021-11-11 09:36:57 - [MESSAGE][PASSED] - Method.TextDegerineEsitElementeTikla is PASSED

2021-11-11 09:36:57 - [MESSAGE][PASSED] - Call Test Case 'Test Cases/Filtreler/DropdownSec' successfully

2021-11-11 09:36:57 - [MESSAGE][INFO] - Checking called Test Case

2021-11-11 09:36:57 - [MESSAGE][INFO] - Starting to call Test Case 'Test Cases/Filtreler/ButonaTikla'

2021-11-11 09:36:57 - [TEST_CASE][PASSED] - Test Cases/Filtreler/ButonaTikla: Test Cases/Filtreler/ButonaTikla

2021-11-11 09:36:57 - [TEST_STEP][PASSED] - Method.TextDegerineEsitElementeTikla(findTestObject("Filtreler/Butonlar"), Filtre_Buton): Method.TextDegerineEsitElementeTikla is PASSED

2021-11-11 09:36:57 - [MESSAGE][INFO] - Finding Test Object 'Object Repository/Filtreler/Butonlar'

2021-11-11 09:36:57 - [MESSAGE][INFO] - Checking timeout

2021-11-11 09:36:57 - [MESSAGE][INFO] - Finding web element with id: 'Object Repository/Filtreler/Butonlar' located by 'By.cssSelector: .dxb>span' in '10' second(s)

2021-11-11 09:36:57 - [MESSAGE][INFO] - Smart Wait Function is triggered

2021-11-11 09:36:57 - [MESSAGE][INFO] - Found 3 web elements with id: 'Object Repository/Filtreler/Butonlar' located by 'By.cssSelector: .dxb>span' in '10' second(s)

2021-11-11 09:36:57 - [MESSAGE][PASSED] - Method.TextDegerineEsitElementeTikla is PASSED

2021-11-11 09:36:57 - [MESSAGE][PASSED] - Call Test Case 'Test Cases/Filtreler/ButonaTikla' successfully

2021-11-11 09:36:57 - [MESSAGE][INFO] - Checking called Test Case

2021-11-11 09:36:57 - [MESSAGE][INFO] - Starting to call Test Case 'Test Cases/Tablo/TablodaVeriVarMi'

2021-11-11 09:36:57 - [TEST_CASE][PASSED] - Test Cases/Tablo/TablodaVeriVarMi: Test Cases/Tablo/TablodaVeriVarMi

2021-11-11 09:36:57 - [TEST_STEP][PASSED] - verifyTextNotPresent("Görüntülenecek veri yok", true): Text 'Görüntülenecek veri yok' is not present on page using regular expression

2021-11-11 09:36:57 - [MESSAGE][INFO] - Checking text present  using regular expression

2021-11-11 09:36:57 - [MESSAGE][INFO] - Smart Wait Function is triggered

2021-11-11 09:36:58 - [MESSAGE][INFO] - Finding text 'Görüntülenecek veri yok' on page  using regular expression

2021-11-11 09:36:58 - [MESSAGE][PASSED] - Text 'Görüntülenecek veri yok' is not present on page using regular expression

2021-11-11 09:36:58 - [MESSAGE][PASSED] - Call Test Case 'Test Cases/Tablo/TablodaVeriVarMi' successfully

2021-11-11 09:36:58 - [MESSAGE][INFO] - Checking called Test Case

2021-11-11 09:36:58 - [MESSAGE][INFO] - Starting to call Test Case 'Test Cases/Tablo/TablodanVeriSec'

2021-11-11 09:36:58 - [TEST_CASE][PASSED] - Test Cases/Tablo/TablodanVeriSec: Test Cases/Tablo/TablodanVeriSec

2021-11-11 09:36:58 - [TEST_STEP][PASSED] - Method.TextDegerineEsitElementinAltindakineTikla(findTestObject("Tablo/Veriler"), findTestObject("Tablo/VerininCheckBoxi"), Veri_Adi): Method.TextDegerineEsitElementinAltindakineTikla is PASSED

2021-11-11 09:36:58 - [MESSAGE][INFO] - Finding Test Object 'Object Repository/Tablo/Veriler'

2021-11-11 09:36:58 - [MESSAGE][INFO] - Finding Test Object 'Object Repository/Tablo/VerininCheckBoxi'

2021-11-11 09:36:58 - [MESSAGE][INFO] - Checking timeout

2021-11-11 09:36:58 - [MESSAGE][INFO] - Finding web element with id: 'Object Repository/Tablo/Veriler' located by 'By.cssSelector: td.dxgv b ,td.dxgv' in '10' second(s)

2021-11-11 09:36:58 - [MESSAGE][INFO] - Smart Wait Function is triggered

2021-11-11 09:36:59 - [MESSAGE][INFO] - Found 140 web elements with id: 'Object Repository/Tablo/Veriler' located by 'By.cssSelector: td.dxgv b ,td.dxgv' in '10' second(s)

2021-11-11 09:36:59 - [MESSAGE][INFO] - Smart Wait Function is triggered

2021-11-11 09:36:59 - [MESSAGE][PASSED] - Method.TextDegerineEsitElementinAltindakineTikla is PASSED

2021-11-11 09:36:59 - [MESSAGE][PASSED] - Call Test Case 'Test Cases/Tablo/TablodanVeriSec' successfully

2021-11-11 09:36:59 - [MESSAGE][INFO] - Checking called Test Case

2021-11-11 09:36:59 - [MESSAGE][INFO] - Starting to call Test Case 'Test Cases/Butonlar/ButonaTikla'

2021-11-11 09:36:59 - [TEST_CASE][PASSED] - Test Cases/Butonlar/ButonaTikla: Test Cases/Butonlar/ButonaTikla

2021-11-11 09:36:59 - [TEST_STEP][PASSED] - Method.TextDegerineEsitElementeTiklaEquals(findTestObject("Butonlar/Butonlar"), Buton_Adi): Method.TextDegerineEsitElementeTiklaEquals is PASSED

2021-11-11 09:36:59 - [MESSAGE][INFO] - Finding Test Object 'Object Repository/Butonlar/Butonlar'

2021-11-11 09:36:59 - [MESSAGE][INFO] - Checking timeout

2021-11-11 09:36:59 - [MESSAGE][INFO] - Finding web element with id: 'Object Repository/Butonlar/Butonlar' located by 'By.cssSelector: .panel.panel-default.text-center.footerPanel .btn,.btn.btn-primary.btnControls' in '10' second(s)

2021-11-11 09:36:59 - [MESSAGE][INFO] - Smart Wait Function is triggered

2021-11-11 09:36:59 - [MESSAGE][INFO] - Found 9 web elements with id: 'Object Repository/Butonlar/Butonlar' located by 'By.cssSelector: .panel.panel-default.text-center.footerPanel .btn,.btn.btn-primary.btnControls' in '10' second(s)

2021-11-11 09:36:59 - [MESSAGE][PASSED] - Method.TextDegerineEsitElementeTiklaEquals is PASSED

2021-11-11 09:36:59 - [MESSAGE][PASSED] - Call Test Case 'Test Cases/Butonlar/ButonaTikla' successfully

2021-11-11 09:36:59 - [MESSAGE][INFO] - Checking called Test Case

2021-11-11 09:36:59 - [MESSAGE][INFO] - Starting to call Test Case 'Test Cases/Butonlar/AltButonaTikla'

2021-11-11 09:36:59 - [TEST_CASE][PASSED] - Test Cases/Butonlar/AltButonaTikla: Test Cases/Butonlar/AltButonaTikla

2021-11-11 09:36:59 - [TEST_STEP][PASSED] - Method.TextDegerineEsitElementeTikla(findTestObject("Butonlar/AltButonlar"), Alt_Buton): Method.TextDegerineEsitElementeTikla is PASSED

2021-11-11 09:36:59 - [MESSAGE][INFO] - Finding Test Object 'Object Repository/Butonlar/AltButonlar'

2021-11-11 09:37:00 - [MESSAGE][INFO] - Checking timeout

2021-11-11 09:37:00 - [MESSAGE][INFO] - Finding web element with id: 'Object Repository/Butonlar/AltButonlar' located by 'By.cssSelector: .btn-group.open li>a' in '10' second(s)

2021-11-11 09:37:00 - [MESSAGE][INFO] - Smart Wait Function is triggered

2021-11-11 09:37:00 - [MESSAGE][INFO] - Found 2 web elements with id: 'Object Repository/Butonlar/AltButonlar' located by 'By.cssSelector: .btn-group.open li>a' in '10' second(s)

2021-11-11 09:37:00 - [MESSAGE][PASSED] - Method.TextDegerineEsitElementeTikla is PASSED

2021-11-11 09:37:00 - [MESSAGE][PASSED] - Call Test Case 'Test Cases/Butonlar/AltButonaTikla' successfully

2021-11-11 09:37:00 - [MESSAGE][INFO] - Checking called Test Case

2021-11-11 09:37:00 - [MESSAGE][INFO] - Starting to call Test Case 'Test Cases/Popup/PopupMesajiIceriyorMu'

2021-11-11 09:37:00 - [TEST_CASE][PASSED] - Test Cases/Popup/PopupMesajiIceriyorMu: Test Cases/Popup/PopupMesajiIceriyorMu

2021-11-11 09:37:00 - [TEST_STEP][PASSED] - waitForElementVisible(findTestObject("Popup/Popup"), 10): Object 'Object Repository/Popup/Popup' is visible

2021-11-11 09:37:00 - [MESSAGE][INFO] - Finding Test Object 'Object Repository/Popup/Popup'

2021-11-11 09:37:00 - [MESSAGE][INFO] - Checking object

2021-11-11 09:37:00 - [MESSAGE][INFO] - Checking timeout

2021-11-11 09:37:00 - [MESSAGE][INFO] - Finding web element from Test Object's properties

2021-11-11 09:37:00 - [MESSAGE][INFO] - Checking timeout

2021-11-11 09:37:00 - [MESSAGE][INFO] - Finding web element with id: 'Object Repository/Popup/Popup' located by 'By.cssSelector: .bootbox-body' in '10' second(s)

2021-11-11 09:37:00 - [MESSAGE][INFO] - Smart Wait Function is triggered

2021-11-11 09:37:01 - [MESSAGE][INFO] - Found 1 web elements with id: 'Object Repository/Popup/Popup' located by 'By.cssSelector: .bootbox-body' in '10' second(s)

2021-11-11 09:37:01 - [MESSAGE][PASSED] - Object 'Object Repository/Popup/Popup' is visible

2021-11-11 09:37:01 - [TEST_STEP][PASSED] - if (!(getText(findTestObject("Popup/Popup")).contains(Mesaj))): Text of object 'Object Repository/Popup/Popup' is: 'Lütfen rapor bildiriminin gönderileceği e-posta adresini belirtiniz.
e-Posta Adresi'

2021-11-11 09:37:01 - [MESSAGE][INFO] - Finding Test Object 'Object Repository/Popup/Popup'

2021-11-11 09:37:01 - [MESSAGE][INFO] - Checking object

2021-11-11 09:37:01 - [MESSAGE][INFO] - Finding web element from Test Object's properties

2021-11-11 09:37:01 - [MESSAGE][INFO] - Checking timeout

2021-11-11 09:37:01 - [MESSAGE][INFO] - Finding web element with id: 'Object Repository/Popup/Popup' located by 'By.cssSelector: .bootbox-body' in '30' second(s)

2021-11-11 09:37:01 - [MESSAGE][INFO] - Smart Wait Function is triggered

2021-11-11 09:37:01 - [MESSAGE][INFO] - Found 1 web elements with id: 'Object Repository/Popup/Popup' located by 'By.cssSelector: .bootbox-body' in '30' second(s)

2021-11-11 09:37:01 - [MESSAGE][INFO] - Getting text of object 'Object Repository/Popup/Popup'

2021-11-11 09:37:01 - [MESSAGE][PASSED] - Text of object 'Object Repository/Popup/Popup' is: 'Lütfen rapor bildiriminin gönderileceği e-posta adresini belirtiniz.
e-Posta Adresi'

2021-11-11 09:37:01 - [TEST_STEP][PASSED] - RaporNo = getText(findTestObject("Popup/Popup")).substring(0, 6): Text of object 'Object Repository/Popup/Popup' is: 'Lütfen rapor bildiriminin gönderileceği e-posta adresini belirtiniz.
e-Posta Adresi'

2021-11-11 09:37:01 - [MESSAGE][INFO] - Finding Test Object 'Object Repository/Popup/Popup'

2021-11-11 09:37:02 - [MESSAGE][INFO] - Checking object

2021-11-11 09:37:02 - [MESSAGE][INFO] - Finding web element from Test Object's properties

2021-11-11 09:37:02 - [MESSAGE][INFO] - Checking timeout

2021-11-11 09:37:02 - [MESSAGE][INFO] - Finding web element with id: 'Object Repository/Popup/Popup' located by 'By.cssSelector: .bootbox-body' in '30' second(s)

2021-11-11 09:37:02 - [MESSAGE][INFO] - Smart Wait Function is triggered

2021-11-11 09:37:02 - [MESSAGE][INFO] - Found 1 web elements with id: 'Object Repository/Popup/Popup' located by 'By.cssSelector: .bootbox-body' in '30' second(s)

2021-11-11 09:37:02 - [MESSAGE][INFO] - Getting text of object 'Object Repository/Popup/Popup'

2021-11-11 09:37:02 - [MESSAGE][PASSED] - Text of object 'Object Repository/Popup/Popup' is: 'Lütfen rapor bildiriminin gönderileceği e-posta adresini belirtiniz.
e-Posta Adresi'

2021-11-11 09:37:02 - [TEST_STEP][PASSED] - Console.println(RaporNo): null

2021-11-11 09:37:02 - [MESSAGE][PASSED] - Call Test Case 'Test Cases/Popup/PopupMesajiIceriyorMu' successfully

2021-11-11 09:37:02 - [MESSAGE][INFO] - Checking called Test Case

2021-11-11 09:37:02 - [MESSAGE][INFO] - Starting to call Test Case 'Test Cases/Popup/PopupaEmailEklenir'

2021-11-11 09:37:02 - [TEST_CASE][PASSED] - Test Cases/Popup/PopupaEmailEklenir: Test Cases/Popup/PopupaEmailEklenir

2021-11-11 09:37:02 - [TEST_STEP][PASSED] - clearText(findTestObject("Popup/EmailText")): Text of object 'Object Repository/Popup/EmailText' is cleared

2021-11-11 09:37:02 - [MESSAGE][INFO] - Finding Test Object 'Object Repository/Popup/EmailText'

2021-11-11 09:37:02 - [MESSAGE][INFO] - Checking object

2021-11-11 09:37:02 - [MESSAGE][INFO] - Finding web element from Test Object's properties

2021-11-11 09:37:02 - [MESSAGE][INFO] - Checking timeout

2021-11-11 09:37:02 - [MESSAGE][INFO] - Finding web element with id: 'Object Repository/Popup/EmailText' located by 'By.xpath: //*[@id="eMails"]' in '30' second(s)

2021-11-11 09:37:02 - [MESSAGE][INFO] - Smart Wait Function is triggered

2021-11-11 09:37:02 - [MESSAGE][INFO] - Found 1 web elements with id: 'Object Repository/Popup/EmailText' located by 'By.xpath: //*[@id="eMails"]' in '30' second(s)

2021-11-11 09:37:02 - [MESSAGE][INFO] - Clearing text of object 'Object Repository/Popup/EmailText'

2021-11-11 09:37:02 - [MESSAGE][PASSED] - Text of object 'Object Repository/Popup/EmailText' is cleared

2021-11-11 09:37:02 - [TEST_STEP][PASSED] - sendKeys(findTestObject("Popup/EmailText"), Email): Keys 'elogotest@gmail.com;ali.kara@logo.com.tr' sent to object: 'Object Repository/Popup/EmailText'

2021-11-11 09:37:02 - [MESSAGE][INFO] - Finding Test Object 'Object Repository/Popup/EmailText'

2021-11-11 09:37:02 - [MESSAGE][INFO] - Sending keys 'elogotest@gmail.com;ali.kara@logo.com.tr' to object: 'Object Repository/Popup/EmailText'

2021-11-11 09:37:02 - [MESSAGE][INFO] - Finding web element from Test Object's properties

2021-11-11 09:37:02 - [MESSAGE][INFO] - Checking timeout

2021-11-11 09:37:02 - [MESSAGE][INFO] - Finding web element with id: 'Object Repository/Popup/EmailText' located by 'By.xpath: //*[@id="eMails"]' in '30' second(s)

2021-11-11 09:37:02 - [MESSAGE][INFO] - Smart Wait Function is triggered

2021-11-11 09:37:03 - [MESSAGE][INFO] - Found 1 web elements with id: 'Object Repository/Popup/EmailText' located by 'By.xpath: //*[@id="eMails"]' in '30' second(s)

2021-11-11 09:37:03 - [MESSAGE][PASSED] - Keys 'elogotest@gmail.com;ali.kara@logo.com.tr' sent to object: 'Object Repository/Popup/EmailText'

2021-11-11 09:37:03 - [MESSAGE][PASSED] - Call Test Case 'Test Cases/Popup/PopupaEmailEklenir' successfully

2021-11-11 09:37:03 - [MESSAGE][INFO] - Checking called Test Case

2021-11-11 09:37:03 - [MESSAGE][INFO] - Starting to call Test Case 'Test Cases/Popup/PopupButonSecilir'

2021-11-11 09:37:03 - [TEST_CASE][PASSED] - Test Cases/Popup/PopupButonSecilir: Test Cases/Popup/PopupButonSecilir

2021-11-11 09:37:03 - [TEST_STEP][PASSED] - Method.TextDegerineEsitElementeTikla(findTestObject("Popup/Popup_Butons"), Buton): Method.TextDegerineEsitElementeTikla is PASSED

2021-11-11 09:37:03 - [MESSAGE][INFO] - Finding Test Object 'Object Repository/Popup/Popup_Butons'

2021-11-11 09:37:03 - [MESSAGE][INFO] - Checking timeout

2021-11-11 09:37:03 - [MESSAGE][INFO] - Finding web element with id: 'Object Repository/Popup/Popup_Butons' located by 'By.cssSelector: .modal-footer>button' in '10' second(s)

2021-11-11 09:37:03 - [MESSAGE][INFO] - Smart Wait Function is triggered

2021-11-11 09:37:03 - [MESSAGE][INFO] - Found 4 web elements with id: 'Object Repository/Popup/Popup_Butons' located by 'By.cssSelector: .modal-footer>button' in '10' second(s)

2021-11-11 09:37:03 - [MESSAGE][PASSED] - Method.TextDegerineEsitElementeTikla is PASSED

2021-11-11 09:37:03 - [MESSAGE][PASSED] - Call Test Case 'Test Cases/Popup/PopupButonSecilir' successfully

2021-11-11 09:37:03 - [MESSAGE][INFO] - Checking called Test Case

2021-11-11 09:37:03 - [MESSAGE][INFO] - Starting to call Test Case 'Test Cases/Popup/PopupMesajiIceriyorMu'

2021-11-11 09:37:03 - [TEST_CASE][PASSED] - Test Cases/Popup/PopupMesajiIceriyorMu: Test Cases/Popup/PopupMesajiIceriyorMu

2021-11-11 09:37:03 - [TEST_STEP][PASSED] - waitForElementVisible(findTestObject("Popup/Popup"), 10): Object 'Object Repository/Popup/Popup' is visible

2021-11-11 09:37:03 - [MESSAGE][INFO] - Finding Test Object 'Object Repository/Popup/Popup'

2021-11-11 09:37:03 - [MESSAGE][INFO] - Checking object

2021-11-11 09:37:03 - [MESSAGE][INFO] - Checking timeout

2021-11-11 09:37:03 - [MESSAGE][INFO] - Finding web element from Test Object's properties

2021-11-11 09:37:03 - [MESSAGE][INFO] - Checking timeout

2021-11-11 09:37:03 - [MESSAGE][INFO] - Finding web element with id: 'Object Repository/Popup/Popup' located by 'By.cssSelector: .bootbox-body' in '10' second(s)

2021-11-11 09:37:03 - [MESSAGE][INFO] - Smart Wait Function is triggered

2021-11-11 09:37:04 - [MESSAGE][INFO] - Found 1 web elements with id: 'Object Repository/Popup/Popup' located by 'By.cssSelector: .bootbox-body' in '10' second(s)

2021-11-11 09:37:04 - [MESSAGE][PASSED] - Object 'Object Repository/Popup/Popup' is visible

2021-11-11 09:37:04 - [TEST_STEP][PASSED] - if (!(getText(findTestObject("Popup/Popup")).contains(Mesaj))): Text of object 'Object Repository/Popup/Popup' is: '16253 no’lu talebiniz işleme alınmıştır. Raporunuz hazırlandığında (elogotest@gmail.com;ali.kara@logo.com.tr) adresinize mail gönderilecektir.
Rapor durumunuzu Raporlar > Toplu Veri İndirme ekranından takip edebilir, hazırlandı durumundaki raporlarınızı ilgili menüden indirebilirsiniz.'

2021-11-11 09:37:04 - [MESSAGE][INFO] - Finding Test Object 'Object Repository/Popup/Popup'

2021-11-11 09:37:04 - [MESSAGE][INFO] - Checking object

2021-11-11 09:37:04 - [MESSAGE][INFO] - Finding web element from Test Object's properties

2021-11-11 09:37:04 - [MESSAGE][INFO] - Checking timeout

2021-11-11 09:37:04 - [MESSAGE][INFO] - Finding web element with id: 'Object Repository/Popup/Popup' located by 'By.cssSelector: .bootbox-body' in '30' second(s)

2021-11-11 09:37:04 - [MESSAGE][INFO] - Smart Wait Function is triggered

2021-11-11 09:37:04 - [MESSAGE][INFO] - Found 1 web elements with id: 'Object Repository/Popup/Popup' located by 'By.cssSelector: .bootbox-body' in '30' second(s)

2021-11-11 09:37:04 - [MESSAGE][INFO] - Getting text of object 'Object Repository/Popup/Popup'

2021-11-11 09:37:04 - [MESSAGE][PASSED] - Text of object 'Object Repository/Popup/Popup' is: '16253 no’lu talebiniz işleme alınmıştır. Raporunuz hazırlandığında (elogotest@gmail.com;ali.kara@logo.com.tr) adresinize mail gönderilecektir.
Rapor durumunuzu Raporlar > Toplu Veri İndirme ekranından takip edebilir, hazırlandı durumundaki raporlarınızı ilgili menüden indirebilirsiniz.'

2021-11-11 09:37:04 - [TEST_STEP][PASSED] - RaporNo = getText(findTestObject("Popup/Popup")).substring(0, 6): Text of object 'Object Repository/Popup/Popup' is: '16253 no’lu talebiniz işleme alınmıştır. Raporunuz hazırlandığında (elogotest@gmail.com;ali.kara@logo.com.tr) adresinize mail gönderilecektir.
Rapor durumunuzu Raporlar > Toplu Veri İndirme ekranından takip edebilir, hazırlandı durumundaki raporlarınızı ilgili menüden indirebilirsiniz.'

2021-11-11 09:37:04 - [MESSAGE][INFO] - Finding Test Object 'Object Repository/Popup/Popup'

2021-11-11 09:37:04 - [MESSAGE][INFO] - Checking object

2021-11-11 09:37:04 - [MESSAGE][INFO] - Finding web element from Test Object's properties

2021-11-11 09:37:04 - [MESSAGE][INFO] - Checking timeout

2021-11-11 09:37:04 - [MESSAGE][INFO] - Finding web element with id: 'Object Repository/Popup/Popup' located by 'By.cssSelector: .bootbox-body' in '30' second(s)

2021-11-11 09:37:04 - [MESSAGE][INFO] - Smart Wait Function is triggered

2021-11-11 09:37:05 - [MESSAGE][INFO] - Found 1 web elements with id: 'Object Repository/Popup/Popup' located by 'By.cssSelector: .bootbox-body' in '30' second(s)

2021-11-11 09:37:05 - [MESSAGE][INFO] - Getting text of object 'Object Repository/Popup/Popup'

2021-11-11 09:37:05 - [MESSAGE][PASSED] - Text of object 'Object Repository/Popup/Popup' is: '16253 no’lu talebiniz işleme alınmıştır. Raporunuz hazırlandığında (elogotest@gmail.com;ali.kara@logo.com.tr) adresinize mail gönderilecektir.
Rapor durumunuzu Raporlar > Toplu Veri İndirme ekranından takip edebilir, hazırlandı durumundaki raporlarınızı ilgili menüden indirebilirsiniz.'

2021-11-11 09:37:05 - [TEST_STEP][PASSED] - Console.println(RaporNo): null

2021-11-11 09:37:05 - [MESSAGE][PASSED] - Call Test Case 'Test Cases/Popup/PopupMesajiIceriyorMu' successfully

2021-11-11 09:37:05 - [MESSAGE][INFO] - Checking called Test Case

2021-11-11 09:37:05 - [MESSAGE][INFO] - Starting to call Test Case 'Test Cases/Popup/PopupButonSecilir'

2021-11-11 09:37:05 - [TEST_CASE][PASSED] - Test Cases/Popup/PopupButonSecilir: Test Cases/Popup/PopupButonSecilir

2021-11-11 09:37:05 - [TEST_STEP][PASSED] - Method.TextDegerineEsitElementeTikla(findTestObject("Popup/Popup_Butons"), Buton): Method.TextDegerineEsitElementeTikla is PASSED

2021-11-11 09:37:05 - [MESSAGE][INFO] - Finding Test Object 'Object Repository/Popup/Popup_Butons'

2021-11-11 09:37:05 - [MESSAGE][INFO] - Checking timeout

2021-11-11 09:37:05 - [MESSAGE][INFO] - Finding web element with id: 'Object Repository/Popup/Popup_Butons' located by 'By.cssSelector: .modal-footer>button' in '10' second(s)

2021-11-11 09:37:05 - [MESSAGE][INFO] - Smart Wait Function is triggered

2021-11-11 09:37:05 - [MESSAGE][INFO] - Found 3 web elements with id: 'Object Repository/Popup/Popup_Butons' located by 'By.cssSelector: .modal-footer>button' in '10' second(s)

2021-11-11 09:37:05 - [MESSAGE][PASSED] - Method.TextDegerineEsitElementeTikla is PASSED

2021-11-11 09:37:05 - [MESSAGE][PASSED] - Call Test Case 'Test Cases/Popup/PopupButonSecilir' successfully

2021-11-11 09:37:05 - [MESSAGE][INFO] - Checking called Test Case

2021-11-11 09:37:05 - [MESSAGE][INFO] - Starting to call Test Case 'Test Cases/Butonlar/ButonaTikla'

2021-11-11 09:37:05 - [TEST_CASE][PASSED] - Test Cases/Butonlar/ButonaTikla: Test Cases/Butonlar/ButonaTikla

2021-11-11 09:37:05 - [TEST_STEP][PASSED] - Method.TextDegerineEsitElementeTiklaEquals(findTestObject("Butonlar/Butonlar"), Buton_Adi): Method.TextDegerineEsitElementeTiklaEquals is PASSED

2021-11-11 09:37:05 - [MESSAGE][INFO] - Finding Test Object 'Object Repository/Butonlar/Butonlar'

2021-11-11 09:37:05 - [MESSAGE][INFO] - Checking timeout

2021-11-11 09:37:05 - [MESSAGE][INFO] - Finding web element with id: 'Object Repository/Butonlar/Butonlar' located by 'By.cssSelector: .panel.panel-default.text-center.footerPanel .btn,.btn.btn-primary.btnControls' in '10' second(s)

2021-11-11 09:37:05 - [MESSAGE][INFO] - Smart Wait Function is triggered

2021-11-11 09:37:06 - [MESSAGE][INFO] - Found 9 web elements with id: 'Object Repository/Butonlar/Butonlar' located by 'By.cssSelector: .panel.panel-default.text-center.footerPanel .btn,.btn.btn-primary.btnControls' in '10' second(s)

2021-11-11 09:37:06 - [MESSAGE][PASSED] - Method.TextDegerineEsitElementeTiklaEquals is PASSED

2021-11-11 09:37:06 - [MESSAGE][PASSED] - Call Test Case 'Test Cases/Butonlar/ButonaTikla' successfully

2021-11-11 09:37:06 - [MESSAGE][INFO] - Checking called Test Case

2021-11-11 09:37:06 - [MESSAGE][INFO] - Starting to call Test Case 'Test Cases/Butonlar/AltButonaTikla'

2021-11-11 09:37:06 - [TEST_CASE][PASSED] - Test Cases/Butonlar/AltButonaTikla: Test Cases/Butonlar/AltButonaTikla

2021-11-11 09:37:06 - [TEST_STEP][PASSED] - Method.TextDegerineEsitElementeTikla(findTestObject("Butonlar/AltButonlar"), Alt_Buton): Method.TextDegerineEsitElementeTikla is PASSED

2021-11-11 09:37:06 - [MESSAGE][INFO] - Finding Test Object 'Object Repository/Butonlar/AltButonlar'

2021-11-11 09:37:06 - [MESSAGE][INFO] - Checking timeout

2021-11-11 09:37:06 - [MESSAGE][INFO] - Finding web element with id: 'Object Repository/Butonlar/AltButonlar' located by 'By.cssSelector: .btn-group.open li>a' in '10' second(s)

2021-11-11 09:37:06 - [MESSAGE][INFO] - Smart Wait Function is triggered

2021-11-11 09:37:07 - [MESSAGE][INFO] - Found 2 web elements with id: 'Object Repository/Butonlar/AltButonlar' located by 'By.cssSelector: .btn-group.open li>a' in '10' second(s)

2021-11-11 09:37:07 - [MESSAGE][PASSED] - Method.TextDegerineEsitElementeTikla is PASSED

2021-11-11 09:37:07 - [MESSAGE][PASSED] - Call Test Case 'Test Cases/Butonlar/AltButonaTikla' successfully

2021-11-11 09:37:07 - [MESSAGE][INFO] - Checking called Test Case

2021-11-11 09:37:07 - [MESSAGE][INFO] - Starting to call Test Case 'Test Cases/Popup/PopupMesajiIceriyorMu'

2021-11-11 09:37:07 - [TEST_CASE][PASSED] - Test Cases/Popup/PopupMesajiIceriyorMu: Test Cases/Popup/PopupMesajiIceriyorMu

2021-11-11 09:37:07 - [TEST_STEP][PASSED] - waitForElementVisible(findTestObject("Popup/Popup"), 10): Object 'Object Repository/Popup/Popup' is visible

2021-11-11 09:37:07 - [MESSAGE][INFO] - Finding Test Object 'Object Repository/Popup/Popup'

2021-11-11 09:37:07 - [MESSAGE][INFO] - Checking object

2021-11-11 09:37:07 - [MESSAGE][INFO] - Checking timeout

2021-11-11 09:37:07 - [MESSAGE][INFO] - Finding web element from Test Object's properties

2021-11-11 09:37:07 - [MESSAGE][INFO] - Checking timeout

2021-11-11 09:37:07 - [MESSAGE][INFO] - Finding web element with id: 'Object Repository/Popup/Popup' located by 'By.cssSelector: .bootbox-body' in '10' second(s)

2021-11-11 09:37:07 - [MESSAGE][INFO] - Smart Wait Function is triggered

2021-11-11 09:37:07 - [MESSAGE][INFO] - Found 1 web elements with id: 'Object Repository/Popup/Popup' located by 'By.cssSelector: .bootbox-body' in '10' second(s)

2021-11-11 09:37:07 - [MESSAGE][PASSED] - Object 'Object Repository/Popup/Popup' is visible

2021-11-11 09:37:07 - [TEST_STEP][PASSED] - if (!(getText(findTestObject("Popup/Popup")).contains(Mesaj))): Text of object 'Object Repository/Popup/Popup' is: 'Lütfen rapor bildiriminin gönderileceği e-posta adresini belirtiniz.
e-Posta Adresi'

2021-11-11 09:37:07 - [MESSAGE][INFO] - Finding Test Object 'Object Repository/Popup/Popup'

2021-11-11 09:37:07 - [MESSAGE][INFO] - Checking object

2021-11-11 09:37:07 - [MESSAGE][INFO] - Finding web element from Test Object's properties

2021-11-11 09:37:07 - [MESSAGE][INFO] - Checking timeout

2021-11-11 09:37:07 - [MESSAGE][INFO] - Finding web element with id: 'Object Repository/Popup/Popup' located by 'By.cssSelector: .bootbox-body' in '30' second(s)

2021-11-11 09:37:07 - [MESSAGE][INFO] - Smart Wait Function is triggered

2021-11-11 09:37:08 - [MESSAGE][INFO] - Found 1 web elements with id: 'Object Repository/Popup/Popup' located by 'By.cssSelector: .bootbox-body' in '30' second(s)

2021-11-11 09:37:08 - [MESSAGE][INFO] - Getting text of object 'Object Repository/Popup/Popup'

2021-11-11 09:37:08 - [MESSAGE][PASSED] - Text of object 'Object Repository/Popup/Popup' is: 'Lütfen rapor bildiriminin gönderileceği e-posta adresini belirtiniz.
e-Posta Adresi'

2021-11-11 09:37:08 - [TEST_STEP][PASSED] - RaporNo = getText(findTestObject("Popup/Popup")).substring(0, 6): Text of object 'Object Repository/Popup/Popup' is: 'Lütfen rapor bildiriminin gönderileceği e-posta adresini belirtiniz.
e-Posta Adresi'

2021-11-11 09:37:08 - [MESSAGE][INFO] - Finding Test Object 'Object Repository/Popup/Popup'

2021-11-11 09:37:08 - [MESSAGE][INFO] - Checking object

2021-11-11 09:37:08 - [MESSAGE][INFO] - Finding web element from Test Object's properties

2021-11-11 09:37:08 - [MESSAGE][INFO] - Checking timeout

2021-11-11 09:37:08 - [MESSAGE][INFO] - Finding web element with id: 'Object Repository/Popup/Popup' located by 'By.cssSelector: .bootbox-body' in '30' second(s)

2021-11-11 09:37:08 - [MESSAGE][INFO] - Smart Wait Function is triggered

2021-11-11 09:37:08 - [MESSAGE][INFO] - Found 1 web elements with id: 'Object Repository/Popup/Popup' located by 'By.cssSelector: .bootbox-body' in '30' second(s)

2021-11-11 09:37:08 - [MESSAGE][INFO] - Getting text of object 'Object Repository/Popup/Popup'

2021-11-11 09:37:08 - [MESSAGE][PASSED] - Text of object 'Object Repository/Popup/Popup' is: 'Lütfen rapor bildiriminin gönderileceği e-posta adresini belirtiniz.
e-Posta Adresi'

2021-11-11 09:37:08 - [TEST_STEP][PASSED] - Console.println(RaporNo): null

2021-11-11 09:37:08 - [MESSAGE][PASSED] - Call Test Case 'Test Cases/Popup/PopupMesajiIceriyorMu' successfully

2021-11-11 09:37:08 - [MESSAGE][INFO] - Checking called Test Case

2021-11-11 09:37:08 - [MESSAGE][INFO] - Starting to call Test Case 'Test Cases/Popup/PopupaEmailEklenir'

2021-11-11 09:37:08 - [TEST_CASE][PASSED] - Test Cases/Popup/PopupaEmailEklenir: Test Cases/Popup/PopupaEmailEklenir

2021-11-11 09:37:08 - [TEST_STEP][PASSED] - clearText(findTestObject("Popup/EmailText")): Text of object 'Object Repository/Popup/EmailText' is cleared

2021-11-11 09:37:08 - [MESSAGE][INFO] - Finding Test Object 'Object Repository/Popup/EmailText'

2021-11-11 09:37:08 - [MESSAGE][INFO] - Checking object

2021-11-11 09:37:08 - [MESSAGE][INFO] - Finding web element from Test Object's properties

2021-11-11 09:37:08 - [MESSAGE][INFO] - Checking timeout

2021-11-11 09:37:08 - [MESSAGE][INFO] - Finding web element with id: 'Object Repository/Popup/EmailText' located by 'By.xpath: //*[@id="eMails"]' in '30' second(s)

2021-11-11 09:37:08 - [MESSAGE][INFO] - Smart Wait Function is triggered

2021-11-11 09:37:08 - [MESSAGE][INFO] - Found 1 web elements with id: 'Object Repository/Popup/EmailText' located by 'By.xpath: //*[@id="eMails"]' in '30' second(s)

2021-11-11 09:37:08 - [MESSAGE][INFO] - Clearing text of object 'Object Repository/Popup/EmailText'

2021-11-11 09:37:08 - [MESSAGE][PASSED] - Text of object 'Object Repository/Popup/EmailText' is cleared

2021-11-11 09:37:08 - [TEST_STEP][PASSED] - sendKeys(findTestObject("Popup/EmailText"), Email): Keys 'elogotest@gmail.com;ali.kara@logo.com.tr' sent to object: 'Object Repository/Popup/EmailText'

2021-11-11 09:37:08 - [MESSAGE][INFO] - Finding Test Object 'Object Repository/Popup/EmailText'

2021-11-11 09:37:08 - [MESSAGE][INFO] - Sending keys 'elogotest@gmail.com;ali.kara@logo.com.tr' to object: 'Object Repository/Popup/EmailText'

2021-11-11 09:37:08 - [MESSAGE][INFO] - Finding web element from Test Object's properties

2021-11-11 09:37:08 - [MESSAGE][INFO] - Checking timeout

2021-11-11 09:37:08 - [MESSAGE][INFO] - Finding web element with id: 'Object Repository/Popup/EmailText' located by 'By.xpath: //*[@id="eMails"]' in '30' second(s)

2021-11-11 09:37:08 - [MESSAGE][INFO] - Smart Wait Function is triggered

2021-11-11 09:37:09 - [MESSAGE][INFO] - Found 1 web elements with id: 'Object Repository/Popup/EmailText' located by 'By.xpath: //*[@id="eMails"]' in '30' second(s)

2021-11-11 09:37:09 - [MESSAGE][PASSED] - Keys 'elogotest@gmail.com;ali.kara@logo.com.tr' sent to object: 'Object Repository/Popup/EmailText'

2021-11-11 09:37:09 - [MESSAGE][PASSED] - Call Test Case 'Test Cases/Popup/PopupaEmailEklenir' successfully

2021-11-11 09:37:09 - [MESSAGE][INFO] - Checking called Test Case

2021-11-11 09:37:09 - [MESSAGE][INFO] - Starting to call Test Case 'Test Cases/Popup/PopupButonSecilir'

2021-11-11 09:37:09 - [TEST_CASE][PASSED] - Test Cases/Popup/PopupButonSecilir: Test Cases/Popup/PopupButonSecilir

2021-11-11 09:37:09 - [TEST_STEP][PASSED] - Method.TextDegerineEsitElementeTikla(findTestObject("Popup/Popup_Butons"), Buton): Method.TextDegerineEsitElementeTikla is PASSED

2021-11-11 09:37:09 - [MESSAGE][INFO] - Finding Test Object 'Object Repository/Popup/Popup_Butons'

2021-11-11 09:37:09 - [MESSAGE][INFO] - Checking timeout

2021-11-11 09:37:09 - [MESSAGE][INFO] - Finding web element with id: 'Object Repository/Popup/Popup_Butons' located by 'By.cssSelector: .modal-footer>button' in '10' second(s)

2021-11-11 09:37:09 - [MESSAGE][INFO] - Smart Wait Function is triggered

2021-11-11 09:37:09 - [MESSAGE][INFO] - Found 4 web elements with id: 'Object Repository/Popup/Popup_Butons' located by 'By.cssSelector: .modal-footer>button' in '10' second(s)

2021-11-11 09:37:09 - [MESSAGE][PASSED] - Method.TextDegerineEsitElementeTikla is PASSED

2021-11-11 09:37:09 - [MESSAGE][PASSED] - Call Test Case 'Test Cases/Popup/PopupButonSecilir' successfully

2021-11-11 09:37:09 - [MESSAGE][INFO] - Checking called Test Case

2021-11-11 09:37:09 - [MESSAGE][INFO] - Starting to call Test Case 'Test Cases/Popup/PopupMesajiIceriyorMu'

2021-11-11 09:37:09 - [TEST_CASE][PASSED] - Test Cases/Popup/PopupMesajiIceriyorMu: Test Cases/Popup/PopupMesajiIceriyorMu

2021-11-11 09:37:09 - [TEST_STEP][PASSED] - waitForElementVisible(findTestObject("Popup/Popup"), 10): Object 'Object Repository/Popup/Popup' is visible

2021-11-11 09:37:09 - [MESSAGE][INFO] - Finding Test Object 'Object Repository/Popup/Popup'

2021-11-11 09:37:09 - [MESSAGE][INFO] - Checking object

2021-11-11 09:37:09 - [MESSAGE][INFO] - Checking timeout

2021-11-11 09:37:09 - [MESSAGE][INFO] - Finding web element from Test Object's properties

2021-11-11 09:37:09 - [MESSAGE][INFO] - Checking timeout

2021-11-11 09:37:09 - [MESSAGE][INFO] - Finding web element with id: 'Object Repository/Popup/Popup' located by 'By.cssSelector: .bootbox-body' in '10' second(s)

2021-11-11 09:37:09 - [MESSAGE][INFO] - Smart Wait Function is triggered

2021-11-11 09:37:11 - [MESSAGE][INFO] - Found 1 web elements with id: 'Object Repository/Popup/Popup' located by 'By.cssSelector: .bootbox-body' in '10' second(s)

2021-11-11 09:37:11 - [MESSAGE][PASSED] - Object 'Object Repository/Popup/Popup' is visible

2021-11-11 09:37:11 - [TEST_STEP][PASSED] - if (!(getText(findTestObject("Popup/Popup")).contains(Mesaj))): Text of object 'Object Repository/Popup/Popup' is: '16254 no’lu talebiniz işleme alınmıştır. Raporunuz hazırlandığında (elogotest@gmail.com;ali.kara@logo.com.tr) adresinize mail gönderilecektir.
Rapor durumunuzu Raporlar > Toplu Veri İndirme ekranından takip edebilir, hazırlandı durumundaki raporlarınızı ilgili menüden indirebilirsiniz.'

2021-11-11 09:37:11 - [MESSAGE][INFO] - Finding Test Object 'Object Repository/Popup/Popup'

2021-11-11 09:37:11 - [MESSAGE][INFO] - Checking object

2021-11-11 09:37:11 - [MESSAGE][INFO] - Finding web element from Test Object's properties

2021-11-11 09:37:11 - [MESSAGE][INFO] - Checking timeout

2021-11-11 09:37:11 - [MESSAGE][INFO] - Finding web element with id: 'Object Repository/Popup/Popup' located by 'By.cssSelector: .bootbox-body' in '30' second(s)

2021-11-11 09:37:11 - [MESSAGE][INFO] - Smart Wait Function is triggered

2021-11-11 09:37:11 - [MESSAGE][INFO] - Found 1 web elements with id: 'Object Repository/Popup/Popup' located by 'By.cssSelector: .bootbox-body' in '30' second(s)

2021-11-11 09:37:11 - [MESSAGE][INFO] - Getting text of object 'Object Repository/Popup/Popup'

2021-11-11 09:37:11 - [MESSAGE][PASSED] - Text of object 'Object Repository/Popup/Popup' is: '16254 no’lu talebiniz işleme alınmıştır. Raporunuz hazırlandığında (elogotest@gmail.com;ali.kara@logo.com.tr) adresinize mail gönderilecektir.
Rapor durumunuzu Raporlar > Toplu Veri İndirme ekranından takip edebilir, hazırlandı durumundaki raporlarınızı ilgili menüden indirebilirsiniz.'

2021-11-11 09:37:11 - [TEST_STEP][PASSED] - RaporNo = getText(findTestObject("Popup/Popup")).substring(0, 6): Text of object 'Object Repository/Popup/Popup' is: '16254 no’lu talebiniz işleme alınmıştır. Raporunuz hazırlandığında (elogotest@gmail.com;ali.kara@logo.com.tr) adresinize mail gönderilecektir.
Rapor durumunuzu Raporlar > Toplu Veri İndirme ekranından takip edebilir, hazırlandı durumundaki raporlarınızı ilgili menüden indirebilirsiniz.'

2021-11-11 09:37:11 - [MESSAGE][INFO] - Finding Test Object 'Object Repository/Popup/Popup'

2021-11-11 09:37:11 - [MESSAGE][INFO] - Checking object

2021-11-11 09:37:11 - [MESSAGE][INFO] - Finding web element from Test Object's properties

2021-11-11 09:37:11 - [MESSAGE][INFO] - Checking timeout

2021-11-11 09:37:11 - [MESSAGE][INFO] - Finding web element with id: 'Object Repository/Popup/Popup' located by 'By.cssSelector: .bootbox-body' in '30' second(s)

2021-11-11 09:37:11 - [MESSAGE][INFO] - Smart Wait Function is triggered

2021-11-11 09:37:11 - [MESSAGE][INFO] - Found 1 web elements with id: 'Object Repository/Popup/Popup' located by 'By.cssSelector: .bootbox-body' in '30' second(s)

2021-11-11 09:37:11 - [MESSAGE][INFO] - Getting text of object 'Object Repository/Popup/Popup'

2021-11-11 09:37:11 - [MESSAGE][PASSED] - Text of object 'Object Repository/Popup/Popup' is: '16254 no’lu talebiniz işleme alınmıştır. Raporunuz hazırlandığında (elogotest@gmail.com;ali.kara@logo.com.tr) adresinize mail gönderilecektir.
Rapor durumunuzu Raporlar > Toplu Veri İndirme ekranından takip edebilir, hazırlandı durumundaki raporlarınızı ilgili menüden indirebilirsiniz.'

2021-11-11 09:37:11 - [TEST_STEP][PASSED] - Console.println(RaporNo): null

2021-11-11 09:37:11 - [MESSAGE][PASSED] - Call Test Case 'Test Cases/Popup/PopupMesajiIceriyorMu' successfully

2021-11-11 09:37:11 - [MESSAGE][INFO] - Checking called Test Case

2021-11-11 09:37:11 - [MESSAGE][INFO] - Starting to call Test Case 'Test Cases/Popup/PopupButonSecilir'

2021-11-11 09:37:11 - [TEST_CASE][PASSED] - Test Cases/Popup/PopupButonSecilir: Test Cases/Popup/PopupButonSecilir

2021-11-11 09:37:11 - [TEST_STEP][PASSED] - Method.TextDegerineEsitElementeTikla(findTestObject("Popup/Popup_Butons"), Buton): Method.TextDegerineEsitElementeTikla is PASSED

2021-11-11 09:37:11 - [MESSAGE][INFO] - Finding Test Object 'Object Repository/Popup/Popup_Butons'

2021-11-11 09:37:11 - [MESSAGE][INFO] - Checking timeout

2021-11-11 09:37:11 - [MESSAGE][INFO] - Finding web element with id: 'Object Repository/Popup/Popup_Butons' located by 'By.cssSelector: .modal-footer>button' in '10' second(s)

2021-11-11 09:37:11 - [MESSAGE][INFO] - Smart Wait Function is triggered

2021-11-11 09:37:12 - [MESSAGE][INFO] - Found 3 web elements with id: 'Object Repository/Popup/Popup_Butons' located by 'By.cssSelector: .modal-footer>button' in '10' second(s)

2021-11-11 09:37:12 - [MESSAGE][PASSED] - Method.TextDegerineEsitElementeTikla is PASSED

2021-11-11 09:37:12 - [MESSAGE][PASSED] - Call Test Case 'Test Cases/Popup/PopupButonSecilir' successfully

2021-11-11 09:37:12 - [MESSAGE][INFO] - Checking called Test Case

2021-11-11 09:37:12 - [MESSAGE][INFO] - Starting to call Test Case 'Test Cases/Menu/AnaMenuSecimi'

2021-11-11 09:37:12 - [TEST_CASE][PASSED] - Test Cases/Menu/AnaMenuSecimi: Test Cases/Menu/AnaMenuSecimi

2021-11-11 09:37:12 - [TEST_STEP][PASSED] - Method.TextDegerineEsitElementeTikla(findTestObject("Menu/Ana_Menu"), Ana_Menu): Method.TextDegerineEsitElementeTikla is PASSED

2021-11-11 09:37:12 - [MESSAGE][INFO] - Finding Test Object 'Object Repository/Menu/Ana_Menu'

2021-11-11 09:37:12 - [MESSAGE][INFO] - Checking timeout

2021-11-11 09:37:12 - [MESSAGE][INFO] - Finding web element with id: 'Object Repository/Menu/Ana_Menu' located by 'By.xpath: //*[@class = 'dropdown-toggle']' in '10' second(s)

2021-11-11 09:37:12 - [MESSAGE][INFO] - Smart Wait Function is triggered

2021-11-11 09:37:13 - [MESSAGE][INFO] - Found 14 web elements with id: 'Object Repository/Menu/Ana_Menu' located by 'By.xpath: //*[@class = 'dropdown-toggle']' in '10' second(s)

2021-11-11 09:37:13 - [MESSAGE][PASSED] - Method.TextDegerineEsitElementeTikla is PASSED

2021-11-11 09:37:13 - [MESSAGE][PASSED] - Call Test Case 'Test Cases/Menu/AnaMenuSecimi' successfully

2021-11-11 09:37:13 - [MESSAGE][INFO] - Checking called Test Case

2021-11-11 09:37:13 - [MESSAGE][INFO] - Starting to call Test Case 'Test Cases/Menu/AltMenuSecimi'

2021-11-11 09:37:13 - [TEST_CASE][PASSED] - Test Cases/Menu/AltMenuSecimi: Test Cases/Menu/AltMenuSecimi

2021-11-11 09:37:13 - [TEST_STEP][PASSED] - Method.TextDegerineEsitElementeTikla(findTestObject("Menu/Alt_Menu"), Alt_Menu): Method.TextDegerineEsitElementeTikla is PASSED

2021-11-11 09:37:13 - [MESSAGE][INFO] - Finding Test Object 'Object Repository/Menu/Alt_Menu'

2021-11-11 09:37:13 - [MESSAGE][INFO] - Checking timeout

2021-11-11 09:37:13 - [MESSAGE][INFO] - Finding web element with id: 'Object Repository/Menu/Alt_Menu' located by 'By.xpath: //li[@class='dropdown dropdown-large open']//li[@class='dropdown-element']' in '10' second(s)

2021-11-11 09:37:13 - [MESSAGE][INFO] - Smart Wait Function is triggered

2021-11-11 09:37:13 - [MESSAGE][INFO] - Found 9 web elements with id: 'Object Repository/Menu/Alt_Menu' located by 'By.xpath: //li[@class='dropdown dropdown-large open']//li[@class='dropdown-element']' in '10' second(s)

2021-11-11 09:37:14 - [MESSAGE][PASSED] - Method.TextDegerineEsitElementeTikla is PASSED

2021-11-11 09:37:14 - [MESSAGE][PASSED] - Call Test Case 'Test Cases/Menu/AltMenuSecimi' successfully

2021-11-11 09:37:14 - [MESSAGE][INFO] - Checking called Test Case

2021-11-11 09:37:14 - [MESSAGE][INFO] - Starting to call Test Case 'Test Cases/Filtreler/RaporNoYaz'

2021-11-11 09:37:14 - [TEST_CASE][PASSED] - Test Cases/Filtreler/RaporNoYaz: Test Cases/Filtreler/RaporNoYaz

2021-11-11 09:37:14 - [TEST_STEP][PASSED] - Method.TextDegerineEsitElementinAltindakiTextboxtaYaz(findTestObject("Filtreler/Basliklar"), findTestObject("Filtreler/Basliga_Gore_Textbox"), "Talep No", RaporNo): Method.TextDegerineEsitElementinAltindakiTextboxtaYaz is PASSED

2021-11-11 09:37:14 - [MESSAGE][INFO] - Finding Test Object 'Object Repository/Filtreler/Basliklar'

2021-11-11 09:37:14 - [MESSAGE][INFO] - Finding Test Object 'Object Repository/Filtreler/Basliga_Gore_Textbox'

2021-11-11 09:37:14 - [MESSAGE][INFO] - Checking timeout

2021-11-11 09:37:14 - [MESSAGE][INFO] - Finding web element with id: 'Object Repository/Filtreler/Basliklar' located by 'By.cssSelector: .control-label.col-sm-4.paddingMarginRLC' in '10' second(s)

2021-11-11 09:37:14 - [MESSAGE][INFO] - Smart Wait Function is triggered

2021-11-11 09:37:15 - [MESSAGE][INFO] - Found 8 web elements with id: 'Object Repository/Filtreler/Basliklar' located by 'By.cssSelector: .control-label.col-sm-4.paddingMarginRLC' in '10' second(s)

2021-11-11 09:37:15 - [MESSAGE][INFO] - Smart Wait Function is triggered

2021-11-11 09:37:15 - [MESSAGE][PASSED] - Method.TextDegerineEsitElementinAltindakiTextboxtaYaz is PASSED

2021-11-11 09:37:15 - [MESSAGE][PASSED] - Call Test Case 'Test Cases/Filtreler/RaporNoYaz' successfully

2021-11-11 09:37:15 - [MESSAGE][INFO] - Checking called Test Case

2021-11-11 09:37:15 - [MESSAGE][INFO] - Starting to call Test Case 'Test Cases/Filtreler/ButonaTikla'

2021-11-11 09:37:15 - [TEST_CASE][PASSED] - Test Cases/Filtreler/ButonaTikla: Test Cases/Filtreler/ButonaTikla

2021-11-11 09:37:15 - [TEST_STEP][PASSED] - Method.TextDegerineEsitElementeTikla(findTestObject("Filtreler/Butonlar"), Filtre_Buton): Method.TextDegerineEsitElementeTikla is PASSED

2021-11-11 09:37:15 - [MESSAGE][INFO] - Finding Test Object 'Object Repository/Filtreler/Butonlar'

2021-11-11 09:37:16 - [MESSAGE][INFO] - Checking timeout

2021-11-11 09:37:16 - [MESSAGE][INFO] - Finding web element with id: 'Object Repository/Filtreler/Butonlar' located by 'By.cssSelector: .dxb>span' in '10' second(s)

2021-11-11 09:37:16 - [MESSAGE][INFO] - Smart Wait Function is triggered

2021-11-11 09:37:16 - [MESSAGE][INFO] - Found 2 web elements with id: 'Object Repository/Filtreler/Butonlar' located by 'By.cssSelector: .dxb>span' in '10' second(s)

2021-11-11 09:37:16 - [MESSAGE][PASSED] - Method.TextDegerineEsitElementeTikla is PASSED

2021-11-11 09:37:16 - [MESSAGE][PASSED] - Call Test Case 'Test Cases/Filtreler/ButonaTikla' successfully

2021-11-11 09:37:16 - [MESSAGE][INFO] - Checking called Test Case

2021-11-11 09:37:16 - [MESSAGE][INFO] - Starting to call Test Case 'Test Cases/Tablo/TablodaVeriVarMi'

2021-11-11 09:37:16 - [TEST_CASE][PASSED] - Test Cases/Tablo/TablodaVeriVarMi: Test Cases/Tablo/TablodaVeriVarMi

2021-11-11 09:37:16 - [TEST_STEP][PASSED] - verifyTextNotPresent("Görüntülenecek veri yok", true): Text 'Görüntülenecek veri yok' is not present on page using regular expression

2021-11-11 09:37:16 - [MESSAGE][INFO] - Checking text present  using regular expression

2021-11-11 09:37:16 - [MESSAGE][INFO] - Smart Wait Function is triggered

2021-11-11 09:37:17 - [MESSAGE][INFO] - Finding text 'Görüntülenecek veri yok' on page  using regular expression

2021-11-11 09:37:17 - [MESSAGE][PASSED] - Text 'Görüntülenecek veri yok' is not present on page using regular expression

2021-11-11 09:37:17 - [MESSAGE][PASSED] - Call Test Case 'Test Cases/Tablo/TablodaVeriVarMi' successfully

2021-11-11 09:37:17 - [MESSAGE][INFO] - Checking called Test Case

2021-11-11 09:37:17 - [MESSAGE][INFO] - Starting to call Test Case 'Test Cases/Kullanici_Islemleri/KullaniciIslemlerindenSecimYapilir'

2021-11-11 09:37:17 - [TEST_CASE][PASSED] - Test Cases/Kullanici_Islemleri/KullaniciIslemlerindenSecimYapilir: Test Cases/Kullanici_Islemleri/KullaniciIslemlerindenSecimYapilir

2021-11-11 09:37:17 - [TEST_STEP][PASSED] - waitForElementClickable(findTestObject("Object Repository/Kullanici_Islemleri/KullaniciIslemleri"), 10): Object 'Object Repository/Kullanici_Islemleri/KullaniciIslemleri' is clickable

2021-11-11 09:37:17 - [MESSAGE][INFO] - Finding Test Object 'Object Repository/Kullanici_Islemleri/KullaniciIslemleri'

2021-11-11 09:37:17 - [MESSAGE][INFO] - Checking object

2021-11-11 09:37:17 - [MESSAGE][INFO] - Checking timeout

2021-11-11 09:37:17 - [MESSAGE][INFO] - Finding web element from Test Object's properties

2021-11-11 09:37:17 - [MESSAGE][INFO] - Checking timeout

2021-11-11 09:37:17 - [MESSAGE][INFO] - Finding web element with id: 'Object Repository/Kullanici_Islemleri/KullaniciIslemleri' located by 'By.cssSelector: .dropdown>a>img' in '10' second(s)

2021-11-11 09:37:17 - [MESSAGE][INFO] - Smart Wait Function is triggered

2021-11-11 09:37:17 - [MESSAGE][INFO] - Found 1 web elements with id: 'Object Repository/Kullanici_Islemleri/KullaniciIslemleri' located by 'By.cssSelector: .dropdown>a>img' in '10' second(s)

2021-11-11 09:37:17 - [MESSAGE][PASSED] - Object 'Object Repository/Kullanici_Islemleri/KullaniciIslemleri' is clickable

2021-11-11 09:37:17 - [TEST_STEP][PASSED] - click(findTestObject("Object Repository/Kullanici_Islemleri/KullaniciIslemleri")): Object: 'Object Repository/Kullanici_Islemleri/KullaniciIslemleri' is clicked on

2021-11-11 09:37:17 - [MESSAGE][INFO] - Finding Test Object 'Object Repository/Kullanici_Islemleri/KullaniciIslemleri'

2021-11-11 09:37:17 - [MESSAGE][INFO] - Checking object

2021-11-11 09:37:17 - [MESSAGE][INFO] - Finding web element from Test Object's properties

2021-11-11 09:37:17 - [MESSAGE][INFO] - Checking timeout

2021-11-11 09:37:17 - [MESSAGE][INFO] - Finding web element with id: 'Object Repository/Kullanici_Islemleri/KullaniciIslemleri' located by 'By.cssSelector: .dropdown>a>img' in '30' second(s)

2021-11-11 09:37:17 - [MESSAGE][INFO] - Smart Wait Function is triggered

2021-11-11 09:37:17 - [MESSAGE][INFO] - Found 1 web elements with id: 'Object Repository/Kullanici_Islemleri/KullaniciIslemleri' located by 'By.cssSelector: .dropdown>a>img' in '30' second(s)

2021-11-11 09:37:17 - [MESSAGE][INFO] - Clicking on object: 'Object Repository/Kullanici_Islemleri/KullaniciIslemleri'

2021-11-11 09:37:18 - [MESSAGE][PASSED] - Object: 'Object Repository/Kullanici_Islemleri/KullaniciIslemleri' is clicked on

2021-11-11 09:37:18 - [TEST_STEP][PASSED] - Method.TextDegerineEsitElementeTikla(findTestObject("Object Repository/Kullanici_Islemleri/Secenekler"), Islem): Method.TextDegerineEsitElementeTikla is PASSED

2021-11-11 09:37:18 - [MESSAGE][INFO] - Finding Test Object 'Object Repository/Kullanici_Islemleri/Secenekler'

2021-11-11 09:37:18 - [MESSAGE][INFO] - Checking timeout

2021-11-11 09:37:18 - [MESSAGE][INFO] - Finding web element with id: 'Object Repository/Kullanici_Islemleri/Secenekler' located by 'By.cssSelector: .nav.navbar-nav.navbar-right li a' in '10' second(s)

2021-11-11 09:37:18 - [MESSAGE][INFO] - Smart Wait Function is triggered

2021-11-11 09:37:18 - [MESSAGE][INFO] - Found 22 web elements with id: 'Object Repository/Kullanici_Islemleri/Secenekler' located by 'By.cssSelector: .nav.navbar-nav.navbar-right li a' in '10' second(s)

2021-11-11 09:37:19 - [MESSAGE][PASSED] - Method.TextDegerineEsitElementeTikla is PASSED

2021-11-11 09:37:19 - [TEST_STEP][PASSED] - verifyElementNotPresent(findTestObject("Object Repository/Kullanici_Islemleri/Secenekler"), 10): Web element with id: 'Object Repository/Kullanici_Islemleri/Secenekler' located by 'By.cssSelector: .nav.navbar-nav.navbar-right li a' is not present after '10' second(s)

2021-11-11 09:37:19 - [MESSAGE][INFO] - Finding Test Object 'Object Repository/Kullanici_Islemleri/Secenekler'

2021-11-11 09:37:20 - [MESSAGE][INFO] - Checking object

2021-11-11 09:37:20 - [MESSAGE][INFO] - Checking timeout

2021-11-11 09:37:20 - [MESSAGE][INFO] - Finding web element with id: 'Object Repository/Kullanici_Islemleri/Secenekler' located by 'By.cssSelector: .nav.navbar-nav.navbar-right li a' in '10' second(s)

2021-11-11 09:37:20 - [MESSAGE][INFO] - Smart Wait Function is triggered

2021-11-11 09:37:20 - [MESSAGE][PASSED] - Web element with id: 'Object Repository/Kullanici_Islemleri/Secenekler' located by 'By.cssSelector: .nav.navbar-nav.navbar-right li a' is not present after '10' second(s)

2021-11-11 09:37:20 - [MESSAGE][PASSED] - Call Test Case 'Test Cases/Kullanici_Islemleri/KullaniciIslemlerindenSecimYapilir' successfully

2021-11-11 09:37:20 - [TEST_CASE][PASSED] - Start Test Case : SCENARIO e-Arsiv Raporunun excele aktarilmasi: SCENARIO e-Arsiv Raporunun excele aktarilmasi

2021-11-11 09:37:20 - [TEST_STEP][PASSED] - Kullanıcı adı ELOGO6 ve Şifre 123456 olarak giriş yapılır: Kullanıcı adı ELOGO6 ve Şifre 123456 olarak giriş yapılır

2021-11-11 09:37:20 - [MESSAGE][PASSED] - Kullanıcı adı ELOGO6 ve Şifre 123456 olarak giriş yapılır

2021-11-11 09:37:20 - [TEST_STEP][PASSED] - Ana menüden e-Arşiv seçilir: Ana menüden e-Arşiv seçilir

2021-11-11 09:37:20 - [MESSAGE][PASSED] - Ana menüden e-Arşiv seçilir

2021-11-11 09:37:20 - [TEST_STEP][PASSED] - Alt menü e-Arşiv Hareketleri başlığı altındaki e-Arşiv Raporları seçilir: Alt menü e-Arşiv Hareketleri başlığı altındaki e-Arşiv Raporları seçilir

2021-11-11 09:37:20 - [MESSAGE][PASSED] - Alt menü e-Arşiv Hareketleri başlığı altındaki e-Arşiv Raporları seçilir

2021-11-11 09:37:20 - [TEST_STEP][PASSED] - Filtrelerden Dönem Tarihi filtresine 2020 Aralık dropdowndan degeri seçilir: Filtrelerden Dönem Tarihi filtresine 2020 Aralık dropdowndan degeri seçilir

2021-11-11 09:37:20 - [MESSAGE][PASSED] - Filtrelerden Dönem Tarihi filtresine 2020 Aralık dropdowndan degeri seçilir

2021-11-11 09:37:20 - [TEST_STEP][PASSED] - Filtre butonlarından Listele seçilir: Filtre butonlarından Listele seçilir

2021-11-11 09:37:20 - [MESSAGE][PASSED] - Filtre butonlarından Listele seçilir

2021-11-11 09:37:20 - [TEST_STEP][PASSED] - Tabloda veri var mı kontrol edilir: Tabloda veri var mı kontrol edilir

2021-11-11 09:37:20 - [MESSAGE][PASSED] - Tabloda veri var mı kontrol edilir

2021-11-11 09:37:20 - [TEST_STEP][PASSED] - Tablodan 2691121 isimli veri seçilir: Tablodan 2691121 isimli veri seçilir

2021-11-11 09:37:20 - [MESSAGE][PASSED] - Tablodan 2691121 isimli veri seçilir

2021-11-11 09:37:20 - [TEST_STEP][PASSED] - Butonlardan Excel isimli butona tıklanır: Butonlardan Excel isimli butona tıklanır

2021-11-11 09:37:20 - [MESSAGE][PASSED] - Butonlardan Excel isimli butona tıklanır

2021-11-11 09:37:20 - [TEST_STEP][PASSED] - Alt butonlardan Excel'e Aktar butonuna tıklanır: Alt butonlardan Excel'e Aktar butonuna tıklanır

2021-11-11 09:37:20 - [MESSAGE][PASSED] - Alt butonlardan Excel'e Aktar butonuna tıklanır

2021-11-11 09:37:20 - [TEST_STEP][PASSED] - Popup mesajı Lütfen rapor bildiriminin gönderileceği e-posta adresini belirtiniz. içeriyor mu: Popup mesajı Lütfen rapor bildiriminin gönderileceği e-posta adresini belirtiniz. içeriyor mu

2021-11-11 09:37:20 - [MESSAGE][PASSED] - Popup mesajı Lütfen rapor bildiriminin gönderileceği e-posta adresini belirtiniz. içeriyor mu

2021-11-11 09:37:20 - [TEST_STEP][PASSED] - Popup email elogotest@gmail.com;ali.kara@logo.com.tr olarak girilir: Popup email elogotest@gmail.com;ali.kara@logo.com.tr olarak girilir

2021-11-11 09:37:20 - [MESSAGE][PASSED] - Popup email elogotest@gmail.com;ali.kara@logo.com.tr olarak girilir

2021-11-11 09:37:20 - [TEST_STEP][PASSED] - Yönetim popupında Gönder seçilir: Yönetim popupında Gönder seçilir

2021-11-11 09:37:20 - [MESSAGE][PASSED] - Yönetim popupında Gönder seçilir

2021-11-11 09:37:20 - [TEST_STEP][PASSED] - Popup mesajı talebiniz işleme alınmıştır içeriyor mu: Popup mesajı talebiniz işleme alınmıştır içeriyor mu

2021-11-11 09:37:20 - [MESSAGE][PASSED] - Popup mesajı talebiniz işleme alınmıştır içeriyor mu

2021-11-11 09:37:20 - [TEST_STEP][PASSED] - Yönetim popupında Tamam seçilir: Yönetim popupında Tamam seçilir

2021-11-11 09:37:20 - [MESSAGE][PASSED] - Yönetim popupında Tamam seçilir

2021-11-11 09:37:20 - [TEST_STEP][PASSED] - Butonlardan Excel isimli butona tıklanır: Butonlardan Excel isimli butona tıklanır

2021-11-11 09:37:20 - [MESSAGE][PASSED] - Butonlardan Excel isimli butona tıklanır

2021-11-11 09:37:20 - [TEST_STEP][PASSED] - Alt butonlardan Tümünü Excel'e Aktar butonuna tıklanır: Alt butonlardan Tümünü Excel'e Aktar butonuna tıklanır

2021-11-11 09:37:20 - [MESSAGE][PASSED] - Alt butonlardan Tümünü Excel'e Aktar butonuna tıklanır

2021-11-11 09:37:20 - [TEST_STEP][PASSED] - Popup mesajı Lütfen rapor bildiriminin gönderileceği e-posta adresini belirtiniz. içeriyor mu: Popup mesajı Lütfen rapor bildiriminin gönderileceği e-posta adresini belirtiniz. içeriyor mu

2021-11-11 09:37:20 - [MESSAGE][PASSED] - Popup mesajı Lütfen rapor bildiriminin gönderileceği e-posta adresini belirtiniz. içeriyor mu

2021-11-11 09:37:20 - [TEST_STEP][PASSED] - Popup email elogotest@gmail.com;ali.kara@logo.com.tr olarak girilir: Popup email elogotest@gmail.com;ali.kara@logo.com.tr olarak girilir

2021-11-11 09:37:20 - [MESSAGE][PASSED] - Popup email elogotest@gmail.com;ali.kara@logo.com.tr olarak girilir

2021-11-11 09:37:20 - [TEST_STEP][PASSED] - Yönetim popupında Gönder seçilir: Yönetim popupında Gönder seçilir

2021-11-11 09:37:20 - [MESSAGE][PASSED] - Yönetim popupında Gönder seçilir

2021-11-11 09:37:20 - [TEST_STEP][PASSED] - Popup mesajı talebiniz işleme alınmıştır içeriyor mu: Popup mesajı talebiniz işleme alınmıştır içeriyor mu

2021-11-11 09:37:20 - [MESSAGE][PASSED] - Popup mesajı talebiniz işleme alınmıştır içeriyor mu

2021-11-11 09:37:20 - [TEST_STEP][PASSED] - Yönetim popupında Tamam seçilir: Yönetim popupında Tamam seçilir

2021-11-11 09:37:20 - [MESSAGE][PASSED] - Yönetim popupında Tamam seçilir

2021-11-11 09:37:20 - [TEST_STEP][PASSED] - Ana menüden Raporlar seçilir: Ana menüden Raporlar seçilir

2021-11-11 09:37:20 - [MESSAGE][PASSED] - Ana menüden Raporlar seçilir

2021-11-11 09:37:20 - [TEST_STEP][PASSED] - Alt menüden Toplu Veri İndirme seçilir: Alt menüden Toplu Veri İndirme seçilir

2021-11-11 09:37:20 - [MESSAGE][PASSED] - Alt menüden Toplu Veri İndirme seçilir

2021-11-11 09:37:20 - [TEST_STEP][PASSED] - Filtrelerden Talep No filtresine Rapor No bilgisi yaz: Filtrelerden Talep No filtresine Rapor No bilgisi yaz

2021-11-11 09:37:20 - [MESSAGE][PASSED] - Filtrelerden Talep No filtresine Rapor No bilgisi yaz

2021-11-11 09:37:20 - [TEST_STEP][PASSED] - Filtre butonlarından Listele seçilir: Filtre butonlarından Listele seçilir

2021-11-11 09:37:20 - [MESSAGE][PASSED] - Filtre butonlarından Listele seçilir

2021-11-11 09:37:20 - [TEST_STEP][PASSED] - Tabloda veri var mı kontrol edilir: Tabloda veri var mı kontrol edilir

2021-11-11 09:37:20 - [MESSAGE][PASSED] - Tabloda veri var mı kontrol edilir

2021-11-11 09:37:20 - [TEST_STEP][PASSED] - Kullanıcı işlemlerinden Çıkış seçilir: Kullanıcı işlemlerinden Çıkış seçilir

2021-11-11 09:37:20 - [MESSAGE][PASSED] - Kullanıcı işlemlerinden Çıkış seçilir

2021-11-11 09:37:20 - [MESSAGE][PASSED] - Feature file: 'Include/features/e-Arsiv/e-Arsiv Hareketleri/e-Arsiv Raporlari/Excele Aktar.feature' was passed

2021-11-11 09:37:20 - [TEST_STEP][PASSED] - Start listener action : sampleAfterTestSuite: Invoke 'com.kms.katalon.core.annotation.AfterTestCase' method: 'Listener.sampleAfterTestSuite(...)' completed.

2021-11-11 09:37:20 - [MESSAGE][INFO] - Starting invoke 'com.kms.katalon.core.annotation.AfterTestCase' method: 'Listener.sampleAfterTestSuite(...)'

2021-11-11 09:37:20 - [TEST_STEP][PASSED] - closeBrowser(): Invoke 'com.kms.katalon.core.annotation.AfterTestCase' method: 'Listener.sampleAfterTestSuite(...)' completed.

2021-11-11 09:37:20 - [MESSAGE][INFO] - Closing browser

2021-11-11 09:37:21 - [MESSAGE][PASSED] - Browser is closed

2021-11-11 09:37:21 - [MESSAGE][INFO] - Invoke 'com.kms.katalon.core.annotation.AfterTestCase' method: 'Listener.sampleAfterTestSuite(...)' completed.]]></system-out>
         <system-err><![CDATA[]]></system-err>
      </testcase>
      <testcase name="Test Cases/Case Repository/e-Irsaliye/Gelen Kutusu/Irsaliye Yanitlari/Excele Aktar" time="48.484" classname="Test Cases/Case Repository/e-Irsaliye/Gelen Kutusu/Irsaliye Yanitlari/Excele Aktar" status="PASSED">
         <system-out><![CDATA[2021-11-11 09:37:21 - [TEST_CASE][PASSED] - Test Cases/Case Repository/e-Irsaliye/Gelen Kutusu/Irsaliye Yanitlari/Excele Aktar: Test Cases/Case Repository/e-Irsaliye/Gelen Kutusu/Irsaliye Yanitlari/Excele Aktar

2021-11-11 09:37:21 - [TEST_STEP][PASSED] - Start listener action : sampleBeforeTestSuite: Invoke 'com.kms.katalon.core.annotation.BeforeTestCase' method: 'Listener.sampleBeforeTestSuite(...)' completed.

2021-11-11 09:37:21 - [MESSAGE][INFO] - Starting invoke 'com.kms.katalon.core.annotation.BeforeTestCase' method: 'Listener.sampleBeforeTestSuite(...)'

2021-11-11 09:37:21 - [TEST_STEP][PASSED] - openBrowser(baseUrl): Browser is opened with url: 'https://efatura-stage.elogo.com.tr/'

2021-11-11 09:37:21 - [MESSAGE][INFO] - Opening browser

2021-11-11 09:37:21 - [MESSAGE][INFO] - Starting 'Chrome' driver

2021-11-11 09:37:21 - [MESSAGE][INFO] - User set preference: ['prefs', '{download.default_directory=C:\otomasyondownfiles}']

2021-11-11 09:37:21 - [MESSAGE][INFO] - Action delay is set to 0 milliseconds

2021-11-11 09:37:22 - [MESSAGE][INFO] - Navigating browser to: 'https://efatura-stage.elogo.com.tr/'

2021-11-11 09:37:25 - [MESSAGE][PASSED] - Browser is opened with url: 'https://efatura-stage.elogo.com.tr/'

2021-11-11 09:37:25 - [TEST_STEP][PASSED] - maximizeWindow(): Invoke 'com.kms.katalon.core.annotation.BeforeTestCase' method: 'Listener.sampleBeforeTestSuite(...)' completed.

2021-11-11 09:37:25 - [MESSAGE][INFO] - Maximizing current window

2021-11-11 09:37:26 - [MESSAGE][PASSED] - Current window maximized

2021-11-11 09:37:26 - [MESSAGE][INFO] - Invoke 'com.kms.katalon.core.annotation.BeforeTestCase' method: 'Listener.sampleBeforeTestSuite(...)' completed.

2021-11-11 09:37:26 - [TEST_STEP][PASSED] - runFeatureFile("Include/features/e-Irsaliye/Gelen Kutusu/Irsaliye Yanitlari/Excele Aktar.feature"): Feature file: 'Include/features/e-Irsaliye/Gelen Kutusu/Irsaliye Yanitlari/Excele Aktar.feature' was passed

2021-11-11 09:37:26 - [MESSAGE][INFO] - Starting run keyword runFeatureFile: 'Include/features/e-Irsaliye/Gelen Kutusu/Irsaliye Yanitlari/Excele Aktar.feature' and extract report to folder: 'C:\Users\DELL\Documents\GitHub\EES_KatalonLogo\Reports\20211111_090730\Suite Repository\ExceleAktarVeTopluIndirme\20211111_090810/cucumber_report/1636612646574'...

2021-11-11 09:37:26 - [MESSAGE][INFO] - Glue: []

2021-11-11 09:37:27 - [MESSAGE][INFO] - Checking called Test Case

2021-11-11 09:37:27 - [MESSAGE][INFO] - Starting to call Test Case 'Test Cases/Sayfalar/Giris_Sayfasi/Login'

2021-11-11 09:37:27 - [TEST_CASE][PASSED] - Test Cases/Sayfalar/Giris_Sayfasi/Login: Test Cases/Sayfalar/Giris_Sayfasi/Login

2021-11-11 09:37:27 - [TEST_STEP][PASSED] - Sayfa_Basligi = getWindowTitle(): Current window's title is: 'LOGO e-Fatura'

2021-11-11 09:37:27 - [MESSAGE][INFO] - Getting current window's title

2021-11-11 09:37:27 - [MESSAGE][PASSED] - Current window's title is: 'LOGO e-Fatura'

2021-11-11 09:37:27 - [TEST_STEP][PASSED] - verifyMatch(Sayfa_Basligi, "LOGO e-Fatura", false): Actual text 'LOGO e-Fatura' and expected text 'LOGO e-Fatura' are matched 

2021-11-11 09:37:27 - [MESSAGE][INFO] - Matching actual text 'LOGO e-Fatura' with expected text 'LOGO e-Fatura'

2021-11-11 09:37:27 - [MESSAGE][PASSED] - Actual text 'LOGO e-Fatura' and expected text 'LOGO e-Fatura' are matched 

2021-11-11 09:37:27 - [TEST_STEP][PASSED] - sendKeys(findTestObject("Sayfalar/Giris_Sayfasi/Firma_Kodu"), KullaniciAdi): Keys 'ELOGO6' sent to object: 'Object Repository/Sayfalar/Giris_Sayfasi/Firma_Kodu'

2021-11-11 09:37:27 - [MESSAGE][INFO] - Finding Test Object 'Object Repository/Sayfalar/Giris_Sayfasi/Firma_Kodu'

2021-11-11 09:37:27 - [MESSAGE][INFO] - Sending keys 'ELOGO6' to object: 'Object Repository/Sayfalar/Giris_Sayfasi/Firma_Kodu'

2021-11-11 09:37:27 - [MESSAGE][INFO] - Finding web element from Test Object's properties

2021-11-11 09:37:27 - [MESSAGE][INFO] - Checking timeout

2021-11-11 09:37:27 - [MESSAGE][INFO] - Finding web element with id: 'Object Repository/Sayfalar/Giris_Sayfasi/Firma_Kodu' located by 'By.xpath: //*[@id = 'AccountName']' in '30' second(s)

2021-11-11 09:37:27 - [MESSAGE][INFO] - Smart Wait Function is triggered

2021-11-11 09:37:27 - [MESSAGE][INFO] - Found 1 web elements with id: 'Object Repository/Sayfalar/Giris_Sayfasi/Firma_Kodu' located by 'By.xpath: //*[@id = 'AccountName']' in '30' second(s)

2021-11-11 09:37:27 - [MESSAGE][PASSED] - Keys 'ELOGO6' sent to object: 'Object Repository/Sayfalar/Giris_Sayfasi/Firma_Kodu'

2021-11-11 09:37:27 - [TEST_STEP][PASSED] - sendKeys(findTestObject("Sayfalar/Giris_Sayfasi/Sifre"), Sifre): Keys '123456' sent to object: 'Object Repository/Sayfalar/Giris_Sayfasi/Sifre'

2021-11-11 09:37:27 - [MESSAGE][INFO] - Finding Test Object 'Object Repository/Sayfalar/Giris_Sayfasi/Sifre'

2021-11-11 09:37:27 - [MESSAGE][INFO] - Sending keys '123456' to object: 'Object Repository/Sayfalar/Giris_Sayfasi/Sifre'

2021-11-11 09:37:27 - [MESSAGE][INFO] - Finding web element from Test Object's properties

2021-11-11 09:37:27 - [MESSAGE][INFO] - Checking timeout

2021-11-11 09:37:27 - [MESSAGE][INFO] - Finding web element with id: 'Object Repository/Sayfalar/Giris_Sayfasi/Sifre' located by 'By.xpath: //*[@id = 'Password']' in '30' second(s)

2021-11-11 09:37:27 - [MESSAGE][INFO] - Smart Wait Function is triggered

2021-11-11 09:37:28 - [MESSAGE][INFO] - Found 1 web elements with id: 'Object Repository/Sayfalar/Giris_Sayfasi/Sifre' located by 'By.xpath: //*[@id = 'Password']' in '30' second(s)

2021-11-11 09:37:28 - [MESSAGE][PASSED] - Keys '123456' sent to object: 'Object Repository/Sayfalar/Giris_Sayfasi/Sifre'

2021-11-11 09:37:28 - [TEST_STEP][PASSED] - findWebElement(findTestObject("Sayfalar/Giris_Sayfasi/Giris_Butonu")).click(): Found 1 web elements with id: 'Object Repository/Sayfalar/Giris_Sayfasi/Giris_Butonu' located by 'By.cssSelector: #btnLogin' in '30' second(s)

2021-11-11 09:37:28 - [MESSAGE][INFO] - Finding Test Object 'Object Repository/Sayfalar/Giris_Sayfasi/Giris_Butonu'

2021-11-11 09:37:28 - [MESSAGE][INFO] - Finding web element from Test Object's properties

2021-11-11 09:37:28 - [MESSAGE][INFO] - Checking timeout

2021-11-11 09:37:28 - [MESSAGE][INFO] - Finding web element with id: 'Object Repository/Sayfalar/Giris_Sayfasi/Giris_Butonu' located by 'By.cssSelector: #btnLogin' in '30' second(s)

2021-11-11 09:37:28 - [MESSAGE][INFO] - Smart Wait Function is triggered

2021-11-11 09:37:28 - [MESSAGE][INFO] - Found 1 web elements with id: 'Object Repository/Sayfalar/Giris_Sayfasi/Giris_Butonu' located by 'By.cssSelector: #btnLogin' in '30' second(s)

2021-11-11 09:37:30 - [TEST_STEP][PASSED] - if (verifyElementPresent(findTestObject("Object Repository/Sayfalar/Giris_Sayfasi/RetveTamam_Butonu"), 5, OPTIONAL)): null

2021-11-11 09:37:30 - [MESSAGE][INFO] - Finding Test Object 'Object Repository/Sayfalar/Giris_Sayfasi/RetveTamam_Butonu'

2021-11-11 09:37:30 - [MESSAGE][INFO] - Checking object

2021-11-11 09:37:30 - [MESSAGE][INFO] - Finding web element from Test Object's properties

2021-11-11 09:37:30 - [MESSAGE][INFO] - Checking timeout

2021-11-11 09:37:30 - [MESSAGE][INFO] - Finding web element with id: 'Object Repository/Sayfalar/Giris_Sayfasi/RetveTamam_Butonu' located by 'By.xpath: //*[@class = 'btn btn-default']' in '5' second(s)

2021-11-11 09:37:30 - [MESSAGE][INFO] - Smart Wait Function is triggered

2021-11-11 09:37:31 - [MESSAGE][INFO] - Found 1 web elements with id: 'Object Repository/Sayfalar/Giris_Sayfasi/RetveTamam_Butonu' located by 'By.xpath: //*[@class = 'btn btn-default']' in '5' second(s)

2021-11-11 09:37:31 - [MESSAGE][PASSED] - Object 'Object Repository/Sayfalar/Giris_Sayfasi/RetveTamam_Butonu' is present

2021-11-11 09:37:31 - [TEST_STEP][PASSED] - click(findTestObject("Object Repository/Sayfalar/Giris_Sayfasi/RetveTamam_Butonu")): Object: 'Object Repository/Sayfalar/Giris_Sayfasi/RetveTamam_Butonu' is clicked on

2021-11-11 09:37:31 - [MESSAGE][INFO] - Finding Test Object 'Object Repository/Sayfalar/Giris_Sayfasi/RetveTamam_Butonu'

2021-11-11 09:37:31 - [MESSAGE][INFO] - Checking object

2021-11-11 09:37:31 - [MESSAGE][INFO] - Finding web element from Test Object's properties

2021-11-11 09:37:31 - [MESSAGE][INFO] - Checking timeout

2021-11-11 09:37:31 - [MESSAGE][INFO] - Finding web element with id: 'Object Repository/Sayfalar/Giris_Sayfasi/RetveTamam_Butonu' located by 'By.xpath: //*[@class = 'btn btn-default']' in '30' second(s)

2021-11-11 09:37:31 - [MESSAGE][INFO] - Smart Wait Function is triggered

2021-11-11 09:37:31 - [MESSAGE][INFO] - Found 1 web elements with id: 'Object Repository/Sayfalar/Giris_Sayfasi/RetveTamam_Butonu' located by 'By.xpath: //*[@class = 'btn btn-default']' in '30' second(s)

2021-11-11 09:37:31 - [MESSAGE][INFO] - Clicking on object: 'Object Repository/Sayfalar/Giris_Sayfasi/RetveTamam_Butonu'

2021-11-11 09:37:31 - [MESSAGE][PASSED] - Object: 'Object Repository/Sayfalar/Giris_Sayfasi/RetveTamam_Butonu' is clicked on

2021-11-11 09:37:31 - [TEST_STEP][PASSED] - click(findTestObject("Object Repository/Sayfalar/Giris_Sayfasi/RetveTamam_Butonu")): Object: 'Object Repository/Sayfalar/Giris_Sayfasi/RetveTamam_Butonu' is clicked on

2021-11-11 09:37:31 - [MESSAGE][INFO] - Finding Test Object 'Object Repository/Sayfalar/Giris_Sayfasi/RetveTamam_Butonu'

2021-11-11 09:37:31 - [MESSAGE][INFO] - Checking object

2021-11-11 09:37:31 - [MESSAGE][INFO] - Finding web element from Test Object's properties

2021-11-11 09:37:31 - [MESSAGE][INFO] - Checking timeout

2021-11-11 09:37:31 - [MESSAGE][INFO] - Finding web element with id: 'Object Repository/Sayfalar/Giris_Sayfasi/RetveTamam_Butonu' located by 'By.xpath: //*[@class = 'btn btn-default']' in '30' second(s)

2021-11-11 09:37:31 - [MESSAGE][INFO] - Smart Wait Function is triggered

2021-11-11 09:37:34 - [MESSAGE][INFO] - Found 1 web elements with id: 'Object Repository/Sayfalar/Giris_Sayfasi/RetveTamam_Butonu' located by 'By.xpath: //*[@class = 'btn btn-default']' in '30' second(s)

2021-11-11 09:37:34 - [MESSAGE][INFO] - Clicking on object: 'Object Repository/Sayfalar/Giris_Sayfasi/RetveTamam_Butonu'

2021-11-11 09:37:34 - [MESSAGE][PASSED] - Object: 'Object Repository/Sayfalar/Giris_Sayfasi/RetveTamam_Butonu' is clicked on

2021-11-11 09:37:34 - [TEST_STEP][PASSED] - if (verifyElementPresent(findTestObject("Sayfalar/Giris_Sayfasi/PopupOK"), 5, OPTIONAL)): null

2021-11-11 09:37:34 - [MESSAGE][INFO] - Finding Test Object 'Object Repository/Sayfalar/Giris_Sayfasi/PopupOK'

2021-11-11 09:37:34 - [MESSAGE][INFO] - Checking object

2021-11-11 09:37:34 - [MESSAGE][INFO] - Finding web element from Test Object's properties

2021-11-11 09:37:34 - [MESSAGE][INFO] - Checking timeout

2021-11-11 09:37:34 - [MESSAGE][INFO] - Finding web element with id: 'Object Repository/Sayfalar/Giris_Sayfasi/PopupOK' located by 'By.cssSelector: .btn.btn-success' in '5' second(s)

2021-11-11 09:37:34 - [MESSAGE][INFO] - Smart Wait Function is triggered

2021-11-11 09:37:35 - [MESSAGE][INFO] - Found 1 web elements with id: 'Object Repository/Sayfalar/Giris_Sayfasi/PopupOK' located by 'By.cssSelector: .btn.btn-success' in '5' second(s)

2021-11-11 09:37:35 - [MESSAGE][PASSED] - Object 'Object Repository/Sayfalar/Giris_Sayfasi/PopupOK' is present

2021-11-11 09:37:35 - [TEST_STEP][PASSED] - click(findTestObject("Object Repository/Sayfalar/Giris_Sayfasi/PopupCarpiGiris")): Object: 'Object Repository/Sayfalar/Giris_Sayfasi/PopupCarpiGiris' is clicked on

2021-11-11 09:37:35 - [MESSAGE][INFO] - Finding Test Object 'Object Repository/Sayfalar/Giris_Sayfasi/PopupCarpiGiris'

2021-11-11 09:37:35 - [MESSAGE][INFO] - Checking object

2021-11-11 09:37:35 - [MESSAGE][INFO] - Finding web element from Test Object's properties

2021-11-11 09:37:35 - [MESSAGE][INFO] - Checking timeout

2021-11-11 09:37:35 - [MESSAGE][INFO] - Finding web element with id: 'Object Repository/Sayfalar/Giris_Sayfasi/PopupCarpiGiris' located by 'By.cssSelector: .bootbox-close-button.close' in '30' second(s)

2021-11-11 09:37:35 - [MESSAGE][INFO] - Smart Wait Function is triggered

2021-11-11 09:37:36 - [MESSAGE][INFO] - Found 1 web elements with id: 'Object Repository/Sayfalar/Giris_Sayfasi/PopupCarpiGiris' located by 'By.cssSelector: .bootbox-close-button.close' in '30' second(s)

2021-11-11 09:37:36 - [MESSAGE][INFO] - Clicking on object: 'Object Repository/Sayfalar/Giris_Sayfasi/PopupCarpiGiris'

2021-11-11 09:37:36 - [MESSAGE][PASSED] - Object: 'Object Repository/Sayfalar/Giris_Sayfasi/PopupCarpiGiris' is clicked on

2021-11-11 09:37:36 - [TEST_STEP][PASSED] - verifyElementVisible(findTestObject("Object Repository/Kullanici_Islemleri/KullaniciIslemleri")): Object 'Object Repository/Kullanici_Islemleri/KullaniciIslemleri' is visible

2021-11-11 09:37:36 - [MESSAGE][INFO] - Finding Test Object 'Object Repository/Kullanici_Islemleri/KullaniciIslemleri'

2021-11-11 09:37:36 - [MESSAGE][INFO] - Checking object

2021-11-11 09:37:36 - [MESSAGE][INFO] - Finding web element from Test Object's properties

2021-11-11 09:37:36 - [MESSAGE][INFO] - Checking timeout

2021-11-11 09:37:36 - [MESSAGE][INFO] - Finding web element with id: 'Object Repository/Kullanici_Islemleri/KullaniciIslemleri' located by 'By.cssSelector: .dropdown>a>img' in '30' second(s)

2021-11-11 09:37:36 - [MESSAGE][INFO] - Smart Wait Function is triggered

2021-11-11 09:37:36 - [MESSAGE][INFO] - Found 1 web elements with id: 'Object Repository/Kullanici_Islemleri/KullaniciIslemleri' located by 'By.cssSelector: .dropdown>a>img' in '30' second(s)

2021-11-11 09:37:36 - [MESSAGE][PASSED] - Object 'Object Repository/Kullanici_Islemleri/KullaniciIslemleri' is visible

2021-11-11 09:37:36 - [MESSAGE][PASSED] - Call Test Case 'Test Cases/Sayfalar/Giris_Sayfasi/Login' successfully

2021-11-11 09:37:36 - [MESSAGE][INFO] - Checking called Test Case

2021-11-11 09:37:36 - [MESSAGE][INFO] - Starting to call Test Case 'Test Cases/Menu/AnaMenuSecimi'

2021-11-11 09:37:36 - [TEST_CASE][PASSED] - Test Cases/Menu/AnaMenuSecimi: Test Cases/Menu/AnaMenuSecimi

2021-11-11 09:37:36 - [TEST_STEP][PASSED] - Method.TextDegerineEsitElementeTikla(findTestObject("Menu/Ana_Menu"), Ana_Menu): Method.TextDegerineEsitElementeTikla is PASSED

2021-11-11 09:37:36 - [MESSAGE][INFO] - Finding Test Object 'Object Repository/Menu/Ana_Menu'

2021-11-11 09:37:37 - [MESSAGE][INFO] - Checking timeout

2021-11-11 09:37:37 - [MESSAGE][INFO] - Finding web element with id: 'Object Repository/Menu/Ana_Menu' located by 'By.xpath: //*[@class = 'dropdown-toggle']' in '10' second(s)

2021-11-11 09:37:37 - [MESSAGE][INFO] - Smart Wait Function is triggered

2021-11-11 09:37:37 - [MESSAGE][INFO] - Found 14 web elements with id: 'Object Repository/Menu/Ana_Menu' located by 'By.xpath: //*[@class = 'dropdown-toggle']' in '10' second(s)

2021-11-11 09:37:37 - [MESSAGE][PASSED] - Method.TextDegerineEsitElementeTikla is PASSED

2021-11-11 09:37:37 - [MESSAGE][PASSED] - Call Test Case 'Test Cases/Menu/AnaMenuSecimi' successfully

2021-11-11 09:37:37 - [MESSAGE][INFO] - Checking called Test Case

2021-11-11 09:37:37 - [MESSAGE][INFO] - Starting to call Test Case 'Test Cases/Menu/BasligaGoreAltMenuSecimi'

2021-11-11 09:37:37 - [TEST_CASE][PASSED] - Test Cases/Menu/BasligaGoreAltMenuSecimi: Test Cases/Menu/BasligaGoreAltMenuSecimi

2021-11-11 09:37:37 - [TEST_STEP][PASSED] - Method.TextDegerineEsitElementinAltindakiTextDegerineEsitOlanaTikla(findTestObject("Menu/Menu_Basligi"), findTestObject("Menu/Basliga_Gore_Alt_Menu"), Baslik, Alt_Menu): Method.TextDegerineEsitElementinAltindakiTextDegerineEsitOlanaTikla is PASSED

2021-11-11 09:37:37 - [MESSAGE][INFO] - Finding Test Object 'Object Repository/Menu/Menu_Basligi'

2021-11-11 09:37:37 - [MESSAGE][INFO] - Finding Test Object 'Object Repository/Menu/Basliga_Gore_Alt_Menu'

2021-11-11 09:37:37 - [MESSAGE][INFO] - Checking timeout

2021-11-11 09:37:37 - [MESSAGE][INFO] - Finding web element with id: 'Object Repository/Menu/Menu_Basligi' located by 'By.xpath: //li[@class='dropdown dropdown-large open']//li[@class='dropdown-header']' in '10' second(s)

2021-11-11 09:37:37 - [MESSAGE][INFO] - Smart Wait Function is triggered

2021-11-11 09:37:38 - [MESSAGE][INFO] - Found 3 web elements with id: 'Object Repository/Menu/Menu_Basligi' located by 'By.xpath: //li[@class='dropdown dropdown-large open']//li[@class='dropdown-header']' in '10' second(s)

2021-11-11 09:37:38 - [MESSAGE][INFO] - Smart Wait Function is triggered

2021-11-11 09:37:40 - [MESSAGE][PASSED] - Method.TextDegerineEsitElementinAltindakiTextDegerineEsitOlanaTikla is PASSED

2021-11-11 09:37:40 - [MESSAGE][PASSED] - Call Test Case 'Test Cases/Menu/BasligaGoreAltMenuSecimi' successfully

2021-11-11 09:37:40 - [MESSAGE][INFO] - Checking called Test Case

2021-11-11 09:37:40 - [MESSAGE][INFO] - Starting to call Test Case 'Test Cases/Filtreler/BaslangicYaz'

2021-11-11 09:37:40 - [TEST_CASE][PASSED] - Test Cases/Filtreler/BaslangicYaz: Test Cases/Filtreler/BaslangicYaz

2021-11-11 09:37:40 - [TEST_STEP][PASSED] - Method.TextDegerineEsitElementinAltindakineTikla(findTestObject("Filtreler/Basliklar"), findTestObject("Filtreler/Basliga_Gore_Baslangic_Image"), Filtre_Adi): Method.TextDegerineEsitElementinAltindakineTikla is PASSED

2021-11-11 09:37:40 - [MESSAGE][INFO] - Finding Test Object 'Object Repository/Filtreler/Basliklar'

2021-11-11 09:37:40 - [MESSAGE][INFO] - Finding Test Object 'Object Repository/Filtreler/Basliga_Gore_Baslangic_Image'

2021-11-11 09:37:40 - [MESSAGE][INFO] - Checking timeout

2021-11-11 09:37:40 - [MESSAGE][INFO] - Finding web element with id: 'Object Repository/Filtreler/Basliklar' located by 'By.cssSelector: .control-label.col-sm-4.paddingMarginRLC' in '10' second(s)

2021-11-11 09:37:40 - [MESSAGE][INFO] - Smart Wait Function is triggered

2021-11-11 09:37:40 - [MESSAGE][INFO] - Found 13 web elements with id: 'Object Repository/Filtreler/Basliklar' located by 'By.cssSelector: .control-label.col-sm-4.paddingMarginRLC' in '10' second(s)

2021-11-11 09:37:41 - [MESSAGE][INFO] - Smart Wait Function is triggered

2021-11-11 09:37:41 - [MESSAGE][PASSED] - Method.TextDegerineEsitElementinAltindakineTikla is PASSED

2021-11-11 09:37:41 - [TEST_STEP][PASSED] - Method.TextDegerineEsitElementinAltindakiTextboxtaYaz(findTestObject("Filtreler/Basliklar"), findTestObject("Filtreler/Basliga_Gore_Baslangic"), Filtre_Adi, Filtre_Degeri): Method.TextDegerineEsitElementinAltindakiTextboxtaYaz is PASSED

2021-11-11 09:37:41 - [MESSAGE][INFO] - Finding Test Object 'Object Repository/Filtreler/Basliklar'

2021-11-11 09:37:41 - [MESSAGE][INFO] - Finding Test Object 'Object Repository/Filtreler/Basliga_Gore_Baslangic'

2021-11-11 09:37:41 - [MESSAGE][INFO] - Checking timeout

2021-11-11 09:37:41 - [MESSAGE][INFO] - Finding web element with id: 'Object Repository/Filtreler/Basliklar' located by 'By.cssSelector: .control-label.col-sm-4.paddingMarginRLC' in '10' second(s)

2021-11-11 09:37:41 - [MESSAGE][INFO] - Smart Wait Function is triggered

2021-11-11 09:37:42 - [MESSAGE][INFO] - Found 13 web elements with id: 'Object Repository/Filtreler/Basliklar' located by 'By.cssSelector: .control-label.col-sm-4.paddingMarginRLC' in '10' second(s)

2021-11-11 09:37:42 - [MESSAGE][INFO] - Smart Wait Function is triggered

2021-11-11 09:37:42 - [MESSAGE][PASSED] - Method.TextDegerineEsitElementinAltindakiTextboxtaYaz is PASSED

2021-11-11 09:37:42 - [MESSAGE][PASSED] - Call Test Case 'Test Cases/Filtreler/BaslangicYaz' successfully

2021-11-11 09:37:42 - [MESSAGE][INFO] - Checking called Test Case

2021-11-11 09:37:42 - [MESSAGE][INFO] - Starting to call Test Case 'Test Cases/Filtreler/BitisYaz'

2021-11-11 09:37:42 - [TEST_CASE][PASSED] - Test Cases/Filtreler/BitisYaz: Test Cases/Filtreler/BitisYaz

2021-11-11 09:37:42 - [TEST_STEP][PASSED] - Method.TextDegerineEsitElementinAltindakineTikla(findTestObject("Filtreler/Basliklar"), findTestObject("Filtreler/Basliga_Gore_Bitis_Image"), Filtre_Adi): Method.TextDegerineEsitElementinAltindakineTikla is PASSED

2021-11-11 09:37:42 - [MESSAGE][INFO] - Finding Test Object 'Object Repository/Filtreler/Basliklar'

2021-11-11 09:37:42 - [MESSAGE][INFO] - Finding Test Object 'Object Repository/Filtreler/Basliga_Gore_Bitis_Image'

2021-11-11 09:37:42 - [MESSAGE][INFO] - Checking timeout

2021-11-11 09:37:42 - [MESSAGE][INFO] - Finding web element with id: 'Object Repository/Filtreler/Basliklar' located by 'By.cssSelector: .control-label.col-sm-4.paddingMarginRLC' in '10' second(s)

2021-11-11 09:37:42 - [MESSAGE][INFO] - Smart Wait Function is triggered

2021-11-11 09:37:43 - [MESSAGE][INFO] - Found 13 web elements with id: 'Object Repository/Filtreler/Basliklar' located by 'By.cssSelector: .control-label.col-sm-4.paddingMarginRLC' in '10' second(s)

2021-11-11 09:37:43 - [MESSAGE][INFO] - Smart Wait Function is triggered

2021-11-11 09:37:43 - [MESSAGE][PASSED] - Method.TextDegerineEsitElementinAltindakineTikla is PASSED

2021-11-11 09:37:43 - [TEST_STEP][PASSED] - Method.TextDegerineEsitElementinAltindakiTextboxtaYaz(findTestObject("Filtreler/Basliklar"), findTestObject("Object Repository/Filtreler/Basliga_Gore_Bitis"), Filtre_Adi, Filtre_Degeri): Method.TextDegerineEsitElementinAltindakiTextboxtaYaz is PASSED

2021-11-11 09:37:43 - [MESSAGE][INFO] - Finding Test Object 'Object Repository/Filtreler/Basliklar'

2021-11-11 09:37:43 - [MESSAGE][INFO] - Finding Test Object 'Object Repository/Filtreler/Basliga_Gore_Bitis'

2021-11-11 09:37:43 - [MESSAGE][INFO] - Checking timeout

2021-11-11 09:37:43 - [MESSAGE][INFO] - Finding web element with id: 'Object Repository/Filtreler/Basliklar' located by 'By.cssSelector: .control-label.col-sm-4.paddingMarginRLC' in '10' second(s)

2021-11-11 09:37:43 - [MESSAGE][INFO] - Smart Wait Function is triggered

2021-11-11 09:37:44 - [MESSAGE][INFO] - Found 13 web elements with id: 'Object Repository/Filtreler/Basliklar' located by 'By.cssSelector: .control-label.col-sm-4.paddingMarginRLC' in '10' second(s)

2021-11-11 09:37:44 - [MESSAGE][INFO] - Smart Wait Function is triggered

2021-11-11 09:37:44 - [MESSAGE][PASSED] - Method.TextDegerineEsitElementinAltindakiTextboxtaYaz is PASSED

2021-11-11 09:37:44 - [MESSAGE][PASSED] - Call Test Case 'Test Cases/Filtreler/BitisYaz' successfully

2021-11-11 09:37:44 - [MESSAGE][INFO] - Checking called Test Case

2021-11-11 09:37:44 - [MESSAGE][INFO] - Starting to call Test Case 'Test Cases/Filtreler/ButonaTikla'

2021-11-11 09:37:44 - [TEST_CASE][PASSED] - Test Cases/Filtreler/ButonaTikla: Test Cases/Filtreler/ButonaTikla

2021-11-11 09:37:44 - [TEST_STEP][PASSED] - Method.TextDegerineEsitElementeTikla(findTestObject("Filtreler/Butonlar"), Filtre_Buton): Method.TextDegerineEsitElementeTikla is PASSED

2021-11-11 09:37:44 - [MESSAGE][INFO] - Finding Test Object 'Object Repository/Filtreler/Butonlar'

2021-11-11 09:37:44 - [MESSAGE][INFO] - Checking timeout

2021-11-11 09:37:44 - [MESSAGE][INFO] - Finding web element with id: 'Object Repository/Filtreler/Butonlar' located by 'By.cssSelector: .dxb>span' in '10' second(s)

2021-11-11 09:37:44 - [MESSAGE][INFO] - Smart Wait Function is triggered

2021-11-11 09:37:45 - [MESSAGE][INFO] - Found 3 web elements with id: 'Object Repository/Filtreler/Butonlar' located by 'By.cssSelector: .dxb>span' in '10' second(s)

2021-11-11 09:37:45 - [MESSAGE][PASSED] - Method.TextDegerineEsitElementeTikla is PASSED

2021-11-11 09:37:45 - [MESSAGE][PASSED] - Call Test Case 'Test Cases/Filtreler/ButonaTikla' successfully

2021-11-11 09:37:45 - [MESSAGE][INFO] - Checking called Test Case

2021-11-11 09:37:45 - [MESSAGE][INFO] - Starting to call Test Case 'Test Cases/Tablo/TablodaVeriVarMi'

2021-11-11 09:37:45 - [TEST_CASE][PASSED] - Test Cases/Tablo/TablodaVeriVarMi: Test Cases/Tablo/TablodaVeriVarMi

2021-11-11 09:37:45 - [TEST_STEP][PASSED] - verifyTextNotPresent("Görüntülenecek veri yok", true): Text 'Görüntülenecek veri yok' is not present on page using regular expression

2021-11-11 09:37:45 - [MESSAGE][INFO] - Checking text present  using regular expression

2021-11-11 09:37:45 - [MESSAGE][INFO] - Smart Wait Function is triggered

2021-11-11 09:37:46 - [MESSAGE][INFO] - Finding text 'Görüntülenecek veri yok' on page  using regular expression

2021-11-11 09:37:46 - [MESSAGE][PASSED] - Text 'Görüntülenecek veri yok' is not present on page using regular expression

2021-11-11 09:37:46 - [MESSAGE][PASSED] - Call Test Case 'Test Cases/Tablo/TablodaVeriVarMi' successfully

2021-11-11 09:37:46 - [MESSAGE][INFO] - Checking called Test Case

2021-11-11 09:37:46 - [MESSAGE][INFO] - Starting to call Test Case 'Test Cases/Tablo/TablodanVeriSec'

2021-11-11 09:37:46 - [TEST_CASE][PASSED] - Test Cases/Tablo/TablodanVeriSec: Test Cases/Tablo/TablodanVeriSec

2021-11-11 09:37:46 - [TEST_STEP][PASSED] - Method.TextDegerineEsitElementinAltindakineTikla(findTestObject("Tablo/Veriler"), findTestObject("Tablo/VerininCheckBoxi"), Veri_Adi): Method.TextDegerineEsitElementinAltindakineTikla is PASSED

2021-11-11 09:37:46 - [MESSAGE][INFO] - Finding Test Object 'Object Repository/Tablo/Veriler'

2021-11-11 09:37:46 - [MESSAGE][INFO] - Finding Test Object 'Object Repository/Tablo/VerininCheckBoxi'

2021-11-11 09:37:46 - [MESSAGE][INFO] - Checking timeout

2021-11-11 09:37:46 - [MESSAGE][INFO] - Finding web element with id: 'Object Repository/Tablo/Veriler' located by 'By.cssSelector: td.dxgv b ,td.dxgv' in '10' second(s)

2021-11-11 09:37:46 - [MESSAGE][INFO] - Smart Wait Function is triggered

2021-11-11 09:37:47 - [MESSAGE][INFO] - Found 27 web elements with id: 'Object Repository/Tablo/Veriler' located by 'By.cssSelector: td.dxgv b ,td.dxgv' in '10' second(s)

2021-11-11 09:37:47 - [MESSAGE][INFO] - Smart Wait Function is triggered

2021-11-11 09:37:47 - [MESSAGE][PASSED] - Method.TextDegerineEsitElementinAltindakineTikla is PASSED

2021-11-11 09:37:47 - [MESSAGE][PASSED] - Call Test Case 'Test Cases/Tablo/TablodanVeriSec' successfully

2021-11-11 09:37:47 - [MESSAGE][INFO] - Checking called Test Case

2021-11-11 09:37:47 - [MESSAGE][INFO] - Starting to call Test Case 'Test Cases/Butonlar/ButonaTikla'

2021-11-11 09:37:47 - [TEST_CASE][PASSED] - Test Cases/Butonlar/ButonaTikla: Test Cases/Butonlar/ButonaTikla

2021-11-11 09:37:47 - [TEST_STEP][PASSED] - Method.TextDegerineEsitElementeTiklaEquals(findTestObject("Butonlar/Butonlar"), Buton_Adi): Method.TextDegerineEsitElementeTiklaEquals is PASSED

2021-11-11 09:37:47 - [MESSAGE][INFO] - Finding Test Object 'Object Repository/Butonlar/Butonlar'

2021-11-11 09:37:47 - [MESSAGE][INFO] - Checking timeout

2021-11-11 09:37:47 - [MESSAGE][INFO] - Finding web element with id: 'Object Repository/Butonlar/Butonlar' located by 'By.cssSelector: .panel.panel-default.text-center.footerPanel .btn,.btn.btn-primary.btnControls' in '10' second(s)

2021-11-11 09:37:47 - [MESSAGE][INFO] - Smart Wait Function is triggered

2021-11-11 09:37:47 - [MESSAGE][INFO] - Found 6 web elements with id: 'Object Repository/Butonlar/Butonlar' located by 'By.cssSelector: .panel.panel-default.text-center.footerPanel .btn,.btn.btn-primary.btnControls' in '10' second(s)

2021-11-11 09:37:48 - [MESSAGE][PASSED] - Method.TextDegerineEsitElementeTiklaEquals is PASSED

2021-11-11 09:37:48 - [MESSAGE][PASSED] - Call Test Case 'Test Cases/Butonlar/ButonaTikla' successfully

2021-11-11 09:37:48 - [MESSAGE][INFO] - Checking called Test Case

2021-11-11 09:37:48 - [MESSAGE][INFO] - Starting to call Test Case 'Test Cases/Butonlar/AltButonaTikla'

2021-11-11 09:37:48 - [TEST_CASE][PASSED] - Test Cases/Butonlar/AltButonaTikla: Test Cases/Butonlar/AltButonaTikla

2021-11-11 09:37:48 - [TEST_STEP][PASSED] - Method.TextDegerineEsitElementeTikla(findTestObject("Butonlar/AltButonlar"), Alt_Buton): Method.TextDegerineEsitElementeTikla is PASSED

2021-11-11 09:37:48 - [MESSAGE][INFO] - Finding Test Object 'Object Repository/Butonlar/AltButonlar'

2021-11-11 09:37:48 - [MESSAGE][INFO] - Checking timeout

2021-11-11 09:37:48 - [MESSAGE][INFO] - Finding web element with id: 'Object Repository/Butonlar/AltButonlar' located by 'By.cssSelector: .btn-group.open li>a' in '10' second(s)

2021-11-11 09:37:48 - [MESSAGE][INFO] - Smart Wait Function is triggered

2021-11-11 09:37:48 - [MESSAGE][INFO] - Found 2 web elements with id: 'Object Repository/Butonlar/AltButonlar' located by 'By.cssSelector: .btn-group.open li>a' in '10' second(s)

2021-11-11 09:37:48 - [MESSAGE][PASSED] - Method.TextDegerineEsitElementeTikla is PASSED

2021-11-11 09:37:48 - [MESSAGE][PASSED] - Call Test Case 'Test Cases/Butonlar/AltButonaTikla' successfully

2021-11-11 09:37:48 - [MESSAGE][INFO] - Checking called Test Case

2021-11-11 09:37:48 - [MESSAGE][INFO] - Starting to call Test Case 'Test Cases/Popup/PopupMesajiIceriyorMu'

2021-11-11 09:37:48 - [TEST_CASE][PASSED] - Test Cases/Popup/PopupMesajiIceriyorMu: Test Cases/Popup/PopupMesajiIceriyorMu

2021-11-11 09:37:48 - [TEST_STEP][PASSED] - waitForElementVisible(findTestObject("Popup/Popup"), 10): Object 'Object Repository/Popup/Popup' is visible

2021-11-11 09:37:48 - [MESSAGE][INFO] - Finding Test Object 'Object Repository/Popup/Popup'

2021-11-11 09:37:48 - [MESSAGE][INFO] - Checking object

2021-11-11 09:37:48 - [MESSAGE][INFO] - Checking timeout

2021-11-11 09:37:48 - [MESSAGE][INFO] - Finding web element from Test Object's properties

2021-11-11 09:37:48 - [MESSAGE][INFO] - Checking timeout

2021-11-11 09:37:48 - [MESSAGE][INFO] - Finding web element with id: 'Object Repository/Popup/Popup' located by 'By.cssSelector: .bootbox-body' in '10' second(s)

2021-11-11 09:37:48 - [MESSAGE][INFO] - Smart Wait Function is triggered

2021-11-11 09:37:49 - [MESSAGE][INFO] - Found 1 web elements with id: 'Object Repository/Popup/Popup' located by 'By.cssSelector: .bootbox-body' in '10' second(s)

2021-11-11 09:37:49 - [MESSAGE][PASSED] - Object 'Object Repository/Popup/Popup' is visible

2021-11-11 09:37:49 - [TEST_STEP][PASSED] - if (!(getText(findTestObject("Popup/Popup")).contains(Mesaj))): Text of object 'Object Repository/Popup/Popup' is: 'Lütfen rapor bildiriminin gönderileceği e-posta adresini belirtiniz.
e-Posta Adresi'

2021-11-11 09:37:49 - [MESSAGE][INFO] - Finding Test Object 'Object Repository/Popup/Popup'

2021-11-11 09:37:49 - [MESSAGE][INFO] - Checking object

2021-11-11 09:37:49 - [MESSAGE][INFO] - Finding web element from Test Object's properties

2021-11-11 09:37:49 - [MESSAGE][INFO] - Checking timeout

2021-11-11 09:37:49 - [MESSAGE][INFO] - Finding web element with id: 'Object Repository/Popup/Popup' located by 'By.cssSelector: .bootbox-body' in '30' second(s)

2021-11-11 09:37:49 - [MESSAGE][INFO] - Smart Wait Function is triggered

2021-11-11 09:37:50 - [MESSAGE][INFO] - Found 1 web elements with id: 'Object Repository/Popup/Popup' located by 'By.cssSelector: .bootbox-body' in '30' second(s)

2021-11-11 09:37:50 - [MESSAGE][INFO] - Getting text of object 'Object Repository/Popup/Popup'

2021-11-11 09:37:50 - [MESSAGE][PASSED] - Text of object 'Object Repository/Popup/Popup' is: 'Lütfen rapor bildiriminin gönderileceği e-posta adresini belirtiniz.
e-Posta Adresi'

2021-11-11 09:37:50 - [TEST_STEP][PASSED] - RaporNo = getText(findTestObject("Popup/Popup")).substring(0, 6): Text of object 'Object Repository/Popup/Popup' is: 'Lütfen rapor bildiriminin gönderileceği e-posta adresini belirtiniz.
e-Posta Adresi'

2021-11-11 09:37:50 - [MESSAGE][INFO] - Finding Test Object 'Object Repository/Popup/Popup'

2021-11-11 09:37:50 - [MESSAGE][INFO] - Checking object

2021-11-11 09:37:50 - [MESSAGE][INFO] - Finding web element from Test Object's properties

2021-11-11 09:37:50 - [MESSAGE][INFO] - Checking timeout

2021-11-11 09:37:50 - [MESSAGE][INFO] - Finding web element with id: 'Object Repository/Popup/Popup' located by 'By.cssSelector: .bootbox-body' in '30' second(s)

2021-11-11 09:37:50 - [MESSAGE][INFO] - Smart Wait Function is triggered

2021-11-11 09:37:50 - [MESSAGE][INFO] - Found 1 web elements with id: 'Object Repository/Popup/Popup' located by 'By.cssSelector: .bootbox-body' in '30' second(s)

2021-11-11 09:37:50 - [MESSAGE][INFO] - Getting text of object 'Object Repository/Popup/Popup'

2021-11-11 09:37:50 - [MESSAGE][PASSED] - Text of object 'Object Repository/Popup/Popup' is: 'Lütfen rapor bildiriminin gönderileceği e-posta adresini belirtiniz.
e-Posta Adresi'

2021-11-11 09:37:50 - [TEST_STEP][PASSED] - Console.println(RaporNo): null

2021-11-11 09:37:50 - [MESSAGE][PASSED] - Call Test Case 'Test Cases/Popup/PopupMesajiIceriyorMu' successfully

2021-11-11 09:37:50 - [MESSAGE][INFO] - Checking called Test Case

2021-11-11 09:37:50 - [MESSAGE][INFO] - Starting to call Test Case 'Test Cases/Popup/PopupaEmailEklenir'

2021-11-11 09:37:50 - [TEST_CASE][PASSED] - Test Cases/Popup/PopupaEmailEklenir: Test Cases/Popup/PopupaEmailEklenir

2021-11-11 09:37:50 - [TEST_STEP][PASSED] - clearText(findTestObject("Popup/EmailText")): Text of object 'Object Repository/Popup/EmailText' is cleared

2021-11-11 09:37:50 - [MESSAGE][INFO] - Finding Test Object 'Object Repository/Popup/EmailText'

2021-11-11 09:37:50 - [MESSAGE][INFO] - Checking object

2021-11-11 09:37:50 - [MESSAGE][INFO] - Finding web element from Test Object's properties

2021-11-11 09:37:50 - [MESSAGE][INFO] - Checking timeout

2021-11-11 09:37:50 - [MESSAGE][INFO] - Finding web element with id: 'Object Repository/Popup/EmailText' located by 'By.xpath: //*[@id="eMails"]' in '30' second(s)

2021-11-11 09:37:50 - [MESSAGE][INFO] - Smart Wait Function is triggered

2021-11-11 09:37:50 - [MESSAGE][INFO] - Found 1 web elements with id: 'Object Repository/Popup/EmailText' located by 'By.xpath: //*[@id="eMails"]' in '30' second(s)

2021-11-11 09:37:50 - [MESSAGE][INFO] - Clearing text of object 'Object Repository/Popup/EmailText'

2021-11-11 09:37:51 - [MESSAGE][PASSED] - Text of object 'Object Repository/Popup/EmailText' is cleared

2021-11-11 09:37:51 - [TEST_STEP][PASSED] - sendKeys(findTestObject("Popup/EmailText"), Email): Keys 'elogotest@gmail.com;ali.kara@logo.com.tr' sent to object: 'Object Repository/Popup/EmailText'

2021-11-11 09:37:51 - [MESSAGE][INFO] - Finding Test Object 'Object Repository/Popup/EmailText'

2021-11-11 09:37:51 - [MESSAGE][INFO] - Sending keys 'elogotest@gmail.com;ali.kara@logo.com.tr' to object: 'Object Repository/Popup/EmailText'

2021-11-11 09:37:51 - [MESSAGE][INFO] - Finding web element from Test Object's properties

2021-11-11 09:37:51 - [MESSAGE][INFO] - Checking timeout

2021-11-11 09:37:51 - [MESSAGE][INFO] - Finding web element with id: 'Object Repository/Popup/EmailText' located by 'By.xpath: //*[@id="eMails"]' in '30' second(s)

2021-11-11 09:37:51 - [MESSAGE][INFO] - Smart Wait Function is triggered

2021-11-11 09:37:51 - [MESSAGE][INFO] - Found 1 web elements with id: 'Object Repository/Popup/EmailText' located by 'By.xpath: //*[@id="eMails"]' in '30' second(s)

2021-11-11 09:37:51 - [MESSAGE][PASSED] - Keys 'elogotest@gmail.com;ali.kara@logo.com.tr' sent to object: 'Object Repository/Popup/EmailText'

2021-11-11 09:37:51 - [MESSAGE][PASSED] - Call Test Case 'Test Cases/Popup/PopupaEmailEklenir' successfully

2021-11-11 09:37:51 - [MESSAGE][INFO] - Checking called Test Case

2021-11-11 09:37:51 - [MESSAGE][INFO] - Starting to call Test Case 'Test Cases/Popup/PopupButonSecilir'

2021-11-11 09:37:51 - [TEST_CASE][PASSED] - Test Cases/Popup/PopupButonSecilir: Test Cases/Popup/PopupButonSecilir

2021-11-11 09:37:51 - [TEST_STEP][PASSED] - Method.TextDegerineEsitElementeTikla(findTestObject("Popup/Popup_Butons"), Buton): Method.TextDegerineEsitElementeTikla is PASSED

2021-11-11 09:37:51 - [MESSAGE][INFO] - Finding Test Object 'Object Repository/Popup/Popup_Butons'

2021-11-11 09:37:51 - [MESSAGE][INFO] - Checking timeout

2021-11-11 09:37:51 - [MESSAGE][INFO] - Finding web element with id: 'Object Repository/Popup/Popup_Butons' located by 'By.cssSelector: .modal-footer>button' in '10' second(s)

2021-11-11 09:37:51 - [MESSAGE][INFO] - Smart Wait Function is triggered

2021-11-11 09:37:51 - [MESSAGE][INFO] - Found 2 web elements with id: 'Object Repository/Popup/Popup_Butons' located by 'By.cssSelector: .modal-footer>button' in '10' second(s)

2021-11-11 09:37:51 - [MESSAGE][PASSED] - Method.TextDegerineEsitElementeTikla is PASSED

2021-11-11 09:37:51 - [MESSAGE][PASSED] - Call Test Case 'Test Cases/Popup/PopupButonSecilir' successfully

2021-11-11 09:37:51 - [MESSAGE][INFO] - Checking called Test Case

2021-11-11 09:37:51 - [MESSAGE][INFO] - Starting to call Test Case 'Test Cases/Popup/PopupMesajiIceriyorMu'

2021-11-11 09:37:51 - [TEST_CASE][PASSED] - Test Cases/Popup/PopupMesajiIceriyorMu: Test Cases/Popup/PopupMesajiIceriyorMu

2021-11-11 09:37:52 - [TEST_STEP][PASSED] - waitForElementVisible(findTestObject("Popup/Popup"), 10): Object 'Object Repository/Popup/Popup' is visible

2021-11-11 09:37:52 - [MESSAGE][INFO] - Finding Test Object 'Object Repository/Popup/Popup'

2021-11-11 09:37:52 - [MESSAGE][INFO] - Checking object

2021-11-11 09:37:52 - [MESSAGE][INFO] - Checking timeout

2021-11-11 09:37:52 - [MESSAGE][INFO] - Finding web element from Test Object's properties

2021-11-11 09:37:52 - [MESSAGE][INFO] - Checking timeout

2021-11-11 09:37:52 - [MESSAGE][INFO] - Finding web element with id: 'Object Repository/Popup/Popup' located by 'By.cssSelector: .bootbox-body' in '10' second(s)

2021-11-11 09:37:52 - [MESSAGE][INFO] - Smart Wait Function is triggered

2021-11-11 09:37:52 - [MESSAGE][INFO] - Found 1 web elements with id: 'Object Repository/Popup/Popup' located by 'By.cssSelector: .bootbox-body' in '10' second(s)

2021-11-11 09:37:52 - [MESSAGE][PASSED] - Object 'Object Repository/Popup/Popup' is visible

2021-11-11 09:37:52 - [TEST_STEP][PASSED] - if (!(getText(findTestObject("Popup/Popup")).contains(Mesaj))): Text of object 'Object Repository/Popup/Popup' is: '16255 no’lu talebiniz işleme alınmıştır. Raporunuz hazırlandığında (elogotest@gmail.com;ali.kara@logo.com.tr) adresinize mail gönderilecektir.
Rapor durumunuzu Raporlar > Toplu Veri İndirme ekranından takip edebilir, hazırlandı durumundaki raporlarınızı ilgili menüden indirebilirsiniz.'

2021-11-11 09:37:52 - [MESSAGE][INFO] - Finding Test Object 'Object Repository/Popup/Popup'

2021-11-11 09:37:52 - [MESSAGE][INFO] - Checking object

2021-11-11 09:37:52 - [MESSAGE][INFO] - Finding web element from Test Object's properties

2021-11-11 09:37:52 - [MESSAGE][INFO] - Checking timeout

2021-11-11 09:37:52 - [MESSAGE][INFO] - Finding web element with id: 'Object Repository/Popup/Popup' located by 'By.cssSelector: .bootbox-body' in '30' second(s)

2021-11-11 09:37:52 - [MESSAGE][INFO] - Smart Wait Function is triggered

2021-11-11 09:37:53 - [MESSAGE][INFO] - Found 1 web elements with id: 'Object Repository/Popup/Popup' located by 'By.cssSelector: .bootbox-body' in '30' second(s)

2021-11-11 09:37:53 - [MESSAGE][INFO] - Getting text of object 'Object Repository/Popup/Popup'

2021-11-11 09:37:53 - [MESSAGE][PASSED] - Text of object 'Object Repository/Popup/Popup' is: '16255 no’lu talebiniz işleme alınmıştır. Raporunuz hazırlandığında (elogotest@gmail.com;ali.kara@logo.com.tr) adresinize mail gönderilecektir.
Rapor durumunuzu Raporlar > Toplu Veri İndirme ekranından takip edebilir, hazırlandı durumundaki raporlarınızı ilgili menüden indirebilirsiniz.'

2021-11-11 09:37:53 - [TEST_STEP][PASSED] - RaporNo = getText(findTestObject("Popup/Popup")).substring(0, 6): Text of object 'Object Repository/Popup/Popup' is: '16255 no’lu talebiniz işleme alınmıştır. Raporunuz hazırlandığında (elogotest@gmail.com;ali.kara@logo.com.tr) adresinize mail gönderilecektir.
Rapor durumunuzu Raporlar > Toplu Veri İndirme ekranından takip edebilir, hazırlandı durumundaki raporlarınızı ilgili menüden indirebilirsiniz.'

2021-11-11 09:37:53 - [MESSAGE][INFO] - Finding Test Object 'Object Repository/Popup/Popup'

2021-11-11 09:37:53 - [MESSAGE][INFO] - Checking object

2021-11-11 09:37:53 - [MESSAGE][INFO] - Finding web element from Test Object's properties

2021-11-11 09:37:53 - [MESSAGE][INFO] - Checking timeout

2021-11-11 09:37:53 - [MESSAGE][INFO] - Finding web element with id: 'Object Repository/Popup/Popup' located by 'By.cssSelector: .bootbox-body' in '30' second(s)

2021-11-11 09:37:53 - [MESSAGE][INFO] - Smart Wait Function is triggered

2021-11-11 09:37:53 - [MESSAGE][INFO] - Found 1 web elements with id: 'Object Repository/Popup/Popup' located by 'By.cssSelector: .bootbox-body' in '30' second(s)

2021-11-11 09:37:53 - [MESSAGE][INFO] - Getting text of object 'Object Repository/Popup/Popup'

2021-11-11 09:37:53 - [MESSAGE][PASSED] - Text of object 'Object Repository/Popup/Popup' is: '16255 no’lu talebiniz işleme alınmıştır. Raporunuz hazırlandığında (elogotest@gmail.com;ali.kara@logo.com.tr) adresinize mail gönderilecektir.
Rapor durumunuzu Raporlar > Toplu Veri İndirme ekranından takip edebilir, hazırlandı durumundaki raporlarınızı ilgili menüden indirebilirsiniz.'

2021-11-11 09:37:53 - [TEST_STEP][PASSED] - Console.println(RaporNo): null

2021-11-11 09:37:53 - [MESSAGE][PASSED] - Call Test Case 'Test Cases/Popup/PopupMesajiIceriyorMu' successfully

2021-11-11 09:37:53 - [MESSAGE][INFO] - Checking called Test Case

2021-11-11 09:37:53 - [MESSAGE][INFO] - Starting to call Test Case 'Test Cases/Popup/PopupButonSecilir'

2021-11-11 09:37:53 - [TEST_CASE][PASSED] - Test Cases/Popup/PopupButonSecilir: Test Cases/Popup/PopupButonSecilir

2021-11-11 09:37:53 - [TEST_STEP][PASSED] - Method.TextDegerineEsitElementeTikla(findTestObject("Popup/Popup_Butons"), Buton): Method.TextDegerineEsitElementeTikla is PASSED

2021-11-11 09:37:53 - [MESSAGE][INFO] - Finding Test Object 'Object Repository/Popup/Popup_Butons'

2021-11-11 09:37:53 - [MESSAGE][INFO] - Checking timeout

2021-11-11 09:37:53 - [MESSAGE][INFO] - Finding web element with id: 'Object Repository/Popup/Popup_Butons' located by 'By.cssSelector: .modal-footer>button' in '10' second(s)

2021-11-11 09:37:53 - [MESSAGE][INFO] - Smart Wait Function is triggered

2021-11-11 09:37:53 - [MESSAGE][INFO] - Found 1 web elements with id: 'Object Repository/Popup/Popup_Butons' located by 'By.cssSelector: .modal-footer>button' in '10' second(s)

2021-11-11 09:37:53 - [MESSAGE][PASSED] - Method.TextDegerineEsitElementeTikla is PASSED

2021-11-11 09:37:53 - [MESSAGE][PASSED] - Call Test Case 'Test Cases/Popup/PopupButonSecilir' successfully

2021-11-11 09:37:53 - [MESSAGE][INFO] - Checking called Test Case

2021-11-11 09:37:53 - [MESSAGE][INFO] - Starting to call Test Case 'Test Cases/Butonlar/ButonaTikla'

2021-11-11 09:37:54 - [TEST_CASE][PASSED] - Test Cases/Butonlar/ButonaTikla: Test Cases/Butonlar/ButonaTikla

2021-11-11 09:37:54 - [TEST_STEP][PASSED] - Method.TextDegerineEsitElementeTiklaEquals(findTestObject("Butonlar/Butonlar"), Buton_Adi): Method.TextDegerineEsitElementeTiklaEquals is PASSED

2021-11-11 09:37:54 - [MESSAGE][INFO] - Finding Test Object 'Object Repository/Butonlar/Butonlar'

2021-11-11 09:37:54 - [MESSAGE][INFO] - Checking timeout

2021-11-11 09:37:54 - [MESSAGE][INFO] - Finding web element with id: 'Object Repository/Butonlar/Butonlar' located by 'By.cssSelector: .panel.panel-default.text-center.footerPanel .btn,.btn.btn-primary.btnControls' in '10' second(s)

2021-11-11 09:37:54 - [MESSAGE][INFO] - Smart Wait Function is triggered

2021-11-11 09:37:54 - [MESSAGE][INFO] - Found 6 web elements with id: 'Object Repository/Butonlar/Butonlar' located by 'By.cssSelector: .panel.panel-default.text-center.footerPanel .btn,.btn.btn-primary.btnControls' in '10' second(s)

2021-11-11 09:37:54 - [MESSAGE][PASSED] - Method.TextDegerineEsitElementeTiklaEquals is PASSED

2021-11-11 09:37:54 - [MESSAGE][PASSED] - Call Test Case 'Test Cases/Butonlar/ButonaTikla' successfully

2021-11-11 09:37:54 - [MESSAGE][INFO] - Checking called Test Case

2021-11-11 09:37:54 - [MESSAGE][INFO] - Starting to call Test Case 'Test Cases/Butonlar/AltButonaTikla'

2021-11-11 09:37:54 - [TEST_CASE][PASSED] - Test Cases/Butonlar/AltButonaTikla: Test Cases/Butonlar/AltButonaTikla

2021-11-11 09:37:54 - [TEST_STEP][PASSED] - Method.TextDegerineEsitElementeTikla(findTestObject("Butonlar/AltButonlar"), Alt_Buton): Method.TextDegerineEsitElementeTikla is PASSED

2021-11-11 09:37:54 - [MESSAGE][INFO] - Finding Test Object 'Object Repository/Butonlar/AltButonlar'

2021-11-11 09:37:54 - [MESSAGE][INFO] - Checking timeout

2021-11-11 09:37:54 - [MESSAGE][INFO] - Finding web element with id: 'Object Repository/Butonlar/AltButonlar' located by 'By.cssSelector: .btn-group.open li>a' in '10' second(s)

2021-11-11 09:37:54 - [MESSAGE][INFO] - Smart Wait Function is triggered

2021-11-11 09:37:55 - [MESSAGE][INFO] - Found 2 web elements with id: 'Object Repository/Butonlar/AltButonlar' located by 'By.cssSelector: .btn-group.open li>a' in '10' second(s)

2021-11-11 09:37:55 - [MESSAGE][PASSED] - Method.TextDegerineEsitElementeTikla is PASSED

2021-11-11 09:37:55 - [MESSAGE][PASSED] - Call Test Case 'Test Cases/Butonlar/AltButonaTikla' successfully

2021-11-11 09:37:55 - [MESSAGE][INFO] - Checking called Test Case

2021-11-11 09:37:55 - [MESSAGE][INFO] - Starting to call Test Case 'Test Cases/Popup/PopupMesajiIceriyorMu'

2021-11-11 09:37:55 - [TEST_CASE][PASSED] - Test Cases/Popup/PopupMesajiIceriyorMu: Test Cases/Popup/PopupMesajiIceriyorMu

2021-11-11 09:37:55 - [TEST_STEP][PASSED] - waitForElementVisible(findTestObject("Popup/Popup"), 10): Object 'Object Repository/Popup/Popup' is visible

2021-11-11 09:37:55 - [MESSAGE][INFO] - Finding Test Object 'Object Repository/Popup/Popup'

2021-11-11 09:37:55 - [MESSAGE][INFO] - Checking object

2021-11-11 09:37:55 - [MESSAGE][INFO] - Checking timeout

2021-11-11 09:37:55 - [MESSAGE][INFO] - Finding web element from Test Object's properties

2021-11-11 09:37:55 - [MESSAGE][INFO] - Checking timeout

2021-11-11 09:37:55 - [MESSAGE][INFO] - Finding web element with id: 'Object Repository/Popup/Popup' located by 'By.cssSelector: .bootbox-body' in '10' second(s)

2021-11-11 09:37:55 - [MESSAGE][INFO] - Smart Wait Function is triggered

2021-11-11 09:37:55 - [MESSAGE][INFO] - Found 1 web elements with id: 'Object Repository/Popup/Popup' located by 'By.cssSelector: .bootbox-body' in '10' second(s)

2021-11-11 09:37:55 - [MESSAGE][PASSED] - Object 'Object Repository/Popup/Popup' is visible

2021-11-11 09:37:55 - [TEST_STEP][PASSED] - if (!(getText(findTestObject("Popup/Popup")).contains(Mesaj))): Text of object 'Object Repository/Popup/Popup' is: 'Lütfen rapor bildiriminin gönderileceği e-posta adresini belirtiniz.
e-Posta Adresi'

2021-11-11 09:37:55 - [MESSAGE][INFO] - Finding Test Object 'Object Repository/Popup/Popup'

2021-11-11 09:37:55 - [MESSAGE][INFO] - Checking object

2021-11-11 09:37:55 - [MESSAGE][INFO] - Finding web element from Test Object's properties

2021-11-11 09:37:55 - [MESSAGE][INFO] - Checking timeout

2021-11-11 09:37:55 - [MESSAGE][INFO] - Finding web element with id: 'Object Repository/Popup/Popup' located by 'By.cssSelector: .bootbox-body' in '30' second(s)

2021-11-11 09:37:55 - [MESSAGE][INFO] - Smart Wait Function is triggered

2021-11-11 09:37:56 - [MESSAGE][INFO] - Found 1 web elements with id: 'Object Repository/Popup/Popup' located by 'By.cssSelector: .bootbox-body' in '30' second(s)

2021-11-11 09:37:56 - [MESSAGE][INFO] - Getting text of object 'Object Repository/Popup/Popup'

2021-11-11 09:37:56 - [MESSAGE][PASSED] - Text of object 'Object Repository/Popup/Popup' is: 'Lütfen rapor bildiriminin gönderileceği e-posta adresini belirtiniz.
e-Posta Adresi'

2021-11-11 09:37:56 - [TEST_STEP][PASSED] - RaporNo = getText(findTestObject("Popup/Popup")).substring(0, 6): Text of object 'Object Repository/Popup/Popup' is: 'Lütfen rapor bildiriminin gönderileceği e-posta adresini belirtiniz.
e-Posta Adresi'

2021-11-11 09:37:56 - [MESSAGE][INFO] - Finding Test Object 'Object Repository/Popup/Popup'

2021-11-11 09:37:56 - [MESSAGE][INFO] - Checking object

2021-11-11 09:37:56 - [MESSAGE][INFO] - Finding web element from Test Object's properties

2021-11-11 09:37:56 - [MESSAGE][INFO] - Checking timeout

2021-11-11 09:37:56 - [MESSAGE][INFO] - Finding web element with id: 'Object Repository/Popup/Popup' located by 'By.cssSelector: .bootbox-body' in '30' second(s)

2021-11-11 09:37:56 - [MESSAGE][INFO] - Smart Wait Function is triggered

2021-11-11 09:37:56 - [MESSAGE][INFO] - Found 1 web elements with id: 'Object Repository/Popup/Popup' located by 'By.cssSelector: .bootbox-body' in '30' second(s)

2021-11-11 09:37:56 - [MESSAGE][INFO] - Getting text of object 'Object Repository/Popup/Popup'

2021-11-11 09:37:56 - [MESSAGE][PASSED] - Text of object 'Object Repository/Popup/Popup' is: 'Lütfen rapor bildiriminin gönderileceği e-posta adresini belirtiniz.
e-Posta Adresi'

2021-11-11 09:37:56 - [TEST_STEP][PASSED] - Console.println(RaporNo): null

2021-11-11 09:37:56 - [MESSAGE][PASSED] - Call Test Case 'Test Cases/Popup/PopupMesajiIceriyorMu' successfully

2021-11-11 09:37:56 - [MESSAGE][INFO] - Checking called Test Case

2021-11-11 09:37:56 - [MESSAGE][INFO] - Starting to call Test Case 'Test Cases/Popup/PopupaEmailEklenir'

2021-11-11 09:37:56 - [TEST_CASE][PASSED] - Test Cases/Popup/PopupaEmailEklenir: Test Cases/Popup/PopupaEmailEklenir

2021-11-11 09:37:56 - [TEST_STEP][PASSED] - clearText(findTestObject("Popup/EmailText")): Text of object 'Object Repository/Popup/EmailText' is cleared

2021-11-11 09:37:56 - [MESSAGE][INFO] - Finding Test Object 'Object Repository/Popup/EmailText'

2021-11-11 09:37:56 - [MESSAGE][INFO] - Checking object

2021-11-11 09:37:56 - [MESSAGE][INFO] - Finding web element from Test Object's properties

2021-11-11 09:37:56 - [MESSAGE][INFO] - Checking timeout

2021-11-11 09:37:56 - [MESSAGE][INFO] - Finding web element with id: 'Object Repository/Popup/EmailText' located by 'By.xpath: //*[@id="eMails"]' in '30' second(s)

2021-11-11 09:37:56 - [MESSAGE][INFO] - Smart Wait Function is triggered

2021-11-11 09:37:57 - [MESSAGE][INFO] - Found 1 web elements with id: 'Object Repository/Popup/EmailText' located by 'By.xpath: //*[@id="eMails"]' in '30' second(s)

2021-11-11 09:37:57 - [MESSAGE][INFO] - Clearing text of object 'Object Repository/Popup/EmailText'

2021-11-11 09:37:57 - [MESSAGE][PASSED] - Text of object 'Object Repository/Popup/EmailText' is cleared

2021-11-11 09:37:57 - [TEST_STEP][PASSED] - sendKeys(findTestObject("Popup/EmailText"), Email): Keys 'elogotest@gmail.com;ali.kara@logo.com.tr' sent to object: 'Object Repository/Popup/EmailText'

2021-11-11 09:37:57 - [MESSAGE][INFO] - Finding Test Object 'Object Repository/Popup/EmailText'

2021-11-11 09:37:57 - [MESSAGE][INFO] - Sending keys 'elogotest@gmail.com;ali.kara@logo.com.tr' to object: 'Object Repository/Popup/EmailText'

2021-11-11 09:37:57 - [MESSAGE][INFO] - Finding web element from Test Object's properties

2021-11-11 09:37:57 - [MESSAGE][INFO] - Checking timeout

2021-11-11 09:37:57 - [MESSAGE][INFO] - Finding web element with id: 'Object Repository/Popup/EmailText' located by 'By.xpath: //*[@id="eMails"]' in '30' second(s)

2021-11-11 09:37:57 - [MESSAGE][INFO] - Smart Wait Function is triggered

2021-11-11 09:37:57 - [MESSAGE][INFO] - Found 1 web elements with id: 'Object Repository/Popup/EmailText' located by 'By.xpath: //*[@id="eMails"]' in '30' second(s)

2021-11-11 09:37:57 - [MESSAGE][PASSED] - Keys 'elogotest@gmail.com;ali.kara@logo.com.tr' sent to object: 'Object Repository/Popup/EmailText'

2021-11-11 09:37:57 - [MESSAGE][PASSED] - Call Test Case 'Test Cases/Popup/PopupaEmailEklenir' successfully

2021-11-11 09:37:57 - [MESSAGE][INFO] - Checking called Test Case

2021-11-11 09:37:57 - [MESSAGE][INFO] - Starting to call Test Case 'Test Cases/Popup/PopupButonSecilir'

2021-11-11 09:37:57 - [TEST_CASE][PASSED] - Test Cases/Popup/PopupButonSecilir: Test Cases/Popup/PopupButonSecilir

2021-11-11 09:37:57 - [TEST_STEP][PASSED] - Method.TextDegerineEsitElementeTikla(findTestObject("Popup/Popup_Butons"), Buton): Method.TextDegerineEsitElementeTikla is PASSED

2021-11-11 09:37:57 - [MESSAGE][INFO] - Finding Test Object 'Object Repository/Popup/Popup_Butons'

2021-11-11 09:37:57 - [MESSAGE][INFO] - Checking timeout

2021-11-11 09:37:57 - [MESSAGE][INFO] - Finding web element with id: 'Object Repository/Popup/Popup_Butons' located by 'By.cssSelector: .modal-footer>button' in '10' second(s)

2021-11-11 09:37:57 - [MESSAGE][INFO] - Smart Wait Function is triggered

2021-11-11 09:37:57 - [MESSAGE][INFO] - Found 2 web elements with id: 'Object Repository/Popup/Popup_Butons' located by 'By.cssSelector: .modal-footer>button' in '10' second(s)

2021-11-11 09:37:58 - [MESSAGE][PASSED] - Method.TextDegerineEsitElementeTikla is PASSED

2021-11-11 09:37:58 - [MESSAGE][PASSED] - Call Test Case 'Test Cases/Popup/PopupButonSecilir' successfully

2021-11-11 09:37:58 - [MESSAGE][INFO] - Checking called Test Case

2021-11-11 09:37:58 - [MESSAGE][INFO] - Starting to call Test Case 'Test Cases/Popup/PopupMesajiIceriyorMu'

2021-11-11 09:37:58 - [TEST_CASE][PASSED] - Test Cases/Popup/PopupMesajiIceriyorMu: Test Cases/Popup/PopupMesajiIceriyorMu

2021-11-11 09:37:58 - [TEST_STEP][PASSED] - waitForElementVisible(findTestObject("Popup/Popup"), 10): Object 'Object Repository/Popup/Popup' is visible

2021-11-11 09:37:58 - [MESSAGE][INFO] - Finding Test Object 'Object Repository/Popup/Popup'

2021-11-11 09:37:58 - [MESSAGE][INFO] - Checking object

2021-11-11 09:37:58 - [MESSAGE][INFO] - Checking timeout

2021-11-11 09:37:58 - [MESSAGE][INFO] - Finding web element from Test Object's properties

2021-11-11 09:37:58 - [MESSAGE][INFO] - Checking timeout

2021-11-11 09:37:58 - [MESSAGE][INFO] - Finding web element with id: 'Object Repository/Popup/Popup' located by 'By.cssSelector: .bootbox-body' in '10' second(s)

2021-11-11 09:37:58 - [MESSAGE][INFO] - Smart Wait Function is triggered

2021-11-11 09:37:58 - [MESSAGE][INFO] - Found 1 web elements with id: 'Object Repository/Popup/Popup' located by 'By.cssSelector: .bootbox-body' in '10' second(s)

2021-11-11 09:37:58 - [MESSAGE][PASSED] - Object 'Object Repository/Popup/Popup' is visible

2021-11-11 09:37:58 - [TEST_STEP][PASSED] - if (!(getText(findTestObject("Popup/Popup")).contains(Mesaj))): Text of object 'Object Repository/Popup/Popup' is: '16256 no’lu talebiniz işleme alınmıştır. Raporunuz hazırlandığında (elogotest@gmail.com;ali.kara@logo.com.tr) adresinize mail gönderilecektir.
Rapor durumunuzu Raporlar > Toplu Veri İndirme ekranından takip edebilir, hazırlandı durumundaki raporlarınızı ilgili menüden indirebilirsiniz.'

2021-11-11 09:37:58 - [MESSAGE][INFO] - Finding Test Object 'Object Repository/Popup/Popup'

2021-11-11 09:37:59 - [MESSAGE][INFO] - Checking object

2021-11-11 09:37:59 - [MESSAGE][INFO] - Finding web element from Test Object's properties

2021-11-11 09:37:59 - [MESSAGE][INFO] - Checking timeout

2021-11-11 09:37:59 - [MESSAGE][INFO] - Finding web element with id: 'Object Repository/Popup/Popup' located by 'By.cssSelector: .bootbox-body' in '30' second(s)

2021-11-11 09:37:59 - [MESSAGE][INFO] - Smart Wait Function is triggered

2021-11-11 09:37:59 - [MESSAGE][INFO] - Found 1 web elements with id: 'Object Repository/Popup/Popup' located by 'By.cssSelector: .bootbox-body' in '30' second(s)

2021-11-11 09:37:59 - [MESSAGE][INFO] - Getting text of object 'Object Repository/Popup/Popup'

2021-11-11 09:37:59 - [MESSAGE][PASSED] - Text of object 'Object Repository/Popup/Popup' is: '16256 no’lu talebiniz işleme alınmıştır. Raporunuz hazırlandığında (elogotest@gmail.com;ali.kara@logo.com.tr) adresinize mail gönderilecektir.
Rapor durumunuzu Raporlar > Toplu Veri İndirme ekranından takip edebilir, hazırlandı durumundaki raporlarınızı ilgili menüden indirebilirsiniz.'

2021-11-11 09:37:59 - [TEST_STEP][PASSED] - RaporNo = getText(findTestObject("Popup/Popup")).substring(0, 6): Text of object 'Object Repository/Popup/Popup' is: '16256 no’lu talebiniz işleme alınmıştır. Raporunuz hazırlandığında (elogotest@gmail.com;ali.kara@logo.com.tr) adresinize mail gönderilecektir.
Rapor durumunuzu Raporlar > Toplu Veri İndirme ekranından takip edebilir, hazırlandı durumundaki raporlarınızı ilgili menüden indirebilirsiniz.'

2021-11-11 09:37:59 - [MESSAGE][INFO] - Finding Test Object 'Object Repository/Popup/Popup'

2021-11-11 09:37:59 - [MESSAGE][INFO] - Checking object

2021-11-11 09:37:59 - [MESSAGE][INFO] - Finding web element from Test Object's properties

2021-11-11 09:37:59 - [MESSAGE][INFO] - Checking timeout

2021-11-11 09:37:59 - [MESSAGE][INFO] - Finding web element with id: 'Object Repository/Popup/Popup' located by 'By.cssSelector: .bootbox-body' in '30' second(s)

2021-11-11 09:37:59 - [MESSAGE][INFO] - Smart Wait Function is triggered

2021-11-11 09:37:59 - [MESSAGE][INFO] - Found 1 web elements with id: 'Object Repository/Popup/Popup' located by 'By.cssSelector: .bootbox-body' in '30' second(s)

2021-11-11 09:37:59 - [MESSAGE][INFO] - Getting text of object 'Object Repository/Popup/Popup'

2021-11-11 09:37:59 - [MESSAGE][PASSED] - Text of object 'Object Repository/Popup/Popup' is: '16256 no’lu talebiniz işleme alınmıştır. Raporunuz hazırlandığında (elogotest@gmail.com;ali.kara@logo.com.tr) adresinize mail gönderilecektir.
Rapor durumunuzu Raporlar > Toplu Veri İndirme ekranından takip edebilir, hazırlandı durumundaki raporlarınızı ilgili menüden indirebilirsiniz.'

2021-11-11 09:37:59 - [TEST_STEP][PASSED] - Console.println(RaporNo): null

2021-11-11 09:37:59 - [MESSAGE][PASSED] - Call Test Case 'Test Cases/Popup/PopupMesajiIceriyorMu' successfully

2021-11-11 09:37:59 - [MESSAGE][INFO] - Checking called Test Case

2021-11-11 09:37:59 - [MESSAGE][INFO] - Starting to call Test Case 'Test Cases/Popup/PopupButonSecilir'

2021-11-11 09:37:59 - [TEST_CASE][PASSED] - Test Cases/Popup/PopupButonSecilir: Test Cases/Popup/PopupButonSecilir

2021-11-11 09:37:59 - [TEST_STEP][PASSED] - Method.TextDegerineEsitElementeTikla(findTestObject("Popup/Popup_Butons"), Buton): Method.TextDegerineEsitElementeTikla is PASSED

2021-11-11 09:37:59 - [MESSAGE][INFO] - Finding Test Object 'Object Repository/Popup/Popup_Butons'

2021-11-11 09:37:59 - [MESSAGE][INFO] - Checking timeout

2021-11-11 09:37:59 - [MESSAGE][INFO] - Finding web element with id: 'Object Repository/Popup/Popup_Butons' located by 'By.cssSelector: .modal-footer>button' in '10' second(s)

2021-11-11 09:37:59 - [MESSAGE][INFO] - Smart Wait Function is triggered

2021-11-11 09:38:00 - [MESSAGE][INFO] - Found 1 web elements with id: 'Object Repository/Popup/Popup_Butons' located by 'By.cssSelector: .modal-footer>button' in '10' second(s)

2021-11-11 09:38:00 - [MESSAGE][PASSED] - Method.TextDegerineEsitElementeTikla is PASSED

2021-11-11 09:38:00 - [MESSAGE][PASSED] - Call Test Case 'Test Cases/Popup/PopupButonSecilir' successfully

2021-11-11 09:38:00 - [MESSAGE][INFO] - Checking called Test Case

2021-11-11 09:38:00 - [MESSAGE][INFO] - Starting to call Test Case 'Test Cases/Menu/AnaMenuSecimi'

2021-11-11 09:38:00 - [TEST_CASE][PASSED] - Test Cases/Menu/AnaMenuSecimi: Test Cases/Menu/AnaMenuSecimi

2021-11-11 09:38:00 - [TEST_STEP][PASSED] - Method.TextDegerineEsitElementeTikla(findTestObject("Menu/Ana_Menu"), Ana_Menu): Method.TextDegerineEsitElementeTikla is PASSED

2021-11-11 09:38:00 - [MESSAGE][INFO] - Finding Test Object 'Object Repository/Menu/Ana_Menu'

2021-11-11 09:38:00 - [MESSAGE][INFO] - Checking timeout

2021-11-11 09:38:00 - [MESSAGE][INFO] - Finding web element with id: 'Object Repository/Menu/Ana_Menu' located by 'By.xpath: //*[@class = 'dropdown-toggle']' in '10' second(s)

2021-11-11 09:38:00 - [MESSAGE][INFO] - Smart Wait Function is triggered

2021-11-11 09:38:00 - [MESSAGE][INFO] - Found 14 web elements with id: 'Object Repository/Menu/Ana_Menu' located by 'By.xpath: //*[@class = 'dropdown-toggle']' in '10' second(s)

2021-11-11 09:38:01 - [MESSAGE][PASSED] - Method.TextDegerineEsitElementeTikla is PASSED

2021-11-11 09:38:01 - [MESSAGE][PASSED] - Call Test Case 'Test Cases/Menu/AnaMenuSecimi' successfully

2021-11-11 09:38:01 - [MESSAGE][INFO] - Checking called Test Case

2021-11-11 09:38:01 - [MESSAGE][INFO] - Starting to call Test Case 'Test Cases/Menu/AltMenuSecimi'

2021-11-11 09:38:01 - [TEST_CASE][PASSED] - Test Cases/Menu/AltMenuSecimi: Test Cases/Menu/AltMenuSecimi

2021-11-11 09:38:01 - [TEST_STEP][PASSED] - Method.TextDegerineEsitElementeTikla(findTestObject("Menu/Alt_Menu"), Alt_Menu): Method.TextDegerineEsitElementeTikla is PASSED

2021-11-11 09:38:01 - [MESSAGE][INFO] - Finding Test Object 'Object Repository/Menu/Alt_Menu'

2021-11-11 09:38:01 - [MESSAGE][INFO] - Checking timeout

2021-11-11 09:38:01 - [MESSAGE][INFO] - Finding web element with id: 'Object Repository/Menu/Alt_Menu' located by 'By.xpath: //li[@class='dropdown dropdown-large open']//li[@class='dropdown-element']' in '10' second(s)

2021-11-11 09:38:01 - [MESSAGE][INFO] - Smart Wait Function is triggered

2021-11-11 09:38:01 - [MESSAGE][INFO] - Found 9 web elements with id: 'Object Repository/Menu/Alt_Menu' located by 'By.xpath: //li[@class='dropdown dropdown-large open']//li[@class='dropdown-element']' in '10' second(s)

2021-11-11 09:38:02 - [MESSAGE][PASSED] - Method.TextDegerineEsitElementeTikla is PASSED

2021-11-11 09:38:02 - [MESSAGE][PASSED] - Call Test Case 'Test Cases/Menu/AltMenuSecimi' successfully

2021-11-11 09:38:02 - [MESSAGE][INFO] - Checking called Test Case

2021-11-11 09:38:02 - [MESSAGE][INFO] - Starting to call Test Case 'Test Cases/Filtreler/RaporNoYaz'

2021-11-11 09:38:02 - [TEST_CASE][PASSED] - Test Cases/Filtreler/RaporNoYaz: Test Cases/Filtreler/RaporNoYaz

2021-11-11 09:38:02 - [TEST_STEP][PASSED] - Method.TextDegerineEsitElementinAltindakiTextboxtaYaz(findTestObject("Filtreler/Basliklar"), findTestObject("Filtreler/Basliga_Gore_Textbox"), "Talep No", RaporNo): Method.TextDegerineEsitElementinAltindakiTextboxtaYaz is PASSED

2021-11-11 09:38:02 - [MESSAGE][INFO] - Finding Test Object 'Object Repository/Filtreler/Basliklar'

2021-11-11 09:38:02 - [MESSAGE][INFO] - Finding Test Object 'Object Repository/Filtreler/Basliga_Gore_Textbox'

2021-11-11 09:38:02 - [MESSAGE][INFO] - Checking timeout

2021-11-11 09:38:02 - [MESSAGE][INFO] - Finding web element with id: 'Object Repository/Filtreler/Basliklar' located by 'By.cssSelector: .control-label.col-sm-4.paddingMarginRLC' in '10' second(s)

2021-11-11 09:38:02 - [MESSAGE][INFO] - Smart Wait Function is triggered

2021-11-11 09:38:03 - [MESSAGE][INFO] - Found 8 web elements with id: 'Object Repository/Filtreler/Basliklar' located by 'By.cssSelector: .control-label.col-sm-4.paddingMarginRLC' in '10' second(s)

2021-11-11 09:38:03 - [MESSAGE][INFO] - Smart Wait Function is triggered

2021-11-11 09:38:03 - [MESSAGE][PASSED] - Method.TextDegerineEsitElementinAltindakiTextboxtaYaz is PASSED

2021-11-11 09:38:03 - [MESSAGE][PASSED] - Call Test Case 'Test Cases/Filtreler/RaporNoYaz' successfully

2021-11-11 09:38:03 - [MESSAGE][INFO] - Checking called Test Case

2021-11-11 09:38:03 - [MESSAGE][INFO] - Starting to call Test Case 'Test Cases/Filtreler/ButonaTikla'

2021-11-11 09:38:03 - [TEST_CASE][PASSED] - Test Cases/Filtreler/ButonaTikla: Test Cases/Filtreler/ButonaTikla

2021-11-11 09:38:03 - [TEST_STEP][PASSED] - Method.TextDegerineEsitElementeTikla(findTestObject("Filtreler/Butonlar"), Filtre_Buton): Method.TextDegerineEsitElementeTikla is PASSED

2021-11-11 09:38:03 - [MESSAGE][INFO] - Finding Test Object 'Object Repository/Filtreler/Butonlar'

2021-11-11 09:38:03 - [MESSAGE][INFO] - Checking timeout

2021-11-11 09:38:03 - [MESSAGE][INFO] - Finding web element with id: 'Object Repository/Filtreler/Butonlar' located by 'By.cssSelector: .dxb>span' in '10' second(s)

2021-11-11 09:38:03 - [MESSAGE][INFO] - Smart Wait Function is triggered

2021-11-11 09:38:04 - [MESSAGE][INFO] - Found 2 web elements with id: 'Object Repository/Filtreler/Butonlar' located by 'By.cssSelector: .dxb>span' in '10' second(s)

2021-11-11 09:38:04 - [MESSAGE][PASSED] - Method.TextDegerineEsitElementeTikla is PASSED

2021-11-11 09:38:04 - [MESSAGE][PASSED] - Call Test Case 'Test Cases/Filtreler/ButonaTikla' successfully

2021-11-11 09:38:04 - [MESSAGE][INFO] - Checking called Test Case

2021-11-11 09:38:04 - [MESSAGE][INFO] - Starting to call Test Case 'Test Cases/Tablo/TablodaVeriVarMi'

2021-11-11 09:38:04 - [TEST_CASE][PASSED] - Test Cases/Tablo/TablodaVeriVarMi: Test Cases/Tablo/TablodaVeriVarMi

2021-11-11 09:38:04 - [TEST_STEP][PASSED] - verifyTextNotPresent("Görüntülenecek veri yok", true): Text 'Görüntülenecek veri yok' is not present on page using regular expression

2021-11-11 09:38:04 - [MESSAGE][INFO] - Checking text present  using regular expression

2021-11-11 09:38:04 - [MESSAGE][INFO] - Smart Wait Function is triggered

2021-11-11 09:38:04 - [MESSAGE][INFO] - Finding text 'Görüntülenecek veri yok' on page  using regular expression

2021-11-11 09:38:04 - [MESSAGE][PASSED] - Text 'Görüntülenecek veri yok' is not present on page using regular expression

2021-11-11 09:38:04 - [MESSAGE][PASSED] - Call Test Case 'Test Cases/Tablo/TablodaVeriVarMi' successfully

2021-11-11 09:38:04 - [MESSAGE][INFO] - Checking called Test Case

2021-11-11 09:38:04 - [MESSAGE][INFO] - Starting to call Test Case 'Test Cases/Kullanici_Islemleri/KullaniciIslemlerindenSecimYapilir'

2021-11-11 09:38:05 - [TEST_CASE][PASSED] - Test Cases/Kullanici_Islemleri/KullaniciIslemlerindenSecimYapilir: Test Cases/Kullanici_Islemleri/KullaniciIslemlerindenSecimYapilir

2021-11-11 09:38:05 - [TEST_STEP][PASSED] - waitForElementClickable(findTestObject("Object Repository/Kullanici_Islemleri/KullaniciIslemleri"), 10): Object 'Object Repository/Kullanici_Islemleri/KullaniciIslemleri' is clickable

2021-11-11 09:38:05 - [MESSAGE][INFO] - Finding Test Object 'Object Repository/Kullanici_Islemleri/KullaniciIslemleri'

2021-11-11 09:38:05 - [MESSAGE][INFO] - Checking object

2021-11-11 09:38:05 - [MESSAGE][INFO] - Checking timeout

2021-11-11 09:38:05 - [MESSAGE][INFO] - Finding web element from Test Object's properties

2021-11-11 09:38:05 - [MESSAGE][INFO] - Checking timeout

2021-11-11 09:38:05 - [MESSAGE][INFO] - Finding web element with id: 'Object Repository/Kullanici_Islemleri/KullaniciIslemleri' located by 'By.cssSelector: .dropdown>a>img' in '10' second(s)

2021-11-11 09:38:05 - [MESSAGE][INFO] - Smart Wait Function is triggered

2021-11-11 09:38:05 - [MESSAGE][INFO] - Found 1 web elements with id: 'Object Repository/Kullanici_Islemleri/KullaniciIslemleri' located by 'By.cssSelector: .dropdown>a>img' in '10' second(s)

2021-11-11 09:38:05 - [MESSAGE][PASSED] - Object 'Object Repository/Kullanici_Islemleri/KullaniciIslemleri' is clickable

2021-11-11 09:38:05 - [TEST_STEP][PASSED] - click(findTestObject("Object Repository/Kullanici_Islemleri/KullaniciIslemleri")): Object: 'Object Repository/Kullanici_Islemleri/KullaniciIslemleri' is clicked on

2021-11-11 09:38:05 - [MESSAGE][INFO] - Finding Test Object 'Object Repository/Kullanici_Islemleri/KullaniciIslemleri'

2021-11-11 09:38:05 - [MESSAGE][INFO] - Checking object

2021-11-11 09:38:05 - [MESSAGE][INFO] - Finding web element from Test Object's properties

2021-11-11 09:38:05 - [MESSAGE][INFO] - Checking timeout

2021-11-11 09:38:05 - [MESSAGE][INFO] - Finding web element with id: 'Object Repository/Kullanici_Islemleri/KullaniciIslemleri' located by 'By.cssSelector: .dropdown>a>img' in '30' second(s)

2021-11-11 09:38:05 - [MESSAGE][INFO] - Smart Wait Function is triggered

2021-11-11 09:38:05 - [MESSAGE][INFO] - Found 1 web elements with id: 'Object Repository/Kullanici_Islemleri/KullaniciIslemleri' located by 'By.cssSelector: .dropdown>a>img' in '30' second(s)

2021-11-11 09:38:05 - [MESSAGE][INFO] - Clicking on object: 'Object Repository/Kullanici_Islemleri/KullaniciIslemleri'

2021-11-11 09:38:05 - [MESSAGE][PASSED] - Object: 'Object Repository/Kullanici_Islemleri/KullaniciIslemleri' is clicked on

2021-11-11 09:38:05 - [TEST_STEP][PASSED] - Method.TextDegerineEsitElementeTikla(findTestObject("Object Repository/Kullanici_Islemleri/Secenekler"), Islem): Method.TextDegerineEsitElementeTikla is PASSED

2021-11-11 09:38:05 - [MESSAGE][INFO] - Finding Test Object 'Object Repository/Kullanici_Islemleri/Secenekler'

2021-11-11 09:38:05 - [MESSAGE][INFO] - Checking timeout

2021-11-11 09:38:05 - [MESSAGE][INFO] - Finding web element with id: 'Object Repository/Kullanici_Islemleri/Secenekler' located by 'By.cssSelector: .nav.navbar-nav.navbar-right li a' in '10' second(s)

2021-11-11 09:38:05 - [MESSAGE][INFO] - Smart Wait Function is triggered

2021-11-11 09:38:06 - [MESSAGE][INFO] - Found 22 web elements with id: 'Object Repository/Kullanici_Islemleri/Secenekler' located by 'By.cssSelector: .nav.navbar-nav.navbar-right li a' in '10' second(s)

2021-11-11 09:38:08 - [MESSAGE][PASSED] - Method.TextDegerineEsitElementeTikla is PASSED

2021-11-11 09:38:08 - [TEST_STEP][PASSED] - verifyElementNotPresent(findTestObject("Object Repository/Kullanici_Islemleri/Secenekler"), 10): Web element with id: 'Object Repository/Kullanici_Islemleri/Secenekler' located by 'By.cssSelector: .nav.navbar-nav.navbar-right li a' is not present after '10' second(s)

2021-11-11 09:38:08 - [MESSAGE][INFO] - Finding Test Object 'Object Repository/Kullanici_Islemleri/Secenekler'

2021-11-11 09:38:08 - [MESSAGE][INFO] - Checking object

2021-11-11 09:38:08 - [MESSAGE][INFO] - Checking timeout

2021-11-11 09:38:08 - [MESSAGE][INFO] - Finding web element with id: 'Object Repository/Kullanici_Islemleri/Secenekler' located by 'By.cssSelector: .nav.navbar-nav.navbar-right li a' in '10' second(s)

2021-11-11 09:38:08 - [MESSAGE][INFO] - Smart Wait Function is triggered

2021-11-11 09:38:08 - [MESSAGE][PASSED] - Web element with id: 'Object Repository/Kullanici_Islemleri/Secenekler' located by 'By.cssSelector: .nav.navbar-nav.navbar-right li a' is not present after '10' second(s)

2021-11-11 09:38:08 - [MESSAGE][PASSED] - Call Test Case 'Test Cases/Kullanici_Islemleri/KullaniciIslemlerindenSecimYapilir' successfully

2021-11-11 09:38:08 - [TEST_CASE][PASSED] - Start Test Case : SCENARIO Irsaliye Yanitinin excele aktarilmasi: SCENARIO Irsaliye Yanitinin excele aktarilmasi

2021-11-11 09:38:08 - [TEST_STEP][PASSED] - Kullanıcı adı ELOGO6 ve Şifre 123456 olarak giriş yapılır: Kullanıcı adı ELOGO6 ve Şifre 123456 olarak giriş yapılır

2021-11-11 09:38:08 - [MESSAGE][PASSED] - Kullanıcı adı ELOGO6 ve Şifre 123456 olarak giriş yapılır

2021-11-11 09:38:08 - [TEST_STEP][PASSED] - Ana menüden e-İrsaliye seçilir: Ana menüden e-İrsaliye seçilir

2021-11-11 09:38:08 - [MESSAGE][PASSED] - Ana menüden e-İrsaliye seçilir

2021-11-11 09:38:08 - [TEST_STEP][PASSED] - Alt menü Gelen Kutusu başlığı altındaki İrsaliye Yanıtları seçilir: Alt menü Gelen Kutusu başlığı altındaki İrsaliye Yanıtları seçilir

2021-11-11 09:38:08 - [MESSAGE][PASSED] - Alt menü Gelen Kutusu başlığı altındaki İrsaliye Yanıtları seçilir

2021-11-11 09:38:08 - [TEST_STEP][PASSED] - Filtrelerden Oluşturma Tarihi filtresine 01.01.2020 baslangic degerini yaz: Filtrelerden Oluşturma Tarihi filtresine 01.01.2020 baslangic degerini yaz

2021-11-11 09:38:08 - [MESSAGE][PASSED] - Filtrelerden Oluşturma Tarihi filtresine 01.01.2020 baslangic degerini yaz

2021-11-11 09:38:08 - [TEST_STEP][PASSED] - Filtrelerden Oluşturma Tarihi filtresine 31.12.2020 bitis degerini yaz: Filtrelerden Oluşturma Tarihi filtresine 31.12.2020 bitis degerini yaz

2021-11-11 09:38:08 - [MESSAGE][PASSED] - Filtrelerden Oluşturma Tarihi filtresine 31.12.2020 bitis degerini yaz

2021-11-11 09:38:08 - [TEST_STEP][PASSED] - Filtre butonlarından Listele seçilir: Filtre butonlarından Listele seçilir

2021-11-11 09:38:08 - [MESSAGE][PASSED] - Filtre butonlarından Listele seçilir

2021-11-11 09:38:08 - [TEST_STEP][PASSED] - Tabloda veri var mı kontrol edilir: Tabloda veri var mı kontrol edilir

2021-11-11 09:38:08 - [MESSAGE][PASSED] - Tabloda veri var mı kontrol edilir

2021-11-11 09:38:08 - [TEST_STEP][PASSED] - Tablodan ELOGO TEST isimli veri seçilir: Tablodan ELOGO TEST isimli veri seçilir

2021-11-11 09:38:08 - [MESSAGE][PASSED] - Tablodan ELOGO TEST isimli veri seçilir

2021-11-11 09:38:08 - [TEST_STEP][PASSED] - Butonlardan Excel isimli butona tıklanır: Butonlardan Excel isimli butona tıklanır

2021-11-11 09:38:08 - [MESSAGE][PASSED] - Butonlardan Excel isimli butona tıklanır

2021-11-11 09:38:08 - [TEST_STEP][PASSED] - Alt butonlardan Excel'e Aktar butonuna tıklanır: Alt butonlardan Excel'e Aktar butonuna tıklanır

2021-11-11 09:38:08 - [MESSAGE][PASSED] - Alt butonlardan Excel'e Aktar butonuna tıklanır

2021-11-11 09:38:08 - [TEST_STEP][PASSED] - Popup mesajı Lütfen rapor bildiriminin gönderileceği e-posta adresini belirtiniz. içeriyor mu: Popup mesajı Lütfen rapor bildiriminin gönderileceği e-posta adresini belirtiniz. içeriyor mu

2021-11-11 09:38:08 - [MESSAGE][PASSED] - Popup mesajı Lütfen rapor bildiriminin gönderileceği e-posta adresini belirtiniz. içeriyor mu

2021-11-11 09:38:08 - [TEST_STEP][PASSED] - Popup email elogotest@gmail.com;ali.kara@logo.com.tr olarak girilir: Popup email elogotest@gmail.com;ali.kara@logo.com.tr olarak girilir

2021-11-11 09:38:08 - [MESSAGE][PASSED] - Popup email elogotest@gmail.com;ali.kara@logo.com.tr olarak girilir

2021-11-11 09:38:08 - [TEST_STEP][PASSED] - Yönetim popupında Gönder seçilir: Yönetim popupında Gönder seçilir

2021-11-11 09:38:08 - [MESSAGE][PASSED] - Yönetim popupında Gönder seçilir

2021-11-11 09:38:08 - [TEST_STEP][PASSED] - Popup mesajı talebiniz işleme alınmıştır içeriyor mu: Popup mesajı talebiniz işleme alınmıştır içeriyor mu

2021-11-11 09:38:08 - [MESSAGE][PASSED] - Popup mesajı talebiniz işleme alınmıştır içeriyor mu

2021-11-11 09:38:08 - [TEST_STEP][PASSED] - Yönetim popupında Tamam seçilir: Yönetim popupında Tamam seçilir

2021-11-11 09:38:08 - [MESSAGE][PASSED] - Yönetim popupında Tamam seçilir

2021-11-11 09:38:08 - [TEST_STEP][PASSED] - Butonlardan Excel isimli butona tıklanır: Butonlardan Excel isimli butona tıklanır

2021-11-11 09:38:08 - [MESSAGE][PASSED] - Butonlardan Excel isimli butona tıklanır

2021-11-11 09:38:08 - [TEST_STEP][PASSED] - Alt butonlardan Tümünü Excel'e Aktar butonuna tıklanır: Alt butonlardan Tümünü Excel'e Aktar butonuna tıklanır

2021-11-11 09:38:08 - [MESSAGE][PASSED] - Alt butonlardan Tümünü Excel'e Aktar butonuna tıklanır

2021-11-11 09:38:08 - [TEST_STEP][PASSED] - Popup mesajı Lütfen rapor bildiriminin gönderileceği e-posta adresini belirtiniz. içeriyor mu: Popup mesajı Lütfen rapor bildiriminin gönderileceği e-posta adresini belirtiniz. içeriyor mu

2021-11-11 09:38:08 - [MESSAGE][PASSED] - Popup mesajı Lütfen rapor bildiriminin gönderileceği e-posta adresini belirtiniz. içeriyor mu

2021-11-11 09:38:08 - [TEST_STEP][PASSED] - Popup email elogotest@gmail.com;ali.kara@logo.com.tr olarak girilir: Popup email elogotest@gmail.com;ali.kara@logo.com.tr olarak girilir

2021-11-11 09:38:08 - [MESSAGE][PASSED] - Popup email elogotest@gmail.com;ali.kara@logo.com.tr olarak girilir

2021-11-11 09:38:08 - [TEST_STEP][PASSED] - Yönetim popupında Gönder seçilir: Yönetim popupında Gönder seçilir

2021-11-11 09:38:08 - [MESSAGE][PASSED] - Yönetim popupında Gönder seçilir

2021-11-11 09:38:08 - [TEST_STEP][PASSED] - Popup mesajı talebiniz işleme alınmıştır içeriyor mu: Popup mesajı talebiniz işleme alınmıştır içeriyor mu

2021-11-11 09:38:08 - [MESSAGE][PASSED] - Popup mesajı talebiniz işleme alınmıştır içeriyor mu

2021-11-11 09:38:08 - [TEST_STEP][PASSED] - Yönetim popupında Tamam seçilir: Yönetim popupında Tamam seçilir

2021-11-11 09:38:08 - [MESSAGE][PASSED] - Yönetim popupında Tamam seçilir

2021-11-11 09:38:08 - [TEST_STEP][PASSED] - Ana menüden Raporlar seçilir: Ana menüden Raporlar seçilir

2021-11-11 09:38:08 - [MESSAGE][PASSED] - Ana menüden Raporlar seçilir

2021-11-11 09:38:08 - [TEST_STEP][PASSED] - Alt menüden Toplu Veri İndirme seçilir: Alt menüden Toplu Veri İndirme seçilir

2021-11-11 09:38:08 - [MESSAGE][PASSED] - Alt menüden Toplu Veri İndirme seçilir

2021-11-11 09:38:08 - [TEST_STEP][PASSED] - Filtrelerden Talep No filtresine Rapor No bilgisi yaz: Filtrelerden Talep No filtresine Rapor No bilgisi yaz

2021-11-11 09:38:08 - [MESSAGE][PASSED] - Filtrelerden Talep No filtresine Rapor No bilgisi yaz

2021-11-11 09:38:08 - [TEST_STEP][PASSED] - Filtre butonlarından Listele seçilir: Filtre butonlarından Listele seçilir

2021-11-11 09:38:08 - [MESSAGE][PASSED] - Filtre butonlarından Listele seçilir

2021-11-11 09:38:08 - [TEST_STEP][PASSED] - Tabloda veri var mı kontrol edilir: Tabloda veri var mı kontrol edilir

2021-11-11 09:38:08 - [MESSAGE][PASSED] - Tabloda veri var mı kontrol edilir

2021-11-11 09:38:08 - [TEST_STEP][PASSED] - Kullanıcı işlemlerinden Çıkış seçilir: Kullanıcı işlemlerinden Çıkış seçilir

2021-11-11 09:38:08 - [MESSAGE][PASSED] - Kullanıcı işlemlerinden Çıkış seçilir

2021-11-11 09:38:08 - [MESSAGE][PASSED] - Feature file: 'Include/features/e-Irsaliye/Gelen Kutusu/Irsaliye Yanitlari/Excele Aktar.feature' was passed

2021-11-11 09:38:08 - [TEST_STEP][PASSED] - Start listener action : sampleAfterTestSuite: Invoke 'com.kms.katalon.core.annotation.AfterTestCase' method: 'Listener.sampleAfterTestSuite(...)' completed.

2021-11-11 09:38:08 - [MESSAGE][INFO] - Starting invoke 'com.kms.katalon.core.annotation.AfterTestCase' method: 'Listener.sampleAfterTestSuite(...)'

2021-11-11 09:38:08 - [TEST_STEP][PASSED] - closeBrowser(): Invoke 'com.kms.katalon.core.annotation.AfterTestCase' method: 'Listener.sampleAfterTestSuite(...)' completed.

2021-11-11 09:38:08 - [MESSAGE][INFO] - Closing browser

2021-11-11 09:38:09 - [MESSAGE][PASSED] - Browser is closed

2021-11-11 09:38:09 - [MESSAGE][INFO] - Invoke 'com.kms.katalon.core.annotation.AfterTestCase' method: 'Listener.sampleAfterTestSuite(...)' completed.]]></system-out>
         <system-err><![CDATA[]]></system-err>
      </testcase>
      <testcase name="Test Cases/Case Repository/e-Irsaliye/Gelen Kutusu/Irsaliyeler/Excele Aktar" time="47.633" classname="Test Cases/Case Repository/e-Irsaliye/Gelen Kutusu/Irsaliyeler/Excele Aktar" status="PASSED">
         <system-out><![CDATA[2021-11-11 09:38:09 - [TEST_CASE][PASSED] - Test Cases/Case Repository/e-Irsaliye/Gelen Kutusu/Irsaliyeler/Excele Aktar: Test Cases/Case Repository/e-Irsaliye/Gelen Kutusu/Irsaliyeler/Excele Aktar

2021-11-11 09:38:09 - [TEST_STEP][PASSED] - Start listener action : sampleBeforeTestSuite: Invoke 'com.kms.katalon.core.annotation.BeforeTestCase' method: 'Listener.sampleBeforeTestSuite(...)' completed.

2021-11-11 09:38:09 - [MESSAGE][INFO] - Starting invoke 'com.kms.katalon.core.annotation.BeforeTestCase' method: 'Listener.sampleBeforeTestSuite(...)'

2021-11-11 09:38:09 - [TEST_STEP][PASSED] - openBrowser(baseUrl): Browser is opened with url: 'https://efatura-stage.elogo.com.tr/'

2021-11-11 09:38:09 - [MESSAGE][INFO] - Opening browser

2021-11-11 09:38:09 - [MESSAGE][INFO] - Starting 'Chrome' driver

2021-11-11 09:38:09 - [MESSAGE][INFO] - User set preference: ['prefs', '{download.default_directory=C:\otomasyondownfiles}']

2021-11-11 09:38:09 - [MESSAGE][INFO] - Action delay is set to 0 milliseconds

2021-11-11 09:38:11 - [MESSAGE][INFO] - Navigating browser to: 'https://efatura-stage.elogo.com.tr/'

2021-11-11 09:38:13 - [MESSAGE][PASSED] - Browser is opened with url: 'https://efatura-stage.elogo.com.tr/'

2021-11-11 09:38:13 - [TEST_STEP][PASSED] - maximizeWindow(): Invoke 'com.kms.katalon.core.annotation.BeforeTestCase' method: 'Listener.sampleBeforeTestSuite(...)' completed.

2021-11-11 09:38:13 - [MESSAGE][INFO] - Maximizing current window

2021-11-11 09:38:13 - [MESSAGE][PASSED] - Current window maximized

2021-11-11 09:38:13 - [MESSAGE][INFO] - Invoke 'com.kms.katalon.core.annotation.BeforeTestCase' method: 'Listener.sampleBeforeTestSuite(...)' completed.

2021-11-11 09:38:14 - [TEST_STEP][PASSED] - runFeatureFile("Include/features/e-Irsaliye/Gelen Kutusu/Irsaliyeler/Excele Aktar.feature"): Feature file: 'Include/features/e-Irsaliye/Gelen Kutusu/Irsaliyeler/Excele Aktar.feature' was passed

2021-11-11 09:38:14 - [MESSAGE][INFO] - Starting run keyword runFeatureFile: 'Include/features/e-Irsaliye/Gelen Kutusu/Irsaliyeler/Excele Aktar.feature' and extract report to folder: 'C:\Users\DELL\Documents\GitHub\EES_KatalonLogo\Reports\20211111_090730\Suite Repository\ExceleAktarVeTopluIndirme\20211111_090810/cucumber_report/1636612694036'...

2021-11-11 09:38:14 - [MESSAGE][INFO] - Glue: []

2021-11-11 09:38:14 - [MESSAGE][INFO] - Checking called Test Case

2021-11-11 09:38:14 - [MESSAGE][INFO] - Starting to call Test Case 'Test Cases/Sayfalar/Giris_Sayfasi/Login'

2021-11-11 09:38:14 - [TEST_CASE][PASSED] - Test Cases/Sayfalar/Giris_Sayfasi/Login: Test Cases/Sayfalar/Giris_Sayfasi/Login

2021-11-11 09:38:14 - [TEST_STEP][PASSED] - Sayfa_Basligi = getWindowTitle(): Current window's title is: 'LOGO e-Fatura'

2021-11-11 09:38:14 - [MESSAGE][INFO] - Getting current window's title

2021-11-11 09:38:14 - [MESSAGE][PASSED] - Current window's title is: 'LOGO e-Fatura'

2021-11-11 09:38:14 - [TEST_STEP][PASSED] - verifyMatch(Sayfa_Basligi, "LOGO e-Fatura", false): Actual text 'LOGO e-Fatura' and expected text 'LOGO e-Fatura' are matched 

2021-11-11 09:38:14 - [MESSAGE][INFO] - Matching actual text 'LOGO e-Fatura' with expected text 'LOGO e-Fatura'

2021-11-11 09:38:14 - [MESSAGE][PASSED] - Actual text 'LOGO e-Fatura' and expected text 'LOGO e-Fatura' are matched 

2021-11-11 09:38:14 - [TEST_STEP][PASSED] - sendKeys(findTestObject("Sayfalar/Giris_Sayfasi/Firma_Kodu"), KullaniciAdi): Keys 'ELOGO6' sent to object: 'Object Repository/Sayfalar/Giris_Sayfasi/Firma_Kodu'

2021-11-11 09:38:14 - [MESSAGE][INFO] - Finding Test Object 'Object Repository/Sayfalar/Giris_Sayfasi/Firma_Kodu'

2021-11-11 09:38:14 - [MESSAGE][INFO] - Sending keys 'ELOGO6' to object: 'Object Repository/Sayfalar/Giris_Sayfasi/Firma_Kodu'

2021-11-11 09:38:14 - [MESSAGE][INFO] - Finding web element from Test Object's properties

2021-11-11 09:38:14 - [MESSAGE][INFO] - Checking timeout

2021-11-11 09:38:14 - [MESSAGE][INFO] - Finding web element with id: 'Object Repository/Sayfalar/Giris_Sayfasi/Firma_Kodu' located by 'By.xpath: //*[@id = 'AccountName']' in '30' second(s)

2021-11-11 09:38:14 - [MESSAGE][INFO] - Smart Wait Function is triggered

2021-11-11 09:38:15 - [MESSAGE][INFO] - Found 1 web elements with id: 'Object Repository/Sayfalar/Giris_Sayfasi/Firma_Kodu' located by 'By.xpath: //*[@id = 'AccountName']' in '30' second(s)

2021-11-11 09:38:15 - [MESSAGE][PASSED] - Keys 'ELOGO6' sent to object: 'Object Repository/Sayfalar/Giris_Sayfasi/Firma_Kodu'

2021-11-11 09:38:15 - [TEST_STEP][PASSED] - sendKeys(findTestObject("Sayfalar/Giris_Sayfasi/Sifre"), Sifre): Keys '123456' sent to object: 'Object Repository/Sayfalar/Giris_Sayfasi/Sifre'

2021-11-11 09:38:15 - [MESSAGE][INFO] - Finding Test Object 'Object Repository/Sayfalar/Giris_Sayfasi/Sifre'

2021-11-11 09:38:15 - [MESSAGE][INFO] - Sending keys '123456' to object: 'Object Repository/Sayfalar/Giris_Sayfasi/Sifre'

2021-11-11 09:38:15 - [MESSAGE][INFO] - Finding web element from Test Object's properties

2021-11-11 09:38:15 - [MESSAGE][INFO] - Checking timeout

2021-11-11 09:38:15 - [MESSAGE][INFO] - Finding web element with id: 'Object Repository/Sayfalar/Giris_Sayfasi/Sifre' located by 'By.xpath: //*[@id = 'Password']' in '30' second(s)

2021-11-11 09:38:15 - [MESSAGE][INFO] - Smart Wait Function is triggered

2021-11-11 09:38:15 - [MESSAGE][INFO] - Found 1 web elements with id: 'Object Repository/Sayfalar/Giris_Sayfasi/Sifre' located by 'By.xpath: //*[@id = 'Password']' in '30' second(s)

2021-11-11 09:38:15 - [MESSAGE][PASSED] - Keys '123456' sent to object: 'Object Repository/Sayfalar/Giris_Sayfasi/Sifre'

2021-11-11 09:38:15 - [TEST_STEP][PASSED] - findWebElement(findTestObject("Sayfalar/Giris_Sayfasi/Giris_Butonu")).click(): Found 1 web elements with id: 'Object Repository/Sayfalar/Giris_Sayfasi/Giris_Butonu' located by 'By.cssSelector: #btnLogin' in '30' second(s)

2021-11-11 09:38:15 - [MESSAGE][INFO] - Finding Test Object 'Object Repository/Sayfalar/Giris_Sayfasi/Giris_Butonu'

2021-11-11 09:38:15 - [MESSAGE][INFO] - Finding web element from Test Object's properties

2021-11-11 09:38:15 - [MESSAGE][INFO] - Checking timeout

2021-11-11 09:38:15 - [MESSAGE][INFO] - Finding web element with id: 'Object Repository/Sayfalar/Giris_Sayfasi/Giris_Butonu' located by 'By.cssSelector: #btnLogin' in '30' second(s)

2021-11-11 09:38:15 - [MESSAGE][INFO] - Smart Wait Function is triggered

2021-11-11 09:38:15 - [MESSAGE][INFO] - Found 1 web elements with id: 'Object Repository/Sayfalar/Giris_Sayfasi/Giris_Butonu' located by 'By.cssSelector: #btnLogin' in '30' second(s)

2021-11-11 09:38:18 - [TEST_STEP][PASSED] - if (verifyElementPresent(findTestObject("Object Repository/Sayfalar/Giris_Sayfasi/RetveTamam_Butonu"), 5, OPTIONAL)): null

2021-11-11 09:38:18 - [MESSAGE][INFO] - Finding Test Object 'Object Repository/Sayfalar/Giris_Sayfasi/RetveTamam_Butonu'

2021-11-11 09:38:18 - [MESSAGE][INFO] - Checking object

2021-11-11 09:38:18 - [MESSAGE][INFO] - Finding web element from Test Object's properties

2021-11-11 09:38:18 - [MESSAGE][INFO] - Checking timeout

2021-11-11 09:38:18 - [MESSAGE][INFO] - Finding web element with id: 'Object Repository/Sayfalar/Giris_Sayfasi/RetveTamam_Butonu' located by 'By.xpath: //*[@class = 'btn btn-default']' in '5' second(s)

2021-11-11 09:38:18 - [MESSAGE][INFO] - Smart Wait Function is triggered

2021-11-11 09:38:18 - [MESSAGE][INFO] - Found 1 web elements with id: 'Object Repository/Sayfalar/Giris_Sayfasi/RetveTamam_Butonu' located by 'By.xpath: //*[@class = 'btn btn-default']' in '5' second(s)

2021-11-11 09:38:18 - [MESSAGE][PASSED] - Object 'Object Repository/Sayfalar/Giris_Sayfasi/RetveTamam_Butonu' is present

2021-11-11 09:38:18 - [TEST_STEP][PASSED] - click(findTestObject("Object Repository/Sayfalar/Giris_Sayfasi/RetveTamam_Butonu")): Object: 'Object Repository/Sayfalar/Giris_Sayfasi/RetveTamam_Butonu' is clicked on

2021-11-11 09:38:18 - [MESSAGE][INFO] - Finding Test Object 'Object Repository/Sayfalar/Giris_Sayfasi/RetveTamam_Butonu'

2021-11-11 09:38:18 - [MESSAGE][INFO] - Checking object

2021-11-11 09:38:18 - [MESSAGE][INFO] - Finding web element from Test Object's properties

2021-11-11 09:38:18 - [MESSAGE][INFO] - Checking timeout

2021-11-11 09:38:18 - [MESSAGE][INFO] - Finding web element with id: 'Object Repository/Sayfalar/Giris_Sayfasi/RetveTamam_Butonu' located by 'By.xpath: //*[@class = 'btn btn-default']' in '30' second(s)

2021-11-11 09:38:18 - [MESSAGE][INFO] - Smart Wait Function is triggered

2021-11-11 09:38:18 - [MESSAGE][INFO] - Found 1 web elements with id: 'Object Repository/Sayfalar/Giris_Sayfasi/RetveTamam_Butonu' located by 'By.xpath: //*[@class = 'btn btn-default']' in '30' second(s)

2021-11-11 09:38:18 - [MESSAGE][INFO] - Clicking on object: 'Object Repository/Sayfalar/Giris_Sayfasi/RetveTamam_Butonu'

2021-11-11 09:38:19 - [MESSAGE][PASSED] - Object: 'Object Repository/Sayfalar/Giris_Sayfasi/RetveTamam_Butonu' is clicked on

2021-11-11 09:38:19 - [TEST_STEP][PASSED] - click(findTestObject("Object Repository/Sayfalar/Giris_Sayfasi/RetveTamam_Butonu")): Object: 'Object Repository/Sayfalar/Giris_Sayfasi/RetveTamam_Butonu' is clicked on

2021-11-11 09:38:19 - [MESSAGE][INFO] - Finding Test Object 'Object Repository/Sayfalar/Giris_Sayfasi/RetveTamam_Butonu'

2021-11-11 09:38:19 - [MESSAGE][INFO] - Checking object

2021-11-11 09:38:19 - [MESSAGE][INFO] - Finding web element from Test Object's properties

2021-11-11 09:38:19 - [MESSAGE][INFO] - Checking timeout

2021-11-11 09:38:19 - [MESSAGE][INFO] - Finding web element with id: 'Object Repository/Sayfalar/Giris_Sayfasi/RetveTamam_Butonu' located by 'By.xpath: //*[@class = 'btn btn-default']' in '30' second(s)

2021-11-11 09:38:19 - [MESSAGE][INFO] - Smart Wait Function is triggered

2021-11-11 09:38:22 - [MESSAGE][INFO] - Found 1 web elements with id: 'Object Repository/Sayfalar/Giris_Sayfasi/RetveTamam_Butonu' located by 'By.xpath: //*[@class = 'btn btn-default']' in '30' second(s)

2021-11-11 09:38:22 - [MESSAGE][INFO] - Clicking on object: 'Object Repository/Sayfalar/Giris_Sayfasi/RetveTamam_Butonu'

2021-11-11 09:38:22 - [MESSAGE][PASSED] - Object: 'Object Repository/Sayfalar/Giris_Sayfasi/RetveTamam_Butonu' is clicked on

2021-11-11 09:38:22 - [TEST_STEP][PASSED] - if (verifyElementPresent(findTestObject("Sayfalar/Giris_Sayfasi/PopupOK"), 5, OPTIONAL)): null

2021-11-11 09:38:22 - [MESSAGE][INFO] - Finding Test Object 'Object Repository/Sayfalar/Giris_Sayfasi/PopupOK'

2021-11-11 09:38:22 - [MESSAGE][INFO] - Checking object

2021-11-11 09:38:22 - [MESSAGE][INFO] - Finding web element from Test Object's properties

2021-11-11 09:38:22 - [MESSAGE][INFO] - Checking timeout

2021-11-11 09:38:22 - [MESSAGE][INFO] - Finding web element with id: 'Object Repository/Sayfalar/Giris_Sayfasi/PopupOK' located by 'By.cssSelector: .btn.btn-success' in '5' second(s)

2021-11-11 09:38:22 - [MESSAGE][INFO] - Smart Wait Function is triggered

2021-11-11 09:38:22 - [MESSAGE][INFO] - Found 1 web elements with id: 'Object Repository/Sayfalar/Giris_Sayfasi/PopupOK' located by 'By.cssSelector: .btn.btn-success' in '5' second(s)

2021-11-11 09:38:22 - [MESSAGE][PASSED] - Object 'Object Repository/Sayfalar/Giris_Sayfasi/PopupOK' is present

2021-11-11 09:38:22 - [TEST_STEP][PASSED] - click(findTestObject("Object Repository/Sayfalar/Giris_Sayfasi/PopupCarpiGiris")): Object: 'Object Repository/Sayfalar/Giris_Sayfasi/PopupCarpiGiris' is clicked on

2021-11-11 09:38:22 - [MESSAGE][INFO] - Finding Test Object 'Object Repository/Sayfalar/Giris_Sayfasi/PopupCarpiGiris'

2021-11-11 09:38:22 - [MESSAGE][INFO] - Checking object

2021-11-11 09:38:22 - [MESSAGE][INFO] - Finding web element from Test Object's properties

2021-11-11 09:38:22 - [MESSAGE][INFO] - Checking timeout

2021-11-11 09:38:22 - [MESSAGE][INFO] - Finding web element with id: 'Object Repository/Sayfalar/Giris_Sayfasi/PopupCarpiGiris' located by 'By.cssSelector: .bootbox-close-button.close' in '30' second(s)

2021-11-11 09:38:22 - [MESSAGE][INFO] - Smart Wait Function is triggered

2021-11-11 09:38:23 - [MESSAGE][INFO] - Found 1 web elements with id: 'Object Repository/Sayfalar/Giris_Sayfasi/PopupCarpiGiris' located by 'By.cssSelector: .bootbox-close-button.close' in '30' second(s)

2021-11-11 09:38:23 - [MESSAGE][INFO] - Clicking on object: 'Object Repository/Sayfalar/Giris_Sayfasi/PopupCarpiGiris'

2021-11-11 09:38:23 - [MESSAGE][PASSED] - Object: 'Object Repository/Sayfalar/Giris_Sayfasi/PopupCarpiGiris' is clicked on

2021-11-11 09:38:23 - [TEST_STEP][PASSED] - verifyElementVisible(findTestObject("Object Repository/Kullanici_Islemleri/KullaniciIslemleri")): Object 'Object Repository/Kullanici_Islemleri/KullaniciIslemleri' is visible

2021-11-11 09:38:23 - [MESSAGE][INFO] - Finding Test Object 'Object Repository/Kullanici_Islemleri/KullaniciIslemleri'

2021-11-11 09:38:23 - [MESSAGE][INFO] - Checking object

2021-11-11 09:38:23 - [MESSAGE][INFO] - Finding web element from Test Object's properties

2021-11-11 09:38:23 - [MESSAGE][INFO] - Checking timeout

2021-11-11 09:38:23 - [MESSAGE][INFO] - Finding web element with id: 'Object Repository/Kullanici_Islemleri/KullaniciIslemleri' located by 'By.cssSelector: .dropdown>a>img' in '30' second(s)

2021-11-11 09:38:23 - [MESSAGE][INFO] - Smart Wait Function is triggered

2021-11-11 09:38:24 - [MESSAGE][INFO] - Found 1 web elements with id: 'Object Repository/Kullanici_Islemleri/KullaniciIslemleri' located by 'By.cssSelector: .dropdown>a>img' in '30' second(s)

2021-11-11 09:38:24 - [MESSAGE][PASSED] - Object 'Object Repository/Kullanici_Islemleri/KullaniciIslemleri' is visible

2021-11-11 09:38:24 - [MESSAGE][PASSED] - Call Test Case 'Test Cases/Sayfalar/Giris_Sayfasi/Login' successfully

2021-11-11 09:38:24 - [MESSAGE][INFO] - Checking called Test Case

2021-11-11 09:38:24 - [MESSAGE][INFO] - Starting to call Test Case 'Test Cases/Menu/AnaMenuSecimi'

2021-11-11 09:38:24 - [TEST_CASE][PASSED] - Test Cases/Menu/AnaMenuSecimi: Test Cases/Menu/AnaMenuSecimi

2021-11-11 09:38:24 - [TEST_STEP][PASSED] - Method.TextDegerineEsitElementeTikla(findTestObject("Menu/Ana_Menu"), Ana_Menu): Method.TextDegerineEsitElementeTikla is PASSED

2021-11-11 09:38:24 - [MESSAGE][INFO] - Finding Test Object 'Object Repository/Menu/Ana_Menu'

2021-11-11 09:38:24 - [MESSAGE][INFO] - Checking timeout

2021-11-11 09:38:24 - [MESSAGE][INFO] - Finding web element with id: 'Object Repository/Menu/Ana_Menu' located by 'By.xpath: //*[@class = 'dropdown-toggle']' in '10' second(s)

2021-11-11 09:38:24 - [MESSAGE][INFO] - Smart Wait Function is triggered

2021-11-11 09:38:24 - [MESSAGE][INFO] - Found 14 web elements with id: 'Object Repository/Menu/Ana_Menu' located by 'By.xpath: //*[@class = 'dropdown-toggle']' in '10' second(s)

2021-11-11 09:38:24 - [MESSAGE][PASSED] - Method.TextDegerineEsitElementeTikla is PASSED

2021-11-11 09:38:24 - [MESSAGE][PASSED] - Call Test Case 'Test Cases/Menu/AnaMenuSecimi' successfully

2021-11-11 09:38:24 - [MESSAGE][INFO] - Checking called Test Case

2021-11-11 09:38:24 - [MESSAGE][INFO] - Starting to call Test Case 'Test Cases/Menu/BasligaGoreAltMenuSecimi'

2021-11-11 09:38:24 - [TEST_CASE][PASSED] - Test Cases/Menu/BasligaGoreAltMenuSecimi: Test Cases/Menu/BasligaGoreAltMenuSecimi

2021-11-11 09:38:24 - [TEST_STEP][PASSED] - Method.TextDegerineEsitElementinAltindakiTextDegerineEsitOlanaTikla(findTestObject("Menu/Menu_Basligi"), findTestObject("Menu/Basliga_Gore_Alt_Menu"), Baslik, Alt_Menu): Method.TextDegerineEsitElementinAltindakiTextDegerineEsitOlanaTikla is PASSED

2021-11-11 09:38:24 - [MESSAGE][INFO] - Finding Test Object 'Object Repository/Menu/Menu_Basligi'

2021-11-11 09:38:24 - [MESSAGE][INFO] - Finding Test Object 'Object Repository/Menu/Basliga_Gore_Alt_Menu'

2021-11-11 09:38:25 - [MESSAGE][INFO] - Checking timeout

2021-11-11 09:38:25 - [MESSAGE][INFO] - Finding web element with id: 'Object Repository/Menu/Menu_Basligi' located by 'By.xpath: //li[@class='dropdown dropdown-large open']//li[@class='dropdown-header']' in '10' second(s)

2021-11-11 09:38:25 - [MESSAGE][INFO] - Smart Wait Function is triggered

2021-11-11 09:38:25 - [MESSAGE][INFO] - Found 3 web elements with id: 'Object Repository/Menu/Menu_Basligi' located by 'By.xpath: //li[@class='dropdown dropdown-large open']//li[@class='dropdown-header']' in '10' second(s)

2021-11-11 09:38:25 - [MESSAGE][INFO] - Smart Wait Function is triggered

2021-11-11 09:38:27 - [MESSAGE][PASSED] - Method.TextDegerineEsitElementinAltindakiTextDegerineEsitOlanaTikla is PASSED

2021-11-11 09:38:27 - [MESSAGE][PASSED] - Call Test Case 'Test Cases/Menu/BasligaGoreAltMenuSecimi' successfully

2021-11-11 09:38:27 - [MESSAGE][INFO] - Checking called Test Case

2021-11-11 09:38:27 - [MESSAGE][INFO] - Starting to call Test Case 'Test Cases/Filtreler/BaslangicYaz'

2021-11-11 09:38:27 - [TEST_CASE][PASSED] - Test Cases/Filtreler/BaslangicYaz: Test Cases/Filtreler/BaslangicYaz

2021-11-11 09:38:27 - [TEST_STEP][PASSED] - Method.TextDegerineEsitElementinAltindakineTikla(findTestObject("Filtreler/Basliklar"), findTestObject("Filtreler/Basliga_Gore_Baslangic_Image"), Filtre_Adi): Method.TextDegerineEsitElementinAltindakineTikla is PASSED

2021-11-11 09:38:27 - [MESSAGE][INFO] - Finding Test Object 'Object Repository/Filtreler/Basliklar'

2021-11-11 09:38:27 - [MESSAGE][INFO] - Finding Test Object 'Object Repository/Filtreler/Basliga_Gore_Baslangic_Image'

2021-11-11 09:38:27 - [MESSAGE][INFO] - Checking timeout

2021-11-11 09:38:27 - [MESSAGE][INFO] - Finding web element with id: 'Object Repository/Filtreler/Basliklar' located by 'By.cssSelector: .control-label.col-sm-4.paddingMarginRLC' in '10' second(s)

2021-11-11 09:38:27 - [MESSAGE][INFO] - Smart Wait Function is triggered

2021-11-11 09:38:28 - [MESSAGE][INFO] - Found 18 web elements with id: 'Object Repository/Filtreler/Basliklar' located by 'By.cssSelector: .control-label.col-sm-4.paddingMarginRLC' in '10' second(s)

2021-11-11 09:38:28 - [MESSAGE][INFO] - Smart Wait Function is triggered

2021-11-11 09:38:28 - [MESSAGE][PASSED] - Method.TextDegerineEsitElementinAltindakineTikla is PASSED

2021-11-11 09:38:28 - [TEST_STEP][PASSED] - Method.TextDegerineEsitElementinAltindakiTextboxtaYaz(findTestObject("Filtreler/Basliklar"), findTestObject("Filtreler/Basliga_Gore_Baslangic"), Filtre_Adi, Filtre_Degeri): Method.TextDegerineEsitElementinAltindakiTextboxtaYaz is PASSED

2021-11-11 09:38:28 - [MESSAGE][INFO] - Finding Test Object 'Object Repository/Filtreler/Basliklar'

2021-11-11 09:38:28 - [MESSAGE][INFO] - Finding Test Object 'Object Repository/Filtreler/Basliga_Gore_Baslangic'

2021-11-11 09:38:28 - [MESSAGE][INFO] - Checking timeout

2021-11-11 09:38:28 - [MESSAGE][INFO] - Finding web element with id: 'Object Repository/Filtreler/Basliklar' located by 'By.cssSelector: .control-label.col-sm-4.paddingMarginRLC' in '10' second(s)

2021-11-11 09:38:28 - [MESSAGE][INFO] - Smart Wait Function is triggered

2021-11-11 09:38:29 - [MESSAGE][INFO] - Found 18 web elements with id: 'Object Repository/Filtreler/Basliklar' located by 'By.cssSelector: .control-label.col-sm-4.paddingMarginRLC' in '10' second(s)

2021-11-11 09:38:29 - [MESSAGE][INFO] - Smart Wait Function is triggered

2021-11-11 09:38:29 - [MESSAGE][PASSED] - Method.TextDegerineEsitElementinAltindakiTextboxtaYaz is PASSED

2021-11-11 09:38:29 - [MESSAGE][PASSED] - Call Test Case 'Test Cases/Filtreler/BaslangicYaz' successfully

2021-11-11 09:38:29 - [MESSAGE][INFO] - Checking called Test Case

2021-11-11 09:38:29 - [MESSAGE][INFO] - Starting to call Test Case 'Test Cases/Filtreler/BitisYaz'

2021-11-11 09:38:29 - [TEST_CASE][PASSED] - Test Cases/Filtreler/BitisYaz: Test Cases/Filtreler/BitisYaz

2021-11-11 09:38:29 - [TEST_STEP][PASSED] - Method.TextDegerineEsitElementinAltindakineTikla(findTestObject("Filtreler/Basliklar"), findTestObject("Filtreler/Basliga_Gore_Bitis_Image"), Filtre_Adi): Method.TextDegerineEsitElementinAltindakineTikla is PASSED

2021-11-11 09:38:29 - [MESSAGE][INFO] - Finding Test Object 'Object Repository/Filtreler/Basliklar'

2021-11-11 09:38:29 - [MESSAGE][INFO] - Finding Test Object 'Object Repository/Filtreler/Basliga_Gore_Bitis_Image'

2021-11-11 09:38:29 - [MESSAGE][INFO] - Checking timeout

2021-11-11 09:38:29 - [MESSAGE][INFO] - Finding web element with id: 'Object Repository/Filtreler/Basliklar' located by 'By.cssSelector: .control-label.col-sm-4.paddingMarginRLC' in '10' second(s)

2021-11-11 09:38:29 - [MESSAGE][INFO] - Smart Wait Function is triggered

2021-11-11 09:38:30 - [MESSAGE][INFO] - Found 18 web elements with id: 'Object Repository/Filtreler/Basliklar' located by 'By.cssSelector: .control-label.col-sm-4.paddingMarginRLC' in '10' second(s)

2021-11-11 09:38:30 - [MESSAGE][INFO] - Smart Wait Function is triggered

2021-11-11 09:38:30 - [MESSAGE][PASSED] - Method.TextDegerineEsitElementinAltindakineTikla is PASSED

2021-11-11 09:38:30 - [TEST_STEP][PASSED] - Method.TextDegerineEsitElementinAltindakiTextboxtaYaz(findTestObject("Filtreler/Basliklar"), findTestObject("Object Repository/Filtreler/Basliga_Gore_Bitis"), Filtre_Adi, Filtre_Degeri): Method.TextDegerineEsitElementinAltindakiTextboxtaYaz is PASSED

2021-11-11 09:38:30 - [MESSAGE][INFO] - Finding Test Object 'Object Repository/Filtreler/Basliklar'

2021-11-11 09:38:30 - [MESSAGE][INFO] - Finding Test Object 'Object Repository/Filtreler/Basliga_Gore_Bitis'

2021-11-11 09:38:30 - [MESSAGE][INFO] - Checking timeout

2021-11-11 09:38:30 - [MESSAGE][INFO] - Finding web element with id: 'Object Repository/Filtreler/Basliklar' located by 'By.cssSelector: .control-label.col-sm-4.paddingMarginRLC' in '10' second(s)

2021-11-11 09:38:30 - [MESSAGE][INFO] - Smart Wait Function is triggered

2021-11-11 09:38:30 - [MESSAGE][INFO] - Found 18 web elements with id: 'Object Repository/Filtreler/Basliklar' located by 'By.cssSelector: .control-label.col-sm-4.paddingMarginRLC' in '10' second(s)

2021-11-11 09:38:31 - [MESSAGE][INFO] - Smart Wait Function is triggered

2021-11-11 09:38:31 - [MESSAGE][PASSED] - Method.TextDegerineEsitElementinAltindakiTextboxtaYaz is PASSED

2021-11-11 09:38:31 - [MESSAGE][PASSED] - Call Test Case 'Test Cases/Filtreler/BitisYaz' successfully

2021-11-11 09:38:31 - [MESSAGE][INFO] - Checking called Test Case

2021-11-11 09:38:31 - [MESSAGE][INFO] - Starting to call Test Case 'Test Cases/Filtreler/ButonaTikla'

2021-11-11 09:38:31 - [TEST_CASE][PASSED] - Test Cases/Filtreler/ButonaTikla: Test Cases/Filtreler/ButonaTikla

2021-11-11 09:38:31 - [TEST_STEP][PASSED] - Method.TextDegerineEsitElementeTikla(findTestObject("Filtreler/Butonlar"), Filtre_Buton): Method.TextDegerineEsitElementeTikla is PASSED

2021-11-11 09:38:31 - [MESSAGE][INFO] - Finding Test Object 'Object Repository/Filtreler/Butonlar'

2021-11-11 09:38:31 - [MESSAGE][INFO] - Checking timeout

2021-11-11 09:38:31 - [MESSAGE][INFO] - Finding web element with id: 'Object Repository/Filtreler/Butonlar' located by 'By.cssSelector: .dxb>span' in '10' second(s)

2021-11-11 09:38:31 - [MESSAGE][INFO] - Smart Wait Function is triggered

2021-11-11 09:38:31 - [MESSAGE][INFO] - Found 3 web elements with id: 'Object Repository/Filtreler/Butonlar' located by 'By.cssSelector: .dxb>span' in '10' second(s)

2021-11-11 09:38:31 - [MESSAGE][PASSED] - Method.TextDegerineEsitElementeTikla is PASSED

2021-11-11 09:38:31 - [MESSAGE][PASSED] - Call Test Case 'Test Cases/Filtreler/ButonaTikla' successfully

2021-11-11 09:38:32 - [MESSAGE][INFO] - Checking called Test Case

2021-11-11 09:38:32 - [MESSAGE][INFO] - Starting to call Test Case 'Test Cases/Tablo/TablodaVeriVarMi'

2021-11-11 09:38:32 - [TEST_CASE][PASSED] - Test Cases/Tablo/TablodaVeriVarMi: Test Cases/Tablo/TablodaVeriVarMi

2021-11-11 09:38:32 - [TEST_STEP][PASSED] - verifyTextNotPresent("Görüntülenecek veri yok", true): Text 'Görüntülenecek veri yok' is not present on page using regular expression

2021-11-11 09:38:32 - [MESSAGE][INFO] - Checking text present  using regular expression

2021-11-11 09:38:32 - [MESSAGE][INFO] - Smart Wait Function is triggered

2021-11-11 09:38:32 - [MESSAGE][INFO] - Finding text 'Görüntülenecek veri yok' on page  using regular expression

2021-11-11 09:38:32 - [MESSAGE][PASSED] - Text 'Görüntülenecek veri yok' is not present on page using regular expression

2021-11-11 09:38:32 - [MESSAGE][PASSED] - Call Test Case 'Test Cases/Tablo/TablodaVeriVarMi' successfully

2021-11-11 09:38:32 - [MESSAGE][INFO] - Checking called Test Case

2021-11-11 09:38:32 - [MESSAGE][INFO] - Starting to call Test Case 'Test Cases/Tablo/TablodanVeriSec'

2021-11-11 09:38:33 - [TEST_CASE][PASSED] - Test Cases/Tablo/TablodanVeriSec: Test Cases/Tablo/TablodanVeriSec

2021-11-11 09:38:33 - [TEST_STEP][PASSED] - Method.TextDegerineEsitElementinAltindakineTikla(findTestObject("Tablo/Veriler"), findTestObject("Tablo/VerininCheckBoxi"), Veri_Adi): Method.TextDegerineEsitElementinAltindakineTikla is PASSED

2021-11-11 09:38:33 - [MESSAGE][INFO] - Finding Test Object 'Object Repository/Tablo/Veriler'

2021-11-11 09:38:33 - [MESSAGE][INFO] - Finding Test Object 'Object Repository/Tablo/VerininCheckBoxi'

2021-11-11 09:38:33 - [MESSAGE][INFO] - Checking timeout

2021-11-11 09:38:33 - [MESSAGE][INFO] - Finding web element with id: 'Object Repository/Tablo/Veriler' located by 'By.cssSelector: td.dxgv b ,td.dxgv' in '10' second(s)

2021-11-11 09:38:33 - [MESSAGE][INFO] - Smart Wait Function is triggered

2021-11-11 09:38:33 - [MESSAGE][INFO] - Found 84 web elements with id: 'Object Repository/Tablo/Veriler' located by 'By.cssSelector: td.dxgv b ,td.dxgv' in '10' second(s)

2021-11-11 09:38:33 - [MESSAGE][INFO] - Smart Wait Function is triggered

2021-11-11 09:38:34 - [MESSAGE][PASSED] - Method.TextDegerineEsitElementinAltindakineTikla is PASSED

2021-11-11 09:38:34 - [MESSAGE][PASSED] - Call Test Case 'Test Cases/Tablo/TablodanVeriSec' successfully

2021-11-11 09:38:34 - [MESSAGE][INFO] - Checking called Test Case

2021-11-11 09:38:34 - [MESSAGE][INFO] - Starting to call Test Case 'Test Cases/Butonlar/ButonaTikla'

2021-11-11 09:38:34 - [TEST_CASE][PASSED] - Test Cases/Butonlar/ButonaTikla: Test Cases/Butonlar/ButonaTikla

2021-11-11 09:38:34 - [TEST_STEP][PASSED] - Method.TextDegerineEsitElementeTiklaEquals(findTestObject("Butonlar/Butonlar"), Buton_Adi): Method.TextDegerineEsitElementeTiklaEquals is PASSED

2021-11-11 09:38:34 - [MESSAGE][INFO] - Finding Test Object 'Object Repository/Butonlar/Butonlar'

2021-11-11 09:38:34 - [MESSAGE][INFO] - Checking timeout

2021-11-11 09:38:34 - [MESSAGE][INFO] - Finding web element with id: 'Object Repository/Butonlar/Butonlar' located by 'By.cssSelector: .panel.panel-default.text-center.footerPanel .btn,.btn.btn-primary.btnControls' in '10' second(s)

2021-11-11 09:38:34 - [MESSAGE][INFO] - Smart Wait Function is triggered

2021-11-11 09:38:34 - [MESSAGE][INFO] - Found 12 web elements with id: 'Object Repository/Butonlar/Butonlar' located by 'By.cssSelector: .panel.panel-default.text-center.footerPanel .btn,.btn.btn-primary.btnControls' in '10' second(s)

2021-11-11 09:38:34 - [MESSAGE][PASSED] - Method.TextDegerineEsitElementeTiklaEquals is PASSED

2021-11-11 09:38:34 - [MESSAGE][PASSED] - Call Test Case 'Test Cases/Butonlar/ButonaTikla' successfully

2021-11-11 09:38:34 - [MESSAGE][INFO] - Checking called Test Case

2021-11-11 09:38:34 - [MESSAGE][INFO] - Starting to call Test Case 'Test Cases/Butonlar/AltButonaTikla'

2021-11-11 09:38:34 - [TEST_CASE][PASSED] - Test Cases/Butonlar/AltButonaTikla: Test Cases/Butonlar/AltButonaTikla

2021-11-11 09:38:34 - [TEST_STEP][PASSED] - Method.TextDegerineEsitElementeTikla(findTestObject("Butonlar/AltButonlar"), Alt_Buton): Method.TextDegerineEsitElementeTikla is PASSED

2021-11-11 09:38:34 - [MESSAGE][INFO] - Finding Test Object 'Object Repository/Butonlar/AltButonlar'

2021-11-11 09:38:34 - [MESSAGE][INFO] - Checking timeout

2021-11-11 09:38:34 - [MESSAGE][INFO] - Finding web element with id: 'Object Repository/Butonlar/AltButonlar' located by 'By.cssSelector: .btn-group.open li>a' in '10' second(s)

2021-11-11 09:38:34 - [MESSAGE][INFO] - Smart Wait Function is triggered

2021-11-11 09:38:35 - [MESSAGE][INFO] - Found 2 web elements with id: 'Object Repository/Butonlar/AltButonlar' located by 'By.cssSelector: .btn-group.open li>a' in '10' second(s)

2021-11-11 09:38:35 - [MESSAGE][PASSED] - Method.TextDegerineEsitElementeTikla is PASSED

2021-11-11 09:38:35 - [MESSAGE][PASSED] - Call Test Case 'Test Cases/Butonlar/AltButonaTikla' successfully

2021-11-11 09:38:35 - [MESSAGE][INFO] - Checking called Test Case

2021-11-11 09:38:35 - [MESSAGE][INFO] - Starting to call Test Case 'Test Cases/Popup/PopupMesajiIceriyorMu'

2021-11-11 09:38:35 - [TEST_CASE][PASSED] - Test Cases/Popup/PopupMesajiIceriyorMu: Test Cases/Popup/PopupMesajiIceriyorMu

2021-11-11 09:38:35 - [TEST_STEP][PASSED] - waitForElementVisible(findTestObject("Popup/Popup"), 10): Object 'Object Repository/Popup/Popup' is visible

2021-11-11 09:38:35 - [MESSAGE][INFO] - Finding Test Object 'Object Repository/Popup/Popup'

2021-11-11 09:38:35 - [MESSAGE][INFO] - Checking object

2021-11-11 09:38:35 - [MESSAGE][INFO] - Checking timeout

2021-11-11 09:38:35 - [MESSAGE][INFO] - Finding web element from Test Object's properties

2021-11-11 09:38:35 - [MESSAGE][INFO] - Checking timeout

2021-11-11 09:38:35 - [MESSAGE][INFO] - Finding web element with id: 'Object Repository/Popup/Popup' located by 'By.cssSelector: .bootbox-body' in '10' second(s)

2021-11-11 09:38:35 - [MESSAGE][INFO] - Smart Wait Function is triggered

2021-11-11 09:38:36 - [MESSAGE][INFO] - Found 1 web elements with id: 'Object Repository/Popup/Popup' located by 'By.cssSelector: .bootbox-body' in '10' second(s)

2021-11-11 09:38:36 - [MESSAGE][PASSED] - Object 'Object Repository/Popup/Popup' is visible

2021-11-11 09:38:36 - [TEST_STEP][PASSED] - if (!(getText(findTestObject("Popup/Popup")).contains(Mesaj))): Text of object 'Object Repository/Popup/Popup' is: 'Lütfen rapor bildiriminin gönderileceği e-posta adresini belirtiniz.
e-Posta Adresi'

2021-11-11 09:38:36 - [MESSAGE][INFO] - Finding Test Object 'Object Repository/Popup/Popup'

2021-11-11 09:38:36 - [MESSAGE][INFO] - Checking object

2021-11-11 09:38:36 - [MESSAGE][INFO] - Finding web element from Test Object's properties

2021-11-11 09:38:36 - [MESSAGE][INFO] - Checking timeout

2021-11-11 09:38:36 - [MESSAGE][INFO] - Finding web element with id: 'Object Repository/Popup/Popup' located by 'By.cssSelector: .bootbox-body' in '30' second(s)

2021-11-11 09:38:36 - [MESSAGE][INFO] - Smart Wait Function is triggered

2021-11-11 09:38:36 - [MESSAGE][INFO] - Found 1 web elements with id: 'Object Repository/Popup/Popup' located by 'By.cssSelector: .bootbox-body' in '30' second(s)

2021-11-11 09:38:36 - [MESSAGE][INFO] - Getting text of object 'Object Repository/Popup/Popup'

2021-11-11 09:38:36 - [MESSAGE][PASSED] - Text of object 'Object Repository/Popup/Popup' is: 'Lütfen rapor bildiriminin gönderileceği e-posta adresini belirtiniz.
e-Posta Adresi'

2021-11-11 09:38:36 - [TEST_STEP][PASSED] - RaporNo = getText(findTestObject("Popup/Popup")).substring(0, 6): Text of object 'Object Repository/Popup/Popup' is: 'Lütfen rapor bildiriminin gönderileceği e-posta adresini belirtiniz.
e-Posta Adresi'

2021-11-11 09:38:36 - [MESSAGE][INFO] - Finding Test Object 'Object Repository/Popup/Popup'

2021-11-11 09:38:36 - [MESSAGE][INFO] - Checking object

2021-11-11 09:38:36 - [MESSAGE][INFO] - Finding web element from Test Object's properties

2021-11-11 09:38:36 - [MESSAGE][INFO] - Checking timeout

2021-11-11 09:38:36 - [MESSAGE][INFO] - Finding web element with id: 'Object Repository/Popup/Popup' located by 'By.cssSelector: .bootbox-body' in '30' second(s)

2021-11-11 09:38:36 - [MESSAGE][INFO] - Smart Wait Function is triggered

2021-11-11 09:38:37 - [MESSAGE][INFO] - Found 1 web elements with id: 'Object Repository/Popup/Popup' located by 'By.cssSelector: .bootbox-body' in '30' second(s)

2021-11-11 09:38:37 - [MESSAGE][INFO] - Getting text of object 'Object Repository/Popup/Popup'

2021-11-11 09:38:37 - [MESSAGE][PASSED] - Text of object 'Object Repository/Popup/Popup' is: 'Lütfen rapor bildiriminin gönderileceği e-posta adresini belirtiniz.
e-Posta Adresi'

2021-11-11 09:38:37 - [TEST_STEP][PASSED] - Console.println(RaporNo): null

2021-11-11 09:38:37 - [MESSAGE][PASSED] - Call Test Case 'Test Cases/Popup/PopupMesajiIceriyorMu' successfully

2021-11-11 09:38:37 - [MESSAGE][INFO] - Checking called Test Case

2021-11-11 09:38:37 - [MESSAGE][INFO] - Starting to call Test Case 'Test Cases/Popup/PopupaEmailEklenir'

2021-11-11 09:38:37 - [TEST_CASE][PASSED] - Test Cases/Popup/PopupaEmailEklenir: Test Cases/Popup/PopupaEmailEklenir

2021-11-11 09:38:37 - [TEST_STEP][PASSED] - clearText(findTestObject("Popup/EmailText")): Text of object 'Object Repository/Popup/EmailText' is cleared

2021-11-11 09:38:37 - [MESSAGE][INFO] - Finding Test Object 'Object Repository/Popup/EmailText'

2021-11-11 09:38:37 - [MESSAGE][INFO] - Checking object

2021-11-11 09:38:37 - [MESSAGE][INFO] - Finding web element from Test Object's properties

2021-11-11 09:38:37 - [MESSAGE][INFO] - Checking timeout

2021-11-11 09:38:37 - [MESSAGE][INFO] - Finding web element with id: 'Object Repository/Popup/EmailText' located by 'By.xpath: //*[@id="eMails"]' in '30' second(s)

2021-11-11 09:38:37 - [MESSAGE][INFO] - Smart Wait Function is triggered

2021-11-11 09:38:37 - [MESSAGE][INFO] - Found 1 web elements with id: 'Object Repository/Popup/EmailText' located by 'By.xpath: //*[@id="eMails"]' in '30' second(s)

2021-11-11 09:38:37 - [MESSAGE][INFO] - Clearing text of object 'Object Repository/Popup/EmailText'

2021-11-11 09:38:37 - [MESSAGE][PASSED] - Text of object 'Object Repository/Popup/EmailText' is cleared

2021-11-11 09:38:37 - [TEST_STEP][PASSED] - sendKeys(findTestObject("Popup/EmailText"), Email): Keys 'elogotest@gmail.com;ali.kara@logo.com.tr' sent to object: 'Object Repository/Popup/EmailText'

2021-11-11 09:38:37 - [MESSAGE][INFO] - Finding Test Object 'Object Repository/Popup/EmailText'

2021-11-11 09:38:37 - [MESSAGE][INFO] - Sending keys 'elogotest@gmail.com;ali.kara@logo.com.tr' to object: 'Object Repository/Popup/EmailText'

2021-11-11 09:38:37 - [MESSAGE][INFO] - Finding web element from Test Object's properties

2021-11-11 09:38:37 - [MESSAGE][INFO] - Checking timeout

2021-11-11 09:38:37 - [MESSAGE][INFO] - Finding web element with id: 'Object Repository/Popup/EmailText' located by 'By.xpath: //*[@id="eMails"]' in '30' second(s)

2021-11-11 09:38:37 - [MESSAGE][INFO] - Smart Wait Function is triggered

2021-11-11 09:38:37 - [MESSAGE][INFO] - Found 1 web elements with id: 'Object Repository/Popup/EmailText' located by 'By.xpath: //*[@id="eMails"]' in '30' second(s)

2021-11-11 09:38:38 - [MESSAGE][PASSED] - Keys 'elogotest@gmail.com;ali.kara@logo.com.tr' sent to object: 'Object Repository/Popup/EmailText'

2021-11-11 09:38:38 - [MESSAGE][PASSED] - Call Test Case 'Test Cases/Popup/PopupaEmailEklenir' successfully

2021-11-11 09:38:38 - [MESSAGE][INFO] - Checking called Test Case

2021-11-11 09:38:38 - [MESSAGE][INFO] - Starting to call Test Case 'Test Cases/Popup/PopupButonSecilir'

2021-11-11 09:38:38 - [TEST_CASE][PASSED] - Test Cases/Popup/PopupButonSecilir: Test Cases/Popup/PopupButonSecilir

2021-11-11 09:38:38 - [TEST_STEP][PASSED] - Method.TextDegerineEsitElementeTikla(findTestObject("Popup/Popup_Butons"), Buton): Method.TextDegerineEsitElementeTikla is PASSED

2021-11-11 09:38:38 - [MESSAGE][INFO] - Finding Test Object 'Object Repository/Popup/Popup_Butons'

2021-11-11 09:38:38 - [MESSAGE][INFO] - Checking timeout

2021-11-11 09:38:38 - [MESSAGE][INFO] - Finding web element with id: 'Object Repository/Popup/Popup_Butons' located by 'By.cssSelector: .modal-footer>button' in '10' second(s)

2021-11-11 09:38:38 - [MESSAGE][INFO] - Smart Wait Function is triggered

2021-11-11 09:38:38 - [MESSAGE][INFO] - Found 2 web elements with id: 'Object Repository/Popup/Popup_Butons' located by 'By.cssSelector: .modal-footer>button' in '10' second(s)

2021-11-11 09:38:38 - [MESSAGE][PASSED] - Method.TextDegerineEsitElementeTikla is PASSED

2021-11-11 09:38:38 - [MESSAGE][PASSED] - Call Test Case 'Test Cases/Popup/PopupButonSecilir' successfully

2021-11-11 09:38:38 - [MESSAGE][INFO] - Checking called Test Case

2021-11-11 09:38:38 - [MESSAGE][INFO] - Starting to call Test Case 'Test Cases/Popup/PopupMesajiIceriyorMu'

2021-11-11 09:38:38 - [TEST_CASE][PASSED] - Test Cases/Popup/PopupMesajiIceriyorMu: Test Cases/Popup/PopupMesajiIceriyorMu

2021-11-11 09:38:38 - [TEST_STEP][PASSED] - waitForElementVisible(findTestObject("Popup/Popup"), 10): Object 'Object Repository/Popup/Popup' is visible

2021-11-11 09:38:38 - [MESSAGE][INFO] - Finding Test Object 'Object Repository/Popup/Popup'

2021-11-11 09:38:38 - [MESSAGE][INFO] - Checking object

2021-11-11 09:38:38 - [MESSAGE][INFO] - Checking timeout

2021-11-11 09:38:38 - [MESSAGE][INFO] - Finding web element from Test Object's properties

2021-11-11 09:38:38 - [MESSAGE][INFO] - Checking timeout

2021-11-11 09:38:38 - [MESSAGE][INFO] - Finding web element with id: 'Object Repository/Popup/Popup' located by 'By.cssSelector: .bootbox-body' in '10' second(s)

2021-11-11 09:38:38 - [MESSAGE][INFO] - Smart Wait Function is triggered

2021-11-11 09:38:40 - [MESSAGE][INFO] - Found 1 web elements with id: 'Object Repository/Popup/Popup' located by 'By.cssSelector: .bootbox-body' in '10' second(s)

2021-11-11 09:38:40 - [MESSAGE][PASSED] - Object 'Object Repository/Popup/Popup' is visible

2021-11-11 09:38:40 - [TEST_STEP][PASSED] - if (!(getText(findTestObject("Popup/Popup")).contains(Mesaj))): Text of object 'Object Repository/Popup/Popup' is: '16257 no’lu talebiniz işleme alınmıştır. Raporunuz hazırlandığında (elogotest@gmail.com;ali.kara@logo.com.tr) adresinize mail gönderilecektir.
Rapor durumunuzu Raporlar > Toplu Veri İndirme ekranından takip edebilir, hazırlandı durumundaki raporlarınızı ilgili menüden indirebilirsiniz.'

2021-11-11 09:38:40 - [MESSAGE][INFO] - Finding Test Object 'Object Repository/Popup/Popup'

2021-11-11 09:38:40 - [MESSAGE][INFO] - Checking object

2021-11-11 09:38:40 - [MESSAGE][INFO] - Finding web element from Test Object's properties

2021-11-11 09:38:40 - [MESSAGE][INFO] - Checking timeout

2021-11-11 09:38:40 - [MESSAGE][INFO] - Finding web element with id: 'Object Repository/Popup/Popup' located by 'By.cssSelector: .bootbox-body' in '30' second(s)

2021-11-11 09:38:40 - [MESSAGE][INFO] - Smart Wait Function is triggered

2021-11-11 09:38:40 - [MESSAGE][INFO] - Found 1 web elements with id: 'Object Repository/Popup/Popup' located by 'By.cssSelector: .bootbox-body' in '30' second(s)

2021-11-11 09:38:40 - [MESSAGE][INFO] - Getting text of object 'Object Repository/Popup/Popup'

2021-11-11 09:38:40 - [MESSAGE][PASSED] - Text of object 'Object Repository/Popup/Popup' is: '16257 no’lu talebiniz işleme alınmıştır. Raporunuz hazırlandığında (elogotest@gmail.com;ali.kara@logo.com.tr) adresinize mail gönderilecektir.
Rapor durumunuzu Raporlar > Toplu Veri İndirme ekranından takip edebilir, hazırlandı durumundaki raporlarınızı ilgili menüden indirebilirsiniz.'

2021-11-11 09:38:40 - [TEST_STEP][PASSED] - RaporNo = getText(findTestObject("Popup/Popup")).substring(0, 6): Text of object 'Object Repository/Popup/Popup' is: '16257 no’lu talebiniz işleme alınmıştır. Raporunuz hazırlandığında (elogotest@gmail.com;ali.kara@logo.com.tr) adresinize mail gönderilecektir.
Rapor durumunuzu Raporlar > Toplu Veri İndirme ekranından takip edebilir, hazırlandı durumundaki raporlarınızı ilgili menüden indirebilirsiniz.'

2021-11-11 09:38:40 - [MESSAGE][INFO] - Finding Test Object 'Object Repository/Popup/Popup'

2021-11-11 09:38:40 - [MESSAGE][INFO] - Checking object

2021-11-11 09:38:40 - [MESSAGE][INFO] - Finding web element from Test Object's properties

2021-11-11 09:38:40 - [MESSAGE][INFO] - Checking timeout

2021-11-11 09:38:40 - [MESSAGE][INFO] - Finding web element with id: 'Object Repository/Popup/Popup' located by 'By.cssSelector: .bootbox-body' in '30' second(s)

2021-11-11 09:38:40 - [MESSAGE][INFO] - Smart Wait Function is triggered

2021-11-11 09:38:40 - [MESSAGE][INFO] - Found 1 web elements with id: 'Object Repository/Popup/Popup' located by 'By.cssSelector: .bootbox-body' in '30' second(s)

2021-11-11 09:38:40 - [MESSAGE][INFO] - Getting text of object 'Object Repository/Popup/Popup'

2021-11-11 09:38:40 - [MESSAGE][PASSED] - Text of object 'Object Repository/Popup/Popup' is: '16257 no’lu talebiniz işleme alınmıştır. Raporunuz hazırlandığında (elogotest@gmail.com;ali.kara@logo.com.tr) adresinize mail gönderilecektir.
Rapor durumunuzu Raporlar > Toplu Veri İndirme ekranından takip edebilir, hazırlandı durumundaki raporlarınızı ilgili menüden indirebilirsiniz.'

2021-11-11 09:38:40 - [TEST_STEP][PASSED] - Console.println(RaporNo): null

2021-11-11 09:38:40 - [MESSAGE][PASSED] - Call Test Case 'Test Cases/Popup/PopupMesajiIceriyorMu' successfully

2021-11-11 09:38:40 - [MESSAGE][INFO] - Checking called Test Case

2021-11-11 09:38:40 - [MESSAGE][INFO] - Starting to call Test Case 'Test Cases/Popup/PopupButonSecilir'

2021-11-11 09:38:41 - [TEST_CASE][PASSED] - Test Cases/Popup/PopupButonSecilir: Test Cases/Popup/PopupButonSecilir

2021-11-11 09:38:41 - [TEST_STEP][PASSED] - Method.TextDegerineEsitElementeTikla(findTestObject("Popup/Popup_Butons"), Buton): Method.TextDegerineEsitElementeTikla is PASSED

2021-11-11 09:38:41 - [MESSAGE][INFO] - Finding Test Object 'Object Repository/Popup/Popup_Butons'

2021-11-11 09:38:41 - [MESSAGE][INFO] - Checking timeout

2021-11-11 09:38:41 - [MESSAGE][INFO] - Finding web element with id: 'Object Repository/Popup/Popup_Butons' located by 'By.cssSelector: .modal-footer>button' in '10' second(s)

2021-11-11 09:38:41 - [MESSAGE][INFO] - Smart Wait Function is triggered

2021-11-11 09:38:41 - [MESSAGE][INFO] - Found 1 web elements with id: 'Object Repository/Popup/Popup_Butons' located by 'By.cssSelector: .modal-footer>button' in '10' second(s)

2021-11-11 09:38:41 - [MESSAGE][PASSED] - Method.TextDegerineEsitElementeTikla is PASSED

2021-11-11 09:38:41 - [MESSAGE][PASSED] - Call Test Case 'Test Cases/Popup/PopupButonSecilir' successfully

2021-11-11 09:38:41 - [MESSAGE][INFO] - Checking called Test Case

2021-11-11 09:38:41 - [MESSAGE][INFO] - Starting to call Test Case 'Test Cases/Butonlar/ButonaTikla'

2021-11-11 09:38:41 - [TEST_CASE][PASSED] - Test Cases/Butonlar/ButonaTikla: Test Cases/Butonlar/ButonaTikla

2021-11-11 09:38:41 - [TEST_STEP][PASSED] - Method.TextDegerineEsitElementeTiklaEquals(findTestObject("Butonlar/Butonlar"), Buton_Adi): Method.TextDegerineEsitElementeTiklaEquals is PASSED

2021-11-11 09:38:41 - [MESSAGE][INFO] - Finding Test Object 'Object Repository/Butonlar/Butonlar'

2021-11-11 09:38:41 - [MESSAGE][INFO] - Checking timeout

2021-11-11 09:38:41 - [MESSAGE][INFO] - Finding web element with id: 'Object Repository/Butonlar/Butonlar' located by 'By.cssSelector: .panel.panel-default.text-center.footerPanel .btn,.btn.btn-primary.btnControls' in '10' second(s)

2021-11-11 09:38:41 - [MESSAGE][INFO] - Smart Wait Function is triggered

2021-11-11 09:38:42 - [MESSAGE][INFO] - Found 12 web elements with id: 'Object Repository/Butonlar/Butonlar' located by 'By.cssSelector: .panel.panel-default.text-center.footerPanel .btn,.btn.btn-primary.btnControls' in '10' second(s)

2021-11-11 09:38:42 - [MESSAGE][PASSED] - Method.TextDegerineEsitElementeTiklaEquals is PASSED

2021-11-11 09:38:42 - [MESSAGE][PASSED] - Call Test Case 'Test Cases/Butonlar/ButonaTikla' successfully

2021-11-11 09:38:42 - [MESSAGE][INFO] - Checking called Test Case

2021-11-11 09:38:42 - [MESSAGE][INFO] - Starting to call Test Case 'Test Cases/Butonlar/AltButonaTikla'

2021-11-11 09:38:42 - [TEST_CASE][PASSED] - Test Cases/Butonlar/AltButonaTikla: Test Cases/Butonlar/AltButonaTikla

2021-11-11 09:38:42 - [TEST_STEP][PASSED] - Method.TextDegerineEsitElementeTikla(findTestObject("Butonlar/AltButonlar"), Alt_Buton): Method.TextDegerineEsitElementeTikla is PASSED

2021-11-11 09:38:42 - [MESSAGE][INFO] - Finding Test Object 'Object Repository/Butonlar/AltButonlar'

2021-11-11 09:38:42 - [MESSAGE][INFO] - Checking timeout

2021-11-11 09:38:42 - [MESSAGE][INFO] - Finding web element with id: 'Object Repository/Butonlar/AltButonlar' located by 'By.cssSelector: .btn-group.open li>a' in '10' second(s)

2021-11-11 09:38:42 - [MESSAGE][INFO] - Smart Wait Function is triggered

2021-11-11 09:38:42 - [MESSAGE][INFO] - Found 2 web elements with id: 'Object Repository/Butonlar/AltButonlar' located by 'By.cssSelector: .btn-group.open li>a' in '10' second(s)

2021-11-11 09:38:42 - [MESSAGE][PASSED] - Method.TextDegerineEsitElementeTikla is PASSED

2021-11-11 09:38:42 - [MESSAGE][PASSED] - Call Test Case 'Test Cases/Butonlar/AltButonaTikla' successfully

2021-11-11 09:38:42 - [MESSAGE][INFO] - Checking called Test Case

2021-11-11 09:38:42 - [MESSAGE][INFO] - Starting to call Test Case 'Test Cases/Popup/PopupMesajiIceriyorMu'

2021-11-11 09:38:42 - [TEST_CASE][PASSED] - Test Cases/Popup/PopupMesajiIceriyorMu: Test Cases/Popup/PopupMesajiIceriyorMu

2021-11-11 09:38:42 - [TEST_STEP][PASSED] - waitForElementVisible(findTestObject("Popup/Popup"), 10): Object 'Object Repository/Popup/Popup' is visible

2021-11-11 09:38:42 - [MESSAGE][INFO] - Finding Test Object 'Object Repository/Popup/Popup'

2021-11-11 09:38:43 - [MESSAGE][INFO] - Checking object

2021-11-11 09:38:43 - [MESSAGE][INFO] - Checking timeout

2021-11-11 09:38:43 - [MESSAGE][INFO] - Finding web element from Test Object's properties

2021-11-11 09:38:43 - [MESSAGE][INFO] - Checking timeout

2021-11-11 09:38:43 - [MESSAGE][INFO] - Finding web element with id: 'Object Repository/Popup/Popup' located by 'By.cssSelector: .bootbox-body' in '10' second(s)

2021-11-11 09:38:43 - [MESSAGE][INFO] - Smart Wait Function is triggered

2021-11-11 09:38:43 - [MESSAGE][INFO] - Found 1 web elements with id: 'Object Repository/Popup/Popup' located by 'By.cssSelector: .bootbox-body' in '10' second(s)

2021-11-11 09:38:43 - [MESSAGE][PASSED] - Object 'Object Repository/Popup/Popup' is visible

2021-11-11 09:38:43 - [TEST_STEP][PASSED] - if (!(getText(findTestObject("Popup/Popup")).contains(Mesaj))): Text of object 'Object Repository/Popup/Popup' is: 'Lütfen rapor bildiriminin gönderileceği e-posta adresini belirtiniz.
e-Posta Adresi'

2021-11-11 09:38:43 - [MESSAGE][INFO] - Finding Test Object 'Object Repository/Popup/Popup'

2021-11-11 09:38:43 - [MESSAGE][INFO] - Checking object

2021-11-11 09:38:43 - [MESSAGE][INFO] - Finding web element from Test Object's properties

2021-11-11 09:38:43 - [MESSAGE][INFO] - Checking timeout

2021-11-11 09:38:43 - [MESSAGE][INFO] - Finding web element with id: 'Object Repository/Popup/Popup' located by 'By.cssSelector: .bootbox-body' in '30' second(s)

2021-11-11 09:38:43 - [MESSAGE][INFO] - Smart Wait Function is triggered

2021-11-11 09:38:43 - [MESSAGE][INFO] - Found 1 web elements with id: 'Object Repository/Popup/Popup' located by 'By.cssSelector: .bootbox-body' in '30' second(s)

2021-11-11 09:38:43 - [MESSAGE][INFO] - Getting text of object 'Object Repository/Popup/Popup'

2021-11-11 09:38:43 - [MESSAGE][PASSED] - Text of object 'Object Repository/Popup/Popup' is: 'Lütfen rapor bildiriminin gönderileceği e-posta adresini belirtiniz.
e-Posta Adresi'

2021-11-11 09:38:43 - [TEST_STEP][PASSED] - RaporNo = getText(findTestObject("Popup/Popup")).substring(0, 6): Text of object 'Object Repository/Popup/Popup' is: 'Lütfen rapor bildiriminin gönderileceği e-posta adresini belirtiniz.
e-Posta Adresi'

2021-11-11 09:38:43 - [MESSAGE][INFO] - Finding Test Object 'Object Repository/Popup/Popup'

2021-11-11 09:38:43 - [MESSAGE][INFO] - Checking object

2021-11-11 09:38:43 - [MESSAGE][INFO] - Finding web element from Test Object's properties

2021-11-11 09:38:43 - [MESSAGE][INFO] - Checking timeout

2021-11-11 09:38:43 - [MESSAGE][INFO] - Finding web element with id: 'Object Repository/Popup/Popup' located by 'By.cssSelector: .bootbox-body' in '30' second(s)

2021-11-11 09:38:43 - [MESSAGE][INFO] - Smart Wait Function is triggered

2021-11-11 09:38:44 - [MESSAGE][INFO] - Found 1 web elements with id: 'Object Repository/Popup/Popup' located by 'By.cssSelector: .bootbox-body' in '30' second(s)

2021-11-11 09:38:44 - [MESSAGE][INFO] - Getting text of object 'Object Repository/Popup/Popup'

2021-11-11 09:38:44 - [MESSAGE][PASSED] - Text of object 'Object Repository/Popup/Popup' is: 'Lütfen rapor bildiriminin gönderileceği e-posta adresini belirtiniz.
e-Posta Adresi'

2021-11-11 09:38:44 - [TEST_STEP][PASSED] - Console.println(RaporNo): null

2021-11-11 09:38:44 - [MESSAGE][PASSED] - Call Test Case 'Test Cases/Popup/PopupMesajiIceriyorMu' successfully

2021-11-11 09:38:44 - [MESSAGE][INFO] - Checking called Test Case

2021-11-11 09:38:44 - [MESSAGE][INFO] - Starting to call Test Case 'Test Cases/Popup/PopupaEmailEklenir'

2021-11-11 09:38:44 - [TEST_CASE][PASSED] - Test Cases/Popup/PopupaEmailEklenir: Test Cases/Popup/PopupaEmailEklenir

2021-11-11 09:38:44 - [TEST_STEP][PASSED] - clearText(findTestObject("Popup/EmailText")): Text of object 'Object Repository/Popup/EmailText' is cleared

2021-11-11 09:38:44 - [MESSAGE][INFO] - Finding Test Object 'Object Repository/Popup/EmailText'

2021-11-11 09:38:44 - [MESSAGE][INFO] - Checking object

2021-11-11 09:38:44 - [MESSAGE][INFO] - Finding web element from Test Object's properties

2021-11-11 09:38:44 - [MESSAGE][INFO] - Checking timeout

2021-11-11 09:38:44 - [MESSAGE][INFO] - Finding web element with id: 'Object Repository/Popup/EmailText' located by 'By.xpath: //*[@id="eMails"]' in '30' second(s)

2021-11-11 09:38:44 - [MESSAGE][INFO] - Smart Wait Function is triggered

2021-11-11 09:38:44 - [MESSAGE][INFO] - Found 1 web elements with id: 'Object Repository/Popup/EmailText' located by 'By.xpath: //*[@id="eMails"]' in '30' second(s)

2021-11-11 09:38:44 - [MESSAGE][INFO] - Clearing text of object 'Object Repository/Popup/EmailText'

2021-11-11 09:38:44 - [MESSAGE][PASSED] - Text of object 'Object Repository/Popup/EmailText' is cleared

2021-11-11 09:38:44 - [TEST_STEP][PASSED] - sendKeys(findTestObject("Popup/EmailText"), Email): Keys 'elogotest@gmail.com;ali.kara@logo.com.tr' sent to object: 'Object Repository/Popup/EmailText'

2021-11-11 09:38:44 - [MESSAGE][INFO] - Finding Test Object 'Object Repository/Popup/EmailText'

2021-11-11 09:38:44 - [MESSAGE][INFO] - Sending keys 'elogotest@gmail.com;ali.kara@logo.com.tr' to object: 'Object Repository/Popup/EmailText'

2021-11-11 09:38:44 - [MESSAGE][INFO] - Finding web element from Test Object's properties

2021-11-11 09:38:44 - [MESSAGE][INFO] - Checking timeout

2021-11-11 09:38:44 - [MESSAGE][INFO] - Finding web element with id: 'Object Repository/Popup/EmailText' located by 'By.xpath: //*[@id="eMails"]' in '30' second(s)

2021-11-11 09:38:44 - [MESSAGE][INFO] - Smart Wait Function is triggered

2021-11-11 09:38:45 - [MESSAGE][INFO] - Found 1 web elements with id: 'Object Repository/Popup/EmailText' located by 'By.xpath: //*[@id="eMails"]' in '30' second(s)

2021-11-11 09:38:45 - [MESSAGE][PASSED] - Keys 'elogotest@gmail.com;ali.kara@logo.com.tr' sent to object: 'Object Repository/Popup/EmailText'

2021-11-11 09:38:45 - [MESSAGE][PASSED] - Call Test Case 'Test Cases/Popup/PopupaEmailEklenir' successfully

2021-11-11 09:38:45 - [MESSAGE][INFO] - Checking called Test Case

2021-11-11 09:38:45 - [MESSAGE][INFO] - Starting to call Test Case 'Test Cases/Popup/PopupButonSecilir'

2021-11-11 09:38:45 - [TEST_CASE][PASSED] - Test Cases/Popup/PopupButonSecilir: Test Cases/Popup/PopupButonSecilir

2021-11-11 09:38:45 - [TEST_STEP][PASSED] - Method.TextDegerineEsitElementeTikla(findTestObject("Popup/Popup_Butons"), Buton): Method.TextDegerineEsitElementeTikla is PASSED

2021-11-11 09:38:45 - [MESSAGE][INFO] - Finding Test Object 'Object Repository/Popup/Popup_Butons'

2021-11-11 09:38:45 - [MESSAGE][INFO] - Checking timeout

2021-11-11 09:38:45 - [MESSAGE][INFO] - Finding web element with id: 'Object Repository/Popup/Popup_Butons' located by 'By.cssSelector: .modal-footer>button' in '10' second(s)

2021-11-11 09:38:45 - [MESSAGE][INFO] - Smart Wait Function is triggered

2021-11-11 09:38:45 - [MESSAGE][INFO] - Found 2 web elements with id: 'Object Repository/Popup/Popup_Butons' located by 'By.cssSelector: .modal-footer>button' in '10' second(s)

2021-11-11 09:38:45 - [MESSAGE][PASSED] - Method.TextDegerineEsitElementeTikla is PASSED

2021-11-11 09:38:45 - [MESSAGE][PASSED] - Call Test Case 'Test Cases/Popup/PopupButonSecilir' successfully

2021-11-11 09:38:45 - [MESSAGE][INFO] - Checking called Test Case

2021-11-11 09:38:45 - [MESSAGE][INFO] - Starting to call Test Case 'Test Cases/Popup/PopupMesajiIceriyorMu'

2021-11-11 09:38:45 - [TEST_CASE][PASSED] - Test Cases/Popup/PopupMesajiIceriyorMu: Test Cases/Popup/PopupMesajiIceriyorMu

2021-11-11 09:38:45 - [TEST_STEP][PASSED] - waitForElementVisible(findTestObject("Popup/Popup"), 10): Object 'Object Repository/Popup/Popup' is visible

2021-11-11 09:38:45 - [MESSAGE][INFO] - Finding Test Object 'Object Repository/Popup/Popup'

2021-11-11 09:38:46 - [MESSAGE][INFO] - Checking object

2021-11-11 09:38:46 - [MESSAGE][INFO] - Checking timeout

2021-11-11 09:38:46 - [MESSAGE][INFO] - Finding web element from Test Object's properties

2021-11-11 09:38:46 - [MESSAGE][INFO] - Checking timeout

2021-11-11 09:38:46 - [MESSAGE][INFO] - Finding web element with id: 'Object Repository/Popup/Popup' located by 'By.cssSelector: .bootbox-body' in '10' second(s)

2021-11-11 09:38:46 - [MESSAGE][INFO] - Smart Wait Function is triggered

2021-11-11 09:38:46 - [MESSAGE][INFO] - Found 1 web elements with id: 'Object Repository/Popup/Popup' located by 'By.cssSelector: .bootbox-body' in '10' second(s)

2021-11-11 09:38:46 - [MESSAGE][PASSED] - Object 'Object Repository/Popup/Popup' is visible

2021-11-11 09:38:46 - [TEST_STEP][PASSED] - if (!(getText(findTestObject("Popup/Popup")).contains(Mesaj))): Text of object 'Object Repository/Popup/Popup' is: '16258 no’lu talebiniz işleme alınmıştır. Raporunuz hazırlandığında (elogotest@gmail.com;ali.kara@logo.com.tr) adresinize mail gönderilecektir.
Rapor durumunuzu Raporlar > Toplu Veri İndirme ekranından takip edebilir, hazırlandı durumundaki raporlarınızı ilgili menüden indirebilirsiniz.'

2021-11-11 09:38:46 - [MESSAGE][INFO] - Finding Test Object 'Object Repository/Popup/Popup'

2021-11-11 09:38:46 - [MESSAGE][INFO] - Checking object

2021-11-11 09:38:46 - [MESSAGE][INFO] - Finding web element from Test Object's properties

2021-11-11 09:38:46 - [MESSAGE][INFO] - Checking timeout

2021-11-11 09:38:46 - [MESSAGE][INFO] - Finding web element with id: 'Object Repository/Popup/Popup' located by 'By.cssSelector: .bootbox-body' in '30' second(s)

2021-11-11 09:38:46 - [MESSAGE][INFO] - Smart Wait Function is triggered

2021-11-11 09:38:46 - [MESSAGE][INFO] - Found 1 web elements with id: 'Object Repository/Popup/Popup' located by 'By.cssSelector: .bootbox-body' in '30' second(s)

2021-11-11 09:38:46 - [MESSAGE][INFO] - Getting text of object 'Object Repository/Popup/Popup'

2021-11-11 09:38:47 - [MESSAGE][PASSED] - Text of object 'Object Repository/Popup/Popup' is: '16258 no’lu talebiniz işleme alınmıştır. Raporunuz hazırlandığında (elogotest@gmail.com;ali.kara@logo.com.tr) adresinize mail gönderilecektir.
Rapor durumunuzu Raporlar > Toplu Veri İndirme ekranından takip edebilir, hazırlandı durumundaki raporlarınızı ilgili menüden indirebilirsiniz.'

2021-11-11 09:38:47 - [TEST_STEP][PASSED] - RaporNo = getText(findTestObject("Popup/Popup")).substring(0, 6): Text of object 'Object Repository/Popup/Popup' is: '16258 no’lu talebiniz işleme alınmıştır. Raporunuz hazırlandığında (elogotest@gmail.com;ali.kara@logo.com.tr) adresinize mail gönderilecektir.
Rapor durumunuzu Raporlar > Toplu Veri İndirme ekranından takip edebilir, hazırlandı durumundaki raporlarınızı ilgili menüden indirebilirsiniz.'

2021-11-11 09:38:47 - [MESSAGE][INFO] - Finding Test Object 'Object Repository/Popup/Popup'

2021-11-11 09:38:47 - [MESSAGE][INFO] - Checking object

2021-11-11 09:38:47 - [MESSAGE][INFO] - Finding web element from Test Object's properties

2021-11-11 09:38:47 - [MESSAGE][INFO] - Checking timeout

2021-11-11 09:38:47 - [MESSAGE][INFO] - Finding web element with id: 'Object Repository/Popup/Popup' located by 'By.cssSelector: .bootbox-body' in '30' second(s)

2021-11-11 09:38:47 - [MESSAGE][INFO] - Smart Wait Function is triggered

2021-11-11 09:38:47 - [MESSAGE][INFO] - Found 1 web elements with id: 'Object Repository/Popup/Popup' located by 'By.cssSelector: .bootbox-body' in '30' second(s)

2021-11-11 09:38:47 - [MESSAGE][INFO] - Getting text of object 'Object Repository/Popup/Popup'

2021-11-11 09:38:47 - [MESSAGE][PASSED] - Text of object 'Object Repository/Popup/Popup' is: '16258 no’lu talebiniz işleme alınmıştır. Raporunuz hazırlandığında (elogotest@gmail.com;ali.kara@logo.com.tr) adresinize mail gönderilecektir.
Rapor durumunuzu Raporlar > Toplu Veri İndirme ekranından takip edebilir, hazırlandı durumundaki raporlarınızı ilgili menüden indirebilirsiniz.'

2021-11-11 09:38:47 - [TEST_STEP][PASSED] - Console.println(RaporNo): null

2021-11-11 09:38:47 - [MESSAGE][PASSED] - Call Test Case 'Test Cases/Popup/PopupMesajiIceriyorMu' successfully

2021-11-11 09:38:47 - [MESSAGE][INFO] - Checking called Test Case

2021-11-11 09:38:47 - [MESSAGE][INFO] - Starting to call Test Case 'Test Cases/Popup/PopupButonSecilir'

2021-11-11 09:38:47 - [TEST_CASE][PASSED] - Test Cases/Popup/PopupButonSecilir: Test Cases/Popup/PopupButonSecilir

2021-11-11 09:38:47 - [TEST_STEP][PASSED] - Method.TextDegerineEsitElementeTikla(findTestObject("Popup/Popup_Butons"), Buton): Method.TextDegerineEsitElementeTikla is PASSED

2021-11-11 09:38:47 - [MESSAGE][INFO] - Finding Test Object 'Object Repository/Popup/Popup_Butons'

2021-11-11 09:38:47 - [MESSAGE][INFO] - Checking timeout

2021-11-11 09:38:47 - [MESSAGE][INFO] - Finding web element with id: 'Object Repository/Popup/Popup_Butons' located by 'By.cssSelector: .modal-footer>button' in '10' second(s)

2021-11-11 09:38:47 - [MESSAGE][INFO] - Smart Wait Function is triggered

2021-11-11 09:38:47 - [MESSAGE][INFO] - Found 1 web elements with id: 'Object Repository/Popup/Popup_Butons' located by 'By.cssSelector: .modal-footer>button' in '10' second(s)

2021-11-11 09:38:47 - [MESSAGE][PASSED] - Method.TextDegerineEsitElementeTikla is PASSED

2021-11-11 09:38:47 - [MESSAGE][PASSED] - Call Test Case 'Test Cases/Popup/PopupButonSecilir' successfully

2021-11-11 09:38:47 - [MESSAGE][INFO] - Checking called Test Case

2021-11-11 09:38:47 - [MESSAGE][INFO] - Starting to call Test Case 'Test Cases/Menu/AnaMenuSecimi'

2021-11-11 09:38:47 - [TEST_CASE][PASSED] - Test Cases/Menu/AnaMenuSecimi: Test Cases/Menu/AnaMenuSecimi

2021-11-11 09:38:47 - [TEST_STEP][PASSED] - Method.TextDegerineEsitElementeTikla(findTestObject("Menu/Ana_Menu"), Ana_Menu): Method.TextDegerineEsitElementeTikla is PASSED

2021-11-11 09:38:47 - [MESSAGE][INFO] - Finding Test Object 'Object Repository/Menu/Ana_Menu'

2021-11-11 09:38:48 - [MESSAGE][INFO] - Checking timeout

2021-11-11 09:38:48 - [MESSAGE][INFO] - Finding web element with id: 'Object Repository/Menu/Ana_Menu' located by 'By.xpath: //*[@class = 'dropdown-toggle']' in '10' second(s)

2021-11-11 09:38:48 - [MESSAGE][INFO] - Smart Wait Function is triggered

2021-11-11 09:38:48 - [MESSAGE][INFO] - Found 14 web elements with id: 'Object Repository/Menu/Ana_Menu' located by 'By.xpath: //*[@class = 'dropdown-toggle']' in '10' second(s)

2021-11-11 09:38:48 - [MESSAGE][PASSED] - Method.TextDegerineEsitElementeTikla is PASSED

2021-11-11 09:38:48 - [MESSAGE][PASSED] - Call Test Case 'Test Cases/Menu/AnaMenuSecimi' successfully

2021-11-11 09:38:48 - [MESSAGE][INFO] - Checking called Test Case

2021-11-11 09:38:48 - [MESSAGE][INFO] - Starting to call Test Case 'Test Cases/Menu/AltMenuSecimi'

2021-11-11 09:38:49 - [TEST_CASE][PASSED] - Test Cases/Menu/AltMenuSecimi: Test Cases/Menu/AltMenuSecimi

2021-11-11 09:38:49 - [TEST_STEP][PASSED] - Method.TextDegerineEsitElementeTikla(findTestObject("Menu/Alt_Menu"), Alt_Menu): Method.TextDegerineEsitElementeTikla is PASSED

2021-11-11 09:38:49 - [MESSAGE][INFO] - Finding Test Object 'Object Repository/Menu/Alt_Menu'

2021-11-11 09:38:49 - [MESSAGE][INFO] - Checking timeout

2021-11-11 09:38:49 - [MESSAGE][INFO] - Finding web element with id: 'Object Repository/Menu/Alt_Menu' located by 'By.xpath: //li[@class='dropdown dropdown-large open']//li[@class='dropdown-element']' in '10' second(s)

2021-11-11 09:38:49 - [MESSAGE][INFO] - Smart Wait Function is triggered

2021-11-11 09:38:49 - [MESSAGE][INFO] - Found 9 web elements with id: 'Object Repository/Menu/Alt_Menu' located by 'By.xpath: //li[@class='dropdown dropdown-large open']//li[@class='dropdown-element']' in '10' second(s)

2021-11-11 09:38:50 - [MESSAGE][PASSED] - Method.TextDegerineEsitElementeTikla is PASSED

2021-11-11 09:38:50 - [MESSAGE][PASSED] - Call Test Case 'Test Cases/Menu/AltMenuSecimi' successfully

2021-11-11 09:38:50 - [MESSAGE][INFO] - Checking called Test Case

2021-11-11 09:38:50 - [MESSAGE][INFO] - Starting to call Test Case 'Test Cases/Filtreler/RaporNoYaz'

2021-11-11 09:38:50 - [TEST_CASE][PASSED] - Test Cases/Filtreler/RaporNoYaz: Test Cases/Filtreler/RaporNoYaz

2021-11-11 09:38:50 - [TEST_STEP][PASSED] - Method.TextDegerineEsitElementinAltindakiTextboxtaYaz(findTestObject("Filtreler/Basliklar"), findTestObject("Filtreler/Basliga_Gore_Textbox"), "Talep No", RaporNo): Method.TextDegerineEsitElementinAltindakiTextboxtaYaz is PASSED

2021-11-11 09:38:50 - [MESSAGE][INFO] - Finding Test Object 'Object Repository/Filtreler/Basliklar'

2021-11-11 09:38:51 - [MESSAGE][INFO] - Finding Test Object 'Object Repository/Filtreler/Basliga_Gore_Textbox'

2021-11-11 09:38:51 - [MESSAGE][INFO] - Checking timeout

2021-11-11 09:38:51 - [MESSAGE][INFO] - Finding web element with id: 'Object Repository/Filtreler/Basliklar' located by 'By.cssSelector: .control-label.col-sm-4.paddingMarginRLC' in '10' second(s)

2021-11-11 09:38:51 - [MESSAGE][INFO] - Smart Wait Function is triggered

2021-11-11 09:38:51 - [MESSAGE][INFO] - Found 8 web elements with id: 'Object Repository/Filtreler/Basliklar' located by 'By.cssSelector: .control-label.col-sm-4.paddingMarginRLC' in '10' second(s)

2021-11-11 09:38:51 - [MESSAGE][INFO] - Smart Wait Function is triggered

2021-11-11 09:38:51 - [MESSAGE][PASSED] - Method.TextDegerineEsitElementinAltindakiTextboxtaYaz is PASSED

2021-11-11 09:38:51 - [MESSAGE][PASSED] - Call Test Case 'Test Cases/Filtreler/RaporNoYaz' successfully

2021-11-11 09:38:51 - [MESSAGE][INFO] - Checking called Test Case

2021-11-11 09:38:51 - [MESSAGE][INFO] - Starting to call Test Case 'Test Cases/Filtreler/ButonaTikla'

2021-11-11 09:38:52 - [TEST_CASE][PASSED] - Test Cases/Filtreler/ButonaTikla: Test Cases/Filtreler/ButonaTikla

2021-11-11 09:38:52 - [TEST_STEP][PASSED] - Method.TextDegerineEsitElementeTikla(findTestObject("Filtreler/Butonlar"), Filtre_Buton): Method.TextDegerineEsitElementeTikla is PASSED

2021-11-11 09:38:52 - [MESSAGE][INFO] - Finding Test Object 'Object Repository/Filtreler/Butonlar'

2021-11-11 09:38:52 - [MESSAGE][INFO] - Checking timeout

2021-11-11 09:38:52 - [MESSAGE][INFO] - Finding web element with id: 'Object Repository/Filtreler/Butonlar' located by 'By.cssSelector: .dxb>span' in '10' second(s)

2021-11-11 09:38:52 - [MESSAGE][INFO] - Smart Wait Function is triggered

2021-11-11 09:38:52 - [MESSAGE][INFO] - Found 2 web elements with id: 'Object Repository/Filtreler/Butonlar' located by 'By.cssSelector: .dxb>span' in '10' second(s)

2021-11-11 09:38:52 - [MESSAGE][PASSED] - Method.TextDegerineEsitElementeTikla is PASSED

2021-11-11 09:38:52 - [MESSAGE][PASSED] - Call Test Case 'Test Cases/Filtreler/ButonaTikla' successfully

2021-11-11 09:38:52 - [MESSAGE][INFO] - Checking called Test Case

2021-11-11 09:38:52 - [MESSAGE][INFO] - Starting to call Test Case 'Test Cases/Tablo/TablodaVeriVarMi'

2021-11-11 09:38:52 - [TEST_CASE][PASSED] - Test Cases/Tablo/TablodaVeriVarMi: Test Cases/Tablo/TablodaVeriVarMi

2021-11-11 09:38:52 - [TEST_STEP][PASSED] - verifyTextNotPresent("Görüntülenecek veri yok", true): Text 'Görüntülenecek veri yok' is not present on page using regular expression

2021-11-11 09:38:52 - [MESSAGE][INFO] - Checking text present  using regular expression

2021-11-11 09:38:52 - [MESSAGE][INFO] - Smart Wait Function is triggered

2021-11-11 09:38:53 - [MESSAGE][INFO] - Finding text 'Görüntülenecek veri yok' on page  using regular expression

2021-11-11 09:38:53 - [MESSAGE][PASSED] - Text 'Görüntülenecek veri yok' is not present on page using regular expression

2021-11-11 09:38:53 - [MESSAGE][PASSED] - Call Test Case 'Test Cases/Tablo/TablodaVeriVarMi' successfully

2021-11-11 09:38:53 - [MESSAGE][INFO] - Checking called Test Case

2021-11-11 09:38:53 - [MESSAGE][INFO] - Starting to call Test Case 'Test Cases/Kullanici_Islemleri/KullaniciIslemlerindenSecimYapilir'

2021-11-11 09:38:53 - [TEST_CASE][PASSED] - Test Cases/Kullanici_Islemleri/KullaniciIslemlerindenSecimYapilir: Test Cases/Kullanici_Islemleri/KullaniciIslemlerindenSecimYapilir

2021-11-11 09:38:53 - [TEST_STEP][PASSED] - waitForElementClickable(findTestObject("Object Repository/Kullanici_Islemleri/KullaniciIslemleri"), 10): Object 'Object Repository/Kullanici_Islemleri/KullaniciIslemleri' is clickable

2021-11-11 09:38:53 - [MESSAGE][INFO] - Finding Test Object 'Object Repository/Kullanici_Islemleri/KullaniciIslemleri'

2021-11-11 09:38:53 - [MESSAGE][INFO] - Checking object

2021-11-11 09:38:53 - [MESSAGE][INFO] - Checking timeout

2021-11-11 09:38:53 - [MESSAGE][INFO] - Finding web element from Test Object's properties

2021-11-11 09:38:53 - [MESSAGE][INFO] - Checking timeout

2021-11-11 09:38:53 - [MESSAGE][INFO] - Finding web element with id: 'Object Repository/Kullanici_Islemleri/KullaniciIslemleri' located by 'By.cssSelector: .dropdown>a>img' in '10' second(s)

2021-11-11 09:38:53 - [MESSAGE][INFO] - Smart Wait Function is triggered

2021-11-11 09:38:53 - [MESSAGE][INFO] - Found 1 web elements with id: 'Object Repository/Kullanici_Islemleri/KullaniciIslemleri' located by 'By.cssSelector: .dropdown>a>img' in '10' second(s)

2021-11-11 09:38:53 - [MESSAGE][PASSED] - Object 'Object Repository/Kullanici_Islemleri/KullaniciIslemleri' is clickable

2021-11-11 09:38:53 - [TEST_STEP][PASSED] - click(findTestObject("Object Repository/Kullanici_Islemleri/KullaniciIslemleri")): Object: 'Object Repository/Kullanici_Islemleri/KullaniciIslemleri' is clicked on

2021-11-11 09:38:53 - [MESSAGE][INFO] - Finding Test Object 'Object Repository/Kullanici_Islemleri/KullaniciIslemleri'

2021-11-11 09:38:53 - [MESSAGE][INFO] - Checking object

2021-11-11 09:38:53 - [MESSAGE][INFO] - Finding web element from Test Object's properties

2021-11-11 09:38:53 - [MESSAGE][INFO] - Checking timeout

2021-11-11 09:38:53 - [MESSAGE][INFO] - Finding web element with id: 'Object Repository/Kullanici_Islemleri/KullaniciIslemleri' located by 'By.cssSelector: .dropdown>a>img' in '30' second(s)

2021-11-11 09:38:53 - [MESSAGE][INFO] - Smart Wait Function is triggered

2021-11-11 09:38:54 - [MESSAGE][INFO] - Found 1 web elements with id: 'Object Repository/Kullanici_Islemleri/KullaniciIslemleri' located by 'By.cssSelector: .dropdown>a>img' in '30' second(s)

2021-11-11 09:38:54 - [MESSAGE][INFO] - Clicking on object: 'Object Repository/Kullanici_Islemleri/KullaniciIslemleri'

2021-11-11 09:38:54 - [MESSAGE][PASSED] - Object: 'Object Repository/Kullanici_Islemleri/KullaniciIslemleri' is clicked on

2021-11-11 09:38:54 - [TEST_STEP][PASSED] - Method.TextDegerineEsitElementeTikla(findTestObject("Object Repository/Kullanici_Islemleri/Secenekler"), Islem): Method.TextDegerineEsitElementeTikla is PASSED

2021-11-11 09:38:54 - [MESSAGE][INFO] - Finding Test Object 'Object Repository/Kullanici_Islemleri/Secenekler'

2021-11-11 09:38:54 - [MESSAGE][INFO] - Checking timeout

2021-11-11 09:38:54 - [MESSAGE][INFO] - Finding web element with id: 'Object Repository/Kullanici_Islemleri/Secenekler' located by 'By.cssSelector: .nav.navbar-nav.navbar-right li a' in '10' second(s)

2021-11-11 09:38:54 - [MESSAGE][INFO] - Smart Wait Function is triggered

2021-11-11 09:38:54 - [MESSAGE][INFO] - Found 22 web elements with id: 'Object Repository/Kullanici_Islemleri/Secenekler' located by 'By.cssSelector: .nav.navbar-nav.navbar-right li a' in '10' second(s)

2021-11-11 09:38:56 - [MESSAGE][PASSED] - Method.TextDegerineEsitElementeTikla is PASSED

2021-11-11 09:38:56 - [TEST_STEP][PASSED] - verifyElementNotPresent(findTestObject("Object Repository/Kullanici_Islemleri/Secenekler"), 10): Web element with id: 'Object Repository/Kullanici_Islemleri/Secenekler' located by 'By.cssSelector: .nav.navbar-nav.navbar-right li a' is not present after '10' second(s)

2021-11-11 09:38:56 - [MESSAGE][INFO] - Finding Test Object 'Object Repository/Kullanici_Islemleri/Secenekler'

2021-11-11 09:38:56 - [MESSAGE][INFO] - Checking object

2021-11-11 09:38:56 - [MESSAGE][INFO] - Checking timeout

2021-11-11 09:38:56 - [MESSAGE][INFO] - Finding web element with id: 'Object Repository/Kullanici_Islemleri/Secenekler' located by 'By.cssSelector: .nav.navbar-nav.navbar-right li a' in '10' second(s)

2021-11-11 09:38:56 - [MESSAGE][INFO] - Smart Wait Function is triggered

2021-11-11 09:38:56 - [MESSAGE][PASSED] - Web element with id: 'Object Repository/Kullanici_Islemleri/Secenekler' located by 'By.cssSelector: .nav.navbar-nav.navbar-right li a' is not present after '10' second(s)

2021-11-11 09:38:56 - [MESSAGE][PASSED] - Call Test Case 'Test Cases/Kullanici_Islemleri/KullaniciIslemlerindenSecimYapilir' successfully

2021-11-11 09:38:56 - [TEST_CASE][PASSED] - Start Test Case : SCENARIO Irsaliyenin excele aktarilmasi: SCENARIO Irsaliyenin excele aktarilmasi

2021-11-11 09:38:56 - [TEST_STEP][PASSED] - Kullanıcı adı ELOGO6 ve Şifre 123456 olarak giriş yapılır: Kullanıcı adı ELOGO6 ve Şifre 123456 olarak giriş yapılır

2021-11-11 09:38:56 - [MESSAGE][PASSED] - Kullanıcı adı ELOGO6 ve Şifre 123456 olarak giriş yapılır

2021-11-11 09:38:56 - [TEST_STEP][PASSED] - Ana menüden e-İrsaliye seçilir: Ana menüden e-İrsaliye seçilir

2021-11-11 09:38:56 - [MESSAGE][PASSED] - Ana menüden e-İrsaliye seçilir

2021-11-11 09:38:56 - [TEST_STEP][PASSED] - Alt menü Gelen Kutusu başlığı altındaki İrsaliyeler seçilir: Alt menü Gelen Kutusu başlığı altındaki İrsaliyeler seçilir

2021-11-11 09:38:56 - [MESSAGE][PASSED] - Alt menü Gelen Kutusu başlığı altındaki İrsaliyeler seçilir

2021-11-11 09:38:56 - [TEST_STEP][PASSED] - Filtrelerden Oluşturma Tarihi filtresine 01.12.2020 baslangic degerini yaz: Filtrelerden Oluşturma Tarihi filtresine 01.12.2020 baslangic degerini yaz

2021-11-11 09:38:56 - [MESSAGE][PASSED] - Filtrelerden Oluşturma Tarihi filtresine 01.12.2020 baslangic degerini yaz

2021-11-11 09:38:56 - [TEST_STEP][PASSED] - Filtrelerden Oluşturma Tarihi filtresine 31.12.2020 bitis degerini yaz: Filtrelerden Oluşturma Tarihi filtresine 31.12.2020 bitis degerini yaz

2021-11-11 09:38:56 - [MESSAGE][PASSED] - Filtrelerden Oluşturma Tarihi filtresine 31.12.2020 bitis degerini yaz

2021-11-11 09:38:56 - [TEST_STEP][PASSED] - Filtre butonlarından Listele seçilir: Filtre butonlarından Listele seçilir

2021-11-11 09:38:56 - [MESSAGE][PASSED] - Filtre butonlarından Listele seçilir

2021-11-11 09:38:56 - [TEST_STEP][PASSED] - Tabloda veri var mı kontrol edilir: Tabloda veri var mı kontrol edilir

2021-11-11 09:38:56 - [MESSAGE][PASSED] - Tabloda veri var mı kontrol edilir

2021-11-11 09:38:56 - [TEST_STEP][PASSED] - Tablodan Logo Elektronik GIB Test isimli veri seçilir: Tablodan Logo Elektronik GIB Test isimli veri seçilir

2021-11-11 09:38:56 - [MESSAGE][PASSED] - Tablodan Logo Elektronik GIB Test isimli veri seçilir

2021-11-11 09:38:56 - [TEST_STEP][PASSED] - Butonlardan Excel isimli butona tıklanır: Butonlardan Excel isimli butona tıklanır

2021-11-11 09:38:56 - [MESSAGE][PASSED] - Butonlardan Excel isimli butona tıklanır

2021-11-11 09:38:56 - [TEST_STEP][PASSED] - Alt butonlardan Excel'e Aktar butonuna tıklanır: Alt butonlardan Excel'e Aktar butonuna tıklanır

2021-11-11 09:38:56 - [MESSAGE][PASSED] - Alt butonlardan Excel'e Aktar butonuna tıklanır

2021-11-11 09:38:56 - [TEST_STEP][PASSED] - Popup mesajı Lütfen rapor bildiriminin gönderileceği e-posta adresini belirtiniz. içeriyor mu: Popup mesajı Lütfen rapor bildiriminin gönderileceği e-posta adresini belirtiniz. içeriyor mu

2021-11-11 09:38:56 - [MESSAGE][PASSED] - Popup mesajı Lütfen rapor bildiriminin gönderileceği e-posta adresini belirtiniz. içeriyor mu

2021-11-11 09:38:56 - [TEST_STEP][PASSED] - Popup email elogotest@gmail.com;ali.kara@logo.com.tr olarak girilir: Popup email elogotest@gmail.com;ali.kara@logo.com.tr olarak girilir

2021-11-11 09:38:56 - [MESSAGE][PASSED] - Popup email elogotest@gmail.com;ali.kara@logo.com.tr olarak girilir

2021-11-11 09:38:56 - [TEST_STEP][PASSED] - Yönetim popupında Gönder seçilir: Yönetim popupında Gönder seçilir

2021-11-11 09:38:56 - [MESSAGE][PASSED] - Yönetim popupında Gönder seçilir

2021-11-11 09:38:56 - [TEST_STEP][PASSED] - Popup mesajı talebiniz işleme alınmıştır içeriyor mu: Popup mesajı talebiniz işleme alınmıştır içeriyor mu

2021-11-11 09:38:56 - [MESSAGE][PASSED] - Popup mesajı talebiniz işleme alınmıştır içeriyor mu

2021-11-11 09:38:56 - [TEST_STEP][PASSED] - Yönetim popupında Tamam seçilir: Yönetim popupında Tamam seçilir

2021-11-11 09:38:56 - [MESSAGE][PASSED] - Yönetim popupında Tamam seçilir

2021-11-11 09:38:56 - [TEST_STEP][PASSED] - Butonlardan Excel isimli butona tıklanır: Butonlardan Excel isimli butona tıklanır

2021-11-11 09:38:56 - [MESSAGE][PASSED] - Butonlardan Excel isimli butona tıklanır

2021-11-11 09:38:56 - [TEST_STEP][PASSED] - Alt butonlardan Tümünü Excel'e Aktar butonuna tıklanır: Alt butonlardan Tümünü Excel'e Aktar butonuna tıklanır

2021-11-11 09:38:56 - [MESSAGE][PASSED] - Alt butonlardan Tümünü Excel'e Aktar butonuna tıklanır

2021-11-11 09:38:56 - [TEST_STEP][PASSED] - Popup mesajı Lütfen rapor bildiriminin gönderileceği e-posta adresini belirtiniz. içeriyor mu: Popup mesajı Lütfen rapor bildiriminin gönderileceği e-posta adresini belirtiniz. içeriyor mu

2021-11-11 09:38:56 - [MESSAGE][PASSED] - Popup mesajı Lütfen rapor bildiriminin gönderileceği e-posta adresini belirtiniz. içeriyor mu

2021-11-11 09:38:56 - [TEST_STEP][PASSED] - Popup email elogotest@gmail.com;ali.kara@logo.com.tr olarak girilir: Popup email elogotest@gmail.com;ali.kara@logo.com.tr olarak girilir

2021-11-11 09:38:56 - [MESSAGE][PASSED] - Popup email elogotest@gmail.com;ali.kara@logo.com.tr olarak girilir

2021-11-11 09:38:56 - [TEST_STEP][PASSED] - Yönetim popupında Gönder seçilir: Yönetim popupında Gönder seçilir

2021-11-11 09:38:56 - [MESSAGE][PASSED] - Yönetim popupında Gönder seçilir

2021-11-11 09:38:56 - [TEST_STEP][PASSED] - Popup mesajı talebiniz işleme alınmıştır içeriyor mu: Popup mesajı talebiniz işleme alınmıştır içeriyor mu

2021-11-11 09:38:56 - [MESSAGE][PASSED] - Popup mesajı talebiniz işleme alınmıştır içeriyor mu

2021-11-11 09:38:56 - [TEST_STEP][PASSED] - Yönetim popupında Tamam seçilir: Yönetim popupında Tamam seçilir

2021-11-11 09:38:56 - [MESSAGE][PASSED] - Yönetim popupında Tamam seçilir

2021-11-11 09:38:56 - [TEST_STEP][PASSED] - Ana menüden Raporlar seçilir: Ana menüden Raporlar seçilir

2021-11-11 09:38:56 - [MESSAGE][PASSED] - Ana menüden Raporlar seçilir

2021-11-11 09:38:56 - [TEST_STEP][PASSED] - Alt menüden Toplu Veri İndirme seçilir: Alt menüden Toplu Veri İndirme seçilir

2021-11-11 09:38:56 - [MESSAGE][PASSED] - Alt menüden Toplu Veri İndirme seçilir

2021-11-11 09:38:56 - [TEST_STEP][PASSED] - Filtrelerden Talep No filtresine Rapor No bilgisi yaz: Filtrelerden Talep No filtresine Rapor No bilgisi yaz

2021-11-11 09:38:56 - [MESSAGE][PASSED] - Filtrelerden Talep No filtresine Rapor No bilgisi yaz

2021-11-11 09:38:56 - [TEST_STEP][PASSED] - Filtre butonlarından Listele seçilir: Filtre butonlarından Listele seçilir

2021-11-11 09:38:56 - [MESSAGE][PASSED] - Filtre butonlarından Listele seçilir

2021-11-11 09:38:56 - [TEST_STEP][PASSED] - Tabloda veri var mı kontrol edilir: Tabloda veri var mı kontrol edilir

2021-11-11 09:38:56 - [MESSAGE][PASSED] - Tabloda veri var mı kontrol edilir

2021-11-11 09:38:56 - [TEST_STEP][PASSED] - Kullanıcı işlemlerinden Çıkış seçilir: Kullanıcı işlemlerinden Çıkış seçilir

2021-11-11 09:38:56 - [MESSAGE][PASSED] - Kullanıcı işlemlerinden Çıkış seçilir

2021-11-11 09:38:56 - [MESSAGE][PASSED] - Feature file: 'Include/features/e-Irsaliye/Gelen Kutusu/Irsaliyeler/Excele Aktar.feature' was passed

2021-11-11 09:38:56 - [TEST_STEP][PASSED] - Start listener action : sampleAfterTestSuite: Invoke 'com.kms.katalon.core.annotation.AfterTestCase' method: 'Listener.sampleAfterTestSuite(...)' completed.

2021-11-11 09:38:56 - [MESSAGE][INFO] - Starting invoke 'com.kms.katalon.core.annotation.AfterTestCase' method: 'Listener.sampleAfterTestSuite(...)'

2021-11-11 09:38:56 - [TEST_STEP][PASSED] - closeBrowser(): Invoke 'com.kms.katalon.core.annotation.AfterTestCase' method: 'Listener.sampleAfterTestSuite(...)' completed.

2021-11-11 09:38:56 - [MESSAGE][INFO] - Closing browser

2021-11-11 09:38:57 - [MESSAGE][PASSED] - Browser is closed

2021-11-11 09:38:57 - [MESSAGE][INFO] - Invoke 'com.kms.katalon.core.annotation.AfterTestCase' method: 'Listener.sampleAfterTestSuite(...)' completed.]]></system-out>
         <system-err><![CDATA[]]></system-err>
      </testcase>
      <testcase name="Test Cases/Case Repository/e-Irsaliye/Gelen Kutusu/Irsaliye Yanitlari/Toplu Indirme" time="52.635" classname="Test Cases/Case Repository/e-Irsaliye/Gelen Kutusu/Irsaliye Yanitlari/Toplu Indirme" status="PASSED">
         <system-out><![CDATA[2021-11-11 09:38:57 - [TEST_CASE][PASSED] - Test Cases/Case Repository/e-Irsaliye/Gelen Kutusu/Irsaliye Yanitlari/Toplu Indirme: Test Cases/Case Repository/e-Irsaliye/Gelen Kutusu/Irsaliye Yanitlari/Toplu Indirme

2021-11-11 09:38:57 - [TEST_STEP][PASSED] - Start listener action : sampleBeforeTestSuite: Invoke 'com.kms.katalon.core.annotation.BeforeTestCase' method: 'Listener.sampleBeforeTestSuite(...)' completed.

2021-11-11 09:38:57 - [MESSAGE][INFO] - Starting invoke 'com.kms.katalon.core.annotation.BeforeTestCase' method: 'Listener.sampleBeforeTestSuite(...)'

2021-11-11 09:38:57 - [TEST_STEP][PASSED] - openBrowser(baseUrl): Browser is opened with url: 'https://efatura-stage.elogo.com.tr/'

2021-11-11 09:38:57 - [MESSAGE][INFO] - Opening browser

2021-11-11 09:38:57 - [MESSAGE][INFO] - Starting 'Chrome' driver

2021-11-11 09:38:57 - [MESSAGE][INFO] - User set preference: ['prefs', '{download.default_directory=C:\otomasyondownfiles}']

2021-11-11 09:38:57 - [MESSAGE][INFO] - Action delay is set to 0 milliseconds

2021-11-11 09:38:58 - [MESSAGE][INFO] - Navigating browser to: 'https://efatura-stage.elogo.com.tr/'

2021-11-11 09:39:04 - [MESSAGE][PASSED] - Browser is opened with url: 'https://efatura-stage.elogo.com.tr/'

2021-11-11 09:39:04 - [TEST_STEP][PASSED] - maximizeWindow(): Invoke 'com.kms.katalon.core.annotation.BeforeTestCase' method: 'Listener.sampleBeforeTestSuite(...)' completed.

2021-11-11 09:39:04 - [MESSAGE][INFO] - Maximizing current window

2021-11-11 09:39:04 - [MESSAGE][PASSED] - Current window maximized

2021-11-11 09:39:04 - [MESSAGE][INFO] - Invoke 'com.kms.katalon.core.annotation.BeforeTestCase' method: 'Listener.sampleBeforeTestSuite(...)' completed.

2021-11-11 09:39:04 - [TEST_STEP][PASSED] - runFeatureFile("Include/features/e-Irsaliye/Gelen Kutusu/Irsaliye Yanitlari/Toplu Indirme.feature"): Feature file: 'Include/features/e-Irsaliye/Gelen Kutusu/Irsaliye Yanitlari/Toplu Indirme.feature' was passed

2021-11-11 09:39:04 - [MESSAGE][INFO] - Starting run keyword runFeatureFile: 'Include/features/e-Irsaliye/Gelen Kutusu/Irsaliye Yanitlari/Toplu Indirme.feature' and extract report to folder: 'C:\Users\DELL\Documents\GitHub\EES_KatalonLogo\Reports\20211111_090730\Suite Repository\ExceleAktarVeTopluIndirme\20211111_090810/cucumber_report/1636612744827'...

2021-11-11 09:39:04 - [MESSAGE][INFO] - Glue: []

2021-11-11 09:39:05 - [MESSAGE][INFO] - Checking called Test Case

2021-11-11 09:39:05 - [MESSAGE][INFO] - Starting to call Test Case 'Test Cases/Sayfalar/Giris_Sayfasi/Login'

2021-11-11 09:39:05 - [TEST_CASE][PASSED] - Test Cases/Sayfalar/Giris_Sayfasi/Login: Test Cases/Sayfalar/Giris_Sayfasi/Login

2021-11-11 09:39:05 - [TEST_STEP][PASSED] - Sayfa_Basligi = getWindowTitle(): Current window's title is: 'LOGO e-Fatura'

2021-11-11 09:39:05 - [MESSAGE][INFO] - Getting current window's title

2021-11-11 09:39:05 - [MESSAGE][PASSED] - Current window's title is: 'LOGO e-Fatura'

2021-11-11 09:39:05 - [TEST_STEP][PASSED] - verifyMatch(Sayfa_Basligi, "LOGO e-Fatura", false): Actual text 'LOGO e-Fatura' and expected text 'LOGO e-Fatura' are matched 

2021-11-11 09:39:05 - [MESSAGE][INFO] - Matching actual text 'LOGO e-Fatura' with expected text 'LOGO e-Fatura'

2021-11-11 09:39:05 - [MESSAGE][PASSED] - Actual text 'LOGO e-Fatura' and expected text 'LOGO e-Fatura' are matched 

2021-11-11 09:39:05 - [TEST_STEP][PASSED] - sendKeys(findTestObject("Sayfalar/Giris_Sayfasi/Firma_Kodu"), KullaniciAdi): Keys 'ELOGO6' sent to object: 'Object Repository/Sayfalar/Giris_Sayfasi/Firma_Kodu'

2021-11-11 09:39:05 - [MESSAGE][INFO] - Finding Test Object 'Object Repository/Sayfalar/Giris_Sayfasi/Firma_Kodu'

2021-11-11 09:39:05 - [MESSAGE][INFO] - Sending keys 'ELOGO6' to object: 'Object Repository/Sayfalar/Giris_Sayfasi/Firma_Kodu'

2021-11-11 09:39:05 - [MESSAGE][INFO] - Finding web element from Test Object's properties

2021-11-11 09:39:05 - [MESSAGE][INFO] - Checking timeout

2021-11-11 09:39:05 - [MESSAGE][INFO] - Finding web element with id: 'Object Repository/Sayfalar/Giris_Sayfasi/Firma_Kodu' located by 'By.xpath: //*[@id = 'AccountName']' in '30' second(s)

2021-11-11 09:39:05 - [MESSAGE][INFO] - Smart Wait Function is triggered

2021-11-11 09:39:05 - [MESSAGE][INFO] - Found 1 web elements with id: 'Object Repository/Sayfalar/Giris_Sayfasi/Firma_Kodu' located by 'By.xpath: //*[@id = 'AccountName']' in '30' second(s)

2021-11-11 09:39:05 - [MESSAGE][PASSED] - Keys 'ELOGO6' sent to object: 'Object Repository/Sayfalar/Giris_Sayfasi/Firma_Kodu'

2021-11-11 09:39:05 - [TEST_STEP][PASSED] - sendKeys(findTestObject("Sayfalar/Giris_Sayfasi/Sifre"), Sifre): Keys '123456' sent to object: 'Object Repository/Sayfalar/Giris_Sayfasi/Sifre'

2021-11-11 09:39:05 - [MESSAGE][INFO] - Finding Test Object 'Object Repository/Sayfalar/Giris_Sayfasi/Sifre'

2021-11-11 09:39:05 - [MESSAGE][INFO] - Sending keys '123456' to object: 'Object Repository/Sayfalar/Giris_Sayfasi/Sifre'

2021-11-11 09:39:05 - [MESSAGE][INFO] - Finding web element from Test Object's properties

2021-11-11 09:39:05 - [MESSAGE][INFO] - Checking timeout

2021-11-11 09:39:05 - [MESSAGE][INFO] - Finding web element with id: 'Object Repository/Sayfalar/Giris_Sayfasi/Sifre' located by 'By.xpath: //*[@id = 'Password']' in '30' second(s)

2021-11-11 09:39:05 - [MESSAGE][INFO] - Smart Wait Function is triggered

2021-11-11 09:39:06 - [MESSAGE][INFO] - Found 1 web elements with id: 'Object Repository/Sayfalar/Giris_Sayfasi/Sifre' located by 'By.xpath: //*[@id = 'Password']' in '30' second(s)

2021-11-11 09:39:06 - [MESSAGE][PASSED] - Keys '123456' sent to object: 'Object Repository/Sayfalar/Giris_Sayfasi/Sifre'

2021-11-11 09:39:06 - [TEST_STEP][PASSED] - findWebElement(findTestObject("Sayfalar/Giris_Sayfasi/Giris_Butonu")).click(): Found 1 web elements with id: 'Object Repository/Sayfalar/Giris_Sayfasi/Giris_Butonu' located by 'By.cssSelector: #btnLogin' in '30' second(s)

2021-11-11 09:39:06 - [MESSAGE][INFO] - Finding Test Object 'Object Repository/Sayfalar/Giris_Sayfasi/Giris_Butonu'

2021-11-11 09:39:06 - [MESSAGE][INFO] - Finding web element from Test Object's properties

2021-11-11 09:39:06 - [MESSAGE][INFO] - Checking timeout

2021-11-11 09:39:06 - [MESSAGE][INFO] - Finding web element with id: 'Object Repository/Sayfalar/Giris_Sayfasi/Giris_Butonu' located by 'By.cssSelector: #btnLogin' in '30' second(s)

2021-11-11 09:39:06 - [MESSAGE][INFO] - Smart Wait Function is triggered

2021-11-11 09:39:06 - [MESSAGE][INFO] - Found 1 web elements with id: 'Object Repository/Sayfalar/Giris_Sayfasi/Giris_Butonu' located by 'By.cssSelector: #btnLogin' in '30' second(s)

2021-11-11 09:39:09 - [TEST_STEP][PASSED] - if (verifyElementPresent(findTestObject("Object Repository/Sayfalar/Giris_Sayfasi/RetveTamam_Butonu"), 5, OPTIONAL)): null

2021-11-11 09:39:09 - [MESSAGE][INFO] - Finding Test Object 'Object Repository/Sayfalar/Giris_Sayfasi/RetveTamam_Butonu'

2021-11-11 09:39:09 - [MESSAGE][INFO] - Checking object

2021-11-11 09:39:09 - [MESSAGE][INFO] - Finding web element from Test Object's properties

2021-11-11 09:39:09 - [MESSAGE][INFO] - Checking timeout

2021-11-11 09:39:09 - [MESSAGE][INFO] - Finding web element with id: 'Object Repository/Sayfalar/Giris_Sayfasi/RetveTamam_Butonu' located by 'By.xpath: //*[@class = 'btn btn-default']' in '5' second(s)

2021-11-11 09:39:09 - [MESSAGE][INFO] - Smart Wait Function is triggered

2021-11-11 09:39:09 - [MESSAGE][INFO] - Found 1 web elements with id: 'Object Repository/Sayfalar/Giris_Sayfasi/RetveTamam_Butonu' located by 'By.xpath: //*[@class = 'btn btn-default']' in '5' second(s)

2021-11-11 09:39:09 - [MESSAGE][PASSED] - Object 'Object Repository/Sayfalar/Giris_Sayfasi/RetveTamam_Butonu' is present

2021-11-11 09:39:09 - [TEST_STEP][PASSED] - click(findTestObject("Object Repository/Sayfalar/Giris_Sayfasi/RetveTamam_Butonu")): Object: 'Object Repository/Sayfalar/Giris_Sayfasi/RetveTamam_Butonu' is clicked on

2021-11-11 09:39:09 - [MESSAGE][INFO] - Finding Test Object 'Object Repository/Sayfalar/Giris_Sayfasi/RetveTamam_Butonu'

2021-11-11 09:39:09 - [MESSAGE][INFO] - Checking object

2021-11-11 09:39:09 - [MESSAGE][INFO] - Finding web element from Test Object's properties

2021-11-11 09:39:09 - [MESSAGE][INFO] - Checking timeout

2021-11-11 09:39:09 - [MESSAGE][INFO] - Finding web element with id: 'Object Repository/Sayfalar/Giris_Sayfasi/RetveTamam_Butonu' located by 'By.xpath: //*[@class = 'btn btn-default']' in '30' second(s)

2021-11-11 09:39:09 - [MESSAGE][INFO] - Smart Wait Function is triggered

2021-11-11 09:39:09 - [MESSAGE][INFO] - Found 1 web elements with id: 'Object Repository/Sayfalar/Giris_Sayfasi/RetveTamam_Butonu' located by 'By.xpath: //*[@class = 'btn btn-default']' in '30' second(s)

2021-11-11 09:39:09 - [MESSAGE][INFO] - Clicking on object: 'Object Repository/Sayfalar/Giris_Sayfasi/RetveTamam_Butonu'

2021-11-11 09:39:09 - [MESSAGE][PASSED] - Object: 'Object Repository/Sayfalar/Giris_Sayfasi/RetveTamam_Butonu' is clicked on

2021-11-11 09:39:09 - [TEST_STEP][PASSED] - click(findTestObject("Object Repository/Sayfalar/Giris_Sayfasi/RetveTamam_Butonu")): Object: 'Object Repository/Sayfalar/Giris_Sayfasi/RetveTamam_Butonu' is clicked on

2021-11-11 09:39:09 - [MESSAGE][INFO] - Finding Test Object 'Object Repository/Sayfalar/Giris_Sayfasi/RetveTamam_Butonu'

2021-11-11 09:39:09 - [MESSAGE][INFO] - Checking object

2021-11-11 09:39:09 - [MESSAGE][INFO] - Finding web element from Test Object's properties

2021-11-11 09:39:09 - [MESSAGE][INFO] - Checking timeout

2021-11-11 09:39:09 - [MESSAGE][INFO] - Finding web element with id: 'Object Repository/Sayfalar/Giris_Sayfasi/RetveTamam_Butonu' located by 'By.xpath: //*[@class = 'btn btn-default']' in '30' second(s)

2021-11-11 09:39:09 - [MESSAGE][INFO] - Smart Wait Function is triggered

2021-11-11 09:39:16 - [MESSAGE][INFO] - Found 1 web elements with id: 'Object Repository/Sayfalar/Giris_Sayfasi/RetveTamam_Butonu' located by 'By.xpath: //*[@class = 'btn btn-default']' in '30' second(s)

2021-11-11 09:39:16 - [MESSAGE][INFO] - Clicking on object: 'Object Repository/Sayfalar/Giris_Sayfasi/RetveTamam_Butonu'

2021-11-11 09:39:16 - [MESSAGE][PASSED] - Object: 'Object Repository/Sayfalar/Giris_Sayfasi/RetveTamam_Butonu' is clicked on

2021-11-11 09:39:16 - [TEST_STEP][PASSED] - if (verifyElementPresent(findTestObject("Sayfalar/Giris_Sayfasi/PopupOK"), 5, OPTIONAL)): null

2021-11-11 09:39:16 - [MESSAGE][INFO] - Finding Test Object 'Object Repository/Sayfalar/Giris_Sayfasi/PopupOK'

2021-11-11 09:39:16 - [MESSAGE][INFO] - Checking object

2021-11-11 09:39:16 - [MESSAGE][INFO] - Finding web element from Test Object's properties

2021-11-11 09:39:16 - [MESSAGE][INFO] - Checking timeout

2021-11-11 09:39:16 - [MESSAGE][INFO] - Finding web element with id: 'Object Repository/Sayfalar/Giris_Sayfasi/PopupOK' located by 'By.cssSelector: .btn.btn-success' in '5' second(s)

2021-11-11 09:39:16 - [MESSAGE][INFO] - Smart Wait Function is triggered

2021-11-11 09:39:17 - [MESSAGE][INFO] - Found 1 web elements with id: 'Object Repository/Sayfalar/Giris_Sayfasi/PopupOK' located by 'By.cssSelector: .btn.btn-success' in '5' second(s)

2021-11-11 09:39:17 - [MESSAGE][PASSED] - Object 'Object Repository/Sayfalar/Giris_Sayfasi/PopupOK' is present

2021-11-11 09:39:17 - [TEST_STEP][PASSED] - click(findTestObject("Object Repository/Sayfalar/Giris_Sayfasi/PopupCarpiGiris")): Object: 'Object Repository/Sayfalar/Giris_Sayfasi/PopupCarpiGiris' is clicked on

2021-11-11 09:39:17 - [MESSAGE][INFO] - Finding Test Object 'Object Repository/Sayfalar/Giris_Sayfasi/PopupCarpiGiris'

2021-11-11 09:39:17 - [MESSAGE][INFO] - Checking object

2021-11-11 09:39:17 - [MESSAGE][INFO] - Finding web element from Test Object's properties

2021-11-11 09:39:17 - [MESSAGE][INFO] - Checking timeout

2021-11-11 09:39:17 - [MESSAGE][INFO] - Finding web element with id: 'Object Repository/Sayfalar/Giris_Sayfasi/PopupCarpiGiris' located by 'By.cssSelector: .bootbox-close-button.close' in '30' second(s)

2021-11-11 09:39:17 - [MESSAGE][INFO] - Smart Wait Function is triggered

2021-11-11 09:39:17 - [MESSAGE][INFO] - Found 1 web elements with id: 'Object Repository/Sayfalar/Giris_Sayfasi/PopupCarpiGiris' located by 'By.cssSelector: .bootbox-close-button.close' in '30' second(s)

2021-11-11 09:39:17 - [MESSAGE][INFO] - Clicking on object: 'Object Repository/Sayfalar/Giris_Sayfasi/PopupCarpiGiris'

2021-11-11 09:39:17 - [MESSAGE][PASSED] - Object: 'Object Repository/Sayfalar/Giris_Sayfasi/PopupCarpiGiris' is clicked on

2021-11-11 09:39:17 - [TEST_STEP][PASSED] - verifyElementVisible(findTestObject("Object Repository/Kullanici_Islemleri/KullaniciIslemleri")): Object 'Object Repository/Kullanici_Islemleri/KullaniciIslemleri' is visible

2021-11-11 09:39:17 - [MESSAGE][INFO] - Finding Test Object 'Object Repository/Kullanici_Islemleri/KullaniciIslemleri'

2021-11-11 09:39:18 - [MESSAGE][INFO] - Checking object

2021-11-11 09:39:18 - [MESSAGE][INFO] - Finding web element from Test Object's properties

2021-11-11 09:39:18 - [MESSAGE][INFO] - Checking timeout

2021-11-11 09:39:18 - [MESSAGE][INFO] - Finding web element with id: 'Object Repository/Kullanici_Islemleri/KullaniciIslemleri' located by 'By.cssSelector: .dropdown>a>img' in '30' second(s)

2021-11-11 09:39:18 - [MESSAGE][INFO] - Smart Wait Function is triggered

2021-11-11 09:39:18 - [MESSAGE][INFO] - Found 1 web elements with id: 'Object Repository/Kullanici_Islemleri/KullaniciIslemleri' located by 'By.cssSelector: .dropdown>a>img' in '30' second(s)

2021-11-11 09:39:18 - [MESSAGE][PASSED] - Object 'Object Repository/Kullanici_Islemleri/KullaniciIslemleri' is visible

2021-11-11 09:39:18 - [MESSAGE][PASSED] - Call Test Case 'Test Cases/Sayfalar/Giris_Sayfasi/Login' successfully

2021-11-11 09:39:18 - [MESSAGE][INFO] - Checking called Test Case

2021-11-11 09:39:18 - [MESSAGE][INFO] - Starting to call Test Case 'Test Cases/Menu/AnaMenuSecimi'

2021-11-11 09:39:18 - [TEST_CASE][PASSED] - Test Cases/Menu/AnaMenuSecimi: Test Cases/Menu/AnaMenuSecimi

2021-11-11 09:39:18 - [TEST_STEP][PASSED] - Method.TextDegerineEsitElementeTikla(findTestObject("Menu/Ana_Menu"), Ana_Menu): Method.TextDegerineEsitElementeTikla is PASSED

2021-11-11 09:39:18 - [MESSAGE][INFO] - Finding Test Object 'Object Repository/Menu/Ana_Menu'

2021-11-11 09:39:18 - [MESSAGE][INFO] - Checking timeout

2021-11-11 09:39:18 - [MESSAGE][INFO] - Finding web element with id: 'Object Repository/Menu/Ana_Menu' located by 'By.xpath: //*[@class = 'dropdown-toggle']' in '10' second(s)

2021-11-11 09:39:18 - [MESSAGE][INFO] - Smart Wait Function is triggered

2021-11-11 09:39:19 - [MESSAGE][INFO] - Found 14 web elements with id: 'Object Repository/Menu/Ana_Menu' located by 'By.xpath: //*[@class = 'dropdown-toggle']' in '10' second(s)

2021-11-11 09:39:19 - [MESSAGE][PASSED] - Method.TextDegerineEsitElementeTikla is PASSED

2021-11-11 09:39:19 - [MESSAGE][PASSED] - Call Test Case 'Test Cases/Menu/AnaMenuSecimi' successfully

2021-11-11 09:39:19 - [MESSAGE][INFO] - Checking called Test Case

2021-11-11 09:39:19 - [MESSAGE][INFO] - Starting to call Test Case 'Test Cases/Menu/BasligaGoreAltMenuSecimi'

2021-11-11 09:39:19 - [TEST_CASE][PASSED] - Test Cases/Menu/BasligaGoreAltMenuSecimi: Test Cases/Menu/BasligaGoreAltMenuSecimi

2021-11-11 09:39:19 - [TEST_STEP][PASSED] - Method.TextDegerineEsitElementinAltindakiTextDegerineEsitOlanaTikla(findTestObject("Menu/Menu_Basligi"), findTestObject("Menu/Basliga_Gore_Alt_Menu"), Baslik, Alt_Menu): Method.TextDegerineEsitElementinAltindakiTextDegerineEsitOlanaTikla is PASSED

2021-11-11 09:39:19 - [MESSAGE][INFO] - Finding Test Object 'Object Repository/Menu/Menu_Basligi'

2021-11-11 09:39:19 - [MESSAGE][INFO] - Finding Test Object 'Object Repository/Menu/Basliga_Gore_Alt_Menu'

2021-11-11 09:39:19 - [MESSAGE][INFO] - Checking timeout

2021-11-11 09:39:19 - [MESSAGE][INFO] - Finding web element with id: 'Object Repository/Menu/Menu_Basligi' located by 'By.xpath: //li[@class='dropdown dropdown-large open']//li[@class='dropdown-header']' in '10' second(s)

2021-11-11 09:39:19 - [MESSAGE][INFO] - Smart Wait Function is triggered

2021-11-11 09:39:19 - [MESSAGE][INFO] - Found 3 web elements with id: 'Object Repository/Menu/Menu_Basligi' located by 'By.xpath: //li[@class='dropdown dropdown-large open']//li[@class='dropdown-header']' in '10' second(s)

2021-11-11 09:39:19 - [MESSAGE][INFO] - Smart Wait Function is triggered

2021-11-11 09:39:21 - [MESSAGE][PASSED] - Method.TextDegerineEsitElementinAltindakiTextDegerineEsitOlanaTikla is PASSED

2021-11-11 09:39:21 - [MESSAGE][PASSED] - Call Test Case 'Test Cases/Menu/BasligaGoreAltMenuSecimi' successfully

2021-11-11 09:39:21 - [MESSAGE][INFO] - Checking called Test Case

2021-11-11 09:39:21 - [MESSAGE][INFO] - Starting to call Test Case 'Test Cases/Filtreler/BaslangicYaz'

2021-11-11 09:39:21 - [TEST_CASE][PASSED] - Test Cases/Filtreler/BaslangicYaz: Test Cases/Filtreler/BaslangicYaz

2021-11-11 09:39:21 - [TEST_STEP][PASSED] - Method.TextDegerineEsitElementinAltindakineTikla(findTestObject("Filtreler/Basliklar"), findTestObject("Filtreler/Basliga_Gore_Baslangic_Image"), Filtre_Adi): Method.TextDegerineEsitElementinAltindakineTikla is PASSED

2021-11-11 09:39:21 - [MESSAGE][INFO] - Finding Test Object 'Object Repository/Filtreler/Basliklar'

2021-11-11 09:39:22 - [MESSAGE][INFO] - Finding Test Object 'Object Repository/Filtreler/Basliga_Gore_Baslangic_Image'

2021-11-11 09:39:22 - [MESSAGE][INFO] - Checking timeout

2021-11-11 09:39:22 - [MESSAGE][INFO] - Finding web element with id: 'Object Repository/Filtreler/Basliklar' located by 'By.cssSelector: .control-label.col-sm-4.paddingMarginRLC' in '10' second(s)

2021-11-11 09:39:22 - [MESSAGE][INFO] - Smart Wait Function is triggered

2021-11-11 09:39:22 - [MESSAGE][INFO] - Found 13 web elements with id: 'Object Repository/Filtreler/Basliklar' located by 'By.cssSelector: .control-label.col-sm-4.paddingMarginRLC' in '10' second(s)

2021-11-11 09:39:22 - [MESSAGE][INFO] - Smart Wait Function is triggered

2021-11-11 09:39:22 - [MESSAGE][PASSED] - Method.TextDegerineEsitElementinAltindakineTikla is PASSED

2021-11-11 09:39:22 - [TEST_STEP][PASSED] - Method.TextDegerineEsitElementinAltindakiTextboxtaYaz(findTestObject("Filtreler/Basliklar"), findTestObject("Filtreler/Basliga_Gore_Baslangic"), Filtre_Adi, Filtre_Degeri): Method.TextDegerineEsitElementinAltindakiTextboxtaYaz is PASSED

2021-11-11 09:39:22 - [MESSAGE][INFO] - Finding Test Object 'Object Repository/Filtreler/Basliklar'

2021-11-11 09:39:22 - [MESSAGE][INFO] - Finding Test Object 'Object Repository/Filtreler/Basliga_Gore_Baslangic'

2021-11-11 09:39:23 - [MESSAGE][INFO] - Checking timeout

2021-11-11 09:39:23 - [MESSAGE][INFO] - Finding web element with id: 'Object Repository/Filtreler/Basliklar' located by 'By.cssSelector: .control-label.col-sm-4.paddingMarginRLC' in '10' second(s)

2021-11-11 09:39:23 - [MESSAGE][INFO] - Smart Wait Function is triggered

2021-11-11 09:39:23 - [MESSAGE][INFO] - Found 13 web elements with id: 'Object Repository/Filtreler/Basliklar' located by 'By.cssSelector: .control-label.col-sm-4.paddingMarginRLC' in '10' second(s)

2021-11-11 09:39:23 - [MESSAGE][INFO] - Smart Wait Function is triggered

2021-11-11 09:39:23 - [MESSAGE][PASSED] - Method.TextDegerineEsitElementinAltindakiTextboxtaYaz is PASSED

2021-11-11 09:39:23 - [MESSAGE][PASSED] - Call Test Case 'Test Cases/Filtreler/BaslangicYaz' successfully

2021-11-11 09:39:23 - [MESSAGE][INFO] - Checking called Test Case

2021-11-11 09:39:23 - [MESSAGE][INFO] - Starting to call Test Case 'Test Cases/Filtreler/BitisYaz'

2021-11-11 09:39:23 - [TEST_CASE][PASSED] - Test Cases/Filtreler/BitisYaz: Test Cases/Filtreler/BitisYaz

2021-11-11 09:39:23 - [TEST_STEP][PASSED] - Method.TextDegerineEsitElementinAltindakineTikla(findTestObject("Filtreler/Basliklar"), findTestObject("Filtreler/Basliga_Gore_Bitis_Image"), Filtre_Adi): Method.TextDegerineEsitElementinAltindakineTikla is PASSED

2021-11-11 09:39:23 - [MESSAGE][INFO] - Finding Test Object 'Object Repository/Filtreler/Basliklar'

2021-11-11 09:39:23 - [MESSAGE][INFO] - Finding Test Object 'Object Repository/Filtreler/Basliga_Gore_Bitis_Image'

2021-11-11 09:39:24 - [MESSAGE][INFO] - Checking timeout

2021-11-11 09:39:24 - [MESSAGE][INFO] - Finding web element with id: 'Object Repository/Filtreler/Basliklar' located by 'By.cssSelector: .control-label.col-sm-4.paddingMarginRLC' in '10' second(s)

2021-11-11 09:39:24 - [MESSAGE][INFO] - Smart Wait Function is triggered

2021-11-11 09:39:24 - [MESSAGE][INFO] - Found 13 web elements with id: 'Object Repository/Filtreler/Basliklar' located by 'By.cssSelector: .control-label.col-sm-4.paddingMarginRLC' in '10' second(s)

2021-11-11 09:39:24 - [MESSAGE][INFO] - Smart Wait Function is triggered

2021-11-11 09:39:24 - [MESSAGE][PASSED] - Method.TextDegerineEsitElementinAltindakineTikla is PASSED

2021-11-11 09:39:24 - [TEST_STEP][PASSED] - Method.TextDegerineEsitElementinAltindakiTextboxtaYaz(findTestObject("Filtreler/Basliklar"), findTestObject("Object Repository/Filtreler/Basliga_Gore_Bitis"), Filtre_Adi, Filtre_Degeri): Method.TextDegerineEsitElementinAltindakiTextboxtaYaz is PASSED

2021-11-11 09:39:24 - [MESSAGE][INFO] - Finding Test Object 'Object Repository/Filtreler/Basliklar'

2021-11-11 09:39:24 - [MESSAGE][INFO] - Finding Test Object 'Object Repository/Filtreler/Basliga_Gore_Bitis'

2021-11-11 09:39:24 - [MESSAGE][INFO] - Checking timeout

2021-11-11 09:39:24 - [MESSAGE][INFO] - Finding web element with id: 'Object Repository/Filtreler/Basliklar' located by 'By.cssSelector: .control-label.col-sm-4.paddingMarginRLC' in '10' second(s)

2021-11-11 09:39:24 - [MESSAGE][INFO] - Smart Wait Function is triggered

2021-11-11 09:39:25 - [MESSAGE][INFO] - Found 13 web elements with id: 'Object Repository/Filtreler/Basliklar' located by 'By.cssSelector: .control-label.col-sm-4.paddingMarginRLC' in '10' second(s)

2021-11-11 09:39:25 - [MESSAGE][INFO] - Smart Wait Function is triggered

2021-11-11 09:39:25 - [MESSAGE][PASSED] - Method.TextDegerineEsitElementinAltindakiTextboxtaYaz is PASSED

2021-11-11 09:39:25 - [MESSAGE][PASSED] - Call Test Case 'Test Cases/Filtreler/BitisYaz' successfully

2021-11-11 09:39:25 - [MESSAGE][INFO] - Checking called Test Case

2021-11-11 09:39:25 - [MESSAGE][INFO] - Starting to call Test Case 'Test Cases/Filtreler/ButonaTikla'

2021-11-11 09:39:25 - [TEST_CASE][PASSED] - Test Cases/Filtreler/ButonaTikla: Test Cases/Filtreler/ButonaTikla

2021-11-11 09:39:25 - [TEST_STEP][PASSED] - Method.TextDegerineEsitElementeTikla(findTestObject("Filtreler/Butonlar"), Filtre_Buton): Method.TextDegerineEsitElementeTikla is PASSED

2021-11-11 09:39:25 - [MESSAGE][INFO] - Finding Test Object 'Object Repository/Filtreler/Butonlar'

2021-11-11 09:39:25 - [MESSAGE][INFO] - Checking timeout

2021-11-11 09:39:25 - [MESSAGE][INFO] - Finding web element with id: 'Object Repository/Filtreler/Butonlar' located by 'By.cssSelector: .dxb>span' in '10' second(s)

2021-11-11 09:39:25 - [MESSAGE][INFO] - Smart Wait Function is triggered

2021-11-11 09:39:26 - [MESSAGE][INFO] - Found 3 web elements with id: 'Object Repository/Filtreler/Butonlar' located by 'By.cssSelector: .dxb>span' in '10' second(s)

2021-11-11 09:39:26 - [MESSAGE][PASSED] - Method.TextDegerineEsitElementeTikla is PASSED

2021-11-11 09:39:26 - [MESSAGE][PASSED] - Call Test Case 'Test Cases/Filtreler/ButonaTikla' successfully

2021-11-11 09:39:26 - [MESSAGE][INFO] - Checking called Test Case

2021-11-11 09:39:26 - [MESSAGE][INFO] - Starting to call Test Case 'Test Cases/Tablo/TablodaVeriVarMi'

2021-11-11 09:39:26 - [TEST_CASE][PASSED] - Test Cases/Tablo/TablodaVeriVarMi: Test Cases/Tablo/TablodaVeriVarMi

2021-11-11 09:39:26 - [TEST_STEP][PASSED] - verifyTextNotPresent("Görüntülenecek veri yok", true): Text 'Görüntülenecek veri yok' is not present on page using regular expression

2021-11-11 09:39:26 - [MESSAGE][INFO] - Checking text present  using regular expression

2021-11-11 09:39:26 - [MESSAGE][INFO] - Smart Wait Function is triggered

2021-11-11 09:39:27 - [MESSAGE][INFO] - Finding text 'Görüntülenecek veri yok' on page  using regular expression

2021-11-11 09:39:27 - [MESSAGE][PASSED] - Text 'Görüntülenecek veri yok' is not present on page using regular expression

2021-11-11 09:39:27 - [MESSAGE][PASSED] - Call Test Case 'Test Cases/Tablo/TablodaVeriVarMi' successfully

2021-11-11 09:39:27 - [MESSAGE][INFO] - Checking called Test Case

2021-11-11 09:39:27 - [MESSAGE][INFO] - Starting to call Test Case 'Test Cases/Tablo/TablodanVeriSec'

2021-11-11 09:39:27 - [TEST_CASE][PASSED] - Test Cases/Tablo/TablodanVeriSec: Test Cases/Tablo/TablodanVeriSec

2021-11-11 09:39:27 - [TEST_STEP][PASSED] - Method.TextDegerineEsitElementinAltindakineTikla(findTestObject("Tablo/Veriler"), findTestObject("Tablo/VerininCheckBoxi"), Veri_Adi): Method.TextDegerineEsitElementinAltindakineTikla is PASSED

2021-11-11 09:39:27 - [MESSAGE][INFO] - Finding Test Object 'Object Repository/Tablo/Veriler'

2021-11-11 09:39:27 - [MESSAGE][INFO] - Finding Test Object 'Object Repository/Tablo/VerininCheckBoxi'

2021-11-11 09:39:27 - [MESSAGE][INFO] - Checking timeout

2021-11-11 09:39:27 - [MESSAGE][INFO] - Finding web element with id: 'Object Repository/Tablo/Veriler' located by 'By.cssSelector: td.dxgv b ,td.dxgv' in '10' second(s)

2021-11-11 09:39:27 - [MESSAGE][INFO] - Smart Wait Function is triggered

2021-11-11 09:39:27 - [MESSAGE][INFO] - Found 27 web elements with id: 'Object Repository/Tablo/Veriler' located by 'By.cssSelector: td.dxgv b ,td.dxgv' in '10' second(s)

2021-11-11 09:39:27 - [MESSAGE][INFO] - Smart Wait Function is triggered

2021-11-11 09:39:28 - [MESSAGE][PASSED] - Method.TextDegerineEsitElementinAltindakineTikla is PASSED

2021-11-11 09:39:28 - [MESSAGE][PASSED] - Call Test Case 'Test Cases/Tablo/TablodanVeriSec' successfully

2021-11-11 09:39:28 - [MESSAGE][INFO] - Checking called Test Case

2021-11-11 09:39:28 - [MESSAGE][INFO] - Starting to call Test Case 'Test Cases/Butonlar/ButonaTikla'

2021-11-11 09:39:28 - [TEST_CASE][PASSED] - Test Cases/Butonlar/ButonaTikla: Test Cases/Butonlar/ButonaTikla

2021-11-11 09:39:28 - [TEST_STEP][PASSED] - Method.TextDegerineEsitElementeTiklaEquals(findTestObject("Butonlar/Butonlar"), Buton_Adi): Method.TextDegerineEsitElementeTiklaEquals is PASSED

2021-11-11 09:39:28 - [MESSAGE][INFO] - Finding Test Object 'Object Repository/Butonlar/Butonlar'

2021-11-11 09:39:28 - [MESSAGE][INFO] - Checking timeout

2021-11-11 09:39:28 - [MESSAGE][INFO] - Finding web element with id: 'Object Repository/Butonlar/Butonlar' located by 'By.cssSelector: .panel.panel-default.text-center.footerPanel .btn,.btn.btn-primary.btnControls' in '10' second(s)

2021-11-11 09:39:28 - [MESSAGE][INFO] - Smart Wait Function is triggered

2021-11-11 09:39:28 - [MESSAGE][INFO] - Found 6 web elements with id: 'Object Repository/Butonlar/Butonlar' located by 'By.cssSelector: .panel.panel-default.text-center.footerPanel .btn,.btn.btn-primary.btnControls' in '10' second(s)

2021-11-11 09:39:28 - [MESSAGE][PASSED] - Method.TextDegerineEsitElementeTiklaEquals is PASSED

2021-11-11 09:39:28 - [MESSAGE][PASSED] - Call Test Case 'Test Cases/Butonlar/ButonaTikla' successfully

2021-11-11 09:39:28 - [MESSAGE][INFO] - Checking called Test Case

2021-11-11 09:39:28 - [MESSAGE][INFO] - Starting to call Test Case 'Test Cases/Butonlar/AltButonaTikla'

2021-11-11 09:39:28 - [TEST_CASE][PASSED] - Test Cases/Butonlar/AltButonaTikla: Test Cases/Butonlar/AltButonaTikla

2021-11-11 09:39:28 - [TEST_STEP][PASSED] - Method.TextDegerineEsitElementeTikla(findTestObject("Butonlar/AltButonlar"), Alt_Buton): Method.TextDegerineEsitElementeTikla is PASSED

2021-11-11 09:39:28 - [MESSAGE][INFO] - Finding Test Object 'Object Repository/Butonlar/AltButonlar'

2021-11-11 09:39:28 - [MESSAGE][INFO] - Checking timeout

2021-11-11 09:39:28 - [MESSAGE][INFO] - Finding web element with id: 'Object Repository/Butonlar/AltButonlar' located by 'By.cssSelector: .btn-group.open li>a' in '10' second(s)

2021-11-11 09:39:28 - [MESSAGE][INFO] - Smart Wait Function is triggered

2021-11-11 09:39:29 - [MESSAGE][INFO] - Found 2 web elements with id: 'Object Repository/Butonlar/AltButonlar' located by 'By.cssSelector: .btn-group.open li>a' in '10' second(s)

2021-11-11 09:39:29 - [MESSAGE][PASSED] - Method.TextDegerineEsitElementeTikla is PASSED

2021-11-11 09:39:29 - [MESSAGE][PASSED] - Call Test Case 'Test Cases/Butonlar/AltButonaTikla' successfully

2021-11-11 09:39:29 - [MESSAGE][INFO] - Checking called Test Case

2021-11-11 09:39:29 - [MESSAGE][INFO] - Starting to call Test Case 'Test Cases/Popup/PopupMesajiIceriyorMu'

2021-11-11 09:39:29 - [TEST_CASE][PASSED] - Test Cases/Popup/PopupMesajiIceriyorMu: Test Cases/Popup/PopupMesajiIceriyorMu

2021-11-11 09:39:29 - [TEST_STEP][PASSED] - waitForElementVisible(findTestObject("Popup/Popup"), 10): Object 'Object Repository/Popup/Popup' is visible

2021-11-11 09:39:29 - [MESSAGE][INFO] - Finding Test Object 'Object Repository/Popup/Popup'

2021-11-11 09:39:29 - [MESSAGE][INFO] - Checking object

2021-11-11 09:39:29 - [MESSAGE][INFO] - Checking timeout

2021-11-11 09:39:29 - [MESSAGE][INFO] - Finding web element from Test Object's properties

2021-11-11 09:39:29 - [MESSAGE][INFO] - Checking timeout

2021-11-11 09:39:29 - [MESSAGE][INFO] - Finding web element with id: 'Object Repository/Popup/Popup' located by 'By.cssSelector: .bootbox-body' in '10' second(s)

2021-11-11 09:39:29 - [MESSAGE][INFO] - Smart Wait Function is triggered

2021-11-11 09:39:30 - [MESSAGE][INFO] - Found 1 web elements with id: 'Object Repository/Popup/Popup' located by 'By.cssSelector: .bootbox-body' in '10' second(s)

2021-11-11 09:39:30 - [MESSAGE][PASSED] - Object 'Object Repository/Popup/Popup' is visible

2021-11-11 09:39:30 - [TEST_STEP][PASSED] - if (!(getText(findTestObject("Popup/Popup")).contains(Mesaj))): Text of object 'Object Repository/Popup/Popup' is: 'Lütfen rapor bildiriminin gönderileceği e-posta adresini belirtiniz.
e-Posta Adresi'

2021-11-11 09:39:30 - [MESSAGE][INFO] - Finding Test Object 'Object Repository/Popup/Popup'

2021-11-11 09:39:30 - [MESSAGE][INFO] - Checking object

2021-11-11 09:39:30 - [MESSAGE][INFO] - Finding web element from Test Object's properties

2021-11-11 09:39:30 - [MESSAGE][INFO] - Checking timeout

2021-11-11 09:39:30 - [MESSAGE][INFO] - Finding web element with id: 'Object Repository/Popup/Popup' located by 'By.cssSelector: .bootbox-body' in '30' second(s)

2021-11-11 09:39:30 - [MESSAGE][INFO] - Smart Wait Function is triggered

2021-11-11 09:39:30 - [MESSAGE][INFO] - Found 1 web elements with id: 'Object Repository/Popup/Popup' located by 'By.cssSelector: .bootbox-body' in '30' second(s)

2021-11-11 09:39:30 - [MESSAGE][INFO] - Getting text of object 'Object Repository/Popup/Popup'

2021-11-11 09:39:30 - [MESSAGE][PASSED] - Text of object 'Object Repository/Popup/Popup' is: 'Lütfen rapor bildiriminin gönderileceği e-posta adresini belirtiniz.
e-Posta Adresi'

2021-11-11 09:39:30 - [TEST_STEP][PASSED] - RaporNo = getText(findTestObject("Popup/Popup")).substring(0, 6): Text of object 'Object Repository/Popup/Popup' is: 'Lütfen rapor bildiriminin gönderileceği e-posta adresini belirtiniz.
e-Posta Adresi'

2021-11-11 09:39:30 - [MESSAGE][INFO] - Finding Test Object 'Object Repository/Popup/Popup'

2021-11-11 09:39:30 - [MESSAGE][INFO] - Checking object

2021-11-11 09:39:30 - [MESSAGE][INFO] - Finding web element from Test Object's properties

2021-11-11 09:39:30 - [MESSAGE][INFO] - Checking timeout

2021-11-11 09:39:30 - [MESSAGE][INFO] - Finding web element with id: 'Object Repository/Popup/Popup' located by 'By.cssSelector: .bootbox-body' in '30' second(s)

2021-11-11 09:39:30 - [MESSAGE][INFO] - Smart Wait Function is triggered

2021-11-11 09:39:31 - [MESSAGE][INFO] - Found 1 web elements with id: 'Object Repository/Popup/Popup' located by 'By.cssSelector: .bootbox-body' in '30' second(s)

2021-11-11 09:39:31 - [MESSAGE][INFO] - Getting text of object 'Object Repository/Popup/Popup'

2021-11-11 09:39:31 - [MESSAGE][PASSED] - Text of object 'Object Repository/Popup/Popup' is: 'Lütfen rapor bildiriminin gönderileceği e-posta adresini belirtiniz.
e-Posta Adresi'

2021-11-11 09:39:31 - [TEST_STEP][PASSED] - Console.println(RaporNo): null

2021-11-11 09:39:31 - [MESSAGE][PASSED] - Call Test Case 'Test Cases/Popup/PopupMesajiIceriyorMu' successfully

2021-11-11 09:39:31 - [MESSAGE][INFO] - Checking called Test Case

2021-11-11 09:39:31 - [MESSAGE][INFO] - Starting to call Test Case 'Test Cases/Popup/PopupaEmailEklenir'

2021-11-11 09:39:31 - [TEST_CASE][PASSED] - Test Cases/Popup/PopupaEmailEklenir: Test Cases/Popup/PopupaEmailEklenir

2021-11-11 09:39:31 - [TEST_STEP][PASSED] - clearText(findTestObject("Popup/EmailText")): Text of object 'Object Repository/Popup/EmailText' is cleared

2021-11-11 09:39:31 - [MESSAGE][INFO] - Finding Test Object 'Object Repository/Popup/EmailText'

2021-11-11 09:39:31 - [MESSAGE][INFO] - Checking object

2021-11-11 09:39:31 - [MESSAGE][INFO] - Finding web element from Test Object's properties

2021-11-11 09:39:31 - [MESSAGE][INFO] - Checking timeout

2021-11-11 09:39:31 - [MESSAGE][INFO] - Finding web element with id: 'Object Repository/Popup/EmailText' located by 'By.xpath: //*[@id="eMails"]' in '30' second(s)

2021-11-11 09:39:31 - [MESSAGE][INFO] - Smart Wait Function is triggered

2021-11-11 09:39:31 - [MESSAGE][INFO] - Found 1 web elements with id: 'Object Repository/Popup/EmailText' located by 'By.xpath: //*[@id="eMails"]' in '30' second(s)

2021-11-11 09:39:31 - [MESSAGE][INFO] - Clearing text of object 'Object Repository/Popup/EmailText'

2021-11-11 09:39:31 - [MESSAGE][PASSED] - Text of object 'Object Repository/Popup/EmailText' is cleared

2021-11-11 09:39:31 - [TEST_STEP][PASSED] - sendKeys(findTestObject("Popup/EmailText"), Email): Keys 'elogotest@gmail.com;ali.kara@logo.com.tr' sent to object: 'Object Repository/Popup/EmailText'

2021-11-11 09:39:31 - [MESSAGE][INFO] - Finding Test Object 'Object Repository/Popup/EmailText'

2021-11-11 09:39:31 - [MESSAGE][INFO] - Sending keys 'elogotest@gmail.com;ali.kara@logo.com.tr' to object: 'Object Repository/Popup/EmailText'

2021-11-11 09:39:31 - [MESSAGE][INFO] - Finding web element from Test Object's properties

2021-11-11 09:39:31 - [MESSAGE][INFO] - Checking timeout

2021-11-11 09:39:31 - [MESSAGE][INFO] - Finding web element with id: 'Object Repository/Popup/EmailText' located by 'By.xpath: //*[@id="eMails"]' in '30' second(s)

2021-11-11 09:39:31 - [MESSAGE][INFO] - Smart Wait Function is triggered

2021-11-11 09:39:32 - [MESSAGE][INFO] - Found 1 web elements with id: 'Object Repository/Popup/EmailText' located by 'By.xpath: //*[@id="eMails"]' in '30' second(s)

2021-11-11 09:39:32 - [MESSAGE][PASSED] - Keys 'elogotest@gmail.com;ali.kara@logo.com.tr' sent to object: 'Object Repository/Popup/EmailText'

2021-11-11 09:39:32 - [MESSAGE][PASSED] - Call Test Case 'Test Cases/Popup/PopupaEmailEklenir' successfully

2021-11-11 09:39:32 - [MESSAGE][INFO] - Checking called Test Case

2021-11-11 09:39:32 - [MESSAGE][INFO] - Starting to call Test Case 'Test Cases/Popup/PopupButonSecilir'

2021-11-11 09:39:32 - [TEST_CASE][PASSED] - Test Cases/Popup/PopupButonSecilir: Test Cases/Popup/PopupButonSecilir

2021-11-11 09:39:32 - [TEST_STEP][PASSED] - Method.TextDegerineEsitElementeTikla(findTestObject("Popup/Popup_Butons"), Buton): Method.TextDegerineEsitElementeTikla is PASSED

2021-11-11 09:39:32 - [MESSAGE][INFO] - Finding Test Object 'Object Repository/Popup/Popup_Butons'

2021-11-11 09:39:32 - [MESSAGE][INFO] - Checking timeout

2021-11-11 09:39:32 - [MESSAGE][INFO] - Finding web element with id: 'Object Repository/Popup/Popup_Butons' located by 'By.cssSelector: .modal-footer>button' in '10' second(s)

2021-11-11 09:39:32 - [MESSAGE][INFO] - Smart Wait Function is triggered

2021-11-11 09:39:32 - [MESSAGE][INFO] - Found 2 web elements with id: 'Object Repository/Popup/Popup_Butons' located by 'By.cssSelector: .modal-footer>button' in '10' second(s)

2021-11-11 09:39:32 - [MESSAGE][PASSED] - Method.TextDegerineEsitElementeTikla is PASSED

2021-11-11 09:39:32 - [MESSAGE][PASSED] - Call Test Case 'Test Cases/Popup/PopupButonSecilir' successfully

2021-11-11 09:39:32 - [MESSAGE][INFO] - Checking called Test Case

2021-11-11 09:39:32 - [MESSAGE][INFO] - Starting to call Test Case 'Test Cases/Popup/PopupMesajiIceriyorMu'

2021-11-11 09:39:32 - [TEST_CASE][PASSED] - Test Cases/Popup/PopupMesajiIceriyorMu: Test Cases/Popup/PopupMesajiIceriyorMu

2021-11-11 09:39:32 - [TEST_STEP][PASSED] - waitForElementVisible(findTestObject("Popup/Popup"), 10): Object 'Object Repository/Popup/Popup' is visible

2021-11-11 09:39:32 - [MESSAGE][INFO] - Finding Test Object 'Object Repository/Popup/Popup'

2021-11-11 09:39:32 - [MESSAGE][INFO] - Checking object

2021-11-11 09:39:32 - [MESSAGE][INFO] - Checking timeout

2021-11-11 09:39:32 - [MESSAGE][INFO] - Finding web element from Test Object's properties

2021-11-11 09:39:32 - [MESSAGE][INFO] - Checking timeout

2021-11-11 09:39:32 - [MESSAGE][INFO] - Finding web element with id: 'Object Repository/Popup/Popup' located by 'By.cssSelector: .bootbox-body' in '10' second(s)

2021-11-11 09:39:32 - [MESSAGE][INFO] - Smart Wait Function is triggered

2021-11-11 09:39:33 - [MESSAGE][INFO] - Found 1 web elements with id: 'Object Repository/Popup/Popup' located by 'By.cssSelector: .bootbox-body' in '10' second(s)

2021-11-11 09:39:34 - [MESSAGE][PASSED] - Object 'Object Repository/Popup/Popup' is visible

2021-11-11 09:39:34 - [TEST_STEP][PASSED] - if (!(getText(findTestObject("Popup/Popup")).contains(Mesaj))): Text of object 'Object Repository/Popup/Popup' is: '16259 no’lu talebiniz işleme alınmıştır. Raporunuz hazırlandığında (elogotest@gmail.com;ali.kara@logo.com.tr) adresinize mail gönderilecektir.
Rapor durumunuzu Raporlar > Toplu Veri İndirme ekranından takip edebilir, hazırlandı durumundaki raporlarınızı ilgili menüden indirebilirsiniz.'

2021-11-11 09:39:34 - [MESSAGE][INFO] - Finding Test Object 'Object Repository/Popup/Popup'

2021-11-11 09:39:34 - [MESSAGE][INFO] - Checking object

2021-11-11 09:39:34 - [MESSAGE][INFO] - Finding web element from Test Object's properties

2021-11-11 09:39:34 - [MESSAGE][INFO] - Checking timeout

2021-11-11 09:39:34 - [MESSAGE][INFO] - Finding web element with id: 'Object Repository/Popup/Popup' located by 'By.cssSelector: .bootbox-body' in '30' second(s)

2021-11-11 09:39:34 - [MESSAGE][INFO] - Smart Wait Function is triggered

2021-11-11 09:39:34 - [MESSAGE][INFO] - Found 1 web elements with id: 'Object Repository/Popup/Popup' located by 'By.cssSelector: .bootbox-body' in '30' second(s)

2021-11-11 09:39:34 - [MESSAGE][INFO] - Getting text of object 'Object Repository/Popup/Popup'

2021-11-11 09:39:34 - [MESSAGE][PASSED] - Text of object 'Object Repository/Popup/Popup' is: '16259 no’lu talebiniz işleme alınmıştır. Raporunuz hazırlandığında (elogotest@gmail.com;ali.kara@logo.com.tr) adresinize mail gönderilecektir.
Rapor durumunuzu Raporlar > Toplu Veri İndirme ekranından takip edebilir, hazırlandı durumundaki raporlarınızı ilgili menüden indirebilirsiniz.'

2021-11-11 09:39:34 - [TEST_STEP][PASSED] - RaporNo = getText(findTestObject("Popup/Popup")).substring(0, 6): Text of object 'Object Repository/Popup/Popup' is: '16259 no’lu talebiniz işleme alınmıştır. Raporunuz hazırlandığında (elogotest@gmail.com;ali.kara@logo.com.tr) adresinize mail gönderilecektir.
Rapor durumunuzu Raporlar > Toplu Veri İndirme ekranından takip edebilir, hazırlandı durumundaki raporlarınızı ilgili menüden indirebilirsiniz.'

2021-11-11 09:39:34 - [MESSAGE][INFO] - Finding Test Object 'Object Repository/Popup/Popup'

2021-11-11 09:39:34 - [MESSAGE][INFO] - Checking object

2021-11-11 09:39:34 - [MESSAGE][INFO] - Finding web element from Test Object's properties

2021-11-11 09:39:34 - [MESSAGE][INFO] - Checking timeout

2021-11-11 09:39:34 - [MESSAGE][INFO] - Finding web element with id: 'Object Repository/Popup/Popup' located by 'By.cssSelector: .bootbox-body' in '30' second(s)

2021-11-11 09:39:34 - [MESSAGE][INFO] - Smart Wait Function is triggered

2021-11-11 09:39:34 - [MESSAGE][INFO] - Found 1 web elements with id: 'Object Repository/Popup/Popup' located by 'By.cssSelector: .bootbox-body' in '30' second(s)

2021-11-11 09:39:34 - [MESSAGE][INFO] - Getting text of object 'Object Repository/Popup/Popup'

2021-11-11 09:39:34 - [MESSAGE][PASSED] - Text of object 'Object Repository/Popup/Popup' is: '16259 no’lu talebiniz işleme alınmıştır. Raporunuz hazırlandığında (elogotest@gmail.com;ali.kara@logo.com.tr) adresinize mail gönderilecektir.
Rapor durumunuzu Raporlar > Toplu Veri İndirme ekranından takip edebilir, hazırlandı durumundaki raporlarınızı ilgili menüden indirebilirsiniz.'

2021-11-11 09:39:34 - [TEST_STEP][PASSED] - Console.println(RaporNo): null

2021-11-11 09:39:34 - [MESSAGE][PASSED] - Call Test Case 'Test Cases/Popup/PopupMesajiIceriyorMu' successfully

2021-11-11 09:39:34 - [MESSAGE][INFO] - Checking called Test Case

2021-11-11 09:39:34 - [MESSAGE][INFO] - Starting to call Test Case 'Test Cases/Popup/PopupButonSecilir'

2021-11-11 09:39:34 - [TEST_CASE][PASSED] - Test Cases/Popup/PopupButonSecilir: Test Cases/Popup/PopupButonSecilir

2021-11-11 09:39:34 - [TEST_STEP][PASSED] - Method.TextDegerineEsitElementeTikla(findTestObject("Popup/Popup_Butons"), Buton): Method.TextDegerineEsitElementeTikla is PASSED

2021-11-11 09:39:34 - [MESSAGE][INFO] - Finding Test Object 'Object Repository/Popup/Popup_Butons'

2021-11-11 09:39:34 - [MESSAGE][INFO] - Checking timeout

2021-11-11 09:39:34 - [MESSAGE][INFO] - Finding web element with id: 'Object Repository/Popup/Popup_Butons' located by 'By.cssSelector: .modal-footer>button' in '10' second(s)

2021-11-11 09:39:34 - [MESSAGE][INFO] - Smart Wait Function is triggered

2021-11-11 09:39:35 - [MESSAGE][INFO] - Found 1 web elements with id: 'Object Repository/Popup/Popup_Butons' located by 'By.cssSelector: .modal-footer>button' in '10' second(s)

2021-11-11 09:39:35 - [MESSAGE][PASSED] - Method.TextDegerineEsitElementeTikla is PASSED

2021-11-11 09:39:35 - [MESSAGE][PASSED] - Call Test Case 'Test Cases/Popup/PopupButonSecilir' successfully

2021-11-11 09:39:35 - [MESSAGE][INFO] - Checking called Test Case

2021-11-11 09:39:35 - [MESSAGE][INFO] - Starting to call Test Case 'Test Cases/Butonlar/ButonaTikla'

2021-11-11 09:39:35 - [TEST_CASE][PASSED] - Test Cases/Butonlar/ButonaTikla: Test Cases/Butonlar/ButonaTikla

2021-11-11 09:39:35 - [TEST_STEP][PASSED] - Method.TextDegerineEsitElementeTiklaEquals(findTestObject("Butonlar/Butonlar"), Buton_Adi): Method.TextDegerineEsitElementeTiklaEquals is PASSED

2021-11-11 09:39:35 - [MESSAGE][INFO] - Finding Test Object 'Object Repository/Butonlar/Butonlar'

2021-11-11 09:39:35 - [MESSAGE][INFO] - Checking timeout

2021-11-11 09:39:35 - [MESSAGE][INFO] - Finding web element with id: 'Object Repository/Butonlar/Butonlar' located by 'By.cssSelector: .panel.panel-default.text-center.footerPanel .btn,.btn.btn-primary.btnControls' in '10' second(s)

2021-11-11 09:39:35 - [MESSAGE][INFO] - Smart Wait Function is triggered

2021-11-11 09:39:36 - [MESSAGE][INFO] - Found 6 web elements with id: 'Object Repository/Butonlar/Butonlar' located by 'By.cssSelector: .panel.panel-default.text-center.footerPanel .btn,.btn.btn-primary.btnControls' in '10' second(s)

2021-11-11 09:39:36 - [MESSAGE][PASSED] - Method.TextDegerineEsitElementeTiklaEquals is PASSED

2021-11-11 09:39:36 - [MESSAGE][PASSED] - Call Test Case 'Test Cases/Butonlar/ButonaTikla' successfully

2021-11-11 09:39:36 - [MESSAGE][INFO] - Checking called Test Case

2021-11-11 09:39:36 - [MESSAGE][INFO] - Starting to call Test Case 'Test Cases/Butonlar/AltButonaTikla'

2021-11-11 09:39:36 - [TEST_CASE][PASSED] - Test Cases/Butonlar/AltButonaTikla: Test Cases/Butonlar/AltButonaTikla

2021-11-11 09:39:36 - [TEST_STEP][PASSED] - Method.TextDegerineEsitElementeTikla(findTestObject("Butonlar/AltButonlar"), Alt_Buton): Method.TextDegerineEsitElementeTikla is PASSED

2021-11-11 09:39:36 - [MESSAGE][INFO] - Finding Test Object 'Object Repository/Butonlar/AltButonlar'

2021-11-11 09:39:36 - [MESSAGE][INFO] - Checking timeout

2021-11-11 09:39:36 - [MESSAGE][INFO] - Finding web element with id: 'Object Repository/Butonlar/AltButonlar' located by 'By.cssSelector: .btn-group.open li>a' in '10' second(s)

2021-11-11 09:39:36 - [MESSAGE][INFO] - Smart Wait Function is triggered

2021-11-11 09:39:36 - [MESSAGE][INFO] - Found 2 web elements with id: 'Object Repository/Butonlar/AltButonlar' located by 'By.cssSelector: .btn-group.open li>a' in '10' second(s)

2021-11-11 09:39:36 - [MESSAGE][PASSED] - Method.TextDegerineEsitElementeTikla is PASSED

2021-11-11 09:39:36 - [MESSAGE][PASSED] - Call Test Case 'Test Cases/Butonlar/AltButonaTikla' successfully

2021-11-11 09:39:36 - [MESSAGE][INFO] - Checking called Test Case

2021-11-11 09:39:36 - [MESSAGE][INFO] - Starting to call Test Case 'Test Cases/Popup/PopupMesajiIceriyorMu'

2021-11-11 09:39:36 - [TEST_CASE][PASSED] - Test Cases/Popup/PopupMesajiIceriyorMu: Test Cases/Popup/PopupMesajiIceriyorMu

2021-11-11 09:39:36 - [TEST_STEP][PASSED] - waitForElementVisible(findTestObject("Popup/Popup"), 10): Object 'Object Repository/Popup/Popup' is visible

2021-11-11 09:39:36 - [MESSAGE][INFO] - Finding Test Object 'Object Repository/Popup/Popup'

2021-11-11 09:39:36 - [MESSAGE][INFO] - Checking object

2021-11-11 09:39:36 - [MESSAGE][INFO] - Checking timeout

2021-11-11 09:39:36 - [MESSAGE][INFO] - Finding web element from Test Object's properties

2021-11-11 09:39:36 - [MESSAGE][INFO] - Checking timeout

2021-11-11 09:39:36 - [MESSAGE][INFO] - Finding web element with id: 'Object Repository/Popup/Popup' located by 'By.cssSelector: .bootbox-body' in '10' second(s)

2021-11-11 09:39:36 - [MESSAGE][INFO] - Smart Wait Function is triggered

2021-11-11 09:39:37 - [MESSAGE][INFO] - Found 1 web elements with id: 'Object Repository/Popup/Popup' located by 'By.cssSelector: .bootbox-body' in '10' second(s)

2021-11-11 09:39:37 - [MESSAGE][PASSED] - Object 'Object Repository/Popup/Popup' is visible

2021-11-11 09:39:37 - [TEST_STEP][PASSED] - if (!(getText(findTestObject("Popup/Popup")).contains(Mesaj))): Text of object 'Object Repository/Popup/Popup' is: 'Lütfen rapor bildiriminin gönderileceği e-posta adresini belirtiniz.
e-Posta Adresi'

2021-11-11 09:39:37 - [MESSAGE][INFO] - Finding Test Object 'Object Repository/Popup/Popup'

2021-11-11 09:39:37 - [MESSAGE][INFO] - Checking object

2021-11-11 09:39:37 - [MESSAGE][INFO] - Finding web element from Test Object's properties

2021-11-11 09:39:37 - [MESSAGE][INFO] - Checking timeout

2021-11-11 09:39:37 - [MESSAGE][INFO] - Finding web element with id: 'Object Repository/Popup/Popup' located by 'By.cssSelector: .bootbox-body' in '30' second(s)

2021-11-11 09:39:37 - [MESSAGE][INFO] - Smart Wait Function is triggered

2021-11-11 09:39:37 - [MESSAGE][INFO] - Found 1 web elements with id: 'Object Repository/Popup/Popup' located by 'By.cssSelector: .bootbox-body' in '30' second(s)

2021-11-11 09:39:37 - [MESSAGE][INFO] - Getting text of object 'Object Repository/Popup/Popup'

2021-11-11 09:39:37 - [MESSAGE][PASSED] - Text of object 'Object Repository/Popup/Popup' is: 'Lütfen rapor bildiriminin gönderileceği e-posta adresini belirtiniz.
e-Posta Adresi'

2021-11-11 09:39:37 - [TEST_STEP][PASSED] - RaporNo = getText(findTestObject("Popup/Popup")).substring(0, 6): Text of object 'Object Repository/Popup/Popup' is: 'Lütfen rapor bildiriminin gönderileceği e-posta adresini belirtiniz.
e-Posta Adresi'

2021-11-11 09:39:37 - [MESSAGE][INFO] - Finding Test Object 'Object Repository/Popup/Popup'

2021-11-11 09:39:37 - [MESSAGE][INFO] - Checking object

2021-11-11 09:39:37 - [MESSAGE][INFO] - Finding web element from Test Object's properties

2021-11-11 09:39:37 - [MESSAGE][INFO] - Checking timeout

2021-11-11 09:39:37 - [MESSAGE][INFO] - Finding web element with id: 'Object Repository/Popup/Popup' located by 'By.cssSelector: .bootbox-body' in '30' second(s)

2021-11-11 09:39:37 - [MESSAGE][INFO] - Smart Wait Function is triggered

2021-11-11 09:39:38 - [MESSAGE][INFO] - Found 1 web elements with id: 'Object Repository/Popup/Popup' located by 'By.cssSelector: .bootbox-body' in '30' second(s)

2021-11-11 09:39:38 - [MESSAGE][INFO] - Getting text of object 'Object Repository/Popup/Popup'

2021-11-11 09:39:38 - [MESSAGE][PASSED] - Text of object 'Object Repository/Popup/Popup' is: 'Lütfen rapor bildiriminin gönderileceği e-posta adresini belirtiniz.
e-Posta Adresi'

2021-11-11 09:39:38 - [TEST_STEP][PASSED] - Console.println(RaporNo): null

2021-11-11 09:39:38 - [MESSAGE][PASSED] - Call Test Case 'Test Cases/Popup/PopupMesajiIceriyorMu' successfully

2021-11-11 09:39:38 - [MESSAGE][INFO] - Checking called Test Case

2021-11-11 09:39:38 - [MESSAGE][INFO] - Starting to call Test Case 'Test Cases/Popup/PopupaEmailEklenir'

2021-11-11 09:39:38 - [TEST_CASE][PASSED] - Test Cases/Popup/PopupaEmailEklenir: Test Cases/Popup/PopupaEmailEklenir

2021-11-11 09:39:38 - [TEST_STEP][PASSED] - clearText(findTestObject("Popup/EmailText")): Text of object 'Object Repository/Popup/EmailText' is cleared

2021-11-11 09:39:38 - [MESSAGE][INFO] - Finding Test Object 'Object Repository/Popup/EmailText'

2021-11-11 09:39:38 - [MESSAGE][INFO] - Checking object

2021-11-11 09:39:38 - [MESSAGE][INFO] - Finding web element from Test Object's properties

2021-11-11 09:39:38 - [MESSAGE][INFO] - Checking timeout

2021-11-11 09:39:38 - [MESSAGE][INFO] - Finding web element with id: 'Object Repository/Popup/EmailText' located by 'By.xpath: //*[@id="eMails"]' in '30' second(s)

2021-11-11 09:39:38 - [MESSAGE][INFO] - Smart Wait Function is triggered

2021-11-11 09:39:38 - [MESSAGE][INFO] - Found 1 web elements with id: 'Object Repository/Popup/EmailText' located by 'By.xpath: //*[@id="eMails"]' in '30' second(s)

2021-11-11 09:39:38 - [MESSAGE][INFO] - Clearing text of object 'Object Repository/Popup/EmailText'

2021-11-11 09:39:38 - [MESSAGE][PASSED] - Text of object 'Object Repository/Popup/EmailText' is cleared

2021-11-11 09:39:38 - [TEST_STEP][PASSED] - sendKeys(findTestObject("Popup/EmailText"), Email): Keys 'elogotest@gmail.com;ali.kara@logo.com.tr' sent to object: 'Object Repository/Popup/EmailText'

2021-11-11 09:39:38 - [MESSAGE][INFO] - Finding Test Object 'Object Repository/Popup/EmailText'

2021-11-11 09:39:38 - [MESSAGE][INFO] - Sending keys 'elogotest@gmail.com;ali.kara@logo.com.tr' to object: 'Object Repository/Popup/EmailText'

2021-11-11 09:39:38 - [MESSAGE][INFO] - Finding web element from Test Object's properties

2021-11-11 09:39:38 - [MESSAGE][INFO] - Checking timeout

2021-11-11 09:39:38 - [MESSAGE][INFO] - Finding web element with id: 'Object Repository/Popup/EmailText' located by 'By.xpath: //*[@id="eMails"]' in '30' second(s)

2021-11-11 09:39:38 - [MESSAGE][INFO] - Smart Wait Function is triggered

2021-11-11 09:39:39 - [MESSAGE][INFO] - Found 1 web elements with id: 'Object Repository/Popup/EmailText' located by 'By.xpath: //*[@id="eMails"]' in '30' second(s)

2021-11-11 09:39:39 - [MESSAGE][PASSED] - Keys 'elogotest@gmail.com;ali.kara@logo.com.tr' sent to object: 'Object Repository/Popup/EmailText'

2021-11-11 09:39:39 - [MESSAGE][PASSED] - Call Test Case 'Test Cases/Popup/PopupaEmailEklenir' successfully

2021-11-11 09:39:39 - [MESSAGE][INFO] - Checking called Test Case

2021-11-11 09:39:39 - [MESSAGE][INFO] - Starting to call Test Case 'Test Cases/Popup/PopupButonSecilir'

2021-11-11 09:39:39 - [TEST_CASE][PASSED] - Test Cases/Popup/PopupButonSecilir: Test Cases/Popup/PopupButonSecilir

2021-11-11 09:39:39 - [TEST_STEP][PASSED] - Method.TextDegerineEsitElementeTikla(findTestObject("Popup/Popup_Butons"), Buton): Method.TextDegerineEsitElementeTikla is PASSED

2021-11-11 09:39:39 - [MESSAGE][INFO] - Finding Test Object 'Object Repository/Popup/Popup_Butons'

2021-11-11 09:39:39 - [MESSAGE][INFO] - Checking timeout

2021-11-11 09:39:39 - [MESSAGE][INFO] - Finding web element with id: 'Object Repository/Popup/Popup_Butons' located by 'By.cssSelector: .modal-footer>button' in '10' second(s)

2021-11-11 09:39:39 - [MESSAGE][INFO] - Smart Wait Function is triggered

2021-11-11 09:39:39 - [MESSAGE][INFO] - Found 2 web elements with id: 'Object Repository/Popup/Popup_Butons' located by 'By.cssSelector: .modal-footer>button' in '10' second(s)

2021-11-11 09:39:39 - [MESSAGE][PASSED] - Method.TextDegerineEsitElementeTikla is PASSED

2021-11-11 09:39:39 - [MESSAGE][PASSED] - Call Test Case 'Test Cases/Popup/PopupButonSecilir' successfully

2021-11-11 09:39:39 - [MESSAGE][INFO] - Checking called Test Case

2021-11-11 09:39:39 - [MESSAGE][INFO] - Starting to call Test Case 'Test Cases/Popup/PopupMesajiIceriyorMu'

2021-11-11 09:39:39 - [TEST_CASE][PASSED] - Test Cases/Popup/PopupMesajiIceriyorMu: Test Cases/Popup/PopupMesajiIceriyorMu

2021-11-11 09:39:39 - [TEST_STEP][PASSED] - waitForElementVisible(findTestObject("Popup/Popup"), 10): Object 'Object Repository/Popup/Popup' is visible

2021-11-11 09:39:39 - [MESSAGE][INFO] - Finding Test Object 'Object Repository/Popup/Popup'

2021-11-11 09:39:39 - [MESSAGE][INFO] - Checking object

2021-11-11 09:39:39 - [MESSAGE][INFO] - Checking timeout

2021-11-11 09:39:39 - [MESSAGE][INFO] - Finding web element from Test Object's properties

2021-11-11 09:39:39 - [MESSAGE][INFO] - Checking timeout

2021-11-11 09:39:39 - [MESSAGE][INFO] - Finding web element with id: 'Object Repository/Popup/Popup' located by 'By.cssSelector: .bootbox-body' in '10' second(s)

2021-11-11 09:39:39 - [MESSAGE][INFO] - Smart Wait Function is triggered

2021-11-11 09:39:40 - [MESSAGE][INFO] - Found 1 web elements with id: 'Object Repository/Popup/Popup' located by 'By.cssSelector: .bootbox-body' in '10' second(s)

2021-11-11 09:39:40 - [MESSAGE][PASSED] - Object 'Object Repository/Popup/Popup' is visible

2021-11-11 09:39:40 - [TEST_STEP][PASSED] - if (!(getText(findTestObject("Popup/Popup")).contains(Mesaj))): Text of object 'Object Repository/Popup/Popup' is: '16260 no’lu talebiniz işleme alınmıştır. Raporunuz hazırlandığında (elogotest@gmail.com;ali.kara@logo.com.tr) adresinize mail gönderilecektir.
Rapor durumunuzu Raporlar > Toplu Veri İndirme ekranından takip edebilir, hazırlandı durumundaki raporlarınızı ilgili menüden indirebilirsiniz.'

2021-11-11 09:39:40 - [MESSAGE][INFO] - Finding Test Object 'Object Repository/Popup/Popup'

2021-11-11 09:39:40 - [MESSAGE][INFO] - Checking object

2021-11-11 09:39:40 - [MESSAGE][INFO] - Finding web element from Test Object's properties

2021-11-11 09:39:40 - [MESSAGE][INFO] - Checking timeout

2021-11-11 09:39:40 - [MESSAGE][INFO] - Finding web element with id: 'Object Repository/Popup/Popup' located by 'By.cssSelector: .bootbox-body' in '30' second(s)

2021-11-11 09:39:40 - [MESSAGE][INFO] - Smart Wait Function is triggered

2021-11-11 09:39:40 - [MESSAGE][INFO] - Found 1 web elements with id: 'Object Repository/Popup/Popup' located by 'By.cssSelector: .bootbox-body' in '30' second(s)

2021-11-11 09:39:40 - [MESSAGE][INFO] - Getting text of object 'Object Repository/Popup/Popup'

2021-11-11 09:39:40 - [MESSAGE][PASSED] - Text of object 'Object Repository/Popup/Popup' is: '16260 no’lu talebiniz işleme alınmıştır. Raporunuz hazırlandığında (elogotest@gmail.com;ali.kara@logo.com.tr) adresinize mail gönderilecektir.
Rapor durumunuzu Raporlar > Toplu Veri İndirme ekranından takip edebilir, hazırlandı durumundaki raporlarınızı ilgili menüden indirebilirsiniz.'

2021-11-11 09:39:40 - [TEST_STEP][PASSED] - RaporNo = getText(findTestObject("Popup/Popup")).substring(0, 6): Text of object 'Object Repository/Popup/Popup' is: '16260 no’lu talebiniz işleme alınmıştır. Raporunuz hazırlandığında (elogotest@gmail.com;ali.kara@logo.com.tr) adresinize mail gönderilecektir.
Rapor durumunuzu Raporlar > Toplu Veri İndirme ekranından takip edebilir, hazırlandı durumundaki raporlarınızı ilgili menüden indirebilirsiniz.'

2021-11-11 09:39:40 - [MESSAGE][INFO] - Finding Test Object 'Object Repository/Popup/Popup'

2021-11-11 09:39:40 - [MESSAGE][INFO] - Checking object

2021-11-11 09:39:40 - [MESSAGE][INFO] - Finding web element from Test Object's properties

2021-11-11 09:39:40 - [MESSAGE][INFO] - Checking timeout

2021-11-11 09:39:40 - [MESSAGE][INFO] - Finding web element with id: 'Object Repository/Popup/Popup' located by 'By.cssSelector: .bootbox-body' in '30' second(s)

2021-11-11 09:39:40 - [MESSAGE][INFO] - Smart Wait Function is triggered

2021-11-11 09:39:41 - [MESSAGE][INFO] - Found 1 web elements with id: 'Object Repository/Popup/Popup' located by 'By.cssSelector: .bootbox-body' in '30' second(s)

2021-11-11 09:39:41 - [MESSAGE][INFO] - Getting text of object 'Object Repository/Popup/Popup'

2021-11-11 09:39:41 - [MESSAGE][PASSED] - Text of object 'Object Repository/Popup/Popup' is: '16260 no’lu talebiniz işleme alınmıştır. Raporunuz hazırlandığında (elogotest@gmail.com;ali.kara@logo.com.tr) adresinize mail gönderilecektir.
Rapor durumunuzu Raporlar > Toplu Veri İndirme ekranından takip edebilir, hazırlandı durumundaki raporlarınızı ilgili menüden indirebilirsiniz.'

2021-11-11 09:39:41 - [TEST_STEP][PASSED] - Console.println(RaporNo): null

2021-11-11 09:39:41 - [MESSAGE][PASSED] - Call Test Case 'Test Cases/Popup/PopupMesajiIceriyorMu' successfully

2021-11-11 09:39:41 - [MESSAGE][INFO] - Checking called Test Case

2021-11-11 09:39:41 - [MESSAGE][INFO] - Starting to call Test Case 'Test Cases/Popup/PopupButonSecilir'

2021-11-11 09:39:41 - [TEST_CASE][PASSED] - Test Cases/Popup/PopupButonSecilir: Test Cases/Popup/PopupButonSecilir

2021-11-11 09:39:41 - [TEST_STEP][PASSED] - Method.TextDegerineEsitElementeTikla(findTestObject("Popup/Popup_Butons"), Buton): Method.TextDegerineEsitElementeTikla is PASSED

2021-11-11 09:39:41 - [MESSAGE][INFO] - Finding Test Object 'Object Repository/Popup/Popup_Butons'

2021-11-11 09:39:41 - [MESSAGE][INFO] - Checking timeout

2021-11-11 09:39:41 - [MESSAGE][INFO] - Finding web element with id: 'Object Repository/Popup/Popup_Butons' located by 'By.cssSelector: .modal-footer>button' in '10' second(s)

2021-11-11 09:39:41 - [MESSAGE][INFO] - Smart Wait Function is triggered

2021-11-11 09:39:41 - [MESSAGE][INFO] - Found 1 web elements with id: 'Object Repository/Popup/Popup_Butons' located by 'By.cssSelector: .modal-footer>button' in '10' second(s)

2021-11-11 09:39:41 - [MESSAGE][PASSED] - Method.TextDegerineEsitElementeTikla is PASSED

2021-11-11 09:39:41 - [MESSAGE][PASSED] - Call Test Case 'Test Cases/Popup/PopupButonSecilir' successfully

2021-11-11 09:39:41 - [MESSAGE][INFO] - Checking called Test Case

2021-11-11 09:39:41 - [MESSAGE][INFO] - Starting to call Test Case 'Test Cases/Menu/AnaMenuSecimi'

2021-11-11 09:39:41 - [TEST_CASE][PASSED] - Test Cases/Menu/AnaMenuSecimi: Test Cases/Menu/AnaMenuSecimi

2021-11-11 09:39:41 - [TEST_STEP][PASSED] - Method.TextDegerineEsitElementeTikla(findTestObject("Menu/Ana_Menu"), Ana_Menu): Method.TextDegerineEsitElementeTikla is PASSED

2021-11-11 09:39:41 - [MESSAGE][INFO] - Finding Test Object 'Object Repository/Menu/Ana_Menu'

2021-11-11 09:39:41 - [MESSAGE][INFO] - Checking timeout

2021-11-11 09:39:41 - [MESSAGE][INFO] - Finding web element with id: 'Object Repository/Menu/Ana_Menu' located by 'By.xpath: //*[@class = 'dropdown-toggle']' in '10' second(s)

2021-11-11 09:39:41 - [MESSAGE][INFO] - Smart Wait Function is triggered

2021-11-11 09:39:42 - [MESSAGE][INFO] - Found 14 web elements with id: 'Object Repository/Menu/Ana_Menu' located by 'By.xpath: //*[@class = 'dropdown-toggle']' in '10' second(s)

2021-11-11 09:39:42 - [MESSAGE][PASSED] - Method.TextDegerineEsitElementeTikla is PASSED

2021-11-11 09:39:42 - [MESSAGE][PASSED] - Call Test Case 'Test Cases/Menu/AnaMenuSecimi' successfully

2021-11-11 09:39:42 - [MESSAGE][INFO] - Checking called Test Case

2021-11-11 09:39:42 - [MESSAGE][INFO] - Starting to call Test Case 'Test Cases/Menu/AltMenuSecimi'

2021-11-11 09:39:42 - [TEST_CASE][PASSED] - Test Cases/Menu/AltMenuSecimi: Test Cases/Menu/AltMenuSecimi

2021-11-11 09:39:42 - [TEST_STEP][PASSED] - Method.TextDegerineEsitElementeTikla(findTestObject("Menu/Alt_Menu"), Alt_Menu): Method.TextDegerineEsitElementeTikla is PASSED

2021-11-11 09:39:42 - [MESSAGE][INFO] - Finding Test Object 'Object Repository/Menu/Alt_Menu'

2021-11-11 09:39:42 - [MESSAGE][INFO] - Checking timeout

2021-11-11 09:39:42 - [MESSAGE][INFO] - Finding web element with id: 'Object Repository/Menu/Alt_Menu' located by 'By.xpath: //li[@class='dropdown dropdown-large open']//li[@class='dropdown-element']' in '10' second(s)

2021-11-11 09:39:42 - [MESSAGE][INFO] - Smart Wait Function is triggered

2021-11-11 09:39:43 - [MESSAGE][INFO] - Found 9 web elements with id: 'Object Repository/Menu/Alt_Menu' located by 'By.xpath: //li[@class='dropdown dropdown-large open']//li[@class='dropdown-element']' in '10' second(s)

2021-11-11 09:39:43 - [MESSAGE][PASSED] - Method.TextDegerineEsitElementeTikla is PASSED

2021-11-11 09:39:43 - [MESSAGE][PASSED] - Call Test Case 'Test Cases/Menu/AltMenuSecimi' successfully

2021-11-11 09:39:43 - [MESSAGE][INFO] - Checking called Test Case

2021-11-11 09:39:43 - [MESSAGE][INFO] - Starting to call Test Case 'Test Cases/Filtreler/RaporNoYaz'

2021-11-11 09:39:44 - [TEST_CASE][PASSED] - Test Cases/Filtreler/RaporNoYaz: Test Cases/Filtreler/RaporNoYaz

2021-11-11 09:39:44 - [TEST_STEP][PASSED] - Method.TextDegerineEsitElementinAltindakiTextboxtaYaz(findTestObject("Filtreler/Basliklar"), findTestObject("Filtreler/Basliga_Gore_Textbox"), "Talep No", RaporNo): Method.TextDegerineEsitElementinAltindakiTextboxtaYaz is PASSED

2021-11-11 09:39:44 - [MESSAGE][INFO] - Finding Test Object 'Object Repository/Filtreler/Basliklar'

2021-11-11 09:39:44 - [MESSAGE][INFO] - Finding Test Object 'Object Repository/Filtreler/Basliga_Gore_Textbox'

2021-11-11 09:39:44 - [MESSAGE][INFO] - Checking timeout

2021-11-11 09:39:44 - [MESSAGE][INFO] - Finding web element with id: 'Object Repository/Filtreler/Basliklar' located by 'By.cssSelector: .control-label.col-sm-4.paddingMarginRLC' in '10' second(s)

2021-11-11 09:39:44 - [MESSAGE][INFO] - Smart Wait Function is triggered

2021-11-11 09:39:44 - [MESSAGE][INFO] - Found 8 web elements with id: 'Object Repository/Filtreler/Basliklar' located by 'By.cssSelector: .control-label.col-sm-4.paddingMarginRLC' in '10' second(s)

2021-11-11 09:39:44 - [MESSAGE][INFO] - Smart Wait Function is triggered

2021-11-11 09:39:44 - [MESSAGE][PASSED] - Method.TextDegerineEsitElementinAltindakiTextboxtaYaz is PASSED

2021-11-11 09:39:44 - [MESSAGE][PASSED] - Call Test Case 'Test Cases/Filtreler/RaporNoYaz' successfully

2021-11-11 09:39:44 - [MESSAGE][INFO] - Checking called Test Case

2021-11-11 09:39:44 - [MESSAGE][INFO] - Starting to call Test Case 'Test Cases/Filtreler/ButonaTikla'

2021-11-11 09:39:45 - [TEST_CASE][PASSED] - Test Cases/Filtreler/ButonaTikla: Test Cases/Filtreler/ButonaTikla

2021-11-11 09:39:45 - [TEST_STEP][PASSED] - Method.TextDegerineEsitElementeTikla(findTestObject("Filtreler/Butonlar"), Filtre_Buton): Method.TextDegerineEsitElementeTikla is PASSED

2021-11-11 09:39:45 - [MESSAGE][INFO] - Finding Test Object 'Object Repository/Filtreler/Butonlar'

2021-11-11 09:39:45 - [MESSAGE][INFO] - Checking timeout

2021-11-11 09:39:45 - [MESSAGE][INFO] - Finding web element with id: 'Object Repository/Filtreler/Butonlar' located by 'By.cssSelector: .dxb>span' in '10' second(s)

2021-11-11 09:39:45 - [MESSAGE][INFO] - Smart Wait Function is triggered

2021-11-11 09:39:45 - [MESSAGE][INFO] - Found 2 web elements with id: 'Object Repository/Filtreler/Butonlar' located by 'By.cssSelector: .dxb>span' in '10' second(s)

2021-11-11 09:39:45 - [MESSAGE][PASSED] - Method.TextDegerineEsitElementeTikla is PASSED

2021-11-11 09:39:45 - [MESSAGE][PASSED] - Call Test Case 'Test Cases/Filtreler/ButonaTikla' successfully

2021-11-11 09:39:45 - [MESSAGE][INFO] - Checking called Test Case

2021-11-11 09:39:45 - [MESSAGE][INFO] - Starting to call Test Case 'Test Cases/Tablo/TablodaVeriVarMi'

2021-11-11 09:39:45 - [TEST_CASE][PASSED] - Test Cases/Tablo/TablodaVeriVarMi: Test Cases/Tablo/TablodaVeriVarMi

2021-11-11 09:39:45 - [TEST_STEP][PASSED] - verifyTextNotPresent("Görüntülenecek veri yok", true): Text 'Görüntülenecek veri yok' is not present on page using regular expression

2021-11-11 09:39:45 - [MESSAGE][INFO] - Checking text present  using regular expression

2021-11-11 09:39:45 - [MESSAGE][INFO] - Smart Wait Function is triggered

2021-11-11 09:39:46 - [MESSAGE][INFO] - Finding text 'Görüntülenecek veri yok' on page  using regular expression

2021-11-11 09:39:46 - [MESSAGE][PASSED] - Text 'Görüntülenecek veri yok' is not present on page using regular expression

2021-11-11 09:39:46 - [MESSAGE][PASSED] - Call Test Case 'Test Cases/Tablo/TablodaVeriVarMi' successfully

2021-11-11 09:39:46 - [MESSAGE][INFO] - Checking called Test Case

2021-11-11 09:39:46 - [MESSAGE][INFO] - Starting to call Test Case 'Test Cases/Kullanici_Islemleri/KullaniciIslemlerindenSecimYapilir'

2021-11-11 09:39:46 - [TEST_CASE][PASSED] - Test Cases/Kullanici_Islemleri/KullaniciIslemlerindenSecimYapilir: Test Cases/Kullanici_Islemleri/KullaniciIslemlerindenSecimYapilir

2021-11-11 09:39:46 - [TEST_STEP][PASSED] - waitForElementClickable(findTestObject("Object Repository/Kullanici_Islemleri/KullaniciIslemleri"), 10): Object 'Object Repository/Kullanici_Islemleri/KullaniciIslemleri' is clickable

2021-11-11 09:39:46 - [MESSAGE][INFO] - Finding Test Object 'Object Repository/Kullanici_Islemleri/KullaniciIslemleri'

2021-11-11 09:39:46 - [MESSAGE][INFO] - Checking object

2021-11-11 09:39:46 - [MESSAGE][INFO] - Checking timeout

2021-11-11 09:39:46 - [MESSAGE][INFO] - Finding web element from Test Object's properties

2021-11-11 09:39:46 - [MESSAGE][INFO] - Checking timeout

2021-11-11 09:39:46 - [MESSAGE][INFO] - Finding web element with id: 'Object Repository/Kullanici_Islemleri/KullaniciIslemleri' located by 'By.cssSelector: .dropdown>a>img' in '10' second(s)

2021-11-11 09:39:46 - [MESSAGE][INFO] - Smart Wait Function is triggered

2021-11-11 09:39:46 - [MESSAGE][INFO] - Found 1 web elements with id: 'Object Repository/Kullanici_Islemleri/KullaniciIslemleri' located by 'By.cssSelector: .dropdown>a>img' in '10' second(s)

2021-11-11 09:39:46 - [MESSAGE][PASSED] - Object 'Object Repository/Kullanici_Islemleri/KullaniciIslemleri' is clickable

2021-11-11 09:39:46 - [TEST_STEP][PASSED] - click(findTestObject("Object Repository/Kullanici_Islemleri/KullaniciIslemleri")): Object: 'Object Repository/Kullanici_Islemleri/KullaniciIslemleri' is clicked on

2021-11-11 09:39:46 - [MESSAGE][INFO] - Finding Test Object 'Object Repository/Kullanici_Islemleri/KullaniciIslemleri'

2021-11-11 09:39:46 - [MESSAGE][INFO] - Checking object

2021-11-11 09:39:46 - [MESSAGE][INFO] - Finding web element from Test Object's properties

2021-11-11 09:39:46 - [MESSAGE][INFO] - Checking timeout

2021-11-11 09:39:46 - [MESSAGE][INFO] - Finding web element with id: 'Object Repository/Kullanici_Islemleri/KullaniciIslemleri' located by 'By.cssSelector: .dropdown>a>img' in '30' second(s)

2021-11-11 09:39:46 - [MESSAGE][INFO] - Smart Wait Function is triggered

2021-11-11 09:39:47 - [MESSAGE][INFO] - Found 1 web elements with id: 'Object Repository/Kullanici_Islemleri/KullaniciIslemleri' located by 'By.cssSelector: .dropdown>a>img' in '30' second(s)

2021-11-11 09:39:47 - [MESSAGE][INFO] - Clicking on object: 'Object Repository/Kullanici_Islemleri/KullaniciIslemleri'

2021-11-11 09:39:47 - [MESSAGE][PASSED] - Object: 'Object Repository/Kullanici_Islemleri/KullaniciIslemleri' is clicked on

2021-11-11 09:39:47 - [TEST_STEP][PASSED] - Method.TextDegerineEsitElementeTikla(findTestObject("Object Repository/Kullanici_Islemleri/Secenekler"), Islem): Method.TextDegerineEsitElementeTikla is PASSED

2021-11-11 09:39:47 - [MESSAGE][INFO] - Finding Test Object 'Object Repository/Kullanici_Islemleri/Secenekler'

2021-11-11 09:39:47 - [MESSAGE][INFO] - Checking timeout

2021-11-11 09:39:47 - [MESSAGE][INFO] - Finding web element with id: 'Object Repository/Kullanici_Islemleri/Secenekler' located by 'By.cssSelector: .nav.navbar-nav.navbar-right li a' in '10' second(s)

2021-11-11 09:39:47 - [MESSAGE][INFO] - Smart Wait Function is triggered

2021-11-11 09:39:47 - [MESSAGE][INFO] - Found 22 web elements with id: 'Object Repository/Kullanici_Islemleri/Secenekler' located by 'By.cssSelector: .nav.navbar-nav.navbar-right li a' in '10' second(s)

2021-11-11 09:39:48 - [MESSAGE][PASSED] - Method.TextDegerineEsitElementeTikla is PASSED

2021-11-11 09:39:48 - [TEST_STEP][PASSED] - verifyElementNotPresent(findTestObject("Object Repository/Kullanici_Islemleri/Secenekler"), 10): Web element with id: 'Object Repository/Kullanici_Islemleri/Secenekler' located by 'By.cssSelector: .nav.navbar-nav.navbar-right li a' is not present after '10' second(s)

2021-11-11 09:39:48 - [MESSAGE][INFO] - Finding Test Object 'Object Repository/Kullanici_Islemleri/Secenekler'

2021-11-11 09:39:48 - [MESSAGE][INFO] - Checking object

2021-11-11 09:39:48 - [MESSAGE][INFO] - Checking timeout

2021-11-11 09:39:48 - [MESSAGE][INFO] - Finding web element with id: 'Object Repository/Kullanici_Islemleri/Secenekler' located by 'By.cssSelector: .nav.navbar-nav.navbar-right li a' in '10' second(s)

2021-11-11 09:39:48 - [MESSAGE][INFO] - Smart Wait Function is triggered

2021-11-11 09:39:49 - [MESSAGE][PASSED] - Web element with id: 'Object Repository/Kullanici_Islemleri/Secenekler' located by 'By.cssSelector: .nav.navbar-nav.navbar-right li a' is not present after '10' second(s)

2021-11-11 09:39:49 - [MESSAGE][PASSED] - Call Test Case 'Test Cases/Kullanici_Islemleri/KullaniciIslemlerindenSecimYapilir' successfully

2021-11-11 09:39:49 - [TEST_CASE][PASSED] - Start Test Case : SCENARIO e-Irsaliye Gelen Kutusu Uygulama Yanıtları Toplu Indirme - UBL Secilenlerin indirilmesi: SCENARIO e-Irsaliye Gelen Kutusu Uygulama Yanıtları Toplu Indirme - UBL Secilenlerin indirilmesi

2021-11-11 09:39:49 - [TEST_STEP][PASSED] - Kullanıcı adı ELOGO6 ve Şifre 123456 olarak giriş yapılır: Kullanıcı adı ELOGO6 ve Şifre 123456 olarak giriş yapılır

2021-11-11 09:39:49 - [MESSAGE][PASSED] - Kullanıcı adı ELOGO6 ve Şifre 123456 olarak giriş yapılır

2021-11-11 09:39:49 - [TEST_STEP][PASSED] - Ana menüden e-İrsaliye seçilir: Ana menüden e-İrsaliye seçilir

2021-11-11 09:39:49 - [MESSAGE][PASSED] - Ana menüden e-İrsaliye seçilir

2021-11-11 09:39:49 - [TEST_STEP][PASSED] - Alt menü Gelen Kutusu başlığı altındaki İrsaliye Yanıtları seçilir: Alt menü Gelen Kutusu başlığı altındaki İrsaliye Yanıtları seçilir

2021-11-11 09:39:49 - [MESSAGE][PASSED] - Alt menü Gelen Kutusu başlığı altındaki İrsaliye Yanıtları seçilir

2021-11-11 09:39:49 - [TEST_STEP][PASSED] - Filtrelerden Oluşturma Tarihi filtresine 01.01.2020 baslangic degerini yaz: Filtrelerden Oluşturma Tarihi filtresine 01.01.2020 baslangic degerini yaz

2021-11-11 09:39:49 - [MESSAGE][PASSED] - Filtrelerden Oluşturma Tarihi filtresine 01.01.2020 baslangic degerini yaz

2021-11-11 09:39:49 - [TEST_STEP][PASSED] - Filtrelerden Oluşturma Tarihi filtresine 31.12.2020 bitis degerini yaz: Filtrelerden Oluşturma Tarihi filtresine 31.12.2020 bitis degerini yaz

2021-11-11 09:39:49 - [MESSAGE][PASSED] - Filtrelerden Oluşturma Tarihi filtresine 31.12.2020 bitis degerini yaz

2021-11-11 09:39:49 - [TEST_STEP][PASSED] - Filtre butonlarından Listele seçilir: Filtre butonlarından Listele seçilir

2021-11-11 09:39:49 - [MESSAGE][PASSED] - Filtre butonlarından Listele seçilir

2021-11-11 09:39:49 - [TEST_STEP][PASSED] - Tabloda veri var mı kontrol edilir: Tabloda veri var mı kontrol edilir

2021-11-11 09:39:49 - [MESSAGE][PASSED] - Tabloda veri var mı kontrol edilir

2021-11-11 09:39:49 - [TEST_STEP][PASSED] - Tablodan ELOGO TEST isimli veri seçilir: Tablodan ELOGO TEST isimli veri seçilir

2021-11-11 09:39:49 - [MESSAGE][PASSED] - Tablodan ELOGO TEST isimli veri seçilir

2021-11-11 09:39:49 - [TEST_STEP][PASSED] - Butonlardan Toplu İndirme isimli butona tıklanır: Butonlardan Toplu İndirme isimli butona tıklanır

2021-11-11 09:39:49 - [MESSAGE][PASSED] - Butonlardan Toplu İndirme isimli butona tıklanır

2021-11-11 09:39:49 - [TEST_STEP][PASSED] - Alt butonlardan UBL Seçilenleri İndir butonuna tıklanır: Alt butonlardan UBL Seçilenleri İndir butonuna tıklanır

2021-11-11 09:39:49 - [MESSAGE][PASSED] - Alt butonlardan UBL Seçilenleri İndir butonuna tıklanır

2021-11-11 09:39:49 - [TEST_STEP][PASSED] - Popup mesajı Lütfen rapor bildiriminin gönderileceği e-posta adresini belirtiniz. içeriyor mu: Popup mesajı Lütfen rapor bildiriminin gönderileceği e-posta adresini belirtiniz. içeriyor mu

2021-11-11 09:39:49 - [MESSAGE][PASSED] - Popup mesajı Lütfen rapor bildiriminin gönderileceği e-posta adresini belirtiniz. içeriyor mu

2021-11-11 09:39:49 - [TEST_STEP][PASSED] - Popup email elogotest@gmail.com;ali.kara@logo.com.tr olarak girilir: Popup email elogotest@gmail.com;ali.kara@logo.com.tr olarak girilir

2021-11-11 09:39:49 - [MESSAGE][PASSED] - Popup email elogotest@gmail.com;ali.kara@logo.com.tr olarak girilir

2021-11-11 09:39:49 - [TEST_STEP][PASSED] - Yönetim popupında Gönder seçilir: Yönetim popupında Gönder seçilir

2021-11-11 09:39:49 - [MESSAGE][PASSED] - Yönetim popupında Gönder seçilir

2021-11-11 09:39:49 - [TEST_STEP][PASSED] - Popup mesajı talebiniz işleme alınmıştır içeriyor mu: Popup mesajı talebiniz işleme alınmıştır içeriyor mu

2021-11-11 09:39:49 - [MESSAGE][PASSED] - Popup mesajı talebiniz işleme alınmıştır içeriyor mu

2021-11-11 09:39:49 - [TEST_STEP][PASSED] - Yönetim popupında Tamam seçilir: Yönetim popupında Tamam seçilir

2021-11-11 09:39:49 - [MESSAGE][PASSED] - Yönetim popupında Tamam seçilir

2021-11-11 09:39:49 - [TEST_STEP][PASSED] - Butonlardan Toplu İndirme isimli butona tıklanır: Butonlardan Toplu İndirme isimli butona tıklanır

2021-11-11 09:39:49 - [MESSAGE][PASSED] - Butonlardan Toplu İndirme isimli butona tıklanır

2021-11-11 09:39:49 - [TEST_STEP][PASSED] - Alt butonlardan UBL Tümünü İndir butonuna tıklanır: Alt butonlardan UBL Tümünü İndir butonuna tıklanır

2021-11-11 09:39:49 - [MESSAGE][PASSED] - Alt butonlardan UBL Tümünü İndir butonuna tıklanır

2021-11-11 09:39:49 - [TEST_STEP][PASSED] - Popup mesajı Lütfen rapor bildiriminin gönderileceği e-posta adresini belirtiniz. içeriyor mu: Popup mesajı Lütfen rapor bildiriminin gönderileceği e-posta adresini belirtiniz. içeriyor mu

2021-11-11 09:39:49 - [MESSAGE][PASSED] - Popup mesajı Lütfen rapor bildiriminin gönderileceği e-posta adresini belirtiniz. içeriyor mu

2021-11-11 09:39:49 - [TEST_STEP][PASSED] - Popup email elogotest@gmail.com;ali.kara@logo.com.tr olarak girilir: Popup email elogotest@gmail.com;ali.kara@logo.com.tr olarak girilir

2021-11-11 09:39:49 - [MESSAGE][PASSED] - Popup email elogotest@gmail.com;ali.kara@logo.com.tr olarak girilir

2021-11-11 09:39:49 - [TEST_STEP][PASSED] - Yönetim popupında Gönder seçilir: Yönetim popupında Gönder seçilir

2021-11-11 09:39:49 - [MESSAGE][PASSED] - Yönetim popupında Gönder seçilir

2021-11-11 09:39:49 - [TEST_STEP][PASSED] - Popup mesajı talebiniz işleme alınmıştır içeriyor mu: Popup mesajı talebiniz işleme alınmıştır içeriyor mu

2021-11-11 09:39:49 - [MESSAGE][PASSED] - Popup mesajı talebiniz işleme alınmıştır içeriyor mu

2021-11-11 09:39:49 - [TEST_STEP][PASSED] - Yönetim popupında Tamam seçilir: Yönetim popupında Tamam seçilir

2021-11-11 09:39:49 - [MESSAGE][PASSED] - Yönetim popupında Tamam seçilir

2021-11-11 09:39:49 - [TEST_STEP][PASSED] - Ana menüden Raporlar seçilir: Ana menüden Raporlar seçilir

2021-11-11 09:39:49 - [MESSAGE][PASSED] - Ana menüden Raporlar seçilir

2021-11-11 09:39:49 - [TEST_STEP][PASSED] - Alt menüden Toplu Veri İndirme seçilir: Alt menüden Toplu Veri İndirme seçilir

2021-11-11 09:39:49 - [MESSAGE][PASSED] - Alt menüden Toplu Veri İndirme seçilir

2021-11-11 09:39:49 - [TEST_STEP][PASSED] - Filtrelerden Talep No filtresine Rapor No bilgisi yaz: Filtrelerden Talep No filtresine Rapor No bilgisi yaz

2021-11-11 09:39:49 - [MESSAGE][PASSED] - Filtrelerden Talep No filtresine Rapor No bilgisi yaz

2021-11-11 09:39:49 - [TEST_STEP][PASSED] - Filtre butonlarından Listele seçilir: Filtre butonlarından Listele seçilir

2021-11-11 09:39:49 - [MESSAGE][PASSED] - Filtre butonlarından Listele seçilir

2021-11-11 09:39:49 - [TEST_STEP][PASSED] - Tabloda veri var mı kontrol edilir: Tabloda veri var mı kontrol edilir

2021-11-11 09:39:49 - [MESSAGE][PASSED] - Tabloda veri var mı kontrol edilir

2021-11-11 09:39:49 - [TEST_STEP][PASSED] - Kullanıcı işlemlerinden Çıkış seçilir: Kullanıcı işlemlerinden Çıkış seçilir

2021-11-11 09:39:49 - [MESSAGE][PASSED] - Kullanıcı işlemlerinden Çıkış seçilir

2021-11-11 09:39:49 - [MESSAGE][PASSED] - Feature file: 'Include/features/e-Irsaliye/Gelen Kutusu/Irsaliye Yanitlari/Toplu Indirme.feature' was passed

2021-11-11 09:39:49 - [TEST_STEP][PASSED] - Start listener action : sampleAfterTestSuite: Invoke 'com.kms.katalon.core.annotation.AfterTestCase' method: 'Listener.sampleAfterTestSuite(...)' completed.

2021-11-11 09:39:49 - [MESSAGE][INFO] - Starting invoke 'com.kms.katalon.core.annotation.AfterTestCase' method: 'Listener.sampleAfterTestSuite(...)'

2021-11-11 09:39:49 - [TEST_STEP][PASSED] - closeBrowser(): Invoke 'com.kms.katalon.core.annotation.AfterTestCase' method: 'Listener.sampleAfterTestSuite(...)' completed.

2021-11-11 09:39:49 - [MESSAGE][INFO] - Closing browser

2021-11-11 09:39:49 - [MESSAGE][PASSED] - Browser is closed

2021-11-11 09:39:49 - [MESSAGE][INFO] - Invoke 'com.kms.katalon.core.annotation.AfterTestCase' method: 'Listener.sampleAfterTestSuite(...)' completed.]]></system-out>
         <system-err><![CDATA[]]></system-err>
      </testcase>
      <testcase name="Test Cases/Case Repository/e-Irsaliye/Gelen Kutusu/Irsaliyeler/Toplu Indirme" time="62.437" classname="Test Cases/Case Repository/e-Irsaliye/Gelen Kutusu/Irsaliyeler/Toplu Indirme" status="PASSED">
         <system-out><![CDATA[2021-11-11 09:39:49 - [TEST_CASE][PASSED] - Test Cases/Case Repository/e-Irsaliye/Gelen Kutusu/Irsaliyeler/Toplu Indirme: Test Cases/Case Repository/e-Irsaliye/Gelen Kutusu/Irsaliyeler/Toplu Indirme

2021-11-11 09:39:49 - [TEST_STEP][PASSED] - Start listener action : sampleBeforeTestSuite: Invoke 'com.kms.katalon.core.annotation.BeforeTestCase' method: 'Listener.sampleBeforeTestSuite(...)' completed.

2021-11-11 09:39:49 - [MESSAGE][INFO] - Starting invoke 'com.kms.katalon.core.annotation.BeforeTestCase' method: 'Listener.sampleBeforeTestSuite(...)'

2021-11-11 09:39:49 - [TEST_STEP][PASSED] - openBrowser(baseUrl): Browser is opened with url: 'https://efatura-stage.elogo.com.tr/'

2021-11-11 09:39:49 - [MESSAGE][INFO] - Opening browser

2021-11-11 09:39:49 - [MESSAGE][INFO] - Starting 'Chrome' driver

2021-11-11 09:39:49 - [MESSAGE][INFO] - User set preference: ['prefs', '{download.default_directory=C:\otomasyondownfiles}']

2021-11-11 09:39:49 - [MESSAGE][INFO] - Action delay is set to 0 milliseconds

2021-11-11 09:39:51 - [MESSAGE][INFO] - Navigating browser to: 'https://efatura-stage.elogo.com.tr/'

2021-11-11 09:39:54 - [MESSAGE][PASSED] - Browser is opened with url: 'https://efatura-stage.elogo.com.tr/'

2021-11-11 09:39:54 - [TEST_STEP][PASSED] - maximizeWindow(): Invoke 'com.kms.katalon.core.annotation.BeforeTestCase' method: 'Listener.sampleBeforeTestSuite(...)' completed.

2021-11-11 09:39:54 - [MESSAGE][INFO] - Maximizing current window

2021-11-11 09:39:54 - [MESSAGE][PASSED] - Current window maximized

2021-11-11 09:39:54 - [MESSAGE][INFO] - Invoke 'com.kms.katalon.core.annotation.BeforeTestCase' method: 'Listener.sampleBeforeTestSuite(...)' completed.

2021-11-11 09:39:55 - [TEST_STEP][PASSED] - runFeatureFile("Include/features/e-Irsaliye/Gelen Kutusu/Irsaliyeler/Toplu Indirme.feature"): Feature file: 'Include/features/e-Irsaliye/Gelen Kutusu/Irsaliyeler/Toplu Indirme.feature' was passed

2021-11-11 09:39:55 - [MESSAGE][INFO] - Starting run keyword runFeatureFile: 'Include/features/e-Irsaliye/Gelen Kutusu/Irsaliyeler/Toplu Indirme.feature' and extract report to folder: 'C:\Users\DELL\Documents\GitHub\EES_KatalonLogo\Reports\20211111_090730\Suite Repository\ExceleAktarVeTopluIndirme\20211111_090810/cucumber_report/1636612795578'...

2021-11-11 09:39:55 - [MESSAGE][INFO] - Glue: []

2021-11-11 09:39:56 - [MESSAGE][INFO] - Checking called Test Case

2021-11-11 09:39:56 - [MESSAGE][INFO] - Starting to call Test Case 'Test Cases/Sayfalar/Giris_Sayfasi/Login'

2021-11-11 09:39:56 - [TEST_CASE][PASSED] - Test Cases/Sayfalar/Giris_Sayfasi/Login: Test Cases/Sayfalar/Giris_Sayfasi/Login

2021-11-11 09:39:56 - [TEST_STEP][PASSED] - Sayfa_Basligi = getWindowTitle(): Current window's title is: 'LOGO e-Fatura'

2021-11-11 09:39:56 - [MESSAGE][INFO] - Getting current window's title

2021-11-11 09:39:56 - [MESSAGE][PASSED] - Current window's title is: 'LOGO e-Fatura'

2021-11-11 09:39:56 - [TEST_STEP][PASSED] - verifyMatch(Sayfa_Basligi, "LOGO e-Fatura", false): Actual text 'LOGO e-Fatura' and expected text 'LOGO e-Fatura' are matched 

2021-11-11 09:39:56 - [MESSAGE][INFO] - Matching actual text 'LOGO e-Fatura' with expected text 'LOGO e-Fatura'

2021-11-11 09:39:56 - [MESSAGE][PASSED] - Actual text 'LOGO e-Fatura' and expected text 'LOGO e-Fatura' are matched 

2021-11-11 09:39:56 - [TEST_STEP][PASSED] - sendKeys(findTestObject("Sayfalar/Giris_Sayfasi/Firma_Kodu"), KullaniciAdi): Keys 'ELOGO6' sent to object: 'Object Repository/Sayfalar/Giris_Sayfasi/Firma_Kodu'

2021-11-11 09:39:56 - [MESSAGE][INFO] - Finding Test Object 'Object Repository/Sayfalar/Giris_Sayfasi/Firma_Kodu'

2021-11-11 09:39:56 - [MESSAGE][INFO] - Sending keys 'ELOGO6' to object: 'Object Repository/Sayfalar/Giris_Sayfasi/Firma_Kodu'

2021-11-11 09:39:56 - [MESSAGE][INFO] - Finding web element from Test Object's properties

2021-11-11 09:39:56 - [MESSAGE][INFO] - Checking timeout

2021-11-11 09:39:56 - [MESSAGE][INFO] - Finding web element with id: 'Object Repository/Sayfalar/Giris_Sayfasi/Firma_Kodu' located by 'By.xpath: //*[@id = 'AccountName']' in '30' second(s)

2021-11-11 09:39:56 - [MESSAGE][INFO] - Smart Wait Function is triggered

2021-11-11 09:39:56 - [MESSAGE][INFO] - Found 1 web elements with id: 'Object Repository/Sayfalar/Giris_Sayfasi/Firma_Kodu' located by 'By.xpath: //*[@id = 'AccountName']' in '30' second(s)

2021-11-11 09:39:56 - [MESSAGE][PASSED] - Keys 'ELOGO6' sent to object: 'Object Repository/Sayfalar/Giris_Sayfasi/Firma_Kodu'

2021-11-11 09:39:56 - [TEST_STEP][PASSED] - sendKeys(findTestObject("Sayfalar/Giris_Sayfasi/Sifre"), Sifre): Keys '123456' sent to object: 'Object Repository/Sayfalar/Giris_Sayfasi/Sifre'

2021-11-11 09:39:56 - [MESSAGE][INFO] - Finding Test Object 'Object Repository/Sayfalar/Giris_Sayfasi/Sifre'

2021-11-11 09:39:57 - [MESSAGE][INFO] - Sending keys '123456' to object: 'Object Repository/Sayfalar/Giris_Sayfasi/Sifre'

2021-11-11 09:39:57 - [MESSAGE][INFO] - Finding web element from Test Object's properties

2021-11-11 09:39:57 - [MESSAGE][INFO] - Checking timeout

2021-11-11 09:39:57 - [MESSAGE][INFO] - Finding web element with id: 'Object Repository/Sayfalar/Giris_Sayfasi/Sifre' located by 'By.xpath: //*[@id = 'Password']' in '30' second(s)

2021-11-11 09:39:57 - [MESSAGE][INFO] - Smart Wait Function is triggered

2021-11-11 09:39:57 - [MESSAGE][INFO] - Found 1 web elements with id: 'Object Repository/Sayfalar/Giris_Sayfasi/Sifre' located by 'By.xpath: //*[@id = 'Password']' in '30' second(s)

2021-11-11 09:39:57 - [MESSAGE][PASSED] - Keys '123456' sent to object: 'Object Repository/Sayfalar/Giris_Sayfasi/Sifre'

2021-11-11 09:39:57 - [TEST_STEP][PASSED] - findWebElement(findTestObject("Sayfalar/Giris_Sayfasi/Giris_Butonu")).click(): Found 1 web elements with id: 'Object Repository/Sayfalar/Giris_Sayfasi/Giris_Butonu' located by 'By.cssSelector: #btnLogin' in '30' second(s)

2021-11-11 09:39:57 - [MESSAGE][INFO] - Finding Test Object 'Object Repository/Sayfalar/Giris_Sayfasi/Giris_Butonu'

2021-11-11 09:39:57 - [MESSAGE][INFO] - Finding web element from Test Object's properties

2021-11-11 09:39:57 - [MESSAGE][INFO] - Checking timeout

2021-11-11 09:39:57 - [MESSAGE][INFO] - Finding web element with id: 'Object Repository/Sayfalar/Giris_Sayfasi/Giris_Butonu' located by 'By.cssSelector: #btnLogin' in '30' second(s)

2021-11-11 09:39:57 - [MESSAGE][INFO] - Smart Wait Function is triggered

2021-11-11 09:39:58 - [MESSAGE][INFO] - Found 1 web elements with id: 'Object Repository/Sayfalar/Giris_Sayfasi/Giris_Butonu' located by 'By.cssSelector: #btnLogin' in '30' second(s)

2021-11-11 09:40:00 - [TEST_STEP][PASSED] - if (verifyElementPresent(findTestObject("Object Repository/Sayfalar/Giris_Sayfasi/RetveTamam_Butonu"), 5, OPTIONAL)): null

2021-11-11 09:40:00 - [MESSAGE][INFO] - Finding Test Object 'Object Repository/Sayfalar/Giris_Sayfasi/RetveTamam_Butonu'

2021-11-11 09:40:00 - [MESSAGE][INFO] - Checking object

2021-11-11 09:40:00 - [MESSAGE][INFO] - Finding web element from Test Object's properties

2021-11-11 09:40:00 - [MESSAGE][INFO] - Checking timeout

2021-11-11 09:40:00 - [MESSAGE][INFO] - Finding web element with id: 'Object Repository/Sayfalar/Giris_Sayfasi/RetveTamam_Butonu' located by 'By.xpath: //*[@class = 'btn btn-default']' in '5' second(s)

2021-11-11 09:40:00 - [MESSAGE][INFO] - Smart Wait Function is triggered

2021-11-11 09:40:00 - [MESSAGE][INFO] - Found 1 web elements with id: 'Object Repository/Sayfalar/Giris_Sayfasi/RetveTamam_Butonu' located by 'By.xpath: //*[@class = 'btn btn-default']' in '5' second(s)

2021-11-11 09:40:00 - [MESSAGE][PASSED] - Object 'Object Repository/Sayfalar/Giris_Sayfasi/RetveTamam_Butonu' is present

2021-11-11 09:40:00 - [TEST_STEP][PASSED] - click(findTestObject("Object Repository/Sayfalar/Giris_Sayfasi/RetveTamam_Butonu")): Object: 'Object Repository/Sayfalar/Giris_Sayfasi/RetveTamam_Butonu' is clicked on

2021-11-11 09:40:00 - [MESSAGE][INFO] - Finding Test Object 'Object Repository/Sayfalar/Giris_Sayfasi/RetveTamam_Butonu'

2021-11-11 09:40:01 - [MESSAGE][INFO] - Checking object

2021-11-11 09:40:01 - [MESSAGE][INFO] - Finding web element from Test Object's properties

2021-11-11 09:40:01 - [MESSAGE][INFO] - Checking timeout

2021-11-11 09:40:01 - [MESSAGE][INFO] - Finding web element with id: 'Object Repository/Sayfalar/Giris_Sayfasi/RetveTamam_Butonu' located by 'By.xpath: //*[@class = 'btn btn-default']' in '30' second(s)

2021-11-11 09:40:01 - [MESSAGE][INFO] - Smart Wait Function is triggered

2021-11-11 09:40:01 - [MESSAGE][INFO] - Found 1 web elements with id: 'Object Repository/Sayfalar/Giris_Sayfasi/RetveTamam_Butonu' located by 'By.xpath: //*[@class = 'btn btn-default']' in '30' second(s)

2021-11-11 09:40:01 - [MESSAGE][INFO] - Clicking on object: 'Object Repository/Sayfalar/Giris_Sayfasi/RetveTamam_Butonu'

2021-11-11 09:40:01 - [MESSAGE][PASSED] - Object: 'Object Repository/Sayfalar/Giris_Sayfasi/RetveTamam_Butonu' is clicked on

2021-11-11 09:40:01 - [TEST_STEP][PASSED] - click(findTestObject("Object Repository/Sayfalar/Giris_Sayfasi/RetveTamam_Butonu")): Object: 'Object Repository/Sayfalar/Giris_Sayfasi/RetveTamam_Butonu' is clicked on

2021-11-11 09:40:01 - [MESSAGE][INFO] - Finding Test Object 'Object Repository/Sayfalar/Giris_Sayfasi/RetveTamam_Butonu'

2021-11-11 09:40:01 - [MESSAGE][INFO] - Checking object

2021-11-11 09:40:01 - [MESSAGE][INFO] - Finding web element from Test Object's properties

2021-11-11 09:40:01 - [MESSAGE][INFO] - Checking timeout

2021-11-11 09:40:01 - [MESSAGE][INFO] - Finding web element with id: 'Object Repository/Sayfalar/Giris_Sayfasi/RetveTamam_Butonu' located by 'By.xpath: //*[@class = 'btn btn-default']' in '30' second(s)

2021-11-11 09:40:01 - [MESSAGE][INFO] - Smart Wait Function is triggered

2021-11-11 09:40:04 - [MESSAGE][INFO] - Found 1 web elements with id: 'Object Repository/Sayfalar/Giris_Sayfasi/RetveTamam_Butonu' located by 'By.xpath: //*[@class = 'btn btn-default']' in '30' second(s)

2021-11-11 09:40:04 - [MESSAGE][INFO] - Clicking on object: 'Object Repository/Sayfalar/Giris_Sayfasi/RetveTamam_Butonu'

2021-11-11 09:40:04 - [MESSAGE][PASSED] - Object: 'Object Repository/Sayfalar/Giris_Sayfasi/RetveTamam_Butonu' is clicked on

2021-11-11 09:40:04 - [TEST_STEP][PASSED] - if (verifyElementPresent(findTestObject("Sayfalar/Giris_Sayfasi/PopupOK"), 5, OPTIONAL)): null

2021-11-11 09:40:04 - [MESSAGE][INFO] - Finding Test Object 'Object Repository/Sayfalar/Giris_Sayfasi/PopupOK'

2021-11-11 09:40:04 - [MESSAGE][INFO] - Checking object

2021-11-11 09:40:04 - [MESSAGE][INFO] - Finding web element from Test Object's properties

2021-11-11 09:40:04 - [MESSAGE][INFO] - Checking timeout

2021-11-11 09:40:04 - [MESSAGE][INFO] - Finding web element with id: 'Object Repository/Sayfalar/Giris_Sayfasi/PopupOK' located by 'By.cssSelector: .btn.btn-success' in '5' second(s)

2021-11-11 09:40:04 - [MESSAGE][INFO] - Smart Wait Function is triggered

2021-11-11 09:40:05 - [MESSAGE][INFO] - Found 1 web elements with id: 'Object Repository/Sayfalar/Giris_Sayfasi/PopupOK' located by 'By.cssSelector: .btn.btn-success' in '5' second(s)

2021-11-11 09:40:05 - [MESSAGE][PASSED] - Object 'Object Repository/Sayfalar/Giris_Sayfasi/PopupOK' is present

2021-11-11 09:40:05 - [TEST_STEP][PASSED] - click(findTestObject("Object Repository/Sayfalar/Giris_Sayfasi/PopupCarpiGiris")): Object: 'Object Repository/Sayfalar/Giris_Sayfasi/PopupCarpiGiris' is clicked on

2021-11-11 09:40:05 - [MESSAGE][INFO] - Finding Test Object 'Object Repository/Sayfalar/Giris_Sayfasi/PopupCarpiGiris'

2021-11-11 09:40:05 - [MESSAGE][INFO] - Checking object

2021-11-11 09:40:05 - [MESSAGE][INFO] - Finding web element from Test Object's properties

2021-11-11 09:40:05 - [MESSAGE][INFO] - Checking timeout

2021-11-11 09:40:05 - [MESSAGE][INFO] - Finding web element with id: 'Object Repository/Sayfalar/Giris_Sayfasi/PopupCarpiGiris' located by 'By.cssSelector: .bootbox-close-button.close' in '30' second(s)

2021-11-11 09:40:05 - [MESSAGE][INFO] - Smart Wait Function is triggered

2021-11-11 09:40:05 - [MESSAGE][INFO] - Found 1 web elements with id: 'Object Repository/Sayfalar/Giris_Sayfasi/PopupCarpiGiris' located by 'By.cssSelector: .bootbox-close-button.close' in '30' second(s)

2021-11-11 09:40:05 - [MESSAGE][INFO] - Clicking on object: 'Object Repository/Sayfalar/Giris_Sayfasi/PopupCarpiGiris'

2021-11-11 09:40:05 - [MESSAGE][PASSED] - Object: 'Object Repository/Sayfalar/Giris_Sayfasi/PopupCarpiGiris' is clicked on

2021-11-11 09:40:05 - [TEST_STEP][PASSED] - verifyElementVisible(findTestObject("Object Repository/Kullanici_Islemleri/KullaniciIslemleri")): Object 'Object Repository/Kullanici_Islemleri/KullaniciIslemleri' is visible

2021-11-11 09:40:05 - [MESSAGE][INFO] - Finding Test Object 'Object Repository/Kullanici_Islemleri/KullaniciIslemleri'

2021-11-11 09:40:05 - [MESSAGE][INFO] - Checking object

2021-11-11 09:40:05 - [MESSAGE][INFO] - Finding web element from Test Object's properties

2021-11-11 09:40:05 - [MESSAGE][INFO] - Checking timeout

2021-11-11 09:40:05 - [MESSAGE][INFO] - Finding web element with id: 'Object Repository/Kullanici_Islemleri/KullaniciIslemleri' located by 'By.cssSelector: .dropdown>a>img' in '30' second(s)

2021-11-11 09:40:05 - [MESSAGE][INFO] - Smart Wait Function is triggered

2021-11-11 09:40:06 - [MESSAGE][INFO] - Found 1 web elements with id: 'Object Repository/Kullanici_Islemleri/KullaniciIslemleri' located by 'By.cssSelector: .dropdown>a>img' in '30' second(s)

2021-11-11 09:40:06 - [MESSAGE][PASSED] - Object 'Object Repository/Kullanici_Islemleri/KullaniciIslemleri' is visible

2021-11-11 09:40:06 - [MESSAGE][PASSED] - Call Test Case 'Test Cases/Sayfalar/Giris_Sayfasi/Login' successfully

2021-11-11 09:40:06 - [MESSAGE][INFO] - Checking called Test Case

2021-11-11 09:40:06 - [MESSAGE][INFO] - Starting to call Test Case 'Test Cases/Menu/AnaMenuSecimi'

2021-11-11 09:40:06 - [TEST_CASE][PASSED] - Test Cases/Menu/AnaMenuSecimi: Test Cases/Menu/AnaMenuSecimi

2021-11-11 09:40:06 - [TEST_STEP][PASSED] - Method.TextDegerineEsitElementeTikla(findTestObject("Menu/Ana_Menu"), Ana_Menu): Method.TextDegerineEsitElementeTikla is PASSED

2021-11-11 09:40:06 - [MESSAGE][INFO] - Finding Test Object 'Object Repository/Menu/Ana_Menu'

2021-11-11 09:40:06 - [MESSAGE][INFO] - Checking timeout

2021-11-11 09:40:06 - [MESSAGE][INFO] - Finding web element with id: 'Object Repository/Menu/Ana_Menu' located by 'By.xpath: //*[@class = 'dropdown-toggle']' in '10' second(s)

2021-11-11 09:40:06 - [MESSAGE][INFO] - Smart Wait Function is triggered

2021-11-11 09:40:06 - [MESSAGE][INFO] - Found 14 web elements with id: 'Object Repository/Menu/Ana_Menu' located by 'By.xpath: //*[@class = 'dropdown-toggle']' in '10' second(s)

2021-11-11 09:40:07 - [MESSAGE][PASSED] - Method.TextDegerineEsitElementeTikla is PASSED

2021-11-11 09:40:07 - [MESSAGE][PASSED] - Call Test Case 'Test Cases/Menu/AnaMenuSecimi' successfully

2021-11-11 09:40:07 - [MESSAGE][INFO] - Checking called Test Case

2021-11-11 09:40:07 - [MESSAGE][INFO] - Starting to call Test Case 'Test Cases/Menu/BasligaGoreAltMenuSecimi'

2021-11-11 09:40:07 - [TEST_CASE][PASSED] - Test Cases/Menu/BasligaGoreAltMenuSecimi: Test Cases/Menu/BasligaGoreAltMenuSecimi

2021-11-11 09:40:07 - [TEST_STEP][PASSED] - Method.TextDegerineEsitElementinAltindakiTextDegerineEsitOlanaTikla(findTestObject("Menu/Menu_Basligi"), findTestObject("Menu/Basliga_Gore_Alt_Menu"), Baslik, Alt_Menu): Method.TextDegerineEsitElementinAltindakiTextDegerineEsitOlanaTikla is PASSED

2021-11-11 09:40:07 - [MESSAGE][INFO] - Finding Test Object 'Object Repository/Menu/Menu_Basligi'

2021-11-11 09:40:07 - [MESSAGE][INFO] - Finding Test Object 'Object Repository/Menu/Basliga_Gore_Alt_Menu'

2021-11-11 09:40:07 - [MESSAGE][INFO] - Checking timeout

2021-11-11 09:40:07 - [MESSAGE][INFO] - Finding web element with id: 'Object Repository/Menu/Menu_Basligi' located by 'By.xpath: //li[@class='dropdown dropdown-large open']//li[@class='dropdown-header']' in '10' second(s)

2021-11-11 09:40:07 - [MESSAGE][INFO] - Smart Wait Function is triggered

2021-11-11 09:40:07 - [MESSAGE][INFO] - Found 3 web elements with id: 'Object Repository/Menu/Menu_Basligi' located by 'By.xpath: //li[@class='dropdown dropdown-large open']//li[@class='dropdown-header']' in '10' second(s)

2021-11-11 09:40:07 - [MESSAGE][INFO] - Smart Wait Function is triggered

2021-11-11 09:40:09 - [MESSAGE][PASSED] - Method.TextDegerineEsitElementinAltindakiTextDegerineEsitOlanaTikla is PASSED

2021-11-11 09:40:09 - [MESSAGE][PASSED] - Call Test Case 'Test Cases/Menu/BasligaGoreAltMenuSecimi' successfully

2021-11-11 09:40:09 - [MESSAGE][INFO] - Checking called Test Case

2021-11-11 09:40:09 - [MESSAGE][INFO] - Starting to call Test Case 'Test Cases/Filtreler/BaslangicYaz'

2021-11-11 09:40:09 - [TEST_CASE][PASSED] - Test Cases/Filtreler/BaslangicYaz: Test Cases/Filtreler/BaslangicYaz

2021-11-11 09:40:09 - [TEST_STEP][PASSED] - Method.TextDegerineEsitElementinAltindakineTikla(findTestObject("Filtreler/Basliklar"), findTestObject("Filtreler/Basliga_Gore_Baslangic_Image"), Filtre_Adi): Method.TextDegerineEsitElementinAltindakineTikla is PASSED

2021-11-11 09:40:09 - [MESSAGE][INFO] - Finding Test Object 'Object Repository/Filtreler/Basliklar'

2021-11-11 09:40:10 - [MESSAGE][INFO] - Finding Test Object 'Object Repository/Filtreler/Basliga_Gore_Baslangic_Image'

2021-11-11 09:40:10 - [MESSAGE][INFO] - Checking timeout

2021-11-11 09:40:10 - [MESSAGE][INFO] - Finding web element with id: 'Object Repository/Filtreler/Basliklar' located by 'By.cssSelector: .control-label.col-sm-4.paddingMarginRLC' in '10' second(s)

2021-11-11 09:40:10 - [MESSAGE][INFO] - Smart Wait Function is triggered

2021-11-11 09:40:10 - [MESSAGE][INFO] - Found 18 web elements with id: 'Object Repository/Filtreler/Basliklar' located by 'By.cssSelector: .control-label.col-sm-4.paddingMarginRLC' in '10' second(s)

2021-11-11 09:40:10 - [MESSAGE][INFO] - Smart Wait Function is triggered

2021-11-11 09:40:10 - [MESSAGE][PASSED] - Method.TextDegerineEsitElementinAltindakineTikla is PASSED

2021-11-11 09:40:10 - [TEST_STEP][PASSED] - Method.TextDegerineEsitElementinAltindakiTextboxtaYaz(findTestObject("Filtreler/Basliklar"), findTestObject("Filtreler/Basliga_Gore_Baslangic"), Filtre_Adi, Filtre_Degeri): Method.TextDegerineEsitElementinAltindakiTextboxtaYaz is PASSED

2021-11-11 09:40:10 - [MESSAGE][INFO] - Finding Test Object 'Object Repository/Filtreler/Basliklar'

2021-11-11 09:40:10 - [MESSAGE][INFO] - Finding Test Object 'Object Repository/Filtreler/Basliga_Gore_Baslangic'

2021-11-11 09:40:10 - [MESSAGE][INFO] - Checking timeout

2021-11-11 09:40:10 - [MESSAGE][INFO] - Finding web element with id: 'Object Repository/Filtreler/Basliklar' located by 'By.cssSelector: .control-label.col-sm-4.paddingMarginRLC' in '10' second(s)

2021-11-11 09:40:10 - [MESSAGE][INFO] - Smart Wait Function is triggered

2021-11-11 09:40:11 - [MESSAGE][INFO] - Found 18 web elements with id: 'Object Repository/Filtreler/Basliklar' located by 'By.cssSelector: .control-label.col-sm-4.paddingMarginRLC' in '10' second(s)

2021-11-11 09:40:11 - [MESSAGE][INFO] - Smart Wait Function is triggered

2021-11-11 09:40:11 - [MESSAGE][PASSED] - Method.TextDegerineEsitElementinAltindakiTextboxtaYaz is PASSED

2021-11-11 09:40:11 - [MESSAGE][PASSED] - Call Test Case 'Test Cases/Filtreler/BaslangicYaz' successfully

2021-11-11 09:40:11 - [MESSAGE][INFO] - Checking called Test Case

2021-11-11 09:40:11 - [MESSAGE][INFO] - Starting to call Test Case 'Test Cases/Filtreler/BitisYaz'

2021-11-11 09:40:11 - [TEST_CASE][PASSED] - Test Cases/Filtreler/BitisYaz: Test Cases/Filtreler/BitisYaz

2021-11-11 09:40:11 - [TEST_STEP][PASSED] - Method.TextDegerineEsitElementinAltindakineTikla(findTestObject("Filtreler/Basliklar"), findTestObject("Filtreler/Basliga_Gore_Bitis_Image"), Filtre_Adi): Method.TextDegerineEsitElementinAltindakineTikla is PASSED

2021-11-11 09:40:11 - [MESSAGE][INFO] - Finding Test Object 'Object Repository/Filtreler/Basliklar'

2021-11-11 09:40:11 - [MESSAGE][INFO] - Finding Test Object 'Object Repository/Filtreler/Basliga_Gore_Bitis_Image'

2021-11-11 09:40:11 - [MESSAGE][INFO] - Checking timeout

2021-11-11 09:40:11 - [MESSAGE][INFO] - Finding web element with id: 'Object Repository/Filtreler/Basliklar' located by 'By.cssSelector: .control-label.col-sm-4.paddingMarginRLC' in '10' second(s)

2021-11-11 09:40:11 - [MESSAGE][INFO] - Smart Wait Function is triggered

2021-11-11 09:40:12 - [MESSAGE][INFO] - Found 18 web elements with id: 'Object Repository/Filtreler/Basliklar' located by 'By.cssSelector: .control-label.col-sm-4.paddingMarginRLC' in '10' second(s)

2021-11-11 09:40:12 - [MESSAGE][INFO] - Smart Wait Function is triggered

2021-11-11 09:40:12 - [MESSAGE][PASSED] - Method.TextDegerineEsitElementinAltindakineTikla is PASSED

2021-11-11 09:40:12 - [TEST_STEP][PASSED] - Method.TextDegerineEsitElementinAltindakiTextboxtaYaz(findTestObject("Filtreler/Basliklar"), findTestObject("Object Repository/Filtreler/Basliga_Gore_Bitis"), Filtre_Adi, Filtre_Degeri): Method.TextDegerineEsitElementinAltindakiTextboxtaYaz is PASSED

2021-11-11 09:40:12 - [MESSAGE][INFO] - Finding Test Object 'Object Repository/Filtreler/Basliklar'

2021-11-11 09:40:12 - [MESSAGE][INFO] - Finding Test Object 'Object Repository/Filtreler/Basliga_Gore_Bitis'

2021-11-11 09:40:12 - [MESSAGE][INFO] - Checking timeout

2021-11-11 09:40:12 - [MESSAGE][INFO] - Finding web element with id: 'Object Repository/Filtreler/Basliklar' located by 'By.cssSelector: .control-label.col-sm-4.paddingMarginRLC' in '10' second(s)

2021-11-11 09:40:12 - [MESSAGE][INFO] - Smart Wait Function is triggered

2021-11-11 09:40:13 - [MESSAGE][INFO] - Found 18 web elements with id: 'Object Repository/Filtreler/Basliklar' located by 'By.cssSelector: .control-label.col-sm-4.paddingMarginRLC' in '10' second(s)

2021-11-11 09:40:13 - [MESSAGE][INFO] - Smart Wait Function is triggered

2021-11-11 09:40:13 - [MESSAGE][PASSED] - Method.TextDegerineEsitElementinAltindakiTextboxtaYaz is PASSED

2021-11-11 09:40:13 - [MESSAGE][PASSED] - Call Test Case 'Test Cases/Filtreler/BitisYaz' successfully

2021-11-11 09:40:13 - [MESSAGE][INFO] - Checking called Test Case

2021-11-11 09:40:13 - [MESSAGE][INFO] - Starting to call Test Case 'Test Cases/Filtreler/TexboxaYaz'

2021-11-11 09:40:13 - [TEST_CASE][PASSED] - Test Cases/Filtreler/TexboxaYaz: Test Cases/Filtreler/TexboxaYaz

2021-11-11 09:40:13 - [TEST_STEP][PASSED] - Method.TextDegerineEsitElementinAltindakiTextboxtaYaz(findTestObject("Filtreler/Basliklar"), findTestObject("Filtreler/Basliga_Gore_Textbox"), Filtre_Adi, Filtre_Degeri): Method.TextDegerineEsitElementinAltindakiTextboxtaYaz is PASSED

2021-11-11 09:40:13 - [MESSAGE][INFO] - Finding Test Object 'Object Repository/Filtreler/Basliklar'

2021-11-11 09:40:13 - [MESSAGE][INFO] - Finding Test Object 'Object Repository/Filtreler/Basliga_Gore_Textbox'

2021-11-11 09:40:13 - [MESSAGE][INFO] - Checking timeout

2021-11-11 09:40:13 - [MESSAGE][INFO] - Finding web element with id: 'Object Repository/Filtreler/Basliklar' located by 'By.cssSelector: .control-label.col-sm-4.paddingMarginRLC' in '10' second(s)

2021-11-11 09:40:13 - [MESSAGE][INFO] - Smart Wait Function is triggered

2021-11-11 09:40:14 - [MESSAGE][INFO] - Found 18 web elements with id: 'Object Repository/Filtreler/Basliklar' located by 'By.cssSelector: .control-label.col-sm-4.paddingMarginRLC' in '10' second(s)

2021-11-11 09:40:14 - [MESSAGE][INFO] - Smart Wait Function is triggered

2021-11-11 09:40:14 - [MESSAGE][PASSED] - Method.TextDegerineEsitElementinAltindakiTextboxtaYaz is PASSED

2021-11-11 09:40:14 - [MESSAGE][PASSED] - Call Test Case 'Test Cases/Filtreler/TexboxaYaz' successfully

2021-11-11 09:40:14 - [MESSAGE][INFO] - Checking called Test Case

2021-11-11 09:40:14 - [MESSAGE][INFO] - Starting to call Test Case 'Test Cases/Filtreler/ButonaTikla'

2021-11-11 09:40:14 - [TEST_CASE][PASSED] - Test Cases/Filtreler/ButonaTikla: Test Cases/Filtreler/ButonaTikla

2021-11-11 09:40:14 - [TEST_STEP][PASSED] - Method.TextDegerineEsitElementeTikla(findTestObject("Filtreler/Butonlar"), Filtre_Buton): Method.TextDegerineEsitElementeTikla is PASSED

2021-11-11 09:40:14 - [MESSAGE][INFO] - Finding Test Object 'Object Repository/Filtreler/Butonlar'

2021-11-11 09:40:14 - [MESSAGE][INFO] - Checking timeout

2021-11-11 09:40:14 - [MESSAGE][INFO] - Finding web element with id: 'Object Repository/Filtreler/Butonlar' located by 'By.cssSelector: .dxb>span' in '10' second(s)

2021-11-11 09:40:14 - [MESSAGE][INFO] - Smart Wait Function is triggered

2021-11-11 09:40:15 - [MESSAGE][INFO] - Found 3 web elements with id: 'Object Repository/Filtreler/Butonlar' located by 'By.cssSelector: .dxb>span' in '10' second(s)

2021-11-11 09:40:15 - [MESSAGE][PASSED] - Method.TextDegerineEsitElementeTikla is PASSED

2021-11-11 09:40:15 - [MESSAGE][PASSED] - Call Test Case 'Test Cases/Filtreler/ButonaTikla' successfully

2021-11-11 09:40:15 - [MESSAGE][INFO] - Checking called Test Case

2021-11-11 09:40:15 - [MESSAGE][INFO] - Starting to call Test Case 'Test Cases/Tablo/TablodaVeriVarMi'

2021-11-11 09:40:15 - [TEST_CASE][PASSED] - Test Cases/Tablo/TablodaVeriVarMi: Test Cases/Tablo/TablodaVeriVarMi

2021-11-11 09:40:15 - [TEST_STEP][PASSED] - verifyTextNotPresent("Görüntülenecek veri yok", true): Text 'Görüntülenecek veri yok' is not present on page using regular expression

2021-11-11 09:40:15 - [MESSAGE][INFO] - Checking text present  using regular expression

2021-11-11 09:40:15 - [MESSAGE][INFO] - Smart Wait Function is triggered

2021-11-11 09:40:16 - [MESSAGE][INFO] - Finding text 'Görüntülenecek veri yok' on page  using regular expression

2021-11-11 09:40:16 - [MESSAGE][PASSED] - Text 'Görüntülenecek veri yok' is not present on page using regular expression

2021-11-11 09:40:16 - [MESSAGE][PASSED] - Call Test Case 'Test Cases/Tablo/TablodaVeriVarMi' successfully

2021-11-11 09:40:16 - [MESSAGE][INFO] - Checking called Test Case

2021-11-11 09:40:16 - [MESSAGE][INFO] - Starting to call Test Case 'Test Cases/Tablo/TablodanVeriSec'

2021-11-11 09:40:16 - [TEST_CASE][PASSED] - Test Cases/Tablo/TablodanVeriSec: Test Cases/Tablo/TablodanVeriSec

2021-11-11 09:40:16 - [TEST_STEP][PASSED] - Method.TextDegerineEsitElementinAltindakineTikla(findTestObject("Tablo/Veriler"), findTestObject("Tablo/VerininCheckBoxi"), Veri_Adi): Method.TextDegerineEsitElementinAltindakineTikla is PASSED

2021-11-11 09:40:16 - [MESSAGE][INFO] - Finding Test Object 'Object Repository/Tablo/Veriler'

2021-11-11 09:40:16 - [MESSAGE][INFO] - Finding Test Object 'Object Repository/Tablo/VerininCheckBoxi'

2021-11-11 09:40:16 - [MESSAGE][INFO] - Checking timeout

2021-11-11 09:40:16 - [MESSAGE][INFO] - Finding web element with id: 'Object Repository/Tablo/Veriler' located by 'By.cssSelector: td.dxgv b ,td.dxgv' in '10' second(s)

2021-11-11 09:40:16 - [MESSAGE][INFO] - Smart Wait Function is triggered

2021-11-11 09:40:17 - [MESSAGE][INFO] - Found 60 web elements with id: 'Object Repository/Tablo/Veriler' located by 'By.cssSelector: td.dxgv b ,td.dxgv' in '10' second(s)

2021-11-11 09:40:17 - [MESSAGE][INFO] - Smart Wait Function is triggered

2021-11-11 09:40:17 - [MESSAGE][PASSED] - Method.TextDegerineEsitElementinAltindakineTikla is PASSED

2021-11-11 09:40:17 - [MESSAGE][PASSED] - Call Test Case 'Test Cases/Tablo/TablodanVeriSec' successfully

2021-11-11 09:40:17 - [MESSAGE][INFO] - Checking called Test Case

2021-11-11 09:40:17 - [MESSAGE][INFO] - Starting to call Test Case 'Test Cases/Butonlar/ButonaTikla'

2021-11-11 09:40:17 - [TEST_CASE][PASSED] - Test Cases/Butonlar/ButonaTikla: Test Cases/Butonlar/ButonaTikla

2021-11-11 09:40:17 - [TEST_STEP][PASSED] - Method.TextDegerineEsitElementeTiklaEquals(findTestObject("Butonlar/Butonlar"), Buton_Adi): Method.TextDegerineEsitElementeTiklaEquals is PASSED

2021-11-11 09:40:17 - [MESSAGE][INFO] - Finding Test Object 'Object Repository/Butonlar/Butonlar'

2021-11-11 09:40:17 - [MESSAGE][INFO] - Checking timeout

2021-11-11 09:40:17 - [MESSAGE][INFO] - Finding web element with id: 'Object Repository/Butonlar/Butonlar' located by 'By.cssSelector: .panel.panel-default.text-center.footerPanel .btn,.btn.btn-primary.btnControls' in '10' second(s)

2021-11-11 09:40:17 - [MESSAGE][INFO] - Smart Wait Function is triggered

2021-11-11 09:40:17 - [MESSAGE][INFO] - Found 12 web elements with id: 'Object Repository/Butonlar/Butonlar' located by 'By.cssSelector: .panel.panel-default.text-center.footerPanel .btn,.btn.btn-primary.btnControls' in '10' second(s)

2021-11-11 09:40:18 - [MESSAGE][PASSED] - Method.TextDegerineEsitElementeTiklaEquals is PASSED

2021-11-11 09:40:18 - [MESSAGE][PASSED] - Call Test Case 'Test Cases/Butonlar/ButonaTikla' successfully

2021-11-11 09:40:18 - [MESSAGE][INFO] - Checking called Test Case

2021-11-11 09:40:18 - [MESSAGE][INFO] - Starting to call Test Case 'Test Cases/Butonlar/AltButonaTikla'

2021-11-11 09:40:18 - [TEST_CASE][PASSED] - Test Cases/Butonlar/AltButonaTikla: Test Cases/Butonlar/AltButonaTikla

2021-11-11 09:40:18 - [TEST_STEP][PASSED] - Method.TextDegerineEsitElementeTikla(findTestObject("Butonlar/AltButonlar"), Alt_Buton): Method.TextDegerineEsitElementeTikla is PASSED

2021-11-11 09:40:18 - [MESSAGE][INFO] - Finding Test Object 'Object Repository/Butonlar/AltButonlar'

2021-11-11 09:40:18 - [MESSAGE][INFO] - Checking timeout

2021-11-11 09:40:18 - [MESSAGE][INFO] - Finding web element with id: 'Object Repository/Butonlar/AltButonlar' located by 'By.cssSelector: .btn-group.open li>a' in '10' second(s)

2021-11-11 09:40:18 - [MESSAGE][INFO] - Smart Wait Function is triggered

2021-11-11 09:40:18 - [MESSAGE][INFO] - Found 4 web elements with id: 'Object Repository/Butonlar/AltButonlar' located by 'By.cssSelector: .btn-group.open li>a' in '10' second(s)

2021-11-11 09:40:18 - [MESSAGE][PASSED] - Method.TextDegerineEsitElementeTikla is PASSED

2021-11-11 09:40:18 - [MESSAGE][PASSED] - Call Test Case 'Test Cases/Butonlar/AltButonaTikla' successfully

2021-11-11 09:40:18 - [MESSAGE][INFO] - Checking called Test Case

2021-11-11 09:40:18 - [MESSAGE][INFO] - Starting to call Test Case 'Test Cases/Popup/PopupMesajiIceriyorMu'

2021-11-11 09:40:18 - [TEST_CASE][PASSED] - Test Cases/Popup/PopupMesajiIceriyorMu: Test Cases/Popup/PopupMesajiIceriyorMu

2021-11-11 09:40:18 - [TEST_STEP][PASSED] - waitForElementVisible(findTestObject("Popup/Popup"), 10): Object 'Object Repository/Popup/Popup' is visible

2021-11-11 09:40:18 - [MESSAGE][INFO] - Finding Test Object 'Object Repository/Popup/Popup'

2021-11-11 09:40:18 - [MESSAGE][INFO] - Checking object

2021-11-11 09:40:18 - [MESSAGE][INFO] - Checking timeout

2021-11-11 09:40:18 - [MESSAGE][INFO] - Finding web element from Test Object's properties

2021-11-11 09:40:18 - [MESSAGE][INFO] - Checking timeout

2021-11-11 09:40:18 - [MESSAGE][INFO] - Finding web element with id: 'Object Repository/Popup/Popup' located by 'By.cssSelector: .bootbox-body' in '10' second(s)

2021-11-11 09:40:18 - [MESSAGE][INFO] - Smart Wait Function is triggered

2021-11-11 09:40:19 - [MESSAGE][INFO] - Found 1 web elements with id: 'Object Repository/Popup/Popup' located by 'By.cssSelector: .bootbox-body' in '10' second(s)

2021-11-11 09:40:19 - [MESSAGE][PASSED] - Object 'Object Repository/Popup/Popup' is visible

2021-11-11 09:40:19 - [TEST_STEP][PASSED] - if (!(getText(findTestObject("Popup/Popup")).contains(Mesaj))): Text of object 'Object Repository/Popup/Popup' is: 'Lütfen rapor bildiriminin gönderileceği e-posta adresini belirtiniz.
e-Posta Adresi'

2021-11-11 09:40:19 - [MESSAGE][INFO] - Finding Test Object 'Object Repository/Popup/Popup'

2021-11-11 09:40:19 - [MESSAGE][INFO] - Checking object

2021-11-11 09:40:19 - [MESSAGE][INFO] - Finding web element from Test Object's properties

2021-11-11 09:40:19 - [MESSAGE][INFO] - Checking timeout

2021-11-11 09:40:19 - [MESSAGE][INFO] - Finding web element with id: 'Object Repository/Popup/Popup' located by 'By.cssSelector: .bootbox-body' in '30' second(s)

2021-11-11 09:40:19 - [MESSAGE][INFO] - Smart Wait Function is triggered

2021-11-11 09:40:20 - [MESSAGE][INFO] - Found 1 web elements with id: 'Object Repository/Popup/Popup' located by 'By.cssSelector: .bootbox-body' in '30' second(s)

2021-11-11 09:40:20 - [MESSAGE][INFO] - Getting text of object 'Object Repository/Popup/Popup'

2021-11-11 09:40:20 - [MESSAGE][PASSED] - Text of object 'Object Repository/Popup/Popup' is: 'Lütfen rapor bildiriminin gönderileceği e-posta adresini belirtiniz.
e-Posta Adresi'

2021-11-11 09:40:20 - [TEST_STEP][PASSED] - RaporNo = getText(findTestObject("Popup/Popup")).substring(0, 6): Text of object 'Object Repository/Popup/Popup' is: 'Lütfen rapor bildiriminin gönderileceği e-posta adresini belirtiniz.
e-Posta Adresi'

2021-11-11 09:40:20 - [MESSAGE][INFO] - Finding Test Object 'Object Repository/Popup/Popup'

2021-11-11 09:40:20 - [MESSAGE][INFO] - Checking object

2021-11-11 09:40:20 - [MESSAGE][INFO] - Finding web element from Test Object's properties

2021-11-11 09:40:20 - [MESSAGE][INFO] - Checking timeout

2021-11-11 09:40:20 - [MESSAGE][INFO] - Finding web element with id: 'Object Repository/Popup/Popup' located by 'By.cssSelector: .bootbox-body' in '30' second(s)

2021-11-11 09:40:20 - [MESSAGE][INFO] - Smart Wait Function is triggered

2021-11-11 09:40:20 - [MESSAGE][INFO] - Found 1 web elements with id: 'Object Repository/Popup/Popup' located by 'By.cssSelector: .bootbox-body' in '30' second(s)

2021-11-11 09:40:20 - [MESSAGE][INFO] - Getting text of object 'Object Repository/Popup/Popup'

2021-11-11 09:40:20 - [MESSAGE][PASSED] - Text of object 'Object Repository/Popup/Popup' is: 'Lütfen rapor bildiriminin gönderileceği e-posta adresini belirtiniz.
e-Posta Adresi'

2021-11-11 09:40:20 - [TEST_STEP][PASSED] - Console.println(RaporNo): null

2021-11-11 09:40:20 - [MESSAGE][PASSED] - Call Test Case 'Test Cases/Popup/PopupMesajiIceriyorMu' successfully

2021-11-11 09:40:20 - [MESSAGE][INFO] - Checking called Test Case

2021-11-11 09:40:20 - [MESSAGE][INFO] - Starting to call Test Case 'Test Cases/Popup/PopupaEmailEklenir'

2021-11-11 09:40:20 - [TEST_CASE][PASSED] - Test Cases/Popup/PopupaEmailEklenir: Test Cases/Popup/PopupaEmailEklenir

2021-11-11 09:40:20 - [TEST_STEP][PASSED] - clearText(findTestObject("Popup/EmailText")): Text of object 'Object Repository/Popup/EmailText' is cleared

2021-11-11 09:40:20 - [MESSAGE][INFO] - Finding Test Object 'Object Repository/Popup/EmailText'

2021-11-11 09:40:20 - [MESSAGE][INFO] - Checking object

2021-11-11 09:40:20 - [MESSAGE][INFO] - Finding web element from Test Object's properties

2021-11-11 09:40:20 - [MESSAGE][INFO] - Checking timeout

2021-11-11 09:40:20 - [MESSAGE][INFO] - Finding web element with id: 'Object Repository/Popup/EmailText' located by 'By.xpath: //*[@id="eMails"]' in '30' second(s)

2021-11-11 09:40:20 - [MESSAGE][INFO] - Smart Wait Function is triggered

2021-11-11 09:40:21 - [MESSAGE][INFO] - Found 1 web elements with id: 'Object Repository/Popup/EmailText' located by 'By.xpath: //*[@id="eMails"]' in '30' second(s)

2021-11-11 09:40:21 - [MESSAGE][INFO] - Clearing text of object 'Object Repository/Popup/EmailText'

2021-11-11 09:40:21 - [MESSAGE][PASSED] - Text of object 'Object Repository/Popup/EmailText' is cleared

2021-11-11 09:40:21 - [TEST_STEP][PASSED] - sendKeys(findTestObject("Popup/EmailText"), Email): Keys 'elogotest@gmail.com;ali.kara@logo.com.tr' sent to object: 'Object Repository/Popup/EmailText'

2021-11-11 09:40:21 - [MESSAGE][INFO] - Finding Test Object 'Object Repository/Popup/EmailText'

2021-11-11 09:40:21 - [MESSAGE][INFO] - Sending keys 'elogotest@gmail.com;ali.kara@logo.com.tr' to object: 'Object Repository/Popup/EmailText'

2021-11-11 09:40:21 - [MESSAGE][INFO] - Finding web element from Test Object's properties

2021-11-11 09:40:21 - [MESSAGE][INFO] - Checking timeout

2021-11-11 09:40:21 - [MESSAGE][INFO] - Finding web element with id: 'Object Repository/Popup/EmailText' located by 'By.xpath: //*[@id="eMails"]' in '30' second(s)

2021-11-11 09:40:21 - [MESSAGE][INFO] - Smart Wait Function is triggered

2021-11-11 09:40:21 - [MESSAGE][INFO] - Found 1 web elements with id: 'Object Repository/Popup/EmailText' located by 'By.xpath: //*[@id="eMails"]' in '30' second(s)

2021-11-11 09:40:21 - [MESSAGE][PASSED] - Keys 'elogotest@gmail.com;ali.kara@logo.com.tr' sent to object: 'Object Repository/Popup/EmailText'

2021-11-11 09:40:21 - [MESSAGE][PASSED] - Call Test Case 'Test Cases/Popup/PopupaEmailEklenir' successfully

2021-11-11 09:40:21 - [MESSAGE][INFO] - Checking called Test Case

2021-11-11 09:40:21 - [MESSAGE][INFO] - Starting to call Test Case 'Test Cases/Popup/PopupButonSecilir'

2021-11-11 09:40:21 - [TEST_CASE][PASSED] - Test Cases/Popup/PopupButonSecilir: Test Cases/Popup/PopupButonSecilir

2021-11-11 09:40:21 - [TEST_STEP][PASSED] - Method.TextDegerineEsitElementeTikla(findTestObject("Popup/Popup_Butons"), Buton): Method.TextDegerineEsitElementeTikla is PASSED

2021-11-11 09:40:21 - [MESSAGE][INFO] - Finding Test Object 'Object Repository/Popup/Popup_Butons'

2021-11-11 09:40:21 - [MESSAGE][INFO] - Checking timeout

2021-11-11 09:40:21 - [MESSAGE][INFO] - Finding web element with id: 'Object Repository/Popup/Popup_Butons' located by 'By.cssSelector: .modal-footer>button' in '10' second(s)

2021-11-11 09:40:21 - [MESSAGE][INFO] - Smart Wait Function is triggered

2021-11-11 09:40:22 - [MESSAGE][INFO] - Found 2 web elements with id: 'Object Repository/Popup/Popup_Butons' located by 'By.cssSelector: .modal-footer>button' in '10' second(s)

2021-11-11 09:40:22 - [MESSAGE][PASSED] - Method.TextDegerineEsitElementeTikla is PASSED

2021-11-11 09:40:22 - [MESSAGE][PASSED] - Call Test Case 'Test Cases/Popup/PopupButonSecilir' successfully

2021-11-11 09:40:22 - [MESSAGE][INFO] - Checking called Test Case

2021-11-11 09:40:22 - [MESSAGE][INFO] - Starting to call Test Case 'Test Cases/Popup/PopupMesajiIceriyorMu'

2021-11-11 09:40:22 - [TEST_CASE][PASSED] - Test Cases/Popup/PopupMesajiIceriyorMu: Test Cases/Popup/PopupMesajiIceriyorMu

2021-11-11 09:40:22 - [TEST_STEP][PASSED] - waitForElementVisible(findTestObject("Popup/Popup"), 10): Object 'Object Repository/Popup/Popup' is visible

2021-11-11 09:40:22 - [MESSAGE][INFO] - Finding Test Object 'Object Repository/Popup/Popup'

2021-11-11 09:40:22 - [MESSAGE][INFO] - Checking object

2021-11-11 09:40:22 - [MESSAGE][INFO] - Checking timeout

2021-11-11 09:40:22 - [MESSAGE][INFO] - Finding web element from Test Object's properties

2021-11-11 09:40:22 - [MESSAGE][INFO] - Checking timeout

2021-11-11 09:40:22 - [MESSAGE][INFO] - Finding web element with id: 'Object Repository/Popup/Popup' located by 'By.cssSelector: .bootbox-body' in '10' second(s)

2021-11-11 09:40:22 - [MESSAGE][INFO] - Smart Wait Function is triggered

2021-11-11 09:40:23 - [MESSAGE][INFO] - Found 1 web elements with id: 'Object Repository/Popup/Popup' located by 'By.cssSelector: .bootbox-body' in '10' second(s)

2021-11-11 09:40:23 - [MESSAGE][PASSED] - Object 'Object Repository/Popup/Popup' is visible

2021-11-11 09:40:23 - [TEST_STEP][PASSED] - if (!(getText(findTestObject("Popup/Popup")).contains(Mesaj))): Text of object 'Object Repository/Popup/Popup' is: '16261 no’lu talebiniz işleme alınmıştır. Raporunuz hazırlandığında (elogotest@gmail.com;ali.kara@logo.com.tr) adresinize mail gönderilecektir.
Rapor durumunuzu Raporlar > Toplu Veri İndirme ekranından takip edebilir, hazırlandı durumundaki raporlarınızı ilgili menüden indirebilirsiniz.'

2021-11-11 09:40:23 - [MESSAGE][INFO] - Finding Test Object 'Object Repository/Popup/Popup'

2021-11-11 09:40:23 - [MESSAGE][INFO] - Checking object

2021-11-11 09:40:23 - [MESSAGE][INFO] - Finding web element from Test Object's properties

2021-11-11 09:40:23 - [MESSAGE][INFO] - Checking timeout

2021-11-11 09:40:23 - [MESSAGE][INFO] - Finding web element with id: 'Object Repository/Popup/Popup' located by 'By.cssSelector: .bootbox-body' in '30' second(s)

2021-11-11 09:40:23 - [MESSAGE][INFO] - Smart Wait Function is triggered

2021-11-11 09:40:23 - [MESSAGE][INFO] - Found 1 web elements with id: 'Object Repository/Popup/Popup' located by 'By.cssSelector: .bootbox-body' in '30' second(s)

2021-11-11 09:40:23 - [MESSAGE][INFO] - Getting text of object 'Object Repository/Popup/Popup'

2021-11-11 09:40:23 - [MESSAGE][PASSED] - Text of object 'Object Repository/Popup/Popup' is: '16261 no’lu talebiniz işleme alınmıştır. Raporunuz hazırlandığında (elogotest@gmail.com;ali.kara@logo.com.tr) adresinize mail gönderilecektir.
Rapor durumunuzu Raporlar > Toplu Veri İndirme ekranından takip edebilir, hazırlandı durumundaki raporlarınızı ilgili menüden indirebilirsiniz.'

2021-11-11 09:40:23 - [TEST_STEP][PASSED] - RaporNo = getText(findTestObject("Popup/Popup")).substring(0, 6): Text of object 'Object Repository/Popup/Popup' is: '16261 no’lu talebiniz işleme alınmıştır. Raporunuz hazırlandığında (elogotest@gmail.com;ali.kara@logo.com.tr) adresinize mail gönderilecektir.
Rapor durumunuzu Raporlar > Toplu Veri İndirme ekranından takip edebilir, hazırlandı durumundaki raporlarınızı ilgili menüden indirebilirsiniz.'

2021-11-11 09:40:23 - [MESSAGE][INFO] - Finding Test Object 'Object Repository/Popup/Popup'

2021-11-11 09:40:23 - [MESSAGE][INFO] - Checking object

2021-11-11 09:40:23 - [MESSAGE][INFO] - Finding web element from Test Object's properties

2021-11-11 09:40:23 - [MESSAGE][INFO] - Checking timeout

2021-11-11 09:40:23 - [MESSAGE][INFO] - Finding web element with id: 'Object Repository/Popup/Popup' located by 'By.cssSelector: .bootbox-body' in '30' second(s)

2021-11-11 09:40:23 - [MESSAGE][INFO] - Smart Wait Function is triggered

2021-11-11 09:40:24 - [MESSAGE][INFO] - Found 1 web elements with id: 'Object Repository/Popup/Popup' located by 'By.cssSelector: .bootbox-body' in '30' second(s)

2021-11-11 09:40:24 - [MESSAGE][INFO] - Getting text of object 'Object Repository/Popup/Popup'

2021-11-11 09:40:24 - [MESSAGE][PASSED] - Text of object 'Object Repository/Popup/Popup' is: '16261 no’lu talebiniz işleme alınmıştır. Raporunuz hazırlandığında (elogotest@gmail.com;ali.kara@logo.com.tr) adresinize mail gönderilecektir.
Rapor durumunuzu Raporlar > Toplu Veri İndirme ekranından takip edebilir, hazırlandı durumundaki raporlarınızı ilgili menüden indirebilirsiniz.'

2021-11-11 09:40:24 - [TEST_STEP][PASSED] - Console.println(RaporNo): null

2021-11-11 09:40:24 - [MESSAGE][PASSED] - Call Test Case 'Test Cases/Popup/PopupMesajiIceriyorMu' successfully

2021-11-11 09:40:24 - [MESSAGE][INFO] - Checking called Test Case

2021-11-11 09:40:24 - [MESSAGE][INFO] - Starting to call Test Case 'Test Cases/Popup/PopupButonSecilir'

2021-11-11 09:40:24 - [TEST_CASE][PASSED] - Test Cases/Popup/PopupButonSecilir: Test Cases/Popup/PopupButonSecilir

2021-11-11 09:40:24 - [TEST_STEP][PASSED] - Method.TextDegerineEsitElementeTikla(findTestObject("Popup/Popup_Butons"), Buton): Method.TextDegerineEsitElementeTikla is PASSED

2021-11-11 09:40:24 - [MESSAGE][INFO] - Finding Test Object 'Object Repository/Popup/Popup_Butons'

2021-11-11 09:40:24 - [MESSAGE][INFO] - Checking timeout

2021-11-11 09:40:24 - [MESSAGE][INFO] - Finding web element with id: 'Object Repository/Popup/Popup_Butons' located by 'By.cssSelector: .modal-footer>button' in '10' second(s)

2021-11-11 09:40:24 - [MESSAGE][INFO] - Smart Wait Function is triggered

2021-11-11 09:40:24 - [MESSAGE][INFO] - Found 1 web elements with id: 'Object Repository/Popup/Popup_Butons' located by 'By.cssSelector: .modal-footer>button' in '10' second(s)

2021-11-11 09:40:24 - [MESSAGE][PASSED] - Method.TextDegerineEsitElementeTikla is PASSED

2021-11-11 09:40:24 - [MESSAGE][PASSED] - Call Test Case 'Test Cases/Popup/PopupButonSecilir' successfully

2021-11-11 09:40:24 - [MESSAGE][INFO] - Checking called Test Case

2021-11-11 09:40:24 - [MESSAGE][INFO] - Starting to call Test Case 'Test Cases/Butonlar/ButonaTikla'

2021-11-11 09:40:24 - [TEST_CASE][PASSED] - Test Cases/Butonlar/ButonaTikla: Test Cases/Butonlar/ButonaTikla

2021-11-11 09:40:24 - [TEST_STEP][PASSED] - Method.TextDegerineEsitElementeTiklaEquals(findTestObject("Butonlar/Butonlar"), Buton_Adi): Method.TextDegerineEsitElementeTiklaEquals is PASSED

2021-11-11 09:40:24 - [MESSAGE][INFO] - Finding Test Object 'Object Repository/Butonlar/Butonlar'

2021-11-11 09:40:24 - [MESSAGE][INFO] - Checking timeout

2021-11-11 09:40:24 - [MESSAGE][INFO] - Finding web element with id: 'Object Repository/Butonlar/Butonlar' located by 'By.cssSelector: .panel.panel-default.text-center.footerPanel .btn,.btn.btn-primary.btnControls' in '10' second(s)

2021-11-11 09:40:24 - [MESSAGE][INFO] - Smart Wait Function is triggered

2021-11-11 09:40:25 - [MESSAGE][INFO] - Found 12 web elements with id: 'Object Repository/Butonlar/Butonlar' located by 'By.cssSelector: .panel.panel-default.text-center.footerPanel .btn,.btn.btn-primary.btnControls' in '10' second(s)

2021-11-11 09:40:25 - [MESSAGE][PASSED] - Method.TextDegerineEsitElementeTiklaEquals is PASSED

2021-11-11 09:40:25 - [MESSAGE][PASSED] - Call Test Case 'Test Cases/Butonlar/ButonaTikla' successfully

2021-11-11 09:40:25 - [MESSAGE][INFO] - Checking called Test Case

2021-11-11 09:40:25 - [MESSAGE][INFO] - Starting to call Test Case 'Test Cases/Butonlar/AltButonaTikla'

2021-11-11 09:40:25 - [TEST_CASE][PASSED] - Test Cases/Butonlar/AltButonaTikla: Test Cases/Butonlar/AltButonaTikla

2021-11-11 09:40:25 - [TEST_STEP][PASSED] - Method.TextDegerineEsitElementeTikla(findTestObject("Butonlar/AltButonlar"), Alt_Buton): Method.TextDegerineEsitElementeTikla is PASSED

2021-11-11 09:40:25 - [MESSAGE][INFO] - Finding Test Object 'Object Repository/Butonlar/AltButonlar'

2021-11-11 09:40:25 - [MESSAGE][INFO] - Checking timeout

2021-11-11 09:40:25 - [MESSAGE][INFO] - Finding web element with id: 'Object Repository/Butonlar/AltButonlar' located by 'By.cssSelector: .btn-group.open li>a' in '10' second(s)

2021-11-11 09:40:25 - [MESSAGE][INFO] - Smart Wait Function is triggered

2021-11-11 09:40:26 - [MESSAGE][INFO] - Found 4 web elements with id: 'Object Repository/Butonlar/AltButonlar' located by 'By.cssSelector: .btn-group.open li>a' in '10' second(s)

2021-11-11 09:40:26 - [MESSAGE][PASSED] - Method.TextDegerineEsitElementeTikla is PASSED

2021-11-11 09:40:26 - [MESSAGE][PASSED] - Call Test Case 'Test Cases/Butonlar/AltButonaTikla' successfully

2021-11-11 09:40:26 - [MESSAGE][INFO] - Checking called Test Case

2021-11-11 09:40:26 - [MESSAGE][INFO] - Starting to call Test Case 'Test Cases/Popup/PopupMesajiIceriyorMu'

2021-11-11 09:40:26 - [TEST_CASE][PASSED] - Test Cases/Popup/PopupMesajiIceriyorMu: Test Cases/Popup/PopupMesajiIceriyorMu

2021-11-11 09:40:26 - [TEST_STEP][PASSED] - waitForElementVisible(findTestObject("Popup/Popup"), 10): Object 'Object Repository/Popup/Popup' is visible

2021-11-11 09:40:26 - [MESSAGE][INFO] - Finding Test Object 'Object Repository/Popup/Popup'

2021-11-11 09:40:26 - [MESSAGE][INFO] - Checking object

2021-11-11 09:40:26 - [MESSAGE][INFO] - Checking timeout

2021-11-11 09:40:26 - [MESSAGE][INFO] - Finding web element from Test Object's properties

2021-11-11 09:40:26 - [MESSAGE][INFO] - Checking timeout

2021-11-11 09:40:26 - [MESSAGE][INFO] - Finding web element with id: 'Object Repository/Popup/Popup' located by 'By.cssSelector: .bootbox-body' in '10' second(s)

2021-11-11 09:40:26 - [MESSAGE][INFO] - Smart Wait Function is triggered

2021-11-11 09:40:26 - [MESSAGE][INFO] - Found 1 web elements with id: 'Object Repository/Popup/Popup' located by 'By.cssSelector: .bootbox-body' in '10' second(s)

2021-11-11 09:40:26 - [MESSAGE][PASSED] - Object 'Object Repository/Popup/Popup' is visible

2021-11-11 09:40:26 - [TEST_STEP][PASSED] - if (!(getText(findTestObject("Popup/Popup")).contains(Mesaj))): Text of object 'Object Repository/Popup/Popup' is: 'Lütfen rapor bildiriminin gönderileceği e-posta adresini belirtiniz.
e-Posta Adresi'

2021-11-11 09:40:26 - [MESSAGE][INFO] - Finding Test Object 'Object Repository/Popup/Popup'

2021-11-11 09:40:26 - [MESSAGE][INFO] - Checking object

2021-11-11 09:40:26 - [MESSAGE][INFO] - Finding web element from Test Object's properties

2021-11-11 09:40:26 - [MESSAGE][INFO] - Checking timeout

2021-11-11 09:40:26 - [MESSAGE][INFO] - Finding web element with id: 'Object Repository/Popup/Popup' located by 'By.cssSelector: .bootbox-body' in '30' second(s)

2021-11-11 09:40:26 - [MESSAGE][INFO] - Smart Wait Function is triggered

2021-11-11 09:40:26 - [MESSAGE][INFO] - Found 1 web elements with id: 'Object Repository/Popup/Popup' located by 'By.cssSelector: .bootbox-body' in '30' second(s)

2021-11-11 09:40:26 - [MESSAGE][INFO] - Getting text of object 'Object Repository/Popup/Popup'

2021-11-11 09:40:27 - [MESSAGE][PASSED] - Text of object 'Object Repository/Popup/Popup' is: 'Lütfen rapor bildiriminin gönderileceği e-posta adresini belirtiniz.
e-Posta Adresi'

2021-11-11 09:40:27 - [TEST_STEP][PASSED] - RaporNo = getText(findTestObject("Popup/Popup")).substring(0, 6): Text of object 'Object Repository/Popup/Popup' is: 'Lütfen rapor bildiriminin gönderileceği e-posta adresini belirtiniz.
e-Posta Adresi'

2021-11-11 09:40:27 - [MESSAGE][INFO] - Finding Test Object 'Object Repository/Popup/Popup'

2021-11-11 09:40:27 - [MESSAGE][INFO] - Checking object

2021-11-11 09:40:27 - [MESSAGE][INFO] - Finding web element from Test Object's properties

2021-11-11 09:40:27 - [MESSAGE][INFO] - Checking timeout

2021-11-11 09:40:27 - [MESSAGE][INFO] - Finding web element with id: 'Object Repository/Popup/Popup' located by 'By.cssSelector: .bootbox-body' in '30' second(s)

2021-11-11 09:40:27 - [MESSAGE][INFO] - Smart Wait Function is triggered

2021-11-11 09:40:27 - [MESSAGE][INFO] - Found 1 web elements with id: 'Object Repository/Popup/Popup' located by 'By.cssSelector: .bootbox-body' in '30' second(s)

2021-11-11 09:40:27 - [MESSAGE][INFO] - Getting text of object 'Object Repository/Popup/Popup'

2021-11-11 09:40:27 - [MESSAGE][PASSED] - Text of object 'Object Repository/Popup/Popup' is: 'Lütfen rapor bildiriminin gönderileceği e-posta adresini belirtiniz.
e-Posta Adresi'

2021-11-11 09:40:27 - [TEST_STEP][PASSED] - Console.println(RaporNo): null

2021-11-11 09:40:27 - [MESSAGE][PASSED] - Call Test Case 'Test Cases/Popup/PopupMesajiIceriyorMu' successfully

2021-11-11 09:40:27 - [MESSAGE][INFO] - Checking called Test Case

2021-11-11 09:40:27 - [MESSAGE][INFO] - Starting to call Test Case 'Test Cases/Popup/PopupaEmailEklenir'

2021-11-11 09:40:27 - [TEST_CASE][PASSED] - Test Cases/Popup/PopupaEmailEklenir: Test Cases/Popup/PopupaEmailEklenir

2021-11-11 09:40:27 - [TEST_STEP][PASSED] - clearText(findTestObject("Popup/EmailText")): Text of object 'Object Repository/Popup/EmailText' is cleared

2021-11-11 09:40:27 - [MESSAGE][INFO] - Finding Test Object 'Object Repository/Popup/EmailText'

2021-11-11 09:40:27 - [MESSAGE][INFO] - Checking object

2021-11-11 09:40:27 - [MESSAGE][INFO] - Finding web element from Test Object's properties

2021-11-11 09:40:27 - [MESSAGE][INFO] - Checking timeout

2021-11-11 09:40:27 - [MESSAGE][INFO] - Finding web element with id: 'Object Repository/Popup/EmailText' located by 'By.xpath: //*[@id="eMails"]' in '30' second(s)

2021-11-11 09:40:27 - [MESSAGE][INFO] - Smart Wait Function is triggered

2021-11-11 09:40:27 - [MESSAGE][INFO] - Found 1 web elements with id: 'Object Repository/Popup/EmailText' located by 'By.xpath: //*[@id="eMails"]' in '30' second(s)

2021-11-11 09:40:27 - [MESSAGE][INFO] - Clearing text of object 'Object Repository/Popup/EmailText'

2021-11-11 09:40:27 - [MESSAGE][PASSED] - Text of object 'Object Repository/Popup/EmailText' is cleared

2021-11-11 09:40:27 - [TEST_STEP][PASSED] - sendKeys(findTestObject("Popup/EmailText"), Email): Keys 'elogotest@gmail.com;ali.kara@logo.com.tr' sent to object: 'Object Repository/Popup/EmailText'

2021-11-11 09:40:27 - [MESSAGE][INFO] - Finding Test Object 'Object Repository/Popup/EmailText'

2021-11-11 09:40:27 - [MESSAGE][INFO] - Sending keys 'elogotest@gmail.com;ali.kara@logo.com.tr' to object: 'Object Repository/Popup/EmailText'

2021-11-11 09:40:27 - [MESSAGE][INFO] - Finding web element from Test Object's properties

2021-11-11 09:40:27 - [MESSAGE][INFO] - Checking timeout

2021-11-11 09:40:27 - [MESSAGE][INFO] - Finding web element with id: 'Object Repository/Popup/EmailText' located by 'By.xpath: //*[@id="eMails"]' in '30' second(s)

2021-11-11 09:40:27 - [MESSAGE][INFO] - Smart Wait Function is triggered

2021-11-11 09:40:28 - [MESSAGE][INFO] - Found 1 web elements with id: 'Object Repository/Popup/EmailText' located by 'By.xpath: //*[@id="eMails"]' in '30' second(s)

2021-11-11 09:40:28 - [MESSAGE][PASSED] - Keys 'elogotest@gmail.com;ali.kara@logo.com.tr' sent to object: 'Object Repository/Popup/EmailText'

2021-11-11 09:40:28 - [MESSAGE][PASSED] - Call Test Case 'Test Cases/Popup/PopupaEmailEklenir' successfully

2021-11-11 09:40:28 - [MESSAGE][INFO] - Checking called Test Case

2021-11-11 09:40:28 - [MESSAGE][INFO] - Starting to call Test Case 'Test Cases/Popup/PopupButonSecilir'

2021-11-11 09:40:28 - [TEST_CASE][PASSED] - Test Cases/Popup/PopupButonSecilir: Test Cases/Popup/PopupButonSecilir

2021-11-11 09:40:28 - [TEST_STEP][PASSED] - Method.TextDegerineEsitElementeTikla(findTestObject("Popup/Popup_Butons"), Buton): Method.TextDegerineEsitElementeTikla is PASSED

2021-11-11 09:40:28 - [MESSAGE][INFO] - Finding Test Object 'Object Repository/Popup/Popup_Butons'

2021-11-11 09:40:28 - [MESSAGE][INFO] - Checking timeout

2021-11-11 09:40:28 - [MESSAGE][INFO] - Finding web element with id: 'Object Repository/Popup/Popup_Butons' located by 'By.cssSelector: .modal-footer>button' in '10' second(s)

2021-11-11 09:40:28 - [MESSAGE][INFO] - Smart Wait Function is triggered

2021-11-11 09:40:28 - [MESSAGE][INFO] - Found 2 web elements with id: 'Object Repository/Popup/Popup_Butons' located by 'By.cssSelector: .modal-footer>button' in '10' second(s)

2021-11-11 09:40:28 - [MESSAGE][PASSED] - Method.TextDegerineEsitElementeTikla is PASSED

2021-11-11 09:40:28 - [MESSAGE][PASSED] - Call Test Case 'Test Cases/Popup/PopupButonSecilir' successfully

2021-11-11 09:40:28 - [MESSAGE][INFO] - Checking called Test Case

2021-11-11 09:40:28 - [MESSAGE][INFO] - Starting to call Test Case 'Test Cases/Popup/PopupMesajiIceriyorMu'

2021-11-11 09:40:28 - [TEST_CASE][PASSED] - Test Cases/Popup/PopupMesajiIceriyorMu: Test Cases/Popup/PopupMesajiIceriyorMu

2021-11-11 09:40:28 - [TEST_STEP][PASSED] - waitForElementVisible(findTestObject("Popup/Popup"), 10): Object 'Object Repository/Popup/Popup' is visible

2021-11-11 09:40:28 - [MESSAGE][INFO] - Finding Test Object 'Object Repository/Popup/Popup'

2021-11-11 09:40:29 - [MESSAGE][INFO] - Checking object

2021-11-11 09:40:29 - [MESSAGE][INFO] - Checking timeout

2021-11-11 09:40:29 - [MESSAGE][INFO] - Finding web element from Test Object's properties

2021-11-11 09:40:29 - [MESSAGE][INFO] - Checking timeout

2021-11-11 09:40:29 - [MESSAGE][INFO] - Finding web element with id: 'Object Repository/Popup/Popup' located by 'By.cssSelector: .bootbox-body' in '10' second(s)

2021-11-11 09:40:29 - [MESSAGE][INFO] - Smart Wait Function is triggered

2021-11-11 09:40:29 - [MESSAGE][INFO] - Found 1 web elements with id: 'Object Repository/Popup/Popup' located by 'By.cssSelector: .bootbox-body' in '10' second(s)

2021-11-11 09:40:29 - [MESSAGE][PASSED] - Object 'Object Repository/Popup/Popup' is visible

2021-11-11 09:40:29 - [TEST_STEP][PASSED] - if (!(getText(findTestObject("Popup/Popup")).contains(Mesaj))): Text of object 'Object Repository/Popup/Popup' is: '16262 no’lu talebiniz işleme alınmıştır. Raporunuz hazırlandığında (elogotest@gmail.com;ali.kara@logo.com.tr) adresinize mail gönderilecektir.
Rapor durumunuzu Raporlar > Toplu Veri İndirme ekranından takip edebilir, hazırlandı durumundaki raporlarınızı ilgili menüden indirebilirsiniz.'

2021-11-11 09:40:29 - [MESSAGE][INFO] - Finding Test Object 'Object Repository/Popup/Popup'

2021-11-11 09:40:30 - [MESSAGE][INFO] - Checking object

2021-11-11 09:40:30 - [MESSAGE][INFO] - Finding web element from Test Object's properties

2021-11-11 09:40:30 - [MESSAGE][INFO] - Checking timeout

2021-11-11 09:40:30 - [MESSAGE][INFO] - Finding web element with id: 'Object Repository/Popup/Popup' located by 'By.cssSelector: .bootbox-body' in '30' second(s)

2021-11-11 09:40:30 - [MESSAGE][INFO] - Smart Wait Function is triggered

2021-11-11 09:40:30 - [MESSAGE][INFO] - Found 1 web elements with id: 'Object Repository/Popup/Popup' located by 'By.cssSelector: .bootbox-body' in '30' second(s)

2021-11-11 09:40:30 - [MESSAGE][INFO] - Getting text of object 'Object Repository/Popup/Popup'

2021-11-11 09:40:30 - [MESSAGE][PASSED] - Text of object 'Object Repository/Popup/Popup' is: '16262 no’lu talebiniz işleme alınmıştır. Raporunuz hazırlandığında (elogotest@gmail.com;ali.kara@logo.com.tr) adresinize mail gönderilecektir.
Rapor durumunuzu Raporlar > Toplu Veri İndirme ekranından takip edebilir, hazırlandı durumundaki raporlarınızı ilgili menüden indirebilirsiniz.'

2021-11-11 09:40:30 - [TEST_STEP][PASSED] - RaporNo = getText(findTestObject("Popup/Popup")).substring(0, 6): Text of object 'Object Repository/Popup/Popup' is: '16262 no’lu talebiniz işleme alınmıştır. Raporunuz hazırlandığında (elogotest@gmail.com;ali.kara@logo.com.tr) adresinize mail gönderilecektir.
Rapor durumunuzu Raporlar > Toplu Veri İndirme ekranından takip edebilir, hazırlandı durumundaki raporlarınızı ilgili menüden indirebilirsiniz.'

2021-11-11 09:40:30 - [MESSAGE][INFO] - Finding Test Object 'Object Repository/Popup/Popup'

2021-11-11 09:40:30 - [MESSAGE][INFO] - Checking object

2021-11-11 09:40:30 - [MESSAGE][INFO] - Finding web element from Test Object's properties

2021-11-11 09:40:30 - [MESSAGE][INFO] - Checking timeout

2021-11-11 09:40:30 - [MESSAGE][INFO] - Finding web element with id: 'Object Repository/Popup/Popup' located by 'By.cssSelector: .bootbox-body' in '30' second(s)

2021-11-11 09:40:30 - [MESSAGE][INFO] - Smart Wait Function is triggered

2021-11-11 09:40:30 - [MESSAGE][INFO] - Found 1 web elements with id: 'Object Repository/Popup/Popup' located by 'By.cssSelector: .bootbox-body' in '30' second(s)

2021-11-11 09:40:30 - [MESSAGE][INFO] - Getting text of object 'Object Repository/Popup/Popup'

2021-11-11 09:40:30 - [MESSAGE][PASSED] - Text of object 'Object Repository/Popup/Popup' is: '16262 no’lu talebiniz işleme alınmıştır. Raporunuz hazırlandığında (elogotest@gmail.com;ali.kara@logo.com.tr) adresinize mail gönderilecektir.
Rapor durumunuzu Raporlar > Toplu Veri İndirme ekranından takip edebilir, hazırlandı durumundaki raporlarınızı ilgili menüden indirebilirsiniz.'

2021-11-11 09:40:30 - [TEST_STEP][PASSED] - Console.println(RaporNo): null

2021-11-11 09:40:30 - [MESSAGE][PASSED] - Call Test Case 'Test Cases/Popup/PopupMesajiIceriyorMu' successfully

2021-11-11 09:40:30 - [MESSAGE][INFO] - Checking called Test Case

2021-11-11 09:40:30 - [MESSAGE][INFO] - Starting to call Test Case 'Test Cases/Popup/PopupButonSecilir'

2021-11-11 09:40:30 - [TEST_CASE][PASSED] - Test Cases/Popup/PopupButonSecilir: Test Cases/Popup/PopupButonSecilir

2021-11-11 09:40:30 - [TEST_STEP][PASSED] - Method.TextDegerineEsitElementeTikla(findTestObject("Popup/Popup_Butons"), Buton): Method.TextDegerineEsitElementeTikla is PASSED

2021-11-11 09:40:30 - [MESSAGE][INFO] - Finding Test Object 'Object Repository/Popup/Popup_Butons'

2021-11-11 09:40:30 - [MESSAGE][INFO] - Checking timeout

2021-11-11 09:40:30 - [MESSAGE][INFO] - Finding web element with id: 'Object Repository/Popup/Popup_Butons' located by 'By.cssSelector: .modal-footer>button' in '10' second(s)

2021-11-11 09:40:30 - [MESSAGE][INFO] - Smart Wait Function is triggered

2021-11-11 09:40:31 - [MESSAGE][INFO] - Found 1 web elements with id: 'Object Repository/Popup/Popup_Butons' located by 'By.cssSelector: .modal-footer>button' in '10' second(s)

2021-11-11 09:40:31 - [MESSAGE][PASSED] - Method.TextDegerineEsitElementeTikla is PASSED

2021-11-11 09:40:31 - [MESSAGE][PASSED] - Call Test Case 'Test Cases/Popup/PopupButonSecilir' successfully

2021-11-11 09:40:31 - [MESSAGE][INFO] - Checking called Test Case

2021-11-11 09:40:31 - [MESSAGE][INFO] - Starting to call Test Case 'Test Cases/Butonlar/ButonaTikla'

2021-11-11 09:40:31 - [TEST_CASE][PASSED] - Test Cases/Butonlar/ButonaTikla: Test Cases/Butonlar/ButonaTikla

2021-11-11 09:40:31 - [TEST_STEP][PASSED] - Method.TextDegerineEsitElementeTiklaEquals(findTestObject("Butonlar/Butonlar"), Buton_Adi): Method.TextDegerineEsitElementeTiklaEquals is PASSED

2021-11-11 09:40:31 - [MESSAGE][INFO] - Finding Test Object 'Object Repository/Butonlar/Butonlar'

2021-11-11 09:40:31 - [MESSAGE][INFO] - Checking timeout

2021-11-11 09:40:31 - [MESSAGE][INFO] - Finding web element with id: 'Object Repository/Butonlar/Butonlar' located by 'By.cssSelector: .panel.panel-default.text-center.footerPanel .btn,.btn.btn-primary.btnControls' in '10' second(s)

2021-11-11 09:40:31 - [MESSAGE][INFO] - Smart Wait Function is triggered

2021-11-11 09:40:31 - [MESSAGE][INFO] - Found 12 web elements with id: 'Object Repository/Butonlar/Butonlar' located by 'By.cssSelector: .panel.panel-default.text-center.footerPanel .btn,.btn.btn-primary.btnControls' in '10' second(s)

2021-11-11 09:40:32 - [MESSAGE][PASSED] - Method.TextDegerineEsitElementeTiklaEquals is PASSED

2021-11-11 09:40:32 - [MESSAGE][PASSED] - Call Test Case 'Test Cases/Butonlar/ButonaTikla' successfully

2021-11-11 09:40:32 - [MESSAGE][INFO] - Checking called Test Case

2021-11-11 09:40:32 - [MESSAGE][INFO] - Starting to call Test Case 'Test Cases/Butonlar/AltButonaTikla'

2021-11-11 09:40:32 - [TEST_CASE][PASSED] - Test Cases/Butonlar/AltButonaTikla: Test Cases/Butonlar/AltButonaTikla

2021-11-11 09:40:32 - [TEST_STEP][PASSED] - Method.TextDegerineEsitElementeTikla(findTestObject("Butonlar/AltButonlar"), Alt_Buton): Method.TextDegerineEsitElementeTikla is PASSED

2021-11-11 09:40:32 - [MESSAGE][INFO] - Finding Test Object 'Object Repository/Butonlar/AltButonlar'

2021-11-11 09:40:32 - [MESSAGE][INFO] - Checking timeout

2021-11-11 09:40:32 - [MESSAGE][INFO] - Finding web element with id: 'Object Repository/Butonlar/AltButonlar' located by 'By.cssSelector: .btn-group.open li>a' in '10' second(s)

2021-11-11 09:40:32 - [MESSAGE][INFO] - Smart Wait Function is triggered

2021-11-11 09:40:32 - [MESSAGE][INFO] - Found 4 web elements with id: 'Object Repository/Butonlar/AltButonlar' located by 'By.cssSelector: .btn-group.open li>a' in '10' second(s)

2021-11-11 09:40:32 - [MESSAGE][PASSED] - Method.TextDegerineEsitElementeTikla is PASSED

2021-11-11 09:40:32 - [MESSAGE][PASSED] - Call Test Case 'Test Cases/Butonlar/AltButonaTikla' successfully

2021-11-11 09:40:32 - [MESSAGE][INFO] - Checking called Test Case

2021-11-11 09:40:32 - [MESSAGE][INFO] - Starting to call Test Case 'Test Cases/Popup/PopupMesajiIceriyorMu'

2021-11-11 09:40:32 - [TEST_CASE][PASSED] - Test Cases/Popup/PopupMesajiIceriyorMu: Test Cases/Popup/PopupMesajiIceriyorMu

2021-11-11 09:40:32 - [TEST_STEP][PASSED] - waitForElementVisible(findTestObject("Popup/Popup"), 10): Object 'Object Repository/Popup/Popup' is visible

2021-11-11 09:40:32 - [MESSAGE][INFO] - Finding Test Object 'Object Repository/Popup/Popup'

2021-11-11 09:40:32 - [MESSAGE][INFO] - Checking object

2021-11-11 09:40:32 - [MESSAGE][INFO] - Checking timeout

2021-11-11 09:40:32 - [MESSAGE][INFO] - Finding web element from Test Object's properties

2021-11-11 09:40:32 - [MESSAGE][INFO] - Checking timeout

2021-11-11 09:40:32 - [MESSAGE][INFO] - Finding web element with id: 'Object Repository/Popup/Popup' located by 'By.cssSelector: .bootbox-body' in '10' second(s)

2021-11-11 09:40:32 - [MESSAGE][INFO] - Smart Wait Function is triggered

2021-11-11 09:40:33 - [MESSAGE][INFO] - Found 1 web elements with id: 'Object Repository/Popup/Popup' located by 'By.cssSelector: .bootbox-body' in '10' second(s)

2021-11-11 09:40:33 - [MESSAGE][PASSED] - Object 'Object Repository/Popup/Popup' is visible

2021-11-11 09:40:33 - [TEST_STEP][PASSED] - if (!(getText(findTestObject("Popup/Popup")).contains(Mesaj))): Text of object 'Object Repository/Popup/Popup' is: 'Lütfen rapor bildiriminin gönderileceği e-posta adresini belirtiniz.
e-Posta Adresi'

2021-11-11 09:40:33 - [MESSAGE][INFO] - Finding Test Object 'Object Repository/Popup/Popup'

2021-11-11 09:40:33 - [MESSAGE][INFO] - Checking object

2021-11-11 09:40:33 - [MESSAGE][INFO] - Finding web element from Test Object's properties

2021-11-11 09:40:33 - [MESSAGE][INFO] - Checking timeout

2021-11-11 09:40:33 - [MESSAGE][INFO] - Finding web element with id: 'Object Repository/Popup/Popup' located by 'By.cssSelector: .bootbox-body' in '30' second(s)

2021-11-11 09:40:33 - [MESSAGE][INFO] - Smart Wait Function is triggered

2021-11-11 09:40:33 - [MESSAGE][INFO] - Found 1 web elements with id: 'Object Repository/Popup/Popup' located by 'By.cssSelector: .bootbox-body' in '30' second(s)

2021-11-11 09:40:33 - [MESSAGE][INFO] - Getting text of object 'Object Repository/Popup/Popup'

2021-11-11 09:40:33 - [MESSAGE][PASSED] - Text of object 'Object Repository/Popup/Popup' is: 'Lütfen rapor bildiriminin gönderileceği e-posta adresini belirtiniz.
e-Posta Adresi'

2021-11-11 09:40:33 - [TEST_STEP][PASSED] - RaporNo = getText(findTestObject("Popup/Popup")).substring(0, 6): Text of object 'Object Repository/Popup/Popup' is: 'Lütfen rapor bildiriminin gönderileceği e-posta adresini belirtiniz.
e-Posta Adresi'

2021-11-11 09:40:33 - [MESSAGE][INFO] - Finding Test Object 'Object Repository/Popup/Popup'

2021-11-11 09:40:33 - [MESSAGE][INFO] - Checking object

2021-11-11 09:40:33 - [MESSAGE][INFO] - Finding web element from Test Object's properties

2021-11-11 09:40:33 - [MESSAGE][INFO] - Checking timeout

2021-11-11 09:40:33 - [MESSAGE][INFO] - Finding web element with id: 'Object Repository/Popup/Popup' located by 'By.cssSelector: .bootbox-body' in '30' second(s)

2021-11-11 09:40:33 - [MESSAGE][INFO] - Smart Wait Function is triggered

2021-11-11 09:40:34 - [MESSAGE][INFO] - Found 1 web elements with id: 'Object Repository/Popup/Popup' located by 'By.cssSelector: .bootbox-body' in '30' second(s)

2021-11-11 09:40:34 - [MESSAGE][INFO] - Getting text of object 'Object Repository/Popup/Popup'

2021-11-11 09:40:34 - [MESSAGE][PASSED] - Text of object 'Object Repository/Popup/Popup' is: 'Lütfen rapor bildiriminin gönderileceği e-posta adresini belirtiniz.
e-Posta Adresi'

2021-11-11 09:40:34 - [TEST_STEP][PASSED] - Console.println(RaporNo): null

2021-11-11 09:40:34 - [MESSAGE][PASSED] - Call Test Case 'Test Cases/Popup/PopupMesajiIceriyorMu' successfully

2021-11-11 09:40:34 - [MESSAGE][INFO] - Checking called Test Case

2021-11-11 09:40:34 - [MESSAGE][INFO] - Starting to call Test Case 'Test Cases/Popup/PopupaEmailEklenir'

2021-11-11 09:40:34 - [TEST_CASE][PASSED] - Test Cases/Popup/PopupaEmailEklenir: Test Cases/Popup/PopupaEmailEklenir

2021-11-11 09:40:34 - [TEST_STEP][PASSED] - clearText(findTestObject("Popup/EmailText")): Text of object 'Object Repository/Popup/EmailText' is cleared

2021-11-11 09:40:34 - [MESSAGE][INFO] - Finding Test Object 'Object Repository/Popup/EmailText'

2021-11-11 09:40:34 - [MESSAGE][INFO] - Checking object

2021-11-11 09:40:34 - [MESSAGE][INFO] - Finding web element from Test Object's properties

2021-11-11 09:40:34 - [MESSAGE][INFO] - Checking timeout

2021-11-11 09:40:34 - [MESSAGE][INFO] - Finding web element with id: 'Object Repository/Popup/EmailText' located by 'By.xpath: //*[@id="eMails"]' in '30' second(s)

2021-11-11 09:40:34 - [MESSAGE][INFO] - Smart Wait Function is triggered

2021-11-11 09:40:34 - [MESSAGE][INFO] - Found 1 web elements with id: 'Object Repository/Popup/EmailText' located by 'By.xpath: //*[@id="eMails"]' in '30' second(s)

2021-11-11 09:40:34 - [MESSAGE][INFO] - Clearing text of object 'Object Repository/Popup/EmailText'

2021-11-11 09:40:34 - [MESSAGE][PASSED] - Text of object 'Object Repository/Popup/EmailText' is cleared

2021-11-11 09:40:34 - [TEST_STEP][PASSED] - sendKeys(findTestObject("Popup/EmailText"), Email): Keys 'elogotest@gmail.com;ali.kara@logo.com.tr' sent to object: 'Object Repository/Popup/EmailText'

2021-11-11 09:40:34 - [MESSAGE][INFO] - Finding Test Object 'Object Repository/Popup/EmailText'

2021-11-11 09:40:34 - [MESSAGE][INFO] - Sending keys 'elogotest@gmail.com;ali.kara@logo.com.tr' to object: 'Object Repository/Popup/EmailText'

2021-11-11 09:40:34 - [MESSAGE][INFO] - Finding web element from Test Object's properties

2021-11-11 09:40:34 - [MESSAGE][INFO] - Checking timeout

2021-11-11 09:40:34 - [MESSAGE][INFO] - Finding web element with id: 'Object Repository/Popup/EmailText' located by 'By.xpath: //*[@id="eMails"]' in '30' second(s)

2021-11-11 09:40:34 - [MESSAGE][INFO] - Smart Wait Function is triggered

2021-11-11 09:40:34 - [MESSAGE][INFO] - Found 1 web elements with id: 'Object Repository/Popup/EmailText' located by 'By.xpath: //*[@id="eMails"]' in '30' second(s)

2021-11-11 09:40:34 - [MESSAGE][PASSED] - Keys 'elogotest@gmail.com;ali.kara@logo.com.tr' sent to object: 'Object Repository/Popup/EmailText'

2021-11-11 09:40:34 - [MESSAGE][PASSED] - Call Test Case 'Test Cases/Popup/PopupaEmailEklenir' successfully

2021-11-11 09:40:34 - [MESSAGE][INFO] - Checking called Test Case

2021-11-11 09:40:34 - [MESSAGE][INFO] - Starting to call Test Case 'Test Cases/Popup/PopupButonSecilir'

2021-11-11 09:40:34 - [TEST_CASE][PASSED] - Test Cases/Popup/PopupButonSecilir: Test Cases/Popup/PopupButonSecilir

2021-11-11 09:40:35 - [TEST_STEP][PASSED] - Method.TextDegerineEsitElementeTikla(findTestObject("Popup/Popup_Butons"), Buton): Method.TextDegerineEsitElementeTikla is PASSED

2021-11-11 09:40:35 - [MESSAGE][INFO] - Finding Test Object 'Object Repository/Popup/Popup_Butons'

2021-11-11 09:40:35 - [MESSAGE][INFO] - Checking timeout

2021-11-11 09:40:35 - [MESSAGE][INFO] - Finding web element with id: 'Object Repository/Popup/Popup_Butons' located by 'By.cssSelector: .modal-footer>button' in '10' second(s)

2021-11-11 09:40:35 - [MESSAGE][INFO] - Smart Wait Function is triggered

2021-11-11 09:40:35 - [MESSAGE][INFO] - Found 2 web elements with id: 'Object Repository/Popup/Popup_Butons' located by 'By.cssSelector: .modal-footer>button' in '10' second(s)

2021-11-11 09:40:35 - [MESSAGE][PASSED] - Method.TextDegerineEsitElementeTikla is PASSED

2021-11-11 09:40:35 - [MESSAGE][PASSED] - Call Test Case 'Test Cases/Popup/PopupButonSecilir' successfully

2021-11-11 09:40:35 - [MESSAGE][INFO] - Checking called Test Case

2021-11-11 09:40:35 - [MESSAGE][INFO] - Starting to call Test Case 'Test Cases/Popup/PopupMesajiIceriyorMu'

2021-11-11 09:40:35 - [TEST_CASE][PASSED] - Test Cases/Popup/PopupMesajiIceriyorMu: Test Cases/Popup/PopupMesajiIceriyorMu

2021-11-11 09:40:35 - [TEST_STEP][PASSED] - waitForElementVisible(findTestObject("Popup/Popup"), 10): Object 'Object Repository/Popup/Popup' is visible

2021-11-11 09:40:35 - [MESSAGE][INFO] - Finding Test Object 'Object Repository/Popup/Popup'

2021-11-11 09:40:35 - [MESSAGE][INFO] - Checking object

2021-11-11 09:40:35 - [MESSAGE][INFO] - Checking timeout

2021-11-11 09:40:35 - [MESSAGE][INFO] - Finding web element from Test Object's properties

2021-11-11 09:40:35 - [MESSAGE][INFO] - Checking timeout

2021-11-11 09:40:35 - [MESSAGE][INFO] - Finding web element with id: 'Object Repository/Popup/Popup' located by 'By.cssSelector: .bootbox-body' in '10' second(s)

2021-11-11 09:40:35 - [MESSAGE][INFO] - Smart Wait Function is triggered

2021-11-11 09:40:36 - [MESSAGE][INFO] - Found 1 web elements with id: 'Object Repository/Popup/Popup' located by 'By.cssSelector: .bootbox-body' in '10' second(s)

2021-11-11 09:40:36 - [MESSAGE][PASSED] - Object 'Object Repository/Popup/Popup' is visible

2021-11-11 09:40:36 - [TEST_STEP][PASSED] - if (!(getText(findTestObject("Popup/Popup")).contains(Mesaj))): Text of object 'Object Repository/Popup/Popup' is: '16263 no’lu talebiniz işleme alınmıştır. Raporunuz hazırlandığında (elogotest@gmail.com;ali.kara@logo.com.tr) adresinize mail gönderilecektir.
Rapor durumunuzu Raporlar > Toplu Veri İndirme ekranından takip edebilir, hazırlandı durumundaki raporlarınızı ilgili menüden indirebilirsiniz.'

2021-11-11 09:40:36 - [MESSAGE][INFO] - Finding Test Object 'Object Repository/Popup/Popup'

2021-11-11 09:40:36 - [MESSAGE][INFO] - Checking object

2021-11-11 09:40:36 - [MESSAGE][INFO] - Finding web element from Test Object's properties

2021-11-11 09:40:36 - [MESSAGE][INFO] - Checking timeout

2021-11-11 09:40:36 - [MESSAGE][INFO] - Finding web element with id: 'Object Repository/Popup/Popup' located by 'By.cssSelector: .bootbox-body' in '30' second(s)

2021-11-11 09:40:36 - [MESSAGE][INFO] - Smart Wait Function is triggered

2021-11-11 09:40:36 - [MESSAGE][INFO] - Found 1 web elements with id: 'Object Repository/Popup/Popup' located by 'By.cssSelector: .bootbox-body' in '30' second(s)

2021-11-11 09:40:36 - [MESSAGE][INFO] - Getting text of object 'Object Repository/Popup/Popup'

2021-11-11 09:40:36 - [MESSAGE][PASSED] - Text of object 'Object Repository/Popup/Popup' is: '16263 no’lu talebiniz işleme alınmıştır. Raporunuz hazırlandığında (elogotest@gmail.com;ali.kara@logo.com.tr) adresinize mail gönderilecektir.
Rapor durumunuzu Raporlar > Toplu Veri İndirme ekranından takip edebilir, hazırlandı durumundaki raporlarınızı ilgili menüden indirebilirsiniz.'

2021-11-11 09:40:36 - [TEST_STEP][PASSED] - RaporNo = getText(findTestObject("Popup/Popup")).substring(0, 6): Text of object 'Object Repository/Popup/Popup' is: '16263 no’lu talebiniz işleme alınmıştır. Raporunuz hazırlandığında (elogotest@gmail.com;ali.kara@logo.com.tr) adresinize mail gönderilecektir.
Rapor durumunuzu Raporlar > Toplu Veri İndirme ekranından takip edebilir, hazırlandı durumundaki raporlarınızı ilgili menüden indirebilirsiniz.'

2021-11-11 09:40:36 - [MESSAGE][INFO] - Finding Test Object 'Object Repository/Popup/Popup'

2021-11-11 09:40:36 - [MESSAGE][INFO] - Checking object

2021-11-11 09:40:36 - [MESSAGE][INFO] - Finding web element from Test Object's properties

2021-11-11 09:40:36 - [MESSAGE][INFO] - Checking timeout

2021-11-11 09:40:36 - [MESSAGE][INFO] - Finding web element with id: 'Object Repository/Popup/Popup' located by 'By.cssSelector: .bootbox-body' in '30' second(s)

2021-11-11 09:40:36 - [MESSAGE][INFO] - Smart Wait Function is triggered

2021-11-11 09:40:36 - [MESSAGE][INFO] - Found 1 web elements with id: 'Object Repository/Popup/Popup' located by 'By.cssSelector: .bootbox-body' in '30' second(s)

2021-11-11 09:40:36 - [MESSAGE][INFO] - Getting text of object 'Object Repository/Popup/Popup'

2021-11-11 09:40:36 - [MESSAGE][PASSED] - Text of object 'Object Repository/Popup/Popup' is: '16263 no’lu talebiniz işleme alınmıştır. Raporunuz hazırlandığında (elogotest@gmail.com;ali.kara@logo.com.tr) adresinize mail gönderilecektir.
Rapor durumunuzu Raporlar > Toplu Veri İndirme ekranından takip edebilir, hazırlandı durumundaki raporlarınızı ilgili menüden indirebilirsiniz.'

2021-11-11 09:40:36 - [TEST_STEP][PASSED] - Console.println(RaporNo): null

2021-11-11 09:40:36 - [MESSAGE][PASSED] - Call Test Case 'Test Cases/Popup/PopupMesajiIceriyorMu' successfully

2021-11-11 09:40:36 - [MESSAGE][INFO] - Checking called Test Case

2021-11-11 09:40:36 - [MESSAGE][INFO] - Starting to call Test Case 'Test Cases/Popup/PopupButonSecilir'

2021-11-11 09:40:36 - [TEST_CASE][PASSED] - Test Cases/Popup/PopupButonSecilir: Test Cases/Popup/PopupButonSecilir

2021-11-11 09:40:36 - [TEST_STEP][PASSED] - Method.TextDegerineEsitElementeTikla(findTestObject("Popup/Popup_Butons"), Buton): Method.TextDegerineEsitElementeTikla is PASSED

2021-11-11 09:40:36 - [MESSAGE][INFO] - Finding Test Object 'Object Repository/Popup/Popup_Butons'

2021-11-11 09:40:36 - [MESSAGE][INFO] - Checking timeout

2021-11-11 09:40:36 - [MESSAGE][INFO] - Finding web element with id: 'Object Repository/Popup/Popup_Butons' located by 'By.cssSelector: .modal-footer>button' in '10' second(s)

2021-11-11 09:40:36 - [MESSAGE][INFO] - Smart Wait Function is triggered

2021-11-11 09:40:37 - [MESSAGE][INFO] - Found 1 web elements with id: 'Object Repository/Popup/Popup_Butons' located by 'By.cssSelector: .modal-footer>button' in '10' second(s)

2021-11-11 09:40:37 - [MESSAGE][PASSED] - Method.TextDegerineEsitElementeTikla is PASSED

2021-11-11 09:40:37 - [MESSAGE][PASSED] - Call Test Case 'Test Cases/Popup/PopupButonSecilir' successfully

2021-11-11 09:40:37 - [MESSAGE][INFO] - Checking called Test Case

2021-11-11 09:40:37 - [MESSAGE][INFO] - Starting to call Test Case 'Test Cases/Butonlar/ButonaTikla'

2021-11-11 09:40:37 - [TEST_CASE][PASSED] - Test Cases/Butonlar/ButonaTikla: Test Cases/Butonlar/ButonaTikla

2021-11-11 09:40:37 - [TEST_STEP][PASSED] - Method.TextDegerineEsitElementeTiklaEquals(findTestObject("Butonlar/Butonlar"), Buton_Adi): Method.TextDegerineEsitElementeTiklaEquals is PASSED

2021-11-11 09:40:37 - [MESSAGE][INFO] - Finding Test Object 'Object Repository/Butonlar/Butonlar'

2021-11-11 09:40:37 - [MESSAGE][INFO] - Checking timeout

2021-11-11 09:40:37 - [MESSAGE][INFO] - Finding web element with id: 'Object Repository/Butonlar/Butonlar' located by 'By.cssSelector: .panel.panel-default.text-center.footerPanel .btn,.btn.btn-primary.btnControls' in '10' second(s)

2021-11-11 09:40:37 - [MESSAGE][INFO] - Smart Wait Function is triggered

2021-11-11 09:40:38 - [MESSAGE][INFO] - Found 12 web elements with id: 'Object Repository/Butonlar/Butonlar' located by 'By.cssSelector: .panel.panel-default.text-center.footerPanel .btn,.btn.btn-primary.btnControls' in '10' second(s)

2021-11-11 09:40:38 - [MESSAGE][PASSED] - Method.TextDegerineEsitElementeTiklaEquals is PASSED

2021-11-11 09:40:38 - [MESSAGE][PASSED] - Call Test Case 'Test Cases/Butonlar/ButonaTikla' successfully

2021-11-11 09:40:38 - [MESSAGE][INFO] - Checking called Test Case

2021-11-11 09:40:38 - [MESSAGE][INFO] - Starting to call Test Case 'Test Cases/Butonlar/AltButonaTikla'

2021-11-11 09:40:38 - [TEST_CASE][PASSED] - Test Cases/Butonlar/AltButonaTikla: Test Cases/Butonlar/AltButonaTikla

2021-11-11 09:40:38 - [TEST_STEP][PASSED] - Method.TextDegerineEsitElementeTikla(findTestObject("Butonlar/AltButonlar"), Alt_Buton): Method.TextDegerineEsitElementeTikla is PASSED

2021-11-11 09:40:38 - [MESSAGE][INFO] - Finding Test Object 'Object Repository/Butonlar/AltButonlar'

2021-11-11 09:40:38 - [MESSAGE][INFO] - Checking timeout

2021-11-11 09:40:38 - [MESSAGE][INFO] - Finding web element with id: 'Object Repository/Butonlar/AltButonlar' located by 'By.cssSelector: .btn-group.open li>a' in '10' second(s)

2021-11-11 09:40:38 - [MESSAGE][INFO] - Smart Wait Function is triggered

2021-11-11 09:40:38 - [MESSAGE][INFO] - Found 4 web elements with id: 'Object Repository/Butonlar/AltButonlar' located by 'By.cssSelector: .btn-group.open li>a' in '10' second(s)

2021-11-11 09:40:38 - [MESSAGE][PASSED] - Method.TextDegerineEsitElementeTikla is PASSED

2021-11-11 09:40:38 - [MESSAGE][PASSED] - Call Test Case 'Test Cases/Butonlar/AltButonaTikla' successfully

2021-11-11 09:40:38 - [MESSAGE][INFO] - Checking called Test Case

2021-11-11 09:40:38 - [MESSAGE][INFO] - Starting to call Test Case 'Test Cases/Popup/PopupMesajiIceriyorMu'

2021-11-11 09:40:38 - [TEST_CASE][PASSED] - Test Cases/Popup/PopupMesajiIceriyorMu: Test Cases/Popup/PopupMesajiIceriyorMu

2021-11-11 09:40:38 - [TEST_STEP][PASSED] - waitForElementVisible(findTestObject("Popup/Popup"), 10): Object 'Object Repository/Popup/Popup' is visible

2021-11-11 09:40:38 - [MESSAGE][INFO] - Finding Test Object 'Object Repository/Popup/Popup'

2021-11-11 09:40:38 - [MESSAGE][INFO] - Checking object

2021-11-11 09:40:38 - [MESSAGE][INFO] - Checking timeout

2021-11-11 09:40:38 - [MESSAGE][INFO] - Finding web element from Test Object's properties

2021-11-11 09:40:38 - [MESSAGE][INFO] - Checking timeout

2021-11-11 09:40:38 - [MESSAGE][INFO] - Finding web element with id: 'Object Repository/Popup/Popup' located by 'By.cssSelector: .bootbox-body' in '10' second(s)

2021-11-11 09:40:38 - [MESSAGE][INFO] - Smart Wait Function is triggered

2021-11-11 09:40:39 - [MESSAGE][INFO] - Found 1 web elements with id: 'Object Repository/Popup/Popup' located by 'By.cssSelector: .bootbox-body' in '10' second(s)

2021-11-11 09:40:39 - [MESSAGE][PASSED] - Object 'Object Repository/Popup/Popup' is visible

2021-11-11 09:40:39 - [TEST_STEP][PASSED] - if (!(getText(findTestObject("Popup/Popup")).contains(Mesaj))): Text of object 'Object Repository/Popup/Popup' is: 'Lütfen rapor bildiriminin gönderileceği e-posta adresini belirtiniz.
e-Posta Adresi'

2021-11-11 09:40:39 - [MESSAGE][INFO] - Finding Test Object 'Object Repository/Popup/Popup'

2021-11-11 09:40:39 - [MESSAGE][INFO] - Checking object

2021-11-11 09:40:39 - [MESSAGE][INFO] - Finding web element from Test Object's properties

2021-11-11 09:40:39 - [MESSAGE][INFO] - Checking timeout

2021-11-11 09:40:39 - [MESSAGE][INFO] - Finding web element with id: 'Object Repository/Popup/Popup' located by 'By.cssSelector: .bootbox-body' in '30' second(s)

2021-11-11 09:40:39 - [MESSAGE][INFO] - Smart Wait Function is triggered

2021-11-11 09:40:39 - [MESSAGE][INFO] - Found 1 web elements with id: 'Object Repository/Popup/Popup' located by 'By.cssSelector: .bootbox-body' in '30' second(s)

2021-11-11 09:40:39 - [MESSAGE][INFO] - Getting text of object 'Object Repository/Popup/Popup'

2021-11-11 09:40:39 - [MESSAGE][PASSED] - Text of object 'Object Repository/Popup/Popup' is: 'Lütfen rapor bildiriminin gönderileceği e-posta adresini belirtiniz.
e-Posta Adresi'

2021-11-11 09:40:39 - [TEST_STEP][PASSED] - RaporNo = getText(findTestObject("Popup/Popup")).substring(0, 6): Text of object 'Object Repository/Popup/Popup' is: 'Lütfen rapor bildiriminin gönderileceği e-posta adresini belirtiniz.
e-Posta Adresi'

2021-11-11 09:40:39 - [MESSAGE][INFO] - Finding Test Object 'Object Repository/Popup/Popup'

2021-11-11 09:40:39 - [MESSAGE][INFO] - Checking object

2021-11-11 09:40:39 - [MESSAGE][INFO] - Finding web element from Test Object's properties

2021-11-11 09:40:39 - [MESSAGE][INFO] - Checking timeout

2021-11-11 09:40:39 - [MESSAGE][INFO] - Finding web element with id: 'Object Repository/Popup/Popup' located by 'By.cssSelector: .bootbox-body' in '30' second(s)

2021-11-11 09:40:39 - [MESSAGE][INFO] - Smart Wait Function is triggered

2021-11-11 09:40:40 - [MESSAGE][INFO] - Found 1 web elements with id: 'Object Repository/Popup/Popup' located by 'By.cssSelector: .bootbox-body' in '30' second(s)

2021-11-11 09:40:40 - [MESSAGE][INFO] - Getting text of object 'Object Repository/Popup/Popup'

2021-11-11 09:40:40 - [MESSAGE][PASSED] - Text of object 'Object Repository/Popup/Popup' is: 'Lütfen rapor bildiriminin gönderileceği e-posta adresini belirtiniz.
e-Posta Adresi'

2021-11-11 09:40:40 - [TEST_STEP][PASSED] - Console.println(RaporNo): null

2021-11-11 09:40:40 - [MESSAGE][PASSED] - Call Test Case 'Test Cases/Popup/PopupMesajiIceriyorMu' successfully

2021-11-11 09:40:40 - [MESSAGE][INFO] - Checking called Test Case

2021-11-11 09:40:40 - [MESSAGE][INFO] - Starting to call Test Case 'Test Cases/Popup/PopupaEmailEklenir'

2021-11-11 09:40:40 - [TEST_CASE][PASSED] - Test Cases/Popup/PopupaEmailEklenir: Test Cases/Popup/PopupaEmailEklenir

2021-11-11 09:40:40 - [TEST_STEP][PASSED] - clearText(findTestObject("Popup/EmailText")): Text of object 'Object Repository/Popup/EmailText' is cleared

2021-11-11 09:40:40 - [MESSAGE][INFO] - Finding Test Object 'Object Repository/Popup/EmailText'

2021-11-11 09:40:40 - [MESSAGE][INFO] - Checking object

2021-11-11 09:40:40 - [MESSAGE][INFO] - Finding web element from Test Object's properties

2021-11-11 09:40:40 - [MESSAGE][INFO] - Checking timeout

2021-11-11 09:40:40 - [MESSAGE][INFO] - Finding web element with id: 'Object Repository/Popup/EmailText' located by 'By.xpath: //*[@id="eMails"]' in '30' second(s)

2021-11-11 09:40:40 - [MESSAGE][INFO] - Smart Wait Function is triggered

2021-11-11 09:40:40 - [MESSAGE][INFO] - Found 1 web elements with id: 'Object Repository/Popup/EmailText' located by 'By.xpath: //*[@id="eMails"]' in '30' second(s)

2021-11-11 09:40:40 - [MESSAGE][INFO] - Clearing text of object 'Object Repository/Popup/EmailText'

2021-11-11 09:40:40 - [MESSAGE][PASSED] - Text of object 'Object Repository/Popup/EmailText' is cleared

2021-11-11 09:40:40 - [TEST_STEP][PASSED] - sendKeys(findTestObject("Popup/EmailText"), Email): Keys 'elogotest@gmail.com;ali.kara@logo.com.tr' sent to object: 'Object Repository/Popup/EmailText'

2021-11-11 09:40:40 - [MESSAGE][INFO] - Finding Test Object 'Object Repository/Popup/EmailText'

2021-11-11 09:40:40 - [MESSAGE][INFO] - Sending keys 'elogotest@gmail.com;ali.kara@logo.com.tr' to object: 'Object Repository/Popup/EmailText'

2021-11-11 09:40:40 - [MESSAGE][INFO] - Finding web element from Test Object's properties

2021-11-11 09:40:40 - [MESSAGE][INFO] - Checking timeout

2021-11-11 09:40:40 - [MESSAGE][INFO] - Finding web element with id: 'Object Repository/Popup/EmailText' located by 'By.xpath: //*[@id="eMails"]' in '30' second(s)

2021-11-11 09:40:40 - [MESSAGE][INFO] - Smart Wait Function is triggered

2021-11-11 09:40:40 - [MESSAGE][INFO] - Found 1 web elements with id: 'Object Repository/Popup/EmailText' located by 'By.xpath: //*[@id="eMails"]' in '30' second(s)

2021-11-11 09:40:40 - [MESSAGE][PASSED] - Keys 'elogotest@gmail.com;ali.kara@logo.com.tr' sent to object: 'Object Repository/Popup/EmailText'

2021-11-11 09:40:40 - [MESSAGE][PASSED] - Call Test Case 'Test Cases/Popup/PopupaEmailEklenir' successfully

2021-11-11 09:40:40 - [MESSAGE][INFO] - Checking called Test Case

2021-11-11 09:40:40 - [MESSAGE][INFO] - Starting to call Test Case 'Test Cases/Popup/PopupButonSecilir'

2021-11-11 09:40:40 - [TEST_CASE][PASSED] - Test Cases/Popup/PopupButonSecilir: Test Cases/Popup/PopupButonSecilir

2021-11-11 09:40:40 - [TEST_STEP][PASSED] - Method.TextDegerineEsitElementeTikla(findTestObject("Popup/Popup_Butons"), Buton): Method.TextDegerineEsitElementeTikla is PASSED

2021-11-11 09:40:40 - [MESSAGE][INFO] - Finding Test Object 'Object Repository/Popup/Popup_Butons'

2021-11-11 09:40:41 - [MESSAGE][INFO] - Checking timeout

2021-11-11 09:40:41 - [MESSAGE][INFO] - Finding web element with id: 'Object Repository/Popup/Popup_Butons' located by 'By.cssSelector: .modal-footer>button' in '10' second(s)

2021-11-11 09:40:41 - [MESSAGE][INFO] - Smart Wait Function is triggered

2021-11-11 09:40:41 - [MESSAGE][INFO] - Found 2 web elements with id: 'Object Repository/Popup/Popup_Butons' located by 'By.cssSelector: .modal-footer>button' in '10' second(s)

2021-11-11 09:40:41 - [MESSAGE][PASSED] - Method.TextDegerineEsitElementeTikla is PASSED

2021-11-11 09:40:41 - [MESSAGE][PASSED] - Call Test Case 'Test Cases/Popup/PopupButonSecilir' successfully

2021-11-11 09:40:41 - [MESSAGE][INFO] - Checking called Test Case

2021-11-11 09:40:41 - [MESSAGE][INFO] - Starting to call Test Case 'Test Cases/Popup/PopupMesajiIceriyorMu'

2021-11-11 09:40:41 - [TEST_CASE][PASSED] - Test Cases/Popup/PopupMesajiIceriyorMu: Test Cases/Popup/PopupMesajiIceriyorMu

2021-11-11 09:40:41 - [TEST_STEP][PASSED] - waitForElementVisible(findTestObject("Popup/Popup"), 10): Object 'Object Repository/Popup/Popup' is visible

2021-11-11 09:40:41 - [MESSAGE][INFO] - Finding Test Object 'Object Repository/Popup/Popup'

2021-11-11 09:40:41 - [MESSAGE][INFO] - Checking object

2021-11-11 09:40:41 - [MESSAGE][INFO] - Checking timeout

2021-11-11 09:40:41 - [MESSAGE][INFO] - Finding web element from Test Object's properties

2021-11-11 09:40:41 - [MESSAGE][INFO] - Checking timeout

2021-11-11 09:40:41 - [MESSAGE][INFO] - Finding web element with id: 'Object Repository/Popup/Popup' located by 'By.cssSelector: .bootbox-body' in '10' second(s)

2021-11-11 09:40:41 - [MESSAGE][INFO] - Smart Wait Function is triggered

2021-11-11 09:40:42 - [MESSAGE][INFO] - Found 1 web elements with id: 'Object Repository/Popup/Popup' located by 'By.cssSelector: .bootbox-body' in '10' second(s)

2021-11-11 09:40:42 - [MESSAGE][PASSED] - Object 'Object Repository/Popup/Popup' is visible

2021-11-11 09:40:42 - [TEST_STEP][PASSED] - if (!(getText(findTestObject("Popup/Popup")).contains(Mesaj))): Text of object 'Object Repository/Popup/Popup' is: '16264 no’lu talebiniz işleme alınmıştır. Raporunuz hazırlandığında (elogotest@gmail.com;ali.kara@logo.com.tr) adresinize mail gönderilecektir.
Rapor durumunuzu Raporlar > Toplu Veri İndirme ekranından takip edebilir, hazırlandı durumundaki raporlarınızı ilgili menüden indirebilirsiniz.'

2021-11-11 09:40:42 - [MESSAGE][INFO] - Finding Test Object 'Object Repository/Popup/Popup'

2021-11-11 09:40:42 - [MESSAGE][INFO] - Checking object

2021-11-11 09:40:42 - [MESSAGE][INFO] - Finding web element from Test Object's properties

2021-11-11 09:40:42 - [MESSAGE][INFO] - Checking timeout

2021-11-11 09:40:42 - [MESSAGE][INFO] - Finding web element with id: 'Object Repository/Popup/Popup' located by 'By.cssSelector: .bootbox-body' in '30' second(s)

2021-11-11 09:40:42 - [MESSAGE][INFO] - Smart Wait Function is triggered

2021-11-11 09:40:42 - [MESSAGE][INFO] - Found 1 web elements with id: 'Object Repository/Popup/Popup' located by 'By.cssSelector: .bootbox-body' in '30' second(s)

2021-11-11 09:40:42 - [MESSAGE][INFO] - Getting text of object 'Object Repository/Popup/Popup'

2021-11-11 09:40:42 - [MESSAGE][PASSED] - Text of object 'Object Repository/Popup/Popup' is: '16264 no’lu talebiniz işleme alınmıştır. Raporunuz hazırlandığında (elogotest@gmail.com;ali.kara@logo.com.tr) adresinize mail gönderilecektir.
Rapor durumunuzu Raporlar > Toplu Veri İndirme ekranından takip edebilir, hazırlandı durumundaki raporlarınızı ilgili menüden indirebilirsiniz.'

2021-11-11 09:40:42 - [TEST_STEP][PASSED] - RaporNo = getText(findTestObject("Popup/Popup")).substring(0, 6): Text of object 'Object Repository/Popup/Popup' is: '16264 no’lu talebiniz işleme alınmıştır. Raporunuz hazırlandığında (elogotest@gmail.com;ali.kara@logo.com.tr) adresinize mail gönderilecektir.
Rapor durumunuzu Raporlar > Toplu Veri İndirme ekranından takip edebilir, hazırlandı durumundaki raporlarınızı ilgili menüden indirebilirsiniz.'

2021-11-11 09:40:42 - [MESSAGE][INFO] - Finding Test Object 'Object Repository/Popup/Popup'

2021-11-11 09:40:42 - [MESSAGE][INFO] - Checking object

2021-11-11 09:40:42 - [MESSAGE][INFO] - Finding web element from Test Object's properties

2021-11-11 09:40:42 - [MESSAGE][INFO] - Checking timeout

2021-11-11 09:40:42 - [MESSAGE][INFO] - Finding web element with id: 'Object Repository/Popup/Popup' located by 'By.cssSelector: .bootbox-body' in '30' second(s)

2021-11-11 09:40:42 - [MESSAGE][INFO] - Smart Wait Function is triggered

2021-11-11 09:40:42 - [MESSAGE][INFO] - Found 1 web elements with id: 'Object Repository/Popup/Popup' located by 'By.cssSelector: .bootbox-body' in '30' second(s)

2021-11-11 09:40:42 - [MESSAGE][INFO] - Getting text of object 'Object Repository/Popup/Popup'

2021-11-11 09:40:42 - [MESSAGE][PASSED] - Text of object 'Object Repository/Popup/Popup' is: '16264 no’lu talebiniz işleme alınmıştır. Raporunuz hazırlandığında (elogotest@gmail.com;ali.kara@logo.com.tr) adresinize mail gönderilecektir.
Rapor durumunuzu Raporlar > Toplu Veri İndirme ekranından takip edebilir, hazırlandı durumundaki raporlarınızı ilgili menüden indirebilirsiniz.'

2021-11-11 09:40:42 - [TEST_STEP][PASSED] - Console.println(RaporNo): null

2021-11-11 09:40:42 - [MESSAGE][PASSED] - Call Test Case 'Test Cases/Popup/PopupMesajiIceriyorMu' successfully

2021-11-11 09:40:42 - [MESSAGE][INFO] - Checking called Test Case

2021-11-11 09:40:42 - [MESSAGE][INFO] - Starting to call Test Case 'Test Cases/Popup/PopupButonSecilir'

2021-11-11 09:40:43 - [TEST_CASE][PASSED] - Test Cases/Popup/PopupButonSecilir: Test Cases/Popup/PopupButonSecilir

2021-11-11 09:40:43 - [TEST_STEP][PASSED] - Method.TextDegerineEsitElementeTikla(findTestObject("Popup/Popup_Butons"), Buton): Method.TextDegerineEsitElementeTikla is PASSED

2021-11-11 09:40:43 - [MESSAGE][INFO] - Finding Test Object 'Object Repository/Popup/Popup_Butons'

2021-11-11 09:40:43 - [MESSAGE][INFO] - Checking timeout

2021-11-11 09:40:43 - [MESSAGE][INFO] - Finding web element with id: 'Object Repository/Popup/Popup_Butons' located by 'By.cssSelector: .modal-footer>button' in '10' second(s)

2021-11-11 09:40:43 - [MESSAGE][INFO] - Smart Wait Function is triggered

2021-11-11 09:40:43 - [MESSAGE][INFO] - Found 1 web elements with id: 'Object Repository/Popup/Popup_Butons' located by 'By.cssSelector: .modal-footer>button' in '10' second(s)

2021-11-11 09:40:43 - [MESSAGE][PASSED] - Method.TextDegerineEsitElementeTikla is PASSED

2021-11-11 09:40:43 - [MESSAGE][PASSED] - Call Test Case 'Test Cases/Popup/PopupButonSecilir' successfully

2021-11-11 09:40:43 - [MESSAGE][INFO] - Checking called Test Case

2021-11-11 09:40:43 - [MESSAGE][INFO] - Starting to call Test Case 'Test Cases/Menu/AnaMenuSecimi'

2021-11-11 09:40:43 - [TEST_CASE][PASSED] - Test Cases/Menu/AnaMenuSecimi: Test Cases/Menu/AnaMenuSecimi

2021-11-11 09:40:43 - [TEST_STEP][PASSED] - Method.TextDegerineEsitElementeTikla(findTestObject("Menu/Ana_Menu"), Ana_Menu): Method.TextDegerineEsitElementeTikla is PASSED

2021-11-11 09:40:43 - [MESSAGE][INFO] - Finding Test Object 'Object Repository/Menu/Ana_Menu'

2021-11-11 09:40:43 - [MESSAGE][INFO] - Checking timeout

2021-11-11 09:40:43 - [MESSAGE][INFO] - Finding web element with id: 'Object Repository/Menu/Ana_Menu' located by 'By.xpath: //*[@class = 'dropdown-toggle']' in '10' second(s)

2021-11-11 09:40:43 - [MESSAGE][INFO] - Smart Wait Function is triggered

2021-11-11 09:40:44 - [MESSAGE][INFO] - Found 14 web elements with id: 'Object Repository/Menu/Ana_Menu' located by 'By.xpath: //*[@class = 'dropdown-toggle']' in '10' second(s)

2021-11-11 09:40:44 - [MESSAGE][PASSED] - Method.TextDegerineEsitElementeTikla is PASSED

2021-11-11 09:40:44 - [MESSAGE][PASSED] - Call Test Case 'Test Cases/Menu/AnaMenuSecimi' successfully

2021-11-11 09:40:44 - [MESSAGE][INFO] - Checking called Test Case

2021-11-11 09:40:44 - [MESSAGE][INFO] - Starting to call Test Case 'Test Cases/Menu/AltMenuSecimi'

2021-11-11 09:40:44 - [TEST_CASE][PASSED] - Test Cases/Menu/AltMenuSecimi: Test Cases/Menu/AltMenuSecimi

2021-11-11 09:40:44 - [TEST_STEP][PASSED] - Method.TextDegerineEsitElementeTikla(findTestObject("Menu/Alt_Menu"), Alt_Menu): Method.TextDegerineEsitElementeTikla is PASSED

2021-11-11 09:40:44 - [MESSAGE][INFO] - Finding Test Object 'Object Repository/Menu/Alt_Menu'

2021-11-11 09:40:44 - [MESSAGE][INFO] - Checking timeout

2021-11-11 09:40:44 - [MESSAGE][INFO] - Finding web element with id: 'Object Repository/Menu/Alt_Menu' located by 'By.xpath: //li[@class='dropdown dropdown-large open']//li[@class='dropdown-element']' in '10' second(s)

2021-11-11 09:40:44 - [MESSAGE][INFO] - Smart Wait Function is triggered

2021-11-11 09:40:44 - [MESSAGE][INFO] - Found 9 web elements with id: 'Object Repository/Menu/Alt_Menu' located by 'By.xpath: //li[@class='dropdown dropdown-large open']//li[@class='dropdown-element']' in '10' second(s)

2021-11-11 09:40:45 - [MESSAGE][PASSED] - Method.TextDegerineEsitElementeTikla is PASSED

2021-11-11 09:40:45 - [MESSAGE][PASSED] - Call Test Case 'Test Cases/Menu/AltMenuSecimi' successfully

2021-11-11 09:40:45 - [MESSAGE][INFO] - Checking called Test Case

2021-11-11 09:40:45 - [MESSAGE][INFO] - Starting to call Test Case 'Test Cases/Filtreler/RaporNoYaz'

2021-11-11 09:40:45 - [TEST_CASE][PASSED] - Test Cases/Filtreler/RaporNoYaz: Test Cases/Filtreler/RaporNoYaz

2021-11-11 09:40:45 - [TEST_STEP][PASSED] - Method.TextDegerineEsitElementinAltindakiTextboxtaYaz(findTestObject("Filtreler/Basliklar"), findTestObject("Filtreler/Basliga_Gore_Textbox"), "Talep No", RaporNo): Method.TextDegerineEsitElementinAltindakiTextboxtaYaz is PASSED

2021-11-11 09:40:45 - [MESSAGE][INFO] - Finding Test Object 'Object Repository/Filtreler/Basliklar'

2021-11-11 09:40:46 - [MESSAGE][INFO] - Finding Test Object 'Object Repository/Filtreler/Basliga_Gore_Textbox'

2021-11-11 09:40:46 - [MESSAGE][INFO] - Checking timeout

2021-11-11 09:40:46 - [MESSAGE][INFO] - Finding web element with id: 'Object Repository/Filtreler/Basliklar' located by 'By.cssSelector: .control-label.col-sm-4.paddingMarginRLC' in '10' second(s)

2021-11-11 09:40:46 - [MESSAGE][INFO] - Smart Wait Function is triggered

2021-11-11 09:40:46 - [MESSAGE][INFO] - Found 8 web elements with id: 'Object Repository/Filtreler/Basliklar' located by 'By.cssSelector: .control-label.col-sm-4.paddingMarginRLC' in '10' second(s)

2021-11-11 09:40:46 - [MESSAGE][INFO] - Smart Wait Function is triggered

2021-11-11 09:40:46 - [MESSAGE][PASSED] - Method.TextDegerineEsitElementinAltindakiTextboxtaYaz is PASSED

2021-11-11 09:40:46 - [MESSAGE][PASSED] - Call Test Case 'Test Cases/Filtreler/RaporNoYaz' successfully

2021-11-11 09:40:46 - [MESSAGE][INFO] - Checking called Test Case

2021-11-11 09:40:46 - [MESSAGE][INFO] - Starting to call Test Case 'Test Cases/Filtreler/ButonaTikla'

2021-11-11 09:40:46 - [TEST_CASE][PASSED] - Test Cases/Filtreler/ButonaTikla: Test Cases/Filtreler/ButonaTikla

2021-11-11 09:40:46 - [TEST_STEP][PASSED] - Method.TextDegerineEsitElementeTikla(findTestObject("Filtreler/Butonlar"), Filtre_Buton): Method.TextDegerineEsitElementeTikla is PASSED

2021-11-11 09:40:46 - [MESSAGE][INFO] - Finding Test Object 'Object Repository/Filtreler/Butonlar'

2021-11-11 09:40:47 - [MESSAGE][INFO] - Checking timeout

2021-11-11 09:40:47 - [MESSAGE][INFO] - Finding web element with id: 'Object Repository/Filtreler/Butonlar' located by 'By.cssSelector: .dxb>span' in '10' second(s)

2021-11-11 09:40:47 - [MESSAGE][INFO] - Smart Wait Function is triggered

2021-11-11 09:40:47 - [MESSAGE][INFO] - Found 2 web elements with id: 'Object Repository/Filtreler/Butonlar' located by 'By.cssSelector: .dxb>span' in '10' second(s)

2021-11-11 09:40:47 - [MESSAGE][PASSED] - Method.TextDegerineEsitElementeTikla is PASSED

2021-11-11 09:40:47 - [MESSAGE][PASSED] - Call Test Case 'Test Cases/Filtreler/ButonaTikla' successfully

2021-11-11 09:40:47 - [MESSAGE][INFO] - Checking called Test Case

2021-11-11 09:40:47 - [MESSAGE][INFO] - Starting to call Test Case 'Test Cases/Tablo/TablodaVeriVarMi'

2021-11-11 09:40:47 - [TEST_CASE][PASSED] - Test Cases/Tablo/TablodaVeriVarMi: Test Cases/Tablo/TablodaVeriVarMi

2021-11-11 09:40:47 - [TEST_STEP][PASSED] - verifyTextNotPresent("Görüntülenecek veri yok", true): Text 'Görüntülenecek veri yok' is not present on page using regular expression

2021-11-11 09:40:47 - [MESSAGE][INFO] - Checking text present  using regular expression

2021-11-11 09:40:47 - [MESSAGE][INFO] - Smart Wait Function is triggered

2021-11-11 09:40:48 - [MESSAGE][INFO] - Finding text 'Görüntülenecek veri yok' on page  using regular expression

2021-11-11 09:40:48 - [MESSAGE][PASSED] - Text 'Görüntülenecek veri yok' is not present on page using regular expression

2021-11-11 09:40:48 - [MESSAGE][PASSED] - Call Test Case 'Test Cases/Tablo/TablodaVeriVarMi' successfully

2021-11-11 09:40:48 - [MESSAGE][INFO] - Checking called Test Case

2021-11-11 09:40:48 - [MESSAGE][INFO] - Starting to call Test Case 'Test Cases/Kullanici_Islemleri/KullaniciIslemlerindenSecimYapilir'

2021-11-11 09:40:48 - [TEST_CASE][PASSED] - Test Cases/Kullanici_Islemleri/KullaniciIslemlerindenSecimYapilir: Test Cases/Kullanici_Islemleri/KullaniciIslemlerindenSecimYapilir

2021-11-11 09:40:48 - [TEST_STEP][PASSED] - waitForElementClickable(findTestObject("Object Repository/Kullanici_Islemleri/KullaniciIslemleri"), 10): Object 'Object Repository/Kullanici_Islemleri/KullaniciIslemleri' is clickable

2021-11-11 09:40:48 - [MESSAGE][INFO] - Finding Test Object 'Object Repository/Kullanici_Islemleri/KullaniciIslemleri'

2021-11-11 09:40:48 - [MESSAGE][INFO] - Checking object

2021-11-11 09:40:48 - [MESSAGE][INFO] - Checking timeout

2021-11-11 09:40:48 - [MESSAGE][INFO] - Finding web element from Test Object's properties

2021-11-11 09:40:48 - [MESSAGE][INFO] - Checking timeout

2021-11-11 09:40:48 - [MESSAGE][INFO] - Finding web element with id: 'Object Repository/Kullanici_Islemleri/KullaniciIslemleri' located by 'By.cssSelector: .dropdown>a>img' in '10' second(s)

2021-11-11 09:40:48 - [MESSAGE][INFO] - Smart Wait Function is triggered

2021-11-11 09:40:48 - [MESSAGE][INFO] - Found 1 web elements with id: 'Object Repository/Kullanici_Islemleri/KullaniciIslemleri' located by 'By.cssSelector: .dropdown>a>img' in '10' second(s)

2021-11-11 09:40:48 - [MESSAGE][PASSED] - Object 'Object Repository/Kullanici_Islemleri/KullaniciIslemleri' is clickable

2021-11-11 09:40:48 - [TEST_STEP][PASSED] - click(findTestObject("Object Repository/Kullanici_Islemleri/KullaniciIslemleri")): Object: 'Object Repository/Kullanici_Islemleri/KullaniciIslemleri' is clicked on

2021-11-11 09:40:48 - [MESSAGE][INFO] - Finding Test Object 'Object Repository/Kullanici_Islemleri/KullaniciIslemleri'

2021-11-11 09:40:48 - [MESSAGE][INFO] - Checking object

2021-11-11 09:40:48 - [MESSAGE][INFO] - Finding web element from Test Object's properties

2021-11-11 09:40:48 - [MESSAGE][INFO] - Checking timeout

2021-11-11 09:40:48 - [MESSAGE][INFO] - Finding web element with id: 'Object Repository/Kullanici_Islemleri/KullaniciIslemleri' located by 'By.cssSelector: .dropdown>a>img' in '30' second(s)

2021-11-11 09:40:48 - [MESSAGE][INFO] - Smart Wait Function is triggered

2021-11-11 09:40:49 - [MESSAGE][INFO] - Found 1 web elements with id: 'Object Repository/Kullanici_Islemleri/KullaniciIslemleri' located by 'By.cssSelector: .dropdown>a>img' in '30' second(s)

2021-11-11 09:40:49 - [MESSAGE][INFO] - Clicking on object: 'Object Repository/Kullanici_Islemleri/KullaniciIslemleri'

2021-11-11 09:40:49 - [MESSAGE][PASSED] - Object: 'Object Repository/Kullanici_Islemleri/KullaniciIslemleri' is clicked on

2021-11-11 09:40:49 - [TEST_STEP][PASSED] - Method.TextDegerineEsitElementeTikla(findTestObject("Object Repository/Kullanici_Islemleri/Secenekler"), Islem): Method.TextDegerineEsitElementeTikla is PASSED

2021-11-11 09:40:49 - [MESSAGE][INFO] - Finding Test Object 'Object Repository/Kullanici_Islemleri/Secenekler'

2021-11-11 09:40:49 - [MESSAGE][INFO] - Checking timeout

2021-11-11 09:40:49 - [MESSAGE][INFO] - Finding web element with id: 'Object Repository/Kullanici_Islemleri/Secenekler' located by 'By.cssSelector: .nav.navbar-nav.navbar-right li a' in '10' second(s)

2021-11-11 09:40:49 - [MESSAGE][INFO] - Smart Wait Function is triggered

2021-11-11 09:40:49 - [MESSAGE][INFO] - Found 22 web elements with id: 'Object Repository/Kullanici_Islemleri/Secenekler' located by 'By.cssSelector: .nav.navbar-nav.navbar-right li a' in '10' second(s)

2021-11-11 09:40:51 - [MESSAGE][PASSED] - Method.TextDegerineEsitElementeTikla is PASSED

2021-11-11 09:40:51 - [TEST_STEP][PASSED] - verifyElementNotPresent(findTestObject("Object Repository/Kullanici_Islemleri/Secenekler"), 10): Web element with id: 'Object Repository/Kullanici_Islemleri/Secenekler' located by 'By.cssSelector: .nav.navbar-nav.navbar-right li a' is not present after '10' second(s)

2021-11-11 09:40:51 - [MESSAGE][INFO] - Finding Test Object 'Object Repository/Kullanici_Islemleri/Secenekler'

2021-11-11 09:40:51 - [MESSAGE][INFO] - Checking object

2021-11-11 09:40:51 - [MESSAGE][INFO] - Checking timeout

2021-11-11 09:40:51 - [MESSAGE][INFO] - Finding web element with id: 'Object Repository/Kullanici_Islemleri/Secenekler' located by 'By.cssSelector: .nav.navbar-nav.navbar-right li a' in '10' second(s)

2021-11-11 09:40:51 - [MESSAGE][INFO] - Smart Wait Function is triggered

2021-11-11 09:40:51 - [MESSAGE][PASSED] - Web element with id: 'Object Repository/Kullanici_Islemleri/Secenekler' located by 'By.cssSelector: .nav.navbar-nav.navbar-right li a' is not present after '10' second(s)

2021-11-11 09:40:51 - [MESSAGE][PASSED] - Call Test Case 'Test Cases/Kullanici_Islemleri/KullaniciIslemlerindenSecimYapilir' successfully

2021-11-11 09:40:51 - [TEST_CASE][PASSED] - Start Test Case : SCENARIO e-Irsaliye Gelen Kutusu Toplu Indirme - PDF Secilenlerin indirilmesi: SCENARIO e-Irsaliye Gelen Kutusu Toplu Indirme - PDF Secilenlerin indirilmesi

2021-11-11 09:40:51 - [TEST_STEP][PASSED] - Kullanıcı adı ELOGO6 ve Şifre 123456 olarak giriş yapılır: Kullanıcı adı ELOGO6 ve Şifre 123456 olarak giriş yapılır

2021-11-11 09:40:51 - [MESSAGE][PASSED] - Kullanıcı adı ELOGO6 ve Şifre 123456 olarak giriş yapılır

2021-11-11 09:40:51 - [TEST_STEP][PASSED] - Ana menüden e-İrsaliye seçilir: Ana menüden e-İrsaliye seçilir

2021-11-11 09:40:51 - [MESSAGE][PASSED] - Ana menüden e-İrsaliye seçilir

2021-11-11 09:40:51 - [TEST_STEP][PASSED] - Alt menü Gelen Kutusu başlığı altındaki İrsaliyeler seçilir: Alt menü Gelen Kutusu başlığı altındaki İrsaliyeler seçilir

2021-11-11 09:40:51 - [MESSAGE][PASSED] - Alt menü Gelen Kutusu başlığı altındaki İrsaliyeler seçilir

2021-11-11 09:40:51 - [TEST_STEP][PASSED] - Filtrelerden Oluşturma Tarihi filtresine 01.12.2020 baslangic degerini yaz: Filtrelerden Oluşturma Tarihi filtresine 01.12.2020 baslangic degerini yaz

2021-11-11 09:40:51 - [MESSAGE][PASSED] - Filtrelerden Oluşturma Tarihi filtresine 01.12.2020 baslangic degerini yaz

2021-11-11 09:40:51 - [TEST_STEP][PASSED] - Filtrelerden Oluşturma Tarihi filtresine 31.12.2020 bitis degerini yaz: Filtrelerden Oluşturma Tarihi filtresine 31.12.2020 bitis degerini yaz

2021-11-11 09:40:51 - [MESSAGE][PASSED] - Filtrelerden Oluşturma Tarihi filtresine 31.12.2020 bitis degerini yaz

2021-11-11 09:40:51 - [TEST_STEP][PASSED] - Filtrelerden Gönderici Ünvanı filtresine Logo Elektronik GIB Test textini yaz: Filtrelerden Gönderici Ünvanı filtresine Logo Elektronik GIB Test textini yaz

2021-11-11 09:40:51 - [MESSAGE][PASSED] - Filtrelerden Gönderici Ünvanı filtresine Logo Elektronik GIB Test textini yaz

2021-11-11 09:40:51 - [TEST_STEP][PASSED] - Filtre butonlarından Listele seçilir: Filtre butonlarından Listele seçilir

2021-11-11 09:40:51 - [MESSAGE][PASSED] - Filtre butonlarından Listele seçilir

2021-11-11 09:40:51 - [TEST_STEP][PASSED] - Tabloda veri var mı kontrol edilir: Tabloda veri var mı kontrol edilir

2021-11-11 09:40:51 - [MESSAGE][PASSED] - Tabloda veri var mı kontrol edilir

2021-11-11 09:40:51 - [TEST_STEP][PASSED] - Tablodan Logo Elektronik GIB Test isimli veri seçilir: Tablodan Logo Elektronik GIB Test isimli veri seçilir

2021-11-11 09:40:51 - [MESSAGE][PASSED] - Tablodan Logo Elektronik GIB Test isimli veri seçilir

2021-11-11 09:40:51 - [TEST_STEP][PASSED] - Butonlardan Toplu İndirme isimli butona tıklanır: Butonlardan Toplu İndirme isimli butona tıklanır

2021-11-11 09:40:51 - [MESSAGE][PASSED] - Butonlardan Toplu İndirme isimli butona tıklanır

2021-11-11 09:40:51 - [TEST_STEP][PASSED] - Alt butonlardan PDF Seçilenleri İndir butonuna tıklanır: Alt butonlardan PDF Seçilenleri İndir butonuna tıklanır

2021-11-11 09:40:51 - [MESSAGE][PASSED] - Alt butonlardan PDF Seçilenleri İndir butonuna tıklanır

2021-11-11 09:40:51 - [TEST_STEP][PASSED] - Popup mesajı Lütfen rapor bildiriminin gönderileceği e-posta adresini belirtiniz. içeriyor mu: Popup mesajı Lütfen rapor bildiriminin gönderileceği e-posta adresini belirtiniz. içeriyor mu

2021-11-11 09:40:51 - [MESSAGE][PASSED] - Popup mesajı Lütfen rapor bildiriminin gönderileceği e-posta adresini belirtiniz. içeriyor mu

2021-11-11 09:40:51 - [TEST_STEP][PASSED] - Popup email elogotest@gmail.com;ali.kara@logo.com.tr olarak girilir: Popup email elogotest@gmail.com;ali.kara@logo.com.tr olarak girilir

2021-11-11 09:40:51 - [MESSAGE][PASSED] - Popup email elogotest@gmail.com;ali.kara@logo.com.tr olarak girilir

2021-11-11 09:40:51 - [TEST_STEP][PASSED] - Yönetim popupında Gönder seçilir: Yönetim popupında Gönder seçilir

2021-11-11 09:40:51 - [MESSAGE][PASSED] - Yönetim popupında Gönder seçilir

2021-11-11 09:40:51 - [TEST_STEP][PASSED] - Popup mesajı talebiniz işleme alınmıştır içeriyor mu: Popup mesajı talebiniz işleme alınmıştır içeriyor mu

2021-11-11 09:40:51 - [MESSAGE][PASSED] - Popup mesajı talebiniz işleme alınmıştır içeriyor mu

2021-11-11 09:40:51 - [TEST_STEP][PASSED] - Yönetim popupında Tamam seçilir: Yönetim popupında Tamam seçilir

2021-11-11 09:40:51 - [MESSAGE][PASSED] - Yönetim popupında Tamam seçilir

2021-11-11 09:40:51 - [TEST_STEP][PASSED] - Butonlardan Toplu İndirme isimli butona tıklanır: Butonlardan Toplu İndirme isimli butona tıklanır

2021-11-11 09:40:51 - [MESSAGE][PASSED] - Butonlardan Toplu İndirme isimli butona tıklanır

2021-11-11 09:40:51 - [TEST_STEP][PASSED] - Alt butonlardan PDF Tümünü İndir butonuna tıklanır: Alt butonlardan PDF Tümünü İndir butonuna tıklanır

2021-11-11 09:40:51 - [MESSAGE][PASSED] - Alt butonlardan PDF Tümünü İndir butonuna tıklanır

2021-11-11 09:40:51 - [TEST_STEP][PASSED] - Popup mesajı Lütfen rapor bildiriminin gönderileceği e-posta adresini belirtiniz. içeriyor mu: Popup mesajı Lütfen rapor bildiriminin gönderileceği e-posta adresini belirtiniz. içeriyor mu

2021-11-11 09:40:51 - [MESSAGE][PASSED] - Popup mesajı Lütfen rapor bildiriminin gönderileceği e-posta adresini belirtiniz. içeriyor mu

2021-11-11 09:40:51 - [TEST_STEP][PASSED] - Popup email elogotest@gmail.com;ali.kara@logo.com.tr olarak girilir: Popup email elogotest@gmail.com;ali.kara@logo.com.tr olarak girilir

2021-11-11 09:40:51 - [MESSAGE][PASSED] - Popup email elogotest@gmail.com;ali.kara@logo.com.tr olarak girilir

2021-11-11 09:40:51 - [TEST_STEP][PASSED] - Yönetim popupında Gönder seçilir: Yönetim popupında Gönder seçilir

2021-11-11 09:40:51 - [MESSAGE][PASSED] - Yönetim popupında Gönder seçilir

2021-11-11 09:40:51 - [TEST_STEP][PASSED] - Popup mesajı talebiniz işleme alınmıştır içeriyor mu: Popup mesajı talebiniz işleme alınmıştır içeriyor mu

2021-11-11 09:40:51 - [MESSAGE][PASSED] - Popup mesajı talebiniz işleme alınmıştır içeriyor mu

2021-11-11 09:40:51 - [TEST_STEP][PASSED] - Yönetim popupında Tamam seçilir: Yönetim popupında Tamam seçilir

2021-11-11 09:40:51 - [MESSAGE][PASSED] - Yönetim popupında Tamam seçilir

2021-11-11 09:40:51 - [TEST_STEP][PASSED] - Butonlardan Toplu İndirme isimli butona tıklanır: Butonlardan Toplu İndirme isimli butona tıklanır

2021-11-11 09:40:51 - [MESSAGE][PASSED] - Butonlardan Toplu İndirme isimli butona tıklanır

2021-11-11 09:40:51 - [TEST_STEP][PASSED] - Alt butonlardan UBL Seçilenleri İndir butonuna tıklanır: Alt butonlardan UBL Seçilenleri İndir butonuna tıklanır

2021-11-11 09:40:51 - [MESSAGE][PASSED] - Alt butonlardan UBL Seçilenleri İndir butonuna tıklanır

2021-11-11 09:40:51 - [TEST_STEP][PASSED] - Popup mesajı Lütfen rapor bildiriminin gönderileceği e-posta adresini belirtiniz. içeriyor mu: Popup mesajı Lütfen rapor bildiriminin gönderileceği e-posta adresini belirtiniz. içeriyor mu

2021-11-11 09:40:51 - [MESSAGE][PASSED] - Popup mesajı Lütfen rapor bildiriminin gönderileceği e-posta adresini belirtiniz. içeriyor mu

2021-11-11 09:40:51 - [TEST_STEP][PASSED] - Popup email elogotest@gmail.com;ali.kara@logo.com.tr olarak girilir: Popup email elogotest@gmail.com;ali.kara@logo.com.tr olarak girilir

2021-11-11 09:40:51 - [MESSAGE][PASSED] - Popup email elogotest@gmail.com;ali.kara@logo.com.tr olarak girilir

2021-11-11 09:40:51 - [TEST_STEP][PASSED] - Yönetim popupında Gönder seçilir: Yönetim popupında Gönder seçilir

2021-11-11 09:40:51 - [MESSAGE][PASSED] - Yönetim popupında Gönder seçilir

2021-11-11 09:40:51 - [TEST_STEP][PASSED] - Popup mesajı talebiniz işleme alınmıştır içeriyor mu: Popup mesajı talebiniz işleme alınmıştır içeriyor mu

2021-11-11 09:40:51 - [MESSAGE][PASSED] - Popup mesajı talebiniz işleme alınmıştır içeriyor mu

2021-11-11 09:40:51 - [TEST_STEP][PASSED] - Yönetim popupında Tamam seçilir: Yönetim popupında Tamam seçilir

2021-11-11 09:40:51 - [MESSAGE][PASSED] - Yönetim popupında Tamam seçilir

2021-11-11 09:40:51 - [TEST_STEP][PASSED] - Butonlardan Toplu İndirme isimli butona tıklanır: Butonlardan Toplu İndirme isimli butona tıklanır

2021-11-11 09:40:51 - [MESSAGE][PASSED] - Butonlardan Toplu İndirme isimli butona tıklanır

2021-11-11 09:40:51 - [TEST_STEP][PASSED] - Alt butonlardan UBL Tümünü İndir butonuna tıklanır: Alt butonlardan UBL Tümünü İndir butonuna tıklanır

2021-11-11 09:40:51 - [MESSAGE][PASSED] - Alt butonlardan UBL Tümünü İndir butonuna tıklanır

2021-11-11 09:40:51 - [TEST_STEP][PASSED] - Popup mesajı Lütfen rapor bildiriminin gönderileceği e-posta adresini belirtiniz. içeriyor mu: Popup mesajı Lütfen rapor bildiriminin gönderileceği e-posta adresini belirtiniz. içeriyor mu

2021-11-11 09:40:51 - [MESSAGE][PASSED] - Popup mesajı Lütfen rapor bildiriminin gönderileceği e-posta adresini belirtiniz. içeriyor mu

2021-11-11 09:40:51 - [TEST_STEP][PASSED] - Popup email elogotest@gmail.com;ali.kara@logo.com.tr olarak girilir: Popup email elogotest@gmail.com;ali.kara@logo.com.tr olarak girilir

2021-11-11 09:40:51 - [MESSAGE][PASSED] - Popup email elogotest@gmail.com;ali.kara@logo.com.tr olarak girilir

2021-11-11 09:40:51 - [TEST_STEP][PASSED] - Yönetim popupında Gönder seçilir: Yönetim popupında Gönder seçilir

2021-11-11 09:40:51 - [MESSAGE][PASSED] - Yönetim popupında Gönder seçilir

2021-11-11 09:40:51 - [TEST_STEP][PASSED] - Popup mesajı talebiniz işleme alınmıştır içeriyor mu: Popup mesajı talebiniz işleme alınmıştır içeriyor mu

2021-11-11 09:40:51 - [MESSAGE][PASSED] - Popup mesajı talebiniz işleme alınmıştır içeriyor mu

2021-11-11 09:40:51 - [TEST_STEP][PASSED] - Yönetim popupında Tamam seçilir: Yönetim popupında Tamam seçilir

2021-11-11 09:40:51 - [MESSAGE][PASSED] - Yönetim popupında Tamam seçilir

2021-11-11 09:40:51 - [TEST_STEP][PASSED] - Ana menüden Raporlar seçilir: Ana menüden Raporlar seçilir

2021-11-11 09:40:51 - [MESSAGE][PASSED] - Ana menüden Raporlar seçilir

2021-11-11 09:40:51 - [TEST_STEP][PASSED] - Alt menüden Toplu Veri İndirme seçilir: Alt menüden Toplu Veri İndirme seçilir

2021-11-11 09:40:51 - [MESSAGE][PASSED] - Alt menüden Toplu Veri İndirme seçilir

2021-11-11 09:40:51 - [TEST_STEP][PASSED] - Filtrelerden Talep No filtresine Rapor No bilgisi yaz: Filtrelerden Talep No filtresine Rapor No bilgisi yaz

2021-11-11 09:40:51 - [MESSAGE][PASSED] - Filtrelerden Talep No filtresine Rapor No bilgisi yaz

2021-11-11 09:40:51 - [TEST_STEP][PASSED] - Filtre butonlarından Listele seçilir: Filtre butonlarından Listele seçilir

2021-11-11 09:40:51 - [MESSAGE][PASSED] - Filtre butonlarından Listele seçilir

2021-11-11 09:40:51 - [TEST_STEP][PASSED] - Tabloda veri var mı kontrol edilir: Tabloda veri var mı kontrol edilir

2021-11-11 09:40:51 - [MESSAGE][PASSED] - Tabloda veri var mı kontrol edilir

2021-11-11 09:40:51 - [TEST_STEP][PASSED] - Kullanıcı işlemlerinden Çıkış seçilir: Kullanıcı işlemlerinden Çıkış seçilir

2021-11-11 09:40:51 - [MESSAGE][PASSED] - Kullanıcı işlemlerinden Çıkış seçilir

2021-11-11 09:40:51 - [MESSAGE][PASSED] - Feature file: 'Include/features/e-Irsaliye/Gelen Kutusu/Irsaliyeler/Toplu Indirme.feature' was passed

2021-11-11 09:40:51 - [TEST_STEP][PASSED] - Start listener action : sampleAfterTestSuite: Invoke 'com.kms.katalon.core.annotation.AfterTestCase' method: 'Listener.sampleAfterTestSuite(...)' completed.

2021-11-11 09:40:51 - [MESSAGE][INFO] - Starting invoke 'com.kms.katalon.core.annotation.AfterTestCase' method: 'Listener.sampleAfterTestSuite(...)'

2021-11-11 09:40:51 - [TEST_STEP][PASSED] - closeBrowser(): Invoke 'com.kms.katalon.core.annotation.AfterTestCase' method: 'Listener.sampleAfterTestSuite(...)' completed.

2021-11-11 09:40:51 - [MESSAGE][INFO] - Closing browser

2021-11-11 09:40:52 - [MESSAGE][PASSED] - Browser is closed

2021-11-11 09:40:52 - [MESSAGE][INFO] - Invoke 'com.kms.katalon.core.annotation.AfterTestCase' method: 'Listener.sampleAfterTestSuite(...)' completed.]]></system-out>
         <system-err><![CDATA[]]></system-err>
      </testcase>
      <testcase name="Test Cases/Case Repository/e-Irsaliye/Giden Kutusu/Irsaliye Yanitlari/Excele Aktar" time="48.127" classname="Test Cases/Case Repository/e-Irsaliye/Giden Kutusu/Irsaliye Yanitlari/Excele Aktar" status="PASSED">
         <system-out><![CDATA[2021-11-11 09:40:52 - [TEST_CASE][PASSED] - Test Cases/Case Repository/e-Irsaliye/Giden Kutusu/Irsaliye Yanitlari/Excele Aktar: Test Cases/Case Repository/e-Irsaliye/Giden Kutusu/Irsaliye Yanitlari/Excele Aktar

2021-11-11 09:40:52 - [TEST_STEP][PASSED] - Start listener action : sampleBeforeTestSuite: Invoke 'com.kms.katalon.core.annotation.BeforeTestCase' method: 'Listener.sampleBeforeTestSuite(...)' completed.

2021-11-11 09:40:52 - [MESSAGE][INFO] - Starting invoke 'com.kms.katalon.core.annotation.BeforeTestCase' method: 'Listener.sampleBeforeTestSuite(...)'

2021-11-11 09:40:52 - [TEST_STEP][PASSED] - openBrowser(baseUrl): Browser is opened with url: 'https://efatura-stage.elogo.com.tr/'

2021-11-11 09:40:52 - [MESSAGE][INFO] - Opening browser

2021-11-11 09:40:52 - [MESSAGE][INFO] - Starting 'Chrome' driver

2021-11-11 09:40:52 - [MESSAGE][INFO] - User set preference: ['prefs', '{download.default_directory=C:\otomasyondownfiles}']

2021-11-11 09:40:52 - [MESSAGE][INFO] - Action delay is set to 0 milliseconds

2021-11-11 09:40:53 - [MESSAGE][INFO] - Navigating browser to: 'https://efatura-stage.elogo.com.tr/'

2021-11-11 09:40:55 - [MESSAGE][PASSED] - Browser is opened with url: 'https://efatura-stage.elogo.com.tr/'

2021-11-11 09:40:55 - [TEST_STEP][PASSED] - maximizeWindow(): Invoke 'com.kms.katalon.core.annotation.BeforeTestCase' method: 'Listener.sampleBeforeTestSuite(...)' completed.

2021-11-11 09:40:55 - [MESSAGE][INFO] - Maximizing current window

2021-11-11 09:40:55 - [MESSAGE][PASSED] - Current window maximized

2021-11-11 09:40:55 - [MESSAGE][INFO] - Invoke 'com.kms.katalon.core.annotation.BeforeTestCase' method: 'Listener.sampleBeforeTestSuite(...)' completed.

2021-11-11 09:40:56 - [TEST_STEP][PASSED] - runFeatureFile("Include/features/e-Irsaliye/Giden Kutusu/Irsaliye Yanitlari/Excele Aktar.feature"): Feature file: 'Include/features/e-Irsaliye/Giden Kutusu/Irsaliye Yanitlari/Excele Aktar.feature' was passed

2021-11-11 09:40:56 - [MESSAGE][INFO] - Starting run keyword runFeatureFile: 'Include/features/e-Irsaliye/Giden Kutusu/Irsaliye Yanitlari/Excele Aktar.feature' and extract report to folder: 'C:\Users\DELL\Documents\GitHub\EES_KatalonLogo\Reports\20211111_090730\Suite Repository\ExceleAktarVeTopluIndirme\20211111_090810/cucumber_report/1636612856371'...

2021-11-11 09:40:56 - [MESSAGE][INFO] - Glue: []

2021-11-11 09:40:57 - [MESSAGE][INFO] - Checking called Test Case

2021-11-11 09:40:57 - [MESSAGE][INFO] - Starting to call Test Case 'Test Cases/Sayfalar/Giris_Sayfasi/Login'

2021-11-11 09:40:57 - [TEST_CASE][PASSED] - Test Cases/Sayfalar/Giris_Sayfasi/Login: Test Cases/Sayfalar/Giris_Sayfasi/Login

2021-11-11 09:40:57 - [TEST_STEP][PASSED] - Sayfa_Basligi = getWindowTitle(): Current window's title is: 'LOGO e-Fatura'

2021-11-11 09:40:57 - [MESSAGE][INFO] - Getting current window's title

2021-11-11 09:40:57 - [MESSAGE][PASSED] - Current window's title is: 'LOGO e-Fatura'

2021-11-11 09:40:57 - [TEST_STEP][PASSED] - verifyMatch(Sayfa_Basligi, "LOGO e-Fatura", false): Actual text 'LOGO e-Fatura' and expected text 'LOGO e-Fatura' are matched 

2021-11-11 09:40:57 - [MESSAGE][INFO] - Matching actual text 'LOGO e-Fatura' with expected text 'LOGO e-Fatura'

2021-11-11 09:40:57 - [MESSAGE][PASSED] - Actual text 'LOGO e-Fatura' and expected text 'LOGO e-Fatura' are matched 

2021-11-11 09:40:57 - [TEST_STEP][PASSED] - sendKeys(findTestObject("Sayfalar/Giris_Sayfasi/Firma_Kodu"), KullaniciAdi): Keys 'ELOGO6' sent to object: 'Object Repository/Sayfalar/Giris_Sayfasi/Firma_Kodu'

2021-11-11 09:40:57 - [MESSAGE][INFO] - Finding Test Object 'Object Repository/Sayfalar/Giris_Sayfasi/Firma_Kodu'

2021-11-11 09:40:57 - [MESSAGE][INFO] - Sending keys 'ELOGO6' to object: 'Object Repository/Sayfalar/Giris_Sayfasi/Firma_Kodu'

2021-11-11 09:40:57 - [MESSAGE][INFO] - Finding web element from Test Object's properties

2021-11-11 09:40:57 - [MESSAGE][INFO] - Checking timeout

2021-11-11 09:40:57 - [MESSAGE][INFO] - Finding web element with id: 'Object Repository/Sayfalar/Giris_Sayfasi/Firma_Kodu' located by 'By.xpath: //*[@id = 'AccountName']' in '30' second(s)

2021-11-11 09:40:57 - [MESSAGE][INFO] - Smart Wait Function is triggered

2021-11-11 09:40:57 - [MESSAGE][INFO] - Found 1 web elements with id: 'Object Repository/Sayfalar/Giris_Sayfasi/Firma_Kodu' located by 'By.xpath: //*[@id = 'AccountName']' in '30' second(s)

2021-11-11 09:40:57 - [MESSAGE][PASSED] - Keys 'ELOGO6' sent to object: 'Object Repository/Sayfalar/Giris_Sayfasi/Firma_Kodu'

2021-11-11 09:40:57 - [TEST_STEP][PASSED] - sendKeys(findTestObject("Sayfalar/Giris_Sayfasi/Sifre"), Sifre): Keys '123456' sent to object: 'Object Repository/Sayfalar/Giris_Sayfasi/Sifre'

2021-11-11 09:40:57 - [MESSAGE][INFO] - Finding Test Object 'Object Repository/Sayfalar/Giris_Sayfasi/Sifre'

2021-11-11 09:40:57 - [MESSAGE][INFO] - Sending keys '123456' to object: 'Object Repository/Sayfalar/Giris_Sayfasi/Sifre'

2021-11-11 09:40:57 - [MESSAGE][INFO] - Finding web element from Test Object's properties

2021-11-11 09:40:57 - [MESSAGE][INFO] - Checking timeout

2021-11-11 09:40:57 - [MESSAGE][INFO] - Finding web element with id: 'Object Repository/Sayfalar/Giris_Sayfasi/Sifre' located by 'By.xpath: //*[@id = 'Password']' in '30' second(s)

2021-11-11 09:40:57 - [MESSAGE][INFO] - Smart Wait Function is triggered

2021-11-11 09:40:57 - [MESSAGE][INFO] - Found 1 web elements with id: 'Object Repository/Sayfalar/Giris_Sayfasi/Sifre' located by 'By.xpath: //*[@id = 'Password']' in '30' second(s)

2021-11-11 09:40:58 - [MESSAGE][PASSED] - Keys '123456' sent to object: 'Object Repository/Sayfalar/Giris_Sayfasi/Sifre'

2021-11-11 09:40:58 - [TEST_STEP][PASSED] - findWebElement(findTestObject("Sayfalar/Giris_Sayfasi/Giris_Butonu")).click(): Found 1 web elements with id: 'Object Repository/Sayfalar/Giris_Sayfasi/Giris_Butonu' located by 'By.cssSelector: #btnLogin' in '30' second(s)

2021-11-11 09:40:58 - [MESSAGE][INFO] - Finding Test Object 'Object Repository/Sayfalar/Giris_Sayfasi/Giris_Butonu'

2021-11-11 09:40:58 - [MESSAGE][INFO] - Finding web element from Test Object's properties

2021-11-11 09:40:58 - [MESSAGE][INFO] - Checking timeout

2021-11-11 09:40:58 - [MESSAGE][INFO] - Finding web element with id: 'Object Repository/Sayfalar/Giris_Sayfasi/Giris_Butonu' located by 'By.cssSelector: #btnLogin' in '30' second(s)

2021-11-11 09:40:58 - [MESSAGE][INFO] - Smart Wait Function is triggered

2021-11-11 09:40:58 - [MESSAGE][INFO] - Found 1 web elements with id: 'Object Repository/Sayfalar/Giris_Sayfasi/Giris_Butonu' located by 'By.cssSelector: #btnLogin' in '30' second(s)

2021-11-11 09:41:00 - [TEST_STEP][PASSED] - if (verifyElementPresent(findTestObject("Object Repository/Sayfalar/Giris_Sayfasi/RetveTamam_Butonu"), 5, OPTIONAL)): null

2021-11-11 09:41:00 - [MESSAGE][INFO] - Finding Test Object 'Object Repository/Sayfalar/Giris_Sayfasi/RetveTamam_Butonu'

2021-11-11 09:41:00 - [MESSAGE][INFO] - Checking object

2021-11-11 09:41:00 - [MESSAGE][INFO] - Finding web element from Test Object's properties

2021-11-11 09:41:00 - [MESSAGE][INFO] - Checking timeout

2021-11-11 09:41:00 - [MESSAGE][INFO] - Finding web element with id: 'Object Repository/Sayfalar/Giris_Sayfasi/RetveTamam_Butonu' located by 'By.xpath: //*[@class = 'btn btn-default']' in '5' second(s)

2021-11-11 09:41:00 - [MESSAGE][INFO] - Smart Wait Function is triggered

2021-11-11 09:41:01 - [MESSAGE][INFO] - Found 1 web elements with id: 'Object Repository/Sayfalar/Giris_Sayfasi/RetveTamam_Butonu' located by 'By.xpath: //*[@class = 'btn btn-default']' in '5' second(s)

2021-11-11 09:41:01 - [MESSAGE][PASSED] - Object 'Object Repository/Sayfalar/Giris_Sayfasi/RetveTamam_Butonu' is present

2021-11-11 09:41:01 - [TEST_STEP][PASSED] - click(findTestObject("Object Repository/Sayfalar/Giris_Sayfasi/RetveTamam_Butonu")): Object: 'Object Repository/Sayfalar/Giris_Sayfasi/RetveTamam_Butonu' is clicked on

2021-11-11 09:41:01 - [MESSAGE][INFO] - Finding Test Object 'Object Repository/Sayfalar/Giris_Sayfasi/RetveTamam_Butonu'

2021-11-11 09:41:01 - [MESSAGE][INFO] - Checking object

2021-11-11 09:41:01 - [MESSAGE][INFO] - Finding web element from Test Object's properties

2021-11-11 09:41:01 - [MESSAGE][INFO] - Checking timeout

2021-11-11 09:41:01 - [MESSAGE][INFO] - Finding web element with id: 'Object Repository/Sayfalar/Giris_Sayfasi/RetveTamam_Butonu' located by 'By.xpath: //*[@class = 'btn btn-default']' in '30' second(s)

2021-11-11 09:41:01 - [MESSAGE][INFO] - Smart Wait Function is triggered

2021-11-11 09:41:01 - [MESSAGE][INFO] - Found 1 web elements with id: 'Object Repository/Sayfalar/Giris_Sayfasi/RetveTamam_Butonu' located by 'By.xpath: //*[@class = 'btn btn-default']' in '30' second(s)

2021-11-11 09:41:01 - [MESSAGE][INFO] - Clicking on object: 'Object Repository/Sayfalar/Giris_Sayfasi/RetveTamam_Butonu'

2021-11-11 09:41:01 - [MESSAGE][PASSED] - Object: 'Object Repository/Sayfalar/Giris_Sayfasi/RetveTamam_Butonu' is clicked on

2021-11-11 09:41:01 - [TEST_STEP][PASSED] - click(findTestObject("Object Repository/Sayfalar/Giris_Sayfasi/RetveTamam_Butonu")): Object: 'Object Repository/Sayfalar/Giris_Sayfasi/RetveTamam_Butonu' is clicked on

2021-11-11 09:41:01 - [MESSAGE][INFO] - Finding Test Object 'Object Repository/Sayfalar/Giris_Sayfasi/RetveTamam_Butonu'

2021-11-11 09:41:01 - [MESSAGE][INFO] - Checking object

2021-11-11 09:41:01 - [MESSAGE][INFO] - Finding web element from Test Object's properties

2021-11-11 09:41:01 - [MESSAGE][INFO] - Checking timeout

2021-11-11 09:41:01 - [MESSAGE][INFO] - Finding web element with id: 'Object Repository/Sayfalar/Giris_Sayfasi/RetveTamam_Butonu' located by 'By.xpath: //*[@class = 'btn btn-default']' in '30' second(s)

2021-11-11 09:41:01 - [MESSAGE][INFO] - Smart Wait Function is triggered

2021-11-11 09:41:04 - [MESSAGE][INFO] - Found 1 web elements with id: 'Object Repository/Sayfalar/Giris_Sayfasi/RetveTamam_Butonu' located by 'By.xpath: //*[@class = 'btn btn-default']' in '30' second(s)

2021-11-11 09:41:04 - [MESSAGE][INFO] - Clicking on object: 'Object Repository/Sayfalar/Giris_Sayfasi/RetveTamam_Butonu'

2021-11-11 09:41:04 - [MESSAGE][PASSED] - Object: 'Object Repository/Sayfalar/Giris_Sayfasi/RetveTamam_Butonu' is clicked on

2021-11-11 09:41:04 - [TEST_STEP][PASSED] - if (verifyElementPresent(findTestObject("Sayfalar/Giris_Sayfasi/PopupOK"), 5, OPTIONAL)): null

2021-11-11 09:41:04 - [MESSAGE][INFO] - Finding Test Object 'Object Repository/Sayfalar/Giris_Sayfasi/PopupOK'

2021-11-11 09:41:04 - [MESSAGE][INFO] - Checking object

2021-11-11 09:41:04 - [MESSAGE][INFO] - Finding web element from Test Object's properties

2021-11-11 09:41:04 - [MESSAGE][INFO] - Checking timeout

2021-11-11 09:41:04 - [MESSAGE][INFO] - Finding web element with id: 'Object Repository/Sayfalar/Giris_Sayfasi/PopupOK' located by 'By.cssSelector: .btn.btn-success' in '5' second(s)

2021-11-11 09:41:04 - [MESSAGE][INFO] - Smart Wait Function is triggered

2021-11-11 09:41:05 - [MESSAGE][INFO] - Found 1 web elements with id: 'Object Repository/Sayfalar/Giris_Sayfasi/PopupOK' located by 'By.cssSelector: .btn.btn-success' in '5' second(s)

2021-11-11 09:41:05 - [MESSAGE][PASSED] - Object 'Object Repository/Sayfalar/Giris_Sayfasi/PopupOK' is present

2021-11-11 09:41:05 - [TEST_STEP][PASSED] - click(findTestObject("Object Repository/Sayfalar/Giris_Sayfasi/PopupCarpiGiris")): Object: 'Object Repository/Sayfalar/Giris_Sayfasi/PopupCarpiGiris' is clicked on

2021-11-11 09:41:05 - [MESSAGE][INFO] - Finding Test Object 'Object Repository/Sayfalar/Giris_Sayfasi/PopupCarpiGiris'

2021-11-11 09:41:05 - [MESSAGE][INFO] - Checking object

2021-11-11 09:41:05 - [MESSAGE][INFO] - Finding web element from Test Object's properties

2021-11-11 09:41:05 - [MESSAGE][INFO] - Checking timeout

2021-11-11 09:41:05 - [MESSAGE][INFO] - Finding web element with id: 'Object Repository/Sayfalar/Giris_Sayfasi/PopupCarpiGiris' located by 'By.cssSelector: .bootbox-close-button.close' in '30' second(s)

2021-11-11 09:41:05 - [MESSAGE][INFO] - Smart Wait Function is triggered

2021-11-11 09:41:05 - [MESSAGE][INFO] - Found 1 web elements with id: 'Object Repository/Sayfalar/Giris_Sayfasi/PopupCarpiGiris' located by 'By.cssSelector: .bootbox-close-button.close' in '30' second(s)

2021-11-11 09:41:05 - [MESSAGE][INFO] - Clicking on object: 'Object Repository/Sayfalar/Giris_Sayfasi/PopupCarpiGiris'

2021-11-11 09:41:05 - [MESSAGE][PASSED] - Object: 'Object Repository/Sayfalar/Giris_Sayfasi/PopupCarpiGiris' is clicked on

2021-11-11 09:41:05 - [TEST_STEP][PASSED] - verifyElementVisible(findTestObject("Object Repository/Kullanici_Islemleri/KullaniciIslemleri")): Object 'Object Repository/Kullanici_Islemleri/KullaniciIslemleri' is visible

2021-11-11 09:41:05 - [MESSAGE][INFO] - Finding Test Object 'Object Repository/Kullanici_Islemleri/KullaniciIslemleri'

2021-11-11 09:41:06 - [MESSAGE][INFO] - Checking object

2021-11-11 09:41:06 - [MESSAGE][INFO] - Finding web element from Test Object's properties

2021-11-11 09:41:06 - [MESSAGE][INFO] - Checking timeout

2021-11-11 09:41:06 - [MESSAGE][INFO] - Finding web element with id: 'Object Repository/Kullanici_Islemleri/KullaniciIslemleri' located by 'By.cssSelector: .dropdown>a>img' in '30' second(s)

2021-11-11 09:41:06 - [MESSAGE][INFO] - Smart Wait Function is triggered

2021-11-11 09:41:06 - [MESSAGE][INFO] - Found 1 web elements with id: 'Object Repository/Kullanici_Islemleri/KullaniciIslemleri' located by 'By.cssSelector: .dropdown>a>img' in '30' second(s)

2021-11-11 09:41:06 - [MESSAGE][PASSED] - Object 'Object Repository/Kullanici_Islemleri/KullaniciIslemleri' is visible

2021-11-11 09:41:06 - [MESSAGE][PASSED] - Call Test Case 'Test Cases/Sayfalar/Giris_Sayfasi/Login' successfully

2021-11-11 09:41:06 - [MESSAGE][INFO] - Checking called Test Case

2021-11-11 09:41:06 - [MESSAGE][INFO] - Starting to call Test Case 'Test Cases/Menu/AnaMenuSecimi'

2021-11-11 09:41:06 - [TEST_CASE][PASSED] - Test Cases/Menu/AnaMenuSecimi: Test Cases/Menu/AnaMenuSecimi

2021-11-11 09:41:06 - [TEST_STEP][PASSED] - Method.TextDegerineEsitElementeTikla(findTestObject("Menu/Ana_Menu"), Ana_Menu): Method.TextDegerineEsitElementeTikla is PASSED

2021-11-11 09:41:06 - [MESSAGE][INFO] - Finding Test Object 'Object Repository/Menu/Ana_Menu'

2021-11-11 09:41:06 - [MESSAGE][INFO] - Checking timeout

2021-11-11 09:41:06 - [MESSAGE][INFO] - Finding web element with id: 'Object Repository/Menu/Ana_Menu' located by 'By.xpath: //*[@class = 'dropdown-toggle']' in '10' second(s)

2021-11-11 09:41:06 - [MESSAGE][INFO] - Smart Wait Function is triggered

2021-11-11 09:41:07 - [MESSAGE][INFO] - Found 14 web elements with id: 'Object Repository/Menu/Ana_Menu' located by 'By.xpath: //*[@class = 'dropdown-toggle']' in '10' second(s)

2021-11-11 09:41:07 - [MESSAGE][PASSED] - Method.TextDegerineEsitElementeTikla is PASSED

2021-11-11 09:41:07 - [MESSAGE][PASSED] - Call Test Case 'Test Cases/Menu/AnaMenuSecimi' successfully

2021-11-11 09:41:07 - [MESSAGE][INFO] - Checking called Test Case

2021-11-11 09:41:07 - [MESSAGE][INFO] - Starting to call Test Case 'Test Cases/Menu/BasligaGoreAltMenuSecimi'

2021-11-11 09:41:07 - [TEST_CASE][PASSED] - Test Cases/Menu/BasligaGoreAltMenuSecimi: Test Cases/Menu/BasligaGoreAltMenuSecimi

2021-11-11 09:41:07 - [TEST_STEP][PASSED] - Method.TextDegerineEsitElementinAltindakiTextDegerineEsitOlanaTikla(findTestObject("Menu/Menu_Basligi"), findTestObject("Menu/Basliga_Gore_Alt_Menu"), Baslik, Alt_Menu): Method.TextDegerineEsitElementinAltindakiTextDegerineEsitOlanaTikla is PASSED

2021-11-11 09:41:07 - [MESSAGE][INFO] - Finding Test Object 'Object Repository/Menu/Menu_Basligi'

2021-11-11 09:41:07 - [MESSAGE][INFO] - Finding Test Object 'Object Repository/Menu/Basliga_Gore_Alt_Menu'

2021-11-11 09:41:07 - [MESSAGE][INFO] - Checking timeout

2021-11-11 09:41:07 - [MESSAGE][INFO] - Finding web element with id: 'Object Repository/Menu/Menu_Basligi' located by 'By.xpath: //li[@class='dropdown dropdown-large open']//li[@class='dropdown-header']' in '10' second(s)

2021-11-11 09:41:07 - [MESSAGE][INFO] - Smart Wait Function is triggered

2021-11-11 09:41:07 - [MESSAGE][INFO] - Found 3 web elements with id: 'Object Repository/Menu/Menu_Basligi' located by 'By.xpath: //li[@class='dropdown dropdown-large open']//li[@class='dropdown-header']' in '10' second(s)

2021-11-11 09:41:07 - [MESSAGE][INFO] - Smart Wait Function is triggered

2021-11-11 09:41:12 - [MESSAGE][PASSED] - Method.TextDegerineEsitElementinAltindakiTextDegerineEsitOlanaTikla is PASSED

2021-11-11 09:41:12 - [MESSAGE][PASSED] - Call Test Case 'Test Cases/Menu/BasligaGoreAltMenuSecimi' successfully

2021-11-11 09:41:12 - [MESSAGE][INFO] - Checking called Test Case

2021-11-11 09:41:12 - [MESSAGE][INFO] - Starting to call Test Case 'Test Cases/Filtreler/BaslangicYaz'

2021-11-11 09:41:12 - [TEST_CASE][PASSED] - Test Cases/Filtreler/BaslangicYaz: Test Cases/Filtreler/BaslangicYaz

2021-11-11 09:41:12 - [TEST_STEP][PASSED] - Method.TextDegerineEsitElementinAltindakineTikla(findTestObject("Filtreler/Basliklar"), findTestObject("Filtreler/Basliga_Gore_Baslangic_Image"), Filtre_Adi): Method.TextDegerineEsitElementinAltindakineTikla is PASSED

2021-11-11 09:41:12 - [MESSAGE][INFO] - Finding Test Object 'Object Repository/Filtreler/Basliklar'

2021-11-11 09:41:12 - [MESSAGE][INFO] - Finding Test Object 'Object Repository/Filtreler/Basliga_Gore_Baslangic_Image'

2021-11-11 09:41:12 - [MESSAGE][INFO] - Checking timeout

2021-11-11 09:41:12 - [MESSAGE][INFO] - Finding web element with id: 'Object Repository/Filtreler/Basliklar' located by 'By.cssSelector: .control-label.col-sm-4.paddingMarginRLC' in '10' second(s)

2021-11-11 09:41:12 - [MESSAGE][INFO] - Smart Wait Function is triggered

2021-11-11 09:41:12 - [MESSAGE][INFO] - Found 13 web elements with id: 'Object Repository/Filtreler/Basliklar' located by 'By.cssSelector: .control-label.col-sm-4.paddingMarginRLC' in '10' second(s)

2021-11-11 09:41:12 - [MESSAGE][INFO] - Smart Wait Function is triggered

2021-11-11 09:41:13 - [MESSAGE][PASSED] - Method.TextDegerineEsitElementinAltindakineTikla is PASSED

2021-11-11 09:41:13 - [TEST_STEP][PASSED] - Method.TextDegerineEsitElementinAltindakiTextboxtaYaz(findTestObject("Filtreler/Basliklar"), findTestObject("Filtreler/Basliga_Gore_Baslangic"), Filtre_Adi, Filtre_Degeri): Method.TextDegerineEsitElementinAltindakiTextboxtaYaz is PASSED

2021-11-11 09:41:13 - [MESSAGE][INFO] - Finding Test Object 'Object Repository/Filtreler/Basliklar'

2021-11-11 09:41:13 - [MESSAGE][INFO] - Finding Test Object 'Object Repository/Filtreler/Basliga_Gore_Baslangic'

2021-11-11 09:41:13 - [MESSAGE][INFO] - Checking timeout

2021-11-11 09:41:13 - [MESSAGE][INFO] - Finding web element with id: 'Object Repository/Filtreler/Basliklar' located by 'By.cssSelector: .control-label.col-sm-4.paddingMarginRLC' in '10' second(s)

2021-11-11 09:41:13 - [MESSAGE][INFO] - Smart Wait Function is triggered

2021-11-11 09:41:13 - [MESSAGE][INFO] - Found 13 web elements with id: 'Object Repository/Filtreler/Basliklar' located by 'By.cssSelector: .control-label.col-sm-4.paddingMarginRLC' in '10' second(s)

2021-11-11 09:41:13 - [MESSAGE][INFO] - Smart Wait Function is triggered

2021-11-11 09:41:14 - [MESSAGE][PASSED] - Method.TextDegerineEsitElementinAltindakiTextboxtaYaz is PASSED

2021-11-11 09:41:14 - [MESSAGE][PASSED] - Call Test Case 'Test Cases/Filtreler/BaslangicYaz' successfully

2021-11-11 09:41:14 - [MESSAGE][INFO] - Checking called Test Case

2021-11-11 09:41:14 - [MESSAGE][INFO] - Starting to call Test Case 'Test Cases/Filtreler/BitisYaz'

2021-11-11 09:41:14 - [TEST_CASE][PASSED] - Test Cases/Filtreler/BitisYaz: Test Cases/Filtreler/BitisYaz

2021-11-11 09:41:14 - [TEST_STEP][PASSED] - Method.TextDegerineEsitElementinAltindakineTikla(findTestObject("Filtreler/Basliklar"), findTestObject("Filtreler/Basliga_Gore_Bitis_Image"), Filtre_Adi): Method.TextDegerineEsitElementinAltindakineTikla is PASSED

2021-11-11 09:41:14 - [MESSAGE][INFO] - Finding Test Object 'Object Repository/Filtreler/Basliklar'

2021-11-11 09:41:14 - [MESSAGE][INFO] - Finding Test Object 'Object Repository/Filtreler/Basliga_Gore_Bitis_Image'

2021-11-11 09:41:14 - [MESSAGE][INFO] - Checking timeout

2021-11-11 09:41:14 - [MESSAGE][INFO] - Finding web element with id: 'Object Repository/Filtreler/Basliklar' located by 'By.cssSelector: .control-label.col-sm-4.paddingMarginRLC' in '10' second(s)

2021-11-11 09:41:14 - [MESSAGE][INFO] - Smart Wait Function is triggered

2021-11-11 09:41:14 - [MESSAGE][INFO] - Found 13 web elements with id: 'Object Repository/Filtreler/Basliklar' located by 'By.cssSelector: .control-label.col-sm-4.paddingMarginRLC' in '10' second(s)

2021-11-11 09:41:14 - [MESSAGE][INFO] - Smart Wait Function is triggered

2021-11-11 09:41:15 - [MESSAGE][PASSED] - Method.TextDegerineEsitElementinAltindakineTikla is PASSED

2021-11-11 09:41:15 - [TEST_STEP][PASSED] - Method.TextDegerineEsitElementinAltindakiTextboxtaYaz(findTestObject("Filtreler/Basliklar"), findTestObject("Object Repository/Filtreler/Basliga_Gore_Bitis"), Filtre_Adi, Filtre_Degeri): Method.TextDegerineEsitElementinAltindakiTextboxtaYaz is PASSED

2021-11-11 09:41:15 - [MESSAGE][INFO] - Finding Test Object 'Object Repository/Filtreler/Basliklar'

2021-11-11 09:41:15 - [MESSAGE][INFO] - Finding Test Object 'Object Repository/Filtreler/Basliga_Gore_Bitis'

2021-11-11 09:41:15 - [MESSAGE][INFO] - Checking timeout

2021-11-11 09:41:15 - [MESSAGE][INFO] - Finding web element with id: 'Object Repository/Filtreler/Basliklar' located by 'By.cssSelector: .control-label.col-sm-4.paddingMarginRLC' in '10' second(s)

2021-11-11 09:41:15 - [MESSAGE][INFO] - Smart Wait Function is triggered

2021-11-11 09:41:15 - [MESSAGE][INFO] - Found 13 web elements with id: 'Object Repository/Filtreler/Basliklar' located by 'By.cssSelector: .control-label.col-sm-4.paddingMarginRLC' in '10' second(s)

2021-11-11 09:41:15 - [MESSAGE][INFO] - Smart Wait Function is triggered

2021-11-11 09:41:16 - [MESSAGE][PASSED] - Method.TextDegerineEsitElementinAltindakiTextboxtaYaz is PASSED

2021-11-11 09:41:16 - [MESSAGE][PASSED] - Call Test Case 'Test Cases/Filtreler/BitisYaz' successfully

2021-11-11 09:41:16 - [MESSAGE][INFO] - Checking called Test Case

2021-11-11 09:41:16 - [MESSAGE][INFO] - Starting to call Test Case 'Test Cases/Filtreler/ButonaTikla'

2021-11-11 09:41:16 - [TEST_CASE][PASSED] - Test Cases/Filtreler/ButonaTikla: Test Cases/Filtreler/ButonaTikla

2021-11-11 09:41:16 - [TEST_STEP][PASSED] - Method.TextDegerineEsitElementeTikla(findTestObject("Filtreler/Butonlar"), Filtre_Buton): Method.TextDegerineEsitElementeTikla is PASSED

2021-11-11 09:41:16 - [MESSAGE][INFO] - Finding Test Object 'Object Repository/Filtreler/Butonlar'

2021-11-11 09:41:16 - [MESSAGE][INFO] - Checking timeout

2021-11-11 09:41:16 - [MESSAGE][INFO] - Finding web element with id: 'Object Repository/Filtreler/Butonlar' located by 'By.cssSelector: .dxb>span' in '10' second(s)

2021-11-11 09:41:16 - [MESSAGE][INFO] - Smart Wait Function is triggered

2021-11-11 09:41:16 - [MESSAGE][INFO] - Found 3 web elements with id: 'Object Repository/Filtreler/Butonlar' located by 'By.cssSelector: .dxb>span' in '10' second(s)

2021-11-11 09:41:16 - [MESSAGE][PASSED] - Method.TextDegerineEsitElementeTikla is PASSED

2021-11-11 09:41:16 - [MESSAGE][PASSED] - Call Test Case 'Test Cases/Filtreler/ButonaTikla' successfully

2021-11-11 09:41:16 - [MESSAGE][INFO] - Checking called Test Case

2021-11-11 09:41:16 - [MESSAGE][INFO] - Starting to call Test Case 'Test Cases/Tablo/TablodaVeriVarMi'

2021-11-11 09:41:16 - [TEST_CASE][PASSED] - Test Cases/Tablo/TablodaVeriVarMi: Test Cases/Tablo/TablodaVeriVarMi

2021-11-11 09:41:16 - [TEST_STEP][PASSED] - verifyTextNotPresent("Görüntülenecek veri yok", true): Text 'Görüntülenecek veri yok' is not present on page using regular expression

2021-11-11 09:41:16 - [MESSAGE][INFO] - Checking text present  using regular expression

2021-11-11 09:41:16 - [MESSAGE][INFO] - Smart Wait Function is triggered

2021-11-11 09:41:17 - [MESSAGE][INFO] - Finding text 'Görüntülenecek veri yok' on page  using regular expression

2021-11-11 09:41:17 - [MESSAGE][PASSED] - Text 'Görüntülenecek veri yok' is not present on page using regular expression

2021-11-11 09:41:17 - [MESSAGE][PASSED] - Call Test Case 'Test Cases/Tablo/TablodaVeriVarMi' successfully

2021-11-11 09:41:17 - [MESSAGE][INFO] - Checking called Test Case

2021-11-11 09:41:17 - [MESSAGE][INFO] - Starting to call Test Case 'Test Cases/Tablo/TablodanVeriSec'

2021-11-11 09:41:18 - [TEST_CASE][PASSED] - Test Cases/Tablo/TablodanVeriSec: Test Cases/Tablo/TablodanVeriSec

2021-11-11 09:41:18 - [TEST_STEP][PASSED] - Method.TextDegerineEsitElementinAltindakineTikla(findTestObject("Tablo/Veriler"), findTestObject("Tablo/VerininCheckBoxi"), Veri_Adi): Method.TextDegerineEsitElementinAltindakineTikla is PASSED

2021-11-11 09:41:18 - [MESSAGE][INFO] - Finding Test Object 'Object Repository/Tablo/Veriler'

2021-11-11 09:41:18 - [MESSAGE][INFO] - Finding Test Object 'Object Repository/Tablo/VerininCheckBoxi'

2021-11-11 09:41:18 - [MESSAGE][INFO] - Checking timeout

2021-11-11 09:41:18 - [MESSAGE][INFO] - Finding web element with id: 'Object Repository/Tablo/Veriler' located by 'By.cssSelector: td.dxgv b ,td.dxgv' in '10' second(s)

2021-11-11 09:41:18 - [MESSAGE][INFO] - Smart Wait Function is triggered

2021-11-11 09:41:18 - [MESSAGE][INFO] - Found 90 web elements with id: 'Object Repository/Tablo/Veriler' located by 'By.cssSelector: td.dxgv b ,td.dxgv' in '10' second(s)

2021-11-11 09:41:18 - [MESSAGE][INFO] - Smart Wait Function is triggered

2021-11-11 09:41:18 - [MESSAGE][PASSED] - Method.TextDegerineEsitElementinAltindakineTikla is PASSED

2021-11-11 09:41:18 - [MESSAGE][PASSED] - Call Test Case 'Test Cases/Tablo/TablodanVeriSec' successfully

2021-11-11 09:41:18 - [MESSAGE][INFO] - Checking called Test Case

2021-11-11 09:41:18 - [MESSAGE][INFO] - Starting to call Test Case 'Test Cases/Butonlar/ButonaTikla'

2021-11-11 09:41:18 - [TEST_CASE][PASSED] - Test Cases/Butonlar/ButonaTikla: Test Cases/Butonlar/ButonaTikla

2021-11-11 09:41:18 - [TEST_STEP][PASSED] - Method.TextDegerineEsitElementeTiklaEquals(findTestObject("Butonlar/Butonlar"), Buton_Adi): Method.TextDegerineEsitElementeTiklaEquals is PASSED

2021-11-11 09:41:18 - [MESSAGE][INFO] - Finding Test Object 'Object Repository/Butonlar/Butonlar'

2021-11-11 09:41:18 - [MESSAGE][INFO] - Checking timeout

2021-11-11 09:41:18 - [MESSAGE][INFO] - Finding web element with id: 'Object Repository/Butonlar/Butonlar' located by 'By.cssSelector: .panel.panel-default.text-center.footerPanel .btn,.btn.btn-primary.btnControls' in '10' second(s)

2021-11-11 09:41:18 - [MESSAGE][INFO] - Smart Wait Function is triggered

2021-11-11 09:41:19 - [MESSAGE][INFO] - Found 6 web elements with id: 'Object Repository/Butonlar/Butonlar' located by 'By.cssSelector: .panel.panel-default.text-center.footerPanel .btn,.btn.btn-primary.btnControls' in '10' second(s)

2021-11-11 09:41:19 - [MESSAGE][PASSED] - Method.TextDegerineEsitElementeTiklaEquals is PASSED

2021-11-11 09:41:19 - [MESSAGE][PASSED] - Call Test Case 'Test Cases/Butonlar/ButonaTikla' successfully

2021-11-11 09:41:19 - [MESSAGE][INFO] - Checking called Test Case

2021-11-11 09:41:19 - [MESSAGE][INFO] - Starting to call Test Case 'Test Cases/Butonlar/AltButonaTikla'

2021-11-11 09:41:19 - [TEST_CASE][PASSED] - Test Cases/Butonlar/AltButonaTikla: Test Cases/Butonlar/AltButonaTikla

2021-11-11 09:41:19 - [TEST_STEP][PASSED] - Method.TextDegerineEsitElementeTikla(findTestObject("Butonlar/AltButonlar"), Alt_Buton): Method.TextDegerineEsitElementeTikla is PASSED

2021-11-11 09:41:19 - [MESSAGE][INFO] - Finding Test Object 'Object Repository/Butonlar/AltButonlar'

2021-11-11 09:41:19 - [MESSAGE][INFO] - Checking timeout

2021-11-11 09:41:19 - [MESSAGE][INFO] - Finding web element with id: 'Object Repository/Butonlar/AltButonlar' located by 'By.cssSelector: .btn-group.open li>a' in '10' second(s)

2021-11-11 09:41:19 - [MESSAGE][INFO] - Smart Wait Function is triggered

2021-11-11 09:41:19 - [MESSAGE][INFO] - Found 2 web elements with id: 'Object Repository/Butonlar/AltButonlar' located by 'By.cssSelector: .btn-group.open li>a' in '10' second(s)

2021-11-11 09:41:19 - [MESSAGE][PASSED] - Method.TextDegerineEsitElementeTikla is PASSED

2021-11-11 09:41:19 - [MESSAGE][PASSED] - Call Test Case 'Test Cases/Butonlar/AltButonaTikla' successfully

2021-11-11 09:41:19 - [MESSAGE][INFO] - Checking called Test Case

2021-11-11 09:41:19 - [MESSAGE][INFO] - Starting to call Test Case 'Test Cases/Popup/PopupMesajiIceriyorMu'

2021-11-11 09:41:20 - [TEST_CASE][PASSED] - Test Cases/Popup/PopupMesajiIceriyorMu: Test Cases/Popup/PopupMesajiIceriyorMu

2021-11-11 09:41:20 - [TEST_STEP][PASSED] - waitForElementVisible(findTestObject("Popup/Popup"), 10): Object 'Object Repository/Popup/Popup' is visible

2021-11-11 09:41:20 - [MESSAGE][INFO] - Finding Test Object 'Object Repository/Popup/Popup'

2021-11-11 09:41:20 - [MESSAGE][INFO] - Checking object

2021-11-11 09:41:20 - [MESSAGE][INFO] - Checking timeout

2021-11-11 09:41:20 - [MESSAGE][INFO] - Finding web element from Test Object's properties

2021-11-11 09:41:20 - [MESSAGE][INFO] - Checking timeout

2021-11-11 09:41:20 - [MESSAGE][INFO] - Finding web element with id: 'Object Repository/Popup/Popup' located by 'By.cssSelector: .bootbox-body' in '10' second(s)

2021-11-11 09:41:20 - [MESSAGE][INFO] - Smart Wait Function is triggered

2021-11-11 09:41:20 - [MESSAGE][INFO] - Found 1 web elements with id: 'Object Repository/Popup/Popup' located by 'By.cssSelector: .bootbox-body' in '10' second(s)

2021-11-11 09:41:20 - [MESSAGE][PASSED] - Object 'Object Repository/Popup/Popup' is visible

2021-11-11 09:41:20 - [TEST_STEP][PASSED] - if (!(getText(findTestObject("Popup/Popup")).contains(Mesaj))): Text of object 'Object Repository/Popup/Popup' is: 'Lütfen rapor bildiriminin gönderileceği e-posta adresini belirtiniz.
e-Posta Adresi'

2021-11-11 09:41:20 - [MESSAGE][INFO] - Finding Test Object 'Object Repository/Popup/Popup'

2021-11-11 09:41:21 - [MESSAGE][INFO] - Checking object

2021-11-11 09:41:21 - [MESSAGE][INFO] - Finding web element from Test Object's properties

2021-11-11 09:41:21 - [MESSAGE][INFO] - Checking timeout

2021-11-11 09:41:21 - [MESSAGE][INFO] - Finding web element with id: 'Object Repository/Popup/Popup' located by 'By.cssSelector: .bootbox-body' in '30' second(s)

2021-11-11 09:41:21 - [MESSAGE][INFO] - Smart Wait Function is triggered

2021-11-11 09:41:21 - [MESSAGE][INFO] - Found 1 web elements with id: 'Object Repository/Popup/Popup' located by 'By.cssSelector: .bootbox-body' in '30' second(s)

2021-11-11 09:41:21 - [MESSAGE][INFO] - Getting text of object 'Object Repository/Popup/Popup'

2021-11-11 09:41:21 - [MESSAGE][PASSED] - Text of object 'Object Repository/Popup/Popup' is: 'Lütfen rapor bildiriminin gönderileceği e-posta adresini belirtiniz.
e-Posta Adresi'

2021-11-11 09:41:21 - [TEST_STEP][PASSED] - RaporNo = getText(findTestObject("Popup/Popup")).substring(0, 6): Text of object 'Object Repository/Popup/Popup' is: 'Lütfen rapor bildiriminin gönderileceği e-posta adresini belirtiniz.
e-Posta Adresi'

2021-11-11 09:41:21 - [MESSAGE][INFO] - Finding Test Object 'Object Repository/Popup/Popup'

2021-11-11 09:41:21 - [MESSAGE][INFO] - Checking object

2021-11-11 09:41:21 - [MESSAGE][INFO] - Finding web element from Test Object's properties

2021-11-11 09:41:21 - [MESSAGE][INFO] - Checking timeout

2021-11-11 09:41:21 - [MESSAGE][INFO] - Finding web element with id: 'Object Repository/Popup/Popup' located by 'By.cssSelector: .bootbox-body' in '30' second(s)

2021-11-11 09:41:21 - [MESSAGE][INFO] - Smart Wait Function is triggered

2021-11-11 09:41:21 - [MESSAGE][INFO] - Found 1 web elements with id: 'Object Repository/Popup/Popup' located by 'By.cssSelector: .bootbox-body' in '30' second(s)

2021-11-11 09:41:21 - [MESSAGE][INFO] - Getting text of object 'Object Repository/Popup/Popup'

2021-11-11 09:41:21 - [MESSAGE][PASSED] - Text of object 'Object Repository/Popup/Popup' is: 'Lütfen rapor bildiriminin gönderileceği e-posta adresini belirtiniz.
e-Posta Adresi'

2021-11-11 09:41:21 - [TEST_STEP][PASSED] - Console.println(RaporNo): null

2021-11-11 09:41:21 - [MESSAGE][PASSED] - Call Test Case 'Test Cases/Popup/PopupMesajiIceriyorMu' successfully

2021-11-11 09:41:21 - [MESSAGE][INFO] - Checking called Test Case

2021-11-11 09:41:21 - [MESSAGE][INFO] - Starting to call Test Case 'Test Cases/Popup/PopupaEmailEklenir'

2021-11-11 09:41:21 - [TEST_CASE][PASSED] - Test Cases/Popup/PopupaEmailEklenir: Test Cases/Popup/PopupaEmailEklenir

2021-11-11 09:41:21 - [TEST_STEP][PASSED] - clearText(findTestObject("Popup/EmailText")): Text of object 'Object Repository/Popup/EmailText' is cleared

2021-11-11 09:41:21 - [MESSAGE][INFO] - Finding Test Object 'Object Repository/Popup/EmailText'

2021-11-11 09:41:21 - [MESSAGE][INFO] - Checking object

2021-11-11 09:41:21 - [MESSAGE][INFO] - Finding web element from Test Object's properties

2021-11-11 09:41:21 - [MESSAGE][INFO] - Checking timeout

2021-11-11 09:41:21 - [MESSAGE][INFO] - Finding web element with id: 'Object Repository/Popup/EmailText' located by 'By.xpath: //*[@id="eMails"]' in '30' second(s)

2021-11-11 09:41:21 - [MESSAGE][INFO] - Smart Wait Function is triggered

2021-11-11 09:41:22 - [MESSAGE][INFO] - Found 1 web elements with id: 'Object Repository/Popup/EmailText' located by 'By.xpath: //*[@id="eMails"]' in '30' second(s)

2021-11-11 09:41:22 - [MESSAGE][INFO] - Clearing text of object 'Object Repository/Popup/EmailText'

2021-11-11 09:41:22 - [MESSAGE][PASSED] - Text of object 'Object Repository/Popup/EmailText' is cleared

2021-11-11 09:41:22 - [TEST_STEP][PASSED] - sendKeys(findTestObject("Popup/EmailText"), Email): Keys 'elogotest@gmail.com;ali.kara@logo.com.tr' sent to object: 'Object Repository/Popup/EmailText'

2021-11-11 09:41:22 - [MESSAGE][INFO] - Finding Test Object 'Object Repository/Popup/EmailText'

2021-11-11 09:41:22 - [MESSAGE][INFO] - Sending keys 'elogotest@gmail.com;ali.kara@logo.com.tr' to object: 'Object Repository/Popup/EmailText'

2021-11-11 09:41:22 - [MESSAGE][INFO] - Finding web element from Test Object's properties

2021-11-11 09:41:22 - [MESSAGE][INFO] - Checking timeout

2021-11-11 09:41:22 - [MESSAGE][INFO] - Finding web element with id: 'Object Repository/Popup/EmailText' located by 'By.xpath: //*[@id="eMails"]' in '30' second(s)

2021-11-11 09:41:22 - [MESSAGE][INFO] - Smart Wait Function is triggered

2021-11-11 09:41:22 - [MESSAGE][INFO] - Found 1 web elements with id: 'Object Repository/Popup/EmailText' located by 'By.xpath: //*[@id="eMails"]' in '30' second(s)

2021-11-11 09:41:22 - [MESSAGE][PASSED] - Keys 'elogotest@gmail.com;ali.kara@logo.com.tr' sent to object: 'Object Repository/Popup/EmailText'

2021-11-11 09:41:22 - [MESSAGE][PASSED] - Call Test Case 'Test Cases/Popup/PopupaEmailEklenir' successfully

2021-11-11 09:41:22 - [MESSAGE][INFO] - Checking called Test Case

2021-11-11 09:41:22 - [MESSAGE][INFO] - Starting to call Test Case 'Test Cases/Popup/PopupButonSecilir'

2021-11-11 09:41:22 - [TEST_CASE][PASSED] - Test Cases/Popup/PopupButonSecilir: Test Cases/Popup/PopupButonSecilir

2021-11-11 09:41:22 - [TEST_STEP][PASSED] - Method.TextDegerineEsitElementeTikla(findTestObject("Popup/Popup_Butons"), Buton): Method.TextDegerineEsitElementeTikla is PASSED

2021-11-11 09:41:22 - [MESSAGE][INFO] - Finding Test Object 'Object Repository/Popup/Popup_Butons'

2021-11-11 09:41:22 - [MESSAGE][INFO] - Checking timeout

2021-11-11 09:41:22 - [MESSAGE][INFO] - Finding web element with id: 'Object Repository/Popup/Popup_Butons' located by 'By.cssSelector: .modal-footer>button' in '10' second(s)

2021-11-11 09:41:22 - [MESSAGE][INFO] - Smart Wait Function is triggered

2021-11-11 09:41:22 - [MESSAGE][INFO] - Found 2 web elements with id: 'Object Repository/Popup/Popup_Butons' located by 'By.cssSelector: .modal-footer>button' in '10' second(s)

2021-11-11 09:41:23 - [MESSAGE][PASSED] - Method.TextDegerineEsitElementeTikla is PASSED

2021-11-11 09:41:23 - [MESSAGE][PASSED] - Call Test Case 'Test Cases/Popup/PopupButonSecilir' successfully

2021-11-11 09:41:23 - [MESSAGE][INFO] - Checking called Test Case

2021-11-11 09:41:23 - [MESSAGE][INFO] - Starting to call Test Case 'Test Cases/Popup/PopupMesajiIceriyorMu'

2021-11-11 09:41:23 - [TEST_CASE][PASSED] - Test Cases/Popup/PopupMesajiIceriyorMu: Test Cases/Popup/PopupMesajiIceriyorMu

2021-11-11 09:41:23 - [TEST_STEP][PASSED] - waitForElementVisible(findTestObject("Popup/Popup"), 10): Object 'Object Repository/Popup/Popup' is visible

2021-11-11 09:41:23 - [MESSAGE][INFO] - Finding Test Object 'Object Repository/Popup/Popup'

2021-11-11 09:41:23 - [MESSAGE][INFO] - Checking object

2021-11-11 09:41:23 - [MESSAGE][INFO] - Checking timeout

2021-11-11 09:41:23 - [MESSAGE][INFO] - Finding web element from Test Object's properties

2021-11-11 09:41:23 - [MESSAGE][INFO] - Checking timeout

2021-11-11 09:41:23 - [MESSAGE][INFO] - Finding web element with id: 'Object Repository/Popup/Popup' located by 'By.cssSelector: .bootbox-body' in '10' second(s)

2021-11-11 09:41:23 - [MESSAGE][INFO] - Smart Wait Function is triggered

2021-11-11 09:41:23 - [MESSAGE][INFO] - Found 1 web elements with id: 'Object Repository/Popup/Popup' located by 'By.cssSelector: .bootbox-body' in '10' second(s)

2021-11-11 09:41:23 - [MESSAGE][PASSED] - Object 'Object Repository/Popup/Popup' is visible

2021-11-11 09:41:23 - [TEST_STEP][PASSED] - if (!(getText(findTestObject("Popup/Popup")).contains(Mesaj))): Text of object 'Object Repository/Popup/Popup' is: '16265 no’lu talebiniz işleme alınmıştır. Raporunuz hazırlandığında (elogotest@gmail.com;ali.kara@logo.com.tr) adresinize mail gönderilecektir.
Rapor durumunuzu Raporlar > Toplu Veri İndirme ekranından takip edebilir, hazırlandı durumundaki raporlarınızı ilgili menüden indirebilirsiniz.'

2021-11-11 09:41:23 - [MESSAGE][INFO] - Finding Test Object 'Object Repository/Popup/Popup'

2021-11-11 09:41:24 - [MESSAGE][INFO] - Checking object

2021-11-11 09:41:24 - [MESSAGE][INFO] - Finding web element from Test Object's properties

2021-11-11 09:41:24 - [MESSAGE][INFO] - Checking timeout

2021-11-11 09:41:24 - [MESSAGE][INFO] - Finding web element with id: 'Object Repository/Popup/Popup' located by 'By.cssSelector: .bootbox-body' in '30' second(s)

2021-11-11 09:41:24 - [MESSAGE][INFO] - Smart Wait Function is triggered

2021-11-11 09:41:24 - [MESSAGE][INFO] - Found 1 web elements with id: 'Object Repository/Popup/Popup' located by 'By.cssSelector: .bootbox-body' in '30' second(s)

2021-11-11 09:41:24 - [MESSAGE][INFO] - Getting text of object 'Object Repository/Popup/Popup'

2021-11-11 09:41:24 - [MESSAGE][PASSED] - Text of object 'Object Repository/Popup/Popup' is: '16265 no’lu talebiniz işleme alınmıştır. Raporunuz hazırlandığında (elogotest@gmail.com;ali.kara@logo.com.tr) adresinize mail gönderilecektir.
Rapor durumunuzu Raporlar > Toplu Veri İndirme ekranından takip edebilir, hazırlandı durumundaki raporlarınızı ilgili menüden indirebilirsiniz.'

2021-11-11 09:41:24 - [TEST_STEP][PASSED] - RaporNo = getText(findTestObject("Popup/Popup")).substring(0, 6): Text of object 'Object Repository/Popup/Popup' is: '16265 no’lu talebiniz işleme alınmıştır. Raporunuz hazırlandığında (elogotest@gmail.com;ali.kara@logo.com.tr) adresinize mail gönderilecektir.
Rapor durumunuzu Raporlar > Toplu Veri İndirme ekranından takip edebilir, hazırlandı durumundaki raporlarınızı ilgili menüden indirebilirsiniz.'

2021-11-11 09:41:24 - [MESSAGE][INFO] - Finding Test Object 'Object Repository/Popup/Popup'

2021-11-11 09:41:24 - [MESSAGE][INFO] - Checking object

2021-11-11 09:41:24 - [MESSAGE][INFO] - Finding web element from Test Object's properties

2021-11-11 09:41:24 - [MESSAGE][INFO] - Checking timeout

2021-11-11 09:41:24 - [MESSAGE][INFO] - Finding web element with id: 'Object Repository/Popup/Popup' located by 'By.cssSelector: .bootbox-body' in '30' second(s)

2021-11-11 09:41:24 - [MESSAGE][INFO] - Smart Wait Function is triggered

2021-11-11 09:41:24 - [MESSAGE][INFO] - Found 1 web elements with id: 'Object Repository/Popup/Popup' located by 'By.cssSelector: .bootbox-body' in '30' second(s)

2021-11-11 09:41:24 - [MESSAGE][INFO] - Getting text of object 'Object Repository/Popup/Popup'

2021-11-11 09:41:24 - [MESSAGE][PASSED] - Text of object 'Object Repository/Popup/Popup' is: '16265 no’lu talebiniz işleme alınmıştır. Raporunuz hazırlandığında (elogotest@gmail.com;ali.kara@logo.com.tr) adresinize mail gönderilecektir.
Rapor durumunuzu Raporlar > Toplu Veri İndirme ekranından takip edebilir, hazırlandı durumundaki raporlarınızı ilgili menüden indirebilirsiniz.'

2021-11-11 09:41:24 - [TEST_STEP][PASSED] - Console.println(RaporNo): null

2021-11-11 09:41:24 - [MESSAGE][PASSED] - Call Test Case 'Test Cases/Popup/PopupMesajiIceriyorMu' successfully

2021-11-11 09:41:24 - [MESSAGE][INFO] - Checking called Test Case

2021-11-11 09:41:24 - [MESSAGE][INFO] - Starting to call Test Case 'Test Cases/Popup/PopupButonSecilir'

2021-11-11 09:41:24 - [TEST_CASE][PASSED] - Test Cases/Popup/PopupButonSecilir: Test Cases/Popup/PopupButonSecilir

2021-11-11 09:41:24 - [TEST_STEP][PASSED] - Method.TextDegerineEsitElementeTikla(findTestObject("Popup/Popup_Butons"), Buton): Method.TextDegerineEsitElementeTikla is PASSED

2021-11-11 09:41:24 - [MESSAGE][INFO] - Finding Test Object 'Object Repository/Popup/Popup_Butons'

2021-11-11 09:41:24 - [MESSAGE][INFO] - Checking timeout

2021-11-11 09:41:24 - [MESSAGE][INFO] - Finding web element with id: 'Object Repository/Popup/Popup_Butons' located by 'By.cssSelector: .modal-footer>button' in '10' second(s)

2021-11-11 09:41:24 - [MESSAGE][INFO] - Smart Wait Function is triggered

2021-11-11 09:41:25 - [MESSAGE][INFO] - Found 1 web elements with id: 'Object Repository/Popup/Popup_Butons' located by 'By.cssSelector: .modal-footer>button' in '10' second(s)

2021-11-11 09:41:25 - [MESSAGE][PASSED] - Method.TextDegerineEsitElementeTikla is PASSED

2021-11-11 09:41:25 - [MESSAGE][PASSED] - Call Test Case 'Test Cases/Popup/PopupButonSecilir' successfully

2021-11-11 09:41:25 - [MESSAGE][INFO] - Checking called Test Case

2021-11-11 09:41:25 - [MESSAGE][INFO] - Starting to call Test Case 'Test Cases/Butonlar/ButonaTikla'

2021-11-11 09:41:25 - [TEST_CASE][PASSED] - Test Cases/Butonlar/ButonaTikla: Test Cases/Butonlar/ButonaTikla

2021-11-11 09:41:25 - [TEST_STEP][PASSED] - Method.TextDegerineEsitElementeTiklaEquals(findTestObject("Butonlar/Butonlar"), Buton_Adi): Method.TextDegerineEsitElementeTiklaEquals is PASSED

2021-11-11 09:41:25 - [MESSAGE][INFO] - Finding Test Object 'Object Repository/Butonlar/Butonlar'

2021-11-11 09:41:25 - [MESSAGE][INFO] - Checking timeout

2021-11-11 09:41:25 - [MESSAGE][INFO] - Finding web element with id: 'Object Repository/Butonlar/Butonlar' located by 'By.cssSelector: .panel.panel-default.text-center.footerPanel .btn,.btn.btn-primary.btnControls' in '10' second(s)

2021-11-11 09:41:25 - [MESSAGE][INFO] - Smart Wait Function is triggered

2021-11-11 09:41:25 - [MESSAGE][INFO] - Found 6 web elements with id: 'Object Repository/Butonlar/Butonlar' located by 'By.cssSelector: .panel.panel-default.text-center.footerPanel .btn,.btn.btn-primary.btnControls' in '10' second(s)

2021-11-11 09:41:26 - [MESSAGE][PASSED] - Method.TextDegerineEsitElementeTiklaEquals is PASSED

2021-11-11 09:41:26 - [MESSAGE][PASSED] - Call Test Case 'Test Cases/Butonlar/ButonaTikla' successfully

2021-11-11 09:41:26 - [MESSAGE][INFO] - Checking called Test Case

2021-11-11 09:41:26 - [MESSAGE][INFO] - Starting to call Test Case 'Test Cases/Butonlar/AltButonaTikla'

2021-11-11 09:41:26 - [TEST_CASE][PASSED] - Test Cases/Butonlar/AltButonaTikla: Test Cases/Butonlar/AltButonaTikla

2021-11-11 09:41:26 - [TEST_STEP][PASSED] - Method.TextDegerineEsitElementeTikla(findTestObject("Butonlar/AltButonlar"), Alt_Buton): Method.TextDegerineEsitElementeTikla is PASSED

2021-11-11 09:41:26 - [MESSAGE][INFO] - Finding Test Object 'Object Repository/Butonlar/AltButonlar'

2021-11-11 09:41:26 - [MESSAGE][INFO] - Checking timeout

2021-11-11 09:41:26 - [MESSAGE][INFO] - Finding web element with id: 'Object Repository/Butonlar/AltButonlar' located by 'By.cssSelector: .btn-group.open li>a' in '10' second(s)

2021-11-11 09:41:26 - [MESSAGE][INFO] - Smart Wait Function is triggered

2021-11-11 09:41:26 - [MESSAGE][INFO] - Found 2 web elements with id: 'Object Repository/Butonlar/AltButonlar' located by 'By.cssSelector: .btn-group.open li>a' in '10' second(s)

2021-11-11 09:41:26 - [MESSAGE][PASSED] - Method.TextDegerineEsitElementeTikla is PASSED

2021-11-11 09:41:26 - [MESSAGE][PASSED] - Call Test Case 'Test Cases/Butonlar/AltButonaTikla' successfully

2021-11-11 09:41:26 - [MESSAGE][INFO] - Checking called Test Case

2021-11-11 09:41:26 - [MESSAGE][INFO] - Starting to call Test Case 'Test Cases/Popup/PopupMesajiIceriyorMu'

2021-11-11 09:41:26 - [TEST_CASE][PASSED] - Test Cases/Popup/PopupMesajiIceriyorMu: Test Cases/Popup/PopupMesajiIceriyorMu

2021-11-11 09:41:26 - [TEST_STEP][PASSED] - waitForElementVisible(findTestObject("Popup/Popup"), 10): Object 'Object Repository/Popup/Popup' is visible

2021-11-11 09:41:26 - [MESSAGE][INFO] - Finding Test Object 'Object Repository/Popup/Popup'

2021-11-11 09:41:26 - [MESSAGE][INFO] - Checking object

2021-11-11 09:41:26 - [MESSAGE][INFO] - Checking timeout

2021-11-11 09:41:26 - [MESSAGE][INFO] - Finding web element from Test Object's properties

2021-11-11 09:41:26 - [MESSAGE][INFO] - Checking timeout

2021-11-11 09:41:26 - [MESSAGE][INFO] - Finding web element with id: 'Object Repository/Popup/Popup' located by 'By.cssSelector: .bootbox-body' in '10' second(s)

2021-11-11 09:41:26 - [MESSAGE][INFO] - Smart Wait Function is triggered

2021-11-11 09:41:27 - [MESSAGE][INFO] - Found 1 web elements with id: 'Object Repository/Popup/Popup' located by 'By.cssSelector: .bootbox-body' in '10' second(s)

2021-11-11 09:41:27 - [MESSAGE][PASSED] - Object 'Object Repository/Popup/Popup' is visible

2021-11-11 09:41:27 - [TEST_STEP][PASSED] - if (!(getText(findTestObject("Popup/Popup")).contains(Mesaj))): Text of object 'Object Repository/Popup/Popup' is: 'Lütfen rapor bildiriminin gönderileceği e-posta adresini belirtiniz.
e-Posta Adresi'

2021-11-11 09:41:27 - [MESSAGE][INFO] - Finding Test Object 'Object Repository/Popup/Popup'

2021-11-11 09:41:27 - [MESSAGE][INFO] - Checking object

2021-11-11 09:41:27 - [MESSAGE][INFO] - Finding web element from Test Object's properties

2021-11-11 09:41:27 - [MESSAGE][INFO] - Checking timeout

2021-11-11 09:41:27 - [MESSAGE][INFO] - Finding web element with id: 'Object Repository/Popup/Popup' located by 'By.cssSelector: .bootbox-body' in '30' second(s)

2021-11-11 09:41:27 - [MESSAGE][INFO] - Smart Wait Function is triggered

2021-11-11 09:41:27 - [MESSAGE][INFO] - Found 1 web elements with id: 'Object Repository/Popup/Popup' located by 'By.cssSelector: .bootbox-body' in '30' second(s)

2021-11-11 09:41:27 - [MESSAGE][INFO] - Getting text of object 'Object Repository/Popup/Popup'

2021-11-11 09:41:27 - [MESSAGE][PASSED] - Text of object 'Object Repository/Popup/Popup' is: 'Lütfen rapor bildiriminin gönderileceği e-posta adresini belirtiniz.
e-Posta Adresi'

2021-11-11 09:41:27 - [TEST_STEP][PASSED] - RaporNo = getText(findTestObject("Popup/Popup")).substring(0, 6): Text of object 'Object Repository/Popup/Popup' is: 'Lütfen rapor bildiriminin gönderileceği e-posta adresini belirtiniz.
e-Posta Adresi'

2021-11-11 09:41:27 - [MESSAGE][INFO] - Finding Test Object 'Object Repository/Popup/Popup'

2021-11-11 09:41:27 - [MESSAGE][INFO] - Checking object

2021-11-11 09:41:27 - [MESSAGE][INFO] - Finding web element from Test Object's properties

2021-11-11 09:41:27 - [MESSAGE][INFO] - Checking timeout

2021-11-11 09:41:27 - [MESSAGE][INFO] - Finding web element with id: 'Object Repository/Popup/Popup' located by 'By.cssSelector: .bootbox-body' in '30' second(s)

2021-11-11 09:41:27 - [MESSAGE][INFO] - Smart Wait Function is triggered

2021-11-11 09:41:27 - [MESSAGE][INFO] - Found 1 web elements with id: 'Object Repository/Popup/Popup' located by 'By.cssSelector: .bootbox-body' in '30' second(s)

2021-11-11 09:41:27 - [MESSAGE][INFO] - Getting text of object 'Object Repository/Popup/Popup'

2021-11-11 09:41:27 - [MESSAGE][PASSED] - Text of object 'Object Repository/Popup/Popup' is: 'Lütfen rapor bildiriminin gönderileceği e-posta adresini belirtiniz.
e-Posta Adresi'

2021-11-11 09:41:27 - [TEST_STEP][PASSED] - Console.println(RaporNo): null

2021-11-11 09:41:27 - [MESSAGE][PASSED] - Call Test Case 'Test Cases/Popup/PopupMesajiIceriyorMu' successfully

2021-11-11 09:41:27 - [MESSAGE][INFO] - Checking called Test Case

2021-11-11 09:41:27 - [MESSAGE][INFO] - Starting to call Test Case 'Test Cases/Popup/PopupaEmailEklenir'

2021-11-11 09:41:28 - [TEST_CASE][PASSED] - Test Cases/Popup/PopupaEmailEklenir: Test Cases/Popup/PopupaEmailEklenir

2021-11-11 09:41:28 - [TEST_STEP][PASSED] - clearText(findTestObject("Popup/EmailText")): Text of object 'Object Repository/Popup/EmailText' is cleared

2021-11-11 09:41:28 - [MESSAGE][INFO] - Finding Test Object 'Object Repository/Popup/EmailText'

2021-11-11 09:41:28 - [MESSAGE][INFO] - Checking object

2021-11-11 09:41:28 - [MESSAGE][INFO] - Finding web element from Test Object's properties

2021-11-11 09:41:28 - [MESSAGE][INFO] - Checking timeout

2021-11-11 09:41:28 - [MESSAGE][INFO] - Finding web element with id: 'Object Repository/Popup/EmailText' located by 'By.xpath: //*[@id="eMails"]' in '30' second(s)

2021-11-11 09:41:28 - [MESSAGE][INFO] - Smart Wait Function is triggered

2021-11-11 09:41:28 - [MESSAGE][INFO] - Found 1 web elements with id: 'Object Repository/Popup/EmailText' located by 'By.xpath: //*[@id="eMails"]' in '30' second(s)

2021-11-11 09:41:28 - [MESSAGE][INFO] - Clearing text of object 'Object Repository/Popup/EmailText'

2021-11-11 09:41:28 - [MESSAGE][PASSED] - Text of object 'Object Repository/Popup/EmailText' is cleared

2021-11-11 09:41:28 - [TEST_STEP][PASSED] - sendKeys(findTestObject("Popup/EmailText"), Email): Keys 'elogotest@gmail.com;ali.kara@logo.com.tr' sent to object: 'Object Repository/Popup/EmailText'

2021-11-11 09:41:28 - [MESSAGE][INFO] - Finding Test Object 'Object Repository/Popup/EmailText'

2021-11-11 09:41:28 - [MESSAGE][INFO] - Sending keys 'elogotest@gmail.com;ali.kara@logo.com.tr' to object: 'Object Repository/Popup/EmailText'

2021-11-11 09:41:28 - [MESSAGE][INFO] - Finding web element from Test Object's properties

2021-11-11 09:41:28 - [MESSAGE][INFO] - Checking timeout

2021-11-11 09:41:28 - [MESSAGE][INFO] - Finding web element with id: 'Object Repository/Popup/EmailText' located by 'By.xpath: //*[@id="eMails"]' in '30' second(s)

2021-11-11 09:41:28 - [MESSAGE][INFO] - Smart Wait Function is triggered

2021-11-11 09:41:28 - [MESSAGE][INFO] - Found 1 web elements with id: 'Object Repository/Popup/EmailText' located by 'By.xpath: //*[@id="eMails"]' in '30' second(s)

2021-11-11 09:41:28 - [MESSAGE][PASSED] - Keys 'elogotest@gmail.com;ali.kara@logo.com.tr' sent to object: 'Object Repository/Popup/EmailText'

2021-11-11 09:41:28 - [MESSAGE][PASSED] - Call Test Case 'Test Cases/Popup/PopupaEmailEklenir' successfully

2021-11-11 09:41:28 - [MESSAGE][INFO] - Checking called Test Case

2021-11-11 09:41:28 - [MESSAGE][INFO] - Starting to call Test Case 'Test Cases/Popup/PopupButonSecilir'

2021-11-11 09:41:28 - [TEST_CASE][PASSED] - Test Cases/Popup/PopupButonSecilir: Test Cases/Popup/PopupButonSecilir

2021-11-11 09:41:28 - [TEST_STEP][PASSED] - Method.TextDegerineEsitElementeTikla(findTestObject("Popup/Popup_Butons"), Buton): Method.TextDegerineEsitElementeTikla is PASSED

2021-11-11 09:41:28 - [MESSAGE][INFO] - Finding Test Object 'Object Repository/Popup/Popup_Butons'

2021-11-11 09:41:29 - [MESSAGE][INFO] - Checking timeout

2021-11-11 09:41:29 - [MESSAGE][INFO] - Finding web element with id: 'Object Repository/Popup/Popup_Butons' located by 'By.cssSelector: .modal-footer>button' in '10' second(s)

2021-11-11 09:41:29 - [MESSAGE][INFO] - Smart Wait Function is triggered

2021-11-11 09:41:29 - [MESSAGE][INFO] - Found 2 web elements with id: 'Object Repository/Popup/Popup_Butons' located by 'By.cssSelector: .modal-footer>button' in '10' second(s)

2021-11-11 09:41:29 - [MESSAGE][PASSED] - Method.TextDegerineEsitElementeTikla is PASSED

2021-11-11 09:41:29 - [MESSAGE][PASSED] - Call Test Case 'Test Cases/Popup/PopupButonSecilir' successfully

2021-11-11 09:41:29 - [MESSAGE][INFO] - Checking called Test Case

2021-11-11 09:41:29 - [MESSAGE][INFO] - Starting to call Test Case 'Test Cases/Popup/PopupMesajiIceriyorMu'

2021-11-11 09:41:29 - [TEST_CASE][PASSED] - Test Cases/Popup/PopupMesajiIceriyorMu: Test Cases/Popup/PopupMesajiIceriyorMu

2021-11-11 09:41:29 - [TEST_STEP][PASSED] - waitForElementVisible(findTestObject("Popup/Popup"), 10): Object 'Object Repository/Popup/Popup' is visible

2021-11-11 09:41:29 - [MESSAGE][INFO] - Finding Test Object 'Object Repository/Popup/Popup'

2021-11-11 09:41:29 - [MESSAGE][INFO] - Checking object

2021-11-11 09:41:29 - [MESSAGE][INFO] - Checking timeout

2021-11-11 09:41:29 - [MESSAGE][INFO] - Finding web element from Test Object's properties

2021-11-11 09:41:29 - [MESSAGE][INFO] - Checking timeout

2021-11-11 09:41:29 - [MESSAGE][INFO] - Finding web element with id: 'Object Repository/Popup/Popup' located by 'By.cssSelector: .bootbox-body' in '10' second(s)

2021-11-11 09:41:29 - [MESSAGE][INFO] - Smart Wait Function is triggered

2021-11-11 09:41:30 - [MESSAGE][INFO] - Found 1 web elements with id: 'Object Repository/Popup/Popup' located by 'By.cssSelector: .bootbox-body' in '10' second(s)

2021-11-11 09:41:30 - [MESSAGE][PASSED] - Object 'Object Repository/Popup/Popup' is visible

2021-11-11 09:41:30 - [TEST_STEP][PASSED] - if (!(getText(findTestObject("Popup/Popup")).contains(Mesaj))): Text of object 'Object Repository/Popup/Popup' is: '16266 no’lu talebiniz işleme alınmıştır. Raporunuz hazırlandığında (elogotest@gmail.com;ali.kara@logo.com.tr) adresinize mail gönderilecektir.
Rapor durumunuzu Raporlar > Toplu Veri İndirme ekranından takip edebilir, hazırlandı durumundaki raporlarınızı ilgili menüden indirebilirsiniz.'

2021-11-11 09:41:30 - [MESSAGE][INFO] - Finding Test Object 'Object Repository/Popup/Popup'

2021-11-11 09:41:30 - [MESSAGE][INFO] - Checking object

2021-11-11 09:41:30 - [MESSAGE][INFO] - Finding web element from Test Object's properties

2021-11-11 09:41:30 - [MESSAGE][INFO] - Checking timeout

2021-11-11 09:41:30 - [MESSAGE][INFO] - Finding web element with id: 'Object Repository/Popup/Popup' located by 'By.cssSelector: .bootbox-body' in '30' second(s)

2021-11-11 09:41:30 - [MESSAGE][INFO] - Smart Wait Function is triggered

2021-11-11 09:41:30 - [MESSAGE][INFO] - Found 1 web elements with id: 'Object Repository/Popup/Popup' located by 'By.cssSelector: .bootbox-body' in '30' second(s)

2021-11-11 09:41:30 - [MESSAGE][INFO] - Getting text of object 'Object Repository/Popup/Popup'

2021-11-11 09:41:30 - [MESSAGE][PASSED] - Text of object 'Object Repository/Popup/Popup' is: '16266 no’lu talebiniz işleme alınmıştır. Raporunuz hazırlandığında (elogotest@gmail.com;ali.kara@logo.com.tr) adresinize mail gönderilecektir.
Rapor durumunuzu Raporlar > Toplu Veri İndirme ekranından takip edebilir, hazırlandı durumundaki raporlarınızı ilgili menüden indirebilirsiniz.'

2021-11-11 09:41:30 - [TEST_STEP][PASSED] - RaporNo = getText(findTestObject("Popup/Popup")).substring(0, 6): Text of object 'Object Repository/Popup/Popup' is: '16266 no’lu talebiniz işleme alınmıştır. Raporunuz hazırlandığında (elogotest@gmail.com;ali.kara@logo.com.tr) adresinize mail gönderilecektir.
Rapor durumunuzu Raporlar > Toplu Veri İndirme ekranından takip edebilir, hazırlandı durumundaki raporlarınızı ilgili menüden indirebilirsiniz.'

2021-11-11 09:41:30 - [MESSAGE][INFO] - Finding Test Object 'Object Repository/Popup/Popup'

2021-11-11 09:41:30 - [MESSAGE][INFO] - Checking object

2021-11-11 09:41:30 - [MESSAGE][INFO] - Finding web element from Test Object's properties

2021-11-11 09:41:30 - [MESSAGE][INFO] - Checking timeout

2021-11-11 09:41:30 - [MESSAGE][INFO] - Finding web element with id: 'Object Repository/Popup/Popup' located by 'By.cssSelector: .bootbox-body' in '30' second(s)

2021-11-11 09:41:30 - [MESSAGE][INFO] - Smart Wait Function is triggered

2021-11-11 09:41:31 - [MESSAGE][INFO] - Found 1 web elements with id: 'Object Repository/Popup/Popup' located by 'By.cssSelector: .bootbox-body' in '30' second(s)

2021-11-11 09:41:31 - [MESSAGE][INFO] - Getting text of object 'Object Repository/Popup/Popup'

2021-11-11 09:41:31 - [MESSAGE][PASSED] - Text of object 'Object Repository/Popup/Popup' is: '16266 no’lu talebiniz işleme alınmıştır. Raporunuz hazırlandığında (elogotest@gmail.com;ali.kara@logo.com.tr) adresinize mail gönderilecektir.
Rapor durumunuzu Raporlar > Toplu Veri İndirme ekranından takip edebilir, hazırlandı durumundaki raporlarınızı ilgili menüden indirebilirsiniz.'

2021-11-11 09:41:31 - [TEST_STEP][PASSED] - Console.println(RaporNo): null

2021-11-11 09:41:31 - [MESSAGE][PASSED] - Call Test Case 'Test Cases/Popup/PopupMesajiIceriyorMu' successfully

2021-11-11 09:41:31 - [MESSAGE][INFO] - Checking called Test Case

2021-11-11 09:41:31 - [MESSAGE][INFO] - Starting to call Test Case 'Test Cases/Popup/PopupButonSecilir'

2021-11-11 09:41:31 - [TEST_CASE][PASSED] - Test Cases/Popup/PopupButonSecilir: Test Cases/Popup/PopupButonSecilir

2021-11-11 09:41:31 - [TEST_STEP][PASSED] - Method.TextDegerineEsitElementeTikla(findTestObject("Popup/Popup_Butons"), Buton): Method.TextDegerineEsitElementeTikla is PASSED

2021-11-11 09:41:31 - [MESSAGE][INFO] - Finding Test Object 'Object Repository/Popup/Popup_Butons'

2021-11-11 09:41:31 - [MESSAGE][INFO] - Checking timeout

2021-11-11 09:41:31 - [MESSAGE][INFO] - Finding web element with id: 'Object Repository/Popup/Popup_Butons' located by 'By.cssSelector: .modal-footer>button' in '10' second(s)

2021-11-11 09:41:31 - [MESSAGE][INFO] - Smart Wait Function is triggered

2021-11-11 09:41:31 - [MESSAGE][INFO] - Found 1 web elements with id: 'Object Repository/Popup/Popup_Butons' located by 'By.cssSelector: .modal-footer>button' in '10' second(s)

2021-11-11 09:41:31 - [MESSAGE][PASSED] - Method.TextDegerineEsitElementeTikla is PASSED

2021-11-11 09:41:31 - [MESSAGE][PASSED] - Call Test Case 'Test Cases/Popup/PopupButonSecilir' successfully

2021-11-11 09:41:31 - [MESSAGE][INFO] - Checking called Test Case

2021-11-11 09:41:31 - [MESSAGE][INFO] - Starting to call Test Case 'Test Cases/Menu/AnaMenuSecimi'

2021-11-11 09:41:31 - [TEST_CASE][PASSED] - Test Cases/Menu/AnaMenuSecimi: Test Cases/Menu/AnaMenuSecimi

2021-11-11 09:41:31 - [TEST_STEP][PASSED] - Method.TextDegerineEsitElementeTikla(findTestObject("Menu/Ana_Menu"), Ana_Menu): Method.TextDegerineEsitElementeTikla is PASSED

2021-11-11 09:41:31 - [MESSAGE][INFO] - Finding Test Object 'Object Repository/Menu/Ana_Menu'

2021-11-11 09:41:32 - [MESSAGE][INFO] - Checking timeout

2021-11-11 09:41:32 - [MESSAGE][INFO] - Finding web element with id: 'Object Repository/Menu/Ana_Menu' located by 'By.xpath: //*[@class = 'dropdown-toggle']' in '10' second(s)

2021-11-11 09:41:32 - [MESSAGE][INFO] - Smart Wait Function is triggered

2021-11-11 09:41:32 - [MESSAGE][INFO] - Found 14 web elements with id: 'Object Repository/Menu/Ana_Menu' located by 'By.xpath: //*[@class = 'dropdown-toggle']' in '10' second(s)

2021-11-11 09:41:32 - [MESSAGE][PASSED] - Method.TextDegerineEsitElementeTikla is PASSED

2021-11-11 09:41:32 - [MESSAGE][PASSED] - Call Test Case 'Test Cases/Menu/AnaMenuSecimi' successfully

2021-11-11 09:41:32 - [MESSAGE][INFO] - Checking called Test Case

2021-11-11 09:41:32 - [MESSAGE][INFO] - Starting to call Test Case 'Test Cases/Menu/AltMenuSecimi'

2021-11-11 09:41:32 - [TEST_CASE][PASSED] - Test Cases/Menu/AltMenuSecimi: Test Cases/Menu/AltMenuSecimi

2021-11-11 09:41:32 - [TEST_STEP][PASSED] - Method.TextDegerineEsitElementeTikla(findTestObject("Menu/Alt_Menu"), Alt_Menu): Method.TextDegerineEsitElementeTikla is PASSED

2021-11-11 09:41:32 - [MESSAGE][INFO] - Finding Test Object 'Object Repository/Menu/Alt_Menu'

2021-11-11 09:41:33 - [MESSAGE][INFO] - Checking timeout

2021-11-11 09:41:33 - [MESSAGE][INFO] - Finding web element with id: 'Object Repository/Menu/Alt_Menu' located by 'By.xpath: //li[@class='dropdown dropdown-large open']//li[@class='dropdown-element']' in '10' second(s)

2021-11-11 09:41:33 - [MESSAGE][INFO] - Smart Wait Function is triggered

2021-11-11 09:41:33 - [MESSAGE][INFO] - Found 9 web elements with id: 'Object Repository/Menu/Alt_Menu' located by 'By.xpath: //li[@class='dropdown dropdown-large open']//li[@class='dropdown-element']' in '10' second(s)

2021-11-11 09:41:34 - [MESSAGE][PASSED] - Method.TextDegerineEsitElementeTikla is PASSED

2021-11-11 09:41:34 - [MESSAGE][PASSED] - Call Test Case 'Test Cases/Menu/AltMenuSecimi' successfully

2021-11-11 09:41:34 - [MESSAGE][INFO] - Checking called Test Case

2021-11-11 09:41:34 - [MESSAGE][INFO] - Starting to call Test Case 'Test Cases/Filtreler/RaporNoYaz'

2021-11-11 09:41:34 - [TEST_CASE][PASSED] - Test Cases/Filtreler/RaporNoYaz: Test Cases/Filtreler/RaporNoYaz

2021-11-11 09:41:34 - [TEST_STEP][PASSED] - Method.TextDegerineEsitElementinAltindakiTextboxtaYaz(findTestObject("Filtreler/Basliklar"), findTestObject("Filtreler/Basliga_Gore_Textbox"), "Talep No", RaporNo): Method.TextDegerineEsitElementinAltindakiTextboxtaYaz is PASSED

2021-11-11 09:41:34 - [MESSAGE][INFO] - Finding Test Object 'Object Repository/Filtreler/Basliklar'

2021-11-11 09:41:34 - [MESSAGE][INFO] - Finding Test Object 'Object Repository/Filtreler/Basliga_Gore_Textbox'

2021-11-11 09:41:34 - [MESSAGE][INFO] - Checking timeout

2021-11-11 09:41:34 - [MESSAGE][INFO] - Finding web element with id: 'Object Repository/Filtreler/Basliklar' located by 'By.cssSelector: .control-label.col-sm-4.paddingMarginRLC' in '10' second(s)

2021-11-11 09:41:34 - [MESSAGE][INFO] - Smart Wait Function is triggered

2021-11-11 09:41:34 - [MESSAGE][INFO] - Found 8 web elements with id: 'Object Repository/Filtreler/Basliklar' located by 'By.cssSelector: .control-label.col-sm-4.paddingMarginRLC' in '10' second(s)

2021-11-11 09:41:34 - [MESSAGE][INFO] - Smart Wait Function is triggered

2021-11-11 09:41:35 - [MESSAGE][PASSED] - Method.TextDegerineEsitElementinAltindakiTextboxtaYaz is PASSED

2021-11-11 09:41:35 - [MESSAGE][PASSED] - Call Test Case 'Test Cases/Filtreler/RaporNoYaz' successfully

2021-11-11 09:41:35 - [MESSAGE][INFO] - Checking called Test Case

2021-11-11 09:41:35 - [MESSAGE][INFO] - Starting to call Test Case 'Test Cases/Filtreler/ButonaTikla'

2021-11-11 09:41:35 - [TEST_CASE][PASSED] - Test Cases/Filtreler/ButonaTikla: Test Cases/Filtreler/ButonaTikla

2021-11-11 09:41:35 - [TEST_STEP][PASSED] - Method.TextDegerineEsitElementeTikla(findTestObject("Filtreler/Butonlar"), Filtre_Buton): Method.TextDegerineEsitElementeTikla is PASSED

2021-11-11 09:41:35 - [MESSAGE][INFO] - Finding Test Object 'Object Repository/Filtreler/Butonlar'

2021-11-11 09:41:35 - [MESSAGE][INFO] - Checking timeout

2021-11-11 09:41:35 - [MESSAGE][INFO] - Finding web element with id: 'Object Repository/Filtreler/Butonlar' located by 'By.cssSelector: .dxb>span' in '10' second(s)

2021-11-11 09:41:35 - [MESSAGE][INFO] - Smart Wait Function is triggered

2021-11-11 09:41:35 - [MESSAGE][INFO] - Found 2 web elements with id: 'Object Repository/Filtreler/Butonlar' located by 'By.cssSelector: .dxb>span' in '10' second(s)

2021-11-11 09:41:35 - [MESSAGE][PASSED] - Method.TextDegerineEsitElementeTikla is PASSED

2021-11-11 09:41:35 - [MESSAGE][PASSED] - Call Test Case 'Test Cases/Filtreler/ButonaTikla' successfully

2021-11-11 09:41:35 - [MESSAGE][INFO] - Checking called Test Case

2021-11-11 09:41:35 - [MESSAGE][INFO] - Starting to call Test Case 'Test Cases/Tablo/TablodaVeriVarMi'

2021-11-11 09:41:35 - [TEST_CASE][PASSED] - Test Cases/Tablo/TablodaVeriVarMi: Test Cases/Tablo/TablodaVeriVarMi

2021-11-11 09:41:35 - [TEST_STEP][PASSED] - verifyTextNotPresent("Görüntülenecek veri yok", true): Text 'Görüntülenecek veri yok' is not present on page using regular expression

2021-11-11 09:41:35 - [MESSAGE][INFO] - Checking text present  using regular expression

2021-11-11 09:41:35 - [MESSAGE][INFO] - Smart Wait Function is triggered

2021-11-11 09:41:36 - [MESSAGE][INFO] - Finding text 'Görüntülenecek veri yok' on page  using regular expression

2021-11-11 09:41:36 - [MESSAGE][PASSED] - Text 'Görüntülenecek veri yok' is not present on page using regular expression

2021-11-11 09:41:36 - [MESSAGE][PASSED] - Call Test Case 'Test Cases/Tablo/TablodaVeriVarMi' successfully

2021-11-11 09:41:36 - [MESSAGE][INFO] - Checking called Test Case

2021-11-11 09:41:36 - [MESSAGE][INFO] - Starting to call Test Case 'Test Cases/Kullanici_Islemleri/KullaniciIslemlerindenSecimYapilir'

2021-11-11 09:41:36 - [TEST_CASE][PASSED] - Test Cases/Kullanici_Islemleri/KullaniciIslemlerindenSecimYapilir: Test Cases/Kullanici_Islemleri/KullaniciIslemlerindenSecimYapilir

2021-11-11 09:41:36 - [TEST_STEP][PASSED] - waitForElementClickable(findTestObject("Object Repository/Kullanici_Islemleri/KullaniciIslemleri"), 10): Object 'Object Repository/Kullanici_Islemleri/KullaniciIslemleri' is clickable

2021-11-11 09:41:36 - [MESSAGE][INFO] - Finding Test Object 'Object Repository/Kullanici_Islemleri/KullaniciIslemleri'

2021-11-11 09:41:36 - [MESSAGE][INFO] - Checking object

2021-11-11 09:41:36 - [MESSAGE][INFO] - Checking timeout

2021-11-11 09:41:36 - [MESSAGE][INFO] - Finding web element from Test Object's properties

2021-11-11 09:41:36 - [MESSAGE][INFO] - Checking timeout

2021-11-11 09:41:36 - [MESSAGE][INFO] - Finding web element with id: 'Object Repository/Kullanici_Islemleri/KullaniciIslemleri' located by 'By.cssSelector: .dropdown>a>img' in '10' second(s)

2021-11-11 09:41:36 - [MESSAGE][INFO] - Smart Wait Function is triggered

2021-11-11 09:41:37 - [MESSAGE][INFO] - Found 1 web elements with id: 'Object Repository/Kullanici_Islemleri/KullaniciIslemleri' located by 'By.cssSelector: .dropdown>a>img' in '10' second(s)

2021-11-11 09:41:37 - [MESSAGE][PASSED] - Object 'Object Repository/Kullanici_Islemleri/KullaniciIslemleri' is clickable

2021-11-11 09:41:37 - [TEST_STEP][PASSED] - click(findTestObject("Object Repository/Kullanici_Islemleri/KullaniciIslemleri")): Object: 'Object Repository/Kullanici_Islemleri/KullaniciIslemleri' is clicked on

2021-11-11 09:41:37 - [MESSAGE][INFO] - Finding Test Object 'Object Repository/Kullanici_Islemleri/KullaniciIslemleri'

2021-11-11 09:41:37 - [MESSAGE][INFO] - Checking object

2021-11-11 09:41:37 - [MESSAGE][INFO] - Finding web element from Test Object's properties

2021-11-11 09:41:37 - [MESSAGE][INFO] - Checking timeout

2021-11-11 09:41:37 - [MESSAGE][INFO] - Finding web element with id: 'Object Repository/Kullanici_Islemleri/KullaniciIslemleri' located by 'By.cssSelector: .dropdown>a>img' in '30' second(s)

2021-11-11 09:41:37 - [MESSAGE][INFO] - Smart Wait Function is triggered

2021-11-11 09:41:37 - [MESSAGE][INFO] - Found 1 web elements with id: 'Object Repository/Kullanici_Islemleri/KullaniciIslemleri' located by 'By.cssSelector: .dropdown>a>img' in '30' second(s)

2021-11-11 09:41:37 - [MESSAGE][INFO] - Clicking on object: 'Object Repository/Kullanici_Islemleri/KullaniciIslemleri'

2021-11-11 09:41:37 - [MESSAGE][PASSED] - Object: 'Object Repository/Kullanici_Islemleri/KullaniciIslemleri' is clicked on

2021-11-11 09:41:37 - [TEST_STEP][PASSED] - Method.TextDegerineEsitElementeTikla(findTestObject("Object Repository/Kullanici_Islemleri/Secenekler"), Islem): Method.TextDegerineEsitElementeTikla is PASSED

2021-11-11 09:41:37 - [MESSAGE][INFO] - Finding Test Object 'Object Repository/Kullanici_Islemleri/Secenekler'

2021-11-11 09:41:37 - [MESSAGE][INFO] - Checking timeout

2021-11-11 09:41:37 - [MESSAGE][INFO] - Finding web element with id: 'Object Repository/Kullanici_Islemleri/Secenekler' located by 'By.cssSelector: .nav.navbar-nav.navbar-right li a' in '10' second(s)

2021-11-11 09:41:37 - [MESSAGE][INFO] - Smart Wait Function is triggered

2021-11-11 09:41:37 - [MESSAGE][INFO] - Found 22 web elements with id: 'Object Repository/Kullanici_Islemleri/Secenekler' located by 'By.cssSelector: .nav.navbar-nav.navbar-right li a' in '10' second(s)

2021-11-11 09:41:39 - [MESSAGE][PASSED] - Method.TextDegerineEsitElementeTikla is PASSED

2021-11-11 09:41:39 - [TEST_STEP][PASSED] - verifyElementNotPresent(findTestObject("Object Repository/Kullanici_Islemleri/Secenekler"), 10): Web element with id: 'Object Repository/Kullanici_Islemleri/Secenekler' located by 'By.cssSelector: .nav.navbar-nav.navbar-right li a' is not present after '10' second(s)

2021-11-11 09:41:39 - [MESSAGE][INFO] - Finding Test Object 'Object Repository/Kullanici_Islemleri/Secenekler'

2021-11-11 09:41:39 - [MESSAGE][INFO] - Checking object

2021-11-11 09:41:39 - [MESSAGE][INFO] - Checking timeout

2021-11-11 09:41:39 - [MESSAGE][INFO] - Finding web element with id: 'Object Repository/Kullanici_Islemleri/Secenekler' located by 'By.cssSelector: .nav.navbar-nav.navbar-right li a' in '10' second(s)

2021-11-11 09:41:39 - [MESSAGE][INFO] - Smart Wait Function is triggered

2021-11-11 09:41:39 - [MESSAGE][PASSED] - Web element with id: 'Object Repository/Kullanici_Islemleri/Secenekler' located by 'By.cssSelector: .nav.navbar-nav.navbar-right li a' is not present after '10' second(s)

2021-11-11 09:41:39 - [MESSAGE][PASSED] - Call Test Case 'Test Cases/Kullanici_Islemleri/KullaniciIslemlerindenSecimYapilir' successfully

2021-11-11 09:41:39 - [TEST_CASE][PASSED] - Start Test Case : SCENARIO Irsaliye Yanitinin excele aktarilmasi: SCENARIO Irsaliye Yanitinin excele aktarilmasi

2021-11-11 09:41:39 - [TEST_STEP][PASSED] - Kullanıcı adı ELOGO6 ve Şifre 123456 olarak giriş yapılır: Kullanıcı adı ELOGO6 ve Şifre 123456 olarak giriş yapılır

2021-11-11 09:41:39 - [MESSAGE][PASSED] - Kullanıcı adı ELOGO6 ve Şifre 123456 olarak giriş yapılır

2021-11-11 09:41:39 - [TEST_STEP][PASSED] - Ana menüden e-İrsaliye seçilir: Ana menüden e-İrsaliye seçilir

2021-11-11 09:41:39 - [MESSAGE][PASSED] - Ana menüden e-İrsaliye seçilir

2021-11-11 09:41:39 - [TEST_STEP][PASSED] - Alt menü Giden Kutusu başlığı altındaki İrsaliye Yanıtları seçilir: Alt menü Giden Kutusu başlığı altındaki İrsaliye Yanıtları seçilir

2021-11-11 09:41:39 - [MESSAGE][PASSED] - Alt menü Giden Kutusu başlığı altındaki İrsaliye Yanıtları seçilir

2021-11-11 09:41:39 - [TEST_STEP][PASSED] - Filtrelerden Oluşturma Tarihi filtresine 01.01.2020 baslangic degerini yaz: Filtrelerden Oluşturma Tarihi filtresine 01.01.2020 baslangic degerini yaz

2021-11-11 09:41:39 - [MESSAGE][PASSED] - Filtrelerden Oluşturma Tarihi filtresine 01.01.2020 baslangic degerini yaz

2021-11-11 09:41:39 - [TEST_STEP][PASSED] - Filtrelerden Oluşturma Tarihi filtresine 31.12.2020 bitis degerini yaz: Filtrelerden Oluşturma Tarihi filtresine 31.12.2020 bitis degerini yaz

2021-11-11 09:41:39 - [MESSAGE][PASSED] - Filtrelerden Oluşturma Tarihi filtresine 31.12.2020 bitis degerini yaz

2021-11-11 09:41:39 - [TEST_STEP][PASSED] - Filtre butonlarından Listele seçilir: Filtre butonlarından Listele seçilir

2021-11-11 09:41:39 - [MESSAGE][PASSED] - Filtre butonlarından Listele seçilir

2021-11-11 09:41:39 - [TEST_STEP][PASSED] - Tabloda veri var mı kontrol edilir: Tabloda veri var mı kontrol edilir

2021-11-11 09:41:39 - [MESSAGE][PASSED] - Tabloda veri var mı kontrol edilir

2021-11-11 09:41:39 - [TEST_STEP][PASSED] - Tablodan Logo Elektronik GIB Test isimli veri seçilir: Tablodan Logo Elektronik GIB Test isimli veri seçilir

2021-11-11 09:41:39 - [MESSAGE][PASSED] - Tablodan Logo Elektronik GIB Test isimli veri seçilir

2021-11-11 09:41:39 - [TEST_STEP][PASSED] - Butonlardan Excel isimli butona tıklanır: Butonlardan Excel isimli butona tıklanır

2021-11-11 09:41:39 - [MESSAGE][PASSED] - Butonlardan Excel isimli butona tıklanır

2021-11-11 09:41:39 - [TEST_STEP][PASSED] - Alt butonlardan Excel'e Aktar butonuna tıklanır: Alt butonlardan Excel'e Aktar butonuna tıklanır

2021-11-11 09:41:39 - [MESSAGE][PASSED] - Alt butonlardan Excel'e Aktar butonuna tıklanır

2021-11-11 09:41:39 - [TEST_STEP][PASSED] - Popup mesajı Lütfen rapor bildiriminin gönderileceği e-posta adresini belirtiniz. içeriyor mu: Popup mesajı Lütfen rapor bildiriminin gönderileceği e-posta adresini belirtiniz. içeriyor mu

2021-11-11 09:41:39 - [MESSAGE][PASSED] - Popup mesajı Lütfen rapor bildiriminin gönderileceği e-posta adresini belirtiniz. içeriyor mu

2021-11-11 09:41:39 - [TEST_STEP][PASSED] - Popup email elogotest@gmail.com;ali.kara@logo.com.tr olarak girilir: Popup email elogotest@gmail.com;ali.kara@logo.com.tr olarak girilir

2021-11-11 09:41:39 - [MESSAGE][PASSED] - Popup email elogotest@gmail.com;ali.kara@logo.com.tr olarak girilir

2021-11-11 09:41:39 - [TEST_STEP][PASSED] - Yönetim popupında Gönder seçilir: Yönetim popupında Gönder seçilir

2021-11-11 09:41:39 - [MESSAGE][PASSED] - Yönetim popupında Gönder seçilir

2021-11-11 09:41:39 - [TEST_STEP][PASSED] - Popup mesajı talebiniz işleme alınmıştır içeriyor mu: Popup mesajı talebiniz işleme alınmıştır içeriyor mu

2021-11-11 09:41:39 - [MESSAGE][PASSED] - Popup mesajı talebiniz işleme alınmıştır içeriyor mu

2021-11-11 09:41:39 - [TEST_STEP][PASSED] - Yönetim popupında Tamam seçilir: Yönetim popupında Tamam seçilir

2021-11-11 09:41:39 - [MESSAGE][PASSED] - Yönetim popupında Tamam seçilir

2021-11-11 09:41:39 - [TEST_STEP][PASSED] - Butonlardan Excel isimli butona tıklanır: Butonlardan Excel isimli butona tıklanır

2021-11-11 09:41:39 - [MESSAGE][PASSED] - Butonlardan Excel isimli butona tıklanır

2021-11-11 09:41:39 - [TEST_STEP][PASSED] - Alt butonlardan Tümünü Excel'e Aktar butonuna tıklanır: Alt butonlardan Tümünü Excel'e Aktar butonuna tıklanır

2021-11-11 09:41:39 - [MESSAGE][PASSED] - Alt butonlardan Tümünü Excel'e Aktar butonuna tıklanır

2021-11-11 09:41:39 - [TEST_STEP][PASSED] - Popup mesajı Lütfen rapor bildiriminin gönderileceği e-posta adresini belirtiniz. içeriyor mu: Popup mesajı Lütfen rapor bildiriminin gönderileceği e-posta adresini belirtiniz. içeriyor mu

2021-11-11 09:41:39 - [MESSAGE][PASSED] - Popup mesajı Lütfen rapor bildiriminin gönderileceği e-posta adresini belirtiniz. içeriyor mu

2021-11-11 09:41:39 - [TEST_STEP][PASSED] - Popup email elogotest@gmail.com;ali.kara@logo.com.tr olarak girilir: Popup email elogotest@gmail.com;ali.kara@logo.com.tr olarak girilir

2021-11-11 09:41:39 - [MESSAGE][PASSED] - Popup email elogotest@gmail.com;ali.kara@logo.com.tr olarak girilir

2021-11-11 09:41:39 - [TEST_STEP][PASSED] - Yönetim popupında Gönder seçilir: Yönetim popupında Gönder seçilir

2021-11-11 09:41:39 - [MESSAGE][PASSED] - Yönetim popupında Gönder seçilir

2021-11-11 09:41:39 - [TEST_STEP][PASSED] - Popup mesajı talebiniz işleme alınmıştır içeriyor mu: Popup mesajı talebiniz işleme alınmıştır içeriyor mu

2021-11-11 09:41:39 - [MESSAGE][PASSED] - Popup mesajı talebiniz işleme alınmıştır içeriyor mu

2021-11-11 09:41:39 - [TEST_STEP][PASSED] - Yönetim popupında Tamam seçilir: Yönetim popupında Tamam seçilir

2021-11-11 09:41:39 - [MESSAGE][PASSED] - Yönetim popupında Tamam seçilir

2021-11-11 09:41:39 - [TEST_STEP][PASSED] - Ana menüden Raporlar seçilir: Ana menüden Raporlar seçilir

2021-11-11 09:41:39 - [MESSAGE][PASSED] - Ana menüden Raporlar seçilir

2021-11-11 09:41:39 - [TEST_STEP][PASSED] - Alt menüden Toplu Veri İndirme seçilir: Alt menüden Toplu Veri İndirme seçilir

2021-11-11 09:41:39 - [MESSAGE][PASSED] - Alt menüden Toplu Veri İndirme seçilir

2021-11-11 09:41:39 - [TEST_STEP][PASSED] - Filtrelerden Talep No filtresine Rapor No bilgisi yaz: Filtrelerden Talep No filtresine Rapor No bilgisi yaz

2021-11-11 09:41:39 - [MESSAGE][PASSED] - Filtrelerden Talep No filtresine Rapor No bilgisi yaz

2021-11-11 09:41:39 - [TEST_STEP][PASSED] - Filtre butonlarından Listele seçilir: Filtre butonlarından Listele seçilir

2021-11-11 09:41:39 - [MESSAGE][PASSED] - Filtre butonlarından Listele seçilir

2021-11-11 09:41:39 - [TEST_STEP][PASSED] - Tabloda veri var mı kontrol edilir: Tabloda veri var mı kontrol edilir

2021-11-11 09:41:39 - [MESSAGE][PASSED] - Tabloda veri var mı kontrol edilir

2021-11-11 09:41:39 - [TEST_STEP][PASSED] - Kullanıcı işlemlerinden Çıkış seçilir: Kullanıcı işlemlerinden Çıkış seçilir

2021-11-11 09:41:39 - [MESSAGE][PASSED] - Kullanıcı işlemlerinden Çıkış seçilir

2021-11-11 09:41:39 - [MESSAGE][PASSED] - Feature file: 'Include/features/e-Irsaliye/Giden Kutusu/Irsaliye Yanitlari/Excele Aktar.feature' was passed

2021-11-11 09:41:39 - [TEST_STEP][PASSED] - Start listener action : sampleAfterTestSuite: Invoke 'com.kms.katalon.core.annotation.AfterTestCase' method: 'Listener.sampleAfterTestSuite(...)' completed.

2021-11-11 09:41:39 - [MESSAGE][INFO] - Starting invoke 'com.kms.katalon.core.annotation.AfterTestCase' method: 'Listener.sampleAfterTestSuite(...)'

2021-11-11 09:41:39 - [TEST_STEP][PASSED] - closeBrowser(): Invoke 'com.kms.katalon.core.annotation.AfterTestCase' method: 'Listener.sampleAfterTestSuite(...)' completed.

2021-11-11 09:41:39 - [MESSAGE][INFO] - Closing browser

2021-11-11 09:41:40 - [MESSAGE][PASSED] - Browser is closed

2021-11-11 09:41:40 - [MESSAGE][INFO] - Invoke 'com.kms.katalon.core.annotation.AfterTestCase' method: 'Listener.sampleAfterTestSuite(...)' completed.]]></system-out>
         <system-err><![CDATA[]]></system-err>
      </testcase>
      <testcase name="Test Cases/Case Repository/e-Irsaliye/Giden Kutusu/Irsaliye Yanitlari/Toplu Indirme" time="45.201" classname="Test Cases/Case Repository/e-Irsaliye/Giden Kutusu/Irsaliye Yanitlari/Toplu Indirme" status="PASSED">
         <system-out><![CDATA[2021-11-11 09:41:40 - [TEST_CASE][PASSED] - Test Cases/Case Repository/e-Irsaliye/Giden Kutusu/Irsaliye Yanitlari/Toplu Indirme: Test Cases/Case Repository/e-Irsaliye/Giden Kutusu/Irsaliye Yanitlari/Toplu Indirme

2021-11-11 09:41:40 - [TEST_STEP][PASSED] - Start listener action : sampleBeforeTestSuite: Invoke 'com.kms.katalon.core.annotation.BeforeTestCase' method: 'Listener.sampleBeforeTestSuite(...)' completed.

2021-11-11 09:41:40 - [MESSAGE][INFO] - Starting invoke 'com.kms.katalon.core.annotation.BeforeTestCase' method: 'Listener.sampleBeforeTestSuite(...)'

2021-11-11 09:41:40 - [TEST_STEP][PASSED] - openBrowser(baseUrl): Browser is opened with url: 'https://efatura-stage.elogo.com.tr/'

2021-11-11 09:41:40 - [MESSAGE][INFO] - Opening browser

2021-11-11 09:41:40 - [MESSAGE][INFO] - Starting 'Chrome' driver

2021-11-11 09:41:40 - [MESSAGE][INFO] - User set preference: ['prefs', '{download.default_directory=C:\otomasyondownfiles}']

2021-11-11 09:41:40 - [MESSAGE][INFO] - Action delay is set to 0 milliseconds

2021-11-11 09:41:41 - [MESSAGE][INFO] - Navigating browser to: 'https://efatura-stage.elogo.com.tr/'

2021-11-11 09:41:44 - [MESSAGE][PASSED] - Browser is opened with url: 'https://efatura-stage.elogo.com.tr/'

2021-11-11 09:41:44 - [TEST_STEP][PASSED] - maximizeWindow(): Invoke 'com.kms.katalon.core.annotation.BeforeTestCase' method: 'Listener.sampleBeforeTestSuite(...)' completed.

2021-11-11 09:41:44 - [MESSAGE][INFO] - Maximizing current window

2021-11-11 09:41:44 - [MESSAGE][PASSED] - Current window maximized

2021-11-11 09:41:44 - [MESSAGE][INFO] - Invoke 'com.kms.katalon.core.annotation.BeforeTestCase' method: 'Listener.sampleBeforeTestSuite(...)' completed.

2021-11-11 09:41:44 - [TEST_STEP][PASSED] - runFeatureFile("Include/features/e-Irsaliye/Giden Kutusu/Irsaliye Yanitlari/Toplu Indirme.feature"): Feature file: 'Include/features/e-Irsaliye/Giden Kutusu/Irsaliye Yanitlari/Toplu Indirme.feature' was passed

2021-11-11 09:41:44 - [MESSAGE][INFO] - Starting run keyword runFeatureFile: 'Include/features/e-Irsaliye/Giden Kutusu/Irsaliye Yanitlari/Toplu Indirme.feature' and extract report to folder: 'C:\Users\DELL\Documents\GitHub\EES_KatalonLogo\Reports\20211111_090730\Suite Repository\ExceleAktarVeTopluIndirme\20211111_090810/cucumber_report/1636612904667'...

2021-11-11 09:41:44 - [MESSAGE][INFO] - Glue: []

2021-11-11 09:41:45 - [MESSAGE][INFO] - Checking called Test Case

2021-11-11 09:41:45 - [MESSAGE][INFO] - Starting to call Test Case 'Test Cases/Sayfalar/Giris_Sayfasi/Login'

2021-11-11 09:41:45 - [TEST_CASE][PASSED] - Test Cases/Sayfalar/Giris_Sayfasi/Login: Test Cases/Sayfalar/Giris_Sayfasi/Login

2021-11-11 09:41:45 - [TEST_STEP][PASSED] - Sayfa_Basligi = getWindowTitle(): Current window's title is: 'LOGO e-Fatura'

2021-11-11 09:41:45 - [MESSAGE][INFO] - Getting current window's title

2021-11-11 09:41:45 - [MESSAGE][PASSED] - Current window's title is: 'LOGO e-Fatura'

2021-11-11 09:41:45 - [TEST_STEP][PASSED] - verifyMatch(Sayfa_Basligi, "LOGO e-Fatura", false): Actual text 'LOGO e-Fatura' and expected text 'LOGO e-Fatura' are matched 

2021-11-11 09:41:45 - [MESSAGE][INFO] - Matching actual text 'LOGO e-Fatura' with expected text 'LOGO e-Fatura'

2021-11-11 09:41:45 - [MESSAGE][PASSED] - Actual text 'LOGO e-Fatura' and expected text 'LOGO e-Fatura' are matched 

2021-11-11 09:41:45 - [TEST_STEP][PASSED] - sendKeys(findTestObject("Sayfalar/Giris_Sayfasi/Firma_Kodu"), KullaniciAdi): Keys 'ELOGO6' sent to object: 'Object Repository/Sayfalar/Giris_Sayfasi/Firma_Kodu'

2021-11-11 09:41:45 - [MESSAGE][INFO] - Finding Test Object 'Object Repository/Sayfalar/Giris_Sayfasi/Firma_Kodu'

2021-11-11 09:41:45 - [MESSAGE][INFO] - Sending keys 'ELOGO6' to object: 'Object Repository/Sayfalar/Giris_Sayfasi/Firma_Kodu'

2021-11-11 09:41:45 - [MESSAGE][INFO] - Finding web element from Test Object's properties

2021-11-11 09:41:45 - [MESSAGE][INFO] - Checking timeout

2021-11-11 09:41:45 - [MESSAGE][INFO] - Finding web element with id: 'Object Repository/Sayfalar/Giris_Sayfasi/Firma_Kodu' located by 'By.xpath: //*[@id = 'AccountName']' in '30' second(s)

2021-11-11 09:41:45 - [MESSAGE][INFO] - Smart Wait Function is triggered

2021-11-11 09:41:45 - [MESSAGE][INFO] - Found 1 web elements with id: 'Object Repository/Sayfalar/Giris_Sayfasi/Firma_Kodu' located by 'By.xpath: //*[@id = 'AccountName']' in '30' second(s)

2021-11-11 09:41:45 - [MESSAGE][PASSED] - Keys 'ELOGO6' sent to object: 'Object Repository/Sayfalar/Giris_Sayfasi/Firma_Kodu'

2021-11-11 09:41:45 - [TEST_STEP][PASSED] - sendKeys(findTestObject("Sayfalar/Giris_Sayfasi/Sifre"), Sifre): Keys '123456' sent to object: 'Object Repository/Sayfalar/Giris_Sayfasi/Sifre'

2021-11-11 09:41:45 - [MESSAGE][INFO] - Finding Test Object 'Object Repository/Sayfalar/Giris_Sayfasi/Sifre'

2021-11-11 09:41:46 - [MESSAGE][INFO] - Sending keys '123456' to object: 'Object Repository/Sayfalar/Giris_Sayfasi/Sifre'

2021-11-11 09:41:46 - [MESSAGE][INFO] - Finding web element from Test Object's properties

2021-11-11 09:41:46 - [MESSAGE][INFO] - Checking timeout

2021-11-11 09:41:46 - [MESSAGE][INFO] - Finding web element with id: 'Object Repository/Sayfalar/Giris_Sayfasi/Sifre' located by 'By.xpath: //*[@id = 'Password']' in '30' second(s)

2021-11-11 09:41:46 - [MESSAGE][INFO] - Smart Wait Function is triggered

2021-11-11 09:41:46 - [MESSAGE][INFO] - Found 1 web elements with id: 'Object Repository/Sayfalar/Giris_Sayfasi/Sifre' located by 'By.xpath: //*[@id = 'Password']' in '30' second(s)

2021-11-11 09:41:46 - [MESSAGE][PASSED] - Keys '123456' sent to object: 'Object Repository/Sayfalar/Giris_Sayfasi/Sifre'

2021-11-11 09:41:46 - [TEST_STEP][PASSED] - findWebElement(findTestObject("Sayfalar/Giris_Sayfasi/Giris_Butonu")).click(): Found 1 web elements with id: 'Object Repository/Sayfalar/Giris_Sayfasi/Giris_Butonu' located by 'By.cssSelector: #btnLogin' in '30' second(s)

2021-11-11 09:41:46 - [MESSAGE][INFO] - Finding Test Object 'Object Repository/Sayfalar/Giris_Sayfasi/Giris_Butonu'

2021-11-11 09:41:46 - [MESSAGE][INFO] - Finding web element from Test Object's properties

2021-11-11 09:41:46 - [MESSAGE][INFO] - Checking timeout

2021-11-11 09:41:46 - [MESSAGE][INFO] - Finding web element with id: 'Object Repository/Sayfalar/Giris_Sayfasi/Giris_Butonu' located by 'By.cssSelector: #btnLogin' in '30' second(s)

2021-11-11 09:41:46 - [MESSAGE][INFO] - Smart Wait Function is triggered

2021-11-11 09:41:46 - [MESSAGE][INFO] - Found 1 web elements with id: 'Object Repository/Sayfalar/Giris_Sayfasi/Giris_Butonu' located by 'By.cssSelector: #btnLogin' in '30' second(s)

2021-11-11 09:41:49 - [TEST_STEP][PASSED] - if (verifyElementPresent(findTestObject("Object Repository/Sayfalar/Giris_Sayfasi/RetveTamam_Butonu"), 5, OPTIONAL)): null

2021-11-11 09:41:49 - [MESSAGE][INFO] - Finding Test Object 'Object Repository/Sayfalar/Giris_Sayfasi/RetveTamam_Butonu'

2021-11-11 09:41:49 - [MESSAGE][INFO] - Checking object

2021-11-11 09:41:49 - [MESSAGE][INFO] - Finding web element from Test Object's properties

2021-11-11 09:41:49 - [MESSAGE][INFO] - Checking timeout

2021-11-11 09:41:49 - [MESSAGE][INFO] - Finding web element with id: 'Object Repository/Sayfalar/Giris_Sayfasi/RetveTamam_Butonu' located by 'By.xpath: //*[@class = 'btn btn-default']' in '5' second(s)

2021-11-11 09:41:49 - [MESSAGE][INFO] - Smart Wait Function is triggered

2021-11-11 09:41:49 - [MESSAGE][INFO] - Found 1 web elements with id: 'Object Repository/Sayfalar/Giris_Sayfasi/RetveTamam_Butonu' located by 'By.xpath: //*[@class = 'btn btn-default']' in '5' second(s)

2021-11-11 09:41:49 - [MESSAGE][PASSED] - Object 'Object Repository/Sayfalar/Giris_Sayfasi/RetveTamam_Butonu' is present

2021-11-11 09:41:49 - [TEST_STEP][PASSED] - click(findTestObject("Object Repository/Sayfalar/Giris_Sayfasi/RetveTamam_Butonu")): Object: 'Object Repository/Sayfalar/Giris_Sayfasi/RetveTamam_Butonu' is clicked on

2021-11-11 09:41:49 - [MESSAGE][INFO] - Finding Test Object 'Object Repository/Sayfalar/Giris_Sayfasi/RetveTamam_Butonu'

2021-11-11 09:41:49 - [MESSAGE][INFO] - Checking object

2021-11-11 09:41:49 - [MESSAGE][INFO] - Finding web element from Test Object's properties

2021-11-11 09:41:49 - [MESSAGE][INFO] - Checking timeout

2021-11-11 09:41:49 - [MESSAGE][INFO] - Finding web element with id: 'Object Repository/Sayfalar/Giris_Sayfasi/RetveTamam_Butonu' located by 'By.xpath: //*[@class = 'btn btn-default']' in '30' second(s)

2021-11-11 09:41:49 - [MESSAGE][INFO] - Smart Wait Function is triggered

2021-11-11 09:41:49 - [MESSAGE][INFO] - Found 1 web elements with id: 'Object Repository/Sayfalar/Giris_Sayfasi/RetveTamam_Butonu' located by 'By.xpath: //*[@class = 'btn btn-default']' in '30' second(s)

2021-11-11 09:41:49 - [MESSAGE][INFO] - Clicking on object: 'Object Repository/Sayfalar/Giris_Sayfasi/RetveTamam_Butonu'

2021-11-11 09:41:50 - [MESSAGE][PASSED] - Object: 'Object Repository/Sayfalar/Giris_Sayfasi/RetveTamam_Butonu' is clicked on

2021-11-11 09:41:50 - [TEST_STEP][PASSED] - click(findTestObject("Object Repository/Sayfalar/Giris_Sayfasi/RetveTamam_Butonu")): Object: 'Object Repository/Sayfalar/Giris_Sayfasi/RetveTamam_Butonu' is clicked on

2021-11-11 09:41:50 - [MESSAGE][INFO] - Finding Test Object 'Object Repository/Sayfalar/Giris_Sayfasi/RetveTamam_Butonu'

2021-11-11 09:41:50 - [MESSAGE][INFO] - Checking object

2021-11-11 09:41:50 - [MESSAGE][INFO] - Finding web element from Test Object's properties

2021-11-11 09:41:50 - [MESSAGE][INFO] - Checking timeout

2021-11-11 09:41:50 - [MESSAGE][INFO] - Finding web element with id: 'Object Repository/Sayfalar/Giris_Sayfasi/RetveTamam_Butonu' located by 'By.xpath: //*[@class = 'btn btn-default']' in '30' second(s)

2021-11-11 09:41:50 - [MESSAGE][INFO] - Smart Wait Function is triggered

2021-11-11 09:41:53 - [MESSAGE][INFO] - Found 1 web elements with id: 'Object Repository/Sayfalar/Giris_Sayfasi/RetveTamam_Butonu' located by 'By.xpath: //*[@class = 'btn btn-default']' in '30' second(s)

2021-11-11 09:41:53 - [MESSAGE][INFO] - Clicking on object: 'Object Repository/Sayfalar/Giris_Sayfasi/RetveTamam_Butonu'

2021-11-11 09:41:53 - [MESSAGE][PASSED] - Object: 'Object Repository/Sayfalar/Giris_Sayfasi/RetveTamam_Butonu' is clicked on

2021-11-11 09:41:53 - [TEST_STEP][PASSED] - if (verifyElementPresent(findTestObject("Sayfalar/Giris_Sayfasi/PopupOK"), 5, OPTIONAL)): null

2021-11-11 09:41:53 - [MESSAGE][INFO] - Finding Test Object 'Object Repository/Sayfalar/Giris_Sayfasi/PopupOK'

2021-11-11 09:41:53 - [MESSAGE][INFO] - Checking object

2021-11-11 09:41:53 - [MESSAGE][INFO] - Finding web element from Test Object's properties

2021-11-11 09:41:53 - [MESSAGE][INFO] - Checking timeout

2021-11-11 09:41:53 - [MESSAGE][INFO] - Finding web element with id: 'Object Repository/Sayfalar/Giris_Sayfasi/PopupOK' located by 'By.cssSelector: .btn.btn-success' in '5' second(s)

2021-11-11 09:41:53 - [MESSAGE][INFO] - Smart Wait Function is triggered

2021-11-11 09:41:53 - [MESSAGE][INFO] - Found 1 web elements with id: 'Object Repository/Sayfalar/Giris_Sayfasi/PopupOK' located by 'By.cssSelector: .btn.btn-success' in '5' second(s)

2021-11-11 09:41:53 - [MESSAGE][PASSED] - Object 'Object Repository/Sayfalar/Giris_Sayfasi/PopupOK' is present

2021-11-11 09:41:53 - [TEST_STEP][PASSED] - click(findTestObject("Object Repository/Sayfalar/Giris_Sayfasi/PopupCarpiGiris")): Object: 'Object Repository/Sayfalar/Giris_Sayfasi/PopupCarpiGiris' is clicked on

2021-11-11 09:41:53 - [MESSAGE][INFO] - Finding Test Object 'Object Repository/Sayfalar/Giris_Sayfasi/PopupCarpiGiris'

2021-11-11 09:41:54 - [MESSAGE][INFO] - Checking object

2021-11-11 09:41:54 - [MESSAGE][INFO] - Finding web element from Test Object's properties

2021-11-11 09:41:54 - [MESSAGE][INFO] - Checking timeout

2021-11-11 09:41:54 - [MESSAGE][INFO] - Finding web element with id: 'Object Repository/Sayfalar/Giris_Sayfasi/PopupCarpiGiris' located by 'By.cssSelector: .bootbox-close-button.close' in '30' second(s)

2021-11-11 09:41:54 - [MESSAGE][INFO] - Smart Wait Function is triggered

2021-11-11 09:41:54 - [MESSAGE][INFO] - Found 1 web elements with id: 'Object Repository/Sayfalar/Giris_Sayfasi/PopupCarpiGiris' located by 'By.cssSelector: .bootbox-close-button.close' in '30' second(s)

2021-11-11 09:41:54 - [MESSAGE][INFO] - Clicking on object: 'Object Repository/Sayfalar/Giris_Sayfasi/PopupCarpiGiris'

2021-11-11 09:41:54 - [MESSAGE][PASSED] - Object: 'Object Repository/Sayfalar/Giris_Sayfasi/PopupCarpiGiris' is clicked on

2021-11-11 09:41:54 - [TEST_STEP][PASSED] - verifyElementVisible(findTestObject("Object Repository/Kullanici_Islemleri/KullaniciIslemleri")): Object 'Object Repository/Kullanici_Islemleri/KullaniciIslemleri' is visible

2021-11-11 09:41:54 - [MESSAGE][INFO] - Finding Test Object 'Object Repository/Kullanici_Islemleri/KullaniciIslemleri'

2021-11-11 09:41:54 - [MESSAGE][INFO] - Checking object

2021-11-11 09:41:54 - [MESSAGE][INFO] - Finding web element from Test Object's properties

2021-11-11 09:41:54 - [MESSAGE][INFO] - Checking timeout

2021-11-11 09:41:54 - [MESSAGE][INFO] - Finding web element with id: 'Object Repository/Kullanici_Islemleri/KullaniciIslemleri' located by 'By.cssSelector: .dropdown>a>img' in '30' second(s)

2021-11-11 09:41:54 - [MESSAGE][INFO] - Smart Wait Function is triggered

2021-11-11 09:41:55 - [MESSAGE][INFO] - Found 1 web elements with id: 'Object Repository/Kullanici_Islemleri/KullaniciIslemleri' located by 'By.cssSelector: .dropdown>a>img' in '30' second(s)

2021-11-11 09:41:55 - [MESSAGE][PASSED] - Object 'Object Repository/Kullanici_Islemleri/KullaniciIslemleri' is visible

2021-11-11 09:41:55 - [MESSAGE][PASSED] - Call Test Case 'Test Cases/Sayfalar/Giris_Sayfasi/Login' successfully

2021-11-11 09:41:55 - [MESSAGE][INFO] - Checking called Test Case

2021-11-11 09:41:55 - [MESSAGE][INFO] - Starting to call Test Case 'Test Cases/Menu/AnaMenuSecimi'

2021-11-11 09:41:55 - [TEST_CASE][PASSED] - Test Cases/Menu/AnaMenuSecimi: Test Cases/Menu/AnaMenuSecimi

2021-11-11 09:41:55 - [TEST_STEP][PASSED] - Method.TextDegerineEsitElementeTikla(findTestObject("Menu/Ana_Menu"), Ana_Menu): Method.TextDegerineEsitElementeTikla is PASSED

2021-11-11 09:41:55 - [MESSAGE][INFO] - Finding Test Object 'Object Repository/Menu/Ana_Menu'

2021-11-11 09:41:55 - [MESSAGE][INFO] - Checking timeout

2021-11-11 09:41:55 - [MESSAGE][INFO] - Finding web element with id: 'Object Repository/Menu/Ana_Menu' located by 'By.xpath: //*[@class = 'dropdown-toggle']' in '10' second(s)

2021-11-11 09:41:55 - [MESSAGE][INFO] - Smart Wait Function is triggered

2021-11-11 09:41:55 - [MESSAGE][INFO] - Found 14 web elements with id: 'Object Repository/Menu/Ana_Menu' located by 'By.xpath: //*[@class = 'dropdown-toggle']' in '10' second(s)

2021-11-11 09:41:55 - [MESSAGE][PASSED] - Method.TextDegerineEsitElementeTikla is PASSED

2021-11-11 09:41:55 - [MESSAGE][PASSED] - Call Test Case 'Test Cases/Menu/AnaMenuSecimi' successfully

2021-11-11 09:41:55 - [MESSAGE][INFO] - Checking called Test Case

2021-11-11 09:41:55 - [MESSAGE][INFO] - Starting to call Test Case 'Test Cases/Menu/BasligaGoreAltMenuSecimi'

2021-11-11 09:41:55 - [TEST_CASE][PASSED] - Test Cases/Menu/BasligaGoreAltMenuSecimi: Test Cases/Menu/BasligaGoreAltMenuSecimi

2021-11-11 09:41:55 - [TEST_STEP][PASSED] - Method.TextDegerineEsitElementinAltindakiTextDegerineEsitOlanaTikla(findTestObject("Menu/Menu_Basligi"), findTestObject("Menu/Basliga_Gore_Alt_Menu"), Baslik, Alt_Menu): Method.TextDegerineEsitElementinAltindakiTextDegerineEsitOlanaTikla is PASSED

2021-11-11 09:41:55 - [MESSAGE][INFO] - Finding Test Object 'Object Repository/Menu/Menu_Basligi'

2021-11-11 09:41:56 - [MESSAGE][INFO] - Finding Test Object 'Object Repository/Menu/Basliga_Gore_Alt_Menu'

2021-11-11 09:41:56 - [MESSAGE][INFO] - Checking timeout

2021-11-11 09:41:56 - [MESSAGE][INFO] - Finding web element with id: 'Object Repository/Menu/Menu_Basligi' located by 'By.xpath: //li[@class='dropdown dropdown-large open']//li[@class='dropdown-header']' in '10' second(s)

2021-11-11 09:41:56 - [MESSAGE][INFO] - Smart Wait Function is triggered

2021-11-11 09:41:56 - [MESSAGE][INFO] - Found 3 web elements with id: 'Object Repository/Menu/Menu_Basligi' located by 'By.xpath: //li[@class='dropdown dropdown-large open']//li[@class='dropdown-header']' in '10' second(s)

2021-11-11 09:41:56 - [MESSAGE][INFO] - Smart Wait Function is triggered

2021-11-11 09:41:58 - [MESSAGE][PASSED] - Method.TextDegerineEsitElementinAltindakiTextDegerineEsitOlanaTikla is PASSED

2021-11-11 09:41:58 - [MESSAGE][PASSED] - Call Test Case 'Test Cases/Menu/BasligaGoreAltMenuSecimi' successfully

2021-11-11 09:41:58 - [MESSAGE][INFO] - Checking called Test Case

2021-11-11 09:41:58 - [MESSAGE][INFO] - Starting to call Test Case 'Test Cases/Filtreler/BaslangicYaz'

2021-11-11 09:41:58 - [TEST_CASE][PASSED] - Test Cases/Filtreler/BaslangicYaz: Test Cases/Filtreler/BaslangicYaz

2021-11-11 09:41:58 - [TEST_STEP][PASSED] - Method.TextDegerineEsitElementinAltindakineTikla(findTestObject("Filtreler/Basliklar"), findTestObject("Filtreler/Basliga_Gore_Baslangic_Image"), Filtre_Adi): Method.TextDegerineEsitElementinAltindakineTikla is PASSED

2021-11-11 09:41:58 - [MESSAGE][INFO] - Finding Test Object 'Object Repository/Filtreler/Basliklar'

2021-11-11 09:41:58 - [MESSAGE][INFO] - Finding Test Object 'Object Repository/Filtreler/Basliga_Gore_Baslangic_Image'

2021-11-11 09:41:58 - [MESSAGE][INFO] - Checking timeout

2021-11-11 09:41:58 - [MESSAGE][INFO] - Finding web element with id: 'Object Repository/Filtreler/Basliklar' located by 'By.cssSelector: .control-label.col-sm-4.paddingMarginRLC' in '10' second(s)

2021-11-11 09:41:58 - [MESSAGE][INFO] - Smart Wait Function is triggered

2021-11-11 09:41:59 - [MESSAGE][INFO] - Found 13 web elements with id: 'Object Repository/Filtreler/Basliklar' located by 'By.cssSelector: .control-label.col-sm-4.paddingMarginRLC' in '10' second(s)

2021-11-11 09:41:59 - [MESSAGE][INFO] - Smart Wait Function is triggered

2021-11-11 09:41:59 - [MESSAGE][PASSED] - Method.TextDegerineEsitElementinAltindakineTikla is PASSED

2021-11-11 09:41:59 - [TEST_STEP][PASSED] - Method.TextDegerineEsitElementinAltindakiTextboxtaYaz(findTestObject("Filtreler/Basliklar"), findTestObject("Filtreler/Basliga_Gore_Baslangic"), Filtre_Adi, Filtre_Degeri): Method.TextDegerineEsitElementinAltindakiTextboxtaYaz is PASSED

2021-11-11 09:41:59 - [MESSAGE][INFO] - Finding Test Object 'Object Repository/Filtreler/Basliklar'

2021-11-11 09:41:59 - [MESSAGE][INFO] - Finding Test Object 'Object Repository/Filtreler/Basliga_Gore_Baslangic'

2021-11-11 09:41:59 - [MESSAGE][INFO] - Checking timeout

2021-11-11 09:41:59 - [MESSAGE][INFO] - Finding web element with id: 'Object Repository/Filtreler/Basliklar' located by 'By.cssSelector: .control-label.col-sm-4.paddingMarginRLC' in '10' second(s)

2021-11-11 09:41:59 - [MESSAGE][INFO] - Smart Wait Function is triggered

2021-11-11 09:41:59 - [MESSAGE][INFO] - Found 13 web elements with id: 'Object Repository/Filtreler/Basliklar' located by 'By.cssSelector: .control-label.col-sm-4.paddingMarginRLC' in '10' second(s)

2021-11-11 09:41:59 - [MESSAGE][INFO] - Smart Wait Function is triggered

2021-11-11 09:42:00 - [MESSAGE][PASSED] - Method.TextDegerineEsitElementinAltindakiTextboxtaYaz is PASSED

2021-11-11 09:42:00 - [MESSAGE][PASSED] - Call Test Case 'Test Cases/Filtreler/BaslangicYaz' successfully

2021-11-11 09:42:00 - [MESSAGE][INFO] - Checking called Test Case

2021-11-11 09:42:00 - [MESSAGE][INFO] - Starting to call Test Case 'Test Cases/Filtreler/BitisYaz'

2021-11-11 09:42:00 - [TEST_CASE][PASSED] - Test Cases/Filtreler/BitisYaz: Test Cases/Filtreler/BitisYaz

2021-11-11 09:42:00 - [TEST_STEP][PASSED] - Method.TextDegerineEsitElementinAltindakineTikla(findTestObject("Filtreler/Basliklar"), findTestObject("Filtreler/Basliga_Gore_Bitis_Image"), Filtre_Adi): Method.TextDegerineEsitElementinAltindakineTikla is PASSED

2021-11-11 09:42:00 - [MESSAGE][INFO] - Finding Test Object 'Object Repository/Filtreler/Basliklar'

2021-11-11 09:42:00 - [MESSAGE][INFO] - Finding Test Object 'Object Repository/Filtreler/Basliga_Gore_Bitis_Image'

2021-11-11 09:42:00 - [MESSAGE][INFO] - Checking timeout

2021-11-11 09:42:00 - [MESSAGE][INFO] - Finding web element with id: 'Object Repository/Filtreler/Basliklar' located by 'By.cssSelector: .control-label.col-sm-4.paddingMarginRLC' in '10' second(s)

2021-11-11 09:42:00 - [MESSAGE][INFO] - Smart Wait Function is triggered

2021-11-11 09:42:00 - [MESSAGE][INFO] - Found 13 web elements with id: 'Object Repository/Filtreler/Basliklar' located by 'By.cssSelector: .control-label.col-sm-4.paddingMarginRLC' in '10' second(s)

2021-11-11 09:42:00 - [MESSAGE][INFO] - Smart Wait Function is triggered

2021-11-11 09:42:01 - [MESSAGE][PASSED] - Method.TextDegerineEsitElementinAltindakineTikla is PASSED

2021-11-11 09:42:01 - [TEST_STEP][PASSED] - Method.TextDegerineEsitElementinAltindakiTextboxtaYaz(findTestObject("Filtreler/Basliklar"), findTestObject("Object Repository/Filtreler/Basliga_Gore_Bitis"), Filtre_Adi, Filtre_Degeri): Method.TextDegerineEsitElementinAltindakiTextboxtaYaz is PASSED

2021-11-11 09:42:01 - [MESSAGE][INFO] - Finding Test Object 'Object Repository/Filtreler/Basliklar'

2021-11-11 09:42:01 - [MESSAGE][INFO] - Finding Test Object 'Object Repository/Filtreler/Basliga_Gore_Bitis'

2021-11-11 09:42:01 - [MESSAGE][INFO] - Checking timeout

2021-11-11 09:42:01 - [MESSAGE][INFO] - Finding web element with id: 'Object Repository/Filtreler/Basliklar' located by 'By.cssSelector: .control-label.col-sm-4.paddingMarginRLC' in '10' second(s)

2021-11-11 09:42:01 - [MESSAGE][INFO] - Smart Wait Function is triggered

2021-11-11 09:42:01 - [MESSAGE][INFO] - Found 13 web elements with id: 'Object Repository/Filtreler/Basliklar' located by 'By.cssSelector: .control-label.col-sm-4.paddingMarginRLC' in '10' second(s)

2021-11-11 09:42:01 - [MESSAGE][INFO] - Smart Wait Function is triggered

2021-11-11 09:42:02 - [MESSAGE][PASSED] - Method.TextDegerineEsitElementinAltindakiTextboxtaYaz is PASSED

2021-11-11 09:42:02 - [MESSAGE][PASSED] - Call Test Case 'Test Cases/Filtreler/BitisYaz' successfully

2021-11-11 09:42:02 - [MESSAGE][INFO] - Checking called Test Case

2021-11-11 09:42:02 - [MESSAGE][INFO] - Starting to call Test Case 'Test Cases/Filtreler/ButonaTikla'

2021-11-11 09:42:02 - [TEST_CASE][PASSED] - Test Cases/Filtreler/ButonaTikla: Test Cases/Filtreler/ButonaTikla

2021-11-11 09:42:02 - [TEST_STEP][PASSED] - Method.TextDegerineEsitElementeTikla(findTestObject("Filtreler/Butonlar"), Filtre_Buton): Method.TextDegerineEsitElementeTikla is PASSED

2021-11-11 09:42:02 - [MESSAGE][INFO] - Finding Test Object 'Object Repository/Filtreler/Butonlar'

2021-11-11 09:42:02 - [MESSAGE][INFO] - Checking timeout

2021-11-11 09:42:02 - [MESSAGE][INFO] - Finding web element with id: 'Object Repository/Filtreler/Butonlar' located by 'By.cssSelector: .dxb>span' in '10' second(s)

2021-11-11 09:42:02 - [MESSAGE][INFO] - Smart Wait Function is triggered

2021-11-11 09:42:02 - [MESSAGE][INFO] - Found 3 web elements with id: 'Object Repository/Filtreler/Butonlar' located by 'By.cssSelector: .dxb>span' in '10' second(s)

2021-11-11 09:42:02 - [MESSAGE][PASSED] - Method.TextDegerineEsitElementeTikla is PASSED

2021-11-11 09:42:02 - [MESSAGE][PASSED] - Call Test Case 'Test Cases/Filtreler/ButonaTikla' successfully

2021-11-11 09:42:02 - [MESSAGE][INFO] - Checking called Test Case

2021-11-11 09:42:02 - [MESSAGE][INFO] - Starting to call Test Case 'Test Cases/Tablo/TablodaVeriVarMi'

2021-11-11 09:42:02 - [TEST_CASE][PASSED] - Test Cases/Tablo/TablodaVeriVarMi: Test Cases/Tablo/TablodaVeriVarMi

2021-11-11 09:42:02 - [TEST_STEP][PASSED] - verifyTextNotPresent("Görüntülenecek veri yok", true): Text 'Görüntülenecek veri yok' is not present on page using regular expression

2021-11-11 09:42:02 - [MESSAGE][INFO] - Checking text present  using regular expression

2021-11-11 09:42:02 - [MESSAGE][INFO] - Smart Wait Function is triggered

2021-11-11 09:42:03 - [MESSAGE][INFO] - Finding text 'Görüntülenecek veri yok' on page  using regular expression

2021-11-11 09:42:03 - [MESSAGE][PASSED] - Text 'Görüntülenecek veri yok' is not present on page using regular expression

2021-11-11 09:42:03 - [MESSAGE][PASSED] - Call Test Case 'Test Cases/Tablo/TablodaVeriVarMi' successfully

2021-11-11 09:42:03 - [MESSAGE][INFO] - Checking called Test Case

2021-11-11 09:42:03 - [MESSAGE][INFO] - Starting to call Test Case 'Test Cases/Tablo/TablodanVeriSec'

2021-11-11 09:42:03 - [TEST_CASE][PASSED] - Test Cases/Tablo/TablodanVeriSec: Test Cases/Tablo/TablodanVeriSec

2021-11-11 09:42:03 - [TEST_STEP][PASSED] - Method.TextDegerineEsitElementinAltindakineTikla(findTestObject("Tablo/Veriler"), findTestObject("Tablo/VerininCheckBoxi"), Veri_Adi): Method.TextDegerineEsitElementinAltindakineTikla is PASSED

2021-11-11 09:42:03 - [MESSAGE][INFO] - Finding Test Object 'Object Repository/Tablo/Veriler'

2021-11-11 09:42:03 - [MESSAGE][INFO] - Finding Test Object 'Object Repository/Tablo/VerininCheckBoxi'

2021-11-11 09:42:04 - [MESSAGE][INFO] - Checking timeout

2021-11-11 09:42:04 - [MESSAGE][INFO] - Finding web element with id: 'Object Repository/Tablo/Veriler' located by 'By.cssSelector: td.dxgv b ,td.dxgv' in '10' second(s)

2021-11-11 09:42:04 - [MESSAGE][INFO] - Smart Wait Function is triggered

2021-11-11 09:42:04 - [MESSAGE][INFO] - Found 90 web elements with id: 'Object Repository/Tablo/Veriler' located by 'By.cssSelector: td.dxgv b ,td.dxgv' in '10' second(s)

2021-11-11 09:42:04 - [MESSAGE][INFO] - Smart Wait Function is triggered

2021-11-11 09:42:04 - [MESSAGE][PASSED] - Method.TextDegerineEsitElementinAltindakineTikla is PASSED

2021-11-11 09:42:04 - [MESSAGE][PASSED] - Call Test Case 'Test Cases/Tablo/TablodanVeriSec' successfully

2021-11-11 09:42:04 - [MESSAGE][INFO] - Checking called Test Case

2021-11-11 09:42:04 - [MESSAGE][INFO] - Starting to call Test Case 'Test Cases/Butonlar/ButonaTikla'

2021-11-11 09:42:04 - [TEST_CASE][PASSED] - Test Cases/Butonlar/ButonaTikla: Test Cases/Butonlar/ButonaTikla

2021-11-11 09:42:04 - [TEST_STEP][PASSED] - Method.TextDegerineEsitElementeTiklaEquals(findTestObject("Butonlar/Butonlar"), Buton_Adi): Method.TextDegerineEsitElementeTiklaEquals is PASSED

2021-11-11 09:42:04 - [MESSAGE][INFO] - Finding Test Object 'Object Repository/Butonlar/Butonlar'

2021-11-11 09:42:04 - [MESSAGE][INFO] - Checking timeout

2021-11-11 09:42:04 - [MESSAGE][INFO] - Finding web element with id: 'Object Repository/Butonlar/Butonlar' located by 'By.cssSelector: .panel.panel-default.text-center.footerPanel .btn,.btn.btn-primary.btnControls' in '10' second(s)

2021-11-11 09:42:04 - [MESSAGE][INFO] - Smart Wait Function is triggered

2021-11-11 09:42:05 - [MESSAGE][INFO] - Found 6 web elements with id: 'Object Repository/Butonlar/Butonlar' located by 'By.cssSelector: .panel.panel-default.text-center.footerPanel .btn,.btn.btn-primary.btnControls' in '10' second(s)

2021-11-11 09:42:05 - [MESSAGE][PASSED] - Method.TextDegerineEsitElementeTiklaEquals is PASSED

2021-11-11 09:42:05 - [MESSAGE][PASSED] - Call Test Case 'Test Cases/Butonlar/ButonaTikla' successfully

2021-11-11 09:42:05 - [MESSAGE][INFO] - Checking called Test Case

2021-11-11 09:42:05 - [MESSAGE][INFO] - Starting to call Test Case 'Test Cases/Butonlar/AltButonaTikla'

2021-11-11 09:42:05 - [TEST_CASE][PASSED] - Test Cases/Butonlar/AltButonaTikla: Test Cases/Butonlar/AltButonaTikla

2021-11-11 09:42:05 - [TEST_STEP][PASSED] - Method.TextDegerineEsitElementeTikla(findTestObject("Butonlar/AltButonlar"), Alt_Buton): Method.TextDegerineEsitElementeTikla is PASSED

2021-11-11 09:42:05 - [MESSAGE][INFO] - Finding Test Object 'Object Repository/Butonlar/AltButonlar'

2021-11-11 09:42:05 - [MESSAGE][INFO] - Checking timeout

2021-11-11 09:42:05 - [MESSAGE][INFO] - Finding web element with id: 'Object Repository/Butonlar/AltButonlar' located by 'By.cssSelector: .btn-group.open li>a' in '10' second(s)

2021-11-11 09:42:05 - [MESSAGE][INFO] - Smart Wait Function is triggered

2021-11-11 09:42:05 - [MESSAGE][INFO] - Found 2 web elements with id: 'Object Repository/Butonlar/AltButonlar' located by 'By.cssSelector: .btn-group.open li>a' in '10' second(s)

2021-11-11 09:42:05 - [MESSAGE][PASSED] - Method.TextDegerineEsitElementeTikla is PASSED

2021-11-11 09:42:05 - [MESSAGE][PASSED] - Call Test Case 'Test Cases/Butonlar/AltButonaTikla' successfully

2021-11-11 09:42:05 - [MESSAGE][INFO] - Checking called Test Case

2021-11-11 09:42:05 - [MESSAGE][INFO] - Starting to call Test Case 'Test Cases/Popup/PopupMesajiIceriyorMu'

2021-11-11 09:42:05 - [TEST_CASE][PASSED] - Test Cases/Popup/PopupMesajiIceriyorMu: Test Cases/Popup/PopupMesajiIceriyorMu

2021-11-11 09:42:05 - [TEST_STEP][PASSED] - waitForElementVisible(findTestObject("Popup/Popup"), 10): Object 'Object Repository/Popup/Popup' is visible

2021-11-11 09:42:05 - [MESSAGE][INFO] - Finding Test Object 'Object Repository/Popup/Popup'

2021-11-11 09:42:06 - [MESSAGE][INFO] - Checking object

2021-11-11 09:42:06 - [MESSAGE][INFO] - Checking timeout

2021-11-11 09:42:06 - [MESSAGE][INFO] - Finding web element from Test Object's properties

2021-11-11 09:42:06 - [MESSAGE][INFO] - Checking timeout

2021-11-11 09:42:06 - [MESSAGE][INFO] - Finding web element with id: 'Object Repository/Popup/Popup' located by 'By.cssSelector: .bootbox-body' in '10' second(s)

2021-11-11 09:42:06 - [MESSAGE][INFO] - Smart Wait Function is triggered

2021-11-11 09:42:06 - [MESSAGE][INFO] - Found 1 web elements with id: 'Object Repository/Popup/Popup' located by 'By.cssSelector: .bootbox-body' in '10' second(s)

2021-11-11 09:42:06 - [MESSAGE][PASSED] - Object 'Object Repository/Popup/Popup' is visible

2021-11-11 09:42:06 - [TEST_STEP][PASSED] - if (!(getText(findTestObject("Popup/Popup")).contains(Mesaj))): Text of object 'Object Repository/Popup/Popup' is: 'Lütfen rapor bildiriminin gönderileceği e-posta adresini belirtiniz.
e-Posta Adresi'

2021-11-11 09:42:06 - [MESSAGE][INFO] - Finding Test Object 'Object Repository/Popup/Popup'

2021-11-11 09:42:07 - [MESSAGE][INFO] - Checking object

2021-11-11 09:42:07 - [MESSAGE][INFO] - Finding web element from Test Object's properties

2021-11-11 09:42:07 - [MESSAGE][INFO] - Checking timeout

2021-11-11 09:42:07 - [MESSAGE][INFO] - Finding web element with id: 'Object Repository/Popup/Popup' located by 'By.cssSelector: .bootbox-body' in '30' second(s)

2021-11-11 09:42:07 - [MESSAGE][INFO] - Smart Wait Function is triggered

2021-11-11 09:42:07 - [MESSAGE][INFO] - Found 1 web elements with id: 'Object Repository/Popup/Popup' located by 'By.cssSelector: .bootbox-body' in '30' second(s)

2021-11-11 09:42:07 - [MESSAGE][INFO] - Getting text of object 'Object Repository/Popup/Popup'

2021-11-11 09:42:07 - [MESSAGE][PASSED] - Text of object 'Object Repository/Popup/Popup' is: 'Lütfen rapor bildiriminin gönderileceği e-posta adresini belirtiniz.
e-Posta Adresi'

2021-11-11 09:42:07 - [TEST_STEP][PASSED] - RaporNo = getText(findTestObject("Popup/Popup")).substring(0, 6): Text of object 'Object Repository/Popup/Popup' is: 'Lütfen rapor bildiriminin gönderileceği e-posta adresini belirtiniz.
e-Posta Adresi'

2021-11-11 09:42:07 - [MESSAGE][INFO] - Finding Test Object 'Object Repository/Popup/Popup'

2021-11-11 09:42:07 - [MESSAGE][INFO] - Checking object

2021-11-11 09:42:07 - [MESSAGE][INFO] - Finding web element from Test Object's properties

2021-11-11 09:42:07 - [MESSAGE][INFO] - Checking timeout

2021-11-11 09:42:07 - [MESSAGE][INFO] - Finding web element with id: 'Object Repository/Popup/Popup' located by 'By.cssSelector: .bootbox-body' in '30' second(s)

2021-11-11 09:42:07 - [MESSAGE][INFO] - Smart Wait Function is triggered

2021-11-11 09:42:07 - [MESSAGE][INFO] - Found 1 web elements with id: 'Object Repository/Popup/Popup' located by 'By.cssSelector: .bootbox-body' in '30' second(s)

2021-11-11 09:42:07 - [MESSAGE][INFO] - Getting text of object 'Object Repository/Popup/Popup'

2021-11-11 09:42:07 - [MESSAGE][PASSED] - Text of object 'Object Repository/Popup/Popup' is: 'Lütfen rapor bildiriminin gönderileceği e-posta adresini belirtiniz.
e-Posta Adresi'

2021-11-11 09:42:07 - [TEST_STEP][PASSED] - Console.println(RaporNo): null

2021-11-11 09:42:07 - [MESSAGE][PASSED] - Call Test Case 'Test Cases/Popup/PopupMesajiIceriyorMu' successfully

2021-11-11 09:42:07 - [MESSAGE][INFO] - Checking called Test Case

2021-11-11 09:42:07 - [MESSAGE][INFO] - Starting to call Test Case 'Test Cases/Popup/PopupaEmailEklenir'

2021-11-11 09:42:07 - [TEST_CASE][PASSED] - Test Cases/Popup/PopupaEmailEklenir: Test Cases/Popup/PopupaEmailEklenir

2021-11-11 09:42:07 - [TEST_STEP][PASSED] - clearText(findTestObject("Popup/EmailText")): Text of object 'Object Repository/Popup/EmailText' is cleared

2021-11-11 09:42:07 - [MESSAGE][INFO] - Finding Test Object 'Object Repository/Popup/EmailText'

2021-11-11 09:42:07 - [MESSAGE][INFO] - Checking object

2021-11-11 09:42:07 - [MESSAGE][INFO] - Finding web element from Test Object's properties

2021-11-11 09:42:07 - [MESSAGE][INFO] - Checking timeout

2021-11-11 09:42:07 - [MESSAGE][INFO] - Finding web element with id: 'Object Repository/Popup/EmailText' located by 'By.xpath: //*[@id="eMails"]' in '30' second(s)

2021-11-11 09:42:07 - [MESSAGE][INFO] - Smart Wait Function is triggered

2021-11-11 09:42:08 - [MESSAGE][INFO] - Found 1 web elements with id: 'Object Repository/Popup/EmailText' located by 'By.xpath: //*[@id="eMails"]' in '30' second(s)

2021-11-11 09:42:08 - [MESSAGE][INFO] - Clearing text of object 'Object Repository/Popup/EmailText'

2021-11-11 09:42:08 - [MESSAGE][PASSED] - Text of object 'Object Repository/Popup/EmailText' is cleared

2021-11-11 09:42:08 - [TEST_STEP][PASSED] - sendKeys(findTestObject("Popup/EmailText"), Email): Keys 'elogotest@gmail.com;ali.kara@logo.com.tr' sent to object: 'Object Repository/Popup/EmailText'

2021-11-11 09:42:08 - [MESSAGE][INFO] - Finding Test Object 'Object Repository/Popup/EmailText'

2021-11-11 09:42:08 - [MESSAGE][INFO] - Sending keys 'elogotest@gmail.com;ali.kara@logo.com.tr' to object: 'Object Repository/Popup/EmailText'

2021-11-11 09:42:08 - [MESSAGE][INFO] - Finding web element from Test Object's properties

2021-11-11 09:42:08 - [MESSAGE][INFO] - Checking timeout

2021-11-11 09:42:08 - [MESSAGE][INFO] - Finding web element with id: 'Object Repository/Popup/EmailText' located by 'By.xpath: //*[@id="eMails"]' in '30' second(s)

2021-11-11 09:42:08 - [MESSAGE][INFO] - Smart Wait Function is triggered

2021-11-11 09:42:08 - [MESSAGE][INFO] - Found 1 web elements with id: 'Object Repository/Popup/EmailText' located by 'By.xpath: //*[@id="eMails"]' in '30' second(s)

2021-11-11 09:42:08 - [MESSAGE][PASSED] - Keys 'elogotest@gmail.com;ali.kara@logo.com.tr' sent to object: 'Object Repository/Popup/EmailText'

2021-11-11 09:42:08 - [MESSAGE][PASSED] - Call Test Case 'Test Cases/Popup/PopupaEmailEklenir' successfully

2021-11-11 09:42:08 - [MESSAGE][INFO] - Checking called Test Case

2021-11-11 09:42:08 - [MESSAGE][INFO] - Starting to call Test Case 'Test Cases/Popup/PopupButonSecilir'

2021-11-11 09:42:08 - [TEST_CASE][PASSED] - Test Cases/Popup/PopupButonSecilir: Test Cases/Popup/PopupButonSecilir

2021-11-11 09:42:08 - [TEST_STEP][PASSED] - Method.TextDegerineEsitElementeTikla(findTestObject("Popup/Popup_Butons"), Buton): Method.TextDegerineEsitElementeTikla is PASSED

2021-11-11 09:42:08 - [MESSAGE][INFO] - Finding Test Object 'Object Repository/Popup/Popup_Butons'

2021-11-11 09:42:08 - [MESSAGE][INFO] - Checking timeout

2021-11-11 09:42:08 - [MESSAGE][INFO] - Finding web element with id: 'Object Repository/Popup/Popup_Butons' located by 'By.cssSelector: .modal-footer>button' in '10' second(s)

2021-11-11 09:42:08 - [MESSAGE][INFO] - Smart Wait Function is triggered

2021-11-11 09:42:09 - [MESSAGE][INFO] - Found 2 web elements with id: 'Object Repository/Popup/Popup_Butons' located by 'By.cssSelector: .modal-footer>button' in '10' second(s)

2021-11-11 09:42:09 - [MESSAGE][PASSED] - Method.TextDegerineEsitElementeTikla is PASSED

2021-11-11 09:42:09 - [MESSAGE][PASSED] - Call Test Case 'Test Cases/Popup/PopupButonSecilir' successfully

2021-11-11 09:42:09 - [MESSAGE][INFO] - Checking called Test Case

2021-11-11 09:42:09 - [MESSAGE][INFO] - Starting to call Test Case 'Test Cases/Popup/PopupMesajiIceriyorMu'

2021-11-11 09:42:09 - [TEST_CASE][PASSED] - Test Cases/Popup/PopupMesajiIceriyorMu: Test Cases/Popup/PopupMesajiIceriyorMu

2021-11-11 09:42:09 - [TEST_STEP][PASSED] - waitForElementVisible(findTestObject("Popup/Popup"), 10): Object 'Object Repository/Popup/Popup' is visible

2021-11-11 09:42:09 - [MESSAGE][INFO] - Finding Test Object 'Object Repository/Popup/Popup'

2021-11-11 09:42:09 - [MESSAGE][INFO] - Checking object

2021-11-11 09:42:09 - [MESSAGE][INFO] - Checking timeout

2021-11-11 09:42:09 - [MESSAGE][INFO] - Finding web element from Test Object's properties

2021-11-11 09:42:09 - [MESSAGE][INFO] - Checking timeout

2021-11-11 09:42:09 - [MESSAGE][INFO] - Finding web element with id: 'Object Repository/Popup/Popup' located by 'By.cssSelector: .bootbox-body' in '10' second(s)

2021-11-11 09:42:09 - [MESSAGE][INFO] - Smart Wait Function is triggered

2021-11-11 09:42:09 - [MESSAGE][INFO] - Found 1 web elements with id: 'Object Repository/Popup/Popup' located by 'By.cssSelector: .bootbox-body' in '10' second(s)

2021-11-11 09:42:09 - [MESSAGE][PASSED] - Object 'Object Repository/Popup/Popup' is visible

2021-11-11 09:42:09 - [TEST_STEP][PASSED] - if (!(getText(findTestObject("Popup/Popup")).contains(Mesaj))): Text of object 'Object Repository/Popup/Popup' is: '16267 no’lu talebiniz işleme alınmıştır. Raporunuz hazırlandığında (elogotest@gmail.com;ali.kara@logo.com.tr) adresinize mail gönderilecektir.
Rapor durumunuzu Raporlar > Toplu Veri İndirme ekranından takip edebilir, hazırlandı durumundaki raporlarınızı ilgili menüden indirebilirsiniz.'

2021-11-11 09:42:09 - [MESSAGE][INFO] - Finding Test Object 'Object Repository/Popup/Popup'

2021-11-11 09:42:09 - [MESSAGE][INFO] - Checking object

2021-11-11 09:42:09 - [MESSAGE][INFO] - Finding web element from Test Object's properties

2021-11-11 09:42:09 - [MESSAGE][INFO] - Checking timeout

2021-11-11 09:42:09 - [MESSAGE][INFO] - Finding web element with id: 'Object Repository/Popup/Popup' located by 'By.cssSelector: .bootbox-body' in '30' second(s)

2021-11-11 09:42:09 - [MESSAGE][INFO] - Smart Wait Function is triggered

2021-11-11 09:42:10 - [MESSAGE][INFO] - Found 1 web elements with id: 'Object Repository/Popup/Popup' located by 'By.cssSelector: .bootbox-body' in '30' second(s)

2021-11-11 09:42:10 - [MESSAGE][INFO] - Getting text of object 'Object Repository/Popup/Popup'

2021-11-11 09:42:10 - [MESSAGE][PASSED] - Text of object 'Object Repository/Popup/Popup' is: '16267 no’lu talebiniz işleme alınmıştır. Raporunuz hazırlandığında (elogotest@gmail.com;ali.kara@logo.com.tr) adresinize mail gönderilecektir.
Rapor durumunuzu Raporlar > Toplu Veri İndirme ekranından takip edebilir, hazırlandı durumundaki raporlarınızı ilgili menüden indirebilirsiniz.'

2021-11-11 09:42:10 - [TEST_STEP][PASSED] - RaporNo = getText(findTestObject("Popup/Popup")).substring(0, 6): Text of object 'Object Repository/Popup/Popup' is: '16267 no’lu talebiniz işleme alınmıştır. Raporunuz hazırlandığında (elogotest@gmail.com;ali.kara@logo.com.tr) adresinize mail gönderilecektir.
Rapor durumunuzu Raporlar > Toplu Veri İndirme ekranından takip edebilir, hazırlandı durumundaki raporlarınızı ilgili menüden indirebilirsiniz.'

2021-11-11 09:42:10 - [MESSAGE][INFO] - Finding Test Object 'Object Repository/Popup/Popup'

2021-11-11 09:42:10 - [MESSAGE][INFO] - Checking object

2021-11-11 09:42:10 - [MESSAGE][INFO] - Finding web element from Test Object's properties

2021-11-11 09:42:10 - [MESSAGE][INFO] - Checking timeout

2021-11-11 09:42:10 - [MESSAGE][INFO] - Finding web element with id: 'Object Repository/Popup/Popup' located by 'By.cssSelector: .bootbox-body' in '30' second(s)

2021-11-11 09:42:10 - [MESSAGE][INFO] - Smart Wait Function is triggered

2021-11-11 09:42:10 - [MESSAGE][INFO] - Found 1 web elements with id: 'Object Repository/Popup/Popup' located by 'By.cssSelector: .bootbox-body' in '30' second(s)

2021-11-11 09:42:10 - [MESSAGE][INFO] - Getting text of object 'Object Repository/Popup/Popup'

2021-11-11 09:42:10 - [MESSAGE][PASSED] - Text of object 'Object Repository/Popup/Popup' is: '16267 no’lu talebiniz işleme alınmıştır. Raporunuz hazırlandığında (elogotest@gmail.com;ali.kara@logo.com.tr) adresinize mail gönderilecektir.
Rapor durumunuzu Raporlar > Toplu Veri İndirme ekranından takip edebilir, hazırlandı durumundaki raporlarınızı ilgili menüden indirebilirsiniz.'

2021-11-11 09:42:10 - [TEST_STEP][PASSED] - Console.println(RaporNo): null

2021-11-11 09:42:10 - [MESSAGE][PASSED] - Call Test Case 'Test Cases/Popup/PopupMesajiIceriyorMu' successfully

2021-11-11 09:42:10 - [MESSAGE][INFO] - Checking called Test Case

2021-11-11 09:42:10 - [MESSAGE][INFO] - Starting to call Test Case 'Test Cases/Popup/PopupButonSecilir'

2021-11-11 09:42:10 - [TEST_CASE][PASSED] - Test Cases/Popup/PopupButonSecilir: Test Cases/Popup/PopupButonSecilir

2021-11-11 09:42:10 - [TEST_STEP][PASSED] - Method.TextDegerineEsitElementeTikla(findTestObject("Popup/Popup_Butons"), Buton): Method.TextDegerineEsitElementeTikla is PASSED

2021-11-11 09:42:10 - [MESSAGE][INFO] - Finding Test Object 'Object Repository/Popup/Popup_Butons'

2021-11-11 09:42:10 - [MESSAGE][INFO] - Checking timeout

2021-11-11 09:42:10 - [MESSAGE][INFO] - Finding web element with id: 'Object Repository/Popup/Popup_Butons' located by 'By.cssSelector: .modal-footer>button' in '10' second(s)

2021-11-11 09:42:10 - [MESSAGE][INFO] - Smart Wait Function is triggered

2021-11-11 09:42:11 - [MESSAGE][INFO] - Found 1 web elements with id: 'Object Repository/Popup/Popup_Butons' located by 'By.cssSelector: .modal-footer>button' in '10' second(s)

2021-11-11 09:42:11 - [MESSAGE][PASSED] - Method.TextDegerineEsitElementeTikla is PASSED

2021-11-11 09:42:11 - [MESSAGE][PASSED] - Call Test Case 'Test Cases/Popup/PopupButonSecilir' successfully

2021-11-11 09:42:11 - [MESSAGE][INFO] - Checking called Test Case

2021-11-11 09:42:11 - [MESSAGE][INFO] - Starting to call Test Case 'Test Cases/Butonlar/ButonaTikla'

2021-11-11 09:42:11 - [TEST_CASE][PASSED] - Test Cases/Butonlar/ButonaTikla: Test Cases/Butonlar/ButonaTikla

2021-11-11 09:42:11 - [TEST_STEP][PASSED] - Method.TextDegerineEsitElementeTiklaEquals(findTestObject("Butonlar/Butonlar"), Buton_Adi): Method.TextDegerineEsitElementeTiklaEquals is PASSED

2021-11-11 09:42:11 - [MESSAGE][INFO] - Finding Test Object 'Object Repository/Butonlar/Butonlar'

2021-11-11 09:42:11 - [MESSAGE][INFO] - Checking timeout

2021-11-11 09:42:11 - [MESSAGE][INFO] - Finding web element with id: 'Object Repository/Butonlar/Butonlar' located by 'By.cssSelector: .panel.panel-default.text-center.footerPanel .btn,.btn.btn-primary.btnControls' in '10' second(s)

2021-11-11 09:42:11 - [MESSAGE][INFO] - Smart Wait Function is triggered

2021-11-11 09:42:11 - [MESSAGE][INFO] - Found 6 web elements with id: 'Object Repository/Butonlar/Butonlar' located by 'By.cssSelector: .panel.panel-default.text-center.footerPanel .btn,.btn.btn-primary.btnControls' in '10' second(s)

2021-11-11 09:42:12 - [MESSAGE][PASSED] - Method.TextDegerineEsitElementeTiklaEquals is PASSED

2021-11-11 09:42:12 - [MESSAGE][PASSED] - Call Test Case 'Test Cases/Butonlar/ButonaTikla' successfully

2021-11-11 09:42:12 - [MESSAGE][INFO] - Checking called Test Case

2021-11-11 09:42:12 - [MESSAGE][INFO] - Starting to call Test Case 'Test Cases/Butonlar/AltButonaTikla'

2021-11-11 09:42:12 - [TEST_CASE][PASSED] - Test Cases/Butonlar/AltButonaTikla: Test Cases/Butonlar/AltButonaTikla

2021-11-11 09:42:12 - [TEST_STEP][PASSED] - Method.TextDegerineEsitElementeTikla(findTestObject("Butonlar/AltButonlar"), Alt_Buton): Method.TextDegerineEsitElementeTikla is PASSED

2021-11-11 09:42:12 - [MESSAGE][INFO] - Finding Test Object 'Object Repository/Butonlar/AltButonlar'

2021-11-11 09:42:12 - [MESSAGE][INFO] - Checking timeout

2021-11-11 09:42:12 - [MESSAGE][INFO] - Finding web element with id: 'Object Repository/Butonlar/AltButonlar' located by 'By.cssSelector: .btn-group.open li>a' in '10' second(s)

2021-11-11 09:42:12 - [MESSAGE][INFO] - Smart Wait Function is triggered

2021-11-11 09:42:12 - [MESSAGE][INFO] - Found 2 web elements with id: 'Object Repository/Butonlar/AltButonlar' located by 'By.cssSelector: .btn-group.open li>a' in '10' second(s)

2021-11-11 09:42:12 - [MESSAGE][PASSED] - Method.TextDegerineEsitElementeTikla is PASSED

2021-11-11 09:42:12 - [MESSAGE][PASSED] - Call Test Case 'Test Cases/Butonlar/AltButonaTikla' successfully

2021-11-11 09:42:12 - [MESSAGE][INFO] - Checking called Test Case

2021-11-11 09:42:12 - [MESSAGE][INFO] - Starting to call Test Case 'Test Cases/Popup/PopupMesajiIceriyorMu'

2021-11-11 09:42:12 - [TEST_CASE][PASSED] - Test Cases/Popup/PopupMesajiIceriyorMu: Test Cases/Popup/PopupMesajiIceriyorMu

2021-11-11 09:42:12 - [TEST_STEP][PASSED] - waitForElementVisible(findTestObject("Popup/Popup"), 10): Object 'Object Repository/Popup/Popup' is visible

2021-11-11 09:42:12 - [MESSAGE][INFO] - Finding Test Object 'Object Repository/Popup/Popup'

2021-11-11 09:42:12 - [MESSAGE][INFO] - Checking object

2021-11-11 09:42:12 - [MESSAGE][INFO] - Checking timeout

2021-11-11 09:42:12 - [MESSAGE][INFO] - Finding web element from Test Object's properties

2021-11-11 09:42:12 - [MESSAGE][INFO] - Checking timeout

2021-11-11 09:42:12 - [MESSAGE][INFO] - Finding web element with id: 'Object Repository/Popup/Popup' located by 'By.cssSelector: .bootbox-body' in '10' second(s)

2021-11-11 09:42:12 - [MESSAGE][INFO] - Smart Wait Function is triggered

2021-11-11 09:42:13 - [MESSAGE][INFO] - Found 1 web elements with id: 'Object Repository/Popup/Popup' located by 'By.cssSelector: .bootbox-body' in '10' second(s)

2021-11-11 09:42:13 - [MESSAGE][PASSED] - Object 'Object Repository/Popup/Popup' is visible

2021-11-11 09:42:13 - [TEST_STEP][PASSED] - if (!(getText(findTestObject("Popup/Popup")).contains(Mesaj))): Text of object 'Object Repository/Popup/Popup' is: 'Lütfen rapor bildiriminin gönderileceği e-posta adresini belirtiniz.
e-Posta Adresi'

2021-11-11 09:42:13 - [MESSAGE][INFO] - Finding Test Object 'Object Repository/Popup/Popup'

2021-11-11 09:42:13 - [MESSAGE][INFO] - Checking object

2021-11-11 09:42:13 - [MESSAGE][INFO] - Finding web element from Test Object's properties

2021-11-11 09:42:13 - [MESSAGE][INFO] - Checking timeout

2021-11-11 09:42:13 - [MESSAGE][INFO] - Finding web element with id: 'Object Repository/Popup/Popup' located by 'By.cssSelector: .bootbox-body' in '30' second(s)

2021-11-11 09:42:13 - [MESSAGE][INFO] - Smart Wait Function is triggered

2021-11-11 09:42:13 - [MESSAGE][INFO] - Found 1 web elements with id: 'Object Repository/Popup/Popup' located by 'By.cssSelector: .bootbox-body' in '30' second(s)

2021-11-11 09:42:13 - [MESSAGE][INFO] - Getting text of object 'Object Repository/Popup/Popup'

2021-11-11 09:42:13 - [MESSAGE][PASSED] - Text of object 'Object Repository/Popup/Popup' is: 'Lütfen rapor bildiriminin gönderileceği e-posta adresini belirtiniz.
e-Posta Adresi'

2021-11-11 09:42:13 - [TEST_STEP][PASSED] - RaporNo = getText(findTestObject("Popup/Popup")).substring(0, 6): Text of object 'Object Repository/Popup/Popup' is: 'Lütfen rapor bildiriminin gönderileceği e-posta adresini belirtiniz.
e-Posta Adresi'

2021-11-11 09:42:13 - [MESSAGE][INFO] - Finding Test Object 'Object Repository/Popup/Popup'

2021-11-11 09:42:13 - [MESSAGE][INFO] - Checking object

2021-11-11 09:42:13 - [MESSAGE][INFO] - Finding web element from Test Object's properties

2021-11-11 09:42:13 - [MESSAGE][INFO] - Checking timeout

2021-11-11 09:42:13 - [MESSAGE][INFO] - Finding web element with id: 'Object Repository/Popup/Popup' located by 'By.cssSelector: .bootbox-body' in '30' second(s)

2021-11-11 09:42:13 - [MESSAGE][INFO] - Smart Wait Function is triggered

2021-11-11 09:42:13 - [MESSAGE][INFO] - Found 1 web elements with id: 'Object Repository/Popup/Popup' located by 'By.cssSelector: .bootbox-body' in '30' second(s)

2021-11-11 09:42:13 - [MESSAGE][INFO] - Getting text of object 'Object Repository/Popup/Popup'

2021-11-11 09:42:13 - [MESSAGE][PASSED] - Text of object 'Object Repository/Popup/Popup' is: 'Lütfen rapor bildiriminin gönderileceği e-posta adresini belirtiniz.
e-Posta Adresi'

2021-11-11 09:42:13 - [TEST_STEP][PASSED] - Console.println(RaporNo): null

2021-11-11 09:42:13 - [MESSAGE][PASSED] - Call Test Case 'Test Cases/Popup/PopupMesajiIceriyorMu' successfully

2021-11-11 09:42:13 - [MESSAGE][INFO] - Checking called Test Case

2021-11-11 09:42:13 - [MESSAGE][INFO] - Starting to call Test Case 'Test Cases/Popup/PopupaEmailEklenir'

2021-11-11 09:42:13 - [TEST_CASE][PASSED] - Test Cases/Popup/PopupaEmailEklenir: Test Cases/Popup/PopupaEmailEklenir

2021-11-11 09:42:13 - [TEST_STEP][PASSED] - clearText(findTestObject("Popup/EmailText")): Text of object 'Object Repository/Popup/EmailText' is cleared

2021-11-11 09:42:13 - [MESSAGE][INFO] - Finding Test Object 'Object Repository/Popup/EmailText'

2021-11-11 09:42:14 - [MESSAGE][INFO] - Checking object

2021-11-11 09:42:14 - [MESSAGE][INFO] - Finding web element from Test Object's properties

2021-11-11 09:42:14 - [MESSAGE][INFO] - Checking timeout

2021-11-11 09:42:14 - [MESSAGE][INFO] - Finding web element with id: 'Object Repository/Popup/EmailText' located by 'By.xpath: //*[@id="eMails"]' in '30' second(s)

2021-11-11 09:42:14 - [MESSAGE][INFO] - Smart Wait Function is triggered

2021-11-11 09:42:14 - [MESSAGE][INFO] - Found 1 web elements with id: 'Object Repository/Popup/EmailText' located by 'By.xpath: //*[@id="eMails"]' in '30' second(s)

2021-11-11 09:42:14 - [MESSAGE][INFO] - Clearing text of object 'Object Repository/Popup/EmailText'

2021-11-11 09:42:14 - [MESSAGE][PASSED] - Text of object 'Object Repository/Popup/EmailText' is cleared

2021-11-11 09:42:14 - [TEST_STEP][PASSED] - sendKeys(findTestObject("Popup/EmailText"), Email): Keys 'elogotest@gmail.com;ali.kara@logo.com.tr' sent to object: 'Object Repository/Popup/EmailText'

2021-11-11 09:42:14 - [MESSAGE][INFO] - Finding Test Object 'Object Repository/Popup/EmailText'

2021-11-11 09:42:14 - [MESSAGE][INFO] - Sending keys 'elogotest@gmail.com;ali.kara@logo.com.tr' to object: 'Object Repository/Popup/EmailText'

2021-11-11 09:42:14 - [MESSAGE][INFO] - Finding web element from Test Object's properties

2021-11-11 09:42:14 - [MESSAGE][INFO] - Checking timeout

2021-11-11 09:42:14 - [MESSAGE][INFO] - Finding web element with id: 'Object Repository/Popup/EmailText' located by 'By.xpath: //*[@id="eMails"]' in '30' second(s)

2021-11-11 09:42:14 - [MESSAGE][INFO] - Smart Wait Function is triggered

2021-11-11 09:42:14 - [MESSAGE][INFO] - Found 1 web elements with id: 'Object Repository/Popup/EmailText' located by 'By.xpath: //*[@id="eMails"]' in '30' second(s)

2021-11-11 09:42:14 - [MESSAGE][PASSED] - Keys 'elogotest@gmail.com;ali.kara@logo.com.tr' sent to object: 'Object Repository/Popup/EmailText'

2021-11-11 09:42:14 - [MESSAGE][PASSED] - Call Test Case 'Test Cases/Popup/PopupaEmailEklenir' successfully

2021-11-11 09:42:14 - [MESSAGE][INFO] - Checking called Test Case

2021-11-11 09:42:14 - [MESSAGE][INFO] - Starting to call Test Case 'Test Cases/Popup/PopupButonSecilir'

2021-11-11 09:42:14 - [TEST_CASE][PASSED] - Test Cases/Popup/PopupButonSecilir: Test Cases/Popup/PopupButonSecilir

2021-11-11 09:42:14 - [TEST_STEP][PASSED] - Method.TextDegerineEsitElementeTikla(findTestObject("Popup/Popup_Butons"), Buton): Method.TextDegerineEsitElementeTikla is PASSED

2021-11-11 09:42:14 - [MESSAGE][INFO] - Finding Test Object 'Object Repository/Popup/Popup_Butons'

2021-11-11 09:42:14 - [MESSAGE][INFO] - Checking timeout

2021-11-11 09:42:14 - [MESSAGE][INFO] - Finding web element with id: 'Object Repository/Popup/Popup_Butons' located by 'By.cssSelector: .modal-footer>button' in '10' second(s)

2021-11-11 09:42:14 - [MESSAGE][INFO] - Smart Wait Function is triggered

2021-11-11 09:42:15 - [MESSAGE][INFO] - Found 2 web elements with id: 'Object Repository/Popup/Popup_Butons' located by 'By.cssSelector: .modal-footer>button' in '10' second(s)

2021-11-11 09:42:15 - [MESSAGE][PASSED] - Method.TextDegerineEsitElementeTikla is PASSED

2021-11-11 09:42:15 - [MESSAGE][PASSED] - Call Test Case 'Test Cases/Popup/PopupButonSecilir' successfully

2021-11-11 09:42:15 - [MESSAGE][INFO] - Checking called Test Case

2021-11-11 09:42:15 - [MESSAGE][INFO] - Starting to call Test Case 'Test Cases/Popup/PopupMesajiIceriyorMu'

2021-11-11 09:42:15 - [TEST_CASE][PASSED] - Test Cases/Popup/PopupMesajiIceriyorMu: Test Cases/Popup/PopupMesajiIceriyorMu

2021-11-11 09:42:15 - [TEST_STEP][PASSED] - waitForElementVisible(findTestObject("Popup/Popup"), 10): Object 'Object Repository/Popup/Popup' is visible

2021-11-11 09:42:15 - [MESSAGE][INFO] - Finding Test Object 'Object Repository/Popup/Popup'

2021-11-11 09:42:15 - [MESSAGE][INFO] - Checking object

2021-11-11 09:42:15 - [MESSAGE][INFO] - Checking timeout

2021-11-11 09:42:15 - [MESSAGE][INFO] - Finding web element from Test Object's properties

2021-11-11 09:42:15 - [MESSAGE][INFO] - Checking timeout

2021-11-11 09:42:15 - [MESSAGE][INFO] - Finding web element with id: 'Object Repository/Popup/Popup' located by 'By.cssSelector: .bootbox-body' in '10' second(s)

2021-11-11 09:42:15 - [MESSAGE][INFO] - Smart Wait Function is triggered

2021-11-11 09:42:16 - [MESSAGE][INFO] - Found 1 web elements with id: 'Object Repository/Popup/Popup' located by 'By.cssSelector: .bootbox-body' in '10' second(s)

2021-11-11 09:42:16 - [MESSAGE][PASSED] - Object 'Object Repository/Popup/Popup' is visible

2021-11-11 09:42:16 - [TEST_STEP][PASSED] - if (!(getText(findTestObject("Popup/Popup")).contains(Mesaj))): Text of object 'Object Repository/Popup/Popup' is: '16268 no’lu talebiniz işleme alınmıştır. Raporunuz hazırlandığında (elogotest@gmail.com;ali.kara@logo.com.tr) adresinize mail gönderilecektir.
Rapor durumunuzu Raporlar > Toplu Veri İndirme ekranından takip edebilir, hazırlandı durumundaki raporlarınızı ilgili menüden indirebilirsiniz.'

2021-11-11 09:42:16 - [MESSAGE][INFO] - Finding Test Object 'Object Repository/Popup/Popup'

2021-11-11 09:42:16 - [MESSAGE][INFO] - Checking object

2021-11-11 09:42:16 - [MESSAGE][INFO] - Finding web element from Test Object's properties

2021-11-11 09:42:16 - [MESSAGE][INFO] - Checking timeout

2021-11-11 09:42:16 - [MESSAGE][INFO] - Finding web element with id: 'Object Repository/Popup/Popup' located by 'By.cssSelector: .bootbox-body' in '30' second(s)

2021-11-11 09:42:16 - [MESSAGE][INFO] - Smart Wait Function is triggered

2021-11-11 09:42:16 - [MESSAGE][INFO] - Found 1 web elements with id: 'Object Repository/Popup/Popup' located by 'By.cssSelector: .bootbox-body' in '30' second(s)

2021-11-11 09:42:16 - [MESSAGE][INFO] - Getting text of object 'Object Repository/Popup/Popup'

2021-11-11 09:42:16 - [MESSAGE][PASSED] - Text of object 'Object Repository/Popup/Popup' is: '16268 no’lu talebiniz işleme alınmıştır. Raporunuz hazırlandığında (elogotest@gmail.com;ali.kara@logo.com.tr) adresinize mail gönderilecektir.
Rapor durumunuzu Raporlar > Toplu Veri İndirme ekranından takip edebilir, hazırlandı durumundaki raporlarınızı ilgili menüden indirebilirsiniz.'

2021-11-11 09:42:16 - [TEST_STEP][PASSED] - RaporNo = getText(findTestObject("Popup/Popup")).substring(0, 6): Text of object 'Object Repository/Popup/Popup' is: '16268 no’lu talebiniz işleme alınmıştır. Raporunuz hazırlandığında (elogotest@gmail.com;ali.kara@logo.com.tr) adresinize mail gönderilecektir.
Rapor durumunuzu Raporlar > Toplu Veri İndirme ekranından takip edebilir, hazırlandı durumundaki raporlarınızı ilgili menüden indirebilirsiniz.'

2021-11-11 09:42:16 - [MESSAGE][INFO] - Finding Test Object 'Object Repository/Popup/Popup'

2021-11-11 09:42:16 - [MESSAGE][INFO] - Checking object

2021-11-11 09:42:16 - [MESSAGE][INFO] - Finding web element from Test Object's properties

2021-11-11 09:42:16 - [MESSAGE][INFO] - Checking timeout

2021-11-11 09:42:16 - [MESSAGE][INFO] - Finding web element with id: 'Object Repository/Popup/Popup' located by 'By.cssSelector: .bootbox-body' in '30' second(s)

2021-11-11 09:42:16 - [MESSAGE][INFO] - Smart Wait Function is triggered

2021-11-11 09:42:16 - [MESSAGE][INFO] - Found 1 web elements with id: 'Object Repository/Popup/Popup' located by 'By.cssSelector: .bootbox-body' in '30' second(s)

2021-11-11 09:42:16 - [MESSAGE][INFO] - Getting text of object 'Object Repository/Popup/Popup'

2021-11-11 09:42:16 - [MESSAGE][PASSED] - Text of object 'Object Repository/Popup/Popup' is: '16268 no’lu talebiniz işleme alınmıştır. Raporunuz hazırlandığında (elogotest@gmail.com;ali.kara@logo.com.tr) adresinize mail gönderilecektir.
Rapor durumunuzu Raporlar > Toplu Veri İndirme ekranından takip edebilir, hazırlandı durumundaki raporlarınızı ilgili menüden indirebilirsiniz.'

2021-11-11 09:42:16 - [TEST_STEP][PASSED] - Console.println(RaporNo): null

2021-11-11 09:42:16 - [MESSAGE][PASSED] - Call Test Case 'Test Cases/Popup/PopupMesajiIceriyorMu' successfully

2021-11-11 09:42:16 - [MESSAGE][INFO] - Checking called Test Case

2021-11-11 09:42:16 - [MESSAGE][INFO] - Starting to call Test Case 'Test Cases/Popup/PopupButonSecilir'

2021-11-11 09:42:16 - [TEST_CASE][PASSED] - Test Cases/Popup/PopupButonSecilir: Test Cases/Popup/PopupButonSecilir

2021-11-11 09:42:16 - [TEST_STEP][PASSED] - Method.TextDegerineEsitElementeTikla(findTestObject("Popup/Popup_Butons"), Buton): Method.TextDegerineEsitElementeTikla is PASSED

2021-11-11 09:42:16 - [MESSAGE][INFO] - Finding Test Object 'Object Repository/Popup/Popup_Butons'

2021-11-11 09:42:16 - [MESSAGE][INFO] - Checking timeout

2021-11-11 09:42:16 - [MESSAGE][INFO] - Finding web element with id: 'Object Repository/Popup/Popup_Butons' located by 'By.cssSelector: .modal-footer>button' in '10' second(s)

2021-11-11 09:42:16 - [MESSAGE][INFO] - Smart Wait Function is triggered

2021-11-11 09:42:17 - [MESSAGE][INFO] - Found 1 web elements with id: 'Object Repository/Popup/Popup_Butons' located by 'By.cssSelector: .modal-footer>button' in '10' second(s)

2021-11-11 09:42:17 - [MESSAGE][PASSED] - Method.TextDegerineEsitElementeTikla is PASSED

2021-11-11 09:42:17 - [MESSAGE][PASSED] - Call Test Case 'Test Cases/Popup/PopupButonSecilir' successfully

2021-11-11 09:42:17 - [MESSAGE][INFO] - Checking called Test Case

2021-11-11 09:42:17 - [MESSAGE][INFO] - Starting to call Test Case 'Test Cases/Menu/AnaMenuSecimi'

2021-11-11 09:42:17 - [TEST_CASE][PASSED] - Test Cases/Menu/AnaMenuSecimi: Test Cases/Menu/AnaMenuSecimi

2021-11-11 09:42:17 - [TEST_STEP][PASSED] - Method.TextDegerineEsitElementeTikla(findTestObject("Menu/Ana_Menu"), Ana_Menu): Method.TextDegerineEsitElementeTikla is PASSED

2021-11-11 09:42:17 - [MESSAGE][INFO] - Finding Test Object 'Object Repository/Menu/Ana_Menu'

2021-11-11 09:42:17 - [MESSAGE][INFO] - Checking timeout

2021-11-11 09:42:17 - [MESSAGE][INFO] - Finding web element with id: 'Object Repository/Menu/Ana_Menu' located by 'By.xpath: //*[@class = 'dropdown-toggle']' in '10' second(s)

2021-11-11 09:42:17 - [MESSAGE][INFO] - Smart Wait Function is triggered

2021-11-11 09:42:18 - [MESSAGE][INFO] - Found 14 web elements with id: 'Object Repository/Menu/Ana_Menu' located by 'By.xpath: //*[@class = 'dropdown-toggle']' in '10' second(s)

2021-11-11 09:42:18 - [MESSAGE][PASSED] - Method.TextDegerineEsitElementeTikla is PASSED

2021-11-11 09:42:18 - [MESSAGE][PASSED] - Call Test Case 'Test Cases/Menu/AnaMenuSecimi' successfully

2021-11-11 09:42:18 - [MESSAGE][INFO] - Checking called Test Case

2021-11-11 09:42:18 - [MESSAGE][INFO] - Starting to call Test Case 'Test Cases/Menu/AltMenuSecimi'

2021-11-11 09:42:18 - [TEST_CASE][PASSED] - Test Cases/Menu/AltMenuSecimi: Test Cases/Menu/AltMenuSecimi

2021-11-11 09:42:18 - [TEST_STEP][PASSED] - Method.TextDegerineEsitElementeTikla(findTestObject("Menu/Alt_Menu"), Alt_Menu): Method.TextDegerineEsitElementeTikla is PASSED

2021-11-11 09:42:18 - [MESSAGE][INFO] - Finding Test Object 'Object Repository/Menu/Alt_Menu'

2021-11-11 09:42:18 - [MESSAGE][INFO] - Checking timeout

2021-11-11 09:42:18 - [MESSAGE][INFO] - Finding web element with id: 'Object Repository/Menu/Alt_Menu' located by 'By.xpath: //li[@class='dropdown dropdown-large open']//li[@class='dropdown-element']' in '10' second(s)

2021-11-11 09:42:18 - [MESSAGE][INFO] - Smart Wait Function is triggered

2021-11-11 09:42:18 - [MESSAGE][INFO] - Found 9 web elements with id: 'Object Repository/Menu/Alt_Menu' located by 'By.xpath: //li[@class='dropdown dropdown-large open']//li[@class='dropdown-element']' in '10' second(s)

2021-11-11 09:42:19 - [MESSAGE][PASSED] - Method.TextDegerineEsitElementeTikla is PASSED

2021-11-11 09:42:19 - [MESSAGE][PASSED] - Call Test Case 'Test Cases/Menu/AltMenuSecimi' successfully

2021-11-11 09:42:19 - [MESSAGE][INFO] - Checking called Test Case

2021-11-11 09:42:19 - [MESSAGE][INFO] - Starting to call Test Case 'Test Cases/Filtreler/RaporNoYaz'

2021-11-11 09:42:19 - [TEST_CASE][PASSED] - Test Cases/Filtreler/RaporNoYaz: Test Cases/Filtreler/RaporNoYaz

2021-11-11 09:42:19 - [TEST_STEP][PASSED] - Method.TextDegerineEsitElementinAltindakiTextboxtaYaz(findTestObject("Filtreler/Basliklar"), findTestObject("Filtreler/Basliga_Gore_Textbox"), "Talep No", RaporNo): Method.TextDegerineEsitElementinAltindakiTextboxtaYaz is PASSED

2021-11-11 09:42:19 - [MESSAGE][INFO] - Finding Test Object 'Object Repository/Filtreler/Basliklar'

2021-11-11 09:42:19 - [MESSAGE][INFO] - Finding Test Object 'Object Repository/Filtreler/Basliga_Gore_Textbox'

2021-11-11 09:42:19 - [MESSAGE][INFO] - Checking timeout

2021-11-11 09:42:19 - [MESSAGE][INFO] - Finding web element with id: 'Object Repository/Filtreler/Basliklar' located by 'By.cssSelector: .control-label.col-sm-4.paddingMarginRLC' in '10' second(s)

2021-11-11 09:42:19 - [MESSAGE][INFO] - Smart Wait Function is triggered

2021-11-11 09:42:20 - [MESSAGE][INFO] - Found 8 web elements with id: 'Object Repository/Filtreler/Basliklar' located by 'By.cssSelector: .control-label.col-sm-4.paddingMarginRLC' in '10' second(s)

2021-11-11 09:42:20 - [MESSAGE][INFO] - Smart Wait Function is triggered

2021-11-11 09:42:20 - [MESSAGE][PASSED] - Method.TextDegerineEsitElementinAltindakiTextboxtaYaz is PASSED

2021-11-11 09:42:20 - [MESSAGE][PASSED] - Call Test Case 'Test Cases/Filtreler/RaporNoYaz' successfully

2021-11-11 09:42:20 - [MESSAGE][INFO] - Checking called Test Case

2021-11-11 09:42:20 - [MESSAGE][INFO] - Starting to call Test Case 'Test Cases/Filtreler/ButonaTikla'

2021-11-11 09:42:20 - [TEST_CASE][PASSED] - Test Cases/Filtreler/ButonaTikla: Test Cases/Filtreler/ButonaTikla

2021-11-11 09:42:20 - [TEST_STEP][PASSED] - Method.TextDegerineEsitElementeTikla(findTestObject("Filtreler/Butonlar"), Filtre_Buton): Method.TextDegerineEsitElementeTikla is PASSED

2021-11-11 09:42:20 - [MESSAGE][INFO] - Finding Test Object 'Object Repository/Filtreler/Butonlar'

2021-11-11 09:42:20 - [MESSAGE][INFO] - Checking timeout

2021-11-11 09:42:20 - [MESSAGE][INFO] - Finding web element with id: 'Object Repository/Filtreler/Butonlar' located by 'By.cssSelector: .dxb>span' in '10' second(s)

2021-11-11 09:42:20 - [MESSAGE][INFO] - Smart Wait Function is triggered

2021-11-11 09:42:21 - [MESSAGE][INFO] - Found 2 web elements with id: 'Object Repository/Filtreler/Butonlar' located by 'By.cssSelector: .dxb>span' in '10' second(s)

2021-11-11 09:42:21 - [MESSAGE][PASSED] - Method.TextDegerineEsitElementeTikla is PASSED

2021-11-11 09:42:21 - [MESSAGE][PASSED] - Call Test Case 'Test Cases/Filtreler/ButonaTikla' successfully

2021-11-11 09:42:21 - [MESSAGE][INFO] - Checking called Test Case

2021-11-11 09:42:21 - [MESSAGE][INFO] - Starting to call Test Case 'Test Cases/Tablo/TablodaVeriVarMi'

2021-11-11 09:42:21 - [TEST_CASE][PASSED] - Test Cases/Tablo/TablodaVeriVarMi: Test Cases/Tablo/TablodaVeriVarMi

2021-11-11 09:42:21 - [TEST_STEP][PASSED] - verifyTextNotPresent("Görüntülenecek veri yok", true): Text 'Görüntülenecek veri yok' is not present on page using regular expression

2021-11-11 09:42:21 - [MESSAGE][INFO] - Checking text present  using regular expression

2021-11-11 09:42:21 - [MESSAGE][INFO] - Smart Wait Function is triggered

2021-11-11 09:42:21 - [MESSAGE][INFO] - Finding text 'Görüntülenecek veri yok' on page  using regular expression

2021-11-11 09:42:21 - [MESSAGE][PASSED] - Text 'Görüntülenecek veri yok' is not present on page using regular expression

2021-11-11 09:42:21 - [MESSAGE][PASSED] - Call Test Case 'Test Cases/Tablo/TablodaVeriVarMi' successfully

2021-11-11 09:42:21 - [MESSAGE][INFO] - Checking called Test Case

2021-11-11 09:42:21 - [MESSAGE][INFO] - Starting to call Test Case 'Test Cases/Kullanici_Islemleri/KullaniciIslemlerindenSecimYapilir'

2021-11-11 09:42:21 - [TEST_CASE][PASSED] - Test Cases/Kullanici_Islemleri/KullaniciIslemlerindenSecimYapilir: Test Cases/Kullanici_Islemleri/KullaniciIslemlerindenSecimYapilir

2021-11-11 09:42:21 - [TEST_STEP][PASSED] - waitForElementClickable(findTestObject("Object Repository/Kullanici_Islemleri/KullaniciIslemleri"), 10): Object 'Object Repository/Kullanici_Islemleri/KullaniciIslemleri' is clickable

2021-11-11 09:42:21 - [MESSAGE][INFO] - Finding Test Object 'Object Repository/Kullanici_Islemleri/KullaniciIslemleri'

2021-11-11 09:42:22 - [MESSAGE][INFO] - Checking object

2021-11-11 09:42:22 - [MESSAGE][INFO] - Checking timeout

2021-11-11 09:42:22 - [MESSAGE][INFO] - Finding web element from Test Object's properties

2021-11-11 09:42:22 - [MESSAGE][INFO] - Checking timeout

2021-11-11 09:42:22 - [MESSAGE][INFO] - Finding web element with id: 'Object Repository/Kullanici_Islemleri/KullaniciIslemleri' located by 'By.cssSelector: .dropdown>a>img' in '10' second(s)

2021-11-11 09:42:22 - [MESSAGE][INFO] - Smart Wait Function is triggered

2021-11-11 09:42:22 - [MESSAGE][INFO] - Found 1 web elements with id: 'Object Repository/Kullanici_Islemleri/KullaniciIslemleri' located by 'By.cssSelector: .dropdown>a>img' in '10' second(s)

2021-11-11 09:42:22 - [MESSAGE][PASSED] - Object 'Object Repository/Kullanici_Islemleri/KullaniciIslemleri' is clickable

2021-11-11 09:42:22 - [TEST_STEP][PASSED] - click(findTestObject("Object Repository/Kullanici_Islemleri/KullaniciIslemleri")): Object: 'Object Repository/Kullanici_Islemleri/KullaniciIslemleri' is clicked on

2021-11-11 09:42:22 - [MESSAGE][INFO] - Finding Test Object 'Object Repository/Kullanici_Islemleri/KullaniciIslemleri'

2021-11-11 09:42:22 - [MESSAGE][INFO] - Checking object

2021-11-11 09:42:22 - [MESSAGE][INFO] - Finding web element from Test Object's properties

2021-11-11 09:42:22 - [MESSAGE][INFO] - Checking timeout

2021-11-11 09:42:22 - [MESSAGE][INFO] - Finding web element with id: 'Object Repository/Kullanici_Islemleri/KullaniciIslemleri' located by 'By.cssSelector: .dropdown>a>img' in '30' second(s)

2021-11-11 09:42:22 - [MESSAGE][INFO] - Smart Wait Function is triggered

2021-11-11 09:42:22 - [MESSAGE][INFO] - Found 1 web elements with id: 'Object Repository/Kullanici_Islemleri/KullaniciIslemleri' located by 'By.cssSelector: .dropdown>a>img' in '30' second(s)

2021-11-11 09:42:22 - [MESSAGE][INFO] - Clicking on object: 'Object Repository/Kullanici_Islemleri/KullaniciIslemleri'

2021-11-11 09:42:22 - [MESSAGE][PASSED] - Object: 'Object Repository/Kullanici_Islemleri/KullaniciIslemleri' is clicked on

2021-11-11 09:42:22 - [TEST_STEP][PASSED] - Method.TextDegerineEsitElementeTikla(findTestObject("Object Repository/Kullanici_Islemleri/Secenekler"), Islem): Method.TextDegerineEsitElementeTikla is PASSED

2021-11-11 09:42:22 - [MESSAGE][INFO] - Finding Test Object 'Object Repository/Kullanici_Islemleri/Secenekler'

2021-11-11 09:42:22 - [MESSAGE][INFO] - Checking timeout

2021-11-11 09:42:22 - [MESSAGE][INFO] - Finding web element with id: 'Object Repository/Kullanici_Islemleri/Secenekler' located by 'By.cssSelector: .nav.navbar-nav.navbar-right li a' in '10' second(s)

2021-11-11 09:42:22 - [MESSAGE][INFO] - Smart Wait Function is triggered

2021-11-11 09:42:23 - [MESSAGE][INFO] - Found 22 web elements with id: 'Object Repository/Kullanici_Islemleri/Secenekler' located by 'By.cssSelector: .nav.navbar-nav.navbar-right li a' in '10' second(s)

2021-11-11 09:42:24 - [MESSAGE][PASSED] - Method.TextDegerineEsitElementeTikla is PASSED

2021-11-11 09:42:24 - [TEST_STEP][PASSED] - verifyElementNotPresent(findTestObject("Object Repository/Kullanici_Islemleri/Secenekler"), 10): Web element with id: 'Object Repository/Kullanici_Islemleri/Secenekler' located by 'By.cssSelector: .nav.navbar-nav.navbar-right li a' is not present after '10' second(s)

2021-11-11 09:42:24 - [MESSAGE][INFO] - Finding Test Object 'Object Repository/Kullanici_Islemleri/Secenekler'

2021-11-11 09:42:24 - [MESSAGE][INFO] - Checking object

2021-11-11 09:42:24 - [MESSAGE][INFO] - Checking timeout

2021-11-11 09:42:24 - [MESSAGE][INFO] - Finding web element with id: 'Object Repository/Kullanici_Islemleri/Secenekler' located by 'By.cssSelector: .nav.navbar-nav.navbar-right li a' in '10' second(s)

2021-11-11 09:42:24 - [MESSAGE][INFO] - Smart Wait Function is triggered

2021-11-11 09:42:24 - [MESSAGE][PASSED] - Web element with id: 'Object Repository/Kullanici_Islemleri/Secenekler' located by 'By.cssSelector: .nav.navbar-nav.navbar-right li a' is not present after '10' second(s)

2021-11-11 09:42:24 - [MESSAGE][PASSED] - Call Test Case 'Test Cases/Kullanici_Islemleri/KullaniciIslemlerindenSecimYapilir' successfully

2021-11-11 09:42:24 - [TEST_CASE][PASSED] - Start Test Case : SCENARIO e-Irsaliye Giden Kutusu Uygulama Yanıtları Toplu Indirme - UBL Secilenlerin indirilmesi: SCENARIO e-Irsaliye Giden Kutusu Uygulama Yanıtları Toplu Indirme - UBL Secilenlerin indirilmesi

2021-11-11 09:42:24 - [TEST_STEP][PASSED] - Kullanıcı adı ELOGO6 ve Şifre 123456 olarak giriş yapılır: Kullanıcı adı ELOGO6 ve Şifre 123456 olarak giriş yapılır

2021-11-11 09:42:24 - [MESSAGE][PASSED] - Kullanıcı adı ELOGO6 ve Şifre 123456 olarak giriş yapılır

2021-11-11 09:42:24 - [TEST_STEP][PASSED] - Ana menüden e-İrsaliye seçilir: Ana menüden e-İrsaliye seçilir

2021-11-11 09:42:24 - [MESSAGE][PASSED] - Ana menüden e-İrsaliye seçilir

2021-11-11 09:42:24 - [TEST_STEP][PASSED] - Alt menü Giden Kutusu başlığı altındaki İrsaliye Yanıtları seçilir: Alt menü Giden Kutusu başlığı altındaki İrsaliye Yanıtları seçilir

2021-11-11 09:42:24 - [MESSAGE][PASSED] - Alt menü Giden Kutusu başlığı altındaki İrsaliye Yanıtları seçilir

2021-11-11 09:42:24 - [TEST_STEP][PASSED] - Filtrelerden Oluşturma Tarihi filtresine 01.01.2020 baslangic degerini yaz: Filtrelerden Oluşturma Tarihi filtresine 01.01.2020 baslangic degerini yaz

2021-11-11 09:42:24 - [MESSAGE][PASSED] - Filtrelerden Oluşturma Tarihi filtresine 01.01.2020 baslangic degerini yaz

2021-11-11 09:42:24 - [TEST_STEP][PASSED] - Filtrelerden Oluşturma Tarihi filtresine 31.12.2020 bitis degerini yaz: Filtrelerden Oluşturma Tarihi filtresine 31.12.2020 bitis degerini yaz

2021-11-11 09:42:24 - [MESSAGE][PASSED] - Filtrelerden Oluşturma Tarihi filtresine 31.12.2020 bitis degerini yaz

2021-11-11 09:42:24 - [TEST_STEP][PASSED] - Filtre butonlarından Listele seçilir: Filtre butonlarından Listele seçilir

2021-11-11 09:42:24 - [MESSAGE][PASSED] - Filtre butonlarından Listele seçilir

2021-11-11 09:42:24 - [TEST_STEP][PASSED] - Tabloda veri var mı kontrol edilir: Tabloda veri var mı kontrol edilir

2021-11-11 09:42:24 - [MESSAGE][PASSED] - Tabloda veri var mı kontrol edilir

2021-11-11 09:42:24 - [TEST_STEP][PASSED] - Tablodan Logo Elektronik GIB Test isimli veri seçilir: Tablodan Logo Elektronik GIB Test isimli veri seçilir

2021-11-11 09:42:24 - [MESSAGE][PASSED] - Tablodan Logo Elektronik GIB Test isimli veri seçilir

2021-11-11 09:42:24 - [TEST_STEP][PASSED] - Butonlardan Toplu İndirme isimli butona tıklanır: Butonlardan Toplu İndirme isimli butona tıklanır

2021-11-11 09:42:24 - [MESSAGE][PASSED] - Butonlardan Toplu İndirme isimli butona tıklanır

2021-11-11 09:42:24 - [TEST_STEP][PASSED] - Alt butonlardan UBL Seçilenleri İndir butonuna tıklanır: Alt butonlardan UBL Seçilenleri İndir butonuna tıklanır

2021-11-11 09:42:24 - [MESSAGE][PASSED] - Alt butonlardan UBL Seçilenleri İndir butonuna tıklanır

2021-11-11 09:42:24 - [TEST_STEP][PASSED] - Popup mesajı Lütfen rapor bildiriminin gönderileceği e-posta adresini belirtiniz. içeriyor mu: Popup mesajı Lütfen rapor bildiriminin gönderileceği e-posta adresini belirtiniz. içeriyor mu

2021-11-11 09:42:24 - [MESSAGE][PASSED] - Popup mesajı Lütfen rapor bildiriminin gönderileceği e-posta adresini belirtiniz. içeriyor mu

2021-11-11 09:42:24 - [TEST_STEP][PASSED] - Popup email elogotest@gmail.com;ali.kara@logo.com.tr olarak girilir: Popup email elogotest@gmail.com;ali.kara@logo.com.tr olarak girilir

2021-11-11 09:42:24 - [MESSAGE][PASSED] - Popup email elogotest@gmail.com;ali.kara@logo.com.tr olarak girilir

2021-11-11 09:42:24 - [TEST_STEP][PASSED] - Yönetim popupında Gönder seçilir: Yönetim popupında Gönder seçilir

2021-11-11 09:42:24 - [MESSAGE][PASSED] - Yönetim popupında Gönder seçilir

2021-11-11 09:42:24 - [TEST_STEP][PASSED] - Popup mesajı talebiniz işleme alınmıştır içeriyor mu: Popup mesajı talebiniz işleme alınmıştır içeriyor mu

2021-11-11 09:42:24 - [MESSAGE][PASSED] - Popup mesajı talebiniz işleme alınmıştır içeriyor mu

2021-11-11 09:42:24 - [TEST_STEP][PASSED] - Yönetim popupında Tamam seçilir: Yönetim popupında Tamam seçilir

2021-11-11 09:42:24 - [MESSAGE][PASSED] - Yönetim popupında Tamam seçilir

2021-11-11 09:42:24 - [TEST_STEP][PASSED] - Butonlardan Toplu İndirme isimli butona tıklanır: Butonlardan Toplu İndirme isimli butona tıklanır

2021-11-11 09:42:24 - [MESSAGE][PASSED] - Butonlardan Toplu İndirme isimli butona tıklanır

2021-11-11 09:42:24 - [TEST_STEP][PASSED] - Alt butonlardan UBL Tümünü İndir butonuna tıklanır: Alt butonlardan UBL Tümünü İndir butonuna tıklanır

2021-11-11 09:42:24 - [MESSAGE][PASSED] - Alt butonlardan UBL Tümünü İndir butonuna tıklanır

2021-11-11 09:42:24 - [TEST_STEP][PASSED] - Popup mesajı Lütfen rapor bildiriminin gönderileceği e-posta adresini belirtiniz. içeriyor mu: Popup mesajı Lütfen rapor bildiriminin gönderileceği e-posta adresini belirtiniz. içeriyor mu

2021-11-11 09:42:24 - [MESSAGE][PASSED] - Popup mesajı Lütfen rapor bildiriminin gönderileceği e-posta adresini belirtiniz. içeriyor mu

2021-11-11 09:42:24 - [TEST_STEP][PASSED] - Popup email elogotest@gmail.com;ali.kara@logo.com.tr olarak girilir: Popup email elogotest@gmail.com;ali.kara@logo.com.tr olarak girilir

2021-11-11 09:42:24 - [MESSAGE][PASSED] - Popup email elogotest@gmail.com;ali.kara@logo.com.tr olarak girilir

2021-11-11 09:42:24 - [TEST_STEP][PASSED] - Yönetim popupında Gönder seçilir: Yönetim popupında Gönder seçilir

2021-11-11 09:42:24 - [MESSAGE][PASSED] - Yönetim popupında Gönder seçilir

2021-11-11 09:42:24 - [TEST_STEP][PASSED] - Popup mesajı talebiniz işleme alınmıştır içeriyor mu: Popup mesajı talebiniz işleme alınmıştır içeriyor mu

2021-11-11 09:42:24 - [MESSAGE][PASSED] - Popup mesajı talebiniz işleme alınmıştır içeriyor mu

2021-11-11 09:42:24 - [TEST_STEP][PASSED] - Yönetim popupında Tamam seçilir: Yönetim popupında Tamam seçilir

2021-11-11 09:42:24 - [MESSAGE][PASSED] - Yönetim popupında Tamam seçilir

2021-11-11 09:42:24 - [TEST_STEP][PASSED] - Ana menüden Raporlar seçilir: Ana menüden Raporlar seçilir

2021-11-11 09:42:24 - [MESSAGE][PASSED] - Ana menüden Raporlar seçilir

2021-11-11 09:42:24 - [TEST_STEP][PASSED] - Alt menüden Toplu Veri İndirme seçilir: Alt menüden Toplu Veri İndirme seçilir

2021-11-11 09:42:24 - [MESSAGE][PASSED] - Alt menüden Toplu Veri İndirme seçilir

2021-11-11 09:42:24 - [TEST_STEP][PASSED] - Filtrelerden Talep No filtresine Rapor No bilgisi yaz: Filtrelerden Talep No filtresine Rapor No bilgisi yaz

2021-11-11 09:42:24 - [MESSAGE][PASSED] - Filtrelerden Talep No filtresine Rapor No bilgisi yaz

2021-11-11 09:42:24 - [TEST_STEP][PASSED] - Filtre butonlarından Listele seçilir: Filtre butonlarından Listele seçilir

2021-11-11 09:42:24 - [MESSAGE][PASSED] - Filtre butonlarından Listele seçilir

2021-11-11 09:42:24 - [TEST_STEP][PASSED] - Tabloda veri var mı kontrol edilir: Tabloda veri var mı kontrol edilir

2021-11-11 09:42:24 - [MESSAGE][PASSED] - Tabloda veri var mı kontrol edilir

2021-11-11 09:42:24 - [TEST_STEP][PASSED] - Kullanıcı işlemlerinden Çıkış seçilir: Kullanıcı işlemlerinden Çıkış seçilir

2021-11-11 09:42:24 - [MESSAGE][PASSED] - Kullanıcı işlemlerinden Çıkış seçilir

2021-11-11 09:42:25 - [MESSAGE][PASSED] - Feature file: 'Include/features/e-Irsaliye/Giden Kutusu/Irsaliye Yanitlari/Toplu Indirme.feature' was passed

2021-11-11 09:42:25 - [TEST_STEP][PASSED] - Start listener action : sampleAfterTestSuite: Invoke 'com.kms.katalon.core.annotation.AfterTestCase' method: 'Listener.sampleAfterTestSuite(...)' completed.

2021-11-11 09:42:25 - [MESSAGE][INFO] - Starting invoke 'com.kms.katalon.core.annotation.AfterTestCase' method: 'Listener.sampleAfterTestSuite(...)'

2021-11-11 09:42:25 - [TEST_STEP][PASSED] - closeBrowser(): Invoke 'com.kms.katalon.core.annotation.AfterTestCase' method: 'Listener.sampleAfterTestSuite(...)' completed.

2021-11-11 09:42:25 - [MESSAGE][INFO] - Closing browser

2021-11-11 09:42:25 - [MESSAGE][PASSED] - Browser is closed

2021-11-11 09:42:25 - [MESSAGE][INFO] - Invoke 'com.kms.katalon.core.annotation.AfterTestCase' method: 'Listener.sampleAfterTestSuite(...)' completed.]]></system-out>
         <system-err><![CDATA[]]></system-err>
      </testcase>
      <testcase name="Test Cases/Case Repository/e-Irsaliye/Giden Kutusu/Irsaliyeler/Excele Aktar" time="47.707" classname="Test Cases/Case Repository/e-Irsaliye/Giden Kutusu/Irsaliyeler/Excele Aktar" status="PASSED">
         <system-out><![CDATA[2021-11-11 09:42:25 - [TEST_CASE][PASSED] - Test Cases/Case Repository/e-Irsaliye/Giden Kutusu/Irsaliyeler/Excele Aktar: Test Cases/Case Repository/e-Irsaliye/Giden Kutusu/Irsaliyeler/Excele Aktar

2021-11-11 09:42:25 - [TEST_STEP][PASSED] - Start listener action : sampleBeforeTestSuite: Invoke 'com.kms.katalon.core.annotation.BeforeTestCase' method: 'Listener.sampleBeforeTestSuite(...)' completed.

2021-11-11 09:42:25 - [MESSAGE][INFO] - Starting invoke 'com.kms.katalon.core.annotation.BeforeTestCase' method: 'Listener.sampleBeforeTestSuite(...)'

2021-11-11 09:42:25 - [TEST_STEP][PASSED] - openBrowser(baseUrl): Browser is opened with url: 'https://efatura-stage.elogo.com.tr/'

2021-11-11 09:42:25 - [MESSAGE][INFO] - Opening browser

2021-11-11 09:42:25 - [MESSAGE][INFO] - Starting 'Chrome' driver

2021-11-11 09:42:25 - [MESSAGE][INFO] - User set preference: ['prefs', '{download.default_directory=C:\otomasyondownfiles}']

2021-11-11 09:42:25 - [MESSAGE][INFO] - Action delay is set to 0 milliseconds

2021-11-11 09:42:27 - [MESSAGE][INFO] - Navigating browser to: 'https://efatura-stage.elogo.com.tr/'

2021-11-11 09:42:29 - [MESSAGE][PASSED] - Browser is opened with url: 'https://efatura-stage.elogo.com.tr/'

2021-11-11 09:42:29 - [TEST_STEP][PASSED] - maximizeWindow(): Invoke 'com.kms.katalon.core.annotation.BeforeTestCase' method: 'Listener.sampleBeforeTestSuite(...)' completed.

2021-11-11 09:42:29 - [MESSAGE][INFO] - Maximizing current window

2021-11-11 09:42:29 - [MESSAGE][PASSED] - Current window maximized

2021-11-11 09:42:29 - [MESSAGE][INFO] - Invoke 'com.kms.katalon.core.annotation.BeforeTestCase' method: 'Listener.sampleBeforeTestSuite(...)' completed.

2021-11-11 09:42:30 - [TEST_STEP][PASSED] - runFeatureFile("Include/features/e-Irsaliye/Giden Kutusu/Irsaliyeler/Excele Aktar.feature"): Feature file: 'Include/features/e-Irsaliye/Giden Kutusu/Irsaliyeler/Excele Aktar.feature' was passed

2021-11-11 09:42:30 - [MESSAGE][INFO] - Starting run keyword runFeatureFile: 'Include/features/e-Irsaliye/Giden Kutusu/Irsaliyeler/Excele Aktar.feature' and extract report to folder: 'C:\Users\DELL\Documents\GitHub\EES_KatalonLogo\Reports\20211111_090730\Suite Repository\ExceleAktarVeTopluIndirme\20211111_090810/cucumber_report/1636612950041'...

2021-11-11 09:42:30 - [MESSAGE][INFO] - Glue: []

2021-11-11 09:42:30 - [MESSAGE][INFO] - Checking called Test Case

2021-11-11 09:42:30 - [MESSAGE][INFO] - Starting to call Test Case 'Test Cases/Sayfalar/Giris_Sayfasi/Login'

2021-11-11 09:42:30 - [TEST_CASE][PASSED] - Test Cases/Sayfalar/Giris_Sayfasi/Login: Test Cases/Sayfalar/Giris_Sayfasi/Login

2021-11-11 09:42:30 - [TEST_STEP][PASSED] - Sayfa_Basligi = getWindowTitle(): Current window's title is: 'LOGO e-Fatura'

2021-11-11 09:42:30 - [MESSAGE][INFO] - Getting current window's title

2021-11-11 09:42:30 - [MESSAGE][PASSED] - Current window's title is: 'LOGO e-Fatura'

2021-11-11 09:42:30 - [TEST_STEP][PASSED] - verifyMatch(Sayfa_Basligi, "LOGO e-Fatura", false): Actual text 'LOGO e-Fatura' and expected text 'LOGO e-Fatura' are matched 

2021-11-11 09:42:30 - [MESSAGE][INFO] - Matching actual text 'LOGO e-Fatura' with expected text 'LOGO e-Fatura'

2021-11-11 09:42:30 - [MESSAGE][PASSED] - Actual text 'LOGO e-Fatura' and expected text 'LOGO e-Fatura' are matched 

2021-11-11 09:42:30 - [TEST_STEP][PASSED] - sendKeys(findTestObject("Sayfalar/Giris_Sayfasi/Firma_Kodu"), KullaniciAdi): Keys 'ELOGO6' sent to object: 'Object Repository/Sayfalar/Giris_Sayfasi/Firma_Kodu'

2021-11-11 09:42:30 - [MESSAGE][INFO] - Finding Test Object 'Object Repository/Sayfalar/Giris_Sayfasi/Firma_Kodu'

2021-11-11 09:42:30 - [MESSAGE][INFO] - Sending keys 'ELOGO6' to object: 'Object Repository/Sayfalar/Giris_Sayfasi/Firma_Kodu'

2021-11-11 09:42:30 - [MESSAGE][INFO] - Finding web element from Test Object's properties

2021-11-11 09:42:30 - [MESSAGE][INFO] - Checking timeout

2021-11-11 09:42:30 - [MESSAGE][INFO] - Finding web element with id: 'Object Repository/Sayfalar/Giris_Sayfasi/Firma_Kodu' located by 'By.xpath: //*[@id = 'AccountName']' in '30' second(s)

2021-11-11 09:42:30 - [MESSAGE][INFO] - Smart Wait Function is triggered

2021-11-11 09:42:31 - [MESSAGE][INFO] - Found 1 web elements with id: 'Object Repository/Sayfalar/Giris_Sayfasi/Firma_Kodu' located by 'By.xpath: //*[@id = 'AccountName']' in '30' second(s)

2021-11-11 09:42:31 - [MESSAGE][PASSED] - Keys 'ELOGO6' sent to object: 'Object Repository/Sayfalar/Giris_Sayfasi/Firma_Kodu'

2021-11-11 09:42:31 - [TEST_STEP][PASSED] - sendKeys(findTestObject("Sayfalar/Giris_Sayfasi/Sifre"), Sifre): Keys '123456' sent to object: 'Object Repository/Sayfalar/Giris_Sayfasi/Sifre'

2021-11-11 09:42:31 - [MESSAGE][INFO] - Finding Test Object 'Object Repository/Sayfalar/Giris_Sayfasi/Sifre'

2021-11-11 09:42:31 - [MESSAGE][INFO] - Sending keys '123456' to object: 'Object Repository/Sayfalar/Giris_Sayfasi/Sifre'

2021-11-11 09:42:31 - [MESSAGE][INFO] - Finding web element from Test Object's properties

2021-11-11 09:42:31 - [MESSAGE][INFO] - Checking timeout

2021-11-11 09:42:31 - [MESSAGE][INFO] - Finding web element with id: 'Object Repository/Sayfalar/Giris_Sayfasi/Sifre' located by 'By.xpath: //*[@id = 'Password']' in '30' second(s)

2021-11-11 09:42:31 - [MESSAGE][INFO] - Smart Wait Function is triggered

2021-11-11 09:42:31 - [MESSAGE][INFO] - Found 1 web elements with id: 'Object Repository/Sayfalar/Giris_Sayfasi/Sifre' located by 'By.xpath: //*[@id = 'Password']' in '30' second(s)

2021-11-11 09:42:31 - [MESSAGE][PASSED] - Keys '123456' sent to object: 'Object Repository/Sayfalar/Giris_Sayfasi/Sifre'

2021-11-11 09:42:31 - [TEST_STEP][PASSED] - findWebElement(findTestObject("Sayfalar/Giris_Sayfasi/Giris_Butonu")).click(): Found 1 web elements with id: 'Object Repository/Sayfalar/Giris_Sayfasi/Giris_Butonu' located by 'By.cssSelector: #btnLogin' in '30' second(s)

2021-11-11 09:42:31 - [MESSAGE][INFO] - Finding Test Object 'Object Repository/Sayfalar/Giris_Sayfasi/Giris_Butonu'

2021-11-11 09:42:31 - [MESSAGE][INFO] - Finding web element from Test Object's properties

2021-11-11 09:42:31 - [MESSAGE][INFO] - Checking timeout

2021-11-11 09:42:31 - [MESSAGE][INFO] - Finding web element with id: 'Object Repository/Sayfalar/Giris_Sayfasi/Giris_Butonu' located by 'By.cssSelector: #btnLogin' in '30' second(s)

2021-11-11 09:42:31 - [MESSAGE][INFO] - Smart Wait Function is triggered

2021-11-11 09:42:32 - [MESSAGE][INFO] - Found 1 web elements with id: 'Object Repository/Sayfalar/Giris_Sayfasi/Giris_Butonu' located by 'By.cssSelector: #btnLogin' in '30' second(s)

2021-11-11 09:42:34 - [TEST_STEP][PASSED] - if (verifyElementPresent(findTestObject("Object Repository/Sayfalar/Giris_Sayfasi/RetveTamam_Butonu"), 5, OPTIONAL)): null

2021-11-11 09:42:34 - [MESSAGE][INFO] - Finding Test Object 'Object Repository/Sayfalar/Giris_Sayfasi/RetveTamam_Butonu'

2021-11-11 09:42:34 - [MESSAGE][INFO] - Checking object

2021-11-11 09:42:34 - [MESSAGE][INFO] - Finding web element from Test Object's properties

2021-11-11 09:42:34 - [MESSAGE][INFO] - Checking timeout

2021-11-11 09:42:34 - [MESSAGE][INFO] - Finding web element with id: 'Object Repository/Sayfalar/Giris_Sayfasi/RetveTamam_Butonu' located by 'By.xpath: //*[@class = 'btn btn-default']' in '5' second(s)

2021-11-11 09:42:34 - [MESSAGE][INFO] - Smart Wait Function is triggered

2021-11-11 09:42:34 - [MESSAGE][INFO] - Found 1 web elements with id: 'Object Repository/Sayfalar/Giris_Sayfasi/RetveTamam_Butonu' located by 'By.xpath: //*[@class = 'btn btn-default']' in '5' second(s)

2021-11-11 09:42:34 - [MESSAGE][PASSED] - Object 'Object Repository/Sayfalar/Giris_Sayfasi/RetveTamam_Butonu' is present

2021-11-11 09:42:34 - [TEST_STEP][PASSED] - click(findTestObject("Object Repository/Sayfalar/Giris_Sayfasi/RetveTamam_Butonu")): Object: 'Object Repository/Sayfalar/Giris_Sayfasi/RetveTamam_Butonu' is clicked on

2021-11-11 09:42:34 - [MESSAGE][INFO] - Finding Test Object 'Object Repository/Sayfalar/Giris_Sayfasi/RetveTamam_Butonu'

2021-11-11 09:42:34 - [MESSAGE][INFO] - Checking object

2021-11-11 09:42:34 - [MESSAGE][INFO] - Finding web element from Test Object's properties

2021-11-11 09:42:34 - [MESSAGE][INFO] - Checking timeout

2021-11-11 09:42:34 - [MESSAGE][INFO] - Finding web element with id: 'Object Repository/Sayfalar/Giris_Sayfasi/RetveTamam_Butonu' located by 'By.xpath: //*[@class = 'btn btn-default']' in '30' second(s)

2021-11-11 09:42:34 - [MESSAGE][INFO] - Smart Wait Function is triggered

2021-11-11 09:42:35 - [MESSAGE][INFO] - Found 1 web elements with id: 'Object Repository/Sayfalar/Giris_Sayfasi/RetveTamam_Butonu' located by 'By.xpath: //*[@class = 'btn btn-default']' in '30' second(s)

2021-11-11 09:42:35 - [MESSAGE][INFO] - Clicking on object: 'Object Repository/Sayfalar/Giris_Sayfasi/RetveTamam_Butonu'

2021-11-11 09:42:35 - [MESSAGE][PASSED] - Object: 'Object Repository/Sayfalar/Giris_Sayfasi/RetveTamam_Butonu' is clicked on

2021-11-11 09:42:35 - [TEST_STEP][PASSED] - click(findTestObject("Object Repository/Sayfalar/Giris_Sayfasi/RetveTamam_Butonu")): Object: 'Object Repository/Sayfalar/Giris_Sayfasi/RetveTamam_Butonu' is clicked on

2021-11-11 09:42:35 - [MESSAGE][INFO] - Finding Test Object 'Object Repository/Sayfalar/Giris_Sayfasi/RetveTamam_Butonu'

2021-11-11 09:42:35 - [MESSAGE][INFO] - Checking object

2021-11-11 09:42:35 - [MESSAGE][INFO] - Finding web element from Test Object's properties

2021-11-11 09:42:35 - [MESSAGE][INFO] - Checking timeout

2021-11-11 09:42:35 - [MESSAGE][INFO] - Finding web element with id: 'Object Repository/Sayfalar/Giris_Sayfasi/RetveTamam_Butonu' located by 'By.xpath: //*[@class = 'btn btn-default']' in '30' second(s)

2021-11-11 09:42:35 - [MESSAGE][INFO] - Smart Wait Function is triggered

2021-11-11 09:42:39 - [MESSAGE][INFO] - Found 1 web elements with id: 'Object Repository/Sayfalar/Giris_Sayfasi/RetveTamam_Butonu' located by 'By.xpath: //*[@class = 'btn btn-default']' in '30' second(s)

2021-11-11 09:42:39 - [MESSAGE][INFO] - Clicking on object: 'Object Repository/Sayfalar/Giris_Sayfasi/RetveTamam_Butonu'

2021-11-11 09:42:39 - [MESSAGE][PASSED] - Object: 'Object Repository/Sayfalar/Giris_Sayfasi/RetveTamam_Butonu' is clicked on

2021-11-11 09:42:39 - [TEST_STEP][PASSED] - if (verifyElementPresent(findTestObject("Sayfalar/Giris_Sayfasi/PopupOK"), 5, OPTIONAL)): null

2021-11-11 09:42:39 - [MESSAGE][INFO] - Finding Test Object 'Object Repository/Sayfalar/Giris_Sayfasi/PopupOK'

2021-11-11 09:42:39 - [MESSAGE][INFO] - Checking object

2021-11-11 09:42:39 - [MESSAGE][INFO] - Finding web element from Test Object's properties

2021-11-11 09:42:39 - [MESSAGE][INFO] - Checking timeout

2021-11-11 09:42:39 - [MESSAGE][INFO] - Finding web element with id: 'Object Repository/Sayfalar/Giris_Sayfasi/PopupOK' located by 'By.cssSelector: .btn.btn-success' in '5' second(s)

2021-11-11 09:42:39 - [MESSAGE][INFO] - Smart Wait Function is triggered

2021-11-11 09:42:39 - [MESSAGE][INFO] - Found 1 web elements with id: 'Object Repository/Sayfalar/Giris_Sayfasi/PopupOK' located by 'By.cssSelector: .btn.btn-success' in '5' second(s)

2021-11-11 09:42:39 - [MESSAGE][PASSED] - Object 'Object Repository/Sayfalar/Giris_Sayfasi/PopupOK' is present

2021-11-11 09:42:39 - [TEST_STEP][PASSED] - click(findTestObject("Object Repository/Sayfalar/Giris_Sayfasi/PopupCarpiGiris")): Object: 'Object Repository/Sayfalar/Giris_Sayfasi/PopupCarpiGiris' is clicked on

2021-11-11 09:42:39 - [MESSAGE][INFO] - Finding Test Object 'Object Repository/Sayfalar/Giris_Sayfasi/PopupCarpiGiris'

2021-11-11 09:42:39 - [MESSAGE][INFO] - Checking object

2021-11-11 09:42:39 - [MESSAGE][INFO] - Finding web element from Test Object's properties

2021-11-11 09:42:39 - [MESSAGE][INFO] - Checking timeout

2021-11-11 09:42:39 - [MESSAGE][INFO] - Finding web element with id: 'Object Repository/Sayfalar/Giris_Sayfasi/PopupCarpiGiris' located by 'By.cssSelector: .bootbox-close-button.close' in '30' second(s)

2021-11-11 09:42:39 - [MESSAGE][INFO] - Smart Wait Function is triggered

2021-11-11 09:42:40 - [MESSAGE][INFO] - Found 1 web elements with id: 'Object Repository/Sayfalar/Giris_Sayfasi/PopupCarpiGiris' located by 'By.cssSelector: .bootbox-close-button.close' in '30' second(s)

2021-11-11 09:42:40 - [MESSAGE][INFO] - Clicking on object: 'Object Repository/Sayfalar/Giris_Sayfasi/PopupCarpiGiris'

2021-11-11 09:42:40 - [MESSAGE][PASSED] - Object: 'Object Repository/Sayfalar/Giris_Sayfasi/PopupCarpiGiris' is clicked on

2021-11-11 09:42:40 - [TEST_STEP][PASSED] - verifyElementVisible(findTestObject("Object Repository/Kullanici_Islemleri/KullaniciIslemleri")): Object 'Object Repository/Kullanici_Islemleri/KullaniciIslemleri' is visible

2021-11-11 09:42:40 - [MESSAGE][INFO] - Finding Test Object 'Object Repository/Kullanici_Islemleri/KullaniciIslemleri'

2021-11-11 09:42:40 - [MESSAGE][INFO] - Checking object

2021-11-11 09:42:40 - [MESSAGE][INFO] - Finding web element from Test Object's properties

2021-11-11 09:42:40 - [MESSAGE][INFO] - Checking timeout

2021-11-11 09:42:40 - [MESSAGE][INFO] - Finding web element with id: 'Object Repository/Kullanici_Islemleri/KullaniciIslemleri' located by 'By.cssSelector: .dropdown>a>img' in '30' second(s)

2021-11-11 09:42:40 - [MESSAGE][INFO] - Smart Wait Function is triggered

2021-11-11 09:42:41 - [MESSAGE][INFO] - Found 1 web elements with id: 'Object Repository/Kullanici_Islemleri/KullaniciIslemleri' located by 'By.cssSelector: .dropdown>a>img' in '30' second(s)

2021-11-11 09:42:41 - [MESSAGE][PASSED] - Object 'Object Repository/Kullanici_Islemleri/KullaniciIslemleri' is visible

2021-11-11 09:42:41 - [MESSAGE][PASSED] - Call Test Case 'Test Cases/Sayfalar/Giris_Sayfasi/Login' successfully

2021-11-11 09:42:41 - [MESSAGE][INFO] - Checking called Test Case

2021-11-11 09:42:41 - [MESSAGE][INFO] - Starting to call Test Case 'Test Cases/Menu/AnaMenuSecimi'

2021-11-11 09:42:41 - [TEST_CASE][PASSED] - Test Cases/Menu/AnaMenuSecimi: Test Cases/Menu/AnaMenuSecimi

2021-11-11 09:42:41 - [TEST_STEP][PASSED] - Method.TextDegerineEsitElementeTikla(findTestObject("Menu/Ana_Menu"), Ana_Menu): Method.TextDegerineEsitElementeTikla is PASSED

2021-11-11 09:42:41 - [MESSAGE][INFO] - Finding Test Object 'Object Repository/Menu/Ana_Menu'

2021-11-11 09:42:41 - [MESSAGE][INFO] - Checking timeout

2021-11-11 09:42:41 - [MESSAGE][INFO] - Finding web element with id: 'Object Repository/Menu/Ana_Menu' located by 'By.xpath: //*[@class = 'dropdown-toggle']' in '10' second(s)

2021-11-11 09:42:41 - [MESSAGE][INFO] - Smart Wait Function is triggered

2021-11-11 09:42:41 - [MESSAGE][INFO] - Found 14 web elements with id: 'Object Repository/Menu/Ana_Menu' located by 'By.xpath: //*[@class = 'dropdown-toggle']' in '10' second(s)

2021-11-11 09:42:41 - [MESSAGE][PASSED] - Method.TextDegerineEsitElementeTikla is PASSED

2021-11-11 09:42:41 - [MESSAGE][PASSED] - Call Test Case 'Test Cases/Menu/AnaMenuSecimi' successfully

2021-11-11 09:42:41 - [MESSAGE][INFO] - Checking called Test Case

2021-11-11 09:42:41 - [MESSAGE][INFO] - Starting to call Test Case 'Test Cases/Menu/BasligaGoreAltMenuSecimi'

2021-11-11 09:42:41 - [TEST_CASE][PASSED] - Test Cases/Menu/BasligaGoreAltMenuSecimi: Test Cases/Menu/BasligaGoreAltMenuSecimi

2021-11-11 09:42:41 - [TEST_STEP][PASSED] - Method.TextDegerineEsitElementinAltindakiTextDegerineEsitOlanaTikla(findTestObject("Menu/Menu_Basligi"), findTestObject("Menu/Basliga_Gore_Alt_Menu"), Baslik, Alt_Menu): Method.TextDegerineEsitElementinAltindakiTextDegerineEsitOlanaTikla is PASSED

2021-11-11 09:42:41 - [MESSAGE][INFO] - Finding Test Object 'Object Repository/Menu/Menu_Basligi'

2021-11-11 09:42:41 - [MESSAGE][INFO] - Finding Test Object 'Object Repository/Menu/Basliga_Gore_Alt_Menu'

2021-11-11 09:42:41 - [MESSAGE][INFO] - Checking timeout

2021-11-11 09:42:41 - [MESSAGE][INFO] - Finding web element with id: 'Object Repository/Menu/Menu_Basligi' located by 'By.xpath: //li[@class='dropdown dropdown-large open']//li[@class='dropdown-header']' in '10' second(s)

2021-11-11 09:42:41 - [MESSAGE][INFO] - Smart Wait Function is triggered

2021-11-11 09:42:42 - [MESSAGE][INFO] - Found 3 web elements with id: 'Object Repository/Menu/Menu_Basligi' located by 'By.xpath: //li[@class='dropdown dropdown-large open']//li[@class='dropdown-header']' in '10' second(s)

2021-11-11 09:42:42 - [MESSAGE][INFO] - Smart Wait Function is triggered

2021-11-11 09:42:45 - [MESSAGE][PASSED] - Method.TextDegerineEsitElementinAltindakiTextDegerineEsitOlanaTikla is PASSED

2021-11-11 09:42:45 - [MESSAGE][PASSED] - Call Test Case 'Test Cases/Menu/BasligaGoreAltMenuSecimi' successfully

2021-11-11 09:42:45 - [MESSAGE][INFO] - Checking called Test Case

2021-11-11 09:42:45 - [MESSAGE][INFO] - Starting to call Test Case 'Test Cases/Filtreler/BaslangicYaz'

2021-11-11 09:42:45 - [TEST_CASE][PASSED] - Test Cases/Filtreler/BaslangicYaz: Test Cases/Filtreler/BaslangicYaz

2021-11-11 09:42:45 - [TEST_STEP][PASSED] - Method.TextDegerineEsitElementinAltindakineTikla(findTestObject("Filtreler/Basliklar"), findTestObject("Filtreler/Basliga_Gore_Baslangic_Image"), Filtre_Adi): Method.TextDegerineEsitElementinAltindakineTikla is PASSED

2021-11-11 09:42:45 - [MESSAGE][INFO] - Finding Test Object 'Object Repository/Filtreler/Basliklar'

2021-11-11 09:42:45 - [MESSAGE][INFO] - Finding Test Object 'Object Repository/Filtreler/Basliga_Gore_Baslangic_Image'

2021-11-11 09:42:45 - [MESSAGE][INFO] - Checking timeout

2021-11-11 09:42:45 - [MESSAGE][INFO] - Finding web element with id: 'Object Repository/Filtreler/Basliklar' located by 'By.cssSelector: .control-label.col-sm-4.paddingMarginRLC' in '10' second(s)

2021-11-11 09:42:45 - [MESSAGE][INFO] - Smart Wait Function is triggered

2021-11-11 09:42:46 - [MESSAGE][INFO] - Found 18 web elements with id: 'Object Repository/Filtreler/Basliklar' located by 'By.cssSelector: .control-label.col-sm-4.paddingMarginRLC' in '10' second(s)

2021-11-11 09:42:46 - [MESSAGE][INFO] - Smart Wait Function is triggered

2021-11-11 09:42:46 - [MESSAGE][PASSED] - Method.TextDegerineEsitElementinAltindakineTikla is PASSED

2021-11-11 09:42:46 - [TEST_STEP][PASSED] - Method.TextDegerineEsitElementinAltindakiTextboxtaYaz(findTestObject("Filtreler/Basliklar"), findTestObject("Filtreler/Basliga_Gore_Baslangic"), Filtre_Adi, Filtre_Degeri): Method.TextDegerineEsitElementinAltindakiTextboxtaYaz is PASSED

2021-11-11 09:42:46 - [MESSAGE][INFO] - Finding Test Object 'Object Repository/Filtreler/Basliklar'

2021-11-11 09:42:46 - [MESSAGE][INFO] - Finding Test Object 'Object Repository/Filtreler/Basliga_Gore_Baslangic'

2021-11-11 09:42:46 - [MESSAGE][INFO] - Checking timeout

2021-11-11 09:42:46 - [MESSAGE][INFO] - Finding web element with id: 'Object Repository/Filtreler/Basliklar' located by 'By.cssSelector: .control-label.col-sm-4.paddingMarginRLC' in '10' second(s)

2021-11-11 09:42:46 - [MESSAGE][INFO] - Smart Wait Function is triggered

2021-11-11 09:42:46 - [MESSAGE][INFO] - Found 18 web elements with id: 'Object Repository/Filtreler/Basliklar' located by 'By.cssSelector: .control-label.col-sm-4.paddingMarginRLC' in '10' second(s)

2021-11-11 09:42:46 - [MESSAGE][INFO] - Smart Wait Function is triggered

2021-11-11 09:42:47 - [MESSAGE][PASSED] - Method.TextDegerineEsitElementinAltindakiTextboxtaYaz is PASSED

2021-11-11 09:42:47 - [MESSAGE][PASSED] - Call Test Case 'Test Cases/Filtreler/BaslangicYaz' successfully

2021-11-11 09:42:47 - [MESSAGE][INFO] - Checking called Test Case

2021-11-11 09:42:47 - [MESSAGE][INFO] - Starting to call Test Case 'Test Cases/Filtreler/BitisYaz'

2021-11-11 09:42:47 - [TEST_CASE][PASSED] - Test Cases/Filtreler/BitisYaz: Test Cases/Filtreler/BitisYaz

2021-11-11 09:42:47 - [TEST_STEP][PASSED] - Method.TextDegerineEsitElementinAltindakineTikla(findTestObject("Filtreler/Basliklar"), findTestObject("Filtreler/Basliga_Gore_Bitis_Image"), Filtre_Adi): Method.TextDegerineEsitElementinAltindakineTikla is PASSED

2021-11-11 09:42:47 - [MESSAGE][INFO] - Finding Test Object 'Object Repository/Filtreler/Basliklar'

2021-11-11 09:42:47 - [MESSAGE][INFO] - Finding Test Object 'Object Repository/Filtreler/Basliga_Gore_Bitis_Image'

2021-11-11 09:42:47 - [MESSAGE][INFO] - Checking timeout

2021-11-11 09:42:47 - [MESSAGE][INFO] - Finding web element with id: 'Object Repository/Filtreler/Basliklar' located by 'By.cssSelector: .control-label.col-sm-4.paddingMarginRLC' in '10' second(s)

2021-11-11 09:42:47 - [MESSAGE][INFO] - Smart Wait Function is triggered

2021-11-11 09:42:47 - [MESSAGE][INFO] - Found 18 web elements with id: 'Object Repository/Filtreler/Basliklar' located by 'By.cssSelector: .control-label.col-sm-4.paddingMarginRLC' in '10' second(s)

2021-11-11 09:42:47 - [MESSAGE][INFO] - Smart Wait Function is triggered

2021-11-11 09:42:48 - [MESSAGE][PASSED] - Method.TextDegerineEsitElementinAltindakineTikla is PASSED

2021-11-11 09:42:48 - [TEST_STEP][PASSED] - Method.TextDegerineEsitElementinAltindakiTextboxtaYaz(findTestObject("Filtreler/Basliklar"), findTestObject("Object Repository/Filtreler/Basliga_Gore_Bitis"), Filtre_Adi, Filtre_Degeri): Method.TextDegerineEsitElementinAltindakiTextboxtaYaz is PASSED

2021-11-11 09:42:48 - [MESSAGE][INFO] - Finding Test Object 'Object Repository/Filtreler/Basliklar'

2021-11-11 09:42:48 - [MESSAGE][INFO] - Finding Test Object 'Object Repository/Filtreler/Basliga_Gore_Bitis'

2021-11-11 09:42:48 - [MESSAGE][INFO] - Checking timeout

2021-11-11 09:42:48 - [MESSAGE][INFO] - Finding web element with id: 'Object Repository/Filtreler/Basliklar' located by 'By.cssSelector: .control-label.col-sm-4.paddingMarginRLC' in '10' second(s)

2021-11-11 09:42:48 - [MESSAGE][INFO] - Smart Wait Function is triggered

2021-11-11 09:42:48 - [MESSAGE][INFO] - Found 18 web elements with id: 'Object Repository/Filtreler/Basliklar' located by 'By.cssSelector: .control-label.col-sm-4.paddingMarginRLC' in '10' second(s)

2021-11-11 09:42:48 - [MESSAGE][INFO] - Smart Wait Function is triggered

2021-11-11 09:42:49 - [MESSAGE][PASSED] - Method.TextDegerineEsitElementinAltindakiTextboxtaYaz is PASSED

2021-11-11 09:42:49 - [MESSAGE][PASSED] - Call Test Case 'Test Cases/Filtreler/BitisYaz' successfully

2021-11-11 09:42:49 - [MESSAGE][INFO] - Checking called Test Case

2021-11-11 09:42:49 - [MESSAGE][INFO] - Starting to call Test Case 'Test Cases/Filtreler/TexboxaYaz'

2021-11-11 09:42:49 - [TEST_CASE][PASSED] - Test Cases/Filtreler/TexboxaYaz: Test Cases/Filtreler/TexboxaYaz

2021-11-11 09:42:49 - [TEST_STEP][PASSED] - Method.TextDegerineEsitElementinAltindakiTextboxtaYaz(findTestObject("Filtreler/Basliklar"), findTestObject("Filtreler/Basliga_Gore_Textbox"), Filtre_Adi, Filtre_Degeri): Method.TextDegerineEsitElementinAltindakiTextboxtaYaz is PASSED

2021-11-11 09:42:49 - [MESSAGE][INFO] - Finding Test Object 'Object Repository/Filtreler/Basliklar'

2021-11-11 09:42:49 - [MESSAGE][INFO] - Finding Test Object 'Object Repository/Filtreler/Basliga_Gore_Textbox'

2021-11-11 09:42:49 - [MESSAGE][INFO] - Checking timeout

2021-11-11 09:42:49 - [MESSAGE][INFO] - Finding web element with id: 'Object Repository/Filtreler/Basliklar' located by 'By.cssSelector: .control-label.col-sm-4.paddingMarginRLC' in '10' second(s)

2021-11-11 09:42:49 - [MESSAGE][INFO] - Smart Wait Function is triggered

2021-11-11 09:42:49 - [MESSAGE][INFO] - Found 18 web elements with id: 'Object Repository/Filtreler/Basliklar' located by 'By.cssSelector: .control-label.col-sm-4.paddingMarginRLC' in '10' second(s)

2021-11-11 09:42:49 - [MESSAGE][INFO] - Smart Wait Function is triggered

2021-11-11 09:42:50 - [MESSAGE][PASSED] - Method.TextDegerineEsitElementinAltindakiTextboxtaYaz is PASSED

2021-11-11 09:42:50 - [MESSAGE][PASSED] - Call Test Case 'Test Cases/Filtreler/TexboxaYaz' successfully

2021-11-11 09:42:50 - [MESSAGE][INFO] - Checking called Test Case

2021-11-11 09:42:50 - [MESSAGE][INFO] - Starting to call Test Case 'Test Cases/Filtreler/ButonaTikla'

2021-11-11 09:42:50 - [TEST_CASE][PASSED] - Test Cases/Filtreler/ButonaTikla: Test Cases/Filtreler/ButonaTikla

2021-11-11 09:42:50 - [TEST_STEP][PASSED] - Method.TextDegerineEsitElementeTikla(findTestObject("Filtreler/Butonlar"), Filtre_Buton): Method.TextDegerineEsitElementeTikla is PASSED

2021-11-11 09:42:50 - [MESSAGE][INFO] - Finding Test Object 'Object Repository/Filtreler/Butonlar'

2021-11-11 09:42:50 - [MESSAGE][INFO] - Checking timeout

2021-11-11 09:42:50 - [MESSAGE][INFO] - Finding web element with id: 'Object Repository/Filtreler/Butonlar' located by 'By.cssSelector: .dxb>span' in '10' second(s)

2021-11-11 09:42:50 - [MESSAGE][INFO] - Smart Wait Function is triggered

2021-11-11 09:42:50 - [MESSAGE][INFO] - Found 3 web elements with id: 'Object Repository/Filtreler/Butonlar' located by 'By.cssSelector: .dxb>span' in '10' second(s)

2021-11-11 09:42:50 - [MESSAGE][PASSED] - Method.TextDegerineEsitElementeTikla is PASSED

2021-11-11 09:42:50 - [MESSAGE][PASSED] - Call Test Case 'Test Cases/Filtreler/ButonaTikla' successfully

2021-11-11 09:42:50 - [MESSAGE][INFO] - Checking called Test Case

2021-11-11 09:42:50 - [MESSAGE][INFO] - Starting to call Test Case 'Test Cases/Tablo/TablodaVeriVarMi'

2021-11-11 09:42:50 - [TEST_CASE][PASSED] - Test Cases/Tablo/TablodaVeriVarMi: Test Cases/Tablo/TablodaVeriVarMi

2021-11-11 09:42:50 - [TEST_STEP][PASSED] - verifyTextNotPresent("Görüntülenecek veri yok", true): Text 'Görüntülenecek veri yok' is not present on page using regular expression

2021-11-11 09:42:50 - [MESSAGE][INFO] - Checking text present  using regular expression

2021-11-11 09:42:50 - [MESSAGE][INFO] - Smart Wait Function is triggered

2021-11-11 09:42:52 - [MESSAGE][INFO] - Finding text 'Görüntülenecek veri yok' on page  using regular expression

2021-11-11 09:42:52 - [MESSAGE][PASSED] - Text 'Görüntülenecek veri yok' is not present on page using regular expression

2021-11-11 09:42:52 - [MESSAGE][PASSED] - Call Test Case 'Test Cases/Tablo/TablodaVeriVarMi' successfully

2021-11-11 09:42:52 - [MESSAGE][INFO] - Checking called Test Case

2021-11-11 09:42:52 - [MESSAGE][INFO] - Starting to call Test Case 'Test Cases/Tablo/TablodanVeriSec'

2021-11-11 09:42:52 - [TEST_CASE][PASSED] - Test Cases/Tablo/TablodanVeriSec: Test Cases/Tablo/TablodanVeriSec

2021-11-11 09:42:52 - [TEST_STEP][PASSED] - Method.TextDegerineEsitElementinAltindakineTikla(findTestObject("Tablo/Veriler"), findTestObject("Tablo/VerininCheckBoxi"), Veri_Adi): Method.TextDegerineEsitElementinAltindakineTikla is PASSED

2021-11-11 09:42:52 - [MESSAGE][INFO] - Finding Test Object 'Object Repository/Tablo/Veriler'

2021-11-11 09:42:52 - [MESSAGE][INFO] - Finding Test Object 'Object Repository/Tablo/VerininCheckBoxi'

2021-11-11 09:42:52 - [MESSAGE][INFO] - Checking timeout

2021-11-11 09:42:52 - [MESSAGE][INFO] - Finding web element with id: 'Object Repository/Tablo/Veriler' located by 'By.cssSelector: td.dxgv b ,td.dxgv' in '10' second(s)

2021-11-11 09:42:52 - [MESSAGE][INFO] - Smart Wait Function is triggered

2021-11-11 09:42:52 - [MESSAGE][INFO] - Found 12 web elements with id: 'Object Repository/Tablo/Veriler' located by 'By.cssSelector: td.dxgv b ,td.dxgv' in '10' second(s)

2021-11-11 09:42:52 - [MESSAGE][INFO] - Smart Wait Function is triggered

2021-11-11 09:42:52 - [MESSAGE][PASSED] - Method.TextDegerineEsitElementinAltindakineTikla is PASSED

2021-11-11 09:42:52 - [MESSAGE][PASSED] - Call Test Case 'Test Cases/Tablo/TablodanVeriSec' successfully

2021-11-11 09:42:52 - [MESSAGE][INFO] - Checking called Test Case

2021-11-11 09:42:52 - [MESSAGE][INFO] - Starting to call Test Case 'Test Cases/Butonlar/ButonaTikla'

2021-11-11 09:42:52 - [TEST_CASE][PASSED] - Test Cases/Butonlar/ButonaTikla: Test Cases/Butonlar/ButonaTikla

2021-11-11 09:42:52 - [TEST_STEP][PASSED] - Method.TextDegerineEsitElementeTiklaEquals(findTestObject("Butonlar/Butonlar"), Buton_Adi): Method.TextDegerineEsitElementeTiklaEquals is PASSED

2021-11-11 09:42:52 - [MESSAGE][INFO] - Finding Test Object 'Object Repository/Butonlar/Butonlar'

2021-11-11 09:42:53 - [MESSAGE][INFO] - Checking timeout

2021-11-11 09:42:53 - [MESSAGE][INFO] - Finding web element with id: 'Object Repository/Butonlar/Butonlar' located by 'By.cssSelector: .panel.panel-default.text-center.footerPanel .btn,.btn.btn-primary.btnControls' in '10' second(s)

2021-11-11 09:42:53 - [MESSAGE][INFO] - Smart Wait Function is triggered

2021-11-11 09:42:53 - [MESSAGE][INFO] - Found 11 web elements with id: 'Object Repository/Butonlar/Butonlar' located by 'By.cssSelector: .panel.panel-default.text-center.footerPanel .btn,.btn.btn-primary.btnControls' in '10' second(s)

2021-11-11 09:42:53 - [MESSAGE][PASSED] - Method.TextDegerineEsitElementeTiklaEquals is PASSED

2021-11-11 09:42:53 - [MESSAGE][PASSED] - Call Test Case 'Test Cases/Butonlar/ButonaTikla' successfully

2021-11-11 09:42:53 - [MESSAGE][INFO] - Checking called Test Case

2021-11-11 09:42:53 - [MESSAGE][INFO] - Starting to call Test Case 'Test Cases/Butonlar/AltButonaTikla'

2021-11-11 09:42:53 - [TEST_CASE][PASSED] - Test Cases/Butonlar/AltButonaTikla: Test Cases/Butonlar/AltButonaTikla

2021-11-11 09:42:53 - [TEST_STEP][PASSED] - Method.TextDegerineEsitElementeTikla(findTestObject("Butonlar/AltButonlar"), Alt_Buton): Method.TextDegerineEsitElementeTikla is PASSED

2021-11-11 09:42:53 - [MESSAGE][INFO] - Finding Test Object 'Object Repository/Butonlar/AltButonlar'

2021-11-11 09:42:53 - [MESSAGE][INFO] - Checking timeout

2021-11-11 09:42:53 - [MESSAGE][INFO] - Finding web element with id: 'Object Repository/Butonlar/AltButonlar' located by 'By.cssSelector: .btn-group.open li>a' in '10' second(s)

2021-11-11 09:42:53 - [MESSAGE][INFO] - Smart Wait Function is triggered

2021-11-11 09:42:53 - [MESSAGE][INFO] - Found 2 web elements with id: 'Object Repository/Butonlar/AltButonlar' located by 'By.cssSelector: .btn-group.open li>a' in '10' second(s)

2021-11-11 09:42:53 - [MESSAGE][PASSED] - Method.TextDegerineEsitElementeTikla is PASSED

2021-11-11 09:42:53 - [MESSAGE][PASSED] - Call Test Case 'Test Cases/Butonlar/AltButonaTikla' successfully

2021-11-11 09:42:53 - [MESSAGE][INFO] - Checking called Test Case

2021-11-11 09:42:53 - [MESSAGE][INFO] - Starting to call Test Case 'Test Cases/Popup/PopupMesajiIceriyorMu'

2021-11-11 09:42:54 - [TEST_CASE][PASSED] - Test Cases/Popup/PopupMesajiIceriyorMu: Test Cases/Popup/PopupMesajiIceriyorMu

2021-11-11 09:42:54 - [TEST_STEP][PASSED] - waitForElementVisible(findTestObject("Popup/Popup"), 10): Object 'Object Repository/Popup/Popup' is visible

2021-11-11 09:42:54 - [MESSAGE][INFO] - Finding Test Object 'Object Repository/Popup/Popup'

2021-11-11 09:42:54 - [MESSAGE][INFO] - Checking object

2021-11-11 09:42:54 - [MESSAGE][INFO] - Checking timeout

2021-11-11 09:42:54 - [MESSAGE][INFO] - Finding web element from Test Object's properties

2021-11-11 09:42:54 - [MESSAGE][INFO] - Checking timeout

2021-11-11 09:42:54 - [MESSAGE][INFO] - Finding web element with id: 'Object Repository/Popup/Popup' located by 'By.cssSelector: .bootbox-body' in '10' second(s)

2021-11-11 09:42:54 - [MESSAGE][INFO] - Smart Wait Function is triggered

2021-11-11 09:42:54 - [MESSAGE][INFO] - Found 1 web elements with id: 'Object Repository/Popup/Popup' located by 'By.cssSelector: .bootbox-body' in '10' second(s)

2021-11-11 09:42:54 - [MESSAGE][PASSED] - Object 'Object Repository/Popup/Popup' is visible

2021-11-11 09:42:54 - [TEST_STEP][PASSED] - if (!(getText(findTestObject("Popup/Popup")).contains(Mesaj))): Text of object 'Object Repository/Popup/Popup' is: 'Lütfen rapor bildiriminin gönderileceği e-posta adresini belirtiniz.
e-Posta Adresi'

2021-11-11 09:42:54 - [MESSAGE][INFO] - Finding Test Object 'Object Repository/Popup/Popup'

2021-11-11 09:42:55 - [MESSAGE][INFO] - Checking object

2021-11-11 09:42:55 - [MESSAGE][INFO] - Finding web element from Test Object's properties

2021-11-11 09:42:55 - [MESSAGE][INFO] - Checking timeout

2021-11-11 09:42:55 - [MESSAGE][INFO] - Finding web element with id: 'Object Repository/Popup/Popup' located by 'By.cssSelector: .bootbox-body' in '30' second(s)

2021-11-11 09:42:55 - [MESSAGE][INFO] - Smart Wait Function is triggered

2021-11-11 09:42:55 - [MESSAGE][INFO] - Found 1 web elements with id: 'Object Repository/Popup/Popup' located by 'By.cssSelector: .bootbox-body' in '30' second(s)

2021-11-11 09:42:55 - [MESSAGE][INFO] - Getting text of object 'Object Repository/Popup/Popup'

2021-11-11 09:42:55 - [MESSAGE][PASSED] - Text of object 'Object Repository/Popup/Popup' is: 'Lütfen rapor bildiriminin gönderileceği e-posta adresini belirtiniz.
e-Posta Adresi'

2021-11-11 09:42:55 - [TEST_STEP][PASSED] - RaporNo = getText(findTestObject("Popup/Popup")).substring(0, 6): Text of object 'Object Repository/Popup/Popup' is: 'Lütfen rapor bildiriminin gönderileceği e-posta adresini belirtiniz.
e-Posta Adresi'

2021-11-11 09:42:55 - [MESSAGE][INFO] - Finding Test Object 'Object Repository/Popup/Popup'

2021-11-11 09:42:55 - [MESSAGE][INFO] - Checking object

2021-11-11 09:42:55 - [MESSAGE][INFO] - Finding web element from Test Object's properties

2021-11-11 09:42:55 - [MESSAGE][INFO] - Checking timeout

2021-11-11 09:42:55 - [MESSAGE][INFO] - Finding web element with id: 'Object Repository/Popup/Popup' located by 'By.cssSelector: .bootbox-body' in '30' second(s)

2021-11-11 09:42:55 - [MESSAGE][INFO] - Smart Wait Function is triggered

2021-11-11 09:42:55 - [MESSAGE][INFO] - Found 1 web elements with id: 'Object Repository/Popup/Popup' located by 'By.cssSelector: .bootbox-body' in '30' second(s)

2021-11-11 09:42:55 - [MESSAGE][INFO] - Getting text of object 'Object Repository/Popup/Popup'

2021-11-11 09:42:55 - [MESSAGE][PASSED] - Text of object 'Object Repository/Popup/Popup' is: 'Lütfen rapor bildiriminin gönderileceği e-posta adresini belirtiniz.
e-Posta Adresi'

2021-11-11 09:42:55 - [TEST_STEP][PASSED] - Console.println(RaporNo): null

2021-11-11 09:42:55 - [MESSAGE][PASSED] - Call Test Case 'Test Cases/Popup/PopupMesajiIceriyorMu' successfully

2021-11-11 09:42:55 - [MESSAGE][INFO] - Checking called Test Case

2021-11-11 09:42:55 - [MESSAGE][INFO] - Starting to call Test Case 'Test Cases/Popup/PopupaEmailEklenir'

2021-11-11 09:42:55 - [TEST_CASE][PASSED] - Test Cases/Popup/PopupaEmailEklenir: Test Cases/Popup/PopupaEmailEklenir

2021-11-11 09:42:55 - [TEST_STEP][PASSED] - clearText(findTestObject("Popup/EmailText")): Text of object 'Object Repository/Popup/EmailText' is cleared

2021-11-11 09:42:55 - [MESSAGE][INFO] - Finding Test Object 'Object Repository/Popup/EmailText'

2021-11-11 09:42:55 - [MESSAGE][INFO] - Checking object

2021-11-11 09:42:55 - [MESSAGE][INFO] - Finding web element from Test Object's properties

2021-11-11 09:42:55 - [MESSAGE][INFO] - Checking timeout

2021-11-11 09:42:55 - [MESSAGE][INFO] - Finding web element with id: 'Object Repository/Popup/EmailText' located by 'By.xpath: //*[@id="eMails"]' in '30' second(s)

2021-11-11 09:42:55 - [MESSAGE][INFO] - Smart Wait Function is triggered

2021-11-11 09:42:56 - [MESSAGE][INFO] - Found 1 web elements with id: 'Object Repository/Popup/EmailText' located by 'By.xpath: //*[@id="eMails"]' in '30' second(s)

2021-11-11 09:42:56 - [MESSAGE][INFO] - Clearing text of object 'Object Repository/Popup/EmailText'

2021-11-11 09:42:56 - [MESSAGE][PASSED] - Text of object 'Object Repository/Popup/EmailText' is cleared

2021-11-11 09:42:56 - [TEST_STEP][PASSED] - sendKeys(findTestObject("Popup/EmailText"), Email): Keys 'elogotest@gmail.com;ali.kara@logo.com.tr' sent to object: 'Object Repository/Popup/EmailText'

2021-11-11 09:42:56 - [MESSAGE][INFO] - Finding Test Object 'Object Repository/Popup/EmailText'

2021-11-11 09:42:56 - [MESSAGE][INFO] - Sending keys 'elogotest@gmail.com;ali.kara@logo.com.tr' to object: 'Object Repository/Popup/EmailText'

2021-11-11 09:42:56 - [MESSAGE][INFO] - Finding web element from Test Object's properties

2021-11-11 09:42:56 - [MESSAGE][INFO] - Checking timeout

2021-11-11 09:42:56 - [MESSAGE][INFO] - Finding web element with id: 'Object Repository/Popup/EmailText' located by 'By.xpath: //*[@id="eMails"]' in '30' second(s)

2021-11-11 09:42:56 - [MESSAGE][INFO] - Smart Wait Function is triggered

2021-11-11 09:42:56 - [MESSAGE][INFO] - Found 1 web elements with id: 'Object Repository/Popup/EmailText' located by 'By.xpath: //*[@id="eMails"]' in '30' second(s)

2021-11-11 09:42:56 - [MESSAGE][PASSED] - Keys 'elogotest@gmail.com;ali.kara@logo.com.tr' sent to object: 'Object Repository/Popup/EmailText'

2021-11-11 09:42:56 - [MESSAGE][PASSED] - Call Test Case 'Test Cases/Popup/PopupaEmailEklenir' successfully

2021-11-11 09:42:56 - [MESSAGE][INFO] - Checking called Test Case

2021-11-11 09:42:56 - [MESSAGE][INFO] - Starting to call Test Case 'Test Cases/Popup/PopupButonSecilir'

2021-11-11 09:42:56 - [TEST_CASE][PASSED] - Test Cases/Popup/PopupButonSecilir: Test Cases/Popup/PopupButonSecilir

2021-11-11 09:42:56 - [TEST_STEP][PASSED] - Method.TextDegerineEsitElementeTikla(findTestObject("Popup/Popup_Butons"), Buton): Method.TextDegerineEsitElementeTikla is PASSED

2021-11-11 09:42:56 - [MESSAGE][INFO] - Finding Test Object 'Object Repository/Popup/Popup_Butons'

2021-11-11 09:42:56 - [MESSAGE][INFO] - Checking timeout

2021-11-11 09:42:56 - [MESSAGE][INFO] - Finding web element with id: 'Object Repository/Popup/Popup_Butons' located by 'By.cssSelector: .modal-footer>button' in '10' second(s)

2021-11-11 09:42:56 - [MESSAGE][INFO] - Smart Wait Function is triggered

2021-11-11 09:42:56 - [MESSAGE][INFO] - Found 2 web elements with id: 'Object Repository/Popup/Popup_Butons' located by 'By.cssSelector: .modal-footer>button' in '10' second(s)

2021-11-11 09:42:57 - [MESSAGE][PASSED] - Method.TextDegerineEsitElementeTikla is PASSED

2021-11-11 09:42:57 - [MESSAGE][PASSED] - Call Test Case 'Test Cases/Popup/PopupButonSecilir' successfully

2021-11-11 09:42:57 - [MESSAGE][INFO] - Checking called Test Case

2021-11-11 09:42:57 - [MESSAGE][INFO] - Starting to call Test Case 'Test Cases/Popup/PopupMesajiIceriyorMu'

2021-11-11 09:42:57 - [TEST_CASE][PASSED] - Test Cases/Popup/PopupMesajiIceriyorMu: Test Cases/Popup/PopupMesajiIceriyorMu

2021-11-11 09:42:57 - [TEST_STEP][PASSED] - waitForElementVisible(findTestObject("Popup/Popup"), 10): Object 'Object Repository/Popup/Popup' is visible

2021-11-11 09:42:57 - [MESSAGE][INFO] - Finding Test Object 'Object Repository/Popup/Popup'

2021-11-11 09:42:57 - [MESSAGE][INFO] - Checking object

2021-11-11 09:42:57 - [MESSAGE][INFO] - Checking timeout

2021-11-11 09:42:57 - [MESSAGE][INFO] - Finding web element from Test Object's properties

2021-11-11 09:42:57 - [MESSAGE][INFO] - Checking timeout

2021-11-11 09:42:57 - [MESSAGE][INFO] - Finding web element with id: 'Object Repository/Popup/Popup' located by 'By.cssSelector: .bootbox-body' in '10' second(s)

2021-11-11 09:42:57 - [MESSAGE][INFO] - Smart Wait Function is triggered

2021-11-11 09:42:57 - [MESSAGE][INFO] - Found 1 web elements with id: 'Object Repository/Popup/Popup' located by 'By.cssSelector: .bootbox-body' in '10' second(s)

2021-11-11 09:42:57 - [MESSAGE][PASSED] - Object 'Object Repository/Popup/Popup' is visible

2021-11-11 09:42:57 - [TEST_STEP][PASSED] - if (!(getText(findTestObject("Popup/Popup")).contains(Mesaj))): Text of object 'Object Repository/Popup/Popup' is: '16269 no’lu talebiniz işleme alınmıştır. Raporunuz hazırlandığında (elogotest@gmail.com;ali.kara@logo.com.tr) adresinize mail gönderilecektir.
Rapor durumunuzu Raporlar > Toplu Veri İndirme ekranından takip edebilir, hazırlandı durumundaki raporlarınızı ilgili menüden indirebilirsiniz.'

2021-11-11 09:42:57 - [MESSAGE][INFO] - Finding Test Object 'Object Repository/Popup/Popup'

2021-11-11 09:42:57 - [MESSAGE][INFO] - Checking object

2021-11-11 09:42:57 - [MESSAGE][INFO] - Finding web element from Test Object's properties

2021-11-11 09:42:57 - [MESSAGE][INFO] - Checking timeout

2021-11-11 09:42:57 - [MESSAGE][INFO] - Finding web element with id: 'Object Repository/Popup/Popup' located by 'By.cssSelector: .bootbox-body' in '30' second(s)

2021-11-11 09:42:57 - [MESSAGE][INFO] - Smart Wait Function is triggered

2021-11-11 09:42:58 - [MESSAGE][INFO] - Found 1 web elements with id: 'Object Repository/Popup/Popup' located by 'By.cssSelector: .bootbox-body' in '30' second(s)

2021-11-11 09:42:58 - [MESSAGE][INFO] - Getting text of object 'Object Repository/Popup/Popup'

2021-11-11 09:42:58 - [MESSAGE][PASSED] - Text of object 'Object Repository/Popup/Popup' is: '16269 no’lu talebiniz işleme alınmıştır. Raporunuz hazırlandığında (elogotest@gmail.com;ali.kara@logo.com.tr) adresinize mail gönderilecektir.
Rapor durumunuzu Raporlar > Toplu Veri İndirme ekranından takip edebilir, hazırlandı durumundaki raporlarınızı ilgili menüden indirebilirsiniz.'

2021-11-11 09:42:58 - [TEST_STEP][PASSED] - RaporNo = getText(findTestObject("Popup/Popup")).substring(0, 6): Text of object 'Object Repository/Popup/Popup' is: '16269 no’lu talebiniz işleme alınmıştır. Raporunuz hazırlandığında (elogotest@gmail.com;ali.kara@logo.com.tr) adresinize mail gönderilecektir.
Rapor durumunuzu Raporlar > Toplu Veri İndirme ekranından takip edebilir, hazırlandı durumundaki raporlarınızı ilgili menüden indirebilirsiniz.'

2021-11-11 09:42:58 - [MESSAGE][INFO] - Finding Test Object 'Object Repository/Popup/Popup'

2021-11-11 09:42:58 - [MESSAGE][INFO] - Checking object

2021-11-11 09:42:58 - [MESSAGE][INFO] - Finding web element from Test Object's properties

2021-11-11 09:42:58 - [MESSAGE][INFO] - Checking timeout

2021-11-11 09:42:58 - [MESSAGE][INFO] - Finding web element with id: 'Object Repository/Popup/Popup' located by 'By.cssSelector: .bootbox-body' in '30' second(s)

2021-11-11 09:42:58 - [MESSAGE][INFO] - Smart Wait Function is triggered

2021-11-11 09:42:58 - [MESSAGE][INFO] - Found 1 web elements with id: 'Object Repository/Popup/Popup' located by 'By.cssSelector: .bootbox-body' in '30' second(s)

2021-11-11 09:42:58 - [MESSAGE][INFO] - Getting text of object 'Object Repository/Popup/Popup'

2021-11-11 09:42:58 - [MESSAGE][PASSED] - Text of object 'Object Repository/Popup/Popup' is: '16269 no’lu talebiniz işleme alınmıştır. Raporunuz hazırlandığında (elogotest@gmail.com;ali.kara@logo.com.tr) adresinize mail gönderilecektir.
Rapor durumunuzu Raporlar > Toplu Veri İndirme ekranından takip edebilir, hazırlandı durumundaki raporlarınızı ilgili menüden indirebilirsiniz.'

2021-11-11 09:42:58 - [TEST_STEP][PASSED] - Console.println(RaporNo): null

2021-11-11 09:42:58 - [MESSAGE][PASSED] - Call Test Case 'Test Cases/Popup/PopupMesajiIceriyorMu' successfully

2021-11-11 09:42:58 - [MESSAGE][INFO] - Checking called Test Case

2021-11-11 09:42:58 - [MESSAGE][INFO] - Starting to call Test Case 'Test Cases/Popup/PopupButonSecilir'

2021-11-11 09:42:58 - [TEST_CASE][PASSED] - Test Cases/Popup/PopupButonSecilir: Test Cases/Popup/PopupButonSecilir

2021-11-11 09:42:58 - [TEST_STEP][PASSED] - Method.TextDegerineEsitElementeTikla(findTestObject("Popup/Popup_Butons"), Buton): Method.TextDegerineEsitElementeTikla is PASSED

2021-11-11 09:42:58 - [MESSAGE][INFO] - Finding Test Object 'Object Repository/Popup/Popup_Butons'

2021-11-11 09:42:58 - [MESSAGE][INFO] - Checking timeout

2021-11-11 09:42:58 - [MESSAGE][INFO] - Finding web element with id: 'Object Repository/Popup/Popup_Butons' located by 'By.cssSelector: .modal-footer>button' in '10' second(s)

2021-11-11 09:42:58 - [MESSAGE][INFO] - Smart Wait Function is triggered

2021-11-11 09:42:58 - [MESSAGE][INFO] - Found 1 web elements with id: 'Object Repository/Popup/Popup_Butons' located by 'By.cssSelector: .modal-footer>button' in '10' second(s)

2021-11-11 09:42:58 - [MESSAGE][PASSED] - Method.TextDegerineEsitElementeTikla is PASSED

2021-11-11 09:42:58 - [MESSAGE][PASSED] - Call Test Case 'Test Cases/Popup/PopupButonSecilir' successfully

2021-11-11 09:42:58 - [MESSAGE][INFO] - Checking called Test Case

2021-11-11 09:42:58 - [MESSAGE][INFO] - Starting to call Test Case 'Test Cases/Butonlar/ButonaTikla'

2021-11-11 09:42:59 - [TEST_CASE][PASSED] - Test Cases/Butonlar/ButonaTikla: Test Cases/Butonlar/ButonaTikla

2021-11-11 09:42:59 - [TEST_STEP][PASSED] - Method.TextDegerineEsitElementeTiklaEquals(findTestObject("Butonlar/Butonlar"), Buton_Adi): Method.TextDegerineEsitElementeTiklaEquals is PASSED

2021-11-11 09:42:59 - [MESSAGE][INFO] - Finding Test Object 'Object Repository/Butonlar/Butonlar'

2021-11-11 09:42:59 - [MESSAGE][INFO] - Checking timeout

2021-11-11 09:42:59 - [MESSAGE][INFO] - Finding web element with id: 'Object Repository/Butonlar/Butonlar' located by 'By.cssSelector: .panel.panel-default.text-center.footerPanel .btn,.btn.btn-primary.btnControls' in '10' second(s)

2021-11-11 09:42:59 - [MESSAGE][INFO] - Smart Wait Function is triggered

2021-11-11 09:42:59 - [MESSAGE][INFO] - Found 11 web elements with id: 'Object Repository/Butonlar/Butonlar' located by 'By.cssSelector: .panel.panel-default.text-center.footerPanel .btn,.btn.btn-primary.btnControls' in '10' second(s)

2021-11-11 09:42:59 - [MESSAGE][PASSED] - Method.TextDegerineEsitElementeTiklaEquals is PASSED

2021-11-11 09:42:59 - [MESSAGE][PASSED] - Call Test Case 'Test Cases/Butonlar/ButonaTikla' successfully

2021-11-11 09:42:59 - [MESSAGE][INFO] - Checking called Test Case

2021-11-11 09:42:59 - [MESSAGE][INFO] - Starting to call Test Case 'Test Cases/Butonlar/AltButonaTikla'

2021-11-11 09:42:59 - [TEST_CASE][PASSED] - Test Cases/Butonlar/AltButonaTikla: Test Cases/Butonlar/AltButonaTikla

2021-11-11 09:42:59 - [TEST_STEP][PASSED] - Method.TextDegerineEsitElementeTikla(findTestObject("Butonlar/AltButonlar"), Alt_Buton): Method.TextDegerineEsitElementeTikla is PASSED

2021-11-11 09:42:59 - [MESSAGE][INFO] - Finding Test Object 'Object Repository/Butonlar/AltButonlar'

2021-11-11 09:42:59 - [MESSAGE][INFO] - Checking timeout

2021-11-11 09:42:59 - [MESSAGE][INFO] - Finding web element with id: 'Object Repository/Butonlar/AltButonlar' located by 'By.cssSelector: .btn-group.open li>a' in '10' second(s)

2021-11-11 09:42:59 - [MESSAGE][INFO] - Smart Wait Function is triggered

2021-11-11 09:43:00 - [MESSAGE][INFO] - Found 2 web elements with id: 'Object Repository/Butonlar/AltButonlar' located by 'By.cssSelector: .btn-group.open li>a' in '10' second(s)

2021-11-11 09:43:00 - [MESSAGE][PASSED] - Method.TextDegerineEsitElementeTikla is PASSED

2021-11-11 09:43:00 - [MESSAGE][PASSED] - Call Test Case 'Test Cases/Butonlar/AltButonaTikla' successfully

2021-11-11 09:43:00 - [MESSAGE][INFO] - Checking called Test Case

2021-11-11 09:43:00 - [MESSAGE][INFO] - Starting to call Test Case 'Test Cases/Popup/PopupMesajiIceriyorMu'

2021-11-11 09:43:00 - [TEST_CASE][PASSED] - Test Cases/Popup/PopupMesajiIceriyorMu: Test Cases/Popup/PopupMesajiIceriyorMu

2021-11-11 09:43:00 - [TEST_STEP][PASSED] - waitForElementVisible(findTestObject("Popup/Popup"), 10): Object 'Object Repository/Popup/Popup' is visible

2021-11-11 09:43:00 - [MESSAGE][INFO] - Finding Test Object 'Object Repository/Popup/Popup'

2021-11-11 09:43:00 - [MESSAGE][INFO] - Checking object

2021-11-11 09:43:00 - [MESSAGE][INFO] - Checking timeout

2021-11-11 09:43:00 - [MESSAGE][INFO] - Finding web element from Test Object's properties

2021-11-11 09:43:00 - [MESSAGE][INFO] - Checking timeout

2021-11-11 09:43:00 - [MESSAGE][INFO] - Finding web element with id: 'Object Repository/Popup/Popup' located by 'By.cssSelector: .bootbox-body' in '10' second(s)

2021-11-11 09:43:00 - [MESSAGE][INFO] - Smart Wait Function is triggered

2021-11-11 09:43:00 - [MESSAGE][INFO] - Found 1 web elements with id: 'Object Repository/Popup/Popup' located by 'By.cssSelector: .bootbox-body' in '10' second(s)

2021-11-11 09:43:00 - [MESSAGE][PASSED] - Object 'Object Repository/Popup/Popup' is visible

2021-11-11 09:43:00 - [TEST_STEP][PASSED] - if (!(getText(findTestObject("Popup/Popup")).contains(Mesaj))): Text of object 'Object Repository/Popup/Popup' is: 'Lütfen rapor bildiriminin gönderileceği e-posta adresini belirtiniz.
e-Posta Adresi'

2021-11-11 09:43:00 - [MESSAGE][INFO] - Finding Test Object 'Object Repository/Popup/Popup'

2021-11-11 09:43:00 - [MESSAGE][INFO] - Checking object

2021-11-11 09:43:00 - [MESSAGE][INFO] - Finding web element from Test Object's properties

2021-11-11 09:43:00 - [MESSAGE][INFO] - Checking timeout

2021-11-11 09:43:00 - [MESSAGE][INFO] - Finding web element with id: 'Object Repository/Popup/Popup' located by 'By.cssSelector: .bootbox-body' in '30' second(s)

2021-11-11 09:43:00 - [MESSAGE][INFO] - Smart Wait Function is triggered

2021-11-11 09:43:01 - [MESSAGE][INFO] - Found 1 web elements with id: 'Object Repository/Popup/Popup' located by 'By.cssSelector: .bootbox-body' in '30' second(s)

2021-11-11 09:43:01 - [MESSAGE][INFO] - Getting text of object 'Object Repository/Popup/Popup'

2021-11-11 09:43:01 - [MESSAGE][PASSED] - Text of object 'Object Repository/Popup/Popup' is: 'Lütfen rapor bildiriminin gönderileceği e-posta adresini belirtiniz.
e-Posta Adresi'

2021-11-11 09:43:01 - [TEST_STEP][PASSED] - RaporNo = getText(findTestObject("Popup/Popup")).substring(0, 6): Text of object 'Object Repository/Popup/Popup' is: 'Lütfen rapor bildiriminin gönderileceği e-posta adresini belirtiniz.
e-Posta Adresi'

2021-11-11 09:43:01 - [MESSAGE][INFO] - Finding Test Object 'Object Repository/Popup/Popup'

2021-11-11 09:43:01 - [MESSAGE][INFO] - Checking object

2021-11-11 09:43:01 - [MESSAGE][INFO] - Finding web element from Test Object's properties

2021-11-11 09:43:01 - [MESSAGE][INFO] - Checking timeout

2021-11-11 09:43:01 - [MESSAGE][INFO] - Finding web element with id: 'Object Repository/Popup/Popup' located by 'By.cssSelector: .bootbox-body' in '30' second(s)

2021-11-11 09:43:01 - [MESSAGE][INFO] - Smart Wait Function is triggered

2021-11-11 09:43:01 - [MESSAGE][INFO] - Found 1 web elements with id: 'Object Repository/Popup/Popup' located by 'By.cssSelector: .bootbox-body' in '30' second(s)

2021-11-11 09:43:01 - [MESSAGE][INFO] - Getting text of object 'Object Repository/Popup/Popup'

2021-11-11 09:43:01 - [MESSAGE][PASSED] - Text of object 'Object Repository/Popup/Popup' is: 'Lütfen rapor bildiriminin gönderileceği e-posta adresini belirtiniz.
e-Posta Adresi'

2021-11-11 09:43:01 - [TEST_STEP][PASSED] - Console.println(RaporNo): null

2021-11-11 09:43:01 - [MESSAGE][PASSED] - Call Test Case 'Test Cases/Popup/PopupMesajiIceriyorMu' successfully

2021-11-11 09:43:01 - [MESSAGE][INFO] - Checking called Test Case

2021-11-11 09:43:01 - [MESSAGE][INFO] - Starting to call Test Case 'Test Cases/Popup/PopupaEmailEklenir'

2021-11-11 09:43:01 - [TEST_CASE][PASSED] - Test Cases/Popup/PopupaEmailEklenir: Test Cases/Popup/PopupaEmailEklenir

2021-11-11 09:43:01 - [TEST_STEP][PASSED] - clearText(findTestObject("Popup/EmailText")): Text of object 'Object Repository/Popup/EmailText' is cleared

2021-11-11 09:43:01 - [MESSAGE][INFO] - Finding Test Object 'Object Repository/Popup/EmailText'

2021-11-11 09:43:01 - [MESSAGE][INFO] - Checking object

2021-11-11 09:43:01 - [MESSAGE][INFO] - Finding web element from Test Object's properties

2021-11-11 09:43:01 - [MESSAGE][INFO] - Checking timeout

2021-11-11 09:43:01 - [MESSAGE][INFO] - Finding web element with id: 'Object Repository/Popup/EmailText' located by 'By.xpath: //*[@id="eMails"]' in '30' second(s)

2021-11-11 09:43:01 - [MESSAGE][INFO] - Smart Wait Function is triggered

2021-11-11 09:43:01 - [MESSAGE][INFO] - Found 1 web elements with id: 'Object Repository/Popup/EmailText' located by 'By.xpath: //*[@id="eMails"]' in '30' second(s)

2021-11-11 09:43:01 - [MESSAGE][INFO] - Clearing text of object 'Object Repository/Popup/EmailText'

2021-11-11 09:43:01 - [MESSAGE][PASSED] - Text of object 'Object Repository/Popup/EmailText' is cleared

2021-11-11 09:43:01 - [TEST_STEP][PASSED] - sendKeys(findTestObject("Popup/EmailText"), Email): Keys 'elogotest@gmail.com;ali.kara@logo.com.tr' sent to object: 'Object Repository/Popup/EmailText'

2021-11-11 09:43:01 - [MESSAGE][INFO] - Finding Test Object 'Object Repository/Popup/EmailText'

2021-11-11 09:43:02 - [MESSAGE][INFO] - Sending keys 'elogotest@gmail.com;ali.kara@logo.com.tr' to object: 'Object Repository/Popup/EmailText'

2021-11-11 09:43:02 - [MESSAGE][INFO] - Finding web element from Test Object's properties

2021-11-11 09:43:02 - [MESSAGE][INFO] - Checking timeout

2021-11-11 09:43:02 - [MESSAGE][INFO] - Finding web element with id: 'Object Repository/Popup/EmailText' located by 'By.xpath: //*[@id="eMails"]' in '30' second(s)

2021-11-11 09:43:02 - [MESSAGE][INFO] - Smart Wait Function is triggered

2021-11-11 09:43:02 - [MESSAGE][INFO] - Found 1 web elements with id: 'Object Repository/Popup/EmailText' located by 'By.xpath: //*[@id="eMails"]' in '30' second(s)

2021-11-11 09:43:02 - [MESSAGE][PASSED] - Keys 'elogotest@gmail.com;ali.kara@logo.com.tr' sent to object: 'Object Repository/Popup/EmailText'

2021-11-11 09:43:02 - [MESSAGE][PASSED] - Call Test Case 'Test Cases/Popup/PopupaEmailEklenir' successfully

2021-11-11 09:43:02 - [MESSAGE][INFO] - Checking called Test Case

2021-11-11 09:43:02 - [MESSAGE][INFO] - Starting to call Test Case 'Test Cases/Popup/PopupButonSecilir'

2021-11-11 09:43:02 - [TEST_CASE][PASSED] - Test Cases/Popup/PopupButonSecilir: Test Cases/Popup/PopupButonSecilir

2021-11-11 09:43:02 - [TEST_STEP][PASSED] - Method.TextDegerineEsitElementeTikla(findTestObject("Popup/Popup_Butons"), Buton): Method.TextDegerineEsitElementeTikla is PASSED

2021-11-11 09:43:02 - [MESSAGE][INFO] - Finding Test Object 'Object Repository/Popup/Popup_Butons'

2021-11-11 09:43:02 - [MESSAGE][INFO] - Checking timeout

2021-11-11 09:43:02 - [MESSAGE][INFO] - Finding web element with id: 'Object Repository/Popup/Popup_Butons' located by 'By.cssSelector: .modal-footer>button' in '10' second(s)

2021-11-11 09:43:02 - [MESSAGE][INFO] - Smart Wait Function is triggered

2021-11-11 09:43:02 - [MESSAGE][INFO] - Found 2 web elements with id: 'Object Repository/Popup/Popup_Butons' located by 'By.cssSelector: .modal-footer>button' in '10' second(s)

2021-11-11 09:43:02 - [MESSAGE][PASSED] - Method.TextDegerineEsitElementeTikla is PASSED

2021-11-11 09:43:02 - [MESSAGE][PASSED] - Call Test Case 'Test Cases/Popup/PopupButonSecilir' successfully

2021-11-11 09:43:02 - [MESSAGE][INFO] - Checking called Test Case

2021-11-11 09:43:02 - [MESSAGE][INFO] - Starting to call Test Case 'Test Cases/Popup/PopupMesajiIceriyorMu'

2021-11-11 09:43:02 - [TEST_CASE][PASSED] - Test Cases/Popup/PopupMesajiIceriyorMu: Test Cases/Popup/PopupMesajiIceriyorMu

2021-11-11 09:43:02 - [TEST_STEP][PASSED] - waitForElementVisible(findTestObject("Popup/Popup"), 10): Object 'Object Repository/Popup/Popup' is visible

2021-11-11 09:43:02 - [MESSAGE][INFO] - Finding Test Object 'Object Repository/Popup/Popup'

2021-11-11 09:43:02 - [MESSAGE][INFO] - Checking object

2021-11-11 09:43:02 - [MESSAGE][INFO] - Checking timeout

2021-11-11 09:43:02 - [MESSAGE][INFO] - Finding web element from Test Object's properties

2021-11-11 09:43:02 - [MESSAGE][INFO] - Checking timeout

2021-11-11 09:43:02 - [MESSAGE][INFO] - Finding web element with id: 'Object Repository/Popup/Popup' located by 'By.cssSelector: .bootbox-body' in '10' second(s)

2021-11-11 09:43:02 - [MESSAGE][INFO] - Smart Wait Function is triggered

2021-11-11 09:43:03 - [MESSAGE][INFO] - Found 1 web elements with id: 'Object Repository/Popup/Popup' located by 'By.cssSelector: .bootbox-body' in '10' second(s)

2021-11-11 09:43:03 - [MESSAGE][PASSED] - Object 'Object Repository/Popup/Popup' is visible

2021-11-11 09:43:03 - [TEST_STEP][PASSED] - if (!(getText(findTestObject("Popup/Popup")).contains(Mesaj))): Text of object 'Object Repository/Popup/Popup' is: '16270 no’lu talebiniz işleme alınmıştır. Raporunuz hazırlandığında (elogotest@gmail.com;ali.kara@logo.com.tr) adresinize mail gönderilecektir.
Rapor durumunuzu Raporlar > Toplu Veri İndirme ekranından takip edebilir, hazırlandı durumundaki raporlarınızı ilgili menüden indirebilirsiniz.'

2021-11-11 09:43:03 - [MESSAGE][INFO] - Finding Test Object 'Object Repository/Popup/Popup'

2021-11-11 09:43:03 - [MESSAGE][INFO] - Checking object

2021-11-11 09:43:03 - [MESSAGE][INFO] - Finding web element from Test Object's properties

2021-11-11 09:43:03 - [MESSAGE][INFO] - Checking timeout

2021-11-11 09:43:03 - [MESSAGE][INFO] - Finding web element with id: 'Object Repository/Popup/Popup' located by 'By.cssSelector: .bootbox-body' in '30' second(s)

2021-11-11 09:43:03 - [MESSAGE][INFO] - Smart Wait Function is triggered

2021-11-11 09:43:03 - [MESSAGE][INFO] - Found 1 web elements with id: 'Object Repository/Popup/Popup' located by 'By.cssSelector: .bootbox-body' in '30' second(s)

2021-11-11 09:43:03 - [MESSAGE][INFO] - Getting text of object 'Object Repository/Popup/Popup'

2021-11-11 09:43:03 - [MESSAGE][PASSED] - Text of object 'Object Repository/Popup/Popup' is: '16270 no’lu talebiniz işleme alınmıştır. Raporunuz hazırlandığında (elogotest@gmail.com;ali.kara@logo.com.tr) adresinize mail gönderilecektir.
Rapor durumunuzu Raporlar > Toplu Veri İndirme ekranından takip edebilir, hazırlandı durumundaki raporlarınızı ilgili menüden indirebilirsiniz.'

2021-11-11 09:43:03 - [TEST_STEP][PASSED] - RaporNo = getText(findTestObject("Popup/Popup")).substring(0, 6): Text of object 'Object Repository/Popup/Popup' is: '16270 no’lu talebiniz işleme alınmıştır. Raporunuz hazırlandığında (elogotest@gmail.com;ali.kara@logo.com.tr) adresinize mail gönderilecektir.
Rapor durumunuzu Raporlar > Toplu Veri İndirme ekranından takip edebilir, hazırlandı durumundaki raporlarınızı ilgili menüden indirebilirsiniz.'

2021-11-11 09:43:03 - [MESSAGE][INFO] - Finding Test Object 'Object Repository/Popup/Popup'

2021-11-11 09:43:04 - [MESSAGE][INFO] - Checking object

2021-11-11 09:43:04 - [MESSAGE][INFO] - Finding web element from Test Object's properties

2021-11-11 09:43:04 - [MESSAGE][INFO] - Checking timeout

2021-11-11 09:43:04 - [MESSAGE][INFO] - Finding web element with id: 'Object Repository/Popup/Popup' located by 'By.cssSelector: .bootbox-body' in '30' second(s)

2021-11-11 09:43:04 - [MESSAGE][INFO] - Smart Wait Function is triggered

2021-11-11 09:43:04 - [MESSAGE][INFO] - Found 1 web elements with id: 'Object Repository/Popup/Popup' located by 'By.cssSelector: .bootbox-body' in '30' second(s)

2021-11-11 09:43:04 - [MESSAGE][INFO] - Getting text of object 'Object Repository/Popup/Popup'

2021-11-11 09:43:04 - [MESSAGE][PASSED] - Text of object 'Object Repository/Popup/Popup' is: '16270 no’lu talebiniz işleme alınmıştır. Raporunuz hazırlandığında (elogotest@gmail.com;ali.kara@logo.com.tr) adresinize mail gönderilecektir.
Rapor durumunuzu Raporlar > Toplu Veri İndirme ekranından takip edebilir, hazırlandı durumundaki raporlarınızı ilgili menüden indirebilirsiniz.'

2021-11-11 09:43:04 - [TEST_STEP][PASSED] - Console.println(RaporNo): null

2021-11-11 09:43:04 - [MESSAGE][PASSED] - Call Test Case 'Test Cases/Popup/PopupMesajiIceriyorMu' successfully

2021-11-11 09:43:04 - [MESSAGE][INFO] - Checking called Test Case

2021-11-11 09:43:04 - [MESSAGE][INFO] - Starting to call Test Case 'Test Cases/Popup/PopupButonSecilir'

2021-11-11 09:43:04 - [TEST_CASE][PASSED] - Test Cases/Popup/PopupButonSecilir: Test Cases/Popup/PopupButonSecilir

2021-11-11 09:43:04 - [TEST_STEP][PASSED] - Method.TextDegerineEsitElementeTikla(findTestObject("Popup/Popup_Butons"), Buton): Method.TextDegerineEsitElementeTikla is PASSED

2021-11-11 09:43:04 - [MESSAGE][INFO] - Finding Test Object 'Object Repository/Popup/Popup_Butons'

2021-11-11 09:43:04 - [MESSAGE][INFO] - Checking timeout

2021-11-11 09:43:04 - [MESSAGE][INFO] - Finding web element with id: 'Object Repository/Popup/Popup_Butons' located by 'By.cssSelector: .modal-footer>button' in '10' second(s)

2021-11-11 09:43:04 - [MESSAGE][INFO] - Smart Wait Function is triggered

2021-11-11 09:43:04 - [MESSAGE][INFO] - Found 1 web elements with id: 'Object Repository/Popup/Popup_Butons' located by 'By.cssSelector: .modal-footer>button' in '10' second(s)

2021-11-11 09:43:04 - [MESSAGE][PASSED] - Method.TextDegerineEsitElementeTikla is PASSED

2021-11-11 09:43:04 - [MESSAGE][PASSED] - Call Test Case 'Test Cases/Popup/PopupButonSecilir' successfully

2021-11-11 09:43:04 - [MESSAGE][INFO] - Checking called Test Case

2021-11-11 09:43:04 - [MESSAGE][INFO] - Starting to call Test Case 'Test Cases/Menu/AnaMenuSecimi'

2021-11-11 09:43:04 - [TEST_CASE][PASSED] - Test Cases/Menu/AnaMenuSecimi: Test Cases/Menu/AnaMenuSecimi

2021-11-11 09:43:04 - [TEST_STEP][PASSED] - Method.TextDegerineEsitElementeTikla(findTestObject("Menu/Ana_Menu"), Ana_Menu): Method.TextDegerineEsitElementeTikla is PASSED

2021-11-11 09:43:04 - [MESSAGE][INFO] - Finding Test Object 'Object Repository/Menu/Ana_Menu'

2021-11-11 09:43:04 - [MESSAGE][INFO] - Checking timeout

2021-11-11 09:43:04 - [MESSAGE][INFO] - Finding web element with id: 'Object Repository/Menu/Ana_Menu' located by 'By.xpath: //*[@class = 'dropdown-toggle']' in '10' second(s)

2021-11-11 09:43:04 - [MESSAGE][INFO] - Smart Wait Function is triggered

2021-11-11 09:43:05 - [MESSAGE][INFO] - Found 14 web elements with id: 'Object Repository/Menu/Ana_Menu' located by 'By.xpath: //*[@class = 'dropdown-toggle']' in '10' second(s)

2021-11-11 09:43:05 - [MESSAGE][PASSED] - Method.TextDegerineEsitElementeTikla is PASSED

2021-11-11 09:43:05 - [MESSAGE][PASSED] - Call Test Case 'Test Cases/Menu/AnaMenuSecimi' successfully

2021-11-11 09:43:05 - [MESSAGE][INFO] - Checking called Test Case

2021-11-11 09:43:05 - [MESSAGE][INFO] - Starting to call Test Case 'Test Cases/Menu/AltMenuSecimi'

2021-11-11 09:43:05 - [TEST_CASE][PASSED] - Test Cases/Menu/AltMenuSecimi: Test Cases/Menu/AltMenuSecimi

2021-11-11 09:43:05 - [TEST_STEP][PASSED] - Method.TextDegerineEsitElementeTikla(findTestObject("Menu/Alt_Menu"), Alt_Menu): Method.TextDegerineEsitElementeTikla is PASSED

2021-11-11 09:43:05 - [MESSAGE][INFO] - Finding Test Object 'Object Repository/Menu/Alt_Menu'

2021-11-11 09:43:05 - [MESSAGE][INFO] - Checking timeout

2021-11-11 09:43:05 - [MESSAGE][INFO] - Finding web element with id: 'Object Repository/Menu/Alt_Menu' located by 'By.xpath: //li[@class='dropdown dropdown-large open']//li[@class='dropdown-element']' in '10' second(s)

2021-11-11 09:43:05 - [MESSAGE][INFO] - Smart Wait Function is triggered

2021-11-11 09:43:06 - [MESSAGE][INFO] - Found 9 web elements with id: 'Object Repository/Menu/Alt_Menu' located by 'By.xpath: //li[@class='dropdown dropdown-large open']//li[@class='dropdown-element']' in '10' second(s)

2021-11-11 09:43:07 - [MESSAGE][PASSED] - Method.TextDegerineEsitElementeTikla is PASSED

2021-11-11 09:43:07 - [MESSAGE][PASSED] - Call Test Case 'Test Cases/Menu/AltMenuSecimi' successfully

2021-11-11 09:43:07 - [MESSAGE][INFO] - Checking called Test Case

2021-11-11 09:43:07 - [MESSAGE][INFO] - Starting to call Test Case 'Test Cases/Filtreler/RaporNoYaz'

2021-11-11 09:43:07 - [TEST_CASE][PASSED] - Test Cases/Filtreler/RaporNoYaz: Test Cases/Filtreler/RaporNoYaz

2021-11-11 09:43:07 - [TEST_STEP][PASSED] - Method.TextDegerineEsitElementinAltindakiTextboxtaYaz(findTestObject("Filtreler/Basliklar"), findTestObject("Filtreler/Basliga_Gore_Textbox"), "Talep No", RaporNo): Method.TextDegerineEsitElementinAltindakiTextboxtaYaz is PASSED

2021-11-11 09:43:07 - [MESSAGE][INFO] - Finding Test Object 'Object Repository/Filtreler/Basliklar'

2021-11-11 09:43:07 - [MESSAGE][INFO] - Finding Test Object 'Object Repository/Filtreler/Basliga_Gore_Textbox'

2021-11-11 09:43:07 - [MESSAGE][INFO] - Checking timeout

2021-11-11 09:43:07 - [MESSAGE][INFO] - Finding web element with id: 'Object Repository/Filtreler/Basliklar' located by 'By.cssSelector: .control-label.col-sm-4.paddingMarginRLC' in '10' second(s)

2021-11-11 09:43:07 - [MESSAGE][INFO] - Smart Wait Function is triggered

2021-11-11 09:43:07 - [MESSAGE][INFO] - Found 8 web elements with id: 'Object Repository/Filtreler/Basliklar' located by 'By.cssSelector: .control-label.col-sm-4.paddingMarginRLC' in '10' second(s)

2021-11-11 09:43:07 - [MESSAGE][INFO] - Smart Wait Function is triggered

2021-11-11 09:43:08 - [MESSAGE][PASSED] - Method.TextDegerineEsitElementinAltindakiTextboxtaYaz is PASSED

2021-11-11 09:43:08 - [MESSAGE][PASSED] - Call Test Case 'Test Cases/Filtreler/RaporNoYaz' successfully

2021-11-11 09:43:08 - [MESSAGE][INFO] - Checking called Test Case

2021-11-11 09:43:08 - [MESSAGE][INFO] - Starting to call Test Case 'Test Cases/Filtreler/ButonaTikla'

2021-11-11 09:43:08 - [TEST_CASE][PASSED] - Test Cases/Filtreler/ButonaTikla: Test Cases/Filtreler/ButonaTikla

2021-11-11 09:43:08 - [TEST_STEP][PASSED] - Method.TextDegerineEsitElementeTikla(findTestObject("Filtreler/Butonlar"), Filtre_Buton): Method.TextDegerineEsitElementeTikla is PASSED

2021-11-11 09:43:08 - [MESSAGE][INFO] - Finding Test Object 'Object Repository/Filtreler/Butonlar'

2021-11-11 09:43:08 - [MESSAGE][INFO] - Checking timeout

2021-11-11 09:43:08 - [MESSAGE][INFO] - Finding web element with id: 'Object Repository/Filtreler/Butonlar' located by 'By.cssSelector: .dxb>span' in '10' second(s)

2021-11-11 09:43:08 - [MESSAGE][INFO] - Smart Wait Function is triggered

2021-11-11 09:43:08 - [MESSAGE][INFO] - Found 2 web elements with id: 'Object Repository/Filtreler/Butonlar' located by 'By.cssSelector: .dxb>span' in '10' second(s)

2021-11-11 09:43:08 - [MESSAGE][PASSED] - Method.TextDegerineEsitElementeTikla is PASSED

2021-11-11 09:43:08 - [MESSAGE][PASSED] - Call Test Case 'Test Cases/Filtreler/ButonaTikla' successfully

2021-11-11 09:43:08 - [MESSAGE][INFO] - Checking called Test Case

2021-11-11 09:43:08 - [MESSAGE][INFO] - Starting to call Test Case 'Test Cases/Tablo/TablodaVeriVarMi'

2021-11-11 09:43:08 - [TEST_CASE][PASSED] - Test Cases/Tablo/TablodaVeriVarMi: Test Cases/Tablo/TablodaVeriVarMi

2021-11-11 09:43:08 - [TEST_STEP][PASSED] - verifyTextNotPresent("Görüntülenecek veri yok", true): Text 'Görüntülenecek veri yok' is not present on page using regular expression

2021-11-11 09:43:08 - [MESSAGE][INFO] - Checking text present  using regular expression

2021-11-11 09:43:08 - [MESSAGE][INFO] - Smart Wait Function is triggered

2021-11-11 09:43:09 - [MESSAGE][INFO] - Finding text 'Görüntülenecek veri yok' on page  using regular expression

2021-11-11 09:43:09 - [MESSAGE][PASSED] - Text 'Görüntülenecek veri yok' is not present on page using regular expression

2021-11-11 09:43:09 - [MESSAGE][PASSED] - Call Test Case 'Test Cases/Tablo/TablodaVeriVarMi' successfully

2021-11-11 09:43:09 - [MESSAGE][INFO] - Checking called Test Case

2021-11-11 09:43:09 - [MESSAGE][INFO] - Starting to call Test Case 'Test Cases/Kullanici_Islemleri/KullaniciIslemlerindenSecimYapilir'

2021-11-11 09:43:09 - [TEST_CASE][PASSED] - Test Cases/Kullanici_Islemleri/KullaniciIslemlerindenSecimYapilir: Test Cases/Kullanici_Islemleri/KullaniciIslemlerindenSecimYapilir

2021-11-11 09:43:09 - [TEST_STEP][PASSED] - waitForElementClickable(findTestObject("Object Repository/Kullanici_Islemleri/KullaniciIslemleri"), 10): Object 'Object Repository/Kullanici_Islemleri/KullaniciIslemleri' is clickable

2021-11-11 09:43:09 - [MESSAGE][INFO] - Finding Test Object 'Object Repository/Kullanici_Islemleri/KullaniciIslemleri'

2021-11-11 09:43:09 - [MESSAGE][INFO] - Checking object

2021-11-11 09:43:09 - [MESSAGE][INFO] - Checking timeout

2021-11-11 09:43:09 - [MESSAGE][INFO] - Finding web element from Test Object's properties

2021-11-11 09:43:09 - [MESSAGE][INFO] - Checking timeout

2021-11-11 09:43:09 - [MESSAGE][INFO] - Finding web element with id: 'Object Repository/Kullanici_Islemleri/KullaniciIslemleri' located by 'By.cssSelector: .dropdown>a>img' in '10' second(s)

2021-11-11 09:43:09 - [MESSAGE][INFO] - Smart Wait Function is triggered

2021-11-11 09:43:09 - [MESSAGE][INFO] - Found 1 web elements with id: 'Object Repository/Kullanici_Islemleri/KullaniciIslemleri' located by 'By.cssSelector: .dropdown>a>img' in '10' second(s)

2021-11-11 09:43:09 - [MESSAGE][PASSED] - Object 'Object Repository/Kullanici_Islemleri/KullaniciIslemleri' is clickable

2021-11-11 09:43:09 - [TEST_STEP][PASSED] - click(findTestObject("Object Repository/Kullanici_Islemleri/KullaniciIslemleri")): Object: 'Object Repository/Kullanici_Islemleri/KullaniciIslemleri' is clicked on

2021-11-11 09:43:09 - [MESSAGE][INFO] - Finding Test Object 'Object Repository/Kullanici_Islemleri/KullaniciIslemleri'

2021-11-11 09:43:09 - [MESSAGE][INFO] - Checking object

2021-11-11 09:43:09 - [MESSAGE][INFO] - Finding web element from Test Object's properties

2021-11-11 09:43:09 - [MESSAGE][INFO] - Checking timeout

2021-11-11 09:43:09 - [MESSAGE][INFO] - Finding web element with id: 'Object Repository/Kullanici_Islemleri/KullaniciIslemleri' located by 'By.cssSelector: .dropdown>a>img' in '30' second(s)

2021-11-11 09:43:09 - [MESSAGE][INFO] - Smart Wait Function is triggered

2021-11-11 09:43:10 - [MESSAGE][INFO] - Found 1 web elements with id: 'Object Repository/Kullanici_Islemleri/KullaniciIslemleri' located by 'By.cssSelector: .dropdown>a>img' in '30' second(s)

2021-11-11 09:43:10 - [MESSAGE][INFO] - Clicking on object: 'Object Repository/Kullanici_Islemleri/KullaniciIslemleri'

2021-11-11 09:43:10 - [MESSAGE][PASSED] - Object: 'Object Repository/Kullanici_Islemleri/KullaniciIslemleri' is clicked on

2021-11-11 09:43:10 - [TEST_STEP][PASSED] - Method.TextDegerineEsitElementeTikla(findTestObject("Object Repository/Kullanici_Islemleri/Secenekler"), Islem): Method.TextDegerineEsitElementeTikla is PASSED

2021-11-11 09:43:10 - [MESSAGE][INFO] - Finding Test Object 'Object Repository/Kullanici_Islemleri/Secenekler'

2021-11-11 09:43:10 - [MESSAGE][INFO] - Checking timeout

2021-11-11 09:43:10 - [MESSAGE][INFO] - Finding web element with id: 'Object Repository/Kullanici_Islemleri/Secenekler' located by 'By.cssSelector: .nav.navbar-nav.navbar-right li a' in '10' second(s)

2021-11-11 09:43:10 - [MESSAGE][INFO] - Smart Wait Function is triggered

2021-11-11 09:43:10 - [MESSAGE][INFO] - Found 22 web elements with id: 'Object Repository/Kullanici_Islemleri/Secenekler' located by 'By.cssSelector: .nav.navbar-nav.navbar-right li a' in '10' second(s)

2021-11-11 09:43:12 - [MESSAGE][PASSED] - Method.TextDegerineEsitElementeTikla is PASSED

2021-11-11 09:43:12 - [TEST_STEP][PASSED] - verifyElementNotPresent(findTestObject("Object Repository/Kullanici_Islemleri/Secenekler"), 10): Web element with id: 'Object Repository/Kullanici_Islemleri/Secenekler' located by 'By.cssSelector: .nav.navbar-nav.navbar-right li a' is not present after '10' second(s)

2021-11-11 09:43:12 - [MESSAGE][INFO] - Finding Test Object 'Object Repository/Kullanici_Islemleri/Secenekler'

2021-11-11 09:43:12 - [MESSAGE][INFO] - Checking object

2021-11-11 09:43:12 - [MESSAGE][INFO] - Checking timeout

2021-11-11 09:43:12 - [MESSAGE][INFO] - Finding web element with id: 'Object Repository/Kullanici_Islemleri/Secenekler' located by 'By.cssSelector: .nav.navbar-nav.navbar-right li a' in '10' second(s)

2021-11-11 09:43:12 - [MESSAGE][INFO] - Smart Wait Function is triggered

2021-11-11 09:43:12 - [MESSAGE][PASSED] - Web element with id: 'Object Repository/Kullanici_Islemleri/Secenekler' located by 'By.cssSelector: .nav.navbar-nav.navbar-right li a' is not present after '10' second(s)

2021-11-11 09:43:12 - [MESSAGE][PASSED] - Call Test Case 'Test Cases/Kullanici_Islemleri/KullaniciIslemlerindenSecimYapilir' successfully

2021-11-11 09:43:12 - [TEST_CASE][PASSED] - Start Test Case : SCENARIO Irsaliyenin excele aktarilmasi: SCENARIO Irsaliyenin excele aktarilmasi

2021-11-11 09:43:12 - [TEST_STEP][PASSED] - Kullanıcı adı ELOGO6 ve Şifre 123456 olarak giriş yapılır: Kullanıcı adı ELOGO6 ve Şifre 123456 olarak giriş yapılır

2021-11-11 09:43:12 - [MESSAGE][PASSED] - Kullanıcı adı ELOGO6 ve Şifre 123456 olarak giriş yapılır

2021-11-11 09:43:12 - [TEST_STEP][PASSED] - Ana menüden e-İrsaliye seçilir: Ana menüden e-İrsaliye seçilir

2021-11-11 09:43:12 - [MESSAGE][PASSED] - Ana menüden e-İrsaliye seçilir

2021-11-11 09:43:12 - [TEST_STEP][PASSED] - Alt menü Giden Kutusu başlığı altındaki İrsaliyeler seçilir: Alt menü Giden Kutusu başlığı altındaki İrsaliyeler seçilir

2021-11-11 09:43:12 - [MESSAGE][PASSED] - Alt menü Giden Kutusu başlığı altındaki İrsaliyeler seçilir

2021-11-11 09:43:12 - [TEST_STEP][PASSED] - Filtrelerden Oluşturma Tarihi filtresine 01.01.2020 baslangic degerini yaz: Filtrelerden Oluşturma Tarihi filtresine 01.01.2020 baslangic degerini yaz

2021-11-11 09:43:12 - [MESSAGE][PASSED] - Filtrelerden Oluşturma Tarihi filtresine 01.01.2020 baslangic degerini yaz

2021-11-11 09:43:12 - [TEST_STEP][PASSED] - Filtrelerden Oluşturma Tarihi filtresine 31.12.2020 bitis degerini yaz: Filtrelerden Oluşturma Tarihi filtresine 31.12.2020 bitis degerini yaz

2021-11-11 09:43:12 - [MESSAGE][PASSED] - Filtrelerden Oluşturma Tarihi filtresine 31.12.2020 bitis degerini yaz

2021-11-11 09:43:12 - [TEST_STEP][PASSED] - Filtrelerden Alıcı Ünvanı filtresine TEST textini yaz: Filtrelerden Alıcı Ünvanı filtresine TEST textini yaz

2021-11-11 09:43:12 - [MESSAGE][PASSED] - Filtrelerden Alıcı Ünvanı filtresine TEST textini yaz

2021-11-11 09:43:12 - [TEST_STEP][PASSED] - Filtre butonlarından Listele seçilir: Filtre butonlarından Listele seçilir

2021-11-11 09:43:12 - [MESSAGE][PASSED] - Filtre butonlarından Listele seçilir

2021-11-11 09:43:12 - [TEST_STEP][PASSED] - Tabloda veri var mı kontrol edilir: Tabloda veri var mı kontrol edilir

2021-11-11 09:43:12 - [MESSAGE][PASSED] - Tabloda veri var mı kontrol edilir

2021-11-11 09:43:12 - [TEST_STEP][PASSED] - Tablodan TEST isimli veri seçilir: Tablodan TEST isimli veri seçilir

2021-11-11 09:43:12 - [MESSAGE][PASSED] - Tablodan TEST isimli veri seçilir

2021-11-11 09:43:12 - [TEST_STEP][PASSED] - Butonlardan Excel isimli butona tıklanır: Butonlardan Excel isimli butona tıklanır

2021-11-11 09:43:12 - [MESSAGE][PASSED] - Butonlardan Excel isimli butona tıklanır

2021-11-11 09:43:12 - [TEST_STEP][PASSED] - Alt butonlardan Excel'e Aktar butonuna tıklanır: Alt butonlardan Excel'e Aktar butonuna tıklanır

2021-11-11 09:43:12 - [MESSAGE][PASSED] - Alt butonlardan Excel'e Aktar butonuna tıklanır

2021-11-11 09:43:12 - [TEST_STEP][PASSED] - Popup mesajı Lütfen rapor bildiriminin gönderileceği e-posta adresini belirtiniz. içeriyor mu: Popup mesajı Lütfen rapor bildiriminin gönderileceği e-posta adresini belirtiniz. içeriyor mu

2021-11-11 09:43:12 - [MESSAGE][PASSED] - Popup mesajı Lütfen rapor bildiriminin gönderileceği e-posta adresini belirtiniz. içeriyor mu

2021-11-11 09:43:12 - [TEST_STEP][PASSED] - Popup email elogotest@gmail.com;ali.kara@logo.com.tr olarak girilir: Popup email elogotest@gmail.com;ali.kara@logo.com.tr olarak girilir

2021-11-11 09:43:12 - [MESSAGE][PASSED] - Popup email elogotest@gmail.com;ali.kara@logo.com.tr olarak girilir

2021-11-11 09:43:12 - [TEST_STEP][PASSED] - Yönetim popupında Gönder seçilir: Yönetim popupında Gönder seçilir

2021-11-11 09:43:12 - [MESSAGE][PASSED] - Yönetim popupında Gönder seçilir

2021-11-11 09:43:12 - [TEST_STEP][PASSED] - Popup mesajı talebiniz işleme alınmıştır içeriyor mu: Popup mesajı talebiniz işleme alınmıştır içeriyor mu

2021-11-11 09:43:12 - [MESSAGE][PASSED] - Popup mesajı talebiniz işleme alınmıştır içeriyor mu

2021-11-11 09:43:12 - [TEST_STEP][PASSED] - Yönetim popupında Tamam seçilir: Yönetim popupında Tamam seçilir

2021-11-11 09:43:12 - [MESSAGE][PASSED] - Yönetim popupında Tamam seçilir

2021-11-11 09:43:12 - [TEST_STEP][PASSED] - Butonlardan Excel isimli butona tıklanır: Butonlardan Excel isimli butona tıklanır

2021-11-11 09:43:12 - [MESSAGE][PASSED] - Butonlardan Excel isimli butona tıklanır

2021-11-11 09:43:12 - [TEST_STEP][PASSED] - Alt butonlardan Tümünü Excel'e Aktar butonuna tıklanır: Alt butonlardan Tümünü Excel'e Aktar butonuna tıklanır

2021-11-11 09:43:12 - [MESSAGE][PASSED] - Alt butonlardan Tümünü Excel'e Aktar butonuna tıklanır

2021-11-11 09:43:12 - [TEST_STEP][PASSED] - Popup mesajı Lütfen rapor bildiriminin gönderileceği e-posta adresini belirtiniz. içeriyor mu: Popup mesajı Lütfen rapor bildiriminin gönderileceği e-posta adresini belirtiniz. içeriyor mu

2021-11-11 09:43:12 - [MESSAGE][PASSED] - Popup mesajı Lütfen rapor bildiriminin gönderileceği e-posta adresini belirtiniz. içeriyor mu

2021-11-11 09:43:12 - [TEST_STEP][PASSED] - Popup email elogotest@gmail.com;ali.kara@logo.com.tr olarak girilir: Popup email elogotest@gmail.com;ali.kara@logo.com.tr olarak girilir

2021-11-11 09:43:12 - [MESSAGE][PASSED] - Popup email elogotest@gmail.com;ali.kara@logo.com.tr olarak girilir

2021-11-11 09:43:12 - [TEST_STEP][PASSED] - Yönetim popupında Gönder seçilir: Yönetim popupında Gönder seçilir

2021-11-11 09:43:12 - [MESSAGE][PASSED] - Yönetim popupında Gönder seçilir

2021-11-11 09:43:12 - [TEST_STEP][PASSED] - Popup mesajı talebiniz işleme alınmıştır içeriyor mu: Popup mesajı talebiniz işleme alınmıştır içeriyor mu

2021-11-11 09:43:12 - [MESSAGE][PASSED] - Popup mesajı talebiniz işleme alınmıştır içeriyor mu

2021-11-11 09:43:12 - [TEST_STEP][PASSED] - Yönetim popupında Tamam seçilir: Yönetim popupında Tamam seçilir

2021-11-11 09:43:12 - [MESSAGE][PASSED] - Yönetim popupında Tamam seçilir

2021-11-11 09:43:12 - [TEST_STEP][PASSED] - Ana menüden Raporlar seçilir: Ana menüden Raporlar seçilir

2021-11-11 09:43:12 - [MESSAGE][PASSED] - Ana menüden Raporlar seçilir

2021-11-11 09:43:12 - [TEST_STEP][PASSED] - Alt menüden Toplu Veri İndirme seçilir: Alt menüden Toplu Veri İndirme seçilir

2021-11-11 09:43:12 - [MESSAGE][PASSED] - Alt menüden Toplu Veri İndirme seçilir

2021-11-11 09:43:12 - [TEST_STEP][PASSED] - Filtrelerden Talep No filtresine Rapor No bilgisi yaz: Filtrelerden Talep No filtresine Rapor No bilgisi yaz

2021-11-11 09:43:12 - [MESSAGE][PASSED] - Filtrelerden Talep No filtresine Rapor No bilgisi yaz

2021-11-11 09:43:12 - [TEST_STEP][PASSED] - Filtre butonlarından Listele seçilir: Filtre butonlarından Listele seçilir

2021-11-11 09:43:12 - [MESSAGE][PASSED] - Filtre butonlarından Listele seçilir

2021-11-11 09:43:12 - [TEST_STEP][PASSED] - Tabloda veri var mı kontrol edilir: Tabloda veri var mı kontrol edilir

2021-11-11 09:43:12 - [MESSAGE][PASSED] - Tabloda veri var mı kontrol edilir

2021-11-11 09:43:12 - [TEST_STEP][PASSED] - Kullanıcı işlemlerinden Çıkış seçilir: Kullanıcı işlemlerinden Çıkış seçilir

2021-11-11 09:43:12 - [MESSAGE][PASSED] - Kullanıcı işlemlerinden Çıkış seçilir

2021-11-11 09:43:12 - [MESSAGE][PASSED] - Feature file: 'Include/features/e-Irsaliye/Giden Kutusu/Irsaliyeler/Excele Aktar.feature' was passed

2021-11-11 09:43:12 - [TEST_STEP][PASSED] - Start listener action : sampleAfterTestSuite: Invoke 'com.kms.katalon.core.annotation.AfterTestCase' method: 'Listener.sampleAfterTestSuite(...)' completed.

2021-11-11 09:43:12 - [MESSAGE][INFO] - Starting invoke 'com.kms.katalon.core.annotation.AfterTestCase' method: 'Listener.sampleAfterTestSuite(...)'

2021-11-11 09:43:12 - [TEST_STEP][PASSED] - closeBrowser(): Invoke 'com.kms.katalon.core.annotation.AfterTestCase' method: 'Listener.sampleAfterTestSuite(...)' completed.

2021-11-11 09:43:12 - [MESSAGE][INFO] - Closing browser

2021-11-11 09:43:13 - [MESSAGE][PASSED] - Browser is closed

2021-11-11 09:43:13 - [MESSAGE][INFO] - Invoke 'com.kms.katalon.core.annotation.AfterTestCase' method: 'Listener.sampleAfterTestSuite(...)' completed.]]></system-out>
         <system-err><![CDATA[]]></system-err>
      </testcase>
      <testcase name="Test Cases/Case Repository/e-Irsaliye/Giden Kutusu/Irsaliyeler/Toplu Indirme" time="66.298" classname="Test Cases/Case Repository/e-Irsaliye/Giden Kutusu/Irsaliyeler/Toplu Indirme" status="PASSED">
         <system-out><![CDATA[2021-11-11 09:43:13 - [TEST_CASE][PASSED] - Test Cases/Case Repository/e-Irsaliye/Giden Kutusu/Irsaliyeler/Toplu Indirme: Test Cases/Case Repository/e-Irsaliye/Giden Kutusu/Irsaliyeler/Toplu Indirme

2021-11-11 09:43:13 - [TEST_STEP][PASSED] - Start listener action : sampleBeforeTestSuite: Invoke 'com.kms.katalon.core.annotation.BeforeTestCase' method: 'Listener.sampleBeforeTestSuite(...)' completed.

2021-11-11 09:43:13 - [MESSAGE][INFO] - Starting invoke 'com.kms.katalon.core.annotation.BeforeTestCase' method: 'Listener.sampleBeforeTestSuite(...)'

2021-11-11 09:43:13 - [TEST_STEP][PASSED] - openBrowser(baseUrl): Browser is opened with url: 'https://efatura-stage.elogo.com.tr/'

2021-11-11 09:43:13 - [MESSAGE][INFO] - Opening browser

2021-11-11 09:43:13 - [MESSAGE][INFO] - Starting 'Chrome' driver

2021-11-11 09:43:13 - [MESSAGE][INFO] - User set preference: ['prefs', '{download.default_directory=C:\otomasyondownfiles}']

2021-11-11 09:43:13 - [MESSAGE][INFO] - Action delay is set to 0 milliseconds

2021-11-11 09:43:14 - [MESSAGE][INFO] - Navigating browser to: 'https://efatura-stage.elogo.com.tr/'

2021-11-11 09:43:17 - [MESSAGE][PASSED] - Browser is opened with url: 'https://efatura-stage.elogo.com.tr/'

2021-11-11 09:43:17 - [TEST_STEP][PASSED] - maximizeWindow(): Invoke 'com.kms.katalon.core.annotation.BeforeTestCase' method: 'Listener.sampleBeforeTestSuite(...)' completed.

2021-11-11 09:43:17 - [MESSAGE][INFO] - Maximizing current window

2021-11-11 09:43:17 - [MESSAGE][PASSED] - Current window maximized

2021-11-11 09:43:17 - [MESSAGE][INFO] - Invoke 'com.kms.katalon.core.annotation.BeforeTestCase' method: 'Listener.sampleBeforeTestSuite(...)' completed.

2021-11-11 09:43:18 - [TEST_STEP][PASSED] - runFeatureFile("Include/features/e-Irsaliye/Giden Kutusu/Irsaliyeler/Toplu Indirme.feature"): Feature file: 'Include/features/e-Irsaliye/Giden Kutusu/Irsaliyeler/Toplu Indirme.feature' was passed

2021-11-11 09:43:18 - [MESSAGE][INFO] - Starting run keyword runFeatureFile: 'Include/features/e-Irsaliye/Giden Kutusu/Irsaliyeler/Toplu Indirme.feature' and extract report to folder: 'C:\Users\DELL\Documents\GitHub\EES_KatalonLogo\Reports\20211111_090730\Suite Repository\ExceleAktarVeTopluIndirme\20211111_090810/cucumber_report/1636612998084'...

2021-11-11 09:43:18 - [MESSAGE][INFO] - Glue: []

2021-11-11 09:43:18 - [MESSAGE][INFO] - Checking called Test Case

2021-11-11 09:43:18 - [MESSAGE][INFO] - Starting to call Test Case 'Test Cases/Sayfalar/Giris_Sayfasi/Login'

2021-11-11 09:43:18 - [TEST_CASE][PASSED] - Test Cases/Sayfalar/Giris_Sayfasi/Login: Test Cases/Sayfalar/Giris_Sayfasi/Login

2021-11-11 09:43:18 - [TEST_STEP][PASSED] - Sayfa_Basligi = getWindowTitle(): Current window's title is: 'LOGO e-Fatura'

2021-11-11 09:43:18 - [MESSAGE][INFO] - Getting current window's title

2021-11-11 09:43:18 - [MESSAGE][PASSED] - Current window's title is: 'LOGO e-Fatura'

2021-11-11 09:43:18 - [TEST_STEP][PASSED] - verifyMatch(Sayfa_Basligi, "LOGO e-Fatura", false): Actual text 'LOGO e-Fatura' and expected text 'LOGO e-Fatura' are matched 

2021-11-11 09:43:18 - [MESSAGE][INFO] - Matching actual text 'LOGO e-Fatura' with expected text 'LOGO e-Fatura'

2021-11-11 09:43:18 - [MESSAGE][PASSED] - Actual text 'LOGO e-Fatura' and expected text 'LOGO e-Fatura' are matched 

2021-11-11 09:43:18 - [TEST_STEP][PASSED] - sendKeys(findTestObject("Sayfalar/Giris_Sayfasi/Firma_Kodu"), KullaniciAdi): Keys 'ELOGO6' sent to object: 'Object Repository/Sayfalar/Giris_Sayfasi/Firma_Kodu'

2021-11-11 09:43:18 - [MESSAGE][INFO] - Finding Test Object 'Object Repository/Sayfalar/Giris_Sayfasi/Firma_Kodu'

2021-11-11 09:43:18 - [MESSAGE][INFO] - Sending keys 'ELOGO6' to object: 'Object Repository/Sayfalar/Giris_Sayfasi/Firma_Kodu'

2021-11-11 09:43:18 - [MESSAGE][INFO] - Finding web element from Test Object's properties

2021-11-11 09:43:18 - [MESSAGE][INFO] - Checking timeout

2021-11-11 09:43:18 - [MESSAGE][INFO] - Finding web element with id: 'Object Repository/Sayfalar/Giris_Sayfasi/Firma_Kodu' located by 'By.xpath: //*[@id = 'AccountName']' in '30' second(s)

2021-11-11 09:43:18 - [MESSAGE][INFO] - Smart Wait Function is triggered

2021-11-11 09:43:19 - [MESSAGE][INFO] - Found 1 web elements with id: 'Object Repository/Sayfalar/Giris_Sayfasi/Firma_Kodu' located by 'By.xpath: //*[@id = 'AccountName']' in '30' second(s)

2021-11-11 09:43:19 - [MESSAGE][PASSED] - Keys 'ELOGO6' sent to object: 'Object Repository/Sayfalar/Giris_Sayfasi/Firma_Kodu'

2021-11-11 09:43:19 - [TEST_STEP][PASSED] - sendKeys(findTestObject("Sayfalar/Giris_Sayfasi/Sifre"), Sifre): Keys '123456' sent to object: 'Object Repository/Sayfalar/Giris_Sayfasi/Sifre'

2021-11-11 09:43:19 - [MESSAGE][INFO] - Finding Test Object 'Object Repository/Sayfalar/Giris_Sayfasi/Sifre'

2021-11-11 09:43:19 - [MESSAGE][INFO] - Sending keys '123456' to object: 'Object Repository/Sayfalar/Giris_Sayfasi/Sifre'

2021-11-11 09:43:19 - [MESSAGE][INFO] - Finding web element from Test Object's properties

2021-11-11 09:43:19 - [MESSAGE][INFO] - Checking timeout

2021-11-11 09:43:19 - [MESSAGE][INFO] - Finding web element with id: 'Object Repository/Sayfalar/Giris_Sayfasi/Sifre' located by 'By.xpath: //*[@id = 'Password']' in '30' second(s)

2021-11-11 09:43:19 - [MESSAGE][INFO] - Smart Wait Function is triggered

2021-11-11 09:43:19 - [MESSAGE][INFO] - Found 1 web elements with id: 'Object Repository/Sayfalar/Giris_Sayfasi/Sifre' located by 'By.xpath: //*[@id = 'Password']' in '30' second(s)

2021-11-11 09:43:19 - [MESSAGE][PASSED] - Keys '123456' sent to object: 'Object Repository/Sayfalar/Giris_Sayfasi/Sifre'

2021-11-11 09:43:19 - [TEST_STEP][PASSED] - findWebElement(findTestObject("Sayfalar/Giris_Sayfasi/Giris_Butonu")).click(): Found 1 web elements with id: 'Object Repository/Sayfalar/Giris_Sayfasi/Giris_Butonu' located by 'By.cssSelector: #btnLogin' in '30' second(s)

2021-11-11 09:43:19 - [MESSAGE][INFO] - Finding Test Object 'Object Repository/Sayfalar/Giris_Sayfasi/Giris_Butonu'

2021-11-11 09:43:19 - [MESSAGE][INFO] - Finding web element from Test Object's properties

2021-11-11 09:43:19 - [MESSAGE][INFO] - Checking timeout

2021-11-11 09:43:19 - [MESSAGE][INFO] - Finding web element with id: 'Object Repository/Sayfalar/Giris_Sayfasi/Giris_Butonu' located by 'By.cssSelector: #btnLogin' in '30' second(s)

2021-11-11 09:43:19 - [MESSAGE][INFO] - Smart Wait Function is triggered

2021-11-11 09:43:19 - [MESSAGE][INFO] - Found 1 web elements with id: 'Object Repository/Sayfalar/Giris_Sayfasi/Giris_Butonu' located by 'By.cssSelector: #btnLogin' in '30' second(s)

2021-11-11 09:43:22 - [TEST_STEP][PASSED] - if (verifyElementPresent(findTestObject("Object Repository/Sayfalar/Giris_Sayfasi/RetveTamam_Butonu"), 5, OPTIONAL)): null

2021-11-11 09:43:22 - [MESSAGE][INFO] - Finding Test Object 'Object Repository/Sayfalar/Giris_Sayfasi/RetveTamam_Butonu'

2021-11-11 09:43:22 - [MESSAGE][INFO] - Checking object

2021-11-11 09:43:22 - [MESSAGE][INFO] - Finding web element from Test Object's properties

2021-11-11 09:43:22 - [MESSAGE][INFO] - Checking timeout

2021-11-11 09:43:22 - [MESSAGE][INFO] - Finding web element with id: 'Object Repository/Sayfalar/Giris_Sayfasi/RetveTamam_Butonu' located by 'By.xpath: //*[@class = 'btn btn-default']' in '5' second(s)

2021-11-11 09:43:22 - [MESSAGE][INFO] - Smart Wait Function is triggered

2021-11-11 09:43:22 - [MESSAGE][INFO] - Found 1 web elements with id: 'Object Repository/Sayfalar/Giris_Sayfasi/RetveTamam_Butonu' located by 'By.xpath: //*[@class = 'btn btn-default']' in '5' second(s)

2021-11-11 09:43:22 - [MESSAGE][PASSED] - Object 'Object Repository/Sayfalar/Giris_Sayfasi/RetveTamam_Butonu' is present

2021-11-11 09:43:22 - [TEST_STEP][PASSED] - click(findTestObject("Object Repository/Sayfalar/Giris_Sayfasi/RetveTamam_Butonu")): Object: 'Object Repository/Sayfalar/Giris_Sayfasi/RetveTamam_Butonu' is clicked on

2021-11-11 09:43:22 - [MESSAGE][INFO] - Finding Test Object 'Object Repository/Sayfalar/Giris_Sayfasi/RetveTamam_Butonu'

2021-11-11 09:43:22 - [MESSAGE][INFO] - Checking object

2021-11-11 09:43:22 - [MESSAGE][INFO] - Finding web element from Test Object's properties

2021-11-11 09:43:22 - [MESSAGE][INFO] - Checking timeout

2021-11-11 09:43:22 - [MESSAGE][INFO] - Finding web element with id: 'Object Repository/Sayfalar/Giris_Sayfasi/RetveTamam_Butonu' located by 'By.xpath: //*[@class = 'btn btn-default']' in '30' second(s)

2021-11-11 09:43:22 - [MESSAGE][INFO] - Smart Wait Function is triggered

2021-11-11 09:43:23 - [MESSAGE][INFO] - Found 1 web elements with id: 'Object Repository/Sayfalar/Giris_Sayfasi/RetveTamam_Butonu' located by 'By.xpath: //*[@class = 'btn btn-default']' in '30' second(s)

2021-11-11 09:43:23 - [MESSAGE][INFO] - Clicking on object: 'Object Repository/Sayfalar/Giris_Sayfasi/RetveTamam_Butonu'

2021-11-11 09:43:23 - [MESSAGE][PASSED] - Object: 'Object Repository/Sayfalar/Giris_Sayfasi/RetveTamam_Butonu' is clicked on

2021-11-11 09:43:23 - [TEST_STEP][PASSED] - click(findTestObject("Object Repository/Sayfalar/Giris_Sayfasi/RetveTamam_Butonu")): Object: 'Object Repository/Sayfalar/Giris_Sayfasi/RetveTamam_Butonu' is clicked on

2021-11-11 09:43:23 - [MESSAGE][INFO] - Finding Test Object 'Object Repository/Sayfalar/Giris_Sayfasi/RetveTamam_Butonu'

2021-11-11 09:43:23 - [MESSAGE][INFO] - Checking object

2021-11-11 09:43:23 - [MESSAGE][INFO] - Finding web element from Test Object's properties

2021-11-11 09:43:23 - [MESSAGE][INFO] - Checking timeout

2021-11-11 09:43:23 - [MESSAGE][INFO] - Finding web element with id: 'Object Repository/Sayfalar/Giris_Sayfasi/RetveTamam_Butonu' located by 'By.xpath: //*[@class = 'btn btn-default']' in '30' second(s)

2021-11-11 09:43:23 - [MESSAGE][INFO] - Smart Wait Function is triggered

2021-11-11 09:43:29 - [MESSAGE][INFO] - Found 1 web elements with id: 'Object Repository/Sayfalar/Giris_Sayfasi/RetveTamam_Butonu' located by 'By.xpath: //*[@class = 'btn btn-default']' in '30' second(s)

2021-11-11 09:43:29 - [MESSAGE][INFO] - Clicking on object: 'Object Repository/Sayfalar/Giris_Sayfasi/RetveTamam_Butonu'

2021-11-11 09:43:29 - [MESSAGE][PASSED] - Object: 'Object Repository/Sayfalar/Giris_Sayfasi/RetveTamam_Butonu' is clicked on

2021-11-11 09:43:29 - [TEST_STEP][PASSED] - if (verifyElementPresent(findTestObject("Sayfalar/Giris_Sayfasi/PopupOK"), 5, OPTIONAL)): null

2021-11-11 09:43:29 - [MESSAGE][INFO] - Finding Test Object 'Object Repository/Sayfalar/Giris_Sayfasi/PopupOK'

2021-11-11 09:43:30 - [MESSAGE][INFO] - Checking object

2021-11-11 09:43:30 - [MESSAGE][INFO] - Finding web element from Test Object's properties

2021-11-11 09:43:30 - [MESSAGE][INFO] - Checking timeout

2021-11-11 09:43:30 - [MESSAGE][INFO] - Finding web element with id: 'Object Repository/Sayfalar/Giris_Sayfasi/PopupOK' located by 'By.cssSelector: .btn.btn-success' in '5' second(s)

2021-11-11 09:43:30 - [MESSAGE][INFO] - Smart Wait Function is triggered

2021-11-11 09:43:30 - [MESSAGE][INFO] - Found 1 web elements with id: 'Object Repository/Sayfalar/Giris_Sayfasi/PopupOK' located by 'By.cssSelector: .btn.btn-success' in '5' second(s)

2021-11-11 09:43:30 - [MESSAGE][PASSED] - Object 'Object Repository/Sayfalar/Giris_Sayfasi/PopupOK' is present

2021-11-11 09:43:30 - [TEST_STEP][PASSED] - click(findTestObject("Object Repository/Sayfalar/Giris_Sayfasi/PopupCarpiGiris")): Object: 'Object Repository/Sayfalar/Giris_Sayfasi/PopupCarpiGiris' is clicked on

2021-11-11 09:43:30 - [MESSAGE][INFO] - Finding Test Object 'Object Repository/Sayfalar/Giris_Sayfasi/PopupCarpiGiris'

2021-11-11 09:43:30 - [MESSAGE][INFO] - Checking object

2021-11-11 09:43:30 - [MESSAGE][INFO] - Finding web element from Test Object's properties

2021-11-11 09:43:30 - [MESSAGE][INFO] - Checking timeout

2021-11-11 09:43:30 - [MESSAGE][INFO] - Finding web element with id: 'Object Repository/Sayfalar/Giris_Sayfasi/PopupCarpiGiris' located by 'By.cssSelector: .bootbox-close-button.close' in '30' second(s)

2021-11-11 09:43:30 - [MESSAGE][INFO] - Smart Wait Function is triggered

2021-11-11 09:43:31 - [MESSAGE][INFO] - Found 1 web elements with id: 'Object Repository/Sayfalar/Giris_Sayfasi/PopupCarpiGiris' located by 'By.cssSelector: .bootbox-close-button.close' in '30' second(s)

2021-11-11 09:43:31 - [MESSAGE][INFO] - Clicking on object: 'Object Repository/Sayfalar/Giris_Sayfasi/PopupCarpiGiris'

2021-11-11 09:43:31 - [MESSAGE][PASSED] - Object: 'Object Repository/Sayfalar/Giris_Sayfasi/PopupCarpiGiris' is clicked on

2021-11-11 09:43:31 - [TEST_STEP][PASSED] - verifyElementVisible(findTestObject("Object Repository/Kullanici_Islemleri/KullaniciIslemleri")): Object 'Object Repository/Kullanici_Islemleri/KullaniciIslemleri' is visible

2021-11-11 09:43:31 - [MESSAGE][INFO] - Finding Test Object 'Object Repository/Kullanici_Islemleri/KullaniciIslemleri'

2021-11-11 09:43:31 - [MESSAGE][INFO] - Checking object

2021-11-11 09:43:31 - [MESSAGE][INFO] - Finding web element from Test Object's properties

2021-11-11 09:43:31 - [MESSAGE][INFO] - Checking timeout

2021-11-11 09:43:31 - [MESSAGE][INFO] - Finding web element with id: 'Object Repository/Kullanici_Islemleri/KullaniciIslemleri' located by 'By.cssSelector: .dropdown>a>img' in '30' second(s)

2021-11-11 09:43:31 - [MESSAGE][INFO] - Smart Wait Function is triggered

2021-11-11 09:43:31 - [MESSAGE][INFO] - Found 1 web elements with id: 'Object Repository/Kullanici_Islemleri/KullaniciIslemleri' located by 'By.cssSelector: .dropdown>a>img' in '30' second(s)

2021-11-11 09:43:31 - [MESSAGE][PASSED] - Object 'Object Repository/Kullanici_Islemleri/KullaniciIslemleri' is visible

2021-11-11 09:43:31 - [MESSAGE][PASSED] - Call Test Case 'Test Cases/Sayfalar/Giris_Sayfasi/Login' successfully

2021-11-11 09:43:31 - [MESSAGE][INFO] - Checking called Test Case

2021-11-11 09:43:31 - [MESSAGE][INFO] - Starting to call Test Case 'Test Cases/Menu/AnaMenuSecimi'

2021-11-11 09:43:32 - [TEST_CASE][PASSED] - Test Cases/Menu/AnaMenuSecimi: Test Cases/Menu/AnaMenuSecimi

2021-11-11 09:43:32 - [TEST_STEP][PASSED] - Method.TextDegerineEsitElementeTikla(findTestObject("Menu/Ana_Menu"), Ana_Menu): Method.TextDegerineEsitElementeTikla is PASSED

2021-11-11 09:43:32 - [MESSAGE][INFO] - Finding Test Object 'Object Repository/Menu/Ana_Menu'

2021-11-11 09:43:32 - [MESSAGE][INFO] - Checking timeout

2021-11-11 09:43:32 - [MESSAGE][INFO] - Finding web element with id: 'Object Repository/Menu/Ana_Menu' located by 'By.xpath: //*[@class = 'dropdown-toggle']' in '10' second(s)

2021-11-11 09:43:32 - [MESSAGE][INFO] - Smart Wait Function is triggered

2021-11-11 09:43:32 - [MESSAGE][INFO] - Found 14 web elements with id: 'Object Repository/Menu/Ana_Menu' located by 'By.xpath: //*[@class = 'dropdown-toggle']' in '10' second(s)

2021-11-11 09:43:32 - [MESSAGE][PASSED] - Method.TextDegerineEsitElementeTikla is PASSED

2021-11-11 09:43:32 - [MESSAGE][PASSED] - Call Test Case 'Test Cases/Menu/AnaMenuSecimi' successfully

2021-11-11 09:43:32 - [MESSAGE][INFO] - Checking called Test Case

2021-11-11 09:43:32 - [MESSAGE][INFO] - Starting to call Test Case 'Test Cases/Menu/BasligaGoreAltMenuSecimi'

2021-11-11 09:43:32 - [TEST_CASE][PASSED] - Test Cases/Menu/BasligaGoreAltMenuSecimi: Test Cases/Menu/BasligaGoreAltMenuSecimi

2021-11-11 09:43:32 - [TEST_STEP][PASSED] - Method.TextDegerineEsitElementinAltindakiTextDegerineEsitOlanaTikla(findTestObject("Menu/Menu_Basligi"), findTestObject("Menu/Basliga_Gore_Alt_Menu"), Baslik, Alt_Menu): Method.TextDegerineEsitElementinAltindakiTextDegerineEsitOlanaTikla is PASSED

2021-11-11 09:43:32 - [MESSAGE][INFO] - Finding Test Object 'Object Repository/Menu/Menu_Basligi'

2021-11-11 09:43:32 - [MESSAGE][INFO] - Finding Test Object 'Object Repository/Menu/Basliga_Gore_Alt_Menu'

2021-11-11 09:43:32 - [MESSAGE][INFO] - Checking timeout

2021-11-11 09:43:32 - [MESSAGE][INFO] - Finding web element with id: 'Object Repository/Menu/Menu_Basligi' located by 'By.xpath: //li[@class='dropdown dropdown-large open']//li[@class='dropdown-header']' in '10' second(s)

2021-11-11 09:43:32 - [MESSAGE][INFO] - Smart Wait Function is triggered

2021-11-11 09:43:32 - [MESSAGE][INFO] - Found 3 web elements with id: 'Object Repository/Menu/Menu_Basligi' located by 'By.xpath: //li[@class='dropdown dropdown-large open']//li[@class='dropdown-header']' in '10' second(s)

2021-11-11 09:43:32 - [MESSAGE][INFO] - Smart Wait Function is triggered

2021-11-11 09:43:35 - [MESSAGE][PASSED] - Method.TextDegerineEsitElementinAltindakiTextDegerineEsitOlanaTikla is PASSED

2021-11-11 09:43:35 - [MESSAGE][PASSED] - Call Test Case 'Test Cases/Menu/BasligaGoreAltMenuSecimi' successfully

2021-11-11 09:43:35 - [MESSAGE][INFO] - Checking called Test Case

2021-11-11 09:43:35 - [MESSAGE][INFO] - Starting to call Test Case 'Test Cases/Filtreler/BaslangicYaz'

2021-11-11 09:43:35 - [TEST_CASE][PASSED] - Test Cases/Filtreler/BaslangicYaz: Test Cases/Filtreler/BaslangicYaz

2021-11-11 09:43:35 - [TEST_STEP][PASSED] - Method.TextDegerineEsitElementinAltindakineTikla(findTestObject("Filtreler/Basliklar"), findTestObject("Filtreler/Basliga_Gore_Baslangic_Image"), Filtre_Adi): Method.TextDegerineEsitElementinAltindakineTikla is PASSED

2021-11-11 09:43:35 - [MESSAGE][INFO] - Finding Test Object 'Object Repository/Filtreler/Basliklar'

2021-11-11 09:43:35 - [MESSAGE][INFO] - Finding Test Object 'Object Repository/Filtreler/Basliga_Gore_Baslangic_Image'

2021-11-11 09:43:35 - [MESSAGE][INFO] - Checking timeout

2021-11-11 09:43:35 - [MESSAGE][INFO] - Finding web element with id: 'Object Repository/Filtreler/Basliklar' located by 'By.cssSelector: .control-label.col-sm-4.paddingMarginRLC' in '10' second(s)

2021-11-11 09:43:35 - [MESSAGE][INFO] - Smart Wait Function is triggered

2021-11-11 09:43:35 - [MESSAGE][INFO] - Found 18 web elements with id: 'Object Repository/Filtreler/Basliklar' located by 'By.cssSelector: .control-label.col-sm-4.paddingMarginRLC' in '10' second(s)

2021-11-11 09:43:35 - [MESSAGE][INFO] - Smart Wait Function is triggered

2021-11-11 09:43:36 - [MESSAGE][PASSED] - Method.TextDegerineEsitElementinAltindakineTikla is PASSED

2021-11-11 09:43:36 - [TEST_STEP][PASSED] - Method.TextDegerineEsitElementinAltindakiTextboxtaYaz(findTestObject("Filtreler/Basliklar"), findTestObject("Filtreler/Basliga_Gore_Baslangic"), Filtre_Adi, Filtre_Degeri): Method.TextDegerineEsitElementinAltindakiTextboxtaYaz is PASSED

2021-11-11 09:43:36 - [MESSAGE][INFO] - Finding Test Object 'Object Repository/Filtreler/Basliklar'

2021-11-11 09:43:36 - [MESSAGE][INFO] - Finding Test Object 'Object Repository/Filtreler/Basliga_Gore_Baslangic'

2021-11-11 09:43:36 - [MESSAGE][INFO] - Checking timeout

2021-11-11 09:43:36 - [MESSAGE][INFO] - Finding web element with id: 'Object Repository/Filtreler/Basliklar' located by 'By.cssSelector: .control-label.col-sm-4.paddingMarginRLC' in '10' second(s)

2021-11-11 09:43:36 - [MESSAGE][INFO] - Smart Wait Function is triggered

2021-11-11 09:43:36 - [MESSAGE][INFO] - Found 18 web elements with id: 'Object Repository/Filtreler/Basliklar' located by 'By.cssSelector: .control-label.col-sm-4.paddingMarginRLC' in '10' second(s)

2021-11-11 09:43:36 - [MESSAGE][INFO] - Smart Wait Function is triggered

2021-11-11 09:43:36 - [MESSAGE][PASSED] - Method.TextDegerineEsitElementinAltindakiTextboxtaYaz is PASSED

2021-11-11 09:43:36 - [MESSAGE][PASSED] - Call Test Case 'Test Cases/Filtreler/BaslangicYaz' successfully

2021-11-11 09:43:36 - [MESSAGE][INFO] - Checking called Test Case

2021-11-11 09:43:36 - [MESSAGE][INFO] - Starting to call Test Case 'Test Cases/Filtreler/BitisYaz'

2021-11-11 09:43:37 - [TEST_CASE][PASSED] - Test Cases/Filtreler/BitisYaz: Test Cases/Filtreler/BitisYaz

2021-11-11 09:43:37 - [TEST_STEP][PASSED] - Method.TextDegerineEsitElementinAltindakineTikla(findTestObject("Filtreler/Basliklar"), findTestObject("Filtreler/Basliga_Gore_Bitis_Image"), Filtre_Adi): Method.TextDegerineEsitElementinAltindakineTikla is PASSED

2021-11-11 09:43:37 - [MESSAGE][INFO] - Finding Test Object 'Object Repository/Filtreler/Basliklar'

2021-11-11 09:43:37 - [MESSAGE][INFO] - Finding Test Object 'Object Repository/Filtreler/Basliga_Gore_Bitis_Image'

2021-11-11 09:43:37 - [MESSAGE][INFO] - Checking timeout

2021-11-11 09:43:37 - [MESSAGE][INFO] - Finding web element with id: 'Object Repository/Filtreler/Basliklar' located by 'By.cssSelector: .control-label.col-sm-4.paddingMarginRLC' in '10' second(s)

2021-11-11 09:43:37 - [MESSAGE][INFO] - Smart Wait Function is triggered

2021-11-11 09:43:37 - [MESSAGE][INFO] - Found 18 web elements with id: 'Object Repository/Filtreler/Basliklar' located by 'By.cssSelector: .control-label.col-sm-4.paddingMarginRLC' in '10' second(s)

2021-11-11 09:43:37 - [MESSAGE][INFO] - Smart Wait Function is triggered

2021-11-11 09:43:37 - [MESSAGE][PASSED] - Method.TextDegerineEsitElementinAltindakineTikla is PASSED

2021-11-11 09:43:37 - [TEST_STEP][PASSED] - Method.TextDegerineEsitElementinAltindakiTextboxtaYaz(findTestObject("Filtreler/Basliklar"), findTestObject("Object Repository/Filtreler/Basliga_Gore_Bitis"), Filtre_Adi, Filtre_Degeri): Method.TextDegerineEsitElementinAltindakiTextboxtaYaz is PASSED

2021-11-11 09:43:37 - [MESSAGE][INFO] - Finding Test Object 'Object Repository/Filtreler/Basliklar'

2021-11-11 09:43:37 - [MESSAGE][INFO] - Finding Test Object 'Object Repository/Filtreler/Basliga_Gore_Bitis'

2021-11-11 09:43:37 - [MESSAGE][INFO] - Checking timeout

2021-11-11 09:43:37 - [MESSAGE][INFO] - Finding web element with id: 'Object Repository/Filtreler/Basliklar' located by 'By.cssSelector: .control-label.col-sm-4.paddingMarginRLC' in '10' second(s)

2021-11-11 09:43:37 - [MESSAGE][INFO] - Smart Wait Function is triggered

2021-11-11 09:43:38 - [MESSAGE][INFO] - Found 18 web elements with id: 'Object Repository/Filtreler/Basliklar' located by 'By.cssSelector: .control-label.col-sm-4.paddingMarginRLC' in '10' second(s)

2021-11-11 09:43:38 - [MESSAGE][INFO] - Smart Wait Function is triggered

2021-11-11 09:43:39 - [MESSAGE][PASSED] - Method.TextDegerineEsitElementinAltindakiTextboxtaYaz is PASSED

2021-11-11 09:43:39 - [MESSAGE][PASSED] - Call Test Case 'Test Cases/Filtreler/BitisYaz' successfully

2021-11-11 09:43:39 - [MESSAGE][INFO] - Checking called Test Case

2021-11-11 09:43:39 - [MESSAGE][INFO] - Starting to call Test Case 'Test Cases/Filtreler/TexboxaYaz'

2021-11-11 09:43:39 - [TEST_CASE][PASSED] - Test Cases/Filtreler/TexboxaYaz: Test Cases/Filtreler/TexboxaYaz

2021-11-11 09:43:39 - [TEST_STEP][PASSED] - Method.TextDegerineEsitElementinAltindakiTextboxtaYaz(findTestObject("Filtreler/Basliklar"), findTestObject("Filtreler/Basliga_Gore_Textbox"), Filtre_Adi, Filtre_Degeri): Method.TextDegerineEsitElementinAltindakiTextboxtaYaz is PASSED

2021-11-11 09:43:39 - [MESSAGE][INFO] - Finding Test Object 'Object Repository/Filtreler/Basliklar'

2021-11-11 09:43:39 - [MESSAGE][INFO] - Finding Test Object 'Object Repository/Filtreler/Basliga_Gore_Textbox'

2021-11-11 09:43:39 - [MESSAGE][INFO] - Checking timeout

2021-11-11 09:43:39 - [MESSAGE][INFO] - Finding web element with id: 'Object Repository/Filtreler/Basliklar' located by 'By.cssSelector: .control-label.col-sm-4.paddingMarginRLC' in '10' second(s)

2021-11-11 09:43:39 - [MESSAGE][INFO] - Smart Wait Function is triggered

2021-11-11 09:43:39 - [MESSAGE][INFO] - Found 18 web elements with id: 'Object Repository/Filtreler/Basliklar' located by 'By.cssSelector: .control-label.col-sm-4.paddingMarginRLC' in '10' second(s)

2021-11-11 09:43:39 - [MESSAGE][INFO] - Smart Wait Function is triggered

2021-11-11 09:43:40 - [MESSAGE][PASSED] - Method.TextDegerineEsitElementinAltindakiTextboxtaYaz is PASSED

2021-11-11 09:43:40 - [MESSAGE][PASSED] - Call Test Case 'Test Cases/Filtreler/TexboxaYaz' successfully

2021-11-11 09:43:40 - [MESSAGE][INFO] - Checking called Test Case

2021-11-11 09:43:40 - [MESSAGE][INFO] - Starting to call Test Case 'Test Cases/Filtreler/ButonaTikla'

2021-11-11 09:43:40 - [TEST_CASE][PASSED] - Test Cases/Filtreler/ButonaTikla: Test Cases/Filtreler/ButonaTikla

2021-11-11 09:43:40 - [TEST_STEP][PASSED] - Method.TextDegerineEsitElementeTikla(findTestObject("Filtreler/Butonlar"), Filtre_Buton): Method.TextDegerineEsitElementeTikla is PASSED

2021-11-11 09:43:40 - [MESSAGE][INFO] - Finding Test Object 'Object Repository/Filtreler/Butonlar'

2021-11-11 09:43:40 - [MESSAGE][INFO] - Checking timeout

2021-11-11 09:43:40 - [MESSAGE][INFO] - Finding web element with id: 'Object Repository/Filtreler/Butonlar' located by 'By.cssSelector: .dxb>span' in '10' second(s)

2021-11-11 09:43:40 - [MESSAGE][INFO] - Smart Wait Function is triggered

2021-11-11 09:43:40 - [MESSAGE][INFO] - Found 3 web elements with id: 'Object Repository/Filtreler/Butonlar' located by 'By.cssSelector: .dxb>span' in '10' second(s)

2021-11-11 09:43:40 - [MESSAGE][PASSED] - Method.TextDegerineEsitElementeTikla is PASSED

2021-11-11 09:43:40 - [MESSAGE][PASSED] - Call Test Case 'Test Cases/Filtreler/ButonaTikla' successfully

2021-11-11 09:43:40 - [MESSAGE][INFO] - Checking called Test Case

2021-11-11 09:43:40 - [MESSAGE][INFO] - Starting to call Test Case 'Test Cases/Tablo/TablodaVeriVarMi'

2021-11-11 09:43:40 - [TEST_CASE][PASSED] - Test Cases/Tablo/TablodaVeriVarMi: Test Cases/Tablo/TablodaVeriVarMi

2021-11-11 09:43:40 - [TEST_STEP][PASSED] - verifyTextNotPresent("Görüntülenecek veri yok", true): Text 'Görüntülenecek veri yok' is not present on page using regular expression

2021-11-11 09:43:40 - [MESSAGE][INFO] - Checking text present  using regular expression

2021-11-11 09:43:40 - [MESSAGE][INFO] - Smart Wait Function is triggered

2021-11-11 09:43:41 - [MESSAGE][INFO] - Finding text 'Görüntülenecek veri yok' on page  using regular expression

2021-11-11 09:43:41 - [MESSAGE][PASSED] - Text 'Görüntülenecek veri yok' is not present on page using regular expression

2021-11-11 09:43:41 - [MESSAGE][PASSED] - Call Test Case 'Test Cases/Tablo/TablodaVeriVarMi' successfully

2021-11-11 09:43:41 - [MESSAGE][INFO] - Checking called Test Case

2021-11-11 09:43:41 - [MESSAGE][INFO] - Starting to call Test Case 'Test Cases/Tablo/TablodanVeriSec'

2021-11-11 09:43:41 - [TEST_CASE][PASSED] - Test Cases/Tablo/TablodanVeriSec: Test Cases/Tablo/TablodanVeriSec

2021-11-11 09:43:41 - [TEST_STEP][PASSED] - Method.TextDegerineEsitElementinAltindakineTikla(findTestObject("Tablo/Veriler"), findTestObject("Tablo/VerininCheckBoxi"), Veri_Adi): Method.TextDegerineEsitElementinAltindakineTikla is PASSED

2021-11-11 09:43:41 - [MESSAGE][INFO] - Finding Test Object 'Object Repository/Tablo/Veriler'

2021-11-11 09:43:41 - [MESSAGE][INFO] - Finding Test Object 'Object Repository/Tablo/VerininCheckBoxi'

2021-11-11 09:43:41 - [MESSAGE][INFO] - Checking timeout

2021-11-11 09:43:41 - [MESSAGE][INFO] - Finding web element with id: 'Object Repository/Tablo/Veriler' located by 'By.cssSelector: td.dxgv b ,td.dxgv' in '10' second(s)

2021-11-11 09:43:41 - [MESSAGE][INFO] - Smart Wait Function is triggered

2021-11-11 09:43:42 - [MESSAGE][INFO] - Found 12 web elements with id: 'Object Repository/Tablo/Veriler' located by 'By.cssSelector: td.dxgv b ,td.dxgv' in '10' second(s)

2021-11-11 09:43:42 - [MESSAGE][INFO] - Smart Wait Function is triggered

2021-11-11 09:43:42 - [MESSAGE][PASSED] - Method.TextDegerineEsitElementinAltindakineTikla is PASSED

2021-11-11 09:43:42 - [MESSAGE][PASSED] - Call Test Case 'Test Cases/Tablo/TablodanVeriSec' successfully

2021-11-11 09:43:42 - [MESSAGE][INFO] - Checking called Test Case

2021-11-11 09:43:42 - [MESSAGE][INFO] - Starting to call Test Case 'Test Cases/Butonlar/ButonaTikla'

2021-11-11 09:43:42 - [TEST_CASE][PASSED] - Test Cases/Butonlar/ButonaTikla: Test Cases/Butonlar/ButonaTikla

2021-11-11 09:43:42 - [TEST_STEP][PASSED] - Method.TextDegerineEsitElementeTiklaEquals(findTestObject("Butonlar/Butonlar"), Buton_Adi): Method.TextDegerineEsitElementeTiklaEquals is PASSED

2021-11-11 09:43:42 - [MESSAGE][INFO] - Finding Test Object 'Object Repository/Butonlar/Butonlar'

2021-11-11 09:43:42 - [MESSAGE][INFO] - Checking timeout

2021-11-11 09:43:42 - [MESSAGE][INFO] - Finding web element with id: 'Object Repository/Butonlar/Butonlar' located by 'By.cssSelector: .panel.panel-default.text-center.footerPanel .btn,.btn.btn-primary.btnControls' in '10' second(s)

2021-11-11 09:43:42 - [MESSAGE][INFO] - Smart Wait Function is triggered

2021-11-11 09:43:42 - [MESSAGE][INFO] - Found 11 web elements with id: 'Object Repository/Butonlar/Butonlar' located by 'By.cssSelector: .panel.panel-default.text-center.footerPanel .btn,.btn.btn-primary.btnControls' in '10' second(s)

2021-11-11 09:43:43 - [MESSAGE][PASSED] - Method.TextDegerineEsitElementeTiklaEquals is PASSED

2021-11-11 09:43:43 - [MESSAGE][PASSED] - Call Test Case 'Test Cases/Butonlar/ButonaTikla' successfully

2021-11-11 09:43:43 - [MESSAGE][INFO] - Checking called Test Case

2021-11-11 09:43:43 - [MESSAGE][INFO] - Starting to call Test Case 'Test Cases/Butonlar/AltButonaTikla'

2021-11-11 09:43:43 - [TEST_CASE][PASSED] - Test Cases/Butonlar/AltButonaTikla: Test Cases/Butonlar/AltButonaTikla

2021-11-11 09:43:43 - [TEST_STEP][PASSED] - Method.TextDegerineEsitElementeTikla(findTestObject("Butonlar/AltButonlar"), Alt_Buton): Method.TextDegerineEsitElementeTikla is PASSED

2021-11-11 09:43:43 - [MESSAGE][INFO] - Finding Test Object 'Object Repository/Butonlar/AltButonlar'

2021-11-11 09:43:43 - [MESSAGE][INFO] - Checking timeout

2021-11-11 09:43:43 - [MESSAGE][INFO] - Finding web element with id: 'Object Repository/Butonlar/AltButonlar' located by 'By.cssSelector: .btn-group.open li>a' in '10' second(s)

2021-11-11 09:43:43 - [MESSAGE][INFO] - Smart Wait Function is triggered

2021-11-11 09:43:43 - [MESSAGE][INFO] - Found 4 web elements with id: 'Object Repository/Butonlar/AltButonlar' located by 'By.cssSelector: .btn-group.open li>a' in '10' second(s)

2021-11-11 09:43:44 - [MESSAGE][PASSED] - Method.TextDegerineEsitElementeTikla is PASSED

2021-11-11 09:43:44 - [MESSAGE][PASSED] - Call Test Case 'Test Cases/Butonlar/AltButonaTikla' successfully

2021-11-11 09:43:44 - [MESSAGE][INFO] - Checking called Test Case

2021-11-11 09:43:44 - [MESSAGE][INFO] - Starting to call Test Case 'Test Cases/Popup/PopupMesajiIceriyorMu'

2021-11-11 09:43:44 - [TEST_CASE][PASSED] - Test Cases/Popup/PopupMesajiIceriyorMu: Test Cases/Popup/PopupMesajiIceriyorMu

2021-11-11 09:43:44 - [TEST_STEP][PASSED] - waitForElementVisible(findTestObject("Popup/Popup"), 10): Object 'Object Repository/Popup/Popup' is visible

2021-11-11 09:43:44 - [MESSAGE][INFO] - Finding Test Object 'Object Repository/Popup/Popup'

2021-11-11 09:43:44 - [MESSAGE][INFO] - Checking object

2021-11-11 09:43:44 - [MESSAGE][INFO] - Checking timeout

2021-11-11 09:43:44 - [MESSAGE][INFO] - Finding web element from Test Object's properties

2021-11-11 09:43:44 - [MESSAGE][INFO] - Checking timeout

2021-11-11 09:43:44 - [MESSAGE][INFO] - Finding web element with id: 'Object Repository/Popup/Popup' located by 'By.cssSelector: .bootbox-body' in '10' second(s)

2021-11-11 09:43:44 - [MESSAGE][INFO] - Smart Wait Function is triggered

2021-11-11 09:43:45 - [MESSAGE][INFO] - Found 1 web elements with id: 'Object Repository/Popup/Popup' located by 'By.cssSelector: .bootbox-body' in '10' second(s)

2021-11-11 09:43:45 - [MESSAGE][PASSED] - Object 'Object Repository/Popup/Popup' is visible

2021-11-11 09:43:45 - [TEST_STEP][PASSED] - if (!(getText(findTestObject("Popup/Popup")).contains(Mesaj))): Text of object 'Object Repository/Popup/Popup' is: 'Lütfen rapor bildiriminin gönderileceği e-posta adresini belirtiniz.
e-Posta Adresi'

2021-11-11 09:43:45 - [MESSAGE][INFO] - Finding Test Object 'Object Repository/Popup/Popup'

2021-11-11 09:43:45 - [MESSAGE][INFO] - Checking object

2021-11-11 09:43:45 - [MESSAGE][INFO] - Finding web element from Test Object's properties

2021-11-11 09:43:45 - [MESSAGE][INFO] - Checking timeout

2021-11-11 09:43:45 - [MESSAGE][INFO] - Finding web element with id: 'Object Repository/Popup/Popup' located by 'By.cssSelector: .bootbox-body' in '30' second(s)

2021-11-11 09:43:45 - [MESSAGE][INFO] - Smart Wait Function is triggered

2021-11-11 09:43:45 - [MESSAGE][INFO] - Found 1 web elements with id: 'Object Repository/Popup/Popup' located by 'By.cssSelector: .bootbox-body' in '30' second(s)

2021-11-11 09:43:45 - [MESSAGE][INFO] - Getting text of object 'Object Repository/Popup/Popup'

2021-11-11 09:43:45 - [MESSAGE][PASSED] - Text of object 'Object Repository/Popup/Popup' is: 'Lütfen rapor bildiriminin gönderileceği e-posta adresini belirtiniz.
e-Posta Adresi'

2021-11-11 09:43:45 - [TEST_STEP][PASSED] - RaporNo = getText(findTestObject("Popup/Popup")).substring(0, 6): Text of object 'Object Repository/Popup/Popup' is: 'Lütfen rapor bildiriminin gönderileceği e-posta adresini belirtiniz.
e-Posta Adresi'

2021-11-11 09:43:45 - [MESSAGE][INFO] - Finding Test Object 'Object Repository/Popup/Popup'

2021-11-11 09:43:45 - [MESSAGE][INFO] - Checking object

2021-11-11 09:43:45 - [MESSAGE][INFO] - Finding web element from Test Object's properties

2021-11-11 09:43:45 - [MESSAGE][INFO] - Checking timeout

2021-11-11 09:43:45 - [MESSAGE][INFO] - Finding web element with id: 'Object Repository/Popup/Popup' located by 'By.cssSelector: .bootbox-body' in '30' second(s)

2021-11-11 09:43:45 - [MESSAGE][INFO] - Smart Wait Function is triggered

2021-11-11 09:43:46 - [MESSAGE][INFO] - Found 1 web elements with id: 'Object Repository/Popup/Popup' located by 'By.cssSelector: .bootbox-body' in '30' second(s)

2021-11-11 09:43:46 - [MESSAGE][INFO] - Getting text of object 'Object Repository/Popup/Popup'

2021-11-11 09:43:46 - [MESSAGE][PASSED] - Text of object 'Object Repository/Popup/Popup' is: 'Lütfen rapor bildiriminin gönderileceği e-posta adresini belirtiniz.
e-Posta Adresi'

2021-11-11 09:43:46 - [TEST_STEP][PASSED] - Console.println(RaporNo): null

2021-11-11 09:43:46 - [MESSAGE][PASSED] - Call Test Case 'Test Cases/Popup/PopupMesajiIceriyorMu' successfully

2021-11-11 09:43:46 - [MESSAGE][INFO] - Checking called Test Case

2021-11-11 09:43:46 - [MESSAGE][INFO] - Starting to call Test Case 'Test Cases/Popup/PopupaEmailEklenir'

2021-11-11 09:43:46 - [TEST_CASE][PASSED] - Test Cases/Popup/PopupaEmailEklenir: Test Cases/Popup/PopupaEmailEklenir

2021-11-11 09:43:46 - [TEST_STEP][PASSED] - clearText(findTestObject("Popup/EmailText")): Text of object 'Object Repository/Popup/EmailText' is cleared

2021-11-11 09:43:46 - [MESSAGE][INFO] - Finding Test Object 'Object Repository/Popup/EmailText'

2021-11-11 09:43:46 - [MESSAGE][INFO] - Checking object

2021-11-11 09:43:46 - [MESSAGE][INFO] - Finding web element from Test Object's properties

2021-11-11 09:43:46 - [MESSAGE][INFO] - Checking timeout

2021-11-11 09:43:46 - [MESSAGE][INFO] - Finding web element with id: 'Object Repository/Popup/EmailText' located by 'By.xpath: //*[@id="eMails"]' in '30' second(s)

2021-11-11 09:43:46 - [MESSAGE][INFO] - Smart Wait Function is triggered

2021-11-11 09:43:46 - [MESSAGE][INFO] - Found 1 web elements with id: 'Object Repository/Popup/EmailText' located by 'By.xpath: //*[@id="eMails"]' in '30' second(s)

2021-11-11 09:43:46 - [MESSAGE][INFO] - Clearing text of object 'Object Repository/Popup/EmailText'

2021-11-11 09:43:46 - [MESSAGE][PASSED] - Text of object 'Object Repository/Popup/EmailText' is cleared

2021-11-11 09:43:46 - [TEST_STEP][PASSED] - sendKeys(findTestObject("Popup/EmailText"), Email): Keys 'elogotest@gmail.com;ali.kara@logo.com.tr' sent to object: 'Object Repository/Popup/EmailText'

2021-11-11 09:43:46 - [MESSAGE][INFO] - Finding Test Object 'Object Repository/Popup/EmailText'

2021-11-11 09:43:46 - [MESSAGE][INFO] - Sending keys 'elogotest@gmail.com;ali.kara@logo.com.tr' to object: 'Object Repository/Popup/EmailText'

2021-11-11 09:43:46 - [MESSAGE][INFO] - Finding web element from Test Object's properties

2021-11-11 09:43:46 - [MESSAGE][INFO] - Checking timeout

2021-11-11 09:43:46 - [MESSAGE][INFO] - Finding web element with id: 'Object Repository/Popup/EmailText' located by 'By.xpath: //*[@id="eMails"]' in '30' second(s)

2021-11-11 09:43:46 - [MESSAGE][INFO] - Smart Wait Function is triggered

2021-11-11 09:43:47 - [MESSAGE][INFO] - Found 1 web elements with id: 'Object Repository/Popup/EmailText' located by 'By.xpath: //*[@id="eMails"]' in '30' second(s)

2021-11-11 09:43:47 - [MESSAGE][PASSED] - Keys 'elogotest@gmail.com;ali.kara@logo.com.tr' sent to object: 'Object Repository/Popup/EmailText'

2021-11-11 09:43:47 - [MESSAGE][PASSED] - Call Test Case 'Test Cases/Popup/PopupaEmailEklenir' successfully

2021-11-11 09:43:47 - [MESSAGE][INFO] - Checking called Test Case

2021-11-11 09:43:47 - [MESSAGE][INFO] - Starting to call Test Case 'Test Cases/Popup/PopupButonSecilir'

2021-11-11 09:43:47 - [TEST_CASE][PASSED] - Test Cases/Popup/PopupButonSecilir: Test Cases/Popup/PopupButonSecilir

2021-11-11 09:43:47 - [TEST_STEP][PASSED] - Method.TextDegerineEsitElementeTikla(findTestObject("Popup/Popup_Butons"), Buton): Method.TextDegerineEsitElementeTikla is PASSED

2021-11-11 09:43:47 - [MESSAGE][INFO] - Finding Test Object 'Object Repository/Popup/Popup_Butons'

2021-11-11 09:43:47 - [MESSAGE][INFO] - Checking timeout

2021-11-11 09:43:47 - [MESSAGE][INFO] - Finding web element with id: 'Object Repository/Popup/Popup_Butons' located by 'By.cssSelector: .modal-footer>button' in '10' second(s)

2021-11-11 09:43:47 - [MESSAGE][INFO] - Smart Wait Function is triggered

2021-11-11 09:43:48 - [MESSAGE][INFO] - Found 2 web elements with id: 'Object Repository/Popup/Popup_Butons' located by 'By.cssSelector: .modal-footer>button' in '10' second(s)

2021-11-11 09:43:48 - [MESSAGE][PASSED] - Method.TextDegerineEsitElementeTikla is PASSED

2021-11-11 09:43:48 - [MESSAGE][PASSED] - Call Test Case 'Test Cases/Popup/PopupButonSecilir' successfully

2021-11-11 09:43:48 - [MESSAGE][INFO] - Checking called Test Case

2021-11-11 09:43:48 - [MESSAGE][INFO] - Starting to call Test Case 'Test Cases/Popup/PopupMesajiIceriyorMu'

2021-11-11 09:43:48 - [TEST_CASE][PASSED] - Test Cases/Popup/PopupMesajiIceriyorMu: Test Cases/Popup/PopupMesajiIceriyorMu

2021-11-11 09:43:48 - [TEST_STEP][PASSED] - waitForElementVisible(findTestObject("Popup/Popup"), 10): Object 'Object Repository/Popup/Popup' is visible

2021-11-11 09:43:48 - [MESSAGE][INFO] - Finding Test Object 'Object Repository/Popup/Popup'

2021-11-11 09:43:48 - [MESSAGE][INFO] - Checking object

2021-11-11 09:43:48 - [MESSAGE][INFO] - Checking timeout

2021-11-11 09:43:48 - [MESSAGE][INFO] - Finding web element from Test Object's properties

2021-11-11 09:43:48 - [MESSAGE][INFO] - Checking timeout

2021-11-11 09:43:48 - [MESSAGE][INFO] - Finding web element with id: 'Object Repository/Popup/Popup' located by 'By.cssSelector: .bootbox-body' in '10' second(s)

2021-11-11 09:43:48 - [MESSAGE][INFO] - Smart Wait Function is triggered

2021-11-11 09:43:49 - [MESSAGE][INFO] - Found 1 web elements with id: 'Object Repository/Popup/Popup' located by 'By.cssSelector: .bootbox-body' in '10' second(s)

2021-11-11 09:43:49 - [MESSAGE][PASSED] - Object 'Object Repository/Popup/Popup' is visible

2021-11-11 09:43:49 - [TEST_STEP][PASSED] - if (!(getText(findTestObject("Popup/Popup")).contains(Mesaj))): Text of object 'Object Repository/Popup/Popup' is: '16271 no’lu talebiniz işleme alınmıştır. Raporunuz hazırlandığında (elogotest@gmail.com;ali.kara@logo.com.tr) adresinize mail gönderilecektir.
Rapor durumunuzu Raporlar > Toplu Veri İndirme ekranından takip edebilir, hazırlandı durumundaki raporlarınızı ilgili menüden indirebilirsiniz.'

2021-11-11 09:43:49 - [MESSAGE][INFO] - Finding Test Object 'Object Repository/Popup/Popup'

2021-11-11 09:43:49 - [MESSAGE][INFO] - Checking object

2021-11-11 09:43:49 - [MESSAGE][INFO] - Finding web element from Test Object's properties

2021-11-11 09:43:49 - [MESSAGE][INFO] - Checking timeout

2021-11-11 09:43:49 - [MESSAGE][INFO] - Finding web element with id: 'Object Repository/Popup/Popup' located by 'By.cssSelector: .bootbox-body' in '30' second(s)

2021-11-11 09:43:49 - [MESSAGE][INFO] - Smart Wait Function is triggered

2021-11-11 09:43:49 - [MESSAGE][INFO] - Found 1 web elements with id: 'Object Repository/Popup/Popup' located by 'By.cssSelector: .bootbox-body' in '30' second(s)

2021-11-11 09:43:49 - [MESSAGE][INFO] - Getting text of object 'Object Repository/Popup/Popup'

2021-11-11 09:43:49 - [MESSAGE][PASSED] - Text of object 'Object Repository/Popup/Popup' is: '16271 no’lu talebiniz işleme alınmıştır. Raporunuz hazırlandığında (elogotest@gmail.com;ali.kara@logo.com.tr) adresinize mail gönderilecektir.
Rapor durumunuzu Raporlar > Toplu Veri İndirme ekranından takip edebilir, hazırlandı durumundaki raporlarınızı ilgili menüden indirebilirsiniz.'

2021-11-11 09:43:49 - [TEST_STEP][PASSED] - RaporNo = getText(findTestObject("Popup/Popup")).substring(0, 6): Text of object 'Object Repository/Popup/Popup' is: '16271 no’lu talebiniz işleme alınmıştır. Raporunuz hazırlandığında (elogotest@gmail.com;ali.kara@logo.com.tr) adresinize mail gönderilecektir.
Rapor durumunuzu Raporlar > Toplu Veri İndirme ekranından takip edebilir, hazırlandı durumundaki raporlarınızı ilgili menüden indirebilirsiniz.'

2021-11-11 09:43:49 - [MESSAGE][INFO] - Finding Test Object 'Object Repository/Popup/Popup'

2021-11-11 09:43:49 - [MESSAGE][INFO] - Checking object

2021-11-11 09:43:49 - [MESSAGE][INFO] - Finding web element from Test Object's properties

2021-11-11 09:43:49 - [MESSAGE][INFO] - Checking timeout

2021-11-11 09:43:49 - [MESSAGE][INFO] - Finding web element with id: 'Object Repository/Popup/Popup' located by 'By.cssSelector: .bootbox-body' in '30' second(s)

2021-11-11 09:43:49 - [MESSAGE][INFO] - Smart Wait Function is triggered

2021-11-11 09:43:49 - [MESSAGE][INFO] - Found 1 web elements with id: 'Object Repository/Popup/Popup' located by 'By.cssSelector: .bootbox-body' in '30' second(s)

2021-11-11 09:43:49 - [MESSAGE][INFO] - Getting text of object 'Object Repository/Popup/Popup'

2021-11-11 09:43:49 - [MESSAGE][PASSED] - Text of object 'Object Repository/Popup/Popup' is: '16271 no’lu talebiniz işleme alınmıştır. Raporunuz hazırlandığında (elogotest@gmail.com;ali.kara@logo.com.tr) adresinize mail gönderilecektir.
Rapor durumunuzu Raporlar > Toplu Veri İndirme ekranından takip edebilir, hazırlandı durumundaki raporlarınızı ilgili menüden indirebilirsiniz.'

2021-11-11 09:43:49 - [TEST_STEP][PASSED] - Console.println(RaporNo): null

2021-11-11 09:43:49 - [MESSAGE][PASSED] - Call Test Case 'Test Cases/Popup/PopupMesajiIceriyorMu' successfully

2021-11-11 09:43:49 - [MESSAGE][INFO] - Checking called Test Case

2021-11-11 09:43:49 - [MESSAGE][INFO] - Starting to call Test Case 'Test Cases/Popup/PopupButonSecilir'

2021-11-11 09:43:49 - [TEST_CASE][PASSED] - Test Cases/Popup/PopupButonSecilir: Test Cases/Popup/PopupButonSecilir

2021-11-11 09:43:49 - [TEST_STEP][PASSED] - Method.TextDegerineEsitElementeTikla(findTestObject("Popup/Popup_Butons"), Buton): Method.TextDegerineEsitElementeTikla is PASSED

2021-11-11 09:43:49 - [MESSAGE][INFO] - Finding Test Object 'Object Repository/Popup/Popup_Butons'

2021-11-11 09:43:50 - [MESSAGE][INFO] - Checking timeout

2021-11-11 09:43:50 - [MESSAGE][INFO] - Finding web element with id: 'Object Repository/Popup/Popup_Butons' located by 'By.cssSelector: .modal-footer>button' in '10' second(s)

2021-11-11 09:43:50 - [MESSAGE][INFO] - Smart Wait Function is triggered

2021-11-11 09:43:50 - [MESSAGE][INFO] - Found 1 web elements with id: 'Object Repository/Popup/Popup_Butons' located by 'By.cssSelector: .modal-footer>button' in '10' second(s)

2021-11-11 09:43:50 - [MESSAGE][PASSED] - Method.TextDegerineEsitElementeTikla is PASSED

2021-11-11 09:43:50 - [MESSAGE][PASSED] - Call Test Case 'Test Cases/Popup/PopupButonSecilir' successfully

2021-11-11 09:43:50 - [MESSAGE][INFO] - Checking called Test Case

2021-11-11 09:43:50 - [MESSAGE][INFO] - Starting to call Test Case 'Test Cases/Butonlar/ButonaTikla'

2021-11-11 09:43:50 - [TEST_CASE][PASSED] - Test Cases/Butonlar/ButonaTikla: Test Cases/Butonlar/ButonaTikla

2021-11-11 09:43:50 - [TEST_STEP][PASSED] - Method.TextDegerineEsitElementeTiklaEquals(findTestObject("Butonlar/Butonlar"), Buton_Adi): Method.TextDegerineEsitElementeTiklaEquals is PASSED

2021-11-11 09:43:50 - [MESSAGE][INFO] - Finding Test Object 'Object Repository/Butonlar/Butonlar'

2021-11-11 09:43:50 - [MESSAGE][INFO] - Checking timeout

2021-11-11 09:43:50 - [MESSAGE][INFO] - Finding web element with id: 'Object Repository/Butonlar/Butonlar' located by 'By.cssSelector: .panel.panel-default.text-center.footerPanel .btn,.btn.btn-primary.btnControls' in '10' second(s)

2021-11-11 09:43:50 - [MESSAGE][INFO] - Smart Wait Function is triggered

2021-11-11 09:43:51 - [MESSAGE][INFO] - Found 11 web elements with id: 'Object Repository/Butonlar/Butonlar' located by 'By.cssSelector: .panel.panel-default.text-center.footerPanel .btn,.btn.btn-primary.btnControls' in '10' second(s)

2021-11-11 09:43:51 - [MESSAGE][PASSED] - Method.TextDegerineEsitElementeTiklaEquals is PASSED

2021-11-11 09:43:51 - [MESSAGE][PASSED] - Call Test Case 'Test Cases/Butonlar/ButonaTikla' successfully

2021-11-11 09:43:51 - [MESSAGE][INFO] - Checking called Test Case

2021-11-11 09:43:51 - [MESSAGE][INFO] - Starting to call Test Case 'Test Cases/Butonlar/AltButonaTikla'

2021-11-11 09:43:51 - [TEST_CASE][PASSED] - Test Cases/Butonlar/AltButonaTikla: Test Cases/Butonlar/AltButonaTikla

2021-11-11 09:43:51 - [TEST_STEP][PASSED] - Method.TextDegerineEsitElementeTikla(findTestObject("Butonlar/AltButonlar"), Alt_Buton): Method.TextDegerineEsitElementeTikla is PASSED

2021-11-11 09:43:51 - [MESSAGE][INFO] - Finding Test Object 'Object Repository/Butonlar/AltButonlar'

2021-11-11 09:43:51 - [MESSAGE][INFO] - Checking timeout

2021-11-11 09:43:51 - [MESSAGE][INFO] - Finding web element with id: 'Object Repository/Butonlar/AltButonlar' located by 'By.cssSelector: .btn-group.open li>a' in '10' second(s)

2021-11-11 09:43:51 - [MESSAGE][INFO] - Smart Wait Function is triggered

2021-11-11 09:43:52 - [MESSAGE][INFO] - Found 4 web elements with id: 'Object Repository/Butonlar/AltButonlar' located by 'By.cssSelector: .btn-group.open li>a' in '10' second(s)

2021-11-11 09:43:52 - [MESSAGE][PASSED] - Method.TextDegerineEsitElementeTikla is PASSED

2021-11-11 09:43:52 - [MESSAGE][PASSED] - Call Test Case 'Test Cases/Butonlar/AltButonaTikla' successfully

2021-11-11 09:43:52 - [MESSAGE][INFO] - Checking called Test Case

2021-11-11 09:43:52 - [MESSAGE][INFO] - Starting to call Test Case 'Test Cases/Popup/PopupMesajiIceriyorMu'

2021-11-11 09:43:52 - [TEST_CASE][PASSED] - Test Cases/Popup/PopupMesajiIceriyorMu: Test Cases/Popup/PopupMesajiIceriyorMu

2021-11-11 09:43:52 - [TEST_STEP][PASSED] - waitForElementVisible(findTestObject("Popup/Popup"), 10): Object 'Object Repository/Popup/Popup' is visible

2021-11-11 09:43:52 - [MESSAGE][INFO] - Finding Test Object 'Object Repository/Popup/Popup'

2021-11-11 09:43:52 - [MESSAGE][INFO] - Checking object

2021-11-11 09:43:52 - [MESSAGE][INFO] - Checking timeout

2021-11-11 09:43:52 - [MESSAGE][INFO] - Finding web element from Test Object's properties

2021-11-11 09:43:52 - [MESSAGE][INFO] - Checking timeout

2021-11-11 09:43:52 - [MESSAGE][INFO] - Finding web element with id: 'Object Repository/Popup/Popup' located by 'By.cssSelector: .bootbox-body' in '10' second(s)

2021-11-11 09:43:52 - [MESSAGE][INFO] - Smart Wait Function is triggered

2021-11-11 09:43:52 - [MESSAGE][INFO] - Found 1 web elements with id: 'Object Repository/Popup/Popup' located by 'By.cssSelector: .bootbox-body' in '10' second(s)

2021-11-11 09:43:52 - [MESSAGE][PASSED] - Object 'Object Repository/Popup/Popup' is visible

2021-11-11 09:43:52 - [TEST_STEP][PASSED] - if (!(getText(findTestObject("Popup/Popup")).contains(Mesaj))): Text of object 'Object Repository/Popup/Popup' is: 'Lütfen rapor bildiriminin gönderileceği e-posta adresini belirtiniz.
e-Posta Adresi'

2021-11-11 09:43:52 - [MESSAGE][INFO] - Finding Test Object 'Object Repository/Popup/Popup'

2021-11-11 09:43:53 - [MESSAGE][INFO] - Checking object

2021-11-11 09:43:53 - [MESSAGE][INFO] - Finding web element from Test Object's properties

2021-11-11 09:43:53 - [MESSAGE][INFO] - Checking timeout

2021-11-11 09:43:53 - [MESSAGE][INFO] - Finding web element with id: 'Object Repository/Popup/Popup' located by 'By.cssSelector: .bootbox-body' in '30' second(s)

2021-11-11 09:43:53 - [MESSAGE][INFO] - Smart Wait Function is triggered

2021-11-11 09:43:53 - [MESSAGE][INFO] - Found 1 web elements with id: 'Object Repository/Popup/Popup' located by 'By.cssSelector: .bootbox-body' in '30' second(s)

2021-11-11 09:43:53 - [MESSAGE][INFO] - Getting text of object 'Object Repository/Popup/Popup'

2021-11-11 09:43:53 - [MESSAGE][PASSED] - Text of object 'Object Repository/Popup/Popup' is: 'Lütfen rapor bildiriminin gönderileceği e-posta adresini belirtiniz.
e-Posta Adresi'

2021-11-11 09:43:53 - [TEST_STEP][PASSED] - RaporNo = getText(findTestObject("Popup/Popup")).substring(0, 6): Text of object 'Object Repository/Popup/Popup' is: 'Lütfen rapor bildiriminin gönderileceği e-posta adresini belirtiniz.
e-Posta Adresi'

2021-11-11 09:43:53 - [MESSAGE][INFO] - Finding Test Object 'Object Repository/Popup/Popup'

2021-11-11 09:43:53 - [MESSAGE][INFO] - Checking object

2021-11-11 09:43:53 - [MESSAGE][INFO] - Finding web element from Test Object's properties

2021-11-11 09:43:53 - [MESSAGE][INFO] - Checking timeout

2021-11-11 09:43:53 - [MESSAGE][INFO] - Finding web element with id: 'Object Repository/Popup/Popup' located by 'By.cssSelector: .bootbox-body' in '30' second(s)

2021-11-11 09:43:53 - [MESSAGE][INFO] - Smart Wait Function is triggered

2021-11-11 09:43:53 - [MESSAGE][INFO] - Found 1 web elements with id: 'Object Repository/Popup/Popup' located by 'By.cssSelector: .bootbox-body' in '30' second(s)

2021-11-11 09:43:53 - [MESSAGE][INFO] - Getting text of object 'Object Repository/Popup/Popup'

2021-11-11 09:43:53 - [MESSAGE][PASSED] - Text of object 'Object Repository/Popup/Popup' is: 'Lütfen rapor bildiriminin gönderileceği e-posta adresini belirtiniz.
e-Posta Adresi'

2021-11-11 09:43:53 - [TEST_STEP][PASSED] - Console.println(RaporNo): null

2021-11-11 09:43:53 - [MESSAGE][PASSED] - Call Test Case 'Test Cases/Popup/PopupMesajiIceriyorMu' successfully

2021-11-11 09:43:53 - [MESSAGE][INFO] - Checking called Test Case

2021-11-11 09:43:53 - [MESSAGE][INFO] - Starting to call Test Case 'Test Cases/Popup/PopupaEmailEklenir'

2021-11-11 09:43:53 - [TEST_CASE][PASSED] - Test Cases/Popup/PopupaEmailEklenir: Test Cases/Popup/PopupaEmailEklenir

2021-11-11 09:43:53 - [TEST_STEP][PASSED] - clearText(findTestObject("Popup/EmailText")): Text of object 'Object Repository/Popup/EmailText' is cleared

2021-11-11 09:43:53 - [MESSAGE][INFO] - Finding Test Object 'Object Repository/Popup/EmailText'

2021-11-11 09:43:53 - [MESSAGE][INFO] - Checking object

2021-11-11 09:43:53 - [MESSAGE][INFO] - Finding web element from Test Object's properties

2021-11-11 09:43:53 - [MESSAGE][INFO] - Checking timeout

2021-11-11 09:43:53 - [MESSAGE][INFO] - Finding web element with id: 'Object Repository/Popup/EmailText' located by 'By.xpath: //*[@id="eMails"]' in '30' second(s)

2021-11-11 09:43:53 - [MESSAGE][INFO] - Smart Wait Function is triggered

2021-11-11 09:43:54 - [MESSAGE][INFO] - Found 1 web elements with id: 'Object Repository/Popup/EmailText' located by 'By.xpath: //*[@id="eMails"]' in '30' second(s)

2021-11-11 09:43:54 - [MESSAGE][INFO] - Clearing text of object 'Object Repository/Popup/EmailText'

2021-11-11 09:43:54 - [MESSAGE][PASSED] - Text of object 'Object Repository/Popup/EmailText' is cleared

2021-11-11 09:43:54 - [TEST_STEP][PASSED] - sendKeys(findTestObject("Popup/EmailText"), Email): Keys 'elogotest@gmail.com;ali.kara@logo.com.tr' sent to object: 'Object Repository/Popup/EmailText'

2021-11-11 09:43:54 - [MESSAGE][INFO] - Finding Test Object 'Object Repository/Popup/EmailText'

2021-11-11 09:43:54 - [MESSAGE][INFO] - Sending keys 'elogotest@gmail.com;ali.kara@logo.com.tr' to object: 'Object Repository/Popup/EmailText'

2021-11-11 09:43:54 - [MESSAGE][INFO] - Finding web element from Test Object's properties

2021-11-11 09:43:54 - [MESSAGE][INFO] - Checking timeout

2021-11-11 09:43:54 - [MESSAGE][INFO] - Finding web element with id: 'Object Repository/Popup/EmailText' located by 'By.xpath: //*[@id="eMails"]' in '30' second(s)

2021-11-11 09:43:54 - [MESSAGE][INFO] - Smart Wait Function is triggered

2021-11-11 09:43:54 - [MESSAGE][INFO] - Found 1 web elements with id: 'Object Repository/Popup/EmailText' located by 'By.xpath: //*[@id="eMails"]' in '30' second(s)

2021-11-11 09:43:54 - [MESSAGE][PASSED] - Keys 'elogotest@gmail.com;ali.kara@logo.com.tr' sent to object: 'Object Repository/Popup/EmailText'

2021-11-11 09:43:54 - [MESSAGE][PASSED] - Call Test Case 'Test Cases/Popup/PopupaEmailEklenir' successfully

2021-11-11 09:43:54 - [MESSAGE][INFO] - Checking called Test Case

2021-11-11 09:43:54 - [MESSAGE][INFO] - Starting to call Test Case 'Test Cases/Popup/PopupButonSecilir'

2021-11-11 09:43:54 - [TEST_CASE][PASSED] - Test Cases/Popup/PopupButonSecilir: Test Cases/Popup/PopupButonSecilir

2021-11-11 09:43:54 - [TEST_STEP][PASSED] - Method.TextDegerineEsitElementeTikla(findTestObject("Popup/Popup_Butons"), Buton): Method.TextDegerineEsitElementeTikla is PASSED

2021-11-11 09:43:54 - [MESSAGE][INFO] - Finding Test Object 'Object Repository/Popup/Popup_Butons'

2021-11-11 09:43:55 - [MESSAGE][INFO] - Checking timeout

2021-11-11 09:43:55 - [MESSAGE][INFO] - Finding web element with id: 'Object Repository/Popup/Popup_Butons' located by 'By.cssSelector: .modal-footer>button' in '10' second(s)

2021-11-11 09:43:55 - [MESSAGE][INFO] - Smart Wait Function is triggered

2021-11-11 09:43:55 - [MESSAGE][INFO] - Found 2 web elements with id: 'Object Repository/Popup/Popup_Butons' located by 'By.cssSelector: .modal-footer>button' in '10' second(s)

2021-11-11 09:43:55 - [MESSAGE][PASSED] - Method.TextDegerineEsitElementeTikla is PASSED

2021-11-11 09:43:55 - [MESSAGE][PASSED] - Call Test Case 'Test Cases/Popup/PopupButonSecilir' successfully

2021-11-11 09:43:55 - [MESSAGE][INFO] - Checking called Test Case

2021-11-11 09:43:55 - [MESSAGE][INFO] - Starting to call Test Case 'Test Cases/Popup/PopupMesajiIceriyorMu'

2021-11-11 09:43:55 - [TEST_CASE][PASSED] - Test Cases/Popup/PopupMesajiIceriyorMu: Test Cases/Popup/PopupMesajiIceriyorMu

2021-11-11 09:43:55 - [TEST_STEP][PASSED] - waitForElementVisible(findTestObject("Popup/Popup"), 10): Object 'Object Repository/Popup/Popup' is visible

2021-11-11 09:43:55 - [MESSAGE][INFO] - Finding Test Object 'Object Repository/Popup/Popup'

2021-11-11 09:43:55 - [MESSAGE][INFO] - Checking object

2021-11-11 09:43:55 - [MESSAGE][INFO] - Checking timeout

2021-11-11 09:43:55 - [MESSAGE][INFO] - Finding web element from Test Object's properties

2021-11-11 09:43:55 - [MESSAGE][INFO] - Checking timeout

2021-11-11 09:43:55 - [MESSAGE][INFO] - Finding web element with id: 'Object Repository/Popup/Popup' located by 'By.cssSelector: .bootbox-body' in '10' second(s)

2021-11-11 09:43:55 - [MESSAGE][INFO] - Smart Wait Function is triggered

2021-11-11 09:43:56 - [MESSAGE][INFO] - Found 1 web elements with id: 'Object Repository/Popup/Popup' located by 'By.cssSelector: .bootbox-body' in '10' second(s)

2021-11-11 09:43:56 - [MESSAGE][PASSED] - Object 'Object Repository/Popup/Popup' is visible

2021-11-11 09:43:56 - [TEST_STEP][PASSED] - if (!(getText(findTestObject("Popup/Popup")).contains(Mesaj))): Text of object 'Object Repository/Popup/Popup' is: '16272 no’lu talebiniz işleme alınmıştır. Raporunuz hazırlandığında (elogotest@gmail.com;ali.kara@logo.com.tr) adresinize mail gönderilecektir.
Rapor durumunuzu Raporlar > Toplu Veri İndirme ekranından takip edebilir, hazırlandı durumundaki raporlarınızı ilgili menüden indirebilirsiniz.'

2021-11-11 09:43:56 - [MESSAGE][INFO] - Finding Test Object 'Object Repository/Popup/Popup'

2021-11-11 09:43:56 - [MESSAGE][INFO] - Checking object

2021-11-11 09:43:56 - [MESSAGE][INFO] - Finding web element from Test Object's properties

2021-11-11 09:43:56 - [MESSAGE][INFO] - Checking timeout

2021-11-11 09:43:56 - [MESSAGE][INFO] - Finding web element with id: 'Object Repository/Popup/Popup' located by 'By.cssSelector: .bootbox-body' in '30' second(s)

2021-11-11 09:43:56 - [MESSAGE][INFO] - Smart Wait Function is triggered

2021-11-11 09:43:56 - [MESSAGE][INFO] - Found 1 web elements with id: 'Object Repository/Popup/Popup' located by 'By.cssSelector: .bootbox-body' in '30' second(s)

2021-11-11 09:43:56 - [MESSAGE][INFO] - Getting text of object 'Object Repository/Popup/Popup'

2021-11-11 09:43:56 - [MESSAGE][PASSED] - Text of object 'Object Repository/Popup/Popup' is: '16272 no’lu talebiniz işleme alınmıştır. Raporunuz hazırlandığında (elogotest@gmail.com;ali.kara@logo.com.tr) adresinize mail gönderilecektir.
Rapor durumunuzu Raporlar > Toplu Veri İndirme ekranından takip edebilir, hazırlandı durumundaki raporlarınızı ilgili menüden indirebilirsiniz.'

2021-11-11 09:43:56 - [TEST_STEP][PASSED] - RaporNo = getText(findTestObject("Popup/Popup")).substring(0, 6): Text of object 'Object Repository/Popup/Popup' is: '16272 no’lu talebiniz işleme alınmıştır. Raporunuz hazırlandığında (elogotest@gmail.com;ali.kara@logo.com.tr) adresinize mail gönderilecektir.
Rapor durumunuzu Raporlar > Toplu Veri İndirme ekranından takip edebilir, hazırlandı durumundaki raporlarınızı ilgili menüden indirebilirsiniz.'

2021-11-11 09:43:56 - [MESSAGE][INFO] - Finding Test Object 'Object Repository/Popup/Popup'

2021-11-11 09:43:56 - [MESSAGE][INFO] - Checking object

2021-11-11 09:43:56 - [MESSAGE][INFO] - Finding web element from Test Object's properties

2021-11-11 09:43:56 - [MESSAGE][INFO] - Checking timeout

2021-11-11 09:43:56 - [MESSAGE][INFO] - Finding web element with id: 'Object Repository/Popup/Popup' located by 'By.cssSelector: .bootbox-body' in '30' second(s)

2021-11-11 09:43:56 - [MESSAGE][INFO] - Smart Wait Function is triggered

2021-11-11 09:43:56 - [MESSAGE][INFO] - Found 1 web elements with id: 'Object Repository/Popup/Popup' located by 'By.cssSelector: .bootbox-body' in '30' second(s)

2021-11-11 09:43:56 - [MESSAGE][INFO] - Getting text of object 'Object Repository/Popup/Popup'

2021-11-11 09:43:56 - [MESSAGE][PASSED] - Text of object 'Object Repository/Popup/Popup' is: '16272 no’lu talebiniz işleme alınmıştır. Raporunuz hazırlandığında (elogotest@gmail.com;ali.kara@logo.com.tr) adresinize mail gönderilecektir.
Rapor durumunuzu Raporlar > Toplu Veri İndirme ekranından takip edebilir, hazırlandı durumundaki raporlarınızı ilgili menüden indirebilirsiniz.'

2021-11-11 09:43:56 - [TEST_STEP][PASSED] - Console.println(RaporNo): null

2021-11-11 09:43:56 - [MESSAGE][PASSED] - Call Test Case 'Test Cases/Popup/PopupMesajiIceriyorMu' successfully

2021-11-11 09:43:56 - [MESSAGE][INFO] - Checking called Test Case

2021-11-11 09:43:56 - [MESSAGE][INFO] - Starting to call Test Case 'Test Cases/Popup/PopupButonSecilir'

2021-11-11 09:43:57 - [TEST_CASE][PASSED] - Test Cases/Popup/PopupButonSecilir: Test Cases/Popup/PopupButonSecilir

2021-11-11 09:43:57 - [TEST_STEP][PASSED] - Method.TextDegerineEsitElementeTikla(findTestObject("Popup/Popup_Butons"), Buton): Method.TextDegerineEsitElementeTikla is PASSED

2021-11-11 09:43:57 - [MESSAGE][INFO] - Finding Test Object 'Object Repository/Popup/Popup_Butons'

2021-11-11 09:43:57 - [MESSAGE][INFO] - Checking timeout

2021-11-11 09:43:57 - [MESSAGE][INFO] - Finding web element with id: 'Object Repository/Popup/Popup_Butons' located by 'By.cssSelector: .modal-footer>button' in '10' second(s)

2021-11-11 09:43:57 - [MESSAGE][INFO] - Smart Wait Function is triggered

2021-11-11 09:43:57 - [MESSAGE][INFO] - Found 1 web elements with id: 'Object Repository/Popup/Popup_Butons' located by 'By.cssSelector: .modal-footer>button' in '10' second(s)

2021-11-11 09:43:57 - [MESSAGE][PASSED] - Method.TextDegerineEsitElementeTikla is PASSED

2021-11-11 09:43:57 - [MESSAGE][PASSED] - Call Test Case 'Test Cases/Popup/PopupButonSecilir' successfully

2021-11-11 09:43:57 - [MESSAGE][INFO] - Checking called Test Case

2021-11-11 09:43:57 - [MESSAGE][INFO] - Starting to call Test Case 'Test Cases/Butonlar/ButonaTikla'

2021-11-11 09:43:57 - [TEST_CASE][PASSED] - Test Cases/Butonlar/ButonaTikla: Test Cases/Butonlar/ButonaTikla

2021-11-11 09:43:57 - [TEST_STEP][PASSED] - Method.TextDegerineEsitElementeTiklaEquals(findTestObject("Butonlar/Butonlar"), Buton_Adi): Method.TextDegerineEsitElementeTiklaEquals is PASSED

2021-11-11 09:43:57 - [MESSAGE][INFO] - Finding Test Object 'Object Repository/Butonlar/Butonlar'

2021-11-11 09:43:57 - [MESSAGE][INFO] - Checking timeout

2021-11-11 09:43:57 - [MESSAGE][INFO] - Finding web element with id: 'Object Repository/Butonlar/Butonlar' located by 'By.cssSelector: .panel.panel-default.text-center.footerPanel .btn,.btn.btn-primary.btnControls' in '10' second(s)

2021-11-11 09:43:57 - [MESSAGE][INFO] - Smart Wait Function is triggered

2021-11-11 09:43:58 - [MESSAGE][INFO] - Found 11 web elements with id: 'Object Repository/Butonlar/Butonlar' located by 'By.cssSelector: .panel.panel-default.text-center.footerPanel .btn,.btn.btn-primary.btnControls' in '10' second(s)

2021-11-11 09:43:58 - [MESSAGE][PASSED] - Method.TextDegerineEsitElementeTiklaEquals is PASSED

2021-11-11 09:43:58 - [MESSAGE][PASSED] - Call Test Case 'Test Cases/Butonlar/ButonaTikla' successfully

2021-11-11 09:43:58 - [MESSAGE][INFO] - Checking called Test Case

2021-11-11 09:43:58 - [MESSAGE][INFO] - Starting to call Test Case 'Test Cases/Butonlar/AltButonaTikla'

2021-11-11 09:43:58 - [TEST_CASE][PASSED] - Test Cases/Butonlar/AltButonaTikla: Test Cases/Butonlar/AltButonaTikla

2021-11-11 09:43:58 - [TEST_STEP][PASSED] - Method.TextDegerineEsitElementeTikla(findTestObject("Butonlar/AltButonlar"), Alt_Buton): Method.TextDegerineEsitElementeTikla is PASSED

2021-11-11 09:43:58 - [MESSAGE][INFO] - Finding Test Object 'Object Repository/Butonlar/AltButonlar'

2021-11-11 09:43:58 - [MESSAGE][INFO] - Checking timeout

2021-11-11 09:43:58 - [MESSAGE][INFO] - Finding web element with id: 'Object Repository/Butonlar/AltButonlar' located by 'By.cssSelector: .btn-group.open li>a' in '10' second(s)

2021-11-11 09:43:58 - [MESSAGE][INFO] - Smart Wait Function is triggered

2021-11-11 09:43:58 - [MESSAGE][INFO] - Found 4 web elements with id: 'Object Repository/Butonlar/AltButonlar' located by 'By.cssSelector: .btn-group.open li>a' in '10' second(s)

2021-11-11 09:43:59 - [MESSAGE][PASSED] - Method.TextDegerineEsitElementeTikla is PASSED

2021-11-11 09:43:59 - [MESSAGE][PASSED] - Call Test Case 'Test Cases/Butonlar/AltButonaTikla' successfully

2021-11-11 09:43:59 - [MESSAGE][INFO] - Checking called Test Case

2021-11-11 09:43:59 - [MESSAGE][INFO] - Starting to call Test Case 'Test Cases/Popup/PopupMesajiIceriyorMu'

2021-11-11 09:43:59 - [TEST_CASE][PASSED] - Test Cases/Popup/PopupMesajiIceriyorMu: Test Cases/Popup/PopupMesajiIceriyorMu

2021-11-11 09:43:59 - [TEST_STEP][PASSED] - waitForElementVisible(findTestObject("Popup/Popup"), 10): Object 'Object Repository/Popup/Popup' is visible

2021-11-11 09:43:59 - [MESSAGE][INFO] - Finding Test Object 'Object Repository/Popup/Popup'

2021-11-11 09:43:59 - [MESSAGE][INFO] - Checking object

2021-11-11 09:43:59 - [MESSAGE][INFO] - Checking timeout

2021-11-11 09:43:59 - [MESSAGE][INFO] - Finding web element from Test Object's properties

2021-11-11 09:43:59 - [MESSAGE][INFO] - Checking timeout

2021-11-11 09:43:59 - [MESSAGE][INFO] - Finding web element with id: 'Object Repository/Popup/Popup' located by 'By.cssSelector: .bootbox-body' in '10' second(s)

2021-11-11 09:43:59 - [MESSAGE][INFO] - Smart Wait Function is triggered

2021-11-11 09:43:59 - [MESSAGE][INFO] - Found 1 web elements with id: 'Object Repository/Popup/Popup' located by 'By.cssSelector: .bootbox-body' in '10' second(s)

2021-11-11 09:43:59 - [MESSAGE][PASSED] - Object 'Object Repository/Popup/Popup' is visible

2021-11-11 09:43:59 - [TEST_STEP][PASSED] - if (!(getText(findTestObject("Popup/Popup")).contains(Mesaj))): Text of object 'Object Repository/Popup/Popup' is: 'Lütfen rapor bildiriminin gönderileceği e-posta adresini belirtiniz.
e-Posta Adresi'

2021-11-11 09:43:59 - [MESSAGE][INFO] - Finding Test Object 'Object Repository/Popup/Popup'

2021-11-11 09:43:59 - [MESSAGE][INFO] - Checking object

2021-11-11 09:43:59 - [MESSAGE][INFO] - Finding web element from Test Object's properties

2021-11-11 09:43:59 - [MESSAGE][INFO] - Checking timeout

2021-11-11 09:43:59 - [MESSAGE][INFO] - Finding web element with id: 'Object Repository/Popup/Popup' located by 'By.cssSelector: .bootbox-body' in '30' second(s)

2021-11-11 09:43:59 - [MESSAGE][INFO] - Smart Wait Function is triggered

2021-11-11 09:43:59 - [MESSAGE][INFO] - Found 1 web elements with id: 'Object Repository/Popup/Popup' located by 'By.cssSelector: .bootbox-body' in '30' second(s)

2021-11-11 09:43:59 - [MESSAGE][INFO] - Getting text of object 'Object Repository/Popup/Popup'

2021-11-11 09:43:59 - [MESSAGE][PASSED] - Text of object 'Object Repository/Popup/Popup' is: 'Lütfen rapor bildiriminin gönderileceği e-posta adresini belirtiniz.
e-Posta Adresi'

2021-11-11 09:43:59 - [TEST_STEP][PASSED] - RaporNo = getText(findTestObject("Popup/Popup")).substring(0, 6): Text of object 'Object Repository/Popup/Popup' is: 'Lütfen rapor bildiriminin gönderileceği e-posta adresini belirtiniz.
e-Posta Adresi'

2021-11-11 09:43:59 - [MESSAGE][INFO] - Finding Test Object 'Object Repository/Popup/Popup'

2021-11-11 09:44:00 - [MESSAGE][INFO] - Checking object

2021-11-11 09:44:00 - [MESSAGE][INFO] - Finding web element from Test Object's properties

2021-11-11 09:44:00 - [MESSAGE][INFO] - Checking timeout

2021-11-11 09:44:00 - [MESSAGE][INFO] - Finding web element with id: 'Object Repository/Popup/Popup' located by 'By.cssSelector: .bootbox-body' in '30' second(s)

2021-11-11 09:44:00 - [MESSAGE][INFO] - Smart Wait Function is triggered

2021-11-11 09:44:00 - [MESSAGE][INFO] - Found 1 web elements with id: 'Object Repository/Popup/Popup' located by 'By.cssSelector: .bootbox-body' in '30' second(s)

2021-11-11 09:44:00 - [MESSAGE][INFO] - Getting text of object 'Object Repository/Popup/Popup'

2021-11-11 09:44:00 - [MESSAGE][PASSED] - Text of object 'Object Repository/Popup/Popup' is: 'Lütfen rapor bildiriminin gönderileceği e-posta adresini belirtiniz.
e-Posta Adresi'

2021-11-11 09:44:00 - [TEST_STEP][PASSED] - Console.println(RaporNo): null

2021-11-11 09:44:00 - [MESSAGE][PASSED] - Call Test Case 'Test Cases/Popup/PopupMesajiIceriyorMu' successfully

2021-11-11 09:44:00 - [MESSAGE][INFO] - Checking called Test Case

2021-11-11 09:44:00 - [MESSAGE][INFO] - Starting to call Test Case 'Test Cases/Popup/PopupaEmailEklenir'

2021-11-11 09:44:00 - [TEST_CASE][PASSED] - Test Cases/Popup/PopupaEmailEklenir: Test Cases/Popup/PopupaEmailEklenir

2021-11-11 09:44:00 - [TEST_STEP][PASSED] - clearText(findTestObject("Popup/EmailText")): Text of object 'Object Repository/Popup/EmailText' is cleared

2021-11-11 09:44:00 - [MESSAGE][INFO] - Finding Test Object 'Object Repository/Popup/EmailText'

2021-11-11 09:44:00 - [MESSAGE][INFO] - Checking object

2021-11-11 09:44:00 - [MESSAGE][INFO] - Finding web element from Test Object's properties

2021-11-11 09:44:00 - [MESSAGE][INFO] - Checking timeout

2021-11-11 09:44:00 - [MESSAGE][INFO] - Finding web element with id: 'Object Repository/Popup/EmailText' located by 'By.xpath: //*[@id="eMails"]' in '30' second(s)

2021-11-11 09:44:00 - [MESSAGE][INFO] - Smart Wait Function is triggered

2021-11-11 09:44:00 - [MESSAGE][INFO] - Found 1 web elements with id: 'Object Repository/Popup/EmailText' located by 'By.xpath: //*[@id="eMails"]' in '30' second(s)

2021-11-11 09:44:00 - [MESSAGE][INFO] - Clearing text of object 'Object Repository/Popup/EmailText'

2021-11-11 09:44:00 - [MESSAGE][PASSED] - Text of object 'Object Repository/Popup/EmailText' is cleared

2021-11-11 09:44:00 - [TEST_STEP][PASSED] - sendKeys(findTestObject("Popup/EmailText"), Email): Keys 'elogotest@gmail.com;ali.kara@logo.com.tr' sent to object: 'Object Repository/Popup/EmailText'

2021-11-11 09:44:00 - [MESSAGE][INFO] - Finding Test Object 'Object Repository/Popup/EmailText'

2021-11-11 09:44:00 - [MESSAGE][INFO] - Sending keys 'elogotest@gmail.com;ali.kara@logo.com.tr' to object: 'Object Repository/Popup/EmailText'

2021-11-11 09:44:00 - [MESSAGE][INFO] - Finding web element from Test Object's properties

2021-11-11 09:44:00 - [MESSAGE][INFO] - Checking timeout

2021-11-11 09:44:00 - [MESSAGE][INFO] - Finding web element with id: 'Object Repository/Popup/EmailText' located by 'By.xpath: //*[@id="eMails"]' in '30' second(s)

2021-11-11 09:44:00 - [MESSAGE][INFO] - Smart Wait Function is triggered

2021-11-11 09:44:01 - [MESSAGE][INFO] - Found 1 web elements with id: 'Object Repository/Popup/EmailText' located by 'By.xpath: //*[@id="eMails"]' in '30' second(s)

2021-11-11 09:44:01 - [MESSAGE][PASSED] - Keys 'elogotest@gmail.com;ali.kara@logo.com.tr' sent to object: 'Object Repository/Popup/EmailText'

2021-11-11 09:44:01 - [MESSAGE][PASSED] - Call Test Case 'Test Cases/Popup/PopupaEmailEklenir' successfully

2021-11-11 09:44:01 - [MESSAGE][INFO] - Checking called Test Case

2021-11-11 09:44:01 - [MESSAGE][INFO] - Starting to call Test Case 'Test Cases/Popup/PopupButonSecilir'

2021-11-11 09:44:01 - [TEST_CASE][PASSED] - Test Cases/Popup/PopupButonSecilir: Test Cases/Popup/PopupButonSecilir

2021-11-11 09:44:01 - [TEST_STEP][PASSED] - Method.TextDegerineEsitElementeTikla(findTestObject("Popup/Popup_Butons"), Buton): Method.TextDegerineEsitElementeTikla is PASSED

2021-11-11 09:44:01 - [MESSAGE][INFO] - Finding Test Object 'Object Repository/Popup/Popup_Butons'

2021-11-11 09:44:01 - [MESSAGE][INFO] - Checking timeout

2021-11-11 09:44:01 - [MESSAGE][INFO] - Finding web element with id: 'Object Repository/Popup/Popup_Butons' located by 'By.cssSelector: .modal-footer>button' in '10' second(s)

2021-11-11 09:44:01 - [MESSAGE][INFO] - Smart Wait Function is triggered

2021-11-11 09:44:01 - [MESSAGE][INFO] - Found 2 web elements with id: 'Object Repository/Popup/Popup_Butons' located by 'By.cssSelector: .modal-footer>button' in '10' second(s)

2021-11-11 09:44:01 - [MESSAGE][PASSED] - Method.TextDegerineEsitElementeTikla is PASSED

2021-11-11 09:44:01 - [MESSAGE][PASSED] - Call Test Case 'Test Cases/Popup/PopupButonSecilir' successfully

2021-11-11 09:44:01 - [MESSAGE][INFO] - Checking called Test Case

2021-11-11 09:44:01 - [MESSAGE][INFO] - Starting to call Test Case 'Test Cases/Popup/PopupMesajiIceriyorMu'

2021-11-11 09:44:01 - [TEST_CASE][PASSED] - Test Cases/Popup/PopupMesajiIceriyorMu: Test Cases/Popup/PopupMesajiIceriyorMu

2021-11-11 09:44:01 - [TEST_STEP][PASSED] - waitForElementVisible(findTestObject("Popup/Popup"), 10): Object 'Object Repository/Popup/Popup' is visible

2021-11-11 09:44:01 - [MESSAGE][INFO] - Finding Test Object 'Object Repository/Popup/Popup'

2021-11-11 09:44:02 - [MESSAGE][INFO] - Checking object

2021-11-11 09:44:02 - [MESSAGE][INFO] - Checking timeout

2021-11-11 09:44:02 - [MESSAGE][INFO] - Finding web element from Test Object's properties

2021-11-11 09:44:02 - [MESSAGE][INFO] - Checking timeout

2021-11-11 09:44:02 - [MESSAGE][INFO] - Finding web element with id: 'Object Repository/Popup/Popup' located by 'By.cssSelector: .bootbox-body' in '10' second(s)

2021-11-11 09:44:02 - [MESSAGE][INFO] - Smart Wait Function is triggered

2021-11-11 09:44:02 - [MESSAGE][INFO] - Found 1 web elements with id: 'Object Repository/Popup/Popup' located by 'By.cssSelector: .bootbox-body' in '10' second(s)

2021-11-11 09:44:02 - [MESSAGE][PASSED] - Object 'Object Repository/Popup/Popup' is visible

2021-11-11 09:44:02 - [TEST_STEP][PASSED] - if (!(getText(findTestObject("Popup/Popup")).contains(Mesaj))): Text of object 'Object Repository/Popup/Popup' is: '16273 no’lu talebiniz işleme alınmıştır. Raporunuz hazırlandığında (elogotest@gmail.com;ali.kara@logo.com.tr) adresinize mail gönderilecektir.
Rapor durumunuzu Raporlar > Toplu Veri İndirme ekranından takip edebilir, hazırlandı durumundaki raporlarınızı ilgili menüden indirebilirsiniz.'

2021-11-11 09:44:02 - [MESSAGE][INFO] - Finding Test Object 'Object Repository/Popup/Popup'

2021-11-11 09:44:02 - [MESSAGE][INFO] - Checking object

2021-11-11 09:44:02 - [MESSAGE][INFO] - Finding web element from Test Object's properties

2021-11-11 09:44:02 - [MESSAGE][INFO] - Checking timeout

2021-11-11 09:44:02 - [MESSAGE][INFO] - Finding web element with id: 'Object Repository/Popup/Popup' located by 'By.cssSelector: .bootbox-body' in '30' second(s)

2021-11-11 09:44:02 - [MESSAGE][INFO] - Smart Wait Function is triggered

2021-11-11 09:44:03 - [MESSAGE][INFO] - Found 1 web elements with id: 'Object Repository/Popup/Popup' located by 'By.cssSelector: .bootbox-body' in '30' second(s)

2021-11-11 09:44:03 - [MESSAGE][INFO] - Getting text of object 'Object Repository/Popup/Popup'

2021-11-11 09:44:03 - [MESSAGE][PASSED] - Text of object 'Object Repository/Popup/Popup' is: '16273 no’lu talebiniz işleme alınmıştır. Raporunuz hazırlandığında (elogotest@gmail.com;ali.kara@logo.com.tr) adresinize mail gönderilecektir.
Rapor durumunuzu Raporlar > Toplu Veri İndirme ekranından takip edebilir, hazırlandı durumundaki raporlarınızı ilgili menüden indirebilirsiniz.'

2021-11-11 09:44:03 - [TEST_STEP][PASSED] - RaporNo = getText(findTestObject("Popup/Popup")).substring(0, 6): Text of object 'Object Repository/Popup/Popup' is: '16273 no’lu talebiniz işleme alınmıştır. Raporunuz hazırlandığında (elogotest@gmail.com;ali.kara@logo.com.tr) adresinize mail gönderilecektir.
Rapor durumunuzu Raporlar > Toplu Veri İndirme ekranından takip edebilir, hazırlandı durumundaki raporlarınızı ilgili menüden indirebilirsiniz.'

2021-11-11 09:44:03 - [MESSAGE][INFO] - Finding Test Object 'Object Repository/Popup/Popup'

2021-11-11 09:44:03 - [MESSAGE][INFO] - Checking object

2021-11-11 09:44:03 - [MESSAGE][INFO] - Finding web element from Test Object's properties

2021-11-11 09:44:03 - [MESSAGE][INFO] - Checking timeout

2021-11-11 09:44:03 - [MESSAGE][INFO] - Finding web element with id: 'Object Repository/Popup/Popup' located by 'By.cssSelector: .bootbox-body' in '30' second(s)

2021-11-11 09:44:03 - [MESSAGE][INFO] - Smart Wait Function is triggered

2021-11-11 09:44:03 - [MESSAGE][INFO] - Found 1 web elements with id: 'Object Repository/Popup/Popup' located by 'By.cssSelector: .bootbox-body' in '30' second(s)

2021-11-11 09:44:03 - [MESSAGE][INFO] - Getting text of object 'Object Repository/Popup/Popup'

2021-11-11 09:44:03 - [MESSAGE][PASSED] - Text of object 'Object Repository/Popup/Popup' is: '16273 no’lu talebiniz işleme alınmıştır. Raporunuz hazırlandığında (elogotest@gmail.com;ali.kara@logo.com.tr) adresinize mail gönderilecektir.
Rapor durumunuzu Raporlar > Toplu Veri İndirme ekranından takip edebilir, hazırlandı durumundaki raporlarınızı ilgili menüden indirebilirsiniz.'

2021-11-11 09:44:03 - [TEST_STEP][PASSED] - Console.println(RaporNo): null

2021-11-11 09:44:03 - [MESSAGE][PASSED] - Call Test Case 'Test Cases/Popup/PopupMesajiIceriyorMu' successfully

2021-11-11 09:44:03 - [MESSAGE][INFO] - Checking called Test Case

2021-11-11 09:44:03 - [MESSAGE][INFO] - Starting to call Test Case 'Test Cases/Popup/PopupButonSecilir'

2021-11-11 09:44:03 - [TEST_CASE][PASSED] - Test Cases/Popup/PopupButonSecilir: Test Cases/Popup/PopupButonSecilir

2021-11-11 09:44:03 - [TEST_STEP][PASSED] - Method.TextDegerineEsitElementeTikla(findTestObject("Popup/Popup_Butons"), Buton): Method.TextDegerineEsitElementeTikla is PASSED

2021-11-11 09:44:03 - [MESSAGE][INFO] - Finding Test Object 'Object Repository/Popup/Popup_Butons'

2021-11-11 09:44:03 - [MESSAGE][INFO] - Checking timeout

2021-11-11 09:44:03 - [MESSAGE][INFO] - Finding web element with id: 'Object Repository/Popup/Popup_Butons' located by 'By.cssSelector: .modal-footer>button' in '10' second(s)

2021-11-11 09:44:03 - [MESSAGE][INFO] - Smart Wait Function is triggered

2021-11-11 09:44:03 - [MESSAGE][INFO] - Found 1 web elements with id: 'Object Repository/Popup/Popup_Butons' located by 'By.cssSelector: .modal-footer>button' in '10' second(s)

2021-11-11 09:44:03 - [MESSAGE][PASSED] - Method.TextDegerineEsitElementeTikla is PASSED

2021-11-11 09:44:03 - [MESSAGE][PASSED] - Call Test Case 'Test Cases/Popup/PopupButonSecilir' successfully

2021-11-11 09:44:03 - [MESSAGE][INFO] - Checking called Test Case

2021-11-11 09:44:03 - [MESSAGE][INFO] - Starting to call Test Case 'Test Cases/Butonlar/ButonaTikla'

2021-11-11 09:44:03 - [TEST_CASE][PASSED] - Test Cases/Butonlar/ButonaTikla: Test Cases/Butonlar/ButonaTikla

2021-11-11 09:44:03 - [TEST_STEP][PASSED] - Method.TextDegerineEsitElementeTiklaEquals(findTestObject("Butonlar/Butonlar"), Buton_Adi): Method.TextDegerineEsitElementeTiklaEquals is PASSED

2021-11-11 09:44:03 - [MESSAGE][INFO] - Finding Test Object 'Object Repository/Butonlar/Butonlar'

2021-11-11 09:44:03 - [MESSAGE][INFO] - Checking timeout

2021-11-11 09:44:03 - [MESSAGE][INFO] - Finding web element with id: 'Object Repository/Butonlar/Butonlar' located by 'By.cssSelector: .panel.panel-default.text-center.footerPanel .btn,.btn.btn-primary.btnControls' in '10' second(s)

2021-11-11 09:44:03 - [MESSAGE][INFO] - Smart Wait Function is triggered

2021-11-11 09:44:04 - [MESSAGE][INFO] - Found 11 web elements with id: 'Object Repository/Butonlar/Butonlar' located by 'By.cssSelector: .panel.panel-default.text-center.footerPanel .btn,.btn.btn-primary.btnControls' in '10' second(s)

2021-11-11 09:44:04 - [MESSAGE][PASSED] - Method.TextDegerineEsitElementeTiklaEquals is PASSED

2021-11-11 09:44:04 - [MESSAGE][PASSED] - Call Test Case 'Test Cases/Butonlar/ButonaTikla' successfully

2021-11-11 09:44:04 - [MESSAGE][INFO] - Checking called Test Case

2021-11-11 09:44:04 - [MESSAGE][INFO] - Starting to call Test Case 'Test Cases/Butonlar/AltButonaTikla'

2021-11-11 09:44:04 - [TEST_CASE][PASSED] - Test Cases/Butonlar/AltButonaTikla: Test Cases/Butonlar/AltButonaTikla

2021-11-11 09:44:04 - [TEST_STEP][PASSED] - Method.TextDegerineEsitElementeTikla(findTestObject("Butonlar/AltButonlar"), Alt_Buton): Method.TextDegerineEsitElementeTikla is PASSED

2021-11-11 09:44:04 - [MESSAGE][INFO] - Finding Test Object 'Object Repository/Butonlar/AltButonlar'

2021-11-11 09:44:04 - [MESSAGE][INFO] - Checking timeout

2021-11-11 09:44:04 - [MESSAGE][INFO] - Finding web element with id: 'Object Repository/Butonlar/AltButonlar' located by 'By.cssSelector: .btn-group.open li>a' in '10' second(s)

2021-11-11 09:44:04 - [MESSAGE][INFO] - Smart Wait Function is triggered

2021-11-11 09:44:05 - [MESSAGE][INFO] - Found 4 web elements with id: 'Object Repository/Butonlar/AltButonlar' located by 'By.cssSelector: .btn-group.open li>a' in '10' second(s)

2021-11-11 09:44:05 - [MESSAGE][PASSED] - Method.TextDegerineEsitElementeTikla is PASSED

2021-11-11 09:44:05 - [MESSAGE][PASSED] - Call Test Case 'Test Cases/Butonlar/AltButonaTikla' successfully

2021-11-11 09:44:05 - [MESSAGE][INFO] - Checking called Test Case

2021-11-11 09:44:05 - [MESSAGE][INFO] - Starting to call Test Case 'Test Cases/Popup/PopupMesajiIceriyorMu'

2021-11-11 09:44:05 - [TEST_CASE][PASSED] - Test Cases/Popup/PopupMesajiIceriyorMu: Test Cases/Popup/PopupMesajiIceriyorMu

2021-11-11 09:44:05 - [TEST_STEP][PASSED] - waitForElementVisible(findTestObject("Popup/Popup"), 10): Object 'Object Repository/Popup/Popup' is visible

2021-11-11 09:44:05 - [MESSAGE][INFO] - Finding Test Object 'Object Repository/Popup/Popup'

2021-11-11 09:44:05 - [MESSAGE][INFO] - Checking object

2021-11-11 09:44:05 - [MESSAGE][INFO] - Checking timeout

2021-11-11 09:44:05 - [MESSAGE][INFO] - Finding web element from Test Object's properties

2021-11-11 09:44:05 - [MESSAGE][INFO] - Checking timeout

2021-11-11 09:44:05 - [MESSAGE][INFO] - Finding web element with id: 'Object Repository/Popup/Popup' located by 'By.cssSelector: .bootbox-body' in '10' second(s)

2021-11-11 09:44:05 - [MESSAGE][INFO] - Smart Wait Function is triggered

2021-11-11 09:44:05 - [MESSAGE][INFO] - Found 1 web elements with id: 'Object Repository/Popup/Popup' located by 'By.cssSelector: .bootbox-body' in '10' second(s)

2021-11-11 09:44:05 - [MESSAGE][PASSED] - Object 'Object Repository/Popup/Popup' is visible

2021-11-11 09:44:05 - [TEST_STEP][PASSED] - if (!(getText(findTestObject("Popup/Popup")).contains(Mesaj))): Text of object 'Object Repository/Popup/Popup' is: 'Lütfen rapor bildiriminin gönderileceği e-posta adresini belirtiniz.
e-Posta Adresi'

2021-11-11 09:44:05 - [MESSAGE][INFO] - Finding Test Object 'Object Repository/Popup/Popup'

2021-11-11 09:44:05 - [MESSAGE][INFO] - Checking object

2021-11-11 09:44:05 - [MESSAGE][INFO] - Finding web element from Test Object's properties

2021-11-11 09:44:05 - [MESSAGE][INFO] - Checking timeout

2021-11-11 09:44:05 - [MESSAGE][INFO] - Finding web element with id: 'Object Repository/Popup/Popup' located by 'By.cssSelector: .bootbox-body' in '30' second(s)

2021-11-11 09:44:05 - [MESSAGE][INFO] - Smart Wait Function is triggered

2021-11-11 09:44:06 - [MESSAGE][INFO] - Found 1 web elements with id: 'Object Repository/Popup/Popup' located by 'By.cssSelector: .bootbox-body' in '30' second(s)

2021-11-11 09:44:06 - [MESSAGE][INFO] - Getting text of object 'Object Repository/Popup/Popup'

2021-11-11 09:44:06 - [MESSAGE][PASSED] - Text of object 'Object Repository/Popup/Popup' is: 'Lütfen rapor bildiriminin gönderileceği e-posta adresini belirtiniz.
e-Posta Adresi'

2021-11-11 09:44:06 - [TEST_STEP][PASSED] - RaporNo = getText(findTestObject("Popup/Popup")).substring(0, 6): Text of object 'Object Repository/Popup/Popup' is: 'Lütfen rapor bildiriminin gönderileceği e-posta adresini belirtiniz.
e-Posta Adresi'

2021-11-11 09:44:06 - [MESSAGE][INFO] - Finding Test Object 'Object Repository/Popup/Popup'

2021-11-11 09:44:06 - [MESSAGE][INFO] - Checking object

2021-11-11 09:44:06 - [MESSAGE][INFO] - Finding web element from Test Object's properties

2021-11-11 09:44:06 - [MESSAGE][INFO] - Checking timeout

2021-11-11 09:44:06 - [MESSAGE][INFO] - Finding web element with id: 'Object Repository/Popup/Popup' located by 'By.cssSelector: .bootbox-body' in '30' second(s)

2021-11-11 09:44:06 - [MESSAGE][INFO] - Smart Wait Function is triggered

2021-11-11 09:44:06 - [MESSAGE][INFO] - Found 1 web elements with id: 'Object Repository/Popup/Popup' located by 'By.cssSelector: .bootbox-body' in '30' second(s)

2021-11-11 09:44:06 - [MESSAGE][INFO] - Getting text of object 'Object Repository/Popup/Popup'

2021-11-11 09:44:06 - [MESSAGE][PASSED] - Text of object 'Object Repository/Popup/Popup' is: 'Lütfen rapor bildiriminin gönderileceği e-posta adresini belirtiniz.
e-Posta Adresi'

2021-11-11 09:44:06 - [TEST_STEP][PASSED] - Console.println(RaporNo): null

2021-11-11 09:44:06 - [MESSAGE][PASSED] - Call Test Case 'Test Cases/Popup/PopupMesajiIceriyorMu' successfully

2021-11-11 09:44:06 - [MESSAGE][INFO] - Checking called Test Case

2021-11-11 09:44:06 - [MESSAGE][INFO] - Starting to call Test Case 'Test Cases/Popup/PopupaEmailEklenir'

2021-11-11 09:44:06 - [TEST_CASE][PASSED] - Test Cases/Popup/PopupaEmailEklenir: Test Cases/Popup/PopupaEmailEklenir

2021-11-11 09:44:06 - [TEST_STEP][PASSED] - clearText(findTestObject("Popup/EmailText")): Text of object 'Object Repository/Popup/EmailText' is cleared

2021-11-11 09:44:06 - [MESSAGE][INFO] - Finding Test Object 'Object Repository/Popup/EmailText'

2021-11-11 09:44:06 - [MESSAGE][INFO] - Checking object

2021-11-11 09:44:06 - [MESSAGE][INFO] - Finding web element from Test Object's properties

2021-11-11 09:44:06 - [MESSAGE][INFO] - Checking timeout

2021-11-11 09:44:06 - [MESSAGE][INFO] - Finding web element with id: 'Object Repository/Popup/EmailText' located by 'By.xpath: //*[@id="eMails"]' in '30' second(s)

2021-11-11 09:44:06 - [MESSAGE][INFO] - Smart Wait Function is triggered

2021-11-11 09:44:06 - [MESSAGE][INFO] - Found 1 web elements with id: 'Object Repository/Popup/EmailText' located by 'By.xpath: //*[@id="eMails"]' in '30' second(s)

2021-11-11 09:44:06 - [MESSAGE][INFO] - Clearing text of object 'Object Repository/Popup/EmailText'

2021-11-11 09:44:06 - [MESSAGE][PASSED] - Text of object 'Object Repository/Popup/EmailText' is cleared

2021-11-11 09:44:06 - [TEST_STEP][PASSED] - sendKeys(findTestObject("Popup/EmailText"), Email): Keys 'elogotest@gmail.com;ali.kara@logo.com.tr' sent to object: 'Object Repository/Popup/EmailText'

2021-11-11 09:44:06 - [MESSAGE][INFO] - Finding Test Object 'Object Repository/Popup/EmailText'

2021-11-11 09:44:07 - [MESSAGE][INFO] - Sending keys 'elogotest@gmail.com;ali.kara@logo.com.tr' to object: 'Object Repository/Popup/EmailText'

2021-11-11 09:44:07 - [MESSAGE][INFO] - Finding web element from Test Object's properties

2021-11-11 09:44:07 - [MESSAGE][INFO] - Checking timeout

2021-11-11 09:44:07 - [MESSAGE][INFO] - Finding web element with id: 'Object Repository/Popup/EmailText' located by 'By.xpath: //*[@id="eMails"]' in '30' second(s)

2021-11-11 09:44:07 - [MESSAGE][INFO] - Smart Wait Function is triggered

2021-11-11 09:44:07 - [MESSAGE][INFO] - Found 1 web elements with id: 'Object Repository/Popup/EmailText' located by 'By.xpath: //*[@id="eMails"]' in '30' second(s)

2021-11-11 09:44:07 - [MESSAGE][PASSED] - Keys 'elogotest@gmail.com;ali.kara@logo.com.tr' sent to object: 'Object Repository/Popup/EmailText'

2021-11-11 09:44:07 - [MESSAGE][PASSED] - Call Test Case 'Test Cases/Popup/PopupaEmailEklenir' successfully

2021-11-11 09:44:07 - [MESSAGE][INFO] - Checking called Test Case

2021-11-11 09:44:07 - [MESSAGE][INFO] - Starting to call Test Case 'Test Cases/Popup/PopupButonSecilir'

2021-11-11 09:44:07 - [TEST_CASE][PASSED] - Test Cases/Popup/PopupButonSecilir: Test Cases/Popup/PopupButonSecilir

2021-11-11 09:44:07 - [TEST_STEP][PASSED] - Method.TextDegerineEsitElementeTikla(findTestObject("Popup/Popup_Butons"), Buton): Method.TextDegerineEsitElementeTikla is PASSED

2021-11-11 09:44:07 - [MESSAGE][INFO] - Finding Test Object 'Object Repository/Popup/Popup_Butons'

2021-11-11 09:44:07 - [MESSAGE][INFO] - Checking timeout

2021-11-11 09:44:07 - [MESSAGE][INFO] - Finding web element with id: 'Object Repository/Popup/Popup_Butons' located by 'By.cssSelector: .modal-footer>button' in '10' second(s)

2021-11-11 09:44:07 - [MESSAGE][INFO] - Smart Wait Function is triggered

2021-11-11 09:44:07 - [MESSAGE][INFO] - Found 2 web elements with id: 'Object Repository/Popup/Popup_Butons' located by 'By.cssSelector: .modal-footer>button' in '10' second(s)

2021-11-11 09:44:07 - [MESSAGE][PASSED] - Method.TextDegerineEsitElementeTikla is PASSED

2021-11-11 09:44:07 - [MESSAGE][PASSED] - Call Test Case 'Test Cases/Popup/PopupButonSecilir' successfully

2021-11-11 09:44:07 - [MESSAGE][INFO] - Checking called Test Case

2021-11-11 09:44:07 - [MESSAGE][INFO] - Starting to call Test Case 'Test Cases/Popup/PopupMesajiIceriyorMu'

2021-11-11 09:44:08 - [TEST_CASE][PASSED] - Test Cases/Popup/PopupMesajiIceriyorMu: Test Cases/Popup/PopupMesajiIceriyorMu

2021-11-11 09:44:08 - [TEST_STEP][PASSED] - waitForElementVisible(findTestObject("Popup/Popup"), 10): Object 'Object Repository/Popup/Popup' is visible

2021-11-11 09:44:08 - [MESSAGE][INFO] - Finding Test Object 'Object Repository/Popup/Popup'

2021-11-11 09:44:08 - [MESSAGE][INFO] - Checking object

2021-11-11 09:44:08 - [MESSAGE][INFO] - Checking timeout

2021-11-11 09:44:08 - [MESSAGE][INFO] - Finding web element from Test Object's properties

2021-11-11 09:44:08 - [MESSAGE][INFO] - Checking timeout

2021-11-11 09:44:08 - [MESSAGE][INFO] - Finding web element with id: 'Object Repository/Popup/Popup' located by 'By.cssSelector: .bootbox-body' in '10' second(s)

2021-11-11 09:44:08 - [MESSAGE][INFO] - Smart Wait Function is triggered

2021-11-11 09:44:09 - [MESSAGE][INFO] - Found 1 web elements with id: 'Object Repository/Popup/Popup' located by 'By.cssSelector: .bootbox-body' in '10' second(s)

2021-11-11 09:44:09 - [MESSAGE][PASSED] - Object 'Object Repository/Popup/Popup' is visible

2021-11-11 09:44:09 - [TEST_STEP][PASSED] - if (!(getText(findTestObject("Popup/Popup")).contains(Mesaj))): Text of object 'Object Repository/Popup/Popup' is: '16274 no’lu talebiniz işleme alınmıştır. Raporunuz hazırlandığında (elogotest@gmail.com;ali.kara@logo.com.tr) adresinize mail gönderilecektir.
Rapor durumunuzu Raporlar > Toplu Veri İndirme ekranından takip edebilir, hazırlandı durumundaki raporlarınızı ilgili menüden indirebilirsiniz.'

2021-11-11 09:44:09 - [MESSAGE][INFO] - Finding Test Object 'Object Repository/Popup/Popup'

2021-11-11 09:44:09 - [MESSAGE][INFO] - Checking object

2021-11-11 09:44:09 - [MESSAGE][INFO] - Finding web element from Test Object's properties

2021-11-11 09:44:09 - [MESSAGE][INFO] - Checking timeout

2021-11-11 09:44:09 - [MESSAGE][INFO] - Finding web element with id: 'Object Repository/Popup/Popup' located by 'By.cssSelector: .bootbox-body' in '30' second(s)

2021-11-11 09:44:09 - [MESSAGE][INFO] - Smart Wait Function is triggered

2021-11-11 09:44:10 - [MESSAGE][INFO] - Found 1 web elements with id: 'Object Repository/Popup/Popup' located by 'By.cssSelector: .bootbox-body' in '30' second(s)

2021-11-11 09:44:10 - [MESSAGE][INFO] - Getting text of object 'Object Repository/Popup/Popup'

2021-11-11 09:44:10 - [MESSAGE][PASSED] - Text of object 'Object Repository/Popup/Popup' is: '16274 no’lu talebiniz işleme alınmıştır. Raporunuz hazırlandığında (elogotest@gmail.com;ali.kara@logo.com.tr) adresinize mail gönderilecektir.
Rapor durumunuzu Raporlar > Toplu Veri İndirme ekranından takip edebilir, hazırlandı durumundaki raporlarınızı ilgili menüden indirebilirsiniz.'

2021-11-11 09:44:10 - [TEST_STEP][PASSED] - RaporNo = getText(findTestObject("Popup/Popup")).substring(0, 6): Text of object 'Object Repository/Popup/Popup' is: '16274 no’lu talebiniz işleme alınmıştır. Raporunuz hazırlandığında (elogotest@gmail.com;ali.kara@logo.com.tr) adresinize mail gönderilecektir.
Rapor durumunuzu Raporlar > Toplu Veri İndirme ekranından takip edebilir, hazırlandı durumundaki raporlarınızı ilgili menüden indirebilirsiniz.'

2021-11-11 09:44:10 - [MESSAGE][INFO] - Finding Test Object 'Object Repository/Popup/Popup'

2021-11-11 09:44:10 - [MESSAGE][INFO] - Checking object

2021-11-11 09:44:10 - [MESSAGE][INFO] - Finding web element from Test Object's properties

2021-11-11 09:44:10 - [MESSAGE][INFO] - Checking timeout

2021-11-11 09:44:10 - [MESSAGE][INFO] - Finding web element with id: 'Object Repository/Popup/Popup' located by 'By.cssSelector: .bootbox-body' in '30' second(s)

2021-11-11 09:44:10 - [MESSAGE][INFO] - Smart Wait Function is triggered

2021-11-11 09:44:10 - [MESSAGE][INFO] - Found 1 web elements with id: 'Object Repository/Popup/Popup' located by 'By.cssSelector: .bootbox-body' in '30' second(s)

2021-11-11 09:44:10 - [MESSAGE][INFO] - Getting text of object 'Object Repository/Popup/Popup'

2021-11-11 09:44:10 - [MESSAGE][PASSED] - Text of object 'Object Repository/Popup/Popup' is: '16274 no’lu talebiniz işleme alınmıştır. Raporunuz hazırlandığında (elogotest@gmail.com;ali.kara@logo.com.tr) adresinize mail gönderilecektir.
Rapor durumunuzu Raporlar > Toplu Veri İndirme ekranından takip edebilir, hazırlandı durumundaki raporlarınızı ilgili menüden indirebilirsiniz.'

2021-11-11 09:44:10 - [TEST_STEP][PASSED] - Console.println(RaporNo): null

2021-11-11 09:44:10 - [MESSAGE][PASSED] - Call Test Case 'Test Cases/Popup/PopupMesajiIceriyorMu' successfully

2021-11-11 09:44:10 - [MESSAGE][INFO] - Checking called Test Case

2021-11-11 09:44:10 - [MESSAGE][INFO] - Starting to call Test Case 'Test Cases/Popup/PopupButonSecilir'

2021-11-11 09:44:10 - [TEST_CASE][PASSED] - Test Cases/Popup/PopupButonSecilir: Test Cases/Popup/PopupButonSecilir

2021-11-11 09:44:10 - [TEST_STEP][PASSED] - Method.TextDegerineEsitElementeTikla(findTestObject("Popup/Popup_Butons"), Buton): Method.TextDegerineEsitElementeTikla is PASSED

2021-11-11 09:44:10 - [MESSAGE][INFO] - Finding Test Object 'Object Repository/Popup/Popup_Butons'

2021-11-11 09:44:10 - [MESSAGE][INFO] - Checking timeout

2021-11-11 09:44:10 - [MESSAGE][INFO] - Finding web element with id: 'Object Repository/Popup/Popup_Butons' located by 'By.cssSelector: .modal-footer>button' in '10' second(s)

2021-11-11 09:44:10 - [MESSAGE][INFO] - Smart Wait Function is triggered

2021-11-11 09:44:10 - [MESSAGE][INFO] - Found 1 web elements with id: 'Object Repository/Popup/Popup_Butons' located by 'By.cssSelector: .modal-footer>button' in '10' second(s)

2021-11-11 09:44:10 - [MESSAGE][PASSED] - Method.TextDegerineEsitElementeTikla is PASSED

2021-11-11 09:44:10 - [MESSAGE][PASSED] - Call Test Case 'Test Cases/Popup/PopupButonSecilir' successfully

2021-11-11 09:44:10 - [MESSAGE][INFO] - Checking called Test Case

2021-11-11 09:44:10 - [MESSAGE][INFO] - Starting to call Test Case 'Test Cases/Menu/AnaMenuSecimi'

2021-11-11 09:44:11 - [TEST_CASE][PASSED] - Test Cases/Menu/AnaMenuSecimi: Test Cases/Menu/AnaMenuSecimi

2021-11-11 09:44:11 - [TEST_STEP][PASSED] - Method.TextDegerineEsitElementeTikla(findTestObject("Menu/Ana_Menu"), Ana_Menu): Method.TextDegerineEsitElementeTikla is PASSED

2021-11-11 09:44:11 - [MESSAGE][INFO] - Finding Test Object 'Object Repository/Menu/Ana_Menu'

2021-11-11 09:44:11 - [MESSAGE][INFO] - Checking timeout

2021-11-11 09:44:11 - [MESSAGE][INFO] - Finding web element with id: 'Object Repository/Menu/Ana_Menu' located by 'By.xpath: //*[@class = 'dropdown-toggle']' in '10' second(s)

2021-11-11 09:44:11 - [MESSAGE][INFO] - Smart Wait Function is triggered

2021-11-11 09:44:11 - [MESSAGE][INFO] - Found 14 web elements with id: 'Object Repository/Menu/Ana_Menu' located by 'By.xpath: //*[@class = 'dropdown-toggle']' in '10' second(s)

2021-11-11 09:44:11 - [MESSAGE][PASSED] - Method.TextDegerineEsitElementeTikla is PASSED

2021-11-11 09:44:11 - [MESSAGE][PASSED] - Call Test Case 'Test Cases/Menu/AnaMenuSecimi' successfully

2021-11-11 09:44:11 - [MESSAGE][INFO] - Checking called Test Case

2021-11-11 09:44:11 - [MESSAGE][INFO] - Starting to call Test Case 'Test Cases/Menu/AltMenuSecimi'

2021-11-11 09:44:12 - [TEST_CASE][PASSED] - Test Cases/Menu/AltMenuSecimi: Test Cases/Menu/AltMenuSecimi

2021-11-11 09:44:12 - [TEST_STEP][PASSED] - Method.TextDegerineEsitElementeTikla(findTestObject("Menu/Alt_Menu"), Alt_Menu): Method.TextDegerineEsitElementeTikla is PASSED

2021-11-11 09:44:12 - [MESSAGE][INFO] - Finding Test Object 'Object Repository/Menu/Alt_Menu'

2021-11-11 09:44:12 - [MESSAGE][INFO] - Checking timeout

2021-11-11 09:44:12 - [MESSAGE][INFO] - Finding web element with id: 'Object Repository/Menu/Alt_Menu' located by 'By.xpath: //li[@class='dropdown dropdown-large open']//li[@class='dropdown-element']' in '10' second(s)

2021-11-11 09:44:12 - [MESSAGE][INFO] - Smart Wait Function is triggered

2021-11-11 09:44:12 - [MESSAGE][INFO] - Found 9 web elements with id: 'Object Repository/Menu/Alt_Menu' located by 'By.xpath: //li[@class='dropdown dropdown-large open']//li[@class='dropdown-element']' in '10' second(s)

2021-11-11 09:44:13 - [MESSAGE][PASSED] - Method.TextDegerineEsitElementeTikla is PASSED

2021-11-11 09:44:13 - [MESSAGE][PASSED] - Call Test Case 'Test Cases/Menu/AltMenuSecimi' successfully

2021-11-11 09:44:13 - [MESSAGE][INFO] - Checking called Test Case

2021-11-11 09:44:13 - [MESSAGE][INFO] - Starting to call Test Case 'Test Cases/Filtreler/RaporNoYaz'

2021-11-11 09:44:13 - [TEST_CASE][PASSED] - Test Cases/Filtreler/RaporNoYaz: Test Cases/Filtreler/RaporNoYaz

2021-11-11 09:44:13 - [TEST_STEP][PASSED] - Method.TextDegerineEsitElementinAltindakiTextboxtaYaz(findTestObject("Filtreler/Basliklar"), findTestObject("Filtreler/Basliga_Gore_Textbox"), "Talep No", RaporNo): Method.TextDegerineEsitElementinAltindakiTextboxtaYaz is PASSED

2021-11-11 09:44:13 - [MESSAGE][INFO] - Finding Test Object 'Object Repository/Filtreler/Basliklar'

2021-11-11 09:44:13 - [MESSAGE][INFO] - Finding Test Object 'Object Repository/Filtreler/Basliga_Gore_Textbox'

2021-11-11 09:44:13 - [MESSAGE][INFO] - Checking timeout

2021-11-11 09:44:13 - [MESSAGE][INFO] - Finding web element with id: 'Object Repository/Filtreler/Basliklar' located by 'By.cssSelector: .control-label.col-sm-4.paddingMarginRLC' in '10' second(s)

2021-11-11 09:44:13 - [MESSAGE][INFO] - Smart Wait Function is triggered

2021-11-11 09:44:14 - [MESSAGE][INFO] - Found 8 web elements with id: 'Object Repository/Filtreler/Basliklar' located by 'By.cssSelector: .control-label.col-sm-4.paddingMarginRLC' in '10' second(s)

2021-11-11 09:44:14 - [MESSAGE][INFO] - Smart Wait Function is triggered

2021-11-11 09:44:14 - [MESSAGE][PASSED] - Method.TextDegerineEsitElementinAltindakiTextboxtaYaz is PASSED

2021-11-11 09:44:14 - [MESSAGE][PASSED] - Call Test Case 'Test Cases/Filtreler/RaporNoYaz' successfully

2021-11-11 09:44:14 - [MESSAGE][INFO] - Checking called Test Case

2021-11-11 09:44:14 - [MESSAGE][INFO] - Starting to call Test Case 'Test Cases/Filtreler/ButonaTikla'

2021-11-11 09:44:14 - [TEST_CASE][PASSED] - Test Cases/Filtreler/ButonaTikla: Test Cases/Filtreler/ButonaTikla

2021-11-11 09:44:14 - [TEST_STEP][PASSED] - Method.TextDegerineEsitElementeTikla(findTestObject("Filtreler/Butonlar"), Filtre_Buton): Method.TextDegerineEsitElementeTikla is PASSED

2021-11-11 09:44:14 - [MESSAGE][INFO] - Finding Test Object 'Object Repository/Filtreler/Butonlar'

2021-11-11 09:44:14 - [MESSAGE][INFO] - Checking timeout

2021-11-11 09:44:14 - [MESSAGE][INFO] - Finding web element with id: 'Object Repository/Filtreler/Butonlar' located by 'By.cssSelector: .dxb>span' in '10' second(s)

2021-11-11 09:44:14 - [MESSAGE][INFO] - Smart Wait Function is triggered

2021-11-11 09:44:14 - [MESSAGE][INFO] - Found 2 web elements with id: 'Object Repository/Filtreler/Butonlar' located by 'By.cssSelector: .dxb>span' in '10' second(s)

2021-11-11 09:44:15 - [MESSAGE][PASSED] - Method.TextDegerineEsitElementeTikla is PASSED

2021-11-11 09:44:15 - [MESSAGE][PASSED] - Call Test Case 'Test Cases/Filtreler/ButonaTikla' successfully

2021-11-11 09:44:15 - [MESSAGE][INFO] - Checking called Test Case

2021-11-11 09:44:15 - [MESSAGE][INFO] - Starting to call Test Case 'Test Cases/Tablo/TablodaVeriVarMi'

2021-11-11 09:44:15 - [TEST_CASE][PASSED] - Test Cases/Tablo/TablodaVeriVarMi: Test Cases/Tablo/TablodaVeriVarMi

2021-11-11 09:44:15 - [TEST_STEP][PASSED] - verifyTextNotPresent("Görüntülenecek veri yok", true): Text 'Görüntülenecek veri yok' is not present on page using regular expression

2021-11-11 09:44:15 - [MESSAGE][INFO] - Checking text present  using regular expression

2021-11-11 09:44:15 - [MESSAGE][INFO] - Smart Wait Function is triggered

2021-11-11 09:44:15 - [MESSAGE][INFO] - Finding text 'Görüntülenecek veri yok' on page  using regular expression

2021-11-11 09:44:15 - [MESSAGE][PASSED] - Text 'Görüntülenecek veri yok' is not present on page using regular expression

2021-11-11 09:44:15 - [MESSAGE][PASSED] - Call Test Case 'Test Cases/Tablo/TablodaVeriVarMi' successfully

2021-11-11 09:44:15 - [MESSAGE][INFO] - Checking called Test Case

2021-11-11 09:44:15 - [MESSAGE][INFO] - Starting to call Test Case 'Test Cases/Kullanici_Islemleri/KullaniciIslemlerindenSecimYapilir'

2021-11-11 09:44:15 - [TEST_CASE][PASSED] - Test Cases/Kullanici_Islemleri/KullaniciIslemlerindenSecimYapilir: Test Cases/Kullanici_Islemleri/KullaniciIslemlerindenSecimYapilir

2021-11-11 09:44:15 - [TEST_STEP][PASSED] - waitForElementClickable(findTestObject("Object Repository/Kullanici_Islemleri/KullaniciIslemleri"), 10): Object 'Object Repository/Kullanici_Islemleri/KullaniciIslemleri' is clickable

2021-11-11 09:44:15 - [MESSAGE][INFO] - Finding Test Object 'Object Repository/Kullanici_Islemleri/KullaniciIslemleri'

2021-11-11 09:44:15 - [MESSAGE][INFO] - Checking object

2021-11-11 09:44:15 - [MESSAGE][INFO] - Checking timeout

2021-11-11 09:44:15 - [MESSAGE][INFO] - Finding web element from Test Object's properties

2021-11-11 09:44:15 - [MESSAGE][INFO] - Checking timeout

2021-11-11 09:44:15 - [MESSAGE][INFO] - Finding web element with id: 'Object Repository/Kullanici_Islemleri/KullaniciIslemleri' located by 'By.cssSelector: .dropdown>a>img' in '10' second(s)

2021-11-11 09:44:15 - [MESSAGE][INFO] - Smart Wait Function is triggered

2021-11-11 09:44:16 - [MESSAGE][INFO] - Found 1 web elements with id: 'Object Repository/Kullanici_Islemleri/KullaniciIslemleri' located by 'By.cssSelector: .dropdown>a>img' in '10' second(s)

2021-11-11 09:44:16 - [MESSAGE][PASSED] - Object 'Object Repository/Kullanici_Islemleri/KullaniciIslemleri' is clickable

2021-11-11 09:44:16 - [TEST_STEP][PASSED] - click(findTestObject("Object Repository/Kullanici_Islemleri/KullaniciIslemleri")): Object: 'Object Repository/Kullanici_Islemleri/KullaniciIslemleri' is clicked on

2021-11-11 09:44:16 - [MESSAGE][INFO] - Finding Test Object 'Object Repository/Kullanici_Islemleri/KullaniciIslemleri'

2021-11-11 09:44:16 - [MESSAGE][INFO] - Checking object

2021-11-11 09:44:16 - [MESSAGE][INFO] - Finding web element from Test Object's properties

2021-11-11 09:44:16 - [MESSAGE][INFO] - Checking timeout

2021-11-11 09:44:16 - [MESSAGE][INFO] - Finding web element with id: 'Object Repository/Kullanici_Islemleri/KullaniciIslemleri' located by 'By.cssSelector: .dropdown>a>img' in '30' second(s)

2021-11-11 09:44:16 - [MESSAGE][INFO] - Smart Wait Function is triggered

2021-11-11 09:44:16 - [MESSAGE][INFO] - Found 1 web elements with id: 'Object Repository/Kullanici_Islemleri/KullaniciIslemleri' located by 'By.cssSelector: .dropdown>a>img' in '30' second(s)

2021-11-11 09:44:16 - [MESSAGE][INFO] - Clicking on object: 'Object Repository/Kullanici_Islemleri/KullaniciIslemleri'

2021-11-11 09:44:16 - [MESSAGE][PASSED] - Object: 'Object Repository/Kullanici_Islemleri/KullaniciIslemleri' is clicked on

2021-11-11 09:44:16 - [TEST_STEP][PASSED] - Method.TextDegerineEsitElementeTikla(findTestObject("Object Repository/Kullanici_Islemleri/Secenekler"), Islem): Method.TextDegerineEsitElementeTikla is PASSED

2021-11-11 09:44:16 - [MESSAGE][INFO] - Finding Test Object 'Object Repository/Kullanici_Islemleri/Secenekler'

2021-11-11 09:44:16 - [MESSAGE][INFO] - Checking timeout

2021-11-11 09:44:16 - [MESSAGE][INFO] - Finding web element with id: 'Object Repository/Kullanici_Islemleri/Secenekler' located by 'By.cssSelector: .nav.navbar-nav.navbar-right li a' in '10' second(s)

2021-11-11 09:44:16 - [MESSAGE][INFO] - Smart Wait Function is triggered

2021-11-11 09:44:16 - [MESSAGE][INFO] - Found 22 web elements with id: 'Object Repository/Kullanici_Islemleri/Secenekler' located by 'By.cssSelector: .nav.navbar-nav.navbar-right li a' in '10' second(s)

2021-11-11 09:44:18 - [MESSAGE][PASSED] - Method.TextDegerineEsitElementeTikla is PASSED

2021-11-11 09:44:18 - [TEST_STEP][PASSED] - verifyElementNotPresent(findTestObject("Object Repository/Kullanici_Islemleri/Secenekler"), 10): Web element with id: 'Object Repository/Kullanici_Islemleri/Secenekler' located by 'By.cssSelector: .nav.navbar-nav.navbar-right li a' is not present after '10' second(s)

2021-11-11 09:44:18 - [MESSAGE][INFO] - Finding Test Object 'Object Repository/Kullanici_Islemleri/Secenekler'

2021-11-11 09:44:18 - [MESSAGE][INFO] - Checking object

2021-11-11 09:44:18 - [MESSAGE][INFO] - Checking timeout

2021-11-11 09:44:18 - [MESSAGE][INFO] - Finding web element with id: 'Object Repository/Kullanici_Islemleri/Secenekler' located by 'By.cssSelector: .nav.navbar-nav.navbar-right li a' in '10' second(s)

2021-11-11 09:44:18 - [MESSAGE][INFO] - Smart Wait Function is triggered

2021-11-11 09:44:18 - [MESSAGE][PASSED] - Web element with id: 'Object Repository/Kullanici_Islemleri/Secenekler' located by 'By.cssSelector: .nav.navbar-nav.navbar-right li a' is not present after '10' second(s)

2021-11-11 09:44:18 - [MESSAGE][PASSED] - Call Test Case 'Test Cases/Kullanici_Islemleri/KullaniciIslemlerindenSecimYapilir' successfully

2021-11-11 09:44:18 - [TEST_CASE][PASSED] - Start Test Case : SCENARIO e-Irsaliye Giden Kutusu Toplu Indirme - PDF Secilenlerin indirilmesi: SCENARIO e-Irsaliye Giden Kutusu Toplu Indirme - PDF Secilenlerin indirilmesi

2021-11-11 09:44:18 - [TEST_STEP][PASSED] - Kullanıcı adı ELOGO6 ve Şifre 123456 olarak giriş yapılır: Kullanıcı adı ELOGO6 ve Şifre 123456 olarak giriş yapılır

2021-11-11 09:44:18 - [MESSAGE][PASSED] - Kullanıcı adı ELOGO6 ve Şifre 123456 olarak giriş yapılır

2021-11-11 09:44:18 - [TEST_STEP][PASSED] - Ana menüden e-İrsaliye seçilir: Ana menüden e-İrsaliye seçilir

2021-11-11 09:44:18 - [MESSAGE][PASSED] - Ana menüden e-İrsaliye seçilir

2021-11-11 09:44:18 - [TEST_STEP][PASSED] - Alt menü Giden Kutusu başlığı altındaki İrsaliyeler seçilir: Alt menü Giden Kutusu başlığı altındaki İrsaliyeler seçilir

2021-11-11 09:44:18 - [MESSAGE][PASSED] - Alt menü Giden Kutusu başlığı altındaki İrsaliyeler seçilir

2021-11-11 09:44:18 - [TEST_STEP][PASSED] - Filtrelerden Oluşturma Tarihi filtresine 01.01.2020 baslangic degerini yaz: Filtrelerden Oluşturma Tarihi filtresine 01.01.2020 baslangic degerini yaz

2021-11-11 09:44:18 - [MESSAGE][PASSED] - Filtrelerden Oluşturma Tarihi filtresine 01.01.2020 baslangic degerini yaz

2021-11-11 09:44:18 - [TEST_STEP][PASSED] - Filtrelerden Oluşturma Tarihi filtresine 31.12.2020 bitis degerini yaz: Filtrelerden Oluşturma Tarihi filtresine 31.12.2020 bitis degerini yaz

2021-11-11 09:44:18 - [MESSAGE][PASSED] - Filtrelerden Oluşturma Tarihi filtresine 31.12.2020 bitis degerini yaz

2021-11-11 09:44:18 - [TEST_STEP][PASSED] - Filtrelerden Alıcı Ünvanı filtresine TEST textini yaz: Filtrelerden Alıcı Ünvanı filtresine TEST textini yaz

2021-11-11 09:44:18 - [MESSAGE][PASSED] - Filtrelerden Alıcı Ünvanı filtresine TEST textini yaz

2021-11-11 09:44:18 - [TEST_STEP][PASSED] - Filtre butonlarından Listele seçilir: Filtre butonlarından Listele seçilir

2021-11-11 09:44:18 - [MESSAGE][PASSED] - Filtre butonlarından Listele seçilir

2021-11-11 09:44:18 - [TEST_STEP][PASSED] - Tabloda veri var mı kontrol edilir: Tabloda veri var mı kontrol edilir

2021-11-11 09:44:18 - [MESSAGE][PASSED] - Tabloda veri var mı kontrol edilir

2021-11-11 09:44:18 - [TEST_STEP][PASSED] - Tablodan TEST isimli veri seçilir: Tablodan TEST isimli veri seçilir

2021-11-11 09:44:18 - [MESSAGE][PASSED] - Tablodan TEST isimli veri seçilir

2021-11-11 09:44:18 - [TEST_STEP][PASSED] - Butonlardan Toplu İndirme isimli butona tıklanır: Butonlardan Toplu İndirme isimli butona tıklanır

2021-11-11 09:44:18 - [MESSAGE][PASSED] - Butonlardan Toplu İndirme isimli butona tıklanır

2021-11-11 09:44:18 - [TEST_STEP][PASSED] - Alt butonlardan PDF Seçilenleri İndir butonuna tıklanır: Alt butonlardan PDF Seçilenleri İndir butonuna tıklanır

2021-11-11 09:44:18 - [MESSAGE][PASSED] - Alt butonlardan PDF Seçilenleri İndir butonuna tıklanır

2021-11-11 09:44:18 - [TEST_STEP][PASSED] - Popup mesajı Lütfen rapor bildiriminin gönderileceği e-posta adresini belirtiniz. içeriyor mu: Popup mesajı Lütfen rapor bildiriminin gönderileceği e-posta adresini belirtiniz. içeriyor mu

2021-11-11 09:44:18 - [MESSAGE][PASSED] - Popup mesajı Lütfen rapor bildiriminin gönderileceği e-posta adresini belirtiniz. içeriyor mu

2021-11-11 09:44:18 - [TEST_STEP][PASSED] - Popup email elogotest@gmail.com;ali.kara@logo.com.tr olarak girilir: Popup email elogotest@gmail.com;ali.kara@logo.com.tr olarak girilir

2021-11-11 09:44:18 - [MESSAGE][PASSED] - Popup email elogotest@gmail.com;ali.kara@logo.com.tr olarak girilir

2021-11-11 09:44:18 - [TEST_STEP][PASSED] - Yönetim popupında Gönder seçilir: Yönetim popupında Gönder seçilir

2021-11-11 09:44:18 - [MESSAGE][PASSED] - Yönetim popupında Gönder seçilir

2021-11-11 09:44:18 - [TEST_STEP][PASSED] - Popup mesajı talebiniz işleme alınmıştır içeriyor mu: Popup mesajı talebiniz işleme alınmıştır içeriyor mu

2021-11-11 09:44:18 - [MESSAGE][PASSED] - Popup mesajı talebiniz işleme alınmıştır içeriyor mu

2021-11-11 09:44:18 - [TEST_STEP][PASSED] - Yönetim popupında Tamam seçilir: Yönetim popupında Tamam seçilir

2021-11-11 09:44:18 - [MESSAGE][PASSED] - Yönetim popupında Tamam seçilir

2021-11-11 09:44:18 - [TEST_STEP][PASSED] - Butonlardan Toplu İndirme isimli butona tıklanır: Butonlardan Toplu İndirme isimli butona tıklanır

2021-11-11 09:44:18 - [MESSAGE][PASSED] - Butonlardan Toplu İndirme isimli butona tıklanır

2021-11-11 09:44:18 - [TEST_STEP][PASSED] - Alt butonlardan PDF Tümünü İndir butonuna tıklanır: Alt butonlardan PDF Tümünü İndir butonuna tıklanır

2021-11-11 09:44:18 - [MESSAGE][PASSED] - Alt butonlardan PDF Tümünü İndir butonuna tıklanır

2021-11-11 09:44:18 - [TEST_STEP][PASSED] - Popup mesajı Lütfen rapor bildiriminin gönderileceği e-posta adresini belirtiniz. içeriyor mu: Popup mesajı Lütfen rapor bildiriminin gönderileceği e-posta adresini belirtiniz. içeriyor mu

2021-11-11 09:44:18 - [MESSAGE][PASSED] - Popup mesajı Lütfen rapor bildiriminin gönderileceği e-posta adresini belirtiniz. içeriyor mu

2021-11-11 09:44:18 - [TEST_STEP][PASSED] - Popup email elogotest@gmail.com;ali.kara@logo.com.tr olarak girilir: Popup email elogotest@gmail.com;ali.kara@logo.com.tr olarak girilir

2021-11-11 09:44:18 - [MESSAGE][PASSED] - Popup email elogotest@gmail.com;ali.kara@logo.com.tr olarak girilir

2021-11-11 09:44:18 - [TEST_STEP][PASSED] - Yönetim popupında Gönder seçilir: Yönetim popupında Gönder seçilir

2021-11-11 09:44:18 - [MESSAGE][PASSED] - Yönetim popupında Gönder seçilir

2021-11-11 09:44:18 - [TEST_STEP][PASSED] - Popup mesajı talebiniz işleme alınmıştır içeriyor mu: Popup mesajı talebiniz işleme alınmıştır içeriyor mu

2021-11-11 09:44:18 - [MESSAGE][PASSED] - Popup mesajı talebiniz işleme alınmıştır içeriyor mu

2021-11-11 09:44:18 - [TEST_STEP][PASSED] - Yönetim popupında Tamam seçilir: Yönetim popupında Tamam seçilir

2021-11-11 09:44:18 - [MESSAGE][PASSED] - Yönetim popupında Tamam seçilir

2021-11-11 09:44:18 - [TEST_STEP][PASSED] - Butonlardan Toplu İndirme isimli butona tıklanır: Butonlardan Toplu İndirme isimli butona tıklanır

2021-11-11 09:44:18 - [MESSAGE][PASSED] - Butonlardan Toplu İndirme isimli butona tıklanır

2021-11-11 09:44:18 - [TEST_STEP][PASSED] - Alt butonlardan UBL Seçilenleri İndir butonuna tıklanır: Alt butonlardan UBL Seçilenleri İndir butonuna tıklanır

2021-11-11 09:44:18 - [MESSAGE][PASSED] - Alt butonlardan UBL Seçilenleri İndir butonuna tıklanır

2021-11-11 09:44:18 - [TEST_STEP][PASSED] - Popup mesajı Lütfen rapor bildiriminin gönderileceği e-posta adresini belirtiniz. içeriyor mu: Popup mesajı Lütfen rapor bildiriminin gönderileceği e-posta adresini belirtiniz. içeriyor mu

2021-11-11 09:44:18 - [MESSAGE][PASSED] - Popup mesajı Lütfen rapor bildiriminin gönderileceği e-posta adresini belirtiniz. içeriyor mu

2021-11-11 09:44:18 - [TEST_STEP][PASSED] - Popup email elogotest@gmail.com;ali.kara@logo.com.tr olarak girilir: Popup email elogotest@gmail.com;ali.kara@logo.com.tr olarak girilir

2021-11-11 09:44:18 - [MESSAGE][PASSED] - Popup email elogotest@gmail.com;ali.kara@logo.com.tr olarak girilir

2021-11-11 09:44:18 - [TEST_STEP][PASSED] - Yönetim popupında Gönder seçilir: Yönetim popupında Gönder seçilir

2021-11-11 09:44:18 - [MESSAGE][PASSED] - Yönetim popupında Gönder seçilir

2021-11-11 09:44:18 - [TEST_STEP][PASSED] - Popup mesajı talebiniz işleme alınmıştır içeriyor mu: Popup mesajı talebiniz işleme alınmıştır içeriyor mu

2021-11-11 09:44:18 - [MESSAGE][PASSED] - Popup mesajı talebiniz işleme alınmıştır içeriyor mu

2021-11-11 09:44:18 - [TEST_STEP][PASSED] - Yönetim popupında Tamam seçilir: Yönetim popupında Tamam seçilir

2021-11-11 09:44:18 - [MESSAGE][PASSED] - Yönetim popupında Tamam seçilir

2021-11-11 09:44:18 - [TEST_STEP][PASSED] - Butonlardan Toplu İndirme isimli butona tıklanır: Butonlardan Toplu İndirme isimli butona tıklanır

2021-11-11 09:44:18 - [MESSAGE][PASSED] - Butonlardan Toplu İndirme isimli butona tıklanır

2021-11-11 09:44:18 - [TEST_STEP][PASSED] - Alt butonlardan UBL Tümünü İndir butonuna tıklanır: Alt butonlardan UBL Tümünü İndir butonuna tıklanır

2021-11-11 09:44:18 - [MESSAGE][PASSED] - Alt butonlardan UBL Tümünü İndir butonuna tıklanır

2021-11-11 09:44:18 - [TEST_STEP][PASSED] - Popup mesajı Lütfen rapor bildiriminin gönderileceği e-posta adresini belirtiniz. içeriyor mu: Popup mesajı Lütfen rapor bildiriminin gönderileceği e-posta adresini belirtiniz. içeriyor mu

2021-11-11 09:44:18 - [MESSAGE][PASSED] - Popup mesajı Lütfen rapor bildiriminin gönderileceği e-posta adresini belirtiniz. içeriyor mu

2021-11-11 09:44:18 - [TEST_STEP][PASSED] - Popup email elogotest@gmail.com;ali.kara@logo.com.tr olarak girilir: Popup email elogotest@gmail.com;ali.kara@logo.com.tr olarak girilir

2021-11-11 09:44:18 - [MESSAGE][PASSED] - Popup email elogotest@gmail.com;ali.kara@logo.com.tr olarak girilir

2021-11-11 09:44:18 - [TEST_STEP][PASSED] - Yönetim popupında Gönder seçilir: Yönetim popupında Gönder seçilir

2021-11-11 09:44:18 - [MESSAGE][PASSED] - Yönetim popupında Gönder seçilir

2021-11-11 09:44:18 - [TEST_STEP][PASSED] - Popup mesajı talebiniz işleme alınmıştır içeriyor mu: Popup mesajı talebiniz işleme alınmıştır içeriyor mu

2021-11-11 09:44:18 - [MESSAGE][PASSED] - Popup mesajı talebiniz işleme alınmıştır içeriyor mu

2021-11-11 09:44:18 - [TEST_STEP][PASSED] - Yönetim popupında Tamam seçilir: Yönetim popupında Tamam seçilir

2021-11-11 09:44:18 - [MESSAGE][PASSED] - Yönetim popupında Tamam seçilir

2021-11-11 09:44:18 - [TEST_STEP][PASSED] - Ana menüden Raporlar seçilir: Ana menüden Raporlar seçilir

2021-11-11 09:44:18 - [MESSAGE][PASSED] - Ana menüden Raporlar seçilir

2021-11-11 09:44:18 - [TEST_STEP][PASSED] - Alt menüden Toplu Veri İndirme seçilir: Alt menüden Toplu Veri İndirme seçilir

2021-11-11 09:44:18 - [MESSAGE][PASSED] - Alt menüden Toplu Veri İndirme seçilir

2021-11-11 09:44:18 - [TEST_STEP][PASSED] - Filtrelerden Talep No filtresine Rapor No bilgisi yaz: Filtrelerden Talep No filtresine Rapor No bilgisi yaz

2021-11-11 09:44:18 - [MESSAGE][PASSED] - Filtrelerden Talep No filtresine Rapor No bilgisi yaz

2021-11-11 09:44:18 - [TEST_STEP][PASSED] - Filtre butonlarından Listele seçilir: Filtre butonlarından Listele seçilir

2021-11-11 09:44:18 - [MESSAGE][PASSED] - Filtre butonlarından Listele seçilir

2021-11-11 09:44:18 - [TEST_STEP][PASSED] - Tabloda veri var mı kontrol edilir: Tabloda veri var mı kontrol edilir

2021-11-11 09:44:18 - [MESSAGE][PASSED] - Tabloda veri var mı kontrol edilir

2021-11-11 09:44:18 - [TEST_STEP][PASSED] - Kullanıcı işlemlerinden Çıkış seçilir: Kullanıcı işlemlerinden Çıkış seçilir

2021-11-11 09:44:18 - [MESSAGE][PASSED] - Kullanıcı işlemlerinden Çıkış seçilir

2021-11-11 09:44:18 - [MESSAGE][PASSED] - Feature file: 'Include/features/e-Irsaliye/Giden Kutusu/Irsaliyeler/Toplu Indirme.feature' was passed

2021-11-11 09:44:18 - [TEST_STEP][PASSED] - Start listener action : sampleAfterTestSuite: Invoke 'com.kms.katalon.core.annotation.AfterTestCase' method: 'Listener.sampleAfterTestSuite(...)' completed.

2021-11-11 09:44:18 - [MESSAGE][INFO] - Starting invoke 'com.kms.katalon.core.annotation.AfterTestCase' method: 'Listener.sampleAfterTestSuite(...)'

2021-11-11 09:44:18 - [TEST_STEP][PASSED] - closeBrowser(): Invoke 'com.kms.katalon.core.annotation.AfterTestCase' method: 'Listener.sampleAfterTestSuite(...)' completed.

2021-11-11 09:44:18 - [MESSAGE][INFO] - Closing browser

2021-11-11 09:44:19 - [MESSAGE][PASSED] - Browser is closed

2021-11-11 09:44:19 - [MESSAGE][INFO] - Invoke 'com.kms.katalon.core.annotation.AfterTestCase' method: 'Listener.sampleAfterTestSuite(...)' completed.]]></system-out>
         <system-err><![CDATA[]]></system-err>
      </testcase>
      <testcase name="Test Cases/Case Repository/e-Makbuz/e-Mustahsil Uygulamasi/e-Mustahsil Makbuzlari/Excele Aktar" time="52.639" classname="Test Cases/Case Repository/e-Makbuz/e-Mustahsil Uygulamasi/e-Mustahsil Makbuzlari/Excele Aktar" status="PASSED">
         <system-out><![CDATA[2021-11-11 09:44:19 - [TEST_CASE][PASSED] - Test Cases/Case Repository/e-Makbuz/e-Mustahsil Uygulamasi/e-Mustahsil Makbuzlari/Excele Aktar: Test Cases/Case Repository/e-Makbuz/e-Mustahsil Uygulamasi/e-Mustahsil Makbuzlari/Excele Aktar

2021-11-11 09:44:19 - [TEST_STEP][PASSED] - Start listener action : sampleBeforeTestSuite: Invoke 'com.kms.katalon.core.annotation.BeforeTestCase' method: 'Listener.sampleBeforeTestSuite(...)' completed.

2021-11-11 09:44:19 - [MESSAGE][INFO] - Starting invoke 'com.kms.katalon.core.annotation.BeforeTestCase' method: 'Listener.sampleBeforeTestSuite(...)'

2021-11-11 09:44:19 - [TEST_STEP][PASSED] - openBrowser(baseUrl): Browser is opened with url: 'https://efatura-stage.elogo.com.tr/'

2021-11-11 09:44:19 - [MESSAGE][INFO] - Opening browser

2021-11-11 09:44:19 - [MESSAGE][INFO] - Starting 'Chrome' driver

2021-11-11 09:44:19 - [MESSAGE][INFO] - User set preference: ['prefs', '{download.default_directory=C:\otomasyondownfiles}']

2021-11-11 09:44:19 - [MESSAGE][INFO] - Action delay is set to 0 milliseconds

2021-11-11 09:44:21 - [MESSAGE][INFO] - Navigating browser to: 'https://efatura-stage.elogo.com.tr/'

2021-11-11 09:44:24 - [MESSAGE][PASSED] - Browser is opened with url: 'https://efatura-stage.elogo.com.tr/'

2021-11-11 09:44:24 - [TEST_STEP][PASSED] - maximizeWindow(): Invoke 'com.kms.katalon.core.annotation.BeforeTestCase' method: 'Listener.sampleBeforeTestSuite(...)' completed.

2021-11-11 09:44:24 - [MESSAGE][INFO] - Maximizing current window

2021-11-11 09:44:24 - [MESSAGE][PASSED] - Current window maximized

2021-11-11 09:44:24 - [MESSAGE][INFO] - Invoke 'com.kms.katalon.core.annotation.BeforeTestCase' method: 'Listener.sampleBeforeTestSuite(...)' completed.

2021-11-11 09:44:25 - [TEST_STEP][PASSED] - runFeatureFile("Include/features/e-Makbuz/e-Mustahsil Uygulamasi/e-Mustahsil Makbuzlari/Excele Aktar.feature"): Feature file: 'Include/features/e-Makbuz/e-Mustahsil Uygulamasi/e-Mustahsil Makbuzlari/Excele Aktar.feature' was passed

2021-11-11 09:44:25 - [MESSAGE][INFO] - Starting run keyword runFeatureFile: 'Include/features/e-Makbuz/e-Mustahsil Uygulamasi/e-Mustahsil Makbuzlari/Excele Aktar.feature' and extract report to folder: 'C:\Users\DELL\Documents\GitHub\EES_KatalonLogo\Reports\20211111_090730\Suite Repository\ExceleAktarVeTopluIndirme\20211111_090810/cucumber_report/1636613065034'...

2021-11-11 09:44:25 - [MESSAGE][INFO] - Glue: []

2021-11-11 09:44:25 - [MESSAGE][INFO] - Checking called Test Case

2021-11-11 09:44:25 - [MESSAGE][INFO] - Starting to call Test Case 'Test Cases/Sayfalar/Giris_Sayfasi/Login'

2021-11-11 09:44:25 - [TEST_CASE][PASSED] - Test Cases/Sayfalar/Giris_Sayfasi/Login: Test Cases/Sayfalar/Giris_Sayfasi/Login

2021-11-11 09:44:25 - [TEST_STEP][PASSED] - Sayfa_Basligi = getWindowTitle(): Current window's title is: 'LOGO e-Fatura'

2021-11-11 09:44:25 - [MESSAGE][INFO] - Getting current window's title

2021-11-11 09:44:25 - [MESSAGE][PASSED] - Current window's title is: 'LOGO e-Fatura'

2021-11-11 09:44:25 - [TEST_STEP][PASSED] - verifyMatch(Sayfa_Basligi, "LOGO e-Fatura", false): Actual text 'LOGO e-Fatura' and expected text 'LOGO e-Fatura' are matched 

2021-11-11 09:44:25 - [MESSAGE][INFO] - Matching actual text 'LOGO e-Fatura' with expected text 'LOGO e-Fatura'

2021-11-11 09:44:25 - [MESSAGE][PASSED] - Actual text 'LOGO e-Fatura' and expected text 'LOGO e-Fatura' are matched 

2021-11-11 09:44:25 - [TEST_STEP][PASSED] - sendKeys(findTestObject("Sayfalar/Giris_Sayfasi/Firma_Kodu"), KullaniciAdi): Keys 'ELOGO6' sent to object: 'Object Repository/Sayfalar/Giris_Sayfasi/Firma_Kodu'

2021-11-11 09:44:25 - [MESSAGE][INFO] - Finding Test Object 'Object Repository/Sayfalar/Giris_Sayfasi/Firma_Kodu'

2021-11-11 09:44:25 - [MESSAGE][INFO] - Sending keys 'ELOGO6' to object: 'Object Repository/Sayfalar/Giris_Sayfasi/Firma_Kodu'

2021-11-11 09:44:25 - [MESSAGE][INFO] - Finding web element from Test Object's properties

2021-11-11 09:44:25 - [MESSAGE][INFO] - Checking timeout

2021-11-11 09:44:25 - [MESSAGE][INFO] - Finding web element with id: 'Object Repository/Sayfalar/Giris_Sayfasi/Firma_Kodu' located by 'By.xpath: //*[@id = 'AccountName']' in '30' second(s)

2021-11-11 09:44:25 - [MESSAGE][INFO] - Smart Wait Function is triggered

2021-11-11 09:44:26 - [MESSAGE][INFO] - Found 1 web elements with id: 'Object Repository/Sayfalar/Giris_Sayfasi/Firma_Kodu' located by 'By.xpath: //*[@id = 'AccountName']' in '30' second(s)

2021-11-11 09:44:26 - [MESSAGE][PASSED] - Keys 'ELOGO6' sent to object: 'Object Repository/Sayfalar/Giris_Sayfasi/Firma_Kodu'

2021-11-11 09:44:26 - [TEST_STEP][PASSED] - sendKeys(findTestObject("Sayfalar/Giris_Sayfasi/Sifre"), Sifre): Keys '123456' sent to object: 'Object Repository/Sayfalar/Giris_Sayfasi/Sifre'

2021-11-11 09:44:26 - [MESSAGE][INFO] - Finding Test Object 'Object Repository/Sayfalar/Giris_Sayfasi/Sifre'

2021-11-11 09:44:26 - [MESSAGE][INFO] - Sending keys '123456' to object: 'Object Repository/Sayfalar/Giris_Sayfasi/Sifre'

2021-11-11 09:44:26 - [MESSAGE][INFO] - Finding web element from Test Object's properties

2021-11-11 09:44:26 - [MESSAGE][INFO] - Checking timeout

2021-11-11 09:44:26 - [MESSAGE][INFO] - Finding web element with id: 'Object Repository/Sayfalar/Giris_Sayfasi/Sifre' located by 'By.xpath: //*[@id = 'Password']' in '30' second(s)

2021-11-11 09:44:26 - [MESSAGE][INFO] - Smart Wait Function is triggered

2021-11-11 09:44:26 - [MESSAGE][INFO] - Found 1 web elements with id: 'Object Repository/Sayfalar/Giris_Sayfasi/Sifre' located by 'By.xpath: //*[@id = 'Password']' in '30' second(s)

2021-11-11 09:44:26 - [MESSAGE][PASSED] - Keys '123456' sent to object: 'Object Repository/Sayfalar/Giris_Sayfasi/Sifre'

2021-11-11 09:44:26 - [TEST_STEP][PASSED] - findWebElement(findTestObject("Sayfalar/Giris_Sayfasi/Giris_Butonu")).click(): Found 1 web elements with id: 'Object Repository/Sayfalar/Giris_Sayfasi/Giris_Butonu' located by 'By.cssSelector: #btnLogin' in '30' second(s)

2021-11-11 09:44:26 - [MESSAGE][INFO] - Finding Test Object 'Object Repository/Sayfalar/Giris_Sayfasi/Giris_Butonu'

2021-11-11 09:44:26 - [MESSAGE][INFO] - Finding web element from Test Object's properties

2021-11-11 09:44:26 - [MESSAGE][INFO] - Checking timeout

2021-11-11 09:44:26 - [MESSAGE][INFO] - Finding web element with id: 'Object Repository/Sayfalar/Giris_Sayfasi/Giris_Butonu' located by 'By.cssSelector: #btnLogin' in '30' second(s)

2021-11-11 09:44:26 - [MESSAGE][INFO] - Smart Wait Function is triggered

2021-11-11 09:44:27 - [MESSAGE][INFO] - Found 1 web elements with id: 'Object Repository/Sayfalar/Giris_Sayfasi/Giris_Butonu' located by 'By.cssSelector: #btnLogin' in '30' second(s)

2021-11-11 09:44:29 - [TEST_STEP][PASSED] - if (verifyElementPresent(findTestObject("Object Repository/Sayfalar/Giris_Sayfasi/RetveTamam_Butonu"), 5, OPTIONAL)): null

2021-11-11 09:44:29 - [MESSAGE][INFO] - Finding Test Object 'Object Repository/Sayfalar/Giris_Sayfasi/RetveTamam_Butonu'

2021-11-11 09:44:29 - [MESSAGE][INFO] - Checking object

2021-11-11 09:44:29 - [MESSAGE][INFO] - Finding web element from Test Object's properties

2021-11-11 09:44:29 - [MESSAGE][INFO] - Checking timeout

2021-11-11 09:44:29 - [MESSAGE][INFO] - Finding web element with id: 'Object Repository/Sayfalar/Giris_Sayfasi/RetveTamam_Butonu' located by 'By.xpath: //*[@class = 'btn btn-default']' in '5' second(s)

2021-11-11 09:44:29 - [MESSAGE][INFO] - Smart Wait Function is triggered

2021-11-11 09:44:29 - [MESSAGE][INFO] - Found 1 web elements with id: 'Object Repository/Sayfalar/Giris_Sayfasi/RetveTamam_Butonu' located by 'By.xpath: //*[@class = 'btn btn-default']' in '5' second(s)

2021-11-11 09:44:29 - [MESSAGE][PASSED] - Object 'Object Repository/Sayfalar/Giris_Sayfasi/RetveTamam_Butonu' is present

2021-11-11 09:44:29 - [TEST_STEP][PASSED] - click(findTestObject("Object Repository/Sayfalar/Giris_Sayfasi/RetveTamam_Butonu")): Object: 'Object Repository/Sayfalar/Giris_Sayfasi/RetveTamam_Butonu' is clicked on

2021-11-11 09:44:29 - [MESSAGE][INFO] - Finding Test Object 'Object Repository/Sayfalar/Giris_Sayfasi/RetveTamam_Butonu'

2021-11-11 09:44:29 - [MESSAGE][INFO] - Checking object

2021-11-11 09:44:29 - [MESSAGE][INFO] - Finding web element from Test Object's properties

2021-11-11 09:44:29 - [MESSAGE][INFO] - Checking timeout

2021-11-11 09:44:29 - [MESSAGE][INFO] - Finding web element with id: 'Object Repository/Sayfalar/Giris_Sayfasi/RetveTamam_Butonu' located by 'By.xpath: //*[@class = 'btn btn-default']' in '30' second(s)

2021-11-11 09:44:29 - [MESSAGE][INFO] - Smart Wait Function is triggered

2021-11-11 09:44:30 - [MESSAGE][INFO] - Found 1 web elements with id: 'Object Repository/Sayfalar/Giris_Sayfasi/RetveTamam_Butonu' located by 'By.xpath: //*[@class = 'btn btn-default']' in '30' second(s)

2021-11-11 09:44:30 - [MESSAGE][INFO] - Clicking on object: 'Object Repository/Sayfalar/Giris_Sayfasi/RetveTamam_Butonu'

2021-11-11 09:44:30 - [MESSAGE][PASSED] - Object: 'Object Repository/Sayfalar/Giris_Sayfasi/RetveTamam_Butonu' is clicked on

2021-11-11 09:44:30 - [TEST_STEP][PASSED] - click(findTestObject("Object Repository/Sayfalar/Giris_Sayfasi/RetveTamam_Butonu")): Object: 'Object Repository/Sayfalar/Giris_Sayfasi/RetveTamam_Butonu' is clicked on

2021-11-11 09:44:30 - [MESSAGE][INFO] - Finding Test Object 'Object Repository/Sayfalar/Giris_Sayfasi/RetveTamam_Butonu'

2021-11-11 09:44:30 - [MESSAGE][INFO] - Checking object

2021-11-11 09:44:30 - [MESSAGE][INFO] - Finding web element from Test Object's properties

2021-11-11 09:44:30 - [MESSAGE][INFO] - Checking timeout

2021-11-11 09:44:30 - [MESSAGE][INFO] - Finding web element with id: 'Object Repository/Sayfalar/Giris_Sayfasi/RetveTamam_Butonu' located by 'By.xpath: //*[@class = 'btn btn-default']' in '30' second(s)

2021-11-11 09:44:30 - [MESSAGE][INFO] - Smart Wait Function is triggered

2021-11-11 09:44:35 - [MESSAGE][INFO] - Found 1 web elements with id: 'Object Repository/Sayfalar/Giris_Sayfasi/RetveTamam_Butonu' located by 'By.xpath: //*[@class = 'btn btn-default']' in '30' second(s)

2021-11-11 09:44:35 - [MESSAGE][INFO] - Clicking on object: 'Object Repository/Sayfalar/Giris_Sayfasi/RetveTamam_Butonu'

2021-11-11 09:44:35 - [MESSAGE][PASSED] - Object: 'Object Repository/Sayfalar/Giris_Sayfasi/RetveTamam_Butonu' is clicked on

2021-11-11 09:44:35 - [TEST_STEP][PASSED] - if (verifyElementPresent(findTestObject("Sayfalar/Giris_Sayfasi/PopupOK"), 5, OPTIONAL)): null

2021-11-11 09:44:35 - [MESSAGE][INFO] - Finding Test Object 'Object Repository/Sayfalar/Giris_Sayfasi/PopupOK'

2021-11-11 09:44:35 - [MESSAGE][INFO] - Checking object

2021-11-11 09:44:35 - [MESSAGE][INFO] - Finding web element from Test Object's properties

2021-11-11 09:44:35 - [MESSAGE][INFO] - Checking timeout

2021-11-11 09:44:35 - [MESSAGE][INFO] - Finding web element with id: 'Object Repository/Sayfalar/Giris_Sayfasi/PopupOK' located by 'By.cssSelector: .btn.btn-success' in '5' second(s)

2021-11-11 09:44:35 - [MESSAGE][INFO] - Smart Wait Function is triggered

2021-11-11 09:44:36 - [MESSAGE][INFO] - Found 1 web elements with id: 'Object Repository/Sayfalar/Giris_Sayfasi/PopupOK' located by 'By.cssSelector: .btn.btn-success' in '5' second(s)

2021-11-11 09:44:36 - [MESSAGE][PASSED] - Object 'Object Repository/Sayfalar/Giris_Sayfasi/PopupOK' is present

2021-11-11 09:44:36 - [TEST_STEP][PASSED] - click(findTestObject("Object Repository/Sayfalar/Giris_Sayfasi/PopupCarpiGiris")): Object: 'Object Repository/Sayfalar/Giris_Sayfasi/PopupCarpiGiris' is clicked on

2021-11-11 09:44:36 - [MESSAGE][INFO] - Finding Test Object 'Object Repository/Sayfalar/Giris_Sayfasi/PopupCarpiGiris'

2021-11-11 09:44:36 - [MESSAGE][INFO] - Checking object

2021-11-11 09:44:36 - [MESSAGE][INFO] - Finding web element from Test Object's properties

2021-11-11 09:44:36 - [MESSAGE][INFO] - Checking timeout

2021-11-11 09:44:36 - [MESSAGE][INFO] - Finding web element with id: 'Object Repository/Sayfalar/Giris_Sayfasi/PopupCarpiGiris' located by 'By.cssSelector: .bootbox-close-button.close' in '30' second(s)

2021-11-11 09:44:36 - [MESSAGE][INFO] - Smart Wait Function is triggered

2021-11-11 09:44:36 - [MESSAGE][INFO] - Found 1 web elements with id: 'Object Repository/Sayfalar/Giris_Sayfasi/PopupCarpiGiris' located by 'By.cssSelector: .bootbox-close-button.close' in '30' second(s)

2021-11-11 09:44:36 - [MESSAGE][INFO] - Clicking on object: 'Object Repository/Sayfalar/Giris_Sayfasi/PopupCarpiGiris'

2021-11-11 09:44:37 - [MESSAGE][PASSED] - Object: 'Object Repository/Sayfalar/Giris_Sayfasi/PopupCarpiGiris' is clicked on

2021-11-11 09:44:37 - [TEST_STEP][PASSED] - verifyElementVisible(findTestObject("Object Repository/Kullanici_Islemleri/KullaniciIslemleri")): Object 'Object Repository/Kullanici_Islemleri/KullaniciIslemleri' is visible

2021-11-11 09:44:37 - [MESSAGE][INFO] - Finding Test Object 'Object Repository/Kullanici_Islemleri/KullaniciIslemleri'

2021-11-11 09:44:37 - [MESSAGE][INFO] - Checking object

2021-11-11 09:44:37 - [MESSAGE][INFO] - Finding web element from Test Object's properties

2021-11-11 09:44:37 - [MESSAGE][INFO] - Checking timeout

2021-11-11 09:44:37 - [MESSAGE][INFO] - Finding web element with id: 'Object Repository/Kullanici_Islemleri/KullaniciIslemleri' located by 'By.cssSelector: .dropdown>a>img' in '30' second(s)

2021-11-11 09:44:37 - [MESSAGE][INFO] - Smart Wait Function is triggered

2021-11-11 09:44:37 - [MESSAGE][INFO] - Found 1 web elements with id: 'Object Repository/Kullanici_Islemleri/KullaniciIslemleri' located by 'By.cssSelector: .dropdown>a>img' in '30' second(s)

2021-11-11 09:44:37 - [MESSAGE][PASSED] - Object 'Object Repository/Kullanici_Islemleri/KullaniciIslemleri' is visible

2021-11-11 09:44:37 - [MESSAGE][PASSED] - Call Test Case 'Test Cases/Sayfalar/Giris_Sayfasi/Login' successfully

2021-11-11 09:44:37 - [MESSAGE][INFO] - Checking called Test Case

2021-11-11 09:44:37 - [MESSAGE][INFO] - Starting to call Test Case 'Test Cases/Menu/AnaMenuSecimi'

2021-11-11 09:44:37 - [TEST_CASE][PASSED] - Test Cases/Menu/AnaMenuSecimi: Test Cases/Menu/AnaMenuSecimi

2021-11-11 09:44:37 - [TEST_STEP][PASSED] - Method.TextDegerineEsitElementeTikla(findTestObject("Menu/Ana_Menu"), Ana_Menu): Method.TextDegerineEsitElementeTikla is PASSED

2021-11-11 09:44:37 - [MESSAGE][INFO] - Finding Test Object 'Object Repository/Menu/Ana_Menu'

2021-11-11 09:44:38 - [MESSAGE][INFO] - Checking timeout

2021-11-11 09:44:38 - [MESSAGE][INFO] - Finding web element with id: 'Object Repository/Menu/Ana_Menu' located by 'By.xpath: //*[@class = 'dropdown-toggle']' in '10' second(s)

2021-11-11 09:44:38 - [MESSAGE][INFO] - Smart Wait Function is triggered

2021-11-11 09:44:38 - [MESSAGE][INFO] - Found 14 web elements with id: 'Object Repository/Menu/Ana_Menu' located by 'By.xpath: //*[@class = 'dropdown-toggle']' in '10' second(s)

2021-11-11 09:44:38 - [MESSAGE][PASSED] - Method.TextDegerineEsitElementeTikla is PASSED

2021-11-11 09:44:38 - [MESSAGE][PASSED] - Call Test Case 'Test Cases/Menu/AnaMenuSecimi' successfully

2021-11-11 09:44:38 - [MESSAGE][INFO] - Checking called Test Case

2021-11-11 09:44:38 - [MESSAGE][INFO] - Starting to call Test Case 'Test Cases/Menu/BasligaGoreAltMenuSecimi'

2021-11-11 09:44:38 - [TEST_CASE][PASSED] - Test Cases/Menu/BasligaGoreAltMenuSecimi: Test Cases/Menu/BasligaGoreAltMenuSecimi

2021-11-11 09:44:38 - [TEST_STEP][PASSED] - Method.TextDegerineEsitElementinAltindakiTextDegerineEsitOlanaTikla(findTestObject("Menu/Menu_Basligi"), findTestObject("Menu/Basliga_Gore_Alt_Menu"), Baslik, Alt_Menu): Method.TextDegerineEsitElementinAltindakiTextDegerineEsitOlanaTikla is PASSED

2021-11-11 09:44:38 - [MESSAGE][INFO] - Finding Test Object 'Object Repository/Menu/Menu_Basligi'

2021-11-11 09:44:38 - [MESSAGE][INFO] - Finding Test Object 'Object Repository/Menu/Basliga_Gore_Alt_Menu'

2021-11-11 09:44:38 - [MESSAGE][INFO] - Checking timeout

2021-11-11 09:44:38 - [MESSAGE][INFO] - Finding web element with id: 'Object Repository/Menu/Menu_Basligi' located by 'By.xpath: //li[@class='dropdown dropdown-large open']//li[@class='dropdown-header']' in '10' second(s)

2021-11-11 09:44:38 - [MESSAGE][INFO] - Smart Wait Function is triggered

2021-11-11 09:44:38 - [MESSAGE][INFO] - Found 2 web elements with id: 'Object Repository/Menu/Menu_Basligi' located by 'By.xpath: //li[@class='dropdown dropdown-large open']//li[@class='dropdown-header']' in '10' second(s)

2021-11-11 09:44:38 - [MESSAGE][INFO] - Smart Wait Function is triggered

2021-11-11 09:44:41 - [MESSAGE][PASSED] - Method.TextDegerineEsitElementinAltindakiTextDegerineEsitOlanaTikla is PASSED

2021-11-11 09:44:41 - [MESSAGE][PASSED] - Call Test Case 'Test Cases/Menu/BasligaGoreAltMenuSecimi' successfully

2021-11-11 09:44:41 - [MESSAGE][INFO] - Checking called Test Case

2021-11-11 09:44:41 - [MESSAGE][INFO] - Starting to call Test Case 'Test Cases/Filtreler/BaslangicYaz'

2021-11-11 09:44:41 - [TEST_CASE][PASSED] - Test Cases/Filtreler/BaslangicYaz: Test Cases/Filtreler/BaslangicYaz

2021-11-11 09:44:41 - [TEST_STEP][PASSED] - Method.TextDegerineEsitElementinAltindakineTikla(findTestObject("Filtreler/Basliklar"), findTestObject("Filtreler/Basliga_Gore_Baslangic_Image"), Filtre_Adi): Method.TextDegerineEsitElementinAltindakineTikla is PASSED

2021-11-11 09:44:41 - [MESSAGE][INFO] - Finding Test Object 'Object Repository/Filtreler/Basliklar'

2021-11-11 09:44:41 - [MESSAGE][INFO] - Finding Test Object 'Object Repository/Filtreler/Basliga_Gore_Baslangic_Image'

2021-11-11 09:44:41 - [MESSAGE][INFO] - Checking timeout

2021-11-11 09:44:41 - [MESSAGE][INFO] - Finding web element with id: 'Object Repository/Filtreler/Basliklar' located by 'By.cssSelector: .control-label.col-sm-4.paddingMarginRLC' in '10' second(s)

2021-11-11 09:44:41 - [MESSAGE][INFO] - Smart Wait Function is triggered

2021-11-11 09:44:41 - [MESSAGE][INFO] - Found 14 web elements with id: 'Object Repository/Filtreler/Basliklar' located by 'By.cssSelector: .control-label.col-sm-4.paddingMarginRLC' in '10' second(s)

2021-11-11 09:44:41 - [MESSAGE][INFO] - Smart Wait Function is triggered

2021-11-11 09:44:41 - [MESSAGE][PASSED] - Method.TextDegerineEsitElementinAltindakineTikla is PASSED

2021-11-11 09:44:41 - [TEST_STEP][PASSED] - Method.TextDegerineEsitElementinAltindakiTextboxtaYaz(findTestObject("Filtreler/Basliklar"), findTestObject("Filtreler/Basliga_Gore_Baslangic"), Filtre_Adi, Filtre_Degeri): Method.TextDegerineEsitElementinAltindakiTextboxtaYaz is PASSED

2021-11-11 09:44:41 - [MESSAGE][INFO] - Finding Test Object 'Object Repository/Filtreler/Basliklar'

2021-11-11 09:44:42 - [MESSAGE][INFO] - Finding Test Object 'Object Repository/Filtreler/Basliga_Gore_Baslangic'

2021-11-11 09:44:42 - [MESSAGE][INFO] - Checking timeout

2021-11-11 09:44:42 - [MESSAGE][INFO] - Finding web element with id: 'Object Repository/Filtreler/Basliklar' located by 'By.cssSelector: .control-label.col-sm-4.paddingMarginRLC' in '10' second(s)

2021-11-11 09:44:42 - [MESSAGE][INFO] - Smart Wait Function is triggered

2021-11-11 09:44:42 - [MESSAGE][INFO] - Found 14 web elements with id: 'Object Repository/Filtreler/Basliklar' located by 'By.cssSelector: .control-label.col-sm-4.paddingMarginRLC' in '10' second(s)

2021-11-11 09:44:42 - [MESSAGE][INFO] - Smart Wait Function is triggered

2021-11-11 09:44:42 - [MESSAGE][PASSED] - Method.TextDegerineEsitElementinAltindakiTextboxtaYaz is PASSED

2021-11-11 09:44:42 - [MESSAGE][PASSED] - Call Test Case 'Test Cases/Filtreler/BaslangicYaz' successfully

2021-11-11 09:44:42 - [MESSAGE][INFO] - Checking called Test Case

2021-11-11 09:44:42 - [MESSAGE][INFO] - Starting to call Test Case 'Test Cases/Filtreler/BitisYaz'

2021-11-11 09:44:42 - [TEST_CASE][PASSED] - Test Cases/Filtreler/BitisYaz: Test Cases/Filtreler/BitisYaz

2021-11-11 09:44:42 - [TEST_STEP][PASSED] - Method.TextDegerineEsitElementinAltindakineTikla(findTestObject("Filtreler/Basliklar"), findTestObject("Filtreler/Basliga_Gore_Bitis_Image"), Filtre_Adi): Method.TextDegerineEsitElementinAltindakineTikla is PASSED

2021-11-11 09:44:42 - [MESSAGE][INFO] - Finding Test Object 'Object Repository/Filtreler/Basliklar'

2021-11-11 09:44:43 - [MESSAGE][INFO] - Finding Test Object 'Object Repository/Filtreler/Basliga_Gore_Bitis_Image'

2021-11-11 09:44:43 - [MESSAGE][INFO] - Checking timeout

2021-11-11 09:44:43 - [MESSAGE][INFO] - Finding web element with id: 'Object Repository/Filtreler/Basliklar' located by 'By.cssSelector: .control-label.col-sm-4.paddingMarginRLC' in '10' second(s)

2021-11-11 09:44:43 - [MESSAGE][INFO] - Smart Wait Function is triggered

2021-11-11 09:44:43 - [MESSAGE][INFO] - Found 14 web elements with id: 'Object Repository/Filtreler/Basliklar' located by 'By.cssSelector: .control-label.col-sm-4.paddingMarginRLC' in '10' second(s)

2021-11-11 09:44:43 - [MESSAGE][INFO] - Smart Wait Function is triggered

2021-11-11 09:44:43 - [MESSAGE][PASSED] - Method.TextDegerineEsitElementinAltindakineTikla is PASSED

2021-11-11 09:44:43 - [TEST_STEP][PASSED] - Method.TextDegerineEsitElementinAltindakiTextboxtaYaz(findTestObject("Filtreler/Basliklar"), findTestObject("Object Repository/Filtreler/Basliga_Gore_Bitis"), Filtre_Adi, Filtre_Degeri): Method.TextDegerineEsitElementinAltindakiTextboxtaYaz is PASSED

2021-11-11 09:44:43 - [MESSAGE][INFO] - Finding Test Object 'Object Repository/Filtreler/Basliklar'

2021-11-11 09:44:43 - [MESSAGE][INFO] - Finding Test Object 'Object Repository/Filtreler/Basliga_Gore_Bitis'

2021-11-11 09:44:43 - [MESSAGE][INFO] - Checking timeout

2021-11-11 09:44:43 - [MESSAGE][INFO] - Finding web element with id: 'Object Repository/Filtreler/Basliklar' located by 'By.cssSelector: .control-label.col-sm-4.paddingMarginRLC' in '10' second(s)

2021-11-11 09:44:43 - [MESSAGE][INFO] - Smart Wait Function is triggered

2021-11-11 09:44:44 - [MESSAGE][INFO] - Found 14 web elements with id: 'Object Repository/Filtreler/Basliklar' located by 'By.cssSelector: .control-label.col-sm-4.paddingMarginRLC' in '10' second(s)

2021-11-11 09:44:44 - [MESSAGE][INFO] - Smart Wait Function is triggered

2021-11-11 09:44:44 - [MESSAGE][PASSED] - Method.TextDegerineEsitElementinAltindakiTextboxtaYaz is PASSED

2021-11-11 09:44:44 - [MESSAGE][PASSED] - Call Test Case 'Test Cases/Filtreler/BitisYaz' successfully

2021-11-11 09:44:44 - [MESSAGE][INFO] - Checking called Test Case

2021-11-11 09:44:44 - [MESSAGE][INFO] - Starting to call Test Case 'Test Cases/Filtreler/TexboxaYaz'

2021-11-11 09:44:44 - [TEST_CASE][PASSED] - Test Cases/Filtreler/TexboxaYaz: Test Cases/Filtreler/TexboxaYaz

2021-11-11 09:44:44 - [TEST_STEP][PASSED] - Method.TextDegerineEsitElementinAltindakiTextboxtaYaz(findTestObject("Filtreler/Basliklar"), findTestObject("Filtreler/Basliga_Gore_Textbox"), Filtre_Adi, Filtre_Degeri): Method.TextDegerineEsitElementinAltindakiTextboxtaYaz is PASSED

2021-11-11 09:44:44 - [MESSAGE][INFO] - Finding Test Object 'Object Repository/Filtreler/Basliklar'

2021-11-11 09:44:44 - [MESSAGE][INFO] - Finding Test Object 'Object Repository/Filtreler/Basliga_Gore_Textbox'

2021-11-11 09:44:44 - [MESSAGE][INFO] - Checking timeout

2021-11-11 09:44:44 - [MESSAGE][INFO] - Finding web element with id: 'Object Repository/Filtreler/Basliklar' located by 'By.cssSelector: .control-label.col-sm-4.paddingMarginRLC' in '10' second(s)

2021-11-11 09:44:44 - [MESSAGE][INFO] - Smart Wait Function is triggered

2021-11-11 09:44:45 - [MESSAGE][INFO] - Found 14 web elements with id: 'Object Repository/Filtreler/Basliklar' located by 'By.cssSelector: .control-label.col-sm-4.paddingMarginRLC' in '10' second(s)

2021-11-11 09:44:45 - [MESSAGE][INFO] - Smart Wait Function is triggered

2021-11-11 09:44:45 - [MESSAGE][PASSED] - Method.TextDegerineEsitElementinAltindakiTextboxtaYaz is PASSED

2021-11-11 09:44:45 - [MESSAGE][PASSED] - Call Test Case 'Test Cases/Filtreler/TexboxaYaz' successfully

2021-11-11 09:44:45 - [MESSAGE][INFO] - Checking called Test Case

2021-11-11 09:44:45 - [MESSAGE][INFO] - Starting to call Test Case 'Test Cases/Filtreler/ButonaTikla'

2021-11-11 09:44:45 - [TEST_CASE][PASSED] - Test Cases/Filtreler/ButonaTikla: Test Cases/Filtreler/ButonaTikla

2021-11-11 09:44:45 - [TEST_STEP][PASSED] - Method.TextDegerineEsitElementeTikla(findTestObject("Filtreler/Butonlar"), Filtre_Buton): Method.TextDegerineEsitElementeTikla is PASSED

2021-11-11 09:44:45 - [MESSAGE][INFO] - Finding Test Object 'Object Repository/Filtreler/Butonlar'

2021-11-11 09:44:45 - [MESSAGE][INFO] - Checking timeout

2021-11-11 09:44:45 - [MESSAGE][INFO] - Finding web element with id: 'Object Repository/Filtreler/Butonlar' located by 'By.cssSelector: .dxb>span' in '10' second(s)

2021-11-11 09:44:45 - [MESSAGE][INFO] - Smart Wait Function is triggered

2021-11-11 09:44:46 - [MESSAGE][INFO] - Found 3 web elements with id: 'Object Repository/Filtreler/Butonlar' located by 'By.cssSelector: .dxb>span' in '10' second(s)

2021-11-11 09:44:46 - [MESSAGE][PASSED] - Method.TextDegerineEsitElementeTikla is PASSED

2021-11-11 09:44:46 - [MESSAGE][PASSED] - Call Test Case 'Test Cases/Filtreler/ButonaTikla' successfully

2021-11-11 09:44:46 - [MESSAGE][INFO] - Checking called Test Case

2021-11-11 09:44:46 - [MESSAGE][INFO] - Starting to call Test Case 'Test Cases/Tablo/TablodaVeriVarMi'

2021-11-11 09:44:46 - [TEST_CASE][PASSED] - Test Cases/Tablo/TablodaVeriVarMi: Test Cases/Tablo/TablodaVeriVarMi

2021-11-11 09:44:46 - [TEST_STEP][PASSED] - verifyTextNotPresent("Görüntülenecek veri yok", true): Text 'Görüntülenecek veri yok' is not present on page using regular expression

2021-11-11 09:44:46 - [MESSAGE][INFO] - Checking text present  using regular expression

2021-11-11 09:44:46 - [MESSAGE][INFO] - Smart Wait Function is triggered

2021-11-11 09:44:48 - [MESSAGE][INFO] - Finding text 'Görüntülenecek veri yok' on page  using regular expression

2021-11-11 09:44:48 - [MESSAGE][PASSED] - Text 'Görüntülenecek veri yok' is not present on page using regular expression

2021-11-11 09:44:48 - [MESSAGE][PASSED] - Call Test Case 'Test Cases/Tablo/TablodaVeriVarMi' successfully

2021-11-11 09:44:48 - [MESSAGE][INFO] - Checking called Test Case

2021-11-11 09:44:48 - [MESSAGE][INFO] - Starting to call Test Case 'Test Cases/Tablo/TablodanVeriSec'

2021-11-11 09:44:48 - [TEST_CASE][PASSED] - Test Cases/Tablo/TablodanVeriSec: Test Cases/Tablo/TablodanVeriSec

2021-11-11 09:44:48 - [TEST_STEP][PASSED] - Method.TextDegerineEsitElementinAltindakineTikla(findTestObject("Tablo/Veriler"), findTestObject("Tablo/VerininCheckBoxi"), Veri_Adi): Method.TextDegerineEsitElementinAltindakineTikla is PASSED

2021-11-11 09:44:48 - [MESSAGE][INFO] - Finding Test Object 'Object Repository/Tablo/Veriler'

2021-11-11 09:44:48 - [MESSAGE][INFO] - Finding Test Object 'Object Repository/Tablo/VerininCheckBoxi'

2021-11-11 09:44:48 - [MESSAGE][INFO] - Checking timeout

2021-11-11 09:44:48 - [MESSAGE][INFO] - Finding web element with id: 'Object Repository/Tablo/Veriler' located by 'By.cssSelector: td.dxgv b ,td.dxgv' in '10' second(s)

2021-11-11 09:44:48 - [MESSAGE][INFO] - Smart Wait Function is triggered

2021-11-11 09:44:48 - [MESSAGE][INFO] - Found 13 web elements with id: 'Object Repository/Tablo/Veriler' located by 'By.cssSelector: td.dxgv b ,td.dxgv' in '10' second(s)

2021-11-11 09:44:48 - [MESSAGE][INFO] - Smart Wait Function is triggered

2021-11-11 09:44:49 - [MESSAGE][PASSED] - Method.TextDegerineEsitElementinAltindakineTikla is PASSED

2021-11-11 09:44:49 - [MESSAGE][PASSED] - Call Test Case 'Test Cases/Tablo/TablodanVeriSec' successfully

2021-11-11 09:44:49 - [MESSAGE][INFO] - Checking called Test Case

2021-11-11 09:44:49 - [MESSAGE][INFO] - Starting to call Test Case 'Test Cases/Butonlar/ButonaTikla'

2021-11-11 09:44:49 - [TEST_CASE][PASSED] - Test Cases/Butonlar/ButonaTikla: Test Cases/Butonlar/ButonaTikla

2021-11-11 09:44:49 - [TEST_STEP][PASSED] - Method.TextDegerineEsitElementeTiklaEquals(findTestObject("Butonlar/Butonlar"), Buton_Adi): Method.TextDegerineEsitElementeTiklaEquals is PASSED

2021-11-11 09:44:49 - [MESSAGE][INFO] - Finding Test Object 'Object Repository/Butonlar/Butonlar'

2021-11-11 09:44:49 - [MESSAGE][INFO] - Checking timeout

2021-11-11 09:44:49 - [MESSAGE][INFO] - Finding web element with id: 'Object Repository/Butonlar/Butonlar' located by 'By.cssSelector: .panel.panel-default.text-center.footerPanel .btn,.btn.btn-primary.btnControls' in '10' second(s)

2021-11-11 09:44:49 - [MESSAGE][INFO] - Smart Wait Function is triggered

2021-11-11 09:44:49 - [MESSAGE][INFO] - Found 13 web elements with id: 'Object Repository/Butonlar/Butonlar' located by 'By.cssSelector: .panel.panel-default.text-center.footerPanel .btn,.btn.btn-primary.btnControls' in '10' second(s)

2021-11-11 09:44:49 - [MESSAGE][PASSED] - Method.TextDegerineEsitElementeTiklaEquals is PASSED

2021-11-11 09:44:49 - [MESSAGE][PASSED] - Call Test Case 'Test Cases/Butonlar/ButonaTikla' successfully

2021-11-11 09:44:49 - [MESSAGE][INFO] - Checking called Test Case

2021-11-11 09:44:49 - [MESSAGE][INFO] - Starting to call Test Case 'Test Cases/Butonlar/AltButonaTikla'

2021-11-11 09:44:49 - [TEST_CASE][PASSED] - Test Cases/Butonlar/AltButonaTikla: Test Cases/Butonlar/AltButonaTikla

2021-11-11 09:44:49 - [TEST_STEP][PASSED] - Method.TextDegerineEsitElementeTikla(findTestObject("Butonlar/AltButonlar"), Alt_Buton): Method.TextDegerineEsitElementeTikla is PASSED

2021-11-11 09:44:49 - [MESSAGE][INFO] - Finding Test Object 'Object Repository/Butonlar/AltButonlar'

2021-11-11 09:44:49 - [MESSAGE][INFO] - Checking timeout

2021-11-11 09:44:49 - [MESSAGE][INFO] - Finding web element with id: 'Object Repository/Butonlar/AltButonlar' located by 'By.cssSelector: .btn-group.open li>a' in '10' second(s)

2021-11-11 09:44:49 - [MESSAGE][INFO] - Smart Wait Function is triggered

2021-11-11 09:44:50 - [MESSAGE][INFO] - Found 2 web elements with id: 'Object Repository/Butonlar/AltButonlar' located by 'By.cssSelector: .btn-group.open li>a' in '10' second(s)

2021-11-11 09:44:50 - [MESSAGE][PASSED] - Method.TextDegerineEsitElementeTikla is PASSED

2021-11-11 09:44:50 - [MESSAGE][PASSED] - Call Test Case 'Test Cases/Butonlar/AltButonaTikla' successfully

2021-11-11 09:44:50 - [MESSAGE][INFO] - Checking called Test Case

2021-11-11 09:44:50 - [MESSAGE][INFO] - Starting to call Test Case 'Test Cases/Popup/PopupMesajiIceriyorMu'

2021-11-11 09:44:50 - [TEST_CASE][PASSED] - Test Cases/Popup/PopupMesajiIceriyorMu: Test Cases/Popup/PopupMesajiIceriyorMu

2021-11-11 09:44:50 - [TEST_STEP][PASSED] - waitForElementVisible(findTestObject("Popup/Popup"), 10): Object 'Object Repository/Popup/Popup' is visible

2021-11-11 09:44:50 - [MESSAGE][INFO] - Finding Test Object 'Object Repository/Popup/Popup'

2021-11-11 09:44:50 - [MESSAGE][INFO] - Checking object

2021-11-11 09:44:50 - [MESSAGE][INFO] - Checking timeout

2021-11-11 09:44:50 - [MESSAGE][INFO] - Finding web element from Test Object's properties

2021-11-11 09:44:50 - [MESSAGE][INFO] - Checking timeout

2021-11-11 09:44:50 - [MESSAGE][INFO] - Finding web element with id: 'Object Repository/Popup/Popup' located by 'By.cssSelector: .bootbox-body' in '10' second(s)

2021-11-11 09:44:50 - [MESSAGE][INFO] - Smart Wait Function is triggered

2021-11-11 09:44:51 - [MESSAGE][INFO] - Found 1 web elements with id: 'Object Repository/Popup/Popup' located by 'By.cssSelector: .bootbox-body' in '10' second(s)

2021-11-11 09:44:51 - [MESSAGE][PASSED] - Object 'Object Repository/Popup/Popup' is visible

2021-11-11 09:44:51 - [TEST_STEP][PASSED] - if (!(getText(findTestObject("Popup/Popup")).contains(Mesaj))): Text of object 'Object Repository/Popup/Popup' is: 'Lütfen rapor bildiriminin gönderileceği e-posta adresini belirtiniz.
e-Posta Adresi'

2021-11-11 09:44:51 - [MESSAGE][INFO] - Finding Test Object 'Object Repository/Popup/Popup'

2021-11-11 09:44:51 - [MESSAGE][INFO] - Checking object

2021-11-11 09:44:51 - [MESSAGE][INFO] - Finding web element from Test Object's properties

2021-11-11 09:44:51 - [MESSAGE][INFO] - Checking timeout

2021-11-11 09:44:51 - [MESSAGE][INFO] - Finding web element with id: 'Object Repository/Popup/Popup' located by 'By.cssSelector: .bootbox-body' in '30' second(s)

2021-11-11 09:44:51 - [MESSAGE][INFO] - Smart Wait Function is triggered

2021-11-11 09:44:51 - [MESSAGE][INFO] - Found 1 web elements with id: 'Object Repository/Popup/Popup' located by 'By.cssSelector: .bootbox-body' in '30' second(s)

2021-11-11 09:44:51 - [MESSAGE][INFO] - Getting text of object 'Object Repository/Popup/Popup'

2021-11-11 09:44:51 - [MESSAGE][PASSED] - Text of object 'Object Repository/Popup/Popup' is: 'Lütfen rapor bildiriminin gönderileceği e-posta adresini belirtiniz.
e-Posta Adresi'

2021-11-11 09:44:51 - [TEST_STEP][PASSED] - RaporNo = getText(findTestObject("Popup/Popup")).substring(0, 6): Text of object 'Object Repository/Popup/Popup' is: 'Lütfen rapor bildiriminin gönderileceği e-posta adresini belirtiniz.
e-Posta Adresi'

2021-11-11 09:44:51 - [MESSAGE][INFO] - Finding Test Object 'Object Repository/Popup/Popup'

2021-11-11 09:44:51 - [MESSAGE][INFO] - Checking object

2021-11-11 09:44:51 - [MESSAGE][INFO] - Finding web element from Test Object's properties

2021-11-11 09:44:51 - [MESSAGE][INFO] - Checking timeout

2021-11-11 09:44:51 - [MESSAGE][INFO] - Finding web element with id: 'Object Repository/Popup/Popup' located by 'By.cssSelector: .bootbox-body' in '30' second(s)

2021-11-11 09:44:51 - [MESSAGE][INFO] - Smart Wait Function is triggered

2021-11-11 09:44:51 - [MESSAGE][INFO] - Found 1 web elements with id: 'Object Repository/Popup/Popup' located by 'By.cssSelector: .bootbox-body' in '30' second(s)

2021-11-11 09:44:51 - [MESSAGE][INFO] - Getting text of object 'Object Repository/Popup/Popup'

2021-11-11 09:44:51 - [MESSAGE][PASSED] - Text of object 'Object Repository/Popup/Popup' is: 'Lütfen rapor bildiriminin gönderileceği e-posta adresini belirtiniz.
e-Posta Adresi'

2021-11-11 09:44:51 - [TEST_STEP][PASSED] - Console.println(RaporNo): null

2021-11-11 09:44:51 - [MESSAGE][PASSED] - Call Test Case 'Test Cases/Popup/PopupMesajiIceriyorMu' successfully

2021-11-11 09:44:51 - [MESSAGE][INFO] - Checking called Test Case

2021-11-11 09:44:51 - [MESSAGE][INFO] - Starting to call Test Case 'Test Cases/Popup/PopupaEmailEklenir'

2021-11-11 09:44:52 - [TEST_CASE][PASSED] - Test Cases/Popup/PopupaEmailEklenir: Test Cases/Popup/PopupaEmailEklenir

2021-11-11 09:44:52 - [TEST_STEP][PASSED] - clearText(findTestObject("Popup/EmailText")): Text of object 'Object Repository/Popup/EmailText' is cleared

2021-11-11 09:44:52 - [MESSAGE][INFO] - Finding Test Object 'Object Repository/Popup/EmailText'

2021-11-11 09:44:52 - [MESSAGE][INFO] - Checking object

2021-11-11 09:44:52 - [MESSAGE][INFO] - Finding web element from Test Object's properties

2021-11-11 09:44:52 - [MESSAGE][INFO] - Checking timeout

2021-11-11 09:44:52 - [MESSAGE][INFO] - Finding web element with id: 'Object Repository/Popup/EmailText' located by 'By.xpath: //*[@id="eMails"]' in '30' second(s)

2021-11-11 09:44:52 - [MESSAGE][INFO] - Smart Wait Function is triggered

2021-11-11 09:44:52 - [MESSAGE][INFO] - Found 1 web elements with id: 'Object Repository/Popup/EmailText' located by 'By.xpath: //*[@id="eMails"]' in '30' second(s)

2021-11-11 09:44:52 - [MESSAGE][INFO] - Clearing text of object 'Object Repository/Popup/EmailText'

2021-11-11 09:44:52 - [MESSAGE][PASSED] - Text of object 'Object Repository/Popup/EmailText' is cleared

2021-11-11 09:44:52 - [TEST_STEP][PASSED] - sendKeys(findTestObject("Popup/EmailText"), Email): Keys 'elogotest@gmail.com;ali.kara@logo.com.tr' sent to object: 'Object Repository/Popup/EmailText'

2021-11-11 09:44:52 - [MESSAGE][INFO] - Finding Test Object 'Object Repository/Popup/EmailText'

2021-11-11 09:44:52 - [MESSAGE][INFO] - Sending keys 'elogotest@gmail.com;ali.kara@logo.com.tr' to object: 'Object Repository/Popup/EmailText'

2021-11-11 09:44:52 - [MESSAGE][INFO] - Finding web element from Test Object's properties

2021-11-11 09:44:52 - [MESSAGE][INFO] - Checking timeout

2021-11-11 09:44:52 - [MESSAGE][INFO] - Finding web element with id: 'Object Repository/Popup/EmailText' located by 'By.xpath: //*[@id="eMails"]' in '30' second(s)

2021-11-11 09:44:52 - [MESSAGE][INFO] - Smart Wait Function is triggered

2021-11-11 09:44:52 - [MESSAGE][INFO] - Found 1 web elements with id: 'Object Repository/Popup/EmailText' located by 'By.xpath: //*[@id="eMails"]' in '30' second(s)

2021-11-11 09:44:52 - [MESSAGE][PASSED] - Keys 'elogotest@gmail.com;ali.kara@logo.com.tr' sent to object: 'Object Repository/Popup/EmailText'

2021-11-11 09:44:52 - [MESSAGE][PASSED] - Call Test Case 'Test Cases/Popup/PopupaEmailEklenir' successfully

2021-11-11 09:44:52 - [MESSAGE][INFO] - Checking called Test Case

2021-11-11 09:44:52 - [MESSAGE][INFO] - Starting to call Test Case 'Test Cases/Popup/PopupButonSecilir'

2021-11-11 09:44:52 - [TEST_CASE][PASSED] - Test Cases/Popup/PopupButonSecilir: Test Cases/Popup/PopupButonSecilir

2021-11-11 09:44:52 - [TEST_STEP][PASSED] - Method.TextDegerineEsitElementeTikla(findTestObject("Popup/Popup_Butons"), Buton): Method.TextDegerineEsitElementeTikla is PASSED

2021-11-11 09:44:52 - [MESSAGE][INFO] - Finding Test Object 'Object Repository/Popup/Popup_Butons'

2021-11-11 09:44:52 - [MESSAGE][INFO] - Checking timeout

2021-11-11 09:44:52 - [MESSAGE][INFO] - Finding web element with id: 'Object Repository/Popup/Popup_Butons' located by 'By.cssSelector: .modal-footer>button' in '10' second(s)

2021-11-11 09:44:52 - [MESSAGE][INFO] - Smart Wait Function is triggered

2021-11-11 09:44:53 - [MESSAGE][INFO] - Found 2 web elements with id: 'Object Repository/Popup/Popup_Butons' located by 'By.cssSelector: .modal-footer>button' in '10' second(s)

2021-11-11 09:44:53 - [MESSAGE][PASSED] - Method.TextDegerineEsitElementeTikla is PASSED

2021-11-11 09:44:53 - [MESSAGE][PASSED] - Call Test Case 'Test Cases/Popup/PopupButonSecilir' successfully

2021-11-11 09:44:53 - [MESSAGE][INFO] - Checking called Test Case

2021-11-11 09:44:53 - [MESSAGE][INFO] - Starting to call Test Case 'Test Cases/Popup/PopupMesajiIceriyorMu'

2021-11-11 09:44:53 - [TEST_CASE][PASSED] - Test Cases/Popup/PopupMesajiIceriyorMu: Test Cases/Popup/PopupMesajiIceriyorMu

2021-11-11 09:44:53 - [TEST_STEP][PASSED] - waitForElementVisible(findTestObject("Popup/Popup"), 10): Object 'Object Repository/Popup/Popup' is visible

2021-11-11 09:44:53 - [MESSAGE][INFO] - Finding Test Object 'Object Repository/Popup/Popup'

2021-11-11 09:44:53 - [MESSAGE][INFO] - Checking object

2021-11-11 09:44:53 - [MESSAGE][INFO] - Checking timeout

2021-11-11 09:44:53 - [MESSAGE][INFO] - Finding web element from Test Object's properties

2021-11-11 09:44:53 - [MESSAGE][INFO] - Checking timeout

2021-11-11 09:44:53 - [MESSAGE][INFO] - Finding web element with id: 'Object Repository/Popup/Popup' located by 'By.cssSelector: .bootbox-body' in '10' second(s)

2021-11-11 09:44:53 - [MESSAGE][INFO] - Smart Wait Function is triggered

2021-11-11 09:44:54 - [MESSAGE][INFO] - Found 1 web elements with id: 'Object Repository/Popup/Popup' located by 'By.cssSelector: .bootbox-body' in '10' second(s)

2021-11-11 09:44:54 - [MESSAGE][PASSED] - Object 'Object Repository/Popup/Popup' is visible

2021-11-11 09:44:54 - [TEST_STEP][PASSED] - if (!(getText(findTestObject("Popup/Popup")).contains(Mesaj))): Text of object 'Object Repository/Popup/Popup' is: '16275 no’lu talebiniz işleme alınmıştır. Raporunuz hazırlandığında (elogotest@gmail.com;ali.kara@logo.com.tr) adresinize mail gönderilecektir.
Rapor durumunuzu Raporlar > Toplu Veri İndirme ekranından takip edebilir, hazırlandı durumundaki raporlarınızı ilgili menüden indirebilirsiniz.'

2021-11-11 09:44:54 - [MESSAGE][INFO] - Finding Test Object 'Object Repository/Popup/Popup'

2021-11-11 09:44:54 - [MESSAGE][INFO] - Checking object

2021-11-11 09:44:54 - [MESSAGE][INFO] - Finding web element from Test Object's properties

2021-11-11 09:44:54 - [MESSAGE][INFO] - Checking timeout

2021-11-11 09:44:54 - [MESSAGE][INFO] - Finding web element with id: 'Object Repository/Popup/Popup' located by 'By.cssSelector: .bootbox-body' in '30' second(s)

2021-11-11 09:44:54 - [MESSAGE][INFO] - Smart Wait Function is triggered

2021-11-11 09:44:54 - [MESSAGE][INFO] - Found 1 web elements with id: 'Object Repository/Popup/Popup' located by 'By.cssSelector: .bootbox-body' in '30' second(s)

2021-11-11 09:44:54 - [MESSAGE][INFO] - Getting text of object 'Object Repository/Popup/Popup'

2021-11-11 09:44:54 - [MESSAGE][PASSED] - Text of object 'Object Repository/Popup/Popup' is: '16275 no’lu talebiniz işleme alınmıştır. Raporunuz hazırlandığında (elogotest@gmail.com;ali.kara@logo.com.tr) adresinize mail gönderilecektir.
Rapor durumunuzu Raporlar > Toplu Veri İndirme ekranından takip edebilir, hazırlandı durumundaki raporlarınızı ilgili menüden indirebilirsiniz.'

2021-11-11 09:44:54 - [TEST_STEP][PASSED] - RaporNo = getText(findTestObject("Popup/Popup")).substring(0, 6): Text of object 'Object Repository/Popup/Popup' is: '16275 no’lu talebiniz işleme alınmıştır. Raporunuz hazırlandığında (elogotest@gmail.com;ali.kara@logo.com.tr) adresinize mail gönderilecektir.
Rapor durumunuzu Raporlar > Toplu Veri İndirme ekranından takip edebilir, hazırlandı durumundaki raporlarınızı ilgili menüden indirebilirsiniz.'

2021-11-11 09:44:54 - [MESSAGE][INFO] - Finding Test Object 'Object Repository/Popup/Popup'

2021-11-11 09:44:54 - [MESSAGE][INFO] - Checking object

2021-11-11 09:44:54 - [MESSAGE][INFO] - Finding web element from Test Object's properties

2021-11-11 09:44:54 - [MESSAGE][INFO] - Checking timeout

2021-11-11 09:44:54 - [MESSAGE][INFO] - Finding web element with id: 'Object Repository/Popup/Popup' located by 'By.cssSelector: .bootbox-body' in '30' second(s)

2021-11-11 09:44:54 - [MESSAGE][INFO] - Smart Wait Function is triggered

2021-11-11 09:44:54 - [MESSAGE][INFO] - Found 1 web elements with id: 'Object Repository/Popup/Popup' located by 'By.cssSelector: .bootbox-body' in '30' second(s)

2021-11-11 09:44:54 - [MESSAGE][INFO] - Getting text of object 'Object Repository/Popup/Popup'

2021-11-11 09:44:54 - [MESSAGE][PASSED] - Text of object 'Object Repository/Popup/Popup' is: '16275 no’lu talebiniz işleme alınmıştır. Raporunuz hazırlandığında (elogotest@gmail.com;ali.kara@logo.com.tr) adresinize mail gönderilecektir.
Rapor durumunuzu Raporlar > Toplu Veri İndirme ekranından takip edebilir, hazırlandı durumundaki raporlarınızı ilgili menüden indirebilirsiniz.'

2021-11-11 09:44:54 - [TEST_STEP][PASSED] - Console.println(RaporNo): null

2021-11-11 09:44:54 - [MESSAGE][PASSED] - Call Test Case 'Test Cases/Popup/PopupMesajiIceriyorMu' successfully

2021-11-11 09:44:54 - [MESSAGE][INFO] - Checking called Test Case

2021-11-11 09:44:54 - [MESSAGE][INFO] - Starting to call Test Case 'Test Cases/Popup/PopupButonSecilir'

2021-11-11 09:44:55 - [TEST_CASE][PASSED] - Test Cases/Popup/PopupButonSecilir: Test Cases/Popup/PopupButonSecilir

2021-11-11 09:44:55 - [TEST_STEP][PASSED] - Method.TextDegerineEsitElementeTikla(findTestObject("Popup/Popup_Butons"), Buton): Method.TextDegerineEsitElementeTikla is PASSED

2021-11-11 09:44:55 - [MESSAGE][INFO] - Finding Test Object 'Object Repository/Popup/Popup_Butons'

2021-11-11 09:44:55 - [MESSAGE][INFO] - Checking timeout

2021-11-11 09:44:55 - [MESSAGE][INFO] - Finding web element with id: 'Object Repository/Popup/Popup_Butons' located by 'By.cssSelector: .modal-footer>button' in '10' second(s)

2021-11-11 09:44:55 - [MESSAGE][INFO] - Smart Wait Function is triggered

2021-11-11 09:44:55 - [MESSAGE][INFO] - Found 1 web elements with id: 'Object Repository/Popup/Popup_Butons' located by 'By.cssSelector: .modal-footer>button' in '10' second(s)

2021-11-11 09:44:55 - [MESSAGE][PASSED] - Method.TextDegerineEsitElementeTikla is PASSED

2021-11-11 09:44:55 - [MESSAGE][PASSED] - Call Test Case 'Test Cases/Popup/PopupButonSecilir' successfully

2021-11-11 09:44:55 - [MESSAGE][INFO] - Checking called Test Case

2021-11-11 09:44:55 - [MESSAGE][INFO] - Starting to call Test Case 'Test Cases/Butonlar/ButonaTikla'

2021-11-11 09:44:55 - [TEST_CASE][PASSED] - Test Cases/Butonlar/ButonaTikla: Test Cases/Butonlar/ButonaTikla

2021-11-11 09:44:55 - [TEST_STEP][PASSED] - Method.TextDegerineEsitElementeTiklaEquals(findTestObject("Butonlar/Butonlar"), Buton_Adi): Method.TextDegerineEsitElementeTiklaEquals is PASSED

2021-11-11 09:44:55 - [MESSAGE][INFO] - Finding Test Object 'Object Repository/Butonlar/Butonlar'

2021-11-11 09:44:55 - [MESSAGE][INFO] - Checking timeout

2021-11-11 09:44:55 - [MESSAGE][INFO] - Finding web element with id: 'Object Repository/Butonlar/Butonlar' located by 'By.cssSelector: .panel.panel-default.text-center.footerPanel .btn,.btn.btn-primary.btnControls' in '10' second(s)

2021-11-11 09:44:55 - [MESSAGE][INFO] - Smart Wait Function is triggered

2021-11-11 09:44:56 - [MESSAGE][INFO] - Found 13 web elements with id: 'Object Repository/Butonlar/Butonlar' located by 'By.cssSelector: .panel.panel-default.text-center.footerPanel .btn,.btn.btn-primary.btnControls' in '10' second(s)

2021-11-11 09:44:56 - [MESSAGE][PASSED] - Method.TextDegerineEsitElementeTiklaEquals is PASSED

2021-11-11 09:44:56 - [MESSAGE][PASSED] - Call Test Case 'Test Cases/Butonlar/ButonaTikla' successfully

2021-11-11 09:44:56 - [MESSAGE][INFO] - Checking called Test Case

2021-11-11 09:44:56 - [MESSAGE][INFO] - Starting to call Test Case 'Test Cases/Butonlar/AltButonaTikla'

2021-11-11 09:44:56 - [TEST_CASE][PASSED] - Test Cases/Butonlar/AltButonaTikla: Test Cases/Butonlar/AltButonaTikla

2021-11-11 09:44:56 - [TEST_STEP][PASSED] - Method.TextDegerineEsitElementeTikla(findTestObject("Butonlar/AltButonlar"), Alt_Buton): Method.TextDegerineEsitElementeTikla is PASSED

2021-11-11 09:44:56 - [MESSAGE][INFO] - Finding Test Object 'Object Repository/Butonlar/AltButonlar'

2021-11-11 09:44:56 - [MESSAGE][INFO] - Checking timeout

2021-11-11 09:44:56 - [MESSAGE][INFO] - Finding web element with id: 'Object Repository/Butonlar/AltButonlar' located by 'By.cssSelector: .btn-group.open li>a' in '10' second(s)

2021-11-11 09:44:56 - [MESSAGE][INFO] - Smart Wait Function is triggered

2021-11-11 09:44:57 - [MESSAGE][INFO] - Found 2 web elements with id: 'Object Repository/Butonlar/AltButonlar' located by 'By.cssSelector: .btn-group.open li>a' in '10' second(s)

2021-11-11 09:44:57 - [MESSAGE][PASSED] - Method.TextDegerineEsitElementeTikla is PASSED

2021-11-11 09:44:57 - [MESSAGE][PASSED] - Call Test Case 'Test Cases/Butonlar/AltButonaTikla' successfully

2021-11-11 09:44:57 - [MESSAGE][INFO] - Checking called Test Case

2021-11-11 09:44:57 - [MESSAGE][INFO] - Starting to call Test Case 'Test Cases/Popup/PopupMesajiIceriyorMu'

2021-11-11 09:44:57 - [TEST_CASE][PASSED] - Test Cases/Popup/PopupMesajiIceriyorMu: Test Cases/Popup/PopupMesajiIceriyorMu

2021-11-11 09:44:57 - [TEST_STEP][PASSED] - waitForElementVisible(findTestObject("Popup/Popup"), 10): Object 'Object Repository/Popup/Popup' is visible

2021-11-11 09:44:57 - [MESSAGE][INFO] - Finding Test Object 'Object Repository/Popup/Popup'

2021-11-11 09:44:57 - [MESSAGE][INFO] - Checking object

2021-11-11 09:44:57 - [MESSAGE][INFO] - Checking timeout

2021-11-11 09:44:57 - [MESSAGE][INFO] - Finding web element from Test Object's properties

2021-11-11 09:44:57 - [MESSAGE][INFO] - Checking timeout

2021-11-11 09:44:57 - [MESSAGE][INFO] - Finding web element with id: 'Object Repository/Popup/Popup' located by 'By.cssSelector: .bootbox-body' in '10' second(s)

2021-11-11 09:44:57 - [MESSAGE][INFO] - Smart Wait Function is triggered

2021-11-11 09:44:58 - [MESSAGE][INFO] - Found 1 web elements with id: 'Object Repository/Popup/Popup' located by 'By.cssSelector: .bootbox-body' in '10' second(s)

2021-11-11 09:44:58 - [MESSAGE][PASSED] - Object 'Object Repository/Popup/Popup' is visible

2021-11-11 09:44:58 - [TEST_STEP][PASSED] - if (!(getText(findTestObject("Popup/Popup")).contains(Mesaj))): Text of object 'Object Repository/Popup/Popup' is: 'Lütfen rapor bildiriminin gönderileceği e-posta adresini belirtiniz.
e-Posta Adresi'

2021-11-11 09:44:58 - [MESSAGE][INFO] - Finding Test Object 'Object Repository/Popup/Popup'

2021-11-11 09:44:58 - [MESSAGE][INFO] - Checking object

2021-11-11 09:44:58 - [MESSAGE][INFO] - Finding web element from Test Object's properties

2021-11-11 09:44:58 - [MESSAGE][INFO] - Checking timeout

2021-11-11 09:44:58 - [MESSAGE][INFO] - Finding web element with id: 'Object Repository/Popup/Popup' located by 'By.cssSelector: .bootbox-body' in '30' second(s)

2021-11-11 09:44:58 - [MESSAGE][INFO] - Smart Wait Function is triggered

2021-11-11 09:44:58 - [MESSAGE][INFO] - Found 1 web elements with id: 'Object Repository/Popup/Popup' located by 'By.cssSelector: .bootbox-body' in '30' second(s)

2021-11-11 09:44:58 - [MESSAGE][INFO] - Getting text of object 'Object Repository/Popup/Popup'

2021-11-11 09:44:58 - [MESSAGE][PASSED] - Text of object 'Object Repository/Popup/Popup' is: 'Lütfen rapor bildiriminin gönderileceği e-posta adresini belirtiniz.
e-Posta Adresi'

2021-11-11 09:44:58 - [TEST_STEP][PASSED] - RaporNo = getText(findTestObject("Popup/Popup")).substring(0, 6): Text of object 'Object Repository/Popup/Popup' is: 'Lütfen rapor bildiriminin gönderileceği e-posta adresini belirtiniz.
e-Posta Adresi'

2021-11-11 09:44:58 - [MESSAGE][INFO] - Finding Test Object 'Object Repository/Popup/Popup'

2021-11-11 09:44:58 - [MESSAGE][INFO] - Checking object

2021-11-11 09:44:58 - [MESSAGE][INFO] - Finding web element from Test Object's properties

2021-11-11 09:44:58 - [MESSAGE][INFO] - Checking timeout

2021-11-11 09:44:58 - [MESSAGE][INFO] - Finding web element with id: 'Object Repository/Popup/Popup' located by 'By.cssSelector: .bootbox-body' in '30' second(s)

2021-11-11 09:44:58 - [MESSAGE][INFO] - Smart Wait Function is triggered

2021-11-11 09:44:58 - [MESSAGE][INFO] - Found 1 web elements with id: 'Object Repository/Popup/Popup' located by 'By.cssSelector: .bootbox-body' in '30' second(s)

2021-11-11 09:44:58 - [MESSAGE][INFO] - Getting text of object 'Object Repository/Popup/Popup'

2021-11-11 09:44:58 - [MESSAGE][PASSED] - Text of object 'Object Repository/Popup/Popup' is: 'Lütfen rapor bildiriminin gönderileceği e-posta adresini belirtiniz.
e-Posta Adresi'

2021-11-11 09:44:58 - [TEST_STEP][PASSED] - Console.println(RaporNo): null

2021-11-11 09:44:58 - [MESSAGE][PASSED] - Call Test Case 'Test Cases/Popup/PopupMesajiIceriyorMu' successfully

2021-11-11 09:44:58 - [MESSAGE][INFO] - Checking called Test Case

2021-11-11 09:44:58 - [MESSAGE][INFO] - Starting to call Test Case 'Test Cases/Popup/PopupaEmailEklenir'

2021-11-11 09:44:58 - [TEST_CASE][PASSED] - Test Cases/Popup/PopupaEmailEklenir: Test Cases/Popup/PopupaEmailEklenir

2021-11-11 09:44:58 - [TEST_STEP][PASSED] - clearText(findTestObject("Popup/EmailText")): Text of object 'Object Repository/Popup/EmailText' is cleared

2021-11-11 09:44:58 - [MESSAGE][INFO] - Finding Test Object 'Object Repository/Popup/EmailText'

2021-11-11 09:44:59 - [MESSAGE][INFO] - Checking object

2021-11-11 09:44:59 - [MESSAGE][INFO] - Finding web element from Test Object's properties

2021-11-11 09:44:59 - [MESSAGE][INFO] - Checking timeout

2021-11-11 09:44:59 - [MESSAGE][INFO] - Finding web element with id: 'Object Repository/Popup/EmailText' located by 'By.xpath: //*[@id="eMails"]' in '30' second(s)

2021-11-11 09:44:59 - [MESSAGE][INFO] - Smart Wait Function is triggered

2021-11-11 09:44:59 - [MESSAGE][INFO] - Found 1 web elements with id: 'Object Repository/Popup/EmailText' located by 'By.xpath: //*[@id="eMails"]' in '30' second(s)

2021-11-11 09:44:59 - [MESSAGE][INFO] - Clearing text of object 'Object Repository/Popup/EmailText'

2021-11-11 09:44:59 - [MESSAGE][PASSED] - Text of object 'Object Repository/Popup/EmailText' is cleared

2021-11-11 09:44:59 - [TEST_STEP][PASSED] - sendKeys(findTestObject("Popup/EmailText"), Email): Keys 'elogotest@gmail.com;ali.kara@logo.com.tr' sent to object: 'Object Repository/Popup/EmailText'

2021-11-11 09:44:59 - [MESSAGE][INFO] - Finding Test Object 'Object Repository/Popup/EmailText'

2021-11-11 09:44:59 - [MESSAGE][INFO] - Sending keys 'elogotest@gmail.com;ali.kara@logo.com.tr' to object: 'Object Repository/Popup/EmailText'

2021-11-11 09:44:59 - [MESSAGE][INFO] - Finding web element from Test Object's properties

2021-11-11 09:44:59 - [MESSAGE][INFO] - Checking timeout

2021-11-11 09:44:59 - [MESSAGE][INFO] - Finding web element with id: 'Object Repository/Popup/EmailText' located by 'By.xpath: //*[@id="eMails"]' in '30' second(s)

2021-11-11 09:44:59 - [MESSAGE][INFO] - Smart Wait Function is triggered

2021-11-11 09:45:00 - [MESSAGE][INFO] - Found 1 web elements with id: 'Object Repository/Popup/EmailText' located by 'By.xpath: //*[@id="eMails"]' in '30' second(s)

2021-11-11 09:45:00 - [MESSAGE][PASSED] - Keys 'elogotest@gmail.com;ali.kara@logo.com.tr' sent to object: 'Object Repository/Popup/EmailText'

2021-11-11 09:45:00 - [MESSAGE][PASSED] - Call Test Case 'Test Cases/Popup/PopupaEmailEklenir' successfully

2021-11-11 09:45:00 - [MESSAGE][INFO] - Checking called Test Case

2021-11-11 09:45:00 - [MESSAGE][INFO] - Starting to call Test Case 'Test Cases/Popup/PopupButonSecilir'

2021-11-11 09:45:00 - [TEST_CASE][PASSED] - Test Cases/Popup/PopupButonSecilir: Test Cases/Popup/PopupButonSecilir

2021-11-11 09:45:00 - [TEST_STEP][PASSED] - Method.TextDegerineEsitElementeTikla(findTestObject("Popup/Popup_Butons"), Buton): Method.TextDegerineEsitElementeTikla is PASSED

2021-11-11 09:45:00 - [MESSAGE][INFO] - Finding Test Object 'Object Repository/Popup/Popup_Butons'

2021-11-11 09:45:00 - [MESSAGE][INFO] - Checking timeout

2021-11-11 09:45:00 - [MESSAGE][INFO] - Finding web element with id: 'Object Repository/Popup/Popup_Butons' located by 'By.cssSelector: .modal-footer>button' in '10' second(s)

2021-11-11 09:45:00 - [MESSAGE][INFO] - Smart Wait Function is triggered

2021-11-11 09:45:00 - [MESSAGE][INFO] - Found 2 web elements with id: 'Object Repository/Popup/Popup_Butons' located by 'By.cssSelector: .modal-footer>button' in '10' second(s)

2021-11-11 09:45:00 - [MESSAGE][PASSED] - Method.TextDegerineEsitElementeTikla is PASSED

2021-11-11 09:45:00 - [MESSAGE][PASSED] - Call Test Case 'Test Cases/Popup/PopupButonSecilir' successfully

2021-11-11 09:45:00 - [MESSAGE][INFO] - Checking called Test Case

2021-11-11 09:45:00 - [MESSAGE][INFO] - Starting to call Test Case 'Test Cases/Popup/PopupMesajiIceriyorMu'

2021-11-11 09:45:00 - [TEST_CASE][PASSED] - Test Cases/Popup/PopupMesajiIceriyorMu: Test Cases/Popup/PopupMesajiIceriyorMu

2021-11-11 09:45:00 - [TEST_STEP][PASSED] - waitForElementVisible(findTestObject("Popup/Popup"), 10): Object 'Object Repository/Popup/Popup' is visible

2021-11-11 09:45:00 - [MESSAGE][INFO] - Finding Test Object 'Object Repository/Popup/Popup'

2021-11-11 09:45:00 - [MESSAGE][INFO] - Checking object

2021-11-11 09:45:00 - [MESSAGE][INFO] - Checking timeout

2021-11-11 09:45:00 - [MESSAGE][INFO] - Finding web element from Test Object's properties

2021-11-11 09:45:00 - [MESSAGE][INFO] - Checking timeout

2021-11-11 09:45:00 - [MESSAGE][INFO] - Finding web element with id: 'Object Repository/Popup/Popup' located by 'By.cssSelector: .bootbox-body' in '10' second(s)

2021-11-11 09:45:00 - [MESSAGE][INFO] - Smart Wait Function is triggered

2021-11-11 09:45:01 - [MESSAGE][INFO] - Found 1 web elements with id: 'Object Repository/Popup/Popup' located by 'By.cssSelector: .bootbox-body' in '10' second(s)

2021-11-11 09:45:02 - [MESSAGE][PASSED] - Object 'Object Repository/Popup/Popup' is visible

2021-11-11 09:45:02 - [TEST_STEP][PASSED] - if (!(getText(findTestObject("Popup/Popup")).contains(Mesaj))): Text of object 'Object Repository/Popup/Popup' is: '16276 no’lu talebiniz işleme alınmıştır. Raporunuz hazırlandığında (elogotest@gmail.com;ali.kara@logo.com.tr) adresinize mail gönderilecektir.
Rapor durumunuzu Raporlar > Toplu Veri İndirme ekranından takip edebilir, hazırlandı durumundaki raporlarınızı ilgili menüden indirebilirsiniz.'

2021-11-11 09:45:02 - [MESSAGE][INFO] - Finding Test Object 'Object Repository/Popup/Popup'

2021-11-11 09:45:02 - [MESSAGE][INFO] - Checking object

2021-11-11 09:45:02 - [MESSAGE][INFO] - Finding web element from Test Object's properties

2021-11-11 09:45:02 - [MESSAGE][INFO] - Checking timeout

2021-11-11 09:45:02 - [MESSAGE][INFO] - Finding web element with id: 'Object Repository/Popup/Popup' located by 'By.cssSelector: .bootbox-body' in '30' second(s)

2021-11-11 09:45:02 - [MESSAGE][INFO] - Smart Wait Function is triggered

2021-11-11 09:45:02 - [MESSAGE][INFO] - Found 1 web elements with id: 'Object Repository/Popup/Popup' located by 'By.cssSelector: .bootbox-body' in '30' second(s)

2021-11-11 09:45:02 - [MESSAGE][INFO] - Getting text of object 'Object Repository/Popup/Popup'

2021-11-11 09:45:02 - [MESSAGE][PASSED] - Text of object 'Object Repository/Popup/Popup' is: '16276 no’lu talebiniz işleme alınmıştır. Raporunuz hazırlandığında (elogotest@gmail.com;ali.kara@logo.com.tr) adresinize mail gönderilecektir.
Rapor durumunuzu Raporlar > Toplu Veri İndirme ekranından takip edebilir, hazırlandı durumundaki raporlarınızı ilgili menüden indirebilirsiniz.'

2021-11-11 09:45:02 - [TEST_STEP][PASSED] - RaporNo = getText(findTestObject("Popup/Popup")).substring(0, 6): Text of object 'Object Repository/Popup/Popup' is: '16276 no’lu talebiniz işleme alınmıştır. Raporunuz hazırlandığında (elogotest@gmail.com;ali.kara@logo.com.tr) adresinize mail gönderilecektir.
Rapor durumunuzu Raporlar > Toplu Veri İndirme ekranından takip edebilir, hazırlandı durumundaki raporlarınızı ilgili menüden indirebilirsiniz.'

2021-11-11 09:45:02 - [MESSAGE][INFO] - Finding Test Object 'Object Repository/Popup/Popup'

2021-11-11 09:45:02 - [MESSAGE][INFO] - Checking object

2021-11-11 09:45:02 - [MESSAGE][INFO] - Finding web element from Test Object's properties

2021-11-11 09:45:02 - [MESSAGE][INFO] - Checking timeout

2021-11-11 09:45:02 - [MESSAGE][INFO] - Finding web element with id: 'Object Repository/Popup/Popup' located by 'By.cssSelector: .bootbox-body' in '30' second(s)

2021-11-11 09:45:02 - [MESSAGE][INFO] - Smart Wait Function is triggered

2021-11-11 09:45:02 - [MESSAGE][INFO] - Found 1 web elements with id: 'Object Repository/Popup/Popup' located by 'By.cssSelector: .bootbox-body' in '30' second(s)

2021-11-11 09:45:02 - [MESSAGE][INFO] - Getting text of object 'Object Repository/Popup/Popup'

2021-11-11 09:45:02 - [MESSAGE][PASSED] - Text of object 'Object Repository/Popup/Popup' is: '16276 no’lu talebiniz işleme alınmıştır. Raporunuz hazırlandığında (elogotest@gmail.com;ali.kara@logo.com.tr) adresinize mail gönderilecektir.
Rapor durumunuzu Raporlar > Toplu Veri İndirme ekranından takip edebilir, hazırlandı durumundaki raporlarınızı ilgili menüden indirebilirsiniz.'

2021-11-11 09:45:02 - [TEST_STEP][PASSED] - Console.println(RaporNo): null

2021-11-11 09:45:02 - [MESSAGE][PASSED] - Call Test Case 'Test Cases/Popup/PopupMesajiIceriyorMu' successfully

2021-11-11 09:45:02 - [MESSAGE][INFO] - Checking called Test Case

2021-11-11 09:45:02 - [MESSAGE][INFO] - Starting to call Test Case 'Test Cases/Popup/PopupButonSecilir'

2021-11-11 09:45:03 - [TEST_CASE][PASSED] - Test Cases/Popup/PopupButonSecilir: Test Cases/Popup/PopupButonSecilir

2021-11-11 09:45:03 - [TEST_STEP][PASSED] - Method.TextDegerineEsitElementeTikla(findTestObject("Popup/Popup_Butons"), Buton): Method.TextDegerineEsitElementeTikla is PASSED

2021-11-11 09:45:03 - [MESSAGE][INFO] - Finding Test Object 'Object Repository/Popup/Popup_Butons'

2021-11-11 09:45:03 - [MESSAGE][INFO] - Checking timeout

2021-11-11 09:45:03 - [MESSAGE][INFO] - Finding web element with id: 'Object Repository/Popup/Popup_Butons' located by 'By.cssSelector: .modal-footer>button' in '10' second(s)

2021-11-11 09:45:03 - [MESSAGE][INFO] - Smart Wait Function is triggered

2021-11-11 09:45:03 - [MESSAGE][INFO] - Found 1 web elements with id: 'Object Repository/Popup/Popup_Butons' located by 'By.cssSelector: .modal-footer>button' in '10' second(s)

2021-11-11 09:45:03 - [MESSAGE][PASSED] - Method.TextDegerineEsitElementeTikla is PASSED

2021-11-11 09:45:03 - [MESSAGE][PASSED] - Call Test Case 'Test Cases/Popup/PopupButonSecilir' successfully

2021-11-11 09:45:03 - [MESSAGE][INFO] - Checking called Test Case

2021-11-11 09:45:03 - [MESSAGE][INFO] - Starting to call Test Case 'Test Cases/Menu/AnaMenuSecimi'

2021-11-11 09:45:03 - [TEST_CASE][PASSED] - Test Cases/Menu/AnaMenuSecimi: Test Cases/Menu/AnaMenuSecimi

2021-11-11 09:45:03 - [TEST_STEP][PASSED] - Method.TextDegerineEsitElementeTikla(findTestObject("Menu/Ana_Menu"), Ana_Menu): Method.TextDegerineEsitElementeTikla is PASSED

2021-11-11 09:45:03 - [MESSAGE][INFO] - Finding Test Object 'Object Repository/Menu/Ana_Menu'

2021-11-11 09:45:03 - [MESSAGE][INFO] - Checking timeout

2021-11-11 09:45:03 - [MESSAGE][INFO] - Finding web element with id: 'Object Repository/Menu/Ana_Menu' located by 'By.xpath: //*[@class = 'dropdown-toggle']' in '10' second(s)

2021-11-11 09:45:03 - [MESSAGE][INFO] - Smart Wait Function is triggered

2021-11-11 09:45:04 - [MESSAGE][INFO] - Found 14 web elements with id: 'Object Repository/Menu/Ana_Menu' located by 'By.xpath: //*[@class = 'dropdown-toggle']' in '10' second(s)

2021-11-11 09:45:04 - [MESSAGE][PASSED] - Method.TextDegerineEsitElementeTikla is PASSED

2021-11-11 09:45:04 - [MESSAGE][PASSED] - Call Test Case 'Test Cases/Menu/AnaMenuSecimi' successfully

2021-11-11 09:45:04 - [MESSAGE][INFO] - Checking called Test Case

2021-11-11 09:45:04 - [MESSAGE][INFO] - Starting to call Test Case 'Test Cases/Menu/AltMenuSecimi'

2021-11-11 09:45:04 - [TEST_CASE][PASSED] - Test Cases/Menu/AltMenuSecimi: Test Cases/Menu/AltMenuSecimi

2021-11-11 09:45:04 - [TEST_STEP][PASSED] - Method.TextDegerineEsitElementeTikla(findTestObject("Menu/Alt_Menu"), Alt_Menu): Method.TextDegerineEsitElementeTikla is PASSED

2021-11-11 09:45:04 - [MESSAGE][INFO] - Finding Test Object 'Object Repository/Menu/Alt_Menu'

2021-11-11 09:45:04 - [MESSAGE][INFO] - Checking timeout

2021-11-11 09:45:04 - [MESSAGE][INFO] - Finding web element with id: 'Object Repository/Menu/Alt_Menu' located by 'By.xpath: //li[@class='dropdown dropdown-large open']//li[@class='dropdown-element']' in '10' second(s)

2021-11-11 09:45:04 - [MESSAGE][INFO] - Smart Wait Function is triggered

2021-11-11 09:45:05 - [MESSAGE][INFO] - Found 9 web elements with id: 'Object Repository/Menu/Alt_Menu' located by 'By.xpath: //li[@class='dropdown dropdown-large open']//li[@class='dropdown-element']' in '10' second(s)

2021-11-11 09:45:06 - [MESSAGE][PASSED] - Method.TextDegerineEsitElementeTikla is PASSED

2021-11-11 09:45:06 - [MESSAGE][PASSED] - Call Test Case 'Test Cases/Menu/AltMenuSecimi' successfully

2021-11-11 09:45:06 - [MESSAGE][INFO] - Checking called Test Case

2021-11-11 09:45:06 - [MESSAGE][INFO] - Starting to call Test Case 'Test Cases/Filtreler/RaporNoYaz'

2021-11-11 09:45:06 - [TEST_CASE][PASSED] - Test Cases/Filtreler/RaporNoYaz: Test Cases/Filtreler/RaporNoYaz

2021-11-11 09:45:06 - [TEST_STEP][PASSED] - Method.TextDegerineEsitElementinAltindakiTextboxtaYaz(findTestObject("Filtreler/Basliklar"), findTestObject("Filtreler/Basliga_Gore_Textbox"), "Talep No", RaporNo): Method.TextDegerineEsitElementinAltindakiTextboxtaYaz is PASSED

2021-11-11 09:45:06 - [MESSAGE][INFO] - Finding Test Object 'Object Repository/Filtreler/Basliklar'

2021-11-11 09:45:06 - [MESSAGE][INFO] - Finding Test Object 'Object Repository/Filtreler/Basliga_Gore_Textbox'

2021-11-11 09:45:06 - [MESSAGE][INFO] - Checking timeout

2021-11-11 09:45:06 - [MESSAGE][INFO] - Finding web element with id: 'Object Repository/Filtreler/Basliklar' located by 'By.cssSelector: .control-label.col-sm-4.paddingMarginRLC' in '10' second(s)

2021-11-11 09:45:06 - [MESSAGE][INFO] - Smart Wait Function is triggered

2021-11-11 09:45:06 - [MESSAGE][INFO] - Found 8 web elements with id: 'Object Repository/Filtreler/Basliklar' located by 'By.cssSelector: .control-label.col-sm-4.paddingMarginRLC' in '10' second(s)

2021-11-11 09:45:06 - [MESSAGE][INFO] - Smart Wait Function is triggered

2021-11-11 09:45:07 - [MESSAGE][PASSED] - Method.TextDegerineEsitElementinAltindakiTextboxtaYaz is PASSED

2021-11-11 09:45:07 - [MESSAGE][PASSED] - Call Test Case 'Test Cases/Filtreler/RaporNoYaz' successfully

2021-11-11 09:45:07 - [MESSAGE][INFO] - Checking called Test Case

2021-11-11 09:45:07 - [MESSAGE][INFO] - Starting to call Test Case 'Test Cases/Filtreler/ButonaTikla'

2021-11-11 09:45:07 - [TEST_CASE][PASSED] - Test Cases/Filtreler/ButonaTikla: Test Cases/Filtreler/ButonaTikla

2021-11-11 09:45:07 - [TEST_STEP][PASSED] - Method.TextDegerineEsitElementeTikla(findTestObject("Filtreler/Butonlar"), Filtre_Buton): Method.TextDegerineEsitElementeTikla is PASSED

2021-11-11 09:45:07 - [MESSAGE][INFO] - Finding Test Object 'Object Repository/Filtreler/Butonlar'

2021-11-11 09:45:07 - [MESSAGE][INFO] - Checking timeout

2021-11-11 09:45:07 - [MESSAGE][INFO] - Finding web element with id: 'Object Repository/Filtreler/Butonlar' located by 'By.cssSelector: .dxb>span' in '10' second(s)

2021-11-11 09:45:07 - [MESSAGE][INFO] - Smart Wait Function is triggered

2021-11-11 09:45:07 - [MESSAGE][INFO] - Found 2 web elements with id: 'Object Repository/Filtreler/Butonlar' located by 'By.cssSelector: .dxb>span' in '10' second(s)

2021-11-11 09:45:07 - [MESSAGE][PASSED] - Method.TextDegerineEsitElementeTikla is PASSED

2021-11-11 09:45:07 - [MESSAGE][PASSED] - Call Test Case 'Test Cases/Filtreler/ButonaTikla' successfully

2021-11-11 09:45:07 - [MESSAGE][INFO] - Checking called Test Case

2021-11-11 09:45:07 - [MESSAGE][INFO] - Starting to call Test Case 'Test Cases/Tablo/TablodaVeriVarMi'

2021-11-11 09:45:07 - [TEST_CASE][PASSED] - Test Cases/Tablo/TablodaVeriVarMi: Test Cases/Tablo/TablodaVeriVarMi

2021-11-11 09:45:07 - [TEST_STEP][PASSED] - verifyTextNotPresent("Görüntülenecek veri yok", true): Text 'Görüntülenecek veri yok' is not present on page using regular expression

2021-11-11 09:45:07 - [MESSAGE][INFO] - Checking text present  using regular expression

2021-11-11 09:45:07 - [MESSAGE][INFO] - Smart Wait Function is triggered

2021-11-11 09:45:08 - [MESSAGE][INFO] - Finding text 'Görüntülenecek veri yok' on page  using regular expression

2021-11-11 09:45:08 - [MESSAGE][PASSED] - Text 'Görüntülenecek veri yok' is not present on page using regular expression

2021-11-11 09:45:08 - [MESSAGE][PASSED] - Call Test Case 'Test Cases/Tablo/TablodaVeriVarMi' successfully

2021-11-11 09:45:08 - [MESSAGE][INFO] - Checking called Test Case

2021-11-11 09:45:08 - [MESSAGE][INFO] - Starting to call Test Case 'Test Cases/Kullanici_Islemleri/KullaniciIslemlerindenSecimYapilir'

2021-11-11 09:45:08 - [TEST_CASE][PASSED] - Test Cases/Kullanici_Islemleri/KullaniciIslemlerindenSecimYapilir: Test Cases/Kullanici_Islemleri/KullaniciIslemlerindenSecimYapilir

2021-11-11 09:45:08 - [TEST_STEP][PASSED] - waitForElementClickable(findTestObject("Object Repository/Kullanici_Islemleri/KullaniciIslemleri"), 10): Object 'Object Repository/Kullanici_Islemleri/KullaniciIslemleri' is clickable

2021-11-11 09:45:08 - [MESSAGE][INFO] - Finding Test Object 'Object Repository/Kullanici_Islemleri/KullaniciIslemleri'

2021-11-11 09:45:08 - [MESSAGE][INFO] - Checking object

2021-11-11 09:45:08 - [MESSAGE][INFO] - Checking timeout

2021-11-11 09:45:08 - [MESSAGE][INFO] - Finding web element from Test Object's properties

2021-11-11 09:45:08 - [MESSAGE][INFO] - Checking timeout

2021-11-11 09:45:08 - [MESSAGE][INFO] - Finding web element with id: 'Object Repository/Kullanici_Islemleri/KullaniciIslemleri' located by 'By.cssSelector: .dropdown>a>img' in '10' second(s)

2021-11-11 09:45:08 - [MESSAGE][INFO] - Smart Wait Function is triggered

2021-11-11 09:45:09 - [MESSAGE][INFO] - Found 1 web elements with id: 'Object Repository/Kullanici_Islemleri/KullaniciIslemleri' located by 'By.cssSelector: .dropdown>a>img' in '10' second(s)

2021-11-11 09:45:09 - [MESSAGE][PASSED] - Object 'Object Repository/Kullanici_Islemleri/KullaniciIslemleri' is clickable

2021-11-11 09:45:09 - [TEST_STEP][PASSED] - click(findTestObject("Object Repository/Kullanici_Islemleri/KullaniciIslemleri")): Object: 'Object Repository/Kullanici_Islemleri/KullaniciIslemleri' is clicked on

2021-11-11 09:45:09 - [MESSAGE][INFO] - Finding Test Object 'Object Repository/Kullanici_Islemleri/KullaniciIslemleri'

2021-11-11 09:45:09 - [MESSAGE][INFO] - Checking object

2021-11-11 09:45:09 - [MESSAGE][INFO] - Finding web element from Test Object's properties

2021-11-11 09:45:09 - [MESSAGE][INFO] - Checking timeout

2021-11-11 09:45:09 - [MESSAGE][INFO] - Finding web element with id: 'Object Repository/Kullanici_Islemleri/KullaniciIslemleri' located by 'By.cssSelector: .dropdown>a>img' in '30' second(s)

2021-11-11 09:45:09 - [MESSAGE][INFO] - Smart Wait Function is triggered

2021-11-11 09:45:09 - [MESSAGE][INFO] - Found 1 web elements with id: 'Object Repository/Kullanici_Islemleri/KullaniciIslemleri' located by 'By.cssSelector: .dropdown>a>img' in '30' second(s)

2021-11-11 09:45:09 - [MESSAGE][INFO] - Clicking on object: 'Object Repository/Kullanici_Islemleri/KullaniciIslemleri'

2021-11-11 09:45:09 - [MESSAGE][PASSED] - Object: 'Object Repository/Kullanici_Islemleri/KullaniciIslemleri' is clicked on

2021-11-11 09:45:09 - [TEST_STEP][PASSED] - Method.TextDegerineEsitElementeTikla(findTestObject("Object Repository/Kullanici_Islemleri/Secenekler"), Islem): Method.TextDegerineEsitElementeTikla is PASSED

2021-11-11 09:45:09 - [MESSAGE][INFO] - Finding Test Object 'Object Repository/Kullanici_Islemleri/Secenekler'

2021-11-11 09:45:09 - [MESSAGE][INFO] - Checking timeout

2021-11-11 09:45:09 - [MESSAGE][INFO] - Finding web element with id: 'Object Repository/Kullanici_Islemleri/Secenekler' located by 'By.cssSelector: .nav.navbar-nav.navbar-right li a' in '10' second(s)

2021-11-11 09:45:09 - [MESSAGE][INFO] - Smart Wait Function is triggered

2021-11-11 09:45:09 - [MESSAGE][INFO] - Found 22 web elements with id: 'Object Repository/Kullanici_Islemleri/Secenekler' located by 'By.cssSelector: .nav.navbar-nav.navbar-right li a' in '10' second(s)

2021-11-11 09:45:11 - [MESSAGE][PASSED] - Method.TextDegerineEsitElementeTikla is PASSED

2021-11-11 09:45:11 - [TEST_STEP][PASSED] - verifyElementNotPresent(findTestObject("Object Repository/Kullanici_Islemleri/Secenekler"), 10): Web element with id: 'Object Repository/Kullanici_Islemleri/Secenekler' located by 'By.cssSelector: .nav.navbar-nav.navbar-right li a' is not present after '10' second(s)

2021-11-11 09:45:11 - [MESSAGE][INFO] - Finding Test Object 'Object Repository/Kullanici_Islemleri/Secenekler'

2021-11-11 09:45:11 - [MESSAGE][INFO] - Checking object

2021-11-11 09:45:11 - [MESSAGE][INFO] - Checking timeout

2021-11-11 09:45:11 - [MESSAGE][INFO] - Finding web element with id: 'Object Repository/Kullanici_Islemleri/Secenekler' located by 'By.cssSelector: .nav.navbar-nav.navbar-right li a' in '10' second(s)

2021-11-11 09:45:11 - [MESSAGE][INFO] - Smart Wait Function is triggered

2021-11-11 09:45:11 - [MESSAGE][PASSED] - Web element with id: 'Object Repository/Kullanici_Islemleri/Secenekler' located by 'By.cssSelector: .nav.navbar-nav.navbar-right li a' is not present after '10' second(s)

2021-11-11 09:45:11 - [MESSAGE][PASSED] - Call Test Case 'Test Cases/Kullanici_Islemleri/KullaniciIslemlerindenSecimYapilir' successfully

2021-11-11 09:45:11 - [TEST_CASE][PASSED] - Start Test Case : SCENARIO e-Mustahsil Makbuzu excele aktarma: SCENARIO e-Mustahsil Makbuzu excele aktarma

2021-11-11 09:45:11 - [TEST_STEP][PASSED] - Kullanıcı adı ELOGO6 ve Şifre 123456 olarak giriş yapılır: Kullanıcı adı ELOGO6 ve Şifre 123456 olarak giriş yapılır

2021-11-11 09:45:11 - [MESSAGE][PASSED] - Kullanıcı adı ELOGO6 ve Şifre 123456 olarak giriş yapılır

2021-11-11 09:45:11 - [TEST_STEP][PASSED] - Ana menüden e-Makbuz seçilir: Ana menüden e-Makbuz seçilir

2021-11-11 09:45:11 - [MESSAGE][PASSED] - Ana menüden e-Makbuz seçilir

2021-11-11 09:45:11 - [TEST_STEP][PASSED] - Alt menü e-Müstahsil Uygulaması başlığı altındaki e-Müstahsil Makbuzları seçilir: Alt menü e-Müstahsil Uygulaması başlığı altındaki e-Müstahsil Makbuzları seçilir

2021-11-11 09:45:11 - [MESSAGE][PASSED] - Alt menü e-Müstahsil Uygulaması başlığı altındaki e-Müstahsil Makbuzları seçilir

2021-11-11 09:45:11 - [TEST_STEP][PASSED] - Filtrelerden Oluşturma Tarihi filtresine 01.12.2020 baslangic degerini yaz: Filtrelerden Oluşturma Tarihi filtresine 01.12.2020 baslangic degerini yaz

2021-11-11 09:45:11 - [MESSAGE][PASSED] - Filtrelerden Oluşturma Tarihi filtresine 01.12.2020 baslangic degerini yaz

2021-11-11 09:45:11 - [TEST_STEP][PASSED] - Filtrelerden Oluşturma Tarihi filtresine 31.12.2020 bitis degerini yaz: Filtrelerden Oluşturma Tarihi filtresine 31.12.2020 bitis degerini yaz

2021-11-11 09:45:11 - [MESSAGE][PASSED] - Filtrelerden Oluşturma Tarihi filtresine 31.12.2020 bitis degerini yaz

2021-11-11 09:45:11 - [TEST_STEP][PASSED] - Filtrelerden Müstahsil Ad Soyad filtresine ELOGO5 textini yaz: Filtrelerden Müstahsil Ad Soyad filtresine ELOGO5 textini yaz

2021-11-11 09:45:11 - [MESSAGE][PASSED] - Filtrelerden Müstahsil Ad Soyad filtresine ELOGO5 textini yaz

2021-11-11 09:45:11 - [TEST_STEP][PASSED] - Filtre butonlarından Listele seçilir: Filtre butonlarından Listele seçilir

2021-11-11 09:45:11 - [MESSAGE][PASSED] - Filtre butonlarından Listele seçilir

2021-11-11 09:45:11 - [TEST_STEP][PASSED] - Tabloda veri var mı kontrol edilir: Tabloda veri var mı kontrol edilir

2021-11-11 09:45:11 - [MESSAGE][PASSED] - Tabloda veri var mı kontrol edilir

2021-11-11 09:45:11 - [TEST_STEP][PASSED] - Tablodan ELOGO5 isimli veri seçilir: Tablodan ELOGO5 isimli veri seçilir

2021-11-11 09:45:11 - [MESSAGE][PASSED] - Tablodan ELOGO5 isimli veri seçilir

2021-11-11 09:45:11 - [TEST_STEP][PASSED] - Butonlardan Excel isimli butona tıklanır: Butonlardan Excel isimli butona tıklanır

2021-11-11 09:45:11 - [MESSAGE][PASSED] - Butonlardan Excel isimli butona tıklanır

2021-11-11 09:45:11 - [TEST_STEP][PASSED] - Alt butonlardan Excel'e Aktar butonuna tıklanır: Alt butonlardan Excel'e Aktar butonuna tıklanır

2021-11-11 09:45:11 - [MESSAGE][PASSED] - Alt butonlardan Excel'e Aktar butonuna tıklanır

2021-11-11 09:45:11 - [TEST_STEP][PASSED] - Popup mesajı Lütfen rapor bildiriminin gönderileceği e-posta adresini belirtiniz. içeriyor mu: Popup mesajı Lütfen rapor bildiriminin gönderileceği e-posta adresini belirtiniz. içeriyor mu

2021-11-11 09:45:11 - [MESSAGE][PASSED] - Popup mesajı Lütfen rapor bildiriminin gönderileceği e-posta adresini belirtiniz. içeriyor mu

2021-11-11 09:45:11 - [TEST_STEP][PASSED] - Popup email elogotest@gmail.com;ali.kara@logo.com.tr olarak girilir: Popup email elogotest@gmail.com;ali.kara@logo.com.tr olarak girilir

2021-11-11 09:45:11 - [MESSAGE][PASSED] - Popup email elogotest@gmail.com;ali.kara@logo.com.tr olarak girilir

2021-11-11 09:45:11 - [TEST_STEP][PASSED] - Yönetim popupında Gönder seçilir: Yönetim popupında Gönder seçilir

2021-11-11 09:45:11 - [MESSAGE][PASSED] - Yönetim popupında Gönder seçilir

2021-11-11 09:45:11 - [TEST_STEP][PASSED] - Popup mesajı talebiniz işleme alınmıştır içeriyor mu: Popup mesajı talebiniz işleme alınmıştır içeriyor mu

2021-11-11 09:45:11 - [MESSAGE][PASSED] - Popup mesajı talebiniz işleme alınmıştır içeriyor mu

2021-11-11 09:45:11 - [TEST_STEP][PASSED] - Yönetim popupında Tamam seçilir: Yönetim popupında Tamam seçilir

2021-11-11 09:45:11 - [MESSAGE][PASSED] - Yönetim popupında Tamam seçilir

2021-11-11 09:45:11 - [TEST_STEP][PASSED] - Butonlardan Excel isimli butona tıklanır: Butonlardan Excel isimli butona tıklanır

2021-11-11 09:45:11 - [MESSAGE][PASSED] - Butonlardan Excel isimli butona tıklanır

2021-11-11 09:45:11 - [TEST_STEP][PASSED] - Alt butonlardan Tümünü Excel'e Aktar butonuna tıklanır: Alt butonlardan Tümünü Excel'e Aktar butonuna tıklanır

2021-11-11 09:45:11 - [MESSAGE][PASSED] - Alt butonlardan Tümünü Excel'e Aktar butonuna tıklanır

2021-11-11 09:45:11 - [TEST_STEP][PASSED] - Popup mesajı Lütfen rapor bildiriminin gönderileceği e-posta adresini belirtiniz. içeriyor mu: Popup mesajı Lütfen rapor bildiriminin gönderileceği e-posta adresini belirtiniz. içeriyor mu

2021-11-11 09:45:11 - [MESSAGE][PASSED] - Popup mesajı Lütfen rapor bildiriminin gönderileceği e-posta adresini belirtiniz. içeriyor mu

2021-11-11 09:45:11 - [TEST_STEP][PASSED] - Popup email elogotest@gmail.com;ali.kara@logo.com.tr olarak girilir: Popup email elogotest@gmail.com;ali.kara@logo.com.tr olarak girilir

2021-11-11 09:45:11 - [MESSAGE][PASSED] - Popup email elogotest@gmail.com;ali.kara@logo.com.tr olarak girilir

2021-11-11 09:45:11 - [TEST_STEP][PASSED] - Yönetim popupında Gönder seçilir: Yönetim popupında Gönder seçilir

2021-11-11 09:45:11 - [MESSAGE][PASSED] - Yönetim popupında Gönder seçilir

2021-11-11 09:45:11 - [TEST_STEP][PASSED] - Popup mesajı talebiniz işleme alınmıştır içeriyor mu: Popup mesajı talebiniz işleme alınmıştır içeriyor mu

2021-11-11 09:45:11 - [MESSAGE][PASSED] - Popup mesajı talebiniz işleme alınmıştır içeriyor mu

2021-11-11 09:45:11 - [TEST_STEP][PASSED] - Yönetim popupında Tamam seçilir: Yönetim popupında Tamam seçilir

2021-11-11 09:45:11 - [MESSAGE][PASSED] - Yönetim popupında Tamam seçilir

2021-11-11 09:45:11 - [TEST_STEP][PASSED] - Ana menüden Raporlar seçilir: Ana menüden Raporlar seçilir

2021-11-11 09:45:11 - [MESSAGE][PASSED] - Ana menüden Raporlar seçilir

2021-11-11 09:45:11 - [TEST_STEP][PASSED] - Alt menüden Toplu Veri İndirme seçilir: Alt menüden Toplu Veri İndirme seçilir

2021-11-11 09:45:11 - [MESSAGE][PASSED] - Alt menüden Toplu Veri İndirme seçilir

2021-11-11 09:45:11 - [TEST_STEP][PASSED] - Filtrelerden Talep No filtresine Rapor No bilgisi yaz: Filtrelerden Talep No filtresine Rapor No bilgisi yaz

2021-11-11 09:45:11 - [MESSAGE][PASSED] - Filtrelerden Talep No filtresine Rapor No bilgisi yaz

2021-11-11 09:45:11 - [TEST_STEP][PASSED] - Filtre butonlarından Listele seçilir: Filtre butonlarından Listele seçilir

2021-11-11 09:45:11 - [MESSAGE][PASSED] - Filtre butonlarından Listele seçilir

2021-11-11 09:45:11 - [TEST_STEP][PASSED] - Tabloda veri var mı kontrol edilir: Tabloda veri var mı kontrol edilir

2021-11-11 09:45:11 - [MESSAGE][PASSED] - Tabloda veri var mı kontrol edilir

2021-11-11 09:45:11 - [TEST_STEP][PASSED] - Kullanıcı işlemlerinden Çıkış seçilir: Kullanıcı işlemlerinden Çıkış seçilir

2021-11-11 09:45:11 - [MESSAGE][PASSED] - Kullanıcı işlemlerinden Çıkış seçilir

2021-11-11 09:45:11 - [MESSAGE][PASSED] - Feature file: 'Include/features/e-Makbuz/e-Mustahsil Uygulamasi/e-Mustahsil Makbuzlari/Excele Aktar.feature' was passed

2021-11-11 09:45:11 - [TEST_STEP][PASSED] - Start listener action : sampleAfterTestSuite: Invoke 'com.kms.katalon.core.annotation.AfterTestCase' method: 'Listener.sampleAfterTestSuite(...)' completed.

2021-11-11 09:45:11 - [MESSAGE][INFO] - Starting invoke 'com.kms.katalon.core.annotation.AfterTestCase' method: 'Listener.sampleAfterTestSuite(...)'

2021-11-11 09:45:11 - [TEST_STEP][PASSED] - closeBrowser(): Invoke 'com.kms.katalon.core.annotation.AfterTestCase' method: 'Listener.sampleAfterTestSuite(...)' completed.

2021-11-11 09:45:11 - [MESSAGE][INFO] - Closing browser

2021-11-11 09:45:12 - [MESSAGE][PASSED] - Browser is closed

2021-11-11 09:45:12 - [MESSAGE][INFO] - Invoke 'com.kms.katalon.core.annotation.AfterTestCase' method: 'Listener.sampleAfterTestSuite(...)' completed.]]></system-out>
         <system-err><![CDATA[]]></system-err>
      </testcase>
      <testcase name="Test Cases/Case Repository/e-Makbuz/e-Mustahsil Uygulamasi/e-Mustahsil Makbuzlari/Toplu Indirme" time="47.967" classname="Test Cases/Case Repository/e-Makbuz/e-Mustahsil Uygulamasi/e-Mustahsil Makbuzlari/Toplu Indirme" status="PASSED">
         <system-out><![CDATA[2021-11-11 09:45:12 - [TEST_CASE][PASSED] - Test Cases/Case Repository/e-Makbuz/e-Mustahsil Uygulamasi/e-Mustahsil Makbuzlari/Toplu Indirme: Test Cases/Case Repository/e-Makbuz/e-Mustahsil Uygulamasi/e-Mustahsil Makbuzlari/Toplu Indirme

2021-11-11 09:45:12 - [TEST_STEP][PASSED] - Start listener action : sampleBeforeTestSuite: Invoke 'com.kms.katalon.core.annotation.BeforeTestCase' method: 'Listener.sampleBeforeTestSuite(...)' completed.

2021-11-11 09:45:12 - [MESSAGE][INFO] - Starting invoke 'com.kms.katalon.core.annotation.BeforeTestCase' method: 'Listener.sampleBeforeTestSuite(...)'

2021-11-11 09:45:12 - [TEST_STEP][PASSED] - openBrowser(baseUrl): Browser is opened with url: 'https://efatura-stage.elogo.com.tr/'

2021-11-11 09:45:12 - [MESSAGE][INFO] - Opening browser

2021-11-11 09:45:12 - [MESSAGE][INFO] - Starting 'Chrome' driver

2021-11-11 09:45:12 - [MESSAGE][INFO] - User set preference: ['prefs', '{download.default_directory=C:\otomasyondownfiles}']

2021-11-11 09:45:12 - [MESSAGE][INFO] - Action delay is set to 0 milliseconds

2021-11-11 09:45:13 - [MESSAGE][INFO] - Navigating browser to: 'https://efatura-stage.elogo.com.tr/'

2021-11-11 09:45:15 - [MESSAGE][PASSED] - Browser is opened with url: 'https://efatura-stage.elogo.com.tr/'

2021-11-11 09:45:15 - [TEST_STEP][PASSED] - maximizeWindow(): Invoke 'com.kms.katalon.core.annotation.BeforeTestCase' method: 'Listener.sampleBeforeTestSuite(...)' completed.

2021-11-11 09:45:15 - [MESSAGE][INFO] - Maximizing current window

2021-11-11 09:45:16 - [MESSAGE][PASSED] - Current window maximized

2021-11-11 09:45:16 - [MESSAGE][INFO] - Invoke 'com.kms.katalon.core.annotation.BeforeTestCase' method: 'Listener.sampleBeforeTestSuite(...)' completed.

2021-11-11 09:45:16 - [TEST_STEP][PASSED] - runFeatureFile("Include/features/e-Makbuz/e-Mustahsil Uygulamasi/e-Mustahsil Makbuzlari/Toplu Indirme.feature"): Feature file: 'Include/features/e-Makbuz/e-Mustahsil Uygulamasi/e-Mustahsil Makbuzlari/Toplu Indirme.feature' was passed

2021-11-11 09:45:16 - [MESSAGE][INFO] - Starting run keyword runFeatureFile: 'Include/features/e-Makbuz/e-Mustahsil Uygulamasi/e-Mustahsil Makbuzlari/Toplu Indirme.feature' and extract report to folder: 'C:\Users\DELL\Documents\GitHub\EES_KatalonLogo\Reports\20211111_090730\Suite Repository\ExceleAktarVeTopluIndirme\20211111_090810/cucumber_report/1636613116579'...

2021-11-11 09:45:16 - [MESSAGE][INFO] - Glue: []

2021-11-11 09:45:17 - [MESSAGE][INFO] - Checking called Test Case

2021-11-11 09:45:17 - [MESSAGE][INFO] - Starting to call Test Case 'Test Cases/Sayfalar/Giris_Sayfasi/Login'

2021-11-11 09:45:17 - [TEST_CASE][PASSED] - Test Cases/Sayfalar/Giris_Sayfasi/Login: Test Cases/Sayfalar/Giris_Sayfasi/Login

2021-11-11 09:45:17 - [TEST_STEP][PASSED] - Sayfa_Basligi = getWindowTitle(): Current window's title is: 'LOGO e-Fatura'

2021-11-11 09:45:17 - [MESSAGE][INFO] - Getting current window's title

2021-11-11 09:45:17 - [MESSAGE][PASSED] - Current window's title is: 'LOGO e-Fatura'

2021-11-11 09:45:17 - [TEST_STEP][PASSED] - verifyMatch(Sayfa_Basligi, "LOGO e-Fatura", false): Actual text 'LOGO e-Fatura' and expected text 'LOGO e-Fatura' are matched 

2021-11-11 09:45:17 - [MESSAGE][INFO] - Matching actual text 'LOGO e-Fatura' with expected text 'LOGO e-Fatura'

2021-11-11 09:45:17 - [MESSAGE][PASSED] - Actual text 'LOGO e-Fatura' and expected text 'LOGO e-Fatura' are matched 

2021-11-11 09:45:17 - [TEST_STEP][PASSED] - sendKeys(findTestObject("Sayfalar/Giris_Sayfasi/Firma_Kodu"), KullaniciAdi): Keys 'ELOGO6' sent to object: 'Object Repository/Sayfalar/Giris_Sayfasi/Firma_Kodu'

2021-11-11 09:45:17 - [MESSAGE][INFO] - Finding Test Object 'Object Repository/Sayfalar/Giris_Sayfasi/Firma_Kodu'

2021-11-11 09:45:17 - [MESSAGE][INFO] - Sending keys 'ELOGO6' to object: 'Object Repository/Sayfalar/Giris_Sayfasi/Firma_Kodu'

2021-11-11 09:45:17 - [MESSAGE][INFO] - Finding web element from Test Object's properties

2021-11-11 09:45:17 - [MESSAGE][INFO] - Checking timeout

2021-11-11 09:45:17 - [MESSAGE][INFO] - Finding web element with id: 'Object Repository/Sayfalar/Giris_Sayfasi/Firma_Kodu' located by 'By.xpath: //*[@id = 'AccountName']' in '30' second(s)

2021-11-11 09:45:17 - [MESSAGE][INFO] - Smart Wait Function is triggered

2021-11-11 09:45:17 - [MESSAGE][INFO] - Found 1 web elements with id: 'Object Repository/Sayfalar/Giris_Sayfasi/Firma_Kodu' located by 'By.xpath: //*[@id = 'AccountName']' in '30' second(s)

2021-11-11 09:45:17 - [MESSAGE][PASSED] - Keys 'ELOGO6' sent to object: 'Object Repository/Sayfalar/Giris_Sayfasi/Firma_Kodu'

2021-11-11 09:45:17 - [TEST_STEP][PASSED] - sendKeys(findTestObject("Sayfalar/Giris_Sayfasi/Sifre"), Sifre): Keys '123456' sent to object: 'Object Repository/Sayfalar/Giris_Sayfasi/Sifre'

2021-11-11 09:45:17 - [MESSAGE][INFO] - Finding Test Object 'Object Repository/Sayfalar/Giris_Sayfasi/Sifre'

2021-11-11 09:45:18 - [MESSAGE][INFO] - Sending keys '123456' to object: 'Object Repository/Sayfalar/Giris_Sayfasi/Sifre'

2021-11-11 09:45:18 - [MESSAGE][INFO] - Finding web element from Test Object's properties

2021-11-11 09:45:18 - [MESSAGE][INFO] - Checking timeout

2021-11-11 09:45:18 - [MESSAGE][INFO] - Finding web element with id: 'Object Repository/Sayfalar/Giris_Sayfasi/Sifre' located by 'By.xpath: //*[@id = 'Password']' in '30' second(s)

2021-11-11 09:45:18 - [MESSAGE][INFO] - Smart Wait Function is triggered

2021-11-11 09:45:18 - [MESSAGE][INFO] - Found 1 web elements with id: 'Object Repository/Sayfalar/Giris_Sayfasi/Sifre' located by 'By.xpath: //*[@id = 'Password']' in '30' second(s)

2021-11-11 09:45:18 - [MESSAGE][PASSED] - Keys '123456' sent to object: 'Object Repository/Sayfalar/Giris_Sayfasi/Sifre'

2021-11-11 09:45:18 - [TEST_STEP][PASSED] - findWebElement(findTestObject("Sayfalar/Giris_Sayfasi/Giris_Butonu")).click(): Found 1 web elements with id: 'Object Repository/Sayfalar/Giris_Sayfasi/Giris_Butonu' located by 'By.cssSelector: #btnLogin' in '30' second(s)

2021-11-11 09:45:18 - [MESSAGE][INFO] - Finding Test Object 'Object Repository/Sayfalar/Giris_Sayfasi/Giris_Butonu'

2021-11-11 09:45:18 - [MESSAGE][INFO] - Finding web element from Test Object's properties

2021-11-11 09:45:18 - [MESSAGE][INFO] - Checking timeout

2021-11-11 09:45:18 - [MESSAGE][INFO] - Finding web element with id: 'Object Repository/Sayfalar/Giris_Sayfasi/Giris_Butonu' located by 'By.cssSelector: #btnLogin' in '30' second(s)

2021-11-11 09:45:18 - [MESSAGE][INFO] - Smart Wait Function is triggered

2021-11-11 09:45:18 - [MESSAGE][INFO] - Found 1 web elements with id: 'Object Repository/Sayfalar/Giris_Sayfasi/Giris_Butonu' located by 'By.cssSelector: #btnLogin' in '30' second(s)

2021-11-11 09:45:21 - [TEST_STEP][PASSED] - if (verifyElementPresent(findTestObject("Object Repository/Sayfalar/Giris_Sayfasi/RetveTamam_Butonu"), 5, OPTIONAL)): null

2021-11-11 09:45:21 - [MESSAGE][INFO] - Finding Test Object 'Object Repository/Sayfalar/Giris_Sayfasi/RetveTamam_Butonu'

2021-11-11 09:45:21 - [MESSAGE][INFO] - Checking object

2021-11-11 09:45:21 - [MESSAGE][INFO] - Finding web element from Test Object's properties

2021-11-11 09:45:21 - [MESSAGE][INFO] - Checking timeout

2021-11-11 09:45:21 - [MESSAGE][INFO] - Finding web element with id: 'Object Repository/Sayfalar/Giris_Sayfasi/RetveTamam_Butonu' located by 'By.xpath: //*[@class = 'btn btn-default']' in '5' second(s)

2021-11-11 09:45:21 - [MESSAGE][INFO] - Smart Wait Function is triggered

2021-11-11 09:45:21 - [MESSAGE][INFO] - Found 1 web elements with id: 'Object Repository/Sayfalar/Giris_Sayfasi/RetveTamam_Butonu' located by 'By.xpath: //*[@class = 'btn btn-default']' in '5' second(s)

2021-11-11 09:45:21 - [MESSAGE][PASSED] - Object 'Object Repository/Sayfalar/Giris_Sayfasi/RetveTamam_Butonu' is present

2021-11-11 09:45:21 - [TEST_STEP][PASSED] - click(findTestObject("Object Repository/Sayfalar/Giris_Sayfasi/RetveTamam_Butonu")): Object: 'Object Repository/Sayfalar/Giris_Sayfasi/RetveTamam_Butonu' is clicked on

2021-11-11 09:45:21 - [MESSAGE][INFO] - Finding Test Object 'Object Repository/Sayfalar/Giris_Sayfasi/RetveTamam_Butonu'

2021-11-11 09:45:21 - [MESSAGE][INFO] - Checking object

2021-11-11 09:45:21 - [MESSAGE][INFO] - Finding web element from Test Object's properties

2021-11-11 09:45:21 - [MESSAGE][INFO] - Checking timeout

2021-11-11 09:45:21 - [MESSAGE][INFO] - Finding web element with id: 'Object Repository/Sayfalar/Giris_Sayfasi/RetveTamam_Butonu' located by 'By.xpath: //*[@class = 'btn btn-default']' in '30' second(s)

2021-11-11 09:45:21 - [MESSAGE][INFO] - Smart Wait Function is triggered

2021-11-11 09:45:22 - [MESSAGE][INFO] - Found 1 web elements with id: 'Object Repository/Sayfalar/Giris_Sayfasi/RetveTamam_Butonu' located by 'By.xpath: //*[@class = 'btn btn-default']' in '30' second(s)

2021-11-11 09:45:22 - [MESSAGE][INFO] - Clicking on object: 'Object Repository/Sayfalar/Giris_Sayfasi/RetveTamam_Butonu'

2021-11-11 09:45:22 - [MESSAGE][PASSED] - Object: 'Object Repository/Sayfalar/Giris_Sayfasi/RetveTamam_Butonu' is clicked on

2021-11-11 09:45:22 - [TEST_STEP][PASSED] - click(findTestObject("Object Repository/Sayfalar/Giris_Sayfasi/RetveTamam_Butonu")): Object: 'Object Repository/Sayfalar/Giris_Sayfasi/RetveTamam_Butonu' is clicked on

2021-11-11 09:45:22 - [MESSAGE][INFO] - Finding Test Object 'Object Repository/Sayfalar/Giris_Sayfasi/RetveTamam_Butonu'

2021-11-11 09:45:22 - [MESSAGE][INFO] - Checking object

2021-11-11 09:45:22 - [MESSAGE][INFO] - Finding web element from Test Object's properties

2021-11-11 09:45:22 - [MESSAGE][INFO] - Checking timeout

2021-11-11 09:45:22 - [MESSAGE][INFO] - Finding web element with id: 'Object Repository/Sayfalar/Giris_Sayfasi/RetveTamam_Butonu' located by 'By.xpath: //*[@class = 'btn btn-default']' in '30' second(s)

2021-11-11 09:45:22 - [MESSAGE][INFO] - Smart Wait Function is triggered

2021-11-11 09:45:26 - [MESSAGE][INFO] - Found 1 web elements with id: 'Object Repository/Sayfalar/Giris_Sayfasi/RetveTamam_Butonu' located by 'By.xpath: //*[@class = 'btn btn-default']' in '30' second(s)

2021-11-11 09:45:26 - [MESSAGE][INFO] - Clicking on object: 'Object Repository/Sayfalar/Giris_Sayfasi/RetveTamam_Butonu'

2021-11-11 09:45:26 - [MESSAGE][PASSED] - Object: 'Object Repository/Sayfalar/Giris_Sayfasi/RetveTamam_Butonu' is clicked on

2021-11-11 09:45:26 - [TEST_STEP][PASSED] - if (verifyElementPresent(findTestObject("Sayfalar/Giris_Sayfasi/PopupOK"), 5, OPTIONAL)): null

2021-11-11 09:45:26 - [MESSAGE][INFO] - Finding Test Object 'Object Repository/Sayfalar/Giris_Sayfasi/PopupOK'

2021-11-11 09:45:26 - [MESSAGE][INFO] - Checking object

2021-11-11 09:45:26 - [MESSAGE][INFO] - Finding web element from Test Object's properties

2021-11-11 09:45:26 - [MESSAGE][INFO] - Checking timeout

2021-11-11 09:45:26 - [MESSAGE][INFO] - Finding web element with id: 'Object Repository/Sayfalar/Giris_Sayfasi/PopupOK' located by 'By.cssSelector: .btn.btn-success' in '5' second(s)

2021-11-11 09:45:26 - [MESSAGE][INFO] - Smart Wait Function is triggered

2021-11-11 09:45:27 - [MESSAGE][INFO] - Found 1 web elements with id: 'Object Repository/Sayfalar/Giris_Sayfasi/PopupOK' located by 'By.cssSelector: .btn.btn-success' in '5' second(s)

2021-11-11 09:45:27 - [MESSAGE][PASSED] - Object 'Object Repository/Sayfalar/Giris_Sayfasi/PopupOK' is present

2021-11-11 09:45:27 - [TEST_STEP][PASSED] - click(findTestObject("Object Repository/Sayfalar/Giris_Sayfasi/PopupCarpiGiris")): Object: 'Object Repository/Sayfalar/Giris_Sayfasi/PopupCarpiGiris' is clicked on

2021-11-11 09:45:27 - [MESSAGE][INFO] - Finding Test Object 'Object Repository/Sayfalar/Giris_Sayfasi/PopupCarpiGiris'

2021-11-11 09:45:27 - [MESSAGE][INFO] - Checking object

2021-11-11 09:45:27 - [MESSAGE][INFO] - Finding web element from Test Object's properties

2021-11-11 09:45:27 - [MESSAGE][INFO] - Checking timeout

2021-11-11 09:45:27 - [MESSAGE][INFO] - Finding web element with id: 'Object Repository/Sayfalar/Giris_Sayfasi/PopupCarpiGiris' located by 'By.cssSelector: .bootbox-close-button.close' in '30' second(s)

2021-11-11 09:45:27 - [MESSAGE][INFO] - Smart Wait Function is triggered

2021-11-11 09:45:27 - [MESSAGE][INFO] - Found 1 web elements with id: 'Object Repository/Sayfalar/Giris_Sayfasi/PopupCarpiGiris' located by 'By.cssSelector: .bootbox-close-button.close' in '30' second(s)

2021-11-11 09:45:27 - [MESSAGE][INFO] - Clicking on object: 'Object Repository/Sayfalar/Giris_Sayfasi/PopupCarpiGiris'

2021-11-11 09:45:27 - [MESSAGE][PASSED] - Object: 'Object Repository/Sayfalar/Giris_Sayfasi/PopupCarpiGiris' is clicked on

2021-11-11 09:45:27 - [TEST_STEP][PASSED] - verifyElementVisible(findTestObject("Object Repository/Kullanici_Islemleri/KullaniciIslemleri")): Object 'Object Repository/Kullanici_Islemleri/KullaniciIslemleri' is visible

2021-11-11 09:45:27 - [MESSAGE][INFO] - Finding Test Object 'Object Repository/Kullanici_Islemleri/KullaniciIslemleri'

2021-11-11 09:45:27 - [MESSAGE][INFO] - Checking object

2021-11-11 09:45:27 - [MESSAGE][INFO] - Finding web element from Test Object's properties

2021-11-11 09:45:27 - [MESSAGE][INFO] - Checking timeout

2021-11-11 09:45:27 - [MESSAGE][INFO] - Finding web element with id: 'Object Repository/Kullanici_Islemleri/KullaniciIslemleri' located by 'By.cssSelector: .dropdown>a>img' in '30' second(s)

2021-11-11 09:45:27 - [MESSAGE][INFO] - Smart Wait Function is triggered

2021-11-11 09:45:28 - [MESSAGE][INFO] - Found 1 web elements with id: 'Object Repository/Kullanici_Islemleri/KullaniciIslemleri' located by 'By.cssSelector: .dropdown>a>img' in '30' second(s)

2021-11-11 09:45:28 - [MESSAGE][PASSED] - Object 'Object Repository/Kullanici_Islemleri/KullaniciIslemleri' is visible

2021-11-11 09:45:28 - [MESSAGE][PASSED] - Call Test Case 'Test Cases/Sayfalar/Giris_Sayfasi/Login' successfully

2021-11-11 09:45:28 - [MESSAGE][INFO] - Checking called Test Case

2021-11-11 09:45:28 - [MESSAGE][INFO] - Starting to call Test Case 'Test Cases/Menu/AnaMenuSecimi'

2021-11-11 09:45:28 - [TEST_CASE][PASSED] - Test Cases/Menu/AnaMenuSecimi: Test Cases/Menu/AnaMenuSecimi

2021-11-11 09:45:28 - [TEST_STEP][PASSED] - Method.TextDegerineEsitElementeTikla(findTestObject("Menu/Ana_Menu"), Ana_Menu): Method.TextDegerineEsitElementeTikla is PASSED

2021-11-11 09:45:28 - [MESSAGE][INFO] - Finding Test Object 'Object Repository/Menu/Ana_Menu'

2021-11-11 09:45:28 - [MESSAGE][INFO] - Checking timeout

2021-11-11 09:45:28 - [MESSAGE][INFO] - Finding web element with id: 'Object Repository/Menu/Ana_Menu' located by 'By.xpath: //*[@class = 'dropdown-toggle']' in '10' second(s)

2021-11-11 09:45:28 - [MESSAGE][INFO] - Smart Wait Function is triggered

2021-11-11 09:45:29 - [MESSAGE][INFO] - Found 14 web elements with id: 'Object Repository/Menu/Ana_Menu' located by 'By.xpath: //*[@class = 'dropdown-toggle']' in '10' second(s)

2021-11-11 09:45:29 - [MESSAGE][PASSED] - Method.TextDegerineEsitElementeTikla is PASSED

2021-11-11 09:45:29 - [MESSAGE][PASSED] - Call Test Case 'Test Cases/Menu/AnaMenuSecimi' successfully

2021-11-11 09:45:29 - [MESSAGE][INFO] - Checking called Test Case

2021-11-11 09:45:29 - [MESSAGE][INFO] - Starting to call Test Case 'Test Cases/Menu/BasligaGoreAltMenuSecimi'

2021-11-11 09:45:29 - [TEST_CASE][PASSED] - Test Cases/Menu/BasligaGoreAltMenuSecimi: Test Cases/Menu/BasligaGoreAltMenuSecimi

2021-11-11 09:45:29 - [TEST_STEP][PASSED] - Method.TextDegerineEsitElementinAltindakiTextDegerineEsitOlanaTikla(findTestObject("Menu/Menu_Basligi"), findTestObject("Menu/Basliga_Gore_Alt_Menu"), Baslik, Alt_Menu): Method.TextDegerineEsitElementinAltindakiTextDegerineEsitOlanaTikla is PASSED

2021-11-11 09:45:29 - [MESSAGE][INFO] - Finding Test Object 'Object Repository/Menu/Menu_Basligi'

2021-11-11 09:45:29 - [MESSAGE][INFO] - Finding Test Object 'Object Repository/Menu/Basliga_Gore_Alt_Menu'

2021-11-11 09:45:29 - [MESSAGE][INFO] - Checking timeout

2021-11-11 09:45:29 - [MESSAGE][INFO] - Finding web element with id: 'Object Repository/Menu/Menu_Basligi' located by 'By.xpath: //li[@class='dropdown dropdown-large open']//li[@class='dropdown-header']' in '10' second(s)

2021-11-11 09:45:29 - [MESSAGE][INFO] - Smart Wait Function is triggered

2021-11-11 09:45:29 - [MESSAGE][INFO] - Found 2 web elements with id: 'Object Repository/Menu/Menu_Basligi' located by 'By.xpath: //li[@class='dropdown dropdown-large open']//li[@class='dropdown-header']' in '10' second(s)

2021-11-11 09:45:29 - [MESSAGE][INFO] - Smart Wait Function is triggered

2021-11-11 09:45:31 - [MESSAGE][PASSED] - Method.TextDegerineEsitElementinAltindakiTextDegerineEsitOlanaTikla is PASSED

2021-11-11 09:45:31 - [MESSAGE][PASSED] - Call Test Case 'Test Cases/Menu/BasligaGoreAltMenuSecimi' successfully

2021-11-11 09:45:31 - [MESSAGE][INFO] - Checking called Test Case

2021-11-11 09:45:31 - [MESSAGE][INFO] - Starting to call Test Case 'Test Cases/Filtreler/BaslangicYaz'

2021-11-11 09:45:32 - [TEST_CASE][PASSED] - Test Cases/Filtreler/BaslangicYaz: Test Cases/Filtreler/BaslangicYaz

2021-11-11 09:45:32 - [TEST_STEP][PASSED] - Method.TextDegerineEsitElementinAltindakineTikla(findTestObject("Filtreler/Basliklar"), findTestObject("Filtreler/Basliga_Gore_Baslangic_Image"), Filtre_Adi): Method.TextDegerineEsitElementinAltindakineTikla is PASSED

2021-11-11 09:45:32 - [MESSAGE][INFO] - Finding Test Object 'Object Repository/Filtreler/Basliklar'

2021-11-11 09:45:32 - [MESSAGE][INFO] - Finding Test Object 'Object Repository/Filtreler/Basliga_Gore_Baslangic_Image'

2021-11-11 09:45:32 - [MESSAGE][INFO] - Checking timeout

2021-11-11 09:45:32 - [MESSAGE][INFO] - Finding web element with id: 'Object Repository/Filtreler/Basliklar' located by 'By.cssSelector: .control-label.col-sm-4.paddingMarginRLC' in '10' second(s)

2021-11-11 09:45:32 - [MESSAGE][INFO] - Smart Wait Function is triggered

2021-11-11 09:45:32 - [MESSAGE][INFO] - Found 14 web elements with id: 'Object Repository/Filtreler/Basliklar' located by 'By.cssSelector: .control-label.col-sm-4.paddingMarginRLC' in '10' second(s)

2021-11-11 09:45:32 - [MESSAGE][INFO] - Smart Wait Function is triggered

2021-11-11 09:45:32 - [MESSAGE][PASSED] - Method.TextDegerineEsitElementinAltindakineTikla is PASSED

2021-11-11 09:45:32 - [TEST_STEP][PASSED] - Method.TextDegerineEsitElementinAltindakiTextboxtaYaz(findTestObject("Filtreler/Basliklar"), findTestObject("Filtreler/Basliga_Gore_Baslangic"), Filtre_Adi, Filtre_Degeri): Method.TextDegerineEsitElementinAltindakiTextboxtaYaz is PASSED

2021-11-11 09:45:32 - [MESSAGE][INFO] - Finding Test Object 'Object Repository/Filtreler/Basliklar'

2021-11-11 09:45:32 - [MESSAGE][INFO] - Finding Test Object 'Object Repository/Filtreler/Basliga_Gore_Baslangic'

2021-11-11 09:45:33 - [MESSAGE][INFO] - Checking timeout

2021-11-11 09:45:33 - [MESSAGE][INFO] - Finding web element with id: 'Object Repository/Filtreler/Basliklar' located by 'By.cssSelector: .control-label.col-sm-4.paddingMarginRLC' in '10' second(s)

2021-11-11 09:45:33 - [MESSAGE][INFO] - Smart Wait Function is triggered

2021-11-11 09:45:33 - [MESSAGE][INFO] - Found 14 web elements with id: 'Object Repository/Filtreler/Basliklar' located by 'By.cssSelector: .control-label.col-sm-4.paddingMarginRLC' in '10' second(s)

2021-11-11 09:45:33 - [MESSAGE][INFO] - Smart Wait Function is triggered

2021-11-11 09:45:33 - [MESSAGE][PASSED] - Method.TextDegerineEsitElementinAltindakiTextboxtaYaz is PASSED

2021-11-11 09:45:33 - [MESSAGE][PASSED] - Call Test Case 'Test Cases/Filtreler/BaslangicYaz' successfully

2021-11-11 09:45:33 - [MESSAGE][INFO] - Checking called Test Case

2021-11-11 09:45:33 - [MESSAGE][INFO] - Starting to call Test Case 'Test Cases/Filtreler/BitisYaz'

2021-11-11 09:45:33 - [TEST_CASE][PASSED] - Test Cases/Filtreler/BitisYaz: Test Cases/Filtreler/BitisYaz

2021-11-11 09:45:33 - [TEST_STEP][PASSED] - Method.TextDegerineEsitElementinAltindakineTikla(findTestObject("Filtreler/Basliklar"), findTestObject("Filtreler/Basliga_Gore_Bitis_Image"), Filtre_Adi): Method.TextDegerineEsitElementinAltindakineTikla is PASSED

2021-11-11 09:45:33 - [MESSAGE][INFO] - Finding Test Object 'Object Repository/Filtreler/Basliklar'

2021-11-11 09:45:34 - [MESSAGE][INFO] - Finding Test Object 'Object Repository/Filtreler/Basliga_Gore_Bitis_Image'

2021-11-11 09:45:34 - [MESSAGE][INFO] - Checking timeout

2021-11-11 09:45:34 - [MESSAGE][INFO] - Finding web element with id: 'Object Repository/Filtreler/Basliklar' located by 'By.cssSelector: .control-label.col-sm-4.paddingMarginRLC' in '10' second(s)

2021-11-11 09:45:34 - [MESSAGE][INFO] - Smart Wait Function is triggered

2021-11-11 09:45:34 - [MESSAGE][INFO] - Found 14 web elements with id: 'Object Repository/Filtreler/Basliklar' located by 'By.cssSelector: .control-label.col-sm-4.paddingMarginRLC' in '10' second(s)

2021-11-11 09:45:34 - [MESSAGE][INFO] - Smart Wait Function is triggered

2021-11-11 09:45:34 - [MESSAGE][PASSED] - Method.TextDegerineEsitElementinAltindakineTikla is PASSED

2021-11-11 09:45:34 - [TEST_STEP][PASSED] - Method.TextDegerineEsitElementinAltindakiTextboxtaYaz(findTestObject("Filtreler/Basliklar"), findTestObject("Object Repository/Filtreler/Basliga_Gore_Bitis"), Filtre_Adi, Filtre_Degeri): Method.TextDegerineEsitElementinAltindakiTextboxtaYaz is PASSED

2021-11-11 09:45:34 - [MESSAGE][INFO] - Finding Test Object 'Object Repository/Filtreler/Basliklar'

2021-11-11 09:45:35 - [MESSAGE][INFO] - Finding Test Object 'Object Repository/Filtreler/Basliga_Gore_Bitis'

2021-11-11 09:45:35 - [MESSAGE][INFO] - Checking timeout

2021-11-11 09:45:35 - [MESSAGE][INFO] - Finding web element with id: 'Object Repository/Filtreler/Basliklar' located by 'By.cssSelector: .control-label.col-sm-4.paddingMarginRLC' in '10' second(s)

2021-11-11 09:45:35 - [MESSAGE][INFO] - Smart Wait Function is triggered

2021-11-11 09:45:35 - [MESSAGE][INFO] - Found 14 web elements with id: 'Object Repository/Filtreler/Basliklar' located by 'By.cssSelector: .control-label.col-sm-4.paddingMarginRLC' in '10' second(s)

2021-11-11 09:45:35 - [MESSAGE][INFO] - Smart Wait Function is triggered

2021-11-11 09:45:35 - [MESSAGE][PASSED] - Method.TextDegerineEsitElementinAltindakiTextboxtaYaz is PASSED

2021-11-11 09:45:35 - [MESSAGE][PASSED] - Call Test Case 'Test Cases/Filtreler/BitisYaz' successfully

2021-11-11 09:45:35 - [MESSAGE][INFO] - Checking called Test Case

2021-11-11 09:45:35 - [MESSAGE][INFO] - Starting to call Test Case 'Test Cases/Filtreler/ButonaTikla'

2021-11-11 09:45:35 - [TEST_CASE][PASSED] - Test Cases/Filtreler/ButonaTikla: Test Cases/Filtreler/ButonaTikla

2021-11-11 09:45:35 - [TEST_STEP][PASSED] - Method.TextDegerineEsitElementeTikla(findTestObject("Filtreler/Butonlar"), Filtre_Buton): Method.TextDegerineEsitElementeTikla is PASSED

2021-11-11 09:45:35 - [MESSAGE][INFO] - Finding Test Object 'Object Repository/Filtreler/Butonlar'

2021-11-11 09:45:36 - [MESSAGE][INFO] - Checking timeout

2021-11-11 09:45:36 - [MESSAGE][INFO] - Finding web element with id: 'Object Repository/Filtreler/Butonlar' located by 'By.cssSelector: .dxb>span' in '10' second(s)

2021-11-11 09:45:36 - [MESSAGE][INFO] - Smart Wait Function is triggered

2021-11-11 09:45:36 - [MESSAGE][INFO] - Found 3 web elements with id: 'Object Repository/Filtreler/Butonlar' located by 'By.cssSelector: .dxb>span' in '10' second(s)

2021-11-11 09:45:36 - [MESSAGE][PASSED] - Method.TextDegerineEsitElementeTikla is PASSED

2021-11-11 09:45:36 - [MESSAGE][PASSED] - Call Test Case 'Test Cases/Filtreler/ButonaTikla' successfully

2021-11-11 09:45:36 - [MESSAGE][INFO] - Checking called Test Case

2021-11-11 09:45:36 - [MESSAGE][INFO] - Starting to call Test Case 'Test Cases/Tablo/TablodaVeriVarMi'

2021-11-11 09:45:36 - [TEST_CASE][PASSED] - Test Cases/Tablo/TablodaVeriVarMi: Test Cases/Tablo/TablodaVeriVarMi

2021-11-11 09:45:36 - [TEST_STEP][PASSED] - verifyTextNotPresent("Görüntülenecek veri yok", true): Text 'Görüntülenecek veri yok' is not present on page using regular expression

2021-11-11 09:45:36 - [MESSAGE][INFO] - Checking text present  using regular expression

2021-11-11 09:45:36 - [MESSAGE][INFO] - Smart Wait Function is triggered

2021-11-11 09:45:37 - [MESSAGE][INFO] - Finding text 'Görüntülenecek veri yok' on page  using regular expression

2021-11-11 09:45:37 - [MESSAGE][PASSED] - Text 'Görüntülenecek veri yok' is not present on page using regular expression

2021-11-11 09:45:37 - [MESSAGE][PASSED] - Call Test Case 'Test Cases/Tablo/TablodaVeriVarMi' successfully

2021-11-11 09:45:37 - [MESSAGE][INFO] - Checking called Test Case

2021-11-11 09:45:37 - [MESSAGE][INFO] - Starting to call Test Case 'Test Cases/Tablo/TablodanVeriSec'

2021-11-11 09:45:37 - [TEST_CASE][PASSED] - Test Cases/Tablo/TablodanVeriSec: Test Cases/Tablo/TablodanVeriSec

2021-11-11 09:45:37 - [TEST_STEP][PASSED] - Method.TextDegerineEsitElementinAltindakineTikla(findTestObject("Tablo/Veriler"), findTestObject("Tablo/VerininCheckBoxi"), Veri_Adi): Method.TextDegerineEsitElementinAltindakineTikla is PASSED

2021-11-11 09:45:37 - [MESSAGE][INFO] - Finding Test Object 'Object Repository/Tablo/Veriler'

2021-11-11 09:45:37 - [MESSAGE][INFO] - Finding Test Object 'Object Repository/Tablo/VerininCheckBoxi'

2021-11-11 09:45:37 - [MESSAGE][INFO] - Checking timeout

2021-11-11 09:45:37 - [MESSAGE][INFO] - Finding web element with id: 'Object Repository/Tablo/Veriler' located by 'By.cssSelector: td.dxgv b ,td.dxgv' in '10' second(s)

2021-11-11 09:45:37 - [MESSAGE][INFO] - Smart Wait Function is triggered

2021-11-11 09:45:37 - [MESSAGE][INFO] - Found 13 web elements with id: 'Object Repository/Tablo/Veriler' located by 'By.cssSelector: td.dxgv b ,td.dxgv' in '10' second(s)

2021-11-11 09:45:37 - [MESSAGE][INFO] - Smart Wait Function is triggered

2021-11-11 09:45:38 - [MESSAGE][PASSED] - Method.TextDegerineEsitElementinAltindakineTikla is PASSED

2021-11-11 09:45:38 - [MESSAGE][PASSED] - Call Test Case 'Test Cases/Tablo/TablodanVeriSec' successfully

2021-11-11 09:45:38 - [MESSAGE][INFO] - Checking called Test Case

2021-11-11 09:45:38 - [MESSAGE][INFO] - Starting to call Test Case 'Test Cases/Butonlar/ButonaTikla'

2021-11-11 09:45:38 - [TEST_CASE][PASSED] - Test Cases/Butonlar/ButonaTikla: Test Cases/Butonlar/ButonaTikla

2021-11-11 09:45:38 - [TEST_STEP][PASSED] - Method.TextDegerineEsitElementeTiklaEquals(findTestObject("Butonlar/Butonlar"), Buton_Adi): Method.TextDegerineEsitElementeTiklaEquals is PASSED

2021-11-11 09:45:38 - [MESSAGE][INFO] - Finding Test Object 'Object Repository/Butonlar/Butonlar'

2021-11-11 09:45:38 - [MESSAGE][INFO] - Checking timeout

2021-11-11 09:45:38 - [MESSAGE][INFO] - Finding web element with id: 'Object Repository/Butonlar/Butonlar' located by 'By.cssSelector: .panel.panel-default.text-center.footerPanel .btn,.btn.btn-primary.btnControls' in '10' second(s)

2021-11-11 09:45:38 - [MESSAGE][INFO] - Smart Wait Function is triggered

2021-11-11 09:45:38 - [MESSAGE][INFO] - Found 13 web elements with id: 'Object Repository/Butonlar/Butonlar' located by 'By.cssSelector: .panel.panel-default.text-center.footerPanel .btn,.btn.btn-primary.btnControls' in '10' second(s)

2021-11-11 09:45:38 - [MESSAGE][PASSED] - Method.TextDegerineEsitElementeTiklaEquals is PASSED

2021-11-11 09:45:38 - [MESSAGE][PASSED] - Call Test Case 'Test Cases/Butonlar/ButonaTikla' successfully

2021-11-11 09:45:38 - [MESSAGE][INFO] - Checking called Test Case

2021-11-11 09:45:38 - [MESSAGE][INFO] - Starting to call Test Case 'Test Cases/Butonlar/AltButonaTikla'

2021-11-11 09:45:38 - [TEST_CASE][PASSED] - Test Cases/Butonlar/AltButonaTikla: Test Cases/Butonlar/AltButonaTikla

2021-11-11 09:45:38 - [TEST_STEP][PASSED] - Method.TextDegerineEsitElementeTikla(findTestObject("Butonlar/AltButonlar"), Alt_Buton): Method.TextDegerineEsitElementeTikla is PASSED

2021-11-11 09:45:38 - [MESSAGE][INFO] - Finding Test Object 'Object Repository/Butonlar/AltButonlar'

2021-11-11 09:45:38 - [MESSAGE][INFO] - Checking timeout

2021-11-11 09:45:38 - [MESSAGE][INFO] - Finding web element with id: 'Object Repository/Butonlar/AltButonlar' located by 'By.cssSelector: .btn-group.open li>a' in '10' second(s)

2021-11-11 09:45:38 - [MESSAGE][INFO] - Smart Wait Function is triggered

2021-11-11 09:45:39 - [MESSAGE][INFO] - Found 4 web elements with id: 'Object Repository/Butonlar/AltButonlar' located by 'By.cssSelector: .btn-group.open li>a' in '10' second(s)

2021-11-11 09:45:39 - [MESSAGE][PASSED] - Method.TextDegerineEsitElementeTikla is PASSED

2021-11-11 09:45:39 - [MESSAGE][PASSED] - Call Test Case 'Test Cases/Butonlar/AltButonaTikla' successfully

2021-11-11 09:45:39 - [MESSAGE][INFO] - Checking called Test Case

2021-11-11 09:45:39 - [MESSAGE][INFO] - Starting to call Test Case 'Test Cases/Popup/PopupMesajiIceriyorMu'

2021-11-11 09:45:39 - [TEST_CASE][PASSED] - Test Cases/Popup/PopupMesajiIceriyorMu: Test Cases/Popup/PopupMesajiIceriyorMu

2021-11-11 09:45:39 - [TEST_STEP][PASSED] - waitForElementVisible(findTestObject("Popup/Popup"), 10): Object 'Object Repository/Popup/Popup' is visible

2021-11-11 09:45:39 - [MESSAGE][INFO] - Finding Test Object 'Object Repository/Popup/Popup'

2021-11-11 09:45:39 - [MESSAGE][INFO] - Checking object

2021-11-11 09:45:39 - [MESSAGE][INFO] - Checking timeout

2021-11-11 09:45:39 - [MESSAGE][INFO] - Finding web element from Test Object's properties

2021-11-11 09:45:39 - [MESSAGE][INFO] - Checking timeout

2021-11-11 09:45:39 - [MESSAGE][INFO] - Finding web element with id: 'Object Repository/Popup/Popup' located by 'By.cssSelector: .bootbox-body' in '10' second(s)

2021-11-11 09:45:39 - [MESSAGE][INFO] - Smart Wait Function is triggered

2021-11-11 09:45:40 - [MESSAGE][INFO] - Found 1 web elements with id: 'Object Repository/Popup/Popup' located by 'By.cssSelector: .bootbox-body' in '10' second(s)

2021-11-11 09:45:40 - [MESSAGE][PASSED] - Object 'Object Repository/Popup/Popup' is visible

2021-11-11 09:45:40 - [TEST_STEP][PASSED] - if (!(getText(findTestObject("Popup/Popup")).contains(Mesaj))): Text of object 'Object Repository/Popup/Popup' is: 'Lütfen rapor bildiriminin gönderileceği e-posta adresini belirtiniz.
e-Posta Adresi'

2021-11-11 09:45:40 - [MESSAGE][INFO] - Finding Test Object 'Object Repository/Popup/Popup'

2021-11-11 09:45:40 - [MESSAGE][INFO] - Checking object

2021-11-11 09:45:40 - [MESSAGE][INFO] - Finding web element from Test Object's properties

2021-11-11 09:45:40 - [MESSAGE][INFO] - Checking timeout

2021-11-11 09:45:40 - [MESSAGE][INFO] - Finding web element with id: 'Object Repository/Popup/Popup' located by 'By.cssSelector: .bootbox-body' in '30' second(s)

2021-11-11 09:45:40 - [MESSAGE][INFO] - Smart Wait Function is triggered

2021-11-11 09:45:40 - [MESSAGE][INFO] - Found 1 web elements with id: 'Object Repository/Popup/Popup' located by 'By.cssSelector: .bootbox-body' in '30' second(s)

2021-11-11 09:45:40 - [MESSAGE][INFO] - Getting text of object 'Object Repository/Popup/Popup'

2021-11-11 09:45:40 - [MESSAGE][PASSED] - Text of object 'Object Repository/Popup/Popup' is: 'Lütfen rapor bildiriminin gönderileceği e-posta adresini belirtiniz.
e-Posta Adresi'

2021-11-11 09:45:40 - [TEST_STEP][PASSED] - RaporNo = getText(findTestObject("Popup/Popup")).substring(0, 6): Text of object 'Object Repository/Popup/Popup' is: 'Lütfen rapor bildiriminin gönderileceği e-posta adresini belirtiniz.
e-Posta Adresi'

2021-11-11 09:45:40 - [MESSAGE][INFO] - Finding Test Object 'Object Repository/Popup/Popup'

2021-11-11 09:45:40 - [MESSAGE][INFO] - Checking object

2021-11-11 09:45:40 - [MESSAGE][INFO] - Finding web element from Test Object's properties

2021-11-11 09:45:40 - [MESSAGE][INFO] - Checking timeout

2021-11-11 09:45:40 - [MESSAGE][INFO] - Finding web element with id: 'Object Repository/Popup/Popup' located by 'By.cssSelector: .bootbox-body' in '30' second(s)

2021-11-11 09:45:40 - [MESSAGE][INFO] - Smart Wait Function is triggered

2021-11-11 09:45:41 - [MESSAGE][INFO] - Found 1 web elements with id: 'Object Repository/Popup/Popup' located by 'By.cssSelector: .bootbox-body' in '30' second(s)

2021-11-11 09:45:41 - [MESSAGE][INFO] - Getting text of object 'Object Repository/Popup/Popup'

2021-11-11 09:45:41 - [MESSAGE][PASSED] - Text of object 'Object Repository/Popup/Popup' is: 'Lütfen rapor bildiriminin gönderileceği e-posta adresini belirtiniz.
e-Posta Adresi'

2021-11-11 09:45:41 - [TEST_STEP][PASSED] - Console.println(RaporNo): null

2021-11-11 09:45:41 - [MESSAGE][PASSED] - Call Test Case 'Test Cases/Popup/PopupMesajiIceriyorMu' successfully

2021-11-11 09:45:41 - [MESSAGE][INFO] - Checking called Test Case

2021-11-11 09:45:41 - [MESSAGE][INFO] - Starting to call Test Case 'Test Cases/Popup/PopupaEmailEklenir'

2021-11-11 09:45:41 - [TEST_CASE][PASSED] - Test Cases/Popup/PopupaEmailEklenir: Test Cases/Popup/PopupaEmailEklenir

2021-11-11 09:45:41 - [TEST_STEP][PASSED] - clearText(findTestObject("Popup/EmailText")): Text of object 'Object Repository/Popup/EmailText' is cleared

2021-11-11 09:45:41 - [MESSAGE][INFO] - Finding Test Object 'Object Repository/Popup/EmailText'

2021-11-11 09:45:41 - [MESSAGE][INFO] - Checking object

2021-11-11 09:45:41 - [MESSAGE][INFO] - Finding web element from Test Object's properties

2021-11-11 09:45:41 - [MESSAGE][INFO] - Checking timeout

2021-11-11 09:45:41 - [MESSAGE][INFO] - Finding web element with id: 'Object Repository/Popup/EmailText' located by 'By.xpath: //*[@id="eMails"]' in '30' second(s)

2021-11-11 09:45:41 - [MESSAGE][INFO] - Smart Wait Function is triggered

2021-11-11 09:45:41 - [MESSAGE][INFO] - Found 1 web elements with id: 'Object Repository/Popup/EmailText' located by 'By.xpath: //*[@id="eMails"]' in '30' second(s)

2021-11-11 09:45:41 - [MESSAGE][INFO] - Clearing text of object 'Object Repository/Popup/EmailText'

2021-11-11 09:45:41 - [MESSAGE][PASSED] - Text of object 'Object Repository/Popup/EmailText' is cleared

2021-11-11 09:45:41 - [TEST_STEP][PASSED] - sendKeys(findTestObject("Popup/EmailText"), Email): Keys 'elogotest@gmail.com;ali.kara@logo.com.tr' sent to object: 'Object Repository/Popup/EmailText'

2021-11-11 09:45:41 - [MESSAGE][INFO] - Finding Test Object 'Object Repository/Popup/EmailText'

2021-11-11 09:45:42 - [MESSAGE][INFO] - Sending keys 'elogotest@gmail.com;ali.kara@logo.com.tr' to object: 'Object Repository/Popup/EmailText'

2021-11-11 09:45:42 - [MESSAGE][INFO] - Finding web element from Test Object's properties

2021-11-11 09:45:42 - [MESSAGE][INFO] - Checking timeout

2021-11-11 09:45:42 - [MESSAGE][INFO] - Finding web element with id: 'Object Repository/Popup/EmailText' located by 'By.xpath: //*[@id="eMails"]' in '30' second(s)

2021-11-11 09:45:42 - [MESSAGE][INFO] - Smart Wait Function is triggered

2021-11-11 09:45:42 - [MESSAGE][INFO] - Found 1 web elements with id: 'Object Repository/Popup/EmailText' located by 'By.xpath: //*[@id="eMails"]' in '30' second(s)

2021-11-11 09:45:42 - [MESSAGE][PASSED] - Keys 'elogotest@gmail.com;ali.kara@logo.com.tr' sent to object: 'Object Repository/Popup/EmailText'

2021-11-11 09:45:42 - [MESSAGE][PASSED] - Call Test Case 'Test Cases/Popup/PopupaEmailEklenir' successfully

2021-11-11 09:45:42 - [MESSAGE][INFO] - Checking called Test Case

2021-11-11 09:45:42 - [MESSAGE][INFO] - Starting to call Test Case 'Test Cases/Popup/PopupButonSecilir'

2021-11-11 09:45:42 - [TEST_CASE][PASSED] - Test Cases/Popup/PopupButonSecilir: Test Cases/Popup/PopupButonSecilir

2021-11-11 09:45:42 - [TEST_STEP][PASSED] - Method.TextDegerineEsitElementeTikla(findTestObject("Popup/Popup_Butons"), Buton): Method.TextDegerineEsitElementeTikla is PASSED

2021-11-11 09:45:42 - [MESSAGE][INFO] - Finding Test Object 'Object Repository/Popup/Popup_Butons'

2021-11-11 09:45:42 - [MESSAGE][INFO] - Checking timeout

2021-11-11 09:45:42 - [MESSAGE][INFO] - Finding web element with id: 'Object Repository/Popup/Popup_Butons' located by 'By.cssSelector: .modal-footer>button' in '10' second(s)

2021-11-11 09:45:42 - [MESSAGE][INFO] - Smart Wait Function is triggered

2021-11-11 09:45:42 - [MESSAGE][INFO] - Found 2 web elements with id: 'Object Repository/Popup/Popup_Butons' located by 'By.cssSelector: .modal-footer>button' in '10' second(s)

2021-11-11 09:45:42 - [MESSAGE][PASSED] - Method.TextDegerineEsitElementeTikla is PASSED

2021-11-11 09:45:42 - [MESSAGE][PASSED] - Call Test Case 'Test Cases/Popup/PopupButonSecilir' successfully

2021-11-11 09:45:42 - [MESSAGE][INFO] - Checking called Test Case

2021-11-11 09:45:42 - [MESSAGE][INFO] - Starting to call Test Case 'Test Cases/Popup/PopupMesajiIceriyorMu'

2021-11-11 09:45:43 - [TEST_CASE][PASSED] - Test Cases/Popup/PopupMesajiIceriyorMu: Test Cases/Popup/PopupMesajiIceriyorMu

2021-11-11 09:45:43 - [TEST_STEP][PASSED] - waitForElementVisible(findTestObject("Popup/Popup"), 10): Object 'Object Repository/Popup/Popup' is visible

2021-11-11 09:45:43 - [MESSAGE][INFO] - Finding Test Object 'Object Repository/Popup/Popup'

2021-11-11 09:45:43 - [MESSAGE][INFO] - Checking object

2021-11-11 09:45:43 - [MESSAGE][INFO] - Checking timeout

2021-11-11 09:45:43 - [MESSAGE][INFO] - Finding web element from Test Object's properties

2021-11-11 09:45:43 - [MESSAGE][INFO] - Checking timeout

2021-11-11 09:45:43 - [MESSAGE][INFO] - Finding web element with id: 'Object Repository/Popup/Popup' located by 'By.cssSelector: .bootbox-body' in '10' second(s)

2021-11-11 09:45:43 - [MESSAGE][INFO] - Smart Wait Function is triggered

2021-11-11 09:45:43 - [MESSAGE][INFO] - Found 1 web elements with id: 'Object Repository/Popup/Popup' located by 'By.cssSelector: .bootbox-body' in '10' second(s)

2021-11-11 09:45:43 - [MESSAGE][PASSED] - Object 'Object Repository/Popup/Popup' is visible

2021-11-11 09:45:43 - [TEST_STEP][PASSED] - if (!(getText(findTestObject("Popup/Popup")).contains(Mesaj))): Text of object 'Object Repository/Popup/Popup' is: '16277 no’lu talebiniz işleme alınmıştır. Raporunuz hazırlandığında (elogotest@gmail.com;ali.kara@logo.com.tr) adresinize mail gönderilecektir.
Rapor durumunuzu Raporlar > Toplu Veri İndirme ekranından takip edebilir, hazırlandı durumundaki raporlarınızı ilgili menüden indirebilirsiniz.'

2021-11-11 09:45:43 - [MESSAGE][INFO] - Finding Test Object 'Object Repository/Popup/Popup'

2021-11-11 09:45:44 - [MESSAGE][INFO] - Checking object

2021-11-11 09:45:44 - [MESSAGE][INFO] - Finding web element from Test Object's properties

2021-11-11 09:45:44 - [MESSAGE][INFO] - Checking timeout

2021-11-11 09:45:44 - [MESSAGE][INFO] - Finding web element with id: 'Object Repository/Popup/Popup' located by 'By.cssSelector: .bootbox-body' in '30' second(s)

2021-11-11 09:45:44 - [MESSAGE][INFO] - Smart Wait Function is triggered

2021-11-11 09:45:44 - [MESSAGE][INFO] - Found 1 web elements with id: 'Object Repository/Popup/Popup' located by 'By.cssSelector: .bootbox-body' in '30' second(s)

2021-11-11 09:45:44 - [MESSAGE][INFO] - Getting text of object 'Object Repository/Popup/Popup'

2021-11-11 09:45:44 - [MESSAGE][PASSED] - Text of object 'Object Repository/Popup/Popup' is: '16277 no’lu talebiniz işleme alınmıştır. Raporunuz hazırlandığında (elogotest@gmail.com;ali.kara@logo.com.tr) adresinize mail gönderilecektir.
Rapor durumunuzu Raporlar > Toplu Veri İndirme ekranından takip edebilir, hazırlandı durumundaki raporlarınızı ilgili menüden indirebilirsiniz.'

2021-11-11 09:45:44 - [TEST_STEP][PASSED] - RaporNo = getText(findTestObject("Popup/Popup")).substring(0, 6): Text of object 'Object Repository/Popup/Popup' is: '16277 no’lu talebiniz işleme alınmıştır. Raporunuz hazırlandığında (elogotest@gmail.com;ali.kara@logo.com.tr) adresinize mail gönderilecektir.
Rapor durumunuzu Raporlar > Toplu Veri İndirme ekranından takip edebilir, hazırlandı durumundaki raporlarınızı ilgili menüden indirebilirsiniz.'

2021-11-11 09:45:44 - [MESSAGE][INFO] - Finding Test Object 'Object Repository/Popup/Popup'

2021-11-11 09:45:44 - [MESSAGE][INFO] - Checking object

2021-11-11 09:45:44 - [MESSAGE][INFO] - Finding web element from Test Object's properties

2021-11-11 09:45:44 - [MESSAGE][INFO] - Checking timeout

2021-11-11 09:45:44 - [MESSAGE][INFO] - Finding web element with id: 'Object Repository/Popup/Popup' located by 'By.cssSelector: .bootbox-body' in '30' second(s)

2021-11-11 09:45:44 - [MESSAGE][INFO] - Smart Wait Function is triggered

2021-11-11 09:45:44 - [MESSAGE][INFO] - Found 1 web elements with id: 'Object Repository/Popup/Popup' located by 'By.cssSelector: .bootbox-body' in '30' second(s)

2021-11-11 09:45:44 - [MESSAGE][INFO] - Getting text of object 'Object Repository/Popup/Popup'

2021-11-11 09:45:44 - [MESSAGE][PASSED] - Text of object 'Object Repository/Popup/Popup' is: '16277 no’lu talebiniz işleme alınmıştır. Raporunuz hazırlandığında (elogotest@gmail.com;ali.kara@logo.com.tr) adresinize mail gönderilecektir.
Rapor durumunuzu Raporlar > Toplu Veri İndirme ekranından takip edebilir, hazırlandı durumundaki raporlarınızı ilgili menüden indirebilirsiniz.'

2021-11-11 09:45:44 - [TEST_STEP][PASSED] - Console.println(RaporNo): null

2021-11-11 09:45:44 - [MESSAGE][PASSED] - Call Test Case 'Test Cases/Popup/PopupMesajiIceriyorMu' successfully

2021-11-11 09:45:44 - [MESSAGE][INFO] - Checking called Test Case

2021-11-11 09:45:44 - [MESSAGE][INFO] - Starting to call Test Case 'Test Cases/Popup/PopupButonSecilir'

2021-11-11 09:45:44 - [TEST_CASE][PASSED] - Test Cases/Popup/PopupButonSecilir: Test Cases/Popup/PopupButonSecilir

2021-11-11 09:45:44 - [TEST_STEP][PASSED] - Method.TextDegerineEsitElementeTikla(findTestObject("Popup/Popup_Butons"), Buton): Method.TextDegerineEsitElementeTikla is PASSED

2021-11-11 09:45:44 - [MESSAGE][INFO] - Finding Test Object 'Object Repository/Popup/Popup_Butons'

2021-11-11 09:45:44 - [MESSAGE][INFO] - Checking timeout

2021-11-11 09:45:44 - [MESSAGE][INFO] - Finding web element with id: 'Object Repository/Popup/Popup_Butons' located by 'By.cssSelector: .modal-footer>button' in '10' second(s)

2021-11-11 09:45:44 - [MESSAGE][INFO] - Smart Wait Function is triggered

2021-11-11 09:45:45 - [MESSAGE][INFO] - Found 1 web elements with id: 'Object Repository/Popup/Popup_Butons' located by 'By.cssSelector: .modal-footer>button' in '10' second(s)

2021-11-11 09:45:45 - [MESSAGE][PASSED] - Method.TextDegerineEsitElementeTikla is PASSED

2021-11-11 09:45:45 - [MESSAGE][PASSED] - Call Test Case 'Test Cases/Popup/PopupButonSecilir' successfully

2021-11-11 09:45:45 - [MESSAGE][INFO] - Checking called Test Case

2021-11-11 09:45:45 - [MESSAGE][INFO] - Starting to call Test Case 'Test Cases/Butonlar/ButonaTikla'

2021-11-11 09:45:45 - [TEST_CASE][PASSED] - Test Cases/Butonlar/ButonaTikla: Test Cases/Butonlar/ButonaTikla

2021-11-11 09:45:45 - [TEST_STEP][PASSED] - Method.TextDegerineEsitElementeTiklaEquals(findTestObject("Butonlar/Butonlar"), Buton_Adi): Method.TextDegerineEsitElementeTiklaEquals is PASSED

2021-11-11 09:45:45 - [MESSAGE][INFO] - Finding Test Object 'Object Repository/Butonlar/Butonlar'

2021-11-11 09:45:45 - [MESSAGE][INFO] - Checking timeout

2021-11-11 09:45:45 - [MESSAGE][INFO] - Finding web element with id: 'Object Repository/Butonlar/Butonlar' located by 'By.cssSelector: .panel.panel-default.text-center.footerPanel .btn,.btn.btn-primary.btnControls' in '10' second(s)

2021-11-11 09:45:45 - [MESSAGE][INFO] - Smart Wait Function is triggered

2021-11-11 09:45:46 - [MESSAGE][INFO] - Found 13 web elements with id: 'Object Repository/Butonlar/Butonlar' located by 'By.cssSelector: .panel.panel-default.text-center.footerPanel .btn,.btn.btn-primary.btnControls' in '10' second(s)

2021-11-11 09:45:46 - [MESSAGE][PASSED] - Method.TextDegerineEsitElementeTiklaEquals is PASSED

2021-11-11 09:45:46 - [MESSAGE][PASSED] - Call Test Case 'Test Cases/Butonlar/ButonaTikla' successfully

2021-11-11 09:45:46 - [MESSAGE][INFO] - Checking called Test Case

2021-11-11 09:45:46 - [MESSAGE][INFO] - Starting to call Test Case 'Test Cases/Butonlar/AltButonaTikla'

2021-11-11 09:45:46 - [TEST_CASE][PASSED] - Test Cases/Butonlar/AltButonaTikla: Test Cases/Butonlar/AltButonaTikla

2021-11-11 09:45:46 - [TEST_STEP][PASSED] - Method.TextDegerineEsitElementeTikla(findTestObject("Butonlar/AltButonlar"), Alt_Buton): Method.TextDegerineEsitElementeTikla is PASSED

2021-11-11 09:45:46 - [MESSAGE][INFO] - Finding Test Object 'Object Repository/Butonlar/AltButonlar'

2021-11-11 09:45:46 - [MESSAGE][INFO] - Checking timeout

2021-11-11 09:45:46 - [MESSAGE][INFO] - Finding web element with id: 'Object Repository/Butonlar/AltButonlar' located by 'By.cssSelector: .btn-group.open li>a' in '10' second(s)

2021-11-11 09:45:46 - [MESSAGE][INFO] - Smart Wait Function is triggered

2021-11-11 09:45:46 - [MESSAGE][INFO] - Found 4 web elements with id: 'Object Repository/Butonlar/AltButonlar' located by 'By.cssSelector: .btn-group.open li>a' in '10' second(s)

2021-11-11 09:45:46 - [MESSAGE][PASSED] - Method.TextDegerineEsitElementeTikla is PASSED

2021-11-11 09:45:46 - [MESSAGE][PASSED] - Call Test Case 'Test Cases/Butonlar/AltButonaTikla' successfully

2021-11-11 09:45:46 - [MESSAGE][INFO] - Checking called Test Case

2021-11-11 09:45:46 - [MESSAGE][INFO] - Starting to call Test Case 'Test Cases/Popup/PopupMesajiIceriyorMu'

2021-11-11 09:45:46 - [TEST_CASE][PASSED] - Test Cases/Popup/PopupMesajiIceriyorMu: Test Cases/Popup/PopupMesajiIceriyorMu

2021-11-11 09:45:46 - [TEST_STEP][PASSED] - waitForElementVisible(findTestObject("Popup/Popup"), 10): Object 'Object Repository/Popup/Popup' is visible

2021-11-11 09:45:46 - [MESSAGE][INFO] - Finding Test Object 'Object Repository/Popup/Popup'

2021-11-11 09:45:46 - [MESSAGE][INFO] - Checking object

2021-11-11 09:45:46 - [MESSAGE][INFO] - Checking timeout

2021-11-11 09:45:46 - [MESSAGE][INFO] - Finding web element from Test Object's properties

2021-11-11 09:45:46 - [MESSAGE][INFO] - Checking timeout

2021-11-11 09:45:46 - [MESSAGE][INFO] - Finding web element with id: 'Object Repository/Popup/Popup' located by 'By.cssSelector: .bootbox-body' in '10' second(s)

2021-11-11 09:45:46 - [MESSAGE][INFO] - Smart Wait Function is triggered

2021-11-11 09:45:47 - [MESSAGE][INFO] - Found 1 web elements with id: 'Object Repository/Popup/Popup' located by 'By.cssSelector: .bootbox-body' in '10' second(s)

2021-11-11 09:45:47 - [MESSAGE][PASSED] - Object 'Object Repository/Popup/Popup' is visible

2021-11-11 09:45:47 - [TEST_STEP][PASSED] - if (!(getText(findTestObject("Popup/Popup")).contains(Mesaj))): Text of object 'Object Repository/Popup/Popup' is: 'Lütfen rapor bildiriminin gönderileceği e-posta adresini belirtiniz.
e-Posta Adresi'

2021-11-11 09:45:47 - [MESSAGE][INFO] - Finding Test Object 'Object Repository/Popup/Popup'

2021-11-11 09:45:47 - [MESSAGE][INFO] - Checking object

2021-11-11 09:45:47 - [MESSAGE][INFO] - Finding web element from Test Object's properties

2021-11-11 09:45:47 - [MESSAGE][INFO] - Checking timeout

2021-11-11 09:45:47 - [MESSAGE][INFO] - Finding web element with id: 'Object Repository/Popup/Popup' located by 'By.cssSelector: .bootbox-body' in '30' second(s)

2021-11-11 09:45:47 - [MESSAGE][INFO] - Smart Wait Function is triggered

2021-11-11 09:45:47 - [MESSAGE][INFO] - Found 1 web elements with id: 'Object Repository/Popup/Popup' located by 'By.cssSelector: .bootbox-body' in '30' second(s)

2021-11-11 09:45:47 - [MESSAGE][INFO] - Getting text of object 'Object Repository/Popup/Popup'

2021-11-11 09:45:47 - [MESSAGE][PASSED] - Text of object 'Object Repository/Popup/Popup' is: 'Lütfen rapor bildiriminin gönderileceği e-posta adresini belirtiniz.
e-Posta Adresi'

2021-11-11 09:45:47 - [TEST_STEP][PASSED] - RaporNo = getText(findTestObject("Popup/Popup")).substring(0, 6): Text of object 'Object Repository/Popup/Popup' is: 'Lütfen rapor bildiriminin gönderileceği e-posta adresini belirtiniz.
e-Posta Adresi'

2021-11-11 09:45:47 - [MESSAGE][INFO] - Finding Test Object 'Object Repository/Popup/Popup'

2021-11-11 09:45:47 - [MESSAGE][INFO] - Checking object

2021-11-11 09:45:47 - [MESSAGE][INFO] - Finding web element from Test Object's properties

2021-11-11 09:45:47 - [MESSAGE][INFO] - Checking timeout

2021-11-11 09:45:47 - [MESSAGE][INFO] - Finding web element with id: 'Object Repository/Popup/Popup' located by 'By.cssSelector: .bootbox-body' in '30' second(s)

2021-11-11 09:45:47 - [MESSAGE][INFO] - Smart Wait Function is triggered

2021-11-11 09:45:47 - [MESSAGE][INFO] - Found 1 web elements with id: 'Object Repository/Popup/Popup' located by 'By.cssSelector: .bootbox-body' in '30' second(s)

2021-11-11 09:45:47 - [MESSAGE][INFO] - Getting text of object 'Object Repository/Popup/Popup'

2021-11-11 09:45:47 - [MESSAGE][PASSED] - Text of object 'Object Repository/Popup/Popup' is: 'Lütfen rapor bildiriminin gönderileceği e-posta adresini belirtiniz.
e-Posta Adresi'

2021-11-11 09:45:47 - [TEST_STEP][PASSED] - Console.println(RaporNo): null

2021-11-11 09:45:47 - [MESSAGE][PASSED] - Call Test Case 'Test Cases/Popup/PopupMesajiIceriyorMu' successfully

2021-11-11 09:45:47 - [MESSAGE][INFO] - Checking called Test Case

2021-11-11 09:45:47 - [MESSAGE][INFO] - Starting to call Test Case 'Test Cases/Popup/PopupaEmailEklenir'

2021-11-11 09:45:47 - [TEST_CASE][PASSED] - Test Cases/Popup/PopupaEmailEklenir: Test Cases/Popup/PopupaEmailEklenir

2021-11-11 09:45:47 - [TEST_STEP][PASSED] - clearText(findTestObject("Popup/EmailText")): Text of object 'Object Repository/Popup/EmailText' is cleared

2021-11-11 09:45:47 - [MESSAGE][INFO] - Finding Test Object 'Object Repository/Popup/EmailText'

2021-11-11 09:45:48 - [MESSAGE][INFO] - Checking object

2021-11-11 09:45:48 - [MESSAGE][INFO] - Finding web element from Test Object's properties

2021-11-11 09:45:48 - [MESSAGE][INFO] - Checking timeout

2021-11-11 09:45:48 - [MESSAGE][INFO] - Finding web element with id: 'Object Repository/Popup/EmailText' located by 'By.xpath: //*[@id="eMails"]' in '30' second(s)

2021-11-11 09:45:48 - [MESSAGE][INFO] - Smart Wait Function is triggered

2021-11-11 09:45:48 - [MESSAGE][INFO] - Found 1 web elements with id: 'Object Repository/Popup/EmailText' located by 'By.xpath: //*[@id="eMails"]' in '30' second(s)

2021-11-11 09:45:48 - [MESSAGE][INFO] - Clearing text of object 'Object Repository/Popup/EmailText'

2021-11-11 09:45:48 - [MESSAGE][PASSED] - Text of object 'Object Repository/Popup/EmailText' is cleared

2021-11-11 09:45:48 - [TEST_STEP][PASSED] - sendKeys(findTestObject("Popup/EmailText"), Email): Keys 'elogotest@gmail.com;ali.kara@logo.com.tr' sent to object: 'Object Repository/Popup/EmailText'

2021-11-11 09:45:48 - [MESSAGE][INFO] - Finding Test Object 'Object Repository/Popup/EmailText'

2021-11-11 09:45:48 - [MESSAGE][INFO] - Sending keys 'elogotest@gmail.com;ali.kara@logo.com.tr' to object: 'Object Repository/Popup/EmailText'

2021-11-11 09:45:48 - [MESSAGE][INFO] - Finding web element from Test Object's properties

2021-11-11 09:45:48 - [MESSAGE][INFO] - Checking timeout

2021-11-11 09:45:48 - [MESSAGE][INFO] - Finding web element with id: 'Object Repository/Popup/EmailText' located by 'By.xpath: //*[@id="eMails"]' in '30' second(s)

2021-11-11 09:45:48 - [MESSAGE][INFO] - Smart Wait Function is triggered

2021-11-11 09:45:48 - [MESSAGE][INFO] - Found 1 web elements with id: 'Object Repository/Popup/EmailText' located by 'By.xpath: //*[@id="eMails"]' in '30' second(s)

2021-11-11 09:45:48 - [MESSAGE][PASSED] - Keys 'elogotest@gmail.com;ali.kara@logo.com.tr' sent to object: 'Object Repository/Popup/EmailText'

2021-11-11 09:45:48 - [MESSAGE][PASSED] - Call Test Case 'Test Cases/Popup/PopupaEmailEklenir' successfully

2021-11-11 09:45:48 - [MESSAGE][INFO] - Checking called Test Case

2021-11-11 09:45:48 - [MESSAGE][INFO] - Starting to call Test Case 'Test Cases/Popup/PopupButonSecilir'

2021-11-11 09:45:48 - [TEST_CASE][PASSED] - Test Cases/Popup/PopupButonSecilir: Test Cases/Popup/PopupButonSecilir

2021-11-11 09:45:48 - [TEST_STEP][PASSED] - Method.TextDegerineEsitElementeTikla(findTestObject("Popup/Popup_Butons"), Buton): Method.TextDegerineEsitElementeTikla is PASSED

2021-11-11 09:45:48 - [MESSAGE][INFO] - Finding Test Object 'Object Repository/Popup/Popup_Butons'

2021-11-11 09:45:49 - [MESSAGE][INFO] - Checking timeout

2021-11-11 09:45:49 - [MESSAGE][INFO] - Finding web element with id: 'Object Repository/Popup/Popup_Butons' located by 'By.cssSelector: .modal-footer>button' in '10' second(s)

2021-11-11 09:45:49 - [MESSAGE][INFO] - Smart Wait Function is triggered

2021-11-11 09:45:49 - [MESSAGE][INFO] - Found 2 web elements with id: 'Object Repository/Popup/Popup_Butons' located by 'By.cssSelector: .modal-footer>button' in '10' second(s)

2021-11-11 09:45:49 - [MESSAGE][PASSED] - Method.TextDegerineEsitElementeTikla is PASSED

2021-11-11 09:45:49 - [MESSAGE][PASSED] - Call Test Case 'Test Cases/Popup/PopupButonSecilir' successfully

2021-11-11 09:45:49 - [MESSAGE][INFO] - Checking called Test Case

2021-11-11 09:45:49 - [MESSAGE][INFO] - Starting to call Test Case 'Test Cases/Popup/PopupMesajiIceriyorMu'

2021-11-11 09:45:49 - [TEST_CASE][PASSED] - Test Cases/Popup/PopupMesajiIceriyorMu: Test Cases/Popup/PopupMesajiIceriyorMu

2021-11-11 09:45:49 - [TEST_STEP][PASSED] - waitForElementVisible(findTestObject("Popup/Popup"), 10): Object 'Object Repository/Popup/Popup' is visible

2021-11-11 09:45:49 - [MESSAGE][INFO] - Finding Test Object 'Object Repository/Popup/Popup'

2021-11-11 09:45:49 - [MESSAGE][INFO] - Checking object

2021-11-11 09:45:49 - [MESSAGE][INFO] - Checking timeout

2021-11-11 09:45:49 - [MESSAGE][INFO] - Finding web element from Test Object's properties

2021-11-11 09:45:49 - [MESSAGE][INFO] - Checking timeout

2021-11-11 09:45:49 - [MESSAGE][INFO] - Finding web element with id: 'Object Repository/Popup/Popup' located by 'By.cssSelector: .bootbox-body' in '10' second(s)

2021-11-11 09:45:49 - [MESSAGE][INFO] - Smart Wait Function is triggered

2021-11-11 09:45:50 - [MESSAGE][INFO] - Found 1 web elements with id: 'Object Repository/Popup/Popup' located by 'By.cssSelector: .bootbox-body' in '10' second(s)

2021-11-11 09:45:50 - [MESSAGE][PASSED] - Object 'Object Repository/Popup/Popup' is visible

2021-11-11 09:45:50 - [TEST_STEP][PASSED] - if (!(getText(findTestObject("Popup/Popup")).contains(Mesaj))): Text of object 'Object Repository/Popup/Popup' is: '16278 no’lu talebiniz işleme alınmıştır. Raporunuz hazırlandığında (elogotest@gmail.com;ali.kara@logo.com.tr) adresinize mail gönderilecektir.
Rapor durumunuzu Raporlar > Toplu Veri İndirme ekranından takip edebilir, hazırlandı durumundaki raporlarınızı ilgili menüden indirebilirsiniz.'

2021-11-11 09:45:50 - [MESSAGE][INFO] - Finding Test Object 'Object Repository/Popup/Popup'

2021-11-11 09:45:50 - [MESSAGE][INFO] - Checking object

2021-11-11 09:45:50 - [MESSAGE][INFO] - Finding web element from Test Object's properties

2021-11-11 09:45:50 - [MESSAGE][INFO] - Checking timeout

2021-11-11 09:45:50 - [MESSAGE][INFO] - Finding web element with id: 'Object Repository/Popup/Popup' located by 'By.cssSelector: .bootbox-body' in '30' second(s)

2021-11-11 09:45:50 - [MESSAGE][INFO] - Smart Wait Function is triggered

2021-11-11 09:45:50 - [MESSAGE][INFO] - Found 1 web elements with id: 'Object Repository/Popup/Popup' located by 'By.cssSelector: .bootbox-body' in '30' second(s)

2021-11-11 09:45:50 - [MESSAGE][INFO] - Getting text of object 'Object Repository/Popup/Popup'

2021-11-11 09:45:50 - [MESSAGE][PASSED] - Text of object 'Object Repository/Popup/Popup' is: '16278 no’lu talebiniz işleme alınmıştır. Raporunuz hazırlandığında (elogotest@gmail.com;ali.kara@logo.com.tr) adresinize mail gönderilecektir.
Rapor durumunuzu Raporlar > Toplu Veri İndirme ekranından takip edebilir, hazırlandı durumundaki raporlarınızı ilgili menüden indirebilirsiniz.'

2021-11-11 09:45:50 - [TEST_STEP][PASSED] - RaporNo = getText(findTestObject("Popup/Popup")).substring(0, 6): Text of object 'Object Repository/Popup/Popup' is: '16278 no’lu talebiniz işleme alınmıştır. Raporunuz hazırlandığında (elogotest@gmail.com;ali.kara@logo.com.tr) adresinize mail gönderilecektir.
Rapor durumunuzu Raporlar > Toplu Veri İndirme ekranından takip edebilir, hazırlandı durumundaki raporlarınızı ilgili menüden indirebilirsiniz.'

2021-11-11 09:45:50 - [MESSAGE][INFO] - Finding Test Object 'Object Repository/Popup/Popup'

2021-11-11 09:45:50 - [MESSAGE][INFO] - Checking object

2021-11-11 09:45:50 - [MESSAGE][INFO] - Finding web element from Test Object's properties

2021-11-11 09:45:50 - [MESSAGE][INFO] - Checking timeout

2021-11-11 09:45:50 - [MESSAGE][INFO] - Finding web element with id: 'Object Repository/Popup/Popup' located by 'By.cssSelector: .bootbox-body' in '30' second(s)

2021-11-11 09:45:50 - [MESSAGE][INFO] - Smart Wait Function is triggered

2021-11-11 09:45:50 - [MESSAGE][INFO] - Found 1 web elements with id: 'Object Repository/Popup/Popup' located by 'By.cssSelector: .bootbox-body' in '30' second(s)

2021-11-11 09:45:50 - [MESSAGE][INFO] - Getting text of object 'Object Repository/Popup/Popup'

2021-11-11 09:45:50 - [MESSAGE][PASSED] - Text of object 'Object Repository/Popup/Popup' is: '16278 no’lu talebiniz işleme alınmıştır. Raporunuz hazırlandığında (elogotest@gmail.com;ali.kara@logo.com.tr) adresinize mail gönderilecektir.
Rapor durumunuzu Raporlar > Toplu Veri İndirme ekranından takip edebilir, hazırlandı durumundaki raporlarınızı ilgili menüden indirebilirsiniz.'

2021-11-11 09:45:50 - [TEST_STEP][PASSED] - Console.println(RaporNo): null

2021-11-11 09:45:50 - [MESSAGE][PASSED] - Call Test Case 'Test Cases/Popup/PopupMesajiIceriyorMu' successfully

2021-11-11 09:45:50 - [MESSAGE][INFO] - Checking called Test Case

2021-11-11 09:45:50 - [MESSAGE][INFO] - Starting to call Test Case 'Test Cases/Popup/PopupButonSecilir'

2021-11-11 09:45:51 - [TEST_CASE][PASSED] - Test Cases/Popup/PopupButonSecilir: Test Cases/Popup/PopupButonSecilir

2021-11-11 09:45:51 - [TEST_STEP][PASSED] - Method.TextDegerineEsitElementeTikla(findTestObject("Popup/Popup_Butons"), Buton): Method.TextDegerineEsitElementeTikla is PASSED

2021-11-11 09:45:51 - [MESSAGE][INFO] - Finding Test Object 'Object Repository/Popup/Popup_Butons'

2021-11-11 09:45:51 - [MESSAGE][INFO] - Checking timeout

2021-11-11 09:45:51 - [MESSAGE][INFO] - Finding web element with id: 'Object Repository/Popup/Popup_Butons' located by 'By.cssSelector: .modal-footer>button' in '10' second(s)

2021-11-11 09:45:51 - [MESSAGE][INFO] - Smart Wait Function is triggered

2021-11-11 09:45:51 - [MESSAGE][INFO] - Found 1 web elements with id: 'Object Repository/Popup/Popup_Butons' located by 'By.cssSelector: .modal-footer>button' in '10' second(s)

2021-11-11 09:45:51 - [MESSAGE][PASSED] - Method.TextDegerineEsitElementeTikla is PASSED

2021-11-11 09:45:51 - [MESSAGE][PASSED] - Call Test Case 'Test Cases/Popup/PopupButonSecilir' successfully

2021-11-11 09:45:51 - [MESSAGE][INFO] - Checking called Test Case

2021-11-11 09:45:51 - [MESSAGE][INFO] - Starting to call Test Case 'Test Cases/Menu/AnaMenuSecimi'

2021-11-11 09:45:51 - [TEST_CASE][PASSED] - Test Cases/Menu/AnaMenuSecimi: Test Cases/Menu/AnaMenuSecimi

2021-11-11 09:45:51 - [TEST_STEP][PASSED] - Method.TextDegerineEsitElementeTikla(findTestObject("Menu/Ana_Menu"), Ana_Menu): Method.TextDegerineEsitElementeTikla is PASSED

2021-11-11 09:45:51 - [MESSAGE][INFO] - Finding Test Object 'Object Repository/Menu/Ana_Menu'

2021-11-11 09:45:51 - [MESSAGE][INFO] - Checking timeout

2021-11-11 09:45:51 - [MESSAGE][INFO] - Finding web element with id: 'Object Repository/Menu/Ana_Menu' located by 'By.xpath: //*[@class = 'dropdown-toggle']' in '10' second(s)

2021-11-11 09:45:51 - [MESSAGE][INFO] - Smart Wait Function is triggered

2021-11-11 09:45:52 - [MESSAGE][INFO] - Found 14 web elements with id: 'Object Repository/Menu/Ana_Menu' located by 'By.xpath: //*[@class = 'dropdown-toggle']' in '10' second(s)

2021-11-11 09:45:52 - [MESSAGE][PASSED] - Method.TextDegerineEsitElementeTikla is PASSED

2021-11-11 09:45:52 - [MESSAGE][PASSED] - Call Test Case 'Test Cases/Menu/AnaMenuSecimi' successfully

2021-11-11 09:45:52 - [MESSAGE][INFO] - Checking called Test Case

2021-11-11 09:45:52 - [MESSAGE][INFO] - Starting to call Test Case 'Test Cases/Menu/AltMenuSecimi'

2021-11-11 09:45:52 - [TEST_CASE][PASSED] - Test Cases/Menu/AltMenuSecimi: Test Cases/Menu/AltMenuSecimi

2021-11-11 09:45:52 - [TEST_STEP][PASSED] - Method.TextDegerineEsitElementeTikla(findTestObject("Menu/Alt_Menu"), Alt_Menu): Method.TextDegerineEsitElementeTikla is PASSED

2021-11-11 09:45:52 - [MESSAGE][INFO] - Finding Test Object 'Object Repository/Menu/Alt_Menu'

2021-11-11 09:45:52 - [MESSAGE][INFO] - Checking timeout

2021-11-11 09:45:52 - [MESSAGE][INFO] - Finding web element with id: 'Object Repository/Menu/Alt_Menu' located by 'By.xpath: //li[@class='dropdown dropdown-large open']//li[@class='dropdown-element']' in '10' second(s)

2021-11-11 09:45:52 - [MESSAGE][INFO] - Smart Wait Function is triggered

2021-11-11 09:45:53 - [MESSAGE][INFO] - Found 9 web elements with id: 'Object Repository/Menu/Alt_Menu' located by 'By.xpath: //li[@class='dropdown dropdown-large open']//li[@class='dropdown-element']' in '10' second(s)

2021-11-11 09:45:54 - [MESSAGE][PASSED] - Method.TextDegerineEsitElementeTikla is PASSED

2021-11-11 09:45:54 - [MESSAGE][PASSED] - Call Test Case 'Test Cases/Menu/AltMenuSecimi' successfully

2021-11-11 09:45:54 - [MESSAGE][INFO] - Checking called Test Case

2021-11-11 09:45:54 - [MESSAGE][INFO] - Starting to call Test Case 'Test Cases/Filtreler/RaporNoYaz'

2021-11-11 09:45:54 - [TEST_CASE][PASSED] - Test Cases/Filtreler/RaporNoYaz: Test Cases/Filtreler/RaporNoYaz

2021-11-11 09:45:54 - [TEST_STEP][PASSED] - Method.TextDegerineEsitElementinAltindakiTextboxtaYaz(findTestObject("Filtreler/Basliklar"), findTestObject("Filtreler/Basliga_Gore_Textbox"), "Talep No", RaporNo): Method.TextDegerineEsitElementinAltindakiTextboxtaYaz is PASSED

2021-11-11 09:45:54 - [MESSAGE][INFO] - Finding Test Object 'Object Repository/Filtreler/Basliklar'

2021-11-11 09:45:54 - [MESSAGE][INFO] - Finding Test Object 'Object Repository/Filtreler/Basliga_Gore_Textbox'

2021-11-11 09:45:54 - [MESSAGE][INFO] - Checking timeout

2021-11-11 09:45:54 - [MESSAGE][INFO] - Finding web element with id: 'Object Repository/Filtreler/Basliklar' located by 'By.cssSelector: .control-label.col-sm-4.paddingMarginRLC' in '10' second(s)

2021-11-11 09:45:54 - [MESSAGE][INFO] - Smart Wait Function is triggered

2021-11-11 09:45:54 - [MESSAGE][INFO] - Found 8 web elements with id: 'Object Repository/Filtreler/Basliklar' located by 'By.cssSelector: .control-label.col-sm-4.paddingMarginRLC' in '10' second(s)

2021-11-11 09:45:54 - [MESSAGE][INFO] - Smart Wait Function is triggered

2021-11-11 09:45:55 - [MESSAGE][PASSED] - Method.TextDegerineEsitElementinAltindakiTextboxtaYaz is PASSED

2021-11-11 09:45:55 - [MESSAGE][PASSED] - Call Test Case 'Test Cases/Filtreler/RaporNoYaz' successfully

2021-11-11 09:45:55 - [MESSAGE][INFO] - Checking called Test Case

2021-11-11 09:45:55 - [MESSAGE][INFO] - Starting to call Test Case 'Test Cases/Filtreler/ButonaTikla'

2021-11-11 09:45:55 - [TEST_CASE][PASSED] - Test Cases/Filtreler/ButonaTikla: Test Cases/Filtreler/ButonaTikla

2021-11-11 09:45:55 - [TEST_STEP][PASSED] - Method.TextDegerineEsitElementeTikla(findTestObject("Filtreler/Butonlar"), Filtre_Buton): Method.TextDegerineEsitElementeTikla is PASSED

2021-11-11 09:45:55 - [MESSAGE][INFO] - Finding Test Object 'Object Repository/Filtreler/Butonlar'

2021-11-11 09:45:55 - [MESSAGE][INFO] - Checking timeout

2021-11-11 09:45:55 - [MESSAGE][INFO] - Finding web element with id: 'Object Repository/Filtreler/Butonlar' located by 'By.cssSelector: .dxb>span' in '10' second(s)

2021-11-11 09:45:55 - [MESSAGE][INFO] - Smart Wait Function is triggered

2021-11-11 09:45:55 - [MESSAGE][INFO] - Found 2 web elements with id: 'Object Repository/Filtreler/Butonlar' located by 'By.cssSelector: .dxb>span' in '10' second(s)

2021-11-11 09:45:55 - [MESSAGE][PASSED] - Method.TextDegerineEsitElementeTikla is PASSED

2021-11-11 09:45:55 - [MESSAGE][PASSED] - Call Test Case 'Test Cases/Filtreler/ButonaTikla' successfully

2021-11-11 09:45:55 - [MESSAGE][INFO] - Checking called Test Case

2021-11-11 09:45:55 - [MESSAGE][INFO] - Starting to call Test Case 'Test Cases/Tablo/TablodaVeriVarMi'

2021-11-11 09:45:55 - [TEST_CASE][PASSED] - Test Cases/Tablo/TablodaVeriVarMi: Test Cases/Tablo/TablodaVeriVarMi

2021-11-11 09:45:55 - [TEST_STEP][PASSED] - verifyTextNotPresent("Görüntülenecek veri yok", true): Text 'Görüntülenecek veri yok' is not present on page using regular expression

2021-11-11 09:45:55 - [MESSAGE][INFO] - Checking text present  using regular expression

2021-11-11 09:45:55 - [MESSAGE][INFO] - Smart Wait Function is triggered

2021-11-11 09:45:56 - [MESSAGE][INFO] - Finding text 'Görüntülenecek veri yok' on page  using regular expression

2021-11-11 09:45:56 - [MESSAGE][PASSED] - Text 'Görüntülenecek veri yok' is not present on page using regular expression

2021-11-11 09:45:56 - [MESSAGE][PASSED] - Call Test Case 'Test Cases/Tablo/TablodaVeriVarMi' successfully

2021-11-11 09:45:56 - [MESSAGE][INFO] - Checking called Test Case

2021-11-11 09:45:56 - [MESSAGE][INFO] - Starting to call Test Case 'Test Cases/Kullanici_Islemleri/KullaniciIslemlerindenSecimYapilir'

2021-11-11 09:45:56 - [TEST_CASE][PASSED] - Test Cases/Kullanici_Islemleri/KullaniciIslemlerindenSecimYapilir: Test Cases/Kullanici_Islemleri/KullaniciIslemlerindenSecimYapilir

2021-11-11 09:45:56 - [TEST_STEP][PASSED] - waitForElementClickable(findTestObject("Object Repository/Kullanici_Islemleri/KullaniciIslemleri"), 10): Object 'Object Repository/Kullanici_Islemleri/KullaniciIslemleri' is clickable

2021-11-11 09:45:56 - [MESSAGE][INFO] - Finding Test Object 'Object Repository/Kullanici_Islemleri/KullaniciIslemleri'

2021-11-11 09:45:56 - [MESSAGE][INFO] - Checking object

2021-11-11 09:45:56 - [MESSAGE][INFO] - Checking timeout

2021-11-11 09:45:56 - [MESSAGE][INFO] - Finding web element from Test Object's properties

2021-11-11 09:45:56 - [MESSAGE][INFO] - Checking timeout

2021-11-11 09:45:56 - [MESSAGE][INFO] - Finding web element with id: 'Object Repository/Kullanici_Islemleri/KullaniciIslemleri' located by 'By.cssSelector: .dropdown>a>img' in '10' second(s)

2021-11-11 09:45:56 - [MESSAGE][INFO] - Smart Wait Function is triggered

2021-11-11 09:45:56 - [MESSAGE][INFO] - Found 1 web elements with id: 'Object Repository/Kullanici_Islemleri/KullaniciIslemleri' located by 'By.cssSelector: .dropdown>a>img' in '10' second(s)

2021-11-11 09:45:56 - [MESSAGE][PASSED] - Object 'Object Repository/Kullanici_Islemleri/KullaniciIslemleri' is clickable

2021-11-11 09:45:56 - [TEST_STEP][PASSED] - click(findTestObject("Object Repository/Kullanici_Islemleri/KullaniciIslemleri")): Object: 'Object Repository/Kullanici_Islemleri/KullaniciIslemleri' is clicked on

2021-11-11 09:45:56 - [MESSAGE][INFO] - Finding Test Object 'Object Repository/Kullanici_Islemleri/KullaniciIslemleri'

2021-11-11 09:45:56 - [MESSAGE][INFO] - Checking object

2021-11-11 09:45:56 - [MESSAGE][INFO] - Finding web element from Test Object's properties

2021-11-11 09:45:56 - [MESSAGE][INFO] - Checking timeout

2021-11-11 09:45:56 - [MESSAGE][INFO] - Finding web element with id: 'Object Repository/Kullanici_Islemleri/KullaniciIslemleri' located by 'By.cssSelector: .dropdown>a>img' in '30' second(s)

2021-11-11 09:45:56 - [MESSAGE][INFO] - Smart Wait Function is triggered

2021-11-11 09:45:57 - [MESSAGE][INFO] - Found 1 web elements with id: 'Object Repository/Kullanici_Islemleri/KullaniciIslemleri' located by 'By.cssSelector: .dropdown>a>img' in '30' second(s)

2021-11-11 09:45:57 - [MESSAGE][INFO] - Clicking on object: 'Object Repository/Kullanici_Islemleri/KullaniciIslemleri'

2021-11-11 09:45:57 - [MESSAGE][PASSED] - Object: 'Object Repository/Kullanici_Islemleri/KullaniciIslemleri' is clicked on

2021-11-11 09:45:57 - [TEST_STEP][PASSED] - Method.TextDegerineEsitElementeTikla(findTestObject("Object Repository/Kullanici_Islemleri/Secenekler"), Islem): Method.TextDegerineEsitElementeTikla is PASSED

2021-11-11 09:45:57 - [MESSAGE][INFO] - Finding Test Object 'Object Repository/Kullanici_Islemleri/Secenekler'

2021-11-11 09:45:57 - [MESSAGE][INFO] - Checking timeout

2021-11-11 09:45:57 - [MESSAGE][INFO] - Finding web element with id: 'Object Repository/Kullanici_Islemleri/Secenekler' located by 'By.cssSelector: .nav.navbar-nav.navbar-right li a' in '10' second(s)

2021-11-11 09:45:57 - [MESSAGE][INFO] - Smart Wait Function is triggered

2021-11-11 09:45:57 - [MESSAGE][INFO] - Found 22 web elements with id: 'Object Repository/Kullanici_Islemleri/Secenekler' located by 'By.cssSelector: .nav.navbar-nav.navbar-right li a' in '10' second(s)

2021-11-11 09:45:59 - [MESSAGE][PASSED] - Method.TextDegerineEsitElementeTikla is PASSED

2021-11-11 09:45:59 - [TEST_STEP][PASSED] - verifyElementNotPresent(findTestObject("Object Repository/Kullanici_Islemleri/Secenekler"), 10): Web element with id: 'Object Repository/Kullanici_Islemleri/Secenekler' located by 'By.cssSelector: .nav.navbar-nav.navbar-right li a' is not present after '10' second(s)

2021-11-11 09:45:59 - [MESSAGE][INFO] - Finding Test Object 'Object Repository/Kullanici_Islemleri/Secenekler'

2021-11-11 09:45:59 - [MESSAGE][INFO] - Checking object

2021-11-11 09:45:59 - [MESSAGE][INFO] - Checking timeout

2021-11-11 09:45:59 - [MESSAGE][INFO] - Finding web element with id: 'Object Repository/Kullanici_Islemleri/Secenekler' located by 'By.cssSelector: .nav.navbar-nav.navbar-right li a' in '10' second(s)

2021-11-11 09:45:59 - [MESSAGE][INFO] - Smart Wait Function is triggered

2021-11-11 09:45:59 - [MESSAGE][PASSED] - Web element with id: 'Object Repository/Kullanici_Islemleri/Secenekler' located by 'By.cssSelector: .nav.navbar-nav.navbar-right li a' is not present after '10' second(s)

2021-11-11 09:45:59 - [MESSAGE][PASSED] - Call Test Case 'Test Cases/Kullanici_Islemleri/KullaniciIslemlerindenSecimYapilir' successfully

2021-11-11 09:45:59 - [TEST_CASE][PASSED] - Start Test Case : SCENARIO e-Mustahsil Makbuzlari Toplu Indirme - PDF Secilenlerin indirilmesi: SCENARIO e-Mustahsil Makbuzlari Toplu Indirme - PDF Secilenlerin indirilmesi

2021-11-11 09:45:59 - [TEST_STEP][PASSED] - Kullanıcı adı ELOGO6 ve Şifre 123456 olarak giriş yapılır: Kullanıcı adı ELOGO6 ve Şifre 123456 olarak giriş yapılır

2021-11-11 09:45:59 - [MESSAGE][PASSED] - Kullanıcı adı ELOGO6 ve Şifre 123456 olarak giriş yapılır

2021-11-11 09:45:59 - [TEST_STEP][PASSED] - Ana menüden e-Makbuz seçilir: Ana menüden e-Makbuz seçilir

2021-11-11 09:45:59 - [MESSAGE][PASSED] - Ana menüden e-Makbuz seçilir

2021-11-11 09:45:59 - [TEST_STEP][PASSED] - Alt menü e-Müstahsil Uygulaması başlığı altındaki e-Müstahsil Makbuzları seçilir: Alt menü e-Müstahsil Uygulaması başlığı altındaki e-Müstahsil Makbuzları seçilir

2021-11-11 09:45:59 - [MESSAGE][PASSED] - Alt menü e-Müstahsil Uygulaması başlığı altındaki e-Müstahsil Makbuzları seçilir

2021-11-11 09:45:59 - [TEST_STEP][PASSED] - Filtrelerden Oluşturma Tarihi filtresine 01.12.2020 baslangic degerini yaz: Filtrelerden Oluşturma Tarihi filtresine 01.12.2020 baslangic degerini yaz

2021-11-11 09:45:59 - [MESSAGE][PASSED] - Filtrelerden Oluşturma Tarihi filtresine 01.12.2020 baslangic degerini yaz

2021-11-11 09:45:59 - [TEST_STEP][PASSED] - Filtrelerden Oluşturma Tarihi filtresine 31.12.2020 bitis degerini yaz: Filtrelerden Oluşturma Tarihi filtresine 31.12.2020 bitis degerini yaz

2021-11-11 09:45:59 - [MESSAGE][PASSED] - Filtrelerden Oluşturma Tarihi filtresine 31.12.2020 bitis degerini yaz

2021-11-11 09:45:59 - [TEST_STEP][PASSED] - Filtre butonlarından Listele seçilir: Filtre butonlarından Listele seçilir

2021-11-11 09:45:59 - [MESSAGE][PASSED] - Filtre butonlarından Listele seçilir

2021-11-11 09:45:59 - [TEST_STEP][PASSED] - Tabloda veri var mı kontrol edilir: Tabloda veri var mı kontrol edilir

2021-11-11 09:45:59 - [MESSAGE][PASSED] - Tabloda veri var mı kontrol edilir

2021-11-11 09:45:59 - [TEST_STEP][PASSED] - Tablodan ELOGO5 isimli veri seçilir: Tablodan ELOGO5 isimli veri seçilir

2021-11-11 09:45:59 - [MESSAGE][PASSED] - Tablodan ELOGO5 isimli veri seçilir

2021-11-11 09:45:59 - [TEST_STEP][PASSED] - Butonlardan Toplu İndirme isimli butona tıklanır: Butonlardan Toplu İndirme isimli butona tıklanır

2021-11-11 09:45:59 - [MESSAGE][PASSED] - Butonlardan Toplu İndirme isimli butona tıklanır

2021-11-11 09:45:59 - [TEST_STEP][PASSED] - Alt butonlardan PDF Seçilenleri İndir butonuna tıklanır: Alt butonlardan PDF Seçilenleri İndir butonuna tıklanır

2021-11-11 09:45:59 - [MESSAGE][PASSED] - Alt butonlardan PDF Seçilenleri İndir butonuna tıklanır

2021-11-11 09:45:59 - [TEST_STEP][PASSED] - Popup mesajı Lütfen rapor bildiriminin gönderileceği e-posta adresini belirtiniz. içeriyor mu: Popup mesajı Lütfen rapor bildiriminin gönderileceği e-posta adresini belirtiniz. içeriyor mu

2021-11-11 09:45:59 - [MESSAGE][PASSED] - Popup mesajı Lütfen rapor bildiriminin gönderileceği e-posta adresini belirtiniz. içeriyor mu

2021-11-11 09:45:59 - [TEST_STEP][PASSED] - Popup email elogotest@gmail.com;ali.kara@logo.com.tr olarak girilir: Popup email elogotest@gmail.com;ali.kara@logo.com.tr olarak girilir

2021-11-11 09:45:59 - [MESSAGE][PASSED] - Popup email elogotest@gmail.com;ali.kara@logo.com.tr olarak girilir

2021-11-11 09:45:59 - [TEST_STEP][PASSED] - Yönetim popupında Gönder seçilir: Yönetim popupında Gönder seçilir

2021-11-11 09:45:59 - [MESSAGE][PASSED] - Yönetim popupında Gönder seçilir

2021-11-11 09:45:59 - [TEST_STEP][PASSED] - Popup mesajı talebiniz işleme alınmıştır içeriyor mu: Popup mesajı talebiniz işleme alınmıştır içeriyor mu

2021-11-11 09:45:59 - [MESSAGE][PASSED] - Popup mesajı talebiniz işleme alınmıştır içeriyor mu

2021-11-11 09:45:59 - [TEST_STEP][PASSED] - Yönetim popupında Tamam seçilir: Yönetim popupında Tamam seçilir

2021-11-11 09:45:59 - [MESSAGE][PASSED] - Yönetim popupında Tamam seçilir

2021-11-11 09:45:59 - [TEST_STEP][PASSED] - Butonlardan Toplu İndirme isimli butona tıklanır: Butonlardan Toplu İndirme isimli butona tıklanır

2021-11-11 09:45:59 - [MESSAGE][PASSED] - Butonlardan Toplu İndirme isimli butona tıklanır

2021-11-11 09:45:59 - [TEST_STEP][PASSED] - Alt butonlardan PDF Tümünü İndir butonuna tıklanır: Alt butonlardan PDF Tümünü İndir butonuna tıklanır

2021-11-11 09:45:59 - [MESSAGE][PASSED] - Alt butonlardan PDF Tümünü İndir butonuna tıklanır

2021-11-11 09:45:59 - [TEST_STEP][PASSED] - Popup mesajı Lütfen rapor bildiriminin gönderileceği e-posta adresini belirtiniz. içeriyor mu: Popup mesajı Lütfen rapor bildiriminin gönderileceği e-posta adresini belirtiniz. içeriyor mu

2021-11-11 09:45:59 - [MESSAGE][PASSED] - Popup mesajı Lütfen rapor bildiriminin gönderileceği e-posta adresini belirtiniz. içeriyor mu

2021-11-11 09:45:59 - [TEST_STEP][PASSED] - Popup email elogotest@gmail.com;ali.kara@logo.com.tr olarak girilir: Popup email elogotest@gmail.com;ali.kara@logo.com.tr olarak girilir

2021-11-11 09:45:59 - [MESSAGE][PASSED] - Popup email elogotest@gmail.com;ali.kara@logo.com.tr olarak girilir

2021-11-11 09:45:59 - [TEST_STEP][PASSED] - Yönetim popupında Gönder seçilir: Yönetim popupında Gönder seçilir

2021-11-11 09:45:59 - [MESSAGE][PASSED] - Yönetim popupında Gönder seçilir

2021-11-11 09:45:59 - [TEST_STEP][PASSED] - Popup mesajı talebiniz işleme alınmıştır içeriyor mu: Popup mesajı talebiniz işleme alınmıştır içeriyor mu

2021-11-11 09:45:59 - [MESSAGE][PASSED] - Popup mesajı talebiniz işleme alınmıştır içeriyor mu

2021-11-11 09:45:59 - [TEST_STEP][PASSED] - Yönetim popupında Tamam seçilir: Yönetim popupında Tamam seçilir

2021-11-11 09:45:59 - [MESSAGE][PASSED] - Yönetim popupında Tamam seçilir

2021-11-11 09:45:59 - [TEST_STEP][PASSED] - Ana menüden Raporlar seçilir: Ana menüden Raporlar seçilir

2021-11-11 09:45:59 - [MESSAGE][PASSED] - Ana menüden Raporlar seçilir

2021-11-11 09:45:59 - [TEST_STEP][PASSED] - Alt menüden Toplu Veri İndirme seçilir: Alt menüden Toplu Veri İndirme seçilir

2021-11-11 09:45:59 - [MESSAGE][PASSED] - Alt menüden Toplu Veri İndirme seçilir

2021-11-11 09:45:59 - [TEST_STEP][PASSED] - Filtrelerden Talep No filtresine Rapor No bilgisi yaz: Filtrelerden Talep No filtresine Rapor No bilgisi yaz

2021-11-11 09:45:59 - [MESSAGE][PASSED] - Filtrelerden Talep No filtresine Rapor No bilgisi yaz

2021-11-11 09:45:59 - [TEST_STEP][PASSED] - Filtre butonlarından Listele seçilir: Filtre butonlarından Listele seçilir

2021-11-11 09:45:59 - [MESSAGE][PASSED] - Filtre butonlarından Listele seçilir

2021-11-11 09:45:59 - [TEST_STEP][PASSED] - Tabloda veri var mı kontrol edilir: Tabloda veri var mı kontrol edilir

2021-11-11 09:45:59 - [MESSAGE][PASSED] - Tabloda veri var mı kontrol edilir

2021-11-11 09:45:59 - [TEST_STEP][PASSED] - Kullanıcı işlemlerinden Çıkış seçilir: Kullanıcı işlemlerinden Çıkış seçilir

2021-11-11 09:45:59 - [MESSAGE][PASSED] - Kullanıcı işlemlerinden Çıkış seçilir

2021-11-11 09:45:59 - [MESSAGE][PASSED] - Feature file: 'Include/features/e-Makbuz/e-Mustahsil Uygulamasi/e-Mustahsil Makbuzlari/Toplu Indirme.feature' was passed

2021-11-11 09:45:59 - [TEST_STEP][PASSED] - Start listener action : sampleAfterTestSuite: Invoke 'com.kms.katalon.core.annotation.AfterTestCase' method: 'Listener.sampleAfterTestSuite(...)' completed.

2021-11-11 09:45:59 - [MESSAGE][INFO] - Starting invoke 'com.kms.katalon.core.annotation.AfterTestCase' method: 'Listener.sampleAfterTestSuite(...)'

2021-11-11 09:45:59 - [TEST_STEP][PASSED] - closeBrowser(): Invoke 'com.kms.katalon.core.annotation.AfterTestCase' method: 'Listener.sampleAfterTestSuite(...)' completed.

2021-11-11 09:45:59 - [MESSAGE][INFO] - Closing browser

2021-11-11 09:46:00 - [MESSAGE][PASSED] - Browser is closed

2021-11-11 09:46:00 - [MESSAGE][INFO] - Invoke 'com.kms.katalon.core.annotation.AfterTestCase' method: 'Listener.sampleAfterTestSuite(...)' completed.]]></system-out>
         <system-err><![CDATA[]]></system-err>
      </testcase>
      <testcase name="Test Cases/Case Repository/e-Makbuz/e-Mustahsil Uygulamasi/e-Mustahsil Makbuzu Raporlari/Excele Aktar" time="59.909" classname="Test Cases/Case Repository/e-Makbuz/e-Mustahsil Uygulamasi/e-Mustahsil Makbuzu Raporlari/Excele Aktar" status="PASSED">
         <system-out><![CDATA[2021-11-11 09:46:00 - [TEST_CASE][PASSED] - Test Cases/Case Repository/e-Makbuz/e-Mustahsil Uygulamasi/e-Mustahsil Makbuzu Raporlari/Excele Aktar: Test Cases/Case Repository/e-Makbuz/e-Mustahsil Uygulamasi/e-Mustahsil Makbuzu Raporlari/Excele Aktar

2021-11-11 09:46:00 - [TEST_STEP][PASSED] - Start listener action : sampleBeforeTestSuite: Invoke 'com.kms.katalon.core.annotation.BeforeTestCase' method: 'Listener.sampleBeforeTestSuite(...)' completed.

2021-11-11 09:46:00 - [MESSAGE][INFO] - Starting invoke 'com.kms.katalon.core.annotation.BeforeTestCase' method: 'Listener.sampleBeforeTestSuite(...)'

2021-11-11 09:46:00 - [TEST_STEP][PASSED] - openBrowser(baseUrl): Browser is opened with url: 'https://efatura-stage.elogo.com.tr/'

2021-11-11 09:46:00 - [MESSAGE][INFO] - Opening browser

2021-11-11 09:46:00 - [MESSAGE][INFO] - Starting 'Chrome' driver

2021-11-11 09:46:00 - [MESSAGE][INFO] - User set preference: ['prefs', '{download.default_directory=C:\otomasyondownfiles}']

2021-11-11 09:46:00 - [MESSAGE][INFO] - Action delay is set to 0 milliseconds

2021-11-11 09:46:01 - [MESSAGE][INFO] - Navigating browser to: 'https://efatura-stage.elogo.com.tr/'

2021-11-11 09:46:03 - [MESSAGE][PASSED] - Browser is opened with url: 'https://efatura-stage.elogo.com.tr/'

2021-11-11 09:46:03 - [TEST_STEP][PASSED] - maximizeWindow(): Invoke 'com.kms.katalon.core.annotation.BeforeTestCase' method: 'Listener.sampleBeforeTestSuite(...)' completed.

2021-11-11 09:46:03 - [MESSAGE][INFO] - Maximizing current window

2021-11-11 09:46:03 - [MESSAGE][PASSED] - Current window maximized

2021-11-11 09:46:03 - [MESSAGE][INFO] - Invoke 'com.kms.katalon.core.annotation.BeforeTestCase' method: 'Listener.sampleBeforeTestSuite(...)' completed.

2021-11-11 09:46:04 - [TEST_STEP][PASSED] - runFeatureFile("Include/features/e-Makbuz/e-Mustahsil Uygulamasi/e-Mustahsil Makbuzu Raporlari/Excele Aktar.feature"): Feature file: 'Include/features/e-Makbuz/e-Mustahsil Uygulamasi/e-Mustahsil Makbuzu Raporlari/Excele Aktar.feature' was passed

2021-11-11 09:46:04 - [MESSAGE][INFO] - Starting run keyword runFeatureFile: 'Include/features/e-Makbuz/e-Mustahsil Uygulamasi/e-Mustahsil Makbuzu Raporlari/Excele Aktar.feature' and extract report to folder: 'C:\Users\DELL\Documents\GitHub\EES_KatalonLogo\Reports\20211111_090730\Suite Repository\ExceleAktarVeTopluIndirme\20211111_090810/cucumber_report/1636613164516'...

2021-11-11 09:46:04 - [MESSAGE][INFO] - Glue: []

2021-11-11 09:46:05 - [MESSAGE][INFO] - Checking called Test Case

2021-11-11 09:46:05 - [MESSAGE][INFO] - Starting to call Test Case 'Test Cases/Sayfalar/Giris_Sayfasi/Login'

2021-11-11 09:46:05 - [TEST_CASE][PASSED] - Test Cases/Sayfalar/Giris_Sayfasi/Login: Test Cases/Sayfalar/Giris_Sayfasi/Login

2021-11-11 09:46:05 - [TEST_STEP][PASSED] - Sayfa_Basligi = getWindowTitle(): Current window's title is: 'LOGO e-Fatura'

2021-11-11 09:46:05 - [MESSAGE][INFO] - Getting current window's title

2021-11-11 09:46:05 - [MESSAGE][PASSED] - Current window's title is: 'LOGO e-Fatura'

2021-11-11 09:46:05 - [TEST_STEP][PASSED] - verifyMatch(Sayfa_Basligi, "LOGO e-Fatura", false): Actual text 'LOGO e-Fatura' and expected text 'LOGO e-Fatura' are matched 

2021-11-11 09:46:05 - [MESSAGE][INFO] - Matching actual text 'LOGO e-Fatura' with expected text 'LOGO e-Fatura'

2021-11-11 09:46:05 - [MESSAGE][PASSED] - Actual text 'LOGO e-Fatura' and expected text 'LOGO e-Fatura' are matched 

2021-11-11 09:46:05 - [TEST_STEP][PASSED] - sendKeys(findTestObject("Sayfalar/Giris_Sayfasi/Firma_Kodu"), KullaniciAdi): Keys 'ELOGO6' sent to object: 'Object Repository/Sayfalar/Giris_Sayfasi/Firma_Kodu'

2021-11-11 09:46:05 - [MESSAGE][INFO] - Finding Test Object 'Object Repository/Sayfalar/Giris_Sayfasi/Firma_Kodu'

2021-11-11 09:46:05 - [MESSAGE][INFO] - Sending keys 'ELOGO6' to object: 'Object Repository/Sayfalar/Giris_Sayfasi/Firma_Kodu'

2021-11-11 09:46:05 - [MESSAGE][INFO] - Finding web element from Test Object's properties

2021-11-11 09:46:05 - [MESSAGE][INFO] - Checking timeout

2021-11-11 09:46:05 - [MESSAGE][INFO] - Finding web element with id: 'Object Repository/Sayfalar/Giris_Sayfasi/Firma_Kodu' located by 'By.xpath: //*[@id = 'AccountName']' in '30' second(s)

2021-11-11 09:46:05 - [MESSAGE][INFO] - Smart Wait Function is triggered

2021-11-11 09:46:05 - [MESSAGE][INFO] - Found 1 web elements with id: 'Object Repository/Sayfalar/Giris_Sayfasi/Firma_Kodu' located by 'By.xpath: //*[@id = 'AccountName']' in '30' second(s)

2021-11-11 09:46:05 - [MESSAGE][PASSED] - Keys 'ELOGO6' sent to object: 'Object Repository/Sayfalar/Giris_Sayfasi/Firma_Kodu'

2021-11-11 09:46:05 - [TEST_STEP][PASSED] - sendKeys(findTestObject("Sayfalar/Giris_Sayfasi/Sifre"), Sifre): Keys '123456' sent to object: 'Object Repository/Sayfalar/Giris_Sayfasi/Sifre'

2021-11-11 09:46:05 - [MESSAGE][INFO] - Finding Test Object 'Object Repository/Sayfalar/Giris_Sayfasi/Sifre'

2021-11-11 09:46:05 - [MESSAGE][INFO] - Sending keys '123456' to object: 'Object Repository/Sayfalar/Giris_Sayfasi/Sifre'

2021-11-11 09:46:05 - [MESSAGE][INFO] - Finding web element from Test Object's properties

2021-11-11 09:46:05 - [MESSAGE][INFO] - Checking timeout

2021-11-11 09:46:05 - [MESSAGE][INFO] - Finding web element with id: 'Object Repository/Sayfalar/Giris_Sayfasi/Sifre' located by 'By.xpath: //*[@id = 'Password']' in '30' second(s)

2021-11-11 09:46:05 - [MESSAGE][INFO] - Smart Wait Function is triggered

2021-11-11 09:46:06 - [MESSAGE][INFO] - Found 1 web elements with id: 'Object Repository/Sayfalar/Giris_Sayfasi/Sifre' located by 'By.xpath: //*[@id = 'Password']' in '30' second(s)

2021-11-11 09:46:06 - [MESSAGE][PASSED] - Keys '123456' sent to object: 'Object Repository/Sayfalar/Giris_Sayfasi/Sifre'

2021-11-11 09:46:06 - [TEST_STEP][PASSED] - findWebElement(findTestObject("Sayfalar/Giris_Sayfasi/Giris_Butonu")).click(): Found 1 web elements with id: 'Object Repository/Sayfalar/Giris_Sayfasi/Giris_Butonu' located by 'By.cssSelector: #btnLogin' in '30' second(s)

2021-11-11 09:46:06 - [MESSAGE][INFO] - Finding Test Object 'Object Repository/Sayfalar/Giris_Sayfasi/Giris_Butonu'

2021-11-11 09:46:06 - [MESSAGE][INFO] - Finding web element from Test Object's properties

2021-11-11 09:46:06 - [MESSAGE][INFO] - Checking timeout

2021-11-11 09:46:06 - [MESSAGE][INFO] - Finding web element with id: 'Object Repository/Sayfalar/Giris_Sayfasi/Giris_Butonu' located by 'By.cssSelector: #btnLogin' in '30' second(s)

2021-11-11 09:46:06 - [MESSAGE][INFO] - Smart Wait Function is triggered

2021-11-11 09:46:06 - [MESSAGE][INFO] - Found 1 web elements with id: 'Object Repository/Sayfalar/Giris_Sayfasi/Giris_Butonu' located by 'By.cssSelector: #btnLogin' in '30' second(s)

2021-11-11 09:46:09 - [TEST_STEP][PASSED] - if (verifyElementPresent(findTestObject("Object Repository/Sayfalar/Giris_Sayfasi/RetveTamam_Butonu"), 5, OPTIONAL)): null

2021-11-11 09:46:09 - [MESSAGE][INFO] - Finding Test Object 'Object Repository/Sayfalar/Giris_Sayfasi/RetveTamam_Butonu'

2021-11-11 09:46:09 - [MESSAGE][INFO] - Checking object

2021-11-11 09:46:09 - [MESSAGE][INFO] - Finding web element from Test Object's properties

2021-11-11 09:46:09 - [MESSAGE][INFO] - Checking timeout

2021-11-11 09:46:09 - [MESSAGE][INFO] - Finding web element with id: 'Object Repository/Sayfalar/Giris_Sayfasi/RetveTamam_Butonu' located by 'By.xpath: //*[@class = 'btn btn-default']' in '5' second(s)

2021-11-11 09:46:09 - [MESSAGE][INFO] - Smart Wait Function is triggered

2021-11-11 09:46:09 - [MESSAGE][INFO] - Found 1 web elements with id: 'Object Repository/Sayfalar/Giris_Sayfasi/RetveTamam_Butonu' located by 'By.xpath: //*[@class = 'btn btn-default']' in '5' second(s)

2021-11-11 09:46:09 - [MESSAGE][PASSED] - Object 'Object Repository/Sayfalar/Giris_Sayfasi/RetveTamam_Butonu' is present

2021-11-11 09:46:09 - [TEST_STEP][PASSED] - click(findTestObject("Object Repository/Sayfalar/Giris_Sayfasi/RetveTamam_Butonu")): Object: 'Object Repository/Sayfalar/Giris_Sayfasi/RetveTamam_Butonu' is clicked on

2021-11-11 09:46:09 - [MESSAGE][INFO] - Finding Test Object 'Object Repository/Sayfalar/Giris_Sayfasi/RetveTamam_Butonu'

2021-11-11 09:46:09 - [MESSAGE][INFO] - Checking object

2021-11-11 09:46:09 - [MESSAGE][INFO] - Finding web element from Test Object's properties

2021-11-11 09:46:09 - [MESSAGE][INFO] - Checking timeout

2021-11-11 09:46:09 - [MESSAGE][INFO] - Finding web element with id: 'Object Repository/Sayfalar/Giris_Sayfasi/RetveTamam_Butonu' located by 'By.xpath: //*[@class = 'btn btn-default']' in '30' second(s)

2021-11-11 09:46:09 - [MESSAGE][INFO] - Smart Wait Function is triggered

2021-11-11 09:46:09 - [MESSAGE][INFO] - Found 1 web elements with id: 'Object Repository/Sayfalar/Giris_Sayfasi/RetveTamam_Butonu' located by 'By.xpath: //*[@class = 'btn btn-default']' in '30' second(s)

2021-11-11 09:46:09 - [MESSAGE][INFO] - Clicking on object: 'Object Repository/Sayfalar/Giris_Sayfasi/RetveTamam_Butonu'

2021-11-11 09:46:09 - [MESSAGE][PASSED] - Object: 'Object Repository/Sayfalar/Giris_Sayfasi/RetveTamam_Butonu' is clicked on

2021-11-11 09:46:10 - [TEST_STEP][PASSED] - click(findTestObject("Object Repository/Sayfalar/Giris_Sayfasi/RetveTamam_Butonu")): Object: 'Object Repository/Sayfalar/Giris_Sayfasi/RetveTamam_Butonu' is clicked on

2021-11-11 09:46:10 - [MESSAGE][INFO] - Finding Test Object 'Object Repository/Sayfalar/Giris_Sayfasi/RetveTamam_Butonu'

2021-11-11 09:46:10 - [MESSAGE][INFO] - Checking object

2021-11-11 09:46:10 - [MESSAGE][INFO] - Finding web element from Test Object's properties

2021-11-11 09:46:10 - [MESSAGE][INFO] - Checking timeout

2021-11-11 09:46:10 - [MESSAGE][INFO] - Finding web element with id: 'Object Repository/Sayfalar/Giris_Sayfasi/RetveTamam_Butonu' located by 'By.xpath: //*[@class = 'btn btn-default']' in '30' second(s)

2021-11-11 09:46:10 - [MESSAGE][INFO] - Smart Wait Function is triggered

2021-11-11 09:46:17 - [MESSAGE][INFO] - Found 1 web elements with id: 'Object Repository/Sayfalar/Giris_Sayfasi/RetveTamam_Butonu' located by 'By.xpath: //*[@class = 'btn btn-default']' in '30' second(s)

2021-11-11 09:46:17 - [MESSAGE][INFO] - Clicking on object: 'Object Repository/Sayfalar/Giris_Sayfasi/RetveTamam_Butonu'

2021-11-11 09:46:17 - [MESSAGE][PASSED] - Object: 'Object Repository/Sayfalar/Giris_Sayfasi/RetveTamam_Butonu' is clicked on

2021-11-11 09:46:17 - [TEST_STEP][PASSED] - if (verifyElementPresent(findTestObject("Sayfalar/Giris_Sayfasi/PopupOK"), 5, OPTIONAL)): null

2021-11-11 09:46:17 - [MESSAGE][INFO] - Finding Test Object 'Object Repository/Sayfalar/Giris_Sayfasi/PopupOK'

2021-11-11 09:46:17 - [MESSAGE][INFO] - Checking object

2021-11-11 09:46:17 - [MESSAGE][INFO] - Finding web element from Test Object's properties

2021-11-11 09:46:17 - [MESSAGE][INFO] - Checking timeout

2021-11-11 09:46:17 - [MESSAGE][INFO] - Finding web element with id: 'Object Repository/Sayfalar/Giris_Sayfasi/PopupOK' located by 'By.cssSelector: .btn.btn-success' in '5' second(s)

2021-11-11 09:46:17 - [MESSAGE][INFO] - Smart Wait Function is triggered

2021-11-11 09:46:18 - [MESSAGE][INFO] - Found 1 web elements with id: 'Object Repository/Sayfalar/Giris_Sayfasi/PopupOK' located by 'By.cssSelector: .btn.btn-success' in '5' second(s)

2021-11-11 09:46:18 - [MESSAGE][PASSED] - Object 'Object Repository/Sayfalar/Giris_Sayfasi/PopupOK' is present

2021-11-11 09:46:18 - [TEST_STEP][PASSED] - click(findTestObject("Object Repository/Sayfalar/Giris_Sayfasi/PopupCarpiGiris")): Object: 'Object Repository/Sayfalar/Giris_Sayfasi/PopupCarpiGiris' is clicked on

2021-11-11 09:46:18 - [MESSAGE][INFO] - Finding Test Object 'Object Repository/Sayfalar/Giris_Sayfasi/PopupCarpiGiris'

2021-11-11 09:46:18 - [MESSAGE][INFO] - Checking object

2021-11-11 09:46:18 - [MESSAGE][INFO] - Finding web element from Test Object's properties

2021-11-11 09:46:18 - [MESSAGE][INFO] - Checking timeout

2021-11-11 09:46:18 - [MESSAGE][INFO] - Finding web element with id: 'Object Repository/Sayfalar/Giris_Sayfasi/PopupCarpiGiris' located by 'By.cssSelector: .bootbox-close-button.close' in '30' second(s)

2021-11-11 09:46:18 - [MESSAGE][INFO] - Smart Wait Function is triggered

2021-11-11 09:46:18 - [MESSAGE][INFO] - Found 1 web elements with id: 'Object Repository/Sayfalar/Giris_Sayfasi/PopupCarpiGiris' located by 'By.cssSelector: .bootbox-close-button.close' in '30' second(s)

2021-11-11 09:46:18 - [MESSAGE][INFO] - Clicking on object: 'Object Repository/Sayfalar/Giris_Sayfasi/PopupCarpiGiris'

2021-11-11 09:46:18 - [MESSAGE][PASSED] - Object: 'Object Repository/Sayfalar/Giris_Sayfasi/PopupCarpiGiris' is clicked on

2021-11-11 09:46:18 - [TEST_STEP][PASSED] - verifyElementVisible(findTestObject("Object Repository/Kullanici_Islemleri/KullaniciIslemleri")): Object 'Object Repository/Kullanici_Islemleri/KullaniciIslemleri' is visible

2021-11-11 09:46:18 - [MESSAGE][INFO] - Finding Test Object 'Object Repository/Kullanici_Islemleri/KullaniciIslemleri'

2021-11-11 09:46:18 - [MESSAGE][INFO] - Checking object

2021-11-11 09:46:18 - [MESSAGE][INFO] - Finding web element from Test Object's properties

2021-11-11 09:46:18 - [MESSAGE][INFO] - Checking timeout

2021-11-11 09:46:18 - [MESSAGE][INFO] - Finding web element with id: 'Object Repository/Kullanici_Islemleri/KullaniciIslemleri' located by 'By.cssSelector: .dropdown>a>img' in '30' second(s)

2021-11-11 09:46:18 - [MESSAGE][INFO] - Smart Wait Function is triggered

2021-11-11 09:46:19 - [MESSAGE][INFO] - Found 1 web elements with id: 'Object Repository/Kullanici_Islemleri/KullaniciIslemleri' located by 'By.cssSelector: .dropdown>a>img' in '30' second(s)

2021-11-11 09:46:19 - [MESSAGE][PASSED] - Object 'Object Repository/Kullanici_Islemleri/KullaniciIslemleri' is visible

2021-11-11 09:46:19 - [MESSAGE][PASSED] - Call Test Case 'Test Cases/Sayfalar/Giris_Sayfasi/Login' successfully

2021-11-11 09:46:19 - [MESSAGE][INFO] - Checking called Test Case

2021-11-11 09:46:19 - [MESSAGE][INFO] - Starting to call Test Case 'Test Cases/Menu/AnaMenuSecimi'

2021-11-11 09:46:19 - [TEST_CASE][PASSED] - Test Cases/Menu/AnaMenuSecimi: Test Cases/Menu/AnaMenuSecimi

2021-11-11 09:46:19 - [TEST_STEP][PASSED] - Method.TextDegerineEsitElementeTikla(findTestObject("Menu/Ana_Menu"), Ana_Menu): Method.TextDegerineEsitElementeTikla is PASSED

2021-11-11 09:46:19 - [MESSAGE][INFO] - Finding Test Object 'Object Repository/Menu/Ana_Menu'

2021-11-11 09:46:19 - [MESSAGE][INFO] - Checking timeout

2021-11-11 09:46:19 - [MESSAGE][INFO] - Finding web element with id: 'Object Repository/Menu/Ana_Menu' located by 'By.xpath: //*[@class = 'dropdown-toggle']' in '10' second(s)

2021-11-11 09:46:19 - [MESSAGE][INFO] - Smart Wait Function is triggered

2021-11-11 09:46:20 - [MESSAGE][INFO] - Found 14 web elements with id: 'Object Repository/Menu/Ana_Menu' located by 'By.xpath: //*[@class = 'dropdown-toggle']' in '10' second(s)

2021-11-11 09:46:20 - [MESSAGE][PASSED] - Method.TextDegerineEsitElementeTikla is PASSED

2021-11-11 09:46:20 - [MESSAGE][PASSED] - Call Test Case 'Test Cases/Menu/AnaMenuSecimi' successfully

2021-11-11 09:46:20 - [MESSAGE][INFO] - Checking called Test Case

2021-11-11 09:46:20 - [MESSAGE][INFO] - Starting to call Test Case 'Test Cases/Menu/BasligaGoreAltMenuSecimi'

2021-11-11 09:46:20 - [TEST_CASE][PASSED] - Test Cases/Menu/BasligaGoreAltMenuSecimi: Test Cases/Menu/BasligaGoreAltMenuSecimi

2021-11-11 09:46:20 - [TEST_STEP][PASSED] - Method.TextDegerineEsitElementinAltindakiTextDegerineEsitOlanaTikla(findTestObject("Menu/Menu_Basligi"), findTestObject("Menu/Basliga_Gore_Alt_Menu"), Baslik, Alt_Menu): Method.TextDegerineEsitElementinAltindakiTextDegerineEsitOlanaTikla is PASSED

2021-11-11 09:46:20 - [MESSAGE][INFO] - Finding Test Object 'Object Repository/Menu/Menu_Basligi'

2021-11-11 09:46:20 - [MESSAGE][INFO] - Finding Test Object 'Object Repository/Menu/Basliga_Gore_Alt_Menu'

2021-11-11 09:46:20 - [MESSAGE][INFO] - Checking timeout

2021-11-11 09:46:20 - [MESSAGE][INFO] - Finding web element with id: 'Object Repository/Menu/Menu_Basligi' located by 'By.xpath: //li[@class='dropdown dropdown-large open']//li[@class='dropdown-header']' in '10' second(s)

2021-11-11 09:46:20 - [MESSAGE][INFO] - Smart Wait Function is triggered

2021-11-11 09:46:20 - [MESSAGE][INFO] - Found 2 web elements with id: 'Object Repository/Menu/Menu_Basligi' located by 'By.xpath: //li[@class='dropdown dropdown-large open']//li[@class='dropdown-header']' in '10' second(s)

2021-11-11 09:46:20 - [MESSAGE][INFO] - Smart Wait Function is triggered

2021-11-11 09:46:23 - [MESSAGE][PASSED] - Method.TextDegerineEsitElementinAltindakiTextDegerineEsitOlanaTikla is PASSED

2021-11-11 09:46:23 - [MESSAGE][PASSED] - Call Test Case 'Test Cases/Menu/BasligaGoreAltMenuSecimi' successfully

2021-11-11 09:46:23 - [MESSAGE][INFO] - Checking called Test Case

2021-11-11 09:46:23 - [MESSAGE][INFO] - Starting to call Test Case 'Test Cases/Filtreler/DropdownSec'

2021-11-11 09:46:23 - [TEST_CASE][PASSED] - Test Cases/Filtreler/DropdownSec: Test Cases/Filtreler/DropdownSec

2021-11-11 09:46:23 - [TEST_STEP][PASSED] - Method.TextDegerineEsitElementinAltindakineTikla(findTestObject("Filtreler/Basliklar"), findTestObject("Filtreler/Basliga_Gore_Baslangic_Image"), Filtre_Adi): Method.TextDegerineEsitElementinAltindakineTikla is PASSED

2021-11-11 09:46:23 - [MESSAGE][INFO] - Finding Test Object 'Object Repository/Filtreler/Basliklar'

2021-11-11 09:46:24 - [MESSAGE][INFO] - Finding Test Object 'Object Repository/Filtreler/Basliga_Gore_Baslangic_Image'

2021-11-11 09:46:24 - [MESSAGE][INFO] - Checking timeout

2021-11-11 09:46:24 - [MESSAGE][INFO] - Finding web element with id: 'Object Repository/Filtreler/Basliklar' located by 'By.cssSelector: .control-label.col-sm-4.paddingMarginRLC' in '10' second(s)

2021-11-11 09:46:24 - [MESSAGE][INFO] - Smart Wait Function is triggered

2021-11-11 09:46:24 - [MESSAGE][INFO] - Found 5 web elements with id: 'Object Repository/Filtreler/Basliklar' located by 'By.cssSelector: .control-label.col-sm-4.paddingMarginRLC' in '10' second(s)

2021-11-11 09:46:24 - [MESSAGE][INFO] - Smart Wait Function is triggered

2021-11-11 09:46:24 - [MESSAGE][PASSED] - Method.TextDegerineEsitElementinAltindakineTikla is PASSED

2021-11-11 09:46:24 - [TEST_STEP][PASSED] - Method.TextDegerineEsitElementeTikla(findTestObject("Object Repository/Filtreler/Basliga_Gore_Dropdown"), Filtre_Degeri): Method.TextDegerineEsitElementeTikla is PASSED

2021-11-11 09:46:24 - [MESSAGE][INFO] - Finding Test Object 'Object Repository/Filtreler/Basliga_Gore_Dropdown'

2021-11-11 09:46:24 - [MESSAGE][INFO] - Checking timeout

2021-11-11 09:46:24 - [MESSAGE][INFO] - Finding web element with id: 'Object Repository/Filtreler/Basliga_Gore_Dropdown' located by 'By.xpath: //*[@class = 'dxeListBoxItemRow_LECustomTheme']' in '10' second(s)

2021-11-11 09:46:24 - [MESSAGE][INFO] - Smart Wait Function is triggered

2021-11-11 09:46:25 - [MESSAGE][INFO] - Found 59 web elements with id: 'Object Repository/Filtreler/Basliga_Gore_Dropdown' located by 'By.xpath: //*[@class = 'dxeListBoxItemRow_LECustomTheme']' in '10' second(s)

2021-11-11 09:46:25 - [MESSAGE][PASSED] - Method.TextDegerineEsitElementeTikla is PASSED

2021-11-11 09:46:25 - [MESSAGE][PASSED] - Call Test Case 'Test Cases/Filtreler/DropdownSec' successfully

2021-11-11 09:46:25 - [MESSAGE][INFO] - Checking called Test Case

2021-11-11 09:46:25 - [MESSAGE][INFO] - Starting to call Test Case 'Test Cases/Filtreler/BaslangicYaz'

2021-11-11 09:46:25 - [TEST_CASE][PASSED] - Test Cases/Filtreler/BaslangicYaz: Test Cases/Filtreler/BaslangicYaz

2021-11-11 09:46:25 - [TEST_STEP][PASSED] - Method.TextDegerineEsitElementinAltindakineTikla(findTestObject("Filtreler/Basliklar"), findTestObject("Filtreler/Basliga_Gore_Baslangic_Image"), Filtre_Adi): Method.TextDegerineEsitElementinAltindakineTikla is PASSED

2021-11-11 09:46:25 - [MESSAGE][INFO] - Finding Test Object 'Object Repository/Filtreler/Basliklar'

2021-11-11 09:46:25 - [MESSAGE][INFO] - Finding Test Object 'Object Repository/Filtreler/Basliga_Gore_Baslangic_Image'

2021-11-11 09:46:26 - [MESSAGE][INFO] - Checking timeout

2021-11-11 09:46:26 - [MESSAGE][INFO] - Finding web element with id: 'Object Repository/Filtreler/Basliklar' located by 'By.cssSelector: .control-label.col-sm-4.paddingMarginRLC' in '10' second(s)

2021-11-11 09:46:26 - [MESSAGE][INFO] - Smart Wait Function is triggered

2021-11-11 09:46:26 - [MESSAGE][INFO] - Found 5 web elements with id: 'Object Repository/Filtreler/Basliklar' located by 'By.cssSelector: .control-label.col-sm-4.paddingMarginRLC' in '10' second(s)

2021-11-11 09:46:26 - [MESSAGE][INFO] - Smart Wait Function is triggered

2021-11-11 09:46:26 - [MESSAGE][PASSED] - Method.TextDegerineEsitElementinAltindakineTikla is PASSED

2021-11-11 09:46:26 - [TEST_STEP][PASSED] - Method.TextDegerineEsitElementinAltindakiTextboxtaYaz(findTestObject("Filtreler/Basliklar"), findTestObject("Filtreler/Basliga_Gore_Baslangic"), Filtre_Adi, Filtre_Degeri): Method.TextDegerineEsitElementinAltindakiTextboxtaYaz is PASSED

2021-11-11 09:46:26 - [MESSAGE][INFO] - Finding Test Object 'Object Repository/Filtreler/Basliklar'

2021-11-11 09:46:26 - [MESSAGE][INFO] - Finding Test Object 'Object Repository/Filtreler/Basliga_Gore_Baslangic'

2021-11-11 09:46:26 - [MESSAGE][INFO] - Checking timeout

2021-11-11 09:46:26 - [MESSAGE][INFO] - Finding web element with id: 'Object Repository/Filtreler/Basliklar' located by 'By.cssSelector: .control-label.col-sm-4.paddingMarginRLC' in '10' second(s)

2021-11-11 09:46:26 - [MESSAGE][INFO] - Smart Wait Function is triggered

2021-11-11 09:46:27 - [MESSAGE][INFO] - Found 5 web elements with id: 'Object Repository/Filtreler/Basliklar' located by 'By.cssSelector: .control-label.col-sm-4.paddingMarginRLC' in '10' second(s)

2021-11-11 09:46:27 - [MESSAGE][INFO] - Smart Wait Function is triggered

2021-11-11 09:46:27 - [MESSAGE][PASSED] - Method.TextDegerineEsitElementinAltindakiTextboxtaYaz is PASSED

2021-11-11 09:46:27 - [MESSAGE][PASSED] - Call Test Case 'Test Cases/Filtreler/BaslangicYaz' successfully

2021-11-11 09:46:27 - [MESSAGE][INFO] - Checking called Test Case

2021-11-11 09:46:27 - [MESSAGE][INFO] - Starting to call Test Case 'Test Cases/Filtreler/BitisYaz'

2021-11-11 09:46:27 - [TEST_CASE][PASSED] - Test Cases/Filtreler/BitisYaz: Test Cases/Filtreler/BitisYaz

2021-11-11 09:46:27 - [TEST_STEP][PASSED] - Method.TextDegerineEsitElementinAltindakineTikla(findTestObject("Filtreler/Basliklar"), findTestObject("Filtreler/Basliga_Gore_Bitis_Image"), Filtre_Adi): Method.TextDegerineEsitElementinAltindakineTikla is PASSED

2021-11-11 09:46:27 - [MESSAGE][INFO] - Finding Test Object 'Object Repository/Filtreler/Basliklar'

2021-11-11 09:46:27 - [MESSAGE][INFO] - Finding Test Object 'Object Repository/Filtreler/Basliga_Gore_Bitis_Image'

2021-11-11 09:46:27 - [MESSAGE][INFO] - Checking timeout

2021-11-11 09:46:27 - [MESSAGE][INFO] - Finding web element with id: 'Object Repository/Filtreler/Basliklar' located by 'By.cssSelector: .control-label.col-sm-4.paddingMarginRLC' in '10' second(s)

2021-11-11 09:46:27 - [MESSAGE][INFO] - Smart Wait Function is triggered

2021-11-11 09:46:28 - [MESSAGE][INFO] - Found 5 web elements with id: 'Object Repository/Filtreler/Basliklar' located by 'By.cssSelector: .control-label.col-sm-4.paddingMarginRLC' in '10' second(s)

2021-11-11 09:46:28 - [MESSAGE][INFO] - Smart Wait Function is triggered

2021-11-11 09:46:28 - [MESSAGE][PASSED] - Method.TextDegerineEsitElementinAltindakineTikla is PASSED

2021-11-11 09:46:28 - [TEST_STEP][PASSED] - Method.TextDegerineEsitElementinAltindakiTextboxtaYaz(findTestObject("Filtreler/Basliklar"), findTestObject("Object Repository/Filtreler/Basliga_Gore_Bitis"), Filtre_Adi, Filtre_Degeri): Method.TextDegerineEsitElementinAltindakiTextboxtaYaz is PASSED

2021-11-11 09:46:28 - [MESSAGE][INFO] - Finding Test Object 'Object Repository/Filtreler/Basliklar'

2021-11-11 09:46:28 - [MESSAGE][INFO] - Finding Test Object 'Object Repository/Filtreler/Basliga_Gore_Bitis'

2021-11-11 09:46:28 - [MESSAGE][INFO] - Checking timeout

2021-11-11 09:46:28 - [MESSAGE][INFO] - Finding web element with id: 'Object Repository/Filtreler/Basliklar' located by 'By.cssSelector: .control-label.col-sm-4.paddingMarginRLC' in '10' second(s)

2021-11-11 09:46:28 - [MESSAGE][INFO] - Smart Wait Function is triggered

2021-11-11 09:46:29 - [MESSAGE][INFO] - Found 5 web elements with id: 'Object Repository/Filtreler/Basliklar' located by 'By.cssSelector: .control-label.col-sm-4.paddingMarginRLC' in '10' second(s)

2021-11-11 09:46:29 - [MESSAGE][INFO] - Smart Wait Function is triggered

2021-11-11 09:46:29 - [MESSAGE][PASSED] - Method.TextDegerineEsitElementinAltindakiTextboxtaYaz is PASSED

2021-11-11 09:46:29 - [MESSAGE][PASSED] - Call Test Case 'Test Cases/Filtreler/BitisYaz' successfully

2021-11-11 09:46:29 - [MESSAGE][INFO] - Checking called Test Case

2021-11-11 09:46:29 - [MESSAGE][INFO] - Starting to call Test Case 'Test Cases/Filtreler/ButonaTikla'

2021-11-11 09:46:29 - [TEST_CASE][PASSED] - Test Cases/Filtreler/ButonaTikla: Test Cases/Filtreler/ButonaTikla

2021-11-11 09:46:29 - [TEST_STEP][PASSED] - Method.TextDegerineEsitElementeTikla(findTestObject("Filtreler/Butonlar"), Filtre_Buton): Method.TextDegerineEsitElementeTikla is PASSED

2021-11-11 09:46:29 - [MESSAGE][INFO] - Finding Test Object 'Object Repository/Filtreler/Butonlar'

2021-11-11 09:46:29 - [MESSAGE][INFO] - Checking timeout

2021-11-11 09:46:29 - [MESSAGE][INFO] - Finding web element with id: 'Object Repository/Filtreler/Butonlar' located by 'By.cssSelector: .dxb>span' in '10' second(s)

2021-11-11 09:46:29 - [MESSAGE][INFO] - Smart Wait Function is triggered

2021-11-11 09:46:30 - [MESSAGE][INFO] - Found 3 web elements with id: 'Object Repository/Filtreler/Butonlar' located by 'By.cssSelector: .dxb>span' in '10' second(s)

2021-11-11 09:46:30 - [MESSAGE][PASSED] - Method.TextDegerineEsitElementeTikla is PASSED

2021-11-11 09:46:30 - [MESSAGE][PASSED] - Call Test Case 'Test Cases/Filtreler/ButonaTikla' successfully

2021-11-11 09:46:30 - [MESSAGE][INFO] - Checking called Test Case

2021-11-11 09:46:30 - [MESSAGE][INFO] - Starting to call Test Case 'Test Cases/Tablo/TablodaVeriVarMi'

2021-11-11 09:46:30 - [TEST_CASE][PASSED] - Test Cases/Tablo/TablodaVeriVarMi: Test Cases/Tablo/TablodaVeriVarMi

2021-11-11 09:46:30 - [TEST_STEP][PASSED] - verifyTextNotPresent("Görüntülenecek veri yok", true): Text 'Görüntülenecek veri yok' is not present on page using regular expression

2021-11-11 09:46:30 - [MESSAGE][INFO] - Checking text present  using regular expression

2021-11-11 09:46:30 - [MESSAGE][INFO] - Smart Wait Function is triggered

2021-11-11 09:46:31 - [MESSAGE][INFO] - Finding text 'Görüntülenecek veri yok' on page  using regular expression

2021-11-11 09:46:31 - [MESSAGE][PASSED] - Text 'Görüntülenecek veri yok' is not present on page using regular expression

2021-11-11 09:46:31 - [MESSAGE][PASSED] - Call Test Case 'Test Cases/Tablo/TablodaVeriVarMi' successfully

2021-11-11 09:46:31 - [MESSAGE][INFO] - Checking called Test Case

2021-11-11 09:46:31 - [MESSAGE][INFO] - Starting to call Test Case 'Test Cases/Tablo/TablodanVeriSec'

2021-11-11 09:46:31 - [TEST_CASE][PASSED] - Test Cases/Tablo/TablodanVeriSec: Test Cases/Tablo/TablodanVeriSec

2021-11-11 09:46:31 - [TEST_STEP][PASSED] - Method.TextDegerineEsitElementinAltindakineTikla(findTestObject("Tablo/Veriler"), findTestObject("Tablo/VerininCheckBoxi"), Veri_Adi): Method.TextDegerineEsitElementinAltindakineTikla is PASSED

2021-11-11 09:46:31 - [MESSAGE][INFO] - Finding Test Object 'Object Repository/Tablo/Veriler'

2021-11-11 09:46:31 - [MESSAGE][INFO] - Finding Test Object 'Object Repository/Tablo/VerininCheckBoxi'

2021-11-11 09:46:31 - [MESSAGE][INFO] - Checking timeout

2021-11-11 09:46:31 - [MESSAGE][INFO] - Finding web element with id: 'Object Repository/Tablo/Veriler' located by 'By.cssSelector: td.dxgv b ,td.dxgv' in '10' second(s)

2021-11-11 09:46:31 - [MESSAGE][INFO] - Smart Wait Function is triggered

2021-11-11 09:46:31 - [MESSAGE][INFO] - Found 130 web elements with id: 'Object Repository/Tablo/Veriler' located by 'By.cssSelector: td.dxgv b ,td.dxgv' in '10' second(s)

2021-11-11 09:46:32 - [MESSAGE][INFO] - Smart Wait Function is triggered

2021-11-11 09:46:33 - [MESSAGE][PASSED] - Method.TextDegerineEsitElementinAltindakineTikla is PASSED

2021-11-11 09:46:33 - [MESSAGE][PASSED] - Call Test Case 'Test Cases/Tablo/TablodanVeriSec' successfully

2021-11-11 09:46:33 - [MESSAGE][INFO] - Checking called Test Case

2021-11-11 09:46:33 - [MESSAGE][INFO] - Starting to call Test Case 'Test Cases/Butonlar/ButonaTikla'

2021-11-11 09:46:33 - [TEST_CASE][PASSED] - Test Cases/Butonlar/ButonaTikla: Test Cases/Butonlar/ButonaTikla

2021-11-11 09:46:33 - [TEST_STEP][PASSED] - Method.TextDegerineEsitElementeTiklaEquals(findTestObject("Butonlar/Butonlar"), Buton_Adi): Method.TextDegerineEsitElementeTiklaEquals is PASSED

2021-11-11 09:46:33 - [MESSAGE][INFO] - Finding Test Object 'Object Repository/Butonlar/Butonlar'

2021-11-11 09:46:33 - [MESSAGE][INFO] - Checking timeout

2021-11-11 09:46:33 - [MESSAGE][INFO] - Finding web element with id: 'Object Repository/Butonlar/Butonlar' located by 'By.cssSelector: .panel.panel-default.text-center.footerPanel .btn,.btn.btn-primary.btnControls' in '10' second(s)

2021-11-11 09:46:33 - [MESSAGE][INFO] - Smart Wait Function is triggered

2021-11-11 09:46:33 - [MESSAGE][INFO] - Found 6 web elements with id: 'Object Repository/Butonlar/Butonlar' located by 'By.cssSelector: .panel.panel-default.text-center.footerPanel .btn,.btn.btn-primary.btnControls' in '10' second(s)

2021-11-11 09:46:33 - [MESSAGE][PASSED] - Method.TextDegerineEsitElementeTiklaEquals is PASSED

2021-11-11 09:46:33 - [MESSAGE][PASSED] - Call Test Case 'Test Cases/Butonlar/ButonaTikla' successfully

2021-11-11 09:46:33 - [MESSAGE][INFO] - Checking called Test Case

2021-11-11 09:46:33 - [MESSAGE][INFO] - Starting to call Test Case 'Test Cases/Butonlar/AltButonaTikla'

2021-11-11 09:46:33 - [TEST_CASE][PASSED] - Test Cases/Butonlar/AltButonaTikla: Test Cases/Butonlar/AltButonaTikla

2021-11-11 09:46:33 - [TEST_STEP][PASSED] - Method.TextDegerineEsitElementeTikla(findTestObject("Butonlar/AltButonlar"), Alt_Buton): Method.TextDegerineEsitElementeTikla is PASSED

2021-11-11 09:46:33 - [MESSAGE][INFO] - Finding Test Object 'Object Repository/Butonlar/AltButonlar'

2021-11-11 09:46:33 - [MESSAGE][INFO] - Checking timeout

2021-11-11 09:46:33 - [MESSAGE][INFO] - Finding web element with id: 'Object Repository/Butonlar/AltButonlar' located by 'By.cssSelector: .btn-group.open li>a' in '10' second(s)

2021-11-11 09:46:33 - [MESSAGE][INFO] - Smart Wait Function is triggered

2021-11-11 09:46:34 - [MESSAGE][INFO] - Found 2 web elements with id: 'Object Repository/Butonlar/AltButonlar' located by 'By.cssSelector: .btn-group.open li>a' in '10' second(s)

2021-11-11 09:46:34 - [MESSAGE][PASSED] - Method.TextDegerineEsitElementeTikla is PASSED

2021-11-11 09:46:34 - [MESSAGE][PASSED] - Call Test Case 'Test Cases/Butonlar/AltButonaTikla' successfully

2021-11-11 09:46:34 - [MESSAGE][INFO] - Checking called Test Case

2021-11-11 09:46:34 - [MESSAGE][INFO] - Starting to call Test Case 'Test Cases/Popup/PopupMesajiIceriyorMu'

2021-11-11 09:46:34 - [TEST_CASE][PASSED] - Test Cases/Popup/PopupMesajiIceriyorMu: Test Cases/Popup/PopupMesajiIceriyorMu

2021-11-11 09:46:34 - [TEST_STEP][PASSED] - waitForElementVisible(findTestObject("Popup/Popup"), 10): Object 'Object Repository/Popup/Popup' is visible

2021-11-11 09:46:34 - [MESSAGE][INFO] - Finding Test Object 'Object Repository/Popup/Popup'

2021-11-11 09:46:34 - [MESSAGE][INFO] - Checking object

2021-11-11 09:46:34 - [MESSAGE][INFO] - Checking timeout

2021-11-11 09:46:34 - [MESSAGE][INFO] - Finding web element from Test Object's properties

2021-11-11 09:46:34 - [MESSAGE][INFO] - Checking timeout

2021-11-11 09:46:34 - [MESSAGE][INFO] - Finding web element with id: 'Object Repository/Popup/Popup' located by 'By.cssSelector: .bootbox-body' in '10' second(s)

2021-11-11 09:46:34 - [MESSAGE][INFO] - Smart Wait Function is triggered

2021-11-11 09:46:35 - [MESSAGE][INFO] - Found 1 web elements with id: 'Object Repository/Popup/Popup' located by 'By.cssSelector: .bootbox-body' in '10' second(s)

2021-11-11 09:46:35 - [MESSAGE][PASSED] - Object 'Object Repository/Popup/Popup' is visible

2021-11-11 09:46:35 - [TEST_STEP][PASSED] - if (!(getText(findTestObject("Popup/Popup")).contains(Mesaj))): Text of object 'Object Repository/Popup/Popup' is: 'Lütfen rapor bildiriminin gönderileceği e-posta adresini belirtiniz.
e-Posta Adresi'

2021-11-11 09:46:35 - [MESSAGE][INFO] - Finding Test Object 'Object Repository/Popup/Popup'

2021-11-11 09:46:35 - [MESSAGE][INFO] - Checking object

2021-11-11 09:46:35 - [MESSAGE][INFO] - Finding web element from Test Object's properties

2021-11-11 09:46:35 - [MESSAGE][INFO] - Checking timeout

2021-11-11 09:46:35 - [MESSAGE][INFO] - Finding web element with id: 'Object Repository/Popup/Popup' located by 'By.cssSelector: .bootbox-body' in '30' second(s)

2021-11-11 09:46:35 - [MESSAGE][INFO] - Smart Wait Function is triggered

2021-11-11 09:46:35 - [MESSAGE][INFO] - Found 1 web elements with id: 'Object Repository/Popup/Popup' located by 'By.cssSelector: .bootbox-body' in '30' second(s)

2021-11-11 09:46:35 - [MESSAGE][INFO] - Getting text of object 'Object Repository/Popup/Popup'

2021-11-11 09:46:35 - [MESSAGE][PASSED] - Text of object 'Object Repository/Popup/Popup' is: 'Lütfen rapor bildiriminin gönderileceği e-posta adresini belirtiniz.
e-Posta Adresi'

2021-11-11 09:46:35 - [TEST_STEP][PASSED] - RaporNo = getText(findTestObject("Popup/Popup")).substring(0, 6): Text of object 'Object Repository/Popup/Popup' is: 'Lütfen rapor bildiriminin gönderileceği e-posta adresini belirtiniz.
e-Posta Adresi'

2021-11-11 09:46:35 - [MESSAGE][INFO] - Finding Test Object 'Object Repository/Popup/Popup'

2021-11-11 09:46:35 - [MESSAGE][INFO] - Checking object

2021-11-11 09:46:35 - [MESSAGE][INFO] - Finding web element from Test Object's properties

2021-11-11 09:46:35 - [MESSAGE][INFO] - Checking timeout

2021-11-11 09:46:35 - [MESSAGE][INFO] - Finding web element with id: 'Object Repository/Popup/Popup' located by 'By.cssSelector: .bootbox-body' in '30' second(s)

2021-11-11 09:46:35 - [MESSAGE][INFO] - Smart Wait Function is triggered

2021-11-11 09:46:36 - [MESSAGE][INFO] - Found 1 web elements with id: 'Object Repository/Popup/Popup' located by 'By.cssSelector: .bootbox-body' in '30' second(s)

2021-11-11 09:46:36 - [MESSAGE][INFO] - Getting text of object 'Object Repository/Popup/Popup'

2021-11-11 09:46:36 - [MESSAGE][PASSED] - Text of object 'Object Repository/Popup/Popup' is: 'Lütfen rapor bildiriminin gönderileceği e-posta adresini belirtiniz.
e-Posta Adresi'

2021-11-11 09:46:36 - [TEST_STEP][PASSED] - Console.println(RaporNo): null

2021-11-11 09:46:36 - [MESSAGE][PASSED] - Call Test Case 'Test Cases/Popup/PopupMesajiIceriyorMu' successfully

2021-11-11 09:46:36 - [MESSAGE][INFO] - Checking called Test Case

2021-11-11 09:46:36 - [MESSAGE][INFO] - Starting to call Test Case 'Test Cases/Popup/PopupaEmailEklenir'

2021-11-11 09:46:36 - [TEST_CASE][PASSED] - Test Cases/Popup/PopupaEmailEklenir: Test Cases/Popup/PopupaEmailEklenir

2021-11-11 09:46:36 - [TEST_STEP][PASSED] - clearText(findTestObject("Popup/EmailText")): Text of object 'Object Repository/Popup/EmailText' is cleared

2021-11-11 09:46:36 - [MESSAGE][INFO] - Finding Test Object 'Object Repository/Popup/EmailText'

2021-11-11 09:46:36 - [MESSAGE][INFO] - Checking object

2021-11-11 09:46:36 - [MESSAGE][INFO] - Finding web element from Test Object's properties

2021-11-11 09:46:36 - [MESSAGE][INFO] - Checking timeout

2021-11-11 09:46:36 - [MESSAGE][INFO] - Finding web element with id: 'Object Repository/Popup/EmailText' located by 'By.xpath: //*[@id="eMails"]' in '30' second(s)

2021-11-11 09:46:36 - [MESSAGE][INFO] - Smart Wait Function is triggered

2021-11-11 09:46:36 - [MESSAGE][INFO] - Found 1 web elements with id: 'Object Repository/Popup/EmailText' located by 'By.xpath: //*[@id="eMails"]' in '30' second(s)

2021-11-11 09:46:36 - [MESSAGE][INFO] - Clearing text of object 'Object Repository/Popup/EmailText'

2021-11-11 09:46:36 - [MESSAGE][PASSED] - Text of object 'Object Repository/Popup/EmailText' is cleared

2021-11-11 09:46:36 - [TEST_STEP][PASSED] - sendKeys(findTestObject("Popup/EmailText"), Email): Keys 'elogotest@gmail.com;ali.kara@logo.com.tr' sent to object: 'Object Repository/Popup/EmailText'

2021-11-11 09:46:36 - [MESSAGE][INFO] - Finding Test Object 'Object Repository/Popup/EmailText'

2021-11-11 09:46:36 - [MESSAGE][INFO] - Sending keys 'elogotest@gmail.com;ali.kara@logo.com.tr' to object: 'Object Repository/Popup/EmailText'

2021-11-11 09:46:36 - [MESSAGE][INFO] - Finding web element from Test Object's properties

2021-11-11 09:46:36 - [MESSAGE][INFO] - Checking timeout

2021-11-11 09:46:36 - [MESSAGE][INFO] - Finding web element with id: 'Object Repository/Popup/EmailText' located by 'By.xpath: //*[@id="eMails"]' in '30' second(s)

2021-11-11 09:46:36 - [MESSAGE][INFO] - Smart Wait Function is triggered

2021-11-11 09:46:36 - [MESSAGE][INFO] - Found 1 web elements with id: 'Object Repository/Popup/EmailText' located by 'By.xpath: //*[@id="eMails"]' in '30' second(s)

2021-11-11 09:46:37 - [MESSAGE][PASSED] - Keys 'elogotest@gmail.com;ali.kara@logo.com.tr' sent to object: 'Object Repository/Popup/EmailText'

2021-11-11 09:46:37 - [MESSAGE][PASSED] - Call Test Case 'Test Cases/Popup/PopupaEmailEklenir' successfully

2021-11-11 09:46:37 - [MESSAGE][INFO] - Checking called Test Case

2021-11-11 09:46:37 - [MESSAGE][INFO] - Starting to call Test Case 'Test Cases/Popup/PopupButonSecilir'

2021-11-11 09:46:37 - [TEST_CASE][PASSED] - Test Cases/Popup/PopupButonSecilir: Test Cases/Popup/PopupButonSecilir

2021-11-11 09:46:37 - [TEST_STEP][PASSED] - Method.TextDegerineEsitElementeTikla(findTestObject("Popup/Popup_Butons"), Buton): Method.TextDegerineEsitElementeTikla is PASSED

2021-11-11 09:46:37 - [MESSAGE][INFO] - Finding Test Object 'Object Repository/Popup/Popup_Butons'

2021-11-11 09:46:37 - [MESSAGE][INFO] - Checking timeout

2021-11-11 09:46:37 - [MESSAGE][INFO] - Finding web element with id: 'Object Repository/Popup/Popup_Butons' located by 'By.cssSelector: .modal-footer>button' in '10' second(s)

2021-11-11 09:46:37 - [MESSAGE][INFO] - Smart Wait Function is triggered

2021-11-11 09:46:37 - [MESSAGE][INFO] - Found 2 web elements with id: 'Object Repository/Popup/Popup_Butons' located by 'By.cssSelector: .modal-footer>button' in '10' second(s)

2021-11-11 09:46:37 - [MESSAGE][PASSED] - Method.TextDegerineEsitElementeTikla is PASSED

2021-11-11 09:46:37 - [MESSAGE][PASSED] - Call Test Case 'Test Cases/Popup/PopupButonSecilir' successfully

2021-11-11 09:46:37 - [MESSAGE][INFO] - Checking called Test Case

2021-11-11 09:46:37 - [MESSAGE][INFO] - Starting to call Test Case 'Test Cases/Popup/PopupMesajiIceriyorMu'

2021-11-11 09:46:37 - [TEST_CASE][PASSED] - Test Cases/Popup/PopupMesajiIceriyorMu: Test Cases/Popup/PopupMesajiIceriyorMu

2021-11-11 09:46:37 - [TEST_STEP][PASSED] - waitForElementVisible(findTestObject("Popup/Popup"), 10): Object 'Object Repository/Popup/Popup' is visible

2021-11-11 09:46:37 - [MESSAGE][INFO] - Finding Test Object 'Object Repository/Popup/Popup'

2021-11-11 09:46:37 - [MESSAGE][INFO] - Checking object

2021-11-11 09:46:37 - [MESSAGE][INFO] - Checking timeout

2021-11-11 09:46:37 - [MESSAGE][INFO] - Finding web element from Test Object's properties

2021-11-11 09:46:37 - [MESSAGE][INFO] - Checking timeout

2021-11-11 09:46:37 - [MESSAGE][INFO] - Finding web element with id: 'Object Repository/Popup/Popup' located by 'By.cssSelector: .bootbox-body' in '10' second(s)

2021-11-11 09:46:37 - [MESSAGE][INFO] - Smart Wait Function is triggered

2021-11-11 09:46:38 - [MESSAGE][INFO] - Found 1 web elements with id: 'Object Repository/Popup/Popup' located by 'By.cssSelector: .bootbox-body' in '10' second(s)

2021-11-11 09:46:38 - [MESSAGE][PASSED] - Object 'Object Repository/Popup/Popup' is visible

2021-11-11 09:46:38 - [TEST_STEP][PASSED] - if (!(getText(findTestObject("Popup/Popup")).contains(Mesaj))): Text of object 'Object Repository/Popup/Popup' is: '16279 no’lu talebiniz işleme alınmıştır. Raporunuz hazırlandığında (elogotest@gmail.com;ali.kara@logo.com.tr) adresinize mail gönderilecektir.
Rapor durumunuzu Raporlar > Toplu Veri İndirme ekranından takip edebilir, hazırlandı durumundaki raporlarınızı ilgili menüden indirebilirsiniz.'

2021-11-11 09:46:38 - [MESSAGE][INFO] - Finding Test Object 'Object Repository/Popup/Popup'

2021-11-11 09:46:38 - [MESSAGE][INFO] - Checking object

2021-11-11 09:46:38 - [MESSAGE][INFO] - Finding web element from Test Object's properties

2021-11-11 09:46:38 - [MESSAGE][INFO] - Checking timeout

2021-11-11 09:46:38 - [MESSAGE][INFO] - Finding web element with id: 'Object Repository/Popup/Popup' located by 'By.cssSelector: .bootbox-body' in '30' second(s)

2021-11-11 09:46:38 - [MESSAGE][INFO] - Smart Wait Function is triggered

2021-11-11 09:46:38 - [MESSAGE][INFO] - Found 1 web elements with id: 'Object Repository/Popup/Popup' located by 'By.cssSelector: .bootbox-body' in '30' second(s)

2021-11-11 09:46:38 - [MESSAGE][INFO] - Getting text of object 'Object Repository/Popup/Popup'

2021-11-11 09:46:38 - [MESSAGE][PASSED] - Text of object 'Object Repository/Popup/Popup' is: '16279 no’lu talebiniz işleme alınmıştır. Raporunuz hazırlandığında (elogotest@gmail.com;ali.kara@logo.com.tr) adresinize mail gönderilecektir.
Rapor durumunuzu Raporlar > Toplu Veri İndirme ekranından takip edebilir, hazırlandı durumundaki raporlarınızı ilgili menüden indirebilirsiniz.'

2021-11-11 09:46:38 - [TEST_STEP][PASSED] - RaporNo = getText(findTestObject("Popup/Popup")).substring(0, 6): Text of object 'Object Repository/Popup/Popup' is: '16279 no’lu talebiniz işleme alınmıştır. Raporunuz hazırlandığında (elogotest@gmail.com;ali.kara@logo.com.tr) adresinize mail gönderilecektir.
Rapor durumunuzu Raporlar > Toplu Veri İndirme ekranından takip edebilir, hazırlandı durumundaki raporlarınızı ilgili menüden indirebilirsiniz.'

2021-11-11 09:46:38 - [MESSAGE][INFO] - Finding Test Object 'Object Repository/Popup/Popup'

2021-11-11 09:46:39 - [MESSAGE][INFO] - Checking object

2021-11-11 09:46:39 - [MESSAGE][INFO] - Finding web element from Test Object's properties

2021-11-11 09:46:39 - [MESSAGE][INFO] - Checking timeout

2021-11-11 09:46:39 - [MESSAGE][INFO] - Finding web element with id: 'Object Repository/Popup/Popup' located by 'By.cssSelector: .bootbox-body' in '30' second(s)

2021-11-11 09:46:39 - [MESSAGE][INFO] - Smart Wait Function is triggered

2021-11-11 09:46:39 - [MESSAGE][INFO] - Found 1 web elements with id: 'Object Repository/Popup/Popup' located by 'By.cssSelector: .bootbox-body' in '30' second(s)

2021-11-11 09:46:39 - [MESSAGE][INFO] - Getting text of object 'Object Repository/Popup/Popup'

2021-11-11 09:46:39 - [MESSAGE][PASSED] - Text of object 'Object Repository/Popup/Popup' is: '16279 no’lu talebiniz işleme alınmıştır. Raporunuz hazırlandığında (elogotest@gmail.com;ali.kara@logo.com.tr) adresinize mail gönderilecektir.
Rapor durumunuzu Raporlar > Toplu Veri İndirme ekranından takip edebilir, hazırlandı durumundaki raporlarınızı ilgili menüden indirebilirsiniz.'

2021-11-11 09:46:39 - [TEST_STEP][PASSED] - Console.println(RaporNo): null

2021-11-11 09:46:39 - [MESSAGE][PASSED] - Call Test Case 'Test Cases/Popup/PopupMesajiIceriyorMu' successfully

2021-11-11 09:46:39 - [MESSAGE][INFO] - Checking called Test Case

2021-11-11 09:46:39 - [MESSAGE][INFO] - Starting to call Test Case 'Test Cases/Popup/PopupButonSecilir'

2021-11-11 09:46:39 - [TEST_CASE][PASSED] - Test Cases/Popup/PopupButonSecilir: Test Cases/Popup/PopupButonSecilir

2021-11-11 09:46:39 - [TEST_STEP][PASSED] - Method.TextDegerineEsitElementeTikla(findTestObject("Popup/Popup_Butons"), Buton): Method.TextDegerineEsitElementeTikla is PASSED

2021-11-11 09:46:39 - [MESSAGE][INFO] - Finding Test Object 'Object Repository/Popup/Popup_Butons'

2021-11-11 09:46:39 - [MESSAGE][INFO] - Checking timeout

2021-11-11 09:46:39 - [MESSAGE][INFO] - Finding web element with id: 'Object Repository/Popup/Popup_Butons' located by 'By.cssSelector: .modal-footer>button' in '10' second(s)

2021-11-11 09:46:39 - [MESSAGE][INFO] - Smart Wait Function is triggered

2021-11-11 09:46:39 - [MESSAGE][INFO] - Found 1 web elements with id: 'Object Repository/Popup/Popup_Butons' located by 'By.cssSelector: .modal-footer>button' in '10' second(s)

2021-11-11 09:46:39 - [MESSAGE][PASSED] - Method.TextDegerineEsitElementeTikla is PASSED

2021-11-11 09:46:39 - [MESSAGE][PASSED] - Call Test Case 'Test Cases/Popup/PopupButonSecilir' successfully

2021-11-11 09:46:39 - [MESSAGE][INFO] - Checking called Test Case

2021-11-11 09:46:39 - [MESSAGE][INFO] - Starting to call Test Case 'Test Cases/Butonlar/ButonaTikla'

2021-11-11 09:46:39 - [TEST_CASE][PASSED] - Test Cases/Butonlar/ButonaTikla: Test Cases/Butonlar/ButonaTikla

2021-11-11 09:46:39 - [TEST_STEP][PASSED] - Method.TextDegerineEsitElementeTiklaEquals(findTestObject("Butonlar/Butonlar"), Buton_Adi): Method.TextDegerineEsitElementeTiklaEquals is PASSED

2021-11-11 09:46:39 - [MESSAGE][INFO] - Finding Test Object 'Object Repository/Butonlar/Butonlar'

2021-11-11 09:46:40 - [MESSAGE][INFO] - Checking timeout

2021-11-11 09:46:40 - [MESSAGE][INFO] - Finding web element with id: 'Object Repository/Butonlar/Butonlar' located by 'By.cssSelector: .panel.panel-default.text-center.footerPanel .btn,.btn.btn-primary.btnControls' in '10' second(s)

2021-11-11 09:46:40 - [MESSAGE][INFO] - Smart Wait Function is triggered

2021-11-11 09:46:40 - [MESSAGE][INFO] - Found 6 web elements with id: 'Object Repository/Butonlar/Butonlar' located by 'By.cssSelector: .panel.panel-default.text-center.footerPanel .btn,.btn.btn-primary.btnControls' in '10' second(s)

2021-11-11 09:46:40 - [MESSAGE][PASSED] - Method.TextDegerineEsitElementeTiklaEquals is PASSED

2021-11-11 09:46:40 - [MESSAGE][PASSED] - Call Test Case 'Test Cases/Butonlar/ButonaTikla' successfully

2021-11-11 09:46:40 - [MESSAGE][INFO] - Checking called Test Case

2021-11-11 09:46:40 - [MESSAGE][INFO] - Starting to call Test Case 'Test Cases/Butonlar/AltButonaTikla'

2021-11-11 09:46:40 - [TEST_CASE][PASSED] - Test Cases/Butonlar/AltButonaTikla: Test Cases/Butonlar/AltButonaTikla

2021-11-11 09:46:40 - [TEST_STEP][PASSED] - Method.TextDegerineEsitElementeTikla(findTestObject("Butonlar/AltButonlar"), Alt_Buton): Method.TextDegerineEsitElementeTikla is PASSED

2021-11-11 09:46:40 - [MESSAGE][INFO] - Finding Test Object 'Object Repository/Butonlar/AltButonlar'

2021-11-11 09:46:40 - [MESSAGE][INFO] - Checking timeout

2021-11-11 09:46:40 - [MESSAGE][INFO] - Finding web element with id: 'Object Repository/Butonlar/AltButonlar' located by 'By.cssSelector: .btn-group.open li>a' in '10' second(s)

2021-11-11 09:46:40 - [MESSAGE][INFO] - Smart Wait Function is triggered

2021-11-11 09:46:41 - [MESSAGE][INFO] - Found 2 web elements with id: 'Object Repository/Butonlar/AltButonlar' located by 'By.cssSelector: .btn-group.open li>a' in '10' second(s)

2021-11-11 09:46:41 - [MESSAGE][PASSED] - Method.TextDegerineEsitElementeTikla is PASSED

2021-11-11 09:46:41 - [MESSAGE][PASSED] - Call Test Case 'Test Cases/Butonlar/AltButonaTikla' successfully

2021-11-11 09:46:41 - [MESSAGE][INFO] - Checking called Test Case

2021-11-11 09:46:41 - [MESSAGE][INFO] - Starting to call Test Case 'Test Cases/Popup/PopupMesajiIceriyorMu'

2021-11-11 09:46:41 - [TEST_CASE][PASSED] - Test Cases/Popup/PopupMesajiIceriyorMu: Test Cases/Popup/PopupMesajiIceriyorMu

2021-11-11 09:46:41 - [TEST_STEP][PASSED] - waitForElementVisible(findTestObject("Popup/Popup"), 10): Object 'Object Repository/Popup/Popup' is visible

2021-11-11 09:46:41 - [MESSAGE][INFO] - Finding Test Object 'Object Repository/Popup/Popup'

2021-11-11 09:46:41 - [MESSAGE][INFO] - Checking object

2021-11-11 09:46:41 - [MESSAGE][INFO] - Checking timeout

2021-11-11 09:46:41 - [MESSAGE][INFO] - Finding web element from Test Object's properties

2021-11-11 09:46:41 - [MESSAGE][INFO] - Checking timeout

2021-11-11 09:46:41 - [MESSAGE][INFO] - Finding web element with id: 'Object Repository/Popup/Popup' located by 'By.cssSelector: .bootbox-body' in '10' second(s)

2021-11-11 09:46:41 - [MESSAGE][INFO] - Smart Wait Function is triggered

2021-11-11 09:46:41 - [MESSAGE][INFO] - Found 1 web elements with id: 'Object Repository/Popup/Popup' located by 'By.cssSelector: .bootbox-body' in '10' second(s)

2021-11-11 09:46:41 - [MESSAGE][PASSED] - Object 'Object Repository/Popup/Popup' is visible

2021-11-11 09:46:41 - [TEST_STEP][PASSED] - if (!(getText(findTestObject("Popup/Popup")).contains(Mesaj))): Text of object 'Object Repository/Popup/Popup' is: 'Lütfen rapor bildiriminin gönderileceği e-posta adresini belirtiniz.
e-Posta Adresi'

2021-11-11 09:46:41 - [MESSAGE][INFO] - Finding Test Object 'Object Repository/Popup/Popup'

2021-11-11 09:46:42 - [MESSAGE][INFO] - Checking object

2021-11-11 09:46:42 - [MESSAGE][INFO] - Finding web element from Test Object's properties

2021-11-11 09:46:42 - [MESSAGE][INFO] - Checking timeout

2021-11-11 09:46:42 - [MESSAGE][INFO] - Finding web element with id: 'Object Repository/Popup/Popup' located by 'By.cssSelector: .bootbox-body' in '30' second(s)

2021-11-11 09:46:42 - [MESSAGE][INFO] - Smart Wait Function is triggered

2021-11-11 09:46:42 - [MESSAGE][INFO] - Found 1 web elements with id: 'Object Repository/Popup/Popup' located by 'By.cssSelector: .bootbox-body' in '30' second(s)

2021-11-11 09:46:42 - [MESSAGE][INFO] - Getting text of object 'Object Repository/Popup/Popup'

2021-11-11 09:46:42 - [MESSAGE][PASSED] - Text of object 'Object Repository/Popup/Popup' is: 'Lütfen rapor bildiriminin gönderileceği e-posta adresini belirtiniz.
e-Posta Adresi'

2021-11-11 09:46:42 - [TEST_STEP][PASSED] - RaporNo = getText(findTestObject("Popup/Popup")).substring(0, 6): Text of object 'Object Repository/Popup/Popup' is: 'Lütfen rapor bildiriminin gönderileceği e-posta adresini belirtiniz.
e-Posta Adresi'

2021-11-11 09:46:42 - [MESSAGE][INFO] - Finding Test Object 'Object Repository/Popup/Popup'

2021-11-11 09:46:42 - [MESSAGE][INFO] - Checking object

2021-11-11 09:46:42 - [MESSAGE][INFO] - Finding web element from Test Object's properties

2021-11-11 09:46:42 - [MESSAGE][INFO] - Checking timeout

2021-11-11 09:46:42 - [MESSAGE][INFO] - Finding web element with id: 'Object Repository/Popup/Popup' located by 'By.cssSelector: .bootbox-body' in '30' second(s)

2021-11-11 09:46:42 - [MESSAGE][INFO] - Smart Wait Function is triggered

2021-11-11 09:46:43 - [MESSAGE][INFO] - Found 1 web elements with id: 'Object Repository/Popup/Popup' located by 'By.cssSelector: .bootbox-body' in '30' second(s)

2021-11-11 09:46:43 - [MESSAGE][INFO] - Getting text of object 'Object Repository/Popup/Popup'

2021-11-11 09:46:43 - [MESSAGE][PASSED] - Text of object 'Object Repository/Popup/Popup' is: 'Lütfen rapor bildiriminin gönderileceği e-posta adresini belirtiniz.
e-Posta Adresi'

2021-11-11 09:46:43 - [TEST_STEP][PASSED] - Console.println(RaporNo): null

2021-11-11 09:46:43 - [MESSAGE][PASSED] - Call Test Case 'Test Cases/Popup/PopupMesajiIceriyorMu' successfully

2021-11-11 09:46:43 - [MESSAGE][INFO] - Checking called Test Case

2021-11-11 09:46:43 - [MESSAGE][INFO] - Starting to call Test Case 'Test Cases/Popup/PopupaEmailEklenir'

2021-11-11 09:46:43 - [TEST_CASE][PASSED] - Test Cases/Popup/PopupaEmailEklenir: Test Cases/Popup/PopupaEmailEklenir

2021-11-11 09:46:43 - [TEST_STEP][PASSED] - clearText(findTestObject("Popup/EmailText")): Text of object 'Object Repository/Popup/EmailText' is cleared

2021-11-11 09:46:43 - [MESSAGE][INFO] - Finding Test Object 'Object Repository/Popup/EmailText'

2021-11-11 09:46:43 - [MESSAGE][INFO] - Checking object

2021-11-11 09:46:43 - [MESSAGE][INFO] - Finding web element from Test Object's properties

2021-11-11 09:46:43 - [MESSAGE][INFO] - Checking timeout

2021-11-11 09:46:43 - [MESSAGE][INFO] - Finding web element with id: 'Object Repository/Popup/EmailText' located by 'By.xpath: //*[@id="eMails"]' in '30' second(s)

2021-11-11 09:46:43 - [MESSAGE][INFO] - Smart Wait Function is triggered

2021-11-11 09:46:43 - [MESSAGE][INFO] - Found 1 web elements with id: 'Object Repository/Popup/EmailText' located by 'By.xpath: //*[@id="eMails"]' in '30' second(s)

2021-11-11 09:46:43 - [MESSAGE][INFO] - Clearing text of object 'Object Repository/Popup/EmailText'

2021-11-11 09:46:43 - [MESSAGE][PASSED] - Text of object 'Object Repository/Popup/EmailText' is cleared

2021-11-11 09:46:43 - [TEST_STEP][PASSED] - sendKeys(findTestObject("Popup/EmailText"), Email): Keys 'elogotest@gmail.com;ali.kara@logo.com.tr' sent to object: 'Object Repository/Popup/EmailText'

2021-11-11 09:46:43 - [MESSAGE][INFO] - Finding Test Object 'Object Repository/Popup/EmailText'

2021-11-11 09:46:43 - [MESSAGE][INFO] - Sending keys 'elogotest@gmail.com;ali.kara@logo.com.tr' to object: 'Object Repository/Popup/EmailText'

2021-11-11 09:46:43 - [MESSAGE][INFO] - Finding web element from Test Object's properties

2021-11-11 09:46:43 - [MESSAGE][INFO] - Checking timeout

2021-11-11 09:46:43 - [MESSAGE][INFO] - Finding web element with id: 'Object Repository/Popup/EmailText' located by 'By.xpath: //*[@id="eMails"]' in '30' second(s)

2021-11-11 09:46:43 - [MESSAGE][INFO] - Smart Wait Function is triggered

2021-11-11 09:46:44 - [MESSAGE][INFO] - Found 1 web elements with id: 'Object Repository/Popup/EmailText' located by 'By.xpath: //*[@id="eMails"]' in '30' second(s)

2021-11-11 09:46:44 - [MESSAGE][PASSED] - Keys 'elogotest@gmail.com;ali.kara@logo.com.tr' sent to object: 'Object Repository/Popup/EmailText'

2021-11-11 09:46:44 - [MESSAGE][PASSED] - Call Test Case 'Test Cases/Popup/PopupaEmailEklenir' successfully

2021-11-11 09:46:44 - [MESSAGE][INFO] - Checking called Test Case

2021-11-11 09:46:44 - [MESSAGE][INFO] - Starting to call Test Case 'Test Cases/Popup/PopupButonSecilir'

2021-11-11 09:46:44 - [TEST_CASE][PASSED] - Test Cases/Popup/PopupButonSecilir: Test Cases/Popup/PopupButonSecilir

2021-11-11 09:46:44 - [TEST_STEP][PASSED] - Method.TextDegerineEsitElementeTikla(findTestObject("Popup/Popup_Butons"), Buton): Method.TextDegerineEsitElementeTikla is PASSED

2021-11-11 09:46:44 - [MESSAGE][INFO] - Finding Test Object 'Object Repository/Popup/Popup_Butons'

2021-11-11 09:46:44 - [MESSAGE][INFO] - Checking timeout

2021-11-11 09:46:44 - [MESSAGE][INFO] - Finding web element with id: 'Object Repository/Popup/Popup_Butons' located by 'By.cssSelector: .modal-footer>button' in '10' second(s)

2021-11-11 09:46:44 - [MESSAGE][INFO] - Smart Wait Function is triggered

2021-11-11 09:46:44 - [MESSAGE][INFO] - Found 2 web elements with id: 'Object Repository/Popup/Popup_Butons' located by 'By.cssSelector: .modal-footer>button' in '10' second(s)

2021-11-11 09:46:44 - [MESSAGE][PASSED] - Method.TextDegerineEsitElementeTikla is PASSED

2021-11-11 09:46:44 - [MESSAGE][PASSED] - Call Test Case 'Test Cases/Popup/PopupButonSecilir' successfully

2021-11-11 09:46:44 - [MESSAGE][INFO] - Checking called Test Case

2021-11-11 09:46:44 - [MESSAGE][INFO] - Starting to call Test Case 'Test Cases/Popup/PopupMesajiIceriyorMu'

2021-11-11 09:46:44 - [TEST_CASE][PASSED] - Test Cases/Popup/PopupMesajiIceriyorMu: Test Cases/Popup/PopupMesajiIceriyorMu

2021-11-11 09:46:44 - [TEST_STEP][PASSED] - waitForElementVisible(findTestObject("Popup/Popup"), 10): Object 'Object Repository/Popup/Popup' is visible

2021-11-11 09:46:44 - [MESSAGE][INFO] - Finding Test Object 'Object Repository/Popup/Popup'

2021-11-11 09:46:45 - [MESSAGE][INFO] - Checking object

2021-11-11 09:46:45 - [MESSAGE][INFO] - Checking timeout

2021-11-11 09:46:45 - [MESSAGE][INFO] - Finding web element from Test Object's properties

2021-11-11 09:46:45 - [MESSAGE][INFO] - Checking timeout

2021-11-11 09:46:45 - [MESSAGE][INFO] - Finding web element with id: 'Object Repository/Popup/Popup' located by 'By.cssSelector: .bootbox-body' in '10' second(s)

2021-11-11 09:46:45 - [MESSAGE][INFO] - Smart Wait Function is triggered

2021-11-11 09:46:46 - [MESSAGE][INFO] - Found 1 web elements with id: 'Object Repository/Popup/Popup' located by 'By.cssSelector: .bootbox-body' in '10' second(s)

2021-11-11 09:46:46 - [MESSAGE][PASSED] - Object 'Object Repository/Popup/Popup' is visible

2021-11-11 09:46:46 - [TEST_STEP][PASSED] - if (!(getText(findTestObject("Popup/Popup")).contains(Mesaj))): Text of object 'Object Repository/Popup/Popup' is: '16280 no’lu talebiniz işleme alınmıştır. Raporunuz hazırlandığında (elogotest@gmail.com;ali.kara@logo.com.tr) adresinize mail gönderilecektir.
Rapor durumunuzu Raporlar > Toplu Veri İndirme ekranından takip edebilir, hazırlandı durumundaki raporlarınızı ilgili menüden indirebilirsiniz.'

2021-11-11 09:46:46 - [MESSAGE][INFO] - Finding Test Object 'Object Repository/Popup/Popup'

2021-11-11 09:46:46 - [MESSAGE][INFO] - Checking object

2021-11-11 09:46:46 - [MESSAGE][INFO] - Finding web element from Test Object's properties

2021-11-11 09:46:46 - [MESSAGE][INFO] - Checking timeout

2021-11-11 09:46:46 - [MESSAGE][INFO] - Finding web element with id: 'Object Repository/Popup/Popup' located by 'By.cssSelector: .bootbox-body' in '30' second(s)

2021-11-11 09:46:46 - [MESSAGE][INFO] - Smart Wait Function is triggered

2021-11-11 09:46:46 - [MESSAGE][INFO] - Found 1 web elements with id: 'Object Repository/Popup/Popup' located by 'By.cssSelector: .bootbox-body' in '30' second(s)

2021-11-11 09:46:46 - [MESSAGE][INFO] - Getting text of object 'Object Repository/Popup/Popup'

2021-11-11 09:46:46 - [MESSAGE][PASSED] - Text of object 'Object Repository/Popup/Popup' is: '16280 no’lu talebiniz işleme alınmıştır. Raporunuz hazırlandığında (elogotest@gmail.com;ali.kara@logo.com.tr) adresinize mail gönderilecektir.
Rapor durumunuzu Raporlar > Toplu Veri İndirme ekranından takip edebilir, hazırlandı durumundaki raporlarınızı ilgili menüden indirebilirsiniz.'

2021-11-11 09:46:46 - [TEST_STEP][PASSED] - RaporNo = getText(findTestObject("Popup/Popup")).substring(0, 6): Text of object 'Object Repository/Popup/Popup' is: '16280 no’lu talebiniz işleme alınmıştır. Raporunuz hazırlandığında (elogotest@gmail.com;ali.kara@logo.com.tr) adresinize mail gönderilecektir.
Rapor durumunuzu Raporlar > Toplu Veri İndirme ekranından takip edebilir, hazırlandı durumundaki raporlarınızı ilgili menüden indirebilirsiniz.'

2021-11-11 09:46:46 - [MESSAGE][INFO] - Finding Test Object 'Object Repository/Popup/Popup'

2021-11-11 09:46:46 - [MESSAGE][INFO] - Checking object

2021-11-11 09:46:46 - [MESSAGE][INFO] - Finding web element from Test Object's properties

2021-11-11 09:46:46 - [MESSAGE][INFO] - Checking timeout

2021-11-11 09:46:46 - [MESSAGE][INFO] - Finding web element with id: 'Object Repository/Popup/Popup' located by 'By.cssSelector: .bootbox-body' in '30' second(s)

2021-11-11 09:46:46 - [MESSAGE][INFO] - Smart Wait Function is triggered

2021-11-11 09:46:46 - [MESSAGE][INFO] - Found 1 web elements with id: 'Object Repository/Popup/Popup' located by 'By.cssSelector: .bootbox-body' in '30' second(s)

2021-11-11 09:46:46 - [MESSAGE][INFO] - Getting text of object 'Object Repository/Popup/Popup'

2021-11-11 09:46:46 - [MESSAGE][PASSED] - Text of object 'Object Repository/Popup/Popup' is: '16280 no’lu talebiniz işleme alınmıştır. Raporunuz hazırlandığında (elogotest@gmail.com;ali.kara@logo.com.tr) adresinize mail gönderilecektir.
Rapor durumunuzu Raporlar > Toplu Veri İndirme ekranından takip edebilir, hazırlandı durumundaki raporlarınızı ilgili menüden indirebilirsiniz.'

2021-11-11 09:46:46 - [TEST_STEP][PASSED] - Console.println(RaporNo): null

2021-11-11 09:46:46 - [MESSAGE][PASSED] - Call Test Case 'Test Cases/Popup/PopupMesajiIceriyorMu' successfully

2021-11-11 09:46:46 - [MESSAGE][INFO] - Checking called Test Case

2021-11-11 09:46:46 - [MESSAGE][INFO] - Starting to call Test Case 'Test Cases/Popup/PopupButonSecilir'

2021-11-11 09:46:47 - [TEST_CASE][PASSED] - Test Cases/Popup/PopupButonSecilir: Test Cases/Popup/PopupButonSecilir

2021-11-11 09:46:47 - [TEST_STEP][PASSED] - Method.TextDegerineEsitElementeTikla(findTestObject("Popup/Popup_Butons"), Buton): Method.TextDegerineEsitElementeTikla is PASSED

2021-11-11 09:46:47 - [MESSAGE][INFO] - Finding Test Object 'Object Repository/Popup/Popup_Butons'

2021-11-11 09:46:47 - [MESSAGE][INFO] - Checking timeout

2021-11-11 09:46:47 - [MESSAGE][INFO] - Finding web element with id: 'Object Repository/Popup/Popup_Butons' located by 'By.cssSelector: .modal-footer>button' in '10' second(s)

2021-11-11 09:46:47 - [MESSAGE][INFO] - Smart Wait Function is triggered

2021-11-11 09:46:47 - [MESSAGE][INFO] - Found 1 web elements with id: 'Object Repository/Popup/Popup_Butons' located by 'By.cssSelector: .modal-footer>button' in '10' second(s)

2021-11-11 09:46:47 - [MESSAGE][PASSED] - Method.TextDegerineEsitElementeTikla is PASSED

2021-11-11 09:46:47 - [MESSAGE][PASSED] - Call Test Case 'Test Cases/Popup/PopupButonSecilir' successfully

2021-11-11 09:46:47 - [MESSAGE][INFO] - Checking called Test Case

2021-11-11 09:46:47 - [MESSAGE][INFO] - Starting to call Test Case 'Test Cases/Sayfalar/AnaSayfa/AnaSayfayaDonulur'

2021-11-11 09:46:47 - [TEST_CASE][PASSED] - Test Cases/Sayfalar/AnaSayfa/AnaSayfayaDonulur: Test Cases/Sayfalar/AnaSayfa/AnaSayfayaDonulur

2021-11-11 09:46:48 - [TEST_STEP][PASSED] - click(findTestObject("Sayfalar/AnaSayfa/AnaSayfa")): Object: 'Object Repository/Sayfalar/AnaSayfa/AnaSayfa' is clicked on

2021-11-11 09:46:48 - [MESSAGE][INFO] - Finding Test Object 'Object Repository/Sayfalar/AnaSayfa/AnaSayfa'

2021-11-11 09:46:48 - [MESSAGE][INFO] - Checking object

2021-11-11 09:46:48 - [MESSAGE][INFO] - Finding web element from Test Object's properties

2021-11-11 09:46:48 - [MESSAGE][INFO] - Checking timeout

2021-11-11 09:46:48 - [MESSAGE][INFO] - Finding web element with id: 'Object Repository/Sayfalar/AnaSayfa/AnaSayfa' located by 'By.cssSelector: div.navbar-header > a > img' in '30' second(s)

2021-11-11 09:46:48 - [MESSAGE][INFO] - Smart Wait Function is triggered

2021-11-11 09:46:48 - [MESSAGE][INFO] - Found 1 web elements with id: 'Object Repository/Sayfalar/AnaSayfa/AnaSayfa' located by 'By.cssSelector: div.navbar-header > a > img' in '30' second(s)

2021-11-11 09:46:48 - [MESSAGE][INFO] - Clicking on object: 'Object Repository/Sayfalar/AnaSayfa/AnaSayfa'

2021-11-11 09:46:50 - [MESSAGE][PASSED] - Object: 'Object Repository/Sayfalar/AnaSayfa/AnaSayfa' is clicked on

2021-11-11 09:46:50 - [TEST_STEP][PASSED] - if (verifyElementPresent(findTestObject("Sayfalar/Giris_Sayfasi/PopupOK"), 5, OPTIONAL)): null

2021-11-11 09:46:50 - [MESSAGE][INFO] - Finding Test Object 'Object Repository/Sayfalar/Giris_Sayfasi/PopupOK'

2021-11-11 09:46:50 - [MESSAGE][INFO] - Checking object

2021-11-11 09:46:50 - [MESSAGE][INFO] - Finding web element from Test Object's properties

2021-11-11 09:46:50 - [MESSAGE][INFO] - Checking timeout

2021-11-11 09:46:50 - [MESSAGE][INFO] - Finding web element with id: 'Object Repository/Sayfalar/Giris_Sayfasi/PopupOK' located by 'By.cssSelector: .btn.btn-success' in '5' second(s)

2021-11-11 09:46:50 - [MESSAGE][INFO] - Smart Wait Function is triggered

2021-11-11 09:46:50 - [MESSAGE][INFO] - Found 1 web elements with id: 'Object Repository/Sayfalar/Giris_Sayfasi/PopupOK' located by 'By.cssSelector: .btn.btn-success' in '5' second(s)

2021-11-11 09:46:50 - [MESSAGE][PASSED] - Object 'Object Repository/Sayfalar/Giris_Sayfasi/PopupOK' is present

2021-11-11 09:46:50 - [TEST_STEP][PASSED] - click(findTestObject("Sayfalar/Giris_Sayfasi/PopupOK")): Object: 'Object Repository/Sayfalar/Giris_Sayfasi/PopupOK' is clicked on

2021-11-11 09:46:50 - [MESSAGE][INFO] - Finding Test Object 'Object Repository/Sayfalar/Giris_Sayfasi/PopupOK'

2021-11-11 09:46:50 - [MESSAGE][INFO] - Checking object

2021-11-11 09:46:50 - [MESSAGE][INFO] - Finding web element from Test Object's properties

2021-11-11 09:46:50 - [MESSAGE][INFO] - Checking timeout

2021-11-11 09:46:50 - [MESSAGE][INFO] - Finding web element with id: 'Object Repository/Sayfalar/Giris_Sayfasi/PopupOK' located by 'By.cssSelector: .btn.btn-success' in '30' second(s)

2021-11-11 09:46:50 - [MESSAGE][INFO] - Smart Wait Function is triggered

2021-11-11 09:46:50 - [MESSAGE][INFO] - Found 1 web elements with id: 'Object Repository/Sayfalar/Giris_Sayfasi/PopupOK' located by 'By.cssSelector: .btn.btn-success' in '30' second(s)

2021-11-11 09:46:50 - [MESSAGE][INFO] - Clicking on object: 'Object Repository/Sayfalar/Giris_Sayfasi/PopupOK'

2021-11-11 09:46:51 - [MESSAGE][PASSED] - Object: 'Object Repository/Sayfalar/Giris_Sayfasi/PopupOK' is clicked on

2021-11-11 09:46:51 - [TEST_STEP][PASSED] - verifyElementVisible(findTestObject("Object Repository/Kullanici_Islemleri/KullaniciIslemleri")): Object 'Object Repository/Kullanici_Islemleri/KullaniciIslemleri' is visible

2021-11-11 09:46:51 - [MESSAGE][INFO] - Finding Test Object 'Object Repository/Kullanici_Islemleri/KullaniciIslemleri'

2021-11-11 09:46:51 - [MESSAGE][INFO] - Checking object

2021-11-11 09:46:51 - [MESSAGE][INFO] - Finding web element from Test Object's properties

2021-11-11 09:46:51 - [MESSAGE][INFO] - Checking timeout

2021-11-11 09:46:51 - [MESSAGE][INFO] - Finding web element with id: 'Object Repository/Kullanici_Islemleri/KullaniciIslemleri' located by 'By.cssSelector: .dropdown>a>img' in '30' second(s)

2021-11-11 09:46:51 - [MESSAGE][INFO] - Smart Wait Function is triggered

2021-11-11 09:46:51 - [MESSAGE][INFO] - Found 1 web elements with id: 'Object Repository/Kullanici_Islemleri/KullaniciIslemleri' located by 'By.cssSelector: .dropdown>a>img' in '30' second(s)

2021-11-11 09:46:51 - [MESSAGE][PASSED] - Object 'Object Repository/Kullanici_Islemleri/KullaniciIslemleri' is visible

2021-11-11 09:46:51 - [MESSAGE][PASSED] - Call Test Case 'Test Cases/Sayfalar/AnaSayfa/AnaSayfayaDonulur' successfully

2021-11-11 09:46:51 - [MESSAGE][INFO] - Checking called Test Case

2021-11-11 09:46:51 - [MESSAGE][INFO] - Starting to call Test Case 'Test Cases/Menu/AnaMenuSecimi'

2021-11-11 09:46:51 - [TEST_CASE][PASSED] - Test Cases/Menu/AnaMenuSecimi: Test Cases/Menu/AnaMenuSecimi

2021-11-11 09:46:51 - [TEST_STEP][PASSED] - Method.TextDegerineEsitElementeTikla(findTestObject("Menu/Ana_Menu"), Ana_Menu): Method.TextDegerineEsitElementeTikla is PASSED

2021-11-11 09:46:51 - [MESSAGE][INFO] - Finding Test Object 'Object Repository/Menu/Ana_Menu'

2021-11-11 09:46:52 - [MESSAGE][INFO] - Checking timeout

2021-11-11 09:46:52 - [MESSAGE][INFO] - Finding web element with id: 'Object Repository/Menu/Ana_Menu' located by 'By.xpath: //*[@class = 'dropdown-toggle']' in '10' second(s)

2021-11-11 09:46:52 - [MESSAGE][INFO] - Smart Wait Function is triggered

2021-11-11 09:46:52 - [MESSAGE][INFO] - Found 14 web elements with id: 'Object Repository/Menu/Ana_Menu' located by 'By.xpath: //*[@class = 'dropdown-toggle']' in '10' second(s)

2021-11-11 09:46:52 - [MESSAGE][PASSED] - Method.TextDegerineEsitElementeTikla is PASSED

2021-11-11 09:46:52 - [MESSAGE][PASSED] - Call Test Case 'Test Cases/Menu/AnaMenuSecimi' successfully

2021-11-11 09:46:52 - [MESSAGE][INFO] - Checking called Test Case

2021-11-11 09:46:52 - [MESSAGE][INFO] - Starting to call Test Case 'Test Cases/Menu/AltMenuSecimi'

2021-11-11 09:46:52 - [TEST_CASE][PASSED] - Test Cases/Menu/AltMenuSecimi: Test Cases/Menu/AltMenuSecimi

2021-11-11 09:46:52 - [TEST_STEP][PASSED] - Method.TextDegerineEsitElementeTikla(findTestObject("Menu/Alt_Menu"), Alt_Menu): Method.TextDegerineEsitElementeTikla is PASSED

2021-11-11 09:46:52 - [MESSAGE][INFO] - Finding Test Object 'Object Repository/Menu/Alt_Menu'

2021-11-11 09:46:52 - [MESSAGE][INFO] - Checking timeout

2021-11-11 09:46:52 - [MESSAGE][INFO] - Finding web element with id: 'Object Repository/Menu/Alt_Menu' located by 'By.xpath: //li[@class='dropdown dropdown-large open']//li[@class='dropdown-element']' in '10' second(s)

2021-11-11 09:46:52 - [MESSAGE][INFO] - Smart Wait Function is triggered

2021-11-11 09:46:53 - [MESSAGE][INFO] - Found 9 web elements with id: 'Object Repository/Menu/Alt_Menu' located by 'By.xpath: //li[@class='dropdown dropdown-large open']//li[@class='dropdown-element']' in '10' second(s)

2021-11-11 09:46:53 - [MESSAGE][PASSED] - Method.TextDegerineEsitElementeTikla is PASSED

2021-11-11 09:46:53 - [MESSAGE][PASSED] - Call Test Case 'Test Cases/Menu/AltMenuSecimi' successfully

2021-11-11 09:46:53 - [MESSAGE][INFO] - Checking called Test Case

2021-11-11 09:46:53 - [MESSAGE][INFO] - Starting to call Test Case 'Test Cases/Filtreler/RaporNoYaz'

2021-11-11 09:46:53 - [TEST_CASE][PASSED] - Test Cases/Filtreler/RaporNoYaz: Test Cases/Filtreler/RaporNoYaz

2021-11-11 09:46:53 - [TEST_STEP][PASSED] - Method.TextDegerineEsitElementinAltindakiTextboxtaYaz(findTestObject("Filtreler/Basliklar"), findTestObject("Filtreler/Basliga_Gore_Textbox"), "Talep No", RaporNo): Method.TextDegerineEsitElementinAltindakiTextboxtaYaz is PASSED

2021-11-11 09:46:53 - [MESSAGE][INFO] - Finding Test Object 'Object Repository/Filtreler/Basliklar'

2021-11-11 09:46:54 - [MESSAGE][INFO] - Finding Test Object 'Object Repository/Filtreler/Basliga_Gore_Textbox'

2021-11-11 09:46:54 - [MESSAGE][INFO] - Checking timeout

2021-11-11 09:46:54 - [MESSAGE][INFO] - Finding web element with id: 'Object Repository/Filtreler/Basliklar' located by 'By.cssSelector: .control-label.col-sm-4.paddingMarginRLC' in '10' second(s)

2021-11-11 09:46:54 - [MESSAGE][INFO] - Smart Wait Function is triggered

2021-11-11 09:46:54 - [MESSAGE][INFO] - Found 8 web elements with id: 'Object Repository/Filtreler/Basliklar' located by 'By.cssSelector: .control-label.col-sm-4.paddingMarginRLC' in '10' second(s)

2021-11-11 09:46:54 - [MESSAGE][INFO] - Smart Wait Function is triggered

2021-11-11 09:46:54 - [MESSAGE][PASSED] - Method.TextDegerineEsitElementinAltindakiTextboxtaYaz is PASSED

2021-11-11 09:46:54 - [MESSAGE][PASSED] - Call Test Case 'Test Cases/Filtreler/RaporNoYaz' successfully

2021-11-11 09:46:54 - [MESSAGE][INFO] - Checking called Test Case

2021-11-11 09:46:54 - [MESSAGE][INFO] - Starting to call Test Case 'Test Cases/Filtreler/ButonaTikla'

2021-11-11 09:46:54 - [TEST_CASE][PASSED] - Test Cases/Filtreler/ButonaTikla: Test Cases/Filtreler/ButonaTikla

2021-11-11 09:46:54 - [TEST_STEP][PASSED] - Method.TextDegerineEsitElementeTikla(findTestObject("Filtreler/Butonlar"), Filtre_Buton): Method.TextDegerineEsitElementeTikla is PASSED

2021-11-11 09:46:54 - [MESSAGE][INFO] - Finding Test Object 'Object Repository/Filtreler/Butonlar'

2021-11-11 09:46:55 - [MESSAGE][INFO] - Checking timeout

2021-11-11 09:46:55 - [MESSAGE][INFO] - Finding web element with id: 'Object Repository/Filtreler/Butonlar' located by 'By.cssSelector: .dxb>span' in '10' second(s)

2021-11-11 09:46:55 - [MESSAGE][INFO] - Smart Wait Function is triggered

2021-11-11 09:46:55 - [MESSAGE][INFO] - Found 2 web elements with id: 'Object Repository/Filtreler/Butonlar' located by 'By.cssSelector: .dxb>span' in '10' second(s)

2021-11-11 09:46:55 - [MESSAGE][PASSED] - Method.TextDegerineEsitElementeTikla is PASSED

2021-11-11 09:46:55 - [MESSAGE][PASSED] - Call Test Case 'Test Cases/Filtreler/ButonaTikla' successfully

2021-11-11 09:46:55 - [MESSAGE][INFO] - Checking called Test Case

2021-11-11 09:46:55 - [MESSAGE][INFO] - Starting to call Test Case 'Test Cases/Tablo/TablodaVeriVarMi'

2021-11-11 09:46:55 - [TEST_CASE][PASSED] - Test Cases/Tablo/TablodaVeriVarMi: Test Cases/Tablo/TablodaVeriVarMi

2021-11-11 09:46:55 - [TEST_STEP][PASSED] - verifyTextNotPresent("Görüntülenecek veri yok", true): Text 'Görüntülenecek veri yok' is not present on page using regular expression

2021-11-11 09:46:55 - [MESSAGE][INFO] - Checking text present  using regular expression

2021-11-11 09:46:55 - [MESSAGE][INFO] - Smart Wait Function is triggered

2021-11-11 09:46:56 - [MESSAGE][INFO] - Finding text 'Görüntülenecek veri yok' on page  using regular expression

2021-11-11 09:46:56 - [MESSAGE][PASSED] - Text 'Görüntülenecek veri yok' is not present on page using regular expression

2021-11-11 09:46:56 - [MESSAGE][PASSED] - Call Test Case 'Test Cases/Tablo/TablodaVeriVarMi' successfully

2021-11-11 09:46:56 - [MESSAGE][INFO] - Checking called Test Case

2021-11-11 09:46:56 - [MESSAGE][INFO] - Starting to call Test Case 'Test Cases/Kullanici_Islemleri/KullaniciIslemlerindenSecimYapilir'

2021-11-11 09:46:56 - [TEST_CASE][PASSED] - Test Cases/Kullanici_Islemleri/KullaniciIslemlerindenSecimYapilir: Test Cases/Kullanici_Islemleri/KullaniciIslemlerindenSecimYapilir

2021-11-11 09:46:56 - [TEST_STEP][PASSED] - waitForElementClickable(findTestObject("Object Repository/Kullanici_Islemleri/KullaniciIslemleri"), 10): Object 'Object Repository/Kullanici_Islemleri/KullaniciIslemleri' is clickable

2021-11-11 09:46:56 - [MESSAGE][INFO] - Finding Test Object 'Object Repository/Kullanici_Islemleri/KullaniciIslemleri'

2021-11-11 09:46:56 - [MESSAGE][INFO] - Checking object

2021-11-11 09:46:56 - [MESSAGE][INFO] - Checking timeout

2021-11-11 09:46:56 - [MESSAGE][INFO] - Finding web element from Test Object's properties

2021-11-11 09:46:56 - [MESSAGE][INFO] - Checking timeout

2021-11-11 09:46:56 - [MESSAGE][INFO] - Finding web element with id: 'Object Repository/Kullanici_Islemleri/KullaniciIslemleri' located by 'By.cssSelector: .dropdown>a>img' in '10' second(s)

2021-11-11 09:46:56 - [MESSAGE][INFO] - Smart Wait Function is triggered

2021-11-11 09:46:56 - [MESSAGE][INFO] - Found 1 web elements with id: 'Object Repository/Kullanici_Islemleri/KullaniciIslemleri' located by 'By.cssSelector: .dropdown>a>img' in '10' second(s)

2021-11-11 09:46:56 - [MESSAGE][PASSED] - Object 'Object Repository/Kullanici_Islemleri/KullaniciIslemleri' is clickable

2021-11-11 09:46:56 - [TEST_STEP][PASSED] - click(findTestObject("Object Repository/Kullanici_Islemleri/KullaniciIslemleri")): Object: 'Object Repository/Kullanici_Islemleri/KullaniciIslemleri' is clicked on

2021-11-11 09:46:56 - [MESSAGE][INFO] - Finding Test Object 'Object Repository/Kullanici_Islemleri/KullaniciIslemleri'

2021-11-11 09:46:56 - [MESSAGE][INFO] - Checking object

2021-11-11 09:46:56 - [MESSAGE][INFO] - Finding web element from Test Object's properties

2021-11-11 09:46:56 - [MESSAGE][INFO] - Checking timeout

2021-11-11 09:46:56 - [MESSAGE][INFO] - Finding web element with id: 'Object Repository/Kullanici_Islemleri/KullaniciIslemleri' located by 'By.cssSelector: .dropdown>a>img' in '30' second(s)

2021-11-11 09:46:56 - [MESSAGE][INFO] - Smart Wait Function is triggered

2021-11-11 09:46:56 - [MESSAGE][INFO] - Found 1 web elements with id: 'Object Repository/Kullanici_Islemleri/KullaniciIslemleri' located by 'By.cssSelector: .dropdown>a>img' in '30' second(s)

2021-11-11 09:46:56 - [MESSAGE][INFO] - Clicking on object: 'Object Repository/Kullanici_Islemleri/KullaniciIslemleri'

2021-11-11 09:46:56 - [MESSAGE][PASSED] - Object: 'Object Repository/Kullanici_Islemleri/KullaniciIslemleri' is clicked on

2021-11-11 09:46:56 - [TEST_STEP][PASSED] - Method.TextDegerineEsitElementeTikla(findTestObject("Object Repository/Kullanici_Islemleri/Secenekler"), Islem): Method.TextDegerineEsitElementeTikla is PASSED

2021-11-11 09:46:56 - [MESSAGE][INFO] - Finding Test Object 'Object Repository/Kullanici_Islemleri/Secenekler'

2021-11-11 09:46:57 - [MESSAGE][INFO] - Checking timeout

2021-11-11 09:46:57 - [MESSAGE][INFO] - Finding web element with id: 'Object Repository/Kullanici_Islemleri/Secenekler' located by 'By.cssSelector: .nav.navbar-nav.navbar-right li a' in '10' second(s)

2021-11-11 09:46:57 - [MESSAGE][INFO] - Smart Wait Function is triggered

2021-11-11 09:46:57 - [MESSAGE][INFO] - Found 22 web elements with id: 'Object Repository/Kullanici_Islemleri/Secenekler' located by 'By.cssSelector: .nav.navbar-nav.navbar-right li a' in '10' second(s)

2021-11-11 09:46:58 - [MESSAGE][PASSED] - Method.TextDegerineEsitElementeTikla is PASSED

2021-11-11 09:46:58 - [TEST_STEP][PASSED] - verifyElementNotPresent(findTestObject("Object Repository/Kullanici_Islemleri/Secenekler"), 10): Web element with id: 'Object Repository/Kullanici_Islemleri/Secenekler' located by 'By.cssSelector: .nav.navbar-nav.navbar-right li a' is not present after '10' second(s)

2021-11-11 09:46:58 - [MESSAGE][INFO] - Finding Test Object 'Object Repository/Kullanici_Islemleri/Secenekler'

2021-11-11 09:46:59 - [MESSAGE][INFO] - Checking object

2021-11-11 09:46:59 - [MESSAGE][INFO] - Checking timeout

2021-11-11 09:46:59 - [MESSAGE][INFO] - Finding web element with id: 'Object Repository/Kullanici_Islemleri/Secenekler' located by 'By.cssSelector: .nav.navbar-nav.navbar-right li a' in '10' second(s)

2021-11-11 09:46:59 - [MESSAGE][INFO] - Smart Wait Function is triggered

2021-11-11 09:46:59 - [MESSAGE][PASSED] - Web element with id: 'Object Repository/Kullanici_Islemleri/Secenekler' located by 'By.cssSelector: .nav.navbar-nav.navbar-right li a' is not present after '10' second(s)

2021-11-11 09:46:59 - [MESSAGE][PASSED] - Call Test Case 'Test Cases/Kullanici_Islemleri/KullaniciIslemlerindenSecimYapilir' successfully

2021-11-11 09:46:59 - [TEST_CASE][PASSED] - Start Test Case : SCENARIO e-Mustahsil Makbuzu Raporlari excele aktarma: SCENARIO e-Mustahsil Makbuzu Raporlari excele aktarma

2021-11-11 09:46:59 - [TEST_STEP][PASSED] - Kullanıcı adı ELOGO6 ve Şifre 123456 olarak giriş yapılır: Kullanıcı adı ELOGO6 ve Şifre 123456 olarak giriş yapılır

2021-11-11 09:46:59 - [MESSAGE][PASSED] - Kullanıcı adı ELOGO6 ve Şifre 123456 olarak giriş yapılır

2021-11-11 09:46:59 - [TEST_STEP][PASSED] - Ana menüden e-Makbuz seçilir: Ana menüden e-Makbuz seçilir

2021-11-11 09:46:59 - [MESSAGE][PASSED] - Ana menüden e-Makbuz seçilir

2021-11-11 09:46:59 - [TEST_STEP][PASSED] - Alt menü e-Müstahsil Uygulaması başlığı altındaki e-Müstahsil Makbuzu Raporları seçilir: Alt menü e-Müstahsil Uygulaması başlığı altındaki e-Müstahsil Makbuzu Raporları seçilir

2021-11-11 09:46:59 - [MESSAGE][PASSED] - Alt menü e-Müstahsil Uygulaması başlığı altındaki e-Müstahsil Makbuzu Raporları seçilir

2021-11-11 09:46:59 - [TEST_STEP][PASSED] - Filtrelerden Dönem Tarihi filtresine 2021 Ocak dropdowndan degeri seçilir: Filtrelerden Dönem Tarihi filtresine 2021 Ocak dropdowndan degeri seçilir

2021-11-11 09:46:59 - [MESSAGE][PASSED] - Filtrelerden Dönem Tarihi filtresine 2021 Ocak dropdowndan degeri seçilir

2021-11-11 09:46:59 - [TEST_STEP][PASSED] - Filtrelerden Bölüm Tarihi filtresine 09.01.2021 baslangic degerini yaz: Filtrelerden Bölüm Tarihi filtresine 09.01.2021 baslangic degerini yaz

2021-11-11 09:46:59 - [MESSAGE][PASSED] - Filtrelerden Bölüm Tarihi filtresine 09.01.2021 baslangic degerini yaz

2021-11-11 09:46:59 - [TEST_STEP][PASSED] - Filtrelerden Bölüm Tarihi filtresine 09.01.2021 bitis degerini yaz: Filtrelerden Bölüm Tarihi filtresine 09.01.2021 bitis degerini yaz

2021-11-11 09:46:59 - [MESSAGE][PASSED] - Filtrelerden Bölüm Tarihi filtresine 09.01.2021 bitis degerini yaz

2021-11-11 09:46:59 - [TEST_STEP][PASSED] - Filtre butonlarından Listele seçilir: Filtre butonlarından Listele seçilir

2021-11-11 09:46:59 - [MESSAGE][PASSED] - Filtre butonlarından Listele seçilir

2021-11-11 09:46:59 - [TEST_STEP][PASSED] - Tabloda veri var mı kontrol edilir: Tabloda veri var mı kontrol edilir

2021-11-11 09:46:59 - [MESSAGE][PASSED] - Tabloda veri var mı kontrol edilir

2021-11-11 09:46:59 - [TEST_STEP][PASSED] - Tablodan 2891 isimli veri seçilir: Tablodan 2891 isimli veri seçilir

2021-11-11 09:46:59 - [MESSAGE][PASSED] - Tablodan 2891 isimli veri seçilir

2021-11-11 09:46:59 - [TEST_STEP][PASSED] - Butonlardan Excel isimli butona tıklanır: Butonlardan Excel isimli butona tıklanır

2021-11-11 09:46:59 - [MESSAGE][PASSED] - Butonlardan Excel isimli butona tıklanır

2021-11-11 09:46:59 - [TEST_STEP][PASSED] - Alt butonlardan Excel'e Aktar butonuna tıklanır: Alt butonlardan Excel'e Aktar butonuna tıklanır

2021-11-11 09:46:59 - [MESSAGE][PASSED] - Alt butonlardan Excel'e Aktar butonuna tıklanır

2021-11-11 09:46:59 - [TEST_STEP][PASSED] - Popup mesajı Lütfen rapor bildiriminin gönderileceği e-posta adresini belirtiniz. içeriyor mu: Popup mesajı Lütfen rapor bildiriminin gönderileceği e-posta adresini belirtiniz. içeriyor mu

2021-11-11 09:46:59 - [MESSAGE][PASSED] - Popup mesajı Lütfen rapor bildiriminin gönderileceği e-posta adresini belirtiniz. içeriyor mu

2021-11-11 09:46:59 - [TEST_STEP][PASSED] - Popup email elogotest@gmail.com;ali.kara@logo.com.tr olarak girilir: Popup email elogotest@gmail.com;ali.kara@logo.com.tr olarak girilir

2021-11-11 09:46:59 - [MESSAGE][PASSED] - Popup email elogotest@gmail.com;ali.kara@logo.com.tr olarak girilir

2021-11-11 09:46:59 - [TEST_STEP][PASSED] - Yönetim popupında Gönder seçilir: Yönetim popupında Gönder seçilir

2021-11-11 09:46:59 - [MESSAGE][PASSED] - Yönetim popupında Gönder seçilir

2021-11-11 09:46:59 - [TEST_STEP][PASSED] - Popup mesajı talebiniz işleme alınmıştır içeriyor mu: Popup mesajı talebiniz işleme alınmıştır içeriyor mu

2021-11-11 09:46:59 - [MESSAGE][PASSED] - Popup mesajı talebiniz işleme alınmıştır içeriyor mu

2021-11-11 09:46:59 - [TEST_STEP][PASSED] - Yönetim popupında Tamam seçilir: Yönetim popupında Tamam seçilir

2021-11-11 09:46:59 - [MESSAGE][PASSED] - Yönetim popupında Tamam seçilir

2021-11-11 09:46:59 - [TEST_STEP][PASSED] - Butonlardan Excel isimli butona tıklanır: Butonlardan Excel isimli butona tıklanır

2021-11-11 09:46:59 - [MESSAGE][PASSED] - Butonlardan Excel isimli butona tıklanır

2021-11-11 09:46:59 - [TEST_STEP][PASSED] - Alt butonlardan Tümünü Excel'e Aktar butonuna tıklanır: Alt butonlardan Tümünü Excel'e Aktar butonuna tıklanır

2021-11-11 09:46:59 - [MESSAGE][PASSED] - Alt butonlardan Tümünü Excel'e Aktar butonuna tıklanır

2021-11-11 09:46:59 - [TEST_STEP][PASSED] - Popup mesajı Lütfen rapor bildiriminin gönderileceği e-posta adresini belirtiniz. içeriyor mu: Popup mesajı Lütfen rapor bildiriminin gönderileceği e-posta adresini belirtiniz. içeriyor mu

2021-11-11 09:46:59 - [MESSAGE][PASSED] - Popup mesajı Lütfen rapor bildiriminin gönderileceği e-posta adresini belirtiniz. içeriyor mu

2021-11-11 09:46:59 - [TEST_STEP][PASSED] - Popup email elogotest@gmail.com;ali.kara@logo.com.tr olarak girilir: Popup email elogotest@gmail.com;ali.kara@logo.com.tr olarak girilir

2021-11-11 09:46:59 - [MESSAGE][PASSED] - Popup email elogotest@gmail.com;ali.kara@logo.com.tr olarak girilir

2021-11-11 09:46:59 - [TEST_STEP][PASSED] - Yönetim popupında Gönder seçilir: Yönetim popupında Gönder seçilir

2021-11-11 09:46:59 - [MESSAGE][PASSED] - Yönetim popupında Gönder seçilir

2021-11-11 09:46:59 - [TEST_STEP][PASSED] - Popup mesajı talebiniz işleme alınmıştır içeriyor mu: Popup mesajı talebiniz işleme alınmıştır içeriyor mu

2021-11-11 09:46:59 - [MESSAGE][PASSED] - Popup mesajı talebiniz işleme alınmıştır içeriyor mu

2021-11-11 09:46:59 - [TEST_STEP][PASSED] - Yönetim popupında Tamam seçilir: Yönetim popupında Tamam seçilir

2021-11-11 09:46:59 - [MESSAGE][PASSED] - Yönetim popupında Tamam seçilir

2021-11-11 09:46:59 - [TEST_STEP][PASSED] - Anasayfaya geri dönülür: Anasayfaya geri dönülür

2021-11-11 09:46:59 - [MESSAGE][PASSED] - Anasayfaya geri dönülür

2021-11-11 09:46:59 - [TEST_STEP][PASSED] - Ana menüden Raporlar seçilir: Ana menüden Raporlar seçilir

2021-11-11 09:46:59 - [MESSAGE][PASSED] - Ana menüden Raporlar seçilir

2021-11-11 09:46:59 - [TEST_STEP][PASSED] - Alt menüden Toplu Veri İndirme seçilir: Alt menüden Toplu Veri İndirme seçilir

2021-11-11 09:46:59 - [MESSAGE][PASSED] - Alt menüden Toplu Veri İndirme seçilir

2021-11-11 09:46:59 - [TEST_STEP][PASSED] - Filtrelerden Talep No filtresine Rapor No bilgisi yaz: Filtrelerden Talep No filtresine Rapor No bilgisi yaz

2021-11-11 09:46:59 - [MESSAGE][PASSED] - Filtrelerden Talep No filtresine Rapor No bilgisi yaz

2021-11-11 09:46:59 - [TEST_STEP][PASSED] - Filtre butonlarından Listele seçilir: Filtre butonlarından Listele seçilir

2021-11-11 09:46:59 - [MESSAGE][PASSED] - Filtre butonlarından Listele seçilir

2021-11-11 09:46:59 - [TEST_STEP][PASSED] - Tabloda veri var mı kontrol edilir: Tabloda veri var mı kontrol edilir

2021-11-11 09:46:59 - [MESSAGE][PASSED] - Tabloda veri var mı kontrol edilir

2021-11-11 09:46:59 - [TEST_STEP][PASSED] - Kullanıcı işlemlerinden Çıkış seçilir: Kullanıcı işlemlerinden Çıkış seçilir

2021-11-11 09:46:59 - [MESSAGE][PASSED] - Kullanıcı işlemlerinden Çıkış seçilir

2021-11-11 09:46:59 - [MESSAGE][PASSED] - Feature file: 'Include/features/e-Makbuz/e-Mustahsil Uygulamasi/e-Mustahsil Makbuzu Raporlari/Excele Aktar.feature' was passed

2021-11-11 09:46:59 - [TEST_STEP][PASSED] - Start listener action : sampleAfterTestSuite: Invoke 'com.kms.katalon.core.annotation.AfterTestCase' method: 'Listener.sampleAfterTestSuite(...)' completed.

2021-11-11 09:46:59 - [MESSAGE][INFO] - Starting invoke 'com.kms.katalon.core.annotation.AfterTestCase' method: 'Listener.sampleAfterTestSuite(...)'

2021-11-11 09:46:59 - [TEST_STEP][PASSED] - closeBrowser(): Invoke 'com.kms.katalon.core.annotation.AfterTestCase' method: 'Listener.sampleAfterTestSuite(...)' completed.

2021-11-11 09:46:59 - [MESSAGE][INFO] - Closing browser

2021-11-11 09:47:00 - [MESSAGE][PASSED] - Browser is closed

2021-11-11 09:47:00 - [MESSAGE][INFO] - Invoke 'com.kms.katalon.core.annotation.AfterTestCase' method: 'Listener.sampleAfterTestSuite(...)' completed.]]></system-out>
         <system-err><![CDATA[]]></system-err>
      </testcase>
      <testcase name="Test Cases/Case Repository/e-Makbuz/e-Serbest Meslek Uygulamasi/e-Serbest Meslek Makbuz Raporlari/Excele Aktar" time="50.47" classname="Test Cases/Case Repository/e-Makbuz/e-Serbest Meslek Uygulamasi/e-Serbest Meslek Makbuz Raporlari/Excele Aktar" status="PASSED">
         <system-out><![CDATA[2021-11-11 09:47:00 - [TEST_CASE][PASSED] - Test Cases/Case Repository/e-Makbuz/e-Serbest Meslek Uygulamasi/e-Serbest Meslek Makbuz Raporlari/Excele Aktar: Test Cases/Case Repository/e-Makbuz/e-Serbest Meslek Uygulamasi/e-Serbest Meslek Makbuz Raporlari/Excele Aktar

2021-11-11 09:47:00 - [TEST_STEP][PASSED] - Start listener action : sampleBeforeTestSuite: Invoke 'com.kms.katalon.core.annotation.BeforeTestCase' method: 'Listener.sampleBeforeTestSuite(...)' completed.

2021-11-11 09:47:00 - [MESSAGE][INFO] - Starting invoke 'com.kms.katalon.core.annotation.BeforeTestCase' method: 'Listener.sampleBeforeTestSuite(...)'

2021-11-11 09:47:00 - [TEST_STEP][PASSED] - openBrowser(baseUrl): Browser is opened with url: 'https://efatura-stage.elogo.com.tr/'

2021-11-11 09:47:00 - [MESSAGE][INFO] - Opening browser

2021-11-11 09:47:00 - [MESSAGE][INFO] - Starting 'Chrome' driver

2021-11-11 09:47:00 - [MESSAGE][INFO] - User set preference: ['prefs', '{download.default_directory=C:\otomasyondownfiles}']

2021-11-11 09:47:00 - [MESSAGE][INFO] - Action delay is set to 0 milliseconds

2021-11-11 09:47:01 - [MESSAGE][INFO] - Navigating browser to: 'https://efatura-stage.elogo.com.tr/'

2021-11-11 09:47:04 - [MESSAGE][PASSED] - Browser is opened with url: 'https://efatura-stage.elogo.com.tr/'

2021-11-11 09:47:04 - [TEST_STEP][PASSED] - maximizeWindow(): Invoke 'com.kms.katalon.core.annotation.BeforeTestCase' method: 'Listener.sampleBeforeTestSuite(...)' completed.

2021-11-11 09:47:04 - [MESSAGE][INFO] - Maximizing current window

2021-11-11 09:47:04 - [MESSAGE][PASSED] - Current window maximized

2021-11-11 09:47:04 - [MESSAGE][INFO] - Invoke 'com.kms.katalon.core.annotation.BeforeTestCase' method: 'Listener.sampleBeforeTestSuite(...)' completed.

2021-11-11 09:47:05 - [TEST_STEP][PASSED] - runFeatureFile("Include/features/e-Makbuz/e-Serbest Meslek Uygulaması/e-Serbest Meslek Makbuz Raporlari/Excele Aktar.feature"): Feature file: 'Include/features/e-Makbuz/e-Serbest Meslek Uygulaması/e-Serbest Meslek Makbuz Raporlari/Excele Aktar.feature' was passed

2021-11-11 09:47:05 - [MESSAGE][INFO] - Starting run keyword runFeatureFile: 'Include/features/e-Makbuz/e-Serbest Meslek Uygulaması/e-Serbest Meslek Makbuz Raporlari/Excele Aktar.feature' and extract report to folder: 'C:\Users\DELL\Documents\GitHub\EES_KatalonLogo\Reports\20211111_090730\Suite Repository\ExceleAktarVeTopluIndirme\20211111_090810/cucumber_report/1636613225397'...

2021-11-11 09:47:05 - [MESSAGE][INFO] - Glue: []

2021-11-11 09:47:05 - [MESSAGE][INFO] - Checking called Test Case

2021-11-11 09:47:05 - [MESSAGE][INFO] - Starting to call Test Case 'Test Cases/Sayfalar/Giris_Sayfasi/Login'

2021-11-11 09:47:06 - [TEST_CASE][PASSED] - Test Cases/Sayfalar/Giris_Sayfasi/Login: Test Cases/Sayfalar/Giris_Sayfasi/Login

2021-11-11 09:47:06 - [TEST_STEP][PASSED] - Sayfa_Basligi = getWindowTitle(): Current window's title is: 'LOGO e-Fatura'

2021-11-11 09:47:06 - [MESSAGE][INFO] - Getting current window's title

2021-11-11 09:47:06 - [MESSAGE][PASSED] - Current window's title is: 'LOGO e-Fatura'

2021-11-11 09:47:06 - [TEST_STEP][PASSED] - verifyMatch(Sayfa_Basligi, "LOGO e-Fatura", false): Actual text 'LOGO e-Fatura' and expected text 'LOGO e-Fatura' are matched 

2021-11-11 09:47:06 - [MESSAGE][INFO] - Matching actual text 'LOGO e-Fatura' with expected text 'LOGO e-Fatura'

2021-11-11 09:47:06 - [MESSAGE][PASSED] - Actual text 'LOGO e-Fatura' and expected text 'LOGO e-Fatura' are matched 

2021-11-11 09:47:06 - [TEST_STEP][PASSED] - sendKeys(findTestObject("Sayfalar/Giris_Sayfasi/Firma_Kodu"), KullaniciAdi): Keys 'ELOGO6' sent to object: 'Object Repository/Sayfalar/Giris_Sayfasi/Firma_Kodu'

2021-11-11 09:47:06 - [MESSAGE][INFO] - Finding Test Object 'Object Repository/Sayfalar/Giris_Sayfasi/Firma_Kodu'

2021-11-11 09:47:06 - [MESSAGE][INFO] - Sending keys 'ELOGO6' to object: 'Object Repository/Sayfalar/Giris_Sayfasi/Firma_Kodu'

2021-11-11 09:47:06 - [MESSAGE][INFO] - Finding web element from Test Object's properties

2021-11-11 09:47:06 - [MESSAGE][INFO] - Checking timeout

2021-11-11 09:47:06 - [MESSAGE][INFO] - Finding web element with id: 'Object Repository/Sayfalar/Giris_Sayfasi/Firma_Kodu' located by 'By.xpath: //*[@id = 'AccountName']' in '30' second(s)

2021-11-11 09:47:06 - [MESSAGE][INFO] - Smart Wait Function is triggered

2021-11-11 09:47:06 - [MESSAGE][INFO] - Found 1 web elements with id: 'Object Repository/Sayfalar/Giris_Sayfasi/Firma_Kodu' located by 'By.xpath: //*[@id = 'AccountName']' in '30' second(s)

2021-11-11 09:47:06 - [MESSAGE][PASSED] - Keys 'ELOGO6' sent to object: 'Object Repository/Sayfalar/Giris_Sayfasi/Firma_Kodu'

2021-11-11 09:47:06 - [TEST_STEP][PASSED] - sendKeys(findTestObject("Sayfalar/Giris_Sayfasi/Sifre"), Sifre): Keys '123456' sent to object: 'Object Repository/Sayfalar/Giris_Sayfasi/Sifre'

2021-11-11 09:47:06 - [MESSAGE][INFO] - Finding Test Object 'Object Repository/Sayfalar/Giris_Sayfasi/Sifre'

2021-11-11 09:47:06 - [MESSAGE][INFO] - Sending keys '123456' to object: 'Object Repository/Sayfalar/Giris_Sayfasi/Sifre'

2021-11-11 09:47:06 - [MESSAGE][INFO] - Finding web element from Test Object's properties

2021-11-11 09:47:06 - [MESSAGE][INFO] - Checking timeout

2021-11-11 09:47:06 - [MESSAGE][INFO] - Finding web element with id: 'Object Repository/Sayfalar/Giris_Sayfasi/Sifre' located by 'By.xpath: //*[@id = 'Password']' in '30' second(s)

2021-11-11 09:47:06 - [MESSAGE][INFO] - Smart Wait Function is triggered

2021-11-11 09:47:06 - [MESSAGE][INFO] - Found 1 web elements with id: 'Object Repository/Sayfalar/Giris_Sayfasi/Sifre' located by 'By.xpath: //*[@id = 'Password']' in '30' second(s)

2021-11-11 09:47:07 - [MESSAGE][PASSED] - Keys '123456' sent to object: 'Object Repository/Sayfalar/Giris_Sayfasi/Sifre'

2021-11-11 09:47:07 - [TEST_STEP][PASSED] - findWebElement(findTestObject("Sayfalar/Giris_Sayfasi/Giris_Butonu")).click(): Found 1 web elements with id: 'Object Repository/Sayfalar/Giris_Sayfasi/Giris_Butonu' located by 'By.cssSelector: #btnLogin' in '30' second(s)

2021-11-11 09:47:07 - [MESSAGE][INFO] - Finding Test Object 'Object Repository/Sayfalar/Giris_Sayfasi/Giris_Butonu'

2021-11-11 09:47:07 - [MESSAGE][INFO] - Finding web element from Test Object's properties

2021-11-11 09:47:07 - [MESSAGE][INFO] - Checking timeout

2021-11-11 09:47:07 - [MESSAGE][INFO] - Finding web element with id: 'Object Repository/Sayfalar/Giris_Sayfasi/Giris_Butonu' located by 'By.cssSelector: #btnLogin' in '30' second(s)

2021-11-11 09:47:07 - [MESSAGE][INFO] - Smart Wait Function is triggered

2021-11-11 09:47:07 - [MESSAGE][INFO] - Found 1 web elements with id: 'Object Repository/Sayfalar/Giris_Sayfasi/Giris_Butonu' located by 'By.cssSelector: #btnLogin' in '30' second(s)

2021-11-11 09:47:10 - [TEST_STEP][PASSED] - if (verifyElementPresent(findTestObject("Object Repository/Sayfalar/Giris_Sayfasi/RetveTamam_Butonu"), 5, OPTIONAL)): null

2021-11-11 09:47:10 - [MESSAGE][INFO] - Finding Test Object 'Object Repository/Sayfalar/Giris_Sayfasi/RetveTamam_Butonu'

2021-11-11 09:47:10 - [MESSAGE][INFO] - Checking object

2021-11-11 09:47:10 - [MESSAGE][INFO] - Finding web element from Test Object's properties

2021-11-11 09:47:10 - [MESSAGE][INFO] - Checking timeout

2021-11-11 09:47:10 - [MESSAGE][INFO] - Finding web element with id: 'Object Repository/Sayfalar/Giris_Sayfasi/RetveTamam_Butonu' located by 'By.xpath: //*[@class = 'btn btn-default']' in '5' second(s)

2021-11-11 09:47:10 - [MESSAGE][INFO] - Smart Wait Function is triggered

2021-11-11 09:47:10 - [MESSAGE][INFO] - Found 1 web elements with id: 'Object Repository/Sayfalar/Giris_Sayfasi/RetveTamam_Butonu' located by 'By.xpath: //*[@class = 'btn btn-default']' in '5' second(s)

2021-11-11 09:47:10 - [MESSAGE][PASSED] - Object 'Object Repository/Sayfalar/Giris_Sayfasi/RetveTamam_Butonu' is present

2021-11-11 09:47:10 - [TEST_STEP][PASSED] - click(findTestObject("Object Repository/Sayfalar/Giris_Sayfasi/RetveTamam_Butonu")): Object: 'Object Repository/Sayfalar/Giris_Sayfasi/RetveTamam_Butonu' is clicked on

2021-11-11 09:47:10 - [MESSAGE][INFO] - Finding Test Object 'Object Repository/Sayfalar/Giris_Sayfasi/RetveTamam_Butonu'

2021-11-11 09:47:10 - [MESSAGE][INFO] - Checking object

2021-11-11 09:47:10 - [MESSAGE][INFO] - Finding web element from Test Object's properties

2021-11-11 09:47:10 - [MESSAGE][INFO] - Checking timeout

2021-11-11 09:47:10 - [MESSAGE][INFO] - Finding web element with id: 'Object Repository/Sayfalar/Giris_Sayfasi/RetveTamam_Butonu' located by 'By.xpath: //*[@class = 'btn btn-default']' in '30' second(s)

2021-11-11 09:47:10 - [MESSAGE][INFO] - Smart Wait Function is triggered

2021-11-11 09:47:10 - [MESSAGE][INFO] - Found 1 web elements with id: 'Object Repository/Sayfalar/Giris_Sayfasi/RetveTamam_Butonu' located by 'By.xpath: //*[@class = 'btn btn-default']' in '30' second(s)

2021-11-11 09:47:10 - [MESSAGE][INFO] - Clicking on object: 'Object Repository/Sayfalar/Giris_Sayfasi/RetveTamam_Butonu'

2021-11-11 09:47:10 - [MESSAGE][PASSED] - Object: 'Object Repository/Sayfalar/Giris_Sayfasi/RetveTamam_Butonu' is clicked on

2021-11-11 09:47:10 - [TEST_STEP][PASSED] - click(findTestObject("Object Repository/Sayfalar/Giris_Sayfasi/RetveTamam_Butonu")): Object: 'Object Repository/Sayfalar/Giris_Sayfasi/RetveTamam_Butonu' is clicked on

2021-11-11 09:47:10 - [MESSAGE][INFO] - Finding Test Object 'Object Repository/Sayfalar/Giris_Sayfasi/RetveTamam_Butonu'

2021-11-11 09:47:11 - [MESSAGE][INFO] - Checking object

2021-11-11 09:47:11 - [MESSAGE][INFO] - Finding web element from Test Object's properties

2021-11-11 09:47:11 - [MESSAGE][INFO] - Checking timeout

2021-11-11 09:47:11 - [MESSAGE][INFO] - Finding web element with id: 'Object Repository/Sayfalar/Giris_Sayfasi/RetveTamam_Butonu' located by 'By.xpath: //*[@class = 'btn btn-default']' in '30' second(s)

2021-11-11 09:47:11 - [MESSAGE][INFO] - Smart Wait Function is triggered

2021-11-11 09:47:15 - [MESSAGE][INFO] - Found 1 web elements with id: 'Object Repository/Sayfalar/Giris_Sayfasi/RetveTamam_Butonu' located by 'By.xpath: //*[@class = 'btn btn-default']' in '30' second(s)

2021-11-11 09:47:15 - [MESSAGE][INFO] - Clicking on object: 'Object Repository/Sayfalar/Giris_Sayfasi/RetveTamam_Butonu'

2021-11-11 09:47:15 - [MESSAGE][PASSED] - Object: 'Object Repository/Sayfalar/Giris_Sayfasi/RetveTamam_Butonu' is clicked on

2021-11-11 09:47:15 - [TEST_STEP][PASSED] - if (verifyElementPresent(findTestObject("Sayfalar/Giris_Sayfasi/PopupOK"), 5, OPTIONAL)): null

2021-11-11 09:47:15 - [MESSAGE][INFO] - Finding Test Object 'Object Repository/Sayfalar/Giris_Sayfasi/PopupOK'

2021-11-11 09:47:15 - [MESSAGE][INFO] - Checking object

2021-11-11 09:47:15 - [MESSAGE][INFO] - Finding web element from Test Object's properties

2021-11-11 09:47:15 - [MESSAGE][INFO] - Checking timeout

2021-11-11 09:47:15 - [MESSAGE][INFO] - Finding web element with id: 'Object Repository/Sayfalar/Giris_Sayfasi/PopupOK' located by 'By.cssSelector: .btn.btn-success' in '5' second(s)

2021-11-11 09:47:15 - [MESSAGE][INFO] - Smart Wait Function is triggered

2021-11-11 09:47:16 - [MESSAGE][INFO] - Found 1 web elements with id: 'Object Repository/Sayfalar/Giris_Sayfasi/PopupOK' located by 'By.cssSelector: .btn.btn-success' in '5' second(s)

2021-11-11 09:47:16 - [MESSAGE][PASSED] - Object 'Object Repository/Sayfalar/Giris_Sayfasi/PopupOK' is present

2021-11-11 09:47:16 - [TEST_STEP][PASSED] - click(findTestObject("Object Repository/Sayfalar/Giris_Sayfasi/PopupCarpiGiris")): Object: 'Object Repository/Sayfalar/Giris_Sayfasi/PopupCarpiGiris' is clicked on

2021-11-11 09:47:16 - [MESSAGE][INFO] - Finding Test Object 'Object Repository/Sayfalar/Giris_Sayfasi/PopupCarpiGiris'

2021-11-11 09:47:16 - [MESSAGE][INFO] - Checking object

2021-11-11 09:47:16 - [MESSAGE][INFO] - Finding web element from Test Object's properties

2021-11-11 09:47:16 - [MESSAGE][INFO] - Checking timeout

2021-11-11 09:47:16 - [MESSAGE][INFO] - Finding web element with id: 'Object Repository/Sayfalar/Giris_Sayfasi/PopupCarpiGiris' located by 'By.cssSelector: .bootbox-close-button.close' in '30' second(s)

2021-11-11 09:47:16 - [MESSAGE][INFO] - Smart Wait Function is triggered

2021-11-11 09:47:16 - [MESSAGE][INFO] - Found 1 web elements with id: 'Object Repository/Sayfalar/Giris_Sayfasi/PopupCarpiGiris' located by 'By.cssSelector: .bootbox-close-button.close' in '30' second(s)

2021-11-11 09:47:16 - [MESSAGE][INFO] - Clicking on object: 'Object Repository/Sayfalar/Giris_Sayfasi/PopupCarpiGiris'

2021-11-11 09:47:16 - [MESSAGE][PASSED] - Object: 'Object Repository/Sayfalar/Giris_Sayfasi/PopupCarpiGiris' is clicked on

2021-11-11 09:47:16 - [TEST_STEP][PASSED] - verifyElementVisible(findTestObject("Object Repository/Kullanici_Islemleri/KullaniciIslemleri")): Object 'Object Repository/Kullanici_Islemleri/KullaniciIslemleri' is visible

2021-11-11 09:47:16 - [MESSAGE][INFO] - Finding Test Object 'Object Repository/Kullanici_Islemleri/KullaniciIslemleri'

2021-11-11 09:47:16 - [MESSAGE][INFO] - Checking object

2021-11-11 09:47:16 - [MESSAGE][INFO] - Finding web element from Test Object's properties

2021-11-11 09:47:16 - [MESSAGE][INFO] - Checking timeout

2021-11-11 09:47:16 - [MESSAGE][INFO] - Finding web element with id: 'Object Repository/Kullanici_Islemleri/KullaniciIslemleri' located by 'By.cssSelector: .dropdown>a>img' in '30' second(s)

2021-11-11 09:47:16 - [MESSAGE][INFO] - Smart Wait Function is triggered

2021-11-11 09:47:17 - [MESSAGE][INFO] - Found 1 web elements with id: 'Object Repository/Kullanici_Islemleri/KullaniciIslemleri' located by 'By.cssSelector: .dropdown>a>img' in '30' second(s)

2021-11-11 09:47:17 - [MESSAGE][PASSED] - Object 'Object Repository/Kullanici_Islemleri/KullaniciIslemleri' is visible

2021-11-11 09:47:17 - [MESSAGE][PASSED] - Call Test Case 'Test Cases/Sayfalar/Giris_Sayfasi/Login' successfully

2021-11-11 09:47:17 - [MESSAGE][INFO] - Checking called Test Case

2021-11-11 09:47:17 - [MESSAGE][INFO] - Starting to call Test Case 'Test Cases/Menu/AnaMenuSecimi'

2021-11-11 09:47:17 - [TEST_CASE][PASSED] - Test Cases/Menu/AnaMenuSecimi: Test Cases/Menu/AnaMenuSecimi

2021-11-11 09:47:17 - [TEST_STEP][PASSED] - Method.TextDegerineEsitElementeTikla(findTestObject("Menu/Ana_Menu"), Ana_Menu): Method.TextDegerineEsitElementeTikla is PASSED

2021-11-11 09:47:17 - [MESSAGE][INFO] - Finding Test Object 'Object Repository/Menu/Ana_Menu'

2021-11-11 09:47:17 - [MESSAGE][INFO] - Checking timeout

2021-11-11 09:47:17 - [MESSAGE][INFO] - Finding web element with id: 'Object Repository/Menu/Ana_Menu' located by 'By.xpath: //*[@class = 'dropdown-toggle']' in '10' second(s)

2021-11-11 09:47:17 - [MESSAGE][INFO] - Smart Wait Function is triggered

2021-11-11 09:47:17 - [MESSAGE][INFO] - Found 14 web elements with id: 'Object Repository/Menu/Ana_Menu' located by 'By.xpath: //*[@class = 'dropdown-toggle']' in '10' second(s)

2021-11-11 09:47:17 - [MESSAGE][PASSED] - Method.TextDegerineEsitElementeTikla is PASSED

2021-11-11 09:47:17 - [MESSAGE][PASSED] - Call Test Case 'Test Cases/Menu/AnaMenuSecimi' successfully

2021-11-11 09:47:17 - [MESSAGE][INFO] - Checking called Test Case

2021-11-11 09:47:17 - [MESSAGE][INFO] - Starting to call Test Case 'Test Cases/Menu/BasligaGoreAltMenuSecimi'

2021-11-11 09:47:18 - [TEST_CASE][PASSED] - Test Cases/Menu/BasligaGoreAltMenuSecimi: Test Cases/Menu/BasligaGoreAltMenuSecimi

2021-11-11 09:47:18 - [TEST_STEP][PASSED] - Method.TextDegerineEsitElementinAltindakiTextDegerineEsitOlanaTikla(findTestObject("Menu/Menu_Basligi"), findTestObject("Menu/Basliga_Gore_Alt_Menu"), Baslik, Alt_Menu): Method.TextDegerineEsitElementinAltindakiTextDegerineEsitOlanaTikla is PASSED

2021-11-11 09:47:18 - [MESSAGE][INFO] - Finding Test Object 'Object Repository/Menu/Menu_Basligi'

2021-11-11 09:47:18 - [MESSAGE][INFO] - Finding Test Object 'Object Repository/Menu/Basliga_Gore_Alt_Menu'

2021-11-11 09:47:18 - [MESSAGE][INFO] - Checking timeout

2021-11-11 09:47:18 - [MESSAGE][INFO] - Finding web element with id: 'Object Repository/Menu/Menu_Basligi' located by 'By.xpath: //li[@class='dropdown dropdown-large open']//li[@class='dropdown-header']' in '10' second(s)

2021-11-11 09:47:18 - [MESSAGE][INFO] - Smart Wait Function is triggered

2021-11-11 09:47:18 - [MESSAGE][INFO] - Found 2 web elements with id: 'Object Repository/Menu/Menu_Basligi' located by 'By.xpath: //li[@class='dropdown dropdown-large open']//li[@class='dropdown-header']' in '10' second(s)

2021-11-11 09:47:18 - [MESSAGE][INFO] - Smart Wait Function is triggered

2021-11-11 09:47:20 - [MESSAGE][PASSED] - Method.TextDegerineEsitElementinAltindakiTextDegerineEsitOlanaTikla is PASSED

2021-11-11 09:47:20 - [MESSAGE][PASSED] - Call Test Case 'Test Cases/Menu/BasligaGoreAltMenuSecimi' successfully

2021-11-11 09:47:20 - [MESSAGE][INFO] - Checking called Test Case

2021-11-11 09:47:20 - [MESSAGE][INFO] - Starting to call Test Case 'Test Cases/Filtreler/DropdownSec'

2021-11-11 09:47:20 - [TEST_CASE][PASSED] - Test Cases/Filtreler/DropdownSec: Test Cases/Filtreler/DropdownSec

2021-11-11 09:47:20 - [TEST_STEP][PASSED] - Method.TextDegerineEsitElementinAltindakineTikla(findTestObject("Filtreler/Basliklar"), findTestObject("Filtreler/Basliga_Gore_Baslangic_Image"), Filtre_Adi): Method.TextDegerineEsitElementinAltindakineTikla is PASSED

2021-11-11 09:47:20 - [MESSAGE][INFO] - Finding Test Object 'Object Repository/Filtreler/Basliklar'

2021-11-11 09:47:20 - [MESSAGE][INFO] - Finding Test Object 'Object Repository/Filtreler/Basliga_Gore_Baslangic_Image'

2021-11-11 09:47:20 - [MESSAGE][INFO] - Checking timeout

2021-11-11 09:47:20 - [MESSAGE][INFO] - Finding web element with id: 'Object Repository/Filtreler/Basliklar' located by 'By.cssSelector: .control-label.col-sm-4.paddingMarginRLC' in '10' second(s)

2021-11-11 09:47:20 - [MESSAGE][INFO] - Smart Wait Function is triggered

2021-11-11 09:47:20 - [MESSAGE][INFO] - Found 5 web elements with id: 'Object Repository/Filtreler/Basliklar' located by 'By.cssSelector: .control-label.col-sm-4.paddingMarginRLC' in '10' second(s)

2021-11-11 09:47:20 - [MESSAGE][INFO] - Smart Wait Function is triggered

2021-11-11 09:47:21 - [MESSAGE][PASSED] - Method.TextDegerineEsitElementinAltindakineTikla is PASSED

2021-11-11 09:47:21 - [TEST_STEP][PASSED] - Method.TextDegerineEsitElementeTikla(findTestObject("Object Repository/Filtreler/Basliga_Gore_Dropdown"), Filtre_Degeri): Method.TextDegerineEsitElementeTikla is PASSED

2021-11-11 09:47:21 - [MESSAGE][INFO] - Finding Test Object 'Object Repository/Filtreler/Basliga_Gore_Dropdown'

2021-11-11 09:47:21 - [MESSAGE][INFO] - Checking timeout

2021-11-11 09:47:21 - [MESSAGE][INFO] - Finding web element with id: 'Object Repository/Filtreler/Basliga_Gore_Dropdown' located by 'By.xpath: //*[@class = 'dxeListBoxItemRow_LECustomTheme']' in '10' second(s)

2021-11-11 09:47:21 - [MESSAGE][INFO] - Smart Wait Function is triggered

2021-11-11 09:47:21 - [MESSAGE][INFO] - Found 59 web elements with id: 'Object Repository/Filtreler/Basliga_Gore_Dropdown' located by 'By.xpath: //*[@class = 'dxeListBoxItemRow_LECustomTheme']' in '10' second(s)

2021-11-11 09:47:21 - [MESSAGE][PASSED] - Method.TextDegerineEsitElementeTikla is PASSED

2021-11-11 09:47:21 - [MESSAGE][PASSED] - Call Test Case 'Test Cases/Filtreler/DropdownSec' successfully

2021-11-11 09:47:21 - [MESSAGE][INFO] - Checking called Test Case

2021-11-11 09:47:21 - [MESSAGE][INFO] - Starting to call Test Case 'Test Cases/Filtreler/BaslangicYaz'

2021-11-11 09:47:21 - [TEST_CASE][PASSED] - Test Cases/Filtreler/BaslangicYaz: Test Cases/Filtreler/BaslangicYaz

2021-11-11 09:47:21 - [TEST_STEP][PASSED] - Method.TextDegerineEsitElementinAltindakineTikla(findTestObject("Filtreler/Basliklar"), findTestObject("Filtreler/Basliga_Gore_Baslangic_Image"), Filtre_Adi): Method.TextDegerineEsitElementinAltindakineTikla is PASSED

2021-11-11 09:47:21 - [MESSAGE][INFO] - Finding Test Object 'Object Repository/Filtreler/Basliklar'

2021-11-11 09:47:22 - [MESSAGE][INFO] - Finding Test Object 'Object Repository/Filtreler/Basliga_Gore_Baslangic_Image'

2021-11-11 09:47:22 - [MESSAGE][INFO] - Checking timeout

2021-11-11 09:47:22 - [MESSAGE][INFO] - Finding web element with id: 'Object Repository/Filtreler/Basliklar' located by 'By.cssSelector: .control-label.col-sm-4.paddingMarginRLC' in '10' second(s)

2021-11-11 09:47:22 - [MESSAGE][INFO] - Smart Wait Function is triggered

2021-11-11 09:47:22 - [MESSAGE][INFO] - Found 5 web elements with id: 'Object Repository/Filtreler/Basliklar' located by 'By.cssSelector: .control-label.col-sm-4.paddingMarginRLC' in '10' second(s)

2021-11-11 09:47:22 - [MESSAGE][INFO] - Smart Wait Function is triggered

2021-11-11 09:47:22 - [MESSAGE][PASSED] - Method.TextDegerineEsitElementinAltindakineTikla is PASSED

2021-11-11 09:47:22 - [TEST_STEP][PASSED] - Method.TextDegerineEsitElementinAltindakiTextboxtaYaz(findTestObject("Filtreler/Basliklar"), findTestObject("Filtreler/Basliga_Gore_Baslangic"), Filtre_Adi, Filtre_Degeri): Method.TextDegerineEsitElementinAltindakiTextboxtaYaz is PASSED

2021-11-11 09:47:22 - [MESSAGE][INFO] - Finding Test Object 'Object Repository/Filtreler/Basliklar'

2021-11-11 09:47:22 - [MESSAGE][INFO] - Finding Test Object 'Object Repository/Filtreler/Basliga_Gore_Baslangic'

2021-11-11 09:47:23 - [MESSAGE][INFO] - Checking timeout

2021-11-11 09:47:23 - [MESSAGE][INFO] - Finding web element with id: 'Object Repository/Filtreler/Basliklar' located by 'By.cssSelector: .control-label.col-sm-4.paddingMarginRLC' in '10' second(s)

2021-11-11 09:47:23 - [MESSAGE][INFO] - Smart Wait Function is triggered

2021-11-11 09:47:23 - [MESSAGE][INFO] - Found 5 web elements with id: 'Object Repository/Filtreler/Basliklar' located by 'By.cssSelector: .control-label.col-sm-4.paddingMarginRLC' in '10' second(s)

2021-11-11 09:47:23 - [MESSAGE][INFO] - Smart Wait Function is triggered

2021-11-11 09:47:23 - [MESSAGE][PASSED] - Method.TextDegerineEsitElementinAltindakiTextboxtaYaz is PASSED

2021-11-11 09:47:23 - [MESSAGE][PASSED] - Call Test Case 'Test Cases/Filtreler/BaslangicYaz' successfully

2021-11-11 09:47:23 - [MESSAGE][INFO] - Checking called Test Case

2021-11-11 09:47:23 - [MESSAGE][INFO] - Starting to call Test Case 'Test Cases/Filtreler/BitisYaz'

2021-11-11 09:47:23 - [TEST_CASE][PASSED] - Test Cases/Filtreler/BitisYaz: Test Cases/Filtreler/BitisYaz

2021-11-11 09:47:23 - [TEST_STEP][PASSED] - Method.TextDegerineEsitElementinAltindakineTikla(findTestObject("Filtreler/Basliklar"), findTestObject("Filtreler/Basliga_Gore_Bitis_Image"), Filtre_Adi): Method.TextDegerineEsitElementinAltindakineTikla is PASSED

2021-11-11 09:47:23 - [MESSAGE][INFO] - Finding Test Object 'Object Repository/Filtreler/Basliklar'

2021-11-11 09:47:24 - [MESSAGE][INFO] - Finding Test Object 'Object Repository/Filtreler/Basliga_Gore_Bitis_Image'

2021-11-11 09:47:24 - [MESSAGE][INFO] - Checking timeout

2021-11-11 09:47:24 - [MESSAGE][INFO] - Finding web element with id: 'Object Repository/Filtreler/Basliklar' located by 'By.cssSelector: .control-label.col-sm-4.paddingMarginRLC' in '10' second(s)

2021-11-11 09:47:24 - [MESSAGE][INFO] - Smart Wait Function is triggered

2021-11-11 09:47:24 - [MESSAGE][INFO] - Found 5 web elements with id: 'Object Repository/Filtreler/Basliklar' located by 'By.cssSelector: .control-label.col-sm-4.paddingMarginRLC' in '10' second(s)

2021-11-11 09:47:24 - [MESSAGE][INFO] - Smart Wait Function is triggered

2021-11-11 09:47:24 - [MESSAGE][PASSED] - Method.TextDegerineEsitElementinAltindakineTikla is PASSED

2021-11-11 09:47:24 - [TEST_STEP][PASSED] - Method.TextDegerineEsitElementinAltindakiTextboxtaYaz(findTestObject("Filtreler/Basliklar"), findTestObject("Object Repository/Filtreler/Basliga_Gore_Bitis"), Filtre_Adi, Filtre_Degeri): Method.TextDegerineEsitElementinAltindakiTextboxtaYaz is PASSED

2021-11-11 09:47:24 - [MESSAGE][INFO] - Finding Test Object 'Object Repository/Filtreler/Basliklar'

2021-11-11 09:47:24 - [MESSAGE][INFO] - Finding Test Object 'Object Repository/Filtreler/Basliga_Gore_Bitis'

2021-11-11 09:47:24 - [MESSAGE][INFO] - Checking timeout

2021-11-11 09:47:24 - [MESSAGE][INFO] - Finding web element with id: 'Object Repository/Filtreler/Basliklar' located by 'By.cssSelector: .control-label.col-sm-4.paddingMarginRLC' in '10' second(s)

2021-11-11 09:47:24 - [MESSAGE][INFO] - Smart Wait Function is triggered

2021-11-11 09:47:25 - [MESSAGE][INFO] - Found 5 web elements with id: 'Object Repository/Filtreler/Basliklar' located by 'By.cssSelector: .control-label.col-sm-4.paddingMarginRLC' in '10' second(s)

2021-11-11 09:47:25 - [MESSAGE][INFO] - Smart Wait Function is triggered

2021-11-11 09:47:25 - [MESSAGE][PASSED] - Method.TextDegerineEsitElementinAltindakiTextboxtaYaz is PASSED

2021-11-11 09:47:25 - [MESSAGE][PASSED] - Call Test Case 'Test Cases/Filtreler/BitisYaz' successfully

2021-11-11 09:47:25 - [MESSAGE][INFO] - Checking called Test Case

2021-11-11 09:47:25 - [MESSAGE][INFO] - Starting to call Test Case 'Test Cases/Filtreler/ButonaTikla'

2021-11-11 09:47:25 - [TEST_CASE][PASSED] - Test Cases/Filtreler/ButonaTikla: Test Cases/Filtreler/ButonaTikla

2021-11-11 09:47:25 - [TEST_STEP][PASSED] - Method.TextDegerineEsitElementeTikla(findTestObject("Filtreler/Butonlar"), Filtre_Buton): Method.TextDegerineEsitElementeTikla is PASSED

2021-11-11 09:47:25 - [MESSAGE][INFO] - Finding Test Object 'Object Repository/Filtreler/Butonlar'

2021-11-11 09:47:25 - [MESSAGE][INFO] - Checking timeout

2021-11-11 09:47:25 - [MESSAGE][INFO] - Finding web element with id: 'Object Repository/Filtreler/Butonlar' located by 'By.cssSelector: .dxb>span' in '10' second(s)

2021-11-11 09:47:25 - [MESSAGE][INFO] - Smart Wait Function is triggered

2021-11-11 09:47:26 - [MESSAGE][INFO] - Found 3 web elements with id: 'Object Repository/Filtreler/Butonlar' located by 'By.cssSelector: .dxb>span' in '10' second(s)

2021-11-11 09:47:26 - [MESSAGE][PASSED] - Method.TextDegerineEsitElementeTikla is PASSED

2021-11-11 09:47:26 - [MESSAGE][PASSED] - Call Test Case 'Test Cases/Filtreler/ButonaTikla' successfully

2021-11-11 09:47:26 - [MESSAGE][INFO] - Checking called Test Case

2021-11-11 09:47:26 - [MESSAGE][INFO] - Starting to call Test Case 'Test Cases/Tablo/TablodaVeriVarMi'

2021-11-11 09:47:26 - [TEST_CASE][PASSED] - Test Cases/Tablo/TablodaVeriVarMi: Test Cases/Tablo/TablodaVeriVarMi

2021-11-11 09:47:26 - [TEST_STEP][PASSED] - verifyTextNotPresent("Görüntülenecek veri yok", true): Text 'Görüntülenecek veri yok' is not present on page using regular expression

2021-11-11 09:47:26 - [MESSAGE][INFO] - Checking text present  using regular expression

2021-11-11 09:47:26 - [MESSAGE][INFO] - Smart Wait Function is triggered

2021-11-11 09:47:27 - [MESSAGE][INFO] - Finding text 'Görüntülenecek veri yok' on page  using regular expression

2021-11-11 09:47:27 - [MESSAGE][PASSED] - Text 'Görüntülenecek veri yok' is not present on page using regular expression

2021-11-11 09:47:27 - [MESSAGE][PASSED] - Call Test Case 'Test Cases/Tablo/TablodaVeriVarMi' successfully

2021-11-11 09:47:27 - [MESSAGE][INFO] - Checking called Test Case

2021-11-11 09:47:27 - [MESSAGE][INFO] - Starting to call Test Case 'Test Cases/Tablo/TablodanVeriSec'

2021-11-11 09:47:27 - [TEST_CASE][PASSED] - Test Cases/Tablo/TablodanVeriSec: Test Cases/Tablo/TablodanVeriSec

2021-11-11 09:47:27 - [TEST_STEP][PASSED] - Method.TextDegerineEsitElementinAltindakineTikla(findTestObject("Tablo/Veriler"), findTestObject("Tablo/VerininCheckBoxi"), Veri_Adi): Method.TextDegerineEsitElementinAltindakineTikla is PASSED

2021-11-11 09:47:27 - [MESSAGE][INFO] - Finding Test Object 'Object Repository/Tablo/Veriler'

2021-11-11 09:47:27 - [MESSAGE][INFO] - Finding Test Object 'Object Repository/Tablo/VerininCheckBoxi'

2021-11-11 09:47:27 - [MESSAGE][INFO] - Checking timeout

2021-11-11 09:47:27 - [MESSAGE][INFO] - Finding web element with id: 'Object Repository/Tablo/Veriler' located by 'By.cssSelector: td.dxgv b ,td.dxgv' in '10' second(s)

2021-11-11 09:47:27 - [MESSAGE][INFO] - Smart Wait Function is triggered

2021-11-11 09:47:27 - [MESSAGE][INFO] - Found 120 web elements with id: 'Object Repository/Tablo/Veriler' located by 'By.cssSelector: td.dxgv b ,td.dxgv' in '10' second(s)

2021-11-11 09:47:28 - [MESSAGE][INFO] - Smart Wait Function is triggered

2021-11-11 09:47:28 - [MESSAGE][PASSED] - Method.TextDegerineEsitElementinAltindakineTikla is PASSED

2021-11-11 09:47:28 - [MESSAGE][PASSED] - Call Test Case 'Test Cases/Tablo/TablodanVeriSec' successfully

2021-11-11 09:47:28 - [MESSAGE][INFO] - Checking called Test Case

2021-11-11 09:47:28 - [MESSAGE][INFO] - Starting to call Test Case 'Test Cases/Butonlar/ButonaTikla'

2021-11-11 09:47:28 - [TEST_CASE][PASSED] - Test Cases/Butonlar/ButonaTikla: Test Cases/Butonlar/ButonaTikla

2021-11-11 09:47:28 - [TEST_STEP][PASSED] - Method.TextDegerineEsitElementeTiklaEquals(findTestObject("Butonlar/Butonlar"), Buton_Adi): Method.TextDegerineEsitElementeTiklaEquals is PASSED

2021-11-11 09:47:28 - [MESSAGE][INFO] - Finding Test Object 'Object Repository/Butonlar/Butonlar'

2021-11-11 09:47:28 - [MESSAGE][INFO] - Checking timeout

2021-11-11 09:47:28 - [MESSAGE][INFO] - Finding web element with id: 'Object Repository/Butonlar/Butonlar' located by 'By.cssSelector: .panel.panel-default.text-center.footerPanel .btn,.btn.btn-primary.btnControls' in '10' second(s)

2021-11-11 09:47:28 - [MESSAGE][INFO] - Smart Wait Function is triggered

2021-11-11 09:47:29 - [MESSAGE][INFO] - Found 6 web elements with id: 'Object Repository/Butonlar/Butonlar' located by 'By.cssSelector: .panel.panel-default.text-center.footerPanel .btn,.btn.btn-primary.btnControls' in '10' second(s)

2021-11-11 09:47:29 - [MESSAGE][PASSED] - Method.TextDegerineEsitElementeTiklaEquals is PASSED

2021-11-11 09:47:29 - [MESSAGE][PASSED] - Call Test Case 'Test Cases/Butonlar/ButonaTikla' successfully

2021-11-11 09:47:29 - [MESSAGE][INFO] - Checking called Test Case

2021-11-11 09:47:29 - [MESSAGE][INFO] - Starting to call Test Case 'Test Cases/Butonlar/AltButonaTikla'

2021-11-11 09:47:29 - [TEST_CASE][PASSED] - Test Cases/Butonlar/AltButonaTikla: Test Cases/Butonlar/AltButonaTikla

2021-11-11 09:47:29 - [TEST_STEP][PASSED] - Method.TextDegerineEsitElementeTikla(findTestObject("Butonlar/AltButonlar"), Alt_Buton): Method.TextDegerineEsitElementeTikla is PASSED

2021-11-11 09:47:29 - [MESSAGE][INFO] - Finding Test Object 'Object Repository/Butonlar/AltButonlar'

2021-11-11 09:47:29 - [MESSAGE][INFO] - Checking timeout

2021-11-11 09:47:29 - [MESSAGE][INFO] - Finding web element with id: 'Object Repository/Butonlar/AltButonlar' located by 'By.cssSelector: .btn-group.open li>a' in '10' second(s)

2021-11-11 09:47:29 - [MESSAGE][INFO] - Smart Wait Function is triggered

2021-11-11 09:47:29 - [MESSAGE][INFO] - Found 2 web elements with id: 'Object Repository/Butonlar/AltButonlar' located by 'By.cssSelector: .btn-group.open li>a' in '10' second(s)

2021-11-11 09:47:29 - [MESSAGE][PASSED] - Method.TextDegerineEsitElementeTikla is PASSED

2021-11-11 09:47:29 - [MESSAGE][PASSED] - Call Test Case 'Test Cases/Butonlar/AltButonaTikla' successfully

2021-11-11 09:47:29 - [MESSAGE][INFO] - Checking called Test Case

2021-11-11 09:47:29 - [MESSAGE][INFO] - Starting to call Test Case 'Test Cases/Popup/PopupMesajiIceriyorMu'

2021-11-11 09:47:29 - [TEST_CASE][PASSED] - Test Cases/Popup/PopupMesajiIceriyorMu: Test Cases/Popup/PopupMesajiIceriyorMu

2021-11-11 09:47:29 - [TEST_STEP][PASSED] - waitForElementVisible(findTestObject("Popup/Popup"), 10): Object 'Object Repository/Popup/Popup' is visible

2021-11-11 09:47:29 - [MESSAGE][INFO] - Finding Test Object 'Object Repository/Popup/Popup'

2021-11-11 09:47:30 - [MESSAGE][INFO] - Checking object

2021-11-11 09:47:30 - [MESSAGE][INFO] - Checking timeout

2021-11-11 09:47:30 - [MESSAGE][INFO] - Finding web element from Test Object's properties

2021-11-11 09:47:30 - [MESSAGE][INFO] - Checking timeout

2021-11-11 09:47:30 - [MESSAGE][INFO] - Finding web element with id: 'Object Repository/Popup/Popup' located by 'By.cssSelector: .bootbox-body' in '10' second(s)

2021-11-11 09:47:30 - [MESSAGE][INFO] - Smart Wait Function is triggered

2021-11-11 09:47:30 - [MESSAGE][INFO] - Found 1 web elements with id: 'Object Repository/Popup/Popup' located by 'By.cssSelector: .bootbox-body' in '10' second(s)

2021-11-11 09:47:30 - [MESSAGE][PASSED] - Object 'Object Repository/Popup/Popup' is visible

2021-11-11 09:47:30 - [TEST_STEP][PASSED] - if (!(getText(findTestObject("Popup/Popup")).contains(Mesaj))): Text of object 'Object Repository/Popup/Popup' is: 'Lütfen rapor bildiriminin gönderileceği e-posta adresini belirtiniz.
e-Posta Adresi'

2021-11-11 09:47:30 - [MESSAGE][INFO] - Finding Test Object 'Object Repository/Popup/Popup'

2021-11-11 09:47:31 - [MESSAGE][INFO] - Checking object

2021-11-11 09:47:31 - [MESSAGE][INFO] - Finding web element from Test Object's properties

2021-11-11 09:47:31 - [MESSAGE][INFO] - Checking timeout

2021-11-11 09:47:31 - [MESSAGE][INFO] - Finding web element with id: 'Object Repository/Popup/Popup' located by 'By.cssSelector: .bootbox-body' in '30' second(s)

2021-11-11 09:47:31 - [MESSAGE][INFO] - Smart Wait Function is triggered

2021-11-11 09:47:31 - [MESSAGE][INFO] - Found 1 web elements with id: 'Object Repository/Popup/Popup' located by 'By.cssSelector: .bootbox-body' in '30' second(s)

2021-11-11 09:47:31 - [MESSAGE][INFO] - Getting text of object 'Object Repository/Popup/Popup'

2021-11-11 09:47:31 - [MESSAGE][PASSED] - Text of object 'Object Repository/Popup/Popup' is: 'Lütfen rapor bildiriminin gönderileceği e-posta adresini belirtiniz.
e-Posta Adresi'

2021-11-11 09:47:31 - [TEST_STEP][PASSED] - RaporNo = getText(findTestObject("Popup/Popup")).substring(0, 6): Text of object 'Object Repository/Popup/Popup' is: 'Lütfen rapor bildiriminin gönderileceği e-posta adresini belirtiniz.
e-Posta Adresi'

2021-11-11 09:47:31 - [MESSAGE][INFO] - Finding Test Object 'Object Repository/Popup/Popup'

2021-11-11 09:47:31 - [MESSAGE][INFO] - Checking object

2021-11-11 09:47:31 - [MESSAGE][INFO] - Finding web element from Test Object's properties

2021-11-11 09:47:31 - [MESSAGE][INFO] - Checking timeout

2021-11-11 09:47:31 - [MESSAGE][INFO] - Finding web element with id: 'Object Repository/Popup/Popup' located by 'By.cssSelector: .bootbox-body' in '30' second(s)

2021-11-11 09:47:31 - [MESSAGE][INFO] - Smart Wait Function is triggered

2021-11-11 09:47:31 - [MESSAGE][INFO] - Found 1 web elements with id: 'Object Repository/Popup/Popup' located by 'By.cssSelector: .bootbox-body' in '30' second(s)

2021-11-11 09:47:31 - [MESSAGE][INFO] - Getting text of object 'Object Repository/Popup/Popup'

2021-11-11 09:47:31 - [MESSAGE][PASSED] - Text of object 'Object Repository/Popup/Popup' is: 'Lütfen rapor bildiriminin gönderileceği e-posta adresini belirtiniz.
e-Posta Adresi'

2021-11-11 09:47:31 - [TEST_STEP][PASSED] - Console.println(RaporNo): null

2021-11-11 09:47:31 - [MESSAGE][PASSED] - Call Test Case 'Test Cases/Popup/PopupMesajiIceriyorMu' successfully

2021-11-11 09:47:31 - [MESSAGE][INFO] - Checking called Test Case

2021-11-11 09:47:31 - [MESSAGE][INFO] - Starting to call Test Case 'Test Cases/Popup/PopupaEmailEklenir'

2021-11-11 09:47:31 - [TEST_CASE][PASSED] - Test Cases/Popup/PopupaEmailEklenir: Test Cases/Popup/PopupaEmailEklenir

2021-11-11 09:47:31 - [TEST_STEP][PASSED] - clearText(findTestObject("Popup/EmailText")): Text of object 'Object Repository/Popup/EmailText' is cleared

2021-11-11 09:47:31 - [MESSAGE][INFO] - Finding Test Object 'Object Repository/Popup/EmailText'

2021-11-11 09:47:31 - [MESSAGE][INFO] - Checking object

2021-11-11 09:47:31 - [MESSAGE][INFO] - Finding web element from Test Object's properties

2021-11-11 09:47:31 - [MESSAGE][INFO] - Checking timeout

2021-11-11 09:47:31 - [MESSAGE][INFO] - Finding web element with id: 'Object Repository/Popup/EmailText' located by 'By.xpath: //*[@id="eMails"]' in '30' second(s)

2021-11-11 09:47:31 - [MESSAGE][INFO] - Smart Wait Function is triggered

2021-11-11 09:47:32 - [MESSAGE][INFO] - Found 1 web elements with id: 'Object Repository/Popup/EmailText' located by 'By.xpath: //*[@id="eMails"]' in '30' second(s)

2021-11-11 09:47:32 - [MESSAGE][INFO] - Clearing text of object 'Object Repository/Popup/EmailText'

2021-11-11 09:47:32 - [MESSAGE][PASSED] - Text of object 'Object Repository/Popup/EmailText' is cleared

2021-11-11 09:47:32 - [TEST_STEP][PASSED] - sendKeys(findTestObject("Popup/EmailText"), Email): Keys 'elogotest@gmail.com;ali.kara@logo.com.tr' sent to object: 'Object Repository/Popup/EmailText'

2021-11-11 09:47:32 - [MESSAGE][INFO] - Finding Test Object 'Object Repository/Popup/EmailText'

2021-11-11 09:47:32 - [MESSAGE][INFO] - Sending keys 'elogotest@gmail.com;ali.kara@logo.com.tr' to object: 'Object Repository/Popup/EmailText'

2021-11-11 09:47:32 - [MESSAGE][INFO] - Finding web element from Test Object's properties

2021-11-11 09:47:32 - [MESSAGE][INFO] - Checking timeout

2021-11-11 09:47:32 - [MESSAGE][INFO] - Finding web element with id: 'Object Repository/Popup/EmailText' located by 'By.xpath: //*[@id="eMails"]' in '30' second(s)

2021-11-11 09:47:32 - [MESSAGE][INFO] - Smart Wait Function is triggered

2021-11-11 09:47:32 - [MESSAGE][INFO] - Found 1 web elements with id: 'Object Repository/Popup/EmailText' located by 'By.xpath: //*[@id="eMails"]' in '30' second(s)

2021-11-11 09:47:32 - [MESSAGE][PASSED] - Keys 'elogotest@gmail.com;ali.kara@logo.com.tr' sent to object: 'Object Repository/Popup/EmailText'

2021-11-11 09:47:32 - [MESSAGE][PASSED] - Call Test Case 'Test Cases/Popup/PopupaEmailEklenir' successfully

2021-11-11 09:47:32 - [MESSAGE][INFO] - Checking called Test Case

2021-11-11 09:47:32 - [MESSAGE][INFO] - Starting to call Test Case 'Test Cases/Popup/PopupButonSecilir'

2021-11-11 09:47:32 - [TEST_CASE][PASSED] - Test Cases/Popup/PopupButonSecilir: Test Cases/Popup/PopupButonSecilir

2021-11-11 09:47:32 - [TEST_STEP][PASSED] - Method.TextDegerineEsitElementeTikla(findTestObject("Popup/Popup_Butons"), Buton): Method.TextDegerineEsitElementeTikla is PASSED

2021-11-11 09:47:32 - [MESSAGE][INFO] - Finding Test Object 'Object Repository/Popup/Popup_Butons'

2021-11-11 09:47:32 - [MESSAGE][INFO] - Checking timeout

2021-11-11 09:47:32 - [MESSAGE][INFO] - Finding web element with id: 'Object Repository/Popup/Popup_Butons' located by 'By.cssSelector: .modal-footer>button' in '10' second(s)

2021-11-11 09:47:32 - [MESSAGE][INFO] - Smart Wait Function is triggered

2021-11-11 09:47:33 - [MESSAGE][INFO] - Found 2 web elements with id: 'Object Repository/Popup/Popup_Butons' located by 'By.cssSelector: .modal-footer>button' in '10' second(s)

2021-11-11 09:47:33 - [MESSAGE][PASSED] - Method.TextDegerineEsitElementeTikla is PASSED

2021-11-11 09:47:33 - [MESSAGE][PASSED] - Call Test Case 'Test Cases/Popup/PopupButonSecilir' successfully

2021-11-11 09:47:33 - [MESSAGE][INFO] - Checking called Test Case

2021-11-11 09:47:33 - [MESSAGE][INFO] - Starting to call Test Case 'Test Cases/Popup/PopupMesajiIceriyorMu'

2021-11-11 09:47:33 - [TEST_CASE][PASSED] - Test Cases/Popup/PopupMesajiIceriyorMu: Test Cases/Popup/PopupMesajiIceriyorMu

2021-11-11 09:47:33 - [TEST_STEP][PASSED] - waitForElementVisible(findTestObject("Popup/Popup"), 10): Object 'Object Repository/Popup/Popup' is visible

2021-11-11 09:47:33 - [MESSAGE][INFO] - Finding Test Object 'Object Repository/Popup/Popup'

2021-11-11 09:47:33 - [MESSAGE][INFO] - Checking object

2021-11-11 09:47:33 - [MESSAGE][INFO] - Checking timeout

2021-11-11 09:47:33 - [MESSAGE][INFO] - Finding web element from Test Object's properties

2021-11-11 09:47:33 - [MESSAGE][INFO] - Checking timeout

2021-11-11 09:47:33 - [MESSAGE][INFO] - Finding web element with id: 'Object Repository/Popup/Popup' located by 'By.cssSelector: .bootbox-body' in '10' second(s)

2021-11-11 09:47:33 - [MESSAGE][INFO] - Smart Wait Function is triggered

2021-11-11 09:47:34 - [MESSAGE][INFO] - Found 1 web elements with id: 'Object Repository/Popup/Popup' located by 'By.cssSelector: .bootbox-body' in '10' second(s)

2021-11-11 09:47:34 - [MESSAGE][PASSED] - Object 'Object Repository/Popup/Popup' is visible

2021-11-11 09:47:34 - [TEST_STEP][PASSED] - if (!(getText(findTestObject("Popup/Popup")).contains(Mesaj))): Text of object 'Object Repository/Popup/Popup' is: '16281 no’lu talebiniz işleme alınmıştır. Raporunuz hazırlandığında (elogotest@gmail.com;ali.kara@logo.com.tr) adresinize mail gönderilecektir.
Rapor durumunuzu Raporlar > Toplu Veri İndirme ekranından takip edebilir, hazırlandı durumundaki raporlarınızı ilgili menüden indirebilirsiniz.'

2021-11-11 09:47:34 - [MESSAGE][INFO] - Finding Test Object 'Object Repository/Popup/Popup'

2021-11-11 09:47:34 - [MESSAGE][INFO] - Checking object

2021-11-11 09:47:34 - [MESSAGE][INFO] - Finding web element from Test Object's properties

2021-11-11 09:47:34 - [MESSAGE][INFO] - Checking timeout

2021-11-11 09:47:34 - [MESSAGE][INFO] - Finding web element with id: 'Object Repository/Popup/Popup' located by 'By.cssSelector: .bootbox-body' in '30' second(s)

2021-11-11 09:47:34 - [MESSAGE][INFO] - Smart Wait Function is triggered

2021-11-11 09:47:34 - [MESSAGE][INFO] - Found 1 web elements with id: 'Object Repository/Popup/Popup' located by 'By.cssSelector: .bootbox-body' in '30' second(s)

2021-11-11 09:47:34 - [MESSAGE][INFO] - Getting text of object 'Object Repository/Popup/Popup'

2021-11-11 09:47:34 - [MESSAGE][PASSED] - Text of object 'Object Repository/Popup/Popup' is: '16281 no’lu talebiniz işleme alınmıştır. Raporunuz hazırlandığında (elogotest@gmail.com;ali.kara@logo.com.tr) adresinize mail gönderilecektir.
Rapor durumunuzu Raporlar > Toplu Veri İndirme ekranından takip edebilir, hazırlandı durumundaki raporlarınızı ilgili menüden indirebilirsiniz.'

2021-11-11 09:47:34 - [TEST_STEP][PASSED] - RaporNo = getText(findTestObject("Popup/Popup")).substring(0, 6): Text of object 'Object Repository/Popup/Popup' is: '16281 no’lu talebiniz işleme alınmıştır. Raporunuz hazırlandığında (elogotest@gmail.com;ali.kara@logo.com.tr) adresinize mail gönderilecektir.
Rapor durumunuzu Raporlar > Toplu Veri İndirme ekranından takip edebilir, hazırlandı durumundaki raporlarınızı ilgili menüden indirebilirsiniz.'

2021-11-11 09:47:34 - [MESSAGE][INFO] - Finding Test Object 'Object Repository/Popup/Popup'

2021-11-11 09:47:34 - [MESSAGE][INFO] - Checking object

2021-11-11 09:47:34 - [MESSAGE][INFO] - Finding web element from Test Object's properties

2021-11-11 09:47:34 - [MESSAGE][INFO] - Checking timeout

2021-11-11 09:47:34 - [MESSAGE][INFO] - Finding web element with id: 'Object Repository/Popup/Popup' located by 'By.cssSelector: .bootbox-body' in '30' second(s)

2021-11-11 09:47:34 - [MESSAGE][INFO] - Smart Wait Function is triggered

2021-11-11 09:47:34 - [MESSAGE][INFO] - Found 1 web elements with id: 'Object Repository/Popup/Popup' located by 'By.cssSelector: .bootbox-body' in '30' second(s)

2021-11-11 09:47:34 - [MESSAGE][INFO] - Getting text of object 'Object Repository/Popup/Popup'

2021-11-11 09:47:34 - [MESSAGE][PASSED] - Text of object 'Object Repository/Popup/Popup' is: '16281 no’lu talebiniz işleme alınmıştır. Raporunuz hazırlandığında (elogotest@gmail.com;ali.kara@logo.com.tr) adresinize mail gönderilecektir.
Rapor durumunuzu Raporlar > Toplu Veri İndirme ekranından takip edebilir, hazırlandı durumundaki raporlarınızı ilgili menüden indirebilirsiniz.'

2021-11-11 09:47:34 - [TEST_STEP][PASSED] - Console.println(RaporNo): null

2021-11-11 09:47:34 - [MESSAGE][PASSED] - Call Test Case 'Test Cases/Popup/PopupMesajiIceriyorMu' successfully

2021-11-11 09:47:34 - [MESSAGE][INFO] - Checking called Test Case

2021-11-11 09:47:34 - [MESSAGE][INFO] - Starting to call Test Case 'Test Cases/Popup/PopupButonSecilir'

2021-11-11 09:47:34 - [TEST_CASE][PASSED] - Test Cases/Popup/PopupButonSecilir: Test Cases/Popup/PopupButonSecilir

2021-11-11 09:47:34 - [TEST_STEP][PASSED] - Method.TextDegerineEsitElementeTikla(findTestObject("Popup/Popup_Butons"), Buton): Method.TextDegerineEsitElementeTikla is PASSED

2021-11-11 09:47:34 - [MESSAGE][INFO] - Finding Test Object 'Object Repository/Popup/Popup_Butons'

2021-11-11 09:47:34 - [MESSAGE][INFO] - Checking timeout

2021-11-11 09:47:34 - [MESSAGE][INFO] - Finding web element with id: 'Object Repository/Popup/Popup_Butons' located by 'By.cssSelector: .modal-footer>button' in '10' second(s)

2021-11-11 09:47:34 - [MESSAGE][INFO] - Smart Wait Function is triggered

2021-11-11 09:47:35 - [MESSAGE][INFO] - Found 1 web elements with id: 'Object Repository/Popup/Popup_Butons' located by 'By.cssSelector: .modal-footer>button' in '10' second(s)

2021-11-11 09:47:35 - [MESSAGE][PASSED] - Method.TextDegerineEsitElementeTikla is PASSED

2021-11-11 09:47:35 - [MESSAGE][PASSED] - Call Test Case 'Test Cases/Popup/PopupButonSecilir' successfully

2021-11-11 09:47:35 - [MESSAGE][INFO] - Checking called Test Case

2021-11-11 09:47:35 - [MESSAGE][INFO] - Starting to call Test Case 'Test Cases/Butonlar/ButonaTikla'

2021-11-11 09:47:35 - [TEST_CASE][PASSED] - Test Cases/Butonlar/ButonaTikla: Test Cases/Butonlar/ButonaTikla

2021-11-11 09:47:35 - [TEST_STEP][PASSED] - Method.TextDegerineEsitElementeTiklaEquals(findTestObject("Butonlar/Butonlar"), Buton_Adi): Method.TextDegerineEsitElementeTiklaEquals is PASSED

2021-11-11 09:47:35 - [MESSAGE][INFO] - Finding Test Object 'Object Repository/Butonlar/Butonlar'

2021-11-11 09:47:35 - [MESSAGE][INFO] - Checking timeout

2021-11-11 09:47:35 - [MESSAGE][INFO] - Finding web element with id: 'Object Repository/Butonlar/Butonlar' located by 'By.cssSelector: .panel.panel-default.text-center.footerPanel .btn,.btn.btn-primary.btnControls' in '10' second(s)

2021-11-11 09:47:35 - [MESSAGE][INFO] - Smart Wait Function is triggered

2021-11-11 09:47:36 - [MESSAGE][INFO] - Found 6 web elements with id: 'Object Repository/Butonlar/Butonlar' located by 'By.cssSelector: .panel.panel-default.text-center.footerPanel .btn,.btn.btn-primary.btnControls' in '10' second(s)

2021-11-11 09:47:36 - [MESSAGE][PASSED] - Method.TextDegerineEsitElementeTiklaEquals is PASSED

2021-11-11 09:47:36 - [MESSAGE][PASSED] - Call Test Case 'Test Cases/Butonlar/ButonaTikla' successfully

2021-11-11 09:47:36 - [MESSAGE][INFO] - Checking called Test Case

2021-11-11 09:47:36 - [MESSAGE][INFO] - Starting to call Test Case 'Test Cases/Butonlar/AltButonaTikla'

2021-11-11 09:47:36 - [TEST_CASE][PASSED] - Test Cases/Butonlar/AltButonaTikla: Test Cases/Butonlar/AltButonaTikla

2021-11-11 09:47:36 - [TEST_STEP][PASSED] - Method.TextDegerineEsitElementeTikla(findTestObject("Butonlar/AltButonlar"), Alt_Buton): Method.TextDegerineEsitElementeTikla is PASSED

2021-11-11 09:47:36 - [MESSAGE][INFO] - Finding Test Object 'Object Repository/Butonlar/AltButonlar'

2021-11-11 09:47:36 - [MESSAGE][INFO] - Checking timeout

2021-11-11 09:47:36 - [MESSAGE][INFO] - Finding web element with id: 'Object Repository/Butonlar/AltButonlar' located by 'By.cssSelector: .btn-group.open li>a' in '10' second(s)

2021-11-11 09:47:36 - [MESSAGE][INFO] - Smart Wait Function is triggered

2021-11-11 09:47:36 - [MESSAGE][INFO] - Found 2 web elements with id: 'Object Repository/Butonlar/AltButonlar' located by 'By.cssSelector: .btn-group.open li>a' in '10' second(s)

2021-11-11 09:47:36 - [MESSAGE][PASSED] - Method.TextDegerineEsitElementeTikla is PASSED

2021-11-11 09:47:36 - [MESSAGE][PASSED] - Call Test Case 'Test Cases/Butonlar/AltButonaTikla' successfully

2021-11-11 09:47:36 - [MESSAGE][INFO] - Checking called Test Case

2021-11-11 09:47:36 - [MESSAGE][INFO] - Starting to call Test Case 'Test Cases/Popup/PopupMesajiIceriyorMu'

2021-11-11 09:47:36 - [TEST_CASE][PASSED] - Test Cases/Popup/PopupMesajiIceriyorMu: Test Cases/Popup/PopupMesajiIceriyorMu

2021-11-11 09:47:36 - [TEST_STEP][PASSED] - waitForElementVisible(findTestObject("Popup/Popup"), 10): Object 'Object Repository/Popup/Popup' is visible

2021-11-11 09:47:36 - [MESSAGE][INFO] - Finding Test Object 'Object Repository/Popup/Popup'

2021-11-11 09:47:36 - [MESSAGE][INFO] - Checking object

2021-11-11 09:47:36 - [MESSAGE][INFO] - Checking timeout

2021-11-11 09:47:36 - [MESSAGE][INFO] - Finding web element from Test Object's properties

2021-11-11 09:47:36 - [MESSAGE][INFO] - Checking timeout

2021-11-11 09:47:36 - [MESSAGE][INFO] - Finding web element with id: 'Object Repository/Popup/Popup' located by 'By.cssSelector: .bootbox-body' in '10' second(s)

2021-11-11 09:47:36 - [MESSAGE][INFO] - Smart Wait Function is triggered

2021-11-11 09:47:37 - [MESSAGE][INFO] - Found 1 web elements with id: 'Object Repository/Popup/Popup' located by 'By.cssSelector: .bootbox-body' in '10' second(s)

2021-11-11 09:47:37 - [MESSAGE][PASSED] - Object 'Object Repository/Popup/Popup' is visible

2021-11-11 09:47:37 - [TEST_STEP][PASSED] - if (!(getText(findTestObject("Popup/Popup")).contains(Mesaj))): Text of object 'Object Repository/Popup/Popup' is: 'Lütfen rapor bildiriminin gönderileceği e-posta adresini belirtiniz.
e-Posta Adresi'

2021-11-11 09:47:37 - [MESSAGE][INFO] - Finding Test Object 'Object Repository/Popup/Popup'

2021-11-11 09:47:37 - [MESSAGE][INFO] - Checking object

2021-11-11 09:47:37 - [MESSAGE][INFO] - Finding web element from Test Object's properties

2021-11-11 09:47:37 - [MESSAGE][INFO] - Checking timeout

2021-11-11 09:47:37 - [MESSAGE][INFO] - Finding web element with id: 'Object Repository/Popup/Popup' located by 'By.cssSelector: .bootbox-body' in '30' second(s)

2021-11-11 09:47:37 - [MESSAGE][INFO] - Smart Wait Function is triggered

2021-11-11 09:47:37 - [MESSAGE][INFO] - Found 1 web elements with id: 'Object Repository/Popup/Popup' located by 'By.cssSelector: .bootbox-body' in '30' second(s)

2021-11-11 09:47:37 - [MESSAGE][INFO] - Getting text of object 'Object Repository/Popup/Popup'

2021-11-11 09:47:37 - [MESSAGE][PASSED] - Text of object 'Object Repository/Popup/Popup' is: 'Lütfen rapor bildiriminin gönderileceği e-posta adresini belirtiniz.
e-Posta Adresi'

2021-11-11 09:47:37 - [TEST_STEP][PASSED] - RaporNo = getText(findTestObject("Popup/Popup")).substring(0, 6): Text of object 'Object Repository/Popup/Popup' is: 'Lütfen rapor bildiriminin gönderileceği e-posta adresini belirtiniz.
e-Posta Adresi'

2021-11-11 09:47:37 - [MESSAGE][INFO] - Finding Test Object 'Object Repository/Popup/Popup'

2021-11-11 09:47:37 - [MESSAGE][INFO] - Checking object

2021-11-11 09:47:37 - [MESSAGE][INFO] - Finding web element from Test Object's properties

2021-11-11 09:47:37 - [MESSAGE][INFO] - Checking timeout

2021-11-11 09:47:37 - [MESSAGE][INFO] - Finding web element with id: 'Object Repository/Popup/Popup' located by 'By.cssSelector: .bootbox-body' in '30' second(s)

2021-11-11 09:47:37 - [MESSAGE][INFO] - Smart Wait Function is triggered

2021-11-11 09:47:38 - [MESSAGE][INFO] - Found 1 web elements with id: 'Object Repository/Popup/Popup' located by 'By.cssSelector: .bootbox-body' in '30' second(s)

2021-11-11 09:47:38 - [MESSAGE][INFO] - Getting text of object 'Object Repository/Popup/Popup'

2021-11-11 09:47:38 - [MESSAGE][PASSED] - Text of object 'Object Repository/Popup/Popup' is: 'Lütfen rapor bildiriminin gönderileceği e-posta adresini belirtiniz.
e-Posta Adresi'

2021-11-11 09:47:38 - [TEST_STEP][PASSED] - Console.println(RaporNo): null

2021-11-11 09:47:38 - [MESSAGE][PASSED] - Call Test Case 'Test Cases/Popup/PopupMesajiIceriyorMu' successfully

2021-11-11 09:47:38 - [MESSAGE][INFO] - Checking called Test Case

2021-11-11 09:47:38 - [MESSAGE][INFO] - Starting to call Test Case 'Test Cases/Popup/PopupaEmailEklenir'

2021-11-11 09:47:38 - [TEST_CASE][PASSED] - Test Cases/Popup/PopupaEmailEklenir: Test Cases/Popup/PopupaEmailEklenir

2021-11-11 09:47:38 - [TEST_STEP][PASSED] - clearText(findTestObject("Popup/EmailText")): Text of object 'Object Repository/Popup/EmailText' is cleared

2021-11-11 09:47:38 - [MESSAGE][INFO] - Finding Test Object 'Object Repository/Popup/EmailText'

2021-11-11 09:47:38 - [MESSAGE][INFO] - Checking object

2021-11-11 09:47:38 - [MESSAGE][INFO] - Finding web element from Test Object's properties

2021-11-11 09:47:38 - [MESSAGE][INFO] - Checking timeout

2021-11-11 09:47:38 - [MESSAGE][INFO] - Finding web element with id: 'Object Repository/Popup/EmailText' located by 'By.xpath: //*[@id="eMails"]' in '30' second(s)

2021-11-11 09:47:38 - [MESSAGE][INFO] - Smart Wait Function is triggered

2021-11-11 09:47:38 - [MESSAGE][INFO] - Found 1 web elements with id: 'Object Repository/Popup/EmailText' located by 'By.xpath: //*[@id="eMails"]' in '30' second(s)

2021-11-11 09:47:38 - [MESSAGE][INFO] - Clearing text of object 'Object Repository/Popup/EmailText'

2021-11-11 09:47:38 - [MESSAGE][PASSED] - Text of object 'Object Repository/Popup/EmailText' is cleared

2021-11-11 09:47:38 - [TEST_STEP][PASSED] - sendKeys(findTestObject("Popup/EmailText"), Email): Keys 'elogotest@gmail.com;ali.kara@logo.com.tr' sent to object: 'Object Repository/Popup/EmailText'

2021-11-11 09:47:38 - [MESSAGE][INFO] - Finding Test Object 'Object Repository/Popup/EmailText'

2021-11-11 09:47:38 - [MESSAGE][INFO] - Sending keys 'elogotest@gmail.com;ali.kara@logo.com.tr' to object: 'Object Repository/Popup/EmailText'

2021-11-11 09:47:38 - [MESSAGE][INFO] - Finding web element from Test Object's properties

2021-11-11 09:47:38 - [MESSAGE][INFO] - Checking timeout

2021-11-11 09:47:38 - [MESSAGE][INFO] - Finding web element with id: 'Object Repository/Popup/EmailText' located by 'By.xpath: //*[@id="eMails"]' in '30' second(s)

2021-11-11 09:47:38 - [MESSAGE][INFO] - Smart Wait Function is triggered

2021-11-11 09:47:39 - [MESSAGE][INFO] - Found 1 web elements with id: 'Object Repository/Popup/EmailText' located by 'By.xpath: //*[@id="eMails"]' in '30' second(s)

2021-11-11 09:47:39 - [MESSAGE][PASSED] - Keys 'elogotest@gmail.com;ali.kara@logo.com.tr' sent to object: 'Object Repository/Popup/EmailText'

2021-11-11 09:47:39 - [MESSAGE][PASSED] - Call Test Case 'Test Cases/Popup/PopupaEmailEklenir' successfully

2021-11-11 09:47:39 - [MESSAGE][INFO] - Checking called Test Case

2021-11-11 09:47:39 - [MESSAGE][INFO] - Starting to call Test Case 'Test Cases/Popup/PopupButonSecilir'

2021-11-11 09:47:39 - [TEST_CASE][PASSED] - Test Cases/Popup/PopupButonSecilir: Test Cases/Popup/PopupButonSecilir

2021-11-11 09:47:39 - [TEST_STEP][PASSED] - Method.TextDegerineEsitElementeTikla(findTestObject("Popup/Popup_Butons"), Buton): Method.TextDegerineEsitElementeTikla is PASSED

2021-11-11 09:47:39 - [MESSAGE][INFO] - Finding Test Object 'Object Repository/Popup/Popup_Butons'

2021-11-11 09:47:39 - [MESSAGE][INFO] - Checking timeout

2021-11-11 09:47:39 - [MESSAGE][INFO] - Finding web element with id: 'Object Repository/Popup/Popup_Butons' located by 'By.cssSelector: .modal-footer>button' in '10' second(s)

2021-11-11 09:47:39 - [MESSAGE][INFO] - Smart Wait Function is triggered

2021-11-11 09:47:39 - [MESSAGE][INFO] - Found 2 web elements with id: 'Object Repository/Popup/Popup_Butons' located by 'By.cssSelector: .modal-footer>button' in '10' second(s)

2021-11-11 09:47:39 - [MESSAGE][PASSED] - Method.TextDegerineEsitElementeTikla is PASSED

2021-11-11 09:47:39 - [MESSAGE][PASSED] - Call Test Case 'Test Cases/Popup/PopupButonSecilir' successfully

2021-11-11 09:47:39 - [MESSAGE][INFO] - Checking called Test Case

2021-11-11 09:47:39 - [MESSAGE][INFO] - Starting to call Test Case 'Test Cases/Popup/PopupMesajiIceriyorMu'

2021-11-11 09:47:39 - [TEST_CASE][PASSED] - Test Cases/Popup/PopupMesajiIceriyorMu: Test Cases/Popup/PopupMesajiIceriyorMu

2021-11-11 09:47:39 - [TEST_STEP][PASSED] - waitForElementVisible(findTestObject("Popup/Popup"), 10): Object 'Object Repository/Popup/Popup' is visible

2021-11-11 09:47:39 - [MESSAGE][INFO] - Finding Test Object 'Object Repository/Popup/Popup'

2021-11-11 09:47:39 - [MESSAGE][INFO] - Checking object

2021-11-11 09:47:39 - [MESSAGE][INFO] - Checking timeout

2021-11-11 09:47:39 - [MESSAGE][INFO] - Finding web element from Test Object's properties

2021-11-11 09:47:39 - [MESSAGE][INFO] - Checking timeout

2021-11-11 09:47:39 - [MESSAGE][INFO] - Finding web element with id: 'Object Repository/Popup/Popup' located by 'By.cssSelector: .bootbox-body' in '10' second(s)

2021-11-11 09:47:39 - [MESSAGE][INFO] - Smart Wait Function is triggered

2021-11-11 09:47:40 - [MESSAGE][INFO] - Found 1 web elements with id: 'Object Repository/Popup/Popup' located by 'By.cssSelector: .bootbox-body' in '10' second(s)

2021-11-11 09:47:40 - [MESSAGE][PASSED] - Object 'Object Repository/Popup/Popup' is visible

2021-11-11 09:47:40 - [TEST_STEP][PASSED] - if (!(getText(findTestObject("Popup/Popup")).contains(Mesaj))): Text of object 'Object Repository/Popup/Popup' is: '16282 no’lu talebiniz işleme alınmıştır. Raporunuz hazırlandığında (elogotest@gmail.com;ali.kara@logo.com.tr) adresinize mail gönderilecektir.
Rapor durumunuzu Raporlar > Toplu Veri İndirme ekranından takip edebilir, hazırlandı durumundaki raporlarınızı ilgili menüden indirebilirsiniz.'

2021-11-11 09:47:40 - [MESSAGE][INFO] - Finding Test Object 'Object Repository/Popup/Popup'

2021-11-11 09:47:40 - [MESSAGE][INFO] - Checking object

2021-11-11 09:47:40 - [MESSAGE][INFO] - Finding web element from Test Object's properties

2021-11-11 09:47:40 - [MESSAGE][INFO] - Checking timeout

2021-11-11 09:47:40 - [MESSAGE][INFO] - Finding web element with id: 'Object Repository/Popup/Popup' located by 'By.cssSelector: .bootbox-body' in '30' second(s)

2021-11-11 09:47:40 - [MESSAGE][INFO] - Smart Wait Function is triggered

2021-11-11 09:47:40 - [MESSAGE][INFO] - Found 1 web elements with id: 'Object Repository/Popup/Popup' located by 'By.cssSelector: .bootbox-body' in '30' second(s)

2021-11-11 09:47:40 - [MESSAGE][INFO] - Getting text of object 'Object Repository/Popup/Popup'

2021-11-11 09:47:40 - [MESSAGE][PASSED] - Text of object 'Object Repository/Popup/Popup' is: '16282 no’lu talebiniz işleme alınmıştır. Raporunuz hazırlandığında (elogotest@gmail.com;ali.kara@logo.com.tr) adresinize mail gönderilecektir.
Rapor durumunuzu Raporlar > Toplu Veri İndirme ekranından takip edebilir, hazırlandı durumundaki raporlarınızı ilgili menüden indirebilirsiniz.'

2021-11-11 09:47:40 - [TEST_STEP][PASSED] - RaporNo = getText(findTestObject("Popup/Popup")).substring(0, 6): Text of object 'Object Repository/Popup/Popup' is: '16282 no’lu talebiniz işleme alınmıştır. Raporunuz hazırlandığında (elogotest@gmail.com;ali.kara@logo.com.tr) adresinize mail gönderilecektir.
Rapor durumunuzu Raporlar > Toplu Veri İndirme ekranından takip edebilir, hazırlandı durumundaki raporlarınızı ilgili menüden indirebilirsiniz.'

2021-11-11 09:47:40 - [MESSAGE][INFO] - Finding Test Object 'Object Repository/Popup/Popup'

2021-11-11 09:47:41 - [MESSAGE][INFO] - Checking object

2021-11-11 09:47:41 - [MESSAGE][INFO] - Finding web element from Test Object's properties

2021-11-11 09:47:41 - [MESSAGE][INFO] - Checking timeout

2021-11-11 09:47:41 - [MESSAGE][INFO] - Finding web element with id: 'Object Repository/Popup/Popup' located by 'By.cssSelector: .bootbox-body' in '30' second(s)

2021-11-11 09:47:41 - [MESSAGE][INFO] - Smart Wait Function is triggered

2021-11-11 09:47:41 - [MESSAGE][INFO] - Found 1 web elements with id: 'Object Repository/Popup/Popup' located by 'By.cssSelector: .bootbox-body' in '30' second(s)

2021-11-11 09:47:41 - [MESSAGE][INFO] - Getting text of object 'Object Repository/Popup/Popup'

2021-11-11 09:47:41 - [MESSAGE][PASSED] - Text of object 'Object Repository/Popup/Popup' is: '16282 no’lu talebiniz işleme alınmıştır. Raporunuz hazırlandığında (elogotest@gmail.com;ali.kara@logo.com.tr) adresinize mail gönderilecektir.
Rapor durumunuzu Raporlar > Toplu Veri İndirme ekranından takip edebilir, hazırlandı durumundaki raporlarınızı ilgili menüden indirebilirsiniz.'

2021-11-11 09:47:41 - [TEST_STEP][PASSED] - Console.println(RaporNo): null

2021-11-11 09:47:41 - [MESSAGE][PASSED] - Call Test Case 'Test Cases/Popup/PopupMesajiIceriyorMu' successfully

2021-11-11 09:47:41 - [MESSAGE][INFO] - Checking called Test Case

2021-11-11 09:47:41 - [MESSAGE][INFO] - Starting to call Test Case 'Test Cases/Popup/PopupButonSecilir'

2021-11-11 09:47:41 - [TEST_CASE][PASSED] - Test Cases/Popup/PopupButonSecilir: Test Cases/Popup/PopupButonSecilir

2021-11-11 09:47:41 - [TEST_STEP][PASSED] - Method.TextDegerineEsitElementeTikla(findTestObject("Popup/Popup_Butons"), Buton): Method.TextDegerineEsitElementeTikla is PASSED

2021-11-11 09:47:41 - [MESSAGE][INFO] - Finding Test Object 'Object Repository/Popup/Popup_Butons'

2021-11-11 09:47:41 - [MESSAGE][INFO] - Checking timeout

2021-11-11 09:47:41 - [MESSAGE][INFO] - Finding web element with id: 'Object Repository/Popup/Popup_Butons' located by 'By.cssSelector: .modal-footer>button' in '10' second(s)

2021-11-11 09:47:41 - [MESSAGE][INFO] - Smart Wait Function is triggered

2021-11-11 09:47:41 - [MESSAGE][INFO] - Found 1 web elements with id: 'Object Repository/Popup/Popup_Butons' located by 'By.cssSelector: .modal-footer>button' in '10' second(s)

2021-11-11 09:47:41 - [MESSAGE][PASSED] - Method.TextDegerineEsitElementeTikla is PASSED

2021-11-11 09:47:41 - [MESSAGE][PASSED] - Call Test Case 'Test Cases/Popup/PopupButonSecilir' successfully

2021-11-11 09:47:41 - [MESSAGE][INFO] - Checking called Test Case

2021-11-11 09:47:41 - [MESSAGE][INFO] - Starting to call Test Case 'Test Cases/Menu/AnaMenuSecimi'

2021-11-11 09:47:41 - [TEST_CASE][PASSED] - Test Cases/Menu/AnaMenuSecimi: Test Cases/Menu/AnaMenuSecimi

2021-11-11 09:47:41 - [TEST_STEP][PASSED] - Method.TextDegerineEsitElementeTikla(findTestObject("Menu/Ana_Menu"), Ana_Menu): Method.TextDegerineEsitElementeTikla is PASSED

2021-11-11 09:47:41 - [MESSAGE][INFO] - Finding Test Object 'Object Repository/Menu/Ana_Menu'

2021-11-11 09:47:41 - [MESSAGE][INFO] - Checking timeout

2021-11-11 09:47:41 - [MESSAGE][INFO] - Finding web element with id: 'Object Repository/Menu/Ana_Menu' located by 'By.xpath: //*[@class = 'dropdown-toggle']' in '10' second(s)

2021-11-11 09:47:41 - [MESSAGE][INFO] - Smart Wait Function is triggered

2021-11-11 09:47:42 - [MESSAGE][INFO] - Found 14 web elements with id: 'Object Repository/Menu/Ana_Menu' located by 'By.xpath: //*[@class = 'dropdown-toggle']' in '10' second(s)

2021-11-11 09:47:42 - [MESSAGE][PASSED] - Method.TextDegerineEsitElementeTikla is PASSED

2021-11-11 09:47:42 - [MESSAGE][PASSED] - Call Test Case 'Test Cases/Menu/AnaMenuSecimi' successfully

2021-11-11 09:47:42 - [MESSAGE][INFO] - Checking called Test Case

2021-11-11 09:47:42 - [MESSAGE][INFO] - Starting to call Test Case 'Test Cases/Menu/AltMenuSecimi'

2021-11-11 09:47:42 - [TEST_CASE][PASSED] - Test Cases/Menu/AltMenuSecimi: Test Cases/Menu/AltMenuSecimi

2021-11-11 09:47:42 - [TEST_STEP][PASSED] - Method.TextDegerineEsitElementeTikla(findTestObject("Menu/Alt_Menu"), Alt_Menu): Method.TextDegerineEsitElementeTikla is PASSED

2021-11-11 09:47:42 - [MESSAGE][INFO] - Finding Test Object 'Object Repository/Menu/Alt_Menu'

2021-11-11 09:47:42 - [MESSAGE][INFO] - Checking timeout

2021-11-11 09:47:42 - [MESSAGE][INFO] - Finding web element with id: 'Object Repository/Menu/Alt_Menu' located by 'By.xpath: //li[@class='dropdown dropdown-large open']//li[@class='dropdown-element']' in '10' second(s)

2021-11-11 09:47:42 - [MESSAGE][INFO] - Smart Wait Function is triggered

2021-11-11 09:47:43 - [MESSAGE][INFO] - Found 9 web elements with id: 'Object Repository/Menu/Alt_Menu' located by 'By.xpath: //li[@class='dropdown dropdown-large open']//li[@class='dropdown-element']' in '10' second(s)

2021-11-11 09:47:43 - [MESSAGE][PASSED] - Method.TextDegerineEsitElementeTikla is PASSED

2021-11-11 09:47:43 - [MESSAGE][PASSED] - Call Test Case 'Test Cases/Menu/AltMenuSecimi' successfully

2021-11-11 09:47:43 - [MESSAGE][INFO] - Checking called Test Case

2021-11-11 09:47:43 - [MESSAGE][INFO] - Starting to call Test Case 'Test Cases/Filtreler/RaporNoYaz'

2021-11-11 09:47:44 - [TEST_CASE][PASSED] - Test Cases/Filtreler/RaporNoYaz: Test Cases/Filtreler/RaporNoYaz

2021-11-11 09:47:44 - [TEST_STEP][PASSED] - Method.TextDegerineEsitElementinAltindakiTextboxtaYaz(findTestObject("Filtreler/Basliklar"), findTestObject("Filtreler/Basliga_Gore_Textbox"), "Talep No", RaporNo): Method.TextDegerineEsitElementinAltindakiTextboxtaYaz is PASSED

2021-11-11 09:47:44 - [MESSAGE][INFO] - Finding Test Object 'Object Repository/Filtreler/Basliklar'

2021-11-11 09:47:44 - [MESSAGE][INFO] - Finding Test Object 'Object Repository/Filtreler/Basliga_Gore_Textbox'

2021-11-11 09:47:44 - [MESSAGE][INFO] - Checking timeout

2021-11-11 09:47:44 - [MESSAGE][INFO] - Finding web element with id: 'Object Repository/Filtreler/Basliklar' located by 'By.cssSelector: .control-label.col-sm-4.paddingMarginRLC' in '10' second(s)

2021-11-11 09:47:44 - [MESSAGE][INFO] - Smart Wait Function is triggered

2021-11-11 09:47:44 - [MESSAGE][INFO] - Found 8 web elements with id: 'Object Repository/Filtreler/Basliklar' located by 'By.cssSelector: .control-label.col-sm-4.paddingMarginRLC' in '10' second(s)

2021-11-11 09:47:44 - [MESSAGE][INFO] - Smart Wait Function is triggered

2021-11-11 09:47:44 - [MESSAGE][PASSED] - Method.TextDegerineEsitElementinAltindakiTextboxtaYaz is PASSED

2021-11-11 09:47:44 - [MESSAGE][PASSED] - Call Test Case 'Test Cases/Filtreler/RaporNoYaz' successfully

2021-11-11 09:47:44 - [MESSAGE][INFO] - Checking called Test Case

2021-11-11 09:47:44 - [MESSAGE][INFO] - Starting to call Test Case 'Test Cases/Filtreler/ButonaTikla'

2021-11-11 09:47:44 - [TEST_CASE][PASSED] - Test Cases/Filtreler/ButonaTikla: Test Cases/Filtreler/ButonaTikla

2021-11-11 09:47:44 - [TEST_STEP][PASSED] - Method.TextDegerineEsitElementeTikla(findTestObject("Filtreler/Butonlar"), Filtre_Buton): Method.TextDegerineEsitElementeTikla is PASSED

2021-11-11 09:47:44 - [MESSAGE][INFO] - Finding Test Object 'Object Repository/Filtreler/Butonlar'

2021-11-11 09:47:45 - [MESSAGE][INFO] - Checking timeout

2021-11-11 09:47:45 - [MESSAGE][INFO] - Finding web element with id: 'Object Repository/Filtreler/Butonlar' located by 'By.cssSelector: .dxb>span' in '10' second(s)

2021-11-11 09:47:45 - [MESSAGE][INFO] - Smart Wait Function is triggered

2021-11-11 09:47:45 - [MESSAGE][INFO] - Found 2 web elements with id: 'Object Repository/Filtreler/Butonlar' located by 'By.cssSelector: .dxb>span' in '10' second(s)

2021-11-11 09:47:45 - [MESSAGE][PASSED] - Method.TextDegerineEsitElementeTikla is PASSED

2021-11-11 09:47:45 - [MESSAGE][PASSED] - Call Test Case 'Test Cases/Filtreler/ButonaTikla' successfully

2021-11-11 09:47:45 - [MESSAGE][INFO] - Checking called Test Case

2021-11-11 09:47:45 - [MESSAGE][INFO] - Starting to call Test Case 'Test Cases/Tablo/TablodaVeriVarMi'

2021-11-11 09:47:45 - [TEST_CASE][PASSED] - Test Cases/Tablo/TablodaVeriVarMi: Test Cases/Tablo/TablodaVeriVarMi

2021-11-11 09:47:45 - [TEST_STEP][PASSED] - verifyTextNotPresent("Görüntülenecek veri yok", true): Text 'Görüntülenecek veri yok' is not present on page using regular expression

2021-11-11 09:47:45 - [MESSAGE][INFO] - Checking text present  using regular expression

2021-11-11 09:47:45 - [MESSAGE][INFO] - Smart Wait Function is triggered

2021-11-11 09:47:46 - [MESSAGE][INFO] - Finding text 'Görüntülenecek veri yok' on page  using regular expression

2021-11-11 09:47:46 - [MESSAGE][PASSED] - Text 'Görüntülenecek veri yok' is not present on page using regular expression

2021-11-11 09:47:46 - [MESSAGE][PASSED] - Call Test Case 'Test Cases/Tablo/TablodaVeriVarMi' successfully

2021-11-11 09:47:46 - [MESSAGE][INFO] - Checking called Test Case

2021-11-11 09:47:46 - [MESSAGE][INFO] - Starting to call Test Case 'Test Cases/Kullanici_Islemleri/KullaniciIslemlerindenSecimYapilir'

2021-11-11 09:47:46 - [TEST_CASE][PASSED] - Test Cases/Kullanici_Islemleri/KullaniciIslemlerindenSecimYapilir: Test Cases/Kullanici_Islemleri/KullaniciIslemlerindenSecimYapilir

2021-11-11 09:47:46 - [TEST_STEP][PASSED] - waitForElementClickable(findTestObject("Object Repository/Kullanici_Islemleri/KullaniciIslemleri"), 10): Object 'Object Repository/Kullanici_Islemleri/KullaniciIslemleri' is clickable

2021-11-11 09:47:46 - [MESSAGE][INFO] - Finding Test Object 'Object Repository/Kullanici_Islemleri/KullaniciIslemleri'

2021-11-11 09:47:46 - [MESSAGE][INFO] - Checking object

2021-11-11 09:47:46 - [MESSAGE][INFO] - Checking timeout

2021-11-11 09:47:46 - [MESSAGE][INFO] - Finding web element from Test Object's properties

2021-11-11 09:47:46 - [MESSAGE][INFO] - Checking timeout

2021-11-11 09:47:46 - [MESSAGE][INFO] - Finding web element with id: 'Object Repository/Kullanici_Islemleri/KullaniciIslemleri' located by 'By.cssSelector: .dropdown>a>img' in '10' second(s)

2021-11-11 09:47:46 - [MESSAGE][INFO] - Smart Wait Function is triggered

2021-11-11 09:47:46 - [MESSAGE][INFO] - Found 1 web elements with id: 'Object Repository/Kullanici_Islemleri/KullaniciIslemleri' located by 'By.cssSelector: .dropdown>a>img' in '10' second(s)

2021-11-11 09:47:46 - [MESSAGE][PASSED] - Object 'Object Repository/Kullanici_Islemleri/KullaniciIslemleri' is clickable

2021-11-11 09:47:46 - [TEST_STEP][PASSED] - click(findTestObject("Object Repository/Kullanici_Islemleri/KullaniciIslemleri")): Object: 'Object Repository/Kullanici_Islemleri/KullaniciIslemleri' is clicked on

2021-11-11 09:47:46 - [MESSAGE][INFO] - Finding Test Object 'Object Repository/Kullanici_Islemleri/KullaniciIslemleri'

2021-11-11 09:47:46 - [MESSAGE][INFO] - Checking object

2021-11-11 09:47:46 - [MESSAGE][INFO] - Finding web element from Test Object's properties

2021-11-11 09:47:46 - [MESSAGE][INFO] - Checking timeout

2021-11-11 09:47:46 - [MESSAGE][INFO] - Finding web element with id: 'Object Repository/Kullanici_Islemleri/KullaniciIslemleri' located by 'By.cssSelector: .dropdown>a>img' in '30' second(s)

2021-11-11 09:47:46 - [MESSAGE][INFO] - Smart Wait Function is triggered

2021-11-11 09:47:47 - [MESSAGE][INFO] - Found 1 web elements with id: 'Object Repository/Kullanici_Islemleri/KullaniciIslemleri' located by 'By.cssSelector: .dropdown>a>img' in '30' second(s)

2021-11-11 09:47:47 - [MESSAGE][INFO] - Clicking on object: 'Object Repository/Kullanici_Islemleri/KullaniciIslemleri'

2021-11-11 09:47:47 - [MESSAGE][PASSED] - Object: 'Object Repository/Kullanici_Islemleri/KullaniciIslemleri' is clicked on

2021-11-11 09:47:47 - [TEST_STEP][PASSED] - Method.TextDegerineEsitElementeTikla(findTestObject("Object Repository/Kullanici_Islemleri/Secenekler"), Islem): Method.TextDegerineEsitElementeTikla is PASSED

2021-11-11 09:47:47 - [MESSAGE][INFO] - Finding Test Object 'Object Repository/Kullanici_Islemleri/Secenekler'

2021-11-11 09:47:47 - [MESSAGE][INFO] - Checking timeout

2021-11-11 09:47:47 - [MESSAGE][INFO] - Finding web element with id: 'Object Repository/Kullanici_Islemleri/Secenekler' located by 'By.cssSelector: .nav.navbar-nav.navbar-right li a' in '10' second(s)

2021-11-11 09:47:47 - [MESSAGE][INFO] - Smart Wait Function is triggered

2021-11-11 09:47:47 - [MESSAGE][INFO] - Found 22 web elements with id: 'Object Repository/Kullanici_Islemleri/Secenekler' located by 'By.cssSelector: .nav.navbar-nav.navbar-right li a' in '10' second(s)

2021-11-11 09:47:49 - [MESSAGE][PASSED] - Method.TextDegerineEsitElementeTikla is PASSED

2021-11-11 09:47:49 - [TEST_STEP][PASSED] - verifyElementNotPresent(findTestObject("Object Repository/Kullanici_Islemleri/Secenekler"), 10): Web element with id: 'Object Repository/Kullanici_Islemleri/Secenekler' located by 'By.cssSelector: .nav.navbar-nav.navbar-right li a' is not present after '10' second(s)

2021-11-11 09:47:49 - [MESSAGE][INFO] - Finding Test Object 'Object Repository/Kullanici_Islemleri/Secenekler'

2021-11-11 09:47:49 - [MESSAGE][INFO] - Checking object

2021-11-11 09:47:49 - [MESSAGE][INFO] - Checking timeout

2021-11-11 09:47:49 - [MESSAGE][INFO] - Finding web element with id: 'Object Repository/Kullanici_Islemleri/Secenekler' located by 'By.cssSelector: .nav.navbar-nav.navbar-right li a' in '10' second(s)

2021-11-11 09:47:49 - [MESSAGE][INFO] - Smart Wait Function is triggered

2021-11-11 09:47:49 - [MESSAGE][PASSED] - Web element with id: 'Object Repository/Kullanici_Islemleri/Secenekler' located by 'By.cssSelector: .nav.navbar-nav.navbar-right li a' is not present after '10' second(s)

2021-11-11 09:47:49 - [MESSAGE][PASSED] - Call Test Case 'Test Cases/Kullanici_Islemleri/KullaniciIslemlerindenSecimYapilir' successfully

2021-11-11 09:47:50 - [TEST_CASE][PASSED] - Start Test Case : SCENARIO e-Serbest Meslek Makbuz Raporlari excele aktarma: SCENARIO e-Serbest Meslek Makbuz Raporlari excele aktarma

2021-11-11 09:47:50 - [TEST_STEP][PASSED] - Kullanıcı adı ELOGO6 ve Şifre 123456 olarak giriş yapılır: Kullanıcı adı ELOGO6 ve Şifre 123456 olarak giriş yapılır

2021-11-11 09:47:50 - [MESSAGE][PASSED] - Kullanıcı adı ELOGO6 ve Şifre 123456 olarak giriş yapılır

2021-11-11 09:47:50 - [TEST_STEP][PASSED] - Ana menüden e-Makbuz seçilir: Ana menüden e-Makbuz seçilir

2021-11-11 09:47:50 - [MESSAGE][PASSED] - Ana menüden e-Makbuz seçilir

2021-11-11 09:47:50 - [TEST_STEP][PASSED] - Alt menü e-Serbest Meslek Uygulaması başlığı altındaki e-Serbest Meslek Makbuz Raporları seçilir: Alt menü e-Serbest Meslek Uygulaması başlığı altındaki e-Serbest Meslek Makbuz Raporları seçilir

2021-11-11 09:47:50 - [MESSAGE][PASSED] - Alt menü e-Serbest Meslek Uygulaması başlığı altındaki e-Serbest Meslek Makbuz Raporları seçilir

2021-11-11 09:47:50 - [TEST_STEP][PASSED] - Filtrelerden Dönem Tarihi filtresine 2021 Ocak dropdowndan degeri seçilir: Filtrelerden Dönem Tarihi filtresine 2021 Ocak dropdowndan degeri seçilir

2021-11-11 09:47:50 - [MESSAGE][PASSED] - Filtrelerden Dönem Tarihi filtresine 2021 Ocak dropdowndan degeri seçilir

2021-11-11 09:47:50 - [TEST_STEP][PASSED] - Filtrelerden Bölüm Tarihi filtresine 11.01.2021 baslangic degerini yaz: Filtrelerden Bölüm Tarihi filtresine 11.01.2021 baslangic degerini yaz

2021-11-11 09:47:50 - [MESSAGE][PASSED] - Filtrelerden Bölüm Tarihi filtresine 11.01.2021 baslangic degerini yaz

2021-11-11 09:47:50 - [TEST_STEP][PASSED] - Filtrelerden Bölüm Tarihi filtresine 11.01.2021 bitis degerini yaz: Filtrelerden Bölüm Tarihi filtresine 11.01.2021 bitis degerini yaz

2021-11-11 09:47:50 - [MESSAGE][PASSED] - Filtrelerden Bölüm Tarihi filtresine 11.01.2021 bitis degerini yaz

2021-11-11 09:47:50 - [TEST_STEP][PASSED] - Filtre butonlarından Listele seçilir: Filtre butonlarından Listele seçilir

2021-11-11 09:47:50 - [MESSAGE][PASSED] - Filtre butonlarından Listele seçilir

2021-11-11 09:47:50 - [TEST_STEP][PASSED] - Tabloda veri var mı kontrol edilir: Tabloda veri var mı kontrol edilir

2021-11-11 09:47:50 - [MESSAGE][PASSED] - Tabloda veri var mı kontrol edilir

2021-11-11 09:47:50 - [TEST_STEP][PASSED] - Tablodan 1641 isimli veri seçilir: Tablodan 1641 isimli veri seçilir

2021-11-11 09:47:50 - [MESSAGE][PASSED] - Tablodan 1641 isimli veri seçilir

2021-11-11 09:47:50 - [TEST_STEP][PASSED] - Butonlardan Excel isimli butona tıklanır: Butonlardan Excel isimli butona tıklanır

2021-11-11 09:47:50 - [MESSAGE][PASSED] - Butonlardan Excel isimli butona tıklanır

2021-11-11 09:47:50 - [TEST_STEP][PASSED] - Alt butonlardan Excel 'e Aktar butonuna tıklanır: Alt butonlardan Excel 'e Aktar butonuna tıklanır

2021-11-11 09:47:50 - [MESSAGE][PASSED] - Alt butonlardan Excel 'e Aktar butonuna tıklanır

2021-11-11 09:47:50 - [TEST_STEP][PASSED] - Popup mesajı Lütfen rapor bildiriminin gönderileceği e-posta adresini belirtiniz. içeriyor mu: Popup mesajı Lütfen rapor bildiriminin gönderileceği e-posta adresini belirtiniz. içeriyor mu

2021-11-11 09:47:50 - [MESSAGE][PASSED] - Popup mesajı Lütfen rapor bildiriminin gönderileceği e-posta adresini belirtiniz. içeriyor mu

2021-11-11 09:47:50 - [TEST_STEP][PASSED] - Popup email elogotest@gmail.com;ali.kara@logo.com.tr olarak girilir: Popup email elogotest@gmail.com;ali.kara@logo.com.tr olarak girilir

2021-11-11 09:47:50 - [MESSAGE][PASSED] - Popup email elogotest@gmail.com;ali.kara@logo.com.tr olarak girilir

2021-11-11 09:47:50 - [TEST_STEP][PASSED] - Yönetim popupında Gönder seçilir: Yönetim popupında Gönder seçilir

2021-11-11 09:47:50 - [MESSAGE][PASSED] - Yönetim popupında Gönder seçilir

2021-11-11 09:47:50 - [TEST_STEP][PASSED] - Popup mesajı talebiniz işleme alınmıştır içeriyor mu: Popup mesajı talebiniz işleme alınmıştır içeriyor mu

2021-11-11 09:47:50 - [MESSAGE][PASSED] - Popup mesajı talebiniz işleme alınmıştır içeriyor mu

2021-11-11 09:47:50 - [TEST_STEP][PASSED] - Yönetim popupında Tamam seçilir: Yönetim popupında Tamam seçilir

2021-11-11 09:47:50 - [MESSAGE][PASSED] - Yönetim popupında Tamam seçilir

2021-11-11 09:47:50 - [TEST_STEP][PASSED] - Butonlardan Excel isimli butona tıklanır: Butonlardan Excel isimli butona tıklanır

2021-11-11 09:47:50 - [MESSAGE][PASSED] - Butonlardan Excel isimli butona tıklanır

2021-11-11 09:47:50 - [TEST_STEP][PASSED] - Alt butonlardan Tümünü Excel 'e Aktar butonuna tıklanır: Alt butonlardan Tümünü Excel 'e Aktar butonuna tıklanır

2021-11-11 09:47:50 - [MESSAGE][PASSED] - Alt butonlardan Tümünü Excel 'e Aktar butonuna tıklanır

2021-11-11 09:47:50 - [TEST_STEP][PASSED] - Popup mesajı Lütfen rapor bildiriminin gönderileceği e-posta adresini belirtiniz. içeriyor mu: Popup mesajı Lütfen rapor bildiriminin gönderileceği e-posta adresini belirtiniz. içeriyor mu

2021-11-11 09:47:50 - [MESSAGE][PASSED] - Popup mesajı Lütfen rapor bildiriminin gönderileceği e-posta adresini belirtiniz. içeriyor mu

2021-11-11 09:47:50 - [TEST_STEP][PASSED] - Popup email elogotest@gmail.com;ali.kara@logo.com.tr olarak girilir: Popup email elogotest@gmail.com;ali.kara@logo.com.tr olarak girilir

2021-11-11 09:47:50 - [MESSAGE][PASSED] - Popup email elogotest@gmail.com;ali.kara@logo.com.tr olarak girilir

2021-11-11 09:47:50 - [TEST_STEP][PASSED] - Yönetim popupında Gönder seçilir: Yönetim popupında Gönder seçilir

2021-11-11 09:47:50 - [MESSAGE][PASSED] - Yönetim popupında Gönder seçilir

2021-11-11 09:47:50 - [TEST_STEP][PASSED] - Popup mesajı talebiniz işleme alınmıştır içeriyor mu: Popup mesajı talebiniz işleme alınmıştır içeriyor mu

2021-11-11 09:47:50 - [MESSAGE][PASSED] - Popup mesajı talebiniz işleme alınmıştır içeriyor mu

2021-11-11 09:47:50 - [TEST_STEP][PASSED] - Yönetim popupında Tamam seçilir: Yönetim popupında Tamam seçilir

2021-11-11 09:47:50 - [MESSAGE][PASSED] - Yönetim popupında Tamam seçilir

2021-11-11 09:47:50 - [TEST_STEP][PASSED] - Ana menüden Raporlar seçilir: Ana menüden Raporlar seçilir

2021-11-11 09:47:50 - [MESSAGE][PASSED] - Ana menüden Raporlar seçilir

2021-11-11 09:47:50 - [TEST_STEP][PASSED] - Alt menüden Toplu Veri İndirme seçilir: Alt menüden Toplu Veri İndirme seçilir

2021-11-11 09:47:50 - [MESSAGE][PASSED] - Alt menüden Toplu Veri İndirme seçilir

2021-11-11 09:47:50 - [TEST_STEP][PASSED] - Filtrelerden Talep No filtresine Rapor No bilgisi yaz: Filtrelerden Talep No filtresine Rapor No bilgisi yaz

2021-11-11 09:47:50 - [MESSAGE][PASSED] - Filtrelerden Talep No filtresine Rapor No bilgisi yaz

2021-11-11 09:47:50 - [TEST_STEP][PASSED] - Filtre butonlarından Listele seçilir: Filtre butonlarından Listele seçilir

2021-11-11 09:47:50 - [MESSAGE][PASSED] - Filtre butonlarından Listele seçilir

2021-11-11 09:47:50 - [TEST_STEP][PASSED] - Tabloda veri var mı kontrol edilir: Tabloda veri var mı kontrol edilir

2021-11-11 09:47:50 - [MESSAGE][PASSED] - Tabloda veri var mı kontrol edilir

2021-11-11 09:47:50 - [TEST_STEP][PASSED] - Kullanıcı işlemlerinden Çıkış seçilir: Kullanıcı işlemlerinden Çıkış seçilir

2021-11-11 09:47:50 - [MESSAGE][PASSED] - Kullanıcı işlemlerinden Çıkış seçilir

2021-11-11 09:47:50 - [MESSAGE][PASSED] - Feature file: 'Include/features/e-Makbuz/e-Serbest Meslek Uygulaması/e-Serbest Meslek Makbuz Raporlari/Excele Aktar.feature' was passed

2021-11-11 09:47:50 - [TEST_STEP][PASSED] - Start listener action : sampleAfterTestSuite: Invoke 'com.kms.katalon.core.annotation.AfterTestCase' method: 'Listener.sampleAfterTestSuite(...)' completed.

2021-11-11 09:47:50 - [MESSAGE][INFO] - Starting invoke 'com.kms.katalon.core.annotation.AfterTestCase' method: 'Listener.sampleAfterTestSuite(...)'

2021-11-11 09:47:50 - [TEST_STEP][PASSED] - closeBrowser(): Invoke 'com.kms.katalon.core.annotation.AfterTestCase' method: 'Listener.sampleAfterTestSuite(...)' completed.

2021-11-11 09:47:50 - [MESSAGE][INFO] - Closing browser

2021-11-11 09:47:50 - [MESSAGE][PASSED] - Browser is closed

2021-11-11 09:47:50 - [MESSAGE][INFO] - Invoke 'com.kms.katalon.core.annotation.AfterTestCase' method: 'Listener.sampleAfterTestSuite(...)' completed.]]></system-out>
         <system-err><![CDATA[]]></system-err>
      </testcase>
      <testcase name="Test Cases/Case Repository/e-Makbuz/e-Serbest Meslek Uygulamasi/e-Serbest Meslek Makbuzlari/Excele Aktar" time="56.055" classname="Test Cases/Case Repository/e-Makbuz/e-Serbest Meslek Uygulamasi/e-Serbest Meslek Makbuzlari/Excele Aktar" status="PASSED">
         <system-out><![CDATA[2021-11-11 09:47:50 - [TEST_CASE][PASSED] - Test Cases/Case Repository/e-Makbuz/e-Serbest Meslek Uygulamasi/e-Serbest Meslek Makbuzlari/Excele Aktar: Test Cases/Case Repository/e-Makbuz/e-Serbest Meslek Uygulamasi/e-Serbest Meslek Makbuzlari/Excele Aktar

2021-11-11 09:47:50 - [TEST_STEP][PASSED] - Start listener action : sampleBeforeTestSuite: Invoke 'com.kms.katalon.core.annotation.BeforeTestCase' method: 'Listener.sampleBeforeTestSuite(...)' completed.

2021-11-11 09:47:50 - [MESSAGE][INFO] - Starting invoke 'com.kms.katalon.core.annotation.BeforeTestCase' method: 'Listener.sampleBeforeTestSuite(...)'

2021-11-11 09:47:50 - [TEST_STEP][PASSED] - openBrowser(baseUrl): Browser is opened with url: 'https://efatura-stage.elogo.com.tr/'

2021-11-11 09:47:50 - [MESSAGE][INFO] - Opening browser

2021-11-11 09:47:50 - [MESSAGE][INFO] - Starting 'Chrome' driver

2021-11-11 09:47:50 - [MESSAGE][INFO] - User set preference: ['prefs', '{download.default_directory=C:\otomasyondownfiles}']

2021-11-11 09:47:50 - [MESSAGE][INFO] - Action delay is set to 0 milliseconds

2021-11-11 09:47:52 - [MESSAGE][INFO] - Navigating browser to: 'https://efatura-stage.elogo.com.tr/'

2021-11-11 09:47:55 - [MESSAGE][PASSED] - Browser is opened with url: 'https://efatura-stage.elogo.com.tr/'

2021-11-11 09:47:55 - [TEST_STEP][PASSED] - maximizeWindow(): Invoke 'com.kms.katalon.core.annotation.BeforeTestCase' method: 'Listener.sampleBeforeTestSuite(...)' completed.

2021-11-11 09:47:55 - [MESSAGE][INFO] - Maximizing current window

2021-11-11 09:47:55 - [MESSAGE][PASSED] - Current window maximized

2021-11-11 09:47:55 - [MESSAGE][INFO] - Invoke 'com.kms.katalon.core.annotation.BeforeTestCase' method: 'Listener.sampleBeforeTestSuite(...)' completed.

2021-11-11 09:47:55 - [TEST_STEP][PASSED] - runFeatureFile("Include/features/e-Makbuz/e-Serbest Meslek Uygulaması/e-Serbest Meslek Makbuzlari/Excele Aktar.feature"): Feature file: 'Include/features/e-Makbuz/e-Serbest Meslek Uygulaması/e-Serbest Meslek Makbuzlari/Excele Aktar.feature' was passed

2021-11-11 09:47:55 - [MESSAGE][INFO] - Starting run keyword runFeatureFile: 'Include/features/e-Makbuz/e-Serbest Meslek Uygulaması/e-Serbest Meslek Makbuzlari/Excele Aktar.feature' and extract report to folder: 'C:\Users\DELL\Documents\GitHub\EES_KatalonLogo\Reports\20211111_090730\Suite Repository\ExceleAktarVeTopluIndirme\20211111_090810/cucumber_report/1636613275968'...

2021-11-11 09:47:55 - [MESSAGE][INFO] - Glue: []

2021-11-11 09:47:57 - [MESSAGE][INFO] - Checking called Test Case

2021-11-11 09:47:57 - [MESSAGE][INFO] - Starting to call Test Case 'Test Cases/Sayfalar/Giris_Sayfasi/Login'

2021-11-11 09:47:57 - [TEST_CASE][PASSED] - Test Cases/Sayfalar/Giris_Sayfasi/Login: Test Cases/Sayfalar/Giris_Sayfasi/Login

2021-11-11 09:47:57 - [TEST_STEP][PASSED] - Sayfa_Basligi = getWindowTitle(): Current window's title is: 'LOGO e-Fatura'

2021-11-11 09:47:57 - [MESSAGE][INFO] - Getting current window's title

2021-11-11 09:47:57 - [MESSAGE][PASSED] - Current window's title is: 'LOGO e-Fatura'

2021-11-11 09:47:57 - [TEST_STEP][PASSED] - verifyMatch(Sayfa_Basligi, "LOGO e-Fatura", false): Actual text 'LOGO e-Fatura' and expected text 'LOGO e-Fatura' are matched 

2021-11-11 09:47:57 - [MESSAGE][INFO] - Matching actual text 'LOGO e-Fatura' with expected text 'LOGO e-Fatura'

2021-11-11 09:47:57 - [MESSAGE][PASSED] - Actual text 'LOGO e-Fatura' and expected text 'LOGO e-Fatura' are matched 

2021-11-11 09:47:57 - [TEST_STEP][PASSED] - sendKeys(findTestObject("Sayfalar/Giris_Sayfasi/Firma_Kodu"), KullaniciAdi): Keys 'ELOGO6' sent to object: 'Object Repository/Sayfalar/Giris_Sayfasi/Firma_Kodu'

2021-11-11 09:47:57 - [MESSAGE][INFO] - Finding Test Object 'Object Repository/Sayfalar/Giris_Sayfasi/Firma_Kodu'

2021-11-11 09:47:57 - [MESSAGE][INFO] - Sending keys 'ELOGO6' to object: 'Object Repository/Sayfalar/Giris_Sayfasi/Firma_Kodu'

2021-11-11 09:47:57 - [MESSAGE][INFO] - Finding web element from Test Object's properties

2021-11-11 09:47:57 - [MESSAGE][INFO] - Checking timeout

2021-11-11 09:47:57 - [MESSAGE][INFO] - Finding web element with id: 'Object Repository/Sayfalar/Giris_Sayfasi/Firma_Kodu' located by 'By.xpath: //*[@id = 'AccountName']' in '30' second(s)

2021-11-11 09:47:57 - [MESSAGE][INFO] - Smart Wait Function is triggered

2021-11-11 09:47:57 - [MESSAGE][INFO] - Found 1 web elements with id: 'Object Repository/Sayfalar/Giris_Sayfasi/Firma_Kodu' located by 'By.xpath: //*[@id = 'AccountName']' in '30' second(s)

2021-11-11 09:47:58 - [MESSAGE][PASSED] - Keys 'ELOGO6' sent to object: 'Object Repository/Sayfalar/Giris_Sayfasi/Firma_Kodu'

2021-11-11 09:47:58 - [TEST_STEP][PASSED] - sendKeys(findTestObject("Sayfalar/Giris_Sayfasi/Sifre"), Sifre): Keys '123456' sent to object: 'Object Repository/Sayfalar/Giris_Sayfasi/Sifre'

2021-11-11 09:47:58 - [MESSAGE][INFO] - Finding Test Object 'Object Repository/Sayfalar/Giris_Sayfasi/Sifre'

2021-11-11 09:47:58 - [MESSAGE][INFO] - Sending keys '123456' to object: 'Object Repository/Sayfalar/Giris_Sayfasi/Sifre'

2021-11-11 09:47:58 - [MESSAGE][INFO] - Finding web element from Test Object's properties

2021-11-11 09:47:58 - [MESSAGE][INFO] - Checking timeout

2021-11-11 09:47:58 - [MESSAGE][INFO] - Finding web element with id: 'Object Repository/Sayfalar/Giris_Sayfasi/Sifre' located by 'By.xpath: //*[@id = 'Password']' in '30' second(s)

2021-11-11 09:47:58 - [MESSAGE][INFO] - Smart Wait Function is triggered

2021-11-11 09:47:58 - [MESSAGE][INFO] - Found 1 web elements with id: 'Object Repository/Sayfalar/Giris_Sayfasi/Sifre' located by 'By.xpath: //*[@id = 'Password']' in '30' second(s)

2021-11-11 09:47:58 - [MESSAGE][PASSED] - Keys '123456' sent to object: 'Object Repository/Sayfalar/Giris_Sayfasi/Sifre'

2021-11-11 09:47:58 - [TEST_STEP][PASSED] - findWebElement(findTestObject("Sayfalar/Giris_Sayfasi/Giris_Butonu")).click(): Found 1 web elements with id: 'Object Repository/Sayfalar/Giris_Sayfasi/Giris_Butonu' located by 'By.cssSelector: #btnLogin' in '30' second(s)

2021-11-11 09:47:58 - [MESSAGE][INFO] - Finding Test Object 'Object Repository/Sayfalar/Giris_Sayfasi/Giris_Butonu'

2021-11-11 09:47:58 - [MESSAGE][INFO] - Finding web element from Test Object's properties

2021-11-11 09:47:58 - [MESSAGE][INFO] - Checking timeout

2021-11-11 09:47:58 - [MESSAGE][INFO] - Finding web element with id: 'Object Repository/Sayfalar/Giris_Sayfasi/Giris_Butonu' located by 'By.cssSelector: #btnLogin' in '30' second(s)

2021-11-11 09:47:58 - [MESSAGE][INFO] - Smart Wait Function is triggered

2021-11-11 09:47:59 - [MESSAGE][INFO] - Found 1 web elements with id: 'Object Repository/Sayfalar/Giris_Sayfasi/Giris_Butonu' located by 'By.cssSelector: #btnLogin' in '30' second(s)

2021-11-11 09:48:01 - [TEST_STEP][PASSED] - if (verifyElementPresent(findTestObject("Object Repository/Sayfalar/Giris_Sayfasi/RetveTamam_Butonu"), 5, OPTIONAL)): null

2021-11-11 09:48:01 - [MESSAGE][INFO] - Finding Test Object 'Object Repository/Sayfalar/Giris_Sayfasi/RetveTamam_Butonu'

2021-11-11 09:48:01 - [MESSAGE][INFO] - Checking object

2021-11-11 09:48:01 - [MESSAGE][INFO] - Finding web element from Test Object's properties

2021-11-11 09:48:01 - [MESSAGE][INFO] - Checking timeout

2021-11-11 09:48:01 - [MESSAGE][INFO] - Finding web element with id: 'Object Repository/Sayfalar/Giris_Sayfasi/RetveTamam_Butonu' located by 'By.xpath: //*[@class = 'btn btn-default']' in '5' second(s)

2021-11-11 09:48:01 - [MESSAGE][INFO] - Smart Wait Function is triggered

2021-11-11 09:48:02 - [MESSAGE][INFO] - Found 1 web elements with id: 'Object Repository/Sayfalar/Giris_Sayfasi/RetveTamam_Butonu' located by 'By.xpath: //*[@class = 'btn btn-default']' in '5' second(s)

2021-11-11 09:48:02 - [MESSAGE][PASSED] - Object 'Object Repository/Sayfalar/Giris_Sayfasi/RetveTamam_Butonu' is present

2021-11-11 09:48:02 - [TEST_STEP][PASSED] - click(findTestObject("Object Repository/Sayfalar/Giris_Sayfasi/RetveTamam_Butonu")): Object: 'Object Repository/Sayfalar/Giris_Sayfasi/RetveTamam_Butonu' is clicked on

2021-11-11 09:48:02 - [MESSAGE][INFO] - Finding Test Object 'Object Repository/Sayfalar/Giris_Sayfasi/RetveTamam_Butonu'

2021-11-11 09:48:02 - [MESSAGE][INFO] - Checking object

2021-11-11 09:48:02 - [MESSAGE][INFO] - Finding web element from Test Object's properties

2021-11-11 09:48:02 - [MESSAGE][INFO] - Checking timeout

2021-11-11 09:48:02 - [MESSAGE][INFO] - Finding web element with id: 'Object Repository/Sayfalar/Giris_Sayfasi/RetveTamam_Butonu' located by 'By.xpath: //*[@class = 'btn btn-default']' in '30' second(s)

2021-11-11 09:48:02 - [MESSAGE][INFO] - Smart Wait Function is triggered

2021-11-11 09:48:02 - [MESSAGE][INFO] - Found 1 web elements with id: 'Object Repository/Sayfalar/Giris_Sayfasi/RetveTamam_Butonu' located by 'By.xpath: //*[@class = 'btn btn-default']' in '30' second(s)

2021-11-11 09:48:02 - [MESSAGE][INFO] - Clicking on object: 'Object Repository/Sayfalar/Giris_Sayfasi/RetveTamam_Butonu'

2021-11-11 09:48:02 - [MESSAGE][PASSED] - Object: 'Object Repository/Sayfalar/Giris_Sayfasi/RetveTamam_Butonu' is clicked on

2021-11-11 09:48:02 - [TEST_STEP][PASSED] - click(findTestObject("Object Repository/Sayfalar/Giris_Sayfasi/RetveTamam_Butonu")): Object: 'Object Repository/Sayfalar/Giris_Sayfasi/RetveTamam_Butonu' is clicked on

2021-11-11 09:48:02 - [MESSAGE][INFO] - Finding Test Object 'Object Repository/Sayfalar/Giris_Sayfasi/RetveTamam_Butonu'

2021-11-11 09:48:02 - [MESSAGE][INFO] - Checking object

2021-11-11 09:48:02 - [MESSAGE][INFO] - Finding web element from Test Object's properties

2021-11-11 09:48:02 - [MESSAGE][INFO] - Checking timeout

2021-11-11 09:48:02 - [MESSAGE][INFO] - Finding web element with id: 'Object Repository/Sayfalar/Giris_Sayfasi/RetveTamam_Butonu' located by 'By.xpath: //*[@class = 'btn btn-default']' in '30' second(s)

2021-11-11 09:48:02 - [MESSAGE][INFO] - Smart Wait Function is triggered

2021-11-11 09:48:10 - [MESSAGE][INFO] - Found 1 web elements with id: 'Object Repository/Sayfalar/Giris_Sayfasi/RetveTamam_Butonu' located by 'By.xpath: //*[@class = 'btn btn-default']' in '30' second(s)

2021-11-11 09:48:10 - [MESSAGE][INFO] - Clicking on object: 'Object Repository/Sayfalar/Giris_Sayfasi/RetveTamam_Butonu'

2021-11-11 09:48:10 - [MESSAGE][PASSED] - Object: 'Object Repository/Sayfalar/Giris_Sayfasi/RetveTamam_Butonu' is clicked on

2021-11-11 09:48:10 - [TEST_STEP][PASSED] - if (verifyElementPresent(findTestObject("Sayfalar/Giris_Sayfasi/PopupOK"), 5, OPTIONAL)): null

2021-11-11 09:48:10 - [MESSAGE][INFO] - Finding Test Object 'Object Repository/Sayfalar/Giris_Sayfasi/PopupOK'

2021-11-11 09:48:10 - [MESSAGE][INFO] - Checking object

2021-11-11 09:48:10 - [MESSAGE][INFO] - Finding web element from Test Object's properties

2021-11-11 09:48:10 - [MESSAGE][INFO] - Checking timeout

2021-11-11 09:48:10 - [MESSAGE][INFO] - Finding web element with id: 'Object Repository/Sayfalar/Giris_Sayfasi/PopupOK' located by 'By.cssSelector: .btn.btn-success' in '5' second(s)

2021-11-11 09:48:10 - [MESSAGE][INFO] - Smart Wait Function is triggered

2021-11-11 09:48:11 - [MESSAGE][INFO] - Found 1 web elements with id: 'Object Repository/Sayfalar/Giris_Sayfasi/PopupOK' located by 'By.cssSelector: .btn.btn-success' in '5' second(s)

2021-11-11 09:48:11 - [MESSAGE][PASSED] - Object 'Object Repository/Sayfalar/Giris_Sayfasi/PopupOK' is present

2021-11-11 09:48:11 - [TEST_STEP][PASSED] - click(findTestObject("Object Repository/Sayfalar/Giris_Sayfasi/PopupCarpiGiris")): Object: 'Object Repository/Sayfalar/Giris_Sayfasi/PopupCarpiGiris' is clicked on

2021-11-11 09:48:11 - [MESSAGE][INFO] - Finding Test Object 'Object Repository/Sayfalar/Giris_Sayfasi/PopupCarpiGiris'

2021-11-11 09:48:11 - [MESSAGE][INFO] - Checking object

2021-11-11 09:48:11 - [MESSAGE][INFO] - Finding web element from Test Object's properties

2021-11-11 09:48:11 - [MESSAGE][INFO] - Checking timeout

2021-11-11 09:48:11 - [MESSAGE][INFO] - Finding web element with id: 'Object Repository/Sayfalar/Giris_Sayfasi/PopupCarpiGiris' located by 'By.cssSelector: .bootbox-close-button.close' in '30' second(s)

2021-11-11 09:48:11 - [MESSAGE][INFO] - Smart Wait Function is triggered

2021-11-11 09:48:11 - [MESSAGE][INFO] - Found 1 web elements with id: 'Object Repository/Sayfalar/Giris_Sayfasi/PopupCarpiGiris' located by 'By.cssSelector: .bootbox-close-button.close' in '30' second(s)

2021-11-11 09:48:11 - [MESSAGE][INFO] - Clicking on object: 'Object Repository/Sayfalar/Giris_Sayfasi/PopupCarpiGiris'

2021-11-11 09:48:11 - [MESSAGE][PASSED] - Object: 'Object Repository/Sayfalar/Giris_Sayfasi/PopupCarpiGiris' is clicked on

2021-11-11 09:48:11 - [TEST_STEP][PASSED] - verifyElementVisible(findTestObject("Object Repository/Kullanici_Islemleri/KullaniciIslemleri")): Object 'Object Repository/Kullanici_Islemleri/KullaniciIslemleri' is visible

2021-11-11 09:48:11 - [MESSAGE][INFO] - Finding Test Object 'Object Repository/Kullanici_Islemleri/KullaniciIslemleri'

2021-11-11 09:48:12 - [MESSAGE][INFO] - Checking object

2021-11-11 09:48:12 - [MESSAGE][INFO] - Finding web element from Test Object's properties

2021-11-11 09:48:12 - [MESSAGE][INFO] - Checking timeout

2021-11-11 09:48:12 - [MESSAGE][INFO] - Finding web element with id: 'Object Repository/Kullanici_Islemleri/KullaniciIslemleri' located by 'By.cssSelector: .dropdown>a>img' in '30' second(s)

2021-11-11 09:48:12 - [MESSAGE][INFO] - Smart Wait Function is triggered

2021-11-11 09:48:12 - [MESSAGE][INFO] - Found 1 web elements with id: 'Object Repository/Kullanici_Islemleri/KullaniciIslemleri' located by 'By.cssSelector: .dropdown>a>img' in '30' second(s)

2021-11-11 09:48:12 - [MESSAGE][PASSED] - Object 'Object Repository/Kullanici_Islemleri/KullaniciIslemleri' is visible

2021-11-11 09:48:12 - [MESSAGE][PASSED] - Call Test Case 'Test Cases/Sayfalar/Giris_Sayfasi/Login' successfully

2021-11-11 09:48:12 - [MESSAGE][INFO] - Checking called Test Case

2021-11-11 09:48:12 - [MESSAGE][INFO] - Starting to call Test Case 'Test Cases/Menu/AnaMenuSecimi'

2021-11-11 09:48:12 - [TEST_CASE][PASSED] - Test Cases/Menu/AnaMenuSecimi: Test Cases/Menu/AnaMenuSecimi

2021-11-11 09:48:12 - [TEST_STEP][PASSED] - Method.TextDegerineEsitElementeTikla(findTestObject("Menu/Ana_Menu"), Ana_Menu): Method.TextDegerineEsitElementeTikla is PASSED

2021-11-11 09:48:12 - [MESSAGE][INFO] - Finding Test Object 'Object Repository/Menu/Ana_Menu'

2021-11-11 09:48:12 - [MESSAGE][INFO] - Checking timeout

2021-11-11 09:48:12 - [MESSAGE][INFO] - Finding web element with id: 'Object Repository/Menu/Ana_Menu' located by 'By.xpath: //*[@class = 'dropdown-toggle']' in '10' second(s)

2021-11-11 09:48:12 - [MESSAGE][INFO] - Smart Wait Function is triggered

2021-11-11 09:48:13 - [MESSAGE][INFO] - Found 14 web elements with id: 'Object Repository/Menu/Ana_Menu' located by 'By.xpath: //*[@class = 'dropdown-toggle']' in '10' second(s)

2021-11-11 09:48:13 - [MESSAGE][PASSED] - Method.TextDegerineEsitElementeTikla is PASSED

2021-11-11 09:48:13 - [MESSAGE][PASSED] - Call Test Case 'Test Cases/Menu/AnaMenuSecimi' successfully

2021-11-11 09:48:13 - [MESSAGE][INFO] - Checking called Test Case

2021-11-11 09:48:13 - [MESSAGE][INFO] - Starting to call Test Case 'Test Cases/Menu/BasligaGoreAltMenuSecimi'

2021-11-11 09:48:13 - [TEST_CASE][PASSED] - Test Cases/Menu/BasligaGoreAltMenuSecimi: Test Cases/Menu/BasligaGoreAltMenuSecimi

2021-11-11 09:48:13 - [TEST_STEP][PASSED] - Method.TextDegerineEsitElementinAltindakiTextDegerineEsitOlanaTikla(findTestObject("Menu/Menu_Basligi"), findTestObject("Menu/Basliga_Gore_Alt_Menu"), Baslik, Alt_Menu): Method.TextDegerineEsitElementinAltindakiTextDegerineEsitOlanaTikla is PASSED

2021-11-11 09:48:13 - [MESSAGE][INFO] - Finding Test Object 'Object Repository/Menu/Menu_Basligi'

2021-11-11 09:48:13 - [MESSAGE][INFO] - Finding Test Object 'Object Repository/Menu/Basliga_Gore_Alt_Menu'

2021-11-11 09:48:13 - [MESSAGE][INFO] - Checking timeout

2021-11-11 09:48:13 - [MESSAGE][INFO] - Finding web element with id: 'Object Repository/Menu/Menu_Basligi' located by 'By.xpath: //li[@class='dropdown dropdown-large open']//li[@class='dropdown-header']' in '10' second(s)

2021-11-11 09:48:13 - [MESSAGE][INFO] - Smart Wait Function is triggered

2021-11-11 09:48:13 - [MESSAGE][INFO] - Found 2 web elements with id: 'Object Repository/Menu/Menu_Basligi' located by 'By.xpath: //li[@class='dropdown dropdown-large open']//li[@class='dropdown-header']' in '10' second(s)

2021-11-11 09:48:13 - [MESSAGE][INFO] - Smart Wait Function is triggered

2021-11-11 09:48:15 - [MESSAGE][PASSED] - Method.TextDegerineEsitElementinAltindakiTextDegerineEsitOlanaTikla is PASSED

2021-11-11 09:48:15 - [MESSAGE][PASSED] - Call Test Case 'Test Cases/Menu/BasligaGoreAltMenuSecimi' successfully

2021-11-11 09:48:15 - [MESSAGE][INFO] - Checking called Test Case

2021-11-11 09:48:15 - [MESSAGE][INFO] - Starting to call Test Case 'Test Cases/Filtreler/BaslangicYaz'

2021-11-11 09:48:15 - [TEST_CASE][PASSED] - Test Cases/Filtreler/BaslangicYaz: Test Cases/Filtreler/BaslangicYaz

2021-11-11 09:48:15 - [TEST_STEP][PASSED] - Method.TextDegerineEsitElementinAltindakineTikla(findTestObject("Filtreler/Basliklar"), findTestObject("Filtreler/Basliga_Gore_Baslangic_Image"), Filtre_Adi): Method.TextDegerineEsitElementinAltindakineTikla is PASSED

2021-11-11 09:48:15 - [MESSAGE][INFO] - Finding Test Object 'Object Repository/Filtreler/Basliklar'

2021-11-11 09:48:16 - [MESSAGE][INFO] - Finding Test Object 'Object Repository/Filtreler/Basliga_Gore_Baslangic_Image'

2021-11-11 09:48:16 - [MESSAGE][INFO] - Checking timeout

2021-11-11 09:48:16 - [MESSAGE][INFO] - Finding web element with id: 'Object Repository/Filtreler/Basliklar' located by 'By.cssSelector: .control-label.col-sm-4.paddingMarginRLC' in '10' second(s)

2021-11-11 09:48:16 - [MESSAGE][INFO] - Smart Wait Function is triggered

2021-11-11 09:48:16 - [MESSAGE][INFO] - Found 13 web elements with id: 'Object Repository/Filtreler/Basliklar' located by 'By.cssSelector: .control-label.col-sm-4.paddingMarginRLC' in '10' second(s)

2021-11-11 09:48:16 - [MESSAGE][INFO] - Smart Wait Function is triggered

2021-11-11 09:48:17 - [MESSAGE][PASSED] - Method.TextDegerineEsitElementinAltindakineTikla is PASSED

2021-11-11 09:48:17 - [TEST_STEP][PASSED] - Method.TextDegerineEsitElementinAltindakiTextboxtaYaz(findTestObject("Filtreler/Basliklar"), findTestObject("Filtreler/Basliga_Gore_Baslangic"), Filtre_Adi, Filtre_Degeri): Method.TextDegerineEsitElementinAltindakiTextboxtaYaz is PASSED

2021-11-11 09:48:17 - [MESSAGE][INFO] - Finding Test Object 'Object Repository/Filtreler/Basliklar'

2021-11-11 09:48:17 - [MESSAGE][INFO] - Finding Test Object 'Object Repository/Filtreler/Basliga_Gore_Baslangic'

2021-11-11 09:48:17 - [MESSAGE][INFO] - Checking timeout

2021-11-11 09:48:17 - [MESSAGE][INFO] - Finding web element with id: 'Object Repository/Filtreler/Basliklar' located by 'By.cssSelector: .control-label.col-sm-4.paddingMarginRLC' in '10' second(s)

2021-11-11 09:48:17 - [MESSAGE][INFO] - Smart Wait Function is triggered

2021-11-11 09:48:17 - [MESSAGE][INFO] - Found 13 web elements with id: 'Object Repository/Filtreler/Basliklar' located by 'By.cssSelector: .control-label.col-sm-4.paddingMarginRLC' in '10' second(s)

2021-11-11 09:48:17 - [MESSAGE][INFO] - Smart Wait Function is triggered

2021-11-11 09:48:17 - [MESSAGE][PASSED] - Method.TextDegerineEsitElementinAltindakiTextboxtaYaz is PASSED

2021-11-11 09:48:17 - [MESSAGE][PASSED] - Call Test Case 'Test Cases/Filtreler/BaslangicYaz' successfully

2021-11-11 09:48:17 - [MESSAGE][INFO] - Checking called Test Case

2021-11-11 09:48:17 - [MESSAGE][INFO] - Starting to call Test Case 'Test Cases/Filtreler/BitisYaz'

2021-11-11 09:48:18 - [TEST_CASE][PASSED] - Test Cases/Filtreler/BitisYaz: Test Cases/Filtreler/BitisYaz

2021-11-11 09:48:18 - [TEST_STEP][PASSED] - Method.TextDegerineEsitElementinAltindakineTikla(findTestObject("Filtreler/Basliklar"), findTestObject("Filtreler/Basliga_Gore_Bitis_Image"), Filtre_Adi): Method.TextDegerineEsitElementinAltindakineTikla is PASSED

2021-11-11 09:48:18 - [MESSAGE][INFO] - Finding Test Object 'Object Repository/Filtreler/Basliklar'

2021-11-11 09:48:18 - [MESSAGE][INFO] - Finding Test Object 'Object Repository/Filtreler/Basliga_Gore_Bitis_Image'

2021-11-11 09:48:18 - [MESSAGE][INFO] - Checking timeout

2021-11-11 09:48:18 - [MESSAGE][INFO] - Finding web element with id: 'Object Repository/Filtreler/Basliklar' located by 'By.cssSelector: .control-label.col-sm-4.paddingMarginRLC' in '10' second(s)

2021-11-11 09:48:18 - [MESSAGE][INFO] - Smart Wait Function is triggered

2021-11-11 09:48:18 - [MESSAGE][INFO] - Found 13 web elements with id: 'Object Repository/Filtreler/Basliklar' located by 'By.cssSelector: .control-label.col-sm-4.paddingMarginRLC' in '10' second(s)

2021-11-11 09:48:18 - [MESSAGE][INFO] - Smart Wait Function is triggered

2021-11-11 09:48:18 - [MESSAGE][PASSED] - Method.TextDegerineEsitElementinAltindakineTikla is PASSED

2021-11-11 09:48:18 - [TEST_STEP][PASSED] - Method.TextDegerineEsitElementinAltindakiTextboxtaYaz(findTestObject("Filtreler/Basliklar"), findTestObject("Object Repository/Filtreler/Basliga_Gore_Bitis"), Filtre_Adi, Filtre_Degeri): Method.TextDegerineEsitElementinAltindakiTextboxtaYaz is PASSED

2021-11-11 09:48:18 - [MESSAGE][INFO] - Finding Test Object 'Object Repository/Filtreler/Basliklar'

2021-11-11 09:48:18 - [MESSAGE][INFO] - Finding Test Object 'Object Repository/Filtreler/Basliga_Gore_Bitis'

2021-11-11 09:48:19 - [MESSAGE][INFO] - Checking timeout

2021-11-11 09:48:19 - [MESSAGE][INFO] - Finding web element with id: 'Object Repository/Filtreler/Basliklar' located by 'By.cssSelector: .control-label.col-sm-4.paddingMarginRLC' in '10' second(s)

2021-11-11 09:48:19 - [MESSAGE][INFO] - Smart Wait Function is triggered

2021-11-11 09:48:19 - [MESSAGE][INFO] - Found 13 web elements with id: 'Object Repository/Filtreler/Basliklar' located by 'By.cssSelector: .control-label.col-sm-4.paddingMarginRLC' in '10' second(s)

2021-11-11 09:48:19 - [MESSAGE][INFO] - Smart Wait Function is triggered

2021-11-11 09:48:19 - [MESSAGE][PASSED] - Method.TextDegerineEsitElementinAltindakiTextboxtaYaz is PASSED

2021-11-11 09:48:19 - [MESSAGE][PASSED] - Call Test Case 'Test Cases/Filtreler/BitisYaz' successfully

2021-11-11 09:48:19 - [MESSAGE][INFO] - Checking called Test Case

2021-11-11 09:48:19 - [MESSAGE][INFO] - Starting to call Test Case 'Test Cases/Filtreler/TexboxaYaz'

2021-11-11 09:48:19 - [TEST_CASE][PASSED] - Test Cases/Filtreler/TexboxaYaz: Test Cases/Filtreler/TexboxaYaz

2021-11-11 09:48:19 - [TEST_STEP][PASSED] - Method.TextDegerineEsitElementinAltindakiTextboxtaYaz(findTestObject("Filtreler/Basliklar"), findTestObject("Filtreler/Basliga_Gore_Textbox"), Filtre_Adi, Filtre_Degeri): Method.TextDegerineEsitElementinAltindakiTextboxtaYaz is PASSED

2021-11-11 09:48:19 - [MESSAGE][INFO] - Finding Test Object 'Object Repository/Filtreler/Basliklar'

2021-11-11 09:48:20 - [MESSAGE][INFO] - Finding Test Object 'Object Repository/Filtreler/Basliga_Gore_Textbox'

2021-11-11 09:48:20 - [MESSAGE][INFO] - Checking timeout

2021-11-11 09:48:20 - [MESSAGE][INFO] - Finding web element with id: 'Object Repository/Filtreler/Basliklar' located by 'By.cssSelector: .control-label.col-sm-4.paddingMarginRLC' in '10' second(s)

2021-11-11 09:48:20 - [MESSAGE][INFO] - Smart Wait Function is triggered

2021-11-11 09:48:20 - [MESSAGE][INFO] - Found 13 web elements with id: 'Object Repository/Filtreler/Basliklar' located by 'By.cssSelector: .control-label.col-sm-4.paddingMarginRLC' in '10' second(s)

2021-11-11 09:48:20 - [MESSAGE][INFO] - Smart Wait Function is triggered

2021-11-11 09:48:21 - [MESSAGE][PASSED] - Method.TextDegerineEsitElementinAltindakiTextboxtaYaz is PASSED

2021-11-11 09:48:21 - [MESSAGE][PASSED] - Call Test Case 'Test Cases/Filtreler/TexboxaYaz' successfully

2021-11-11 09:48:21 - [MESSAGE][INFO] - Checking called Test Case

2021-11-11 09:48:21 - [MESSAGE][INFO] - Starting to call Test Case 'Test Cases/Filtreler/ButonaTikla'

2021-11-11 09:48:21 - [TEST_CASE][PASSED] - Test Cases/Filtreler/ButonaTikla: Test Cases/Filtreler/ButonaTikla

2021-11-11 09:48:21 - [TEST_STEP][PASSED] - Method.TextDegerineEsitElementeTikla(findTestObject("Filtreler/Butonlar"), Filtre_Buton): Method.TextDegerineEsitElementeTikla is PASSED

2021-11-11 09:48:21 - [MESSAGE][INFO] - Finding Test Object 'Object Repository/Filtreler/Butonlar'

2021-11-11 09:48:21 - [MESSAGE][INFO] - Checking timeout

2021-11-11 09:48:21 - [MESSAGE][INFO] - Finding web element with id: 'Object Repository/Filtreler/Butonlar' located by 'By.cssSelector: .dxb>span' in '10' second(s)

2021-11-11 09:48:21 - [MESSAGE][INFO] - Smart Wait Function is triggered

2021-11-11 09:48:21 - [MESSAGE][INFO] - Found 3 web elements with id: 'Object Repository/Filtreler/Butonlar' located by 'By.cssSelector: .dxb>span' in '10' second(s)

2021-11-11 09:48:21 - [MESSAGE][PASSED] - Method.TextDegerineEsitElementeTikla is PASSED

2021-11-11 09:48:21 - [MESSAGE][PASSED] - Call Test Case 'Test Cases/Filtreler/ButonaTikla' successfully

2021-11-11 09:48:21 - [MESSAGE][INFO] - Checking called Test Case

2021-11-11 09:48:21 - [MESSAGE][INFO] - Starting to call Test Case 'Test Cases/Tablo/TablodaVeriVarMi'

2021-11-11 09:48:21 - [TEST_CASE][PASSED] - Test Cases/Tablo/TablodaVeriVarMi: Test Cases/Tablo/TablodaVeriVarMi

2021-11-11 09:48:21 - [TEST_STEP][PASSED] - verifyTextNotPresent("Görüntülenecek veri yok", true): Text 'Görüntülenecek veri yok' is not present on page using regular expression

2021-11-11 09:48:21 - [MESSAGE][INFO] - Checking text present  using regular expression

2021-11-11 09:48:21 - [MESSAGE][INFO] - Smart Wait Function is triggered

2021-11-11 09:48:22 - [MESSAGE][INFO] - Finding text 'Görüntülenecek veri yok' on page  using regular expression

2021-11-11 09:48:22 - [MESSAGE][PASSED] - Text 'Görüntülenecek veri yok' is not present on page using regular expression

2021-11-11 09:48:22 - [MESSAGE][PASSED] - Call Test Case 'Test Cases/Tablo/TablodaVeriVarMi' successfully

2021-11-11 09:48:22 - [MESSAGE][INFO] - Checking called Test Case

2021-11-11 09:48:22 - [MESSAGE][INFO] - Starting to call Test Case 'Test Cases/Tablo/TablodanVeriSec'

2021-11-11 09:48:22 - [TEST_CASE][PASSED] - Test Cases/Tablo/TablodanVeriSec: Test Cases/Tablo/TablodanVeriSec

2021-11-11 09:48:22 - [TEST_STEP][PASSED] - Method.TextDegerineEsitElementinAltindakineTikla(findTestObject("Tablo/Veriler"), findTestObject("Tablo/VerininCheckBoxi"), Veri_Adi): Method.TextDegerineEsitElementinAltindakineTikla is PASSED

2021-11-11 09:48:22 - [MESSAGE][INFO] - Finding Test Object 'Object Repository/Tablo/Veriler'

2021-11-11 09:48:22 - [MESSAGE][INFO] - Finding Test Object 'Object Repository/Tablo/VerininCheckBoxi'

2021-11-11 09:48:22 - [MESSAGE][INFO] - Checking timeout

2021-11-11 09:48:22 - [MESSAGE][INFO] - Finding web element with id: 'Object Repository/Tablo/Veriler' located by 'By.cssSelector: td.dxgv b ,td.dxgv' in '10' second(s)

2021-11-11 09:48:22 - [MESSAGE][INFO] - Smart Wait Function is triggered

2021-11-11 09:48:23 - [MESSAGE][INFO] - Found 26 web elements with id: 'Object Repository/Tablo/Veriler' located by 'By.cssSelector: td.dxgv b ,td.dxgv' in '10' second(s)

2021-11-11 09:48:23 - [MESSAGE][INFO] - Smart Wait Function is triggered

2021-11-11 09:48:23 - [MESSAGE][PASSED] - Method.TextDegerineEsitElementinAltindakineTikla is PASSED

2021-11-11 09:48:23 - [MESSAGE][PASSED] - Call Test Case 'Test Cases/Tablo/TablodanVeriSec' successfully

2021-11-11 09:48:23 - [MESSAGE][INFO] - Checking called Test Case

2021-11-11 09:48:23 - [MESSAGE][INFO] - Starting to call Test Case 'Test Cases/Butonlar/ButonaTikla'

2021-11-11 09:48:23 - [TEST_CASE][PASSED] - Test Cases/Butonlar/ButonaTikla: Test Cases/Butonlar/ButonaTikla

2021-11-11 09:48:23 - [TEST_STEP][PASSED] - Method.TextDegerineEsitElementeTiklaEquals(findTestObject("Butonlar/Butonlar"), Buton_Adi): Method.TextDegerineEsitElementeTiklaEquals is PASSED

2021-11-11 09:48:23 - [MESSAGE][INFO] - Finding Test Object 'Object Repository/Butonlar/Butonlar'

2021-11-11 09:48:23 - [MESSAGE][INFO] - Checking timeout

2021-11-11 09:48:23 - [MESSAGE][INFO] - Finding web element with id: 'Object Repository/Butonlar/Butonlar' located by 'By.cssSelector: .panel.panel-default.text-center.footerPanel .btn,.btn.btn-primary.btnControls' in '10' second(s)

2021-11-11 09:48:23 - [MESSAGE][INFO] - Smart Wait Function is triggered

2021-11-11 09:48:24 - [MESSAGE][INFO] - Found 11 web elements with id: 'Object Repository/Butonlar/Butonlar' located by 'By.cssSelector: .panel.panel-default.text-center.footerPanel .btn,.btn.btn-primary.btnControls' in '10' second(s)

2021-11-11 09:48:24 - [MESSAGE][PASSED] - Method.TextDegerineEsitElementeTiklaEquals is PASSED

2021-11-11 09:48:24 - [MESSAGE][PASSED] - Call Test Case 'Test Cases/Butonlar/ButonaTikla' successfully

2021-11-11 09:48:24 - [MESSAGE][INFO] - Checking called Test Case

2021-11-11 09:48:24 - [MESSAGE][INFO] - Starting to call Test Case 'Test Cases/Butonlar/AltButonaTikla'

2021-11-11 09:48:24 - [TEST_CASE][PASSED] - Test Cases/Butonlar/AltButonaTikla: Test Cases/Butonlar/AltButonaTikla

2021-11-11 09:48:24 - [TEST_STEP][PASSED] - Method.TextDegerineEsitElementeTikla(findTestObject("Butonlar/AltButonlar"), Alt_Buton): Method.TextDegerineEsitElementeTikla is PASSED

2021-11-11 09:48:24 - [MESSAGE][INFO] - Finding Test Object 'Object Repository/Butonlar/AltButonlar'

2021-11-11 09:48:24 - [MESSAGE][INFO] - Checking timeout

2021-11-11 09:48:24 - [MESSAGE][INFO] - Finding web element with id: 'Object Repository/Butonlar/AltButonlar' located by 'By.cssSelector: .btn-group.open li>a' in '10' second(s)

2021-11-11 09:48:24 - [MESSAGE][INFO] - Smart Wait Function is triggered

2021-11-11 09:48:24 - [MESSAGE][INFO] - Found 2 web elements with id: 'Object Repository/Butonlar/AltButonlar' located by 'By.cssSelector: .btn-group.open li>a' in '10' second(s)

2021-11-11 09:48:24 - [MESSAGE][PASSED] - Method.TextDegerineEsitElementeTikla is PASSED

2021-11-11 09:48:24 - [MESSAGE][PASSED] - Call Test Case 'Test Cases/Butonlar/AltButonaTikla' successfully

2021-11-11 09:48:24 - [MESSAGE][INFO] - Checking called Test Case

2021-11-11 09:48:24 - [MESSAGE][INFO] - Starting to call Test Case 'Test Cases/Popup/PopupMesajiIceriyorMu'

2021-11-11 09:48:24 - [TEST_CASE][PASSED] - Test Cases/Popup/PopupMesajiIceriyorMu: Test Cases/Popup/PopupMesajiIceriyorMu

2021-11-11 09:48:25 - [TEST_STEP][PASSED] - waitForElementVisible(findTestObject("Popup/Popup"), 10): Object 'Object Repository/Popup/Popup' is visible

2021-11-11 09:48:25 - [MESSAGE][INFO] - Finding Test Object 'Object Repository/Popup/Popup'

2021-11-11 09:48:25 - [MESSAGE][INFO] - Checking object

2021-11-11 09:48:25 - [MESSAGE][INFO] - Checking timeout

2021-11-11 09:48:25 - [MESSAGE][INFO] - Finding web element from Test Object's properties

2021-11-11 09:48:25 - [MESSAGE][INFO] - Checking timeout

2021-11-11 09:48:25 - [MESSAGE][INFO] - Finding web element with id: 'Object Repository/Popup/Popup' located by 'By.cssSelector: .bootbox-body' in '10' second(s)

2021-11-11 09:48:25 - [MESSAGE][INFO] - Smart Wait Function is triggered

2021-11-11 09:48:25 - [MESSAGE][INFO] - Found 1 web elements with id: 'Object Repository/Popup/Popup' located by 'By.cssSelector: .bootbox-body' in '10' second(s)

2021-11-11 09:48:25 - [MESSAGE][PASSED] - Object 'Object Repository/Popup/Popup' is visible

2021-11-11 09:48:25 - [TEST_STEP][PASSED] - if (!(getText(findTestObject("Popup/Popup")).contains(Mesaj))): Text of object 'Object Repository/Popup/Popup' is: 'Lütfen rapor bildiriminin gönderileceği e-posta adresini belirtiniz.
e-Posta Adresi'

2021-11-11 09:48:25 - [MESSAGE][INFO] - Finding Test Object 'Object Repository/Popup/Popup'

2021-11-11 09:48:26 - [MESSAGE][INFO] - Checking object

2021-11-11 09:48:26 - [MESSAGE][INFO] - Finding web element from Test Object's properties

2021-11-11 09:48:26 - [MESSAGE][INFO] - Checking timeout

2021-11-11 09:48:26 - [MESSAGE][INFO] - Finding web element with id: 'Object Repository/Popup/Popup' located by 'By.cssSelector: .bootbox-body' in '30' second(s)

2021-11-11 09:48:26 - [MESSAGE][INFO] - Smart Wait Function is triggered

2021-11-11 09:48:26 - [MESSAGE][INFO] - Found 1 web elements with id: 'Object Repository/Popup/Popup' located by 'By.cssSelector: .bootbox-body' in '30' second(s)

2021-11-11 09:48:26 - [MESSAGE][INFO] - Getting text of object 'Object Repository/Popup/Popup'

2021-11-11 09:48:26 - [MESSAGE][PASSED] - Text of object 'Object Repository/Popup/Popup' is: 'Lütfen rapor bildiriminin gönderileceği e-posta adresini belirtiniz.
e-Posta Adresi'

2021-11-11 09:48:26 - [TEST_STEP][PASSED] - RaporNo = getText(findTestObject("Popup/Popup")).substring(0, 6): Text of object 'Object Repository/Popup/Popup' is: 'Lütfen rapor bildiriminin gönderileceği e-posta adresini belirtiniz.
e-Posta Adresi'

2021-11-11 09:48:26 - [MESSAGE][INFO] - Finding Test Object 'Object Repository/Popup/Popup'

2021-11-11 09:48:26 - [MESSAGE][INFO] - Checking object

2021-11-11 09:48:26 - [MESSAGE][INFO] - Finding web element from Test Object's properties

2021-11-11 09:48:26 - [MESSAGE][INFO] - Checking timeout

2021-11-11 09:48:26 - [MESSAGE][INFO] - Finding web element with id: 'Object Repository/Popup/Popup' located by 'By.cssSelector: .bootbox-body' in '30' second(s)

2021-11-11 09:48:26 - [MESSAGE][INFO] - Smart Wait Function is triggered

2021-11-11 09:48:26 - [MESSAGE][INFO] - Found 1 web elements with id: 'Object Repository/Popup/Popup' located by 'By.cssSelector: .bootbox-body' in '30' second(s)

2021-11-11 09:48:26 - [MESSAGE][INFO] - Getting text of object 'Object Repository/Popup/Popup'

2021-11-11 09:48:26 - [MESSAGE][PASSED] - Text of object 'Object Repository/Popup/Popup' is: 'Lütfen rapor bildiriminin gönderileceği e-posta adresini belirtiniz.
e-Posta Adresi'

2021-11-11 09:48:26 - [TEST_STEP][PASSED] - Console.println(RaporNo): null

2021-11-11 09:48:26 - [MESSAGE][PASSED] - Call Test Case 'Test Cases/Popup/PopupMesajiIceriyorMu' successfully

2021-11-11 09:48:26 - [MESSAGE][INFO] - Checking called Test Case

2021-11-11 09:48:26 - [MESSAGE][INFO] - Starting to call Test Case 'Test Cases/Popup/PopupaEmailEklenir'

2021-11-11 09:48:26 - [TEST_CASE][PASSED] - Test Cases/Popup/PopupaEmailEklenir: Test Cases/Popup/PopupaEmailEklenir

2021-11-11 09:48:26 - [TEST_STEP][PASSED] - clearText(findTestObject("Popup/EmailText")): Text of object 'Object Repository/Popup/EmailText' is cleared

2021-11-11 09:48:26 - [MESSAGE][INFO] - Finding Test Object 'Object Repository/Popup/EmailText'

2021-11-11 09:48:26 - [MESSAGE][INFO] - Checking object

2021-11-11 09:48:26 - [MESSAGE][INFO] - Finding web element from Test Object's properties

2021-11-11 09:48:26 - [MESSAGE][INFO] - Checking timeout

2021-11-11 09:48:26 - [MESSAGE][INFO] - Finding web element with id: 'Object Repository/Popup/EmailText' located by 'By.xpath: //*[@id="eMails"]' in '30' second(s)

2021-11-11 09:48:26 - [MESSAGE][INFO] - Smart Wait Function is triggered

2021-11-11 09:48:27 - [MESSAGE][INFO] - Found 1 web elements with id: 'Object Repository/Popup/EmailText' located by 'By.xpath: //*[@id="eMails"]' in '30' second(s)

2021-11-11 09:48:27 - [MESSAGE][INFO] - Clearing text of object 'Object Repository/Popup/EmailText'

2021-11-11 09:48:27 - [MESSAGE][PASSED] - Text of object 'Object Repository/Popup/EmailText' is cleared

2021-11-11 09:48:27 - [TEST_STEP][PASSED] - sendKeys(findTestObject("Popup/EmailText"), Email): Keys 'elogotest@gmail.com;ali.kara@logo.com.tr' sent to object: 'Object Repository/Popup/EmailText'

2021-11-11 09:48:27 - [MESSAGE][INFO] - Finding Test Object 'Object Repository/Popup/EmailText'

2021-11-11 09:48:27 - [MESSAGE][INFO] - Sending keys 'elogotest@gmail.com;ali.kara@logo.com.tr' to object: 'Object Repository/Popup/EmailText'

2021-11-11 09:48:27 - [MESSAGE][INFO] - Finding web element from Test Object's properties

2021-11-11 09:48:27 - [MESSAGE][INFO] - Checking timeout

2021-11-11 09:48:27 - [MESSAGE][INFO] - Finding web element with id: 'Object Repository/Popup/EmailText' located by 'By.xpath: //*[@id="eMails"]' in '30' second(s)

2021-11-11 09:48:27 - [MESSAGE][INFO] - Smart Wait Function is triggered

2021-11-11 09:48:27 - [MESSAGE][INFO] - Found 1 web elements with id: 'Object Repository/Popup/EmailText' located by 'By.xpath: //*[@id="eMails"]' in '30' second(s)

2021-11-11 09:48:27 - [MESSAGE][PASSED] - Keys 'elogotest@gmail.com;ali.kara@logo.com.tr' sent to object: 'Object Repository/Popup/EmailText'

2021-11-11 09:48:27 - [MESSAGE][PASSED] - Call Test Case 'Test Cases/Popup/PopupaEmailEklenir' successfully

2021-11-11 09:48:27 - [MESSAGE][INFO] - Checking called Test Case

2021-11-11 09:48:27 - [MESSAGE][INFO] - Starting to call Test Case 'Test Cases/Popup/PopupButonSecilir'

2021-11-11 09:48:27 - [TEST_CASE][PASSED] - Test Cases/Popup/PopupButonSecilir: Test Cases/Popup/PopupButonSecilir

2021-11-11 09:48:27 - [TEST_STEP][PASSED] - Method.TextDegerineEsitElementeTikla(findTestObject("Popup/Popup_Butons"), Buton): Method.TextDegerineEsitElementeTikla is PASSED

2021-11-11 09:48:27 - [MESSAGE][INFO] - Finding Test Object 'Object Repository/Popup/Popup_Butons'

2021-11-11 09:48:27 - [MESSAGE][INFO] - Checking timeout

2021-11-11 09:48:27 - [MESSAGE][INFO] - Finding web element with id: 'Object Repository/Popup/Popup_Butons' located by 'By.cssSelector: .modal-footer>button' in '10' second(s)

2021-11-11 09:48:27 - [MESSAGE][INFO] - Smart Wait Function is triggered

2021-11-11 09:48:28 - [MESSAGE][INFO] - Found 2 web elements with id: 'Object Repository/Popup/Popup_Butons' located by 'By.cssSelector: .modal-footer>button' in '10' second(s)

2021-11-11 09:48:28 - [MESSAGE][PASSED] - Method.TextDegerineEsitElementeTikla is PASSED

2021-11-11 09:48:28 - [MESSAGE][PASSED] - Call Test Case 'Test Cases/Popup/PopupButonSecilir' successfully

2021-11-11 09:48:28 - [MESSAGE][INFO] - Checking called Test Case

2021-11-11 09:48:28 - [MESSAGE][INFO] - Starting to call Test Case 'Test Cases/Popup/PopupMesajiIceriyorMu'

2021-11-11 09:48:28 - [TEST_CASE][PASSED] - Test Cases/Popup/PopupMesajiIceriyorMu: Test Cases/Popup/PopupMesajiIceriyorMu

2021-11-11 09:48:28 - [TEST_STEP][PASSED] - waitForElementVisible(findTestObject("Popup/Popup"), 10): Object 'Object Repository/Popup/Popup' is visible

2021-11-11 09:48:28 - [MESSAGE][INFO] - Finding Test Object 'Object Repository/Popup/Popup'

2021-11-11 09:48:28 - [MESSAGE][INFO] - Checking object

2021-11-11 09:48:28 - [MESSAGE][INFO] - Checking timeout

2021-11-11 09:48:28 - [MESSAGE][INFO] - Finding web element from Test Object's properties

2021-11-11 09:48:28 - [MESSAGE][INFO] - Checking timeout

2021-11-11 09:48:28 - [MESSAGE][INFO] - Finding web element with id: 'Object Repository/Popup/Popup' located by 'By.cssSelector: .bootbox-body' in '10' second(s)

2021-11-11 09:48:28 - [MESSAGE][INFO] - Smart Wait Function is triggered

2021-11-11 09:48:29 - [MESSAGE][INFO] - Found 1 web elements with id: 'Object Repository/Popup/Popup' located by 'By.cssSelector: .bootbox-body' in '10' second(s)

2021-11-11 09:48:29 - [MESSAGE][PASSED] - Object 'Object Repository/Popup/Popup' is visible

2021-11-11 09:48:29 - [TEST_STEP][PASSED] - if (!(getText(findTestObject("Popup/Popup")).contains(Mesaj))): Text of object 'Object Repository/Popup/Popup' is: '16283 no’lu talebiniz işleme alınmıştır. Raporunuz hazırlandığında (elogotest@gmail.com;ali.kara@logo.com.tr) adresinize mail gönderilecektir.
Rapor durumunuzu Raporlar > Toplu Veri İndirme ekranından takip edebilir, hazırlandı durumundaki raporlarınızı ilgili menüden indirebilirsiniz.'

2021-11-11 09:48:29 - [MESSAGE][INFO] - Finding Test Object 'Object Repository/Popup/Popup'

2021-11-11 09:48:29 - [MESSAGE][INFO] - Checking object

2021-11-11 09:48:29 - [MESSAGE][INFO] - Finding web element from Test Object's properties

2021-11-11 09:48:29 - [MESSAGE][INFO] - Checking timeout

2021-11-11 09:48:29 - [MESSAGE][INFO] - Finding web element with id: 'Object Repository/Popup/Popup' located by 'By.cssSelector: .bootbox-body' in '30' second(s)

2021-11-11 09:48:29 - [MESSAGE][INFO] - Smart Wait Function is triggered

2021-11-11 09:48:29 - [MESSAGE][INFO] - Found 1 web elements with id: 'Object Repository/Popup/Popup' located by 'By.cssSelector: .bootbox-body' in '30' second(s)

2021-11-11 09:48:29 - [MESSAGE][INFO] - Getting text of object 'Object Repository/Popup/Popup'

2021-11-11 09:48:29 - [MESSAGE][PASSED] - Text of object 'Object Repository/Popup/Popup' is: '16283 no’lu talebiniz işleme alınmıştır. Raporunuz hazırlandığında (elogotest@gmail.com;ali.kara@logo.com.tr) adresinize mail gönderilecektir.
Rapor durumunuzu Raporlar > Toplu Veri İndirme ekranından takip edebilir, hazırlandı durumundaki raporlarınızı ilgili menüden indirebilirsiniz.'

2021-11-11 09:48:29 - [TEST_STEP][PASSED] - RaporNo = getText(findTestObject("Popup/Popup")).substring(0, 6): Text of object 'Object Repository/Popup/Popup' is: '16283 no’lu talebiniz işleme alınmıştır. Raporunuz hazırlandığında (elogotest@gmail.com;ali.kara@logo.com.tr) adresinize mail gönderilecektir.
Rapor durumunuzu Raporlar > Toplu Veri İndirme ekranından takip edebilir, hazırlandı durumundaki raporlarınızı ilgili menüden indirebilirsiniz.'

2021-11-11 09:48:29 - [MESSAGE][INFO] - Finding Test Object 'Object Repository/Popup/Popup'

2021-11-11 09:48:29 - [MESSAGE][INFO] - Checking object

2021-11-11 09:48:29 - [MESSAGE][INFO] - Finding web element from Test Object's properties

2021-11-11 09:48:29 - [MESSAGE][INFO] - Checking timeout

2021-11-11 09:48:29 - [MESSAGE][INFO] - Finding web element with id: 'Object Repository/Popup/Popup' located by 'By.cssSelector: .bootbox-body' in '30' second(s)

2021-11-11 09:48:29 - [MESSAGE][INFO] - Smart Wait Function is triggered

2021-11-11 09:48:30 - [MESSAGE][INFO] - Found 1 web elements with id: 'Object Repository/Popup/Popup' located by 'By.cssSelector: .bootbox-body' in '30' second(s)

2021-11-11 09:48:30 - [MESSAGE][INFO] - Getting text of object 'Object Repository/Popup/Popup'

2021-11-11 09:48:30 - [MESSAGE][PASSED] - Text of object 'Object Repository/Popup/Popup' is: '16283 no’lu talebiniz işleme alınmıştır. Raporunuz hazırlandığında (elogotest@gmail.com;ali.kara@logo.com.tr) adresinize mail gönderilecektir.
Rapor durumunuzu Raporlar > Toplu Veri İndirme ekranından takip edebilir, hazırlandı durumundaki raporlarınızı ilgili menüden indirebilirsiniz.'

2021-11-11 09:48:30 - [TEST_STEP][PASSED] - Console.println(RaporNo): null

2021-11-11 09:48:30 - [MESSAGE][PASSED] - Call Test Case 'Test Cases/Popup/PopupMesajiIceriyorMu' successfully

2021-11-11 09:48:30 - [MESSAGE][INFO] - Checking called Test Case

2021-11-11 09:48:30 - [MESSAGE][INFO] - Starting to call Test Case 'Test Cases/Popup/PopupButonSecilir'

2021-11-11 09:48:30 - [TEST_CASE][PASSED] - Test Cases/Popup/PopupButonSecilir: Test Cases/Popup/PopupButonSecilir

2021-11-11 09:48:30 - [TEST_STEP][PASSED] - Method.TextDegerineEsitElementeTikla(findTestObject("Popup/Popup_Butons"), Buton): Method.TextDegerineEsitElementeTikla is PASSED

2021-11-11 09:48:30 - [MESSAGE][INFO] - Finding Test Object 'Object Repository/Popup/Popup_Butons'

2021-11-11 09:48:30 - [MESSAGE][INFO] - Checking timeout

2021-11-11 09:48:30 - [MESSAGE][INFO] - Finding web element with id: 'Object Repository/Popup/Popup_Butons' located by 'By.cssSelector: .modal-footer>button' in '10' second(s)

2021-11-11 09:48:30 - [MESSAGE][INFO] - Smart Wait Function is triggered

2021-11-11 09:48:30 - [MESSAGE][INFO] - Found 1 web elements with id: 'Object Repository/Popup/Popup_Butons' located by 'By.cssSelector: .modal-footer>button' in '10' second(s)

2021-11-11 09:48:30 - [MESSAGE][PASSED] - Method.TextDegerineEsitElementeTikla is PASSED

2021-11-11 09:48:30 - [MESSAGE][PASSED] - Call Test Case 'Test Cases/Popup/PopupButonSecilir' successfully

2021-11-11 09:48:30 - [MESSAGE][INFO] - Checking called Test Case

2021-11-11 09:48:30 - [MESSAGE][INFO] - Starting to call Test Case 'Test Cases/Butonlar/ButonaTikla'

2021-11-11 09:48:30 - [TEST_CASE][PASSED] - Test Cases/Butonlar/ButonaTikla: Test Cases/Butonlar/ButonaTikla

2021-11-11 09:48:30 - [TEST_STEP][PASSED] - Method.TextDegerineEsitElementeTiklaEquals(findTestObject("Butonlar/Butonlar"), Buton_Adi): Method.TextDegerineEsitElementeTiklaEquals is PASSED

2021-11-11 09:48:30 - [MESSAGE][INFO] - Finding Test Object 'Object Repository/Butonlar/Butonlar'

2021-11-11 09:48:30 - [MESSAGE][INFO] - Checking timeout

2021-11-11 09:48:30 - [MESSAGE][INFO] - Finding web element with id: 'Object Repository/Butonlar/Butonlar' located by 'By.cssSelector: .panel.panel-default.text-center.footerPanel .btn,.btn.btn-primary.btnControls' in '10' second(s)

2021-11-11 09:48:30 - [MESSAGE][INFO] - Smart Wait Function is triggered

2021-11-11 09:48:31 - [MESSAGE][INFO] - Found 11 web elements with id: 'Object Repository/Butonlar/Butonlar' located by 'By.cssSelector: .panel.panel-default.text-center.footerPanel .btn,.btn.btn-primary.btnControls' in '10' second(s)

2021-11-11 09:48:31 - [MESSAGE][PASSED] - Method.TextDegerineEsitElementeTiklaEquals is PASSED

2021-11-11 09:48:31 - [MESSAGE][PASSED] - Call Test Case 'Test Cases/Butonlar/ButonaTikla' successfully

2021-11-11 09:48:31 - [MESSAGE][INFO] - Checking called Test Case

2021-11-11 09:48:31 - [MESSAGE][INFO] - Starting to call Test Case 'Test Cases/Butonlar/AltButonaTikla'

2021-11-11 09:48:31 - [TEST_CASE][PASSED] - Test Cases/Butonlar/AltButonaTikla: Test Cases/Butonlar/AltButonaTikla

2021-11-11 09:48:31 - [TEST_STEP][PASSED] - Method.TextDegerineEsitElementeTikla(findTestObject("Butonlar/AltButonlar"), Alt_Buton): Method.TextDegerineEsitElementeTikla is PASSED

2021-11-11 09:48:31 - [MESSAGE][INFO] - Finding Test Object 'Object Repository/Butonlar/AltButonlar'

2021-11-11 09:48:31 - [MESSAGE][INFO] - Checking timeout

2021-11-11 09:48:31 - [MESSAGE][INFO] - Finding web element with id: 'Object Repository/Butonlar/AltButonlar' located by 'By.cssSelector: .btn-group.open li>a' in '10' second(s)

2021-11-11 09:48:31 - [MESSAGE][INFO] - Smart Wait Function is triggered

2021-11-11 09:48:32 - [MESSAGE][INFO] - Found 2 web elements with id: 'Object Repository/Butonlar/AltButonlar' located by 'By.cssSelector: .btn-group.open li>a' in '10' second(s)

2021-11-11 09:48:32 - [MESSAGE][PASSED] - Method.TextDegerineEsitElementeTikla is PASSED

2021-11-11 09:48:32 - [MESSAGE][PASSED] - Call Test Case 'Test Cases/Butonlar/AltButonaTikla' successfully

2021-11-11 09:48:32 - [MESSAGE][INFO] - Checking called Test Case

2021-11-11 09:48:32 - [MESSAGE][INFO] - Starting to call Test Case 'Test Cases/Popup/PopupMesajiIceriyorMu'

2021-11-11 09:48:32 - [TEST_CASE][PASSED] - Test Cases/Popup/PopupMesajiIceriyorMu: Test Cases/Popup/PopupMesajiIceriyorMu

2021-11-11 09:48:32 - [TEST_STEP][PASSED] - waitForElementVisible(findTestObject("Popup/Popup"), 10): Object 'Object Repository/Popup/Popup' is visible

2021-11-11 09:48:32 - [MESSAGE][INFO] - Finding Test Object 'Object Repository/Popup/Popup'

2021-11-11 09:48:32 - [MESSAGE][INFO] - Checking object

2021-11-11 09:48:32 - [MESSAGE][INFO] - Checking timeout

2021-11-11 09:48:32 - [MESSAGE][INFO] - Finding web element from Test Object's properties

2021-11-11 09:48:32 - [MESSAGE][INFO] - Checking timeout

2021-11-11 09:48:32 - [MESSAGE][INFO] - Finding web element with id: 'Object Repository/Popup/Popup' located by 'By.cssSelector: .bootbox-body' in '10' second(s)

2021-11-11 09:48:32 - [MESSAGE][INFO] - Smart Wait Function is triggered

2021-11-11 09:48:32 - [MESSAGE][INFO] - Found 1 web elements with id: 'Object Repository/Popup/Popup' located by 'By.cssSelector: .bootbox-body' in '10' second(s)

2021-11-11 09:48:32 - [MESSAGE][PASSED] - Object 'Object Repository/Popup/Popup' is visible

2021-11-11 09:48:32 - [TEST_STEP][PASSED] - if (!(getText(findTestObject("Popup/Popup")).contains(Mesaj))): Text of object 'Object Repository/Popup/Popup' is: 'Lütfen rapor bildiriminin gönderileceği e-posta adresini belirtiniz.
e-Posta Adresi'

2021-11-11 09:48:32 - [MESSAGE][INFO] - Finding Test Object 'Object Repository/Popup/Popup'

2021-11-11 09:48:32 - [MESSAGE][INFO] - Checking object

2021-11-11 09:48:32 - [MESSAGE][INFO] - Finding web element from Test Object's properties

2021-11-11 09:48:32 - [MESSAGE][INFO] - Checking timeout

2021-11-11 09:48:32 - [MESSAGE][INFO] - Finding web element with id: 'Object Repository/Popup/Popup' located by 'By.cssSelector: .bootbox-body' in '30' second(s)

2021-11-11 09:48:32 - [MESSAGE][INFO] - Smart Wait Function is triggered

2021-11-11 09:48:33 - [MESSAGE][INFO] - Found 1 web elements with id: 'Object Repository/Popup/Popup' located by 'By.cssSelector: .bootbox-body' in '30' second(s)

2021-11-11 09:48:33 - [MESSAGE][INFO] - Getting text of object 'Object Repository/Popup/Popup'

2021-11-11 09:48:33 - [MESSAGE][PASSED] - Text of object 'Object Repository/Popup/Popup' is: 'Lütfen rapor bildiriminin gönderileceği e-posta adresini belirtiniz.
e-Posta Adresi'

2021-11-11 09:48:33 - [TEST_STEP][PASSED] - RaporNo = getText(findTestObject("Popup/Popup")).substring(0, 6): Text of object 'Object Repository/Popup/Popup' is: 'Lütfen rapor bildiriminin gönderileceği e-posta adresini belirtiniz.
e-Posta Adresi'

2021-11-11 09:48:33 - [MESSAGE][INFO] - Finding Test Object 'Object Repository/Popup/Popup'

2021-11-11 09:48:33 - [MESSAGE][INFO] - Checking object

2021-11-11 09:48:33 - [MESSAGE][INFO] - Finding web element from Test Object's properties

2021-11-11 09:48:33 - [MESSAGE][INFO] - Checking timeout

2021-11-11 09:48:33 - [MESSAGE][INFO] - Finding web element with id: 'Object Repository/Popup/Popup' located by 'By.cssSelector: .bootbox-body' in '30' second(s)

2021-11-11 09:48:33 - [MESSAGE][INFO] - Smart Wait Function is triggered

2021-11-11 09:48:33 - [MESSAGE][INFO] - Found 1 web elements with id: 'Object Repository/Popup/Popup' located by 'By.cssSelector: .bootbox-body' in '30' second(s)

2021-11-11 09:48:33 - [MESSAGE][INFO] - Getting text of object 'Object Repository/Popup/Popup'

2021-11-11 09:48:33 - [MESSAGE][PASSED] - Text of object 'Object Repository/Popup/Popup' is: 'Lütfen rapor bildiriminin gönderileceği e-posta adresini belirtiniz.
e-Posta Adresi'

2021-11-11 09:48:33 - [TEST_STEP][PASSED] - Console.println(RaporNo): null

2021-11-11 09:48:33 - [MESSAGE][PASSED] - Call Test Case 'Test Cases/Popup/PopupMesajiIceriyorMu' successfully

2021-11-11 09:48:33 - [MESSAGE][INFO] - Checking called Test Case

2021-11-11 09:48:33 - [MESSAGE][INFO] - Starting to call Test Case 'Test Cases/Popup/PopupaEmailEklenir'

2021-11-11 09:48:33 - [TEST_CASE][PASSED] - Test Cases/Popup/PopupaEmailEklenir: Test Cases/Popup/PopupaEmailEklenir

2021-11-11 09:48:33 - [TEST_STEP][PASSED] - clearText(findTestObject("Popup/EmailText")): Text of object 'Object Repository/Popup/EmailText' is cleared

2021-11-11 09:48:33 - [MESSAGE][INFO] - Finding Test Object 'Object Repository/Popup/EmailText'

2021-11-11 09:48:33 - [MESSAGE][INFO] - Checking object

2021-11-11 09:48:33 - [MESSAGE][INFO] - Finding web element from Test Object's properties

2021-11-11 09:48:33 - [MESSAGE][INFO] - Checking timeout

2021-11-11 09:48:33 - [MESSAGE][INFO] - Finding web element with id: 'Object Repository/Popup/EmailText' located by 'By.xpath: //*[@id="eMails"]' in '30' second(s)

2021-11-11 09:48:33 - [MESSAGE][INFO] - Smart Wait Function is triggered

2021-11-11 09:48:33 - [MESSAGE][INFO] - Found 1 web elements with id: 'Object Repository/Popup/EmailText' located by 'By.xpath: //*[@id="eMails"]' in '30' second(s)

2021-11-11 09:48:33 - [MESSAGE][INFO] - Clearing text of object 'Object Repository/Popup/EmailText'

2021-11-11 09:48:33 - [MESSAGE][PASSED] - Text of object 'Object Repository/Popup/EmailText' is cleared

2021-11-11 09:48:33 - [TEST_STEP][PASSED] - sendKeys(findTestObject("Popup/EmailText"), Email): Keys 'elogotest@gmail.com;ali.kara@logo.com.tr' sent to object: 'Object Repository/Popup/EmailText'

2021-11-11 09:48:33 - [MESSAGE][INFO] - Finding Test Object 'Object Repository/Popup/EmailText'

2021-11-11 09:48:34 - [MESSAGE][INFO] - Sending keys 'elogotest@gmail.com;ali.kara@logo.com.tr' to object: 'Object Repository/Popup/EmailText'

2021-11-11 09:48:34 - [MESSAGE][INFO] - Finding web element from Test Object's properties

2021-11-11 09:48:34 - [MESSAGE][INFO] - Checking timeout

2021-11-11 09:48:34 - [MESSAGE][INFO] - Finding web element with id: 'Object Repository/Popup/EmailText' located by 'By.xpath: //*[@id="eMails"]' in '30' second(s)

2021-11-11 09:48:34 - [MESSAGE][INFO] - Smart Wait Function is triggered

2021-11-11 09:48:34 - [MESSAGE][INFO] - Found 1 web elements with id: 'Object Repository/Popup/EmailText' located by 'By.xpath: //*[@id="eMails"]' in '30' second(s)

2021-11-11 09:48:34 - [MESSAGE][PASSED] - Keys 'elogotest@gmail.com;ali.kara@logo.com.tr' sent to object: 'Object Repository/Popup/EmailText'

2021-11-11 09:48:34 - [MESSAGE][PASSED] - Call Test Case 'Test Cases/Popup/PopupaEmailEklenir' successfully

2021-11-11 09:48:34 - [MESSAGE][INFO] - Checking called Test Case

2021-11-11 09:48:34 - [MESSAGE][INFO] - Starting to call Test Case 'Test Cases/Popup/PopupButonSecilir'

2021-11-11 09:48:34 - [TEST_CASE][PASSED] - Test Cases/Popup/PopupButonSecilir: Test Cases/Popup/PopupButonSecilir

2021-11-11 09:48:34 - [TEST_STEP][PASSED] - Method.TextDegerineEsitElementeTikla(findTestObject("Popup/Popup_Butons"), Buton): Method.TextDegerineEsitElementeTikla is PASSED

2021-11-11 09:48:34 - [MESSAGE][INFO] - Finding Test Object 'Object Repository/Popup/Popup_Butons'

2021-11-11 09:48:34 - [MESSAGE][INFO] - Checking timeout

2021-11-11 09:48:34 - [MESSAGE][INFO] - Finding web element with id: 'Object Repository/Popup/Popup_Butons' located by 'By.cssSelector: .modal-footer>button' in '10' second(s)

2021-11-11 09:48:34 - [MESSAGE][INFO] - Smart Wait Function is triggered

2021-11-11 09:48:34 - [MESSAGE][INFO] - Found 2 web elements with id: 'Object Repository/Popup/Popup_Butons' located by 'By.cssSelector: .modal-footer>button' in '10' second(s)

2021-11-11 09:48:35 - [MESSAGE][PASSED] - Method.TextDegerineEsitElementeTikla is PASSED

2021-11-11 09:48:35 - [MESSAGE][PASSED] - Call Test Case 'Test Cases/Popup/PopupButonSecilir' successfully

2021-11-11 09:48:35 - [MESSAGE][INFO] - Checking called Test Case

2021-11-11 09:48:35 - [MESSAGE][INFO] - Starting to call Test Case 'Test Cases/Popup/PopupMesajiIceriyorMu'

2021-11-11 09:48:35 - [TEST_CASE][PASSED] - Test Cases/Popup/PopupMesajiIceriyorMu: Test Cases/Popup/PopupMesajiIceriyorMu

2021-11-11 09:48:35 - [TEST_STEP][PASSED] - waitForElementVisible(findTestObject("Popup/Popup"), 10): Object 'Object Repository/Popup/Popup' is visible

2021-11-11 09:48:35 - [MESSAGE][INFO] - Finding Test Object 'Object Repository/Popup/Popup'

2021-11-11 09:48:35 - [MESSAGE][INFO] - Checking object

2021-11-11 09:48:35 - [MESSAGE][INFO] - Checking timeout

2021-11-11 09:48:35 - [MESSAGE][INFO] - Finding web element from Test Object's properties

2021-11-11 09:48:35 - [MESSAGE][INFO] - Checking timeout

2021-11-11 09:48:35 - [MESSAGE][INFO] - Finding web element with id: 'Object Repository/Popup/Popup' located by 'By.cssSelector: .bootbox-body' in '10' second(s)

2021-11-11 09:48:35 - [MESSAGE][INFO] - Smart Wait Function is triggered

2021-11-11 09:48:35 - [MESSAGE][INFO] - Found 1 web elements with id: 'Object Repository/Popup/Popup' located by 'By.cssSelector: .bootbox-body' in '10' second(s)

2021-11-11 09:48:35 - [MESSAGE][PASSED] - Object 'Object Repository/Popup/Popup' is visible

2021-11-11 09:48:35 - [TEST_STEP][PASSED] - if (!(getText(findTestObject("Popup/Popup")).contains(Mesaj))): Text of object 'Object Repository/Popup/Popup' is: '16284 no’lu talebiniz işleme alınmıştır. Raporunuz hazırlandığında (elogotest@gmail.com;ali.kara@logo.com.tr) adresinize mail gönderilecektir.
Rapor durumunuzu Raporlar > Toplu Veri İndirme ekranından takip edebilir, hazırlandı durumundaki raporlarınızı ilgili menüden indirebilirsiniz.'

2021-11-11 09:48:35 - [MESSAGE][INFO] - Finding Test Object 'Object Repository/Popup/Popup'

2021-11-11 09:48:35 - [MESSAGE][INFO] - Checking object

2021-11-11 09:48:35 - [MESSAGE][INFO] - Finding web element from Test Object's properties

2021-11-11 09:48:35 - [MESSAGE][INFO] - Checking timeout

2021-11-11 09:48:35 - [MESSAGE][INFO] - Finding web element with id: 'Object Repository/Popup/Popup' located by 'By.cssSelector: .bootbox-body' in '30' second(s)

2021-11-11 09:48:35 - [MESSAGE][INFO] - Smart Wait Function is triggered

2021-11-11 09:48:36 - [MESSAGE][INFO] - Found 1 web elements with id: 'Object Repository/Popup/Popup' located by 'By.cssSelector: .bootbox-body' in '30' second(s)

2021-11-11 09:48:36 - [MESSAGE][INFO] - Getting text of object 'Object Repository/Popup/Popup'

2021-11-11 09:48:36 - [MESSAGE][PASSED] - Text of object 'Object Repository/Popup/Popup' is: '16284 no’lu talebiniz işleme alınmıştır. Raporunuz hazırlandığında (elogotest@gmail.com;ali.kara@logo.com.tr) adresinize mail gönderilecektir.
Rapor durumunuzu Raporlar > Toplu Veri İndirme ekranından takip edebilir, hazırlandı durumundaki raporlarınızı ilgili menüden indirebilirsiniz.'

2021-11-11 09:48:36 - [TEST_STEP][PASSED] - RaporNo = getText(findTestObject("Popup/Popup")).substring(0, 6): Text of object 'Object Repository/Popup/Popup' is: '16284 no’lu talebiniz işleme alınmıştır. Raporunuz hazırlandığında (elogotest@gmail.com;ali.kara@logo.com.tr) adresinize mail gönderilecektir.
Rapor durumunuzu Raporlar > Toplu Veri İndirme ekranından takip edebilir, hazırlandı durumundaki raporlarınızı ilgili menüden indirebilirsiniz.'

2021-11-11 09:48:36 - [MESSAGE][INFO] - Finding Test Object 'Object Repository/Popup/Popup'

2021-11-11 09:48:36 - [MESSAGE][INFO] - Checking object

2021-11-11 09:48:36 - [MESSAGE][INFO] - Finding web element from Test Object's properties

2021-11-11 09:48:36 - [MESSAGE][INFO] - Checking timeout

2021-11-11 09:48:36 - [MESSAGE][INFO] - Finding web element with id: 'Object Repository/Popup/Popup' located by 'By.cssSelector: .bootbox-body' in '30' second(s)

2021-11-11 09:48:36 - [MESSAGE][INFO] - Smart Wait Function is triggered

2021-11-11 09:48:36 - [MESSAGE][INFO] - Found 1 web elements with id: 'Object Repository/Popup/Popup' located by 'By.cssSelector: .bootbox-body' in '30' second(s)

2021-11-11 09:48:36 - [MESSAGE][INFO] - Getting text of object 'Object Repository/Popup/Popup'

2021-11-11 09:48:36 - [MESSAGE][PASSED] - Text of object 'Object Repository/Popup/Popup' is: '16284 no’lu talebiniz işleme alınmıştır. Raporunuz hazırlandığında (elogotest@gmail.com;ali.kara@logo.com.tr) adresinize mail gönderilecektir.
Rapor durumunuzu Raporlar > Toplu Veri İndirme ekranından takip edebilir, hazırlandı durumundaki raporlarınızı ilgili menüden indirebilirsiniz.'

2021-11-11 09:48:36 - [TEST_STEP][PASSED] - Console.println(RaporNo): null

2021-11-11 09:48:36 - [MESSAGE][PASSED] - Call Test Case 'Test Cases/Popup/PopupMesajiIceriyorMu' successfully

2021-11-11 09:48:36 - [MESSAGE][INFO] - Checking called Test Case

2021-11-11 09:48:36 - [MESSAGE][INFO] - Starting to call Test Case 'Test Cases/Popup/PopupButonSecilir'

2021-11-11 09:48:36 - [TEST_CASE][PASSED] - Test Cases/Popup/PopupButonSecilir: Test Cases/Popup/PopupButonSecilir

2021-11-11 09:48:36 - [TEST_STEP][PASSED] - Method.TextDegerineEsitElementeTikla(findTestObject("Popup/Popup_Butons"), Buton): Method.TextDegerineEsitElementeTikla is PASSED

2021-11-11 09:48:36 - [MESSAGE][INFO] - Finding Test Object 'Object Repository/Popup/Popup_Butons'

2021-11-11 09:48:36 - [MESSAGE][INFO] - Checking timeout

2021-11-11 09:48:36 - [MESSAGE][INFO] - Finding web element with id: 'Object Repository/Popup/Popup_Butons' located by 'By.cssSelector: .modal-footer>button' in '10' second(s)

2021-11-11 09:48:36 - [MESSAGE][INFO] - Smart Wait Function is triggered

2021-11-11 09:48:37 - [MESSAGE][INFO] - Found 1 web elements with id: 'Object Repository/Popup/Popup_Butons' located by 'By.cssSelector: .modal-footer>button' in '10' second(s)

2021-11-11 09:48:37 - [MESSAGE][PASSED] - Method.TextDegerineEsitElementeTikla is PASSED

2021-11-11 09:48:37 - [MESSAGE][PASSED] - Call Test Case 'Test Cases/Popup/PopupButonSecilir' successfully

2021-11-11 09:48:37 - [MESSAGE][INFO] - Checking called Test Case

2021-11-11 09:48:37 - [MESSAGE][INFO] - Starting to call Test Case 'Test Cases/Menu/AnaMenuSecimi'

2021-11-11 09:48:37 - [TEST_CASE][PASSED] - Test Cases/Menu/AnaMenuSecimi: Test Cases/Menu/AnaMenuSecimi

2021-11-11 09:48:37 - [TEST_STEP][PASSED] - Method.TextDegerineEsitElementeTikla(findTestObject("Menu/Ana_Menu"), Ana_Menu): Method.TextDegerineEsitElementeTikla is PASSED

2021-11-11 09:48:37 - [MESSAGE][INFO] - Finding Test Object 'Object Repository/Menu/Ana_Menu'

2021-11-11 09:48:37 - [MESSAGE][INFO] - Checking timeout

2021-11-11 09:48:37 - [MESSAGE][INFO] - Finding web element with id: 'Object Repository/Menu/Ana_Menu' located by 'By.xpath: //*[@class = 'dropdown-toggle']' in '10' second(s)

2021-11-11 09:48:37 - [MESSAGE][INFO] - Smart Wait Function is triggered

2021-11-11 09:48:38 - [MESSAGE][INFO] - Found 14 web elements with id: 'Object Repository/Menu/Ana_Menu' located by 'By.xpath: //*[@class = 'dropdown-toggle']' in '10' second(s)

2021-11-11 09:48:38 - [MESSAGE][PASSED] - Method.TextDegerineEsitElementeTikla is PASSED

2021-11-11 09:48:38 - [MESSAGE][PASSED] - Call Test Case 'Test Cases/Menu/AnaMenuSecimi' successfully

2021-11-11 09:48:38 - [MESSAGE][INFO] - Checking called Test Case

2021-11-11 09:48:38 - [MESSAGE][INFO] - Starting to call Test Case 'Test Cases/Menu/AltMenuSecimi'

2021-11-11 09:48:38 - [TEST_CASE][PASSED] - Test Cases/Menu/AltMenuSecimi: Test Cases/Menu/AltMenuSecimi

2021-11-11 09:48:38 - [TEST_STEP][PASSED] - Method.TextDegerineEsitElementeTikla(findTestObject("Menu/Alt_Menu"), Alt_Menu): Method.TextDegerineEsitElementeTikla is PASSED

2021-11-11 09:48:38 - [MESSAGE][INFO] - Finding Test Object 'Object Repository/Menu/Alt_Menu'

2021-11-11 09:48:38 - [MESSAGE][INFO] - Checking timeout

2021-11-11 09:48:38 - [MESSAGE][INFO] - Finding web element with id: 'Object Repository/Menu/Alt_Menu' located by 'By.xpath: //li[@class='dropdown dropdown-large open']//li[@class='dropdown-element']' in '10' second(s)

2021-11-11 09:48:38 - [MESSAGE][INFO] - Smart Wait Function is triggered

2021-11-11 09:48:39 - [MESSAGE][INFO] - Found 9 web elements with id: 'Object Repository/Menu/Alt_Menu' located by 'By.xpath: //li[@class='dropdown dropdown-large open']//li[@class='dropdown-element']' in '10' second(s)

2021-11-11 09:48:40 - [MESSAGE][PASSED] - Method.TextDegerineEsitElementeTikla is PASSED

2021-11-11 09:48:40 - [MESSAGE][PASSED] - Call Test Case 'Test Cases/Menu/AltMenuSecimi' successfully

2021-11-11 09:48:40 - [MESSAGE][INFO] - Checking called Test Case

2021-11-11 09:48:40 - [MESSAGE][INFO] - Starting to call Test Case 'Test Cases/Filtreler/RaporNoYaz'

2021-11-11 09:48:40 - [TEST_CASE][PASSED] - Test Cases/Filtreler/RaporNoYaz: Test Cases/Filtreler/RaporNoYaz

2021-11-11 09:48:40 - [TEST_STEP][PASSED] - Method.TextDegerineEsitElementinAltindakiTextboxtaYaz(findTestObject("Filtreler/Basliklar"), findTestObject("Filtreler/Basliga_Gore_Textbox"), "Talep No", RaporNo): Method.TextDegerineEsitElementinAltindakiTextboxtaYaz is PASSED

2021-11-11 09:48:40 - [MESSAGE][INFO] - Finding Test Object 'Object Repository/Filtreler/Basliklar'

2021-11-11 09:48:40 - [MESSAGE][INFO] - Finding Test Object 'Object Repository/Filtreler/Basliga_Gore_Textbox'

2021-11-11 09:48:40 - [MESSAGE][INFO] - Checking timeout

2021-11-11 09:48:40 - [MESSAGE][INFO] - Finding web element with id: 'Object Repository/Filtreler/Basliklar' located by 'By.cssSelector: .control-label.col-sm-4.paddingMarginRLC' in '10' second(s)

2021-11-11 09:48:40 - [MESSAGE][INFO] - Smart Wait Function is triggered

2021-11-11 09:48:40 - [MESSAGE][INFO] - Found 8 web elements with id: 'Object Repository/Filtreler/Basliklar' located by 'By.cssSelector: .control-label.col-sm-4.paddingMarginRLC' in '10' second(s)

2021-11-11 09:48:40 - [MESSAGE][INFO] - Smart Wait Function is triggered

2021-11-11 09:48:41 - [MESSAGE][PASSED] - Method.TextDegerineEsitElementinAltindakiTextboxtaYaz is PASSED

2021-11-11 09:48:41 - [MESSAGE][PASSED] - Call Test Case 'Test Cases/Filtreler/RaporNoYaz' successfully

2021-11-11 09:48:41 - [MESSAGE][INFO] - Checking called Test Case

2021-11-11 09:48:41 - [MESSAGE][INFO] - Starting to call Test Case 'Test Cases/Filtreler/ButonaTikla'

2021-11-11 09:48:41 - [TEST_CASE][PASSED] - Test Cases/Filtreler/ButonaTikla: Test Cases/Filtreler/ButonaTikla

2021-11-11 09:48:41 - [TEST_STEP][PASSED] - Method.TextDegerineEsitElementeTikla(findTestObject("Filtreler/Butonlar"), Filtre_Buton): Method.TextDegerineEsitElementeTikla is PASSED

2021-11-11 09:48:41 - [MESSAGE][INFO] - Finding Test Object 'Object Repository/Filtreler/Butonlar'

2021-11-11 09:48:41 - [MESSAGE][INFO] - Checking timeout

2021-11-11 09:48:41 - [MESSAGE][INFO] - Finding web element with id: 'Object Repository/Filtreler/Butonlar' located by 'By.cssSelector: .dxb>span' in '10' second(s)

2021-11-11 09:48:41 - [MESSAGE][INFO] - Smart Wait Function is triggered

2021-11-11 09:48:41 - [MESSAGE][INFO] - Found 2 web elements with id: 'Object Repository/Filtreler/Butonlar' located by 'By.cssSelector: .dxb>span' in '10' second(s)

2021-11-11 09:48:42 - [MESSAGE][PASSED] - Method.TextDegerineEsitElementeTikla is PASSED

2021-11-11 09:48:42 - [MESSAGE][PASSED] - Call Test Case 'Test Cases/Filtreler/ButonaTikla' successfully

2021-11-11 09:48:42 - [MESSAGE][INFO] - Checking called Test Case

2021-11-11 09:48:42 - [MESSAGE][INFO] - Starting to call Test Case 'Test Cases/Tablo/TablodaVeriVarMi'

2021-11-11 09:48:42 - [TEST_CASE][PASSED] - Test Cases/Tablo/TablodaVeriVarMi: Test Cases/Tablo/TablodaVeriVarMi

2021-11-11 09:48:42 - [TEST_STEP][PASSED] - verifyTextNotPresent("Görüntülenecek veri yok", true): Text 'Görüntülenecek veri yok' is not present on page using regular expression

2021-11-11 09:48:42 - [MESSAGE][INFO] - Checking text present  using regular expression

2021-11-11 09:48:42 - [MESSAGE][INFO] - Smart Wait Function is triggered

2021-11-11 09:48:42 - [MESSAGE][INFO] - Finding text 'Görüntülenecek veri yok' on page  using regular expression

2021-11-11 09:48:42 - [MESSAGE][PASSED] - Text 'Görüntülenecek veri yok' is not present on page using regular expression

2021-11-11 09:48:42 - [MESSAGE][PASSED] - Call Test Case 'Test Cases/Tablo/TablodaVeriVarMi' successfully

2021-11-11 09:48:42 - [MESSAGE][INFO] - Checking called Test Case

2021-11-11 09:48:42 - [MESSAGE][INFO] - Starting to call Test Case 'Test Cases/Kullanici_Islemleri/KullaniciIslemlerindenSecimYapilir'

2021-11-11 09:48:42 - [TEST_CASE][PASSED] - Test Cases/Kullanici_Islemleri/KullaniciIslemlerindenSecimYapilir: Test Cases/Kullanici_Islemleri/KullaniciIslemlerindenSecimYapilir

2021-11-11 09:48:42 - [TEST_STEP][PASSED] - waitForElementClickable(findTestObject("Object Repository/Kullanici_Islemleri/KullaniciIslemleri"), 10): Object 'Object Repository/Kullanici_Islemleri/KullaniciIslemleri' is clickable

2021-11-11 09:48:42 - [MESSAGE][INFO] - Finding Test Object 'Object Repository/Kullanici_Islemleri/KullaniciIslemleri'

2021-11-11 09:48:42 - [MESSAGE][INFO] - Checking object

2021-11-11 09:48:42 - [MESSAGE][INFO] - Checking timeout

2021-11-11 09:48:42 - [MESSAGE][INFO] - Finding web element from Test Object's properties

2021-11-11 09:48:42 - [MESSAGE][INFO] - Checking timeout

2021-11-11 09:48:42 - [MESSAGE][INFO] - Finding web element with id: 'Object Repository/Kullanici_Islemleri/KullaniciIslemleri' located by 'By.cssSelector: .dropdown>a>img' in '10' second(s)

2021-11-11 09:48:42 - [MESSAGE][INFO] - Smart Wait Function is triggered

2021-11-11 09:48:43 - [MESSAGE][INFO] - Found 1 web elements with id: 'Object Repository/Kullanici_Islemleri/KullaniciIslemleri' located by 'By.cssSelector: .dropdown>a>img' in '10' second(s)

2021-11-11 09:48:43 - [MESSAGE][PASSED] - Object 'Object Repository/Kullanici_Islemleri/KullaniciIslemleri' is clickable

2021-11-11 09:48:43 - [TEST_STEP][PASSED] - click(findTestObject("Object Repository/Kullanici_Islemleri/KullaniciIslemleri")): Object: 'Object Repository/Kullanici_Islemleri/KullaniciIslemleri' is clicked on

2021-11-11 09:48:43 - [MESSAGE][INFO] - Finding Test Object 'Object Repository/Kullanici_Islemleri/KullaniciIslemleri'

2021-11-11 09:48:43 - [MESSAGE][INFO] - Checking object

2021-11-11 09:48:43 - [MESSAGE][INFO] - Finding web element from Test Object's properties

2021-11-11 09:48:43 - [MESSAGE][INFO] - Checking timeout

2021-11-11 09:48:43 - [MESSAGE][INFO] - Finding web element with id: 'Object Repository/Kullanici_Islemleri/KullaniciIslemleri' located by 'By.cssSelector: .dropdown>a>img' in '30' second(s)

2021-11-11 09:48:43 - [MESSAGE][INFO] - Smart Wait Function is triggered

2021-11-11 09:48:43 - [MESSAGE][INFO] - Found 1 web elements with id: 'Object Repository/Kullanici_Islemleri/KullaniciIslemleri' located by 'By.cssSelector: .dropdown>a>img' in '30' second(s)

2021-11-11 09:48:43 - [MESSAGE][INFO] - Clicking on object: 'Object Repository/Kullanici_Islemleri/KullaniciIslemleri'

2021-11-11 09:48:43 - [MESSAGE][PASSED] - Object: 'Object Repository/Kullanici_Islemleri/KullaniciIslemleri' is clicked on

2021-11-11 09:48:43 - [TEST_STEP][PASSED] - Method.TextDegerineEsitElementeTikla(findTestObject("Object Repository/Kullanici_Islemleri/Secenekler"), Islem): Method.TextDegerineEsitElementeTikla is PASSED

2021-11-11 09:48:43 - [MESSAGE][INFO] - Finding Test Object 'Object Repository/Kullanici_Islemleri/Secenekler'

2021-11-11 09:48:43 - [MESSAGE][INFO] - Checking timeout

2021-11-11 09:48:43 - [MESSAGE][INFO] - Finding web element with id: 'Object Repository/Kullanici_Islemleri/Secenekler' located by 'By.cssSelector: .nav.navbar-nav.navbar-right li a' in '10' second(s)

2021-11-11 09:48:43 - [MESSAGE][INFO] - Smart Wait Function is triggered

2021-11-11 09:48:44 - [MESSAGE][INFO] - Found 22 web elements with id: 'Object Repository/Kullanici_Islemleri/Secenekler' located by 'By.cssSelector: .nav.navbar-nav.navbar-right li a' in '10' second(s)

2021-11-11 09:48:45 - [MESSAGE][PASSED] - Method.TextDegerineEsitElementeTikla is PASSED

2021-11-11 09:48:45 - [TEST_STEP][PASSED] - verifyElementNotPresent(findTestObject("Object Repository/Kullanici_Islemleri/Secenekler"), 10): Web element with id: 'Object Repository/Kullanici_Islemleri/Secenekler' located by 'By.cssSelector: .nav.navbar-nav.navbar-right li a' is not present after '10' second(s)

2021-11-11 09:48:45 - [MESSAGE][INFO] - Finding Test Object 'Object Repository/Kullanici_Islemleri/Secenekler'

2021-11-11 09:48:45 - [MESSAGE][INFO] - Checking object

2021-11-11 09:48:45 - [MESSAGE][INFO] - Checking timeout

2021-11-11 09:48:45 - [MESSAGE][INFO] - Finding web element with id: 'Object Repository/Kullanici_Islemleri/Secenekler' located by 'By.cssSelector: .nav.navbar-nav.navbar-right li a' in '10' second(s)

2021-11-11 09:48:45 - [MESSAGE][INFO] - Smart Wait Function is triggered

2021-11-11 09:48:46 - [MESSAGE][PASSED] - Web element with id: 'Object Repository/Kullanici_Islemleri/Secenekler' located by 'By.cssSelector: .nav.navbar-nav.navbar-right li a' is not present after '10' second(s)

2021-11-11 09:48:46 - [MESSAGE][PASSED] - Call Test Case 'Test Cases/Kullanici_Islemleri/KullaniciIslemlerindenSecimYapilir' successfully

2021-11-11 09:48:46 - [TEST_CASE][PASSED] - Start Test Case : SCENARIO e-Serbest Meslek Makbuzlari excele aktarma: SCENARIO e-Serbest Meslek Makbuzlari excele aktarma

2021-11-11 09:48:46 - [TEST_STEP][PASSED] - Kullanıcı adı ELOGO6 ve Şifre 123456 olarak giriş yapılır: Kullanıcı adı ELOGO6 ve Şifre 123456 olarak giriş yapılır

2021-11-11 09:48:46 - [MESSAGE][PASSED] - Kullanıcı adı ELOGO6 ve Şifre 123456 olarak giriş yapılır

2021-11-11 09:48:46 - [TEST_STEP][PASSED] - Ana menüden e-Makbuz seçilir: Ana menüden e-Makbuz seçilir

2021-11-11 09:48:46 - [MESSAGE][PASSED] - Ana menüden e-Makbuz seçilir

2021-11-11 09:48:46 - [TEST_STEP][PASSED] - Alt menü e-Serbest Meslek Uygulaması başlığı altındaki e-Serbest Meslek Makbuzları seçilir: Alt menü e-Serbest Meslek Uygulaması başlığı altındaki e-Serbest Meslek Makbuzları seçilir

2021-11-11 09:48:46 - [MESSAGE][PASSED] - Alt menü e-Serbest Meslek Uygulaması başlığı altındaki e-Serbest Meslek Makbuzları seçilir

2021-11-11 09:48:46 - [TEST_STEP][PASSED] - Filtrelerden Oluşturma Tarihi filtresine 01.12.2020 baslangic degerini yaz: Filtrelerden Oluşturma Tarihi filtresine 01.12.2020 baslangic degerini yaz

2021-11-11 09:48:46 - [MESSAGE][PASSED] - Filtrelerden Oluşturma Tarihi filtresine 01.12.2020 baslangic degerini yaz

2021-11-11 09:48:46 - [TEST_STEP][PASSED] - Filtrelerden Oluşturma Tarihi filtresine 31.12.2020 bitis degerini yaz: Filtrelerden Oluşturma Tarihi filtresine 31.12.2020 bitis degerini yaz

2021-11-11 09:48:46 - [MESSAGE][PASSED] - Filtrelerden Oluşturma Tarihi filtresine 31.12.2020 bitis degerini yaz

2021-11-11 09:48:46 - [TEST_STEP][PASSED] - Filtrelerden Alıcı Unvan filtresine TEST textini yaz: Filtrelerden Alıcı Unvan filtresine TEST textini yaz

2021-11-11 09:48:46 - [MESSAGE][PASSED] - Filtrelerden Alıcı Unvan filtresine TEST textini yaz

2021-11-11 09:48:46 - [TEST_STEP][PASSED] - Filtre butonlarından Listele seçilir: Filtre butonlarından Listele seçilir

2021-11-11 09:48:46 - [MESSAGE][PASSED] - Filtre butonlarından Listele seçilir

2021-11-11 09:48:46 - [TEST_STEP][PASSED] - Tabloda veri var mı kontrol edilir: Tabloda veri var mı kontrol edilir

2021-11-11 09:48:46 - [MESSAGE][PASSED] - Tabloda veri var mı kontrol edilir

2021-11-11 09:48:46 - [TEST_STEP][PASSED] - Tablodan TEST isimli veri seçilir: Tablodan TEST isimli veri seçilir

2021-11-11 09:48:46 - [MESSAGE][PASSED] - Tablodan TEST isimli veri seçilir

2021-11-11 09:48:46 - [TEST_STEP][PASSED] - Butonlardan Excel isimli butona tıklanır: Butonlardan Excel isimli butona tıklanır

2021-11-11 09:48:46 - [MESSAGE][PASSED] - Butonlardan Excel isimli butona tıklanır

2021-11-11 09:48:46 - [TEST_STEP][PASSED] - Alt butonlardan Excel 'e Aktar butonuna tıklanır: Alt butonlardan Excel 'e Aktar butonuna tıklanır

2021-11-11 09:48:46 - [MESSAGE][PASSED] - Alt butonlardan Excel 'e Aktar butonuna tıklanır

2021-11-11 09:48:46 - [TEST_STEP][PASSED] - Popup mesajı Lütfen rapor bildiriminin gönderileceği e-posta adresini belirtiniz. içeriyor mu: Popup mesajı Lütfen rapor bildiriminin gönderileceği e-posta adresini belirtiniz. içeriyor mu

2021-11-11 09:48:46 - [MESSAGE][PASSED] - Popup mesajı Lütfen rapor bildiriminin gönderileceği e-posta adresini belirtiniz. içeriyor mu

2021-11-11 09:48:46 - [TEST_STEP][PASSED] - Popup email elogotest@gmail.com;ali.kara@logo.com.tr olarak girilir: Popup email elogotest@gmail.com;ali.kara@logo.com.tr olarak girilir

2021-11-11 09:48:46 - [MESSAGE][PASSED] - Popup email elogotest@gmail.com;ali.kara@logo.com.tr olarak girilir

2021-11-11 09:48:46 - [TEST_STEP][PASSED] - Yönetim popupında Gönder seçilir: Yönetim popupında Gönder seçilir

2021-11-11 09:48:46 - [MESSAGE][PASSED] - Yönetim popupında Gönder seçilir

2021-11-11 09:48:46 - [TEST_STEP][PASSED] - Popup mesajı talebiniz işleme alınmıştır içeriyor mu: Popup mesajı talebiniz işleme alınmıştır içeriyor mu

2021-11-11 09:48:46 - [MESSAGE][PASSED] - Popup mesajı talebiniz işleme alınmıştır içeriyor mu

2021-11-11 09:48:46 - [TEST_STEP][PASSED] - Yönetim popupında Tamam seçilir: Yönetim popupında Tamam seçilir

2021-11-11 09:48:46 - [MESSAGE][PASSED] - Yönetim popupında Tamam seçilir

2021-11-11 09:48:46 - [TEST_STEP][PASSED] - Butonlardan Excel isimli butona tıklanır: Butonlardan Excel isimli butona tıklanır

2021-11-11 09:48:46 - [MESSAGE][PASSED] - Butonlardan Excel isimli butona tıklanır

2021-11-11 09:48:46 - [TEST_STEP][PASSED] - Alt butonlardan Tümünü Excel 'e Aktar butonuna tıklanır: Alt butonlardan Tümünü Excel 'e Aktar butonuna tıklanır

2021-11-11 09:48:46 - [MESSAGE][PASSED] - Alt butonlardan Tümünü Excel 'e Aktar butonuna tıklanır

2021-11-11 09:48:46 - [TEST_STEP][PASSED] - Popup mesajı Lütfen rapor bildiriminin gönderileceği e-posta adresini belirtiniz. içeriyor mu: Popup mesajı Lütfen rapor bildiriminin gönderileceği e-posta adresini belirtiniz. içeriyor mu

2021-11-11 09:48:46 - [MESSAGE][PASSED] - Popup mesajı Lütfen rapor bildiriminin gönderileceği e-posta adresini belirtiniz. içeriyor mu

2021-11-11 09:48:46 - [TEST_STEP][PASSED] - Popup email elogotest@gmail.com;ali.kara@logo.com.tr olarak girilir: Popup email elogotest@gmail.com;ali.kara@logo.com.tr olarak girilir

2021-11-11 09:48:46 - [MESSAGE][PASSED] - Popup email elogotest@gmail.com;ali.kara@logo.com.tr olarak girilir

2021-11-11 09:48:46 - [TEST_STEP][PASSED] - Yönetim popupında Gönder seçilir: Yönetim popupında Gönder seçilir

2021-11-11 09:48:46 - [MESSAGE][PASSED] - Yönetim popupında Gönder seçilir

2021-11-11 09:48:46 - [TEST_STEP][PASSED] - Popup mesajı talebiniz işleme alınmıştır içeriyor mu: Popup mesajı talebiniz işleme alınmıştır içeriyor mu

2021-11-11 09:48:46 - [MESSAGE][PASSED] - Popup mesajı talebiniz işleme alınmıştır içeriyor mu

2021-11-11 09:48:46 - [TEST_STEP][PASSED] - Yönetim popupında Tamam seçilir: Yönetim popupında Tamam seçilir

2021-11-11 09:48:46 - [MESSAGE][PASSED] - Yönetim popupında Tamam seçilir

2021-11-11 09:48:46 - [TEST_STEP][PASSED] - Ana menüden Raporlar seçilir: Ana menüden Raporlar seçilir

2021-11-11 09:48:46 - [MESSAGE][PASSED] - Ana menüden Raporlar seçilir

2021-11-11 09:48:46 - [TEST_STEP][PASSED] - Alt menüden Toplu Veri İndirme seçilir: Alt menüden Toplu Veri İndirme seçilir

2021-11-11 09:48:46 - [MESSAGE][PASSED] - Alt menüden Toplu Veri İndirme seçilir

2021-11-11 09:48:46 - [TEST_STEP][PASSED] - Filtrelerden Talep No filtresine Rapor No bilgisi yaz: Filtrelerden Talep No filtresine Rapor No bilgisi yaz

2021-11-11 09:48:46 - [MESSAGE][PASSED] - Filtrelerden Talep No filtresine Rapor No bilgisi yaz

2021-11-11 09:48:46 - [TEST_STEP][PASSED] - Filtre butonlarından Listele seçilir: Filtre butonlarından Listele seçilir

2021-11-11 09:48:46 - [MESSAGE][PASSED] - Filtre butonlarından Listele seçilir

2021-11-11 09:48:46 - [TEST_STEP][PASSED] - Tabloda veri var mı kontrol edilir: Tabloda veri var mı kontrol edilir

2021-11-11 09:48:46 - [MESSAGE][PASSED] - Tabloda veri var mı kontrol edilir

2021-11-11 09:48:46 - [TEST_STEP][PASSED] - Kullanıcı işlemlerinden Çıkış seçilir: Kullanıcı işlemlerinden Çıkış seçilir

2021-11-11 09:48:46 - [MESSAGE][PASSED] - Kullanıcı işlemlerinden Çıkış seçilir

2021-11-11 09:48:46 - [MESSAGE][PASSED] - Feature file: 'Include/features/e-Makbuz/e-Serbest Meslek Uygulaması/e-Serbest Meslek Makbuzlari/Excele Aktar.feature' was passed

2021-11-11 09:48:46 - [TEST_STEP][PASSED] - Start listener action : sampleAfterTestSuite: Invoke 'com.kms.katalon.core.annotation.AfterTestCase' method: 'Listener.sampleAfterTestSuite(...)' completed.

2021-11-11 09:48:46 - [MESSAGE][INFO] - Starting invoke 'com.kms.katalon.core.annotation.AfterTestCase' method: 'Listener.sampleAfterTestSuite(...)'

2021-11-11 09:48:46 - [TEST_STEP][PASSED] - closeBrowser(): Invoke 'com.kms.katalon.core.annotation.AfterTestCase' method: 'Listener.sampleAfterTestSuite(...)' completed.

2021-11-11 09:48:46 - [MESSAGE][INFO] - Closing browser

2021-11-11 09:48:46 - [MESSAGE][PASSED] - Browser is closed

2021-11-11 09:48:46 - [MESSAGE][INFO] - Invoke 'com.kms.katalon.core.annotation.AfterTestCase' method: 'Listener.sampleAfterTestSuite(...)' completed.]]></system-out>
         <system-err><![CDATA[]]></system-err>
      </testcase>
      <testcase name="Test Cases/Case Repository/e-Makbuz/e-Serbest Meslek Uygulamasi/e-Serbest Meslek Makbuzlari/Toplu Indirme" time="53.595" classname="Test Cases/Case Repository/e-Makbuz/e-Serbest Meslek Uygulamasi/e-Serbest Meslek Makbuzlari/Toplu Indirme" status="PASSED">
         <system-out><![CDATA[2021-11-11 09:48:46 - [TEST_CASE][PASSED] - Test Cases/Case Repository/e-Makbuz/e-Serbest Meslek Uygulamasi/e-Serbest Meslek Makbuzlari/Toplu Indirme: Test Cases/Case Repository/e-Makbuz/e-Serbest Meslek Uygulamasi/e-Serbest Meslek Makbuzlari/Toplu Indirme

2021-11-11 09:48:46 - [TEST_STEP][PASSED] - Start listener action : sampleBeforeTestSuite: Invoke 'com.kms.katalon.core.annotation.BeforeTestCase' method: 'Listener.sampleBeforeTestSuite(...)' completed.

2021-11-11 09:48:46 - [MESSAGE][INFO] - Starting invoke 'com.kms.katalon.core.annotation.BeforeTestCase' method: 'Listener.sampleBeforeTestSuite(...)'

2021-11-11 09:48:46 - [TEST_STEP][PASSED] - openBrowser(baseUrl): Browser is opened with url: 'https://efatura-stage.elogo.com.tr/'

2021-11-11 09:48:46 - [MESSAGE][INFO] - Opening browser

2021-11-11 09:48:46 - [MESSAGE][INFO] - Starting 'Chrome' driver

2021-11-11 09:48:46 - [MESSAGE][INFO] - User set preference: ['prefs', '{download.default_directory=C:\otomasyondownfiles}']

2021-11-11 09:48:46 - [MESSAGE][INFO] - Action delay is set to 0 milliseconds

2021-11-11 09:48:48 - [MESSAGE][INFO] - Navigating browser to: 'https://efatura-stage.elogo.com.tr/'

2021-11-11 09:48:50 - [MESSAGE][PASSED] - Browser is opened with url: 'https://efatura-stage.elogo.com.tr/'

2021-11-11 09:48:50 - [TEST_STEP][PASSED] - maximizeWindow(): Invoke 'com.kms.katalon.core.annotation.BeforeTestCase' method: 'Listener.sampleBeforeTestSuite(...)' completed.

2021-11-11 09:48:50 - [MESSAGE][INFO] - Maximizing current window

2021-11-11 09:48:50 - [MESSAGE][PASSED] - Current window maximized

2021-11-11 09:48:50 - [MESSAGE][INFO] - Invoke 'com.kms.katalon.core.annotation.BeforeTestCase' method: 'Listener.sampleBeforeTestSuite(...)' completed.

2021-11-11 09:48:51 - [TEST_STEP][PASSED] - runFeatureFile("Include/features/e-Makbuz/e-Serbest Meslek Uygulaması/e-Serbest Meslek Makbuzlari/Toplu Indirme.feature"): Feature file: 'Include/features/e-Makbuz/e-Serbest Meslek Uygulaması/e-Serbest Meslek Makbuzlari/Toplu Indirme.feature' was passed

2021-11-11 09:48:51 - [MESSAGE][INFO] - Starting run keyword runFeatureFile: 'Include/features/e-Makbuz/e-Serbest Meslek Uygulaması/e-Serbest Meslek Makbuzlari/Toplu Indirme.feature' and extract report to folder: 'C:\Users\DELL\Documents\GitHub\EES_KatalonLogo\Reports\20211111_090730\Suite Repository\ExceleAktarVeTopluIndirme\20211111_090810/cucumber_report/1636613331458'...

2021-11-11 09:48:51 - [MESSAGE][INFO] - Glue: []

2021-11-11 09:48:52 - [MESSAGE][INFO] - Checking called Test Case

2021-11-11 09:48:52 - [MESSAGE][INFO] - Starting to call Test Case 'Test Cases/Sayfalar/Giris_Sayfasi/Login'

2021-11-11 09:48:52 - [TEST_CASE][PASSED] - Test Cases/Sayfalar/Giris_Sayfasi/Login: Test Cases/Sayfalar/Giris_Sayfasi/Login

2021-11-11 09:48:52 - [TEST_STEP][PASSED] - Sayfa_Basligi = getWindowTitle(): Current window's title is: 'LOGO e-Fatura'

2021-11-11 09:48:52 - [MESSAGE][INFO] - Getting current window's title

2021-11-11 09:48:52 - [MESSAGE][PASSED] - Current window's title is: 'LOGO e-Fatura'

2021-11-11 09:48:52 - [TEST_STEP][PASSED] - verifyMatch(Sayfa_Basligi, "LOGO e-Fatura", false): Actual text 'LOGO e-Fatura' and expected text 'LOGO e-Fatura' are matched 

2021-11-11 09:48:52 - [MESSAGE][INFO] - Matching actual text 'LOGO e-Fatura' with expected text 'LOGO e-Fatura'

2021-11-11 09:48:52 - [MESSAGE][PASSED] - Actual text 'LOGO e-Fatura' and expected text 'LOGO e-Fatura' are matched 

2021-11-11 09:48:52 - [TEST_STEP][PASSED] - sendKeys(findTestObject("Sayfalar/Giris_Sayfasi/Firma_Kodu"), KullaniciAdi): Keys 'ELOGO6' sent to object: 'Object Repository/Sayfalar/Giris_Sayfasi/Firma_Kodu'

2021-11-11 09:48:52 - [MESSAGE][INFO] - Finding Test Object 'Object Repository/Sayfalar/Giris_Sayfasi/Firma_Kodu'

2021-11-11 09:48:52 - [MESSAGE][INFO] - Sending keys 'ELOGO6' to object: 'Object Repository/Sayfalar/Giris_Sayfasi/Firma_Kodu'

2021-11-11 09:48:52 - [MESSAGE][INFO] - Finding web element from Test Object's properties

2021-11-11 09:48:52 - [MESSAGE][INFO] - Checking timeout

2021-11-11 09:48:52 - [MESSAGE][INFO] - Finding web element with id: 'Object Repository/Sayfalar/Giris_Sayfasi/Firma_Kodu' located by 'By.xpath: //*[@id = 'AccountName']' in '30' second(s)

2021-11-11 09:48:52 - [MESSAGE][INFO] - Smart Wait Function is triggered

2021-11-11 09:48:53 - [MESSAGE][INFO] - Found 1 web elements with id: 'Object Repository/Sayfalar/Giris_Sayfasi/Firma_Kodu' located by 'By.xpath: //*[@id = 'AccountName']' in '30' second(s)

2021-11-11 09:48:53 - [MESSAGE][PASSED] - Keys 'ELOGO6' sent to object: 'Object Repository/Sayfalar/Giris_Sayfasi/Firma_Kodu'

2021-11-11 09:48:53 - [TEST_STEP][PASSED] - sendKeys(findTestObject("Sayfalar/Giris_Sayfasi/Sifre"), Sifre): Keys '123456' sent to object: 'Object Repository/Sayfalar/Giris_Sayfasi/Sifre'

2021-11-11 09:48:53 - [MESSAGE][INFO] - Finding Test Object 'Object Repository/Sayfalar/Giris_Sayfasi/Sifre'

2021-11-11 09:48:53 - [MESSAGE][INFO] - Sending keys '123456' to object: 'Object Repository/Sayfalar/Giris_Sayfasi/Sifre'

2021-11-11 09:48:53 - [MESSAGE][INFO] - Finding web element from Test Object's properties

2021-11-11 09:48:53 - [MESSAGE][INFO] - Checking timeout

2021-11-11 09:48:53 - [MESSAGE][INFO] - Finding web element with id: 'Object Repository/Sayfalar/Giris_Sayfasi/Sifre' located by 'By.xpath: //*[@id = 'Password']' in '30' second(s)

2021-11-11 09:48:53 - [MESSAGE][INFO] - Smart Wait Function is triggered

2021-11-11 09:48:53 - [MESSAGE][INFO] - Found 1 web elements with id: 'Object Repository/Sayfalar/Giris_Sayfasi/Sifre' located by 'By.xpath: //*[@id = 'Password']' in '30' second(s)

2021-11-11 09:48:53 - [MESSAGE][PASSED] - Keys '123456' sent to object: 'Object Repository/Sayfalar/Giris_Sayfasi/Sifre'

2021-11-11 09:48:53 - [TEST_STEP][PASSED] - findWebElement(findTestObject("Sayfalar/Giris_Sayfasi/Giris_Butonu")).click(): Found 1 web elements with id: 'Object Repository/Sayfalar/Giris_Sayfasi/Giris_Butonu' located by 'By.cssSelector: #btnLogin' in '30' second(s)

2021-11-11 09:48:53 - [MESSAGE][INFO] - Finding Test Object 'Object Repository/Sayfalar/Giris_Sayfasi/Giris_Butonu'

2021-11-11 09:48:53 - [MESSAGE][INFO] - Finding web element from Test Object's properties

2021-11-11 09:48:53 - [MESSAGE][INFO] - Checking timeout

2021-11-11 09:48:53 - [MESSAGE][INFO] - Finding web element with id: 'Object Repository/Sayfalar/Giris_Sayfasi/Giris_Butonu' located by 'By.cssSelector: #btnLogin' in '30' second(s)

2021-11-11 09:48:53 - [MESSAGE][INFO] - Smart Wait Function is triggered

2021-11-11 09:48:53 - [MESSAGE][INFO] - Found 1 web elements with id: 'Object Repository/Sayfalar/Giris_Sayfasi/Giris_Butonu' located by 'By.cssSelector: #btnLogin' in '30' second(s)

2021-11-11 09:48:56 - [TEST_STEP][PASSED] - if (verifyElementPresent(findTestObject("Object Repository/Sayfalar/Giris_Sayfasi/RetveTamam_Butonu"), 5, OPTIONAL)): null

2021-11-11 09:48:56 - [MESSAGE][INFO] - Finding Test Object 'Object Repository/Sayfalar/Giris_Sayfasi/RetveTamam_Butonu'

2021-11-11 09:48:56 - [MESSAGE][INFO] - Checking object

2021-11-11 09:48:56 - [MESSAGE][INFO] - Finding web element from Test Object's properties

2021-11-11 09:48:56 - [MESSAGE][INFO] - Checking timeout

2021-11-11 09:48:56 - [MESSAGE][INFO] - Finding web element with id: 'Object Repository/Sayfalar/Giris_Sayfasi/RetveTamam_Butonu' located by 'By.xpath: //*[@class = 'btn btn-default']' in '5' second(s)

2021-11-11 09:48:56 - [MESSAGE][INFO] - Smart Wait Function is triggered

2021-11-11 09:48:57 - [MESSAGE][INFO] - Found 1 web elements with id: 'Object Repository/Sayfalar/Giris_Sayfasi/RetveTamam_Butonu' located by 'By.xpath: //*[@class = 'btn btn-default']' in '5' second(s)

2021-11-11 09:48:57 - [MESSAGE][PASSED] - Object 'Object Repository/Sayfalar/Giris_Sayfasi/RetveTamam_Butonu' is present

2021-11-11 09:48:57 - [TEST_STEP][PASSED] - click(findTestObject("Object Repository/Sayfalar/Giris_Sayfasi/RetveTamam_Butonu")): Object: 'Object Repository/Sayfalar/Giris_Sayfasi/RetveTamam_Butonu' is clicked on

2021-11-11 09:48:57 - [MESSAGE][INFO] - Finding Test Object 'Object Repository/Sayfalar/Giris_Sayfasi/RetveTamam_Butonu'

2021-11-11 09:48:57 - [MESSAGE][INFO] - Checking object

2021-11-11 09:48:57 - [MESSAGE][INFO] - Finding web element from Test Object's properties

2021-11-11 09:48:57 - [MESSAGE][INFO] - Checking timeout

2021-11-11 09:48:57 - [MESSAGE][INFO] - Finding web element with id: 'Object Repository/Sayfalar/Giris_Sayfasi/RetveTamam_Butonu' located by 'By.xpath: //*[@class = 'btn btn-default']' in '30' second(s)

2021-11-11 09:48:57 - [MESSAGE][INFO] - Smart Wait Function is triggered

2021-11-11 09:48:57 - [MESSAGE][INFO] - Found 1 web elements with id: 'Object Repository/Sayfalar/Giris_Sayfasi/RetveTamam_Butonu' located by 'By.xpath: //*[@class = 'btn btn-default']' in '30' second(s)

2021-11-11 09:48:57 - [MESSAGE][INFO] - Clicking on object: 'Object Repository/Sayfalar/Giris_Sayfasi/RetveTamam_Butonu'

2021-11-11 09:48:57 - [MESSAGE][PASSED] - Object: 'Object Repository/Sayfalar/Giris_Sayfasi/RetveTamam_Butonu' is clicked on

2021-11-11 09:48:57 - [TEST_STEP][PASSED] - click(findTestObject("Object Repository/Sayfalar/Giris_Sayfasi/RetveTamam_Butonu")): Object: 'Object Repository/Sayfalar/Giris_Sayfasi/RetveTamam_Butonu' is clicked on

2021-11-11 09:48:57 - [MESSAGE][INFO] - Finding Test Object 'Object Repository/Sayfalar/Giris_Sayfasi/RetveTamam_Butonu'

2021-11-11 09:48:57 - [MESSAGE][INFO] - Checking object

2021-11-11 09:48:57 - [MESSAGE][INFO] - Finding web element from Test Object's properties

2021-11-11 09:48:57 - [MESSAGE][INFO] - Checking timeout

2021-11-11 09:48:57 - [MESSAGE][INFO] - Finding web element with id: 'Object Repository/Sayfalar/Giris_Sayfasi/RetveTamam_Butonu' located by 'By.xpath: //*[@class = 'btn btn-default']' in '30' second(s)

2021-11-11 09:48:57 - [MESSAGE][INFO] - Smart Wait Function is triggered

2021-11-11 09:49:03 - [MESSAGE][INFO] - Found 1 web elements with id: 'Object Repository/Sayfalar/Giris_Sayfasi/RetveTamam_Butonu' located by 'By.xpath: //*[@class = 'btn btn-default']' in '30' second(s)

2021-11-11 09:49:03 - [MESSAGE][INFO] - Clicking on object: 'Object Repository/Sayfalar/Giris_Sayfasi/RetveTamam_Butonu'

2021-11-11 09:49:03 - [MESSAGE][PASSED] - Object: 'Object Repository/Sayfalar/Giris_Sayfasi/RetveTamam_Butonu' is clicked on

2021-11-11 09:49:03 - [TEST_STEP][PASSED] - if (verifyElementPresent(findTestObject("Sayfalar/Giris_Sayfasi/PopupOK"), 5, OPTIONAL)): null

2021-11-11 09:49:03 - [MESSAGE][INFO] - Finding Test Object 'Object Repository/Sayfalar/Giris_Sayfasi/PopupOK'

2021-11-11 09:49:03 - [MESSAGE][INFO] - Checking object

2021-11-11 09:49:03 - [MESSAGE][INFO] - Finding web element from Test Object's properties

2021-11-11 09:49:03 - [MESSAGE][INFO] - Checking timeout

2021-11-11 09:49:03 - [MESSAGE][INFO] - Finding web element with id: 'Object Repository/Sayfalar/Giris_Sayfasi/PopupOK' located by 'By.cssSelector: .btn.btn-success' in '5' second(s)

2021-11-11 09:49:03 - [MESSAGE][INFO] - Smart Wait Function is triggered

2021-11-11 09:49:03 - [MESSAGE][INFO] - Found 1 web elements with id: 'Object Repository/Sayfalar/Giris_Sayfasi/PopupOK' located by 'By.cssSelector: .btn.btn-success' in '5' second(s)

2021-11-11 09:49:03 - [MESSAGE][PASSED] - Object 'Object Repository/Sayfalar/Giris_Sayfasi/PopupOK' is present

2021-11-11 09:49:03 - [TEST_STEP][PASSED] - click(findTestObject("Object Repository/Sayfalar/Giris_Sayfasi/PopupCarpiGiris")): Object: 'Object Repository/Sayfalar/Giris_Sayfasi/PopupCarpiGiris' is clicked on

2021-11-11 09:49:03 - [MESSAGE][INFO] - Finding Test Object 'Object Repository/Sayfalar/Giris_Sayfasi/PopupCarpiGiris'

2021-11-11 09:49:04 - [MESSAGE][INFO] - Checking object

2021-11-11 09:49:04 - [MESSAGE][INFO] - Finding web element from Test Object's properties

2021-11-11 09:49:04 - [MESSAGE][INFO] - Checking timeout

2021-11-11 09:49:04 - [MESSAGE][INFO] - Finding web element with id: 'Object Repository/Sayfalar/Giris_Sayfasi/PopupCarpiGiris' located by 'By.cssSelector: .bootbox-close-button.close' in '30' second(s)

2021-11-11 09:49:04 - [MESSAGE][INFO] - Smart Wait Function is triggered

2021-11-11 09:49:04 - [MESSAGE][INFO] - Found 1 web elements with id: 'Object Repository/Sayfalar/Giris_Sayfasi/PopupCarpiGiris' located by 'By.cssSelector: .bootbox-close-button.close' in '30' second(s)

2021-11-11 09:49:04 - [MESSAGE][INFO] - Clicking on object: 'Object Repository/Sayfalar/Giris_Sayfasi/PopupCarpiGiris'

2021-11-11 09:49:04 - [MESSAGE][PASSED] - Object: 'Object Repository/Sayfalar/Giris_Sayfasi/PopupCarpiGiris' is clicked on

2021-11-11 09:49:04 - [TEST_STEP][PASSED] - verifyElementVisible(findTestObject("Object Repository/Kullanici_Islemleri/KullaniciIslemleri")): Object 'Object Repository/Kullanici_Islemleri/KullaniciIslemleri' is visible

2021-11-11 09:49:04 - [MESSAGE][INFO] - Finding Test Object 'Object Repository/Kullanici_Islemleri/KullaniciIslemleri'

2021-11-11 09:49:04 - [MESSAGE][INFO] - Checking object

2021-11-11 09:49:04 - [MESSAGE][INFO] - Finding web element from Test Object's properties

2021-11-11 09:49:04 - [MESSAGE][INFO] - Checking timeout

2021-11-11 09:49:04 - [MESSAGE][INFO] - Finding web element with id: 'Object Repository/Kullanici_Islemleri/KullaniciIslemleri' located by 'By.cssSelector: .dropdown>a>img' in '30' second(s)

2021-11-11 09:49:04 - [MESSAGE][INFO] - Smart Wait Function is triggered

2021-11-11 09:49:05 - [MESSAGE][INFO] - Found 1 web elements with id: 'Object Repository/Kullanici_Islemleri/KullaniciIslemleri' located by 'By.cssSelector: .dropdown>a>img' in '30' second(s)

2021-11-11 09:49:05 - [MESSAGE][PASSED] - Object 'Object Repository/Kullanici_Islemleri/KullaniciIslemleri' is visible

2021-11-11 09:49:05 - [MESSAGE][PASSED] - Call Test Case 'Test Cases/Sayfalar/Giris_Sayfasi/Login' successfully

2021-11-11 09:49:05 - [MESSAGE][INFO] - Checking called Test Case

2021-11-11 09:49:05 - [MESSAGE][INFO] - Starting to call Test Case 'Test Cases/Menu/AnaMenuSecimi'

2021-11-11 09:49:05 - [TEST_CASE][PASSED] - Test Cases/Menu/AnaMenuSecimi: Test Cases/Menu/AnaMenuSecimi

2021-11-11 09:49:05 - [TEST_STEP][PASSED] - Method.TextDegerineEsitElementeTikla(findTestObject("Menu/Ana_Menu"), Ana_Menu): Method.TextDegerineEsitElementeTikla is PASSED

2021-11-11 09:49:05 - [MESSAGE][INFO] - Finding Test Object 'Object Repository/Menu/Ana_Menu'

2021-11-11 09:49:05 - [MESSAGE][INFO] - Checking timeout

2021-11-11 09:49:05 - [MESSAGE][INFO] - Finding web element with id: 'Object Repository/Menu/Ana_Menu' located by 'By.xpath: //*[@class = 'dropdown-toggle']' in '10' second(s)

2021-11-11 09:49:05 - [MESSAGE][INFO] - Smart Wait Function is triggered

2021-11-11 09:49:05 - [MESSAGE][INFO] - Found 14 web elements with id: 'Object Repository/Menu/Ana_Menu' located by 'By.xpath: //*[@class = 'dropdown-toggle']' in '10' second(s)

2021-11-11 09:49:05 - [MESSAGE][PASSED] - Method.TextDegerineEsitElementeTikla is PASSED

2021-11-11 09:49:05 - [MESSAGE][PASSED] - Call Test Case 'Test Cases/Menu/AnaMenuSecimi' successfully

2021-11-11 09:49:05 - [MESSAGE][INFO] - Checking called Test Case

2021-11-11 09:49:05 - [MESSAGE][INFO] - Starting to call Test Case 'Test Cases/Menu/BasligaGoreAltMenuSecimi'

2021-11-11 09:49:05 - [TEST_CASE][PASSED] - Test Cases/Menu/BasligaGoreAltMenuSecimi: Test Cases/Menu/BasligaGoreAltMenuSecimi

2021-11-11 09:49:05 - [TEST_STEP][PASSED] - Method.TextDegerineEsitElementinAltindakiTextDegerineEsitOlanaTikla(findTestObject("Menu/Menu_Basligi"), findTestObject("Menu/Basliga_Gore_Alt_Menu"), Baslik, Alt_Menu): Method.TextDegerineEsitElementinAltindakiTextDegerineEsitOlanaTikla is PASSED

2021-11-11 09:49:05 - [MESSAGE][INFO] - Finding Test Object 'Object Repository/Menu/Menu_Basligi'

2021-11-11 09:49:06 - [MESSAGE][INFO] - Finding Test Object 'Object Repository/Menu/Basliga_Gore_Alt_Menu'

2021-11-11 09:49:06 - [MESSAGE][INFO] - Checking timeout

2021-11-11 09:49:06 - [MESSAGE][INFO] - Finding web element with id: 'Object Repository/Menu/Menu_Basligi' located by 'By.xpath: //li[@class='dropdown dropdown-large open']//li[@class='dropdown-header']' in '10' second(s)

2021-11-11 09:49:06 - [MESSAGE][INFO] - Smart Wait Function is triggered

2021-11-11 09:49:06 - [MESSAGE][INFO] - Found 2 web elements with id: 'Object Repository/Menu/Menu_Basligi' located by 'By.xpath: //li[@class='dropdown dropdown-large open']//li[@class='dropdown-header']' in '10' second(s)

2021-11-11 09:49:06 - [MESSAGE][INFO] - Smart Wait Function is triggered

2021-11-11 09:49:11 - [MESSAGE][PASSED] - Method.TextDegerineEsitElementinAltindakiTextDegerineEsitOlanaTikla is PASSED

2021-11-11 09:49:11 - [MESSAGE][PASSED] - Call Test Case 'Test Cases/Menu/BasligaGoreAltMenuSecimi' successfully

2021-11-11 09:49:11 - [MESSAGE][INFO] - Checking called Test Case

2021-11-11 09:49:11 - [MESSAGE][INFO] - Starting to call Test Case 'Test Cases/Filtreler/BaslangicYaz'

2021-11-11 09:49:11 - [TEST_CASE][PASSED] - Test Cases/Filtreler/BaslangicYaz: Test Cases/Filtreler/BaslangicYaz

2021-11-11 09:49:11 - [TEST_STEP][PASSED] - Method.TextDegerineEsitElementinAltindakineTikla(findTestObject("Filtreler/Basliklar"), findTestObject("Filtreler/Basliga_Gore_Baslangic_Image"), Filtre_Adi): Method.TextDegerineEsitElementinAltindakineTikla is PASSED

2021-11-11 09:49:11 - [MESSAGE][INFO] - Finding Test Object 'Object Repository/Filtreler/Basliklar'

2021-11-11 09:49:12 - [MESSAGE][INFO] - Finding Test Object 'Object Repository/Filtreler/Basliga_Gore_Baslangic_Image'

2021-11-11 09:49:12 - [MESSAGE][INFO] - Checking timeout

2021-11-11 09:49:12 - [MESSAGE][INFO] - Finding web element with id: 'Object Repository/Filtreler/Basliklar' located by 'By.cssSelector: .control-label.col-sm-4.paddingMarginRLC' in '10' second(s)

2021-11-11 09:49:12 - [MESSAGE][INFO] - Smart Wait Function is triggered

2021-11-11 09:49:12 - [MESSAGE][INFO] - Found 13 web elements with id: 'Object Repository/Filtreler/Basliklar' located by 'By.cssSelector: .control-label.col-sm-4.paddingMarginRLC' in '10' second(s)

2021-11-11 09:49:12 - [MESSAGE][INFO] - Smart Wait Function is triggered

2021-11-11 09:49:12 - [MESSAGE][PASSED] - Method.TextDegerineEsitElementinAltindakineTikla is PASSED

2021-11-11 09:49:12 - [TEST_STEP][PASSED] - Method.TextDegerineEsitElementinAltindakiTextboxtaYaz(findTestObject("Filtreler/Basliklar"), findTestObject("Filtreler/Basliga_Gore_Baslangic"), Filtre_Adi, Filtre_Degeri): Method.TextDegerineEsitElementinAltindakiTextboxtaYaz is PASSED

2021-11-11 09:49:12 - [MESSAGE][INFO] - Finding Test Object 'Object Repository/Filtreler/Basliklar'

2021-11-11 09:49:12 - [MESSAGE][INFO] - Finding Test Object 'Object Repository/Filtreler/Basliga_Gore_Baslangic'

2021-11-11 09:49:13 - [MESSAGE][INFO] - Checking timeout

2021-11-11 09:49:13 - [MESSAGE][INFO] - Finding web element with id: 'Object Repository/Filtreler/Basliklar' located by 'By.cssSelector: .control-label.col-sm-4.paddingMarginRLC' in '10' second(s)

2021-11-11 09:49:13 - [MESSAGE][INFO] - Smart Wait Function is triggered

2021-11-11 09:49:13 - [MESSAGE][INFO] - Found 13 web elements with id: 'Object Repository/Filtreler/Basliklar' located by 'By.cssSelector: .control-label.col-sm-4.paddingMarginRLC' in '10' second(s)

2021-11-11 09:49:13 - [MESSAGE][INFO] - Smart Wait Function is triggered

2021-11-11 09:49:13 - [MESSAGE][PASSED] - Method.TextDegerineEsitElementinAltindakiTextboxtaYaz is PASSED

2021-11-11 09:49:13 - [MESSAGE][PASSED] - Call Test Case 'Test Cases/Filtreler/BaslangicYaz' successfully

2021-11-11 09:49:13 - [MESSAGE][INFO] - Checking called Test Case

2021-11-11 09:49:13 - [MESSAGE][INFO] - Starting to call Test Case 'Test Cases/Filtreler/BitisYaz'

2021-11-11 09:49:13 - [TEST_CASE][PASSED] - Test Cases/Filtreler/BitisYaz: Test Cases/Filtreler/BitisYaz

2021-11-11 09:49:13 - [TEST_STEP][PASSED] - Method.TextDegerineEsitElementinAltindakineTikla(findTestObject("Filtreler/Basliklar"), findTestObject("Filtreler/Basliga_Gore_Bitis_Image"), Filtre_Adi): Method.TextDegerineEsitElementinAltindakineTikla is PASSED

2021-11-11 09:49:13 - [MESSAGE][INFO] - Finding Test Object 'Object Repository/Filtreler/Basliklar'

2021-11-11 09:49:13 - [MESSAGE][INFO] - Finding Test Object 'Object Repository/Filtreler/Basliga_Gore_Bitis_Image'

2021-11-11 09:49:14 - [MESSAGE][INFO] - Checking timeout

2021-11-11 09:49:14 - [MESSAGE][INFO] - Finding web element with id: 'Object Repository/Filtreler/Basliklar' located by 'By.cssSelector: .control-label.col-sm-4.paddingMarginRLC' in '10' second(s)

2021-11-11 09:49:14 - [MESSAGE][INFO] - Smart Wait Function is triggered

2021-11-11 09:49:14 - [MESSAGE][INFO] - Found 13 web elements with id: 'Object Repository/Filtreler/Basliklar' located by 'By.cssSelector: .control-label.col-sm-4.paddingMarginRLC' in '10' second(s)

2021-11-11 09:49:14 - [MESSAGE][INFO] - Smart Wait Function is triggered

2021-11-11 09:49:14 - [MESSAGE][PASSED] - Method.TextDegerineEsitElementinAltindakineTikla is PASSED

2021-11-11 09:49:14 - [TEST_STEP][PASSED] - Method.TextDegerineEsitElementinAltindakiTextboxtaYaz(findTestObject("Filtreler/Basliklar"), findTestObject("Object Repository/Filtreler/Basliga_Gore_Bitis"), Filtre_Adi, Filtre_Degeri): Method.TextDegerineEsitElementinAltindakiTextboxtaYaz is PASSED

2021-11-11 09:49:14 - [MESSAGE][INFO] - Finding Test Object 'Object Repository/Filtreler/Basliklar'

2021-11-11 09:49:14 - [MESSAGE][INFO] - Finding Test Object 'Object Repository/Filtreler/Basliga_Gore_Bitis'

2021-11-11 09:49:14 - [MESSAGE][INFO] - Checking timeout

2021-11-11 09:49:14 - [MESSAGE][INFO] - Finding web element with id: 'Object Repository/Filtreler/Basliklar' located by 'By.cssSelector: .control-label.col-sm-4.paddingMarginRLC' in '10' second(s)

2021-11-11 09:49:14 - [MESSAGE][INFO] - Smart Wait Function is triggered

2021-11-11 09:49:15 - [MESSAGE][INFO] - Found 13 web elements with id: 'Object Repository/Filtreler/Basliklar' located by 'By.cssSelector: .control-label.col-sm-4.paddingMarginRLC' in '10' second(s)

2021-11-11 09:49:15 - [MESSAGE][INFO] - Smart Wait Function is triggered

2021-11-11 09:49:15 - [MESSAGE][PASSED] - Method.TextDegerineEsitElementinAltindakiTextboxtaYaz is PASSED

2021-11-11 09:49:15 - [MESSAGE][PASSED] - Call Test Case 'Test Cases/Filtreler/BitisYaz' successfully

2021-11-11 09:49:15 - [MESSAGE][INFO] - Checking called Test Case

2021-11-11 09:49:15 - [MESSAGE][INFO] - Starting to call Test Case 'Test Cases/Filtreler/TexboxaYaz'

2021-11-11 09:49:15 - [TEST_CASE][PASSED] - Test Cases/Filtreler/TexboxaYaz: Test Cases/Filtreler/TexboxaYaz

2021-11-11 09:49:15 - [TEST_STEP][PASSED] - Method.TextDegerineEsitElementinAltindakiTextboxtaYaz(findTestObject("Filtreler/Basliklar"), findTestObject("Filtreler/Basliga_Gore_Textbox"), Filtre_Adi, Filtre_Degeri): Method.TextDegerineEsitElementinAltindakiTextboxtaYaz is PASSED

2021-11-11 09:49:15 - [MESSAGE][INFO] - Finding Test Object 'Object Repository/Filtreler/Basliklar'

2021-11-11 09:49:15 - [MESSAGE][INFO] - Finding Test Object 'Object Repository/Filtreler/Basliga_Gore_Textbox'

2021-11-11 09:49:15 - [MESSAGE][INFO] - Checking timeout

2021-11-11 09:49:15 - [MESSAGE][INFO] - Finding web element with id: 'Object Repository/Filtreler/Basliklar' located by 'By.cssSelector: .control-label.col-sm-4.paddingMarginRLC' in '10' second(s)

2021-11-11 09:49:15 - [MESSAGE][INFO] - Smart Wait Function is triggered

2021-11-11 09:49:16 - [MESSAGE][INFO] - Found 13 web elements with id: 'Object Repository/Filtreler/Basliklar' located by 'By.cssSelector: .control-label.col-sm-4.paddingMarginRLC' in '10' second(s)

2021-11-11 09:49:16 - [MESSAGE][INFO] - Smart Wait Function is triggered

2021-11-11 09:49:16 - [MESSAGE][PASSED] - Method.TextDegerineEsitElementinAltindakiTextboxtaYaz is PASSED

2021-11-11 09:49:16 - [MESSAGE][PASSED] - Call Test Case 'Test Cases/Filtreler/TexboxaYaz' successfully

2021-11-11 09:49:16 - [MESSAGE][INFO] - Checking called Test Case

2021-11-11 09:49:16 - [MESSAGE][INFO] - Starting to call Test Case 'Test Cases/Filtreler/ButonaTikla'

2021-11-11 09:49:16 - [TEST_CASE][PASSED] - Test Cases/Filtreler/ButonaTikla: Test Cases/Filtreler/ButonaTikla

2021-11-11 09:49:16 - [TEST_STEP][PASSED] - Method.TextDegerineEsitElementeTikla(findTestObject("Filtreler/Butonlar"), Filtre_Buton): Method.TextDegerineEsitElementeTikla is PASSED

2021-11-11 09:49:16 - [MESSAGE][INFO] - Finding Test Object 'Object Repository/Filtreler/Butonlar'

2021-11-11 09:49:16 - [MESSAGE][INFO] - Checking timeout

2021-11-11 09:49:16 - [MESSAGE][INFO] - Finding web element with id: 'Object Repository/Filtreler/Butonlar' located by 'By.cssSelector: .dxb>span' in '10' second(s)

2021-11-11 09:49:16 - [MESSAGE][INFO] - Smart Wait Function is triggered

2021-11-11 09:49:16 - [MESSAGE][INFO] - Found 3 web elements with id: 'Object Repository/Filtreler/Butonlar' located by 'By.cssSelector: .dxb>span' in '10' second(s)

2021-11-11 09:49:17 - [MESSAGE][PASSED] - Method.TextDegerineEsitElementeTikla is PASSED

2021-11-11 09:49:17 - [MESSAGE][PASSED] - Call Test Case 'Test Cases/Filtreler/ButonaTikla' successfully

2021-11-11 09:49:17 - [MESSAGE][INFO] - Checking called Test Case

2021-11-11 09:49:17 - [MESSAGE][INFO] - Starting to call Test Case 'Test Cases/Tablo/TablodaVeriVarMi'

2021-11-11 09:49:17 - [TEST_CASE][PASSED] - Test Cases/Tablo/TablodaVeriVarMi: Test Cases/Tablo/TablodaVeriVarMi

2021-11-11 09:49:17 - [TEST_STEP][PASSED] - verifyTextNotPresent("Görüntülenecek veri yok", true): Text 'Görüntülenecek veri yok' is not present on page using regular expression

2021-11-11 09:49:17 - [MESSAGE][INFO] - Checking text present  using regular expression

2021-11-11 09:49:17 - [MESSAGE][INFO] - Smart Wait Function is triggered

2021-11-11 09:49:17 - [MESSAGE][INFO] - Finding text 'Görüntülenecek veri yok' on page  using regular expression

2021-11-11 09:49:17 - [MESSAGE][PASSED] - Text 'Görüntülenecek veri yok' is not present on page using regular expression

2021-11-11 09:49:17 - [MESSAGE][PASSED] - Call Test Case 'Test Cases/Tablo/TablodaVeriVarMi' successfully

2021-11-11 09:49:17 - [MESSAGE][INFO] - Checking called Test Case

2021-11-11 09:49:17 - [MESSAGE][INFO] - Starting to call Test Case 'Test Cases/Tablo/TablodanVeriSec'

2021-11-11 09:49:18 - [TEST_CASE][PASSED] - Test Cases/Tablo/TablodanVeriSec: Test Cases/Tablo/TablodanVeriSec

2021-11-11 09:49:18 - [TEST_STEP][PASSED] - Method.TextDegerineEsitElementinAltindakineTikla(findTestObject("Tablo/Veriler"), findTestObject("Tablo/VerininCheckBoxi"), Veri_Adi): Method.TextDegerineEsitElementinAltindakineTikla is PASSED

2021-11-11 09:49:18 - [MESSAGE][INFO] - Finding Test Object 'Object Repository/Tablo/Veriler'

2021-11-11 09:49:18 - [MESSAGE][INFO] - Finding Test Object 'Object Repository/Tablo/VerininCheckBoxi'

2021-11-11 09:49:18 - [MESSAGE][INFO] - Checking timeout

2021-11-11 09:49:18 - [MESSAGE][INFO] - Finding web element with id: 'Object Repository/Tablo/Veriler' located by 'By.cssSelector: td.dxgv b ,td.dxgv' in '10' second(s)

2021-11-11 09:49:18 - [MESSAGE][INFO] - Smart Wait Function is triggered

2021-11-11 09:49:18 - [MESSAGE][INFO] - Found 26 web elements with id: 'Object Repository/Tablo/Veriler' located by 'By.cssSelector: td.dxgv b ,td.dxgv' in '10' second(s)

2021-11-11 09:49:18 - [MESSAGE][INFO] - Smart Wait Function is triggered

2021-11-11 09:49:18 - [MESSAGE][PASSED] - Method.TextDegerineEsitElementinAltindakineTikla is PASSED

2021-11-11 09:49:18 - [MESSAGE][PASSED] - Call Test Case 'Test Cases/Tablo/TablodanVeriSec' successfully

2021-11-11 09:49:18 - [MESSAGE][INFO] - Checking called Test Case

2021-11-11 09:49:18 - [MESSAGE][INFO] - Starting to call Test Case 'Test Cases/Butonlar/ButonaTikla'

2021-11-11 09:49:19 - [TEST_CASE][PASSED] - Test Cases/Butonlar/ButonaTikla: Test Cases/Butonlar/ButonaTikla

2021-11-11 09:49:19 - [TEST_STEP][PASSED] - Method.TextDegerineEsitElementeTiklaEquals(findTestObject("Butonlar/Butonlar"), Buton_Adi): Method.TextDegerineEsitElementeTiklaEquals is PASSED

2021-11-11 09:49:19 - [MESSAGE][INFO] - Finding Test Object 'Object Repository/Butonlar/Butonlar'

2021-11-11 09:49:19 - [MESSAGE][INFO] - Checking timeout

2021-11-11 09:49:19 - [MESSAGE][INFO] - Finding web element with id: 'Object Repository/Butonlar/Butonlar' located by 'By.cssSelector: .panel.panel-default.text-center.footerPanel .btn,.btn.btn-primary.btnControls' in '10' second(s)

2021-11-11 09:49:19 - [MESSAGE][INFO] - Smart Wait Function is triggered

2021-11-11 09:49:19 - [MESSAGE][INFO] - Found 11 web elements with id: 'Object Repository/Butonlar/Butonlar' located by 'By.cssSelector: .panel.panel-default.text-center.footerPanel .btn,.btn.btn-primary.btnControls' in '10' second(s)

2021-11-11 09:49:19 - [MESSAGE][PASSED] - Method.TextDegerineEsitElementeTiklaEquals is PASSED

2021-11-11 09:49:19 - [MESSAGE][PASSED] - Call Test Case 'Test Cases/Butonlar/ButonaTikla' successfully

2021-11-11 09:49:19 - [MESSAGE][INFO] - Checking called Test Case

2021-11-11 09:49:19 - [MESSAGE][INFO] - Starting to call Test Case 'Test Cases/Butonlar/AltButonaTikla'

2021-11-11 09:49:19 - [TEST_CASE][PASSED] - Test Cases/Butonlar/AltButonaTikla: Test Cases/Butonlar/AltButonaTikla

2021-11-11 09:49:19 - [TEST_STEP][PASSED] - Method.TextDegerineEsitElementeTikla(findTestObject("Butonlar/AltButonlar"), Alt_Buton): Method.TextDegerineEsitElementeTikla is PASSED

2021-11-11 09:49:19 - [MESSAGE][INFO] - Finding Test Object 'Object Repository/Butonlar/AltButonlar'

2021-11-11 09:49:19 - [MESSAGE][INFO] - Checking timeout

2021-11-11 09:49:19 - [MESSAGE][INFO] - Finding web element with id: 'Object Repository/Butonlar/AltButonlar' located by 'By.cssSelector: .btn-group.open li>a' in '10' second(s)

2021-11-11 09:49:19 - [MESSAGE][INFO] - Smart Wait Function is triggered

2021-11-11 09:49:20 - [MESSAGE][INFO] - Found 4 web elements with id: 'Object Repository/Butonlar/AltButonlar' located by 'By.cssSelector: .btn-group.open li>a' in '10' second(s)

2021-11-11 09:49:20 - [MESSAGE][PASSED] - Method.TextDegerineEsitElementeTikla is PASSED

2021-11-11 09:49:20 - [MESSAGE][PASSED] - Call Test Case 'Test Cases/Butonlar/AltButonaTikla' successfully

2021-11-11 09:49:20 - [MESSAGE][INFO] - Checking called Test Case

2021-11-11 09:49:20 - [MESSAGE][INFO] - Starting to call Test Case 'Test Cases/Popup/PopupMesajiIceriyorMu'

2021-11-11 09:49:20 - [TEST_CASE][PASSED] - Test Cases/Popup/PopupMesajiIceriyorMu: Test Cases/Popup/PopupMesajiIceriyorMu

2021-11-11 09:49:20 - [TEST_STEP][PASSED] - waitForElementVisible(findTestObject("Popup/Popup"), 10): Object 'Object Repository/Popup/Popup' is visible

2021-11-11 09:49:20 - [MESSAGE][INFO] - Finding Test Object 'Object Repository/Popup/Popup'

2021-11-11 09:49:20 - [MESSAGE][INFO] - Checking object

2021-11-11 09:49:20 - [MESSAGE][INFO] - Checking timeout

2021-11-11 09:49:20 - [MESSAGE][INFO] - Finding web element from Test Object's properties

2021-11-11 09:49:20 - [MESSAGE][INFO] - Checking timeout

2021-11-11 09:49:20 - [MESSAGE][INFO] - Finding web element with id: 'Object Repository/Popup/Popup' located by 'By.cssSelector: .bootbox-body' in '10' second(s)

2021-11-11 09:49:20 - [MESSAGE][INFO] - Smart Wait Function is triggered

2021-11-11 09:49:21 - [MESSAGE][INFO] - Found 1 web elements with id: 'Object Repository/Popup/Popup' located by 'By.cssSelector: .bootbox-body' in '10' second(s)

2021-11-11 09:49:21 - [MESSAGE][PASSED] - Object 'Object Repository/Popup/Popup' is visible

2021-11-11 09:49:21 - [TEST_STEP][PASSED] - if (!(getText(findTestObject("Popup/Popup")).contains(Mesaj))): Text of object 'Object Repository/Popup/Popup' is: 'Lütfen rapor bildiriminin gönderileceği e-posta adresini belirtiniz.
e-Posta Adresi'

2021-11-11 09:49:21 - [MESSAGE][INFO] - Finding Test Object 'Object Repository/Popup/Popup'

2021-11-11 09:49:21 - [MESSAGE][INFO] - Checking object

2021-11-11 09:49:21 - [MESSAGE][INFO] - Finding web element from Test Object's properties

2021-11-11 09:49:21 - [MESSAGE][INFO] - Checking timeout

2021-11-11 09:49:21 - [MESSAGE][INFO] - Finding web element with id: 'Object Repository/Popup/Popup' located by 'By.cssSelector: .bootbox-body' in '30' second(s)

2021-11-11 09:49:21 - [MESSAGE][INFO] - Smart Wait Function is triggered

2021-11-11 09:49:21 - [MESSAGE][INFO] - Found 1 web elements with id: 'Object Repository/Popup/Popup' located by 'By.cssSelector: .bootbox-body' in '30' second(s)

2021-11-11 09:49:21 - [MESSAGE][INFO] - Getting text of object 'Object Repository/Popup/Popup'

2021-11-11 09:49:21 - [MESSAGE][PASSED] - Text of object 'Object Repository/Popup/Popup' is: 'Lütfen rapor bildiriminin gönderileceği e-posta adresini belirtiniz.
e-Posta Adresi'

2021-11-11 09:49:21 - [TEST_STEP][PASSED] - RaporNo = getText(findTestObject("Popup/Popup")).substring(0, 6): Text of object 'Object Repository/Popup/Popup' is: 'Lütfen rapor bildiriminin gönderileceği e-posta adresini belirtiniz.
e-Posta Adresi'

2021-11-11 09:49:21 - [MESSAGE][INFO] - Finding Test Object 'Object Repository/Popup/Popup'

2021-11-11 09:49:21 - [MESSAGE][INFO] - Checking object

2021-11-11 09:49:21 - [MESSAGE][INFO] - Finding web element from Test Object's properties

2021-11-11 09:49:21 - [MESSAGE][INFO] - Checking timeout

2021-11-11 09:49:21 - [MESSAGE][INFO] - Finding web element with id: 'Object Repository/Popup/Popup' located by 'By.cssSelector: .bootbox-body' in '30' second(s)

2021-11-11 09:49:21 - [MESSAGE][INFO] - Smart Wait Function is triggered

2021-11-11 09:49:21 - [MESSAGE][INFO] - Found 1 web elements with id: 'Object Repository/Popup/Popup' located by 'By.cssSelector: .bootbox-body' in '30' second(s)

2021-11-11 09:49:21 - [MESSAGE][INFO] - Getting text of object 'Object Repository/Popup/Popup'

2021-11-11 09:49:21 - [MESSAGE][PASSED] - Text of object 'Object Repository/Popup/Popup' is: 'Lütfen rapor bildiriminin gönderileceği e-posta adresini belirtiniz.
e-Posta Adresi'

2021-11-11 09:49:21 - [TEST_STEP][PASSED] - Console.println(RaporNo): null

2021-11-11 09:49:21 - [MESSAGE][PASSED] - Call Test Case 'Test Cases/Popup/PopupMesajiIceriyorMu' successfully

2021-11-11 09:49:21 - [MESSAGE][INFO] - Checking called Test Case

2021-11-11 09:49:21 - [MESSAGE][INFO] - Starting to call Test Case 'Test Cases/Popup/PopupaEmailEklenir'

2021-11-11 09:49:21 - [TEST_CASE][PASSED] - Test Cases/Popup/PopupaEmailEklenir: Test Cases/Popup/PopupaEmailEklenir

2021-11-11 09:49:21 - [TEST_STEP][PASSED] - clearText(findTestObject("Popup/EmailText")): Text of object 'Object Repository/Popup/EmailText' is cleared

2021-11-11 09:49:21 - [MESSAGE][INFO] - Finding Test Object 'Object Repository/Popup/EmailText'

2021-11-11 09:49:21 - [MESSAGE][INFO] - Checking object

2021-11-11 09:49:21 - [MESSAGE][INFO] - Finding web element from Test Object's properties

2021-11-11 09:49:21 - [MESSAGE][INFO] - Checking timeout

2021-11-11 09:49:21 - [MESSAGE][INFO] - Finding web element with id: 'Object Repository/Popup/EmailText' located by 'By.xpath: //*[@id="eMails"]' in '30' second(s)

2021-11-11 09:49:21 - [MESSAGE][INFO] - Smart Wait Function is triggered

2021-11-11 09:49:22 - [MESSAGE][INFO] - Found 1 web elements with id: 'Object Repository/Popup/EmailText' located by 'By.xpath: //*[@id="eMails"]' in '30' second(s)

2021-11-11 09:49:22 - [MESSAGE][INFO] - Clearing text of object 'Object Repository/Popup/EmailText'

2021-11-11 09:49:22 - [MESSAGE][PASSED] - Text of object 'Object Repository/Popup/EmailText' is cleared

2021-11-11 09:49:22 - [TEST_STEP][PASSED] - sendKeys(findTestObject("Popup/EmailText"), Email): Keys 'elogotest@gmail.com;ali.kara@logo.com.tr' sent to object: 'Object Repository/Popup/EmailText'

2021-11-11 09:49:22 - [MESSAGE][INFO] - Finding Test Object 'Object Repository/Popup/EmailText'

2021-11-11 09:49:22 - [MESSAGE][INFO] - Sending keys 'elogotest@gmail.com;ali.kara@logo.com.tr' to object: 'Object Repository/Popup/EmailText'

2021-11-11 09:49:22 - [MESSAGE][INFO] - Finding web element from Test Object's properties

2021-11-11 09:49:22 - [MESSAGE][INFO] - Checking timeout

2021-11-11 09:49:22 - [MESSAGE][INFO] - Finding web element with id: 'Object Repository/Popup/EmailText' located by 'By.xpath: //*[@id="eMails"]' in '30' second(s)

2021-11-11 09:49:22 - [MESSAGE][INFO] - Smart Wait Function is triggered

2021-11-11 09:49:22 - [MESSAGE][INFO] - Found 1 web elements with id: 'Object Repository/Popup/EmailText' located by 'By.xpath: //*[@id="eMails"]' in '30' second(s)

2021-11-11 09:49:22 - [MESSAGE][PASSED] - Keys 'elogotest@gmail.com;ali.kara@logo.com.tr' sent to object: 'Object Repository/Popup/EmailText'

2021-11-11 09:49:22 - [MESSAGE][PASSED] - Call Test Case 'Test Cases/Popup/PopupaEmailEklenir' successfully

2021-11-11 09:49:22 - [MESSAGE][INFO] - Checking called Test Case

2021-11-11 09:49:22 - [MESSAGE][INFO] - Starting to call Test Case 'Test Cases/Popup/PopupButonSecilir'

2021-11-11 09:49:22 - [TEST_CASE][PASSED] - Test Cases/Popup/PopupButonSecilir: Test Cases/Popup/PopupButonSecilir

2021-11-11 09:49:22 - [TEST_STEP][PASSED] - Method.TextDegerineEsitElementeTikla(findTestObject("Popup/Popup_Butons"), Buton): Method.TextDegerineEsitElementeTikla is PASSED

2021-11-11 09:49:22 - [MESSAGE][INFO] - Finding Test Object 'Object Repository/Popup/Popup_Butons'

2021-11-11 09:49:22 - [MESSAGE][INFO] - Checking timeout

2021-11-11 09:49:22 - [MESSAGE][INFO] - Finding web element with id: 'Object Repository/Popup/Popup_Butons' located by 'By.cssSelector: .modal-footer>button' in '10' second(s)

2021-11-11 09:49:22 - [MESSAGE][INFO] - Smart Wait Function is triggered

2021-11-11 09:49:23 - [MESSAGE][INFO] - Found 2 web elements with id: 'Object Repository/Popup/Popup_Butons' located by 'By.cssSelector: .modal-footer>button' in '10' second(s)

2021-11-11 09:49:23 - [MESSAGE][PASSED] - Method.TextDegerineEsitElementeTikla is PASSED

2021-11-11 09:49:23 - [MESSAGE][PASSED] - Call Test Case 'Test Cases/Popup/PopupButonSecilir' successfully

2021-11-11 09:49:23 - [MESSAGE][INFO] - Checking called Test Case

2021-11-11 09:49:23 - [MESSAGE][INFO] - Starting to call Test Case 'Test Cases/Popup/PopupMesajiIceriyorMu'

2021-11-11 09:49:23 - [TEST_CASE][PASSED] - Test Cases/Popup/PopupMesajiIceriyorMu: Test Cases/Popup/PopupMesajiIceriyorMu

2021-11-11 09:49:23 - [TEST_STEP][PASSED] - waitForElementVisible(findTestObject("Popup/Popup"), 10): Object 'Object Repository/Popup/Popup' is visible

2021-11-11 09:49:23 - [MESSAGE][INFO] - Finding Test Object 'Object Repository/Popup/Popup'

2021-11-11 09:49:23 - [MESSAGE][INFO] - Checking object

2021-11-11 09:49:23 - [MESSAGE][INFO] - Checking timeout

2021-11-11 09:49:23 - [MESSAGE][INFO] - Finding web element from Test Object's properties

2021-11-11 09:49:23 - [MESSAGE][INFO] - Checking timeout

2021-11-11 09:49:23 - [MESSAGE][INFO] - Finding web element with id: 'Object Repository/Popup/Popup' located by 'By.cssSelector: .bootbox-body' in '10' second(s)

2021-11-11 09:49:23 - [MESSAGE][INFO] - Smart Wait Function is triggered

2021-11-11 09:49:24 - [MESSAGE][INFO] - Found 1 web elements with id: 'Object Repository/Popup/Popup' located by 'By.cssSelector: .bootbox-body' in '10' second(s)

2021-11-11 09:49:24 - [MESSAGE][PASSED] - Object 'Object Repository/Popup/Popup' is visible

2021-11-11 09:49:24 - [TEST_STEP][PASSED] - if (!(getText(findTestObject("Popup/Popup")).contains(Mesaj))): Text of object 'Object Repository/Popup/Popup' is: '16285 no’lu talebiniz işleme alınmıştır. Raporunuz hazırlandığında (elogotest@gmail.com;ali.kara@logo.com.tr) adresinize mail gönderilecektir.
Rapor durumunuzu Raporlar > Toplu Veri İndirme ekranından takip edebilir, hazırlandı durumundaki raporlarınızı ilgili menüden indirebilirsiniz.'

2021-11-11 09:49:24 - [MESSAGE][INFO] - Finding Test Object 'Object Repository/Popup/Popup'

2021-11-11 09:49:24 - [MESSAGE][INFO] - Checking object

2021-11-11 09:49:24 - [MESSAGE][INFO] - Finding web element from Test Object's properties

2021-11-11 09:49:24 - [MESSAGE][INFO] - Checking timeout

2021-11-11 09:49:24 - [MESSAGE][INFO] - Finding web element with id: 'Object Repository/Popup/Popup' located by 'By.cssSelector: .bootbox-body' in '30' second(s)

2021-11-11 09:49:24 - [MESSAGE][INFO] - Smart Wait Function is triggered

2021-11-11 09:49:24 - [MESSAGE][INFO] - Found 1 web elements with id: 'Object Repository/Popup/Popup' located by 'By.cssSelector: .bootbox-body' in '30' second(s)

2021-11-11 09:49:24 - [MESSAGE][INFO] - Getting text of object 'Object Repository/Popup/Popup'

2021-11-11 09:49:24 - [MESSAGE][PASSED] - Text of object 'Object Repository/Popup/Popup' is: '16285 no’lu talebiniz işleme alınmıştır. Raporunuz hazırlandığında (elogotest@gmail.com;ali.kara@logo.com.tr) adresinize mail gönderilecektir.
Rapor durumunuzu Raporlar > Toplu Veri İndirme ekranından takip edebilir, hazırlandı durumundaki raporlarınızı ilgili menüden indirebilirsiniz.'

2021-11-11 09:49:24 - [TEST_STEP][PASSED] - RaporNo = getText(findTestObject("Popup/Popup")).substring(0, 6): Text of object 'Object Repository/Popup/Popup' is: '16285 no’lu talebiniz işleme alınmıştır. Raporunuz hazırlandığında (elogotest@gmail.com;ali.kara@logo.com.tr) adresinize mail gönderilecektir.
Rapor durumunuzu Raporlar > Toplu Veri İndirme ekranından takip edebilir, hazırlandı durumundaki raporlarınızı ilgili menüden indirebilirsiniz.'

2021-11-11 09:49:24 - [MESSAGE][INFO] - Finding Test Object 'Object Repository/Popup/Popup'

2021-11-11 09:49:24 - [MESSAGE][INFO] - Checking object

2021-11-11 09:49:24 - [MESSAGE][INFO] - Finding web element from Test Object's properties

2021-11-11 09:49:24 - [MESSAGE][INFO] - Checking timeout

2021-11-11 09:49:24 - [MESSAGE][INFO] - Finding web element with id: 'Object Repository/Popup/Popup' located by 'By.cssSelector: .bootbox-body' in '30' second(s)

2021-11-11 09:49:24 - [MESSAGE][INFO] - Smart Wait Function is triggered

2021-11-11 09:49:24 - [MESSAGE][INFO] - Found 1 web elements with id: 'Object Repository/Popup/Popup' located by 'By.cssSelector: .bootbox-body' in '30' second(s)

2021-11-11 09:49:24 - [MESSAGE][INFO] - Getting text of object 'Object Repository/Popup/Popup'

2021-11-11 09:49:24 - [MESSAGE][PASSED] - Text of object 'Object Repository/Popup/Popup' is: '16285 no’lu talebiniz işleme alınmıştır. Raporunuz hazırlandığında (elogotest@gmail.com;ali.kara@logo.com.tr) adresinize mail gönderilecektir.
Rapor durumunuzu Raporlar > Toplu Veri İndirme ekranından takip edebilir, hazırlandı durumundaki raporlarınızı ilgili menüden indirebilirsiniz.'

2021-11-11 09:49:24 - [TEST_STEP][PASSED] - Console.println(RaporNo): null

2021-11-11 09:49:24 - [MESSAGE][PASSED] - Call Test Case 'Test Cases/Popup/PopupMesajiIceriyorMu' successfully

2021-11-11 09:49:24 - [MESSAGE][INFO] - Checking called Test Case

2021-11-11 09:49:24 - [MESSAGE][INFO] - Starting to call Test Case 'Test Cases/Popup/PopupButonSecilir'

2021-11-11 09:49:24 - [TEST_CASE][PASSED] - Test Cases/Popup/PopupButonSecilir: Test Cases/Popup/PopupButonSecilir

2021-11-11 09:49:24 - [TEST_STEP][PASSED] - Method.TextDegerineEsitElementeTikla(findTestObject("Popup/Popup_Butons"), Buton): Method.TextDegerineEsitElementeTikla is PASSED

2021-11-11 09:49:24 - [MESSAGE][INFO] - Finding Test Object 'Object Repository/Popup/Popup_Butons'

2021-11-11 09:49:25 - [MESSAGE][INFO] - Checking timeout

2021-11-11 09:49:25 - [MESSAGE][INFO] - Finding web element with id: 'Object Repository/Popup/Popup_Butons' located by 'By.cssSelector: .modal-footer>button' in '10' second(s)

2021-11-11 09:49:25 - [MESSAGE][INFO] - Smart Wait Function is triggered

2021-11-11 09:49:25 - [MESSAGE][INFO] - Found 1 web elements with id: 'Object Repository/Popup/Popup_Butons' located by 'By.cssSelector: .modal-footer>button' in '10' second(s)

2021-11-11 09:49:25 - [MESSAGE][PASSED] - Method.TextDegerineEsitElementeTikla is PASSED

2021-11-11 09:49:25 - [MESSAGE][PASSED] - Call Test Case 'Test Cases/Popup/PopupButonSecilir' successfully

2021-11-11 09:49:25 - [MESSAGE][INFO] - Checking called Test Case

2021-11-11 09:49:25 - [MESSAGE][INFO] - Starting to call Test Case 'Test Cases/Butonlar/ButonaTikla'

2021-11-11 09:49:25 - [TEST_CASE][PASSED] - Test Cases/Butonlar/ButonaTikla: Test Cases/Butonlar/ButonaTikla

2021-11-11 09:49:25 - [TEST_STEP][PASSED] - Method.TextDegerineEsitElementeTiklaEquals(findTestObject("Butonlar/Butonlar"), Buton_Adi): Method.TextDegerineEsitElementeTiklaEquals is PASSED

2021-11-11 09:49:25 - [MESSAGE][INFO] - Finding Test Object 'Object Repository/Butonlar/Butonlar'

2021-11-11 09:49:25 - [MESSAGE][INFO] - Checking timeout

2021-11-11 09:49:25 - [MESSAGE][INFO] - Finding web element with id: 'Object Repository/Butonlar/Butonlar' located by 'By.cssSelector: .panel.panel-default.text-center.footerPanel .btn,.btn.btn-primary.btnControls' in '10' second(s)

2021-11-11 09:49:25 - [MESSAGE][INFO] - Smart Wait Function is triggered

2021-11-11 09:49:26 - [MESSAGE][INFO] - Found 11 web elements with id: 'Object Repository/Butonlar/Butonlar' located by 'By.cssSelector: .panel.panel-default.text-center.footerPanel .btn,.btn.btn-primary.btnControls' in '10' second(s)

2021-11-11 09:49:26 - [MESSAGE][PASSED] - Method.TextDegerineEsitElementeTiklaEquals is PASSED

2021-11-11 09:49:26 - [MESSAGE][PASSED] - Call Test Case 'Test Cases/Butonlar/ButonaTikla' successfully

2021-11-11 09:49:26 - [MESSAGE][INFO] - Checking called Test Case

2021-11-11 09:49:26 - [MESSAGE][INFO] - Starting to call Test Case 'Test Cases/Butonlar/AltButonaTikla'

2021-11-11 09:49:26 - [TEST_CASE][PASSED] - Test Cases/Butonlar/AltButonaTikla: Test Cases/Butonlar/AltButonaTikla

2021-11-11 09:49:26 - [TEST_STEP][PASSED] - Method.TextDegerineEsitElementeTikla(findTestObject("Butonlar/AltButonlar"), Alt_Buton): Method.TextDegerineEsitElementeTikla is PASSED

2021-11-11 09:49:26 - [MESSAGE][INFO] - Finding Test Object 'Object Repository/Butonlar/AltButonlar'

2021-11-11 09:49:26 - [MESSAGE][INFO] - Checking timeout

2021-11-11 09:49:26 - [MESSAGE][INFO] - Finding web element with id: 'Object Repository/Butonlar/AltButonlar' located by 'By.cssSelector: .btn-group.open li>a' in '10' second(s)

2021-11-11 09:49:26 - [MESSAGE][INFO] - Smart Wait Function is triggered

2021-11-11 09:49:26 - [MESSAGE][INFO] - Found 4 web elements with id: 'Object Repository/Butonlar/AltButonlar' located by 'By.cssSelector: .btn-group.open li>a' in '10' second(s)

2021-11-11 09:49:26 - [MESSAGE][PASSED] - Method.TextDegerineEsitElementeTikla is PASSED

2021-11-11 09:49:26 - [MESSAGE][PASSED] - Call Test Case 'Test Cases/Butonlar/AltButonaTikla' successfully

2021-11-11 09:49:26 - [MESSAGE][INFO] - Checking called Test Case

2021-11-11 09:49:26 - [MESSAGE][INFO] - Starting to call Test Case 'Test Cases/Popup/PopupMesajiIceriyorMu'

2021-11-11 09:49:26 - [TEST_CASE][PASSED] - Test Cases/Popup/PopupMesajiIceriyorMu: Test Cases/Popup/PopupMesajiIceriyorMu

2021-11-11 09:49:26 - [TEST_STEP][PASSED] - waitForElementVisible(findTestObject("Popup/Popup"), 10): Object 'Object Repository/Popup/Popup' is visible

2021-11-11 09:49:26 - [MESSAGE][INFO] - Finding Test Object 'Object Repository/Popup/Popup'

2021-11-11 09:49:26 - [MESSAGE][INFO] - Checking object

2021-11-11 09:49:26 - [MESSAGE][INFO] - Checking timeout

2021-11-11 09:49:26 - [MESSAGE][INFO] - Finding web element from Test Object's properties

2021-11-11 09:49:26 - [MESSAGE][INFO] - Checking timeout

2021-11-11 09:49:26 - [MESSAGE][INFO] - Finding web element with id: 'Object Repository/Popup/Popup' located by 'By.cssSelector: .bootbox-body' in '10' second(s)

2021-11-11 09:49:26 - [MESSAGE][INFO] - Smart Wait Function is triggered

2021-11-11 09:49:27 - [MESSAGE][INFO] - Found 1 web elements with id: 'Object Repository/Popup/Popup' located by 'By.cssSelector: .bootbox-body' in '10' second(s)

2021-11-11 09:49:27 - [MESSAGE][PASSED] - Object 'Object Repository/Popup/Popup' is visible

2021-11-11 09:49:27 - [TEST_STEP][PASSED] - if (!(getText(findTestObject("Popup/Popup")).contains(Mesaj))): Text of object 'Object Repository/Popup/Popup' is: 'Lütfen rapor bildiriminin gönderileceği e-posta adresini belirtiniz.
e-Posta Adresi'

2021-11-11 09:49:27 - [MESSAGE][INFO] - Finding Test Object 'Object Repository/Popup/Popup'

2021-11-11 09:49:27 - [MESSAGE][INFO] - Checking object

2021-11-11 09:49:27 - [MESSAGE][INFO] - Finding web element from Test Object's properties

2021-11-11 09:49:27 - [MESSAGE][INFO] - Checking timeout

2021-11-11 09:49:27 - [MESSAGE][INFO] - Finding web element with id: 'Object Repository/Popup/Popup' located by 'By.cssSelector: .bootbox-body' in '30' second(s)

2021-11-11 09:49:27 - [MESSAGE][INFO] - Smart Wait Function is triggered

2021-11-11 09:49:27 - [MESSAGE][INFO] - Found 1 web elements with id: 'Object Repository/Popup/Popup' located by 'By.cssSelector: .bootbox-body' in '30' second(s)

2021-11-11 09:49:27 - [MESSAGE][INFO] - Getting text of object 'Object Repository/Popup/Popup'

2021-11-11 09:49:27 - [MESSAGE][PASSED] - Text of object 'Object Repository/Popup/Popup' is: 'Lütfen rapor bildiriminin gönderileceği e-posta adresini belirtiniz.
e-Posta Adresi'

2021-11-11 09:49:27 - [TEST_STEP][PASSED] - RaporNo = getText(findTestObject("Popup/Popup")).substring(0, 6): Text of object 'Object Repository/Popup/Popup' is: 'Lütfen rapor bildiriminin gönderileceği e-posta adresini belirtiniz.
e-Posta Adresi'

2021-11-11 09:49:27 - [MESSAGE][INFO] - Finding Test Object 'Object Repository/Popup/Popup'

2021-11-11 09:49:27 - [MESSAGE][INFO] - Checking object

2021-11-11 09:49:27 - [MESSAGE][INFO] - Finding web element from Test Object's properties

2021-11-11 09:49:27 - [MESSAGE][INFO] - Checking timeout

2021-11-11 09:49:27 - [MESSAGE][INFO] - Finding web element with id: 'Object Repository/Popup/Popup' located by 'By.cssSelector: .bootbox-body' in '30' second(s)

2021-11-11 09:49:27 - [MESSAGE][INFO] - Smart Wait Function is triggered

2021-11-11 09:49:27 - [MESSAGE][INFO] - Found 1 web elements with id: 'Object Repository/Popup/Popup' located by 'By.cssSelector: .bootbox-body' in '30' second(s)

2021-11-11 09:49:27 - [MESSAGE][INFO] - Getting text of object 'Object Repository/Popup/Popup'

2021-11-11 09:49:27 - [MESSAGE][PASSED] - Text of object 'Object Repository/Popup/Popup' is: 'Lütfen rapor bildiriminin gönderileceği e-posta adresini belirtiniz.
e-Posta Adresi'

2021-11-11 09:49:27 - [TEST_STEP][PASSED] - Console.println(RaporNo): null

2021-11-11 09:49:27 - [MESSAGE][PASSED] - Call Test Case 'Test Cases/Popup/PopupMesajiIceriyorMu' successfully

2021-11-11 09:49:28 - [MESSAGE][INFO] - Checking called Test Case

2021-11-11 09:49:28 - [MESSAGE][INFO] - Starting to call Test Case 'Test Cases/Popup/PopupaEmailEklenir'

2021-11-11 09:49:28 - [TEST_CASE][PASSED] - Test Cases/Popup/PopupaEmailEklenir: Test Cases/Popup/PopupaEmailEklenir

2021-11-11 09:49:28 - [TEST_STEP][PASSED] - clearText(findTestObject("Popup/EmailText")): Text of object 'Object Repository/Popup/EmailText' is cleared

2021-11-11 09:49:28 - [MESSAGE][INFO] - Finding Test Object 'Object Repository/Popup/EmailText'

2021-11-11 09:49:28 - [MESSAGE][INFO] - Checking object

2021-11-11 09:49:28 - [MESSAGE][INFO] - Finding web element from Test Object's properties

2021-11-11 09:49:28 - [MESSAGE][INFO] - Checking timeout

2021-11-11 09:49:28 - [MESSAGE][INFO] - Finding web element with id: 'Object Repository/Popup/EmailText' located by 'By.xpath: //*[@id="eMails"]' in '30' second(s)

2021-11-11 09:49:28 - [MESSAGE][INFO] - Smart Wait Function is triggered

2021-11-11 09:49:28 - [MESSAGE][INFO] - Found 1 web elements with id: 'Object Repository/Popup/EmailText' located by 'By.xpath: //*[@id="eMails"]' in '30' second(s)

2021-11-11 09:49:28 - [MESSAGE][INFO] - Clearing text of object 'Object Repository/Popup/EmailText'

2021-11-11 09:49:28 - [MESSAGE][PASSED] - Text of object 'Object Repository/Popup/EmailText' is cleared

2021-11-11 09:49:28 - [TEST_STEP][PASSED] - sendKeys(findTestObject("Popup/EmailText"), Email): Keys 'elogotest@gmail.com;ali.kara@logo.com.tr' sent to object: 'Object Repository/Popup/EmailText'

2021-11-11 09:49:28 - [MESSAGE][INFO] - Finding Test Object 'Object Repository/Popup/EmailText'

2021-11-11 09:49:28 - [MESSAGE][INFO] - Sending keys 'elogotest@gmail.com;ali.kara@logo.com.tr' to object: 'Object Repository/Popup/EmailText'

2021-11-11 09:49:28 - [MESSAGE][INFO] - Finding web element from Test Object's properties

2021-11-11 09:49:28 - [MESSAGE][INFO] - Checking timeout

2021-11-11 09:49:28 - [MESSAGE][INFO] - Finding web element with id: 'Object Repository/Popup/EmailText' located by 'By.xpath: //*[@id="eMails"]' in '30' second(s)

2021-11-11 09:49:28 - [MESSAGE][INFO] - Smart Wait Function is triggered

2021-11-11 09:49:28 - [MESSAGE][INFO] - Found 1 web elements with id: 'Object Repository/Popup/EmailText' located by 'By.xpath: //*[@id="eMails"]' in '30' second(s)

2021-11-11 09:49:28 - [MESSAGE][PASSED] - Keys 'elogotest@gmail.com;ali.kara@logo.com.tr' sent to object: 'Object Repository/Popup/EmailText'

2021-11-11 09:49:28 - [MESSAGE][PASSED] - Call Test Case 'Test Cases/Popup/PopupaEmailEklenir' successfully

2021-11-11 09:49:28 - [MESSAGE][INFO] - Checking called Test Case

2021-11-11 09:49:28 - [MESSAGE][INFO] - Starting to call Test Case 'Test Cases/Popup/PopupButonSecilir'

2021-11-11 09:49:28 - [TEST_CASE][PASSED] - Test Cases/Popup/PopupButonSecilir: Test Cases/Popup/PopupButonSecilir

2021-11-11 09:49:28 - [TEST_STEP][PASSED] - Method.TextDegerineEsitElementeTikla(findTestObject("Popup/Popup_Butons"), Buton): Method.TextDegerineEsitElementeTikla is PASSED

2021-11-11 09:49:28 - [MESSAGE][INFO] - Finding Test Object 'Object Repository/Popup/Popup_Butons'

2021-11-11 09:49:29 - [MESSAGE][INFO] - Checking timeout

2021-11-11 09:49:29 - [MESSAGE][INFO] - Finding web element with id: 'Object Repository/Popup/Popup_Butons' located by 'By.cssSelector: .modal-footer>button' in '10' second(s)

2021-11-11 09:49:29 - [MESSAGE][INFO] - Smart Wait Function is triggered

2021-11-11 09:49:29 - [MESSAGE][INFO] - Found 2 web elements with id: 'Object Repository/Popup/Popup_Butons' located by 'By.cssSelector: .modal-footer>button' in '10' second(s)

2021-11-11 09:49:29 - [MESSAGE][PASSED] - Method.TextDegerineEsitElementeTikla is PASSED

2021-11-11 09:49:29 - [MESSAGE][PASSED] - Call Test Case 'Test Cases/Popup/PopupButonSecilir' successfully

2021-11-11 09:49:29 - [MESSAGE][INFO] - Checking called Test Case

2021-11-11 09:49:29 - [MESSAGE][INFO] - Starting to call Test Case 'Test Cases/Popup/PopupMesajiIceriyorMu'

2021-11-11 09:49:29 - [TEST_CASE][PASSED] - Test Cases/Popup/PopupMesajiIceriyorMu: Test Cases/Popup/PopupMesajiIceriyorMu

2021-11-11 09:49:29 - [TEST_STEP][PASSED] - waitForElementVisible(findTestObject("Popup/Popup"), 10): Object 'Object Repository/Popup/Popup' is visible

2021-11-11 09:49:29 - [MESSAGE][INFO] - Finding Test Object 'Object Repository/Popup/Popup'

2021-11-11 09:49:29 - [MESSAGE][INFO] - Checking object

2021-11-11 09:49:29 - [MESSAGE][INFO] - Checking timeout

2021-11-11 09:49:29 - [MESSAGE][INFO] - Finding web element from Test Object's properties

2021-11-11 09:49:29 - [MESSAGE][INFO] - Checking timeout

2021-11-11 09:49:29 - [MESSAGE][INFO] - Finding web element with id: 'Object Repository/Popup/Popup' located by 'By.cssSelector: .bootbox-body' in '10' second(s)

2021-11-11 09:49:29 - [MESSAGE][INFO] - Smart Wait Function is triggered

2021-11-11 09:49:30 - [MESSAGE][INFO] - Found 1 web elements with id: 'Object Repository/Popup/Popup' located by 'By.cssSelector: .bootbox-body' in '10' second(s)

2021-11-11 09:49:30 - [MESSAGE][PASSED] - Object 'Object Repository/Popup/Popup' is visible

2021-11-11 09:49:30 - [TEST_STEP][PASSED] - if (!(getText(findTestObject("Popup/Popup")).contains(Mesaj))): Text of object 'Object Repository/Popup/Popup' is: '16286 no’lu talebiniz işleme alınmıştır. Raporunuz hazırlandığında (elogotest@gmail.com;ali.kara@logo.com.tr) adresinize mail gönderilecektir.
Rapor durumunuzu Raporlar > Toplu Veri İndirme ekranından takip edebilir, hazırlandı durumundaki raporlarınızı ilgili menüden indirebilirsiniz.'

2021-11-11 09:49:30 - [MESSAGE][INFO] - Finding Test Object 'Object Repository/Popup/Popup'

2021-11-11 09:49:30 - [MESSAGE][INFO] - Checking object

2021-11-11 09:49:30 - [MESSAGE][INFO] - Finding web element from Test Object's properties

2021-11-11 09:49:30 - [MESSAGE][INFO] - Checking timeout

2021-11-11 09:49:30 - [MESSAGE][INFO] - Finding web element with id: 'Object Repository/Popup/Popup' located by 'By.cssSelector: .bootbox-body' in '30' second(s)

2021-11-11 09:49:30 - [MESSAGE][INFO] - Smart Wait Function is triggered

2021-11-11 09:49:30 - [MESSAGE][INFO] - Found 1 web elements with id: 'Object Repository/Popup/Popup' located by 'By.cssSelector: .bootbox-body' in '30' second(s)

2021-11-11 09:49:30 - [MESSAGE][INFO] - Getting text of object 'Object Repository/Popup/Popup'

2021-11-11 09:49:30 - [MESSAGE][PASSED] - Text of object 'Object Repository/Popup/Popup' is: '16286 no’lu talebiniz işleme alınmıştır. Raporunuz hazırlandığında (elogotest@gmail.com;ali.kara@logo.com.tr) adresinize mail gönderilecektir.
Rapor durumunuzu Raporlar > Toplu Veri İndirme ekranından takip edebilir, hazırlandı durumundaki raporlarınızı ilgili menüden indirebilirsiniz.'

2021-11-11 09:49:30 - [TEST_STEP][PASSED] - RaporNo = getText(findTestObject("Popup/Popup")).substring(0, 6): Text of object 'Object Repository/Popup/Popup' is: '16286 no’lu talebiniz işleme alınmıştır. Raporunuz hazırlandığında (elogotest@gmail.com;ali.kara@logo.com.tr) adresinize mail gönderilecektir.
Rapor durumunuzu Raporlar > Toplu Veri İndirme ekranından takip edebilir, hazırlandı durumundaki raporlarınızı ilgili menüden indirebilirsiniz.'

2021-11-11 09:49:30 - [MESSAGE][INFO] - Finding Test Object 'Object Repository/Popup/Popup'

2021-11-11 09:49:30 - [MESSAGE][INFO] - Checking object

2021-11-11 09:49:30 - [MESSAGE][INFO] - Finding web element from Test Object's properties

2021-11-11 09:49:30 - [MESSAGE][INFO] - Checking timeout

2021-11-11 09:49:30 - [MESSAGE][INFO] - Finding web element with id: 'Object Repository/Popup/Popup' located by 'By.cssSelector: .bootbox-body' in '30' second(s)

2021-11-11 09:49:30 - [MESSAGE][INFO] - Smart Wait Function is triggered

2021-11-11 09:49:30 - [MESSAGE][INFO] - Found 1 web elements with id: 'Object Repository/Popup/Popup' located by 'By.cssSelector: .bootbox-body' in '30' second(s)

2021-11-11 09:49:30 - [MESSAGE][INFO] - Getting text of object 'Object Repository/Popup/Popup'

2021-11-11 09:49:30 - [MESSAGE][PASSED] - Text of object 'Object Repository/Popup/Popup' is: '16286 no’lu talebiniz işleme alınmıştır. Raporunuz hazırlandığında (elogotest@gmail.com;ali.kara@logo.com.tr) adresinize mail gönderilecektir.
Rapor durumunuzu Raporlar > Toplu Veri İndirme ekranından takip edebilir, hazırlandı durumundaki raporlarınızı ilgili menüden indirebilirsiniz.'

2021-11-11 09:49:30 - [TEST_STEP][PASSED] - Console.println(RaporNo): null

2021-11-11 09:49:30 - [MESSAGE][PASSED] - Call Test Case 'Test Cases/Popup/PopupMesajiIceriyorMu' successfully

2021-11-11 09:49:30 - [MESSAGE][INFO] - Checking called Test Case

2021-11-11 09:49:30 - [MESSAGE][INFO] - Starting to call Test Case 'Test Cases/Popup/PopupButonSecilir'

2021-11-11 09:49:30 - [TEST_CASE][PASSED] - Test Cases/Popup/PopupButonSecilir: Test Cases/Popup/PopupButonSecilir

2021-11-11 09:49:30 - [TEST_STEP][PASSED] - Method.TextDegerineEsitElementeTikla(findTestObject("Popup/Popup_Butons"), Buton): Method.TextDegerineEsitElementeTikla is PASSED

2021-11-11 09:49:30 - [MESSAGE][INFO] - Finding Test Object 'Object Repository/Popup/Popup_Butons'

2021-11-11 09:49:30 - [MESSAGE][INFO] - Checking timeout

2021-11-11 09:49:30 - [MESSAGE][INFO] - Finding web element with id: 'Object Repository/Popup/Popup_Butons' located by 'By.cssSelector: .modal-footer>button' in '10' second(s)

2021-11-11 09:49:30 - [MESSAGE][INFO] - Smart Wait Function is triggered

2021-11-11 09:49:31 - [MESSAGE][INFO] - Found 1 web elements with id: 'Object Repository/Popup/Popup_Butons' located by 'By.cssSelector: .modal-footer>button' in '10' second(s)

2021-11-11 09:49:31 - [MESSAGE][PASSED] - Method.TextDegerineEsitElementeTikla is PASSED

2021-11-11 09:49:31 - [MESSAGE][PASSED] - Call Test Case 'Test Cases/Popup/PopupButonSecilir' successfully

2021-11-11 09:49:31 - [MESSAGE][INFO] - Checking called Test Case

2021-11-11 09:49:31 - [MESSAGE][INFO] - Starting to call Test Case 'Test Cases/Menu/AnaMenuSecimi'

2021-11-11 09:49:31 - [TEST_CASE][PASSED] - Test Cases/Menu/AnaMenuSecimi: Test Cases/Menu/AnaMenuSecimi

2021-11-11 09:49:31 - [TEST_STEP][PASSED] - Method.TextDegerineEsitElementeTikla(findTestObject("Menu/Ana_Menu"), Ana_Menu): Method.TextDegerineEsitElementeTikla is PASSED

2021-11-11 09:49:31 - [MESSAGE][INFO] - Finding Test Object 'Object Repository/Menu/Ana_Menu'

2021-11-11 09:49:31 - [MESSAGE][INFO] - Checking timeout

2021-11-11 09:49:31 - [MESSAGE][INFO] - Finding web element with id: 'Object Repository/Menu/Ana_Menu' located by 'By.xpath: //*[@class = 'dropdown-toggle']' in '10' second(s)

2021-11-11 09:49:31 - [MESSAGE][INFO] - Smart Wait Function is triggered

2021-11-11 09:49:32 - [MESSAGE][INFO] - Found 14 web elements with id: 'Object Repository/Menu/Ana_Menu' located by 'By.xpath: //*[@class = 'dropdown-toggle']' in '10' second(s)

2021-11-11 09:49:32 - [MESSAGE][PASSED] - Method.TextDegerineEsitElementeTikla is PASSED

2021-11-11 09:49:32 - [MESSAGE][PASSED] - Call Test Case 'Test Cases/Menu/AnaMenuSecimi' successfully

2021-11-11 09:49:32 - [MESSAGE][INFO] - Checking called Test Case

2021-11-11 09:49:32 - [MESSAGE][INFO] - Starting to call Test Case 'Test Cases/Menu/AltMenuSecimi'

2021-11-11 09:49:32 - [TEST_CASE][PASSED] - Test Cases/Menu/AltMenuSecimi: Test Cases/Menu/AltMenuSecimi

2021-11-11 09:49:32 - [TEST_STEP][PASSED] - Method.TextDegerineEsitElementeTikla(findTestObject("Menu/Alt_Menu"), Alt_Menu): Method.TextDegerineEsitElementeTikla is PASSED

2021-11-11 09:49:32 - [MESSAGE][INFO] - Finding Test Object 'Object Repository/Menu/Alt_Menu'

2021-11-11 09:49:32 - [MESSAGE][INFO] - Checking timeout

2021-11-11 09:49:32 - [MESSAGE][INFO] - Finding web element with id: 'Object Repository/Menu/Alt_Menu' located by 'By.xpath: //li[@class='dropdown dropdown-large open']//li[@class='dropdown-element']' in '10' second(s)

2021-11-11 09:49:32 - [MESSAGE][INFO] - Smart Wait Function is triggered

2021-11-11 09:49:32 - [MESSAGE][INFO] - Found 9 web elements with id: 'Object Repository/Menu/Alt_Menu' located by 'By.xpath: //li[@class='dropdown dropdown-large open']//li[@class='dropdown-element']' in '10' second(s)

2021-11-11 09:49:33 - [MESSAGE][PASSED] - Method.TextDegerineEsitElementeTikla is PASSED

2021-11-11 09:49:33 - [MESSAGE][PASSED] - Call Test Case 'Test Cases/Menu/AltMenuSecimi' successfully

2021-11-11 09:49:33 - [MESSAGE][INFO] - Checking called Test Case

2021-11-11 09:49:33 - [MESSAGE][INFO] - Starting to call Test Case 'Test Cases/Filtreler/RaporNoYaz'

2021-11-11 09:49:33 - [TEST_CASE][PASSED] - Test Cases/Filtreler/RaporNoYaz: Test Cases/Filtreler/RaporNoYaz

2021-11-11 09:49:33 - [TEST_STEP][PASSED] - Method.TextDegerineEsitElementinAltindakiTextboxtaYaz(findTestObject("Filtreler/Basliklar"), findTestObject("Filtreler/Basliga_Gore_Textbox"), "Talep No", RaporNo): Method.TextDegerineEsitElementinAltindakiTextboxtaYaz is PASSED

2021-11-11 09:49:33 - [MESSAGE][INFO] - Finding Test Object 'Object Repository/Filtreler/Basliklar'

2021-11-11 09:49:34 - [MESSAGE][INFO] - Finding Test Object 'Object Repository/Filtreler/Basliga_Gore_Textbox'

2021-11-11 09:49:34 - [MESSAGE][INFO] - Checking timeout

2021-11-11 09:49:34 - [MESSAGE][INFO] - Finding web element with id: 'Object Repository/Filtreler/Basliklar' located by 'By.cssSelector: .control-label.col-sm-4.paddingMarginRLC' in '10' second(s)

2021-11-11 09:49:34 - [MESSAGE][INFO] - Smart Wait Function is triggered

2021-11-11 09:49:34 - [MESSAGE][INFO] - Found 8 web elements with id: 'Object Repository/Filtreler/Basliklar' located by 'By.cssSelector: .control-label.col-sm-4.paddingMarginRLC' in '10' second(s)

2021-11-11 09:49:34 - [MESSAGE][INFO] - Smart Wait Function is triggered

2021-11-11 09:49:34 - [MESSAGE][PASSED] - Method.TextDegerineEsitElementinAltindakiTextboxtaYaz is PASSED

2021-11-11 09:49:34 - [MESSAGE][PASSED] - Call Test Case 'Test Cases/Filtreler/RaporNoYaz' successfully

2021-11-11 09:49:34 - [MESSAGE][INFO] - Checking called Test Case

2021-11-11 09:49:34 - [MESSAGE][INFO] - Starting to call Test Case 'Test Cases/Filtreler/ButonaTikla'

2021-11-11 09:49:35 - [TEST_CASE][PASSED] - Test Cases/Filtreler/ButonaTikla: Test Cases/Filtreler/ButonaTikla

2021-11-11 09:49:35 - [TEST_STEP][PASSED] - Method.TextDegerineEsitElementeTikla(findTestObject("Filtreler/Butonlar"), Filtre_Buton): Method.TextDegerineEsitElementeTikla is PASSED

2021-11-11 09:49:35 - [MESSAGE][INFO] - Finding Test Object 'Object Repository/Filtreler/Butonlar'

2021-11-11 09:49:35 - [MESSAGE][INFO] - Checking timeout

2021-11-11 09:49:35 - [MESSAGE][INFO] - Finding web element with id: 'Object Repository/Filtreler/Butonlar' located by 'By.cssSelector: .dxb>span' in '10' second(s)

2021-11-11 09:49:35 - [MESSAGE][INFO] - Smart Wait Function is triggered

2021-11-11 09:49:35 - [MESSAGE][INFO] - Found 2 web elements with id: 'Object Repository/Filtreler/Butonlar' located by 'By.cssSelector: .dxb>span' in '10' second(s)

2021-11-11 09:49:35 - [MESSAGE][PASSED] - Method.TextDegerineEsitElementeTikla is PASSED

2021-11-11 09:49:35 - [MESSAGE][PASSED] - Call Test Case 'Test Cases/Filtreler/ButonaTikla' successfully

2021-11-11 09:49:35 - [MESSAGE][INFO] - Checking called Test Case

2021-11-11 09:49:35 - [MESSAGE][INFO] - Starting to call Test Case 'Test Cases/Tablo/TablodaVeriVarMi'

2021-11-11 09:49:35 - [TEST_CASE][PASSED] - Test Cases/Tablo/TablodaVeriVarMi: Test Cases/Tablo/TablodaVeriVarMi

2021-11-11 09:49:35 - [TEST_STEP][PASSED] - verifyTextNotPresent("Görüntülenecek veri yok", true): Text 'Görüntülenecek veri yok' is not present on page using regular expression

2021-11-11 09:49:35 - [MESSAGE][INFO] - Checking text present  using regular expression

2021-11-11 09:49:35 - [MESSAGE][INFO] - Smart Wait Function is triggered

2021-11-11 09:49:36 - [MESSAGE][INFO] - Finding text 'Görüntülenecek veri yok' on page  using regular expression

2021-11-11 09:49:36 - [MESSAGE][PASSED] - Text 'Görüntülenecek veri yok' is not present on page using regular expression

2021-11-11 09:49:36 - [MESSAGE][PASSED] - Call Test Case 'Test Cases/Tablo/TablodaVeriVarMi' successfully

2021-11-11 09:49:36 - [MESSAGE][INFO] - Checking called Test Case

2021-11-11 09:49:36 - [MESSAGE][INFO] - Starting to call Test Case 'Test Cases/Kullanici_Islemleri/KullaniciIslemlerindenSecimYapilir'

2021-11-11 09:49:36 - [TEST_CASE][PASSED] - Test Cases/Kullanici_Islemleri/KullaniciIslemlerindenSecimYapilir: Test Cases/Kullanici_Islemleri/KullaniciIslemlerindenSecimYapilir

2021-11-11 09:49:36 - [TEST_STEP][PASSED] - waitForElementClickable(findTestObject("Object Repository/Kullanici_Islemleri/KullaniciIslemleri"), 10): Object 'Object Repository/Kullanici_Islemleri/KullaniciIslemleri' is clickable

2021-11-11 09:49:36 - [MESSAGE][INFO] - Finding Test Object 'Object Repository/Kullanici_Islemleri/KullaniciIslemleri'

2021-11-11 09:49:36 - [MESSAGE][INFO] - Checking object

2021-11-11 09:49:36 - [MESSAGE][INFO] - Checking timeout

2021-11-11 09:49:36 - [MESSAGE][INFO] - Finding web element from Test Object's properties

2021-11-11 09:49:36 - [MESSAGE][INFO] - Checking timeout

2021-11-11 09:49:36 - [MESSAGE][INFO] - Finding web element with id: 'Object Repository/Kullanici_Islemleri/KullaniciIslemleri' located by 'By.cssSelector: .dropdown>a>img' in '10' second(s)

2021-11-11 09:49:36 - [MESSAGE][INFO] - Smart Wait Function is triggered

2021-11-11 09:49:36 - [MESSAGE][INFO] - Found 1 web elements with id: 'Object Repository/Kullanici_Islemleri/KullaniciIslemleri' located by 'By.cssSelector: .dropdown>a>img' in '10' second(s)

2021-11-11 09:49:36 - [MESSAGE][PASSED] - Object 'Object Repository/Kullanici_Islemleri/KullaniciIslemleri' is clickable

2021-11-11 09:49:36 - [TEST_STEP][PASSED] - click(findTestObject("Object Repository/Kullanici_Islemleri/KullaniciIslemleri")): Object: 'Object Repository/Kullanici_Islemleri/KullaniciIslemleri' is clicked on

2021-11-11 09:49:36 - [MESSAGE][INFO] - Finding Test Object 'Object Repository/Kullanici_Islemleri/KullaniciIslemleri'

2021-11-11 09:49:36 - [MESSAGE][INFO] - Checking object

2021-11-11 09:49:36 - [MESSAGE][INFO] - Finding web element from Test Object's properties

2021-11-11 09:49:36 - [MESSAGE][INFO] - Checking timeout

2021-11-11 09:49:36 - [MESSAGE][INFO] - Finding web element with id: 'Object Repository/Kullanici_Islemleri/KullaniciIslemleri' located by 'By.cssSelector: .dropdown>a>img' in '30' second(s)

2021-11-11 09:49:36 - [MESSAGE][INFO] - Smart Wait Function is triggered

2021-11-11 09:49:37 - [MESSAGE][INFO] - Found 1 web elements with id: 'Object Repository/Kullanici_Islemleri/KullaniciIslemleri' located by 'By.cssSelector: .dropdown>a>img' in '30' second(s)

2021-11-11 09:49:37 - [MESSAGE][INFO] - Clicking on object: 'Object Repository/Kullanici_Islemleri/KullaniciIslemleri'

2021-11-11 09:49:37 - [MESSAGE][PASSED] - Object: 'Object Repository/Kullanici_Islemleri/KullaniciIslemleri' is clicked on

2021-11-11 09:49:37 - [TEST_STEP][PASSED] - Method.TextDegerineEsitElementeTikla(findTestObject("Object Repository/Kullanici_Islemleri/Secenekler"), Islem): Method.TextDegerineEsitElementeTikla is PASSED

2021-11-11 09:49:37 - [MESSAGE][INFO] - Finding Test Object 'Object Repository/Kullanici_Islemleri/Secenekler'

2021-11-11 09:49:37 - [MESSAGE][INFO] - Checking timeout

2021-11-11 09:49:37 - [MESSAGE][INFO] - Finding web element with id: 'Object Repository/Kullanici_Islemleri/Secenekler' located by 'By.cssSelector: .nav.navbar-nav.navbar-right li a' in '10' second(s)

2021-11-11 09:49:37 - [MESSAGE][INFO] - Smart Wait Function is triggered

2021-11-11 09:49:37 - [MESSAGE][INFO] - Found 22 web elements with id: 'Object Repository/Kullanici_Islemleri/Secenekler' located by 'By.cssSelector: .nav.navbar-nav.navbar-right li a' in '10' second(s)

2021-11-11 09:49:39 - [MESSAGE][PASSED] - Method.TextDegerineEsitElementeTikla is PASSED

2021-11-11 09:49:39 - [TEST_STEP][PASSED] - verifyElementNotPresent(findTestObject("Object Repository/Kullanici_Islemleri/Secenekler"), 10): Web element with id: 'Object Repository/Kullanici_Islemleri/Secenekler' located by 'By.cssSelector: .nav.navbar-nav.navbar-right li a' is not present after '10' second(s)

2021-11-11 09:49:39 - [MESSAGE][INFO] - Finding Test Object 'Object Repository/Kullanici_Islemleri/Secenekler'

2021-11-11 09:49:39 - [MESSAGE][INFO] - Checking object

2021-11-11 09:49:39 - [MESSAGE][INFO] - Checking timeout

2021-11-11 09:49:39 - [MESSAGE][INFO] - Finding web element with id: 'Object Repository/Kullanici_Islemleri/Secenekler' located by 'By.cssSelector: .nav.navbar-nav.navbar-right li a' in '10' second(s)

2021-11-11 09:49:39 - [MESSAGE][INFO] - Smart Wait Function is triggered

2021-11-11 09:49:39 - [MESSAGE][PASSED] - Web element with id: 'Object Repository/Kullanici_Islemleri/Secenekler' located by 'By.cssSelector: .nav.navbar-nav.navbar-right li a' is not present after '10' second(s)

2021-11-11 09:49:39 - [MESSAGE][PASSED] - Call Test Case 'Test Cases/Kullanici_Islemleri/KullaniciIslemlerindenSecimYapilir' successfully

2021-11-11 09:49:39 - [TEST_CASE][PASSED] - Start Test Case : SCENARIO e-Serbest Meslek Makbuzlari Toplu Indirme - PDF Secilenlerin indirilmesi: SCENARIO e-Serbest Meslek Makbuzlari Toplu Indirme - PDF Secilenlerin indirilmesi

2021-11-11 09:49:39 - [TEST_STEP][PASSED] - Kullanıcı adı ELOGO6 ve Şifre 123456 olarak giriş yapılır: Kullanıcı adı ELOGO6 ve Şifre 123456 olarak giriş yapılır

2021-11-11 09:49:39 - [MESSAGE][PASSED] - Kullanıcı adı ELOGO6 ve Şifre 123456 olarak giriş yapılır

2021-11-11 09:49:39 - [TEST_STEP][PASSED] - Ana menüden e-Makbuz seçilir: Ana menüden e-Makbuz seçilir

2021-11-11 09:49:39 - [MESSAGE][PASSED] - Ana menüden e-Makbuz seçilir

2021-11-11 09:49:39 - [TEST_STEP][PASSED] - Alt menü e-Serbest Meslek Uygulaması başlığı altındaki e-Serbest Meslek Makbuzları seçilir: Alt menü e-Serbest Meslek Uygulaması başlığı altındaki e-Serbest Meslek Makbuzları seçilir

2021-11-11 09:49:39 - [MESSAGE][PASSED] - Alt menü e-Serbest Meslek Uygulaması başlığı altındaki e-Serbest Meslek Makbuzları seçilir

2021-11-11 09:49:39 - [TEST_STEP][PASSED] - Filtrelerden Oluşturma Tarihi filtresine 01.12.2020 baslangic degerini yaz: Filtrelerden Oluşturma Tarihi filtresine 01.12.2020 baslangic degerini yaz

2021-11-11 09:49:39 - [MESSAGE][PASSED] - Filtrelerden Oluşturma Tarihi filtresine 01.12.2020 baslangic degerini yaz

2021-11-11 09:49:39 - [TEST_STEP][PASSED] - Filtrelerden Oluşturma Tarihi filtresine 31.12.2020 bitis degerini yaz: Filtrelerden Oluşturma Tarihi filtresine 31.12.2020 bitis degerini yaz

2021-11-11 09:49:39 - [MESSAGE][PASSED] - Filtrelerden Oluşturma Tarihi filtresine 31.12.2020 bitis degerini yaz

2021-11-11 09:49:39 - [TEST_STEP][PASSED] - Filtrelerden Alıcı Unvan filtresine TEST textini yaz: Filtrelerden Alıcı Unvan filtresine TEST textini yaz

2021-11-11 09:49:39 - [MESSAGE][PASSED] - Filtrelerden Alıcı Unvan filtresine TEST textini yaz

2021-11-11 09:49:39 - [TEST_STEP][PASSED] - Filtre butonlarından Listele seçilir: Filtre butonlarından Listele seçilir

2021-11-11 09:49:39 - [MESSAGE][PASSED] - Filtre butonlarından Listele seçilir

2021-11-11 09:49:39 - [TEST_STEP][PASSED] - Tabloda veri var mı kontrol edilir: Tabloda veri var mı kontrol edilir

2021-11-11 09:49:39 - [MESSAGE][PASSED] - Tabloda veri var mı kontrol edilir

2021-11-11 09:49:39 - [TEST_STEP][PASSED] - Tablodan TEST isimli veri seçilir: Tablodan TEST isimli veri seçilir

2021-11-11 09:49:39 - [MESSAGE][PASSED] - Tablodan TEST isimli veri seçilir

2021-11-11 09:49:39 - [TEST_STEP][PASSED] - Butonlardan Toplu İndirme isimli butona tıklanır: Butonlardan Toplu İndirme isimli butona tıklanır

2021-11-11 09:49:39 - [MESSAGE][PASSED] - Butonlardan Toplu İndirme isimli butona tıklanır

2021-11-11 09:49:39 - [TEST_STEP][PASSED] - Alt butonlardan PDF Seçilenleri İndir butonuna tıklanır: Alt butonlardan PDF Seçilenleri İndir butonuna tıklanır

2021-11-11 09:49:39 - [MESSAGE][PASSED] - Alt butonlardan PDF Seçilenleri İndir butonuna tıklanır

2021-11-11 09:49:39 - [TEST_STEP][PASSED] - Popup mesajı Lütfen rapor bildiriminin gönderileceği e-posta adresini belirtiniz. içeriyor mu: Popup mesajı Lütfen rapor bildiriminin gönderileceği e-posta adresini belirtiniz. içeriyor mu

2021-11-11 09:49:39 - [MESSAGE][PASSED] - Popup mesajı Lütfen rapor bildiriminin gönderileceği e-posta adresini belirtiniz. içeriyor mu

2021-11-11 09:49:39 - [TEST_STEP][PASSED] - Popup email elogotest@gmail.com;ali.kara@logo.com.tr olarak girilir: Popup email elogotest@gmail.com;ali.kara@logo.com.tr olarak girilir

2021-11-11 09:49:39 - [MESSAGE][PASSED] - Popup email elogotest@gmail.com;ali.kara@logo.com.tr olarak girilir

2021-11-11 09:49:39 - [TEST_STEP][PASSED] - Yönetim popupında Gönder seçilir: Yönetim popupında Gönder seçilir

2021-11-11 09:49:39 - [MESSAGE][PASSED] - Yönetim popupında Gönder seçilir

2021-11-11 09:49:39 - [TEST_STEP][PASSED] - Popup mesajı talebiniz işleme alınmıştır içeriyor mu: Popup mesajı talebiniz işleme alınmıştır içeriyor mu

2021-11-11 09:49:39 - [MESSAGE][PASSED] - Popup mesajı talebiniz işleme alınmıştır içeriyor mu

2021-11-11 09:49:39 - [TEST_STEP][PASSED] - Yönetim popupında Tamam seçilir: Yönetim popupında Tamam seçilir

2021-11-11 09:49:39 - [MESSAGE][PASSED] - Yönetim popupında Tamam seçilir

2021-11-11 09:49:39 - [TEST_STEP][PASSED] - Butonlardan Toplu İndirme isimli butona tıklanır: Butonlardan Toplu İndirme isimli butona tıklanır

2021-11-11 09:49:39 - [MESSAGE][PASSED] - Butonlardan Toplu İndirme isimli butona tıklanır

2021-11-11 09:49:39 - [TEST_STEP][PASSED] - Alt butonlardan PDF Tümünü İndir butonuna tıklanır: Alt butonlardan PDF Tümünü İndir butonuna tıklanır

2021-11-11 09:49:39 - [MESSAGE][PASSED] - Alt butonlardan PDF Tümünü İndir butonuna tıklanır

2021-11-11 09:49:39 - [TEST_STEP][PASSED] - Popup mesajı Lütfen rapor bildiriminin gönderileceği e-posta adresini belirtiniz. içeriyor mu: Popup mesajı Lütfen rapor bildiriminin gönderileceği e-posta adresini belirtiniz. içeriyor mu

2021-11-11 09:49:39 - [MESSAGE][PASSED] - Popup mesajı Lütfen rapor bildiriminin gönderileceği e-posta adresini belirtiniz. içeriyor mu

2021-11-11 09:49:39 - [TEST_STEP][PASSED] - Popup email elogotest@gmail.com;ali.kara@logo.com.tr olarak girilir: Popup email elogotest@gmail.com;ali.kara@logo.com.tr olarak girilir

2021-11-11 09:49:39 - [MESSAGE][PASSED] - Popup email elogotest@gmail.com;ali.kara@logo.com.tr olarak girilir

2021-11-11 09:49:39 - [TEST_STEP][PASSED] - Yönetim popupında Gönder seçilir: Yönetim popupında Gönder seçilir

2021-11-11 09:49:39 - [MESSAGE][PASSED] - Yönetim popupında Gönder seçilir

2021-11-11 09:49:39 - [TEST_STEP][PASSED] - Popup mesajı talebiniz işleme alınmıştır içeriyor mu: Popup mesajı talebiniz işleme alınmıştır içeriyor mu

2021-11-11 09:49:39 - [MESSAGE][PASSED] - Popup mesajı talebiniz işleme alınmıştır içeriyor mu

2021-11-11 09:49:39 - [TEST_STEP][PASSED] - Yönetim popupında Tamam seçilir: Yönetim popupında Tamam seçilir

2021-11-11 09:49:39 - [MESSAGE][PASSED] - Yönetim popupında Tamam seçilir

2021-11-11 09:49:39 - [TEST_STEP][PASSED] - Ana menüden Raporlar seçilir: Ana menüden Raporlar seçilir

2021-11-11 09:49:39 - [MESSAGE][PASSED] - Ana menüden Raporlar seçilir

2021-11-11 09:49:39 - [TEST_STEP][PASSED] - Alt menüden Toplu Veri İndirme seçilir: Alt menüden Toplu Veri İndirme seçilir

2021-11-11 09:49:39 - [MESSAGE][PASSED] - Alt menüden Toplu Veri İndirme seçilir

2021-11-11 09:49:39 - [TEST_STEP][PASSED] - Filtrelerden Talep No filtresine Rapor No bilgisi yaz: Filtrelerden Talep No filtresine Rapor No bilgisi yaz

2021-11-11 09:49:39 - [MESSAGE][PASSED] - Filtrelerden Talep No filtresine Rapor No bilgisi yaz

2021-11-11 09:49:39 - [TEST_STEP][PASSED] - Filtre butonlarından Listele seçilir: Filtre butonlarından Listele seçilir

2021-11-11 09:49:39 - [MESSAGE][PASSED] - Filtre butonlarından Listele seçilir

2021-11-11 09:49:39 - [TEST_STEP][PASSED] - Tabloda veri var mı kontrol edilir: Tabloda veri var mı kontrol edilir

2021-11-11 09:49:39 - [MESSAGE][PASSED] - Tabloda veri var mı kontrol edilir

2021-11-11 09:49:39 - [TEST_STEP][PASSED] - Kullanıcı işlemlerinden Çıkış seçilir: Kullanıcı işlemlerinden Çıkış seçilir

2021-11-11 09:49:39 - [MESSAGE][PASSED] - Kullanıcı işlemlerinden Çıkış seçilir

2021-11-11 09:49:39 - [MESSAGE][PASSED] - Feature file: 'Include/features/e-Makbuz/e-Serbest Meslek Uygulaması/e-Serbest Meslek Makbuzlari/Toplu Indirme.feature' was passed

2021-11-11 09:49:39 - [TEST_STEP][PASSED] - Start listener action : sampleAfterTestSuite: Invoke 'com.kms.katalon.core.annotation.AfterTestCase' method: 'Listener.sampleAfterTestSuite(...)' completed.

2021-11-11 09:49:39 - [MESSAGE][INFO] - Starting invoke 'com.kms.katalon.core.annotation.AfterTestCase' method: 'Listener.sampleAfterTestSuite(...)'

2021-11-11 09:49:39 - [TEST_STEP][PASSED] - closeBrowser(): Invoke 'com.kms.katalon.core.annotation.AfterTestCase' method: 'Listener.sampleAfterTestSuite(...)' completed.

2021-11-11 09:49:39 - [MESSAGE][INFO] - Closing browser

2021-11-11 09:49:40 - [MESSAGE][PASSED] - Browser is closed

2021-11-11 09:49:40 - [MESSAGE][INFO] - Invoke 'com.kms.katalon.core.annotation.AfterTestCase' method: 'Listener.sampleAfterTestSuite(...)' completed.]]></system-out>
         <system-err><![CDATA[]]></system-err>
      </testcase>
      <testcase name="Test Cases/Case Repository/Zarflar/Gelen Zarflar/Secilenleri Excele Aktar" time="47.922" classname="Test Cases/Case Repository/Zarflar/Gelen Zarflar/Secilenleri Excele Aktar" status="PASSED">
         <system-out><![CDATA[2021-11-11 09:49:40 - [TEST_CASE][PASSED] - Test Cases/Case Repository/Zarflar/Gelen Zarflar/Secilenleri Excele Aktar: Test Cases/Case Repository/Zarflar/Gelen Zarflar/Secilenleri Excele Aktar

2021-11-11 09:49:40 - [TEST_STEP][PASSED] - Start listener action : sampleBeforeTestSuite: Invoke 'com.kms.katalon.core.annotation.BeforeTestCase' method: 'Listener.sampleBeforeTestSuite(...)' completed.

2021-11-11 09:49:40 - [MESSAGE][INFO] - Starting invoke 'com.kms.katalon.core.annotation.BeforeTestCase' method: 'Listener.sampleBeforeTestSuite(...)'

2021-11-11 09:49:40 - [TEST_STEP][PASSED] - openBrowser(baseUrl): Browser is opened with url: 'https://efatura-stage.elogo.com.tr/'

2021-11-11 09:49:40 - [MESSAGE][INFO] - Opening browser

2021-11-11 09:49:40 - [MESSAGE][INFO] - Starting 'Chrome' driver

2021-11-11 09:49:40 - [MESSAGE][INFO] - User set preference: ['prefs', '{download.default_directory=C:\otomasyondownfiles}']

2021-11-11 09:49:40 - [MESSAGE][INFO] - Action delay is set to 0 milliseconds

2021-11-11 09:49:42 - [MESSAGE][INFO] - Navigating browser to: 'https://efatura-stage.elogo.com.tr/'

2021-11-11 09:49:44 - [MESSAGE][PASSED] - Browser is opened with url: 'https://efatura-stage.elogo.com.tr/'

2021-11-11 09:49:44 - [TEST_STEP][PASSED] - maximizeWindow(): Invoke 'com.kms.katalon.core.annotation.BeforeTestCase' method: 'Listener.sampleBeforeTestSuite(...)' completed.

2021-11-11 09:49:44 - [MESSAGE][INFO] - Maximizing current window

2021-11-11 09:49:44 - [MESSAGE][PASSED] - Current window maximized

2021-11-11 09:49:44 - [MESSAGE][INFO] - Invoke 'com.kms.katalon.core.annotation.BeforeTestCase' method: 'Listener.sampleBeforeTestSuite(...)' completed.

2021-11-11 09:49:44 - [TEST_STEP][PASSED] - runFeatureFile("Include/features/Zarflar/Gelen Zarflar/Secilenleri Excele Aktar.feature"): Feature file: 'Include/features/Zarflar/Gelen Zarflar/Secilenleri Excele Aktar.feature' was passed

2021-11-11 09:49:44 - [MESSAGE][INFO] - Starting run keyword runFeatureFile: 'Include/features/Zarflar/Gelen Zarflar/Secilenleri Excele Aktar.feature' and extract report to folder: 'C:\Users\DELL\Documents\GitHub\EES_KatalonLogo\Reports\20211111_090730\Suite Repository\ExceleAktarVeTopluIndirme\20211111_090810/cucumber_report/1636613384688'...

2021-11-11 09:49:44 - [MESSAGE][INFO] - Glue: []

2021-11-11 09:49:45 - [MESSAGE][INFO] - Checking called Test Case

2021-11-11 09:49:45 - [MESSAGE][INFO] - Starting to call Test Case 'Test Cases/Sayfalar/Giris_Sayfasi/Login'

2021-11-11 09:49:45 - [TEST_CASE][PASSED] - Test Cases/Sayfalar/Giris_Sayfasi/Login: Test Cases/Sayfalar/Giris_Sayfasi/Login

2021-11-11 09:49:45 - [TEST_STEP][PASSED] - Sayfa_Basligi = getWindowTitle(): Current window's title is: 'LOGO e-Fatura'

2021-11-11 09:49:45 - [MESSAGE][INFO] - Getting current window's title

2021-11-11 09:49:45 - [MESSAGE][PASSED] - Current window's title is: 'LOGO e-Fatura'

2021-11-11 09:49:45 - [TEST_STEP][PASSED] - verifyMatch(Sayfa_Basligi, "LOGO e-Fatura", false): Actual text 'LOGO e-Fatura' and expected text 'LOGO e-Fatura' are matched 

2021-11-11 09:49:45 - [MESSAGE][INFO] - Matching actual text 'LOGO e-Fatura' with expected text 'LOGO e-Fatura'

2021-11-11 09:49:45 - [MESSAGE][PASSED] - Actual text 'LOGO e-Fatura' and expected text 'LOGO e-Fatura' are matched 

2021-11-11 09:49:45 - [TEST_STEP][PASSED] - sendKeys(findTestObject("Sayfalar/Giris_Sayfasi/Firma_Kodu"), KullaniciAdi): Keys 'ELOGO6' sent to object: 'Object Repository/Sayfalar/Giris_Sayfasi/Firma_Kodu'

2021-11-11 09:49:45 - [MESSAGE][INFO] - Finding Test Object 'Object Repository/Sayfalar/Giris_Sayfasi/Firma_Kodu'

2021-11-11 09:49:45 - [MESSAGE][INFO] - Sending keys 'ELOGO6' to object: 'Object Repository/Sayfalar/Giris_Sayfasi/Firma_Kodu'

2021-11-11 09:49:45 - [MESSAGE][INFO] - Finding web element from Test Object's properties

2021-11-11 09:49:45 - [MESSAGE][INFO] - Checking timeout

2021-11-11 09:49:45 - [MESSAGE][INFO] - Finding web element with id: 'Object Repository/Sayfalar/Giris_Sayfasi/Firma_Kodu' located by 'By.xpath: //*[@id = 'AccountName']' in '30' second(s)

2021-11-11 09:49:45 - [MESSAGE][INFO] - Smart Wait Function is triggered

2021-11-11 09:49:45 - [MESSAGE][INFO] - Found 1 web elements with id: 'Object Repository/Sayfalar/Giris_Sayfasi/Firma_Kodu' located by 'By.xpath: //*[@id = 'AccountName']' in '30' second(s)

2021-11-11 09:49:45 - [MESSAGE][PASSED] - Keys 'ELOGO6' sent to object: 'Object Repository/Sayfalar/Giris_Sayfasi/Firma_Kodu'

2021-11-11 09:49:45 - [TEST_STEP][PASSED] - sendKeys(findTestObject("Sayfalar/Giris_Sayfasi/Sifre"), Sifre): Keys '123456' sent to object: 'Object Repository/Sayfalar/Giris_Sayfasi/Sifre'

2021-11-11 09:49:45 - [MESSAGE][INFO] - Finding Test Object 'Object Repository/Sayfalar/Giris_Sayfasi/Sifre'

2021-11-11 09:49:46 - [MESSAGE][INFO] - Sending keys '123456' to object: 'Object Repository/Sayfalar/Giris_Sayfasi/Sifre'

2021-11-11 09:49:46 - [MESSAGE][INFO] - Finding web element from Test Object's properties

2021-11-11 09:49:46 - [MESSAGE][INFO] - Checking timeout

2021-11-11 09:49:46 - [MESSAGE][INFO] - Finding web element with id: 'Object Repository/Sayfalar/Giris_Sayfasi/Sifre' located by 'By.xpath: //*[@id = 'Password']' in '30' second(s)

2021-11-11 09:49:46 - [MESSAGE][INFO] - Smart Wait Function is triggered

2021-11-11 09:49:46 - [MESSAGE][INFO] - Found 1 web elements with id: 'Object Repository/Sayfalar/Giris_Sayfasi/Sifre' located by 'By.xpath: //*[@id = 'Password']' in '30' second(s)

2021-11-11 09:49:46 - [MESSAGE][PASSED] - Keys '123456' sent to object: 'Object Repository/Sayfalar/Giris_Sayfasi/Sifre'

2021-11-11 09:49:46 - [TEST_STEP][PASSED] - findWebElement(findTestObject("Sayfalar/Giris_Sayfasi/Giris_Butonu")).click(): Found 1 web elements with id: 'Object Repository/Sayfalar/Giris_Sayfasi/Giris_Butonu' located by 'By.cssSelector: #btnLogin' in '30' second(s)

2021-11-11 09:49:46 - [MESSAGE][INFO] - Finding Test Object 'Object Repository/Sayfalar/Giris_Sayfasi/Giris_Butonu'

2021-11-11 09:49:46 - [MESSAGE][INFO] - Finding web element from Test Object's properties

2021-11-11 09:49:46 - [MESSAGE][INFO] - Checking timeout

2021-11-11 09:49:46 - [MESSAGE][INFO] - Finding web element with id: 'Object Repository/Sayfalar/Giris_Sayfasi/Giris_Butonu' located by 'By.cssSelector: #btnLogin' in '30' second(s)

2021-11-11 09:49:46 - [MESSAGE][INFO] - Smart Wait Function is triggered

2021-11-11 09:49:46 - [MESSAGE][INFO] - Found 1 web elements with id: 'Object Repository/Sayfalar/Giris_Sayfasi/Giris_Butonu' located by 'By.cssSelector: #btnLogin' in '30' second(s)

2021-11-11 09:49:49 - [TEST_STEP][PASSED] - if (verifyElementPresent(findTestObject("Object Repository/Sayfalar/Giris_Sayfasi/RetveTamam_Butonu"), 5, OPTIONAL)): null

2021-11-11 09:49:49 - [MESSAGE][INFO] - Finding Test Object 'Object Repository/Sayfalar/Giris_Sayfasi/RetveTamam_Butonu'

2021-11-11 09:49:49 - [MESSAGE][INFO] - Checking object

2021-11-11 09:49:49 - [MESSAGE][INFO] - Finding web element from Test Object's properties

2021-11-11 09:49:49 - [MESSAGE][INFO] - Checking timeout

2021-11-11 09:49:49 - [MESSAGE][INFO] - Finding web element with id: 'Object Repository/Sayfalar/Giris_Sayfasi/RetveTamam_Butonu' located by 'By.xpath: //*[@class = 'btn btn-default']' in '5' second(s)

2021-11-11 09:49:49 - [MESSAGE][INFO] - Smart Wait Function is triggered

2021-11-11 09:49:49 - [MESSAGE][INFO] - Found 1 web elements with id: 'Object Repository/Sayfalar/Giris_Sayfasi/RetveTamam_Butonu' located by 'By.xpath: //*[@class = 'btn btn-default']' in '5' second(s)

2021-11-11 09:49:49 - [MESSAGE][PASSED] - Object 'Object Repository/Sayfalar/Giris_Sayfasi/RetveTamam_Butonu' is present

2021-11-11 09:49:49 - [TEST_STEP][PASSED] - click(findTestObject("Object Repository/Sayfalar/Giris_Sayfasi/RetveTamam_Butonu")): Object: 'Object Repository/Sayfalar/Giris_Sayfasi/RetveTamam_Butonu' is clicked on

2021-11-11 09:49:49 - [MESSAGE][INFO] - Finding Test Object 'Object Repository/Sayfalar/Giris_Sayfasi/RetveTamam_Butonu'

2021-11-11 09:49:49 - [MESSAGE][INFO] - Checking object

2021-11-11 09:49:49 - [MESSAGE][INFO] - Finding web element from Test Object's properties

2021-11-11 09:49:49 - [MESSAGE][INFO] - Checking timeout

2021-11-11 09:49:49 - [MESSAGE][INFO] - Finding web element with id: 'Object Repository/Sayfalar/Giris_Sayfasi/RetveTamam_Butonu' located by 'By.xpath: //*[@class = 'btn btn-default']' in '30' second(s)

2021-11-11 09:49:49 - [MESSAGE][INFO] - Smart Wait Function is triggered

2021-11-11 09:49:49 - [MESSAGE][INFO] - Found 1 web elements with id: 'Object Repository/Sayfalar/Giris_Sayfasi/RetveTamam_Butonu' located by 'By.xpath: //*[@class = 'btn btn-default']' in '30' second(s)

2021-11-11 09:49:49 - [MESSAGE][INFO] - Clicking on object: 'Object Repository/Sayfalar/Giris_Sayfasi/RetveTamam_Butonu'

2021-11-11 09:49:49 - [MESSAGE][PASSED] - Object: 'Object Repository/Sayfalar/Giris_Sayfasi/RetveTamam_Butonu' is clicked on

2021-11-11 09:49:49 - [TEST_STEP][PASSED] - click(findTestObject("Object Repository/Sayfalar/Giris_Sayfasi/RetveTamam_Butonu")): Object: 'Object Repository/Sayfalar/Giris_Sayfasi/RetveTamam_Butonu' is clicked on

2021-11-11 09:49:49 - [MESSAGE][INFO] - Finding Test Object 'Object Repository/Sayfalar/Giris_Sayfasi/RetveTamam_Butonu'

2021-11-11 09:49:50 - [MESSAGE][INFO] - Checking object

2021-11-11 09:49:50 - [MESSAGE][INFO] - Finding web element from Test Object's properties

2021-11-11 09:49:50 - [MESSAGE][INFO] - Checking timeout

2021-11-11 09:49:50 - [MESSAGE][INFO] - Finding web element with id: 'Object Repository/Sayfalar/Giris_Sayfasi/RetveTamam_Butonu' located by 'By.xpath: //*[@class = 'btn btn-default']' in '30' second(s)

2021-11-11 09:49:50 - [MESSAGE][INFO] - Smart Wait Function is triggered

2021-11-11 09:49:54 - [MESSAGE][INFO] - Found 1 web elements with id: 'Object Repository/Sayfalar/Giris_Sayfasi/RetveTamam_Butonu' located by 'By.xpath: //*[@class = 'btn btn-default']' in '30' second(s)

2021-11-11 09:49:54 - [MESSAGE][INFO] - Clicking on object: 'Object Repository/Sayfalar/Giris_Sayfasi/RetveTamam_Butonu'

2021-11-11 09:49:54 - [MESSAGE][PASSED] - Object: 'Object Repository/Sayfalar/Giris_Sayfasi/RetveTamam_Butonu' is clicked on

2021-11-11 09:49:54 - [TEST_STEP][PASSED] - if (verifyElementPresent(findTestObject("Sayfalar/Giris_Sayfasi/PopupOK"), 5, OPTIONAL)): null

2021-11-11 09:49:54 - [MESSAGE][INFO] - Finding Test Object 'Object Repository/Sayfalar/Giris_Sayfasi/PopupOK'

2021-11-11 09:49:54 - [MESSAGE][INFO] - Checking object

2021-11-11 09:49:54 - [MESSAGE][INFO] - Finding web element from Test Object's properties

2021-11-11 09:49:54 - [MESSAGE][INFO] - Checking timeout

2021-11-11 09:49:54 - [MESSAGE][INFO] - Finding web element with id: 'Object Repository/Sayfalar/Giris_Sayfasi/PopupOK' located by 'By.cssSelector: .btn.btn-success' in '5' second(s)

2021-11-11 09:49:54 - [MESSAGE][INFO] - Smart Wait Function is triggered

2021-11-11 09:49:54 - [MESSAGE][INFO] - Found 1 web elements with id: 'Object Repository/Sayfalar/Giris_Sayfasi/PopupOK' located by 'By.cssSelector: .btn.btn-success' in '5' second(s)

2021-11-11 09:49:54 - [MESSAGE][PASSED] - Object 'Object Repository/Sayfalar/Giris_Sayfasi/PopupOK' is present

2021-11-11 09:49:54 - [TEST_STEP][PASSED] - click(findTestObject("Object Repository/Sayfalar/Giris_Sayfasi/PopupCarpiGiris")): Object: 'Object Repository/Sayfalar/Giris_Sayfasi/PopupCarpiGiris' is clicked on

2021-11-11 09:49:54 - [MESSAGE][INFO] - Finding Test Object 'Object Repository/Sayfalar/Giris_Sayfasi/PopupCarpiGiris'

2021-11-11 09:49:55 - [MESSAGE][INFO] - Checking object

2021-11-11 09:49:55 - [MESSAGE][INFO] - Finding web element from Test Object's properties

2021-11-11 09:49:55 - [MESSAGE][INFO] - Checking timeout

2021-11-11 09:49:55 - [MESSAGE][INFO] - Finding web element with id: 'Object Repository/Sayfalar/Giris_Sayfasi/PopupCarpiGiris' located by 'By.cssSelector: .bootbox-close-button.close' in '30' second(s)

2021-11-11 09:49:55 - [MESSAGE][INFO] - Smart Wait Function is triggered

2021-11-11 09:49:55 - [MESSAGE][INFO] - Found 1 web elements with id: 'Object Repository/Sayfalar/Giris_Sayfasi/PopupCarpiGiris' located by 'By.cssSelector: .bootbox-close-button.close' in '30' second(s)

2021-11-11 09:49:55 - [MESSAGE][INFO] - Clicking on object: 'Object Repository/Sayfalar/Giris_Sayfasi/PopupCarpiGiris'

2021-11-11 09:49:55 - [MESSAGE][PASSED] - Object: 'Object Repository/Sayfalar/Giris_Sayfasi/PopupCarpiGiris' is clicked on

2021-11-11 09:49:55 - [TEST_STEP][PASSED] - verifyElementVisible(findTestObject("Object Repository/Kullanici_Islemleri/KullaniciIslemleri")): Object 'Object Repository/Kullanici_Islemleri/KullaniciIslemleri' is visible

2021-11-11 09:49:55 - [MESSAGE][INFO] - Finding Test Object 'Object Repository/Kullanici_Islemleri/KullaniciIslemleri'

2021-11-11 09:49:55 - [MESSAGE][INFO] - Checking object

2021-11-11 09:49:55 - [MESSAGE][INFO] - Finding web element from Test Object's properties

2021-11-11 09:49:55 - [MESSAGE][INFO] - Checking timeout

2021-11-11 09:49:55 - [MESSAGE][INFO] - Finding web element with id: 'Object Repository/Kullanici_Islemleri/KullaniciIslemleri' located by 'By.cssSelector: .dropdown>a>img' in '30' second(s)

2021-11-11 09:49:55 - [MESSAGE][INFO] - Smart Wait Function is triggered

2021-11-11 09:49:56 - [MESSAGE][INFO] - Found 1 web elements with id: 'Object Repository/Kullanici_Islemleri/KullaniciIslemleri' located by 'By.cssSelector: .dropdown>a>img' in '30' second(s)

2021-11-11 09:49:56 - [MESSAGE][PASSED] - Object 'Object Repository/Kullanici_Islemleri/KullaniciIslemleri' is visible

2021-11-11 09:49:56 - [MESSAGE][PASSED] - Call Test Case 'Test Cases/Sayfalar/Giris_Sayfasi/Login' successfully

2021-11-11 09:49:56 - [MESSAGE][INFO] - Checking called Test Case

2021-11-11 09:49:56 - [MESSAGE][INFO] - Starting to call Test Case 'Test Cases/Menu/AnaMenuSecimi'

2021-11-11 09:49:56 - [TEST_CASE][PASSED] - Test Cases/Menu/AnaMenuSecimi: Test Cases/Menu/AnaMenuSecimi

2021-11-11 09:49:56 - [TEST_STEP][PASSED] - Method.TextDegerineEsitElementeTikla(findTestObject("Menu/Ana_Menu"), Ana_Menu): Method.TextDegerineEsitElementeTikla is PASSED

2021-11-11 09:49:56 - [MESSAGE][INFO] - Finding Test Object 'Object Repository/Menu/Ana_Menu'

2021-11-11 09:49:56 - [MESSAGE][INFO] - Checking timeout

2021-11-11 09:49:56 - [MESSAGE][INFO] - Finding web element with id: 'Object Repository/Menu/Ana_Menu' located by 'By.xpath: //*[@class = 'dropdown-toggle']' in '10' second(s)

2021-11-11 09:49:56 - [MESSAGE][INFO] - Smart Wait Function is triggered

2021-11-11 09:49:56 - [MESSAGE][INFO] - Found 14 web elements with id: 'Object Repository/Menu/Ana_Menu' located by 'By.xpath: //*[@class = 'dropdown-toggle']' in '10' second(s)

2021-11-11 09:49:56 - [MESSAGE][PASSED] - Method.TextDegerineEsitElementeTikla is PASSED

2021-11-11 09:49:56 - [MESSAGE][PASSED] - Call Test Case 'Test Cases/Menu/AnaMenuSecimi' successfully

2021-11-11 09:49:56 - [MESSAGE][INFO] - Checking called Test Case

2021-11-11 09:49:56 - [MESSAGE][INFO] - Starting to call Test Case 'Test Cases/Menu/AltMenuSecimi'

2021-11-11 09:49:57 - [TEST_CASE][PASSED] - Test Cases/Menu/AltMenuSecimi: Test Cases/Menu/AltMenuSecimi

2021-11-11 09:49:57 - [TEST_STEP][PASSED] - Method.TextDegerineEsitElementeTikla(findTestObject("Menu/Alt_Menu"), Alt_Menu): Method.TextDegerineEsitElementeTikla is PASSED

2021-11-11 09:49:57 - [MESSAGE][INFO] - Finding Test Object 'Object Repository/Menu/Alt_Menu'

2021-11-11 09:49:57 - [MESSAGE][INFO] - Checking timeout

2021-11-11 09:49:57 - [MESSAGE][INFO] - Finding web element with id: 'Object Repository/Menu/Alt_Menu' located by 'By.xpath: //li[@class='dropdown dropdown-large open']//li[@class='dropdown-element']' in '10' second(s)

2021-11-11 09:49:57 - [MESSAGE][INFO] - Smart Wait Function is triggered

2021-11-11 09:49:57 - [MESSAGE][INFO] - Found 2 web elements with id: 'Object Repository/Menu/Alt_Menu' located by 'By.xpath: //li[@class='dropdown dropdown-large open']//li[@class='dropdown-element']' in '10' second(s)

2021-11-11 09:50:00 - [MESSAGE][PASSED] - Method.TextDegerineEsitElementeTikla is PASSED

2021-11-11 09:50:00 - [MESSAGE][PASSED] - Call Test Case 'Test Cases/Menu/AltMenuSecimi' successfully

2021-11-11 09:50:00 - [MESSAGE][INFO] - Checking called Test Case

2021-11-11 09:50:00 - [MESSAGE][INFO] - Starting to call Test Case 'Test Cases/Filtreler/BaslangicYaz'

2021-11-11 09:50:01 - [TEST_CASE][PASSED] - Test Cases/Filtreler/BaslangicYaz: Test Cases/Filtreler/BaslangicYaz

2021-11-11 09:50:01 - [TEST_STEP][PASSED] - Method.TextDegerineEsitElementinAltindakineTikla(findTestObject("Filtreler/Basliklar"), findTestObject("Filtreler/Basliga_Gore_Baslangic_Image"), Filtre_Adi): Method.TextDegerineEsitElementinAltindakineTikla is PASSED

2021-11-11 09:50:01 - [MESSAGE][INFO] - Finding Test Object 'Object Repository/Filtreler/Basliklar'

2021-11-11 09:50:01 - [MESSAGE][INFO] - Finding Test Object 'Object Repository/Filtreler/Basliga_Gore_Baslangic_Image'

2021-11-11 09:50:01 - [MESSAGE][INFO] - Checking timeout

2021-11-11 09:50:01 - [MESSAGE][INFO] - Finding web element with id: 'Object Repository/Filtreler/Basliklar' located by 'By.cssSelector: .control-label.col-sm-4.paddingMarginRLC' in '10' second(s)

2021-11-11 09:50:01 - [MESSAGE][INFO] - Smart Wait Function is triggered

2021-11-11 09:50:01 - [MESSAGE][INFO] - Found 8 web elements with id: 'Object Repository/Filtreler/Basliklar' located by 'By.cssSelector: .control-label.col-sm-4.paddingMarginRLC' in '10' second(s)

2021-11-11 09:50:01 - [MESSAGE][INFO] - Smart Wait Function is triggered

2021-11-11 09:50:02 - [MESSAGE][PASSED] - Method.TextDegerineEsitElementinAltindakineTikla is PASSED

2021-11-11 09:50:02 - [TEST_STEP][PASSED] - Method.TextDegerineEsitElementinAltindakiTextboxtaYaz(findTestObject("Filtreler/Basliklar"), findTestObject("Filtreler/Basliga_Gore_Baslangic"), Filtre_Adi, Filtre_Degeri): Method.TextDegerineEsitElementinAltindakiTextboxtaYaz is PASSED

2021-11-11 09:50:02 - [MESSAGE][INFO] - Finding Test Object 'Object Repository/Filtreler/Basliklar'

2021-11-11 09:50:02 - [MESSAGE][INFO] - Finding Test Object 'Object Repository/Filtreler/Basliga_Gore_Baslangic'

2021-11-11 09:50:02 - [MESSAGE][INFO] - Checking timeout

2021-11-11 09:50:02 - [MESSAGE][INFO] - Finding web element with id: 'Object Repository/Filtreler/Basliklar' located by 'By.cssSelector: .control-label.col-sm-4.paddingMarginRLC' in '10' second(s)

2021-11-11 09:50:02 - [MESSAGE][INFO] - Smart Wait Function is triggered

2021-11-11 09:50:02 - [MESSAGE][INFO] - Found 8 web elements with id: 'Object Repository/Filtreler/Basliklar' located by 'By.cssSelector: .control-label.col-sm-4.paddingMarginRLC' in '10' second(s)

2021-11-11 09:50:02 - [MESSAGE][INFO] - Smart Wait Function is triggered

2021-11-11 09:50:02 - [MESSAGE][PASSED] - Method.TextDegerineEsitElementinAltindakiTextboxtaYaz is PASSED

2021-11-11 09:50:02 - [MESSAGE][PASSED] - Call Test Case 'Test Cases/Filtreler/BaslangicYaz' successfully

2021-11-11 09:50:02 - [MESSAGE][INFO] - Checking called Test Case

2021-11-11 09:50:02 - [MESSAGE][INFO] - Starting to call Test Case 'Test Cases/Filtreler/BitisYaz'

2021-11-11 09:50:03 - [TEST_CASE][PASSED] - Test Cases/Filtreler/BitisYaz: Test Cases/Filtreler/BitisYaz

2021-11-11 09:50:03 - [TEST_STEP][PASSED] - Method.TextDegerineEsitElementinAltindakineTikla(findTestObject("Filtreler/Basliklar"), findTestObject("Filtreler/Basliga_Gore_Bitis_Image"), Filtre_Adi): Method.TextDegerineEsitElementinAltindakineTikla is PASSED

2021-11-11 09:50:03 - [MESSAGE][INFO] - Finding Test Object 'Object Repository/Filtreler/Basliklar'

2021-11-11 09:50:03 - [MESSAGE][INFO] - Finding Test Object 'Object Repository/Filtreler/Basliga_Gore_Bitis_Image'

2021-11-11 09:50:03 - [MESSAGE][INFO] - Checking timeout

2021-11-11 09:50:03 - [MESSAGE][INFO] - Finding web element with id: 'Object Repository/Filtreler/Basliklar' located by 'By.cssSelector: .control-label.col-sm-4.paddingMarginRLC' in '10' second(s)

2021-11-11 09:50:03 - [MESSAGE][INFO] - Smart Wait Function is triggered

2021-11-11 09:50:03 - [MESSAGE][INFO] - Found 8 web elements with id: 'Object Repository/Filtreler/Basliklar' located by 'By.cssSelector: .control-label.col-sm-4.paddingMarginRLC' in '10' second(s)

2021-11-11 09:50:03 - [MESSAGE][INFO] - Smart Wait Function is triggered

2021-11-11 09:50:03 - [MESSAGE][PASSED] - Method.TextDegerineEsitElementinAltindakineTikla is PASSED

2021-11-11 09:50:03 - [TEST_STEP][PASSED] - Method.TextDegerineEsitElementinAltindakiTextboxtaYaz(findTestObject("Filtreler/Basliklar"), findTestObject("Object Repository/Filtreler/Basliga_Gore_Bitis"), Filtre_Adi, Filtre_Degeri): Method.TextDegerineEsitElementinAltindakiTextboxtaYaz is PASSED

2021-11-11 09:50:03 - [MESSAGE][INFO] - Finding Test Object 'Object Repository/Filtreler/Basliklar'

2021-11-11 09:50:04 - [MESSAGE][INFO] - Finding Test Object 'Object Repository/Filtreler/Basliga_Gore_Bitis'

2021-11-11 09:50:04 - [MESSAGE][INFO] - Checking timeout

2021-11-11 09:50:04 - [MESSAGE][INFO] - Finding web element with id: 'Object Repository/Filtreler/Basliklar' located by 'By.cssSelector: .control-label.col-sm-4.paddingMarginRLC' in '10' second(s)

2021-11-11 09:50:04 - [MESSAGE][INFO] - Smart Wait Function is triggered

2021-11-11 09:50:04 - [MESSAGE][INFO] - Found 8 web elements with id: 'Object Repository/Filtreler/Basliklar' located by 'By.cssSelector: .control-label.col-sm-4.paddingMarginRLC' in '10' second(s)

2021-11-11 09:50:04 - [MESSAGE][INFO] - Smart Wait Function is triggered

2021-11-11 09:50:04 - [MESSAGE][PASSED] - Method.TextDegerineEsitElementinAltindakiTextboxtaYaz is PASSED

2021-11-11 09:50:04 - [MESSAGE][PASSED] - Call Test Case 'Test Cases/Filtreler/BitisYaz' successfully

2021-11-11 09:50:04 - [MESSAGE][INFO] - Checking called Test Case

2021-11-11 09:50:04 - [MESSAGE][INFO] - Starting to call Test Case 'Test Cases/Filtreler/ButonaTikla'

2021-11-11 09:50:04 - [TEST_CASE][PASSED] - Test Cases/Filtreler/ButonaTikla: Test Cases/Filtreler/ButonaTikla

2021-11-11 09:50:04 - [TEST_STEP][PASSED] - Method.TextDegerineEsitElementeTikla(findTestObject("Filtreler/Butonlar"), Filtre_Buton): Method.TextDegerineEsitElementeTikla is PASSED

2021-11-11 09:50:04 - [MESSAGE][INFO] - Finding Test Object 'Object Repository/Filtreler/Butonlar'

2021-11-11 09:50:05 - [MESSAGE][INFO] - Checking timeout

2021-11-11 09:50:05 - [MESSAGE][INFO] - Finding web element with id: 'Object Repository/Filtreler/Butonlar' located by 'By.cssSelector: .dxb>span' in '10' second(s)

2021-11-11 09:50:05 - [MESSAGE][INFO] - Smart Wait Function is triggered

2021-11-11 09:50:05 - [MESSAGE][INFO] - Found 3 web elements with id: 'Object Repository/Filtreler/Butonlar' located by 'By.cssSelector: .dxb>span' in '10' second(s)

2021-11-11 09:50:05 - [MESSAGE][PASSED] - Method.TextDegerineEsitElementeTikla is PASSED

2021-11-11 09:50:05 - [MESSAGE][PASSED] - Call Test Case 'Test Cases/Filtreler/ButonaTikla' successfully

2021-11-11 09:50:05 - [MESSAGE][INFO] - Checking called Test Case

2021-11-11 09:50:05 - [MESSAGE][INFO] - Starting to call Test Case 'Test Cases/Tablo/TablodaVeriVarMi'

2021-11-11 09:50:05 - [TEST_CASE][PASSED] - Test Cases/Tablo/TablodaVeriVarMi: Test Cases/Tablo/TablodaVeriVarMi

2021-11-11 09:50:05 - [TEST_STEP][PASSED] - verifyTextNotPresent("Görüntülenecek veri yok", true): Text 'Görüntülenecek veri yok' is not present on page using regular expression

2021-11-11 09:50:05 - [MESSAGE][INFO] - Checking text present  using regular expression

2021-11-11 09:50:05 - [MESSAGE][INFO] - Smart Wait Function is triggered

2021-11-11 09:50:06 - [MESSAGE][INFO] - Finding text 'Görüntülenecek veri yok' on page  using regular expression

2021-11-11 09:50:06 - [MESSAGE][PASSED] - Text 'Görüntülenecek veri yok' is not present on page using regular expression

2021-11-11 09:50:06 - [MESSAGE][PASSED] - Call Test Case 'Test Cases/Tablo/TablodaVeriVarMi' successfully

2021-11-11 09:50:06 - [MESSAGE][INFO] - Checking called Test Case

2021-11-11 09:50:06 - [MESSAGE][INFO] - Starting to call Test Case 'Test Cases/Tablo/TablodanVeriSec'

2021-11-11 09:50:06 - [TEST_CASE][PASSED] - Test Cases/Tablo/TablodanVeriSec: Test Cases/Tablo/TablodanVeriSec

2021-11-11 09:50:06 - [TEST_STEP][PASSED] - Method.TextDegerineEsitElementinAltindakineTikla(findTestObject("Tablo/Veriler"), findTestObject("Tablo/VerininCheckBoxi"), Veri_Adi): Method.TextDegerineEsitElementinAltindakineTikla is PASSED

2021-11-11 09:50:06 - [MESSAGE][INFO] - Finding Test Object 'Object Repository/Tablo/Veriler'

2021-11-11 09:50:06 - [MESSAGE][INFO] - Finding Test Object 'Object Repository/Tablo/VerininCheckBoxi'

2021-11-11 09:50:06 - [MESSAGE][INFO] - Checking timeout

2021-11-11 09:50:06 - [MESSAGE][INFO] - Finding web element with id: 'Object Repository/Tablo/Veriler' located by 'By.cssSelector: td.dxgv b ,td.dxgv' in '10' second(s)

2021-11-11 09:50:06 - [MESSAGE][INFO] - Smart Wait Function is triggered

2021-11-11 09:50:06 - [MESSAGE][INFO] - Found 110 web elements with id: 'Object Repository/Tablo/Veriler' located by 'By.cssSelector: td.dxgv b ,td.dxgv' in '10' second(s)

2021-11-11 09:50:07 - [MESSAGE][INFO] - Smart Wait Function is triggered

2021-11-11 09:50:07 - [MESSAGE][PASSED] - Method.TextDegerineEsitElementinAltindakineTikla is PASSED

2021-11-11 09:50:07 - [MESSAGE][PASSED] - Call Test Case 'Test Cases/Tablo/TablodanVeriSec' successfully

2021-11-11 09:50:07 - [MESSAGE][INFO] - Checking called Test Case

2021-11-11 09:50:07 - [MESSAGE][INFO] - Starting to call Test Case 'Test Cases/Butonlar/ButonaTikla'

2021-11-11 09:50:07 - [TEST_CASE][PASSED] - Test Cases/Butonlar/ButonaTikla: Test Cases/Butonlar/ButonaTikla

2021-11-11 09:50:07 - [TEST_STEP][PASSED] - Method.TextDegerineEsitElementeTiklaEquals(findTestObject("Butonlar/Butonlar"), Buton_Adi): Method.TextDegerineEsitElementeTiklaEquals is PASSED

2021-11-11 09:50:07 - [MESSAGE][INFO] - Finding Test Object 'Object Repository/Butonlar/Butonlar'

2021-11-11 09:50:07 - [MESSAGE][INFO] - Checking timeout

2021-11-11 09:50:07 - [MESSAGE][INFO] - Finding web element with id: 'Object Repository/Butonlar/Butonlar' located by 'By.cssSelector: .panel.panel-default.text-center.footerPanel .btn,.btn.btn-primary.btnControls' in '10' second(s)

2021-11-11 09:50:07 - [MESSAGE][INFO] - Smart Wait Function is triggered

2021-11-11 09:50:08 - [MESSAGE][INFO] - Found 5 web elements with id: 'Object Repository/Butonlar/Butonlar' located by 'By.cssSelector: .panel.panel-default.text-center.footerPanel .btn,.btn.btn-primary.btnControls' in '10' second(s)

2021-11-11 09:50:08 - [MESSAGE][PASSED] - Method.TextDegerineEsitElementeTiklaEquals is PASSED

2021-11-11 09:50:08 - [MESSAGE][PASSED] - Call Test Case 'Test Cases/Butonlar/ButonaTikla' successfully

2021-11-11 09:50:08 - [MESSAGE][INFO] - Checking called Test Case

2021-11-11 09:50:08 - [MESSAGE][INFO] - Starting to call Test Case 'Test Cases/Butonlar/AltButonaTikla'

2021-11-11 09:50:08 - [TEST_CASE][PASSED] - Test Cases/Butonlar/AltButonaTikla: Test Cases/Butonlar/AltButonaTikla

2021-11-11 09:50:08 - [TEST_STEP][PASSED] - Method.TextDegerineEsitElementeTikla(findTestObject("Butonlar/AltButonlar"), Alt_Buton): Method.TextDegerineEsitElementeTikla is PASSED

2021-11-11 09:50:08 - [MESSAGE][INFO] - Finding Test Object 'Object Repository/Butonlar/AltButonlar'

2021-11-11 09:50:08 - [MESSAGE][INFO] - Checking timeout

2021-11-11 09:50:08 - [MESSAGE][INFO] - Finding web element with id: 'Object Repository/Butonlar/AltButonlar' located by 'By.cssSelector: .btn-group.open li>a' in '10' second(s)

2021-11-11 09:50:08 - [MESSAGE][INFO] - Smart Wait Function is triggered

2021-11-11 09:50:08 - [MESSAGE][INFO] - Found 2 web elements with id: 'Object Repository/Butonlar/AltButonlar' located by 'By.cssSelector: .btn-group.open li>a' in '10' second(s)

2021-11-11 09:50:08 - [MESSAGE][PASSED] - Method.TextDegerineEsitElementeTikla is PASSED

2021-11-11 09:50:08 - [MESSAGE][PASSED] - Call Test Case 'Test Cases/Butonlar/AltButonaTikla' successfully

2021-11-11 09:50:09 - [MESSAGE][INFO] - Checking called Test Case

2021-11-11 09:50:09 - [MESSAGE][INFO] - Starting to call Test Case 'Test Cases/Popup/PopupMesajiIceriyorMu'

2021-11-11 09:50:09 - [TEST_CASE][PASSED] - Test Cases/Popup/PopupMesajiIceriyorMu: Test Cases/Popup/PopupMesajiIceriyorMu

2021-11-11 09:50:09 - [TEST_STEP][PASSED] - waitForElementVisible(findTestObject("Popup/Popup"), 10): Object 'Object Repository/Popup/Popup' is visible

2021-11-11 09:50:09 - [MESSAGE][INFO] - Finding Test Object 'Object Repository/Popup/Popup'

2021-11-11 09:50:09 - [MESSAGE][INFO] - Checking object

2021-11-11 09:50:09 - [MESSAGE][INFO] - Checking timeout

2021-11-11 09:50:09 - [MESSAGE][INFO] - Finding web element from Test Object's properties

2021-11-11 09:50:09 - [MESSAGE][INFO] - Checking timeout

2021-11-11 09:50:09 - [MESSAGE][INFO] - Finding web element with id: 'Object Repository/Popup/Popup' located by 'By.cssSelector: .bootbox-body' in '10' second(s)

2021-11-11 09:50:09 - [MESSAGE][INFO] - Smart Wait Function is triggered

2021-11-11 09:50:10 - [MESSAGE][INFO] - Found 1 web elements with id: 'Object Repository/Popup/Popup' located by 'By.cssSelector: .bootbox-body' in '10' second(s)

2021-11-11 09:50:10 - [MESSAGE][PASSED] - Object 'Object Repository/Popup/Popup' is visible

2021-11-11 09:50:10 - [TEST_STEP][PASSED] - if (!(getText(findTestObject("Popup/Popup")).contains(Mesaj))): Text of object 'Object Repository/Popup/Popup' is: 'Lütfen rapor bildiriminin gönderileceği e-posta adresini belirtiniz.
e-Posta Adresi'

2021-11-11 09:50:10 - [MESSAGE][INFO] - Finding Test Object 'Object Repository/Popup/Popup'

2021-11-11 09:50:10 - [MESSAGE][INFO] - Checking object

2021-11-11 09:50:10 - [MESSAGE][INFO] - Finding web element from Test Object's properties

2021-11-11 09:50:10 - [MESSAGE][INFO] - Checking timeout

2021-11-11 09:50:10 - [MESSAGE][INFO] - Finding web element with id: 'Object Repository/Popup/Popup' located by 'By.cssSelector: .bootbox-body' in '30' second(s)

2021-11-11 09:50:10 - [MESSAGE][INFO] - Smart Wait Function is triggered

2021-11-11 09:50:10 - [MESSAGE][INFO] - Found 1 web elements with id: 'Object Repository/Popup/Popup' located by 'By.cssSelector: .bootbox-body' in '30' second(s)

2021-11-11 09:50:10 - [MESSAGE][INFO] - Getting text of object 'Object Repository/Popup/Popup'

2021-11-11 09:50:10 - [MESSAGE][PASSED] - Text of object 'Object Repository/Popup/Popup' is: 'Lütfen rapor bildiriminin gönderileceği e-posta adresini belirtiniz.
e-Posta Adresi'

2021-11-11 09:50:10 - [TEST_STEP][PASSED] - RaporNo = getText(findTestObject("Popup/Popup")).substring(0, 6): Text of object 'Object Repository/Popup/Popup' is: 'Lütfen rapor bildiriminin gönderileceği e-posta adresini belirtiniz.
e-Posta Adresi'

2021-11-11 09:50:10 - [MESSAGE][INFO] - Finding Test Object 'Object Repository/Popup/Popup'

2021-11-11 09:50:10 - [MESSAGE][INFO] - Checking object

2021-11-11 09:50:10 - [MESSAGE][INFO] - Finding web element from Test Object's properties

2021-11-11 09:50:10 - [MESSAGE][INFO] - Checking timeout

2021-11-11 09:50:10 - [MESSAGE][INFO] - Finding web element with id: 'Object Repository/Popup/Popup' located by 'By.cssSelector: .bootbox-body' in '30' second(s)

2021-11-11 09:50:10 - [MESSAGE][INFO] - Smart Wait Function is triggered

2021-11-11 09:50:10 - [MESSAGE][INFO] - Found 1 web elements with id: 'Object Repository/Popup/Popup' located by 'By.cssSelector: .bootbox-body' in '30' second(s)

2021-11-11 09:50:10 - [MESSAGE][INFO] - Getting text of object 'Object Repository/Popup/Popup'

2021-11-11 09:50:10 - [MESSAGE][PASSED] - Text of object 'Object Repository/Popup/Popup' is: 'Lütfen rapor bildiriminin gönderileceği e-posta adresini belirtiniz.
e-Posta Adresi'

2021-11-11 09:50:10 - [TEST_STEP][PASSED] - Console.println(RaporNo): null

2021-11-11 09:50:10 - [MESSAGE][PASSED] - Call Test Case 'Test Cases/Popup/PopupMesajiIceriyorMu' successfully

2021-11-11 09:50:10 - [MESSAGE][INFO] - Checking called Test Case

2021-11-11 09:50:10 - [MESSAGE][INFO] - Starting to call Test Case 'Test Cases/Popup/PopupButonSecilir'

2021-11-11 09:50:10 - [TEST_CASE][PASSED] - Test Cases/Popup/PopupButonSecilir: Test Cases/Popup/PopupButonSecilir

2021-11-11 09:50:10 - [TEST_STEP][PASSED] - Method.TextDegerineEsitElementeTikla(findTestObject("Popup/Popup_Butons"), Buton): Method.TextDegerineEsitElementeTikla is PASSED

2021-11-11 09:50:10 - [MESSAGE][INFO] - Finding Test Object 'Object Repository/Popup/Popup_Butons'

2021-11-11 09:50:11 - [MESSAGE][INFO] - Checking timeout

2021-11-11 09:50:11 - [MESSAGE][INFO] - Finding web element with id: 'Object Repository/Popup/Popup_Butons' located by 'By.cssSelector: .modal-footer>button' in '10' second(s)

2021-11-11 09:50:11 - [MESSAGE][INFO] - Smart Wait Function is triggered

2021-11-11 09:50:11 - [MESSAGE][INFO] - Found 2 web elements with id: 'Object Repository/Popup/Popup_Butons' located by 'By.cssSelector: .modal-footer>button' in '10' second(s)

2021-11-11 09:50:11 - [MESSAGE][PASSED] - Method.TextDegerineEsitElementeTikla is PASSED

2021-11-11 09:50:11 - [MESSAGE][PASSED] - Call Test Case 'Test Cases/Popup/PopupButonSecilir' successfully

2021-11-11 09:50:11 - [MESSAGE][INFO] - Checking called Test Case

2021-11-11 09:50:11 - [MESSAGE][INFO] - Starting to call Test Case 'Test Cases/Popup/PopupMesajiIceriyorMu'

2021-11-11 09:50:11 - [TEST_CASE][PASSED] - Test Cases/Popup/PopupMesajiIceriyorMu: Test Cases/Popup/PopupMesajiIceriyorMu

2021-11-11 09:50:11 - [TEST_STEP][PASSED] - waitForElementVisible(findTestObject("Popup/Popup"), 10): Object 'Object Repository/Popup/Popup' is visible

2021-11-11 09:50:11 - [MESSAGE][INFO] - Finding Test Object 'Object Repository/Popup/Popup'

2021-11-11 09:50:11 - [MESSAGE][INFO] - Checking object

2021-11-11 09:50:11 - [MESSAGE][INFO] - Checking timeout

2021-11-11 09:50:11 - [MESSAGE][INFO] - Finding web element from Test Object's properties

2021-11-11 09:50:11 - [MESSAGE][INFO] - Checking timeout

2021-11-11 09:50:11 - [MESSAGE][INFO] - Finding web element with id: 'Object Repository/Popup/Popup' located by 'By.cssSelector: .bootbox-body' in '10' second(s)

2021-11-11 09:50:11 - [MESSAGE][INFO] - Smart Wait Function is triggered

2021-11-11 09:50:12 - [MESSAGE][INFO] - Found 1 web elements with id: 'Object Repository/Popup/Popup' located by 'By.cssSelector: .bootbox-body' in '10' second(s)

2021-11-11 09:50:12 - [MESSAGE][PASSED] - Object 'Object Repository/Popup/Popup' is visible

2021-11-11 09:50:12 - [TEST_STEP][PASSED] - if (!(getText(findTestObject("Popup/Popup")).contains(Mesaj))): Text of object 'Object Repository/Popup/Popup' is: '16287 no’lu talebiniz işleme alınmıştır. Raporunuz hazırlandığında (elogotest@gmail.com) adresinize mail gönderilecektir.
Rapor durumunuzu Raporlar > Toplu Veri İndirme ekranından takip edebilir, hazırlandı durumundaki raporlarınızı ilgili menüden indirebilirsiniz.'

2021-11-11 09:50:12 - [MESSAGE][INFO] - Finding Test Object 'Object Repository/Popup/Popup'

2021-11-11 09:50:12 - [MESSAGE][INFO] - Checking object

2021-11-11 09:50:12 - [MESSAGE][INFO] - Finding web element from Test Object's properties

2021-11-11 09:50:12 - [MESSAGE][INFO] - Checking timeout

2021-11-11 09:50:12 - [MESSAGE][INFO] - Finding web element with id: 'Object Repository/Popup/Popup' located by 'By.cssSelector: .bootbox-body' in '30' second(s)

2021-11-11 09:50:12 - [MESSAGE][INFO] - Smart Wait Function is triggered

2021-11-11 09:50:12 - [MESSAGE][INFO] - Found 1 web elements with id: 'Object Repository/Popup/Popup' located by 'By.cssSelector: .bootbox-body' in '30' second(s)

2021-11-11 09:50:12 - [MESSAGE][INFO] - Getting text of object 'Object Repository/Popup/Popup'

2021-11-11 09:50:12 - [MESSAGE][PASSED] - Text of object 'Object Repository/Popup/Popup' is: '16287 no’lu talebiniz işleme alınmıştır. Raporunuz hazırlandığında (elogotest@gmail.com) adresinize mail gönderilecektir.
Rapor durumunuzu Raporlar > Toplu Veri İndirme ekranından takip edebilir, hazırlandı durumundaki raporlarınızı ilgili menüden indirebilirsiniz.'

2021-11-11 09:50:12 - [TEST_STEP][PASSED] - RaporNo = getText(findTestObject("Popup/Popup")).substring(0, 6): Text of object 'Object Repository/Popup/Popup' is: '16287 no’lu talebiniz işleme alınmıştır. Raporunuz hazırlandığında (elogotest@gmail.com) adresinize mail gönderilecektir.
Rapor durumunuzu Raporlar > Toplu Veri İndirme ekranından takip edebilir, hazırlandı durumundaki raporlarınızı ilgili menüden indirebilirsiniz.'

2021-11-11 09:50:12 - [MESSAGE][INFO] - Finding Test Object 'Object Repository/Popup/Popup'

2021-11-11 09:50:13 - [MESSAGE][INFO] - Checking object

2021-11-11 09:50:13 - [MESSAGE][INFO] - Finding web element from Test Object's properties

2021-11-11 09:50:13 - [MESSAGE][INFO] - Checking timeout

2021-11-11 09:50:13 - [MESSAGE][INFO] - Finding web element with id: 'Object Repository/Popup/Popup' located by 'By.cssSelector: .bootbox-body' in '30' second(s)

2021-11-11 09:50:13 - [MESSAGE][INFO] - Smart Wait Function is triggered

2021-11-11 09:50:13 - [MESSAGE][INFO] - Found 1 web elements with id: 'Object Repository/Popup/Popup' located by 'By.cssSelector: .bootbox-body' in '30' second(s)

2021-11-11 09:50:13 - [MESSAGE][INFO] - Getting text of object 'Object Repository/Popup/Popup'

2021-11-11 09:50:13 - [MESSAGE][PASSED] - Text of object 'Object Repository/Popup/Popup' is: '16287 no’lu talebiniz işleme alınmıştır. Raporunuz hazırlandığında (elogotest@gmail.com) adresinize mail gönderilecektir.
Rapor durumunuzu Raporlar > Toplu Veri İndirme ekranından takip edebilir, hazırlandı durumundaki raporlarınızı ilgili menüden indirebilirsiniz.'

2021-11-11 09:50:13 - [TEST_STEP][PASSED] - Console.println(RaporNo): null

2021-11-11 09:50:13 - [MESSAGE][PASSED] - Call Test Case 'Test Cases/Popup/PopupMesajiIceriyorMu' successfully

2021-11-11 09:50:13 - [MESSAGE][INFO] - Checking called Test Case

2021-11-11 09:50:13 - [MESSAGE][INFO] - Starting to call Test Case 'Test Cases/Popup/PopupButonSecilir'

2021-11-11 09:50:13 - [TEST_CASE][PASSED] - Test Cases/Popup/PopupButonSecilir: Test Cases/Popup/PopupButonSecilir

2021-11-11 09:50:13 - [TEST_STEP][PASSED] - Method.TextDegerineEsitElementeTikla(findTestObject("Popup/Popup_Butons"), Buton): Method.TextDegerineEsitElementeTikla is PASSED

2021-11-11 09:50:13 - [MESSAGE][INFO] - Finding Test Object 'Object Repository/Popup/Popup_Butons'

2021-11-11 09:50:13 - [MESSAGE][INFO] - Checking timeout

2021-11-11 09:50:13 - [MESSAGE][INFO] - Finding web element with id: 'Object Repository/Popup/Popup_Butons' located by 'By.cssSelector: .modal-footer>button' in '10' second(s)

2021-11-11 09:50:13 - [MESSAGE][INFO] - Smart Wait Function is triggered

2021-11-11 09:50:13 - [MESSAGE][INFO] - Found 1 web elements with id: 'Object Repository/Popup/Popup_Butons' located by 'By.cssSelector: .modal-footer>button' in '10' second(s)

2021-11-11 09:50:14 - [MESSAGE][PASSED] - Method.TextDegerineEsitElementeTikla is PASSED

2021-11-11 09:50:14 - [MESSAGE][PASSED] - Call Test Case 'Test Cases/Popup/PopupButonSecilir' successfully

2021-11-11 09:50:14 - [MESSAGE][INFO] - Checking called Test Case

2021-11-11 09:50:14 - [MESSAGE][INFO] - Starting to call Test Case 'Test Cases/Butonlar/ButonaTikla'

2021-11-11 09:50:14 - [TEST_CASE][PASSED] - Test Cases/Butonlar/ButonaTikla: Test Cases/Butonlar/ButonaTikla

2021-11-11 09:50:14 - [TEST_STEP][PASSED] - Method.TextDegerineEsitElementeTiklaEquals(findTestObject("Butonlar/Butonlar"), Buton_Adi): Method.TextDegerineEsitElementeTiklaEquals is PASSED

2021-11-11 09:50:14 - [MESSAGE][INFO] - Finding Test Object 'Object Repository/Butonlar/Butonlar'

2021-11-11 09:50:14 - [MESSAGE][INFO] - Checking timeout

2021-11-11 09:50:14 - [MESSAGE][INFO] - Finding web element with id: 'Object Repository/Butonlar/Butonlar' located by 'By.cssSelector: .panel.panel-default.text-center.footerPanel .btn,.btn.btn-primary.btnControls' in '10' second(s)

2021-11-11 09:50:14 - [MESSAGE][INFO] - Smart Wait Function is triggered

2021-11-11 09:50:14 - [MESSAGE][INFO] - Found 5 web elements with id: 'Object Repository/Butonlar/Butonlar' located by 'By.cssSelector: .panel.panel-default.text-center.footerPanel .btn,.btn.btn-primary.btnControls' in '10' second(s)

2021-11-11 09:50:14 - [MESSAGE][PASSED] - Method.TextDegerineEsitElementeTiklaEquals is PASSED

2021-11-11 09:50:14 - [MESSAGE][PASSED] - Call Test Case 'Test Cases/Butonlar/ButonaTikla' successfully

2021-11-11 09:50:14 - [MESSAGE][INFO] - Checking called Test Case

2021-11-11 09:50:14 - [MESSAGE][INFO] - Starting to call Test Case 'Test Cases/Butonlar/AltButonaTikla'

2021-11-11 09:50:15 - [TEST_CASE][PASSED] - Test Cases/Butonlar/AltButonaTikla: Test Cases/Butonlar/AltButonaTikla

2021-11-11 09:50:15 - [TEST_STEP][PASSED] - Method.TextDegerineEsitElementeTikla(findTestObject("Butonlar/AltButonlar"), Alt_Buton): Method.TextDegerineEsitElementeTikla is PASSED

2021-11-11 09:50:15 - [MESSAGE][INFO] - Finding Test Object 'Object Repository/Butonlar/AltButonlar'

2021-11-11 09:50:15 - [MESSAGE][INFO] - Checking timeout

2021-11-11 09:50:15 - [MESSAGE][INFO] - Finding web element with id: 'Object Repository/Butonlar/AltButonlar' located by 'By.cssSelector: .btn-group.open li>a' in '10' second(s)

2021-11-11 09:50:15 - [MESSAGE][INFO] - Smart Wait Function is triggered

2021-11-11 09:50:15 - [MESSAGE][INFO] - Found 2 web elements with id: 'Object Repository/Butonlar/AltButonlar' located by 'By.cssSelector: .btn-group.open li>a' in '10' second(s)

2021-11-11 09:50:15 - [MESSAGE][PASSED] - Method.TextDegerineEsitElementeTikla is PASSED

2021-11-11 09:50:15 - [MESSAGE][PASSED] - Call Test Case 'Test Cases/Butonlar/AltButonaTikla' successfully

2021-11-11 09:50:15 - [MESSAGE][INFO] - Checking called Test Case

2021-11-11 09:50:15 - [MESSAGE][INFO] - Starting to call Test Case 'Test Cases/Popup/PopupMesajiIceriyorMu'

2021-11-11 09:50:15 - [TEST_CASE][PASSED] - Test Cases/Popup/PopupMesajiIceriyorMu: Test Cases/Popup/PopupMesajiIceriyorMu

2021-11-11 09:50:15 - [TEST_STEP][PASSED] - waitForElementVisible(findTestObject("Popup/Popup"), 10): Object 'Object Repository/Popup/Popup' is visible

2021-11-11 09:50:15 - [MESSAGE][INFO] - Finding Test Object 'Object Repository/Popup/Popup'

2021-11-11 09:50:15 - [MESSAGE][INFO] - Checking object

2021-11-11 09:50:15 - [MESSAGE][INFO] - Checking timeout

2021-11-11 09:50:15 - [MESSAGE][INFO] - Finding web element from Test Object's properties

2021-11-11 09:50:15 - [MESSAGE][INFO] - Checking timeout

2021-11-11 09:50:15 - [MESSAGE][INFO] - Finding web element with id: 'Object Repository/Popup/Popup' located by 'By.cssSelector: .bootbox-body' in '10' second(s)

2021-11-11 09:50:15 - [MESSAGE][INFO] - Smart Wait Function is triggered

2021-11-11 09:50:16 - [MESSAGE][INFO] - Found 1 web elements with id: 'Object Repository/Popup/Popup' located by 'By.cssSelector: .bootbox-body' in '10' second(s)

2021-11-11 09:50:16 - [MESSAGE][PASSED] - Object 'Object Repository/Popup/Popup' is visible

2021-11-11 09:50:16 - [TEST_STEP][PASSED] - if (!(getText(findTestObject("Popup/Popup")).contains(Mesaj))): Text of object 'Object Repository/Popup/Popup' is: 'Lütfen rapor bildiriminin gönderileceği e-posta adresini belirtiniz.
e-Posta Adresi'

2021-11-11 09:50:16 - [MESSAGE][INFO] - Finding Test Object 'Object Repository/Popup/Popup'

2021-11-11 09:50:16 - [MESSAGE][INFO] - Checking object

2021-11-11 09:50:16 - [MESSAGE][INFO] - Finding web element from Test Object's properties

2021-11-11 09:50:16 - [MESSAGE][INFO] - Checking timeout

2021-11-11 09:50:16 - [MESSAGE][INFO] - Finding web element with id: 'Object Repository/Popup/Popup' located by 'By.cssSelector: .bootbox-body' in '30' second(s)

2021-11-11 09:50:16 - [MESSAGE][INFO] - Smart Wait Function is triggered

2021-11-11 09:50:16 - [MESSAGE][INFO] - Found 1 web elements with id: 'Object Repository/Popup/Popup' located by 'By.cssSelector: .bootbox-body' in '30' second(s)

2021-11-11 09:50:16 - [MESSAGE][INFO] - Getting text of object 'Object Repository/Popup/Popup'

2021-11-11 09:50:16 - [MESSAGE][PASSED] - Text of object 'Object Repository/Popup/Popup' is: 'Lütfen rapor bildiriminin gönderileceği e-posta adresini belirtiniz.
e-Posta Adresi'

2021-11-11 09:50:16 - [TEST_STEP][PASSED] - RaporNo = getText(findTestObject("Popup/Popup")).substring(0, 6): Text of object 'Object Repository/Popup/Popup' is: 'Lütfen rapor bildiriminin gönderileceği e-posta adresini belirtiniz.
e-Posta Adresi'

2021-11-11 09:50:16 - [MESSAGE][INFO] - Finding Test Object 'Object Repository/Popup/Popup'

2021-11-11 09:50:16 - [MESSAGE][INFO] - Checking object

2021-11-11 09:50:16 - [MESSAGE][INFO] - Finding web element from Test Object's properties

2021-11-11 09:50:16 - [MESSAGE][INFO] - Checking timeout

2021-11-11 09:50:16 - [MESSAGE][INFO] - Finding web element with id: 'Object Repository/Popup/Popup' located by 'By.cssSelector: .bootbox-body' in '30' second(s)

2021-11-11 09:50:16 - [MESSAGE][INFO] - Smart Wait Function is triggered

2021-11-11 09:50:16 - [MESSAGE][INFO] - Found 1 web elements with id: 'Object Repository/Popup/Popup' located by 'By.cssSelector: .bootbox-body' in '30' second(s)

2021-11-11 09:50:16 - [MESSAGE][INFO] - Getting text of object 'Object Repository/Popup/Popup'

2021-11-11 09:50:16 - [MESSAGE][PASSED] - Text of object 'Object Repository/Popup/Popup' is: 'Lütfen rapor bildiriminin gönderileceği e-posta adresini belirtiniz.
e-Posta Adresi'

2021-11-11 09:50:16 - [TEST_STEP][PASSED] - Console.println(RaporNo): null

2021-11-11 09:50:16 - [MESSAGE][PASSED] - Call Test Case 'Test Cases/Popup/PopupMesajiIceriyorMu' successfully

2021-11-11 09:50:16 - [MESSAGE][INFO] - Checking called Test Case

2021-11-11 09:50:16 - [MESSAGE][INFO] - Starting to call Test Case 'Test Cases/Popup/PopupButonSecilir'

2021-11-11 09:50:16 - [TEST_CASE][PASSED] - Test Cases/Popup/PopupButonSecilir: Test Cases/Popup/PopupButonSecilir

2021-11-11 09:50:16 - [TEST_STEP][PASSED] - Method.TextDegerineEsitElementeTikla(findTestObject("Popup/Popup_Butons"), Buton): Method.TextDegerineEsitElementeTikla is PASSED

2021-11-11 09:50:16 - [MESSAGE][INFO] - Finding Test Object 'Object Repository/Popup/Popup_Butons'

2021-11-11 09:50:16 - [MESSAGE][INFO] - Checking timeout

2021-11-11 09:50:16 - [MESSAGE][INFO] - Finding web element with id: 'Object Repository/Popup/Popup_Butons' located by 'By.cssSelector: .modal-footer>button' in '10' second(s)

2021-11-11 09:50:16 - [MESSAGE][INFO] - Smart Wait Function is triggered

2021-11-11 09:50:17 - [MESSAGE][INFO] - Found 2 web elements with id: 'Object Repository/Popup/Popup_Butons' located by 'By.cssSelector: .modal-footer>button' in '10' second(s)

2021-11-11 09:50:17 - [MESSAGE][PASSED] - Method.TextDegerineEsitElementeTikla is PASSED

2021-11-11 09:50:17 - [MESSAGE][PASSED] - Call Test Case 'Test Cases/Popup/PopupButonSecilir' successfully

2021-11-11 09:50:17 - [MESSAGE][INFO] - Checking called Test Case

2021-11-11 09:50:17 - [MESSAGE][INFO] - Starting to call Test Case 'Test Cases/Popup/PopupMesajiIceriyorMu'

2021-11-11 09:50:17 - [TEST_CASE][PASSED] - Test Cases/Popup/PopupMesajiIceriyorMu: Test Cases/Popup/PopupMesajiIceriyorMu

2021-11-11 09:50:17 - [TEST_STEP][PASSED] - waitForElementVisible(findTestObject("Popup/Popup"), 10): Object 'Object Repository/Popup/Popup' is visible

2021-11-11 09:50:17 - [MESSAGE][INFO] - Finding Test Object 'Object Repository/Popup/Popup'

2021-11-11 09:50:17 - [MESSAGE][INFO] - Checking object

2021-11-11 09:50:17 - [MESSAGE][INFO] - Checking timeout

2021-11-11 09:50:17 - [MESSAGE][INFO] - Finding web element from Test Object's properties

2021-11-11 09:50:17 - [MESSAGE][INFO] - Checking timeout

2021-11-11 09:50:17 - [MESSAGE][INFO] - Finding web element with id: 'Object Repository/Popup/Popup' located by 'By.cssSelector: .bootbox-body' in '10' second(s)

2021-11-11 09:50:17 - [MESSAGE][INFO] - Smart Wait Function is triggered

2021-11-11 09:50:18 - [MESSAGE][INFO] - Found 1 web elements with id: 'Object Repository/Popup/Popup' located by 'By.cssSelector: .bootbox-body' in '10' second(s)

2021-11-11 09:50:18 - [MESSAGE][PASSED] - Object 'Object Repository/Popup/Popup' is visible

2021-11-11 09:50:18 - [TEST_STEP][PASSED] - if (!(getText(findTestObject("Popup/Popup")).contains(Mesaj))): Text of object 'Object Repository/Popup/Popup' is: '16288 no’lu talebiniz işleme alınmıştır. Raporunuz hazırlandığında (elogotest@gmail.com) adresinize mail gönderilecektir.
Rapor durumunuzu Raporlar > Toplu Veri İndirme ekranından takip edebilir, hazırlandı durumundaki raporlarınızı ilgili menüden indirebilirsiniz.'

2021-11-11 09:50:18 - [MESSAGE][INFO] - Finding Test Object 'Object Repository/Popup/Popup'

2021-11-11 09:50:18 - [MESSAGE][INFO] - Checking object

2021-11-11 09:50:18 - [MESSAGE][INFO] - Finding web element from Test Object's properties

2021-11-11 09:50:18 - [MESSAGE][INFO] - Checking timeout

2021-11-11 09:50:18 - [MESSAGE][INFO] - Finding web element with id: 'Object Repository/Popup/Popup' located by 'By.cssSelector: .bootbox-body' in '30' second(s)

2021-11-11 09:50:18 - [MESSAGE][INFO] - Smart Wait Function is triggered

2021-11-11 09:50:18 - [MESSAGE][INFO] - Found 1 web elements with id: 'Object Repository/Popup/Popup' located by 'By.cssSelector: .bootbox-body' in '30' second(s)

2021-11-11 09:50:18 - [MESSAGE][INFO] - Getting text of object 'Object Repository/Popup/Popup'

2021-11-11 09:50:18 - [MESSAGE][PASSED] - Text of object 'Object Repository/Popup/Popup' is: '16288 no’lu talebiniz işleme alınmıştır. Raporunuz hazırlandığında (elogotest@gmail.com) adresinize mail gönderilecektir.
Rapor durumunuzu Raporlar > Toplu Veri İndirme ekranından takip edebilir, hazırlandı durumundaki raporlarınızı ilgili menüden indirebilirsiniz.'

2021-11-11 09:50:18 - [TEST_STEP][PASSED] - RaporNo = getText(findTestObject("Popup/Popup")).substring(0, 6): Text of object 'Object Repository/Popup/Popup' is: '16288 no’lu talebiniz işleme alınmıştır. Raporunuz hazırlandığında (elogotest@gmail.com) adresinize mail gönderilecektir.
Rapor durumunuzu Raporlar > Toplu Veri İndirme ekranından takip edebilir, hazırlandı durumundaki raporlarınızı ilgili menüden indirebilirsiniz.'

2021-11-11 09:50:18 - [MESSAGE][INFO] - Finding Test Object 'Object Repository/Popup/Popup'

2021-11-11 09:50:18 - [MESSAGE][INFO] - Checking object

2021-11-11 09:50:18 - [MESSAGE][INFO] - Finding web element from Test Object's properties

2021-11-11 09:50:18 - [MESSAGE][INFO] - Checking timeout

2021-11-11 09:50:18 - [MESSAGE][INFO] - Finding web element with id: 'Object Repository/Popup/Popup' located by 'By.cssSelector: .bootbox-body' in '30' second(s)

2021-11-11 09:50:18 - [MESSAGE][INFO] - Smart Wait Function is triggered

2021-11-11 09:50:19 - [MESSAGE][INFO] - Found 1 web elements with id: 'Object Repository/Popup/Popup' located by 'By.cssSelector: .bootbox-body' in '30' second(s)

2021-11-11 09:50:19 - [MESSAGE][INFO] - Getting text of object 'Object Repository/Popup/Popup'

2021-11-11 09:50:19 - [MESSAGE][PASSED] - Text of object 'Object Repository/Popup/Popup' is: '16288 no’lu talebiniz işleme alınmıştır. Raporunuz hazırlandığında (elogotest@gmail.com) adresinize mail gönderilecektir.
Rapor durumunuzu Raporlar > Toplu Veri İndirme ekranından takip edebilir, hazırlandı durumundaki raporlarınızı ilgili menüden indirebilirsiniz.'

2021-11-11 09:50:19 - [TEST_STEP][PASSED] - Console.println(RaporNo): null

2021-11-11 09:50:19 - [MESSAGE][PASSED] - Call Test Case 'Test Cases/Popup/PopupMesajiIceriyorMu' successfully

2021-11-11 09:50:19 - [MESSAGE][INFO] - Checking called Test Case

2021-11-11 09:50:19 - [MESSAGE][INFO] - Starting to call Test Case 'Test Cases/Popup/PopupButonSecilir'

2021-11-11 09:50:19 - [TEST_CASE][PASSED] - Test Cases/Popup/PopupButonSecilir: Test Cases/Popup/PopupButonSecilir

2021-11-11 09:50:19 - [TEST_STEP][PASSED] - Method.TextDegerineEsitElementeTikla(findTestObject("Popup/Popup_Butons"), Buton): Method.TextDegerineEsitElementeTikla is PASSED

2021-11-11 09:50:19 - [MESSAGE][INFO] - Finding Test Object 'Object Repository/Popup/Popup_Butons'

2021-11-11 09:50:19 - [MESSAGE][INFO] - Checking timeout

2021-11-11 09:50:19 - [MESSAGE][INFO] - Finding web element with id: 'Object Repository/Popup/Popup_Butons' located by 'By.cssSelector: .modal-footer>button' in '10' second(s)

2021-11-11 09:50:19 - [MESSAGE][INFO] - Smart Wait Function is triggered

2021-11-11 09:50:19 - [MESSAGE][INFO] - Found 1 web elements with id: 'Object Repository/Popup/Popup_Butons' located by 'By.cssSelector: .modal-footer>button' in '10' second(s)

2021-11-11 09:50:19 - [MESSAGE][PASSED] - Method.TextDegerineEsitElementeTikla is PASSED

2021-11-11 09:50:19 - [MESSAGE][PASSED] - Call Test Case 'Test Cases/Popup/PopupButonSecilir' successfully

2021-11-11 09:50:19 - [MESSAGE][INFO] - Checking called Test Case

2021-11-11 09:50:19 - [MESSAGE][INFO] - Starting to call Test Case 'Test Cases/Menu/AnaMenuSecimi'

2021-11-11 09:50:19 - [TEST_CASE][PASSED] - Test Cases/Menu/AnaMenuSecimi: Test Cases/Menu/AnaMenuSecimi

2021-11-11 09:50:19 - [TEST_STEP][PASSED] - Method.TextDegerineEsitElementeTikla(findTestObject("Menu/Ana_Menu"), Ana_Menu): Method.TextDegerineEsitElementeTikla is PASSED

2021-11-11 09:50:19 - [MESSAGE][INFO] - Finding Test Object 'Object Repository/Menu/Ana_Menu'

2021-11-11 09:50:19 - [MESSAGE][INFO] - Checking timeout

2021-11-11 09:50:19 - [MESSAGE][INFO] - Finding web element with id: 'Object Repository/Menu/Ana_Menu' located by 'By.xpath: //*[@class = 'dropdown-toggle']' in '10' second(s)

2021-11-11 09:50:19 - [MESSAGE][INFO] - Smart Wait Function is triggered

2021-11-11 09:50:20 - [MESSAGE][INFO] - Found 14 web elements with id: 'Object Repository/Menu/Ana_Menu' located by 'By.xpath: //*[@class = 'dropdown-toggle']' in '10' second(s)

2021-11-11 09:50:20 - [MESSAGE][PASSED] - Method.TextDegerineEsitElementeTikla is PASSED

2021-11-11 09:50:20 - [MESSAGE][PASSED] - Call Test Case 'Test Cases/Menu/AnaMenuSecimi' successfully

2021-11-11 09:50:20 - [MESSAGE][INFO] - Checking called Test Case

2021-11-11 09:50:20 - [MESSAGE][INFO] - Starting to call Test Case 'Test Cases/Menu/AltMenuSecimi'

2021-11-11 09:50:20 - [TEST_CASE][PASSED] - Test Cases/Menu/AltMenuSecimi: Test Cases/Menu/AltMenuSecimi

2021-11-11 09:50:20 - [TEST_STEP][PASSED] - Method.TextDegerineEsitElementeTikla(findTestObject("Menu/Alt_Menu"), Alt_Menu): Method.TextDegerineEsitElementeTikla is PASSED

2021-11-11 09:50:20 - [MESSAGE][INFO] - Finding Test Object 'Object Repository/Menu/Alt_Menu'

2021-11-11 09:50:20 - [MESSAGE][INFO] - Checking timeout

2021-11-11 09:50:20 - [MESSAGE][INFO] - Finding web element with id: 'Object Repository/Menu/Alt_Menu' located by 'By.xpath: //li[@class='dropdown dropdown-large open']//li[@class='dropdown-element']' in '10' second(s)

2021-11-11 09:50:20 - [MESSAGE][INFO] - Smart Wait Function is triggered

2021-11-11 09:50:21 - [MESSAGE][INFO] - Found 9 web elements with id: 'Object Repository/Menu/Alt_Menu' located by 'By.xpath: //li[@class='dropdown dropdown-large open']//li[@class='dropdown-element']' in '10' second(s)

2021-11-11 09:50:22 - [MESSAGE][PASSED] - Method.TextDegerineEsitElementeTikla is PASSED

2021-11-11 09:50:22 - [MESSAGE][PASSED] - Call Test Case 'Test Cases/Menu/AltMenuSecimi' successfully

2021-11-11 09:50:22 - [MESSAGE][INFO] - Checking called Test Case

2021-11-11 09:50:22 - [MESSAGE][INFO] - Starting to call Test Case 'Test Cases/Filtreler/RaporNoYaz'

2021-11-11 09:50:22 - [TEST_CASE][PASSED] - Test Cases/Filtreler/RaporNoYaz: Test Cases/Filtreler/RaporNoYaz

2021-11-11 09:50:22 - [TEST_STEP][PASSED] - Method.TextDegerineEsitElementinAltindakiTextboxtaYaz(findTestObject("Filtreler/Basliklar"), findTestObject("Filtreler/Basliga_Gore_Textbox"), "Talep No", RaporNo): Method.TextDegerineEsitElementinAltindakiTextboxtaYaz is PASSED

2021-11-11 09:50:22 - [MESSAGE][INFO] - Finding Test Object 'Object Repository/Filtreler/Basliklar'

2021-11-11 09:50:22 - [MESSAGE][INFO] - Finding Test Object 'Object Repository/Filtreler/Basliga_Gore_Textbox'

2021-11-11 09:50:22 - [MESSAGE][INFO] - Checking timeout

2021-11-11 09:50:22 - [MESSAGE][INFO] - Finding web element with id: 'Object Repository/Filtreler/Basliklar' located by 'By.cssSelector: .control-label.col-sm-4.paddingMarginRLC' in '10' second(s)

2021-11-11 09:50:22 - [MESSAGE][INFO] - Smart Wait Function is triggered

2021-11-11 09:50:22 - [MESSAGE][INFO] - Found 8 web elements with id: 'Object Repository/Filtreler/Basliklar' located by 'By.cssSelector: .control-label.col-sm-4.paddingMarginRLC' in '10' second(s)

2021-11-11 09:50:22 - [MESSAGE][INFO] - Smart Wait Function is triggered

2021-11-11 09:50:23 - [MESSAGE][PASSED] - Method.TextDegerineEsitElementinAltindakiTextboxtaYaz is PASSED

2021-11-11 09:50:23 - [MESSAGE][PASSED] - Call Test Case 'Test Cases/Filtreler/RaporNoYaz' successfully

2021-11-11 09:50:23 - [MESSAGE][INFO] - Checking called Test Case

2021-11-11 09:50:23 - [MESSAGE][INFO] - Starting to call Test Case 'Test Cases/Filtreler/ButonaTikla'

2021-11-11 09:50:23 - [TEST_CASE][PASSED] - Test Cases/Filtreler/ButonaTikla: Test Cases/Filtreler/ButonaTikla

2021-11-11 09:50:23 - [TEST_STEP][PASSED] - Method.TextDegerineEsitElementeTikla(findTestObject("Filtreler/Butonlar"), Filtre_Buton): Method.TextDegerineEsitElementeTikla is PASSED

2021-11-11 09:50:23 - [MESSAGE][INFO] - Finding Test Object 'Object Repository/Filtreler/Butonlar'

2021-11-11 09:50:23 - [MESSAGE][INFO] - Checking timeout

2021-11-11 09:50:23 - [MESSAGE][INFO] - Finding web element with id: 'Object Repository/Filtreler/Butonlar' located by 'By.cssSelector: .dxb>span' in '10' second(s)

2021-11-11 09:50:23 - [MESSAGE][INFO] - Smart Wait Function is triggered

2021-11-11 09:50:23 - [MESSAGE][INFO] - Found 2 web elements with id: 'Object Repository/Filtreler/Butonlar' located by 'By.cssSelector: .dxb>span' in '10' second(s)

2021-11-11 09:50:23 - [MESSAGE][PASSED] - Method.TextDegerineEsitElementeTikla is PASSED

2021-11-11 09:50:23 - [MESSAGE][PASSED] - Call Test Case 'Test Cases/Filtreler/ButonaTikla' successfully

2021-11-11 09:50:23 - [MESSAGE][INFO] - Checking called Test Case

2021-11-11 09:50:23 - [MESSAGE][INFO] - Starting to call Test Case 'Test Cases/Tablo/TablodaVeriVarMi'

2021-11-11 09:50:23 - [TEST_CASE][PASSED] - Test Cases/Tablo/TablodaVeriVarMi: Test Cases/Tablo/TablodaVeriVarMi

2021-11-11 09:50:23 - [TEST_STEP][PASSED] - verifyTextNotPresent("Görüntülenecek veri yok", true): Text 'Görüntülenecek veri yok' is not present on page using regular expression

2021-11-11 09:50:23 - [MESSAGE][INFO] - Checking text present  using regular expression

2021-11-11 09:50:23 - [MESSAGE][INFO] - Smart Wait Function is triggered

2021-11-11 09:50:24 - [MESSAGE][INFO] - Finding text 'Görüntülenecek veri yok' on page  using regular expression

2021-11-11 09:50:24 - [MESSAGE][PASSED] - Text 'Görüntülenecek veri yok' is not present on page using regular expression

2021-11-11 09:50:24 - [MESSAGE][PASSED] - Call Test Case 'Test Cases/Tablo/TablodaVeriVarMi' successfully

2021-11-11 09:50:24 - [MESSAGE][INFO] - Checking called Test Case

2021-11-11 09:50:24 - [MESSAGE][INFO] - Starting to call Test Case 'Test Cases/Kullanici_Islemleri/KullaniciIslemlerindenSecimYapilir'

2021-11-11 09:50:24 - [TEST_CASE][PASSED] - Test Cases/Kullanici_Islemleri/KullaniciIslemlerindenSecimYapilir: Test Cases/Kullanici_Islemleri/KullaniciIslemlerindenSecimYapilir

2021-11-11 09:50:24 - [TEST_STEP][PASSED] - waitForElementClickable(findTestObject("Object Repository/Kullanici_Islemleri/KullaniciIslemleri"), 10): Object 'Object Repository/Kullanici_Islemleri/KullaniciIslemleri' is clickable

2021-11-11 09:50:24 - [MESSAGE][INFO] - Finding Test Object 'Object Repository/Kullanici_Islemleri/KullaniciIslemleri'

2021-11-11 09:50:24 - [MESSAGE][INFO] - Checking object

2021-11-11 09:50:24 - [MESSAGE][INFO] - Checking timeout

2021-11-11 09:50:24 - [MESSAGE][INFO] - Finding web element from Test Object's properties

2021-11-11 09:50:24 - [MESSAGE][INFO] - Checking timeout

2021-11-11 09:50:24 - [MESSAGE][INFO] - Finding web element with id: 'Object Repository/Kullanici_Islemleri/KullaniciIslemleri' located by 'By.cssSelector: .dropdown>a>img' in '10' second(s)

2021-11-11 09:50:24 - [MESSAGE][INFO] - Smart Wait Function is triggered

2021-11-11 09:50:25 - [MESSAGE][INFO] - Found 1 web elements with id: 'Object Repository/Kullanici_Islemleri/KullaniciIslemleri' located by 'By.cssSelector: .dropdown>a>img' in '10' second(s)

2021-11-11 09:50:25 - [MESSAGE][PASSED] - Object 'Object Repository/Kullanici_Islemleri/KullaniciIslemleri' is clickable

2021-11-11 09:50:25 - [TEST_STEP][PASSED] - click(findTestObject("Object Repository/Kullanici_Islemleri/KullaniciIslemleri")): Object: 'Object Repository/Kullanici_Islemleri/KullaniciIslemleri' is clicked on

2021-11-11 09:50:25 - [MESSAGE][INFO] - Finding Test Object 'Object Repository/Kullanici_Islemleri/KullaniciIslemleri'

2021-11-11 09:50:25 - [MESSAGE][INFO] - Checking object

2021-11-11 09:50:25 - [MESSAGE][INFO] - Finding web element from Test Object's properties

2021-11-11 09:50:25 - [MESSAGE][INFO] - Checking timeout

2021-11-11 09:50:25 - [MESSAGE][INFO] - Finding web element with id: 'Object Repository/Kullanici_Islemleri/KullaniciIslemleri' located by 'By.cssSelector: .dropdown>a>img' in '30' second(s)

2021-11-11 09:50:25 - [MESSAGE][INFO] - Smart Wait Function is triggered

2021-11-11 09:50:25 - [MESSAGE][INFO] - Found 1 web elements with id: 'Object Repository/Kullanici_Islemleri/KullaniciIslemleri' located by 'By.cssSelector: .dropdown>a>img' in '30' second(s)

2021-11-11 09:50:25 - [MESSAGE][INFO] - Clicking on object: 'Object Repository/Kullanici_Islemleri/KullaniciIslemleri'

2021-11-11 09:50:25 - [MESSAGE][PASSED] - Object: 'Object Repository/Kullanici_Islemleri/KullaniciIslemleri' is clicked on

2021-11-11 09:50:25 - [TEST_STEP][PASSED] - Method.TextDegerineEsitElementeTikla(findTestObject("Object Repository/Kullanici_Islemleri/Secenekler"), Islem): Method.TextDegerineEsitElementeTikla is PASSED

2021-11-11 09:50:25 - [MESSAGE][INFO] - Finding Test Object 'Object Repository/Kullanici_Islemleri/Secenekler'

2021-11-11 09:50:25 - [MESSAGE][INFO] - Checking timeout

2021-11-11 09:50:25 - [MESSAGE][INFO] - Finding web element with id: 'Object Repository/Kullanici_Islemleri/Secenekler' located by 'By.cssSelector: .nav.navbar-nav.navbar-right li a' in '10' second(s)

2021-11-11 09:50:25 - [MESSAGE][INFO] - Smart Wait Function is triggered

2021-11-11 09:50:25 - [MESSAGE][INFO] - Found 22 web elements with id: 'Object Repository/Kullanici_Islemleri/Secenekler' located by 'By.cssSelector: .nav.navbar-nav.navbar-right li a' in '10' second(s)

2021-11-11 09:50:27 - [MESSAGE][PASSED] - Method.TextDegerineEsitElementeTikla is PASSED

2021-11-11 09:50:27 - [TEST_STEP][PASSED] - verifyElementNotPresent(findTestObject("Object Repository/Kullanici_Islemleri/Secenekler"), 10): Web element with id: 'Object Repository/Kullanici_Islemleri/Secenekler' located by 'By.cssSelector: .nav.navbar-nav.navbar-right li a' is not present after '10' second(s)

2021-11-11 09:50:27 - [MESSAGE][INFO] - Finding Test Object 'Object Repository/Kullanici_Islemleri/Secenekler'

2021-11-11 09:50:27 - [MESSAGE][INFO] - Checking object

2021-11-11 09:50:27 - [MESSAGE][INFO] - Checking timeout

2021-11-11 09:50:27 - [MESSAGE][INFO] - Finding web element with id: 'Object Repository/Kullanici_Islemleri/Secenekler' located by 'By.cssSelector: .nav.navbar-nav.navbar-right li a' in '10' second(s)

2021-11-11 09:50:27 - [MESSAGE][INFO] - Smart Wait Function is triggered

2021-11-11 09:50:27 - [MESSAGE][PASSED] - Web element with id: 'Object Repository/Kullanici_Islemleri/Secenekler' located by 'By.cssSelector: .nav.navbar-nav.navbar-right li a' is not present after '10' second(s)

2021-11-11 09:50:27 - [MESSAGE][PASSED] - Call Test Case 'Test Cases/Kullanici_Islemleri/KullaniciIslemlerindenSecimYapilir' successfully

2021-11-11 09:50:27 - [TEST_CASE][PASSED] - Start Test Case : SCENARIO Gelen Zarflar Excele Aktar: SCENARIO Gelen Zarflar Excele Aktar

2021-11-11 09:50:27 - [TEST_STEP][PASSED] - Kullanıcı adı ELOGO6 ve Şifre 123456 olarak giriş yapılır: Kullanıcı adı ELOGO6 ve Şifre 123456 olarak giriş yapılır

2021-11-11 09:50:27 - [MESSAGE][PASSED] - Kullanıcı adı ELOGO6 ve Şifre 123456 olarak giriş yapılır

2021-11-11 09:50:27 - [TEST_STEP][PASSED] - Ana menüden Zarflar seçilir: Ana menüden Zarflar seçilir

2021-11-11 09:50:27 - [MESSAGE][PASSED] - Ana menüden Zarflar seçilir

2021-11-11 09:50:27 - [TEST_STEP][PASSED] - Alt menüden Gelen Zarflar seçilir: Alt menüden Gelen Zarflar seçilir

2021-11-11 09:50:27 - [MESSAGE][PASSED] - Alt menüden Gelen Zarflar seçilir

2021-11-11 09:50:27 - [TEST_STEP][PASSED] - Filtrelerden Oluşturma Tarihi filtresine 01.12.2020 baslangic degerini yaz: Filtrelerden Oluşturma Tarihi filtresine 01.12.2020 baslangic degerini yaz

2021-11-11 09:50:27 - [MESSAGE][PASSED] - Filtrelerden Oluşturma Tarihi filtresine 01.12.2020 baslangic degerini yaz

2021-11-11 09:50:27 - [TEST_STEP][PASSED] - Filtrelerden Oluşturma Tarihi filtresine 31.12.2020 bitis degerini yaz: Filtrelerden Oluşturma Tarihi filtresine 31.12.2020 bitis degerini yaz

2021-11-11 09:50:27 - [MESSAGE][PASSED] - Filtrelerden Oluşturma Tarihi filtresine 31.12.2020 bitis degerini yaz

2021-11-11 09:50:27 - [TEST_STEP][PASSED] - Filtre butonlarından Listele seçilir: Filtre butonlarından Listele seçilir

2021-11-11 09:50:27 - [MESSAGE][PASSED] - Filtre butonlarından Listele seçilir

2021-11-11 09:50:27 - [TEST_STEP][PASSED] - Tabloda veri var mı kontrol edilir: Tabloda veri var mı kontrol edilir

2021-11-11 09:50:27 - [MESSAGE][PASSED] - Tabloda veri var mı kontrol edilir

2021-11-11 09:50:27 - [TEST_STEP][PASSED] - Tablodan E LOGO 6 isimli veri seçilir: Tablodan E LOGO 6 isimli veri seçilir

2021-11-11 09:50:27 - [MESSAGE][PASSED] - Tablodan E LOGO 6 isimli veri seçilir

2021-11-11 09:50:27 - [TEST_STEP][PASSED] - Butonlardan Excel isimli butona tıklanır: Butonlardan Excel isimli butona tıklanır

2021-11-11 09:50:27 - [MESSAGE][PASSED] - Butonlardan Excel isimli butona tıklanır

2021-11-11 09:50:27 - [TEST_STEP][PASSED] - Alt butonlardan Seçilenleri Excel'e Aktar butonuna tıklanır: Alt butonlardan Seçilenleri Excel'e Aktar butonuna tıklanır

2021-11-11 09:50:27 - [MESSAGE][PASSED] - Alt butonlardan Seçilenleri Excel'e Aktar butonuna tıklanır

2021-11-11 09:50:27 - [TEST_STEP][PASSED] - Popup mesajı Lütfen rapor bildiriminin gönderileceği e-posta adresini belirtiniz. içeriyor mu: Popup mesajı Lütfen rapor bildiriminin gönderileceği e-posta adresini belirtiniz. içeriyor mu

2021-11-11 09:50:27 - [MESSAGE][PASSED] - Popup mesajı Lütfen rapor bildiriminin gönderileceği e-posta adresini belirtiniz. içeriyor mu

2021-11-11 09:50:27 - [TEST_STEP][PASSED] - Yönetim popupında Gönder seçilir: Yönetim popupında Gönder seçilir

2021-11-11 09:50:27 - [MESSAGE][PASSED] - Yönetim popupında Gönder seçilir

2021-11-11 09:50:27 - [TEST_STEP][PASSED] - Popup mesajı Toplu Veri İndirme içeriyor mu: Popup mesajı Toplu Veri İndirme içeriyor mu

2021-11-11 09:50:27 - [MESSAGE][PASSED] - Popup mesajı Toplu Veri İndirme içeriyor mu

2021-11-11 09:50:27 - [TEST_STEP][PASSED] - Yönetim popupında Tamam seçilir: Yönetim popupında Tamam seçilir

2021-11-11 09:50:27 - [MESSAGE][PASSED] - Yönetim popupında Tamam seçilir

2021-11-11 09:50:27 - [TEST_STEP][PASSED] - Butonlardan Excel isimli butona tıklanır: Butonlardan Excel isimli butona tıklanır

2021-11-11 09:50:27 - [MESSAGE][PASSED] - Butonlardan Excel isimli butona tıklanır

2021-11-11 09:50:27 - [TEST_STEP][PASSED] - Alt butonlardan Tümünü Excel'e Aktar butonuna tıklanır: Alt butonlardan Tümünü Excel'e Aktar butonuna tıklanır

2021-11-11 09:50:27 - [MESSAGE][PASSED] - Alt butonlardan Tümünü Excel'e Aktar butonuna tıklanır

2021-11-11 09:50:27 - [TEST_STEP][PASSED] - Popup mesajı Lütfen rapor bildiriminin gönderileceği e-posta adresini belirtiniz. içeriyor mu: Popup mesajı Lütfen rapor bildiriminin gönderileceği e-posta adresini belirtiniz. içeriyor mu

2021-11-11 09:50:27 - [MESSAGE][PASSED] - Popup mesajı Lütfen rapor bildiriminin gönderileceği e-posta adresini belirtiniz. içeriyor mu

2021-11-11 09:50:27 - [TEST_STEP][PASSED] - Yönetim popupında Gönder seçilir: Yönetim popupında Gönder seçilir

2021-11-11 09:50:27 - [MESSAGE][PASSED] - Yönetim popupında Gönder seçilir

2021-11-11 09:50:27 - [TEST_STEP][PASSED] - Popup mesajı Toplu Veri İndirme içeriyor mu: Popup mesajı Toplu Veri İndirme içeriyor mu

2021-11-11 09:50:27 - [MESSAGE][PASSED] - Popup mesajı Toplu Veri İndirme içeriyor mu

2021-11-11 09:50:27 - [TEST_STEP][PASSED] - Yönetim popupında Tamam seçilir: Yönetim popupında Tamam seçilir

2021-11-11 09:50:27 - [MESSAGE][PASSED] - Yönetim popupında Tamam seçilir

2021-11-11 09:50:27 - [TEST_STEP][PASSED] - Ana menüden Raporlar seçilir: Ana menüden Raporlar seçilir

2021-11-11 09:50:27 - [MESSAGE][PASSED] - Ana menüden Raporlar seçilir

2021-11-11 09:50:27 - [TEST_STEP][PASSED] - Alt menüden Toplu Veri İndirme seçilir: Alt menüden Toplu Veri İndirme seçilir

2021-11-11 09:50:27 - [MESSAGE][PASSED] - Alt menüden Toplu Veri İndirme seçilir

2021-11-11 09:50:27 - [TEST_STEP][PASSED] - Filtrelerden Talep No filtresine Rapor No bilgisi yaz: Filtrelerden Talep No filtresine Rapor No bilgisi yaz

2021-11-11 09:50:27 - [MESSAGE][PASSED] - Filtrelerden Talep No filtresine Rapor No bilgisi yaz

2021-11-11 09:50:27 - [TEST_STEP][PASSED] - Filtre butonlarından Listele seçilir: Filtre butonlarından Listele seçilir

2021-11-11 09:50:27 - [MESSAGE][PASSED] - Filtre butonlarından Listele seçilir

2021-11-11 09:50:27 - [TEST_STEP][PASSED] - Tabloda veri var mı kontrol edilir: Tabloda veri var mı kontrol edilir

2021-11-11 09:50:27 - [MESSAGE][PASSED] - Tabloda veri var mı kontrol edilir

2021-11-11 09:50:27 - [TEST_STEP][PASSED] - Kullanıcı işlemlerinden Çıkış seçilir: Kullanıcı işlemlerinden Çıkış seçilir

2021-11-11 09:50:27 - [MESSAGE][PASSED] - Kullanıcı işlemlerinden Çıkış seçilir

2021-11-11 09:50:27 - [MESSAGE][PASSED] - Feature file: 'Include/features/Zarflar/Gelen Zarflar/Secilenleri Excele Aktar.feature' was passed

2021-11-11 09:50:27 - [TEST_STEP][PASSED] - Start listener action : sampleAfterTestSuite: Invoke 'com.kms.katalon.core.annotation.AfterTestCase' method: 'Listener.sampleAfterTestSuite(...)' completed.

2021-11-11 09:50:27 - [MESSAGE][INFO] - Starting invoke 'com.kms.katalon.core.annotation.AfterTestCase' method: 'Listener.sampleAfterTestSuite(...)'

2021-11-11 09:50:27 - [TEST_STEP][PASSED] - closeBrowser(): Invoke 'com.kms.katalon.core.annotation.AfterTestCase' method: 'Listener.sampleAfterTestSuite(...)' completed.

2021-11-11 09:50:27 - [MESSAGE][INFO] - Closing browser

2021-11-11 09:50:28 - [MESSAGE][PASSED] - Browser is closed

2021-11-11 09:50:28 - [MESSAGE][INFO] - Invoke 'com.kms.katalon.core.annotation.AfterTestCase' method: 'Listener.sampleAfterTestSuite(...)' completed.]]></system-out>
         <system-err><![CDATA[]]></system-err>
      </testcase>
      <testcase name="Test Cases/Case Repository/Zarflar/Gelen Zarflar/Toplu Indirme" time="47.318" classname="Test Cases/Case Repository/Zarflar/Gelen Zarflar/Toplu Indirme" status="PASSED">
         <system-out><![CDATA[2021-11-11 09:50:28 - [TEST_CASE][PASSED] - Test Cases/Case Repository/Zarflar/Gelen Zarflar/Toplu Indirme: Test Cases/Case Repository/Zarflar/Gelen Zarflar/Toplu Indirme

2021-11-11 09:50:28 - [TEST_STEP][PASSED] - Start listener action : sampleBeforeTestSuite: Invoke 'com.kms.katalon.core.annotation.BeforeTestCase' method: 'Listener.sampleBeforeTestSuite(...)' completed.

2021-11-11 09:50:28 - [MESSAGE][INFO] - Starting invoke 'com.kms.katalon.core.annotation.BeforeTestCase' method: 'Listener.sampleBeforeTestSuite(...)'

2021-11-11 09:50:28 - [TEST_STEP][PASSED] - openBrowser(baseUrl): Browser is opened with url: 'https://efatura-stage.elogo.com.tr/'

2021-11-11 09:50:28 - [MESSAGE][INFO] - Opening browser

2021-11-11 09:50:28 - [MESSAGE][INFO] - Starting 'Chrome' driver

2021-11-11 09:50:28 - [MESSAGE][INFO] - User set preference: ['prefs', '{download.default_directory=C:\otomasyondownfiles}']

2021-11-11 09:50:28 - [MESSAGE][INFO] - Action delay is set to 0 milliseconds

2021-11-11 09:50:30 - [MESSAGE][INFO] - Navigating browser to: 'https://efatura-stage.elogo.com.tr/'

2021-11-11 09:50:32 - [MESSAGE][PASSED] - Browser is opened with url: 'https://efatura-stage.elogo.com.tr/'

2021-11-11 09:50:32 - [TEST_STEP][PASSED] - maximizeWindow(): Invoke 'com.kms.katalon.core.annotation.BeforeTestCase' method: 'Listener.sampleBeforeTestSuite(...)' completed.

2021-11-11 09:50:32 - [MESSAGE][INFO] - Maximizing current window

2021-11-11 09:50:32 - [MESSAGE][PASSED] - Current window maximized

2021-11-11 09:50:32 - [MESSAGE][INFO] - Invoke 'com.kms.katalon.core.annotation.BeforeTestCase' method: 'Listener.sampleBeforeTestSuite(...)' completed.

2021-11-11 09:50:32 - [TEST_STEP][PASSED] - runFeatureFile("Include/features/Zarflar/Gelen Zarflar/Toplu Indirme.feature"): Feature file: 'Include/features/Zarflar/Gelen Zarflar/Toplu Indirme.feature' was passed

2021-11-11 09:50:32 - [MESSAGE][INFO] - Starting run keyword runFeatureFile: 'Include/features/Zarflar/Gelen Zarflar/Toplu Indirme.feature' and extract report to folder: 'C:\Users\DELL\Documents\GitHub\EES_KatalonLogo\Reports\20211111_090730\Suite Repository\ExceleAktarVeTopluIndirme\20211111_090810/cucumber_report/1636613432989'...

2021-11-11 09:50:32 - [MESSAGE][INFO] - Glue: []

2021-11-11 09:50:33 - [MESSAGE][INFO] - Checking called Test Case

2021-11-11 09:50:33 - [MESSAGE][INFO] - Starting to call Test Case 'Test Cases/Sayfalar/Giris_Sayfasi/Login'

2021-11-11 09:50:34 - [TEST_CASE][PASSED] - Test Cases/Sayfalar/Giris_Sayfasi/Login: Test Cases/Sayfalar/Giris_Sayfasi/Login

2021-11-11 09:50:34 - [TEST_STEP][PASSED] - Sayfa_Basligi = getWindowTitle(): Current window's title is: 'LOGO e-Fatura'

2021-11-11 09:50:34 - [MESSAGE][INFO] - Getting current window's title

2021-11-11 09:50:34 - [MESSAGE][PASSED] - Current window's title is: 'LOGO e-Fatura'

2021-11-11 09:50:34 - [TEST_STEP][PASSED] - verifyMatch(Sayfa_Basligi, "LOGO e-Fatura", false): Actual text 'LOGO e-Fatura' and expected text 'LOGO e-Fatura' are matched 

2021-11-11 09:50:34 - [MESSAGE][INFO] - Matching actual text 'LOGO e-Fatura' with expected text 'LOGO e-Fatura'

2021-11-11 09:50:34 - [MESSAGE][PASSED] - Actual text 'LOGO e-Fatura' and expected text 'LOGO e-Fatura' are matched 

2021-11-11 09:50:34 - [TEST_STEP][PASSED] - sendKeys(findTestObject("Sayfalar/Giris_Sayfasi/Firma_Kodu"), KullaniciAdi): Keys 'ELOGO6' sent to object: 'Object Repository/Sayfalar/Giris_Sayfasi/Firma_Kodu'

2021-11-11 09:50:34 - [MESSAGE][INFO] - Finding Test Object 'Object Repository/Sayfalar/Giris_Sayfasi/Firma_Kodu'

2021-11-11 09:50:34 - [MESSAGE][INFO] - Sending keys 'ELOGO6' to object: 'Object Repository/Sayfalar/Giris_Sayfasi/Firma_Kodu'

2021-11-11 09:50:34 - [MESSAGE][INFO] - Finding web element from Test Object's properties

2021-11-11 09:50:34 - [MESSAGE][INFO] - Checking timeout

2021-11-11 09:50:34 - [MESSAGE][INFO] - Finding web element with id: 'Object Repository/Sayfalar/Giris_Sayfasi/Firma_Kodu' located by 'By.xpath: //*[@id = 'AccountName']' in '30' second(s)

2021-11-11 09:50:34 - [MESSAGE][INFO] - Smart Wait Function is triggered

2021-11-11 09:50:34 - [MESSAGE][INFO] - Found 1 web elements with id: 'Object Repository/Sayfalar/Giris_Sayfasi/Firma_Kodu' located by 'By.xpath: //*[@id = 'AccountName']' in '30' second(s)

2021-11-11 09:50:34 - [MESSAGE][PASSED] - Keys 'ELOGO6' sent to object: 'Object Repository/Sayfalar/Giris_Sayfasi/Firma_Kodu'

2021-11-11 09:50:34 - [TEST_STEP][PASSED] - sendKeys(findTestObject("Sayfalar/Giris_Sayfasi/Sifre"), Sifre): Keys '123456' sent to object: 'Object Repository/Sayfalar/Giris_Sayfasi/Sifre'

2021-11-11 09:50:34 - [MESSAGE][INFO] - Finding Test Object 'Object Repository/Sayfalar/Giris_Sayfasi/Sifre'

2021-11-11 09:50:34 - [MESSAGE][INFO] - Sending keys '123456' to object: 'Object Repository/Sayfalar/Giris_Sayfasi/Sifre'

2021-11-11 09:50:34 - [MESSAGE][INFO] - Finding web element from Test Object's properties

2021-11-11 09:50:34 - [MESSAGE][INFO] - Checking timeout

2021-11-11 09:50:34 - [MESSAGE][INFO] - Finding web element with id: 'Object Repository/Sayfalar/Giris_Sayfasi/Sifre' located by 'By.xpath: //*[@id = 'Password']' in '30' second(s)

2021-11-11 09:50:34 - [MESSAGE][INFO] - Smart Wait Function is triggered

2021-11-11 09:50:34 - [MESSAGE][INFO] - Found 1 web elements with id: 'Object Repository/Sayfalar/Giris_Sayfasi/Sifre' located by 'By.xpath: //*[@id = 'Password']' in '30' second(s)

2021-11-11 09:50:35 - [MESSAGE][PASSED] - Keys '123456' sent to object: 'Object Repository/Sayfalar/Giris_Sayfasi/Sifre'

2021-11-11 09:50:35 - [TEST_STEP][PASSED] - findWebElement(findTestObject("Sayfalar/Giris_Sayfasi/Giris_Butonu")).click(): Found 1 web elements with id: 'Object Repository/Sayfalar/Giris_Sayfasi/Giris_Butonu' located by 'By.cssSelector: #btnLogin' in '30' second(s)

2021-11-11 09:50:35 - [MESSAGE][INFO] - Finding Test Object 'Object Repository/Sayfalar/Giris_Sayfasi/Giris_Butonu'

2021-11-11 09:50:35 - [MESSAGE][INFO] - Finding web element from Test Object's properties

2021-11-11 09:50:35 - [MESSAGE][INFO] - Checking timeout

2021-11-11 09:50:35 - [MESSAGE][INFO] - Finding web element with id: 'Object Repository/Sayfalar/Giris_Sayfasi/Giris_Butonu' located by 'By.cssSelector: #btnLogin' in '30' second(s)

2021-11-11 09:50:35 - [MESSAGE][INFO] - Smart Wait Function is triggered

2021-11-11 09:50:35 - [MESSAGE][INFO] - Found 1 web elements with id: 'Object Repository/Sayfalar/Giris_Sayfasi/Giris_Butonu' located by 'By.cssSelector: #btnLogin' in '30' second(s)

2021-11-11 09:50:38 - [TEST_STEP][PASSED] - if (verifyElementPresent(findTestObject("Object Repository/Sayfalar/Giris_Sayfasi/RetveTamam_Butonu"), 5, OPTIONAL)): null

2021-11-11 09:50:38 - [MESSAGE][INFO] - Finding Test Object 'Object Repository/Sayfalar/Giris_Sayfasi/RetveTamam_Butonu'

2021-11-11 09:50:38 - [MESSAGE][INFO] - Checking object

2021-11-11 09:50:38 - [MESSAGE][INFO] - Finding web element from Test Object's properties

2021-11-11 09:50:38 - [MESSAGE][INFO] - Checking timeout

2021-11-11 09:50:38 - [MESSAGE][INFO] - Finding web element with id: 'Object Repository/Sayfalar/Giris_Sayfasi/RetveTamam_Butonu' located by 'By.xpath: //*[@class = 'btn btn-default']' in '5' second(s)

2021-11-11 09:50:38 - [MESSAGE][INFO] - Smart Wait Function is triggered

2021-11-11 09:50:39 - [MESSAGE][INFO] - Found 1 web elements with id: 'Object Repository/Sayfalar/Giris_Sayfasi/RetveTamam_Butonu' located by 'By.xpath: //*[@class = 'btn btn-default']' in '5' second(s)

2021-11-11 09:50:39 - [MESSAGE][PASSED] - Object 'Object Repository/Sayfalar/Giris_Sayfasi/RetveTamam_Butonu' is present

2021-11-11 09:50:39 - [TEST_STEP][PASSED] - click(findTestObject("Object Repository/Sayfalar/Giris_Sayfasi/RetveTamam_Butonu")): Object: 'Object Repository/Sayfalar/Giris_Sayfasi/RetveTamam_Butonu' is clicked on

2021-11-11 09:50:39 - [MESSAGE][INFO] - Finding Test Object 'Object Repository/Sayfalar/Giris_Sayfasi/RetveTamam_Butonu'

2021-11-11 09:50:39 - [MESSAGE][INFO] - Checking object

2021-11-11 09:50:39 - [MESSAGE][INFO] - Finding web element from Test Object's properties

2021-11-11 09:50:39 - [MESSAGE][INFO] - Checking timeout

2021-11-11 09:50:39 - [MESSAGE][INFO] - Finding web element with id: 'Object Repository/Sayfalar/Giris_Sayfasi/RetveTamam_Butonu' located by 'By.xpath: //*[@class = 'btn btn-default']' in '30' second(s)

2021-11-11 09:50:39 - [MESSAGE][INFO] - Smart Wait Function is triggered

2021-11-11 09:50:39 - [MESSAGE][INFO] - Found 1 web elements with id: 'Object Repository/Sayfalar/Giris_Sayfasi/RetveTamam_Butonu' located by 'By.xpath: //*[@class = 'btn btn-default']' in '30' second(s)

2021-11-11 09:50:39 - [MESSAGE][INFO] - Clicking on object: 'Object Repository/Sayfalar/Giris_Sayfasi/RetveTamam_Butonu'

2021-11-11 09:50:39 - [MESSAGE][PASSED] - Object: 'Object Repository/Sayfalar/Giris_Sayfasi/RetveTamam_Butonu' is clicked on

2021-11-11 09:50:39 - [TEST_STEP][PASSED] - click(findTestObject("Object Repository/Sayfalar/Giris_Sayfasi/RetveTamam_Butonu")): Object: 'Object Repository/Sayfalar/Giris_Sayfasi/RetveTamam_Butonu' is clicked on

2021-11-11 09:50:39 - [MESSAGE][INFO] - Finding Test Object 'Object Repository/Sayfalar/Giris_Sayfasi/RetveTamam_Butonu'

2021-11-11 09:50:39 - [MESSAGE][INFO] - Checking object

2021-11-11 09:50:39 - [MESSAGE][INFO] - Finding web element from Test Object's properties

2021-11-11 09:50:39 - [MESSAGE][INFO] - Checking timeout

2021-11-11 09:50:39 - [MESSAGE][INFO] - Finding web element with id: 'Object Repository/Sayfalar/Giris_Sayfasi/RetveTamam_Butonu' located by 'By.xpath: //*[@class = 'btn btn-default']' in '30' second(s)

2021-11-11 09:50:39 - [MESSAGE][INFO] - Smart Wait Function is triggered

2021-11-11 09:50:42 - [MESSAGE][INFO] - Found 1 web elements with id: 'Object Repository/Sayfalar/Giris_Sayfasi/RetveTamam_Butonu' located by 'By.xpath: //*[@class = 'btn btn-default']' in '30' second(s)

2021-11-11 09:50:42 - [MESSAGE][INFO] - Clicking on object: 'Object Repository/Sayfalar/Giris_Sayfasi/RetveTamam_Butonu'

2021-11-11 09:50:42 - [MESSAGE][PASSED] - Object: 'Object Repository/Sayfalar/Giris_Sayfasi/RetveTamam_Butonu' is clicked on

2021-11-11 09:50:42 - [TEST_STEP][PASSED] - if (verifyElementPresent(findTestObject("Sayfalar/Giris_Sayfasi/PopupOK"), 5, OPTIONAL)): null

2021-11-11 09:50:42 - [MESSAGE][INFO] - Finding Test Object 'Object Repository/Sayfalar/Giris_Sayfasi/PopupOK'

2021-11-11 09:50:42 - [MESSAGE][INFO] - Checking object

2021-11-11 09:50:42 - [MESSAGE][INFO] - Finding web element from Test Object's properties

2021-11-11 09:50:42 - [MESSAGE][INFO] - Checking timeout

2021-11-11 09:50:42 - [MESSAGE][INFO] - Finding web element with id: 'Object Repository/Sayfalar/Giris_Sayfasi/PopupOK' located by 'By.cssSelector: .btn.btn-success' in '5' second(s)

2021-11-11 09:50:42 - [MESSAGE][INFO] - Smart Wait Function is triggered

2021-11-11 09:50:43 - [MESSAGE][INFO] - Found 1 web elements with id: 'Object Repository/Sayfalar/Giris_Sayfasi/PopupOK' located by 'By.cssSelector: .btn.btn-success' in '5' second(s)

2021-11-11 09:50:43 - [MESSAGE][PASSED] - Object 'Object Repository/Sayfalar/Giris_Sayfasi/PopupOK' is present

2021-11-11 09:50:43 - [TEST_STEP][PASSED] - click(findTestObject("Object Repository/Sayfalar/Giris_Sayfasi/PopupCarpiGiris")): Object: 'Object Repository/Sayfalar/Giris_Sayfasi/PopupCarpiGiris' is clicked on

2021-11-11 09:50:43 - [MESSAGE][INFO] - Finding Test Object 'Object Repository/Sayfalar/Giris_Sayfasi/PopupCarpiGiris'

2021-11-11 09:50:43 - [MESSAGE][INFO] - Checking object

2021-11-11 09:50:43 - [MESSAGE][INFO] - Finding web element from Test Object's properties

2021-11-11 09:50:43 - [MESSAGE][INFO] - Checking timeout

2021-11-11 09:50:43 - [MESSAGE][INFO] - Finding web element with id: 'Object Repository/Sayfalar/Giris_Sayfasi/PopupCarpiGiris' located by 'By.cssSelector: .bootbox-close-button.close' in '30' second(s)

2021-11-11 09:50:43 - [MESSAGE][INFO] - Smart Wait Function is triggered

2021-11-11 09:50:43 - [MESSAGE][INFO] - Found 1 web elements with id: 'Object Repository/Sayfalar/Giris_Sayfasi/PopupCarpiGiris' located by 'By.cssSelector: .bootbox-close-button.close' in '30' second(s)

2021-11-11 09:50:43 - [MESSAGE][INFO] - Clicking on object: 'Object Repository/Sayfalar/Giris_Sayfasi/PopupCarpiGiris'

2021-11-11 09:50:43 - [MESSAGE][PASSED] - Object: 'Object Repository/Sayfalar/Giris_Sayfasi/PopupCarpiGiris' is clicked on

2021-11-11 09:50:43 - [TEST_STEP][PASSED] - verifyElementVisible(findTestObject("Object Repository/Kullanici_Islemleri/KullaniciIslemleri")): Object 'Object Repository/Kullanici_Islemleri/KullaniciIslemleri' is visible

2021-11-11 09:50:43 - [MESSAGE][INFO] - Finding Test Object 'Object Repository/Kullanici_Islemleri/KullaniciIslemleri'

2021-11-11 09:50:43 - [MESSAGE][INFO] - Checking object

2021-11-11 09:50:43 - [MESSAGE][INFO] - Finding web element from Test Object's properties

2021-11-11 09:50:43 - [MESSAGE][INFO] - Checking timeout

2021-11-11 09:50:43 - [MESSAGE][INFO] - Finding web element with id: 'Object Repository/Kullanici_Islemleri/KullaniciIslemleri' located by 'By.cssSelector: .dropdown>a>img' in '30' second(s)

2021-11-11 09:50:43 - [MESSAGE][INFO] - Smart Wait Function is triggered

2021-11-11 09:50:44 - [MESSAGE][INFO] - Found 1 web elements with id: 'Object Repository/Kullanici_Islemleri/KullaniciIslemleri' located by 'By.cssSelector: .dropdown>a>img' in '30' second(s)

2021-11-11 09:50:44 - [MESSAGE][PASSED] - Object 'Object Repository/Kullanici_Islemleri/KullaniciIslemleri' is visible

2021-11-11 09:50:44 - [MESSAGE][PASSED] - Call Test Case 'Test Cases/Sayfalar/Giris_Sayfasi/Login' successfully

2021-11-11 09:50:44 - [MESSAGE][INFO] - Checking called Test Case

2021-11-11 09:50:44 - [MESSAGE][INFO] - Starting to call Test Case 'Test Cases/Menu/AnaMenuSecimi'

2021-11-11 09:50:44 - [TEST_CASE][PASSED] - Test Cases/Menu/AnaMenuSecimi: Test Cases/Menu/AnaMenuSecimi

2021-11-11 09:50:44 - [TEST_STEP][PASSED] - Method.TextDegerineEsitElementeTikla(findTestObject("Menu/Ana_Menu"), Ana_Menu): Method.TextDegerineEsitElementeTikla is PASSED

2021-11-11 09:50:44 - [MESSAGE][INFO] - Finding Test Object 'Object Repository/Menu/Ana_Menu'

2021-11-11 09:50:45 - [MESSAGE][INFO] - Checking timeout

2021-11-11 09:50:45 - [MESSAGE][INFO] - Finding web element with id: 'Object Repository/Menu/Ana_Menu' located by 'By.xpath: //*[@class = 'dropdown-toggle']' in '10' second(s)

2021-11-11 09:50:45 - [MESSAGE][INFO] - Smart Wait Function is triggered

2021-11-11 09:50:45 - [MESSAGE][INFO] - Found 14 web elements with id: 'Object Repository/Menu/Ana_Menu' located by 'By.xpath: //*[@class = 'dropdown-toggle']' in '10' second(s)

2021-11-11 09:50:45 - [MESSAGE][PASSED] - Method.TextDegerineEsitElementeTikla is PASSED

2021-11-11 09:50:45 - [MESSAGE][PASSED] - Call Test Case 'Test Cases/Menu/AnaMenuSecimi' successfully

2021-11-11 09:50:45 - [MESSAGE][INFO] - Checking called Test Case

2021-11-11 09:50:45 - [MESSAGE][INFO] - Starting to call Test Case 'Test Cases/Menu/AltMenuSecimi'

2021-11-11 09:50:45 - [TEST_CASE][PASSED] - Test Cases/Menu/AltMenuSecimi: Test Cases/Menu/AltMenuSecimi

2021-11-11 09:50:45 - [TEST_STEP][PASSED] - Method.TextDegerineEsitElementeTikla(findTestObject("Menu/Alt_Menu"), Alt_Menu): Method.TextDegerineEsitElementeTikla is PASSED

2021-11-11 09:50:45 - [MESSAGE][INFO] - Finding Test Object 'Object Repository/Menu/Alt_Menu'

2021-11-11 09:50:45 - [MESSAGE][INFO] - Checking timeout

2021-11-11 09:50:45 - [MESSAGE][INFO] - Finding web element with id: 'Object Repository/Menu/Alt_Menu' located by 'By.xpath: //li[@class='dropdown dropdown-large open']//li[@class='dropdown-element']' in '10' second(s)

2021-11-11 09:50:45 - [MESSAGE][INFO] - Smart Wait Function is triggered

2021-11-11 09:50:46 - [MESSAGE][INFO] - Found 2 web elements with id: 'Object Repository/Menu/Alt_Menu' located by 'By.xpath: //li[@class='dropdown dropdown-large open']//li[@class='dropdown-element']' in '10' second(s)

2021-11-11 09:50:48 - [MESSAGE][PASSED] - Method.TextDegerineEsitElementeTikla is PASSED

2021-11-11 09:50:48 - [MESSAGE][PASSED] - Call Test Case 'Test Cases/Menu/AltMenuSecimi' successfully

2021-11-11 09:50:48 - [MESSAGE][INFO] - Checking called Test Case

2021-11-11 09:50:48 - [MESSAGE][INFO] - Starting to call Test Case 'Test Cases/Filtreler/BaslangicYaz'

2021-11-11 09:50:48 - [TEST_CASE][PASSED] - Test Cases/Filtreler/BaslangicYaz: Test Cases/Filtreler/BaslangicYaz

2021-11-11 09:50:48 - [TEST_STEP][PASSED] - Method.TextDegerineEsitElementinAltindakineTikla(findTestObject("Filtreler/Basliklar"), findTestObject("Filtreler/Basliga_Gore_Baslangic_Image"), Filtre_Adi): Method.TextDegerineEsitElementinAltindakineTikla is PASSED

2021-11-11 09:50:48 - [MESSAGE][INFO] - Finding Test Object 'Object Repository/Filtreler/Basliklar'

2021-11-11 09:50:48 - [MESSAGE][INFO] - Finding Test Object 'Object Repository/Filtreler/Basliga_Gore_Baslangic_Image'

2021-11-11 09:50:48 - [MESSAGE][INFO] - Checking timeout

2021-11-11 09:50:48 - [MESSAGE][INFO] - Finding web element with id: 'Object Repository/Filtreler/Basliklar' located by 'By.cssSelector: .control-label.col-sm-4.paddingMarginRLC' in '10' second(s)

2021-11-11 09:50:48 - [MESSAGE][INFO] - Smart Wait Function is triggered

2021-11-11 09:50:48 - [MESSAGE][INFO] - Found 8 web elements with id: 'Object Repository/Filtreler/Basliklar' located by 'By.cssSelector: .control-label.col-sm-4.paddingMarginRLC' in '10' second(s)

2021-11-11 09:50:48 - [MESSAGE][INFO] - Smart Wait Function is triggered

2021-11-11 09:50:48 - [MESSAGE][PASSED] - Method.TextDegerineEsitElementinAltindakineTikla is PASSED

2021-11-11 09:50:48 - [TEST_STEP][PASSED] - Method.TextDegerineEsitElementinAltindakiTextboxtaYaz(findTestObject("Filtreler/Basliklar"), findTestObject("Filtreler/Basliga_Gore_Baslangic"), Filtre_Adi, Filtre_Degeri): Method.TextDegerineEsitElementinAltindakiTextboxtaYaz is PASSED

2021-11-11 09:50:48 - [MESSAGE][INFO] - Finding Test Object 'Object Repository/Filtreler/Basliklar'

2021-11-11 09:50:48 - [MESSAGE][INFO] - Finding Test Object 'Object Repository/Filtreler/Basliga_Gore_Baslangic'

2021-11-11 09:50:49 - [MESSAGE][INFO] - Checking timeout

2021-11-11 09:50:49 - [MESSAGE][INFO] - Finding web element with id: 'Object Repository/Filtreler/Basliklar' located by 'By.cssSelector: .control-label.col-sm-4.paddingMarginRLC' in '10' second(s)

2021-11-11 09:50:49 - [MESSAGE][INFO] - Smart Wait Function is triggered

2021-11-11 09:50:49 - [MESSAGE][INFO] - Found 8 web elements with id: 'Object Repository/Filtreler/Basliklar' located by 'By.cssSelector: .control-label.col-sm-4.paddingMarginRLC' in '10' second(s)

2021-11-11 09:50:49 - [MESSAGE][INFO] - Smart Wait Function is triggered

2021-11-11 09:50:49 - [MESSAGE][PASSED] - Method.TextDegerineEsitElementinAltindakiTextboxtaYaz is PASSED

2021-11-11 09:50:49 - [MESSAGE][PASSED] - Call Test Case 'Test Cases/Filtreler/BaslangicYaz' successfully

2021-11-11 09:50:49 - [MESSAGE][INFO] - Checking called Test Case

2021-11-11 09:50:49 - [MESSAGE][INFO] - Starting to call Test Case 'Test Cases/Filtreler/BitisYaz'

2021-11-11 09:50:49 - [TEST_CASE][PASSED] - Test Cases/Filtreler/BitisYaz: Test Cases/Filtreler/BitisYaz

2021-11-11 09:50:49 - [TEST_STEP][PASSED] - Method.TextDegerineEsitElementinAltindakineTikla(findTestObject("Filtreler/Basliklar"), findTestObject("Filtreler/Basliga_Gore_Bitis_Image"), Filtre_Adi): Method.TextDegerineEsitElementinAltindakineTikla is PASSED

2021-11-11 09:50:49 - [MESSAGE][INFO] - Finding Test Object 'Object Repository/Filtreler/Basliklar'

2021-11-11 09:50:49 - [MESSAGE][INFO] - Finding Test Object 'Object Repository/Filtreler/Basliga_Gore_Bitis_Image'

2021-11-11 09:50:50 - [MESSAGE][INFO] - Checking timeout

2021-11-11 09:50:50 - [MESSAGE][INFO] - Finding web element with id: 'Object Repository/Filtreler/Basliklar' located by 'By.cssSelector: .control-label.col-sm-4.paddingMarginRLC' in '10' second(s)

2021-11-11 09:50:50 - [MESSAGE][INFO] - Smart Wait Function is triggered

2021-11-11 09:50:50 - [MESSAGE][INFO] - Found 8 web elements with id: 'Object Repository/Filtreler/Basliklar' located by 'By.cssSelector: .control-label.col-sm-4.paddingMarginRLC' in '10' second(s)

2021-11-11 09:50:50 - [MESSAGE][INFO] - Smart Wait Function is triggered

2021-11-11 09:50:50 - [MESSAGE][PASSED] - Method.TextDegerineEsitElementinAltindakineTikla is PASSED

2021-11-11 09:50:50 - [TEST_STEP][PASSED] - Method.TextDegerineEsitElementinAltindakiTextboxtaYaz(findTestObject("Filtreler/Basliklar"), findTestObject("Object Repository/Filtreler/Basliga_Gore_Bitis"), Filtre_Adi, Filtre_Degeri): Method.TextDegerineEsitElementinAltindakiTextboxtaYaz is PASSED

2021-11-11 09:50:50 - [MESSAGE][INFO] - Finding Test Object 'Object Repository/Filtreler/Basliklar'

2021-11-11 09:50:50 - [MESSAGE][INFO] - Finding Test Object 'Object Repository/Filtreler/Basliga_Gore_Bitis'

2021-11-11 09:50:50 - [MESSAGE][INFO] - Checking timeout

2021-11-11 09:50:50 - [MESSAGE][INFO] - Finding web element with id: 'Object Repository/Filtreler/Basliklar' located by 'By.cssSelector: .control-label.col-sm-4.paddingMarginRLC' in '10' second(s)

2021-11-11 09:50:50 - [MESSAGE][INFO] - Smart Wait Function is triggered

2021-11-11 09:50:51 - [MESSAGE][INFO] - Found 8 web elements with id: 'Object Repository/Filtreler/Basliklar' located by 'By.cssSelector: .control-label.col-sm-4.paddingMarginRLC' in '10' second(s)

2021-11-11 09:50:51 - [MESSAGE][INFO] - Smart Wait Function is triggered

2021-11-11 09:50:51 - [MESSAGE][PASSED] - Method.TextDegerineEsitElementinAltindakiTextboxtaYaz is PASSED

2021-11-11 09:50:51 - [MESSAGE][PASSED] - Call Test Case 'Test Cases/Filtreler/BitisYaz' successfully

2021-11-11 09:50:51 - [MESSAGE][INFO] - Checking called Test Case

2021-11-11 09:50:51 - [MESSAGE][INFO] - Starting to call Test Case 'Test Cases/Filtreler/TexboxaYaz'

2021-11-11 09:50:51 - [TEST_CASE][PASSED] - Test Cases/Filtreler/TexboxaYaz: Test Cases/Filtreler/TexboxaYaz

2021-11-11 09:50:51 - [TEST_STEP][PASSED] - Method.TextDegerineEsitElementinAltindakiTextboxtaYaz(findTestObject("Filtreler/Basliklar"), findTestObject("Filtreler/Basliga_Gore_Textbox"), Filtre_Adi, Filtre_Degeri): Method.TextDegerineEsitElementinAltindakiTextboxtaYaz is PASSED

2021-11-11 09:50:51 - [MESSAGE][INFO] - Finding Test Object 'Object Repository/Filtreler/Basliklar'

2021-11-11 09:50:51 - [MESSAGE][INFO] - Finding Test Object 'Object Repository/Filtreler/Basliga_Gore_Textbox'

2021-11-11 09:50:52 - [MESSAGE][INFO] - Checking timeout

2021-11-11 09:50:52 - [MESSAGE][INFO] - Finding web element with id: 'Object Repository/Filtreler/Basliklar' located by 'By.cssSelector: .control-label.col-sm-4.paddingMarginRLC' in '10' second(s)

2021-11-11 09:50:52 - [MESSAGE][INFO] - Smart Wait Function is triggered

2021-11-11 09:50:52 - [MESSAGE][INFO] - Found 8 web elements with id: 'Object Repository/Filtreler/Basliklar' located by 'By.cssSelector: .control-label.col-sm-4.paddingMarginRLC' in '10' second(s)

2021-11-11 09:50:52 - [MESSAGE][INFO] - Smart Wait Function is triggered

2021-11-11 09:50:52 - [MESSAGE][PASSED] - Method.TextDegerineEsitElementinAltindakiTextboxtaYaz is PASSED

2021-11-11 09:50:52 - [MESSAGE][PASSED] - Call Test Case 'Test Cases/Filtreler/TexboxaYaz' successfully

2021-11-11 09:50:52 - [MESSAGE][INFO] - Checking called Test Case

2021-11-11 09:50:52 - [MESSAGE][INFO] - Starting to call Test Case 'Test Cases/Filtreler/ButonaTikla'

2021-11-11 09:50:52 - [TEST_CASE][PASSED] - Test Cases/Filtreler/ButonaTikla: Test Cases/Filtreler/ButonaTikla

2021-11-11 09:50:52 - [TEST_STEP][PASSED] - Method.TextDegerineEsitElementeTikla(findTestObject("Filtreler/Butonlar"), Filtre_Buton): Method.TextDegerineEsitElementeTikla is PASSED

2021-11-11 09:50:52 - [MESSAGE][INFO] - Finding Test Object 'Object Repository/Filtreler/Butonlar'

2021-11-11 09:50:52 - [MESSAGE][INFO] - Checking timeout

2021-11-11 09:50:52 - [MESSAGE][INFO] - Finding web element with id: 'Object Repository/Filtreler/Butonlar' located by 'By.cssSelector: .dxb>span' in '10' second(s)

2021-11-11 09:50:52 - [MESSAGE][INFO] - Smart Wait Function is triggered

2021-11-11 09:50:53 - [MESSAGE][INFO] - Found 3 web elements with id: 'Object Repository/Filtreler/Butonlar' located by 'By.cssSelector: .dxb>span' in '10' second(s)

2021-11-11 09:50:53 - [MESSAGE][PASSED] - Method.TextDegerineEsitElementeTikla is PASSED

2021-11-11 09:50:53 - [MESSAGE][PASSED] - Call Test Case 'Test Cases/Filtreler/ButonaTikla' successfully

2021-11-11 09:50:53 - [MESSAGE][INFO] - Checking called Test Case

2021-11-11 09:50:53 - [MESSAGE][INFO] - Starting to call Test Case 'Test Cases/Tablo/TablodaVeriVarMi'

2021-11-11 09:50:53 - [TEST_CASE][PASSED] - Test Cases/Tablo/TablodaVeriVarMi: Test Cases/Tablo/TablodaVeriVarMi

2021-11-11 09:50:53 - [TEST_STEP][PASSED] - verifyTextNotPresent("Görüntülenecek veri yok", true): Text 'Görüntülenecek veri yok' is not present on page using regular expression

2021-11-11 09:50:53 - [MESSAGE][INFO] - Checking text present  using regular expression

2021-11-11 09:50:53 - [MESSAGE][INFO] - Smart Wait Function is triggered

2021-11-11 09:50:54 - [MESSAGE][INFO] - Finding text 'Görüntülenecek veri yok' on page  using regular expression

2021-11-11 09:50:54 - [MESSAGE][PASSED] - Text 'Görüntülenecek veri yok' is not present on page using regular expression

2021-11-11 09:50:54 - [MESSAGE][PASSED] - Call Test Case 'Test Cases/Tablo/TablodaVeriVarMi' successfully

2021-11-11 09:50:54 - [MESSAGE][INFO] - Checking called Test Case

2021-11-11 09:50:54 - [MESSAGE][INFO] - Starting to call Test Case 'Test Cases/Tablo/TablodanVeriSec'

2021-11-11 09:50:54 - [TEST_CASE][PASSED] - Test Cases/Tablo/TablodanVeriSec: Test Cases/Tablo/TablodanVeriSec

2021-11-11 09:50:54 - [TEST_STEP][PASSED] - Method.TextDegerineEsitElementinAltindakineTikla(findTestObject("Tablo/Veriler"), findTestObject("Tablo/VerininCheckBoxi"), Veri_Adi): Method.TextDegerineEsitElementinAltindakineTikla is PASSED

2021-11-11 09:50:54 - [MESSAGE][INFO] - Finding Test Object 'Object Repository/Tablo/Veriler'

2021-11-11 09:50:54 - [MESSAGE][INFO] - Finding Test Object 'Object Repository/Tablo/VerininCheckBoxi'

2021-11-11 09:50:54 - [MESSAGE][INFO] - Checking timeout

2021-11-11 09:50:54 - [MESSAGE][INFO] - Finding web element with id: 'Object Repository/Tablo/Veriler' located by 'By.cssSelector: td.dxgv b ,td.dxgv' in '10' second(s)

2021-11-11 09:50:54 - [MESSAGE][INFO] - Smart Wait Function is triggered

2021-11-11 09:50:54 - [MESSAGE][INFO] - Found 110 web elements with id: 'Object Repository/Tablo/Veriler' located by 'By.cssSelector: td.dxgv b ,td.dxgv' in '10' second(s)

2021-11-11 09:50:54 - [MESSAGE][INFO] - Smart Wait Function is triggered

2021-11-11 09:50:55 - [MESSAGE][PASSED] - Method.TextDegerineEsitElementinAltindakineTikla is PASSED

2021-11-11 09:50:55 - [MESSAGE][PASSED] - Call Test Case 'Test Cases/Tablo/TablodanVeriSec' successfully

2021-11-11 09:50:55 - [MESSAGE][INFO] - Checking called Test Case

2021-11-11 09:50:55 - [MESSAGE][INFO] - Starting to call Test Case 'Test Cases/Butonlar/ButonaTikla'

2021-11-11 09:50:55 - [TEST_CASE][PASSED] - Test Cases/Butonlar/ButonaTikla: Test Cases/Butonlar/ButonaTikla

2021-11-11 09:50:55 - [TEST_STEP][PASSED] - Method.TextDegerineEsitElementeTiklaEquals(findTestObject("Butonlar/Butonlar"), Buton_Adi): Method.TextDegerineEsitElementeTiklaEquals is PASSED

2021-11-11 09:50:55 - [MESSAGE][INFO] - Finding Test Object 'Object Repository/Butonlar/Butonlar'

2021-11-11 09:50:55 - [MESSAGE][INFO] - Checking timeout

2021-11-11 09:50:55 - [MESSAGE][INFO] - Finding web element with id: 'Object Repository/Butonlar/Butonlar' located by 'By.cssSelector: .panel.panel-default.text-center.footerPanel .btn,.btn.btn-primary.btnControls' in '10' second(s)

2021-11-11 09:50:55 - [MESSAGE][INFO] - Smart Wait Function is triggered

2021-11-11 09:50:55 - [MESSAGE][INFO] - Found 5 web elements with id: 'Object Repository/Butonlar/Butonlar' located by 'By.cssSelector: .panel.panel-default.text-center.footerPanel .btn,.btn.btn-primary.btnControls' in '10' second(s)

2021-11-11 09:50:55 - [MESSAGE][PASSED] - Method.TextDegerineEsitElementeTiklaEquals is PASSED

2021-11-11 09:50:55 - [MESSAGE][PASSED] - Call Test Case 'Test Cases/Butonlar/ButonaTikla' successfully

2021-11-11 09:50:55 - [MESSAGE][INFO] - Checking called Test Case

2021-11-11 09:50:55 - [MESSAGE][INFO] - Starting to call Test Case 'Test Cases/Butonlar/AltButonaTikla'

2021-11-11 09:50:55 - [TEST_CASE][PASSED] - Test Cases/Butonlar/AltButonaTikla: Test Cases/Butonlar/AltButonaTikla

2021-11-11 09:50:55 - [TEST_STEP][PASSED] - Method.TextDegerineEsitElementeTikla(findTestObject("Butonlar/AltButonlar"), Alt_Buton): Method.TextDegerineEsitElementeTikla is PASSED

2021-11-11 09:50:55 - [MESSAGE][INFO] - Finding Test Object 'Object Repository/Butonlar/AltButonlar'

2021-11-11 09:50:55 - [MESSAGE][INFO] - Checking timeout

2021-11-11 09:50:55 - [MESSAGE][INFO] - Finding web element with id: 'Object Repository/Butonlar/AltButonlar' located by 'By.cssSelector: .btn-group.open li>a' in '10' second(s)

2021-11-11 09:50:55 - [MESSAGE][INFO] - Smart Wait Function is triggered

2021-11-11 09:50:56 - [MESSAGE][INFO] - Found 2 web elements with id: 'Object Repository/Butonlar/AltButonlar' located by 'By.cssSelector: .btn-group.open li>a' in '10' second(s)

2021-11-11 09:50:56 - [MESSAGE][PASSED] - Method.TextDegerineEsitElementeTikla is PASSED

2021-11-11 09:50:56 - [MESSAGE][PASSED] - Call Test Case 'Test Cases/Butonlar/AltButonaTikla' successfully

2021-11-11 09:50:56 - [MESSAGE][INFO] - Checking called Test Case

2021-11-11 09:50:56 - [MESSAGE][INFO] - Starting to call Test Case 'Test Cases/Popup/PopupMesajiIceriyorMu'

2021-11-11 09:50:56 - [TEST_CASE][PASSED] - Test Cases/Popup/PopupMesajiIceriyorMu: Test Cases/Popup/PopupMesajiIceriyorMu

2021-11-11 09:50:56 - [TEST_STEP][PASSED] - waitForElementVisible(findTestObject("Popup/Popup"), 10): Object 'Object Repository/Popup/Popup' is visible

2021-11-11 09:50:56 - [MESSAGE][INFO] - Finding Test Object 'Object Repository/Popup/Popup'

2021-11-11 09:50:56 - [MESSAGE][INFO] - Checking object

2021-11-11 09:50:56 - [MESSAGE][INFO] - Checking timeout

2021-11-11 09:50:56 - [MESSAGE][INFO] - Finding web element from Test Object's properties

2021-11-11 09:50:56 - [MESSAGE][INFO] - Checking timeout

2021-11-11 09:50:56 - [MESSAGE][INFO] - Finding web element with id: 'Object Repository/Popup/Popup' located by 'By.cssSelector: .bootbox-body' in '10' second(s)

2021-11-11 09:50:56 - [MESSAGE][INFO] - Smart Wait Function is triggered

2021-11-11 09:50:57 - [MESSAGE][INFO] - Found 1 web elements with id: 'Object Repository/Popup/Popup' located by 'By.cssSelector: .bootbox-body' in '10' second(s)

2021-11-11 09:50:57 - [MESSAGE][PASSED] - Object 'Object Repository/Popup/Popup' is visible

2021-11-11 09:50:57 - [TEST_STEP][PASSED] - if (!(getText(findTestObject("Popup/Popup")).contains(Mesaj))): Text of object 'Object Repository/Popup/Popup' is: 'Lütfen rapor bildiriminin gönderileceği e-posta adresini belirtiniz.
e-Posta Adresi'

2021-11-11 09:50:57 - [MESSAGE][INFO] - Finding Test Object 'Object Repository/Popup/Popup'

2021-11-11 09:50:57 - [MESSAGE][INFO] - Checking object

2021-11-11 09:50:57 - [MESSAGE][INFO] - Finding web element from Test Object's properties

2021-11-11 09:50:57 - [MESSAGE][INFO] - Checking timeout

2021-11-11 09:50:57 - [MESSAGE][INFO] - Finding web element with id: 'Object Repository/Popup/Popup' located by 'By.cssSelector: .bootbox-body' in '30' second(s)

2021-11-11 09:50:57 - [MESSAGE][INFO] - Smart Wait Function is triggered

2021-11-11 09:50:57 - [MESSAGE][INFO] - Found 1 web elements with id: 'Object Repository/Popup/Popup' located by 'By.cssSelector: .bootbox-body' in '30' second(s)

2021-11-11 09:50:57 - [MESSAGE][INFO] - Getting text of object 'Object Repository/Popup/Popup'

2021-11-11 09:50:57 - [MESSAGE][PASSED] - Text of object 'Object Repository/Popup/Popup' is: 'Lütfen rapor bildiriminin gönderileceği e-posta adresini belirtiniz.
e-Posta Adresi'

2021-11-11 09:50:57 - [TEST_STEP][PASSED] - RaporNo = getText(findTestObject("Popup/Popup")).substring(0, 6): Text of object 'Object Repository/Popup/Popup' is: 'Lütfen rapor bildiriminin gönderileceği e-posta adresini belirtiniz.
e-Posta Adresi'

2021-11-11 09:50:57 - [MESSAGE][INFO] - Finding Test Object 'Object Repository/Popup/Popup'

2021-11-11 09:50:57 - [MESSAGE][INFO] - Checking object

2021-11-11 09:50:57 - [MESSAGE][INFO] - Finding web element from Test Object's properties

2021-11-11 09:50:57 - [MESSAGE][INFO] - Checking timeout

2021-11-11 09:50:57 - [MESSAGE][INFO] - Finding web element with id: 'Object Repository/Popup/Popup' located by 'By.cssSelector: .bootbox-body' in '30' second(s)

2021-11-11 09:50:57 - [MESSAGE][INFO] - Smart Wait Function is triggered

2021-11-11 09:50:58 - [MESSAGE][INFO] - Found 1 web elements with id: 'Object Repository/Popup/Popup' located by 'By.cssSelector: .bootbox-body' in '30' second(s)

2021-11-11 09:50:58 - [MESSAGE][INFO] - Getting text of object 'Object Repository/Popup/Popup'

2021-11-11 09:50:58 - [MESSAGE][PASSED] - Text of object 'Object Repository/Popup/Popup' is: 'Lütfen rapor bildiriminin gönderileceği e-posta adresini belirtiniz.
e-Posta Adresi'

2021-11-11 09:50:58 - [TEST_STEP][PASSED] - Console.println(RaporNo): null

2021-11-11 09:50:58 - [MESSAGE][PASSED] - Call Test Case 'Test Cases/Popup/PopupMesajiIceriyorMu' successfully

2021-11-11 09:50:58 - [MESSAGE][INFO] - Checking called Test Case

2021-11-11 09:50:58 - [MESSAGE][INFO] - Starting to call Test Case 'Test Cases/Popup/PopupButonSecilir'

2021-11-11 09:50:58 - [TEST_CASE][PASSED] - Test Cases/Popup/PopupButonSecilir: Test Cases/Popup/PopupButonSecilir

2021-11-11 09:50:58 - [TEST_STEP][PASSED] - Method.TextDegerineEsitElementeTikla(findTestObject("Popup/Popup_Butons"), Buton): Method.TextDegerineEsitElementeTikla is PASSED

2021-11-11 09:50:58 - [MESSAGE][INFO] - Finding Test Object 'Object Repository/Popup/Popup_Butons'

2021-11-11 09:50:58 - [MESSAGE][INFO] - Checking timeout

2021-11-11 09:50:58 - [MESSAGE][INFO] - Finding web element with id: 'Object Repository/Popup/Popup_Butons' located by 'By.cssSelector: .modal-footer>button' in '10' second(s)

2021-11-11 09:50:58 - [MESSAGE][INFO] - Smart Wait Function is triggered

2021-11-11 09:50:58 - [MESSAGE][INFO] - Found 2 web elements with id: 'Object Repository/Popup/Popup_Butons' located by 'By.cssSelector: .modal-footer>button' in '10' second(s)

2021-11-11 09:50:58 - [MESSAGE][PASSED] - Method.TextDegerineEsitElementeTikla is PASSED

2021-11-11 09:50:58 - [MESSAGE][PASSED] - Call Test Case 'Test Cases/Popup/PopupButonSecilir' successfully

2021-11-11 09:50:58 - [MESSAGE][INFO] - Checking called Test Case

2021-11-11 09:50:58 - [MESSAGE][INFO] - Starting to call Test Case 'Test Cases/Popup/PopupMesajiIceriyorMu'

2021-11-11 09:50:58 - [TEST_CASE][PASSED] - Test Cases/Popup/PopupMesajiIceriyorMu: Test Cases/Popup/PopupMesajiIceriyorMu

2021-11-11 09:50:58 - [TEST_STEP][PASSED] - waitForElementVisible(findTestObject("Popup/Popup"), 10): Object 'Object Repository/Popup/Popup' is visible

2021-11-11 09:50:58 - [MESSAGE][INFO] - Finding Test Object 'Object Repository/Popup/Popup'

2021-11-11 09:50:58 - [MESSAGE][INFO] - Checking object

2021-11-11 09:50:58 - [MESSAGE][INFO] - Checking timeout

2021-11-11 09:50:58 - [MESSAGE][INFO] - Finding web element from Test Object's properties

2021-11-11 09:50:58 - [MESSAGE][INFO] - Checking timeout

2021-11-11 09:50:58 - [MESSAGE][INFO] - Finding web element with id: 'Object Repository/Popup/Popup' located by 'By.cssSelector: .bootbox-body' in '10' second(s)

2021-11-11 09:50:58 - [MESSAGE][INFO] - Smart Wait Function is triggered

2021-11-11 09:50:59 - [MESSAGE][INFO] - Found 1 web elements with id: 'Object Repository/Popup/Popup' located by 'By.cssSelector: .bootbox-body' in '10' second(s)

2021-11-11 09:50:59 - [MESSAGE][PASSED] - Object 'Object Repository/Popup/Popup' is visible

2021-11-11 09:50:59 - [TEST_STEP][PASSED] - if (!(getText(findTestObject("Popup/Popup")).contains(Mesaj))): Text of object 'Object Repository/Popup/Popup' is: '16289 no’lu talebiniz işleme alınmıştır. Raporunuz hazırlandığında (elogotest@gmail.com) adresinize mail gönderilecektir.
Rapor durumunuzu Raporlar > Toplu Veri İndirme ekranından takip edebilir, hazırlandı durumundaki raporlarınızı ilgili menüden indirebilirsiniz.'

2021-11-11 09:50:59 - [MESSAGE][INFO] - Finding Test Object 'Object Repository/Popup/Popup'

2021-11-11 09:50:59 - [MESSAGE][INFO] - Checking object

2021-11-11 09:50:59 - [MESSAGE][INFO] - Finding web element from Test Object's properties

2021-11-11 09:50:59 - [MESSAGE][INFO] - Checking timeout

2021-11-11 09:50:59 - [MESSAGE][INFO] - Finding web element with id: 'Object Repository/Popup/Popup' located by 'By.cssSelector: .bootbox-body' in '30' second(s)

2021-11-11 09:50:59 - [MESSAGE][INFO] - Smart Wait Function is triggered

2021-11-11 09:50:59 - [MESSAGE][INFO] - Found 1 web elements with id: 'Object Repository/Popup/Popup' located by 'By.cssSelector: .bootbox-body' in '30' second(s)

2021-11-11 09:50:59 - [MESSAGE][INFO] - Getting text of object 'Object Repository/Popup/Popup'

2021-11-11 09:50:59 - [MESSAGE][PASSED] - Text of object 'Object Repository/Popup/Popup' is: '16289 no’lu talebiniz işleme alınmıştır. Raporunuz hazırlandığında (elogotest@gmail.com) adresinize mail gönderilecektir.
Rapor durumunuzu Raporlar > Toplu Veri İndirme ekranından takip edebilir, hazırlandı durumundaki raporlarınızı ilgili menüden indirebilirsiniz.'

2021-11-11 09:50:59 - [TEST_STEP][PASSED] - RaporNo = getText(findTestObject("Popup/Popup")).substring(0, 6): Text of object 'Object Repository/Popup/Popup' is: '16289 no’lu talebiniz işleme alınmıştır. Raporunuz hazırlandığında (elogotest@gmail.com) adresinize mail gönderilecektir.
Rapor durumunuzu Raporlar > Toplu Veri İndirme ekranından takip edebilir, hazırlandı durumundaki raporlarınızı ilgili menüden indirebilirsiniz.'

2021-11-11 09:50:59 - [MESSAGE][INFO] - Finding Test Object 'Object Repository/Popup/Popup'

2021-11-11 09:51:00 - [MESSAGE][INFO] - Checking object

2021-11-11 09:51:00 - [MESSAGE][INFO] - Finding web element from Test Object's properties

2021-11-11 09:51:00 - [MESSAGE][INFO] - Checking timeout

2021-11-11 09:51:00 - [MESSAGE][INFO] - Finding web element with id: 'Object Repository/Popup/Popup' located by 'By.cssSelector: .bootbox-body' in '30' second(s)

2021-11-11 09:51:00 - [MESSAGE][INFO] - Smart Wait Function is triggered

2021-11-11 09:51:00 - [MESSAGE][INFO] - Found 1 web elements with id: 'Object Repository/Popup/Popup' located by 'By.cssSelector: .bootbox-body' in '30' second(s)

2021-11-11 09:51:00 - [MESSAGE][INFO] - Getting text of object 'Object Repository/Popup/Popup'

2021-11-11 09:51:00 - [MESSAGE][PASSED] - Text of object 'Object Repository/Popup/Popup' is: '16289 no’lu talebiniz işleme alınmıştır. Raporunuz hazırlandığında (elogotest@gmail.com) adresinize mail gönderilecektir.
Rapor durumunuzu Raporlar > Toplu Veri İndirme ekranından takip edebilir, hazırlandı durumundaki raporlarınızı ilgili menüden indirebilirsiniz.'

2021-11-11 09:51:00 - [TEST_STEP][PASSED] - Console.println(RaporNo): null

2021-11-11 09:51:00 - [MESSAGE][PASSED] - Call Test Case 'Test Cases/Popup/PopupMesajiIceriyorMu' successfully

2021-11-11 09:51:00 - [MESSAGE][INFO] - Checking called Test Case

2021-11-11 09:51:00 - [MESSAGE][INFO] - Starting to call Test Case 'Test Cases/Popup/PopupButonSecilir'

2021-11-11 09:51:00 - [TEST_CASE][PASSED] - Test Cases/Popup/PopupButonSecilir: Test Cases/Popup/PopupButonSecilir

2021-11-11 09:51:00 - [TEST_STEP][PASSED] - Method.TextDegerineEsitElementeTikla(findTestObject("Popup/Popup_Butons"), Buton): Method.TextDegerineEsitElementeTikla is PASSED

2021-11-11 09:51:00 - [MESSAGE][INFO] - Finding Test Object 'Object Repository/Popup/Popup_Butons'

2021-11-11 09:51:00 - [MESSAGE][INFO] - Checking timeout

2021-11-11 09:51:00 - [MESSAGE][INFO] - Finding web element with id: 'Object Repository/Popup/Popup_Butons' located by 'By.cssSelector: .modal-footer>button' in '10' second(s)

2021-11-11 09:51:00 - [MESSAGE][INFO] - Smart Wait Function is triggered

2021-11-11 09:51:00 - [MESSAGE][INFO] - Found 1 web elements with id: 'Object Repository/Popup/Popup_Butons' located by 'By.cssSelector: .modal-footer>button' in '10' second(s)

2021-11-11 09:51:00 - [MESSAGE][PASSED] - Method.TextDegerineEsitElementeTikla is PASSED

2021-11-11 09:51:00 - [MESSAGE][PASSED] - Call Test Case 'Test Cases/Popup/PopupButonSecilir' successfully

2021-11-11 09:51:00 - [MESSAGE][INFO] - Checking called Test Case

2021-11-11 09:51:00 - [MESSAGE][INFO] - Starting to call Test Case 'Test Cases/Butonlar/ButonaTikla'

2021-11-11 09:51:00 - [TEST_CASE][PASSED] - Test Cases/Butonlar/ButonaTikla: Test Cases/Butonlar/ButonaTikla

2021-11-11 09:51:00 - [TEST_STEP][PASSED] - Method.TextDegerineEsitElementeTiklaEquals(findTestObject("Butonlar/Butonlar"), Buton_Adi): Method.TextDegerineEsitElementeTiklaEquals is PASSED

2021-11-11 09:51:00 - [MESSAGE][INFO] - Finding Test Object 'Object Repository/Butonlar/Butonlar'

2021-11-11 09:51:01 - [MESSAGE][INFO] - Checking timeout

2021-11-11 09:51:01 - [MESSAGE][INFO] - Finding web element with id: 'Object Repository/Butonlar/Butonlar' located by 'By.cssSelector: .panel.panel-default.text-center.footerPanel .btn,.btn.btn-primary.btnControls' in '10' second(s)

2021-11-11 09:51:01 - [MESSAGE][INFO] - Smart Wait Function is triggered

2021-11-11 09:51:01 - [MESSAGE][INFO] - Found 5 web elements with id: 'Object Repository/Butonlar/Butonlar' located by 'By.cssSelector: .panel.panel-default.text-center.footerPanel .btn,.btn.btn-primary.btnControls' in '10' second(s)

2021-11-11 09:51:01 - [MESSAGE][PASSED] - Method.TextDegerineEsitElementeTiklaEquals is PASSED

2021-11-11 09:51:01 - [MESSAGE][PASSED] - Call Test Case 'Test Cases/Butonlar/ButonaTikla' successfully

2021-11-11 09:51:01 - [MESSAGE][INFO] - Checking called Test Case

2021-11-11 09:51:01 - [MESSAGE][INFO] - Starting to call Test Case 'Test Cases/Butonlar/AltButonaTikla'

2021-11-11 09:51:01 - [TEST_CASE][PASSED] - Test Cases/Butonlar/AltButonaTikla: Test Cases/Butonlar/AltButonaTikla

2021-11-11 09:51:01 - [TEST_STEP][PASSED] - Method.TextDegerineEsitElementeTikla(findTestObject("Butonlar/AltButonlar"), Alt_Buton): Method.TextDegerineEsitElementeTikla is PASSED

2021-11-11 09:51:01 - [MESSAGE][INFO] - Finding Test Object 'Object Repository/Butonlar/AltButonlar'

2021-11-11 09:51:01 - [MESSAGE][INFO] - Checking timeout

2021-11-11 09:51:01 - [MESSAGE][INFO] - Finding web element with id: 'Object Repository/Butonlar/AltButonlar' located by 'By.cssSelector: .btn-group.open li>a' in '10' second(s)

2021-11-11 09:51:01 - [MESSAGE][INFO] - Smart Wait Function is triggered

2021-11-11 09:51:02 - [MESSAGE][INFO] - Found 2 web elements with id: 'Object Repository/Butonlar/AltButonlar' located by 'By.cssSelector: .btn-group.open li>a' in '10' second(s)

2021-11-11 09:51:02 - [MESSAGE][PASSED] - Method.TextDegerineEsitElementeTikla is PASSED

2021-11-11 09:51:02 - [MESSAGE][PASSED] - Call Test Case 'Test Cases/Butonlar/AltButonaTikla' successfully

2021-11-11 09:51:02 - [MESSAGE][INFO] - Checking called Test Case

2021-11-11 09:51:02 - [MESSAGE][INFO] - Starting to call Test Case 'Test Cases/Popup/PopupMesajiIceriyorMu'

2021-11-11 09:51:02 - [TEST_CASE][PASSED] - Test Cases/Popup/PopupMesajiIceriyorMu: Test Cases/Popup/PopupMesajiIceriyorMu

2021-11-11 09:51:02 - [TEST_STEP][PASSED] - waitForElementVisible(findTestObject("Popup/Popup"), 10): Object 'Object Repository/Popup/Popup' is visible

2021-11-11 09:51:02 - [MESSAGE][INFO] - Finding Test Object 'Object Repository/Popup/Popup'

2021-11-11 09:51:02 - [MESSAGE][INFO] - Checking object

2021-11-11 09:51:02 - [MESSAGE][INFO] - Checking timeout

2021-11-11 09:51:02 - [MESSAGE][INFO] - Finding web element from Test Object's properties

2021-11-11 09:51:02 - [MESSAGE][INFO] - Checking timeout

2021-11-11 09:51:02 - [MESSAGE][INFO] - Finding web element with id: 'Object Repository/Popup/Popup' located by 'By.cssSelector: .bootbox-body' in '10' second(s)

2021-11-11 09:51:02 - [MESSAGE][INFO] - Smart Wait Function is triggered

2021-11-11 09:51:02 - [MESSAGE][INFO] - Found 1 web elements with id: 'Object Repository/Popup/Popup' located by 'By.cssSelector: .bootbox-body' in '10' second(s)

2021-11-11 09:51:02 - [MESSAGE][PASSED] - Object 'Object Repository/Popup/Popup' is visible

2021-11-11 09:51:02 - [TEST_STEP][PASSED] - if (!(getText(findTestObject("Popup/Popup")).contains(Mesaj))): Text of object 'Object Repository/Popup/Popup' is: 'Lütfen rapor bildiriminin gönderileceği e-posta adresini belirtiniz.
e-Posta Adresi'

2021-11-11 09:51:02 - [MESSAGE][INFO] - Finding Test Object 'Object Repository/Popup/Popup'

2021-11-11 09:51:02 - [MESSAGE][INFO] - Checking object

2021-11-11 09:51:02 - [MESSAGE][INFO] - Finding web element from Test Object's properties

2021-11-11 09:51:02 - [MESSAGE][INFO] - Checking timeout

2021-11-11 09:51:02 - [MESSAGE][INFO] - Finding web element with id: 'Object Repository/Popup/Popup' located by 'By.cssSelector: .bootbox-body' in '30' second(s)

2021-11-11 09:51:02 - [MESSAGE][INFO] - Smart Wait Function is triggered

2021-11-11 09:51:03 - [MESSAGE][INFO] - Found 1 web elements with id: 'Object Repository/Popup/Popup' located by 'By.cssSelector: .bootbox-body' in '30' second(s)

2021-11-11 09:51:03 - [MESSAGE][INFO] - Getting text of object 'Object Repository/Popup/Popup'

2021-11-11 09:51:03 - [MESSAGE][PASSED] - Text of object 'Object Repository/Popup/Popup' is: 'Lütfen rapor bildiriminin gönderileceği e-posta adresini belirtiniz.
e-Posta Adresi'

2021-11-11 09:51:03 - [TEST_STEP][PASSED] - RaporNo = getText(findTestObject("Popup/Popup")).substring(0, 6): Text of object 'Object Repository/Popup/Popup' is: 'Lütfen rapor bildiriminin gönderileceği e-posta adresini belirtiniz.
e-Posta Adresi'

2021-11-11 09:51:03 - [MESSAGE][INFO] - Finding Test Object 'Object Repository/Popup/Popup'

2021-11-11 09:51:03 - [MESSAGE][INFO] - Checking object

2021-11-11 09:51:03 - [MESSAGE][INFO] - Finding web element from Test Object's properties

2021-11-11 09:51:03 - [MESSAGE][INFO] - Checking timeout

2021-11-11 09:51:03 - [MESSAGE][INFO] - Finding web element with id: 'Object Repository/Popup/Popup' located by 'By.cssSelector: .bootbox-body' in '30' second(s)

2021-11-11 09:51:03 - [MESSAGE][INFO] - Smart Wait Function is triggered

2021-11-11 09:51:03 - [MESSAGE][INFO] - Found 1 web elements with id: 'Object Repository/Popup/Popup' located by 'By.cssSelector: .bootbox-body' in '30' second(s)

2021-11-11 09:51:03 - [MESSAGE][INFO] - Getting text of object 'Object Repository/Popup/Popup'

2021-11-11 09:51:03 - [MESSAGE][PASSED] - Text of object 'Object Repository/Popup/Popup' is: 'Lütfen rapor bildiriminin gönderileceği e-posta adresini belirtiniz.
e-Posta Adresi'

2021-11-11 09:51:03 - [TEST_STEP][PASSED] - Console.println(RaporNo): null

2021-11-11 09:51:03 - [MESSAGE][PASSED] - Call Test Case 'Test Cases/Popup/PopupMesajiIceriyorMu' successfully

2021-11-11 09:51:03 - [MESSAGE][INFO] - Checking called Test Case

2021-11-11 09:51:03 - [MESSAGE][INFO] - Starting to call Test Case 'Test Cases/Popup/PopupButonSecilir'

2021-11-11 09:51:03 - [TEST_CASE][PASSED] - Test Cases/Popup/PopupButonSecilir: Test Cases/Popup/PopupButonSecilir

2021-11-11 09:51:03 - [TEST_STEP][PASSED] - Method.TextDegerineEsitElementeTikla(findTestObject("Popup/Popup_Butons"), Buton): Method.TextDegerineEsitElementeTikla is PASSED

2021-11-11 09:51:03 - [MESSAGE][INFO] - Finding Test Object 'Object Repository/Popup/Popup_Butons'

2021-11-11 09:51:03 - [MESSAGE][INFO] - Checking timeout

2021-11-11 09:51:03 - [MESSAGE][INFO] - Finding web element with id: 'Object Repository/Popup/Popup_Butons' located by 'By.cssSelector: .modal-footer>button' in '10' second(s)

2021-11-11 09:51:03 - [MESSAGE][INFO] - Smart Wait Function is triggered

2021-11-11 09:51:03 - [MESSAGE][INFO] - Found 2 web elements with id: 'Object Repository/Popup/Popup_Butons' located by 'By.cssSelector: .modal-footer>button' in '10' second(s)

2021-11-11 09:51:04 - [MESSAGE][PASSED] - Method.TextDegerineEsitElementeTikla is PASSED

2021-11-11 09:51:04 - [MESSAGE][PASSED] - Call Test Case 'Test Cases/Popup/PopupButonSecilir' successfully

2021-11-11 09:51:04 - [MESSAGE][INFO] - Checking called Test Case

2021-11-11 09:51:04 - [MESSAGE][INFO] - Starting to call Test Case 'Test Cases/Popup/PopupMesajiIceriyorMu'

2021-11-11 09:51:04 - [TEST_CASE][PASSED] - Test Cases/Popup/PopupMesajiIceriyorMu: Test Cases/Popup/PopupMesajiIceriyorMu

2021-11-11 09:51:04 - [TEST_STEP][PASSED] - waitForElementVisible(findTestObject("Popup/Popup"), 10): Object 'Object Repository/Popup/Popup' is visible

2021-11-11 09:51:04 - [MESSAGE][INFO] - Finding Test Object 'Object Repository/Popup/Popup'

2021-11-11 09:51:04 - [MESSAGE][INFO] - Checking object

2021-11-11 09:51:04 - [MESSAGE][INFO] - Checking timeout

2021-11-11 09:51:04 - [MESSAGE][INFO] - Finding web element from Test Object's properties

2021-11-11 09:51:04 - [MESSAGE][INFO] - Checking timeout

2021-11-11 09:51:04 - [MESSAGE][INFO] - Finding web element with id: 'Object Repository/Popup/Popup' located by 'By.cssSelector: .bootbox-body' in '10' second(s)

2021-11-11 09:51:04 - [MESSAGE][INFO] - Smart Wait Function is triggered

2021-11-11 09:51:04 - [MESSAGE][INFO] - Found 1 web elements with id: 'Object Repository/Popup/Popup' located by 'By.cssSelector: .bootbox-body' in '10' second(s)

2021-11-11 09:51:04 - [MESSAGE][PASSED] - Object 'Object Repository/Popup/Popup' is visible

2021-11-11 09:51:04 - [TEST_STEP][PASSED] - if (!(getText(findTestObject("Popup/Popup")).contains(Mesaj))): Text of object 'Object Repository/Popup/Popup' is: '16290 no’lu talebiniz işleme alınmıştır. Raporunuz hazırlandığında (elogotest@gmail.com) adresinize mail gönderilecektir.
Rapor durumunuzu Raporlar > Toplu Veri İndirme ekranından takip edebilir, hazırlandı durumundaki raporlarınızı ilgili menüden indirebilirsiniz.'

2021-11-11 09:51:04 - [MESSAGE][INFO] - Finding Test Object 'Object Repository/Popup/Popup'

2021-11-11 09:51:05 - [MESSAGE][INFO] - Checking object

2021-11-11 09:51:05 - [MESSAGE][INFO] - Finding web element from Test Object's properties

2021-11-11 09:51:05 - [MESSAGE][INFO] - Checking timeout

2021-11-11 09:51:05 - [MESSAGE][INFO] - Finding web element with id: 'Object Repository/Popup/Popup' located by 'By.cssSelector: .bootbox-body' in '30' second(s)

2021-11-11 09:51:05 - [MESSAGE][INFO] - Smart Wait Function is triggered

2021-11-11 09:51:05 - [MESSAGE][INFO] - Found 1 web elements with id: 'Object Repository/Popup/Popup' located by 'By.cssSelector: .bootbox-body' in '30' second(s)

2021-11-11 09:51:05 - [MESSAGE][INFO] - Getting text of object 'Object Repository/Popup/Popup'

2021-11-11 09:51:05 - [MESSAGE][PASSED] - Text of object 'Object Repository/Popup/Popup' is: '16290 no’lu talebiniz işleme alınmıştır. Raporunuz hazırlandığında (elogotest@gmail.com) adresinize mail gönderilecektir.
Rapor durumunuzu Raporlar > Toplu Veri İndirme ekranından takip edebilir, hazırlandı durumundaki raporlarınızı ilgili menüden indirebilirsiniz.'

2021-11-11 09:51:05 - [TEST_STEP][PASSED] - RaporNo = getText(findTestObject("Popup/Popup")).substring(0, 6): Text of object 'Object Repository/Popup/Popup' is: '16290 no’lu talebiniz işleme alınmıştır. Raporunuz hazırlandığında (elogotest@gmail.com) adresinize mail gönderilecektir.
Rapor durumunuzu Raporlar > Toplu Veri İndirme ekranından takip edebilir, hazırlandı durumundaki raporlarınızı ilgili menüden indirebilirsiniz.'

2021-11-11 09:51:05 - [MESSAGE][INFO] - Finding Test Object 'Object Repository/Popup/Popup'

2021-11-11 09:51:05 - [MESSAGE][INFO] - Checking object

2021-11-11 09:51:05 - [MESSAGE][INFO] - Finding web element from Test Object's properties

2021-11-11 09:51:05 - [MESSAGE][INFO] - Checking timeout

2021-11-11 09:51:05 - [MESSAGE][INFO] - Finding web element with id: 'Object Repository/Popup/Popup' located by 'By.cssSelector: .bootbox-body' in '30' second(s)

2021-11-11 09:51:05 - [MESSAGE][INFO] - Smart Wait Function is triggered

2021-11-11 09:51:05 - [MESSAGE][INFO] - Found 1 web elements with id: 'Object Repository/Popup/Popup' located by 'By.cssSelector: .bootbox-body' in '30' second(s)

2021-11-11 09:51:05 - [MESSAGE][INFO] - Getting text of object 'Object Repository/Popup/Popup'

2021-11-11 09:51:05 - [MESSAGE][PASSED] - Text of object 'Object Repository/Popup/Popup' is: '16290 no’lu talebiniz işleme alınmıştır. Raporunuz hazırlandığında (elogotest@gmail.com) adresinize mail gönderilecektir.
Rapor durumunuzu Raporlar > Toplu Veri İndirme ekranından takip edebilir, hazırlandı durumundaki raporlarınızı ilgili menüden indirebilirsiniz.'

2021-11-11 09:51:05 - [TEST_STEP][PASSED] - Console.println(RaporNo): null

2021-11-11 09:51:05 - [MESSAGE][PASSED] - Call Test Case 'Test Cases/Popup/PopupMesajiIceriyorMu' successfully

2021-11-11 09:51:05 - [MESSAGE][INFO] - Checking called Test Case

2021-11-11 09:51:05 - [MESSAGE][INFO] - Starting to call Test Case 'Test Cases/Popup/PopupButonSecilir'

2021-11-11 09:51:05 - [TEST_CASE][PASSED] - Test Cases/Popup/PopupButonSecilir: Test Cases/Popup/PopupButonSecilir

2021-11-11 09:51:05 - [TEST_STEP][PASSED] - Method.TextDegerineEsitElementeTikla(findTestObject("Popup/Popup_Butons"), Buton): Method.TextDegerineEsitElementeTikla is PASSED

2021-11-11 09:51:05 - [MESSAGE][INFO] - Finding Test Object 'Object Repository/Popup/Popup_Butons'

2021-11-11 09:51:05 - [MESSAGE][INFO] - Checking timeout

2021-11-11 09:51:05 - [MESSAGE][INFO] - Finding web element with id: 'Object Repository/Popup/Popup_Butons' located by 'By.cssSelector: .modal-footer>button' in '10' second(s)

2021-11-11 09:51:05 - [MESSAGE][INFO] - Smart Wait Function is triggered

2021-11-11 09:51:06 - [MESSAGE][INFO] - Found 1 web elements with id: 'Object Repository/Popup/Popup_Butons' located by 'By.cssSelector: .modal-footer>button' in '10' second(s)

2021-11-11 09:51:06 - [MESSAGE][PASSED] - Method.TextDegerineEsitElementeTikla is PASSED

2021-11-11 09:51:06 - [MESSAGE][PASSED] - Call Test Case 'Test Cases/Popup/PopupButonSecilir' successfully

2021-11-11 09:51:06 - [MESSAGE][INFO] - Checking called Test Case

2021-11-11 09:51:06 - [MESSAGE][INFO] - Starting to call Test Case 'Test Cases/Menu/AnaMenuSecimi'

2021-11-11 09:51:06 - [TEST_CASE][PASSED] - Test Cases/Menu/AnaMenuSecimi: Test Cases/Menu/AnaMenuSecimi

2021-11-11 09:51:06 - [TEST_STEP][PASSED] - Method.TextDegerineEsitElementeTikla(findTestObject("Menu/Ana_Menu"), Ana_Menu): Method.TextDegerineEsitElementeTikla is PASSED

2021-11-11 09:51:06 - [MESSAGE][INFO] - Finding Test Object 'Object Repository/Menu/Ana_Menu'

2021-11-11 09:51:06 - [MESSAGE][INFO] - Checking timeout

2021-11-11 09:51:06 - [MESSAGE][INFO] - Finding web element with id: 'Object Repository/Menu/Ana_Menu' located by 'By.xpath: //*[@class = 'dropdown-toggle']' in '10' second(s)

2021-11-11 09:51:06 - [MESSAGE][INFO] - Smart Wait Function is triggered

2021-11-11 09:51:06 - [MESSAGE][INFO] - Found 14 web elements with id: 'Object Repository/Menu/Ana_Menu' located by 'By.xpath: //*[@class = 'dropdown-toggle']' in '10' second(s)

2021-11-11 09:51:07 - [MESSAGE][PASSED] - Method.TextDegerineEsitElementeTikla is PASSED

2021-11-11 09:51:07 - [MESSAGE][PASSED] - Call Test Case 'Test Cases/Menu/AnaMenuSecimi' successfully

2021-11-11 09:51:07 - [MESSAGE][INFO] - Checking called Test Case

2021-11-11 09:51:07 - [MESSAGE][INFO] - Starting to call Test Case 'Test Cases/Menu/AltMenuSecimi'

2021-11-11 09:51:07 - [TEST_CASE][PASSED] - Test Cases/Menu/AltMenuSecimi: Test Cases/Menu/AltMenuSecimi

2021-11-11 09:51:07 - [TEST_STEP][PASSED] - Method.TextDegerineEsitElementeTikla(findTestObject("Menu/Alt_Menu"), Alt_Menu): Method.TextDegerineEsitElementeTikla is PASSED

2021-11-11 09:51:07 - [MESSAGE][INFO] - Finding Test Object 'Object Repository/Menu/Alt_Menu'

2021-11-11 09:51:07 - [MESSAGE][INFO] - Checking timeout

2021-11-11 09:51:07 - [MESSAGE][INFO] - Finding web element with id: 'Object Repository/Menu/Alt_Menu' located by 'By.xpath: //li[@class='dropdown dropdown-large open']//li[@class='dropdown-element']' in '10' second(s)

2021-11-11 09:51:07 - [MESSAGE][INFO] - Smart Wait Function is triggered

2021-11-11 09:51:07 - [MESSAGE][INFO] - Found 9 web elements with id: 'Object Repository/Menu/Alt_Menu' located by 'By.xpath: //li[@class='dropdown dropdown-large open']//li[@class='dropdown-element']' in '10' second(s)

2021-11-11 09:51:08 - [MESSAGE][PASSED] - Method.TextDegerineEsitElementeTikla is PASSED

2021-11-11 09:51:08 - [MESSAGE][PASSED] - Call Test Case 'Test Cases/Menu/AltMenuSecimi' successfully

2021-11-11 09:51:08 - [MESSAGE][INFO] - Checking called Test Case

2021-11-11 09:51:08 - [MESSAGE][INFO] - Starting to call Test Case 'Test Cases/Filtreler/RaporNoYaz'

2021-11-11 09:51:08 - [TEST_CASE][PASSED] - Test Cases/Filtreler/RaporNoYaz: Test Cases/Filtreler/RaporNoYaz

2021-11-11 09:51:08 - [TEST_STEP][PASSED] - Method.TextDegerineEsitElementinAltindakiTextboxtaYaz(findTestObject("Filtreler/Basliklar"), findTestObject("Filtreler/Basliga_Gore_Textbox"), "Talep No", RaporNo): Method.TextDegerineEsitElementinAltindakiTextboxtaYaz is PASSED

2021-11-11 09:51:08 - [MESSAGE][INFO] - Finding Test Object 'Object Repository/Filtreler/Basliklar'

2021-11-11 09:51:08 - [MESSAGE][INFO] - Finding Test Object 'Object Repository/Filtreler/Basliga_Gore_Textbox'

2021-11-11 09:51:09 - [MESSAGE][INFO] - Checking timeout

2021-11-11 09:51:09 - [MESSAGE][INFO] - Finding web element with id: 'Object Repository/Filtreler/Basliklar' located by 'By.cssSelector: .control-label.col-sm-4.paddingMarginRLC' in '10' second(s)

2021-11-11 09:51:09 - [MESSAGE][INFO] - Smart Wait Function is triggered

2021-11-11 09:51:09 - [MESSAGE][INFO] - Found 8 web elements with id: 'Object Repository/Filtreler/Basliklar' located by 'By.cssSelector: .control-label.col-sm-4.paddingMarginRLC' in '10' second(s)

2021-11-11 09:51:09 - [MESSAGE][INFO] - Smart Wait Function is triggered

2021-11-11 09:51:10 - [MESSAGE][PASSED] - Method.TextDegerineEsitElementinAltindakiTextboxtaYaz is PASSED

2021-11-11 09:51:10 - [MESSAGE][PASSED] - Call Test Case 'Test Cases/Filtreler/RaporNoYaz' successfully

2021-11-11 09:51:10 - [MESSAGE][INFO] - Checking called Test Case

2021-11-11 09:51:10 - [MESSAGE][INFO] - Starting to call Test Case 'Test Cases/Filtreler/ButonaTikla'

2021-11-11 09:51:10 - [TEST_CASE][PASSED] - Test Cases/Filtreler/ButonaTikla: Test Cases/Filtreler/ButonaTikla

2021-11-11 09:51:10 - [TEST_STEP][PASSED] - Method.TextDegerineEsitElementeTikla(findTestObject("Filtreler/Butonlar"), Filtre_Buton): Method.TextDegerineEsitElementeTikla is PASSED

2021-11-11 09:51:10 - [MESSAGE][INFO] - Finding Test Object 'Object Repository/Filtreler/Butonlar'

2021-11-11 09:51:10 - [MESSAGE][INFO] - Checking timeout

2021-11-11 09:51:10 - [MESSAGE][INFO] - Finding web element with id: 'Object Repository/Filtreler/Butonlar' located by 'By.cssSelector: .dxb>span' in '10' second(s)

2021-11-11 09:51:10 - [MESSAGE][INFO] - Smart Wait Function is triggered

2021-11-11 09:51:10 - [MESSAGE][INFO] - Found 2 web elements with id: 'Object Repository/Filtreler/Butonlar' located by 'By.cssSelector: .dxb>span' in '10' second(s)

2021-11-11 09:51:10 - [MESSAGE][PASSED] - Method.TextDegerineEsitElementeTikla is PASSED

2021-11-11 09:51:10 - [MESSAGE][PASSED] - Call Test Case 'Test Cases/Filtreler/ButonaTikla' successfully

2021-11-11 09:51:10 - [MESSAGE][INFO] - Checking called Test Case

2021-11-11 09:51:10 - [MESSAGE][INFO] - Starting to call Test Case 'Test Cases/Tablo/TablodaVeriVarMi'

2021-11-11 09:51:10 - [TEST_CASE][PASSED] - Test Cases/Tablo/TablodaVeriVarMi: Test Cases/Tablo/TablodaVeriVarMi

2021-11-11 09:51:10 - [TEST_STEP][PASSED] - verifyTextNotPresent("Görüntülenecek veri yok", true): Text 'Görüntülenecek veri yok' is not present on page using regular expression

2021-11-11 09:51:10 - [MESSAGE][INFO] - Checking text present  using regular expression

2021-11-11 09:51:10 - [MESSAGE][INFO] - Smart Wait Function is triggered

2021-11-11 09:51:11 - [MESSAGE][INFO] - Finding text 'Görüntülenecek veri yok' on page  using regular expression

2021-11-11 09:51:11 - [MESSAGE][PASSED] - Text 'Görüntülenecek veri yok' is not present on page using regular expression

2021-11-11 09:51:11 - [MESSAGE][PASSED] - Call Test Case 'Test Cases/Tablo/TablodaVeriVarMi' successfully

2021-11-11 09:51:11 - [MESSAGE][INFO] - Checking called Test Case

2021-11-11 09:51:11 - [MESSAGE][INFO] - Starting to call Test Case 'Test Cases/Kullanici_Islemleri/KullaniciIslemlerindenSecimYapilir'

2021-11-11 09:51:11 - [TEST_CASE][PASSED] - Test Cases/Kullanici_Islemleri/KullaniciIslemlerindenSecimYapilir: Test Cases/Kullanici_Islemleri/KullaniciIslemlerindenSecimYapilir

2021-11-11 09:51:11 - [TEST_STEP][PASSED] - waitForElementClickable(findTestObject("Object Repository/Kullanici_Islemleri/KullaniciIslemleri"), 10): Object 'Object Repository/Kullanici_Islemleri/KullaniciIslemleri' is clickable

2021-11-11 09:51:11 - [MESSAGE][INFO] - Finding Test Object 'Object Repository/Kullanici_Islemleri/KullaniciIslemleri'

2021-11-11 09:51:11 - [MESSAGE][INFO] - Checking object

2021-11-11 09:51:11 - [MESSAGE][INFO] - Checking timeout

2021-11-11 09:51:11 - [MESSAGE][INFO] - Finding web element from Test Object's properties

2021-11-11 09:51:11 - [MESSAGE][INFO] - Checking timeout

2021-11-11 09:51:11 - [MESSAGE][INFO] - Finding web element with id: 'Object Repository/Kullanici_Islemleri/KullaniciIslemleri' located by 'By.cssSelector: .dropdown>a>img' in '10' second(s)

2021-11-11 09:51:11 - [MESSAGE][INFO] - Smart Wait Function is triggered

2021-11-11 09:51:12 - [MESSAGE][INFO] - Found 1 web elements with id: 'Object Repository/Kullanici_Islemleri/KullaniciIslemleri' located by 'By.cssSelector: .dropdown>a>img' in '10' second(s)

2021-11-11 09:51:12 - [MESSAGE][PASSED] - Object 'Object Repository/Kullanici_Islemleri/KullaniciIslemleri' is clickable

2021-11-11 09:51:12 - [TEST_STEP][PASSED] - click(findTestObject("Object Repository/Kullanici_Islemleri/KullaniciIslemleri")): Object: 'Object Repository/Kullanici_Islemleri/KullaniciIslemleri' is clicked on

2021-11-11 09:51:12 - [MESSAGE][INFO] - Finding Test Object 'Object Repository/Kullanici_Islemleri/KullaniciIslemleri'

2021-11-11 09:51:12 - [MESSAGE][INFO] - Checking object

2021-11-11 09:51:12 - [MESSAGE][INFO] - Finding web element from Test Object's properties

2021-11-11 09:51:12 - [MESSAGE][INFO] - Checking timeout

2021-11-11 09:51:12 - [MESSAGE][INFO] - Finding web element with id: 'Object Repository/Kullanici_Islemleri/KullaniciIslemleri' located by 'By.cssSelector: .dropdown>a>img' in '30' second(s)

2021-11-11 09:51:12 - [MESSAGE][INFO] - Smart Wait Function is triggered

2021-11-11 09:51:12 - [MESSAGE][INFO] - Found 1 web elements with id: 'Object Repository/Kullanici_Islemleri/KullaniciIslemleri' located by 'By.cssSelector: .dropdown>a>img' in '30' second(s)

2021-11-11 09:51:12 - [MESSAGE][INFO] - Clicking on object: 'Object Repository/Kullanici_Islemleri/KullaniciIslemleri'

2021-11-11 09:51:12 - [MESSAGE][PASSED] - Object: 'Object Repository/Kullanici_Islemleri/KullaniciIslemleri' is clicked on

2021-11-11 09:51:12 - [TEST_STEP][PASSED] - Method.TextDegerineEsitElementeTikla(findTestObject("Object Repository/Kullanici_Islemleri/Secenekler"), Islem): Method.TextDegerineEsitElementeTikla is PASSED

2021-11-11 09:51:12 - [MESSAGE][INFO] - Finding Test Object 'Object Repository/Kullanici_Islemleri/Secenekler'

2021-11-11 09:51:12 - [MESSAGE][INFO] - Checking timeout

2021-11-11 09:51:12 - [MESSAGE][INFO] - Finding web element with id: 'Object Repository/Kullanici_Islemleri/Secenekler' located by 'By.cssSelector: .nav.navbar-nav.navbar-right li a' in '10' second(s)

2021-11-11 09:51:12 - [MESSAGE][INFO] - Smart Wait Function is triggered

2021-11-11 09:51:12 - [MESSAGE][INFO] - Found 22 web elements with id: 'Object Repository/Kullanici_Islemleri/Secenekler' located by 'By.cssSelector: .nav.navbar-nav.navbar-right li a' in '10' second(s)

2021-11-11 09:51:14 - [MESSAGE][PASSED] - Method.TextDegerineEsitElementeTikla is PASSED

2021-11-11 09:51:14 - [TEST_STEP][PASSED] - verifyElementNotPresent(findTestObject("Object Repository/Kullanici_Islemleri/Secenekler"), 10): Web element with id: 'Object Repository/Kullanici_Islemleri/Secenekler' located by 'By.cssSelector: .nav.navbar-nav.navbar-right li a' is not present after '10' second(s)

2021-11-11 09:51:14 - [MESSAGE][INFO] - Finding Test Object 'Object Repository/Kullanici_Islemleri/Secenekler'

2021-11-11 09:51:14 - [MESSAGE][INFO] - Checking object

2021-11-11 09:51:14 - [MESSAGE][INFO] - Checking timeout

2021-11-11 09:51:14 - [MESSAGE][INFO] - Finding web element with id: 'Object Repository/Kullanici_Islemleri/Secenekler' located by 'By.cssSelector: .nav.navbar-nav.navbar-right li a' in '10' second(s)

2021-11-11 09:51:14 - [MESSAGE][INFO] - Smart Wait Function is triggered

2021-11-11 09:51:14 - [MESSAGE][PASSED] - Web element with id: 'Object Repository/Kullanici_Islemleri/Secenekler' located by 'By.cssSelector: .nav.navbar-nav.navbar-right li a' is not present after '10' second(s)

2021-11-11 09:51:14 - [MESSAGE][PASSED] - Call Test Case 'Test Cases/Kullanici_Islemleri/KullaniciIslemlerindenSecimYapilir' successfully

2021-11-11 09:51:14 - [TEST_CASE][PASSED] - Start Test Case : SCENARIO Gelen Zarflar Toplu Indirme - UBL Secilenlerin indirilmesi: SCENARIO Gelen Zarflar Toplu Indirme - UBL Secilenlerin indirilmesi

2021-11-11 09:51:14 - [TEST_STEP][PASSED] - Kullanıcı adı ELOGO6 ve Şifre 123456 olarak giriş yapılır: Kullanıcı adı ELOGO6 ve Şifre 123456 olarak giriş yapılır

2021-11-11 09:51:14 - [MESSAGE][PASSED] - Kullanıcı adı ELOGO6 ve Şifre 123456 olarak giriş yapılır

2021-11-11 09:51:14 - [TEST_STEP][PASSED] - Ana menüden Zarflar seçilir: Ana menüden Zarflar seçilir

2021-11-11 09:51:14 - [MESSAGE][PASSED] - Ana menüden Zarflar seçilir

2021-11-11 09:51:14 - [TEST_STEP][PASSED] - Alt menüden Gelen Zarflar seçilir: Alt menüden Gelen Zarflar seçilir

2021-11-11 09:51:14 - [MESSAGE][PASSED] - Alt menüden Gelen Zarflar seçilir

2021-11-11 09:51:14 - [TEST_STEP][PASSED] - Filtrelerden Oluşturma Tarihi filtresine 01.12.2020 baslangic degerini yaz: Filtrelerden Oluşturma Tarihi filtresine 01.12.2020 baslangic degerini yaz

2021-11-11 09:51:14 - [MESSAGE][PASSED] - Filtrelerden Oluşturma Tarihi filtresine 01.12.2020 baslangic degerini yaz

2021-11-11 09:51:14 - [TEST_STEP][PASSED] - Filtrelerden Oluşturma Tarihi filtresine 31.12.2020 bitis degerini yaz: Filtrelerden Oluşturma Tarihi filtresine 31.12.2020 bitis degerini yaz

2021-11-11 09:51:14 - [MESSAGE][PASSED] - Filtrelerden Oluşturma Tarihi filtresine 31.12.2020 bitis degerini yaz

2021-11-11 09:51:14 - [TEST_STEP][PASSED] - Filtrelerden Gönderen Ünvan filtresine E LOGO 6 textini yaz: Filtrelerden Gönderen Ünvan filtresine E LOGO 6 textini yaz

2021-11-11 09:51:14 - [MESSAGE][PASSED] - Filtrelerden Gönderen Ünvan filtresine E LOGO 6 textini yaz

2021-11-11 09:51:14 - [TEST_STEP][PASSED] - Filtre butonlarından Listele seçilir: Filtre butonlarından Listele seçilir

2021-11-11 09:51:14 - [MESSAGE][PASSED] - Filtre butonlarından Listele seçilir

2021-11-11 09:51:14 - [TEST_STEP][PASSED] - Tabloda veri var mı kontrol edilir: Tabloda veri var mı kontrol edilir

2021-11-11 09:51:14 - [MESSAGE][PASSED] - Tabloda veri var mı kontrol edilir

2021-11-11 09:51:14 - [TEST_STEP][PASSED] - Tablodan E LOGO 6 isimli veri seçilir: Tablodan E LOGO 6 isimli veri seçilir

2021-11-11 09:51:14 - [MESSAGE][PASSED] - Tablodan E LOGO 6 isimli veri seçilir

2021-11-11 09:51:14 - [TEST_STEP][PASSED] - Butonlardan Toplu İndirme isimli butona tıklanır: Butonlardan Toplu İndirme isimli butona tıklanır

2021-11-11 09:51:14 - [MESSAGE][PASSED] - Butonlardan Toplu İndirme isimli butona tıklanır

2021-11-11 09:51:14 - [TEST_STEP][PASSED] - Alt butonlardan UBL Seçilenleri İndir butonuna tıklanır: Alt butonlardan UBL Seçilenleri İndir butonuna tıklanır

2021-11-11 09:51:14 - [MESSAGE][PASSED] - Alt butonlardan UBL Seçilenleri İndir butonuna tıklanır

2021-11-11 09:51:14 - [TEST_STEP][PASSED] - Popup mesajı rapor bildiriminin gönderileceği e-posta adresini belirtiniz içeriyor mu: Popup mesajı rapor bildiriminin gönderileceği e-posta adresini belirtiniz içeriyor mu

2021-11-11 09:51:14 - [MESSAGE][PASSED] - Popup mesajı rapor bildiriminin gönderileceği e-posta adresini belirtiniz içeriyor mu

2021-11-11 09:51:14 - [TEST_STEP][PASSED] - Yönetim popupında Gönder seçilir: Yönetim popupında Gönder seçilir

2021-11-11 09:51:14 - [MESSAGE][PASSED] - Yönetim popupında Gönder seçilir

2021-11-11 09:51:14 - [TEST_STEP][PASSED] - Popup mesajı talebiniz işleme alınmıştır içeriyor mu: Popup mesajı talebiniz işleme alınmıştır içeriyor mu

2021-11-11 09:51:14 - [MESSAGE][PASSED] - Popup mesajı talebiniz işleme alınmıştır içeriyor mu

2021-11-11 09:51:14 - [TEST_STEP][PASSED] - Yönetim popupında Tamam seçilir: Yönetim popupında Tamam seçilir

2021-11-11 09:51:14 - [MESSAGE][PASSED] - Yönetim popupında Tamam seçilir

2021-11-11 09:51:14 - [TEST_STEP][PASSED] - Butonlardan Toplu İndirme isimli butona tıklanır: Butonlardan Toplu İndirme isimli butona tıklanır

2021-11-11 09:51:14 - [MESSAGE][PASSED] - Butonlardan Toplu İndirme isimli butona tıklanır

2021-11-11 09:51:14 - [TEST_STEP][PASSED] - Alt butonlardan UBL Tümünü İndir butonuna tıklanır: Alt butonlardan UBL Tümünü İndir butonuna tıklanır

2021-11-11 09:51:14 - [MESSAGE][PASSED] - Alt butonlardan UBL Tümünü İndir butonuna tıklanır

2021-11-11 09:51:14 - [TEST_STEP][PASSED] - Popup mesajı rapor bildiriminin gönderileceği e-posta adresini belirtiniz içeriyor mu: Popup mesajı rapor bildiriminin gönderileceği e-posta adresini belirtiniz içeriyor mu

2021-11-11 09:51:14 - [MESSAGE][PASSED] - Popup mesajı rapor bildiriminin gönderileceği e-posta adresini belirtiniz içeriyor mu

2021-11-11 09:51:14 - [TEST_STEP][PASSED] - Yönetim popupında Gönder seçilir: Yönetim popupında Gönder seçilir

2021-11-11 09:51:14 - [MESSAGE][PASSED] - Yönetim popupında Gönder seçilir

2021-11-11 09:51:14 - [TEST_STEP][PASSED] - Popup mesajı talebiniz işleme alınmıştır içeriyor mu: Popup mesajı talebiniz işleme alınmıştır içeriyor mu

2021-11-11 09:51:14 - [MESSAGE][PASSED] - Popup mesajı talebiniz işleme alınmıştır içeriyor mu

2021-11-11 09:51:14 - [TEST_STEP][PASSED] - Yönetim popupında Tamam seçilir: Yönetim popupında Tamam seçilir

2021-11-11 09:51:14 - [MESSAGE][PASSED] - Yönetim popupında Tamam seçilir

2021-11-11 09:51:14 - [TEST_STEP][PASSED] - Ana menüden Raporlar seçilir: Ana menüden Raporlar seçilir

2021-11-11 09:51:14 - [MESSAGE][PASSED] - Ana menüden Raporlar seçilir

2021-11-11 09:51:14 - [TEST_STEP][PASSED] - Alt menüden Toplu Veri İndirme seçilir: Alt menüden Toplu Veri İndirme seçilir

2021-11-11 09:51:14 - [MESSAGE][PASSED] - Alt menüden Toplu Veri İndirme seçilir

2021-11-11 09:51:14 - [TEST_STEP][PASSED] - Filtrelerden Talep No filtresine Rapor No bilgisi yaz: Filtrelerden Talep No filtresine Rapor No bilgisi yaz

2021-11-11 09:51:14 - [MESSAGE][PASSED] - Filtrelerden Talep No filtresine Rapor No bilgisi yaz

2021-11-11 09:51:14 - [TEST_STEP][PASSED] - Filtre butonlarından Listele seçilir: Filtre butonlarından Listele seçilir

2021-11-11 09:51:14 - [MESSAGE][PASSED] - Filtre butonlarından Listele seçilir

2021-11-11 09:51:14 - [TEST_STEP][PASSED] - Tabloda veri var mı kontrol edilir: Tabloda veri var mı kontrol edilir

2021-11-11 09:51:14 - [MESSAGE][PASSED] - Tabloda veri var mı kontrol edilir

2021-11-11 09:51:14 - [TEST_STEP][PASSED] - Kullanıcı işlemlerinden Çıkış seçilir: Kullanıcı işlemlerinden Çıkış seçilir

2021-11-11 09:51:14 - [MESSAGE][PASSED] - Kullanıcı işlemlerinden Çıkış seçilir

2021-11-11 09:51:14 - [MESSAGE][PASSED] - Feature file: 'Include/features/Zarflar/Gelen Zarflar/Toplu Indirme.feature' was passed

2021-11-11 09:51:14 - [TEST_STEP][PASSED] - Start listener action : sampleAfterTestSuite: Invoke 'com.kms.katalon.core.annotation.AfterTestCase' method: 'Listener.sampleAfterTestSuite(...)' completed.

2021-11-11 09:51:14 - [MESSAGE][INFO] - Starting invoke 'com.kms.katalon.core.annotation.AfterTestCase' method: 'Listener.sampleAfterTestSuite(...)'

2021-11-11 09:51:14 - [TEST_STEP][PASSED] - closeBrowser(): Invoke 'com.kms.katalon.core.annotation.AfterTestCase' method: 'Listener.sampleAfterTestSuite(...)' completed.

2021-11-11 09:51:14 - [MESSAGE][INFO] - Closing browser

2021-11-11 09:51:15 - [MESSAGE][PASSED] - Browser is closed

2021-11-11 09:51:15 - [MESSAGE][INFO] - Invoke 'com.kms.katalon.core.annotation.AfterTestCase' method: 'Listener.sampleAfterTestSuite(...)' completed.]]></system-out>
         <system-err><![CDATA[]]></system-err>
      </testcase>
      <testcase name="Test Cases/Case Repository/Zarflar/Giden Zarflar/Secilenleri Excele Aktar" time="321.824" classname="Test Cases/Case Repository/Zarflar/Giden Zarflar/Secilenleri Excele Aktar" status="FAILED">
         <failure type="FAILED" message="Test Cases/Case Repository/Zarflar/Giden Zarflar/Secilenleri Excele Aktar FAILED.
Reason:
com.kms.katalon.core.exception.StepFailedException: Feature file 'Include/features/Zarflar/Giden Zarflar/Secilenleri Excele Aktar.feature' was failed
	at com.kms.katalon.core.keyword.internal.KeywordMain.stepFailed(KeywordMain.groovy:50)
	at com.kms.katalon.core.keyword.internal.KeywordMain.stepFailed(KeywordMain.groovy)
	at com.kms.katalon.core.keyword.internal.KeywordMain.stepFailed(KeywordMain.groovy:23)
	at com.kms.katalon.core.keyword.internal.KeywordMain$stepFailed$0.call(Unknown Source)
	at com.kms.katalon.core.cucumber.keyword.CucumberBuiltinKeywords$_runFeatureFile_closure1.doCall(CucumberBuiltinKeywords.groovy:112)
	at com.kms.katalon.core.cucumber.keyword.CucumberBuiltinKeywords$_runFeatureFile_closure1.doCall(CucumberBuiltinKeywords.groovy)
	at com.kms.katalon.core.keyword.internal.KeywordMain.runKeyword(KeywordMain.groovy:68)
	at com.kms.katalon.core.keyword.internal.KeywordMain$runKeyword.call(Unknown Source)
	at com.kms.katalon.core.cucumber.keyword.CucumberBuiltinKeywords.runFeatureFile(CucumberBuiltinKeywords.groovy:73)
	at com.kms.katalon.core.cucumber.keyword.CucumberBuiltinKeywords$runFeatureFile$0.callStatic(Unknown Source)
	at com.kms.katalon.core.cucumber.keyword.CucumberBuiltinKeywords.runFeatureFile(CucumberBuiltinKeywords.groovy:246)
	at com.kms.katalon.core.cucumber.keyword.CucumberBuiltinKeywords$runFeatureFile.call(Unknown Source)
	at Secilenleri Excele Aktar.run(Secilenleri Excele Aktar:17)
	at com.kms.katalon.core.main.ScriptEngine.run(ScriptEngine.java:194)
	at com.kms.katalon.core.main.ScriptEngine.runScriptAsRawText(ScriptEngine.java:119)
	at com.kms.katalon.core.main.TestCaseExecutor.runScript(TestCaseExecutor.java:369)
	at com.kms.katalon.core.main.TestCaseExecutor.doExecute(TestCaseExecutor.java:360)
	at com.kms.katalon.core.main.TestCaseExecutor.processExecutionPhase(TestCaseExecutor.java:339)
	at com.kms.katalon.core.main.TestCaseExecutor.accessMainPhase(TestCaseExecutor.java:331)
	at com.kms.katalon.core.main.TestCaseExecutor.execute(TestCaseExecutor.java:248)
	at com.kms.katalon.core.main.TestSuiteExecutor.accessTestCaseMainPhase(TestSuiteExecutor.java:191)
	at com.kms.katalon.core.main.TestSuiteExecutor.accessTestSuiteMainPhase(TestSuiteExecutor.java:140)
	at com.kms.katalon.core.main.TestSuiteExecutor.execute(TestSuiteExecutor.java:89)
	at com.kms.katalon.core.main.TestCaseMain.startTestSuite(TestCaseMain.java:181)
	at com.kms.katalon.core.main.TestCaseMain$startTestSuite$0.call(Unknown Source)
	at TempTestSuite1636610890132.run(TempTestSuite1636610890132.groovy:39)
"/>
         <system-out><![CDATA[2021-11-11 09:51:15 - [TEST_CASE][FAILED] - Test Cases/Case Repository/Zarflar/Giden Zarflar/Secilenleri Excele Aktar: Test Cases/Case Repository/Zarflar/Giden Zarflar/Secilenleri Excele Aktar FAILED.
Reason:
com.kms.katalon.core.exception.StepFailedException: Feature file 'Include/features/Zarflar/Giden Zarflar/Secilenleri Excele Aktar.feature' was failed
	at com.kms.katalon.core.keyword.internal.KeywordMain.stepFailed(KeywordMain.groovy:50)
	at com.kms.katalon.core.keyword.internal.KeywordMain.stepFailed(KeywordMain.groovy)
	at com.kms.katalon.core.keyword.internal.KeywordMain.stepFailed(KeywordMain.groovy:23)
	at com.kms.katalon.core.keyword.internal.KeywordMain$stepFailed$0.call(Unknown Source)
	at com.kms.katalon.core.cucumber.keyword.CucumberBuiltinKeywords$_runFeatureFile_closure1.doCall(CucumberBuiltinKeywords.groovy:112)
	at com.kms.katalon.core.cucumber.keyword.CucumberBuiltinKeywords$_runFeatureFile_closure1.doCall(CucumberBuiltinKeywords.groovy)
	at com.kms.katalon.core.keyword.internal.KeywordMain.runKeyword(KeywordMain.groovy:68)
	at com.kms.katalon.core.keyword.internal.KeywordMain$runKeyword.call(Unknown Source)
	at com.kms.katalon.core.cucumber.keyword.CucumberBuiltinKeywords.runFeatureFile(CucumberBuiltinKeywords.groovy:73)
	at com.kms.katalon.core.cucumber.keyword.CucumberBuiltinKeywords$runFeatureFile$0.callStatic(Unknown Source)
	at com.kms.katalon.core.cucumber.keyword.CucumberBuiltinKeywords.runFeatureFile(CucumberBuiltinKeywords.groovy:246)
	at com.kms.katalon.core.cucumber.keyword.CucumberBuiltinKeywords$runFeatureFile.call(Unknown Source)
	at Secilenleri Excele Aktar.run(Secilenleri Excele Aktar:17)
	at com.kms.katalon.core.main.ScriptEngine.run(ScriptEngine.java:194)
	at com.kms.katalon.core.main.ScriptEngine.runScriptAsRawText(ScriptEngine.java:119)
	at com.kms.katalon.core.main.TestCaseExecutor.runScript(TestCaseExecutor.java:369)
	at com.kms.katalon.core.main.TestCaseExecutor.doExecute(TestCaseExecutor.java:360)
	at com.kms.katalon.core.main.TestCaseExecutor.processExecutionPhase(TestCaseExecutor.java:339)
	at com.kms.katalon.core.main.TestCaseExecutor.accessMainPhase(TestCaseExecutor.java:331)
	at com.kms.katalon.core.main.TestCaseExecutor.execute(TestCaseExecutor.java:248)
	at com.kms.katalon.core.main.TestSuiteExecutor.accessTestCaseMainPhase(TestSuiteExecutor.java:191)
	at com.kms.katalon.core.main.TestSuiteExecutor.accessTestSuiteMainPhase(TestSuiteExecutor.java:140)
	at com.kms.katalon.core.main.TestSuiteExecutor.execute(TestSuiteExecutor.java:89)
	at com.kms.katalon.core.main.TestCaseMain.startTestSuite(TestCaseMain.java:181)
	at com.kms.katalon.core.main.TestCaseMain$startTestSuite$0.call(Unknown Source)
	at TempTestSuite1636610890132.run(TempTestSuite1636610890132.groovy:39)


2021-11-11 09:51:15 - [TEST_STEP][PASSED] - Start listener action : sampleBeforeTestSuite: Invoke 'com.kms.katalon.core.annotation.BeforeTestCase' method: 'Listener.sampleBeforeTestSuite(...)' completed.

2021-11-11 09:51:15 - [MESSAGE][INFO] - Starting invoke 'com.kms.katalon.core.annotation.BeforeTestCase' method: 'Listener.sampleBeforeTestSuite(...)'

2021-11-11 09:51:15 - [TEST_STEP][PASSED] - openBrowser(baseUrl): Browser is opened with url: 'https://efatura-stage.elogo.com.tr/'

2021-11-11 09:51:15 - [MESSAGE][INFO] - Opening browser

2021-11-11 09:51:15 - [MESSAGE][INFO] - Starting 'Chrome' driver

2021-11-11 09:51:15 - [MESSAGE][INFO] - User set preference: ['prefs', '{download.default_directory=C:\otomasyondownfiles}']

2021-11-11 09:51:15 - [MESSAGE][INFO] - Action delay is set to 0 milliseconds

2021-11-11 09:51:17 - [MESSAGE][INFO] - Navigating browser to: 'https://efatura-stage.elogo.com.tr/'

2021-11-11 09:51:20 - [MESSAGE][PASSED] - Browser is opened with url: 'https://efatura-stage.elogo.com.tr/'

2021-11-11 09:51:20 - [TEST_STEP][PASSED] - maximizeWindow(): Invoke 'com.kms.katalon.core.annotation.BeforeTestCase' method: 'Listener.sampleBeforeTestSuite(...)' completed.

2021-11-11 09:51:20 - [MESSAGE][INFO] - Maximizing current window

2021-11-11 09:51:20 - [MESSAGE][PASSED] - Current window maximized

2021-11-11 09:51:20 - [MESSAGE][INFO] - Invoke 'com.kms.katalon.core.annotation.BeforeTestCase' method: 'Listener.sampleBeforeTestSuite(...)' completed.

2021-11-11 09:51:21 - [TEST_STEP][FAILED] - runFeatureFile("Include/features/Zarflar/Giden Zarflar/Secilenleri Excele Aktar.feature"): Keyword runFeatureFile was failed (Root cause: com.kms.katalon.core.exception.StepFailedException: Feature file 'Include/features/Zarflar/Giden Zarflar/Secilenleri Excele Aktar.feature' was failed
	at com.kms.katalon.core.keyword.internal.KeywordMain.stepFailed(KeywordMain.groovy:50)
	at com.kms.katalon.core.keyword.internal.KeywordMain.stepFailed(KeywordMain.groovy)
	at com.kms.katalon.core.keyword.internal.KeywordMain.stepFailed(KeywordMain.groovy:23)
	at com.kms.katalon.core.keyword.internal.KeywordMain$stepFailed$0.call(Unknown Source)
	at com.kms.katalon.core.cucumber.keyword.CucumberBuiltinKeywords$_runFeatureFile_closure1.doCall(CucumberBuiltinKeywords.groovy:112)
	at com.kms.katalon.core.cucumber.keyword.CucumberBuiltinKeywords$_runFeatureFile_closure1.doCall(CucumberBuiltinKeywords.groovy)
	at com.kms.katalon.core.keyword.internal.KeywordMain.runKeyword(KeywordMain.groovy:68)
	at com.kms.katalon.core.keyword.internal.KeywordMain$runKeyword.call(Unknown Source)
	at com.kms.katalon.core.cucumber.keyword.CucumberBuiltinKeywords.runFeatureFile(CucumberBuiltinKeywords.groovy:73)
	at com.kms.katalon.core.cucumber.keyword.CucumberBuiltinKeywords$runFeatureFile$0.callStatic(Unknown Source)
	at com.kms.katalon.core.cucumber.keyword.CucumberBuiltinKeywords.runFeatureFile(CucumberBuiltinKeywords.groovy:246)
	at com.kms.katalon.core.cucumber.keyword.CucumberBuiltinKeywords$runFeatureFile.call(Unknown Source)
	at Secilenleri Excele Aktar.run(Secilenleri Excele Aktar:17)
	at com.kms.katalon.core.main.ScriptEngine.run(ScriptEngine.java:194)
	at com.kms.katalon.core.main.ScriptEngine.runScriptAsRawText(ScriptEngine.java:119)
	at com.kms.katalon.core.main.TestCaseExecutor.runScript(TestCaseExecutor.java:369)
	at com.kms.katalon.core.main.TestCaseExecutor.doExecute(TestCaseExecutor.java:360)
	at com.kms.katalon.core.main.TestCaseExecutor.processExecutionPhase(TestCaseExecutor.java:339)
	at com.kms.katalon.core.main.TestCaseExecutor.accessMainPhase(TestCaseExecutor.java:331)
	at com.kms.katalon.core.main.TestCaseExecutor.execute(TestCaseExecutor.java:248)
	at com.kms.katalon.core.main.TestSuiteExecutor.accessTestCaseMainPhase(TestSuiteExecutor.java:191)
	at com.kms.katalon.core.main.TestSuiteExecutor.accessTestSuiteMainPhase(TestSuiteExecutor.java:140)
	at com.kms.katalon.core.main.TestSuiteExecutor.execute(TestSuiteExecutor.java:89)
	at com.kms.katalon.core.main.TestCaseMain.startTestSuite(TestCaseMain.java:181)
	at com.kms.katalon.core.main.TestCaseMain$startTestSuite$0.call(Unknown Source)
	at TempTestSuite1636610890132.run(TempTestSuite1636610890132.groovy:39)
)

2021-11-11 09:51:21 - [MESSAGE][INFO] - Starting run keyword runFeatureFile: 'Include/features/Zarflar/Giden Zarflar/Secilenleri Excele Aktar.feature' and extract report to folder: 'C:\Users\DELL\Documents\GitHub\EES_KatalonLogo\Reports\20211111_090730\Suite Repository\ExceleAktarVeTopluIndirme\20211111_090810/cucumber_report/1636613481300'...

2021-11-11 09:51:21 - [MESSAGE][INFO] - Glue: []

2021-11-11 09:51:22 - [MESSAGE][INFO] - Checking called Test Case

2021-11-11 09:51:22 - [MESSAGE][INFO] - Starting to call Test Case 'Test Cases/Sayfalar/Giris_Sayfasi/Login'

2021-11-11 09:51:22 - [TEST_CASE][PASSED] - Test Cases/Sayfalar/Giris_Sayfasi/Login: Test Cases/Sayfalar/Giris_Sayfasi/Login

2021-11-11 09:51:22 - [TEST_STEP][PASSED] - Sayfa_Basligi = getWindowTitle(): Current window's title is: 'LOGO e-Fatura'

2021-11-11 09:51:22 - [MESSAGE][INFO] - Getting current window's title

2021-11-11 09:51:22 - [MESSAGE][PASSED] - Current window's title is: 'LOGO e-Fatura'

2021-11-11 09:51:22 - [TEST_STEP][PASSED] - verifyMatch(Sayfa_Basligi, "LOGO e-Fatura", false): Actual text 'LOGO e-Fatura' and expected text 'LOGO e-Fatura' are matched 

2021-11-11 09:51:22 - [MESSAGE][INFO] - Matching actual text 'LOGO e-Fatura' with expected text 'LOGO e-Fatura'

2021-11-11 09:51:22 - [MESSAGE][PASSED] - Actual text 'LOGO e-Fatura' and expected text 'LOGO e-Fatura' are matched 

2021-11-11 09:51:22 - [TEST_STEP][PASSED] - sendKeys(findTestObject("Sayfalar/Giris_Sayfasi/Firma_Kodu"), KullaniciAdi): Keys 'ELOGO6' sent to object: 'Object Repository/Sayfalar/Giris_Sayfasi/Firma_Kodu'

2021-11-11 09:51:22 - [MESSAGE][INFO] - Finding Test Object 'Object Repository/Sayfalar/Giris_Sayfasi/Firma_Kodu'

2021-11-11 09:51:22 - [MESSAGE][INFO] - Sending keys 'ELOGO6' to object: 'Object Repository/Sayfalar/Giris_Sayfasi/Firma_Kodu'

2021-11-11 09:51:22 - [MESSAGE][INFO] - Finding web element from Test Object's properties

2021-11-11 09:51:22 - [MESSAGE][INFO] - Checking timeout

2021-11-11 09:51:22 - [MESSAGE][INFO] - Finding web element with id: 'Object Repository/Sayfalar/Giris_Sayfasi/Firma_Kodu' located by 'By.xpath: //*[@id = 'AccountName']' in '30' second(s)

2021-11-11 09:51:22 - [MESSAGE][INFO] - Smart Wait Function is triggered

2021-11-11 09:51:23 - [MESSAGE][INFO] - Found 1 web elements with id: 'Object Repository/Sayfalar/Giris_Sayfasi/Firma_Kodu' located by 'By.xpath: //*[@id = 'AccountName']' in '30' second(s)

2021-11-11 09:51:23 - [MESSAGE][PASSED] - Keys 'ELOGO6' sent to object: 'Object Repository/Sayfalar/Giris_Sayfasi/Firma_Kodu'

2021-11-11 09:51:23 - [TEST_STEP][PASSED] - sendKeys(findTestObject("Sayfalar/Giris_Sayfasi/Sifre"), Sifre): Keys '123456' sent to object: 'Object Repository/Sayfalar/Giris_Sayfasi/Sifre'

2021-11-11 09:51:23 - [MESSAGE][INFO] - Finding Test Object 'Object Repository/Sayfalar/Giris_Sayfasi/Sifre'

2021-11-11 09:51:23 - [MESSAGE][INFO] - Sending keys '123456' to object: 'Object Repository/Sayfalar/Giris_Sayfasi/Sifre'

2021-11-11 09:51:23 - [MESSAGE][INFO] - Finding web element from Test Object's properties

2021-11-11 09:51:23 - [MESSAGE][INFO] - Checking timeout

2021-11-11 09:51:23 - [MESSAGE][INFO] - Finding web element with id: 'Object Repository/Sayfalar/Giris_Sayfasi/Sifre' located by 'By.xpath: //*[@id = 'Password']' in '30' second(s)

2021-11-11 09:51:23 - [MESSAGE][INFO] - Smart Wait Function is triggered

2021-11-11 09:51:24 - [MESSAGE][INFO] - Found 1 web elements with id: 'Object Repository/Sayfalar/Giris_Sayfasi/Sifre' located by 'By.xpath: //*[@id = 'Password']' in '30' second(s)

2021-11-11 09:51:24 - [MESSAGE][PASSED] - Keys '123456' sent to object: 'Object Repository/Sayfalar/Giris_Sayfasi/Sifre'

2021-11-11 09:51:24 - [TEST_STEP][PASSED] - findWebElement(findTestObject("Sayfalar/Giris_Sayfasi/Giris_Butonu")).click(): Found 1 web elements with id: 'Object Repository/Sayfalar/Giris_Sayfasi/Giris_Butonu' located by 'By.cssSelector: #btnLogin' in '30' second(s)

2021-11-11 09:51:24 - [MESSAGE][INFO] - Finding Test Object 'Object Repository/Sayfalar/Giris_Sayfasi/Giris_Butonu'

2021-11-11 09:51:24 - [MESSAGE][INFO] - Finding web element from Test Object's properties

2021-11-11 09:51:24 - [MESSAGE][INFO] - Checking timeout

2021-11-11 09:51:24 - [MESSAGE][INFO] - Finding web element with id: 'Object Repository/Sayfalar/Giris_Sayfasi/Giris_Butonu' located by 'By.cssSelector: #btnLogin' in '30' second(s)

2021-11-11 09:51:24 - [MESSAGE][INFO] - Smart Wait Function is triggered

2021-11-11 09:51:25 - [MESSAGE][INFO] - Found 1 web elements with id: 'Object Repository/Sayfalar/Giris_Sayfasi/Giris_Butonu' located by 'By.cssSelector: #btnLogin' in '30' second(s)

2021-11-11 09:51:28 - [TEST_STEP][PASSED] - if (verifyElementPresent(findTestObject("Object Repository/Sayfalar/Giris_Sayfasi/RetveTamam_Butonu"), 5, OPTIONAL)): null

2021-11-11 09:51:28 - [MESSAGE][INFO] - Finding Test Object 'Object Repository/Sayfalar/Giris_Sayfasi/RetveTamam_Butonu'

2021-11-11 09:51:28 - [MESSAGE][INFO] - Checking object

2021-11-11 09:51:28 - [MESSAGE][INFO] - Finding web element from Test Object's properties

2021-11-11 09:51:28 - [MESSAGE][INFO] - Checking timeout

2021-11-11 09:51:28 - [MESSAGE][INFO] - Finding web element with id: 'Object Repository/Sayfalar/Giris_Sayfasi/RetveTamam_Butonu' located by 'By.xpath: //*[@class = 'btn btn-default']' in '5' second(s)

2021-11-11 09:51:28 - [MESSAGE][INFO] - Smart Wait Function is triggered

2021-11-11 09:51:28 - [MESSAGE][INFO] - Found 1 web elements with id: 'Object Repository/Sayfalar/Giris_Sayfasi/RetveTamam_Butonu' located by 'By.xpath: //*[@class = 'btn btn-default']' in '5' second(s)

2021-11-11 09:51:28 - [MESSAGE][PASSED] - Object 'Object Repository/Sayfalar/Giris_Sayfasi/RetveTamam_Butonu' is present

2021-11-11 09:51:28 - [TEST_STEP][PASSED] - click(findTestObject("Object Repository/Sayfalar/Giris_Sayfasi/RetveTamam_Butonu")): Object: 'Object Repository/Sayfalar/Giris_Sayfasi/RetveTamam_Butonu' is clicked on

2021-11-11 09:51:28 - [MESSAGE][INFO] - Finding Test Object 'Object Repository/Sayfalar/Giris_Sayfasi/RetveTamam_Butonu'

2021-11-11 09:51:28 - [MESSAGE][INFO] - Checking object

2021-11-11 09:51:28 - [MESSAGE][INFO] - Finding web element from Test Object's properties

2021-11-11 09:51:28 - [MESSAGE][INFO] - Checking timeout

2021-11-11 09:51:28 - [MESSAGE][INFO] - Finding web element with id: 'Object Repository/Sayfalar/Giris_Sayfasi/RetveTamam_Butonu' located by 'By.xpath: //*[@class = 'btn btn-default']' in '30' second(s)

2021-11-11 09:51:28 - [MESSAGE][INFO] - Smart Wait Function is triggered

2021-11-11 09:51:29 - [MESSAGE][INFO] - Found 1 web elements with id: 'Object Repository/Sayfalar/Giris_Sayfasi/RetveTamam_Butonu' located by 'By.xpath: //*[@class = 'btn btn-default']' in '30' second(s)

2021-11-11 09:51:29 - [MESSAGE][INFO] - Clicking on object: 'Object Repository/Sayfalar/Giris_Sayfasi/RetveTamam_Butonu'

2021-11-11 09:51:29 - [MESSAGE][PASSED] - Object: 'Object Repository/Sayfalar/Giris_Sayfasi/RetveTamam_Butonu' is clicked on

2021-11-11 09:51:29 - [TEST_STEP][PASSED] - click(findTestObject("Object Repository/Sayfalar/Giris_Sayfasi/RetveTamam_Butonu")): Object: 'Object Repository/Sayfalar/Giris_Sayfasi/RetveTamam_Butonu' is clicked on

2021-11-11 09:51:29 - [MESSAGE][INFO] - Finding Test Object 'Object Repository/Sayfalar/Giris_Sayfasi/RetveTamam_Butonu'

2021-11-11 09:51:29 - [MESSAGE][INFO] - Checking object

2021-11-11 09:51:29 - [MESSAGE][INFO] - Finding web element from Test Object's properties

2021-11-11 09:51:29 - [MESSAGE][INFO] - Checking timeout

2021-11-11 09:51:29 - [MESSAGE][INFO] - Finding web element with id: 'Object Repository/Sayfalar/Giris_Sayfasi/RetveTamam_Butonu' located by 'By.xpath: //*[@class = 'btn btn-default']' in '30' second(s)

2021-11-11 09:51:29 - [MESSAGE][INFO] - Smart Wait Function is triggered

2021-11-11 09:51:33 - [MESSAGE][INFO] - Found 1 web elements with id: 'Object Repository/Sayfalar/Giris_Sayfasi/RetveTamam_Butonu' located by 'By.xpath: //*[@class = 'btn btn-default']' in '30' second(s)

2021-11-11 09:51:33 - [MESSAGE][INFO] - Clicking on object: 'Object Repository/Sayfalar/Giris_Sayfasi/RetveTamam_Butonu'

2021-11-11 09:51:33 - [MESSAGE][PASSED] - Object: 'Object Repository/Sayfalar/Giris_Sayfasi/RetveTamam_Butonu' is clicked on

2021-11-11 09:51:33 - [TEST_STEP][PASSED] - if (verifyElementPresent(findTestObject("Sayfalar/Giris_Sayfasi/PopupOK"), 5, OPTIONAL)): null

2021-11-11 09:51:33 - [MESSAGE][INFO] - Finding Test Object 'Object Repository/Sayfalar/Giris_Sayfasi/PopupOK'

2021-11-11 09:51:33 - [MESSAGE][INFO] - Checking object

2021-11-11 09:51:33 - [MESSAGE][INFO] - Finding web element from Test Object's properties

2021-11-11 09:51:33 - [MESSAGE][INFO] - Checking timeout

2021-11-11 09:51:33 - [MESSAGE][INFO] - Finding web element with id: 'Object Repository/Sayfalar/Giris_Sayfasi/PopupOK' located by 'By.cssSelector: .btn.btn-success' in '5' second(s)

2021-11-11 09:51:33 - [MESSAGE][INFO] - Smart Wait Function is triggered

2021-11-11 09:51:34 - [MESSAGE][INFO] - Found 1 web elements with id: 'Object Repository/Sayfalar/Giris_Sayfasi/PopupOK' located by 'By.cssSelector: .btn.btn-success' in '5' second(s)

2021-11-11 09:51:34 - [MESSAGE][PASSED] - Object 'Object Repository/Sayfalar/Giris_Sayfasi/PopupOK' is present

2021-11-11 09:51:34 - [TEST_STEP][PASSED] - click(findTestObject("Object Repository/Sayfalar/Giris_Sayfasi/PopupCarpiGiris")): Object: 'Object Repository/Sayfalar/Giris_Sayfasi/PopupCarpiGiris' is clicked on

2021-11-11 09:51:34 - [MESSAGE][INFO] - Finding Test Object 'Object Repository/Sayfalar/Giris_Sayfasi/PopupCarpiGiris'

2021-11-11 09:51:34 - [MESSAGE][INFO] - Checking object

2021-11-11 09:51:34 - [MESSAGE][INFO] - Finding web element from Test Object's properties

2021-11-11 09:51:34 - [MESSAGE][INFO] - Checking timeout

2021-11-11 09:51:34 - [MESSAGE][INFO] - Finding web element with id: 'Object Repository/Sayfalar/Giris_Sayfasi/PopupCarpiGiris' located by 'By.cssSelector: .bootbox-close-button.close' in '30' second(s)

2021-11-11 09:51:34 - [MESSAGE][INFO] - Smart Wait Function is triggered

2021-11-11 09:51:34 - [MESSAGE][INFO] - Found 1 web elements with id: 'Object Repository/Sayfalar/Giris_Sayfasi/PopupCarpiGiris' located by 'By.cssSelector: .bootbox-close-button.close' in '30' second(s)

2021-11-11 09:51:34 - [MESSAGE][INFO] - Clicking on object: 'Object Repository/Sayfalar/Giris_Sayfasi/PopupCarpiGiris'

2021-11-11 09:51:34 - [MESSAGE][PASSED] - Object: 'Object Repository/Sayfalar/Giris_Sayfasi/PopupCarpiGiris' is clicked on

2021-11-11 09:51:34 - [TEST_STEP][PASSED] - verifyElementVisible(findTestObject("Object Repository/Kullanici_Islemleri/KullaniciIslemleri")): Object 'Object Repository/Kullanici_Islemleri/KullaniciIslemleri' is visible

2021-11-11 09:51:34 - [MESSAGE][INFO] - Finding Test Object 'Object Repository/Kullanici_Islemleri/KullaniciIslemleri'

2021-11-11 09:51:34 - [MESSAGE][INFO] - Checking object

2021-11-11 09:51:34 - [MESSAGE][INFO] - Finding web element from Test Object's properties

2021-11-11 09:51:34 - [MESSAGE][INFO] - Checking timeout

2021-11-11 09:51:34 - [MESSAGE][INFO] - Finding web element with id: 'Object Repository/Kullanici_Islemleri/KullaniciIslemleri' located by 'By.cssSelector: .dropdown>a>img' in '30' second(s)

2021-11-11 09:51:34 - [MESSAGE][INFO] - Smart Wait Function is triggered

2021-11-11 09:51:35 - [MESSAGE][INFO] - Found 1 web elements with id: 'Object Repository/Kullanici_Islemleri/KullaniciIslemleri' located by 'By.cssSelector: .dropdown>a>img' in '30' second(s)

2021-11-11 09:51:35 - [MESSAGE][PASSED] - Object 'Object Repository/Kullanici_Islemleri/KullaniciIslemleri' is visible

2021-11-11 09:51:35 - [MESSAGE][PASSED] - Call Test Case 'Test Cases/Sayfalar/Giris_Sayfasi/Login' successfully

2021-11-11 09:51:35 - [MESSAGE][INFO] - Checking called Test Case

2021-11-11 09:51:35 - [MESSAGE][INFO] - Starting to call Test Case 'Test Cases/Menu/AnaMenuSecimi'

2021-11-11 09:51:35 - [TEST_CASE][PASSED] - Test Cases/Menu/AnaMenuSecimi: Test Cases/Menu/AnaMenuSecimi

2021-11-11 09:51:35 - [TEST_STEP][PASSED] - Method.TextDegerineEsitElementeTikla(findTestObject("Menu/Ana_Menu"), Ana_Menu): Method.TextDegerineEsitElementeTikla is PASSED

2021-11-11 09:51:35 - [MESSAGE][INFO] - Finding Test Object 'Object Repository/Menu/Ana_Menu'

2021-11-11 09:51:35 - [MESSAGE][INFO] - Checking timeout

2021-11-11 09:51:35 - [MESSAGE][INFO] - Finding web element with id: 'Object Repository/Menu/Ana_Menu' located by 'By.xpath: //*[@class = 'dropdown-toggle']' in '10' second(s)

2021-11-11 09:51:35 - [MESSAGE][INFO] - Smart Wait Function is triggered

2021-11-11 09:51:35 - [MESSAGE][INFO] - Found 14 web elements with id: 'Object Repository/Menu/Ana_Menu' located by 'By.xpath: //*[@class = 'dropdown-toggle']' in '10' second(s)

2021-11-11 09:51:36 - [MESSAGE][PASSED] - Method.TextDegerineEsitElementeTikla is PASSED

2021-11-11 09:51:36 - [MESSAGE][PASSED] - Call Test Case 'Test Cases/Menu/AnaMenuSecimi' successfully

2021-11-11 09:51:36 - [MESSAGE][INFO] - Checking called Test Case

2021-11-11 09:51:36 - [MESSAGE][INFO] - Starting to call Test Case 'Test Cases/Menu/AltMenuSecimi'

2021-11-11 09:51:36 - [TEST_CASE][ERROR] - Test Cases/Menu/AltMenuSecimi: Test Cases/Menu/AltMenuSecimi FAILED.
Reason:
org.openqa.selenium.TimeoutException: timeout: Timed out receiving message from renderer: 300.000
  (Session info: chrome=95.0.4638.69)
Build info: version: '3.141.59', revision: 'e82be7d358', time: '2018-11-14T08:25:53'
System info: host: 'DESKTOP-QBVMTUG', ip: '192.168.1.18', os.name: 'Windows 10', os.arch: 'amd64', os.version: '10.0', java.version: '1.8.0_282'
Driver info: com.kms.katalon.selenium.driver.CChromeDriver
Capabilities {acceptInsecureCerts: false, browserName: chrome, browserVersion: 95.0.4638.69, chrome: {chromedriverVersion: 94.0.4606.61 (418b78f5838ed..., userDataDir: C:\Users\DELL\AppData\Local...}, goog:chromeOptions: {debuggerAddress: localhost:60281}, javascriptEnabled: true, networkConnectionEnabled: false, pageLoadStrategy: normal, platform: WINDOWS, platformName: WINDOWS, proxy: Proxy(), setWindowRect: true, strictFileInteractability: false, timeouts: {implicit: 0, pageLoad: 300000, script: 30000}, unhandledPromptBehavior: dismiss and notify, webauthn:extension:credBlob: true, webauthn:extension:largeBlob: true, webauthn:virtualAuthenticators: true}
Session ID: c736758d4ca95b1d0934db0ea92f812e
	at org.openqa.selenium.remote.http.W3CHttpResponseCodec.createException(W3CHttpResponseCodec.java:187)
	at org.openqa.selenium.remote.http.W3CHttpResponseCodec.decode(W3CHttpResponseCodec.java:122)
	at org.openqa.selenium.remote.http.W3CHttpResponseCodec.decode(W3CHttpResponseCodec.java:49)
	at org.openqa.selenium.remote.HttpCommandExecutor.execute(HttpCommandExecutor.java:158)
	at org.openqa.selenium.remote.service.DriverCommandExecutor.execute(DriverCommandExecutor.java:83)
	at org.openqa.selenium.remote.RemoteWebDriver.execute(RemoteWebDriver.java:552)
	at com.kms.katalon.selenium.driver.CChromeDriver.execute(CChromeDriver.java:19)
	at org.openqa.selenium.remote.RemoteWebElement.execute(RemoteWebElement.java:285)
	at org.openqa.selenium.remote.RemoteWebElement.click(RemoteWebElement.java:84)
	at org.openqa.selenium.support.events.EventFiringWebDriver$EventFiringWebElement.lambda$new$0(EventFiringWebDriver.java:404)
	at com.sun.proxy.$Proxy20.click(Unknown Source)
	at org.openqa.selenium.support.events.EventFiringWebDriver$EventFiringWebElement.click(EventFiringWebDriver.java:417)
	at org.openqa.selenium.WebElement$click.call(Unknown Source)
	at Method.TextDegerineEsitElementeTikla(Method.groovy:71)
	at Method.invokeMethod(Method.groovy)
	at com.kms.katalon.core.main.CustomKeywordDelegatingMetaClass.invokeStaticMethod(CustomKeywordDelegatingMetaClass.java:50)
	at AltMenuSecimi.run(AltMenuSecimi:17)
	at com.kms.katalon.core.main.ScriptEngine.run(ScriptEngine.java:194)
	at com.kms.katalon.core.main.ScriptEngine.runScriptAsRawText(ScriptEngine.java:119)
	at com.kms.katalon.core.main.TestCaseExecutor.runScript(TestCaseExecutor.java:369)
	at com.kms.katalon.core.main.TestCaseExecutor.doExecute(TestCaseExecutor.java:360)
	at com.kms.katalon.core.main.TestCaseExecutor.processExecutionPhase(TestCaseExecutor.java:339)
	at com.kms.katalon.core.main.TestCaseExecutor.accessMainPhase(TestCaseExecutor.java:331)
	at com.kms.katalon.core.main.TestCaseExecutor.execute(TestCaseExecutor.java:248)
	at com.kms.katalon.core.main.TestCaseMain.runTestCase(TestCaseMain.java:138)
	at com.kms.katalon.core.keyword.builtin.CallTestCaseKeyword$_callTestCase_closure1.doCall(CallTestCaseKeyword.groovy:59)
	at com.kms.katalon.core.keyword.builtin.CallTestCaseKeyword$_callTestCase_closure1.call(CallTestCaseKeyword.groovy)
	at com.kms.katalon.core.keyword.internal.KeywordMain.runKeyword(KeywordMain.groovy:68)
	at com.kms.katalon.core.keyword.builtin.CallTestCaseKeyword.callTestCase(CallTestCaseKeyword.groovy:81)
	at com.kms.katalon.core.keyword.builtin.CallTestCaseKeyword.execute(CallTestCaseKeyword.groovy:44)
	at com.kms.katalon.core.keyword.internal.KeywordExecutor.executeKeywordForPlatform(KeywordExecutor.groovy:73)
	at com.kms.katalon.core.keyword.BuiltinKeywords.callTestCase(BuiltinKeywords.groovy:334)
	at menu.menu.altMenuSecimi(menu.groovy:56)
	at cucumber.runtime.Utils$1.call(Utils.java:26)
	at cucumber.runtime.Timeout.timeout(Timeout.java:16)
	at cucumber.runtime.Utils.invoke(Utils.java:20)
	at cucumber.runtime.java.JavaStepDefinition.execute(JavaStepDefinition.java:49)
	at cucumber.runner.PickleStepDefinitionMatch.runStep(PickleStepDefinitionMatch.java:50)
	at cucumber.runner.TestStep.executeStep(TestStep.java:63)
	at cucumber.runner.TestStep.run(TestStep.java:49)
	at cucumber.runner.PickleStepTestStep.run(PickleStepTestStep.java:43)
	at cucumber.runner.TestCase.run(TestCase.java:44)
	at cucumber.runner.Runner.runPickle(Runner.java:40)
	at cucumber.runtime.Runtime$1.run(Runtime.java:84)
	at cucumber.runtime.Runtime$SameThreadExecutorService.execute(Runtime.java:220)
	at cucumber.runtime.Runtime.run(Runtime.java:81)
	at cucumber.api.cli.Main.run(Main.java:26)
	at cucumber.api.cli.Main$run.call(Unknown Source)
	at com.kms.katalon.core.cucumber.keyword.CucumberBuiltinKeywords$_runFeatureFile_closure1.doCall(CucumberBuiltinKeywords.groovy:106)
	at com.kms.katalon.core.cucumber.keyword.CucumberBuiltinKeywords$_runFeatureFile_closure1.doCall(CucumberBuiltinKeywords.groovy)
	at com.kms.katalon.core.keyword.internal.KeywordMain.runKeyword(KeywordMain.groovy:68)
	at com.kms.katalon.core.keyword.internal.KeywordMain$runKeyword.call(Unknown Source)
	at com.kms.katalon.core.cucumber.keyword.CucumberBuiltinKeywords.runFeatureFile(CucumberBuiltinKeywords.groovy:73)
	at com.kms.katalon.core.cucumber.keyword.CucumberBuiltinKeywords$runFeatureFile$0.callStatic(Unknown Source)
	at com.kms.katalon.core.cucumber.keyword.CucumberBuiltinKeywords.runFeatureFile(CucumberBuiltinKeywords.groovy:246)
	at com.kms.katalon.core.cucumber.keyword.CucumberBuiltinKeywords$runFeatureFile.call(Unknown Source)
	at Secilenleri Excele Aktar.run(Secilenleri Excele Aktar:17)
	at com.kms.katalon.core.main.ScriptEngine.run(ScriptEngine.java:194)
	at com.kms.katalon.core.main.ScriptEngine.runScriptAsRawText(ScriptEngine.java:119)
	at com.kms.katalon.core.main.TestCaseExecutor.runScript(TestCaseExecutor.java:369)
	at com.kms.katalon.core.main.TestCaseExecutor.doExecute(TestCaseExecutor.java:360)
	at com.kms.katalon.core.main.TestCaseExecutor.processExecutionPhase(TestCaseExecutor.java:339)
	at com.kms.katalon.core.main.TestCaseExecutor.accessMainPhase(TestCaseExecutor.java:331)
	at com.kms.katalon.core.main.TestCaseExecutor.execute(TestCaseExecutor.java:248)
	at com.kms.katalon.core.main.TestSuiteExecutor.accessTestCaseMainPhase(TestSuiteExecutor.java:191)
	at com.kms.katalon.core.main.TestSuiteExecutor.accessTestSuiteMainPhase(TestSuiteExecutor.java:140)
	at com.kms.katalon.core.main.TestSuiteExecutor.execute(TestSuiteExecutor.java:89)
	at com.kms.katalon.core.main.TestCaseMain.startTestSuite(TestCaseMain.java:181)
	at com.kms.katalon.core.main.TestCaseMain$startTestSuite$0.call(Unknown Source)
	at TempTestSuite1636610890132.run(TempTestSuite1636610890132.groovy:39)


2021-11-11 09:51:36 - [TEST_STEP][ERROR] - Method.TextDegerineEsitElementeTikla(findTestObject("Menu/Alt_Menu"), Alt_Menu): timeout: Timed out receiving message from renderer: 300.000
  (Session info: chrome=95.0.4638.69)
Build info: version: '3.141.59', revision: 'e82be7d358', time: '2018-11-14T08:25:53'
System info: host: 'DESKTOP-QBVMTUG', ip: '192.168.1.18', os.name: 'Windows 10', os.arch: 'amd64', os.version: '10.0', java.version: '1.8.0_282'
Driver info: com.kms.katalon.selenium.driver.CChromeDriver
Capabilities {acceptInsecureCerts: false, browserName: chrome, browserVersion: 95.0.4638.69, chrome: {chromedriverVersion: 94.0.4606.61 (418b78f5838ed..., userDataDir: C:\Users\DELL\AppData\Local...}, goog:chromeOptions: {debuggerAddress: localhost:60281}, javascriptEnabled: true, networkConnectionEnabled: false, pageLoadStrategy: normal, platform: WINDOWS, platformName: WINDOWS, proxy: Proxy(), setWindowRect: true, strictFileInteractability: false, timeouts: {implicit: 0, pageLoad: 300000, script: 30000}, unhandledPromptBehavior: dismiss and notify, webauthn:extension:credBlob: true, webauthn:extension:largeBlob: true, webauthn:virtualAuthenticators: true}
Session ID: c736758d4ca95b1d0934db0ea92f812e

2021-11-11 09:51:36 - [MESSAGE][INFO] - Finding Test Object 'Object Repository/Menu/Alt_Menu'

2021-11-11 09:51:36 - [MESSAGE][INFO] - Checking timeout

2021-11-11 09:51:36 - [MESSAGE][INFO] - Finding web element with id: 'Object Repository/Menu/Alt_Menu' located by 'By.xpath: //li[@class='dropdown dropdown-large open']//li[@class='dropdown-element']' in '10' second(s)

2021-11-11 09:51:36 - [MESSAGE][INFO] - Smart Wait Function is triggered

2021-11-11 09:51:36 - [MESSAGE][INFO] - Found 2 web elements with id: 'Object Repository/Menu/Alt_Menu' located by 'By.xpath: //li[@class='dropdown dropdown-large open']//li[@class='dropdown-element']' in '10' second(s)

2021-11-11 09:56:36 - [MESSAGE][ERROR] - timeout: Timed out receiving message from renderer: 300.000
  (Session info: chrome=95.0.4638.69)
Build info: version: '3.141.59', revision: 'e82be7d358', time: '2018-11-14T08:25:53'
System info: host: 'DESKTOP-QBVMTUG', ip: '192.168.1.18', os.name: 'Windows 10', os.arch: 'amd64', os.version: '10.0', java.version: '1.8.0_282'
Driver info: com.kms.katalon.selenium.driver.CChromeDriver
Capabilities {acceptInsecureCerts: false, browserName: chrome, browserVersion: 95.0.4638.69, chrome: {chromedriverVersion: 94.0.4606.61 (418b78f5838ed..., userDataDir: C:\Users\DELL\AppData\Local...}, goog:chromeOptions: {debuggerAddress: localhost:60281}, javascriptEnabled: true, networkConnectionEnabled: false, pageLoadStrategy: normal, platform: WINDOWS, platformName: WINDOWS, proxy: Proxy(), setWindowRect: true, strictFileInteractability: false, timeouts: {implicit: 0, pageLoad: 300000, script: 30000}, unhandledPromptBehavior: dismiss and notify, webauthn:extension:credBlob: true, webauthn:extension:largeBlob: true, webauthn:virtualAuthenticators: true}
Session ID: c736758d4ca95b1d0934db0ea92f812e

2021-11-11 09:56:36 - [MESSAGE][FAILED] - Unable to call Test Case 'Test Cases/Menu/AltMenuSecimi' (Root cause: com.kms.katalon.core.exception.StepErrorException: Call Test Case 'Test Cases/Menu/AltMenuSecimi' failed because of error(s)
	at com.kms.katalon.core.keyword.builtin.CallTestCaseKeyword$_callTestCase_closure1.doCall(CallTestCaseKeyword.groovy:66)
	at com.kms.katalon.core.keyword.builtin.CallTestCaseKeyword$_callTestCase_closure1.call(CallTestCaseKeyword.groovy)
	at com.kms.katalon.core.keyword.internal.KeywordMain.runKeyword(KeywordMain.groovy:68)
	at com.kms.katalon.core.keyword.builtin.CallTestCaseKeyword.callTestCase(CallTestCaseKeyword.groovy:81)
	at com.kms.katalon.core.keyword.builtin.CallTestCaseKeyword.execute(CallTestCaseKeyword.groovy:44)
	at com.kms.katalon.core.keyword.internal.KeywordExecutor.executeKeywordForPlatform(KeywordExecutor.groovy:73)
	at com.kms.katalon.core.keyword.BuiltinKeywords.callTestCase(BuiltinKeywords.groovy:334)
	at menu.menu.altMenuSecimi(menu.groovy:56)
	at cucumber.runtime.Utils$1.call(Utils.java:26)
	at cucumber.runtime.Timeout.timeout(Timeout.java:16)
	at cucumber.runtime.Utils.invoke(Utils.java:20)
	at cucumber.runtime.java.JavaStepDefinition.execute(JavaStepDefinition.java:49)
	at cucumber.runner.PickleStepDefinitionMatch.runStep(PickleStepDefinitionMatch.java:50)
	at cucumber.runner.TestStep.executeStep(TestStep.java:63)
	at cucumber.runner.TestStep.run(TestStep.java:49)
	at cucumber.runner.PickleStepTestStep.run(PickleStepTestStep.java:43)
	at cucumber.runner.TestCase.run(TestCase.java:44)
	at cucumber.runner.Runner.runPickle(Runner.java:40)
	at cucumber.runtime.Runtime$1.run(Runtime.java:84)
	at cucumber.runtime.Runtime$SameThreadExecutorService.execute(Runtime.java:220)
	at cucumber.runtime.Runtime.run(Runtime.java:81)
	at cucumber.api.cli.Main.run(Main.java:26)
	at cucumber.api.cli.Main$run.call(Unknown Source)
	at com.kms.katalon.core.cucumber.keyword.CucumberBuiltinKeywords$_runFeatureFile_closure1.doCall(CucumberBuiltinKeywords.groovy:106)
	at com.kms.katalon.core.cucumber.keyword.CucumberBuiltinKeywords$_runFeatureFile_closure1.doCall(CucumberBuiltinKeywords.groovy)
	at com.kms.katalon.core.keyword.internal.KeywordMain.runKeyword(KeywordMain.groovy:68)
	at com.kms.katalon.core.keyword.internal.KeywordMain$runKeyword.call(Unknown Source)
	at com.kms.katalon.core.cucumber.keyword.CucumberBuiltinKeywords.runFeatureFile(CucumberBuiltinKeywords.groovy:73)
	at com.kms.katalon.core.cucumber.keyword.CucumberBuiltinKeywords$runFeatureFile$0.callStatic(Unknown Source)
	at com.kms.katalon.core.cucumber.keyword.CucumberBuiltinKeywords.runFeatureFile(CucumberBuiltinKeywords.groovy:246)
	at com.kms.katalon.core.cucumber.keyword.CucumberBuiltinKeywords$runFeatureFile.call(Unknown Source)
	at Secilenleri Excele Aktar.run(Secilenleri Excele Aktar:17)
	at com.kms.katalon.core.main.ScriptEngine.run(ScriptEngine.java:194)
	at com.kms.katalon.core.main.ScriptEngine.runScriptAsRawText(ScriptEngine.java:119)
	at com.kms.katalon.core.main.TestCaseExecutor.runScript(TestCaseExecutor.java:369)
	at com.kms.katalon.core.main.TestCaseExecutor.doExecute(TestCaseExecutor.java:360)
	at com.kms.katalon.core.main.TestCaseExecutor.processExecutionPhase(TestCaseExecutor.java:339)
	at com.kms.katalon.core.main.TestCaseExecutor.accessMainPhase(TestCaseExecutor.java:331)
	at com.kms.katalon.core.main.TestCaseExecutor.execute(TestCaseExecutor.java:248)
	at com.kms.katalon.core.main.TestSuiteExecutor.accessTestCaseMainPhase(TestSuiteExecutor.java:191)
	at com.kms.katalon.core.main.TestSuiteExecutor.accessTestSuiteMainPhase(TestSuiteExecutor.java:140)
	at com.kms.katalon.core.main.TestSuiteExecutor.execute(TestSuiteExecutor.java:89)
	at com.kms.katalon.core.main.TestCaseMain.startTestSuite(TestCaseMain.java:181)
	at com.kms.katalon.core.main.TestCaseMain$startTestSuite$0.call(Unknown Source)
	at TempTestSuite1636610890132.run(TempTestSuite1636610890132.groovy:39)
Caused by: org.openqa.selenium.TimeoutException: timeout: Timed out receiving message from renderer: 300.000
  (Session info: chrome=95.0.4638.69)
Build info: version: '3.141.59', revision: 'e82be7d358', time: '2018-11-14T08:25:53'
System info: host: 'DESKTOP-QBVMTUG', ip: '192.168.1.18', os.name: 'Windows 10', os.arch: 'amd64', os.version: '10.0', java.version: '1.8.0_282'
Driver info: com.kms.katalon.selenium.driver.CChromeDriver
Capabilities {acceptInsecureCerts: false, browserName: chrome, browserVersion: 95.0.4638.69, chrome: {chromedriverVersion: 94.0.4606.61 (418b78f5838ed..., userDataDir: C:\Users\DELL\AppData\Local...}, goog:chromeOptions: {debuggerAddress: localhost:60281}, javascriptEnabled: true, networkConnectionEnabled: false, pageLoadStrategy: normal, platform: WINDOWS, platformName: WINDOWS, proxy: Proxy(), setWindowRect: true, strictFileInteractability: false, timeouts: {implicit: 0, pageLoad: 300000, script: 30000}, unhandledPromptBehavior: dismiss and notify, webauthn:extension:credBlob: true, webauthn:extension:largeBlob: true, webauthn:virtualAuthenticators: true}
Session ID: c736758d4ca95b1d0934db0ea92f812e
	at org.openqa.selenium.remote.http.W3CHttpResponseCodec.createException(W3CHttpResponseCodec.java:187)
	at org.openqa.selenium.remote.http.W3CHttpResponseCodec.decode(W3CHttpResponseCodec.java:122)
	at org.openqa.selenium.remote.http.W3CHttpResponseCodec.decode(W3CHttpResponseCodec.java:49)
	at org.openqa.selenium.remote.HttpCommandExecutor.execute(HttpCommandExecutor.java:158)
	at org.openqa.selenium.remote.service.DriverCommandExecutor.execute(DriverCommandExecutor.java:83)
	at org.openqa.selenium.remote.RemoteWebDriver.execute(RemoteWebDriver.java:552)
	at com.kms.katalon.selenium.driver.CChromeDriver.execute(CChromeDriver.java:19)
	at org.openqa.selenium.remote.RemoteWebElement.execute(RemoteWebElement.java:285)
	at org.openqa.selenium.remote.RemoteWebElement.click(RemoteWebElement.java:84)
	at org.openqa.selenium.support.events.EventFiringWebDriver$EventFiringWebElement.lambda$new$0(EventFiringWebDriver.java:404)
	at com.sun.proxy.$Proxy20.click(Unknown Source)
	at org.openqa.selenium.support.events.EventFiringWebDriver$EventFiringWebElement.click(EventFiringWebDriver.java:417)
	at org.openqa.selenium.WebElement$click.call(Unknown Source)
	at Method.TextDegerineEsitElementeTikla(Method.groovy:71)
	at Method.invokeMethod(Method.groovy)
	at com.kms.katalon.core.main.CustomKeywordDelegatingMetaClass.invokeStaticMethod(CustomKeywordDelegatingMetaClass.java:50)
	at AltMenuSecimi.run(AltMenuSecimi:17)
	at com.kms.katalon.core.main.ScriptEngine.run(ScriptEngine.java:194)
	at com.kms.katalon.core.main.ScriptEngine.runScriptAsRawText(ScriptEngine.java:119)
	at com.kms.katalon.core.main.TestCaseExecutor.runScript(TestCaseExecutor.java:369)
	at com.kms.katalon.core.main.TestCaseExecutor.doExecute(TestCaseExecutor.java:360)
	at com.kms.katalon.core.main.TestCaseExecutor.processExecutionPhase(TestCaseExecutor.java:339)
	at com.kms.katalon.core.main.TestCaseExecutor.accessMainPhase(TestCaseExecutor.java:331)
	at com.kms.katalon.core.main.TestCaseExecutor.execute(TestCaseExecutor.java:248)
	at com.kms.katalon.core.main.TestCaseMain.runTestCase(TestCaseMain.java:138)
	at com.kms.katalon.core.keyword.builtin.CallTestCaseKeyword$_callTestCase_closure1.doCall(CallTestCaseKeyword.groovy:59)
	... 44 more
)

2021-11-11 09:56:36 - [TEST_CASE][ERROR] - Start Test Case : SCENARIO Giden Zarf excele aktar: SCENARIO Giden Zarf excele aktar FAILED.
Reason:
com.kms.katalon.core.exception.StepErrorException: Call Test Case 'Test Cases/Menu/AltMenuSecimi' failed because of error(s)
	at com.kms.katalon.core.keyword.builtin.CallTestCaseKeyword$_callTestCase_closure1.doCall(CallTestCaseKeyword.groovy:66)
	at com.kms.katalon.core.keyword.builtin.CallTestCaseKeyword$_callTestCase_closure1.call(CallTestCaseKeyword.groovy)
	at com.kms.katalon.core.keyword.internal.KeywordMain.runKeyword(KeywordMain.groovy:68)
	at com.kms.katalon.core.keyword.builtin.CallTestCaseKeyword.callTestCase(CallTestCaseKeyword.groovy:81)
	at com.kms.katalon.core.keyword.builtin.CallTestCaseKeyword.execute(CallTestCaseKeyword.groovy:44)
	at com.kms.katalon.core.keyword.internal.KeywordExecutor.executeKeywordForPlatform(KeywordExecutor.groovy:73)
	at com.kms.katalon.core.keyword.BuiltinKeywords.callTestCase(BuiltinKeywords.groovy:334)
	at menu.menu.altMenuSecimi(menu.groovy:56)
	at ✽.Alt menüden Giden Zarflar seçilir(C:/Users/DELL/Documents/GitHub/EES_KatalonLogo/Include/features/Zarflar/Giden Zarflar/Secilenleri Excele Aktar.feature:6)
Caused by: org.openqa.selenium.TimeoutException: timeout: Timed out receiving message from renderer: 300.000
  (Session info: chrome=95.0.4638.69)
Build info: version: '3.141.59', revision: 'e82be7d358', time: '2018-11-14T08:25:53'
System info: host: 'DESKTOP-QBVMTUG', ip: '192.168.1.18', os.name: 'Windows 10', os.arch: 'amd64', os.version: '10.0', java.version: '1.8.0_282'
Driver info: com.kms.katalon.selenium.driver.CChromeDriver
Capabilities {acceptInsecureCerts: false, browserName: chrome, browserVersion: 95.0.4638.69, chrome: {chromedriverVersion: 94.0.4606.61 (418b78f5838ed..., userDataDir: C:\Users\DELL\AppData\Local...}, goog:chromeOptions: {debuggerAddress: localhost:60281}, javascriptEnabled: true, networkConnectionEnabled: false, pageLoadStrategy: normal, platform: WINDOWS, platformName: WINDOWS, proxy: Proxy(), setWindowRect: true, strictFileInteractability: false, timeouts: {implicit: 0, pageLoad: 300000, script: 30000}, unhandledPromptBehavior: dismiss and notify, webauthn:extension:credBlob: true, webauthn:extension:largeBlob: true, webauthn:virtualAuthenticators: true}
Session ID: c736758d4ca95b1d0934db0ea92f812e
	at org.openqa.selenium.remote.http.W3CHttpResponseCodec.createException(W3CHttpResponseCodec.java:187)
	at org.openqa.selenium.remote.http.W3CHttpResponseCodec.decode(W3CHttpResponseCodec.java:122)
	at org.openqa.selenium.remote.http.W3CHttpResponseCodec.decode(W3CHttpResponseCodec.java:49)
	at org.openqa.selenium.remote.HttpCommandExecutor.execute(HttpCommandExecutor.java:158)
	at org.openqa.selenium.remote.service.DriverCommandExecutor.execute(DriverCommandExecutor.java:83)
	at org.openqa.selenium.remote.RemoteWebDriver.execute(RemoteWebDriver.java:552)
	at com.kms.katalon.selenium.driver.CChromeDriver.execute(CChromeDriver.java:19)
	at org.openqa.selenium.remote.RemoteWebElement.execute(RemoteWebElement.java:285)
	at org.openqa.selenium.remote.RemoteWebElement.click(RemoteWebElement.java:84)
	at org.openqa.selenium.support.events.EventFiringWebDriver$EventFiringWebElement.lambda$new$0(EventFiringWebDriver.java:404)
	at com.sun.proxy.$Proxy20.click(Unknown Source)
	at org.openqa.selenium.support.events.EventFiringWebDriver$EventFiringWebElement.click(EventFiringWebDriver.java:417)
	at org.openqa.selenium.WebElement$click.call(Unknown Source)
	at Method.TextDegerineEsitElementeTikla(Method.groovy:71)
	at Method.invokeMethod(Method.groovy)
	at com.kms.katalon.core.main.CustomKeywordDelegatingMetaClass.invokeStaticMethod(CustomKeywordDelegatingMetaClass.java:50)
	at AltMenuSecimi.run(AltMenuSecimi:17)
	at com.kms.katalon.core.main.ScriptEngine.run(ScriptEngine.java:194)
	at com.kms.katalon.core.main.ScriptEngine.runScriptAsRawText(ScriptEngine.java:119)
	at com.kms.katalon.core.main.TestCaseExecutor.runScript(TestCaseExecutor.java:369)
	at com.kms.katalon.core.main.TestCaseExecutor.doExecute(TestCaseExecutor.java:360)
	at com.kms.katalon.core.main.TestCaseExecutor.processExecutionPhase(TestCaseExecutor.java:339)
	at com.kms.katalon.core.main.TestCaseExecutor.accessMainPhase(TestCaseExecutor.java:331)
	at com.kms.katalon.core.main.TestCaseExecutor.execute(TestCaseExecutor.java:248)
	at com.kms.katalon.core.main.TestCaseMain.runTestCase(TestCaseMain.java:138)
	at com.kms.katalon.core.keyword.builtin.CallTestCaseKeyword$_callTestCase_closure1.doCall(CallTestCaseKeyword.groovy:59)
	at com.kms.katalon.core.keyword.builtin.CallTestCaseKeyword$_callTestCase_closure1.call(CallTestCaseKeyword.groovy)
	at com.kms.katalon.core.keyword.internal.KeywordMain.runKeyword(KeywordMain.groovy:68)
	at com.kms.katalon.core.keyword.builtin.CallTestCaseKeyword.callTestCase(CallTestCaseKeyword.groovy:81)
	at com.kms.katalon.core.keyword.builtin.CallTestCaseKeyword.execute(CallTestCaseKeyword.groovy:44)
	at com.kms.katalon.core.keyword.internal.KeywordExecutor.executeKeywordForPlatform(KeywordExecutor.groovy:73)
	at com.kms.katalon.core.keyword.BuiltinKeywords.callTestCase(BuiltinKeywords.groovy:334)
	at menu.menu.altMenuSecimi(menu.groovy:56)
	at cucumber.runtime.Utils$1.call(Utils.java:26)
	at cucumber.runtime.Timeout.timeout(Timeout.java:16)
	at cucumber.runtime.Utils.invoke(Utils.java:20)
	at cucumber.runtime.java.JavaStepDefinition.execute(JavaStepDefinition.java:49)
	at cucumber.runner.PickleStepDefinitionMatch.runStep(PickleStepDefinitionMatch.java:50)
	at cucumber.runner.TestStep.executeStep(TestStep.java:63)
	at cucumber.runner.TestStep.run(TestStep.java:49)
	at cucumber.runner.PickleStepTestStep.run(PickleStepTestStep.java:43)
	at cucumber.runner.TestCase.run(TestCase.java:44)
	at cucumber.runner.Runner.runPickle(Runner.java:40)
	at cucumber.runtime.Runtime$1.run(Runtime.java:84)
	at cucumber.runtime.Runtime$SameThreadExecutorService.execute(Runtime.java:220)
	at cucumber.runtime.Runtime.run(Runtime.java:81)
	at cucumber.api.cli.Main.run(Main.java:26)
	at cucumber.api.cli.Main$run.call(Unknown Source)
	at com.kms.katalon.core.cucumber.keyword.CucumberBuiltinKeywords$_runFeatureFile_closure1.doCall(CucumberBuiltinKeywords.groovy:106)
	at com.kms.katalon.core.cucumber.keyword.CucumberBuiltinKeywords$_runFeatureFile_closure1.doCall(CucumberBuiltinKeywords.groovy)
	at com.kms.katalon.core.keyword.internal.KeywordMain.runKeyword(KeywordMain.groovy:68)
	at com.kms.katalon.core.keyword.internal.KeywordMain$runKeyword.call(Unknown Source)
	at com.kms.katalon.core.cucumber.keyword.CucumberBuiltinKeywords.runFeatureFile(CucumberBuiltinKeywords.groovy:73)
	at com.kms.katalon.core.cucumber.keyword.CucumberBuiltinKeywords$runFeatureFile$0.callStatic(Unknown Source)
	at com.kms.katalon.core.cucumber.keyword.CucumberBuiltinKeywords.runFeatureFile(CucumberBuiltinKeywords.groovy:246)
	at com.kms.katalon.core.cucumber.keyword.CucumberBuiltinKeywords$runFeatureFile.call(Unknown Source)
	at Secilenleri Excele Aktar.run(Secilenleri Excele Aktar:17)
	at com.kms.katalon.core.main.ScriptEngine.run(ScriptEngine.java:194)
	at com.kms.katalon.core.main.ScriptEngine.runScriptAsRawText(ScriptEngine.java:119)
	at com.kms.katalon.core.main.TestCaseExecutor.runScript(TestCaseExecutor.java:369)
	at com.kms.katalon.core.main.TestCaseExecutor.doExecute(TestCaseExecutor.java:360)
	at com.kms.katalon.core.main.TestCaseExecutor.processExecutionPhase(TestCaseExecutor.java:339)
	at com.kms.katalon.core.main.TestCaseExecutor.accessMainPhase(TestCaseExecutor.java:331)
	at com.kms.katalon.core.main.TestCaseExecutor.execute(TestCaseExecutor.java:248)
	at com.kms.katalon.core.main.TestSuiteExecutor.accessTestCaseMainPhase(TestSuiteExecutor.java:191)
	at com.kms.katalon.core.main.TestSuiteExecutor.accessTestSuiteMainPhase(TestSuiteExecutor.java:140)
	at com.kms.katalon.core.main.TestSuiteExecutor.execute(TestSuiteExecutor.java:89)
	at com.kms.katalon.core.main.TestCaseMain.startTestSuite(TestCaseMain.java:181)
	at com.kms.katalon.core.main.TestCaseMain$startTestSuite$0.call(Unknown Source)
	at TempTestSuite1636610890132.run(TempTestSuite1636610890132.groovy:39)


2021-11-11 09:56:36 - [TEST_STEP][PASSED] - Kullanıcı adı ELOGO6 ve Şifre 123456 olarak giriş yapılır: Kullanıcı adı ELOGO6 ve Şifre 123456 olarak giriş yapılır

2021-11-11 09:56:36 - [MESSAGE][PASSED] - Kullanıcı adı ELOGO6 ve Şifre 123456 olarak giriş yapılır

2021-11-11 09:56:36 - [TEST_STEP][PASSED] - Ana menüden Zarflar seçilir: Ana menüden Zarflar seçilir

2021-11-11 09:56:36 - [MESSAGE][PASSED] - Ana menüden Zarflar seçilir

2021-11-11 09:56:36 - [TEST_STEP][ERROR] - Alt menüden Giden Zarflar seçilir: Alt menüden Giden Zarflar seçilir FAILED.
Reason:
com.kms.katalon.core.exception.StepErrorException: Call Test Case 'Test Cases/Menu/AltMenuSecimi' failed because of error(s)
	at com.kms.katalon.core.keyword.builtin.CallTestCaseKeyword$_callTestCase_closure1.doCall(CallTestCaseKeyword.groovy:66)
	at com.kms.katalon.core.keyword.builtin.CallTestCaseKeyword$_callTestCase_closure1.call(CallTestCaseKeyword.groovy)
	at com.kms.katalon.core.keyword.internal.KeywordMain.runKeyword(KeywordMain.groovy:68)
	at com.kms.katalon.core.keyword.builtin.CallTestCaseKeyword.callTestCase(CallTestCaseKeyword.groovy:81)
	at com.kms.katalon.core.keyword.builtin.CallTestCaseKeyword.execute(CallTestCaseKeyword.groovy:44)
	at com.kms.katalon.core.keyword.internal.KeywordExecutor.executeKeywordForPlatform(KeywordExecutor.groovy:73)
	at com.kms.katalon.core.keyword.BuiltinKeywords.callTestCase(BuiltinKeywords.groovy:334)
	at menu.menu.altMenuSecimi(menu.groovy:56)
	at ✽.Alt menüden Giden Zarflar seçilir(C:/Users/DELL/Documents/GitHub/EES_KatalonLogo/Include/features/Zarflar/Giden Zarflar/Secilenleri Excele Aktar.feature:6)
Caused by: org.openqa.selenium.TimeoutException: timeout: Timed out receiving message from renderer: 300.000
  (Session info: chrome=95.0.4638.69)
Build info: version: '3.141.59', revision: 'e82be7d358', time: '2018-11-14T08:25:53'
System info: host: 'DESKTOP-QBVMTUG', ip: '192.168.1.18', os.name: 'Windows 10', os.arch: 'amd64', os.version: '10.0', java.version: '1.8.0_282'
Driver info: com.kms.katalon.selenium.driver.CChromeDriver
Capabilities {acceptInsecureCerts: false, browserName: chrome, browserVersion: 95.0.4638.69, chrome: {chromedriverVersion: 94.0.4606.61 (418b78f5838ed..., userDataDir: C:\Users\DELL\AppData\Local...}, goog:chromeOptions: {debuggerAddress: localhost:60281}, javascriptEnabled: true, networkConnectionEnabled: false, pageLoadStrategy: normal, platform: WINDOWS, platformName: WINDOWS, proxy: Proxy(), setWindowRect: true, strictFileInteractability: false, timeouts: {implicit: 0, pageLoad: 300000, script: 30000}, unhandledPromptBehavior: dismiss and notify, webauthn:extension:credBlob: true, webauthn:extension:largeBlob: true, webauthn:virtualAuthenticators: true}
Session ID: c736758d4ca95b1d0934db0ea92f812e
	at org.openqa.selenium.remote.http.W3CHttpResponseCodec.createException(W3CHttpResponseCodec.java:187)
	at org.openqa.selenium.remote.http.W3CHttpResponseCodec.decode(W3CHttpResponseCodec.java:122)
	at org.openqa.selenium.remote.http.W3CHttpResponseCodec.decode(W3CHttpResponseCodec.java:49)
	at org.openqa.selenium.remote.HttpCommandExecutor.execute(HttpCommandExecutor.java:158)
	at org.openqa.selenium.remote.service.DriverCommandExecutor.execute(DriverCommandExecutor.java:83)
	at org.openqa.selenium.remote.RemoteWebDriver.execute(RemoteWebDriver.java:552)
	at com.kms.katalon.selenium.driver.CChromeDriver.execute(CChromeDriver.java:19)
	at org.openqa.selenium.remote.RemoteWebElement.execute(RemoteWebElement.java:285)
	at org.openqa.selenium.remote.RemoteWebElement.click(RemoteWebElement.java:84)
	at org.openqa.selenium.support.events.EventFiringWebDriver$EventFiringWebElement.lambda$new$0(EventFiringWebDriver.java:404)
	at com.sun.proxy.$Proxy20.click(Unknown Source)
	at org.openqa.selenium.support.events.EventFiringWebDriver$EventFiringWebElement.click(EventFiringWebDriver.java:417)
	at org.openqa.selenium.WebElement$click.call(Unknown Source)
	at Method.TextDegerineEsitElementeTikla(Method.groovy:71)
	at Method.invokeMethod(Method.groovy)
	at com.kms.katalon.core.main.CustomKeywordDelegatingMetaClass.invokeStaticMethod(CustomKeywordDelegatingMetaClass.java:50)
	at AltMenuSecimi.run(AltMenuSecimi:17)
	at com.kms.katalon.core.main.ScriptEngine.run(ScriptEngine.java:194)
	at com.kms.katalon.core.main.ScriptEngine.runScriptAsRawText(ScriptEngine.java:119)
	at com.kms.katalon.core.main.TestCaseExecutor.runScript(TestCaseExecutor.java:369)
	at com.kms.katalon.core.main.TestCaseExecutor.doExecute(TestCaseExecutor.java:360)
	at com.kms.katalon.core.main.TestCaseExecutor.processExecutionPhase(TestCaseExecutor.java:339)
	at com.kms.katalon.core.main.TestCaseExecutor.accessMainPhase(TestCaseExecutor.java:331)
	at com.kms.katalon.core.main.TestCaseExecutor.execute(TestCaseExecutor.java:248)
	at com.kms.katalon.core.main.TestCaseMain.runTestCase(TestCaseMain.java:138)
	at com.kms.katalon.core.keyword.builtin.CallTestCaseKeyword$_callTestCase_closure1.doCall(CallTestCaseKeyword.groovy:59)
	at com.kms.katalon.core.keyword.builtin.CallTestCaseKeyword$_callTestCase_closure1.call(CallTestCaseKeyword.groovy)
	at com.kms.katalon.core.keyword.internal.KeywordMain.runKeyword(KeywordMain.groovy:68)
	at com.kms.katalon.core.keyword.builtin.CallTestCaseKeyword.callTestCase(CallTestCaseKeyword.groovy:81)
	at com.kms.katalon.core.keyword.builtin.CallTestCaseKeyword.execute(CallTestCaseKeyword.groovy:44)
	at com.kms.katalon.core.keyword.internal.KeywordExecutor.executeKeywordForPlatform(KeywordExecutor.groovy:73)
	at com.kms.katalon.core.keyword.BuiltinKeywords.callTestCase(BuiltinKeywords.groovy:334)
	at menu.menu.altMenuSecimi(menu.groovy:56)
	at cucumber.runtime.Utils$1.call(Utils.java:26)
	at cucumber.runtime.Timeout.timeout(Timeout.java:16)
	at cucumber.runtime.Utils.invoke(Utils.java:20)
	at cucumber.runtime.java.JavaStepDefinition.execute(JavaStepDefinition.java:49)
	at cucumber.runner.PickleStepDefinitionMatch.runStep(PickleStepDefinitionMatch.java:50)
	at cucumber.runner.TestStep.executeStep(TestStep.java:63)
	at cucumber.runner.TestStep.run(TestStep.java:49)
	at cucumber.runner.PickleStepTestStep.run(PickleStepTestStep.java:43)
	at cucumber.runner.TestCase.run(TestCase.java:44)
	at cucumber.runner.Runner.runPickle(Runner.java:40)
	at cucumber.runtime.Runtime$1.run(Runtime.java:84)
	at cucumber.runtime.Runtime$SameThreadExecutorService.execute(Runtime.java:220)
	at cucumber.runtime.Runtime.run(Runtime.java:81)
	at cucumber.api.cli.Main.run(Main.java:26)
	at cucumber.api.cli.Main$run.call(Unknown Source)
	at com.kms.katalon.core.cucumber.keyword.CucumberBuiltinKeywords$_runFeatureFile_closure1.doCall(CucumberBuiltinKeywords.groovy:106)
	at com.kms.katalon.core.cucumber.keyword.CucumberBuiltinKeywords$_runFeatureFile_closure1.doCall(CucumberBuiltinKeywords.groovy)
	at com.kms.katalon.core.keyword.internal.KeywordMain.runKeyword(KeywordMain.groovy:68)
	at com.kms.katalon.core.keyword.internal.KeywordMain$runKeyword.call(Unknown Source)
	at com.kms.katalon.core.cucumber.keyword.CucumberBuiltinKeywords.runFeatureFile(CucumberBuiltinKeywords.groovy:73)
	at com.kms.katalon.core.cucumber.keyword.CucumberBuiltinKeywords$runFeatureFile$0.callStatic(Unknown Source)
	at com.kms.katalon.core.cucumber.keyword.CucumberBuiltinKeywords.runFeatureFile(CucumberBuiltinKeywords.groovy:246)
	at com.kms.katalon.core.cucumber.keyword.CucumberBuiltinKeywords$runFeatureFile.call(Unknown Source)
	at Secilenleri Excele Aktar.run(Secilenleri Excele Aktar:17)
	at com.kms.katalon.core.main.ScriptEngine.run(ScriptEngine.java:194)
	at com.kms.katalon.core.main.ScriptEngine.runScriptAsRawText(ScriptEngine.java:119)
	at com.kms.katalon.core.main.TestCaseExecutor.runScript(TestCaseExecutor.java:369)
	at com.kms.katalon.core.main.TestCaseExecutor.doExecute(TestCaseExecutor.java:360)
	at com.kms.katalon.core.main.TestCaseExecutor.processExecutionPhase(TestCaseExecutor.java:339)
	at com.kms.katalon.core.main.TestCaseExecutor.accessMainPhase(TestCaseExecutor.java:331)
	at com.kms.katalon.core.main.TestCaseExecutor.execute(TestCaseExecutor.java:248)
	at com.kms.katalon.core.main.TestSuiteExecutor.accessTestCaseMainPhase(TestSuiteExecutor.java:191)
	at com.kms.katalon.core.main.TestSuiteExecutor.accessTestSuiteMainPhase(TestSuiteExecutor.java:140)
	at com.kms.katalon.core.main.TestSuiteExecutor.execute(TestSuiteExecutor.java:89)
	at com.kms.katalon.core.main.TestCaseMain.startTestSuite(TestCaseMain.java:181)
	at com.kms.katalon.core.main.TestCaseMain$startTestSuite$0.call(Unknown Source)
	at TempTestSuite1636610890132.run(TempTestSuite1636610890132.groovy:39)


2021-11-11 09:56:36 - [MESSAGE][ERROR] - Alt menüden Giden Zarflar seçilir FAILED.
Reason:
com.kms.katalon.core.exception.StepErrorException: Call Test Case 'Test Cases/Menu/AltMenuSecimi' failed because of error(s)
	at com.kms.katalon.core.keyword.builtin.CallTestCaseKeyword$_callTestCase_closure1.doCall(CallTestCaseKeyword.groovy:66)
	at com.kms.katalon.core.keyword.builtin.CallTestCaseKeyword$_callTestCase_closure1.call(CallTestCaseKeyword.groovy)
	at com.kms.katalon.core.keyword.internal.KeywordMain.runKeyword(KeywordMain.groovy:68)
	at com.kms.katalon.core.keyword.builtin.CallTestCaseKeyword.callTestCase(CallTestCaseKeyword.groovy:81)
	at com.kms.katalon.core.keyword.builtin.CallTestCaseKeyword.execute(CallTestCaseKeyword.groovy:44)
	at com.kms.katalon.core.keyword.internal.KeywordExecutor.executeKeywordForPlatform(KeywordExecutor.groovy:73)
	at com.kms.katalon.core.keyword.BuiltinKeywords.callTestCase(BuiltinKeywords.groovy:334)
	at menu.menu.altMenuSecimi(menu.groovy:56)
	at ✽.Alt menüden Giden Zarflar seçilir(C:/Users/DELL/Documents/GitHub/EES_KatalonLogo/Include/features/Zarflar/Giden Zarflar/Secilenleri Excele Aktar.feature:6)
Caused by: org.openqa.selenium.TimeoutException: timeout: Timed out receiving message from renderer: 300.000
  (Session info: chrome=95.0.4638.69)
Build info: version: '3.141.59', revision: 'e82be7d358', time: '2018-11-14T08:25:53'
System info: host: 'DESKTOP-QBVMTUG', ip: '192.168.1.18', os.name: 'Windows 10', os.arch: 'amd64', os.version: '10.0', java.version: '1.8.0_282'
Driver info: com.kms.katalon.selenium.driver.CChromeDriver
Capabilities {acceptInsecureCerts: false, browserName: chrome, browserVersion: 95.0.4638.69, chrome: {chromedriverVersion: 94.0.4606.61 (418b78f5838ed..., userDataDir: C:\Users\DELL\AppData\Local...}, goog:chromeOptions: {debuggerAddress: localhost:60281}, javascriptEnabled: true, networkConnectionEnabled: false, pageLoadStrategy: normal, platform: WINDOWS, platformName: WINDOWS, proxy: Proxy(), setWindowRect: true, strictFileInteractability: false, timeouts: {implicit: 0, pageLoad: 300000, script: 30000}, unhandledPromptBehavior: dismiss and notify, webauthn:extension:credBlob: true, webauthn:extension:largeBlob: true, webauthn:virtualAuthenticators: true}
Session ID: c736758d4ca95b1d0934db0ea92f812e
	at org.openqa.selenium.remote.http.W3CHttpResponseCodec.createException(W3CHttpResponseCodec.java:187)
	at org.openqa.selenium.remote.http.W3CHttpResponseCodec.decode(W3CHttpResponseCodec.java:122)
	at org.openqa.selenium.remote.http.W3CHttpResponseCodec.decode(W3CHttpResponseCodec.java:49)
	at org.openqa.selenium.remote.HttpCommandExecutor.execute(HttpCommandExecutor.java:158)
	at org.openqa.selenium.remote.service.DriverCommandExecutor.execute(DriverCommandExecutor.java:83)
	at org.openqa.selenium.remote.RemoteWebDriver.execute(RemoteWebDriver.java:552)
	at com.kms.katalon.selenium.driver.CChromeDriver.execute(CChromeDriver.java:19)
	at org.openqa.selenium.remote.RemoteWebElement.execute(RemoteWebElement.java:285)
	at org.openqa.selenium.remote.RemoteWebElement.click(RemoteWebElement.java:84)
	at org.openqa.selenium.support.events.EventFiringWebDriver$EventFiringWebElement.lambda$new$0(EventFiringWebDriver.java:404)
	at com.sun.proxy.$Proxy20.click(Unknown Source)
	at org.openqa.selenium.support.events.EventFiringWebDriver$EventFiringWebElement.click(EventFiringWebDriver.java:417)
	at org.openqa.selenium.WebElement$click.call(Unknown Source)
	at Method.TextDegerineEsitElementeTikla(Method.groovy:71)
	at Method.invokeMethod(Method.groovy)
	at com.kms.katalon.core.main.CustomKeywordDelegatingMetaClass.invokeStaticMethod(CustomKeywordDelegatingMetaClass.java:50)
	at AltMenuSecimi.run(AltMenuSecimi:17)
	at com.kms.katalon.core.main.ScriptEngine.run(ScriptEngine.java:194)
	at com.kms.katalon.core.main.ScriptEngine.runScriptAsRawText(ScriptEngine.java:119)
	at com.kms.katalon.core.main.TestCaseExecutor.runScript(TestCaseExecutor.java:369)
	at com.kms.katalon.core.main.TestCaseExecutor.doExecute(TestCaseExecutor.java:360)
	at com.kms.katalon.core.main.TestCaseExecutor.processExecutionPhase(TestCaseExecutor.java:339)
	at com.kms.katalon.core.main.TestCaseExecutor.accessMainPhase(TestCaseExecutor.java:331)
	at com.kms.katalon.core.main.TestCaseExecutor.execute(TestCaseExecutor.java:248)
	at com.kms.katalon.core.main.TestCaseMain.runTestCase(TestCaseMain.java:138)
	at com.kms.katalon.core.keyword.builtin.CallTestCaseKeyword$_callTestCase_closure1.doCall(CallTestCaseKeyword.groovy:59)
	at com.kms.katalon.core.keyword.builtin.CallTestCaseKeyword$_callTestCase_closure1.call(CallTestCaseKeyword.groovy)
	at com.kms.katalon.core.keyword.internal.KeywordMain.runKeyword(KeywordMain.groovy:68)
	at com.kms.katalon.core.keyword.builtin.CallTestCaseKeyword.callTestCase(CallTestCaseKeyword.groovy:81)
	at com.kms.katalon.core.keyword.builtin.CallTestCaseKeyword.execute(CallTestCaseKeyword.groovy:44)
	at com.kms.katalon.core.keyword.internal.KeywordExecutor.executeKeywordForPlatform(KeywordExecutor.groovy:73)
	at com.kms.katalon.core.keyword.BuiltinKeywords.callTestCase(BuiltinKeywords.groovy:334)
	at menu.menu.altMenuSecimi(menu.groovy:56)
	at cucumber.runtime.Utils$1.call(Utils.java:26)
	at cucumber.runtime.Timeout.timeout(Timeout.java:16)
	at cucumber.runtime.Utils.invoke(Utils.java:20)
	at cucumber.runtime.java.JavaStepDefinition.execute(JavaStepDefinition.java:49)
	at cucumber.runner.PickleStepDefinitionMatch.runStep(PickleStepDefinitionMatch.java:50)
	at cucumber.runner.TestStep.executeStep(TestStep.java:63)
	at cucumber.runner.TestStep.run(TestStep.java:49)
	at cucumber.runner.PickleStepTestStep.run(PickleStepTestStep.java:43)
	at cucumber.runner.TestCase.run(TestCase.java:44)
	at cucumber.runner.Runner.runPickle(Runner.java:40)
	at cucumber.runtime.Runtime$1.run(Runtime.java:84)
	at cucumber.runtime.Runtime$SameThreadExecutorService.execute(Runtime.java:220)
	at cucumber.runtime.Runtime.run(Runtime.java:81)
	at cucumber.api.cli.Main.run(Main.java:26)
	at cucumber.api.cli.Main$run.call(Unknown Source)
	at com.kms.katalon.core.cucumber.keyword.CucumberBuiltinKeywords$_runFeatureFile_closure1.doCall(CucumberBuiltinKeywords.groovy:106)
	at com.kms.katalon.core.cucumber.keyword.CucumberBuiltinKeywords$_runFeatureFile_closure1.doCall(CucumberBuiltinKeywords.groovy)
	at com.kms.katalon.core.keyword.internal.KeywordMain.runKeyword(KeywordMain.groovy:68)
	at com.kms.katalon.core.keyword.internal.KeywordMain$runKeyword.call(Unknown Source)
	at com.kms.katalon.core.cucumber.keyword.CucumberBuiltinKeywords.runFeatureFile(CucumberBuiltinKeywords.groovy:73)
	at com.kms.katalon.core.cucumber.keyword.CucumberBuiltinKeywords$runFeatureFile$0.callStatic(Unknown Source)
	at com.kms.katalon.core.cucumber.keyword.CucumberBuiltinKeywords.runFeatureFile(CucumberBuiltinKeywords.groovy:246)
	at com.kms.katalon.core.cucumber.keyword.CucumberBuiltinKeywords$runFeatureFile.call(Unknown Source)
	at Secilenleri Excele Aktar.run(Secilenleri Excele Aktar:17)
	at com.kms.katalon.core.main.ScriptEngine.run(ScriptEngine.java:194)
	at com.kms.katalon.core.main.ScriptEngine.runScriptAsRawText(ScriptEngine.java:119)
	at com.kms.katalon.core.main.TestCaseExecutor.runScript(TestCaseExecutor.java:369)
	at com.kms.katalon.core.main.TestCaseExecutor.doExecute(TestCaseExecutor.java:360)
	at com.kms.katalon.core.main.TestCaseExecutor.processExecutionPhase(TestCaseExecutor.java:339)
	at com.kms.katalon.core.main.TestCaseExecutor.accessMainPhase(TestCaseExecutor.java:331)
	at com.kms.katalon.core.main.TestCaseExecutor.execute(TestCaseExecutor.java:248)
	at com.kms.katalon.core.main.TestSuiteExecutor.accessTestCaseMainPhase(TestSuiteExecutor.java:191)
	at com.kms.katalon.core.main.TestSuiteExecutor.accessTestSuiteMainPhase(TestSuiteExecutor.java:140)
	at com.kms.katalon.core.main.TestSuiteExecutor.execute(TestSuiteExecutor.java:89)
	at com.kms.katalon.core.main.TestCaseMain.startTestSuite(TestCaseMain.java:181)
	at com.kms.katalon.core.main.TestCaseMain$startTestSuite$0.call(Unknown Source)
	at TempTestSuite1636610890132.run(TempTestSuite1636610890132.groovy:39)


2021-11-11 09:56:36 - [TEST_STEP][NOT_RUN] - Filtrelerden Oluşturma Tarihi filtresine 01.12.2020 baslangic degerini yaz: Filtrelerden Oluşturma Tarihi filtresine 01.12.2020 baslangic degerini yaz

2021-11-11 09:56:36 - [MESSAGE][NOT_RUN] - Filtrelerden Oluşturma Tarihi filtresine 01.12.2020 baslangic degerini yaz

2021-11-11 09:56:36 - [TEST_STEP][NOT_RUN] - Filtrelerden Oluşturma Tarihi filtresine 31.12.2020 bitis degerini yaz: Filtrelerden Oluşturma Tarihi filtresine 31.12.2020 bitis degerini yaz

2021-11-11 09:56:36 - [MESSAGE][NOT_RUN] - Filtrelerden Oluşturma Tarihi filtresine 31.12.2020 bitis degerini yaz

2021-11-11 09:56:36 - [TEST_STEP][NOT_RUN] - Filtre butonlarından Listele seçilir: Filtre butonlarından Listele seçilir

2021-11-11 09:56:36 - [MESSAGE][NOT_RUN] - Filtre butonlarından Listele seçilir

2021-11-11 09:56:36 - [TEST_STEP][NOT_RUN] - Tabloda veri var mı kontrol edilir: Tabloda veri var mı kontrol edilir

2021-11-11 09:56:36 - [MESSAGE][NOT_RUN] - Tabloda veri var mı kontrol edilir

2021-11-11 09:56:36 - [TEST_STEP][NOT_RUN] - Tablodan Test Kurum 6 isimli veri seçilir: Tablodan Test Kurum 6 isimli veri seçilir

2021-11-11 09:56:36 - [MESSAGE][NOT_RUN] - Tablodan Test Kurum 6 isimli veri seçilir

2021-11-11 09:56:36 - [TEST_STEP][NOT_RUN] - Butonlardan Excel isimli butona tıklanır: Butonlardan Excel isimli butona tıklanır

2021-11-11 09:56:36 - [MESSAGE][NOT_RUN] - Butonlardan Excel isimli butona tıklanır

2021-11-11 09:56:36 - [TEST_STEP][NOT_RUN] - Alt butonlardan Seçilenleri Excel'e Aktar butonuna tıklanır: Alt butonlardan Seçilenleri Excel'e Aktar butonuna tıklanır

2021-11-11 09:56:36 - [MESSAGE][NOT_RUN] - Alt butonlardan Seçilenleri Excel'e Aktar butonuna tıklanır

2021-11-11 09:56:36 - [TEST_STEP][NOT_RUN] - Popup mesajı Lütfen rapor bildiriminin gönderileceği e-posta adresini belirtiniz. içeriyor mu: Popup mesajı Lütfen rapor bildiriminin gönderileceği e-posta adresini belirtiniz. içeriyor mu

2021-11-11 09:56:36 - [MESSAGE][NOT_RUN] - Popup mesajı Lütfen rapor bildiriminin gönderileceği e-posta adresini belirtiniz. içeriyor mu

2021-11-11 09:56:36 - [TEST_STEP][NOT_RUN] - Yönetim popupında Gönder seçilir: Yönetim popupında Gönder seçilir

2021-11-11 09:56:36 - [MESSAGE][NOT_RUN] - Yönetim popupında Gönder seçilir

2021-11-11 09:56:36 - [TEST_STEP][NOT_RUN] - Popup mesajı Toplu Veri İndirme içeriyor mu: Popup mesajı Toplu Veri İndirme içeriyor mu

2021-11-11 09:56:36 - [MESSAGE][NOT_RUN] - Popup mesajı Toplu Veri İndirme içeriyor mu

2021-11-11 09:56:36 - [TEST_STEP][NOT_RUN] - Yönetim popupında Tamam seçilir: Yönetim popupında Tamam seçilir

2021-11-11 09:56:36 - [MESSAGE][NOT_RUN] - Yönetim popupında Tamam seçilir

2021-11-11 09:56:36 - [TEST_STEP][NOT_RUN] - Butonlardan Excel isimli butona tıklanır: Butonlardan Excel isimli butona tıklanır

2021-11-11 09:56:36 - [MESSAGE][NOT_RUN] - Butonlardan Excel isimli butona tıklanır

2021-11-11 09:56:36 - [TEST_STEP][NOT_RUN] - Alt butonlardan Tümünü Excel'e Aktar butonuna tıklanır: Alt butonlardan Tümünü Excel'e Aktar butonuna tıklanır

2021-11-11 09:56:36 - [MESSAGE][NOT_RUN] - Alt butonlardan Tümünü Excel'e Aktar butonuna tıklanır

2021-11-11 09:56:36 - [TEST_STEP][NOT_RUN] - Popup mesajı Lütfen rapor bildiriminin gönderileceği e-posta adresini belirtiniz. içeriyor mu: Popup mesajı Lütfen rapor bildiriminin gönderileceği e-posta adresini belirtiniz. içeriyor mu

2021-11-11 09:56:36 - [MESSAGE][NOT_RUN] - Popup mesajı Lütfen rapor bildiriminin gönderileceği e-posta adresini belirtiniz. içeriyor mu

2021-11-11 09:56:36 - [TEST_STEP][NOT_RUN] - Yönetim popupında Gönder seçilir: Yönetim popupında Gönder seçilir

2021-11-11 09:56:36 - [MESSAGE][NOT_RUN] - Yönetim popupında Gönder seçilir

2021-11-11 09:56:36 - [TEST_STEP][NOT_RUN] - Popup mesajı Toplu Veri İndirme içeriyor mu: Popup mesajı Toplu Veri İndirme içeriyor mu

2021-11-11 09:56:36 - [MESSAGE][NOT_RUN] - Popup mesajı Toplu Veri İndirme içeriyor mu

2021-11-11 09:56:36 - [TEST_STEP][NOT_RUN] - Yönetim popupında Tamam seçilir: Yönetim popupında Tamam seçilir

2021-11-11 09:56:36 - [MESSAGE][NOT_RUN] - Yönetim popupında Tamam seçilir

2021-11-11 09:56:36 - [TEST_STEP][NOT_RUN] - Ana menüden Raporlar seçilir: Ana menüden Raporlar seçilir

2021-11-11 09:56:36 - [MESSAGE][NOT_RUN] - Ana menüden Raporlar seçilir

2021-11-11 09:56:36 - [TEST_STEP][NOT_RUN] - Alt menüden Toplu Veri İndirme seçilir: Alt menüden Toplu Veri İndirme seçilir

2021-11-11 09:56:36 - [MESSAGE][NOT_RUN] - Alt menüden Toplu Veri İndirme seçilir

2021-11-11 09:56:36 - [TEST_STEP][NOT_RUN] - Filtrelerden Talep No filtresine Rapor No bilgisi yaz: Filtrelerden Talep No filtresine Rapor No bilgisi yaz

2021-11-11 09:56:36 - [MESSAGE][NOT_RUN] - Filtrelerden Talep No filtresine Rapor No bilgisi yaz

2021-11-11 09:56:36 - [TEST_STEP][NOT_RUN] - Filtre butonlarından Listele seçilir: Filtre butonlarından Listele seçilir

2021-11-11 09:56:36 - [MESSAGE][NOT_RUN] - Filtre butonlarından Listele seçilir

2021-11-11 09:56:36 - [TEST_STEP][NOT_RUN] - Tabloda veri var mı kontrol edilir: Tabloda veri var mı kontrol edilir

2021-11-11 09:56:36 - [MESSAGE][NOT_RUN] - Tabloda veri var mı kontrol edilir

2021-11-11 09:56:36 - [TEST_STEP][NOT_RUN] - Kullanıcı işlemlerinden Çıkış seçilir: Kullanıcı işlemlerinden Çıkış seçilir

2021-11-11 09:56:36 - [MESSAGE][NOT_RUN] - Kullanıcı işlemlerinden Çıkış seçilir

2021-11-11 09:56:36 - [MESSAGE][FAILED] - Feature file 'Include/features/Zarflar/Giden Zarflar/Secilenleri Excele Aktar.feature' was failed

2021-11-11 09:56:36 - [MESSAGE][FAILED] - Keyword runFeatureFile was failed (Root cause: com.kms.katalon.core.exception.StepFailedException: Feature file 'Include/features/Zarflar/Giden Zarflar/Secilenleri Excele Aktar.feature' was failed
	at com.kms.katalon.core.keyword.internal.KeywordMain.stepFailed(KeywordMain.groovy:50)
	at com.kms.katalon.core.keyword.internal.KeywordMain.stepFailed(KeywordMain.groovy)
	at com.kms.katalon.core.keyword.internal.KeywordMain.stepFailed(KeywordMain.groovy:23)
	at com.kms.katalon.core.keyword.internal.KeywordMain$stepFailed$0.call(Unknown Source)
	at com.kms.katalon.core.cucumber.keyword.CucumberBuiltinKeywords$_runFeatureFile_closure1.doCall(CucumberBuiltinKeywords.groovy:112)
	at com.kms.katalon.core.cucumber.keyword.CucumberBuiltinKeywords$_runFeatureFile_closure1.doCall(CucumberBuiltinKeywords.groovy)
	at com.kms.katalon.core.keyword.internal.KeywordMain.runKeyword(KeywordMain.groovy:68)
	at com.kms.katalon.core.keyword.internal.KeywordMain$runKeyword.call(Unknown Source)
	at com.kms.katalon.core.cucumber.keyword.CucumberBuiltinKeywords.runFeatureFile(CucumberBuiltinKeywords.groovy:73)
	at com.kms.katalon.core.cucumber.keyword.CucumberBuiltinKeywords$runFeatureFile$0.callStatic(Unknown Source)
	at com.kms.katalon.core.cucumber.keyword.CucumberBuiltinKeywords.runFeatureFile(CucumberBuiltinKeywords.groovy:246)
	at com.kms.katalon.core.cucumber.keyword.CucumberBuiltinKeywords$runFeatureFile.call(Unknown Source)
	at Secilenleri Excele Aktar.run(Secilenleri Excele Aktar:17)
	at com.kms.katalon.core.main.ScriptEngine.run(ScriptEngine.java:194)
	at com.kms.katalon.core.main.ScriptEngine.runScriptAsRawText(ScriptEngine.java:119)
	at com.kms.katalon.core.main.TestCaseExecutor.runScript(TestCaseExecutor.java:369)
	at com.kms.katalon.core.main.TestCaseExecutor.doExecute(TestCaseExecutor.java:360)
	at com.kms.katalon.core.main.TestCaseExecutor.processExecutionPhase(TestCaseExecutor.java:339)
	at com.kms.katalon.core.main.TestCaseExecutor.accessMainPhase(TestCaseExecutor.java:331)
	at com.kms.katalon.core.main.TestCaseExecutor.execute(TestCaseExecutor.java:248)
	at com.kms.katalon.core.main.TestSuiteExecutor.accessTestCaseMainPhase(TestSuiteExecutor.java:191)
	at com.kms.katalon.core.main.TestSuiteExecutor.accessTestSuiteMainPhase(TestSuiteExecutor.java:140)
	at com.kms.katalon.core.main.TestSuiteExecutor.execute(TestSuiteExecutor.java:89)
	at com.kms.katalon.core.main.TestCaseMain.startTestSuite(TestCaseMain.java:181)
	at com.kms.katalon.core.main.TestCaseMain$startTestSuite$0.call(Unknown Source)
	at TempTestSuite1636610890132.run(TempTestSuite1636610890132.groovy:39)
)

2021-11-11 09:56:36 - [TEST_STEP][PASSED] - Start listener action : sampleAfterTestSuite: Invoke 'com.kms.katalon.core.annotation.AfterTestCase' method: 'Listener.sampleAfterTestSuite(...)' completed.

2021-11-11 09:56:36 - [MESSAGE][INFO] - Starting invoke 'com.kms.katalon.core.annotation.AfterTestCase' method: 'Listener.sampleAfterTestSuite(...)'

2021-11-11 09:56:36 - [TEST_STEP][PASSED] - closeBrowser(): Invoke 'com.kms.katalon.core.annotation.AfterTestCase' method: 'Listener.sampleAfterTestSuite(...)' completed.

2021-11-11 09:56:36 - [MESSAGE][INFO] - Closing browser

2021-11-11 09:56:37 - [MESSAGE][PASSED] - Browser is closed

2021-11-11 09:56:37 - [MESSAGE][INFO] - Invoke 'com.kms.katalon.core.annotation.AfterTestCase' method: 'Listener.sampleAfterTestSuite(...)' completed.]]></system-out>
         <system-err><![CDATA[2021-11-11 09:51:15 - [TEST_CASE][FAILED] - Test Cases/Case Repository/Zarflar/Giden Zarflar/Secilenleri Excele Aktar: Test Cases/Case Repository/Zarflar/Giden Zarflar/Secilenleri Excele Aktar FAILED.
Reason:
com.kms.katalon.core.exception.StepFailedException: Feature file 'Include/features/Zarflar/Giden Zarflar/Secilenleri Excele Aktar.feature' was failed
	at com.kms.katalon.core.keyword.internal.KeywordMain.stepFailed(KeywordMain.groovy:50)
	at com.kms.katalon.core.keyword.internal.KeywordMain.stepFailed(KeywordMain.groovy)
	at com.kms.katalon.core.keyword.internal.KeywordMain.stepFailed(KeywordMain.groovy:23)
	at com.kms.katalon.core.keyword.internal.KeywordMain$stepFailed$0.call(Unknown Source)
	at com.kms.katalon.core.cucumber.keyword.CucumberBuiltinKeywords$_runFeatureFile_closure1.doCall(CucumberBuiltinKeywords.groovy:112)
	at com.kms.katalon.core.cucumber.keyword.CucumberBuiltinKeywords$_runFeatureFile_closure1.doCall(CucumberBuiltinKeywords.groovy)
	at com.kms.katalon.core.keyword.internal.KeywordMain.runKeyword(KeywordMain.groovy:68)
	at com.kms.katalon.core.keyword.internal.KeywordMain$runKeyword.call(Unknown Source)
	at com.kms.katalon.core.cucumber.keyword.CucumberBuiltinKeywords.runFeatureFile(CucumberBuiltinKeywords.groovy:73)
	at com.kms.katalon.core.cucumber.keyword.CucumberBuiltinKeywords$runFeatureFile$0.callStatic(Unknown Source)
	at com.kms.katalon.core.cucumber.keyword.CucumberBuiltinKeywords.runFeatureFile(CucumberBuiltinKeywords.groovy:246)
	at com.kms.katalon.core.cucumber.keyword.CucumberBuiltinKeywords$runFeatureFile.call(Unknown Source)
	at Secilenleri Excele Aktar.run(Secilenleri Excele Aktar:17)
	at com.kms.katalon.core.main.ScriptEngine.run(ScriptEngine.java:194)
	at com.kms.katalon.core.main.ScriptEngine.runScriptAsRawText(ScriptEngine.java:119)
	at com.kms.katalon.core.main.TestCaseExecutor.runScript(TestCaseExecutor.java:369)
	at com.kms.katalon.core.main.TestCaseExecutor.doExecute(TestCaseExecutor.java:360)
	at com.kms.katalon.core.main.TestCaseExecutor.processExecutionPhase(TestCaseExecutor.java:339)
	at com.kms.katalon.core.main.TestCaseExecutor.accessMainPhase(TestCaseExecutor.java:331)
	at com.kms.katalon.core.main.TestCaseExecutor.execute(TestCaseExecutor.java:248)
	at com.kms.katalon.core.main.TestSuiteExecutor.accessTestCaseMainPhase(TestSuiteExecutor.java:191)
	at com.kms.katalon.core.main.TestSuiteExecutor.accessTestSuiteMainPhase(TestSuiteExecutor.java:140)
	at com.kms.katalon.core.main.TestSuiteExecutor.execute(TestSuiteExecutor.java:89)
	at com.kms.katalon.core.main.TestCaseMain.startTestSuite(TestCaseMain.java:181)
	at com.kms.katalon.core.main.TestCaseMain$startTestSuite$0.call(Unknown Source)
	at TempTestSuite1636610890132.run(TempTestSuite1636610890132.groovy:39)]]></system-err>
      </testcase>
      <testcase name="Test Cases/Case Repository/Zarflar/Giden Zarflar/Toplu Indirme" time="78.683" classname="Test Cases/Case Repository/Zarflar/Giden Zarflar/Toplu Indirme" status="PASSED">
         <system-out><![CDATA[2021-11-11 09:56:37 - [TEST_CASE][PASSED] - Test Cases/Case Repository/Zarflar/Giden Zarflar/Toplu Indirme: Test Cases/Case Repository/Zarflar/Giden Zarflar/Toplu Indirme

2021-11-11 09:56:37 - [TEST_STEP][PASSED] - Start listener action : sampleBeforeTestSuite: Invoke 'com.kms.katalon.core.annotation.BeforeTestCase' method: 'Listener.sampleBeforeTestSuite(...)' completed.

2021-11-11 09:56:37 - [MESSAGE][INFO] - Starting invoke 'com.kms.katalon.core.annotation.BeforeTestCase' method: 'Listener.sampleBeforeTestSuite(...)'

2021-11-11 09:56:37 - [TEST_STEP][PASSED] - openBrowser(baseUrl): Browser is opened with url: 'https://efatura-stage.elogo.com.tr/'

2021-11-11 09:56:37 - [MESSAGE][INFO] - Opening browser

2021-11-11 09:56:37 - [MESSAGE][INFO] - Starting 'Chrome' driver

2021-11-11 09:56:37 - [MESSAGE][INFO] - User set preference: ['prefs', '{download.default_directory=C:\otomasyondownfiles}']

2021-11-11 09:56:37 - [MESSAGE][INFO] - Action delay is set to 0 milliseconds

2021-11-11 09:56:38 - [MESSAGE][INFO] - Navigating browser to: 'https://efatura-stage.elogo.com.tr/'

2021-11-11 09:57:09 - [MESSAGE][PASSED] - Browser is opened with url: 'https://efatura-stage.elogo.com.tr/'

2021-11-11 09:57:09 - [TEST_STEP][PASSED] - maximizeWindow(): Invoke 'com.kms.katalon.core.annotation.BeforeTestCase' method: 'Listener.sampleBeforeTestSuite(...)' completed.

2021-11-11 09:57:09 - [MESSAGE][INFO] - Maximizing current window

2021-11-11 09:57:09 - [MESSAGE][PASSED] - Current window maximized

2021-11-11 09:57:09 - [MESSAGE][INFO] - Invoke 'com.kms.katalon.core.annotation.BeforeTestCase' method: 'Listener.sampleBeforeTestSuite(...)' completed.

2021-11-11 09:57:09 - [TEST_STEP][PASSED] - runFeatureFile("Include/features/Zarflar/Giden Zarflar/Toplu Indirme.feature"): Feature file: 'Include/features/Zarflar/Giden Zarflar/Toplu Indirme.feature' was passed

2021-11-11 09:57:09 - [MESSAGE][INFO] - Starting run keyword runFeatureFile: 'Include/features/Zarflar/Giden Zarflar/Toplu Indirme.feature' and extract report to folder: 'C:\Users\DELL\Documents\GitHub\EES_KatalonLogo\Reports\20211111_090730\Suite Repository\ExceleAktarVeTopluIndirme\20211111_090810/cucumber_report/1636613829738'...

2021-11-11 09:57:09 - [MESSAGE][INFO] - Glue: []

2021-11-11 09:57:09 - [MESSAGE][INFO] - Checking called Test Case

2021-11-11 09:57:09 - [MESSAGE][INFO] - Starting to call Test Case 'Test Cases/Sayfalar/Giris_Sayfasi/Login'

2021-11-11 09:57:09 - [TEST_CASE][PASSED] - Test Cases/Sayfalar/Giris_Sayfasi/Login: Test Cases/Sayfalar/Giris_Sayfasi/Login

2021-11-11 09:57:09 - [TEST_STEP][PASSED] - Sayfa_Basligi = getWindowTitle(): Current window's title is: 'LOGO e-Fatura'

2021-11-11 09:57:09 - [MESSAGE][INFO] - Getting current window's title

2021-11-11 09:57:09 - [MESSAGE][PASSED] - Current window's title is: 'LOGO e-Fatura'

2021-11-11 09:57:09 - [TEST_STEP][PASSED] - verifyMatch(Sayfa_Basligi, "LOGO e-Fatura", false): Actual text 'LOGO e-Fatura' and expected text 'LOGO e-Fatura' are matched 

2021-11-11 09:57:09 - [MESSAGE][INFO] - Matching actual text 'LOGO e-Fatura' with expected text 'LOGO e-Fatura'

2021-11-11 09:57:09 - [MESSAGE][PASSED] - Actual text 'LOGO e-Fatura' and expected text 'LOGO e-Fatura' are matched 

2021-11-11 09:57:09 - [TEST_STEP][PASSED] - sendKeys(findTestObject("Sayfalar/Giris_Sayfasi/Firma_Kodu"), KullaniciAdi): Keys 'ELOGO6' sent to object: 'Object Repository/Sayfalar/Giris_Sayfasi/Firma_Kodu'

2021-11-11 09:57:09 - [MESSAGE][INFO] - Finding Test Object 'Object Repository/Sayfalar/Giris_Sayfasi/Firma_Kodu'

2021-11-11 09:57:10 - [MESSAGE][INFO] - Sending keys 'ELOGO6' to object: 'Object Repository/Sayfalar/Giris_Sayfasi/Firma_Kodu'

2021-11-11 09:57:10 - [MESSAGE][INFO] - Finding web element from Test Object's properties

2021-11-11 09:57:10 - [MESSAGE][INFO] - Checking timeout

2021-11-11 09:57:10 - [MESSAGE][INFO] - Finding web element with id: 'Object Repository/Sayfalar/Giris_Sayfasi/Firma_Kodu' located by 'By.xpath: //*[@id = 'AccountName']' in '30' second(s)

2021-11-11 09:57:10 - [MESSAGE][INFO] - Smart Wait Function is triggered

2021-11-11 09:57:10 - [MESSAGE][INFO] - Found 1 web elements with id: 'Object Repository/Sayfalar/Giris_Sayfasi/Firma_Kodu' located by 'By.xpath: //*[@id = 'AccountName']' in '30' second(s)

2021-11-11 09:57:10 - [MESSAGE][PASSED] - Keys 'ELOGO6' sent to object: 'Object Repository/Sayfalar/Giris_Sayfasi/Firma_Kodu'

2021-11-11 09:57:10 - [TEST_STEP][PASSED] - sendKeys(findTestObject("Sayfalar/Giris_Sayfasi/Sifre"), Sifre): Keys '123456' sent to object: 'Object Repository/Sayfalar/Giris_Sayfasi/Sifre'

2021-11-11 09:57:10 - [MESSAGE][INFO] - Finding Test Object 'Object Repository/Sayfalar/Giris_Sayfasi/Sifre'

2021-11-11 09:57:10 - [MESSAGE][INFO] - Sending keys '123456' to object: 'Object Repository/Sayfalar/Giris_Sayfasi/Sifre'

2021-11-11 09:57:10 - [MESSAGE][INFO] - Finding web element from Test Object's properties

2021-11-11 09:57:10 - [MESSAGE][INFO] - Checking timeout

2021-11-11 09:57:10 - [MESSAGE][INFO] - Finding web element with id: 'Object Repository/Sayfalar/Giris_Sayfasi/Sifre' located by 'By.xpath: //*[@id = 'Password']' in '30' second(s)

2021-11-11 09:57:10 - [MESSAGE][INFO] - Smart Wait Function is triggered

2021-11-11 09:57:10 - [MESSAGE][INFO] - Found 1 web elements with id: 'Object Repository/Sayfalar/Giris_Sayfasi/Sifre' located by 'By.xpath: //*[@id = 'Password']' in '30' second(s)

2021-11-11 09:57:10 - [MESSAGE][PASSED] - Keys '123456' sent to object: 'Object Repository/Sayfalar/Giris_Sayfasi/Sifre'

2021-11-11 09:57:10 - [TEST_STEP][PASSED] - findWebElement(findTestObject("Sayfalar/Giris_Sayfasi/Giris_Butonu")).click(): Found 1 web elements with id: 'Object Repository/Sayfalar/Giris_Sayfasi/Giris_Butonu' located by 'By.cssSelector: #btnLogin' in '30' second(s)

2021-11-11 09:57:10 - [MESSAGE][INFO] - Finding Test Object 'Object Repository/Sayfalar/Giris_Sayfasi/Giris_Butonu'

2021-11-11 09:57:10 - [MESSAGE][INFO] - Finding web element from Test Object's properties

2021-11-11 09:57:10 - [MESSAGE][INFO] - Checking timeout

2021-11-11 09:57:10 - [MESSAGE][INFO] - Finding web element with id: 'Object Repository/Sayfalar/Giris_Sayfasi/Giris_Butonu' located by 'By.cssSelector: #btnLogin' in '30' second(s)

2021-11-11 09:57:10 - [MESSAGE][INFO] - Smart Wait Function is triggered

2021-11-11 09:57:11 - [MESSAGE][INFO] - Found 1 web elements with id: 'Object Repository/Sayfalar/Giris_Sayfasi/Giris_Butonu' located by 'By.cssSelector: #btnLogin' in '30' second(s)

2021-11-11 09:57:16 - [TEST_STEP][PASSED] - if (verifyElementPresent(findTestObject("Object Repository/Sayfalar/Giris_Sayfasi/RetveTamam_Butonu"), 5, OPTIONAL)): null

2021-11-11 09:57:16 - [MESSAGE][INFO] - Finding Test Object 'Object Repository/Sayfalar/Giris_Sayfasi/RetveTamam_Butonu'

2021-11-11 09:57:16 - [MESSAGE][INFO] - Checking object

2021-11-11 09:57:16 - [MESSAGE][INFO] - Finding web element from Test Object's properties

2021-11-11 09:57:16 - [MESSAGE][INFO] - Checking timeout

2021-11-11 09:57:16 - [MESSAGE][INFO] - Finding web element with id: 'Object Repository/Sayfalar/Giris_Sayfasi/RetveTamam_Butonu' located by 'By.xpath: //*[@class = 'btn btn-default']' in '5' second(s)

2021-11-11 09:57:16 - [MESSAGE][INFO] - Smart Wait Function is triggered

2021-11-11 09:57:16 - [MESSAGE][INFO] - Found 1 web elements with id: 'Object Repository/Sayfalar/Giris_Sayfasi/RetveTamam_Butonu' located by 'By.xpath: //*[@class = 'btn btn-default']' in '5' second(s)

2021-11-11 09:57:16 - [MESSAGE][PASSED] - Object 'Object Repository/Sayfalar/Giris_Sayfasi/RetveTamam_Butonu' is present

2021-11-11 09:57:16 - [TEST_STEP][PASSED] - click(findTestObject("Object Repository/Sayfalar/Giris_Sayfasi/RetveTamam_Butonu")): Object: 'Object Repository/Sayfalar/Giris_Sayfasi/RetveTamam_Butonu' is clicked on

2021-11-11 09:57:16 - [MESSAGE][INFO] - Finding Test Object 'Object Repository/Sayfalar/Giris_Sayfasi/RetveTamam_Butonu'

2021-11-11 09:57:16 - [MESSAGE][INFO] - Checking object

2021-11-11 09:57:16 - [MESSAGE][INFO] - Finding web element from Test Object's properties

2021-11-11 09:57:16 - [MESSAGE][INFO] - Checking timeout

2021-11-11 09:57:16 - [MESSAGE][INFO] - Finding web element with id: 'Object Repository/Sayfalar/Giris_Sayfasi/RetveTamam_Butonu' located by 'By.xpath: //*[@class = 'btn btn-default']' in '30' second(s)

2021-11-11 09:57:16 - [MESSAGE][INFO] - Smart Wait Function is triggered

2021-11-11 09:57:16 - [MESSAGE][INFO] - Found 1 web elements with id: 'Object Repository/Sayfalar/Giris_Sayfasi/RetveTamam_Butonu' located by 'By.xpath: //*[@class = 'btn btn-default']' in '30' second(s)

2021-11-11 09:57:16 - [MESSAGE][INFO] - Clicking on object: 'Object Repository/Sayfalar/Giris_Sayfasi/RetveTamam_Butonu'

2021-11-11 09:57:16 - [MESSAGE][PASSED] - Object: 'Object Repository/Sayfalar/Giris_Sayfasi/RetveTamam_Butonu' is clicked on

2021-11-11 09:57:16 - [TEST_STEP][PASSED] - click(findTestObject("Object Repository/Sayfalar/Giris_Sayfasi/RetveTamam_Butonu")): Object: 'Object Repository/Sayfalar/Giris_Sayfasi/RetveTamam_Butonu' is clicked on

2021-11-11 09:57:16 - [MESSAGE][INFO] - Finding Test Object 'Object Repository/Sayfalar/Giris_Sayfasi/RetveTamam_Butonu'

2021-11-11 09:57:16 - [MESSAGE][INFO] - Checking object

2021-11-11 09:57:16 - [MESSAGE][INFO] - Finding web element from Test Object's properties

2021-11-11 09:57:16 - [MESSAGE][INFO] - Checking timeout

2021-11-11 09:57:16 - [MESSAGE][INFO] - Finding web element with id: 'Object Repository/Sayfalar/Giris_Sayfasi/RetveTamam_Butonu' located by 'By.xpath: //*[@class = 'btn btn-default']' in '30' second(s)

2021-11-11 09:57:16 - [MESSAGE][INFO] - Smart Wait Function is triggered

2021-11-11 09:57:22 - [MESSAGE][INFO] - Found 1 web elements with id: 'Object Repository/Sayfalar/Giris_Sayfasi/RetveTamam_Butonu' located by 'By.xpath: //*[@class = 'btn btn-default']' in '30' second(s)

2021-11-11 09:57:22 - [MESSAGE][INFO] - Clicking on object: 'Object Repository/Sayfalar/Giris_Sayfasi/RetveTamam_Butonu'

2021-11-11 09:57:22 - [MESSAGE][PASSED] - Object: 'Object Repository/Sayfalar/Giris_Sayfasi/RetveTamam_Butonu' is clicked on

2021-11-11 09:57:22 - [TEST_STEP][PASSED] - if (verifyElementPresent(findTestObject("Sayfalar/Giris_Sayfasi/PopupOK"), 5, OPTIONAL)): null

2021-11-11 09:57:22 - [MESSAGE][INFO] - Finding Test Object 'Object Repository/Sayfalar/Giris_Sayfasi/PopupOK'

2021-11-11 09:57:22 - [MESSAGE][INFO] - Checking object

2021-11-11 09:57:22 - [MESSAGE][INFO] - Finding web element from Test Object's properties

2021-11-11 09:57:22 - [MESSAGE][INFO] - Checking timeout

2021-11-11 09:57:22 - [MESSAGE][INFO] - Finding web element with id: 'Object Repository/Sayfalar/Giris_Sayfasi/PopupOK' located by 'By.cssSelector: .btn.btn-success' in '5' second(s)

2021-11-11 09:57:22 - [MESSAGE][INFO] - Smart Wait Function is triggered

2021-11-11 09:57:22 - [MESSAGE][INFO] - Found 1 web elements with id: 'Object Repository/Sayfalar/Giris_Sayfasi/PopupOK' located by 'By.cssSelector: .btn.btn-success' in '5' second(s)

2021-11-11 09:57:22 - [MESSAGE][PASSED] - Object 'Object Repository/Sayfalar/Giris_Sayfasi/PopupOK' is present

2021-11-11 09:57:22 - [TEST_STEP][PASSED] - click(findTestObject("Object Repository/Sayfalar/Giris_Sayfasi/PopupCarpiGiris")): Object: 'Object Repository/Sayfalar/Giris_Sayfasi/PopupCarpiGiris' is clicked on

2021-11-11 09:57:22 - [MESSAGE][INFO] - Finding Test Object 'Object Repository/Sayfalar/Giris_Sayfasi/PopupCarpiGiris'

2021-11-11 09:57:22 - [MESSAGE][INFO] - Checking object

2021-11-11 09:57:22 - [MESSAGE][INFO] - Finding web element from Test Object's properties

2021-11-11 09:57:22 - [MESSAGE][INFO] - Checking timeout

2021-11-11 09:57:22 - [MESSAGE][INFO] - Finding web element with id: 'Object Repository/Sayfalar/Giris_Sayfasi/PopupCarpiGiris' located by 'By.cssSelector: .bootbox-close-button.close' in '30' second(s)

2021-11-11 09:57:22 - [MESSAGE][INFO] - Smart Wait Function is triggered

2021-11-11 09:57:23 - [MESSAGE][INFO] - Found 1 web elements with id: 'Object Repository/Sayfalar/Giris_Sayfasi/PopupCarpiGiris' located by 'By.cssSelector: .bootbox-close-button.close' in '30' second(s)

2021-11-11 09:57:23 - [MESSAGE][INFO] - Clicking on object: 'Object Repository/Sayfalar/Giris_Sayfasi/PopupCarpiGiris'

2021-11-11 09:57:23 - [MESSAGE][PASSED] - Object: 'Object Repository/Sayfalar/Giris_Sayfasi/PopupCarpiGiris' is clicked on

2021-11-11 09:57:23 - [TEST_STEP][PASSED] - verifyElementVisible(findTestObject("Object Repository/Kullanici_Islemleri/KullaniciIslemleri")): Object 'Object Repository/Kullanici_Islemleri/KullaniciIslemleri' is visible

2021-11-11 09:57:23 - [MESSAGE][INFO] - Finding Test Object 'Object Repository/Kullanici_Islemleri/KullaniciIslemleri'

2021-11-11 09:57:23 - [MESSAGE][INFO] - Checking object

2021-11-11 09:57:23 - [MESSAGE][INFO] - Finding web element from Test Object's properties

2021-11-11 09:57:23 - [MESSAGE][INFO] - Checking timeout

2021-11-11 09:57:23 - [MESSAGE][INFO] - Finding web element with id: 'Object Repository/Kullanici_Islemleri/KullaniciIslemleri' located by 'By.cssSelector: .dropdown>a>img' in '30' second(s)

2021-11-11 09:57:23 - [MESSAGE][INFO] - Smart Wait Function is triggered

2021-11-11 09:57:24 - [MESSAGE][INFO] - Found 1 web elements with id: 'Object Repository/Kullanici_Islemleri/KullaniciIslemleri' located by 'By.cssSelector: .dropdown>a>img' in '30' second(s)

2021-11-11 09:57:24 - [MESSAGE][PASSED] - Object 'Object Repository/Kullanici_Islemleri/KullaniciIslemleri' is visible

2021-11-11 09:57:24 - [MESSAGE][PASSED] - Call Test Case 'Test Cases/Sayfalar/Giris_Sayfasi/Login' successfully

2021-11-11 09:57:24 - [MESSAGE][INFO] - Checking called Test Case

2021-11-11 09:57:24 - [MESSAGE][INFO] - Starting to call Test Case 'Test Cases/Menu/AnaMenuSecimi'

2021-11-11 09:57:24 - [TEST_CASE][PASSED] - Test Cases/Menu/AnaMenuSecimi: Test Cases/Menu/AnaMenuSecimi

2021-11-11 09:57:24 - [TEST_STEP][PASSED] - Method.TextDegerineEsitElementeTikla(findTestObject("Menu/Ana_Menu"), Ana_Menu): Method.TextDegerineEsitElementeTikla is PASSED

2021-11-11 09:57:24 - [MESSAGE][INFO] - Finding Test Object 'Object Repository/Menu/Ana_Menu'

2021-11-11 09:57:24 - [MESSAGE][INFO] - Checking timeout

2021-11-11 09:57:24 - [MESSAGE][INFO] - Finding web element with id: 'Object Repository/Menu/Ana_Menu' located by 'By.xpath: //*[@class = 'dropdown-toggle']' in '10' second(s)

2021-11-11 09:57:24 - [MESSAGE][INFO] - Smart Wait Function is triggered

2021-11-11 09:57:24 - [MESSAGE][INFO] - Found 14 web elements with id: 'Object Repository/Menu/Ana_Menu' located by 'By.xpath: //*[@class = 'dropdown-toggle']' in '10' second(s)

2021-11-11 09:57:24 - [MESSAGE][PASSED] - Method.TextDegerineEsitElementeTikla is PASSED

2021-11-11 09:57:24 - [MESSAGE][PASSED] - Call Test Case 'Test Cases/Menu/AnaMenuSecimi' successfully

2021-11-11 09:57:24 - [MESSAGE][INFO] - Checking called Test Case

2021-11-11 09:57:24 - [MESSAGE][INFO] - Starting to call Test Case 'Test Cases/Menu/AltMenuSecimi'

2021-11-11 09:57:24 - [TEST_CASE][PASSED] - Test Cases/Menu/AltMenuSecimi: Test Cases/Menu/AltMenuSecimi

2021-11-11 09:57:24 - [TEST_STEP][PASSED] - Method.TextDegerineEsitElementeTikla(findTestObject("Menu/Alt_Menu"), Alt_Menu): Method.TextDegerineEsitElementeTikla is PASSED

2021-11-11 09:57:24 - [MESSAGE][INFO] - Finding Test Object 'Object Repository/Menu/Alt_Menu'

2021-11-11 09:57:24 - [MESSAGE][INFO] - Checking timeout

2021-11-11 09:57:24 - [MESSAGE][INFO] - Finding web element with id: 'Object Repository/Menu/Alt_Menu' located by 'By.xpath: //li[@class='dropdown dropdown-large open']//li[@class='dropdown-element']' in '10' second(s)

2021-11-11 09:57:24 - [MESSAGE][INFO] - Smart Wait Function is triggered

2021-11-11 09:57:25 - [MESSAGE][INFO] - Found 2 web elements with id: 'Object Repository/Menu/Alt_Menu' located by 'By.xpath: //li[@class='dropdown dropdown-large open']//li[@class='dropdown-element']' in '10' second(s)

2021-11-11 09:57:29 - [MESSAGE][PASSED] - Method.TextDegerineEsitElementeTikla is PASSED

2021-11-11 09:57:29 - [MESSAGE][PASSED] - Call Test Case 'Test Cases/Menu/AltMenuSecimi' successfully

2021-11-11 09:57:29 - [MESSAGE][INFO] - Checking called Test Case

2021-11-11 09:57:29 - [MESSAGE][INFO] - Starting to call Test Case 'Test Cases/Filtreler/BaslangicYaz'

2021-11-11 09:57:29 - [TEST_CASE][PASSED] - Test Cases/Filtreler/BaslangicYaz: Test Cases/Filtreler/BaslangicYaz

2021-11-11 09:57:29 - [TEST_STEP][PASSED] - Method.TextDegerineEsitElementinAltindakineTikla(findTestObject("Filtreler/Basliklar"), findTestObject("Filtreler/Basliga_Gore_Baslangic_Image"), Filtre_Adi): Method.TextDegerineEsitElementinAltindakineTikla is PASSED

2021-11-11 09:57:29 - [MESSAGE][INFO] - Finding Test Object 'Object Repository/Filtreler/Basliklar'

2021-11-11 09:57:29 - [MESSAGE][INFO] - Finding Test Object 'Object Repository/Filtreler/Basliga_Gore_Baslangic_Image'

2021-11-11 09:57:29 - [MESSAGE][INFO] - Checking timeout

2021-11-11 09:57:29 - [MESSAGE][INFO] - Finding web element with id: 'Object Repository/Filtreler/Basliklar' located by 'By.cssSelector: .control-label.col-sm-4.paddingMarginRLC' in '10' second(s)

2021-11-11 09:57:29 - [MESSAGE][INFO] - Smart Wait Function is triggered

2021-11-11 09:57:29 - [MESSAGE][INFO] - Found 8 web elements with id: 'Object Repository/Filtreler/Basliklar' located by 'By.cssSelector: .control-label.col-sm-4.paddingMarginRLC' in '10' second(s)

2021-11-11 09:57:29 - [MESSAGE][INFO] - Smart Wait Function is triggered

2021-11-11 09:57:29 - [MESSAGE][PASSED] - Method.TextDegerineEsitElementinAltindakineTikla is PASSED

2021-11-11 09:57:29 - [TEST_STEP][PASSED] - Method.TextDegerineEsitElementinAltindakiTextboxtaYaz(findTestObject("Filtreler/Basliklar"), findTestObject("Filtreler/Basliga_Gore_Baslangic"), Filtre_Adi, Filtre_Degeri): Method.TextDegerineEsitElementinAltindakiTextboxtaYaz is PASSED

2021-11-11 09:57:29 - [MESSAGE][INFO] - Finding Test Object 'Object Repository/Filtreler/Basliklar'

2021-11-11 09:57:29 - [MESSAGE][INFO] - Finding Test Object 'Object Repository/Filtreler/Basliga_Gore_Baslangic'

2021-11-11 09:57:30 - [MESSAGE][INFO] - Checking timeout

2021-11-11 09:57:30 - [MESSAGE][INFO] - Finding web element with id: 'Object Repository/Filtreler/Basliklar' located by 'By.cssSelector: .control-label.col-sm-4.paddingMarginRLC' in '10' second(s)

2021-11-11 09:57:30 - [MESSAGE][INFO] - Smart Wait Function is triggered

2021-11-11 09:57:30 - [MESSAGE][INFO] - Found 8 web elements with id: 'Object Repository/Filtreler/Basliklar' located by 'By.cssSelector: .control-label.col-sm-4.paddingMarginRLC' in '10' second(s)

2021-11-11 09:57:30 - [MESSAGE][INFO] - Smart Wait Function is triggered

2021-11-11 09:57:30 - [MESSAGE][PASSED] - Method.TextDegerineEsitElementinAltindakiTextboxtaYaz is PASSED

2021-11-11 09:57:30 - [MESSAGE][PASSED] - Call Test Case 'Test Cases/Filtreler/BaslangicYaz' successfully

2021-11-11 09:57:30 - [MESSAGE][INFO] - Checking called Test Case

2021-11-11 09:57:30 - [MESSAGE][INFO] - Starting to call Test Case 'Test Cases/Filtreler/BitisYaz'

2021-11-11 09:57:30 - [TEST_CASE][PASSED] - Test Cases/Filtreler/BitisYaz: Test Cases/Filtreler/BitisYaz

2021-11-11 09:57:30 - [TEST_STEP][PASSED] - Method.TextDegerineEsitElementinAltindakineTikla(findTestObject("Filtreler/Basliklar"), findTestObject("Filtreler/Basliga_Gore_Bitis_Image"), Filtre_Adi): Method.TextDegerineEsitElementinAltindakineTikla is PASSED

2021-11-11 09:57:30 - [MESSAGE][INFO] - Finding Test Object 'Object Repository/Filtreler/Basliklar'

2021-11-11 09:57:30 - [MESSAGE][INFO] - Finding Test Object 'Object Repository/Filtreler/Basliga_Gore_Bitis_Image'

2021-11-11 09:57:30 - [MESSAGE][INFO] - Checking timeout

2021-11-11 09:57:30 - [MESSAGE][INFO] - Finding web element with id: 'Object Repository/Filtreler/Basliklar' located by 'By.cssSelector: .control-label.col-sm-4.paddingMarginRLC' in '10' second(s)

2021-11-11 09:57:30 - [MESSAGE][INFO] - Smart Wait Function is triggered

2021-11-11 09:57:31 - [MESSAGE][INFO] - Found 8 web elements with id: 'Object Repository/Filtreler/Basliklar' located by 'By.cssSelector: .control-label.col-sm-4.paddingMarginRLC' in '10' second(s)

2021-11-11 09:57:31 - [MESSAGE][INFO] - Smart Wait Function is triggered

2021-11-11 09:57:31 - [MESSAGE][PASSED] - Method.TextDegerineEsitElementinAltindakineTikla is PASSED

2021-11-11 09:57:31 - [TEST_STEP][PASSED] - Method.TextDegerineEsitElementinAltindakiTextboxtaYaz(findTestObject("Filtreler/Basliklar"), findTestObject("Object Repository/Filtreler/Basliga_Gore_Bitis"), Filtre_Adi, Filtre_Degeri): Method.TextDegerineEsitElementinAltindakiTextboxtaYaz is PASSED

2021-11-11 09:57:31 - [MESSAGE][INFO] - Finding Test Object 'Object Repository/Filtreler/Basliklar'

2021-11-11 09:57:31 - [MESSAGE][INFO] - Finding Test Object 'Object Repository/Filtreler/Basliga_Gore_Bitis'

2021-11-11 09:57:31 - [MESSAGE][INFO] - Checking timeout

2021-11-11 09:57:31 - [MESSAGE][INFO] - Finding web element with id: 'Object Repository/Filtreler/Basliklar' located by 'By.cssSelector: .control-label.col-sm-4.paddingMarginRLC' in '10' second(s)

2021-11-11 09:57:31 - [MESSAGE][INFO] - Smart Wait Function is triggered

2021-11-11 09:57:31 - [MESSAGE][INFO] - Found 8 web elements with id: 'Object Repository/Filtreler/Basliklar' located by 'By.cssSelector: .control-label.col-sm-4.paddingMarginRLC' in '10' second(s)

2021-11-11 09:57:32 - [MESSAGE][INFO] - Smart Wait Function is triggered

2021-11-11 09:57:32 - [MESSAGE][PASSED] - Method.TextDegerineEsitElementinAltindakiTextboxtaYaz is PASSED

2021-11-11 09:57:32 - [MESSAGE][PASSED] - Call Test Case 'Test Cases/Filtreler/BitisYaz' successfully

2021-11-11 09:57:32 - [MESSAGE][INFO] - Checking called Test Case

2021-11-11 09:57:32 - [MESSAGE][INFO] - Starting to call Test Case 'Test Cases/Filtreler/TexboxaYaz'

2021-11-11 09:57:32 - [TEST_CASE][PASSED] - Test Cases/Filtreler/TexboxaYaz: Test Cases/Filtreler/TexboxaYaz

2021-11-11 09:57:32 - [TEST_STEP][PASSED] - Method.TextDegerineEsitElementinAltindakiTextboxtaYaz(findTestObject("Filtreler/Basliklar"), findTestObject("Filtreler/Basliga_Gore_Textbox"), Filtre_Adi, Filtre_Degeri): Method.TextDegerineEsitElementinAltindakiTextboxtaYaz is PASSED

2021-11-11 09:57:32 - [MESSAGE][INFO] - Finding Test Object 'Object Repository/Filtreler/Basliklar'

2021-11-11 09:57:32 - [MESSAGE][INFO] - Finding Test Object 'Object Repository/Filtreler/Basliga_Gore_Textbox'

2021-11-11 09:57:32 - [MESSAGE][INFO] - Checking timeout

2021-11-11 09:57:32 - [MESSAGE][INFO] - Finding web element with id: 'Object Repository/Filtreler/Basliklar' located by 'By.cssSelector: .control-label.col-sm-4.paddingMarginRLC' in '10' second(s)

2021-11-11 09:57:32 - [MESSAGE][INFO] - Smart Wait Function is triggered

2021-11-11 09:57:32 - [MESSAGE][INFO] - Found 8 web elements with id: 'Object Repository/Filtreler/Basliklar' located by 'By.cssSelector: .control-label.col-sm-4.paddingMarginRLC' in '10' second(s)

2021-11-11 09:57:32 - [MESSAGE][INFO] - Smart Wait Function is triggered

2021-11-11 09:57:33 - [MESSAGE][PASSED] - Method.TextDegerineEsitElementinAltindakiTextboxtaYaz is PASSED

2021-11-11 09:57:33 - [MESSAGE][PASSED] - Call Test Case 'Test Cases/Filtreler/TexboxaYaz' successfully

2021-11-11 09:57:33 - [MESSAGE][INFO] - Checking called Test Case

2021-11-11 09:57:33 - [MESSAGE][INFO] - Starting to call Test Case 'Test Cases/Filtreler/ButonaTikla'

2021-11-11 09:57:33 - [TEST_CASE][PASSED] - Test Cases/Filtreler/ButonaTikla: Test Cases/Filtreler/ButonaTikla

2021-11-11 09:57:33 - [TEST_STEP][PASSED] - Method.TextDegerineEsitElementeTikla(findTestObject("Filtreler/Butonlar"), Filtre_Buton): Method.TextDegerineEsitElementeTikla is PASSED

2021-11-11 09:57:33 - [MESSAGE][INFO] - Finding Test Object 'Object Repository/Filtreler/Butonlar'

2021-11-11 09:57:33 - [MESSAGE][INFO] - Checking timeout

2021-11-11 09:57:33 - [MESSAGE][INFO] - Finding web element with id: 'Object Repository/Filtreler/Butonlar' located by 'By.cssSelector: .dxb>span' in '10' second(s)

2021-11-11 09:57:33 - [MESSAGE][INFO] - Smart Wait Function is triggered

2021-11-11 09:57:33 - [MESSAGE][INFO] - Found 3 web elements with id: 'Object Repository/Filtreler/Butonlar' located by 'By.cssSelector: .dxb>span' in '10' second(s)

2021-11-11 09:57:33 - [MESSAGE][PASSED] - Method.TextDegerineEsitElementeTikla is PASSED

2021-11-11 09:57:33 - [MESSAGE][PASSED] - Call Test Case 'Test Cases/Filtreler/ButonaTikla' successfully

2021-11-11 09:57:33 - [MESSAGE][INFO] - Checking called Test Case

2021-11-11 09:57:33 - [MESSAGE][INFO] - Starting to call Test Case 'Test Cases/Tablo/TablodaVeriVarMi'

2021-11-11 09:57:33 - [TEST_CASE][PASSED] - Test Cases/Tablo/TablodaVeriVarMi: Test Cases/Tablo/TablodaVeriVarMi

2021-11-11 09:57:33 - [TEST_STEP][PASSED] - verifyTextNotPresent("Görüntülenecek veri yok", true): Text 'Görüntülenecek veri yok' is not present on page using regular expression

2021-11-11 09:57:33 - [MESSAGE][INFO] - Checking text present  using regular expression

2021-11-11 09:57:33 - [MESSAGE][INFO] - Smart Wait Function is triggered

2021-11-11 09:57:35 - [MESSAGE][INFO] - Finding text 'Görüntülenecek veri yok' on page  using regular expression

2021-11-11 09:57:35 - [MESSAGE][PASSED] - Text 'Görüntülenecek veri yok' is not present on page using regular expression

2021-11-11 09:57:35 - [MESSAGE][PASSED] - Call Test Case 'Test Cases/Tablo/TablodaVeriVarMi' successfully

2021-11-11 09:57:35 - [MESSAGE][INFO] - Checking called Test Case

2021-11-11 09:57:35 - [MESSAGE][INFO] - Starting to call Test Case 'Test Cases/Tablo/TablodanVeriSec'

2021-11-11 09:57:35 - [TEST_CASE][PASSED] - Test Cases/Tablo/TablodanVeriSec: Test Cases/Tablo/TablodanVeriSec

2021-11-11 09:57:35 - [TEST_STEP][PASSED] - Method.TextDegerineEsitElementinAltindakineTikla(findTestObject("Tablo/Veriler"), findTestObject("Tablo/VerininCheckBoxi"), Veri_Adi): Method.TextDegerineEsitElementinAltindakineTikla is PASSED

2021-11-11 09:57:35 - [MESSAGE][INFO] - Finding Test Object 'Object Repository/Tablo/Veriler'

2021-11-11 09:57:35 - [MESSAGE][INFO] - Finding Test Object 'Object Repository/Tablo/VerininCheckBoxi'

2021-11-11 09:57:35 - [MESSAGE][INFO] - Checking timeout

2021-11-11 09:57:35 - [MESSAGE][INFO] - Finding web element with id: 'Object Repository/Tablo/Veriler' located by 'By.cssSelector: td.dxgv b ,td.dxgv' in '10' second(s)

2021-11-11 09:57:35 - [MESSAGE][INFO] - Smart Wait Function is triggered

2021-11-11 09:57:35 - [MESSAGE][INFO] - Found 110 web elements with id: 'Object Repository/Tablo/Veriler' located by 'By.cssSelector: td.dxgv b ,td.dxgv' in '10' second(s)

2021-11-11 09:57:35 - [MESSAGE][INFO] - Smart Wait Function is triggered

2021-11-11 09:57:35 - [MESSAGE][PASSED] - Method.TextDegerineEsitElementinAltindakineTikla is PASSED

2021-11-11 09:57:35 - [MESSAGE][PASSED] - Call Test Case 'Test Cases/Tablo/TablodanVeriSec' successfully

2021-11-11 09:57:35 - [MESSAGE][INFO] - Checking called Test Case

2021-11-11 09:57:35 - [MESSAGE][INFO] - Starting to call Test Case 'Test Cases/Butonlar/ButonaTikla'

2021-11-11 09:57:36 - [TEST_CASE][PASSED] - Test Cases/Butonlar/ButonaTikla: Test Cases/Butonlar/ButonaTikla

2021-11-11 09:57:36 - [TEST_STEP][PASSED] - Method.TextDegerineEsitElementeTiklaEquals(findTestObject("Butonlar/Butonlar"), Buton_Adi): Method.TextDegerineEsitElementeTiklaEquals is PASSED

2021-11-11 09:57:36 - [MESSAGE][INFO] - Finding Test Object 'Object Repository/Butonlar/Butonlar'

2021-11-11 09:57:36 - [MESSAGE][INFO] - Checking timeout

2021-11-11 09:57:36 - [MESSAGE][INFO] - Finding web element with id: 'Object Repository/Butonlar/Butonlar' located by 'By.cssSelector: .panel.panel-default.text-center.footerPanel .btn,.btn.btn-primary.btnControls' in '10' second(s)

2021-11-11 09:57:36 - [MESSAGE][INFO] - Smart Wait Function is triggered

2021-11-11 09:57:36 - [MESSAGE][INFO] - Found 6 web elements with id: 'Object Repository/Butonlar/Butonlar' located by 'By.cssSelector: .panel.panel-default.text-center.footerPanel .btn,.btn.btn-primary.btnControls' in '10' second(s)

2021-11-11 09:57:36 - [MESSAGE][PASSED] - Method.TextDegerineEsitElementeTiklaEquals is PASSED

2021-11-11 09:57:36 - [MESSAGE][PASSED] - Call Test Case 'Test Cases/Butonlar/ButonaTikla' successfully

2021-11-11 09:57:36 - [MESSAGE][INFO] - Checking called Test Case

2021-11-11 09:57:36 - [MESSAGE][INFO] - Starting to call Test Case 'Test Cases/Butonlar/AltButonaTikla'

2021-11-11 09:57:36 - [TEST_CASE][PASSED] - Test Cases/Butonlar/AltButonaTikla: Test Cases/Butonlar/AltButonaTikla

2021-11-11 09:57:36 - [TEST_STEP][PASSED] - Method.TextDegerineEsitElementeTikla(findTestObject("Butonlar/AltButonlar"), Alt_Buton): Method.TextDegerineEsitElementeTikla is PASSED

2021-11-11 09:57:36 - [MESSAGE][INFO] - Finding Test Object 'Object Repository/Butonlar/AltButonlar'

2021-11-11 09:57:36 - [MESSAGE][INFO] - Checking timeout

2021-11-11 09:57:36 - [MESSAGE][INFO] - Finding web element with id: 'Object Repository/Butonlar/AltButonlar' located by 'By.cssSelector: .btn-group.open li>a' in '10' second(s)

2021-11-11 09:57:36 - [MESSAGE][INFO] - Smart Wait Function is triggered

2021-11-11 09:57:37 - [MESSAGE][INFO] - Found 2 web elements with id: 'Object Repository/Butonlar/AltButonlar' located by 'By.cssSelector: .btn-group.open li>a' in '10' second(s)

2021-11-11 09:57:37 - [MESSAGE][PASSED] - Method.TextDegerineEsitElementeTikla is PASSED

2021-11-11 09:57:37 - [MESSAGE][PASSED] - Call Test Case 'Test Cases/Butonlar/AltButonaTikla' successfully

2021-11-11 09:57:37 - [MESSAGE][INFO] - Checking called Test Case

2021-11-11 09:57:37 - [MESSAGE][INFO] - Starting to call Test Case 'Test Cases/Popup/PopupMesajiIceriyorMu'

2021-11-11 09:57:37 - [TEST_CASE][PASSED] - Test Cases/Popup/PopupMesajiIceriyorMu: Test Cases/Popup/PopupMesajiIceriyorMu

2021-11-11 09:57:37 - [TEST_STEP][PASSED] - waitForElementVisible(findTestObject("Popup/Popup"), 10): Object 'Object Repository/Popup/Popup' is visible

2021-11-11 09:57:37 - [MESSAGE][INFO] - Finding Test Object 'Object Repository/Popup/Popup'

2021-11-11 09:57:37 - [MESSAGE][INFO] - Checking object

2021-11-11 09:57:37 - [MESSAGE][INFO] - Checking timeout

2021-11-11 09:57:37 - [MESSAGE][INFO] - Finding web element from Test Object's properties

2021-11-11 09:57:37 - [MESSAGE][INFO] - Checking timeout

2021-11-11 09:57:37 - [MESSAGE][INFO] - Finding web element with id: 'Object Repository/Popup/Popup' located by 'By.cssSelector: .bootbox-body' in '10' second(s)

2021-11-11 09:57:37 - [MESSAGE][INFO] - Smart Wait Function is triggered

2021-11-11 09:57:38 - [MESSAGE][INFO] - Found 1 web elements with id: 'Object Repository/Popup/Popup' located by 'By.cssSelector: .bootbox-body' in '10' second(s)

2021-11-11 09:57:38 - [MESSAGE][PASSED] - Object 'Object Repository/Popup/Popup' is visible

2021-11-11 09:57:38 - [TEST_STEP][PASSED] - if (!(getText(findTestObject("Popup/Popup")).contains(Mesaj))): Text of object 'Object Repository/Popup/Popup' is: 'Lütfen rapor bildiriminin gönderileceği e-posta adresini belirtiniz.
e-Posta Adresi'

2021-11-11 09:57:38 - [MESSAGE][INFO] - Finding Test Object 'Object Repository/Popup/Popup'

2021-11-11 09:57:38 - [MESSAGE][INFO] - Checking object

2021-11-11 09:57:38 - [MESSAGE][INFO] - Finding web element from Test Object's properties

2021-11-11 09:57:38 - [MESSAGE][INFO] - Checking timeout

2021-11-11 09:57:38 - [MESSAGE][INFO] - Finding web element with id: 'Object Repository/Popup/Popup' located by 'By.cssSelector: .bootbox-body' in '30' second(s)

2021-11-11 09:57:38 - [MESSAGE][INFO] - Smart Wait Function is triggered

2021-11-11 09:57:38 - [MESSAGE][INFO] - Found 1 web elements with id: 'Object Repository/Popup/Popup' located by 'By.cssSelector: .bootbox-body' in '30' second(s)

2021-11-11 09:57:38 - [MESSAGE][INFO] - Getting text of object 'Object Repository/Popup/Popup'

2021-11-11 09:57:38 - [MESSAGE][PASSED] - Text of object 'Object Repository/Popup/Popup' is: 'Lütfen rapor bildiriminin gönderileceği e-posta adresini belirtiniz.
e-Posta Adresi'

2021-11-11 09:57:38 - [TEST_STEP][PASSED] - RaporNo = getText(findTestObject("Popup/Popup")).substring(0, 6): Text of object 'Object Repository/Popup/Popup' is: 'Lütfen rapor bildiriminin gönderileceği e-posta adresini belirtiniz.
e-Posta Adresi'

2021-11-11 09:57:38 - [MESSAGE][INFO] - Finding Test Object 'Object Repository/Popup/Popup'

2021-11-11 09:57:38 - [MESSAGE][INFO] - Checking object

2021-11-11 09:57:38 - [MESSAGE][INFO] - Finding web element from Test Object's properties

2021-11-11 09:57:38 - [MESSAGE][INFO] - Checking timeout

2021-11-11 09:57:38 - [MESSAGE][INFO] - Finding web element with id: 'Object Repository/Popup/Popup' located by 'By.cssSelector: .bootbox-body' in '30' second(s)

2021-11-11 09:57:38 - [MESSAGE][INFO] - Smart Wait Function is triggered

2021-11-11 09:57:38 - [MESSAGE][INFO] - Found 1 web elements with id: 'Object Repository/Popup/Popup' located by 'By.cssSelector: .bootbox-body' in '30' second(s)

2021-11-11 09:57:38 - [MESSAGE][INFO] - Getting text of object 'Object Repository/Popup/Popup'

2021-11-11 09:57:38 - [MESSAGE][PASSED] - Text of object 'Object Repository/Popup/Popup' is: 'Lütfen rapor bildiriminin gönderileceği e-posta adresini belirtiniz.
e-Posta Adresi'

2021-11-11 09:57:38 - [TEST_STEP][PASSED] - Console.println(RaporNo): null

2021-11-11 09:57:38 - [MESSAGE][PASSED] - Call Test Case 'Test Cases/Popup/PopupMesajiIceriyorMu' successfully

2021-11-11 09:57:38 - [MESSAGE][INFO] - Checking called Test Case

2021-11-11 09:57:38 - [MESSAGE][INFO] - Starting to call Test Case 'Test Cases/Popup/PopupButonSecilir'

2021-11-11 09:57:39 - [TEST_CASE][PASSED] - Test Cases/Popup/PopupButonSecilir: Test Cases/Popup/PopupButonSecilir

2021-11-11 09:57:39 - [TEST_STEP][PASSED] - Method.TextDegerineEsitElementeTikla(findTestObject("Popup/Popup_Butons"), Buton): Method.TextDegerineEsitElementeTikla is PASSED

2021-11-11 09:57:39 - [MESSAGE][INFO] - Finding Test Object 'Object Repository/Popup/Popup_Butons'

2021-11-11 09:57:39 - [MESSAGE][INFO] - Checking timeout

2021-11-11 09:57:39 - [MESSAGE][INFO] - Finding web element with id: 'Object Repository/Popup/Popup_Butons' located by 'By.cssSelector: .modal-footer>button' in '10' second(s)

2021-11-11 09:57:39 - [MESSAGE][INFO] - Smart Wait Function is triggered

2021-11-11 09:57:39 - [MESSAGE][INFO] - Found 2 web elements with id: 'Object Repository/Popup/Popup_Butons' located by 'By.cssSelector: .modal-footer>button' in '10' second(s)

2021-11-11 09:57:39 - [MESSAGE][PASSED] - Method.TextDegerineEsitElementeTikla is PASSED

2021-11-11 09:57:39 - [MESSAGE][PASSED] - Call Test Case 'Test Cases/Popup/PopupButonSecilir' successfully

2021-11-11 09:57:39 - [MESSAGE][INFO] - Checking called Test Case

2021-11-11 09:57:39 - [MESSAGE][INFO] - Starting to call Test Case 'Test Cases/Popup/PopupMesajiIceriyorMu'

2021-11-11 09:57:39 - [TEST_CASE][PASSED] - Test Cases/Popup/PopupMesajiIceriyorMu: Test Cases/Popup/PopupMesajiIceriyorMu

2021-11-11 09:57:39 - [TEST_STEP][PASSED] - waitForElementVisible(findTestObject("Popup/Popup"), 10): Object 'Object Repository/Popup/Popup' is visible

2021-11-11 09:57:39 - [MESSAGE][INFO] - Finding Test Object 'Object Repository/Popup/Popup'

2021-11-11 09:57:39 - [MESSAGE][INFO] - Checking object

2021-11-11 09:57:39 - [MESSAGE][INFO] - Checking timeout

2021-11-11 09:57:39 - [MESSAGE][INFO] - Finding web element from Test Object's properties

2021-11-11 09:57:39 - [MESSAGE][INFO] - Checking timeout

2021-11-11 09:57:39 - [MESSAGE][INFO] - Finding web element with id: 'Object Repository/Popup/Popup' located by 'By.cssSelector: .bootbox-body' in '10' second(s)

2021-11-11 09:57:39 - [MESSAGE][INFO] - Smart Wait Function is triggered

2021-11-11 09:57:40 - [MESSAGE][INFO] - Found 1 web elements with id: 'Object Repository/Popup/Popup' located by 'By.cssSelector: .bootbox-body' in '10' second(s)

2021-11-11 09:57:40 - [MESSAGE][PASSED] - Object 'Object Repository/Popup/Popup' is visible

2021-11-11 09:57:40 - [TEST_STEP][PASSED] - if (!(getText(findTestObject("Popup/Popup")).contains(Mesaj))): Text of object 'Object Repository/Popup/Popup' is: '16291 no’lu talebiniz işleme alınmıştır. Raporunuz hazırlandığında (elogotest@gmail.com) adresinize mail gönderilecektir.
Rapor durumunuzu Raporlar > Toplu Veri İndirme ekranından takip edebilir, hazırlandı durumundaki raporlarınızı ilgili menüden indirebilirsiniz.'

2021-11-11 09:57:40 - [MESSAGE][INFO] - Finding Test Object 'Object Repository/Popup/Popup'

2021-11-11 09:57:41 - [MESSAGE][INFO] - Checking object

2021-11-11 09:57:41 - [MESSAGE][INFO] - Finding web element from Test Object's properties

2021-11-11 09:57:41 - [MESSAGE][INFO] - Checking timeout

2021-11-11 09:57:41 - [MESSAGE][INFO] - Finding web element with id: 'Object Repository/Popup/Popup' located by 'By.cssSelector: .bootbox-body' in '30' second(s)

2021-11-11 09:57:41 - [MESSAGE][INFO] - Smart Wait Function is triggered

2021-11-11 09:57:41 - [MESSAGE][INFO] - Found 1 web elements with id: 'Object Repository/Popup/Popup' located by 'By.cssSelector: .bootbox-body' in '30' second(s)

2021-11-11 09:57:41 - [MESSAGE][INFO] - Getting text of object 'Object Repository/Popup/Popup'

2021-11-11 09:57:41 - [MESSAGE][PASSED] - Text of object 'Object Repository/Popup/Popup' is: '16291 no’lu talebiniz işleme alınmıştır. Raporunuz hazırlandığında (elogotest@gmail.com) adresinize mail gönderilecektir.
Rapor durumunuzu Raporlar > Toplu Veri İndirme ekranından takip edebilir, hazırlandı durumundaki raporlarınızı ilgili menüden indirebilirsiniz.'

2021-11-11 09:57:41 - [TEST_STEP][PASSED] - RaporNo = getText(findTestObject("Popup/Popup")).substring(0, 6): Text of object 'Object Repository/Popup/Popup' is: '16291 no’lu talebiniz işleme alınmıştır. Raporunuz hazırlandığında (elogotest@gmail.com) adresinize mail gönderilecektir.
Rapor durumunuzu Raporlar > Toplu Veri İndirme ekranından takip edebilir, hazırlandı durumundaki raporlarınızı ilgili menüden indirebilirsiniz.'

2021-11-11 09:57:41 - [MESSAGE][INFO] - Finding Test Object 'Object Repository/Popup/Popup'

2021-11-11 09:57:41 - [MESSAGE][INFO] - Checking object

2021-11-11 09:57:41 - [MESSAGE][INFO] - Finding web element from Test Object's properties

2021-11-11 09:57:41 - [MESSAGE][INFO] - Checking timeout

2021-11-11 09:57:41 - [MESSAGE][INFO] - Finding web element with id: 'Object Repository/Popup/Popup' located by 'By.cssSelector: .bootbox-body' in '30' second(s)

2021-11-11 09:57:41 - [MESSAGE][INFO] - Smart Wait Function is triggered

2021-11-11 09:57:41 - [MESSAGE][INFO] - Found 1 web elements with id: 'Object Repository/Popup/Popup' located by 'By.cssSelector: .bootbox-body' in '30' second(s)

2021-11-11 09:57:41 - [MESSAGE][INFO] - Getting text of object 'Object Repository/Popup/Popup'

2021-11-11 09:57:41 - [MESSAGE][PASSED] - Text of object 'Object Repository/Popup/Popup' is: '16291 no’lu talebiniz işleme alınmıştır. Raporunuz hazırlandığında (elogotest@gmail.com) adresinize mail gönderilecektir.
Rapor durumunuzu Raporlar > Toplu Veri İndirme ekranından takip edebilir, hazırlandı durumundaki raporlarınızı ilgili menüden indirebilirsiniz.'

2021-11-11 09:57:41 - [TEST_STEP][PASSED] - Console.println(RaporNo): null

2021-11-11 09:57:41 - [MESSAGE][PASSED] - Call Test Case 'Test Cases/Popup/PopupMesajiIceriyorMu' successfully

2021-11-11 09:57:41 - [MESSAGE][INFO] - Checking called Test Case

2021-11-11 09:57:41 - [MESSAGE][INFO] - Starting to call Test Case 'Test Cases/Popup/PopupButonSecilir'

2021-11-11 09:57:41 - [TEST_CASE][PASSED] - Test Cases/Popup/PopupButonSecilir: Test Cases/Popup/PopupButonSecilir

2021-11-11 09:57:41 - [TEST_STEP][PASSED] - Method.TextDegerineEsitElementeTikla(findTestObject("Popup/Popup_Butons"), Buton): Method.TextDegerineEsitElementeTikla is PASSED

2021-11-11 09:57:41 - [MESSAGE][INFO] - Finding Test Object 'Object Repository/Popup/Popup_Butons'

2021-11-11 09:57:41 - [MESSAGE][INFO] - Checking timeout

2021-11-11 09:57:41 - [MESSAGE][INFO] - Finding web element with id: 'Object Repository/Popup/Popup_Butons' located by 'By.cssSelector: .modal-footer>button' in '10' second(s)

2021-11-11 09:57:41 - [MESSAGE][INFO] - Smart Wait Function is triggered

2021-11-11 09:57:42 - [MESSAGE][INFO] - Found 1 web elements with id: 'Object Repository/Popup/Popup_Butons' located by 'By.cssSelector: .modal-footer>button' in '10' second(s)

2021-11-11 09:57:42 - [MESSAGE][PASSED] - Method.TextDegerineEsitElementeTikla is PASSED

2021-11-11 09:57:42 - [MESSAGE][PASSED] - Call Test Case 'Test Cases/Popup/PopupButonSecilir' successfully

2021-11-11 09:57:42 - [MESSAGE][INFO] - Checking called Test Case

2021-11-11 09:57:42 - [MESSAGE][INFO] - Starting to call Test Case 'Test Cases/Butonlar/ButonaTikla'

2021-11-11 09:57:42 - [TEST_CASE][PASSED] - Test Cases/Butonlar/ButonaTikla: Test Cases/Butonlar/ButonaTikla

2021-11-11 09:57:42 - [TEST_STEP][PASSED] - Method.TextDegerineEsitElementeTiklaEquals(findTestObject("Butonlar/Butonlar"), Buton_Adi): Method.TextDegerineEsitElementeTiklaEquals is PASSED

2021-11-11 09:57:42 - [MESSAGE][INFO] - Finding Test Object 'Object Repository/Butonlar/Butonlar'

2021-11-11 09:57:42 - [MESSAGE][INFO] - Checking timeout

2021-11-11 09:57:42 - [MESSAGE][INFO] - Finding web element with id: 'Object Repository/Butonlar/Butonlar' located by 'By.cssSelector: .panel.panel-default.text-center.footerPanel .btn,.btn.btn-primary.btnControls' in '10' second(s)

2021-11-11 09:57:42 - [MESSAGE][INFO] - Smart Wait Function is triggered

2021-11-11 09:57:42 - [MESSAGE][INFO] - Found 6 web elements with id: 'Object Repository/Butonlar/Butonlar' located by 'By.cssSelector: .panel.panel-default.text-center.footerPanel .btn,.btn.btn-primary.btnControls' in '10' second(s)

2021-11-11 09:57:42 - [MESSAGE][PASSED] - Method.TextDegerineEsitElementeTiklaEquals is PASSED

2021-11-11 09:57:42 - [MESSAGE][PASSED] - Call Test Case 'Test Cases/Butonlar/ButonaTikla' successfully

2021-11-11 09:57:42 - [MESSAGE][INFO] - Checking called Test Case

2021-11-11 09:57:42 - [MESSAGE][INFO] - Starting to call Test Case 'Test Cases/Butonlar/AltButonaTikla'

2021-11-11 09:57:43 - [TEST_CASE][PASSED] - Test Cases/Butonlar/AltButonaTikla: Test Cases/Butonlar/AltButonaTikla

2021-11-11 09:57:43 - [TEST_STEP][PASSED] - Method.TextDegerineEsitElementeTikla(findTestObject("Butonlar/AltButonlar"), Alt_Buton): Method.TextDegerineEsitElementeTikla is PASSED

2021-11-11 09:57:43 - [MESSAGE][INFO] - Finding Test Object 'Object Repository/Butonlar/AltButonlar'

2021-11-11 09:57:43 - [MESSAGE][INFO] - Checking timeout

2021-11-11 09:57:43 - [MESSAGE][INFO] - Finding web element with id: 'Object Repository/Butonlar/AltButonlar' located by 'By.cssSelector: .btn-group.open li>a' in '10' second(s)

2021-11-11 09:57:43 - [MESSAGE][INFO] - Smart Wait Function is triggered

2021-11-11 09:57:43 - [MESSAGE][INFO] - Found 2 web elements with id: 'Object Repository/Butonlar/AltButonlar' located by 'By.cssSelector: .btn-group.open li>a' in '10' second(s)

2021-11-11 09:57:43 - [MESSAGE][PASSED] - Method.TextDegerineEsitElementeTikla is PASSED

2021-11-11 09:57:43 - [MESSAGE][PASSED] - Call Test Case 'Test Cases/Butonlar/AltButonaTikla' successfully

2021-11-11 09:57:43 - [MESSAGE][INFO] - Checking called Test Case

2021-11-11 09:57:43 - [MESSAGE][INFO] - Starting to call Test Case 'Test Cases/Popup/PopupMesajiIceriyorMu'

2021-11-11 09:57:43 - [TEST_CASE][PASSED] - Test Cases/Popup/PopupMesajiIceriyorMu: Test Cases/Popup/PopupMesajiIceriyorMu

2021-11-11 09:57:43 - [TEST_STEP][PASSED] - waitForElementVisible(findTestObject("Popup/Popup"), 10): Object 'Object Repository/Popup/Popup' is visible

2021-11-11 09:57:43 - [MESSAGE][INFO] - Finding Test Object 'Object Repository/Popup/Popup'

2021-11-11 09:57:43 - [MESSAGE][INFO] - Checking object

2021-11-11 09:57:43 - [MESSAGE][INFO] - Checking timeout

2021-11-11 09:57:43 - [MESSAGE][INFO] - Finding web element from Test Object's properties

2021-11-11 09:57:43 - [MESSAGE][INFO] - Checking timeout

2021-11-11 09:57:43 - [MESSAGE][INFO] - Finding web element with id: 'Object Repository/Popup/Popup' located by 'By.cssSelector: .bootbox-body' in '10' second(s)

2021-11-11 09:57:43 - [MESSAGE][INFO] - Smart Wait Function is triggered

2021-11-11 09:57:44 - [MESSAGE][INFO] - Found 1 web elements with id: 'Object Repository/Popup/Popup' located by 'By.cssSelector: .bootbox-body' in '10' second(s)

2021-11-11 09:57:44 - [MESSAGE][PASSED] - Object 'Object Repository/Popup/Popup' is visible

2021-11-11 09:57:44 - [TEST_STEP][PASSED] - if (!(getText(findTestObject("Popup/Popup")).contains(Mesaj))): Text of object 'Object Repository/Popup/Popup' is: 'Lütfen rapor bildiriminin gönderileceği e-posta adresini belirtiniz.
e-Posta Adresi'

2021-11-11 09:57:44 - [MESSAGE][INFO] - Finding Test Object 'Object Repository/Popup/Popup'

2021-11-11 09:57:44 - [MESSAGE][INFO] - Checking object

2021-11-11 09:57:44 - [MESSAGE][INFO] - Finding web element from Test Object's properties

2021-11-11 09:57:44 - [MESSAGE][INFO] - Checking timeout

2021-11-11 09:57:44 - [MESSAGE][INFO] - Finding web element with id: 'Object Repository/Popup/Popup' located by 'By.cssSelector: .bootbox-body' in '30' second(s)

2021-11-11 09:57:44 - [MESSAGE][INFO] - Smart Wait Function is triggered

2021-11-11 09:57:44 - [MESSAGE][INFO] - Found 1 web elements with id: 'Object Repository/Popup/Popup' located by 'By.cssSelector: .bootbox-body' in '30' second(s)

2021-11-11 09:57:44 - [MESSAGE][INFO] - Getting text of object 'Object Repository/Popup/Popup'

2021-11-11 09:57:44 - [MESSAGE][PASSED] - Text of object 'Object Repository/Popup/Popup' is: 'Lütfen rapor bildiriminin gönderileceği e-posta adresini belirtiniz.
e-Posta Adresi'

2021-11-11 09:57:44 - [TEST_STEP][PASSED] - RaporNo = getText(findTestObject("Popup/Popup")).substring(0, 6): Text of object 'Object Repository/Popup/Popup' is: 'Lütfen rapor bildiriminin gönderileceği e-posta adresini belirtiniz.
e-Posta Adresi'

2021-11-11 09:57:44 - [MESSAGE][INFO] - Finding Test Object 'Object Repository/Popup/Popup'

2021-11-11 09:57:44 - [MESSAGE][INFO] - Checking object

2021-11-11 09:57:44 - [MESSAGE][INFO] - Finding web element from Test Object's properties

2021-11-11 09:57:44 - [MESSAGE][INFO] - Checking timeout

2021-11-11 09:57:44 - [MESSAGE][INFO] - Finding web element with id: 'Object Repository/Popup/Popup' located by 'By.cssSelector: .bootbox-body' in '30' second(s)

2021-11-11 09:57:44 - [MESSAGE][INFO] - Smart Wait Function is triggered

2021-11-11 09:57:44 - [MESSAGE][INFO] - Found 1 web elements with id: 'Object Repository/Popup/Popup' located by 'By.cssSelector: .bootbox-body' in '30' second(s)

2021-11-11 09:57:44 - [MESSAGE][INFO] - Getting text of object 'Object Repository/Popup/Popup'

2021-11-11 09:57:44 - [MESSAGE][PASSED] - Text of object 'Object Repository/Popup/Popup' is: 'Lütfen rapor bildiriminin gönderileceği e-posta adresini belirtiniz.
e-Posta Adresi'

2021-11-11 09:57:44 - [TEST_STEP][PASSED] - Console.println(RaporNo): null

2021-11-11 09:57:44 - [MESSAGE][PASSED] - Call Test Case 'Test Cases/Popup/PopupMesajiIceriyorMu' successfully

2021-11-11 09:57:44 - [MESSAGE][INFO] - Checking called Test Case

2021-11-11 09:57:44 - [MESSAGE][INFO] - Starting to call Test Case 'Test Cases/Popup/PopupButonSecilir'

2021-11-11 09:57:44 - [TEST_CASE][PASSED] - Test Cases/Popup/PopupButonSecilir: Test Cases/Popup/PopupButonSecilir

2021-11-11 09:57:44 - [TEST_STEP][PASSED] - Method.TextDegerineEsitElementeTikla(findTestObject("Popup/Popup_Butons"), Buton): Method.TextDegerineEsitElementeTikla is PASSED

2021-11-11 09:57:44 - [MESSAGE][INFO] - Finding Test Object 'Object Repository/Popup/Popup_Butons'

2021-11-11 09:57:45 - [MESSAGE][INFO] - Checking timeout

2021-11-11 09:57:45 - [MESSAGE][INFO] - Finding web element with id: 'Object Repository/Popup/Popup_Butons' located by 'By.cssSelector: .modal-footer>button' in '10' second(s)

2021-11-11 09:57:45 - [MESSAGE][INFO] - Smart Wait Function is triggered

2021-11-11 09:57:45 - [MESSAGE][INFO] - Found 2 web elements with id: 'Object Repository/Popup/Popup_Butons' located by 'By.cssSelector: .modal-footer>button' in '10' second(s)

2021-11-11 09:57:45 - [MESSAGE][PASSED] - Method.TextDegerineEsitElementeTikla is PASSED

2021-11-11 09:57:45 - [MESSAGE][PASSED] - Call Test Case 'Test Cases/Popup/PopupButonSecilir' successfully

2021-11-11 09:57:45 - [MESSAGE][INFO] - Checking called Test Case

2021-11-11 09:57:45 - [MESSAGE][INFO] - Starting to call Test Case 'Test Cases/Popup/PopupMesajiIceriyorMu'

2021-11-11 09:57:45 - [TEST_CASE][PASSED] - Test Cases/Popup/PopupMesajiIceriyorMu: Test Cases/Popup/PopupMesajiIceriyorMu

2021-11-11 09:57:45 - [TEST_STEP][PASSED] - waitForElementVisible(findTestObject("Popup/Popup"), 10): Object 'Object Repository/Popup/Popup' is visible

2021-11-11 09:57:45 - [MESSAGE][INFO] - Finding Test Object 'Object Repository/Popup/Popup'

2021-11-11 09:57:45 - [MESSAGE][INFO] - Checking object

2021-11-11 09:57:45 - [MESSAGE][INFO] - Checking timeout

2021-11-11 09:57:45 - [MESSAGE][INFO] - Finding web element from Test Object's properties

2021-11-11 09:57:45 - [MESSAGE][INFO] - Checking timeout

2021-11-11 09:57:45 - [MESSAGE][INFO] - Finding web element with id: 'Object Repository/Popup/Popup' located by 'By.cssSelector: .bootbox-body' in '10' second(s)

2021-11-11 09:57:45 - [MESSAGE][INFO] - Smart Wait Function is triggered

2021-11-11 09:57:47 - [MESSAGE][INFO] - Found 1 web elements with id: 'Object Repository/Popup/Popup' located by 'By.cssSelector: .bootbox-body' in '10' second(s)

2021-11-11 09:57:47 - [MESSAGE][PASSED] - Object 'Object Repository/Popup/Popup' is visible

2021-11-11 09:57:47 - [TEST_STEP][PASSED] - if (!(getText(findTestObject("Popup/Popup")).contains(Mesaj))): Text of object 'Object Repository/Popup/Popup' is: '16292 no’lu talebiniz işleme alınmıştır. Raporunuz hazırlandığında (elogotest@gmail.com) adresinize mail gönderilecektir.
Rapor durumunuzu Raporlar > Toplu Veri İndirme ekranından takip edebilir, hazırlandı durumundaki raporlarınızı ilgili menüden indirebilirsiniz.'

2021-11-11 09:57:47 - [MESSAGE][INFO] - Finding Test Object 'Object Repository/Popup/Popup'

2021-11-11 09:57:47 - [MESSAGE][INFO] - Checking object

2021-11-11 09:57:47 - [MESSAGE][INFO] - Finding web element from Test Object's properties

2021-11-11 09:57:47 - [MESSAGE][INFO] - Checking timeout

2021-11-11 09:57:47 - [MESSAGE][INFO] - Finding web element with id: 'Object Repository/Popup/Popup' located by 'By.cssSelector: .bootbox-body' in '30' second(s)

2021-11-11 09:57:47 - [MESSAGE][INFO] - Smart Wait Function is triggered

2021-11-11 09:57:47 - [MESSAGE][INFO] - Found 1 web elements with id: 'Object Repository/Popup/Popup' located by 'By.cssSelector: .bootbox-body' in '30' second(s)

2021-11-11 09:57:47 - [MESSAGE][INFO] - Getting text of object 'Object Repository/Popup/Popup'

2021-11-11 09:57:47 - [MESSAGE][PASSED] - Text of object 'Object Repository/Popup/Popup' is: '16292 no’lu talebiniz işleme alınmıştır. Raporunuz hazırlandığında (elogotest@gmail.com) adresinize mail gönderilecektir.
Rapor durumunuzu Raporlar > Toplu Veri İndirme ekranından takip edebilir, hazırlandı durumundaki raporlarınızı ilgili menüden indirebilirsiniz.'

2021-11-11 09:57:47 - [TEST_STEP][PASSED] - RaporNo = getText(findTestObject("Popup/Popup")).substring(0, 6): Text of object 'Object Repository/Popup/Popup' is: '16292 no’lu talebiniz işleme alınmıştır. Raporunuz hazırlandığında (elogotest@gmail.com) adresinize mail gönderilecektir.
Rapor durumunuzu Raporlar > Toplu Veri İndirme ekranından takip edebilir, hazırlandı durumundaki raporlarınızı ilgili menüden indirebilirsiniz.'

2021-11-11 09:57:47 - [MESSAGE][INFO] - Finding Test Object 'Object Repository/Popup/Popup'

2021-11-11 09:57:47 - [MESSAGE][INFO] - Checking object

2021-11-11 09:57:47 - [MESSAGE][INFO] - Finding web element from Test Object's properties

2021-11-11 09:57:47 - [MESSAGE][INFO] - Checking timeout

2021-11-11 09:57:47 - [MESSAGE][INFO] - Finding web element with id: 'Object Repository/Popup/Popup' located by 'By.cssSelector: .bootbox-body' in '30' second(s)

2021-11-11 09:57:47 - [MESSAGE][INFO] - Smart Wait Function is triggered

2021-11-11 09:57:47 - [MESSAGE][INFO] - Found 1 web elements with id: 'Object Repository/Popup/Popup' located by 'By.cssSelector: .bootbox-body' in '30' second(s)

2021-11-11 09:57:47 - [MESSAGE][INFO] - Getting text of object 'Object Repository/Popup/Popup'

2021-11-11 09:57:47 - [MESSAGE][PASSED] - Text of object 'Object Repository/Popup/Popup' is: '16292 no’lu talebiniz işleme alınmıştır. Raporunuz hazırlandığında (elogotest@gmail.com) adresinize mail gönderilecektir.
Rapor durumunuzu Raporlar > Toplu Veri İndirme ekranından takip edebilir, hazırlandı durumundaki raporlarınızı ilgili menüden indirebilirsiniz.'

2021-11-11 09:57:47 - [TEST_STEP][PASSED] - Console.println(RaporNo): null

2021-11-11 09:57:47 - [MESSAGE][PASSED] - Call Test Case 'Test Cases/Popup/PopupMesajiIceriyorMu' successfully

2021-11-11 09:57:47 - [MESSAGE][INFO] - Checking called Test Case

2021-11-11 09:57:47 - [MESSAGE][INFO] - Starting to call Test Case 'Test Cases/Popup/PopupButonSecilir'

2021-11-11 09:57:47 - [TEST_CASE][PASSED] - Test Cases/Popup/PopupButonSecilir: Test Cases/Popup/PopupButonSecilir

2021-11-11 09:57:47 - [TEST_STEP][PASSED] - Method.TextDegerineEsitElementeTikla(findTestObject("Popup/Popup_Butons"), Buton): Method.TextDegerineEsitElementeTikla is PASSED

2021-11-11 09:57:47 - [MESSAGE][INFO] - Finding Test Object 'Object Repository/Popup/Popup_Butons'

2021-11-11 09:57:47 - [MESSAGE][INFO] - Checking timeout

2021-11-11 09:57:47 - [MESSAGE][INFO] - Finding web element with id: 'Object Repository/Popup/Popup_Butons' located by 'By.cssSelector: .modal-footer>button' in '10' second(s)

2021-11-11 09:57:47 - [MESSAGE][INFO] - Smart Wait Function is triggered

2021-11-11 09:57:48 - [MESSAGE][INFO] - Found 1 web elements with id: 'Object Repository/Popup/Popup_Butons' located by 'By.cssSelector: .modal-footer>button' in '10' second(s)

2021-11-11 09:57:48 - [MESSAGE][PASSED] - Method.TextDegerineEsitElementeTikla is PASSED

2021-11-11 09:57:48 - [MESSAGE][PASSED] - Call Test Case 'Test Cases/Popup/PopupButonSecilir' successfully

2021-11-11 09:57:48 - [MESSAGE][INFO] - Checking called Test Case

2021-11-11 09:57:48 - [MESSAGE][INFO] - Starting to call Test Case 'Test Cases/Menu/AnaMenuSecimi'

2021-11-11 09:57:48 - [TEST_CASE][PASSED] - Test Cases/Menu/AnaMenuSecimi: Test Cases/Menu/AnaMenuSecimi

2021-11-11 09:57:48 - [TEST_STEP][PASSED] - Method.TextDegerineEsitElementeTikla(findTestObject("Menu/Ana_Menu"), Ana_Menu): Method.TextDegerineEsitElementeTikla is PASSED

2021-11-11 09:57:48 - [MESSAGE][INFO] - Finding Test Object 'Object Repository/Menu/Ana_Menu'

2021-11-11 09:57:48 - [MESSAGE][INFO] - Checking timeout

2021-11-11 09:57:48 - [MESSAGE][INFO] - Finding web element with id: 'Object Repository/Menu/Ana_Menu' located by 'By.xpath: //*[@class = 'dropdown-toggle']' in '10' second(s)

2021-11-11 09:57:48 - [MESSAGE][INFO] - Smart Wait Function is triggered

2021-11-11 09:57:49 - [MESSAGE][INFO] - Found 14 web elements with id: 'Object Repository/Menu/Ana_Menu' located by 'By.xpath: //*[@class = 'dropdown-toggle']' in '10' second(s)

2021-11-11 09:57:49 - [MESSAGE][PASSED] - Method.TextDegerineEsitElementeTikla is PASSED

2021-11-11 09:57:49 - [MESSAGE][PASSED] - Call Test Case 'Test Cases/Menu/AnaMenuSecimi' successfully

2021-11-11 09:57:49 - [MESSAGE][INFO] - Checking called Test Case

2021-11-11 09:57:49 - [MESSAGE][INFO] - Starting to call Test Case 'Test Cases/Menu/AltMenuSecimi'

2021-11-11 09:57:49 - [TEST_CASE][PASSED] - Test Cases/Menu/AltMenuSecimi: Test Cases/Menu/AltMenuSecimi

2021-11-11 09:57:49 - [TEST_STEP][PASSED] - Method.TextDegerineEsitElementeTikla(findTestObject("Menu/Alt_Menu"), Alt_Menu): Method.TextDegerineEsitElementeTikla is PASSED

2021-11-11 09:57:49 - [MESSAGE][INFO] - Finding Test Object 'Object Repository/Menu/Alt_Menu'

2021-11-11 09:57:49 - [MESSAGE][INFO] - Checking timeout

2021-11-11 09:57:49 - [MESSAGE][INFO] - Finding web element with id: 'Object Repository/Menu/Alt_Menu' located by 'By.xpath: //li[@class='dropdown dropdown-large open']//li[@class='dropdown-element']' in '10' second(s)

2021-11-11 09:57:49 - [MESSAGE][INFO] - Smart Wait Function is triggered

2021-11-11 09:57:49 - [MESSAGE][INFO] - Found 9 web elements with id: 'Object Repository/Menu/Alt_Menu' located by 'By.xpath: //li[@class='dropdown dropdown-large open']//li[@class='dropdown-element']' in '10' second(s)

2021-11-11 09:57:50 - [MESSAGE][PASSED] - Method.TextDegerineEsitElementeTikla is PASSED

2021-11-11 09:57:50 - [MESSAGE][PASSED] - Call Test Case 'Test Cases/Menu/AltMenuSecimi' successfully

2021-11-11 09:57:50 - [MESSAGE][INFO] - Checking called Test Case

2021-11-11 09:57:50 - [MESSAGE][INFO] - Starting to call Test Case 'Test Cases/Filtreler/RaporNoYaz'

2021-11-11 09:57:50 - [TEST_CASE][PASSED] - Test Cases/Filtreler/RaporNoYaz: Test Cases/Filtreler/RaporNoYaz

2021-11-11 09:57:50 - [TEST_STEP][PASSED] - Method.TextDegerineEsitElementinAltindakiTextboxtaYaz(findTestObject("Filtreler/Basliklar"), findTestObject("Filtreler/Basliga_Gore_Textbox"), "Talep No", RaporNo): Method.TextDegerineEsitElementinAltindakiTextboxtaYaz is PASSED

2021-11-11 09:57:50 - [MESSAGE][INFO] - Finding Test Object 'Object Repository/Filtreler/Basliklar'

2021-11-11 09:57:50 - [MESSAGE][INFO] - Finding Test Object 'Object Repository/Filtreler/Basliga_Gore_Textbox'

2021-11-11 09:57:50 - [MESSAGE][INFO] - Checking timeout

2021-11-11 09:57:50 - [MESSAGE][INFO] - Finding web element with id: 'Object Repository/Filtreler/Basliklar' located by 'By.cssSelector: .control-label.col-sm-4.paddingMarginRLC' in '10' second(s)

2021-11-11 09:57:50 - [MESSAGE][INFO] - Smart Wait Function is triggered

2021-11-11 09:57:51 - [MESSAGE][INFO] - Found 8 web elements with id: 'Object Repository/Filtreler/Basliklar' located by 'By.cssSelector: .control-label.col-sm-4.paddingMarginRLC' in '10' second(s)

2021-11-11 09:57:51 - [MESSAGE][INFO] - Smart Wait Function is triggered

2021-11-11 09:57:51 - [MESSAGE][PASSED] - Method.TextDegerineEsitElementinAltindakiTextboxtaYaz is PASSED

2021-11-11 09:57:51 - [MESSAGE][PASSED] - Call Test Case 'Test Cases/Filtreler/RaporNoYaz' successfully

2021-11-11 09:57:51 - [MESSAGE][INFO] - Checking called Test Case

2021-11-11 09:57:51 - [MESSAGE][INFO] - Starting to call Test Case 'Test Cases/Filtreler/ButonaTikla'

2021-11-11 09:57:51 - [TEST_CASE][PASSED] - Test Cases/Filtreler/ButonaTikla: Test Cases/Filtreler/ButonaTikla

2021-11-11 09:57:51 - [TEST_STEP][PASSED] - Method.TextDegerineEsitElementeTikla(findTestObject("Filtreler/Butonlar"), Filtre_Buton): Method.TextDegerineEsitElementeTikla is PASSED

2021-11-11 09:57:51 - [MESSAGE][INFO] - Finding Test Object 'Object Repository/Filtreler/Butonlar'

2021-11-11 09:57:51 - [MESSAGE][INFO] - Checking timeout

2021-11-11 09:57:51 - [MESSAGE][INFO] - Finding web element with id: 'Object Repository/Filtreler/Butonlar' located by 'By.cssSelector: .dxb>span' in '10' second(s)

2021-11-11 09:57:51 - [MESSAGE][INFO] - Smart Wait Function is triggered

2021-11-11 09:57:51 - [MESSAGE][INFO] - Found 2 web elements with id: 'Object Repository/Filtreler/Butonlar' located by 'By.cssSelector: .dxb>span' in '10' second(s)

2021-11-11 09:57:52 - [MESSAGE][PASSED] - Method.TextDegerineEsitElementeTikla is PASSED

2021-11-11 09:57:52 - [MESSAGE][PASSED] - Call Test Case 'Test Cases/Filtreler/ButonaTikla' successfully

2021-11-11 09:57:52 - [MESSAGE][INFO] - Checking called Test Case

2021-11-11 09:57:52 - [MESSAGE][INFO] - Starting to call Test Case 'Test Cases/Tablo/TablodaVeriVarMi'

2021-11-11 09:57:52 - [TEST_CASE][PASSED] - Test Cases/Tablo/TablodaVeriVarMi: Test Cases/Tablo/TablodaVeriVarMi

2021-11-11 09:57:52 - [TEST_STEP][PASSED] - verifyTextNotPresent("Görüntülenecek veri yok", true): Text 'Görüntülenecek veri yok' is not present on page using regular expression

2021-11-11 09:57:52 - [MESSAGE][INFO] - Checking text present  using regular expression

2021-11-11 09:57:52 - [MESSAGE][INFO] - Smart Wait Function is triggered

2021-11-11 09:57:52 - [MESSAGE][INFO] - Finding text 'Görüntülenecek veri yok' on page  using regular expression

2021-11-11 09:57:52 - [MESSAGE][PASSED] - Text 'Görüntülenecek veri yok' is not present on page using regular expression

2021-11-11 09:57:52 - [MESSAGE][PASSED] - Call Test Case 'Test Cases/Tablo/TablodaVeriVarMi' successfully

2021-11-11 09:57:52 - [MESSAGE][INFO] - Checking called Test Case

2021-11-11 09:57:52 - [MESSAGE][INFO] - Starting to call Test Case 'Test Cases/Kullanici_Islemleri/KullaniciIslemlerindenSecimYapilir'

2021-11-11 09:57:52 - [TEST_CASE][PASSED] - Test Cases/Kullanici_Islemleri/KullaniciIslemlerindenSecimYapilir: Test Cases/Kullanici_Islemleri/KullaniciIslemlerindenSecimYapilir

2021-11-11 09:57:52 - [TEST_STEP][PASSED] - waitForElementClickable(findTestObject("Object Repository/Kullanici_Islemleri/KullaniciIslemleri"), 10): Object 'Object Repository/Kullanici_Islemleri/KullaniciIslemleri' is clickable

2021-11-11 09:57:52 - [MESSAGE][INFO] - Finding Test Object 'Object Repository/Kullanici_Islemleri/KullaniciIslemleri'

2021-11-11 09:57:52 - [MESSAGE][INFO] - Checking object

2021-11-11 09:57:52 - [MESSAGE][INFO] - Checking timeout

2021-11-11 09:57:52 - [MESSAGE][INFO] - Finding web element from Test Object's properties

2021-11-11 09:57:52 - [MESSAGE][INFO] - Checking timeout

2021-11-11 09:57:52 - [MESSAGE][INFO] - Finding web element with id: 'Object Repository/Kullanici_Islemleri/KullaniciIslemleri' located by 'By.cssSelector: .dropdown>a>img' in '10' second(s)

2021-11-11 09:57:52 - [MESSAGE][INFO] - Smart Wait Function is triggered

2021-11-11 09:57:53 - [MESSAGE][INFO] - Found 1 web elements with id: 'Object Repository/Kullanici_Islemleri/KullaniciIslemleri' located by 'By.cssSelector: .dropdown>a>img' in '10' second(s)

2021-11-11 09:57:53 - [MESSAGE][PASSED] - Object 'Object Repository/Kullanici_Islemleri/KullaniciIslemleri' is clickable

2021-11-11 09:57:53 - [TEST_STEP][PASSED] - click(findTestObject("Object Repository/Kullanici_Islemleri/KullaniciIslemleri")): Object: 'Object Repository/Kullanici_Islemleri/KullaniciIslemleri' is clicked on

2021-11-11 09:57:53 - [MESSAGE][INFO] - Finding Test Object 'Object Repository/Kullanici_Islemleri/KullaniciIslemleri'

2021-11-11 09:57:53 - [MESSAGE][INFO] - Checking object

2021-11-11 09:57:53 - [MESSAGE][INFO] - Finding web element from Test Object's properties

2021-11-11 09:57:53 - [MESSAGE][INFO] - Checking timeout

2021-11-11 09:57:53 - [MESSAGE][INFO] - Finding web element with id: 'Object Repository/Kullanici_Islemleri/KullaniciIslemleri' located by 'By.cssSelector: .dropdown>a>img' in '30' second(s)

2021-11-11 09:57:53 - [MESSAGE][INFO] - Smart Wait Function is triggered

2021-11-11 09:57:53 - [MESSAGE][INFO] - Found 1 web elements with id: 'Object Repository/Kullanici_Islemleri/KullaniciIslemleri' located by 'By.cssSelector: .dropdown>a>img' in '30' second(s)

2021-11-11 09:57:53 - [MESSAGE][INFO] - Clicking on object: 'Object Repository/Kullanici_Islemleri/KullaniciIslemleri'

2021-11-11 09:57:53 - [MESSAGE][PASSED] - Object: 'Object Repository/Kullanici_Islemleri/KullaniciIslemleri' is clicked on

2021-11-11 09:57:53 - [TEST_STEP][PASSED] - Method.TextDegerineEsitElementeTikla(findTestObject("Object Repository/Kullanici_Islemleri/Secenekler"), Islem): Method.TextDegerineEsitElementeTikla is PASSED

2021-11-11 09:57:53 - [MESSAGE][INFO] - Finding Test Object 'Object Repository/Kullanici_Islemleri/Secenekler'

2021-11-11 09:57:53 - [MESSAGE][INFO] - Checking timeout

2021-11-11 09:57:53 - [MESSAGE][INFO] - Finding web element with id: 'Object Repository/Kullanici_Islemleri/Secenekler' located by 'By.cssSelector: .nav.navbar-nav.navbar-right li a' in '10' second(s)

2021-11-11 09:57:53 - [MESSAGE][INFO] - Smart Wait Function is triggered

2021-11-11 09:57:54 - [MESSAGE][INFO] - Found 22 web elements with id: 'Object Repository/Kullanici_Islemleri/Secenekler' located by 'By.cssSelector: .nav.navbar-nav.navbar-right li a' in '10' second(s)

2021-11-11 09:57:54 - [MESSAGE][PASSED] - Method.TextDegerineEsitElementeTikla is PASSED

2021-11-11 09:57:54 - [TEST_STEP][PASSED] - verifyElementNotPresent(findTestObject("Object Repository/Kullanici_Islemleri/Secenekler"), 10): Web element with id: 'Object Repository/Kullanici_Islemleri/Secenekler' located by 'By.cssSelector: .nav.navbar-nav.navbar-right li a' is not present after '10' second(s)

2021-11-11 09:57:54 - [MESSAGE][INFO] - Finding Test Object 'Object Repository/Kullanici_Islemleri/Secenekler'

2021-11-11 09:57:55 - [MESSAGE][INFO] - Checking object

2021-11-11 09:57:55 - [MESSAGE][INFO] - Checking timeout

2021-11-11 09:57:55 - [MESSAGE][INFO] - Finding web element with id: 'Object Repository/Kullanici_Islemleri/Secenekler' located by 'By.cssSelector: .nav.navbar-nav.navbar-right li a' in '10' second(s)

2021-11-11 09:57:55 - [MESSAGE][INFO] - Smart Wait Function is triggered

2021-11-11 09:57:55 - [MESSAGE][PASSED] - Web element with id: 'Object Repository/Kullanici_Islemleri/Secenekler' located by 'By.cssSelector: .nav.navbar-nav.navbar-right li a' is not present after '10' second(s)

2021-11-11 09:57:55 - [MESSAGE][PASSED] - Call Test Case 'Test Cases/Kullanici_Islemleri/KullaniciIslemlerindenSecimYapilir' successfully

2021-11-11 09:57:55 - [TEST_CASE][PASSED] - Start Test Case : SCENARIO Giden Zarflar Toplu Indirme - UBL Secilenlerin indirilmesi: SCENARIO Giden Zarflar Toplu Indirme - UBL Secilenlerin indirilmesi

2021-11-11 09:57:55 - [TEST_STEP][PASSED] - Kullanıcı adı ELOGO6 ve Şifre 123456 olarak giriş yapılır: Kullanıcı adı ELOGO6 ve Şifre 123456 olarak giriş yapılır

2021-11-11 09:57:55 - [MESSAGE][PASSED] - Kullanıcı adı ELOGO6 ve Şifre 123456 olarak giriş yapılır

2021-11-11 09:57:55 - [TEST_STEP][PASSED] - Ana menüden Zarflar seçilir: Ana menüden Zarflar seçilir

2021-11-11 09:57:55 - [MESSAGE][PASSED] - Ana menüden Zarflar seçilir

2021-11-11 09:57:55 - [TEST_STEP][PASSED] - Alt menüden Giden Zarflar seçilir: Alt menüden Giden Zarflar seçilir

2021-11-11 09:57:55 - [MESSAGE][PASSED] - Alt menüden Giden Zarflar seçilir

2021-11-11 09:57:55 - [TEST_STEP][PASSED] - Filtrelerden Oluşturma Tarihi filtresine 01.12.2020 baslangic degerini yaz: Filtrelerden Oluşturma Tarihi filtresine 01.12.2020 baslangic degerini yaz

2021-11-11 09:57:55 - [MESSAGE][PASSED] - Filtrelerden Oluşturma Tarihi filtresine 01.12.2020 baslangic degerini yaz

2021-11-11 09:57:55 - [TEST_STEP][PASSED] - Filtrelerden Oluşturma Tarihi filtresine 31.12.2020 bitis degerini yaz: Filtrelerden Oluşturma Tarihi filtresine 31.12.2020 bitis degerini yaz

2021-11-11 09:57:55 - [MESSAGE][PASSED] - Filtrelerden Oluşturma Tarihi filtresine 31.12.2020 bitis degerini yaz

2021-11-11 09:57:55 - [TEST_STEP][PASSED] - Filtrelerden Alıcı Ünvanı filtresine Test Kurum 6 textini yaz: Filtrelerden Alıcı Ünvanı filtresine Test Kurum 6 textini yaz

2021-11-11 09:57:55 - [MESSAGE][PASSED] - Filtrelerden Alıcı Ünvanı filtresine Test Kurum 6 textini yaz

2021-11-11 09:57:55 - [TEST_STEP][PASSED] - Filtre butonlarından Listele seçilir: Filtre butonlarından Listele seçilir

2021-11-11 09:57:55 - [MESSAGE][PASSED] - Filtre butonlarından Listele seçilir

2021-11-11 09:57:55 - [TEST_STEP][PASSED] - Tabloda veri var mı kontrol edilir: Tabloda veri var mı kontrol edilir

2021-11-11 09:57:55 - [MESSAGE][PASSED] - Tabloda veri var mı kontrol edilir

2021-11-11 09:57:55 - [TEST_STEP][PASSED] - Tablodan Test Kurum 6 isimli veri seçilir: Tablodan Test Kurum 6 isimli veri seçilir

2021-11-11 09:57:55 - [MESSAGE][PASSED] - Tablodan Test Kurum 6 isimli veri seçilir

2021-11-11 09:57:55 - [TEST_STEP][PASSED] - Butonlardan Toplu İndirme isimli butona tıklanır: Butonlardan Toplu İndirme isimli butona tıklanır

2021-11-11 09:57:55 - [MESSAGE][PASSED] - Butonlardan Toplu İndirme isimli butona tıklanır

2021-11-11 09:57:55 - [TEST_STEP][PASSED] - Alt butonlardan UBL Seçilenleri İndir butonuna tıklanır: Alt butonlardan UBL Seçilenleri İndir butonuna tıklanır

2021-11-11 09:57:55 - [MESSAGE][PASSED] - Alt butonlardan UBL Seçilenleri İndir butonuna tıklanır

2021-11-11 09:57:55 - [TEST_STEP][PASSED] - Popup mesajı Lütfen rapor bildiriminin gönderileceği e-posta adresini belirtiniz. içeriyor mu: Popup mesajı Lütfen rapor bildiriminin gönderileceği e-posta adresini belirtiniz. içeriyor mu

2021-11-11 09:57:55 - [MESSAGE][PASSED] - Popup mesajı Lütfen rapor bildiriminin gönderileceği e-posta adresini belirtiniz. içeriyor mu

2021-11-11 09:57:55 - [TEST_STEP][PASSED] - Yönetim popupında Gönder seçilir: Yönetim popupında Gönder seçilir

2021-11-11 09:57:55 - [MESSAGE][PASSED] - Yönetim popupında Gönder seçilir

2021-11-11 09:57:55 - [TEST_STEP][PASSED] - Popup mesajı Toplu Veri İndirme içeriyor mu: Popup mesajı Toplu Veri İndirme içeriyor mu

2021-11-11 09:57:55 - [MESSAGE][PASSED] - Popup mesajı Toplu Veri İndirme içeriyor mu

2021-11-11 09:57:55 - [TEST_STEP][PASSED] - Yönetim popupında Tamam seçilir: Yönetim popupında Tamam seçilir

2021-11-11 09:57:55 - [MESSAGE][PASSED] - Yönetim popupında Tamam seçilir

2021-11-11 09:57:55 - [TEST_STEP][PASSED] - Butonlardan Toplu İndirme isimli butona tıklanır: Butonlardan Toplu İndirme isimli butona tıklanır

2021-11-11 09:57:55 - [MESSAGE][PASSED] - Butonlardan Toplu İndirme isimli butona tıklanır

2021-11-11 09:57:55 - [TEST_STEP][PASSED] - Alt butonlardan UBL Tümünü İndir butonuna tıklanır: Alt butonlardan UBL Tümünü İndir butonuna tıklanır

2021-11-11 09:57:55 - [MESSAGE][PASSED] - Alt butonlardan UBL Tümünü İndir butonuna tıklanır

2021-11-11 09:57:55 - [TEST_STEP][PASSED] - Popup mesajı Lütfen rapor bildiriminin gönderileceği e-posta adresini belirtiniz. içeriyor mu: Popup mesajı Lütfen rapor bildiriminin gönderileceği e-posta adresini belirtiniz. içeriyor mu

2021-11-11 09:57:55 - [MESSAGE][PASSED] - Popup mesajı Lütfen rapor bildiriminin gönderileceği e-posta adresini belirtiniz. içeriyor mu

2021-11-11 09:57:55 - [TEST_STEP][PASSED] - Yönetim popupında Gönder seçilir: Yönetim popupında Gönder seçilir

2021-11-11 09:57:55 - [MESSAGE][PASSED] - Yönetim popupında Gönder seçilir

2021-11-11 09:57:55 - [TEST_STEP][PASSED] - Popup mesajı Toplu Veri İndirme içeriyor mu: Popup mesajı Toplu Veri İndirme içeriyor mu

2021-11-11 09:57:55 - [MESSAGE][PASSED] - Popup mesajı Toplu Veri İndirme içeriyor mu

2021-11-11 09:57:55 - [TEST_STEP][PASSED] - Yönetim popupında Tamam seçilir: Yönetim popupında Tamam seçilir

2021-11-11 09:57:55 - [MESSAGE][PASSED] - Yönetim popupında Tamam seçilir

2021-11-11 09:57:55 - [TEST_STEP][PASSED] - Ana menüden Raporlar seçilir: Ana menüden Raporlar seçilir

2021-11-11 09:57:55 - [MESSAGE][PASSED] - Ana menüden Raporlar seçilir

2021-11-11 09:57:55 - [TEST_STEP][PASSED] - Alt menüden Toplu Veri İndirme seçilir: Alt menüden Toplu Veri İndirme seçilir

2021-11-11 09:57:55 - [MESSAGE][PASSED] - Alt menüden Toplu Veri İndirme seçilir

2021-11-11 09:57:55 - [TEST_STEP][PASSED] - Filtrelerden Talep No filtresine Rapor No bilgisi yaz: Filtrelerden Talep No filtresine Rapor No bilgisi yaz

2021-11-11 09:57:55 - [MESSAGE][PASSED] - Filtrelerden Talep No filtresine Rapor No bilgisi yaz

2021-11-11 09:57:55 - [TEST_STEP][PASSED] - Filtre butonlarından Listele seçilir: Filtre butonlarından Listele seçilir

2021-11-11 09:57:55 - [MESSAGE][PASSED] - Filtre butonlarından Listele seçilir

2021-11-11 09:57:55 - [TEST_STEP][PASSED] - Tabloda veri var mı kontrol edilir: Tabloda veri var mı kontrol edilir

2021-11-11 09:57:55 - [MESSAGE][PASSED] - Tabloda veri var mı kontrol edilir

2021-11-11 09:57:55 - [TEST_STEP][PASSED] - Kullanıcı işlemlerinden Çıkış seçilir: Kullanıcı işlemlerinden Çıkış seçilir

2021-11-11 09:57:55 - [MESSAGE][PASSED] - Kullanıcı işlemlerinden Çıkış seçilir

2021-11-11 09:57:55 - [MESSAGE][PASSED] - Feature file: 'Include/features/Zarflar/Giden Zarflar/Toplu Indirme.feature' was passed

2021-11-11 09:57:55 - [TEST_STEP][PASSED] - Start listener action : sampleAfterTestSuite: Invoke 'com.kms.katalon.core.annotation.AfterTestCase' method: 'Listener.sampleAfterTestSuite(...)' completed.

2021-11-11 09:57:55 - [MESSAGE][INFO] - Starting invoke 'com.kms.katalon.core.annotation.AfterTestCase' method: 'Listener.sampleAfterTestSuite(...)'

2021-11-11 09:57:55 - [TEST_STEP][PASSED] - closeBrowser(): Invoke 'com.kms.katalon.core.annotation.AfterTestCase' method: 'Listener.sampleAfterTestSuite(...)' completed.

2021-11-11 09:57:55 - [MESSAGE][INFO] - Closing browser

2021-11-11 09:57:56 - [MESSAGE][PASSED] - Browser is closed

2021-11-11 09:57:56 - [MESSAGE][INFO] - Invoke 'com.kms.katalon.core.annotation.AfterTestCase' method: 'Listener.sampleAfterTestSuite(...)' completed.]]></system-out>
         <system-err><![CDATA[]]></system-err>
      </testcase>
      <system-out><![CDATA[2021-11-11 09:26:31 - [TEST_SUITE][FAILED] - ExceleAktarVeTopluIndirme: Test Cases/Case Repository/Zarflar/Giden Zarflar/Secilenleri Excele Aktar FAILED.
Reason:
com.kms.katalon.core.exception.StepFailedException: Feature file 'Include/features/Zarflar/Giden Zarflar/Secilenleri Excele Aktar.feature' was failed
	at com.kms.katalon.core.keyword.internal.KeywordMain.stepFailed(KeywordMain.groovy:50)
	at com.kms.katalon.core.keyword.internal.KeywordMain.stepFailed(KeywordMain.groovy)
	at com.kms.katalon.core.keyword.internal.KeywordMain.stepFailed(KeywordMain.groovy:23)
	at com.kms.katalon.core.keyword.internal.KeywordMain$stepFailed$0.call(Unknown Source)
	at com.kms.katalon.core.cucumber.keyword.CucumberBuiltinKeywords$_runFeatureFile_closure1.doCall(CucumberBuiltinKeywords.groovy:112)
	at com.kms.katalon.core.cucumber.keyword.CucumberBuiltinKeywords$_runFeatureFile_closure1.doCall(CucumberBuiltinKeywords.groovy)
	at com.kms.katalon.core.keyword.internal.KeywordMain.runKeyword(KeywordMain.groovy:68)
	at com.kms.katalon.core.keyword.internal.KeywordMain$runKeyword.call(Unknown Source)
	at com.kms.katalon.core.cucumber.keyword.CucumberBuiltinKeywords.runFeatureFile(CucumberBuiltinKeywords.groovy:73)
	at com.kms.katalon.core.cucumber.keyword.CucumberBuiltinKeywords$runFeatureFile$0.callStatic(Unknown Source)
	at com.kms.katalon.core.cucumber.keyword.CucumberBuiltinKeywords.runFeatureFile(CucumberBuiltinKeywords.groovy:246)
	at com.kms.katalon.core.cucumber.keyword.CucumberBuiltinKeywords$runFeatureFile.call(Unknown Source)
	at Secilenleri Excele Aktar.run(Secilenleri Excele Aktar:17)
	at com.kms.katalon.core.main.ScriptEngine.run(ScriptEngine.java:194)
	at com.kms.katalon.core.main.ScriptEngine.runScriptAsRawText(ScriptEngine.java:119)
	at com.kms.katalon.core.main.TestCaseExecutor.runScript(TestCaseExecutor.java:369)
	at com.kms.katalon.core.main.TestCaseExecutor.doExecute(TestCaseExecutor.java:360)
	at com.kms.katalon.core.main.TestCaseExecutor.processExecutionPhase(TestCaseExecutor.java:339)
	at com.kms.katalon.core.main.TestCaseExecutor.accessMainPhase(TestCaseExecutor.java:331)
	at com.kms.katalon.core.main.TestCaseExecutor.execute(TestCaseExecutor.java:248)
	at com.kms.katalon.core.main.TestSuiteExecutor.accessTestCaseMainPhase(TestSuiteExecutor.java:191)
	at com.kms.katalon.core.main.TestSuiteExecutor.accessTestSuiteMainPhase(TestSuiteExecutor.java:140)
	at com.kms.katalon.core.main.TestSuiteExecutor.execute(TestSuiteExecutor.java:89)
	at com.kms.katalon.core.main.TestCaseMain.startTestSuite(TestCaseMain.java:181)
	at com.kms.katalon.core.main.TestCaseMain$startTestSuite$0.call(Unknown Source)
	at TempTestSuite1636610890132.run(TempTestSuite1636610890132.groovy:39)]]></system-out>
      <system-err><![CDATA[2021-11-11 09:26:31 - [TEST_SUITE][FAILED] - ExceleAktarVeTopluIndirme: Test Cases/Case Repository/Zarflar/Giden Zarflar/Secilenleri Excele Aktar FAILED.
Reason:
com.kms.katalon.core.exception.StepFailedException: Feature file 'Include/features/Zarflar/Giden Zarflar/Secilenleri Excele Aktar.feature' was failed
	at com.kms.katalon.core.keyword.internal.KeywordMain.stepFailed(KeywordMain.groovy:50)
	at com.kms.katalon.core.keyword.internal.KeywordMain.stepFailed(KeywordMain.groovy)
	at com.kms.katalon.core.keyword.internal.KeywordMain.stepFailed(KeywordMain.groovy:23)
	at com.kms.katalon.core.keyword.internal.KeywordMain$stepFailed$0.call(Unknown Source)
	at com.kms.katalon.core.cucumber.keyword.CucumberBuiltinKeywords$_runFeatureFile_closure1.doCall(CucumberBuiltinKeywords.groovy:112)
	at com.kms.katalon.core.cucumber.keyword.CucumberBuiltinKeywords$_runFeatureFile_closure1.doCall(CucumberBuiltinKeywords.groovy)
	at com.kms.katalon.core.keyword.internal.KeywordMain.runKeyword(KeywordMain.groovy:68)
	at com.kms.katalon.core.keyword.internal.KeywordMain$runKeyword.call(Unknown Source)
	at com.kms.katalon.core.cucumber.keyword.CucumberBuiltinKeywords.runFeatureFile(CucumberBuiltinKeywords.groovy:73)
	at com.kms.katalon.core.cucumber.keyword.CucumberBuiltinKeywords$runFeatureFile$0.callStatic(Unknown Source)
	at com.kms.katalon.core.cucumber.keyword.CucumberBuiltinKeywords.runFeatureFile(CucumberBuiltinKeywords.groovy:246)
	at com.kms.katalon.core.cucumber.keyword.CucumberBuiltinKeywords$runFeatureFile.call(Unknown Source)
	at Secilenleri Excele Aktar.run(Secilenleri Excele Aktar:17)
	at com.kms.katalon.core.main.ScriptEngine.run(ScriptEngine.java:194)
	at com.kms.katalon.core.main.ScriptEngine.runScriptAsRawText(ScriptEngine.java:119)
	at com.kms.katalon.core.main.TestCaseExecutor.runScript(TestCaseExecutor.java:369)
	at com.kms.katalon.core.main.TestCaseExecutor.doExecute(TestCaseExecutor.java:360)
	at com.kms.katalon.core.main.TestCaseExecutor.processExecutionPhase(TestCaseExecutor.java:339)
	at com.kms.katalon.core.main.TestCaseExecutor.accessMainPhase(TestCaseExecutor.java:331)
	at com.kms.katalon.core.main.TestCaseExecutor.execute(TestCaseExecutor.java:248)
	at com.kms.katalon.core.main.TestSuiteExecutor.accessTestCaseMainPhase(TestSuiteExecutor.java:191)
	at com.kms.katalon.core.main.TestSuiteExecutor.accessTestSuiteMainPhase(TestSuiteExecutor.java:140)
	at com.kms.katalon.core.main.TestSuiteExecutor.execute(TestSuiteExecutor.java:89)
	at com.kms.katalon.core.main.TestCaseMain.startTestSuite(TestCaseMain.java:181)
	at com.kms.katalon.core.main.TestCaseMain$startTestSuite$0.call(Unknown Source)
	at TempTestSuite1636610890132.run(TempTestSuite1636610890132.groovy:39)]]></system-err>
   </testsuite>
</testsuites>
