<?xml version="1.0" encoding="UTF-8"?>
<testsuites name="e-Fatura" time="1858.429" tests="39" failures="0" errors="0">
   <testsuite name="e-Fatura" tests="39" failures="0" errors="0" time="1858.429" skipped="0" timestamp="2021-10-14 17:01:45" hostname="DELL - DESKTOP-QBVMTUG" id="">
      <properties>
         <property name="deviceName" value=""/>
         <property name="devicePlatform" value=""/>
         <property name="logFolder" value="C:\\Users\\DELL\\Downloads\\EES_Katalon-main\\Reports\\20211014_170112\\Suite Repository\\e-Fatura\\20211014_170113"/>
         <property name="logFiles" value="C:\\Users\\DELL\\Downloads\\EES_Katalon-main\\Reports\\20211014_170112\\Suite Repository\\e-Fatura\\20211014_170113\\execution0.log, C:\\Users\\DELL\\Downloads\\EES_Katalon-main\\Reports\\20211014_170112\\Suite Repository\\e-Fatura\\20211014_170113\\execution1.log"/>
         <property name="attachments" value=""/>
         <property name="hostName" value="DELL - DESKTOP-QBVMTUG"/>
         <property name="os" value="Windows 10 64bit"/>
         <property name="katalonVersion" value="8.0.5.208"/>
         <property name="browser" value="Chrome 94.0.4606.81"/>
         <property name="hostAddress" value="10.10.3.14"/>
         <property name="sessionId" value="636b96ea0b1cabb8c8dcd4fce011a82f"/>
         <property name="seleniumVersion" value="3.141.59"/>
         <property name="proxyInformation" value="ProxyInformation { proxyOption=NO_PROXY, proxyServerType=HTTP, username=, password=********, proxyServerAddress=, proxyServerPort=0, executionList=&quot;&quot;, isApplyToDesiredCapabilities=true }"/>
         <property name="platform" value="Windows 10"/>
      </properties>
      <testcase name="Test Cases/Case Repository/e-Fatura/e-Fatura Araclari/e-Fatura Olusturma/Ekle/VKN-Temel Fatura-Satis Tipinde" time="171.143" classname="Test Cases/Case Repository/e-Fatura/e-Fatura Araclari/e-Fatura Olusturma/Ekle/VKN-Temel Fatura-Satis Tipinde" status="PASSED">
         <system-out><![CDATA[2021-10-14 17:01:47 - [TEST_CASE][PASSED] - Test Cases/Case Repository/e-Fatura/e-Fatura Araclari/e-Fatura Olusturma/Ekle/VKN-Temel Fatura-Satis Tipinde: Test Cases/Case Repository/e-Fatura/e-Fatura Araclari/e-Fatura Olusturma/Ekle/VKN-Temel Fatura-Satis Tipinde

2021-10-14 17:01:47 - [TEST_STEP][PASSED] - Start listener action : sampleBeforeTestSuite: Invoke 'com.kms.katalon.core.annotation.BeforeTestCase' method: 'Listener.sampleBeforeTestSuite(...)' completed.

2021-10-14 17:01:47 - [MESSAGE][INFO] - Starting invoke 'com.kms.katalon.core.annotation.BeforeTestCase' method: 'Listener.sampleBeforeTestSuite(...)'

2021-10-14 17:01:47 - [TEST_STEP][PASSED] - openBrowser(baseUrl): Browser is opened with url: 'https://efatura-stage.elogo.com.tr/'

2021-10-14 17:01:49 - [MESSAGE][INFO] - Opening browser

2021-10-14 17:01:49 - [MESSAGE][INFO] - Starting 'Chrome' driver

2021-10-14 17:01:49 - [MESSAGE][INFO] - User set preference: ['prefs', '{download.default_directory=C:\otomasyondownfiles}']

2021-10-14 17:01:49 - [MESSAGE][INFO] - Action delay is set to 0 milliseconds

2021-10-14 17:01:55 - [MESSAGE][INFO] - Navigating browser to: 'https://efatura-stage.elogo.com.tr/'

2021-10-14 17:02:00 - [MESSAGE][PASSED] - Browser is opened with url: 'https://efatura-stage.elogo.com.tr/'

2021-10-14 17:02:00 - [TEST_STEP][PASSED] - maximizeWindow(): Invoke 'com.kms.katalon.core.annotation.BeforeTestCase' method: 'Listener.sampleBeforeTestSuite(...)' completed.

2021-10-14 17:02:00 - [MESSAGE][INFO] - Maximizing current window

2021-10-14 17:02:00 - [MESSAGE][PASSED] - Current window maximized

2021-10-14 17:02:00 - [MESSAGE][INFO] - Invoke 'com.kms.katalon.core.annotation.BeforeTestCase' method: 'Listener.sampleBeforeTestSuite(...)' completed.

2021-10-14 17:02:01 - [TEST_STEP][PASSED] - runFeatureFile("Include/features/e-Fatura/e-Fatura Araclari/e-Fatura Olusturma/Ekle/VKN-Temel Fatura-Satis Tipinde.feature"): Feature file: 'Include/features/e-Fatura/e-Fatura Araclari/e-Fatura Olusturma/Ekle/VKN-Temel Fatura-Satis Tipinde.feature' was passed

2021-10-14 17:02:01 - [MESSAGE][INFO] - Starting run keyword runFeatureFile: 'Include/features/e-Fatura/e-Fatura Araclari/e-Fatura Olusturma/Ekle/VKN-Temel Fatura-Satis Tipinde.feature' and extract report to folder: 'C:\Users\DELL\Downloads\EES_Katalon-main\Reports\20211014_170112\Suite Repository\e-Fatura\20211014_170113/cucumber_report/1634220121744'...

2021-10-14 17:02:01 - [MESSAGE][INFO] - Glue: []

2021-10-14 17:02:05 - [MESSAGE][INFO] - Checking called Test Case

2021-10-14 17:02:05 - [MESSAGE][INFO] - Starting to call Test Case 'Test Cases/Sayfalar/Giris_Sayfasi/Login'

2021-10-14 17:02:05 - [TEST_CASE][PASSED] - Test Cases/Sayfalar/Giris_Sayfasi/Login: Test Cases/Sayfalar/Giris_Sayfasi/Login

2021-10-14 17:02:07 - [TEST_STEP][PASSED] - Sayfa_Basligi = getWindowTitle(): Current window's title is: 'LOGO e-Fatura'

2021-10-14 17:02:07 - [MESSAGE][INFO] - Getting current window's title

2021-10-14 17:02:07 - [MESSAGE][PASSED] - Current window's title is: 'LOGO e-Fatura'

2021-10-14 17:02:07 - [TEST_STEP][PASSED] - verifyMatch(Sayfa_Basligi, "LOGO e-Fatura", false): Actual text 'LOGO e-Fatura' and expected text 'LOGO e-Fatura' are matched 

2021-10-14 17:02:07 - [MESSAGE][INFO] - Matching actual text 'LOGO e-Fatura' with expected text 'LOGO e-Fatura'

2021-10-14 17:02:07 - [MESSAGE][PASSED] - Actual text 'LOGO e-Fatura' and expected text 'LOGO e-Fatura' are matched 

2021-10-14 17:02:07 - [TEST_STEP][PASSED] - sendKeys(findTestObject("Sayfalar/Giris_Sayfasi/Firma_Kodu"), KullaniciAdi): Keys 'KAMUIHRAC' sent to object: 'Object Repository/Sayfalar/Giris_Sayfasi/Firma_Kodu'

2021-10-14 17:02:07 - [MESSAGE][INFO] - Finding Test Object 'Object Repository/Sayfalar/Giris_Sayfasi/Firma_Kodu'

2021-10-14 17:02:08 - [MESSAGE][INFO] - Sending keys 'KAMUIHRAC' to object: 'Object Repository/Sayfalar/Giris_Sayfasi/Firma_Kodu'

2021-10-14 17:02:08 - [MESSAGE][INFO] - Finding web element from Test Object's properties

2021-10-14 17:02:08 - [MESSAGE][INFO] - Checking timeout

2021-10-14 17:02:08 - [MESSAGE][INFO] - Finding web element with id: 'Object Repository/Sayfalar/Giris_Sayfasi/Firma_Kodu' located by 'By.xpath: //*[@id = 'AccountName']' in '30' second(s)

2021-10-14 17:02:08 - [MESSAGE][INFO] - Smart Wait Function is triggered

2021-10-14 17:02:09 - [MESSAGE][INFO] - Found 1 web elements with id: 'Object Repository/Sayfalar/Giris_Sayfasi/Firma_Kodu' located by 'By.xpath: //*[@id = 'AccountName']' in '30' second(s)

2021-10-14 17:02:09 - [MESSAGE][PASSED] - Keys 'KAMUIHRAC' sent to object: 'Object Repository/Sayfalar/Giris_Sayfasi/Firma_Kodu'

2021-10-14 17:02:09 - [TEST_STEP][PASSED] - sendKeys(findTestObject("Sayfalar/Giris_Sayfasi/Sifre"), Sifre): Keys 'test1234' sent to object: 'Object Repository/Sayfalar/Giris_Sayfasi/Sifre'

2021-10-14 17:02:09 - [MESSAGE][INFO] - Finding Test Object 'Object Repository/Sayfalar/Giris_Sayfasi/Sifre'

2021-10-14 17:02:09 - [MESSAGE][INFO] - Sending keys 'test1234' to object: 'Object Repository/Sayfalar/Giris_Sayfasi/Sifre'

2021-10-14 17:02:09 - [MESSAGE][INFO] - Finding web element from Test Object's properties

2021-10-14 17:02:09 - [MESSAGE][INFO] - Checking timeout

2021-10-14 17:02:09 - [MESSAGE][INFO] - Finding web element with id: 'Object Repository/Sayfalar/Giris_Sayfasi/Sifre' located by 'By.xpath: //*[@id = 'Password']' in '30' second(s)

2021-10-14 17:02:09 - [MESSAGE][INFO] - Smart Wait Function is triggered

2021-10-14 17:02:10 - [MESSAGE][INFO] - Found 1 web elements with id: 'Object Repository/Sayfalar/Giris_Sayfasi/Sifre' located by 'By.xpath: //*[@id = 'Password']' in '30' second(s)

2021-10-14 17:02:11 - [MESSAGE][PASSED] - Keys 'test1234' sent to object: 'Object Repository/Sayfalar/Giris_Sayfasi/Sifre'

2021-10-14 17:02:11 - [TEST_STEP][PASSED] - findWebElement(findTestObject("Sayfalar/Giris_Sayfasi/Giris_Butonu")).click(): Found 1 web elements with id: 'Object Repository/Sayfalar/Giris_Sayfasi/Giris_Butonu' located by 'By.cssSelector: #btnLogin' in '30' second(s)

2021-10-14 17:02:11 - [MESSAGE][INFO] - Finding Test Object 'Object Repository/Sayfalar/Giris_Sayfasi/Giris_Butonu'

2021-10-14 17:02:11 - [MESSAGE][INFO] - Finding web element from Test Object's properties

2021-10-14 17:02:11 - [MESSAGE][INFO] - Checking timeout

2021-10-14 17:02:11 - [MESSAGE][INFO] - Finding web element with id: 'Object Repository/Sayfalar/Giris_Sayfasi/Giris_Butonu' located by 'By.cssSelector: #btnLogin' in '30' second(s)

2021-10-14 17:02:11 - [MESSAGE][INFO] - Smart Wait Function is triggered

2021-10-14 17:02:12 - [MESSAGE][INFO] - Found 1 web elements with id: 'Object Repository/Sayfalar/Giris_Sayfasi/Giris_Butonu' located by 'By.cssSelector: #btnLogin' in '30' second(s)

2021-10-14 17:02:15 - [TEST_STEP][PASSED] - if (verifyElementPresent(findTestObject("Object Repository/Sayfalar/Giris_Sayfasi/RetveTamam_Butonu"), 5, OPTIONAL)): null

2021-10-14 17:02:15 - [MESSAGE][INFO] - Finding Test Object 'Object Repository/Sayfalar/Giris_Sayfasi/RetveTamam_Butonu'

2021-10-14 17:02:15 - [MESSAGE][INFO] - Checking object

2021-10-14 17:02:15 - [MESSAGE][INFO] - Finding web element from Test Object's properties

2021-10-14 17:02:15 - [MESSAGE][INFO] - Checking timeout

2021-10-14 17:02:15 - [MESSAGE][INFO] - Finding web element with id: 'Object Repository/Sayfalar/Giris_Sayfasi/RetveTamam_Butonu' located by 'By.xpath: //*[@class = 'btn btn-default']' in '5' second(s)

2021-10-14 17:02:15 - [MESSAGE][INFO] - Smart Wait Function is triggered

2021-10-14 17:02:16 - [MESSAGE][INFO] - Found 1 web elements with id: 'Object Repository/Sayfalar/Giris_Sayfasi/RetveTamam_Butonu' located by 'By.xpath: //*[@class = 'btn btn-default']' in '5' second(s)

2021-10-14 17:02:16 - [MESSAGE][PASSED] - Object 'Object Repository/Sayfalar/Giris_Sayfasi/RetveTamam_Butonu' is present

2021-10-14 17:02:16 - [TEST_STEP][PASSED] - click(findTestObject("Object Repository/Sayfalar/Giris_Sayfasi/RetveTamam_Butonu")): Object: 'Object Repository/Sayfalar/Giris_Sayfasi/RetveTamam_Butonu' is clicked on

2021-10-14 17:02:16 - [MESSAGE][INFO] - Finding Test Object 'Object Repository/Sayfalar/Giris_Sayfasi/RetveTamam_Butonu'

2021-10-14 17:02:16 - [MESSAGE][INFO] - Checking object

2021-10-14 17:02:16 - [MESSAGE][INFO] - Finding web element from Test Object's properties

2021-10-14 17:02:16 - [MESSAGE][INFO] - Checking timeout

2021-10-14 17:02:16 - [MESSAGE][INFO] - Finding web element with id: 'Object Repository/Sayfalar/Giris_Sayfasi/RetveTamam_Butonu' located by 'By.xpath: //*[@class = 'btn btn-default']' in '30' second(s)

2021-10-14 17:02:16 - [MESSAGE][INFO] - Smart Wait Function is triggered

2021-10-14 17:02:17 - [MESSAGE][INFO] - Found 1 web elements with id: 'Object Repository/Sayfalar/Giris_Sayfasi/RetveTamam_Butonu' located by 'By.xpath: //*[@class = 'btn btn-default']' in '30' second(s)

2021-10-14 17:02:17 - [MESSAGE][INFO] - Clicking on object: 'Object Repository/Sayfalar/Giris_Sayfasi/RetveTamam_Butonu'

2021-10-14 17:02:17 - [MESSAGE][PASSED] - Object: 'Object Repository/Sayfalar/Giris_Sayfasi/RetveTamam_Butonu' is clicked on

2021-10-14 17:02:17 - [TEST_STEP][PASSED] - click(findTestObject("Object Repository/Sayfalar/Giris_Sayfasi/RetveTamam_Butonu")): Object: 'Object Repository/Sayfalar/Giris_Sayfasi/RetveTamam_Butonu' is clicked on

2021-10-14 17:02:17 - [MESSAGE][INFO] - Finding Test Object 'Object Repository/Sayfalar/Giris_Sayfasi/RetveTamam_Butonu'

2021-10-14 17:02:18 - [MESSAGE][INFO] - Checking object

2021-10-14 17:02:18 - [MESSAGE][INFO] - Finding web element from Test Object's properties

2021-10-14 17:02:18 - [MESSAGE][INFO] - Checking timeout

2021-10-14 17:02:18 - [MESSAGE][INFO] - Finding web element with id: 'Object Repository/Sayfalar/Giris_Sayfasi/RetveTamam_Butonu' located by 'By.xpath: //*[@class = 'btn btn-default']' in '30' second(s)

2021-10-14 17:02:18 - [MESSAGE][INFO] - Smart Wait Function is triggered

2021-10-14 17:02:19 - [MESSAGE][INFO] - Found 1 web elements with id: 'Object Repository/Sayfalar/Giris_Sayfasi/RetveTamam_Butonu' located by 'By.xpath: //*[@class = 'btn btn-default']' in '30' second(s)

2021-10-14 17:02:19 - [MESSAGE][INFO] - Clicking on object: 'Object Repository/Sayfalar/Giris_Sayfasi/RetveTamam_Butonu'

2021-10-14 17:02:19 - [MESSAGE][PASSED] - Object: 'Object Repository/Sayfalar/Giris_Sayfasi/RetveTamam_Butonu' is clicked on

2021-10-14 17:02:19 - [TEST_STEP][PASSED] - if (verifyElementPresent(findTestObject("Sayfalar/Giris_Sayfasi/PopupOK"), 5, OPTIONAL)): com.kms.katalon.core.webui.exception.WebElementNotFoundException: Web element with id: 'Object Repository/Sayfalar/Giris_Sayfasi/PopupOK' located by '.btn.btn-success' not found (Root cause: com.kms.katalon.core.exception.StepFailedException: com.kms.katalon.core.webui.exception.WebElementNotFoundException: Web element with id: 'Object Repository/Sayfalar/Giris_Sayfasi/PopupOK' located by '.btn.btn-success' not found
	at com.kms.katalon.core.webui.keyword.internal.WebUIKeywordMain.stepFailed(WebUIKeywordMain.groovy:64)
	at com.kms.katalon.core.webui.keyword.builtin.VerifyElementPresentKeyword$_verifyElementPresent_closure1.doCall(VerifyElementPresentKeyword.groovy:85)
	at com.kms.katalon.core.webui.keyword.builtin.VerifyElementPresentKeyword$_verifyElementPresent_closure1.call(VerifyElementPresentKeyword.groovy)
	at com.kms.katalon.core.webui.keyword.internal.WebUIKeywordMain.runKeyword(WebUIKeywordMain.groovy:20)
	at com.kms.katalon.core.webui.keyword.builtin.VerifyElementPresentKeyword.verifyElementPresent(VerifyElementPresentKeyword.groovy:92)
	at com.kms.katalon.core.webui.keyword.builtin.VerifyElementPresentKeyword.execute(VerifyElementPresentKeyword.groovy:68)
	at com.kms.katalon.core.keyword.internal.KeywordExecutor.executeKeywordForPlatform(KeywordExecutor.groovy:73)
	at com.kms.katalon.core.webui.keyword.WebUiBuiltInKeywords.verifyElementPresent(WebUiBuiltInKeywords.groovy:1448)
	at com.kms.katalon.core.webui.keyword.WebUiBuiltInKeywords$verifyElementPresent$4.call(Unknown Source)
	at Login.run(Login:40)
	at com.kms.katalon.core.main.ScriptEngine.run(ScriptEngine.java:194)
	at com.kms.katalon.core.main.ScriptEngine.runScriptAsRawText(ScriptEngine.java:119)
	at com.kms.katalon.core.main.TestCaseExecutor.runScript(TestCaseExecutor.java:369)
	at com.kms.katalon.core.main.TestCaseExecutor.doExecute(TestCaseExecutor.java:360)
	at com.kms.katalon.core.main.TestCaseExecutor.processExecutionPhase(TestCaseExecutor.java:339)
	at com.kms.katalon.core.main.TestCaseExecutor.accessMainPhase(TestCaseExecutor.java:331)
	at com.kms.katalon.core.main.TestCaseExecutor.execute(TestCaseExecutor.java:248)
	at com.kms.katalon.core.main.TestCaseMain.runTestCase(TestCaseMain.java:138)
	at com.kms.katalon.core.keyword.builtin.CallTestCaseKeyword$_callTestCase_closure1.doCall(CallTestCaseKeyword.groovy:59)
	at com.kms.katalon.core.keyword.builtin.CallTestCaseKeyword$_callTestCase_closure1.call(CallTestCaseKeyword.groovy)
	at com.kms.katalon.core.keyword.internal.KeywordMain.runKeyword(KeywordMain.groovy:68)
	at com.kms.katalon.core.keyword.builtin.CallTestCaseKeyword.callTestCase(CallTestCaseKeyword.groovy:81)
	at com.kms.katalon.core.keyword.builtin.CallTestCaseKeyword.execute(CallTestCaseKeyword.groovy:44)
	at com.kms.katalon.core.keyword.internal.KeywordExecutor.executeKeywordForPlatform(KeywordExecutor.groovy:73)
	at com.kms.katalon.core.keyword.BuiltinKeywords.callTestCase(BuiltinKeywords.groovy:334)
	at sayfalar.girisSayfasi.login(girisSayfasi.groovy:50)
	at cucumber.runtime.Utils$1.call(Utils.java:26)
	at cucumber.runtime.Timeout.timeout(Timeout.java:16)
	at cucumber.runtime.Utils.invoke(Utils.java:20)
	at cucumber.runtime.java.JavaStepDefinition.execute(JavaStepDefinition.java:49)
	at cucumber.runner.PickleStepDefinitionMatch.runStep(PickleStepDefinitionMatch.java:50)
	at cucumber.runner.TestStep.executeStep(TestStep.java:63)
	at cucumber.runner.TestStep.run(TestStep.java:49)
	at cucumber.runner.PickleStepTestStep.run(PickleStepTestStep.java:43)
	at cucumber.runner.TestCase.run(TestCase.java:44)
	at cucumber.runner.Runner.runPickle(Runner.java:40)
	at cucumber.runtime.Runtime$1.run(Runtime.java:84)
	at cucumber.runtime.Runtime$SameThreadExecutorService.execute(Runtime.java:220)
	at cucumber.runtime.Runtime.run(Runtime.java:81)
	at cucumber.api.cli.Main.run(Main.java:26)
	at cucumber.api.cli.Main$run.call(Unknown Source)
	at com.kms.katalon.core.cucumber.keyword.CucumberBuiltinKeywords$_runFeatureFile_closure1.doCall(CucumberBuiltinKeywords.groovy:106)
	at com.kms.katalon.core.cucumber.keyword.CucumberBuiltinKeywords$_runFeatureFile_closure1.doCall(CucumberBuiltinKeywords.groovy)
	at com.kms.katalon.core.keyword.internal.KeywordMain.runKeyword(KeywordMain.groovy:68)
	at com.kms.katalon.core.keyword.internal.KeywordMain$runKeyword.call(Unknown Source)
	at com.kms.katalon.core.cucumber.keyword.CucumberBuiltinKeywords.runFeatureFile(CucumberBuiltinKeywords.groovy:73)
	at com.kms.katalon.core.cucumber.keyword.CucumberBuiltinKeywords$runFeatureFile$0.callStatic(Unknown Source)
	at com.kms.katalon.core.cucumber.keyword.CucumberBuiltinKeywords.runFeatureFile(CucumberBuiltinKeywords.groovy:246)
	at com.kms.katalon.core.cucumber.keyword.CucumberBuiltinKeywords$runFeatureFile.call(Unknown Source)
	at VKN-Temel Fatura-Satis Tipinde.run(VKN-Temel Fatura-Satis Tipinde:17)
	at com.kms.katalon.core.main.ScriptEngine.run(ScriptEngine.java:194)
	at com.kms.katalon.core.main.ScriptEngine.runScriptAsRawText(ScriptEngine.java:119)
	at com.kms.katalon.core.main.TestCaseExecutor.runScript(TestCaseExecutor.java:369)
	at com.kms.katalon.core.main.TestCaseExecutor.doExecute(TestCaseExecutor.java:360)
	at com.kms.katalon.core.main.TestCaseExecutor.processExecutionPhase(TestCaseExecutor.java:339)
	at com.kms.katalon.core.main.TestCaseExecutor.accessMainPhase(TestCaseExecutor.java:331)
	at com.kms.katalon.core.main.TestCaseExecutor.execute(TestCaseExecutor.java:248)
	at com.kms.katalon.core.main.TestSuiteExecutor.accessTestCaseMainPhase(TestSuiteExecutor.java:191)
	at com.kms.katalon.core.main.TestSuiteExecutor.accessTestSuiteMainPhase(TestSuiteExecutor.java:140)
	at com.kms.katalon.core.main.TestSuiteExecutor.execute(TestSuiteExecutor.java:89)
	at com.kms.katalon.core.main.TestCaseMain.startTestSuite(TestCaseMain.java:181)
	at com.kms.katalon.core.main.TestCaseMain$startTestSuite$0.call(Unknown Source)
	at TempTestSuite1634220073501.run(TempTestSuite1634220073501.groovy:39)
)

2021-10-14 17:02:19 - [MESSAGE][INFO] - Finding Test Object 'Object Repository/Sayfalar/Giris_Sayfasi/PopupOK'

2021-10-14 17:02:19 - [MESSAGE][INFO] - Checking object

2021-10-14 17:02:19 - [MESSAGE][INFO] - Finding web element from Test Object's properties

2021-10-14 17:02:19 - [MESSAGE][INFO] - Checking timeout

2021-10-14 17:02:19 - [MESSAGE][INFO] - Finding web element with id: 'Object Repository/Sayfalar/Giris_Sayfasi/PopupOK' located by 'By.cssSelector: .btn.btn-success' in '5' second(s)

2021-10-14 17:02:19 - [MESSAGE][INFO] - Smart Wait Function is triggered

2021-10-14 17:02:20 - [MESSAGE][INFO] - Smart Wait Function is triggered

2021-10-14 17:02:20 - [MESSAGE][INFO] - Smart Wait Function is triggered

2021-10-14 17:02:21 - [MESSAGE][INFO] - Smart Wait Function is triggered

2021-10-14 17:02:21 - [MESSAGE][INFO] - Smart Wait Function is triggered

2021-10-14 17:02:21 - [MESSAGE][INFO] - Smart Wait Function is triggered

2021-10-14 17:02:21 - [MESSAGE][INFO] - Smart Wait Function is triggered

2021-10-14 17:02:22 - [MESSAGE][INFO] - Smart Wait Function is triggered

2021-10-14 17:02:22 - [MESSAGE][INFO] - Smart Wait Function is triggered

2021-10-14 17:02:22 - [MESSAGE][INFO] - Smart Wait Function is triggered

2021-10-14 17:02:22 - [MESSAGE][INFO] - Smart Wait Function is triggered

2021-10-14 17:02:23 - [MESSAGE][INFO] - Smart Wait Function is triggered

2021-10-14 17:02:23 - [MESSAGE][INFO] - Smart Wait Function is triggered

2021-10-14 17:02:23 - [MESSAGE][INFO] - Smart Wait Function is triggered

2021-10-14 17:02:24 - [MESSAGE][INFO] - Smart Wait Function is triggered

2021-10-14 17:02:24 - [MESSAGE][INFO] - Smart Wait Function is triggered

2021-10-14 17:02:24 - [MESSAGE][INFO] - Smart Wait Function is triggered

2021-10-14 17:02:24 - [MESSAGE][INFO] - Smart Wait Function is triggered

2021-10-14 17:02:25 - [MESSAGE][INFO] - Smart Wait Function is triggered

2021-10-14 17:02:25 - [MESSAGE][INFO] - Smart Wait Function is triggered

2021-10-14 17:02:25 - [MESSAGE][INFO] - Smart Wait Function is triggered

2021-10-14 17:02:26 - [MESSAGE][INFO] - Unable to find the element located by 'By.cssSelector: .btn.btn-success'. Please recheck the objects properties to make sure the desired element is located. 

2021-10-14 17:02:26 - [MESSAGE][WARNING] - com.kms.katalon.core.webui.exception.WebElementNotFoundException: Web element with id: 'Object Repository/Sayfalar/Giris_Sayfasi/PopupOK' located by '.btn.btn-success' not found (Root cause: com.kms.katalon.core.exception.StepFailedException: com.kms.katalon.core.webui.exception.WebElementNotFoundException: Web element with id: 'Object Repository/Sayfalar/Giris_Sayfasi/PopupOK' located by '.btn.btn-success' not found
	at com.kms.katalon.core.webui.keyword.internal.WebUIKeywordMain.stepFailed(WebUIKeywordMain.groovy:64)
	at com.kms.katalon.core.webui.keyword.builtin.VerifyElementPresentKeyword$_verifyElementPresent_closure1.doCall(VerifyElementPresentKeyword.groovy:85)
	at com.kms.katalon.core.webui.keyword.builtin.VerifyElementPresentKeyword$_verifyElementPresent_closure1.call(VerifyElementPresentKeyword.groovy)
	at com.kms.katalon.core.webui.keyword.internal.WebUIKeywordMain.runKeyword(WebUIKeywordMain.groovy:20)
	at com.kms.katalon.core.webui.keyword.builtin.VerifyElementPresentKeyword.verifyElementPresent(VerifyElementPresentKeyword.groovy:92)
	at com.kms.katalon.core.webui.keyword.builtin.VerifyElementPresentKeyword.execute(VerifyElementPresentKeyword.groovy:68)
	at com.kms.katalon.core.keyword.internal.KeywordExecutor.executeKeywordForPlatform(KeywordExecutor.groovy:73)
	at com.kms.katalon.core.webui.keyword.WebUiBuiltInKeywords.verifyElementPresent(WebUiBuiltInKeywords.groovy:1448)
	at com.kms.katalon.core.webui.keyword.WebUiBuiltInKeywords$verifyElementPresent$4.call(Unknown Source)
	at Login.run(Login:40)
	at com.kms.katalon.core.main.ScriptEngine.run(ScriptEngine.java:194)
	at com.kms.katalon.core.main.ScriptEngine.runScriptAsRawText(ScriptEngine.java:119)
	at com.kms.katalon.core.main.TestCaseExecutor.runScript(TestCaseExecutor.java:369)
	at com.kms.katalon.core.main.TestCaseExecutor.doExecute(TestCaseExecutor.java:360)
	at com.kms.katalon.core.main.TestCaseExecutor.processExecutionPhase(TestCaseExecutor.java:339)
	at com.kms.katalon.core.main.TestCaseExecutor.accessMainPhase(TestCaseExecutor.java:331)
	at com.kms.katalon.core.main.TestCaseExecutor.execute(TestCaseExecutor.java:248)
	at com.kms.katalon.core.main.TestCaseMain.runTestCase(TestCaseMain.java:138)
	at com.kms.katalon.core.keyword.builtin.CallTestCaseKeyword$_callTestCase_closure1.doCall(CallTestCaseKeyword.groovy:59)
	at com.kms.katalon.core.keyword.builtin.CallTestCaseKeyword$_callTestCase_closure1.call(CallTestCaseKeyword.groovy)
	at com.kms.katalon.core.keyword.internal.KeywordMain.runKeyword(KeywordMain.groovy:68)
	at com.kms.katalon.core.keyword.builtin.CallTestCaseKeyword.callTestCase(CallTestCaseKeyword.groovy:81)
	at com.kms.katalon.core.keyword.builtin.CallTestCaseKeyword.execute(CallTestCaseKeyword.groovy:44)
	at com.kms.katalon.core.keyword.internal.KeywordExecutor.executeKeywordForPlatform(KeywordExecutor.groovy:73)
	at com.kms.katalon.core.keyword.BuiltinKeywords.callTestCase(BuiltinKeywords.groovy:334)
	at sayfalar.girisSayfasi.login(girisSayfasi.groovy:50)
	at cucumber.runtime.Utils$1.call(Utils.java:26)
	at cucumber.runtime.Timeout.timeout(Timeout.java:16)
	at cucumber.runtime.Utils.invoke(Utils.java:20)
	at cucumber.runtime.java.JavaStepDefinition.execute(JavaStepDefinition.java:49)
	at cucumber.runner.PickleStepDefinitionMatch.runStep(PickleStepDefinitionMatch.java:50)
	at cucumber.runner.TestStep.executeStep(TestStep.java:63)
	at cucumber.runner.TestStep.run(TestStep.java:49)
	at cucumber.runner.PickleStepTestStep.run(PickleStepTestStep.java:43)
	at cucumber.runner.TestCase.run(TestCase.java:44)
	at cucumber.runner.Runner.runPickle(Runner.java:40)
	at cucumber.runtime.Runtime$1.run(Runtime.java:84)
	at cucumber.runtime.Runtime$SameThreadExecutorService.execute(Runtime.java:220)
	at cucumber.runtime.Runtime.run(Runtime.java:81)
	at cucumber.api.cli.Main.run(Main.java:26)
	at cucumber.api.cli.Main$run.call(Unknown Source)
	at com.kms.katalon.core.cucumber.keyword.CucumberBuiltinKeywords$_runFeatureFile_closure1.doCall(CucumberBuiltinKeywords.groovy:106)
	at com.kms.katalon.core.cucumber.keyword.CucumberBuiltinKeywords$_runFeatureFile_closure1.doCall(CucumberBuiltinKeywords.groovy)
	at com.kms.katalon.core.keyword.internal.KeywordMain.runKeyword(KeywordMain.groovy:68)
	at com.kms.katalon.core.keyword.internal.KeywordMain$runKeyword.call(Unknown Source)
	at com.kms.katalon.core.cucumber.keyword.CucumberBuiltinKeywords.runFeatureFile(CucumberBuiltinKeywords.groovy:73)
	at com.kms.katalon.core.cucumber.keyword.CucumberBuiltinKeywords$runFeatureFile$0.callStatic(Unknown Source)
	at com.kms.katalon.core.cucumber.keyword.CucumberBuiltinKeywords.runFeatureFile(CucumberBuiltinKeywords.groovy:246)
	at com.kms.katalon.core.cucumber.keyword.CucumberBuiltinKeywords$runFeatureFile.call(Unknown Source)
	at VKN-Temel Fatura-Satis Tipinde.run(VKN-Temel Fatura-Satis Tipinde:17)
	at com.kms.katalon.core.main.ScriptEngine.run(ScriptEngine.java:194)
	at com.kms.katalon.core.main.ScriptEngine.runScriptAsRawText(ScriptEngine.java:119)
	at com.kms.katalon.core.main.TestCaseExecutor.runScript(TestCaseExecutor.java:369)
	at com.kms.katalon.core.main.TestCaseExecutor.doExecute(TestCaseExecutor.java:360)
	at com.kms.katalon.core.main.TestCaseExecutor.processExecutionPhase(TestCaseExecutor.java:339)
	at com.kms.katalon.core.main.TestCaseExecutor.accessMainPhase(TestCaseExecutor.java:331)
	at com.kms.katalon.core.main.TestCaseExecutor.execute(TestCaseExecutor.java:248)
	at com.kms.katalon.core.main.TestSuiteExecutor.accessTestCaseMainPhase(TestSuiteExecutor.java:191)
	at com.kms.katalon.core.main.TestSuiteExecutor.accessTestSuiteMainPhase(TestSuiteExecutor.java:140)
	at com.kms.katalon.core.main.TestSuiteExecutor.execute(TestSuiteExecutor.java:89)
	at com.kms.katalon.core.main.TestCaseMain.startTestSuite(TestCaseMain.java:181)
	at com.kms.katalon.core.main.TestCaseMain$startTestSuite$0.call(Unknown Source)
	at TempTestSuite1634220073501.run(TempTestSuite1634220073501.groovy:39)
)

2021-10-14 17:02:26 - [TEST_STEP][PASSED] - verifyElementVisible(findTestObject("Object Repository/Kullanici_Islemleri/KullaniciIslemleri")): Object 'Object Repository/Kullanici_Islemleri/KullaniciIslemleri' is visible

2021-10-14 17:02:26 - [MESSAGE][INFO] - Finding Test Object 'Object Repository/Kullanici_Islemleri/KullaniciIslemleri'

2021-10-14 17:02:26 - [MESSAGE][INFO] - Checking object

2021-10-14 17:02:26 - [MESSAGE][INFO] - Finding web element from Test Object's properties

2021-10-14 17:02:26 - [MESSAGE][INFO] - Checking timeout

2021-10-14 17:02:26 - [MESSAGE][INFO] - Finding web element with id: 'Object Repository/Kullanici_Islemleri/KullaniciIslemleri' located by 'By.cssSelector: .dropdown>a>img' in '30' second(s)

2021-10-14 17:02:26 - [MESSAGE][INFO] - Smart Wait Function is triggered

2021-10-14 17:02:26 - [MESSAGE][INFO] - Found 1 web elements with id: 'Object Repository/Kullanici_Islemleri/KullaniciIslemleri' located by 'By.cssSelector: .dropdown>a>img' in '30' second(s)

2021-10-14 17:02:26 - [MESSAGE][PASSED] - Object 'Object Repository/Kullanici_Islemleri/KullaniciIslemleri' is visible

2021-10-14 17:02:26 - [MESSAGE][PASSED] - Call Test Case 'Test Cases/Sayfalar/Giris_Sayfasi/Login' successfully

2021-10-14 17:02:26 - [MESSAGE][INFO] - Checking called Test Case

2021-10-14 17:02:26 - [MESSAGE][INFO] - Starting to call Test Case 'Test Cases/Menu/AnaMenuSecimi'

2021-10-14 17:02:26 - [TEST_CASE][PASSED] - Test Cases/Menu/AnaMenuSecimi: Test Cases/Menu/AnaMenuSecimi

2021-10-14 17:02:27 - [TEST_STEP][PASSED] - Method.TextDegerineEsitElementeTikla(findTestObject("Menu/Ana_Menu"), Ana_Menu): Method.TextDegerineEsitElementeTikla is PASSED

2021-10-14 17:02:27 - [MESSAGE][INFO] - Finding Test Object 'Object Repository/Menu/Ana_Menu'

2021-10-14 17:02:27 - [MESSAGE][INFO] - Checking timeout

2021-10-14 17:02:27 - [MESSAGE][INFO] - Finding web element with id: 'Object Repository/Menu/Ana_Menu' located by 'By.xpath: //*[@class = 'dropdown-toggle']' in '10' second(s)

2021-10-14 17:02:27 - [MESSAGE][INFO] - Smart Wait Function is triggered

2021-10-14 17:02:27 - [MESSAGE][INFO] - Found 13 web elements with id: 'Object Repository/Menu/Ana_Menu' located by 'By.xpath: //*[@class = 'dropdown-toggle']' in '10' second(s)

2021-10-14 17:02:27 - [MESSAGE][PASSED] - Method.TextDegerineEsitElementeTikla is PASSED

2021-10-14 17:02:27 - [MESSAGE][PASSED] - Call Test Case 'Test Cases/Menu/AnaMenuSecimi' successfully

2021-10-14 17:02:27 - [MESSAGE][INFO] - Checking called Test Case

2021-10-14 17:02:27 - [MESSAGE][INFO] - Starting to call Test Case 'Test Cases/Menu/BasligaGoreAltMenuSecimi'

2021-10-14 17:02:28 - [TEST_CASE][PASSED] - Test Cases/Menu/BasligaGoreAltMenuSecimi: Test Cases/Menu/BasligaGoreAltMenuSecimi

2021-10-14 17:02:28 - [TEST_STEP][PASSED] - Method.TextDegerineEsitElementinAltindakiTextDegerineEsitOlanaTikla(findTestObject("Menu/Menu_Basligi"), findTestObject("Menu/Basliga_Gore_Alt_Menu"), Baslik, Alt_Menu): Method.TextDegerineEsitElementinAltindakiTextDegerineEsitOlanaTikla is PASSED

2021-10-14 17:02:28 - [MESSAGE][INFO] - Finding Test Object 'Object Repository/Menu/Menu_Basligi'

2021-10-14 17:02:28 - [MESSAGE][INFO] - Finding Test Object 'Object Repository/Menu/Basliga_Gore_Alt_Menu'

2021-10-14 17:02:29 - [MESSAGE][INFO] - Checking timeout

2021-10-14 17:02:29 - [MESSAGE][INFO] - Finding web element with id: 'Object Repository/Menu/Menu_Basligi' located by 'By.xpath: //li[@class='dropdown dropdown-large open']//li[@class='dropdown-header']' in '10' second(s)

2021-10-14 17:02:29 - [MESSAGE][INFO] - Smart Wait Function is triggered

2021-10-14 17:02:29 - [MESSAGE][INFO] - Found 3 web elements with id: 'Object Repository/Menu/Menu_Basligi' located by 'By.xpath: //li[@class='dropdown dropdown-large open']//li[@class='dropdown-header']' in '10' second(s)

2021-10-14 17:02:29 - [MESSAGE][INFO] - Smart Wait Function is triggered

2021-10-14 17:02:40 - [MESSAGE][PASSED] - Method.TextDegerineEsitElementinAltindakiTextDegerineEsitOlanaTikla is PASSED

2021-10-14 17:02:40 - [MESSAGE][PASSED] - Call Test Case 'Test Cases/Menu/BasligaGoreAltMenuSecimi' successfully

2021-10-14 17:02:40 - [MESSAGE][INFO] - Checking called Test Case

2021-10-14 17:02:40 - [MESSAGE][INFO] - Starting to call Test Case 'Test Cases/Tablo/Olusturma Tarihi'

2021-10-14 17:02:40 - [TEST_CASE][PASSED] - Test Cases/Tablo/Olusturma Tarihi: Test Cases/Tablo/Olusturma Tarihi

2021-10-14 17:02:41 - [TEST_STEP][PASSED] - if (verifyTextNotPresent("Görüntülenecek veri yok", true, OPTIONAL)): null

2021-10-14 17:02:41 - [MESSAGE][INFO] - Checking text present  using regular expression

2021-10-14 17:02:41 - [MESSAGE][INFO] - Smart Wait Function is triggered

2021-10-14 17:02:41 - [MESSAGE][INFO] - Finding text 'Görüntülenecek veri yok' on page  using regular expression

2021-10-14 17:02:41 - [MESSAGE][PASSED] - Text 'Görüntülenecek veri yok' is not present on page using regular expression

2021-10-14 17:02:41 - [TEST_STEP][PASSED] - click(findTestObject("Temizle/Olusturma_Tarihi_CheckBox")): Object: 'Object Repository/Temizle/Olusturma_Tarihi_CheckBox' is clicked on

2021-10-14 17:02:41 - [MESSAGE][INFO] - Finding Test Object 'Object Repository/Temizle/Olusturma_Tarihi_CheckBox'

2021-10-14 17:02:41 - [MESSAGE][INFO] - Checking object

2021-10-14 17:02:41 - [MESSAGE][INFO] - Finding web element from Test Object's properties

2021-10-14 17:02:41 - [MESSAGE][INFO] - Checking timeout

2021-10-14 17:02:41 - [MESSAGE][INFO] - Finding web element with id: 'Object Repository/Temizle/Olusturma_Tarihi_CheckBox' located by 'By.xpath: //*[@title = 'Bu sayfadaki tüm satırları Seç']' in '30' second(s)

2021-10-14 17:02:41 - [MESSAGE][INFO] - Smart Wait Function is triggered

2021-10-14 17:02:41 - [MESSAGE][INFO] - Found 1 web elements with id: 'Object Repository/Temizle/Olusturma_Tarihi_CheckBox' located by 'By.xpath: //*[@title = 'Bu sayfadaki tüm satırları Seç']' in '30' second(s)

2021-10-14 17:02:41 - [MESSAGE][INFO] - Clicking on object: 'Object Repository/Temizle/Olusturma_Tarihi_CheckBox'

2021-10-14 17:02:42 - [MESSAGE][PASSED] - Object: 'Object Repository/Temizle/Olusturma_Tarihi_CheckBox' is clicked on

2021-10-14 17:02:42 - [TEST_STEP][PASSED] - Method.TextDegerineEsitElementeTiklaEquals(findTestObject("Butonlar/Butonlar"), "Sil"): Method.TextDegerineEsitElementeTiklaEquals is PASSED

2021-10-14 17:02:42 - [MESSAGE][INFO] - Finding Test Object 'Object Repository/Butonlar/Butonlar'

2021-10-14 17:02:42 - [MESSAGE][INFO] - Checking timeout

2021-10-14 17:02:42 - [MESSAGE][INFO] - Finding web element with id: 'Object Repository/Butonlar/Butonlar' located by 'By.cssSelector: .panel.panel-default.text-center.footerPanel .btn,.btn.btn-primary.btnControls' in '10' second(s)

2021-10-14 17:02:42 - [MESSAGE][INFO] - Smart Wait Function is triggered

2021-10-14 17:02:42 - [MESSAGE][INFO] - Found 10 web elements with id: 'Object Repository/Butonlar/Butonlar' located by 'By.cssSelector: .panel.panel-default.text-center.footerPanel .btn,.btn.btn-primary.btnControls' in '10' second(s)

2021-10-14 17:02:42 - [MESSAGE][PASSED] - Method.TextDegerineEsitElementeTiklaEquals is PASSED

2021-10-14 17:02:42 - [TEST_STEP][PASSED] - Method.TextDegerineEsitElementeTikla(findTestObject("Popup/Popup_Butons"), "Evet"): Method.TextDegerineEsitElementeTikla is PASSED

2021-10-14 17:02:42 - [MESSAGE][INFO] - Finding Test Object 'Object Repository/Popup/Popup_Butons'

2021-10-14 17:02:42 - [MESSAGE][INFO] - Checking timeout

2021-10-14 17:02:42 - [MESSAGE][INFO] - Finding web element with id: 'Object Repository/Popup/Popup_Butons' located by 'By.cssSelector: .modal-footer>button' in '10' second(s)

2021-10-14 17:02:42 - [MESSAGE][INFO] - Smart Wait Function is triggered

2021-10-14 17:02:43 - [MESSAGE][INFO] - Found 2 web elements with id: 'Object Repository/Popup/Popup_Butons' located by 'By.cssSelector: .modal-footer>button' in '10' second(s)

2021-10-14 17:02:43 - [MESSAGE][PASSED] - Method.TextDegerineEsitElementeTikla is PASSED

2021-10-14 17:02:43 - [TEST_STEP][PASSED] - Method.TextDegerineEsitElementeTikla(findTestObject("Popup/Popup_Butons"), "Tamam"): Method.TextDegerineEsitElementeTikla is PASSED

2021-10-14 17:02:43 - [MESSAGE][INFO] - Finding Test Object 'Object Repository/Popup/Popup_Butons'

2021-10-14 17:02:43 - [MESSAGE][INFO] - Checking timeout

2021-10-14 17:02:43 - [MESSAGE][INFO] - Finding web element with id: 'Object Repository/Popup/Popup_Butons' located by 'By.cssSelector: .modal-footer>button' in '10' second(s)

2021-10-14 17:02:43 - [MESSAGE][INFO] - Smart Wait Function is triggered

2021-10-14 17:02:44 - [MESSAGE][INFO] - Found 1 web elements with id: 'Object Repository/Popup/Popup_Butons' located by 'By.cssSelector: .modal-footer>button' in '10' second(s)

2021-10-14 17:02:44 - [MESSAGE][PASSED] - Method.TextDegerineEsitElementeTikla is PASSED

2021-10-14 17:02:44 - [MESSAGE][PASSED] - Call Test Case 'Test Cases/Tablo/Olusturma Tarihi' successfully

2021-10-14 17:02:44 - [MESSAGE][INFO] - Checking called Test Case

2021-10-14 17:02:44 - [MESSAGE][INFO] - Starting to call Test Case 'Test Cases/Butonlar/ButonaTikla'

2021-10-14 17:02:44 - [TEST_CASE][PASSED] - Test Cases/Butonlar/ButonaTikla: Test Cases/Butonlar/ButonaTikla

2021-10-14 17:02:45 - [TEST_STEP][PASSED] - Method.TextDegerineEsitElementeTiklaEquals(findTestObject("Butonlar/Butonlar"), Buton_Adi): Method.TextDegerineEsitElementeTiklaEquals is PASSED

2021-10-14 17:02:45 - [MESSAGE][INFO] - Finding Test Object 'Object Repository/Butonlar/Butonlar'

2021-10-14 17:02:45 - [MESSAGE][INFO] - Checking timeout

2021-10-14 17:02:45 - [MESSAGE][INFO] - Finding web element with id: 'Object Repository/Butonlar/Butonlar' located by 'By.cssSelector: .panel.panel-default.text-center.footerPanel .btn,.btn.btn-primary.btnControls' in '10' second(s)

2021-10-14 17:02:45 - [MESSAGE][INFO] - Smart Wait Function is triggered

2021-10-14 17:02:45 - [MESSAGE][INFO] - Found 10 web elements with id: 'Object Repository/Butonlar/Butonlar' located by 'By.cssSelector: .panel.panel-default.text-center.footerPanel .btn,.btn.btn-primary.btnControls' in '10' second(s)

2021-10-14 17:02:45 - [MESSAGE][PASSED] - Method.TextDegerineEsitElementeTiklaEquals is PASSED

2021-10-14 17:02:45 - [MESSAGE][PASSED] - Call Test Case 'Test Cases/Butonlar/ButonaTikla' successfully

2021-10-14 17:02:45 - [MESSAGE][INFO] - Checking called Test Case

2021-10-14 17:02:45 - [MESSAGE][INFO] - Starting to call Test Case 'Test Cases/Olusturma/Genel/GorselTasarimSayfasıBasligiIceriyorMu'

2021-10-14 17:02:45 - [TEST_CASE][PASSED] - Test Cases/Olusturma/Genel/GorselTasarimSayfasıBasligiIceriyorMu: Test Cases/Olusturma/Genel/GorselTasarimSayfasıBasligiIceriyorMu

2021-10-14 17:02:46 - [TEST_STEP][PASSED] - verifyElementText(findTestObject("Object Repository/Olusturma/Genel/GorselTasarimBaslik"), Baslik): Actual text and expected text of test object 'Object Repository/Olusturma/Genel/GorselTasarimBaslik' are matched.

2021-10-14 17:02:46 - [MESSAGE][INFO] - Finding Test Object 'Object Repository/Olusturma/Genel/GorselTasarimBaslik'

2021-10-14 17:02:46 - [MESSAGE][INFO] - Checking object

2021-10-14 17:02:46 - [MESSAGE][INFO] - Finding web element from Test Object's properties

2021-10-14 17:02:46 - [MESSAGE][INFO] - Checking timeout

2021-10-14 17:02:46 - [MESSAGE][INFO] - Finding web element with id: 'Object Repository/Olusturma/Genel/GorselTasarimBaslik' located by 'By.cssSelector: #flAlici_0>div>span' in '30' second(s)

2021-10-14 17:02:46 - [MESSAGE][INFO] - Smart Wait Function is triggered

2021-10-14 17:02:51 - [MESSAGE][INFO] - Found 1 web elements with id: 'Object Repository/Olusturma/Genel/GorselTasarimBaslik' located by 'By.cssSelector: #flAlici_0>div>span' in '30' second(s)

2021-10-14 17:02:51 - [MESSAGE][PASSED] - Actual text and expected text of test object 'Object Repository/Olusturma/Genel/GorselTasarimBaslik' are matched.

2021-10-14 17:02:51 - [MESSAGE][PASSED] - Call Test Case 'Test Cases/Olusturma/Genel/GorselTasarimSayfasıBasligiIceriyorMu' successfully

2021-10-14 17:02:51 - [MESSAGE][INFO] - Checking called Test Case

2021-10-14 17:02:51 - [MESSAGE][INFO] - Starting to call Test Case 'Test Cases/Olusturma/Genel/AliciSecilir'

2021-10-14 17:02:51 - [TEST_CASE][PASSED] - Test Cases/Olusturma/Genel/AliciSecilir: Test Cases/Olusturma/Genel/AliciSecilir

2021-10-14 17:02:52 - [TEST_STEP][PASSED] - click(findTestObject("Olusturma/Genel/AliciBilgisi/Alici_Ara")): Object: 'Object Repository/Olusturma/Genel/AliciBilgisi/Alici_Ara' is clicked on

2021-10-14 17:02:52 - [MESSAGE][INFO] - Finding Test Object 'Object Repository/Olusturma/Genel/AliciBilgisi/Alici_Ara'

2021-10-14 17:02:52 - [MESSAGE][INFO] - Checking object

2021-10-14 17:02:52 - [MESSAGE][INFO] - Finding web element from Test Object's properties

2021-10-14 17:02:52 - [MESSAGE][INFO] - Checking timeout

2021-10-14 17:02:52 - [MESSAGE][INFO] - Finding web element with id: 'Object Repository/Olusturma/Genel/AliciBilgisi/Alici_Ara' located by 'By.xpath: //td[@id='txtCustomerText_B-1']' in '30' second(s)

2021-10-14 17:02:52 - [MESSAGE][INFO] - Smart Wait Function is triggered

2021-10-14 17:02:52 - [MESSAGE][INFO] - Found 1 web elements with id: 'Object Repository/Olusturma/Genel/AliciBilgisi/Alici_Ara' located by 'By.xpath: //td[@id='txtCustomerText_B-1']' in '30' second(s)

2021-10-14 17:02:52 - [MESSAGE][INFO] - Clicking on object: 'Object Repository/Olusturma/Genel/AliciBilgisi/Alici_Ara'

2021-10-14 17:02:52 - [MESSAGE][PASSED] - Object: 'Object Repository/Olusturma/Genel/AliciBilgisi/Alici_Ara' is clicked on

2021-10-14 17:02:52 - [TEST_STEP][PASSED] - click(findTestObject("Olusturma/Genel/AliciBilgisi/Alici_Bilgisi")): Object: 'Object Repository/Olusturma/Genel/AliciBilgisi/Alici_Bilgisi' is clicked on

2021-10-14 17:02:52 - [MESSAGE][INFO] - Finding Test Object 'Object Repository/Olusturma/Genel/AliciBilgisi/Alici_Bilgisi'

2021-10-14 17:02:53 - [MESSAGE][INFO] - Checking object

2021-10-14 17:02:53 - [MESSAGE][INFO] - Finding web element from Test Object's properties

2021-10-14 17:02:53 - [MESSAGE][INFO] - Checking timeout

2021-10-14 17:02:53 - [MESSAGE][INFO] - Finding web element with id: 'Object Repository/Olusturma/Genel/AliciBilgisi/Alici_Bilgisi' located by 'By.xpath: //iframe[@id='customerselectiframe']' in '30' second(s)

2021-10-14 17:02:53 - [MESSAGE][INFO] - Smart Wait Function is triggered

2021-10-14 17:02:53 - [MESSAGE][INFO] - Found 1 web elements with id: 'Object Repository/Olusturma/Genel/AliciBilgisi/Alici_Bilgisi' located by 'By.xpath: //iframe[@id='customerselectiframe']' in '30' second(s)

2021-10-14 17:02:53 - [MESSAGE][INFO] - Clicking on object: 'Object Repository/Olusturma/Genel/AliciBilgisi/Alici_Bilgisi'

2021-10-14 17:02:53 - [MESSAGE][PASSED] - Object: 'Object Repository/Olusturma/Genel/AliciBilgisi/Alici_Bilgisi' is clicked on

2021-10-14 17:02:53 - [TEST_STEP][PASSED] - setText(findTestObject("Olusturma/Genel/AliciBilgisi/Alici_Gir"), Alici_Adi): Switching to default content

2021-10-14 17:02:53 - [MESSAGE][INFO] - Finding Test Object 'Object Repository/Olusturma/Genel/AliciBilgisi/Alici_Gir'

2021-10-14 17:02:53 - [MESSAGE][INFO] - Finding Test Object 'Object Repository/Olusturma/Genel/AliciBilgisi/Alici_Bilgisi'

2021-10-14 17:02:53 - [MESSAGE][INFO] - Checking object

2021-10-14 17:02:53 - [MESSAGE][INFO] - Checking text

2021-10-14 17:02:53 - [MESSAGE][INFO] - Object: 'Object Repository/Olusturma/Genel/AliciBilgisi/Alici_Gir' has parent object(s)

2021-10-14 17:02:53 - [MESSAGE][INFO] - Switching to iframe: 'Object Repository/Olusturma/Genel/AliciBilgisi/Alici_Bilgisi'

2021-10-14 17:02:53 - [MESSAGE][INFO] - Finding web element from Test Object's properties

2021-10-14 17:02:53 - [MESSAGE][INFO] - Checking timeout

2021-10-14 17:02:53 - [MESSAGE][INFO] - Finding web element with id: 'Object Repository/Olusturma/Genel/AliciBilgisi/Alici_Bilgisi' located by 'By.xpath: //iframe[@id='customerselectiframe']' in '30' second(s)

2021-10-14 17:02:53 - [MESSAGE][INFO] - Smart Wait Function is triggered

2021-10-14 17:02:54 - [MESSAGE][INFO] - Found 1 web elements with id: 'Object Repository/Olusturma/Genel/AliciBilgisi/Alici_Bilgisi' located by 'By.xpath: //iframe[@id='customerselectiframe']' in '30' second(s)

2021-10-14 17:02:56 - [MESSAGE][INFO] - Switched to iframe: 'Object Repository/Olusturma/Genel/AliciBilgisi/Alici_Bilgisi'

2021-10-14 17:02:56 - [MESSAGE][INFO] - Finding web element from Test Object's properties

2021-10-14 17:02:56 - [MESSAGE][INFO] - Checking timeout

2021-10-14 17:02:56 - [MESSAGE][INFO] - Finding web element with id: 'Object Repository/Olusturma/Genel/AliciBilgisi/Alici_Gir' located by 'By.xpath: //input[@id='GridViewCustomer_DXFREditorcol1_I']' in '30' second(s)

2021-10-14 17:02:56 - [MESSAGE][INFO] - Smart Wait Function is triggered

2021-10-14 17:02:56 - [MESSAGE][INFO] - Found 1 web elements with id: 'Object Repository/Olusturma/Genel/AliciBilgisi/Alici_Gir' located by 'By.xpath: //input[@id='GridViewCustomer_DXFREditorcol1_I']' in '30' second(s)

2021-10-14 17:02:56 - [MESSAGE][INFO] - Clearing text of object 'Object Repository/Olusturma/Genel/AliciBilgisi/Alici_Gir'

2021-10-14 17:02:56 - [MESSAGE][INFO] - Finding web element from Test Object's properties

2021-10-14 17:02:56 - [MESSAGE][INFO] - Checking timeout

2021-10-14 17:02:56 - [MESSAGE][INFO] - Finding web element with id: 'Object Repository/Olusturma/Genel/AliciBilgisi/Alici_Gir' located by 'By.xpath: //input[@id='GridViewCustomer_DXFREditorcol1_I']' in '30' second(s)

2021-10-14 17:02:56 - [MESSAGE][INFO] - Smart Wait Function is triggered

2021-10-14 17:02:56 - [MESSAGE][INFO] - Found 1 web elements with id: 'Object Repository/Olusturma/Genel/AliciBilgisi/Alici_Gir' located by 'By.xpath: //input[@id='GridViewCustomer_DXFREditorcol1_I']' in '30' second(s)

2021-10-14 17:02:56 - [MESSAGE][INFO] - Setting text of object 'Object Repository/Olusturma/Genel/AliciBilgisi/Alici_Gir' to value 'UC0018'

2021-10-14 17:02:56 - [MESSAGE][PASSED] - Text 'UC0018' is set on object 'Object Repository/Olusturma/Genel/AliciBilgisi/Alici_Gir'

2021-10-14 17:02:56 - [MESSAGE][INFO] - Switching to default content

2021-10-14 17:02:56 - [TEST_STEP][PASSED] - waitForElementClickable(findTestObject("Olusturma/Genel/AliciBilgisi/Alici_Adi"), 10): Switching to default content

2021-10-14 17:02:56 - [MESSAGE][INFO] - Finding Test Object 'Object Repository/Olusturma/Genel/AliciBilgisi/Alici_Adi'

2021-10-14 17:02:56 - [MESSAGE][INFO] - Finding Test Object 'Object Repository/Olusturma/Genel/AliciBilgisi/iframe_Alc Bilgisi_customerselectiframe'

2021-10-14 17:02:57 - [MESSAGE][INFO] - Checking object

2021-10-14 17:02:57 - [MESSAGE][INFO] - Checking timeout

2021-10-14 17:02:57 - [MESSAGE][INFO] - Object: 'Object Repository/Olusturma/Genel/AliciBilgisi/Alici_Adi' has parent object(s)

2021-10-14 17:02:57 - [MESSAGE][INFO] - Switching to iframe: 'Object Repository/Olusturma/Genel/AliciBilgisi/iframe_Alc Bilgisi_customerselectiframe'

2021-10-14 17:02:57 - [MESSAGE][INFO] - Finding web element from Test Object's properties

2021-10-14 17:02:57 - [MESSAGE][INFO] - Checking timeout

2021-10-14 17:02:57 - [MESSAGE][INFO] - Finding web element with id: 'Object Repository/Olusturma/Genel/AliciBilgisi/iframe_Alc Bilgisi_customerselectiframe' located by 'By.xpath: //iframe[@id='customerselectiframe']' in '10' second(s)

2021-10-14 17:02:57 - [MESSAGE][INFO] - Smart Wait Function is triggered

2021-10-14 17:02:57 - [MESSAGE][INFO] - Found 1 web elements with id: 'Object Repository/Olusturma/Genel/AliciBilgisi/iframe_Alc Bilgisi_customerselectiframe' located by 'By.xpath: //iframe[@id='customerselectiframe']' in '10' second(s)

2021-10-14 17:02:57 - [MESSAGE][INFO] - Switched to iframe: 'Object Repository/Olusturma/Genel/AliciBilgisi/iframe_Alc Bilgisi_customerselectiframe'

2021-10-14 17:02:57 - [MESSAGE][INFO] - Finding web element from Test Object's properties

2021-10-14 17:02:57 - [MESSAGE][INFO] - Checking timeout

2021-10-14 17:02:57 - [MESSAGE][INFO] - Finding web element with id: 'Object Repository/Olusturma/Genel/AliciBilgisi/Alici_Adi' located by 'By.xpath: //tr[@id='GridViewCustomer_DXDataRow0']/td[2]' in '10' second(s)

2021-10-14 17:02:57 - [MESSAGE][INFO] - Smart Wait Function is triggered

2021-10-14 17:02:57 - [MESSAGE][INFO] - Found 1 web elements with id: 'Object Repository/Olusturma/Genel/AliciBilgisi/Alici_Adi' located by 'By.xpath: //tr[@id='GridViewCustomer_DXDataRow0']/td[2]' in '10' second(s)

2021-10-14 17:02:57 - [MESSAGE][PASSED] - Object 'Object Repository/Olusturma/Genel/AliciBilgisi/Alici_Adi' is clickable

2021-10-14 17:02:57 - [MESSAGE][INFO] - Switching to default content

2021-10-14 17:02:57 - [TEST_STEP][PASSED] - click(findTestObject("Olusturma/Genel/AliciBilgisi/frame")): Switching to default content

2021-10-14 17:02:57 - [MESSAGE][INFO] - Finding Test Object 'Object Repository/Olusturma/Genel/AliciBilgisi/frame'

2021-10-14 17:02:57 - [MESSAGE][INFO] - Finding Test Object 'Object Repository/Olusturma/Genel/AliciBilgisi/iframe_Alc Bilgisi_customerselectiframe'

2021-10-14 17:02:57 - [MESSAGE][INFO] - Checking object

2021-10-14 17:02:57 - [MESSAGE][INFO] - Object: 'Object Repository/Olusturma/Genel/AliciBilgisi/frame' has parent object(s)

2021-10-14 17:02:57 - [MESSAGE][INFO] - Switching to iframe: 'Object Repository/Olusturma/Genel/AliciBilgisi/iframe_Alc Bilgisi_customerselectiframe'

2021-10-14 17:02:57 - [MESSAGE][INFO] - Finding web element from Test Object's properties

2021-10-14 17:02:57 - [MESSAGE][INFO] - Checking timeout

2021-10-14 17:02:57 - [MESSAGE][INFO] - Finding web element with id: 'Object Repository/Olusturma/Genel/AliciBilgisi/iframe_Alc Bilgisi_customerselectiframe' located by 'By.xpath: //iframe[@id='customerselectiframe']' in '30' second(s)

2021-10-14 17:02:57 - [MESSAGE][INFO] - Smart Wait Function is triggered

2021-10-14 17:02:58 - [MESSAGE][INFO] - Found 1 web elements with id: 'Object Repository/Olusturma/Genel/AliciBilgisi/iframe_Alc Bilgisi_customerselectiframe' located by 'By.xpath: //iframe[@id='customerselectiframe']' in '30' second(s)

2021-10-14 17:02:58 - [MESSAGE][INFO] - Switched to iframe: 'Object Repository/Olusturma/Genel/AliciBilgisi/iframe_Alc Bilgisi_customerselectiframe'

2021-10-14 17:02:58 - [MESSAGE][INFO] - Finding web element from Test Object's properties

2021-10-14 17:02:58 - [MESSAGE][INFO] - Checking timeout

2021-10-14 17:02:58 - [MESSAGE][INFO] - Finding web element with id: 'Object Repository/Olusturma/Genel/AliciBilgisi/frame' located by 'By.xpath: //*/text()[normalize-space(.)='']/parent::*' in '30' second(s)

2021-10-14 17:02:58 - [MESSAGE][INFO] - Smart Wait Function is triggered

2021-10-14 17:02:58 - [MESSAGE][INFO] - Found 64 web elements with id: 'Object Repository/Olusturma/Genel/AliciBilgisi/frame' located by 'By.xpath: //*/text()[normalize-space(.)='']/parent::*' in '30' second(s)

2021-10-14 17:02:58 - [MESSAGE][INFO] - Clicking on object: 'Object Repository/Olusturma/Genel/AliciBilgisi/frame'

2021-10-14 17:02:58 - [MESSAGE][PASSED] - Object: 'Object Repository/Olusturma/Genel/AliciBilgisi/frame' is clicked on

2021-10-14 17:02:58 - [MESSAGE][INFO] - Switching to default content

2021-10-14 17:02:58 - [TEST_STEP][PASSED] - click(findTestObject("Olusturma/Genel/AliciBilgisi/Alici_Adi")): Switching to default content

2021-10-14 17:02:58 - [MESSAGE][INFO] - Finding Test Object 'Object Repository/Olusturma/Genel/AliciBilgisi/Alici_Adi'

2021-10-14 17:02:58 - [MESSAGE][INFO] - Finding Test Object 'Object Repository/Olusturma/Genel/AliciBilgisi/iframe_Alc Bilgisi_customerselectiframe'

2021-10-14 17:02:58 - [MESSAGE][INFO] - Checking object

2021-10-14 17:02:58 - [MESSAGE][INFO] - Object: 'Object Repository/Olusturma/Genel/AliciBilgisi/Alici_Adi' has parent object(s)

2021-10-14 17:02:58 - [MESSAGE][INFO] - Switching to iframe: 'Object Repository/Olusturma/Genel/AliciBilgisi/iframe_Alc Bilgisi_customerselectiframe'

2021-10-14 17:02:58 - [MESSAGE][INFO] - Finding web element from Test Object's properties

2021-10-14 17:02:58 - [MESSAGE][INFO] - Checking timeout

2021-10-14 17:02:58 - [MESSAGE][INFO] - Finding web element with id: 'Object Repository/Olusturma/Genel/AliciBilgisi/iframe_Alc Bilgisi_customerselectiframe' located by 'By.xpath: //iframe[@id='customerselectiframe']' in '30' second(s)

2021-10-14 17:02:58 - [MESSAGE][INFO] - Smart Wait Function is triggered

2021-10-14 17:02:58 - [MESSAGE][INFO] - Found 1 web elements with id: 'Object Repository/Olusturma/Genel/AliciBilgisi/iframe_Alc Bilgisi_customerselectiframe' located by 'By.xpath: //iframe[@id='customerselectiframe']' in '30' second(s)

2021-10-14 17:02:58 - [MESSAGE][INFO] - Switched to iframe: 'Object Repository/Olusturma/Genel/AliciBilgisi/iframe_Alc Bilgisi_customerselectiframe'

2021-10-14 17:02:58 - [MESSAGE][INFO] - Finding web element from Test Object's properties

2021-10-14 17:02:58 - [MESSAGE][INFO] - Checking timeout

2021-10-14 17:02:58 - [MESSAGE][INFO] - Finding web element with id: 'Object Repository/Olusturma/Genel/AliciBilgisi/Alici_Adi' located by 'By.xpath: //tr[@id='GridViewCustomer_DXDataRow0']/td[2]' in '30' second(s)

2021-10-14 17:02:58 - [MESSAGE][INFO] - Smart Wait Function is triggered

2021-10-14 17:02:59 - [MESSAGE][INFO] - Found 1 web elements with id: 'Object Repository/Olusturma/Genel/AliciBilgisi/Alici_Adi' located by 'By.xpath: //tr[@id='GridViewCustomer_DXDataRow0']/td[2]' in '30' second(s)

2021-10-14 17:02:59 - [MESSAGE][INFO] - Clicking on object: 'Object Repository/Olusturma/Genel/AliciBilgisi/Alici_Adi'

2021-10-14 17:02:59 - [MESSAGE][PASSED] - Object: 'Object Repository/Olusturma/Genel/AliciBilgisi/Alici_Adi' is clicked on

2021-10-14 17:02:59 - [MESSAGE][INFO] - Switching to default content

2021-10-14 17:02:59 - [TEST_STEP][PASSED] - click(findTestObject("Olusturma/Genel/AliciBilgisi/Tamam_Bosluk")): Switching to default content

2021-10-14 17:02:59 - [MESSAGE][INFO] - Finding Test Object 'Object Repository/Olusturma/Genel/AliciBilgisi/Tamam_Bosluk'

2021-10-14 17:02:59 - [MESSAGE][INFO] - Finding Test Object 'Object Repository/Olusturma/Genel/AliciBilgisi/Alici_Bilgisi'

2021-10-14 17:02:59 - [MESSAGE][INFO] - Checking object

2021-10-14 17:02:59 - [MESSAGE][INFO] - Object: 'Object Repository/Olusturma/Genel/AliciBilgisi/Tamam_Bosluk' has parent object(s)

2021-10-14 17:02:59 - [MESSAGE][INFO] - Switching to iframe: 'Object Repository/Olusturma/Genel/AliciBilgisi/Alici_Bilgisi'

2021-10-14 17:02:59 - [MESSAGE][INFO] - Finding web element from Test Object's properties

2021-10-14 17:02:59 - [MESSAGE][INFO] - Checking timeout

2021-10-14 17:02:59 - [MESSAGE][INFO] - Finding web element with id: 'Object Repository/Olusturma/Genel/AliciBilgisi/Alici_Bilgisi' located by 'By.xpath: //iframe[@id='customerselectiframe']' in '30' second(s)

2021-10-14 17:02:59 - [MESSAGE][INFO] - Smart Wait Function is triggered

2021-10-14 17:02:59 - [MESSAGE][INFO] - Found 1 web elements with id: 'Object Repository/Olusturma/Genel/AliciBilgisi/Alici_Bilgisi' located by 'By.xpath: //iframe[@id='customerselectiframe']' in '30' second(s)

2021-10-14 17:02:59 - [MESSAGE][INFO] - Switched to iframe: 'Object Repository/Olusturma/Genel/AliciBilgisi/Alici_Bilgisi'

2021-10-14 17:02:59 - [MESSAGE][INFO] - Finding web element from Test Object's properties

2021-10-14 17:02:59 - [MESSAGE][INFO] - Checking timeout

2021-10-14 17:02:59 - [MESSAGE][INFO] - Finding web element with id: 'Object Repository/Olusturma/Genel/AliciBilgisi/Tamam_Bosluk' located by 'By.xpath: (.//*[normalize-space(text()) and normalize-space(.)='Sayfa Boyutu:'])[1]/following::div[7]' in '30' second(s)

2021-10-14 17:02:59 - [MESSAGE][INFO] - Smart Wait Function is triggered

2021-10-14 17:02:59 - [MESSAGE][INFO] - Found 1 web elements with id: 'Object Repository/Olusturma/Genel/AliciBilgisi/Tamam_Bosluk' located by 'By.xpath: (.//*[normalize-space(text()) and normalize-space(.)='Sayfa Boyutu:'])[1]/following::div[7]' in '30' second(s)

2021-10-14 17:02:59 - [MESSAGE][INFO] - Clicking on object: 'Object Repository/Olusturma/Genel/AliciBilgisi/Tamam_Bosluk'

2021-10-14 17:02:59 - [MESSAGE][PASSED] - Object: 'Object Repository/Olusturma/Genel/AliciBilgisi/Tamam_Bosluk' is clicked on

2021-10-14 17:02:59 - [MESSAGE][INFO] - Switching to default content

2021-10-14 17:02:59 - [TEST_STEP][PASSED] - waitForElementClickable(findTestObject("Olusturma/Genel/AliciBilgisi/Tamam_Butonu"), 10): Switching to default content

2021-10-14 17:02:59 - [MESSAGE][INFO] - Finding Test Object 'Object Repository/Olusturma/Genel/AliciBilgisi/Tamam_Butonu'

2021-10-14 17:02:59 - [MESSAGE][INFO] - Finding Test Object 'Object Repository/Olusturma/Genel/AliciBilgisi/Alici_Bilgisi'

2021-10-14 17:02:59 - [MESSAGE][INFO] - Checking object

2021-10-14 17:02:59 - [MESSAGE][INFO] - Checking timeout

2021-10-14 17:02:59 - [MESSAGE][INFO] - Object: 'Object Repository/Olusturma/Genel/AliciBilgisi/Tamam_Butonu' has parent object(s)

2021-10-14 17:02:59 - [MESSAGE][INFO] - Switching to iframe: 'Object Repository/Olusturma/Genel/AliciBilgisi/Alici_Bilgisi'

2021-10-14 17:02:59 - [MESSAGE][INFO] - Finding web element from Test Object's properties

2021-10-14 17:02:59 - [MESSAGE][INFO] - Checking timeout

2021-10-14 17:02:59 - [MESSAGE][INFO] - Finding web element with id: 'Object Repository/Olusturma/Genel/AliciBilgisi/Alici_Bilgisi' located by 'By.xpath: //iframe[@id='customerselectiframe']' in '10' second(s)

2021-10-14 17:02:59 - [MESSAGE][INFO] - Smart Wait Function is triggered

2021-10-14 17:03:00 - [MESSAGE][INFO] - Found 1 web elements with id: 'Object Repository/Olusturma/Genel/AliciBilgisi/Alici_Bilgisi' located by 'By.xpath: //iframe[@id='customerselectiframe']' in '10' second(s)

2021-10-14 17:03:00 - [MESSAGE][INFO] - Switched to iframe: 'Object Repository/Olusturma/Genel/AliciBilgisi/Alici_Bilgisi'

2021-10-14 17:03:00 - [MESSAGE][INFO] - Finding web element from Test Object's properties

2021-10-14 17:03:00 - [MESSAGE][INFO] - Checking timeout

2021-10-14 17:03:00 - [MESSAGE][INFO] - Finding web element with id: 'Object Repository/Olusturma/Genel/AliciBilgisi/Tamam_Butonu' located by 'By.xpath: //div[@id='btnSelectCustomer_CD']/span' in '10' second(s)

2021-10-14 17:03:00 - [MESSAGE][INFO] - Smart Wait Function is triggered

2021-10-14 17:03:00 - [MESSAGE][INFO] - Found 1 web elements with id: 'Object Repository/Olusturma/Genel/AliciBilgisi/Tamam_Butonu' located by 'By.xpath: //div[@id='btnSelectCustomer_CD']/span' in '10' second(s)

2021-10-14 17:03:00 - [MESSAGE][PASSED] - Object 'Object Repository/Olusturma/Genel/AliciBilgisi/Tamam_Butonu' is clickable

2021-10-14 17:03:00 - [MESSAGE][INFO] - Switching to default content

2021-10-14 17:03:00 - [TEST_STEP][PASSED] - click(findTestObject("Olusturma/Genel/AliciBilgisi/Tamam_Butonu")): Switching to default content

2021-10-14 17:03:00 - [MESSAGE][INFO] - Finding Test Object 'Object Repository/Olusturma/Genel/AliciBilgisi/Tamam_Butonu'

2021-10-14 17:03:00 - [MESSAGE][INFO] - Finding Test Object 'Object Repository/Olusturma/Genel/AliciBilgisi/Alici_Bilgisi'

2021-10-14 17:03:00 - [MESSAGE][INFO] - Checking object

2021-10-14 17:03:00 - [MESSAGE][INFO] - Object: 'Object Repository/Olusturma/Genel/AliciBilgisi/Tamam_Butonu' has parent object(s)

2021-10-14 17:03:00 - [MESSAGE][INFO] - Switching to iframe: 'Object Repository/Olusturma/Genel/AliciBilgisi/Alici_Bilgisi'

2021-10-14 17:03:00 - [MESSAGE][INFO] - Finding web element from Test Object's properties

2021-10-14 17:03:00 - [MESSAGE][INFO] - Checking timeout

2021-10-14 17:03:00 - [MESSAGE][INFO] - Finding web element with id: 'Object Repository/Olusturma/Genel/AliciBilgisi/Alici_Bilgisi' located by 'By.xpath: //iframe[@id='customerselectiframe']' in '30' second(s)

2021-10-14 17:03:00 - [MESSAGE][INFO] - Smart Wait Function is triggered

2021-10-14 17:03:00 - [MESSAGE][INFO] - Found 1 web elements with id: 'Object Repository/Olusturma/Genel/AliciBilgisi/Alici_Bilgisi' located by 'By.xpath: //iframe[@id='customerselectiframe']' in '30' second(s)

2021-10-14 17:03:00 - [MESSAGE][INFO] - Switched to iframe: 'Object Repository/Olusturma/Genel/AliciBilgisi/Alici_Bilgisi'

2021-10-14 17:03:00 - [MESSAGE][INFO] - Finding web element from Test Object's properties

2021-10-14 17:03:00 - [MESSAGE][INFO] - Checking timeout

2021-10-14 17:03:00 - [MESSAGE][INFO] - Finding web element with id: 'Object Repository/Olusturma/Genel/AliciBilgisi/Tamam_Butonu' located by 'By.xpath: //div[@id='btnSelectCustomer_CD']/span' in '30' second(s)

2021-10-14 17:03:00 - [MESSAGE][INFO] - Smart Wait Function is triggered

2021-10-14 17:03:00 - [MESSAGE][INFO] - Found 1 web elements with id: 'Object Repository/Olusturma/Genel/AliciBilgisi/Tamam_Butonu' located by 'By.xpath: //div[@id='btnSelectCustomer_CD']/span' in '30' second(s)

2021-10-14 17:03:00 - [MESSAGE][INFO] - Clicking on object: 'Object Repository/Olusturma/Genel/AliciBilgisi/Tamam_Butonu'

2021-10-14 17:03:01 - [MESSAGE][PASSED] - Object: 'Object Repository/Olusturma/Genel/AliciBilgisi/Tamam_Butonu' is clicked on

2021-10-14 17:03:01 - [MESSAGE][INFO] - Switching to default content

2021-10-14 17:03:01 - [TEST_STEP][PASSED] - waitForElementPresent(findTestObject("Olusturma/Genel/AliciBilgisi/VKN-TCKN"), 10): Object 'Object Repository/Olusturma/Genel/AliciBilgisi/VKN-TCKN' is present

2021-10-14 17:03:01 - [MESSAGE][INFO] - Finding Test Object 'Object Repository/Olusturma/Genel/AliciBilgisi/VKN-TCKN'

2021-10-14 17:03:01 - [MESSAGE][INFO] - Checking object

2021-10-14 17:03:01 - [MESSAGE][INFO] - Finding web element from Test Object's properties

2021-10-14 17:03:01 - [MESSAGE][INFO] - Checking timeout

2021-10-14 17:03:01 - [MESSAGE][INFO] - Finding web element with id: 'Object Repository/Olusturma/Genel/AliciBilgisi/VKN-TCKN' located by 'By.xpath: //*[@id = 'txtVknTckn_I']' in '10' second(s)

2021-10-14 17:03:01 - [MESSAGE][INFO] - Smart Wait Function is triggered

2021-10-14 17:03:01 - [MESSAGE][INFO] - Found 1 web elements with id: 'Object Repository/Olusturma/Genel/AliciBilgisi/VKN-TCKN' located by 'By.xpath: //*[@id = 'txtVknTckn_I']' in '10' second(s)

2021-10-14 17:03:01 - [MESSAGE][PASSED] - Object 'Object Repository/Olusturma/Genel/AliciBilgisi/VKN-TCKN' is present

2021-10-14 17:03:01 - [TEST_STEP][PASSED] - text = getAttribute(findTestObject("Olusturma/Genel/AliciBilgisi/VKN-TCKN"), "value"): Attribute 'value' of object 'Object Repository/Olusturma/Genel/AliciBilgisi/VKN-TCKN' is: '5328787885'

2021-10-14 17:03:01 - [MESSAGE][INFO] - Finding Test Object 'Object Repository/Olusturma/Genel/AliciBilgisi/VKN-TCKN'

2021-10-14 17:03:01 - [MESSAGE][INFO] - Checking object

2021-10-14 17:03:01 - [MESSAGE][INFO] - Checking attribute

2021-10-14 17:03:01 - [MESSAGE][INFO] - Finding web element from Test Object's properties

2021-10-14 17:03:01 - [MESSAGE][INFO] - Checking timeout

2021-10-14 17:03:01 - [MESSAGE][INFO] - Finding web element with id: 'Object Repository/Olusturma/Genel/AliciBilgisi/VKN-TCKN' located by 'By.xpath: //*[@id = 'txtVknTckn_I']' in '30' second(s)

2021-10-14 17:03:01 - [MESSAGE][INFO] - Smart Wait Function is triggered

2021-10-14 17:03:02 - [MESSAGE][INFO] - Found 1 web elements with id: 'Object Repository/Olusturma/Genel/AliciBilgisi/VKN-TCKN' located by 'By.xpath: //*[@id = 'txtVknTckn_I']' in '30' second(s)

2021-10-14 17:03:02 - [MESSAGE][INFO] - Getting attribute 'value' of object 'Object Repository/Olusturma/Genel/AliciBilgisi/VKN-TCKN'

2021-10-14 17:03:02 - [MESSAGE][PASSED] - Attribute 'value' of object 'Object Repository/Olusturma/Genel/AliciBilgisi/VKN-TCKN' is: '5328787885'

2021-10-14 17:03:02 - [TEST_STEP][PASSED] - if (text.equals("")): null

2021-10-14 17:03:02 - [MESSAGE][PASSED] - Call Test Case 'Test Cases/Olusturma/Genel/AliciSecilir' successfully

2021-10-14 17:03:02 - [MESSAGE][INFO] - Checking called Test Case

2021-10-14 17:03:02 - [MESSAGE][INFO] - Starting to call Test Case 'Test Cases/Olusturma/Genel/SenaryoSecilir'

2021-10-14 17:03:02 - [TEST_CASE][PASSED] - Test Cases/Olusturma/Genel/SenaryoSecilir: Test Cases/Olusturma/Genel/SenaryoSecilir

2021-10-14 17:03:02 - [TEST_STEP][PASSED] - waitForElementClickable(findTestObject("Olusturma/Genel/SenaryoSecilir/Senaryo"), 10): Object 'Object Repository/Olusturma/Genel/SenaryoSecilir/Senaryo' is clickable

2021-10-14 17:03:02 - [MESSAGE][INFO] - Finding Test Object 'Object Repository/Olusturma/Genel/SenaryoSecilir/Senaryo'

2021-10-14 17:03:02 - [MESSAGE][INFO] - Checking object

2021-10-14 17:03:02 - [MESSAGE][INFO] - Checking timeout

2021-10-14 17:03:02 - [MESSAGE][INFO] - Finding web element from Test Object's properties

2021-10-14 17:03:02 - [MESSAGE][INFO] - Checking timeout

2021-10-14 17:03:02 - [MESSAGE][INFO] - Finding web element with id: 'Object Repository/Olusturma/Genel/SenaryoSecilir/Senaryo' located by 'By.xpath: //*[@id = 'ProfileId_I']' in '10' second(s)

2021-10-14 17:03:02 - [MESSAGE][INFO] - Smart Wait Function is triggered

2021-10-14 17:03:03 - [MESSAGE][INFO] - Found 1 web elements with id: 'Object Repository/Olusturma/Genel/SenaryoSecilir/Senaryo' located by 'By.xpath: //*[@id = 'ProfileId_I']' in '10' second(s)

2021-10-14 17:03:03 - [MESSAGE][PASSED] - Object 'Object Repository/Olusturma/Genel/SenaryoSecilir/Senaryo' is clickable

2021-10-14 17:03:03 - [TEST_STEP][PASSED] - click(findTestObject("Olusturma/Genel/SenaryoSecilir/Senaryo")): Object: 'Object Repository/Olusturma/Genel/SenaryoSecilir/Senaryo' is clicked on

2021-10-14 17:03:03 - [MESSAGE][INFO] - Finding Test Object 'Object Repository/Olusturma/Genel/SenaryoSecilir/Senaryo'

2021-10-14 17:03:03 - [MESSAGE][INFO] - Checking object

2021-10-14 17:03:03 - [MESSAGE][INFO] - Finding web element from Test Object's properties

2021-10-14 17:03:03 - [MESSAGE][INFO] - Checking timeout

2021-10-14 17:03:03 - [MESSAGE][INFO] - Finding web element with id: 'Object Repository/Olusturma/Genel/SenaryoSecilir/Senaryo' located by 'By.xpath: //*[@id = 'ProfileId_I']' in '30' second(s)

2021-10-14 17:03:03 - [MESSAGE][INFO] - Smart Wait Function is triggered

2021-10-14 17:03:03 - [MESSAGE][INFO] - Found 1 web elements with id: 'Object Repository/Olusturma/Genel/SenaryoSecilir/Senaryo' located by 'By.xpath: //*[@id = 'ProfileId_I']' in '30' second(s)

2021-10-14 17:03:03 - [MESSAGE][INFO] - Clicking on object: 'Object Repository/Olusturma/Genel/SenaryoSecilir/Senaryo'

2021-10-14 17:03:03 - [MESSAGE][PASSED] - Object: 'Object Repository/Olusturma/Genel/SenaryoSecilir/Senaryo' is clicked on

2021-10-14 17:03:03 - [TEST_STEP][PASSED] - Method.TextDegerineEsitElementeTikla(findTestObject("Olusturma/Genel/SenaryoSecilir/Senaryo_Adi"), Tur): Method.TextDegerineEsitElementeTikla is PASSED

2021-10-14 17:03:03 - [MESSAGE][INFO] - Finding Test Object 'Object Repository/Olusturma/Genel/SenaryoSecilir/Senaryo_Adi'

2021-10-14 17:03:04 - [MESSAGE][INFO] - Checking timeout

2021-10-14 17:03:04 - [MESSAGE][INFO] - Finding web element with id: 'Object Repository/Olusturma/Genel/SenaryoSecilir/Senaryo_Adi' located by 'By.cssSelector: #ProfileId_DDD_L_LBT td' in '10' second(s)

2021-10-14 17:03:04 - [MESSAGE][INFO] - Smart Wait Function is triggered

2021-10-14 17:03:04 - [MESSAGE][INFO] - Found 6 web elements with id: 'Object Repository/Olusturma/Genel/SenaryoSecilir/Senaryo_Adi' located by 'By.cssSelector: #ProfileId_DDD_L_LBT td' in '10' second(s)

2021-10-14 17:03:04 - [MESSAGE][PASSED] - Method.TextDegerineEsitElementeTikla is PASSED

2021-10-14 17:03:04 - [MESSAGE][PASSED] - Call Test Case 'Test Cases/Olusturma/Genel/SenaryoSecilir' successfully

2021-10-14 17:03:04 - [MESSAGE][INFO] - Checking called Test Case

2021-10-14 17:03:04 - [MESSAGE][INFO] - Starting to call Test Case 'Test Cases/Olusturma/Genel/TipSecilir'

2021-10-14 17:03:04 - [TEST_CASE][PASSED] - Test Cases/Olusturma/Genel/TipSecilir: Test Cases/Olusturma/Genel/TipSecilir

2021-10-14 17:03:05 - [TEST_STEP][PASSED] - waitForElementClickable(findTestObject("Olusturma/Genel/TipSecilir/Tip"), 10): Object 'Object Repository/Olusturma/Genel/TipSecilir/Tip' is clickable

2021-10-14 17:03:05 - [MESSAGE][INFO] - Finding Test Object 'Object Repository/Olusturma/Genel/TipSecilir/Tip'

2021-10-14 17:03:05 - [MESSAGE][INFO] - Checking object

2021-10-14 17:03:05 - [MESSAGE][INFO] - Checking timeout

2021-10-14 17:03:05 - [MESSAGE][INFO] - Finding web element from Test Object's properties

2021-10-14 17:03:05 - [MESSAGE][INFO] - Checking timeout

2021-10-14 17:03:05 - [MESSAGE][INFO] - Finding web element with id: 'Object Repository/Olusturma/Genel/TipSecilir/Tip' located by 'By.xpath: //*[@id = 'DocumentTypeCode_I']' in '10' second(s)

2021-10-14 17:03:05 - [MESSAGE][INFO] - Smart Wait Function is triggered

2021-10-14 17:03:06 - [MESSAGE][INFO] - Found 1 web elements with id: 'Object Repository/Olusturma/Genel/TipSecilir/Tip' located by 'By.xpath: //*[@id = 'DocumentTypeCode_I']' in '10' second(s)

2021-10-14 17:03:06 - [MESSAGE][PASSED] - Object 'Object Repository/Olusturma/Genel/TipSecilir/Tip' is clickable

2021-10-14 17:03:06 - [TEST_STEP][PASSED] - click(findTestObject("Olusturma/Genel/TipSecilir/Tip")): Object: 'Object Repository/Olusturma/Genel/TipSecilir/Tip' is clicked on

2021-10-14 17:03:06 - [MESSAGE][INFO] - Finding Test Object 'Object Repository/Olusturma/Genel/TipSecilir/Tip'

2021-10-14 17:03:06 - [MESSAGE][INFO] - Checking object

2021-10-14 17:03:06 - [MESSAGE][INFO] - Finding web element from Test Object's properties

2021-10-14 17:03:06 - [MESSAGE][INFO] - Checking timeout

2021-10-14 17:03:06 - [MESSAGE][INFO] - Finding web element with id: 'Object Repository/Olusturma/Genel/TipSecilir/Tip' located by 'By.xpath: //*[@id = 'DocumentTypeCode_I']' in '30' second(s)

2021-10-14 17:03:06 - [MESSAGE][INFO] - Smart Wait Function is triggered

2021-10-14 17:03:06 - [MESSAGE][INFO] - Found 1 web elements with id: 'Object Repository/Olusturma/Genel/TipSecilir/Tip' located by 'By.xpath: //*[@id = 'DocumentTypeCode_I']' in '30' second(s)

2021-10-14 17:03:06 - [MESSAGE][INFO] - Clicking on object: 'Object Repository/Olusturma/Genel/TipSecilir/Tip'

2021-10-14 17:03:06 - [MESSAGE][PASSED] - Object: 'Object Repository/Olusturma/Genel/TipSecilir/Tip' is clicked on

2021-10-14 17:03:06 - [TEST_STEP][PASSED] - Method.TextDegerineEsitElementeTikla(findTestObject("Object Repository/Olusturma/Genel/TipSecilir/Tip_Adi"), Tip): Method.TextDegerineEsitElementeTikla is PASSED

2021-10-14 17:03:06 - [MESSAGE][INFO] - Finding Test Object 'Object Repository/Olusturma/Genel/TipSecilir/Tip_Adi'

2021-10-14 17:03:06 - [MESSAGE][INFO] - Checking timeout

2021-10-14 17:03:06 - [MESSAGE][INFO] - Finding web element with id: 'Object Repository/Olusturma/Genel/TipSecilir/Tip_Adi' located by 'By.cssSelector: #DocumentTypeCode_DDD_L_LBT td' in '10' second(s)

2021-10-14 17:03:06 - [MESSAGE][INFO] - Smart Wait Function is triggered

2021-10-14 17:03:07 - [MESSAGE][INFO] - Found 8 web elements with id: 'Object Repository/Olusturma/Genel/TipSecilir/Tip_Adi' located by 'By.cssSelector: #DocumentTypeCode_DDD_L_LBT td' in '10' second(s)

2021-10-14 17:03:07 - [MESSAGE][PASSED] - Method.TextDegerineEsitElementeTikla is PASSED

2021-10-14 17:03:07 - [MESSAGE][PASSED] - Call Test Case 'Test Cases/Olusturma/Genel/TipSecilir' successfully

2021-10-14 17:03:07 - [MESSAGE][INFO] - Checking called Test Case

2021-10-14 17:03:07 - [MESSAGE][INFO] - Starting to call Test Case 'Test Cases/Olusturma/Genel/EkleButonunaBasilir'

2021-10-14 17:03:07 - [TEST_CASE][PASSED] - Test Cases/Olusturma/Genel/EkleButonunaBasilir: Test Cases/Olusturma/Genel/EkleButonunaBasilir

2021-10-14 17:03:07 - [TEST_STEP][PASSED] - waitForElementClickable(findTestObject("Object Repository/Olusturma/Genel/Olusturma/Ekle"), 10): Object 'Object Repository/Olusturma/Genel/Olusturma/Ekle' is clickable

2021-10-14 17:03:07 - [MESSAGE][INFO] - Finding Test Object 'Object Repository/Olusturma/Genel/Olusturma/Ekle'

2021-10-14 17:03:07 - [MESSAGE][INFO] - Checking object

2021-10-14 17:03:07 - [MESSAGE][INFO] - Checking timeout

2021-10-14 17:03:07 - [MESSAGE][INFO] - Finding web element from Test Object's properties

2021-10-14 17:03:07 - [MESSAGE][INFO] - Checking timeout

2021-10-14 17:03:07 - [MESSAGE][INFO] - Finding web element with id: 'Object Repository/Olusturma/Genel/Olusturma/Ekle' located by 'By.cssSelector: #divmalhizmet i.fa.fa-plus.fa-lg.text-muted' in '10' second(s)

2021-10-14 17:03:07 - [MESSAGE][INFO] - Smart Wait Function is triggered

2021-10-14 17:03:08 - [MESSAGE][INFO] - Found 1 web elements with id: 'Object Repository/Olusturma/Genel/Olusturma/Ekle' located by 'By.cssSelector: #divmalhizmet i.fa.fa-plus.fa-lg.text-muted' in '10' second(s)

2021-10-14 17:03:08 - [MESSAGE][PASSED] - Object 'Object Repository/Olusturma/Genel/Olusturma/Ekle' is clickable

2021-10-14 17:03:08 - [TEST_STEP][PASSED] - click(findTestObject("Object Repository/Olusturma/Genel/Olusturma/Ekle")): Object: 'Object Repository/Olusturma/Genel/Olusturma/Ekle' is clicked on

2021-10-14 17:03:08 - [MESSAGE][INFO] - Finding Test Object 'Object Repository/Olusturma/Genel/Olusturma/Ekle'

2021-10-14 17:03:08 - [MESSAGE][INFO] - Checking object

2021-10-14 17:03:08 - [MESSAGE][INFO] - Finding web element from Test Object's properties

2021-10-14 17:03:08 - [MESSAGE][INFO] - Checking timeout

2021-10-14 17:03:08 - [MESSAGE][INFO] - Finding web element with id: 'Object Repository/Olusturma/Genel/Olusturma/Ekle' located by 'By.cssSelector: #divmalhizmet i.fa.fa-plus.fa-lg.text-muted' in '30' second(s)

2021-10-14 17:03:08 - [MESSAGE][INFO] - Smart Wait Function is triggered

2021-10-14 17:03:08 - [MESSAGE][INFO] - Found 1 web elements with id: 'Object Repository/Olusturma/Genel/Olusturma/Ekle' located by 'By.cssSelector: #divmalhizmet i.fa.fa-plus.fa-lg.text-muted' in '30' second(s)

2021-10-14 17:03:08 - [MESSAGE][INFO] - Clicking on object: 'Object Repository/Olusturma/Genel/Olusturma/Ekle'

2021-10-14 17:03:08 - [MESSAGE][PASSED] - Object: 'Object Repository/Olusturma/Genel/Olusturma/Ekle' is clicked on

2021-10-14 17:03:08 - [TEST_STEP][PASSED] - waitForElementClickable(findTestObject("Olusturma/Genel/Olusturma/EklenenSatirCarpiImage"), 10): Object 'Object Repository/Olusturma/Genel/Olusturma/EklenenSatirCarpiImage' is clickable

2021-10-14 17:03:08 - [MESSAGE][INFO] - Finding Test Object 'Object Repository/Olusturma/Genel/Olusturma/EklenenSatirCarpiImage'

2021-10-14 17:03:08 - [MESSAGE][INFO] - Checking object

2021-10-14 17:03:08 - [MESSAGE][INFO] - Checking timeout

2021-10-14 17:03:08 - [MESSAGE][INFO] - Finding web element from Test Object's properties

2021-10-14 17:03:08 - [MESSAGE][INFO] - Checking timeout

2021-10-14 17:03:08 - [MESSAGE][INFO] - Finding web element with id: 'Object Repository/Olusturma/Genel/Olusturma/EklenenSatirCarpiImage' located by 'By.cssSelector: .fa.fa-times.fa-lg.text-primary' in '10' second(s)

2021-10-14 17:03:08 - [MESSAGE][INFO] - Smart Wait Function is triggered

2021-10-14 17:03:09 - [MESSAGE][INFO] - Smart Wait Function is triggered

2021-10-14 17:03:10 - [MESSAGE][INFO] - Found 1 web elements with id: 'Object Repository/Olusturma/Genel/Olusturma/EklenenSatirCarpiImage' located by 'By.cssSelector: .fa.fa-times.fa-lg.text-primary' in '10' second(s)

2021-10-14 17:03:10 - [MESSAGE][PASSED] - Object 'Object Repository/Olusturma/Genel/Olusturma/EklenenSatirCarpiImage' is clickable

2021-10-14 17:03:10 - [MESSAGE][PASSED] - Call Test Case 'Test Cases/Olusturma/Genel/EkleButonunaBasilir' successfully

2021-10-14 17:03:10 - [MESSAGE][INFO] - Checking called Test Case

2021-10-14 17:03:10 - [MESSAGE][INFO] - Starting to call Test Case 'Test Cases/Olusturma/Genel/Olusturma'

2021-10-14 17:03:10 - [TEST_CASE][PASSED] - Test Cases/Olusturma/Genel/Olusturma: Test Cases/Olusturma/Genel/Olusturma

2021-10-14 17:03:11 - [TEST_STEP][PASSED] - driver = getWebDriver(): null

2021-10-14 17:03:11 - [TEST_STEP][PASSED] - action = new org.openqa.selenium.interactions.Actions(driver): null

2021-10-14 17:03:11 - [TEST_STEP][PASSED] - baslikElement = <not implemented yet for class: org.codehaus.groovy.ast.expr.EmptyExpression>: null

2021-10-14 17:03:11 - [TEST_STEP][PASSED] - sonElement = <not implemented yet for class: org.codehaus.groovy.ast.expr.EmptyExpression>: null

2021-10-14 17:03:11 - [TEST_STEP][PASSED] - attr = <not implemented yet for class: org.codehaus.groovy.ast.expr.EmptyExpression>: null

2021-10-14 17:03:11 - [TEST_STEP][PASSED] - a = 0: null

2021-10-14 17:03:11 - [TEST_STEP][PASSED] - elements = findWebElements(findTestObject("Object Repository/Olusturma/Genel/Olusturma/TabloBasliklari"), 10): Found 13 web elements with id: 'Object Repository/Olusturma/Genel/Olusturma/TabloBasliklari' located by 'By.cssSelector: div#divmalhizmet .dxgvTable_LECustomTheme td.dxgvHeader_LECustomTheme tr>td:nth-child(1)' in '10' second(s)

2021-10-14 17:03:11 - [MESSAGE][INFO] - Finding Test Object 'Object Repository/Olusturma/Genel/Olusturma/TabloBasliklari'

2021-10-14 17:03:11 - [MESSAGE][INFO] - Checking timeout

2021-10-14 17:03:11 - [MESSAGE][INFO] - Finding web element with id: 'Object Repository/Olusturma/Genel/Olusturma/TabloBasliklari' located by 'By.cssSelector: div#divmalhizmet .dxgvTable_LECustomTheme td.dxgvHeader_LECustomTheme tr>td:nth-child(1)' in '10' second(s)

2021-10-14 17:03:11 - [MESSAGE][INFO] - Smart Wait Function is triggered

2021-10-14 17:03:11 - [MESSAGE][INFO] - Found 13 web elements with id: 'Object Repository/Olusturma/Genel/Olusturma/TabloBasliklari' located by 'By.cssSelector: div#divmalhizmet .dxgvTable_LECustomTheme td.dxgvHeader_LECustomTheme tr>td:nth-child(1)' in '10' second(s)

2021-10-14 17:03:11 - [TEST_STEP][PASSED] - for (def element : elements): null

2021-10-14 17:03:11 - [TEST_STEP][PASSED] - build().perform(): null

2021-10-14 17:03:11 - [TEST_STEP][PASSED] - if (getText().equals(Baslik)): null

2021-10-14 17:03:11 - [TEST_STEP][PASSED] - baslikElement = element.findElement(By.xpath("../../../..")): Smart Wait Function is triggered

2021-10-14 17:03:11 - [MESSAGE][INFO] - Smart Wait Function is triggered

2021-10-14 17:03:12 - [TEST_STEP][PASSED] - attr = baslikElement.getAttribute("id"): null

2021-10-14 17:03:12 - [TEST_STEP][PASSED] - println("girdi ve idsini aldı = " + attr): null

2021-10-14 17:03:12 - [TEST_STEP][PASSED] - break: null

2021-10-14 17:03:12 - [TEST_STEP][PASSED] - countElement = baslikElement.findElements(By.xpath("../td")): Smart Wait Function is triggered

2021-10-14 17:03:12 - [MESSAGE][INFO] - Smart Wait Function is triggered

2021-10-14 17:03:12 - [TEST_STEP][PASSED] - for (def element : countElement): null

2021-10-14 17:03:12 - [TEST_STEP][PASSED] - if (toString().equals(attr.toString())): null

2021-10-14 17:03:12 - [TEST_STEP][PASSED] - (a++): null

2021-10-14 17:03:12 - [TEST_STEP][PASSED] - if (toString().equals(attr.toString())): null

2021-10-14 17:03:12 - [TEST_STEP][PASSED] - break: null

2021-10-14 17:03:12 - [TEST_STEP][PASSED] - son = findWebElement(findTestObject("Object Repository/Olusturma/Genel/Olusturma/EklenenSatir")).findElement(By.xpath("td[@class='dxgvInlineEditCell_LECustomTheme dxgv'][" + a + "]//td[@class='dxic']/input")): Smart Wait Function is triggered

2021-10-14 17:03:12 - [MESSAGE][INFO] - Finding Test Object 'Object Repository/Olusturma/Genel/Olusturma/EklenenSatir'

2021-10-14 17:03:12 - [MESSAGE][INFO] - Finding web element from Test Object's properties

2021-10-14 17:03:12 - [MESSAGE][INFO] - Checking timeout

2021-10-14 17:03:12 - [MESSAGE][INFO] - Finding web element with id: 'Object Repository/Olusturma/Genel/Olusturma/EklenenSatir' located by 'By.cssSelector: #divmalhizmet .dxgvInlineEditRow_LECustomTheme' in '30' second(s)

2021-10-14 17:03:12 - [MESSAGE][INFO] - Smart Wait Function is triggered

2021-10-14 17:03:12 - [MESSAGE][INFO] - Found 1 web elements with id: 'Object Repository/Olusturma/Genel/Olusturma/EklenenSatir' located by 'By.cssSelector: #divmalhizmet .dxgvInlineEditRow_LECustomTheme' in '30' second(s)

2021-10-14 17:03:12 - [MESSAGE][INFO] - Smart Wait Function is triggered

2021-10-14 17:03:13 - [TEST_STEP][PASSED] - if (!(getAttribute("value").contains("Vkn"))): null

2021-10-14 17:03:13 - [TEST_STEP][PASSED] - son.clear(): null

2021-10-14 17:03:13 - [TEST_STEP][PASSED] - son.sendKeys(Deger): null

2021-10-14 17:03:13 - [MESSAGE][PASSED] - Call Test Case 'Test Cases/Olusturma/Genel/Olusturma' successfully

2021-10-14 17:03:13 - [MESSAGE][INFO] - Checking called Test Case

2021-10-14 17:03:13 - [MESSAGE][INFO] - Starting to call Test Case 'Test Cases/Olusturma/Genel/Olusturma'

2021-10-14 17:03:13 - [TEST_CASE][PASSED] - Test Cases/Olusturma/Genel/Olusturma: Test Cases/Olusturma/Genel/Olusturma

2021-10-14 17:03:13 - [TEST_STEP][PASSED] - driver = getWebDriver(): null

2021-10-14 17:03:13 - [TEST_STEP][PASSED] - action = new org.openqa.selenium.interactions.Actions(driver): null

2021-10-14 17:03:13 - [TEST_STEP][PASSED] - baslikElement = <not implemented yet for class: org.codehaus.groovy.ast.expr.EmptyExpression>: null

2021-10-14 17:03:13 - [TEST_STEP][PASSED] - sonElement = <not implemented yet for class: org.codehaus.groovy.ast.expr.EmptyExpression>: null

2021-10-14 17:03:13 - [TEST_STEP][PASSED] - attr = <not implemented yet for class: org.codehaus.groovy.ast.expr.EmptyExpression>: null

2021-10-14 17:03:13 - [TEST_STEP][PASSED] - a = 0: null

2021-10-14 17:03:13 - [TEST_STEP][PASSED] - elements = findWebElements(findTestObject("Object Repository/Olusturma/Genel/Olusturma/TabloBasliklari"), 10): Found 13 web elements with id: 'Object Repository/Olusturma/Genel/Olusturma/TabloBasliklari' located by 'By.cssSelector: div#divmalhizmet .dxgvTable_LECustomTheme td.dxgvHeader_LECustomTheme tr>td:nth-child(1)' in '10' second(s)

2021-10-14 17:03:13 - [MESSAGE][INFO] - Finding Test Object 'Object Repository/Olusturma/Genel/Olusturma/TabloBasliklari'

2021-10-14 17:03:13 - [MESSAGE][INFO] - Checking timeout

2021-10-14 17:03:13 - [MESSAGE][INFO] - Finding web element with id: 'Object Repository/Olusturma/Genel/Olusturma/TabloBasliklari' located by 'By.cssSelector: div#divmalhizmet .dxgvTable_LECustomTheme td.dxgvHeader_LECustomTheme tr>td:nth-child(1)' in '10' second(s)

2021-10-14 17:03:13 - [MESSAGE][INFO] - Smart Wait Function is triggered

2021-10-14 17:03:13 - [MESSAGE][INFO] - Found 13 web elements with id: 'Object Repository/Olusturma/Genel/Olusturma/TabloBasliklari' located by 'By.cssSelector: div#divmalhizmet .dxgvTable_LECustomTheme td.dxgvHeader_LECustomTheme tr>td:nth-child(1)' in '10' second(s)

2021-10-14 17:03:13 - [TEST_STEP][PASSED] - for (def element : elements): null

2021-10-14 17:03:13 - [TEST_STEP][PASSED] - build().perform(): null

2021-10-14 17:03:13 - [TEST_STEP][PASSED] - if (getText().equals(Baslik)): null

2021-10-14 17:03:13 - [TEST_STEP][PASSED] - build().perform(): null

2021-10-14 17:03:14 - [TEST_STEP][PASSED] - if (getText().equals(Baslik)): null

2021-10-14 17:03:14 - [TEST_STEP][PASSED] - baslikElement = element.findElement(By.xpath("../../../..")): Smart Wait Function is triggered

2021-10-14 17:03:14 - [MESSAGE][INFO] - Smart Wait Function is triggered

2021-10-14 17:03:14 - [TEST_STEP][PASSED] - attr = baslikElement.getAttribute("id"): null

2021-10-14 17:03:14 - [TEST_STEP][PASSED] - println("girdi ve idsini aldı = " + attr): null

2021-10-14 17:03:14 - [TEST_STEP][PASSED] - break: null

2021-10-14 17:03:14 - [TEST_STEP][PASSED] - countElement = baslikElement.findElements(By.xpath("../td")): Smart Wait Function is triggered

2021-10-14 17:03:14 - [MESSAGE][INFO] - Smart Wait Function is triggered

2021-10-14 17:03:14 - [TEST_STEP][PASSED] - for (def element : countElement): null

2021-10-14 17:03:14 - [TEST_STEP][PASSED] - if (toString().equals(attr.toString())): null

2021-10-14 17:03:14 - [TEST_STEP][PASSED] - (a++): null

2021-10-14 17:03:14 - [TEST_STEP][PASSED] - if (toString().equals(attr.toString())): null

2021-10-14 17:03:14 - [TEST_STEP][PASSED] - (a++): null

2021-10-14 17:03:14 - [TEST_STEP][PASSED] - if (toString().equals(attr.toString())): null

2021-10-14 17:03:14 - [TEST_STEP][PASSED] - break: null

2021-10-14 17:03:14 - [TEST_STEP][PASSED] - son = findWebElement(findTestObject("Object Repository/Olusturma/Genel/Olusturma/EklenenSatir")).findElement(By.xpath("td[@class='dxgvInlineEditCell_LECustomTheme dxgv'][" + a + "]//td[@class='dxic']/input")): Smart Wait Function is triggered

2021-10-14 17:03:14 - [MESSAGE][INFO] - Finding Test Object 'Object Repository/Olusturma/Genel/Olusturma/EklenenSatir'

2021-10-14 17:03:14 - [MESSAGE][INFO] - Finding web element from Test Object's properties

2021-10-14 17:03:14 - [MESSAGE][INFO] - Checking timeout

2021-10-14 17:03:14 - [MESSAGE][INFO] - Finding web element with id: 'Object Repository/Olusturma/Genel/Olusturma/EklenenSatir' located by 'By.cssSelector: #divmalhizmet .dxgvInlineEditRow_LECustomTheme' in '30' second(s)

2021-10-14 17:03:14 - [MESSAGE][INFO] - Smart Wait Function is triggered

2021-10-14 17:03:15 - [MESSAGE][INFO] - Found 1 web elements with id: 'Object Repository/Olusturma/Genel/Olusturma/EklenenSatir' located by 'By.cssSelector: #divmalhizmet .dxgvInlineEditRow_LECustomTheme' in '30' second(s)

2021-10-14 17:03:15 - [MESSAGE][INFO] - Smart Wait Function is triggered

2021-10-14 17:03:15 - [TEST_STEP][PASSED] - if (!(getAttribute("value").contains("Vkn"))): null

2021-10-14 17:03:15 - [TEST_STEP][PASSED] - son.clear(): null

2021-10-14 17:03:15 - [TEST_STEP][PASSED] - son.sendKeys(Deger): null

2021-10-14 17:03:15 - [MESSAGE][PASSED] - Call Test Case 'Test Cases/Olusturma/Genel/Olusturma' successfully

2021-10-14 17:03:15 - [MESSAGE][INFO] - Checking called Test Case

2021-10-14 17:03:15 - [MESSAGE][INFO] - Starting to call Test Case 'Test Cases/Olusturma/Genel/Olusturma'

2021-10-14 17:03:15 - [TEST_CASE][PASSED] - Test Cases/Olusturma/Genel/Olusturma: Test Cases/Olusturma/Genel/Olusturma

2021-10-14 17:03:15 - [TEST_STEP][PASSED] - driver = getWebDriver(): null

2021-10-14 17:03:15 - [TEST_STEP][PASSED] - action = new org.openqa.selenium.interactions.Actions(driver): null

2021-10-14 17:03:15 - [TEST_STEP][PASSED] - baslikElement = <not implemented yet for class: org.codehaus.groovy.ast.expr.EmptyExpression>: null

2021-10-14 17:03:15 - [TEST_STEP][PASSED] - sonElement = <not implemented yet for class: org.codehaus.groovy.ast.expr.EmptyExpression>: null

2021-10-14 17:03:15 - [TEST_STEP][PASSED] - attr = <not implemented yet for class: org.codehaus.groovy.ast.expr.EmptyExpression>: null

2021-10-14 17:03:15 - [TEST_STEP][PASSED] - a = 0: null

2021-10-14 17:03:15 - [TEST_STEP][PASSED] - elements = findWebElements(findTestObject("Object Repository/Olusturma/Genel/Olusturma/TabloBasliklari"), 10): Found 13 web elements with id: 'Object Repository/Olusturma/Genel/Olusturma/TabloBasliklari' located by 'By.cssSelector: div#divmalhizmet .dxgvTable_LECustomTheme td.dxgvHeader_LECustomTheme tr>td:nth-child(1)' in '10' second(s)

2021-10-14 17:03:15 - [MESSAGE][INFO] - Finding Test Object 'Object Repository/Olusturma/Genel/Olusturma/TabloBasliklari'

2021-10-14 17:03:15 - [MESSAGE][INFO] - Checking timeout

2021-10-14 17:03:15 - [MESSAGE][INFO] - Finding web element with id: 'Object Repository/Olusturma/Genel/Olusturma/TabloBasliklari' located by 'By.cssSelector: div#divmalhizmet .dxgvTable_LECustomTheme td.dxgvHeader_LECustomTheme tr>td:nth-child(1)' in '10' second(s)

2021-10-14 17:03:15 - [MESSAGE][INFO] - Smart Wait Function is triggered

2021-10-14 17:03:16 - [MESSAGE][INFO] - Found 13 web elements with id: 'Object Repository/Olusturma/Genel/Olusturma/TabloBasliklari' located by 'By.cssSelector: div#divmalhizmet .dxgvTable_LECustomTheme td.dxgvHeader_LECustomTheme tr>td:nth-child(1)' in '10' second(s)

2021-10-14 17:03:16 - [TEST_STEP][PASSED] - for (def element : elements): null

2021-10-14 17:03:16 - [TEST_STEP][PASSED] - build().perform(): null

2021-10-14 17:03:16 - [TEST_STEP][PASSED] - if (getText().equals(Baslik)): null

2021-10-14 17:03:16 - [TEST_STEP][PASSED] - build().perform(): null

2021-10-14 17:03:16 - [TEST_STEP][PASSED] - if (getText().equals(Baslik)): null

2021-10-14 17:03:16 - [TEST_STEP][PASSED] - build().perform(): null

2021-10-14 17:03:16 - [TEST_STEP][PASSED] - if (getText().equals(Baslik)): null

2021-10-14 17:03:16 - [TEST_STEP][PASSED] - build().perform(): null

2021-10-14 17:03:16 - [TEST_STEP][PASSED] - if (getText().equals(Baslik)): null

2021-10-14 17:03:16 - [TEST_STEP][PASSED] - baslikElement = element.findElement(By.xpath("../../../..")): Smart Wait Function is triggered

2021-10-14 17:03:16 - [MESSAGE][INFO] - Smart Wait Function is triggered

2021-10-14 17:03:17 - [TEST_STEP][PASSED] - attr = baslikElement.getAttribute("id"): null

2021-10-14 17:03:17 - [TEST_STEP][PASSED] - println("girdi ve idsini aldı = " + attr): null

2021-10-14 17:03:17 - [TEST_STEP][PASSED] - break: null

2021-10-14 17:03:17 - [TEST_STEP][PASSED] - countElement = baslikElement.findElements(By.xpath("../td")): Smart Wait Function is triggered

2021-10-14 17:03:17 - [MESSAGE][INFO] - Smart Wait Function is triggered

2021-10-14 17:03:17 - [TEST_STEP][PASSED] - for (def element : countElement): null

2021-10-14 17:03:17 - [TEST_STEP][PASSED] - if (toString().equals(attr.toString())): null

2021-10-14 17:03:17 - [TEST_STEP][PASSED] - (a++): null

2021-10-14 17:03:17 - [TEST_STEP][PASSED] - if (toString().equals(attr.toString())): null

2021-10-14 17:03:17 - [TEST_STEP][PASSED] - (a++): null

2021-10-14 17:03:17 - [TEST_STEP][PASSED] - if (toString().equals(attr.toString())): null

2021-10-14 17:03:17 - [TEST_STEP][PASSED] - (a++): null

2021-10-14 17:03:17 - [TEST_STEP][PASSED] - if (toString().equals(attr.toString())): null

2021-10-14 17:03:17 - [TEST_STEP][PASSED] - (a++): null

2021-10-14 17:03:17 - [TEST_STEP][PASSED] - if (toString().equals(attr.toString())): null

2021-10-14 17:03:17 - [TEST_STEP][PASSED] - break: null

2021-10-14 17:03:17 - [TEST_STEP][PASSED] - son = findWebElement(findTestObject("Object Repository/Olusturma/Genel/Olusturma/EklenenSatir")).findElement(By.xpath("td[@class='dxgvInlineEditCell_LECustomTheme dxgv'][" + a + "]//td[@class='dxic']/input")): Smart Wait Function is triggered

2021-10-14 17:03:17 - [MESSAGE][INFO] - Finding Test Object 'Object Repository/Olusturma/Genel/Olusturma/EklenenSatir'

2021-10-14 17:03:17 - [MESSAGE][INFO] - Finding web element from Test Object's properties

2021-10-14 17:03:17 - [MESSAGE][INFO] - Checking timeout

2021-10-14 17:03:17 - [MESSAGE][INFO] - Finding web element with id: 'Object Repository/Olusturma/Genel/Olusturma/EklenenSatir' located by 'By.cssSelector: #divmalhizmet .dxgvInlineEditRow_LECustomTheme' in '30' second(s)

2021-10-14 17:03:17 - [MESSAGE][INFO] - Smart Wait Function is triggered

2021-10-14 17:03:18 - [MESSAGE][INFO] - Found 1 web elements with id: 'Object Repository/Olusturma/Genel/Olusturma/EklenenSatir' located by 'By.cssSelector: #divmalhizmet .dxgvInlineEditRow_LECustomTheme' in '30' second(s)

2021-10-14 17:03:18 - [MESSAGE][INFO] - Smart Wait Function is triggered

2021-10-14 17:03:18 - [TEST_STEP][PASSED] - if (!(getAttribute("value").contains("Vkn"))): null

2021-10-14 17:03:18 - [TEST_STEP][PASSED] - son.clear(): null

2021-10-14 17:03:18 - [TEST_STEP][PASSED] - son.sendKeys(Deger): null

2021-10-14 17:03:18 - [MESSAGE][PASSED] - Call Test Case 'Test Cases/Olusturma/Genel/Olusturma' successfully

2021-10-14 17:03:18 - [MESSAGE][INFO] - Checking called Test Case

2021-10-14 17:03:18 - [MESSAGE][INFO] - Starting to call Test Case 'Test Cases/Olusturma/Genel/Olusturma'

2021-10-14 17:03:18 - [TEST_CASE][PASSED] - Test Cases/Olusturma/Genel/Olusturma: Test Cases/Olusturma/Genel/Olusturma

2021-10-14 17:03:18 - [TEST_STEP][PASSED] - driver = getWebDriver(): null

2021-10-14 17:03:18 - [TEST_STEP][PASSED] - action = new org.openqa.selenium.interactions.Actions(driver): null

2021-10-14 17:03:18 - [TEST_STEP][PASSED] - baslikElement = <not implemented yet for class: org.codehaus.groovy.ast.expr.EmptyExpression>: null

2021-10-14 17:03:18 - [TEST_STEP][PASSED] - sonElement = <not implemented yet for class: org.codehaus.groovy.ast.expr.EmptyExpression>: null

2021-10-14 17:03:18 - [TEST_STEP][PASSED] - attr = <not implemented yet for class: org.codehaus.groovy.ast.expr.EmptyExpression>: null

2021-10-14 17:03:18 - [TEST_STEP][PASSED] - a = 0: null

2021-10-14 17:03:18 - [TEST_STEP][PASSED] - elements = findWebElements(findTestObject("Object Repository/Olusturma/Genel/Olusturma/TabloBasliklari"), 10): Found 13 web elements with id: 'Object Repository/Olusturma/Genel/Olusturma/TabloBasliklari' located by 'By.cssSelector: div#divmalhizmet .dxgvTable_LECustomTheme td.dxgvHeader_LECustomTheme tr>td:nth-child(1)' in '10' second(s)

2021-10-14 17:03:18 - [MESSAGE][INFO] - Finding Test Object 'Object Repository/Olusturma/Genel/Olusturma/TabloBasliklari'

2021-10-14 17:03:18 - [MESSAGE][INFO] - Checking timeout

2021-10-14 17:03:18 - [MESSAGE][INFO] - Finding web element with id: 'Object Repository/Olusturma/Genel/Olusturma/TabloBasliklari' located by 'By.cssSelector: div#divmalhizmet .dxgvTable_LECustomTheme td.dxgvHeader_LECustomTheme tr>td:nth-child(1)' in '10' second(s)

2021-10-14 17:03:18 - [MESSAGE][INFO] - Smart Wait Function is triggered

2021-10-14 17:03:19 - [MESSAGE][INFO] - Found 13 web elements with id: 'Object Repository/Olusturma/Genel/Olusturma/TabloBasliklari' located by 'By.cssSelector: div#divmalhizmet .dxgvTable_LECustomTheme td.dxgvHeader_LECustomTheme tr>td:nth-child(1)' in '10' second(s)

2021-10-14 17:03:19 - [TEST_STEP][PASSED] - for (def element : elements): null

2021-10-14 17:03:19 - [TEST_STEP][PASSED] - build().perform(): null

2021-10-14 17:03:19 - [TEST_STEP][PASSED] - if (getText().equals(Baslik)): null

2021-10-14 17:03:19 - [TEST_STEP][PASSED] - build().perform(): null

2021-10-14 17:03:19 - [TEST_STEP][PASSED] - if (getText().equals(Baslik)): null

2021-10-14 17:03:19 - [TEST_STEP][PASSED] - build().perform(): null

2021-10-14 17:03:19 - [TEST_STEP][PASSED] - if (getText().equals(Baslik)): null

2021-10-14 17:03:19 - [TEST_STEP][PASSED] - build().perform(): null

2021-10-14 17:03:19 - [TEST_STEP][PASSED] - if (getText().equals(Baslik)): null

2021-10-14 17:03:19 - [TEST_STEP][PASSED] - build().perform(): null

2021-10-14 17:03:19 - [TEST_STEP][PASSED] - if (getText().equals(Baslik)): null

2021-10-14 17:03:19 - [TEST_STEP][PASSED] - build().perform(): null

2021-10-14 17:03:20 - [TEST_STEP][PASSED] - if (getText().equals(Baslik)): null

2021-10-14 17:03:20 - [TEST_STEP][PASSED] - baslikElement = element.findElement(By.xpath("../../../..")): Smart Wait Function is triggered

2021-10-14 17:03:20 - [MESSAGE][INFO] - Smart Wait Function is triggered

2021-10-14 17:03:20 - [TEST_STEP][PASSED] - attr = baslikElement.getAttribute("id"): null

2021-10-14 17:03:20 - [TEST_STEP][PASSED] - println("girdi ve idsini aldı = " + attr): null

2021-10-14 17:03:20 - [TEST_STEP][PASSED] - break: null

2021-10-14 17:03:20 - [TEST_STEP][PASSED] - countElement = baslikElement.findElements(By.xpath("../td")): Smart Wait Function is triggered

2021-10-14 17:03:20 - [MESSAGE][INFO] - Smart Wait Function is triggered

2021-10-14 17:03:20 - [TEST_STEP][PASSED] - for (def element : countElement): null

2021-10-14 17:03:20 - [TEST_STEP][PASSED] - if (toString().equals(attr.toString())): null

2021-10-14 17:03:20 - [TEST_STEP][PASSED] - (a++): null

2021-10-14 17:03:20 - [TEST_STEP][PASSED] - if (toString().equals(attr.toString())): null

2021-10-14 17:03:20 - [TEST_STEP][PASSED] - (a++): null

2021-10-14 17:03:20 - [TEST_STEP][PASSED] - if (toString().equals(attr.toString())): null

2021-10-14 17:03:20 - [TEST_STEP][PASSED] - (a++): null

2021-10-14 17:03:20 - [TEST_STEP][PASSED] - if (toString().equals(attr.toString())): null

2021-10-14 17:03:20 - [TEST_STEP][PASSED] - (a++): null

2021-10-14 17:03:20 - [TEST_STEP][PASSED] - if (toString().equals(attr.toString())): null

2021-10-14 17:03:20 - [TEST_STEP][PASSED] - (a++): null

2021-10-14 17:03:20 - [TEST_STEP][PASSED] - if (toString().equals(attr.toString())): null

2021-10-14 17:03:20 - [TEST_STEP][PASSED] - (a++): null

2021-10-14 17:03:20 - [TEST_STEP][PASSED] - if (toString().equals(attr.toString())): null

2021-10-14 17:03:20 - [TEST_STEP][PASSED] - break: null

2021-10-14 17:03:20 - [TEST_STEP][PASSED] - son = findWebElement(findTestObject("Object Repository/Olusturma/Genel/Olusturma/EklenenSatir")).findElement(By.xpath("td[@class='dxgvInlineEditCell_LECustomTheme dxgv'][" + a + "]//td[@class='dxic']/input")): Smart Wait Function is triggered

2021-10-14 17:03:20 - [MESSAGE][INFO] - Finding Test Object 'Object Repository/Olusturma/Genel/Olusturma/EklenenSatir'

2021-10-14 17:03:20 - [MESSAGE][INFO] - Finding web element from Test Object's properties

2021-10-14 17:03:20 - [MESSAGE][INFO] - Checking timeout

2021-10-14 17:03:20 - [MESSAGE][INFO] - Finding web element with id: 'Object Repository/Olusturma/Genel/Olusturma/EklenenSatir' located by 'By.cssSelector: #divmalhizmet .dxgvInlineEditRow_LECustomTheme' in '30' second(s)

2021-10-14 17:03:20 - [MESSAGE][INFO] - Smart Wait Function is triggered

2021-10-14 17:03:21 - [MESSAGE][INFO] - Found 1 web elements with id: 'Object Repository/Olusturma/Genel/Olusturma/EklenenSatir' located by 'By.cssSelector: #divmalhizmet .dxgvInlineEditRow_LECustomTheme' in '30' second(s)

2021-10-14 17:03:21 - [MESSAGE][INFO] - Smart Wait Function is triggered

2021-10-14 17:03:21 - [TEST_STEP][PASSED] - if (!(getAttribute("value").contains("Vkn"))): null

2021-10-14 17:03:21 - [TEST_STEP][PASSED] - son.clear(): null

2021-10-14 17:03:21 - [TEST_STEP][PASSED] - son.sendKeys(Deger): null

2021-10-14 17:03:21 - [MESSAGE][PASSED] - Call Test Case 'Test Cases/Olusturma/Genel/Olusturma' successfully

2021-10-14 17:03:21 - [MESSAGE][INFO] - Checking called Test Case

2021-10-14 17:03:21 - [MESSAGE][INFO] - Starting to call Test Case 'Test Cases/Olusturma/Genel/NotGirilir'

2021-10-14 17:03:21 - [TEST_CASE][PASSED] - Test Cases/Olusturma/Genel/NotGirilir: Test Cases/Olusturma/Genel/NotGirilir

2021-10-14 17:03:22 - [TEST_STEP][PASSED] - i = 0: null

2021-10-14 17:03:22 - [TEST_STEP][PASSED] - waitForElementClickable(findTestObject("Olusturma/Genel/Not/Notlar"), 10): Object 'Object Repository/Olusturma/Genel/Not/Notlar' is clickable

2021-10-14 17:03:22 - [MESSAGE][INFO] - Finding Test Object 'Object Repository/Olusturma/Genel/Not/Notlar'

2021-10-14 17:03:22 - [MESSAGE][INFO] - Checking object

2021-10-14 17:03:22 - [MESSAGE][INFO] - Checking timeout

2021-10-14 17:03:22 - [MESSAGE][INFO] - Finding web element from Test Object's properties

2021-10-14 17:03:22 - [MESSAGE][INFO] - Checking timeout

2021-10-14 17:03:22 - [MESSAGE][INFO] - Finding web element with id: 'Object Repository/Olusturma/Genel/Not/Notlar' located by 'By.xpath: //*[@id = 'txtNote_I']' in '10' second(s)

2021-10-14 17:03:22 - [MESSAGE][INFO] - Smart Wait Function is triggered

2021-10-14 17:03:23 - [MESSAGE][INFO] - Found 1 web elements with id: 'Object Repository/Olusturma/Genel/Not/Notlar' located by 'By.xpath: //*[@id = 'txtNote_I']' in '10' second(s)

2021-10-14 17:03:23 - [MESSAGE][PASSED] - Object 'Object Repository/Olusturma/Genel/Not/Notlar' is clickable

2021-10-14 17:03:23 - [TEST_STEP][PASSED] - clearText(findTestObject("Olusturma/Genel/Not/Notlar")): Text of object 'Object Repository/Olusturma/Genel/Not/Notlar' is cleared

2021-10-14 17:03:23 - [MESSAGE][INFO] - Finding Test Object 'Object Repository/Olusturma/Genel/Not/Notlar'

2021-10-14 17:03:23 - [MESSAGE][INFO] - Checking object

2021-10-14 17:03:23 - [MESSAGE][INFO] - Finding web element from Test Object's properties

2021-10-14 17:03:23 - [MESSAGE][INFO] - Checking timeout

2021-10-14 17:03:23 - [MESSAGE][INFO] - Finding web element with id: 'Object Repository/Olusturma/Genel/Not/Notlar' located by 'By.xpath: //*[@id = 'txtNote_I']' in '30' second(s)

2021-10-14 17:03:23 - [MESSAGE][INFO] - Smart Wait Function is triggered

2021-10-14 17:03:23 - [MESSAGE][INFO] - Found 1 web elements with id: 'Object Repository/Olusturma/Genel/Not/Notlar' located by 'By.xpath: //*[@id = 'txtNote_I']' in '30' second(s)

2021-10-14 17:03:23 - [MESSAGE][INFO] - Clearing text of object 'Object Repository/Olusturma/Genel/Not/Notlar'

2021-10-14 17:03:23 - [MESSAGE][PASSED] - Text of object 'Object Repository/Olusturma/Genel/Not/Notlar' is cleared

2021-10-14 17:03:23 - [TEST_STEP][PASSED] - click(findTestObject("Olusturma/Genel/Not/Notlar")): Object: 'Object Repository/Olusturma/Genel/Not/Notlar' is clicked on

2021-10-14 17:03:23 - [MESSAGE][INFO] - Finding Test Object 'Object Repository/Olusturma/Genel/Not/Notlar'

2021-10-14 17:03:23 - [MESSAGE][INFO] - Checking object

2021-10-14 17:03:23 - [MESSAGE][INFO] - Finding web element from Test Object's properties

2021-10-14 17:03:23 - [MESSAGE][INFO] - Checking timeout

2021-10-14 17:03:23 - [MESSAGE][INFO] - Finding web element with id: 'Object Repository/Olusturma/Genel/Not/Notlar' located by 'By.xpath: //*[@id = 'txtNote_I']' in '30' second(s)

2021-10-14 17:03:23 - [MESSAGE][INFO] - Smart Wait Function is triggered

2021-10-14 17:03:24 - [MESSAGE][INFO] - Found 1 web elements with id: 'Object Repository/Olusturma/Genel/Not/Notlar' located by 'By.xpath: //*[@id = 'txtNote_I']' in '30' second(s)

2021-10-14 17:03:24 - [MESSAGE][INFO] - Clicking on object: 'Object Repository/Olusturma/Genel/Not/Notlar'

2021-10-14 17:03:24 - [MESSAGE][PASSED] - Object: 'Object Repository/Olusturma/Genel/Not/Notlar' is clicked on

2021-10-14 17:03:24 - [TEST_STEP][PASSED] - while (true): null

2021-10-14 17:03:24 - [TEST_STEP][PASSED] - delay(1): Delayed 1 second(s)

2021-10-14 17:03:24 - [MESSAGE][INFO] - Delaying browser in 1 second(s)

2021-10-14 17:03:25 - [MESSAGE][PASSED] - Delayed 1 second(s)

2021-10-14 17:03:25 - [TEST_STEP][PASSED] - ajaxIsComplete = executeJavaScript("return jQuery.active == 0", null): Execute JavaScript 'return jQuery.active == 0' successfully

2021-10-14 17:03:25 - [MESSAGE][PASSED] - Execute JavaScript 'return jQuery.active == 0' successfully

2021-10-14 17:03:25 - [TEST_STEP][PASSED] - if (ajaxIsComplete): null

2021-10-14 17:03:25 - [TEST_STEP][PASSED] - if (i > 10): null

2021-10-14 17:03:25 - [TEST_STEP][PASSED] - (i++): null

2021-10-14 17:03:25 - [TEST_STEP][PASSED] - delay(1): Delayed 1 second(s)

2021-10-14 17:03:25 - [MESSAGE][INFO] - Delaying browser in 1 second(s)

2021-10-14 17:03:26 - [MESSAGE][PASSED] - Delayed 1 second(s)

2021-10-14 17:03:26 - [TEST_STEP][PASSED] - ajaxIsComplete = executeJavaScript("return jQuery.active == 0", null): Execute JavaScript 'return jQuery.active == 0' successfully

2021-10-14 17:03:26 - [MESSAGE][PASSED] - Execute JavaScript 'return jQuery.active == 0' successfully

2021-10-14 17:03:26 - [TEST_STEP][PASSED] - if (ajaxIsComplete): null

2021-10-14 17:03:26 - [TEST_STEP][PASSED] - break: null

2021-10-14 17:03:26 - [TEST_STEP][PASSED] - sendKeys(findTestObject("Olusturma/Genel/Not/Notlar"), Not): Keys 'Otomasyon Not' sent to object: 'Object Repository/Olusturma/Genel/Not/Notlar'

2021-10-14 17:03:26 - [MESSAGE][INFO] - Finding Test Object 'Object Repository/Olusturma/Genel/Not/Notlar'

2021-10-14 17:03:26 - [MESSAGE][INFO] - Sending keys 'Otomasyon Not' to object: 'Object Repository/Olusturma/Genel/Not/Notlar'

2021-10-14 17:03:26 - [MESSAGE][INFO] - Finding web element from Test Object's properties

2021-10-14 17:03:26 - [MESSAGE][INFO] - Checking timeout

2021-10-14 17:03:26 - [MESSAGE][INFO] - Finding web element with id: 'Object Repository/Olusturma/Genel/Not/Notlar' located by 'By.xpath: //*[@id = 'txtNote_I']' in '30' second(s)

2021-10-14 17:03:26 - [MESSAGE][INFO] - Smart Wait Function is triggered

2021-10-14 17:03:26 - [MESSAGE][INFO] - Found 1 web elements with id: 'Object Repository/Olusturma/Genel/Not/Notlar' located by 'By.xpath: //*[@id = 'txtNote_I']' in '30' second(s)

2021-10-14 17:03:26 - [MESSAGE][PASSED] - Keys 'Otomasyon Not' sent to object: 'Object Repository/Olusturma/Genel/Not/Notlar'

2021-10-14 17:03:26 - [MESSAGE][PASSED] - Call Test Case 'Test Cases/Olusturma/Genel/NotGirilir' successfully

2021-10-14 17:03:26 - [MESSAGE][INFO] - Checking called Test Case

2021-10-14 17:03:26 - [MESSAGE][INFO] - Starting to call Test Case 'Test Cases/Olusturma/Genel/EttnBilgisiKayitEdilir'

2021-10-14 17:03:26 - [TEST_CASE][PASSED] - Test Cases/Olusturma/Genel/EttnBilgisiKayitEdilir: Test Cases/Olusturma/Genel/EttnBilgisiKayitEdilir

2021-10-14 17:03:27 - [TEST_STEP][PASSED] - verifyElementPresent(findTestObject("Object Repository/Olusturma/Genel/Olusturma/eArsivEttnBilgisi"), 7): Object 'Object Repository/Olusturma/Genel/Olusturma/eArsivEttnBilgisi' is present

2021-10-14 17:03:27 - [MESSAGE][INFO] - Finding Test Object 'Object Repository/Olusturma/Genel/Olusturma/eArsivEttnBilgisi'

2021-10-14 17:03:27 - [MESSAGE][INFO] - Checking object

2021-10-14 17:03:27 - [MESSAGE][INFO] - Finding web element from Test Object's properties

2021-10-14 17:03:27 - [MESSAGE][INFO] - Checking timeout

2021-10-14 17:03:27 - [MESSAGE][INFO] - Finding web element with id: 'Object Repository/Olusturma/Genel/Olusturma/eArsivEttnBilgisi' located by 'By.xpath: //*[@id = 'Uuid_I']' in '7' second(s)

2021-10-14 17:03:27 - [MESSAGE][INFO] - Smart Wait Function is triggered

2021-10-14 17:03:28 - [MESSAGE][INFO] - Found 1 web elements with id: 'Object Repository/Olusturma/Genel/Olusturma/eArsivEttnBilgisi' located by 'By.xpath: //*[@id = 'Uuid_I']' in '7' second(s)

2021-10-14 17:03:28 - [MESSAGE][PASSED] - Object 'Object Repository/Olusturma/Genel/Olusturma/eArsivEttnBilgisi' is present

2021-10-14 17:03:28 - [TEST_STEP][PASSED] - ettn = getAttribute(findTestObject("Object Repository/Olusturma/Genel/Olusturma/eArsivEttnBilgisi"), "value"): Attribute 'value' of object 'Object Repository/Olusturma/Genel/Olusturma/eArsivEttnBilgisi' is: '2c4676c5-9f81-48c6-8029-245687666c20'

2021-10-14 17:03:28 - [MESSAGE][INFO] - Finding Test Object 'Object Repository/Olusturma/Genel/Olusturma/eArsivEttnBilgisi'

2021-10-14 17:03:28 - [MESSAGE][INFO] - Checking object

2021-10-14 17:03:28 - [MESSAGE][INFO] - Checking attribute

2021-10-14 17:03:28 - [MESSAGE][INFO] - Finding web element from Test Object's properties

2021-10-14 17:03:28 - [MESSAGE][INFO] - Checking timeout

2021-10-14 17:03:28 - [MESSAGE][INFO] - Finding web element with id: 'Object Repository/Olusturma/Genel/Olusturma/eArsivEttnBilgisi' located by 'By.xpath: //*[@id = 'Uuid_I']' in '30' second(s)

2021-10-14 17:03:28 - [MESSAGE][INFO] - Smart Wait Function is triggered

2021-10-14 17:03:28 - [MESSAGE][INFO] - Found 1 web elements with id: 'Object Repository/Olusturma/Genel/Olusturma/eArsivEttnBilgisi' located by 'By.xpath: //*[@id = 'Uuid_I']' in '30' second(s)

2021-10-14 17:03:28 - [MESSAGE][INFO] - Getting attribute 'value' of object 'Object Repository/Olusturma/Genel/Olusturma/eArsivEttnBilgisi'

2021-10-14 17:03:28 - [MESSAGE][PASSED] - Attribute 'value' of object 'Object Repository/Olusturma/Genel/Olusturma/eArsivEttnBilgisi' is: '2c4676c5-9f81-48c6-8029-245687666c20'

2021-10-14 17:03:28 - [MESSAGE][PASSED] - Call Test Case 'Test Cases/Olusturma/Genel/EttnBilgisiKayitEdilir' successfully

2021-10-14 17:03:28 - [MESSAGE][INFO] - Checking called Test Case

2021-10-14 17:03:28 - [MESSAGE][INFO] - Starting to call Test Case 'Test Cases/Olusturma/Genel/KaydetButonunaTiklanir'

2021-10-14 17:03:28 - [TEST_CASE][PASSED] - Test Cases/Olusturma/Genel/KaydetButonunaTiklanir: Test Cases/Olusturma/Genel/KaydetButonunaTiklanir

2021-10-14 17:03:29 - [TEST_STEP][PASSED] - i = 0: null

2021-10-14 17:03:29 - [TEST_STEP][PASSED] - waitForElementPresent(findTestObject("Olusturma/Genel/Not/Notlar"), 10): Object 'Object Repository/Olusturma/Genel/Not/Notlar' is present

2021-10-14 17:03:29 - [MESSAGE][INFO] - Finding Test Object 'Object Repository/Olusturma/Genel/Not/Notlar'

2021-10-14 17:03:29 - [MESSAGE][INFO] - Checking object

2021-10-14 17:03:29 - [MESSAGE][INFO] - Finding web element from Test Object's properties

2021-10-14 17:03:29 - [MESSAGE][INFO] - Checking timeout

2021-10-14 17:03:29 - [MESSAGE][INFO] - Finding web element with id: 'Object Repository/Olusturma/Genel/Not/Notlar' located by 'By.xpath: //*[@id = 'txtNote_I']' in '10' second(s)

2021-10-14 17:03:29 - [MESSAGE][INFO] - Smart Wait Function is triggered

2021-10-14 17:03:29 - [MESSAGE][INFO] - Found 1 web elements with id: 'Object Repository/Olusturma/Genel/Not/Notlar' located by 'By.xpath: //*[@id = 'txtNote_I']' in '10' second(s)

2021-10-14 17:03:29 - [MESSAGE][PASSED] - Object 'Object Repository/Olusturma/Genel/Not/Notlar' is present

2021-10-14 17:03:29 - [TEST_STEP][PASSED] - click(findTestObject("Olusturma/Genel/Not/Notlar")): Object: 'Object Repository/Olusturma/Genel/Not/Notlar' is clicked on

2021-10-14 17:03:29 - [MESSAGE][INFO] - Finding Test Object 'Object Repository/Olusturma/Genel/Not/Notlar'

2021-10-14 17:03:29 - [MESSAGE][INFO] - Checking object

2021-10-14 17:03:29 - [MESSAGE][INFO] - Finding web element from Test Object's properties

2021-10-14 17:03:29 - [MESSAGE][INFO] - Checking timeout

2021-10-14 17:03:29 - [MESSAGE][INFO] - Finding web element with id: 'Object Repository/Olusturma/Genel/Not/Notlar' located by 'By.xpath: //*[@id = 'txtNote_I']' in '30' second(s)

2021-10-14 17:03:29 - [MESSAGE][INFO] - Smart Wait Function is triggered

2021-10-14 17:03:30 - [MESSAGE][INFO] - Found 1 web elements with id: 'Object Repository/Olusturma/Genel/Not/Notlar' located by 'By.xpath: //*[@id = 'txtNote_I']' in '30' second(s)

2021-10-14 17:03:30 - [MESSAGE][INFO] - Clicking on object: 'Object Repository/Olusturma/Genel/Not/Notlar'

2021-10-14 17:03:30 - [MESSAGE][PASSED] - Object: 'Object Repository/Olusturma/Genel/Not/Notlar' is clicked on

2021-10-14 17:03:30 - [TEST_STEP][PASSED] - while (true): null

2021-10-14 17:03:30 - [TEST_STEP][PASSED] - delay(1): Delayed 1 second(s)

2021-10-14 17:03:30 - [MESSAGE][INFO] - Delaying browser in 1 second(s)

2021-10-14 17:03:31 - [MESSAGE][PASSED] - Delayed 1 second(s)

2021-10-14 17:03:31 - [TEST_STEP][PASSED] - ajaxIsComplete = executeJavaScript("return jQuery.active == 0", null): Execute JavaScript 'return jQuery.active == 0' successfully

2021-10-14 17:03:31 - [MESSAGE][PASSED] - Execute JavaScript 'return jQuery.active == 0' successfully

2021-10-14 17:03:31 - [TEST_STEP][PASSED] - if (ajaxIsComplete): null

2021-10-14 17:03:31 - [TEST_STEP][PASSED] - break: null

2021-10-14 17:03:31 - [TEST_STEP][PASSED] - waitForElementClickable(findTestObject("Object Repository/Olusturma/Genel/Buton"), 10): Object 'Object Repository/Olusturma/Genel/Buton' is clickable

2021-10-14 17:03:31 - [MESSAGE][INFO] - Finding Test Object 'Object Repository/Olusturma/Genel/Buton'

2021-10-14 17:03:31 - [MESSAGE][INFO] - Checking object

2021-10-14 17:03:31 - [MESSAGE][INFO] - Checking timeout

2021-10-14 17:03:31 - [MESSAGE][INFO] - Finding web element from Test Object's properties

2021-10-14 17:03:31 - [MESSAGE][INFO] - Checking timeout

2021-10-14 17:03:31 - [MESSAGE][INFO] - Finding web element with id: 'Object Repository/Olusturma/Genel/Buton' located by 'By.xpath: //*[@id = 'btnKaydet']' in '10' second(s)

2021-10-14 17:03:31 - [MESSAGE][INFO] - Smart Wait Function is triggered

2021-10-14 17:03:31 - [MESSAGE][INFO] - Found 1 web elements with id: 'Object Repository/Olusturma/Genel/Buton' located by 'By.xpath: //*[@id = 'btnKaydet']' in '10' second(s)

2021-10-14 17:03:31 - [MESSAGE][PASSED] - Object 'Object Repository/Olusturma/Genel/Buton' is clickable

2021-10-14 17:03:31 - [TEST_STEP][PASSED] - click(findTestObject("Object Repository/Olusturma/Genel/Buton")): Object: 'Object Repository/Olusturma/Genel/Buton' is clicked on

2021-10-14 17:03:31 - [MESSAGE][INFO] - Finding Test Object 'Object Repository/Olusturma/Genel/Buton'

2021-10-14 17:03:31 - [MESSAGE][INFO] - Checking object

2021-10-14 17:03:31 - [MESSAGE][INFO] - Finding web element from Test Object's properties

2021-10-14 17:03:31 - [MESSAGE][INFO] - Checking timeout

2021-10-14 17:03:31 - [MESSAGE][INFO] - Finding web element with id: 'Object Repository/Olusturma/Genel/Buton' located by 'By.xpath: //*[@id = 'btnKaydet']' in '30' second(s)

2021-10-14 17:03:31 - [MESSAGE][INFO] - Smart Wait Function is triggered

2021-10-14 17:03:32 - [MESSAGE][INFO] - Found 1 web elements with id: 'Object Repository/Olusturma/Genel/Buton' located by 'By.xpath: //*[@id = 'btnKaydet']' in '30' second(s)

2021-10-14 17:03:32 - [MESSAGE][INFO] - Clicking on object: 'Object Repository/Olusturma/Genel/Buton'

2021-10-14 17:03:34 - [MESSAGE][PASSED] - Object: 'Object Repository/Olusturma/Genel/Buton' is clicked on

2021-10-14 17:03:34 - [MESSAGE][PASSED] - Call Test Case 'Test Cases/Olusturma/Genel/KaydetButonunaTiklanir' successfully

2021-10-14 17:03:34 - [MESSAGE][INFO] - Checking called Test Case

2021-10-14 17:03:34 - [MESSAGE][INFO] - Starting to call Test Case 'Test Cases/Tablo/TablodaUnvanliVeriOlusturulduMu'

2021-10-14 17:03:34 - [TEST_CASE][PASSED] - Test Cases/Tablo/TablodaUnvanliVeriOlusturulduMu: Test Cases/Tablo/TablodaUnvanliVeriOlusturulduMu

2021-10-14 17:03:35 - [TEST_STEP][PASSED] - waitForElementVisible(findTestObject("Tablo/OlusturulanVeri"), 10, STOP_ON_FAILURE): Object 'Object Repository/Tablo/OlusturulanVeri' is visible

2021-10-14 17:03:35 - [MESSAGE][INFO] - Finding Test Object 'Object Repository/Tablo/OlusturulanVeri'

2021-10-14 17:03:35 - [MESSAGE][INFO] - Checking object

2021-10-14 17:03:35 - [MESSAGE][INFO] - Checking timeout

2021-10-14 17:03:35 - [MESSAGE][INFO] - Finding web element from Test Object's properties

2021-10-14 17:03:35 - [MESSAGE][INFO] - Checking timeout

2021-10-14 17:03:35 - [MESSAGE][INFO] - Finding web element with id: 'Object Repository/Tablo/OlusturulanVeri' located by 'By.cssSelector: table.dxgvTable_LECustomTheme>tbody>tr:nth-child(3)>td.dxgv b,table.dxgvTable_LECustomTheme>tbody>tr:nth-child(3)>td.dxgv' in '10' second(s)

2021-10-14 17:03:35 - [MESSAGE][INFO] - Smart Wait Function is triggered

2021-10-14 17:03:35 - [MESSAGE][INFO] - Found 12 web elements with id: 'Object Repository/Tablo/OlusturulanVeri' located by 'By.cssSelector: table.dxgvTable_LECustomTheme>tbody>tr:nth-child(3)>td.dxgv b,table.dxgvTable_LECustomTheme>tbody>tr:nth-child(3)>td.dxgv' in '10' second(s)

2021-10-14 17:03:35 - [MESSAGE][PASSED] - Object 'Object Repository/Tablo/OlusturulanVeri' is visible

2021-10-14 17:03:35 - [TEST_STEP][PASSED] - Method.TextDegerineEsitElementVarMi(findTestObject("Tablo/OlusturulanVeri"), Unvan): Method.TextDegerineEsitElementVarMi is PASSED

2021-10-14 17:03:35 - [MESSAGE][INFO] - Finding Test Object 'Object Repository/Tablo/OlusturulanVeri'

2021-10-14 17:03:35 - [MESSAGE][INFO] - Checking timeout

2021-10-14 17:03:35 - [MESSAGE][INFO] - Finding web element with id: 'Object Repository/Tablo/OlusturulanVeri' located by 'By.cssSelector: table.dxgvTable_LECustomTheme>tbody>tr:nth-child(3)>td.dxgv b,table.dxgvTable_LECustomTheme>tbody>tr:nth-child(3)>td.dxgv' in '10' second(s)

2021-10-14 17:03:35 - [MESSAGE][INFO] - Smart Wait Function is triggered

2021-10-14 17:03:36 - [MESSAGE][INFO] - Found 12 web elements with id: 'Object Repository/Tablo/OlusturulanVeri' located by 'By.cssSelector: table.dxgvTable_LECustomTheme>tbody>tr:nth-child(3)>td.dxgv b,table.dxgvTable_LECustomTheme>tbody>tr:nth-child(3)>td.dxgv' in '10' second(s)

2021-10-14 17:03:36 - [MESSAGE][PASSED] - Method.TextDegerineEsitElementVarMi is PASSED

2021-10-14 17:03:36 - [MESSAGE][PASSED] - Call Test Case 'Test Cases/Tablo/TablodaUnvanliVeriOlusturulduMu' successfully

2021-10-14 17:03:36 - [MESSAGE][INFO] - Checking called Test Case

2021-10-14 17:03:36 - [MESSAGE][INFO] - Starting to call Test Case 'Test Cases/Tablo/TablodanVeriSec'

2021-10-14 17:03:36 - [TEST_CASE][PASSED] - Test Cases/Tablo/TablodanVeriSec: Test Cases/Tablo/TablodanVeriSec

2021-10-14 17:03:36 - [TEST_STEP][PASSED] - Method.TextDegerineEsitElementinAltindakineTikla(findTestObject("Tablo/Veriler"), findTestObject("Tablo/VerininCheckBoxi"), Veri_Adi): Method.TextDegerineEsitElementinAltindakineTikla is PASSED

2021-10-14 17:03:36 - [MESSAGE][INFO] - Finding Test Object 'Object Repository/Tablo/Veriler'

2021-10-14 17:03:37 - [MESSAGE][INFO] - Finding Test Object 'Object Repository/Tablo/VerininCheckBoxi'

2021-10-14 17:03:37 - [MESSAGE][INFO] - Checking timeout

2021-10-14 17:03:37 - [MESSAGE][INFO] - Finding web element with id: 'Object Repository/Tablo/Veriler' located by 'By.cssSelector: td.dxgv b ,td.dxgv' in '10' second(s)

2021-10-14 17:03:37 - [MESSAGE][INFO] - Smart Wait Function is triggered

2021-10-14 17:03:37 - [MESSAGE][INFO] - Found 120 web elements with id: 'Object Repository/Tablo/Veriler' located by 'By.cssSelector: td.dxgv b ,td.dxgv' in '10' second(s)

2021-10-14 17:03:37 - [MESSAGE][INFO] - Smart Wait Function is triggered

2021-10-14 17:03:37 - [MESSAGE][PASSED] - Method.TextDegerineEsitElementinAltindakineTikla is PASSED

2021-10-14 17:03:37 - [MESSAGE][PASSED] - Call Test Case 'Test Cases/Tablo/TablodanVeriSec' successfully

2021-10-14 17:03:37 - [MESSAGE][INFO] - Checking called Test Case

2021-10-14 17:03:37 - [MESSAGE][INFO] - Starting to call Test Case 'Test Cases/Butonlar/ButonaTikla'

2021-10-14 17:03:37 - [TEST_CASE][PASSED] - Test Cases/Butonlar/ButonaTikla: Test Cases/Butonlar/ButonaTikla

2021-10-14 17:03:37 - [TEST_STEP][PASSED] - Method.TextDegerineEsitElementeTiklaEquals(findTestObject("Butonlar/Butonlar"), Buton_Adi): Method.TextDegerineEsitElementeTiklaEquals is PASSED

2021-10-14 17:03:37 - [MESSAGE][INFO] - Finding Test Object 'Object Repository/Butonlar/Butonlar'

2021-10-14 17:03:37 - [MESSAGE][INFO] - Checking timeout

2021-10-14 17:03:37 - [MESSAGE][INFO] - Finding web element with id: 'Object Repository/Butonlar/Butonlar' located by 'By.cssSelector: .panel.panel-default.text-center.footerPanel .btn,.btn.btn-primary.btnControls' in '10' second(s)

2021-10-14 17:03:37 - [MESSAGE][INFO] - Smart Wait Function is triggered

2021-10-14 17:03:38 - [MESSAGE][INFO] - Found 10 web elements with id: 'Object Repository/Butonlar/Butonlar' located by 'By.cssSelector: .panel.panel-default.text-center.footerPanel .btn,.btn.btn-primary.btnControls' in '10' second(s)

2021-10-14 17:03:42 - [MESSAGE][PASSED] - Method.TextDegerineEsitElementeTiklaEquals is PASSED

2021-10-14 17:03:42 - [MESSAGE][PASSED] - Call Test Case 'Test Cases/Butonlar/ButonaTikla' successfully

2021-10-14 17:03:42 - [MESSAGE][INFO] - Checking called Test Case

2021-10-14 17:03:42 - [MESSAGE][INFO] - Starting to call Test Case 'Test Cases/Olusturma/Genel/GorselTasarimSayfasıBasligiIceriyorMu'

2021-10-14 17:03:43 - [TEST_CASE][PASSED] - Test Cases/Olusturma/Genel/GorselTasarimSayfasıBasligiIceriyorMu: Test Cases/Olusturma/Genel/GorselTasarimSayfasıBasligiIceriyorMu

2021-10-14 17:03:43 - [TEST_STEP][PASSED] - verifyElementText(findTestObject("Object Repository/Olusturma/Genel/GorselTasarimBaslik"), Baslik): Actual text and expected text of test object 'Object Repository/Olusturma/Genel/GorselTasarimBaslik' are matched.

2021-10-14 17:03:43 - [MESSAGE][INFO] - Finding Test Object 'Object Repository/Olusturma/Genel/GorselTasarimBaslik'

2021-10-14 17:03:43 - [MESSAGE][INFO] - Checking object

2021-10-14 17:03:43 - [MESSAGE][INFO] - Finding web element from Test Object's properties

2021-10-14 17:03:43 - [MESSAGE][INFO] - Checking timeout

2021-10-14 17:03:43 - [MESSAGE][INFO] - Finding web element with id: 'Object Repository/Olusturma/Genel/GorselTasarimBaslik' located by 'By.cssSelector: #flAlici_0>div>span' in '30' second(s)

2021-10-14 17:03:43 - [MESSAGE][INFO] - Smart Wait Function is triggered

2021-10-14 17:03:45 - [MESSAGE][INFO] - Found 1 web elements with id: 'Object Repository/Olusturma/Genel/GorselTasarimBaslik' located by 'By.cssSelector: #flAlici_0>div>span' in '30' second(s)

2021-10-14 17:03:45 - [MESSAGE][PASSED] - Actual text and expected text of test object 'Object Repository/Olusturma/Genel/GorselTasarimBaslik' are matched.

2021-10-14 17:03:45 - [MESSAGE][PASSED] - Call Test Case 'Test Cases/Olusturma/Genel/GorselTasarimSayfasıBasligiIceriyorMu' successfully

2021-10-14 17:03:45 - [MESSAGE][INFO] - Checking called Test Case

2021-10-14 17:03:45 - [MESSAGE][INFO] - Starting to call Test Case 'Test Cases/Olusturma/Genel/NotGirilir'

2021-10-14 17:03:45 - [TEST_CASE][PASSED] - Test Cases/Olusturma/Genel/NotGirilir: Test Cases/Olusturma/Genel/NotGirilir

2021-10-14 17:03:45 - [TEST_STEP][PASSED] - i = 0: null

2021-10-14 17:03:45 - [TEST_STEP][PASSED] - waitForElementClickable(findTestObject("Olusturma/Genel/Not/Notlar"), 10): Object 'Object Repository/Olusturma/Genel/Not/Notlar' is clickable

2021-10-14 17:03:45 - [MESSAGE][INFO] - Finding Test Object 'Object Repository/Olusturma/Genel/Not/Notlar'

2021-10-14 17:03:45 - [MESSAGE][INFO] - Checking object

2021-10-14 17:03:45 - [MESSAGE][INFO] - Checking timeout

2021-10-14 17:03:45 - [MESSAGE][INFO] - Finding web element from Test Object's properties

2021-10-14 17:03:45 - [MESSAGE][INFO] - Checking timeout

2021-10-14 17:03:45 - [MESSAGE][INFO] - Finding web element with id: 'Object Repository/Olusturma/Genel/Not/Notlar' located by 'By.xpath: //*[@id = 'txtNote_I']' in '10' second(s)

2021-10-14 17:03:45 - [MESSAGE][INFO] - Smart Wait Function is triggered

2021-10-14 17:03:45 - [MESSAGE][INFO] - Found 1 web elements with id: 'Object Repository/Olusturma/Genel/Not/Notlar' located by 'By.xpath: //*[@id = 'txtNote_I']' in '10' second(s)

2021-10-14 17:03:45 - [MESSAGE][PASSED] - Object 'Object Repository/Olusturma/Genel/Not/Notlar' is clickable

2021-10-14 17:03:45 - [TEST_STEP][PASSED] - clearText(findTestObject("Olusturma/Genel/Not/Notlar")): Text of object 'Object Repository/Olusturma/Genel/Not/Notlar' is cleared

2021-10-14 17:03:45 - [MESSAGE][INFO] - Finding Test Object 'Object Repository/Olusturma/Genel/Not/Notlar'

2021-10-14 17:03:45 - [MESSAGE][INFO] - Checking object

2021-10-14 17:03:45 - [MESSAGE][INFO] - Finding web element from Test Object's properties

2021-10-14 17:03:45 - [MESSAGE][INFO] - Checking timeout

2021-10-14 17:03:45 - [MESSAGE][INFO] - Finding web element with id: 'Object Repository/Olusturma/Genel/Not/Notlar' located by 'By.xpath: //*[@id = 'txtNote_I']' in '30' second(s)

2021-10-14 17:03:45 - [MESSAGE][INFO] - Smart Wait Function is triggered

2021-10-14 17:03:46 - [MESSAGE][INFO] - Found 1 web elements with id: 'Object Repository/Olusturma/Genel/Not/Notlar' located by 'By.xpath: //*[@id = 'txtNote_I']' in '30' second(s)

2021-10-14 17:03:46 - [MESSAGE][INFO] - Clearing text of object 'Object Repository/Olusturma/Genel/Not/Notlar'

2021-10-14 17:03:46 - [MESSAGE][PASSED] - Text of object 'Object Repository/Olusturma/Genel/Not/Notlar' is cleared

2021-10-14 17:03:46 - [TEST_STEP][PASSED] - click(findTestObject("Olusturma/Genel/Not/Notlar")): Object: 'Object Repository/Olusturma/Genel/Not/Notlar' is clicked on

2021-10-14 17:03:46 - [MESSAGE][INFO] - Finding Test Object 'Object Repository/Olusturma/Genel/Not/Notlar'

2021-10-14 17:03:46 - [MESSAGE][INFO] - Checking object

2021-10-14 17:03:46 - [MESSAGE][INFO] - Finding web element from Test Object's properties

2021-10-14 17:03:46 - [MESSAGE][INFO] - Checking timeout

2021-10-14 17:03:46 - [MESSAGE][INFO] - Finding web element with id: 'Object Repository/Olusturma/Genel/Not/Notlar' located by 'By.xpath: //*[@id = 'txtNote_I']' in '30' second(s)

2021-10-14 17:03:46 - [MESSAGE][INFO] - Smart Wait Function is triggered

2021-10-14 17:03:46 - [MESSAGE][INFO] - Found 1 web elements with id: 'Object Repository/Olusturma/Genel/Not/Notlar' located by 'By.xpath: //*[@id = 'txtNote_I']' in '30' second(s)

2021-10-14 17:03:46 - [MESSAGE][INFO] - Clicking on object: 'Object Repository/Olusturma/Genel/Not/Notlar'

2021-10-14 17:03:46 - [MESSAGE][PASSED] - Object: 'Object Repository/Olusturma/Genel/Not/Notlar' is clicked on

2021-10-14 17:03:46 - [TEST_STEP][PASSED] - while (true): null

2021-10-14 17:03:46 - [TEST_STEP][PASSED] - delay(1): Delayed 1 second(s)

2021-10-14 17:03:46 - [MESSAGE][INFO] - Delaying browser in 1 second(s)

2021-10-14 17:03:47 - [MESSAGE][PASSED] - Delayed 1 second(s)

2021-10-14 17:03:47 - [TEST_STEP][PASSED] - ajaxIsComplete = executeJavaScript("return jQuery.active == 0", null): Execute JavaScript 'return jQuery.active == 0' successfully

2021-10-14 17:03:47 - [MESSAGE][PASSED] - Execute JavaScript 'return jQuery.active == 0' successfully

2021-10-14 17:03:47 - [TEST_STEP][PASSED] - if (ajaxIsComplete): null

2021-10-14 17:03:47 - [TEST_STEP][PASSED] - break: null

2021-10-14 17:03:47 - [TEST_STEP][PASSED] - sendKeys(findTestObject("Olusturma/Genel/Not/Notlar"), Not): Keys 'Otomasyon Not Değiştir' sent to object: 'Object Repository/Olusturma/Genel/Not/Notlar'

2021-10-14 17:03:47 - [MESSAGE][INFO] - Finding Test Object 'Object Repository/Olusturma/Genel/Not/Notlar'

2021-10-14 17:03:47 - [MESSAGE][INFO] - Sending keys 'Otomasyon Not Değiştir' to object: 'Object Repository/Olusturma/Genel/Not/Notlar'

2021-10-14 17:03:47 - [MESSAGE][INFO] - Finding web element from Test Object's properties

2021-10-14 17:03:47 - [MESSAGE][INFO] - Checking timeout

2021-10-14 17:03:47 - [MESSAGE][INFO] - Finding web element with id: 'Object Repository/Olusturma/Genel/Not/Notlar' located by 'By.xpath: //*[@id = 'txtNote_I']' in '30' second(s)

2021-10-14 17:03:47 - [MESSAGE][INFO] - Smart Wait Function is triggered

2021-10-14 17:03:48 - [MESSAGE][INFO] - Found 1 web elements with id: 'Object Repository/Olusturma/Genel/Not/Notlar' located by 'By.xpath: //*[@id = 'txtNote_I']' in '30' second(s)

2021-10-14 17:03:48 - [MESSAGE][PASSED] - Keys 'Otomasyon Not Değiştir' sent to object: 'Object Repository/Olusturma/Genel/Not/Notlar'

2021-10-14 17:03:48 - [MESSAGE][PASSED] - Call Test Case 'Test Cases/Olusturma/Genel/NotGirilir' successfully

2021-10-14 17:03:48 - [MESSAGE][INFO] - Checking called Test Case

2021-10-14 17:03:48 - [MESSAGE][INFO] - Starting to call Test Case 'Test Cases/Olusturma/Genel/KaydetButonunaTiklanir'

2021-10-14 17:03:48 - [TEST_CASE][PASSED] - Test Cases/Olusturma/Genel/KaydetButonunaTiklanir: Test Cases/Olusturma/Genel/KaydetButonunaTiklanir

2021-10-14 17:03:48 - [TEST_STEP][PASSED] - i = 0: null

2021-10-14 17:03:48 - [TEST_STEP][PASSED] - waitForElementPresent(findTestObject("Olusturma/Genel/Not/Notlar"), 10): Object 'Object Repository/Olusturma/Genel/Not/Notlar' is present

2021-10-14 17:03:48 - [MESSAGE][INFO] - Finding Test Object 'Object Repository/Olusturma/Genel/Not/Notlar'

2021-10-14 17:03:48 - [MESSAGE][INFO] - Checking object

2021-10-14 17:03:48 - [MESSAGE][INFO] - Finding web element from Test Object's properties

2021-10-14 17:03:48 - [MESSAGE][INFO] - Checking timeout

2021-10-14 17:03:48 - [MESSAGE][INFO] - Finding web element with id: 'Object Repository/Olusturma/Genel/Not/Notlar' located by 'By.xpath: //*[@id = 'txtNote_I']' in '10' second(s)

2021-10-14 17:03:48 - [MESSAGE][INFO] - Smart Wait Function is triggered

2021-10-14 17:03:48 - [MESSAGE][INFO] - Found 1 web elements with id: 'Object Repository/Olusturma/Genel/Not/Notlar' located by 'By.xpath: //*[@id = 'txtNote_I']' in '10' second(s)

2021-10-14 17:03:48 - [MESSAGE][PASSED] - Object 'Object Repository/Olusturma/Genel/Not/Notlar' is present

2021-10-14 17:03:48 - [TEST_STEP][PASSED] - click(findTestObject("Olusturma/Genel/Not/Notlar")): Object: 'Object Repository/Olusturma/Genel/Not/Notlar' is clicked on

2021-10-14 17:03:48 - [MESSAGE][INFO] - Finding Test Object 'Object Repository/Olusturma/Genel/Not/Notlar'

2021-10-14 17:03:48 - [MESSAGE][INFO] - Checking object

2021-10-14 17:03:48 - [MESSAGE][INFO] - Finding web element from Test Object's properties

2021-10-14 17:03:48 - [MESSAGE][INFO] - Checking timeout

2021-10-14 17:03:48 - [MESSAGE][INFO] - Finding web element with id: 'Object Repository/Olusturma/Genel/Not/Notlar' located by 'By.xpath: //*[@id = 'txtNote_I']' in '30' second(s)

2021-10-14 17:03:48 - [MESSAGE][INFO] - Smart Wait Function is triggered

2021-10-14 17:03:49 - [MESSAGE][INFO] - Found 1 web elements with id: 'Object Repository/Olusturma/Genel/Not/Notlar' located by 'By.xpath: //*[@id = 'txtNote_I']' in '30' second(s)

2021-10-14 17:03:49 - [MESSAGE][INFO] - Clicking on object: 'Object Repository/Olusturma/Genel/Not/Notlar'

2021-10-14 17:03:49 - [MESSAGE][PASSED] - Object: 'Object Repository/Olusturma/Genel/Not/Notlar' is clicked on

2021-10-14 17:03:49 - [TEST_STEP][PASSED] - while (true): null

2021-10-14 17:03:49 - [TEST_STEP][PASSED] - delay(1): Delayed 1 second(s)

2021-10-14 17:03:49 - [MESSAGE][INFO] - Delaying browser in 1 second(s)

2021-10-14 17:03:50 - [MESSAGE][PASSED] - Delayed 1 second(s)

2021-10-14 17:03:50 - [TEST_STEP][PASSED] - ajaxIsComplete = executeJavaScript("return jQuery.active == 0", null): Execute JavaScript 'return jQuery.active == 0' successfully

2021-10-14 17:03:50 - [MESSAGE][PASSED] - Execute JavaScript 'return jQuery.active == 0' successfully

2021-10-14 17:03:50 - [TEST_STEP][PASSED] - if (ajaxIsComplete): null

2021-10-14 17:03:50 - [TEST_STEP][PASSED] - break: null

2021-10-14 17:03:50 - [TEST_STEP][PASSED] - waitForElementClickable(findTestObject("Object Repository/Olusturma/Genel/Buton"), 10): Object 'Object Repository/Olusturma/Genel/Buton' is clickable

2021-10-14 17:03:50 - [MESSAGE][INFO] - Finding Test Object 'Object Repository/Olusturma/Genel/Buton'

2021-10-14 17:03:50 - [MESSAGE][INFO] - Checking object

2021-10-14 17:03:50 - [MESSAGE][INFO] - Checking timeout

2021-10-14 17:03:50 - [MESSAGE][INFO] - Finding web element from Test Object's properties

2021-10-14 17:03:50 - [MESSAGE][INFO] - Checking timeout

2021-10-14 17:03:50 - [MESSAGE][INFO] - Finding web element with id: 'Object Repository/Olusturma/Genel/Buton' located by 'By.xpath: //*[@id = 'btnKaydet']' in '10' second(s)

2021-10-14 17:03:50 - [MESSAGE][INFO] - Smart Wait Function is triggered

2021-10-14 17:03:50 - [MESSAGE][INFO] - Found 1 web elements with id: 'Object Repository/Olusturma/Genel/Buton' located by 'By.xpath: //*[@id = 'btnKaydet']' in '10' second(s)

2021-10-14 17:03:50 - [MESSAGE][PASSED] - Object 'Object Repository/Olusturma/Genel/Buton' is clickable

2021-10-14 17:03:50 - [TEST_STEP][PASSED] - click(findTestObject("Object Repository/Olusturma/Genel/Buton")): Object: 'Object Repository/Olusturma/Genel/Buton' is clicked on

2021-10-14 17:03:50 - [MESSAGE][INFO] - Finding Test Object 'Object Repository/Olusturma/Genel/Buton'

2021-10-14 17:03:50 - [MESSAGE][INFO] - Checking object

2021-10-14 17:03:50 - [MESSAGE][INFO] - Finding web element from Test Object's properties

2021-10-14 17:03:50 - [MESSAGE][INFO] - Checking timeout

2021-10-14 17:03:50 - [MESSAGE][INFO] - Finding web element with id: 'Object Repository/Olusturma/Genel/Buton' located by 'By.xpath: //*[@id = 'btnKaydet']' in '30' second(s)

2021-10-14 17:03:50 - [MESSAGE][INFO] - Smart Wait Function is triggered

2021-10-14 17:03:51 - [MESSAGE][INFO] - Found 1 web elements with id: 'Object Repository/Olusturma/Genel/Buton' located by 'By.xpath: //*[@id = 'btnKaydet']' in '30' second(s)

2021-10-14 17:03:51 - [MESSAGE][INFO] - Clicking on object: 'Object Repository/Olusturma/Genel/Buton'

2021-10-14 17:03:53 - [MESSAGE][PASSED] - Object: 'Object Repository/Olusturma/Genel/Buton' is clicked on

2021-10-14 17:03:53 - [MESSAGE][PASSED] - Call Test Case 'Test Cases/Olusturma/Genel/KaydetButonunaTiklanir' successfully

2021-10-14 17:03:53 - [MESSAGE][INFO] - Checking called Test Case

2021-10-14 17:03:53 - [MESSAGE][INFO] - Starting to call Test Case 'Test Cases/Tablo/TablodaUnvanliVeriOlusturulduMu'

2021-10-14 17:03:53 - [TEST_CASE][PASSED] - Test Cases/Tablo/TablodaUnvanliVeriOlusturulduMu: Test Cases/Tablo/TablodaUnvanliVeriOlusturulduMu

2021-10-14 17:03:53 - [TEST_STEP][PASSED] - waitForElementVisible(findTestObject("Tablo/OlusturulanVeri"), 10, STOP_ON_FAILURE): Object 'Object Repository/Tablo/OlusturulanVeri' is visible

2021-10-14 17:03:53 - [MESSAGE][INFO] - Finding Test Object 'Object Repository/Tablo/OlusturulanVeri'

2021-10-14 17:03:53 - [MESSAGE][INFO] - Checking object

2021-10-14 17:03:53 - [MESSAGE][INFO] - Checking timeout

2021-10-14 17:03:53 - [MESSAGE][INFO] - Finding web element from Test Object's properties

2021-10-14 17:03:53 - [MESSAGE][INFO] - Checking timeout

2021-10-14 17:03:53 - [MESSAGE][INFO] - Finding web element with id: 'Object Repository/Tablo/OlusturulanVeri' located by 'By.cssSelector: table.dxgvTable_LECustomTheme>tbody>tr:nth-child(3)>td.dxgv b,table.dxgvTable_LECustomTheme>tbody>tr:nth-child(3)>td.dxgv' in '10' second(s)

2021-10-14 17:03:53 - [MESSAGE][INFO] - Smart Wait Function is triggered

2021-10-14 17:03:54 - [MESSAGE][INFO] - Found 12 web elements with id: 'Object Repository/Tablo/OlusturulanVeri' located by 'By.cssSelector: table.dxgvTable_LECustomTheme>tbody>tr:nth-child(3)>td.dxgv b,table.dxgvTable_LECustomTheme>tbody>tr:nth-child(3)>td.dxgv' in '10' second(s)

2021-10-14 17:03:54 - [MESSAGE][PASSED] - Object 'Object Repository/Tablo/OlusturulanVeri' is visible

2021-10-14 17:03:54 - [TEST_STEP][PASSED] - Method.TextDegerineEsitElementVarMi(findTestObject("Tablo/OlusturulanVeri"), Unvan): Method.TextDegerineEsitElementVarMi is PASSED

2021-10-14 17:03:54 - [MESSAGE][INFO] - Finding Test Object 'Object Repository/Tablo/OlusturulanVeri'

2021-10-14 17:03:54 - [MESSAGE][INFO] - Checking timeout

2021-10-14 17:03:54 - [MESSAGE][INFO] - Finding web element with id: 'Object Repository/Tablo/OlusturulanVeri' located by 'By.cssSelector: table.dxgvTable_LECustomTheme>tbody>tr:nth-child(3)>td.dxgv b,table.dxgvTable_LECustomTheme>tbody>tr:nth-child(3)>td.dxgv' in '10' second(s)

2021-10-14 17:03:54 - [MESSAGE][INFO] - Smart Wait Function is triggered

2021-10-14 17:03:54 - [MESSAGE][INFO] - Found 12 web elements with id: 'Object Repository/Tablo/OlusturulanVeri' located by 'By.cssSelector: table.dxgvTable_LECustomTheme>tbody>tr:nth-child(3)>td.dxgv b,table.dxgvTable_LECustomTheme>tbody>tr:nth-child(3)>td.dxgv' in '10' second(s)

2021-10-14 17:03:54 - [MESSAGE][PASSED] - Method.TextDegerineEsitElementVarMi is PASSED

2021-10-14 17:03:54 - [MESSAGE][PASSED] - Call Test Case 'Test Cases/Tablo/TablodaUnvanliVeriOlusturulduMu' successfully

2021-10-14 17:03:54 - [MESSAGE][INFO] - Checking called Test Case

2021-10-14 17:03:54 - [MESSAGE][INFO] - Starting to call Test Case 'Test Cases/Tablo/TablodanVeriSec'

2021-10-14 17:03:54 - [TEST_CASE][PASSED] - Test Cases/Tablo/TablodanVeriSec: Test Cases/Tablo/TablodanVeriSec

2021-10-14 17:03:54 - [TEST_STEP][PASSED] - Method.TextDegerineEsitElementinAltindakineTikla(findTestObject("Tablo/Veriler"), findTestObject("Tablo/VerininCheckBoxi"), Veri_Adi): Method.TextDegerineEsitElementinAltindakineTikla is PASSED

2021-10-14 17:03:54 - [MESSAGE][INFO] - Finding Test Object 'Object Repository/Tablo/Veriler'

2021-10-14 17:03:54 - [MESSAGE][INFO] - Finding Test Object 'Object Repository/Tablo/VerininCheckBoxi'

2021-10-14 17:03:54 - [MESSAGE][INFO] - Checking timeout

2021-10-14 17:03:54 - [MESSAGE][INFO] - Finding web element with id: 'Object Repository/Tablo/Veriler' located by 'By.cssSelector: td.dxgv b ,td.dxgv' in '10' second(s)

2021-10-14 17:03:54 - [MESSAGE][INFO] - Smart Wait Function is triggered

2021-10-14 17:03:54 - [MESSAGE][INFO] - Found 120 web elements with id: 'Object Repository/Tablo/Veriler' located by 'By.cssSelector: td.dxgv b ,td.dxgv' in '10' second(s)

2021-10-14 17:03:55 - [MESSAGE][INFO] - Smart Wait Function is triggered

2021-10-14 17:03:55 - [MESSAGE][PASSED] - Method.TextDegerineEsitElementinAltindakineTikla is PASSED

2021-10-14 17:03:55 - [MESSAGE][PASSED] - Call Test Case 'Test Cases/Tablo/TablodanVeriSec' successfully

2021-10-14 17:03:55 - [MESSAGE][INFO] - Checking called Test Case

2021-10-14 17:03:55 - [MESSAGE][INFO] - Starting to call Test Case 'Test Cases/Butonlar/ButonaTikla'

2021-10-14 17:03:55 - [TEST_CASE][PASSED] - Test Cases/Butonlar/ButonaTikla: Test Cases/Butonlar/ButonaTikla

2021-10-14 17:03:55 - [TEST_STEP][PASSED] - Method.TextDegerineEsitElementeTiklaEquals(findTestObject("Butonlar/Butonlar"), Buton_Adi): Method.TextDegerineEsitElementeTiklaEquals is PASSED

2021-10-14 17:03:55 - [MESSAGE][INFO] - Finding Test Object 'Object Repository/Butonlar/Butonlar'

2021-10-14 17:03:55 - [MESSAGE][INFO] - Checking timeout

2021-10-14 17:03:55 - [MESSAGE][INFO] - Finding web element with id: 'Object Repository/Butonlar/Butonlar' located by 'By.cssSelector: .panel.panel-default.text-center.footerPanel .btn,.btn.btn-primary.btnControls' in '10' second(s)

2021-10-14 17:03:55 - [MESSAGE][INFO] - Smart Wait Function is triggered

2021-10-14 17:03:55 - [MESSAGE][INFO] - Found 10 web elements with id: 'Object Repository/Butonlar/Butonlar' located by 'By.cssSelector: .panel.panel-default.text-center.footerPanel .btn,.btn.btn-primary.btnControls' in '10' second(s)

2021-10-14 17:03:56 - [MESSAGE][PASSED] - Method.TextDegerineEsitElementeTiklaEquals is PASSED

2021-10-14 17:03:56 - [MESSAGE][PASSED] - Call Test Case 'Test Cases/Butonlar/ButonaTikla' successfully

2021-10-14 17:03:56 - [MESSAGE][INFO] - Checking called Test Case

2021-10-14 17:03:56 - [MESSAGE][INFO] - Starting to call Test Case 'Test Cases/Popup/PopupMesajiIceriyorMu'

2021-10-14 17:03:56 - [TEST_CASE][PASSED] - Test Cases/Popup/PopupMesajiIceriyorMu: Test Cases/Popup/PopupMesajiIceriyorMu

2021-10-14 17:03:56 - [TEST_STEP][PASSED] - waitForElementVisible(findTestObject("Popup/Popup"), 10): Object 'Object Repository/Popup/Popup' is visible

2021-10-14 17:03:56 - [MESSAGE][INFO] - Finding Test Object 'Object Repository/Popup/Popup'

2021-10-14 17:03:56 - [MESSAGE][INFO] - Checking object

2021-10-14 17:03:56 - [MESSAGE][INFO] - Checking timeout

2021-10-14 17:03:56 - [MESSAGE][INFO] - Finding web element from Test Object's properties

2021-10-14 17:03:56 - [MESSAGE][INFO] - Checking timeout

2021-10-14 17:03:56 - [MESSAGE][INFO] - Finding web element with id: 'Object Repository/Popup/Popup' located by 'By.cssSelector: .bootbox-body' in '10' second(s)

2021-10-14 17:03:56 - [MESSAGE][INFO] - Smart Wait Function is triggered

2021-10-14 17:03:57 - [MESSAGE][INFO] - Found 1 web elements with id: 'Object Repository/Popup/Popup' located by 'By.cssSelector: .bootbox-body' in '10' second(s)

2021-10-14 17:03:57 - [MESSAGE][PASSED] - Object 'Object Repository/Popup/Popup' is visible

2021-10-14 17:03:57 - [TEST_STEP][PASSED] - if (!(getText(findTestObject("Popup/Popup")).contains(Mesaj))): Text of object 'Object Repository/Popup/Popup' is: 'Oluşturulacak fatura numarası : EFA2021000000470 Fatura numarası oluşturulduktan sonra fatura silinemez. Fatura numarası, tarihi ve ön eki değiştirilemez. Devam etmek istiyor musunuz?'

2021-10-14 17:03:57 - [MESSAGE][INFO] - Finding Test Object 'Object Repository/Popup/Popup'

2021-10-14 17:03:57 - [MESSAGE][INFO] - Checking object

2021-10-14 17:03:57 - [MESSAGE][INFO] - Finding web element from Test Object's properties

2021-10-14 17:03:57 - [MESSAGE][INFO] - Checking timeout

2021-10-14 17:03:57 - [MESSAGE][INFO] - Finding web element with id: 'Object Repository/Popup/Popup' located by 'By.cssSelector: .bootbox-body' in '30' second(s)

2021-10-14 17:03:57 - [MESSAGE][INFO] - Smart Wait Function is triggered

2021-10-14 17:03:57 - [MESSAGE][INFO] - Found 1 web elements with id: 'Object Repository/Popup/Popup' located by 'By.cssSelector: .bootbox-body' in '30' second(s)

2021-10-14 17:03:57 - [MESSAGE][INFO] - Getting text of object 'Object Repository/Popup/Popup'

2021-10-14 17:03:57 - [MESSAGE][PASSED] - Text of object 'Object Repository/Popup/Popup' is: 'Oluşturulacak fatura numarası : EFA2021000000470 Fatura numarası oluşturulduktan sonra fatura silinemez. Fatura numarası, tarihi ve ön eki değiştirilemez. Devam etmek istiyor musunuz?'

2021-10-14 17:03:57 - [TEST_STEP][PASSED] - RaporNo = getText(findTestObject("Popup/Popup")).substring(0, 6): Text of object 'Object Repository/Popup/Popup' is: 'Oluşturulacak fatura numarası : EFA2021000000470 Fatura numarası oluşturulduktan sonra fatura silinemez. Fatura numarası, tarihi ve ön eki değiştirilemez. Devam etmek istiyor musunuz?'

2021-10-14 17:03:57 - [MESSAGE][INFO] - Finding Test Object 'Object Repository/Popup/Popup'

2021-10-14 17:03:57 - [MESSAGE][INFO] - Checking object

2021-10-14 17:03:57 - [MESSAGE][INFO] - Finding web element from Test Object's properties

2021-10-14 17:03:57 - [MESSAGE][INFO] - Checking timeout

2021-10-14 17:03:57 - [MESSAGE][INFO] - Finding web element with id: 'Object Repository/Popup/Popup' located by 'By.cssSelector: .bootbox-body' in '30' second(s)

2021-10-14 17:03:57 - [MESSAGE][INFO] - Smart Wait Function is triggered

2021-10-14 17:03:57 - [MESSAGE][INFO] - Found 1 web elements with id: 'Object Repository/Popup/Popup' located by 'By.cssSelector: .bootbox-body' in '30' second(s)

2021-10-14 17:03:57 - [MESSAGE][INFO] - Getting text of object 'Object Repository/Popup/Popup'

2021-10-14 17:03:57 - [MESSAGE][PASSED] - Text of object 'Object Repository/Popup/Popup' is: 'Oluşturulacak fatura numarası : EFA2021000000470 Fatura numarası oluşturulduktan sonra fatura silinemez. Fatura numarası, tarihi ve ön eki değiştirilemez. Devam etmek istiyor musunuz?'

2021-10-14 17:03:57 - [TEST_STEP][PASSED] - Console.println(RaporNo): null

2021-10-14 17:03:57 - [MESSAGE][PASSED] - Call Test Case 'Test Cases/Popup/PopupMesajiIceriyorMu' successfully

2021-10-14 17:03:57 - [MESSAGE][INFO] - Checking called Test Case

2021-10-14 17:03:57 - [MESSAGE][INFO] - Starting to call Test Case 'Test Cases/Popup/PopupButonSecilir'

2021-10-14 17:03:57 - [TEST_CASE][PASSED] - Test Cases/Popup/PopupButonSecilir: Test Cases/Popup/PopupButonSecilir

2021-10-14 17:03:58 - [TEST_STEP][PASSED] - Method.TextDegerineEsitElementeTikla(findTestObject("Popup/Popup_Butons"), Buton): Method.TextDegerineEsitElementeTikla is PASSED

2021-10-14 17:03:58 - [MESSAGE][INFO] - Finding Test Object 'Object Repository/Popup/Popup_Butons'

2021-10-14 17:03:58 - [MESSAGE][INFO] - Checking timeout

2021-10-14 17:03:58 - [MESSAGE][INFO] - Finding web element with id: 'Object Repository/Popup/Popup_Butons' located by 'By.cssSelector: .modal-footer>button' in '10' second(s)

2021-10-14 17:03:58 - [MESSAGE][INFO] - Smart Wait Function is triggered

2021-10-14 17:03:58 - [MESSAGE][INFO] - Found 2 web elements with id: 'Object Repository/Popup/Popup_Butons' located by 'By.cssSelector: .modal-footer>button' in '10' second(s)

2021-10-14 17:03:59 - [MESSAGE][PASSED] - Method.TextDegerineEsitElementeTikla is PASSED

2021-10-14 17:03:59 - [MESSAGE][PASSED] - Call Test Case 'Test Cases/Popup/PopupButonSecilir' successfully

2021-10-14 17:03:59 - [MESSAGE][INFO] - Checking called Test Case

2021-10-14 17:03:59 - [MESSAGE][INFO] - Starting to call Test Case 'Test Cases/Popup/PopupMesajiIceriyorMu'

2021-10-14 17:03:59 - [TEST_CASE][PASSED] - Test Cases/Popup/PopupMesajiIceriyorMu: Test Cases/Popup/PopupMesajiIceriyorMu

2021-10-14 17:03:59 - [TEST_STEP][PASSED] - waitForElementVisible(findTestObject("Popup/Popup"), 10): Object 'Object Repository/Popup/Popup' is visible

2021-10-14 17:03:59 - [MESSAGE][INFO] - Finding Test Object 'Object Repository/Popup/Popup'

2021-10-14 17:03:59 - [MESSAGE][INFO] - Checking object

2021-10-14 17:03:59 - [MESSAGE][INFO] - Checking timeout

2021-10-14 17:03:59 - [MESSAGE][INFO] - Finding web element from Test Object's properties

2021-10-14 17:03:59 - [MESSAGE][INFO] - Checking timeout

2021-10-14 17:03:59 - [MESSAGE][INFO] - Finding web element with id: 'Object Repository/Popup/Popup' located by 'By.cssSelector: .bootbox-body' in '10' second(s)

2021-10-14 17:03:59 - [MESSAGE][INFO] - Smart Wait Function is triggered

2021-10-14 17:04:00 - [MESSAGE][INFO] - Found 1 web elements with id: 'Object Repository/Popup/Popup' located by 'By.cssSelector: .bootbox-body' in '10' second(s)

2021-10-14 17:04:00 - [MESSAGE][PASSED] - Object 'Object Repository/Popup/Popup' is visible

2021-10-14 17:04:00 - [TEST_STEP][PASSED] - if (!(getText(findTestObject("Popup/Popup")).contains(Mesaj))): Text of object 'Object Repository/Popup/Popup' is: 'Fatura numaranız EFA2021000000470 olarak oluşmuştur.'

2021-10-14 17:04:00 - [MESSAGE][INFO] - Finding Test Object 'Object Repository/Popup/Popup'

2021-10-14 17:04:00 - [MESSAGE][INFO] - Checking object

2021-10-14 17:04:00 - [MESSAGE][INFO] - Finding web element from Test Object's properties

2021-10-14 17:04:00 - [MESSAGE][INFO] - Checking timeout

2021-10-14 17:04:00 - [MESSAGE][INFO] - Finding web element with id: 'Object Repository/Popup/Popup' located by 'By.cssSelector: .bootbox-body' in '30' second(s)

2021-10-14 17:04:00 - [MESSAGE][INFO] - Smart Wait Function is triggered

2021-10-14 17:04:00 - [MESSAGE][INFO] - Found 1 web elements with id: 'Object Repository/Popup/Popup' located by 'By.cssSelector: .bootbox-body' in '30' second(s)

2021-10-14 17:04:00 - [MESSAGE][INFO] - Getting text of object 'Object Repository/Popup/Popup'

2021-10-14 17:04:00 - [MESSAGE][PASSED] - Text of object 'Object Repository/Popup/Popup' is: 'Fatura numaranız EFA2021000000470 olarak oluşmuştur.'

2021-10-14 17:04:00 - [TEST_STEP][PASSED] - RaporNo = getText(findTestObject("Popup/Popup")).substring(0, 6): Text of object 'Object Repository/Popup/Popup' is: 'Fatura numaranız EFA2021000000470 olarak oluşmuştur.'

2021-10-14 17:04:00 - [MESSAGE][INFO] - Finding Test Object 'Object Repository/Popup/Popup'

2021-10-14 17:04:00 - [MESSAGE][INFO] - Checking object

2021-10-14 17:04:00 - [MESSAGE][INFO] - Finding web element from Test Object's properties

2021-10-14 17:04:00 - [MESSAGE][INFO] - Checking timeout

2021-10-14 17:04:00 - [MESSAGE][INFO] - Finding web element with id: 'Object Repository/Popup/Popup' located by 'By.cssSelector: .bootbox-body' in '30' second(s)

2021-10-14 17:04:00 - [MESSAGE][INFO] - Smart Wait Function is triggered

2021-10-14 17:04:00 - [MESSAGE][INFO] - Found 1 web elements with id: 'Object Repository/Popup/Popup' located by 'By.cssSelector: .bootbox-body' in '30' second(s)

2021-10-14 17:04:00 - [MESSAGE][INFO] - Getting text of object 'Object Repository/Popup/Popup'

2021-10-14 17:04:00 - [MESSAGE][PASSED] - Text of object 'Object Repository/Popup/Popup' is: 'Fatura numaranız EFA2021000000470 olarak oluşmuştur.'

2021-10-14 17:04:00 - [TEST_STEP][PASSED] - Console.println(RaporNo): null

2021-10-14 17:04:00 - [MESSAGE][PASSED] - Call Test Case 'Test Cases/Popup/PopupMesajiIceriyorMu' successfully

2021-10-14 17:04:00 - [MESSAGE][INFO] - Checking called Test Case

2021-10-14 17:04:00 - [MESSAGE][INFO] - Starting to call Test Case 'Test Cases/Popup/PopupButonSecilir'

2021-10-14 17:04:00 - [TEST_CASE][PASSED] - Test Cases/Popup/PopupButonSecilir: Test Cases/Popup/PopupButonSecilir

2021-10-14 17:04:00 - [TEST_STEP][PASSED] - Method.TextDegerineEsitElementeTikla(findTestObject("Popup/Popup_Butons"), Buton): Method.TextDegerineEsitElementeTikla is PASSED

2021-10-14 17:04:00 - [MESSAGE][INFO] - Finding Test Object 'Object Repository/Popup/Popup_Butons'

2021-10-14 17:04:00 - [MESSAGE][INFO] - Checking timeout

2021-10-14 17:04:00 - [MESSAGE][INFO] - Finding web element with id: 'Object Repository/Popup/Popup_Butons' located by 'By.cssSelector: .modal-footer>button' in '10' second(s)

2021-10-14 17:04:00 - [MESSAGE][INFO] - Smart Wait Function is triggered

2021-10-14 17:04:01 - [MESSAGE][INFO] - Found 1 web elements with id: 'Object Repository/Popup/Popup_Butons' located by 'By.cssSelector: .modal-footer>button' in '10' second(s)

2021-10-14 17:04:01 - [MESSAGE][PASSED] - Method.TextDegerineEsitElementeTikla is PASSED

2021-10-14 17:04:01 - [MESSAGE][PASSED] - Call Test Case 'Test Cases/Popup/PopupButonSecilir' successfully

2021-10-14 17:04:01 - [MESSAGE][INFO] - Checking called Test Case

2021-10-14 17:04:01 - [MESSAGE][INFO] - Starting to call Test Case 'Test Cases/Tablo/TablodanVeriSec'

2021-10-14 17:04:01 - [TEST_CASE][PASSED] - Test Cases/Tablo/TablodanVeriSec: Test Cases/Tablo/TablodanVeriSec

2021-10-14 17:04:01 - [TEST_STEP][PASSED] - Method.TextDegerineEsitElementinAltindakineTikla(findTestObject("Tablo/Veriler"), findTestObject("Tablo/VerininCheckBoxi"), Veri_Adi): Method.TextDegerineEsitElementinAltindakineTikla is PASSED

2021-10-14 17:04:01 - [MESSAGE][INFO] - Finding Test Object 'Object Repository/Tablo/Veriler'

2021-10-14 17:04:01 - [MESSAGE][INFO] - Finding Test Object 'Object Repository/Tablo/VerininCheckBoxi'

2021-10-14 17:04:01 - [MESSAGE][INFO] - Checking timeout

2021-10-14 17:04:01 - [MESSAGE][INFO] - Finding web element with id: 'Object Repository/Tablo/Veriler' located by 'By.cssSelector: td.dxgv b ,td.dxgv' in '10' second(s)

2021-10-14 17:04:01 - [MESSAGE][INFO] - Smart Wait Function is triggered

2021-10-14 17:04:02 - [MESSAGE][INFO] - Found 120 web elements with id: 'Object Repository/Tablo/Veriler' located by 'By.cssSelector: td.dxgv b ,td.dxgv' in '10' second(s)

2021-10-14 17:04:02 - [MESSAGE][INFO] - Smart Wait Function is triggered

2021-10-14 17:04:02 - [MESSAGE][PASSED] - Method.TextDegerineEsitElementinAltindakineTikla is PASSED

2021-10-14 17:04:02 - [MESSAGE][PASSED] - Call Test Case 'Test Cases/Tablo/TablodanVeriSec' successfully

2021-10-14 17:04:02 - [MESSAGE][INFO] - Checking called Test Case

2021-10-14 17:04:02 - [MESSAGE][INFO] - Starting to call Test Case 'Test Cases/Butonlar/ButonaTikla'

2021-10-14 17:04:02 - [TEST_CASE][PASSED] - Test Cases/Butonlar/ButonaTikla: Test Cases/Butonlar/ButonaTikla

2021-10-14 17:04:02 - [TEST_STEP][PASSED] - Method.TextDegerineEsitElementeTiklaEquals(findTestObject("Butonlar/Butonlar"), Buton_Adi): Method.TextDegerineEsitElementeTiklaEquals is PASSED

2021-10-14 17:04:02 - [MESSAGE][INFO] - Finding Test Object 'Object Repository/Butonlar/Butonlar'

2021-10-14 17:04:02 - [MESSAGE][INFO] - Checking timeout

2021-10-14 17:04:02 - [MESSAGE][INFO] - Finding web element with id: 'Object Repository/Butonlar/Butonlar' located by 'By.cssSelector: .panel.panel-default.text-center.footerPanel .btn,.btn.btn-primary.btnControls' in '10' second(s)

2021-10-14 17:04:02 - [MESSAGE][INFO] - Smart Wait Function is triggered

2021-10-14 17:04:02 - [MESSAGE][INFO] - Found 10 web elements with id: 'Object Repository/Butonlar/Butonlar' located by 'By.cssSelector: .panel.panel-default.text-center.footerPanel .btn,.btn.btn-primary.btnControls' in '10' second(s)

2021-10-14 17:04:03 - [MESSAGE][PASSED] - Method.TextDegerineEsitElementeTiklaEquals is PASSED

2021-10-14 17:04:03 - [MESSAGE][PASSED] - Call Test Case 'Test Cases/Butonlar/ButonaTikla' successfully

2021-10-14 17:04:03 - [MESSAGE][INFO] - Checking called Test Case

2021-10-14 17:04:03 - [MESSAGE][INFO] - Starting to call Test Case 'Test Cases/Sekmeler/YeniSekmeyeGec'

2021-10-14 17:04:03 - [TEST_CASE][PASSED] - Test Cases/Sekmeler/YeniSekmeyeGec: Test Cases/Sekmeler/YeniSekmeyeGec

2021-10-14 17:04:03 - [TEST_STEP][PASSED] - switchToWindowIndex(1): Switched to window with index: '1'

2021-10-14 17:04:03 - [MESSAGE][INFO] - Checking index

2021-10-14 17:04:03 - [MESSAGE][INFO] - Switching window with index: '1'

2021-10-14 17:04:03 - [MESSAGE][PASSED] - Switched to window with index: '1'

2021-10-14 17:04:03 - [MESSAGE][PASSED] - Call Test Case 'Test Cases/Sekmeler/YeniSekmeyeGec' successfully

2021-10-14 17:04:03 - [MESSAGE][INFO] - Checking called Test Case

2021-10-14 17:04:03 - [MESSAGE][INFO] - Starting to call Test Case 'Test Cases/Sekmeler/YeniSekmeBasligindaVarMi'

2021-10-14 17:04:03 - [TEST_CASE][PASSED] - Test Cases/Sekmeler/YeniSekmeBasligindaVarMi: Test Cases/Sekmeler/YeniSekmeBasligindaVarMi

2021-10-14 17:04:04 - [TEST_STEP][PASSED] - verifyElementText(findTestObject("Object Repository/Sekmeler/Olusturma_Goster_Baslik"), Title): Actual text and expected text of test object 'Object Repository/Sekmeler/Olusturma_Goster_Baslik' are matched.

2021-10-14 17:04:04 - [MESSAGE][INFO] - Finding Test Object 'Object Repository/Sekmeler/Olusturma_Goster_Baslik'

2021-10-14 17:04:04 - [MESSAGE][INFO] - Checking object

2021-10-14 17:04:04 - [MESSAGE][INFO] - Finding web element from Test Object's properties

2021-10-14 17:04:04 - [MESSAGE][INFO] - Checking timeout

2021-10-14 17:04:04 - [MESSAGE][INFO] - Finding web element with id: 'Object Repository/Sekmeler/Olusturma_Goster_Baslik' located by 'By.cssSelector: h1>span,td>font,font' in '30' second(s)

2021-10-14 17:04:04 - [MESSAGE][INFO] - Smart Wait Function is triggered

2021-10-14 17:04:04 - [MESSAGE][INFO] - Found 1 web elements with id: 'Object Repository/Sekmeler/Olusturma_Goster_Baslik' located by 'By.cssSelector: h1>span,td>font,font' in '30' second(s)

2021-10-14 17:04:04 - [MESSAGE][PASSED] - Actual text and expected text of test object 'Object Repository/Sekmeler/Olusturma_Goster_Baslik' are matched.

2021-10-14 17:04:04 - [MESSAGE][PASSED] - Call Test Case 'Test Cases/Sekmeler/YeniSekmeBasligindaVarMi' successfully

2021-10-14 17:04:04 - [MESSAGE][INFO] - Checking called Test Case

2021-10-14 17:04:04 - [MESSAGE][INFO] - Starting to call Test Case 'Test Cases/Sekmeler/Ana_Sekmeye_Gec'

2021-10-14 17:04:04 - [TEST_CASE][PASSED] - Test Cases/Sekmeler/Ana_Sekmeye_Gec: Test Cases/Sekmeler/Ana_Sekmeye_Gec

2021-10-14 17:04:05 - [TEST_STEP][PASSED] - try: Window with index 1 is closed

2021-10-14 17:04:05 - [TEST_STEP][PASSED] - index = getWindowIndex(): Current window's index is: 1

2021-10-14 17:04:05 - [MESSAGE][INFO] - Getting current window's index

2021-10-14 17:04:05 - [MESSAGE][PASSED] - Current window's index is: 1

2021-10-14 17:04:05 - [TEST_STEP][PASSED] - closeWindowIndex(index): Window with index 1 is closed

2021-10-14 17:04:05 - [MESSAGE][INFO] - Checking index

2021-10-14 17:04:05 - [MESSAGE][INFO] - Closing window with index 1

2021-10-14 17:04:05 - [MESSAGE][PASSED] - Window with index 1 is closed

2021-10-14 17:04:05 - [TEST_STEP][PASSED] - switchToWindowIndex(0): Switched to window with index: '0'

2021-10-14 17:04:05 - [MESSAGE][INFO] - Checking index

2021-10-14 17:04:05 - [MESSAGE][INFO] - Switching window with index: '0'

2021-10-14 17:04:05 - [MESSAGE][PASSED] - Switched to window with index: '0'

2021-10-14 17:04:05 - [MESSAGE][PASSED] - Call Test Case 'Test Cases/Sekmeler/Ana_Sekmeye_Gec' successfully

2021-10-14 17:04:05 - [MESSAGE][INFO] - Checking called Test Case

2021-10-14 17:04:05 - [MESSAGE][INFO] - Starting to call Test Case 'Test Cases/Butonlar/ButonaTikla'

2021-10-14 17:04:05 - [TEST_CASE][PASSED] - Test Cases/Butonlar/ButonaTikla: Test Cases/Butonlar/ButonaTikla

2021-10-14 17:04:05 - [TEST_STEP][PASSED] - Method.TextDegerineEsitElementeTiklaEquals(findTestObject("Butonlar/Butonlar"), Buton_Adi): Method.TextDegerineEsitElementeTiklaEquals is PASSED

2021-10-14 17:04:05 - [MESSAGE][INFO] - Finding Test Object 'Object Repository/Butonlar/Butonlar'

2021-10-14 17:04:05 - [MESSAGE][INFO] - Checking timeout

2021-10-14 17:04:05 - [MESSAGE][INFO] - Finding web element with id: 'Object Repository/Butonlar/Butonlar' located by 'By.cssSelector: .panel.panel-default.text-center.footerPanel .btn,.btn.btn-primary.btnControls' in '10' second(s)

2021-10-14 17:04:05 - [MESSAGE][INFO] - Smart Wait Function is triggered

2021-10-14 17:04:06 - [MESSAGE][INFO] - Found 10 web elements with id: 'Object Repository/Butonlar/Butonlar' located by 'By.cssSelector: .panel.panel-default.text-center.footerPanel .btn,.btn.btn-primary.btnControls' in '10' second(s)

2021-10-14 17:04:06 - [MESSAGE][PASSED] - Method.TextDegerineEsitElementeTiklaEquals is PASSED

2021-10-14 17:04:06 - [MESSAGE][PASSED] - Call Test Case 'Test Cases/Butonlar/ButonaTikla' successfully

2021-10-14 17:04:06 - [MESSAGE][INFO] - Checking called Test Case

2021-10-14 17:04:06 - [MESSAGE][INFO] - Starting to call Test Case 'Test Cases/Sekmeler/YeniSekmeyeGec'

2021-10-14 17:04:06 - [TEST_CASE][PASSED] - Test Cases/Sekmeler/YeniSekmeyeGec: Test Cases/Sekmeler/YeniSekmeyeGec

2021-10-14 17:04:06 - [TEST_STEP][PASSED] - switchToWindowIndex(1): Switched to window with index: '1'

2021-10-14 17:04:06 - [MESSAGE][INFO] - Checking index

2021-10-14 17:04:06 - [MESSAGE][INFO] - Switching window with index: '1'

2021-10-14 17:04:06 - [MESSAGE][PASSED] - Switched to window with index: '1'

2021-10-14 17:04:06 - [MESSAGE][PASSED] - Call Test Case 'Test Cases/Sekmeler/YeniSekmeyeGec' successfully

2021-10-14 17:04:06 - [MESSAGE][INFO] - Checking called Test Case

2021-10-14 17:04:06 - [MESSAGE][INFO] - Starting to call Test Case 'Test Cases/Sekmeler/TagGeldiMi'

2021-10-14 17:04:06 - [TEST_CASE][PASSED] - Test Cases/Sekmeler/TagGeldiMi: Test Cases/Sekmeler/TagGeldiMi

2021-10-14 17:04:07 - [TEST_STEP][PASSED] - waitForElementPresent(findTestObject("Object Repository/Sekmeler/UBLTag"), 10): Object 'Object Repository/Sekmeler/UBLTag' is present

2021-10-14 17:04:07 - [MESSAGE][INFO] - Finding Test Object 'Object Repository/Sekmeler/UBLTag'

2021-10-14 17:04:07 - [MESSAGE][INFO] - Checking object

2021-10-14 17:04:07 - [MESSAGE][INFO] - Finding web element from Test Object's properties

2021-10-14 17:04:07 - [MESSAGE][INFO] - Checking timeout

2021-10-14 17:04:07 - [MESSAGE][INFO] - Finding web element with id: 'Object Repository/Sekmeler/UBLTag' located by 'By.cssSelector: #webkit-xml-viewer-source-xml>:first-child' in '10' second(s)

2021-10-14 17:04:07 - [MESSAGE][INFO] - Smart Wait Function is triggered

2021-10-14 17:04:07 - [MESSAGE][INFO] - Found 1 web elements with id: 'Object Repository/Sekmeler/UBLTag' located by 'By.cssSelector: #webkit-xml-viewer-source-xml>:first-child' in '10' second(s)

2021-10-14 17:04:07 - [MESSAGE][PASSED] - Object 'Object Repository/Sekmeler/UBLTag' is present

2021-10-14 17:04:07 - [TEST_STEP][PASSED] - println(toLowerCase().toString()): Found 1 web elements with id: 'Object Repository/Sekmeler/UBLTag' located by 'By.cssSelector: #webkit-xml-viewer-source-xml>:first-child' in '10' second(s)

2021-10-14 17:04:07 - [MESSAGE][INFO] - Finding Test Object 'Object Repository/Sekmeler/UBLTag'

2021-10-14 17:04:07 - [MESSAGE][INFO] - Finding web element from Test Object's properties

2021-10-14 17:04:07 - [MESSAGE][INFO] - Checking timeout

2021-10-14 17:04:07 - [MESSAGE][INFO] - Finding web element with id: 'Object Repository/Sekmeler/UBLTag' located by 'By.cssSelector: #webkit-xml-viewer-source-xml>:first-child' in '10' second(s)

2021-10-14 17:04:07 - [MESSAGE][INFO] - Smart Wait Function is triggered

2021-10-14 17:04:07 - [MESSAGE][INFO] - Found 1 web elements with id: 'Object Repository/Sekmeler/UBLTag' located by 'By.cssSelector: #webkit-xml-viewer-source-xml>:first-child' in '10' second(s)

2021-10-14 17:04:07 - [TEST_STEP][PASSED] - if (!(toString().contains(toString().toLowerCase()))): Found 1 web elements with id: 'Object Repository/Sekmeler/UBLTag' located by 'By.cssSelector: #webkit-xml-viewer-source-xml>:first-child' in '10' second(s)

2021-10-14 17:04:07 - [MESSAGE][INFO] - Finding Test Object 'Object Repository/Sekmeler/UBLTag'

2021-10-14 17:04:07 - [MESSAGE][INFO] - Finding web element from Test Object's properties

2021-10-14 17:04:07 - [MESSAGE][INFO] - Checking timeout

2021-10-14 17:04:07 - [MESSAGE][INFO] - Finding web element with id: 'Object Repository/Sekmeler/UBLTag' located by 'By.cssSelector: #webkit-xml-viewer-source-xml>:first-child' in '10' second(s)

2021-10-14 17:04:07 - [MESSAGE][INFO] - Smart Wait Function is triggered

2021-10-14 17:04:07 - [MESSAGE][INFO] - Found 1 web elements with id: 'Object Repository/Sekmeler/UBLTag' located by 'By.cssSelector: #webkit-xml-viewer-source-xml>:first-child' in '10' second(s)

2021-10-14 17:04:07 - [MESSAGE][PASSED] - Call Test Case 'Test Cases/Sekmeler/TagGeldiMi' successfully

2021-10-14 17:04:07 - [MESSAGE][INFO] - Checking called Test Case

2021-10-14 17:04:07 - [MESSAGE][INFO] - Starting to call Test Case 'Test Cases/Sekmeler/Ana_Sekmeye_Gec'

2021-10-14 17:04:07 - [TEST_CASE][PASSED] - Test Cases/Sekmeler/Ana_Sekmeye_Gec: Test Cases/Sekmeler/Ana_Sekmeye_Gec

2021-10-14 17:04:07 - [TEST_STEP][PASSED] - try: Window with index 1 is closed

2021-10-14 17:04:07 - [TEST_STEP][PASSED] - index = getWindowIndex(): Current window's index is: 1

2021-10-14 17:04:07 - [MESSAGE][INFO] - Getting current window's index

2021-10-14 17:04:07 - [MESSAGE][PASSED] - Current window's index is: 1

2021-10-14 17:04:07 - [TEST_STEP][PASSED] - closeWindowIndex(index): Window with index 1 is closed

2021-10-14 17:04:07 - [MESSAGE][INFO] - Checking index

2021-10-14 17:04:07 - [MESSAGE][INFO] - Closing window with index 1

2021-10-14 17:04:07 - [MESSAGE][PASSED] - Window with index 1 is closed

2021-10-14 17:04:07 - [TEST_STEP][PASSED] - switchToWindowIndex(0): Switched to window with index: '0'

2021-10-14 17:04:07 - [MESSAGE][INFO] - Checking index

2021-10-14 17:04:07 - [MESSAGE][INFO] - Switching window with index: '0'

2021-10-14 17:04:07 - [MESSAGE][PASSED] - Switched to window with index: '0'

2021-10-14 17:04:07 - [MESSAGE][PASSED] - Call Test Case 'Test Cases/Sekmeler/Ana_Sekmeye_Gec' successfully

2021-10-14 17:04:07 - [MESSAGE][INFO] - Checking called Test Case

2021-10-14 17:04:07 - [MESSAGE][INFO] - Starting to call Test Case 'Test Cases/Butonlar/ButonaTikla'

2021-10-14 17:04:07 - [TEST_CASE][PASSED] - Test Cases/Butonlar/ButonaTikla: Test Cases/Butonlar/ButonaTikla

2021-10-14 17:04:07 - [TEST_STEP][PASSED] - Method.TextDegerineEsitElementeTiklaEquals(findTestObject("Butonlar/Butonlar"), Buton_Adi): Method.TextDegerineEsitElementeTiklaEquals is PASSED

2021-10-14 17:04:07 - [MESSAGE][INFO] - Finding Test Object 'Object Repository/Butonlar/Butonlar'

2021-10-14 17:04:07 - [MESSAGE][INFO] - Checking timeout

2021-10-14 17:04:07 - [MESSAGE][INFO] - Finding web element with id: 'Object Repository/Butonlar/Butonlar' located by 'By.cssSelector: .panel.panel-default.text-center.footerPanel .btn,.btn.btn-primary.btnControls' in '10' second(s)

2021-10-14 17:04:07 - [MESSAGE][INFO] - Smart Wait Function is triggered

2021-10-14 17:04:08 - [MESSAGE][INFO] - Found 10 web elements with id: 'Object Repository/Butonlar/Butonlar' located by 'By.cssSelector: .panel.panel-default.text-center.footerPanel .btn,.btn.btn-primary.btnControls' in '10' second(s)

2021-10-14 17:04:08 - [MESSAGE][PASSED] - Method.TextDegerineEsitElementeTiklaEquals is PASSED

2021-10-14 17:04:08 - [MESSAGE][PASSED] - Call Test Case 'Test Cases/Butonlar/ButonaTikla' successfully

2021-10-14 17:04:08 - [MESSAGE][INFO] - Checking called Test Case

2021-10-14 17:04:08 - [MESSAGE][INFO] - Starting to call Test Case 'Test Cases/Butonlar/AltButonaTikla'

2021-10-14 17:04:08 - [TEST_CASE][PASSED] - Test Cases/Butonlar/AltButonaTikla: Test Cases/Butonlar/AltButonaTikla

2021-10-14 17:04:08 - [TEST_STEP][PASSED] - Method.TextDegerineEsitElementeTikla(findTestObject("Butonlar/AltButonlar"), Alt_Buton): Method.TextDegerineEsitElementeTikla is PASSED

2021-10-14 17:04:08 - [MESSAGE][INFO] - Finding Test Object 'Object Repository/Butonlar/AltButonlar'

2021-10-14 17:04:09 - [MESSAGE][INFO] - Checking timeout

2021-10-14 17:04:09 - [MESSAGE][INFO] - Finding web element with id: 'Object Repository/Butonlar/AltButonlar' located by 'By.cssSelector: .btn-group.open li>a' in '10' second(s)

2021-10-14 17:04:09 - [MESSAGE][INFO] - Smart Wait Function is triggered

2021-10-14 17:04:09 - [MESSAGE][INFO] - Found 2 web elements with id: 'Object Repository/Butonlar/AltButonlar' located by 'By.cssSelector: .btn-group.open li>a' in '10' second(s)

2021-10-14 17:04:10 - [MESSAGE][PASSED] - Method.TextDegerineEsitElementeTikla is PASSED

2021-10-14 17:04:10 - [MESSAGE][PASSED] - Call Test Case 'Test Cases/Butonlar/AltButonaTikla' successfully

2021-10-14 17:04:10 - [MESSAGE][INFO] - Checking called Test Case

2021-10-14 17:04:10 - [MESSAGE][INFO] - Starting to call Test Case 'Test Cases/Butonlar/DosyaIndirildiMi'

2021-10-14 17:04:10 - [TEST_CASE][PASSED] - Test Cases/Butonlar/DosyaIndirildiMi: Test Cases/Butonlar/DosyaIndirildiMi

2021-10-14 17:04:11 - [TEST_STEP][PASSED] - Method.isimliDosyaIndirildiMi(DownloadFile, FileName): Method.isimliDosyaIndirildiMi is PASSED

2021-10-14 17:04:11 - [MESSAGE][INFO] - Delaying browser in 3 second(s)

2021-10-14 17:04:14 - [MESSAGE][PASSED] - Delayed 3 second(s)

2021-10-14 17:04:14 - [MESSAGE][PASSED] - Method.isimliDosyaIndirildiMi is PASSED

2021-10-14 17:04:14 - [MESSAGE][PASSED] - Call Test Case 'Test Cases/Butonlar/DosyaIndirildiMi' successfully

2021-10-14 17:04:14 - [MESSAGE][INFO] - Checking called Test Case

2021-10-14 17:04:14 - [MESSAGE][INFO] - Starting to call Test Case 'Test Cases/Butonlar/ButonaTikla'

2021-10-14 17:04:14 - [TEST_CASE][PASSED] - Test Cases/Butonlar/ButonaTikla: Test Cases/Butonlar/ButonaTikla

2021-10-14 17:04:14 - [TEST_STEP][PASSED] - Method.TextDegerineEsitElementeTiklaEquals(findTestObject("Butonlar/Butonlar"), Buton_Adi): Method.TextDegerineEsitElementeTiklaEquals is PASSED

2021-10-14 17:04:14 - [MESSAGE][INFO] - Finding Test Object 'Object Repository/Butonlar/Butonlar'

2021-10-14 17:04:14 - [MESSAGE][INFO] - Checking timeout

2021-10-14 17:04:14 - [MESSAGE][INFO] - Finding web element with id: 'Object Repository/Butonlar/Butonlar' located by 'By.cssSelector: .panel.panel-default.text-center.footerPanel .btn,.btn.btn-primary.btnControls' in '10' second(s)

2021-10-14 17:04:14 - [MESSAGE][INFO] - Smart Wait Function is triggered

2021-10-14 17:04:14 - [MESSAGE][INFO] - Found 10 web elements with id: 'Object Repository/Butonlar/Butonlar' located by 'By.cssSelector: .panel.panel-default.text-center.footerPanel .btn,.btn.btn-primary.btnControls' in '10' second(s)

2021-10-14 17:04:14 - [MESSAGE][PASSED] - Method.TextDegerineEsitElementeTiklaEquals is PASSED

2021-10-14 17:04:14 - [MESSAGE][PASSED] - Call Test Case 'Test Cases/Butonlar/ButonaTikla' successfully

2021-10-14 17:04:14 - [MESSAGE][INFO] - Checking called Test Case

2021-10-14 17:04:14 - [MESSAGE][INFO] - Starting to call Test Case 'Test Cases/Butonlar/AltButonaTikla'

2021-10-14 17:04:14 - [TEST_CASE][PASSED] - Test Cases/Butonlar/AltButonaTikla: Test Cases/Butonlar/AltButonaTikla

2021-10-14 17:04:14 - [TEST_STEP][PASSED] - Method.TextDegerineEsitElementeTikla(findTestObject("Butonlar/AltButonlar"), Alt_Buton): Method.TextDegerineEsitElementeTikla is PASSED

2021-10-14 17:04:14 - [MESSAGE][INFO] - Finding Test Object 'Object Repository/Butonlar/AltButonlar'

2021-10-14 17:04:15 - [MESSAGE][INFO] - Checking timeout

2021-10-14 17:04:15 - [MESSAGE][INFO] - Finding web element with id: 'Object Repository/Butonlar/AltButonlar' located by 'By.cssSelector: .btn-group.open li>a' in '10' second(s)

2021-10-14 17:04:15 - [MESSAGE][INFO] - Smart Wait Function is triggered

2021-10-14 17:04:15 - [MESSAGE][INFO] - Found 2 web elements with id: 'Object Repository/Butonlar/AltButonlar' located by 'By.cssSelector: .btn-group.open li>a' in '10' second(s)

2021-10-14 17:04:15 - [MESSAGE][PASSED] - Method.TextDegerineEsitElementeTikla is PASSED

2021-10-14 17:04:15 - [MESSAGE][PASSED] - Call Test Case 'Test Cases/Butonlar/AltButonaTikla' successfully

2021-10-14 17:04:15 - [MESSAGE][INFO] - Checking called Test Case

2021-10-14 17:04:15 - [MESSAGE][INFO] - Starting to call Test Case 'Test Cases/Butonlar/DosyaIndirildiMi'

2021-10-14 17:04:15 - [TEST_CASE][PASSED] - Test Cases/Butonlar/DosyaIndirildiMi: Test Cases/Butonlar/DosyaIndirildiMi

2021-10-14 17:04:15 - [TEST_STEP][PASSED] - Method.isimliDosyaIndirildiMi(DownloadFile, FileName): Method.isimliDosyaIndirildiMi is PASSED

2021-10-14 17:04:15 - [MESSAGE][INFO] - Delaying browser in 3 second(s)

2021-10-14 17:04:18 - [MESSAGE][PASSED] - Delayed 3 second(s)

2021-10-14 17:04:18 - [MESSAGE][PASSED] - Method.isimliDosyaIndirildiMi is PASSED

2021-10-14 17:04:18 - [MESSAGE][PASSED] - Call Test Case 'Test Cases/Butonlar/DosyaIndirildiMi' successfully

2021-10-14 17:04:18 - [MESSAGE][INFO] - Checking called Test Case

2021-10-14 17:04:18 - [MESSAGE][INFO] - Starting to call Test Case 'Test Cases/Butonlar/ButonaTikla'

2021-10-14 17:04:18 - [TEST_CASE][PASSED] - Test Cases/Butonlar/ButonaTikla: Test Cases/Butonlar/ButonaTikla

2021-10-14 17:04:18 - [TEST_STEP][PASSED] - Method.TextDegerineEsitElementeTiklaEquals(findTestObject("Butonlar/Butonlar"), Buton_Adi): Method.TextDegerineEsitElementeTiklaEquals is PASSED

2021-10-14 17:04:18 - [MESSAGE][INFO] - Finding Test Object 'Object Repository/Butonlar/Butonlar'

2021-10-14 17:04:18 - [MESSAGE][INFO] - Checking timeout

2021-10-14 17:04:18 - [MESSAGE][INFO] - Finding web element with id: 'Object Repository/Butonlar/Butonlar' located by 'By.cssSelector: .panel.panel-default.text-center.footerPanel .btn,.btn.btn-primary.btnControls' in '10' second(s)

2021-10-14 17:04:18 - [MESSAGE][INFO] - Smart Wait Function is triggered

2021-10-14 17:04:19 - [MESSAGE][INFO] - Found 10 web elements with id: 'Object Repository/Butonlar/Butonlar' located by 'By.cssSelector: .panel.panel-default.text-center.footerPanel .btn,.btn.btn-primary.btnControls' in '10' second(s)

2021-10-14 17:04:20 - [MESSAGE][PASSED] - Method.TextDegerineEsitElementeTiklaEquals is PASSED

2021-10-14 17:04:20 - [MESSAGE][PASSED] - Call Test Case 'Test Cases/Butonlar/ButonaTikla' successfully

2021-10-14 17:04:20 - [MESSAGE][INFO] - Checking called Test Case

2021-10-14 17:04:20 - [MESSAGE][INFO] - Starting to call Test Case 'Test Cases/Popup/PopupMesajiIceriyorMu'

2021-10-14 17:04:20 - [TEST_CASE][PASSED] - Test Cases/Popup/PopupMesajiIceriyorMu: Test Cases/Popup/PopupMesajiIceriyorMu

2021-10-14 17:04:20 - [TEST_STEP][PASSED] - waitForElementVisible(findTestObject("Popup/Popup"), 10): Object 'Object Repository/Popup/Popup' is visible

2021-10-14 17:04:20 - [MESSAGE][INFO] - Finding Test Object 'Object Repository/Popup/Popup'

2021-10-14 17:04:20 - [MESSAGE][INFO] - Checking object

2021-10-14 17:04:20 - [MESSAGE][INFO] - Checking timeout

2021-10-14 17:04:20 - [MESSAGE][INFO] - Finding web element from Test Object's properties

2021-10-14 17:04:20 - [MESSAGE][INFO] - Checking timeout

2021-10-14 17:04:20 - [MESSAGE][INFO] - Finding web element with id: 'Object Repository/Popup/Popup' located by 'By.cssSelector: .bootbox-body' in '10' second(s)

2021-10-14 17:04:20 - [MESSAGE][INFO] - Smart Wait Function is triggered

2021-10-14 17:04:20 - [MESSAGE][INFO] - Found 1 web elements with id: 'Object Repository/Popup/Popup' located by 'By.cssSelector: .bootbox-body' in '10' second(s)

2021-10-14 17:04:20 - [MESSAGE][PASSED] - Object 'Object Repository/Popup/Popup' is visible

2021-10-14 17:04:20 - [TEST_STEP][PASSED] - if (!(getText(findTestObject("Popup/Popup")).contains(Mesaj))): Text of object 'Object Repository/Popup/Popup' is: 'EFA serisi için onaylanmamış belge(leri)niz bulunmaktadır.
Devam etmek istiyor musunuz?'

2021-10-14 17:04:20 - [MESSAGE][INFO] - Finding Test Object 'Object Repository/Popup/Popup'

2021-10-14 17:04:20 - [MESSAGE][INFO] - Checking object

2021-10-14 17:04:20 - [MESSAGE][INFO] - Finding web element from Test Object's properties

2021-10-14 17:04:20 - [MESSAGE][INFO] - Checking timeout

2021-10-14 17:04:20 - [MESSAGE][INFO] - Finding web element with id: 'Object Repository/Popup/Popup' located by 'By.cssSelector: .bootbox-body' in '30' second(s)

2021-10-14 17:04:20 - [MESSAGE][INFO] - Smart Wait Function is triggered

2021-10-14 17:04:21 - [MESSAGE][INFO] - Found 1 web elements with id: 'Object Repository/Popup/Popup' located by 'By.cssSelector: .bootbox-body' in '30' second(s)

2021-10-14 17:04:21 - [MESSAGE][INFO] - Getting text of object 'Object Repository/Popup/Popup'

2021-10-14 17:04:21 - [MESSAGE][PASSED] - Text of object 'Object Repository/Popup/Popup' is: 'EFA serisi için onaylanmamış belge(leri)niz bulunmaktadır.
Devam etmek istiyor musunuz?'

2021-10-14 17:04:21 - [TEST_STEP][PASSED] - RaporNo = getText(findTestObject("Popup/Popup")).substring(0, 6): Text of object 'Object Repository/Popup/Popup' is: 'EFA serisi için onaylanmamış belge(leri)niz bulunmaktadır.
Devam etmek istiyor musunuz?'

2021-10-14 17:04:21 - [MESSAGE][INFO] - Finding Test Object 'Object Repository/Popup/Popup'

2021-10-14 17:04:21 - [MESSAGE][INFO] - Checking object

2021-10-14 17:04:21 - [MESSAGE][INFO] - Finding web element from Test Object's properties

2021-10-14 17:04:21 - [MESSAGE][INFO] - Checking timeout

2021-10-14 17:04:21 - [MESSAGE][INFO] - Finding web element with id: 'Object Repository/Popup/Popup' located by 'By.cssSelector: .bootbox-body' in '30' second(s)

2021-10-14 17:04:21 - [MESSAGE][INFO] - Smart Wait Function is triggered

2021-10-14 17:04:21 - [MESSAGE][INFO] - Found 1 web elements with id: 'Object Repository/Popup/Popup' located by 'By.cssSelector: .bootbox-body' in '30' second(s)

2021-10-14 17:04:21 - [MESSAGE][INFO] - Getting text of object 'Object Repository/Popup/Popup'

2021-10-14 17:04:21 - [MESSAGE][PASSED] - Text of object 'Object Repository/Popup/Popup' is: 'EFA serisi için onaylanmamış belge(leri)niz bulunmaktadır.
Devam etmek istiyor musunuz?'

2021-10-14 17:04:21 - [TEST_STEP][PASSED] - Console.println(RaporNo): null

2021-10-14 17:04:21 - [MESSAGE][PASSED] - Call Test Case 'Test Cases/Popup/PopupMesajiIceriyorMu' successfully

2021-10-14 17:04:21 - [MESSAGE][INFO] - Checking called Test Case

2021-10-14 17:04:21 - [MESSAGE][INFO] - Starting to call Test Case 'Test Cases/Popup/PopupButonSecilir'

2021-10-14 17:04:21 - [TEST_CASE][PASSED] - Test Cases/Popup/PopupButonSecilir: Test Cases/Popup/PopupButonSecilir

2021-10-14 17:04:21 - [TEST_STEP][PASSED] - Method.TextDegerineEsitElementeTikla(findTestObject("Popup/Popup_Butons"), Buton): Method.TextDegerineEsitElementeTikla is PASSED

2021-10-14 17:04:21 - [MESSAGE][INFO] - Finding Test Object 'Object Repository/Popup/Popup_Butons'

2021-10-14 17:04:21 - [MESSAGE][INFO] - Checking timeout

2021-10-14 17:04:21 - [MESSAGE][INFO] - Finding web element with id: 'Object Repository/Popup/Popup_Butons' located by 'By.cssSelector: .modal-footer>button' in '10' second(s)

2021-10-14 17:04:21 - [MESSAGE][INFO] - Smart Wait Function is triggered

2021-10-14 17:04:22 - [MESSAGE][INFO] - Found 2 web elements with id: 'Object Repository/Popup/Popup_Butons' located by 'By.cssSelector: .modal-footer>button' in '10' second(s)

2021-10-14 17:04:22 - [MESSAGE][PASSED] - Method.TextDegerineEsitElementeTikla is PASSED

2021-10-14 17:04:22 - [MESSAGE][PASSED] - Call Test Case 'Test Cases/Popup/PopupButonSecilir' successfully

2021-10-14 17:04:22 - [MESSAGE][INFO] - Checking called Test Case

2021-10-14 17:04:22 - [MESSAGE][INFO] - Starting to call Test Case 'Test Cases/Menu/AnaMenuSecimi'

2021-10-14 17:04:22 - [TEST_CASE][PASSED] - Test Cases/Menu/AnaMenuSecimi: Test Cases/Menu/AnaMenuSecimi

2021-10-14 17:04:22 - [TEST_STEP][PASSED] - Method.TextDegerineEsitElementeTikla(findTestObject("Menu/Ana_Menu"), Ana_Menu): Method.TextDegerineEsitElementeTikla is PASSED

2021-10-14 17:04:22 - [MESSAGE][INFO] - Finding Test Object 'Object Repository/Menu/Ana_Menu'

2021-10-14 17:04:22 - [MESSAGE][INFO] - Checking timeout

2021-10-14 17:04:22 - [MESSAGE][INFO] - Finding web element with id: 'Object Repository/Menu/Ana_Menu' located by 'By.xpath: //*[@class = 'dropdown-toggle']' in '10' second(s)

2021-10-14 17:04:22 - [MESSAGE][INFO] - Smart Wait Function is triggered

2021-10-14 17:04:25 - [MESSAGE][INFO] - Found 13 web elements with id: 'Object Repository/Menu/Ana_Menu' located by 'By.xpath: //*[@class = 'dropdown-toggle']' in '10' second(s)

2021-10-14 17:04:25 - [MESSAGE][PASSED] - Method.TextDegerineEsitElementeTikla is PASSED

2021-10-14 17:04:25 - [MESSAGE][PASSED] - Call Test Case 'Test Cases/Menu/AnaMenuSecimi' successfully

2021-10-14 17:04:25 - [MESSAGE][INFO] - Checking called Test Case

2021-10-14 17:04:25 - [MESSAGE][INFO] - Starting to call Test Case 'Test Cases/Menu/BasligaGoreAltMenuSecimi'

2021-10-14 17:04:25 - [TEST_CASE][PASSED] - Test Cases/Menu/BasligaGoreAltMenuSecimi: Test Cases/Menu/BasligaGoreAltMenuSecimi

2021-10-14 17:04:25 - [TEST_STEP][PASSED] - Method.TextDegerineEsitElementinAltindakiTextDegerineEsitOlanaTikla(findTestObject("Menu/Menu_Basligi"), findTestObject("Menu/Basliga_Gore_Alt_Menu"), Baslik, Alt_Menu): Method.TextDegerineEsitElementinAltindakiTextDegerineEsitOlanaTikla is PASSED

2021-10-14 17:04:25 - [MESSAGE][INFO] - Finding Test Object 'Object Repository/Menu/Menu_Basligi'

2021-10-14 17:04:25 - [MESSAGE][INFO] - Finding Test Object 'Object Repository/Menu/Basliga_Gore_Alt_Menu'

2021-10-14 17:04:25 - [MESSAGE][INFO] - Checking timeout

2021-10-14 17:04:25 - [MESSAGE][INFO] - Finding web element with id: 'Object Repository/Menu/Menu_Basligi' located by 'By.xpath: //li[@class='dropdown dropdown-large open']//li[@class='dropdown-header']' in '10' second(s)

2021-10-14 17:04:25 - [MESSAGE][INFO] - Smart Wait Function is triggered

2021-10-14 17:04:25 - [MESSAGE][INFO] - Found 3 web elements with id: 'Object Repository/Menu/Menu_Basligi' located by 'By.xpath: //li[@class='dropdown dropdown-large open']//li[@class='dropdown-header']' in '10' second(s)

2021-10-14 17:04:25 - [MESSAGE][INFO] - Smart Wait Function is triggered

2021-10-14 17:04:29 - [MESSAGE][PASSED] - Method.TextDegerineEsitElementinAltindakiTextDegerineEsitOlanaTikla is PASSED

2021-10-14 17:04:29 - [MESSAGE][PASSED] - Call Test Case 'Test Cases/Menu/BasligaGoreAltMenuSecimi' successfully

2021-10-14 17:04:29 - [MESSAGE][INFO] - Checking called Test Case

2021-10-14 17:04:29 - [MESSAGE][INFO] - Starting to call Test Case 'Test Cases/Filtreler/EttnYaz'

2021-10-14 17:04:29 - [TEST_CASE][PASSED] - Test Cases/Filtreler/EttnYaz: Test Cases/Filtreler/EttnYaz

2021-10-14 17:04:30 - [TEST_STEP][PASSED] - Method.TextDegerineEsitElementinAltindakiTextboxtaYaz(findTestObject("Filtreler/Basliklar"), findTestObject("Filtreler/Basliga_Gore_Textbox"), "ETTN", ettn): Method.TextDegerineEsitElementinAltindakiTextboxtaYaz is PASSED

2021-10-14 17:04:30 - [MESSAGE][INFO] - Finding Test Object 'Object Repository/Filtreler/Basliklar'

2021-10-14 17:04:30 - [MESSAGE][INFO] - Finding Test Object 'Object Repository/Filtreler/Basliga_Gore_Textbox'

2021-10-14 17:04:30 - [MESSAGE][INFO] - Checking timeout

2021-10-14 17:04:30 - [MESSAGE][INFO] - Finding web element with id: 'Object Repository/Filtreler/Basliklar' located by 'By.cssSelector: .control-label.col-sm-4.paddingMarginRLC' in '10' second(s)

2021-10-14 17:04:30 - [MESSAGE][INFO] - Smart Wait Function is triggered

2021-10-14 17:04:30 - [MESSAGE][INFO] - Found 20 web elements with id: 'Object Repository/Filtreler/Basliklar' located by 'By.cssSelector: .control-label.col-sm-4.paddingMarginRLC' in '10' second(s)

2021-10-14 17:04:30 - [MESSAGE][INFO] - Smart Wait Function is triggered

2021-10-14 17:04:31 - [MESSAGE][PASSED] - Method.TextDegerineEsitElementinAltindakiTextboxtaYaz is PASSED

2021-10-14 17:04:31 - [MESSAGE][PASSED] - Call Test Case 'Test Cases/Filtreler/EttnYaz' successfully

2021-10-14 17:04:31 - [MESSAGE][INFO] - Checking called Test Case

2021-10-14 17:04:31 - [MESSAGE][INFO] - Starting to call Test Case 'Test Cases/Filtreler/ButonaTikla'

2021-10-14 17:04:31 - [TEST_CASE][PASSED] - Test Cases/Filtreler/ButonaTikla: Test Cases/Filtreler/ButonaTikla

2021-10-14 17:04:31 - [TEST_STEP][PASSED] - Method.TextDegerineEsitElementeTikla(findTestObject("Filtreler/Butonlar"), Filtre_Buton): Method.TextDegerineEsitElementeTikla is PASSED

2021-10-14 17:04:31 - [MESSAGE][INFO] - Finding Test Object 'Object Repository/Filtreler/Butonlar'

2021-10-14 17:04:31 - [MESSAGE][INFO] - Checking timeout

2021-10-14 17:04:31 - [MESSAGE][INFO] - Finding web element with id: 'Object Repository/Filtreler/Butonlar' located by 'By.cssSelector: .dxb>span' in '10' second(s)

2021-10-14 17:04:31 - [MESSAGE][INFO] - Smart Wait Function is triggered

2021-10-14 17:04:32 - [MESSAGE][INFO] - Found 3 web elements with id: 'Object Repository/Filtreler/Butonlar' located by 'By.cssSelector: .dxb>span' in '10' second(s)

2021-10-14 17:04:32 - [MESSAGE][PASSED] - Method.TextDegerineEsitElementeTikla is PASSED

2021-10-14 17:04:32 - [MESSAGE][PASSED] - Call Test Case 'Test Cases/Filtreler/ButonaTikla' successfully

2021-10-14 17:04:32 - [MESSAGE][INFO] - Checking called Test Case

2021-10-14 17:04:32 - [MESSAGE][INFO] - Starting to call Test Case 'Test Cases/Tablo/TablodaVeriVarMi'

2021-10-14 17:04:32 - [TEST_CASE][PASSED] - Test Cases/Tablo/TablodaVeriVarMi: Test Cases/Tablo/TablodaVeriVarMi

2021-10-14 17:04:32 - [TEST_STEP][PASSED] - verifyTextNotPresent("Görüntülenecek veri yok", true): Text 'Görüntülenecek veri yok' is not present on page using regular expression

2021-10-14 17:04:32 - [MESSAGE][INFO] - Checking text present  using regular expression

2021-10-14 17:04:32 - [MESSAGE][INFO] - Smart Wait Function is triggered

2021-10-14 17:04:33 - [MESSAGE][INFO] - Finding text 'Görüntülenecek veri yok' on page  using regular expression

2021-10-14 17:04:33 - [MESSAGE][PASSED] - Text 'Görüntülenecek veri yok' is not present on page using regular expression

2021-10-14 17:04:33 - [MESSAGE][PASSED] - Call Test Case 'Test Cases/Tablo/TablodaVeriVarMi' successfully

2021-10-14 17:04:33 - [MESSAGE][INFO] - Checking called Test Case

2021-10-14 17:04:33 - [MESSAGE][INFO] - Starting to call Test Case 'Test Cases/Kullanici_Islemleri/KullaniciIslemlerindenSecimYapilir'

2021-10-14 17:04:33 - [TEST_CASE][PASSED] - Test Cases/Kullanici_Islemleri/KullaniciIslemlerindenSecimYapilir: Test Cases/Kullanici_Islemleri/KullaniciIslemlerindenSecimYapilir

2021-10-14 17:04:33 - [TEST_STEP][PASSED] - waitForElementClickable(findTestObject("Object Repository/Kullanici_Islemleri/KullaniciIslemleri"), 10): Object 'Object Repository/Kullanici_Islemleri/KullaniciIslemleri' is clickable

2021-10-14 17:04:33 - [MESSAGE][INFO] - Finding Test Object 'Object Repository/Kullanici_Islemleri/KullaniciIslemleri'

2021-10-14 17:04:34 - [MESSAGE][INFO] - Checking object

2021-10-14 17:04:34 - [MESSAGE][INFO] - Checking timeout

2021-10-14 17:04:34 - [MESSAGE][INFO] - Finding web element from Test Object's properties

2021-10-14 17:04:34 - [MESSAGE][INFO] - Checking timeout

2021-10-14 17:04:34 - [MESSAGE][INFO] - Finding web element with id: 'Object Repository/Kullanici_Islemleri/KullaniciIslemleri' located by 'By.cssSelector: .dropdown>a>img' in '10' second(s)

2021-10-14 17:04:34 - [MESSAGE][INFO] - Smart Wait Function is triggered

2021-10-14 17:04:34 - [MESSAGE][INFO] - Found 1 web elements with id: 'Object Repository/Kullanici_Islemleri/KullaniciIslemleri' located by 'By.cssSelector: .dropdown>a>img' in '10' second(s)

2021-10-14 17:04:34 - [MESSAGE][PASSED] - Object 'Object Repository/Kullanici_Islemleri/KullaniciIslemleri' is clickable

2021-10-14 17:04:34 - [TEST_STEP][PASSED] - click(findTestObject("Object Repository/Kullanici_Islemleri/KullaniciIslemleri")): Object: 'Object Repository/Kullanici_Islemleri/KullaniciIslemleri' is clicked on

2021-10-14 17:04:34 - [MESSAGE][INFO] - Finding Test Object 'Object Repository/Kullanici_Islemleri/KullaniciIslemleri'

2021-10-14 17:04:34 - [MESSAGE][INFO] - Checking object

2021-10-14 17:04:34 - [MESSAGE][INFO] - Finding web element from Test Object's properties

2021-10-14 17:04:34 - [MESSAGE][INFO] - Checking timeout

2021-10-14 17:04:34 - [MESSAGE][INFO] - Finding web element with id: 'Object Repository/Kullanici_Islemleri/KullaniciIslemleri' located by 'By.cssSelector: .dropdown>a>img' in '30' second(s)

2021-10-14 17:04:34 - [MESSAGE][INFO] - Smart Wait Function is triggered

2021-10-14 17:04:34 - [MESSAGE][INFO] - Found 1 web elements with id: 'Object Repository/Kullanici_Islemleri/KullaniciIslemleri' located by 'By.cssSelector: .dropdown>a>img' in '30' second(s)

2021-10-14 17:04:34 - [MESSAGE][INFO] - Clicking on object: 'Object Repository/Kullanici_Islemleri/KullaniciIslemleri'

2021-10-14 17:04:34 - [MESSAGE][PASSED] - Object: 'Object Repository/Kullanici_Islemleri/KullaniciIslemleri' is clicked on

2021-10-14 17:04:34 - [TEST_STEP][PASSED] - Method.TextDegerineEsitElementeTikla(findTestObject("Object Repository/Kullanici_Islemleri/Secenekler"), Islem): Method.TextDegerineEsitElementeTikla is PASSED

2021-10-14 17:04:34 - [MESSAGE][INFO] - Finding Test Object 'Object Repository/Kullanici_Islemleri/Secenekler'

2021-10-14 17:04:34 - [MESSAGE][INFO] - Checking timeout

2021-10-14 17:04:34 - [MESSAGE][INFO] - Finding web element with id: 'Object Repository/Kullanici_Islemleri/Secenekler' located by 'By.cssSelector: .nav.navbar-nav.navbar-right li a' in '10' second(s)

2021-10-14 17:04:34 - [MESSAGE][INFO] - Smart Wait Function is triggered

2021-10-14 17:04:35 - [MESSAGE][INFO] - Found 22 web elements with id: 'Object Repository/Kullanici_Islemleri/Secenekler' located by 'By.cssSelector: .nav.navbar-nav.navbar-right li a' in '10' second(s)

2021-10-14 17:04:36 - [MESSAGE][PASSED] - Method.TextDegerineEsitElementeTikla is PASSED

2021-10-14 17:04:36 - [TEST_STEP][PASSED] - verifyElementNotPresent(findTestObject("Object Repository/Kullanici_Islemleri/Secenekler"), 10): Web element with id: 'Object Repository/Kullanici_Islemleri/Secenekler' located by 'By.cssSelector: .nav.navbar-nav.navbar-right li a' is not present after '10' second(s)

2021-10-14 17:04:36 - [MESSAGE][INFO] - Finding Test Object 'Object Repository/Kullanici_Islemleri/Secenekler'

2021-10-14 17:04:36 - [MESSAGE][INFO] - Checking object

2021-10-14 17:04:36 - [MESSAGE][INFO] - Checking timeout

2021-10-14 17:04:36 - [MESSAGE][INFO] - Finding web element with id: 'Object Repository/Kullanici_Islemleri/Secenekler' located by 'By.cssSelector: .nav.navbar-nav.navbar-right li a' in '10' second(s)

2021-10-14 17:04:36 - [MESSAGE][INFO] - Smart Wait Function is triggered

2021-10-14 17:04:37 - [MESSAGE][PASSED] - Web element with id: 'Object Repository/Kullanici_Islemleri/Secenekler' located by 'By.cssSelector: .nav.navbar-nav.navbar-right li a' is not present after '10' second(s)

2021-10-14 17:04:37 - [MESSAGE][PASSED] - Call Test Case 'Test Cases/Kullanici_Islemleri/KullaniciIslemlerindenSecimYapilir' successfully

2021-10-14 17:04:37 - [TEST_CASE][PASSED] - Start Test Case : SCENARIO VKNo ile Temel Fatura senaryosunda ve Satis tipinde fatura olusturulmasi: SCENARIO VKNo ile Temel Fatura senaryosunda ve Satis tipinde fatura olusturulmasi

2021-10-14 17:04:37 - [TEST_STEP][PASSED] - Kullanıcı adı KAMUIHRAC ve Şifre test1234 olarak giriş yapılır: Kullanıcı adı KAMUIHRAC ve Şifre test1234 olarak giriş yapılır

2021-10-14 17:04:37 - [MESSAGE][PASSED] - Kullanıcı adı KAMUIHRAC ve Şifre test1234 olarak giriş yapılır

2021-10-14 17:04:37 - [TEST_STEP][PASSED] - Ana menüden e-Fatura seçilir: Ana menüden e-Fatura seçilir

2021-10-14 17:04:37 - [MESSAGE][PASSED] - Ana menüden e-Fatura seçilir

2021-10-14 17:04:37 - [TEST_STEP][PASSED] - Alt menü e-Fatura Araçları başlığı altındaki e-Fatura Oluşturma seçilir: Alt menü e-Fatura Araçları başlığı altındaki e-Fatura Oluşturma seçilir

2021-10-14 17:04:37 - [MESSAGE][PASSED] - Alt menü e-Fatura Araçları başlığı altındaki e-Fatura Oluşturma seçilir

2021-10-14 17:04:37 - [TEST_STEP][PASSED] - Tablodaki tüm veriler silinir: Tablodaki tüm veriler silinir

2021-10-14 17:04:37 - [MESSAGE][PASSED] - Tablodaki tüm veriler silinir

2021-10-14 17:04:37 - [TEST_STEP][PASSED] - Butonlardan Ekle isimli butona tıklanır: Butonlardan Ekle isimli butona tıklanır

2021-10-14 17:04:37 - [MESSAGE][PASSED] - Butonlardan Ekle isimli butona tıklanır

2021-10-14 17:04:37 - [TEST_STEP][PASSED] - Görsel tasarım sayfasının e-Fatura Bilgileri başlığını içerdiği kontrol edilir: Görsel tasarım sayfasının e-Fatura Bilgileri başlığını içerdiği kontrol edilir

2021-10-14 17:04:37 - [MESSAGE][PASSED] - Görsel tasarım sayfasının e-Fatura Bilgileri başlığını içerdiği kontrol edilir

2021-10-14 17:04:37 - [TEST_STEP][PASSED] - Alıcı adı alanına UC0018 girilir: Alıcı adı alanına UC0018 girilir

2021-10-14 17:04:37 - [MESSAGE][PASSED] - Alıcı adı alanına UC0018 girilir

2021-10-14 17:04:37 - [TEST_STEP][PASSED] - Senaryo alanından Temel Fatura seçilir: Senaryo alanından Temel Fatura seçilir

2021-10-14 17:04:37 - [MESSAGE][PASSED] - Senaryo alanından Temel Fatura seçilir

2021-10-14 17:04:37 - [TEST_STEP][PASSED] - Tip alanından Satış seçilir: Tip alanından Satış seçilir

2021-10-14 17:04:37 - [MESSAGE][PASSED] - Tip alanından Satış seçilir

2021-10-14 17:04:37 - [TEST_STEP][PASSED] - Ekle butonuna basılır: Ekle butonuna basılır

2021-10-14 17:04:37 - [MESSAGE][PASSED] - Ekle butonuna basılır

2021-10-14 17:04:37 - [TEST_STEP][PASSED] - Ürün ekleme alanında Mal/Hizmet başlığına Otomasyon girilir: Ürün ekleme alanında Mal/Hizmet başlığına Otomasyon girilir

2021-10-14 17:04:37 - [MESSAGE][PASSED] - Ürün ekleme alanında Mal/Hizmet başlığına Otomasyon girilir

2021-10-14 17:04:37 - [TEST_STEP][PASSED] - Ürün ekleme alanında Açıklaması başlığına Virgosol girilir: Ürün ekleme alanında Açıklaması başlığına Virgosol girilir

2021-10-14 17:04:37 - [MESSAGE][PASSED] - Ürün ekleme alanında Açıklaması başlığına Virgosol girilir

2021-10-14 17:04:37 - [TEST_STEP][PASSED] - Ürün ekleme alanında Miktarı başlığına 400 girilir: Ürün ekleme alanında Miktarı başlığına 400 girilir

2021-10-14 17:04:37 - [MESSAGE][PASSED] - Ürün ekleme alanında Miktarı başlığına 400 girilir

2021-10-14 17:04:37 - [TEST_STEP][PASSED] - Ürün ekleme alanında Birim Fiyat başlığına 100 girilir: Ürün ekleme alanında Birim Fiyat başlığına 100 girilir

2021-10-14 17:04:37 - [MESSAGE][PASSED] - Ürün ekleme alanında Birim Fiyat başlığına 100 girilir

2021-10-14 17:04:37 - [TEST_STEP][PASSED] - Notlar alanına Otomasyon Not girilir: Notlar alanına Otomasyon Not girilir

2021-10-14 17:04:37 - [MESSAGE][PASSED] - Notlar alanına Otomasyon Not girilir

2021-10-14 17:04:37 - [TEST_STEP][PASSED] - Ettn bilgisi kayıt edilir: Ettn bilgisi kayıt edilir

2021-10-14 17:04:37 - [MESSAGE][PASSED] - Ettn bilgisi kayıt edilir

2021-10-14 17:04:37 - [TEST_STEP][PASSED] - Kaydet butonu seçilir: Kaydet butonu seçilir

2021-10-14 17:04:37 - [MESSAGE][PASSED] - Kaydet butonu seçilir

2021-10-14 17:04:37 - [TEST_STEP][PASSED] - Tabloda VirgosolOtomasyonTEST ünvanlı veri oluşturuldu mu: Tabloda VirgosolOtomasyonTEST ünvanlı veri oluşturuldu mu

2021-10-14 17:04:37 - [MESSAGE][PASSED] - Tabloda VirgosolOtomasyonTEST ünvanlı veri oluşturuldu mu

2021-10-14 17:04:37 - [TEST_STEP][PASSED] - Tablodan VirgosolOtomasyonTEST isimli veri seçilir: Tablodan VirgosolOtomasyonTEST isimli veri seçilir

2021-10-14 17:04:37 - [MESSAGE][PASSED] - Tablodan VirgosolOtomasyonTEST isimli veri seçilir

2021-10-14 17:04:37 - [TEST_STEP][PASSED] - Butonlardan Değiştir isimli butona tıklanır: Butonlardan Değiştir isimli butona tıklanır

2021-10-14 17:04:37 - [MESSAGE][PASSED] - Butonlardan Değiştir isimli butona tıklanır

2021-10-14 17:04:37 - [TEST_STEP][PASSED] - Görsel tasarım sayfasının e-Fatura Bilgileri başlığını içerdiği kontrol edilir: Görsel tasarım sayfasının e-Fatura Bilgileri başlığını içerdiği kontrol edilir

2021-10-14 17:04:37 - [MESSAGE][PASSED] - Görsel tasarım sayfasının e-Fatura Bilgileri başlığını içerdiği kontrol edilir

2021-10-14 17:04:37 - [TEST_STEP][PASSED] - Notlar alanına Otomasyon Not Değiştir girilir: Notlar alanına Otomasyon Not Değiştir girilir

2021-10-14 17:04:37 - [MESSAGE][PASSED] - Notlar alanına Otomasyon Not Değiştir girilir

2021-10-14 17:04:37 - [TEST_STEP][PASSED] - Kaydet butonu seçilir: Kaydet butonu seçilir

2021-10-14 17:04:37 - [MESSAGE][PASSED] - Kaydet butonu seçilir

2021-10-14 17:04:37 - [TEST_STEP][PASSED] - Tabloda VirgosolOtomasyonTEST ünvanlı veri oluşturuldu mu: Tabloda VirgosolOtomasyonTEST ünvanlı veri oluşturuldu mu

2021-10-14 17:04:37 - [MESSAGE][PASSED] - Tabloda VirgosolOtomasyonTEST ünvanlı veri oluşturuldu mu

2021-10-14 17:04:37 - [TEST_STEP][PASSED] - Tablodan VirgosolOtomasyonTEST isimli veri seçilir: Tablodan VirgosolOtomasyonTEST isimli veri seçilir

2021-10-14 17:04:37 - [MESSAGE][PASSED] - Tablodan VirgosolOtomasyonTEST isimli veri seçilir

2021-10-14 17:04:37 - [TEST_STEP][PASSED] - Butonlardan Numara Oluştur isimli butona tıklanır: Butonlardan Numara Oluştur isimli butona tıklanır

2021-10-14 17:04:37 - [MESSAGE][PASSED] - Butonlardan Numara Oluştur isimli butona tıklanır

2021-10-14 17:04:37 - [TEST_STEP][PASSED] - Popup mesajı Devam etmek istiyor musunuz içeriyor mu: Popup mesajı Devam etmek istiyor musunuz içeriyor mu

2021-10-14 17:04:37 - [MESSAGE][PASSED] - Popup mesajı Devam etmek istiyor musunuz içeriyor mu

2021-10-14 17:04:37 - [TEST_STEP][PASSED] - Yönetim popupında Evet seçilir: Yönetim popupında Evet seçilir

2021-10-14 17:04:37 - [MESSAGE][PASSED] - Yönetim popupında Evet seçilir

2021-10-14 17:04:37 - [TEST_STEP][PASSED] - Popup mesajı oluşmuştur içeriyor mu: Popup mesajı oluşmuştur içeriyor mu

2021-10-14 17:04:37 - [MESSAGE][PASSED] - Popup mesajı oluşmuştur içeriyor mu

2021-10-14 17:04:37 - [TEST_STEP][PASSED] - Yönetim popupında Tamam seçilir: Yönetim popupında Tamam seçilir

2021-10-14 17:04:37 - [MESSAGE][PASSED] - Yönetim popupında Tamam seçilir

2021-10-14 17:04:37 - [TEST_STEP][PASSED] - Tablodan VirgosolOtomasyonTEST isimli veri seçilir: Tablodan VirgosolOtomasyonTEST isimli veri seçilir

2021-10-14 17:04:37 - [MESSAGE][PASSED] - Tablodan VirgosolOtomasyonTEST isimli veri seçilir

2021-10-14 17:04:37 - [TEST_STEP][PASSED] - Butonlardan Göster isimli butona tıklanır: Butonlardan Göster isimli butona tıklanır

2021-10-14 17:04:37 - [MESSAGE][PASSED] - Butonlardan Göster isimli butona tıklanır

2021-10-14 17:04:37 - [TEST_STEP][PASSED] - Yeni açılan sekmeye geçilir: Yeni açılan sekmeye geçilir

2021-10-14 17:04:37 - [MESSAGE][PASSED] - Yeni açılan sekmeye geçilir

2021-10-14 17:04:37 - [TEST_STEP][PASSED] - Yeni sekme başlığında e-FATURA var mı kontrol edilir: Yeni sekme başlığında e-FATURA var mı kontrol edilir

2021-10-14 17:04:37 - [MESSAGE][PASSED] - Yeni sekme başlığında e-FATURA var mı kontrol edilir

2021-10-14 17:04:37 - [TEST_STEP][PASSED] - Ana sekmeye geçilir: Ana sekmeye geçilir

2021-10-14 17:04:37 - [MESSAGE][PASSED] - Ana sekmeye geçilir

2021-10-14 17:04:37 - [TEST_STEP][PASSED] - Butonlardan UBL isimli butona tıklanır: Butonlardan UBL isimli butona tıklanır

2021-10-14 17:04:37 - [MESSAGE][PASSED] - Butonlardan UBL isimli butona tıklanır

2021-10-14 17:04:37 - [TEST_STEP][PASSED] - Yeni açılan sekmeye geçilir: Yeni açılan sekmeye geçilir

2021-10-14 17:04:37 - [MESSAGE][PASSED] - Yeni açılan sekmeye geçilir

2021-10-14 17:04:37 - [TEST_STEP][PASSED] - invoice tagli ubl geldi mi: invoice tagli ubl geldi mi

2021-10-14 17:04:37 - [MESSAGE][PASSED] - invoice tagli ubl geldi mi

2021-10-14 17:04:37 - [TEST_STEP][PASSED] - Ana sekmeye geçilir: Ana sekmeye geçilir

2021-10-14 17:04:37 - [MESSAGE][PASSED] - Ana sekmeye geçilir

2021-10-14 17:04:37 - [TEST_STEP][PASSED] - Butonlardan Excel isimli butona tıklanır: Butonlardan Excel isimli butona tıklanır

2021-10-14 17:04:37 - [MESSAGE][PASSED] - Butonlardan Excel isimli butona tıklanır

2021-10-14 17:04:37 - [TEST_STEP][PASSED] - Alt butonlardan Excel'e Aktar butonuna tıklanır: Alt butonlardan Excel'e Aktar butonuna tıklanır

2021-10-14 17:04:37 - [MESSAGE][PASSED] - Alt butonlardan Excel'e Aktar butonuna tıklanır

2021-10-14 17:04:37 - [TEST_STEP][PASSED] - Ön eki UserInvoice olan dosya indirildi mi: Ön eki UserInvoice olan dosya indirildi mi

2021-10-14 17:04:37 - [MESSAGE][PASSED] - Ön eki UserInvoice olan dosya indirildi mi

2021-10-14 17:04:37 - [TEST_STEP][PASSED] - Butonlardan Excel isimli butona tıklanır: Butonlardan Excel isimli butona tıklanır

2021-10-14 17:04:37 - [MESSAGE][PASSED] - Butonlardan Excel isimli butona tıklanır

2021-10-14 17:04:37 - [TEST_STEP][PASSED] - Alt butonlardan Tümünü Excel'e Aktar butonuna tıklanır: Alt butonlardan Tümünü Excel'e Aktar butonuna tıklanır

2021-10-14 17:04:37 - [MESSAGE][PASSED] - Alt butonlardan Tümünü Excel'e Aktar butonuna tıklanır

2021-10-14 17:04:37 - [TEST_STEP][PASSED] - Ön eki UserInvoice olan dosya indirildi mi: Ön eki UserInvoice olan dosya indirildi mi

2021-10-14 17:04:37 - [MESSAGE][PASSED] - Ön eki UserInvoice olan dosya indirildi mi

2021-10-14 17:04:37 - [TEST_STEP][PASSED] - Butonlardan Gönder isimli butona tıklanır: Butonlardan Gönder isimli butona tıklanır

2021-10-14 17:04:37 - [MESSAGE][PASSED] - Butonlardan Gönder isimli butona tıklanır

2021-10-14 17:04:37 - [TEST_STEP][PASSED] - Popup mesajı Devam etmek istiyor musunuz içeriyor mu: Popup mesajı Devam etmek istiyor musunuz içeriyor mu

2021-10-14 17:04:37 - [MESSAGE][PASSED] - Popup mesajı Devam etmek istiyor musunuz içeriyor mu

2021-10-14 17:04:37 - [TEST_STEP][PASSED] - Yönetim popupında Evet seçilir: Yönetim popupında Evet seçilir

2021-10-14 17:04:37 - [MESSAGE][PASSED] - Yönetim popupında Evet seçilir

2021-10-14 17:04:37 - [TEST_STEP][PASSED] - Ana menüden e-Fatura seçilir: Ana menüden e-Fatura seçilir

2021-10-14 17:04:37 - [MESSAGE][PASSED] - Ana menüden e-Fatura seçilir

2021-10-14 17:04:37 - [TEST_STEP][PASSED] - Alt menü Giden Kutusu başlığı altındaki Faturalar seçilir: Alt menü Giden Kutusu başlığı altındaki Faturalar seçilir

2021-10-14 17:04:37 - [MESSAGE][PASSED] - Alt menü Giden Kutusu başlığı altındaki Faturalar seçilir

2021-10-14 17:04:37 - [TEST_STEP][PASSED] - Filtrelerden Ettn filtresine Ettn bilgisi yaz: Filtrelerden Ettn filtresine Ettn bilgisi yaz

2021-10-14 17:04:37 - [MESSAGE][PASSED] - Filtrelerden Ettn filtresine Ettn bilgisi yaz

2021-10-14 17:04:37 - [TEST_STEP][PASSED] - Filtre butonlarından Listele seçilir: Filtre butonlarından Listele seçilir

2021-10-14 17:04:37 - [MESSAGE][PASSED] - Filtre butonlarından Listele seçilir

2021-10-14 17:04:37 - [TEST_STEP][PASSED] - Tabloda veri var mı kontrol edilir: Tabloda veri var mı kontrol edilir

2021-10-14 17:04:37 - [MESSAGE][PASSED] - Tabloda veri var mı kontrol edilir

2021-10-14 17:04:37 - [TEST_STEP][PASSED] - Kullanıcı işlemlerinden Çıkış seçilir: Kullanıcı işlemlerinden Çıkış seçilir

2021-10-14 17:04:37 - [MESSAGE][PASSED] - Kullanıcı işlemlerinden Çıkış seçilir

2021-10-14 17:04:37 - [MESSAGE][PASSED] - Feature file: 'Include/features/e-Fatura/e-Fatura Araclari/e-Fatura Olusturma/Ekle/VKN-Temel Fatura-Satis Tipinde.feature' was passed

2021-10-14 17:04:37 - [TEST_STEP][PASSED] - Start listener action : sampleAfterTestSuite: Invoke 'com.kms.katalon.core.annotation.AfterTestCase' method: 'Listener.sampleAfterTestSuite(...)' completed.

2021-10-14 17:04:37 - [MESSAGE][INFO] - Starting invoke 'com.kms.katalon.core.annotation.AfterTestCase' method: 'Listener.sampleAfterTestSuite(...)'

2021-10-14 17:04:37 - [TEST_STEP][PASSED] - closeBrowser(): Invoke 'com.kms.katalon.core.annotation.AfterTestCase' method: 'Listener.sampleAfterTestSuite(...)' completed.

2021-10-14 17:04:37 - [MESSAGE][INFO] - Closing browser

2021-10-14 17:04:38 - [MESSAGE][PASSED] - Browser is closed

2021-10-14 17:04:38 - [MESSAGE][INFO] - Invoke 'com.kms.katalon.core.annotation.AfterTestCase' method: 'Listener.sampleAfterTestSuite(...)' completed.]]></system-out>
         <system-err><![CDATA[]]></system-err>
      </testcase>
      <testcase name="Test Cases/Case Repository/e-Fatura/e-Fatura Araclari/e-Fatura Olusturma/Ekran Kontrolu" time="42.524" classname="Test Cases/Case Repository/e-Fatura/e-Fatura Araclari/e-Fatura Olusturma/Ekran Kontrolu" status="PASSED">
         <system-out><![CDATA[2021-10-14 17:04:38 - [TEST_CASE][PASSED] - Test Cases/Case Repository/e-Fatura/e-Fatura Araclari/e-Fatura Olusturma/Ekran Kontrolu: Test Cases/Case Repository/e-Fatura/e-Fatura Araclari/e-Fatura Olusturma/Ekran Kontrolu

2021-10-14 17:04:38 - [TEST_STEP][PASSED] - Start listener action : sampleBeforeTestSuite: Invoke 'com.kms.katalon.core.annotation.BeforeTestCase' method: 'Listener.sampleBeforeTestSuite(...)' completed.

2021-10-14 17:04:38 - [MESSAGE][INFO] - Starting invoke 'com.kms.katalon.core.annotation.BeforeTestCase' method: 'Listener.sampleBeforeTestSuite(...)'

2021-10-14 17:04:38 - [TEST_STEP][PASSED] - openBrowser(baseUrl): Browser is opened with url: 'https://efatura-stage.elogo.com.tr/'

2021-10-14 17:04:38 - [MESSAGE][INFO] - Opening browser

2021-10-14 17:04:38 - [MESSAGE][INFO] - Starting 'Chrome' driver

2021-10-14 17:04:38 - [MESSAGE][INFO] - User set preference: ['prefs', '{download.default_directory=C:\otomasyondownfiles}']

2021-10-14 17:04:38 - [MESSAGE][INFO] - Action delay is set to 0 milliseconds

2021-10-14 17:04:39 - [MESSAGE][INFO] - Navigating browser to: 'https://efatura-stage.elogo.com.tr/'

2021-10-14 17:04:42 - [MESSAGE][PASSED] - Browser is opened with url: 'https://efatura-stage.elogo.com.tr/'

2021-10-14 17:04:42 - [TEST_STEP][PASSED] - maximizeWindow(): Invoke 'com.kms.katalon.core.annotation.BeforeTestCase' method: 'Listener.sampleBeforeTestSuite(...)' completed.

2021-10-14 17:04:42 - [MESSAGE][INFO] - Maximizing current window

2021-10-14 17:04:42 - [MESSAGE][PASSED] - Current window maximized

2021-10-14 17:04:42 - [MESSAGE][INFO] - Invoke 'com.kms.katalon.core.annotation.BeforeTestCase' method: 'Listener.sampleBeforeTestSuite(...)' completed.

2021-10-14 17:04:43 - [TEST_STEP][PASSED] - runFeatureFile("Include/features/e-Fatura/e-Fatura Araclari/e-Fatura Olusturma/Ekran Kontrolu.feature"): Feature file: 'Include/features/e-Fatura/e-Fatura Araclari/e-Fatura Olusturma/Ekran Kontrolu.feature' was passed

2021-10-14 17:04:43 - [MESSAGE][INFO] - Starting run keyword runFeatureFile: 'Include/features/e-Fatura/e-Fatura Araclari/e-Fatura Olusturma/Ekran Kontrolu.feature' and extract report to folder: 'C:\Users\DELL\Downloads\EES_Katalon-main\Reports\20211014_170112\Suite Repository\e-Fatura\20211014_170113/cucumber_report/1634220283280'...

2021-10-14 17:04:43 - [MESSAGE][INFO] - Glue: []

2021-10-14 17:04:44 - [MESSAGE][INFO] - Checking called Test Case

2021-10-14 17:04:44 - [MESSAGE][INFO] - Starting to call Test Case 'Test Cases/Sayfalar/Giris_Sayfasi/Login'

2021-10-14 17:04:44 - [TEST_CASE][PASSED] - Test Cases/Sayfalar/Giris_Sayfasi/Login: Test Cases/Sayfalar/Giris_Sayfasi/Login

2021-10-14 17:04:44 - [TEST_STEP][PASSED] - Sayfa_Basligi = getWindowTitle(): Current window's title is: 'LOGO e-Fatura'

2021-10-14 17:04:44 - [MESSAGE][INFO] - Getting current window's title

2021-10-14 17:04:44 - [MESSAGE][PASSED] - Current window's title is: 'LOGO e-Fatura'

2021-10-14 17:04:44 - [TEST_STEP][PASSED] - verifyMatch(Sayfa_Basligi, "LOGO e-Fatura", false): Actual text 'LOGO e-Fatura' and expected text 'LOGO e-Fatura' are matched 

2021-10-14 17:04:44 - [MESSAGE][INFO] - Matching actual text 'LOGO e-Fatura' with expected text 'LOGO e-Fatura'

2021-10-14 17:04:44 - [MESSAGE][PASSED] - Actual text 'LOGO e-Fatura' and expected text 'LOGO e-Fatura' are matched 

2021-10-14 17:04:44 - [TEST_STEP][PASSED] - sendKeys(findTestObject("Sayfalar/Giris_Sayfasi/Firma_Kodu"), KullaniciAdi): Keys 'ELOGO6' sent to object: 'Object Repository/Sayfalar/Giris_Sayfasi/Firma_Kodu'

2021-10-14 17:04:44 - [MESSAGE][INFO] - Finding Test Object 'Object Repository/Sayfalar/Giris_Sayfasi/Firma_Kodu'

2021-10-14 17:04:44 - [MESSAGE][INFO] - Sending keys 'ELOGO6' to object: 'Object Repository/Sayfalar/Giris_Sayfasi/Firma_Kodu'

2021-10-14 17:04:44 - [MESSAGE][INFO] - Finding web element from Test Object's properties

2021-10-14 17:04:44 - [MESSAGE][INFO] - Checking timeout

2021-10-14 17:04:44 - [MESSAGE][INFO] - Finding web element with id: 'Object Repository/Sayfalar/Giris_Sayfasi/Firma_Kodu' located by 'By.xpath: //*[@id = 'AccountName']' in '30' second(s)

2021-10-14 17:04:44 - [MESSAGE][INFO] - Smart Wait Function is triggered

2021-10-14 17:04:44 - [MESSAGE][INFO] - Found 1 web elements with id: 'Object Repository/Sayfalar/Giris_Sayfasi/Firma_Kodu' located by 'By.xpath: //*[@id = 'AccountName']' in '30' second(s)

2021-10-14 17:04:44 - [MESSAGE][PASSED] - Keys 'ELOGO6' sent to object: 'Object Repository/Sayfalar/Giris_Sayfasi/Firma_Kodu'

2021-10-14 17:04:44 - [TEST_STEP][PASSED] - sendKeys(findTestObject("Sayfalar/Giris_Sayfasi/Sifre"), Sifre): Keys '123456' sent to object: 'Object Repository/Sayfalar/Giris_Sayfasi/Sifre'

2021-10-14 17:04:44 - [MESSAGE][INFO] - Finding Test Object 'Object Repository/Sayfalar/Giris_Sayfasi/Sifre'

2021-10-14 17:04:44 - [MESSAGE][INFO] - Sending keys '123456' to object: 'Object Repository/Sayfalar/Giris_Sayfasi/Sifre'

2021-10-14 17:04:44 - [MESSAGE][INFO] - Finding web element from Test Object's properties

2021-10-14 17:04:44 - [MESSAGE][INFO] - Checking timeout

2021-10-14 17:04:44 - [MESSAGE][INFO] - Finding web element with id: 'Object Repository/Sayfalar/Giris_Sayfasi/Sifre' located by 'By.xpath: //*[@id = 'Password']' in '30' second(s)

2021-10-14 17:04:44 - [MESSAGE][INFO] - Smart Wait Function is triggered

2021-10-14 17:04:45 - [MESSAGE][INFO] - Found 1 web elements with id: 'Object Repository/Sayfalar/Giris_Sayfasi/Sifre' located by 'By.xpath: //*[@id = 'Password']' in '30' second(s)

2021-10-14 17:04:45 - [MESSAGE][PASSED] - Keys '123456' sent to object: 'Object Repository/Sayfalar/Giris_Sayfasi/Sifre'

2021-10-14 17:04:45 - [TEST_STEP][PASSED] - findWebElement(findTestObject("Sayfalar/Giris_Sayfasi/Giris_Butonu")).click(): Found 1 web elements with id: 'Object Repository/Sayfalar/Giris_Sayfasi/Giris_Butonu' located by 'By.cssSelector: #btnLogin' in '30' second(s)

2021-10-14 17:04:45 - [MESSAGE][INFO] - Finding Test Object 'Object Repository/Sayfalar/Giris_Sayfasi/Giris_Butonu'

2021-10-14 17:04:45 - [MESSAGE][INFO] - Finding web element from Test Object's properties

2021-10-14 17:04:45 - [MESSAGE][INFO] - Checking timeout

2021-10-14 17:04:45 - [MESSAGE][INFO] - Finding web element with id: 'Object Repository/Sayfalar/Giris_Sayfasi/Giris_Butonu' located by 'By.cssSelector: #btnLogin' in '30' second(s)

2021-10-14 17:04:45 - [MESSAGE][INFO] - Smart Wait Function is triggered

2021-10-14 17:04:45 - [MESSAGE][INFO] - Found 1 web elements with id: 'Object Repository/Sayfalar/Giris_Sayfasi/Giris_Butonu' located by 'By.cssSelector: #btnLogin' in '30' second(s)

2021-10-14 17:04:48 - [TEST_STEP][PASSED] - if (verifyElementPresent(findTestObject("Object Repository/Sayfalar/Giris_Sayfasi/RetveTamam_Butonu"), 5, OPTIONAL)): null

2021-10-14 17:04:48 - [MESSAGE][INFO] - Finding Test Object 'Object Repository/Sayfalar/Giris_Sayfasi/RetveTamam_Butonu'

2021-10-14 17:04:48 - [MESSAGE][INFO] - Checking object

2021-10-14 17:04:48 - [MESSAGE][INFO] - Finding web element from Test Object's properties

2021-10-14 17:04:48 - [MESSAGE][INFO] - Checking timeout

2021-10-14 17:04:48 - [MESSAGE][INFO] - Finding web element with id: 'Object Repository/Sayfalar/Giris_Sayfasi/RetveTamam_Butonu' located by 'By.xpath: //*[@class = 'btn btn-default']' in '5' second(s)

2021-10-14 17:04:48 - [MESSAGE][INFO] - Smart Wait Function is triggered

2021-10-14 17:04:48 - [MESSAGE][INFO] - Found 1 web elements with id: 'Object Repository/Sayfalar/Giris_Sayfasi/RetveTamam_Butonu' located by 'By.xpath: //*[@class = 'btn btn-default']' in '5' second(s)

2021-10-14 17:04:48 - [MESSAGE][PASSED] - Object 'Object Repository/Sayfalar/Giris_Sayfasi/RetveTamam_Butonu' is present

2021-10-14 17:04:48 - [TEST_STEP][PASSED] - click(findTestObject("Object Repository/Sayfalar/Giris_Sayfasi/RetveTamam_Butonu")): Object: 'Object Repository/Sayfalar/Giris_Sayfasi/RetveTamam_Butonu' is clicked on

2021-10-14 17:04:48 - [MESSAGE][INFO] - Finding Test Object 'Object Repository/Sayfalar/Giris_Sayfasi/RetveTamam_Butonu'

2021-10-14 17:04:48 - [MESSAGE][INFO] - Checking object

2021-10-14 17:04:48 - [MESSAGE][INFO] - Finding web element from Test Object's properties

2021-10-14 17:04:48 - [MESSAGE][INFO] - Checking timeout

2021-10-14 17:04:48 - [MESSAGE][INFO] - Finding web element with id: 'Object Repository/Sayfalar/Giris_Sayfasi/RetveTamam_Butonu' located by 'By.xpath: //*[@class = 'btn btn-default']' in '30' second(s)

2021-10-14 17:04:48 - [MESSAGE][INFO] - Smart Wait Function is triggered

2021-10-14 17:04:48 - [MESSAGE][INFO] - Found 1 web elements with id: 'Object Repository/Sayfalar/Giris_Sayfasi/RetveTamam_Butonu' located by 'By.xpath: //*[@class = 'btn btn-default']' in '30' second(s)

2021-10-14 17:04:48 - [MESSAGE][INFO] - Clicking on object: 'Object Repository/Sayfalar/Giris_Sayfasi/RetveTamam_Butonu'

2021-10-14 17:04:48 - [MESSAGE][PASSED] - Object: 'Object Repository/Sayfalar/Giris_Sayfasi/RetveTamam_Butonu' is clicked on

2021-10-14 17:04:48 - [TEST_STEP][PASSED] - click(findTestObject("Object Repository/Sayfalar/Giris_Sayfasi/RetveTamam_Butonu")): Object: 'Object Repository/Sayfalar/Giris_Sayfasi/RetveTamam_Butonu' is clicked on

2021-10-14 17:04:48 - [MESSAGE][INFO] - Finding Test Object 'Object Repository/Sayfalar/Giris_Sayfasi/RetveTamam_Butonu'

2021-10-14 17:04:49 - [MESSAGE][INFO] - Checking object

2021-10-14 17:04:49 - [MESSAGE][INFO] - Finding web element from Test Object's properties

2021-10-14 17:04:49 - [MESSAGE][INFO] - Checking timeout

2021-10-14 17:04:49 - [MESSAGE][INFO] - Finding web element with id: 'Object Repository/Sayfalar/Giris_Sayfasi/RetveTamam_Butonu' located by 'By.xpath: //*[@class = 'btn btn-default']' in '30' second(s)

2021-10-14 17:04:49 - [MESSAGE][INFO] - Smart Wait Function is triggered

2021-10-14 17:04:54 - [MESSAGE][INFO] - Found 1 web elements with id: 'Object Repository/Sayfalar/Giris_Sayfasi/RetveTamam_Butonu' located by 'By.xpath: //*[@class = 'btn btn-default']' in '30' second(s)

2021-10-14 17:04:54 - [MESSAGE][INFO] - Clicking on object: 'Object Repository/Sayfalar/Giris_Sayfasi/RetveTamam_Butonu'

2021-10-14 17:04:54 - [MESSAGE][PASSED] - Object: 'Object Repository/Sayfalar/Giris_Sayfasi/RetveTamam_Butonu' is clicked on

2021-10-14 17:04:54 - [TEST_STEP][PASSED] - if (verifyElementPresent(findTestObject("Sayfalar/Giris_Sayfasi/PopupOK"), 5, OPTIONAL)): null

2021-10-14 17:04:54 - [MESSAGE][INFO] - Finding Test Object 'Object Repository/Sayfalar/Giris_Sayfasi/PopupOK'

2021-10-14 17:04:54 - [MESSAGE][INFO] - Checking object

2021-10-14 17:04:54 - [MESSAGE][INFO] - Finding web element from Test Object's properties

2021-10-14 17:04:54 - [MESSAGE][INFO] - Checking timeout

2021-10-14 17:04:54 - [MESSAGE][INFO] - Finding web element with id: 'Object Repository/Sayfalar/Giris_Sayfasi/PopupOK' located by 'By.cssSelector: .btn.btn-success' in '5' second(s)

2021-10-14 17:04:54 - [MESSAGE][INFO] - Smart Wait Function is triggered

2021-10-14 17:04:55 - [MESSAGE][INFO] - Found 1 web elements with id: 'Object Repository/Sayfalar/Giris_Sayfasi/PopupOK' located by 'By.cssSelector: .btn.btn-success' in '5' second(s)

2021-10-14 17:04:55 - [MESSAGE][PASSED] - Object 'Object Repository/Sayfalar/Giris_Sayfasi/PopupOK' is present

2021-10-14 17:04:55 - [TEST_STEP][PASSED] - click(findTestObject("Object Repository/Sayfalar/Giris_Sayfasi/PopupCarpiGiris")): Object: 'Object Repository/Sayfalar/Giris_Sayfasi/PopupCarpiGiris' is clicked on

2021-10-14 17:04:55 - [MESSAGE][INFO] - Finding Test Object 'Object Repository/Sayfalar/Giris_Sayfasi/PopupCarpiGiris'

2021-10-14 17:04:55 - [MESSAGE][INFO] - Checking object

2021-10-14 17:04:55 - [MESSAGE][INFO] - Finding web element from Test Object's properties

2021-10-14 17:04:55 - [MESSAGE][INFO] - Checking timeout

2021-10-14 17:04:55 - [MESSAGE][INFO] - Finding web element with id: 'Object Repository/Sayfalar/Giris_Sayfasi/PopupCarpiGiris' located by 'By.cssSelector: .bootbox-close-button.close' in '30' second(s)

2021-10-14 17:04:55 - [MESSAGE][INFO] - Smart Wait Function is triggered

2021-10-14 17:04:55 - [MESSAGE][INFO] - Found 1 web elements with id: 'Object Repository/Sayfalar/Giris_Sayfasi/PopupCarpiGiris' located by 'By.cssSelector: .bootbox-close-button.close' in '30' second(s)

2021-10-14 17:04:55 - [MESSAGE][INFO] - Clicking on object: 'Object Repository/Sayfalar/Giris_Sayfasi/PopupCarpiGiris'

2021-10-14 17:04:55 - [MESSAGE][PASSED] - Object: 'Object Repository/Sayfalar/Giris_Sayfasi/PopupCarpiGiris' is clicked on

2021-10-14 17:04:55 - [TEST_STEP][PASSED] - verifyElementVisible(findTestObject("Object Repository/Kullanici_Islemleri/KullaniciIslemleri")): Object 'Object Repository/Kullanici_Islemleri/KullaniciIslemleri' is visible

2021-10-14 17:04:55 - [MESSAGE][INFO] - Finding Test Object 'Object Repository/Kullanici_Islemleri/KullaniciIslemleri'

2021-10-14 17:04:55 - [MESSAGE][INFO] - Checking object

2021-10-14 17:04:55 - [MESSAGE][INFO] - Finding web element from Test Object's properties

2021-10-14 17:04:55 - [MESSAGE][INFO] - Checking timeout

2021-10-14 17:04:55 - [MESSAGE][INFO] - Finding web element with id: 'Object Repository/Kullanici_Islemleri/KullaniciIslemleri' located by 'By.cssSelector: .dropdown>a>img' in '30' second(s)

2021-10-14 17:04:55 - [MESSAGE][INFO] - Smart Wait Function is triggered

2021-10-14 17:04:56 - [MESSAGE][INFO] - Found 1 web elements with id: 'Object Repository/Kullanici_Islemleri/KullaniciIslemleri' located by 'By.cssSelector: .dropdown>a>img' in '30' second(s)

2021-10-14 17:04:56 - [MESSAGE][PASSED] - Object 'Object Repository/Kullanici_Islemleri/KullaniciIslemleri' is visible

2021-10-14 17:04:56 - [MESSAGE][PASSED] - Call Test Case 'Test Cases/Sayfalar/Giris_Sayfasi/Login' successfully

2021-10-14 17:04:56 - [MESSAGE][INFO] - Checking called Test Case

2021-10-14 17:04:56 - [MESSAGE][INFO] - Starting to call Test Case 'Test Cases/Menu/AnaMenuSecimi'

2021-10-14 17:04:56 - [TEST_CASE][PASSED] - Test Cases/Menu/AnaMenuSecimi: Test Cases/Menu/AnaMenuSecimi

2021-10-14 17:04:56 - [TEST_STEP][PASSED] - Method.TextDegerineEsitElementeTikla(findTestObject("Menu/Ana_Menu"), Ana_Menu): Method.TextDegerineEsitElementeTikla is PASSED

2021-10-14 17:04:56 - [MESSAGE][INFO] - Finding Test Object 'Object Repository/Menu/Ana_Menu'

2021-10-14 17:04:56 - [MESSAGE][INFO] - Checking timeout

2021-10-14 17:04:56 - [MESSAGE][INFO] - Finding web element with id: 'Object Repository/Menu/Ana_Menu' located by 'By.xpath: //*[@class = 'dropdown-toggle']' in '10' second(s)

2021-10-14 17:04:56 - [MESSAGE][INFO] - Smart Wait Function is triggered

2021-10-14 17:04:57 - [MESSAGE][INFO] - Found 14 web elements with id: 'Object Repository/Menu/Ana_Menu' located by 'By.xpath: //*[@class = 'dropdown-toggle']' in '10' second(s)

2021-10-14 17:04:57 - [MESSAGE][PASSED] - Method.TextDegerineEsitElementeTikla is PASSED

2021-10-14 17:04:57 - [MESSAGE][PASSED] - Call Test Case 'Test Cases/Menu/AnaMenuSecimi' successfully

2021-10-14 17:04:57 - [MESSAGE][INFO] - Checking called Test Case

2021-10-14 17:04:57 - [MESSAGE][INFO] - Starting to call Test Case 'Test Cases/Menu/BasligaGoreAltMenuSecimi'

2021-10-14 17:04:57 - [TEST_CASE][PASSED] - Test Cases/Menu/BasligaGoreAltMenuSecimi: Test Cases/Menu/BasligaGoreAltMenuSecimi

2021-10-14 17:04:57 - [TEST_STEP][PASSED] - Method.TextDegerineEsitElementinAltindakiTextDegerineEsitOlanaTikla(findTestObject("Menu/Menu_Basligi"), findTestObject("Menu/Basliga_Gore_Alt_Menu"), Baslik, Alt_Menu): Method.TextDegerineEsitElementinAltindakiTextDegerineEsitOlanaTikla is PASSED

2021-10-14 17:04:57 - [MESSAGE][INFO] - Finding Test Object 'Object Repository/Menu/Menu_Basligi'

2021-10-14 17:04:57 - [MESSAGE][INFO] - Finding Test Object 'Object Repository/Menu/Basliga_Gore_Alt_Menu'

2021-10-14 17:04:57 - [MESSAGE][INFO] - Checking timeout

2021-10-14 17:04:57 - [MESSAGE][INFO] - Finding web element with id: 'Object Repository/Menu/Menu_Basligi' located by 'By.xpath: //li[@class='dropdown dropdown-large open']//li[@class='dropdown-header']' in '10' second(s)

2021-10-14 17:04:57 - [MESSAGE][INFO] - Smart Wait Function is triggered

2021-10-14 17:04:57 - [MESSAGE][INFO] - Found 3 web elements with id: 'Object Repository/Menu/Menu_Basligi' located by 'By.xpath: //li[@class='dropdown dropdown-large open']//li[@class='dropdown-header']' in '10' second(s)

2021-10-14 17:04:57 - [MESSAGE][INFO] - Smart Wait Function is triggered

2021-10-14 17:05:00 - [MESSAGE][PASSED] - Method.TextDegerineEsitElementinAltindakiTextDegerineEsitOlanaTikla is PASSED

2021-10-14 17:05:00 - [MESSAGE][PASSED] - Call Test Case 'Test Cases/Menu/BasligaGoreAltMenuSecimi' successfully

2021-10-14 17:05:00 - [MESSAGE][INFO] - Checking called Test Case

2021-10-14 17:05:00 - [MESSAGE][INFO] - Starting to call Test Case 'Test Cases/Filtreler/FiltreVarMi'

2021-10-14 17:05:00 - [TEST_CASE][PASSED] - Test Cases/Filtreler/FiltreVarMi: Test Cases/Filtreler/FiltreVarMi

2021-10-14 17:05:01 - [TEST_STEP][PASSED] - Method.TextDegerineEsitElementVarMi(findTestObject("Filtreler/Basliklar"), Filtre_alan): Method.TextDegerineEsitElementVarMi is PASSED

2021-10-14 17:05:01 - [MESSAGE][INFO] - Finding Test Object 'Object Repository/Filtreler/Basliklar'

2021-10-14 17:05:01 - [MESSAGE][INFO] - Checking timeout

2021-10-14 17:05:01 - [MESSAGE][INFO] - Finding web element with id: 'Object Repository/Filtreler/Basliklar' located by 'By.cssSelector: .control-label.col-sm-4.paddingMarginRLC' in '10' second(s)

2021-10-14 17:05:01 - [MESSAGE][INFO] - Smart Wait Function is triggered

2021-10-14 17:05:01 - [MESSAGE][INFO] - Found 11 web elements with id: 'Object Repository/Filtreler/Basliklar' located by 'By.cssSelector: .control-label.col-sm-4.paddingMarginRLC' in '10' second(s)

2021-10-14 17:05:01 - [MESSAGE][PASSED] - Method.TextDegerineEsitElementVarMi is PASSED

2021-10-14 17:05:01 - [MESSAGE][PASSED] - Call Test Case 'Test Cases/Filtreler/FiltreVarMi' successfully

2021-10-14 17:05:01 - [MESSAGE][INFO] - Checking called Test Case

2021-10-14 17:05:01 - [MESSAGE][INFO] - Starting to call Test Case 'Test Cases/Filtreler/FiltreVarMi'

2021-10-14 17:05:01 - [TEST_CASE][PASSED] - Test Cases/Filtreler/FiltreVarMi: Test Cases/Filtreler/FiltreVarMi

2021-10-14 17:05:01 - [TEST_STEP][PASSED] - Method.TextDegerineEsitElementVarMi(findTestObject("Filtreler/Basliklar"), Filtre_alan): Method.TextDegerineEsitElementVarMi is PASSED

2021-10-14 17:05:01 - [MESSAGE][INFO] - Finding Test Object 'Object Repository/Filtreler/Basliklar'

2021-10-14 17:05:02 - [MESSAGE][INFO] - Checking timeout

2021-10-14 17:05:02 - [MESSAGE][INFO] - Finding web element with id: 'Object Repository/Filtreler/Basliklar' located by 'By.cssSelector: .control-label.col-sm-4.paddingMarginRLC' in '10' second(s)

2021-10-14 17:05:02 - [MESSAGE][INFO] - Smart Wait Function is triggered

2021-10-14 17:05:02 - [MESSAGE][INFO] - Found 11 web elements with id: 'Object Repository/Filtreler/Basliklar' located by 'By.cssSelector: .control-label.col-sm-4.paddingMarginRLC' in '10' second(s)

2021-10-14 17:05:02 - [MESSAGE][PASSED] - Method.TextDegerineEsitElementVarMi is PASSED

2021-10-14 17:05:02 - [MESSAGE][PASSED] - Call Test Case 'Test Cases/Filtreler/FiltreVarMi' successfully

2021-10-14 17:05:02 - [MESSAGE][INFO] - Checking called Test Case

2021-10-14 17:05:02 - [MESSAGE][INFO] - Starting to call Test Case 'Test Cases/Filtreler/FiltreVarMi'

2021-10-14 17:05:02 - [TEST_CASE][PASSED] - Test Cases/Filtreler/FiltreVarMi: Test Cases/Filtreler/FiltreVarMi

2021-10-14 17:05:02 - [TEST_STEP][PASSED] - Method.TextDegerineEsitElementVarMi(findTestObject("Filtreler/Basliklar"), Filtre_alan): Method.TextDegerineEsitElementVarMi is PASSED

2021-10-14 17:05:02 - [MESSAGE][INFO] - Finding Test Object 'Object Repository/Filtreler/Basliklar'

2021-10-14 17:05:02 - [MESSAGE][INFO] - Checking timeout

2021-10-14 17:05:02 - [MESSAGE][INFO] - Finding web element with id: 'Object Repository/Filtreler/Basliklar' located by 'By.cssSelector: .control-label.col-sm-4.paddingMarginRLC' in '10' second(s)

2021-10-14 17:05:02 - [MESSAGE][INFO] - Smart Wait Function is triggered

2021-10-14 17:05:02 - [MESSAGE][INFO] - Found 11 web elements with id: 'Object Repository/Filtreler/Basliklar' located by 'By.cssSelector: .control-label.col-sm-4.paddingMarginRLC' in '10' second(s)

2021-10-14 17:05:02 - [MESSAGE][PASSED] - Method.TextDegerineEsitElementVarMi is PASSED

2021-10-14 17:05:02 - [MESSAGE][PASSED] - Call Test Case 'Test Cases/Filtreler/FiltreVarMi' successfully

2021-10-14 17:05:02 - [MESSAGE][INFO] - Checking called Test Case

2021-10-14 17:05:02 - [MESSAGE][INFO] - Starting to call Test Case 'Test Cases/Filtreler/FiltreVarMi'

2021-10-14 17:05:03 - [TEST_CASE][PASSED] - Test Cases/Filtreler/FiltreVarMi: Test Cases/Filtreler/FiltreVarMi

2021-10-14 17:05:03 - [TEST_STEP][PASSED] - Method.TextDegerineEsitElementVarMi(findTestObject("Filtreler/Basliklar"), Filtre_alan): Method.TextDegerineEsitElementVarMi is PASSED

2021-10-14 17:05:03 - [MESSAGE][INFO] - Finding Test Object 'Object Repository/Filtreler/Basliklar'

2021-10-14 17:05:03 - [MESSAGE][INFO] - Checking timeout

2021-10-14 17:05:03 - [MESSAGE][INFO] - Finding web element with id: 'Object Repository/Filtreler/Basliklar' located by 'By.cssSelector: .control-label.col-sm-4.paddingMarginRLC' in '10' second(s)

2021-10-14 17:05:03 - [MESSAGE][INFO] - Smart Wait Function is triggered

2021-10-14 17:05:03 - [MESSAGE][INFO] - Found 11 web elements with id: 'Object Repository/Filtreler/Basliklar' located by 'By.cssSelector: .control-label.col-sm-4.paddingMarginRLC' in '10' second(s)

2021-10-14 17:05:03 - [MESSAGE][PASSED] - Method.TextDegerineEsitElementVarMi is PASSED

2021-10-14 17:05:03 - [MESSAGE][PASSED] - Call Test Case 'Test Cases/Filtreler/FiltreVarMi' successfully

2021-10-14 17:05:03 - [MESSAGE][INFO] - Checking called Test Case

2021-10-14 17:05:03 - [MESSAGE][INFO] - Starting to call Test Case 'Test Cases/Filtreler/FiltreVarMi'

2021-10-14 17:05:03 - [TEST_CASE][PASSED] - Test Cases/Filtreler/FiltreVarMi: Test Cases/Filtreler/FiltreVarMi

2021-10-14 17:05:03 - [TEST_STEP][PASSED] - Method.TextDegerineEsitElementVarMi(findTestObject("Filtreler/Basliklar"), Filtre_alan): Method.TextDegerineEsitElementVarMi is PASSED

2021-10-14 17:05:03 - [MESSAGE][INFO] - Finding Test Object 'Object Repository/Filtreler/Basliklar'

2021-10-14 17:05:03 - [MESSAGE][INFO] - Checking timeout

2021-10-14 17:05:03 - [MESSAGE][INFO] - Finding web element with id: 'Object Repository/Filtreler/Basliklar' located by 'By.cssSelector: .control-label.col-sm-4.paddingMarginRLC' in '10' second(s)

2021-10-14 17:05:03 - [MESSAGE][INFO] - Smart Wait Function is triggered

2021-10-14 17:05:03 - [MESSAGE][INFO] - Found 11 web elements with id: 'Object Repository/Filtreler/Basliklar' located by 'By.cssSelector: .control-label.col-sm-4.paddingMarginRLC' in '10' second(s)

2021-10-14 17:05:03 - [MESSAGE][PASSED] - Method.TextDegerineEsitElementVarMi is PASSED

2021-10-14 17:05:03 - [MESSAGE][PASSED] - Call Test Case 'Test Cases/Filtreler/FiltreVarMi' successfully

2021-10-14 17:05:03 - [MESSAGE][INFO] - Checking called Test Case

2021-10-14 17:05:03 - [MESSAGE][INFO] - Starting to call Test Case 'Test Cases/Filtreler/FiltreVarMi'

2021-10-14 17:05:04 - [TEST_CASE][PASSED] - Test Cases/Filtreler/FiltreVarMi: Test Cases/Filtreler/FiltreVarMi

2021-10-14 17:05:04 - [TEST_STEP][PASSED] - Method.TextDegerineEsitElementVarMi(findTestObject("Filtreler/Basliklar"), Filtre_alan): Method.TextDegerineEsitElementVarMi is PASSED

2021-10-14 17:05:04 - [MESSAGE][INFO] - Finding Test Object 'Object Repository/Filtreler/Basliklar'

2021-10-14 17:05:04 - [MESSAGE][INFO] - Checking timeout

2021-10-14 17:05:04 - [MESSAGE][INFO] - Finding web element with id: 'Object Repository/Filtreler/Basliklar' located by 'By.cssSelector: .control-label.col-sm-4.paddingMarginRLC' in '10' second(s)

2021-10-14 17:05:04 - [MESSAGE][INFO] - Smart Wait Function is triggered

2021-10-14 17:05:04 - [MESSAGE][INFO] - Found 11 web elements with id: 'Object Repository/Filtreler/Basliklar' located by 'By.cssSelector: .control-label.col-sm-4.paddingMarginRLC' in '10' second(s)

2021-10-14 17:05:04 - [MESSAGE][PASSED] - Method.TextDegerineEsitElementVarMi is PASSED

2021-10-14 17:05:04 - [MESSAGE][PASSED] - Call Test Case 'Test Cases/Filtreler/FiltreVarMi' successfully

2021-10-14 17:05:04 - [MESSAGE][INFO] - Checking called Test Case

2021-10-14 17:05:04 - [MESSAGE][INFO] - Starting to call Test Case 'Test Cases/Filtreler/FiltreVarMi'

2021-10-14 17:05:04 - [TEST_CASE][PASSED] - Test Cases/Filtreler/FiltreVarMi: Test Cases/Filtreler/FiltreVarMi

2021-10-14 17:05:04 - [TEST_STEP][PASSED] - Method.TextDegerineEsitElementVarMi(findTestObject("Filtreler/Basliklar"), Filtre_alan): Method.TextDegerineEsitElementVarMi is PASSED

2021-10-14 17:05:04 - [MESSAGE][INFO] - Finding Test Object 'Object Repository/Filtreler/Basliklar'

2021-10-14 17:05:04 - [MESSAGE][INFO] - Checking timeout

2021-10-14 17:05:04 - [MESSAGE][INFO] - Finding web element with id: 'Object Repository/Filtreler/Basliklar' located by 'By.cssSelector: .control-label.col-sm-4.paddingMarginRLC' in '10' second(s)

2021-10-14 17:05:04 - [MESSAGE][INFO] - Smart Wait Function is triggered

2021-10-14 17:05:04 - [MESSAGE][INFO] - Found 11 web elements with id: 'Object Repository/Filtreler/Basliklar' located by 'By.cssSelector: .control-label.col-sm-4.paddingMarginRLC' in '10' second(s)

2021-10-14 17:05:04 - [MESSAGE][PASSED] - Method.TextDegerineEsitElementVarMi is PASSED

2021-10-14 17:05:04 - [MESSAGE][PASSED] - Call Test Case 'Test Cases/Filtreler/FiltreVarMi' successfully

2021-10-14 17:05:04 - [MESSAGE][INFO] - Checking called Test Case

2021-10-14 17:05:04 - [MESSAGE][INFO] - Starting to call Test Case 'Test Cases/Filtreler/FiltreVarMi'

2021-10-14 17:05:05 - [TEST_CASE][PASSED] - Test Cases/Filtreler/FiltreVarMi: Test Cases/Filtreler/FiltreVarMi

2021-10-14 17:05:05 - [TEST_STEP][PASSED] - Method.TextDegerineEsitElementVarMi(findTestObject("Filtreler/Basliklar"), Filtre_alan): Method.TextDegerineEsitElementVarMi is PASSED

2021-10-14 17:05:05 - [MESSAGE][INFO] - Finding Test Object 'Object Repository/Filtreler/Basliklar'

2021-10-14 17:05:05 - [MESSAGE][INFO] - Checking timeout

2021-10-14 17:05:05 - [MESSAGE][INFO] - Finding web element with id: 'Object Repository/Filtreler/Basliklar' located by 'By.cssSelector: .control-label.col-sm-4.paddingMarginRLC' in '10' second(s)

2021-10-14 17:05:05 - [MESSAGE][INFO] - Smart Wait Function is triggered

2021-10-14 17:05:05 - [MESSAGE][INFO] - Found 11 web elements with id: 'Object Repository/Filtreler/Basliklar' located by 'By.cssSelector: .control-label.col-sm-4.paddingMarginRLC' in '10' second(s)

2021-10-14 17:05:05 - [MESSAGE][PASSED] - Method.TextDegerineEsitElementVarMi is PASSED

2021-10-14 17:05:05 - [MESSAGE][PASSED] - Call Test Case 'Test Cases/Filtreler/FiltreVarMi' successfully

2021-10-14 17:05:05 - [MESSAGE][INFO] - Checking called Test Case

2021-10-14 17:05:05 - [MESSAGE][INFO] - Starting to call Test Case 'Test Cases/Filtreler/FiltreVarMi'

2021-10-14 17:05:05 - [TEST_CASE][PASSED] - Test Cases/Filtreler/FiltreVarMi: Test Cases/Filtreler/FiltreVarMi

2021-10-14 17:05:05 - [TEST_STEP][PASSED] - Method.TextDegerineEsitElementVarMi(findTestObject("Filtreler/Basliklar"), Filtre_alan): Method.TextDegerineEsitElementVarMi is PASSED

2021-10-14 17:05:05 - [MESSAGE][INFO] - Finding Test Object 'Object Repository/Filtreler/Basliklar'

2021-10-14 17:05:05 - [MESSAGE][INFO] - Checking timeout

2021-10-14 17:05:05 - [MESSAGE][INFO] - Finding web element with id: 'Object Repository/Filtreler/Basliklar' located by 'By.cssSelector: .control-label.col-sm-4.paddingMarginRLC' in '10' second(s)

2021-10-14 17:05:05 - [MESSAGE][INFO] - Smart Wait Function is triggered

2021-10-14 17:05:06 - [MESSAGE][INFO] - Found 11 web elements with id: 'Object Repository/Filtreler/Basliklar' located by 'By.cssSelector: .control-label.col-sm-4.paddingMarginRLC' in '10' second(s)

2021-10-14 17:05:06 - [MESSAGE][PASSED] - Method.TextDegerineEsitElementVarMi is PASSED

2021-10-14 17:05:06 - [MESSAGE][PASSED] - Call Test Case 'Test Cases/Filtreler/FiltreVarMi' successfully

2021-10-14 17:05:06 - [MESSAGE][INFO] - Checking called Test Case

2021-10-14 17:05:06 - [MESSAGE][INFO] - Starting to call Test Case 'Test Cases/Filtreler/FiltreVarMi'

2021-10-14 17:05:06 - [TEST_CASE][PASSED] - Test Cases/Filtreler/FiltreVarMi: Test Cases/Filtreler/FiltreVarMi

2021-10-14 17:05:06 - [TEST_STEP][PASSED] - Method.TextDegerineEsitElementVarMi(findTestObject("Filtreler/Basliklar"), Filtre_alan): Method.TextDegerineEsitElementVarMi is PASSED

2021-10-14 17:05:06 - [MESSAGE][INFO] - Finding Test Object 'Object Repository/Filtreler/Basliklar'

2021-10-14 17:05:06 - [MESSAGE][INFO] - Checking timeout

2021-10-14 17:05:06 - [MESSAGE][INFO] - Finding web element with id: 'Object Repository/Filtreler/Basliklar' located by 'By.cssSelector: .control-label.col-sm-4.paddingMarginRLC' in '10' second(s)

2021-10-14 17:05:06 - [MESSAGE][INFO] - Smart Wait Function is triggered

2021-10-14 17:05:06 - [MESSAGE][INFO] - Found 11 web elements with id: 'Object Repository/Filtreler/Basliklar' located by 'By.cssSelector: .control-label.col-sm-4.paddingMarginRLC' in '10' second(s)

2021-10-14 17:05:06 - [MESSAGE][PASSED] - Method.TextDegerineEsitElementVarMi is PASSED

2021-10-14 17:05:06 - [MESSAGE][PASSED] - Call Test Case 'Test Cases/Filtreler/FiltreVarMi' successfully

2021-10-14 17:05:06 - [MESSAGE][INFO] - Checking called Test Case

2021-10-14 17:05:06 - [MESSAGE][INFO] - Starting to call Test Case 'Test Cases/Filtreler/FiltreVarMi'

2021-10-14 17:05:06 - [TEST_CASE][PASSED] - Test Cases/Filtreler/FiltreVarMi: Test Cases/Filtreler/FiltreVarMi

2021-10-14 17:05:06 - [TEST_STEP][PASSED] - Method.TextDegerineEsitElementVarMi(findTestObject("Filtreler/Basliklar"), Filtre_alan): Method.TextDegerineEsitElementVarMi is PASSED

2021-10-14 17:05:06 - [MESSAGE][INFO] - Finding Test Object 'Object Repository/Filtreler/Basliklar'

2021-10-14 17:05:06 - [MESSAGE][INFO] - Checking timeout

2021-10-14 17:05:06 - [MESSAGE][INFO] - Finding web element with id: 'Object Repository/Filtreler/Basliklar' located by 'By.cssSelector: .control-label.col-sm-4.paddingMarginRLC' in '10' second(s)

2021-10-14 17:05:06 - [MESSAGE][INFO] - Smart Wait Function is triggered

2021-10-14 17:05:07 - [MESSAGE][INFO] - Found 11 web elements with id: 'Object Repository/Filtreler/Basliklar' located by 'By.cssSelector: .control-label.col-sm-4.paddingMarginRLC' in '10' second(s)

2021-10-14 17:05:07 - [MESSAGE][PASSED] - Method.TextDegerineEsitElementVarMi is PASSED

2021-10-14 17:05:07 - [MESSAGE][PASSED] - Call Test Case 'Test Cases/Filtreler/FiltreVarMi' successfully

2021-10-14 17:05:07 - [MESSAGE][INFO] - Checking called Test Case

2021-10-14 17:05:07 - [MESSAGE][INFO] - Starting to call Test Case 'Test Cases/Filtreler/ButonVarMi'

2021-10-14 17:05:07 - [TEST_CASE][PASSED] - Test Cases/Filtreler/ButonVarMi: Test Cases/Filtreler/ButonVarMi

2021-10-14 17:05:07 - [TEST_STEP][PASSED] - Method.TextDegerineEsitElementVarMi(findTestObject("Filtreler/Butonlar"), Filtre_Buton): Method.TextDegerineEsitElementVarMi is PASSED

2021-10-14 17:05:07 - [MESSAGE][INFO] - Finding Test Object 'Object Repository/Filtreler/Butonlar'

2021-10-14 17:05:07 - [MESSAGE][INFO] - Checking timeout

2021-10-14 17:05:07 - [MESSAGE][INFO] - Finding web element with id: 'Object Repository/Filtreler/Butonlar' located by 'By.cssSelector: .dxb>span' in '10' second(s)

2021-10-14 17:05:07 - [MESSAGE][INFO] - Smart Wait Function is triggered

2021-10-14 17:05:08 - [MESSAGE][INFO] - Found 2 web elements with id: 'Object Repository/Filtreler/Butonlar' located by 'By.cssSelector: .dxb>span' in '10' second(s)

2021-10-14 17:05:08 - [MESSAGE][PASSED] - Method.TextDegerineEsitElementVarMi is PASSED

2021-10-14 17:05:08 - [MESSAGE][PASSED] - Call Test Case 'Test Cases/Filtreler/ButonVarMi' successfully

2021-10-14 17:05:08 - [MESSAGE][INFO] - Checking called Test Case

2021-10-14 17:05:08 - [MESSAGE][INFO] - Starting to call Test Case 'Test Cases/Filtreler/ButonVarMi'

2021-10-14 17:05:08 - [TEST_CASE][PASSED] - Test Cases/Filtreler/ButonVarMi: Test Cases/Filtreler/ButonVarMi

2021-10-14 17:05:08 - [TEST_STEP][PASSED] - Method.TextDegerineEsitElementVarMi(findTestObject("Filtreler/Butonlar"), Filtre_Buton): Method.TextDegerineEsitElementVarMi is PASSED

2021-10-14 17:05:08 - [MESSAGE][INFO] - Finding Test Object 'Object Repository/Filtreler/Butonlar'

2021-10-14 17:05:08 - [MESSAGE][INFO] - Checking timeout

2021-10-14 17:05:08 - [MESSAGE][INFO] - Finding web element with id: 'Object Repository/Filtreler/Butonlar' located by 'By.cssSelector: .dxb>span' in '10' second(s)

2021-10-14 17:05:08 - [MESSAGE][INFO] - Smart Wait Function is triggered

2021-10-14 17:05:08 - [MESSAGE][INFO] - Found 2 web elements with id: 'Object Repository/Filtreler/Butonlar' located by 'By.cssSelector: .dxb>span' in '10' second(s)

2021-10-14 17:05:08 - [MESSAGE][PASSED] - Method.TextDegerineEsitElementVarMi is PASSED

2021-10-14 17:05:08 - [MESSAGE][PASSED] - Call Test Case 'Test Cases/Filtreler/ButonVarMi' successfully

2021-10-14 17:05:08 - [MESSAGE][INFO] - Checking called Test Case

2021-10-14 17:05:08 - [MESSAGE][INFO] - Starting to call Test Case 'Test Cases/Butonlar/ButonVarMi'

2021-10-14 17:05:08 - [TEST_CASE][PASSED] - Test Cases/Butonlar/ButonVarMi: Test Cases/Butonlar/ButonVarMi

2021-10-14 17:05:09 - [TEST_STEP][PASSED] - Method.TextDegerineEsitElementVarMi(findTestObject("Butonlar/Butonlar"), Buton): Method.TextDegerineEsitElementVarMi is PASSED

2021-10-14 17:05:09 - [MESSAGE][INFO] - Finding Test Object 'Object Repository/Butonlar/Butonlar'

2021-10-14 17:05:09 - [MESSAGE][INFO] - Checking timeout

2021-10-14 17:05:09 - [MESSAGE][INFO] - Finding web element with id: 'Object Repository/Butonlar/Butonlar' located by 'By.cssSelector: .panel.panel-default.text-center.footerPanel .btn,.btn.btn-primary.btnControls' in '10' second(s)

2021-10-14 17:05:09 - [MESSAGE][INFO] - Smart Wait Function is triggered

2021-10-14 17:05:09 - [MESSAGE][INFO] - Found 10 web elements with id: 'Object Repository/Butonlar/Butonlar' located by 'By.cssSelector: .panel.panel-default.text-center.footerPanel .btn,.btn.btn-primary.btnControls' in '10' second(s)

2021-10-14 17:05:09 - [MESSAGE][PASSED] - Method.TextDegerineEsitElementVarMi is PASSED

2021-10-14 17:05:09 - [MESSAGE][PASSED] - Call Test Case 'Test Cases/Butonlar/ButonVarMi' successfully

2021-10-14 17:05:09 - [MESSAGE][INFO] - Checking called Test Case

2021-10-14 17:05:09 - [MESSAGE][INFO] - Starting to call Test Case 'Test Cases/Butonlar/ButonVarMi'

2021-10-14 17:05:09 - [TEST_CASE][PASSED] - Test Cases/Butonlar/ButonVarMi: Test Cases/Butonlar/ButonVarMi

2021-10-14 17:05:09 - [TEST_STEP][PASSED] - Method.TextDegerineEsitElementVarMi(findTestObject("Butonlar/Butonlar"), Buton): Method.TextDegerineEsitElementVarMi is PASSED

2021-10-14 17:05:09 - [MESSAGE][INFO] - Finding Test Object 'Object Repository/Butonlar/Butonlar'

2021-10-14 17:05:09 - [MESSAGE][INFO] - Checking timeout

2021-10-14 17:05:09 - [MESSAGE][INFO] - Finding web element with id: 'Object Repository/Butonlar/Butonlar' located by 'By.cssSelector: .panel.panel-default.text-center.footerPanel .btn,.btn.btn-primary.btnControls' in '10' second(s)

2021-10-14 17:05:09 - [MESSAGE][INFO] - Smart Wait Function is triggered

2021-10-14 17:05:10 - [MESSAGE][INFO] - Found 10 web elements with id: 'Object Repository/Butonlar/Butonlar' located by 'By.cssSelector: .panel.panel-default.text-center.footerPanel .btn,.btn.btn-primary.btnControls' in '10' second(s)

2021-10-14 17:05:10 - [MESSAGE][PASSED] - Method.TextDegerineEsitElementVarMi is PASSED

2021-10-14 17:05:10 - [MESSAGE][PASSED] - Call Test Case 'Test Cases/Butonlar/ButonVarMi' successfully

2021-10-14 17:05:10 - [MESSAGE][INFO] - Checking called Test Case

2021-10-14 17:05:10 - [MESSAGE][INFO] - Starting to call Test Case 'Test Cases/Butonlar/ButonVarMi'

2021-10-14 17:05:10 - [TEST_CASE][PASSED] - Test Cases/Butonlar/ButonVarMi: Test Cases/Butonlar/ButonVarMi

2021-10-14 17:05:10 - [TEST_STEP][PASSED] - Method.TextDegerineEsitElementVarMi(findTestObject("Butonlar/Butonlar"), Buton): Method.TextDegerineEsitElementVarMi is PASSED

2021-10-14 17:05:10 - [MESSAGE][INFO] - Finding Test Object 'Object Repository/Butonlar/Butonlar'

2021-10-14 17:05:10 - [MESSAGE][INFO] - Checking timeout

2021-10-14 17:05:10 - [MESSAGE][INFO] - Finding web element with id: 'Object Repository/Butonlar/Butonlar' located by 'By.cssSelector: .panel.panel-default.text-center.footerPanel .btn,.btn.btn-primary.btnControls' in '10' second(s)

2021-10-14 17:05:10 - [MESSAGE][INFO] - Smart Wait Function is triggered

2021-10-14 17:05:10 - [MESSAGE][INFO] - Found 10 web elements with id: 'Object Repository/Butonlar/Butonlar' located by 'By.cssSelector: .panel.panel-default.text-center.footerPanel .btn,.btn.btn-primary.btnControls' in '10' second(s)

2021-10-14 17:05:10 - [MESSAGE][PASSED] - Method.TextDegerineEsitElementVarMi is PASSED

2021-10-14 17:05:10 - [MESSAGE][PASSED] - Call Test Case 'Test Cases/Butonlar/ButonVarMi' successfully

2021-10-14 17:05:10 - [MESSAGE][INFO] - Checking called Test Case

2021-10-14 17:05:10 - [MESSAGE][INFO] - Starting to call Test Case 'Test Cases/Butonlar/ButonVarMi'

2021-10-14 17:05:10 - [TEST_CASE][PASSED] - Test Cases/Butonlar/ButonVarMi: Test Cases/Butonlar/ButonVarMi

2021-10-14 17:05:10 - [TEST_STEP][PASSED] - Method.TextDegerineEsitElementVarMi(findTestObject("Butonlar/Butonlar"), Buton): Method.TextDegerineEsitElementVarMi is PASSED

2021-10-14 17:05:10 - [MESSAGE][INFO] - Finding Test Object 'Object Repository/Butonlar/Butonlar'

2021-10-14 17:05:10 - [MESSAGE][INFO] - Checking timeout

2021-10-14 17:05:11 - [MESSAGE][INFO] - Finding web element with id: 'Object Repository/Butonlar/Butonlar' located by 'By.cssSelector: .panel.panel-default.text-center.footerPanel .btn,.btn.btn-primary.btnControls' in '10' second(s)

2021-10-14 17:05:11 - [MESSAGE][INFO] - Smart Wait Function is triggered

2021-10-14 17:05:11 - [MESSAGE][INFO] - Found 10 web elements with id: 'Object Repository/Butonlar/Butonlar' located by 'By.cssSelector: .panel.panel-default.text-center.footerPanel .btn,.btn.btn-primary.btnControls' in '10' second(s)

2021-10-14 17:05:11 - [MESSAGE][PASSED] - Method.TextDegerineEsitElementVarMi is PASSED

2021-10-14 17:05:11 - [MESSAGE][PASSED] - Call Test Case 'Test Cases/Butonlar/ButonVarMi' successfully

2021-10-14 17:05:11 - [MESSAGE][INFO] - Checking called Test Case

2021-10-14 17:05:11 - [MESSAGE][INFO] - Starting to call Test Case 'Test Cases/Butonlar/ButonVarMi'

2021-10-14 17:05:11 - [TEST_CASE][PASSED] - Test Cases/Butonlar/ButonVarMi: Test Cases/Butonlar/ButonVarMi

2021-10-14 17:05:11 - [TEST_STEP][PASSED] - Method.TextDegerineEsitElementVarMi(findTestObject("Butonlar/Butonlar"), Buton): Method.TextDegerineEsitElementVarMi is PASSED

2021-10-14 17:05:11 - [MESSAGE][INFO] - Finding Test Object 'Object Repository/Butonlar/Butonlar'

2021-10-14 17:05:11 - [MESSAGE][INFO] - Checking timeout

2021-10-14 17:05:11 - [MESSAGE][INFO] - Finding web element with id: 'Object Repository/Butonlar/Butonlar' located by 'By.cssSelector: .panel.panel-default.text-center.footerPanel .btn,.btn.btn-primary.btnControls' in '10' second(s)

2021-10-14 17:05:11 - [MESSAGE][INFO] - Smart Wait Function is triggered

2021-10-14 17:05:11 - [MESSAGE][INFO] - Found 10 web elements with id: 'Object Repository/Butonlar/Butonlar' located by 'By.cssSelector: .panel.panel-default.text-center.footerPanel .btn,.btn.btn-primary.btnControls' in '10' second(s)

2021-10-14 17:05:11 - [MESSAGE][PASSED] - Method.TextDegerineEsitElementVarMi is PASSED

2021-10-14 17:05:11 - [MESSAGE][PASSED] - Call Test Case 'Test Cases/Butonlar/ButonVarMi' successfully

2021-10-14 17:05:11 - [MESSAGE][INFO] - Checking called Test Case

2021-10-14 17:05:11 - [MESSAGE][INFO] - Starting to call Test Case 'Test Cases/Butonlar/ButonVarMi'

2021-10-14 17:05:11 - [TEST_CASE][PASSED] - Test Cases/Butonlar/ButonVarMi: Test Cases/Butonlar/ButonVarMi

2021-10-14 17:05:11 - [TEST_STEP][PASSED] - Method.TextDegerineEsitElementVarMi(findTestObject("Butonlar/Butonlar"), Buton): Method.TextDegerineEsitElementVarMi is PASSED

2021-10-14 17:05:11 - [MESSAGE][INFO] - Finding Test Object 'Object Repository/Butonlar/Butonlar'

2021-10-14 17:05:12 - [MESSAGE][INFO] - Checking timeout

2021-10-14 17:05:12 - [MESSAGE][INFO] - Finding web element with id: 'Object Repository/Butonlar/Butonlar' located by 'By.cssSelector: .panel.panel-default.text-center.footerPanel .btn,.btn.btn-primary.btnControls' in '10' second(s)

2021-10-14 17:05:12 - [MESSAGE][INFO] - Smart Wait Function is triggered

2021-10-14 17:05:12 - [MESSAGE][INFO] - Found 10 web elements with id: 'Object Repository/Butonlar/Butonlar' located by 'By.cssSelector: .panel.panel-default.text-center.footerPanel .btn,.btn.btn-primary.btnControls' in '10' second(s)

2021-10-14 17:05:12 - [MESSAGE][PASSED] - Method.TextDegerineEsitElementVarMi is PASSED

2021-10-14 17:05:12 - [MESSAGE][PASSED] - Call Test Case 'Test Cases/Butonlar/ButonVarMi' successfully

2021-10-14 17:05:12 - [MESSAGE][INFO] - Checking called Test Case

2021-10-14 17:05:12 - [MESSAGE][INFO] - Starting to call Test Case 'Test Cases/Butonlar/ButonVarMi'

2021-10-14 17:05:12 - [TEST_CASE][PASSED] - Test Cases/Butonlar/ButonVarMi: Test Cases/Butonlar/ButonVarMi

2021-10-14 17:05:12 - [TEST_STEP][PASSED] - Method.TextDegerineEsitElementVarMi(findTestObject("Butonlar/Butonlar"), Buton): Method.TextDegerineEsitElementVarMi is PASSED

2021-10-14 17:05:12 - [MESSAGE][INFO] - Finding Test Object 'Object Repository/Butonlar/Butonlar'

2021-10-14 17:05:12 - [MESSAGE][INFO] - Checking timeout

2021-10-14 17:05:12 - [MESSAGE][INFO] - Finding web element with id: 'Object Repository/Butonlar/Butonlar' located by 'By.cssSelector: .panel.panel-default.text-center.footerPanel .btn,.btn.btn-primary.btnControls' in '10' second(s)

2021-10-14 17:05:12 - [MESSAGE][INFO] - Smart Wait Function is triggered

2021-10-14 17:05:12 - [MESSAGE][INFO] - Found 10 web elements with id: 'Object Repository/Butonlar/Butonlar' located by 'By.cssSelector: .panel.panel-default.text-center.footerPanel .btn,.btn.btn-primary.btnControls' in '10' second(s)

2021-10-14 17:05:12 - [MESSAGE][PASSED] - Method.TextDegerineEsitElementVarMi is PASSED

2021-10-14 17:05:12 - [MESSAGE][PASSED] - Call Test Case 'Test Cases/Butonlar/ButonVarMi' successfully

2021-10-14 17:05:12 - [MESSAGE][INFO] - Checking called Test Case

2021-10-14 17:05:12 - [MESSAGE][INFO] - Starting to call Test Case 'Test Cases/Butonlar/ButonVarMi'

2021-10-14 17:05:13 - [TEST_CASE][PASSED] - Test Cases/Butonlar/ButonVarMi: Test Cases/Butonlar/ButonVarMi

2021-10-14 17:05:13 - [TEST_STEP][PASSED] - Method.TextDegerineEsitElementVarMi(findTestObject("Butonlar/Butonlar"), Buton): Method.TextDegerineEsitElementVarMi is PASSED

2021-10-14 17:05:13 - [MESSAGE][INFO] - Finding Test Object 'Object Repository/Butonlar/Butonlar'

2021-10-14 17:05:13 - [MESSAGE][INFO] - Checking timeout

2021-10-14 17:05:13 - [MESSAGE][INFO] - Finding web element with id: 'Object Repository/Butonlar/Butonlar' located by 'By.cssSelector: .panel.panel-default.text-center.footerPanel .btn,.btn.btn-primary.btnControls' in '10' second(s)

2021-10-14 17:05:13 - [MESSAGE][INFO] - Smart Wait Function is triggered

2021-10-14 17:05:13 - [MESSAGE][INFO] - Found 10 web elements with id: 'Object Repository/Butonlar/Butonlar' located by 'By.cssSelector: .panel.panel-default.text-center.footerPanel .btn,.btn.btn-primary.btnControls' in '10' second(s)

2021-10-14 17:05:13 - [MESSAGE][PASSED] - Method.TextDegerineEsitElementVarMi is PASSED

2021-10-14 17:05:13 - [MESSAGE][PASSED] - Call Test Case 'Test Cases/Butonlar/ButonVarMi' successfully

2021-10-14 17:05:13 - [MESSAGE][INFO] - Checking called Test Case

2021-10-14 17:05:13 - [MESSAGE][INFO] - Starting to call Test Case 'Test Cases/Butonlar/ButonaTikla'

2021-10-14 17:05:13 - [TEST_CASE][PASSED] - Test Cases/Butonlar/ButonaTikla: Test Cases/Butonlar/ButonaTikla

2021-10-14 17:05:13 - [TEST_STEP][PASSED] - Method.TextDegerineEsitElementeTiklaEquals(findTestObject("Butonlar/Butonlar"), Buton_Adi): Method.TextDegerineEsitElementeTiklaEquals is PASSED

2021-10-14 17:05:13 - [MESSAGE][INFO] - Finding Test Object 'Object Repository/Butonlar/Butonlar'

2021-10-14 17:05:13 - [MESSAGE][INFO] - Checking timeout

2021-10-14 17:05:13 - [MESSAGE][INFO] - Finding web element with id: 'Object Repository/Butonlar/Butonlar' located by 'By.cssSelector: .panel.panel-default.text-center.footerPanel .btn,.btn.btn-primary.btnControls' in '10' second(s)

2021-10-14 17:05:13 - [MESSAGE][INFO] - Smart Wait Function is triggered

2021-10-14 17:05:14 - [MESSAGE][INFO] - Found 10 web elements with id: 'Object Repository/Butonlar/Butonlar' located by 'By.cssSelector: .panel.panel-default.text-center.footerPanel .btn,.btn.btn-primary.btnControls' in '10' second(s)

2021-10-14 17:05:14 - [MESSAGE][PASSED] - Method.TextDegerineEsitElementeTiklaEquals is PASSED

2021-10-14 17:05:14 - [MESSAGE][PASSED] - Call Test Case 'Test Cases/Butonlar/ButonaTikla' successfully

2021-10-14 17:05:14 - [MESSAGE][INFO] - Checking called Test Case

2021-10-14 17:05:14 - [MESSAGE][INFO] - Starting to call Test Case 'Test Cases/Butonlar/AltButonVarMi'

2021-10-14 17:05:14 - [TEST_CASE][PASSED] - Test Cases/Butonlar/AltButonVarMi: Test Cases/Butonlar/AltButonVarMi

2021-10-14 17:05:15 - [TEST_STEP][PASSED] - Method.TextDegerineEsitElementVarMi(findTestObject("Butonlar/AltButonlar"), AltButon): Method.TextDegerineEsitElementVarMi is PASSED

2021-10-14 17:05:15 - [MESSAGE][INFO] - Finding Test Object 'Object Repository/Butonlar/AltButonlar'

2021-10-14 17:05:15 - [MESSAGE][INFO] - Checking timeout

2021-10-14 17:05:15 - [MESSAGE][INFO] - Finding web element with id: 'Object Repository/Butonlar/AltButonlar' located by 'By.cssSelector: .btn-group.open li>a' in '10' second(s)

2021-10-14 17:05:15 - [MESSAGE][INFO] - Smart Wait Function is triggered

2021-10-14 17:05:15 - [MESSAGE][INFO] - Found 2 web elements with id: 'Object Repository/Butonlar/AltButonlar' located by 'By.cssSelector: .btn-group.open li>a' in '10' second(s)

2021-10-14 17:05:15 - [MESSAGE][PASSED] - Method.TextDegerineEsitElementVarMi is PASSED

2021-10-14 17:05:15 - [MESSAGE][PASSED] - Call Test Case 'Test Cases/Butonlar/AltButonVarMi' successfully

2021-10-14 17:05:15 - [MESSAGE][INFO] - Checking called Test Case

2021-10-14 17:05:15 - [MESSAGE][INFO] - Starting to call Test Case 'Test Cases/Butonlar/AltButonVarMi'

2021-10-14 17:05:15 - [TEST_CASE][PASSED] - Test Cases/Butonlar/AltButonVarMi: Test Cases/Butonlar/AltButonVarMi

2021-10-14 17:05:15 - [TEST_STEP][PASSED] - Method.TextDegerineEsitElementVarMi(findTestObject("Butonlar/AltButonlar"), AltButon): Method.TextDegerineEsitElementVarMi is PASSED

2021-10-14 17:05:15 - [MESSAGE][INFO] - Finding Test Object 'Object Repository/Butonlar/AltButonlar'

2021-10-14 17:05:15 - [MESSAGE][INFO] - Checking timeout

2021-10-14 17:05:15 - [MESSAGE][INFO] - Finding web element with id: 'Object Repository/Butonlar/AltButonlar' located by 'By.cssSelector: .btn-group.open li>a' in '10' second(s)

2021-10-14 17:05:15 - [MESSAGE][INFO] - Smart Wait Function is triggered

2021-10-14 17:05:16 - [MESSAGE][INFO] - Found 2 web elements with id: 'Object Repository/Butonlar/AltButonlar' located by 'By.cssSelector: .btn-group.open li>a' in '10' second(s)

2021-10-14 17:05:16 - [MESSAGE][PASSED] - Method.TextDegerineEsitElementVarMi is PASSED

2021-10-14 17:05:16 - [MESSAGE][PASSED] - Call Test Case 'Test Cases/Butonlar/AltButonVarMi' successfully

2021-10-14 17:05:16 - [MESSAGE][INFO] - Checking called Test Case

2021-10-14 17:05:16 - [MESSAGE][INFO] - Starting to call Test Case 'Test Cases/Kullanici_Islemleri/KullaniciIslemlerindenSecimYapilir'

2021-10-14 17:05:16 - [TEST_CASE][PASSED] - Test Cases/Kullanici_Islemleri/KullaniciIslemlerindenSecimYapilir: Test Cases/Kullanici_Islemleri/KullaniciIslemlerindenSecimYapilir

2021-10-14 17:05:16 - [TEST_STEP][PASSED] - waitForElementClickable(findTestObject("Object Repository/Kullanici_Islemleri/KullaniciIslemleri"), 10): Object 'Object Repository/Kullanici_Islemleri/KullaniciIslemleri' is clickable

2021-10-14 17:05:16 - [MESSAGE][INFO] - Finding Test Object 'Object Repository/Kullanici_Islemleri/KullaniciIslemleri'

2021-10-14 17:05:16 - [MESSAGE][INFO] - Checking object

2021-10-14 17:05:16 - [MESSAGE][INFO] - Checking timeout

2021-10-14 17:05:16 - [MESSAGE][INFO] - Finding web element from Test Object's properties

2021-10-14 17:05:16 - [MESSAGE][INFO] - Checking timeout

2021-10-14 17:05:16 - [MESSAGE][INFO] - Finding web element with id: 'Object Repository/Kullanici_Islemleri/KullaniciIslemleri' located by 'By.cssSelector: .dropdown>a>img' in '10' second(s)

2021-10-14 17:05:16 - [MESSAGE][INFO] - Smart Wait Function is triggered

2021-10-14 17:05:16 - [MESSAGE][INFO] - Found 1 web elements with id: 'Object Repository/Kullanici_Islemleri/KullaniciIslemleri' located by 'By.cssSelector: .dropdown>a>img' in '10' second(s)

2021-10-14 17:05:16 - [MESSAGE][PASSED] - Object 'Object Repository/Kullanici_Islemleri/KullaniciIslemleri' is clickable

2021-10-14 17:05:16 - [TEST_STEP][PASSED] - click(findTestObject("Object Repository/Kullanici_Islemleri/KullaniciIslemleri")): Object: 'Object Repository/Kullanici_Islemleri/KullaniciIslemleri' is clicked on

2021-10-14 17:05:16 - [MESSAGE][INFO] - Finding Test Object 'Object Repository/Kullanici_Islemleri/KullaniciIslemleri'

2021-10-14 17:05:16 - [MESSAGE][INFO] - Checking object

2021-10-14 17:05:16 - [MESSAGE][INFO] - Finding web element from Test Object's properties

2021-10-14 17:05:16 - [MESSAGE][INFO] - Checking timeout

2021-10-14 17:05:16 - [MESSAGE][INFO] - Finding web element with id: 'Object Repository/Kullanici_Islemleri/KullaniciIslemleri' located by 'By.cssSelector: .dropdown>a>img' in '30' second(s)

2021-10-14 17:05:16 - [MESSAGE][INFO] - Smart Wait Function is triggered

2021-10-14 17:05:17 - [MESSAGE][INFO] - Found 1 web elements with id: 'Object Repository/Kullanici_Islemleri/KullaniciIslemleri' located by 'By.cssSelector: .dropdown>a>img' in '30' second(s)

2021-10-14 17:05:17 - [MESSAGE][INFO] - Clicking on object: 'Object Repository/Kullanici_Islemleri/KullaniciIslemleri'

2021-10-14 17:05:17 - [MESSAGE][PASSED] - Object: 'Object Repository/Kullanici_Islemleri/KullaniciIslemleri' is clicked on

2021-10-14 17:05:17 - [TEST_STEP][PASSED] - Method.TextDegerineEsitElementeTikla(findTestObject("Object Repository/Kullanici_Islemleri/Secenekler"), Islem): Method.TextDegerineEsitElementeTikla is PASSED

2021-10-14 17:05:17 - [MESSAGE][INFO] - Finding Test Object 'Object Repository/Kullanici_Islemleri/Secenekler'

2021-10-14 17:05:17 - [MESSAGE][INFO] - Checking timeout

2021-10-14 17:05:17 - [MESSAGE][INFO] - Finding web element with id: 'Object Repository/Kullanici_Islemleri/Secenekler' located by 'By.cssSelector: .nav.navbar-nav.navbar-right li a' in '10' second(s)

2021-10-14 17:05:17 - [MESSAGE][INFO] - Smart Wait Function is triggered

2021-10-14 17:05:17 - [MESSAGE][INFO] - Found 22 web elements with id: 'Object Repository/Kullanici_Islemleri/Secenekler' located by 'By.cssSelector: .nav.navbar-nav.navbar-right li a' in '10' second(s)

2021-10-14 17:05:19 - [MESSAGE][PASSED] - Method.TextDegerineEsitElementeTikla is PASSED

2021-10-14 17:05:19 - [TEST_STEP][PASSED] - verifyElementNotPresent(findTestObject("Object Repository/Kullanici_Islemleri/Secenekler"), 10): Web element with id: 'Object Repository/Kullanici_Islemleri/Secenekler' located by 'By.cssSelector: .nav.navbar-nav.navbar-right li a' is not present after '10' second(s)

2021-10-14 17:05:19 - [MESSAGE][INFO] - Finding Test Object 'Object Repository/Kullanici_Islemleri/Secenekler'

2021-10-14 17:05:19 - [MESSAGE][INFO] - Checking object

2021-10-14 17:05:19 - [MESSAGE][INFO] - Checking timeout

2021-10-14 17:05:19 - [MESSAGE][INFO] - Finding web element with id: 'Object Repository/Kullanici_Islemleri/Secenekler' located by 'By.cssSelector: .nav.navbar-nav.navbar-right li a' in '10' second(s)

2021-10-14 17:05:19 - [MESSAGE][INFO] - Smart Wait Function is triggered

2021-10-14 17:05:19 - [MESSAGE][PASSED] - Web element with id: 'Object Repository/Kullanici_Islemleri/Secenekler' located by 'By.cssSelector: .nav.navbar-nav.navbar-right li a' is not present after '10' second(s)

2021-10-14 17:05:19 - [MESSAGE][PASSED] - Call Test Case 'Test Cases/Kullanici_Islemleri/KullaniciIslemlerindenSecimYapilir' successfully

2021-10-14 17:05:19 - [TEST_CASE][PASSED] - Start Test Case : SCENARIO e-Fatura Olusturma Buton Kontrolu: SCENARIO e-Fatura Olusturma Buton Kontrolu

2021-10-14 17:05:19 - [TEST_STEP][PASSED] - Kullanıcı adı ELOGO6 ve Şifre 123456 olarak giriş yapılır: Kullanıcı adı ELOGO6 ve Şifre 123456 olarak giriş yapılır

2021-10-14 17:05:19 - [MESSAGE][PASSED] - Kullanıcı adı ELOGO6 ve Şifre 123456 olarak giriş yapılır

2021-10-14 17:05:19 - [TEST_STEP][PASSED] - Ana menüden e-Fatura seçilir: Ana menüden e-Fatura seçilir

2021-10-14 17:05:19 - [MESSAGE][PASSED] - Ana menüden e-Fatura seçilir

2021-10-14 17:05:19 - [TEST_STEP][PASSED] - Alt menü e-Fatura Araçları başlığı altındaki e-Fatura Oluşturma seçilir: Alt menü e-Fatura Araçları başlığı altındaki e-Fatura Oluşturma seçilir

2021-10-14 17:05:19 - [MESSAGE][PASSED] - Alt menü e-Fatura Araçları başlığı altındaki e-Fatura Oluşturma seçilir

2021-10-14 17:05:19 - [TEST_STEP][PASSED] - Filtre alanlarında Durumu var mı: Filtre alanlarında Durumu var mı

2021-10-14 17:05:19 - [MESSAGE][PASSED] - Filtre alanlarında Durumu var mı

2021-10-14 17:05:19 - [TEST_STEP][PASSED] - Filtre alanlarında Oluşturma Tarihi var mı: Filtre alanlarında Oluşturma Tarihi var mı

2021-10-14 17:05:19 - [MESSAGE][PASSED] - Filtre alanlarında Oluşturma Tarihi var mı

2021-10-14 17:05:19 - [TEST_STEP][PASSED] - Filtre alanlarında Toplam Tutar var mı: Filtre alanlarında Toplam Tutar var mı

2021-10-14 17:05:19 - [MESSAGE][PASSED] - Filtre alanlarında Toplam Tutar var mı

2021-10-14 17:05:19 - [TEST_STEP][PASSED] - Filtre alanlarında Müşteri Bayi Kodu var mı: Filtre alanlarında Müşteri Bayi Kodu var mı

2021-10-14 17:05:19 - [MESSAGE][PASSED] - Filtre alanlarında Müşteri Bayi Kodu var mı

2021-10-14 17:05:19 - [TEST_STEP][PASSED] - Filtre alanlarında Tüm Hesaplar var mı: Filtre alanlarında Tüm Hesaplar var mı

2021-10-14 17:05:19 - [MESSAGE][PASSED] - Filtre alanlarında Tüm Hesaplar var mı

2021-10-14 17:05:19 - [TEST_STEP][PASSED] - Filtre alanlarında Alıcı Ünvan var mı: Filtre alanlarında Alıcı Ünvan var mı

2021-10-14 17:05:19 - [MESSAGE][PASSED] - Filtre alanlarında Alıcı Ünvan var mı

2021-10-14 17:05:19 - [TEST_STEP][PASSED] - Filtre alanlarında Fatura Tarihi var mı: Filtre alanlarında Fatura Tarihi var mı

2021-10-14 17:05:19 - [MESSAGE][PASSED] - Filtre alanlarında Fatura Tarihi var mı

2021-10-14 17:05:19 - [TEST_STEP][PASSED] - Filtre alanlarında Fatura ETTN var mı: Filtre alanlarında Fatura ETTN var mı

2021-10-14 17:05:19 - [MESSAGE][PASSED] - Filtre alanlarında Fatura ETTN var mı

2021-10-14 17:05:19 - [TEST_STEP][PASSED] - Filtre alanlarında Fatura No var mı: Filtre alanlarında Fatura No var mı

2021-10-14 17:05:19 - [MESSAGE][PASSED] - Filtre alanlarında Fatura No var mı

2021-10-14 17:05:19 - [TEST_STEP][PASSED] - Filtre alanlarında Tür var mı: Filtre alanlarında Tür var mı

2021-10-14 17:05:19 - [MESSAGE][PASSED] - Filtre alanlarında Tür var mı

2021-10-14 17:05:19 - [TEST_STEP][PASSED] - Filtre alanlarında Senaryo var mı: Filtre alanlarında Senaryo var mı

2021-10-14 17:05:19 - [MESSAGE][PASSED] - Filtre alanlarında Senaryo var mı

2021-10-14 17:05:19 - [TEST_STEP][PASSED] - Filtre butonlarında Listele var mı: Filtre butonlarında Listele var mı

2021-10-14 17:05:19 - [MESSAGE][PASSED] - Filtre butonlarında Listele var mı

2021-10-14 17:05:19 - [TEST_STEP][PASSED] - Filtre butonlarında Temizle var mı: Filtre butonlarında Temizle var mı

2021-10-14 17:05:19 - [MESSAGE][PASSED] - Filtre butonlarında Temizle var mı

2021-10-14 17:05:19 - [TEST_STEP][PASSED] - Butonlardan Ekle var mı: Butonlardan Ekle var mı

2021-10-14 17:05:19 - [MESSAGE][PASSED] - Butonlardan Ekle var mı

2021-10-14 17:05:19 - [TEST_STEP][PASSED] - Butonlardan Numara Oluştur var mı: Butonlardan Numara Oluştur var mı

2021-10-14 17:05:19 - [MESSAGE][PASSED] - Butonlardan Numara Oluştur var mı

2021-10-14 17:05:19 - [TEST_STEP][PASSED] - Butonlardan Gönder var mı: Butonlardan Gönder var mı

2021-10-14 17:05:19 - [MESSAGE][PASSED] - Butonlardan Gönder var mı

2021-10-14 17:05:19 - [TEST_STEP][PASSED] - Butonlardan Değiştir var mı: Butonlardan Değiştir var mı

2021-10-14 17:05:19 - [MESSAGE][PASSED] - Butonlardan Değiştir var mı

2021-10-14 17:05:19 - [TEST_STEP][PASSED] - Butonlardan Göster var mı: Butonlardan Göster var mı

2021-10-14 17:05:19 - [MESSAGE][PASSED] - Butonlardan Göster var mı

2021-10-14 17:05:19 - [TEST_STEP][PASSED] - Butonlardan UBL var mı: Butonlardan UBL var mı

2021-10-14 17:05:19 - [MESSAGE][PASSED] - Butonlardan UBL var mı

2021-10-14 17:05:19 - [TEST_STEP][PASSED] - Butonlardan Sil var mı: Butonlardan Sil var mı

2021-10-14 17:05:19 - [MESSAGE][PASSED] - Butonlardan Sil var mı

2021-10-14 17:05:19 - [TEST_STEP][PASSED] - Butonlardan Excel var mı: Butonlardan Excel var mı

2021-10-14 17:05:19 - [MESSAGE][PASSED] - Butonlardan Excel var mı

2021-10-14 17:05:19 - [TEST_STEP][PASSED] - Butonlardan Excel isimli butona tıklanır: Butonlardan Excel isimli butona tıklanır

2021-10-14 17:05:19 - [MESSAGE][PASSED] - Butonlardan Excel isimli butona tıklanır

2021-10-14 17:05:19 - [TEST_STEP][PASSED] - Alt butonlardan Excel'e Aktar var mı: Alt butonlardan Excel'e Aktar var mı

2021-10-14 17:05:19 - [MESSAGE][PASSED] - Alt butonlardan Excel'e Aktar var mı

2021-10-14 17:05:19 - [TEST_STEP][PASSED] - Alt butonlardan Tümünü Excel'e Aktar var mı: Alt butonlardan Tümünü Excel'e Aktar var mı

2021-10-14 17:05:19 - [MESSAGE][PASSED] - Alt butonlardan Tümünü Excel'e Aktar var mı

2021-10-14 17:05:19 - [TEST_STEP][PASSED] - Kullanıcı işlemlerinden Çıkış seçilir: Kullanıcı işlemlerinden Çıkış seçilir

2021-10-14 17:05:19 - [MESSAGE][PASSED] - Kullanıcı işlemlerinden Çıkış seçilir

2021-10-14 17:05:20 - [MESSAGE][PASSED] - Feature file: 'Include/features/e-Fatura/e-Fatura Araclari/e-Fatura Olusturma/Ekran Kontrolu.feature' was passed

2021-10-14 17:05:20 - [TEST_STEP][PASSED] - Start listener action : sampleAfterTestSuite: Invoke 'com.kms.katalon.core.annotation.AfterTestCase' method: 'Listener.sampleAfterTestSuite(...)' completed.

2021-10-14 17:05:20 - [MESSAGE][INFO] - Starting invoke 'com.kms.katalon.core.annotation.AfterTestCase' method: 'Listener.sampleAfterTestSuite(...)'

2021-10-14 17:05:20 - [TEST_STEP][PASSED] - closeBrowser(): Invoke 'com.kms.katalon.core.annotation.AfterTestCase' method: 'Listener.sampleAfterTestSuite(...)' completed.

2021-10-14 17:05:20 - [MESSAGE][INFO] - Closing browser

2021-10-14 17:05:20 - [MESSAGE][PASSED] - Browser is closed

2021-10-14 17:05:20 - [MESSAGE][INFO] - Invoke 'com.kms.katalon.core.annotation.AfterTestCase' method: 'Listener.sampleAfterTestSuite(...)' completed.]]></system-out>
         <system-err><![CDATA[]]></system-err>
      </testcase>
      <testcase name="Test Cases/Case Repository/e-Fatura/e-Fatura Araclari/e-Fatura Taslak/Ekran Kontrolu" time="43.091" classname="Test Cases/Case Repository/e-Fatura/e-Fatura Araclari/e-Fatura Taslak/Ekran Kontrolu" status="PASSED">
         <system-out><![CDATA[2021-10-14 17:05:20 - [TEST_CASE][PASSED] - Test Cases/Case Repository/e-Fatura/e-Fatura Araclari/e-Fatura Taslak/Ekran Kontrolu: Test Cases/Case Repository/e-Fatura/e-Fatura Araclari/e-Fatura Taslak/Ekran Kontrolu

2021-10-14 17:05:20 - [TEST_STEP][PASSED] - Start listener action : sampleBeforeTestSuite: Invoke 'com.kms.katalon.core.annotation.BeforeTestCase' method: 'Listener.sampleBeforeTestSuite(...)' completed.

2021-10-14 17:05:20 - [MESSAGE][INFO] - Starting invoke 'com.kms.katalon.core.annotation.BeforeTestCase' method: 'Listener.sampleBeforeTestSuite(...)'

2021-10-14 17:05:20 - [TEST_STEP][PASSED] - openBrowser(baseUrl): Browser is opened with url: 'https://efatura-stage.elogo.com.tr/'

2021-10-14 17:05:20 - [MESSAGE][INFO] - Opening browser

2021-10-14 17:05:20 - [MESSAGE][INFO] - Starting 'Chrome' driver

2021-10-14 17:05:20 - [MESSAGE][INFO] - User set preference: ['prefs', '{download.default_directory=C:\otomasyondownfiles}']

2021-10-14 17:05:20 - [MESSAGE][INFO] - Action delay is set to 0 milliseconds

2021-10-14 17:05:22 - [MESSAGE][INFO] - Navigating browser to: 'https://efatura-stage.elogo.com.tr/'

2021-10-14 17:05:24 - [MESSAGE][PASSED] - Browser is opened with url: 'https://efatura-stage.elogo.com.tr/'

2021-10-14 17:05:24 - [TEST_STEP][PASSED] - maximizeWindow(): Invoke 'com.kms.katalon.core.annotation.BeforeTestCase' method: 'Listener.sampleBeforeTestSuite(...)' completed.

2021-10-14 17:05:24 - [MESSAGE][INFO] - Maximizing current window

2021-10-14 17:05:24 - [MESSAGE][PASSED] - Current window maximized

2021-10-14 17:05:24 - [MESSAGE][INFO] - Invoke 'com.kms.katalon.core.annotation.BeforeTestCase' method: 'Listener.sampleBeforeTestSuite(...)' completed.

2021-10-14 17:05:25 - [TEST_STEP][PASSED] - runFeatureFile("Include/features/e-Fatura/e-Fatura Araclari/e-Fatura Taslak/Ekran Kontrolu.feature"): Feature file: 'Include/features/e-Fatura/e-Fatura Araclari/e-Fatura Taslak/Ekran Kontrolu.feature' was passed

2021-10-14 17:05:25 - [MESSAGE][INFO] - Starting run keyword runFeatureFile: 'Include/features/e-Fatura/e-Fatura Araclari/e-Fatura Taslak/Ekran Kontrolu.feature' and extract report to folder: 'C:\Users\DELL\Downloads\EES_Katalon-main\Reports\20211014_170112\Suite Repository\e-Fatura\20211014_170113/cucumber_report/1634220325716'...

2021-10-14 17:05:25 - [MESSAGE][INFO] - Glue: []

2021-10-14 17:05:26 - [MESSAGE][INFO] - Checking called Test Case

2021-10-14 17:05:26 - [MESSAGE][INFO] - Starting to call Test Case 'Test Cases/Sayfalar/Giris_Sayfasi/Login'

2021-10-14 17:05:26 - [TEST_CASE][PASSED] - Test Cases/Sayfalar/Giris_Sayfasi/Login: Test Cases/Sayfalar/Giris_Sayfasi/Login

2021-10-14 17:05:26 - [TEST_STEP][PASSED] - Sayfa_Basligi = getWindowTitle(): Current window's title is: 'LOGO e-Fatura'

2021-10-14 17:05:26 - [MESSAGE][INFO] - Getting current window's title

2021-10-14 17:05:26 - [MESSAGE][PASSED] - Current window's title is: 'LOGO e-Fatura'

2021-10-14 17:05:26 - [TEST_STEP][PASSED] - verifyMatch(Sayfa_Basligi, "LOGO e-Fatura", false): Actual text 'LOGO e-Fatura' and expected text 'LOGO e-Fatura' are matched 

2021-10-14 17:05:26 - [MESSAGE][INFO] - Matching actual text 'LOGO e-Fatura' with expected text 'LOGO e-Fatura'

2021-10-14 17:05:26 - [MESSAGE][PASSED] - Actual text 'LOGO e-Fatura' and expected text 'LOGO e-Fatura' are matched 

2021-10-14 17:05:26 - [TEST_STEP][PASSED] - sendKeys(findTestObject("Sayfalar/Giris_Sayfasi/Firma_Kodu"), KullaniciAdi): Keys 'ELOGO6' sent to object: 'Object Repository/Sayfalar/Giris_Sayfasi/Firma_Kodu'

2021-10-14 17:05:26 - [MESSAGE][INFO] - Finding Test Object 'Object Repository/Sayfalar/Giris_Sayfasi/Firma_Kodu'

2021-10-14 17:05:26 - [MESSAGE][INFO] - Sending keys 'ELOGO6' to object: 'Object Repository/Sayfalar/Giris_Sayfasi/Firma_Kodu'

2021-10-14 17:05:26 - [MESSAGE][INFO] - Finding web element from Test Object's properties

2021-10-14 17:05:26 - [MESSAGE][INFO] - Checking timeout

2021-10-14 17:05:26 - [MESSAGE][INFO] - Finding web element with id: 'Object Repository/Sayfalar/Giris_Sayfasi/Firma_Kodu' located by 'By.xpath: //*[@id = 'AccountName']' in '30' second(s)

2021-10-14 17:05:26 - [MESSAGE][INFO] - Smart Wait Function is triggered

2021-10-14 17:05:27 - [MESSAGE][INFO] - Found 1 web elements with id: 'Object Repository/Sayfalar/Giris_Sayfasi/Firma_Kodu' located by 'By.xpath: //*[@id = 'AccountName']' in '30' second(s)

2021-10-14 17:05:27 - [MESSAGE][PASSED] - Keys 'ELOGO6' sent to object: 'Object Repository/Sayfalar/Giris_Sayfasi/Firma_Kodu'

2021-10-14 17:05:27 - [TEST_STEP][PASSED] - sendKeys(findTestObject("Sayfalar/Giris_Sayfasi/Sifre"), Sifre): Keys '123456' sent to object: 'Object Repository/Sayfalar/Giris_Sayfasi/Sifre'

2021-10-14 17:05:27 - [MESSAGE][INFO] - Finding Test Object 'Object Repository/Sayfalar/Giris_Sayfasi/Sifre'

2021-10-14 17:05:27 - [MESSAGE][INFO] - Sending keys '123456' to object: 'Object Repository/Sayfalar/Giris_Sayfasi/Sifre'

2021-10-14 17:05:27 - [MESSAGE][INFO] - Finding web element from Test Object's properties

2021-10-14 17:05:27 - [MESSAGE][INFO] - Checking timeout

2021-10-14 17:05:27 - [MESSAGE][INFO] - Finding web element with id: 'Object Repository/Sayfalar/Giris_Sayfasi/Sifre' located by 'By.xpath: //*[@id = 'Password']' in '30' second(s)

2021-10-14 17:05:27 - [MESSAGE][INFO] - Smart Wait Function is triggered

2021-10-14 17:05:27 - [MESSAGE][INFO] - Found 1 web elements with id: 'Object Repository/Sayfalar/Giris_Sayfasi/Sifre' located by 'By.xpath: //*[@id = 'Password']' in '30' second(s)

2021-10-14 17:05:27 - [MESSAGE][PASSED] - Keys '123456' sent to object: 'Object Repository/Sayfalar/Giris_Sayfasi/Sifre'

2021-10-14 17:05:27 - [TEST_STEP][PASSED] - findWebElement(findTestObject("Sayfalar/Giris_Sayfasi/Giris_Butonu")).click(): Found 1 web elements with id: 'Object Repository/Sayfalar/Giris_Sayfasi/Giris_Butonu' located by 'By.cssSelector: #btnLogin' in '30' second(s)

2021-10-14 17:05:27 - [MESSAGE][INFO] - Finding Test Object 'Object Repository/Sayfalar/Giris_Sayfasi/Giris_Butonu'

2021-10-14 17:05:27 - [MESSAGE][INFO] - Finding web element from Test Object's properties

2021-10-14 17:05:27 - [MESSAGE][INFO] - Checking timeout

2021-10-14 17:05:27 - [MESSAGE][INFO] - Finding web element with id: 'Object Repository/Sayfalar/Giris_Sayfasi/Giris_Butonu' located by 'By.cssSelector: #btnLogin' in '30' second(s)

2021-10-14 17:05:27 - [MESSAGE][INFO] - Smart Wait Function is triggered

2021-10-14 17:05:28 - [MESSAGE][INFO] - Found 1 web elements with id: 'Object Repository/Sayfalar/Giris_Sayfasi/Giris_Butonu' located by 'By.cssSelector: #btnLogin' in '30' second(s)

2021-10-14 17:05:30 - [TEST_STEP][PASSED] - if (verifyElementPresent(findTestObject("Object Repository/Sayfalar/Giris_Sayfasi/RetveTamam_Butonu"), 5, OPTIONAL)): null

2021-10-14 17:05:30 - [MESSAGE][INFO] - Finding Test Object 'Object Repository/Sayfalar/Giris_Sayfasi/RetveTamam_Butonu'

2021-10-14 17:05:30 - [MESSAGE][INFO] - Checking object

2021-10-14 17:05:30 - [MESSAGE][INFO] - Finding web element from Test Object's properties

2021-10-14 17:05:30 - [MESSAGE][INFO] - Checking timeout

2021-10-14 17:05:30 - [MESSAGE][INFO] - Finding web element with id: 'Object Repository/Sayfalar/Giris_Sayfasi/RetveTamam_Butonu' located by 'By.xpath: //*[@class = 'btn btn-default']' in '5' second(s)

2021-10-14 17:05:30 - [MESSAGE][INFO] - Smart Wait Function is triggered

2021-10-14 17:05:30 - [MESSAGE][INFO] - Found 1 web elements with id: 'Object Repository/Sayfalar/Giris_Sayfasi/RetveTamam_Butonu' located by 'By.xpath: //*[@class = 'btn btn-default']' in '5' second(s)

2021-10-14 17:05:30 - [MESSAGE][PASSED] - Object 'Object Repository/Sayfalar/Giris_Sayfasi/RetveTamam_Butonu' is present

2021-10-14 17:05:30 - [TEST_STEP][PASSED] - click(findTestObject("Object Repository/Sayfalar/Giris_Sayfasi/RetveTamam_Butonu")): Object: 'Object Repository/Sayfalar/Giris_Sayfasi/RetveTamam_Butonu' is clicked on

2021-10-14 17:05:30 - [MESSAGE][INFO] - Finding Test Object 'Object Repository/Sayfalar/Giris_Sayfasi/RetveTamam_Butonu'

2021-10-14 17:05:30 - [MESSAGE][INFO] - Checking object

2021-10-14 17:05:30 - [MESSAGE][INFO] - Finding web element from Test Object's properties

2021-10-14 17:05:30 - [MESSAGE][INFO] - Checking timeout

2021-10-14 17:05:30 - [MESSAGE][INFO] - Finding web element with id: 'Object Repository/Sayfalar/Giris_Sayfasi/RetveTamam_Butonu' located by 'By.xpath: //*[@class = 'btn btn-default']' in '30' second(s)

2021-10-14 17:05:30 - [MESSAGE][INFO] - Smart Wait Function is triggered

2021-10-14 17:05:31 - [MESSAGE][INFO] - Found 1 web elements with id: 'Object Repository/Sayfalar/Giris_Sayfasi/RetveTamam_Butonu' located by 'By.xpath: //*[@class = 'btn btn-default']' in '30' second(s)

2021-10-14 17:05:31 - [MESSAGE][INFO] - Clicking on object: 'Object Repository/Sayfalar/Giris_Sayfasi/RetveTamam_Butonu'

2021-10-14 17:05:31 - [MESSAGE][PASSED] - Object: 'Object Repository/Sayfalar/Giris_Sayfasi/RetveTamam_Butonu' is clicked on

2021-10-14 17:05:31 - [TEST_STEP][PASSED] - click(findTestObject("Object Repository/Sayfalar/Giris_Sayfasi/RetveTamam_Butonu")): Object: 'Object Repository/Sayfalar/Giris_Sayfasi/RetveTamam_Butonu' is clicked on

2021-10-14 17:05:31 - [MESSAGE][INFO] - Finding Test Object 'Object Repository/Sayfalar/Giris_Sayfasi/RetveTamam_Butonu'

2021-10-14 17:05:31 - [MESSAGE][INFO] - Checking object

2021-10-14 17:05:31 - [MESSAGE][INFO] - Finding web element from Test Object's properties

2021-10-14 17:05:31 - [MESSAGE][INFO] - Checking timeout

2021-10-14 17:05:31 - [MESSAGE][INFO] - Finding web element with id: 'Object Repository/Sayfalar/Giris_Sayfasi/RetveTamam_Butonu' located by 'By.xpath: //*[@class = 'btn btn-default']' in '30' second(s)

2021-10-14 17:05:31 - [MESSAGE][INFO] - Smart Wait Function is triggered

2021-10-14 17:05:39 - [MESSAGE][INFO] - Found 1 web elements with id: 'Object Repository/Sayfalar/Giris_Sayfasi/RetveTamam_Butonu' located by 'By.xpath: //*[@class = 'btn btn-default']' in '30' second(s)

2021-10-14 17:05:39 - [MESSAGE][INFO] - Clicking on object: 'Object Repository/Sayfalar/Giris_Sayfasi/RetveTamam_Butonu'

2021-10-14 17:05:39 - [MESSAGE][PASSED] - Object: 'Object Repository/Sayfalar/Giris_Sayfasi/RetveTamam_Butonu' is clicked on

2021-10-14 17:05:39 - [TEST_STEP][PASSED] - if (verifyElementPresent(findTestObject("Sayfalar/Giris_Sayfasi/PopupOK"), 5, OPTIONAL)): null

2021-10-14 17:05:39 - [MESSAGE][INFO] - Finding Test Object 'Object Repository/Sayfalar/Giris_Sayfasi/PopupOK'

2021-10-14 17:05:39 - [MESSAGE][INFO] - Checking object

2021-10-14 17:05:39 - [MESSAGE][INFO] - Finding web element from Test Object's properties

2021-10-14 17:05:39 - [MESSAGE][INFO] - Checking timeout

2021-10-14 17:05:39 - [MESSAGE][INFO] - Finding web element with id: 'Object Repository/Sayfalar/Giris_Sayfasi/PopupOK' located by 'By.cssSelector: .btn.btn-success' in '5' second(s)

2021-10-14 17:05:39 - [MESSAGE][INFO] - Smart Wait Function is triggered

2021-10-14 17:05:40 - [MESSAGE][INFO] - Found 1 web elements with id: 'Object Repository/Sayfalar/Giris_Sayfasi/PopupOK' located by 'By.cssSelector: .btn.btn-success' in '5' second(s)

2021-10-14 17:05:40 - [MESSAGE][PASSED] - Object 'Object Repository/Sayfalar/Giris_Sayfasi/PopupOK' is present

2021-10-14 17:05:40 - [TEST_STEP][PASSED] - click(findTestObject("Object Repository/Sayfalar/Giris_Sayfasi/PopupCarpiGiris")): Object: 'Object Repository/Sayfalar/Giris_Sayfasi/PopupCarpiGiris' is clicked on

2021-10-14 17:05:40 - [MESSAGE][INFO] - Finding Test Object 'Object Repository/Sayfalar/Giris_Sayfasi/PopupCarpiGiris'

2021-10-14 17:05:40 - [MESSAGE][INFO] - Checking object

2021-10-14 17:05:40 - [MESSAGE][INFO] - Finding web element from Test Object's properties

2021-10-14 17:05:40 - [MESSAGE][INFO] - Checking timeout

2021-10-14 17:05:40 - [MESSAGE][INFO] - Finding web element with id: 'Object Repository/Sayfalar/Giris_Sayfasi/PopupCarpiGiris' located by 'By.cssSelector: .bootbox-close-button.close' in '30' second(s)

2021-10-14 17:05:40 - [MESSAGE][INFO] - Smart Wait Function is triggered

2021-10-14 17:05:40 - [MESSAGE][INFO] - Found 1 web elements with id: 'Object Repository/Sayfalar/Giris_Sayfasi/PopupCarpiGiris' located by 'By.cssSelector: .bootbox-close-button.close' in '30' second(s)

2021-10-14 17:05:40 - [MESSAGE][INFO] - Clicking on object: 'Object Repository/Sayfalar/Giris_Sayfasi/PopupCarpiGiris'

2021-10-14 17:05:40 - [MESSAGE][PASSED] - Object: 'Object Repository/Sayfalar/Giris_Sayfasi/PopupCarpiGiris' is clicked on

2021-10-14 17:05:40 - [TEST_STEP][PASSED] - verifyElementVisible(findTestObject("Object Repository/Kullanici_Islemleri/KullaniciIslemleri")): Object 'Object Repository/Kullanici_Islemleri/KullaniciIslemleri' is visible

2021-10-14 17:05:40 - [MESSAGE][INFO] - Finding Test Object 'Object Repository/Kullanici_Islemleri/KullaniciIslemleri'

2021-10-14 17:05:40 - [MESSAGE][INFO] - Checking object

2021-10-14 17:05:40 - [MESSAGE][INFO] - Finding web element from Test Object's properties

2021-10-14 17:05:40 - [MESSAGE][INFO] - Checking timeout

2021-10-14 17:05:40 - [MESSAGE][INFO] - Finding web element with id: 'Object Repository/Kullanici_Islemleri/KullaniciIslemleri' located by 'By.cssSelector: .dropdown>a>img' in '30' second(s)

2021-10-14 17:05:40 - [MESSAGE][INFO] - Smart Wait Function is triggered

2021-10-14 17:05:41 - [MESSAGE][INFO] - Found 1 web elements with id: 'Object Repository/Kullanici_Islemleri/KullaniciIslemleri' located by 'By.cssSelector: .dropdown>a>img' in '30' second(s)

2021-10-14 17:05:41 - [MESSAGE][PASSED] - Object 'Object Repository/Kullanici_Islemleri/KullaniciIslemleri' is visible

2021-10-14 17:05:41 - [MESSAGE][PASSED] - Call Test Case 'Test Cases/Sayfalar/Giris_Sayfasi/Login' successfully

2021-10-14 17:05:41 - [MESSAGE][INFO] - Checking called Test Case

2021-10-14 17:05:41 - [MESSAGE][INFO] - Starting to call Test Case 'Test Cases/Menu/AnaMenuSecimi'

2021-10-14 17:05:41 - [TEST_CASE][PASSED] - Test Cases/Menu/AnaMenuSecimi: Test Cases/Menu/AnaMenuSecimi

2021-10-14 17:05:41 - [TEST_STEP][PASSED] - Method.TextDegerineEsitElementeTikla(findTestObject("Menu/Ana_Menu"), Ana_Menu): Method.TextDegerineEsitElementeTikla is PASSED

2021-10-14 17:05:41 - [MESSAGE][INFO] - Finding Test Object 'Object Repository/Menu/Ana_Menu'

2021-10-14 17:05:41 - [MESSAGE][INFO] - Checking timeout

2021-10-14 17:05:41 - [MESSAGE][INFO] - Finding web element with id: 'Object Repository/Menu/Ana_Menu' located by 'By.xpath: //*[@class = 'dropdown-toggle']' in '10' second(s)

2021-10-14 17:05:41 - [MESSAGE][INFO] - Smart Wait Function is triggered

2021-10-14 17:05:41 - [MESSAGE][INFO] - Found 14 web elements with id: 'Object Repository/Menu/Ana_Menu' located by 'By.xpath: //*[@class = 'dropdown-toggle']' in '10' second(s)

2021-10-14 17:05:41 - [MESSAGE][PASSED] - Method.TextDegerineEsitElementeTikla is PASSED

2021-10-14 17:05:41 - [MESSAGE][PASSED] - Call Test Case 'Test Cases/Menu/AnaMenuSecimi' successfully

2021-10-14 17:05:41 - [MESSAGE][INFO] - Checking called Test Case

2021-10-14 17:05:41 - [MESSAGE][INFO] - Starting to call Test Case 'Test Cases/Menu/BasligaGoreAltMenuSecimi'

2021-10-14 17:05:42 - [TEST_CASE][PASSED] - Test Cases/Menu/BasligaGoreAltMenuSecimi: Test Cases/Menu/BasligaGoreAltMenuSecimi

2021-10-14 17:05:42 - [TEST_STEP][PASSED] - Method.TextDegerineEsitElementinAltindakiTextDegerineEsitOlanaTikla(findTestObject("Menu/Menu_Basligi"), findTestObject("Menu/Basliga_Gore_Alt_Menu"), Baslik, Alt_Menu): Method.TextDegerineEsitElementinAltindakiTextDegerineEsitOlanaTikla is PASSED

2021-10-14 17:05:42 - [MESSAGE][INFO] - Finding Test Object 'Object Repository/Menu/Menu_Basligi'

2021-10-14 17:05:42 - [MESSAGE][INFO] - Finding Test Object 'Object Repository/Menu/Basliga_Gore_Alt_Menu'

2021-10-14 17:05:42 - [MESSAGE][INFO] - Checking timeout

2021-10-14 17:05:42 - [MESSAGE][INFO] - Finding web element with id: 'Object Repository/Menu/Menu_Basligi' located by 'By.xpath: //li[@class='dropdown dropdown-large open']//li[@class='dropdown-header']' in '10' second(s)

2021-10-14 17:05:42 - [MESSAGE][INFO] - Smart Wait Function is triggered

2021-10-14 17:05:42 - [MESSAGE][INFO] - Found 3 web elements with id: 'Object Repository/Menu/Menu_Basligi' located by 'By.xpath: //li[@class='dropdown dropdown-large open']//li[@class='dropdown-header']' in '10' second(s)

2021-10-14 17:05:42 - [MESSAGE][INFO] - Smart Wait Function is triggered

2021-10-14 17:05:45 - [MESSAGE][PASSED] - Method.TextDegerineEsitElementinAltindakiTextDegerineEsitOlanaTikla is PASSED

2021-10-14 17:05:45 - [MESSAGE][PASSED] - Call Test Case 'Test Cases/Menu/BasligaGoreAltMenuSecimi' successfully

2021-10-14 17:05:45 - [MESSAGE][INFO] - Checking called Test Case

2021-10-14 17:05:45 - [MESSAGE][INFO] - Starting to call Test Case 'Test Cases/Filtreler/FiltreVarMi'

2021-10-14 17:05:45 - [TEST_CASE][PASSED] - Test Cases/Filtreler/FiltreVarMi: Test Cases/Filtreler/FiltreVarMi

2021-10-14 17:05:45 - [TEST_STEP][PASSED] - Method.TextDegerineEsitElementVarMi(findTestObject("Filtreler/Basliklar"), Filtre_alan): Method.TextDegerineEsitElementVarMi is PASSED

2021-10-14 17:05:45 - [MESSAGE][INFO] - Finding Test Object 'Object Repository/Filtreler/Basliklar'

2021-10-14 17:05:45 - [MESSAGE][INFO] - Checking timeout

2021-10-14 17:05:45 - [MESSAGE][INFO] - Finding web element with id: 'Object Repository/Filtreler/Basliklar' located by 'By.cssSelector: .control-label.col-sm-4.paddingMarginRLC' in '10' second(s)

2021-10-14 17:05:45 - [MESSAGE][INFO] - Smart Wait Function is triggered

2021-10-14 17:05:46 - [MESSAGE][INFO] - Found 11 web elements with id: 'Object Repository/Filtreler/Basliklar' located by 'By.cssSelector: .control-label.col-sm-4.paddingMarginRLC' in '10' second(s)

2021-10-14 17:05:46 - [MESSAGE][PASSED] - Method.TextDegerineEsitElementVarMi is PASSED

2021-10-14 17:05:46 - [MESSAGE][PASSED] - Call Test Case 'Test Cases/Filtreler/FiltreVarMi' successfully

2021-10-14 17:05:46 - [MESSAGE][INFO] - Checking called Test Case

2021-10-14 17:05:46 - [MESSAGE][INFO] - Starting to call Test Case 'Test Cases/Filtreler/FiltreVarMi'

2021-10-14 17:05:46 - [TEST_CASE][PASSED] - Test Cases/Filtreler/FiltreVarMi: Test Cases/Filtreler/FiltreVarMi

2021-10-14 17:05:46 - [TEST_STEP][PASSED] - Method.TextDegerineEsitElementVarMi(findTestObject("Filtreler/Basliklar"), Filtre_alan): Method.TextDegerineEsitElementVarMi is PASSED

2021-10-14 17:05:46 - [MESSAGE][INFO] - Finding Test Object 'Object Repository/Filtreler/Basliklar'

2021-10-14 17:05:46 - [MESSAGE][INFO] - Checking timeout

2021-10-14 17:05:46 - [MESSAGE][INFO] - Finding web element with id: 'Object Repository/Filtreler/Basliklar' located by 'By.cssSelector: .control-label.col-sm-4.paddingMarginRLC' in '10' second(s)

2021-10-14 17:05:46 - [MESSAGE][INFO] - Smart Wait Function is triggered

2021-10-14 17:05:46 - [MESSAGE][INFO] - Found 11 web elements with id: 'Object Repository/Filtreler/Basliklar' located by 'By.cssSelector: .control-label.col-sm-4.paddingMarginRLC' in '10' second(s)

2021-10-14 17:05:46 - [MESSAGE][PASSED] - Method.TextDegerineEsitElementVarMi is PASSED

2021-10-14 17:05:46 - [MESSAGE][PASSED] - Call Test Case 'Test Cases/Filtreler/FiltreVarMi' successfully

2021-10-14 17:05:46 - [MESSAGE][INFO] - Checking called Test Case

2021-10-14 17:05:46 - [MESSAGE][INFO] - Starting to call Test Case 'Test Cases/Filtreler/FiltreVarMi'

2021-10-14 17:05:46 - [TEST_CASE][PASSED] - Test Cases/Filtreler/FiltreVarMi: Test Cases/Filtreler/FiltreVarMi

2021-10-14 17:05:46 - [TEST_STEP][PASSED] - Method.TextDegerineEsitElementVarMi(findTestObject("Filtreler/Basliklar"), Filtre_alan): Method.TextDegerineEsitElementVarMi is PASSED

2021-10-14 17:05:46 - [MESSAGE][INFO] - Finding Test Object 'Object Repository/Filtreler/Basliklar'

2021-10-14 17:05:46 - [MESSAGE][INFO] - Checking timeout

2021-10-14 17:05:46 - [MESSAGE][INFO] - Finding web element with id: 'Object Repository/Filtreler/Basliklar' located by 'By.cssSelector: .control-label.col-sm-4.paddingMarginRLC' in '10' second(s)

2021-10-14 17:05:46 - [MESSAGE][INFO] - Smart Wait Function is triggered

2021-10-14 17:05:47 - [MESSAGE][INFO] - Found 11 web elements with id: 'Object Repository/Filtreler/Basliklar' located by 'By.cssSelector: .control-label.col-sm-4.paddingMarginRLC' in '10' second(s)

2021-10-14 17:05:47 - [MESSAGE][PASSED] - Method.TextDegerineEsitElementVarMi is PASSED

2021-10-14 17:05:47 - [MESSAGE][PASSED] - Call Test Case 'Test Cases/Filtreler/FiltreVarMi' successfully

2021-10-14 17:05:47 - [MESSAGE][INFO] - Checking called Test Case

2021-10-14 17:05:47 - [MESSAGE][INFO] - Starting to call Test Case 'Test Cases/Filtreler/FiltreVarMi'

2021-10-14 17:05:47 - [TEST_CASE][PASSED] - Test Cases/Filtreler/FiltreVarMi: Test Cases/Filtreler/FiltreVarMi

2021-10-14 17:05:47 - [TEST_STEP][PASSED] - Method.TextDegerineEsitElementVarMi(findTestObject("Filtreler/Basliklar"), Filtre_alan): Method.TextDegerineEsitElementVarMi is PASSED

2021-10-14 17:05:47 - [MESSAGE][INFO] - Finding Test Object 'Object Repository/Filtreler/Basliklar'

2021-10-14 17:05:47 - [MESSAGE][INFO] - Checking timeout

2021-10-14 17:05:47 - [MESSAGE][INFO] - Finding web element with id: 'Object Repository/Filtreler/Basliklar' located by 'By.cssSelector: .control-label.col-sm-4.paddingMarginRLC' in '10' second(s)

2021-10-14 17:05:47 - [MESSAGE][INFO] - Smart Wait Function is triggered

2021-10-14 17:05:47 - [MESSAGE][INFO] - Found 11 web elements with id: 'Object Repository/Filtreler/Basliklar' located by 'By.cssSelector: .control-label.col-sm-4.paddingMarginRLC' in '10' second(s)

2021-10-14 17:05:47 - [MESSAGE][PASSED] - Method.TextDegerineEsitElementVarMi is PASSED

2021-10-14 17:05:47 - [MESSAGE][PASSED] - Call Test Case 'Test Cases/Filtreler/FiltreVarMi' successfully

2021-10-14 17:05:47 - [MESSAGE][INFO] - Checking called Test Case

2021-10-14 17:05:47 - [MESSAGE][INFO] - Starting to call Test Case 'Test Cases/Filtreler/FiltreVarMi'

2021-10-14 17:05:47 - [TEST_CASE][PASSED] - Test Cases/Filtreler/FiltreVarMi: Test Cases/Filtreler/FiltreVarMi

2021-10-14 17:05:47 - [TEST_STEP][PASSED] - Method.TextDegerineEsitElementVarMi(findTestObject("Filtreler/Basliklar"), Filtre_alan): Method.TextDegerineEsitElementVarMi is PASSED

2021-10-14 17:05:47 - [MESSAGE][INFO] - Finding Test Object 'Object Repository/Filtreler/Basliklar'

2021-10-14 17:05:47 - [MESSAGE][INFO] - Checking timeout

2021-10-14 17:05:47 - [MESSAGE][INFO] - Finding web element with id: 'Object Repository/Filtreler/Basliklar' located by 'By.cssSelector: .control-label.col-sm-4.paddingMarginRLC' in '10' second(s)

2021-10-14 17:05:47 - [MESSAGE][INFO] - Smart Wait Function is triggered

2021-10-14 17:05:48 - [MESSAGE][INFO] - Found 11 web elements with id: 'Object Repository/Filtreler/Basliklar' located by 'By.cssSelector: .control-label.col-sm-4.paddingMarginRLC' in '10' second(s)

2021-10-14 17:05:48 - [MESSAGE][PASSED] - Method.TextDegerineEsitElementVarMi is PASSED

2021-10-14 17:05:48 - [MESSAGE][PASSED] - Call Test Case 'Test Cases/Filtreler/FiltreVarMi' successfully

2021-10-14 17:05:48 - [MESSAGE][INFO] - Checking called Test Case

2021-10-14 17:05:48 - [MESSAGE][INFO] - Starting to call Test Case 'Test Cases/Filtreler/FiltreVarMi'

2021-10-14 17:05:48 - [TEST_CASE][PASSED] - Test Cases/Filtreler/FiltreVarMi: Test Cases/Filtreler/FiltreVarMi

2021-10-14 17:05:48 - [TEST_STEP][PASSED] - Method.TextDegerineEsitElementVarMi(findTestObject("Filtreler/Basliklar"), Filtre_alan): Method.TextDegerineEsitElementVarMi is PASSED

2021-10-14 17:05:48 - [MESSAGE][INFO] - Finding Test Object 'Object Repository/Filtreler/Basliklar'

2021-10-14 17:05:48 - [MESSAGE][INFO] - Checking timeout

2021-10-14 17:05:48 - [MESSAGE][INFO] - Finding web element with id: 'Object Repository/Filtreler/Basliklar' located by 'By.cssSelector: .control-label.col-sm-4.paddingMarginRLC' in '10' second(s)

2021-10-14 17:05:48 - [MESSAGE][INFO] - Smart Wait Function is triggered

2021-10-14 17:05:48 - [MESSAGE][INFO] - Found 11 web elements with id: 'Object Repository/Filtreler/Basliklar' located by 'By.cssSelector: .control-label.col-sm-4.paddingMarginRLC' in '10' second(s)

2021-10-14 17:05:48 - [MESSAGE][PASSED] - Method.TextDegerineEsitElementVarMi is PASSED

2021-10-14 17:05:48 - [MESSAGE][PASSED] - Call Test Case 'Test Cases/Filtreler/FiltreVarMi' successfully

2021-10-14 17:05:48 - [MESSAGE][INFO] - Checking called Test Case

2021-10-14 17:05:48 - [MESSAGE][INFO] - Starting to call Test Case 'Test Cases/Filtreler/FiltreVarMi'

2021-10-14 17:05:48 - [TEST_CASE][PASSED] - Test Cases/Filtreler/FiltreVarMi: Test Cases/Filtreler/FiltreVarMi

2021-10-14 17:05:48 - [TEST_STEP][PASSED] - Method.TextDegerineEsitElementVarMi(findTestObject("Filtreler/Basliklar"), Filtre_alan): Method.TextDegerineEsitElementVarMi is PASSED

2021-10-14 17:05:48 - [MESSAGE][INFO] - Finding Test Object 'Object Repository/Filtreler/Basliklar'

2021-10-14 17:05:48 - [MESSAGE][INFO] - Checking timeout

2021-10-14 17:05:48 - [MESSAGE][INFO] - Finding web element with id: 'Object Repository/Filtreler/Basliklar' located by 'By.cssSelector: .control-label.col-sm-4.paddingMarginRLC' in '10' second(s)

2021-10-14 17:05:48 - [MESSAGE][INFO] - Smart Wait Function is triggered

2021-10-14 17:05:49 - [MESSAGE][INFO] - Found 11 web elements with id: 'Object Repository/Filtreler/Basliklar' located by 'By.cssSelector: .control-label.col-sm-4.paddingMarginRLC' in '10' second(s)

2021-10-14 17:05:49 - [MESSAGE][PASSED] - Method.TextDegerineEsitElementVarMi is PASSED

2021-10-14 17:05:49 - [MESSAGE][PASSED] - Call Test Case 'Test Cases/Filtreler/FiltreVarMi' successfully

2021-10-14 17:05:49 - [MESSAGE][INFO] - Checking called Test Case

2021-10-14 17:05:49 - [MESSAGE][INFO] - Starting to call Test Case 'Test Cases/Filtreler/FiltreVarMi'

2021-10-14 17:05:49 - [TEST_CASE][PASSED] - Test Cases/Filtreler/FiltreVarMi: Test Cases/Filtreler/FiltreVarMi

2021-10-14 17:05:49 - [TEST_STEP][PASSED] - Method.TextDegerineEsitElementVarMi(findTestObject("Filtreler/Basliklar"), Filtre_alan): Method.TextDegerineEsitElementVarMi is PASSED

2021-10-14 17:05:49 - [MESSAGE][INFO] - Finding Test Object 'Object Repository/Filtreler/Basliklar'

2021-10-14 17:05:49 - [MESSAGE][INFO] - Checking timeout

2021-10-14 17:05:49 - [MESSAGE][INFO] - Finding web element with id: 'Object Repository/Filtreler/Basliklar' located by 'By.cssSelector: .control-label.col-sm-4.paddingMarginRLC' in '10' second(s)

2021-10-14 17:05:49 - [MESSAGE][INFO] - Smart Wait Function is triggered

2021-10-14 17:05:49 - [MESSAGE][INFO] - Found 11 web elements with id: 'Object Repository/Filtreler/Basliklar' located by 'By.cssSelector: .control-label.col-sm-4.paddingMarginRLC' in '10' second(s)

2021-10-14 17:05:49 - [MESSAGE][PASSED] - Method.TextDegerineEsitElementVarMi is PASSED

2021-10-14 17:05:49 - [MESSAGE][PASSED] - Call Test Case 'Test Cases/Filtreler/FiltreVarMi' successfully

2021-10-14 17:05:49 - [MESSAGE][INFO] - Checking called Test Case

2021-10-14 17:05:49 - [MESSAGE][INFO] - Starting to call Test Case 'Test Cases/Filtreler/FiltreVarMi'

2021-10-14 17:05:49 - [TEST_CASE][PASSED] - Test Cases/Filtreler/FiltreVarMi: Test Cases/Filtreler/FiltreVarMi

2021-10-14 17:05:49 - [TEST_STEP][PASSED] - Method.TextDegerineEsitElementVarMi(findTestObject("Filtreler/Basliklar"), Filtre_alan): Method.TextDegerineEsitElementVarMi is PASSED

2021-10-14 17:05:49 - [MESSAGE][INFO] - Finding Test Object 'Object Repository/Filtreler/Basliklar'

2021-10-14 17:05:49 - [MESSAGE][INFO] - Checking timeout

2021-10-14 17:05:49 - [MESSAGE][INFO] - Finding web element with id: 'Object Repository/Filtreler/Basliklar' located by 'By.cssSelector: .control-label.col-sm-4.paddingMarginRLC' in '10' second(s)

2021-10-14 17:05:49 - [MESSAGE][INFO] - Smart Wait Function is triggered

2021-10-14 17:05:49 - [MESSAGE][INFO] - Found 11 web elements with id: 'Object Repository/Filtreler/Basliklar' located by 'By.cssSelector: .control-label.col-sm-4.paddingMarginRLC' in '10' second(s)

2021-10-14 17:05:49 - [MESSAGE][PASSED] - Method.TextDegerineEsitElementVarMi is PASSED

2021-10-14 17:05:49 - [MESSAGE][PASSED] - Call Test Case 'Test Cases/Filtreler/FiltreVarMi' successfully

2021-10-14 17:05:49 - [MESSAGE][INFO] - Checking called Test Case

2021-10-14 17:05:49 - [MESSAGE][INFO] - Starting to call Test Case 'Test Cases/Filtreler/FiltreVarMi'

2021-10-14 17:05:50 - [TEST_CASE][PASSED] - Test Cases/Filtreler/FiltreVarMi: Test Cases/Filtreler/FiltreVarMi

2021-10-14 17:05:50 - [TEST_STEP][PASSED] - Method.TextDegerineEsitElementVarMi(findTestObject("Filtreler/Basliklar"), Filtre_alan): Method.TextDegerineEsitElementVarMi is PASSED

2021-10-14 17:05:50 - [MESSAGE][INFO] - Finding Test Object 'Object Repository/Filtreler/Basliklar'

2021-10-14 17:05:50 - [MESSAGE][INFO] - Checking timeout

2021-10-14 17:05:50 - [MESSAGE][INFO] - Finding web element with id: 'Object Repository/Filtreler/Basliklar' located by 'By.cssSelector: .control-label.col-sm-4.paddingMarginRLC' in '10' second(s)

2021-10-14 17:05:50 - [MESSAGE][INFO] - Smart Wait Function is triggered

2021-10-14 17:05:50 - [MESSAGE][INFO] - Found 11 web elements with id: 'Object Repository/Filtreler/Basliklar' located by 'By.cssSelector: .control-label.col-sm-4.paddingMarginRLC' in '10' second(s)

2021-10-14 17:05:50 - [MESSAGE][PASSED] - Method.TextDegerineEsitElementVarMi is PASSED

2021-10-14 17:05:50 - [MESSAGE][PASSED] - Call Test Case 'Test Cases/Filtreler/FiltreVarMi' successfully

2021-10-14 17:05:50 - [MESSAGE][INFO] - Checking called Test Case

2021-10-14 17:05:50 - [MESSAGE][INFO] - Starting to call Test Case 'Test Cases/Filtreler/FiltreVarMi'

2021-10-14 17:05:50 - [TEST_CASE][PASSED] - Test Cases/Filtreler/FiltreVarMi: Test Cases/Filtreler/FiltreVarMi

2021-10-14 17:05:50 - [TEST_STEP][PASSED] - Method.TextDegerineEsitElementVarMi(findTestObject("Filtreler/Basliklar"), Filtre_alan): Method.TextDegerineEsitElementVarMi is PASSED

2021-10-14 17:05:50 - [MESSAGE][INFO] - Finding Test Object 'Object Repository/Filtreler/Basliklar'

2021-10-14 17:05:50 - [MESSAGE][INFO] - Checking timeout

2021-10-14 17:05:50 - [MESSAGE][INFO] - Finding web element with id: 'Object Repository/Filtreler/Basliklar' located by 'By.cssSelector: .control-label.col-sm-4.paddingMarginRLC' in '10' second(s)

2021-10-14 17:05:50 - [MESSAGE][INFO] - Smart Wait Function is triggered

2021-10-14 17:05:50 - [MESSAGE][INFO] - Found 11 web elements with id: 'Object Repository/Filtreler/Basliklar' located by 'By.cssSelector: .control-label.col-sm-4.paddingMarginRLC' in '10' second(s)

2021-10-14 17:05:50 - [MESSAGE][PASSED] - Method.TextDegerineEsitElementVarMi is PASSED

2021-10-14 17:05:50 - [MESSAGE][PASSED] - Call Test Case 'Test Cases/Filtreler/FiltreVarMi' successfully

2021-10-14 17:05:50 - [MESSAGE][INFO] - Checking called Test Case

2021-10-14 17:05:50 - [MESSAGE][INFO] - Starting to call Test Case 'Test Cases/Filtreler/ButonVarMi'

2021-10-14 17:05:51 - [TEST_CASE][PASSED] - Test Cases/Filtreler/ButonVarMi: Test Cases/Filtreler/ButonVarMi

2021-10-14 17:05:51 - [TEST_STEP][PASSED] - Method.TextDegerineEsitElementVarMi(findTestObject("Filtreler/Butonlar"), Filtre_Buton): Method.TextDegerineEsitElementVarMi is PASSED

2021-10-14 17:05:51 - [MESSAGE][INFO] - Finding Test Object 'Object Repository/Filtreler/Butonlar'

2021-10-14 17:05:51 - [MESSAGE][INFO] - Checking timeout

2021-10-14 17:05:51 - [MESSAGE][INFO] - Finding web element with id: 'Object Repository/Filtreler/Butonlar' located by 'By.cssSelector: .dxb>span' in '10' second(s)

2021-10-14 17:05:51 - [MESSAGE][INFO] - Smart Wait Function is triggered

2021-10-14 17:05:51 - [MESSAGE][INFO] - Found 2 web elements with id: 'Object Repository/Filtreler/Butonlar' located by 'By.cssSelector: .dxb>span' in '10' second(s)

2021-10-14 17:05:51 - [MESSAGE][PASSED] - Method.TextDegerineEsitElementVarMi is PASSED

2021-10-14 17:05:51 - [MESSAGE][PASSED] - Call Test Case 'Test Cases/Filtreler/ButonVarMi' successfully

2021-10-14 17:05:51 - [MESSAGE][INFO] - Checking called Test Case

2021-10-14 17:05:51 - [MESSAGE][INFO] - Starting to call Test Case 'Test Cases/Filtreler/ButonVarMi'

2021-10-14 17:05:51 - [TEST_CASE][PASSED] - Test Cases/Filtreler/ButonVarMi: Test Cases/Filtreler/ButonVarMi

2021-10-14 17:05:51 - [TEST_STEP][PASSED] - Method.TextDegerineEsitElementVarMi(findTestObject("Filtreler/Butonlar"), Filtre_Buton): Method.TextDegerineEsitElementVarMi is PASSED

2021-10-14 17:05:51 - [MESSAGE][INFO] - Finding Test Object 'Object Repository/Filtreler/Butonlar'

2021-10-14 17:05:51 - [MESSAGE][INFO] - Checking timeout

2021-10-14 17:05:51 - [MESSAGE][INFO] - Finding web element with id: 'Object Repository/Filtreler/Butonlar' located by 'By.cssSelector: .dxb>span' in '10' second(s)

2021-10-14 17:05:51 - [MESSAGE][INFO] - Smart Wait Function is triggered

2021-10-14 17:05:51 - [MESSAGE][INFO] - Found 2 web elements with id: 'Object Repository/Filtreler/Butonlar' located by 'By.cssSelector: .dxb>span' in '10' second(s)

2021-10-14 17:05:51 - [MESSAGE][PASSED] - Method.TextDegerineEsitElementVarMi is PASSED

2021-10-14 17:05:51 - [MESSAGE][PASSED] - Call Test Case 'Test Cases/Filtreler/ButonVarMi' successfully

2021-10-14 17:05:51 - [MESSAGE][INFO] - Checking called Test Case

2021-10-14 17:05:51 - [MESSAGE][INFO] - Starting to call Test Case 'Test Cases/Butonlar/ButonVarMi'

2021-10-14 17:05:51 - [TEST_CASE][PASSED] - Test Cases/Butonlar/ButonVarMi: Test Cases/Butonlar/ButonVarMi

2021-10-14 17:05:51 - [TEST_STEP][PASSED] - Method.TextDegerineEsitElementVarMi(findTestObject("Butonlar/Butonlar"), Buton): Method.TextDegerineEsitElementVarMi is PASSED

2021-10-14 17:05:51 - [MESSAGE][INFO] - Finding Test Object 'Object Repository/Butonlar/Butonlar'

2021-10-14 17:05:52 - [MESSAGE][INFO] - Checking timeout

2021-10-14 17:05:52 - [MESSAGE][INFO] - Finding web element with id: 'Object Repository/Butonlar/Butonlar' located by 'By.cssSelector: .panel.panel-default.text-center.footerPanel .btn,.btn.btn-primary.btnControls' in '10' second(s)

2021-10-14 17:05:52 - [MESSAGE][INFO] - Smart Wait Function is triggered

2021-10-14 17:05:52 - [MESSAGE][INFO] - Found 9 web elements with id: 'Object Repository/Butonlar/Butonlar' located by 'By.cssSelector: .panel.panel-default.text-center.footerPanel .btn,.btn.btn-primary.btnControls' in '10' second(s)

2021-10-14 17:05:52 - [MESSAGE][PASSED] - Method.TextDegerineEsitElementVarMi is PASSED

2021-10-14 17:05:52 - [MESSAGE][PASSED] - Call Test Case 'Test Cases/Butonlar/ButonVarMi' successfully

2021-10-14 17:05:52 - [MESSAGE][INFO] - Checking called Test Case

2021-10-14 17:05:52 - [MESSAGE][INFO] - Starting to call Test Case 'Test Cases/Butonlar/ButonVarMi'

2021-10-14 17:05:52 - [TEST_CASE][PASSED] - Test Cases/Butonlar/ButonVarMi: Test Cases/Butonlar/ButonVarMi

2021-10-14 17:05:52 - [TEST_STEP][PASSED] - Method.TextDegerineEsitElementVarMi(findTestObject("Butonlar/Butonlar"), Buton): Method.TextDegerineEsitElementVarMi is PASSED

2021-10-14 17:05:52 - [MESSAGE][INFO] - Finding Test Object 'Object Repository/Butonlar/Butonlar'

2021-10-14 17:05:52 - [MESSAGE][INFO] - Checking timeout

2021-10-14 17:05:52 - [MESSAGE][INFO] - Finding web element with id: 'Object Repository/Butonlar/Butonlar' located by 'By.cssSelector: .panel.panel-default.text-center.footerPanel .btn,.btn.btn-primary.btnControls' in '10' second(s)

2021-10-14 17:05:52 - [MESSAGE][INFO] - Smart Wait Function is triggered

2021-10-14 17:05:52 - [MESSAGE][INFO] - Found 9 web elements with id: 'Object Repository/Butonlar/Butonlar' located by 'By.cssSelector: .panel.panel-default.text-center.footerPanel .btn,.btn.btn-primary.btnControls' in '10' second(s)

2021-10-14 17:05:52 - [MESSAGE][PASSED] - Method.TextDegerineEsitElementVarMi is PASSED

2021-10-14 17:05:52 - [MESSAGE][PASSED] - Call Test Case 'Test Cases/Butonlar/ButonVarMi' successfully

2021-10-14 17:05:52 - [MESSAGE][INFO] - Checking called Test Case

2021-10-14 17:05:52 - [MESSAGE][INFO] - Starting to call Test Case 'Test Cases/Butonlar/ButonVarMi'

2021-10-14 17:05:52 - [TEST_CASE][PASSED] - Test Cases/Butonlar/ButonVarMi: Test Cases/Butonlar/ButonVarMi

2021-10-14 17:05:52 - [TEST_STEP][PASSED] - Method.TextDegerineEsitElementVarMi(findTestObject("Butonlar/Butonlar"), Buton): Method.TextDegerineEsitElementVarMi is PASSED

2021-10-14 17:05:52 - [MESSAGE][INFO] - Finding Test Object 'Object Repository/Butonlar/Butonlar'

2021-10-14 17:05:52 - [MESSAGE][INFO] - Checking timeout

2021-10-14 17:05:52 - [MESSAGE][INFO] - Finding web element with id: 'Object Repository/Butonlar/Butonlar' located by 'By.cssSelector: .panel.panel-default.text-center.footerPanel .btn,.btn.btn-primary.btnControls' in '10' second(s)

2021-10-14 17:05:52 - [MESSAGE][INFO] - Smart Wait Function is triggered

2021-10-14 17:05:53 - [MESSAGE][INFO] - Found 9 web elements with id: 'Object Repository/Butonlar/Butonlar' located by 'By.cssSelector: .panel.panel-default.text-center.footerPanel .btn,.btn.btn-primary.btnControls' in '10' second(s)

2021-10-14 17:05:53 - [MESSAGE][PASSED] - Method.TextDegerineEsitElementVarMi is PASSED

2021-10-14 17:05:53 - [MESSAGE][PASSED] - Call Test Case 'Test Cases/Butonlar/ButonVarMi' successfully

2021-10-14 17:05:53 - [MESSAGE][INFO] - Checking called Test Case

2021-10-14 17:05:53 - [MESSAGE][INFO] - Starting to call Test Case 'Test Cases/Butonlar/ButonVarMi'

2021-10-14 17:05:53 - [TEST_CASE][PASSED] - Test Cases/Butonlar/ButonVarMi: Test Cases/Butonlar/ButonVarMi

2021-10-14 17:05:53 - [TEST_STEP][PASSED] - Method.TextDegerineEsitElementVarMi(findTestObject("Butonlar/Butonlar"), Buton): Method.TextDegerineEsitElementVarMi is PASSED

2021-10-14 17:05:53 - [MESSAGE][INFO] - Finding Test Object 'Object Repository/Butonlar/Butonlar'

2021-10-14 17:05:53 - [MESSAGE][INFO] - Checking timeout

2021-10-14 17:05:53 - [MESSAGE][INFO] - Finding web element with id: 'Object Repository/Butonlar/Butonlar' located by 'By.cssSelector: .panel.panel-default.text-center.footerPanel .btn,.btn.btn-primary.btnControls' in '10' second(s)

2021-10-14 17:05:53 - [MESSAGE][INFO] - Smart Wait Function is triggered

2021-10-14 17:05:53 - [MESSAGE][INFO] - Found 9 web elements with id: 'Object Repository/Butonlar/Butonlar' located by 'By.cssSelector: .panel.panel-default.text-center.footerPanel .btn,.btn.btn-primary.btnControls' in '10' second(s)

2021-10-14 17:05:53 - [MESSAGE][PASSED] - Method.TextDegerineEsitElementVarMi is PASSED

2021-10-14 17:05:53 - [MESSAGE][PASSED] - Call Test Case 'Test Cases/Butonlar/ButonVarMi' successfully

2021-10-14 17:05:53 - [MESSAGE][INFO] - Checking called Test Case

2021-10-14 17:05:53 - [MESSAGE][INFO] - Starting to call Test Case 'Test Cases/Butonlar/ButonVarMi'

2021-10-14 17:05:53 - [TEST_CASE][PASSED] - Test Cases/Butonlar/ButonVarMi: Test Cases/Butonlar/ButonVarMi

2021-10-14 17:05:53 - [TEST_STEP][PASSED] - Method.TextDegerineEsitElementVarMi(findTestObject("Butonlar/Butonlar"), Buton): Method.TextDegerineEsitElementVarMi is PASSED

2021-10-14 17:05:53 - [MESSAGE][INFO] - Finding Test Object 'Object Repository/Butonlar/Butonlar'

2021-10-14 17:05:53 - [MESSAGE][INFO] - Checking timeout

2021-10-14 17:05:53 - [MESSAGE][INFO] - Finding web element with id: 'Object Repository/Butonlar/Butonlar' located by 'By.cssSelector: .panel.panel-default.text-center.footerPanel .btn,.btn.btn-primary.btnControls' in '10' second(s)

2021-10-14 17:05:53 - [MESSAGE][INFO] - Smart Wait Function is triggered

2021-10-14 17:05:54 - [MESSAGE][INFO] - Found 9 web elements with id: 'Object Repository/Butonlar/Butonlar' located by 'By.cssSelector: .panel.panel-default.text-center.footerPanel .btn,.btn.btn-primary.btnControls' in '10' second(s)

2021-10-14 17:05:54 - [MESSAGE][PASSED] - Method.TextDegerineEsitElementVarMi is PASSED

2021-10-14 17:05:54 - [MESSAGE][PASSED] - Call Test Case 'Test Cases/Butonlar/ButonVarMi' successfully

2021-10-14 17:05:54 - [MESSAGE][INFO] - Checking called Test Case

2021-10-14 17:05:54 - [MESSAGE][INFO] - Starting to call Test Case 'Test Cases/Butonlar/ButonVarMi'

2021-10-14 17:05:54 - [TEST_CASE][PASSED] - Test Cases/Butonlar/ButonVarMi: Test Cases/Butonlar/ButonVarMi

2021-10-14 17:05:54 - [TEST_STEP][PASSED] - Method.TextDegerineEsitElementVarMi(findTestObject("Butonlar/Butonlar"), Buton): Method.TextDegerineEsitElementVarMi is PASSED

2021-10-14 17:05:54 - [MESSAGE][INFO] - Finding Test Object 'Object Repository/Butonlar/Butonlar'

2021-10-14 17:05:54 - [MESSAGE][INFO] - Checking timeout

2021-10-14 17:05:54 - [MESSAGE][INFO] - Finding web element with id: 'Object Repository/Butonlar/Butonlar' located by 'By.cssSelector: .panel.panel-default.text-center.footerPanel .btn,.btn.btn-primary.btnControls' in '10' second(s)

2021-10-14 17:05:54 - [MESSAGE][INFO] - Smart Wait Function is triggered

2021-10-14 17:05:54 - [MESSAGE][INFO] - Found 9 web elements with id: 'Object Repository/Butonlar/Butonlar' located by 'By.cssSelector: .panel.panel-default.text-center.footerPanel .btn,.btn.btn-primary.btnControls' in '10' second(s)

2021-10-14 17:05:54 - [MESSAGE][PASSED] - Method.TextDegerineEsitElementVarMi is PASSED

2021-10-14 17:05:54 - [MESSAGE][PASSED] - Call Test Case 'Test Cases/Butonlar/ButonVarMi' successfully

2021-10-14 17:05:54 - [MESSAGE][INFO] - Checking called Test Case

2021-10-14 17:05:54 - [MESSAGE][INFO] - Starting to call Test Case 'Test Cases/Butonlar/ButonVarMi'

2021-10-14 17:05:54 - [TEST_CASE][PASSED] - Test Cases/Butonlar/ButonVarMi: Test Cases/Butonlar/ButonVarMi

2021-10-14 17:05:54 - [TEST_STEP][PASSED] - Method.TextDegerineEsitElementVarMi(findTestObject("Butonlar/Butonlar"), Buton): Method.TextDegerineEsitElementVarMi is PASSED

2021-10-14 17:05:54 - [MESSAGE][INFO] - Finding Test Object 'Object Repository/Butonlar/Butonlar'

2021-10-14 17:05:54 - [MESSAGE][INFO] - Checking timeout

2021-10-14 17:05:54 - [MESSAGE][INFO] - Finding web element with id: 'Object Repository/Butonlar/Butonlar' located by 'By.cssSelector: .panel.panel-default.text-center.footerPanel .btn,.btn.btn-primary.btnControls' in '10' second(s)

2021-10-14 17:05:54 - [MESSAGE][INFO] - Smart Wait Function is triggered

2021-10-14 17:05:55 - [MESSAGE][INFO] - Found 9 web elements with id: 'Object Repository/Butonlar/Butonlar' located by 'By.cssSelector: .panel.panel-default.text-center.footerPanel .btn,.btn.btn-primary.btnControls' in '10' second(s)

2021-10-14 17:05:55 - [MESSAGE][PASSED] - Method.TextDegerineEsitElementVarMi is PASSED

2021-10-14 17:05:55 - [MESSAGE][PASSED] - Call Test Case 'Test Cases/Butonlar/ButonVarMi' successfully

2021-10-14 17:05:55 - [MESSAGE][INFO] - Checking called Test Case

2021-10-14 17:05:55 - [MESSAGE][INFO] - Starting to call Test Case 'Test Cases/Butonlar/ButonVarMi'

2021-10-14 17:05:55 - [TEST_CASE][PASSED] - Test Cases/Butonlar/ButonVarMi: Test Cases/Butonlar/ButonVarMi

2021-10-14 17:05:55 - [TEST_STEP][PASSED] - Method.TextDegerineEsitElementVarMi(findTestObject("Butonlar/Butonlar"), Buton): Method.TextDegerineEsitElementVarMi is PASSED

2021-10-14 17:05:55 - [MESSAGE][INFO] - Finding Test Object 'Object Repository/Butonlar/Butonlar'

2021-10-14 17:05:55 - [MESSAGE][INFO] - Checking timeout

2021-10-14 17:05:55 - [MESSAGE][INFO] - Finding web element with id: 'Object Repository/Butonlar/Butonlar' located by 'By.cssSelector: .panel.panel-default.text-center.footerPanel .btn,.btn.btn-primary.btnControls' in '10' second(s)

2021-10-14 17:05:55 - [MESSAGE][INFO] - Smart Wait Function is triggered

2021-10-14 17:05:55 - [MESSAGE][INFO] - Found 9 web elements with id: 'Object Repository/Butonlar/Butonlar' located by 'By.cssSelector: .panel.panel-default.text-center.footerPanel .btn,.btn.btn-primary.btnControls' in '10' second(s)

2021-10-14 17:05:55 - [MESSAGE][PASSED] - Method.TextDegerineEsitElementVarMi is PASSED

2021-10-14 17:05:55 - [MESSAGE][PASSED] - Call Test Case 'Test Cases/Butonlar/ButonVarMi' successfully

2021-10-14 17:05:55 - [MESSAGE][INFO] - Checking called Test Case

2021-10-14 17:05:55 - [MESSAGE][INFO] - Starting to call Test Case 'Test Cases/Butonlar/ButonaTikla'

2021-10-14 17:05:55 - [TEST_CASE][PASSED] - Test Cases/Butonlar/ButonaTikla: Test Cases/Butonlar/ButonaTikla

2021-10-14 17:05:55 - [TEST_STEP][PASSED] - Method.TextDegerineEsitElementeTiklaEquals(findTestObject("Butonlar/Butonlar"), Buton_Adi): Method.TextDegerineEsitElementeTiklaEquals is PASSED

2021-10-14 17:05:55 - [MESSAGE][INFO] - Finding Test Object 'Object Repository/Butonlar/Butonlar'

2021-10-14 17:05:55 - [MESSAGE][INFO] - Checking timeout

2021-10-14 17:05:55 - [MESSAGE][INFO] - Finding web element with id: 'Object Repository/Butonlar/Butonlar' located by 'By.cssSelector: .panel.panel-default.text-center.footerPanel .btn,.btn.btn-primary.btnControls' in '10' second(s)

2021-10-14 17:05:55 - [MESSAGE][INFO] - Smart Wait Function is triggered

2021-10-14 17:05:56 - [MESSAGE][INFO] - Found 9 web elements with id: 'Object Repository/Butonlar/Butonlar' located by 'By.cssSelector: .panel.panel-default.text-center.footerPanel .btn,.btn.btn-primary.btnControls' in '10' second(s)

2021-10-14 17:05:56 - [MESSAGE][PASSED] - Method.TextDegerineEsitElementeTiklaEquals is PASSED

2021-10-14 17:05:56 - [MESSAGE][PASSED] - Call Test Case 'Test Cases/Butonlar/ButonaTikla' successfully

2021-10-14 17:05:56 - [MESSAGE][INFO] - Checking called Test Case

2021-10-14 17:05:56 - [MESSAGE][INFO] - Starting to call Test Case 'Test Cases/Butonlar/AltButonVarMi'

2021-10-14 17:05:56 - [TEST_CASE][PASSED] - Test Cases/Butonlar/AltButonVarMi: Test Cases/Butonlar/AltButonVarMi

2021-10-14 17:05:56 - [TEST_STEP][PASSED] - Method.TextDegerineEsitElementVarMi(findTestObject("Butonlar/AltButonlar"), AltButon): Method.TextDegerineEsitElementVarMi is PASSED

2021-10-14 17:05:56 - [MESSAGE][INFO] - Finding Test Object 'Object Repository/Butonlar/AltButonlar'

2021-10-14 17:05:56 - [MESSAGE][INFO] - Checking timeout

2021-10-14 17:05:56 - [MESSAGE][INFO] - Finding web element with id: 'Object Repository/Butonlar/AltButonlar' located by 'By.cssSelector: .btn-group.open li>a' in '10' second(s)

2021-10-14 17:05:56 - [MESSAGE][INFO] - Smart Wait Function is triggered

2021-10-14 17:05:56 - [MESSAGE][INFO] - Found 2 web elements with id: 'Object Repository/Butonlar/AltButonlar' located by 'By.cssSelector: .btn-group.open li>a' in '10' second(s)

2021-10-14 17:05:56 - [MESSAGE][PASSED] - Method.TextDegerineEsitElementVarMi is PASSED

2021-10-14 17:05:56 - [MESSAGE][PASSED] - Call Test Case 'Test Cases/Butonlar/AltButonVarMi' successfully

2021-10-14 17:05:56 - [MESSAGE][INFO] - Checking called Test Case

2021-10-14 17:05:56 - [MESSAGE][INFO] - Starting to call Test Case 'Test Cases/Butonlar/AltButonVarMi'

2021-10-14 17:05:56 - [TEST_CASE][PASSED] - Test Cases/Butonlar/AltButonVarMi: Test Cases/Butonlar/AltButonVarMi

2021-10-14 17:05:56 - [TEST_STEP][PASSED] - Method.TextDegerineEsitElementVarMi(findTestObject("Butonlar/AltButonlar"), AltButon): Method.TextDegerineEsitElementVarMi is PASSED

2021-10-14 17:05:56 - [MESSAGE][INFO] - Finding Test Object 'Object Repository/Butonlar/AltButonlar'

2021-10-14 17:05:56 - [MESSAGE][INFO] - Checking timeout

2021-10-14 17:05:56 - [MESSAGE][INFO] - Finding web element with id: 'Object Repository/Butonlar/AltButonlar' located by 'By.cssSelector: .btn-group.open li>a' in '10' second(s)

2021-10-14 17:05:56 - [MESSAGE][INFO] - Smart Wait Function is triggered

2021-10-14 17:05:57 - [MESSAGE][INFO] - Found 2 web elements with id: 'Object Repository/Butonlar/AltButonlar' located by 'By.cssSelector: .btn-group.open li>a' in '10' second(s)

2021-10-14 17:05:57 - [MESSAGE][PASSED] - Method.TextDegerineEsitElementVarMi is PASSED

2021-10-14 17:05:57 - [MESSAGE][PASSED] - Call Test Case 'Test Cases/Butonlar/AltButonVarMi' successfully

2021-10-14 17:05:57 - [MESSAGE][INFO] - Checking called Test Case

2021-10-14 17:05:57 - [MESSAGE][INFO] - Starting to call Test Case 'Test Cases/Kullanici_Islemleri/KullaniciIslemlerindenSecimYapilir'

2021-10-14 17:05:57 - [TEST_CASE][PASSED] - Test Cases/Kullanici_Islemleri/KullaniciIslemlerindenSecimYapilir: Test Cases/Kullanici_Islemleri/KullaniciIslemlerindenSecimYapilir

2021-10-14 17:05:57 - [TEST_STEP][PASSED] - waitForElementClickable(findTestObject("Object Repository/Kullanici_Islemleri/KullaniciIslemleri"), 10): Object 'Object Repository/Kullanici_Islemleri/KullaniciIslemleri' is clickable

2021-10-14 17:05:57 - [MESSAGE][INFO] - Finding Test Object 'Object Repository/Kullanici_Islemleri/KullaniciIslemleri'

2021-10-14 17:05:57 - [MESSAGE][INFO] - Checking object

2021-10-14 17:05:57 - [MESSAGE][INFO] - Checking timeout

2021-10-14 17:05:57 - [MESSAGE][INFO] - Finding web element from Test Object's properties

2021-10-14 17:05:57 - [MESSAGE][INFO] - Checking timeout

2021-10-14 17:05:57 - [MESSAGE][INFO] - Finding web element with id: 'Object Repository/Kullanici_Islemleri/KullaniciIslemleri' located by 'By.cssSelector: .dropdown>a>img' in '10' second(s)

2021-10-14 17:05:57 - [MESSAGE][INFO] - Smart Wait Function is triggered

2021-10-14 17:05:57 - [MESSAGE][INFO] - Found 1 web elements with id: 'Object Repository/Kullanici_Islemleri/KullaniciIslemleri' located by 'By.cssSelector: .dropdown>a>img' in '10' second(s)

2021-10-14 17:05:57 - [MESSAGE][PASSED] - Object 'Object Repository/Kullanici_Islemleri/KullaniciIslemleri' is clickable

2021-10-14 17:05:57 - [TEST_STEP][PASSED] - click(findTestObject("Object Repository/Kullanici_Islemleri/KullaniciIslemleri")): Object: 'Object Repository/Kullanici_Islemleri/KullaniciIslemleri' is clicked on

2021-10-14 17:05:57 - [MESSAGE][INFO] - Finding Test Object 'Object Repository/Kullanici_Islemleri/KullaniciIslemleri'

2021-10-14 17:05:57 - [MESSAGE][INFO] - Checking object

2021-10-14 17:05:57 - [MESSAGE][INFO] - Finding web element from Test Object's properties

2021-10-14 17:05:57 - [MESSAGE][INFO] - Checking timeout

2021-10-14 17:05:57 - [MESSAGE][INFO] - Finding web element with id: 'Object Repository/Kullanici_Islemleri/KullaniciIslemleri' located by 'By.cssSelector: .dropdown>a>img' in '30' second(s)

2021-10-14 17:05:57 - [MESSAGE][INFO] - Smart Wait Function is triggered

2021-10-14 17:05:57 - [MESSAGE][INFO] - Found 1 web elements with id: 'Object Repository/Kullanici_Islemleri/KullaniciIslemleri' located by 'By.cssSelector: .dropdown>a>img' in '30' second(s)

2021-10-14 17:05:57 - [MESSAGE][INFO] - Clicking on object: 'Object Repository/Kullanici_Islemleri/KullaniciIslemleri'

2021-10-14 17:05:58 - [MESSAGE][PASSED] - Object: 'Object Repository/Kullanici_Islemleri/KullaniciIslemleri' is clicked on

2021-10-14 17:05:58 - [TEST_STEP][PASSED] - Method.TextDegerineEsitElementeTikla(findTestObject("Object Repository/Kullanici_Islemleri/Secenekler"), Islem): Method.TextDegerineEsitElementeTikla is PASSED

2021-10-14 17:05:58 - [MESSAGE][INFO] - Finding Test Object 'Object Repository/Kullanici_Islemleri/Secenekler'

2021-10-14 17:05:58 - [MESSAGE][INFO] - Checking timeout

2021-10-14 17:05:58 - [MESSAGE][INFO] - Finding web element with id: 'Object Repository/Kullanici_Islemleri/Secenekler' located by 'By.cssSelector: .nav.navbar-nav.navbar-right li a' in '10' second(s)

2021-10-14 17:05:58 - [MESSAGE][INFO] - Smart Wait Function is triggered

2021-10-14 17:05:58 - [MESSAGE][INFO] - Found 22 web elements with id: 'Object Repository/Kullanici_Islemleri/Secenekler' located by 'By.cssSelector: .nav.navbar-nav.navbar-right li a' in '10' second(s)

2021-10-14 17:06:02 - [MESSAGE][PASSED] - Method.TextDegerineEsitElementeTikla is PASSED

2021-10-14 17:06:02 - [TEST_STEP][PASSED] - verifyElementNotPresent(findTestObject("Object Repository/Kullanici_Islemleri/Secenekler"), 10): Web element with id: 'Object Repository/Kullanici_Islemleri/Secenekler' located by 'By.cssSelector: .nav.navbar-nav.navbar-right li a' is not present after '10' second(s)

2021-10-14 17:06:02 - [MESSAGE][INFO] - Finding Test Object 'Object Repository/Kullanici_Islemleri/Secenekler'

2021-10-14 17:06:02 - [MESSAGE][INFO] - Checking object

2021-10-14 17:06:02 - [MESSAGE][INFO] - Checking timeout

2021-10-14 17:06:02 - [MESSAGE][INFO] - Finding web element with id: 'Object Repository/Kullanici_Islemleri/Secenekler' located by 'By.cssSelector: .nav.navbar-nav.navbar-right li a' in '10' second(s)

2021-10-14 17:06:02 - [MESSAGE][INFO] - Smart Wait Function is triggered

2021-10-14 17:06:03 - [MESSAGE][PASSED] - Web element with id: 'Object Repository/Kullanici_Islemleri/Secenekler' located by 'By.cssSelector: .nav.navbar-nav.navbar-right li a' is not present after '10' second(s)

2021-10-14 17:06:03 - [MESSAGE][PASSED] - Call Test Case 'Test Cases/Kullanici_Islemleri/KullaniciIslemlerindenSecimYapilir' successfully

2021-10-14 17:06:03 - [TEST_CASE][PASSED] - Start Test Case : SCENARIO e-Fatura Taslak Buton Kontrolu: SCENARIO e-Fatura Taslak Buton Kontrolu

2021-10-14 17:06:03 - [TEST_STEP][PASSED] - Kullanıcı adı ELOGO6 ve Şifre 123456 olarak giriş yapılır: Kullanıcı adı ELOGO6 ve Şifre 123456 olarak giriş yapılır

2021-10-14 17:06:03 - [MESSAGE][PASSED] - Kullanıcı adı ELOGO6 ve Şifre 123456 olarak giriş yapılır

2021-10-14 17:06:03 - [TEST_STEP][PASSED] - Ana menüden e-Fatura seçilir: Ana menüden e-Fatura seçilir

2021-10-14 17:06:03 - [MESSAGE][PASSED] - Ana menüden e-Fatura seçilir

2021-10-14 17:06:03 - [TEST_STEP][PASSED] - Alt menü e-Fatura Araçları başlığı altındaki e-Fatura Taslak seçilir: Alt menü e-Fatura Araçları başlığı altındaki e-Fatura Taslak seçilir

2021-10-14 17:06:03 - [MESSAGE][PASSED] - Alt menü e-Fatura Araçları başlığı altındaki e-Fatura Taslak seçilir

2021-10-14 17:06:03 - [TEST_STEP][PASSED] - Filtre alanlarında Durumu var mı: Filtre alanlarında Durumu var mı

2021-10-14 17:06:03 - [MESSAGE][PASSED] - Filtre alanlarında Durumu var mı

2021-10-14 17:06:03 - [TEST_STEP][PASSED] - Filtre alanlarında Oluşturma Tarihi var mı: Filtre alanlarında Oluşturma Tarihi var mı

2021-10-14 17:06:03 - [MESSAGE][PASSED] - Filtre alanlarında Oluşturma Tarihi var mı

2021-10-14 17:06:03 - [TEST_STEP][PASSED] - Filtre alanlarında Toplam Tutar var mı: Filtre alanlarında Toplam Tutar var mı

2021-10-14 17:06:03 - [MESSAGE][PASSED] - Filtre alanlarında Toplam Tutar var mı

2021-10-14 17:06:03 - [TEST_STEP][PASSED] - Filtre alanlarında Müşteri Bayi Kodu var mı: Filtre alanlarında Müşteri Bayi Kodu var mı

2021-10-14 17:06:03 - [MESSAGE][PASSED] - Filtre alanlarında Müşteri Bayi Kodu var mı

2021-10-14 17:06:03 - [TEST_STEP][PASSED] - Filtre alanlarında Tüm Hesaplar var mı: Filtre alanlarında Tüm Hesaplar var mı

2021-10-14 17:06:03 - [MESSAGE][PASSED] - Filtre alanlarında Tüm Hesaplar var mı

2021-10-14 17:06:03 - [TEST_STEP][PASSED] - Filtre alanlarında Alıcı Ünvan var mı: Filtre alanlarında Alıcı Ünvan var mı

2021-10-14 17:06:03 - [MESSAGE][PASSED] - Filtre alanlarında Alıcı Ünvan var mı

2021-10-14 17:06:03 - [TEST_STEP][PASSED] - Filtre alanlarında Fatura Tarihi var mı: Filtre alanlarında Fatura Tarihi var mı

2021-10-14 17:06:03 - [MESSAGE][PASSED] - Filtre alanlarında Fatura Tarihi var mı

2021-10-14 17:06:03 - [TEST_STEP][PASSED] - Filtre alanlarında Fatura ETTN var mı: Filtre alanlarında Fatura ETTN var mı

2021-10-14 17:06:03 - [MESSAGE][PASSED] - Filtre alanlarında Fatura ETTN var mı

2021-10-14 17:06:03 - [TEST_STEP][PASSED] - Filtre alanlarında Fatura No var mı: Filtre alanlarında Fatura No var mı

2021-10-14 17:06:03 - [MESSAGE][PASSED] - Filtre alanlarında Fatura No var mı

2021-10-14 17:06:03 - [TEST_STEP][PASSED] - Filtre alanlarında Tür var mı: Filtre alanlarında Tür var mı

2021-10-14 17:06:03 - [MESSAGE][PASSED] - Filtre alanlarında Tür var mı

2021-10-14 17:06:03 - [TEST_STEP][PASSED] - Filtre alanlarında Senaryo var mı: Filtre alanlarında Senaryo var mı

2021-10-14 17:06:03 - [MESSAGE][PASSED] - Filtre alanlarında Senaryo var mı

2021-10-14 17:06:03 - [TEST_STEP][PASSED] - Filtre butonlarında Listele var mı: Filtre butonlarında Listele var mı

2021-10-14 17:06:03 - [MESSAGE][PASSED] - Filtre butonlarında Listele var mı

2021-10-14 17:06:03 - [TEST_STEP][PASSED] - Filtre butonlarında Temizle var mı: Filtre butonlarında Temizle var mı

2021-10-14 17:06:03 - [MESSAGE][PASSED] - Filtre butonlarında Temizle var mı

2021-10-14 17:06:03 - [TEST_STEP][PASSED] - Butonlardan Gönder var mı: Butonlardan Gönder var mı

2021-10-14 17:06:03 - [MESSAGE][PASSED] - Butonlardan Gönder var mı

2021-10-14 17:06:03 - [TEST_STEP][PASSED] - Butonlardan İptal Et var mı: Butonlardan İptal Et var mı

2021-10-14 17:06:03 - [MESSAGE][PASSED] - Butonlardan İptal Et var mı

2021-10-14 17:06:03 - [TEST_STEP][PASSED] - Butonlardan Değiştir var mı: Butonlardan Değiştir var mı

2021-10-14 17:06:03 - [MESSAGE][PASSED] - Butonlardan Değiştir var mı

2021-10-14 17:06:03 - [TEST_STEP][PASSED] - Butonlardan Göster var mı: Butonlardan Göster var mı

2021-10-14 17:06:03 - [MESSAGE][PASSED] - Butonlardan Göster var mı

2021-10-14 17:06:03 - [TEST_STEP][PASSED] - Butonlardan UBL var mı: Butonlardan UBL var mı

2021-10-14 17:06:03 - [MESSAGE][PASSED] - Butonlardan UBL var mı

2021-10-14 17:06:03 - [TEST_STEP][PASSED] - Butonlardan Sil var mı: Butonlardan Sil var mı

2021-10-14 17:06:03 - [MESSAGE][PASSED] - Butonlardan Sil var mı

2021-10-14 17:06:03 - [TEST_STEP][PASSED] - Butonlardan Excel var mı: Butonlardan Excel var mı

2021-10-14 17:06:03 - [MESSAGE][PASSED] - Butonlardan Excel var mı

2021-10-14 17:06:03 - [TEST_STEP][PASSED] - Butonlardan İzleme Kayıtları var mı: Butonlardan İzleme Kayıtları var mı

2021-10-14 17:06:03 - [MESSAGE][PASSED] - Butonlardan İzleme Kayıtları var mı

2021-10-14 17:06:03 - [TEST_STEP][PASSED] - Butonlardan Excel isimli butona tıklanır: Butonlardan Excel isimli butona tıklanır

2021-10-14 17:06:03 - [MESSAGE][PASSED] - Butonlardan Excel isimli butona tıklanır

2021-10-14 17:06:03 - [TEST_STEP][PASSED] - Alt butonlardan Excel'e Aktar var mı: Alt butonlardan Excel'e Aktar var mı

2021-10-14 17:06:03 - [MESSAGE][PASSED] - Alt butonlardan Excel'e Aktar var mı

2021-10-14 17:06:03 - [TEST_STEP][PASSED] - Alt butonlardan Tümünü Excel'e Aktar var mı: Alt butonlardan Tümünü Excel'e Aktar var mı

2021-10-14 17:06:03 - [MESSAGE][PASSED] - Alt butonlardan Tümünü Excel'e Aktar var mı

2021-10-14 17:06:03 - [TEST_STEP][PASSED] - Kullanıcı işlemlerinden Çıkış seçilir: Kullanıcı işlemlerinden Çıkış seçilir

2021-10-14 17:06:03 - [MESSAGE][PASSED] - Kullanıcı işlemlerinden Çıkış seçilir

2021-10-14 17:06:03 - [MESSAGE][PASSED] - Feature file: 'Include/features/e-Fatura/e-Fatura Araclari/e-Fatura Taslak/Ekran Kontrolu.feature' was passed

2021-10-14 17:06:03 - [TEST_STEP][PASSED] - Start listener action : sampleAfterTestSuite: Invoke 'com.kms.katalon.core.annotation.AfterTestCase' method: 'Listener.sampleAfterTestSuite(...)' completed.

2021-10-14 17:06:03 - [MESSAGE][INFO] - Starting invoke 'com.kms.katalon.core.annotation.AfterTestCase' method: 'Listener.sampleAfterTestSuite(...)'

2021-10-14 17:06:03 - [TEST_STEP][PASSED] - closeBrowser(): Invoke 'com.kms.katalon.core.annotation.AfterTestCase' method: 'Listener.sampleAfterTestSuite(...)' completed.

2021-10-14 17:06:03 - [MESSAGE][INFO] - Closing browser

2021-10-14 17:06:03 - [MESSAGE][PASSED] - Browser is closed

2021-10-14 17:06:03 - [MESSAGE][INFO] - Invoke 'com.kms.katalon.core.annotation.AfterTestCase' method: 'Listener.sampleAfterTestSuite(...)' completed.]]></system-out>
         <system-err><![CDATA[]]></system-err>
      </testcase>
      <testcase name="Test Cases/Case Repository/e-Fatura/e-Fatura Araclari/e-Fatura Yukleme/Buton Kontrolu" time="32.124" classname="Test Cases/Case Repository/e-Fatura/e-Fatura Araclari/e-Fatura Yukleme/Buton Kontrolu" status="PASSED">
         <system-out><![CDATA[2021-10-14 17:06:03 - [TEST_CASE][PASSED] - Test Cases/Case Repository/e-Fatura/e-Fatura Araclari/e-Fatura Yukleme/Buton Kontrolu: Test Cases/Case Repository/e-Fatura/e-Fatura Araclari/e-Fatura Yukleme/Buton Kontrolu

2021-10-14 17:06:03 - [TEST_STEP][PASSED] - Start listener action : sampleBeforeTestSuite: Invoke 'com.kms.katalon.core.annotation.BeforeTestCase' method: 'Listener.sampleBeforeTestSuite(...)' completed.

2021-10-14 17:06:03 - [MESSAGE][INFO] - Starting invoke 'com.kms.katalon.core.annotation.BeforeTestCase' method: 'Listener.sampleBeforeTestSuite(...)'

2021-10-14 17:06:03 - [TEST_STEP][PASSED] - openBrowser(baseUrl): Browser is opened with url: 'https://efatura-stage.elogo.com.tr/'

2021-10-14 17:06:03 - [MESSAGE][INFO] - Opening browser

2021-10-14 17:06:03 - [MESSAGE][INFO] - Starting 'Chrome' driver

2021-10-14 17:06:03 - [MESSAGE][INFO] - User set preference: ['prefs', '{download.default_directory=C:\otomasyondownfiles}']

2021-10-14 17:06:03 - [MESSAGE][INFO] - Action delay is set to 0 milliseconds

2021-10-14 17:06:05 - [MESSAGE][INFO] - Navigating browser to: 'https://efatura-stage.elogo.com.tr/'

2021-10-14 17:06:08 - [MESSAGE][PASSED] - Browser is opened with url: 'https://efatura-stage.elogo.com.tr/'

2021-10-14 17:06:08 - [TEST_STEP][PASSED] - maximizeWindow(): Invoke 'com.kms.katalon.core.annotation.BeforeTestCase' method: 'Listener.sampleBeforeTestSuite(...)' completed.

2021-10-14 17:06:08 - [MESSAGE][INFO] - Maximizing current window

2021-10-14 17:06:08 - [MESSAGE][PASSED] - Current window maximized

2021-10-14 17:06:08 - [MESSAGE][INFO] - Invoke 'com.kms.katalon.core.annotation.BeforeTestCase' method: 'Listener.sampleBeforeTestSuite(...)' completed.

2021-10-14 17:06:09 - [TEST_STEP][PASSED] - runFeatureFile("Include/features/e-Fatura/e-Fatura Araclari/e-Fatura Yukleme/Buton Kontrolu.feature"): Feature file: 'Include/features/e-Fatura/e-Fatura Araclari/e-Fatura Yukleme/Buton Kontrolu.feature' was passed

2021-10-14 17:06:09 - [MESSAGE][INFO] - Starting run keyword runFeatureFile: 'Include/features/e-Fatura/e-Fatura Araclari/e-Fatura Yukleme/Buton Kontrolu.feature' and extract report to folder: 'C:\Users\DELL\Downloads\EES_Katalon-main\Reports\20211014_170112\Suite Repository\e-Fatura\20211014_170113/cucumber_report/1634220369252'...

2021-10-14 17:06:09 - [MESSAGE][INFO] - Glue: []

2021-10-14 17:06:09 - [MESSAGE][INFO] - Checking called Test Case

2021-10-14 17:06:09 - [MESSAGE][INFO] - Starting to call Test Case 'Test Cases/Sayfalar/Giris_Sayfasi/Login'

2021-10-14 17:06:10 - [TEST_CASE][PASSED] - Test Cases/Sayfalar/Giris_Sayfasi/Login: Test Cases/Sayfalar/Giris_Sayfasi/Login

2021-10-14 17:06:10 - [TEST_STEP][PASSED] - Sayfa_Basligi = getWindowTitle(): Current window's title is: 'LOGO e-Fatura'

2021-10-14 17:06:10 - [MESSAGE][INFO] - Getting current window's title

2021-10-14 17:06:10 - [MESSAGE][PASSED] - Current window's title is: 'LOGO e-Fatura'

2021-10-14 17:06:10 - [TEST_STEP][PASSED] - verifyMatch(Sayfa_Basligi, "LOGO e-Fatura", false): Actual text 'LOGO e-Fatura' and expected text 'LOGO e-Fatura' are matched 

2021-10-14 17:06:10 - [MESSAGE][INFO] - Matching actual text 'LOGO e-Fatura' with expected text 'LOGO e-Fatura'

2021-10-14 17:06:10 - [MESSAGE][PASSED] - Actual text 'LOGO e-Fatura' and expected text 'LOGO e-Fatura' are matched 

2021-10-14 17:06:10 - [TEST_STEP][PASSED] - sendKeys(findTestObject("Sayfalar/Giris_Sayfasi/Firma_Kodu"), KullaniciAdi): Keys 'ELOGO6' sent to object: 'Object Repository/Sayfalar/Giris_Sayfasi/Firma_Kodu'

2021-10-14 17:06:10 - [MESSAGE][INFO] - Finding Test Object 'Object Repository/Sayfalar/Giris_Sayfasi/Firma_Kodu'

2021-10-14 17:06:10 - [MESSAGE][INFO] - Sending keys 'ELOGO6' to object: 'Object Repository/Sayfalar/Giris_Sayfasi/Firma_Kodu'

2021-10-14 17:06:10 - [MESSAGE][INFO] - Finding web element from Test Object's properties

2021-10-14 17:06:10 - [MESSAGE][INFO] - Checking timeout

2021-10-14 17:06:10 - [MESSAGE][INFO] - Finding web element with id: 'Object Repository/Sayfalar/Giris_Sayfasi/Firma_Kodu' located by 'By.xpath: //*[@id = 'AccountName']' in '30' second(s)

2021-10-14 17:06:10 - [MESSAGE][INFO] - Smart Wait Function is triggered

2021-10-14 17:06:10 - [MESSAGE][INFO] - Found 1 web elements with id: 'Object Repository/Sayfalar/Giris_Sayfasi/Firma_Kodu' located by 'By.xpath: //*[@id = 'AccountName']' in '30' second(s)

2021-10-14 17:06:10 - [MESSAGE][PASSED] - Keys 'ELOGO6' sent to object: 'Object Repository/Sayfalar/Giris_Sayfasi/Firma_Kodu'

2021-10-14 17:06:10 - [TEST_STEP][PASSED] - sendKeys(findTestObject("Sayfalar/Giris_Sayfasi/Sifre"), Sifre): Keys '123456' sent to object: 'Object Repository/Sayfalar/Giris_Sayfasi/Sifre'

2021-10-14 17:06:10 - [MESSAGE][INFO] - Finding Test Object 'Object Repository/Sayfalar/Giris_Sayfasi/Sifre'

2021-10-14 17:06:10 - [MESSAGE][INFO] - Sending keys '123456' to object: 'Object Repository/Sayfalar/Giris_Sayfasi/Sifre'

2021-10-14 17:06:10 - [MESSAGE][INFO] - Finding web element from Test Object's properties

2021-10-14 17:06:10 - [MESSAGE][INFO] - Checking timeout

2021-10-14 17:06:10 - [MESSAGE][INFO] - Finding web element with id: 'Object Repository/Sayfalar/Giris_Sayfasi/Sifre' located by 'By.xpath: //*[@id = 'Password']' in '30' second(s)

2021-10-14 17:06:10 - [MESSAGE][INFO] - Smart Wait Function is triggered

2021-10-14 17:06:10 - [MESSAGE][INFO] - Found 1 web elements with id: 'Object Repository/Sayfalar/Giris_Sayfasi/Sifre' located by 'By.xpath: //*[@id = 'Password']' in '30' second(s)

2021-10-14 17:06:10 - [MESSAGE][PASSED] - Keys '123456' sent to object: 'Object Repository/Sayfalar/Giris_Sayfasi/Sifre'

2021-10-14 17:06:10 - [TEST_STEP][PASSED] - findWebElement(findTestObject("Sayfalar/Giris_Sayfasi/Giris_Butonu")).click(): Found 1 web elements with id: 'Object Repository/Sayfalar/Giris_Sayfasi/Giris_Butonu' located by 'By.cssSelector: #btnLogin' in '30' second(s)

2021-10-14 17:06:10 - [MESSAGE][INFO] - Finding Test Object 'Object Repository/Sayfalar/Giris_Sayfasi/Giris_Butonu'

2021-10-14 17:06:11 - [MESSAGE][INFO] - Finding web element from Test Object's properties

2021-10-14 17:06:11 - [MESSAGE][INFO] - Checking timeout

2021-10-14 17:06:11 - [MESSAGE][INFO] - Finding web element with id: 'Object Repository/Sayfalar/Giris_Sayfasi/Giris_Butonu' located by 'By.cssSelector: #btnLogin' in '30' second(s)

2021-10-14 17:06:11 - [MESSAGE][INFO] - Smart Wait Function is triggered

2021-10-14 17:06:11 - [MESSAGE][INFO] - Found 1 web elements with id: 'Object Repository/Sayfalar/Giris_Sayfasi/Giris_Butonu' located by 'By.cssSelector: #btnLogin' in '30' second(s)

2021-10-14 17:06:13 - [TEST_STEP][PASSED] - if (verifyElementPresent(findTestObject("Object Repository/Sayfalar/Giris_Sayfasi/RetveTamam_Butonu"), 5, OPTIONAL)): null

2021-10-14 17:06:13 - [MESSAGE][INFO] - Finding Test Object 'Object Repository/Sayfalar/Giris_Sayfasi/RetveTamam_Butonu'

2021-10-14 17:06:13 - [MESSAGE][INFO] - Checking object

2021-10-14 17:06:13 - [MESSAGE][INFO] - Finding web element from Test Object's properties

2021-10-14 17:06:13 - [MESSAGE][INFO] - Checking timeout

2021-10-14 17:06:13 - [MESSAGE][INFO] - Finding web element with id: 'Object Repository/Sayfalar/Giris_Sayfasi/RetveTamam_Butonu' located by 'By.xpath: //*[@class = 'btn btn-default']' in '5' second(s)

2021-10-14 17:06:13 - [MESSAGE][INFO] - Smart Wait Function is triggered

2021-10-14 17:06:14 - [MESSAGE][INFO] - Found 1 web elements with id: 'Object Repository/Sayfalar/Giris_Sayfasi/RetveTamam_Butonu' located by 'By.xpath: //*[@class = 'btn btn-default']' in '5' second(s)

2021-10-14 17:06:14 - [MESSAGE][PASSED] - Object 'Object Repository/Sayfalar/Giris_Sayfasi/RetveTamam_Butonu' is present

2021-10-14 17:06:14 - [TEST_STEP][PASSED] - click(findTestObject("Object Repository/Sayfalar/Giris_Sayfasi/RetveTamam_Butonu")): Object: 'Object Repository/Sayfalar/Giris_Sayfasi/RetveTamam_Butonu' is clicked on

2021-10-14 17:06:14 - [MESSAGE][INFO] - Finding Test Object 'Object Repository/Sayfalar/Giris_Sayfasi/RetveTamam_Butonu'

2021-10-14 17:06:14 - [MESSAGE][INFO] - Checking object

2021-10-14 17:06:14 - [MESSAGE][INFO] - Finding web element from Test Object's properties

2021-10-14 17:06:14 - [MESSAGE][INFO] - Checking timeout

2021-10-14 17:06:14 - [MESSAGE][INFO] - Finding web element with id: 'Object Repository/Sayfalar/Giris_Sayfasi/RetveTamam_Butonu' located by 'By.xpath: //*[@class = 'btn btn-default']' in '30' second(s)

2021-10-14 17:06:14 - [MESSAGE][INFO] - Smart Wait Function is triggered

2021-10-14 17:06:14 - [MESSAGE][INFO] - Found 1 web elements with id: 'Object Repository/Sayfalar/Giris_Sayfasi/RetveTamam_Butonu' located by 'By.xpath: //*[@class = 'btn btn-default']' in '30' second(s)

2021-10-14 17:06:14 - [MESSAGE][INFO] - Clicking on object: 'Object Repository/Sayfalar/Giris_Sayfasi/RetveTamam_Butonu'

2021-10-14 17:06:14 - [MESSAGE][PASSED] - Object: 'Object Repository/Sayfalar/Giris_Sayfasi/RetveTamam_Butonu' is clicked on

2021-10-14 17:06:14 - [TEST_STEP][PASSED] - click(findTestObject("Object Repository/Sayfalar/Giris_Sayfasi/RetveTamam_Butonu")): Object: 'Object Repository/Sayfalar/Giris_Sayfasi/RetveTamam_Butonu' is clicked on

2021-10-14 17:06:14 - [MESSAGE][INFO] - Finding Test Object 'Object Repository/Sayfalar/Giris_Sayfasi/RetveTamam_Butonu'

2021-10-14 17:06:14 - [MESSAGE][INFO] - Checking object

2021-10-14 17:06:14 - [MESSAGE][INFO] - Finding web element from Test Object's properties

2021-10-14 17:06:14 - [MESSAGE][INFO] - Checking timeout

2021-10-14 17:06:14 - [MESSAGE][INFO] - Finding web element with id: 'Object Repository/Sayfalar/Giris_Sayfasi/RetveTamam_Butonu' located by 'By.xpath: //*[@class = 'btn btn-default']' in '30' second(s)

2021-10-14 17:06:14 - [MESSAGE][INFO] - Smart Wait Function is triggered

2021-10-14 17:06:21 - [MESSAGE][INFO] - Found 1 web elements with id: 'Object Repository/Sayfalar/Giris_Sayfasi/RetveTamam_Butonu' located by 'By.xpath: //*[@class = 'btn btn-default']' in '30' second(s)

2021-10-14 17:06:21 - [MESSAGE][INFO] - Clicking on object: 'Object Repository/Sayfalar/Giris_Sayfasi/RetveTamam_Butonu'

2021-10-14 17:06:21 - [MESSAGE][PASSED] - Object: 'Object Repository/Sayfalar/Giris_Sayfasi/RetveTamam_Butonu' is clicked on

2021-10-14 17:06:21 - [TEST_STEP][PASSED] - if (verifyElementPresent(findTestObject("Sayfalar/Giris_Sayfasi/PopupOK"), 5, OPTIONAL)): null

2021-10-14 17:06:21 - [MESSAGE][INFO] - Finding Test Object 'Object Repository/Sayfalar/Giris_Sayfasi/PopupOK'

2021-10-14 17:06:21 - [MESSAGE][INFO] - Checking object

2021-10-14 17:06:21 - [MESSAGE][INFO] - Finding web element from Test Object's properties

2021-10-14 17:06:21 - [MESSAGE][INFO] - Checking timeout

2021-10-14 17:06:21 - [MESSAGE][INFO] - Finding web element with id: 'Object Repository/Sayfalar/Giris_Sayfasi/PopupOK' located by 'By.cssSelector: .btn.btn-success' in '5' second(s)

2021-10-14 17:06:21 - [MESSAGE][INFO] - Smart Wait Function is triggered

2021-10-14 17:06:22 - [MESSAGE][INFO] - Found 1 web elements with id: 'Object Repository/Sayfalar/Giris_Sayfasi/PopupOK' located by 'By.cssSelector: .btn.btn-success' in '5' second(s)

2021-10-14 17:06:22 - [MESSAGE][PASSED] - Object 'Object Repository/Sayfalar/Giris_Sayfasi/PopupOK' is present

2021-10-14 17:06:22 - [TEST_STEP][PASSED] - click(findTestObject("Object Repository/Sayfalar/Giris_Sayfasi/PopupCarpiGiris")): Object: 'Object Repository/Sayfalar/Giris_Sayfasi/PopupCarpiGiris' is clicked on

2021-10-14 17:06:22 - [MESSAGE][INFO] - Finding Test Object 'Object Repository/Sayfalar/Giris_Sayfasi/PopupCarpiGiris'

2021-10-14 17:06:22 - [MESSAGE][INFO] - Checking object

2021-10-14 17:06:22 - [MESSAGE][INFO] - Finding web element from Test Object's properties

2021-10-14 17:06:22 - [MESSAGE][INFO] - Checking timeout

2021-10-14 17:06:22 - [MESSAGE][INFO] - Finding web element with id: 'Object Repository/Sayfalar/Giris_Sayfasi/PopupCarpiGiris' located by 'By.cssSelector: .bootbox-close-button.close' in '30' second(s)

2021-10-14 17:06:22 - [MESSAGE][INFO] - Smart Wait Function is triggered

2021-10-14 17:06:22 - [MESSAGE][INFO] - Found 1 web elements with id: 'Object Repository/Sayfalar/Giris_Sayfasi/PopupCarpiGiris' located by 'By.cssSelector: .bootbox-close-button.close' in '30' second(s)

2021-10-14 17:06:22 - [MESSAGE][INFO] - Clicking on object: 'Object Repository/Sayfalar/Giris_Sayfasi/PopupCarpiGiris'

2021-10-14 17:06:22 - [MESSAGE][PASSED] - Object: 'Object Repository/Sayfalar/Giris_Sayfasi/PopupCarpiGiris' is clicked on

2021-10-14 17:06:22 - [TEST_STEP][PASSED] - verifyElementVisible(findTestObject("Object Repository/Kullanici_Islemleri/KullaniciIslemleri")): Object 'Object Repository/Kullanici_Islemleri/KullaniciIslemleri' is visible

2021-10-14 17:06:22 - [MESSAGE][INFO] - Finding Test Object 'Object Repository/Kullanici_Islemleri/KullaniciIslemleri'

2021-10-14 17:06:22 - [MESSAGE][INFO] - Checking object

2021-10-14 17:06:22 - [MESSAGE][INFO] - Finding web element from Test Object's properties

2021-10-14 17:06:22 - [MESSAGE][INFO] - Checking timeout

2021-10-14 17:06:22 - [MESSAGE][INFO] - Finding web element with id: 'Object Repository/Kullanici_Islemleri/KullaniciIslemleri' located by 'By.cssSelector: .dropdown>a>img' in '30' second(s)

2021-10-14 17:06:22 - [MESSAGE][INFO] - Smart Wait Function is triggered

2021-10-14 17:06:23 - [MESSAGE][INFO] - Found 1 web elements with id: 'Object Repository/Kullanici_Islemleri/KullaniciIslemleri' located by 'By.cssSelector: .dropdown>a>img' in '30' second(s)

2021-10-14 17:06:23 - [MESSAGE][PASSED] - Object 'Object Repository/Kullanici_Islemleri/KullaniciIslemleri' is visible

2021-10-14 17:06:23 - [MESSAGE][PASSED] - Call Test Case 'Test Cases/Sayfalar/Giris_Sayfasi/Login' successfully

2021-10-14 17:06:23 - [MESSAGE][INFO] - Checking called Test Case

2021-10-14 17:06:23 - [MESSAGE][INFO] - Starting to call Test Case 'Test Cases/Menu/AnaMenuSecimi'

2021-10-14 17:06:23 - [TEST_CASE][PASSED] - Test Cases/Menu/AnaMenuSecimi: Test Cases/Menu/AnaMenuSecimi

2021-10-14 17:06:23 - [TEST_STEP][PASSED] - Method.TextDegerineEsitElementeTikla(findTestObject("Menu/Ana_Menu"), Ana_Menu): Method.TextDegerineEsitElementeTikla is PASSED

2021-10-14 17:06:23 - [MESSAGE][INFO] - Finding Test Object 'Object Repository/Menu/Ana_Menu'

2021-10-14 17:06:23 - [MESSAGE][INFO] - Checking timeout

2021-10-14 17:06:23 - [MESSAGE][INFO] - Finding web element with id: 'Object Repository/Menu/Ana_Menu' located by 'By.xpath: //*[@class = 'dropdown-toggle']' in '10' second(s)

2021-10-14 17:06:23 - [MESSAGE][INFO] - Smart Wait Function is triggered

2021-10-14 17:06:24 - [MESSAGE][INFO] - Found 14 web elements with id: 'Object Repository/Menu/Ana_Menu' located by 'By.xpath: //*[@class = 'dropdown-toggle']' in '10' second(s)

2021-10-14 17:06:24 - [MESSAGE][PASSED] - Method.TextDegerineEsitElementeTikla is PASSED

2021-10-14 17:06:24 - [MESSAGE][PASSED] - Call Test Case 'Test Cases/Menu/AnaMenuSecimi' successfully

2021-10-14 17:06:24 - [MESSAGE][INFO] - Checking called Test Case

2021-10-14 17:06:24 - [MESSAGE][INFO] - Starting to call Test Case 'Test Cases/Menu/BasligaGoreAltMenuSecimi'

2021-10-14 17:06:24 - [TEST_CASE][PASSED] - Test Cases/Menu/BasligaGoreAltMenuSecimi: Test Cases/Menu/BasligaGoreAltMenuSecimi

2021-10-14 17:06:24 - [TEST_STEP][PASSED] - Method.TextDegerineEsitElementinAltindakiTextDegerineEsitOlanaTikla(findTestObject("Menu/Menu_Basligi"), findTestObject("Menu/Basliga_Gore_Alt_Menu"), Baslik, Alt_Menu): Method.TextDegerineEsitElementinAltindakiTextDegerineEsitOlanaTikla is PASSED

2021-10-14 17:06:24 - [MESSAGE][INFO] - Finding Test Object 'Object Repository/Menu/Menu_Basligi'

2021-10-14 17:06:24 - [MESSAGE][INFO] - Finding Test Object 'Object Repository/Menu/Basliga_Gore_Alt_Menu'

2021-10-14 17:06:24 - [MESSAGE][INFO] - Checking timeout

2021-10-14 17:06:24 - [MESSAGE][INFO] - Finding web element with id: 'Object Repository/Menu/Menu_Basligi' located by 'By.xpath: //li[@class='dropdown dropdown-large open']//li[@class='dropdown-header']' in '10' second(s)

2021-10-14 17:06:24 - [MESSAGE][INFO] - Smart Wait Function is triggered

2021-10-14 17:06:25 - [MESSAGE][INFO] - Found 3 web elements with id: 'Object Repository/Menu/Menu_Basligi' located by 'By.xpath: //li[@class='dropdown dropdown-large open']//li[@class='dropdown-header']' in '10' second(s)

2021-10-14 17:06:25 - [MESSAGE][INFO] - Smart Wait Function is triggered

2021-10-14 17:06:29 - [MESSAGE][PASSED] - Method.TextDegerineEsitElementinAltindakiTextDegerineEsitOlanaTikla is PASSED

2021-10-14 17:06:29 - [MESSAGE][PASSED] - Call Test Case 'Test Cases/Menu/BasligaGoreAltMenuSecimi' successfully

2021-10-14 17:06:29 - [MESSAGE][INFO] - Checking called Test Case

2021-10-14 17:06:29 - [MESSAGE][INFO] - Starting to call Test Case 'Test Cases/Butonlar/ButonVarMi'

2021-10-14 17:06:29 - [TEST_CASE][PASSED] - Test Cases/Butonlar/ButonVarMi: Test Cases/Butonlar/ButonVarMi

2021-10-14 17:06:29 - [TEST_STEP][PASSED] - Method.TextDegerineEsitElementVarMi(findTestObject("Butonlar/Butonlar"), Buton): Method.TextDegerineEsitElementVarMi is PASSED

2021-10-14 17:06:29 - [MESSAGE][INFO] - Finding Test Object 'Object Repository/Butonlar/Butonlar'

2021-10-14 17:06:29 - [MESSAGE][INFO] - Checking timeout

2021-10-14 17:06:29 - [MESSAGE][INFO] - Finding web element with id: 'Object Repository/Butonlar/Butonlar' located by 'By.cssSelector: .panel.panel-default.text-center.footerPanel .btn,.btn.btn-primary.btnControls' in '10' second(s)

2021-10-14 17:06:29 - [MESSAGE][INFO] - Smart Wait Function is triggered

2021-10-14 17:06:29 - [MESSAGE][INFO] - Found 6 web elements with id: 'Object Repository/Butonlar/Butonlar' located by 'By.cssSelector: .panel.panel-default.text-center.footerPanel .btn,.btn.btn-primary.btnControls' in '10' second(s)

2021-10-14 17:06:29 - [MESSAGE][PASSED] - Method.TextDegerineEsitElementVarMi is PASSED

2021-10-14 17:06:29 - [MESSAGE][PASSED] - Call Test Case 'Test Cases/Butonlar/ButonVarMi' successfully

2021-10-14 17:06:29 - [MESSAGE][INFO] - Checking called Test Case

2021-10-14 17:06:29 - [MESSAGE][INFO] - Starting to call Test Case 'Test Cases/Butonlar/ButonVarMi'

2021-10-14 17:06:29 - [TEST_CASE][PASSED] - Test Cases/Butonlar/ButonVarMi: Test Cases/Butonlar/ButonVarMi

2021-10-14 17:06:29 - [TEST_STEP][PASSED] - Method.TextDegerineEsitElementVarMi(findTestObject("Butonlar/Butonlar"), Buton): Method.TextDegerineEsitElementVarMi is PASSED

2021-10-14 17:06:29 - [MESSAGE][INFO] - Finding Test Object 'Object Repository/Butonlar/Butonlar'

2021-10-14 17:06:30 - [MESSAGE][INFO] - Checking timeout

2021-10-14 17:06:30 - [MESSAGE][INFO] - Finding web element with id: 'Object Repository/Butonlar/Butonlar' located by 'By.cssSelector: .panel.panel-default.text-center.footerPanel .btn,.btn.btn-primary.btnControls' in '10' second(s)

2021-10-14 17:06:30 - [MESSAGE][INFO] - Smart Wait Function is triggered

2021-10-14 17:06:30 - [MESSAGE][INFO] - Found 6 web elements with id: 'Object Repository/Butonlar/Butonlar' located by 'By.cssSelector: .panel.panel-default.text-center.footerPanel .btn,.btn.btn-primary.btnControls' in '10' second(s)

2021-10-14 17:06:30 - [MESSAGE][PASSED] - Method.TextDegerineEsitElementVarMi is PASSED

2021-10-14 17:06:30 - [MESSAGE][PASSED] - Call Test Case 'Test Cases/Butonlar/ButonVarMi' successfully

2021-10-14 17:06:30 - [MESSAGE][INFO] - Checking called Test Case

2021-10-14 17:06:30 - [MESSAGE][INFO] - Starting to call Test Case 'Test Cases/Butonlar/ButonVarMi'

2021-10-14 17:06:30 - [TEST_CASE][PASSED] - Test Cases/Butonlar/ButonVarMi: Test Cases/Butonlar/ButonVarMi

2021-10-14 17:06:30 - [TEST_STEP][PASSED] - Method.TextDegerineEsitElementVarMi(findTestObject("Butonlar/Butonlar"), Buton): Method.TextDegerineEsitElementVarMi is PASSED

2021-10-14 17:06:30 - [MESSAGE][INFO] - Finding Test Object 'Object Repository/Butonlar/Butonlar'

2021-10-14 17:06:30 - [MESSAGE][INFO] - Checking timeout

2021-10-14 17:06:30 - [MESSAGE][INFO] - Finding web element with id: 'Object Repository/Butonlar/Butonlar' located by 'By.cssSelector: .panel.panel-default.text-center.footerPanel .btn,.btn.btn-primary.btnControls' in '10' second(s)

2021-10-14 17:06:30 - [MESSAGE][INFO] - Smart Wait Function is triggered

2021-10-14 17:06:30 - [MESSAGE][INFO] - Found 6 web elements with id: 'Object Repository/Butonlar/Butonlar' located by 'By.cssSelector: .panel.panel-default.text-center.footerPanel .btn,.btn.btn-primary.btnControls' in '10' second(s)

2021-10-14 17:06:30 - [MESSAGE][PASSED] - Method.TextDegerineEsitElementVarMi is PASSED

2021-10-14 17:06:30 - [MESSAGE][PASSED] - Call Test Case 'Test Cases/Butonlar/ButonVarMi' successfully

2021-10-14 17:06:30 - [MESSAGE][INFO] - Checking called Test Case

2021-10-14 17:06:30 - [MESSAGE][INFO] - Starting to call Test Case 'Test Cases/Butonlar/ButonVarMi'

2021-10-14 17:06:30 - [TEST_CASE][PASSED] - Test Cases/Butonlar/ButonVarMi: Test Cases/Butonlar/ButonVarMi

2021-10-14 17:06:30 - [TEST_STEP][PASSED] - Method.TextDegerineEsitElementVarMi(findTestObject("Butonlar/Butonlar"), Buton): Method.TextDegerineEsitElementVarMi is PASSED

2021-10-14 17:06:30 - [MESSAGE][INFO] - Finding Test Object 'Object Repository/Butonlar/Butonlar'

2021-10-14 17:06:31 - [MESSAGE][INFO] - Checking timeout

2021-10-14 17:06:31 - [MESSAGE][INFO] - Finding web element with id: 'Object Repository/Butonlar/Butonlar' located by 'By.cssSelector: .panel.panel-default.text-center.footerPanel .btn,.btn.btn-primary.btnControls' in '10' second(s)

2021-10-14 17:06:31 - [MESSAGE][INFO] - Smart Wait Function is triggered

2021-10-14 17:06:31 - [MESSAGE][INFO] - Found 6 web elements with id: 'Object Repository/Butonlar/Butonlar' located by 'By.cssSelector: .panel.panel-default.text-center.footerPanel .btn,.btn.btn-primary.btnControls' in '10' second(s)

2021-10-14 17:06:31 - [MESSAGE][PASSED] - Method.TextDegerineEsitElementVarMi is PASSED

2021-10-14 17:06:31 - [MESSAGE][PASSED] - Call Test Case 'Test Cases/Butonlar/ButonVarMi' successfully

2021-10-14 17:06:31 - [MESSAGE][INFO] - Checking called Test Case

2021-10-14 17:06:31 - [MESSAGE][INFO] - Starting to call Test Case 'Test Cases/Butonlar/ButonVarMi'

2021-10-14 17:06:31 - [TEST_CASE][PASSED] - Test Cases/Butonlar/ButonVarMi: Test Cases/Butonlar/ButonVarMi

2021-10-14 17:06:31 - [TEST_STEP][PASSED] - Method.TextDegerineEsitElementVarMi(findTestObject("Butonlar/Butonlar"), Buton): Method.TextDegerineEsitElementVarMi is PASSED

2021-10-14 17:06:31 - [MESSAGE][INFO] - Finding Test Object 'Object Repository/Butonlar/Butonlar'

2021-10-14 17:06:31 - [MESSAGE][INFO] - Checking timeout

2021-10-14 17:06:31 - [MESSAGE][INFO] - Finding web element with id: 'Object Repository/Butonlar/Butonlar' located by 'By.cssSelector: .panel.panel-default.text-center.footerPanel .btn,.btn.btn-primary.btnControls' in '10' second(s)

2021-10-14 17:06:31 - [MESSAGE][INFO] - Smart Wait Function is triggered

2021-10-14 17:06:31 - [MESSAGE][INFO] - Found 6 web elements with id: 'Object Repository/Butonlar/Butonlar' located by 'By.cssSelector: .panel.panel-default.text-center.footerPanel .btn,.btn.btn-primary.btnControls' in '10' second(s)

2021-10-14 17:06:31 - [MESSAGE][PASSED] - Method.TextDegerineEsitElementVarMi is PASSED

2021-10-14 17:06:31 - [MESSAGE][PASSED] - Call Test Case 'Test Cases/Butonlar/ButonVarMi' successfully

2021-10-14 17:06:31 - [MESSAGE][INFO] - Checking called Test Case

2021-10-14 17:06:31 - [MESSAGE][INFO] - Starting to call Test Case 'Test Cases/Kullanici_Islemleri/KullaniciIslemlerindenSecimYapilir'

2021-10-14 17:06:31 - [TEST_CASE][PASSED] - Test Cases/Kullanici_Islemleri/KullaniciIslemlerindenSecimYapilir: Test Cases/Kullanici_Islemleri/KullaniciIslemlerindenSecimYapilir

2021-10-14 17:06:31 - [TEST_STEP][PASSED] - waitForElementClickable(findTestObject("Object Repository/Kullanici_Islemleri/KullaniciIslemleri"), 10): Object 'Object Repository/Kullanici_Islemleri/KullaniciIslemleri' is clickable

2021-10-14 17:06:31 - [MESSAGE][INFO] - Finding Test Object 'Object Repository/Kullanici_Islemleri/KullaniciIslemleri'

2021-10-14 17:06:32 - [MESSAGE][INFO] - Checking object

2021-10-14 17:06:32 - [MESSAGE][INFO] - Checking timeout

2021-10-14 17:06:32 - [MESSAGE][INFO] - Finding web element from Test Object's properties

2021-10-14 17:06:32 - [MESSAGE][INFO] - Checking timeout

2021-10-14 17:06:32 - [MESSAGE][INFO] - Finding web element with id: 'Object Repository/Kullanici_Islemleri/KullaniciIslemleri' located by 'By.cssSelector: .dropdown>a>img' in '10' second(s)

2021-10-14 17:06:32 - [MESSAGE][INFO] - Smart Wait Function is triggered

2021-10-14 17:06:32 - [MESSAGE][INFO] - Found 1 web elements with id: 'Object Repository/Kullanici_Islemleri/KullaniciIslemleri' located by 'By.cssSelector: .dropdown>a>img' in '10' second(s)

2021-10-14 17:06:32 - [MESSAGE][PASSED] - Object 'Object Repository/Kullanici_Islemleri/KullaniciIslemleri' is clickable

2021-10-14 17:06:32 - [TEST_STEP][PASSED] - click(findTestObject("Object Repository/Kullanici_Islemleri/KullaniciIslemleri")): Object: 'Object Repository/Kullanici_Islemleri/KullaniciIslemleri' is clicked on

2021-10-14 17:06:32 - [MESSAGE][INFO] - Finding Test Object 'Object Repository/Kullanici_Islemleri/KullaniciIslemleri'

2021-10-14 17:06:32 - [MESSAGE][INFO] - Checking object

2021-10-14 17:06:32 - [MESSAGE][INFO] - Finding web element from Test Object's properties

2021-10-14 17:06:32 - [MESSAGE][INFO] - Checking timeout

2021-10-14 17:06:32 - [MESSAGE][INFO] - Finding web element with id: 'Object Repository/Kullanici_Islemleri/KullaniciIslemleri' located by 'By.cssSelector: .dropdown>a>img' in '30' second(s)

2021-10-14 17:06:32 - [MESSAGE][INFO] - Smart Wait Function is triggered

2021-10-14 17:06:32 - [MESSAGE][INFO] - Found 1 web elements with id: 'Object Repository/Kullanici_Islemleri/KullaniciIslemleri' located by 'By.cssSelector: .dropdown>a>img' in '30' second(s)

2021-10-14 17:06:32 - [MESSAGE][INFO] - Clicking on object: 'Object Repository/Kullanici_Islemleri/KullaniciIslemleri'

2021-10-14 17:06:32 - [MESSAGE][PASSED] - Object: 'Object Repository/Kullanici_Islemleri/KullaniciIslemleri' is clicked on

2021-10-14 17:06:32 - [TEST_STEP][PASSED] - Method.TextDegerineEsitElementeTikla(findTestObject("Object Repository/Kullanici_Islemleri/Secenekler"), Islem): Method.TextDegerineEsitElementeTikla is PASSED

2021-10-14 17:06:32 - [MESSAGE][INFO] - Finding Test Object 'Object Repository/Kullanici_Islemleri/Secenekler'

2021-10-14 17:06:32 - [MESSAGE][INFO] - Checking timeout

2021-10-14 17:06:32 - [MESSAGE][INFO] - Finding web element with id: 'Object Repository/Kullanici_Islemleri/Secenekler' located by 'By.cssSelector: .nav.navbar-nav.navbar-right li a' in '10' second(s)

2021-10-14 17:06:32 - [MESSAGE][INFO] - Smart Wait Function is triggered

2021-10-14 17:06:33 - [MESSAGE][INFO] - Found 22 web elements with id: 'Object Repository/Kullanici_Islemleri/Secenekler' located by 'By.cssSelector: .nav.navbar-nav.navbar-right li a' in '10' second(s)

2021-10-14 17:06:34 - [MESSAGE][PASSED] - Method.TextDegerineEsitElementeTikla is PASSED

2021-10-14 17:06:34 - [TEST_STEP][PASSED] - verifyElementNotPresent(findTestObject("Object Repository/Kullanici_Islemleri/Secenekler"), 10): Web element with id: 'Object Repository/Kullanici_Islemleri/Secenekler' located by 'By.cssSelector: .nav.navbar-nav.navbar-right li a' is not present after '10' second(s)

2021-10-14 17:06:34 - [MESSAGE][INFO] - Finding Test Object 'Object Repository/Kullanici_Islemleri/Secenekler'

2021-10-14 17:06:34 - [MESSAGE][INFO] - Checking object

2021-10-14 17:06:34 - [MESSAGE][INFO] - Checking timeout

2021-10-14 17:06:34 - [MESSAGE][INFO] - Finding web element with id: 'Object Repository/Kullanici_Islemleri/Secenekler' located by 'By.cssSelector: .nav.navbar-nav.navbar-right li a' in '10' second(s)

2021-10-14 17:06:34 - [MESSAGE][INFO] - Smart Wait Function is triggered

2021-10-14 17:06:35 - [MESSAGE][PASSED] - Web element with id: 'Object Repository/Kullanici_Islemleri/Secenekler' located by 'By.cssSelector: .nav.navbar-nav.navbar-right li a' is not present after '10' second(s)

2021-10-14 17:06:35 - [MESSAGE][PASSED] - Call Test Case 'Test Cases/Kullanici_Islemleri/KullaniciIslemlerindenSecimYapilir' successfully

2021-10-14 17:06:35 - [TEST_CASE][PASSED] - Start Test Case : SCENARIO Excel e-Fatura Olusturma Buton Kontrolu: SCENARIO Excel e-Fatura Olusturma Buton Kontrolu

2021-10-14 17:06:35 - [TEST_STEP][PASSED] - Kullanıcı adı ELOGO6 ve Şifre 123456 olarak giriş yapılır: Kullanıcı adı ELOGO6 ve Şifre 123456 olarak giriş yapılır

2021-10-14 17:06:35 - [MESSAGE][PASSED] - Kullanıcı adı ELOGO6 ve Şifre 123456 olarak giriş yapılır

2021-10-14 17:06:35 - [TEST_STEP][PASSED] - Ana menüden e-Fatura seçilir: Ana menüden e-Fatura seçilir

2021-10-14 17:06:35 - [MESSAGE][PASSED] - Ana menüden e-Fatura seçilir

2021-10-14 17:06:35 - [TEST_STEP][PASSED] - Alt menü e-Fatura Araçları başlığı altındaki e-Fatura Yükleme seçilir: Alt menü e-Fatura Araçları başlığı altındaki e-Fatura Yükleme seçilir

2021-10-14 17:06:35 - [MESSAGE][PASSED] - Alt menü e-Fatura Araçları başlığı altındaki e-Fatura Yükleme seçilir

2021-10-14 17:06:35 - [TEST_STEP][PASSED] - Butonlardan Yukle var mı: Butonlardan Yukle var mı

2021-10-14 17:06:35 - [MESSAGE][PASSED] - Butonlardan Yukle var mı

2021-10-14 17:06:35 - [TEST_STEP][PASSED] - Butonlardan UBL var mı: Butonlardan UBL var mı

2021-10-14 17:06:35 - [MESSAGE][PASSED] - Butonlardan UBL var mı

2021-10-14 17:06:35 - [TEST_STEP][PASSED] - Butonlardan Fatura var mı: Butonlardan Fatura var mı

2021-10-14 17:06:35 - [MESSAGE][PASSED] - Butonlardan Fatura var mı

2021-10-14 17:06:35 - [TEST_STEP][PASSED] - Butonlardan Gönder var mı: Butonlardan Gönder var mı

2021-10-14 17:06:35 - [MESSAGE][PASSED] - Butonlardan Gönder var mı

2021-10-14 17:06:35 - [TEST_STEP][PASSED] - Butonlardan Excel var mı: Butonlardan Excel var mı

2021-10-14 17:06:35 - [MESSAGE][PASSED] - Butonlardan Excel var mı

2021-10-14 17:06:35 - [TEST_STEP][PASSED] - Kullanıcı işlemlerinden Çıkış seçilir: Kullanıcı işlemlerinden Çıkış seçilir

2021-10-14 17:06:35 - [MESSAGE][PASSED] - Kullanıcı işlemlerinden Çıkış seçilir

2021-10-14 17:06:35 - [MESSAGE][PASSED] - Feature file: 'Include/features/e-Fatura/e-Fatura Araclari/e-Fatura Yukleme/Buton Kontrolu.feature' was passed

2021-10-14 17:06:35 - [TEST_STEP][PASSED] - Start listener action : sampleAfterTestSuite: Invoke 'com.kms.katalon.core.annotation.AfterTestCase' method: 'Listener.sampleAfterTestSuite(...)' completed.

2021-10-14 17:06:35 - [MESSAGE][INFO] - Starting invoke 'com.kms.katalon.core.annotation.AfterTestCase' method: 'Listener.sampleAfterTestSuite(...)'

2021-10-14 17:06:35 - [TEST_STEP][PASSED] - closeBrowser(): Invoke 'com.kms.katalon.core.annotation.AfterTestCase' method: 'Listener.sampleAfterTestSuite(...)' completed.

2021-10-14 17:06:35 - [MESSAGE][INFO] - Closing browser

2021-10-14 17:06:35 - [MESSAGE][PASSED] - Browser is closed

2021-10-14 17:06:35 - [MESSAGE][INFO] - Invoke 'com.kms.katalon.core.annotation.AfterTestCase' method: 'Listener.sampleAfterTestSuite(...)' completed.]]></system-out>
         <system-err><![CDATA[]]></system-err>
      </testcase>
      <testcase name="Test Cases/Case Repository/e-Fatura/e-Fatura Araclari/e-Fatura Yukleme/Excele Aktar" time="27.149" classname="Test Cases/Case Repository/e-Fatura/e-Fatura Araclari/e-Fatura Yukleme/Excele Aktar" status="PASSED">
         <system-out><![CDATA[2021-10-14 17:06:36 - [TEST_CASE][PASSED] - Test Cases/Case Repository/e-Fatura/e-Fatura Araclari/e-Fatura Yukleme/Excele Aktar: Test Cases/Case Repository/e-Fatura/e-Fatura Araclari/e-Fatura Yukleme/Excele Aktar

2021-10-14 17:06:36 - [TEST_STEP][PASSED] - Start listener action : sampleBeforeTestSuite: Invoke 'com.kms.katalon.core.annotation.BeforeTestCase' method: 'Listener.sampleBeforeTestSuite(...)' completed.

2021-10-14 17:06:36 - [MESSAGE][INFO] - Starting invoke 'com.kms.katalon.core.annotation.BeforeTestCase' method: 'Listener.sampleBeforeTestSuite(...)'

2021-10-14 17:06:36 - [TEST_STEP][PASSED] - openBrowser(baseUrl): Browser is opened with url: 'https://efatura-stage.elogo.com.tr/'

2021-10-14 17:06:36 - [MESSAGE][INFO] - Opening browser

2021-10-14 17:06:36 - [MESSAGE][INFO] - Starting 'Chrome' driver

2021-10-14 17:06:36 - [MESSAGE][INFO] - User set preference: ['prefs', '{download.default_directory=C:\otomasyondownfiles}']

2021-10-14 17:06:36 - [MESSAGE][INFO] - Action delay is set to 0 milliseconds

2021-10-14 17:06:37 - [MESSAGE][INFO] - Navigating browser to: 'https://efatura-stage.elogo.com.tr/'

2021-10-14 17:06:39 - [MESSAGE][PASSED] - Browser is opened with url: 'https://efatura-stage.elogo.com.tr/'

2021-10-14 17:06:39 - [TEST_STEP][PASSED] - maximizeWindow(): Invoke 'com.kms.katalon.core.annotation.BeforeTestCase' method: 'Listener.sampleBeforeTestSuite(...)' completed.

2021-10-14 17:06:39 - [MESSAGE][INFO] - Maximizing current window

2021-10-14 17:06:39 - [MESSAGE][PASSED] - Current window maximized

2021-10-14 17:06:39 - [MESSAGE][INFO] - Invoke 'com.kms.katalon.core.annotation.BeforeTestCase' method: 'Listener.sampleBeforeTestSuite(...)' completed.

2021-10-14 17:06:40 - [TEST_STEP][PASSED] - runFeatureFile("Include/features/e-Fatura/e-Fatura Araclari/e-Fatura Yukleme/Excele Aktar.feature"): Feature file: 'Include/features/e-Fatura/e-Fatura Araclari/e-Fatura Yukleme/Excele Aktar.feature' was passed

2021-10-14 17:06:40 - [MESSAGE][INFO] - Starting run keyword runFeatureFile: 'Include/features/e-Fatura/e-Fatura Araclari/e-Fatura Yukleme/Excele Aktar.feature' and extract report to folder: 'C:\Users\DELL\Downloads\EES_Katalon-main\Reports\20211014_170112\Suite Repository\e-Fatura\20211014_170113/cucumber_report/1634220400566'...

2021-10-14 17:06:40 - [MESSAGE][INFO] - Glue: []

2021-10-14 17:06:41 - [MESSAGE][INFO] - Checking called Test Case

2021-10-14 17:06:41 - [MESSAGE][INFO] - Starting to call Test Case 'Test Cases/Sayfalar/Giris_Sayfasi/Login'

2021-10-14 17:06:41 - [TEST_CASE][PASSED] - Test Cases/Sayfalar/Giris_Sayfasi/Login: Test Cases/Sayfalar/Giris_Sayfasi/Login

2021-10-14 17:06:41 - [TEST_STEP][PASSED] - Sayfa_Basligi = getWindowTitle(): Current window's title is: 'LOGO e-Fatura'

2021-10-14 17:06:41 - [MESSAGE][INFO] - Getting current window's title

2021-10-14 17:06:41 - [MESSAGE][PASSED] - Current window's title is: 'LOGO e-Fatura'

2021-10-14 17:06:41 - [TEST_STEP][PASSED] - verifyMatch(Sayfa_Basligi, "LOGO e-Fatura", false): Actual text 'LOGO e-Fatura' and expected text 'LOGO e-Fatura' are matched 

2021-10-14 17:06:41 - [MESSAGE][INFO] - Matching actual text 'LOGO e-Fatura' with expected text 'LOGO e-Fatura'

2021-10-14 17:06:41 - [MESSAGE][PASSED] - Actual text 'LOGO e-Fatura' and expected text 'LOGO e-Fatura' are matched 

2021-10-14 17:06:41 - [TEST_STEP][PASSED] - sendKeys(findTestObject("Sayfalar/Giris_Sayfasi/Firma_Kodu"), KullaniciAdi): Keys 'ELOGO6' sent to object: 'Object Repository/Sayfalar/Giris_Sayfasi/Firma_Kodu'

2021-10-14 17:06:41 - [MESSAGE][INFO] - Finding Test Object 'Object Repository/Sayfalar/Giris_Sayfasi/Firma_Kodu'

2021-10-14 17:06:41 - [MESSAGE][INFO] - Sending keys 'ELOGO6' to object: 'Object Repository/Sayfalar/Giris_Sayfasi/Firma_Kodu'

2021-10-14 17:06:41 - [MESSAGE][INFO] - Finding web element from Test Object's properties

2021-10-14 17:06:41 - [MESSAGE][INFO] - Checking timeout

2021-10-14 17:06:41 - [MESSAGE][INFO] - Finding web element with id: 'Object Repository/Sayfalar/Giris_Sayfasi/Firma_Kodu' located by 'By.xpath: //*[@id = 'AccountName']' in '30' second(s)

2021-10-14 17:06:41 - [MESSAGE][INFO] - Smart Wait Function is triggered

2021-10-14 17:06:41 - [MESSAGE][INFO] - Found 1 web elements with id: 'Object Repository/Sayfalar/Giris_Sayfasi/Firma_Kodu' located by 'By.xpath: //*[@id = 'AccountName']' in '30' second(s)

2021-10-14 17:06:41 - [MESSAGE][PASSED] - Keys 'ELOGO6' sent to object: 'Object Repository/Sayfalar/Giris_Sayfasi/Firma_Kodu'

2021-10-14 17:06:41 - [TEST_STEP][PASSED] - sendKeys(findTestObject("Sayfalar/Giris_Sayfasi/Sifre"), Sifre): Keys '123456' sent to object: 'Object Repository/Sayfalar/Giris_Sayfasi/Sifre'

2021-10-14 17:06:41 - [MESSAGE][INFO] - Finding Test Object 'Object Repository/Sayfalar/Giris_Sayfasi/Sifre'

2021-10-14 17:06:42 - [MESSAGE][INFO] - Sending keys '123456' to object: 'Object Repository/Sayfalar/Giris_Sayfasi/Sifre'

2021-10-14 17:06:42 - [MESSAGE][INFO] - Finding web element from Test Object's properties

2021-10-14 17:06:42 - [MESSAGE][INFO] - Checking timeout

2021-10-14 17:06:42 - [MESSAGE][INFO] - Finding web element with id: 'Object Repository/Sayfalar/Giris_Sayfasi/Sifre' located by 'By.xpath: //*[@id = 'Password']' in '30' second(s)

2021-10-14 17:06:42 - [MESSAGE][INFO] - Smart Wait Function is triggered

2021-10-14 17:06:42 - [MESSAGE][INFO] - Found 1 web elements with id: 'Object Repository/Sayfalar/Giris_Sayfasi/Sifre' located by 'By.xpath: //*[@id = 'Password']' in '30' second(s)

2021-10-14 17:06:42 - [MESSAGE][PASSED] - Keys '123456' sent to object: 'Object Repository/Sayfalar/Giris_Sayfasi/Sifre'

2021-10-14 17:06:42 - [TEST_STEP][PASSED] - findWebElement(findTestObject("Sayfalar/Giris_Sayfasi/Giris_Butonu")).click(): Found 1 web elements with id: 'Object Repository/Sayfalar/Giris_Sayfasi/Giris_Butonu' located by 'By.cssSelector: #btnLogin' in '30' second(s)

2021-10-14 17:06:42 - [MESSAGE][INFO] - Finding Test Object 'Object Repository/Sayfalar/Giris_Sayfasi/Giris_Butonu'

2021-10-14 17:06:42 - [MESSAGE][INFO] - Finding web element from Test Object's properties

2021-10-14 17:06:42 - [MESSAGE][INFO] - Checking timeout

2021-10-14 17:06:42 - [MESSAGE][INFO] - Finding web element with id: 'Object Repository/Sayfalar/Giris_Sayfasi/Giris_Butonu' located by 'By.cssSelector: #btnLogin' in '30' second(s)

2021-10-14 17:06:42 - [MESSAGE][INFO] - Smart Wait Function is triggered

2021-10-14 17:06:42 - [MESSAGE][INFO] - Found 1 web elements with id: 'Object Repository/Sayfalar/Giris_Sayfasi/Giris_Butonu' located by 'By.cssSelector: #btnLogin' in '30' second(s)

2021-10-14 17:06:45 - [TEST_STEP][PASSED] - if (verifyElementPresent(findTestObject("Object Repository/Sayfalar/Giris_Sayfasi/RetveTamam_Butonu"), 5, OPTIONAL)): null

2021-10-14 17:06:45 - [MESSAGE][INFO] - Finding Test Object 'Object Repository/Sayfalar/Giris_Sayfasi/RetveTamam_Butonu'

2021-10-14 17:06:45 - [MESSAGE][INFO] - Checking object

2021-10-14 17:06:45 - [MESSAGE][INFO] - Finding web element from Test Object's properties

2021-10-14 17:06:45 - [MESSAGE][INFO] - Checking timeout

2021-10-14 17:06:45 - [MESSAGE][INFO] - Finding web element with id: 'Object Repository/Sayfalar/Giris_Sayfasi/RetveTamam_Butonu' located by 'By.xpath: //*[@class = 'btn btn-default']' in '5' second(s)

2021-10-14 17:06:45 - [MESSAGE][INFO] - Smart Wait Function is triggered

2021-10-14 17:06:45 - [MESSAGE][INFO] - Found 1 web elements with id: 'Object Repository/Sayfalar/Giris_Sayfasi/RetveTamam_Butonu' located by 'By.xpath: //*[@class = 'btn btn-default']' in '5' second(s)

2021-10-14 17:06:45 - [MESSAGE][PASSED] - Object 'Object Repository/Sayfalar/Giris_Sayfasi/RetveTamam_Butonu' is present

2021-10-14 17:06:45 - [TEST_STEP][PASSED] - click(findTestObject("Object Repository/Sayfalar/Giris_Sayfasi/RetveTamam_Butonu")): Object: 'Object Repository/Sayfalar/Giris_Sayfasi/RetveTamam_Butonu' is clicked on

2021-10-14 17:06:45 - [MESSAGE][INFO] - Finding Test Object 'Object Repository/Sayfalar/Giris_Sayfasi/RetveTamam_Butonu'

2021-10-14 17:06:45 - [MESSAGE][INFO] - Checking object

2021-10-14 17:06:45 - [MESSAGE][INFO] - Finding web element from Test Object's properties

2021-10-14 17:06:45 - [MESSAGE][INFO] - Checking timeout

2021-10-14 17:06:45 - [MESSAGE][INFO] - Finding web element with id: 'Object Repository/Sayfalar/Giris_Sayfasi/RetveTamam_Butonu' located by 'By.xpath: //*[@class = 'btn btn-default']' in '30' second(s)

2021-10-14 17:06:45 - [MESSAGE][INFO] - Smart Wait Function is triggered

2021-10-14 17:06:46 - [MESSAGE][INFO] - Found 1 web elements with id: 'Object Repository/Sayfalar/Giris_Sayfasi/RetveTamam_Butonu' located by 'By.xpath: //*[@class = 'btn btn-default']' in '30' second(s)

2021-10-14 17:06:46 - [MESSAGE][INFO] - Clicking on object: 'Object Repository/Sayfalar/Giris_Sayfasi/RetveTamam_Butonu'

2021-10-14 17:06:46 - [MESSAGE][PASSED] - Object: 'Object Repository/Sayfalar/Giris_Sayfasi/RetveTamam_Butonu' is clicked on

2021-10-14 17:06:46 - [TEST_STEP][PASSED] - click(findTestObject("Object Repository/Sayfalar/Giris_Sayfasi/RetveTamam_Butonu")): Object: 'Object Repository/Sayfalar/Giris_Sayfasi/RetveTamam_Butonu' is clicked on

2021-10-14 17:06:46 - [MESSAGE][INFO] - Finding Test Object 'Object Repository/Sayfalar/Giris_Sayfasi/RetveTamam_Butonu'

2021-10-14 17:06:46 - [MESSAGE][INFO] - Checking object

2021-10-14 17:06:46 - [MESSAGE][INFO] - Finding web element from Test Object's properties

2021-10-14 17:06:46 - [MESSAGE][INFO] - Checking timeout

2021-10-14 17:06:46 - [MESSAGE][INFO] - Finding web element with id: 'Object Repository/Sayfalar/Giris_Sayfasi/RetveTamam_Butonu' located by 'By.xpath: //*[@class = 'btn btn-default']' in '30' second(s)

2021-10-14 17:06:46 - [MESSAGE][INFO] - Smart Wait Function is triggered

2021-10-14 17:06:49 - [MESSAGE][INFO] - Found 1 web elements with id: 'Object Repository/Sayfalar/Giris_Sayfasi/RetveTamam_Butonu' located by 'By.xpath: //*[@class = 'btn btn-default']' in '30' second(s)

2021-10-14 17:06:49 - [MESSAGE][INFO] - Clicking on object: 'Object Repository/Sayfalar/Giris_Sayfasi/RetveTamam_Butonu'

2021-10-14 17:06:49 - [MESSAGE][PASSED] - Object: 'Object Repository/Sayfalar/Giris_Sayfasi/RetveTamam_Butonu' is clicked on

2021-10-14 17:06:49 - [TEST_STEP][PASSED] - if (verifyElementPresent(findTestObject("Sayfalar/Giris_Sayfasi/PopupOK"), 5, OPTIONAL)): null

2021-10-14 17:06:49 - [MESSAGE][INFO] - Finding Test Object 'Object Repository/Sayfalar/Giris_Sayfasi/PopupOK'

2021-10-14 17:06:49 - [MESSAGE][INFO] - Checking object

2021-10-14 17:06:49 - [MESSAGE][INFO] - Finding web element from Test Object's properties

2021-10-14 17:06:49 - [MESSAGE][INFO] - Checking timeout

2021-10-14 17:06:49 - [MESSAGE][INFO] - Finding web element with id: 'Object Repository/Sayfalar/Giris_Sayfasi/PopupOK' located by 'By.cssSelector: .btn.btn-success' in '5' second(s)

2021-10-14 17:06:49 - [MESSAGE][INFO] - Smart Wait Function is triggered

2021-10-14 17:06:50 - [MESSAGE][INFO] - Found 1 web elements with id: 'Object Repository/Sayfalar/Giris_Sayfasi/PopupOK' located by 'By.cssSelector: .btn.btn-success' in '5' second(s)

2021-10-14 17:06:50 - [MESSAGE][PASSED] - Object 'Object Repository/Sayfalar/Giris_Sayfasi/PopupOK' is present

2021-10-14 17:06:50 - [TEST_STEP][PASSED] - click(findTestObject("Object Repository/Sayfalar/Giris_Sayfasi/PopupCarpiGiris")): Object: 'Object Repository/Sayfalar/Giris_Sayfasi/PopupCarpiGiris' is clicked on

2021-10-14 17:06:50 - [MESSAGE][INFO] - Finding Test Object 'Object Repository/Sayfalar/Giris_Sayfasi/PopupCarpiGiris'

2021-10-14 17:06:50 - [MESSAGE][INFO] - Checking object

2021-10-14 17:06:50 - [MESSAGE][INFO] - Finding web element from Test Object's properties

2021-10-14 17:06:50 - [MESSAGE][INFO] - Checking timeout

2021-10-14 17:06:50 - [MESSAGE][INFO] - Finding web element with id: 'Object Repository/Sayfalar/Giris_Sayfasi/PopupCarpiGiris' located by 'By.cssSelector: .bootbox-close-button.close' in '30' second(s)

2021-10-14 17:06:50 - [MESSAGE][INFO] - Smart Wait Function is triggered

2021-10-14 17:06:50 - [MESSAGE][INFO] - Found 1 web elements with id: 'Object Repository/Sayfalar/Giris_Sayfasi/PopupCarpiGiris' located by 'By.cssSelector: .bootbox-close-button.close' in '30' second(s)

2021-10-14 17:06:50 - [MESSAGE][INFO] - Clicking on object: 'Object Repository/Sayfalar/Giris_Sayfasi/PopupCarpiGiris'

2021-10-14 17:06:50 - [MESSAGE][PASSED] - Object: 'Object Repository/Sayfalar/Giris_Sayfasi/PopupCarpiGiris' is clicked on

2021-10-14 17:06:50 - [TEST_STEP][PASSED] - verifyElementVisible(findTestObject("Object Repository/Kullanici_Islemleri/KullaniciIslemleri")): Object 'Object Repository/Kullanici_Islemleri/KullaniciIslemleri' is visible

2021-10-14 17:06:50 - [MESSAGE][INFO] - Finding Test Object 'Object Repository/Kullanici_Islemleri/KullaniciIslemleri'

2021-10-14 17:06:50 - [MESSAGE][INFO] - Checking object

2021-10-14 17:06:50 - [MESSAGE][INFO] - Finding web element from Test Object's properties

2021-10-14 17:06:50 - [MESSAGE][INFO] - Checking timeout

2021-10-14 17:06:50 - [MESSAGE][INFO] - Finding web element with id: 'Object Repository/Kullanici_Islemleri/KullaniciIslemleri' located by 'By.cssSelector: .dropdown>a>img' in '30' second(s)

2021-10-14 17:06:50 - [MESSAGE][INFO] - Smart Wait Function is triggered

2021-10-14 17:06:51 - [MESSAGE][INFO] - Found 1 web elements with id: 'Object Repository/Kullanici_Islemleri/KullaniciIslemleri' located by 'By.cssSelector: .dropdown>a>img' in '30' second(s)

2021-10-14 17:06:51 - [MESSAGE][PASSED] - Object 'Object Repository/Kullanici_Islemleri/KullaniciIslemleri' is visible

2021-10-14 17:06:51 - [MESSAGE][PASSED] - Call Test Case 'Test Cases/Sayfalar/Giris_Sayfasi/Login' successfully

2021-10-14 17:06:51 - [MESSAGE][INFO] - Checking called Test Case

2021-10-14 17:06:51 - [MESSAGE][INFO] - Starting to call Test Case 'Test Cases/Menu/AnaMenuSecimi'

2021-10-14 17:06:51 - [TEST_CASE][PASSED] - Test Cases/Menu/AnaMenuSecimi: Test Cases/Menu/AnaMenuSecimi

2021-10-14 17:06:51 - [TEST_STEP][PASSED] - Method.TextDegerineEsitElementeTikla(findTestObject("Menu/Ana_Menu"), Ana_Menu): Method.TextDegerineEsitElementeTikla is PASSED

2021-10-14 17:06:51 - [MESSAGE][INFO] - Finding Test Object 'Object Repository/Menu/Ana_Menu'

2021-10-14 17:06:51 - [MESSAGE][INFO] - Checking timeout

2021-10-14 17:06:51 - [MESSAGE][INFO] - Finding web element with id: 'Object Repository/Menu/Ana_Menu' located by 'By.xpath: //*[@class = 'dropdown-toggle']' in '10' second(s)

2021-10-14 17:06:51 - [MESSAGE][INFO] - Smart Wait Function is triggered

2021-10-14 17:06:52 - [MESSAGE][INFO] - Found 14 web elements with id: 'Object Repository/Menu/Ana_Menu' located by 'By.xpath: //*[@class = 'dropdown-toggle']' in '10' second(s)

2021-10-14 17:06:52 - [MESSAGE][PASSED] - Method.TextDegerineEsitElementeTikla is PASSED

2021-10-14 17:06:52 - [MESSAGE][PASSED] - Call Test Case 'Test Cases/Menu/AnaMenuSecimi' successfully

2021-10-14 17:06:52 - [MESSAGE][INFO] - Checking called Test Case

2021-10-14 17:06:52 - [MESSAGE][INFO] - Starting to call Test Case 'Test Cases/Menu/BasligaGoreAltMenuSecimi'

2021-10-14 17:06:52 - [TEST_CASE][PASSED] - Test Cases/Menu/BasligaGoreAltMenuSecimi: Test Cases/Menu/BasligaGoreAltMenuSecimi

2021-10-14 17:06:52 - [TEST_STEP][PASSED] - Method.TextDegerineEsitElementinAltindakiTextDegerineEsitOlanaTikla(findTestObject("Menu/Menu_Basligi"), findTestObject("Menu/Basliga_Gore_Alt_Menu"), Baslik, Alt_Menu): Method.TextDegerineEsitElementinAltindakiTextDegerineEsitOlanaTikla is PASSED

2021-10-14 17:06:52 - [MESSAGE][INFO] - Finding Test Object 'Object Repository/Menu/Menu_Basligi'

2021-10-14 17:06:52 - [MESSAGE][INFO] - Finding Test Object 'Object Repository/Menu/Basliga_Gore_Alt_Menu'

2021-10-14 17:06:52 - [MESSAGE][INFO] - Checking timeout

2021-10-14 17:06:52 - [MESSAGE][INFO] - Finding web element with id: 'Object Repository/Menu/Menu_Basligi' located by 'By.xpath: //li[@class='dropdown dropdown-large open']//li[@class='dropdown-header']' in '10' second(s)

2021-10-14 17:06:52 - [MESSAGE][INFO] - Smart Wait Function is triggered

2021-10-14 17:06:52 - [MESSAGE][INFO] - Found 3 web elements with id: 'Object Repository/Menu/Menu_Basligi' located by 'By.xpath: //li[@class='dropdown dropdown-large open']//li[@class='dropdown-header']' in '10' second(s)

2021-10-14 17:06:52 - [MESSAGE][INFO] - Smart Wait Function is triggered

2021-10-14 17:06:53 - [MESSAGE][PASSED] - Method.TextDegerineEsitElementinAltindakiTextDegerineEsitOlanaTikla is PASSED

2021-10-14 17:06:53 - [MESSAGE][PASSED] - Call Test Case 'Test Cases/Menu/BasligaGoreAltMenuSecimi' successfully

2021-10-14 17:06:53 - [MESSAGE][INFO] - Checking called Test Case

2021-10-14 17:06:53 - [MESSAGE][INFO] - Starting to call Test Case 'Test Cases/Tablo/TablodaVeriVarMi'

2021-10-14 17:06:53 - [TEST_CASE][PASSED] - Test Cases/Tablo/TablodaVeriVarMi: Test Cases/Tablo/TablodaVeriVarMi

2021-10-14 17:06:53 - [TEST_STEP][PASSED] - verifyTextNotPresent("Görüntülenecek veri yok", true): Text 'Görüntülenecek veri yok' is not present on page using regular expression

2021-10-14 17:06:53 - [MESSAGE][INFO] - Checking text present  using regular expression

2021-10-14 17:06:53 - [MESSAGE][INFO] - Smart Wait Function is triggered

2021-10-14 17:06:54 - [MESSAGE][INFO] - Finding text 'Görüntülenecek veri yok' on page  using regular expression

2021-10-14 17:06:54 - [MESSAGE][PASSED] - Text 'Görüntülenecek veri yok' is not present on page using regular expression

2021-10-14 17:06:54 - [MESSAGE][PASSED] - Call Test Case 'Test Cases/Tablo/TablodaVeriVarMi' successfully

2021-10-14 17:06:54 - [MESSAGE][INFO] - Checking called Test Case

2021-10-14 17:06:54 - [MESSAGE][INFO] - Starting to call Test Case 'Test Cases/Tablo/TablodanVeriSec'

2021-10-14 17:06:54 - [TEST_CASE][PASSED] - Test Cases/Tablo/TablodanVeriSec: Test Cases/Tablo/TablodanVeriSec

2021-10-14 17:06:54 - [TEST_STEP][PASSED] - Method.TextDegerineEsitElementinAltindakineTikla(findTestObject("Tablo/Veriler"), findTestObject("Tablo/VerininCheckBoxi"), Veri_Adi): Method.TextDegerineEsitElementinAltindakineTikla is PASSED

2021-10-14 17:06:54 - [MESSAGE][INFO] - Finding Test Object 'Object Repository/Tablo/Veriler'

2021-10-14 17:06:54 - [MESSAGE][INFO] - Finding Test Object 'Object Repository/Tablo/VerininCheckBoxi'

2021-10-14 17:06:54 - [MESSAGE][INFO] - Checking timeout

2021-10-14 17:06:54 - [MESSAGE][INFO] - Finding web element with id: 'Object Repository/Tablo/Veriler' located by 'By.cssSelector: td.dxgv b ,td.dxgv' in '10' second(s)

2021-10-14 17:06:54 - [MESSAGE][INFO] - Smart Wait Function is triggered

2021-10-14 17:06:54 - [MESSAGE][INFO] - Found 36 web elements with id: 'Object Repository/Tablo/Veriler' located by 'By.cssSelector: td.dxgv b ,td.dxgv' in '10' second(s)

2021-10-14 17:06:54 - [MESSAGE][INFO] - Smart Wait Function is triggered

2021-10-14 17:06:55 - [MESSAGE][PASSED] - Method.TextDegerineEsitElementinAltindakineTikla is PASSED

2021-10-14 17:06:55 - [MESSAGE][PASSED] - Call Test Case 'Test Cases/Tablo/TablodanVeriSec' successfully

2021-10-14 17:06:55 - [MESSAGE][INFO] - Checking called Test Case

2021-10-14 17:06:55 - [MESSAGE][INFO] - Starting to call Test Case 'Test Cases/Butonlar/ButonaTikla'

2021-10-14 17:06:55 - [TEST_CASE][PASSED] - Test Cases/Butonlar/ButonaTikla: Test Cases/Butonlar/ButonaTikla

2021-10-14 17:06:55 - [TEST_STEP][PASSED] - Method.TextDegerineEsitElementeTiklaEquals(findTestObject("Butonlar/Butonlar"), Buton_Adi): Method.TextDegerineEsitElementeTiklaEquals is PASSED

2021-10-14 17:06:55 - [MESSAGE][INFO] - Finding Test Object 'Object Repository/Butonlar/Butonlar'

2021-10-14 17:06:55 - [MESSAGE][INFO] - Checking timeout

2021-10-14 17:06:55 - [MESSAGE][INFO] - Finding web element with id: 'Object Repository/Butonlar/Butonlar' located by 'By.cssSelector: .panel.panel-default.text-center.footerPanel .btn,.btn.btn-primary.btnControls' in '10' second(s)

2021-10-14 17:06:55 - [MESSAGE][INFO] - Smart Wait Function is triggered

2021-10-14 17:06:55 - [MESSAGE][INFO] - Found 6 web elements with id: 'Object Repository/Butonlar/Butonlar' located by 'By.cssSelector: .panel.panel-default.text-center.footerPanel .btn,.btn.btn-primary.btnControls' in '10' second(s)

2021-10-14 17:06:55 - [MESSAGE][PASSED] - Method.TextDegerineEsitElementeTiklaEquals is PASSED

2021-10-14 17:06:55 - [MESSAGE][PASSED] - Call Test Case 'Test Cases/Butonlar/ButonaTikla' successfully

2021-10-14 17:06:55 - [MESSAGE][INFO] - Checking called Test Case

2021-10-14 17:06:55 - [MESSAGE][INFO] - Starting to call Test Case 'Test Cases/Butonlar/DosyaIndirildiMi'

2021-10-14 17:06:55 - [TEST_CASE][PASSED] - Test Cases/Butonlar/DosyaIndirildiMi: Test Cases/Butonlar/DosyaIndirildiMi

2021-10-14 17:06:55 - [TEST_STEP][PASSED] - Method.isimliDosyaIndirildiMi(DownloadFile, FileName): Method.isimliDosyaIndirildiMi is PASSED

2021-10-14 17:06:55 - [MESSAGE][INFO] - Delaying browser in 3 second(s)

2021-10-14 17:06:58 - [MESSAGE][PASSED] - Delayed 3 second(s)

2021-10-14 17:06:58 - [MESSAGE][PASSED] - Method.isimliDosyaIndirildiMi is PASSED

2021-10-14 17:06:58 - [MESSAGE][PASSED] - Call Test Case 'Test Cases/Butonlar/DosyaIndirildiMi' successfully

2021-10-14 17:06:58 - [MESSAGE][INFO] - Checking called Test Case

2021-10-14 17:06:58 - [MESSAGE][INFO] - Starting to call Test Case 'Test Cases/Kullanici_Islemleri/KullaniciIslemlerindenSecimYapilir'

2021-10-14 17:06:59 - [TEST_CASE][PASSED] - Test Cases/Kullanici_Islemleri/KullaniciIslemlerindenSecimYapilir: Test Cases/Kullanici_Islemleri/KullaniciIslemlerindenSecimYapilir

2021-10-14 17:06:59 - [TEST_STEP][PASSED] - waitForElementClickable(findTestObject("Object Repository/Kullanici_Islemleri/KullaniciIslemleri"), 10): Object 'Object Repository/Kullanici_Islemleri/KullaniciIslemleri' is clickable

2021-10-14 17:06:59 - [MESSAGE][INFO] - Finding Test Object 'Object Repository/Kullanici_Islemleri/KullaniciIslemleri'

2021-10-14 17:06:59 - [MESSAGE][INFO] - Checking object

2021-10-14 17:06:59 - [MESSAGE][INFO] - Checking timeout

2021-10-14 17:06:59 - [MESSAGE][INFO] - Finding web element from Test Object's properties

2021-10-14 17:06:59 - [MESSAGE][INFO] - Checking timeout

2021-10-14 17:06:59 - [MESSAGE][INFO] - Finding web element with id: 'Object Repository/Kullanici_Islemleri/KullaniciIslemleri' located by 'By.cssSelector: .dropdown>a>img' in '10' second(s)

2021-10-14 17:06:59 - [MESSAGE][INFO] - Smart Wait Function is triggered

2021-10-14 17:06:59 - [MESSAGE][INFO] - Found 1 web elements with id: 'Object Repository/Kullanici_Islemleri/KullaniciIslemleri' located by 'By.cssSelector: .dropdown>a>img' in '10' second(s)

2021-10-14 17:06:59 - [MESSAGE][PASSED] - Object 'Object Repository/Kullanici_Islemleri/KullaniciIslemleri' is clickable

2021-10-14 17:06:59 - [TEST_STEP][PASSED] - click(findTestObject("Object Repository/Kullanici_Islemleri/KullaniciIslemleri")): Object: 'Object Repository/Kullanici_Islemleri/KullaniciIslemleri' is clicked on

2021-10-14 17:06:59 - [MESSAGE][INFO] - Finding Test Object 'Object Repository/Kullanici_Islemleri/KullaniciIslemleri'

2021-10-14 17:06:59 - [MESSAGE][INFO] - Checking object

2021-10-14 17:06:59 - [MESSAGE][INFO] - Finding web element from Test Object's properties

2021-10-14 17:06:59 - [MESSAGE][INFO] - Checking timeout

2021-10-14 17:06:59 - [MESSAGE][INFO] - Finding web element with id: 'Object Repository/Kullanici_Islemleri/KullaniciIslemleri' located by 'By.cssSelector: .dropdown>a>img' in '30' second(s)

2021-10-14 17:06:59 - [MESSAGE][INFO] - Smart Wait Function is triggered

2021-10-14 17:06:59 - [MESSAGE][INFO] - Found 1 web elements with id: 'Object Repository/Kullanici_Islemleri/KullaniciIslemleri' located by 'By.cssSelector: .dropdown>a>img' in '30' second(s)

2021-10-14 17:06:59 - [MESSAGE][INFO] - Clicking on object: 'Object Repository/Kullanici_Islemleri/KullaniciIslemleri'

2021-10-14 17:06:59 - [MESSAGE][PASSED] - Object: 'Object Repository/Kullanici_Islemleri/KullaniciIslemleri' is clicked on

2021-10-14 17:06:59 - [TEST_STEP][PASSED] - Method.TextDegerineEsitElementeTikla(findTestObject("Object Repository/Kullanici_Islemleri/Secenekler"), Islem): Method.TextDegerineEsitElementeTikla is PASSED

2021-10-14 17:06:59 - [MESSAGE][INFO] - Finding Test Object 'Object Repository/Kullanici_Islemleri/Secenekler'

2021-10-14 17:06:59 - [MESSAGE][INFO] - Checking timeout

2021-10-14 17:06:59 - [MESSAGE][INFO] - Finding web element with id: 'Object Repository/Kullanici_Islemleri/Secenekler' located by 'By.cssSelector: .nav.navbar-nav.navbar-right li a' in '10' second(s)

2021-10-14 17:06:59 - [MESSAGE][INFO] - Smart Wait Function is triggered

2021-10-14 17:07:00 - [MESSAGE][INFO] - Found 22 web elements with id: 'Object Repository/Kullanici_Islemleri/Secenekler' located by 'By.cssSelector: .nav.navbar-nav.navbar-right li a' in '10' second(s)

2021-10-14 17:07:01 - [MESSAGE][PASSED] - Method.TextDegerineEsitElementeTikla is PASSED

2021-10-14 17:07:01 - [TEST_STEP][PASSED] - verifyElementNotPresent(findTestObject("Object Repository/Kullanici_Islemleri/Secenekler"), 10): Web element with id: 'Object Repository/Kullanici_Islemleri/Secenekler' located by 'By.cssSelector: .nav.navbar-nav.navbar-right li a' is not present after '10' second(s)

2021-10-14 17:07:01 - [MESSAGE][INFO] - Finding Test Object 'Object Repository/Kullanici_Islemleri/Secenekler'

2021-10-14 17:07:02 - [MESSAGE][INFO] - Checking object

2021-10-14 17:07:02 - [MESSAGE][INFO] - Checking timeout

2021-10-14 17:07:02 - [MESSAGE][INFO] - Finding web element with id: 'Object Repository/Kullanici_Islemleri/Secenekler' located by 'By.cssSelector: .nav.navbar-nav.navbar-right li a' in '10' second(s)

2021-10-14 17:07:02 - [MESSAGE][INFO] - Smart Wait Function is triggered

2021-10-14 17:07:02 - [MESSAGE][PASSED] - Web element with id: 'Object Repository/Kullanici_Islemleri/Secenekler' located by 'By.cssSelector: .nav.navbar-nav.navbar-right li a' is not present after '10' second(s)

2021-10-14 17:07:02 - [MESSAGE][PASSED] - Call Test Case 'Test Cases/Kullanici_Islemleri/KullaniciIslemlerindenSecimYapilir' successfully

2021-10-14 17:07:02 - [TEST_CASE][PASSED] - Start Test Case : SCENARIO Excel e-Fatura Olusturma Excel e Aktar: SCENARIO Excel e-Fatura Olusturma Excel e Aktar

2021-10-14 17:07:02 - [TEST_STEP][PASSED] - Kullanıcı adı ELOGO6 ve Şifre 123456 olarak giriş yapılır: Kullanıcı adı ELOGO6 ve Şifre 123456 olarak giriş yapılır

2021-10-14 17:07:02 - [MESSAGE][PASSED] - Kullanıcı adı ELOGO6 ve Şifre 123456 olarak giriş yapılır

2021-10-14 17:07:02 - [TEST_STEP][PASSED] - Ana menüden e-Fatura seçilir: Ana menüden e-Fatura seçilir

2021-10-14 17:07:02 - [MESSAGE][PASSED] - Ana menüden e-Fatura seçilir

2021-10-14 17:07:02 - [TEST_STEP][PASSED] - Alt menü e-Fatura Araçları başlığı altındaki e-Fatura Yükleme seçilir: Alt menü e-Fatura Araçları başlığı altındaki e-Fatura Yükleme seçilir

2021-10-14 17:07:02 - [MESSAGE][PASSED] - Alt menü e-Fatura Araçları başlığı altındaki e-Fatura Yükleme seçilir

2021-10-14 17:07:02 - [TEST_STEP][PASSED] - Tabloda veri var mı kontrol edilir: Tabloda veri var mı kontrol edilir

2021-10-14 17:07:02 - [MESSAGE][PASSED] - Tabloda veri var mı kontrol edilir

2021-10-14 17:07:02 - [TEST_STEP][PASSED] - Tablodan eLogoExcelFatura.xls isimli veri seçilir: Tablodan eLogoExcelFatura.xls isimli veri seçilir

2021-10-14 17:07:02 - [MESSAGE][PASSED] - Tablodan eLogoExcelFatura.xls isimli veri seçilir

2021-10-14 17:07:02 - [TEST_STEP][PASSED] - Butonlardan Örnek Excel Şablonu isimli butona tıklanır: Butonlardan Örnek Excel Şablonu isimli butona tıklanır

2021-10-14 17:07:02 - [MESSAGE][PASSED] - Butonlardan Örnek Excel Şablonu isimli butona tıklanır

2021-10-14 17:07:02 - [TEST_STEP][PASSED] - Ön eki eLogoExcelFatura olan dosya indirildi mi: Ön eki eLogoExcelFatura olan dosya indirildi mi

2021-10-14 17:07:02 - [MESSAGE][PASSED] - Ön eki eLogoExcelFatura olan dosya indirildi mi

2021-10-14 17:07:02 - [TEST_STEP][PASSED] - Kullanıcı işlemlerinden Çıkış seçilir: Kullanıcı işlemlerinden Çıkış seçilir

2021-10-14 17:07:02 - [MESSAGE][PASSED] - Kullanıcı işlemlerinden Çıkış seçilir

2021-10-14 17:07:02 - [MESSAGE][PASSED] - Feature file: 'Include/features/e-Fatura/e-Fatura Araclari/e-Fatura Yukleme/Excele Aktar.feature' was passed

2021-10-14 17:07:02 - [TEST_STEP][PASSED] - Start listener action : sampleAfterTestSuite: Invoke 'com.kms.katalon.core.annotation.AfterTestCase' method: 'Listener.sampleAfterTestSuite(...)' completed.

2021-10-14 17:07:02 - [MESSAGE][INFO] - Starting invoke 'com.kms.katalon.core.annotation.AfterTestCase' method: 'Listener.sampleAfterTestSuite(...)'

2021-10-14 17:07:02 - [TEST_STEP][PASSED] - closeBrowser(): Invoke 'com.kms.katalon.core.annotation.AfterTestCase' method: 'Listener.sampleAfterTestSuite(...)' completed.

2021-10-14 17:07:02 - [MESSAGE][INFO] - Closing browser

2021-10-14 17:07:03 - [MESSAGE][PASSED] - Browser is closed

2021-10-14 17:07:03 - [MESSAGE][INFO] - Invoke 'com.kms.katalon.core.annotation.AfterTestCase' method: 'Listener.sampleAfterTestSuite(...)' completed.]]></system-out>
         <system-err><![CDATA[]]></system-err>
      </testcase>
      <testcase name="Test Cases/Case Repository/e-Fatura/Gelen Kutusu/Faturalar/Departman Ata-Geri Al" time="50.211" classname="Test Cases/Case Repository/e-Fatura/Gelen Kutusu/Faturalar/Departman Ata-Geri Al" status="PASSED">
         <system-out><![CDATA[2021-10-14 17:07:03 - [TEST_CASE][PASSED] - Test Cases/Case Repository/e-Fatura/Gelen Kutusu/Faturalar/Departman Ata-Geri Al: Test Cases/Case Repository/e-Fatura/Gelen Kutusu/Faturalar/Departman Ata-Geri Al

2021-10-14 17:07:03 - [TEST_STEP][PASSED] - Start listener action : sampleBeforeTestSuite: Invoke 'com.kms.katalon.core.annotation.BeforeTestCase' method: 'Listener.sampleBeforeTestSuite(...)' completed.

2021-10-14 17:07:03 - [MESSAGE][INFO] - Starting invoke 'com.kms.katalon.core.annotation.BeforeTestCase' method: 'Listener.sampleBeforeTestSuite(...)'

2021-10-14 17:07:03 - [TEST_STEP][PASSED] - openBrowser(baseUrl): Browser is opened with url: 'https://efatura-stage.elogo.com.tr/'

2021-10-14 17:07:03 - [MESSAGE][INFO] - Opening browser

2021-10-14 17:07:03 - [MESSAGE][INFO] - Starting 'Chrome' driver

2021-10-14 17:07:03 - [MESSAGE][INFO] - User set preference: ['prefs', '{download.default_directory=C:\otomasyondownfiles}']

2021-10-14 17:07:03 - [MESSAGE][INFO] - Action delay is set to 0 milliseconds

2021-10-14 17:07:04 - [MESSAGE][INFO] - Navigating browser to: 'https://efatura-stage.elogo.com.tr/'

2021-10-14 17:07:06 - [MESSAGE][PASSED] - Browser is opened with url: 'https://efatura-stage.elogo.com.tr/'

2021-10-14 17:07:06 - [TEST_STEP][PASSED] - maximizeWindow(): Invoke 'com.kms.katalon.core.annotation.BeforeTestCase' method: 'Listener.sampleBeforeTestSuite(...)' completed.

2021-10-14 17:07:06 - [MESSAGE][INFO] - Maximizing current window

2021-10-14 17:07:07 - [MESSAGE][PASSED] - Current window maximized

2021-10-14 17:07:07 - [MESSAGE][INFO] - Invoke 'com.kms.katalon.core.annotation.BeforeTestCase' method: 'Listener.sampleBeforeTestSuite(...)' completed.

2021-10-14 17:07:08 - [TEST_STEP][PASSED] - runFeatureFile("Include/features/e-Fatura/Gelen Kutusu/Faturalar/Departman Ata-Geri Al.feature"): Feature file: 'Include/features/e-Fatura/Gelen Kutusu/Faturalar/Departman Ata-Geri Al.feature' was passed

2021-10-14 17:07:08 - [MESSAGE][INFO] - Starting run keyword runFeatureFile: 'Include/features/e-Fatura/Gelen Kutusu/Faturalar/Departman Ata-Geri Al.feature' and extract report to folder: 'C:\Users\DELL\Downloads\EES_Katalon-main\Reports\20211014_170112\Suite Repository\e-Fatura\20211014_170113/cucumber_report/1634220428030'...

2021-10-14 17:07:08 - [MESSAGE][INFO] - Glue: []

2021-10-14 17:07:09 - [MESSAGE][INFO] - Checking called Test Case

2021-10-14 17:07:09 - [MESSAGE][INFO] - Starting to call Test Case 'Test Cases/Sayfalar/Giris_Sayfasi/Login'

2021-10-14 17:07:09 - [TEST_CASE][PASSED] - Test Cases/Sayfalar/Giris_Sayfasi/Login: Test Cases/Sayfalar/Giris_Sayfasi/Login

2021-10-14 17:07:09 - [TEST_STEP][PASSED] - Sayfa_Basligi = getWindowTitle(): Current window's title is: 'LOGO e-Fatura'

2021-10-14 17:07:09 - [MESSAGE][INFO] - Getting current window's title

2021-10-14 17:07:09 - [MESSAGE][PASSED] - Current window's title is: 'LOGO e-Fatura'

2021-10-14 17:07:09 - [TEST_STEP][PASSED] - verifyMatch(Sayfa_Basligi, "LOGO e-Fatura", false): Actual text 'LOGO e-Fatura' and expected text 'LOGO e-Fatura' are matched 

2021-10-14 17:07:09 - [MESSAGE][INFO] - Matching actual text 'LOGO e-Fatura' with expected text 'LOGO e-Fatura'

2021-10-14 17:07:09 - [MESSAGE][PASSED] - Actual text 'LOGO e-Fatura' and expected text 'LOGO e-Fatura' are matched 

2021-10-14 17:07:09 - [TEST_STEP][PASSED] - sendKeys(findTestObject("Sayfalar/Giris_Sayfasi/Firma_Kodu"), KullaniciAdi): Keys 'ELOGO6' sent to object: 'Object Repository/Sayfalar/Giris_Sayfasi/Firma_Kodu'

2021-10-14 17:07:09 - [MESSAGE][INFO] - Finding Test Object 'Object Repository/Sayfalar/Giris_Sayfasi/Firma_Kodu'

2021-10-14 17:07:09 - [MESSAGE][INFO] - Sending keys 'ELOGO6' to object: 'Object Repository/Sayfalar/Giris_Sayfasi/Firma_Kodu'

2021-10-14 17:07:09 - [MESSAGE][INFO] - Finding web element from Test Object's properties

2021-10-14 17:07:09 - [MESSAGE][INFO] - Checking timeout

2021-10-14 17:07:09 - [MESSAGE][INFO] - Finding web element with id: 'Object Repository/Sayfalar/Giris_Sayfasi/Firma_Kodu' located by 'By.xpath: //*[@id = 'AccountName']' in '30' second(s)

2021-10-14 17:07:09 - [MESSAGE][INFO] - Smart Wait Function is triggered

2021-10-14 17:07:09 - [MESSAGE][INFO] - Found 1 web elements with id: 'Object Repository/Sayfalar/Giris_Sayfasi/Firma_Kodu' located by 'By.xpath: //*[@id = 'AccountName']' in '30' second(s)

2021-10-14 17:07:09 - [MESSAGE][PASSED] - Keys 'ELOGO6' sent to object: 'Object Repository/Sayfalar/Giris_Sayfasi/Firma_Kodu'

2021-10-14 17:07:09 - [TEST_STEP][PASSED] - sendKeys(findTestObject("Sayfalar/Giris_Sayfasi/Sifre"), Sifre): Keys '123456' sent to object: 'Object Repository/Sayfalar/Giris_Sayfasi/Sifre'

2021-10-14 17:07:09 - [MESSAGE][INFO] - Finding Test Object 'Object Repository/Sayfalar/Giris_Sayfasi/Sifre'

2021-10-14 17:07:10 - [MESSAGE][INFO] - Sending keys '123456' to object: 'Object Repository/Sayfalar/Giris_Sayfasi/Sifre'

2021-10-14 17:07:10 - [MESSAGE][INFO] - Finding web element from Test Object's properties

2021-10-14 17:07:10 - [MESSAGE][INFO] - Checking timeout

2021-10-14 17:07:10 - [MESSAGE][INFO] - Finding web element with id: 'Object Repository/Sayfalar/Giris_Sayfasi/Sifre' located by 'By.xpath: //*[@id = 'Password']' in '30' second(s)

2021-10-14 17:07:10 - [MESSAGE][INFO] - Smart Wait Function is triggered

2021-10-14 17:07:10 - [MESSAGE][INFO] - Found 1 web elements with id: 'Object Repository/Sayfalar/Giris_Sayfasi/Sifre' located by 'By.xpath: //*[@id = 'Password']' in '30' second(s)

2021-10-14 17:07:10 - [MESSAGE][PASSED] - Keys '123456' sent to object: 'Object Repository/Sayfalar/Giris_Sayfasi/Sifre'

2021-10-14 17:07:10 - [TEST_STEP][PASSED] - findWebElement(findTestObject("Sayfalar/Giris_Sayfasi/Giris_Butonu")).click(): Found 1 web elements with id: 'Object Repository/Sayfalar/Giris_Sayfasi/Giris_Butonu' located by 'By.cssSelector: #btnLogin' in '30' second(s)

2021-10-14 17:07:10 - [MESSAGE][INFO] - Finding Test Object 'Object Repository/Sayfalar/Giris_Sayfasi/Giris_Butonu'

2021-10-14 17:07:10 - [MESSAGE][INFO] - Finding web element from Test Object's properties

2021-10-14 17:07:10 - [MESSAGE][INFO] - Checking timeout

2021-10-14 17:07:10 - [MESSAGE][INFO] - Finding web element with id: 'Object Repository/Sayfalar/Giris_Sayfasi/Giris_Butonu' located by 'By.cssSelector: #btnLogin' in '30' second(s)

2021-10-14 17:07:10 - [MESSAGE][INFO] - Smart Wait Function is triggered

2021-10-14 17:07:10 - [MESSAGE][INFO] - Found 1 web elements with id: 'Object Repository/Sayfalar/Giris_Sayfasi/Giris_Butonu' located by 'By.cssSelector: #btnLogin' in '30' second(s)

2021-10-14 17:07:13 - [TEST_STEP][PASSED] - if (verifyElementPresent(findTestObject("Object Repository/Sayfalar/Giris_Sayfasi/RetveTamam_Butonu"), 5, OPTIONAL)): null

2021-10-14 17:07:13 - [MESSAGE][INFO] - Finding Test Object 'Object Repository/Sayfalar/Giris_Sayfasi/RetveTamam_Butonu'

2021-10-14 17:07:13 - [MESSAGE][INFO] - Checking object

2021-10-14 17:07:13 - [MESSAGE][INFO] - Finding web element from Test Object's properties

2021-10-14 17:07:13 - [MESSAGE][INFO] - Checking timeout

2021-10-14 17:07:13 - [MESSAGE][INFO] - Finding web element with id: 'Object Repository/Sayfalar/Giris_Sayfasi/RetveTamam_Butonu' located by 'By.xpath: //*[@class = 'btn btn-default']' in '5' second(s)

2021-10-14 17:07:13 - [MESSAGE][INFO] - Smart Wait Function is triggered

2021-10-14 17:07:13 - [MESSAGE][INFO] - Found 1 web elements with id: 'Object Repository/Sayfalar/Giris_Sayfasi/RetveTamam_Butonu' located by 'By.xpath: //*[@class = 'btn btn-default']' in '5' second(s)

2021-10-14 17:07:13 - [MESSAGE][PASSED] - Object 'Object Repository/Sayfalar/Giris_Sayfasi/RetveTamam_Butonu' is present

2021-10-14 17:07:13 - [TEST_STEP][PASSED] - click(findTestObject("Object Repository/Sayfalar/Giris_Sayfasi/RetveTamam_Butonu")): Object: 'Object Repository/Sayfalar/Giris_Sayfasi/RetveTamam_Butonu' is clicked on

2021-10-14 17:07:13 - [MESSAGE][INFO] - Finding Test Object 'Object Repository/Sayfalar/Giris_Sayfasi/RetveTamam_Butonu'

2021-10-14 17:07:13 - [MESSAGE][INFO] - Checking object

2021-10-14 17:07:13 - [MESSAGE][INFO] - Finding web element from Test Object's properties

2021-10-14 17:07:13 - [MESSAGE][INFO] - Checking timeout

2021-10-14 17:07:13 - [MESSAGE][INFO] - Finding web element with id: 'Object Repository/Sayfalar/Giris_Sayfasi/RetveTamam_Butonu' located by 'By.xpath: //*[@class = 'btn btn-default']' in '30' second(s)

2021-10-14 17:07:13 - [MESSAGE][INFO] - Smart Wait Function is triggered

2021-10-14 17:07:14 - [MESSAGE][INFO] - Found 1 web elements with id: 'Object Repository/Sayfalar/Giris_Sayfasi/RetveTamam_Butonu' located by 'By.xpath: //*[@class = 'btn btn-default']' in '30' second(s)

2021-10-14 17:07:14 - [MESSAGE][INFO] - Clicking on object: 'Object Repository/Sayfalar/Giris_Sayfasi/RetveTamam_Butonu'

2021-10-14 17:07:14 - [MESSAGE][PASSED] - Object: 'Object Repository/Sayfalar/Giris_Sayfasi/RetveTamam_Butonu' is clicked on

2021-10-14 17:07:14 - [TEST_STEP][PASSED] - click(findTestObject("Object Repository/Sayfalar/Giris_Sayfasi/RetveTamam_Butonu")): Object: 'Object Repository/Sayfalar/Giris_Sayfasi/RetveTamam_Butonu' is clicked on

2021-10-14 17:07:14 - [MESSAGE][INFO] - Finding Test Object 'Object Repository/Sayfalar/Giris_Sayfasi/RetveTamam_Butonu'

2021-10-14 17:07:14 - [MESSAGE][INFO] - Checking object

2021-10-14 17:07:14 - [MESSAGE][INFO] - Finding web element from Test Object's properties

2021-10-14 17:07:14 - [MESSAGE][INFO] - Checking timeout

2021-10-14 17:07:14 - [MESSAGE][INFO] - Finding web element with id: 'Object Repository/Sayfalar/Giris_Sayfasi/RetveTamam_Butonu' located by 'By.xpath: //*[@class = 'btn btn-default']' in '30' second(s)

2021-10-14 17:07:14 - [MESSAGE][INFO] - Smart Wait Function is triggered

2021-10-14 17:07:17 - [MESSAGE][INFO] - Found 1 web elements with id: 'Object Repository/Sayfalar/Giris_Sayfasi/RetveTamam_Butonu' located by 'By.xpath: //*[@class = 'btn btn-default']' in '30' second(s)

2021-10-14 17:07:17 - [MESSAGE][INFO] - Clicking on object: 'Object Repository/Sayfalar/Giris_Sayfasi/RetveTamam_Butonu'

2021-10-14 17:07:17 - [MESSAGE][PASSED] - Object: 'Object Repository/Sayfalar/Giris_Sayfasi/RetveTamam_Butonu' is clicked on

2021-10-14 17:07:17 - [TEST_STEP][PASSED] - if (verifyElementPresent(findTestObject("Sayfalar/Giris_Sayfasi/PopupOK"), 5, OPTIONAL)): null

2021-10-14 17:07:17 - [MESSAGE][INFO] - Finding Test Object 'Object Repository/Sayfalar/Giris_Sayfasi/PopupOK'

2021-10-14 17:07:17 - [MESSAGE][INFO] - Checking object

2021-10-14 17:07:17 - [MESSAGE][INFO] - Finding web element from Test Object's properties

2021-10-14 17:07:17 - [MESSAGE][INFO] - Checking timeout

2021-10-14 17:07:17 - [MESSAGE][INFO] - Finding web element with id: 'Object Repository/Sayfalar/Giris_Sayfasi/PopupOK' located by 'By.cssSelector: .btn.btn-success' in '5' second(s)

2021-10-14 17:07:17 - [MESSAGE][INFO] - Smart Wait Function is triggered

2021-10-14 17:07:18 - [MESSAGE][INFO] - Found 1 web elements with id: 'Object Repository/Sayfalar/Giris_Sayfasi/PopupOK' located by 'By.cssSelector: .btn.btn-success' in '5' second(s)

2021-10-14 17:07:18 - [MESSAGE][PASSED] - Object 'Object Repository/Sayfalar/Giris_Sayfasi/PopupOK' is present

2021-10-14 17:07:18 - [TEST_STEP][PASSED] - click(findTestObject("Object Repository/Sayfalar/Giris_Sayfasi/PopupCarpiGiris")): Object: 'Object Repository/Sayfalar/Giris_Sayfasi/PopupCarpiGiris' is clicked on

2021-10-14 17:07:18 - [MESSAGE][INFO] - Finding Test Object 'Object Repository/Sayfalar/Giris_Sayfasi/PopupCarpiGiris'

2021-10-14 17:07:18 - [MESSAGE][INFO] - Checking object

2021-10-14 17:07:18 - [MESSAGE][INFO] - Finding web element from Test Object's properties

2021-10-14 17:07:18 - [MESSAGE][INFO] - Checking timeout

2021-10-14 17:07:18 - [MESSAGE][INFO] - Finding web element with id: 'Object Repository/Sayfalar/Giris_Sayfasi/PopupCarpiGiris' located by 'By.cssSelector: .bootbox-close-button.close' in '30' second(s)

2021-10-14 17:07:18 - [MESSAGE][INFO] - Smart Wait Function is triggered

2021-10-14 17:07:19 - [MESSAGE][INFO] - Found 1 web elements with id: 'Object Repository/Sayfalar/Giris_Sayfasi/PopupCarpiGiris' located by 'By.cssSelector: .bootbox-close-button.close' in '30' second(s)

2021-10-14 17:07:19 - [MESSAGE][INFO] - Clicking on object: 'Object Repository/Sayfalar/Giris_Sayfasi/PopupCarpiGiris'

2021-10-14 17:07:19 - [MESSAGE][PASSED] - Object: 'Object Repository/Sayfalar/Giris_Sayfasi/PopupCarpiGiris' is clicked on

2021-10-14 17:07:19 - [TEST_STEP][PASSED] - verifyElementVisible(findTestObject("Object Repository/Kullanici_Islemleri/KullaniciIslemleri")): Object 'Object Repository/Kullanici_Islemleri/KullaniciIslemleri' is visible

2021-10-14 17:07:19 - [MESSAGE][INFO] - Finding Test Object 'Object Repository/Kullanici_Islemleri/KullaniciIslemleri'

2021-10-14 17:07:19 - [MESSAGE][INFO] - Checking object

2021-10-14 17:07:19 - [MESSAGE][INFO] - Finding web element from Test Object's properties

2021-10-14 17:07:19 - [MESSAGE][INFO] - Checking timeout

2021-10-14 17:07:19 - [MESSAGE][INFO] - Finding web element with id: 'Object Repository/Kullanici_Islemleri/KullaniciIslemleri' located by 'By.cssSelector: .dropdown>a>img' in '30' second(s)

2021-10-14 17:07:19 - [MESSAGE][INFO] - Smart Wait Function is triggered

2021-10-14 17:07:19 - [MESSAGE][INFO] - Found 1 web elements with id: 'Object Repository/Kullanici_Islemleri/KullaniciIslemleri' located by 'By.cssSelector: .dropdown>a>img' in '30' second(s)

2021-10-14 17:07:19 - [MESSAGE][PASSED] - Object 'Object Repository/Kullanici_Islemleri/KullaniciIslemleri' is visible

2021-10-14 17:07:19 - [MESSAGE][PASSED] - Call Test Case 'Test Cases/Sayfalar/Giris_Sayfasi/Login' successfully

2021-10-14 17:07:19 - [MESSAGE][INFO] - Checking called Test Case

2021-10-14 17:07:19 - [MESSAGE][INFO] - Starting to call Test Case 'Test Cases/Menu/AnaMenuSecimi'

2021-10-14 17:07:20 - [TEST_CASE][PASSED] - Test Cases/Menu/AnaMenuSecimi: Test Cases/Menu/AnaMenuSecimi

2021-10-14 17:07:20 - [TEST_STEP][PASSED] - Method.TextDegerineEsitElementeTikla(findTestObject("Menu/Ana_Menu"), Ana_Menu): Method.TextDegerineEsitElementeTikla is PASSED

2021-10-14 17:07:20 - [MESSAGE][INFO] - Finding Test Object 'Object Repository/Menu/Ana_Menu'

2021-10-14 17:07:20 - [MESSAGE][INFO] - Checking timeout

2021-10-14 17:07:20 - [MESSAGE][INFO] - Finding web element with id: 'Object Repository/Menu/Ana_Menu' located by 'By.xpath: //*[@class = 'dropdown-toggle']' in '10' second(s)

2021-10-14 17:07:20 - [MESSAGE][INFO] - Smart Wait Function is triggered

2021-10-14 17:07:20 - [MESSAGE][INFO] - Found 14 web elements with id: 'Object Repository/Menu/Ana_Menu' located by 'By.xpath: //*[@class = 'dropdown-toggle']' in '10' second(s)

2021-10-14 17:07:20 - [MESSAGE][PASSED] - Method.TextDegerineEsitElementeTikla is PASSED

2021-10-14 17:07:20 - [MESSAGE][PASSED] - Call Test Case 'Test Cases/Menu/AnaMenuSecimi' successfully

2021-10-14 17:07:20 - [MESSAGE][INFO] - Checking called Test Case

2021-10-14 17:07:20 - [MESSAGE][INFO] - Starting to call Test Case 'Test Cases/Menu/BasligaGoreAltMenuSecimi'

2021-10-14 17:07:20 - [TEST_CASE][PASSED] - Test Cases/Menu/BasligaGoreAltMenuSecimi: Test Cases/Menu/BasligaGoreAltMenuSecimi

2021-10-14 17:07:20 - [TEST_STEP][PASSED] - Method.TextDegerineEsitElementinAltindakiTextDegerineEsitOlanaTikla(findTestObject("Menu/Menu_Basligi"), findTestObject("Menu/Basliga_Gore_Alt_Menu"), Baslik, Alt_Menu): Method.TextDegerineEsitElementinAltindakiTextDegerineEsitOlanaTikla is PASSED

2021-10-14 17:07:20 - [MESSAGE][INFO] - Finding Test Object 'Object Repository/Menu/Menu_Basligi'

2021-10-14 17:07:20 - [MESSAGE][INFO] - Finding Test Object 'Object Repository/Menu/Basliga_Gore_Alt_Menu'

2021-10-14 17:07:20 - [MESSAGE][INFO] - Checking timeout

2021-10-14 17:07:20 - [MESSAGE][INFO] - Finding web element with id: 'Object Repository/Menu/Menu_Basligi' located by 'By.xpath: //li[@class='dropdown dropdown-large open']//li[@class='dropdown-header']' in '10' second(s)

2021-10-14 17:07:20 - [MESSAGE][INFO] - Smart Wait Function is triggered

2021-10-14 17:07:21 - [MESSAGE][INFO] - Found 3 web elements with id: 'Object Repository/Menu/Menu_Basligi' located by 'By.xpath: //li[@class='dropdown dropdown-large open']//li[@class='dropdown-header']' in '10' second(s)

2021-10-14 17:07:21 - [MESSAGE][INFO] - Smart Wait Function is triggered

2021-10-14 17:07:25 - [MESSAGE][PASSED] - Method.TextDegerineEsitElementinAltindakiTextDegerineEsitOlanaTikla is PASSED

2021-10-14 17:07:25 - [MESSAGE][PASSED] - Call Test Case 'Test Cases/Menu/BasligaGoreAltMenuSecimi' successfully

2021-10-14 17:07:25 - [MESSAGE][INFO] - Checking called Test Case

2021-10-14 17:07:25 - [MESSAGE][INFO] - Starting to call Test Case 'Test Cases/Filtreler/BaslangicYaz'

2021-10-14 17:07:25 - [TEST_CASE][PASSED] - Test Cases/Filtreler/BaslangicYaz: Test Cases/Filtreler/BaslangicYaz

2021-10-14 17:07:26 - [TEST_STEP][PASSED] - Method.TextDegerineEsitElementinAltindakineTikla(findTestObject("Filtreler/Basliklar"), findTestObject("Filtreler/Basliga_Gore_Baslangic_Image"), Filtre_Adi): Method.TextDegerineEsitElementinAltindakineTikla is PASSED

2021-10-14 17:07:26 - [MESSAGE][INFO] - Finding Test Object 'Object Repository/Filtreler/Basliklar'

2021-10-14 17:07:26 - [MESSAGE][INFO] - Finding Test Object 'Object Repository/Filtreler/Basliga_Gore_Baslangic_Image'

2021-10-14 17:07:26 - [MESSAGE][INFO] - Checking timeout

2021-10-14 17:07:26 - [MESSAGE][INFO] - Finding web element with id: 'Object Repository/Filtreler/Basliklar' located by 'By.cssSelector: .control-label.col-sm-4.paddingMarginRLC' in '10' second(s)

2021-10-14 17:07:26 - [MESSAGE][INFO] - Smart Wait Function is triggered

2021-10-14 17:07:26 - [MESSAGE][INFO] - Found 19 web elements with id: 'Object Repository/Filtreler/Basliklar' located by 'By.cssSelector: .control-label.col-sm-4.paddingMarginRLC' in '10' second(s)

2021-10-14 17:07:26 - [MESSAGE][INFO] - Smart Wait Function is triggered

2021-10-14 17:07:26 - [MESSAGE][PASSED] - Method.TextDegerineEsitElementinAltindakineTikla is PASSED

2021-10-14 17:07:26 - [TEST_STEP][PASSED] - Method.TextDegerineEsitElementinAltindakiTextboxtaYaz(findTestObject("Filtreler/Basliklar"), findTestObject("Filtreler/Basliga_Gore_Baslangic"), Filtre_Adi, Filtre_Degeri): Method.TextDegerineEsitElementinAltindakiTextboxtaYaz is PASSED

2021-10-14 17:07:26 - [MESSAGE][INFO] - Finding Test Object 'Object Repository/Filtreler/Basliklar'

2021-10-14 17:07:26 - [MESSAGE][INFO] - Finding Test Object 'Object Repository/Filtreler/Basliga_Gore_Baslangic'

2021-10-14 17:07:27 - [MESSAGE][INFO] - Checking timeout

2021-10-14 17:07:27 - [MESSAGE][INFO] - Finding web element with id: 'Object Repository/Filtreler/Basliklar' located by 'By.cssSelector: .control-label.col-sm-4.paddingMarginRLC' in '10' second(s)

2021-10-14 17:07:27 - [MESSAGE][INFO] - Smart Wait Function is triggered

2021-10-14 17:07:27 - [MESSAGE][INFO] - Found 19 web elements with id: 'Object Repository/Filtreler/Basliklar' located by 'By.cssSelector: .control-label.col-sm-4.paddingMarginRLC' in '10' second(s)

2021-10-14 17:07:27 - [MESSAGE][INFO] - Smart Wait Function is triggered

2021-10-14 17:07:27 - [MESSAGE][PASSED] - Method.TextDegerineEsitElementinAltindakiTextboxtaYaz is PASSED

2021-10-14 17:07:27 - [MESSAGE][PASSED] - Call Test Case 'Test Cases/Filtreler/BaslangicYaz' successfully

2021-10-14 17:07:27 - [MESSAGE][INFO] - Checking called Test Case

2021-10-14 17:07:27 - [MESSAGE][INFO] - Starting to call Test Case 'Test Cases/Filtreler/BitisYaz'

2021-10-14 17:07:27 - [TEST_CASE][PASSED] - Test Cases/Filtreler/BitisYaz: Test Cases/Filtreler/BitisYaz

2021-10-14 17:07:28 - [TEST_STEP][PASSED] - Method.TextDegerineEsitElementinAltindakineTikla(findTestObject("Filtreler/Basliklar"), findTestObject("Filtreler/Basliga_Gore_Bitis_Image"), Filtre_Adi): Method.TextDegerineEsitElementinAltindakineTikla is PASSED

2021-10-14 17:07:28 - [MESSAGE][INFO] - Finding Test Object 'Object Repository/Filtreler/Basliklar'

2021-10-14 17:07:28 - [MESSAGE][INFO] - Finding Test Object 'Object Repository/Filtreler/Basliga_Gore_Bitis_Image'

2021-10-14 17:07:28 - [MESSAGE][INFO] - Checking timeout

2021-10-14 17:07:28 - [MESSAGE][INFO] - Finding web element with id: 'Object Repository/Filtreler/Basliklar' located by 'By.cssSelector: .control-label.col-sm-4.paddingMarginRLC' in '10' second(s)

2021-10-14 17:07:28 - [MESSAGE][INFO] - Smart Wait Function is triggered

2021-10-14 17:07:29 - [MESSAGE][INFO] - Found 19 web elements with id: 'Object Repository/Filtreler/Basliklar' located by 'By.cssSelector: .control-label.col-sm-4.paddingMarginRLC' in '10' second(s)

2021-10-14 17:07:29 - [MESSAGE][INFO] - Smart Wait Function is triggered

2021-10-14 17:07:29 - [MESSAGE][PASSED] - Method.TextDegerineEsitElementinAltindakineTikla is PASSED

2021-10-14 17:07:29 - [TEST_STEP][PASSED] - Method.TextDegerineEsitElementinAltindakiTextboxtaYaz(findTestObject("Filtreler/Basliklar"), findTestObject("Object Repository/Filtreler/Basliga_Gore_Bitis"), Filtre_Adi, Filtre_Degeri): Method.TextDegerineEsitElementinAltindakiTextboxtaYaz is PASSED

2021-10-14 17:07:29 - [MESSAGE][INFO] - Finding Test Object 'Object Repository/Filtreler/Basliklar'

2021-10-14 17:07:29 - [MESSAGE][INFO] - Finding Test Object 'Object Repository/Filtreler/Basliga_Gore_Bitis'

2021-10-14 17:07:29 - [MESSAGE][INFO] - Checking timeout

2021-10-14 17:07:29 - [MESSAGE][INFO] - Finding web element with id: 'Object Repository/Filtreler/Basliklar' located by 'By.cssSelector: .control-label.col-sm-4.paddingMarginRLC' in '10' second(s)

2021-10-14 17:07:29 - [MESSAGE][INFO] - Smart Wait Function is triggered

2021-10-14 17:07:30 - [MESSAGE][INFO] - Found 19 web elements with id: 'Object Repository/Filtreler/Basliklar' located by 'By.cssSelector: .control-label.col-sm-4.paddingMarginRLC' in '10' second(s)

2021-10-14 17:07:30 - [MESSAGE][INFO] - Smart Wait Function is triggered

2021-10-14 17:07:30 - [MESSAGE][PASSED] - Method.TextDegerineEsitElementinAltindakiTextboxtaYaz is PASSED

2021-10-14 17:07:30 - [MESSAGE][PASSED] - Call Test Case 'Test Cases/Filtreler/BitisYaz' successfully

2021-10-14 17:07:30 - [MESSAGE][INFO] - Checking called Test Case

2021-10-14 17:07:30 - [MESSAGE][INFO] - Starting to call Test Case 'Test Cases/Filtreler/ButonaTikla'

2021-10-14 17:07:30 - [TEST_CASE][PASSED] - Test Cases/Filtreler/ButonaTikla: Test Cases/Filtreler/ButonaTikla

2021-10-14 17:07:30 - [TEST_STEP][PASSED] - Method.TextDegerineEsitElementeTikla(findTestObject("Filtreler/Butonlar"), Filtre_Buton): Method.TextDegerineEsitElementeTikla is PASSED

2021-10-14 17:07:30 - [MESSAGE][INFO] - Finding Test Object 'Object Repository/Filtreler/Butonlar'

2021-10-14 17:07:30 - [MESSAGE][INFO] - Checking timeout

2021-10-14 17:07:30 - [MESSAGE][INFO] - Finding web element with id: 'Object Repository/Filtreler/Butonlar' located by 'By.cssSelector: .dxb>span' in '10' second(s)

2021-10-14 17:07:30 - [MESSAGE][INFO] - Smart Wait Function is triggered

2021-10-14 17:07:31 - [MESSAGE][INFO] - Found 3 web elements with id: 'Object Repository/Filtreler/Butonlar' located by 'By.cssSelector: .dxb>span' in '10' second(s)

2021-10-14 17:07:31 - [MESSAGE][PASSED] - Method.TextDegerineEsitElementeTikla is PASSED

2021-10-14 17:07:31 - [MESSAGE][PASSED] - Call Test Case 'Test Cases/Filtreler/ButonaTikla' successfully

2021-10-14 17:07:31 - [MESSAGE][INFO] - Checking called Test Case

2021-10-14 17:07:31 - [MESSAGE][INFO] - Starting to call Test Case 'Test Cases/Tablo/TablodaVeriVarMi'

2021-10-14 17:07:31 - [TEST_CASE][PASSED] - Test Cases/Tablo/TablodaVeriVarMi: Test Cases/Tablo/TablodaVeriVarMi

2021-10-14 17:07:31 - [TEST_STEP][PASSED] - verifyTextNotPresent("Görüntülenecek veri yok", true): Text 'Görüntülenecek veri yok' is not present on page using regular expression

2021-10-14 17:07:31 - [MESSAGE][INFO] - Checking text present  using regular expression

2021-10-14 17:07:31 - [MESSAGE][INFO] - Smart Wait Function is triggered

2021-10-14 17:07:32 - [MESSAGE][INFO] - Finding text 'Görüntülenecek veri yok' on page  using regular expression

2021-10-14 17:07:32 - [MESSAGE][PASSED] - Text 'Görüntülenecek veri yok' is not present on page using regular expression

2021-10-14 17:07:32 - [MESSAGE][PASSED] - Call Test Case 'Test Cases/Tablo/TablodaVeriVarMi' successfully

2021-10-14 17:07:32 - [MESSAGE][INFO] - Checking called Test Case

2021-10-14 17:07:32 - [MESSAGE][INFO] - Starting to call Test Case 'Test Cases/Tablo/TablodanVeriSec'

2021-10-14 17:07:32 - [TEST_CASE][PASSED] - Test Cases/Tablo/TablodanVeriSec: Test Cases/Tablo/TablodanVeriSec

2021-10-14 17:07:32 - [TEST_STEP][PASSED] - Method.TextDegerineEsitElementinAltindakineTikla(findTestObject("Tablo/Veriler"), findTestObject("Tablo/VerininCheckBoxi"), Veri_Adi): Method.TextDegerineEsitElementinAltindakineTikla is PASSED

2021-10-14 17:07:32 - [MESSAGE][INFO] - Finding Test Object 'Object Repository/Tablo/Veriler'

2021-10-14 17:07:32 - [MESSAGE][INFO] - Finding Test Object 'Object Repository/Tablo/VerininCheckBoxi'

2021-10-14 17:07:32 - [MESSAGE][INFO] - Checking timeout

2021-10-14 17:07:32 - [MESSAGE][INFO] - Finding web element with id: 'Object Repository/Tablo/Veriler' located by 'By.cssSelector: td.dxgv b ,td.dxgv' in '10' second(s)

2021-10-14 17:07:32 - [MESSAGE][INFO] - Smart Wait Function is triggered

2021-10-14 17:07:32 - [MESSAGE][INFO] - Found 140 web elements with id: 'Object Repository/Tablo/Veriler' located by 'By.cssSelector: td.dxgv b ,td.dxgv' in '10' second(s)

2021-10-14 17:07:32 - [MESSAGE][INFO] - Smart Wait Function is triggered

2021-10-14 17:07:33 - [MESSAGE][PASSED] - Method.TextDegerineEsitElementinAltindakineTikla is PASSED

2021-10-14 17:07:33 - [MESSAGE][PASSED] - Call Test Case 'Test Cases/Tablo/TablodanVeriSec' successfully

2021-10-14 17:07:33 - [MESSAGE][INFO] - Checking called Test Case

2021-10-14 17:07:33 - [MESSAGE][INFO] - Starting to call Test Case 'Test Cases/Butonlar/ButonaTikla'

2021-10-14 17:07:33 - [TEST_CASE][PASSED] - Test Cases/Butonlar/ButonaTikla: Test Cases/Butonlar/ButonaTikla

2021-10-14 17:07:33 - [TEST_STEP][PASSED] - Method.TextDegerineEsitElementeTiklaEquals(findTestObject("Butonlar/Butonlar"), Buton_Adi): Method.TextDegerineEsitElementeTiklaEquals is PASSED

2021-10-14 17:07:33 - [MESSAGE][INFO] - Finding Test Object 'Object Repository/Butonlar/Butonlar'

2021-10-14 17:07:33 - [MESSAGE][INFO] - Checking timeout

2021-10-14 17:07:33 - [MESSAGE][INFO] - Finding web element with id: 'Object Repository/Butonlar/Butonlar' located by 'By.cssSelector: .panel.panel-default.text-center.footerPanel .btn,.btn.btn-primary.btnControls' in '10' second(s)

2021-10-14 17:07:33 - [MESSAGE][INFO] - Smart Wait Function is triggered

2021-10-14 17:07:33 - [MESSAGE][INFO] - Found 15 web elements with id: 'Object Repository/Butonlar/Butonlar' located by 'By.cssSelector: .panel.panel-default.text-center.footerPanel .btn,.btn.btn-primary.btnControls' in '10' second(s)

2021-10-14 17:07:34 - [MESSAGE][PASSED] - Method.TextDegerineEsitElementeTiklaEquals is PASSED

2021-10-14 17:07:34 - [MESSAGE][PASSED] - Call Test Case 'Test Cases/Butonlar/ButonaTikla' successfully

2021-10-14 17:07:34 - [MESSAGE][INFO] - Checking called Test Case

2021-10-14 17:07:34 - [MESSAGE][INFO] - Starting to call Test Case 'Test Cases/Sekmeler/YeniSekmeyeGec'

2021-10-14 17:07:34 - [TEST_CASE][PASSED] - Test Cases/Sekmeler/YeniSekmeyeGec: Test Cases/Sekmeler/YeniSekmeyeGec

2021-10-14 17:07:34 - [TEST_STEP][PASSED] - switchToWindowIndex(1): Switched to window with index: '1'

2021-10-14 17:07:34 - [MESSAGE][INFO] - Checking index

2021-10-14 17:07:34 - [MESSAGE][INFO] - Switching window with index: '1'

2021-10-14 17:07:34 - [MESSAGE][PASSED] - Switched to window with index: '1'

2021-10-14 17:07:34 - [MESSAGE][PASSED] - Call Test Case 'Test Cases/Sekmeler/YeniSekmeyeGec' successfully

2021-10-14 17:07:34 - [MESSAGE][INFO] - Checking called Test Case

2021-10-14 17:07:34 - [MESSAGE][INFO] - Starting to call Test Case 'Test Cases/Sekmeler/DepartmanCheckboxiSecilir'

2021-10-14 17:07:34 - [TEST_CASE][PASSED] - Test Cases/Sekmeler/DepartmanCheckboxiSecilir: Test Cases/Sekmeler/DepartmanCheckboxiSecilir

2021-10-14 17:07:34 - [TEST_STEP][PASSED] - Method.TextDegerineEsitElementeTikla(findTestObject("Object Repository/Sekmeler/DepartmanCheckboxi"), Departman): Method.TextDegerineEsitElementeTikla is PASSED

2021-10-14 17:07:34 - [MESSAGE][INFO] - Finding Test Object 'Object Repository/Sekmeler/DepartmanCheckboxi'

2021-10-14 17:07:34 - [MESSAGE][INFO] - Checking timeout

2021-10-14 17:07:34 - [MESSAGE][INFO] - Finding web element with id: 'Object Repository/Sekmeler/DepartmanCheckboxi' located by 'By.cssSelector: .dx-wrap' in '10' second(s)

2021-10-14 17:07:34 - [MESSAGE][INFO] - Smart Wait Function is triggered

2021-10-14 17:07:35 - [MESSAGE][INFO] - Found 4 web elements with id: 'Object Repository/Sekmeler/DepartmanCheckboxi' located by 'By.cssSelector: .dx-wrap' in '10' second(s)

2021-10-14 17:07:35 - [MESSAGE][PASSED] - Method.TextDegerineEsitElementeTikla is PASSED

2021-10-14 17:07:35 - [MESSAGE][PASSED] - Call Test Case 'Test Cases/Sekmeler/DepartmanCheckboxiSecilir' successfully

2021-10-14 17:07:35 - [MESSAGE][INFO] - Checking called Test Case

2021-10-14 17:07:35 - [MESSAGE][INFO] - Starting to call Test Case 'Test Cases/Sekmeler/DepartmanKaydedilir'

2021-10-14 17:07:35 - [TEST_CASE][PASSED] - Test Cases/Sekmeler/DepartmanKaydedilir: Test Cases/Sekmeler/DepartmanKaydedilir

2021-10-14 17:07:36 - [TEST_STEP][PASSED] - waitForElementClickable(findTestObject("Object Repository/Sekmeler/DepartmanKaydetButoni"), 10): Object 'Object Repository/Sekmeler/DepartmanKaydetButoni' is clickable

2021-10-14 17:07:36 - [MESSAGE][INFO] - Finding Test Object 'Object Repository/Sekmeler/DepartmanKaydetButoni'

2021-10-14 17:07:36 - [MESSAGE][INFO] - Checking object

2021-10-14 17:07:36 - [MESSAGE][INFO] - Checking timeout

2021-10-14 17:07:36 - [MESSAGE][INFO] - Finding web element from Test Object's properties

2021-10-14 17:07:36 - [MESSAGE][INFO] - Checking timeout

2021-10-14 17:07:36 - [MESSAGE][INFO] - Finding web element with id: 'Object Repository/Sekmeler/DepartmanKaydetButoni' located by 'By.cssSelector: .dx-vam' in '10' second(s)

2021-10-14 17:07:36 - [MESSAGE][INFO] - Smart Wait Function is triggered

2021-10-14 17:07:36 - [MESSAGE][INFO] - Found 1 web elements with id: 'Object Repository/Sekmeler/DepartmanKaydetButoni' located by 'By.cssSelector: .dx-vam' in '10' second(s)

2021-10-14 17:07:36 - [MESSAGE][PASSED] - Object 'Object Repository/Sekmeler/DepartmanKaydetButoni' is clickable

2021-10-14 17:07:36 - [TEST_STEP][PASSED] - click(findTestObject("Object Repository/Sekmeler/DepartmanKaydetButoni")): Object: 'Object Repository/Sekmeler/DepartmanKaydetButoni' is clicked on

2021-10-14 17:07:36 - [MESSAGE][INFO] - Finding Test Object 'Object Repository/Sekmeler/DepartmanKaydetButoni'

2021-10-14 17:07:36 - [MESSAGE][INFO] - Checking object

2021-10-14 17:07:36 - [MESSAGE][INFO] - Finding web element from Test Object's properties

2021-10-14 17:07:36 - [MESSAGE][INFO] - Checking timeout

2021-10-14 17:07:36 - [MESSAGE][INFO] - Finding web element with id: 'Object Repository/Sekmeler/DepartmanKaydetButoni' located by 'By.cssSelector: .dx-vam' in '30' second(s)

2021-10-14 17:07:36 - [MESSAGE][INFO] - Smart Wait Function is triggered

2021-10-14 17:07:37 - [MESSAGE][INFO] - Found 1 web elements with id: 'Object Repository/Sekmeler/DepartmanKaydetButoni' located by 'By.cssSelector: .dx-vam' in '30' second(s)

2021-10-14 17:07:37 - [MESSAGE][INFO] - Clicking on object: 'Object Repository/Sekmeler/DepartmanKaydetButoni'

2021-10-14 17:07:37 - [MESSAGE][PASSED] - Object: 'Object Repository/Sekmeler/DepartmanKaydetButoni' is clicked on

2021-10-14 17:07:37 - [MESSAGE][PASSED] - Call Test Case 'Test Cases/Sekmeler/DepartmanKaydedilir' successfully

2021-10-14 17:07:37 - [MESSAGE][INFO] - Checking called Test Case

2021-10-14 17:07:37 - [MESSAGE][INFO] - Starting to call Test Case 'Test Cases/Popup/PopupMesajiIceriyorMu'

2021-10-14 17:07:37 - [TEST_CASE][PASSED] - Test Cases/Popup/PopupMesajiIceriyorMu: Test Cases/Popup/PopupMesajiIceriyorMu

2021-10-14 17:07:37 - [TEST_STEP][PASSED] - waitForElementVisible(findTestObject("Popup/Popup"), 10): Object 'Object Repository/Popup/Popup' is visible

2021-10-14 17:07:37 - [MESSAGE][INFO] - Finding Test Object 'Object Repository/Popup/Popup'

2021-10-14 17:07:37 - [MESSAGE][INFO] - Checking object

2021-10-14 17:07:37 - [MESSAGE][INFO] - Checking timeout

2021-10-14 17:07:37 - [MESSAGE][INFO] - Finding web element from Test Object's properties

2021-10-14 17:07:37 - [MESSAGE][INFO] - Checking timeout

2021-10-14 17:07:37 - [MESSAGE][INFO] - Finding web element with id: 'Object Repository/Popup/Popup' located by 'By.cssSelector: .bootbox-body' in '10' second(s)

2021-10-14 17:07:37 - [MESSAGE][INFO] - Smart Wait Function is triggered

2021-10-14 17:07:38 - [MESSAGE][INFO] - Found 1 web elements with id: 'Object Repository/Popup/Popup' located by 'By.cssSelector: .bootbox-body' in '10' second(s)

2021-10-14 17:07:38 - [MESSAGE][PASSED] - Object 'Object Repository/Popup/Popup' is visible

2021-10-14 17:07:38 - [TEST_STEP][PASSED] - if (!(getText(findTestObject("Popup/Popup")).contains(Mesaj))): Text of object 'Object Repository/Popup/Popup' is: 'Seçilen belgeler ilgili departmanlara aktarılmıştır.'

2021-10-14 17:07:38 - [MESSAGE][INFO] - Finding Test Object 'Object Repository/Popup/Popup'

2021-10-14 17:07:38 - [MESSAGE][INFO] - Checking object

2021-10-14 17:07:38 - [MESSAGE][INFO] - Finding web element from Test Object's properties

2021-10-14 17:07:38 - [MESSAGE][INFO] - Checking timeout

2021-10-14 17:07:38 - [MESSAGE][INFO] - Finding web element with id: 'Object Repository/Popup/Popup' located by 'By.cssSelector: .bootbox-body' in '30' second(s)

2021-10-14 17:07:38 - [MESSAGE][INFO] - Smart Wait Function is triggered

2021-10-14 17:07:38 - [MESSAGE][INFO] - Found 1 web elements with id: 'Object Repository/Popup/Popup' located by 'By.cssSelector: .bootbox-body' in '30' second(s)

2021-10-14 17:07:38 - [MESSAGE][INFO] - Getting text of object 'Object Repository/Popup/Popup'

2021-10-14 17:07:38 - [MESSAGE][PASSED] - Text of object 'Object Repository/Popup/Popup' is: 'Seçilen belgeler ilgili departmanlara aktarılmıştır.'

2021-10-14 17:07:38 - [TEST_STEP][PASSED] - RaporNo = getText(findTestObject("Popup/Popup")).substring(0, 6): Text of object 'Object Repository/Popup/Popup' is: 'Seçilen belgeler ilgili departmanlara aktarılmıştır.'

2021-10-14 17:07:38 - [MESSAGE][INFO] - Finding Test Object 'Object Repository/Popup/Popup'

2021-10-14 17:07:38 - [MESSAGE][INFO] - Checking object

2021-10-14 17:07:38 - [MESSAGE][INFO] - Finding web element from Test Object's properties

2021-10-14 17:07:38 - [MESSAGE][INFO] - Checking timeout

2021-10-14 17:07:38 - [MESSAGE][INFO] - Finding web element with id: 'Object Repository/Popup/Popup' located by 'By.cssSelector: .bootbox-body' in '30' second(s)

2021-10-14 17:07:38 - [MESSAGE][INFO] - Smart Wait Function is triggered

2021-10-14 17:07:38 - [MESSAGE][INFO] - Found 1 web elements with id: 'Object Repository/Popup/Popup' located by 'By.cssSelector: .bootbox-body' in '30' second(s)

2021-10-14 17:07:38 - [MESSAGE][INFO] - Getting text of object 'Object Repository/Popup/Popup'

2021-10-14 17:07:38 - [MESSAGE][PASSED] - Text of object 'Object Repository/Popup/Popup' is: 'Seçilen belgeler ilgili departmanlara aktarılmıştır.'

2021-10-14 17:07:38 - [TEST_STEP][PASSED] - Console.println(RaporNo): null

2021-10-14 17:07:38 - [MESSAGE][PASSED] - Call Test Case 'Test Cases/Popup/PopupMesajiIceriyorMu' successfully

2021-10-14 17:07:38 - [MESSAGE][INFO] - Checking called Test Case

2021-10-14 17:07:38 - [MESSAGE][INFO] - Starting to call Test Case 'Test Cases/Popup/PopupButonSecilir'

2021-10-14 17:07:39 - [TEST_CASE][PASSED] - Test Cases/Popup/PopupButonSecilir: Test Cases/Popup/PopupButonSecilir

2021-10-14 17:07:39 - [TEST_STEP][PASSED] - Method.TextDegerineEsitElementeTikla(findTestObject("Popup/Popup_Butons"), Buton): Method.TextDegerineEsitElementeTikla is PASSED

2021-10-14 17:07:39 - [MESSAGE][INFO] - Finding Test Object 'Object Repository/Popup/Popup_Butons'

2021-10-14 17:07:39 - [MESSAGE][INFO] - Checking timeout

2021-10-14 17:07:39 - [MESSAGE][INFO] - Finding web element with id: 'Object Repository/Popup/Popup_Butons' located by 'By.cssSelector: .modal-footer>button' in '10' second(s)

2021-10-14 17:07:39 - [MESSAGE][INFO] - Smart Wait Function is triggered

2021-10-14 17:07:39 - [MESSAGE][INFO] - Found 1 web elements with id: 'Object Repository/Popup/Popup_Butons' located by 'By.cssSelector: .modal-footer>button' in '10' second(s)

2021-10-14 17:07:39 - [MESSAGE][PASSED] - Method.TextDegerineEsitElementeTikla is PASSED

2021-10-14 17:07:39 - [MESSAGE][PASSED] - Call Test Case 'Test Cases/Popup/PopupButonSecilir' successfully

2021-10-14 17:07:39 - [MESSAGE][INFO] - Checking called Test Case

2021-10-14 17:07:39 - [MESSAGE][INFO] - Starting to call Test Case 'Test Cases/Sekmeler/Ana_Sekmeye_Gec'

2021-10-14 17:07:39 - [TEST_CASE][PASSED] - Test Cases/Sekmeler/Ana_Sekmeye_Gec: Test Cases/Sekmeler/Ana_Sekmeye_Gec

2021-10-14 17:07:39 - [TEST_STEP][FAILED] - try: Unable to get the index of the current window (Root cause: com.kms.katalon.core.exception.StepFailedException: Unable to get the index of the current window
	at com.kms.katalon.core.webui.keyword.internal.WebUIKeywordMain.stepFailed(WebUIKeywordMain.groovy:64)
	at com.kms.katalon.core.webui.keyword.internal.WebUIKeywordMain.runKeywordAndReturnInt(WebUIKeywordMain.groovy:56)
	at com.kms.katalon.core.webui.keyword.builtin.GetWindowIndexKeyword.getWindowIndex(GetWindowIndexKeyword.groovy:71)
	at com.kms.katalon.core.webui.keyword.builtin.GetWindowIndexKeyword.execute(GetWindowIndexKeyword.groovy:66)
	at com.kms.katalon.core.keyword.internal.KeywordExecutor.executeKeywordForPlatform(KeywordExecutor.groovy:73)
	at com.kms.katalon.core.webui.keyword.WebUiBuiltInKeywords.getWindowIndex(WebUiBuiltInKeywords.groovy:262)
	at com.kms.katalon.core.webui.keyword.WebUiBuiltInKeywords$getWindowIndex$21.call(Unknown Source)
	at Ana_Sekmeye_Gec.run(Ana_Sekmeye_Gec:18)
	at com.kms.katalon.core.main.ScriptEngine.run(ScriptEngine.java:194)
	at com.kms.katalon.core.main.ScriptEngine.runScriptAsRawText(ScriptEngine.java:119)
	at com.kms.katalon.core.main.TestCaseExecutor.runScript(TestCaseExecutor.java:369)
	at com.kms.katalon.core.main.TestCaseExecutor.doExecute(TestCaseExecutor.java:360)
	at com.kms.katalon.core.main.TestCaseExecutor.processExecutionPhase(TestCaseExecutor.java:339)
	at com.kms.katalon.core.main.TestCaseExecutor.accessMainPhase(TestCaseExecutor.java:331)
	at com.kms.katalon.core.main.TestCaseExecutor.execute(TestCaseExecutor.java:248)
	at com.kms.katalon.core.main.TestCaseMain.runTestCase(TestCaseMain.java:138)
	at com.kms.katalon.core.keyword.builtin.CallTestCaseKeyword$_callTestCase_closure1.doCall(CallTestCaseKeyword.groovy:59)
	at com.kms.katalon.core.keyword.builtin.CallTestCaseKeyword$_callTestCase_closure1.call(CallTestCaseKeyword.groovy)
	at com.kms.katalon.core.keyword.internal.KeywordMain.runKeyword(KeywordMain.groovy:68)
	at com.kms.katalon.core.keyword.builtin.CallTestCaseKeyword.callTestCase(CallTestCaseKeyword.groovy:81)
	at com.kms.katalon.core.keyword.builtin.CallTestCaseKeyword.execute(CallTestCaseKeyword.groovy:44)
	at com.kms.katalon.core.keyword.internal.KeywordExecutor.executeKeywordForPlatform(KeywordExecutor.groovy:73)
	at com.kms.katalon.core.keyword.BuiltinKeywords.callTestCase(BuiltinKeywords.groovy:334)
	at sekmeler.sekmeler.anaSekmeyeGecilir(sekmeler.groovy:55)
	at cucumber.runtime.Utils$1.call(Utils.java:26)
	at cucumber.runtime.Timeout.timeout(Timeout.java:16)
	at cucumber.runtime.Utils.invoke(Utils.java:20)
	at cucumber.runtime.java.JavaStepDefinition.execute(JavaStepDefinition.java:49)
	at cucumber.runner.PickleStepDefinitionMatch.runStep(PickleStepDefinitionMatch.java:50)
	at cucumber.runner.TestStep.executeStep(TestStep.java:63)
	at cucumber.runner.TestStep.run(TestStep.java:49)
	at cucumber.runner.PickleStepTestStep.run(PickleStepTestStep.java:43)
	at cucumber.runner.TestCase.run(TestCase.java:44)
	at cucumber.runner.Runner.runPickle(Runner.java:40)
	at cucumber.runtime.Runtime$1.run(Runtime.java:84)
	at cucumber.runtime.Runtime$SameThreadExecutorService.execute(Runtime.java:220)
	at cucumber.runtime.Runtime.run(Runtime.java:81)
	at cucumber.api.cli.Main.run(Main.java:26)
	at cucumber.api.cli.Main$run.call(Unknown Source)
	at com.kms.katalon.core.cucumber.keyword.CucumberBuiltinKeywords$_runFeatureFile_closure1.doCall(CucumberBuiltinKeywords.groovy:106)
	at com.kms.katalon.core.cucumber.keyword.CucumberBuiltinKeywords$_runFeatureFile_closure1.doCall(CucumberBuiltinKeywords.groovy)
	at com.kms.katalon.core.keyword.internal.KeywordMain.runKeyword(KeywordMain.groovy:68)
	at com.kms.katalon.core.keyword.internal.KeywordMain$runKeyword.call(Unknown Source)
	at com.kms.katalon.core.cucumber.keyword.CucumberBuiltinKeywords.runFeatureFile(CucumberBuiltinKeywords.groovy:73)
	at com.kms.katalon.core.cucumber.keyword.CucumberBuiltinKeywords$runFeatureFile$0.callStatic(Unknown Source)
	at com.kms.katalon.core.cucumber.keyword.CucumberBuiltinKeywords.runFeatureFile(CucumberBuiltinKeywords.groovy:246)
	at com.kms.katalon.core.cucumber.keyword.CucumberBuiltinKeywords$runFeatureFile.call(Unknown Source)
	at Departman Ata-Geri Al.run(Departman Ata-Geri Al:18)
	at com.kms.katalon.core.main.ScriptEngine.run(ScriptEngine.java:194)
	at com.kms.katalon.core.main.ScriptEngine.runScriptAsRawText(ScriptEngine.java:119)
	at com.kms.katalon.core.main.TestCaseExecutor.runScript(TestCaseExecutor.java:369)
	at com.kms.katalon.core.main.TestCaseExecutor.doExecute(TestCaseExecutor.java:360)
	at com.kms.katalon.core.main.TestCaseExecutor.processExecutionPhase(TestCaseExecutor.java:339)
	at com.kms.katalon.core.main.TestCaseExecutor.accessMainPhase(TestCaseExecutor.java:331)
	at com.kms.katalon.core.main.TestCaseExecutor.execute(TestCaseExecutor.java:248)
	at com.kms.katalon.core.main.TestSuiteExecutor.accessTestCaseMainPhase(TestSuiteExecutor.java:191)
	at com.kms.katalon.core.main.TestSuiteExecutor.accessTestSuiteMainPhase(TestSuiteExecutor.java:140)
	at com.kms.katalon.core.main.TestSuiteExecutor.execute(TestSuiteExecutor.java:89)
	at com.kms.katalon.core.main.TestCaseMain.startTestSuite(TestCaseMain.java:181)
	at com.kms.katalon.core.main.TestCaseMain$startTestSuite$0.call(Unknown Source)
	at TempTestSuite1634220073501.run(TempTestSuite1634220073501.groovy:39)
Caused by: org.openqa.selenium.NoSuchWindowException: no such window: window was already closed
  (Session info: chrome=94.0.4606.81)
Build info: version: '3.141.59', revision: 'e82be7d358', time: '2018-11-14T08:25:53'
System info: host: 'DESKTOP-QBVMTUG', ip: '10.10.3.14', os.name: 'Windows 10', os.arch: 'amd64', os.version: '10.0', java.version: '1.8.0_282'
Driver info: com.kms.katalon.selenium.driver.CChromeDriver
Capabilities {acceptInsecureCerts: false, browserName: chrome, browserVersion: 94.0.4606.81, chrome: {chromedriverVersion: 94.0.4606.61 (418b78f5838ed..., userDataDir: C:\Users\DELL\AppData\Local...}, goog:chromeOptions: {debuggerAddress: localhost:63070}, javascriptEnabled: true, networkConnectionEnabled: false, pageLoadStrategy: normal, platform: WINDOWS, platformName: WINDOWS, proxy: Proxy(), setWindowRect: true, strictFileInteractability: false, timeouts: {implicit: 0, pageLoad: 300000, script: 30000}, unhandledPromptBehavior: dismiss and notify, webauthn:extension:credBlob: true, webauthn:extension:largeBlob: true, webauthn:virtualAuthenticators: true}
Session ID: 744fdfa78009c1d9e2186c6acf444c15
	at org.openqa.selenium.remote.http.W3CHttpResponseCodec.createException(W3CHttpResponseCodec.java:187)
	at org.openqa.selenium.remote.http.W3CHttpResponseCodec.decode(W3CHttpResponseCodec.java:122)
	at org.openqa.selenium.remote.http.W3CHttpResponseCodec.decode(W3CHttpResponseCodec.java:49)
	at org.openqa.selenium.remote.HttpCommandExecutor.execute(HttpCommandExecutor.java:158)
	at org.openqa.selenium.remote.service.DriverCommandExecutor.execute(DriverCommandExecutor.java:83)
	at org.openqa.selenium.remote.RemoteWebDriver.execute(RemoteWebDriver.java:552)
	at com.kms.katalon.selenium.driver.CChromeDriver.execute(CChromeDriver.java:19)
	at org.openqa.selenium.remote.RemoteWebDriver.execute(RemoteWebDriver.java:609)
	at org.openqa.selenium.remote.RemoteWebDriver.getWindowHandle(RemoteWebDriver.java:472)
	at org.openqa.selenium.support.events.EventFiringWebDriver.lambda$new$1(EventFiringWebDriver.java:105)
	at com.sun.proxy.$Proxy12.getWindowHandle(Unknown Source)
	at org.openqa.selenium.support.events.EventFiringWebDriver.getWindowHandle(EventFiringWebDriver.java:221)
	at com.kms.katalon.core.webui.driver.DriverFactory.getCurrentWindowIndex(DriverFactory.java:1072)
	at com.kms.katalon.core.webui.keyword.builtin.GetWindowIndexKeyword$_getWindowIndex_closure1.doCall(GetWindowIndexKeyword.groovy:73)
	at com.kms.katalon.core.webui.keyword.builtin.GetWindowIndexKeyword$_getWindowIndex_closure1.call(GetWindowIndexKeyword.groovy)
	at com.kms.katalon.core.webui.keyword.internal.WebUIKeywordMain.runKeywordAndReturnInt(WebUIKeywordMain.groovy:50)
	at com.kms.katalon.core.webui.keyword.builtin.GetWindowIndexKeyword.getWindowIndex(GetWindowIndexKeyword.groovy:71)
	at com.kms.katalon.core.webui.keyword.builtin.GetWindowIndexKeyword.execute(GetWindowIndexKeyword.groovy:66)
	at com.kms.katalon.core.keyword.internal.KeywordExecutor.executeKeywordForPlatform(KeywordExecutor.groovy:73)
	at com.kms.katalon.core.webui.keyword.WebUiBuiltInKeywords.getWindowIndex(WebUiBuiltInKeywords.groovy:262)
	at com.kms.katalon.core.webui.keyword.WebUiBuiltInKeywords$getWindowIndex$21.call(Unknown Source)
	at Script1586261051750.run(Script1586261051750.groovy:18)
	at com.kms.katalon.core.main.ScriptEngine.run(ScriptEngine.java:194)
	at com.kms.katalon.core.main.ScriptEngine.runScriptAsRawText(ScriptEngine.java:119)
	at com.kms.katalon.core.main.TestCaseExecutor.runScript(TestCaseExecutor.java:369)
	at com.kms.katalon.core.main.TestCaseExecutor.doExecute(TestCaseExecutor.java:360)
	at com.kms.katalon.core.main.TestCaseExecutor.processExecutionPhase(TestCaseExecutor.java:339)
	at com.kms.katalon.core.main.TestCaseExecutor.accessMainPhase(TestCaseExecutor.java:331)
	at com.kms.katalon.core.main.TestCaseExecutor.execute(TestCaseExecutor.java:248)
	at com.kms.katalon.core.main.TestCaseMain.runTestCase(TestCaseMain.java:138)
	at com.kms.katalon.core.keyword.builtin.CallTestCaseKeyword$_callTestCase_closure1.doCall(CallTestCaseKeyword.groovy:59)
	at com.kms.katalon.core.keyword.builtin.CallTestCaseKeyword$_callTestCase_closure1.call(CallTestCaseKeyword.groovy)
	at com.kms.katalon.core.keyword.internal.KeywordMain.runKeyword(KeywordMain.groovy:68)
	at com.kms.katalon.core.keyword.builtin.CallTestCaseKeyword.callTestCase(CallTestCaseKeyword.groovy:81)
	at com.kms.katalon.core.keyword.builtin.CallTestCaseKeyword.execute(CallTestCaseKeyword.groovy:44)
	at com.kms.katalon.core.keyword.internal.KeywordExecutor.executeKeywordForPlatform(KeywordExecutor.groovy:73)
	at com.kms.katalon.core.keyword.BuiltinKeywords.callTestCase(BuiltinKeywords.groovy:334)
	at sekmeler.sekmeler.anaSekmeyeGecilir(sekmeler.groovy:55)
	at cucumber.runtime.Utils$1.call(Utils.java:26)
	at cucumber.runtime.Timeout.timeout(Timeout.java:16)
	at cucumber.runtime.Utils.invoke(Utils.java:20)
	at cucumber.runtime.java.JavaStepDefinition.execute(JavaStepDefinition.java:49)
	at cucumber.runner.PickleStepDefinitionMatch.runStep(PickleStepDefinitionMatch.java:50)
	at cucumber.runner.TestStep.executeStep(TestStep.java:63)
	at cucumber.runner.TestStep.run(TestStep.java:49)
	at cucumber.runner.PickleStepTestStep.run(PickleStepTestStep.java:43)
	at cucumber.runner.TestCase.run(TestCase.java:44)
	at cucumber.runner.Runner.runPickle(Runner.java:40)
	at cucumber.runtime.Runtime$1.run(Runtime.java:84)
	at cucumber.runtime.Runtime$SameThreadExecutorService.execute(Runtime.java:220)
	at cucumber.runtime.Runtime.run(Runtime.java:81)
	at cucumber.api.cli.Main.run(Main.java:26)
	at cucumber.api.cli.Main$run.call(Unknown Source)
	at com.kms.katalon.core.cucumber.keyword.CucumberBuiltinKeywords$_runFeatureFile_closure1.doCall(CucumberBuiltinKeywords.groovy:106)
	at com.kms.katalon.core.cucumber.keyword.CucumberBuiltinKeywords$_runFeatureFile_closure1.doCall(CucumberBuiltinKeywords.groovy)
	at com.kms.katalon.core.keyword.internal.KeywordMain.runKeyword(KeywordMain.groovy:68)
	at com.kms.katalon.core.keyword.internal.KeywordMain$runKeyword.call(Unknown Source)
	at com.kms.katalon.core.cucumber.keyword.CucumberBuiltinKeywords.runFeatureFile(CucumberBuiltinKeywords.groovy:73)
	at com.kms.katalon.core.cucumber.keyword.CucumberBuiltinKeywords$runFeatureFile$0.callStatic(Unknown Source)
	at com.kms.katalon.core.cucumber.keyword.CucumberBuiltinKeywords.runFeatureFile(CucumberBuiltinKeywords.groovy:246)
	at com.kms.katalon.core.cucumber.keyword.CucumberBuiltinKeywords$runFeatureFile.call(Unknown Source)
	at Script1601994685077.run(Script1601994685077.groovy:18)
	... 13 more
)

2021-10-14 17:07:39 - [TEST_STEP][FAILED] - index = getWindowIndex(): Unable to get the index of the current window (Root cause: com.kms.katalon.core.exception.StepFailedException: Unable to get the index of the current window
	at com.kms.katalon.core.webui.keyword.internal.WebUIKeywordMain.stepFailed(WebUIKeywordMain.groovy:64)
	at com.kms.katalon.core.webui.keyword.internal.WebUIKeywordMain.runKeywordAndReturnInt(WebUIKeywordMain.groovy:56)
	at com.kms.katalon.core.webui.keyword.builtin.GetWindowIndexKeyword.getWindowIndex(GetWindowIndexKeyword.groovy:71)
	at com.kms.katalon.core.webui.keyword.builtin.GetWindowIndexKeyword.execute(GetWindowIndexKeyword.groovy:66)
	at com.kms.katalon.core.keyword.internal.KeywordExecutor.executeKeywordForPlatform(KeywordExecutor.groovy:73)
	at com.kms.katalon.core.webui.keyword.WebUiBuiltInKeywords.getWindowIndex(WebUiBuiltInKeywords.groovy:262)
	at com.kms.katalon.core.webui.keyword.WebUiBuiltInKeywords$getWindowIndex$21.call(Unknown Source)
	at Ana_Sekmeye_Gec.run(Ana_Sekmeye_Gec:18)
	at com.kms.katalon.core.main.ScriptEngine.run(ScriptEngine.java:194)
	at com.kms.katalon.core.main.ScriptEngine.runScriptAsRawText(ScriptEngine.java:119)
	at com.kms.katalon.core.main.TestCaseExecutor.runScript(TestCaseExecutor.java:369)
	at com.kms.katalon.core.main.TestCaseExecutor.doExecute(TestCaseExecutor.java:360)
	at com.kms.katalon.core.main.TestCaseExecutor.processExecutionPhase(TestCaseExecutor.java:339)
	at com.kms.katalon.core.main.TestCaseExecutor.accessMainPhase(TestCaseExecutor.java:331)
	at com.kms.katalon.core.main.TestCaseExecutor.execute(TestCaseExecutor.java:248)
	at com.kms.katalon.core.main.TestCaseMain.runTestCase(TestCaseMain.java:138)
	at com.kms.katalon.core.keyword.builtin.CallTestCaseKeyword$_callTestCase_closure1.doCall(CallTestCaseKeyword.groovy:59)
	at com.kms.katalon.core.keyword.builtin.CallTestCaseKeyword$_callTestCase_closure1.call(CallTestCaseKeyword.groovy)
	at com.kms.katalon.core.keyword.internal.KeywordMain.runKeyword(KeywordMain.groovy:68)
	at com.kms.katalon.core.keyword.builtin.CallTestCaseKeyword.callTestCase(CallTestCaseKeyword.groovy:81)
	at com.kms.katalon.core.keyword.builtin.CallTestCaseKeyword.execute(CallTestCaseKeyword.groovy:44)
	at com.kms.katalon.core.keyword.internal.KeywordExecutor.executeKeywordForPlatform(KeywordExecutor.groovy:73)
	at com.kms.katalon.core.keyword.BuiltinKeywords.callTestCase(BuiltinKeywords.groovy:334)
	at sekmeler.sekmeler.anaSekmeyeGecilir(sekmeler.groovy:55)
	at cucumber.runtime.Utils$1.call(Utils.java:26)
	at cucumber.runtime.Timeout.timeout(Timeout.java:16)
	at cucumber.runtime.Utils.invoke(Utils.java:20)
	at cucumber.runtime.java.JavaStepDefinition.execute(JavaStepDefinition.java:49)
	at cucumber.runner.PickleStepDefinitionMatch.runStep(PickleStepDefinitionMatch.java:50)
	at cucumber.runner.TestStep.executeStep(TestStep.java:63)
	at cucumber.runner.TestStep.run(TestStep.java:49)
	at cucumber.runner.PickleStepTestStep.run(PickleStepTestStep.java:43)
	at cucumber.runner.TestCase.run(TestCase.java:44)
	at cucumber.runner.Runner.runPickle(Runner.java:40)
	at cucumber.runtime.Runtime$1.run(Runtime.java:84)
	at cucumber.runtime.Runtime$SameThreadExecutorService.execute(Runtime.java:220)
	at cucumber.runtime.Runtime.run(Runtime.java:81)
	at cucumber.api.cli.Main.run(Main.java:26)
	at cucumber.api.cli.Main$run.call(Unknown Source)
	at com.kms.katalon.core.cucumber.keyword.CucumberBuiltinKeywords$_runFeatureFile_closure1.doCall(CucumberBuiltinKeywords.groovy:106)
	at com.kms.katalon.core.cucumber.keyword.CucumberBuiltinKeywords$_runFeatureFile_closure1.doCall(CucumberBuiltinKeywords.groovy)
	at com.kms.katalon.core.keyword.internal.KeywordMain.runKeyword(KeywordMain.groovy:68)
	at com.kms.katalon.core.keyword.internal.KeywordMain$runKeyword.call(Unknown Source)
	at com.kms.katalon.core.cucumber.keyword.CucumberBuiltinKeywords.runFeatureFile(CucumberBuiltinKeywords.groovy:73)
	at com.kms.katalon.core.cucumber.keyword.CucumberBuiltinKeywords$runFeatureFile$0.callStatic(Unknown Source)
	at com.kms.katalon.core.cucumber.keyword.CucumberBuiltinKeywords.runFeatureFile(CucumberBuiltinKeywords.groovy:246)
	at com.kms.katalon.core.cucumber.keyword.CucumberBuiltinKeywords$runFeatureFile.call(Unknown Source)
	at Departman Ata-Geri Al.run(Departman Ata-Geri Al:18)
	at com.kms.katalon.core.main.ScriptEngine.run(ScriptEngine.java:194)
	at com.kms.katalon.core.main.ScriptEngine.runScriptAsRawText(ScriptEngine.java:119)
	at com.kms.katalon.core.main.TestCaseExecutor.runScript(TestCaseExecutor.java:369)
	at com.kms.katalon.core.main.TestCaseExecutor.doExecute(TestCaseExecutor.java:360)
	at com.kms.katalon.core.main.TestCaseExecutor.processExecutionPhase(TestCaseExecutor.java:339)
	at com.kms.katalon.core.main.TestCaseExecutor.accessMainPhase(TestCaseExecutor.java:331)
	at com.kms.katalon.core.main.TestCaseExecutor.execute(TestCaseExecutor.java:248)
	at com.kms.katalon.core.main.TestSuiteExecutor.accessTestCaseMainPhase(TestSuiteExecutor.java:191)
	at com.kms.katalon.core.main.TestSuiteExecutor.accessTestSuiteMainPhase(TestSuiteExecutor.java:140)
	at com.kms.katalon.core.main.TestSuiteExecutor.execute(TestSuiteExecutor.java:89)
	at com.kms.katalon.core.main.TestCaseMain.startTestSuite(TestCaseMain.java:181)
	at com.kms.katalon.core.main.TestCaseMain$startTestSuite$0.call(Unknown Source)
	at TempTestSuite1634220073501.run(TempTestSuite1634220073501.groovy:39)
Caused by: org.openqa.selenium.NoSuchWindowException: no such window: window was already closed
  (Session info: chrome=94.0.4606.81)
Build info: version: '3.141.59', revision: 'e82be7d358', time: '2018-11-14T08:25:53'
System info: host: 'DESKTOP-QBVMTUG', ip: '10.10.3.14', os.name: 'Windows 10', os.arch: 'amd64', os.version: '10.0', java.version: '1.8.0_282'
Driver info: com.kms.katalon.selenium.driver.CChromeDriver
Capabilities {acceptInsecureCerts: false, browserName: chrome, browserVersion: 94.0.4606.81, chrome: {chromedriverVersion: 94.0.4606.61 (418b78f5838ed..., userDataDir: C:\Users\DELL\AppData\Local...}, goog:chromeOptions: {debuggerAddress: localhost:63070}, javascriptEnabled: true, networkConnectionEnabled: false, pageLoadStrategy: normal, platform: WINDOWS, platformName: WINDOWS, proxy: Proxy(), setWindowRect: true, strictFileInteractability: false, timeouts: {implicit: 0, pageLoad: 300000, script: 30000}, unhandledPromptBehavior: dismiss and notify, webauthn:extension:credBlob: true, webauthn:extension:largeBlob: true, webauthn:virtualAuthenticators: true}
Session ID: 744fdfa78009c1d9e2186c6acf444c15
	at org.openqa.selenium.remote.http.W3CHttpResponseCodec.createException(W3CHttpResponseCodec.java:187)
	at org.openqa.selenium.remote.http.W3CHttpResponseCodec.decode(W3CHttpResponseCodec.java:122)
	at org.openqa.selenium.remote.http.W3CHttpResponseCodec.decode(W3CHttpResponseCodec.java:49)
	at org.openqa.selenium.remote.HttpCommandExecutor.execute(HttpCommandExecutor.java:158)
	at org.openqa.selenium.remote.service.DriverCommandExecutor.execute(DriverCommandExecutor.java:83)
	at org.openqa.selenium.remote.RemoteWebDriver.execute(RemoteWebDriver.java:552)
	at com.kms.katalon.selenium.driver.CChromeDriver.execute(CChromeDriver.java:19)
	at org.openqa.selenium.remote.RemoteWebDriver.execute(RemoteWebDriver.java:609)
	at org.openqa.selenium.remote.RemoteWebDriver.getWindowHandle(RemoteWebDriver.java:472)
	at org.openqa.selenium.support.events.EventFiringWebDriver.lambda$new$1(EventFiringWebDriver.java:105)
	at com.sun.proxy.$Proxy12.getWindowHandle(Unknown Source)
	at org.openqa.selenium.support.events.EventFiringWebDriver.getWindowHandle(EventFiringWebDriver.java:221)
	at com.kms.katalon.core.webui.driver.DriverFactory.getCurrentWindowIndex(DriverFactory.java:1072)
	at com.kms.katalon.core.webui.keyword.builtin.GetWindowIndexKeyword$_getWindowIndex_closure1.doCall(GetWindowIndexKeyword.groovy:73)
	at com.kms.katalon.core.webui.keyword.builtin.GetWindowIndexKeyword$_getWindowIndex_closure1.call(GetWindowIndexKeyword.groovy)
	at com.kms.katalon.core.webui.keyword.internal.WebUIKeywordMain.runKeywordAndReturnInt(WebUIKeywordMain.groovy:50)
	at com.kms.katalon.core.webui.keyword.builtin.GetWindowIndexKeyword.getWindowIndex(GetWindowIndexKeyword.groovy:71)
	at com.kms.katalon.core.webui.keyword.builtin.GetWindowIndexKeyword.execute(GetWindowIndexKeyword.groovy:66)
	at com.kms.katalon.core.keyword.internal.KeywordExecutor.executeKeywordForPlatform(KeywordExecutor.groovy:73)
	at com.kms.katalon.core.webui.keyword.WebUiBuiltInKeywords.getWindowIndex(WebUiBuiltInKeywords.groovy:262)
	at com.kms.katalon.core.webui.keyword.WebUiBuiltInKeywords$getWindowIndex$21.call(Unknown Source)
	at Script1586261051750.run(Script1586261051750.groovy:18)
	at com.kms.katalon.core.main.ScriptEngine.run(ScriptEngine.java:194)
	at com.kms.katalon.core.main.ScriptEngine.runScriptAsRawText(ScriptEngine.java:119)
	at com.kms.katalon.core.main.TestCaseExecutor.runScript(TestCaseExecutor.java:369)
	at com.kms.katalon.core.main.TestCaseExecutor.doExecute(TestCaseExecutor.java:360)
	at com.kms.katalon.core.main.TestCaseExecutor.processExecutionPhase(TestCaseExecutor.java:339)
	at com.kms.katalon.core.main.TestCaseExecutor.accessMainPhase(TestCaseExecutor.java:331)
	at com.kms.katalon.core.main.TestCaseExecutor.execute(TestCaseExecutor.java:248)
	at com.kms.katalon.core.main.TestCaseMain.runTestCase(TestCaseMain.java:138)
	at com.kms.katalon.core.keyword.builtin.CallTestCaseKeyword$_callTestCase_closure1.doCall(CallTestCaseKeyword.groovy:59)
	at com.kms.katalon.core.keyword.builtin.CallTestCaseKeyword$_callTestCase_closure1.call(CallTestCaseKeyword.groovy)
	at com.kms.katalon.core.keyword.internal.KeywordMain.runKeyword(KeywordMain.groovy:68)
	at com.kms.katalon.core.keyword.builtin.CallTestCaseKeyword.callTestCase(CallTestCaseKeyword.groovy:81)
	at com.kms.katalon.core.keyword.builtin.CallTestCaseKeyword.execute(CallTestCaseKeyword.groovy:44)
	at com.kms.katalon.core.keyword.internal.KeywordExecutor.executeKeywordForPlatform(KeywordExecutor.groovy:73)
	at com.kms.katalon.core.keyword.BuiltinKeywords.callTestCase(BuiltinKeywords.groovy:334)
	at sekmeler.sekmeler.anaSekmeyeGecilir(sekmeler.groovy:55)
	at cucumber.runtime.Utils$1.call(Utils.java:26)
	at cucumber.runtime.Timeout.timeout(Timeout.java:16)
	at cucumber.runtime.Utils.invoke(Utils.java:20)
	at cucumber.runtime.java.JavaStepDefinition.execute(JavaStepDefinition.java:49)
	at cucumber.runner.PickleStepDefinitionMatch.runStep(PickleStepDefinitionMatch.java:50)
	at cucumber.runner.TestStep.executeStep(TestStep.java:63)
	at cucumber.runner.TestStep.run(TestStep.java:49)
	at cucumber.runner.PickleStepTestStep.run(PickleStepTestStep.java:43)
	at cucumber.runner.TestCase.run(TestCase.java:44)
	at cucumber.runner.Runner.runPickle(Runner.java:40)
	at cucumber.runtime.Runtime$1.run(Runtime.java:84)
	at cucumber.runtime.Runtime$SameThreadExecutorService.execute(Runtime.java:220)
	at cucumber.runtime.Runtime.run(Runtime.java:81)
	at cucumber.api.cli.Main.run(Main.java:26)
	at cucumber.api.cli.Main$run.call(Unknown Source)
	at com.kms.katalon.core.cucumber.keyword.CucumberBuiltinKeywords$_runFeatureFile_closure1.doCall(CucumberBuiltinKeywords.groovy:106)
	at com.kms.katalon.core.cucumber.keyword.CucumberBuiltinKeywords$_runFeatureFile_closure1.doCall(CucumberBuiltinKeywords.groovy)
	at com.kms.katalon.core.keyword.internal.KeywordMain.runKeyword(KeywordMain.groovy:68)
	at com.kms.katalon.core.keyword.internal.KeywordMain$runKeyword.call(Unknown Source)
	at com.kms.katalon.core.cucumber.keyword.CucumberBuiltinKeywords.runFeatureFile(CucumberBuiltinKeywords.groovy:73)
	at com.kms.katalon.core.cucumber.keyword.CucumberBuiltinKeywords$runFeatureFile$0.callStatic(Unknown Source)
	at com.kms.katalon.core.cucumber.keyword.CucumberBuiltinKeywords.runFeatureFile(CucumberBuiltinKeywords.groovy:246)
	at com.kms.katalon.core.cucumber.keyword.CucumberBuiltinKeywords$runFeatureFile.call(Unknown Source)
	at Script1601994685077.run(Script1601994685077.groovy:18)
	... 13 more
)

2021-10-14 17:07:39 - [MESSAGE][INFO] - Getting current window's index

2021-10-14 17:07:39 - [MESSAGE][FAILED] - Unable to get the index of the current window (Root cause: com.kms.katalon.core.exception.StepFailedException: Unable to get the index of the current window
	at com.kms.katalon.core.webui.keyword.internal.WebUIKeywordMain.stepFailed(WebUIKeywordMain.groovy:64)
	at com.kms.katalon.core.webui.keyword.internal.WebUIKeywordMain.runKeywordAndReturnInt(WebUIKeywordMain.groovy:56)
	at com.kms.katalon.core.webui.keyword.builtin.GetWindowIndexKeyword.getWindowIndex(GetWindowIndexKeyword.groovy:71)
	at com.kms.katalon.core.webui.keyword.builtin.GetWindowIndexKeyword.execute(GetWindowIndexKeyword.groovy:66)
	at com.kms.katalon.core.keyword.internal.KeywordExecutor.executeKeywordForPlatform(KeywordExecutor.groovy:73)
	at com.kms.katalon.core.webui.keyword.WebUiBuiltInKeywords.getWindowIndex(WebUiBuiltInKeywords.groovy:262)
	at com.kms.katalon.core.webui.keyword.WebUiBuiltInKeywords$getWindowIndex$21.call(Unknown Source)
	at Ana_Sekmeye_Gec.run(Ana_Sekmeye_Gec:18)
	at com.kms.katalon.core.main.ScriptEngine.run(ScriptEngine.java:194)
	at com.kms.katalon.core.main.ScriptEngine.runScriptAsRawText(ScriptEngine.java:119)
	at com.kms.katalon.core.main.TestCaseExecutor.runScript(TestCaseExecutor.java:369)
	at com.kms.katalon.core.main.TestCaseExecutor.doExecute(TestCaseExecutor.java:360)
	at com.kms.katalon.core.main.TestCaseExecutor.processExecutionPhase(TestCaseExecutor.java:339)
	at com.kms.katalon.core.main.TestCaseExecutor.accessMainPhase(TestCaseExecutor.java:331)
	at com.kms.katalon.core.main.TestCaseExecutor.execute(TestCaseExecutor.java:248)
	at com.kms.katalon.core.main.TestCaseMain.runTestCase(TestCaseMain.java:138)
	at com.kms.katalon.core.keyword.builtin.CallTestCaseKeyword$_callTestCase_closure1.doCall(CallTestCaseKeyword.groovy:59)
	at com.kms.katalon.core.keyword.builtin.CallTestCaseKeyword$_callTestCase_closure1.call(CallTestCaseKeyword.groovy)
	at com.kms.katalon.core.keyword.internal.KeywordMain.runKeyword(KeywordMain.groovy:68)
	at com.kms.katalon.core.keyword.builtin.CallTestCaseKeyword.callTestCase(CallTestCaseKeyword.groovy:81)
	at com.kms.katalon.core.keyword.builtin.CallTestCaseKeyword.execute(CallTestCaseKeyword.groovy:44)
	at com.kms.katalon.core.keyword.internal.KeywordExecutor.executeKeywordForPlatform(KeywordExecutor.groovy:73)
	at com.kms.katalon.core.keyword.BuiltinKeywords.callTestCase(BuiltinKeywords.groovy:334)
	at sekmeler.sekmeler.anaSekmeyeGecilir(sekmeler.groovy:55)
	at cucumber.runtime.Utils$1.call(Utils.java:26)
	at cucumber.runtime.Timeout.timeout(Timeout.java:16)
	at cucumber.runtime.Utils.invoke(Utils.java:20)
	at cucumber.runtime.java.JavaStepDefinition.execute(JavaStepDefinition.java:49)
	at cucumber.runner.PickleStepDefinitionMatch.runStep(PickleStepDefinitionMatch.java:50)
	at cucumber.runner.TestStep.executeStep(TestStep.java:63)
	at cucumber.runner.TestStep.run(TestStep.java:49)
	at cucumber.runner.PickleStepTestStep.run(PickleStepTestStep.java:43)
	at cucumber.runner.TestCase.run(TestCase.java:44)
	at cucumber.runner.Runner.runPickle(Runner.java:40)
	at cucumber.runtime.Runtime$1.run(Runtime.java:84)
	at cucumber.runtime.Runtime$SameThreadExecutorService.execute(Runtime.java:220)
	at cucumber.runtime.Runtime.run(Runtime.java:81)
	at cucumber.api.cli.Main.run(Main.java:26)
	at cucumber.api.cli.Main$run.call(Unknown Source)
	at com.kms.katalon.core.cucumber.keyword.CucumberBuiltinKeywords$_runFeatureFile_closure1.doCall(CucumberBuiltinKeywords.groovy:106)
	at com.kms.katalon.core.cucumber.keyword.CucumberBuiltinKeywords$_runFeatureFile_closure1.doCall(CucumberBuiltinKeywords.groovy)
	at com.kms.katalon.core.keyword.internal.KeywordMain.runKeyword(KeywordMain.groovy:68)
	at com.kms.katalon.core.keyword.internal.KeywordMain$runKeyword.call(Unknown Source)
	at com.kms.katalon.core.cucumber.keyword.CucumberBuiltinKeywords.runFeatureFile(CucumberBuiltinKeywords.groovy:73)
	at com.kms.katalon.core.cucumber.keyword.CucumberBuiltinKeywords$runFeatureFile$0.callStatic(Unknown Source)
	at com.kms.katalon.core.cucumber.keyword.CucumberBuiltinKeywords.runFeatureFile(CucumberBuiltinKeywords.groovy:246)
	at com.kms.katalon.core.cucumber.keyword.CucumberBuiltinKeywords$runFeatureFile.call(Unknown Source)
	at Departman Ata-Geri Al.run(Departman Ata-Geri Al:18)
	at com.kms.katalon.core.main.ScriptEngine.run(ScriptEngine.java:194)
	at com.kms.katalon.core.main.ScriptEngine.runScriptAsRawText(ScriptEngine.java:119)
	at com.kms.katalon.core.main.TestCaseExecutor.runScript(TestCaseExecutor.java:369)
	at com.kms.katalon.core.main.TestCaseExecutor.doExecute(TestCaseExecutor.java:360)
	at com.kms.katalon.core.main.TestCaseExecutor.processExecutionPhase(TestCaseExecutor.java:339)
	at com.kms.katalon.core.main.TestCaseExecutor.accessMainPhase(TestCaseExecutor.java:331)
	at com.kms.katalon.core.main.TestCaseExecutor.execute(TestCaseExecutor.java:248)
	at com.kms.katalon.core.main.TestSuiteExecutor.accessTestCaseMainPhase(TestSuiteExecutor.java:191)
	at com.kms.katalon.core.main.TestSuiteExecutor.accessTestSuiteMainPhase(TestSuiteExecutor.java:140)
	at com.kms.katalon.core.main.TestSuiteExecutor.execute(TestSuiteExecutor.java:89)
	at com.kms.katalon.core.main.TestCaseMain.startTestSuite(TestCaseMain.java:181)
	at com.kms.katalon.core.main.TestCaseMain$startTestSuite$0.call(Unknown Source)
	at TempTestSuite1634220073501.run(TempTestSuite1634220073501.groovy:39)
Caused by: org.openqa.selenium.NoSuchWindowException: no such window: window was already closed
  (Session info: chrome=94.0.4606.81)
Build info: version: '3.141.59', revision: 'e82be7d358', time: '2018-11-14T08:25:53'
System info: host: 'DESKTOP-QBVMTUG', ip: '10.10.3.14', os.name: 'Windows 10', os.arch: 'amd64', os.version: '10.0', java.version: '1.8.0_282'
Driver info: com.kms.katalon.selenium.driver.CChromeDriver
Capabilities {acceptInsecureCerts: false, browserName: chrome, browserVersion: 94.0.4606.81, chrome: {chromedriverVersion: 94.0.4606.61 (418b78f5838ed..., userDataDir: C:\Users\DELL\AppData\Local...}, goog:chromeOptions: {debuggerAddress: localhost:63070}, javascriptEnabled: true, networkConnectionEnabled: false, pageLoadStrategy: normal, platform: WINDOWS, platformName: WINDOWS, proxy: Proxy(), setWindowRect: true, strictFileInteractability: false, timeouts: {implicit: 0, pageLoad: 300000, script: 30000}, unhandledPromptBehavior: dismiss and notify, webauthn:extension:credBlob: true, webauthn:extension:largeBlob: true, webauthn:virtualAuthenticators: true}
Session ID: 744fdfa78009c1d9e2186c6acf444c15
	at org.openqa.selenium.remote.http.W3CHttpResponseCodec.createException(W3CHttpResponseCodec.java:187)
	at org.openqa.selenium.remote.http.W3CHttpResponseCodec.decode(W3CHttpResponseCodec.java:122)
	at org.openqa.selenium.remote.http.W3CHttpResponseCodec.decode(W3CHttpResponseCodec.java:49)
	at org.openqa.selenium.remote.HttpCommandExecutor.execute(HttpCommandExecutor.java:158)
	at org.openqa.selenium.remote.service.DriverCommandExecutor.execute(DriverCommandExecutor.java:83)
	at org.openqa.selenium.remote.RemoteWebDriver.execute(RemoteWebDriver.java:552)
	at com.kms.katalon.selenium.driver.CChromeDriver.execute(CChromeDriver.java:19)
	at org.openqa.selenium.remote.RemoteWebDriver.execute(RemoteWebDriver.java:609)
	at org.openqa.selenium.remote.RemoteWebDriver.getWindowHandle(RemoteWebDriver.java:472)
	at org.openqa.selenium.support.events.EventFiringWebDriver.lambda$new$1(EventFiringWebDriver.java:105)
	at com.sun.proxy.$Proxy12.getWindowHandle(Unknown Source)
	at org.openqa.selenium.support.events.EventFiringWebDriver.getWindowHandle(EventFiringWebDriver.java:221)
	at com.kms.katalon.core.webui.driver.DriverFactory.getCurrentWindowIndex(DriverFactory.java:1072)
	at com.kms.katalon.core.webui.keyword.builtin.GetWindowIndexKeyword$_getWindowIndex_closure1.doCall(GetWindowIndexKeyword.groovy:73)
	at com.kms.katalon.core.webui.keyword.builtin.GetWindowIndexKeyword$_getWindowIndex_closure1.call(GetWindowIndexKeyword.groovy)
	at com.kms.katalon.core.webui.keyword.internal.WebUIKeywordMain.runKeywordAndReturnInt(WebUIKeywordMain.groovy:50)
	at com.kms.katalon.core.webui.keyword.builtin.GetWindowIndexKeyword.getWindowIndex(GetWindowIndexKeyword.groovy:71)
	at com.kms.katalon.core.webui.keyword.builtin.GetWindowIndexKeyword.execute(GetWindowIndexKeyword.groovy:66)
	at com.kms.katalon.core.keyword.internal.KeywordExecutor.executeKeywordForPlatform(KeywordExecutor.groovy:73)
	at com.kms.katalon.core.webui.keyword.WebUiBuiltInKeywords.getWindowIndex(WebUiBuiltInKeywords.groovy:262)
	at com.kms.katalon.core.webui.keyword.WebUiBuiltInKeywords$getWindowIndex$21.call(Unknown Source)
	at Script1586261051750.run(Script1586261051750.groovy:18)
	at com.kms.katalon.core.main.ScriptEngine.run(ScriptEngine.java:194)
	at com.kms.katalon.core.main.ScriptEngine.runScriptAsRawText(ScriptEngine.java:119)
	at com.kms.katalon.core.main.TestCaseExecutor.runScript(TestCaseExecutor.java:369)
	at com.kms.katalon.core.main.TestCaseExecutor.doExecute(TestCaseExecutor.java:360)
	at com.kms.katalon.core.main.TestCaseExecutor.processExecutionPhase(TestCaseExecutor.java:339)
	at com.kms.katalon.core.main.TestCaseExecutor.accessMainPhase(TestCaseExecutor.java:331)
	at com.kms.katalon.core.main.TestCaseExecutor.execute(TestCaseExecutor.java:248)
	at com.kms.katalon.core.main.TestCaseMain.runTestCase(TestCaseMain.java:138)
	at com.kms.katalon.core.keyword.builtin.CallTestCaseKeyword$_callTestCase_closure1.doCall(CallTestCaseKeyword.groovy:59)
	at com.kms.katalon.core.keyword.builtin.CallTestCaseKeyword$_callTestCase_closure1.call(CallTestCaseKeyword.groovy)
	at com.kms.katalon.core.keyword.internal.KeywordMain.runKeyword(KeywordMain.groovy:68)
	at com.kms.katalon.core.keyword.builtin.CallTestCaseKeyword.callTestCase(CallTestCaseKeyword.groovy:81)
	at com.kms.katalon.core.keyword.builtin.CallTestCaseKeyword.execute(CallTestCaseKeyword.groovy:44)
	at com.kms.katalon.core.keyword.internal.KeywordExecutor.executeKeywordForPlatform(KeywordExecutor.groovy:73)
	at com.kms.katalon.core.keyword.BuiltinKeywords.callTestCase(BuiltinKeywords.groovy:334)
	at sekmeler.sekmeler.anaSekmeyeGecilir(sekmeler.groovy:55)
	at cucumber.runtime.Utils$1.call(Utils.java:26)
	at cucumber.runtime.Timeout.timeout(Timeout.java:16)
	at cucumber.runtime.Utils.invoke(Utils.java:20)
	at cucumber.runtime.java.JavaStepDefinition.execute(JavaStepDefinition.java:49)
	at cucumber.runner.PickleStepDefinitionMatch.runStep(PickleStepDefinitionMatch.java:50)
	at cucumber.runner.TestStep.executeStep(TestStep.java:63)
	at cucumber.runner.TestStep.run(TestStep.java:49)
	at cucumber.runner.PickleStepTestStep.run(PickleStepTestStep.java:43)
	at cucumber.runner.TestCase.run(TestCase.java:44)
	at cucumber.runner.Runner.runPickle(Runner.java:40)
	at cucumber.runtime.Runtime$1.run(Runtime.java:84)
	at cucumber.runtime.Runtime$SameThreadExecutorService.execute(Runtime.java:220)
	at cucumber.runtime.Runtime.run(Runtime.java:81)
	at cucumber.api.cli.Main.run(Main.java:26)
	at cucumber.api.cli.Main$run.call(Unknown Source)
	at com.kms.katalon.core.cucumber.keyword.CucumberBuiltinKeywords$_runFeatureFile_closure1.doCall(CucumberBuiltinKeywords.groovy:106)
	at com.kms.katalon.core.cucumber.keyword.CucumberBuiltinKeywords$_runFeatureFile_closure1.doCall(CucumberBuiltinKeywords.groovy)
	at com.kms.katalon.core.keyword.internal.KeywordMain.runKeyword(KeywordMain.groovy:68)
	at com.kms.katalon.core.keyword.internal.KeywordMain$runKeyword.call(Unknown Source)
	at com.kms.katalon.core.cucumber.keyword.CucumberBuiltinKeywords.runFeatureFile(CucumberBuiltinKeywords.groovy:73)
	at com.kms.katalon.core.cucumber.keyword.CucumberBuiltinKeywords$runFeatureFile$0.callStatic(Unknown Source)
	at com.kms.katalon.core.cucumber.keyword.CucumberBuiltinKeywords.runFeatureFile(CucumberBuiltinKeywords.groovy:246)
	at com.kms.katalon.core.cucumber.keyword.CucumberBuiltinKeywords$runFeatureFile.call(Unknown Source)
	at Script1601994685077.run(Script1601994685077.groovy:18)
	... 13 more
)

2021-10-14 17:07:39 - [TEST_STEP][PASSED] - catch (Exception e): null

2021-10-14 17:07:39 - [TEST_STEP][PASSED] - switchToWindowIndex(0): Switched to window with index: '0'

2021-10-14 17:07:39 - [MESSAGE][INFO] - Checking index

2021-10-14 17:07:39 - [MESSAGE][INFO] - Switching window with index: '0'

2021-10-14 17:07:39 - [MESSAGE][PASSED] - Switched to window with index: '0'

2021-10-14 17:07:39 - [MESSAGE][PASSED] - Call Test Case 'Test Cases/Sekmeler/Ana_Sekmeye_Gec' successfully

2021-10-14 17:07:39 - [MESSAGE][INFO] - Checking called Test Case

2021-10-14 17:07:39 - [MESSAGE][INFO] - Starting to call Test Case 'Test Cases/Filtreler/atananDepartman'

2021-10-14 17:07:39 - [TEST_CASE][PASSED] - Test Cases/Filtreler/atananDepartman: Test Cases/Filtreler/atananDepartman

2021-10-14 17:07:40 - [TEST_STEP][PASSED] - click(findTestObject("Filtreler/DepartmanDropDown")): Object: 'Object Repository/Filtreler/DepartmanDropDown' is clicked on

2021-10-14 17:07:40 - [MESSAGE][INFO] - Finding Test Object 'Object Repository/Filtreler/DepartmanDropDown'

2021-10-14 17:07:40 - [MESSAGE][INFO] - Checking object

2021-10-14 17:07:40 - [MESSAGE][INFO] - Finding web element from Test Object's properties

2021-10-14 17:07:40 - [MESSAGE][INFO] - Checking timeout

2021-10-14 17:07:40 - [MESSAGE][INFO] - Finding web element with id: 'Object Repository/Filtreler/DepartmanDropDown' located by 'By.xpath: //*[@id = 'comboBoxFilterIncomingInvoiceAssignedDepartments_B-1']' in '30' second(s)

2021-10-14 17:07:40 - [MESSAGE][INFO] - Smart Wait Function is triggered

2021-10-14 17:07:40 - [MESSAGE][INFO] - Found 1 web elements with id: 'Object Repository/Filtreler/DepartmanDropDown' located by 'By.xpath: //*[@id = 'comboBoxFilterIncomingInvoiceAssignedDepartments_B-1']' in '30' second(s)

2021-10-14 17:07:40 - [MESSAGE][INFO] - Clicking on object: 'Object Repository/Filtreler/DepartmanDropDown'

2021-10-14 17:07:40 - [MESSAGE][PASSED] - Object: 'Object Repository/Filtreler/DepartmanDropDown' is clicked on

2021-10-14 17:07:40 - [TEST_STEP][PASSED] - Method.TextDegerineEsitElementeTikla(findTestObject("Filtreler/Departmanlar"), Departman): Method.TextDegerineEsitElementeTikla is PASSED

2021-10-14 17:07:40 - [MESSAGE][INFO] - Finding Test Object 'Object Repository/Filtreler/Departmanlar'

2021-10-14 17:07:41 - [MESSAGE][INFO] - Checking timeout

2021-10-14 17:07:41 - [MESSAGE][INFO] - Finding web element with id: 'Object Repository/Filtreler/Departmanlar' located by 'By.cssSelector: #comboBoxFilterIncomingInvoiceAssignedDepartments_DDD_L_LBT .dxeListBoxItem_LECustomTheme' in '10' second(s)

2021-10-14 17:07:41 - [MESSAGE][INFO] - Smart Wait Function is triggered

2021-10-14 17:07:41 - [MESSAGE][INFO] - Found 6 web elements with id: 'Object Repository/Filtreler/Departmanlar' located by 'By.cssSelector: #comboBoxFilterIncomingInvoiceAssignedDepartments_DDD_L_LBT .dxeListBoxItem_LECustomTheme' in '10' second(s)

2021-10-14 17:07:41 - [MESSAGE][PASSED] - Method.TextDegerineEsitElementeTikla is PASSED

2021-10-14 17:07:41 - [MESSAGE][PASSED] - Call Test Case 'Test Cases/Filtreler/atananDepartman' successfully

2021-10-14 17:07:41 - [MESSAGE][INFO] - Checking called Test Case

2021-10-14 17:07:41 - [MESSAGE][INFO] - Starting to call Test Case 'Test Cases/Filtreler/ButonaTikla'

2021-10-14 17:07:41 - [TEST_CASE][PASSED] - Test Cases/Filtreler/ButonaTikla: Test Cases/Filtreler/ButonaTikla

2021-10-14 17:07:41 - [TEST_STEP][PASSED] - Method.TextDegerineEsitElementeTikla(findTestObject("Filtreler/Butonlar"), Filtre_Buton): Method.TextDegerineEsitElementeTikla is PASSED

2021-10-14 17:07:41 - [MESSAGE][INFO] - Finding Test Object 'Object Repository/Filtreler/Butonlar'

2021-10-14 17:07:41 - [MESSAGE][INFO] - Checking timeout

2021-10-14 17:07:41 - [MESSAGE][INFO] - Finding web element with id: 'Object Repository/Filtreler/Butonlar' located by 'By.cssSelector: .dxb>span' in '10' second(s)

2021-10-14 17:07:41 - [MESSAGE][INFO] - Smart Wait Function is triggered

2021-10-14 17:07:42 - [MESSAGE][INFO] - Found 3 web elements with id: 'Object Repository/Filtreler/Butonlar' located by 'By.cssSelector: .dxb>span' in '10' second(s)

2021-10-14 17:07:42 - [MESSAGE][PASSED] - Method.TextDegerineEsitElementeTikla is PASSED

2021-10-14 17:07:42 - [MESSAGE][PASSED] - Call Test Case 'Test Cases/Filtreler/ButonaTikla' successfully

2021-10-14 17:07:42 - [MESSAGE][INFO] - Checking called Test Case

2021-10-14 17:07:42 - [MESSAGE][INFO] - Starting to call Test Case 'Test Cases/Butonlar/ButonaTikla'

2021-10-14 17:07:42 - [TEST_CASE][PASSED] - Test Cases/Butonlar/ButonaTikla: Test Cases/Butonlar/ButonaTikla

2021-10-14 17:07:42 - [TEST_STEP][PASSED] - Method.TextDegerineEsitElementeTiklaEquals(findTestObject("Butonlar/Butonlar"), Buton_Adi): Method.TextDegerineEsitElementeTiklaEquals is PASSED

2021-10-14 17:07:42 - [MESSAGE][INFO] - Finding Test Object 'Object Repository/Butonlar/Butonlar'

2021-10-14 17:07:42 - [MESSAGE][INFO] - Checking timeout

2021-10-14 17:07:42 - [MESSAGE][INFO] - Finding web element with id: 'Object Repository/Butonlar/Butonlar' located by 'By.cssSelector: .panel.panel-default.text-center.footerPanel .btn,.btn.btn-primary.btnControls' in '10' second(s)

2021-10-14 17:07:42 - [MESSAGE][INFO] - Smart Wait Function is triggered

2021-10-14 17:07:43 - [MESSAGE][INFO] - Found 15 web elements with id: 'Object Repository/Butonlar/Butonlar' located by 'By.cssSelector: .panel.panel-default.text-center.footerPanel .btn,.btn.btn-primary.btnControls' in '10' second(s)

2021-10-14 17:07:43 - [MESSAGE][PASSED] - Method.TextDegerineEsitElementeTiklaEquals is PASSED

2021-10-14 17:07:43 - [MESSAGE][PASSED] - Call Test Case 'Test Cases/Butonlar/ButonaTikla' successfully

2021-10-14 17:07:43 - [MESSAGE][INFO] - Checking called Test Case

2021-10-14 17:07:43 - [MESSAGE][INFO] - Starting to call Test Case 'Test Cases/Sekmeler/YeniSekmeyeGec'

2021-10-14 17:07:43 - [TEST_CASE][PASSED] - Test Cases/Sekmeler/YeniSekmeyeGec: Test Cases/Sekmeler/YeniSekmeyeGec

2021-10-14 17:07:43 - [TEST_STEP][PASSED] - switchToWindowIndex(1): Switched to window with index: '1'

2021-10-14 17:07:43 - [MESSAGE][INFO] - Checking index

2021-10-14 17:07:43 - [MESSAGE][INFO] - Switching window with index: '1'

2021-10-14 17:07:43 - [MESSAGE][PASSED] - Switched to window with index: '1'

2021-10-14 17:07:43 - [MESSAGE][PASSED] - Call Test Case 'Test Cases/Sekmeler/YeniSekmeyeGec' successfully

2021-10-14 17:07:43 - [MESSAGE][INFO] - Checking called Test Case

2021-10-14 17:07:43 - [MESSAGE][INFO] - Starting to call Test Case 'Test Cases/Sekmeler/DepartmanCheckboxiSecilir'

2021-10-14 17:07:43 - [TEST_CASE][PASSED] - Test Cases/Sekmeler/DepartmanCheckboxiSecilir: Test Cases/Sekmeler/DepartmanCheckboxiSecilir

2021-10-14 17:07:43 - [TEST_STEP][PASSED] - Method.TextDegerineEsitElementeTikla(findTestObject("Object Repository/Sekmeler/DepartmanCheckboxi"), Departman): Method.TextDegerineEsitElementeTikla is PASSED

2021-10-14 17:07:43 - [MESSAGE][INFO] - Finding Test Object 'Object Repository/Sekmeler/DepartmanCheckboxi'

2021-10-14 17:07:44 - [MESSAGE][INFO] - Checking timeout

2021-10-14 17:07:44 - [MESSAGE][INFO] - Finding web element with id: 'Object Repository/Sekmeler/DepartmanCheckboxi' located by 'By.cssSelector: .dx-wrap' in '10' second(s)

2021-10-14 17:07:44 - [MESSAGE][INFO] - Smart Wait Function is triggered

2021-10-14 17:07:44 - [MESSAGE][INFO] - Found 4 web elements with id: 'Object Repository/Sekmeler/DepartmanCheckboxi' located by 'By.cssSelector: .dx-wrap' in '10' second(s)

2021-10-14 17:07:44 - [MESSAGE][PASSED] - Method.TextDegerineEsitElementeTikla is PASSED

2021-10-14 17:07:44 - [MESSAGE][PASSED] - Call Test Case 'Test Cases/Sekmeler/DepartmanCheckboxiSecilir' successfully

2021-10-14 17:07:44 - [MESSAGE][INFO] - Checking called Test Case

2021-10-14 17:07:44 - [MESSAGE][INFO] - Starting to call Test Case 'Test Cases/Sekmeler/DepartmanKaydedilir'

2021-10-14 17:07:44 - [TEST_CASE][PASSED] - Test Cases/Sekmeler/DepartmanKaydedilir: Test Cases/Sekmeler/DepartmanKaydedilir

2021-10-14 17:07:44 - [TEST_STEP][PASSED] - waitForElementClickable(findTestObject("Object Repository/Sekmeler/DepartmanKaydetButoni"), 10): Object 'Object Repository/Sekmeler/DepartmanKaydetButoni' is clickable

2021-10-14 17:07:44 - [MESSAGE][INFO] - Finding Test Object 'Object Repository/Sekmeler/DepartmanKaydetButoni'

2021-10-14 17:07:45 - [MESSAGE][INFO] - Checking object

2021-10-14 17:07:45 - [MESSAGE][INFO] - Checking timeout

2021-10-14 17:07:45 - [MESSAGE][INFO] - Finding web element from Test Object's properties

2021-10-14 17:07:45 - [MESSAGE][INFO] - Checking timeout

2021-10-14 17:07:45 - [MESSAGE][INFO] - Finding web element with id: 'Object Repository/Sekmeler/DepartmanKaydetButoni' located by 'By.cssSelector: .dx-vam' in '10' second(s)

2021-10-14 17:07:45 - [MESSAGE][INFO] - Smart Wait Function is triggered

2021-10-14 17:07:45 - [MESSAGE][INFO] - Found 1 web elements with id: 'Object Repository/Sekmeler/DepartmanKaydetButoni' located by 'By.cssSelector: .dx-vam' in '10' second(s)

2021-10-14 17:07:45 - [MESSAGE][PASSED] - Object 'Object Repository/Sekmeler/DepartmanKaydetButoni' is clickable

2021-10-14 17:07:45 - [TEST_STEP][PASSED] - click(findTestObject("Object Repository/Sekmeler/DepartmanKaydetButoni")): Object: 'Object Repository/Sekmeler/DepartmanKaydetButoni' is clicked on

2021-10-14 17:07:45 - [MESSAGE][INFO] - Finding Test Object 'Object Repository/Sekmeler/DepartmanKaydetButoni'

2021-10-14 17:07:45 - [MESSAGE][INFO] - Checking object

2021-10-14 17:07:45 - [MESSAGE][INFO] - Finding web element from Test Object's properties

2021-10-14 17:07:45 - [MESSAGE][INFO] - Checking timeout

2021-10-14 17:07:45 - [MESSAGE][INFO] - Finding web element with id: 'Object Repository/Sekmeler/DepartmanKaydetButoni' located by 'By.cssSelector: .dx-vam' in '30' second(s)

2021-10-14 17:07:45 - [MESSAGE][INFO] - Smart Wait Function is triggered

2021-10-14 17:07:45 - [MESSAGE][INFO] - Found 1 web elements with id: 'Object Repository/Sekmeler/DepartmanKaydetButoni' located by 'By.cssSelector: .dx-vam' in '30' second(s)

2021-10-14 17:07:45 - [MESSAGE][INFO] - Clicking on object: 'Object Repository/Sekmeler/DepartmanKaydetButoni'

2021-10-14 17:07:46 - [MESSAGE][PASSED] - Object: 'Object Repository/Sekmeler/DepartmanKaydetButoni' is clicked on

2021-10-14 17:07:46 - [MESSAGE][PASSED] - Call Test Case 'Test Cases/Sekmeler/DepartmanKaydedilir' successfully

2021-10-14 17:07:46 - [MESSAGE][INFO] - Checking called Test Case

2021-10-14 17:07:46 - [MESSAGE][INFO] - Starting to call Test Case 'Test Cases/Popup/PopupMesajiIceriyorMu'

2021-10-14 17:07:46 - [TEST_CASE][PASSED] - Test Cases/Popup/PopupMesajiIceriyorMu: Test Cases/Popup/PopupMesajiIceriyorMu

2021-10-14 17:07:46 - [TEST_STEP][PASSED] - waitForElementVisible(findTestObject("Popup/Popup"), 10): Object 'Object Repository/Popup/Popup' is visible

2021-10-14 17:07:46 - [MESSAGE][INFO] - Finding Test Object 'Object Repository/Popup/Popup'

2021-10-14 17:07:46 - [MESSAGE][INFO] - Checking object

2021-10-14 17:07:46 - [MESSAGE][INFO] - Checking timeout

2021-10-14 17:07:46 - [MESSAGE][INFO] - Finding web element from Test Object's properties

2021-10-14 17:07:46 - [MESSAGE][INFO] - Checking timeout

2021-10-14 17:07:46 - [MESSAGE][INFO] - Finding web element with id: 'Object Repository/Popup/Popup' located by 'By.cssSelector: .bootbox-body' in '10' second(s)

2021-10-14 17:07:46 - [MESSAGE][INFO] - Smart Wait Function is triggered

2021-10-14 17:07:47 - [MESSAGE][INFO] - Found 1 web elements with id: 'Object Repository/Popup/Popup' located by 'By.cssSelector: .bootbox-body' in '10' second(s)

2021-10-14 17:07:47 - [MESSAGE][PASSED] - Object 'Object Repository/Popup/Popup' is visible

2021-10-14 17:07:47 - [TEST_STEP][PASSED] - if (!(getText(findTestObject("Popup/Popup")).contains(Mesaj))): Text of object 'Object Repository/Popup/Popup' is: 'Seçilen belgelerin ilgili departmanlardaki yetkisi kaldırılmıştır.'

2021-10-14 17:07:47 - [MESSAGE][INFO] - Finding Test Object 'Object Repository/Popup/Popup'

2021-10-14 17:07:47 - [MESSAGE][INFO] - Checking object

2021-10-14 17:07:47 - [MESSAGE][INFO] - Finding web element from Test Object's properties

2021-10-14 17:07:47 - [MESSAGE][INFO] - Checking timeout

2021-10-14 17:07:47 - [MESSAGE][INFO] - Finding web element with id: 'Object Repository/Popup/Popup' located by 'By.cssSelector: .bootbox-body' in '30' second(s)

2021-10-14 17:07:47 - [MESSAGE][INFO] - Smart Wait Function is triggered

2021-10-14 17:07:47 - [MESSAGE][INFO] - Found 1 web elements with id: 'Object Repository/Popup/Popup' located by 'By.cssSelector: .bootbox-body' in '30' second(s)

2021-10-14 17:07:47 - [MESSAGE][INFO] - Getting text of object 'Object Repository/Popup/Popup'

2021-10-14 17:07:47 - [MESSAGE][PASSED] - Text of object 'Object Repository/Popup/Popup' is: 'Seçilen belgelerin ilgili departmanlardaki yetkisi kaldırılmıştır.'

2021-10-14 17:07:47 - [TEST_STEP][PASSED] - RaporNo = getText(findTestObject("Popup/Popup")).substring(0, 6): Text of object 'Object Repository/Popup/Popup' is: 'Seçilen belgelerin ilgili departmanlardaki yetkisi kaldırılmıştır.'

2021-10-14 17:07:47 - [MESSAGE][INFO] - Finding Test Object 'Object Repository/Popup/Popup'

2021-10-14 17:07:47 - [MESSAGE][INFO] - Checking object

2021-10-14 17:07:47 - [MESSAGE][INFO] - Finding web element from Test Object's properties

2021-10-14 17:07:47 - [MESSAGE][INFO] - Checking timeout

2021-10-14 17:07:47 - [MESSAGE][INFO] - Finding web element with id: 'Object Repository/Popup/Popup' located by 'By.cssSelector: .bootbox-body' in '30' second(s)

2021-10-14 17:07:47 - [MESSAGE][INFO] - Smart Wait Function is triggered

2021-10-14 17:07:48 - [MESSAGE][INFO] - Found 1 web elements with id: 'Object Repository/Popup/Popup' located by 'By.cssSelector: .bootbox-body' in '30' second(s)

2021-10-14 17:07:48 - [MESSAGE][INFO] - Getting text of object 'Object Repository/Popup/Popup'

2021-10-14 17:07:48 - [MESSAGE][PASSED] - Text of object 'Object Repository/Popup/Popup' is: 'Seçilen belgelerin ilgili departmanlardaki yetkisi kaldırılmıştır.'

2021-10-14 17:07:48 - [TEST_STEP][PASSED] - Console.println(RaporNo): null

2021-10-14 17:07:48 - [MESSAGE][PASSED] - Call Test Case 'Test Cases/Popup/PopupMesajiIceriyorMu' successfully

2021-10-14 17:07:48 - [MESSAGE][INFO] - Checking called Test Case

2021-10-14 17:07:48 - [MESSAGE][INFO] - Starting to call Test Case 'Test Cases/Popup/PopupButonSecilir'

2021-10-14 17:07:48 - [TEST_CASE][PASSED] - Test Cases/Popup/PopupButonSecilir: Test Cases/Popup/PopupButonSecilir

2021-10-14 17:07:48 - [TEST_STEP][PASSED] - Method.TextDegerineEsitElementeTikla(findTestObject("Popup/Popup_Butons"), Buton): Method.TextDegerineEsitElementeTikla is PASSED

2021-10-14 17:07:48 - [MESSAGE][INFO] - Finding Test Object 'Object Repository/Popup/Popup_Butons'

2021-10-14 17:07:48 - [MESSAGE][INFO] - Checking timeout

2021-10-14 17:07:48 - [MESSAGE][INFO] - Finding web element with id: 'Object Repository/Popup/Popup_Butons' located by 'By.cssSelector: .modal-footer>button' in '10' second(s)

2021-10-14 17:07:48 - [MESSAGE][INFO] - Smart Wait Function is triggered

2021-10-14 17:07:48 - [MESSAGE][INFO] - Found 1 web elements with id: 'Object Repository/Popup/Popup_Butons' located by 'By.cssSelector: .modal-footer>button' in '10' second(s)

2021-10-14 17:07:48 - [MESSAGE][PASSED] - Method.TextDegerineEsitElementeTikla is PASSED

2021-10-14 17:07:48 - [MESSAGE][PASSED] - Call Test Case 'Test Cases/Popup/PopupButonSecilir' successfully

2021-10-14 17:07:48 - [MESSAGE][INFO] - Checking called Test Case

2021-10-14 17:07:48 - [MESSAGE][INFO] - Starting to call Test Case 'Test Cases/Sekmeler/Ana_Sekmeye_Gec'

2021-10-14 17:07:48 - [TEST_CASE][PASSED] - Test Cases/Sekmeler/Ana_Sekmeye_Gec: Test Cases/Sekmeler/Ana_Sekmeye_Gec

2021-10-14 17:07:48 - [TEST_STEP][FAILED] - try: Unable to get the index of the current window (Root cause: com.kms.katalon.core.exception.StepFailedException: Unable to get the index of the current window
	at com.kms.katalon.core.webui.keyword.internal.WebUIKeywordMain.stepFailed(WebUIKeywordMain.groovy:64)
	at com.kms.katalon.core.webui.keyword.internal.WebUIKeywordMain.runKeywordAndReturnInt(WebUIKeywordMain.groovy:56)
	at com.kms.katalon.core.webui.keyword.builtin.GetWindowIndexKeyword.getWindowIndex(GetWindowIndexKeyword.groovy:71)
	at com.kms.katalon.core.webui.keyword.builtin.GetWindowIndexKeyword.execute(GetWindowIndexKeyword.groovy:66)
	at com.kms.katalon.core.keyword.internal.KeywordExecutor.executeKeywordForPlatform(KeywordExecutor.groovy:73)
	at com.kms.katalon.core.webui.keyword.WebUiBuiltInKeywords.getWindowIndex(WebUiBuiltInKeywords.groovy:262)
	at com.kms.katalon.core.webui.keyword.WebUiBuiltInKeywords$getWindowIndex$21.call(Unknown Source)
	at Ana_Sekmeye_Gec.run(Ana_Sekmeye_Gec:18)
	at com.kms.katalon.core.main.ScriptEngine.run(ScriptEngine.java:194)
	at com.kms.katalon.core.main.ScriptEngine.runScriptAsRawText(ScriptEngine.java:119)
	at com.kms.katalon.core.main.TestCaseExecutor.runScript(TestCaseExecutor.java:369)
	at com.kms.katalon.core.main.TestCaseExecutor.doExecute(TestCaseExecutor.java:360)
	at com.kms.katalon.core.main.TestCaseExecutor.processExecutionPhase(TestCaseExecutor.java:339)
	at com.kms.katalon.core.main.TestCaseExecutor.accessMainPhase(TestCaseExecutor.java:331)
	at com.kms.katalon.core.main.TestCaseExecutor.execute(TestCaseExecutor.java:248)
	at com.kms.katalon.core.main.TestCaseMain.runTestCase(TestCaseMain.java:138)
	at com.kms.katalon.core.keyword.builtin.CallTestCaseKeyword$_callTestCase_closure1.doCall(CallTestCaseKeyword.groovy:59)
	at com.kms.katalon.core.keyword.builtin.CallTestCaseKeyword$_callTestCase_closure1.call(CallTestCaseKeyword.groovy)
	at com.kms.katalon.core.keyword.internal.KeywordMain.runKeyword(KeywordMain.groovy:68)
	at com.kms.katalon.core.keyword.builtin.CallTestCaseKeyword.callTestCase(CallTestCaseKeyword.groovy:81)
	at com.kms.katalon.core.keyword.builtin.CallTestCaseKeyword.execute(CallTestCaseKeyword.groovy:44)
	at com.kms.katalon.core.keyword.internal.KeywordExecutor.executeKeywordForPlatform(KeywordExecutor.groovy:73)
	at com.kms.katalon.core.keyword.BuiltinKeywords.callTestCase(BuiltinKeywords.groovy:334)
	at sekmeler.sekmeler.anaSekmeyeGecilir(sekmeler.groovy:55)
	at cucumber.runtime.Utils$1.call(Utils.java:26)
	at cucumber.runtime.Timeout.timeout(Timeout.java:16)
	at cucumber.runtime.Utils.invoke(Utils.java:20)
	at cucumber.runtime.java.JavaStepDefinition.execute(JavaStepDefinition.java:49)
	at cucumber.runner.PickleStepDefinitionMatch.runStep(PickleStepDefinitionMatch.java:50)
	at cucumber.runner.TestStep.executeStep(TestStep.java:63)
	at cucumber.runner.TestStep.run(TestStep.java:49)
	at cucumber.runner.PickleStepTestStep.run(PickleStepTestStep.java:43)
	at cucumber.runner.TestCase.run(TestCase.java:44)
	at cucumber.runner.Runner.runPickle(Runner.java:40)
	at cucumber.runtime.Runtime$1.run(Runtime.java:84)
	at cucumber.runtime.Runtime$SameThreadExecutorService.execute(Runtime.java:220)
	at cucumber.runtime.Runtime.run(Runtime.java:81)
	at cucumber.api.cli.Main.run(Main.java:26)
	at cucumber.api.cli.Main$run.call(Unknown Source)
	at com.kms.katalon.core.cucumber.keyword.CucumberBuiltinKeywords$_runFeatureFile_closure1.doCall(CucumberBuiltinKeywords.groovy:106)
	at com.kms.katalon.core.cucumber.keyword.CucumberBuiltinKeywords$_runFeatureFile_closure1.doCall(CucumberBuiltinKeywords.groovy)
	at com.kms.katalon.core.keyword.internal.KeywordMain.runKeyword(KeywordMain.groovy:68)
	at com.kms.katalon.core.keyword.internal.KeywordMain$runKeyword.call(Unknown Source)
	at com.kms.katalon.core.cucumber.keyword.CucumberBuiltinKeywords.runFeatureFile(CucumberBuiltinKeywords.groovy:73)
	at com.kms.katalon.core.cucumber.keyword.CucumberBuiltinKeywords$runFeatureFile$0.callStatic(Unknown Source)
	at com.kms.katalon.core.cucumber.keyword.CucumberBuiltinKeywords.runFeatureFile(CucumberBuiltinKeywords.groovy:246)
	at com.kms.katalon.core.cucumber.keyword.CucumberBuiltinKeywords$runFeatureFile.call(Unknown Source)
	at Departman Ata-Geri Al.run(Departman Ata-Geri Al:18)
	at com.kms.katalon.core.main.ScriptEngine.run(ScriptEngine.java:194)
	at com.kms.katalon.core.main.ScriptEngine.runScriptAsRawText(ScriptEngine.java:119)
	at com.kms.katalon.core.main.TestCaseExecutor.runScript(TestCaseExecutor.java:369)
	at com.kms.katalon.core.main.TestCaseExecutor.doExecute(TestCaseExecutor.java:360)
	at com.kms.katalon.core.main.TestCaseExecutor.processExecutionPhase(TestCaseExecutor.java:339)
	at com.kms.katalon.core.main.TestCaseExecutor.accessMainPhase(TestCaseExecutor.java:331)
	at com.kms.katalon.core.main.TestCaseExecutor.execute(TestCaseExecutor.java:248)
	at com.kms.katalon.core.main.TestSuiteExecutor.accessTestCaseMainPhase(TestSuiteExecutor.java:191)
	at com.kms.katalon.core.main.TestSuiteExecutor.accessTestSuiteMainPhase(TestSuiteExecutor.java:140)
	at com.kms.katalon.core.main.TestSuiteExecutor.execute(TestSuiteExecutor.java:89)
	at com.kms.katalon.core.main.TestCaseMain.startTestSuite(TestCaseMain.java:181)
	at com.kms.katalon.core.main.TestCaseMain$startTestSuite$0.call(Unknown Source)
	at TempTestSuite1634220073501.run(TempTestSuite1634220073501.groovy:39)
Caused by: org.openqa.selenium.NoSuchWindowException: no such window: window was already closed
  (Session info: chrome=94.0.4606.81)
Build info: version: '3.141.59', revision: 'e82be7d358', time: '2018-11-14T08:25:53'
System info: host: 'DESKTOP-QBVMTUG', ip: '10.10.3.14', os.name: 'Windows 10', os.arch: 'amd64', os.version: '10.0', java.version: '1.8.0_282'
Driver info: com.kms.katalon.selenium.driver.CChromeDriver
Capabilities {acceptInsecureCerts: false, browserName: chrome, browserVersion: 94.0.4606.81, chrome: {chromedriverVersion: 94.0.4606.61 (418b78f5838ed..., userDataDir: C:\Users\DELL\AppData\Local...}, goog:chromeOptions: {debuggerAddress: localhost:63070}, javascriptEnabled: true, networkConnectionEnabled: false, pageLoadStrategy: normal, platform: WINDOWS, platformName: WINDOWS, proxy: Proxy(), setWindowRect: true, strictFileInteractability: false, timeouts: {implicit: 0, pageLoad: 300000, script: 30000}, unhandledPromptBehavior: dismiss and notify, webauthn:extension:credBlob: true, webauthn:extension:largeBlob: true, webauthn:virtualAuthenticators: true}
Session ID: 744fdfa78009c1d9e2186c6acf444c15
	at org.openqa.selenium.remote.http.W3CHttpResponseCodec.createException(W3CHttpResponseCodec.java:187)
	at org.openqa.selenium.remote.http.W3CHttpResponseCodec.decode(W3CHttpResponseCodec.java:122)
	at org.openqa.selenium.remote.http.W3CHttpResponseCodec.decode(W3CHttpResponseCodec.java:49)
	at org.openqa.selenium.remote.HttpCommandExecutor.execute(HttpCommandExecutor.java:158)
	at org.openqa.selenium.remote.service.DriverCommandExecutor.execute(DriverCommandExecutor.java:83)
	at org.openqa.selenium.remote.RemoteWebDriver.execute(RemoteWebDriver.java:552)
	at com.kms.katalon.selenium.driver.CChromeDriver.execute(CChromeDriver.java:19)
	at org.openqa.selenium.remote.RemoteWebDriver.execute(RemoteWebDriver.java:609)
	at org.openqa.selenium.remote.RemoteWebDriver.getWindowHandle(RemoteWebDriver.java:472)
	at org.openqa.selenium.support.events.EventFiringWebDriver.lambda$new$1(EventFiringWebDriver.java:105)
	at com.sun.proxy.$Proxy12.getWindowHandle(Unknown Source)
	at org.openqa.selenium.support.events.EventFiringWebDriver.getWindowHandle(EventFiringWebDriver.java:221)
	at com.kms.katalon.core.webui.driver.DriverFactory.getCurrentWindowIndex(DriverFactory.java:1072)
	at com.kms.katalon.core.webui.keyword.builtin.GetWindowIndexKeyword$_getWindowIndex_closure1.doCall(GetWindowIndexKeyword.groovy:73)
	at com.kms.katalon.core.webui.keyword.builtin.GetWindowIndexKeyword$_getWindowIndex_closure1.call(GetWindowIndexKeyword.groovy)
	at com.kms.katalon.core.webui.keyword.internal.WebUIKeywordMain.runKeywordAndReturnInt(WebUIKeywordMain.groovy:50)
	at com.kms.katalon.core.webui.keyword.builtin.GetWindowIndexKeyword.getWindowIndex(GetWindowIndexKeyword.groovy:71)
	at com.kms.katalon.core.webui.keyword.builtin.GetWindowIndexKeyword.execute(GetWindowIndexKeyword.groovy:66)
	at com.kms.katalon.core.keyword.internal.KeywordExecutor.executeKeywordForPlatform(KeywordExecutor.groovy:73)
	at com.kms.katalon.core.webui.keyword.WebUiBuiltInKeywords.getWindowIndex(WebUiBuiltInKeywords.groovy:262)
	at com.kms.katalon.core.webui.keyword.WebUiBuiltInKeywords$getWindowIndex$21.call(Unknown Source)
	at Script1586261051750.run(Script1586261051750.groovy:18)
	at com.kms.katalon.core.main.ScriptEngine.run(ScriptEngine.java:194)
	at com.kms.katalon.core.main.ScriptEngine.runScriptAsRawText(ScriptEngine.java:119)
	at com.kms.katalon.core.main.TestCaseExecutor.runScript(TestCaseExecutor.java:369)
	at com.kms.katalon.core.main.TestCaseExecutor.doExecute(TestCaseExecutor.java:360)
	at com.kms.katalon.core.main.TestCaseExecutor.processExecutionPhase(TestCaseExecutor.java:339)
	at com.kms.katalon.core.main.TestCaseExecutor.accessMainPhase(TestCaseExecutor.java:331)
	at com.kms.katalon.core.main.TestCaseExecutor.execute(TestCaseExecutor.java:248)
	at com.kms.katalon.core.main.TestCaseMain.runTestCase(TestCaseMain.java:138)
	at com.kms.katalon.core.keyword.builtin.CallTestCaseKeyword$_callTestCase_closure1.doCall(CallTestCaseKeyword.groovy:59)
	at com.kms.katalon.core.keyword.builtin.CallTestCaseKeyword$_callTestCase_closure1.call(CallTestCaseKeyword.groovy)
	at com.kms.katalon.core.keyword.internal.KeywordMain.runKeyword(KeywordMain.groovy:68)
	at com.kms.katalon.core.keyword.builtin.CallTestCaseKeyword.callTestCase(CallTestCaseKeyword.groovy:81)
	at com.kms.katalon.core.keyword.builtin.CallTestCaseKeyword.execute(CallTestCaseKeyword.groovy:44)
	at com.kms.katalon.core.keyword.internal.KeywordExecutor.executeKeywordForPlatform(KeywordExecutor.groovy:73)
	at com.kms.katalon.core.keyword.BuiltinKeywords.callTestCase(BuiltinKeywords.groovy:334)
	at sekmeler.sekmeler.anaSekmeyeGecilir(sekmeler.groovy:55)
	at cucumber.runtime.Utils$1.call(Utils.java:26)
	at cucumber.runtime.Timeout.timeout(Timeout.java:16)
	at cucumber.runtime.Utils.invoke(Utils.java:20)
	at cucumber.runtime.java.JavaStepDefinition.execute(JavaStepDefinition.java:49)
	at cucumber.runner.PickleStepDefinitionMatch.runStep(PickleStepDefinitionMatch.java:50)
	at cucumber.runner.TestStep.executeStep(TestStep.java:63)
	at cucumber.runner.TestStep.run(TestStep.java:49)
	at cucumber.runner.PickleStepTestStep.run(PickleStepTestStep.java:43)
	at cucumber.runner.TestCase.run(TestCase.java:44)
	at cucumber.runner.Runner.runPickle(Runner.java:40)
	at cucumber.runtime.Runtime$1.run(Runtime.java:84)
	at cucumber.runtime.Runtime$SameThreadExecutorService.execute(Runtime.java:220)
	at cucumber.runtime.Runtime.run(Runtime.java:81)
	at cucumber.api.cli.Main.run(Main.java:26)
	at cucumber.api.cli.Main$run.call(Unknown Source)
	at com.kms.katalon.core.cucumber.keyword.CucumberBuiltinKeywords$_runFeatureFile_closure1.doCall(CucumberBuiltinKeywords.groovy:106)
	at com.kms.katalon.core.cucumber.keyword.CucumberBuiltinKeywords$_runFeatureFile_closure1.doCall(CucumberBuiltinKeywords.groovy)
	at com.kms.katalon.core.keyword.internal.KeywordMain.runKeyword(KeywordMain.groovy:68)
	at com.kms.katalon.core.keyword.internal.KeywordMain$runKeyword.call(Unknown Source)
	at com.kms.katalon.core.cucumber.keyword.CucumberBuiltinKeywords.runFeatureFile(CucumberBuiltinKeywords.groovy:73)
	at com.kms.katalon.core.cucumber.keyword.CucumberBuiltinKeywords$runFeatureFile$0.callStatic(Unknown Source)
	at com.kms.katalon.core.cucumber.keyword.CucumberBuiltinKeywords.runFeatureFile(CucumberBuiltinKeywords.groovy:246)
	at com.kms.katalon.core.cucumber.keyword.CucumberBuiltinKeywords$runFeatureFile.call(Unknown Source)
	at Script1601994685077.run(Script1601994685077.groovy:18)
	... 13 more
)

2021-10-14 17:07:48 - [TEST_STEP][FAILED] - index = getWindowIndex(): Unable to get the index of the current window (Root cause: com.kms.katalon.core.exception.StepFailedException: Unable to get the index of the current window
	at com.kms.katalon.core.webui.keyword.internal.WebUIKeywordMain.stepFailed(WebUIKeywordMain.groovy:64)
	at com.kms.katalon.core.webui.keyword.internal.WebUIKeywordMain.runKeywordAndReturnInt(WebUIKeywordMain.groovy:56)
	at com.kms.katalon.core.webui.keyword.builtin.GetWindowIndexKeyword.getWindowIndex(GetWindowIndexKeyword.groovy:71)
	at com.kms.katalon.core.webui.keyword.builtin.GetWindowIndexKeyword.execute(GetWindowIndexKeyword.groovy:66)
	at com.kms.katalon.core.keyword.internal.KeywordExecutor.executeKeywordForPlatform(KeywordExecutor.groovy:73)
	at com.kms.katalon.core.webui.keyword.WebUiBuiltInKeywords.getWindowIndex(WebUiBuiltInKeywords.groovy:262)
	at com.kms.katalon.core.webui.keyword.WebUiBuiltInKeywords$getWindowIndex$21.call(Unknown Source)
	at Ana_Sekmeye_Gec.run(Ana_Sekmeye_Gec:18)
	at com.kms.katalon.core.main.ScriptEngine.run(ScriptEngine.java:194)
	at com.kms.katalon.core.main.ScriptEngine.runScriptAsRawText(ScriptEngine.java:119)
	at com.kms.katalon.core.main.TestCaseExecutor.runScript(TestCaseExecutor.java:369)
	at com.kms.katalon.core.main.TestCaseExecutor.doExecute(TestCaseExecutor.java:360)
	at com.kms.katalon.core.main.TestCaseExecutor.processExecutionPhase(TestCaseExecutor.java:339)
	at com.kms.katalon.core.main.TestCaseExecutor.accessMainPhase(TestCaseExecutor.java:331)
	at com.kms.katalon.core.main.TestCaseExecutor.execute(TestCaseExecutor.java:248)
	at com.kms.katalon.core.main.TestCaseMain.runTestCase(TestCaseMain.java:138)
	at com.kms.katalon.core.keyword.builtin.CallTestCaseKeyword$_callTestCase_closure1.doCall(CallTestCaseKeyword.groovy:59)
	at com.kms.katalon.core.keyword.builtin.CallTestCaseKeyword$_callTestCase_closure1.call(CallTestCaseKeyword.groovy)
	at com.kms.katalon.core.keyword.internal.KeywordMain.runKeyword(KeywordMain.groovy:68)
	at com.kms.katalon.core.keyword.builtin.CallTestCaseKeyword.callTestCase(CallTestCaseKeyword.groovy:81)
	at com.kms.katalon.core.keyword.builtin.CallTestCaseKeyword.execute(CallTestCaseKeyword.groovy:44)
	at com.kms.katalon.core.keyword.internal.KeywordExecutor.executeKeywordForPlatform(KeywordExecutor.groovy:73)
	at com.kms.katalon.core.keyword.BuiltinKeywords.callTestCase(BuiltinKeywords.groovy:334)
	at sekmeler.sekmeler.anaSekmeyeGecilir(sekmeler.groovy:55)
	at cucumber.runtime.Utils$1.call(Utils.java:26)
	at cucumber.runtime.Timeout.timeout(Timeout.java:16)
	at cucumber.runtime.Utils.invoke(Utils.java:20)
	at cucumber.runtime.java.JavaStepDefinition.execute(JavaStepDefinition.java:49)
	at cucumber.runner.PickleStepDefinitionMatch.runStep(PickleStepDefinitionMatch.java:50)
	at cucumber.runner.TestStep.executeStep(TestStep.java:63)
	at cucumber.runner.TestStep.run(TestStep.java:49)
	at cucumber.runner.PickleStepTestStep.run(PickleStepTestStep.java:43)
	at cucumber.runner.TestCase.run(TestCase.java:44)
	at cucumber.runner.Runner.runPickle(Runner.java:40)
	at cucumber.runtime.Runtime$1.run(Runtime.java:84)
	at cucumber.runtime.Runtime$SameThreadExecutorService.execute(Runtime.java:220)
	at cucumber.runtime.Runtime.run(Runtime.java:81)
	at cucumber.api.cli.Main.run(Main.java:26)
	at cucumber.api.cli.Main$run.call(Unknown Source)
	at com.kms.katalon.core.cucumber.keyword.CucumberBuiltinKeywords$_runFeatureFile_closure1.doCall(CucumberBuiltinKeywords.groovy:106)
	at com.kms.katalon.core.cucumber.keyword.CucumberBuiltinKeywords$_runFeatureFile_closure1.doCall(CucumberBuiltinKeywords.groovy)
	at com.kms.katalon.core.keyword.internal.KeywordMain.runKeyword(KeywordMain.groovy:68)
	at com.kms.katalon.core.keyword.internal.KeywordMain$runKeyword.call(Unknown Source)
	at com.kms.katalon.core.cucumber.keyword.CucumberBuiltinKeywords.runFeatureFile(CucumberBuiltinKeywords.groovy:73)
	at com.kms.katalon.core.cucumber.keyword.CucumberBuiltinKeywords$runFeatureFile$0.callStatic(Unknown Source)
	at com.kms.katalon.core.cucumber.keyword.CucumberBuiltinKeywords.runFeatureFile(CucumberBuiltinKeywords.groovy:246)
	at com.kms.katalon.core.cucumber.keyword.CucumberBuiltinKeywords$runFeatureFile.call(Unknown Source)
	at Departman Ata-Geri Al.run(Departman Ata-Geri Al:18)
	at com.kms.katalon.core.main.ScriptEngine.run(ScriptEngine.java:194)
	at com.kms.katalon.core.main.ScriptEngine.runScriptAsRawText(ScriptEngine.java:119)
	at com.kms.katalon.core.main.TestCaseExecutor.runScript(TestCaseExecutor.java:369)
	at com.kms.katalon.core.main.TestCaseExecutor.doExecute(TestCaseExecutor.java:360)
	at com.kms.katalon.core.main.TestCaseExecutor.processExecutionPhase(TestCaseExecutor.java:339)
	at com.kms.katalon.core.main.TestCaseExecutor.accessMainPhase(TestCaseExecutor.java:331)
	at com.kms.katalon.core.main.TestCaseExecutor.execute(TestCaseExecutor.java:248)
	at com.kms.katalon.core.main.TestSuiteExecutor.accessTestCaseMainPhase(TestSuiteExecutor.java:191)
	at com.kms.katalon.core.main.TestSuiteExecutor.accessTestSuiteMainPhase(TestSuiteExecutor.java:140)
	at com.kms.katalon.core.main.TestSuiteExecutor.execute(TestSuiteExecutor.java:89)
	at com.kms.katalon.core.main.TestCaseMain.startTestSuite(TestCaseMain.java:181)
	at com.kms.katalon.core.main.TestCaseMain$startTestSuite$0.call(Unknown Source)
	at TempTestSuite1634220073501.run(TempTestSuite1634220073501.groovy:39)
Caused by: org.openqa.selenium.NoSuchWindowException: no such window: window was already closed
  (Session info: chrome=94.0.4606.81)
Build info: version: '3.141.59', revision: 'e82be7d358', time: '2018-11-14T08:25:53'
System info: host: 'DESKTOP-QBVMTUG', ip: '10.10.3.14', os.name: 'Windows 10', os.arch: 'amd64', os.version: '10.0', java.version: '1.8.0_282'
Driver info: com.kms.katalon.selenium.driver.CChromeDriver
Capabilities {acceptInsecureCerts: false, browserName: chrome, browserVersion: 94.0.4606.81, chrome: {chromedriverVersion: 94.0.4606.61 (418b78f5838ed..., userDataDir: C:\Users\DELL\AppData\Local...}, goog:chromeOptions: {debuggerAddress: localhost:63070}, javascriptEnabled: true, networkConnectionEnabled: false, pageLoadStrategy: normal, platform: WINDOWS, platformName: WINDOWS, proxy: Proxy(), setWindowRect: true, strictFileInteractability: false, timeouts: {implicit: 0, pageLoad: 300000, script: 30000}, unhandledPromptBehavior: dismiss and notify, webauthn:extension:credBlob: true, webauthn:extension:largeBlob: true, webauthn:virtualAuthenticators: true}
Session ID: 744fdfa78009c1d9e2186c6acf444c15
	at org.openqa.selenium.remote.http.W3CHttpResponseCodec.createException(W3CHttpResponseCodec.java:187)
	at org.openqa.selenium.remote.http.W3CHttpResponseCodec.decode(W3CHttpResponseCodec.java:122)
	at org.openqa.selenium.remote.http.W3CHttpResponseCodec.decode(W3CHttpResponseCodec.java:49)
	at org.openqa.selenium.remote.HttpCommandExecutor.execute(HttpCommandExecutor.java:158)
	at org.openqa.selenium.remote.service.DriverCommandExecutor.execute(DriverCommandExecutor.java:83)
	at org.openqa.selenium.remote.RemoteWebDriver.execute(RemoteWebDriver.java:552)
	at com.kms.katalon.selenium.driver.CChromeDriver.execute(CChromeDriver.java:19)
	at org.openqa.selenium.remote.RemoteWebDriver.execute(RemoteWebDriver.java:609)
	at org.openqa.selenium.remote.RemoteWebDriver.getWindowHandle(RemoteWebDriver.java:472)
	at org.openqa.selenium.support.events.EventFiringWebDriver.lambda$new$1(EventFiringWebDriver.java:105)
	at com.sun.proxy.$Proxy12.getWindowHandle(Unknown Source)
	at org.openqa.selenium.support.events.EventFiringWebDriver.getWindowHandle(EventFiringWebDriver.java:221)
	at com.kms.katalon.core.webui.driver.DriverFactory.getCurrentWindowIndex(DriverFactory.java:1072)
	at com.kms.katalon.core.webui.keyword.builtin.GetWindowIndexKeyword$_getWindowIndex_closure1.doCall(GetWindowIndexKeyword.groovy:73)
	at com.kms.katalon.core.webui.keyword.builtin.GetWindowIndexKeyword$_getWindowIndex_closure1.call(GetWindowIndexKeyword.groovy)
	at com.kms.katalon.core.webui.keyword.internal.WebUIKeywordMain.runKeywordAndReturnInt(WebUIKeywordMain.groovy:50)
	at com.kms.katalon.core.webui.keyword.builtin.GetWindowIndexKeyword.getWindowIndex(GetWindowIndexKeyword.groovy:71)
	at com.kms.katalon.core.webui.keyword.builtin.GetWindowIndexKeyword.execute(GetWindowIndexKeyword.groovy:66)
	at com.kms.katalon.core.keyword.internal.KeywordExecutor.executeKeywordForPlatform(KeywordExecutor.groovy:73)
	at com.kms.katalon.core.webui.keyword.WebUiBuiltInKeywords.getWindowIndex(WebUiBuiltInKeywords.groovy:262)
	at com.kms.katalon.core.webui.keyword.WebUiBuiltInKeywords$getWindowIndex$21.call(Unknown Source)
	at Script1586261051750.run(Script1586261051750.groovy:18)
	at com.kms.katalon.core.main.ScriptEngine.run(ScriptEngine.java:194)
	at com.kms.katalon.core.main.ScriptEngine.runScriptAsRawText(ScriptEngine.java:119)
	at com.kms.katalon.core.main.TestCaseExecutor.runScript(TestCaseExecutor.java:369)
	at com.kms.katalon.core.main.TestCaseExecutor.doExecute(TestCaseExecutor.java:360)
	at com.kms.katalon.core.main.TestCaseExecutor.processExecutionPhase(TestCaseExecutor.java:339)
	at com.kms.katalon.core.main.TestCaseExecutor.accessMainPhase(TestCaseExecutor.java:331)
	at com.kms.katalon.core.main.TestCaseExecutor.execute(TestCaseExecutor.java:248)
	at com.kms.katalon.core.main.TestCaseMain.runTestCase(TestCaseMain.java:138)
	at com.kms.katalon.core.keyword.builtin.CallTestCaseKeyword$_callTestCase_closure1.doCall(CallTestCaseKeyword.groovy:59)
	at com.kms.katalon.core.keyword.builtin.CallTestCaseKeyword$_callTestCase_closure1.call(CallTestCaseKeyword.groovy)
	at com.kms.katalon.core.keyword.internal.KeywordMain.runKeyword(KeywordMain.groovy:68)
	at com.kms.katalon.core.keyword.builtin.CallTestCaseKeyword.callTestCase(CallTestCaseKeyword.groovy:81)
	at com.kms.katalon.core.keyword.builtin.CallTestCaseKeyword.execute(CallTestCaseKeyword.groovy:44)
	at com.kms.katalon.core.keyword.internal.KeywordExecutor.executeKeywordForPlatform(KeywordExecutor.groovy:73)
	at com.kms.katalon.core.keyword.BuiltinKeywords.callTestCase(BuiltinKeywords.groovy:334)
	at sekmeler.sekmeler.anaSekmeyeGecilir(sekmeler.groovy:55)
	at cucumber.runtime.Utils$1.call(Utils.java:26)
	at cucumber.runtime.Timeout.timeout(Timeout.java:16)
	at cucumber.runtime.Utils.invoke(Utils.java:20)
	at cucumber.runtime.java.JavaStepDefinition.execute(JavaStepDefinition.java:49)
	at cucumber.runner.PickleStepDefinitionMatch.runStep(PickleStepDefinitionMatch.java:50)
	at cucumber.runner.TestStep.executeStep(TestStep.java:63)
	at cucumber.runner.TestStep.run(TestStep.java:49)
	at cucumber.runner.PickleStepTestStep.run(PickleStepTestStep.java:43)
	at cucumber.runner.TestCase.run(TestCase.java:44)
	at cucumber.runner.Runner.runPickle(Runner.java:40)
	at cucumber.runtime.Runtime$1.run(Runtime.java:84)
	at cucumber.runtime.Runtime$SameThreadExecutorService.execute(Runtime.java:220)
	at cucumber.runtime.Runtime.run(Runtime.java:81)
	at cucumber.api.cli.Main.run(Main.java:26)
	at cucumber.api.cli.Main$run.call(Unknown Source)
	at com.kms.katalon.core.cucumber.keyword.CucumberBuiltinKeywords$_runFeatureFile_closure1.doCall(CucumberBuiltinKeywords.groovy:106)
	at com.kms.katalon.core.cucumber.keyword.CucumberBuiltinKeywords$_runFeatureFile_closure1.doCall(CucumberBuiltinKeywords.groovy)
	at com.kms.katalon.core.keyword.internal.KeywordMain.runKeyword(KeywordMain.groovy:68)
	at com.kms.katalon.core.keyword.internal.KeywordMain$runKeyword.call(Unknown Source)
	at com.kms.katalon.core.cucumber.keyword.CucumberBuiltinKeywords.runFeatureFile(CucumberBuiltinKeywords.groovy:73)
	at com.kms.katalon.core.cucumber.keyword.CucumberBuiltinKeywords$runFeatureFile$0.callStatic(Unknown Source)
	at com.kms.katalon.core.cucumber.keyword.CucumberBuiltinKeywords.runFeatureFile(CucumberBuiltinKeywords.groovy:246)
	at com.kms.katalon.core.cucumber.keyword.CucumberBuiltinKeywords$runFeatureFile.call(Unknown Source)
	at Script1601994685077.run(Script1601994685077.groovy:18)
	... 13 more
)

2021-10-14 17:07:48 - [MESSAGE][INFO] - Getting current window's index

2021-10-14 17:07:48 - [MESSAGE][FAILED] - Unable to get the index of the current window (Root cause: com.kms.katalon.core.exception.StepFailedException: Unable to get the index of the current window
	at com.kms.katalon.core.webui.keyword.internal.WebUIKeywordMain.stepFailed(WebUIKeywordMain.groovy:64)
	at com.kms.katalon.core.webui.keyword.internal.WebUIKeywordMain.runKeywordAndReturnInt(WebUIKeywordMain.groovy:56)
	at com.kms.katalon.core.webui.keyword.builtin.GetWindowIndexKeyword.getWindowIndex(GetWindowIndexKeyword.groovy:71)
	at com.kms.katalon.core.webui.keyword.builtin.GetWindowIndexKeyword.execute(GetWindowIndexKeyword.groovy:66)
	at com.kms.katalon.core.keyword.internal.KeywordExecutor.executeKeywordForPlatform(KeywordExecutor.groovy:73)
	at com.kms.katalon.core.webui.keyword.WebUiBuiltInKeywords.getWindowIndex(WebUiBuiltInKeywords.groovy:262)
	at com.kms.katalon.core.webui.keyword.WebUiBuiltInKeywords$getWindowIndex$21.call(Unknown Source)
	at Ana_Sekmeye_Gec.run(Ana_Sekmeye_Gec:18)
	at com.kms.katalon.core.main.ScriptEngine.run(ScriptEngine.java:194)
	at com.kms.katalon.core.main.ScriptEngine.runScriptAsRawText(ScriptEngine.java:119)
	at com.kms.katalon.core.main.TestCaseExecutor.runScript(TestCaseExecutor.java:369)
	at com.kms.katalon.core.main.TestCaseExecutor.doExecute(TestCaseExecutor.java:360)
	at com.kms.katalon.core.main.TestCaseExecutor.processExecutionPhase(TestCaseExecutor.java:339)
	at com.kms.katalon.core.main.TestCaseExecutor.accessMainPhase(TestCaseExecutor.java:331)
	at com.kms.katalon.core.main.TestCaseExecutor.execute(TestCaseExecutor.java:248)
	at com.kms.katalon.core.main.TestCaseMain.runTestCase(TestCaseMain.java:138)
	at com.kms.katalon.core.keyword.builtin.CallTestCaseKeyword$_callTestCase_closure1.doCall(CallTestCaseKeyword.groovy:59)
	at com.kms.katalon.core.keyword.builtin.CallTestCaseKeyword$_callTestCase_closure1.call(CallTestCaseKeyword.groovy)
	at com.kms.katalon.core.keyword.internal.KeywordMain.runKeyword(KeywordMain.groovy:68)
	at com.kms.katalon.core.keyword.builtin.CallTestCaseKeyword.callTestCase(CallTestCaseKeyword.groovy:81)
	at com.kms.katalon.core.keyword.builtin.CallTestCaseKeyword.execute(CallTestCaseKeyword.groovy:44)
	at com.kms.katalon.core.keyword.internal.KeywordExecutor.executeKeywordForPlatform(KeywordExecutor.groovy:73)
	at com.kms.katalon.core.keyword.BuiltinKeywords.callTestCase(BuiltinKeywords.groovy:334)
	at sekmeler.sekmeler.anaSekmeyeGecilir(sekmeler.groovy:55)
	at cucumber.runtime.Utils$1.call(Utils.java:26)
	at cucumber.runtime.Timeout.timeout(Timeout.java:16)
	at cucumber.runtime.Utils.invoke(Utils.java:20)
	at cucumber.runtime.java.JavaStepDefinition.execute(JavaStepDefinition.java:49)
	at cucumber.runner.PickleStepDefinitionMatch.runStep(PickleStepDefinitionMatch.java:50)
	at cucumber.runner.TestStep.executeStep(TestStep.java:63)
	at cucumber.runner.TestStep.run(TestStep.java:49)
	at cucumber.runner.PickleStepTestStep.run(PickleStepTestStep.java:43)
	at cucumber.runner.TestCase.run(TestCase.java:44)
	at cucumber.runner.Runner.runPickle(Runner.java:40)
	at cucumber.runtime.Runtime$1.run(Runtime.java:84)
	at cucumber.runtime.Runtime$SameThreadExecutorService.execute(Runtime.java:220)
	at cucumber.runtime.Runtime.run(Runtime.java:81)
	at cucumber.api.cli.Main.run(Main.java:26)
	at cucumber.api.cli.Main$run.call(Unknown Source)
	at com.kms.katalon.core.cucumber.keyword.CucumberBuiltinKeywords$_runFeatureFile_closure1.doCall(CucumberBuiltinKeywords.groovy:106)
	at com.kms.katalon.core.cucumber.keyword.CucumberBuiltinKeywords$_runFeatureFile_closure1.doCall(CucumberBuiltinKeywords.groovy)
	at com.kms.katalon.core.keyword.internal.KeywordMain.runKeyword(KeywordMain.groovy:68)
	at com.kms.katalon.core.keyword.internal.KeywordMain$runKeyword.call(Unknown Source)
	at com.kms.katalon.core.cucumber.keyword.CucumberBuiltinKeywords.runFeatureFile(CucumberBuiltinKeywords.groovy:73)
	at com.kms.katalon.core.cucumber.keyword.CucumberBuiltinKeywords$runFeatureFile$0.callStatic(Unknown Source)
	at com.kms.katalon.core.cucumber.keyword.CucumberBuiltinKeywords.runFeatureFile(CucumberBuiltinKeywords.groovy:246)
	at com.kms.katalon.core.cucumber.keyword.CucumberBuiltinKeywords$runFeatureFile.call(Unknown Source)
	at Departman Ata-Geri Al.run(Departman Ata-Geri Al:18)
	at com.kms.katalon.core.main.ScriptEngine.run(ScriptEngine.java:194)
	at com.kms.katalon.core.main.ScriptEngine.runScriptAsRawText(ScriptEngine.java:119)
	at com.kms.katalon.core.main.TestCaseExecutor.runScript(TestCaseExecutor.java:369)
	at com.kms.katalon.core.main.TestCaseExecutor.doExecute(TestCaseExecutor.java:360)
	at com.kms.katalon.core.main.TestCaseExecutor.processExecutionPhase(TestCaseExecutor.java:339)
	at com.kms.katalon.core.main.TestCaseExecutor.accessMainPhase(TestCaseExecutor.java:331)
	at com.kms.katalon.core.main.TestCaseExecutor.execute(TestCaseExecutor.java:248)
	at com.kms.katalon.core.main.TestSuiteExecutor.accessTestCaseMainPhase(TestSuiteExecutor.java:191)
	at com.kms.katalon.core.main.TestSuiteExecutor.accessTestSuiteMainPhase(TestSuiteExecutor.java:140)
	at com.kms.katalon.core.main.TestSuiteExecutor.execute(TestSuiteExecutor.java:89)
	at com.kms.katalon.core.main.TestCaseMain.startTestSuite(TestCaseMain.java:181)
	at com.kms.katalon.core.main.TestCaseMain$startTestSuite$0.call(Unknown Source)
	at TempTestSuite1634220073501.run(TempTestSuite1634220073501.groovy:39)
Caused by: org.openqa.selenium.NoSuchWindowException: no such window: window was already closed
  (Session info: chrome=94.0.4606.81)
Build info: version: '3.141.59', revision: 'e82be7d358', time: '2018-11-14T08:25:53'
System info: host: 'DESKTOP-QBVMTUG', ip: '10.10.3.14', os.name: 'Windows 10', os.arch: 'amd64', os.version: '10.0', java.version: '1.8.0_282'
Driver info: com.kms.katalon.selenium.driver.CChromeDriver
Capabilities {acceptInsecureCerts: false, browserName: chrome, browserVersion: 94.0.4606.81, chrome: {chromedriverVersion: 94.0.4606.61 (418b78f5838ed..., userDataDir: C:\Users\DELL\AppData\Local...}, goog:chromeOptions: {debuggerAddress: localhost:63070}, javascriptEnabled: true, networkConnectionEnabled: false, pageLoadStrategy: normal, platform: WINDOWS, platformName: WINDOWS, proxy: Proxy(), setWindowRect: true, strictFileInteractability: false, timeouts: {implicit: 0, pageLoad: 300000, script: 30000}, unhandledPromptBehavior: dismiss and notify, webauthn:extension:credBlob: true, webauthn:extension:largeBlob: true, webauthn:virtualAuthenticators: true}
Session ID: 744fdfa78009c1d9e2186c6acf444c15
	at org.openqa.selenium.remote.http.W3CHttpResponseCodec.createException(W3CHttpResponseCodec.java:187)
	at org.openqa.selenium.remote.http.W3CHttpResponseCodec.decode(W3CHttpResponseCodec.java:122)
	at org.openqa.selenium.remote.http.W3CHttpResponseCodec.decode(W3CHttpResponseCodec.java:49)
	at org.openqa.selenium.remote.HttpCommandExecutor.execute(HttpCommandExecutor.java:158)
	at org.openqa.selenium.remote.service.DriverCommandExecutor.execute(DriverCommandExecutor.java:83)
	at org.openqa.selenium.remote.RemoteWebDriver.execute(RemoteWebDriver.java:552)
	at com.kms.katalon.selenium.driver.CChromeDriver.execute(CChromeDriver.java:19)
	at org.openqa.selenium.remote.RemoteWebDriver.execute(RemoteWebDriver.java:609)
	at org.openqa.selenium.remote.RemoteWebDriver.getWindowHandle(RemoteWebDriver.java:472)
	at org.openqa.selenium.support.events.EventFiringWebDriver.lambda$new$1(EventFiringWebDriver.java:105)
	at com.sun.proxy.$Proxy12.getWindowHandle(Unknown Source)
	at org.openqa.selenium.support.events.EventFiringWebDriver.getWindowHandle(EventFiringWebDriver.java:221)
	at com.kms.katalon.core.webui.driver.DriverFactory.getCurrentWindowIndex(DriverFactory.java:1072)
	at com.kms.katalon.core.webui.keyword.builtin.GetWindowIndexKeyword$_getWindowIndex_closure1.doCall(GetWindowIndexKeyword.groovy:73)
	at com.kms.katalon.core.webui.keyword.builtin.GetWindowIndexKeyword$_getWindowIndex_closure1.call(GetWindowIndexKeyword.groovy)
	at com.kms.katalon.core.webui.keyword.internal.WebUIKeywordMain.runKeywordAndReturnInt(WebUIKeywordMain.groovy:50)
	at com.kms.katalon.core.webui.keyword.builtin.GetWindowIndexKeyword.getWindowIndex(GetWindowIndexKeyword.groovy:71)
	at com.kms.katalon.core.webui.keyword.builtin.GetWindowIndexKeyword.execute(GetWindowIndexKeyword.groovy:66)
	at com.kms.katalon.core.keyword.internal.KeywordExecutor.executeKeywordForPlatform(KeywordExecutor.groovy:73)
	at com.kms.katalon.core.webui.keyword.WebUiBuiltInKeywords.getWindowIndex(WebUiBuiltInKeywords.groovy:262)
	at com.kms.katalon.core.webui.keyword.WebUiBuiltInKeywords$getWindowIndex$21.call(Unknown Source)
	at Script1586261051750.run(Script1586261051750.groovy:18)
	at com.kms.katalon.core.main.ScriptEngine.run(ScriptEngine.java:194)
	at com.kms.katalon.core.main.ScriptEngine.runScriptAsRawText(ScriptEngine.java:119)
	at com.kms.katalon.core.main.TestCaseExecutor.runScript(TestCaseExecutor.java:369)
	at com.kms.katalon.core.main.TestCaseExecutor.doExecute(TestCaseExecutor.java:360)
	at com.kms.katalon.core.main.TestCaseExecutor.processExecutionPhase(TestCaseExecutor.java:339)
	at com.kms.katalon.core.main.TestCaseExecutor.accessMainPhase(TestCaseExecutor.java:331)
	at com.kms.katalon.core.main.TestCaseExecutor.execute(TestCaseExecutor.java:248)
	at com.kms.katalon.core.main.TestCaseMain.runTestCase(TestCaseMain.java:138)
	at com.kms.katalon.core.keyword.builtin.CallTestCaseKeyword$_callTestCase_closure1.doCall(CallTestCaseKeyword.groovy:59)
	at com.kms.katalon.core.keyword.builtin.CallTestCaseKeyword$_callTestCase_closure1.call(CallTestCaseKeyword.groovy)
	at com.kms.katalon.core.keyword.internal.KeywordMain.runKeyword(KeywordMain.groovy:68)
	at com.kms.katalon.core.keyword.builtin.CallTestCaseKeyword.callTestCase(CallTestCaseKeyword.groovy:81)
	at com.kms.katalon.core.keyword.builtin.CallTestCaseKeyword.execute(CallTestCaseKeyword.groovy:44)
	at com.kms.katalon.core.keyword.internal.KeywordExecutor.executeKeywordForPlatform(KeywordExecutor.groovy:73)
	at com.kms.katalon.core.keyword.BuiltinKeywords.callTestCase(BuiltinKeywords.groovy:334)
	at sekmeler.sekmeler.anaSekmeyeGecilir(sekmeler.groovy:55)
	at cucumber.runtime.Utils$1.call(Utils.java:26)
	at cucumber.runtime.Timeout.timeout(Timeout.java:16)
	at cucumber.runtime.Utils.invoke(Utils.java:20)
	at cucumber.runtime.java.JavaStepDefinition.execute(JavaStepDefinition.java:49)
	at cucumber.runner.PickleStepDefinitionMatch.runStep(PickleStepDefinitionMatch.java:50)
	at cucumber.runner.TestStep.executeStep(TestStep.java:63)
	at cucumber.runner.TestStep.run(TestStep.java:49)
	at cucumber.runner.PickleStepTestStep.run(PickleStepTestStep.java:43)
	at cucumber.runner.TestCase.run(TestCase.java:44)
	at cucumber.runner.Runner.runPickle(Runner.java:40)
	at cucumber.runtime.Runtime$1.run(Runtime.java:84)
	at cucumber.runtime.Runtime$SameThreadExecutorService.execute(Runtime.java:220)
	at cucumber.runtime.Runtime.run(Runtime.java:81)
	at cucumber.api.cli.Main.run(Main.java:26)
	at cucumber.api.cli.Main$run.call(Unknown Source)
	at com.kms.katalon.core.cucumber.keyword.CucumberBuiltinKeywords$_runFeatureFile_closure1.doCall(CucumberBuiltinKeywords.groovy:106)
	at com.kms.katalon.core.cucumber.keyword.CucumberBuiltinKeywords$_runFeatureFile_closure1.doCall(CucumberBuiltinKeywords.groovy)
	at com.kms.katalon.core.keyword.internal.KeywordMain.runKeyword(KeywordMain.groovy:68)
	at com.kms.katalon.core.keyword.internal.KeywordMain$runKeyword.call(Unknown Source)
	at com.kms.katalon.core.cucumber.keyword.CucumberBuiltinKeywords.runFeatureFile(CucumberBuiltinKeywords.groovy:73)
	at com.kms.katalon.core.cucumber.keyword.CucumberBuiltinKeywords$runFeatureFile$0.callStatic(Unknown Source)
	at com.kms.katalon.core.cucumber.keyword.CucumberBuiltinKeywords.runFeatureFile(CucumberBuiltinKeywords.groovy:246)
	at com.kms.katalon.core.cucumber.keyword.CucumberBuiltinKeywords$runFeatureFile.call(Unknown Source)
	at Script1601994685077.run(Script1601994685077.groovy:18)
	... 13 more
)

2021-10-14 17:07:48 - [TEST_STEP][PASSED] - catch (Exception e): null

2021-10-14 17:07:48 - [TEST_STEP][PASSED] - switchToWindowIndex(0): Switched to window with index: '0'

2021-10-14 17:07:48 - [MESSAGE][INFO] - Checking index

2021-10-14 17:07:48 - [MESSAGE][INFO] - Switching window with index: '0'

2021-10-14 17:07:48 - [MESSAGE][PASSED] - Switched to window with index: '0'

2021-10-14 17:07:48 - [MESSAGE][PASSED] - Call Test Case 'Test Cases/Sekmeler/Ana_Sekmeye_Gec' successfully

2021-10-14 17:07:48 - [MESSAGE][INFO] - Checking called Test Case

2021-10-14 17:07:48 - [MESSAGE][INFO] - Starting to call Test Case 'Test Cases/Kullanici_Islemleri/KullaniciIslemlerindenSecimYapilir'

2021-10-14 17:07:49 - [TEST_CASE][PASSED] - Test Cases/Kullanici_Islemleri/KullaniciIslemlerindenSecimYapilir: Test Cases/Kullanici_Islemleri/KullaniciIslemlerindenSecimYapilir

2021-10-14 17:07:49 - [TEST_STEP][PASSED] - waitForElementClickable(findTestObject("Object Repository/Kullanici_Islemleri/KullaniciIslemleri"), 10): Object 'Object Repository/Kullanici_Islemleri/KullaniciIslemleri' is clickable

2021-10-14 17:07:49 - [MESSAGE][INFO] - Finding Test Object 'Object Repository/Kullanici_Islemleri/KullaniciIslemleri'

2021-10-14 17:07:49 - [MESSAGE][INFO] - Checking object

2021-10-14 17:07:49 - [MESSAGE][INFO] - Checking timeout

2021-10-14 17:07:49 - [MESSAGE][INFO] - Finding web element from Test Object's properties

2021-10-14 17:07:49 - [MESSAGE][INFO] - Checking timeout

2021-10-14 17:07:49 - [MESSAGE][INFO] - Finding web element with id: 'Object Repository/Kullanici_Islemleri/KullaniciIslemleri' located by 'By.cssSelector: .dropdown>a>img' in '10' second(s)

2021-10-14 17:07:49 - [MESSAGE][INFO] - Smart Wait Function is triggered

2021-10-14 17:07:49 - [MESSAGE][INFO] - Found 1 web elements with id: 'Object Repository/Kullanici_Islemleri/KullaniciIslemleri' located by 'By.cssSelector: .dropdown>a>img' in '10' second(s)

2021-10-14 17:07:49 - [MESSAGE][PASSED] - Object 'Object Repository/Kullanici_Islemleri/KullaniciIslemleri' is clickable

2021-10-14 17:07:49 - [TEST_STEP][PASSED] - click(findTestObject("Object Repository/Kullanici_Islemleri/KullaniciIslemleri")): Object: 'Object Repository/Kullanici_Islemleri/KullaniciIslemleri' is clicked on

2021-10-14 17:07:49 - [MESSAGE][INFO] - Finding Test Object 'Object Repository/Kullanici_Islemleri/KullaniciIslemleri'

2021-10-14 17:07:49 - [MESSAGE][INFO] - Checking object

2021-10-14 17:07:49 - [MESSAGE][INFO] - Finding web element from Test Object's properties

2021-10-14 17:07:49 - [MESSAGE][INFO] - Checking timeout

2021-10-14 17:07:49 - [MESSAGE][INFO] - Finding web element with id: 'Object Repository/Kullanici_Islemleri/KullaniciIslemleri' located by 'By.cssSelector: .dropdown>a>img' in '30' second(s)

2021-10-14 17:07:49 - [MESSAGE][INFO] - Smart Wait Function is triggered

2021-10-14 17:07:50 - [MESSAGE][INFO] - Found 1 web elements with id: 'Object Repository/Kullanici_Islemleri/KullaniciIslemleri' located by 'By.cssSelector: .dropdown>a>img' in '30' second(s)

2021-10-14 17:07:50 - [MESSAGE][INFO] - Clicking on object: 'Object Repository/Kullanici_Islemleri/KullaniciIslemleri'

2021-10-14 17:07:50 - [MESSAGE][PASSED] - Object: 'Object Repository/Kullanici_Islemleri/KullaniciIslemleri' is clicked on

2021-10-14 17:07:50 - [TEST_STEP][PASSED] - Method.TextDegerineEsitElementeTikla(findTestObject("Object Repository/Kullanici_Islemleri/Secenekler"), Islem): Method.TextDegerineEsitElementeTikla is PASSED

2021-10-14 17:07:50 - [MESSAGE][INFO] - Finding Test Object 'Object Repository/Kullanici_Islemleri/Secenekler'

2021-10-14 17:07:50 - [MESSAGE][INFO] - Checking timeout

2021-10-14 17:07:50 - [MESSAGE][INFO] - Finding web element with id: 'Object Repository/Kullanici_Islemleri/Secenekler' located by 'By.cssSelector: .nav.navbar-nav.navbar-right li a' in '10' second(s)

2021-10-14 17:07:50 - [MESSAGE][INFO] - Smart Wait Function is triggered

2021-10-14 17:07:50 - [MESSAGE][INFO] - Found 22 web elements with id: 'Object Repository/Kullanici_Islemleri/Secenekler' located by 'By.cssSelector: .nav.navbar-nav.navbar-right li a' in '10' second(s)

2021-10-14 17:07:52 - [MESSAGE][PASSED] - Method.TextDegerineEsitElementeTikla is PASSED

2021-10-14 17:07:52 - [TEST_STEP][PASSED] - verifyElementNotPresent(findTestObject("Object Repository/Kullanici_Islemleri/Secenekler"), 10): Web element with id: 'Object Repository/Kullanici_Islemleri/Secenekler' located by 'By.cssSelector: .nav.navbar-nav.navbar-right li a' is not present after '10' second(s)

2021-10-14 17:07:52 - [MESSAGE][INFO] - Finding Test Object 'Object Repository/Kullanici_Islemleri/Secenekler'

2021-10-14 17:07:52 - [MESSAGE][INFO] - Checking object

2021-10-14 17:07:52 - [MESSAGE][INFO] - Checking timeout

2021-10-14 17:07:52 - [MESSAGE][INFO] - Finding web element with id: 'Object Repository/Kullanici_Islemleri/Secenekler' located by 'By.cssSelector: .nav.navbar-nav.navbar-right li a' in '10' second(s)

2021-10-14 17:07:52 - [MESSAGE][INFO] - Smart Wait Function is triggered

2021-10-14 17:07:52 - [MESSAGE][PASSED] - Web element with id: 'Object Repository/Kullanici_Islemleri/Secenekler' located by 'By.cssSelector: .nav.navbar-nav.navbar-right li a' is not present after '10' second(s)

2021-10-14 17:07:52 - [MESSAGE][PASSED] - Call Test Case 'Test Cases/Kullanici_Islemleri/KullaniciIslemlerindenSecimYapilir' successfully

2021-10-14 17:07:52 - [TEST_CASE][PASSED] - Start Test Case : SCENARIO Faturaya departman ata: SCENARIO Faturaya departman ata

2021-10-14 17:07:52 - [TEST_STEP][PASSED] - Kullanıcı adı ELOGO6 ve Şifre 123456 olarak giriş yapılır: Kullanıcı adı ELOGO6 ve Şifre 123456 olarak giriş yapılır

2021-10-14 17:07:52 - [MESSAGE][PASSED] - Kullanıcı adı ELOGO6 ve Şifre 123456 olarak giriş yapılır

2021-10-14 17:07:52 - [TEST_STEP][PASSED] - Ana menüden e-Fatura seçilir: Ana menüden e-Fatura seçilir

2021-10-14 17:07:52 - [MESSAGE][PASSED] - Ana menüden e-Fatura seçilir

2021-10-14 17:07:52 - [TEST_STEP][PASSED] - Alt menü Gelen Kutusu başlığı altındaki Faturalar seçilir: Alt menü Gelen Kutusu başlığı altındaki Faturalar seçilir

2021-10-14 17:07:52 - [MESSAGE][PASSED] - Alt menü Gelen Kutusu başlığı altındaki Faturalar seçilir

2021-10-14 17:07:52 - [TEST_STEP][PASSED] - Filtrelerden Oluşturma Tarihi filtresine 01.12.2020 baslangic degerini yaz: Filtrelerden Oluşturma Tarihi filtresine 01.12.2020 baslangic degerini yaz

2021-10-14 17:07:52 - [MESSAGE][PASSED] - Filtrelerden Oluşturma Tarihi filtresine 01.12.2020 baslangic degerini yaz

2021-10-14 17:07:52 - [TEST_STEP][PASSED] - Filtrelerden Oluşturma Tarihi filtresine 31.12.2020 bitis degerini yaz: Filtrelerden Oluşturma Tarihi filtresine 31.12.2020 bitis degerini yaz

2021-10-14 17:07:52 - [MESSAGE][PASSED] - Filtrelerden Oluşturma Tarihi filtresine 31.12.2020 bitis degerini yaz

2021-10-14 17:07:52 - [TEST_STEP][PASSED] - Filtre butonlarından Listele seçilir: Filtre butonlarından Listele seçilir

2021-10-14 17:07:52 - [MESSAGE][PASSED] - Filtre butonlarından Listele seçilir

2021-10-14 17:07:52 - [TEST_STEP][PASSED] - Tabloda veri var mı kontrol edilir: Tabloda veri var mı kontrol edilir

2021-10-14 17:07:52 - [MESSAGE][PASSED] - Tabloda veri var mı kontrol edilir

2021-10-14 17:07:52 - [TEST_STEP][PASSED] - Tablodan E LOGO 6 isimli veri seçilir: Tablodan E LOGO 6 isimli veri seçilir

2021-10-14 17:07:52 - [MESSAGE][PASSED] - Tablodan E LOGO 6 isimli veri seçilir

2021-10-14 17:07:52 - [TEST_STEP][PASSED] - Butonlardan Departman Ata isimli butona tıklanır: Butonlardan Departman Ata isimli butona tıklanır

2021-10-14 17:07:52 - [MESSAGE][PASSED] - Butonlardan Departman Ata isimli butona tıklanır

2021-10-14 17:07:52 - [TEST_STEP][PASSED] - Yeni açılan sekmeye geçilir: Yeni açılan sekmeye geçilir

2021-10-14 17:07:52 - [MESSAGE][PASSED] - Yeni açılan sekmeye geçilir

2021-10-14 17:07:52 - [TEST_STEP][PASSED] - otomasyon isimli departman checkboxı seçilir: otomasyon isimli departman checkboxı seçilir

2021-10-14 17:07:52 - [MESSAGE][PASSED] - otomasyon isimli departman checkboxı seçilir

2021-10-14 17:07:52 - [TEST_STEP][PASSED] - Departman kaydedilir: Departman kaydedilir

2021-10-14 17:07:52 - [MESSAGE][PASSED] - Departman kaydedilir

2021-10-14 17:07:52 - [TEST_STEP][PASSED] - Popup mesajı Seçilen belgeler ilgili departmanlara aktarılmıştır içeriyor mu: Popup mesajı Seçilen belgeler ilgili departmanlara aktarılmıştır içeriyor mu

2021-10-14 17:07:52 - [MESSAGE][PASSED] - Popup mesajı Seçilen belgeler ilgili departmanlara aktarılmıştır içeriyor mu

2021-10-14 17:07:52 - [TEST_STEP][PASSED] - Yönetim popupında Tamam seçilir: Yönetim popupında Tamam seçilir

2021-10-14 17:07:52 - [MESSAGE][PASSED] - Yönetim popupında Tamam seçilir

2021-10-14 17:07:52 - [TEST_STEP][PASSED] - Ana sekmeye geçilir: Ana sekmeye geçilir

2021-10-14 17:07:52 - [MESSAGE][PASSED] - Ana sekmeye geçilir

2021-10-14 17:07:52 - [TEST_STEP][PASSED] - Atanan departman otomasyon olarak secilir: Atanan departman otomasyon olarak secilir

2021-10-14 17:07:52 - [MESSAGE][PASSED] - Atanan departman otomasyon olarak secilir

2021-10-14 17:07:52 - [TEST_STEP][PASSED] - Filtre butonlarından Listele seçilir: Filtre butonlarından Listele seçilir

2021-10-14 17:07:52 - [MESSAGE][PASSED] - Filtre butonlarından Listele seçilir

2021-10-14 17:07:52 - [TEST_STEP][PASSED] - Butonlardan Departman Geri Al isimli butona tıklanır: Butonlardan Departman Geri Al isimli butona tıklanır

2021-10-14 17:07:52 - [MESSAGE][PASSED] - Butonlardan Departman Geri Al isimli butona tıklanır

2021-10-14 17:07:52 - [TEST_STEP][PASSED] - Yeni açılan sekmeye geçilir: Yeni açılan sekmeye geçilir

2021-10-14 17:07:52 - [MESSAGE][PASSED] - Yeni açılan sekmeye geçilir

2021-10-14 17:07:52 - [TEST_STEP][PASSED] - otomasyon isimli departman checkboxı seçilir: otomasyon isimli departman checkboxı seçilir

2021-10-14 17:07:52 - [MESSAGE][PASSED] - otomasyon isimli departman checkboxı seçilir

2021-10-14 17:07:52 - [TEST_STEP][PASSED] - Departman kaydedilir: Departman kaydedilir

2021-10-14 17:07:52 - [MESSAGE][PASSED] - Departman kaydedilir

2021-10-14 17:07:52 - [TEST_STEP][PASSED] - Popup mesajı Seçilen belgelerin ilgili departmanlardaki yetkisi kaldırılmıştır içeriyor mu: Popup mesajı Seçilen belgelerin ilgili departmanlardaki yetkisi kaldırılmıştır içeriyor mu

2021-10-14 17:07:52 - [MESSAGE][PASSED] - Popup mesajı Seçilen belgelerin ilgili departmanlardaki yetkisi kaldırılmıştır içeriyor mu

2021-10-14 17:07:52 - [TEST_STEP][PASSED] - Yönetim popupında Tamam seçilir: Yönetim popupında Tamam seçilir

2021-10-14 17:07:52 - [MESSAGE][PASSED] - Yönetim popupında Tamam seçilir

2021-10-14 17:07:52 - [TEST_STEP][PASSED] - Ana sekmeye geçilir: Ana sekmeye geçilir

2021-10-14 17:07:52 - [MESSAGE][PASSED] - Ana sekmeye geçilir

2021-10-14 17:07:52 - [TEST_STEP][PASSED] - Kullanıcı işlemlerinden Çıkış seçilir: Kullanıcı işlemlerinden Çıkış seçilir

2021-10-14 17:07:52 - [MESSAGE][PASSED] - Kullanıcı işlemlerinden Çıkış seçilir

2021-10-14 17:07:52 - [MESSAGE][PASSED] - Feature file: 'Include/features/e-Fatura/Gelen Kutusu/Faturalar/Departman Ata-Geri Al.feature' was passed

2021-10-14 17:07:52 - [TEST_STEP][PASSED] - Start listener action : sampleAfterTestSuite: Invoke 'com.kms.katalon.core.annotation.AfterTestCase' method: 'Listener.sampleAfterTestSuite(...)' completed.

2021-10-14 17:07:52 - [MESSAGE][INFO] - Starting invoke 'com.kms.katalon.core.annotation.AfterTestCase' method: 'Listener.sampleAfterTestSuite(...)'

2021-10-14 17:07:52 - [TEST_STEP][PASSED] - closeBrowser(): Invoke 'com.kms.katalon.core.annotation.AfterTestCase' method: 'Listener.sampleAfterTestSuite(...)' completed.

2021-10-14 17:07:52 - [MESSAGE][INFO] - Closing browser

2021-10-14 17:07:53 - [MESSAGE][PASSED] - Browser is closed

2021-10-14 17:07:53 - [MESSAGE][INFO] - Invoke 'com.kms.katalon.core.annotation.AfterTestCase' method: 'Listener.sampleAfterTestSuite(...)' completed.]]></system-out>
         <system-err><![CDATA[]]></system-err>
      </testcase>
      <testcase name="Test Cases/Case Repository/e-Fatura/Gelen Kutusu/Faturalar/Ekran Kontrolu" time="136.106" classname="Test Cases/Case Repository/e-Fatura/Gelen Kutusu/Faturalar/Ekran Kontrolu" status="PASSED">
         <system-out><![CDATA[2021-10-14 17:07:53 - [TEST_CASE][PASSED] - Test Cases/Case Repository/e-Fatura/Gelen Kutusu/Faturalar/Ekran Kontrolu: Test Cases/Case Repository/e-Fatura/Gelen Kutusu/Faturalar/Ekran Kontrolu

2021-10-14 17:07:53 - [TEST_STEP][PASSED] - Start listener action : sampleBeforeTestSuite: Invoke 'com.kms.katalon.core.annotation.BeforeTestCase' method: 'Listener.sampleBeforeTestSuite(...)' completed.

2021-10-14 17:07:53 - [MESSAGE][INFO] - Starting invoke 'com.kms.katalon.core.annotation.BeforeTestCase' method: 'Listener.sampleBeforeTestSuite(...)'

2021-10-14 17:07:53 - [TEST_STEP][PASSED] - openBrowser(baseUrl): Browser is opened with url: 'https://efatura-stage.elogo.com.tr/'

2021-10-14 17:07:53 - [MESSAGE][INFO] - Opening browser

2021-10-14 17:07:53 - [MESSAGE][INFO] - Starting 'Chrome' driver

2021-10-14 17:07:53 - [MESSAGE][INFO] - User set preference: ['prefs', '{download.default_directory=C:\otomasyondownfiles}']

2021-10-14 17:07:53 - [MESSAGE][INFO] - Action delay is set to 0 milliseconds

2021-10-14 17:07:54 - [MESSAGE][INFO] - Navigating browser to: 'https://efatura-stage.elogo.com.tr/'

2021-10-14 17:08:00 - [MESSAGE][PASSED] - Browser is opened with url: 'https://efatura-stage.elogo.com.tr/'

2021-10-14 17:08:00 - [TEST_STEP][PASSED] - maximizeWindow(): Invoke 'com.kms.katalon.core.annotation.BeforeTestCase' method: 'Listener.sampleBeforeTestSuite(...)' completed.

2021-10-14 17:08:00 - [MESSAGE][INFO] - Maximizing current window

2021-10-14 17:08:00 - [MESSAGE][PASSED] - Current window maximized

2021-10-14 17:08:00 - [MESSAGE][INFO] - Invoke 'com.kms.katalon.core.annotation.BeforeTestCase' method: 'Listener.sampleBeforeTestSuite(...)' completed.

2021-10-14 17:08:01 - [TEST_STEP][PASSED] - runFeatureFile("Include/features/e-Fatura/Gelen Kutusu/Faturalar/Ekran Kontrolu.feature"): Feature file: 'Include/features/e-Fatura/Gelen Kutusu/Faturalar/Ekran Kontrolu.feature' was passed

2021-10-14 17:08:01 - [MESSAGE][INFO] - Starting run keyword runFeatureFile: 'Include/features/e-Fatura/Gelen Kutusu/Faturalar/Ekran Kontrolu.feature' and extract report to folder: 'C:\Users\DELL\Downloads\EES_Katalon-main\Reports\20211014_170112\Suite Repository\e-Fatura\20211014_170113/cucumber_report/1634220481376'...

2021-10-14 17:08:01 - [MESSAGE][INFO] - Glue: []

2021-10-14 17:08:02 - [MESSAGE][INFO] - Checking called Test Case

2021-10-14 17:08:02 - [MESSAGE][INFO] - Starting to call Test Case 'Test Cases/Sayfalar/Giris_Sayfasi/Login'

2021-10-14 17:08:02 - [TEST_CASE][PASSED] - Test Cases/Sayfalar/Giris_Sayfasi/Login: Test Cases/Sayfalar/Giris_Sayfasi/Login

2021-10-14 17:08:02 - [TEST_STEP][PASSED] - Sayfa_Basligi = getWindowTitle(): Current window's title is: 'LOGO e-Fatura'

2021-10-14 17:08:02 - [MESSAGE][INFO] - Getting current window's title

2021-10-14 17:08:02 - [MESSAGE][PASSED] - Current window's title is: 'LOGO e-Fatura'

2021-10-14 17:08:02 - [TEST_STEP][PASSED] - verifyMatch(Sayfa_Basligi, "LOGO e-Fatura", false): Actual text 'LOGO e-Fatura' and expected text 'LOGO e-Fatura' are matched 

2021-10-14 17:08:02 - [MESSAGE][INFO] - Matching actual text 'LOGO e-Fatura' with expected text 'LOGO e-Fatura'

2021-10-14 17:08:02 - [MESSAGE][PASSED] - Actual text 'LOGO e-Fatura' and expected text 'LOGO e-Fatura' are matched 

2021-10-14 17:08:02 - [TEST_STEP][PASSED] - sendKeys(findTestObject("Sayfalar/Giris_Sayfasi/Firma_Kodu"), KullaniciAdi): Keys 'ELOGO6' sent to object: 'Object Repository/Sayfalar/Giris_Sayfasi/Firma_Kodu'

2021-10-14 17:08:02 - [MESSAGE][INFO] - Finding Test Object 'Object Repository/Sayfalar/Giris_Sayfasi/Firma_Kodu'

2021-10-14 17:08:02 - [MESSAGE][INFO] - Sending keys 'ELOGO6' to object: 'Object Repository/Sayfalar/Giris_Sayfasi/Firma_Kodu'

2021-10-14 17:08:02 - [MESSAGE][INFO] - Finding web element from Test Object's properties

2021-10-14 17:08:02 - [MESSAGE][INFO] - Checking timeout

2021-10-14 17:08:02 - [MESSAGE][INFO] - Finding web element with id: 'Object Repository/Sayfalar/Giris_Sayfasi/Firma_Kodu' located by 'By.xpath: //*[@id = 'AccountName']' in '30' second(s)

2021-10-14 17:08:02 - [MESSAGE][INFO] - Smart Wait Function is triggered

2021-10-14 17:08:02 - [MESSAGE][INFO] - Found 1 web elements with id: 'Object Repository/Sayfalar/Giris_Sayfasi/Firma_Kodu' located by 'By.xpath: //*[@id = 'AccountName']' in '30' second(s)

2021-10-14 17:08:02 - [MESSAGE][PASSED] - Keys 'ELOGO6' sent to object: 'Object Repository/Sayfalar/Giris_Sayfasi/Firma_Kodu'

2021-10-14 17:08:02 - [TEST_STEP][PASSED] - sendKeys(findTestObject("Sayfalar/Giris_Sayfasi/Sifre"), Sifre): Keys '123456' sent to object: 'Object Repository/Sayfalar/Giris_Sayfasi/Sifre'

2021-10-14 17:08:02 - [MESSAGE][INFO] - Finding Test Object 'Object Repository/Sayfalar/Giris_Sayfasi/Sifre'

2021-10-14 17:08:03 - [MESSAGE][INFO] - Sending keys '123456' to object: 'Object Repository/Sayfalar/Giris_Sayfasi/Sifre'

2021-10-14 17:08:03 - [MESSAGE][INFO] - Finding web element from Test Object's properties

2021-10-14 17:08:03 - [MESSAGE][INFO] - Checking timeout

2021-10-14 17:08:03 - [MESSAGE][INFO] - Finding web element with id: 'Object Repository/Sayfalar/Giris_Sayfasi/Sifre' located by 'By.xpath: //*[@id = 'Password']' in '30' second(s)

2021-10-14 17:08:03 - [MESSAGE][INFO] - Smart Wait Function is triggered

2021-10-14 17:08:03 - [MESSAGE][INFO] - Found 1 web elements with id: 'Object Repository/Sayfalar/Giris_Sayfasi/Sifre' located by 'By.xpath: //*[@id = 'Password']' in '30' second(s)

2021-10-14 17:08:03 - [MESSAGE][PASSED] - Keys '123456' sent to object: 'Object Repository/Sayfalar/Giris_Sayfasi/Sifre'

2021-10-14 17:08:03 - [TEST_STEP][PASSED] - findWebElement(findTestObject("Sayfalar/Giris_Sayfasi/Giris_Butonu")).click(): Found 1 web elements with id: 'Object Repository/Sayfalar/Giris_Sayfasi/Giris_Butonu' located by 'By.cssSelector: #btnLogin' in '30' second(s)

2021-10-14 17:08:03 - [MESSAGE][INFO] - Finding Test Object 'Object Repository/Sayfalar/Giris_Sayfasi/Giris_Butonu'

2021-10-14 17:08:03 - [MESSAGE][INFO] - Finding web element from Test Object's properties

2021-10-14 17:08:03 - [MESSAGE][INFO] - Checking timeout

2021-10-14 17:08:03 - [MESSAGE][INFO] - Finding web element with id: 'Object Repository/Sayfalar/Giris_Sayfasi/Giris_Butonu' located by 'By.cssSelector: #btnLogin' in '30' second(s)

2021-10-14 17:08:03 - [MESSAGE][INFO] - Smart Wait Function is triggered

2021-10-14 17:08:03 - [MESSAGE][INFO] - Found 1 web elements with id: 'Object Repository/Sayfalar/Giris_Sayfasi/Giris_Butonu' located by 'By.cssSelector: #btnLogin' in '30' second(s)

2021-10-14 17:08:07 - [TEST_STEP][PASSED] - if (verifyElementPresent(findTestObject("Object Repository/Sayfalar/Giris_Sayfasi/RetveTamam_Butonu"), 5, OPTIONAL)): null

2021-10-14 17:08:07 - [MESSAGE][INFO] - Finding Test Object 'Object Repository/Sayfalar/Giris_Sayfasi/RetveTamam_Butonu'

2021-10-14 17:08:07 - [MESSAGE][INFO] - Checking object

2021-10-14 17:08:07 - [MESSAGE][INFO] - Finding web element from Test Object's properties

2021-10-14 17:08:07 - [MESSAGE][INFO] - Checking timeout

2021-10-14 17:08:07 - [MESSAGE][INFO] - Finding web element with id: 'Object Repository/Sayfalar/Giris_Sayfasi/RetveTamam_Butonu' located by 'By.xpath: //*[@class = 'btn btn-default']' in '5' second(s)

2021-10-14 17:08:07 - [MESSAGE][INFO] - Smart Wait Function is triggered

2021-10-14 17:08:07 - [MESSAGE][INFO] - Found 1 web elements with id: 'Object Repository/Sayfalar/Giris_Sayfasi/RetveTamam_Butonu' located by 'By.xpath: //*[@class = 'btn btn-default']' in '5' second(s)

2021-10-14 17:08:07 - [MESSAGE][PASSED] - Object 'Object Repository/Sayfalar/Giris_Sayfasi/RetveTamam_Butonu' is present

2021-10-14 17:08:07 - [TEST_STEP][PASSED] - click(findTestObject("Object Repository/Sayfalar/Giris_Sayfasi/RetveTamam_Butonu")): Object: 'Object Repository/Sayfalar/Giris_Sayfasi/RetveTamam_Butonu' is clicked on

2021-10-14 17:08:07 - [MESSAGE][INFO] - Finding Test Object 'Object Repository/Sayfalar/Giris_Sayfasi/RetveTamam_Butonu'

2021-10-14 17:08:07 - [MESSAGE][INFO] - Checking object

2021-10-14 17:08:07 - [MESSAGE][INFO] - Finding web element from Test Object's properties

2021-10-14 17:08:07 - [MESSAGE][INFO] - Checking timeout

2021-10-14 17:08:07 - [MESSAGE][INFO] - Finding web element with id: 'Object Repository/Sayfalar/Giris_Sayfasi/RetveTamam_Butonu' located by 'By.xpath: //*[@class = 'btn btn-default']' in '30' second(s)

2021-10-14 17:08:07 - [MESSAGE][INFO] - Smart Wait Function is triggered

2021-10-14 17:08:07 - [MESSAGE][INFO] - Found 1 web elements with id: 'Object Repository/Sayfalar/Giris_Sayfasi/RetveTamam_Butonu' located by 'By.xpath: //*[@class = 'btn btn-default']' in '30' second(s)

2021-10-14 17:08:07 - [MESSAGE][INFO] - Clicking on object: 'Object Repository/Sayfalar/Giris_Sayfasi/RetveTamam_Butonu'

2021-10-14 17:08:07 - [MESSAGE][PASSED] - Object: 'Object Repository/Sayfalar/Giris_Sayfasi/RetveTamam_Butonu' is clicked on

2021-10-14 17:08:07 - [TEST_STEP][PASSED] - click(findTestObject("Object Repository/Sayfalar/Giris_Sayfasi/RetveTamam_Butonu")): Object: 'Object Repository/Sayfalar/Giris_Sayfasi/RetveTamam_Butonu' is clicked on

2021-10-14 17:08:07 - [MESSAGE][INFO] - Finding Test Object 'Object Repository/Sayfalar/Giris_Sayfasi/RetveTamam_Butonu'

2021-10-14 17:08:08 - [MESSAGE][INFO] - Checking object

2021-10-14 17:08:08 - [MESSAGE][INFO] - Finding web element from Test Object's properties

2021-10-14 17:08:08 - [MESSAGE][INFO] - Checking timeout

2021-10-14 17:08:08 - [MESSAGE][INFO] - Finding web element with id: 'Object Repository/Sayfalar/Giris_Sayfasi/RetveTamam_Butonu' located by 'By.xpath: //*[@class = 'btn btn-default']' in '30' second(s)

2021-10-14 17:08:08 - [MESSAGE][INFO] - Smart Wait Function is triggered

2021-10-14 17:08:11 - [MESSAGE][INFO] - Found 1 web elements with id: 'Object Repository/Sayfalar/Giris_Sayfasi/RetveTamam_Butonu' located by 'By.xpath: //*[@class = 'btn btn-default']' in '30' second(s)

2021-10-14 17:08:11 - [MESSAGE][INFO] - Clicking on object: 'Object Repository/Sayfalar/Giris_Sayfasi/RetveTamam_Butonu'

2021-10-14 17:08:11 - [MESSAGE][PASSED] - Object: 'Object Repository/Sayfalar/Giris_Sayfasi/RetveTamam_Butonu' is clicked on

2021-10-14 17:08:11 - [TEST_STEP][PASSED] - if (verifyElementPresent(findTestObject("Sayfalar/Giris_Sayfasi/PopupOK"), 5, OPTIONAL)): null

2021-10-14 17:08:11 - [MESSAGE][INFO] - Finding Test Object 'Object Repository/Sayfalar/Giris_Sayfasi/PopupOK'

2021-10-14 17:08:11 - [MESSAGE][INFO] - Checking object

2021-10-14 17:08:11 - [MESSAGE][INFO] - Finding web element from Test Object's properties

2021-10-14 17:08:11 - [MESSAGE][INFO] - Checking timeout

2021-10-14 17:08:11 - [MESSAGE][INFO] - Finding web element with id: 'Object Repository/Sayfalar/Giris_Sayfasi/PopupOK' located by 'By.cssSelector: .btn.btn-success' in '5' second(s)

2021-10-14 17:08:11 - [MESSAGE][INFO] - Smart Wait Function is triggered

2021-10-14 17:08:11 - [MESSAGE][INFO] - Found 1 web elements with id: 'Object Repository/Sayfalar/Giris_Sayfasi/PopupOK' located by 'By.cssSelector: .btn.btn-success' in '5' second(s)

2021-10-14 17:08:11 - [MESSAGE][PASSED] - Object 'Object Repository/Sayfalar/Giris_Sayfasi/PopupOK' is present

2021-10-14 17:08:11 - [TEST_STEP][PASSED] - click(findTestObject("Object Repository/Sayfalar/Giris_Sayfasi/PopupCarpiGiris")): Object: 'Object Repository/Sayfalar/Giris_Sayfasi/PopupCarpiGiris' is clicked on

2021-10-14 17:08:11 - [MESSAGE][INFO] - Finding Test Object 'Object Repository/Sayfalar/Giris_Sayfasi/PopupCarpiGiris'

2021-10-14 17:08:12 - [MESSAGE][INFO] - Checking object

2021-10-14 17:08:12 - [MESSAGE][INFO] - Finding web element from Test Object's properties

2021-10-14 17:08:12 - [MESSAGE][INFO] - Checking timeout

2021-10-14 17:08:12 - [MESSAGE][INFO] - Finding web element with id: 'Object Repository/Sayfalar/Giris_Sayfasi/PopupCarpiGiris' located by 'By.cssSelector: .bootbox-close-button.close' in '30' second(s)

2021-10-14 17:08:12 - [MESSAGE][INFO] - Smart Wait Function is triggered

2021-10-14 17:08:12 - [MESSAGE][INFO] - Found 1 web elements with id: 'Object Repository/Sayfalar/Giris_Sayfasi/PopupCarpiGiris' located by 'By.cssSelector: .bootbox-close-button.close' in '30' second(s)

2021-10-14 17:08:12 - [MESSAGE][INFO] - Clicking on object: 'Object Repository/Sayfalar/Giris_Sayfasi/PopupCarpiGiris'

2021-10-14 17:08:12 - [MESSAGE][PASSED] - Object: 'Object Repository/Sayfalar/Giris_Sayfasi/PopupCarpiGiris' is clicked on

2021-10-14 17:08:12 - [TEST_STEP][PASSED] - verifyElementVisible(findTestObject("Object Repository/Kullanici_Islemleri/KullaniciIslemleri")): Object 'Object Repository/Kullanici_Islemleri/KullaniciIslemleri' is visible

2021-10-14 17:08:12 - [MESSAGE][INFO] - Finding Test Object 'Object Repository/Kullanici_Islemleri/KullaniciIslemleri'

2021-10-14 17:08:12 - [MESSAGE][INFO] - Checking object

2021-10-14 17:08:12 - [MESSAGE][INFO] - Finding web element from Test Object's properties

2021-10-14 17:08:12 - [MESSAGE][INFO] - Checking timeout

2021-10-14 17:08:12 - [MESSAGE][INFO] - Finding web element with id: 'Object Repository/Kullanici_Islemleri/KullaniciIslemleri' located by 'By.cssSelector: .dropdown>a>img' in '30' second(s)

2021-10-14 17:08:12 - [MESSAGE][INFO] - Smart Wait Function is triggered

2021-10-14 17:08:13 - [MESSAGE][INFO] - Found 1 web elements with id: 'Object Repository/Kullanici_Islemleri/KullaniciIslemleri' located by 'By.cssSelector: .dropdown>a>img' in '30' second(s)

2021-10-14 17:08:13 - [MESSAGE][PASSED] - Object 'Object Repository/Kullanici_Islemleri/KullaniciIslemleri' is visible

2021-10-14 17:08:13 - [MESSAGE][PASSED] - Call Test Case 'Test Cases/Sayfalar/Giris_Sayfasi/Login' successfully

2021-10-14 17:08:13 - [MESSAGE][INFO] - Checking called Test Case

2021-10-14 17:08:13 - [MESSAGE][INFO] - Starting to call Test Case 'Test Cases/Menu/AnaMenuSecimi'

2021-10-14 17:08:13 - [TEST_CASE][PASSED] - Test Cases/Menu/AnaMenuSecimi: Test Cases/Menu/AnaMenuSecimi

2021-10-14 17:08:13 - [TEST_STEP][PASSED] - Method.TextDegerineEsitElementeTikla(findTestObject("Menu/Ana_Menu"), Ana_Menu): Method.TextDegerineEsitElementeTikla is PASSED

2021-10-14 17:08:13 - [MESSAGE][INFO] - Finding Test Object 'Object Repository/Menu/Ana_Menu'

2021-10-14 17:08:13 - [MESSAGE][INFO] - Checking timeout

2021-10-14 17:08:13 - [MESSAGE][INFO] - Finding web element with id: 'Object Repository/Menu/Ana_Menu' located by 'By.xpath: //*[@class = 'dropdown-toggle']' in '10' second(s)

2021-10-14 17:08:13 - [MESSAGE][INFO] - Smart Wait Function is triggered

2021-10-14 17:08:13 - [MESSAGE][INFO] - Found 14 web elements with id: 'Object Repository/Menu/Ana_Menu' located by 'By.xpath: //*[@class = 'dropdown-toggle']' in '10' second(s)

2021-10-14 17:08:13 - [MESSAGE][PASSED] - Method.TextDegerineEsitElementeTikla is PASSED

2021-10-14 17:08:13 - [MESSAGE][PASSED] - Call Test Case 'Test Cases/Menu/AnaMenuSecimi' successfully

2021-10-14 17:08:13 - [MESSAGE][INFO] - Checking called Test Case

2021-10-14 17:08:13 - [MESSAGE][INFO] - Starting to call Test Case 'Test Cases/Menu/BasligaGoreAltMenuSecimi'

2021-10-14 17:08:13 - [TEST_CASE][PASSED] - Test Cases/Menu/BasligaGoreAltMenuSecimi: Test Cases/Menu/BasligaGoreAltMenuSecimi

2021-10-14 17:08:13 - [TEST_STEP][PASSED] - Method.TextDegerineEsitElementinAltindakiTextDegerineEsitOlanaTikla(findTestObject("Menu/Menu_Basligi"), findTestObject("Menu/Basliga_Gore_Alt_Menu"), Baslik, Alt_Menu): Method.TextDegerineEsitElementinAltindakiTextDegerineEsitOlanaTikla is PASSED

2021-10-14 17:08:13 - [MESSAGE][INFO] - Finding Test Object 'Object Repository/Menu/Menu_Basligi'

2021-10-14 17:08:13 - [MESSAGE][INFO] - Finding Test Object 'Object Repository/Menu/Basliga_Gore_Alt_Menu'

2021-10-14 17:08:14 - [MESSAGE][INFO] - Checking timeout

2021-10-14 17:08:14 - [MESSAGE][INFO] - Finding web element with id: 'Object Repository/Menu/Menu_Basligi' located by 'By.xpath: //li[@class='dropdown dropdown-large open']//li[@class='dropdown-header']' in '10' second(s)

2021-10-14 17:08:14 - [MESSAGE][INFO] - Smart Wait Function is triggered

2021-10-14 17:08:14 - [MESSAGE][INFO] - Found 3 web elements with id: 'Object Repository/Menu/Menu_Basligi' located by 'By.xpath: //li[@class='dropdown dropdown-large open']//li[@class='dropdown-header']' in '10' second(s)

2021-10-14 17:08:14 - [MESSAGE][INFO] - Smart Wait Function is triggered

2021-10-14 17:08:19 - [MESSAGE][PASSED] - Method.TextDegerineEsitElementinAltindakiTextDegerineEsitOlanaTikla is PASSED

2021-10-14 17:08:19 - [MESSAGE][PASSED] - Call Test Case 'Test Cases/Menu/BasligaGoreAltMenuSecimi' successfully

2021-10-14 17:08:19 - [MESSAGE][INFO] - Checking called Test Case

2021-10-14 17:08:19 - [MESSAGE][INFO] - Starting to call Test Case 'Test Cases/Filtreler/BaslangicYaz'

2021-10-14 17:08:19 - [TEST_CASE][PASSED] - Test Cases/Filtreler/BaslangicYaz: Test Cases/Filtreler/BaslangicYaz

2021-10-14 17:08:19 - [TEST_STEP][PASSED] - Method.TextDegerineEsitElementinAltindakineTikla(findTestObject("Filtreler/Basliklar"), findTestObject("Filtreler/Basliga_Gore_Baslangic_Image"), Filtre_Adi): Method.TextDegerineEsitElementinAltindakineTikla is PASSED

2021-10-14 17:08:19 - [MESSAGE][INFO] - Finding Test Object 'Object Repository/Filtreler/Basliklar'

2021-10-14 17:08:19 - [MESSAGE][INFO] - Finding Test Object 'Object Repository/Filtreler/Basliga_Gore_Baslangic_Image'

2021-10-14 17:08:19 - [MESSAGE][INFO] - Checking timeout

2021-10-14 17:08:19 - [MESSAGE][INFO] - Finding web element with id: 'Object Repository/Filtreler/Basliklar' located by 'By.cssSelector: .control-label.col-sm-4.paddingMarginRLC' in '10' second(s)

2021-10-14 17:08:19 - [MESSAGE][INFO] - Smart Wait Function is triggered

2021-10-14 17:08:20 - [MESSAGE][INFO] - Found 19 web elements with id: 'Object Repository/Filtreler/Basliklar' located by 'By.cssSelector: .control-label.col-sm-4.paddingMarginRLC' in '10' second(s)

2021-10-14 17:08:20 - [MESSAGE][INFO] - Smart Wait Function is triggered

2021-10-14 17:08:20 - [MESSAGE][PASSED] - Method.TextDegerineEsitElementinAltindakineTikla is PASSED

2021-10-14 17:08:20 - [TEST_STEP][PASSED] - Method.TextDegerineEsitElementinAltindakiTextboxtaYaz(findTestObject("Filtreler/Basliklar"), findTestObject("Filtreler/Basliga_Gore_Baslangic"), Filtre_Adi, Filtre_Degeri): Method.TextDegerineEsitElementinAltindakiTextboxtaYaz is PASSED

2021-10-14 17:08:20 - [MESSAGE][INFO] - Finding Test Object 'Object Repository/Filtreler/Basliklar'

2021-10-14 17:08:20 - [MESSAGE][INFO] - Finding Test Object 'Object Repository/Filtreler/Basliga_Gore_Baslangic'

2021-10-14 17:08:20 - [MESSAGE][INFO] - Checking timeout

2021-10-14 17:08:20 - [MESSAGE][INFO] - Finding web element with id: 'Object Repository/Filtreler/Basliklar' located by 'By.cssSelector: .control-label.col-sm-4.paddingMarginRLC' in '10' second(s)

2021-10-14 17:08:20 - [MESSAGE][INFO] - Smart Wait Function is triggered

2021-10-14 17:08:21 - [MESSAGE][INFO] - Found 19 web elements with id: 'Object Repository/Filtreler/Basliklar' located by 'By.cssSelector: .control-label.col-sm-4.paddingMarginRLC' in '10' second(s)

2021-10-14 17:08:21 - [MESSAGE][INFO] - Smart Wait Function is triggered

2021-10-14 17:08:21 - [MESSAGE][PASSED] - Method.TextDegerineEsitElementinAltindakiTextboxtaYaz is PASSED

2021-10-14 17:08:21 - [MESSAGE][PASSED] - Call Test Case 'Test Cases/Filtreler/BaslangicYaz' successfully

2021-10-14 17:08:21 - [MESSAGE][INFO] - Checking called Test Case

2021-10-14 17:08:21 - [MESSAGE][INFO] - Starting to call Test Case 'Test Cases/Filtreler/BitisYaz'

2021-10-14 17:08:21 - [TEST_CASE][PASSED] - Test Cases/Filtreler/BitisYaz: Test Cases/Filtreler/BitisYaz

2021-10-14 17:08:21 - [TEST_STEP][PASSED] - Method.TextDegerineEsitElementinAltindakineTikla(findTestObject("Filtreler/Basliklar"), findTestObject("Filtreler/Basliga_Gore_Bitis_Image"), Filtre_Adi): Method.TextDegerineEsitElementinAltindakineTikla is PASSED

2021-10-14 17:08:21 - [MESSAGE][INFO] - Finding Test Object 'Object Repository/Filtreler/Basliklar'

2021-10-14 17:08:21 - [MESSAGE][INFO] - Finding Test Object 'Object Repository/Filtreler/Basliga_Gore_Bitis_Image'

2021-10-14 17:08:21 - [MESSAGE][INFO] - Checking timeout

2021-10-14 17:08:21 - [MESSAGE][INFO] - Finding web element with id: 'Object Repository/Filtreler/Basliklar' located by 'By.cssSelector: .control-label.col-sm-4.paddingMarginRLC' in '10' second(s)

2021-10-14 17:08:21 - [MESSAGE][INFO] - Smart Wait Function is triggered

2021-10-14 17:08:22 - [MESSAGE][INFO] - Found 19 web elements with id: 'Object Repository/Filtreler/Basliklar' located by 'By.cssSelector: .control-label.col-sm-4.paddingMarginRLC' in '10' second(s)

2021-10-14 17:08:22 - [MESSAGE][INFO] - Smart Wait Function is triggered

2021-10-14 17:08:22 - [MESSAGE][PASSED] - Method.TextDegerineEsitElementinAltindakineTikla is PASSED

2021-10-14 17:08:22 - [TEST_STEP][PASSED] - Method.TextDegerineEsitElementinAltindakiTextboxtaYaz(findTestObject("Filtreler/Basliklar"), findTestObject("Object Repository/Filtreler/Basliga_Gore_Bitis"), Filtre_Adi, Filtre_Degeri): Method.TextDegerineEsitElementinAltindakiTextboxtaYaz is PASSED

2021-10-14 17:08:22 - [MESSAGE][INFO] - Finding Test Object 'Object Repository/Filtreler/Basliklar'

2021-10-14 17:08:22 - [MESSAGE][INFO] - Finding Test Object 'Object Repository/Filtreler/Basliga_Gore_Bitis'

2021-10-14 17:08:22 - [MESSAGE][INFO] - Checking timeout

2021-10-14 17:08:22 - [MESSAGE][INFO] - Finding web element with id: 'Object Repository/Filtreler/Basliklar' located by 'By.cssSelector: .control-label.col-sm-4.paddingMarginRLC' in '10' second(s)

2021-10-14 17:08:22 - [MESSAGE][INFO] - Smart Wait Function is triggered

2021-10-14 17:08:22 - [MESSAGE][INFO] - Found 19 web elements with id: 'Object Repository/Filtreler/Basliklar' located by 'By.cssSelector: .control-label.col-sm-4.paddingMarginRLC' in '10' second(s)

2021-10-14 17:08:22 - [MESSAGE][INFO] - Smart Wait Function is triggered

2021-10-14 17:08:23 - [MESSAGE][PASSED] - Method.TextDegerineEsitElementinAltindakiTextboxtaYaz is PASSED

2021-10-14 17:08:23 - [MESSAGE][PASSED] - Call Test Case 'Test Cases/Filtreler/BitisYaz' successfully

2021-10-14 17:08:23 - [MESSAGE][INFO] - Checking called Test Case

2021-10-14 17:08:23 - [MESSAGE][INFO] - Starting to call Test Case 'Test Cases/Filtreler/ButonaTikla'

2021-10-14 17:08:23 - [TEST_CASE][PASSED] - Test Cases/Filtreler/ButonaTikla: Test Cases/Filtreler/ButonaTikla

2021-10-14 17:08:23 - [TEST_STEP][PASSED] - Method.TextDegerineEsitElementeTikla(findTestObject("Filtreler/Butonlar"), Filtre_Buton): Method.TextDegerineEsitElementeTikla is PASSED

2021-10-14 17:08:23 - [MESSAGE][INFO] - Finding Test Object 'Object Repository/Filtreler/Butonlar'

2021-10-14 17:08:23 - [MESSAGE][INFO] - Checking timeout

2021-10-14 17:08:23 - [MESSAGE][INFO] - Finding web element with id: 'Object Repository/Filtreler/Butonlar' located by 'By.cssSelector: .dxb>span' in '10' second(s)

2021-10-14 17:08:23 - [MESSAGE][INFO] - Smart Wait Function is triggered

2021-10-14 17:08:23 - [MESSAGE][INFO] - Found 3 web elements with id: 'Object Repository/Filtreler/Butonlar' located by 'By.cssSelector: .dxb>span' in '10' second(s)

2021-10-14 17:08:23 - [MESSAGE][PASSED] - Method.TextDegerineEsitElementeTikla is PASSED

2021-10-14 17:08:23 - [MESSAGE][PASSED] - Call Test Case 'Test Cases/Filtreler/ButonaTikla' successfully

2021-10-14 17:08:23 - [MESSAGE][INFO] - Checking called Test Case

2021-10-14 17:08:23 - [MESSAGE][INFO] - Starting to call Test Case 'Test Cases/Tablo/TablodakiVeriDetayi'

2021-10-14 17:08:24 - [TEST_CASE][PASSED] - Test Cases/Tablo/TablodakiVeriDetayi: Test Cases/Tablo/TablodakiVeriDetayi

2021-10-14 17:08:24 - [TEST_STEP][PASSED] - Method.TextDegerineEsitElementinAltindakineTikla(findTestObject("Tablo/Veriler"), findTestObject("Object Repository/Tablo/VerininArtiButonu"), Veri_Adi): Method.TextDegerineEsitElementinAltindakineTikla is PASSED

2021-10-14 17:08:24 - [MESSAGE][INFO] - Finding Test Object 'Object Repository/Tablo/Veriler'

2021-10-14 17:08:24 - [MESSAGE][INFO] - Finding Test Object 'Object Repository/Tablo/VerininArtiButonu'

2021-10-14 17:08:24 - [MESSAGE][INFO] - Checking timeout

2021-10-14 17:08:24 - [MESSAGE][INFO] - Finding web element with id: 'Object Repository/Tablo/Veriler' located by 'By.cssSelector: td.dxgv b ,td.dxgv' in '10' second(s)

2021-10-14 17:08:24 - [MESSAGE][INFO] - Smart Wait Function is triggered

2021-10-14 17:08:25 - [MESSAGE][INFO] - Found 140 web elements with id: 'Object Repository/Tablo/Veriler' located by 'By.cssSelector: td.dxgv b ,td.dxgv' in '10' second(s)

2021-10-14 17:08:25 - [MESSAGE][INFO] - Smart Wait Function is triggered

2021-10-14 17:08:25 - [MESSAGE][PASSED] - Method.TextDegerineEsitElementinAltindakineTikla is PASSED

2021-10-14 17:08:25 - [MESSAGE][PASSED] - Call Test Case 'Test Cases/Tablo/TablodakiVeriDetayi' successfully

2021-10-14 17:08:25 - [MESSAGE][INFO] - Checking called Test Case

2021-10-14 17:08:25 - [MESSAGE][INFO] - Starting to call Test Case 'Test Cases/Tablo/TablodakiVeriDetayi'

2021-10-14 17:08:25 - [TEST_CASE][PASSED] - Test Cases/Tablo/TablodakiVeriDetayi: Test Cases/Tablo/TablodakiVeriDetayi

2021-10-14 17:08:25 - [TEST_STEP][PASSED] - Method.TextDegerineEsitElementinAltindakineTikla(findTestObject("Tablo/Veriler"), findTestObject("Object Repository/Tablo/VerininArtiButonu"), Veri_Adi): Method.TextDegerineEsitElementinAltindakineTikla is PASSED

2021-10-14 17:08:25 - [MESSAGE][INFO] - Finding Test Object 'Object Repository/Tablo/Veriler'

2021-10-14 17:08:25 - [MESSAGE][INFO] - Finding Test Object 'Object Repository/Tablo/VerininArtiButonu'

2021-10-14 17:08:25 - [MESSAGE][INFO] - Checking timeout

2021-10-14 17:08:25 - [MESSAGE][INFO] - Finding web element with id: 'Object Repository/Tablo/Veriler' located by 'By.cssSelector: td.dxgv b ,td.dxgv' in '10' second(s)

2021-10-14 17:08:25 - [MESSAGE][INFO] - Smart Wait Function is triggered

2021-10-14 17:08:26 - [MESSAGE][INFO] - Found 143 web elements with id: 'Object Repository/Tablo/Veriler' located by 'By.cssSelector: td.dxgv b ,td.dxgv' in '10' second(s)

2021-10-14 17:08:27 - [MESSAGE][INFO] - Smart Wait Function is triggered

2021-10-14 17:08:27 - [MESSAGE][PASSED] - Method.TextDegerineEsitElementinAltindakineTikla is PASSED

2021-10-14 17:08:27 - [MESSAGE][PASSED] - Call Test Case 'Test Cases/Tablo/TablodakiVeriDetayi' successfully

2021-10-14 17:08:27 - [MESSAGE][INFO] - Checking called Test Case

2021-10-14 17:08:27 - [MESSAGE][INFO] - Starting to call Test Case 'Test Cases/Filtreler/ListelenenOgeSayisi'

2021-10-14 17:08:27 - [TEST_CASE][PASSED] - Test Cases/Filtreler/ListelenenOgeSayisi: Test Cases/Filtreler/ListelenenOgeSayisi

2021-10-14 17:08:28 - [TEST_STEP][PASSED] - waitForElementPresent(findTestObject("Filtreler/OgeSayisi"), 10): Object 'Object Repository/Filtreler/OgeSayisi' is present

2021-10-14 17:08:28 - [MESSAGE][INFO] - Finding Test Object 'Object Repository/Filtreler/OgeSayisi'

2021-10-14 17:08:28 - [MESSAGE][INFO] - Checking object

2021-10-14 17:08:28 - [MESSAGE][INFO] - Finding web element from Test Object's properties

2021-10-14 17:08:28 - [MESSAGE][INFO] - Checking timeout

2021-10-14 17:08:28 - [MESSAGE][INFO] - Finding web element with id: 'Object Repository/Filtreler/OgeSayisi' located by 'By.cssSelector: .dxp-lead.dxp-summary' in '10' second(s)

2021-10-14 17:08:28 - [MESSAGE][INFO] - Smart Wait Function is triggered

2021-10-14 17:08:28 - [MESSAGE][INFO] - Found 1 web elements with id: 'Object Repository/Filtreler/OgeSayisi' located by 'By.cssSelector: .dxp-lead.dxp-summary' in '10' second(s)

2021-10-14 17:08:28 - [MESSAGE][PASSED] - Object 'Object Repository/Filtreler/OgeSayisi' is present

2021-10-14 17:08:28 - [TEST_STEP][PASSED] - verifyElementText(findTestObject("Filtreler/OgeSayisi"), OgeSayisi): Actual text and expected text of test object 'Object Repository/Filtreler/OgeSayisi' are matched.

2021-10-14 17:08:28 - [MESSAGE][INFO] - Finding Test Object 'Object Repository/Filtreler/OgeSayisi'

2021-10-14 17:08:28 - [MESSAGE][INFO] - Checking object

2021-10-14 17:08:28 - [MESSAGE][INFO] - Finding web element from Test Object's properties

2021-10-14 17:08:28 - [MESSAGE][INFO] - Checking timeout

2021-10-14 17:08:28 - [MESSAGE][INFO] - Finding web element with id: 'Object Repository/Filtreler/OgeSayisi' located by 'By.cssSelector: .dxp-lead.dxp-summary' in '30' second(s)

2021-10-14 17:08:28 - [MESSAGE][INFO] - Smart Wait Function is triggered

2021-10-14 17:08:28 - [MESSAGE][INFO] - Found 1 web elements with id: 'Object Repository/Filtreler/OgeSayisi' located by 'By.cssSelector: .dxp-lead.dxp-summary' in '30' second(s)

2021-10-14 17:08:28 - [MESSAGE][PASSED] - Actual text and expected text of test object 'Object Repository/Filtreler/OgeSayisi' are matched.

2021-10-14 17:08:28 - [MESSAGE][PASSED] - Call Test Case 'Test Cases/Filtreler/ListelenenOgeSayisi' successfully

2021-10-14 17:08:28 - [MESSAGE][INFO] - Checking called Test Case

2021-10-14 17:08:28 - [MESSAGE][INFO] - Starting to call Test Case 'Test Cases/Sayfalar/AnaSayfa/AnaSayfayaDonulur'

2021-10-14 17:08:28 - [TEST_CASE][PASSED] - Test Cases/Sayfalar/AnaSayfa/AnaSayfayaDonulur: Test Cases/Sayfalar/AnaSayfa/AnaSayfayaDonulur

2021-10-14 17:08:29 - [TEST_STEP][PASSED] - click(findTestObject("Sayfalar/AnaSayfa/AnaSayfa")): Object: 'Object Repository/Sayfalar/AnaSayfa/AnaSayfa' is clicked on

2021-10-14 17:08:29 - [MESSAGE][INFO] - Finding Test Object 'Object Repository/Sayfalar/AnaSayfa/AnaSayfa'

2021-10-14 17:08:29 - [MESSAGE][INFO] - Checking object

2021-10-14 17:08:29 - [MESSAGE][INFO] - Finding web element from Test Object's properties

2021-10-14 17:08:29 - [MESSAGE][INFO] - Checking timeout

2021-10-14 17:08:29 - [MESSAGE][INFO] - Finding web element with id: 'Object Repository/Sayfalar/AnaSayfa/AnaSayfa' located by 'By.cssSelector: div.navbar-header > a > img' in '30' second(s)

2021-10-14 17:08:29 - [MESSAGE][INFO] - Smart Wait Function is triggered

2021-10-14 17:08:29 - [MESSAGE][INFO] - Found 1 web elements with id: 'Object Repository/Sayfalar/AnaSayfa/AnaSayfa' located by 'By.cssSelector: div.navbar-header > a > img' in '30' second(s)

2021-10-14 17:08:29 - [MESSAGE][INFO] - Clicking on object: 'Object Repository/Sayfalar/AnaSayfa/AnaSayfa'

2021-10-14 17:08:31 - [MESSAGE][PASSED] - Object: 'Object Repository/Sayfalar/AnaSayfa/AnaSayfa' is clicked on

2021-10-14 17:08:31 - [TEST_STEP][PASSED] - if (verifyElementPresent(findTestObject("Sayfalar/Giris_Sayfasi/PopupOK"), 5, OPTIONAL)): null

2021-10-14 17:08:31 - [MESSAGE][INFO] - Finding Test Object 'Object Repository/Sayfalar/Giris_Sayfasi/PopupOK'

2021-10-14 17:08:31 - [MESSAGE][INFO] - Checking object

2021-10-14 17:08:31 - [MESSAGE][INFO] - Finding web element from Test Object's properties

2021-10-14 17:08:31 - [MESSAGE][INFO] - Checking timeout

2021-10-14 17:08:31 - [MESSAGE][INFO] - Finding web element with id: 'Object Repository/Sayfalar/Giris_Sayfasi/PopupOK' located by 'By.cssSelector: .btn.btn-success' in '5' second(s)

2021-10-14 17:08:31 - [MESSAGE][INFO] - Smart Wait Function is triggered

2021-10-14 17:08:31 - [MESSAGE][INFO] - Found 1 web elements with id: 'Object Repository/Sayfalar/Giris_Sayfasi/PopupOK' located by 'By.cssSelector: .btn.btn-success' in '5' second(s)

2021-10-14 17:08:31 - [MESSAGE][PASSED] - Object 'Object Repository/Sayfalar/Giris_Sayfasi/PopupOK' is present

2021-10-14 17:08:31 - [TEST_STEP][PASSED] - click(findTestObject("Sayfalar/Giris_Sayfasi/PopupOK")): Object: 'Object Repository/Sayfalar/Giris_Sayfasi/PopupOK' is clicked on

2021-10-14 17:08:31 - [MESSAGE][INFO] - Finding Test Object 'Object Repository/Sayfalar/Giris_Sayfasi/PopupOK'

2021-10-14 17:08:31 - [MESSAGE][INFO] - Checking object

2021-10-14 17:08:31 - [MESSAGE][INFO] - Finding web element from Test Object's properties

2021-10-14 17:08:31 - [MESSAGE][INFO] - Checking timeout

2021-10-14 17:08:31 - [MESSAGE][INFO] - Finding web element with id: 'Object Repository/Sayfalar/Giris_Sayfasi/PopupOK' located by 'By.cssSelector: .btn.btn-success' in '30' second(s)

2021-10-14 17:08:31 - [MESSAGE][INFO] - Smart Wait Function is triggered

2021-10-14 17:08:31 - [MESSAGE][INFO] - Found 1 web elements with id: 'Object Repository/Sayfalar/Giris_Sayfasi/PopupOK' located by 'By.cssSelector: .btn.btn-success' in '30' second(s)

2021-10-14 17:08:31 - [MESSAGE][INFO] - Clicking on object: 'Object Repository/Sayfalar/Giris_Sayfasi/PopupOK'

2021-10-14 17:08:31 - [MESSAGE][PASSED] - Object: 'Object Repository/Sayfalar/Giris_Sayfasi/PopupOK' is clicked on

2021-10-14 17:08:31 - [TEST_STEP][PASSED] - verifyElementVisible(findTestObject("Object Repository/Kullanici_Islemleri/KullaniciIslemleri")): Object 'Object Repository/Kullanici_Islemleri/KullaniciIslemleri' is visible

2021-10-14 17:08:31 - [MESSAGE][INFO] - Finding Test Object 'Object Repository/Kullanici_Islemleri/KullaniciIslemleri'

2021-10-14 17:08:31 - [MESSAGE][INFO] - Checking object

2021-10-14 17:08:31 - [MESSAGE][INFO] - Finding web element from Test Object's properties

2021-10-14 17:08:31 - [MESSAGE][INFO] - Checking timeout

2021-10-14 17:08:31 - [MESSAGE][INFO] - Finding web element with id: 'Object Repository/Kullanici_Islemleri/KullaniciIslemleri' located by 'By.cssSelector: .dropdown>a>img' in '30' second(s)

2021-10-14 17:08:31 - [MESSAGE][INFO] - Smart Wait Function is triggered

2021-10-14 17:08:32 - [MESSAGE][INFO] - Found 1 web elements with id: 'Object Repository/Kullanici_Islemleri/KullaniciIslemleri' located by 'By.cssSelector: .dropdown>a>img' in '30' second(s)

2021-10-14 17:08:32 - [MESSAGE][PASSED] - Object 'Object Repository/Kullanici_Islemleri/KullaniciIslemleri' is visible

2021-10-14 17:08:32 - [MESSAGE][PASSED] - Call Test Case 'Test Cases/Sayfalar/AnaSayfa/AnaSayfayaDonulur' successfully

2021-10-14 17:08:32 - [MESSAGE][INFO] - Checking called Test Case

2021-10-14 17:08:32 - [MESSAGE][INFO] - Starting to call Test Case 'Test Cases/Menu/AnaMenuSecimi'

2021-10-14 17:08:32 - [TEST_CASE][PASSED] - Test Cases/Menu/AnaMenuSecimi: Test Cases/Menu/AnaMenuSecimi

2021-10-14 17:08:32 - [TEST_STEP][PASSED] - Method.TextDegerineEsitElementeTikla(findTestObject("Menu/Ana_Menu"), Ana_Menu): Method.TextDegerineEsitElementeTikla is PASSED

2021-10-14 17:08:32 - [MESSAGE][INFO] - Finding Test Object 'Object Repository/Menu/Ana_Menu'

2021-10-14 17:08:32 - [MESSAGE][INFO] - Checking timeout

2021-10-14 17:08:32 - [MESSAGE][INFO] - Finding web element with id: 'Object Repository/Menu/Ana_Menu' located by 'By.xpath: //*[@class = 'dropdown-toggle']' in '10' second(s)

2021-10-14 17:08:32 - [MESSAGE][INFO] - Smart Wait Function is triggered

2021-10-14 17:08:33 - [MESSAGE][INFO] - Found 14 web elements with id: 'Object Repository/Menu/Ana_Menu' located by 'By.xpath: //*[@class = 'dropdown-toggle']' in '10' second(s)

2021-10-14 17:08:33 - [MESSAGE][PASSED] - Method.TextDegerineEsitElementeTikla is PASSED

2021-10-14 17:08:33 - [MESSAGE][PASSED] - Call Test Case 'Test Cases/Menu/AnaMenuSecimi' successfully

2021-10-14 17:08:33 - [MESSAGE][INFO] - Checking called Test Case

2021-10-14 17:08:33 - [MESSAGE][INFO] - Starting to call Test Case 'Test Cases/Menu/BasligaGoreAltMenuSecimi'

2021-10-14 17:08:33 - [TEST_CASE][PASSED] - Test Cases/Menu/BasligaGoreAltMenuSecimi: Test Cases/Menu/BasligaGoreAltMenuSecimi

2021-10-14 17:08:33 - [TEST_STEP][PASSED] - Method.TextDegerineEsitElementinAltindakiTextDegerineEsitOlanaTikla(findTestObject("Menu/Menu_Basligi"), findTestObject("Menu/Basliga_Gore_Alt_Menu"), Baslik, Alt_Menu): Method.TextDegerineEsitElementinAltindakiTextDegerineEsitOlanaTikla is PASSED

2021-10-14 17:08:33 - [MESSAGE][INFO] - Finding Test Object 'Object Repository/Menu/Menu_Basligi'

2021-10-14 17:08:33 - [MESSAGE][INFO] - Finding Test Object 'Object Repository/Menu/Basliga_Gore_Alt_Menu'

2021-10-14 17:08:33 - [MESSAGE][INFO] - Checking timeout

2021-10-14 17:08:33 - [MESSAGE][INFO] - Finding web element with id: 'Object Repository/Menu/Menu_Basligi' located by 'By.xpath: //li[@class='dropdown dropdown-large open']//li[@class='dropdown-header']' in '10' second(s)

2021-10-14 17:08:33 - [MESSAGE][INFO] - Smart Wait Function is triggered

2021-10-14 17:08:33 - [MESSAGE][INFO] - Found 3 web elements with id: 'Object Repository/Menu/Menu_Basligi' located by 'By.xpath: //li[@class='dropdown dropdown-large open']//li[@class='dropdown-header']' in '10' second(s)

2021-10-14 17:08:33 - [MESSAGE][INFO] - Smart Wait Function is triggered

2021-10-14 17:08:35 - [MESSAGE][PASSED] - Method.TextDegerineEsitElementinAltindakiTextDegerineEsitOlanaTikla is PASSED

2021-10-14 17:08:35 - [MESSAGE][PASSED] - Call Test Case 'Test Cases/Menu/BasligaGoreAltMenuSecimi' successfully

2021-10-14 17:08:35 - [MESSAGE][INFO] - Checking called Test Case

2021-10-14 17:08:35 - [MESSAGE][INFO] - Starting to call Test Case 'Test Cases/Filtreler/BaslangicYaz'

2021-10-14 17:08:35 - [TEST_CASE][PASSED] - Test Cases/Filtreler/BaslangicYaz: Test Cases/Filtreler/BaslangicYaz

2021-10-14 17:08:35 - [TEST_STEP][PASSED] - Method.TextDegerineEsitElementinAltindakineTikla(findTestObject("Filtreler/Basliklar"), findTestObject("Filtreler/Basliga_Gore_Baslangic_Image"), Filtre_Adi): Method.TextDegerineEsitElementinAltindakineTikla is PASSED

2021-10-14 17:08:35 - [MESSAGE][INFO] - Finding Test Object 'Object Repository/Filtreler/Basliklar'

2021-10-14 17:08:35 - [MESSAGE][INFO] - Finding Test Object 'Object Repository/Filtreler/Basliga_Gore_Baslangic_Image'

2021-10-14 17:08:35 - [MESSAGE][INFO] - Checking timeout

2021-10-14 17:08:35 - [MESSAGE][INFO] - Finding web element with id: 'Object Repository/Filtreler/Basliklar' located by 'By.cssSelector: .control-label.col-sm-4.paddingMarginRLC' in '10' second(s)

2021-10-14 17:08:35 - [MESSAGE][INFO] - Smart Wait Function is triggered

2021-10-14 17:08:35 - [MESSAGE][INFO] - Found 19 web elements with id: 'Object Repository/Filtreler/Basliklar' located by 'By.cssSelector: .control-label.col-sm-4.paddingMarginRLC' in '10' second(s)

2021-10-14 17:08:35 - [MESSAGE][INFO] - Smart Wait Function is triggered

2021-10-14 17:08:35 - [MESSAGE][PASSED] - Method.TextDegerineEsitElementinAltindakineTikla is PASSED

2021-10-14 17:08:35 - [TEST_STEP][PASSED] - Method.TextDegerineEsitElementinAltindakiTextboxtaYaz(findTestObject("Filtreler/Basliklar"), findTestObject("Filtreler/Basliga_Gore_Baslangic"), Filtre_Adi, Filtre_Degeri): Method.TextDegerineEsitElementinAltindakiTextboxtaYaz is PASSED

2021-10-14 17:08:35 - [MESSAGE][INFO] - Finding Test Object 'Object Repository/Filtreler/Basliklar'

2021-10-14 17:08:36 - [MESSAGE][INFO] - Finding Test Object 'Object Repository/Filtreler/Basliga_Gore_Baslangic'

2021-10-14 17:08:36 - [MESSAGE][INFO] - Checking timeout

2021-10-14 17:08:36 - [MESSAGE][INFO] - Finding web element with id: 'Object Repository/Filtreler/Basliklar' located by 'By.cssSelector: .control-label.col-sm-4.paddingMarginRLC' in '10' second(s)

2021-10-14 17:08:36 - [MESSAGE][INFO] - Smart Wait Function is triggered

2021-10-14 17:08:36 - [MESSAGE][INFO] - Found 19 web elements with id: 'Object Repository/Filtreler/Basliklar' located by 'By.cssSelector: .control-label.col-sm-4.paddingMarginRLC' in '10' second(s)

2021-10-14 17:08:36 - [MESSAGE][INFO] - Smart Wait Function is triggered

2021-10-14 17:08:37 - [MESSAGE][PASSED] - Method.TextDegerineEsitElementinAltindakiTextboxtaYaz is PASSED

2021-10-14 17:08:37 - [MESSAGE][PASSED] - Call Test Case 'Test Cases/Filtreler/BaslangicYaz' successfully

2021-10-14 17:08:37 - [MESSAGE][INFO] - Checking called Test Case

2021-10-14 17:08:37 - [MESSAGE][INFO] - Starting to call Test Case 'Test Cases/Filtreler/BitisYaz'

2021-10-14 17:08:37 - [TEST_CASE][PASSED] - Test Cases/Filtreler/BitisYaz: Test Cases/Filtreler/BitisYaz

2021-10-14 17:08:37 - [TEST_STEP][PASSED] - Method.TextDegerineEsitElementinAltindakineTikla(findTestObject("Filtreler/Basliklar"), findTestObject("Filtreler/Basliga_Gore_Bitis_Image"), Filtre_Adi): Method.TextDegerineEsitElementinAltindakineTikla is PASSED

2021-10-14 17:08:37 - [MESSAGE][INFO] - Finding Test Object 'Object Repository/Filtreler/Basliklar'

2021-10-14 17:08:37 - [MESSAGE][INFO] - Finding Test Object 'Object Repository/Filtreler/Basliga_Gore_Bitis_Image'

2021-10-14 17:08:37 - [MESSAGE][INFO] - Checking timeout

2021-10-14 17:08:37 - [MESSAGE][INFO] - Finding web element with id: 'Object Repository/Filtreler/Basliklar' located by 'By.cssSelector: .control-label.col-sm-4.paddingMarginRLC' in '10' second(s)

2021-10-14 17:08:37 - [MESSAGE][INFO] - Smart Wait Function is triggered

2021-10-14 17:08:37 - [MESSAGE][INFO] - Found 19 web elements with id: 'Object Repository/Filtreler/Basliklar' located by 'By.cssSelector: .control-label.col-sm-4.paddingMarginRLC' in '10' second(s)

2021-10-14 17:08:37 - [MESSAGE][INFO] - Smart Wait Function is triggered

2021-10-14 17:08:37 - [MESSAGE][PASSED] - Method.TextDegerineEsitElementinAltindakineTikla is PASSED

2021-10-14 17:08:37 - [TEST_STEP][PASSED] - Method.TextDegerineEsitElementinAltindakiTextboxtaYaz(findTestObject("Filtreler/Basliklar"), findTestObject("Object Repository/Filtreler/Basliga_Gore_Bitis"), Filtre_Adi, Filtre_Degeri): Method.TextDegerineEsitElementinAltindakiTextboxtaYaz is PASSED

2021-10-14 17:08:37 - [MESSAGE][INFO] - Finding Test Object 'Object Repository/Filtreler/Basliklar'

2021-10-14 17:08:37 - [MESSAGE][INFO] - Finding Test Object 'Object Repository/Filtreler/Basliga_Gore_Bitis'

2021-10-14 17:08:38 - [MESSAGE][INFO] - Checking timeout

2021-10-14 17:08:38 - [MESSAGE][INFO] - Finding web element with id: 'Object Repository/Filtreler/Basliklar' located by 'By.cssSelector: .control-label.col-sm-4.paddingMarginRLC' in '10' second(s)

2021-10-14 17:08:38 - [MESSAGE][INFO] - Smart Wait Function is triggered

2021-10-14 17:08:38 - [MESSAGE][INFO] - Found 19 web elements with id: 'Object Repository/Filtreler/Basliklar' located by 'By.cssSelector: .control-label.col-sm-4.paddingMarginRLC' in '10' second(s)

2021-10-14 17:08:38 - [MESSAGE][INFO] - Smart Wait Function is triggered

2021-10-14 17:08:38 - [MESSAGE][PASSED] - Method.TextDegerineEsitElementinAltindakiTextboxtaYaz is PASSED

2021-10-14 17:08:38 - [MESSAGE][PASSED] - Call Test Case 'Test Cases/Filtreler/BitisYaz' successfully

2021-10-14 17:08:38 - [MESSAGE][INFO] - Checking called Test Case

2021-10-14 17:08:38 - [MESSAGE][INFO] - Starting to call Test Case 'Test Cases/Filtreler/BaslangicYaz'

2021-10-14 17:08:38 - [TEST_CASE][PASSED] - Test Cases/Filtreler/BaslangicYaz: Test Cases/Filtreler/BaslangicYaz

2021-10-14 17:08:38 - [TEST_STEP][PASSED] - Method.TextDegerineEsitElementinAltindakineTikla(findTestObject("Filtreler/Basliklar"), findTestObject("Filtreler/Basliga_Gore_Baslangic_Image"), Filtre_Adi): Method.TextDegerineEsitElementinAltindakineTikla is PASSED

2021-10-14 17:08:38 - [MESSAGE][INFO] - Finding Test Object 'Object Repository/Filtreler/Basliklar'

2021-10-14 17:08:39 - [MESSAGE][INFO] - Finding Test Object 'Object Repository/Filtreler/Basliga_Gore_Baslangic_Image'

2021-10-14 17:08:39 - [MESSAGE][INFO] - Checking timeout

2021-10-14 17:08:39 - [MESSAGE][INFO] - Finding web element with id: 'Object Repository/Filtreler/Basliklar' located by 'By.cssSelector: .control-label.col-sm-4.paddingMarginRLC' in '10' second(s)

2021-10-14 17:08:39 - [MESSAGE][INFO] - Smart Wait Function is triggered

2021-10-14 17:08:39 - [MESSAGE][INFO] - Found 19 web elements with id: 'Object Repository/Filtreler/Basliklar' located by 'By.cssSelector: .control-label.col-sm-4.paddingMarginRLC' in '10' second(s)

2021-10-14 17:08:39 - [MESSAGE][INFO] - Smart Wait Function is triggered

2021-10-14 17:08:39 - [MESSAGE][PASSED] - Method.TextDegerineEsitElementinAltindakineTikla is PASSED

2021-10-14 17:08:39 - [TEST_STEP][PASSED] - Method.TextDegerineEsitElementinAltindakiTextboxtaYaz(findTestObject("Filtreler/Basliklar"), findTestObject("Filtreler/Basliga_Gore_Baslangic"), Filtre_Adi, Filtre_Degeri): Method.TextDegerineEsitElementinAltindakiTextboxtaYaz is PASSED

2021-10-14 17:08:39 - [MESSAGE][INFO] - Finding Test Object 'Object Repository/Filtreler/Basliklar'

2021-10-14 17:08:39 - [MESSAGE][INFO] - Finding Test Object 'Object Repository/Filtreler/Basliga_Gore_Baslangic'

2021-10-14 17:08:39 - [MESSAGE][INFO] - Checking timeout

2021-10-14 17:08:39 - [MESSAGE][INFO] - Finding web element with id: 'Object Repository/Filtreler/Basliklar' located by 'By.cssSelector: .control-label.col-sm-4.paddingMarginRLC' in '10' second(s)

2021-10-14 17:08:39 - [MESSAGE][INFO] - Smart Wait Function is triggered

2021-10-14 17:08:40 - [MESSAGE][INFO] - Found 19 web elements with id: 'Object Repository/Filtreler/Basliklar' located by 'By.cssSelector: .control-label.col-sm-4.paddingMarginRLC' in '10' second(s)

2021-10-14 17:08:40 - [MESSAGE][INFO] - Smart Wait Function is triggered

2021-10-14 17:08:40 - [MESSAGE][PASSED] - Method.TextDegerineEsitElementinAltindakiTextboxtaYaz is PASSED

2021-10-14 17:08:40 - [MESSAGE][PASSED] - Call Test Case 'Test Cases/Filtreler/BaslangicYaz' successfully

2021-10-14 17:08:40 - [MESSAGE][INFO] - Checking called Test Case

2021-10-14 17:08:40 - [MESSAGE][INFO] - Starting to call Test Case 'Test Cases/Filtreler/BitisYaz'

2021-10-14 17:08:40 - [TEST_CASE][PASSED] - Test Cases/Filtreler/BitisYaz: Test Cases/Filtreler/BitisYaz

2021-10-14 17:08:40 - [TEST_STEP][PASSED] - Method.TextDegerineEsitElementinAltindakineTikla(findTestObject("Filtreler/Basliklar"), findTestObject("Filtreler/Basliga_Gore_Bitis_Image"), Filtre_Adi): Method.TextDegerineEsitElementinAltindakineTikla is PASSED

2021-10-14 17:08:40 - [MESSAGE][INFO] - Finding Test Object 'Object Repository/Filtreler/Basliklar'

2021-10-14 17:08:40 - [MESSAGE][INFO] - Finding Test Object 'Object Repository/Filtreler/Basliga_Gore_Bitis_Image'

2021-10-14 17:08:41 - [MESSAGE][INFO] - Checking timeout

2021-10-14 17:08:41 - [MESSAGE][INFO] - Finding web element with id: 'Object Repository/Filtreler/Basliklar' located by 'By.cssSelector: .control-label.col-sm-4.paddingMarginRLC' in '10' second(s)

2021-10-14 17:08:41 - [MESSAGE][INFO] - Smart Wait Function is triggered

2021-10-14 17:08:41 - [MESSAGE][INFO] - Found 19 web elements with id: 'Object Repository/Filtreler/Basliklar' located by 'By.cssSelector: .control-label.col-sm-4.paddingMarginRLC' in '10' second(s)

2021-10-14 17:08:41 - [MESSAGE][INFO] - Smart Wait Function is triggered

2021-10-14 17:08:41 - [MESSAGE][PASSED] - Method.TextDegerineEsitElementinAltindakineTikla is PASSED

2021-10-14 17:08:41 - [TEST_STEP][PASSED] - Method.TextDegerineEsitElementinAltindakiTextboxtaYaz(findTestObject("Filtreler/Basliklar"), findTestObject("Object Repository/Filtreler/Basliga_Gore_Bitis"), Filtre_Adi, Filtre_Degeri): Method.TextDegerineEsitElementinAltindakiTextboxtaYaz is PASSED

2021-10-14 17:08:41 - [MESSAGE][INFO] - Finding Test Object 'Object Repository/Filtreler/Basliklar'

2021-10-14 17:08:41 - [MESSAGE][INFO] - Finding Test Object 'Object Repository/Filtreler/Basliga_Gore_Bitis'

2021-10-14 17:08:42 - [MESSAGE][INFO] - Checking timeout

2021-10-14 17:08:42 - [MESSAGE][INFO] - Finding web element with id: 'Object Repository/Filtreler/Basliklar' located by 'By.cssSelector: .control-label.col-sm-4.paddingMarginRLC' in '10' second(s)

2021-10-14 17:08:42 - [MESSAGE][INFO] - Smart Wait Function is triggered

2021-10-14 17:08:42 - [MESSAGE][INFO] - Found 19 web elements with id: 'Object Repository/Filtreler/Basliklar' located by 'By.cssSelector: .control-label.col-sm-4.paddingMarginRLC' in '10' second(s)

2021-10-14 17:08:42 - [MESSAGE][INFO] - Smart Wait Function is triggered

2021-10-14 17:08:42 - [MESSAGE][PASSED] - Method.TextDegerineEsitElementinAltindakiTextboxtaYaz is PASSED

2021-10-14 17:08:42 - [MESSAGE][PASSED] - Call Test Case 'Test Cases/Filtreler/BitisYaz' successfully

2021-10-14 17:08:42 - [MESSAGE][INFO] - Checking called Test Case

2021-10-14 17:08:42 - [MESSAGE][INFO] - Starting to call Test Case 'Test Cases/Filtreler/ButonaTikla'

2021-10-14 17:08:43 - [TEST_CASE][PASSED] - Test Cases/Filtreler/ButonaTikla: Test Cases/Filtreler/ButonaTikla

2021-10-14 17:08:43 - [TEST_STEP][PASSED] - Method.TextDegerineEsitElementeTikla(findTestObject("Filtreler/Butonlar"), Filtre_Buton): Method.TextDegerineEsitElementeTikla is PASSED

2021-10-14 17:08:43 - [MESSAGE][INFO] - Finding Test Object 'Object Repository/Filtreler/Butonlar'

2021-10-14 17:08:43 - [MESSAGE][INFO] - Checking timeout

2021-10-14 17:08:43 - [MESSAGE][INFO] - Finding web element with id: 'Object Repository/Filtreler/Butonlar' located by 'By.cssSelector: .dxb>span' in '10' second(s)

2021-10-14 17:08:43 - [MESSAGE][INFO] - Smart Wait Function is triggered

2021-10-14 17:08:43 - [MESSAGE][INFO] - Found 3 web elements with id: 'Object Repository/Filtreler/Butonlar' located by 'By.cssSelector: .dxb>span' in '10' second(s)

2021-10-14 17:08:43 - [MESSAGE][PASSED] - Method.TextDegerineEsitElementeTikla is PASSED

2021-10-14 17:08:43 - [MESSAGE][PASSED] - Call Test Case 'Test Cases/Filtreler/ButonaTikla' successfully

2021-10-14 17:08:43 - [MESSAGE][INFO] - Checking called Test Case

2021-10-14 17:08:43 - [MESSAGE][INFO] - Starting to call Test Case 'Test Cases/Filtreler/ListelenenOgeSayisi'

2021-10-14 17:08:43 - [TEST_CASE][PASSED] - Test Cases/Filtreler/ListelenenOgeSayisi: Test Cases/Filtreler/ListelenenOgeSayisi

2021-10-14 17:08:43 - [TEST_STEP][PASSED] - waitForElementPresent(findTestObject("Filtreler/OgeSayisi"), 10): Object 'Object Repository/Filtreler/OgeSayisi' is present

2021-10-14 17:08:43 - [MESSAGE][INFO] - Finding Test Object 'Object Repository/Filtreler/OgeSayisi'

2021-10-14 17:08:43 - [MESSAGE][INFO] - Checking object

2021-10-14 17:08:43 - [MESSAGE][INFO] - Finding web element from Test Object's properties

2021-10-14 17:08:43 - [MESSAGE][INFO] - Checking timeout

2021-10-14 17:08:43 - [MESSAGE][INFO] - Finding web element with id: 'Object Repository/Filtreler/OgeSayisi' located by 'By.cssSelector: .dxp-lead.dxp-summary' in '10' second(s)

2021-10-14 17:08:43 - [MESSAGE][INFO] - Smart Wait Function is triggered

2021-10-14 17:08:44 - [MESSAGE][INFO] - Found 1 web elements with id: 'Object Repository/Filtreler/OgeSayisi' located by 'By.cssSelector: .dxp-lead.dxp-summary' in '10' second(s)

2021-10-14 17:08:44 - [MESSAGE][PASSED] - Object 'Object Repository/Filtreler/OgeSayisi' is present

2021-10-14 17:08:44 - [TEST_STEP][PASSED] - verifyElementText(findTestObject("Filtreler/OgeSayisi"), OgeSayisi): Actual text and expected text of test object 'Object Repository/Filtreler/OgeSayisi' are matched.

2021-10-14 17:08:44 - [MESSAGE][INFO] - Finding Test Object 'Object Repository/Filtreler/OgeSayisi'

2021-10-14 17:08:44 - [MESSAGE][INFO] - Checking object

2021-10-14 17:08:44 - [MESSAGE][INFO] - Finding web element from Test Object's properties

2021-10-14 17:08:44 - [MESSAGE][INFO] - Checking timeout

2021-10-14 17:08:44 - [MESSAGE][INFO] - Finding web element with id: 'Object Repository/Filtreler/OgeSayisi' located by 'By.cssSelector: .dxp-lead.dxp-summary' in '30' second(s)

2021-10-14 17:08:44 - [MESSAGE][INFO] - Smart Wait Function is triggered

2021-10-14 17:08:44 - [MESSAGE][INFO] - Found 1 web elements with id: 'Object Repository/Filtreler/OgeSayisi' located by 'By.cssSelector: .dxp-lead.dxp-summary' in '30' second(s)

2021-10-14 17:08:44 - [MESSAGE][PASSED] - Actual text and expected text of test object 'Object Repository/Filtreler/OgeSayisi' are matched.

2021-10-14 17:08:44 - [MESSAGE][PASSED] - Call Test Case 'Test Cases/Filtreler/ListelenenOgeSayisi' successfully

2021-10-14 17:08:44 - [MESSAGE][INFO] - Checking called Test Case

2021-10-14 17:08:44 - [MESSAGE][INFO] - Starting to call Test Case 'Test Cases/Filtreler/FiltreVarMi'

2021-10-14 17:08:44 - [TEST_CASE][PASSED] - Test Cases/Filtreler/FiltreVarMi: Test Cases/Filtreler/FiltreVarMi

2021-10-14 17:08:44 - [TEST_STEP][PASSED] - Method.TextDegerineEsitElementVarMi(findTestObject("Filtreler/Basliklar"), Filtre_alan): Method.TextDegerineEsitElementVarMi is PASSED

2021-10-14 17:08:44 - [MESSAGE][INFO] - Finding Test Object 'Object Repository/Filtreler/Basliklar'

2021-10-14 17:08:45 - [MESSAGE][INFO] - Checking timeout

2021-10-14 17:08:45 - [MESSAGE][INFO] - Finding web element with id: 'Object Repository/Filtreler/Basliklar' located by 'By.cssSelector: .control-label.col-sm-4.paddingMarginRLC' in '10' second(s)

2021-10-14 17:08:45 - [MESSAGE][INFO] - Smart Wait Function is triggered

2021-10-14 17:08:45 - [MESSAGE][INFO] - Found 19 web elements with id: 'Object Repository/Filtreler/Basliklar' located by 'By.cssSelector: .control-label.col-sm-4.paddingMarginRLC' in '10' second(s)

2021-10-14 17:08:45 - [MESSAGE][PASSED] - Method.TextDegerineEsitElementVarMi is PASSED

2021-10-14 17:08:45 - [MESSAGE][PASSED] - Call Test Case 'Test Cases/Filtreler/FiltreVarMi' successfully

2021-10-14 17:08:45 - [MESSAGE][INFO] - Checking called Test Case

2021-10-14 17:08:45 - [MESSAGE][INFO] - Starting to call Test Case 'Test Cases/Filtreler/FiltreVarMi'

2021-10-14 17:08:45 - [TEST_CASE][PASSED] - Test Cases/Filtreler/FiltreVarMi: Test Cases/Filtreler/FiltreVarMi

2021-10-14 17:08:45 - [TEST_STEP][PASSED] - Method.TextDegerineEsitElementVarMi(findTestObject("Filtreler/Basliklar"), Filtre_alan): Method.TextDegerineEsitElementVarMi is PASSED

2021-10-14 17:08:45 - [MESSAGE][INFO] - Finding Test Object 'Object Repository/Filtreler/Basliklar'

2021-10-14 17:08:45 - [MESSAGE][INFO] - Checking timeout

2021-10-14 17:08:45 - [MESSAGE][INFO] - Finding web element with id: 'Object Repository/Filtreler/Basliklar' located by 'By.cssSelector: .control-label.col-sm-4.paddingMarginRLC' in '10' second(s)

2021-10-14 17:08:45 - [MESSAGE][INFO] - Smart Wait Function is triggered

2021-10-14 17:08:45 - [MESSAGE][INFO] - Found 19 web elements with id: 'Object Repository/Filtreler/Basliklar' located by 'By.cssSelector: .control-label.col-sm-4.paddingMarginRLC' in '10' second(s)

2021-10-14 17:08:45 - [MESSAGE][PASSED] - Method.TextDegerineEsitElementVarMi is PASSED

2021-10-14 17:08:45 - [MESSAGE][PASSED] - Call Test Case 'Test Cases/Filtreler/FiltreVarMi' successfully

2021-10-14 17:08:45 - [MESSAGE][INFO] - Checking called Test Case

2021-10-14 17:08:45 - [MESSAGE][INFO] - Starting to call Test Case 'Test Cases/Filtreler/FiltreVarMi'

2021-10-14 17:08:45 - [TEST_CASE][PASSED] - Test Cases/Filtreler/FiltreVarMi: Test Cases/Filtreler/FiltreVarMi

2021-10-14 17:08:45 - [TEST_STEP][PASSED] - Method.TextDegerineEsitElementVarMi(findTestObject("Filtreler/Basliklar"), Filtre_alan): Method.TextDegerineEsitElementVarMi is PASSED

2021-10-14 17:08:45 - [MESSAGE][INFO] - Finding Test Object 'Object Repository/Filtreler/Basliklar'

2021-10-14 17:08:46 - [MESSAGE][INFO] - Checking timeout

2021-10-14 17:08:46 - [MESSAGE][INFO] - Finding web element with id: 'Object Repository/Filtreler/Basliklar' located by 'By.cssSelector: .control-label.col-sm-4.paddingMarginRLC' in '10' second(s)

2021-10-14 17:08:46 - [MESSAGE][INFO] - Smart Wait Function is triggered

2021-10-14 17:08:46 - [MESSAGE][INFO] - Found 19 web elements with id: 'Object Repository/Filtreler/Basliklar' located by 'By.cssSelector: .control-label.col-sm-4.paddingMarginRLC' in '10' second(s)

2021-10-14 17:08:46 - [MESSAGE][PASSED] - Method.TextDegerineEsitElementVarMi is PASSED

2021-10-14 17:08:46 - [MESSAGE][PASSED] - Call Test Case 'Test Cases/Filtreler/FiltreVarMi' successfully

2021-10-14 17:08:46 - [MESSAGE][INFO] - Checking called Test Case

2021-10-14 17:08:46 - [MESSAGE][INFO] - Starting to call Test Case 'Test Cases/Filtreler/FiltreVarMi'

2021-10-14 17:08:46 - [TEST_CASE][PASSED] - Test Cases/Filtreler/FiltreVarMi: Test Cases/Filtreler/FiltreVarMi

2021-10-14 17:08:46 - [TEST_STEP][PASSED] - Method.TextDegerineEsitElementVarMi(findTestObject("Filtreler/Basliklar"), Filtre_alan): Method.TextDegerineEsitElementVarMi is PASSED

2021-10-14 17:08:46 - [MESSAGE][INFO] - Finding Test Object 'Object Repository/Filtreler/Basliklar'

2021-10-14 17:08:46 - [MESSAGE][INFO] - Checking timeout

2021-10-14 17:08:46 - [MESSAGE][INFO] - Finding web element with id: 'Object Repository/Filtreler/Basliklar' located by 'By.cssSelector: .control-label.col-sm-4.paddingMarginRLC' in '10' second(s)

2021-10-14 17:08:46 - [MESSAGE][INFO] - Smart Wait Function is triggered

2021-10-14 17:08:46 - [MESSAGE][INFO] - Found 19 web elements with id: 'Object Repository/Filtreler/Basliklar' located by 'By.cssSelector: .control-label.col-sm-4.paddingMarginRLC' in '10' second(s)

2021-10-14 17:08:46 - [MESSAGE][PASSED] - Method.TextDegerineEsitElementVarMi is PASSED

2021-10-14 17:08:46 - [MESSAGE][PASSED] - Call Test Case 'Test Cases/Filtreler/FiltreVarMi' successfully

2021-10-14 17:08:46 - [MESSAGE][INFO] - Checking called Test Case

2021-10-14 17:08:46 - [MESSAGE][INFO] - Starting to call Test Case 'Test Cases/Filtreler/FiltreVarMi'

2021-10-14 17:08:47 - [TEST_CASE][PASSED] - Test Cases/Filtreler/FiltreVarMi: Test Cases/Filtreler/FiltreVarMi

2021-10-14 17:08:47 - [TEST_STEP][PASSED] - Method.TextDegerineEsitElementVarMi(findTestObject("Filtreler/Basliklar"), Filtre_alan): Method.TextDegerineEsitElementVarMi is PASSED

2021-10-14 17:08:47 - [MESSAGE][INFO] - Finding Test Object 'Object Repository/Filtreler/Basliklar'

2021-10-14 17:08:47 - [MESSAGE][INFO] - Checking timeout

2021-10-14 17:08:47 - [MESSAGE][INFO] - Finding web element with id: 'Object Repository/Filtreler/Basliklar' located by 'By.cssSelector: .control-label.col-sm-4.paddingMarginRLC' in '10' second(s)

2021-10-14 17:08:47 - [MESSAGE][INFO] - Smart Wait Function is triggered

2021-10-14 17:08:47 - [MESSAGE][INFO] - Found 19 web elements with id: 'Object Repository/Filtreler/Basliklar' located by 'By.cssSelector: .control-label.col-sm-4.paddingMarginRLC' in '10' second(s)

2021-10-14 17:08:47 - [MESSAGE][PASSED] - Method.TextDegerineEsitElementVarMi is PASSED

2021-10-14 17:08:47 - [MESSAGE][PASSED] - Call Test Case 'Test Cases/Filtreler/FiltreVarMi' successfully

2021-10-14 17:08:47 - [MESSAGE][INFO] - Checking called Test Case

2021-10-14 17:08:47 - [MESSAGE][INFO] - Starting to call Test Case 'Test Cases/Filtreler/FiltreVarMi'

2021-10-14 17:08:47 - [TEST_CASE][PASSED] - Test Cases/Filtreler/FiltreVarMi: Test Cases/Filtreler/FiltreVarMi

2021-10-14 17:08:47 - [TEST_STEP][PASSED] - Method.TextDegerineEsitElementVarMi(findTestObject("Filtreler/Basliklar"), Filtre_alan): Method.TextDegerineEsitElementVarMi is PASSED

2021-10-14 17:08:47 - [MESSAGE][INFO] - Finding Test Object 'Object Repository/Filtreler/Basliklar'

2021-10-14 17:08:47 - [MESSAGE][INFO] - Checking timeout

2021-10-14 17:08:47 - [MESSAGE][INFO] - Finding web element with id: 'Object Repository/Filtreler/Basliklar' located by 'By.cssSelector: .control-label.col-sm-4.paddingMarginRLC' in '10' second(s)

2021-10-14 17:08:47 - [MESSAGE][INFO] - Smart Wait Function is triggered

2021-10-14 17:08:48 - [MESSAGE][INFO] - Found 19 web elements with id: 'Object Repository/Filtreler/Basliklar' located by 'By.cssSelector: .control-label.col-sm-4.paddingMarginRLC' in '10' second(s)

2021-10-14 17:08:48 - [MESSAGE][PASSED] - Method.TextDegerineEsitElementVarMi is PASSED

2021-10-14 17:08:48 - [MESSAGE][PASSED] - Call Test Case 'Test Cases/Filtreler/FiltreVarMi' successfully

2021-10-14 17:08:48 - [MESSAGE][INFO] - Checking called Test Case

2021-10-14 17:08:48 - [MESSAGE][INFO] - Starting to call Test Case 'Test Cases/Filtreler/FiltreVarMi'

2021-10-14 17:08:48 - [TEST_CASE][PASSED] - Test Cases/Filtreler/FiltreVarMi: Test Cases/Filtreler/FiltreVarMi

2021-10-14 17:08:48 - [TEST_STEP][PASSED] - Method.TextDegerineEsitElementVarMi(findTestObject("Filtreler/Basliklar"), Filtre_alan): Method.TextDegerineEsitElementVarMi is PASSED

2021-10-14 17:08:48 - [MESSAGE][INFO] - Finding Test Object 'Object Repository/Filtreler/Basliklar'

2021-10-14 17:08:48 - [MESSAGE][INFO] - Checking timeout

2021-10-14 17:08:48 - [MESSAGE][INFO] - Finding web element with id: 'Object Repository/Filtreler/Basliklar' located by 'By.cssSelector: .control-label.col-sm-4.paddingMarginRLC' in '10' second(s)

2021-10-14 17:08:48 - [MESSAGE][INFO] - Smart Wait Function is triggered

2021-10-14 17:08:48 - [MESSAGE][INFO] - Found 19 web elements with id: 'Object Repository/Filtreler/Basliklar' located by 'By.cssSelector: .control-label.col-sm-4.paddingMarginRLC' in '10' second(s)

2021-10-14 17:08:48 - [MESSAGE][PASSED] - Method.TextDegerineEsitElementVarMi is PASSED

2021-10-14 17:08:48 - [MESSAGE][PASSED] - Call Test Case 'Test Cases/Filtreler/FiltreVarMi' successfully

2021-10-14 17:08:48 - [MESSAGE][INFO] - Checking called Test Case

2021-10-14 17:08:48 - [MESSAGE][INFO] - Starting to call Test Case 'Test Cases/Filtreler/FiltreVarMi'

2021-10-14 17:08:48 - [TEST_CASE][PASSED] - Test Cases/Filtreler/FiltreVarMi: Test Cases/Filtreler/FiltreVarMi

2021-10-14 17:08:48 - [TEST_STEP][PASSED] - Method.TextDegerineEsitElementVarMi(findTestObject("Filtreler/Basliklar"), Filtre_alan): Method.TextDegerineEsitElementVarMi is PASSED

2021-10-14 17:08:48 - [MESSAGE][INFO] - Finding Test Object 'Object Repository/Filtreler/Basliklar'

2021-10-14 17:08:48 - [MESSAGE][INFO] - Checking timeout

2021-10-14 17:08:48 - [MESSAGE][INFO] - Finding web element with id: 'Object Repository/Filtreler/Basliklar' located by 'By.cssSelector: .control-label.col-sm-4.paddingMarginRLC' in '10' second(s)

2021-10-14 17:08:48 - [MESSAGE][INFO] - Smart Wait Function is triggered

2021-10-14 17:08:49 - [MESSAGE][INFO] - Found 19 web elements with id: 'Object Repository/Filtreler/Basliklar' located by 'By.cssSelector: .control-label.col-sm-4.paddingMarginRLC' in '10' second(s)

2021-10-14 17:08:49 - [MESSAGE][PASSED] - Method.TextDegerineEsitElementVarMi is PASSED

2021-10-14 17:08:49 - [MESSAGE][PASSED] - Call Test Case 'Test Cases/Filtreler/FiltreVarMi' successfully

2021-10-14 17:08:49 - [MESSAGE][INFO] - Checking called Test Case

2021-10-14 17:08:49 - [MESSAGE][INFO] - Starting to call Test Case 'Test Cases/Filtreler/FiltreVarMi'

2021-10-14 17:08:49 - [TEST_CASE][PASSED] - Test Cases/Filtreler/FiltreVarMi: Test Cases/Filtreler/FiltreVarMi

2021-10-14 17:08:49 - [TEST_STEP][PASSED] - Method.TextDegerineEsitElementVarMi(findTestObject("Filtreler/Basliklar"), Filtre_alan): Method.TextDegerineEsitElementVarMi is PASSED

2021-10-14 17:08:49 - [MESSAGE][INFO] - Finding Test Object 'Object Repository/Filtreler/Basliklar'

2021-10-14 17:08:49 - [MESSAGE][INFO] - Checking timeout

2021-10-14 17:08:49 - [MESSAGE][INFO] - Finding web element with id: 'Object Repository/Filtreler/Basliklar' located by 'By.cssSelector: .control-label.col-sm-4.paddingMarginRLC' in '10' second(s)

2021-10-14 17:08:49 - [MESSAGE][INFO] - Smart Wait Function is triggered

2021-10-14 17:08:49 - [MESSAGE][INFO] - Found 19 web elements with id: 'Object Repository/Filtreler/Basliklar' located by 'By.cssSelector: .control-label.col-sm-4.paddingMarginRLC' in '10' second(s)

2021-10-14 17:08:49 - [MESSAGE][PASSED] - Method.TextDegerineEsitElementVarMi is PASSED

2021-10-14 17:08:49 - [MESSAGE][PASSED] - Call Test Case 'Test Cases/Filtreler/FiltreVarMi' successfully

2021-10-14 17:08:49 - [MESSAGE][INFO] - Checking called Test Case

2021-10-14 17:08:49 - [MESSAGE][INFO] - Starting to call Test Case 'Test Cases/Filtreler/FiltreVarMi'

2021-10-14 17:08:49 - [TEST_CASE][PASSED] - Test Cases/Filtreler/FiltreVarMi: Test Cases/Filtreler/FiltreVarMi

2021-10-14 17:08:49 - [TEST_STEP][PASSED] - Method.TextDegerineEsitElementVarMi(findTestObject("Filtreler/Basliklar"), Filtre_alan): Method.TextDegerineEsitElementVarMi is PASSED

2021-10-14 17:08:49 - [MESSAGE][INFO] - Finding Test Object 'Object Repository/Filtreler/Basliklar'

2021-10-14 17:08:49 - [MESSAGE][INFO] - Checking timeout

2021-10-14 17:08:49 - [MESSAGE][INFO] - Finding web element with id: 'Object Repository/Filtreler/Basliklar' located by 'By.cssSelector: .control-label.col-sm-4.paddingMarginRLC' in '10' second(s)

2021-10-14 17:08:49 - [MESSAGE][INFO] - Smart Wait Function is triggered

2021-10-14 17:08:50 - [MESSAGE][INFO] - Found 19 web elements with id: 'Object Repository/Filtreler/Basliklar' located by 'By.cssSelector: .control-label.col-sm-4.paddingMarginRLC' in '10' second(s)

2021-10-14 17:08:50 - [MESSAGE][PASSED] - Method.TextDegerineEsitElementVarMi is PASSED

2021-10-14 17:08:50 - [MESSAGE][PASSED] - Call Test Case 'Test Cases/Filtreler/FiltreVarMi' successfully

2021-10-14 17:08:50 - [MESSAGE][INFO] - Checking called Test Case

2021-10-14 17:08:50 - [MESSAGE][INFO] - Starting to call Test Case 'Test Cases/Filtreler/FiltreVarMi'

2021-10-14 17:08:50 - [TEST_CASE][PASSED] - Test Cases/Filtreler/FiltreVarMi: Test Cases/Filtreler/FiltreVarMi

2021-10-14 17:08:50 - [TEST_STEP][PASSED] - Method.TextDegerineEsitElementVarMi(findTestObject("Filtreler/Basliklar"), Filtre_alan): Method.TextDegerineEsitElementVarMi is PASSED

2021-10-14 17:08:50 - [MESSAGE][INFO] - Finding Test Object 'Object Repository/Filtreler/Basliklar'

2021-10-14 17:08:50 - [MESSAGE][INFO] - Checking timeout

2021-10-14 17:08:50 - [MESSAGE][INFO] - Finding web element with id: 'Object Repository/Filtreler/Basliklar' located by 'By.cssSelector: .control-label.col-sm-4.paddingMarginRLC' in '10' second(s)

2021-10-14 17:08:50 - [MESSAGE][INFO] - Smart Wait Function is triggered

2021-10-14 17:08:50 - [MESSAGE][INFO] - Found 19 web elements with id: 'Object Repository/Filtreler/Basliklar' located by 'By.cssSelector: .control-label.col-sm-4.paddingMarginRLC' in '10' second(s)

2021-10-14 17:08:50 - [MESSAGE][PASSED] - Method.TextDegerineEsitElementVarMi is PASSED

2021-10-14 17:08:50 - [MESSAGE][PASSED] - Call Test Case 'Test Cases/Filtreler/FiltreVarMi' successfully

2021-10-14 17:08:51 - [MESSAGE][INFO] - Checking called Test Case

2021-10-14 17:08:51 - [MESSAGE][INFO] - Starting to call Test Case 'Test Cases/Filtreler/FiltreVarMi'

2021-10-14 17:08:51 - [TEST_CASE][PASSED] - Test Cases/Filtreler/FiltreVarMi: Test Cases/Filtreler/FiltreVarMi

2021-10-14 17:08:51 - [TEST_STEP][PASSED] - Method.TextDegerineEsitElementVarMi(findTestObject("Filtreler/Basliklar"), Filtre_alan): Method.TextDegerineEsitElementVarMi is PASSED

2021-10-14 17:08:51 - [MESSAGE][INFO] - Finding Test Object 'Object Repository/Filtreler/Basliklar'

2021-10-14 17:08:51 - [MESSAGE][INFO] - Checking timeout

2021-10-14 17:08:51 - [MESSAGE][INFO] - Finding web element with id: 'Object Repository/Filtreler/Basliklar' located by 'By.cssSelector: .control-label.col-sm-4.paddingMarginRLC' in '10' second(s)

2021-10-14 17:08:51 - [MESSAGE][INFO] - Smart Wait Function is triggered

2021-10-14 17:08:51 - [MESSAGE][INFO] - Found 19 web elements with id: 'Object Repository/Filtreler/Basliklar' located by 'By.cssSelector: .control-label.col-sm-4.paddingMarginRLC' in '10' second(s)

2021-10-14 17:08:51 - [MESSAGE][PASSED] - Method.TextDegerineEsitElementVarMi is PASSED

2021-10-14 17:08:51 - [MESSAGE][PASSED] - Call Test Case 'Test Cases/Filtreler/FiltreVarMi' successfully

2021-10-14 17:08:51 - [MESSAGE][INFO] - Checking called Test Case

2021-10-14 17:08:51 - [MESSAGE][INFO] - Starting to call Test Case 'Test Cases/Filtreler/FiltreVarMi'

2021-10-14 17:08:51 - [TEST_CASE][PASSED] - Test Cases/Filtreler/FiltreVarMi: Test Cases/Filtreler/FiltreVarMi

2021-10-14 17:08:51 - [TEST_STEP][PASSED] - Method.TextDegerineEsitElementVarMi(findTestObject("Filtreler/Basliklar"), Filtre_alan): Method.TextDegerineEsitElementVarMi is PASSED

2021-10-14 17:08:51 - [MESSAGE][INFO] - Finding Test Object 'Object Repository/Filtreler/Basliklar'

2021-10-14 17:08:51 - [MESSAGE][INFO] - Checking timeout

2021-10-14 17:08:51 - [MESSAGE][INFO] - Finding web element with id: 'Object Repository/Filtreler/Basliklar' located by 'By.cssSelector: .control-label.col-sm-4.paddingMarginRLC' in '10' second(s)

2021-10-14 17:08:51 - [MESSAGE][INFO] - Smart Wait Function is triggered

2021-10-14 17:08:52 - [MESSAGE][INFO] - Found 19 web elements with id: 'Object Repository/Filtreler/Basliklar' located by 'By.cssSelector: .control-label.col-sm-4.paddingMarginRLC' in '10' second(s)

2021-10-14 17:08:52 - [MESSAGE][PASSED] - Method.TextDegerineEsitElementVarMi is PASSED

2021-10-14 17:08:52 - [MESSAGE][PASSED] - Call Test Case 'Test Cases/Filtreler/FiltreVarMi' successfully

2021-10-14 17:08:52 - [MESSAGE][INFO] - Checking called Test Case

2021-10-14 17:08:52 - [MESSAGE][INFO] - Starting to call Test Case 'Test Cases/Filtreler/FiltreVarMi'

2021-10-14 17:08:52 - [TEST_CASE][PASSED] - Test Cases/Filtreler/FiltreVarMi: Test Cases/Filtreler/FiltreVarMi

2021-10-14 17:08:52 - [TEST_STEP][PASSED] - Method.TextDegerineEsitElementVarMi(findTestObject("Filtreler/Basliklar"), Filtre_alan): Method.TextDegerineEsitElementVarMi is PASSED

2021-10-14 17:08:52 - [MESSAGE][INFO] - Finding Test Object 'Object Repository/Filtreler/Basliklar'

2021-10-14 17:08:52 - [MESSAGE][INFO] - Checking timeout

2021-10-14 17:08:52 - [MESSAGE][INFO] - Finding web element with id: 'Object Repository/Filtreler/Basliklar' located by 'By.cssSelector: .control-label.col-sm-4.paddingMarginRLC' in '10' second(s)

2021-10-14 17:08:52 - [MESSAGE][INFO] - Smart Wait Function is triggered

2021-10-14 17:08:52 - [MESSAGE][INFO] - Found 19 web elements with id: 'Object Repository/Filtreler/Basliklar' located by 'By.cssSelector: .control-label.col-sm-4.paddingMarginRLC' in '10' second(s)

2021-10-14 17:08:52 - [MESSAGE][PASSED] - Method.TextDegerineEsitElementVarMi is PASSED

2021-10-14 17:08:52 - [MESSAGE][PASSED] - Call Test Case 'Test Cases/Filtreler/FiltreVarMi' successfully

2021-10-14 17:08:52 - [MESSAGE][INFO] - Checking called Test Case

2021-10-14 17:08:52 - [MESSAGE][INFO] - Starting to call Test Case 'Test Cases/Filtreler/FiltreVarMi'

2021-10-14 17:08:52 - [TEST_CASE][PASSED] - Test Cases/Filtreler/FiltreVarMi: Test Cases/Filtreler/FiltreVarMi

2021-10-14 17:08:52 - [TEST_STEP][PASSED] - Method.TextDegerineEsitElementVarMi(findTestObject("Filtreler/Basliklar"), Filtre_alan): Method.TextDegerineEsitElementVarMi is PASSED

2021-10-14 17:08:52 - [MESSAGE][INFO] - Finding Test Object 'Object Repository/Filtreler/Basliklar'

2021-10-14 17:08:52 - [MESSAGE][INFO] - Checking timeout

2021-10-14 17:08:52 - [MESSAGE][INFO] - Finding web element with id: 'Object Repository/Filtreler/Basliklar' located by 'By.cssSelector: .control-label.col-sm-4.paddingMarginRLC' in '10' second(s)

2021-10-14 17:08:52 - [MESSAGE][INFO] - Smart Wait Function is triggered

2021-10-14 17:08:53 - [MESSAGE][INFO] - Found 19 web elements with id: 'Object Repository/Filtreler/Basliklar' located by 'By.cssSelector: .control-label.col-sm-4.paddingMarginRLC' in '10' second(s)

2021-10-14 17:08:53 - [MESSAGE][PASSED] - Method.TextDegerineEsitElementVarMi is PASSED

2021-10-14 17:08:53 - [MESSAGE][PASSED] - Call Test Case 'Test Cases/Filtreler/FiltreVarMi' successfully

2021-10-14 17:08:53 - [MESSAGE][INFO] - Checking called Test Case

2021-10-14 17:08:53 - [MESSAGE][INFO] - Starting to call Test Case 'Test Cases/Filtreler/FiltreVarMi'

2021-10-14 17:08:53 - [TEST_CASE][PASSED] - Test Cases/Filtreler/FiltreVarMi: Test Cases/Filtreler/FiltreVarMi

2021-10-14 17:08:53 - [TEST_STEP][PASSED] - Method.TextDegerineEsitElementVarMi(findTestObject("Filtreler/Basliklar"), Filtre_alan): Method.TextDegerineEsitElementVarMi is PASSED

2021-10-14 17:08:53 - [MESSAGE][INFO] - Finding Test Object 'Object Repository/Filtreler/Basliklar'

2021-10-14 17:08:53 - [MESSAGE][INFO] - Checking timeout

2021-10-14 17:08:53 - [MESSAGE][INFO] - Finding web element with id: 'Object Repository/Filtreler/Basliklar' located by 'By.cssSelector: .control-label.col-sm-4.paddingMarginRLC' in '10' second(s)

2021-10-14 17:08:53 - [MESSAGE][INFO] - Smart Wait Function is triggered

2021-10-14 17:08:53 - [MESSAGE][INFO] - Found 19 web elements with id: 'Object Repository/Filtreler/Basliklar' located by 'By.cssSelector: .control-label.col-sm-4.paddingMarginRLC' in '10' second(s)

2021-10-14 17:08:53 - [MESSAGE][PASSED] - Method.TextDegerineEsitElementVarMi is PASSED

2021-10-14 17:08:53 - [MESSAGE][PASSED] - Call Test Case 'Test Cases/Filtreler/FiltreVarMi' successfully

2021-10-14 17:08:53 - [MESSAGE][INFO] - Checking called Test Case

2021-10-14 17:08:53 - [MESSAGE][INFO] - Starting to call Test Case 'Test Cases/Filtreler/FiltreVarMi'

2021-10-14 17:08:53 - [TEST_CASE][PASSED] - Test Cases/Filtreler/FiltreVarMi: Test Cases/Filtreler/FiltreVarMi

2021-10-14 17:08:53 - [TEST_STEP][PASSED] - Method.TextDegerineEsitElementVarMi(findTestObject("Filtreler/Basliklar"), Filtre_alan): Method.TextDegerineEsitElementVarMi is PASSED

2021-10-14 17:08:53 - [MESSAGE][INFO] - Finding Test Object 'Object Repository/Filtreler/Basliklar'

2021-10-14 17:08:53 - [MESSAGE][INFO] - Checking timeout

2021-10-14 17:08:53 - [MESSAGE][INFO] - Finding web element with id: 'Object Repository/Filtreler/Basliklar' located by 'By.cssSelector: .control-label.col-sm-4.paddingMarginRLC' in '10' second(s)

2021-10-14 17:08:53 - [MESSAGE][INFO] - Smart Wait Function is triggered

2021-10-14 17:08:54 - [MESSAGE][INFO] - Found 19 web elements with id: 'Object Repository/Filtreler/Basliklar' located by 'By.cssSelector: .control-label.col-sm-4.paddingMarginRLC' in '10' second(s)

2021-10-14 17:08:54 - [MESSAGE][PASSED] - Method.TextDegerineEsitElementVarMi is PASSED

2021-10-14 17:08:54 - [MESSAGE][PASSED] - Call Test Case 'Test Cases/Filtreler/FiltreVarMi' successfully

2021-10-14 17:08:54 - [MESSAGE][INFO] - Checking called Test Case

2021-10-14 17:08:54 - [MESSAGE][INFO] - Starting to call Test Case 'Test Cases/Filtreler/ButonVarMi'

2021-10-14 17:08:54 - [TEST_CASE][PASSED] - Test Cases/Filtreler/ButonVarMi: Test Cases/Filtreler/ButonVarMi

2021-10-14 17:08:54 - [TEST_STEP][PASSED] - Method.TextDegerineEsitElementVarMi(findTestObject("Filtreler/Butonlar"), Filtre_Buton): Method.TextDegerineEsitElementVarMi is PASSED

2021-10-14 17:08:54 - [MESSAGE][INFO] - Finding Test Object 'Object Repository/Filtreler/Butonlar'

2021-10-14 17:08:54 - [MESSAGE][INFO] - Checking timeout

2021-10-14 17:08:54 - [MESSAGE][INFO] - Finding web element with id: 'Object Repository/Filtreler/Butonlar' located by 'By.cssSelector: .dxb>span' in '10' second(s)

2021-10-14 17:08:54 - [MESSAGE][INFO] - Smart Wait Function is triggered

2021-10-14 17:08:54 - [MESSAGE][INFO] - Found 3 web elements with id: 'Object Repository/Filtreler/Butonlar' located by 'By.cssSelector: .dxb>span' in '10' second(s)

2021-10-14 17:08:54 - [MESSAGE][PASSED] - Method.TextDegerineEsitElementVarMi is PASSED

2021-10-14 17:08:54 - [MESSAGE][PASSED] - Call Test Case 'Test Cases/Filtreler/ButonVarMi' successfully

2021-10-14 17:08:54 - [MESSAGE][INFO] - Checking called Test Case

2021-10-14 17:08:54 - [MESSAGE][INFO] - Starting to call Test Case 'Test Cases/Filtreler/ButonVarMi'

2021-10-14 17:08:54 - [TEST_CASE][PASSED] - Test Cases/Filtreler/ButonVarMi: Test Cases/Filtreler/ButonVarMi

2021-10-14 17:08:54 - [TEST_STEP][PASSED] - Method.TextDegerineEsitElementVarMi(findTestObject("Filtreler/Butonlar"), Filtre_Buton): Method.TextDegerineEsitElementVarMi is PASSED

2021-10-14 17:08:54 - [MESSAGE][INFO] - Finding Test Object 'Object Repository/Filtreler/Butonlar'

2021-10-14 17:08:54 - [MESSAGE][INFO] - Checking timeout

2021-10-14 17:08:54 - [MESSAGE][INFO] - Finding web element with id: 'Object Repository/Filtreler/Butonlar' located by 'By.cssSelector: .dxb>span' in '10' second(s)

2021-10-14 17:08:54 - [MESSAGE][INFO] - Smart Wait Function is triggered

2021-10-14 17:08:55 - [MESSAGE][INFO] - Found 3 web elements with id: 'Object Repository/Filtreler/Butonlar' located by 'By.cssSelector: .dxb>span' in '10' second(s)

2021-10-14 17:08:55 - [MESSAGE][PASSED] - Method.TextDegerineEsitElementVarMi is PASSED

2021-10-14 17:08:55 - [MESSAGE][PASSED] - Call Test Case 'Test Cases/Filtreler/ButonVarMi' successfully

2021-10-14 17:08:55 - [MESSAGE][INFO] - Checking called Test Case

2021-10-14 17:08:55 - [MESSAGE][INFO] - Starting to call Test Case 'Test Cases/Filtreler/ButonVarMi'

2021-10-14 17:08:55 - [TEST_CASE][PASSED] - Test Cases/Filtreler/ButonVarMi: Test Cases/Filtreler/ButonVarMi

2021-10-14 17:08:55 - [TEST_STEP][PASSED] - Method.TextDegerineEsitElementVarMi(findTestObject("Filtreler/Butonlar"), Filtre_Buton): Method.TextDegerineEsitElementVarMi is PASSED

2021-10-14 17:08:55 - [MESSAGE][INFO] - Finding Test Object 'Object Repository/Filtreler/Butonlar'

2021-10-14 17:08:55 - [MESSAGE][INFO] - Checking timeout

2021-10-14 17:08:55 - [MESSAGE][INFO] - Finding web element with id: 'Object Repository/Filtreler/Butonlar' located by 'By.cssSelector: .dxb>span' in '10' second(s)

2021-10-14 17:08:55 - [MESSAGE][INFO] - Smart Wait Function is triggered

2021-10-14 17:08:55 - [MESSAGE][INFO] - Found 3 web elements with id: 'Object Repository/Filtreler/Butonlar' located by 'By.cssSelector: .dxb>span' in '10' second(s)

2021-10-14 17:08:55 - [MESSAGE][PASSED] - Method.TextDegerineEsitElementVarMi is PASSED

2021-10-14 17:08:55 - [MESSAGE][PASSED] - Call Test Case 'Test Cases/Filtreler/ButonVarMi' successfully

2021-10-14 17:08:55 - [MESSAGE][INFO] - Checking called Test Case

2021-10-14 17:08:55 - [MESSAGE][INFO] - Starting to call Test Case 'Test Cases/Butonlar/ButonVarMi'

2021-10-14 17:08:55 - [TEST_CASE][PASSED] - Test Cases/Butonlar/ButonVarMi: Test Cases/Butonlar/ButonVarMi

2021-10-14 17:08:55 - [TEST_STEP][PASSED] - Method.TextDegerineEsitElementVarMi(findTestObject("Butonlar/Butonlar"), Buton): Method.TextDegerineEsitElementVarMi is PASSED

2021-10-14 17:08:55 - [MESSAGE][INFO] - Finding Test Object 'Object Repository/Butonlar/Butonlar'

2021-10-14 17:08:55 - [MESSAGE][INFO] - Checking timeout

2021-10-14 17:08:55 - [MESSAGE][INFO] - Finding web element with id: 'Object Repository/Butonlar/Butonlar' located by 'By.cssSelector: .panel.panel-default.text-center.footerPanel .btn,.btn.btn-primary.btnControls' in '10' second(s)

2021-10-14 17:08:55 - [MESSAGE][INFO] - Smart Wait Function is triggered

2021-10-14 17:08:56 - [MESSAGE][INFO] - Found 15 web elements with id: 'Object Repository/Butonlar/Butonlar' located by 'By.cssSelector: .panel.panel-default.text-center.footerPanel .btn,.btn.btn-primary.btnControls' in '10' second(s)

2021-10-14 17:08:56 - [MESSAGE][PASSED] - Method.TextDegerineEsitElementVarMi is PASSED

2021-10-14 17:08:56 - [MESSAGE][PASSED] - Call Test Case 'Test Cases/Butonlar/ButonVarMi' successfully

2021-10-14 17:08:56 - [MESSAGE][INFO] - Checking called Test Case

2021-10-14 17:08:56 - [MESSAGE][INFO] - Starting to call Test Case 'Test Cases/Butonlar/ButonVarMi'

2021-10-14 17:08:56 - [TEST_CASE][PASSED] - Test Cases/Butonlar/ButonVarMi: Test Cases/Butonlar/ButonVarMi

2021-10-14 17:08:56 - [TEST_STEP][PASSED] - Method.TextDegerineEsitElementVarMi(findTestObject("Butonlar/Butonlar"), Buton): Method.TextDegerineEsitElementVarMi is PASSED

2021-10-14 17:08:56 - [MESSAGE][INFO] - Finding Test Object 'Object Repository/Butonlar/Butonlar'

2021-10-14 17:08:56 - [MESSAGE][INFO] - Checking timeout

2021-10-14 17:08:56 - [MESSAGE][INFO] - Finding web element with id: 'Object Repository/Butonlar/Butonlar' located by 'By.cssSelector: .panel.panel-default.text-center.footerPanel .btn,.btn.btn-primary.btnControls' in '10' second(s)

2021-10-14 17:08:56 - [MESSAGE][INFO] - Smart Wait Function is triggered

2021-10-14 17:08:56 - [MESSAGE][INFO] - Found 15 web elements with id: 'Object Repository/Butonlar/Butonlar' located by 'By.cssSelector: .panel.panel-default.text-center.footerPanel .btn,.btn.btn-primary.btnControls' in '10' second(s)

2021-10-14 17:08:56 - [MESSAGE][PASSED] - Method.TextDegerineEsitElementVarMi is PASSED

2021-10-14 17:08:56 - [MESSAGE][PASSED] - Call Test Case 'Test Cases/Butonlar/ButonVarMi' successfully

2021-10-14 17:08:56 - [MESSAGE][INFO] - Checking called Test Case

2021-10-14 17:08:56 - [MESSAGE][INFO] - Starting to call Test Case 'Test Cases/Butonlar/ButonVarMi'

2021-10-14 17:08:56 - [TEST_CASE][PASSED] - Test Cases/Butonlar/ButonVarMi: Test Cases/Butonlar/ButonVarMi

2021-10-14 17:08:56 - [TEST_STEP][PASSED] - Method.TextDegerineEsitElementVarMi(findTestObject("Butonlar/Butonlar"), Buton): Method.TextDegerineEsitElementVarMi is PASSED

2021-10-14 17:08:56 - [MESSAGE][INFO] - Finding Test Object 'Object Repository/Butonlar/Butonlar'

2021-10-14 17:08:56 - [MESSAGE][INFO] - Checking timeout

2021-10-14 17:08:56 - [MESSAGE][INFO] - Finding web element with id: 'Object Repository/Butonlar/Butonlar' located by 'By.cssSelector: .panel.panel-default.text-center.footerPanel .btn,.btn.btn-primary.btnControls' in '10' second(s)

2021-10-14 17:08:56 - [MESSAGE][INFO] - Smart Wait Function is triggered

2021-10-14 17:08:57 - [MESSAGE][INFO] - Found 15 web elements with id: 'Object Repository/Butonlar/Butonlar' located by 'By.cssSelector: .panel.panel-default.text-center.footerPanel .btn,.btn.btn-primary.btnControls' in '10' second(s)

2021-10-14 17:08:57 - [MESSAGE][PASSED] - Method.TextDegerineEsitElementVarMi is PASSED

2021-10-14 17:08:57 - [MESSAGE][PASSED] - Call Test Case 'Test Cases/Butonlar/ButonVarMi' successfully

2021-10-14 17:08:57 - [MESSAGE][INFO] - Checking called Test Case

2021-10-14 17:08:57 - [MESSAGE][INFO] - Starting to call Test Case 'Test Cases/Butonlar/ButonVarMi'

2021-10-14 17:08:57 - [TEST_CASE][PASSED] - Test Cases/Butonlar/ButonVarMi: Test Cases/Butonlar/ButonVarMi

2021-10-14 17:08:57 - [TEST_STEP][PASSED] - Method.TextDegerineEsitElementVarMi(findTestObject("Butonlar/Butonlar"), Buton): Method.TextDegerineEsitElementVarMi is PASSED

2021-10-14 17:08:57 - [MESSAGE][INFO] - Finding Test Object 'Object Repository/Butonlar/Butonlar'

2021-10-14 17:08:57 - [MESSAGE][INFO] - Checking timeout

2021-10-14 17:08:57 - [MESSAGE][INFO] - Finding web element with id: 'Object Repository/Butonlar/Butonlar' located by 'By.cssSelector: .panel.panel-default.text-center.footerPanel .btn,.btn.btn-primary.btnControls' in '10' second(s)

2021-10-14 17:08:57 - [MESSAGE][INFO] - Smart Wait Function is triggered

2021-10-14 17:08:57 - [MESSAGE][INFO] - Found 15 web elements with id: 'Object Repository/Butonlar/Butonlar' located by 'By.cssSelector: .panel.panel-default.text-center.footerPanel .btn,.btn.btn-primary.btnControls' in '10' second(s)

2021-10-14 17:08:57 - [MESSAGE][PASSED] - Method.TextDegerineEsitElementVarMi is PASSED

2021-10-14 17:08:57 - [MESSAGE][PASSED] - Call Test Case 'Test Cases/Butonlar/ButonVarMi' successfully

2021-10-14 17:08:57 - [MESSAGE][INFO] - Checking called Test Case

2021-10-14 17:08:57 - [MESSAGE][INFO] - Starting to call Test Case 'Test Cases/Butonlar/ButonVarMi'

2021-10-14 17:08:57 - [TEST_CASE][PASSED] - Test Cases/Butonlar/ButonVarMi: Test Cases/Butonlar/ButonVarMi

2021-10-14 17:08:57 - [TEST_STEP][PASSED] - Method.TextDegerineEsitElementVarMi(findTestObject("Butonlar/Butonlar"), Buton): Method.TextDegerineEsitElementVarMi is PASSED

2021-10-14 17:08:57 - [MESSAGE][INFO] - Finding Test Object 'Object Repository/Butonlar/Butonlar'

2021-10-14 17:08:58 - [MESSAGE][INFO] - Checking timeout

2021-10-14 17:08:58 - [MESSAGE][INFO] - Finding web element with id: 'Object Repository/Butonlar/Butonlar' located by 'By.cssSelector: .panel.panel-default.text-center.footerPanel .btn,.btn.btn-primary.btnControls' in '10' second(s)

2021-10-14 17:08:58 - [MESSAGE][INFO] - Smart Wait Function is triggered

2021-10-14 17:08:58 - [MESSAGE][INFO] - Found 15 web elements with id: 'Object Repository/Butonlar/Butonlar' located by 'By.cssSelector: .panel.panel-default.text-center.footerPanel .btn,.btn.btn-primary.btnControls' in '10' second(s)

2021-10-14 17:08:58 - [MESSAGE][PASSED] - Method.TextDegerineEsitElementVarMi is PASSED

2021-10-14 17:08:58 - [MESSAGE][PASSED] - Call Test Case 'Test Cases/Butonlar/ButonVarMi' successfully

2021-10-14 17:08:58 - [MESSAGE][INFO] - Checking called Test Case

2021-10-14 17:08:58 - [MESSAGE][INFO] - Starting to call Test Case 'Test Cases/Butonlar/ButonVarMi'

2021-10-14 17:08:58 - [TEST_CASE][PASSED] - Test Cases/Butonlar/ButonVarMi: Test Cases/Butonlar/ButonVarMi

2021-10-14 17:08:58 - [TEST_STEP][PASSED] - Method.TextDegerineEsitElementVarMi(findTestObject("Butonlar/Butonlar"), Buton): Method.TextDegerineEsitElementVarMi is PASSED

2021-10-14 17:08:58 - [MESSAGE][INFO] - Finding Test Object 'Object Repository/Butonlar/Butonlar'

2021-10-14 17:08:59 - [MESSAGE][INFO] - Checking timeout

2021-10-14 17:08:59 - [MESSAGE][INFO] - Finding web element with id: 'Object Repository/Butonlar/Butonlar' located by 'By.cssSelector: .panel.panel-default.text-center.footerPanel .btn,.btn.btn-primary.btnControls' in '10' second(s)

2021-10-14 17:08:59 - [MESSAGE][INFO] - Smart Wait Function is triggered

2021-10-14 17:08:59 - [MESSAGE][INFO] - Found 15 web elements with id: 'Object Repository/Butonlar/Butonlar' located by 'By.cssSelector: .panel.panel-default.text-center.footerPanel .btn,.btn.btn-primary.btnControls' in '10' second(s)

2021-10-14 17:08:59 - [MESSAGE][PASSED] - Method.TextDegerineEsitElementVarMi is PASSED

2021-10-14 17:08:59 - [MESSAGE][PASSED] - Call Test Case 'Test Cases/Butonlar/ButonVarMi' successfully

2021-10-14 17:08:59 - [MESSAGE][INFO] - Checking called Test Case

2021-10-14 17:08:59 - [MESSAGE][INFO] - Starting to call Test Case 'Test Cases/Butonlar/ButonVarMi'

2021-10-14 17:08:59 - [TEST_CASE][PASSED] - Test Cases/Butonlar/ButonVarMi: Test Cases/Butonlar/ButonVarMi

2021-10-14 17:08:59 - [TEST_STEP][PASSED] - Method.TextDegerineEsitElementVarMi(findTestObject("Butonlar/Butonlar"), Buton): Method.TextDegerineEsitElementVarMi is PASSED

2021-10-14 17:08:59 - [MESSAGE][INFO] - Finding Test Object 'Object Repository/Butonlar/Butonlar'

2021-10-14 17:08:59 - [MESSAGE][INFO] - Checking timeout

2021-10-14 17:08:59 - [MESSAGE][INFO] - Finding web element with id: 'Object Repository/Butonlar/Butonlar' located by 'By.cssSelector: .panel.panel-default.text-center.footerPanel .btn,.btn.btn-primary.btnControls' in '10' second(s)

2021-10-14 17:08:59 - [MESSAGE][INFO] - Smart Wait Function is triggered

2021-10-14 17:08:59 - [MESSAGE][INFO] - Found 15 web elements with id: 'Object Repository/Butonlar/Butonlar' located by 'By.cssSelector: .panel.panel-default.text-center.footerPanel .btn,.btn.btn-primary.btnControls' in '10' second(s)

2021-10-14 17:09:00 - [MESSAGE][PASSED] - Method.TextDegerineEsitElementVarMi is PASSED

2021-10-14 17:09:00 - [MESSAGE][PASSED] - Call Test Case 'Test Cases/Butonlar/ButonVarMi' successfully

2021-10-14 17:09:00 - [MESSAGE][INFO] - Checking called Test Case

2021-10-14 17:09:00 - [MESSAGE][INFO] - Starting to call Test Case 'Test Cases/Butonlar/ButonVarMi'

2021-10-14 17:09:00 - [TEST_CASE][PASSED] - Test Cases/Butonlar/ButonVarMi: Test Cases/Butonlar/ButonVarMi

2021-10-14 17:09:00 - [TEST_STEP][PASSED] - Method.TextDegerineEsitElementVarMi(findTestObject("Butonlar/Butonlar"), Buton): Method.TextDegerineEsitElementVarMi is PASSED

2021-10-14 17:09:00 - [MESSAGE][INFO] - Finding Test Object 'Object Repository/Butonlar/Butonlar'

2021-10-14 17:09:00 - [MESSAGE][INFO] - Checking timeout

2021-10-14 17:09:00 - [MESSAGE][INFO] - Finding web element with id: 'Object Repository/Butonlar/Butonlar' located by 'By.cssSelector: .panel.panel-default.text-center.footerPanel .btn,.btn.btn-primary.btnControls' in '10' second(s)

2021-10-14 17:09:00 - [MESSAGE][INFO] - Smart Wait Function is triggered

2021-10-14 17:09:00 - [MESSAGE][INFO] - Found 15 web elements with id: 'Object Repository/Butonlar/Butonlar' located by 'By.cssSelector: .panel.panel-default.text-center.footerPanel .btn,.btn.btn-primary.btnControls' in '10' second(s)

2021-10-14 17:09:00 - [MESSAGE][PASSED] - Method.TextDegerineEsitElementVarMi is PASSED

2021-10-14 17:09:00 - [MESSAGE][PASSED] - Call Test Case 'Test Cases/Butonlar/ButonVarMi' successfully

2021-10-14 17:09:00 - [MESSAGE][INFO] - Checking called Test Case

2021-10-14 17:09:00 - [MESSAGE][INFO] - Starting to call Test Case 'Test Cases/Butonlar/ButonVarMi'

2021-10-14 17:09:00 - [TEST_CASE][PASSED] - Test Cases/Butonlar/ButonVarMi: Test Cases/Butonlar/ButonVarMi

2021-10-14 17:09:00 - [TEST_STEP][PASSED] - Method.TextDegerineEsitElementVarMi(findTestObject("Butonlar/Butonlar"), Buton): Method.TextDegerineEsitElementVarMi is PASSED

2021-10-14 17:09:00 - [MESSAGE][INFO] - Finding Test Object 'Object Repository/Butonlar/Butonlar'

2021-10-14 17:09:00 - [MESSAGE][INFO] - Checking timeout

2021-10-14 17:09:00 - [MESSAGE][INFO] - Finding web element with id: 'Object Repository/Butonlar/Butonlar' located by 'By.cssSelector: .panel.panel-default.text-center.footerPanel .btn,.btn.btn-primary.btnControls' in '10' second(s)

2021-10-14 17:09:00 - [MESSAGE][INFO] - Smart Wait Function is triggered

2021-10-14 17:09:01 - [MESSAGE][INFO] - Found 15 web elements with id: 'Object Repository/Butonlar/Butonlar' located by 'By.cssSelector: .panel.panel-default.text-center.footerPanel .btn,.btn.btn-primary.btnControls' in '10' second(s)

2021-10-14 17:09:01 - [MESSAGE][PASSED] - Method.TextDegerineEsitElementVarMi is PASSED

2021-10-14 17:09:01 - [MESSAGE][PASSED] - Call Test Case 'Test Cases/Butonlar/ButonVarMi' successfully

2021-10-14 17:09:01 - [MESSAGE][INFO] - Checking called Test Case

2021-10-14 17:09:01 - [MESSAGE][INFO] - Starting to call Test Case 'Test Cases/Butonlar/ButonVarMi'

2021-10-14 17:09:01 - [TEST_CASE][PASSED] - Test Cases/Butonlar/ButonVarMi: Test Cases/Butonlar/ButonVarMi

2021-10-14 17:09:01 - [TEST_STEP][PASSED] - Method.TextDegerineEsitElementVarMi(findTestObject("Butonlar/Butonlar"), Buton): Method.TextDegerineEsitElementVarMi is PASSED

2021-10-14 17:09:01 - [MESSAGE][INFO] - Finding Test Object 'Object Repository/Butonlar/Butonlar'

2021-10-14 17:09:01 - [MESSAGE][INFO] - Checking timeout

2021-10-14 17:09:01 - [MESSAGE][INFO] - Finding web element with id: 'Object Repository/Butonlar/Butonlar' located by 'By.cssSelector: .panel.panel-default.text-center.footerPanel .btn,.btn.btn-primary.btnControls' in '10' second(s)

2021-10-14 17:09:01 - [MESSAGE][INFO] - Smart Wait Function is triggered

2021-10-14 17:09:01 - [MESSAGE][INFO] - Found 15 web elements with id: 'Object Repository/Butonlar/Butonlar' located by 'By.cssSelector: .panel.panel-default.text-center.footerPanel .btn,.btn.btn-primary.btnControls' in '10' second(s)

2021-10-14 17:09:01 - [MESSAGE][PASSED] - Method.TextDegerineEsitElementVarMi is PASSED

2021-10-14 17:09:01 - [MESSAGE][PASSED] - Call Test Case 'Test Cases/Butonlar/ButonVarMi' successfully

2021-10-14 17:09:01 - [MESSAGE][INFO] - Checking called Test Case

2021-10-14 17:09:01 - [MESSAGE][INFO] - Starting to call Test Case 'Test Cases/Butonlar/ButonVarMi'

2021-10-14 17:09:01 - [TEST_CASE][PASSED] - Test Cases/Butonlar/ButonVarMi: Test Cases/Butonlar/ButonVarMi

2021-10-14 17:09:01 - [TEST_STEP][PASSED] - Method.TextDegerineEsitElementVarMi(findTestObject("Butonlar/Butonlar"), Buton): Method.TextDegerineEsitElementVarMi is PASSED

2021-10-14 17:09:01 - [MESSAGE][INFO] - Finding Test Object 'Object Repository/Butonlar/Butonlar'

2021-10-14 17:09:01 - [MESSAGE][INFO] - Checking timeout

2021-10-14 17:09:01 - [MESSAGE][INFO] - Finding web element with id: 'Object Repository/Butonlar/Butonlar' located by 'By.cssSelector: .panel.panel-default.text-center.footerPanel .btn,.btn.btn-primary.btnControls' in '10' second(s)

2021-10-14 17:09:01 - [MESSAGE][INFO] - Smart Wait Function is triggered

2021-10-14 17:09:02 - [MESSAGE][INFO] - Found 15 web elements with id: 'Object Repository/Butonlar/Butonlar' located by 'By.cssSelector: .panel.panel-default.text-center.footerPanel .btn,.btn.btn-primary.btnControls' in '10' second(s)

2021-10-14 17:09:02 - [MESSAGE][PASSED] - Method.TextDegerineEsitElementVarMi is PASSED

2021-10-14 17:09:02 - [MESSAGE][PASSED] - Call Test Case 'Test Cases/Butonlar/ButonVarMi' successfully

2021-10-14 17:09:02 - [MESSAGE][INFO] - Checking called Test Case

2021-10-14 17:09:02 - [MESSAGE][INFO] - Starting to call Test Case 'Test Cases/Butonlar/ButonVarMi'

2021-10-14 17:09:02 - [TEST_CASE][PASSED] - Test Cases/Butonlar/ButonVarMi: Test Cases/Butonlar/ButonVarMi

2021-10-14 17:09:02 - [TEST_STEP][PASSED] - Method.TextDegerineEsitElementVarMi(findTestObject("Butonlar/Butonlar"), Buton): Method.TextDegerineEsitElementVarMi is PASSED

2021-10-14 17:09:02 - [MESSAGE][INFO] - Finding Test Object 'Object Repository/Butonlar/Butonlar'

2021-10-14 17:09:02 - [MESSAGE][INFO] - Checking timeout

2021-10-14 17:09:02 - [MESSAGE][INFO] - Finding web element with id: 'Object Repository/Butonlar/Butonlar' located by 'By.cssSelector: .panel.panel-default.text-center.footerPanel .btn,.btn.btn-primary.btnControls' in '10' second(s)

2021-10-14 17:09:02 - [MESSAGE][INFO] - Smart Wait Function is triggered

2021-10-14 17:09:02 - [MESSAGE][INFO] - Found 15 web elements with id: 'Object Repository/Butonlar/Butonlar' located by 'By.cssSelector: .panel.panel-default.text-center.footerPanel .btn,.btn.btn-primary.btnControls' in '10' second(s)

2021-10-14 17:09:03 - [MESSAGE][PASSED] - Method.TextDegerineEsitElementVarMi is PASSED

2021-10-14 17:09:03 - [MESSAGE][PASSED] - Call Test Case 'Test Cases/Butonlar/ButonVarMi' successfully

2021-10-14 17:09:03 - [MESSAGE][INFO] - Checking called Test Case

2021-10-14 17:09:03 - [MESSAGE][INFO] - Starting to call Test Case 'Test Cases/Butonlar/ButonVarMi'

2021-10-14 17:09:03 - [TEST_CASE][PASSED] - Test Cases/Butonlar/ButonVarMi: Test Cases/Butonlar/ButonVarMi

2021-10-14 17:09:03 - [TEST_STEP][PASSED] - Method.TextDegerineEsitElementVarMi(findTestObject("Butonlar/Butonlar"), Buton): Method.TextDegerineEsitElementVarMi is PASSED

2021-10-14 17:09:03 - [MESSAGE][INFO] - Finding Test Object 'Object Repository/Butonlar/Butonlar'

2021-10-14 17:09:03 - [MESSAGE][INFO] - Checking timeout

2021-10-14 17:09:03 - [MESSAGE][INFO] - Finding web element with id: 'Object Repository/Butonlar/Butonlar' located by 'By.cssSelector: .panel.panel-default.text-center.footerPanel .btn,.btn.btn-primary.btnControls' in '10' second(s)

2021-10-14 17:09:03 - [MESSAGE][INFO] - Smart Wait Function is triggered

2021-10-14 17:09:03 - [MESSAGE][INFO] - Found 15 web elements with id: 'Object Repository/Butonlar/Butonlar' located by 'By.cssSelector: .panel.panel-default.text-center.footerPanel .btn,.btn.btn-primary.btnControls' in '10' second(s)

2021-10-14 17:09:03 - [MESSAGE][PASSED] - Method.TextDegerineEsitElementVarMi is PASSED

2021-10-14 17:09:03 - [MESSAGE][PASSED] - Call Test Case 'Test Cases/Butonlar/ButonVarMi' successfully

2021-10-14 17:09:03 - [MESSAGE][INFO] - Checking called Test Case

2021-10-14 17:09:03 - [MESSAGE][INFO] - Starting to call Test Case 'Test Cases/Butonlar/ButonaTikla'

2021-10-14 17:09:03 - [TEST_CASE][PASSED] - Test Cases/Butonlar/ButonaTikla: Test Cases/Butonlar/ButonaTikla

2021-10-14 17:09:03 - [TEST_STEP][PASSED] - Method.TextDegerineEsitElementeTiklaEquals(findTestObject("Butonlar/Butonlar"), Buton_Adi): Method.TextDegerineEsitElementeTiklaEquals is PASSED

2021-10-14 17:09:03 - [MESSAGE][INFO] - Finding Test Object 'Object Repository/Butonlar/Butonlar'

2021-10-14 17:09:03 - [MESSAGE][INFO] - Checking timeout

2021-10-14 17:09:03 - [MESSAGE][INFO] - Finding web element with id: 'Object Repository/Butonlar/Butonlar' located by 'By.cssSelector: .panel.panel-default.text-center.footerPanel .btn,.btn.btn-primary.btnControls' in '10' second(s)

2021-10-14 17:09:03 - [MESSAGE][INFO] - Smart Wait Function is triggered

2021-10-14 17:09:03 - [MESSAGE][INFO] - Found 15 web elements with id: 'Object Repository/Butonlar/Butonlar' located by 'By.cssSelector: .panel.panel-default.text-center.footerPanel .btn,.btn.btn-primary.btnControls' in '10' second(s)

2021-10-14 17:09:04 - [MESSAGE][PASSED] - Method.TextDegerineEsitElementeTiklaEquals is PASSED

2021-10-14 17:09:04 - [MESSAGE][PASSED] - Call Test Case 'Test Cases/Butonlar/ButonaTikla' successfully

2021-10-14 17:09:04 - [MESSAGE][INFO] - Checking called Test Case

2021-10-14 17:09:04 - [MESSAGE][INFO] - Starting to call Test Case 'Test Cases/Butonlar/AltButonVarMi'

2021-10-14 17:09:04 - [TEST_CASE][PASSED] - Test Cases/Butonlar/AltButonVarMi: Test Cases/Butonlar/AltButonVarMi

2021-10-14 17:09:04 - [TEST_STEP][PASSED] - Method.TextDegerineEsitElementVarMi(findTestObject("Butonlar/AltButonlar"), AltButon): Method.TextDegerineEsitElementVarMi is PASSED

2021-10-14 17:09:04 - [MESSAGE][INFO] - Finding Test Object 'Object Repository/Butonlar/AltButonlar'

2021-10-14 17:09:04 - [MESSAGE][INFO] - Checking timeout

2021-10-14 17:09:04 - [MESSAGE][INFO] - Finding web element with id: 'Object Repository/Butonlar/AltButonlar' located by 'By.cssSelector: .btn-group.open li>a' in '10' second(s)

2021-10-14 17:09:04 - [MESSAGE][INFO] - Smart Wait Function is triggered

2021-10-14 17:09:04 - [MESSAGE][INFO] - Found 2 web elements with id: 'Object Repository/Butonlar/AltButonlar' located by 'By.cssSelector: .btn-group.open li>a' in '10' second(s)

2021-10-14 17:09:04 - [MESSAGE][PASSED] - Method.TextDegerineEsitElementVarMi is PASSED

2021-10-14 17:09:04 - [MESSAGE][PASSED] - Call Test Case 'Test Cases/Butonlar/AltButonVarMi' successfully

2021-10-14 17:09:04 - [MESSAGE][INFO] - Checking called Test Case

2021-10-14 17:09:04 - [MESSAGE][INFO] - Starting to call Test Case 'Test Cases/Butonlar/AltButonVarMi'

2021-10-14 17:09:04 - [TEST_CASE][PASSED] - Test Cases/Butonlar/AltButonVarMi: Test Cases/Butonlar/AltButonVarMi

2021-10-14 17:09:04 - [TEST_STEP][PASSED] - Method.TextDegerineEsitElementVarMi(findTestObject("Butonlar/AltButonlar"), AltButon): Method.TextDegerineEsitElementVarMi is PASSED

2021-10-14 17:09:04 - [MESSAGE][INFO] - Finding Test Object 'Object Repository/Butonlar/AltButonlar'

2021-10-14 17:09:04 - [MESSAGE][INFO] - Checking timeout

2021-10-14 17:09:04 - [MESSAGE][INFO] - Finding web element with id: 'Object Repository/Butonlar/AltButonlar' located by 'By.cssSelector: .btn-group.open li>a' in '10' second(s)

2021-10-14 17:09:04 - [MESSAGE][INFO] - Smart Wait Function is triggered

2021-10-14 17:09:05 - [MESSAGE][INFO] - Found 2 web elements with id: 'Object Repository/Butonlar/AltButonlar' located by 'By.cssSelector: .btn-group.open li>a' in '10' second(s)

2021-10-14 17:09:05 - [MESSAGE][PASSED] - Method.TextDegerineEsitElementVarMi is PASSED

2021-10-14 17:09:05 - [MESSAGE][PASSED] - Call Test Case 'Test Cases/Butonlar/AltButonVarMi' successfully

2021-10-14 17:09:05 - [MESSAGE][INFO] - Checking called Test Case

2021-10-14 17:09:05 - [MESSAGE][INFO] - Starting to call Test Case 'Test Cases/Butonlar/ButonaTikla'

2021-10-14 17:09:05 - [TEST_CASE][PASSED] - Test Cases/Butonlar/ButonaTikla: Test Cases/Butonlar/ButonaTikla

2021-10-14 17:09:05 - [TEST_STEP][PASSED] - Method.TextDegerineEsitElementeTiklaEquals(findTestObject("Butonlar/Butonlar"), Buton_Adi): Method.TextDegerineEsitElementeTiklaEquals is PASSED

2021-10-14 17:09:05 - [MESSAGE][INFO] - Finding Test Object 'Object Repository/Butonlar/Butonlar'

2021-10-14 17:09:05 - [MESSAGE][INFO] - Checking timeout

2021-10-14 17:09:05 - [MESSAGE][INFO] - Finding web element with id: 'Object Repository/Butonlar/Butonlar' located by 'By.cssSelector: .panel.panel-default.text-center.footerPanel .btn,.btn.btn-primary.btnControls' in '10' second(s)

2021-10-14 17:09:05 - [MESSAGE][INFO] - Smart Wait Function is triggered

2021-10-14 17:09:05 - [MESSAGE][INFO] - Found 15 web elements with id: 'Object Repository/Butonlar/Butonlar' located by 'By.cssSelector: .panel.panel-default.text-center.footerPanel .btn,.btn.btn-primary.btnControls' in '10' second(s)

2021-10-14 17:09:05 - [MESSAGE][PASSED] - Method.TextDegerineEsitElementeTiklaEquals is PASSED

2021-10-14 17:09:05 - [MESSAGE][PASSED] - Call Test Case 'Test Cases/Butonlar/ButonaTikla' successfully

2021-10-14 17:09:05 - [MESSAGE][INFO] - Checking called Test Case

2021-10-14 17:09:05 - [MESSAGE][INFO] - Starting to call Test Case 'Test Cases/Butonlar/AltButonVarMi'

2021-10-14 17:09:05 - [TEST_CASE][PASSED] - Test Cases/Butonlar/AltButonVarMi: Test Cases/Butonlar/AltButonVarMi

2021-10-14 17:09:05 - [TEST_STEP][PASSED] - Method.TextDegerineEsitElementVarMi(findTestObject("Butonlar/AltButonlar"), AltButon): Method.TextDegerineEsitElementVarMi is PASSED

2021-10-14 17:09:05 - [MESSAGE][INFO] - Finding Test Object 'Object Repository/Butonlar/AltButonlar'

2021-10-14 17:09:05 - [MESSAGE][INFO] - Checking timeout

2021-10-14 17:09:05 - [MESSAGE][INFO] - Finding web element with id: 'Object Repository/Butonlar/AltButonlar' located by 'By.cssSelector: .btn-group.open li>a' in '10' second(s)

2021-10-14 17:09:05 - [MESSAGE][INFO] - Smart Wait Function is triggered

2021-10-14 17:09:06 - [MESSAGE][INFO] - Found 4 web elements with id: 'Object Repository/Butonlar/AltButonlar' located by 'By.cssSelector: .btn-group.open li>a' in '10' second(s)

2021-10-14 17:09:06 - [MESSAGE][PASSED] - Method.TextDegerineEsitElementVarMi is PASSED

2021-10-14 17:09:06 - [MESSAGE][PASSED] - Call Test Case 'Test Cases/Butonlar/AltButonVarMi' successfully

2021-10-14 17:09:06 - [MESSAGE][INFO] - Checking called Test Case

2021-10-14 17:09:06 - [MESSAGE][INFO] - Starting to call Test Case 'Test Cases/Butonlar/AltButonVarMi'

2021-10-14 17:09:06 - [TEST_CASE][PASSED] - Test Cases/Butonlar/AltButonVarMi: Test Cases/Butonlar/AltButonVarMi

2021-10-14 17:09:06 - [TEST_STEP][PASSED] - Method.TextDegerineEsitElementVarMi(findTestObject("Butonlar/AltButonlar"), AltButon): Method.TextDegerineEsitElementVarMi is PASSED

2021-10-14 17:09:06 - [MESSAGE][INFO] - Finding Test Object 'Object Repository/Butonlar/AltButonlar'

2021-10-14 17:09:06 - [MESSAGE][INFO] - Checking timeout

2021-10-14 17:09:06 - [MESSAGE][INFO] - Finding web element with id: 'Object Repository/Butonlar/AltButonlar' located by 'By.cssSelector: .btn-group.open li>a' in '10' second(s)

2021-10-14 17:09:06 - [MESSAGE][INFO] - Smart Wait Function is triggered

2021-10-14 17:09:06 - [MESSAGE][INFO] - Found 4 web elements with id: 'Object Repository/Butonlar/AltButonlar' located by 'By.cssSelector: .btn-group.open li>a' in '10' second(s)

2021-10-14 17:09:06 - [MESSAGE][PASSED] - Method.TextDegerineEsitElementVarMi is PASSED

2021-10-14 17:09:06 - [MESSAGE][PASSED] - Call Test Case 'Test Cases/Butonlar/AltButonVarMi' successfully

2021-10-14 17:09:06 - [MESSAGE][INFO] - Checking called Test Case

2021-10-14 17:09:06 - [MESSAGE][INFO] - Starting to call Test Case 'Test Cases/Butonlar/AltButonVarMi'

2021-10-14 17:09:06 - [TEST_CASE][PASSED] - Test Cases/Butonlar/AltButonVarMi: Test Cases/Butonlar/AltButonVarMi

2021-10-14 17:09:06 - [TEST_STEP][PASSED] - Method.TextDegerineEsitElementVarMi(findTestObject("Butonlar/AltButonlar"), AltButon): Method.TextDegerineEsitElementVarMi is PASSED

2021-10-14 17:09:06 - [MESSAGE][INFO] - Finding Test Object 'Object Repository/Butonlar/AltButonlar'

2021-10-14 17:09:06 - [MESSAGE][INFO] - Checking timeout

2021-10-14 17:09:06 - [MESSAGE][INFO] - Finding web element with id: 'Object Repository/Butonlar/AltButonlar' located by 'By.cssSelector: .btn-group.open li>a' in '10' second(s)

2021-10-14 17:09:06 - [MESSAGE][INFO] - Smart Wait Function is triggered

2021-10-14 17:09:07 - [MESSAGE][INFO] - Found 4 web elements with id: 'Object Repository/Butonlar/AltButonlar' located by 'By.cssSelector: .btn-group.open li>a' in '10' second(s)

2021-10-14 17:09:07 - [MESSAGE][PASSED] - Method.TextDegerineEsitElementVarMi is PASSED

2021-10-14 17:09:07 - [MESSAGE][PASSED] - Call Test Case 'Test Cases/Butonlar/AltButonVarMi' successfully

2021-10-14 17:09:07 - [MESSAGE][INFO] - Checking called Test Case

2021-10-14 17:09:07 - [MESSAGE][INFO] - Starting to call Test Case 'Test Cases/Butonlar/AltButonVarMi'

2021-10-14 17:09:07 - [TEST_CASE][PASSED] - Test Cases/Butonlar/AltButonVarMi: Test Cases/Butonlar/AltButonVarMi

2021-10-14 17:09:07 - [TEST_STEP][PASSED] - Method.TextDegerineEsitElementVarMi(findTestObject("Butonlar/AltButonlar"), AltButon): Method.TextDegerineEsitElementVarMi is PASSED

2021-10-14 17:09:07 - [MESSAGE][INFO] - Finding Test Object 'Object Repository/Butonlar/AltButonlar'

2021-10-14 17:09:07 - [MESSAGE][INFO] - Checking timeout

2021-10-14 17:09:07 - [MESSAGE][INFO] - Finding web element with id: 'Object Repository/Butonlar/AltButonlar' located by 'By.cssSelector: .btn-group.open li>a' in '10' second(s)

2021-10-14 17:09:07 - [MESSAGE][INFO] - Smart Wait Function is triggered

2021-10-14 17:09:07 - [MESSAGE][INFO] - Found 4 web elements with id: 'Object Repository/Butonlar/AltButonlar' located by 'By.cssSelector: .btn-group.open li>a' in '10' second(s)

2021-10-14 17:09:07 - [MESSAGE][PASSED] - Method.TextDegerineEsitElementVarMi is PASSED

2021-10-14 17:09:07 - [MESSAGE][PASSED] - Call Test Case 'Test Cases/Butonlar/AltButonVarMi' successfully

2021-10-14 17:09:07 - [MESSAGE][INFO] - Checking called Test Case

2021-10-14 17:09:07 - [MESSAGE][INFO] - Starting to call Test Case 'Test Cases/Butonlar/ButonaTikla'

2021-10-14 17:09:07 - [TEST_CASE][PASSED] - Test Cases/Butonlar/ButonaTikla: Test Cases/Butonlar/ButonaTikla

2021-10-14 17:09:07 - [TEST_STEP][PASSED] - Method.TextDegerineEsitElementeTiklaEquals(findTestObject("Butonlar/Butonlar"), Buton_Adi): Method.TextDegerineEsitElementeTiklaEquals is PASSED

2021-10-14 17:09:07 - [MESSAGE][INFO] - Finding Test Object 'Object Repository/Butonlar/Butonlar'

2021-10-14 17:09:07 - [MESSAGE][INFO] - Checking timeout

2021-10-14 17:09:07 - [MESSAGE][INFO] - Finding web element with id: 'Object Repository/Butonlar/Butonlar' located by 'By.cssSelector: .panel.panel-default.text-center.footerPanel .btn,.btn.btn-primary.btnControls' in '10' second(s)

2021-10-14 17:09:07 - [MESSAGE][INFO] - Smart Wait Function is triggered

2021-10-14 17:09:08 - [MESSAGE][INFO] - Found 15 web elements with id: 'Object Repository/Butonlar/Butonlar' located by 'By.cssSelector: .panel.panel-default.text-center.footerPanel .btn,.btn.btn-primary.btnControls' in '10' second(s)

2021-10-14 17:09:08 - [MESSAGE][PASSED] - Method.TextDegerineEsitElementeTiklaEquals is PASSED

2021-10-14 17:09:08 - [MESSAGE][PASSED] - Call Test Case 'Test Cases/Butonlar/ButonaTikla' successfully

2021-10-14 17:09:08 - [MESSAGE][INFO] - Checking called Test Case

2021-10-14 17:09:08 - [MESSAGE][INFO] - Starting to call Test Case 'Test Cases/Butonlar/AltButonVarMi'

2021-10-14 17:09:08 - [TEST_CASE][PASSED] - Test Cases/Butonlar/AltButonVarMi: Test Cases/Butonlar/AltButonVarMi

2021-10-14 17:09:08 - [TEST_STEP][PASSED] - Method.TextDegerineEsitElementVarMi(findTestObject("Butonlar/AltButonlar"), AltButon): Method.TextDegerineEsitElementVarMi is PASSED

2021-10-14 17:09:08 - [MESSAGE][INFO] - Finding Test Object 'Object Repository/Butonlar/AltButonlar'

2021-10-14 17:09:08 - [MESSAGE][INFO] - Checking timeout

2021-10-14 17:09:08 - [MESSAGE][INFO] - Finding web element with id: 'Object Repository/Butonlar/AltButonlar' located by 'By.cssSelector: .btn-group.open li>a' in '10' second(s)

2021-10-14 17:09:08 - [MESSAGE][INFO] - Smart Wait Function is triggered

2021-10-14 17:09:08 - [MESSAGE][INFO] - Found 2 web elements with id: 'Object Repository/Butonlar/AltButonlar' located by 'By.cssSelector: .btn-group.open li>a' in '10' second(s)

2021-10-14 17:09:08 - [MESSAGE][PASSED] - Method.TextDegerineEsitElementVarMi is PASSED

2021-10-14 17:09:08 - [MESSAGE][PASSED] - Call Test Case 'Test Cases/Butonlar/AltButonVarMi' successfully

2021-10-14 17:09:08 - [MESSAGE][INFO] - Checking called Test Case

2021-10-14 17:09:08 - [MESSAGE][INFO] - Starting to call Test Case 'Test Cases/Butonlar/AltButonVarMi'

2021-10-14 17:09:08 - [TEST_CASE][PASSED] - Test Cases/Butonlar/AltButonVarMi: Test Cases/Butonlar/AltButonVarMi

2021-10-14 17:09:08 - [TEST_STEP][PASSED] - Method.TextDegerineEsitElementVarMi(findTestObject("Butonlar/AltButonlar"), AltButon): Method.TextDegerineEsitElementVarMi is PASSED

2021-10-14 17:09:08 - [MESSAGE][INFO] - Finding Test Object 'Object Repository/Butonlar/AltButonlar'

2021-10-14 17:09:08 - [MESSAGE][INFO] - Checking timeout

2021-10-14 17:09:08 - [MESSAGE][INFO] - Finding web element with id: 'Object Repository/Butonlar/AltButonlar' located by 'By.cssSelector: .btn-group.open li>a' in '10' second(s)

2021-10-14 17:09:08 - [MESSAGE][INFO] - Smart Wait Function is triggered

2021-10-14 17:09:09 - [MESSAGE][INFO] - Found 2 web elements with id: 'Object Repository/Butonlar/AltButonlar' located by 'By.cssSelector: .btn-group.open li>a' in '10' second(s)

2021-10-14 17:09:09 - [MESSAGE][PASSED] - Method.TextDegerineEsitElementVarMi is PASSED

2021-10-14 17:09:09 - [MESSAGE][PASSED] - Call Test Case 'Test Cases/Butonlar/AltButonVarMi' successfully

2021-10-14 17:09:09 - [MESSAGE][INFO] - Checking called Test Case

2021-10-14 17:09:09 - [MESSAGE][INFO] - Starting to call Test Case 'Test Cases/Butonlar/ButonaTikla'

2021-10-14 17:09:09 - [TEST_CASE][PASSED] - Test Cases/Butonlar/ButonaTikla: Test Cases/Butonlar/ButonaTikla

2021-10-14 17:09:09 - [TEST_STEP][PASSED] - Method.TextDegerineEsitElementeTiklaEquals(findTestObject("Butonlar/Butonlar"), Buton_Adi): Method.TextDegerineEsitElementeTiklaEquals is PASSED

2021-10-14 17:09:09 - [MESSAGE][INFO] - Finding Test Object 'Object Repository/Butonlar/Butonlar'

2021-10-14 17:09:09 - [MESSAGE][INFO] - Checking timeout

2021-10-14 17:09:09 - [MESSAGE][INFO] - Finding web element with id: 'Object Repository/Butonlar/Butonlar' located by 'By.cssSelector: .panel.panel-default.text-center.footerPanel .btn,.btn.btn-primary.btnControls' in '10' second(s)

2021-10-14 17:09:09 - [MESSAGE][INFO] - Smart Wait Function is triggered

2021-10-14 17:09:09 - [MESSAGE][INFO] - Found 15 web elements with id: 'Object Repository/Butonlar/Butonlar' located by 'By.cssSelector: .panel.panel-default.text-center.footerPanel .btn,.btn.btn-primary.btnControls' in '10' second(s)

2021-10-14 17:09:09 - [MESSAGE][PASSED] - Method.TextDegerineEsitElementeTiklaEquals is PASSED

2021-10-14 17:09:09 - [MESSAGE][PASSED] - Call Test Case 'Test Cases/Butonlar/ButonaTikla' successfully

2021-10-14 17:09:09 - [MESSAGE][INFO] - Checking called Test Case

2021-10-14 17:09:09 - [MESSAGE][INFO] - Starting to call Test Case 'Test Cases/Butonlar/AltButonVarMi'

2021-10-14 17:09:09 - [TEST_CASE][PASSED] - Test Cases/Butonlar/AltButonVarMi: Test Cases/Butonlar/AltButonVarMi

2021-10-14 17:09:09 - [TEST_STEP][PASSED] - Method.TextDegerineEsitElementVarMi(findTestObject("Butonlar/AltButonlar"), AltButon): Method.TextDegerineEsitElementVarMi is PASSED

2021-10-14 17:09:09 - [MESSAGE][INFO] - Finding Test Object 'Object Repository/Butonlar/AltButonlar'

2021-10-14 17:09:10 - [MESSAGE][INFO] - Checking timeout

2021-10-14 17:09:10 - [MESSAGE][INFO] - Finding web element with id: 'Object Repository/Butonlar/AltButonlar' located by 'By.cssSelector: .btn-group.open li>a' in '10' second(s)

2021-10-14 17:09:10 - [MESSAGE][INFO] - Smart Wait Function is triggered

2021-10-14 17:09:10 - [MESSAGE][INFO] - Found 2 web elements with id: 'Object Repository/Butonlar/AltButonlar' located by 'By.cssSelector: .btn-group.open li>a' in '10' second(s)

2021-10-14 17:09:10 - [MESSAGE][PASSED] - Method.TextDegerineEsitElementVarMi is PASSED

2021-10-14 17:09:10 - [MESSAGE][PASSED] - Call Test Case 'Test Cases/Butonlar/AltButonVarMi' successfully

2021-10-14 17:09:10 - [MESSAGE][INFO] - Checking called Test Case

2021-10-14 17:09:10 - [MESSAGE][INFO] - Starting to call Test Case 'Test Cases/Butonlar/AltButonVarMi'

2021-10-14 17:09:10 - [TEST_CASE][PASSED] - Test Cases/Butonlar/AltButonVarMi: Test Cases/Butonlar/AltButonVarMi

2021-10-14 17:09:10 - [TEST_STEP][PASSED] - Method.TextDegerineEsitElementVarMi(findTestObject("Butonlar/AltButonlar"), AltButon): Method.TextDegerineEsitElementVarMi is PASSED

2021-10-14 17:09:10 - [MESSAGE][INFO] - Finding Test Object 'Object Repository/Butonlar/AltButonlar'

2021-10-14 17:09:10 - [MESSAGE][INFO] - Checking timeout

2021-10-14 17:09:10 - [MESSAGE][INFO] - Finding web element with id: 'Object Repository/Butonlar/AltButonlar' located by 'By.cssSelector: .btn-group.open li>a' in '10' second(s)

2021-10-14 17:09:10 - [MESSAGE][INFO] - Smart Wait Function is triggered

2021-10-14 17:09:10 - [MESSAGE][INFO] - Found 2 web elements with id: 'Object Repository/Butonlar/AltButonlar' located by 'By.cssSelector: .btn-group.open li>a' in '10' second(s)

2021-10-14 17:09:10 - [MESSAGE][PASSED] - Method.TextDegerineEsitElementVarMi is PASSED

2021-10-14 17:09:10 - [MESSAGE][PASSED] - Call Test Case 'Test Cases/Butonlar/AltButonVarMi' successfully

2021-10-14 17:09:10 - [MESSAGE][INFO] - Checking called Test Case

2021-10-14 17:09:10 - [MESSAGE][INFO] - Starting to call Test Case 'Test Cases/Butonlar/ButonaTikla'

2021-10-14 17:09:10 - [TEST_CASE][PASSED] - Test Cases/Butonlar/ButonaTikla: Test Cases/Butonlar/ButonaTikla

2021-10-14 17:09:10 - [TEST_STEP][PASSED] - Method.TextDegerineEsitElementeTiklaEquals(findTestObject("Butonlar/Butonlar"), Buton_Adi): Method.TextDegerineEsitElementeTiklaEquals is PASSED

2021-10-14 17:09:10 - [MESSAGE][INFO] - Finding Test Object 'Object Repository/Butonlar/Butonlar'

2021-10-14 17:09:11 - [MESSAGE][INFO] - Checking timeout

2021-10-14 17:09:11 - [MESSAGE][INFO] - Finding web element with id: 'Object Repository/Butonlar/Butonlar' located by 'By.cssSelector: .panel.panel-default.text-center.footerPanel .btn,.btn.btn-primary.btnControls' in '10' second(s)

2021-10-14 17:09:11 - [MESSAGE][INFO] - Smart Wait Function is triggered

2021-10-14 17:09:11 - [MESSAGE][INFO] - Found 15 web elements with id: 'Object Repository/Butonlar/Butonlar' located by 'By.cssSelector: .panel.panel-default.text-center.footerPanel .btn,.btn.btn-primary.btnControls' in '10' second(s)

2021-10-14 17:09:11 - [MESSAGE][PASSED] - Method.TextDegerineEsitElementeTiklaEquals is PASSED

2021-10-14 17:09:11 - [MESSAGE][PASSED] - Call Test Case 'Test Cases/Butonlar/ButonaTikla' successfully

2021-10-14 17:09:11 - [MESSAGE][INFO] - Checking called Test Case

2021-10-14 17:09:11 - [MESSAGE][INFO] - Starting to call Test Case 'Test Cases/Butonlar/AltButonVarMi'

2021-10-14 17:09:11 - [TEST_CASE][PASSED] - Test Cases/Butonlar/AltButonVarMi: Test Cases/Butonlar/AltButonVarMi

2021-10-14 17:09:11 - [TEST_STEP][PASSED] - Method.TextDegerineEsitElementVarMi(findTestObject("Butonlar/AltButonlar"), AltButon): Method.TextDegerineEsitElementVarMi is PASSED

2021-10-14 17:09:11 - [MESSAGE][INFO] - Finding Test Object 'Object Repository/Butonlar/AltButonlar'

2021-10-14 17:09:11 - [MESSAGE][INFO] - Checking timeout

2021-10-14 17:09:11 - [MESSAGE][INFO] - Finding web element with id: 'Object Repository/Butonlar/AltButonlar' located by 'By.cssSelector: .btn-group.open li>a' in '10' second(s)

2021-10-14 17:09:11 - [MESSAGE][INFO] - Smart Wait Function is triggered

2021-10-14 17:09:11 - [MESSAGE][INFO] - Found 2 web elements with id: 'Object Repository/Butonlar/AltButonlar' located by 'By.cssSelector: .btn-group.open li>a' in '10' second(s)

2021-10-14 17:09:11 - [MESSAGE][PASSED] - Method.TextDegerineEsitElementVarMi is PASSED

2021-10-14 17:09:11 - [MESSAGE][PASSED] - Call Test Case 'Test Cases/Butonlar/AltButonVarMi' successfully

2021-10-14 17:09:11 - [MESSAGE][INFO] - Checking called Test Case

2021-10-14 17:09:11 - [MESSAGE][INFO] - Starting to call Test Case 'Test Cases/Butonlar/AltButonVarMi'

2021-10-14 17:09:12 - [TEST_CASE][PASSED] - Test Cases/Butonlar/AltButonVarMi: Test Cases/Butonlar/AltButonVarMi

2021-10-14 17:09:12 - [TEST_STEP][PASSED] - Method.TextDegerineEsitElementVarMi(findTestObject("Butonlar/AltButonlar"), AltButon): Method.TextDegerineEsitElementVarMi is PASSED

2021-10-14 17:09:12 - [MESSAGE][INFO] - Finding Test Object 'Object Repository/Butonlar/AltButonlar'

2021-10-14 17:09:12 - [MESSAGE][INFO] - Checking timeout

2021-10-14 17:09:12 - [MESSAGE][INFO] - Finding web element with id: 'Object Repository/Butonlar/AltButonlar' located by 'By.cssSelector: .btn-group.open li>a' in '10' second(s)

2021-10-14 17:09:12 - [MESSAGE][INFO] - Smart Wait Function is triggered

2021-10-14 17:09:12 - [MESSAGE][INFO] - Found 2 web elements with id: 'Object Repository/Butonlar/AltButonlar' located by 'By.cssSelector: .btn-group.open li>a' in '10' second(s)

2021-10-14 17:09:12 - [MESSAGE][PASSED] - Method.TextDegerineEsitElementVarMi is PASSED

2021-10-14 17:09:12 - [MESSAGE][PASSED] - Call Test Case 'Test Cases/Butonlar/AltButonVarMi' successfully

2021-10-14 17:09:12 - [MESSAGE][INFO] - Checking called Test Case

2021-10-14 17:09:12 - [MESSAGE][INFO] - Starting to call Test Case 'Test Cases/Sayfalar/AnaSayfa/AnaSayfayaDonulur'

2021-10-14 17:09:12 - [TEST_CASE][PASSED] - Test Cases/Sayfalar/AnaSayfa/AnaSayfayaDonulur: Test Cases/Sayfalar/AnaSayfa/AnaSayfayaDonulur

2021-10-14 17:09:12 - [TEST_STEP][PASSED] - click(findTestObject("Sayfalar/AnaSayfa/AnaSayfa")): Object: 'Object Repository/Sayfalar/AnaSayfa/AnaSayfa' is clicked on

2021-10-14 17:09:12 - [MESSAGE][INFO] - Finding Test Object 'Object Repository/Sayfalar/AnaSayfa/AnaSayfa'

2021-10-14 17:09:12 - [MESSAGE][INFO] - Checking object

2021-10-14 17:09:12 - [MESSAGE][INFO] - Finding web element from Test Object's properties

2021-10-14 17:09:12 - [MESSAGE][INFO] - Checking timeout

2021-10-14 17:09:12 - [MESSAGE][INFO] - Finding web element with id: 'Object Repository/Sayfalar/AnaSayfa/AnaSayfa' located by 'By.cssSelector: div.navbar-header > a > img' in '30' second(s)

2021-10-14 17:09:12 - [MESSAGE][INFO] - Smart Wait Function is triggered

2021-10-14 17:09:12 - [MESSAGE][INFO] - Found 1 web elements with id: 'Object Repository/Sayfalar/AnaSayfa/AnaSayfa' located by 'By.cssSelector: div.navbar-header > a > img' in '30' second(s)

2021-10-14 17:09:12 - [MESSAGE][INFO] - Clicking on object: 'Object Repository/Sayfalar/AnaSayfa/AnaSayfa'

2021-10-14 17:09:14 - [MESSAGE][PASSED] - Object: 'Object Repository/Sayfalar/AnaSayfa/AnaSayfa' is clicked on

2021-10-14 17:09:14 - [TEST_STEP][PASSED] - if (verifyElementPresent(findTestObject("Sayfalar/Giris_Sayfasi/PopupOK"), 5, OPTIONAL)): null

2021-10-14 17:09:14 - [MESSAGE][INFO] - Finding Test Object 'Object Repository/Sayfalar/Giris_Sayfasi/PopupOK'

2021-10-14 17:09:14 - [MESSAGE][INFO] - Checking object

2021-10-14 17:09:14 - [MESSAGE][INFO] - Finding web element from Test Object's properties

2021-10-14 17:09:14 - [MESSAGE][INFO] - Checking timeout

2021-10-14 17:09:14 - [MESSAGE][INFO] - Finding web element with id: 'Object Repository/Sayfalar/Giris_Sayfasi/PopupOK' located by 'By.cssSelector: .btn.btn-success' in '5' second(s)

2021-10-14 17:09:14 - [MESSAGE][INFO] - Smart Wait Function is triggered

2021-10-14 17:09:14 - [MESSAGE][INFO] - Found 1 web elements with id: 'Object Repository/Sayfalar/Giris_Sayfasi/PopupOK' located by 'By.cssSelector: .btn.btn-success' in '5' second(s)

2021-10-14 17:09:14 - [MESSAGE][PASSED] - Object 'Object Repository/Sayfalar/Giris_Sayfasi/PopupOK' is present

2021-10-14 17:09:14 - [TEST_STEP][PASSED] - click(findTestObject("Sayfalar/Giris_Sayfasi/PopupOK")): Object: 'Object Repository/Sayfalar/Giris_Sayfasi/PopupOK' is clicked on

2021-10-14 17:09:14 - [MESSAGE][INFO] - Finding Test Object 'Object Repository/Sayfalar/Giris_Sayfasi/PopupOK'

2021-10-14 17:09:14 - [MESSAGE][INFO] - Checking object

2021-10-14 17:09:14 - [MESSAGE][INFO] - Finding web element from Test Object's properties

2021-10-14 17:09:14 - [MESSAGE][INFO] - Checking timeout

2021-10-14 17:09:14 - [MESSAGE][INFO] - Finding web element with id: 'Object Repository/Sayfalar/Giris_Sayfasi/PopupOK' located by 'By.cssSelector: .btn.btn-success' in '30' second(s)

2021-10-14 17:09:14 - [MESSAGE][INFO] - Smart Wait Function is triggered

2021-10-14 17:09:15 - [MESSAGE][INFO] - Found 1 web elements with id: 'Object Repository/Sayfalar/Giris_Sayfasi/PopupOK' located by 'By.cssSelector: .btn.btn-success' in '30' second(s)

2021-10-14 17:09:15 - [MESSAGE][INFO] - Clicking on object: 'Object Repository/Sayfalar/Giris_Sayfasi/PopupOK'

2021-10-14 17:09:15 - [MESSAGE][PASSED] - Object: 'Object Repository/Sayfalar/Giris_Sayfasi/PopupOK' is clicked on

2021-10-14 17:09:15 - [TEST_STEP][PASSED] - verifyElementVisible(findTestObject("Object Repository/Kullanici_Islemleri/KullaniciIslemleri")): Object 'Object Repository/Kullanici_Islemleri/KullaniciIslemleri' is visible

2021-10-14 17:09:15 - [MESSAGE][INFO] - Finding Test Object 'Object Repository/Kullanici_Islemleri/KullaniciIslemleri'

2021-10-14 17:09:15 - [MESSAGE][INFO] - Checking object

2021-10-14 17:09:15 - [MESSAGE][INFO] - Finding web element from Test Object's properties

2021-10-14 17:09:15 - [MESSAGE][INFO] - Checking timeout

2021-10-14 17:09:15 - [MESSAGE][INFO] - Finding web element with id: 'Object Repository/Kullanici_Islemleri/KullaniciIslemleri' located by 'By.cssSelector: .dropdown>a>img' in '30' second(s)

2021-10-14 17:09:15 - [MESSAGE][INFO] - Smart Wait Function is triggered

2021-10-14 17:09:16 - [MESSAGE][INFO] - Found 1 web elements with id: 'Object Repository/Kullanici_Islemleri/KullaniciIslemleri' located by 'By.cssSelector: .dropdown>a>img' in '30' second(s)

2021-10-14 17:09:16 - [MESSAGE][PASSED] - Object 'Object Repository/Kullanici_Islemleri/KullaniciIslemleri' is visible

2021-10-14 17:09:16 - [MESSAGE][PASSED] - Call Test Case 'Test Cases/Sayfalar/AnaSayfa/AnaSayfayaDonulur' successfully

2021-10-14 17:09:16 - [MESSAGE][INFO] - Checking called Test Case

2021-10-14 17:09:16 - [MESSAGE][INFO] - Starting to call Test Case 'Test Cases/Menu/AnaMenuSecimi'

2021-10-14 17:09:16 - [TEST_CASE][PASSED] - Test Cases/Menu/AnaMenuSecimi: Test Cases/Menu/AnaMenuSecimi

2021-10-14 17:09:16 - [TEST_STEP][PASSED] - Method.TextDegerineEsitElementeTikla(findTestObject("Menu/Ana_Menu"), Ana_Menu): Method.TextDegerineEsitElementeTikla is PASSED

2021-10-14 17:09:16 - [MESSAGE][INFO] - Finding Test Object 'Object Repository/Menu/Ana_Menu'

2021-10-14 17:09:16 - [MESSAGE][INFO] - Checking timeout

2021-10-14 17:09:16 - [MESSAGE][INFO] - Finding web element with id: 'Object Repository/Menu/Ana_Menu' located by 'By.xpath: //*[@class = 'dropdown-toggle']' in '10' second(s)

2021-10-14 17:09:16 - [MESSAGE][INFO] - Smart Wait Function is triggered

2021-10-14 17:09:16 - [MESSAGE][INFO] - Found 14 web elements with id: 'Object Repository/Menu/Ana_Menu' located by 'By.xpath: //*[@class = 'dropdown-toggle']' in '10' second(s)

2021-10-14 17:09:17 - [MESSAGE][PASSED] - Method.TextDegerineEsitElementeTikla is PASSED

2021-10-14 17:09:17 - [MESSAGE][PASSED] - Call Test Case 'Test Cases/Menu/AnaMenuSecimi' successfully

2021-10-14 17:09:17 - [MESSAGE][INFO] - Checking called Test Case

2021-10-14 17:09:17 - [MESSAGE][INFO] - Starting to call Test Case 'Test Cases/Menu/BasligaGoreAltMenuSecimi'

2021-10-14 17:09:17 - [TEST_CASE][PASSED] - Test Cases/Menu/BasligaGoreAltMenuSecimi: Test Cases/Menu/BasligaGoreAltMenuSecimi

2021-10-14 17:09:17 - [TEST_STEP][PASSED] - Method.TextDegerineEsitElementinAltindakiTextDegerineEsitOlanaTikla(findTestObject("Menu/Menu_Basligi"), findTestObject("Menu/Basliga_Gore_Alt_Menu"), Baslik, Alt_Menu): Method.TextDegerineEsitElementinAltindakiTextDegerineEsitOlanaTikla is PASSED

2021-10-14 17:09:17 - [MESSAGE][INFO] - Finding Test Object 'Object Repository/Menu/Menu_Basligi'

2021-10-14 17:09:17 - [MESSAGE][INFO] - Finding Test Object 'Object Repository/Menu/Basliga_Gore_Alt_Menu'

2021-10-14 17:09:17 - [MESSAGE][INFO] - Checking timeout

2021-10-14 17:09:17 - [MESSAGE][INFO] - Finding web element with id: 'Object Repository/Menu/Menu_Basligi' located by 'By.xpath: //li[@class='dropdown dropdown-large open']//li[@class='dropdown-header']' in '10' second(s)

2021-10-14 17:09:17 - [MESSAGE][INFO] - Smart Wait Function is triggered

2021-10-14 17:09:17 - [MESSAGE][INFO] - Found 3 web elements with id: 'Object Repository/Menu/Menu_Basligi' located by 'By.xpath: //li[@class='dropdown dropdown-large open']//li[@class='dropdown-header']' in '10' second(s)

2021-10-14 17:09:17 - [MESSAGE][INFO] - Smart Wait Function is triggered

2021-10-14 17:09:19 - [MESSAGE][PASSED] - Method.TextDegerineEsitElementinAltindakiTextDegerineEsitOlanaTikla is PASSED

2021-10-14 17:09:19 - [MESSAGE][PASSED] - Call Test Case 'Test Cases/Menu/BasligaGoreAltMenuSecimi' successfully

2021-10-14 17:09:19 - [MESSAGE][INFO] - Checking called Test Case

2021-10-14 17:09:19 - [MESSAGE][INFO] - Starting to call Test Case 'Test Cases/Filtreler/BaslangicYaz'

2021-10-14 17:09:19 - [TEST_CASE][PASSED] - Test Cases/Filtreler/BaslangicYaz: Test Cases/Filtreler/BaslangicYaz

2021-10-14 17:09:19 - [TEST_STEP][PASSED] - Method.TextDegerineEsitElementinAltindakineTikla(findTestObject("Filtreler/Basliklar"), findTestObject("Filtreler/Basliga_Gore_Baslangic_Image"), Filtre_Adi): Method.TextDegerineEsitElementinAltindakineTikla is PASSED

2021-10-14 17:09:19 - [MESSAGE][INFO] - Finding Test Object 'Object Repository/Filtreler/Basliklar'

2021-10-14 17:09:19 - [MESSAGE][INFO] - Finding Test Object 'Object Repository/Filtreler/Basliga_Gore_Baslangic_Image'

2021-10-14 17:09:20 - [MESSAGE][INFO] - Checking timeout

2021-10-14 17:09:20 - [MESSAGE][INFO] - Finding web element with id: 'Object Repository/Filtreler/Basliklar' located by 'By.cssSelector: .control-label.col-sm-4.paddingMarginRLC' in '10' second(s)

2021-10-14 17:09:20 - [MESSAGE][INFO] - Smart Wait Function is triggered

2021-10-14 17:09:20 - [MESSAGE][INFO] - Found 19 web elements with id: 'Object Repository/Filtreler/Basliklar' located by 'By.cssSelector: .control-label.col-sm-4.paddingMarginRLC' in '10' second(s)

2021-10-14 17:09:20 - [MESSAGE][INFO] - Smart Wait Function is triggered

2021-10-14 17:09:20 - [MESSAGE][PASSED] - Method.TextDegerineEsitElementinAltindakineTikla is PASSED

2021-10-14 17:09:20 - [TEST_STEP][PASSED] - Method.TextDegerineEsitElementinAltindakiTextboxtaYaz(findTestObject("Filtreler/Basliklar"), findTestObject("Filtreler/Basliga_Gore_Baslangic"), Filtre_Adi, Filtre_Degeri): Method.TextDegerineEsitElementinAltindakiTextboxtaYaz is PASSED

2021-10-14 17:09:20 - [MESSAGE][INFO] - Finding Test Object 'Object Repository/Filtreler/Basliklar'

2021-10-14 17:09:20 - [MESSAGE][INFO] - Finding Test Object 'Object Repository/Filtreler/Basliga_Gore_Baslangic'

2021-10-14 17:09:21 - [MESSAGE][INFO] - Checking timeout

2021-10-14 17:09:21 - [MESSAGE][INFO] - Finding web element with id: 'Object Repository/Filtreler/Basliklar' located by 'By.cssSelector: .control-label.col-sm-4.paddingMarginRLC' in '10' second(s)

2021-10-14 17:09:21 - [MESSAGE][INFO] - Smart Wait Function is triggered

2021-10-14 17:09:21 - [MESSAGE][INFO] - Found 19 web elements with id: 'Object Repository/Filtreler/Basliklar' located by 'By.cssSelector: .control-label.col-sm-4.paddingMarginRLC' in '10' second(s)

2021-10-14 17:09:21 - [MESSAGE][INFO] - Smart Wait Function is triggered

2021-10-14 17:09:21 - [MESSAGE][PASSED] - Method.TextDegerineEsitElementinAltindakiTextboxtaYaz is PASSED

2021-10-14 17:09:21 - [MESSAGE][PASSED] - Call Test Case 'Test Cases/Filtreler/BaslangicYaz' successfully

2021-10-14 17:09:21 - [MESSAGE][INFO] - Checking called Test Case

2021-10-14 17:09:21 - [MESSAGE][INFO] - Starting to call Test Case 'Test Cases/Filtreler/BitisYaz'

2021-10-14 17:09:22 - [TEST_CASE][PASSED] - Test Cases/Filtreler/BitisYaz: Test Cases/Filtreler/BitisYaz

2021-10-14 17:09:22 - [TEST_STEP][PASSED] - Method.TextDegerineEsitElementinAltindakineTikla(findTestObject("Filtreler/Basliklar"), findTestObject("Filtreler/Basliga_Gore_Bitis_Image"), Filtre_Adi): Method.TextDegerineEsitElementinAltindakineTikla is PASSED

2021-10-14 17:09:22 - [MESSAGE][INFO] - Finding Test Object 'Object Repository/Filtreler/Basliklar'

2021-10-14 17:09:22 - [MESSAGE][INFO] - Finding Test Object 'Object Repository/Filtreler/Basliga_Gore_Bitis_Image'

2021-10-14 17:09:22 - [MESSAGE][INFO] - Checking timeout

2021-10-14 17:09:22 - [MESSAGE][INFO] - Finding web element with id: 'Object Repository/Filtreler/Basliklar' located by 'By.cssSelector: .control-label.col-sm-4.paddingMarginRLC' in '10' second(s)

2021-10-14 17:09:22 - [MESSAGE][INFO] - Smart Wait Function is triggered

2021-10-14 17:09:22 - [MESSAGE][INFO] - Found 19 web elements with id: 'Object Repository/Filtreler/Basliklar' located by 'By.cssSelector: .control-label.col-sm-4.paddingMarginRLC' in '10' second(s)

2021-10-14 17:09:22 - [MESSAGE][INFO] - Smart Wait Function is triggered

2021-10-14 17:09:23 - [MESSAGE][PASSED] - Method.TextDegerineEsitElementinAltindakineTikla is PASSED

2021-10-14 17:09:23 - [TEST_STEP][PASSED] - Method.TextDegerineEsitElementinAltindakiTextboxtaYaz(findTestObject("Filtreler/Basliklar"), findTestObject("Object Repository/Filtreler/Basliga_Gore_Bitis"), Filtre_Adi, Filtre_Degeri): Method.TextDegerineEsitElementinAltindakiTextboxtaYaz is PASSED

2021-10-14 17:09:23 - [MESSAGE][INFO] - Finding Test Object 'Object Repository/Filtreler/Basliklar'

2021-10-14 17:09:23 - [MESSAGE][INFO] - Finding Test Object 'Object Repository/Filtreler/Basliga_Gore_Bitis'

2021-10-14 17:09:23 - [MESSAGE][INFO] - Checking timeout

2021-10-14 17:09:23 - [MESSAGE][INFO] - Finding web element with id: 'Object Repository/Filtreler/Basliklar' located by 'By.cssSelector: .control-label.col-sm-4.paddingMarginRLC' in '10' second(s)

2021-10-14 17:09:23 - [MESSAGE][INFO] - Smart Wait Function is triggered

2021-10-14 17:09:23 - [MESSAGE][INFO] - Found 19 web elements with id: 'Object Repository/Filtreler/Basliklar' located by 'By.cssSelector: .control-label.col-sm-4.paddingMarginRLC' in '10' second(s)

2021-10-14 17:09:23 - [MESSAGE][INFO] - Smart Wait Function is triggered

2021-10-14 17:09:24 - [MESSAGE][PASSED] - Method.TextDegerineEsitElementinAltindakiTextboxtaYaz is PASSED

2021-10-14 17:09:24 - [MESSAGE][PASSED] - Call Test Case 'Test Cases/Filtreler/BitisYaz' successfully

2021-10-14 17:09:24 - [MESSAGE][INFO] - Checking called Test Case

2021-10-14 17:09:24 - [MESSAGE][INFO] - Starting to call Test Case 'Test Cases/Filtreler/TexboxaYaz'

2021-10-14 17:09:24 - [TEST_CASE][PASSED] - Test Cases/Filtreler/TexboxaYaz: Test Cases/Filtreler/TexboxaYaz

2021-10-14 17:09:25 - [TEST_STEP][PASSED] - Method.TextDegerineEsitElementinAltindakiTextboxtaYaz(findTestObject("Filtreler/Basliklar"), findTestObject("Filtreler/Basliga_Gore_Textbox"), Filtre_Adi, Filtre_Degeri): Method.TextDegerineEsitElementinAltindakiTextboxtaYaz is PASSED

2021-10-14 17:09:25 - [MESSAGE][INFO] - Finding Test Object 'Object Repository/Filtreler/Basliklar'

2021-10-14 17:09:25 - [MESSAGE][INFO] - Finding Test Object 'Object Repository/Filtreler/Basliga_Gore_Textbox'

2021-10-14 17:09:25 - [MESSAGE][INFO] - Checking timeout

2021-10-14 17:09:25 - [MESSAGE][INFO] - Finding web element with id: 'Object Repository/Filtreler/Basliklar' located by 'By.cssSelector: .control-label.col-sm-4.paddingMarginRLC' in '10' second(s)

2021-10-14 17:09:25 - [MESSAGE][INFO] - Smart Wait Function is triggered

2021-10-14 17:09:25 - [MESSAGE][INFO] - Found 19 web elements with id: 'Object Repository/Filtreler/Basliklar' located by 'By.cssSelector: .control-label.col-sm-4.paddingMarginRLC' in '10' second(s)

2021-10-14 17:09:25 - [MESSAGE][INFO] - Smart Wait Function is triggered

2021-10-14 17:09:26 - [MESSAGE][PASSED] - Method.TextDegerineEsitElementinAltindakiTextboxtaYaz is PASSED

2021-10-14 17:09:26 - [MESSAGE][PASSED] - Call Test Case 'Test Cases/Filtreler/TexboxaYaz' successfully

2021-10-14 17:09:26 - [MESSAGE][INFO] - Checking called Test Case

2021-10-14 17:09:26 - [MESSAGE][INFO] - Starting to call Test Case 'Test Cases/Filtreler/ButonaTikla'

2021-10-14 17:09:26 - [TEST_CASE][PASSED] - Test Cases/Filtreler/ButonaTikla: Test Cases/Filtreler/ButonaTikla

2021-10-14 17:09:26 - [TEST_STEP][PASSED] - Method.TextDegerineEsitElementeTikla(findTestObject("Filtreler/Butonlar"), Filtre_Buton): Method.TextDegerineEsitElementeTikla is PASSED

2021-10-14 17:09:26 - [MESSAGE][INFO] - Finding Test Object 'Object Repository/Filtreler/Butonlar'

2021-10-14 17:09:26 - [MESSAGE][INFO] - Checking timeout

2021-10-14 17:09:26 - [MESSAGE][INFO] - Finding web element with id: 'Object Repository/Filtreler/Butonlar' located by 'By.cssSelector: .dxb>span' in '10' second(s)

2021-10-14 17:09:26 - [MESSAGE][INFO] - Smart Wait Function is triggered

2021-10-14 17:09:27 - [MESSAGE][INFO] - Found 3 web elements with id: 'Object Repository/Filtreler/Butonlar' located by 'By.cssSelector: .dxb>span' in '10' second(s)

2021-10-14 17:09:27 - [MESSAGE][PASSED] - Method.TextDegerineEsitElementeTikla is PASSED

2021-10-14 17:09:27 - [MESSAGE][PASSED] - Call Test Case 'Test Cases/Filtreler/ButonaTikla' successfully

2021-10-14 17:09:27 - [MESSAGE][INFO] - Checking called Test Case

2021-10-14 17:09:27 - [MESSAGE][INFO] - Starting to call Test Case 'Test Cases/Tablo/TablodaVeriVarMi'

2021-10-14 17:09:27 - [TEST_CASE][PASSED] - Test Cases/Tablo/TablodaVeriVarMi: Test Cases/Tablo/TablodaVeriVarMi

2021-10-14 17:09:27 - [TEST_STEP][PASSED] - verifyTextNotPresent("Görüntülenecek veri yok", true): Text 'Görüntülenecek veri yok' is not present on page using regular expression

2021-10-14 17:09:27 - [MESSAGE][INFO] - Checking text present  using regular expression

2021-10-14 17:09:27 - [MESSAGE][INFO] - Smart Wait Function is triggered

2021-10-14 17:09:28 - [MESSAGE][INFO] - Finding text 'Görüntülenecek veri yok' on page  using regular expression

2021-10-14 17:09:28 - [MESSAGE][PASSED] - Text 'Görüntülenecek veri yok' is not present on page using regular expression

2021-10-14 17:09:28 - [MESSAGE][PASSED] - Call Test Case 'Test Cases/Tablo/TablodaVeriVarMi' successfully

2021-10-14 17:09:28 - [MESSAGE][INFO] - Checking called Test Case

2021-10-14 17:09:28 - [MESSAGE][INFO] - Starting to call Test Case 'Test Cases/Filtreler/TexboxaYaz'

2021-10-14 17:09:28 - [TEST_CASE][PASSED] - Test Cases/Filtreler/TexboxaYaz: Test Cases/Filtreler/TexboxaYaz

2021-10-14 17:09:28 - [TEST_STEP][PASSED] - Method.TextDegerineEsitElementinAltindakiTextboxtaYaz(findTestObject("Filtreler/Basliklar"), findTestObject("Filtreler/Basliga_Gore_Textbox"), Filtre_Adi, Filtre_Degeri): Method.TextDegerineEsitElementinAltindakiTextboxtaYaz is PASSED

2021-10-14 17:09:28 - [MESSAGE][INFO] - Finding Test Object 'Object Repository/Filtreler/Basliklar'

2021-10-14 17:09:28 - [MESSAGE][INFO] - Finding Test Object 'Object Repository/Filtreler/Basliga_Gore_Textbox'

2021-10-14 17:09:28 - [MESSAGE][INFO] - Checking timeout

2021-10-14 17:09:28 - [MESSAGE][INFO] - Finding web element with id: 'Object Repository/Filtreler/Basliklar' located by 'By.cssSelector: .control-label.col-sm-4.paddingMarginRLC' in '10' second(s)

2021-10-14 17:09:28 - [MESSAGE][INFO] - Smart Wait Function is triggered

2021-10-14 17:09:28 - [MESSAGE][INFO] - Found 19 web elements with id: 'Object Repository/Filtreler/Basliklar' located by 'By.cssSelector: .control-label.col-sm-4.paddingMarginRLC' in '10' second(s)

2021-10-14 17:09:28 - [MESSAGE][INFO] - Smart Wait Function is triggered

2021-10-14 17:09:29 - [MESSAGE][PASSED] - Method.TextDegerineEsitElementinAltindakiTextboxtaYaz is PASSED

2021-10-14 17:09:29 - [MESSAGE][PASSED] - Call Test Case 'Test Cases/Filtreler/TexboxaYaz' successfully

2021-10-14 17:09:29 - [MESSAGE][INFO] - Checking called Test Case

2021-10-14 17:09:29 - [MESSAGE][INFO] - Starting to call Test Case 'Test Cases/Filtreler/ButonaTikla'

2021-10-14 17:09:29 - [TEST_CASE][PASSED] - Test Cases/Filtreler/ButonaTikla: Test Cases/Filtreler/ButonaTikla

2021-10-14 17:09:29 - [TEST_STEP][PASSED] - Method.TextDegerineEsitElementeTikla(findTestObject("Filtreler/Butonlar"), Filtre_Buton): Method.TextDegerineEsitElementeTikla is PASSED

2021-10-14 17:09:29 - [MESSAGE][INFO] - Finding Test Object 'Object Repository/Filtreler/Butonlar'

2021-10-14 17:09:29 - [MESSAGE][INFO] - Checking timeout

2021-10-14 17:09:29 - [MESSAGE][INFO] - Finding web element with id: 'Object Repository/Filtreler/Butonlar' located by 'By.cssSelector: .dxb>span' in '10' second(s)

2021-10-14 17:09:29 - [MESSAGE][INFO] - Smart Wait Function is triggered

2021-10-14 17:09:29 - [MESSAGE][INFO] - Found 3 web elements with id: 'Object Repository/Filtreler/Butonlar' located by 'By.cssSelector: .dxb>span' in '10' second(s)

2021-10-14 17:09:30 - [MESSAGE][PASSED] - Method.TextDegerineEsitElementeTikla is PASSED

2021-10-14 17:09:30 - [MESSAGE][PASSED] - Call Test Case 'Test Cases/Filtreler/ButonaTikla' successfully

2021-10-14 17:09:30 - [MESSAGE][INFO] - Checking called Test Case

2021-10-14 17:09:30 - [MESSAGE][INFO] - Starting to call Test Case 'Test Cases/Tablo/TablodaVeriVarMi'

2021-10-14 17:09:30 - [TEST_CASE][PASSED] - Test Cases/Tablo/TablodaVeriVarMi: Test Cases/Tablo/TablodaVeriVarMi

2021-10-14 17:09:30 - [TEST_STEP][PASSED] - verifyTextNotPresent("Görüntülenecek veri yok", true): Text 'Görüntülenecek veri yok' is not present on page using regular expression

2021-10-14 17:09:30 - [MESSAGE][INFO] - Checking text present  using regular expression

2021-10-14 17:09:30 - [MESSAGE][INFO] - Smart Wait Function is triggered

2021-10-14 17:09:31 - [MESSAGE][INFO] - Finding text 'Görüntülenecek veri yok' on page  using regular expression

2021-10-14 17:09:31 - [MESSAGE][PASSED] - Text 'Görüntülenecek veri yok' is not present on page using regular expression

2021-10-14 17:09:31 - [MESSAGE][PASSED] - Call Test Case 'Test Cases/Tablo/TablodaVeriVarMi' successfully

2021-10-14 17:09:31 - [MESSAGE][INFO] - Checking called Test Case

2021-10-14 17:09:31 - [MESSAGE][INFO] - Starting to call Test Case 'Test Cases/Filtreler/TexboxaYaz'

2021-10-14 17:09:31 - [TEST_CASE][PASSED] - Test Cases/Filtreler/TexboxaYaz: Test Cases/Filtreler/TexboxaYaz

2021-10-14 17:09:31 - [TEST_STEP][PASSED] - Method.TextDegerineEsitElementinAltindakiTextboxtaYaz(findTestObject("Filtreler/Basliklar"), findTestObject("Filtreler/Basliga_Gore_Textbox"), Filtre_Adi, Filtre_Degeri): Method.TextDegerineEsitElementinAltindakiTextboxtaYaz is PASSED

2021-10-14 17:09:31 - [MESSAGE][INFO] - Finding Test Object 'Object Repository/Filtreler/Basliklar'

2021-10-14 17:09:31 - [MESSAGE][INFO] - Finding Test Object 'Object Repository/Filtreler/Basliga_Gore_Textbox'

2021-10-14 17:09:31 - [MESSAGE][INFO] - Checking timeout

2021-10-14 17:09:31 - [MESSAGE][INFO] - Finding web element with id: 'Object Repository/Filtreler/Basliklar' located by 'By.cssSelector: .control-label.col-sm-4.paddingMarginRLC' in '10' second(s)

2021-10-14 17:09:31 - [MESSAGE][INFO] - Smart Wait Function is triggered

2021-10-14 17:09:31 - [MESSAGE][INFO] - Found 19 web elements with id: 'Object Repository/Filtreler/Basliklar' located by 'By.cssSelector: .control-label.col-sm-4.paddingMarginRLC' in '10' second(s)

2021-10-14 17:09:31 - [MESSAGE][INFO] - Smart Wait Function is triggered

2021-10-14 17:09:32 - [MESSAGE][PASSED] - Method.TextDegerineEsitElementinAltindakiTextboxtaYaz is PASSED

2021-10-14 17:09:32 - [MESSAGE][PASSED] - Call Test Case 'Test Cases/Filtreler/TexboxaYaz' successfully

2021-10-14 17:09:32 - [MESSAGE][INFO] - Checking called Test Case

2021-10-14 17:09:32 - [MESSAGE][INFO] - Starting to call Test Case 'Test Cases/Filtreler/ButonaTikla'

2021-10-14 17:09:32 - [TEST_CASE][PASSED] - Test Cases/Filtreler/ButonaTikla: Test Cases/Filtreler/ButonaTikla

2021-10-14 17:09:32 - [TEST_STEP][PASSED] - Method.TextDegerineEsitElementeTikla(findTestObject("Filtreler/Butonlar"), Filtre_Buton): Method.TextDegerineEsitElementeTikla is PASSED

2021-10-14 17:09:32 - [MESSAGE][INFO] - Finding Test Object 'Object Repository/Filtreler/Butonlar'

2021-10-14 17:09:32 - [MESSAGE][INFO] - Checking timeout

2021-10-14 17:09:32 - [MESSAGE][INFO] - Finding web element with id: 'Object Repository/Filtreler/Butonlar' located by 'By.cssSelector: .dxb>span' in '10' second(s)

2021-10-14 17:09:32 - [MESSAGE][INFO] - Smart Wait Function is triggered

2021-10-14 17:09:32 - [MESSAGE][INFO] - Found 3 web elements with id: 'Object Repository/Filtreler/Butonlar' located by 'By.cssSelector: .dxb>span' in '10' second(s)

2021-10-14 17:09:32 - [MESSAGE][PASSED] - Method.TextDegerineEsitElementeTikla is PASSED

2021-10-14 17:09:32 - [MESSAGE][PASSED] - Call Test Case 'Test Cases/Filtreler/ButonaTikla' successfully

2021-10-14 17:09:32 - [MESSAGE][INFO] - Checking called Test Case

2021-10-14 17:09:32 - [MESSAGE][INFO] - Starting to call Test Case 'Test Cases/Tablo/TablodaVeriVarMi'

2021-10-14 17:09:32 - [TEST_CASE][PASSED] - Test Cases/Tablo/TablodaVeriVarMi: Test Cases/Tablo/TablodaVeriVarMi

2021-10-14 17:09:32 - [TEST_STEP][PASSED] - verifyTextNotPresent("Görüntülenecek veri yok", true): Text 'Görüntülenecek veri yok' is not present on page using regular expression

2021-10-14 17:09:32 - [MESSAGE][INFO] - Checking text present  using regular expression

2021-10-14 17:09:32 - [MESSAGE][INFO] - Smart Wait Function is triggered

2021-10-14 17:09:33 - [MESSAGE][INFO] - Finding text 'Görüntülenecek veri yok' on page  using regular expression

2021-10-14 17:09:33 - [MESSAGE][PASSED] - Text 'Görüntülenecek veri yok' is not present on page using regular expression

2021-10-14 17:09:33 - [MESSAGE][PASSED] - Call Test Case 'Test Cases/Tablo/TablodaVeriVarMi' successfully

2021-10-14 17:09:33 - [MESSAGE][INFO] - Checking called Test Case

2021-10-14 17:09:33 - [MESSAGE][INFO] - Starting to call Test Case 'Test Cases/Filtreler/TexboxaYaz'

2021-10-14 17:09:33 - [TEST_CASE][PASSED] - Test Cases/Filtreler/TexboxaYaz: Test Cases/Filtreler/TexboxaYaz

2021-10-14 17:09:33 - [TEST_STEP][PASSED] - Method.TextDegerineEsitElementinAltindakiTextboxtaYaz(findTestObject("Filtreler/Basliklar"), findTestObject("Filtreler/Basliga_Gore_Textbox"), Filtre_Adi, Filtre_Degeri): Method.TextDegerineEsitElementinAltindakiTextboxtaYaz is PASSED

2021-10-14 17:09:33 - [MESSAGE][INFO] - Finding Test Object 'Object Repository/Filtreler/Basliklar'

2021-10-14 17:09:34 - [MESSAGE][INFO] - Finding Test Object 'Object Repository/Filtreler/Basliga_Gore_Textbox'

2021-10-14 17:09:34 - [MESSAGE][INFO] - Checking timeout

2021-10-14 17:09:34 - [MESSAGE][INFO] - Finding web element with id: 'Object Repository/Filtreler/Basliklar' located by 'By.cssSelector: .control-label.col-sm-4.paddingMarginRLC' in '10' second(s)

2021-10-14 17:09:34 - [MESSAGE][INFO] - Smart Wait Function is triggered

2021-10-14 17:09:34 - [MESSAGE][INFO] - Found 19 web elements with id: 'Object Repository/Filtreler/Basliklar' located by 'By.cssSelector: .control-label.col-sm-4.paddingMarginRLC' in '10' second(s)

2021-10-14 17:09:34 - [MESSAGE][INFO] - Smart Wait Function is triggered

2021-10-14 17:09:35 - [MESSAGE][PASSED] - Method.TextDegerineEsitElementinAltindakiTextboxtaYaz is PASSED

2021-10-14 17:09:35 - [MESSAGE][PASSED] - Call Test Case 'Test Cases/Filtreler/TexboxaYaz' successfully

2021-10-14 17:09:35 - [MESSAGE][INFO] - Checking called Test Case

2021-10-14 17:09:35 - [MESSAGE][INFO] - Starting to call Test Case 'Test Cases/Filtreler/ButonaTikla'

2021-10-14 17:09:35 - [TEST_CASE][PASSED] - Test Cases/Filtreler/ButonaTikla: Test Cases/Filtreler/ButonaTikla

2021-10-14 17:09:35 - [TEST_STEP][PASSED] - Method.TextDegerineEsitElementeTikla(findTestObject("Filtreler/Butonlar"), Filtre_Buton): Method.TextDegerineEsitElementeTikla is PASSED

2021-10-14 17:09:35 - [MESSAGE][INFO] - Finding Test Object 'Object Repository/Filtreler/Butonlar'

2021-10-14 17:09:35 - [MESSAGE][INFO] - Checking timeout

2021-10-14 17:09:35 - [MESSAGE][INFO] - Finding web element with id: 'Object Repository/Filtreler/Butonlar' located by 'By.cssSelector: .dxb>span' in '10' second(s)

2021-10-14 17:09:35 - [MESSAGE][INFO] - Smart Wait Function is triggered

2021-10-14 17:09:35 - [MESSAGE][INFO] - Found 3 web elements with id: 'Object Repository/Filtreler/Butonlar' located by 'By.cssSelector: .dxb>span' in '10' second(s)

2021-10-14 17:09:35 - [MESSAGE][PASSED] - Method.TextDegerineEsitElementeTikla is PASSED

2021-10-14 17:09:35 - [MESSAGE][PASSED] - Call Test Case 'Test Cases/Filtreler/ButonaTikla' successfully

2021-10-14 17:09:35 - [MESSAGE][INFO] - Checking called Test Case

2021-10-14 17:09:35 - [MESSAGE][INFO] - Starting to call Test Case 'Test Cases/Tablo/TablodaVeriVarMi'

2021-10-14 17:09:35 - [TEST_CASE][PASSED] - Test Cases/Tablo/TablodaVeriVarMi: Test Cases/Tablo/TablodaVeriVarMi

2021-10-14 17:09:35 - [TEST_STEP][PASSED] - verifyTextNotPresent("Görüntülenecek veri yok", true): Text 'Görüntülenecek veri yok' is not present on page using regular expression

2021-10-14 17:09:35 - [MESSAGE][INFO] - Checking text present  using regular expression

2021-10-14 17:09:35 - [MESSAGE][INFO] - Smart Wait Function is triggered

2021-10-14 17:09:36 - [MESSAGE][INFO] - Finding text 'Görüntülenecek veri yok' on page  using regular expression

2021-10-14 17:09:36 - [MESSAGE][PASSED] - Text 'Görüntülenecek veri yok' is not present on page using regular expression

2021-10-14 17:09:36 - [MESSAGE][PASSED] - Call Test Case 'Test Cases/Tablo/TablodaVeriVarMi' successfully

2021-10-14 17:09:36 - [MESSAGE][INFO] - Checking called Test Case

2021-10-14 17:09:36 - [MESSAGE][INFO] - Starting to call Test Case 'Test Cases/Filtreler/TexboxaYaz'

2021-10-14 17:09:36 - [TEST_CASE][PASSED] - Test Cases/Filtreler/TexboxaYaz: Test Cases/Filtreler/TexboxaYaz

2021-10-14 17:09:36 - [TEST_STEP][PASSED] - Method.TextDegerineEsitElementinAltindakiTextboxtaYaz(findTestObject("Filtreler/Basliklar"), findTestObject("Filtreler/Basliga_Gore_Textbox"), Filtre_Adi, Filtre_Degeri): Method.TextDegerineEsitElementinAltindakiTextboxtaYaz is PASSED

2021-10-14 17:09:36 - [MESSAGE][INFO] - Finding Test Object 'Object Repository/Filtreler/Basliklar'

2021-10-14 17:09:36 - [MESSAGE][INFO] - Finding Test Object 'Object Repository/Filtreler/Basliga_Gore_Textbox'

2021-10-14 17:09:36 - [MESSAGE][INFO] - Checking timeout

2021-10-14 17:09:36 - [MESSAGE][INFO] - Finding web element with id: 'Object Repository/Filtreler/Basliklar' located by 'By.cssSelector: .control-label.col-sm-4.paddingMarginRLC' in '10' second(s)

2021-10-14 17:09:36 - [MESSAGE][INFO] - Smart Wait Function is triggered

2021-10-14 17:09:37 - [MESSAGE][INFO] - Found 19 web elements with id: 'Object Repository/Filtreler/Basliklar' located by 'By.cssSelector: .control-label.col-sm-4.paddingMarginRLC' in '10' second(s)

2021-10-14 17:09:37 - [MESSAGE][INFO] - Smart Wait Function is triggered

2021-10-14 17:09:37 - [MESSAGE][PASSED] - Method.TextDegerineEsitElementinAltindakiTextboxtaYaz is PASSED

2021-10-14 17:09:37 - [MESSAGE][PASSED] - Call Test Case 'Test Cases/Filtreler/TexboxaYaz' successfully

2021-10-14 17:09:37 - [MESSAGE][INFO] - Checking called Test Case

2021-10-14 17:09:37 - [MESSAGE][INFO] - Starting to call Test Case 'Test Cases/Filtreler/ButonaTikla'

2021-10-14 17:09:37 - [TEST_CASE][PASSED] - Test Cases/Filtreler/ButonaTikla: Test Cases/Filtreler/ButonaTikla

2021-10-14 17:09:37 - [TEST_STEP][PASSED] - Method.TextDegerineEsitElementeTikla(findTestObject("Filtreler/Butonlar"), Filtre_Buton): Method.TextDegerineEsitElementeTikla is PASSED

2021-10-14 17:09:37 - [MESSAGE][INFO] - Finding Test Object 'Object Repository/Filtreler/Butonlar'

2021-10-14 17:09:37 - [MESSAGE][INFO] - Checking timeout

2021-10-14 17:09:37 - [MESSAGE][INFO] - Finding web element with id: 'Object Repository/Filtreler/Butonlar' located by 'By.cssSelector: .dxb>span' in '10' second(s)

2021-10-14 17:09:37 - [MESSAGE][INFO] - Smart Wait Function is triggered

2021-10-14 17:09:38 - [MESSAGE][INFO] - Found 3 web elements with id: 'Object Repository/Filtreler/Butonlar' located by 'By.cssSelector: .dxb>span' in '10' second(s)

2021-10-14 17:09:38 - [MESSAGE][PASSED] - Method.TextDegerineEsitElementeTikla is PASSED

2021-10-14 17:09:38 - [MESSAGE][PASSED] - Call Test Case 'Test Cases/Filtreler/ButonaTikla' successfully

2021-10-14 17:09:38 - [MESSAGE][INFO] - Checking called Test Case

2021-10-14 17:09:38 - [MESSAGE][INFO] - Starting to call Test Case 'Test Cases/Tablo/TablodaVeriVarMi'

2021-10-14 17:09:38 - [TEST_CASE][PASSED] - Test Cases/Tablo/TablodaVeriVarMi: Test Cases/Tablo/TablodaVeriVarMi

2021-10-14 17:09:38 - [TEST_STEP][PASSED] - verifyTextNotPresent("Görüntülenecek veri yok", true): Text 'Görüntülenecek veri yok' is not present on page using regular expression

2021-10-14 17:09:38 - [MESSAGE][INFO] - Checking text present  using regular expression

2021-10-14 17:09:38 - [MESSAGE][INFO] - Smart Wait Function is triggered

2021-10-14 17:09:39 - [MESSAGE][INFO] - Finding text 'Görüntülenecek veri yok' on page  using regular expression

2021-10-14 17:09:39 - [MESSAGE][PASSED] - Text 'Görüntülenecek veri yok' is not present on page using regular expression

2021-10-14 17:09:39 - [MESSAGE][PASSED] - Call Test Case 'Test Cases/Tablo/TablodaVeriVarMi' successfully

2021-10-14 17:09:39 - [MESSAGE][INFO] - Checking called Test Case

2021-10-14 17:09:39 - [MESSAGE][INFO] - Starting to call Test Case 'Test Cases/Filtreler/filtreIcerigiSil'

2021-10-14 17:09:39 - [TEST_CASE][PASSED] - Test Cases/Filtreler/filtreIcerigiSil: Test Cases/Filtreler/filtreIcerigiSil

2021-10-14 17:09:40 - [TEST_STEP][PASSED] - Method.TextDegerineEsitElementinAltindakiTextboxtaYaz(findTestObject("Filtreler/Basliklar"), findTestObject("Filtreler/Basliga_Gore_Textbox"), Filtre_Adi, Keys.chord(CONTROL, Keys.chord("a"), BACK_SPACE)): Method.TextDegerineEsitElementinAltindakiTextboxtaYaz is PASSED

2021-10-14 17:09:40 - [MESSAGE][INFO] - Finding Test Object 'Object Repository/Filtreler/Basliklar'

2021-10-14 17:09:40 - [MESSAGE][INFO] - Finding Test Object 'Object Repository/Filtreler/Basliga_Gore_Textbox'

2021-10-14 17:09:40 - [MESSAGE][INFO] - Checking timeout

2021-10-14 17:09:40 - [MESSAGE][INFO] - Finding web element with id: 'Object Repository/Filtreler/Basliklar' located by 'By.cssSelector: .control-label.col-sm-4.paddingMarginRLC' in '10' second(s)

2021-10-14 17:09:40 - [MESSAGE][INFO] - Smart Wait Function is triggered

2021-10-14 17:09:40 - [MESSAGE][INFO] - Found 19 web elements with id: 'Object Repository/Filtreler/Basliklar' located by 'By.cssSelector: .control-label.col-sm-4.paddingMarginRLC' in '10' second(s)

2021-10-14 17:09:40 - [MESSAGE][INFO] - Smart Wait Function is triggered

2021-10-14 17:09:40 - [MESSAGE][PASSED] - Method.TextDegerineEsitElementinAltindakiTextboxtaYaz is PASSED

2021-10-14 17:09:40 - [MESSAGE][PASSED] - Call Test Case 'Test Cases/Filtreler/filtreIcerigiSil' successfully

2021-10-14 17:09:40 - [MESSAGE][INFO] - Checking called Test Case

2021-10-14 17:09:40 - [MESSAGE][INFO] - Starting to call Test Case 'Test Cases/Filtreler/TexboxaYaz'

2021-10-14 17:09:40 - [TEST_CASE][PASSED] - Test Cases/Filtreler/TexboxaYaz: Test Cases/Filtreler/TexboxaYaz

2021-10-14 17:09:40 - [TEST_STEP][PASSED] - Method.TextDegerineEsitElementinAltindakiTextboxtaYaz(findTestObject("Filtreler/Basliklar"), findTestObject("Filtreler/Basliga_Gore_Textbox"), Filtre_Adi, Filtre_Degeri): Method.TextDegerineEsitElementinAltindakiTextboxtaYaz is PASSED

2021-10-14 17:09:41 - [MESSAGE][INFO] - Finding Test Object 'Object Repository/Filtreler/Basliklar'

2021-10-14 17:09:41 - [MESSAGE][INFO] - Finding Test Object 'Object Repository/Filtreler/Basliga_Gore_Textbox'

2021-10-14 17:09:41 - [MESSAGE][INFO] - Checking timeout

2021-10-14 17:09:41 - [MESSAGE][INFO] - Finding web element with id: 'Object Repository/Filtreler/Basliklar' located by 'By.cssSelector: .control-label.col-sm-4.paddingMarginRLC' in '10' second(s)

2021-10-14 17:09:41 - [MESSAGE][INFO] - Smart Wait Function is triggered

2021-10-14 17:09:41 - [MESSAGE][INFO] - Found 19 web elements with id: 'Object Repository/Filtreler/Basliklar' located by 'By.cssSelector: .control-label.col-sm-4.paddingMarginRLC' in '10' second(s)

2021-10-14 17:09:41 - [MESSAGE][INFO] - Smart Wait Function is triggered

2021-10-14 17:09:42 - [MESSAGE][PASSED] - Method.TextDegerineEsitElementinAltindakiTextboxtaYaz is PASSED

2021-10-14 17:09:42 - [MESSAGE][PASSED] - Call Test Case 'Test Cases/Filtreler/TexboxaYaz' successfully

2021-10-14 17:09:42 - [MESSAGE][INFO] - Checking called Test Case

2021-10-14 17:09:42 - [MESSAGE][INFO] - Starting to call Test Case 'Test Cases/Filtreler/ButonaTikla'

2021-10-14 17:09:42 - [TEST_CASE][PASSED] - Test Cases/Filtreler/ButonaTikla: Test Cases/Filtreler/ButonaTikla

2021-10-14 17:09:42 - [TEST_STEP][PASSED] - Method.TextDegerineEsitElementeTikla(findTestObject("Filtreler/Butonlar"), Filtre_Buton): Method.TextDegerineEsitElementeTikla is PASSED

2021-10-14 17:09:42 - [MESSAGE][INFO] - Finding Test Object 'Object Repository/Filtreler/Butonlar'

2021-10-14 17:09:42 - [MESSAGE][INFO] - Checking timeout

2021-10-14 17:09:42 - [MESSAGE][INFO] - Finding web element with id: 'Object Repository/Filtreler/Butonlar' located by 'By.cssSelector: .dxb>span' in '10' second(s)

2021-10-14 17:09:42 - [MESSAGE][INFO] - Smart Wait Function is triggered

2021-10-14 17:09:42 - [MESSAGE][INFO] - Found 3 web elements with id: 'Object Repository/Filtreler/Butonlar' located by 'By.cssSelector: .dxb>span' in '10' second(s)

2021-10-14 17:09:42 - [MESSAGE][PASSED] - Method.TextDegerineEsitElementeTikla is PASSED

2021-10-14 17:09:42 - [MESSAGE][PASSED] - Call Test Case 'Test Cases/Filtreler/ButonaTikla' successfully

2021-10-14 17:09:42 - [MESSAGE][INFO] - Checking called Test Case

2021-10-14 17:09:42 - [MESSAGE][INFO] - Starting to call Test Case 'Test Cases/Tablo/TablodaVeriVarMi'

2021-10-14 17:09:42 - [TEST_CASE][PASSED] - Test Cases/Tablo/TablodaVeriVarMi: Test Cases/Tablo/TablodaVeriVarMi

2021-10-14 17:09:42 - [TEST_STEP][PASSED] - verifyTextNotPresent("Görüntülenecek veri yok", true): Text 'Görüntülenecek veri yok' is not present on page using regular expression

2021-10-14 17:09:42 - [MESSAGE][INFO] - Checking text present  using regular expression

2021-10-14 17:09:42 - [MESSAGE][INFO] - Smart Wait Function is triggered

2021-10-14 17:09:43 - [MESSAGE][INFO] - Finding text 'Görüntülenecek veri yok' on page  using regular expression

2021-10-14 17:09:43 - [MESSAGE][PASSED] - Text 'Görüntülenecek veri yok' is not present on page using regular expression

2021-10-14 17:09:43 - [MESSAGE][PASSED] - Call Test Case 'Test Cases/Tablo/TablodaVeriVarMi' successfully

2021-10-14 17:09:43 - [MESSAGE][INFO] - Checking called Test Case

2021-10-14 17:09:43 - [MESSAGE][INFO] - Starting to call Test Case 'Test Cases/Filtreler/TexboxaYaz'

2021-10-14 17:09:43 - [TEST_CASE][PASSED] - Test Cases/Filtreler/TexboxaYaz: Test Cases/Filtreler/TexboxaYaz

2021-10-14 17:09:43 - [TEST_STEP][PASSED] - Method.TextDegerineEsitElementinAltindakiTextboxtaYaz(findTestObject("Filtreler/Basliklar"), findTestObject("Filtreler/Basliga_Gore_Textbox"), Filtre_Adi, Filtre_Degeri): Method.TextDegerineEsitElementinAltindakiTextboxtaYaz is PASSED

2021-10-14 17:09:43 - [MESSAGE][INFO] - Finding Test Object 'Object Repository/Filtreler/Basliklar'

2021-10-14 17:09:43 - [MESSAGE][INFO] - Finding Test Object 'Object Repository/Filtreler/Basliga_Gore_Textbox'

2021-10-14 17:09:44 - [MESSAGE][INFO] - Checking timeout

2021-10-14 17:09:44 - [MESSAGE][INFO] - Finding web element with id: 'Object Repository/Filtreler/Basliklar' located by 'By.cssSelector: .control-label.col-sm-4.paddingMarginRLC' in '10' second(s)

2021-10-14 17:09:44 - [MESSAGE][INFO] - Smart Wait Function is triggered

2021-10-14 17:09:44 - [MESSAGE][INFO] - Found 19 web elements with id: 'Object Repository/Filtreler/Basliklar' located by 'By.cssSelector: .control-label.col-sm-4.paddingMarginRLC' in '10' second(s)

2021-10-14 17:09:44 - [MESSAGE][INFO] - Smart Wait Function is triggered

2021-10-14 17:09:44 - [MESSAGE][PASSED] - Method.TextDegerineEsitElementinAltindakiTextboxtaYaz is PASSED

2021-10-14 17:09:44 - [MESSAGE][PASSED] - Call Test Case 'Test Cases/Filtreler/TexboxaYaz' successfully

2021-10-14 17:09:44 - [MESSAGE][INFO] - Checking called Test Case

2021-10-14 17:09:44 - [MESSAGE][INFO] - Starting to call Test Case 'Test Cases/Filtreler/ButonaTikla'

2021-10-14 17:09:45 - [TEST_CASE][PASSED] - Test Cases/Filtreler/ButonaTikla: Test Cases/Filtreler/ButonaTikla

2021-10-14 17:09:45 - [TEST_STEP][PASSED] - Method.TextDegerineEsitElementeTikla(findTestObject("Filtreler/Butonlar"), Filtre_Buton): Method.TextDegerineEsitElementeTikla is PASSED

2021-10-14 17:09:45 - [MESSAGE][INFO] - Finding Test Object 'Object Repository/Filtreler/Butonlar'

2021-10-14 17:09:45 - [MESSAGE][INFO] - Checking timeout

2021-10-14 17:09:45 - [MESSAGE][INFO] - Finding web element with id: 'Object Repository/Filtreler/Butonlar' located by 'By.cssSelector: .dxb>span' in '10' second(s)

2021-10-14 17:09:45 - [MESSAGE][INFO] - Smart Wait Function is triggered

2021-10-14 17:09:45 - [MESSAGE][INFO] - Found 3 web elements with id: 'Object Repository/Filtreler/Butonlar' located by 'By.cssSelector: .dxb>span' in '10' second(s)

2021-10-14 17:09:45 - [MESSAGE][PASSED] - Method.TextDegerineEsitElementeTikla is PASSED

2021-10-14 17:09:45 - [MESSAGE][PASSED] - Call Test Case 'Test Cases/Filtreler/ButonaTikla' successfully

2021-10-14 17:09:45 - [MESSAGE][INFO] - Checking called Test Case

2021-10-14 17:09:45 - [MESSAGE][INFO] - Starting to call Test Case 'Test Cases/Tablo/TablodaVeriVarMi'

2021-10-14 17:09:45 - [TEST_CASE][PASSED] - Test Cases/Tablo/TablodaVeriVarMi: Test Cases/Tablo/TablodaVeriVarMi

2021-10-14 17:09:45 - [TEST_STEP][PASSED] - verifyTextNotPresent("Görüntülenecek veri yok", true): Text 'Görüntülenecek veri yok' is not present on page using regular expression

2021-10-14 17:09:45 - [MESSAGE][INFO] - Checking text present  using regular expression

2021-10-14 17:09:45 - [MESSAGE][INFO] - Smart Wait Function is triggered

2021-10-14 17:09:46 - [MESSAGE][INFO] - Finding text 'Görüntülenecek veri yok' on page  using regular expression

2021-10-14 17:09:46 - [MESSAGE][PASSED] - Text 'Görüntülenecek veri yok' is not present on page using regular expression

2021-10-14 17:09:46 - [MESSAGE][PASSED] - Call Test Case 'Test Cases/Tablo/TablodaVeriVarMi' successfully

2021-10-14 17:09:46 - [MESSAGE][INFO] - Checking called Test Case

2021-10-14 17:09:46 - [MESSAGE][INFO] - Starting to call Test Case 'Test Cases/Filtreler/TexboxaYaz'

2021-10-14 17:09:46 - [TEST_CASE][PASSED] - Test Cases/Filtreler/TexboxaYaz: Test Cases/Filtreler/TexboxaYaz

2021-10-14 17:09:46 - [TEST_STEP][PASSED] - Method.TextDegerineEsitElementinAltindakiTextboxtaYaz(findTestObject("Filtreler/Basliklar"), findTestObject("Filtreler/Basliga_Gore_Textbox"), Filtre_Adi, Filtre_Degeri): Method.TextDegerineEsitElementinAltindakiTextboxtaYaz is PASSED

2021-10-14 17:09:46 - [MESSAGE][INFO] - Finding Test Object 'Object Repository/Filtreler/Basliklar'

2021-10-14 17:09:46 - [MESSAGE][INFO] - Finding Test Object 'Object Repository/Filtreler/Basliga_Gore_Textbox'

2021-10-14 17:09:46 - [MESSAGE][INFO] - Checking timeout

2021-10-14 17:09:46 - [MESSAGE][INFO] - Finding web element with id: 'Object Repository/Filtreler/Basliklar' located by 'By.cssSelector: .control-label.col-sm-4.paddingMarginRLC' in '10' second(s)

2021-10-14 17:09:46 - [MESSAGE][INFO] - Smart Wait Function is triggered

2021-10-14 17:09:47 - [MESSAGE][INFO] - Found 19 web elements with id: 'Object Repository/Filtreler/Basliklar' located by 'By.cssSelector: .control-label.col-sm-4.paddingMarginRLC' in '10' second(s)

2021-10-14 17:09:47 - [MESSAGE][INFO] - Smart Wait Function is triggered

2021-10-14 17:09:47 - [MESSAGE][PASSED] - Method.TextDegerineEsitElementinAltindakiTextboxtaYaz is PASSED

2021-10-14 17:09:47 - [MESSAGE][PASSED] - Call Test Case 'Test Cases/Filtreler/TexboxaYaz' successfully

2021-10-14 17:09:47 - [MESSAGE][INFO] - Checking called Test Case

2021-10-14 17:09:47 - [MESSAGE][INFO] - Starting to call Test Case 'Test Cases/Filtreler/ButonaTikla'

2021-10-14 17:09:48 - [TEST_CASE][PASSED] - Test Cases/Filtreler/ButonaTikla: Test Cases/Filtreler/ButonaTikla

2021-10-14 17:09:48 - [TEST_STEP][PASSED] - Method.TextDegerineEsitElementeTikla(findTestObject("Filtreler/Butonlar"), Filtre_Buton): Method.TextDegerineEsitElementeTikla is PASSED

2021-10-14 17:09:48 - [MESSAGE][INFO] - Finding Test Object 'Object Repository/Filtreler/Butonlar'

2021-10-14 17:09:48 - [MESSAGE][INFO] - Checking timeout

2021-10-14 17:09:48 - [MESSAGE][INFO] - Finding web element with id: 'Object Repository/Filtreler/Butonlar' located by 'By.cssSelector: .dxb>span' in '10' second(s)

2021-10-14 17:09:48 - [MESSAGE][INFO] - Smart Wait Function is triggered

2021-10-14 17:09:48 - [MESSAGE][INFO] - Found 3 web elements with id: 'Object Repository/Filtreler/Butonlar' located by 'By.cssSelector: .dxb>span' in '10' second(s)

2021-10-14 17:09:48 - [MESSAGE][PASSED] - Method.TextDegerineEsitElementeTikla is PASSED

2021-10-14 17:09:48 - [MESSAGE][PASSED] - Call Test Case 'Test Cases/Filtreler/ButonaTikla' successfully

2021-10-14 17:09:48 - [MESSAGE][INFO] - Checking called Test Case

2021-10-14 17:09:48 - [MESSAGE][INFO] - Starting to call Test Case 'Test Cases/Tablo/TablodaVeriVarMi'

2021-10-14 17:09:48 - [TEST_CASE][PASSED] - Test Cases/Tablo/TablodaVeriVarMi: Test Cases/Tablo/TablodaVeriVarMi

2021-10-14 17:09:48 - [TEST_STEP][PASSED] - verifyTextNotPresent("Görüntülenecek veri yok", true): Text 'Görüntülenecek veri yok' is not present on page using regular expression

2021-10-14 17:09:48 - [MESSAGE][INFO] - Checking text present  using regular expression

2021-10-14 17:09:48 - [MESSAGE][INFO] - Smart Wait Function is triggered

2021-10-14 17:09:49 - [MESSAGE][INFO] - Finding text 'Görüntülenecek veri yok' on page  using regular expression

2021-10-14 17:09:49 - [MESSAGE][PASSED] - Text 'Görüntülenecek veri yok' is not present on page using regular expression

2021-10-14 17:09:49 - [MESSAGE][PASSED] - Call Test Case 'Test Cases/Tablo/TablodaVeriVarMi' successfully

2021-10-14 17:09:49 - [MESSAGE][INFO] - Checking called Test Case

2021-10-14 17:09:49 - [MESSAGE][INFO] - Starting to call Test Case 'Test Cases/Filtreler/TexboxaYaz'

2021-10-14 17:09:49 - [TEST_CASE][PASSED] - Test Cases/Filtreler/TexboxaYaz: Test Cases/Filtreler/TexboxaYaz

2021-10-14 17:09:49 - [TEST_STEP][PASSED] - Method.TextDegerineEsitElementinAltindakiTextboxtaYaz(findTestObject("Filtreler/Basliklar"), findTestObject("Filtreler/Basliga_Gore_Textbox"), Filtre_Adi, Filtre_Degeri): Method.TextDegerineEsitElementinAltindakiTextboxtaYaz is PASSED

2021-10-14 17:09:49 - [MESSAGE][INFO] - Finding Test Object 'Object Repository/Filtreler/Basliklar'

2021-10-14 17:09:49 - [MESSAGE][INFO] - Finding Test Object 'Object Repository/Filtreler/Basliga_Gore_Textbox'

2021-10-14 17:09:49 - [MESSAGE][INFO] - Checking timeout

2021-10-14 17:09:49 - [MESSAGE][INFO] - Finding web element with id: 'Object Repository/Filtreler/Basliklar' located by 'By.cssSelector: .control-label.col-sm-4.paddingMarginRLC' in '10' second(s)

2021-10-14 17:09:49 - [MESSAGE][INFO] - Smart Wait Function is triggered

2021-10-14 17:09:50 - [MESSAGE][INFO] - Found 19 web elements with id: 'Object Repository/Filtreler/Basliklar' located by 'By.cssSelector: .control-label.col-sm-4.paddingMarginRLC' in '10' second(s)

2021-10-14 17:09:50 - [MESSAGE][INFO] - Smart Wait Function is triggered

2021-10-14 17:09:50 - [MESSAGE][PASSED] - Method.TextDegerineEsitElementinAltindakiTextboxtaYaz is PASSED

2021-10-14 17:09:50 - [MESSAGE][PASSED] - Call Test Case 'Test Cases/Filtreler/TexboxaYaz' successfully

2021-10-14 17:09:50 - [MESSAGE][INFO] - Checking called Test Case

2021-10-14 17:09:50 - [MESSAGE][INFO] - Starting to call Test Case 'Test Cases/Filtreler/ButonaTikla'

2021-10-14 17:09:50 - [TEST_CASE][PASSED] - Test Cases/Filtreler/ButonaTikla: Test Cases/Filtreler/ButonaTikla

2021-10-14 17:09:50 - [TEST_STEP][PASSED] - Method.TextDegerineEsitElementeTikla(findTestObject("Filtreler/Butonlar"), Filtre_Buton): Method.TextDegerineEsitElementeTikla is PASSED

2021-10-14 17:09:50 - [MESSAGE][INFO] - Finding Test Object 'Object Repository/Filtreler/Butonlar'

2021-10-14 17:09:51 - [MESSAGE][INFO] - Checking timeout

2021-10-14 17:09:51 - [MESSAGE][INFO] - Finding web element with id: 'Object Repository/Filtreler/Butonlar' located by 'By.cssSelector: .dxb>span' in '10' second(s)

2021-10-14 17:09:51 - [MESSAGE][INFO] - Smart Wait Function is triggered

2021-10-14 17:09:51 - [MESSAGE][INFO] - Found 3 web elements with id: 'Object Repository/Filtreler/Butonlar' located by 'By.cssSelector: .dxb>span' in '10' second(s)

2021-10-14 17:09:51 - [MESSAGE][PASSED] - Method.TextDegerineEsitElementeTikla is PASSED

2021-10-14 17:09:51 - [MESSAGE][PASSED] - Call Test Case 'Test Cases/Filtreler/ButonaTikla' successfully

2021-10-14 17:09:51 - [MESSAGE][INFO] - Checking called Test Case

2021-10-14 17:09:51 - [MESSAGE][INFO] - Starting to call Test Case 'Test Cases/Tablo/TablodaVeriVarMi'

2021-10-14 17:09:51 - [TEST_CASE][PASSED] - Test Cases/Tablo/TablodaVeriVarMi: Test Cases/Tablo/TablodaVeriVarMi

2021-10-14 17:09:51 - [TEST_STEP][PASSED] - verifyTextNotPresent("Görüntülenecek veri yok", true): Text 'Görüntülenecek veri yok' is not present on page using regular expression

2021-10-14 17:09:51 - [MESSAGE][INFO] - Checking text present  using regular expression

2021-10-14 17:09:51 - [MESSAGE][INFO] - Smart Wait Function is triggered

2021-10-14 17:09:52 - [MESSAGE][INFO] - Finding text 'Görüntülenecek veri yok' on page  using regular expression

2021-10-14 17:09:52 - [MESSAGE][PASSED] - Text 'Görüntülenecek veri yok' is not present on page using regular expression

2021-10-14 17:09:52 - [MESSAGE][PASSED] - Call Test Case 'Test Cases/Tablo/TablodaVeriVarMi' successfully

2021-10-14 17:09:52 - [MESSAGE][INFO] - Checking called Test Case

2021-10-14 17:09:52 - [MESSAGE][INFO] - Starting to call Test Case 'Test Cases/Filtreler/filtreIcerigiSil'

2021-10-14 17:09:52 - [TEST_CASE][PASSED] - Test Cases/Filtreler/filtreIcerigiSil: Test Cases/Filtreler/filtreIcerigiSil

2021-10-14 17:09:52 - [TEST_STEP][PASSED] - Method.TextDegerineEsitElementinAltindakiTextboxtaYaz(findTestObject("Filtreler/Basliklar"), findTestObject("Filtreler/Basliga_Gore_Textbox"), Filtre_Adi, Keys.chord(CONTROL, Keys.chord("a"), BACK_SPACE)): Method.TextDegerineEsitElementinAltindakiTextboxtaYaz is PASSED

2021-10-14 17:09:52 - [MESSAGE][INFO] - Finding Test Object 'Object Repository/Filtreler/Basliklar'

2021-10-14 17:09:52 - [MESSAGE][INFO] - Finding Test Object 'Object Repository/Filtreler/Basliga_Gore_Textbox'

2021-10-14 17:09:52 - [MESSAGE][INFO] - Checking timeout

2021-10-14 17:09:52 - [MESSAGE][INFO] - Finding web element with id: 'Object Repository/Filtreler/Basliklar' located by 'By.cssSelector: .control-label.col-sm-4.paddingMarginRLC' in '10' second(s)

2021-10-14 17:09:52 - [MESSAGE][INFO] - Smart Wait Function is triggered

2021-10-14 17:09:53 - [MESSAGE][INFO] - Found 19 web elements with id: 'Object Repository/Filtreler/Basliklar' located by 'By.cssSelector: .control-label.col-sm-4.paddingMarginRLC' in '10' second(s)

2021-10-14 17:09:53 - [MESSAGE][INFO] - Smart Wait Function is triggered

2021-10-14 17:09:53 - [MESSAGE][PASSED] - Method.TextDegerineEsitElementinAltindakiTextboxtaYaz is PASSED

2021-10-14 17:09:53 - [MESSAGE][PASSED] - Call Test Case 'Test Cases/Filtreler/filtreIcerigiSil' successfully

2021-10-14 17:09:53 - [MESSAGE][INFO] - Checking called Test Case

2021-10-14 17:09:53 - [MESSAGE][INFO] - Starting to call Test Case 'Test Cases/Filtreler/TexboxaYaz'

2021-10-14 17:09:53 - [TEST_CASE][PASSED] - Test Cases/Filtreler/TexboxaYaz: Test Cases/Filtreler/TexboxaYaz

2021-10-14 17:09:53 - [TEST_STEP][PASSED] - Method.TextDegerineEsitElementinAltindakiTextboxtaYaz(findTestObject("Filtreler/Basliklar"), findTestObject("Filtreler/Basliga_Gore_Textbox"), Filtre_Adi, Filtre_Degeri): Method.TextDegerineEsitElementinAltindakiTextboxtaYaz is PASSED

2021-10-14 17:09:53 - [MESSAGE][INFO] - Finding Test Object 'Object Repository/Filtreler/Basliklar'

2021-10-14 17:09:53 - [MESSAGE][INFO] - Finding Test Object 'Object Repository/Filtreler/Basliga_Gore_Textbox'

2021-10-14 17:09:53 - [MESSAGE][INFO] - Checking timeout

2021-10-14 17:09:53 - [MESSAGE][INFO] - Finding web element with id: 'Object Repository/Filtreler/Basliklar' located by 'By.cssSelector: .control-label.col-sm-4.paddingMarginRLC' in '10' second(s)

2021-10-14 17:09:53 - [MESSAGE][INFO] - Smart Wait Function is triggered

2021-10-14 17:09:54 - [MESSAGE][INFO] - Found 19 web elements with id: 'Object Repository/Filtreler/Basliklar' located by 'By.cssSelector: .control-label.col-sm-4.paddingMarginRLC' in '10' second(s)

2021-10-14 17:09:54 - [MESSAGE][INFO] - Smart Wait Function is triggered

2021-10-14 17:09:54 - [MESSAGE][PASSED] - Method.TextDegerineEsitElementinAltindakiTextboxtaYaz is PASSED

2021-10-14 17:09:54 - [MESSAGE][PASSED] - Call Test Case 'Test Cases/Filtreler/TexboxaYaz' successfully

2021-10-14 17:09:54 - [MESSAGE][INFO] - Checking called Test Case

2021-10-14 17:09:54 - [MESSAGE][INFO] - Starting to call Test Case 'Test Cases/Filtreler/ButonaTikla'

2021-10-14 17:09:54 - [TEST_CASE][PASSED] - Test Cases/Filtreler/ButonaTikla: Test Cases/Filtreler/ButonaTikla

2021-10-14 17:09:54 - [TEST_STEP][PASSED] - Method.TextDegerineEsitElementeTikla(findTestObject("Filtreler/Butonlar"), Filtre_Buton): Method.TextDegerineEsitElementeTikla is PASSED

2021-10-14 17:09:54 - [MESSAGE][INFO] - Finding Test Object 'Object Repository/Filtreler/Butonlar'

2021-10-14 17:09:54 - [MESSAGE][INFO] - Checking timeout

2021-10-14 17:09:54 - [MESSAGE][INFO] - Finding web element with id: 'Object Repository/Filtreler/Butonlar' located by 'By.cssSelector: .dxb>span' in '10' second(s)

2021-10-14 17:09:54 - [MESSAGE][INFO] - Smart Wait Function is triggered

2021-10-14 17:09:55 - [MESSAGE][INFO] - Found 3 web elements with id: 'Object Repository/Filtreler/Butonlar' located by 'By.cssSelector: .dxb>span' in '10' second(s)

2021-10-14 17:09:55 - [MESSAGE][PASSED] - Method.TextDegerineEsitElementeTikla is PASSED

2021-10-14 17:09:55 - [MESSAGE][PASSED] - Call Test Case 'Test Cases/Filtreler/ButonaTikla' successfully

2021-10-14 17:09:55 - [MESSAGE][INFO] - Checking called Test Case

2021-10-14 17:09:55 - [MESSAGE][INFO] - Starting to call Test Case 'Test Cases/Tablo/TablodaVeriVarMi'

2021-10-14 17:09:55 - [TEST_CASE][PASSED] - Test Cases/Tablo/TablodaVeriVarMi: Test Cases/Tablo/TablodaVeriVarMi

2021-10-14 17:09:55 - [TEST_STEP][PASSED] - verifyTextNotPresent("Görüntülenecek veri yok", true): Text 'Görüntülenecek veri yok' is not present on page using regular expression

2021-10-14 17:09:55 - [MESSAGE][INFO] - Checking text present  using regular expression

2021-10-14 17:09:55 - [MESSAGE][INFO] - Smart Wait Function is triggered

2021-10-14 17:09:56 - [MESSAGE][INFO] - Finding text 'Görüntülenecek veri yok' on page  using regular expression

2021-10-14 17:09:56 - [MESSAGE][PASSED] - Text 'Görüntülenecek veri yok' is not present on page using regular expression

2021-10-14 17:09:56 - [MESSAGE][PASSED] - Call Test Case 'Test Cases/Tablo/TablodaVeriVarMi' successfully

2021-10-14 17:09:56 - [MESSAGE][INFO] - Checking called Test Case

2021-10-14 17:09:56 - [MESSAGE][INFO] - Starting to call Test Case 'Test Cases/Filtreler/TexboxaYaz'

2021-10-14 17:09:56 - [TEST_CASE][PASSED] - Test Cases/Filtreler/TexboxaYaz: Test Cases/Filtreler/TexboxaYaz

2021-10-14 17:09:56 - [TEST_STEP][PASSED] - Method.TextDegerineEsitElementinAltindakiTextboxtaYaz(findTestObject("Filtreler/Basliklar"), findTestObject("Filtreler/Basliga_Gore_Textbox"), Filtre_Adi, Filtre_Degeri): Method.TextDegerineEsitElementinAltindakiTextboxtaYaz is PASSED

2021-10-14 17:09:56 - [MESSAGE][INFO] - Finding Test Object 'Object Repository/Filtreler/Basliklar'

2021-10-14 17:09:56 - [MESSAGE][INFO] - Finding Test Object 'Object Repository/Filtreler/Basliga_Gore_Textbox'

2021-10-14 17:09:56 - [MESSAGE][INFO] - Checking timeout

2021-10-14 17:09:56 - [MESSAGE][INFO] - Finding web element with id: 'Object Repository/Filtreler/Basliklar' located by 'By.cssSelector: .control-label.col-sm-4.paddingMarginRLC' in '10' second(s)

2021-10-14 17:09:56 - [MESSAGE][INFO] - Smart Wait Function is triggered

2021-10-14 17:09:57 - [MESSAGE][INFO] - Found 19 web elements with id: 'Object Repository/Filtreler/Basliklar' located by 'By.cssSelector: .control-label.col-sm-4.paddingMarginRLC' in '10' second(s)

2021-10-14 17:09:57 - [MESSAGE][INFO] - Smart Wait Function is triggered

2021-10-14 17:09:57 - [MESSAGE][PASSED] - Method.TextDegerineEsitElementinAltindakiTextboxtaYaz is PASSED

2021-10-14 17:09:57 - [MESSAGE][PASSED] - Call Test Case 'Test Cases/Filtreler/TexboxaYaz' successfully

2021-10-14 17:09:57 - [MESSAGE][INFO] - Checking called Test Case

2021-10-14 17:09:57 - [MESSAGE][INFO] - Starting to call Test Case 'Test Cases/Filtreler/ButonaTikla'

2021-10-14 17:09:57 - [TEST_CASE][PASSED] - Test Cases/Filtreler/ButonaTikla: Test Cases/Filtreler/ButonaTikla

2021-10-14 17:09:57 - [TEST_STEP][PASSED] - Method.TextDegerineEsitElementeTikla(findTestObject("Filtreler/Butonlar"), Filtre_Buton): Method.TextDegerineEsitElementeTikla is PASSED

2021-10-14 17:09:57 - [MESSAGE][INFO] - Finding Test Object 'Object Repository/Filtreler/Butonlar'

2021-10-14 17:09:57 - [MESSAGE][INFO] - Checking timeout

2021-10-14 17:09:57 - [MESSAGE][INFO] - Finding web element with id: 'Object Repository/Filtreler/Butonlar' located by 'By.cssSelector: .dxb>span' in '10' second(s)

2021-10-14 17:09:57 - [MESSAGE][INFO] - Smart Wait Function is triggered

2021-10-14 17:09:58 - [MESSAGE][INFO] - Found 3 web elements with id: 'Object Repository/Filtreler/Butonlar' located by 'By.cssSelector: .dxb>span' in '10' second(s)

2021-10-14 17:09:58 - [MESSAGE][PASSED] - Method.TextDegerineEsitElementeTikla is PASSED

2021-10-14 17:09:58 - [MESSAGE][PASSED] - Call Test Case 'Test Cases/Filtreler/ButonaTikla' successfully

2021-10-14 17:09:58 - [MESSAGE][INFO] - Checking called Test Case

2021-10-14 17:09:58 - [MESSAGE][INFO] - Starting to call Test Case 'Test Cases/Tablo/TablodaVeriVarMi'

2021-10-14 17:09:58 - [TEST_CASE][PASSED] - Test Cases/Tablo/TablodaVeriVarMi: Test Cases/Tablo/TablodaVeriVarMi

2021-10-14 17:09:58 - [TEST_STEP][PASSED] - verifyTextNotPresent("Görüntülenecek veri yok", true): Text 'Görüntülenecek veri yok' is not present on page using regular expression

2021-10-14 17:09:58 - [MESSAGE][INFO] - Checking text present  using regular expression

2021-10-14 17:09:58 - [MESSAGE][INFO] - Smart Wait Function is triggered

2021-10-14 17:09:59 - [MESSAGE][INFO] - Finding text 'Görüntülenecek veri yok' on page  using regular expression

2021-10-14 17:09:59 - [MESSAGE][PASSED] - Text 'Görüntülenecek veri yok' is not present on page using regular expression

2021-10-14 17:09:59 - [MESSAGE][PASSED] - Call Test Case 'Test Cases/Tablo/TablodaVeriVarMi' successfully

2021-10-14 17:09:59 - [MESSAGE][INFO] - Checking called Test Case

2021-10-14 17:09:59 - [MESSAGE][INFO] - Starting to call Test Case 'Test Cases/Filtreler/TexboxaYaz'

2021-10-14 17:09:59 - [TEST_CASE][PASSED] - Test Cases/Filtreler/TexboxaYaz: Test Cases/Filtreler/TexboxaYaz

2021-10-14 17:09:59 - [TEST_STEP][PASSED] - Method.TextDegerineEsitElementinAltindakiTextboxtaYaz(findTestObject("Filtreler/Basliklar"), findTestObject("Filtreler/Basliga_Gore_Textbox"), Filtre_Adi, Filtre_Degeri): Method.TextDegerineEsitElementinAltindakiTextboxtaYaz is PASSED

2021-10-14 17:09:59 - [MESSAGE][INFO] - Finding Test Object 'Object Repository/Filtreler/Basliklar'

2021-10-14 17:09:59 - [MESSAGE][INFO] - Finding Test Object 'Object Repository/Filtreler/Basliga_Gore_Textbox'

2021-10-14 17:09:59 - [MESSAGE][INFO] - Checking timeout

2021-10-14 17:09:59 - [MESSAGE][INFO] - Finding web element with id: 'Object Repository/Filtreler/Basliklar' located by 'By.cssSelector: .control-label.col-sm-4.paddingMarginRLC' in '10' second(s)

2021-10-14 17:09:59 - [MESSAGE][INFO] - Smart Wait Function is triggered

2021-10-14 17:09:59 - [MESSAGE][INFO] - Found 19 web elements with id: 'Object Repository/Filtreler/Basliklar' located by 'By.cssSelector: .control-label.col-sm-4.paddingMarginRLC' in '10' second(s)

2021-10-14 17:09:59 - [MESSAGE][INFO] - Smart Wait Function is triggered

2021-10-14 17:10:00 - [MESSAGE][PASSED] - Method.TextDegerineEsitElementinAltindakiTextboxtaYaz is PASSED

2021-10-14 17:10:00 - [MESSAGE][PASSED] - Call Test Case 'Test Cases/Filtreler/TexboxaYaz' successfully

2021-10-14 17:10:00 - [MESSAGE][INFO] - Checking called Test Case

2021-10-14 17:10:00 - [MESSAGE][INFO] - Starting to call Test Case 'Test Cases/Filtreler/ButonaTikla'

2021-10-14 17:10:00 - [TEST_CASE][PASSED] - Test Cases/Filtreler/ButonaTikla: Test Cases/Filtreler/ButonaTikla

2021-10-14 17:10:00 - [TEST_STEP][PASSED] - Method.TextDegerineEsitElementeTikla(findTestObject("Filtreler/Butonlar"), Filtre_Buton): Method.TextDegerineEsitElementeTikla is PASSED

2021-10-14 17:10:00 - [MESSAGE][INFO] - Finding Test Object 'Object Repository/Filtreler/Butonlar'

2021-10-14 17:10:00 - [MESSAGE][INFO] - Checking timeout

2021-10-14 17:10:00 - [MESSAGE][INFO] - Finding web element with id: 'Object Repository/Filtreler/Butonlar' located by 'By.cssSelector: .dxb>span' in '10' second(s)

2021-10-14 17:10:00 - [MESSAGE][INFO] - Smart Wait Function is triggered

2021-10-14 17:10:00 - [MESSAGE][INFO] - Found 3 web elements with id: 'Object Repository/Filtreler/Butonlar' located by 'By.cssSelector: .dxb>span' in '10' second(s)

2021-10-14 17:10:00 - [MESSAGE][PASSED] - Method.TextDegerineEsitElementeTikla is PASSED

2021-10-14 17:10:00 - [MESSAGE][PASSED] - Call Test Case 'Test Cases/Filtreler/ButonaTikla' successfully

2021-10-14 17:10:00 - [MESSAGE][INFO] - Checking called Test Case

2021-10-14 17:10:00 - [MESSAGE][INFO] - Starting to call Test Case 'Test Cases/Tablo/TablodaVeriVarMi'

2021-10-14 17:10:00 - [TEST_CASE][PASSED] - Test Cases/Tablo/TablodaVeriVarMi: Test Cases/Tablo/TablodaVeriVarMi

2021-10-14 17:10:00 - [TEST_STEP][PASSED] - verifyTextNotPresent("Görüntülenecek veri yok", true): Text 'Görüntülenecek veri yok' is not present on page using regular expression

2021-10-14 17:10:00 - [MESSAGE][INFO] - Checking text present  using regular expression

2021-10-14 17:10:00 - [MESSAGE][INFO] - Smart Wait Function is triggered

2021-10-14 17:10:02 - [MESSAGE][INFO] - Finding text 'Görüntülenecek veri yok' on page  using regular expression

2021-10-14 17:10:02 - [MESSAGE][PASSED] - Text 'Görüntülenecek veri yok' is not present on page using regular expression

2021-10-14 17:10:02 - [MESSAGE][PASSED] - Call Test Case 'Test Cases/Tablo/TablodaVeriVarMi' successfully

2021-10-14 17:10:02 - [MESSAGE][INFO] - Checking called Test Case

2021-10-14 17:10:02 - [MESSAGE][INFO] - Starting to call Test Case 'Test Cases/Filtreler/TexboxaYaz'

2021-10-14 17:10:02 - [TEST_CASE][PASSED] - Test Cases/Filtreler/TexboxaYaz: Test Cases/Filtreler/TexboxaYaz

2021-10-14 17:10:02 - [TEST_STEP][PASSED] - Method.TextDegerineEsitElementinAltindakiTextboxtaYaz(findTestObject("Filtreler/Basliklar"), findTestObject("Filtreler/Basliga_Gore_Textbox"), Filtre_Adi, Filtre_Degeri): Method.TextDegerineEsitElementinAltindakiTextboxtaYaz is PASSED

2021-10-14 17:10:02 - [MESSAGE][INFO] - Finding Test Object 'Object Repository/Filtreler/Basliklar'

2021-10-14 17:10:02 - [MESSAGE][INFO] - Finding Test Object 'Object Repository/Filtreler/Basliga_Gore_Textbox'

2021-10-14 17:10:02 - [MESSAGE][INFO] - Checking timeout

2021-10-14 17:10:02 - [MESSAGE][INFO] - Finding web element with id: 'Object Repository/Filtreler/Basliklar' located by 'By.cssSelector: .control-label.col-sm-4.paddingMarginRLC' in '10' second(s)

2021-10-14 17:10:02 - [MESSAGE][INFO] - Smart Wait Function is triggered

2021-10-14 17:10:02 - [MESSAGE][INFO] - Found 19 web elements with id: 'Object Repository/Filtreler/Basliklar' located by 'By.cssSelector: .control-label.col-sm-4.paddingMarginRLC' in '10' second(s)

2021-10-14 17:10:02 - [MESSAGE][INFO] - Smart Wait Function is triggered

2021-10-14 17:10:03 - [MESSAGE][PASSED] - Method.TextDegerineEsitElementinAltindakiTextboxtaYaz is PASSED

2021-10-14 17:10:03 - [MESSAGE][PASSED] - Call Test Case 'Test Cases/Filtreler/TexboxaYaz' successfully

2021-10-14 17:10:03 - [MESSAGE][INFO] - Checking called Test Case

2021-10-14 17:10:03 - [MESSAGE][INFO] - Starting to call Test Case 'Test Cases/Filtreler/ButonaTikla'

2021-10-14 17:10:03 - [TEST_CASE][PASSED] - Test Cases/Filtreler/ButonaTikla: Test Cases/Filtreler/ButonaTikla

2021-10-14 17:10:03 - [TEST_STEP][PASSED] - Method.TextDegerineEsitElementeTikla(findTestObject("Filtreler/Butonlar"), Filtre_Buton): Method.TextDegerineEsitElementeTikla is PASSED

2021-10-14 17:10:03 - [MESSAGE][INFO] - Finding Test Object 'Object Repository/Filtreler/Butonlar'

2021-10-14 17:10:03 - [MESSAGE][INFO] - Checking timeout

2021-10-14 17:10:03 - [MESSAGE][INFO] - Finding web element with id: 'Object Repository/Filtreler/Butonlar' located by 'By.cssSelector: .dxb>span' in '10' second(s)

2021-10-14 17:10:03 - [MESSAGE][INFO] - Smart Wait Function is triggered

2021-10-14 17:10:03 - [MESSAGE][INFO] - Found 3 web elements with id: 'Object Repository/Filtreler/Butonlar' located by 'By.cssSelector: .dxb>span' in '10' second(s)

2021-10-14 17:10:03 - [MESSAGE][PASSED] - Method.TextDegerineEsitElementeTikla is PASSED

2021-10-14 17:10:03 - [MESSAGE][PASSED] - Call Test Case 'Test Cases/Filtreler/ButonaTikla' successfully

2021-10-14 17:10:03 - [MESSAGE][INFO] - Checking called Test Case

2021-10-14 17:10:03 - [MESSAGE][INFO] - Starting to call Test Case 'Test Cases/Tablo/TablodaVeriVarMi'

2021-10-14 17:10:03 - [TEST_CASE][PASSED] - Test Cases/Tablo/TablodaVeriVarMi: Test Cases/Tablo/TablodaVeriVarMi

2021-10-14 17:10:03 - [TEST_STEP][PASSED] - verifyTextNotPresent("Görüntülenecek veri yok", true): Text 'Görüntülenecek veri yok' is not present on page using regular expression

2021-10-14 17:10:03 - [MESSAGE][INFO] - Checking text present  using regular expression

2021-10-14 17:10:03 - [MESSAGE][INFO] - Smart Wait Function is triggered

2021-10-14 17:10:04 - [MESSAGE][INFO] - Finding text 'Görüntülenecek veri yok' on page  using regular expression

2021-10-14 17:10:04 - [MESSAGE][PASSED] - Text 'Görüntülenecek veri yok' is not present on page using regular expression

2021-10-14 17:10:04 - [MESSAGE][PASSED] - Call Test Case 'Test Cases/Tablo/TablodaVeriVarMi' successfully

2021-10-14 17:10:04 - [MESSAGE][INFO] - Checking called Test Case

2021-10-14 17:10:04 - [MESSAGE][INFO] - Starting to call Test Case 'Test Cases/Kullanici_Islemleri/KullaniciIslemlerindenSecimYapilir'

2021-10-14 17:10:05 - [TEST_CASE][PASSED] - Test Cases/Kullanici_Islemleri/KullaniciIslemlerindenSecimYapilir: Test Cases/Kullanici_Islemleri/KullaniciIslemlerindenSecimYapilir

2021-10-14 17:10:05 - [TEST_STEP][PASSED] - waitForElementClickable(findTestObject("Object Repository/Kullanici_Islemleri/KullaniciIslemleri"), 10): Object 'Object Repository/Kullanici_Islemleri/KullaniciIslemleri' is clickable

2021-10-14 17:10:05 - [MESSAGE][INFO] - Finding Test Object 'Object Repository/Kullanici_Islemleri/KullaniciIslemleri'

2021-10-14 17:10:05 - [MESSAGE][INFO] - Checking object

2021-10-14 17:10:05 - [MESSAGE][INFO] - Checking timeout

2021-10-14 17:10:05 - [MESSAGE][INFO] - Finding web element from Test Object's properties

2021-10-14 17:10:05 - [MESSAGE][INFO] - Checking timeout

2021-10-14 17:10:05 - [MESSAGE][INFO] - Finding web element with id: 'Object Repository/Kullanici_Islemleri/KullaniciIslemleri' located by 'By.cssSelector: .dropdown>a>img' in '10' second(s)

2021-10-14 17:10:05 - [MESSAGE][INFO] - Smart Wait Function is triggered

2021-10-14 17:10:05 - [MESSAGE][INFO] - Found 1 web elements with id: 'Object Repository/Kullanici_Islemleri/KullaniciIslemleri' located by 'By.cssSelector: .dropdown>a>img' in '10' second(s)

2021-10-14 17:10:05 - [MESSAGE][PASSED] - Object 'Object Repository/Kullanici_Islemleri/KullaniciIslemleri' is clickable

2021-10-14 17:10:05 - [TEST_STEP][PASSED] - click(findTestObject("Object Repository/Kullanici_Islemleri/KullaniciIslemleri")): Object: 'Object Repository/Kullanici_Islemleri/KullaniciIslemleri' is clicked on

2021-10-14 17:10:05 - [MESSAGE][INFO] - Finding Test Object 'Object Repository/Kullanici_Islemleri/KullaniciIslemleri'

2021-10-14 17:10:05 - [MESSAGE][INFO] - Checking object

2021-10-14 17:10:05 - [MESSAGE][INFO] - Finding web element from Test Object's properties

2021-10-14 17:10:05 - [MESSAGE][INFO] - Checking timeout

2021-10-14 17:10:05 - [MESSAGE][INFO] - Finding web element with id: 'Object Repository/Kullanici_Islemleri/KullaniciIslemleri' located by 'By.cssSelector: .dropdown>a>img' in '30' second(s)

2021-10-14 17:10:05 - [MESSAGE][INFO] - Smart Wait Function is triggered

2021-10-14 17:10:05 - [MESSAGE][INFO] - Found 1 web elements with id: 'Object Repository/Kullanici_Islemleri/KullaniciIslemleri' located by 'By.cssSelector: .dropdown>a>img' in '30' second(s)

2021-10-14 17:10:05 - [MESSAGE][INFO] - Clicking on object: 'Object Repository/Kullanici_Islemleri/KullaniciIslemleri'

2021-10-14 17:10:05 - [MESSAGE][PASSED] - Object: 'Object Repository/Kullanici_Islemleri/KullaniciIslemleri' is clicked on

2021-10-14 17:10:05 - [TEST_STEP][PASSED] - Method.TextDegerineEsitElementeTikla(findTestObject("Object Repository/Kullanici_Islemleri/Secenekler"), Islem): Method.TextDegerineEsitElementeTikla is PASSED

2021-10-14 17:10:05 - [MESSAGE][INFO] - Finding Test Object 'Object Repository/Kullanici_Islemleri/Secenekler'

2021-10-14 17:10:06 - [MESSAGE][INFO] - Checking timeout

2021-10-14 17:10:06 - [MESSAGE][INFO] - Finding web element with id: 'Object Repository/Kullanici_Islemleri/Secenekler' located by 'By.cssSelector: .nav.navbar-nav.navbar-right li a' in '10' second(s)

2021-10-14 17:10:06 - [MESSAGE][INFO] - Smart Wait Function is triggered

2021-10-14 17:10:06 - [MESSAGE][INFO] - Found 22 web elements with id: 'Object Repository/Kullanici_Islemleri/Secenekler' located by 'By.cssSelector: .nav.navbar-nav.navbar-right li a' in '10' second(s)

2021-10-14 17:10:08 - [MESSAGE][PASSED] - Method.TextDegerineEsitElementeTikla is PASSED

2021-10-14 17:10:08 - [TEST_STEP][PASSED] - verifyElementNotPresent(findTestObject("Object Repository/Kullanici_Islemleri/Secenekler"), 10): Web element with id: 'Object Repository/Kullanici_Islemleri/Secenekler' located by 'By.cssSelector: .nav.navbar-nav.navbar-right li a' is not present after '10' second(s)

2021-10-14 17:10:08 - [MESSAGE][INFO] - Finding Test Object 'Object Repository/Kullanici_Islemleri/Secenekler'

2021-10-14 17:10:08 - [MESSAGE][INFO] - Checking object

2021-10-14 17:10:08 - [MESSAGE][INFO] - Checking timeout

2021-10-14 17:10:08 - [MESSAGE][INFO] - Finding web element with id: 'Object Repository/Kullanici_Islemleri/Secenekler' located by 'By.cssSelector: .nav.navbar-nav.navbar-right li a' in '10' second(s)

2021-10-14 17:10:08 - [MESSAGE][INFO] - Smart Wait Function is triggered

2021-10-14 17:10:08 - [MESSAGE][PASSED] - Web element with id: 'Object Repository/Kullanici_Islemleri/Secenekler' located by 'By.cssSelector: .nav.navbar-nav.navbar-right li a' is not present after '10' second(s)

2021-10-14 17:10:08 - [MESSAGE][PASSED] - Call Test Case 'Test Cases/Kullanici_Islemleri/KullaniciIslemlerindenSecimYapilir' successfully

2021-10-14 17:10:08 - [TEST_CASE][PASSED] - Start Test Case : SCENARIO Gelen Kutusu Faturalar Buton Kontrolu: SCENARIO Gelen Kutusu Faturalar Buton Kontrolu

2021-10-14 17:10:08 - [TEST_STEP][PASSED] - Kullanıcı adı ELOGO6 ve Şifre 123456 olarak giriş yapılır: Kullanıcı adı ELOGO6 ve Şifre 123456 olarak giriş yapılır

2021-10-14 17:10:08 - [MESSAGE][PASSED] - Kullanıcı adı ELOGO6 ve Şifre 123456 olarak giriş yapılır

2021-10-14 17:10:08 - [TEST_STEP][PASSED] - Ana menüden e-Fatura seçilir: Ana menüden e-Fatura seçilir

2021-10-14 17:10:08 - [MESSAGE][PASSED] - Ana menüden e-Fatura seçilir

2021-10-14 17:10:08 - [TEST_STEP][PASSED] - Alt menü Gelen Kutusu başlığı altındaki Faturalar seçilir: Alt menü Gelen Kutusu başlığı altındaki Faturalar seçilir

2021-10-14 17:10:08 - [MESSAGE][PASSED] - Alt menü Gelen Kutusu başlığı altındaki Faturalar seçilir

2021-10-14 17:10:08 - [TEST_STEP][PASSED] - Filtrelerden Oluşturma Tarihi filtresine 01.01.2020 baslangic degerini yaz: Filtrelerden Oluşturma Tarihi filtresine 01.01.2020 baslangic degerini yaz

2021-10-14 17:10:08 - [MESSAGE][PASSED] - Filtrelerden Oluşturma Tarihi filtresine 01.01.2020 baslangic degerini yaz

2021-10-14 17:10:08 - [TEST_STEP][PASSED] - Filtrelerden Oluşturma Tarihi filtresine 31.01.2020 bitis degerini yaz: Filtrelerden Oluşturma Tarihi filtresine 31.01.2020 bitis degerini yaz

2021-10-14 17:10:08 - [MESSAGE][PASSED] - Filtrelerden Oluşturma Tarihi filtresine 31.01.2020 bitis degerini yaz

2021-10-14 17:10:08 - [TEST_STEP][PASSED] - Filtre butonlarından Listele seçilir: Filtre butonlarından Listele seçilir

2021-10-14 17:10:08 - [MESSAGE][PASSED] - Filtre butonlarından Listele seçilir

2021-10-14 17:10:08 - [TEST_STEP][PASSED] - Tablodan Logo Elektronik GIB Test isimli verinin detayı tıklanır: Tablodan Logo Elektronik GIB Test isimli verinin detayı tıklanır

2021-10-14 17:10:08 - [MESSAGE][PASSED] - Tablodan Logo Elektronik GIB Test isimli verinin detayı tıklanır

2021-10-14 17:10:08 - [TEST_STEP][PASSED] - Tablodan Logo Elektronik GIB Test isimli verinin detayı tıklanır: Tablodan Logo Elektronik GIB Test isimli verinin detayı tıklanır

2021-10-14 17:10:08 - [MESSAGE][PASSED] - Tablodan Logo Elektronik GIB Test isimli verinin detayı tıklanır

2021-10-14 17:10:08 - [TEST_STEP][PASSED] - Listelenen öğe sayısı Sayfa 1 / 2 (11 öğe) mi: Listelenen öğe sayısı Sayfa 1 / 2 (11 öğe) mi

2021-10-14 17:10:08 - [MESSAGE][PASSED] - Listelenen öğe sayısı Sayfa 1 / 2 (11 öğe) mi

2021-10-14 17:10:08 - [TEST_STEP][PASSED] - Anasayfaya geri dönülür: Anasayfaya geri dönülür

2021-10-14 17:10:08 - [MESSAGE][PASSED] - Anasayfaya geri dönülür

2021-10-14 17:10:08 - [TEST_STEP][PASSED] - Ana menüden e-Fatura seçilir: Ana menüden e-Fatura seçilir

2021-10-14 17:10:08 - [MESSAGE][PASSED] - Ana menüden e-Fatura seçilir

2021-10-14 17:10:08 - [TEST_STEP][PASSED] - Alt menü Gelen Kutusu başlığı altındaki Faturalar seçilir: Alt menü Gelen Kutusu başlığı altındaki Faturalar seçilir

2021-10-14 17:10:08 - [MESSAGE][PASSED] - Alt menü Gelen Kutusu başlığı altındaki Faturalar seçilir

2021-10-14 17:10:08 - [TEST_STEP][PASSED] - Filtrelerden Oluşturma Tarihi filtresine 01.01.2020 baslangic degerini yaz: Filtrelerden Oluşturma Tarihi filtresine 01.01.2020 baslangic degerini yaz

2021-10-14 17:10:08 - [MESSAGE][PASSED] - Filtrelerden Oluşturma Tarihi filtresine 01.01.2020 baslangic degerini yaz

2021-10-14 17:10:08 - [TEST_STEP][PASSED] - Filtrelerden Oluşturma Tarihi filtresine 31.01.2020 bitis degerini yaz: Filtrelerden Oluşturma Tarihi filtresine 31.01.2020 bitis degerini yaz

2021-10-14 17:10:08 - [MESSAGE][PASSED] - Filtrelerden Oluşturma Tarihi filtresine 31.01.2020 bitis degerini yaz

2021-10-14 17:10:08 - [TEST_STEP][PASSED] - Filtrelerden Fatura Tarihi filtresine 28.01.2020 baslangic degerini yaz: Filtrelerden Fatura Tarihi filtresine 28.01.2020 baslangic degerini yaz

2021-10-14 17:10:08 - [MESSAGE][PASSED] - Filtrelerden Fatura Tarihi filtresine 28.01.2020 baslangic degerini yaz

2021-10-14 17:10:08 - [TEST_STEP][PASSED] - Filtrelerden Fatura Tarihi filtresine 30.01.2020 bitis degerini yaz: Filtrelerden Fatura Tarihi filtresine 30.01.2020 bitis degerini yaz

2021-10-14 17:10:08 - [MESSAGE][PASSED] - Filtrelerden Fatura Tarihi filtresine 30.01.2020 bitis degerini yaz

2021-10-14 17:10:08 - [TEST_STEP][PASSED] - Filtre butonlarından Listele seçilir: Filtre butonlarından Listele seçilir

2021-10-14 17:10:08 - [MESSAGE][PASSED] - Filtre butonlarından Listele seçilir

2021-10-14 17:10:08 - [TEST_STEP][PASSED] - Listelenen öğe sayısı Sayfa 1 / 1 (1 öğe) mi: Listelenen öğe sayısı Sayfa 1 / 1 (1 öğe) mi

2021-10-14 17:10:08 - [MESSAGE][PASSED] - Listelenen öğe sayısı Sayfa 1 / 1 (1 öğe) mi

2021-10-14 17:10:08 - [TEST_STEP][PASSED] - Filtre alanlarında Gönderici Ünvanı var mı: Filtre alanlarında Gönderici Ünvanı var mı

2021-10-14 17:10:08 - [MESSAGE][PASSED] - Filtre alanlarında Gönderici Ünvanı var mı

2021-10-14 17:10:08 - [TEST_STEP][PASSED] - Filtre alanlarında Oluşturma Tarihi var mı: Filtre alanlarında Oluşturma Tarihi var mı

2021-10-14 17:10:08 - [MESSAGE][PASSED] - Filtre alanlarında Oluşturma Tarihi var mı

2021-10-14 17:10:08 - [TEST_STEP][PASSED] - Filtre alanlarında Uygulama Yanıtı var mı: Filtre alanlarında Uygulama Yanıtı var mı

2021-10-14 17:10:08 - [MESSAGE][PASSED] - Filtre alanlarında Uygulama Yanıtı var mı

2021-10-14 17:10:08 - [TEST_STEP][PASSED] - Filtre alanlarında Tür var mı: Filtre alanlarında Tür var mı

2021-10-14 17:10:08 - [MESSAGE][PASSED] - Filtre alanlarında Tür var mı

2021-10-14 17:10:08 - [TEST_STEP][PASSED] - Filtre alanlarında Toplam Tutar var mı: Filtre alanlarında Toplam Tutar var mı

2021-10-14 17:10:08 - [MESSAGE][PASSED] - Filtre alanlarında Toplam Tutar var mı

2021-10-14 17:10:08 - [TEST_STEP][PASSED] - Filtre alanlarında Belge Statüsü var mı: Filtre alanlarında Belge Statüsü var mı

2021-10-14 17:10:08 - [MESSAGE][PASSED] - Filtre alanlarında Belge Statüsü var mı

2021-10-14 17:10:08 - [TEST_STEP][PASSED] - Filtre alanlarında Fatura No var mı: Filtre alanlarında Fatura No var mı

2021-10-14 17:10:08 - [MESSAGE][PASSED] - Filtre alanlarında Fatura No var mı

2021-10-14 17:10:08 - [TEST_STEP][PASSED] - Filtre alanlarında Gönd. VKN/TCKN var mı: Filtre alanlarında Gönd. VKN/TCKN var mı

2021-10-14 17:10:08 - [MESSAGE][PASSED] - Filtre alanlarında Gönd. VKN/TCKN var mı

2021-10-14 17:10:08 - [TEST_STEP][PASSED] - Filtre alanlarında Fatura Tarihi var mı: Filtre alanlarında Fatura Tarihi var mı

2021-10-14 17:10:08 - [MESSAGE][PASSED] - Filtre alanlarında Fatura Tarihi var mı

2021-10-14 17:10:08 - [TEST_STEP][PASSED] - Filtre alanlarında Zarf ETTN var mı: Filtre alanlarında Zarf ETTN var mı

2021-10-14 17:10:08 - [MESSAGE][PASSED] - Filtre alanlarında Zarf ETTN var mı

2021-10-14 17:10:08 - [TEST_STEP][PASSED] - Filtre alanlarında Kullanıcı Kodu var mı: Filtre alanlarında Kullanıcı Kodu var mı

2021-10-14 17:10:08 - [MESSAGE][PASSED] - Filtre alanlarında Kullanıcı Kodu var mı

2021-10-14 17:10:08 - [TEST_STEP][PASSED] - Filtre alanlarında Atanan Departman var mı: Filtre alanlarında Atanan Departman var mı

2021-10-14 17:10:08 - [MESSAGE][PASSED] - Filtre alanlarında Atanan Departman var mı

2021-10-14 17:10:08 - [TEST_STEP][PASSED] - Filtre alanlarında Fatura ETTN var mı: Filtre alanlarında Fatura ETTN var mı

2021-10-14 17:10:08 - [MESSAGE][PASSED] - Filtre alanlarında Fatura ETTN var mı

2021-10-14 17:10:08 - [TEST_STEP][PASSED] - Filtre alanlarında Senaryo var mı: Filtre alanlarında Senaryo var mı

2021-10-14 17:10:08 - [MESSAGE][PASSED] - Filtre alanlarında Senaryo var mı

2021-10-14 17:10:08 - [TEST_STEP][PASSED] - Filtre alanlarında Okunma Durumu var mı: Filtre alanlarında Okunma Durumu var mı

2021-10-14 17:10:08 - [MESSAGE][PASSED] - Filtre alanlarında Okunma Durumu var mı

2021-10-14 17:10:08 - [TEST_STEP][PASSED] - Filtre alanlarında Para Birimi var mı: Filtre alanlarında Para Birimi var mı

2021-10-14 17:10:08 - [MESSAGE][PASSED] - Filtre alanlarında Para Birimi var mı

2021-10-14 17:10:08 - [TEST_STEP][PASSED] - Filtre alanlarında Tüm Hesaplar var mı: Filtre alanlarında Tüm Hesaplar var mı

2021-10-14 17:10:08 - [MESSAGE][PASSED] - Filtre alanlarında Tüm Hesaplar var mı

2021-10-14 17:10:08 - [TEST_STEP][PASSED] - Filtre butonlarında Filtreleri Kaydet var mı: Filtre butonlarında Filtreleri Kaydet var mı

2021-10-14 17:10:08 - [MESSAGE][PASSED] - Filtre butonlarında Filtreleri Kaydet var mı

2021-10-14 17:10:08 - [TEST_STEP][PASSED] - Filtre butonlarında Listele var mı: Filtre butonlarında Listele var mı

2021-10-14 17:10:08 - [MESSAGE][PASSED] - Filtre butonlarında Listele var mı

2021-10-14 17:10:08 - [TEST_STEP][PASSED] - Filtre butonlarında Temizle var mı: Filtre butonlarında Temizle var mı

2021-10-14 17:10:08 - [MESSAGE][PASSED] - Filtre butonlarında Temizle var mı

2021-10-14 17:10:08 - [TEST_STEP][PASSED] - Butonlardan Excel var mı: Butonlardan Excel var mı

2021-10-14 17:10:08 - [MESSAGE][PASSED] - Butonlardan Excel var mı

2021-10-14 17:10:08 - [TEST_STEP][PASSED] - Butonlardan Toplu İndirme var mı: Butonlardan Toplu İndirme var mı

2021-10-14 17:10:08 - [MESSAGE][PASSED] - Butonlardan Toplu İndirme var mı

2021-10-14 17:10:08 - [TEST_STEP][PASSED] - Butonlardan UBL var mı: Butonlardan UBL var mı

2021-10-14 17:10:08 - [MESSAGE][PASSED] - Butonlardan UBL var mı

2021-10-14 17:10:08 - [TEST_STEP][PASSED] - Butonlardan PDF var mı: Butonlardan PDF var mı

2021-10-14 17:10:08 - [MESSAGE][PASSED] - Butonlardan PDF var mı

2021-10-14 17:10:08 - [TEST_STEP][PASSED] - Butonlardan Varsayılan İle Göster var mı: Butonlardan Varsayılan İle Göster var mı

2021-10-14 17:10:08 - [MESSAGE][PASSED] - Butonlardan Varsayılan İle Göster var mı

2021-10-14 17:10:08 - [TEST_STEP][PASSED] - Butonlardan Sertifika var mı: Butonlardan Sertifika var mı

2021-10-14 17:10:08 - [MESSAGE][PASSED] - Butonlardan Sertifika var mı

2021-10-14 17:10:08 - [TEST_STEP][PASSED] - Butonlardan Yazdır var mı: Butonlardan Yazdır var mı

2021-10-14 17:10:08 - [MESSAGE][PASSED] - Butonlardan Yazdır var mı

2021-10-14 17:10:08 - [TEST_STEP][PASSED] - Butonlardan Yanıt Gönder var mı: Butonlardan Yanıt Gönder var mı

2021-10-14 17:10:08 - [MESSAGE][PASSED] - Butonlardan Yanıt Gönder var mı

2021-10-14 17:10:08 - [TEST_STEP][PASSED] - Butonlardan İzleme Kayıtları var mı: Butonlardan İzleme Kayıtları var mı

2021-10-14 17:10:08 - [MESSAGE][PASSED] - Butonlardan İzleme Kayıtları var mı

2021-10-14 17:10:08 - [TEST_STEP][PASSED] - Butonlardan İptal Et var mı: Butonlardan İptal Et var mı

2021-10-14 17:10:08 - [MESSAGE][PASSED] - Butonlardan İptal Et var mı

2021-10-14 17:10:08 - [TEST_STEP][PASSED] - Butonlardan Departman Ata var mı: Butonlardan Departman Ata var mı

2021-10-14 17:10:08 - [MESSAGE][PASSED] - Butonlardan Departman Ata var mı

2021-10-14 17:10:08 - [TEST_STEP][PASSED] - Butonlardan Departman Geri Al var mı: Butonlardan Departman Geri Al var mı

2021-10-14 17:10:08 - [MESSAGE][PASSED] - Butonlardan Departman Geri Al var mı

2021-10-14 17:10:08 - [TEST_STEP][PASSED] - Butonlardan Statü Ata var mı: Butonlardan Statü Ata var mı

2021-10-14 17:10:08 - [MESSAGE][PASSED] - Butonlardan Statü Ata var mı

2021-10-14 17:10:08 - [TEST_STEP][PASSED] - Butonlardan Excel isimli butona tıklanır: Butonlardan Excel isimli butona tıklanır

2021-10-14 17:10:08 - [MESSAGE][PASSED] - Butonlardan Excel isimli butona tıklanır

2021-10-14 17:10:08 - [TEST_STEP][PASSED] - Alt butonlardan Excel'e Aktar var mı: Alt butonlardan Excel'e Aktar var mı

2021-10-14 17:10:08 - [MESSAGE][PASSED] - Alt butonlardan Excel'e Aktar var mı

2021-10-14 17:10:08 - [TEST_STEP][PASSED] - Alt butonlardan Tümünü Excel'e Aktar var mı: Alt butonlardan Tümünü Excel'e Aktar var mı

2021-10-14 17:10:08 - [MESSAGE][PASSED] - Alt butonlardan Tümünü Excel'e Aktar var mı

2021-10-14 17:10:08 - [TEST_STEP][PASSED] - Butonlardan Toplu İndirme isimli butona tıklanır: Butonlardan Toplu İndirme isimli butona tıklanır

2021-10-14 17:10:08 - [MESSAGE][PASSED] - Butonlardan Toplu İndirme isimli butona tıklanır

2021-10-14 17:10:08 - [TEST_STEP][PASSED] - Alt butonlardan PDF Seçilenleri İndir var mı: Alt butonlardan PDF Seçilenleri İndir var mı

2021-10-14 17:10:08 - [MESSAGE][PASSED] - Alt butonlardan PDF Seçilenleri İndir var mı

2021-10-14 17:10:08 - [TEST_STEP][PASSED] - Alt butonlardan PDF Tümünü İndir var mı: Alt butonlardan PDF Tümünü İndir var mı

2021-10-14 17:10:08 - [MESSAGE][PASSED] - Alt butonlardan PDF Tümünü İndir var mı

2021-10-14 17:10:08 - [TEST_STEP][PASSED] - Alt butonlardan UBL Seçilenleri İndir var mı: Alt butonlardan UBL Seçilenleri İndir var mı

2021-10-14 17:10:08 - [MESSAGE][PASSED] - Alt butonlardan UBL Seçilenleri İndir var mı

2021-10-14 17:10:08 - [TEST_STEP][PASSED] - Alt butonlardan UBL Tümünü İndir var mı: Alt butonlardan UBL Tümünü İndir var mı

2021-10-14 17:10:08 - [MESSAGE][PASSED] - Alt butonlardan UBL Tümünü İndir var mı

2021-10-14 17:10:08 - [TEST_STEP][PASSED] - Butonlardan UBL isimli butona tıklanır: Butonlardan UBL isimli butona tıklanır

2021-10-14 17:10:08 - [MESSAGE][PASSED] - Butonlardan UBL isimli butona tıklanır

2021-10-14 17:10:08 - [TEST_STEP][PASSED] - Alt butonlardan Göster var mı: Alt butonlardan Göster var mı

2021-10-14 17:10:08 - [MESSAGE][PASSED] - Alt butonlardan Göster var mı

2021-10-14 17:10:08 - [TEST_STEP][PASSED] - Alt butonlardan İndir var mı: Alt butonlardan İndir var mı

2021-10-14 17:10:08 - [MESSAGE][PASSED] - Alt butonlardan İndir var mı

2021-10-14 17:10:08 - [TEST_STEP][PASSED] - Butonlardan PDF isimli butona tıklanır: Butonlardan PDF isimli butona tıklanır

2021-10-14 17:10:08 - [MESSAGE][PASSED] - Butonlardan PDF isimli butona tıklanır

2021-10-14 17:10:08 - [TEST_STEP][PASSED] - Alt butonlardan Göster var mı: Alt butonlardan Göster var mı

2021-10-14 17:10:08 - [MESSAGE][PASSED] - Alt butonlardan Göster var mı

2021-10-14 17:10:08 - [TEST_STEP][PASSED] - Alt butonlardan İndir var mı: Alt butonlardan İndir var mı

2021-10-14 17:10:08 - [MESSAGE][PASSED] - Alt butonlardan İndir var mı

2021-10-14 17:10:08 - [TEST_STEP][PASSED] - Butonlardan Statü Ata isimli butona tıklanır: Butonlardan Statü Ata isimli butona tıklanır

2021-10-14 17:10:08 - [MESSAGE][PASSED] - Butonlardan Statü Ata isimli butona tıklanır

2021-10-14 17:10:08 - [TEST_STEP][PASSED] - Alt butonlardan Öndeğer var mı: Alt butonlardan Öndeğer var mı

2021-10-14 17:10:08 - [MESSAGE][PASSED] - Alt butonlardan Öndeğer var mı

2021-10-14 17:10:08 - [TEST_STEP][PASSED] - Alt butonlardan pahabicilemez var mı: Alt butonlardan pahabicilemez var mı

2021-10-14 17:10:08 - [MESSAGE][PASSED] - Alt butonlardan pahabicilemez var mı

2021-10-14 17:10:08 - [TEST_STEP][PASSED] - Anasayfaya geri dönülür: Anasayfaya geri dönülür

2021-10-14 17:10:08 - [MESSAGE][PASSED] - Anasayfaya geri dönülür

2021-10-14 17:10:08 - [TEST_STEP][PASSED] - Ana menüden e-Fatura seçilir: Ana menüden e-Fatura seçilir

2021-10-14 17:10:08 - [MESSAGE][PASSED] - Ana menüden e-Fatura seçilir

2021-10-14 17:10:08 - [TEST_STEP][PASSED] - Alt menü Gelen Kutusu başlığı altındaki Faturalar seçilir: Alt menü Gelen Kutusu başlığı altındaki Faturalar seçilir

2021-10-14 17:10:08 - [MESSAGE][PASSED] - Alt menü Gelen Kutusu başlığı altındaki Faturalar seçilir

2021-10-14 17:10:08 - [TEST_STEP][PASSED] - Filtrelerden Oluşturma Tarihi filtresine 01.01.2020 baslangic degerini yaz: Filtrelerden Oluşturma Tarihi filtresine 01.01.2020 baslangic degerini yaz

2021-10-14 17:10:08 - [MESSAGE][PASSED] - Filtrelerden Oluşturma Tarihi filtresine 01.01.2020 baslangic degerini yaz

2021-10-14 17:10:08 - [TEST_STEP][PASSED] - Filtrelerden Oluşturma Tarihi filtresine 31.01.2020 bitis degerini yaz: Filtrelerden Oluşturma Tarihi filtresine 31.01.2020 bitis degerini yaz

2021-10-14 17:10:08 - [MESSAGE][PASSED] - Filtrelerden Oluşturma Tarihi filtresine 31.01.2020 bitis degerini yaz

2021-10-14 17:10:08 - [TEST_STEP][PASSED] - Filtrelerden Gönderici Ünvanı filtresine ADORE OYUNCAK VE EĞİTİM ARAÇLARI SAN TİC A.Ş textini yaz: Filtrelerden Gönderici Ünvanı filtresine ADORE OYUNCAK VE EĞİTİM ARAÇLARI SAN TİC A.Ş textini yaz

2021-10-14 17:10:08 - [MESSAGE][PASSED] - Filtrelerden Gönderici Ünvanı filtresine ADORE OYUNCAK VE EĞİTİM ARAÇLARI SAN TİC A.Ş textini yaz

2021-10-14 17:10:08 - [TEST_STEP][PASSED] - Filtre butonlarından Listele seçilir: Filtre butonlarından Listele seçilir

2021-10-14 17:10:08 - [MESSAGE][PASSED] - Filtre butonlarından Listele seçilir

2021-10-14 17:10:08 - [TEST_STEP][PASSED] - Tabloda veri var mı kontrol edilir: Tabloda veri var mı kontrol edilir

2021-10-14 17:10:08 - [MESSAGE][PASSED] - Tabloda veri var mı kontrol edilir

2021-10-14 17:10:08 - [TEST_STEP][PASSED] - Filtrelerden Gönderici Ünvanı filtresine ADORE OYUNCAK VE EĞİTİM ARAÇLARI SAN textini yaz: Filtrelerden Gönderici Ünvanı filtresine ADORE OYUNCAK VE EĞİTİM ARAÇLARI SAN textini yaz

2021-10-14 17:10:08 - [MESSAGE][PASSED] - Filtrelerden Gönderici Ünvanı filtresine ADORE OYUNCAK VE EĞİTİM ARAÇLARI SAN textini yaz

2021-10-14 17:10:08 - [TEST_STEP][PASSED] - Filtre butonlarından Listele seçilir: Filtre butonlarından Listele seçilir

2021-10-14 17:10:08 - [MESSAGE][PASSED] - Filtre butonlarından Listele seçilir

2021-10-14 17:10:08 - [TEST_STEP][PASSED] - Tabloda veri var mı kontrol edilir: Tabloda veri var mı kontrol edilir

2021-10-14 17:10:08 - [MESSAGE][PASSED] - Tabloda veri var mı kontrol edilir

2021-10-14 17:10:08 - [TEST_STEP][PASSED] - Filtrelerden Gönderici Ünvanı filtresine *EĞİTİM ARAÇLARI SAN TİC A.Ş textini yaz: Filtrelerden Gönderici Ünvanı filtresine *EĞİTİM ARAÇLARI SAN TİC A.Ş textini yaz

2021-10-14 17:10:08 - [MESSAGE][PASSED] - Filtrelerden Gönderici Ünvanı filtresine *EĞİTİM ARAÇLARI SAN TİC A.Ş textini yaz

2021-10-14 17:10:08 - [TEST_STEP][PASSED] - Filtre butonlarından Listele seçilir: Filtre butonlarından Listele seçilir

2021-10-14 17:10:08 - [MESSAGE][PASSED] - Filtre butonlarından Listele seçilir

2021-10-14 17:10:08 - [TEST_STEP][PASSED] - Tabloda veri var mı kontrol edilir: Tabloda veri var mı kontrol edilir

2021-10-14 17:10:08 - [MESSAGE][PASSED] - Tabloda veri var mı kontrol edilir

2021-10-14 17:10:08 - [TEST_STEP][PASSED] - Filtrelerden Gönderici Ünvanı filtresine ADORE OYUNCAK* textini yaz: Filtrelerden Gönderici Ünvanı filtresine ADORE OYUNCAK* textini yaz

2021-10-14 17:10:08 - [MESSAGE][PASSED] - Filtrelerden Gönderici Ünvanı filtresine ADORE OYUNCAK* textini yaz

2021-10-14 17:10:08 - [TEST_STEP][PASSED] - Filtre butonlarından Listele seçilir: Filtre butonlarından Listele seçilir

2021-10-14 17:10:08 - [MESSAGE][PASSED] - Filtre butonlarından Listele seçilir

2021-10-14 17:10:08 - [TEST_STEP][PASSED] - Tabloda veri var mı kontrol edilir: Tabloda veri var mı kontrol edilir

2021-10-14 17:10:08 - [MESSAGE][PASSED] - Tabloda veri var mı kontrol edilir

2021-10-14 17:10:08 - [TEST_STEP][PASSED] - Filtrelerden Gönderici Ünvanı filtresine *OYUNCAK* textini yaz: Filtrelerden Gönderici Ünvanı filtresine *OYUNCAK* textini yaz

2021-10-14 17:10:08 - [MESSAGE][PASSED] - Filtrelerden Gönderici Ünvanı filtresine *OYUNCAK* textini yaz

2021-10-14 17:10:08 - [TEST_STEP][PASSED] - Filtre butonlarından Listele seçilir: Filtre butonlarından Listele seçilir

2021-10-14 17:10:08 - [MESSAGE][PASSED] - Filtre butonlarından Listele seçilir

2021-10-14 17:10:08 - [TEST_STEP][PASSED] - Tabloda veri var mı kontrol edilir: Tabloda veri var mı kontrol edilir

2021-10-14 17:10:08 - [MESSAGE][PASSED] - Tabloda veri var mı kontrol edilir

2021-10-14 17:10:08 - [TEST_STEP][PASSED] - Filtrelerden Gönderici Ünvanı filtresinin iceriğini sil: Filtrelerden Gönderici Ünvanı filtresinin iceriğini sil

2021-10-14 17:10:08 - [MESSAGE][PASSED] - Filtrelerden Gönderici Ünvanı filtresinin iceriğini sil

2021-10-14 17:10:08 - [TEST_STEP][PASSED] - Filtrelerden Gönd. VKN/TCKN filtresine 6090408038 textini yaz: Filtrelerden Gönd. VKN/TCKN filtresine 6090408038 textini yaz

2021-10-14 17:10:08 - [MESSAGE][PASSED] - Filtrelerden Gönd. VKN/TCKN filtresine 6090408038 textini yaz

2021-10-14 17:10:08 - [TEST_STEP][PASSED] - Filtre butonlarından Listele seçilir: Filtre butonlarından Listele seçilir

2021-10-14 17:10:08 - [MESSAGE][PASSED] - Filtre butonlarından Listele seçilir

2021-10-14 17:10:08 - [TEST_STEP][PASSED] - Tabloda veri var mı kontrol edilir: Tabloda veri var mı kontrol edilir

2021-10-14 17:10:08 - [MESSAGE][PASSED] - Tabloda veri var mı kontrol edilir

2021-10-14 17:10:08 - [TEST_STEP][PASSED] - Filtrelerden Gönd. VKN/TCKN filtresine *90408038 textini yaz: Filtrelerden Gönd. VKN/TCKN filtresine *90408038 textini yaz

2021-10-14 17:10:08 - [MESSAGE][PASSED] - Filtrelerden Gönd. VKN/TCKN filtresine *90408038 textini yaz

2021-10-14 17:10:08 - [TEST_STEP][PASSED] - Filtre butonlarından Listele seçilir: Filtre butonlarından Listele seçilir

2021-10-14 17:10:08 - [MESSAGE][PASSED] - Filtre butonlarından Listele seçilir

2021-10-14 17:10:08 - [TEST_STEP][PASSED] - Tabloda veri var mı kontrol edilir: Tabloda veri var mı kontrol edilir

2021-10-14 17:10:08 - [MESSAGE][PASSED] - Tabloda veri var mı kontrol edilir

2021-10-14 17:10:08 - [TEST_STEP][PASSED] - Filtrelerden Gönd. VKN/TCKN filtresine 6090408* textini yaz: Filtrelerden Gönd. VKN/TCKN filtresine 6090408* textini yaz

2021-10-14 17:10:08 - [MESSAGE][PASSED] - Filtrelerden Gönd. VKN/TCKN filtresine 6090408* textini yaz

2021-10-14 17:10:08 - [TEST_STEP][PASSED] - Filtre butonlarından Listele seçilir: Filtre butonlarından Listele seçilir

2021-10-14 17:10:08 - [MESSAGE][PASSED] - Filtre butonlarından Listele seçilir

2021-10-14 17:10:08 - [TEST_STEP][PASSED] - Tabloda veri var mı kontrol edilir: Tabloda veri var mı kontrol edilir

2021-10-14 17:10:08 - [MESSAGE][PASSED] - Tabloda veri var mı kontrol edilir

2021-10-14 17:10:08 - [TEST_STEP][PASSED] - Filtrelerden Gönd. VKN/TCKN filtresine *90408* textini yaz: Filtrelerden Gönd. VKN/TCKN filtresine *90408* textini yaz

2021-10-14 17:10:08 - [MESSAGE][PASSED] - Filtrelerden Gönd. VKN/TCKN filtresine *90408* textini yaz

2021-10-14 17:10:08 - [TEST_STEP][PASSED] - Filtre butonlarından Listele seçilir: Filtre butonlarından Listele seçilir

2021-10-14 17:10:08 - [MESSAGE][PASSED] - Filtre butonlarından Listele seçilir

2021-10-14 17:10:08 - [TEST_STEP][PASSED] - Tabloda veri var mı kontrol edilir: Tabloda veri var mı kontrol edilir

2021-10-14 17:10:08 - [MESSAGE][PASSED] - Tabloda veri var mı kontrol edilir

2021-10-14 17:10:08 - [TEST_STEP][PASSED] - Filtrelerden Gönd. VKN/TCKN filtresinin iceriğini sil: Filtrelerden Gönd. VKN/TCKN filtresinin iceriğini sil

2021-10-14 17:10:08 - [MESSAGE][PASSED] - Filtrelerden Gönd. VKN/TCKN filtresinin iceriğini sil

2021-10-14 17:10:08 - [TEST_STEP][PASSED] - Filtrelerden Fatura No filtresine EFA2020000000013 textini yaz: Filtrelerden Fatura No filtresine EFA2020000000013 textini yaz

2021-10-14 17:10:08 - [MESSAGE][PASSED] - Filtrelerden Fatura No filtresine EFA2020000000013 textini yaz

2021-10-14 17:10:08 - [TEST_STEP][PASSED] - Filtre butonlarından Listele seçilir: Filtre butonlarından Listele seçilir

2021-10-14 17:10:08 - [MESSAGE][PASSED] - Filtre butonlarından Listele seçilir

2021-10-14 17:10:08 - [TEST_STEP][PASSED] - Tabloda veri var mı kontrol edilir: Tabloda veri var mı kontrol edilir

2021-10-14 17:10:08 - [MESSAGE][PASSED] - Tabloda veri var mı kontrol edilir

2021-10-14 17:10:08 - [TEST_STEP][PASSED] - Filtrelerden Fatura No filtresine *FA2020000000013 textini yaz: Filtrelerden Fatura No filtresine *FA2020000000013 textini yaz

2021-10-14 17:10:08 - [MESSAGE][PASSED] - Filtrelerden Fatura No filtresine *FA2020000000013 textini yaz

2021-10-14 17:10:08 - [TEST_STEP][PASSED] - Filtre butonlarından Listele seçilir: Filtre butonlarından Listele seçilir

2021-10-14 17:10:08 - [MESSAGE][PASSED] - Filtre butonlarından Listele seçilir

2021-10-14 17:10:08 - [TEST_STEP][PASSED] - Tabloda veri var mı kontrol edilir: Tabloda veri var mı kontrol edilir

2021-10-14 17:10:08 - [MESSAGE][PASSED] - Tabloda veri var mı kontrol edilir

2021-10-14 17:10:08 - [TEST_STEP][PASSED] - Filtrelerden Fatura No filtresine EFA202000000* textini yaz: Filtrelerden Fatura No filtresine EFA202000000* textini yaz

2021-10-14 17:10:08 - [MESSAGE][PASSED] - Filtrelerden Fatura No filtresine EFA202000000* textini yaz

2021-10-14 17:10:08 - [TEST_STEP][PASSED] - Filtre butonlarından Listele seçilir: Filtre butonlarından Listele seçilir

2021-10-14 17:10:08 - [MESSAGE][PASSED] - Filtre butonlarından Listele seçilir

2021-10-14 17:10:08 - [TEST_STEP][PASSED] - Tabloda veri var mı kontrol edilir: Tabloda veri var mı kontrol edilir

2021-10-14 17:10:08 - [MESSAGE][PASSED] - Tabloda veri var mı kontrol edilir

2021-10-14 17:10:08 - [TEST_STEP][PASSED] - Filtrelerden Fatura No filtresine *2020000000* textini yaz: Filtrelerden Fatura No filtresine *2020000000* textini yaz

2021-10-14 17:10:08 - [MESSAGE][PASSED] - Filtrelerden Fatura No filtresine *2020000000* textini yaz

2021-10-14 17:10:08 - [TEST_STEP][PASSED] - Filtre butonlarından Listele seçilir: Filtre butonlarından Listele seçilir

2021-10-14 17:10:08 - [MESSAGE][PASSED] - Filtre butonlarından Listele seçilir

2021-10-14 17:10:08 - [TEST_STEP][PASSED] - Tabloda veri var mı kontrol edilir: Tabloda veri var mı kontrol edilir

2021-10-14 17:10:08 - [MESSAGE][PASSED] - Tabloda veri var mı kontrol edilir

2021-10-14 17:10:08 - [TEST_STEP][PASSED] - Kullanıcı işlemlerinden Çıkış seçilir: Kullanıcı işlemlerinden Çıkış seçilir

2021-10-14 17:10:08 - [MESSAGE][PASSED] - Kullanıcı işlemlerinden Çıkış seçilir

2021-10-14 17:10:08 - [MESSAGE][PASSED] - Feature file: 'Include/features/e-Fatura/Gelen Kutusu/Faturalar/Ekran Kontrolu.feature' was passed

2021-10-14 17:10:08 - [TEST_STEP][PASSED] - Start listener action : sampleAfterTestSuite: Invoke 'com.kms.katalon.core.annotation.AfterTestCase' method: 'Listener.sampleAfterTestSuite(...)' completed.

2021-10-14 17:10:08 - [MESSAGE][INFO] - Starting invoke 'com.kms.katalon.core.annotation.AfterTestCase' method: 'Listener.sampleAfterTestSuite(...)'

2021-10-14 17:10:08 - [TEST_STEP][PASSED] - closeBrowser(): Invoke 'com.kms.katalon.core.annotation.AfterTestCase' method: 'Listener.sampleAfterTestSuite(...)' completed.

2021-10-14 17:10:08 - [MESSAGE][INFO] - Closing browser

2021-10-14 17:10:09 - [MESSAGE][PASSED] - Browser is closed

2021-10-14 17:10:09 - [MESSAGE][INFO] - Invoke 'com.kms.katalon.core.annotation.AfterTestCase' method: 'Listener.sampleAfterTestSuite(...)' completed.]]></system-out>
         <system-err><![CDATA[]]></system-err>
      </testcase>
      <testcase name="Test Cases/Case Repository/e-Fatura/Gelen Kutusu/Faturalar/Gorseli Ac" time="35.537" classname="Test Cases/Case Repository/e-Fatura/Gelen Kutusu/Faturalar/Gorseli Ac" status="PASSED">
         <system-out><![CDATA[2021-10-14 17:10:09 - [TEST_CASE][PASSED] - Test Cases/Case Repository/e-Fatura/Gelen Kutusu/Faturalar/Gorseli Ac: Test Cases/Case Repository/e-Fatura/Gelen Kutusu/Faturalar/Gorseli Ac

2021-10-14 17:10:09 - [TEST_STEP][PASSED] - Start listener action : sampleBeforeTestSuite: Invoke 'com.kms.katalon.core.annotation.BeforeTestCase' method: 'Listener.sampleBeforeTestSuite(...)' completed.

2021-10-14 17:10:09 - [MESSAGE][INFO] - Starting invoke 'com.kms.katalon.core.annotation.BeforeTestCase' method: 'Listener.sampleBeforeTestSuite(...)'

2021-10-14 17:10:09 - [TEST_STEP][PASSED] - openBrowser(baseUrl): Browser is opened with url: 'https://efatura-stage.elogo.com.tr/'

2021-10-14 17:10:09 - [MESSAGE][INFO] - Opening browser

2021-10-14 17:10:09 - [MESSAGE][INFO] - Starting 'Chrome' driver

2021-10-14 17:10:09 - [MESSAGE][INFO] - User set preference: ['prefs', '{download.default_directory=C:\otomasyondownfiles}']

2021-10-14 17:10:09 - [MESSAGE][INFO] - Action delay is set to 0 milliseconds

2021-10-14 17:10:11 - [MESSAGE][INFO] - Navigating browser to: 'https://efatura-stage.elogo.com.tr/'

2021-10-14 17:10:14 - [MESSAGE][PASSED] - Browser is opened with url: 'https://efatura-stage.elogo.com.tr/'

2021-10-14 17:10:14 - [TEST_STEP][PASSED] - maximizeWindow(): Invoke 'com.kms.katalon.core.annotation.BeforeTestCase' method: 'Listener.sampleBeforeTestSuite(...)' completed.

2021-10-14 17:10:14 - [MESSAGE][INFO] - Maximizing current window

2021-10-14 17:10:14 - [MESSAGE][PASSED] - Current window maximized

2021-10-14 17:10:14 - [MESSAGE][INFO] - Invoke 'com.kms.katalon.core.annotation.BeforeTestCase' method: 'Listener.sampleBeforeTestSuite(...)' completed.

2021-10-14 17:10:15 - [TEST_STEP][PASSED] - runFeatureFile("Include/features/e-Fatura/Gelen Kutusu/Faturalar/Gorseli Ac.feature"): Feature file: 'Include/features/e-Fatura/Gelen Kutusu/Faturalar/Gorseli Ac.feature' was passed

2021-10-14 17:10:15 - [MESSAGE][INFO] - Starting run keyword runFeatureFile: 'Include/features/e-Fatura/Gelen Kutusu/Faturalar/Gorseli Ac.feature' and extract report to folder: 'C:\Users\DELL\Downloads\EES_Katalon-main\Reports\20211014_170112\Suite Repository\e-Fatura\20211014_170113/cucumber_report/1634220615623'...

2021-10-14 17:10:15 - [MESSAGE][INFO] - Glue: []

2021-10-14 17:10:16 - [MESSAGE][INFO] - Checking called Test Case

2021-10-14 17:10:16 - [MESSAGE][INFO] - Starting to call Test Case 'Test Cases/Sayfalar/Giris_Sayfasi/Login'

2021-10-14 17:10:16 - [TEST_CASE][PASSED] - Test Cases/Sayfalar/Giris_Sayfasi/Login: Test Cases/Sayfalar/Giris_Sayfasi/Login

2021-10-14 17:10:16 - [TEST_STEP][PASSED] - Sayfa_Basligi = getWindowTitle(): Current window's title is: 'LOGO e-Fatura'

2021-10-14 17:10:16 - [MESSAGE][INFO] - Getting current window's title

2021-10-14 17:10:16 - [MESSAGE][PASSED] - Current window's title is: 'LOGO e-Fatura'

2021-10-14 17:10:16 - [TEST_STEP][PASSED] - verifyMatch(Sayfa_Basligi, "LOGO e-Fatura", false): Actual text 'LOGO e-Fatura' and expected text 'LOGO e-Fatura' are matched 

2021-10-14 17:10:16 - [MESSAGE][INFO] - Matching actual text 'LOGO e-Fatura' with expected text 'LOGO e-Fatura'

2021-10-14 17:10:16 - [MESSAGE][PASSED] - Actual text 'LOGO e-Fatura' and expected text 'LOGO e-Fatura' are matched 

2021-10-14 17:10:16 - [TEST_STEP][PASSED] - sendKeys(findTestObject("Sayfalar/Giris_Sayfasi/Firma_Kodu"), KullaniciAdi): Keys 'ELOGO6' sent to object: 'Object Repository/Sayfalar/Giris_Sayfasi/Firma_Kodu'

2021-10-14 17:10:16 - [MESSAGE][INFO] - Finding Test Object 'Object Repository/Sayfalar/Giris_Sayfasi/Firma_Kodu'

2021-10-14 17:10:16 - [MESSAGE][INFO] - Sending keys 'ELOGO6' to object: 'Object Repository/Sayfalar/Giris_Sayfasi/Firma_Kodu'

2021-10-14 17:10:16 - [MESSAGE][INFO] - Finding web element from Test Object's properties

2021-10-14 17:10:16 - [MESSAGE][INFO] - Checking timeout

2021-10-14 17:10:16 - [MESSAGE][INFO] - Finding web element with id: 'Object Repository/Sayfalar/Giris_Sayfasi/Firma_Kodu' located by 'By.xpath: //*[@id = 'AccountName']' in '30' second(s)

2021-10-14 17:10:16 - [MESSAGE][INFO] - Smart Wait Function is triggered

2021-10-14 17:10:17 - [MESSAGE][INFO] - Found 1 web elements with id: 'Object Repository/Sayfalar/Giris_Sayfasi/Firma_Kodu' located by 'By.xpath: //*[@id = 'AccountName']' in '30' second(s)

2021-10-14 17:10:17 - [MESSAGE][PASSED] - Keys 'ELOGO6' sent to object: 'Object Repository/Sayfalar/Giris_Sayfasi/Firma_Kodu'

2021-10-14 17:10:17 - [TEST_STEP][PASSED] - sendKeys(findTestObject("Sayfalar/Giris_Sayfasi/Sifre"), Sifre): Keys '123456' sent to object: 'Object Repository/Sayfalar/Giris_Sayfasi/Sifre'

2021-10-14 17:10:17 - [MESSAGE][INFO] - Finding Test Object 'Object Repository/Sayfalar/Giris_Sayfasi/Sifre'

2021-10-14 17:10:17 - [MESSAGE][INFO] - Sending keys '123456' to object: 'Object Repository/Sayfalar/Giris_Sayfasi/Sifre'

2021-10-14 17:10:17 - [MESSAGE][INFO] - Finding web element from Test Object's properties

2021-10-14 17:10:17 - [MESSAGE][INFO] - Checking timeout

2021-10-14 17:10:17 - [MESSAGE][INFO] - Finding web element with id: 'Object Repository/Sayfalar/Giris_Sayfasi/Sifre' located by 'By.xpath: //*[@id = 'Password']' in '30' second(s)

2021-10-14 17:10:17 - [MESSAGE][INFO] - Smart Wait Function is triggered

2021-10-14 17:10:17 - [MESSAGE][INFO] - Found 1 web elements with id: 'Object Repository/Sayfalar/Giris_Sayfasi/Sifre' located by 'By.xpath: //*[@id = 'Password']' in '30' second(s)

2021-10-14 17:10:17 - [MESSAGE][PASSED] - Keys '123456' sent to object: 'Object Repository/Sayfalar/Giris_Sayfasi/Sifre'

2021-10-14 17:10:17 - [TEST_STEP][PASSED] - findWebElement(findTestObject("Sayfalar/Giris_Sayfasi/Giris_Butonu")).click(): Found 1 web elements with id: 'Object Repository/Sayfalar/Giris_Sayfasi/Giris_Butonu' located by 'By.cssSelector: #btnLogin' in '30' second(s)

2021-10-14 17:10:17 - [MESSAGE][INFO] - Finding Test Object 'Object Repository/Sayfalar/Giris_Sayfasi/Giris_Butonu'

2021-10-14 17:10:17 - [MESSAGE][INFO] - Finding web element from Test Object's properties

2021-10-14 17:10:17 - [MESSAGE][INFO] - Checking timeout

2021-10-14 17:10:17 - [MESSAGE][INFO] - Finding web element with id: 'Object Repository/Sayfalar/Giris_Sayfasi/Giris_Butonu' located by 'By.cssSelector: #btnLogin' in '30' second(s)

2021-10-14 17:10:17 - [MESSAGE][INFO] - Smart Wait Function is triggered

2021-10-14 17:10:18 - [MESSAGE][INFO] - Found 1 web elements with id: 'Object Repository/Sayfalar/Giris_Sayfasi/Giris_Butonu' located by 'By.cssSelector: #btnLogin' in '30' second(s)

2021-10-14 17:10:20 - [TEST_STEP][PASSED] - if (verifyElementPresent(findTestObject("Object Repository/Sayfalar/Giris_Sayfasi/RetveTamam_Butonu"), 5, OPTIONAL)): null

2021-10-14 17:10:20 - [MESSAGE][INFO] - Finding Test Object 'Object Repository/Sayfalar/Giris_Sayfasi/RetveTamam_Butonu'

2021-10-14 17:10:20 - [MESSAGE][INFO] - Checking object

2021-10-14 17:10:20 - [MESSAGE][INFO] - Finding web element from Test Object's properties

2021-10-14 17:10:20 - [MESSAGE][INFO] - Checking timeout

2021-10-14 17:10:20 - [MESSAGE][INFO] - Finding web element with id: 'Object Repository/Sayfalar/Giris_Sayfasi/RetveTamam_Butonu' located by 'By.xpath: //*[@class = 'btn btn-default']' in '5' second(s)

2021-10-14 17:10:20 - [MESSAGE][INFO] - Smart Wait Function is triggered

2021-10-14 17:10:20 - [MESSAGE][INFO] - Found 1 web elements with id: 'Object Repository/Sayfalar/Giris_Sayfasi/RetveTamam_Butonu' located by 'By.xpath: //*[@class = 'btn btn-default']' in '5' second(s)

2021-10-14 17:10:20 - [MESSAGE][PASSED] - Object 'Object Repository/Sayfalar/Giris_Sayfasi/RetveTamam_Butonu' is present

2021-10-14 17:10:20 - [TEST_STEP][PASSED] - click(findTestObject("Object Repository/Sayfalar/Giris_Sayfasi/RetveTamam_Butonu")): Object: 'Object Repository/Sayfalar/Giris_Sayfasi/RetveTamam_Butonu' is clicked on

2021-10-14 17:10:20 - [MESSAGE][INFO] - Finding Test Object 'Object Repository/Sayfalar/Giris_Sayfasi/RetveTamam_Butonu'

2021-10-14 17:10:20 - [MESSAGE][INFO] - Checking object

2021-10-14 17:10:20 - [MESSAGE][INFO] - Finding web element from Test Object's properties

2021-10-14 17:10:20 - [MESSAGE][INFO] - Checking timeout

2021-10-14 17:10:20 - [MESSAGE][INFO] - Finding web element with id: 'Object Repository/Sayfalar/Giris_Sayfasi/RetveTamam_Butonu' located by 'By.xpath: //*[@class = 'btn btn-default']' in '30' second(s)

2021-10-14 17:10:20 - [MESSAGE][INFO] - Smart Wait Function is triggered

2021-10-14 17:10:21 - [MESSAGE][INFO] - Found 1 web elements with id: 'Object Repository/Sayfalar/Giris_Sayfasi/RetveTamam_Butonu' located by 'By.xpath: //*[@class = 'btn btn-default']' in '30' second(s)

2021-10-14 17:10:21 - [MESSAGE][INFO] - Clicking on object: 'Object Repository/Sayfalar/Giris_Sayfasi/RetveTamam_Butonu'

2021-10-14 17:10:21 - [MESSAGE][PASSED] - Object: 'Object Repository/Sayfalar/Giris_Sayfasi/RetveTamam_Butonu' is clicked on

2021-10-14 17:10:21 - [TEST_STEP][PASSED] - click(findTestObject("Object Repository/Sayfalar/Giris_Sayfasi/RetveTamam_Butonu")): Object: 'Object Repository/Sayfalar/Giris_Sayfasi/RetveTamam_Butonu' is clicked on

2021-10-14 17:10:21 - [MESSAGE][INFO] - Finding Test Object 'Object Repository/Sayfalar/Giris_Sayfasi/RetveTamam_Butonu'

2021-10-14 17:10:21 - [MESSAGE][INFO] - Checking object

2021-10-14 17:10:21 - [MESSAGE][INFO] - Finding web element from Test Object's properties

2021-10-14 17:10:21 - [MESSAGE][INFO] - Checking timeout

2021-10-14 17:10:21 - [MESSAGE][INFO] - Finding web element with id: 'Object Repository/Sayfalar/Giris_Sayfasi/RetveTamam_Butonu' located by 'By.xpath: //*[@class = 'btn btn-default']' in '30' second(s)

2021-10-14 17:10:21 - [MESSAGE][INFO] - Smart Wait Function is triggered

2021-10-14 17:10:24 - [MESSAGE][INFO] - Found 1 web elements with id: 'Object Repository/Sayfalar/Giris_Sayfasi/RetveTamam_Butonu' located by 'By.xpath: //*[@class = 'btn btn-default']' in '30' second(s)

2021-10-14 17:10:24 - [MESSAGE][INFO] - Clicking on object: 'Object Repository/Sayfalar/Giris_Sayfasi/RetveTamam_Butonu'

2021-10-14 17:10:24 - [MESSAGE][PASSED] - Object: 'Object Repository/Sayfalar/Giris_Sayfasi/RetveTamam_Butonu' is clicked on

2021-10-14 17:10:24 - [TEST_STEP][PASSED] - if (verifyElementPresent(findTestObject("Sayfalar/Giris_Sayfasi/PopupOK"), 5, OPTIONAL)): null

2021-10-14 17:10:24 - [MESSAGE][INFO] - Finding Test Object 'Object Repository/Sayfalar/Giris_Sayfasi/PopupOK'

2021-10-14 17:10:24 - [MESSAGE][INFO] - Checking object

2021-10-14 17:10:24 - [MESSAGE][INFO] - Finding web element from Test Object's properties

2021-10-14 17:10:24 - [MESSAGE][INFO] - Checking timeout

2021-10-14 17:10:24 - [MESSAGE][INFO] - Finding web element with id: 'Object Repository/Sayfalar/Giris_Sayfasi/PopupOK' located by 'By.cssSelector: .btn.btn-success' in '5' second(s)

2021-10-14 17:10:24 - [MESSAGE][INFO] - Smart Wait Function is triggered

2021-10-14 17:10:25 - [MESSAGE][INFO] - Found 1 web elements with id: 'Object Repository/Sayfalar/Giris_Sayfasi/PopupOK' located by 'By.cssSelector: .btn.btn-success' in '5' second(s)

2021-10-14 17:10:25 - [MESSAGE][PASSED] - Object 'Object Repository/Sayfalar/Giris_Sayfasi/PopupOK' is present

2021-10-14 17:10:25 - [TEST_STEP][PASSED] - click(findTestObject("Object Repository/Sayfalar/Giris_Sayfasi/PopupCarpiGiris")): Object: 'Object Repository/Sayfalar/Giris_Sayfasi/PopupCarpiGiris' is clicked on

2021-10-14 17:10:25 - [MESSAGE][INFO] - Finding Test Object 'Object Repository/Sayfalar/Giris_Sayfasi/PopupCarpiGiris'

2021-10-14 17:10:25 - [MESSAGE][INFO] - Checking object

2021-10-14 17:10:25 - [MESSAGE][INFO] - Finding web element from Test Object's properties

2021-10-14 17:10:25 - [MESSAGE][INFO] - Checking timeout

2021-10-14 17:10:25 - [MESSAGE][INFO] - Finding web element with id: 'Object Repository/Sayfalar/Giris_Sayfasi/PopupCarpiGiris' located by 'By.cssSelector: .bootbox-close-button.close' in '30' second(s)

2021-10-14 17:10:25 - [MESSAGE][INFO] - Smart Wait Function is triggered

2021-10-14 17:10:25 - [MESSAGE][INFO] - Found 1 web elements with id: 'Object Repository/Sayfalar/Giris_Sayfasi/PopupCarpiGiris' located by 'By.cssSelector: .bootbox-close-button.close' in '30' second(s)

2021-10-14 17:10:25 - [MESSAGE][INFO] - Clicking on object: 'Object Repository/Sayfalar/Giris_Sayfasi/PopupCarpiGiris'

2021-10-14 17:10:25 - [MESSAGE][PASSED] - Object: 'Object Repository/Sayfalar/Giris_Sayfasi/PopupCarpiGiris' is clicked on

2021-10-14 17:10:25 - [TEST_STEP][PASSED] - verifyElementVisible(findTestObject("Object Repository/Kullanici_Islemleri/KullaniciIslemleri")): Object 'Object Repository/Kullanici_Islemleri/KullaniciIslemleri' is visible

2021-10-14 17:10:25 - [MESSAGE][INFO] - Finding Test Object 'Object Repository/Kullanici_Islemleri/KullaniciIslemleri'

2021-10-14 17:10:25 - [MESSAGE][INFO] - Checking object

2021-10-14 17:10:25 - [MESSAGE][INFO] - Finding web element from Test Object's properties

2021-10-14 17:10:25 - [MESSAGE][INFO] - Checking timeout

2021-10-14 17:10:25 - [MESSAGE][INFO] - Finding web element with id: 'Object Repository/Kullanici_Islemleri/KullaniciIslemleri' located by 'By.cssSelector: .dropdown>a>img' in '30' second(s)

2021-10-14 17:10:25 - [MESSAGE][INFO] - Smart Wait Function is triggered

2021-10-14 17:10:26 - [MESSAGE][INFO] - Found 1 web elements with id: 'Object Repository/Kullanici_Islemleri/KullaniciIslemleri' located by 'By.cssSelector: .dropdown>a>img' in '30' second(s)

2021-10-14 17:10:26 - [MESSAGE][PASSED] - Object 'Object Repository/Kullanici_Islemleri/KullaniciIslemleri' is visible

2021-10-14 17:10:26 - [MESSAGE][PASSED] - Call Test Case 'Test Cases/Sayfalar/Giris_Sayfasi/Login' successfully

2021-10-14 17:10:26 - [MESSAGE][INFO] - Checking called Test Case

2021-10-14 17:10:26 - [MESSAGE][INFO] - Starting to call Test Case 'Test Cases/Menu/AnaMenuSecimi'

2021-10-14 17:10:26 - [TEST_CASE][PASSED] - Test Cases/Menu/AnaMenuSecimi: Test Cases/Menu/AnaMenuSecimi

2021-10-14 17:10:26 - [TEST_STEP][PASSED] - Method.TextDegerineEsitElementeTikla(findTestObject("Menu/Ana_Menu"), Ana_Menu): Method.TextDegerineEsitElementeTikla is PASSED

2021-10-14 17:10:26 - [MESSAGE][INFO] - Finding Test Object 'Object Repository/Menu/Ana_Menu'

2021-10-14 17:10:26 - [MESSAGE][INFO] - Checking timeout

2021-10-14 17:10:26 - [MESSAGE][INFO] - Finding web element with id: 'Object Repository/Menu/Ana_Menu' located by 'By.xpath: //*[@class = 'dropdown-toggle']' in '10' second(s)

2021-10-14 17:10:26 - [MESSAGE][INFO] - Smart Wait Function is triggered

2021-10-14 17:10:26 - [MESSAGE][INFO] - Found 14 web elements with id: 'Object Repository/Menu/Ana_Menu' located by 'By.xpath: //*[@class = 'dropdown-toggle']' in '10' second(s)

2021-10-14 17:10:26 - [MESSAGE][PASSED] - Method.TextDegerineEsitElementeTikla is PASSED

2021-10-14 17:10:26 - [MESSAGE][PASSED] - Call Test Case 'Test Cases/Menu/AnaMenuSecimi' successfully

2021-10-14 17:10:26 - [MESSAGE][INFO] - Checking called Test Case

2021-10-14 17:10:26 - [MESSAGE][INFO] - Starting to call Test Case 'Test Cases/Menu/BasligaGoreAltMenuSecimi'

2021-10-14 17:10:27 - [TEST_CASE][PASSED] - Test Cases/Menu/BasligaGoreAltMenuSecimi: Test Cases/Menu/BasligaGoreAltMenuSecimi

2021-10-14 17:10:27 - [TEST_STEP][PASSED] - Method.TextDegerineEsitElementinAltindakiTextDegerineEsitOlanaTikla(findTestObject("Menu/Menu_Basligi"), findTestObject("Menu/Basliga_Gore_Alt_Menu"), Baslik, Alt_Menu): Method.TextDegerineEsitElementinAltindakiTextDegerineEsitOlanaTikla is PASSED

2021-10-14 17:10:27 - [MESSAGE][INFO] - Finding Test Object 'Object Repository/Menu/Menu_Basligi'

2021-10-14 17:10:27 - [MESSAGE][INFO] - Finding Test Object 'Object Repository/Menu/Basliga_Gore_Alt_Menu'

2021-10-14 17:10:27 - [MESSAGE][INFO] - Checking timeout

2021-10-14 17:10:27 - [MESSAGE][INFO] - Finding web element with id: 'Object Repository/Menu/Menu_Basligi' located by 'By.xpath: //li[@class='dropdown dropdown-large open']//li[@class='dropdown-header']' in '10' second(s)

2021-10-14 17:10:27 - [MESSAGE][INFO] - Smart Wait Function is triggered

2021-10-14 17:10:27 - [MESSAGE][INFO] - Found 3 web elements with id: 'Object Repository/Menu/Menu_Basligi' located by 'By.xpath: //li[@class='dropdown dropdown-large open']//li[@class='dropdown-header']' in '10' second(s)

2021-10-14 17:10:27 - [MESSAGE][INFO] - Smart Wait Function is triggered

2021-10-14 17:10:30 - [MESSAGE][PASSED] - Method.TextDegerineEsitElementinAltindakiTextDegerineEsitOlanaTikla is PASSED

2021-10-14 17:10:30 - [MESSAGE][PASSED] - Call Test Case 'Test Cases/Menu/BasligaGoreAltMenuSecimi' successfully

2021-10-14 17:10:30 - [MESSAGE][INFO] - Checking called Test Case

2021-10-14 17:10:30 - [MESSAGE][INFO] - Starting to call Test Case 'Test Cases/Filtreler/BaslangicYaz'

2021-10-14 17:10:30 - [TEST_CASE][PASSED] - Test Cases/Filtreler/BaslangicYaz: Test Cases/Filtreler/BaslangicYaz

2021-10-14 17:10:30 - [TEST_STEP][PASSED] - Method.TextDegerineEsitElementinAltindakineTikla(findTestObject("Filtreler/Basliklar"), findTestObject("Filtreler/Basliga_Gore_Baslangic_Image"), Filtre_Adi): Method.TextDegerineEsitElementinAltindakineTikla is PASSED

2021-10-14 17:10:30 - [MESSAGE][INFO] - Finding Test Object 'Object Repository/Filtreler/Basliklar'

2021-10-14 17:10:30 - [MESSAGE][INFO] - Finding Test Object 'Object Repository/Filtreler/Basliga_Gore_Baslangic_Image'

2021-10-14 17:10:30 - [MESSAGE][INFO] - Checking timeout

2021-10-14 17:10:30 - [MESSAGE][INFO] - Finding web element with id: 'Object Repository/Filtreler/Basliklar' located by 'By.cssSelector: .control-label.col-sm-4.paddingMarginRLC' in '10' second(s)

2021-10-14 17:10:30 - [MESSAGE][INFO] - Smart Wait Function is triggered

2021-10-14 17:10:30 - [MESSAGE][INFO] - Found 19 web elements with id: 'Object Repository/Filtreler/Basliklar' located by 'By.cssSelector: .control-label.col-sm-4.paddingMarginRLC' in '10' second(s)

2021-10-14 17:10:30 - [MESSAGE][INFO] - Smart Wait Function is triggered

2021-10-14 17:10:31 - [MESSAGE][PASSED] - Method.TextDegerineEsitElementinAltindakineTikla is PASSED

2021-10-14 17:10:31 - [TEST_STEP][PASSED] - Method.TextDegerineEsitElementinAltindakiTextboxtaYaz(findTestObject("Filtreler/Basliklar"), findTestObject("Filtreler/Basliga_Gore_Baslangic"), Filtre_Adi, Filtre_Degeri): Method.TextDegerineEsitElementinAltindakiTextboxtaYaz is PASSED

2021-10-14 17:10:31 - [MESSAGE][INFO] - Finding Test Object 'Object Repository/Filtreler/Basliklar'

2021-10-14 17:10:31 - [MESSAGE][INFO] - Finding Test Object 'Object Repository/Filtreler/Basliga_Gore_Baslangic'

2021-10-14 17:10:31 - [MESSAGE][INFO] - Checking timeout

2021-10-14 17:10:31 - [MESSAGE][INFO] - Finding web element with id: 'Object Repository/Filtreler/Basliklar' located by 'By.cssSelector: .control-label.col-sm-4.paddingMarginRLC' in '10' second(s)

2021-10-14 17:10:31 - [MESSAGE][INFO] - Smart Wait Function is triggered

2021-10-14 17:10:31 - [MESSAGE][INFO] - Found 19 web elements with id: 'Object Repository/Filtreler/Basliklar' located by 'By.cssSelector: .control-label.col-sm-4.paddingMarginRLC' in '10' second(s)

2021-10-14 17:10:31 - [MESSAGE][INFO] - Smart Wait Function is triggered

2021-10-14 17:10:32 - [MESSAGE][PASSED] - Method.TextDegerineEsitElementinAltindakiTextboxtaYaz is PASSED

2021-10-14 17:10:32 - [MESSAGE][PASSED] - Call Test Case 'Test Cases/Filtreler/BaslangicYaz' successfully

2021-10-14 17:10:32 - [MESSAGE][INFO] - Checking called Test Case

2021-10-14 17:10:32 - [MESSAGE][INFO] - Starting to call Test Case 'Test Cases/Filtreler/BitisYaz'

2021-10-14 17:10:32 - [TEST_CASE][PASSED] - Test Cases/Filtreler/BitisYaz: Test Cases/Filtreler/BitisYaz

2021-10-14 17:10:32 - [TEST_STEP][PASSED] - Method.TextDegerineEsitElementinAltindakineTikla(findTestObject("Filtreler/Basliklar"), findTestObject("Filtreler/Basliga_Gore_Bitis_Image"), Filtre_Adi): Method.TextDegerineEsitElementinAltindakineTikla is PASSED

2021-10-14 17:10:32 - [MESSAGE][INFO] - Finding Test Object 'Object Repository/Filtreler/Basliklar'

2021-10-14 17:10:32 - [MESSAGE][INFO] - Finding Test Object 'Object Repository/Filtreler/Basliga_Gore_Bitis_Image'

2021-10-14 17:10:32 - [MESSAGE][INFO] - Checking timeout

2021-10-14 17:10:32 - [MESSAGE][INFO] - Finding web element with id: 'Object Repository/Filtreler/Basliklar' located by 'By.cssSelector: .control-label.col-sm-4.paddingMarginRLC' in '10' second(s)

2021-10-14 17:10:32 - [MESSAGE][INFO] - Smart Wait Function is triggered

2021-10-14 17:10:33 - [MESSAGE][INFO] - Found 19 web elements with id: 'Object Repository/Filtreler/Basliklar' located by 'By.cssSelector: .control-label.col-sm-4.paddingMarginRLC' in '10' second(s)

2021-10-14 17:10:33 - [MESSAGE][INFO] - Smart Wait Function is triggered

2021-10-14 17:10:33 - [MESSAGE][PASSED] - Method.TextDegerineEsitElementinAltindakineTikla is PASSED

2021-10-14 17:10:33 - [TEST_STEP][PASSED] - Method.TextDegerineEsitElementinAltindakiTextboxtaYaz(findTestObject("Filtreler/Basliklar"), findTestObject("Object Repository/Filtreler/Basliga_Gore_Bitis"), Filtre_Adi, Filtre_Degeri): Method.TextDegerineEsitElementinAltindakiTextboxtaYaz is PASSED

2021-10-14 17:10:33 - [MESSAGE][INFO] - Finding Test Object 'Object Repository/Filtreler/Basliklar'

2021-10-14 17:10:33 - [MESSAGE][INFO] - Finding Test Object 'Object Repository/Filtreler/Basliga_Gore_Bitis'

2021-10-14 17:10:33 - [MESSAGE][INFO] - Checking timeout

2021-10-14 17:10:33 - [MESSAGE][INFO] - Finding web element with id: 'Object Repository/Filtreler/Basliklar' located by 'By.cssSelector: .control-label.col-sm-4.paddingMarginRLC' in '10' second(s)

2021-10-14 17:10:33 - [MESSAGE][INFO] - Smart Wait Function is triggered

2021-10-14 17:10:34 - [MESSAGE][INFO] - Found 19 web elements with id: 'Object Repository/Filtreler/Basliklar' located by 'By.cssSelector: .control-label.col-sm-4.paddingMarginRLC' in '10' second(s)

2021-10-14 17:10:34 - [MESSAGE][INFO] - Smart Wait Function is triggered

2021-10-14 17:10:34 - [MESSAGE][PASSED] - Method.TextDegerineEsitElementinAltindakiTextboxtaYaz is PASSED

2021-10-14 17:10:34 - [MESSAGE][PASSED] - Call Test Case 'Test Cases/Filtreler/BitisYaz' successfully

2021-10-14 17:10:34 - [MESSAGE][INFO] - Checking called Test Case

2021-10-14 17:10:34 - [MESSAGE][INFO] - Starting to call Test Case 'Test Cases/Filtreler/ButonaTikla'

2021-10-14 17:10:34 - [TEST_CASE][PASSED] - Test Cases/Filtreler/ButonaTikla: Test Cases/Filtreler/ButonaTikla

2021-10-14 17:10:34 - [TEST_STEP][PASSED] - Method.TextDegerineEsitElementeTikla(findTestObject("Filtreler/Butonlar"), Filtre_Buton): Method.TextDegerineEsitElementeTikla is PASSED

2021-10-14 17:10:34 - [MESSAGE][INFO] - Finding Test Object 'Object Repository/Filtreler/Butonlar'

2021-10-14 17:10:34 - [MESSAGE][INFO] - Checking timeout

2021-10-14 17:10:34 - [MESSAGE][INFO] - Finding web element with id: 'Object Repository/Filtreler/Butonlar' located by 'By.cssSelector: .dxb>span' in '10' second(s)

2021-10-14 17:10:34 - [MESSAGE][INFO] - Smart Wait Function is triggered

2021-10-14 17:10:35 - [MESSAGE][INFO] - Found 3 web elements with id: 'Object Repository/Filtreler/Butonlar' located by 'By.cssSelector: .dxb>span' in '10' second(s)

2021-10-14 17:10:35 - [MESSAGE][PASSED] - Method.TextDegerineEsitElementeTikla is PASSED

2021-10-14 17:10:35 - [MESSAGE][PASSED] - Call Test Case 'Test Cases/Filtreler/ButonaTikla' successfully

2021-10-14 17:10:35 - [MESSAGE][INFO] - Checking called Test Case

2021-10-14 17:10:35 - [MESSAGE][INFO] - Starting to call Test Case 'Test Cases/Tablo/TablodaVeriVarMi'

2021-10-14 17:10:35 - [TEST_CASE][PASSED] - Test Cases/Tablo/TablodaVeriVarMi: Test Cases/Tablo/TablodaVeriVarMi

2021-10-14 17:10:35 - [TEST_STEP][PASSED] - verifyTextNotPresent("Görüntülenecek veri yok", true): Text 'Görüntülenecek veri yok' is not present on page using regular expression

2021-10-14 17:10:35 - [MESSAGE][INFO] - Checking text present  using regular expression

2021-10-14 17:10:35 - [MESSAGE][INFO] - Smart Wait Function is triggered

2021-10-14 17:10:36 - [MESSAGE][INFO] - Finding text 'Görüntülenecek veri yok' on page  using regular expression

2021-10-14 17:10:36 - [MESSAGE][PASSED] - Text 'Görüntülenecek veri yok' is not present on page using regular expression

2021-10-14 17:10:36 - [MESSAGE][PASSED] - Call Test Case 'Test Cases/Tablo/TablodaVeriVarMi' successfully

2021-10-14 17:10:36 - [MESSAGE][INFO] - Checking called Test Case

2021-10-14 17:10:36 - [MESSAGE][INFO] - Starting to call Test Case 'Test Cases/Tablo/TablonunButonunaTikla'

2021-10-14 17:10:36 - [TEST_CASE][PASSED] - Test Cases/Tablo/TablonunButonunaTikla: Test Cases/Tablo/TablonunButonunaTikla

2021-10-14 17:10:37 - [TEST_STEP][PASSED] - Method.TextDegerineEsitElementinAltindakiTextDegerineEsitOlanaTikla(findTestObject("Tablo/Veriler"), findTestObject("Tablo/VerininButonu"), Veri, Buton_Adi): Method.TextDegerineEsitElementinAltindakiTextDegerineEsitOlanaTikla is PASSED

2021-10-14 17:10:37 - [MESSAGE][INFO] - Finding Test Object 'Object Repository/Tablo/Veriler'

2021-10-14 17:10:37 - [MESSAGE][INFO] - Finding Test Object 'Object Repository/Tablo/VerininButonu'

2021-10-14 17:10:37 - [MESSAGE][INFO] - Checking timeout

2021-10-14 17:10:37 - [MESSAGE][INFO] - Finding web element with id: 'Object Repository/Tablo/Veriler' located by 'By.cssSelector: td.dxgv b ,td.dxgv' in '10' second(s)

2021-10-14 17:10:37 - [MESSAGE][INFO] - Smart Wait Function is triggered

2021-10-14 17:10:38 - [MESSAGE][INFO] - Found 140 web elements with id: 'Object Repository/Tablo/Veriler' located by 'By.cssSelector: td.dxgv b ,td.dxgv' in '10' second(s)

2021-10-14 17:10:38 - [MESSAGE][INFO] - Smart Wait Function is triggered

2021-10-14 17:10:38 - [MESSAGE][PASSED] - Method.TextDegerineEsitElementinAltindakiTextDegerineEsitOlanaTikla is PASSED

2021-10-14 17:10:38 - [MESSAGE][PASSED] - Call Test Case 'Test Cases/Tablo/TablonunButonunaTikla' successfully

2021-10-14 17:10:38 - [MESSAGE][INFO] - Checking called Test Case

2021-10-14 17:10:38 - [MESSAGE][INFO] - Starting to call Test Case 'Test Cases/Sekmeler/YeniSekmeyeGec'

2021-10-14 17:10:38 - [TEST_CASE][PASSED] - Test Cases/Sekmeler/YeniSekmeyeGec: Test Cases/Sekmeler/YeniSekmeyeGec

2021-10-14 17:10:38 - [TEST_STEP][PASSED] - switchToWindowIndex(1): Switched to window with index: '1'

2021-10-14 17:10:38 - [MESSAGE][INFO] - Checking index

2021-10-14 17:10:38 - [MESSAGE][INFO] - Switching window with index: '1'

2021-10-14 17:10:38 - [MESSAGE][PASSED] - Switched to window with index: '1'

2021-10-14 17:10:38 - [MESSAGE][PASSED] - Call Test Case 'Test Cases/Sekmeler/YeniSekmeyeGec' successfully

2021-10-14 17:10:38 - [MESSAGE][INFO] - Checking called Test Case

2021-10-14 17:10:38 - [MESSAGE][INFO] - Starting to call Test Case 'Test Cases/Sekmeler/YeniSekmeBasligindaVarMi'

2021-10-14 17:10:38 - [TEST_CASE][PASSED] - Test Cases/Sekmeler/YeniSekmeBasligindaVarMi: Test Cases/Sekmeler/YeniSekmeBasligindaVarMi

2021-10-14 17:10:38 - [TEST_STEP][PASSED] - verifyElementText(findTestObject("Object Repository/Sekmeler/Olusturma_Goster_Baslik"), Title): Actual text and expected text of test object 'Object Repository/Sekmeler/Olusturma_Goster_Baslik' are matched.

2021-10-14 17:10:38 - [MESSAGE][INFO] - Finding Test Object 'Object Repository/Sekmeler/Olusturma_Goster_Baslik'

2021-10-14 17:10:39 - [MESSAGE][INFO] - Checking object

2021-10-14 17:10:39 - [MESSAGE][INFO] - Finding web element from Test Object's properties

2021-10-14 17:10:39 - [MESSAGE][INFO] - Checking timeout

2021-10-14 17:10:39 - [MESSAGE][INFO] - Finding web element with id: 'Object Repository/Sekmeler/Olusturma_Goster_Baslik' located by 'By.cssSelector: h1>span,td>font,font' in '30' second(s)

2021-10-14 17:10:39 - [MESSAGE][INFO] - Smart Wait Function is triggered

2021-10-14 17:10:40 - [MESSAGE][INFO] - Found 1 web elements with id: 'Object Repository/Sekmeler/Olusturma_Goster_Baslik' located by 'By.cssSelector: h1>span,td>font,font' in '30' second(s)

2021-10-14 17:10:40 - [MESSAGE][PASSED] - Actual text and expected text of test object 'Object Repository/Sekmeler/Olusturma_Goster_Baslik' are matched.

2021-10-14 17:10:40 - [MESSAGE][PASSED] - Call Test Case 'Test Cases/Sekmeler/YeniSekmeBasligindaVarMi' successfully

2021-10-14 17:10:40 - [MESSAGE][INFO] - Checking called Test Case

2021-10-14 17:10:40 - [MESSAGE][INFO] - Starting to call Test Case 'Test Cases/Sekmeler/Ana_Sekmeye_Gec'

2021-10-14 17:10:41 - [TEST_CASE][PASSED] - Test Cases/Sekmeler/Ana_Sekmeye_Gec: Test Cases/Sekmeler/Ana_Sekmeye_Gec

2021-10-14 17:10:41 - [TEST_STEP][PASSED] - try: Window with index 1 is closed

2021-10-14 17:10:41 - [TEST_STEP][PASSED] - index = getWindowIndex(): Current window's index is: 1

2021-10-14 17:10:41 - [MESSAGE][INFO] - Getting current window's index

2021-10-14 17:10:41 - [MESSAGE][PASSED] - Current window's index is: 1

2021-10-14 17:10:41 - [TEST_STEP][PASSED] - closeWindowIndex(index): Window with index 1 is closed

2021-10-14 17:10:41 - [MESSAGE][INFO] - Checking index

2021-10-14 17:10:41 - [MESSAGE][INFO] - Closing window with index 1

2021-10-14 17:10:41 - [MESSAGE][PASSED] - Window with index 1 is closed

2021-10-14 17:10:41 - [TEST_STEP][PASSED] - switchToWindowIndex(0): Switched to window with index: '0'

2021-10-14 17:10:41 - [MESSAGE][INFO] - Checking index

2021-10-14 17:10:41 - [MESSAGE][INFO] - Switching window with index: '0'

2021-10-14 17:10:41 - [MESSAGE][PASSED] - Switched to window with index: '0'

2021-10-14 17:10:41 - [MESSAGE][PASSED] - Call Test Case 'Test Cases/Sekmeler/Ana_Sekmeye_Gec' successfully

2021-10-14 17:10:41 - [MESSAGE][INFO] - Checking called Test Case

2021-10-14 17:10:41 - [MESSAGE][INFO] - Starting to call Test Case 'Test Cases/Kullanici_Islemleri/KullaniciIslemlerindenSecimYapilir'

2021-10-14 17:10:41 - [TEST_CASE][PASSED] - Test Cases/Kullanici_Islemleri/KullaniciIslemlerindenSecimYapilir: Test Cases/Kullanici_Islemleri/KullaniciIslemlerindenSecimYapilir

2021-10-14 17:10:41 - [TEST_STEP][PASSED] - waitForElementClickable(findTestObject("Object Repository/Kullanici_Islemleri/KullaniciIslemleri"), 10): Object 'Object Repository/Kullanici_Islemleri/KullaniciIslemleri' is clickable

2021-10-14 17:10:41 - [MESSAGE][INFO] - Finding Test Object 'Object Repository/Kullanici_Islemleri/KullaniciIslemleri'

2021-10-14 17:10:41 - [MESSAGE][INFO] - Checking object

2021-10-14 17:10:41 - [MESSAGE][INFO] - Checking timeout

2021-10-14 17:10:41 - [MESSAGE][INFO] - Finding web element from Test Object's properties

2021-10-14 17:10:41 - [MESSAGE][INFO] - Checking timeout

2021-10-14 17:10:41 - [MESSAGE][INFO] - Finding web element with id: 'Object Repository/Kullanici_Islemleri/KullaniciIslemleri' located by 'By.cssSelector: .dropdown>a>img' in '10' second(s)

2021-10-14 17:10:41 - [MESSAGE][INFO] - Smart Wait Function is triggered

2021-10-14 17:10:41 - [MESSAGE][INFO] - Found 1 web elements with id: 'Object Repository/Kullanici_Islemleri/KullaniciIslemleri' located by 'By.cssSelector: .dropdown>a>img' in '10' second(s)

2021-10-14 17:10:41 - [MESSAGE][PASSED] - Object 'Object Repository/Kullanici_Islemleri/KullaniciIslemleri' is clickable

2021-10-14 17:10:41 - [TEST_STEP][PASSED] - click(findTestObject("Object Repository/Kullanici_Islemleri/KullaniciIslemleri")): Object: 'Object Repository/Kullanici_Islemleri/KullaniciIslemleri' is clicked on

2021-10-14 17:10:41 - [MESSAGE][INFO] - Finding Test Object 'Object Repository/Kullanici_Islemleri/KullaniciIslemleri'

2021-10-14 17:10:41 - [MESSAGE][INFO] - Checking object

2021-10-14 17:10:41 - [MESSAGE][INFO] - Finding web element from Test Object's properties

2021-10-14 17:10:41 - [MESSAGE][INFO] - Checking timeout

2021-10-14 17:10:41 - [MESSAGE][INFO] - Finding web element with id: 'Object Repository/Kullanici_Islemleri/KullaniciIslemleri' located by 'By.cssSelector: .dropdown>a>img' in '30' second(s)

2021-10-14 17:10:41 - [MESSAGE][INFO] - Smart Wait Function is triggered

2021-10-14 17:10:42 - [MESSAGE][INFO] - Found 1 web elements with id: 'Object Repository/Kullanici_Islemleri/KullaniciIslemleri' located by 'By.cssSelector: .dropdown>a>img' in '30' second(s)

2021-10-14 17:10:42 - [MESSAGE][INFO] - Clicking on object: 'Object Repository/Kullanici_Islemleri/KullaniciIslemleri'

2021-10-14 17:10:42 - [MESSAGE][PASSED] - Object: 'Object Repository/Kullanici_Islemleri/KullaniciIslemleri' is clicked on

2021-10-14 17:10:42 - [TEST_STEP][PASSED] - Method.TextDegerineEsitElementeTikla(findTestObject("Object Repository/Kullanici_Islemleri/Secenekler"), Islem): Method.TextDegerineEsitElementeTikla is PASSED

2021-10-14 17:10:42 - [MESSAGE][INFO] - Finding Test Object 'Object Repository/Kullanici_Islemleri/Secenekler'

2021-10-14 17:10:42 - [MESSAGE][INFO] - Checking timeout

2021-10-14 17:10:42 - [MESSAGE][INFO] - Finding web element with id: 'Object Repository/Kullanici_Islemleri/Secenekler' located by 'By.cssSelector: .nav.navbar-nav.navbar-right li a' in '10' second(s)

2021-10-14 17:10:42 - [MESSAGE][INFO] - Smart Wait Function is triggered

2021-10-14 17:10:42 - [MESSAGE][INFO] - Found 22 web elements with id: 'Object Repository/Kullanici_Islemleri/Secenekler' located by 'By.cssSelector: .nav.navbar-nav.navbar-right li a' in '10' second(s)

2021-10-14 17:10:43 - [MESSAGE][PASSED] - Method.TextDegerineEsitElementeTikla is PASSED

2021-10-14 17:10:43 - [TEST_STEP][PASSED] - verifyElementNotPresent(findTestObject("Object Repository/Kullanici_Islemleri/Secenekler"), 10): Web element with id: 'Object Repository/Kullanici_Islemleri/Secenekler' located by 'By.cssSelector: .nav.navbar-nav.navbar-right li a' is not present after '10' second(s)

2021-10-14 17:10:43 - [MESSAGE][INFO] - Finding Test Object 'Object Repository/Kullanici_Islemleri/Secenekler'

2021-10-14 17:10:44 - [MESSAGE][INFO] - Checking object

2021-10-14 17:10:44 - [MESSAGE][INFO] - Checking timeout

2021-10-14 17:10:44 - [MESSAGE][INFO] - Finding web element with id: 'Object Repository/Kullanici_Islemleri/Secenekler' located by 'By.cssSelector: .nav.navbar-nav.navbar-right li a' in '10' second(s)

2021-10-14 17:10:44 - [MESSAGE][INFO] - Smart Wait Function is triggered

2021-10-14 17:10:44 - [MESSAGE][PASSED] - Web element with id: 'Object Repository/Kullanici_Islemleri/Secenekler' located by 'By.cssSelector: .nav.navbar-nav.navbar-right li a' is not present after '10' second(s)

2021-10-14 17:10:44 - [MESSAGE][PASSED] - Call Test Case 'Test Cases/Kullanici_Islemleri/KullaniciIslemlerindenSecimYapilir' successfully

2021-10-14 17:10:44 - [TEST_CASE][PASSED] - Start Test Case : SCENARIO Faturanin Gorselini Ac: SCENARIO Faturanin Gorselini Ac

2021-10-14 17:10:44 - [TEST_STEP][PASSED] - Kullanıcı adı ELOGO6 ve Şifre 123456 olarak giriş yapılır: Kullanıcı adı ELOGO6 ve Şifre 123456 olarak giriş yapılır

2021-10-14 17:10:44 - [MESSAGE][PASSED] - Kullanıcı adı ELOGO6 ve Şifre 123456 olarak giriş yapılır

2021-10-14 17:10:44 - [TEST_STEP][PASSED] - Ana menüden e-Fatura seçilir: Ana menüden e-Fatura seçilir

2021-10-14 17:10:44 - [MESSAGE][PASSED] - Ana menüden e-Fatura seçilir

2021-10-14 17:10:44 - [TEST_STEP][PASSED] - Alt menü Gelen Kutusu başlığı altındaki Faturalar seçilir: Alt menü Gelen Kutusu başlığı altındaki Faturalar seçilir

2021-10-14 17:10:44 - [MESSAGE][PASSED] - Alt menü Gelen Kutusu başlığı altındaki Faturalar seçilir

2021-10-14 17:10:44 - [TEST_STEP][PASSED] - Filtrelerden Oluşturma Tarihi filtresine 01.12.2020 baslangic degerini yaz: Filtrelerden Oluşturma Tarihi filtresine 01.12.2020 baslangic degerini yaz

2021-10-14 17:10:44 - [MESSAGE][PASSED] - Filtrelerden Oluşturma Tarihi filtresine 01.12.2020 baslangic degerini yaz

2021-10-14 17:10:44 - [TEST_STEP][PASSED] - Filtrelerden Oluşturma Tarihi filtresine 31.12.2020 bitis degerini yaz: Filtrelerden Oluşturma Tarihi filtresine 31.12.2020 bitis degerini yaz

2021-10-14 17:10:44 - [MESSAGE][PASSED] - Filtrelerden Oluşturma Tarihi filtresine 31.12.2020 bitis degerini yaz

2021-10-14 17:10:44 - [TEST_STEP][PASSED] - Filtre butonlarından Listele seçilir: Filtre butonlarından Listele seçilir

2021-10-14 17:10:44 - [MESSAGE][PASSED] - Filtre butonlarından Listele seçilir

2021-10-14 17:10:44 - [TEST_STEP][PASSED] - Tabloda veri var mı kontrol edilir: Tabloda veri var mı kontrol edilir

2021-10-14 17:10:44 - [MESSAGE][PASSED] - Tabloda veri var mı kontrol edilir

2021-10-14 17:10:44 - [TEST_STEP][PASSED] - Tablodaki E LOGO 6 isimli verinin Fatura adlı butonuna tıklanır: Tablodaki E LOGO 6 isimli verinin Fatura adlı butonuna tıklanır

2021-10-14 17:10:44 - [MESSAGE][PASSED] - Tablodaki E LOGO 6 isimli verinin Fatura adlı butonuna tıklanır

2021-10-14 17:10:44 - [TEST_STEP][PASSED] - Yeni açılan sekmeye geçilir: Yeni açılan sekmeye geçilir

2021-10-14 17:10:44 - [MESSAGE][PASSED] - Yeni açılan sekmeye geçilir

2021-10-14 17:10:44 - [TEST_STEP][PASSED] - Yeni sekme başlığında e-FATURA var mı kontrol edilir: Yeni sekme başlığında e-FATURA var mı kontrol edilir

2021-10-14 17:10:44 - [MESSAGE][PASSED] - Yeni sekme başlığında e-FATURA var mı kontrol edilir

2021-10-14 17:10:44 - [TEST_STEP][PASSED] - Ana sekmeye geçilir: Ana sekmeye geçilir

2021-10-14 17:10:44 - [MESSAGE][PASSED] - Ana sekmeye geçilir

2021-10-14 17:10:44 - [TEST_STEP][PASSED] - Kullanıcı işlemlerinden Çıkış seçilir: Kullanıcı işlemlerinden Çıkış seçilir

2021-10-14 17:10:44 - [MESSAGE][PASSED] - Kullanıcı işlemlerinden Çıkış seçilir

2021-10-14 17:10:44 - [MESSAGE][PASSED] - Feature file: 'Include/features/e-Fatura/Gelen Kutusu/Faturalar/Gorseli Ac.feature' was passed

2021-10-14 17:10:44 - [TEST_STEP][PASSED] - Start listener action : sampleAfterTestSuite: Invoke 'com.kms.katalon.core.annotation.AfterTestCase' method: 'Listener.sampleAfterTestSuite(...)' completed.

2021-10-14 17:10:44 - [MESSAGE][INFO] - Starting invoke 'com.kms.katalon.core.annotation.AfterTestCase' method: 'Listener.sampleAfterTestSuite(...)'

2021-10-14 17:10:44 - [TEST_STEP][PASSED] - closeBrowser(): Invoke 'com.kms.katalon.core.annotation.AfterTestCase' method: 'Listener.sampleAfterTestSuite(...)' completed.

2021-10-14 17:10:44 - [MESSAGE][INFO] - Closing browser

2021-10-14 17:10:45 - [MESSAGE][PASSED] - Browser is closed

2021-10-14 17:10:45 - [MESSAGE][INFO] - Invoke 'com.kms.katalon.core.annotation.AfterTestCase' method: 'Listener.sampleAfterTestSuite(...)' completed.]]></system-out>
         <system-err><![CDATA[]]></system-err>
      </testcase>
      <testcase name="Test Cases/Case Repository/e-Fatura/Gelen Kutusu/Faturalar/Izleme Kayitlari" time="41.275" classname="Test Cases/Case Repository/e-Fatura/Gelen Kutusu/Faturalar/Izleme Kayitlari" status="PASSED">
         <system-out><![CDATA[2021-10-14 17:10:45 - [TEST_CASE][PASSED] - Test Cases/Case Repository/e-Fatura/Gelen Kutusu/Faturalar/Izleme Kayitlari: Test Cases/Case Repository/e-Fatura/Gelen Kutusu/Faturalar/Izleme Kayitlari

2021-10-14 17:10:45 - [TEST_STEP][PASSED] - Start listener action : sampleBeforeTestSuite: Invoke 'com.kms.katalon.core.annotation.BeforeTestCase' method: 'Listener.sampleBeforeTestSuite(...)' completed.

2021-10-14 17:10:45 - [MESSAGE][INFO] - Starting invoke 'com.kms.katalon.core.annotation.BeforeTestCase' method: 'Listener.sampleBeforeTestSuite(...)'

2021-10-14 17:10:45 - [TEST_STEP][PASSED] - openBrowser(baseUrl): Browser is opened with url: 'https://efatura-stage.elogo.com.tr/'

2021-10-14 17:10:45 - [MESSAGE][INFO] - Opening browser

2021-10-14 17:10:45 - [MESSAGE][INFO] - Starting 'Chrome' driver

2021-10-14 17:10:45 - [MESSAGE][INFO] - User set preference: ['prefs', '{download.default_directory=C:\otomasyondownfiles}']

2021-10-14 17:10:45 - [MESSAGE][INFO] - Action delay is set to 0 milliseconds

2021-10-14 17:10:46 - [MESSAGE][INFO] - Navigating browser to: 'https://efatura-stage.elogo.com.tr/'

2021-10-14 17:10:48 - [MESSAGE][PASSED] - Browser is opened with url: 'https://efatura-stage.elogo.com.tr/'

2021-10-14 17:10:48 - [TEST_STEP][PASSED] - maximizeWindow(): Invoke 'com.kms.katalon.core.annotation.BeforeTestCase' method: 'Listener.sampleBeforeTestSuite(...)' completed.

2021-10-14 17:10:48 - [MESSAGE][INFO] - Maximizing current window

2021-10-14 17:10:48 - [MESSAGE][PASSED] - Current window maximized

2021-10-14 17:10:48 - [MESSAGE][INFO] - Invoke 'com.kms.katalon.core.annotation.BeforeTestCase' method: 'Listener.sampleBeforeTestSuite(...)' completed.

2021-10-14 17:10:49 - [TEST_STEP][PASSED] - runFeatureFile("Include/features/e-Fatura/Gelen Kutusu/Faturalar/Izleme Kayitlari.feature"): Feature file: 'Include/features/e-Fatura/Gelen Kutusu/Faturalar/Izleme Kayitlari.feature' was passed

2021-10-14 17:10:49 - [MESSAGE][INFO] - Starting run keyword runFeatureFile: 'Include/features/e-Fatura/Gelen Kutusu/Faturalar/Izleme Kayitlari.feature' and extract report to folder: 'C:\Users\DELL\Downloads\EES_Katalon-main\Reports\20211014_170112\Suite Repository\e-Fatura\20211014_170113/cucumber_report/1634220649355'...

2021-10-14 17:10:49 - [MESSAGE][INFO] - Glue: []

2021-10-14 17:10:50 - [MESSAGE][INFO] - Checking called Test Case

2021-10-14 17:10:50 - [MESSAGE][INFO] - Starting to call Test Case 'Test Cases/Sayfalar/Giris_Sayfasi/Login'

2021-10-14 17:10:50 - [TEST_CASE][PASSED] - Test Cases/Sayfalar/Giris_Sayfasi/Login: Test Cases/Sayfalar/Giris_Sayfasi/Login

2021-10-14 17:10:50 - [TEST_STEP][PASSED] - Sayfa_Basligi = getWindowTitle(): Current window's title is: 'LOGO e-Fatura'

2021-10-14 17:10:50 - [MESSAGE][INFO] - Getting current window's title

2021-10-14 17:10:50 - [MESSAGE][PASSED] - Current window's title is: 'LOGO e-Fatura'

2021-10-14 17:10:50 - [TEST_STEP][PASSED] - verifyMatch(Sayfa_Basligi, "LOGO e-Fatura", false): Actual text 'LOGO e-Fatura' and expected text 'LOGO e-Fatura' are matched 

2021-10-14 17:10:50 - [MESSAGE][INFO] - Matching actual text 'LOGO e-Fatura' with expected text 'LOGO e-Fatura'

2021-10-14 17:10:50 - [MESSAGE][PASSED] - Actual text 'LOGO e-Fatura' and expected text 'LOGO e-Fatura' are matched 

2021-10-14 17:10:50 - [TEST_STEP][PASSED] - sendKeys(findTestObject("Sayfalar/Giris_Sayfasi/Firma_Kodu"), KullaniciAdi): Keys 'ELOGO6' sent to object: 'Object Repository/Sayfalar/Giris_Sayfasi/Firma_Kodu'

2021-10-14 17:10:50 - [MESSAGE][INFO] - Finding Test Object 'Object Repository/Sayfalar/Giris_Sayfasi/Firma_Kodu'

2021-10-14 17:10:50 - [MESSAGE][INFO] - Sending keys 'ELOGO6' to object: 'Object Repository/Sayfalar/Giris_Sayfasi/Firma_Kodu'

2021-10-14 17:10:50 - [MESSAGE][INFO] - Finding web element from Test Object's properties

2021-10-14 17:10:50 - [MESSAGE][INFO] - Checking timeout

2021-10-14 17:10:50 - [MESSAGE][INFO] - Finding web element with id: 'Object Repository/Sayfalar/Giris_Sayfasi/Firma_Kodu' located by 'By.xpath: //*[@id = 'AccountName']' in '30' second(s)

2021-10-14 17:10:50 - [MESSAGE][INFO] - Smart Wait Function is triggered

2021-10-14 17:10:51 - [MESSAGE][INFO] - Found 1 web elements with id: 'Object Repository/Sayfalar/Giris_Sayfasi/Firma_Kodu' located by 'By.xpath: //*[@id = 'AccountName']' in '30' second(s)

2021-10-14 17:10:51 - [MESSAGE][PASSED] - Keys 'ELOGO6' sent to object: 'Object Repository/Sayfalar/Giris_Sayfasi/Firma_Kodu'

2021-10-14 17:10:51 - [TEST_STEP][PASSED] - sendKeys(findTestObject("Sayfalar/Giris_Sayfasi/Sifre"), Sifre): Keys '123456' sent to object: 'Object Repository/Sayfalar/Giris_Sayfasi/Sifre'

2021-10-14 17:10:51 - [MESSAGE][INFO] - Finding Test Object 'Object Repository/Sayfalar/Giris_Sayfasi/Sifre'

2021-10-14 17:10:51 - [MESSAGE][INFO] - Sending keys '123456' to object: 'Object Repository/Sayfalar/Giris_Sayfasi/Sifre'

2021-10-14 17:10:51 - [MESSAGE][INFO] - Finding web element from Test Object's properties

2021-10-14 17:10:51 - [MESSAGE][INFO] - Checking timeout

2021-10-14 17:10:51 - [MESSAGE][INFO] - Finding web element with id: 'Object Repository/Sayfalar/Giris_Sayfasi/Sifre' located by 'By.xpath: //*[@id = 'Password']' in '30' second(s)

2021-10-14 17:10:51 - [MESSAGE][INFO] - Smart Wait Function is triggered

2021-10-14 17:10:51 - [MESSAGE][INFO] - Found 1 web elements with id: 'Object Repository/Sayfalar/Giris_Sayfasi/Sifre' located by 'By.xpath: //*[@id = 'Password']' in '30' second(s)

2021-10-14 17:10:51 - [MESSAGE][PASSED] - Keys '123456' sent to object: 'Object Repository/Sayfalar/Giris_Sayfasi/Sifre'

2021-10-14 17:10:51 - [TEST_STEP][PASSED] - findWebElement(findTestObject("Sayfalar/Giris_Sayfasi/Giris_Butonu")).click(): Found 1 web elements with id: 'Object Repository/Sayfalar/Giris_Sayfasi/Giris_Butonu' located by 'By.cssSelector: #btnLogin' in '30' second(s)

2021-10-14 17:10:51 - [MESSAGE][INFO] - Finding Test Object 'Object Repository/Sayfalar/Giris_Sayfasi/Giris_Butonu'

2021-10-14 17:10:52 - [MESSAGE][INFO] - Finding web element from Test Object's properties

2021-10-14 17:10:52 - [MESSAGE][INFO] - Checking timeout

2021-10-14 17:10:52 - [MESSAGE][INFO] - Finding web element with id: 'Object Repository/Sayfalar/Giris_Sayfasi/Giris_Butonu' located by 'By.cssSelector: #btnLogin' in '30' second(s)

2021-10-14 17:10:52 - [MESSAGE][INFO] - Smart Wait Function is triggered

2021-10-14 17:10:52 - [MESSAGE][INFO] - Found 1 web elements with id: 'Object Repository/Sayfalar/Giris_Sayfasi/Giris_Butonu' located by 'By.cssSelector: #btnLogin' in '30' second(s)

2021-10-14 17:10:55 - [TEST_STEP][PASSED] - if (verifyElementPresent(findTestObject("Object Repository/Sayfalar/Giris_Sayfasi/RetveTamam_Butonu"), 5, OPTIONAL)): null

2021-10-14 17:10:55 - [MESSAGE][INFO] - Finding Test Object 'Object Repository/Sayfalar/Giris_Sayfasi/RetveTamam_Butonu'

2021-10-14 17:10:55 - [MESSAGE][INFO] - Checking object

2021-10-14 17:10:55 - [MESSAGE][INFO] - Finding web element from Test Object's properties

2021-10-14 17:10:55 - [MESSAGE][INFO] - Checking timeout

2021-10-14 17:10:55 - [MESSAGE][INFO] - Finding web element with id: 'Object Repository/Sayfalar/Giris_Sayfasi/RetveTamam_Butonu' located by 'By.xpath: //*[@class = 'btn btn-default']' in '5' second(s)

2021-10-14 17:10:55 - [MESSAGE][INFO] - Smart Wait Function is triggered

2021-10-14 17:10:56 - [MESSAGE][INFO] - Found 1 web elements with id: 'Object Repository/Sayfalar/Giris_Sayfasi/RetveTamam_Butonu' located by 'By.xpath: //*[@class = 'btn btn-default']' in '5' second(s)

2021-10-14 17:10:56 - [MESSAGE][PASSED] - Object 'Object Repository/Sayfalar/Giris_Sayfasi/RetveTamam_Butonu' is present

2021-10-14 17:10:56 - [TEST_STEP][PASSED] - click(findTestObject("Object Repository/Sayfalar/Giris_Sayfasi/RetveTamam_Butonu")): Object: 'Object Repository/Sayfalar/Giris_Sayfasi/RetveTamam_Butonu' is clicked on

2021-10-14 17:10:56 - [MESSAGE][INFO] - Finding Test Object 'Object Repository/Sayfalar/Giris_Sayfasi/RetveTamam_Butonu'

2021-10-14 17:10:56 - [MESSAGE][INFO] - Checking object

2021-10-14 17:10:56 - [MESSAGE][INFO] - Finding web element from Test Object's properties

2021-10-14 17:10:56 - [MESSAGE][INFO] - Checking timeout

2021-10-14 17:10:56 - [MESSAGE][INFO] - Finding web element with id: 'Object Repository/Sayfalar/Giris_Sayfasi/RetveTamam_Butonu' located by 'By.xpath: //*[@class = 'btn btn-default']' in '30' second(s)

2021-10-14 17:10:56 - [MESSAGE][INFO] - Smart Wait Function is triggered

2021-10-14 17:10:56 - [MESSAGE][INFO] - Found 1 web elements with id: 'Object Repository/Sayfalar/Giris_Sayfasi/RetveTamam_Butonu' located by 'By.xpath: //*[@class = 'btn btn-default']' in '30' second(s)

2021-10-14 17:10:56 - [MESSAGE][INFO] - Clicking on object: 'Object Repository/Sayfalar/Giris_Sayfasi/RetveTamam_Butonu'

2021-10-14 17:10:56 - [MESSAGE][PASSED] - Object: 'Object Repository/Sayfalar/Giris_Sayfasi/RetveTamam_Butonu' is clicked on

2021-10-14 17:10:56 - [TEST_STEP][PASSED] - click(findTestObject("Object Repository/Sayfalar/Giris_Sayfasi/RetveTamam_Butonu")): Object: 'Object Repository/Sayfalar/Giris_Sayfasi/RetveTamam_Butonu' is clicked on

2021-10-14 17:10:56 - [MESSAGE][INFO] - Finding Test Object 'Object Repository/Sayfalar/Giris_Sayfasi/RetveTamam_Butonu'

2021-10-14 17:10:56 - [MESSAGE][INFO] - Checking object

2021-10-14 17:10:56 - [MESSAGE][INFO] - Finding web element from Test Object's properties

2021-10-14 17:10:56 - [MESSAGE][INFO] - Checking timeout

2021-10-14 17:10:56 - [MESSAGE][INFO] - Finding web element with id: 'Object Repository/Sayfalar/Giris_Sayfasi/RetveTamam_Butonu' located by 'By.xpath: //*[@class = 'btn btn-default']' in '30' second(s)

2021-10-14 17:10:56 - [MESSAGE][INFO] - Smart Wait Function is triggered

2021-10-14 17:10:58 - [MESSAGE][INFO] - Found 1 web elements with id: 'Object Repository/Sayfalar/Giris_Sayfasi/RetveTamam_Butonu' located by 'By.xpath: //*[@class = 'btn btn-default']' in '30' second(s)

2021-10-14 17:10:58 - [MESSAGE][INFO] - Clicking on object: 'Object Repository/Sayfalar/Giris_Sayfasi/RetveTamam_Butonu'

2021-10-14 17:10:58 - [MESSAGE][PASSED] - Object: 'Object Repository/Sayfalar/Giris_Sayfasi/RetveTamam_Butonu' is clicked on

2021-10-14 17:10:58 - [TEST_STEP][PASSED] - if (verifyElementPresent(findTestObject("Sayfalar/Giris_Sayfasi/PopupOK"), 5, OPTIONAL)): null

2021-10-14 17:10:58 - [MESSAGE][INFO] - Finding Test Object 'Object Repository/Sayfalar/Giris_Sayfasi/PopupOK'

2021-10-14 17:10:58 - [MESSAGE][INFO] - Checking object

2021-10-14 17:10:58 - [MESSAGE][INFO] - Finding web element from Test Object's properties

2021-10-14 17:10:58 - [MESSAGE][INFO] - Checking timeout

2021-10-14 17:10:58 - [MESSAGE][INFO] - Finding web element with id: 'Object Repository/Sayfalar/Giris_Sayfasi/PopupOK' located by 'By.cssSelector: .btn.btn-success' in '5' second(s)

2021-10-14 17:10:58 - [MESSAGE][INFO] - Smart Wait Function is triggered

2021-10-14 17:10:59 - [MESSAGE][INFO] - Found 1 web elements with id: 'Object Repository/Sayfalar/Giris_Sayfasi/PopupOK' located by 'By.cssSelector: .btn.btn-success' in '5' second(s)

2021-10-14 17:10:59 - [MESSAGE][PASSED] - Object 'Object Repository/Sayfalar/Giris_Sayfasi/PopupOK' is present

2021-10-14 17:10:59 - [TEST_STEP][PASSED] - click(findTestObject("Object Repository/Sayfalar/Giris_Sayfasi/PopupCarpiGiris")): Object: 'Object Repository/Sayfalar/Giris_Sayfasi/PopupCarpiGiris' is clicked on

2021-10-14 17:10:59 - [MESSAGE][INFO] - Finding Test Object 'Object Repository/Sayfalar/Giris_Sayfasi/PopupCarpiGiris'

2021-10-14 17:10:59 - [MESSAGE][INFO] - Checking object

2021-10-14 17:10:59 - [MESSAGE][INFO] - Finding web element from Test Object's properties

2021-10-14 17:10:59 - [MESSAGE][INFO] - Checking timeout

2021-10-14 17:10:59 - [MESSAGE][INFO] - Finding web element with id: 'Object Repository/Sayfalar/Giris_Sayfasi/PopupCarpiGiris' located by 'By.cssSelector: .bootbox-close-button.close' in '30' second(s)

2021-10-14 17:10:59 - [MESSAGE][INFO] - Smart Wait Function is triggered

2021-10-14 17:10:59 - [MESSAGE][INFO] - Found 1 web elements with id: 'Object Repository/Sayfalar/Giris_Sayfasi/PopupCarpiGiris' located by 'By.cssSelector: .bootbox-close-button.close' in '30' second(s)

2021-10-14 17:10:59 - [MESSAGE][INFO] - Clicking on object: 'Object Repository/Sayfalar/Giris_Sayfasi/PopupCarpiGiris'

2021-10-14 17:10:59 - [MESSAGE][PASSED] - Object: 'Object Repository/Sayfalar/Giris_Sayfasi/PopupCarpiGiris' is clicked on

2021-10-14 17:10:59 - [TEST_STEP][PASSED] - verifyElementVisible(findTestObject("Object Repository/Kullanici_Islemleri/KullaniciIslemleri")): Object 'Object Repository/Kullanici_Islemleri/KullaniciIslemleri' is visible

2021-10-14 17:10:59 - [MESSAGE][INFO] - Finding Test Object 'Object Repository/Kullanici_Islemleri/KullaniciIslemleri'

2021-10-14 17:10:59 - [MESSAGE][INFO] - Checking object

2021-10-14 17:10:59 - [MESSAGE][INFO] - Finding web element from Test Object's properties

2021-10-14 17:10:59 - [MESSAGE][INFO] - Checking timeout

2021-10-14 17:10:59 - [MESSAGE][INFO] - Finding web element with id: 'Object Repository/Kullanici_Islemleri/KullaniciIslemleri' located by 'By.cssSelector: .dropdown>a>img' in '30' second(s)

2021-10-14 17:10:59 - [MESSAGE][INFO] - Smart Wait Function is triggered

2021-10-14 17:11:00 - [MESSAGE][INFO] - Found 1 web elements with id: 'Object Repository/Kullanici_Islemleri/KullaniciIslemleri' located by 'By.cssSelector: .dropdown>a>img' in '30' second(s)

2021-10-14 17:11:00 - [MESSAGE][PASSED] - Object 'Object Repository/Kullanici_Islemleri/KullaniciIslemleri' is visible

2021-10-14 17:11:00 - [MESSAGE][PASSED] - Call Test Case 'Test Cases/Sayfalar/Giris_Sayfasi/Login' successfully

2021-10-14 17:11:00 - [MESSAGE][INFO] - Checking called Test Case

2021-10-14 17:11:00 - [MESSAGE][INFO] - Starting to call Test Case 'Test Cases/Menu/AnaMenuSecimi'

2021-10-14 17:11:00 - [TEST_CASE][PASSED] - Test Cases/Menu/AnaMenuSecimi: Test Cases/Menu/AnaMenuSecimi

2021-10-14 17:11:00 - [TEST_STEP][PASSED] - Method.TextDegerineEsitElementeTikla(findTestObject("Menu/Ana_Menu"), Ana_Menu): Method.TextDegerineEsitElementeTikla is PASSED

2021-10-14 17:11:00 - [MESSAGE][INFO] - Finding Test Object 'Object Repository/Menu/Ana_Menu'

2021-10-14 17:11:00 - [MESSAGE][INFO] - Checking timeout

2021-10-14 17:11:00 - [MESSAGE][INFO] - Finding web element with id: 'Object Repository/Menu/Ana_Menu' located by 'By.xpath: //*[@class = 'dropdown-toggle']' in '10' second(s)

2021-10-14 17:11:00 - [MESSAGE][INFO] - Smart Wait Function is triggered

2021-10-14 17:11:01 - [MESSAGE][INFO] - Found 14 web elements with id: 'Object Repository/Menu/Ana_Menu' located by 'By.xpath: //*[@class = 'dropdown-toggle']' in '10' second(s)

2021-10-14 17:11:01 - [MESSAGE][PASSED] - Method.TextDegerineEsitElementeTikla is PASSED

2021-10-14 17:11:01 - [MESSAGE][PASSED] - Call Test Case 'Test Cases/Menu/AnaMenuSecimi' successfully

2021-10-14 17:11:01 - [MESSAGE][INFO] - Checking called Test Case

2021-10-14 17:11:01 - [MESSAGE][INFO] - Starting to call Test Case 'Test Cases/Menu/BasligaGoreAltMenuSecimi'

2021-10-14 17:11:01 - [TEST_CASE][PASSED] - Test Cases/Menu/BasligaGoreAltMenuSecimi: Test Cases/Menu/BasligaGoreAltMenuSecimi

2021-10-14 17:11:01 - [TEST_STEP][PASSED] - Method.TextDegerineEsitElementinAltindakiTextDegerineEsitOlanaTikla(findTestObject("Menu/Menu_Basligi"), findTestObject("Menu/Basliga_Gore_Alt_Menu"), Baslik, Alt_Menu): Method.TextDegerineEsitElementinAltindakiTextDegerineEsitOlanaTikla is PASSED

2021-10-14 17:11:01 - [MESSAGE][INFO] - Finding Test Object 'Object Repository/Menu/Menu_Basligi'

2021-10-14 17:11:01 - [MESSAGE][INFO] - Finding Test Object 'Object Repository/Menu/Basliga_Gore_Alt_Menu'

2021-10-14 17:11:01 - [MESSAGE][INFO] - Checking timeout

2021-10-14 17:11:01 - [MESSAGE][INFO] - Finding web element with id: 'Object Repository/Menu/Menu_Basligi' located by 'By.xpath: //li[@class='dropdown dropdown-large open']//li[@class='dropdown-header']' in '10' second(s)

2021-10-14 17:11:01 - [MESSAGE][INFO] - Smart Wait Function is triggered

2021-10-14 17:11:01 - [MESSAGE][INFO] - Found 3 web elements with id: 'Object Repository/Menu/Menu_Basligi' located by 'By.xpath: //li[@class='dropdown dropdown-large open']//li[@class='dropdown-header']' in '10' second(s)

2021-10-14 17:11:01 - [MESSAGE][INFO] - Smart Wait Function is triggered

2021-10-14 17:11:04 - [MESSAGE][PASSED] - Method.TextDegerineEsitElementinAltindakiTextDegerineEsitOlanaTikla is PASSED

2021-10-14 17:11:04 - [MESSAGE][PASSED] - Call Test Case 'Test Cases/Menu/BasligaGoreAltMenuSecimi' successfully

2021-10-14 17:11:04 - [MESSAGE][INFO] - Checking called Test Case

2021-10-14 17:11:04 - [MESSAGE][INFO] - Starting to call Test Case 'Test Cases/Filtreler/BaslangicYaz'

2021-10-14 17:11:04 - [TEST_CASE][PASSED] - Test Cases/Filtreler/BaslangicYaz: Test Cases/Filtreler/BaslangicYaz

2021-10-14 17:11:04 - [TEST_STEP][PASSED] - Method.TextDegerineEsitElementinAltindakineTikla(findTestObject("Filtreler/Basliklar"), findTestObject("Filtreler/Basliga_Gore_Baslangic_Image"), Filtre_Adi): Method.TextDegerineEsitElementinAltindakineTikla is PASSED

2021-10-14 17:11:04 - [MESSAGE][INFO] - Finding Test Object 'Object Repository/Filtreler/Basliklar'

2021-10-14 17:11:04 - [MESSAGE][INFO] - Finding Test Object 'Object Repository/Filtreler/Basliga_Gore_Baslangic_Image'

2021-10-14 17:11:04 - [MESSAGE][INFO] - Checking timeout

2021-10-14 17:11:04 - [MESSAGE][INFO] - Finding web element with id: 'Object Repository/Filtreler/Basliklar' located by 'By.cssSelector: .control-label.col-sm-4.paddingMarginRLC' in '10' second(s)

2021-10-14 17:11:04 - [MESSAGE][INFO] - Smart Wait Function is triggered

2021-10-14 17:11:04 - [MESSAGE][INFO] - Found 19 web elements with id: 'Object Repository/Filtreler/Basliklar' located by 'By.cssSelector: .control-label.col-sm-4.paddingMarginRLC' in '10' second(s)

2021-10-14 17:11:04 - [MESSAGE][INFO] - Smart Wait Function is triggered

2021-10-14 17:11:05 - [MESSAGE][PASSED] - Method.TextDegerineEsitElementinAltindakineTikla is PASSED

2021-10-14 17:11:05 - [TEST_STEP][PASSED] - Method.TextDegerineEsitElementinAltindakiTextboxtaYaz(findTestObject("Filtreler/Basliklar"), findTestObject("Filtreler/Basliga_Gore_Baslangic"), Filtre_Adi, Filtre_Degeri): Method.TextDegerineEsitElementinAltindakiTextboxtaYaz is PASSED

2021-10-14 17:11:05 - [MESSAGE][INFO] - Finding Test Object 'Object Repository/Filtreler/Basliklar'

2021-10-14 17:11:05 - [MESSAGE][INFO] - Finding Test Object 'Object Repository/Filtreler/Basliga_Gore_Baslangic'

2021-10-14 17:11:05 - [MESSAGE][INFO] - Checking timeout

2021-10-14 17:11:05 - [MESSAGE][INFO] - Finding web element with id: 'Object Repository/Filtreler/Basliklar' located by 'By.cssSelector: .control-label.col-sm-4.paddingMarginRLC' in '10' second(s)

2021-10-14 17:11:05 - [MESSAGE][INFO] - Smart Wait Function is triggered

2021-10-14 17:11:05 - [MESSAGE][INFO] - Found 19 web elements with id: 'Object Repository/Filtreler/Basliklar' located by 'By.cssSelector: .control-label.col-sm-4.paddingMarginRLC' in '10' second(s)

2021-10-14 17:11:05 - [MESSAGE][INFO] - Smart Wait Function is triggered

2021-10-14 17:11:06 - [MESSAGE][PASSED] - Method.TextDegerineEsitElementinAltindakiTextboxtaYaz is PASSED

2021-10-14 17:11:06 - [MESSAGE][PASSED] - Call Test Case 'Test Cases/Filtreler/BaslangicYaz' successfully

2021-10-14 17:11:06 - [MESSAGE][INFO] - Checking called Test Case

2021-10-14 17:11:06 - [MESSAGE][INFO] - Starting to call Test Case 'Test Cases/Filtreler/BitisYaz'

2021-10-14 17:11:06 - [TEST_CASE][PASSED] - Test Cases/Filtreler/BitisYaz: Test Cases/Filtreler/BitisYaz

2021-10-14 17:11:06 - [TEST_STEP][PASSED] - Method.TextDegerineEsitElementinAltindakineTikla(findTestObject("Filtreler/Basliklar"), findTestObject("Filtreler/Basliga_Gore_Bitis_Image"), Filtre_Adi): Method.TextDegerineEsitElementinAltindakineTikla is PASSED

2021-10-14 17:11:06 - [MESSAGE][INFO] - Finding Test Object 'Object Repository/Filtreler/Basliklar'

2021-10-14 17:11:06 - [MESSAGE][INFO] - Finding Test Object 'Object Repository/Filtreler/Basliga_Gore_Bitis_Image'

2021-10-14 17:11:06 - [MESSAGE][INFO] - Checking timeout

2021-10-14 17:11:06 - [MESSAGE][INFO] - Finding web element with id: 'Object Repository/Filtreler/Basliklar' located by 'By.cssSelector: .control-label.col-sm-4.paddingMarginRLC' in '10' second(s)

2021-10-14 17:11:06 - [MESSAGE][INFO] - Smart Wait Function is triggered

2021-10-14 17:11:07 - [MESSAGE][INFO] - Found 19 web elements with id: 'Object Repository/Filtreler/Basliklar' located by 'By.cssSelector: .control-label.col-sm-4.paddingMarginRLC' in '10' second(s)

2021-10-14 17:11:07 - [MESSAGE][INFO] - Smart Wait Function is triggered

2021-10-14 17:11:07 - [MESSAGE][PASSED] - Method.TextDegerineEsitElementinAltindakineTikla is PASSED

2021-10-14 17:11:07 - [TEST_STEP][PASSED] - Method.TextDegerineEsitElementinAltindakiTextboxtaYaz(findTestObject("Filtreler/Basliklar"), findTestObject("Object Repository/Filtreler/Basliga_Gore_Bitis"), Filtre_Adi, Filtre_Degeri): Method.TextDegerineEsitElementinAltindakiTextboxtaYaz is PASSED

2021-10-14 17:11:07 - [MESSAGE][INFO] - Finding Test Object 'Object Repository/Filtreler/Basliklar'

2021-10-14 17:11:07 - [MESSAGE][INFO] - Finding Test Object 'Object Repository/Filtreler/Basliga_Gore_Bitis'

2021-10-14 17:11:07 - [MESSAGE][INFO] - Checking timeout

2021-10-14 17:11:07 - [MESSAGE][INFO] - Finding web element with id: 'Object Repository/Filtreler/Basliklar' located by 'By.cssSelector: .control-label.col-sm-4.paddingMarginRLC' in '10' second(s)

2021-10-14 17:11:07 - [MESSAGE][INFO] - Smart Wait Function is triggered

2021-10-14 17:11:08 - [MESSAGE][INFO] - Found 19 web elements with id: 'Object Repository/Filtreler/Basliklar' located by 'By.cssSelector: .control-label.col-sm-4.paddingMarginRLC' in '10' second(s)

2021-10-14 17:11:08 - [MESSAGE][INFO] - Smart Wait Function is triggered

2021-10-14 17:11:08 - [MESSAGE][PASSED] - Method.TextDegerineEsitElementinAltindakiTextboxtaYaz is PASSED

2021-10-14 17:11:08 - [MESSAGE][PASSED] - Call Test Case 'Test Cases/Filtreler/BitisYaz' successfully

2021-10-14 17:11:08 - [MESSAGE][INFO] - Checking called Test Case

2021-10-14 17:11:08 - [MESSAGE][INFO] - Starting to call Test Case 'Test Cases/Filtreler/ButonaTikla'

2021-10-14 17:11:08 - [TEST_CASE][PASSED] - Test Cases/Filtreler/ButonaTikla: Test Cases/Filtreler/ButonaTikla

2021-10-14 17:11:08 - [TEST_STEP][PASSED] - Method.TextDegerineEsitElementeTikla(findTestObject("Filtreler/Butonlar"), Filtre_Buton): Method.TextDegerineEsitElementeTikla is PASSED

2021-10-14 17:11:08 - [MESSAGE][INFO] - Finding Test Object 'Object Repository/Filtreler/Butonlar'

2021-10-14 17:11:08 - [MESSAGE][INFO] - Checking timeout

2021-10-14 17:11:08 - [MESSAGE][INFO] - Finding web element with id: 'Object Repository/Filtreler/Butonlar' located by 'By.cssSelector: .dxb>span' in '10' second(s)

2021-10-14 17:11:08 - [MESSAGE][INFO] - Smart Wait Function is triggered

2021-10-14 17:11:09 - [MESSAGE][INFO] - Found 3 web elements with id: 'Object Repository/Filtreler/Butonlar' located by 'By.cssSelector: .dxb>span' in '10' second(s)

2021-10-14 17:11:09 - [MESSAGE][PASSED] - Method.TextDegerineEsitElementeTikla is PASSED

2021-10-14 17:11:09 - [MESSAGE][PASSED] - Call Test Case 'Test Cases/Filtreler/ButonaTikla' successfully

2021-10-14 17:11:09 - [MESSAGE][INFO] - Checking called Test Case

2021-10-14 17:11:09 - [MESSAGE][INFO] - Starting to call Test Case 'Test Cases/Tablo/TablodaVeriVarMi'

2021-10-14 17:11:09 - [TEST_CASE][PASSED] - Test Cases/Tablo/TablodaVeriVarMi: Test Cases/Tablo/TablodaVeriVarMi

2021-10-14 17:11:09 - [TEST_STEP][PASSED] - verifyTextNotPresent("Görüntülenecek veri yok", true): Text 'Görüntülenecek veri yok' is not present on page using regular expression

2021-10-14 17:11:09 - [MESSAGE][INFO] - Checking text present  using regular expression

2021-10-14 17:11:09 - [MESSAGE][INFO] - Smart Wait Function is triggered

2021-10-14 17:11:10 - [MESSAGE][INFO] - Finding text 'Görüntülenecek veri yok' on page  using regular expression

2021-10-14 17:11:10 - [MESSAGE][PASSED] - Text 'Görüntülenecek veri yok' is not present on page using regular expression

2021-10-14 17:11:10 - [MESSAGE][PASSED] - Call Test Case 'Test Cases/Tablo/TablodaVeriVarMi' successfully

2021-10-14 17:11:10 - [MESSAGE][INFO] - Checking called Test Case

2021-10-14 17:11:10 - [MESSAGE][INFO] - Starting to call Test Case 'Test Cases/Tablo/TablodanVeriSec'

2021-10-14 17:11:10 - [TEST_CASE][PASSED] - Test Cases/Tablo/TablodanVeriSec: Test Cases/Tablo/TablodanVeriSec

2021-10-14 17:11:10 - [TEST_STEP][PASSED] - Method.TextDegerineEsitElementinAltindakineTikla(findTestObject("Tablo/Veriler"), findTestObject("Tablo/VerininCheckBoxi"), Veri_Adi): Method.TextDegerineEsitElementinAltindakineTikla is PASSED

2021-10-14 17:11:10 - [MESSAGE][INFO] - Finding Test Object 'Object Repository/Tablo/Veriler'

2021-10-14 17:11:10 - [MESSAGE][INFO] - Finding Test Object 'Object Repository/Tablo/VerininCheckBoxi'

2021-10-14 17:11:10 - [MESSAGE][INFO] - Checking timeout

2021-10-14 17:11:10 - [MESSAGE][INFO] - Finding web element with id: 'Object Repository/Tablo/Veriler' located by 'By.cssSelector: td.dxgv b ,td.dxgv' in '10' second(s)

2021-10-14 17:11:10 - [MESSAGE][INFO] - Smart Wait Function is triggered

2021-10-14 17:11:10 - [MESSAGE][INFO] - Found 140 web elements with id: 'Object Repository/Tablo/Veriler' located by 'By.cssSelector: td.dxgv b ,td.dxgv' in '10' second(s)

2021-10-14 17:11:11 - [MESSAGE][INFO] - Smart Wait Function is triggered

2021-10-14 17:11:11 - [MESSAGE][PASSED] - Method.TextDegerineEsitElementinAltindakineTikla is PASSED

2021-10-14 17:11:11 - [MESSAGE][PASSED] - Call Test Case 'Test Cases/Tablo/TablodanVeriSec' successfully

2021-10-14 17:11:11 - [MESSAGE][INFO] - Checking called Test Case

2021-10-14 17:11:11 - [MESSAGE][INFO] - Starting to call Test Case 'Test Cases/Butonlar/ButonaTikla'

2021-10-14 17:11:11 - [TEST_CASE][PASSED] - Test Cases/Butonlar/ButonaTikla: Test Cases/Butonlar/ButonaTikla

2021-10-14 17:11:11 - [TEST_STEP][PASSED] - Method.TextDegerineEsitElementeTiklaEquals(findTestObject("Butonlar/Butonlar"), Buton_Adi): Method.TextDegerineEsitElementeTiklaEquals is PASSED

2021-10-14 17:11:11 - [MESSAGE][INFO] - Finding Test Object 'Object Repository/Butonlar/Butonlar'

2021-10-14 17:11:11 - [MESSAGE][INFO] - Checking timeout

2021-10-14 17:11:11 - [MESSAGE][INFO] - Finding web element with id: 'Object Repository/Butonlar/Butonlar' located by 'By.cssSelector: .panel.panel-default.text-center.footerPanel .btn,.btn.btn-primary.btnControls' in '10' second(s)

2021-10-14 17:11:11 - [MESSAGE][INFO] - Smart Wait Function is triggered

2021-10-14 17:11:12 - [MESSAGE][INFO] - Found 15 web elements with id: 'Object Repository/Butonlar/Butonlar' located by 'By.cssSelector: .panel.panel-default.text-center.footerPanel .btn,.btn.btn-primary.btnControls' in '10' second(s)

2021-10-14 17:11:12 - [MESSAGE][PASSED] - Method.TextDegerineEsitElementeTiklaEquals is PASSED

2021-10-14 17:11:12 - [MESSAGE][PASSED] - Call Test Case 'Test Cases/Butonlar/ButonaTikla' successfully

2021-10-14 17:11:12 - [MESSAGE][INFO] - Checking called Test Case

2021-10-14 17:11:12 - [MESSAGE][INFO] - Starting to call Test Case 'Test Cases/Sekmeler/YeniSekmeyeGec'

2021-10-14 17:11:12 - [TEST_CASE][PASSED] - Test Cases/Sekmeler/YeniSekmeyeGec: Test Cases/Sekmeler/YeniSekmeyeGec

2021-10-14 17:11:12 - [TEST_STEP][PASSED] - switchToWindowIndex(1): Switched to window with index: '1'

2021-10-14 17:11:12 - [MESSAGE][INFO] - Checking index

2021-10-14 17:11:12 - [MESSAGE][INFO] - Switching window with index: '1'

2021-10-14 17:11:12 - [MESSAGE][PASSED] - Switched to window with index: '1'

2021-10-14 17:11:12 - [MESSAGE][PASSED] - Call Test Case 'Test Cases/Sekmeler/YeniSekmeyeGec' successfully

2021-10-14 17:11:12 - [MESSAGE][INFO] - Checking called Test Case

2021-10-14 17:11:12 - [MESSAGE][INFO] - Starting to call Test Case 'Test Cases/Sekmeler/GecmisGeldiMi'

2021-10-14 17:11:12 - [TEST_CASE][PASSED] - Test Cases/Sekmeler/GecmisGeldiMi: Test Cases/Sekmeler/GecmisGeldiMi

2021-10-14 17:11:13 - [TEST_STEP][PASSED] - waitForElementVisible(findTestObject("Object Repository/Sekmeler/GecmisBaslik"), 10): Object 'Object Repository/Sekmeler/GecmisBaslik' is visible

2021-10-14 17:11:13 - [MESSAGE][INFO] - Finding Test Object 'Object Repository/Sekmeler/GecmisBaslik'

2021-10-14 17:11:13 - [MESSAGE][INFO] - Checking object

2021-10-14 17:11:13 - [MESSAGE][INFO] - Checking timeout

2021-10-14 17:11:13 - [MESSAGE][INFO] - Finding web element from Test Object's properties

2021-10-14 17:11:13 - [MESSAGE][INFO] - Checking timeout

2021-10-14 17:11:13 - [MESSAGE][INFO] - Finding web element with id: 'Object Repository/Sekmeler/GecmisBaslik' located by 'By.cssSelector: .dxnb-ghtext.dx-vam' in '10' second(s)

2021-10-14 17:11:13 - [MESSAGE][INFO] - Smart Wait Function is triggered

2021-10-14 17:11:21 - [MESSAGE][INFO] - Found 1 web elements with id: 'Object Repository/Sekmeler/GecmisBaslik' located by 'By.cssSelector: .dxnb-ghtext.dx-vam' in '10' second(s)

2021-10-14 17:11:21 - [MESSAGE][PASSED] - Object 'Object Repository/Sekmeler/GecmisBaslik' is visible

2021-10-14 17:11:21 - [TEST_STEP][PASSED] - if (!(getText(findTestObject("Object Repository/Sekmeler/GecmisBaslik")).contains(Baslik))): Text of object 'Object Repository/Sekmeler/GecmisBaslik' is: 'Fatura İzleme Kayıtları - 53847643'

2021-10-14 17:11:21 - [MESSAGE][INFO] - Finding Test Object 'Object Repository/Sekmeler/GecmisBaslik'

2021-10-14 17:11:21 - [MESSAGE][INFO] - Checking object

2021-10-14 17:11:21 - [MESSAGE][INFO] - Finding web element from Test Object's properties

2021-10-14 17:11:21 - [MESSAGE][INFO] - Checking timeout

2021-10-14 17:11:21 - [MESSAGE][INFO] - Finding web element with id: 'Object Repository/Sekmeler/GecmisBaslik' located by 'By.cssSelector: .dxnb-ghtext.dx-vam' in '30' second(s)

2021-10-14 17:11:21 - [MESSAGE][INFO] - Smart Wait Function is triggered

2021-10-14 17:11:22 - [MESSAGE][INFO] - Found 1 web elements with id: 'Object Repository/Sekmeler/GecmisBaslik' located by 'By.cssSelector: .dxnb-ghtext.dx-vam' in '30' second(s)

2021-10-14 17:11:22 - [MESSAGE][INFO] - Getting text of object 'Object Repository/Sekmeler/GecmisBaslik'

2021-10-14 17:11:22 - [MESSAGE][PASSED] - Text of object 'Object Repository/Sekmeler/GecmisBaslik' is: 'Fatura İzleme Kayıtları - 53847643'

2021-10-14 17:11:22 - [MESSAGE][PASSED] - Call Test Case 'Test Cases/Sekmeler/GecmisGeldiMi' successfully

2021-10-14 17:11:22 - [MESSAGE][INFO] - Checking called Test Case

2021-10-14 17:11:22 - [MESSAGE][INFO] - Starting to call Test Case 'Test Cases/Sekmeler/Ana_Sekmeye_Gec'

2021-10-14 17:11:22 - [TEST_CASE][PASSED] - Test Cases/Sekmeler/Ana_Sekmeye_Gec: Test Cases/Sekmeler/Ana_Sekmeye_Gec

2021-10-14 17:11:22 - [TEST_STEP][PASSED] - try: Window with index 1 is closed

2021-10-14 17:11:22 - [TEST_STEP][PASSED] - index = getWindowIndex(): Current window's index is: 1

2021-10-14 17:11:22 - [MESSAGE][INFO] - Getting current window's index

2021-10-14 17:11:22 - [MESSAGE][PASSED] - Current window's index is: 1

2021-10-14 17:11:22 - [TEST_STEP][PASSED] - closeWindowIndex(index): Window with index 1 is closed

2021-10-14 17:11:22 - [MESSAGE][INFO] - Checking index

2021-10-14 17:11:22 - [MESSAGE][INFO] - Closing window with index 1

2021-10-14 17:11:22 - [MESSAGE][PASSED] - Window with index 1 is closed

2021-10-14 17:11:22 - [TEST_STEP][PASSED] - switchToWindowIndex(0): Switched to window with index: '0'

2021-10-14 17:11:22 - [MESSAGE][INFO] - Checking index

2021-10-14 17:11:22 - [MESSAGE][INFO] - Switching window with index: '0'

2021-10-14 17:11:22 - [MESSAGE][PASSED] - Switched to window with index: '0'

2021-10-14 17:11:22 - [MESSAGE][PASSED] - Call Test Case 'Test Cases/Sekmeler/Ana_Sekmeye_Gec' successfully

2021-10-14 17:11:22 - [MESSAGE][INFO] - Checking called Test Case

2021-10-14 17:11:22 - [MESSAGE][INFO] - Starting to call Test Case 'Test Cases/Kullanici_Islemleri/KullaniciIslemlerindenSecimYapilir'

2021-10-14 17:11:22 - [TEST_CASE][PASSED] - Test Cases/Kullanici_Islemleri/KullaniciIslemlerindenSecimYapilir: Test Cases/Kullanici_Islemleri/KullaniciIslemlerindenSecimYapilir

2021-10-14 17:11:22 - [TEST_STEP][PASSED] - waitForElementClickable(findTestObject("Object Repository/Kullanici_Islemleri/KullaniciIslemleri"), 10): Object 'Object Repository/Kullanici_Islemleri/KullaniciIslemleri' is clickable

2021-10-14 17:11:22 - [MESSAGE][INFO] - Finding Test Object 'Object Repository/Kullanici_Islemleri/KullaniciIslemleri'

2021-10-14 17:11:22 - [MESSAGE][INFO] - Checking object

2021-10-14 17:11:22 - [MESSAGE][INFO] - Checking timeout

2021-10-14 17:11:22 - [MESSAGE][INFO] - Finding web element from Test Object's properties

2021-10-14 17:11:22 - [MESSAGE][INFO] - Checking timeout

2021-10-14 17:11:22 - [MESSAGE][INFO] - Finding web element with id: 'Object Repository/Kullanici_Islemleri/KullaniciIslemleri' located by 'By.cssSelector: .dropdown>a>img' in '10' second(s)

2021-10-14 17:11:22 - [MESSAGE][INFO] - Smart Wait Function is triggered

2021-10-14 17:11:22 - [MESSAGE][INFO] - Found 1 web elements with id: 'Object Repository/Kullanici_Islemleri/KullaniciIslemleri' located by 'By.cssSelector: .dropdown>a>img' in '10' second(s)

2021-10-14 17:11:22 - [MESSAGE][PASSED] - Object 'Object Repository/Kullanici_Islemleri/KullaniciIslemleri' is clickable

2021-10-14 17:11:22 - [TEST_STEP][PASSED] - click(findTestObject("Object Repository/Kullanici_Islemleri/KullaniciIslemleri")): Object: 'Object Repository/Kullanici_Islemleri/KullaniciIslemleri' is clicked on

2021-10-14 17:11:22 - [MESSAGE][INFO] - Finding Test Object 'Object Repository/Kullanici_Islemleri/KullaniciIslemleri'

2021-10-14 17:11:22 - [MESSAGE][INFO] - Checking object

2021-10-14 17:11:22 - [MESSAGE][INFO] - Finding web element from Test Object's properties

2021-10-14 17:11:22 - [MESSAGE][INFO] - Checking timeout

2021-10-14 17:11:22 - [MESSAGE][INFO] - Finding web element with id: 'Object Repository/Kullanici_Islemleri/KullaniciIslemleri' located by 'By.cssSelector: .dropdown>a>img' in '30' second(s)

2021-10-14 17:11:22 - [MESSAGE][INFO] - Smart Wait Function is triggered

2021-10-14 17:11:23 - [MESSAGE][INFO] - Found 1 web elements with id: 'Object Repository/Kullanici_Islemleri/KullaniciIslemleri' located by 'By.cssSelector: .dropdown>a>img' in '30' second(s)

2021-10-14 17:11:23 - [MESSAGE][INFO] - Clicking on object: 'Object Repository/Kullanici_Islemleri/KullaniciIslemleri'

2021-10-14 17:11:23 - [MESSAGE][PASSED] - Object: 'Object Repository/Kullanici_Islemleri/KullaniciIslemleri' is clicked on

2021-10-14 17:11:23 - [TEST_STEP][PASSED] - Method.TextDegerineEsitElementeTikla(findTestObject("Object Repository/Kullanici_Islemleri/Secenekler"), Islem): Method.TextDegerineEsitElementeTikla is PASSED

2021-10-14 17:11:23 - [MESSAGE][INFO] - Finding Test Object 'Object Repository/Kullanici_Islemleri/Secenekler'

2021-10-14 17:11:23 - [MESSAGE][INFO] - Checking timeout

2021-10-14 17:11:23 - [MESSAGE][INFO] - Finding web element with id: 'Object Repository/Kullanici_Islemleri/Secenekler' located by 'By.cssSelector: .nav.navbar-nav.navbar-right li a' in '10' second(s)

2021-10-14 17:11:23 - [MESSAGE][INFO] - Smart Wait Function is triggered

2021-10-14 17:11:23 - [MESSAGE][INFO] - Found 22 web elements with id: 'Object Repository/Kullanici_Islemleri/Secenekler' located by 'By.cssSelector: .nav.navbar-nav.navbar-right li a' in '10' second(s)

2021-10-14 17:11:25 - [MESSAGE][PASSED] - Method.TextDegerineEsitElementeTikla is PASSED

2021-10-14 17:11:25 - [TEST_STEP][PASSED] - verifyElementNotPresent(findTestObject("Object Repository/Kullanici_Islemleri/Secenekler"), 10): Web element with id: 'Object Repository/Kullanici_Islemleri/Secenekler' located by 'By.cssSelector: .nav.navbar-nav.navbar-right li a' is not present after '10' second(s)

2021-10-14 17:11:25 - [MESSAGE][INFO] - Finding Test Object 'Object Repository/Kullanici_Islemleri/Secenekler'

2021-10-14 17:11:25 - [MESSAGE][INFO] - Checking object

2021-10-14 17:11:25 - [MESSAGE][INFO] - Checking timeout

2021-10-14 17:11:25 - [MESSAGE][INFO] - Finding web element with id: 'Object Repository/Kullanici_Islemleri/Secenekler' located by 'By.cssSelector: .nav.navbar-nav.navbar-right li a' in '10' second(s)

2021-10-14 17:11:25 - [MESSAGE][INFO] - Smart Wait Function is triggered

2021-10-14 17:11:25 - [MESSAGE][PASSED] - Web element with id: 'Object Repository/Kullanici_Islemleri/Secenekler' located by 'By.cssSelector: .nav.navbar-nav.navbar-right li a' is not present after '10' second(s)

2021-10-14 17:11:25 - [MESSAGE][PASSED] - Call Test Case 'Test Cases/Kullanici_Islemleri/KullaniciIslemlerindenSecimYapilir' successfully

2021-10-14 17:11:25 - [TEST_CASE][PASSED] - Start Test Case : SCENARIO Faturanin Gecmisi: SCENARIO Faturanin Gecmisi

2021-10-14 17:11:25 - [TEST_STEP][PASSED] - Kullanıcı adı ELOGO6 ve Şifre 123456 olarak giriş yapılır: Kullanıcı adı ELOGO6 ve Şifre 123456 olarak giriş yapılır

2021-10-14 17:11:25 - [MESSAGE][PASSED] - Kullanıcı adı ELOGO6 ve Şifre 123456 olarak giriş yapılır

2021-10-14 17:11:25 - [TEST_STEP][PASSED] - Ana menüden e-Fatura seçilir: Ana menüden e-Fatura seçilir

2021-10-14 17:11:25 - [MESSAGE][PASSED] - Ana menüden e-Fatura seçilir

2021-10-14 17:11:25 - [TEST_STEP][PASSED] - Alt menü Gelen Kutusu başlığı altındaki Faturalar seçilir: Alt menü Gelen Kutusu başlığı altındaki Faturalar seçilir

2021-10-14 17:11:25 - [MESSAGE][PASSED] - Alt menü Gelen Kutusu başlığı altındaki Faturalar seçilir

2021-10-14 17:11:25 - [TEST_STEP][PASSED] - Filtrelerden Oluşturma Tarihi filtresine 01.12.2020 baslangic degerini yaz: Filtrelerden Oluşturma Tarihi filtresine 01.12.2020 baslangic degerini yaz

2021-10-14 17:11:25 - [MESSAGE][PASSED] - Filtrelerden Oluşturma Tarihi filtresine 01.12.2020 baslangic degerini yaz

2021-10-14 17:11:25 - [TEST_STEP][PASSED] - Filtrelerden Oluşturma Tarihi filtresine 31.12.2020 bitis degerini yaz: Filtrelerden Oluşturma Tarihi filtresine 31.12.2020 bitis degerini yaz

2021-10-14 17:11:25 - [MESSAGE][PASSED] - Filtrelerden Oluşturma Tarihi filtresine 31.12.2020 bitis degerini yaz

2021-10-14 17:11:25 - [TEST_STEP][PASSED] - Filtre butonlarından Listele seçilir: Filtre butonlarından Listele seçilir

2021-10-14 17:11:25 - [MESSAGE][PASSED] - Filtre butonlarından Listele seçilir

2021-10-14 17:11:25 - [TEST_STEP][PASSED] - Tabloda veri var mı kontrol edilir: Tabloda veri var mı kontrol edilir

2021-10-14 17:11:25 - [MESSAGE][PASSED] - Tabloda veri var mı kontrol edilir

2021-10-14 17:11:25 - [TEST_STEP][PASSED] - Tablodan E LOGO 6 isimli veri seçilir: Tablodan E LOGO 6 isimli veri seçilir

2021-10-14 17:11:25 - [MESSAGE][PASSED] - Tablodan E LOGO 6 isimli veri seçilir

2021-10-14 17:11:25 - [TEST_STEP][PASSED] - Butonlardan İzleme Kayıtları isimli butona tıklanır: Butonlardan İzleme Kayıtları isimli butona tıklanır

2021-10-14 17:11:25 - [MESSAGE][PASSED] - Butonlardan İzleme Kayıtları isimli butona tıklanır

2021-10-14 17:11:25 - [TEST_STEP][PASSED] - Yeni açılan sekmeye geçilir: Yeni açılan sekmeye geçilir

2021-10-14 17:11:25 - [MESSAGE][PASSED] - Yeni açılan sekmeye geçilir

2021-10-14 17:11:25 - [TEST_STEP][PASSED] - Fatura İzleme Kayıtları baslikli gecmis sayfasi geldi mi: Fatura İzleme Kayıtları baslikli gecmis sayfasi geldi mi

2021-10-14 17:11:25 - [MESSAGE][PASSED] - Fatura İzleme Kayıtları baslikli gecmis sayfasi geldi mi

2021-10-14 17:11:25 - [TEST_STEP][PASSED] - Ana sekmeye geçilir: Ana sekmeye geçilir

2021-10-14 17:11:25 - [MESSAGE][PASSED] - Ana sekmeye geçilir

2021-10-14 17:11:25 - [TEST_STEP][PASSED] - Kullanıcı işlemlerinden Çıkış seçilir: Kullanıcı işlemlerinden Çıkış seçilir

2021-10-14 17:11:25 - [MESSAGE][PASSED] - Kullanıcı işlemlerinden Çıkış seçilir

2021-10-14 17:11:25 - [MESSAGE][PASSED] - Feature file: 'Include/features/e-Fatura/Gelen Kutusu/Faturalar/Izleme Kayitlari.feature' was passed

2021-10-14 17:11:25 - [TEST_STEP][PASSED] - Start listener action : sampleAfterTestSuite: Invoke 'com.kms.katalon.core.annotation.AfterTestCase' method: 'Listener.sampleAfterTestSuite(...)' completed.

2021-10-14 17:11:25 - [MESSAGE][INFO] - Starting invoke 'com.kms.katalon.core.annotation.AfterTestCase' method: 'Listener.sampleAfterTestSuite(...)'

2021-10-14 17:11:25 - [TEST_STEP][PASSED] - closeBrowser(): Invoke 'com.kms.katalon.core.annotation.AfterTestCase' method: 'Listener.sampleAfterTestSuite(...)' completed.

2021-10-14 17:11:25 - [MESSAGE][INFO] - Closing browser

2021-10-14 17:11:26 - [MESSAGE][PASSED] - Browser is closed

2021-10-14 17:11:26 - [MESSAGE][INFO] - Invoke 'com.kms.katalon.core.annotation.AfterTestCase' method: 'Listener.sampleAfterTestSuite(...)' completed.]]></system-out>
         <system-err><![CDATA[]]></system-err>
      </testcase>
      <testcase name="Test Cases/Case Repository/e-Fatura/Gelen Kutusu/Faturalar/Pdf Goster-Indir" time="41.617" classname="Test Cases/Case Repository/e-Fatura/Gelen Kutusu/Faturalar/Pdf Goster-Indir" status="PASSED">
         <system-out><![CDATA[2021-10-14 17:11:26 - [TEST_CASE][PASSED] - Test Cases/Case Repository/e-Fatura/Gelen Kutusu/Faturalar/Pdf Goster-Indir: Test Cases/Case Repository/e-Fatura/Gelen Kutusu/Faturalar/Pdf Goster-Indir

2021-10-14 17:11:26 - [TEST_STEP][PASSED] - Start listener action : sampleBeforeTestSuite: Invoke 'com.kms.katalon.core.annotation.BeforeTestCase' method: 'Listener.sampleBeforeTestSuite(...)' completed.

2021-10-14 17:11:26 - [MESSAGE][INFO] - Starting invoke 'com.kms.katalon.core.annotation.BeforeTestCase' method: 'Listener.sampleBeforeTestSuite(...)'

2021-10-14 17:11:26 - [TEST_STEP][PASSED] - openBrowser(baseUrl): Browser is opened with url: 'https://efatura-stage.elogo.com.tr/'

2021-10-14 17:11:26 - [MESSAGE][INFO] - Opening browser

2021-10-14 17:11:26 - [MESSAGE][INFO] - Starting 'Chrome' driver

2021-10-14 17:11:26 - [MESSAGE][INFO] - User set preference: ['prefs', '{download.default_directory=C:\otomasyondownfiles}']

2021-10-14 17:11:26 - [MESSAGE][INFO] - Action delay is set to 0 milliseconds

2021-10-14 17:11:28 - [MESSAGE][INFO] - Navigating browser to: 'https://efatura-stage.elogo.com.tr/'

2021-10-14 17:11:30 - [MESSAGE][PASSED] - Browser is opened with url: 'https://efatura-stage.elogo.com.tr/'

2021-10-14 17:11:30 - [TEST_STEP][PASSED] - maximizeWindow(): Invoke 'com.kms.katalon.core.annotation.BeforeTestCase' method: 'Listener.sampleBeforeTestSuite(...)' completed.

2021-10-14 17:11:30 - [MESSAGE][INFO] - Maximizing current window

2021-10-14 17:11:30 - [MESSAGE][PASSED] - Current window maximized

2021-10-14 17:11:30 - [MESSAGE][INFO] - Invoke 'com.kms.katalon.core.annotation.BeforeTestCase' method: 'Listener.sampleBeforeTestSuite(...)' completed.

2021-10-14 17:11:31 - [TEST_STEP][PASSED] - runFeatureFile("Include/features/e-Fatura/Gelen Kutusu/Faturalar/PDF Goster-Indir.feature"): Feature file: 'Include/features/e-Fatura/Gelen Kutusu/Faturalar/PDF Goster-Indir.feature' was passed

2021-10-14 17:11:31 - [MESSAGE][INFO] - Starting run keyword runFeatureFile: 'Include/features/e-Fatura/Gelen Kutusu/Faturalar/PDF Goster-Indir.feature' and extract report to folder: 'C:\Users\DELL\Downloads\EES_Katalon-main\Reports\20211014_170112\Suite Repository\e-Fatura\20211014_170113/cucumber_report/1634220691046'...

2021-10-14 17:11:31 - [MESSAGE][INFO] - Glue: []

2021-10-14 17:11:31 - [MESSAGE][INFO] - Checking called Test Case

2021-10-14 17:11:31 - [MESSAGE][INFO] - Starting to call Test Case 'Test Cases/Sayfalar/Giris_Sayfasi/Login'

2021-10-14 17:11:31 - [TEST_CASE][PASSED] - Test Cases/Sayfalar/Giris_Sayfasi/Login: Test Cases/Sayfalar/Giris_Sayfasi/Login

2021-10-14 17:11:31 - [TEST_STEP][PASSED] - Sayfa_Basligi = getWindowTitle(): Current window's title is: 'LOGO e-Fatura'

2021-10-14 17:11:31 - [MESSAGE][INFO] - Getting current window's title

2021-10-14 17:11:31 - [MESSAGE][PASSED] - Current window's title is: 'LOGO e-Fatura'

2021-10-14 17:11:31 - [TEST_STEP][PASSED] - verifyMatch(Sayfa_Basligi, "LOGO e-Fatura", false): Actual text 'LOGO e-Fatura' and expected text 'LOGO e-Fatura' are matched 

2021-10-14 17:11:31 - [MESSAGE][INFO] - Matching actual text 'LOGO e-Fatura' with expected text 'LOGO e-Fatura'

2021-10-14 17:11:31 - [MESSAGE][PASSED] - Actual text 'LOGO e-Fatura' and expected text 'LOGO e-Fatura' are matched 

2021-10-14 17:11:31 - [TEST_STEP][PASSED] - sendKeys(findTestObject("Sayfalar/Giris_Sayfasi/Firma_Kodu"), KullaniciAdi): Keys 'ELOGO6' sent to object: 'Object Repository/Sayfalar/Giris_Sayfasi/Firma_Kodu'

2021-10-14 17:11:31 - [MESSAGE][INFO] - Finding Test Object 'Object Repository/Sayfalar/Giris_Sayfasi/Firma_Kodu'

2021-10-14 17:11:32 - [MESSAGE][INFO] - Sending keys 'ELOGO6' to object: 'Object Repository/Sayfalar/Giris_Sayfasi/Firma_Kodu'

2021-10-14 17:11:32 - [MESSAGE][INFO] - Finding web element from Test Object's properties

2021-10-14 17:11:32 - [MESSAGE][INFO] - Checking timeout

2021-10-14 17:11:32 - [MESSAGE][INFO] - Finding web element with id: 'Object Repository/Sayfalar/Giris_Sayfasi/Firma_Kodu' located by 'By.xpath: //*[@id = 'AccountName']' in '30' second(s)

2021-10-14 17:11:32 - [MESSAGE][INFO] - Smart Wait Function is triggered

2021-10-14 17:11:32 - [MESSAGE][INFO] - Found 1 web elements with id: 'Object Repository/Sayfalar/Giris_Sayfasi/Firma_Kodu' located by 'By.xpath: //*[@id = 'AccountName']' in '30' second(s)

2021-10-14 17:11:32 - [MESSAGE][PASSED] - Keys 'ELOGO6' sent to object: 'Object Repository/Sayfalar/Giris_Sayfasi/Firma_Kodu'

2021-10-14 17:11:32 - [TEST_STEP][PASSED] - sendKeys(findTestObject("Sayfalar/Giris_Sayfasi/Sifre"), Sifre): Keys '123456' sent to object: 'Object Repository/Sayfalar/Giris_Sayfasi/Sifre'

2021-10-14 17:11:32 - [MESSAGE][INFO] - Finding Test Object 'Object Repository/Sayfalar/Giris_Sayfasi/Sifre'

2021-10-14 17:11:32 - [MESSAGE][INFO] - Sending keys '123456' to object: 'Object Repository/Sayfalar/Giris_Sayfasi/Sifre'

2021-10-14 17:11:32 - [MESSAGE][INFO] - Finding web element from Test Object's properties

2021-10-14 17:11:32 - [MESSAGE][INFO] - Checking timeout

2021-10-14 17:11:32 - [MESSAGE][INFO] - Finding web element with id: 'Object Repository/Sayfalar/Giris_Sayfasi/Sifre' located by 'By.xpath: //*[@id = 'Password']' in '30' second(s)

2021-10-14 17:11:32 - [MESSAGE][INFO] - Smart Wait Function is triggered

2021-10-14 17:11:32 - [MESSAGE][INFO] - Found 1 web elements with id: 'Object Repository/Sayfalar/Giris_Sayfasi/Sifre' located by 'By.xpath: //*[@id = 'Password']' in '30' second(s)

2021-10-14 17:11:33 - [MESSAGE][PASSED] - Keys '123456' sent to object: 'Object Repository/Sayfalar/Giris_Sayfasi/Sifre'

2021-10-14 17:11:33 - [TEST_STEP][PASSED] - findWebElement(findTestObject("Sayfalar/Giris_Sayfasi/Giris_Butonu")).click(): Found 1 web elements with id: 'Object Repository/Sayfalar/Giris_Sayfasi/Giris_Butonu' located by 'By.cssSelector: #btnLogin' in '30' second(s)

2021-10-14 17:11:33 - [MESSAGE][INFO] - Finding Test Object 'Object Repository/Sayfalar/Giris_Sayfasi/Giris_Butonu'

2021-10-14 17:11:33 - [MESSAGE][INFO] - Finding web element from Test Object's properties

2021-10-14 17:11:33 - [MESSAGE][INFO] - Checking timeout

2021-10-14 17:11:33 - [MESSAGE][INFO] - Finding web element with id: 'Object Repository/Sayfalar/Giris_Sayfasi/Giris_Butonu' located by 'By.cssSelector: #btnLogin' in '30' second(s)

2021-10-14 17:11:33 - [MESSAGE][INFO] - Smart Wait Function is triggered

2021-10-14 17:11:33 - [MESSAGE][INFO] - Found 1 web elements with id: 'Object Repository/Sayfalar/Giris_Sayfasi/Giris_Butonu' located by 'By.cssSelector: #btnLogin' in '30' second(s)

2021-10-14 17:11:35 - [TEST_STEP][PASSED] - if (verifyElementPresent(findTestObject("Object Repository/Sayfalar/Giris_Sayfasi/RetveTamam_Butonu"), 5, OPTIONAL)): null

2021-10-14 17:11:35 - [MESSAGE][INFO] - Finding Test Object 'Object Repository/Sayfalar/Giris_Sayfasi/RetveTamam_Butonu'

2021-10-14 17:11:35 - [MESSAGE][INFO] - Checking object

2021-10-14 17:11:35 - [MESSAGE][INFO] - Finding web element from Test Object's properties

2021-10-14 17:11:35 - [MESSAGE][INFO] - Checking timeout

2021-10-14 17:11:35 - [MESSAGE][INFO] - Finding web element with id: 'Object Repository/Sayfalar/Giris_Sayfasi/RetveTamam_Butonu' located by 'By.xpath: //*[@class = 'btn btn-default']' in '5' second(s)

2021-10-14 17:11:35 - [MESSAGE][INFO] - Smart Wait Function is triggered

2021-10-14 17:11:36 - [MESSAGE][INFO] - Found 1 web elements with id: 'Object Repository/Sayfalar/Giris_Sayfasi/RetveTamam_Butonu' located by 'By.xpath: //*[@class = 'btn btn-default']' in '5' second(s)

2021-10-14 17:11:36 - [MESSAGE][PASSED] - Object 'Object Repository/Sayfalar/Giris_Sayfasi/RetveTamam_Butonu' is present

2021-10-14 17:11:36 - [TEST_STEP][PASSED] - click(findTestObject("Object Repository/Sayfalar/Giris_Sayfasi/RetveTamam_Butonu")): Object: 'Object Repository/Sayfalar/Giris_Sayfasi/RetveTamam_Butonu' is clicked on

2021-10-14 17:11:36 - [MESSAGE][INFO] - Finding Test Object 'Object Repository/Sayfalar/Giris_Sayfasi/RetveTamam_Butonu'

2021-10-14 17:11:36 - [MESSAGE][INFO] - Checking object

2021-10-14 17:11:36 - [MESSAGE][INFO] - Finding web element from Test Object's properties

2021-10-14 17:11:36 - [MESSAGE][INFO] - Checking timeout

2021-10-14 17:11:36 - [MESSAGE][INFO] - Finding web element with id: 'Object Repository/Sayfalar/Giris_Sayfasi/RetveTamam_Butonu' located by 'By.xpath: //*[@class = 'btn btn-default']' in '30' second(s)

2021-10-14 17:11:36 - [MESSAGE][INFO] - Smart Wait Function is triggered

2021-10-14 17:11:36 - [MESSAGE][INFO] - Found 1 web elements with id: 'Object Repository/Sayfalar/Giris_Sayfasi/RetveTamam_Butonu' located by 'By.xpath: //*[@class = 'btn btn-default']' in '30' second(s)

2021-10-14 17:11:36 - [MESSAGE][INFO] - Clicking on object: 'Object Repository/Sayfalar/Giris_Sayfasi/RetveTamam_Butonu'

2021-10-14 17:11:36 - [MESSAGE][PASSED] - Object: 'Object Repository/Sayfalar/Giris_Sayfasi/RetveTamam_Butonu' is clicked on

2021-10-14 17:11:36 - [TEST_STEP][PASSED] - click(findTestObject("Object Repository/Sayfalar/Giris_Sayfasi/RetveTamam_Butonu")): Object: 'Object Repository/Sayfalar/Giris_Sayfasi/RetveTamam_Butonu' is clicked on

2021-10-14 17:11:36 - [MESSAGE][INFO] - Finding Test Object 'Object Repository/Sayfalar/Giris_Sayfasi/RetveTamam_Butonu'

2021-10-14 17:11:36 - [MESSAGE][INFO] - Checking object

2021-10-14 17:11:36 - [MESSAGE][INFO] - Finding web element from Test Object's properties

2021-10-14 17:11:36 - [MESSAGE][INFO] - Checking timeout

2021-10-14 17:11:36 - [MESSAGE][INFO] - Finding web element with id: 'Object Repository/Sayfalar/Giris_Sayfasi/RetveTamam_Butonu' located by 'By.xpath: //*[@class = 'btn btn-default']' in '30' second(s)

2021-10-14 17:11:36 - [MESSAGE][INFO] - Smart Wait Function is triggered

2021-10-14 17:11:42 - [MESSAGE][INFO] - Found 1 web elements with id: 'Object Repository/Sayfalar/Giris_Sayfasi/RetveTamam_Butonu' located by 'By.xpath: //*[@class = 'btn btn-default']' in '30' second(s)

2021-10-14 17:11:42 - [MESSAGE][INFO] - Clicking on object: 'Object Repository/Sayfalar/Giris_Sayfasi/RetveTamam_Butonu'

2021-10-14 17:11:42 - [MESSAGE][PASSED] - Object: 'Object Repository/Sayfalar/Giris_Sayfasi/RetveTamam_Butonu' is clicked on

2021-10-14 17:11:42 - [TEST_STEP][PASSED] - if (verifyElementPresent(findTestObject("Sayfalar/Giris_Sayfasi/PopupOK"), 5, OPTIONAL)): null

2021-10-14 17:11:42 - [MESSAGE][INFO] - Finding Test Object 'Object Repository/Sayfalar/Giris_Sayfasi/PopupOK'

2021-10-14 17:11:42 - [MESSAGE][INFO] - Checking object

2021-10-14 17:11:42 - [MESSAGE][INFO] - Finding web element from Test Object's properties

2021-10-14 17:11:42 - [MESSAGE][INFO] - Checking timeout

2021-10-14 17:11:42 - [MESSAGE][INFO] - Finding web element with id: 'Object Repository/Sayfalar/Giris_Sayfasi/PopupOK' located by 'By.cssSelector: .btn.btn-success' in '5' second(s)

2021-10-14 17:11:42 - [MESSAGE][INFO] - Smart Wait Function is triggered

2021-10-14 17:11:43 - [MESSAGE][INFO] - Found 1 web elements with id: 'Object Repository/Sayfalar/Giris_Sayfasi/PopupOK' located by 'By.cssSelector: .btn.btn-success' in '5' second(s)

2021-10-14 17:11:43 - [MESSAGE][PASSED] - Object 'Object Repository/Sayfalar/Giris_Sayfasi/PopupOK' is present

2021-10-14 17:11:43 - [TEST_STEP][PASSED] - click(findTestObject("Object Repository/Sayfalar/Giris_Sayfasi/PopupCarpiGiris")): Object: 'Object Repository/Sayfalar/Giris_Sayfasi/PopupCarpiGiris' is clicked on

2021-10-14 17:11:43 - [MESSAGE][INFO] - Finding Test Object 'Object Repository/Sayfalar/Giris_Sayfasi/PopupCarpiGiris'

2021-10-14 17:11:43 - [MESSAGE][INFO] - Checking object

2021-10-14 17:11:43 - [MESSAGE][INFO] - Finding web element from Test Object's properties

2021-10-14 17:11:43 - [MESSAGE][INFO] - Checking timeout

2021-10-14 17:11:43 - [MESSAGE][INFO] - Finding web element with id: 'Object Repository/Sayfalar/Giris_Sayfasi/PopupCarpiGiris' located by 'By.cssSelector: .bootbox-close-button.close' in '30' second(s)

2021-10-14 17:11:43 - [MESSAGE][INFO] - Smart Wait Function is triggered

2021-10-14 17:11:43 - [MESSAGE][INFO] - Found 1 web elements with id: 'Object Repository/Sayfalar/Giris_Sayfasi/PopupCarpiGiris' located by 'By.cssSelector: .bootbox-close-button.close' in '30' second(s)

2021-10-14 17:11:43 - [MESSAGE][INFO] - Clicking on object: 'Object Repository/Sayfalar/Giris_Sayfasi/PopupCarpiGiris'

2021-10-14 17:11:43 - [MESSAGE][PASSED] - Object: 'Object Repository/Sayfalar/Giris_Sayfasi/PopupCarpiGiris' is clicked on

2021-10-14 17:11:43 - [TEST_STEP][PASSED] - verifyElementVisible(findTestObject("Object Repository/Kullanici_Islemleri/KullaniciIslemleri")): Object 'Object Repository/Kullanici_Islemleri/KullaniciIslemleri' is visible

2021-10-14 17:11:43 - [MESSAGE][INFO] - Finding Test Object 'Object Repository/Kullanici_Islemleri/KullaniciIslemleri'

2021-10-14 17:11:43 - [MESSAGE][INFO] - Checking object

2021-10-14 17:11:43 - [MESSAGE][INFO] - Finding web element from Test Object's properties

2021-10-14 17:11:43 - [MESSAGE][INFO] - Checking timeout

2021-10-14 17:11:43 - [MESSAGE][INFO] - Finding web element with id: 'Object Repository/Kullanici_Islemleri/KullaniciIslemleri' located by 'By.cssSelector: .dropdown>a>img' in '30' second(s)

2021-10-14 17:11:43 - [MESSAGE][INFO] - Smart Wait Function is triggered

2021-10-14 17:11:44 - [MESSAGE][INFO] - Found 1 web elements with id: 'Object Repository/Kullanici_Islemleri/KullaniciIslemleri' located by 'By.cssSelector: .dropdown>a>img' in '30' second(s)

2021-10-14 17:11:44 - [MESSAGE][PASSED] - Object 'Object Repository/Kullanici_Islemleri/KullaniciIslemleri' is visible

2021-10-14 17:11:44 - [MESSAGE][PASSED] - Call Test Case 'Test Cases/Sayfalar/Giris_Sayfasi/Login' successfully

2021-10-14 17:11:44 - [MESSAGE][INFO] - Checking called Test Case

2021-10-14 17:11:44 - [MESSAGE][INFO] - Starting to call Test Case 'Test Cases/Menu/AnaMenuSecimi'

2021-10-14 17:11:44 - [TEST_CASE][PASSED] - Test Cases/Menu/AnaMenuSecimi: Test Cases/Menu/AnaMenuSecimi

2021-10-14 17:11:44 - [TEST_STEP][PASSED] - Method.TextDegerineEsitElementeTikla(findTestObject("Menu/Ana_Menu"), Ana_Menu): Method.TextDegerineEsitElementeTikla is PASSED

2021-10-14 17:11:44 - [MESSAGE][INFO] - Finding Test Object 'Object Repository/Menu/Ana_Menu'

2021-10-14 17:11:44 - [MESSAGE][INFO] - Checking timeout

2021-10-14 17:11:44 - [MESSAGE][INFO] - Finding web element with id: 'Object Repository/Menu/Ana_Menu' located by 'By.xpath: //*[@class = 'dropdown-toggle']' in '10' second(s)

2021-10-14 17:11:44 - [MESSAGE][INFO] - Smart Wait Function is triggered

2021-10-14 17:11:44 - [MESSAGE][INFO] - Found 14 web elements with id: 'Object Repository/Menu/Ana_Menu' located by 'By.xpath: //*[@class = 'dropdown-toggle']' in '10' second(s)

2021-10-14 17:11:45 - [MESSAGE][PASSED] - Method.TextDegerineEsitElementeTikla is PASSED

2021-10-14 17:11:45 - [MESSAGE][PASSED] - Call Test Case 'Test Cases/Menu/AnaMenuSecimi' successfully

2021-10-14 17:11:45 - [MESSAGE][INFO] - Checking called Test Case

2021-10-14 17:11:45 - [MESSAGE][INFO] - Starting to call Test Case 'Test Cases/Menu/BasligaGoreAltMenuSecimi'

2021-10-14 17:11:45 - [TEST_CASE][PASSED] - Test Cases/Menu/BasligaGoreAltMenuSecimi: Test Cases/Menu/BasligaGoreAltMenuSecimi

2021-10-14 17:11:45 - [TEST_STEP][PASSED] - Method.TextDegerineEsitElementinAltindakiTextDegerineEsitOlanaTikla(findTestObject("Menu/Menu_Basligi"), findTestObject("Menu/Basliga_Gore_Alt_Menu"), Baslik, Alt_Menu): Method.TextDegerineEsitElementinAltindakiTextDegerineEsitOlanaTikla is PASSED

2021-10-14 17:11:45 - [MESSAGE][INFO] - Finding Test Object 'Object Repository/Menu/Menu_Basligi'

2021-10-14 17:11:45 - [MESSAGE][INFO] - Finding Test Object 'Object Repository/Menu/Basliga_Gore_Alt_Menu'

2021-10-14 17:11:45 - [MESSAGE][INFO] - Checking timeout

2021-10-14 17:11:45 - [MESSAGE][INFO] - Finding web element with id: 'Object Repository/Menu/Menu_Basligi' located by 'By.xpath: //li[@class='dropdown dropdown-large open']//li[@class='dropdown-header']' in '10' second(s)

2021-10-14 17:11:45 - [MESSAGE][INFO] - Smart Wait Function is triggered

2021-10-14 17:11:45 - [MESSAGE][INFO] - Found 3 web elements with id: 'Object Repository/Menu/Menu_Basligi' located by 'By.xpath: //li[@class='dropdown dropdown-large open']//li[@class='dropdown-header']' in '10' second(s)

2021-10-14 17:11:45 - [MESSAGE][INFO] - Smart Wait Function is triggered

2021-10-14 17:11:48 - [MESSAGE][PASSED] - Method.TextDegerineEsitElementinAltindakiTextDegerineEsitOlanaTikla is PASSED

2021-10-14 17:11:48 - [MESSAGE][PASSED] - Call Test Case 'Test Cases/Menu/BasligaGoreAltMenuSecimi' successfully

2021-10-14 17:11:48 - [MESSAGE][INFO] - Checking called Test Case

2021-10-14 17:11:48 - [MESSAGE][INFO] - Starting to call Test Case 'Test Cases/Filtreler/BaslangicYaz'

2021-10-14 17:11:48 - [TEST_CASE][PASSED] - Test Cases/Filtreler/BaslangicYaz: Test Cases/Filtreler/BaslangicYaz

2021-10-14 17:11:48 - [TEST_STEP][PASSED] - Method.TextDegerineEsitElementinAltindakineTikla(findTestObject("Filtreler/Basliklar"), findTestObject("Filtreler/Basliga_Gore_Baslangic_Image"), Filtre_Adi): Method.TextDegerineEsitElementinAltindakineTikla is PASSED

2021-10-14 17:11:48 - [MESSAGE][INFO] - Finding Test Object 'Object Repository/Filtreler/Basliklar'

2021-10-14 17:11:48 - [MESSAGE][INFO] - Finding Test Object 'Object Repository/Filtreler/Basliga_Gore_Baslangic_Image'

2021-10-14 17:11:48 - [MESSAGE][INFO] - Checking timeout

2021-10-14 17:11:48 - [MESSAGE][INFO] - Finding web element with id: 'Object Repository/Filtreler/Basliklar' located by 'By.cssSelector: .control-label.col-sm-4.paddingMarginRLC' in '10' second(s)

2021-10-14 17:11:48 - [MESSAGE][INFO] - Smart Wait Function is triggered

2021-10-14 17:11:49 - [MESSAGE][INFO] - Found 19 web elements with id: 'Object Repository/Filtreler/Basliklar' located by 'By.cssSelector: .control-label.col-sm-4.paddingMarginRLC' in '10' second(s)

2021-10-14 17:11:49 - [MESSAGE][INFO] - Smart Wait Function is triggered

2021-10-14 17:11:49 - [MESSAGE][PASSED] - Method.TextDegerineEsitElementinAltindakineTikla is PASSED

2021-10-14 17:11:49 - [TEST_STEP][PASSED] - Method.TextDegerineEsitElementinAltindakiTextboxtaYaz(findTestObject("Filtreler/Basliklar"), findTestObject("Filtreler/Basliga_Gore_Baslangic"), Filtre_Adi, Filtre_Degeri): Method.TextDegerineEsitElementinAltindakiTextboxtaYaz is PASSED

2021-10-14 17:11:49 - [MESSAGE][INFO] - Finding Test Object 'Object Repository/Filtreler/Basliklar'

2021-10-14 17:11:49 - [MESSAGE][INFO] - Finding Test Object 'Object Repository/Filtreler/Basliga_Gore_Baslangic'

2021-10-14 17:11:49 - [MESSAGE][INFO] - Checking timeout

2021-10-14 17:11:49 - [MESSAGE][INFO] - Finding web element with id: 'Object Repository/Filtreler/Basliklar' located by 'By.cssSelector: .control-label.col-sm-4.paddingMarginRLC' in '10' second(s)

2021-10-14 17:11:49 - [MESSAGE][INFO] - Smart Wait Function is triggered

2021-10-14 17:11:49 - [MESSAGE][INFO] - Found 19 web elements with id: 'Object Repository/Filtreler/Basliklar' located by 'By.cssSelector: .control-label.col-sm-4.paddingMarginRLC' in '10' second(s)

2021-10-14 17:11:50 - [MESSAGE][INFO] - Smart Wait Function is triggered

2021-10-14 17:11:50 - [MESSAGE][PASSED] - Method.TextDegerineEsitElementinAltindakiTextboxtaYaz is PASSED

2021-10-14 17:11:50 - [MESSAGE][PASSED] - Call Test Case 'Test Cases/Filtreler/BaslangicYaz' successfully

2021-10-14 17:11:50 - [MESSAGE][INFO] - Checking called Test Case

2021-10-14 17:11:50 - [MESSAGE][INFO] - Starting to call Test Case 'Test Cases/Filtreler/BitisYaz'

2021-10-14 17:11:50 - [TEST_CASE][PASSED] - Test Cases/Filtreler/BitisYaz: Test Cases/Filtreler/BitisYaz

2021-10-14 17:11:50 - [TEST_STEP][PASSED] - Method.TextDegerineEsitElementinAltindakineTikla(findTestObject("Filtreler/Basliklar"), findTestObject("Filtreler/Basliga_Gore_Bitis_Image"), Filtre_Adi): Method.TextDegerineEsitElementinAltindakineTikla is PASSED

2021-10-14 17:11:50 - [MESSAGE][INFO] - Finding Test Object 'Object Repository/Filtreler/Basliklar'

2021-10-14 17:11:50 - [MESSAGE][INFO] - Finding Test Object 'Object Repository/Filtreler/Basliga_Gore_Bitis_Image'

2021-10-14 17:11:50 - [MESSAGE][INFO] - Checking timeout

2021-10-14 17:11:50 - [MESSAGE][INFO] - Finding web element with id: 'Object Repository/Filtreler/Basliklar' located by 'By.cssSelector: .control-label.col-sm-4.paddingMarginRLC' in '10' second(s)

2021-10-14 17:11:50 - [MESSAGE][INFO] - Smart Wait Function is triggered

2021-10-14 17:11:50 - [MESSAGE][INFO] - Found 19 web elements with id: 'Object Repository/Filtreler/Basliklar' located by 'By.cssSelector: .control-label.col-sm-4.paddingMarginRLC' in '10' second(s)

2021-10-14 17:11:50 - [MESSAGE][INFO] - Smart Wait Function is triggered

2021-10-14 17:11:51 - [MESSAGE][PASSED] - Method.TextDegerineEsitElementinAltindakineTikla is PASSED

2021-10-14 17:11:51 - [TEST_STEP][PASSED] - Method.TextDegerineEsitElementinAltindakiTextboxtaYaz(findTestObject("Filtreler/Basliklar"), findTestObject("Object Repository/Filtreler/Basliga_Gore_Bitis"), Filtre_Adi, Filtre_Degeri): Method.TextDegerineEsitElementinAltindakiTextboxtaYaz is PASSED

2021-10-14 17:11:51 - [MESSAGE][INFO] - Finding Test Object 'Object Repository/Filtreler/Basliklar'

2021-10-14 17:11:51 - [MESSAGE][INFO] - Finding Test Object 'Object Repository/Filtreler/Basliga_Gore_Bitis'

2021-10-14 17:11:51 - [MESSAGE][INFO] - Checking timeout

2021-10-14 17:11:51 - [MESSAGE][INFO] - Finding web element with id: 'Object Repository/Filtreler/Basliklar' located by 'By.cssSelector: .control-label.col-sm-4.paddingMarginRLC' in '10' second(s)

2021-10-14 17:11:51 - [MESSAGE][INFO] - Smart Wait Function is triggered

2021-10-14 17:11:51 - [MESSAGE][INFO] - Found 19 web elements with id: 'Object Repository/Filtreler/Basliklar' located by 'By.cssSelector: .control-label.col-sm-4.paddingMarginRLC' in '10' second(s)

2021-10-14 17:11:51 - [MESSAGE][INFO] - Smart Wait Function is triggered

2021-10-14 17:11:52 - [MESSAGE][PASSED] - Method.TextDegerineEsitElementinAltindakiTextboxtaYaz is PASSED

2021-10-14 17:11:52 - [MESSAGE][PASSED] - Call Test Case 'Test Cases/Filtreler/BitisYaz' successfully

2021-10-14 17:11:52 - [MESSAGE][INFO] - Checking called Test Case

2021-10-14 17:11:52 - [MESSAGE][INFO] - Starting to call Test Case 'Test Cases/Filtreler/ButonaTikla'

2021-10-14 17:11:52 - [TEST_CASE][PASSED] - Test Cases/Filtreler/ButonaTikla: Test Cases/Filtreler/ButonaTikla

2021-10-14 17:11:52 - [TEST_STEP][PASSED] - Method.TextDegerineEsitElementeTikla(findTestObject("Filtreler/Butonlar"), Filtre_Buton): Method.TextDegerineEsitElementeTikla is PASSED

2021-10-14 17:11:52 - [MESSAGE][INFO] - Finding Test Object 'Object Repository/Filtreler/Butonlar'

2021-10-14 17:11:52 - [MESSAGE][INFO] - Checking timeout

2021-10-14 17:11:52 - [MESSAGE][INFO] - Finding web element with id: 'Object Repository/Filtreler/Butonlar' located by 'By.cssSelector: .dxb>span' in '10' second(s)

2021-10-14 17:11:52 - [MESSAGE][INFO] - Smart Wait Function is triggered

2021-10-14 17:11:53 - [MESSAGE][INFO] - Found 3 web elements with id: 'Object Repository/Filtreler/Butonlar' located by 'By.cssSelector: .dxb>span' in '10' second(s)

2021-10-14 17:11:53 - [MESSAGE][PASSED] - Method.TextDegerineEsitElementeTikla is PASSED

2021-10-14 17:11:53 - [MESSAGE][PASSED] - Call Test Case 'Test Cases/Filtreler/ButonaTikla' successfully

2021-10-14 17:11:53 - [MESSAGE][INFO] - Checking called Test Case

2021-10-14 17:11:53 - [MESSAGE][INFO] - Starting to call Test Case 'Test Cases/Tablo/TablodaVeriVarMi'

2021-10-14 17:11:53 - [TEST_CASE][PASSED] - Test Cases/Tablo/TablodaVeriVarMi: Test Cases/Tablo/TablodaVeriVarMi

2021-10-14 17:11:53 - [TEST_STEP][PASSED] - verifyTextNotPresent("Görüntülenecek veri yok", true): Text 'Görüntülenecek veri yok' is not present on page using regular expression

2021-10-14 17:11:53 - [MESSAGE][INFO] - Checking text present  using regular expression

2021-10-14 17:11:53 - [MESSAGE][INFO] - Smart Wait Function is triggered

2021-10-14 17:11:54 - [MESSAGE][INFO] - Finding text 'Görüntülenecek veri yok' on page  using regular expression

2021-10-14 17:11:54 - [MESSAGE][PASSED] - Text 'Görüntülenecek veri yok' is not present on page using regular expression

2021-10-14 17:11:54 - [MESSAGE][PASSED] - Call Test Case 'Test Cases/Tablo/TablodaVeriVarMi' successfully

2021-10-14 17:11:54 - [MESSAGE][INFO] - Checking called Test Case

2021-10-14 17:11:54 - [MESSAGE][INFO] - Starting to call Test Case 'Test Cases/Tablo/TablodanVeriSec'

2021-10-14 17:11:54 - [TEST_CASE][PASSED] - Test Cases/Tablo/TablodanVeriSec: Test Cases/Tablo/TablodanVeriSec

2021-10-14 17:11:54 - [TEST_STEP][PASSED] - Method.TextDegerineEsitElementinAltindakineTikla(findTestObject("Tablo/Veriler"), findTestObject("Tablo/VerininCheckBoxi"), Veri_Adi): Method.TextDegerineEsitElementinAltindakineTikla is PASSED

2021-10-14 17:11:54 - [MESSAGE][INFO] - Finding Test Object 'Object Repository/Tablo/Veriler'

2021-10-14 17:11:54 - [MESSAGE][INFO] - Finding Test Object 'Object Repository/Tablo/VerininCheckBoxi'

2021-10-14 17:11:54 - [MESSAGE][INFO] - Checking timeout

2021-10-14 17:11:54 - [MESSAGE][INFO] - Finding web element with id: 'Object Repository/Tablo/Veriler' located by 'By.cssSelector: td.dxgv b ,td.dxgv' in '10' second(s)

2021-10-14 17:11:54 - [MESSAGE][INFO] - Smart Wait Function is triggered

2021-10-14 17:11:54 - [MESSAGE][INFO] - Found 140 web elements with id: 'Object Repository/Tablo/Veriler' located by 'By.cssSelector: td.dxgv b ,td.dxgv' in '10' second(s)

2021-10-14 17:11:54 - [MESSAGE][INFO] - Smart Wait Function is triggered

2021-10-14 17:11:55 - [MESSAGE][PASSED] - Method.TextDegerineEsitElementinAltindakineTikla is PASSED

2021-10-14 17:11:55 - [MESSAGE][PASSED] - Call Test Case 'Test Cases/Tablo/TablodanVeriSec' successfully

2021-10-14 17:11:55 - [MESSAGE][INFO] - Checking called Test Case

2021-10-14 17:11:55 - [MESSAGE][INFO] - Starting to call Test Case 'Test Cases/Butonlar/ButonaTikla'

2021-10-14 17:11:55 - [TEST_CASE][PASSED] - Test Cases/Butonlar/ButonaTikla: Test Cases/Butonlar/ButonaTikla

2021-10-14 17:11:55 - [TEST_STEP][PASSED] - Method.TextDegerineEsitElementeTiklaEquals(findTestObject("Butonlar/Butonlar"), Buton_Adi): Method.TextDegerineEsitElementeTiklaEquals is PASSED

2021-10-14 17:11:55 - [MESSAGE][INFO] - Finding Test Object 'Object Repository/Butonlar/Butonlar'

2021-10-14 17:11:55 - [MESSAGE][INFO] - Checking timeout

2021-10-14 17:11:55 - [MESSAGE][INFO] - Finding web element with id: 'Object Repository/Butonlar/Butonlar' located by 'By.cssSelector: .panel.panel-default.text-center.footerPanel .btn,.btn.btn-primary.btnControls' in '10' second(s)

2021-10-14 17:11:55 - [MESSAGE][INFO] - Smart Wait Function is triggered

2021-10-14 17:11:55 - [MESSAGE][INFO] - Found 15 web elements with id: 'Object Repository/Butonlar/Butonlar' located by 'By.cssSelector: .panel.panel-default.text-center.footerPanel .btn,.btn.btn-primary.btnControls' in '10' second(s)

2021-10-14 17:11:56 - [MESSAGE][PASSED] - Method.TextDegerineEsitElementeTiklaEquals is PASSED

2021-10-14 17:11:56 - [MESSAGE][PASSED] - Call Test Case 'Test Cases/Butonlar/ButonaTikla' successfully

2021-10-14 17:11:56 - [MESSAGE][INFO] - Checking called Test Case

2021-10-14 17:11:56 - [MESSAGE][INFO] - Starting to call Test Case 'Test Cases/Butonlar/AltButonaTikla'

2021-10-14 17:11:56 - [TEST_CASE][PASSED] - Test Cases/Butonlar/AltButonaTikla: Test Cases/Butonlar/AltButonaTikla

2021-10-14 17:11:56 - [TEST_STEP][PASSED] - Method.TextDegerineEsitElementeTikla(findTestObject("Butonlar/AltButonlar"), Alt_Buton): Method.TextDegerineEsitElementeTikla is PASSED

2021-10-14 17:11:56 - [MESSAGE][INFO] - Finding Test Object 'Object Repository/Butonlar/AltButonlar'

2021-10-14 17:11:56 - [MESSAGE][INFO] - Checking timeout

2021-10-14 17:11:56 - [MESSAGE][INFO] - Finding web element with id: 'Object Repository/Butonlar/AltButonlar' located by 'By.cssSelector: .btn-group.open li>a' in '10' second(s)

2021-10-14 17:11:56 - [MESSAGE][INFO] - Smart Wait Function is triggered

2021-10-14 17:11:56 - [MESSAGE][INFO] - Found 2 web elements with id: 'Object Repository/Butonlar/AltButonlar' located by 'By.cssSelector: .btn-group.open li>a' in '10' second(s)

2021-10-14 17:11:57 - [MESSAGE][PASSED] - Method.TextDegerineEsitElementeTikla is PASSED

2021-10-14 17:11:57 - [MESSAGE][PASSED] - Call Test Case 'Test Cases/Butonlar/AltButonaTikla' successfully

2021-10-14 17:11:57 - [MESSAGE][INFO] - Checking called Test Case

2021-10-14 17:11:57 - [MESSAGE][INFO] - Starting to call Test Case 'Test Cases/Sekmeler/YeniSekmeyeGec'

2021-10-14 17:11:57 - [TEST_CASE][PASSED] - Test Cases/Sekmeler/YeniSekmeyeGec: Test Cases/Sekmeler/YeniSekmeyeGec

2021-10-14 17:11:57 - [TEST_STEP][PASSED] - switchToWindowIndex(1): Switched to window with index: '1'

2021-10-14 17:11:57 - [MESSAGE][INFO] - Checking index

2021-10-14 17:11:57 - [MESSAGE][INFO] - Switching window with index: '1'

2021-10-14 17:11:57 - [MESSAGE][PASSED] - Switched to window with index: '1'

2021-10-14 17:11:57 - [MESSAGE][PASSED] - Call Test Case 'Test Cases/Sekmeler/YeniSekmeyeGec' successfully

2021-10-14 17:11:57 - [MESSAGE][INFO] - Checking called Test Case

2021-10-14 17:11:57 - [MESSAGE][INFO] - Starting to call Test Case 'Test Cases/Butonlar/PDFGorseliVarMi'

2021-10-14 17:11:57 - [TEST_CASE][PASSED] - Test Cases/Butonlar/PDFGorseliVarMi: Test Cases/Butonlar/PDFGorseliVarMi

2021-10-14 17:11:58 - [TEST_STEP][PASSED] - driver = getWebDriver(): null

2021-10-14 17:11:58 - [TEST_STEP][PASSED] - assert getPageSource().contains("type="application/pdf""): null

2021-10-14 17:11:58 - [MESSAGE][PASSED] - Call Test Case 'Test Cases/Butonlar/PDFGorseliVarMi' successfully

2021-10-14 17:11:58 - [MESSAGE][INFO] - Checking called Test Case

2021-10-14 17:11:58 - [MESSAGE][INFO] - Starting to call Test Case 'Test Cases/Sekmeler/Ana_Sekmeye_Gec'

2021-10-14 17:11:58 - [TEST_CASE][PASSED] - Test Cases/Sekmeler/Ana_Sekmeye_Gec: Test Cases/Sekmeler/Ana_Sekmeye_Gec

2021-10-14 17:11:58 - [TEST_STEP][PASSED] - try: Window with index 1 is closed

2021-10-14 17:11:58 - [TEST_STEP][PASSED] - index = getWindowIndex(): Current window's index is: 1

2021-10-14 17:11:58 - [MESSAGE][INFO] - Getting current window's index

2021-10-14 17:11:58 - [MESSAGE][PASSED] - Current window's index is: 1

2021-10-14 17:11:58 - [TEST_STEP][PASSED] - closeWindowIndex(index): Window with index 1 is closed

2021-10-14 17:11:58 - [MESSAGE][INFO] - Checking index

2021-10-14 17:11:58 - [MESSAGE][INFO] - Closing window with index 1

2021-10-14 17:11:58 - [MESSAGE][PASSED] - Window with index 1 is closed

2021-10-14 17:11:58 - [TEST_STEP][PASSED] - switchToWindowIndex(0): Switched to window with index: '0'

2021-10-14 17:11:58 - [MESSAGE][INFO] - Checking index

2021-10-14 17:11:58 - [MESSAGE][INFO] - Switching window with index: '0'

2021-10-14 17:11:58 - [MESSAGE][PASSED] - Switched to window with index: '0'

2021-10-14 17:11:58 - [MESSAGE][PASSED] - Call Test Case 'Test Cases/Sekmeler/Ana_Sekmeye_Gec' successfully

2021-10-14 17:11:58 - [MESSAGE][INFO] - Checking called Test Case

2021-10-14 17:11:58 - [MESSAGE][INFO] - Starting to call Test Case 'Test Cases/Butonlar/ButonaTikla'

2021-10-14 17:11:58 - [TEST_CASE][PASSED] - Test Cases/Butonlar/ButonaTikla: Test Cases/Butonlar/ButonaTikla

2021-10-14 17:11:58 - [TEST_STEP][PASSED] - Method.TextDegerineEsitElementeTiklaEquals(findTestObject("Butonlar/Butonlar"), Buton_Adi): Method.TextDegerineEsitElementeTiklaEquals is PASSED

2021-10-14 17:11:58 - [MESSAGE][INFO] - Finding Test Object 'Object Repository/Butonlar/Butonlar'

2021-10-14 17:11:58 - [MESSAGE][INFO] - Checking timeout

2021-10-14 17:11:58 - [MESSAGE][INFO] - Finding web element with id: 'Object Repository/Butonlar/Butonlar' located by 'By.cssSelector: .panel.panel-default.text-center.footerPanel .btn,.btn.btn-primary.btnControls' in '10' second(s)

2021-10-14 17:11:58 - [MESSAGE][INFO] - Smart Wait Function is triggered

2021-10-14 17:11:59 - [MESSAGE][INFO] - Found 15 web elements with id: 'Object Repository/Butonlar/Butonlar' located by 'By.cssSelector: .panel.panel-default.text-center.footerPanel .btn,.btn.btn-primary.btnControls' in '10' second(s)

2021-10-14 17:11:59 - [MESSAGE][PASSED] - Method.TextDegerineEsitElementeTiklaEquals is PASSED

2021-10-14 17:11:59 - [MESSAGE][PASSED] - Call Test Case 'Test Cases/Butonlar/ButonaTikla' successfully

2021-10-14 17:11:59 - [MESSAGE][INFO] - Checking called Test Case

2021-10-14 17:11:59 - [MESSAGE][INFO] - Starting to call Test Case 'Test Cases/Butonlar/AltButonaTikla'

2021-10-14 17:11:59 - [TEST_CASE][PASSED] - Test Cases/Butonlar/AltButonaTikla: Test Cases/Butonlar/AltButonaTikla

2021-10-14 17:11:59 - [TEST_STEP][PASSED] - Method.TextDegerineEsitElementeTikla(findTestObject("Butonlar/AltButonlar"), Alt_Buton): Method.TextDegerineEsitElementeTikla is PASSED

2021-10-14 17:11:59 - [MESSAGE][INFO] - Finding Test Object 'Object Repository/Butonlar/AltButonlar'

2021-10-14 17:11:59 - [MESSAGE][INFO] - Checking timeout

2021-10-14 17:11:59 - [MESSAGE][INFO] - Finding web element with id: 'Object Repository/Butonlar/AltButonlar' located by 'By.cssSelector: .btn-group.open li>a' in '10' second(s)

2021-10-14 17:11:59 - [MESSAGE][INFO] - Smart Wait Function is triggered

2021-10-14 17:11:59 - [MESSAGE][INFO] - Found 2 web elements with id: 'Object Repository/Butonlar/AltButonlar' located by 'By.cssSelector: .btn-group.open li>a' in '10' second(s)

2021-10-14 17:12:00 - [MESSAGE][PASSED] - Method.TextDegerineEsitElementeTikla is PASSED

2021-10-14 17:12:00 - [MESSAGE][PASSED] - Call Test Case 'Test Cases/Butonlar/AltButonaTikla' successfully

2021-10-14 17:12:00 - [MESSAGE][INFO] - Checking called Test Case

2021-10-14 17:12:00 - [MESSAGE][INFO] - Starting to call Test Case 'Test Cases/Butonlar/DosyaIndirildiMi'

2021-10-14 17:12:00 - [TEST_CASE][PASSED] - Test Cases/Butonlar/DosyaIndirildiMi: Test Cases/Butonlar/DosyaIndirildiMi

2021-10-14 17:12:00 - [TEST_STEP][PASSED] - Method.isimliDosyaIndirildiMi(DownloadFile, FileName): Method.isimliDosyaIndirildiMi is PASSED

2021-10-14 17:12:00 - [MESSAGE][INFO] - Delaying browser in 3 second(s)

2021-10-14 17:12:03 - [MESSAGE][PASSED] - Delayed 3 second(s)

2021-10-14 17:12:03 - [MESSAGE][PASSED] - Method.isimliDosyaIndirildiMi is PASSED

2021-10-14 17:12:03 - [MESSAGE][PASSED] - Call Test Case 'Test Cases/Butonlar/DosyaIndirildiMi' successfully

2021-10-14 17:12:03 - [MESSAGE][INFO] - Checking called Test Case

2021-10-14 17:12:03 - [MESSAGE][INFO] - Starting to call Test Case 'Test Cases/Kullanici_Islemleri/KullaniciIslemlerindenSecimYapilir'

2021-10-14 17:12:03 - [TEST_CASE][PASSED] - Test Cases/Kullanici_Islemleri/KullaniciIslemlerindenSecimYapilir: Test Cases/Kullanici_Islemleri/KullaniciIslemlerindenSecimYapilir

2021-10-14 17:12:03 - [TEST_STEP][PASSED] - waitForElementClickable(findTestObject("Object Repository/Kullanici_Islemleri/KullaniciIslemleri"), 10): Object 'Object Repository/Kullanici_Islemleri/KullaniciIslemleri' is clickable

2021-10-14 17:12:03 - [MESSAGE][INFO] - Finding Test Object 'Object Repository/Kullanici_Islemleri/KullaniciIslemleri'

2021-10-14 17:12:03 - [MESSAGE][INFO] - Checking object

2021-10-14 17:12:03 - [MESSAGE][INFO] - Checking timeout

2021-10-14 17:12:03 - [MESSAGE][INFO] - Finding web element from Test Object's properties

2021-10-14 17:12:03 - [MESSAGE][INFO] - Checking timeout

2021-10-14 17:12:03 - [MESSAGE][INFO] - Finding web element with id: 'Object Repository/Kullanici_Islemleri/KullaniciIslemleri' located by 'By.cssSelector: .dropdown>a>img' in '10' second(s)

2021-10-14 17:12:03 - [MESSAGE][INFO] - Smart Wait Function is triggered

2021-10-14 17:12:03 - [MESSAGE][INFO] - Found 1 web elements with id: 'Object Repository/Kullanici_Islemleri/KullaniciIslemleri' located by 'By.cssSelector: .dropdown>a>img' in '10' second(s)

2021-10-14 17:12:04 - [MESSAGE][PASSED] - Object 'Object Repository/Kullanici_Islemleri/KullaniciIslemleri' is clickable

2021-10-14 17:12:04 - [TEST_STEP][PASSED] - click(findTestObject("Object Repository/Kullanici_Islemleri/KullaniciIslemleri")): Object: 'Object Repository/Kullanici_Islemleri/KullaniciIslemleri' is clicked on

2021-10-14 17:12:04 - [MESSAGE][INFO] - Finding Test Object 'Object Repository/Kullanici_Islemleri/KullaniciIslemleri'

2021-10-14 17:12:04 - [MESSAGE][INFO] - Checking object

2021-10-14 17:12:04 - [MESSAGE][INFO] - Finding web element from Test Object's properties

2021-10-14 17:12:04 - [MESSAGE][INFO] - Checking timeout

2021-10-14 17:12:04 - [MESSAGE][INFO] - Finding web element with id: 'Object Repository/Kullanici_Islemleri/KullaniciIslemleri' located by 'By.cssSelector: .dropdown>a>img' in '30' second(s)

2021-10-14 17:12:04 - [MESSAGE][INFO] - Smart Wait Function is triggered

2021-10-14 17:12:04 - [MESSAGE][INFO] - Found 1 web elements with id: 'Object Repository/Kullanici_Islemleri/KullaniciIslemleri' located by 'By.cssSelector: .dropdown>a>img' in '30' second(s)

2021-10-14 17:12:04 - [MESSAGE][INFO] - Clicking on object: 'Object Repository/Kullanici_Islemleri/KullaniciIslemleri'

2021-10-14 17:12:04 - [MESSAGE][PASSED] - Object: 'Object Repository/Kullanici_Islemleri/KullaniciIslemleri' is clicked on

2021-10-14 17:12:04 - [TEST_STEP][PASSED] - Method.TextDegerineEsitElementeTikla(findTestObject("Object Repository/Kullanici_Islemleri/Secenekler"), Islem): Method.TextDegerineEsitElementeTikla is PASSED

2021-10-14 17:12:04 - [MESSAGE][INFO] - Finding Test Object 'Object Repository/Kullanici_Islemleri/Secenekler'

2021-10-14 17:12:04 - [MESSAGE][INFO] - Checking timeout

2021-10-14 17:12:04 - [MESSAGE][INFO] - Finding web element with id: 'Object Repository/Kullanici_Islemleri/Secenekler' located by 'By.cssSelector: .nav.navbar-nav.navbar-right li a' in '10' second(s)

2021-10-14 17:12:04 - [MESSAGE][INFO] - Smart Wait Function is triggered

2021-10-14 17:12:05 - [MESSAGE][INFO] - Found 22 web elements with id: 'Object Repository/Kullanici_Islemleri/Secenekler' located by 'By.cssSelector: .nav.navbar-nav.navbar-right li a' in '10' second(s)

2021-10-14 17:12:06 - [MESSAGE][PASSED] - Method.TextDegerineEsitElementeTikla is PASSED

2021-10-14 17:12:06 - [TEST_STEP][PASSED] - verifyElementNotPresent(findTestObject("Object Repository/Kullanici_Islemleri/Secenekler"), 10): Web element with id: 'Object Repository/Kullanici_Islemleri/Secenekler' located by 'By.cssSelector: .nav.navbar-nav.navbar-right li a' is not present after '10' second(s)

2021-10-14 17:12:06 - [MESSAGE][INFO] - Finding Test Object 'Object Repository/Kullanici_Islemleri/Secenekler'

2021-10-14 17:12:06 - [MESSAGE][INFO] - Checking object

2021-10-14 17:12:06 - [MESSAGE][INFO] - Checking timeout

2021-10-14 17:12:06 - [MESSAGE][INFO] - Finding web element with id: 'Object Repository/Kullanici_Islemleri/Secenekler' located by 'By.cssSelector: .nav.navbar-nav.navbar-right li a' in '10' second(s)

2021-10-14 17:12:06 - [MESSAGE][INFO] - Smart Wait Function is triggered

2021-10-14 17:12:07 - [MESSAGE][PASSED] - Web element with id: 'Object Repository/Kullanici_Islemleri/Secenekler' located by 'By.cssSelector: .nav.navbar-nav.navbar-right li a' is not present after '10' second(s)

2021-10-14 17:12:07 - [MESSAGE][PASSED] - Call Test Case 'Test Cases/Kullanici_Islemleri/KullaniciIslemlerindenSecimYapilir' successfully

2021-10-14 17:12:07 - [TEST_CASE][PASSED] - Start Test Case : SCENARIO Faturanin PDFinin gosterilmesi: SCENARIO Faturanin PDFinin gosterilmesi

2021-10-14 17:12:07 - [TEST_STEP][PASSED] - Kullanıcı adı ELOGO6 ve Şifre 123456 olarak giriş yapılır: Kullanıcı adı ELOGO6 ve Şifre 123456 olarak giriş yapılır

2021-10-14 17:12:07 - [MESSAGE][PASSED] - Kullanıcı adı ELOGO6 ve Şifre 123456 olarak giriş yapılır

2021-10-14 17:12:07 - [TEST_STEP][PASSED] - Ana menüden e-Fatura seçilir: Ana menüden e-Fatura seçilir

2021-10-14 17:12:07 - [MESSAGE][PASSED] - Ana menüden e-Fatura seçilir

2021-10-14 17:12:07 - [TEST_STEP][PASSED] - Alt menü Gelen Kutusu başlığı altındaki Faturalar seçilir: Alt menü Gelen Kutusu başlığı altındaki Faturalar seçilir

2021-10-14 17:12:07 - [MESSAGE][PASSED] - Alt menü Gelen Kutusu başlığı altındaki Faturalar seçilir

2021-10-14 17:12:07 - [TEST_STEP][PASSED] - Filtrelerden Oluşturma Tarihi filtresine 01.12.2020 baslangic degerini yaz: Filtrelerden Oluşturma Tarihi filtresine 01.12.2020 baslangic degerini yaz

2021-10-14 17:12:07 - [MESSAGE][PASSED] - Filtrelerden Oluşturma Tarihi filtresine 01.12.2020 baslangic degerini yaz

2021-10-14 17:12:07 - [TEST_STEP][PASSED] - Filtrelerden Oluşturma Tarihi filtresine 31.12.2020 bitis degerini yaz: Filtrelerden Oluşturma Tarihi filtresine 31.12.2020 bitis degerini yaz

2021-10-14 17:12:07 - [MESSAGE][PASSED] - Filtrelerden Oluşturma Tarihi filtresine 31.12.2020 bitis degerini yaz

2021-10-14 17:12:07 - [TEST_STEP][PASSED] - Filtre butonlarından Listele seçilir: Filtre butonlarından Listele seçilir

2021-10-14 17:12:07 - [MESSAGE][PASSED] - Filtre butonlarından Listele seçilir

2021-10-14 17:12:07 - [TEST_STEP][PASSED] - Tabloda veri var mı kontrol edilir: Tabloda veri var mı kontrol edilir

2021-10-14 17:12:07 - [MESSAGE][PASSED] - Tabloda veri var mı kontrol edilir

2021-10-14 17:12:07 - [TEST_STEP][PASSED] - Tablodan E LOGO 6 isimli veri seçilir: Tablodan E LOGO 6 isimli veri seçilir

2021-10-14 17:12:07 - [MESSAGE][PASSED] - Tablodan E LOGO 6 isimli veri seçilir

2021-10-14 17:12:07 - [TEST_STEP][PASSED] - Butonlardan PDF isimli butona tıklanır: Butonlardan PDF isimli butona tıklanır

2021-10-14 17:12:07 - [MESSAGE][PASSED] - Butonlardan PDF isimli butona tıklanır

2021-10-14 17:12:07 - [TEST_STEP][PASSED] - Alt butonlardan Göster butonuna tıklanır: Alt butonlardan Göster butonuna tıklanır

2021-10-14 17:12:07 - [MESSAGE][PASSED] - Alt butonlardan Göster butonuna tıklanır

2021-10-14 17:12:07 - [TEST_STEP][PASSED] - Yeni açılan sekmeye geçilir: Yeni açılan sekmeye geçilir

2021-10-14 17:12:07 - [MESSAGE][PASSED] - Yeni açılan sekmeye geçilir

2021-10-14 17:12:07 - [TEST_STEP][PASSED] - PDF açıldı mı: PDF açıldı mı

2021-10-14 17:12:07 - [MESSAGE][PASSED] - PDF açıldı mı

2021-10-14 17:12:07 - [TEST_STEP][PASSED] - Ana sekmeye geçilir: Ana sekmeye geçilir

2021-10-14 17:12:07 - [MESSAGE][PASSED] - Ana sekmeye geçilir

2021-10-14 17:12:07 - [TEST_STEP][PASSED] - Butonlardan PDF isimli butona tıklanır: Butonlardan PDF isimli butona tıklanır

2021-10-14 17:12:07 - [MESSAGE][PASSED] - Butonlardan PDF isimli butona tıklanır

2021-10-14 17:12:07 - [TEST_STEP][PASSED] - Alt butonlardan İndir butonuna tıklanır: Alt butonlardan İndir butonuna tıklanır

2021-10-14 17:12:07 - [MESSAGE][PASSED] - Alt butonlardan İndir butonuna tıklanır

2021-10-14 17:12:07 - [TEST_STEP][PASSED] - Ön eki Invoice olan dosya indirildi mi: Ön eki Invoice olan dosya indirildi mi

2021-10-14 17:12:07 - [MESSAGE][PASSED] - Ön eki Invoice olan dosya indirildi mi

2021-10-14 17:12:07 - [TEST_STEP][PASSED] - Kullanıcı işlemlerinden Çıkış seçilir: Kullanıcı işlemlerinden Çıkış seçilir

2021-10-14 17:12:07 - [MESSAGE][PASSED] - Kullanıcı işlemlerinden Çıkış seçilir

2021-10-14 17:12:07 - [MESSAGE][PASSED] - Feature file: 'Include/features/e-Fatura/Gelen Kutusu/Faturalar/PDF Goster-Indir.feature' was passed

2021-10-14 17:12:07 - [TEST_STEP][PASSED] - Start listener action : sampleAfterTestSuite: Invoke 'com.kms.katalon.core.annotation.AfterTestCase' method: 'Listener.sampleAfterTestSuite(...)' completed.

2021-10-14 17:12:07 - [MESSAGE][INFO] - Starting invoke 'com.kms.katalon.core.annotation.AfterTestCase' method: 'Listener.sampleAfterTestSuite(...)'

2021-10-14 17:12:07 - [TEST_STEP][PASSED] - closeBrowser(): Invoke 'com.kms.katalon.core.annotation.AfterTestCase' method: 'Listener.sampleAfterTestSuite(...)' completed.

2021-10-14 17:12:07 - [MESSAGE][INFO] - Closing browser

2021-10-14 17:12:08 - [MESSAGE][PASSED] - Browser is closed

2021-10-14 17:12:08 - [MESSAGE][INFO] - Invoke 'com.kms.katalon.core.annotation.AfterTestCase' method: 'Listener.sampleAfterTestSuite(...)' completed.]]></system-out>
         <system-err><![CDATA[]]></system-err>
      </testcase>
      <testcase name="Test Cases/Case Repository/e-Fatura/Gelen Kutusu/Faturalar/Sertifika" time="34.489" classname="Test Cases/Case Repository/e-Fatura/Gelen Kutusu/Faturalar/Sertifika" status="PASSED">
         <system-out><![CDATA[2021-10-14 17:12:08 - [TEST_CASE][PASSED] - Test Cases/Case Repository/e-Fatura/Gelen Kutusu/Faturalar/Sertifika: Test Cases/Case Repository/e-Fatura/Gelen Kutusu/Faturalar/Sertifika

2021-10-14 17:12:08 - [TEST_STEP][PASSED] - Start listener action : sampleBeforeTestSuite: Invoke 'com.kms.katalon.core.annotation.BeforeTestCase' method: 'Listener.sampleBeforeTestSuite(...)' completed.

2021-10-14 17:12:08 - [MESSAGE][INFO] - Starting invoke 'com.kms.katalon.core.annotation.BeforeTestCase' method: 'Listener.sampleBeforeTestSuite(...)'

2021-10-14 17:12:08 - [TEST_STEP][PASSED] - openBrowser(baseUrl): Browser is opened with url: 'https://efatura-stage.elogo.com.tr/'

2021-10-14 17:12:08 - [MESSAGE][INFO] - Opening browser

2021-10-14 17:12:08 - [MESSAGE][INFO] - Starting 'Chrome' driver

2021-10-14 17:12:08 - [MESSAGE][INFO] - User set preference: ['prefs', '{download.default_directory=C:\otomasyondownfiles}']

2021-10-14 17:12:08 - [MESSAGE][INFO] - Action delay is set to 0 milliseconds

2021-10-14 17:12:09 - [MESSAGE][INFO] - Navigating browser to: 'https://efatura-stage.elogo.com.tr/'

2021-10-14 17:12:12 - [MESSAGE][PASSED] - Browser is opened with url: 'https://efatura-stage.elogo.com.tr/'

2021-10-14 17:12:12 - [TEST_STEP][PASSED] - maximizeWindow(): Invoke 'com.kms.katalon.core.annotation.BeforeTestCase' method: 'Listener.sampleBeforeTestSuite(...)' completed.

2021-10-14 17:12:12 - [MESSAGE][INFO] - Maximizing current window

2021-10-14 17:12:12 - [MESSAGE][PASSED] - Current window maximized

2021-10-14 17:12:12 - [MESSAGE][INFO] - Invoke 'com.kms.katalon.core.annotation.BeforeTestCase' method: 'Listener.sampleBeforeTestSuite(...)' completed.

2021-10-14 17:12:12 - [TEST_STEP][PASSED] - runFeatureFile("Include/features/e-Fatura/Gelen Kutusu/Faturalar/Sertifika.feature"): Feature file: 'Include/features/e-Fatura/Gelen Kutusu/Faturalar/Sertifika.feature' was passed

2021-10-14 17:12:12 - [MESSAGE][INFO] - Starting run keyword runFeatureFile: 'Include/features/e-Fatura/Gelen Kutusu/Faturalar/Sertifika.feature' and extract report to folder: 'C:\Users\DELL\Downloads\EES_Katalon-main\Reports\20211014_170112\Suite Repository\e-Fatura\20211014_170113/cucumber_report/1634220732677'...

2021-10-14 17:12:12 - [MESSAGE][INFO] - Glue: []

2021-10-14 17:12:13 - [MESSAGE][INFO] - Checking called Test Case

2021-10-14 17:12:13 - [MESSAGE][INFO] - Starting to call Test Case 'Test Cases/Sayfalar/Giris_Sayfasi/Login'

2021-10-14 17:12:13 - [TEST_CASE][PASSED] - Test Cases/Sayfalar/Giris_Sayfasi/Login: Test Cases/Sayfalar/Giris_Sayfasi/Login

2021-10-14 17:12:13 - [TEST_STEP][PASSED] - Sayfa_Basligi = getWindowTitle(): Current window's title is: 'LOGO e-Fatura'

2021-10-14 17:12:13 - [MESSAGE][INFO] - Getting current window's title

2021-10-14 17:12:13 - [MESSAGE][PASSED] - Current window's title is: 'LOGO e-Fatura'

2021-10-14 17:12:13 - [TEST_STEP][PASSED] - verifyMatch(Sayfa_Basligi, "LOGO e-Fatura", false): Actual text 'LOGO e-Fatura' and expected text 'LOGO e-Fatura' are matched 

2021-10-14 17:12:13 - [MESSAGE][INFO] - Matching actual text 'LOGO e-Fatura' with expected text 'LOGO e-Fatura'

2021-10-14 17:12:13 - [MESSAGE][PASSED] - Actual text 'LOGO e-Fatura' and expected text 'LOGO e-Fatura' are matched 

2021-10-14 17:12:13 - [TEST_STEP][PASSED] - sendKeys(findTestObject("Sayfalar/Giris_Sayfasi/Firma_Kodu"), KullaniciAdi): Keys 'ELOGO6' sent to object: 'Object Repository/Sayfalar/Giris_Sayfasi/Firma_Kodu'

2021-10-14 17:12:13 - [MESSAGE][INFO] - Finding Test Object 'Object Repository/Sayfalar/Giris_Sayfasi/Firma_Kodu'

2021-10-14 17:12:13 - [MESSAGE][INFO] - Sending keys 'ELOGO6' to object: 'Object Repository/Sayfalar/Giris_Sayfasi/Firma_Kodu'

2021-10-14 17:12:13 - [MESSAGE][INFO] - Finding web element from Test Object's properties

2021-10-14 17:12:13 - [MESSAGE][INFO] - Checking timeout

2021-10-14 17:12:13 - [MESSAGE][INFO] - Finding web element with id: 'Object Repository/Sayfalar/Giris_Sayfasi/Firma_Kodu' located by 'By.xpath: //*[@id = 'AccountName']' in '30' second(s)

2021-10-14 17:12:13 - [MESSAGE][INFO] - Smart Wait Function is triggered

2021-10-14 17:12:14 - [MESSAGE][INFO] - Found 1 web elements with id: 'Object Repository/Sayfalar/Giris_Sayfasi/Firma_Kodu' located by 'By.xpath: //*[@id = 'AccountName']' in '30' second(s)

2021-10-14 17:12:14 - [MESSAGE][PASSED] - Keys 'ELOGO6' sent to object: 'Object Repository/Sayfalar/Giris_Sayfasi/Firma_Kodu'

2021-10-14 17:12:14 - [TEST_STEP][PASSED] - sendKeys(findTestObject("Sayfalar/Giris_Sayfasi/Sifre"), Sifre): Keys '123456' sent to object: 'Object Repository/Sayfalar/Giris_Sayfasi/Sifre'

2021-10-14 17:12:14 - [MESSAGE][INFO] - Finding Test Object 'Object Repository/Sayfalar/Giris_Sayfasi/Sifre'

2021-10-14 17:12:14 - [MESSAGE][INFO] - Sending keys '123456' to object: 'Object Repository/Sayfalar/Giris_Sayfasi/Sifre'

2021-10-14 17:12:14 - [MESSAGE][INFO] - Finding web element from Test Object's properties

2021-10-14 17:12:14 - [MESSAGE][INFO] - Checking timeout

2021-10-14 17:12:14 - [MESSAGE][INFO] - Finding web element with id: 'Object Repository/Sayfalar/Giris_Sayfasi/Sifre' located by 'By.xpath: //*[@id = 'Password']' in '30' second(s)

2021-10-14 17:12:14 - [MESSAGE][INFO] - Smart Wait Function is triggered

2021-10-14 17:12:14 - [MESSAGE][INFO] - Found 1 web elements with id: 'Object Repository/Sayfalar/Giris_Sayfasi/Sifre' located by 'By.xpath: //*[@id = 'Password']' in '30' second(s)

2021-10-14 17:12:14 - [MESSAGE][PASSED] - Keys '123456' sent to object: 'Object Repository/Sayfalar/Giris_Sayfasi/Sifre'

2021-10-14 17:12:14 - [TEST_STEP][PASSED] - findWebElement(findTestObject("Sayfalar/Giris_Sayfasi/Giris_Butonu")).click(): Found 1 web elements with id: 'Object Repository/Sayfalar/Giris_Sayfasi/Giris_Butonu' located by 'By.cssSelector: #btnLogin' in '30' second(s)

2021-10-14 17:12:14 - [MESSAGE][INFO] - Finding Test Object 'Object Repository/Sayfalar/Giris_Sayfasi/Giris_Butonu'

2021-10-14 17:12:14 - [MESSAGE][INFO] - Finding web element from Test Object's properties

2021-10-14 17:12:14 - [MESSAGE][INFO] - Checking timeout

2021-10-14 17:12:14 - [MESSAGE][INFO] - Finding web element with id: 'Object Repository/Sayfalar/Giris_Sayfasi/Giris_Butonu' located by 'By.cssSelector: #btnLogin' in '30' second(s)

2021-10-14 17:12:14 - [MESSAGE][INFO] - Smart Wait Function is triggered

2021-10-14 17:12:15 - [MESSAGE][INFO] - Found 1 web elements with id: 'Object Repository/Sayfalar/Giris_Sayfasi/Giris_Butonu' located by 'By.cssSelector: #btnLogin' in '30' second(s)

2021-10-14 17:12:17 - [TEST_STEP][PASSED] - if (verifyElementPresent(findTestObject("Object Repository/Sayfalar/Giris_Sayfasi/RetveTamam_Butonu"), 5, OPTIONAL)): null

2021-10-14 17:12:17 - [MESSAGE][INFO] - Finding Test Object 'Object Repository/Sayfalar/Giris_Sayfasi/RetveTamam_Butonu'

2021-10-14 17:12:17 - [MESSAGE][INFO] - Checking object

2021-10-14 17:12:17 - [MESSAGE][INFO] - Finding web element from Test Object's properties

2021-10-14 17:12:17 - [MESSAGE][INFO] - Checking timeout

2021-10-14 17:12:17 - [MESSAGE][INFO] - Finding web element with id: 'Object Repository/Sayfalar/Giris_Sayfasi/RetveTamam_Butonu' located by 'By.xpath: //*[@class = 'btn btn-default']' in '5' second(s)

2021-10-14 17:12:17 - [MESSAGE][INFO] - Smart Wait Function is triggered

2021-10-14 17:12:17 - [MESSAGE][INFO] - Found 1 web elements with id: 'Object Repository/Sayfalar/Giris_Sayfasi/RetveTamam_Butonu' located by 'By.xpath: //*[@class = 'btn btn-default']' in '5' second(s)

2021-10-14 17:12:17 - [MESSAGE][PASSED] - Object 'Object Repository/Sayfalar/Giris_Sayfasi/RetveTamam_Butonu' is present

2021-10-14 17:12:17 - [TEST_STEP][PASSED] - click(findTestObject("Object Repository/Sayfalar/Giris_Sayfasi/RetveTamam_Butonu")): Object: 'Object Repository/Sayfalar/Giris_Sayfasi/RetveTamam_Butonu' is clicked on

2021-10-14 17:12:17 - [MESSAGE][INFO] - Finding Test Object 'Object Repository/Sayfalar/Giris_Sayfasi/RetveTamam_Butonu'

2021-10-14 17:12:17 - [MESSAGE][INFO] - Checking object

2021-10-14 17:12:17 - [MESSAGE][INFO] - Finding web element from Test Object's properties

2021-10-14 17:12:17 - [MESSAGE][INFO] - Checking timeout

2021-10-14 17:12:17 - [MESSAGE][INFO] - Finding web element with id: 'Object Repository/Sayfalar/Giris_Sayfasi/RetveTamam_Butonu' located by 'By.xpath: //*[@class = 'btn btn-default']' in '30' second(s)

2021-10-14 17:12:17 - [MESSAGE][INFO] - Smart Wait Function is triggered

2021-10-14 17:12:17 - [MESSAGE][INFO] - Found 1 web elements with id: 'Object Repository/Sayfalar/Giris_Sayfasi/RetveTamam_Butonu' located by 'By.xpath: //*[@class = 'btn btn-default']' in '30' second(s)

2021-10-14 17:12:17 - [MESSAGE][INFO] - Clicking on object: 'Object Repository/Sayfalar/Giris_Sayfasi/RetveTamam_Butonu'

2021-10-14 17:12:17 - [MESSAGE][PASSED] - Object: 'Object Repository/Sayfalar/Giris_Sayfasi/RetveTamam_Butonu' is clicked on

2021-10-14 17:12:17 - [TEST_STEP][PASSED] - click(findTestObject("Object Repository/Sayfalar/Giris_Sayfasi/RetveTamam_Butonu")): Object: 'Object Repository/Sayfalar/Giris_Sayfasi/RetveTamam_Butonu' is clicked on

2021-10-14 17:12:17 - [MESSAGE][INFO] - Finding Test Object 'Object Repository/Sayfalar/Giris_Sayfasi/RetveTamam_Butonu'

2021-10-14 17:12:18 - [MESSAGE][INFO] - Checking object

2021-10-14 17:12:18 - [MESSAGE][INFO] - Finding web element from Test Object's properties

2021-10-14 17:12:18 - [MESSAGE][INFO] - Checking timeout

2021-10-14 17:12:18 - [MESSAGE][INFO] - Finding web element with id: 'Object Repository/Sayfalar/Giris_Sayfasi/RetveTamam_Butonu' located by 'By.xpath: //*[@class = 'btn btn-default']' in '30' second(s)

2021-10-14 17:12:18 - [MESSAGE][INFO] - Smart Wait Function is triggered

2021-10-14 17:12:21 - [MESSAGE][INFO] - Found 1 web elements with id: 'Object Repository/Sayfalar/Giris_Sayfasi/RetveTamam_Butonu' located by 'By.xpath: //*[@class = 'btn btn-default']' in '30' second(s)

2021-10-14 17:12:21 - [MESSAGE][INFO] - Clicking on object: 'Object Repository/Sayfalar/Giris_Sayfasi/RetveTamam_Butonu'

2021-10-14 17:12:21 - [MESSAGE][PASSED] - Object: 'Object Repository/Sayfalar/Giris_Sayfasi/RetveTamam_Butonu' is clicked on

2021-10-14 17:12:21 - [TEST_STEP][PASSED] - if (verifyElementPresent(findTestObject("Sayfalar/Giris_Sayfasi/PopupOK"), 5, OPTIONAL)): null

2021-10-14 17:12:21 - [MESSAGE][INFO] - Finding Test Object 'Object Repository/Sayfalar/Giris_Sayfasi/PopupOK'

2021-10-14 17:12:21 - [MESSAGE][INFO] - Checking object

2021-10-14 17:12:21 - [MESSAGE][INFO] - Finding web element from Test Object's properties

2021-10-14 17:12:21 - [MESSAGE][INFO] - Checking timeout

2021-10-14 17:12:21 - [MESSAGE][INFO] - Finding web element with id: 'Object Repository/Sayfalar/Giris_Sayfasi/PopupOK' located by 'By.cssSelector: .btn.btn-success' in '5' second(s)

2021-10-14 17:12:21 - [MESSAGE][INFO] - Smart Wait Function is triggered

2021-10-14 17:12:22 - [MESSAGE][INFO] - Found 1 web elements with id: 'Object Repository/Sayfalar/Giris_Sayfasi/PopupOK' located by 'By.cssSelector: .btn.btn-success' in '5' second(s)

2021-10-14 17:12:22 - [MESSAGE][PASSED] - Object 'Object Repository/Sayfalar/Giris_Sayfasi/PopupOK' is present

2021-10-14 17:12:22 - [TEST_STEP][PASSED] - click(findTestObject("Object Repository/Sayfalar/Giris_Sayfasi/PopupCarpiGiris")): Object: 'Object Repository/Sayfalar/Giris_Sayfasi/PopupCarpiGiris' is clicked on

2021-10-14 17:12:22 - [MESSAGE][INFO] - Finding Test Object 'Object Repository/Sayfalar/Giris_Sayfasi/PopupCarpiGiris'

2021-10-14 17:12:22 - [MESSAGE][INFO] - Checking object

2021-10-14 17:12:22 - [MESSAGE][INFO] - Finding web element from Test Object's properties

2021-10-14 17:12:22 - [MESSAGE][INFO] - Checking timeout

2021-10-14 17:12:22 - [MESSAGE][INFO] - Finding web element with id: 'Object Repository/Sayfalar/Giris_Sayfasi/PopupCarpiGiris' located by 'By.cssSelector: .bootbox-close-button.close' in '30' second(s)

2021-10-14 17:12:22 - [MESSAGE][INFO] - Smart Wait Function is triggered

2021-10-14 17:12:22 - [MESSAGE][INFO] - Found 1 web elements with id: 'Object Repository/Sayfalar/Giris_Sayfasi/PopupCarpiGiris' located by 'By.cssSelector: .bootbox-close-button.close' in '30' second(s)

2021-10-14 17:12:22 - [MESSAGE][INFO] - Clicking on object: 'Object Repository/Sayfalar/Giris_Sayfasi/PopupCarpiGiris'

2021-10-14 17:12:22 - [MESSAGE][PASSED] - Object: 'Object Repository/Sayfalar/Giris_Sayfasi/PopupCarpiGiris' is clicked on

2021-10-14 17:12:22 - [TEST_STEP][PASSED] - verifyElementVisible(findTestObject("Object Repository/Kullanici_Islemleri/KullaniciIslemleri")): Object 'Object Repository/Kullanici_Islemleri/KullaniciIslemleri' is visible

2021-10-14 17:12:22 - [MESSAGE][INFO] - Finding Test Object 'Object Repository/Kullanici_Islemleri/KullaniciIslemleri'

2021-10-14 17:12:22 - [MESSAGE][INFO] - Checking object

2021-10-14 17:12:22 - [MESSAGE][INFO] - Finding web element from Test Object's properties

2021-10-14 17:12:22 - [MESSAGE][INFO] - Checking timeout

2021-10-14 17:12:22 - [MESSAGE][INFO] - Finding web element with id: 'Object Repository/Kullanici_Islemleri/KullaniciIslemleri' located by 'By.cssSelector: .dropdown>a>img' in '30' second(s)

2021-10-14 17:12:22 - [MESSAGE][INFO] - Smart Wait Function is triggered

2021-10-14 17:12:23 - [MESSAGE][INFO] - Found 1 web elements with id: 'Object Repository/Kullanici_Islemleri/KullaniciIslemleri' located by 'By.cssSelector: .dropdown>a>img' in '30' second(s)

2021-10-14 17:12:23 - [MESSAGE][PASSED] - Object 'Object Repository/Kullanici_Islemleri/KullaniciIslemleri' is visible

2021-10-14 17:12:23 - [MESSAGE][PASSED] - Call Test Case 'Test Cases/Sayfalar/Giris_Sayfasi/Login' successfully

2021-10-14 17:12:23 - [MESSAGE][INFO] - Checking called Test Case

2021-10-14 17:12:23 - [MESSAGE][INFO] - Starting to call Test Case 'Test Cases/Menu/AnaMenuSecimi'

2021-10-14 17:12:23 - [TEST_CASE][PASSED] - Test Cases/Menu/AnaMenuSecimi: Test Cases/Menu/AnaMenuSecimi

2021-10-14 17:12:23 - [TEST_STEP][PASSED] - Method.TextDegerineEsitElementeTikla(findTestObject("Menu/Ana_Menu"), Ana_Menu): Method.TextDegerineEsitElementeTikla is PASSED

2021-10-14 17:12:23 - [MESSAGE][INFO] - Finding Test Object 'Object Repository/Menu/Ana_Menu'

2021-10-14 17:12:23 - [MESSAGE][INFO] - Checking timeout

2021-10-14 17:12:23 - [MESSAGE][INFO] - Finding web element with id: 'Object Repository/Menu/Ana_Menu' located by 'By.xpath: //*[@class = 'dropdown-toggle']' in '10' second(s)

2021-10-14 17:12:23 - [MESSAGE][INFO] - Smart Wait Function is triggered

2021-10-14 17:12:23 - [MESSAGE][INFO] - Found 14 web elements with id: 'Object Repository/Menu/Ana_Menu' located by 'By.xpath: //*[@class = 'dropdown-toggle']' in '10' second(s)

2021-10-14 17:12:24 - [MESSAGE][PASSED] - Method.TextDegerineEsitElementeTikla is PASSED

2021-10-14 17:12:24 - [MESSAGE][PASSED] - Call Test Case 'Test Cases/Menu/AnaMenuSecimi' successfully

2021-10-14 17:12:24 - [MESSAGE][INFO] - Checking called Test Case

2021-10-14 17:12:24 - [MESSAGE][INFO] - Starting to call Test Case 'Test Cases/Menu/BasligaGoreAltMenuSecimi'

2021-10-14 17:12:24 - [TEST_CASE][PASSED] - Test Cases/Menu/BasligaGoreAltMenuSecimi: Test Cases/Menu/BasligaGoreAltMenuSecimi

2021-10-14 17:12:24 - [TEST_STEP][PASSED] - Method.TextDegerineEsitElementinAltindakiTextDegerineEsitOlanaTikla(findTestObject("Menu/Menu_Basligi"), findTestObject("Menu/Basliga_Gore_Alt_Menu"), Baslik, Alt_Menu): Method.TextDegerineEsitElementinAltindakiTextDegerineEsitOlanaTikla is PASSED

2021-10-14 17:12:24 - [MESSAGE][INFO] - Finding Test Object 'Object Repository/Menu/Menu_Basligi'

2021-10-14 17:12:24 - [MESSAGE][INFO] - Finding Test Object 'Object Repository/Menu/Basliga_Gore_Alt_Menu'

2021-10-14 17:12:24 - [MESSAGE][INFO] - Checking timeout

2021-10-14 17:12:24 - [MESSAGE][INFO] - Finding web element with id: 'Object Repository/Menu/Menu_Basligi' located by 'By.xpath: //li[@class='dropdown dropdown-large open']//li[@class='dropdown-header']' in '10' second(s)

2021-10-14 17:12:24 - [MESSAGE][INFO] - Smart Wait Function is triggered

2021-10-14 17:12:24 - [MESSAGE][INFO] - Found 3 web elements with id: 'Object Repository/Menu/Menu_Basligi' located by 'By.xpath: //li[@class='dropdown dropdown-large open']//li[@class='dropdown-header']' in '10' second(s)

2021-10-14 17:12:24 - [MESSAGE][INFO] - Smart Wait Function is triggered

2021-10-14 17:12:27 - [MESSAGE][PASSED] - Method.TextDegerineEsitElementinAltindakiTextDegerineEsitOlanaTikla is PASSED

2021-10-14 17:12:27 - [MESSAGE][PASSED] - Call Test Case 'Test Cases/Menu/BasligaGoreAltMenuSecimi' successfully

2021-10-14 17:12:27 - [MESSAGE][INFO] - Checking called Test Case

2021-10-14 17:12:27 - [MESSAGE][INFO] - Starting to call Test Case 'Test Cases/Filtreler/BaslangicYaz'

2021-10-14 17:12:27 - [TEST_CASE][PASSED] - Test Cases/Filtreler/BaslangicYaz: Test Cases/Filtreler/BaslangicYaz

2021-10-14 17:12:27 - [TEST_STEP][PASSED] - Method.TextDegerineEsitElementinAltindakineTikla(findTestObject("Filtreler/Basliklar"), findTestObject("Filtreler/Basliga_Gore_Baslangic_Image"), Filtre_Adi): Method.TextDegerineEsitElementinAltindakineTikla is PASSED

2021-10-14 17:12:27 - [MESSAGE][INFO] - Finding Test Object 'Object Repository/Filtreler/Basliklar'

2021-10-14 17:12:27 - [MESSAGE][INFO] - Finding Test Object 'Object Repository/Filtreler/Basliga_Gore_Baslangic_Image'

2021-10-14 17:12:27 - [MESSAGE][INFO] - Checking timeout

2021-10-14 17:12:27 - [MESSAGE][INFO] - Finding web element with id: 'Object Repository/Filtreler/Basliklar' located by 'By.cssSelector: .control-label.col-sm-4.paddingMarginRLC' in '10' second(s)

2021-10-14 17:12:27 - [MESSAGE][INFO] - Smart Wait Function is triggered

2021-10-14 17:12:27 - [MESSAGE][INFO] - Found 19 web elements with id: 'Object Repository/Filtreler/Basliklar' located by 'By.cssSelector: .control-label.col-sm-4.paddingMarginRLC' in '10' second(s)

2021-10-14 17:12:27 - [MESSAGE][INFO] - Smart Wait Function is triggered

2021-10-14 17:12:28 - [MESSAGE][PASSED] - Method.TextDegerineEsitElementinAltindakineTikla is PASSED

2021-10-14 17:12:28 - [TEST_STEP][PASSED] - Method.TextDegerineEsitElementinAltindakiTextboxtaYaz(findTestObject("Filtreler/Basliklar"), findTestObject("Filtreler/Basliga_Gore_Baslangic"), Filtre_Adi, Filtre_Degeri): Method.TextDegerineEsitElementinAltindakiTextboxtaYaz is PASSED

2021-10-14 17:12:28 - [MESSAGE][INFO] - Finding Test Object 'Object Repository/Filtreler/Basliklar'

2021-10-14 17:12:28 - [MESSAGE][INFO] - Finding Test Object 'Object Repository/Filtreler/Basliga_Gore_Baslangic'

2021-10-14 17:12:28 - [MESSAGE][INFO] - Checking timeout

2021-10-14 17:12:28 - [MESSAGE][INFO] - Finding web element with id: 'Object Repository/Filtreler/Basliklar' located by 'By.cssSelector: .control-label.col-sm-4.paddingMarginRLC' in '10' second(s)

2021-10-14 17:12:28 - [MESSAGE][INFO] - Smart Wait Function is triggered

2021-10-14 17:12:28 - [MESSAGE][INFO] - Found 19 web elements with id: 'Object Repository/Filtreler/Basliklar' located by 'By.cssSelector: .control-label.col-sm-4.paddingMarginRLC' in '10' second(s)

2021-10-14 17:12:28 - [MESSAGE][INFO] - Smart Wait Function is triggered

2021-10-14 17:12:29 - [MESSAGE][PASSED] - Method.TextDegerineEsitElementinAltindakiTextboxtaYaz is PASSED

2021-10-14 17:12:29 - [MESSAGE][PASSED] - Call Test Case 'Test Cases/Filtreler/BaslangicYaz' successfully

2021-10-14 17:12:29 - [MESSAGE][INFO] - Checking called Test Case

2021-10-14 17:12:29 - [MESSAGE][INFO] - Starting to call Test Case 'Test Cases/Filtreler/BitisYaz'

2021-10-14 17:12:29 - [TEST_CASE][PASSED] - Test Cases/Filtreler/BitisYaz: Test Cases/Filtreler/BitisYaz

2021-10-14 17:12:29 - [TEST_STEP][PASSED] - Method.TextDegerineEsitElementinAltindakineTikla(findTestObject("Filtreler/Basliklar"), findTestObject("Filtreler/Basliga_Gore_Bitis_Image"), Filtre_Adi): Method.TextDegerineEsitElementinAltindakineTikla is PASSED

2021-10-14 17:12:29 - [MESSAGE][INFO] - Finding Test Object 'Object Repository/Filtreler/Basliklar'

2021-10-14 17:12:29 - [MESSAGE][INFO] - Finding Test Object 'Object Repository/Filtreler/Basliga_Gore_Bitis_Image'

2021-10-14 17:12:29 - [MESSAGE][INFO] - Checking timeout

2021-10-14 17:12:29 - [MESSAGE][INFO] - Finding web element with id: 'Object Repository/Filtreler/Basliklar' located by 'By.cssSelector: .control-label.col-sm-4.paddingMarginRLC' in '10' second(s)

2021-10-14 17:12:29 - [MESSAGE][INFO] - Smart Wait Function is triggered

2021-10-14 17:12:29 - [MESSAGE][INFO] - Found 19 web elements with id: 'Object Repository/Filtreler/Basliklar' located by 'By.cssSelector: .control-label.col-sm-4.paddingMarginRLC' in '10' second(s)

2021-10-14 17:12:29 - [MESSAGE][INFO] - Smart Wait Function is triggered

2021-10-14 17:12:30 - [MESSAGE][PASSED] - Method.TextDegerineEsitElementinAltindakineTikla is PASSED

2021-10-14 17:12:30 - [TEST_STEP][PASSED] - Method.TextDegerineEsitElementinAltindakiTextboxtaYaz(findTestObject("Filtreler/Basliklar"), findTestObject("Object Repository/Filtreler/Basliga_Gore_Bitis"), Filtre_Adi, Filtre_Degeri): Method.TextDegerineEsitElementinAltindakiTextboxtaYaz is PASSED

2021-10-14 17:12:30 - [MESSAGE][INFO] - Finding Test Object 'Object Repository/Filtreler/Basliklar'

2021-10-14 17:12:30 - [MESSAGE][INFO] - Finding Test Object 'Object Repository/Filtreler/Basliga_Gore_Bitis'

2021-10-14 17:12:30 - [MESSAGE][INFO] - Checking timeout

2021-10-14 17:12:30 - [MESSAGE][INFO] - Finding web element with id: 'Object Repository/Filtreler/Basliklar' located by 'By.cssSelector: .control-label.col-sm-4.paddingMarginRLC' in '10' second(s)

2021-10-14 17:12:30 - [MESSAGE][INFO] - Smart Wait Function is triggered

2021-10-14 17:12:30 - [MESSAGE][INFO] - Found 19 web elements with id: 'Object Repository/Filtreler/Basliklar' located by 'By.cssSelector: .control-label.col-sm-4.paddingMarginRLC' in '10' second(s)

2021-10-14 17:12:30 - [MESSAGE][INFO] - Smart Wait Function is triggered

2021-10-14 17:12:31 - [MESSAGE][PASSED] - Method.TextDegerineEsitElementinAltindakiTextboxtaYaz is PASSED

2021-10-14 17:12:31 - [MESSAGE][PASSED] - Call Test Case 'Test Cases/Filtreler/BitisYaz' successfully

2021-10-14 17:12:31 - [MESSAGE][INFO] - Checking called Test Case

2021-10-14 17:12:31 - [MESSAGE][INFO] - Starting to call Test Case 'Test Cases/Filtreler/ButonaTikla'

2021-10-14 17:12:31 - [TEST_CASE][PASSED] - Test Cases/Filtreler/ButonaTikla: Test Cases/Filtreler/ButonaTikla

2021-10-14 17:12:31 - [TEST_STEP][PASSED] - Method.TextDegerineEsitElementeTikla(findTestObject("Filtreler/Butonlar"), Filtre_Buton): Method.TextDegerineEsitElementeTikla is PASSED

2021-10-14 17:12:31 - [MESSAGE][INFO] - Finding Test Object 'Object Repository/Filtreler/Butonlar'

2021-10-14 17:12:31 - [MESSAGE][INFO] - Checking timeout

2021-10-14 17:12:31 - [MESSAGE][INFO] - Finding web element with id: 'Object Repository/Filtreler/Butonlar' located by 'By.cssSelector: .dxb>span' in '10' second(s)

2021-10-14 17:12:31 - [MESSAGE][INFO] - Smart Wait Function is triggered

2021-10-14 17:12:31 - [MESSAGE][INFO] - Found 3 web elements with id: 'Object Repository/Filtreler/Butonlar' located by 'By.cssSelector: .dxb>span' in '10' second(s)

2021-10-14 17:12:31 - [MESSAGE][PASSED] - Method.TextDegerineEsitElementeTikla is PASSED

2021-10-14 17:12:31 - [MESSAGE][PASSED] - Call Test Case 'Test Cases/Filtreler/ButonaTikla' successfully

2021-10-14 17:12:31 - [MESSAGE][INFO] - Checking called Test Case

2021-10-14 17:12:31 - [MESSAGE][INFO] - Starting to call Test Case 'Test Cases/Tablo/TablodaVeriVarMi'

2021-10-14 17:12:31 - [TEST_CASE][PASSED] - Test Cases/Tablo/TablodaVeriVarMi: Test Cases/Tablo/TablodaVeriVarMi

2021-10-14 17:12:31 - [TEST_STEP][PASSED] - verifyTextNotPresent("Görüntülenecek veri yok", true): Text 'Görüntülenecek veri yok' is not present on page using regular expression

2021-10-14 17:12:31 - [MESSAGE][INFO] - Checking text present  using regular expression

2021-10-14 17:12:31 - [MESSAGE][INFO] - Smart Wait Function is triggered

2021-10-14 17:12:32 - [MESSAGE][INFO] - Finding text 'Görüntülenecek veri yok' on page  using regular expression

2021-10-14 17:12:32 - [MESSAGE][PASSED] - Text 'Görüntülenecek veri yok' is not present on page using regular expression

2021-10-14 17:12:32 - [MESSAGE][PASSED] - Call Test Case 'Test Cases/Tablo/TablodaVeriVarMi' successfully

2021-10-14 17:12:32 - [MESSAGE][INFO] - Checking called Test Case

2021-10-14 17:12:32 - [MESSAGE][INFO] - Starting to call Test Case 'Test Cases/Tablo/TablodanVeriSec'

2021-10-14 17:12:32 - [TEST_CASE][PASSED] - Test Cases/Tablo/TablodanVeriSec: Test Cases/Tablo/TablodanVeriSec

2021-10-14 17:12:32 - [TEST_STEP][PASSED] - Method.TextDegerineEsitElementinAltindakineTikla(findTestObject("Tablo/Veriler"), findTestObject("Tablo/VerininCheckBoxi"), Veri_Adi): Method.TextDegerineEsitElementinAltindakineTikla is PASSED

2021-10-14 17:12:32 - [MESSAGE][INFO] - Finding Test Object 'Object Repository/Tablo/Veriler'

2021-10-14 17:12:33 - [MESSAGE][INFO] - Finding Test Object 'Object Repository/Tablo/VerininCheckBoxi'

2021-10-14 17:12:33 - [MESSAGE][INFO] - Checking timeout

2021-10-14 17:12:33 - [MESSAGE][INFO] - Finding web element with id: 'Object Repository/Tablo/Veriler' located by 'By.cssSelector: td.dxgv b ,td.dxgv' in '10' second(s)

2021-10-14 17:12:33 - [MESSAGE][INFO] - Smart Wait Function is triggered

2021-10-14 17:12:33 - [MESSAGE][INFO] - Found 140 web elements with id: 'Object Repository/Tablo/Veriler' located by 'By.cssSelector: td.dxgv b ,td.dxgv' in '10' second(s)

2021-10-14 17:12:33 - [MESSAGE][INFO] - Smart Wait Function is triggered

2021-10-14 17:12:33 - [MESSAGE][PASSED] - Method.TextDegerineEsitElementinAltindakineTikla is PASSED

2021-10-14 17:12:33 - [MESSAGE][PASSED] - Call Test Case 'Test Cases/Tablo/TablodanVeriSec' successfully

2021-10-14 17:12:33 - [MESSAGE][INFO] - Checking called Test Case

2021-10-14 17:12:33 - [MESSAGE][INFO] - Starting to call Test Case 'Test Cases/Butonlar/ButonaTikla'

2021-10-14 17:12:33 - [TEST_CASE][PASSED] - Test Cases/Butonlar/ButonaTikla: Test Cases/Butonlar/ButonaTikla

2021-10-14 17:12:33 - [TEST_STEP][PASSED] - Method.TextDegerineEsitElementeTiklaEquals(findTestObject("Butonlar/Butonlar"), Buton_Adi): Method.TextDegerineEsitElementeTiklaEquals is PASSED

2021-10-14 17:12:33 - [MESSAGE][INFO] - Finding Test Object 'Object Repository/Butonlar/Butonlar'

2021-10-14 17:12:34 - [MESSAGE][INFO] - Checking timeout

2021-10-14 17:12:34 - [MESSAGE][INFO] - Finding web element with id: 'Object Repository/Butonlar/Butonlar' located by 'By.cssSelector: .panel.panel-default.text-center.footerPanel .btn,.btn.btn-primary.btnControls' in '10' second(s)

2021-10-14 17:12:34 - [MESSAGE][INFO] - Smart Wait Function is triggered

2021-10-14 17:12:34 - [MESSAGE][INFO] - Found 15 web elements with id: 'Object Repository/Butonlar/Butonlar' located by 'By.cssSelector: .panel.panel-default.text-center.footerPanel .btn,.btn.btn-primary.btnControls' in '10' second(s)

2021-10-14 17:12:34 - [MESSAGE][PASSED] - Method.TextDegerineEsitElementeTiklaEquals is PASSED

2021-10-14 17:12:34 - [MESSAGE][PASSED] - Call Test Case 'Test Cases/Butonlar/ButonaTikla' successfully

2021-10-14 17:12:34 - [MESSAGE][INFO] - Checking called Test Case

2021-10-14 17:12:34 - [MESSAGE][INFO] - Starting to call Test Case 'Test Cases/Popup/PopupBasligiIceriyorMu'

2021-10-14 17:12:34 - [TEST_CASE][PASSED] - Test Cases/Popup/PopupBasligiIceriyorMu: Test Cases/Popup/PopupBasligiIceriyorMu

2021-10-14 17:12:35 - [TEST_STEP][PASSED] - verifyElementText(findTestObject("Object Repository/Popup/PopupBaslikIceriyorMu"), Name): Actual text and expected text of test object 'Object Repository/Popup/PopupBaslikIceriyorMu' are matched.

2021-10-14 17:12:35 - [MESSAGE][INFO] - Finding Test Object 'Object Repository/Popup/PopupBaslikIceriyorMu'

2021-10-14 17:12:35 - [MESSAGE][INFO] - Checking object

2021-10-14 17:12:35 - [MESSAGE][INFO] - Finding web element from Test Object's properties

2021-10-14 17:12:35 - [MESSAGE][INFO] - Checking timeout

2021-10-14 17:12:35 - [MESSAGE][INFO] - Finding web element with id: 'Object Repository/Popup/PopupBaslikIceriyorMu' located by 'By.xpath: //*[@id = 'modalTitle']' in '30' second(s)

2021-10-14 17:12:35 - [MESSAGE][INFO] - Smart Wait Function is triggered

2021-10-14 17:12:36 - [MESSAGE][INFO] - Found 1 web elements with id: 'Object Repository/Popup/PopupBaslikIceriyorMu' located by 'By.xpath: //*[@id = 'modalTitle']' in '30' second(s)

2021-10-14 17:12:36 - [MESSAGE][PASSED] - Actual text and expected text of test object 'Object Repository/Popup/PopupBaslikIceriyorMu' are matched.

2021-10-14 17:12:36 - [MESSAGE][PASSED] - Call Test Case 'Test Cases/Popup/PopupBasligiIceriyorMu' successfully

2021-10-14 17:12:36 - [MESSAGE][INFO] - Checking called Test Case

2021-10-14 17:12:36 - [MESSAGE][INFO] - Starting to call Test Case 'Test Cases/Popup/PopupKapatilir'

2021-10-14 17:12:36 - [TEST_CASE][PASSED] - Test Cases/Popup/PopupKapatilir: Test Cases/Popup/PopupKapatilir

2021-10-14 17:12:36 - [TEST_STEP][PASSED] - waitForElementClickable(findTestObject("Popup/Kapat"), 10): Object 'Object Repository/Popup/Kapat' is clickable

2021-10-14 17:12:36 - [MESSAGE][INFO] - Finding Test Object 'Object Repository/Popup/Kapat'

2021-10-14 17:12:37 - [MESSAGE][INFO] - Checking object

2021-10-14 17:12:37 - [MESSAGE][INFO] - Checking timeout

2021-10-14 17:12:37 - [MESSAGE][INFO] - Finding web element from Test Object's properties

2021-10-14 17:12:37 - [MESSAGE][INFO] - Checking timeout

2021-10-14 17:12:37 - [MESSAGE][INFO] - Finding web element with id: 'Object Repository/Popup/Kapat' located by 'By.cssSelector: .bootbox-close-button.close' in '10' second(s)

2021-10-14 17:12:37 - [MESSAGE][INFO] - Smart Wait Function is triggered

2021-10-14 17:12:37 - [MESSAGE][INFO] - Found 1 web elements with id: 'Object Repository/Popup/Kapat' located by 'By.cssSelector: .bootbox-close-button.close' in '10' second(s)

2021-10-14 17:12:37 - [MESSAGE][PASSED] - Object 'Object Repository/Popup/Kapat' is clickable

2021-10-14 17:12:37 - [TEST_STEP][PASSED] - click(findTestObject("Popup/Kapat")): Object: 'Object Repository/Popup/Kapat' is clicked on

2021-10-14 17:12:37 - [MESSAGE][INFO] - Finding Test Object 'Object Repository/Popup/Kapat'

2021-10-14 17:12:37 - [MESSAGE][INFO] - Checking object

2021-10-14 17:12:37 - [MESSAGE][INFO] - Finding web element from Test Object's properties

2021-10-14 17:12:37 - [MESSAGE][INFO] - Checking timeout

2021-10-14 17:12:37 - [MESSAGE][INFO] - Finding web element with id: 'Object Repository/Popup/Kapat' located by 'By.cssSelector: .bootbox-close-button.close' in '30' second(s)

2021-10-14 17:12:37 - [MESSAGE][INFO] - Smart Wait Function is triggered

2021-10-14 17:12:37 - [MESSAGE][INFO] - Found 1 web elements with id: 'Object Repository/Popup/Kapat' located by 'By.cssSelector: .bootbox-close-button.close' in '30' second(s)

2021-10-14 17:12:37 - [MESSAGE][INFO] - Clicking on object: 'Object Repository/Popup/Kapat'

2021-10-14 17:12:37 - [MESSAGE][PASSED] - Object: 'Object Repository/Popup/Kapat' is clicked on

2021-10-14 17:12:37 - [MESSAGE][PASSED] - Call Test Case 'Test Cases/Popup/PopupKapatilir' successfully

2021-10-14 17:12:37 - [MESSAGE][INFO] - Checking called Test Case

2021-10-14 17:12:37 - [MESSAGE][INFO] - Starting to call Test Case 'Test Cases/Kullanici_Islemleri/KullaniciIslemlerindenSecimYapilir'

2021-10-14 17:12:37 - [TEST_CASE][PASSED] - Test Cases/Kullanici_Islemleri/KullaniciIslemlerindenSecimYapilir: Test Cases/Kullanici_Islemleri/KullaniciIslemlerindenSecimYapilir

2021-10-14 17:12:37 - [TEST_STEP][PASSED] - waitForElementClickable(findTestObject("Object Repository/Kullanici_Islemleri/KullaniciIslemleri"), 10): Object 'Object Repository/Kullanici_Islemleri/KullaniciIslemleri' is clickable

2021-10-14 17:12:37 - [MESSAGE][INFO] - Finding Test Object 'Object Repository/Kullanici_Islemleri/KullaniciIslemleri'

2021-10-14 17:12:38 - [MESSAGE][INFO] - Checking object

2021-10-14 17:12:38 - [MESSAGE][INFO] - Checking timeout

2021-10-14 17:12:38 - [MESSAGE][INFO] - Finding web element from Test Object's properties

2021-10-14 17:12:38 - [MESSAGE][INFO] - Checking timeout

2021-10-14 17:12:38 - [MESSAGE][INFO] - Finding web element with id: 'Object Repository/Kullanici_Islemleri/KullaniciIslemleri' located by 'By.cssSelector: .dropdown>a>img' in '10' second(s)

2021-10-14 17:12:38 - [MESSAGE][INFO] - Smart Wait Function is triggered

2021-10-14 17:12:38 - [MESSAGE][INFO] - Found 1 web elements with id: 'Object Repository/Kullanici_Islemleri/KullaniciIslemleri' located by 'By.cssSelector: .dropdown>a>img' in '10' second(s)

2021-10-14 17:12:38 - [MESSAGE][PASSED] - Object 'Object Repository/Kullanici_Islemleri/KullaniciIslemleri' is clickable

2021-10-14 17:12:38 - [TEST_STEP][PASSED] - click(findTestObject("Object Repository/Kullanici_Islemleri/KullaniciIslemleri")): Object: 'Object Repository/Kullanici_Islemleri/KullaniciIslemleri' is clicked on

2021-10-14 17:12:38 - [MESSAGE][INFO] - Finding Test Object 'Object Repository/Kullanici_Islemleri/KullaniciIslemleri'

2021-10-14 17:12:38 - [MESSAGE][INFO] - Checking object

2021-10-14 17:12:38 - [MESSAGE][INFO] - Finding web element from Test Object's properties

2021-10-14 17:12:38 - [MESSAGE][INFO] - Checking timeout

2021-10-14 17:12:38 - [MESSAGE][INFO] - Finding web element with id: 'Object Repository/Kullanici_Islemleri/KullaniciIslemleri' located by 'By.cssSelector: .dropdown>a>img' in '30' second(s)

2021-10-14 17:12:38 - [MESSAGE][INFO] - Smart Wait Function is triggered

2021-10-14 17:12:38 - [MESSAGE][INFO] - Found 1 web elements with id: 'Object Repository/Kullanici_Islemleri/KullaniciIslemleri' located by 'By.cssSelector: .dropdown>a>img' in '30' second(s)

2021-10-14 17:12:38 - [MESSAGE][INFO] - Clicking on object: 'Object Repository/Kullanici_Islemleri/KullaniciIslemleri'

2021-10-14 17:12:39 - [MESSAGE][PASSED] - Object: 'Object Repository/Kullanici_Islemleri/KullaniciIslemleri' is clicked on

2021-10-14 17:12:39 - [TEST_STEP][PASSED] - Method.TextDegerineEsitElementeTikla(findTestObject("Object Repository/Kullanici_Islemleri/Secenekler"), Islem): Method.TextDegerineEsitElementeTikla is PASSED

2021-10-14 17:12:39 - [MESSAGE][INFO] - Finding Test Object 'Object Repository/Kullanici_Islemleri/Secenekler'

2021-10-14 17:12:39 - [MESSAGE][INFO] - Checking timeout

2021-10-14 17:12:39 - [MESSAGE][INFO] - Finding web element with id: 'Object Repository/Kullanici_Islemleri/Secenekler' located by 'By.cssSelector: .nav.navbar-nav.navbar-right li a' in '10' second(s)

2021-10-14 17:12:39 - [MESSAGE][INFO] - Smart Wait Function is triggered

2021-10-14 17:12:39 - [MESSAGE][INFO] - Found 22 web elements with id: 'Object Repository/Kullanici_Islemleri/Secenekler' located by 'By.cssSelector: .nav.navbar-nav.navbar-right li a' in '10' second(s)

2021-10-14 17:12:41 - [MESSAGE][PASSED] - Method.TextDegerineEsitElementeTikla is PASSED

2021-10-14 17:12:41 - [TEST_STEP][PASSED] - verifyElementNotPresent(findTestObject("Object Repository/Kullanici_Islemleri/Secenekler"), 10): Web element with id: 'Object Repository/Kullanici_Islemleri/Secenekler' located by 'By.cssSelector: .nav.navbar-nav.navbar-right li a' is not present after '10' second(s)

2021-10-14 17:12:41 - [MESSAGE][INFO] - Finding Test Object 'Object Repository/Kullanici_Islemleri/Secenekler'

2021-10-14 17:12:41 - [MESSAGE][INFO] - Checking object

2021-10-14 17:12:41 - [MESSAGE][INFO] - Checking timeout

2021-10-14 17:12:41 - [MESSAGE][INFO] - Finding web element with id: 'Object Repository/Kullanici_Islemleri/Secenekler' located by 'By.cssSelector: .nav.navbar-nav.navbar-right li a' in '10' second(s)

2021-10-14 17:12:41 - [MESSAGE][INFO] - Smart Wait Function is triggered

2021-10-14 17:12:41 - [MESSAGE][PASSED] - Web element with id: 'Object Repository/Kullanici_Islemleri/Secenekler' located by 'By.cssSelector: .nav.navbar-nav.navbar-right li a' is not present after '10' second(s)

2021-10-14 17:12:41 - [MESSAGE][PASSED] - Call Test Case 'Test Cases/Kullanici_Islemleri/KullaniciIslemlerindenSecimYapilir' successfully

2021-10-14 17:12:41 - [TEST_CASE][PASSED] - Start Test Case : SCENARIO Faturanin Sertifikasi: SCENARIO Faturanin Sertifikasi

2021-10-14 17:12:41 - [TEST_STEP][PASSED] - Kullanıcı adı ELOGO6 ve Şifre 123456 olarak giriş yapılır: Kullanıcı adı ELOGO6 ve Şifre 123456 olarak giriş yapılır

2021-10-14 17:12:41 - [MESSAGE][PASSED] - Kullanıcı adı ELOGO6 ve Şifre 123456 olarak giriş yapılır

2021-10-14 17:12:41 - [TEST_STEP][PASSED] - Ana menüden e-Fatura seçilir: Ana menüden e-Fatura seçilir

2021-10-14 17:12:41 - [MESSAGE][PASSED] - Ana menüden e-Fatura seçilir

2021-10-14 17:12:41 - [TEST_STEP][PASSED] - Alt menü Gelen Kutusu başlığı altındaki Faturalar seçilir: Alt menü Gelen Kutusu başlığı altındaki Faturalar seçilir

2021-10-14 17:12:41 - [MESSAGE][PASSED] - Alt menü Gelen Kutusu başlığı altındaki Faturalar seçilir

2021-10-14 17:12:41 - [TEST_STEP][PASSED] - Filtrelerden Oluşturma Tarihi filtresine 01.12.2020 baslangic degerini yaz: Filtrelerden Oluşturma Tarihi filtresine 01.12.2020 baslangic degerini yaz

2021-10-14 17:12:41 - [MESSAGE][PASSED] - Filtrelerden Oluşturma Tarihi filtresine 01.12.2020 baslangic degerini yaz

2021-10-14 17:12:41 - [TEST_STEP][PASSED] - Filtrelerden Oluşturma Tarihi filtresine 31.12.2020 bitis degerini yaz: Filtrelerden Oluşturma Tarihi filtresine 31.12.2020 bitis degerini yaz

2021-10-14 17:12:41 - [MESSAGE][PASSED] - Filtrelerden Oluşturma Tarihi filtresine 31.12.2020 bitis degerini yaz

2021-10-14 17:12:41 - [TEST_STEP][PASSED] - Filtre butonlarından Listele seçilir: Filtre butonlarından Listele seçilir

2021-10-14 17:12:41 - [MESSAGE][PASSED] - Filtre butonlarından Listele seçilir

2021-10-14 17:12:41 - [TEST_STEP][PASSED] - Tabloda veri var mı kontrol edilir: Tabloda veri var mı kontrol edilir

2021-10-14 17:12:41 - [MESSAGE][PASSED] - Tabloda veri var mı kontrol edilir

2021-10-14 17:12:41 - [TEST_STEP][PASSED] - Tablodan E LOGO 6 isimli veri seçilir: Tablodan E LOGO 6 isimli veri seçilir

2021-10-14 17:12:41 - [MESSAGE][PASSED] - Tablodan E LOGO 6 isimli veri seçilir

2021-10-14 17:12:41 - [TEST_STEP][PASSED] - Butonlardan Sertifika isimli butona tıklanır: Butonlardan Sertifika isimli butona tıklanır

2021-10-14 17:12:41 - [MESSAGE][PASSED] - Butonlardan Sertifika isimli butona tıklanır

2021-10-14 17:12:41 - [TEST_STEP][PASSED] - Popup başlığı Sertifika Gösterme içeriyor mu: Popup başlığı Sertifika Gösterme içeriyor mu

2021-10-14 17:12:41 - [MESSAGE][PASSED] - Popup başlığı Sertifika Gösterme içeriyor mu

2021-10-14 17:12:41 - [TEST_STEP][PASSED] - Popup kapatılır: Popup kapatılır

2021-10-14 17:12:41 - [MESSAGE][PASSED] - Popup kapatılır

2021-10-14 17:12:41 - [TEST_STEP][PASSED] - Kullanıcı işlemlerinden Çıkış seçilir: Kullanıcı işlemlerinden Çıkış seçilir

2021-10-14 17:12:41 - [MESSAGE][PASSED] - Kullanıcı işlemlerinden Çıkış seçilir

2021-10-14 17:12:41 - [MESSAGE][PASSED] - Feature file: 'Include/features/e-Fatura/Gelen Kutusu/Faturalar/Sertifika.feature' was passed

2021-10-14 17:12:41 - [TEST_STEP][PASSED] - Start listener action : sampleAfterTestSuite: Invoke 'com.kms.katalon.core.annotation.AfterTestCase' method: 'Listener.sampleAfterTestSuite(...)' completed.

2021-10-14 17:12:41 - [MESSAGE][INFO] - Starting invoke 'com.kms.katalon.core.annotation.AfterTestCase' method: 'Listener.sampleAfterTestSuite(...)'

2021-10-14 17:12:41 - [TEST_STEP][PASSED] - closeBrowser(): Invoke 'com.kms.katalon.core.annotation.AfterTestCase' method: 'Listener.sampleAfterTestSuite(...)' completed.

2021-10-14 17:12:41 - [MESSAGE][INFO] - Closing browser

2021-10-14 17:12:42 - [MESSAGE][PASSED] - Browser is closed

2021-10-14 17:12:42 - [MESSAGE][INFO] - Invoke 'com.kms.katalon.core.annotation.AfterTestCase' method: 'Listener.sampleAfterTestSuite(...)' completed.]]></system-out>
         <system-err><![CDATA[]]></system-err>
      </testcase>
      <testcase name="Test Cases/Case Repository/e-Fatura/Gelen Kutusu/Faturalar/Statu Ata" time="43.37" classname="Test Cases/Case Repository/e-Fatura/Gelen Kutusu/Faturalar/Statu Ata" status="PASSED">
         <system-out><![CDATA[2021-10-14 17:12:42 - [TEST_CASE][PASSED] - Test Cases/Case Repository/e-Fatura/Gelen Kutusu/Faturalar/Statu Ata: Test Cases/Case Repository/e-Fatura/Gelen Kutusu/Faturalar/Statu Ata

2021-10-14 17:12:42 - [TEST_STEP][PASSED] - Start listener action : sampleBeforeTestSuite: Invoke 'com.kms.katalon.core.annotation.BeforeTestCase' method: 'Listener.sampleBeforeTestSuite(...)' completed.

2021-10-14 17:12:42 - [MESSAGE][INFO] - Starting invoke 'com.kms.katalon.core.annotation.BeforeTestCase' method: 'Listener.sampleBeforeTestSuite(...)'

2021-10-14 17:12:42 - [TEST_STEP][PASSED] - openBrowser(baseUrl): Browser is opened with url: 'https://efatura-stage.elogo.com.tr/'

2021-10-14 17:12:42 - [MESSAGE][INFO] - Opening browser

2021-10-14 17:12:42 - [MESSAGE][INFO] - Starting 'Chrome' driver

2021-10-14 17:12:42 - [MESSAGE][INFO] - User set preference: ['prefs', '{download.default_directory=C:\otomasyondownfiles}']

2021-10-14 17:12:42 - [MESSAGE][INFO] - Action delay is set to 0 milliseconds

2021-10-14 17:12:43 - [MESSAGE][INFO] - Navigating browser to: 'https://efatura-stage.elogo.com.tr/'

2021-10-14 17:12:47 - [MESSAGE][PASSED] - Browser is opened with url: 'https://efatura-stage.elogo.com.tr/'

2021-10-14 17:12:47 - [TEST_STEP][PASSED] - maximizeWindow(): Invoke 'com.kms.katalon.core.annotation.BeforeTestCase' method: 'Listener.sampleBeforeTestSuite(...)' completed.

2021-10-14 17:12:47 - [MESSAGE][INFO] - Maximizing current window

2021-10-14 17:12:47 - [MESSAGE][PASSED] - Current window maximized

2021-10-14 17:12:47 - [MESSAGE][INFO] - Invoke 'com.kms.katalon.core.annotation.BeforeTestCase' method: 'Listener.sampleBeforeTestSuite(...)' completed.

2021-10-14 17:12:47 - [TEST_STEP][PASSED] - runFeatureFile("Include/features/e-Fatura/Gelen Kutusu/Faturalar/Statu Ata.feature"): Feature file: 'Include/features/e-Fatura/Gelen Kutusu/Faturalar/Statu Ata.feature' was passed

2021-10-14 17:12:47 - [MESSAGE][INFO] - Starting run keyword runFeatureFile: 'Include/features/e-Fatura/Gelen Kutusu/Faturalar/Statu Ata.feature' and extract report to folder: 'C:\Users\DELL\Downloads\EES_Katalon-main\Reports\20211014_170112\Suite Repository\e-Fatura\20211014_170113/cucumber_report/1634220767922'...

2021-10-14 17:12:47 - [MESSAGE][INFO] - Glue: []

2021-10-14 17:12:48 - [MESSAGE][INFO] - Checking called Test Case

2021-10-14 17:12:48 - [MESSAGE][INFO] - Starting to call Test Case 'Test Cases/Sayfalar/Giris_Sayfasi/Login'

2021-10-14 17:12:48 - [TEST_CASE][PASSED] - Test Cases/Sayfalar/Giris_Sayfasi/Login: Test Cases/Sayfalar/Giris_Sayfasi/Login

2021-10-14 17:12:48 - [TEST_STEP][PASSED] - Sayfa_Basligi = getWindowTitle(): Current window's title is: 'LOGO e-Fatura'

2021-10-14 17:12:48 - [MESSAGE][INFO] - Getting current window's title

2021-10-14 17:12:48 - [MESSAGE][PASSED] - Current window's title is: 'LOGO e-Fatura'

2021-10-14 17:12:48 - [TEST_STEP][PASSED] - verifyMatch(Sayfa_Basligi, "LOGO e-Fatura", false): Actual text 'LOGO e-Fatura' and expected text 'LOGO e-Fatura' are matched 

2021-10-14 17:12:48 - [MESSAGE][INFO] - Matching actual text 'LOGO e-Fatura' with expected text 'LOGO e-Fatura'

2021-10-14 17:12:48 - [MESSAGE][PASSED] - Actual text 'LOGO e-Fatura' and expected text 'LOGO e-Fatura' are matched 

2021-10-14 17:12:48 - [TEST_STEP][PASSED] - sendKeys(findTestObject("Sayfalar/Giris_Sayfasi/Firma_Kodu"), KullaniciAdi): Keys 'ELOGO6' sent to object: 'Object Repository/Sayfalar/Giris_Sayfasi/Firma_Kodu'

2021-10-14 17:12:48 - [MESSAGE][INFO] - Finding Test Object 'Object Repository/Sayfalar/Giris_Sayfasi/Firma_Kodu'

2021-10-14 17:12:48 - [MESSAGE][INFO] - Sending keys 'ELOGO6' to object: 'Object Repository/Sayfalar/Giris_Sayfasi/Firma_Kodu'

2021-10-14 17:12:48 - [MESSAGE][INFO] - Finding web element from Test Object's properties

2021-10-14 17:12:48 - [MESSAGE][INFO] - Checking timeout

2021-10-14 17:12:48 - [MESSAGE][INFO] - Finding web element with id: 'Object Repository/Sayfalar/Giris_Sayfasi/Firma_Kodu' located by 'By.xpath: //*[@id = 'AccountName']' in '30' second(s)

2021-10-14 17:12:48 - [MESSAGE][INFO] - Smart Wait Function is triggered

2021-10-14 17:12:49 - [MESSAGE][INFO] - Found 1 web elements with id: 'Object Repository/Sayfalar/Giris_Sayfasi/Firma_Kodu' located by 'By.xpath: //*[@id = 'AccountName']' in '30' second(s)

2021-10-14 17:12:49 - [MESSAGE][PASSED] - Keys 'ELOGO6' sent to object: 'Object Repository/Sayfalar/Giris_Sayfasi/Firma_Kodu'

2021-10-14 17:12:49 - [TEST_STEP][PASSED] - sendKeys(findTestObject("Sayfalar/Giris_Sayfasi/Sifre"), Sifre): Keys '123456' sent to object: 'Object Repository/Sayfalar/Giris_Sayfasi/Sifre'

2021-10-14 17:12:49 - [MESSAGE][INFO] - Finding Test Object 'Object Repository/Sayfalar/Giris_Sayfasi/Sifre'

2021-10-14 17:12:49 - [MESSAGE][INFO] - Sending keys '123456' to object: 'Object Repository/Sayfalar/Giris_Sayfasi/Sifre'

2021-10-14 17:12:49 - [MESSAGE][INFO] - Finding web element from Test Object's properties

2021-10-14 17:12:49 - [MESSAGE][INFO] - Checking timeout

2021-10-14 17:12:49 - [MESSAGE][INFO] - Finding web element with id: 'Object Repository/Sayfalar/Giris_Sayfasi/Sifre' located by 'By.xpath: //*[@id = 'Password']' in '30' second(s)

2021-10-14 17:12:49 - [MESSAGE][INFO] - Smart Wait Function is triggered

2021-10-14 17:12:49 - [MESSAGE][INFO] - Found 1 web elements with id: 'Object Repository/Sayfalar/Giris_Sayfasi/Sifre' located by 'By.xpath: //*[@id = 'Password']' in '30' second(s)

2021-10-14 17:12:49 - [MESSAGE][PASSED] - Keys '123456' sent to object: 'Object Repository/Sayfalar/Giris_Sayfasi/Sifre'

2021-10-14 17:12:49 - [TEST_STEP][PASSED] - findWebElement(findTestObject("Sayfalar/Giris_Sayfasi/Giris_Butonu")).click(): Found 1 web elements with id: 'Object Repository/Sayfalar/Giris_Sayfasi/Giris_Butonu' located by 'By.cssSelector: #btnLogin' in '30' second(s)

2021-10-14 17:12:49 - [MESSAGE][INFO] - Finding Test Object 'Object Repository/Sayfalar/Giris_Sayfasi/Giris_Butonu'

2021-10-14 17:12:50 - [MESSAGE][INFO] - Finding web element from Test Object's properties

2021-10-14 17:12:50 - [MESSAGE][INFO] - Checking timeout

2021-10-14 17:12:50 - [MESSAGE][INFO] - Finding web element with id: 'Object Repository/Sayfalar/Giris_Sayfasi/Giris_Butonu' located by 'By.cssSelector: #btnLogin' in '30' second(s)

2021-10-14 17:12:50 - [MESSAGE][INFO] - Smart Wait Function is triggered

2021-10-14 17:12:50 - [MESSAGE][INFO] - Found 1 web elements with id: 'Object Repository/Sayfalar/Giris_Sayfasi/Giris_Butonu' located by 'By.cssSelector: #btnLogin' in '30' second(s)

2021-10-14 17:12:52 - [TEST_STEP][PASSED] - if (verifyElementPresent(findTestObject("Object Repository/Sayfalar/Giris_Sayfasi/RetveTamam_Butonu"), 5, OPTIONAL)): null

2021-10-14 17:12:52 - [MESSAGE][INFO] - Finding Test Object 'Object Repository/Sayfalar/Giris_Sayfasi/RetveTamam_Butonu'

2021-10-14 17:12:52 - [MESSAGE][INFO] - Checking object

2021-10-14 17:12:52 - [MESSAGE][INFO] - Finding web element from Test Object's properties

2021-10-14 17:12:52 - [MESSAGE][INFO] - Checking timeout

2021-10-14 17:12:52 - [MESSAGE][INFO] - Finding web element with id: 'Object Repository/Sayfalar/Giris_Sayfasi/RetveTamam_Butonu' located by 'By.xpath: //*[@class = 'btn btn-default']' in '5' second(s)

2021-10-14 17:12:52 - [MESSAGE][INFO] - Smart Wait Function is triggered

2021-10-14 17:12:53 - [MESSAGE][INFO] - Found 1 web elements with id: 'Object Repository/Sayfalar/Giris_Sayfasi/RetveTamam_Butonu' located by 'By.xpath: //*[@class = 'btn btn-default']' in '5' second(s)

2021-10-14 17:12:53 - [MESSAGE][PASSED] - Object 'Object Repository/Sayfalar/Giris_Sayfasi/RetveTamam_Butonu' is present

2021-10-14 17:12:53 - [TEST_STEP][PASSED] - click(findTestObject("Object Repository/Sayfalar/Giris_Sayfasi/RetveTamam_Butonu")): Object: 'Object Repository/Sayfalar/Giris_Sayfasi/RetveTamam_Butonu' is clicked on

2021-10-14 17:12:53 - [MESSAGE][INFO] - Finding Test Object 'Object Repository/Sayfalar/Giris_Sayfasi/RetveTamam_Butonu'

2021-10-14 17:12:53 - [MESSAGE][INFO] - Checking object

2021-10-14 17:12:53 - [MESSAGE][INFO] - Finding web element from Test Object's properties

2021-10-14 17:12:53 - [MESSAGE][INFO] - Checking timeout

2021-10-14 17:12:53 - [MESSAGE][INFO] - Finding web element with id: 'Object Repository/Sayfalar/Giris_Sayfasi/RetveTamam_Butonu' located by 'By.xpath: //*[@class = 'btn btn-default']' in '30' second(s)

2021-10-14 17:12:53 - [MESSAGE][INFO] - Smart Wait Function is triggered

2021-10-14 17:12:53 - [MESSAGE][INFO] - Found 1 web elements with id: 'Object Repository/Sayfalar/Giris_Sayfasi/RetveTamam_Butonu' located by 'By.xpath: //*[@class = 'btn btn-default']' in '30' second(s)

2021-10-14 17:12:53 - [MESSAGE][INFO] - Clicking on object: 'Object Repository/Sayfalar/Giris_Sayfasi/RetveTamam_Butonu'

2021-10-14 17:12:53 - [MESSAGE][PASSED] - Object: 'Object Repository/Sayfalar/Giris_Sayfasi/RetveTamam_Butonu' is clicked on

2021-10-14 17:12:53 - [TEST_STEP][PASSED] - click(findTestObject("Object Repository/Sayfalar/Giris_Sayfasi/RetveTamam_Butonu")): Object: 'Object Repository/Sayfalar/Giris_Sayfasi/RetveTamam_Butonu' is clicked on

2021-10-14 17:12:53 - [MESSAGE][INFO] - Finding Test Object 'Object Repository/Sayfalar/Giris_Sayfasi/RetveTamam_Butonu'

2021-10-14 17:12:53 - [MESSAGE][INFO] - Checking object

2021-10-14 17:12:53 - [MESSAGE][INFO] - Finding web element from Test Object's properties

2021-10-14 17:12:53 - [MESSAGE][INFO] - Checking timeout

2021-10-14 17:12:53 - [MESSAGE][INFO] - Finding web element with id: 'Object Repository/Sayfalar/Giris_Sayfasi/RetveTamam_Butonu' located by 'By.xpath: //*[@class = 'btn btn-default']' in '30' second(s)

2021-10-14 17:12:53 - [MESSAGE][INFO] - Smart Wait Function is triggered

2021-10-14 17:13:01 - [MESSAGE][INFO] - Found 1 web elements with id: 'Object Repository/Sayfalar/Giris_Sayfasi/RetveTamam_Butonu' located by 'By.xpath: //*[@class = 'btn btn-default']' in '30' second(s)

2021-10-14 17:13:01 - [MESSAGE][INFO] - Clicking on object: 'Object Repository/Sayfalar/Giris_Sayfasi/RetveTamam_Butonu'

2021-10-14 17:13:01 - [MESSAGE][PASSED] - Object: 'Object Repository/Sayfalar/Giris_Sayfasi/RetveTamam_Butonu' is clicked on

2021-10-14 17:13:01 - [TEST_STEP][PASSED] - if (verifyElementPresent(findTestObject("Sayfalar/Giris_Sayfasi/PopupOK"), 5, OPTIONAL)): null

2021-10-14 17:13:01 - [MESSAGE][INFO] - Finding Test Object 'Object Repository/Sayfalar/Giris_Sayfasi/PopupOK'

2021-10-14 17:13:01 - [MESSAGE][INFO] - Checking object

2021-10-14 17:13:01 - [MESSAGE][INFO] - Finding web element from Test Object's properties

2021-10-14 17:13:01 - [MESSAGE][INFO] - Checking timeout

2021-10-14 17:13:01 - [MESSAGE][INFO] - Finding web element with id: 'Object Repository/Sayfalar/Giris_Sayfasi/PopupOK' located by 'By.cssSelector: .btn.btn-success' in '5' second(s)

2021-10-14 17:13:01 - [MESSAGE][INFO] - Smart Wait Function is triggered

2021-10-14 17:13:02 - [MESSAGE][INFO] - Found 1 web elements with id: 'Object Repository/Sayfalar/Giris_Sayfasi/PopupOK' located by 'By.cssSelector: .btn.btn-success' in '5' second(s)

2021-10-14 17:13:02 - [MESSAGE][PASSED] - Object 'Object Repository/Sayfalar/Giris_Sayfasi/PopupOK' is present

2021-10-14 17:13:02 - [TEST_STEP][PASSED] - click(findTestObject("Object Repository/Sayfalar/Giris_Sayfasi/PopupCarpiGiris")): Object: 'Object Repository/Sayfalar/Giris_Sayfasi/PopupCarpiGiris' is clicked on

2021-10-14 17:13:02 - [MESSAGE][INFO] - Finding Test Object 'Object Repository/Sayfalar/Giris_Sayfasi/PopupCarpiGiris'

2021-10-14 17:13:02 - [MESSAGE][INFO] - Checking object

2021-10-14 17:13:02 - [MESSAGE][INFO] - Finding web element from Test Object's properties

2021-10-14 17:13:02 - [MESSAGE][INFO] - Checking timeout

2021-10-14 17:13:02 - [MESSAGE][INFO] - Finding web element with id: 'Object Repository/Sayfalar/Giris_Sayfasi/PopupCarpiGiris' located by 'By.cssSelector: .bootbox-close-button.close' in '30' second(s)

2021-10-14 17:13:02 - [MESSAGE][INFO] - Smart Wait Function is triggered

2021-10-14 17:13:03 - [MESSAGE][INFO] - Found 1 web elements with id: 'Object Repository/Sayfalar/Giris_Sayfasi/PopupCarpiGiris' located by 'By.cssSelector: .bootbox-close-button.close' in '30' second(s)

2021-10-14 17:13:03 - [MESSAGE][INFO] - Clicking on object: 'Object Repository/Sayfalar/Giris_Sayfasi/PopupCarpiGiris'

2021-10-14 17:13:03 - [MESSAGE][PASSED] - Object: 'Object Repository/Sayfalar/Giris_Sayfasi/PopupCarpiGiris' is clicked on

2021-10-14 17:13:03 - [TEST_STEP][PASSED] - verifyElementVisible(findTestObject("Object Repository/Kullanici_Islemleri/KullaniciIslemleri")): Object 'Object Repository/Kullanici_Islemleri/KullaniciIslemleri' is visible

2021-10-14 17:13:03 - [MESSAGE][INFO] - Finding Test Object 'Object Repository/Kullanici_Islemleri/KullaniciIslemleri'

2021-10-14 17:13:03 - [MESSAGE][INFO] - Checking object

2021-10-14 17:13:03 - [MESSAGE][INFO] - Finding web element from Test Object's properties

2021-10-14 17:13:03 - [MESSAGE][INFO] - Checking timeout

2021-10-14 17:13:03 - [MESSAGE][INFO] - Finding web element with id: 'Object Repository/Kullanici_Islemleri/KullaniciIslemleri' located by 'By.cssSelector: .dropdown>a>img' in '30' second(s)

2021-10-14 17:13:03 - [MESSAGE][INFO] - Smart Wait Function is triggered

2021-10-14 17:13:03 - [MESSAGE][INFO] - Found 1 web elements with id: 'Object Repository/Kullanici_Islemleri/KullaniciIslemleri' located by 'By.cssSelector: .dropdown>a>img' in '30' second(s)

2021-10-14 17:13:04 - [MESSAGE][PASSED] - Object 'Object Repository/Kullanici_Islemleri/KullaniciIslemleri' is visible

2021-10-14 17:13:04 - [MESSAGE][PASSED] - Call Test Case 'Test Cases/Sayfalar/Giris_Sayfasi/Login' successfully

2021-10-14 17:13:04 - [MESSAGE][INFO] - Checking called Test Case

2021-10-14 17:13:04 - [MESSAGE][INFO] - Starting to call Test Case 'Test Cases/Menu/AnaMenuSecimi'

2021-10-14 17:13:04 - [TEST_CASE][PASSED] - Test Cases/Menu/AnaMenuSecimi: Test Cases/Menu/AnaMenuSecimi

2021-10-14 17:13:04 - [TEST_STEP][PASSED] - Method.TextDegerineEsitElementeTikla(findTestObject("Menu/Ana_Menu"), Ana_Menu): Method.TextDegerineEsitElementeTikla is PASSED

2021-10-14 17:13:04 - [MESSAGE][INFO] - Finding Test Object 'Object Repository/Menu/Ana_Menu'

2021-10-14 17:13:04 - [MESSAGE][INFO] - Checking timeout

2021-10-14 17:13:04 - [MESSAGE][INFO] - Finding web element with id: 'Object Repository/Menu/Ana_Menu' located by 'By.xpath: //*[@class = 'dropdown-toggle']' in '10' second(s)

2021-10-14 17:13:04 - [MESSAGE][INFO] - Smart Wait Function is triggered

2021-10-14 17:13:04 - [MESSAGE][INFO] - Found 14 web elements with id: 'Object Repository/Menu/Ana_Menu' located by 'By.xpath: //*[@class = 'dropdown-toggle']' in '10' second(s)

2021-10-14 17:13:04 - [MESSAGE][PASSED] - Method.TextDegerineEsitElementeTikla is PASSED

2021-10-14 17:13:04 - [MESSAGE][PASSED] - Call Test Case 'Test Cases/Menu/AnaMenuSecimi' successfully

2021-10-14 17:13:04 - [MESSAGE][INFO] - Checking called Test Case

2021-10-14 17:13:04 - [MESSAGE][INFO] - Starting to call Test Case 'Test Cases/Menu/BasligaGoreAltMenuSecimi'

2021-10-14 17:13:04 - [TEST_CASE][PASSED] - Test Cases/Menu/BasligaGoreAltMenuSecimi: Test Cases/Menu/BasligaGoreAltMenuSecimi

2021-10-14 17:13:04 - [TEST_STEP][PASSED] - Method.TextDegerineEsitElementinAltindakiTextDegerineEsitOlanaTikla(findTestObject("Menu/Menu_Basligi"), findTestObject("Menu/Basliga_Gore_Alt_Menu"), Baslik, Alt_Menu): Method.TextDegerineEsitElementinAltindakiTextDegerineEsitOlanaTikla is PASSED

2021-10-14 17:13:04 - [MESSAGE][INFO] - Finding Test Object 'Object Repository/Menu/Menu_Basligi'

2021-10-14 17:13:04 - [MESSAGE][INFO] - Finding Test Object 'Object Repository/Menu/Basliga_Gore_Alt_Menu'

2021-10-14 17:13:04 - [MESSAGE][INFO] - Checking timeout

2021-10-14 17:13:04 - [MESSAGE][INFO] - Finding web element with id: 'Object Repository/Menu/Menu_Basligi' located by 'By.xpath: //li[@class='dropdown dropdown-large open']//li[@class='dropdown-header']' in '10' second(s)

2021-10-14 17:13:04 - [MESSAGE][INFO] - Smart Wait Function is triggered

2021-10-14 17:13:05 - [MESSAGE][INFO] - Found 3 web elements with id: 'Object Repository/Menu/Menu_Basligi' located by 'By.xpath: //li[@class='dropdown dropdown-large open']//li[@class='dropdown-header']' in '10' second(s)

2021-10-14 17:13:05 - [MESSAGE][INFO] - Smart Wait Function is triggered

2021-10-14 17:13:07 - [MESSAGE][PASSED] - Method.TextDegerineEsitElementinAltindakiTextDegerineEsitOlanaTikla is PASSED

2021-10-14 17:13:07 - [MESSAGE][PASSED] - Call Test Case 'Test Cases/Menu/BasligaGoreAltMenuSecimi' successfully

2021-10-14 17:13:07 - [MESSAGE][INFO] - Checking called Test Case

2021-10-14 17:13:07 - [MESSAGE][INFO] - Starting to call Test Case 'Test Cases/Filtreler/BaslangicYaz'

2021-10-14 17:13:07 - [TEST_CASE][PASSED] - Test Cases/Filtreler/BaslangicYaz: Test Cases/Filtreler/BaslangicYaz

2021-10-14 17:13:07 - [TEST_STEP][PASSED] - Method.TextDegerineEsitElementinAltindakineTikla(findTestObject("Filtreler/Basliklar"), findTestObject("Filtreler/Basliga_Gore_Baslangic_Image"), Filtre_Adi): Method.TextDegerineEsitElementinAltindakineTikla is PASSED

2021-10-14 17:13:07 - [MESSAGE][INFO] - Finding Test Object 'Object Repository/Filtreler/Basliklar'

2021-10-14 17:13:07 - [MESSAGE][INFO] - Finding Test Object 'Object Repository/Filtreler/Basliga_Gore_Baslangic_Image'

2021-10-14 17:13:08 - [MESSAGE][INFO] - Checking timeout

2021-10-14 17:13:08 - [MESSAGE][INFO] - Finding web element with id: 'Object Repository/Filtreler/Basliklar' located by 'By.cssSelector: .control-label.col-sm-4.paddingMarginRLC' in '10' second(s)

2021-10-14 17:13:08 - [MESSAGE][INFO] - Smart Wait Function is triggered

2021-10-14 17:13:08 - [MESSAGE][INFO] - Found 19 web elements with id: 'Object Repository/Filtreler/Basliklar' located by 'By.cssSelector: .control-label.col-sm-4.paddingMarginRLC' in '10' second(s)

2021-10-14 17:13:08 - [MESSAGE][INFO] - Smart Wait Function is triggered

2021-10-14 17:13:08 - [MESSAGE][PASSED] - Method.TextDegerineEsitElementinAltindakineTikla is PASSED

2021-10-14 17:13:08 - [TEST_STEP][PASSED] - Method.TextDegerineEsitElementinAltindakiTextboxtaYaz(findTestObject("Filtreler/Basliklar"), findTestObject("Filtreler/Basliga_Gore_Baslangic"), Filtre_Adi, Filtre_Degeri): Method.TextDegerineEsitElementinAltindakiTextboxtaYaz is PASSED

2021-10-14 17:13:08 - [MESSAGE][INFO] - Finding Test Object 'Object Repository/Filtreler/Basliklar'

2021-10-14 17:13:08 - [MESSAGE][INFO] - Finding Test Object 'Object Repository/Filtreler/Basliga_Gore_Baslangic'

2021-10-14 17:13:09 - [MESSAGE][INFO] - Checking timeout

2021-10-14 17:13:09 - [MESSAGE][INFO] - Finding web element with id: 'Object Repository/Filtreler/Basliklar' located by 'By.cssSelector: .control-label.col-sm-4.paddingMarginRLC' in '10' second(s)

2021-10-14 17:13:09 - [MESSAGE][INFO] - Smart Wait Function is triggered

2021-10-14 17:13:09 - [MESSAGE][INFO] - Found 19 web elements with id: 'Object Repository/Filtreler/Basliklar' located by 'By.cssSelector: .control-label.col-sm-4.paddingMarginRLC' in '10' second(s)

2021-10-14 17:13:09 - [MESSAGE][INFO] - Smart Wait Function is triggered

2021-10-14 17:13:10 - [MESSAGE][PASSED] - Method.TextDegerineEsitElementinAltindakiTextboxtaYaz is PASSED

2021-10-14 17:13:10 - [MESSAGE][PASSED] - Call Test Case 'Test Cases/Filtreler/BaslangicYaz' successfully

2021-10-14 17:13:10 - [MESSAGE][INFO] - Checking called Test Case

2021-10-14 17:13:10 - [MESSAGE][INFO] - Starting to call Test Case 'Test Cases/Filtreler/BitisYaz'

2021-10-14 17:13:10 - [TEST_CASE][PASSED] - Test Cases/Filtreler/BitisYaz: Test Cases/Filtreler/BitisYaz

2021-10-14 17:13:10 - [TEST_STEP][PASSED] - Method.TextDegerineEsitElementinAltindakineTikla(findTestObject("Filtreler/Basliklar"), findTestObject("Filtreler/Basliga_Gore_Bitis_Image"), Filtre_Adi): Method.TextDegerineEsitElementinAltindakineTikla is PASSED

2021-10-14 17:13:10 - [MESSAGE][INFO] - Finding Test Object 'Object Repository/Filtreler/Basliklar'

2021-10-14 17:13:10 - [MESSAGE][INFO] - Finding Test Object 'Object Repository/Filtreler/Basliga_Gore_Bitis_Image'

2021-10-14 17:13:10 - [MESSAGE][INFO] - Checking timeout

2021-10-14 17:13:10 - [MESSAGE][INFO] - Finding web element with id: 'Object Repository/Filtreler/Basliklar' located by 'By.cssSelector: .control-label.col-sm-4.paddingMarginRLC' in '10' second(s)

2021-10-14 17:13:10 - [MESSAGE][INFO] - Smart Wait Function is triggered

2021-10-14 17:13:11 - [MESSAGE][INFO] - Found 19 web elements with id: 'Object Repository/Filtreler/Basliklar' located by 'By.cssSelector: .control-label.col-sm-4.paddingMarginRLC' in '10' second(s)

2021-10-14 17:13:11 - [MESSAGE][INFO] - Smart Wait Function is triggered

2021-10-14 17:13:11 - [MESSAGE][PASSED] - Method.TextDegerineEsitElementinAltindakineTikla is PASSED

2021-10-14 17:13:11 - [TEST_STEP][PASSED] - Method.TextDegerineEsitElementinAltindakiTextboxtaYaz(findTestObject("Filtreler/Basliklar"), findTestObject("Object Repository/Filtreler/Basliga_Gore_Bitis"), Filtre_Adi, Filtre_Degeri): Method.TextDegerineEsitElementinAltindakiTextboxtaYaz is PASSED

2021-10-14 17:13:11 - [MESSAGE][INFO] - Finding Test Object 'Object Repository/Filtreler/Basliklar'

2021-10-14 17:13:11 - [MESSAGE][INFO] - Finding Test Object 'Object Repository/Filtreler/Basliga_Gore_Bitis'

2021-10-14 17:13:11 - [MESSAGE][INFO] - Checking timeout

2021-10-14 17:13:11 - [MESSAGE][INFO] - Finding web element with id: 'Object Repository/Filtreler/Basliklar' located by 'By.cssSelector: .control-label.col-sm-4.paddingMarginRLC' in '10' second(s)

2021-10-14 17:13:11 - [MESSAGE][INFO] - Smart Wait Function is triggered

2021-10-14 17:13:12 - [MESSAGE][INFO] - Found 19 web elements with id: 'Object Repository/Filtreler/Basliklar' located by 'By.cssSelector: .control-label.col-sm-4.paddingMarginRLC' in '10' second(s)

2021-10-14 17:13:12 - [MESSAGE][INFO] - Smart Wait Function is triggered

2021-10-14 17:13:12 - [MESSAGE][PASSED] - Method.TextDegerineEsitElementinAltindakiTextboxtaYaz is PASSED

2021-10-14 17:13:12 - [MESSAGE][PASSED] - Call Test Case 'Test Cases/Filtreler/BitisYaz' successfully

2021-10-14 17:13:12 - [MESSAGE][INFO] - Checking called Test Case

2021-10-14 17:13:12 - [MESSAGE][INFO] - Starting to call Test Case 'Test Cases/Filtreler/ButonaTikla'

2021-10-14 17:13:12 - [TEST_CASE][PASSED] - Test Cases/Filtreler/ButonaTikla: Test Cases/Filtreler/ButonaTikla

2021-10-14 17:13:12 - [TEST_STEP][PASSED] - Method.TextDegerineEsitElementeTikla(findTestObject("Filtreler/Butonlar"), Filtre_Buton): Method.TextDegerineEsitElementeTikla is PASSED

2021-10-14 17:13:12 - [MESSAGE][INFO] - Finding Test Object 'Object Repository/Filtreler/Butonlar'

2021-10-14 17:13:12 - [MESSAGE][INFO] - Checking timeout

2021-10-14 17:13:12 - [MESSAGE][INFO] - Finding web element with id: 'Object Repository/Filtreler/Butonlar' located by 'By.cssSelector: .dxb>span' in '10' second(s)

2021-10-14 17:13:12 - [MESSAGE][INFO] - Smart Wait Function is triggered

2021-10-14 17:13:13 - [MESSAGE][INFO] - Found 3 web elements with id: 'Object Repository/Filtreler/Butonlar' located by 'By.cssSelector: .dxb>span' in '10' second(s)

2021-10-14 17:13:13 - [MESSAGE][PASSED] - Method.TextDegerineEsitElementeTikla is PASSED

2021-10-14 17:13:13 - [MESSAGE][PASSED] - Call Test Case 'Test Cases/Filtreler/ButonaTikla' successfully

2021-10-14 17:13:13 - [MESSAGE][INFO] - Checking called Test Case

2021-10-14 17:13:13 - [MESSAGE][INFO] - Starting to call Test Case 'Test Cases/Tablo/TablodaVeriVarMi'

2021-10-14 17:13:13 - [TEST_CASE][PASSED] - Test Cases/Tablo/TablodaVeriVarMi: Test Cases/Tablo/TablodaVeriVarMi

2021-10-14 17:13:13 - [TEST_STEP][PASSED] - verifyTextNotPresent("Görüntülenecek veri yok", true): Text 'Görüntülenecek veri yok' is not present on page using regular expression

2021-10-14 17:13:13 - [MESSAGE][INFO] - Checking text present  using regular expression

2021-10-14 17:13:13 - [MESSAGE][INFO] - Smart Wait Function is triggered

2021-10-14 17:13:14 - [MESSAGE][INFO] - Finding text 'Görüntülenecek veri yok' on page  using regular expression

2021-10-14 17:13:14 - [MESSAGE][PASSED] - Text 'Görüntülenecek veri yok' is not present on page using regular expression

2021-10-14 17:13:14 - [MESSAGE][PASSED] - Call Test Case 'Test Cases/Tablo/TablodaVeriVarMi' successfully

2021-10-14 17:13:14 - [MESSAGE][INFO] - Checking called Test Case

2021-10-14 17:13:14 - [MESSAGE][INFO] - Starting to call Test Case 'Test Cases/Tablo/TablodanVeriSec'

2021-10-14 17:13:14 - [TEST_CASE][PASSED] - Test Cases/Tablo/TablodanVeriSec: Test Cases/Tablo/TablodanVeriSec

2021-10-14 17:13:14 - [TEST_STEP][PASSED] - Method.TextDegerineEsitElementinAltindakineTikla(findTestObject("Tablo/Veriler"), findTestObject("Tablo/VerininCheckBoxi"), Veri_Adi): Method.TextDegerineEsitElementinAltindakineTikla is PASSED

2021-10-14 17:13:14 - [MESSAGE][INFO] - Finding Test Object 'Object Repository/Tablo/Veriler'

2021-10-14 17:13:14 - [MESSAGE][INFO] - Finding Test Object 'Object Repository/Tablo/VerininCheckBoxi'

2021-10-14 17:13:14 - [MESSAGE][INFO] - Checking timeout

2021-10-14 17:13:14 - [MESSAGE][INFO] - Finding web element with id: 'Object Repository/Tablo/Veriler' located by 'By.cssSelector: td.dxgv b ,td.dxgv' in '10' second(s)

2021-10-14 17:13:14 - [MESSAGE][INFO] - Smart Wait Function is triggered

2021-10-14 17:13:14 - [MESSAGE][INFO] - Found 140 web elements with id: 'Object Repository/Tablo/Veriler' located by 'By.cssSelector: td.dxgv b ,td.dxgv' in '10' second(s)

2021-10-14 17:13:14 - [MESSAGE][INFO] - Smart Wait Function is triggered

2021-10-14 17:13:15 - [MESSAGE][PASSED] - Method.TextDegerineEsitElementinAltindakineTikla is PASSED

2021-10-14 17:13:15 - [MESSAGE][PASSED] - Call Test Case 'Test Cases/Tablo/TablodanVeriSec' successfully

2021-10-14 17:13:15 - [MESSAGE][INFO] - Checking called Test Case

2021-10-14 17:13:15 - [MESSAGE][INFO] - Starting to call Test Case 'Test Cases/Butonlar/ButonaTikla'

2021-10-14 17:13:15 - [TEST_CASE][PASSED] - Test Cases/Butonlar/ButonaTikla: Test Cases/Butonlar/ButonaTikla

2021-10-14 17:13:15 - [TEST_STEP][PASSED] - Method.TextDegerineEsitElementeTiklaEquals(findTestObject("Butonlar/Butonlar"), Buton_Adi): Method.TextDegerineEsitElementeTiklaEquals is PASSED

2021-10-14 17:13:15 - [MESSAGE][INFO] - Finding Test Object 'Object Repository/Butonlar/Butonlar'

2021-10-14 17:13:15 - [MESSAGE][INFO] - Checking timeout

2021-10-14 17:13:15 - [MESSAGE][INFO] - Finding web element with id: 'Object Repository/Butonlar/Butonlar' located by 'By.cssSelector: .panel.panel-default.text-center.footerPanel .btn,.btn.btn-primary.btnControls' in '10' second(s)

2021-10-14 17:13:15 - [MESSAGE][INFO] - Smart Wait Function is triggered

2021-10-14 17:13:15 - [MESSAGE][INFO] - Found 15 web elements with id: 'Object Repository/Butonlar/Butonlar' located by 'By.cssSelector: .panel.panel-default.text-center.footerPanel .btn,.btn.btn-primary.btnControls' in '10' second(s)

2021-10-14 17:13:15 - [MESSAGE][PASSED] - Method.TextDegerineEsitElementeTiklaEquals is PASSED

2021-10-14 17:13:15 - [MESSAGE][PASSED] - Call Test Case 'Test Cases/Butonlar/ButonaTikla' successfully

2021-10-14 17:13:15 - [MESSAGE][INFO] - Checking called Test Case

2021-10-14 17:13:15 - [MESSAGE][INFO] - Starting to call Test Case 'Test Cases/Butonlar/AltButonaTikla'

2021-10-14 17:13:16 - [TEST_CASE][PASSED] - Test Cases/Butonlar/AltButonaTikla: Test Cases/Butonlar/AltButonaTikla

2021-10-14 17:13:16 - [TEST_STEP][PASSED] - Method.TextDegerineEsitElementeTikla(findTestObject("Butonlar/AltButonlar"), Alt_Buton): Method.TextDegerineEsitElementeTikla is PASSED

2021-10-14 17:13:16 - [MESSAGE][INFO] - Finding Test Object 'Object Repository/Butonlar/AltButonlar'

2021-10-14 17:13:16 - [MESSAGE][INFO] - Checking timeout

2021-10-14 17:13:16 - [MESSAGE][INFO] - Finding web element with id: 'Object Repository/Butonlar/AltButonlar' located by 'By.cssSelector: .btn-group.open li>a' in '10' second(s)

2021-10-14 17:13:16 - [MESSAGE][INFO] - Smart Wait Function is triggered

2021-10-14 17:13:16 - [MESSAGE][INFO] - Found 2 web elements with id: 'Object Repository/Butonlar/AltButonlar' located by 'By.cssSelector: .btn-group.open li>a' in '10' second(s)

2021-10-14 17:13:16 - [MESSAGE][PASSED] - Method.TextDegerineEsitElementeTikla is PASSED

2021-10-14 17:13:16 - [MESSAGE][PASSED] - Call Test Case 'Test Cases/Butonlar/AltButonaTikla' successfully

2021-10-14 17:13:16 - [MESSAGE][INFO] - Checking called Test Case

2021-10-14 17:13:16 - [MESSAGE][INFO] - Starting to call Test Case 'Test Cases/Popup/PopupMesajiIceriyorMu'

2021-10-14 17:13:16 - [TEST_CASE][PASSED] - Test Cases/Popup/PopupMesajiIceriyorMu: Test Cases/Popup/PopupMesajiIceriyorMu

2021-10-14 17:13:16 - [TEST_STEP][PASSED] - waitForElementVisible(findTestObject("Popup/Popup"), 10): Object 'Object Repository/Popup/Popup' is visible

2021-10-14 17:13:16 - [MESSAGE][INFO] - Finding Test Object 'Object Repository/Popup/Popup'

2021-10-14 17:13:16 - [MESSAGE][INFO] - Checking object

2021-10-14 17:13:16 - [MESSAGE][INFO] - Checking timeout

2021-10-14 17:13:16 - [MESSAGE][INFO] - Finding web element from Test Object's properties

2021-10-14 17:13:16 - [MESSAGE][INFO] - Checking timeout

2021-10-14 17:13:16 - [MESSAGE][INFO] - Finding web element with id: 'Object Repository/Popup/Popup' located by 'By.cssSelector: .bootbox-body' in '10' second(s)

2021-10-14 17:13:16 - [MESSAGE][INFO] - Smart Wait Function is triggered

2021-10-14 17:13:17 - [MESSAGE][INFO] - Found 1 web elements with id: 'Object Repository/Popup/Popup' located by 'By.cssSelector: .bootbox-body' in '10' second(s)

2021-10-14 17:13:17 - [MESSAGE][PASSED] - Object 'Object Repository/Popup/Popup' is visible

2021-10-14 17:13:17 - [TEST_STEP][PASSED] - if (!(getText(findTestObject("Popup/Popup")).contains(Mesaj))): Text of object 'Object Repository/Popup/Popup' is: 'Statü Başarılı Olarak Güncellendi'

2021-10-14 17:13:17 - [MESSAGE][INFO] - Finding Test Object 'Object Repository/Popup/Popup'

2021-10-14 17:13:17 - [MESSAGE][INFO] - Checking object

2021-10-14 17:13:17 - [MESSAGE][INFO] - Finding web element from Test Object's properties

2021-10-14 17:13:17 - [MESSAGE][INFO] - Checking timeout

2021-10-14 17:13:17 - [MESSAGE][INFO] - Finding web element with id: 'Object Repository/Popup/Popup' located by 'By.cssSelector: .bootbox-body' in '30' second(s)

2021-10-14 17:13:17 - [MESSAGE][INFO] - Smart Wait Function is triggered

2021-10-14 17:13:18 - [MESSAGE][INFO] - Found 1 web elements with id: 'Object Repository/Popup/Popup' located by 'By.cssSelector: .bootbox-body' in '30' second(s)

2021-10-14 17:13:18 - [MESSAGE][INFO] - Getting text of object 'Object Repository/Popup/Popup'

2021-10-14 17:13:18 - [MESSAGE][PASSED] - Text of object 'Object Repository/Popup/Popup' is: 'Statü Başarılı Olarak Güncellendi'

2021-10-14 17:13:18 - [TEST_STEP][PASSED] - RaporNo = getText(findTestObject("Popup/Popup")).substring(0, 6): Text of object 'Object Repository/Popup/Popup' is: 'Statü Başarılı Olarak Güncellendi'

2021-10-14 17:13:18 - [MESSAGE][INFO] - Finding Test Object 'Object Repository/Popup/Popup'

2021-10-14 17:13:18 - [MESSAGE][INFO] - Checking object

2021-10-14 17:13:18 - [MESSAGE][INFO] - Finding web element from Test Object's properties

2021-10-14 17:13:18 - [MESSAGE][INFO] - Checking timeout

2021-10-14 17:13:18 - [MESSAGE][INFO] - Finding web element with id: 'Object Repository/Popup/Popup' located by 'By.cssSelector: .bootbox-body' in '30' second(s)

2021-10-14 17:13:18 - [MESSAGE][INFO] - Smart Wait Function is triggered

2021-10-14 17:13:18 - [MESSAGE][INFO] - Found 1 web elements with id: 'Object Repository/Popup/Popup' located by 'By.cssSelector: .bootbox-body' in '30' second(s)

2021-10-14 17:13:18 - [MESSAGE][INFO] - Getting text of object 'Object Repository/Popup/Popup'

2021-10-14 17:13:18 - [MESSAGE][PASSED] - Text of object 'Object Repository/Popup/Popup' is: 'Statü Başarılı Olarak Güncellendi'

2021-10-14 17:13:18 - [TEST_STEP][PASSED] - Console.println(RaporNo): null

2021-10-14 17:13:18 - [MESSAGE][PASSED] - Call Test Case 'Test Cases/Popup/PopupMesajiIceriyorMu' successfully

2021-10-14 17:13:18 - [MESSAGE][INFO] - Checking called Test Case

2021-10-14 17:13:18 - [MESSAGE][INFO] - Starting to call Test Case 'Test Cases/Popup/PopupButonSecilir'

2021-10-14 17:13:18 - [TEST_CASE][PASSED] - Test Cases/Popup/PopupButonSecilir: Test Cases/Popup/PopupButonSecilir

2021-10-14 17:13:18 - [TEST_STEP][PASSED] - Method.TextDegerineEsitElementeTikla(findTestObject("Popup/Popup_Butons"), Buton): Method.TextDegerineEsitElementeTikla is PASSED

2021-10-14 17:13:18 - [MESSAGE][INFO] - Finding Test Object 'Object Repository/Popup/Popup_Butons'

2021-10-14 17:13:18 - [MESSAGE][INFO] - Checking timeout

2021-10-14 17:13:18 - [MESSAGE][INFO] - Finding web element with id: 'Object Repository/Popup/Popup_Butons' located by 'By.cssSelector: .modal-footer>button' in '10' second(s)

2021-10-14 17:13:18 - [MESSAGE][INFO] - Smart Wait Function is triggered

2021-10-14 17:13:18 - [MESSAGE][INFO] - Found 1 web elements with id: 'Object Repository/Popup/Popup_Butons' located by 'By.cssSelector: .modal-footer>button' in '10' second(s)

2021-10-14 17:13:19 - [MESSAGE][PASSED] - Method.TextDegerineEsitElementeTikla is PASSED

2021-10-14 17:13:19 - [MESSAGE][PASSED] - Call Test Case 'Test Cases/Popup/PopupButonSecilir' successfully

2021-10-14 17:13:19 - [MESSAGE][INFO] - Checking called Test Case

2021-10-14 17:13:19 - [MESSAGE][INFO] - Starting to call Test Case 'Test Cases/Filtreler/statuSecilir'

2021-10-14 17:13:19 - [TEST_CASE][PASSED] - Test Cases/Filtreler/statuSecilir: Test Cases/Filtreler/statuSecilir

2021-10-14 17:13:19 - [TEST_STEP][PASSED] - click(findTestObject("Object Repository/Filtreler/StatuDrapdown")): Object: 'Object Repository/Filtreler/StatuDrapdown' is clicked on

2021-10-14 17:13:19 - [MESSAGE][INFO] - Finding Test Object 'Object Repository/Filtreler/StatuDrapdown'

2021-10-14 17:13:19 - [MESSAGE][INFO] - Checking object

2021-10-14 17:13:19 - [MESSAGE][INFO] - Finding web element from Test Object's properties

2021-10-14 17:13:19 - [MESSAGE][INFO] - Checking timeout

2021-10-14 17:13:19 - [MESSAGE][INFO] - Finding web element with id: 'Object Repository/Filtreler/StatuDrapdown' located by 'By.xpath: //*[@id = 'cmbIncomingInvoiceStatus_B-1Img']' in '30' second(s)

2021-10-14 17:13:19 - [MESSAGE][INFO] - Smart Wait Function is triggered

2021-10-14 17:13:20 - [MESSAGE][INFO] - Found 1 web elements with id: 'Object Repository/Filtreler/StatuDrapdown' located by 'By.xpath: //*[@id = 'cmbIncomingInvoiceStatus_B-1Img']' in '30' second(s)

2021-10-14 17:13:20 - [MESSAGE][INFO] - Clicking on object: 'Object Repository/Filtreler/StatuDrapdown'

2021-10-14 17:13:20 - [MESSAGE][PASSED] - Object: 'Object Repository/Filtreler/StatuDrapdown' is clicked on

2021-10-14 17:13:20 - [TEST_STEP][PASSED] - Method.TextDegerineEsitElementeTikla(findTestObject("Filtreler/Statuler"), Statu): Method.TextDegerineEsitElementeTikla is PASSED

2021-10-14 17:13:20 - [MESSAGE][INFO] - Finding Test Object 'Object Repository/Filtreler/Statuler'

2021-10-14 17:13:20 - [MESSAGE][INFO] - Checking timeout

2021-10-14 17:13:20 - [MESSAGE][INFO] - Finding web element with id: 'Object Repository/Filtreler/Statuler' located by 'By.cssSelector: #cmbIncomingInvoiceStatus_DDD_L_LBT .dxeListBoxItemRow_LECustomTheme' in '10' second(s)

2021-10-14 17:13:20 - [MESSAGE][INFO] - Smart Wait Function is triggered

2021-10-14 17:13:20 - [MESSAGE][INFO] - Found 3 web elements with id: 'Object Repository/Filtreler/Statuler' located by 'By.cssSelector: #cmbIncomingInvoiceStatus_DDD_L_LBT .dxeListBoxItemRow_LECustomTheme' in '10' second(s)

2021-10-14 17:13:20 - [MESSAGE][PASSED] - Method.TextDegerineEsitElementeTikla is PASSED

2021-10-14 17:13:20 - [MESSAGE][PASSED] - Call Test Case 'Test Cases/Filtreler/statuSecilir' successfully

2021-10-14 17:13:20 - [MESSAGE][INFO] - Checking called Test Case

2021-10-14 17:13:20 - [MESSAGE][INFO] - Starting to call Test Case 'Test Cases/Filtreler/ButonaTikla'

2021-10-14 17:13:21 - [TEST_CASE][PASSED] - Test Cases/Filtreler/ButonaTikla: Test Cases/Filtreler/ButonaTikla

2021-10-14 17:13:21 - [TEST_STEP][PASSED] - Method.TextDegerineEsitElementeTikla(findTestObject("Filtreler/Butonlar"), Filtre_Buton): Method.TextDegerineEsitElementeTikla is PASSED

2021-10-14 17:13:21 - [MESSAGE][INFO] - Finding Test Object 'Object Repository/Filtreler/Butonlar'

2021-10-14 17:13:21 - [MESSAGE][INFO] - Checking timeout

2021-10-14 17:13:21 - [MESSAGE][INFO] - Finding web element with id: 'Object Repository/Filtreler/Butonlar' located by 'By.cssSelector: .dxb>span' in '10' second(s)

2021-10-14 17:13:21 - [MESSAGE][INFO] - Smart Wait Function is triggered

2021-10-14 17:13:21 - [MESSAGE][INFO] - Found 3 web elements with id: 'Object Repository/Filtreler/Butonlar' located by 'By.cssSelector: .dxb>span' in '10' second(s)

2021-10-14 17:13:21 - [MESSAGE][PASSED] - Method.TextDegerineEsitElementeTikla is PASSED

2021-10-14 17:13:21 - [MESSAGE][PASSED] - Call Test Case 'Test Cases/Filtreler/ButonaTikla' successfully

2021-10-14 17:13:21 - [MESSAGE][INFO] - Checking called Test Case

2021-10-14 17:13:21 - [MESSAGE][INFO] - Starting to call Test Case 'Test Cases/Kullanici_Islemleri/KullaniciIslemlerindenSecimYapilir'

2021-10-14 17:13:21 - [TEST_CASE][PASSED] - Test Cases/Kullanici_Islemleri/KullaniciIslemlerindenSecimYapilir: Test Cases/Kullanici_Islemleri/KullaniciIslemlerindenSecimYapilir

2021-10-14 17:13:21 - [TEST_STEP][PASSED] - waitForElementClickable(findTestObject("Object Repository/Kullanici_Islemleri/KullaniciIslemleri"), 10): Object 'Object Repository/Kullanici_Islemleri/KullaniciIslemleri' is clickable

2021-10-14 17:13:21 - [MESSAGE][INFO] - Finding Test Object 'Object Repository/Kullanici_Islemleri/KullaniciIslemleri'

2021-10-14 17:13:21 - [MESSAGE][INFO] - Checking object

2021-10-14 17:13:21 - [MESSAGE][INFO] - Checking timeout

2021-10-14 17:13:21 - [MESSAGE][INFO] - Finding web element from Test Object's properties

2021-10-14 17:13:21 - [MESSAGE][INFO] - Checking timeout

2021-10-14 17:13:21 - [MESSAGE][INFO] - Finding web element with id: 'Object Repository/Kullanici_Islemleri/KullaniciIslemleri' located by 'By.cssSelector: .dropdown>a>img' in '10' second(s)

2021-10-14 17:13:21 - [MESSAGE][INFO] - Smart Wait Function is triggered

2021-10-14 17:13:22 - [MESSAGE][INFO] - Found 1 web elements with id: 'Object Repository/Kullanici_Islemleri/KullaniciIslemleri' located by 'By.cssSelector: .dropdown>a>img' in '10' second(s)

2021-10-14 17:13:22 - [MESSAGE][PASSED] - Object 'Object Repository/Kullanici_Islemleri/KullaniciIslemleri' is clickable

2021-10-14 17:13:22 - [TEST_STEP][PASSED] - click(findTestObject("Object Repository/Kullanici_Islemleri/KullaniciIslemleri")): Object: 'Object Repository/Kullanici_Islemleri/KullaniciIslemleri' is clicked on

2021-10-14 17:13:22 - [MESSAGE][INFO] - Finding Test Object 'Object Repository/Kullanici_Islemleri/KullaniciIslemleri'

2021-10-14 17:13:22 - [MESSAGE][INFO] - Checking object

2021-10-14 17:13:22 - [MESSAGE][INFO] - Finding web element from Test Object's properties

2021-10-14 17:13:22 - [MESSAGE][INFO] - Checking timeout

2021-10-14 17:13:22 - [MESSAGE][INFO] - Finding web element with id: 'Object Repository/Kullanici_Islemleri/KullaniciIslemleri' located by 'By.cssSelector: .dropdown>a>img' in '30' second(s)

2021-10-14 17:13:22 - [MESSAGE][INFO] - Smart Wait Function is triggered

2021-10-14 17:13:22 - [MESSAGE][INFO] - Found 1 web elements with id: 'Object Repository/Kullanici_Islemleri/KullaniciIslemleri' located by 'By.cssSelector: .dropdown>a>img' in '30' second(s)

2021-10-14 17:13:22 - [MESSAGE][INFO] - Clicking on object: 'Object Repository/Kullanici_Islemleri/KullaniciIslemleri'

2021-10-14 17:13:22 - [MESSAGE][PASSED] - Object: 'Object Repository/Kullanici_Islemleri/KullaniciIslemleri' is clicked on

2021-10-14 17:13:22 - [TEST_STEP][PASSED] - Method.TextDegerineEsitElementeTikla(findTestObject("Object Repository/Kullanici_Islemleri/Secenekler"), Islem): Method.TextDegerineEsitElementeTikla is PASSED

2021-10-14 17:13:22 - [MESSAGE][INFO] - Finding Test Object 'Object Repository/Kullanici_Islemleri/Secenekler'

2021-10-14 17:13:22 - [MESSAGE][INFO] - Checking timeout

2021-10-14 17:13:22 - [MESSAGE][INFO] - Finding web element with id: 'Object Repository/Kullanici_Islemleri/Secenekler' located by 'By.cssSelector: .nav.navbar-nav.navbar-right li a' in '10' second(s)

2021-10-14 17:13:22 - [MESSAGE][INFO] - Smart Wait Function is triggered

2021-10-14 17:13:23 - [MESSAGE][INFO] - Found 22 web elements with id: 'Object Repository/Kullanici_Islemleri/Secenekler' located by 'By.cssSelector: .nav.navbar-nav.navbar-right li a' in '10' second(s)

2021-10-14 17:13:24 - [MESSAGE][PASSED] - Method.TextDegerineEsitElementeTikla is PASSED

2021-10-14 17:13:24 - [TEST_STEP][PASSED] - verifyElementNotPresent(findTestObject("Object Repository/Kullanici_Islemleri/Secenekler"), 10): Web element with id: 'Object Repository/Kullanici_Islemleri/Secenekler' located by 'By.cssSelector: .nav.navbar-nav.navbar-right li a' is not present after '10' second(s)

2021-10-14 17:13:24 - [MESSAGE][INFO] - Finding Test Object 'Object Repository/Kullanici_Islemleri/Secenekler'

2021-10-14 17:13:24 - [MESSAGE][INFO] - Checking object

2021-10-14 17:13:24 - [MESSAGE][INFO] - Checking timeout

2021-10-14 17:13:24 - [MESSAGE][INFO] - Finding web element with id: 'Object Repository/Kullanici_Islemleri/Secenekler' located by 'By.cssSelector: .nav.navbar-nav.navbar-right li a' in '10' second(s)

2021-10-14 17:13:24 - [MESSAGE][INFO] - Smart Wait Function is triggered

2021-10-14 17:13:25 - [MESSAGE][PASSED] - Web element with id: 'Object Repository/Kullanici_Islemleri/Secenekler' located by 'By.cssSelector: .nav.navbar-nav.navbar-right li a' is not present after '10' second(s)

2021-10-14 17:13:25 - [MESSAGE][PASSED] - Call Test Case 'Test Cases/Kullanici_Islemleri/KullaniciIslemlerindenSecimYapilir' successfully

2021-10-14 17:13:25 - [TEST_CASE][PASSED] - Start Test Case : SCENARIO Faturaya Statu Ata: SCENARIO Faturaya Statu Ata

2021-10-14 17:13:25 - [TEST_STEP][PASSED] - Kullanıcı adı ELOGO6 ve Şifre 123456 olarak giriş yapılır: Kullanıcı adı ELOGO6 ve Şifre 123456 olarak giriş yapılır

2021-10-14 17:13:25 - [MESSAGE][PASSED] - Kullanıcı adı ELOGO6 ve Şifre 123456 olarak giriş yapılır

2021-10-14 17:13:25 - [TEST_STEP][PASSED] - Ana menüden e-Fatura seçilir: Ana menüden e-Fatura seçilir

2021-10-14 17:13:25 - [MESSAGE][PASSED] - Ana menüden e-Fatura seçilir

2021-10-14 17:13:25 - [TEST_STEP][PASSED] - Alt menü Gelen Kutusu başlığı altındaki Faturalar seçilir: Alt menü Gelen Kutusu başlığı altındaki Faturalar seçilir

2021-10-14 17:13:25 - [MESSAGE][PASSED] - Alt menü Gelen Kutusu başlığı altındaki Faturalar seçilir

2021-10-14 17:13:25 - [TEST_STEP][PASSED] - Filtrelerden Oluşturma Tarihi filtresine 01.12.2020 baslangic degerini yaz: Filtrelerden Oluşturma Tarihi filtresine 01.12.2020 baslangic degerini yaz

2021-10-14 17:13:25 - [MESSAGE][PASSED] - Filtrelerden Oluşturma Tarihi filtresine 01.12.2020 baslangic degerini yaz

2021-10-14 17:13:25 - [TEST_STEP][PASSED] - Filtrelerden Oluşturma Tarihi filtresine 31.12.2020 bitis degerini yaz: Filtrelerden Oluşturma Tarihi filtresine 31.12.2020 bitis degerini yaz

2021-10-14 17:13:25 - [MESSAGE][PASSED] - Filtrelerden Oluşturma Tarihi filtresine 31.12.2020 bitis degerini yaz

2021-10-14 17:13:25 - [TEST_STEP][PASSED] - Filtre butonlarından Listele seçilir: Filtre butonlarından Listele seçilir

2021-10-14 17:13:25 - [MESSAGE][PASSED] - Filtre butonlarından Listele seçilir

2021-10-14 17:13:25 - [TEST_STEP][PASSED] - Tabloda veri var mı kontrol edilir: Tabloda veri var mı kontrol edilir

2021-10-14 17:13:25 - [MESSAGE][PASSED] - Tabloda veri var mı kontrol edilir

2021-10-14 17:13:25 - [TEST_STEP][PASSED] - Tablodan E LOGO 6 isimli veri seçilir: Tablodan E LOGO 6 isimli veri seçilir

2021-10-14 17:13:25 - [MESSAGE][PASSED] - Tablodan E LOGO 6 isimli veri seçilir

2021-10-14 17:13:25 - [TEST_STEP][PASSED] - Butonlardan Statü Ata isimli butona tıklanır: Butonlardan Statü Ata isimli butona tıklanır

2021-10-14 17:13:25 - [MESSAGE][PASSED] - Butonlardan Statü Ata isimli butona tıklanır

2021-10-14 17:13:25 - [TEST_STEP][PASSED] - Alt butonlardan Öndeğer butonuna tıklanır: Alt butonlardan Öndeğer butonuna tıklanır

2021-10-14 17:13:25 - [MESSAGE][PASSED] - Alt butonlardan Öndeğer butonuna tıklanır

2021-10-14 17:13:25 - [TEST_STEP][PASSED] - Popup mesajı Statü Başarılı Olarak Güncellendi içeriyor mu: Popup mesajı Statü Başarılı Olarak Güncellendi içeriyor mu

2021-10-14 17:13:25 - [MESSAGE][PASSED] - Popup mesajı Statü Başarılı Olarak Güncellendi içeriyor mu

2021-10-14 17:13:25 - [TEST_STEP][PASSED] - Yönetim popupında Tamam seçilir: Yönetim popupında Tamam seçilir

2021-10-14 17:13:25 - [MESSAGE][PASSED] - Yönetim popupında Tamam seçilir

2021-10-14 17:13:25 - [TEST_STEP][PASSED] - Filtrelerden Belge statusu Öndeğer olarak secilir: Filtrelerden Belge statusu Öndeğer olarak secilir

2021-10-14 17:13:25 - [MESSAGE][PASSED] - Filtrelerden Belge statusu Öndeğer olarak secilir

2021-10-14 17:13:25 - [TEST_STEP][PASSED] - Filtre butonlarından Listele seçilir: Filtre butonlarından Listele seçilir

2021-10-14 17:13:25 - [MESSAGE][PASSED] - Filtre butonlarından Listele seçilir

2021-10-14 17:13:25 - [TEST_STEP][PASSED] - Kullanıcı işlemlerinden Çıkış seçilir: Kullanıcı işlemlerinden Çıkış seçilir

2021-10-14 17:13:25 - [MESSAGE][PASSED] - Kullanıcı işlemlerinden Çıkış seçilir

2021-10-14 17:13:25 - [MESSAGE][PASSED] - Feature file: 'Include/features/e-Fatura/Gelen Kutusu/Faturalar/Statu Ata.feature' was passed

2021-10-14 17:13:25 - [TEST_STEP][PASSED] - Start listener action : sampleAfterTestSuite: Invoke 'com.kms.katalon.core.annotation.AfterTestCase' method: 'Listener.sampleAfterTestSuite(...)' completed.

2021-10-14 17:13:25 - [MESSAGE][INFO] - Starting invoke 'com.kms.katalon.core.annotation.AfterTestCase' method: 'Listener.sampleAfterTestSuite(...)'

2021-10-14 17:13:25 - [TEST_STEP][PASSED] - closeBrowser(): Invoke 'com.kms.katalon.core.annotation.AfterTestCase' method: 'Listener.sampleAfterTestSuite(...)' completed.

2021-10-14 17:13:25 - [MESSAGE][INFO] - Closing browser

2021-10-14 17:13:25 - [MESSAGE][PASSED] - Browser is closed

2021-10-14 17:13:25 - [MESSAGE][INFO] - Invoke 'com.kms.katalon.core.annotation.AfterTestCase' method: 'Listener.sampleAfterTestSuite(...)' completed.]]></system-out>
         <system-err><![CDATA[]]></system-err>
      </testcase>
      <testcase name="Test Cases/Case Repository/e-Fatura/Gelen Kutusu/Faturalar/Tum Hesaplar Kontrolu" time="34.072" classname="Test Cases/Case Repository/e-Fatura/Gelen Kutusu/Faturalar/Tum Hesaplar Kontrolu" status="PASSED">
         <system-out><![CDATA[2021-10-14 17:13:25 - [TEST_CASE][PASSED] - Test Cases/Case Repository/e-Fatura/Gelen Kutusu/Faturalar/Tum Hesaplar Kontrolu: Test Cases/Case Repository/e-Fatura/Gelen Kutusu/Faturalar/Tum Hesaplar Kontrolu

2021-10-14 17:13:25 - [TEST_STEP][PASSED] - Start listener action : sampleBeforeTestSuite: Invoke 'com.kms.katalon.core.annotation.BeforeTestCase' method: 'Listener.sampleBeforeTestSuite(...)' completed.

2021-10-14 17:13:25 - [MESSAGE][INFO] - Starting invoke 'com.kms.katalon.core.annotation.BeforeTestCase' method: 'Listener.sampleBeforeTestSuite(...)'

2021-10-14 17:13:25 - [TEST_STEP][PASSED] - openBrowser(baseUrl): Browser is opened with url: 'https://efatura-stage.elogo.com.tr/'

2021-10-14 17:13:25 - [MESSAGE][INFO] - Opening browser

2021-10-14 17:13:25 - [MESSAGE][INFO] - Starting 'Chrome' driver

2021-10-14 17:13:25 - [MESSAGE][INFO] - User set preference: ['prefs', '{download.default_directory=C:\otomasyondownfiles}']

2021-10-14 17:13:25 - [MESSAGE][INFO] - Action delay is set to 0 milliseconds

2021-10-14 17:13:27 - [MESSAGE][INFO] - Navigating browser to: 'https://efatura-stage.elogo.com.tr/'

2021-10-14 17:13:31 - [MESSAGE][PASSED] - Browser is opened with url: 'https://efatura-stage.elogo.com.tr/'

2021-10-14 17:13:31 - [TEST_STEP][PASSED] - maximizeWindow(): Invoke 'com.kms.katalon.core.annotation.BeforeTestCase' method: 'Listener.sampleBeforeTestSuite(...)' completed.

2021-10-14 17:13:31 - [MESSAGE][INFO] - Maximizing current window

2021-10-14 17:13:32 - [MESSAGE][PASSED] - Current window maximized

2021-10-14 17:13:32 - [MESSAGE][INFO] - Invoke 'com.kms.katalon.core.annotation.BeforeTestCase' method: 'Listener.sampleBeforeTestSuite(...)' completed.

2021-10-14 17:13:32 - [TEST_STEP][PASSED] - runFeatureFile("Include/features/e-Fatura/Gelen Kutusu/Faturalar/Tum Hesaplar Kontrolu.feature"): Feature file: 'Include/features/e-Fatura/Gelen Kutusu/Faturalar/Tum Hesaplar Kontrolu.feature' was passed

2021-10-14 17:13:32 - [MESSAGE][INFO] - Starting run keyword runFeatureFile: 'Include/features/e-Fatura/Gelen Kutusu/Faturalar/Tum Hesaplar Kontrolu.feature' and extract report to folder: 'C:\Users\DELL\Downloads\EES_Katalon-main\Reports\20211014_170112\Suite Repository\e-Fatura\20211014_170113/cucumber_report/1634220812696'...

2021-10-14 17:13:32 - [MESSAGE][INFO] - Glue: []

2021-10-14 17:13:33 - [MESSAGE][INFO] - Checking called Test Case

2021-10-14 17:13:33 - [MESSAGE][INFO] - Starting to call Test Case 'Test Cases/Sayfalar/Giris_Sayfasi/Login'

2021-10-14 17:13:33 - [TEST_CASE][PASSED] - Test Cases/Sayfalar/Giris_Sayfasi/Login: Test Cases/Sayfalar/Giris_Sayfasi/Login

2021-10-14 17:13:33 - [TEST_STEP][PASSED] - Sayfa_Basligi = getWindowTitle(): Current window's title is: 'LOGO e-Fatura'

2021-10-14 17:13:33 - [MESSAGE][INFO] - Getting current window's title

2021-10-14 17:13:33 - [MESSAGE][PASSED] - Current window's title is: 'LOGO e-Fatura'

2021-10-14 17:13:33 - [TEST_STEP][PASSED] - verifyMatch(Sayfa_Basligi, "LOGO e-Fatura", false): Actual text 'LOGO e-Fatura' and expected text 'LOGO e-Fatura' are matched 

2021-10-14 17:13:33 - [MESSAGE][INFO] - Matching actual text 'LOGO e-Fatura' with expected text 'LOGO e-Fatura'

2021-10-14 17:13:33 - [MESSAGE][PASSED] - Actual text 'LOGO e-Fatura' and expected text 'LOGO e-Fatura' are matched 

2021-10-14 17:13:33 - [TEST_STEP][PASSED] - sendKeys(findTestObject("Sayfalar/Giris_Sayfasi/Firma_Kodu"), KullaniciAdi): Keys 'ELOGO6' sent to object: 'Object Repository/Sayfalar/Giris_Sayfasi/Firma_Kodu'

2021-10-14 17:13:33 - [MESSAGE][INFO] - Finding Test Object 'Object Repository/Sayfalar/Giris_Sayfasi/Firma_Kodu'

2021-10-14 17:13:33 - [MESSAGE][INFO] - Sending keys 'ELOGO6' to object: 'Object Repository/Sayfalar/Giris_Sayfasi/Firma_Kodu'

2021-10-14 17:13:33 - [MESSAGE][INFO] - Finding web element from Test Object's properties

2021-10-14 17:13:33 - [MESSAGE][INFO] - Checking timeout

2021-10-14 17:13:33 - [MESSAGE][INFO] - Finding web element with id: 'Object Repository/Sayfalar/Giris_Sayfasi/Firma_Kodu' located by 'By.xpath: //*[@id = 'AccountName']' in '30' second(s)

2021-10-14 17:13:33 - [MESSAGE][INFO] - Smart Wait Function is triggered

2021-10-14 17:13:34 - [MESSAGE][INFO] - Found 1 web elements with id: 'Object Repository/Sayfalar/Giris_Sayfasi/Firma_Kodu' located by 'By.xpath: //*[@id = 'AccountName']' in '30' second(s)

2021-10-14 17:13:34 - [MESSAGE][PASSED] - Keys 'ELOGO6' sent to object: 'Object Repository/Sayfalar/Giris_Sayfasi/Firma_Kodu'

2021-10-14 17:13:34 - [TEST_STEP][PASSED] - sendKeys(findTestObject("Sayfalar/Giris_Sayfasi/Sifre"), Sifre): Keys '123456' sent to object: 'Object Repository/Sayfalar/Giris_Sayfasi/Sifre'

2021-10-14 17:13:34 - [MESSAGE][INFO] - Finding Test Object 'Object Repository/Sayfalar/Giris_Sayfasi/Sifre'

2021-10-14 17:13:34 - [MESSAGE][INFO] - Sending keys '123456' to object: 'Object Repository/Sayfalar/Giris_Sayfasi/Sifre'

2021-10-14 17:13:34 - [MESSAGE][INFO] - Finding web element from Test Object's properties

2021-10-14 17:13:34 - [MESSAGE][INFO] - Checking timeout

2021-10-14 17:13:34 - [MESSAGE][INFO] - Finding web element with id: 'Object Repository/Sayfalar/Giris_Sayfasi/Sifre' located by 'By.xpath: //*[@id = 'Password']' in '30' second(s)

2021-10-14 17:13:34 - [MESSAGE][INFO] - Smart Wait Function is triggered

2021-10-14 17:13:34 - [MESSAGE][INFO] - Found 1 web elements with id: 'Object Repository/Sayfalar/Giris_Sayfasi/Sifre' located by 'By.xpath: //*[@id = 'Password']' in '30' second(s)

2021-10-14 17:13:34 - [MESSAGE][PASSED] - Keys '123456' sent to object: 'Object Repository/Sayfalar/Giris_Sayfasi/Sifre'

2021-10-14 17:13:34 - [TEST_STEP][PASSED] - findWebElement(findTestObject("Sayfalar/Giris_Sayfasi/Giris_Butonu")).click(): Found 1 web elements with id: 'Object Repository/Sayfalar/Giris_Sayfasi/Giris_Butonu' located by 'By.cssSelector: #btnLogin' in '30' second(s)

2021-10-14 17:13:34 - [MESSAGE][INFO] - Finding Test Object 'Object Repository/Sayfalar/Giris_Sayfasi/Giris_Butonu'

2021-10-14 17:13:35 - [MESSAGE][INFO] - Finding web element from Test Object's properties

2021-10-14 17:13:35 - [MESSAGE][INFO] - Checking timeout

2021-10-14 17:13:35 - [MESSAGE][INFO] - Finding web element with id: 'Object Repository/Sayfalar/Giris_Sayfasi/Giris_Butonu' located by 'By.cssSelector: #btnLogin' in '30' second(s)

2021-10-14 17:13:35 - [MESSAGE][INFO] - Smart Wait Function is triggered

2021-10-14 17:13:35 - [MESSAGE][INFO] - Found 1 web elements with id: 'Object Repository/Sayfalar/Giris_Sayfasi/Giris_Butonu' located by 'By.cssSelector: #btnLogin' in '30' second(s)

2021-10-14 17:13:37 - [TEST_STEP][PASSED] - if (verifyElementPresent(findTestObject("Object Repository/Sayfalar/Giris_Sayfasi/RetveTamam_Butonu"), 5, OPTIONAL)): null

2021-10-14 17:13:37 - [MESSAGE][INFO] - Finding Test Object 'Object Repository/Sayfalar/Giris_Sayfasi/RetveTamam_Butonu'

2021-10-14 17:13:37 - [MESSAGE][INFO] - Checking object

2021-10-14 17:13:37 - [MESSAGE][INFO] - Finding web element from Test Object's properties

2021-10-14 17:13:37 - [MESSAGE][INFO] - Checking timeout

2021-10-14 17:13:37 - [MESSAGE][INFO] - Finding web element with id: 'Object Repository/Sayfalar/Giris_Sayfasi/RetveTamam_Butonu' located by 'By.xpath: //*[@class = 'btn btn-default']' in '5' second(s)

2021-10-14 17:13:37 - [MESSAGE][INFO] - Smart Wait Function is triggered

2021-10-14 17:13:38 - [MESSAGE][INFO] - Found 1 web elements with id: 'Object Repository/Sayfalar/Giris_Sayfasi/RetveTamam_Butonu' located by 'By.xpath: //*[@class = 'btn btn-default']' in '5' second(s)

2021-10-14 17:13:38 - [MESSAGE][PASSED] - Object 'Object Repository/Sayfalar/Giris_Sayfasi/RetveTamam_Butonu' is present

2021-10-14 17:13:38 - [TEST_STEP][PASSED] - click(findTestObject("Object Repository/Sayfalar/Giris_Sayfasi/RetveTamam_Butonu")): Object: 'Object Repository/Sayfalar/Giris_Sayfasi/RetveTamam_Butonu' is clicked on

2021-10-14 17:13:38 - [MESSAGE][INFO] - Finding Test Object 'Object Repository/Sayfalar/Giris_Sayfasi/RetveTamam_Butonu'

2021-10-14 17:13:38 - [MESSAGE][INFO] - Checking object

2021-10-14 17:13:38 - [MESSAGE][INFO] - Finding web element from Test Object's properties

2021-10-14 17:13:38 - [MESSAGE][INFO] - Checking timeout

2021-10-14 17:13:38 - [MESSAGE][INFO] - Finding web element with id: 'Object Repository/Sayfalar/Giris_Sayfasi/RetveTamam_Butonu' located by 'By.xpath: //*[@class = 'btn btn-default']' in '30' second(s)

2021-10-14 17:13:38 - [MESSAGE][INFO] - Smart Wait Function is triggered

2021-10-14 17:13:38 - [MESSAGE][INFO] - Found 1 web elements with id: 'Object Repository/Sayfalar/Giris_Sayfasi/RetveTamam_Butonu' located by 'By.xpath: //*[@class = 'btn btn-default']' in '30' second(s)

2021-10-14 17:13:38 - [MESSAGE][INFO] - Clicking on object: 'Object Repository/Sayfalar/Giris_Sayfasi/RetveTamam_Butonu'

2021-10-14 17:13:38 - [MESSAGE][PASSED] - Object: 'Object Repository/Sayfalar/Giris_Sayfasi/RetveTamam_Butonu' is clicked on

2021-10-14 17:13:38 - [TEST_STEP][PASSED] - click(findTestObject("Object Repository/Sayfalar/Giris_Sayfasi/RetveTamam_Butonu")): Object: 'Object Repository/Sayfalar/Giris_Sayfasi/RetveTamam_Butonu' is clicked on

2021-10-14 17:13:38 - [MESSAGE][INFO] - Finding Test Object 'Object Repository/Sayfalar/Giris_Sayfasi/RetveTamam_Butonu'

2021-10-14 17:13:38 - [MESSAGE][INFO] - Checking object

2021-10-14 17:13:38 - [MESSAGE][INFO] - Finding web element from Test Object's properties

2021-10-14 17:13:38 - [MESSAGE][INFO] - Checking timeout

2021-10-14 17:13:38 - [MESSAGE][INFO] - Finding web element with id: 'Object Repository/Sayfalar/Giris_Sayfasi/RetveTamam_Butonu' located by 'By.xpath: //*[@class = 'btn btn-default']' in '30' second(s)

2021-10-14 17:13:38 - [MESSAGE][INFO] - Smart Wait Function is triggered

2021-10-14 17:13:46 - [MESSAGE][INFO] - Found 1 web elements with id: 'Object Repository/Sayfalar/Giris_Sayfasi/RetveTamam_Butonu' located by 'By.xpath: //*[@class = 'btn btn-default']' in '30' second(s)

2021-10-14 17:13:46 - [MESSAGE][INFO] - Clicking on object: 'Object Repository/Sayfalar/Giris_Sayfasi/RetveTamam_Butonu'

2021-10-14 17:13:46 - [MESSAGE][PASSED] - Object: 'Object Repository/Sayfalar/Giris_Sayfasi/RetveTamam_Butonu' is clicked on

2021-10-14 17:13:46 - [TEST_STEP][PASSED] - if (verifyElementPresent(findTestObject("Sayfalar/Giris_Sayfasi/PopupOK"), 5, OPTIONAL)): null

2021-10-14 17:13:46 - [MESSAGE][INFO] - Finding Test Object 'Object Repository/Sayfalar/Giris_Sayfasi/PopupOK'

2021-10-14 17:13:47 - [MESSAGE][INFO] - Checking object

2021-10-14 17:13:47 - [MESSAGE][INFO] - Finding web element from Test Object's properties

2021-10-14 17:13:47 - [MESSAGE][INFO] - Checking timeout

2021-10-14 17:13:47 - [MESSAGE][INFO] - Finding web element with id: 'Object Repository/Sayfalar/Giris_Sayfasi/PopupOK' located by 'By.cssSelector: .btn.btn-success' in '5' second(s)

2021-10-14 17:13:47 - [MESSAGE][INFO] - Smart Wait Function is triggered

2021-10-14 17:13:47 - [MESSAGE][INFO] - Found 1 web elements with id: 'Object Repository/Sayfalar/Giris_Sayfasi/PopupOK' located by 'By.cssSelector: .btn.btn-success' in '5' second(s)

2021-10-14 17:13:47 - [MESSAGE][PASSED] - Object 'Object Repository/Sayfalar/Giris_Sayfasi/PopupOK' is present

2021-10-14 17:13:47 - [TEST_STEP][PASSED] - click(findTestObject("Object Repository/Sayfalar/Giris_Sayfasi/PopupCarpiGiris")): Object: 'Object Repository/Sayfalar/Giris_Sayfasi/PopupCarpiGiris' is clicked on

2021-10-14 17:13:47 - [MESSAGE][INFO] - Finding Test Object 'Object Repository/Sayfalar/Giris_Sayfasi/PopupCarpiGiris'

2021-10-14 17:13:47 - [MESSAGE][INFO] - Checking object

2021-10-14 17:13:47 - [MESSAGE][INFO] - Finding web element from Test Object's properties

2021-10-14 17:13:47 - [MESSAGE][INFO] - Checking timeout

2021-10-14 17:13:47 - [MESSAGE][INFO] - Finding web element with id: 'Object Repository/Sayfalar/Giris_Sayfasi/PopupCarpiGiris' located by 'By.cssSelector: .bootbox-close-button.close' in '30' second(s)

2021-10-14 17:13:47 - [MESSAGE][INFO] - Smart Wait Function is triggered

2021-10-14 17:13:48 - [MESSAGE][INFO] - Found 1 web elements with id: 'Object Repository/Sayfalar/Giris_Sayfasi/PopupCarpiGiris' located by 'By.cssSelector: .bootbox-close-button.close' in '30' second(s)

2021-10-14 17:13:48 - [MESSAGE][INFO] - Clicking on object: 'Object Repository/Sayfalar/Giris_Sayfasi/PopupCarpiGiris'

2021-10-14 17:13:48 - [MESSAGE][PASSED] - Object: 'Object Repository/Sayfalar/Giris_Sayfasi/PopupCarpiGiris' is clicked on

2021-10-14 17:13:48 - [TEST_STEP][PASSED] - verifyElementVisible(findTestObject("Object Repository/Kullanici_Islemleri/KullaniciIslemleri")): Object 'Object Repository/Kullanici_Islemleri/KullaniciIslemleri' is visible

2021-10-14 17:13:48 - [MESSAGE][INFO] - Finding Test Object 'Object Repository/Kullanici_Islemleri/KullaniciIslemleri'

2021-10-14 17:13:48 - [MESSAGE][INFO] - Checking object

2021-10-14 17:13:48 - [MESSAGE][INFO] - Finding web element from Test Object's properties

2021-10-14 17:13:48 - [MESSAGE][INFO] - Checking timeout

2021-10-14 17:13:48 - [MESSAGE][INFO] - Finding web element with id: 'Object Repository/Kullanici_Islemleri/KullaniciIslemleri' located by 'By.cssSelector: .dropdown>a>img' in '30' second(s)

2021-10-14 17:13:48 - [MESSAGE][INFO] - Smart Wait Function is triggered

2021-10-14 17:13:49 - [MESSAGE][INFO] - Found 1 web elements with id: 'Object Repository/Kullanici_Islemleri/KullaniciIslemleri' located by 'By.cssSelector: .dropdown>a>img' in '30' second(s)

2021-10-14 17:13:49 - [MESSAGE][PASSED] - Object 'Object Repository/Kullanici_Islemleri/KullaniciIslemleri' is visible

2021-10-14 17:13:49 - [MESSAGE][PASSED] - Call Test Case 'Test Cases/Sayfalar/Giris_Sayfasi/Login' successfully

2021-10-14 17:13:49 - [MESSAGE][INFO] - Checking called Test Case

2021-10-14 17:13:49 - [MESSAGE][INFO] - Starting to call Test Case 'Test Cases/Menu/AnaMenuSecimi'

2021-10-14 17:13:49 - [TEST_CASE][PASSED] - Test Cases/Menu/AnaMenuSecimi: Test Cases/Menu/AnaMenuSecimi

2021-10-14 17:13:49 - [TEST_STEP][PASSED] - Method.TextDegerineEsitElementeTikla(findTestObject("Menu/Ana_Menu"), Ana_Menu): Method.TextDegerineEsitElementeTikla is PASSED

2021-10-14 17:13:49 - [MESSAGE][INFO] - Finding Test Object 'Object Repository/Menu/Ana_Menu'

2021-10-14 17:13:49 - [MESSAGE][INFO] - Checking timeout

2021-10-14 17:13:49 - [MESSAGE][INFO] - Finding web element with id: 'Object Repository/Menu/Ana_Menu' located by 'By.xpath: //*[@class = 'dropdown-toggle']' in '10' second(s)

2021-10-14 17:13:49 - [MESSAGE][INFO] - Smart Wait Function is triggered

2021-10-14 17:13:49 - [MESSAGE][INFO] - Found 14 web elements with id: 'Object Repository/Menu/Ana_Menu' located by 'By.xpath: //*[@class = 'dropdown-toggle']' in '10' second(s)

2021-10-14 17:13:49 - [MESSAGE][PASSED] - Method.TextDegerineEsitElementeTikla is PASSED

2021-10-14 17:13:49 - [MESSAGE][PASSED] - Call Test Case 'Test Cases/Menu/AnaMenuSecimi' successfully

2021-10-14 17:13:49 - [MESSAGE][INFO] - Checking called Test Case

2021-10-14 17:13:49 - [MESSAGE][INFO] - Starting to call Test Case 'Test Cases/Menu/BasligaGoreAltMenuSecimi'

2021-10-14 17:13:49 - [TEST_CASE][PASSED] - Test Cases/Menu/BasligaGoreAltMenuSecimi: Test Cases/Menu/BasligaGoreAltMenuSecimi

2021-10-14 17:13:49 - [TEST_STEP][PASSED] - Method.TextDegerineEsitElementinAltindakiTextDegerineEsitOlanaTikla(findTestObject("Menu/Menu_Basligi"), findTestObject("Menu/Basliga_Gore_Alt_Menu"), Baslik, Alt_Menu): Method.TextDegerineEsitElementinAltindakiTextDegerineEsitOlanaTikla is PASSED

2021-10-14 17:13:49 - [MESSAGE][INFO] - Finding Test Object 'Object Repository/Menu/Menu_Basligi'

2021-10-14 17:13:50 - [MESSAGE][INFO] - Finding Test Object 'Object Repository/Menu/Basliga_Gore_Alt_Menu'

2021-10-14 17:13:50 - [MESSAGE][INFO] - Checking timeout

2021-10-14 17:13:50 - [MESSAGE][INFO] - Finding web element with id: 'Object Repository/Menu/Menu_Basligi' located by 'By.xpath: //li[@class='dropdown dropdown-large open']//li[@class='dropdown-header']' in '10' second(s)

2021-10-14 17:13:50 - [MESSAGE][INFO] - Smart Wait Function is triggered

2021-10-14 17:13:50 - [MESSAGE][INFO] - Found 3 web elements with id: 'Object Repository/Menu/Menu_Basligi' located by 'By.xpath: //li[@class='dropdown dropdown-large open']//li[@class='dropdown-header']' in '10' second(s)

2021-10-14 17:13:50 - [MESSAGE][INFO] - Smart Wait Function is triggered

2021-10-14 17:13:53 - [MESSAGE][PASSED] - Method.TextDegerineEsitElementinAltindakiTextDegerineEsitOlanaTikla is PASSED

2021-10-14 17:13:53 - [MESSAGE][PASSED] - Call Test Case 'Test Cases/Menu/BasligaGoreAltMenuSecimi' successfully

2021-10-14 17:13:53 - [MESSAGE][INFO] - Checking called Test Case

2021-10-14 17:13:53 - [MESSAGE][INFO] - Starting to call Test Case 'Test Cases/Filtreler/TumHesaplar'

2021-10-14 17:13:53 - [TEST_CASE][PASSED] - Test Cases/Filtreler/TumHesaplar: Test Cases/Filtreler/TumHesaplar

2021-10-14 17:13:54 - [TEST_STEP][PASSED] - waitForElementClickable(findTestObject("Filtreler/TumHesaplar"), 10): Object 'Object Repository/Filtreler/TumHesaplar' is clickable

2021-10-14 17:13:54 - [MESSAGE][INFO] - Finding Test Object 'Object Repository/Filtreler/TumHesaplar'

2021-10-14 17:13:54 - [MESSAGE][INFO] - Checking object

2021-10-14 17:13:54 - [MESSAGE][INFO] - Checking timeout

2021-10-14 17:13:54 - [MESSAGE][INFO] - Finding web element from Test Object's properties

2021-10-14 17:13:54 - [MESSAGE][INFO] - Checking timeout

2021-10-14 17:13:54 - [MESSAGE][INFO] - Finding web element with id: 'Object Repository/Filtreler/TumHesaplar' located by 'By.xpath: //*[@id = 'checkboxGetGroupAccount_S_D']' in '10' second(s)

2021-10-14 17:13:54 - [MESSAGE][INFO] - Smart Wait Function is triggered

2021-10-14 17:13:54 - [MESSAGE][INFO] - Found 1 web elements with id: 'Object Repository/Filtreler/TumHesaplar' located by 'By.xpath: //*[@id = 'checkboxGetGroupAccount_S_D']' in '10' second(s)

2021-10-14 17:13:54 - [MESSAGE][PASSED] - Object 'Object Repository/Filtreler/TumHesaplar' is clickable

2021-10-14 17:13:54 - [TEST_STEP][PASSED] - click(findTestObject("Filtreler/TumHesaplar")): Object: 'Object Repository/Filtreler/TumHesaplar' is clicked on

2021-10-14 17:13:54 - [MESSAGE][INFO] - Finding Test Object 'Object Repository/Filtreler/TumHesaplar'

2021-10-14 17:13:54 - [MESSAGE][INFO] - Checking object

2021-10-14 17:13:54 - [MESSAGE][INFO] - Finding web element from Test Object's properties

2021-10-14 17:13:54 - [MESSAGE][INFO] - Checking timeout

2021-10-14 17:13:54 - [MESSAGE][INFO] - Finding web element with id: 'Object Repository/Filtreler/TumHesaplar' located by 'By.xpath: //*[@id = 'checkboxGetGroupAccount_S_D']' in '30' second(s)

2021-10-14 17:13:54 - [MESSAGE][INFO] - Smart Wait Function is triggered

2021-10-14 17:13:54 - [MESSAGE][INFO] - Found 1 web elements with id: 'Object Repository/Filtreler/TumHesaplar' located by 'By.xpath: //*[@id = 'checkboxGetGroupAccount_S_D']' in '30' second(s)

2021-10-14 17:13:54 - [MESSAGE][INFO] - Clicking on object: 'Object Repository/Filtreler/TumHesaplar'

2021-10-14 17:13:54 - [MESSAGE][PASSED] - Object: 'Object Repository/Filtreler/TumHesaplar' is clicked on

2021-10-14 17:13:54 - [MESSAGE][PASSED] - Call Test Case 'Test Cases/Filtreler/TumHesaplar' successfully

2021-10-14 17:13:54 - [MESSAGE][INFO] - Checking called Test Case

2021-10-14 17:13:54 - [MESSAGE][INFO] - Starting to call Test Case 'Test Cases/Filtreler/ButonaTikla'

2021-10-14 17:13:54 - [TEST_CASE][PASSED] - Test Cases/Filtreler/ButonaTikla: Test Cases/Filtreler/ButonaTikla

2021-10-14 17:13:54 - [TEST_STEP][PASSED] - Method.TextDegerineEsitElementeTikla(findTestObject("Filtreler/Butonlar"), Filtre_Buton): Method.TextDegerineEsitElementeTikla is PASSED

2021-10-14 17:13:54 - [MESSAGE][INFO] - Finding Test Object 'Object Repository/Filtreler/Butonlar'

2021-10-14 17:13:54 - [MESSAGE][INFO] - Checking timeout

2021-10-14 17:13:54 - [MESSAGE][INFO] - Finding web element with id: 'Object Repository/Filtreler/Butonlar' located by 'By.cssSelector: .dxb>span' in '10' second(s)

2021-10-14 17:13:54 - [MESSAGE][INFO] - Smart Wait Function is triggered

2021-10-14 17:13:55 - [MESSAGE][INFO] - Found 3 web elements with id: 'Object Repository/Filtreler/Butonlar' located by 'By.cssSelector: .dxb>span' in '10' second(s)

2021-10-14 17:13:55 - [MESSAGE][PASSED] - Method.TextDegerineEsitElementeTikla is PASSED

2021-10-14 17:13:55 - [MESSAGE][PASSED] - Call Test Case 'Test Cases/Filtreler/ButonaTikla' successfully

2021-10-14 17:13:55 - [MESSAGE][INFO] - Checking called Test Case

2021-10-14 17:13:55 - [MESSAGE][INFO] - Starting to call Test Case 'Test Cases/Kullanici_Islemleri/KullaniciIslemlerindenSecimYapilir'

2021-10-14 17:13:55 - [TEST_CASE][PASSED] - Test Cases/Kullanici_Islemleri/KullaniciIslemlerindenSecimYapilir: Test Cases/Kullanici_Islemleri/KullaniciIslemlerindenSecimYapilir

2021-10-14 17:13:55 - [TEST_STEP][PASSED] - waitForElementClickable(findTestObject("Object Repository/Kullanici_Islemleri/KullaniciIslemleri"), 10): Object 'Object Repository/Kullanici_Islemleri/KullaniciIslemleri' is clickable

2021-10-14 17:13:55 - [MESSAGE][INFO] - Finding Test Object 'Object Repository/Kullanici_Islemleri/KullaniciIslemleri'

2021-10-14 17:13:55 - [MESSAGE][INFO] - Checking object

2021-10-14 17:13:55 - [MESSAGE][INFO] - Checking timeout

2021-10-14 17:13:55 - [MESSAGE][INFO] - Finding web element from Test Object's properties

2021-10-14 17:13:55 - [MESSAGE][INFO] - Checking timeout

2021-10-14 17:13:55 - [MESSAGE][INFO] - Finding web element with id: 'Object Repository/Kullanici_Islemleri/KullaniciIslemleri' located by 'By.cssSelector: .dropdown>a>img' in '10' second(s)

2021-10-14 17:13:55 - [MESSAGE][INFO] - Smart Wait Function is triggered

2021-10-14 17:13:56 - [MESSAGE][INFO] - Found 1 web elements with id: 'Object Repository/Kullanici_Islemleri/KullaniciIslemleri' located by 'By.cssSelector: .dropdown>a>img' in '10' second(s)

2021-10-14 17:13:56 - [MESSAGE][PASSED] - Object 'Object Repository/Kullanici_Islemleri/KullaniciIslemleri' is clickable

2021-10-14 17:13:56 - [TEST_STEP][PASSED] - click(findTestObject("Object Repository/Kullanici_Islemleri/KullaniciIslemleri")): Object: 'Object Repository/Kullanici_Islemleri/KullaniciIslemleri' is clicked on

2021-10-14 17:13:56 - [MESSAGE][INFO] - Finding Test Object 'Object Repository/Kullanici_Islemleri/KullaniciIslemleri'

2021-10-14 17:13:56 - [MESSAGE][INFO] - Checking object

2021-10-14 17:13:56 - [MESSAGE][INFO] - Finding web element from Test Object's properties

2021-10-14 17:13:56 - [MESSAGE][INFO] - Checking timeout

2021-10-14 17:13:56 - [MESSAGE][INFO] - Finding web element with id: 'Object Repository/Kullanici_Islemleri/KullaniciIslemleri' located by 'By.cssSelector: .dropdown>a>img' in '30' second(s)

2021-10-14 17:13:56 - [MESSAGE][INFO] - Smart Wait Function is triggered

2021-10-14 17:13:56 - [MESSAGE][INFO] - Found 1 web elements with id: 'Object Repository/Kullanici_Islemleri/KullaniciIslemleri' located by 'By.cssSelector: .dropdown>a>img' in '30' second(s)

2021-10-14 17:13:56 - [MESSAGE][INFO] - Clicking on object: 'Object Repository/Kullanici_Islemleri/KullaniciIslemleri'

2021-10-14 17:13:56 - [MESSAGE][PASSED] - Object: 'Object Repository/Kullanici_Islemleri/KullaniciIslemleri' is clicked on

2021-10-14 17:13:56 - [TEST_STEP][PASSED] - Method.TextDegerineEsitElementeTikla(findTestObject("Object Repository/Kullanici_Islemleri/Secenekler"), Islem): Method.TextDegerineEsitElementeTikla is PASSED

2021-10-14 17:13:56 - [MESSAGE][INFO] - Finding Test Object 'Object Repository/Kullanici_Islemleri/Secenekler'

2021-10-14 17:13:56 - [MESSAGE][INFO] - Checking timeout

2021-10-14 17:13:56 - [MESSAGE][INFO] - Finding web element with id: 'Object Repository/Kullanici_Islemleri/Secenekler' located by 'By.cssSelector: .nav.navbar-nav.navbar-right li a' in '10' second(s)

2021-10-14 17:13:56 - [MESSAGE][INFO] - Smart Wait Function is triggered

2021-10-14 17:13:57 - [MESSAGE][INFO] - Found 22 web elements with id: 'Object Repository/Kullanici_Islemleri/Secenekler' located by 'By.cssSelector: .nav.navbar-nav.navbar-right li a' in '10' second(s)

2021-10-14 17:13:58 - [MESSAGE][PASSED] - Method.TextDegerineEsitElementeTikla is PASSED

2021-10-14 17:13:58 - [TEST_STEP][PASSED] - verifyElementNotPresent(findTestObject("Object Repository/Kullanici_Islemleri/Secenekler"), 10): Web element with id: 'Object Repository/Kullanici_Islemleri/Secenekler' located by 'By.cssSelector: .nav.navbar-nav.navbar-right li a' is not present after '10' second(s)

2021-10-14 17:13:58 - [MESSAGE][INFO] - Finding Test Object 'Object Repository/Kullanici_Islemleri/Secenekler'

2021-10-14 17:13:58 - [MESSAGE][INFO] - Checking object

2021-10-14 17:13:58 - [MESSAGE][INFO] - Checking timeout

2021-10-14 17:13:58 - [MESSAGE][INFO] - Finding web element with id: 'Object Repository/Kullanici_Islemleri/Secenekler' located by 'By.cssSelector: .nav.navbar-nav.navbar-right li a' in '10' second(s)

2021-10-14 17:13:58 - [MESSAGE][INFO] - Smart Wait Function is triggered

2021-10-14 17:13:59 - [MESSAGE][PASSED] - Web element with id: 'Object Repository/Kullanici_Islemleri/Secenekler' located by 'By.cssSelector: .nav.navbar-nav.navbar-right li a' is not present after '10' second(s)

2021-10-14 17:13:59 - [MESSAGE][PASSED] - Call Test Case 'Test Cases/Kullanici_Islemleri/KullaniciIslemlerindenSecimYapilir' successfully

2021-10-14 17:13:59 - [TEST_CASE][PASSED] - Start Test Case : SCENARIO e-Fatura Gelen Kutusu Faturalar Tum Hesaplar Kontrolu: SCENARIO e-Fatura Gelen Kutusu Faturalar Tum Hesaplar Kontrolu

2021-10-14 17:13:59 - [TEST_STEP][PASSED] - Kullanıcı adı ELOGO6 ve Şifre 123456 olarak giriş yapılır: Kullanıcı adı ELOGO6 ve Şifre 123456 olarak giriş yapılır

2021-10-14 17:13:59 - [MESSAGE][PASSED] - Kullanıcı adı ELOGO6 ve Şifre 123456 olarak giriş yapılır

2021-10-14 17:13:59 - [TEST_STEP][PASSED] - Ana menüden e-Fatura seçilir: Ana menüden e-Fatura seçilir

2021-10-14 17:13:59 - [MESSAGE][PASSED] - Ana menüden e-Fatura seçilir

2021-10-14 17:13:59 - [TEST_STEP][PASSED] - Alt menü Gelen Kutusu başlığı altındaki Faturalar seçilir: Alt menü Gelen Kutusu başlığı altındaki Faturalar seçilir

2021-10-14 17:13:59 - [MESSAGE][PASSED] - Alt menü Gelen Kutusu başlığı altındaki Faturalar seçilir

2021-10-14 17:13:59 - [TEST_STEP][PASSED] - Filtre butonlarından Tüm Hesaplar butonuna tıklanır: Filtre butonlarından Tüm Hesaplar butonuna tıklanır

2021-10-14 17:13:59 - [MESSAGE][PASSED] - Filtre butonlarından Tüm Hesaplar butonuna tıklanır

2021-10-14 17:13:59 - [TEST_STEP][PASSED] - Filtre butonlarından Listele seçilir: Filtre butonlarından Listele seçilir

2021-10-14 17:13:59 - [MESSAGE][PASSED] - Filtre butonlarından Listele seçilir

2021-10-14 17:13:59 - [TEST_STEP][PASSED] - Kullanıcı işlemlerinden Çıkış seçilir: Kullanıcı işlemlerinden Çıkış seçilir

2021-10-14 17:13:59 - [MESSAGE][PASSED] - Kullanıcı işlemlerinden Çıkış seçilir

2021-10-14 17:13:59 - [MESSAGE][PASSED] - Feature file: 'Include/features/e-Fatura/Gelen Kutusu/Faturalar/Tum Hesaplar Kontrolu.feature' was passed

2021-10-14 17:13:59 - [TEST_STEP][PASSED] - Start listener action : sampleAfterTestSuite: Invoke 'com.kms.katalon.core.annotation.AfterTestCase' method: 'Listener.sampleAfterTestSuite(...)' completed.

2021-10-14 17:13:59 - [MESSAGE][INFO] - Starting invoke 'com.kms.katalon.core.annotation.AfterTestCase' method: 'Listener.sampleAfterTestSuite(...)'

2021-10-14 17:13:59 - [TEST_STEP][PASSED] - closeBrowser(): Invoke 'com.kms.katalon.core.annotation.AfterTestCase' method: 'Listener.sampleAfterTestSuite(...)' completed.

2021-10-14 17:13:59 - [MESSAGE][INFO] - Closing browser

2021-10-14 17:13:59 - [MESSAGE][PASSED] - Browser is closed

2021-10-14 17:13:59 - [MESSAGE][INFO] - Invoke 'com.kms.katalon.core.annotation.AfterTestCase' method: 'Listener.sampleAfterTestSuite(...)' completed.]]></system-out>
         <system-err><![CDATA[]]></system-err>
      </testcase>
      <testcase name="Test Cases/Case Repository/e-Fatura/Gelen Kutusu/Faturalar/UBL-Goster-Indir" time="42.851" classname="Test Cases/Case Repository/e-Fatura/Gelen Kutusu/Faturalar/UBL-Goster-Indir" status="PASSED">
         <system-out><![CDATA[2021-10-14 17:14:00 - [TEST_CASE][PASSED] - Test Cases/Case Repository/e-Fatura/Gelen Kutusu/Faturalar/UBL-Goster-Indir: Test Cases/Case Repository/e-Fatura/Gelen Kutusu/Faturalar/UBL-Goster-Indir

2021-10-14 17:14:00 - [TEST_STEP][PASSED] - Start listener action : sampleBeforeTestSuite: Invoke 'com.kms.katalon.core.annotation.BeforeTestCase' method: 'Listener.sampleBeforeTestSuite(...)' completed.

2021-10-14 17:14:00 - [MESSAGE][INFO] - Starting invoke 'com.kms.katalon.core.annotation.BeforeTestCase' method: 'Listener.sampleBeforeTestSuite(...)'

2021-10-14 17:14:00 - [TEST_STEP][PASSED] - openBrowser(baseUrl): Browser is opened with url: 'https://efatura-stage.elogo.com.tr/'

2021-10-14 17:14:00 - [MESSAGE][INFO] - Opening browser

2021-10-14 17:14:00 - [MESSAGE][INFO] - Starting 'Chrome' driver

2021-10-14 17:14:00 - [MESSAGE][INFO] - User set preference: ['prefs', '{download.default_directory=C:\otomasyondownfiles}']

2021-10-14 17:14:00 - [MESSAGE][INFO] - Action delay is set to 0 milliseconds

2021-10-14 17:14:01 - [MESSAGE][INFO] - Navigating browser to: 'https://efatura-stage.elogo.com.tr/'

2021-10-14 17:14:03 - [MESSAGE][PASSED] - Browser is opened with url: 'https://efatura-stage.elogo.com.tr/'

2021-10-14 17:14:03 - [TEST_STEP][PASSED] - maximizeWindow(): Invoke 'com.kms.katalon.core.annotation.BeforeTestCase' method: 'Listener.sampleBeforeTestSuite(...)' completed.

2021-10-14 17:14:03 - [MESSAGE][INFO] - Maximizing current window

2021-10-14 17:14:04 - [MESSAGE][PASSED] - Current window maximized

2021-10-14 17:14:04 - [MESSAGE][INFO] - Invoke 'com.kms.katalon.core.annotation.BeforeTestCase' method: 'Listener.sampleBeforeTestSuite(...)' completed.

2021-10-14 17:14:04 - [TEST_STEP][PASSED] - runFeatureFile("Include/features/e-Fatura/Gelen Kutusu/Faturalar/UBL-Goster-Indir.feature"): Feature file: 'Include/features/e-Fatura/Gelen Kutusu/Faturalar/UBL-Goster-Indir.feature' was passed

2021-10-14 17:14:04 - [MESSAGE][INFO] - Starting run keyword runFeatureFile: 'Include/features/e-Fatura/Gelen Kutusu/Faturalar/UBL-Goster-Indir.feature' and extract report to folder: 'C:\Users\DELL\Downloads\EES_Katalon-main\Reports\20211014_170112\Suite Repository\e-Fatura\20211014_170113/cucumber_report/1634220844673'...

2021-10-14 17:14:04 - [MESSAGE][INFO] - Glue: []

2021-10-14 17:14:05 - [MESSAGE][INFO] - Checking called Test Case

2021-10-14 17:14:05 - [MESSAGE][INFO] - Starting to call Test Case 'Test Cases/Sayfalar/Giris_Sayfasi/Login'

2021-10-14 17:14:05 - [TEST_CASE][PASSED] - Test Cases/Sayfalar/Giris_Sayfasi/Login: Test Cases/Sayfalar/Giris_Sayfasi/Login

2021-10-14 17:14:05 - [TEST_STEP][PASSED] - Sayfa_Basligi = getWindowTitle(): Current window's title is: 'LOGO e-Fatura'

2021-10-14 17:14:05 - [MESSAGE][INFO] - Getting current window's title

2021-10-14 17:14:05 - [MESSAGE][PASSED] - Current window's title is: 'LOGO e-Fatura'

2021-10-14 17:14:05 - [TEST_STEP][PASSED] - verifyMatch(Sayfa_Basligi, "LOGO e-Fatura", false): Actual text 'LOGO e-Fatura' and expected text 'LOGO e-Fatura' are matched 

2021-10-14 17:14:05 - [MESSAGE][INFO] - Matching actual text 'LOGO e-Fatura' with expected text 'LOGO e-Fatura'

2021-10-14 17:14:05 - [MESSAGE][PASSED] - Actual text 'LOGO e-Fatura' and expected text 'LOGO e-Fatura' are matched 

2021-10-14 17:14:05 - [TEST_STEP][PASSED] - sendKeys(findTestObject("Sayfalar/Giris_Sayfasi/Firma_Kodu"), KullaniciAdi): Keys 'ELOGO6' sent to object: 'Object Repository/Sayfalar/Giris_Sayfasi/Firma_Kodu'

2021-10-14 17:14:05 - [MESSAGE][INFO] - Finding Test Object 'Object Repository/Sayfalar/Giris_Sayfasi/Firma_Kodu'

2021-10-14 17:14:05 - [MESSAGE][INFO] - Sending keys 'ELOGO6' to object: 'Object Repository/Sayfalar/Giris_Sayfasi/Firma_Kodu'

2021-10-14 17:14:05 - [MESSAGE][INFO] - Finding web element from Test Object's properties

2021-10-14 17:14:05 - [MESSAGE][INFO] - Checking timeout

2021-10-14 17:14:05 - [MESSAGE][INFO] - Finding web element with id: 'Object Repository/Sayfalar/Giris_Sayfasi/Firma_Kodu' located by 'By.xpath: //*[@id = 'AccountName']' in '30' second(s)

2021-10-14 17:14:05 - [MESSAGE][INFO] - Smart Wait Function is triggered

2021-10-14 17:14:06 - [MESSAGE][INFO] - Found 1 web elements with id: 'Object Repository/Sayfalar/Giris_Sayfasi/Firma_Kodu' located by 'By.xpath: //*[@id = 'AccountName']' in '30' second(s)

2021-10-14 17:14:06 - [MESSAGE][PASSED] - Keys 'ELOGO6' sent to object: 'Object Repository/Sayfalar/Giris_Sayfasi/Firma_Kodu'

2021-10-14 17:14:06 - [TEST_STEP][PASSED] - sendKeys(findTestObject("Sayfalar/Giris_Sayfasi/Sifre"), Sifre): Keys '123456' sent to object: 'Object Repository/Sayfalar/Giris_Sayfasi/Sifre'

2021-10-14 17:14:06 - [MESSAGE][INFO] - Finding Test Object 'Object Repository/Sayfalar/Giris_Sayfasi/Sifre'

2021-10-14 17:14:06 - [MESSAGE][INFO] - Sending keys '123456' to object: 'Object Repository/Sayfalar/Giris_Sayfasi/Sifre'

2021-10-14 17:14:06 - [MESSAGE][INFO] - Finding web element from Test Object's properties

2021-10-14 17:14:06 - [MESSAGE][INFO] - Checking timeout

2021-10-14 17:14:06 - [MESSAGE][INFO] - Finding web element with id: 'Object Repository/Sayfalar/Giris_Sayfasi/Sifre' located by 'By.xpath: //*[@id = 'Password']' in '30' second(s)

2021-10-14 17:14:06 - [MESSAGE][INFO] - Smart Wait Function is triggered

2021-10-14 17:14:06 - [MESSAGE][INFO] - Found 1 web elements with id: 'Object Repository/Sayfalar/Giris_Sayfasi/Sifre' located by 'By.xpath: //*[@id = 'Password']' in '30' second(s)

2021-10-14 17:14:06 - [MESSAGE][PASSED] - Keys '123456' sent to object: 'Object Repository/Sayfalar/Giris_Sayfasi/Sifre'

2021-10-14 17:14:06 - [TEST_STEP][PASSED] - findWebElement(findTestObject("Sayfalar/Giris_Sayfasi/Giris_Butonu")).click(): Found 1 web elements with id: 'Object Repository/Sayfalar/Giris_Sayfasi/Giris_Butonu' located by 'By.cssSelector: #btnLogin' in '30' second(s)

2021-10-14 17:14:06 - [MESSAGE][INFO] - Finding Test Object 'Object Repository/Sayfalar/Giris_Sayfasi/Giris_Butonu'

2021-10-14 17:14:07 - [MESSAGE][INFO] - Finding web element from Test Object's properties

2021-10-14 17:14:07 - [MESSAGE][INFO] - Checking timeout

2021-10-14 17:14:07 - [MESSAGE][INFO] - Finding web element with id: 'Object Repository/Sayfalar/Giris_Sayfasi/Giris_Butonu' located by 'By.cssSelector: #btnLogin' in '30' second(s)

2021-10-14 17:14:07 - [MESSAGE][INFO] - Smart Wait Function is triggered

2021-10-14 17:14:07 - [MESSAGE][INFO] - Found 1 web elements with id: 'Object Repository/Sayfalar/Giris_Sayfasi/Giris_Butonu' located by 'By.cssSelector: #btnLogin' in '30' second(s)

2021-10-14 17:14:09 - [TEST_STEP][PASSED] - if (verifyElementPresent(findTestObject("Object Repository/Sayfalar/Giris_Sayfasi/RetveTamam_Butonu"), 5, OPTIONAL)): null

2021-10-14 17:14:09 - [MESSAGE][INFO] - Finding Test Object 'Object Repository/Sayfalar/Giris_Sayfasi/RetveTamam_Butonu'

2021-10-14 17:14:09 - [MESSAGE][INFO] - Checking object

2021-10-14 17:14:09 - [MESSAGE][INFO] - Finding web element from Test Object's properties

2021-10-14 17:14:09 - [MESSAGE][INFO] - Checking timeout

2021-10-14 17:14:09 - [MESSAGE][INFO] - Finding web element with id: 'Object Repository/Sayfalar/Giris_Sayfasi/RetveTamam_Butonu' located by 'By.xpath: //*[@class = 'btn btn-default']' in '5' second(s)

2021-10-14 17:14:09 - [MESSAGE][INFO] - Smart Wait Function is triggered

2021-10-14 17:14:10 - [MESSAGE][INFO] - Found 1 web elements with id: 'Object Repository/Sayfalar/Giris_Sayfasi/RetveTamam_Butonu' located by 'By.xpath: //*[@class = 'btn btn-default']' in '5' second(s)

2021-10-14 17:14:10 - [MESSAGE][PASSED] - Object 'Object Repository/Sayfalar/Giris_Sayfasi/RetveTamam_Butonu' is present

2021-10-14 17:14:10 - [TEST_STEP][PASSED] - click(findTestObject("Object Repository/Sayfalar/Giris_Sayfasi/RetveTamam_Butonu")): Object: 'Object Repository/Sayfalar/Giris_Sayfasi/RetveTamam_Butonu' is clicked on

2021-10-14 17:14:10 - [MESSAGE][INFO] - Finding Test Object 'Object Repository/Sayfalar/Giris_Sayfasi/RetveTamam_Butonu'

2021-10-14 17:14:10 - [MESSAGE][INFO] - Checking object

2021-10-14 17:14:10 - [MESSAGE][INFO] - Finding web element from Test Object's properties

2021-10-14 17:14:10 - [MESSAGE][INFO] - Checking timeout

2021-10-14 17:14:10 - [MESSAGE][INFO] - Finding web element with id: 'Object Repository/Sayfalar/Giris_Sayfasi/RetveTamam_Butonu' located by 'By.xpath: //*[@class = 'btn btn-default']' in '30' second(s)

2021-10-14 17:14:10 - [MESSAGE][INFO] - Smart Wait Function is triggered

2021-10-14 17:14:10 - [MESSAGE][INFO] - Found 1 web elements with id: 'Object Repository/Sayfalar/Giris_Sayfasi/RetveTamam_Butonu' located by 'By.xpath: //*[@class = 'btn btn-default']' in '30' second(s)

2021-10-14 17:14:10 - [MESSAGE][INFO] - Clicking on object: 'Object Repository/Sayfalar/Giris_Sayfasi/RetveTamam_Butonu'

2021-10-14 17:14:10 - [MESSAGE][PASSED] - Object: 'Object Repository/Sayfalar/Giris_Sayfasi/RetveTamam_Butonu' is clicked on

2021-10-14 17:14:10 - [TEST_STEP][PASSED] - click(findTestObject("Object Repository/Sayfalar/Giris_Sayfasi/RetveTamam_Butonu")): Object: 'Object Repository/Sayfalar/Giris_Sayfasi/RetveTamam_Butonu' is clicked on

2021-10-14 17:14:10 - [MESSAGE][INFO] - Finding Test Object 'Object Repository/Sayfalar/Giris_Sayfasi/RetveTamam_Butonu'

2021-10-14 17:14:10 - [MESSAGE][INFO] - Checking object

2021-10-14 17:14:10 - [MESSAGE][INFO] - Finding web element from Test Object's properties

2021-10-14 17:14:10 - [MESSAGE][INFO] - Checking timeout

2021-10-14 17:14:10 - [MESSAGE][INFO] - Finding web element with id: 'Object Repository/Sayfalar/Giris_Sayfasi/RetveTamam_Butonu' located by 'By.xpath: //*[@class = 'btn btn-default']' in '30' second(s)

2021-10-14 17:14:10 - [MESSAGE][INFO] - Smart Wait Function is triggered

2021-10-14 17:14:18 - [MESSAGE][INFO] - Found 1 web elements with id: 'Object Repository/Sayfalar/Giris_Sayfasi/RetveTamam_Butonu' located by 'By.xpath: //*[@class = 'btn btn-default']' in '30' second(s)

2021-10-14 17:14:18 - [MESSAGE][INFO] - Clicking on object: 'Object Repository/Sayfalar/Giris_Sayfasi/RetveTamam_Butonu'

2021-10-14 17:14:18 - [MESSAGE][PASSED] - Object: 'Object Repository/Sayfalar/Giris_Sayfasi/RetveTamam_Butonu' is clicked on

2021-10-14 17:14:18 - [TEST_STEP][PASSED] - if (verifyElementPresent(findTestObject("Sayfalar/Giris_Sayfasi/PopupOK"), 5, OPTIONAL)): null

2021-10-14 17:14:18 - [MESSAGE][INFO] - Finding Test Object 'Object Repository/Sayfalar/Giris_Sayfasi/PopupOK'

2021-10-14 17:14:18 - [MESSAGE][INFO] - Checking object

2021-10-14 17:14:18 - [MESSAGE][INFO] - Finding web element from Test Object's properties

2021-10-14 17:14:18 - [MESSAGE][INFO] - Checking timeout

2021-10-14 17:14:18 - [MESSAGE][INFO] - Finding web element with id: 'Object Repository/Sayfalar/Giris_Sayfasi/PopupOK' located by 'By.cssSelector: .btn.btn-success' in '5' second(s)

2021-10-14 17:14:18 - [MESSAGE][INFO] - Smart Wait Function is triggered

2021-10-14 17:14:19 - [MESSAGE][INFO] - Found 1 web elements with id: 'Object Repository/Sayfalar/Giris_Sayfasi/PopupOK' located by 'By.cssSelector: .btn.btn-success' in '5' second(s)

2021-10-14 17:14:19 - [MESSAGE][PASSED] - Object 'Object Repository/Sayfalar/Giris_Sayfasi/PopupOK' is present

2021-10-14 17:14:19 - [TEST_STEP][PASSED] - click(findTestObject("Object Repository/Sayfalar/Giris_Sayfasi/PopupCarpiGiris")): Object: 'Object Repository/Sayfalar/Giris_Sayfasi/PopupCarpiGiris' is clicked on

2021-10-14 17:14:19 - [MESSAGE][INFO] - Finding Test Object 'Object Repository/Sayfalar/Giris_Sayfasi/PopupCarpiGiris'

2021-10-14 17:14:19 - [MESSAGE][INFO] - Checking object

2021-10-14 17:14:19 - [MESSAGE][INFO] - Finding web element from Test Object's properties

2021-10-14 17:14:19 - [MESSAGE][INFO] - Checking timeout

2021-10-14 17:14:19 - [MESSAGE][INFO] - Finding web element with id: 'Object Repository/Sayfalar/Giris_Sayfasi/PopupCarpiGiris' located by 'By.cssSelector: .bootbox-close-button.close' in '30' second(s)

2021-10-14 17:14:19 - [MESSAGE][INFO] - Smart Wait Function is triggered

2021-10-14 17:14:20 - [MESSAGE][INFO] - Found 1 web elements with id: 'Object Repository/Sayfalar/Giris_Sayfasi/PopupCarpiGiris' located by 'By.cssSelector: .bootbox-close-button.close' in '30' second(s)

2021-10-14 17:14:20 - [MESSAGE][INFO] - Clicking on object: 'Object Repository/Sayfalar/Giris_Sayfasi/PopupCarpiGiris'

2021-10-14 17:14:20 - [MESSAGE][PASSED] - Object: 'Object Repository/Sayfalar/Giris_Sayfasi/PopupCarpiGiris' is clicked on

2021-10-14 17:14:20 - [TEST_STEP][PASSED] - verifyElementVisible(findTestObject("Object Repository/Kullanici_Islemleri/KullaniciIslemleri")): Object 'Object Repository/Kullanici_Islemleri/KullaniciIslemleri' is visible

2021-10-14 17:14:20 - [MESSAGE][INFO] - Finding Test Object 'Object Repository/Kullanici_Islemleri/KullaniciIslemleri'

2021-10-14 17:14:20 - [MESSAGE][INFO] - Checking object

2021-10-14 17:14:20 - [MESSAGE][INFO] - Finding web element from Test Object's properties

2021-10-14 17:14:20 - [MESSAGE][INFO] - Checking timeout

2021-10-14 17:14:20 - [MESSAGE][INFO] - Finding web element with id: 'Object Repository/Kullanici_Islemleri/KullaniciIslemleri' located by 'By.cssSelector: .dropdown>a>img' in '30' second(s)

2021-10-14 17:14:20 - [MESSAGE][INFO] - Smart Wait Function is triggered

2021-10-14 17:14:20 - [MESSAGE][INFO] - Found 1 web elements with id: 'Object Repository/Kullanici_Islemleri/KullaniciIslemleri' located by 'By.cssSelector: .dropdown>a>img' in '30' second(s)

2021-10-14 17:14:20 - [MESSAGE][PASSED] - Object 'Object Repository/Kullanici_Islemleri/KullaniciIslemleri' is visible

2021-10-14 17:14:20 - [MESSAGE][PASSED] - Call Test Case 'Test Cases/Sayfalar/Giris_Sayfasi/Login' successfully

2021-10-14 17:14:20 - [MESSAGE][INFO] - Checking called Test Case

2021-10-14 17:14:20 - [MESSAGE][INFO] - Starting to call Test Case 'Test Cases/Menu/AnaMenuSecimi'

2021-10-14 17:14:21 - [TEST_CASE][PASSED] - Test Cases/Menu/AnaMenuSecimi: Test Cases/Menu/AnaMenuSecimi

2021-10-14 17:14:21 - [TEST_STEP][PASSED] - Method.TextDegerineEsitElementeTikla(findTestObject("Menu/Ana_Menu"), Ana_Menu): Method.TextDegerineEsitElementeTikla is PASSED

2021-10-14 17:14:21 - [MESSAGE][INFO] - Finding Test Object 'Object Repository/Menu/Ana_Menu'

2021-10-14 17:14:21 - [MESSAGE][INFO] - Checking timeout

2021-10-14 17:14:21 - [MESSAGE][INFO] - Finding web element with id: 'Object Repository/Menu/Ana_Menu' located by 'By.xpath: //*[@class = 'dropdown-toggle']' in '10' second(s)

2021-10-14 17:14:21 - [MESSAGE][INFO] - Smart Wait Function is triggered

2021-10-14 17:14:21 - [MESSAGE][INFO] - Found 14 web elements with id: 'Object Repository/Menu/Ana_Menu' located by 'By.xpath: //*[@class = 'dropdown-toggle']' in '10' second(s)

2021-10-14 17:14:21 - [MESSAGE][PASSED] - Method.TextDegerineEsitElementeTikla is PASSED

2021-10-14 17:14:21 - [MESSAGE][PASSED] - Call Test Case 'Test Cases/Menu/AnaMenuSecimi' successfully

2021-10-14 17:14:21 - [MESSAGE][INFO] - Checking called Test Case

2021-10-14 17:14:21 - [MESSAGE][INFO] - Starting to call Test Case 'Test Cases/Menu/BasligaGoreAltMenuSecimi'

2021-10-14 17:14:21 - [TEST_CASE][PASSED] - Test Cases/Menu/BasligaGoreAltMenuSecimi: Test Cases/Menu/BasligaGoreAltMenuSecimi

2021-10-14 17:14:21 - [TEST_STEP][PASSED] - Method.TextDegerineEsitElementinAltindakiTextDegerineEsitOlanaTikla(findTestObject("Menu/Menu_Basligi"), findTestObject("Menu/Basliga_Gore_Alt_Menu"), Baslik, Alt_Menu): Method.TextDegerineEsitElementinAltindakiTextDegerineEsitOlanaTikla is PASSED

2021-10-14 17:14:21 - [MESSAGE][INFO] - Finding Test Object 'Object Repository/Menu/Menu_Basligi'

2021-10-14 17:14:21 - [MESSAGE][INFO] - Finding Test Object 'Object Repository/Menu/Basliga_Gore_Alt_Menu'

2021-10-14 17:14:21 - [MESSAGE][INFO] - Checking timeout

2021-10-14 17:14:21 - [MESSAGE][INFO] - Finding web element with id: 'Object Repository/Menu/Menu_Basligi' located by 'By.xpath: //li[@class='dropdown dropdown-large open']//li[@class='dropdown-header']' in '10' second(s)

2021-10-14 17:14:21 - [MESSAGE][INFO] - Smart Wait Function is triggered

2021-10-14 17:14:21 - [MESSAGE][INFO] - Found 3 web elements with id: 'Object Repository/Menu/Menu_Basligi' located by 'By.xpath: //li[@class='dropdown dropdown-large open']//li[@class='dropdown-header']' in '10' second(s)

2021-10-14 17:14:22 - [MESSAGE][INFO] - Smart Wait Function is triggered

2021-10-14 17:14:24 - [MESSAGE][PASSED] - Method.TextDegerineEsitElementinAltindakiTextDegerineEsitOlanaTikla is PASSED

2021-10-14 17:14:24 - [MESSAGE][PASSED] - Call Test Case 'Test Cases/Menu/BasligaGoreAltMenuSecimi' successfully

2021-10-14 17:14:24 - [MESSAGE][INFO] - Checking called Test Case

2021-10-14 17:14:24 - [MESSAGE][INFO] - Starting to call Test Case 'Test Cases/Filtreler/BaslangicYaz'

2021-10-14 17:14:24 - [TEST_CASE][PASSED] - Test Cases/Filtreler/BaslangicYaz: Test Cases/Filtreler/BaslangicYaz

2021-10-14 17:14:24 - [TEST_STEP][PASSED] - Method.TextDegerineEsitElementinAltindakineTikla(findTestObject("Filtreler/Basliklar"), findTestObject("Filtreler/Basliga_Gore_Baslangic_Image"), Filtre_Adi): Method.TextDegerineEsitElementinAltindakineTikla is PASSED

2021-10-14 17:14:24 - [MESSAGE][INFO] - Finding Test Object 'Object Repository/Filtreler/Basliklar'

2021-10-14 17:14:24 - [MESSAGE][INFO] - Finding Test Object 'Object Repository/Filtreler/Basliga_Gore_Baslangic_Image'

2021-10-14 17:14:24 - [MESSAGE][INFO] - Checking timeout

2021-10-14 17:14:24 - [MESSAGE][INFO] - Finding web element with id: 'Object Repository/Filtreler/Basliklar' located by 'By.cssSelector: .control-label.col-sm-4.paddingMarginRLC' in '10' second(s)

2021-10-14 17:14:24 - [MESSAGE][INFO] - Smart Wait Function is triggered

2021-10-14 17:14:24 - [MESSAGE][INFO] - Found 19 web elements with id: 'Object Repository/Filtreler/Basliklar' located by 'By.cssSelector: .control-label.col-sm-4.paddingMarginRLC' in '10' second(s)

2021-10-14 17:14:24 - [MESSAGE][INFO] - Smart Wait Function is triggered

2021-10-14 17:14:25 - [MESSAGE][PASSED] - Method.TextDegerineEsitElementinAltindakineTikla is PASSED

2021-10-14 17:14:25 - [TEST_STEP][PASSED] - Method.TextDegerineEsitElementinAltindakiTextboxtaYaz(findTestObject("Filtreler/Basliklar"), findTestObject("Filtreler/Basliga_Gore_Baslangic"), Filtre_Adi, Filtre_Degeri): Method.TextDegerineEsitElementinAltindakiTextboxtaYaz is PASSED

2021-10-14 17:14:25 - [MESSAGE][INFO] - Finding Test Object 'Object Repository/Filtreler/Basliklar'

2021-10-14 17:14:25 - [MESSAGE][INFO] - Finding Test Object 'Object Repository/Filtreler/Basliga_Gore_Baslangic'

2021-10-14 17:14:25 - [MESSAGE][INFO] - Checking timeout

2021-10-14 17:14:25 - [MESSAGE][INFO] - Finding web element with id: 'Object Repository/Filtreler/Basliklar' located by 'By.cssSelector: .control-label.col-sm-4.paddingMarginRLC' in '10' second(s)

2021-10-14 17:14:25 - [MESSAGE][INFO] - Smart Wait Function is triggered

2021-10-14 17:14:25 - [MESSAGE][INFO] - Found 19 web elements with id: 'Object Repository/Filtreler/Basliklar' located by 'By.cssSelector: .control-label.col-sm-4.paddingMarginRLC' in '10' second(s)

2021-10-14 17:14:25 - [MESSAGE][INFO] - Smart Wait Function is triggered

2021-10-14 17:14:25 - [MESSAGE][PASSED] - Method.TextDegerineEsitElementinAltindakiTextboxtaYaz is PASSED

2021-10-14 17:14:25 - [MESSAGE][PASSED] - Call Test Case 'Test Cases/Filtreler/BaslangicYaz' successfully

2021-10-14 17:14:25 - [MESSAGE][INFO] - Checking called Test Case

2021-10-14 17:14:25 - [MESSAGE][INFO] - Starting to call Test Case 'Test Cases/Filtreler/BitisYaz'

2021-10-14 17:14:26 - [TEST_CASE][PASSED] - Test Cases/Filtreler/BitisYaz: Test Cases/Filtreler/BitisYaz

2021-10-14 17:14:26 - [TEST_STEP][PASSED] - Method.TextDegerineEsitElementinAltindakineTikla(findTestObject("Filtreler/Basliklar"), findTestObject("Filtreler/Basliga_Gore_Bitis_Image"), Filtre_Adi): Method.TextDegerineEsitElementinAltindakineTikla is PASSED

2021-10-14 17:14:26 - [MESSAGE][INFO] - Finding Test Object 'Object Repository/Filtreler/Basliklar'

2021-10-14 17:14:26 - [MESSAGE][INFO] - Finding Test Object 'Object Repository/Filtreler/Basliga_Gore_Bitis_Image'

2021-10-14 17:14:26 - [MESSAGE][INFO] - Checking timeout

2021-10-14 17:14:26 - [MESSAGE][INFO] - Finding web element with id: 'Object Repository/Filtreler/Basliklar' located by 'By.cssSelector: .control-label.col-sm-4.paddingMarginRLC' in '10' second(s)

2021-10-14 17:14:26 - [MESSAGE][INFO] - Smart Wait Function is triggered

2021-10-14 17:14:26 - [MESSAGE][INFO] - Found 19 web elements with id: 'Object Repository/Filtreler/Basliklar' located by 'By.cssSelector: .control-label.col-sm-4.paddingMarginRLC' in '10' second(s)

2021-10-14 17:14:26 - [MESSAGE][INFO] - Smart Wait Function is triggered

2021-10-14 17:14:26 - [MESSAGE][PASSED] - Method.TextDegerineEsitElementinAltindakineTikla is PASSED

2021-10-14 17:14:26 - [TEST_STEP][PASSED] - Method.TextDegerineEsitElementinAltindakiTextboxtaYaz(findTestObject("Filtreler/Basliklar"), findTestObject("Object Repository/Filtreler/Basliga_Gore_Bitis"), Filtre_Adi, Filtre_Degeri): Method.TextDegerineEsitElementinAltindakiTextboxtaYaz is PASSED

2021-10-14 17:14:26 - [MESSAGE][INFO] - Finding Test Object 'Object Repository/Filtreler/Basliklar'

2021-10-14 17:14:26 - [MESSAGE][INFO] - Finding Test Object 'Object Repository/Filtreler/Basliga_Gore_Bitis'

2021-10-14 17:14:27 - [MESSAGE][INFO] - Checking timeout

2021-10-14 17:14:27 - [MESSAGE][INFO] - Finding web element with id: 'Object Repository/Filtreler/Basliklar' located by 'By.cssSelector: .control-label.col-sm-4.paddingMarginRLC' in '10' second(s)

2021-10-14 17:14:27 - [MESSAGE][INFO] - Smart Wait Function is triggered

2021-10-14 17:14:27 - [MESSAGE][INFO] - Found 19 web elements with id: 'Object Repository/Filtreler/Basliklar' located by 'By.cssSelector: .control-label.col-sm-4.paddingMarginRLC' in '10' second(s)

2021-10-14 17:14:27 - [MESSAGE][INFO] - Smart Wait Function is triggered

2021-10-14 17:14:27 - [MESSAGE][PASSED] - Method.TextDegerineEsitElementinAltindakiTextboxtaYaz is PASSED

2021-10-14 17:14:27 - [MESSAGE][PASSED] - Call Test Case 'Test Cases/Filtreler/BitisYaz' successfully

2021-10-14 17:14:27 - [MESSAGE][INFO] - Checking called Test Case

2021-10-14 17:14:27 - [MESSAGE][INFO] - Starting to call Test Case 'Test Cases/Filtreler/ButonaTikla'

2021-10-14 17:14:28 - [TEST_CASE][PASSED] - Test Cases/Filtreler/ButonaTikla: Test Cases/Filtreler/ButonaTikla

2021-10-14 17:14:28 - [TEST_STEP][PASSED] - Method.TextDegerineEsitElementeTikla(findTestObject("Filtreler/Butonlar"), Filtre_Buton): Method.TextDegerineEsitElementeTikla is PASSED

2021-10-14 17:14:28 - [MESSAGE][INFO] - Finding Test Object 'Object Repository/Filtreler/Butonlar'

2021-10-14 17:14:28 - [MESSAGE][INFO] - Checking timeout

2021-10-14 17:14:28 - [MESSAGE][INFO] - Finding web element with id: 'Object Repository/Filtreler/Butonlar' located by 'By.cssSelector: .dxb>span' in '10' second(s)

2021-10-14 17:14:28 - [MESSAGE][INFO] - Smart Wait Function is triggered

2021-10-14 17:14:28 - [MESSAGE][INFO] - Found 3 web elements with id: 'Object Repository/Filtreler/Butonlar' located by 'By.cssSelector: .dxb>span' in '10' second(s)

2021-10-14 17:14:28 - [MESSAGE][PASSED] - Method.TextDegerineEsitElementeTikla is PASSED

2021-10-14 17:14:28 - [MESSAGE][PASSED] - Call Test Case 'Test Cases/Filtreler/ButonaTikla' successfully

2021-10-14 17:14:28 - [MESSAGE][INFO] - Checking called Test Case

2021-10-14 17:14:28 - [MESSAGE][INFO] - Starting to call Test Case 'Test Cases/Tablo/TablodaVeriVarMi'

2021-10-14 17:14:28 - [TEST_CASE][PASSED] - Test Cases/Tablo/TablodaVeriVarMi: Test Cases/Tablo/TablodaVeriVarMi

2021-10-14 17:14:28 - [TEST_STEP][PASSED] - verifyTextNotPresent("Görüntülenecek veri yok", true): Text 'Görüntülenecek veri yok' is not present on page using regular expression

2021-10-14 17:14:28 - [MESSAGE][INFO] - Checking text present  using regular expression

2021-10-14 17:14:28 - [MESSAGE][INFO] - Smart Wait Function is triggered

2021-10-14 17:14:29 - [MESSAGE][INFO] - Finding text 'Görüntülenecek veri yok' on page  using regular expression

2021-10-14 17:14:29 - [MESSAGE][PASSED] - Text 'Görüntülenecek veri yok' is not present on page using regular expression

2021-10-14 17:14:29 - [MESSAGE][PASSED] - Call Test Case 'Test Cases/Tablo/TablodaVeriVarMi' successfully

2021-10-14 17:14:29 - [MESSAGE][INFO] - Checking called Test Case

2021-10-14 17:14:29 - [MESSAGE][INFO] - Starting to call Test Case 'Test Cases/Tablo/TablodanVeriSec'

2021-10-14 17:14:29 - [TEST_CASE][PASSED] - Test Cases/Tablo/TablodanVeriSec: Test Cases/Tablo/TablodanVeriSec

2021-10-14 17:14:29 - [TEST_STEP][PASSED] - Method.TextDegerineEsitElementinAltindakineTikla(findTestObject("Tablo/Veriler"), findTestObject("Tablo/VerininCheckBoxi"), Veri_Adi): Method.TextDegerineEsitElementinAltindakineTikla is PASSED

2021-10-14 17:14:29 - [MESSAGE][INFO] - Finding Test Object 'Object Repository/Tablo/Veriler'

2021-10-14 17:14:29 - [MESSAGE][INFO] - Finding Test Object 'Object Repository/Tablo/VerininCheckBoxi'

2021-10-14 17:14:30 - [MESSAGE][INFO] - Checking timeout

2021-10-14 17:14:30 - [MESSAGE][INFO] - Finding web element with id: 'Object Repository/Tablo/Veriler' located by 'By.cssSelector: td.dxgv b ,td.dxgv' in '10' second(s)

2021-10-14 17:14:30 - [MESSAGE][INFO] - Smart Wait Function is triggered

2021-10-14 17:14:30 - [MESSAGE][INFO] - Found 140 web elements with id: 'Object Repository/Tablo/Veriler' located by 'By.cssSelector: td.dxgv b ,td.dxgv' in '10' second(s)

2021-10-14 17:14:30 - [MESSAGE][INFO] - Smart Wait Function is triggered

2021-10-14 17:14:30 - [MESSAGE][PASSED] - Method.TextDegerineEsitElementinAltindakineTikla is PASSED

2021-10-14 17:14:30 - [MESSAGE][PASSED] - Call Test Case 'Test Cases/Tablo/TablodanVeriSec' successfully

2021-10-14 17:14:30 - [MESSAGE][INFO] - Checking called Test Case

2021-10-14 17:14:30 - [MESSAGE][INFO] - Starting to call Test Case 'Test Cases/Butonlar/ButonaTikla'

2021-10-14 17:14:31 - [TEST_CASE][PASSED] - Test Cases/Butonlar/ButonaTikla: Test Cases/Butonlar/ButonaTikla

2021-10-14 17:14:31 - [TEST_STEP][PASSED] - Method.TextDegerineEsitElementeTiklaEquals(findTestObject("Butonlar/Butonlar"), Buton_Adi): Method.TextDegerineEsitElementeTiklaEquals is PASSED

2021-10-14 17:14:31 - [MESSAGE][INFO] - Finding Test Object 'Object Repository/Butonlar/Butonlar'

2021-10-14 17:14:31 - [MESSAGE][INFO] - Checking timeout

2021-10-14 17:14:31 - [MESSAGE][INFO] - Finding web element with id: 'Object Repository/Butonlar/Butonlar' located by 'By.cssSelector: .panel.panel-default.text-center.footerPanel .btn,.btn.btn-primary.btnControls' in '10' second(s)

2021-10-14 17:14:31 - [MESSAGE][INFO] - Smart Wait Function is triggered

2021-10-14 17:14:31 - [MESSAGE][INFO] - Found 15 web elements with id: 'Object Repository/Butonlar/Butonlar' located by 'By.cssSelector: .panel.panel-default.text-center.footerPanel .btn,.btn.btn-primary.btnControls' in '10' second(s)

2021-10-14 17:14:31 - [MESSAGE][PASSED] - Method.TextDegerineEsitElementeTiklaEquals is PASSED

2021-10-14 17:14:31 - [MESSAGE][PASSED] - Call Test Case 'Test Cases/Butonlar/ButonaTikla' successfully

2021-10-14 17:14:31 - [MESSAGE][INFO] - Checking called Test Case

2021-10-14 17:14:31 - [MESSAGE][INFO] - Starting to call Test Case 'Test Cases/Butonlar/AltButonaTikla'

2021-10-14 17:14:31 - [TEST_CASE][PASSED] - Test Cases/Butonlar/AltButonaTikla: Test Cases/Butonlar/AltButonaTikla

2021-10-14 17:14:31 - [TEST_STEP][PASSED] - Method.TextDegerineEsitElementeTikla(findTestObject("Butonlar/AltButonlar"), Alt_Buton): Method.TextDegerineEsitElementeTikla is PASSED

2021-10-14 17:14:31 - [MESSAGE][INFO] - Finding Test Object 'Object Repository/Butonlar/AltButonlar'

2021-10-14 17:14:31 - [MESSAGE][INFO] - Checking timeout

2021-10-14 17:14:31 - [MESSAGE][INFO] - Finding web element with id: 'Object Repository/Butonlar/AltButonlar' located by 'By.cssSelector: .btn-group.open li>a' in '10' second(s)

2021-10-14 17:14:31 - [MESSAGE][INFO] - Smart Wait Function is triggered

2021-10-14 17:14:32 - [MESSAGE][INFO] - Found 2 web elements with id: 'Object Repository/Butonlar/AltButonlar' located by 'By.cssSelector: .btn-group.open li>a' in '10' second(s)

2021-10-14 17:14:32 - [MESSAGE][PASSED] - Method.TextDegerineEsitElementeTikla is PASSED

2021-10-14 17:14:32 - [MESSAGE][PASSED] - Call Test Case 'Test Cases/Butonlar/AltButonaTikla' successfully

2021-10-14 17:14:32 - [MESSAGE][INFO] - Checking called Test Case

2021-10-14 17:14:32 - [MESSAGE][INFO] - Starting to call Test Case 'Test Cases/Sekmeler/YeniSekmeyeGec'

2021-10-14 17:14:32 - [TEST_CASE][PASSED] - Test Cases/Sekmeler/YeniSekmeyeGec: Test Cases/Sekmeler/YeniSekmeyeGec

2021-10-14 17:14:32 - [TEST_STEP][PASSED] - switchToWindowIndex(1): Switched to window with index: '1'

2021-10-14 17:14:32 - [MESSAGE][INFO] - Checking index

2021-10-14 17:14:32 - [MESSAGE][INFO] - Switching window with index: '1'

2021-10-14 17:14:32 - [MESSAGE][PASSED] - Switched to window with index: '1'

2021-10-14 17:14:32 - [MESSAGE][PASSED] - Call Test Case 'Test Cases/Sekmeler/YeniSekmeyeGec' successfully

2021-10-14 17:14:32 - [MESSAGE][INFO] - Checking called Test Case

2021-10-14 17:14:32 - [MESSAGE][INFO] - Starting to call Test Case 'Test Cases/Sekmeler/TagGeldiMi'

2021-10-14 17:14:32 - [TEST_CASE][PASSED] - Test Cases/Sekmeler/TagGeldiMi: Test Cases/Sekmeler/TagGeldiMi

2021-10-14 17:14:32 - [TEST_STEP][PASSED] - waitForElementPresent(findTestObject("Object Repository/Sekmeler/UBLTag"), 10): Object 'Object Repository/Sekmeler/UBLTag' is present

2021-10-14 17:14:32 - [MESSAGE][INFO] - Finding Test Object 'Object Repository/Sekmeler/UBLTag'

2021-10-14 17:14:32 - [MESSAGE][INFO] - Checking object

2021-10-14 17:14:32 - [MESSAGE][INFO] - Finding web element from Test Object's properties

2021-10-14 17:14:32 - [MESSAGE][INFO] - Checking timeout

2021-10-14 17:14:32 - [MESSAGE][INFO] - Finding web element with id: 'Object Repository/Sekmeler/UBLTag' located by 'By.cssSelector: #webkit-xml-viewer-source-xml>:first-child' in '10' second(s)

2021-10-14 17:14:32 - [MESSAGE][INFO] - Smart Wait Function is triggered

2021-10-14 17:14:33 - [MESSAGE][INFO] - Found 1 web elements with id: 'Object Repository/Sekmeler/UBLTag' located by 'By.cssSelector: #webkit-xml-viewer-source-xml>:first-child' in '10' second(s)

2021-10-14 17:14:33 - [MESSAGE][PASSED] - Object 'Object Repository/Sekmeler/UBLTag' is present

2021-10-14 17:14:33 - [TEST_STEP][PASSED] - println(toLowerCase().toString()): Found 1 web elements with id: 'Object Repository/Sekmeler/UBLTag' located by 'By.cssSelector: #webkit-xml-viewer-source-xml>:first-child' in '10' second(s)

2021-10-14 17:14:33 - [MESSAGE][INFO] - Finding Test Object 'Object Repository/Sekmeler/UBLTag'

2021-10-14 17:14:33 - [MESSAGE][INFO] - Finding web element from Test Object's properties

2021-10-14 17:14:33 - [MESSAGE][INFO] - Checking timeout

2021-10-14 17:14:33 - [MESSAGE][INFO] - Finding web element with id: 'Object Repository/Sekmeler/UBLTag' located by 'By.cssSelector: #webkit-xml-viewer-source-xml>:first-child' in '10' second(s)

2021-10-14 17:14:33 - [MESSAGE][INFO] - Smart Wait Function is triggered

2021-10-14 17:14:33 - [MESSAGE][INFO] - Found 1 web elements with id: 'Object Repository/Sekmeler/UBLTag' located by 'By.cssSelector: #webkit-xml-viewer-source-xml>:first-child' in '10' second(s)

2021-10-14 17:14:33 - [TEST_STEP][PASSED] - if (!(toString().contains(toString().toLowerCase()))): Found 1 web elements with id: 'Object Repository/Sekmeler/UBLTag' located by 'By.cssSelector: #webkit-xml-viewer-source-xml>:first-child' in '10' second(s)

2021-10-14 17:14:33 - [MESSAGE][INFO] - Finding Test Object 'Object Repository/Sekmeler/UBLTag'

2021-10-14 17:14:33 - [MESSAGE][INFO] - Finding web element from Test Object's properties

2021-10-14 17:14:33 - [MESSAGE][INFO] - Checking timeout

2021-10-14 17:14:33 - [MESSAGE][INFO] - Finding web element with id: 'Object Repository/Sekmeler/UBLTag' located by 'By.cssSelector: #webkit-xml-viewer-source-xml>:first-child' in '10' second(s)

2021-10-14 17:14:33 - [MESSAGE][INFO] - Smart Wait Function is triggered

2021-10-14 17:14:33 - [MESSAGE][INFO] - Found 1 web elements with id: 'Object Repository/Sekmeler/UBLTag' located by 'By.cssSelector: #webkit-xml-viewer-source-xml>:first-child' in '10' second(s)

2021-10-14 17:14:33 - [MESSAGE][PASSED] - Call Test Case 'Test Cases/Sekmeler/TagGeldiMi' successfully

2021-10-14 17:14:33 - [MESSAGE][INFO] - Checking called Test Case

2021-10-14 17:14:33 - [MESSAGE][INFO] - Starting to call Test Case 'Test Cases/Sekmeler/Ana_Sekmeye_Gec'

2021-10-14 17:14:33 - [TEST_CASE][PASSED] - Test Cases/Sekmeler/Ana_Sekmeye_Gec: Test Cases/Sekmeler/Ana_Sekmeye_Gec

2021-10-14 17:14:33 - [TEST_STEP][PASSED] - try: Window with index 1 is closed

2021-10-14 17:14:33 - [TEST_STEP][PASSED] - index = getWindowIndex(): Current window's index is: 1

2021-10-14 17:14:33 - [MESSAGE][INFO] - Getting current window's index

2021-10-14 17:14:33 - [MESSAGE][PASSED] - Current window's index is: 1

2021-10-14 17:14:33 - [TEST_STEP][PASSED] - closeWindowIndex(index): Window with index 1 is closed

2021-10-14 17:14:33 - [MESSAGE][INFO] - Checking index

2021-10-14 17:14:33 - [MESSAGE][INFO] - Closing window with index 1

2021-10-14 17:14:33 - [MESSAGE][PASSED] - Window with index 1 is closed

2021-10-14 17:14:33 - [TEST_STEP][PASSED] - switchToWindowIndex(0): Switched to window with index: '0'

2021-10-14 17:14:33 - [MESSAGE][INFO] - Checking index

2021-10-14 17:14:33 - [MESSAGE][INFO] - Switching window with index: '0'

2021-10-14 17:14:33 - [MESSAGE][PASSED] - Switched to window with index: '0'

2021-10-14 17:14:33 - [MESSAGE][PASSED] - Call Test Case 'Test Cases/Sekmeler/Ana_Sekmeye_Gec' successfully

2021-10-14 17:14:33 - [MESSAGE][INFO] - Checking called Test Case

2021-10-14 17:14:33 - [MESSAGE][INFO] - Starting to call Test Case 'Test Cases/Butonlar/ButonaTikla'

2021-10-14 17:14:33 - [TEST_CASE][PASSED] - Test Cases/Butonlar/ButonaTikla: Test Cases/Butonlar/ButonaTikla

2021-10-14 17:14:33 - [TEST_STEP][PASSED] - Method.TextDegerineEsitElementeTiklaEquals(findTestObject("Butonlar/Butonlar"), Buton_Adi): Method.TextDegerineEsitElementeTiklaEquals is PASSED

2021-10-14 17:14:33 - [MESSAGE][INFO] - Finding Test Object 'Object Repository/Butonlar/Butonlar'

2021-10-14 17:14:34 - [MESSAGE][INFO] - Checking timeout

2021-10-14 17:14:34 - [MESSAGE][INFO] - Finding web element with id: 'Object Repository/Butonlar/Butonlar' located by 'By.cssSelector: .panel.panel-default.text-center.footerPanel .btn,.btn.btn-primary.btnControls' in '10' second(s)

2021-10-14 17:14:34 - [MESSAGE][INFO] - Smart Wait Function is triggered

2021-10-14 17:14:34 - [MESSAGE][INFO] - Found 15 web elements with id: 'Object Repository/Butonlar/Butonlar' located by 'By.cssSelector: .panel.panel-default.text-center.footerPanel .btn,.btn.btn-primary.btnControls' in '10' second(s)

2021-10-14 17:14:34 - [MESSAGE][PASSED] - Method.TextDegerineEsitElementeTiklaEquals is PASSED

2021-10-14 17:14:34 - [MESSAGE][PASSED] - Call Test Case 'Test Cases/Butonlar/ButonaTikla' successfully

2021-10-14 17:14:34 - [MESSAGE][INFO] - Checking called Test Case

2021-10-14 17:14:34 - [MESSAGE][INFO] - Starting to call Test Case 'Test Cases/Butonlar/AltButonaTikla'

2021-10-14 17:14:34 - [TEST_CASE][PASSED] - Test Cases/Butonlar/AltButonaTikla: Test Cases/Butonlar/AltButonaTikla

2021-10-14 17:14:34 - [TEST_STEP][PASSED] - Method.TextDegerineEsitElementeTikla(findTestObject("Butonlar/AltButonlar"), Alt_Buton): Method.TextDegerineEsitElementeTikla is PASSED

2021-10-14 17:14:34 - [MESSAGE][INFO] - Finding Test Object 'Object Repository/Butonlar/AltButonlar'

2021-10-14 17:14:34 - [MESSAGE][INFO] - Checking timeout

2021-10-14 17:14:34 - [MESSAGE][INFO] - Finding web element with id: 'Object Repository/Butonlar/AltButonlar' located by 'By.cssSelector: .btn-group.open li>a' in '10' second(s)

2021-10-14 17:14:34 - [MESSAGE][INFO] - Smart Wait Function is triggered

2021-10-14 17:14:35 - [MESSAGE][INFO] - Found 2 web elements with id: 'Object Repository/Butonlar/AltButonlar' located by 'By.cssSelector: .btn-group.open li>a' in '10' second(s)

2021-10-14 17:14:35 - [MESSAGE][PASSED] - Method.TextDegerineEsitElementeTikla is PASSED

2021-10-14 17:14:35 - [MESSAGE][PASSED] - Call Test Case 'Test Cases/Butonlar/AltButonaTikla' successfully

2021-10-14 17:14:35 - [MESSAGE][INFO] - Checking called Test Case

2021-10-14 17:14:35 - [MESSAGE][INFO] - Starting to call Test Case 'Test Cases/Butonlar/DosyaIndirildiMi'

2021-10-14 17:14:35 - [TEST_CASE][PASSED] - Test Cases/Butonlar/DosyaIndirildiMi: Test Cases/Butonlar/DosyaIndirildiMi

2021-10-14 17:14:35 - [TEST_STEP][PASSED] - Method.isimliDosyaIndirildiMi(DownloadFile, FileName): Method.isimliDosyaIndirildiMi is PASSED

2021-10-14 17:14:35 - [MESSAGE][INFO] - Delaying browser in 3 second(s)

2021-10-14 17:14:38 - [MESSAGE][PASSED] - Delayed 3 second(s)

2021-10-14 17:14:38 - [MESSAGE][PASSED] - Method.isimliDosyaIndirildiMi is PASSED

2021-10-14 17:14:38 - [MESSAGE][PASSED] - Call Test Case 'Test Cases/Butonlar/DosyaIndirildiMi' successfully

2021-10-14 17:14:38 - [MESSAGE][INFO] - Checking called Test Case

2021-10-14 17:14:38 - [MESSAGE][INFO] - Starting to call Test Case 'Test Cases/Kullanici_Islemleri/KullaniciIslemlerindenSecimYapilir'

2021-10-14 17:14:38 - [TEST_CASE][PASSED] - Test Cases/Kullanici_Islemleri/KullaniciIslemlerindenSecimYapilir: Test Cases/Kullanici_Islemleri/KullaniciIslemlerindenSecimYapilir

2021-10-14 17:14:38 - [TEST_STEP][PASSED] - waitForElementClickable(findTestObject("Object Repository/Kullanici_Islemleri/KullaniciIslemleri"), 10): Object 'Object Repository/Kullanici_Islemleri/KullaniciIslemleri' is clickable

2021-10-14 17:14:38 - [MESSAGE][INFO] - Finding Test Object 'Object Repository/Kullanici_Islemleri/KullaniciIslemleri'

2021-10-14 17:14:38 - [MESSAGE][INFO] - Checking object

2021-10-14 17:14:38 - [MESSAGE][INFO] - Checking timeout

2021-10-14 17:14:38 - [MESSAGE][INFO] - Finding web element from Test Object's properties

2021-10-14 17:14:38 - [MESSAGE][INFO] - Checking timeout

2021-10-14 17:14:38 - [MESSAGE][INFO] - Finding web element with id: 'Object Repository/Kullanici_Islemleri/KullaniciIslemleri' located by 'By.cssSelector: .dropdown>a>img' in '10' second(s)

2021-10-14 17:14:38 - [MESSAGE][INFO] - Smart Wait Function is triggered

2021-10-14 17:14:39 - [MESSAGE][INFO] - Found 1 web elements with id: 'Object Repository/Kullanici_Islemleri/KullaniciIslemleri' located by 'By.cssSelector: .dropdown>a>img' in '10' second(s)

2021-10-14 17:14:39 - [MESSAGE][PASSED] - Object 'Object Repository/Kullanici_Islemleri/KullaniciIslemleri' is clickable

2021-10-14 17:14:39 - [TEST_STEP][PASSED] - click(findTestObject("Object Repository/Kullanici_Islemleri/KullaniciIslemleri")): Object: 'Object Repository/Kullanici_Islemleri/KullaniciIslemleri' is clicked on

2021-10-14 17:14:39 - [MESSAGE][INFO] - Finding Test Object 'Object Repository/Kullanici_Islemleri/KullaniciIslemleri'

2021-10-14 17:14:39 - [MESSAGE][INFO] - Checking object

2021-10-14 17:14:39 - [MESSAGE][INFO] - Finding web element from Test Object's properties

2021-10-14 17:14:39 - [MESSAGE][INFO] - Checking timeout

2021-10-14 17:14:39 - [MESSAGE][INFO] - Finding web element with id: 'Object Repository/Kullanici_Islemleri/KullaniciIslemleri' located by 'By.cssSelector: .dropdown>a>img' in '30' second(s)

2021-10-14 17:14:39 - [MESSAGE][INFO] - Smart Wait Function is triggered

2021-10-14 17:14:39 - [MESSAGE][INFO] - Found 1 web elements with id: 'Object Repository/Kullanici_Islemleri/KullaniciIslemleri' located by 'By.cssSelector: .dropdown>a>img' in '30' second(s)

2021-10-14 17:14:39 - [MESSAGE][INFO] - Clicking on object: 'Object Repository/Kullanici_Islemleri/KullaniciIslemleri'

2021-10-14 17:14:39 - [MESSAGE][PASSED] - Object: 'Object Repository/Kullanici_Islemleri/KullaniciIslemleri' is clicked on

2021-10-14 17:14:39 - [TEST_STEP][PASSED] - Method.TextDegerineEsitElementeTikla(findTestObject("Object Repository/Kullanici_Islemleri/Secenekler"), Islem): Method.TextDegerineEsitElementeTikla is PASSED

2021-10-14 17:14:39 - [MESSAGE][INFO] - Finding Test Object 'Object Repository/Kullanici_Islemleri/Secenekler'

2021-10-14 17:14:39 - [MESSAGE][INFO] - Checking timeout

2021-10-14 17:14:39 - [MESSAGE][INFO] - Finding web element with id: 'Object Repository/Kullanici_Islemleri/Secenekler' located by 'By.cssSelector: .nav.navbar-nav.navbar-right li a' in '10' second(s)

2021-10-14 17:14:39 - [MESSAGE][INFO] - Smart Wait Function is triggered

2021-10-14 17:14:39 - [MESSAGE][INFO] - Found 22 web elements with id: 'Object Repository/Kullanici_Islemleri/Secenekler' located by 'By.cssSelector: .nav.navbar-nav.navbar-right li a' in '10' second(s)

2021-10-14 17:14:41 - [MESSAGE][PASSED] - Method.TextDegerineEsitElementeTikla is PASSED

2021-10-14 17:14:41 - [TEST_STEP][PASSED] - verifyElementNotPresent(findTestObject("Object Repository/Kullanici_Islemleri/Secenekler"), 10): Web element with id: 'Object Repository/Kullanici_Islemleri/Secenekler' located by 'By.cssSelector: .nav.navbar-nav.navbar-right li a' is not present after '10' second(s)

2021-10-14 17:14:41 - [MESSAGE][INFO] - Finding Test Object 'Object Repository/Kullanici_Islemleri/Secenekler'

2021-10-14 17:14:41 - [MESSAGE][INFO] - Checking object

2021-10-14 17:14:41 - [MESSAGE][INFO] - Checking timeout

2021-10-14 17:14:41 - [MESSAGE][INFO] - Finding web element with id: 'Object Repository/Kullanici_Islemleri/Secenekler' located by 'By.cssSelector: .nav.navbar-nav.navbar-right li a' in '10' second(s)

2021-10-14 17:14:41 - [MESSAGE][INFO] - Smart Wait Function is triggered

2021-10-14 17:14:42 - [MESSAGE][PASSED] - Web element with id: 'Object Repository/Kullanici_Islemleri/Secenekler' located by 'By.cssSelector: .nav.navbar-nav.navbar-right li a' is not present after '10' second(s)

2021-10-14 17:14:42 - [MESSAGE][PASSED] - Call Test Case 'Test Cases/Kullanici_Islemleri/KullaniciIslemlerindenSecimYapilir' successfully

2021-10-14 17:14:42 - [TEST_CASE][PASSED] - Start Test Case : SCENARIO e-Fatura Gelen Kutusu UBL - Göster: SCENARIO e-Fatura Gelen Kutusu UBL - Göster

2021-10-14 17:14:42 - [TEST_STEP][PASSED] - Kullanıcı adı ELOGO6 ve Şifre 123456 olarak giriş yapılır: Kullanıcı adı ELOGO6 ve Şifre 123456 olarak giriş yapılır

2021-10-14 17:14:42 - [MESSAGE][PASSED] - Kullanıcı adı ELOGO6 ve Şifre 123456 olarak giriş yapılır

2021-10-14 17:14:42 - [TEST_STEP][PASSED] - Ana menüden e-Fatura seçilir: Ana menüden e-Fatura seçilir

2021-10-14 17:14:42 - [MESSAGE][PASSED] - Ana menüden e-Fatura seçilir

2021-10-14 17:14:42 - [TEST_STEP][PASSED] - Alt menü Gelen Kutusu başlığı altındaki Faturalar seçilir: Alt menü Gelen Kutusu başlığı altındaki Faturalar seçilir

2021-10-14 17:14:42 - [MESSAGE][PASSED] - Alt menü Gelen Kutusu başlığı altındaki Faturalar seçilir

2021-10-14 17:14:42 - [TEST_STEP][PASSED] - Filtrelerden Oluşturma Tarihi filtresine 01.12.2020 baslangic degerini yaz: Filtrelerden Oluşturma Tarihi filtresine 01.12.2020 baslangic degerini yaz

2021-10-14 17:14:42 - [MESSAGE][PASSED] - Filtrelerden Oluşturma Tarihi filtresine 01.12.2020 baslangic degerini yaz

2021-10-14 17:14:42 - [TEST_STEP][PASSED] - Filtrelerden Oluşturma Tarihi filtresine 31.12.2020 bitis degerini yaz: Filtrelerden Oluşturma Tarihi filtresine 31.12.2020 bitis degerini yaz

2021-10-14 17:14:42 - [MESSAGE][PASSED] - Filtrelerden Oluşturma Tarihi filtresine 31.12.2020 bitis degerini yaz

2021-10-14 17:14:42 - [TEST_STEP][PASSED] - Filtre butonlarından Listele seçilir: Filtre butonlarından Listele seçilir

2021-10-14 17:14:42 - [MESSAGE][PASSED] - Filtre butonlarından Listele seçilir

2021-10-14 17:14:42 - [TEST_STEP][PASSED] - Tabloda veri var mı kontrol edilir: Tabloda veri var mı kontrol edilir

2021-10-14 17:14:42 - [MESSAGE][PASSED] - Tabloda veri var mı kontrol edilir

2021-10-14 17:14:42 - [TEST_STEP][PASSED] - Tablodan E LOGO 6 isimli veri seçilir: Tablodan E LOGO 6 isimli veri seçilir

2021-10-14 17:14:42 - [MESSAGE][PASSED] - Tablodan E LOGO 6 isimli veri seçilir

2021-10-14 17:14:42 - [TEST_STEP][PASSED] - Butonlardan UBL isimli butona tıklanır: Butonlardan UBL isimli butona tıklanır

2021-10-14 17:14:42 - [MESSAGE][PASSED] - Butonlardan UBL isimli butona tıklanır

2021-10-14 17:14:42 - [TEST_STEP][PASSED] - Alt butonlardan Göster butonuna tıklanır: Alt butonlardan Göster butonuna tıklanır

2021-10-14 17:14:42 - [MESSAGE][PASSED] - Alt butonlardan Göster butonuna tıklanır

2021-10-14 17:14:42 - [TEST_STEP][PASSED] - Yeni açılan sekmeye geçilir: Yeni açılan sekmeye geçilir

2021-10-14 17:14:42 - [MESSAGE][PASSED] - Yeni açılan sekmeye geçilir

2021-10-14 17:14:42 - [TEST_STEP][PASSED] - invoice tagli ubl geldi mi: invoice tagli ubl geldi mi

2021-10-14 17:14:42 - [MESSAGE][PASSED] - invoice tagli ubl geldi mi

2021-10-14 17:14:42 - [TEST_STEP][PASSED] - Ana sekmeye geçilir: Ana sekmeye geçilir

2021-10-14 17:14:42 - [MESSAGE][PASSED] - Ana sekmeye geçilir

2021-10-14 17:14:42 - [TEST_STEP][PASSED] - Butonlardan UBL isimli butona tıklanır: Butonlardan UBL isimli butona tıklanır

2021-10-14 17:14:42 - [MESSAGE][PASSED] - Butonlardan UBL isimli butona tıklanır

2021-10-14 17:14:42 - [TEST_STEP][PASSED] - Alt butonlardan İndir butonuna tıklanır: Alt butonlardan İndir butonuna tıklanır

2021-10-14 17:14:42 - [MESSAGE][PASSED] - Alt butonlardan İndir butonuna tıklanır

2021-10-14 17:14:42 - [TEST_STEP][PASSED] - Ön eki Invoice olan dosya indirildi mi: Ön eki Invoice olan dosya indirildi mi

2021-10-14 17:14:42 - [MESSAGE][PASSED] - Ön eki Invoice olan dosya indirildi mi

2021-10-14 17:14:42 - [TEST_STEP][PASSED] - Kullanıcı işlemlerinden Çıkış seçilir: Kullanıcı işlemlerinden Çıkış seçilir

2021-10-14 17:14:42 - [MESSAGE][PASSED] - Kullanıcı işlemlerinden Çıkış seçilir

2021-10-14 17:14:42 - [MESSAGE][PASSED] - Feature file: 'Include/features/e-Fatura/Gelen Kutusu/Faturalar/UBL-Goster-Indir.feature' was passed

2021-10-14 17:14:42 - [TEST_STEP][PASSED] - Start listener action : sampleAfterTestSuite: Invoke 'com.kms.katalon.core.annotation.AfterTestCase' method: 'Listener.sampleAfterTestSuite(...)' completed.

2021-10-14 17:14:42 - [MESSAGE][INFO] - Starting invoke 'com.kms.katalon.core.annotation.AfterTestCase' method: 'Listener.sampleAfterTestSuite(...)'

2021-10-14 17:14:42 - [TEST_STEP][PASSED] - closeBrowser(): Invoke 'com.kms.katalon.core.annotation.AfterTestCase' method: 'Listener.sampleAfterTestSuite(...)' completed.

2021-10-14 17:14:42 - [MESSAGE][INFO] - Closing browser

2021-10-14 17:14:42 - [MESSAGE][PASSED] - Browser is closed

2021-10-14 17:14:42 - [MESSAGE][INFO] - Invoke 'com.kms.katalon.core.annotation.AfterTestCase' method: 'Listener.sampleAfterTestSuite(...)' completed.]]></system-out>
         <system-err><![CDATA[]]></system-err>
      </testcase>
      <testcase name="Test Cases/Case Repository/e-Fatura/Gelen Kutusu/Faturalar/Varsayilan Ile Goster" time="36.441" classname="Test Cases/Case Repository/e-Fatura/Gelen Kutusu/Faturalar/Varsayilan Ile Goster" status="PASSED">
         <system-out><![CDATA[2021-10-14 17:14:42 - [TEST_CASE][PASSED] - Test Cases/Case Repository/e-Fatura/Gelen Kutusu/Faturalar/Varsayilan Ile Goster: Test Cases/Case Repository/e-Fatura/Gelen Kutusu/Faturalar/Varsayilan Ile Goster

2021-10-14 17:14:42 - [TEST_STEP][PASSED] - Start listener action : sampleBeforeTestSuite: Invoke 'com.kms.katalon.core.annotation.BeforeTestCase' method: 'Listener.sampleBeforeTestSuite(...)' completed.

2021-10-14 17:14:42 - [MESSAGE][INFO] - Starting invoke 'com.kms.katalon.core.annotation.BeforeTestCase' method: 'Listener.sampleBeforeTestSuite(...)'

2021-10-14 17:14:42 - [TEST_STEP][PASSED] - openBrowser(baseUrl): Browser is opened with url: 'https://efatura-stage.elogo.com.tr/'

2021-10-14 17:14:42 - [MESSAGE][INFO] - Opening browser

2021-10-14 17:14:42 - [MESSAGE][INFO] - Starting 'Chrome' driver

2021-10-14 17:14:42 - [MESSAGE][INFO] - User set preference: ['prefs', '{download.default_directory=C:\otomasyondownfiles}']

2021-10-14 17:14:42 - [MESSAGE][INFO] - Action delay is set to 0 milliseconds

2021-10-14 17:14:44 - [MESSAGE][INFO] - Navigating browser to: 'https://efatura-stage.elogo.com.tr/'

2021-10-14 17:14:47 - [MESSAGE][PASSED] - Browser is opened with url: 'https://efatura-stage.elogo.com.tr/'

2021-10-14 17:14:47 - [TEST_STEP][PASSED] - maximizeWindow(): Invoke 'com.kms.katalon.core.annotation.BeforeTestCase' method: 'Listener.sampleBeforeTestSuite(...)' completed.

2021-10-14 17:14:47 - [MESSAGE][INFO] - Maximizing current window

2021-10-14 17:14:48 - [MESSAGE][PASSED] - Current window maximized

2021-10-14 17:14:48 - [MESSAGE][INFO] - Invoke 'com.kms.katalon.core.annotation.BeforeTestCase' method: 'Listener.sampleBeforeTestSuite(...)' completed.

2021-10-14 17:14:48 - [TEST_STEP][PASSED] - runFeatureFile("Include/features/e-Fatura/Gelen Kutusu/Faturalar/Varsayilan Ile Goster.feature"): Feature file: 'Include/features/e-Fatura/Gelen Kutusu/Faturalar/Varsayilan Ile Goster.feature' was passed

2021-10-14 17:14:48 - [MESSAGE][INFO] - Starting run keyword runFeatureFile: 'Include/features/e-Fatura/Gelen Kutusu/Faturalar/Varsayilan Ile Goster.feature' and extract report to folder: 'C:\Users\DELL\Downloads\EES_Katalon-main\Reports\20211014_170112\Suite Repository\e-Fatura\20211014_170113/cucumber_report/1634220888791'...

2021-10-14 17:14:48 - [MESSAGE][INFO] - Glue: []

2021-10-14 17:14:49 - [MESSAGE][INFO] - Checking called Test Case

2021-10-14 17:14:49 - [MESSAGE][INFO] - Starting to call Test Case 'Test Cases/Sayfalar/Giris_Sayfasi/Login'

2021-10-14 17:14:49 - [TEST_CASE][PASSED] - Test Cases/Sayfalar/Giris_Sayfasi/Login: Test Cases/Sayfalar/Giris_Sayfasi/Login

2021-10-14 17:14:49 - [TEST_STEP][PASSED] - Sayfa_Basligi = getWindowTitle(): Current window's title is: 'LOGO e-Fatura'

2021-10-14 17:14:49 - [MESSAGE][INFO] - Getting current window's title

2021-10-14 17:14:49 - [MESSAGE][PASSED] - Current window's title is: 'LOGO e-Fatura'

2021-10-14 17:14:49 - [TEST_STEP][PASSED] - verifyMatch(Sayfa_Basligi, "LOGO e-Fatura", false): Actual text 'LOGO e-Fatura' and expected text 'LOGO e-Fatura' are matched 

2021-10-14 17:14:49 - [MESSAGE][INFO] - Matching actual text 'LOGO e-Fatura' with expected text 'LOGO e-Fatura'

2021-10-14 17:14:49 - [MESSAGE][PASSED] - Actual text 'LOGO e-Fatura' and expected text 'LOGO e-Fatura' are matched 

2021-10-14 17:14:49 - [TEST_STEP][PASSED] - sendKeys(findTestObject("Sayfalar/Giris_Sayfasi/Firma_Kodu"), KullaniciAdi): Keys 'ELOGO6' sent to object: 'Object Repository/Sayfalar/Giris_Sayfasi/Firma_Kodu'

2021-10-14 17:14:49 - [MESSAGE][INFO] - Finding Test Object 'Object Repository/Sayfalar/Giris_Sayfasi/Firma_Kodu'

2021-10-14 17:14:49 - [MESSAGE][INFO] - Sending keys 'ELOGO6' to object: 'Object Repository/Sayfalar/Giris_Sayfasi/Firma_Kodu'

2021-10-14 17:14:49 - [MESSAGE][INFO] - Finding web element from Test Object's properties

2021-10-14 17:14:49 - [MESSAGE][INFO] - Checking timeout

2021-10-14 17:14:49 - [MESSAGE][INFO] - Finding web element with id: 'Object Repository/Sayfalar/Giris_Sayfasi/Firma_Kodu' located by 'By.xpath: //*[@id = 'AccountName']' in '30' second(s)

2021-10-14 17:14:49 - [MESSAGE][INFO] - Smart Wait Function is triggered

2021-10-14 17:14:49 - [MESSAGE][INFO] - Found 1 web elements with id: 'Object Repository/Sayfalar/Giris_Sayfasi/Firma_Kodu' located by 'By.xpath: //*[@id = 'AccountName']' in '30' second(s)

2021-10-14 17:14:50 - [MESSAGE][PASSED] - Keys 'ELOGO6' sent to object: 'Object Repository/Sayfalar/Giris_Sayfasi/Firma_Kodu'

2021-10-14 17:14:50 - [TEST_STEP][PASSED] - sendKeys(findTestObject("Sayfalar/Giris_Sayfasi/Sifre"), Sifre): Keys '123456' sent to object: 'Object Repository/Sayfalar/Giris_Sayfasi/Sifre'

2021-10-14 17:14:50 - [MESSAGE][INFO] - Finding Test Object 'Object Repository/Sayfalar/Giris_Sayfasi/Sifre'

2021-10-14 17:14:50 - [MESSAGE][INFO] - Sending keys '123456' to object: 'Object Repository/Sayfalar/Giris_Sayfasi/Sifre'

2021-10-14 17:14:50 - [MESSAGE][INFO] - Finding web element from Test Object's properties

2021-10-14 17:14:50 - [MESSAGE][INFO] - Checking timeout

2021-10-14 17:14:50 - [MESSAGE][INFO] - Finding web element with id: 'Object Repository/Sayfalar/Giris_Sayfasi/Sifre' located by 'By.xpath: //*[@id = 'Password']' in '30' second(s)

2021-10-14 17:14:50 - [MESSAGE][INFO] - Smart Wait Function is triggered

2021-10-14 17:14:50 - [MESSAGE][INFO] - Found 1 web elements with id: 'Object Repository/Sayfalar/Giris_Sayfasi/Sifre' located by 'By.xpath: //*[@id = 'Password']' in '30' second(s)

2021-10-14 17:14:50 - [MESSAGE][PASSED] - Keys '123456' sent to object: 'Object Repository/Sayfalar/Giris_Sayfasi/Sifre'

2021-10-14 17:14:50 - [TEST_STEP][PASSED] - findWebElement(findTestObject("Sayfalar/Giris_Sayfasi/Giris_Butonu")).click(): Found 1 web elements with id: 'Object Repository/Sayfalar/Giris_Sayfasi/Giris_Butonu' located by 'By.cssSelector: #btnLogin' in '30' second(s)

2021-10-14 17:14:50 - [MESSAGE][INFO] - Finding Test Object 'Object Repository/Sayfalar/Giris_Sayfasi/Giris_Butonu'

2021-10-14 17:14:50 - [MESSAGE][INFO] - Finding web element from Test Object's properties

2021-10-14 17:14:50 - [MESSAGE][INFO] - Checking timeout

2021-10-14 17:14:50 - [MESSAGE][INFO] - Finding web element with id: 'Object Repository/Sayfalar/Giris_Sayfasi/Giris_Butonu' located by 'By.cssSelector: #btnLogin' in '30' second(s)

2021-10-14 17:14:50 - [MESSAGE][INFO] - Smart Wait Function is triggered

2021-10-14 17:14:50 - [MESSAGE][INFO] - Found 1 web elements with id: 'Object Repository/Sayfalar/Giris_Sayfasi/Giris_Butonu' located by 'By.cssSelector: #btnLogin' in '30' second(s)

2021-10-14 17:14:53 - [TEST_STEP][PASSED] - if (verifyElementPresent(findTestObject("Object Repository/Sayfalar/Giris_Sayfasi/RetveTamam_Butonu"), 5, OPTIONAL)): null

2021-10-14 17:14:53 - [MESSAGE][INFO] - Finding Test Object 'Object Repository/Sayfalar/Giris_Sayfasi/RetveTamam_Butonu'

2021-10-14 17:14:53 - [MESSAGE][INFO] - Checking object

2021-10-14 17:14:53 - [MESSAGE][INFO] - Finding web element from Test Object's properties

2021-10-14 17:14:53 - [MESSAGE][INFO] - Checking timeout

2021-10-14 17:14:53 - [MESSAGE][INFO] - Finding web element with id: 'Object Repository/Sayfalar/Giris_Sayfasi/RetveTamam_Butonu' located by 'By.xpath: //*[@class = 'btn btn-default']' in '5' second(s)

2021-10-14 17:14:53 - [MESSAGE][INFO] - Smart Wait Function is triggered

2021-10-14 17:14:53 - [MESSAGE][INFO] - Found 1 web elements with id: 'Object Repository/Sayfalar/Giris_Sayfasi/RetveTamam_Butonu' located by 'By.xpath: //*[@class = 'btn btn-default']' in '5' second(s)

2021-10-14 17:14:53 - [MESSAGE][PASSED] - Object 'Object Repository/Sayfalar/Giris_Sayfasi/RetveTamam_Butonu' is present

2021-10-14 17:14:53 - [TEST_STEP][PASSED] - click(findTestObject("Object Repository/Sayfalar/Giris_Sayfasi/RetveTamam_Butonu")): Object: 'Object Repository/Sayfalar/Giris_Sayfasi/RetveTamam_Butonu' is clicked on

2021-10-14 17:14:53 - [MESSAGE][INFO] - Finding Test Object 'Object Repository/Sayfalar/Giris_Sayfasi/RetveTamam_Butonu'

2021-10-14 17:14:53 - [MESSAGE][INFO] - Checking object

2021-10-14 17:14:53 - [MESSAGE][INFO] - Finding web element from Test Object's properties

2021-10-14 17:14:53 - [MESSAGE][INFO] - Checking timeout

2021-10-14 17:14:53 - [MESSAGE][INFO] - Finding web element with id: 'Object Repository/Sayfalar/Giris_Sayfasi/RetveTamam_Butonu' located by 'By.xpath: //*[@class = 'btn btn-default']' in '30' second(s)

2021-10-14 17:14:53 - [MESSAGE][INFO] - Smart Wait Function is triggered

2021-10-14 17:14:54 - [MESSAGE][INFO] - Found 1 web elements with id: 'Object Repository/Sayfalar/Giris_Sayfasi/RetveTamam_Butonu' located by 'By.xpath: //*[@class = 'btn btn-default']' in '30' second(s)

2021-10-14 17:14:54 - [MESSAGE][INFO] - Clicking on object: 'Object Repository/Sayfalar/Giris_Sayfasi/RetveTamam_Butonu'

2021-10-14 17:14:54 - [MESSAGE][PASSED] - Object: 'Object Repository/Sayfalar/Giris_Sayfasi/RetveTamam_Butonu' is clicked on

2021-10-14 17:14:54 - [TEST_STEP][PASSED] - click(findTestObject("Object Repository/Sayfalar/Giris_Sayfasi/RetveTamam_Butonu")): Object: 'Object Repository/Sayfalar/Giris_Sayfasi/RetveTamam_Butonu' is clicked on

2021-10-14 17:14:54 - [MESSAGE][INFO] - Finding Test Object 'Object Repository/Sayfalar/Giris_Sayfasi/RetveTamam_Butonu'

2021-10-14 17:14:54 - [MESSAGE][INFO] - Checking object

2021-10-14 17:14:54 - [MESSAGE][INFO] - Finding web element from Test Object's properties

2021-10-14 17:14:54 - [MESSAGE][INFO] - Checking timeout

2021-10-14 17:14:54 - [MESSAGE][INFO] - Finding web element with id: 'Object Repository/Sayfalar/Giris_Sayfasi/RetveTamam_Butonu' located by 'By.xpath: //*[@class = 'btn btn-default']' in '30' second(s)

2021-10-14 17:14:54 - [MESSAGE][INFO] - Smart Wait Function is triggered

2021-10-14 17:14:58 - [MESSAGE][INFO] - Found 1 web elements with id: 'Object Repository/Sayfalar/Giris_Sayfasi/RetveTamam_Butonu' located by 'By.xpath: //*[@class = 'btn btn-default']' in '30' second(s)

2021-10-14 17:14:58 - [MESSAGE][INFO] - Clicking on object: 'Object Repository/Sayfalar/Giris_Sayfasi/RetveTamam_Butonu'

2021-10-14 17:14:58 - [MESSAGE][PASSED] - Object: 'Object Repository/Sayfalar/Giris_Sayfasi/RetveTamam_Butonu' is clicked on

2021-10-14 17:14:58 - [TEST_STEP][PASSED] - if (verifyElementPresent(findTestObject("Sayfalar/Giris_Sayfasi/PopupOK"), 5, OPTIONAL)): null

2021-10-14 17:14:58 - [MESSAGE][INFO] - Finding Test Object 'Object Repository/Sayfalar/Giris_Sayfasi/PopupOK'

2021-10-14 17:14:58 - [MESSAGE][INFO] - Checking object

2021-10-14 17:14:58 - [MESSAGE][INFO] - Finding web element from Test Object's properties

2021-10-14 17:14:58 - [MESSAGE][INFO] - Checking timeout

2021-10-14 17:14:58 - [MESSAGE][INFO] - Finding web element with id: 'Object Repository/Sayfalar/Giris_Sayfasi/PopupOK' located by 'By.cssSelector: .btn.btn-success' in '5' second(s)

2021-10-14 17:14:58 - [MESSAGE][INFO] - Smart Wait Function is triggered

2021-10-14 17:14:59 - [MESSAGE][INFO] - Found 1 web elements with id: 'Object Repository/Sayfalar/Giris_Sayfasi/PopupOK' located by 'By.cssSelector: .btn.btn-success' in '5' second(s)

2021-10-14 17:14:59 - [MESSAGE][PASSED] - Object 'Object Repository/Sayfalar/Giris_Sayfasi/PopupOK' is present

2021-10-14 17:14:59 - [TEST_STEP][PASSED] - click(findTestObject("Object Repository/Sayfalar/Giris_Sayfasi/PopupCarpiGiris")): Object: 'Object Repository/Sayfalar/Giris_Sayfasi/PopupCarpiGiris' is clicked on

2021-10-14 17:14:59 - [MESSAGE][INFO] - Finding Test Object 'Object Repository/Sayfalar/Giris_Sayfasi/PopupCarpiGiris'

2021-10-14 17:14:59 - [MESSAGE][INFO] - Checking object

2021-10-14 17:14:59 - [MESSAGE][INFO] - Finding web element from Test Object's properties

2021-10-14 17:14:59 - [MESSAGE][INFO] - Checking timeout

2021-10-14 17:14:59 - [MESSAGE][INFO] - Finding web element with id: 'Object Repository/Sayfalar/Giris_Sayfasi/PopupCarpiGiris' located by 'By.cssSelector: .bootbox-close-button.close' in '30' second(s)

2021-10-14 17:14:59 - [MESSAGE][INFO] - Smart Wait Function is triggered

2021-10-14 17:14:59 - [MESSAGE][INFO] - Found 1 web elements with id: 'Object Repository/Sayfalar/Giris_Sayfasi/PopupCarpiGiris' located by 'By.cssSelector: .bootbox-close-button.close' in '30' second(s)

2021-10-14 17:14:59 - [MESSAGE][INFO] - Clicking on object: 'Object Repository/Sayfalar/Giris_Sayfasi/PopupCarpiGiris'

2021-10-14 17:14:59 - [MESSAGE][PASSED] - Object: 'Object Repository/Sayfalar/Giris_Sayfasi/PopupCarpiGiris' is clicked on

2021-10-14 17:14:59 - [TEST_STEP][PASSED] - verifyElementVisible(findTestObject("Object Repository/Kullanici_Islemleri/KullaniciIslemleri")): Object 'Object Repository/Kullanici_Islemleri/KullaniciIslemleri' is visible

2021-10-14 17:14:59 - [MESSAGE][INFO] - Finding Test Object 'Object Repository/Kullanici_Islemleri/KullaniciIslemleri'

2021-10-14 17:15:00 - [MESSAGE][INFO] - Checking object

2021-10-14 17:15:00 - [MESSAGE][INFO] - Finding web element from Test Object's properties

2021-10-14 17:15:00 - [MESSAGE][INFO] - Checking timeout

2021-10-14 17:15:00 - [MESSAGE][INFO] - Finding web element with id: 'Object Repository/Kullanici_Islemleri/KullaniciIslemleri' located by 'By.cssSelector: .dropdown>a>img' in '30' second(s)

2021-10-14 17:15:00 - [MESSAGE][INFO] - Smart Wait Function is triggered

2021-10-14 17:15:00 - [MESSAGE][INFO] - Found 1 web elements with id: 'Object Repository/Kullanici_Islemleri/KullaniciIslemleri' located by 'By.cssSelector: .dropdown>a>img' in '30' second(s)

2021-10-14 17:15:00 - [MESSAGE][PASSED] - Object 'Object Repository/Kullanici_Islemleri/KullaniciIslemleri' is visible

2021-10-14 17:15:00 - [MESSAGE][PASSED] - Call Test Case 'Test Cases/Sayfalar/Giris_Sayfasi/Login' successfully

2021-10-14 17:15:00 - [MESSAGE][INFO] - Checking called Test Case

2021-10-14 17:15:00 - [MESSAGE][INFO] - Starting to call Test Case 'Test Cases/Menu/AnaMenuSecimi'

2021-10-14 17:15:00 - [TEST_CASE][PASSED] - Test Cases/Menu/AnaMenuSecimi: Test Cases/Menu/AnaMenuSecimi

2021-10-14 17:15:00 - [TEST_STEP][PASSED] - Method.TextDegerineEsitElementeTikla(findTestObject("Menu/Ana_Menu"), Ana_Menu): Method.TextDegerineEsitElementeTikla is PASSED

2021-10-14 17:15:00 - [MESSAGE][INFO] - Finding Test Object 'Object Repository/Menu/Ana_Menu'

2021-10-14 17:15:00 - [MESSAGE][INFO] - Checking timeout

2021-10-14 17:15:00 - [MESSAGE][INFO] - Finding web element with id: 'Object Repository/Menu/Ana_Menu' located by 'By.xpath: //*[@class = 'dropdown-toggle']' in '10' second(s)

2021-10-14 17:15:00 - [MESSAGE][INFO] - Smart Wait Function is triggered

2021-10-14 17:15:01 - [MESSAGE][INFO] - Found 14 web elements with id: 'Object Repository/Menu/Ana_Menu' located by 'By.xpath: //*[@class = 'dropdown-toggle']' in '10' second(s)

2021-10-14 17:15:01 - [MESSAGE][PASSED] - Method.TextDegerineEsitElementeTikla is PASSED

2021-10-14 17:15:01 - [MESSAGE][PASSED] - Call Test Case 'Test Cases/Menu/AnaMenuSecimi' successfully

2021-10-14 17:15:01 - [MESSAGE][INFO] - Checking called Test Case

2021-10-14 17:15:01 - [MESSAGE][INFO] - Starting to call Test Case 'Test Cases/Menu/BasligaGoreAltMenuSecimi'

2021-10-14 17:15:01 - [TEST_CASE][PASSED] - Test Cases/Menu/BasligaGoreAltMenuSecimi: Test Cases/Menu/BasligaGoreAltMenuSecimi

2021-10-14 17:15:01 - [TEST_STEP][PASSED] - Method.TextDegerineEsitElementinAltindakiTextDegerineEsitOlanaTikla(findTestObject("Menu/Menu_Basligi"), findTestObject("Menu/Basliga_Gore_Alt_Menu"), Baslik, Alt_Menu): Method.TextDegerineEsitElementinAltindakiTextDegerineEsitOlanaTikla is PASSED

2021-10-14 17:15:01 - [MESSAGE][INFO] - Finding Test Object 'Object Repository/Menu/Menu_Basligi'

2021-10-14 17:15:01 - [MESSAGE][INFO] - Finding Test Object 'Object Repository/Menu/Basliga_Gore_Alt_Menu'

2021-10-14 17:15:01 - [MESSAGE][INFO] - Checking timeout

2021-10-14 17:15:01 - [MESSAGE][INFO] - Finding web element with id: 'Object Repository/Menu/Menu_Basligi' located by 'By.xpath: //li[@class='dropdown dropdown-large open']//li[@class='dropdown-header']' in '10' second(s)

2021-10-14 17:15:01 - [MESSAGE][INFO] - Smart Wait Function is triggered

2021-10-14 17:15:01 - [MESSAGE][INFO] - Found 3 web elements with id: 'Object Repository/Menu/Menu_Basligi' located by 'By.xpath: //li[@class='dropdown dropdown-large open']//li[@class='dropdown-header']' in '10' second(s)

2021-10-14 17:15:01 - [MESSAGE][INFO] - Smart Wait Function is triggered

2021-10-14 17:15:04 - [MESSAGE][PASSED] - Method.TextDegerineEsitElementinAltindakiTextDegerineEsitOlanaTikla is PASSED

2021-10-14 17:15:04 - [MESSAGE][PASSED] - Call Test Case 'Test Cases/Menu/BasligaGoreAltMenuSecimi' successfully

2021-10-14 17:15:04 - [MESSAGE][INFO] - Checking called Test Case

2021-10-14 17:15:04 - [MESSAGE][INFO] - Starting to call Test Case 'Test Cases/Filtreler/BaslangicYaz'

2021-10-14 17:15:04 - [TEST_CASE][PASSED] - Test Cases/Filtreler/BaslangicYaz: Test Cases/Filtreler/BaslangicYaz

2021-10-14 17:15:04 - [TEST_STEP][PASSED] - Method.TextDegerineEsitElementinAltindakineTikla(findTestObject("Filtreler/Basliklar"), findTestObject("Filtreler/Basliga_Gore_Baslangic_Image"), Filtre_Adi): Method.TextDegerineEsitElementinAltindakineTikla is PASSED

2021-10-14 17:15:04 - [MESSAGE][INFO] - Finding Test Object 'Object Repository/Filtreler/Basliklar'

2021-10-14 17:15:04 - [MESSAGE][INFO] - Finding Test Object 'Object Repository/Filtreler/Basliga_Gore_Baslangic_Image'

2021-10-14 17:15:05 - [MESSAGE][INFO] - Checking timeout

2021-10-14 17:15:05 - [MESSAGE][INFO] - Finding web element with id: 'Object Repository/Filtreler/Basliklar' located by 'By.cssSelector: .control-label.col-sm-4.paddingMarginRLC' in '10' second(s)

2021-10-14 17:15:05 - [MESSAGE][INFO] - Smart Wait Function is triggered

2021-10-14 17:15:05 - [MESSAGE][INFO] - Found 19 web elements with id: 'Object Repository/Filtreler/Basliklar' located by 'By.cssSelector: .control-label.col-sm-4.paddingMarginRLC' in '10' second(s)

2021-10-14 17:15:05 - [MESSAGE][INFO] - Smart Wait Function is triggered

2021-10-14 17:15:05 - [MESSAGE][PASSED] - Method.TextDegerineEsitElementinAltindakineTikla is PASSED

2021-10-14 17:15:05 - [TEST_STEP][PASSED] - Method.TextDegerineEsitElementinAltindakiTextboxtaYaz(findTestObject("Filtreler/Basliklar"), findTestObject("Filtreler/Basliga_Gore_Baslangic"), Filtre_Adi, Filtre_Degeri): Method.TextDegerineEsitElementinAltindakiTextboxtaYaz is PASSED

2021-10-14 17:15:05 - [MESSAGE][INFO] - Finding Test Object 'Object Repository/Filtreler/Basliklar'

2021-10-14 17:15:06 - [MESSAGE][INFO] - Finding Test Object 'Object Repository/Filtreler/Basliga_Gore_Baslangic'

2021-10-14 17:15:06 - [MESSAGE][INFO] - Checking timeout

2021-10-14 17:15:06 - [MESSAGE][INFO] - Finding web element with id: 'Object Repository/Filtreler/Basliklar' located by 'By.cssSelector: .control-label.col-sm-4.paddingMarginRLC' in '10' second(s)

2021-10-14 17:15:06 - [MESSAGE][INFO] - Smart Wait Function is triggered

2021-10-14 17:15:06 - [MESSAGE][INFO] - Found 19 web elements with id: 'Object Repository/Filtreler/Basliklar' located by 'By.cssSelector: .control-label.col-sm-4.paddingMarginRLC' in '10' second(s)

2021-10-14 17:15:06 - [MESSAGE][INFO] - Smart Wait Function is triggered

2021-10-14 17:15:07 - [MESSAGE][PASSED] - Method.TextDegerineEsitElementinAltindakiTextboxtaYaz is PASSED

2021-10-14 17:15:07 - [MESSAGE][PASSED] - Call Test Case 'Test Cases/Filtreler/BaslangicYaz' successfully

2021-10-14 17:15:07 - [MESSAGE][INFO] - Checking called Test Case

2021-10-14 17:15:07 - [MESSAGE][INFO] - Starting to call Test Case 'Test Cases/Filtreler/BitisYaz'

2021-10-14 17:15:07 - [TEST_CASE][PASSED] - Test Cases/Filtreler/BitisYaz: Test Cases/Filtreler/BitisYaz

2021-10-14 17:15:07 - [TEST_STEP][PASSED] - Method.TextDegerineEsitElementinAltindakineTikla(findTestObject("Filtreler/Basliklar"), findTestObject("Filtreler/Basliga_Gore_Bitis_Image"), Filtre_Adi): Method.TextDegerineEsitElementinAltindakineTikla is PASSED

2021-10-14 17:15:07 - [MESSAGE][INFO] - Finding Test Object 'Object Repository/Filtreler/Basliklar'

2021-10-14 17:15:07 - [MESSAGE][INFO] - Finding Test Object 'Object Repository/Filtreler/Basliga_Gore_Bitis_Image'

2021-10-14 17:15:07 - [MESSAGE][INFO] - Checking timeout

2021-10-14 17:15:07 - [MESSAGE][INFO] - Finding web element with id: 'Object Repository/Filtreler/Basliklar' located by 'By.cssSelector: .control-label.col-sm-4.paddingMarginRLC' in '10' second(s)

2021-10-14 17:15:07 - [MESSAGE][INFO] - Smart Wait Function is triggered

2021-10-14 17:15:07 - [MESSAGE][INFO] - Found 19 web elements with id: 'Object Repository/Filtreler/Basliklar' located by 'By.cssSelector: .control-label.col-sm-4.paddingMarginRLC' in '10' second(s)

2021-10-14 17:15:07 - [MESSAGE][INFO] - Smart Wait Function is triggered

2021-10-14 17:15:08 - [MESSAGE][PASSED] - Method.TextDegerineEsitElementinAltindakineTikla is PASSED

2021-10-14 17:15:08 - [TEST_STEP][PASSED] - Method.TextDegerineEsitElementinAltindakiTextboxtaYaz(findTestObject("Filtreler/Basliklar"), findTestObject("Object Repository/Filtreler/Basliga_Gore_Bitis"), Filtre_Adi, Filtre_Degeri): Method.TextDegerineEsitElementinAltindakiTextboxtaYaz is PASSED

2021-10-14 17:15:08 - [MESSAGE][INFO] - Finding Test Object 'Object Repository/Filtreler/Basliklar'

2021-10-14 17:15:08 - [MESSAGE][INFO] - Finding Test Object 'Object Repository/Filtreler/Basliga_Gore_Bitis'

2021-10-14 17:15:08 - [MESSAGE][INFO] - Checking timeout

2021-10-14 17:15:08 - [MESSAGE][INFO] - Finding web element with id: 'Object Repository/Filtreler/Basliklar' located by 'By.cssSelector: .control-label.col-sm-4.paddingMarginRLC' in '10' second(s)

2021-10-14 17:15:08 - [MESSAGE][INFO] - Smart Wait Function is triggered

2021-10-14 17:15:08 - [MESSAGE][INFO] - Found 19 web elements with id: 'Object Repository/Filtreler/Basliklar' located by 'By.cssSelector: .control-label.col-sm-4.paddingMarginRLC' in '10' second(s)

2021-10-14 17:15:08 - [MESSAGE][INFO] - Smart Wait Function is triggered

2021-10-14 17:15:09 - [MESSAGE][PASSED] - Method.TextDegerineEsitElementinAltindakiTextboxtaYaz is PASSED

2021-10-14 17:15:09 - [MESSAGE][PASSED] - Call Test Case 'Test Cases/Filtreler/BitisYaz' successfully

2021-10-14 17:15:09 - [MESSAGE][INFO] - Checking called Test Case

2021-10-14 17:15:09 - [MESSAGE][INFO] - Starting to call Test Case 'Test Cases/Filtreler/ButonaTikla'

2021-10-14 17:15:09 - [TEST_CASE][PASSED] - Test Cases/Filtreler/ButonaTikla: Test Cases/Filtreler/ButonaTikla

2021-10-14 17:15:09 - [TEST_STEP][PASSED] - Method.TextDegerineEsitElementeTikla(findTestObject("Filtreler/Butonlar"), Filtre_Buton): Method.TextDegerineEsitElementeTikla is PASSED

2021-10-14 17:15:09 - [MESSAGE][INFO] - Finding Test Object 'Object Repository/Filtreler/Butonlar'

2021-10-14 17:15:09 - [MESSAGE][INFO] - Checking timeout

2021-10-14 17:15:09 - [MESSAGE][INFO] - Finding web element with id: 'Object Repository/Filtreler/Butonlar' located by 'By.cssSelector: .dxb>span' in '10' second(s)

2021-10-14 17:15:09 - [MESSAGE][INFO] - Smart Wait Function is triggered

2021-10-14 17:15:09 - [MESSAGE][INFO] - Found 3 web elements with id: 'Object Repository/Filtreler/Butonlar' located by 'By.cssSelector: .dxb>span' in '10' second(s)

2021-10-14 17:15:09 - [MESSAGE][PASSED] - Method.TextDegerineEsitElementeTikla is PASSED

2021-10-14 17:15:10 - [MESSAGE][PASSED] - Call Test Case 'Test Cases/Filtreler/ButonaTikla' successfully

2021-10-14 17:15:10 - [MESSAGE][INFO] - Checking called Test Case

2021-10-14 17:15:10 - [MESSAGE][INFO] - Starting to call Test Case 'Test Cases/Tablo/TablodaVeriVarMi'

2021-10-14 17:15:10 - [TEST_CASE][PASSED] - Test Cases/Tablo/TablodaVeriVarMi: Test Cases/Tablo/TablodaVeriVarMi

2021-10-14 17:15:10 - [TEST_STEP][PASSED] - verifyTextNotPresent("Görüntülenecek veri yok", true): Text 'Görüntülenecek veri yok' is not present on page using regular expression

2021-10-14 17:15:10 - [MESSAGE][INFO] - Checking text present  using regular expression

2021-10-14 17:15:10 - [MESSAGE][INFO] - Smart Wait Function is triggered

2021-10-14 17:15:11 - [MESSAGE][INFO] - Finding text 'Görüntülenecek veri yok' on page  using regular expression

2021-10-14 17:15:11 - [MESSAGE][PASSED] - Text 'Görüntülenecek veri yok' is not present on page using regular expression

2021-10-14 17:15:11 - [MESSAGE][PASSED] - Call Test Case 'Test Cases/Tablo/TablodaVeriVarMi' successfully

2021-10-14 17:15:11 - [MESSAGE][INFO] - Checking called Test Case

2021-10-14 17:15:11 - [MESSAGE][INFO] - Starting to call Test Case 'Test Cases/Tablo/TablodanVeriSec'

2021-10-14 17:15:11 - [TEST_CASE][PASSED] - Test Cases/Tablo/TablodanVeriSec: Test Cases/Tablo/TablodanVeriSec

2021-10-14 17:15:11 - [TEST_STEP][PASSED] - Method.TextDegerineEsitElementinAltindakineTikla(findTestObject("Tablo/Veriler"), findTestObject("Tablo/VerininCheckBoxi"), Veri_Adi): Method.TextDegerineEsitElementinAltindakineTikla is PASSED

2021-10-14 17:15:11 - [MESSAGE][INFO] - Finding Test Object 'Object Repository/Tablo/Veriler'

2021-10-14 17:15:11 - [MESSAGE][INFO] - Finding Test Object 'Object Repository/Tablo/VerininCheckBoxi'

2021-10-14 17:15:11 - [MESSAGE][INFO] - Checking timeout

2021-10-14 17:15:11 - [MESSAGE][INFO] - Finding web element with id: 'Object Repository/Tablo/Veriler' located by 'By.cssSelector: td.dxgv b ,td.dxgv' in '10' second(s)

2021-10-14 17:15:11 - [MESSAGE][INFO] - Smart Wait Function is triggered

2021-10-14 17:15:12 - [MESSAGE][INFO] - Found 140 web elements with id: 'Object Repository/Tablo/Veriler' located by 'By.cssSelector: td.dxgv b ,td.dxgv' in '10' second(s)

2021-10-14 17:15:12 - [MESSAGE][INFO] - Smart Wait Function is triggered

2021-10-14 17:15:12 - [MESSAGE][PASSED] - Method.TextDegerineEsitElementinAltindakineTikla is PASSED

2021-10-14 17:15:12 - [MESSAGE][PASSED] - Call Test Case 'Test Cases/Tablo/TablodanVeriSec' successfully

2021-10-14 17:15:12 - [MESSAGE][INFO] - Checking called Test Case

2021-10-14 17:15:12 - [MESSAGE][INFO] - Starting to call Test Case 'Test Cases/Butonlar/ButonaTikla'

2021-10-14 17:15:12 - [TEST_CASE][PASSED] - Test Cases/Butonlar/ButonaTikla: Test Cases/Butonlar/ButonaTikla

2021-10-14 17:15:12 - [TEST_STEP][PASSED] - Method.TextDegerineEsitElementeTiklaEquals(findTestObject("Butonlar/Butonlar"), Buton_Adi): Method.TextDegerineEsitElementeTiklaEquals is PASSED

2021-10-14 17:15:12 - [MESSAGE][INFO] - Finding Test Object 'Object Repository/Butonlar/Butonlar'

2021-10-14 17:15:12 - [MESSAGE][INFO] - Checking timeout

2021-10-14 17:15:12 - [MESSAGE][INFO] - Finding web element with id: 'Object Repository/Butonlar/Butonlar' located by 'By.cssSelector: .panel.panel-default.text-center.footerPanel .btn,.btn.btn-primary.btnControls' in '10' second(s)

2021-10-14 17:15:12 - [MESSAGE][INFO] - Smart Wait Function is triggered

2021-10-14 17:15:13 - [MESSAGE][INFO] - Found 15 web elements with id: 'Object Repository/Butonlar/Butonlar' located by 'By.cssSelector: .panel.panel-default.text-center.footerPanel .btn,.btn.btn-primary.btnControls' in '10' second(s)

2021-10-14 17:15:13 - [MESSAGE][PASSED] - Method.TextDegerineEsitElementeTiklaEquals is PASSED

2021-10-14 17:15:13 - [MESSAGE][PASSED] - Call Test Case 'Test Cases/Butonlar/ButonaTikla' successfully

2021-10-14 17:15:13 - [MESSAGE][INFO] - Checking called Test Case

2021-10-14 17:15:13 - [MESSAGE][INFO] - Starting to call Test Case 'Test Cases/Sekmeler/YeniSekmeyeGec'

2021-10-14 17:15:13 - [TEST_CASE][PASSED] - Test Cases/Sekmeler/YeniSekmeyeGec: Test Cases/Sekmeler/YeniSekmeyeGec

2021-10-14 17:15:13 - [TEST_STEP][PASSED] - switchToWindowIndex(1): Switched to window with index: '1'

2021-10-14 17:15:13 - [MESSAGE][INFO] - Checking index

2021-10-14 17:15:13 - [MESSAGE][INFO] - Switching window with index: '1'

2021-10-14 17:15:13 - [MESSAGE][PASSED] - Switched to window with index: '1'

2021-10-14 17:15:13 - [MESSAGE][PASSED] - Call Test Case 'Test Cases/Sekmeler/YeniSekmeyeGec' successfully

2021-10-14 17:15:13 - [MESSAGE][INFO] - Checking called Test Case

2021-10-14 17:15:13 - [MESSAGE][INFO] - Starting to call Test Case 'Test Cases/Sekmeler/YeniSekmeBasligindaVarMi'

2021-10-14 17:15:13 - [TEST_CASE][PASSED] - Test Cases/Sekmeler/YeniSekmeBasligindaVarMi: Test Cases/Sekmeler/YeniSekmeBasligindaVarMi

2021-10-14 17:15:13 - [TEST_STEP][PASSED] - verifyElementText(findTestObject("Object Repository/Sekmeler/Olusturma_Goster_Baslik"), Title): Actual text and expected text of test object 'Object Repository/Sekmeler/Olusturma_Goster_Baslik' are matched.

2021-10-14 17:15:13 - [MESSAGE][INFO] - Finding Test Object 'Object Repository/Sekmeler/Olusturma_Goster_Baslik'

2021-10-14 17:15:13 - [MESSAGE][INFO] - Checking object

2021-10-14 17:15:13 - [MESSAGE][INFO] - Finding web element from Test Object's properties

2021-10-14 17:15:13 - [MESSAGE][INFO] - Checking timeout

2021-10-14 17:15:13 - [MESSAGE][INFO] - Finding web element with id: 'Object Repository/Sekmeler/Olusturma_Goster_Baslik' located by 'By.cssSelector: h1>span,td>font,font' in '30' second(s)

2021-10-14 17:15:13 - [MESSAGE][INFO] - Smart Wait Function is triggered

2021-10-14 17:15:14 - [MESSAGE][INFO] - Found 1 web elements with id: 'Object Repository/Sekmeler/Olusturma_Goster_Baslik' located by 'By.cssSelector: h1>span,td>font,font' in '30' second(s)

2021-10-14 17:15:14 - [MESSAGE][PASSED] - Actual text and expected text of test object 'Object Repository/Sekmeler/Olusturma_Goster_Baslik' are matched.

2021-10-14 17:15:14 - [MESSAGE][PASSED] - Call Test Case 'Test Cases/Sekmeler/YeniSekmeBasligindaVarMi' successfully

2021-10-14 17:15:14 - [MESSAGE][INFO] - Checking called Test Case

2021-10-14 17:15:14 - [MESSAGE][INFO] - Starting to call Test Case 'Test Cases/Sekmeler/Ana_Sekmeye_Gec'

2021-10-14 17:15:15 - [TEST_CASE][PASSED] - Test Cases/Sekmeler/Ana_Sekmeye_Gec: Test Cases/Sekmeler/Ana_Sekmeye_Gec

2021-10-14 17:15:15 - [TEST_STEP][PASSED] - try: Window with index 1 is closed

2021-10-14 17:15:15 - [TEST_STEP][PASSED] - index = getWindowIndex(): Current window's index is: 1

2021-10-14 17:15:15 - [MESSAGE][INFO] - Getting current window's index

2021-10-14 17:15:15 - [MESSAGE][PASSED] - Current window's index is: 1

2021-10-14 17:15:15 - [TEST_STEP][PASSED] - closeWindowIndex(index): Window with index 1 is closed

2021-10-14 17:15:15 - [MESSAGE][INFO] - Checking index

2021-10-14 17:15:15 - [MESSAGE][INFO] - Closing window with index 1

2021-10-14 17:15:15 - [MESSAGE][PASSED] - Window with index 1 is closed

2021-10-14 17:15:15 - [TEST_STEP][PASSED] - switchToWindowIndex(0): Switched to window with index: '0'

2021-10-14 17:15:15 - [MESSAGE][INFO] - Checking index

2021-10-14 17:15:15 - [MESSAGE][INFO] - Switching window with index: '0'

2021-10-14 17:15:15 - [MESSAGE][PASSED] - Switched to window with index: '0'

2021-10-14 17:15:15 - [MESSAGE][PASSED] - Call Test Case 'Test Cases/Sekmeler/Ana_Sekmeye_Gec' successfully

2021-10-14 17:15:15 - [MESSAGE][INFO] - Checking called Test Case

2021-10-14 17:15:15 - [MESSAGE][INFO] - Starting to call Test Case 'Test Cases/Kullanici_Islemleri/KullaniciIslemlerindenSecimYapilir'

2021-10-14 17:15:15 - [TEST_CASE][PASSED] - Test Cases/Kullanici_Islemleri/KullaniciIslemlerindenSecimYapilir: Test Cases/Kullanici_Islemleri/KullaniciIslemlerindenSecimYapilir

2021-10-14 17:15:15 - [TEST_STEP][PASSED] - waitForElementClickable(findTestObject("Object Repository/Kullanici_Islemleri/KullaniciIslemleri"), 10): Object 'Object Repository/Kullanici_Islemleri/KullaniciIslemleri' is clickable

2021-10-14 17:15:15 - [MESSAGE][INFO] - Finding Test Object 'Object Repository/Kullanici_Islemleri/KullaniciIslemleri'

2021-10-14 17:15:15 - [MESSAGE][INFO] - Checking object

2021-10-14 17:15:15 - [MESSAGE][INFO] - Checking timeout

2021-10-14 17:15:15 - [MESSAGE][INFO] - Finding web element from Test Object's properties

2021-10-14 17:15:15 - [MESSAGE][INFO] - Checking timeout

2021-10-14 17:15:15 - [MESSAGE][INFO] - Finding web element with id: 'Object Repository/Kullanici_Islemleri/KullaniciIslemleri' located by 'By.cssSelector: .dropdown>a>img' in '10' second(s)

2021-10-14 17:15:15 - [MESSAGE][INFO] - Smart Wait Function is triggered

2021-10-14 17:15:15 - [MESSAGE][INFO] - Found 1 web elements with id: 'Object Repository/Kullanici_Islemleri/KullaniciIslemleri' located by 'By.cssSelector: .dropdown>a>img' in '10' second(s)

2021-10-14 17:15:15 - [MESSAGE][PASSED] - Object 'Object Repository/Kullanici_Islemleri/KullaniciIslemleri' is clickable

2021-10-14 17:15:15 - [TEST_STEP][PASSED] - click(findTestObject("Object Repository/Kullanici_Islemleri/KullaniciIslemleri")): Object: 'Object Repository/Kullanici_Islemleri/KullaniciIslemleri' is clicked on

2021-10-14 17:15:15 - [MESSAGE][INFO] - Finding Test Object 'Object Repository/Kullanici_Islemleri/KullaniciIslemleri'

2021-10-14 17:15:15 - [MESSAGE][INFO] - Checking object

2021-10-14 17:15:15 - [MESSAGE][INFO] - Finding web element from Test Object's properties

2021-10-14 17:15:15 - [MESSAGE][INFO] - Checking timeout

2021-10-14 17:15:15 - [MESSAGE][INFO] - Finding web element with id: 'Object Repository/Kullanici_Islemleri/KullaniciIslemleri' located by 'By.cssSelector: .dropdown>a>img' in '30' second(s)

2021-10-14 17:15:15 - [MESSAGE][INFO] - Smart Wait Function is triggered

2021-10-14 17:15:15 - [MESSAGE][INFO] - Found 1 web elements with id: 'Object Repository/Kullanici_Islemleri/KullaniciIslemleri' located by 'By.cssSelector: .dropdown>a>img' in '30' second(s)

2021-10-14 17:15:15 - [MESSAGE][INFO] - Clicking on object: 'Object Repository/Kullanici_Islemleri/KullaniciIslemleri'

2021-10-14 17:15:16 - [MESSAGE][PASSED] - Object: 'Object Repository/Kullanici_Islemleri/KullaniciIslemleri' is clicked on

2021-10-14 17:15:16 - [TEST_STEP][PASSED] - Method.TextDegerineEsitElementeTikla(findTestObject("Object Repository/Kullanici_Islemleri/Secenekler"), Islem): Method.TextDegerineEsitElementeTikla is PASSED

2021-10-14 17:15:16 - [MESSAGE][INFO] - Finding Test Object 'Object Repository/Kullanici_Islemleri/Secenekler'

2021-10-14 17:15:16 - [MESSAGE][INFO] - Checking timeout

2021-10-14 17:15:16 - [MESSAGE][INFO] - Finding web element with id: 'Object Repository/Kullanici_Islemleri/Secenekler' located by 'By.cssSelector: .nav.navbar-nav.navbar-right li a' in '10' second(s)

2021-10-14 17:15:16 - [MESSAGE][INFO] - Smart Wait Function is triggered

2021-10-14 17:15:16 - [MESSAGE][INFO] - Found 22 web elements with id: 'Object Repository/Kullanici_Islemleri/Secenekler' located by 'By.cssSelector: .nav.navbar-nav.navbar-right li a' in '10' second(s)

2021-10-14 17:15:18 - [MESSAGE][PASSED] - Method.TextDegerineEsitElementeTikla is PASSED

2021-10-14 17:15:18 - [TEST_STEP][PASSED] - verifyElementNotPresent(findTestObject("Object Repository/Kullanici_Islemleri/Secenekler"), 10): Web element with id: 'Object Repository/Kullanici_Islemleri/Secenekler' located by 'By.cssSelector: .nav.navbar-nav.navbar-right li a' is not present after '10' second(s)

2021-10-14 17:15:18 - [MESSAGE][INFO] - Finding Test Object 'Object Repository/Kullanici_Islemleri/Secenekler'

2021-10-14 17:15:18 - [MESSAGE][INFO] - Checking object

2021-10-14 17:15:18 - [MESSAGE][INFO] - Checking timeout

2021-10-14 17:15:18 - [MESSAGE][INFO] - Finding web element with id: 'Object Repository/Kullanici_Islemleri/Secenekler' located by 'By.cssSelector: .nav.navbar-nav.navbar-right li a' in '10' second(s)

2021-10-14 17:15:18 - [MESSAGE][INFO] - Smart Wait Function is triggered

2021-10-14 17:15:18 - [MESSAGE][PASSED] - Web element with id: 'Object Repository/Kullanici_Islemleri/Secenekler' located by 'By.cssSelector: .nav.navbar-nav.navbar-right li a' is not present after '10' second(s)

2021-10-14 17:15:18 - [MESSAGE][PASSED] - Call Test Case 'Test Cases/Kullanici_Islemleri/KullaniciIslemlerindenSecimYapilir' successfully

2021-10-14 17:15:18 - [TEST_CASE][PASSED] - Start Test Case : SCENARIO Faturanin Varsayılan Ile Gosterilmesi: SCENARIO Faturanin Varsayılan Ile Gosterilmesi

2021-10-14 17:15:18 - [TEST_STEP][PASSED] - Kullanıcı adı ELOGO6 ve Şifre 123456 olarak giriş yapılır: Kullanıcı adı ELOGO6 ve Şifre 123456 olarak giriş yapılır

2021-10-14 17:15:18 - [MESSAGE][PASSED] - Kullanıcı adı ELOGO6 ve Şifre 123456 olarak giriş yapılır

2021-10-14 17:15:18 - [TEST_STEP][PASSED] - Ana menüden e-Fatura seçilir: Ana menüden e-Fatura seçilir

2021-10-14 17:15:18 - [MESSAGE][PASSED] - Ana menüden e-Fatura seçilir

2021-10-14 17:15:18 - [TEST_STEP][PASSED] - Alt menü Gelen Kutusu başlığı altındaki Faturalar seçilir: Alt menü Gelen Kutusu başlığı altındaki Faturalar seçilir

2021-10-14 17:15:18 - [MESSAGE][PASSED] - Alt menü Gelen Kutusu başlığı altındaki Faturalar seçilir

2021-10-14 17:15:18 - [TEST_STEP][PASSED] - Filtrelerden Oluşturma Tarihi filtresine 01.12.2020 baslangic degerini yaz: Filtrelerden Oluşturma Tarihi filtresine 01.12.2020 baslangic degerini yaz

2021-10-14 17:15:18 - [MESSAGE][PASSED] - Filtrelerden Oluşturma Tarihi filtresine 01.12.2020 baslangic degerini yaz

2021-10-14 17:15:18 - [TEST_STEP][PASSED] - Filtrelerden Oluşturma Tarihi filtresine 31.12.2020 bitis degerini yaz: Filtrelerden Oluşturma Tarihi filtresine 31.12.2020 bitis degerini yaz

2021-10-14 17:15:18 - [MESSAGE][PASSED] - Filtrelerden Oluşturma Tarihi filtresine 31.12.2020 bitis degerini yaz

2021-10-14 17:15:18 - [TEST_STEP][PASSED] - Filtre butonlarından Listele seçilir: Filtre butonlarından Listele seçilir

2021-10-14 17:15:18 - [MESSAGE][PASSED] - Filtre butonlarından Listele seçilir

2021-10-14 17:15:18 - [TEST_STEP][PASSED] - Tabloda veri var mı kontrol edilir: Tabloda veri var mı kontrol edilir

2021-10-14 17:15:18 - [MESSAGE][PASSED] - Tabloda veri var mı kontrol edilir

2021-10-14 17:15:18 - [TEST_STEP][PASSED] - Tablodan E LOGO 6 isimli veri seçilir: Tablodan E LOGO 6 isimli veri seçilir

2021-10-14 17:15:18 - [MESSAGE][PASSED] - Tablodan E LOGO 6 isimli veri seçilir

2021-10-14 17:15:18 - [TEST_STEP][PASSED] - Butonlardan Varsayılan İle Göster isimli butona tıklanır: Butonlardan Varsayılan İle Göster isimli butona tıklanır

2021-10-14 17:15:18 - [MESSAGE][PASSED] - Butonlardan Varsayılan İle Göster isimli butona tıklanır

2021-10-14 17:15:18 - [TEST_STEP][PASSED] - Yeni açılan sekmeye geçilir: Yeni açılan sekmeye geçilir

2021-10-14 17:15:18 - [MESSAGE][PASSED] - Yeni açılan sekmeye geçilir

2021-10-14 17:15:18 - [TEST_STEP][PASSED] - Yeni sekme başlığında e-FATURA var mı kontrol edilir: Yeni sekme başlığında e-FATURA var mı kontrol edilir

2021-10-14 17:15:18 - [MESSAGE][PASSED] - Yeni sekme başlığında e-FATURA var mı kontrol edilir

2021-10-14 17:15:18 - [TEST_STEP][PASSED] - Ana sekmeye geçilir: Ana sekmeye geçilir

2021-10-14 17:15:18 - [MESSAGE][PASSED] - Ana sekmeye geçilir

2021-10-14 17:15:18 - [TEST_STEP][PASSED] - Kullanıcı işlemlerinden Çıkış seçilir: Kullanıcı işlemlerinden Çıkış seçilir

2021-10-14 17:15:18 - [MESSAGE][PASSED] - Kullanıcı işlemlerinden Çıkış seçilir

2021-10-14 17:15:18 - [MESSAGE][PASSED] - Feature file: 'Include/features/e-Fatura/Gelen Kutusu/Faturalar/Varsayilan Ile Goster.feature' was passed

2021-10-14 17:15:18 - [TEST_STEP][PASSED] - Start listener action : sampleAfterTestSuite: Invoke 'com.kms.katalon.core.annotation.AfterTestCase' method: 'Listener.sampleAfterTestSuite(...)' completed.

2021-10-14 17:15:18 - [MESSAGE][INFO] - Starting invoke 'com.kms.katalon.core.annotation.AfterTestCase' method: 'Listener.sampleAfterTestSuite(...)'

2021-10-14 17:15:18 - [TEST_STEP][PASSED] - closeBrowser(): Invoke 'com.kms.katalon.core.annotation.AfterTestCase' method: 'Listener.sampleAfterTestSuite(...)' completed.

2021-10-14 17:15:18 - [MESSAGE][INFO] - Closing browser

2021-10-14 17:15:19 - [MESSAGE][PASSED] - Browser is closed

2021-10-14 17:15:19 - [MESSAGE][INFO] - Invoke 'com.kms.katalon.core.annotation.AfterTestCase' method: 'Listener.sampleAfterTestSuite(...)' completed.]]></system-out>
         <system-err><![CDATA[]]></system-err>
      </testcase>
      <testcase name="Test Cases/Case Repository/e-Fatura/Gelen Kutusu/Uygulama Yanitlari/Departman Ata-Geri Al" time="43.767" classname="Test Cases/Case Repository/e-Fatura/Gelen Kutusu/Uygulama Yanitlari/Departman Ata-Geri Al" status="PASSED">
         <system-out><![CDATA[2021-10-14 17:15:19 - [TEST_CASE][PASSED] - Test Cases/Case Repository/e-Fatura/Gelen Kutusu/Uygulama Yanitlari/Departman Ata-Geri Al: Test Cases/Case Repository/e-Fatura/Gelen Kutusu/Uygulama Yanitlari/Departman Ata-Geri Al

2021-10-14 17:15:19 - [TEST_STEP][PASSED] - Start listener action : sampleBeforeTestSuite: Invoke 'com.kms.katalon.core.annotation.BeforeTestCase' method: 'Listener.sampleBeforeTestSuite(...)' completed.

2021-10-14 17:15:19 - [MESSAGE][INFO] - Starting invoke 'com.kms.katalon.core.annotation.BeforeTestCase' method: 'Listener.sampleBeforeTestSuite(...)'

2021-10-14 17:15:19 - [TEST_STEP][PASSED] - openBrowser(baseUrl): Browser is opened with url: 'https://efatura-stage.elogo.com.tr/'

2021-10-14 17:15:19 - [MESSAGE][INFO] - Opening browser

2021-10-14 17:15:19 - [MESSAGE][INFO] - Starting 'Chrome' driver

2021-10-14 17:15:19 - [MESSAGE][INFO] - User set preference: ['prefs', '{download.default_directory=C:\otomasyondownfiles}']

2021-10-14 17:15:19 - [MESSAGE][INFO] - Action delay is set to 0 milliseconds

2021-10-14 17:15:20 - [MESSAGE][INFO] - Navigating browser to: 'https://efatura-stage.elogo.com.tr/'

2021-10-14 17:15:22 - [MESSAGE][PASSED] - Browser is opened with url: 'https://efatura-stage.elogo.com.tr/'

2021-10-14 17:15:22 - [TEST_STEP][PASSED] - maximizeWindow(): Invoke 'com.kms.katalon.core.annotation.BeforeTestCase' method: 'Listener.sampleBeforeTestSuite(...)' completed.

2021-10-14 17:15:22 - [MESSAGE][INFO] - Maximizing current window

2021-10-14 17:15:22 - [MESSAGE][PASSED] - Current window maximized

2021-10-14 17:15:22 - [MESSAGE][INFO] - Invoke 'com.kms.katalon.core.annotation.BeforeTestCase' method: 'Listener.sampleBeforeTestSuite(...)' completed.

2021-10-14 17:15:23 - [TEST_STEP][PASSED] - runFeatureFile("Include/features/e-Fatura/Gelen Kutusu/Uygulama Yanitlari/Departman Ata-Geri Al.feature"): Feature file: 'Include/features/e-Fatura/Gelen Kutusu/Uygulama Yanitlari/Departman Ata-Geri Al.feature' was passed

2021-10-14 17:15:23 - [MESSAGE][INFO] - Starting run keyword runFeatureFile: 'Include/features/e-Fatura/Gelen Kutusu/Uygulama Yanitlari/Departman Ata-Geri Al.feature' and extract report to folder: 'C:\Users\DELL\Downloads\EES_Katalon-main\Reports\20211014_170112\Suite Repository\e-Fatura\20211014_170113/cucumber_report/1634220923485'...

2021-10-14 17:15:23 - [MESSAGE][INFO] - Glue: []

2021-10-14 17:15:24 - [MESSAGE][INFO] - Checking called Test Case

2021-10-14 17:15:24 - [MESSAGE][INFO] - Starting to call Test Case 'Test Cases/Sayfalar/Giris_Sayfasi/Login'

2021-10-14 17:15:24 - [TEST_CASE][PASSED] - Test Cases/Sayfalar/Giris_Sayfasi/Login: Test Cases/Sayfalar/Giris_Sayfasi/Login

2021-10-14 17:15:24 - [TEST_STEP][PASSED] - Sayfa_Basligi = getWindowTitle(): Current window's title is: 'LOGO e-Fatura'

2021-10-14 17:15:24 - [MESSAGE][INFO] - Getting current window's title

2021-10-14 17:15:24 - [MESSAGE][PASSED] - Current window's title is: 'LOGO e-Fatura'

2021-10-14 17:15:24 - [TEST_STEP][PASSED] - verifyMatch(Sayfa_Basligi, "LOGO e-Fatura", false): Actual text 'LOGO e-Fatura' and expected text 'LOGO e-Fatura' are matched 

2021-10-14 17:15:24 - [MESSAGE][INFO] - Matching actual text 'LOGO e-Fatura' with expected text 'LOGO e-Fatura'

2021-10-14 17:15:24 - [MESSAGE][PASSED] - Actual text 'LOGO e-Fatura' and expected text 'LOGO e-Fatura' are matched 

2021-10-14 17:15:24 - [TEST_STEP][PASSED] - sendKeys(findTestObject("Sayfalar/Giris_Sayfasi/Firma_Kodu"), KullaniciAdi): Keys 'ELOGO6' sent to object: 'Object Repository/Sayfalar/Giris_Sayfasi/Firma_Kodu'

2021-10-14 17:15:24 - [MESSAGE][INFO] - Finding Test Object 'Object Repository/Sayfalar/Giris_Sayfasi/Firma_Kodu'

2021-10-14 17:15:24 - [MESSAGE][INFO] - Sending keys 'ELOGO6' to object: 'Object Repository/Sayfalar/Giris_Sayfasi/Firma_Kodu'

2021-10-14 17:15:24 - [MESSAGE][INFO] - Finding web element from Test Object's properties

2021-10-14 17:15:24 - [MESSAGE][INFO] - Checking timeout

2021-10-14 17:15:24 - [MESSAGE][INFO] - Finding web element with id: 'Object Repository/Sayfalar/Giris_Sayfasi/Firma_Kodu' located by 'By.xpath: //*[@id = 'AccountName']' in '30' second(s)

2021-10-14 17:15:24 - [MESSAGE][INFO] - Smart Wait Function is triggered

2021-10-14 17:15:24 - [MESSAGE][INFO] - Found 1 web elements with id: 'Object Repository/Sayfalar/Giris_Sayfasi/Firma_Kodu' located by 'By.xpath: //*[@id = 'AccountName']' in '30' second(s)

2021-10-14 17:15:24 - [MESSAGE][PASSED] - Keys 'ELOGO6' sent to object: 'Object Repository/Sayfalar/Giris_Sayfasi/Firma_Kodu'

2021-10-14 17:15:24 - [TEST_STEP][PASSED] - sendKeys(findTestObject("Sayfalar/Giris_Sayfasi/Sifre"), Sifre): Keys '123456' sent to object: 'Object Repository/Sayfalar/Giris_Sayfasi/Sifre'

2021-10-14 17:15:24 - [MESSAGE][INFO] - Finding Test Object 'Object Repository/Sayfalar/Giris_Sayfasi/Sifre'

2021-10-14 17:15:25 - [MESSAGE][INFO] - Sending keys '123456' to object: 'Object Repository/Sayfalar/Giris_Sayfasi/Sifre'

2021-10-14 17:15:25 - [MESSAGE][INFO] - Finding web element from Test Object's properties

2021-10-14 17:15:25 - [MESSAGE][INFO] - Checking timeout

2021-10-14 17:15:25 - [MESSAGE][INFO] - Finding web element with id: 'Object Repository/Sayfalar/Giris_Sayfasi/Sifre' located by 'By.xpath: //*[@id = 'Password']' in '30' second(s)

2021-10-14 17:15:25 - [MESSAGE][INFO] - Smart Wait Function is triggered

2021-10-14 17:15:25 - [MESSAGE][INFO] - Found 1 web elements with id: 'Object Repository/Sayfalar/Giris_Sayfasi/Sifre' located by 'By.xpath: //*[@id = 'Password']' in '30' second(s)

2021-10-14 17:15:25 - [MESSAGE][PASSED] - Keys '123456' sent to object: 'Object Repository/Sayfalar/Giris_Sayfasi/Sifre'

2021-10-14 17:15:25 - [TEST_STEP][PASSED] - findWebElement(findTestObject("Sayfalar/Giris_Sayfasi/Giris_Butonu")).click(): Found 1 web elements with id: 'Object Repository/Sayfalar/Giris_Sayfasi/Giris_Butonu' located by 'By.cssSelector: #btnLogin' in '30' second(s)

2021-10-14 17:15:25 - [MESSAGE][INFO] - Finding Test Object 'Object Repository/Sayfalar/Giris_Sayfasi/Giris_Butonu'

2021-10-14 17:15:25 - [MESSAGE][INFO] - Finding web element from Test Object's properties

2021-10-14 17:15:25 - [MESSAGE][INFO] - Checking timeout

2021-10-14 17:15:25 - [MESSAGE][INFO] - Finding web element with id: 'Object Repository/Sayfalar/Giris_Sayfasi/Giris_Butonu' located by 'By.cssSelector: #btnLogin' in '30' second(s)

2021-10-14 17:15:25 - [MESSAGE][INFO] - Smart Wait Function is triggered

2021-10-14 17:15:25 - [MESSAGE][INFO] - Found 1 web elements with id: 'Object Repository/Sayfalar/Giris_Sayfasi/Giris_Butonu' located by 'By.cssSelector: #btnLogin' in '30' second(s)

2021-10-14 17:15:28 - [TEST_STEP][PASSED] - if (verifyElementPresent(findTestObject("Object Repository/Sayfalar/Giris_Sayfasi/RetveTamam_Butonu"), 5, OPTIONAL)): null

2021-10-14 17:15:28 - [MESSAGE][INFO] - Finding Test Object 'Object Repository/Sayfalar/Giris_Sayfasi/RetveTamam_Butonu'

2021-10-14 17:15:28 - [MESSAGE][INFO] - Checking object

2021-10-14 17:15:28 - [MESSAGE][INFO] - Finding web element from Test Object's properties

2021-10-14 17:15:28 - [MESSAGE][INFO] - Checking timeout

2021-10-14 17:15:28 - [MESSAGE][INFO] - Finding web element with id: 'Object Repository/Sayfalar/Giris_Sayfasi/RetveTamam_Butonu' located by 'By.xpath: //*[@class = 'btn btn-default']' in '5' second(s)

2021-10-14 17:15:28 - [MESSAGE][INFO] - Smart Wait Function is triggered

2021-10-14 17:15:28 - [MESSAGE][INFO] - Found 1 web elements with id: 'Object Repository/Sayfalar/Giris_Sayfasi/RetveTamam_Butonu' located by 'By.xpath: //*[@class = 'btn btn-default']' in '5' second(s)

2021-10-14 17:15:28 - [MESSAGE][PASSED] - Object 'Object Repository/Sayfalar/Giris_Sayfasi/RetveTamam_Butonu' is present

2021-10-14 17:15:28 - [TEST_STEP][PASSED] - click(findTestObject("Object Repository/Sayfalar/Giris_Sayfasi/RetveTamam_Butonu")): Object: 'Object Repository/Sayfalar/Giris_Sayfasi/RetveTamam_Butonu' is clicked on

2021-10-14 17:15:28 - [MESSAGE][INFO] - Finding Test Object 'Object Repository/Sayfalar/Giris_Sayfasi/RetveTamam_Butonu'

2021-10-14 17:15:28 - [MESSAGE][INFO] - Checking object

2021-10-14 17:15:28 - [MESSAGE][INFO] - Finding web element from Test Object's properties

2021-10-14 17:15:28 - [MESSAGE][INFO] - Checking timeout

2021-10-14 17:15:28 - [MESSAGE][INFO] - Finding web element with id: 'Object Repository/Sayfalar/Giris_Sayfasi/RetveTamam_Butonu' located by 'By.xpath: //*[@class = 'btn btn-default']' in '30' second(s)

2021-10-14 17:15:28 - [MESSAGE][INFO] - Smart Wait Function is triggered

2021-10-14 17:15:28 - [MESSAGE][INFO] - Found 1 web elements with id: 'Object Repository/Sayfalar/Giris_Sayfasi/RetveTamam_Butonu' located by 'By.xpath: //*[@class = 'btn btn-default']' in '30' second(s)

2021-10-14 17:15:28 - [MESSAGE][INFO] - Clicking on object: 'Object Repository/Sayfalar/Giris_Sayfasi/RetveTamam_Butonu'

2021-10-14 17:15:28 - [MESSAGE][PASSED] - Object: 'Object Repository/Sayfalar/Giris_Sayfasi/RetveTamam_Butonu' is clicked on

2021-10-14 17:15:28 - [TEST_STEP][PASSED] - click(findTestObject("Object Repository/Sayfalar/Giris_Sayfasi/RetveTamam_Butonu")): Object: 'Object Repository/Sayfalar/Giris_Sayfasi/RetveTamam_Butonu' is clicked on

2021-10-14 17:15:28 - [MESSAGE][INFO] - Finding Test Object 'Object Repository/Sayfalar/Giris_Sayfasi/RetveTamam_Butonu'

2021-10-14 17:15:29 - [MESSAGE][INFO] - Checking object

2021-10-14 17:15:29 - [MESSAGE][INFO] - Finding web element from Test Object's properties

2021-10-14 17:15:29 - [MESSAGE][INFO] - Checking timeout

2021-10-14 17:15:29 - [MESSAGE][INFO] - Finding web element with id: 'Object Repository/Sayfalar/Giris_Sayfasi/RetveTamam_Butonu' located by 'By.xpath: //*[@class = 'btn btn-default']' in '30' second(s)

2021-10-14 17:15:29 - [MESSAGE][INFO] - Smart Wait Function is triggered

2021-10-14 17:15:32 - [MESSAGE][INFO] - Found 1 web elements with id: 'Object Repository/Sayfalar/Giris_Sayfasi/RetveTamam_Butonu' located by 'By.xpath: //*[@class = 'btn btn-default']' in '30' second(s)

2021-10-14 17:15:32 - [MESSAGE][INFO] - Clicking on object: 'Object Repository/Sayfalar/Giris_Sayfasi/RetveTamam_Butonu'

2021-10-14 17:15:32 - [MESSAGE][PASSED] - Object: 'Object Repository/Sayfalar/Giris_Sayfasi/RetveTamam_Butonu' is clicked on

2021-10-14 17:15:32 - [TEST_STEP][PASSED] - if (verifyElementPresent(findTestObject("Sayfalar/Giris_Sayfasi/PopupOK"), 5, OPTIONAL)): null

2021-10-14 17:15:32 - [MESSAGE][INFO] - Finding Test Object 'Object Repository/Sayfalar/Giris_Sayfasi/PopupOK'

2021-10-14 17:15:32 - [MESSAGE][INFO] - Checking object

2021-10-14 17:15:32 - [MESSAGE][INFO] - Finding web element from Test Object's properties

2021-10-14 17:15:32 - [MESSAGE][INFO] - Checking timeout

2021-10-14 17:15:32 - [MESSAGE][INFO] - Finding web element with id: 'Object Repository/Sayfalar/Giris_Sayfasi/PopupOK' located by 'By.cssSelector: .btn.btn-success' in '5' second(s)

2021-10-14 17:15:32 - [MESSAGE][INFO] - Smart Wait Function is triggered

2021-10-14 17:15:33 - [MESSAGE][INFO] - Found 1 web elements with id: 'Object Repository/Sayfalar/Giris_Sayfasi/PopupOK' located by 'By.cssSelector: .btn.btn-success' in '5' second(s)

2021-10-14 17:15:33 - [MESSAGE][PASSED] - Object 'Object Repository/Sayfalar/Giris_Sayfasi/PopupOK' is present

2021-10-14 17:15:33 - [TEST_STEP][PASSED] - click(findTestObject("Object Repository/Sayfalar/Giris_Sayfasi/PopupCarpiGiris")): Object: 'Object Repository/Sayfalar/Giris_Sayfasi/PopupCarpiGiris' is clicked on

2021-10-14 17:15:33 - [MESSAGE][INFO] - Finding Test Object 'Object Repository/Sayfalar/Giris_Sayfasi/PopupCarpiGiris'

2021-10-14 17:15:33 - [MESSAGE][INFO] - Checking object

2021-10-14 17:15:33 - [MESSAGE][INFO] - Finding web element from Test Object's properties

2021-10-14 17:15:33 - [MESSAGE][INFO] - Checking timeout

2021-10-14 17:15:33 - [MESSAGE][INFO] - Finding web element with id: 'Object Repository/Sayfalar/Giris_Sayfasi/PopupCarpiGiris' located by 'By.cssSelector: .bootbox-close-button.close' in '30' second(s)

2021-10-14 17:15:33 - [MESSAGE][INFO] - Smart Wait Function is triggered

2021-10-14 17:15:33 - [MESSAGE][INFO] - Found 1 web elements with id: 'Object Repository/Sayfalar/Giris_Sayfasi/PopupCarpiGiris' located by 'By.cssSelector: .bootbox-close-button.close' in '30' second(s)

2021-10-14 17:15:33 - [MESSAGE][INFO] - Clicking on object: 'Object Repository/Sayfalar/Giris_Sayfasi/PopupCarpiGiris'

2021-10-14 17:15:33 - [MESSAGE][PASSED] - Object: 'Object Repository/Sayfalar/Giris_Sayfasi/PopupCarpiGiris' is clicked on

2021-10-14 17:15:33 - [TEST_STEP][PASSED] - verifyElementVisible(findTestObject("Object Repository/Kullanici_Islemleri/KullaniciIslemleri")): Object 'Object Repository/Kullanici_Islemleri/KullaniciIslemleri' is visible

2021-10-14 17:15:33 - [MESSAGE][INFO] - Finding Test Object 'Object Repository/Kullanici_Islemleri/KullaniciIslemleri'

2021-10-14 17:15:33 - [MESSAGE][INFO] - Checking object

2021-10-14 17:15:33 - [MESSAGE][INFO] - Finding web element from Test Object's properties

2021-10-14 17:15:33 - [MESSAGE][INFO] - Checking timeout

2021-10-14 17:15:33 - [MESSAGE][INFO] - Finding web element with id: 'Object Repository/Kullanici_Islemleri/KullaniciIslemleri' located by 'By.cssSelector: .dropdown>a>img' in '30' second(s)

2021-10-14 17:15:33 - [MESSAGE][INFO] - Smart Wait Function is triggered

2021-10-14 17:15:34 - [MESSAGE][INFO] - Found 1 web elements with id: 'Object Repository/Kullanici_Islemleri/KullaniciIslemleri' located by 'By.cssSelector: .dropdown>a>img' in '30' second(s)

2021-10-14 17:15:34 - [MESSAGE][PASSED] - Object 'Object Repository/Kullanici_Islemleri/KullaniciIslemleri' is visible

2021-10-14 17:15:34 - [MESSAGE][PASSED] - Call Test Case 'Test Cases/Sayfalar/Giris_Sayfasi/Login' successfully

2021-10-14 17:15:34 - [MESSAGE][INFO] - Checking called Test Case

2021-10-14 17:15:34 - [MESSAGE][INFO] - Starting to call Test Case 'Test Cases/Menu/AnaMenuSecimi'

2021-10-14 17:15:34 - [TEST_CASE][PASSED] - Test Cases/Menu/AnaMenuSecimi: Test Cases/Menu/AnaMenuSecimi

2021-10-14 17:15:34 - [TEST_STEP][PASSED] - Method.TextDegerineEsitElementeTikla(findTestObject("Menu/Ana_Menu"), Ana_Menu): Method.TextDegerineEsitElementeTikla is PASSED

2021-10-14 17:15:34 - [MESSAGE][INFO] - Finding Test Object 'Object Repository/Menu/Ana_Menu'

2021-10-14 17:15:34 - [MESSAGE][INFO] - Checking timeout

2021-10-14 17:15:34 - [MESSAGE][INFO] - Finding web element with id: 'Object Repository/Menu/Ana_Menu' located by 'By.xpath: //*[@class = 'dropdown-toggle']' in '10' second(s)

2021-10-14 17:15:34 - [MESSAGE][INFO] - Smart Wait Function is triggered

2021-10-14 17:15:34 - [MESSAGE][INFO] - Found 14 web elements with id: 'Object Repository/Menu/Ana_Menu' located by 'By.xpath: //*[@class = 'dropdown-toggle']' in '10' second(s)

2021-10-14 17:15:35 - [MESSAGE][PASSED] - Method.TextDegerineEsitElementeTikla is PASSED

2021-10-14 17:15:35 - [MESSAGE][PASSED] - Call Test Case 'Test Cases/Menu/AnaMenuSecimi' successfully

2021-10-14 17:15:35 - [MESSAGE][INFO] - Checking called Test Case

2021-10-14 17:15:35 - [MESSAGE][INFO] - Starting to call Test Case 'Test Cases/Menu/BasligaGoreAltMenuSecimi'

2021-10-14 17:15:35 - [TEST_CASE][PASSED] - Test Cases/Menu/BasligaGoreAltMenuSecimi: Test Cases/Menu/BasligaGoreAltMenuSecimi

2021-10-14 17:15:35 - [TEST_STEP][PASSED] - Method.TextDegerineEsitElementinAltindakiTextDegerineEsitOlanaTikla(findTestObject("Menu/Menu_Basligi"), findTestObject("Menu/Basliga_Gore_Alt_Menu"), Baslik, Alt_Menu): Method.TextDegerineEsitElementinAltindakiTextDegerineEsitOlanaTikla is PASSED

2021-10-14 17:15:35 - [MESSAGE][INFO] - Finding Test Object 'Object Repository/Menu/Menu_Basligi'

2021-10-14 17:15:35 - [MESSAGE][INFO] - Finding Test Object 'Object Repository/Menu/Basliga_Gore_Alt_Menu'

2021-10-14 17:15:35 - [MESSAGE][INFO] - Checking timeout

2021-10-14 17:15:35 - [MESSAGE][INFO] - Finding web element with id: 'Object Repository/Menu/Menu_Basligi' located by 'By.xpath: //li[@class='dropdown dropdown-large open']//li[@class='dropdown-header']' in '10' second(s)

2021-10-14 17:15:35 - [MESSAGE][INFO] - Smart Wait Function is triggered

2021-10-14 17:15:35 - [MESSAGE][INFO] - Found 3 web elements with id: 'Object Repository/Menu/Menu_Basligi' located by 'By.xpath: //li[@class='dropdown dropdown-large open']//li[@class='dropdown-header']' in '10' second(s)

2021-10-14 17:15:35 - [MESSAGE][INFO] - Smart Wait Function is triggered

2021-10-14 17:15:41 - [MESSAGE][PASSED] - Method.TextDegerineEsitElementinAltindakiTextDegerineEsitOlanaTikla is PASSED

2021-10-14 17:15:41 - [MESSAGE][PASSED] - Call Test Case 'Test Cases/Menu/BasligaGoreAltMenuSecimi' successfully

2021-10-14 17:15:41 - [MESSAGE][INFO] - Checking called Test Case

2021-10-14 17:15:41 - [MESSAGE][INFO] - Starting to call Test Case 'Test Cases/Filtreler/BaslangicYaz'

2021-10-14 17:15:41 - [TEST_CASE][PASSED] - Test Cases/Filtreler/BaslangicYaz: Test Cases/Filtreler/BaslangicYaz

2021-10-14 17:15:41 - [TEST_STEP][PASSED] - Method.TextDegerineEsitElementinAltindakineTikla(findTestObject("Filtreler/Basliklar"), findTestObject("Filtreler/Basliga_Gore_Baslangic_Image"), Filtre_Adi): Method.TextDegerineEsitElementinAltindakineTikla is PASSED

2021-10-14 17:15:41 - [MESSAGE][INFO] - Finding Test Object 'Object Repository/Filtreler/Basliklar'

2021-10-14 17:15:41 - [MESSAGE][INFO] - Finding Test Object 'Object Repository/Filtreler/Basliga_Gore_Baslangic_Image'

2021-10-14 17:15:42 - [MESSAGE][INFO] - Checking timeout

2021-10-14 17:15:42 - [MESSAGE][INFO] - Finding web element with id: 'Object Repository/Filtreler/Basliklar' located by 'By.cssSelector: .control-label.col-sm-4.paddingMarginRLC' in '10' second(s)

2021-10-14 17:15:42 - [MESSAGE][INFO] - Smart Wait Function is triggered

2021-10-14 17:15:42 - [MESSAGE][INFO] - Found 13 web elements with id: 'Object Repository/Filtreler/Basliklar' located by 'By.cssSelector: .control-label.col-sm-4.paddingMarginRLC' in '10' second(s)

2021-10-14 17:15:42 - [MESSAGE][INFO] - Smart Wait Function is triggered

2021-10-14 17:15:42 - [MESSAGE][PASSED] - Method.TextDegerineEsitElementinAltindakineTikla is PASSED

2021-10-14 17:15:42 - [TEST_STEP][PASSED] - Method.TextDegerineEsitElementinAltindakiTextboxtaYaz(findTestObject("Filtreler/Basliklar"), findTestObject("Filtreler/Basliga_Gore_Baslangic"), Filtre_Adi, Filtre_Degeri): Method.TextDegerineEsitElementinAltindakiTextboxtaYaz is PASSED

2021-10-14 17:15:42 - [MESSAGE][INFO] - Finding Test Object 'Object Repository/Filtreler/Basliklar'

2021-10-14 17:15:43 - [MESSAGE][INFO] - Finding Test Object 'Object Repository/Filtreler/Basliga_Gore_Baslangic'

2021-10-14 17:15:43 - [MESSAGE][INFO] - Checking timeout

2021-10-14 17:15:43 - [MESSAGE][INFO] - Finding web element with id: 'Object Repository/Filtreler/Basliklar' located by 'By.cssSelector: .control-label.col-sm-4.paddingMarginRLC' in '10' second(s)

2021-10-14 17:15:43 - [MESSAGE][INFO] - Smart Wait Function is triggered

2021-10-14 17:15:43 - [MESSAGE][INFO] - Found 13 web elements with id: 'Object Repository/Filtreler/Basliklar' located by 'By.cssSelector: .control-label.col-sm-4.paddingMarginRLC' in '10' second(s)

2021-10-14 17:15:43 - [MESSAGE][INFO] - Smart Wait Function is triggered

2021-10-14 17:15:44 - [MESSAGE][PASSED] - Method.TextDegerineEsitElementinAltindakiTextboxtaYaz is PASSED

2021-10-14 17:15:44 - [MESSAGE][PASSED] - Call Test Case 'Test Cases/Filtreler/BaslangicYaz' successfully

2021-10-14 17:15:44 - [MESSAGE][INFO] - Checking called Test Case

2021-10-14 17:15:44 - [MESSAGE][INFO] - Starting to call Test Case 'Test Cases/Filtreler/BitisYaz'

2021-10-14 17:15:44 - [TEST_CASE][PASSED] - Test Cases/Filtreler/BitisYaz: Test Cases/Filtreler/BitisYaz

2021-10-14 17:15:44 - [TEST_STEP][PASSED] - Method.TextDegerineEsitElementinAltindakineTikla(findTestObject("Filtreler/Basliklar"), findTestObject("Filtreler/Basliga_Gore_Bitis_Image"), Filtre_Adi): Method.TextDegerineEsitElementinAltindakineTikla is PASSED

2021-10-14 17:15:44 - [MESSAGE][INFO] - Finding Test Object 'Object Repository/Filtreler/Basliklar'

2021-10-14 17:15:44 - [MESSAGE][INFO] - Finding Test Object 'Object Repository/Filtreler/Basliga_Gore_Bitis_Image'

2021-10-14 17:15:44 - [MESSAGE][INFO] - Checking timeout

2021-10-14 17:15:44 - [MESSAGE][INFO] - Finding web element with id: 'Object Repository/Filtreler/Basliklar' located by 'By.cssSelector: .control-label.col-sm-4.paddingMarginRLC' in '10' second(s)

2021-10-14 17:15:44 - [MESSAGE][INFO] - Smart Wait Function is triggered

2021-10-14 17:15:44 - [MESSAGE][INFO] - Found 13 web elements with id: 'Object Repository/Filtreler/Basliklar' located by 'By.cssSelector: .control-label.col-sm-4.paddingMarginRLC' in '10' second(s)

2021-10-14 17:15:44 - [MESSAGE][INFO] - Smart Wait Function is triggered

2021-10-14 17:15:45 - [MESSAGE][PASSED] - Method.TextDegerineEsitElementinAltindakineTikla is PASSED

2021-10-14 17:15:45 - [TEST_STEP][PASSED] - Method.TextDegerineEsitElementinAltindakiTextboxtaYaz(findTestObject("Filtreler/Basliklar"), findTestObject("Object Repository/Filtreler/Basliga_Gore_Bitis"), Filtre_Adi, Filtre_Degeri): Method.TextDegerineEsitElementinAltindakiTextboxtaYaz is PASSED

2021-10-14 17:15:45 - [MESSAGE][INFO] - Finding Test Object 'Object Repository/Filtreler/Basliklar'

2021-10-14 17:15:45 - [MESSAGE][INFO] - Finding Test Object 'Object Repository/Filtreler/Basliga_Gore_Bitis'

2021-10-14 17:15:45 - [MESSAGE][INFO] - Checking timeout

2021-10-14 17:15:45 - [MESSAGE][INFO] - Finding web element with id: 'Object Repository/Filtreler/Basliklar' located by 'By.cssSelector: .control-label.col-sm-4.paddingMarginRLC' in '10' second(s)

2021-10-14 17:15:45 - [MESSAGE][INFO] - Smart Wait Function is triggered

2021-10-14 17:15:45 - [MESSAGE][INFO] - Found 13 web elements with id: 'Object Repository/Filtreler/Basliklar' located by 'By.cssSelector: .control-label.col-sm-4.paddingMarginRLC' in '10' second(s)

2021-10-14 17:15:45 - [MESSAGE][INFO] - Smart Wait Function is triggered

2021-10-14 17:15:46 - [MESSAGE][PASSED] - Method.TextDegerineEsitElementinAltindakiTextboxtaYaz is PASSED

2021-10-14 17:15:46 - [MESSAGE][PASSED] - Call Test Case 'Test Cases/Filtreler/BitisYaz' successfully

2021-10-14 17:15:46 - [MESSAGE][INFO] - Checking called Test Case

2021-10-14 17:15:46 - [MESSAGE][INFO] - Starting to call Test Case 'Test Cases/Filtreler/ButonaTikla'

2021-10-14 17:15:46 - [TEST_CASE][PASSED] - Test Cases/Filtreler/ButonaTikla: Test Cases/Filtreler/ButonaTikla

2021-10-14 17:15:46 - [TEST_STEP][PASSED] - Method.TextDegerineEsitElementeTikla(findTestObject("Filtreler/Butonlar"), Filtre_Buton): Method.TextDegerineEsitElementeTikla is PASSED

2021-10-14 17:15:46 - [MESSAGE][INFO] - Finding Test Object 'Object Repository/Filtreler/Butonlar'

2021-10-14 17:15:46 - [MESSAGE][INFO] - Checking timeout

2021-10-14 17:15:46 - [MESSAGE][INFO] - Finding web element with id: 'Object Repository/Filtreler/Butonlar' located by 'By.cssSelector: .dxb>span' in '10' second(s)

2021-10-14 17:15:46 - [MESSAGE][INFO] - Smart Wait Function is triggered

2021-10-14 17:15:46 - [MESSAGE][INFO] - Found 3 web elements with id: 'Object Repository/Filtreler/Butonlar' located by 'By.cssSelector: .dxb>span' in '10' second(s)

2021-10-14 17:15:46 - [MESSAGE][PASSED] - Method.TextDegerineEsitElementeTikla is PASSED

2021-10-14 17:15:46 - [MESSAGE][PASSED] - Call Test Case 'Test Cases/Filtreler/ButonaTikla' successfully

2021-10-14 17:15:46 - [MESSAGE][INFO] - Checking called Test Case

2021-10-14 17:15:46 - [MESSAGE][INFO] - Starting to call Test Case 'Test Cases/Tablo/TablodaVeriVarMi'

2021-10-14 17:15:47 - [TEST_CASE][PASSED] - Test Cases/Tablo/TablodaVeriVarMi: Test Cases/Tablo/TablodaVeriVarMi

2021-10-14 17:15:47 - [TEST_STEP][PASSED] - verifyTextNotPresent("Görüntülenecek veri yok", true): Text 'Görüntülenecek veri yok' is not present on page using regular expression

2021-10-14 17:15:47 - [MESSAGE][INFO] - Checking text present  using regular expression

2021-10-14 17:15:47 - [MESSAGE][INFO] - Smart Wait Function is triggered

2021-10-14 17:15:47 - [MESSAGE][INFO] - Finding text 'Görüntülenecek veri yok' on page  using regular expression

2021-10-14 17:15:47 - [MESSAGE][PASSED] - Text 'Görüntülenecek veri yok' is not present on page using regular expression

2021-10-14 17:15:47 - [MESSAGE][PASSED] - Call Test Case 'Test Cases/Tablo/TablodaVeriVarMi' successfully

2021-10-14 17:15:47 - [MESSAGE][INFO] - Checking called Test Case

2021-10-14 17:15:47 - [MESSAGE][INFO] - Starting to call Test Case 'Test Cases/Tablo/TablodanVeriSec'

2021-10-14 17:15:47 - [TEST_CASE][PASSED] - Test Cases/Tablo/TablodanVeriSec: Test Cases/Tablo/TablodanVeriSec

2021-10-14 17:15:47 - [TEST_STEP][PASSED] - Method.TextDegerineEsitElementinAltindakineTikla(findTestObject("Tablo/Veriler"), findTestObject("Tablo/VerininCheckBoxi"), Veri_Adi): Method.TextDegerineEsitElementinAltindakineTikla is PASSED

2021-10-14 17:15:47 - [MESSAGE][INFO] - Finding Test Object 'Object Repository/Tablo/Veriler'

2021-10-14 17:15:47 - [MESSAGE][INFO] - Finding Test Object 'Object Repository/Tablo/VerininCheckBoxi'

2021-10-14 17:15:47 - [MESSAGE][INFO] - Checking timeout

2021-10-14 17:15:47 - [MESSAGE][INFO] - Finding web element with id: 'Object Repository/Tablo/Veriler' located by 'By.cssSelector: td.dxgv b ,td.dxgv' in '10' second(s)

2021-10-14 17:15:47 - [MESSAGE][INFO] - Smart Wait Function is triggered

2021-10-14 17:15:48 - [MESSAGE][INFO] - Found 26 web elements with id: 'Object Repository/Tablo/Veriler' located by 'By.cssSelector: td.dxgv b ,td.dxgv' in '10' second(s)

2021-10-14 17:15:48 - [MESSAGE][INFO] - Smart Wait Function is triggered

2021-10-14 17:15:48 - [MESSAGE][PASSED] - Method.TextDegerineEsitElementinAltindakineTikla is PASSED

2021-10-14 17:15:48 - [MESSAGE][PASSED] - Call Test Case 'Test Cases/Tablo/TablodanVeriSec' successfully

2021-10-14 17:15:48 - [MESSAGE][INFO] - Checking called Test Case

2021-10-14 17:15:48 - [MESSAGE][INFO] - Starting to call Test Case 'Test Cases/Butonlar/ButonaTikla'

2021-10-14 17:15:48 - [TEST_CASE][PASSED] - Test Cases/Butonlar/ButonaTikla: Test Cases/Butonlar/ButonaTikla

2021-10-14 17:15:48 - [TEST_STEP][PASSED] - Method.TextDegerineEsitElementeTiklaEquals(findTestObject("Butonlar/Butonlar"), Buton_Adi): Method.TextDegerineEsitElementeTiklaEquals is PASSED

2021-10-14 17:15:48 - [MESSAGE][INFO] - Finding Test Object 'Object Repository/Butonlar/Butonlar'

2021-10-14 17:15:48 - [MESSAGE][INFO] - Checking timeout

2021-10-14 17:15:48 - [MESSAGE][INFO] - Finding web element with id: 'Object Repository/Butonlar/Butonlar' located by 'By.cssSelector: .panel.panel-default.text-center.footerPanel .btn,.btn.btn-primary.btnControls' in '10' second(s)

2021-10-14 17:15:48 - [MESSAGE][INFO] - Smart Wait Function is triggered

2021-10-14 17:15:49 - [MESSAGE][INFO] - Found 7 web elements with id: 'Object Repository/Butonlar/Butonlar' located by 'By.cssSelector: .panel.panel-default.text-center.footerPanel .btn,.btn.btn-primary.btnControls' in '10' second(s)

2021-10-14 17:15:49 - [MESSAGE][PASSED] - Method.TextDegerineEsitElementeTiklaEquals is PASSED

2021-10-14 17:15:49 - [MESSAGE][PASSED] - Call Test Case 'Test Cases/Butonlar/ButonaTikla' successfully

2021-10-14 17:15:49 - [MESSAGE][INFO] - Checking called Test Case

2021-10-14 17:15:49 - [MESSAGE][INFO] - Starting to call Test Case 'Test Cases/Sekmeler/YeniSekmeyeGec'

2021-10-14 17:15:49 - [TEST_CASE][PASSED] - Test Cases/Sekmeler/YeniSekmeyeGec: Test Cases/Sekmeler/YeniSekmeyeGec

2021-10-14 17:15:49 - [TEST_STEP][PASSED] - switchToWindowIndex(1): Switched to window with index: '1'

2021-10-14 17:15:49 - [MESSAGE][INFO] - Checking index

2021-10-14 17:15:49 - [MESSAGE][INFO] - Switching window with index: '1'

2021-10-14 17:15:49 - [MESSAGE][PASSED] - Switched to window with index: '1'

2021-10-14 17:15:49 - [MESSAGE][PASSED] - Call Test Case 'Test Cases/Sekmeler/YeniSekmeyeGec' successfully

2021-10-14 17:15:49 - [MESSAGE][INFO] - Checking called Test Case

2021-10-14 17:15:49 - [MESSAGE][INFO] - Starting to call Test Case 'Test Cases/Sekmeler/DepartmanCheckboxiSecilir'

2021-10-14 17:15:49 - [TEST_CASE][PASSED] - Test Cases/Sekmeler/DepartmanCheckboxiSecilir: Test Cases/Sekmeler/DepartmanCheckboxiSecilir

2021-10-14 17:15:49 - [TEST_STEP][PASSED] - Method.TextDegerineEsitElementeTikla(findTestObject("Object Repository/Sekmeler/DepartmanCheckboxi"), Departman): Method.TextDegerineEsitElementeTikla is PASSED

2021-10-14 17:15:49 - [MESSAGE][INFO] - Finding Test Object 'Object Repository/Sekmeler/DepartmanCheckboxi'

2021-10-14 17:15:49 - [MESSAGE][INFO] - Checking timeout

2021-10-14 17:15:49 - [MESSAGE][INFO] - Finding web element with id: 'Object Repository/Sekmeler/DepartmanCheckboxi' located by 'By.cssSelector: .dx-wrap' in '10' second(s)

2021-10-14 17:15:49 - [MESSAGE][INFO] - Smart Wait Function is triggered

2021-10-14 17:15:49 - [MESSAGE][INFO] - Found 4 web elements with id: 'Object Repository/Sekmeler/DepartmanCheckboxi' located by 'By.cssSelector: .dx-wrap' in '10' second(s)

2021-10-14 17:15:50 - [MESSAGE][PASSED] - Method.TextDegerineEsitElementeTikla is PASSED

2021-10-14 17:15:50 - [MESSAGE][PASSED] - Call Test Case 'Test Cases/Sekmeler/DepartmanCheckboxiSecilir' successfully

2021-10-14 17:15:50 - [MESSAGE][INFO] - Checking called Test Case

2021-10-14 17:15:50 - [MESSAGE][INFO] - Starting to call Test Case 'Test Cases/Sekmeler/DepartmanKaydedilir'

2021-10-14 17:15:50 - [TEST_CASE][PASSED] - Test Cases/Sekmeler/DepartmanKaydedilir: Test Cases/Sekmeler/DepartmanKaydedilir

2021-10-14 17:15:50 - [TEST_STEP][PASSED] - waitForElementClickable(findTestObject("Object Repository/Sekmeler/DepartmanKaydetButoni"), 10): Object 'Object Repository/Sekmeler/DepartmanKaydetButoni' is clickable

2021-10-14 17:15:50 - [MESSAGE][INFO] - Finding Test Object 'Object Repository/Sekmeler/DepartmanKaydetButoni'

2021-10-14 17:15:50 - [MESSAGE][INFO] - Checking object

2021-10-14 17:15:50 - [MESSAGE][INFO] - Checking timeout

2021-10-14 17:15:50 - [MESSAGE][INFO] - Finding web element from Test Object's properties

2021-10-14 17:15:50 - [MESSAGE][INFO] - Checking timeout

2021-10-14 17:15:50 - [MESSAGE][INFO] - Finding web element with id: 'Object Repository/Sekmeler/DepartmanKaydetButoni' located by 'By.cssSelector: .dx-vam' in '10' second(s)

2021-10-14 17:15:50 - [MESSAGE][INFO] - Smart Wait Function is triggered

2021-10-14 17:15:50 - [MESSAGE][INFO] - Found 1 web elements with id: 'Object Repository/Sekmeler/DepartmanKaydetButoni' located by 'By.cssSelector: .dx-vam' in '10' second(s)

2021-10-14 17:15:50 - [MESSAGE][PASSED] - Object 'Object Repository/Sekmeler/DepartmanKaydetButoni' is clickable

2021-10-14 17:15:50 - [TEST_STEP][PASSED] - click(findTestObject("Object Repository/Sekmeler/DepartmanKaydetButoni")): Object: 'Object Repository/Sekmeler/DepartmanKaydetButoni' is clicked on

2021-10-14 17:15:50 - [MESSAGE][INFO] - Finding Test Object 'Object Repository/Sekmeler/DepartmanKaydetButoni'

2021-10-14 17:15:50 - [MESSAGE][INFO] - Checking object

2021-10-14 17:15:50 - [MESSAGE][INFO] - Finding web element from Test Object's properties

2021-10-14 17:15:50 - [MESSAGE][INFO] - Checking timeout

2021-10-14 17:15:50 - [MESSAGE][INFO] - Finding web element with id: 'Object Repository/Sekmeler/DepartmanKaydetButoni' located by 'By.cssSelector: .dx-vam' in '30' second(s)

2021-10-14 17:15:50 - [MESSAGE][INFO] - Smart Wait Function is triggered

2021-10-14 17:15:50 - [MESSAGE][INFO] - Found 1 web elements with id: 'Object Repository/Sekmeler/DepartmanKaydetButoni' located by 'By.cssSelector: .dx-vam' in '30' second(s)

2021-10-14 17:15:50 - [MESSAGE][INFO] - Clicking on object: 'Object Repository/Sekmeler/DepartmanKaydetButoni'

2021-10-14 17:15:51 - [MESSAGE][PASSED] - Object: 'Object Repository/Sekmeler/DepartmanKaydetButoni' is clicked on

2021-10-14 17:15:51 - [MESSAGE][PASSED] - Call Test Case 'Test Cases/Sekmeler/DepartmanKaydedilir' successfully

2021-10-14 17:15:51 - [MESSAGE][INFO] - Checking called Test Case

2021-10-14 17:15:51 - [MESSAGE][INFO] - Starting to call Test Case 'Test Cases/Popup/PopupMesajiIceriyorMu'

2021-10-14 17:15:51 - [TEST_CASE][PASSED] - Test Cases/Popup/PopupMesajiIceriyorMu: Test Cases/Popup/PopupMesajiIceriyorMu

2021-10-14 17:15:51 - [TEST_STEP][PASSED] - waitForElementVisible(findTestObject("Popup/Popup"), 10): Object 'Object Repository/Popup/Popup' is visible

2021-10-14 17:15:51 - [MESSAGE][INFO] - Finding Test Object 'Object Repository/Popup/Popup'

2021-10-14 17:15:51 - [MESSAGE][INFO] - Checking object

2021-10-14 17:15:51 - [MESSAGE][INFO] - Checking timeout

2021-10-14 17:15:51 - [MESSAGE][INFO] - Finding web element from Test Object's properties

2021-10-14 17:15:51 - [MESSAGE][INFO] - Checking timeout

2021-10-14 17:15:51 - [MESSAGE][INFO] - Finding web element with id: 'Object Repository/Popup/Popup' located by 'By.cssSelector: .bootbox-body' in '10' second(s)

2021-10-14 17:15:51 - [MESSAGE][INFO] - Smart Wait Function is triggered

2021-10-14 17:15:52 - [MESSAGE][INFO] - Found 1 web elements with id: 'Object Repository/Popup/Popup' located by 'By.cssSelector: .bootbox-body' in '10' second(s)

2021-10-14 17:15:52 - [MESSAGE][PASSED] - Object 'Object Repository/Popup/Popup' is visible

2021-10-14 17:15:52 - [TEST_STEP][PASSED] - if (!(getText(findTestObject("Popup/Popup")).contains(Mesaj))): Text of object 'Object Repository/Popup/Popup' is: 'Seçilen belgeler ilgili departmanlara aktarılmıştır.'

2021-10-14 17:15:52 - [MESSAGE][INFO] - Finding Test Object 'Object Repository/Popup/Popup'

2021-10-14 17:15:52 - [MESSAGE][INFO] - Checking object

2021-10-14 17:15:52 - [MESSAGE][INFO] - Finding web element from Test Object's properties

2021-10-14 17:15:52 - [MESSAGE][INFO] - Checking timeout

2021-10-14 17:15:52 - [MESSAGE][INFO] - Finding web element with id: 'Object Repository/Popup/Popup' located by 'By.cssSelector: .bootbox-body' in '30' second(s)

2021-10-14 17:15:52 - [MESSAGE][INFO] - Smart Wait Function is triggered

2021-10-14 17:15:52 - [MESSAGE][INFO] - Found 1 web elements with id: 'Object Repository/Popup/Popup' located by 'By.cssSelector: .bootbox-body' in '30' second(s)

2021-10-14 17:15:52 - [MESSAGE][INFO] - Getting text of object 'Object Repository/Popup/Popup'

2021-10-14 17:15:52 - [MESSAGE][PASSED] - Text of object 'Object Repository/Popup/Popup' is: 'Seçilen belgeler ilgili departmanlara aktarılmıştır.'

2021-10-14 17:15:52 - [TEST_STEP][PASSED] - RaporNo = getText(findTestObject("Popup/Popup")).substring(0, 6): Text of object 'Object Repository/Popup/Popup' is: 'Seçilen belgeler ilgili departmanlara aktarılmıştır.'

2021-10-14 17:15:52 - [MESSAGE][INFO] - Finding Test Object 'Object Repository/Popup/Popup'

2021-10-14 17:15:52 - [MESSAGE][INFO] - Checking object

2021-10-14 17:15:52 - [MESSAGE][INFO] - Finding web element from Test Object's properties

2021-10-14 17:15:52 - [MESSAGE][INFO] - Checking timeout

2021-10-14 17:15:52 - [MESSAGE][INFO] - Finding web element with id: 'Object Repository/Popup/Popup' located by 'By.cssSelector: .bootbox-body' in '30' second(s)

2021-10-14 17:15:52 - [MESSAGE][INFO] - Smart Wait Function is triggered

2021-10-14 17:15:53 - [MESSAGE][INFO] - Found 1 web elements with id: 'Object Repository/Popup/Popup' located by 'By.cssSelector: .bootbox-body' in '30' second(s)

2021-10-14 17:15:53 - [MESSAGE][INFO] - Getting text of object 'Object Repository/Popup/Popup'

2021-10-14 17:15:53 - [MESSAGE][PASSED] - Text of object 'Object Repository/Popup/Popup' is: 'Seçilen belgeler ilgili departmanlara aktarılmıştır.'

2021-10-14 17:15:53 - [TEST_STEP][PASSED] - Console.println(RaporNo): null

2021-10-14 17:15:53 - [MESSAGE][PASSED] - Call Test Case 'Test Cases/Popup/PopupMesajiIceriyorMu' successfully

2021-10-14 17:15:53 - [MESSAGE][INFO] - Checking called Test Case

2021-10-14 17:15:53 - [MESSAGE][INFO] - Starting to call Test Case 'Test Cases/Popup/PopupButonSecilir'

2021-10-14 17:15:53 - [TEST_CASE][PASSED] - Test Cases/Popup/PopupButonSecilir: Test Cases/Popup/PopupButonSecilir

2021-10-14 17:15:53 - [TEST_STEP][PASSED] - Method.TextDegerineEsitElementeTikla(findTestObject("Popup/Popup_Butons"), Buton): Method.TextDegerineEsitElementeTikla is PASSED

2021-10-14 17:15:53 - [MESSAGE][INFO] - Finding Test Object 'Object Repository/Popup/Popup_Butons'

2021-10-14 17:15:53 - [MESSAGE][INFO] - Checking timeout

2021-10-14 17:15:53 - [MESSAGE][INFO] - Finding web element with id: 'Object Repository/Popup/Popup_Butons' located by 'By.cssSelector: .modal-footer>button' in '10' second(s)

2021-10-14 17:15:53 - [MESSAGE][INFO] - Smart Wait Function is triggered

2021-10-14 17:15:53 - [MESSAGE][INFO] - Found 1 web elements with id: 'Object Repository/Popup/Popup_Butons' located by 'By.cssSelector: .modal-footer>button' in '10' second(s)

2021-10-14 17:15:53 - [MESSAGE][PASSED] - Method.TextDegerineEsitElementeTikla is PASSED

2021-10-14 17:15:53 - [MESSAGE][PASSED] - Call Test Case 'Test Cases/Popup/PopupButonSecilir' successfully

2021-10-14 17:15:53 - [MESSAGE][INFO] - Checking called Test Case

2021-10-14 17:15:53 - [MESSAGE][INFO] - Starting to call Test Case 'Test Cases/Sekmeler/Ana_Sekmeye_Gec'

2021-10-14 17:15:53 - [TEST_CASE][PASSED] - Test Cases/Sekmeler/Ana_Sekmeye_Gec: Test Cases/Sekmeler/Ana_Sekmeye_Gec

2021-10-14 17:15:53 - [TEST_STEP][FAILED] - try: Unable to get the index of the current window (Root cause: com.kms.katalon.core.exception.StepFailedException: Unable to get the index of the current window
	at com.kms.katalon.core.webui.keyword.internal.WebUIKeywordMain.stepFailed(WebUIKeywordMain.groovy:64)
	at com.kms.katalon.core.webui.keyword.internal.WebUIKeywordMain.runKeywordAndReturnInt(WebUIKeywordMain.groovy:56)
	at com.kms.katalon.core.webui.keyword.builtin.GetWindowIndexKeyword.getWindowIndex(GetWindowIndexKeyword.groovy:71)
	at com.kms.katalon.core.webui.keyword.builtin.GetWindowIndexKeyword.execute(GetWindowIndexKeyword.groovy:66)
	at com.kms.katalon.core.keyword.internal.KeywordExecutor.executeKeywordForPlatform(KeywordExecutor.groovy:73)
	at com.kms.katalon.core.webui.keyword.WebUiBuiltInKeywords.getWindowIndex(WebUiBuiltInKeywords.groovy:262)
	at com.kms.katalon.core.webui.keyword.WebUiBuiltInKeywords$getWindowIndex$21.call(Unknown Source)
	at Ana_Sekmeye_Gec.run(Ana_Sekmeye_Gec:18)
	at com.kms.katalon.core.main.ScriptEngine.run(ScriptEngine.java:194)
	at com.kms.katalon.core.main.ScriptEngine.runScriptAsRawText(ScriptEngine.java:119)
	at com.kms.katalon.core.main.TestCaseExecutor.runScript(TestCaseExecutor.java:369)
	at com.kms.katalon.core.main.TestCaseExecutor.doExecute(TestCaseExecutor.java:360)
	at com.kms.katalon.core.main.TestCaseExecutor.processExecutionPhase(TestCaseExecutor.java:339)
	at com.kms.katalon.core.main.TestCaseExecutor.accessMainPhase(TestCaseExecutor.java:331)
	at com.kms.katalon.core.main.TestCaseExecutor.execute(TestCaseExecutor.java:248)
	at com.kms.katalon.core.main.TestCaseMain.runTestCase(TestCaseMain.java:138)
	at com.kms.katalon.core.keyword.builtin.CallTestCaseKeyword$_callTestCase_closure1.doCall(CallTestCaseKeyword.groovy:59)
	at com.kms.katalon.core.keyword.builtin.CallTestCaseKeyword$_callTestCase_closure1.call(CallTestCaseKeyword.groovy)
	at com.kms.katalon.core.keyword.internal.KeywordMain.runKeyword(KeywordMain.groovy:68)
	at com.kms.katalon.core.keyword.builtin.CallTestCaseKeyword.callTestCase(CallTestCaseKeyword.groovy:81)
	at com.kms.katalon.core.keyword.builtin.CallTestCaseKeyword.execute(CallTestCaseKeyword.groovy:44)
	at com.kms.katalon.core.keyword.internal.KeywordExecutor.executeKeywordForPlatform(KeywordExecutor.groovy:73)
	at com.kms.katalon.core.keyword.BuiltinKeywords.callTestCase(BuiltinKeywords.groovy:334)
	at sekmeler.sekmeler.anaSekmeyeGecilir(sekmeler.groovy:55)
	at cucumber.runtime.Utils$1.call(Utils.java:26)
	at cucumber.runtime.Timeout.timeout(Timeout.java:16)
	at cucumber.runtime.Utils.invoke(Utils.java:20)
	at cucumber.runtime.java.JavaStepDefinition.execute(JavaStepDefinition.java:49)
	at cucumber.runner.PickleStepDefinitionMatch.runStep(PickleStepDefinitionMatch.java:50)
	at cucumber.runner.TestStep.executeStep(TestStep.java:63)
	at cucumber.runner.TestStep.run(TestStep.java:49)
	at cucumber.runner.PickleStepTestStep.run(PickleStepTestStep.java:43)
	at cucumber.runner.TestCase.run(TestCase.java:44)
	at cucumber.runner.Runner.runPickle(Runner.java:40)
	at cucumber.runtime.Runtime$1.run(Runtime.java:84)
	at cucumber.runtime.Runtime$SameThreadExecutorService.execute(Runtime.java:220)
	at cucumber.runtime.Runtime.run(Runtime.java:81)
	at cucumber.api.cli.Main.run(Main.java:26)
	at cucumber.api.cli.Main$run.call(Unknown Source)
	at com.kms.katalon.core.cucumber.keyword.CucumberBuiltinKeywords$_runFeatureFile_closure1.doCall(CucumberBuiltinKeywords.groovy:106)
	at com.kms.katalon.core.cucumber.keyword.CucumberBuiltinKeywords$_runFeatureFile_closure1.doCall(CucumberBuiltinKeywords.groovy)
	at com.kms.katalon.core.keyword.internal.KeywordMain.runKeyword(KeywordMain.groovy:68)
	at com.kms.katalon.core.keyword.internal.KeywordMain$runKeyword.call(Unknown Source)
	at com.kms.katalon.core.cucumber.keyword.CucumberBuiltinKeywords.runFeatureFile(CucumberBuiltinKeywords.groovy:73)
	at com.kms.katalon.core.cucumber.keyword.CucumberBuiltinKeywords$runFeatureFile$0.callStatic(Unknown Source)
	at com.kms.katalon.core.cucumber.keyword.CucumberBuiltinKeywords.runFeatureFile(CucumberBuiltinKeywords.groovy:246)
	at com.kms.katalon.core.cucumber.keyword.CucumberBuiltinKeywords$runFeatureFile.call(Unknown Source)
	at Departman Ata-Geri Al.run(Departman Ata-Geri Al:18)
	at com.kms.katalon.core.main.ScriptEngine.run(ScriptEngine.java:194)
	at com.kms.katalon.core.main.ScriptEngine.runScriptAsRawText(ScriptEngine.java:119)
	at com.kms.katalon.core.main.TestCaseExecutor.runScript(TestCaseExecutor.java:369)
	at com.kms.katalon.core.main.TestCaseExecutor.doExecute(TestCaseExecutor.java:360)
	at com.kms.katalon.core.main.TestCaseExecutor.processExecutionPhase(TestCaseExecutor.java:339)
	at com.kms.katalon.core.main.TestCaseExecutor.accessMainPhase(TestCaseExecutor.java:331)
	at com.kms.katalon.core.main.TestCaseExecutor.execute(TestCaseExecutor.java:248)
	at com.kms.katalon.core.main.TestSuiteExecutor.accessTestCaseMainPhase(TestSuiteExecutor.java:191)
	at com.kms.katalon.core.main.TestSuiteExecutor.accessTestSuiteMainPhase(TestSuiteExecutor.java:140)
	at com.kms.katalon.core.main.TestSuiteExecutor.execute(TestSuiteExecutor.java:89)
	at com.kms.katalon.core.main.TestCaseMain.startTestSuite(TestCaseMain.java:181)
	at com.kms.katalon.core.main.TestCaseMain$startTestSuite$0.call(Unknown Source)
	at TempTestSuite1634220073501.run(TempTestSuite1634220073501.groovy:39)
Caused by: org.openqa.selenium.NoSuchWindowException: no such window: window was already closed
  (Session info: chrome=94.0.4606.81)
Build info: version: '3.141.59', revision: 'e82be7d358', time: '2018-11-14T08:25:53'
System info: host: 'DESKTOP-QBVMTUG', ip: '10.10.3.14', os.name: 'Windows 10', os.arch: 'amd64', os.version: '10.0', java.version: '1.8.0_282'
Driver info: com.kms.katalon.selenium.driver.CChromeDriver
Capabilities {acceptInsecureCerts: false, browserName: chrome, browserVersion: 94.0.4606.81, chrome: {chromedriverVersion: 94.0.4606.61 (418b78f5838ed..., userDataDir: C:\Users\DELL\AppData\Local...}, goog:chromeOptions: {debuggerAddress: localhost:53981}, javascriptEnabled: true, networkConnectionEnabled: false, pageLoadStrategy: normal, platform: WINDOWS, platformName: WINDOWS, proxy: Proxy(), setWindowRect: true, strictFileInteractability: false, timeouts: {implicit: 0, pageLoad: 300000, script: 30000}, unhandledPromptBehavior: dismiss and notify, webauthn:extension:credBlob: true, webauthn:extension:largeBlob: true, webauthn:virtualAuthenticators: true}
Session ID: 2593d965c60e4b960a63027f179a4925
	at org.openqa.selenium.remote.http.W3CHttpResponseCodec.createException(W3CHttpResponseCodec.java:187)
	at org.openqa.selenium.remote.http.W3CHttpResponseCodec.decode(W3CHttpResponseCodec.java:122)
	at org.openqa.selenium.remote.http.W3CHttpResponseCodec.decode(W3CHttpResponseCodec.java:49)
	at org.openqa.selenium.remote.HttpCommandExecutor.execute(HttpCommandExecutor.java:158)
	at org.openqa.selenium.remote.service.DriverCommandExecutor.execute(DriverCommandExecutor.java:83)
	at org.openqa.selenium.remote.RemoteWebDriver.execute(RemoteWebDriver.java:552)
	at com.kms.katalon.selenium.driver.CChromeDriver.execute(CChromeDriver.java:19)
	at org.openqa.selenium.remote.RemoteWebDriver.execute(RemoteWebDriver.java:609)
	at org.openqa.selenium.remote.RemoteWebDriver.getWindowHandle(RemoteWebDriver.java:472)
	at org.openqa.selenium.support.events.EventFiringWebDriver.lambda$new$1(EventFiringWebDriver.java:105)
	at com.sun.proxy.$Proxy12.getWindowHandle(Unknown Source)
	at org.openqa.selenium.support.events.EventFiringWebDriver.getWindowHandle(EventFiringWebDriver.java:221)
	at com.kms.katalon.core.webui.driver.DriverFactory.getCurrentWindowIndex(DriverFactory.java:1072)
	at com.kms.katalon.core.webui.keyword.builtin.GetWindowIndexKeyword$_getWindowIndex_closure1.doCall(GetWindowIndexKeyword.groovy:73)
	at com.kms.katalon.core.webui.keyword.builtin.GetWindowIndexKeyword$_getWindowIndex_closure1.call(GetWindowIndexKeyword.groovy)
	at com.kms.katalon.core.webui.keyword.internal.WebUIKeywordMain.runKeywordAndReturnInt(WebUIKeywordMain.groovy:50)
	at com.kms.katalon.core.webui.keyword.builtin.GetWindowIndexKeyword.getWindowIndex(GetWindowIndexKeyword.groovy:71)
	at com.kms.katalon.core.webui.keyword.builtin.GetWindowIndexKeyword.execute(GetWindowIndexKeyword.groovy:66)
	at com.kms.katalon.core.keyword.internal.KeywordExecutor.executeKeywordForPlatform(KeywordExecutor.groovy:73)
	at com.kms.katalon.core.webui.keyword.WebUiBuiltInKeywords.getWindowIndex(WebUiBuiltInKeywords.groovy:262)
	at com.kms.katalon.core.webui.keyword.WebUiBuiltInKeywords$getWindowIndex$21.call(Unknown Source)
	at Script1586261051750.run(Script1586261051750.groovy:18)
	at com.kms.katalon.core.main.ScriptEngine.run(ScriptEngine.java:194)
	at com.kms.katalon.core.main.ScriptEngine.runScriptAsRawText(ScriptEngine.java:119)
	at com.kms.katalon.core.main.TestCaseExecutor.runScript(TestCaseExecutor.java:369)
	at com.kms.katalon.core.main.TestCaseExecutor.doExecute(TestCaseExecutor.java:360)
	at com.kms.katalon.core.main.TestCaseExecutor.processExecutionPhase(TestCaseExecutor.java:339)
	at com.kms.katalon.core.main.TestCaseExecutor.accessMainPhase(TestCaseExecutor.java:331)
	at com.kms.katalon.core.main.TestCaseExecutor.execute(TestCaseExecutor.java:248)
	at com.kms.katalon.core.main.TestCaseMain.runTestCase(TestCaseMain.java:138)
	at com.kms.katalon.core.keyword.builtin.CallTestCaseKeyword$_callTestCase_closure1.doCall(CallTestCaseKeyword.groovy:59)
	at com.kms.katalon.core.keyword.builtin.CallTestCaseKeyword$_callTestCase_closure1.call(CallTestCaseKeyword.groovy)
	at com.kms.katalon.core.keyword.internal.KeywordMain.runKeyword(KeywordMain.groovy:68)
	at com.kms.katalon.core.keyword.builtin.CallTestCaseKeyword.callTestCase(CallTestCaseKeyword.groovy:81)
	at com.kms.katalon.core.keyword.builtin.CallTestCaseKeyword.execute(CallTestCaseKeyword.groovy:44)
	at com.kms.katalon.core.keyword.internal.KeywordExecutor.executeKeywordForPlatform(KeywordExecutor.groovy:73)
	at com.kms.katalon.core.keyword.BuiltinKeywords.callTestCase(BuiltinKeywords.groovy:334)
	at sekmeler.sekmeler.anaSekmeyeGecilir(sekmeler.groovy:55)
	at cucumber.runtime.Utils$1.call(Utils.java:26)
	at cucumber.runtime.Timeout.timeout(Timeout.java:16)
	at cucumber.runtime.Utils.invoke(Utils.java:20)
	at cucumber.runtime.java.JavaStepDefinition.execute(JavaStepDefinition.java:49)
	at cucumber.runner.PickleStepDefinitionMatch.runStep(PickleStepDefinitionMatch.java:50)
	at cucumber.runner.TestStep.executeStep(TestStep.java:63)
	at cucumber.runner.TestStep.run(TestStep.java:49)
	at cucumber.runner.PickleStepTestStep.run(PickleStepTestStep.java:43)
	at cucumber.runner.TestCase.run(TestCase.java:44)
	at cucumber.runner.Runner.runPickle(Runner.java:40)
	at cucumber.runtime.Runtime$1.run(Runtime.java:84)
	at cucumber.runtime.Runtime$SameThreadExecutorService.execute(Runtime.java:220)
	at cucumber.runtime.Runtime.run(Runtime.java:81)
	at cucumber.api.cli.Main.run(Main.java:26)
	at cucumber.api.cli.Main$run.call(Unknown Source)
	at com.kms.katalon.core.cucumber.keyword.CucumberBuiltinKeywords$_runFeatureFile_closure1.doCall(CucumberBuiltinKeywords.groovy:106)
	at com.kms.katalon.core.cucumber.keyword.CucumberBuiltinKeywords$_runFeatureFile_closure1.doCall(CucumberBuiltinKeywords.groovy)
	at com.kms.katalon.core.keyword.internal.KeywordMain.runKeyword(KeywordMain.groovy:68)
	at com.kms.katalon.core.keyword.internal.KeywordMain$runKeyword.call(Unknown Source)
	at com.kms.katalon.core.cucumber.keyword.CucumberBuiltinKeywords.runFeatureFile(CucumberBuiltinKeywords.groovy:73)
	at com.kms.katalon.core.cucumber.keyword.CucumberBuiltinKeywords$runFeatureFile$0.callStatic(Unknown Source)
	at com.kms.katalon.core.cucumber.keyword.CucumberBuiltinKeywords.runFeatureFile(CucumberBuiltinKeywords.groovy:246)
	at com.kms.katalon.core.cucumber.keyword.CucumberBuiltinKeywords$runFeatureFile.call(Unknown Source)
	at Script1601995472919.run(Script1601995472919.groovy:18)
	... 13 more
)

2021-10-14 17:15:53 - [TEST_STEP][FAILED] - index = getWindowIndex(): Unable to get the index of the current window (Root cause: com.kms.katalon.core.exception.StepFailedException: Unable to get the index of the current window
	at com.kms.katalon.core.webui.keyword.internal.WebUIKeywordMain.stepFailed(WebUIKeywordMain.groovy:64)
	at com.kms.katalon.core.webui.keyword.internal.WebUIKeywordMain.runKeywordAndReturnInt(WebUIKeywordMain.groovy:56)
	at com.kms.katalon.core.webui.keyword.builtin.GetWindowIndexKeyword.getWindowIndex(GetWindowIndexKeyword.groovy:71)
	at com.kms.katalon.core.webui.keyword.builtin.GetWindowIndexKeyword.execute(GetWindowIndexKeyword.groovy:66)
	at com.kms.katalon.core.keyword.internal.KeywordExecutor.executeKeywordForPlatform(KeywordExecutor.groovy:73)
	at com.kms.katalon.core.webui.keyword.WebUiBuiltInKeywords.getWindowIndex(WebUiBuiltInKeywords.groovy:262)
	at com.kms.katalon.core.webui.keyword.WebUiBuiltInKeywords$getWindowIndex$21.call(Unknown Source)
	at Ana_Sekmeye_Gec.run(Ana_Sekmeye_Gec:18)
	at com.kms.katalon.core.main.ScriptEngine.run(ScriptEngine.java:194)
	at com.kms.katalon.core.main.ScriptEngine.runScriptAsRawText(ScriptEngine.java:119)
	at com.kms.katalon.core.main.TestCaseExecutor.runScript(TestCaseExecutor.java:369)
	at com.kms.katalon.core.main.TestCaseExecutor.doExecute(TestCaseExecutor.java:360)
	at com.kms.katalon.core.main.TestCaseExecutor.processExecutionPhase(TestCaseExecutor.java:339)
	at com.kms.katalon.core.main.TestCaseExecutor.accessMainPhase(TestCaseExecutor.java:331)
	at com.kms.katalon.core.main.TestCaseExecutor.execute(TestCaseExecutor.java:248)
	at com.kms.katalon.core.main.TestCaseMain.runTestCase(TestCaseMain.java:138)
	at com.kms.katalon.core.keyword.builtin.CallTestCaseKeyword$_callTestCase_closure1.doCall(CallTestCaseKeyword.groovy:59)
	at com.kms.katalon.core.keyword.builtin.CallTestCaseKeyword$_callTestCase_closure1.call(CallTestCaseKeyword.groovy)
	at com.kms.katalon.core.keyword.internal.KeywordMain.runKeyword(KeywordMain.groovy:68)
	at com.kms.katalon.core.keyword.builtin.CallTestCaseKeyword.callTestCase(CallTestCaseKeyword.groovy:81)
	at com.kms.katalon.core.keyword.builtin.CallTestCaseKeyword.execute(CallTestCaseKeyword.groovy:44)
	at com.kms.katalon.core.keyword.internal.KeywordExecutor.executeKeywordForPlatform(KeywordExecutor.groovy:73)
	at com.kms.katalon.core.keyword.BuiltinKeywords.callTestCase(BuiltinKeywords.groovy:334)
	at sekmeler.sekmeler.anaSekmeyeGecilir(sekmeler.groovy:55)
	at cucumber.runtime.Utils$1.call(Utils.java:26)
	at cucumber.runtime.Timeout.timeout(Timeout.java:16)
	at cucumber.runtime.Utils.invoke(Utils.java:20)
	at cucumber.runtime.java.JavaStepDefinition.execute(JavaStepDefinition.java:49)
	at cucumber.runner.PickleStepDefinitionMatch.runStep(PickleStepDefinitionMatch.java:50)
	at cucumber.runner.TestStep.executeStep(TestStep.java:63)
	at cucumber.runner.TestStep.run(TestStep.java:49)
	at cucumber.runner.PickleStepTestStep.run(PickleStepTestStep.java:43)
	at cucumber.runner.TestCase.run(TestCase.java:44)
	at cucumber.runner.Runner.runPickle(Runner.java:40)
	at cucumber.runtime.Runtime$1.run(Runtime.java:84)
	at cucumber.runtime.Runtime$SameThreadExecutorService.execute(Runtime.java:220)
	at cucumber.runtime.Runtime.run(Runtime.java:81)
	at cucumber.api.cli.Main.run(Main.java:26)
	at cucumber.api.cli.Main$run.call(Unknown Source)
	at com.kms.katalon.core.cucumber.keyword.CucumberBuiltinKeywords$_runFeatureFile_closure1.doCall(CucumberBuiltinKeywords.groovy:106)
	at com.kms.katalon.core.cucumber.keyword.CucumberBuiltinKeywords$_runFeatureFile_closure1.doCall(CucumberBuiltinKeywords.groovy)
	at com.kms.katalon.core.keyword.internal.KeywordMain.runKeyword(KeywordMain.groovy:68)
	at com.kms.katalon.core.keyword.internal.KeywordMain$runKeyword.call(Unknown Source)
	at com.kms.katalon.core.cucumber.keyword.CucumberBuiltinKeywords.runFeatureFile(CucumberBuiltinKeywords.groovy:73)
	at com.kms.katalon.core.cucumber.keyword.CucumberBuiltinKeywords$runFeatureFile$0.callStatic(Unknown Source)
	at com.kms.katalon.core.cucumber.keyword.CucumberBuiltinKeywords.runFeatureFile(CucumberBuiltinKeywords.groovy:246)
	at com.kms.katalon.core.cucumber.keyword.CucumberBuiltinKeywords$runFeatureFile.call(Unknown Source)
	at Departman Ata-Geri Al.run(Departman Ata-Geri Al:18)
	at com.kms.katalon.core.main.ScriptEngine.run(ScriptEngine.java:194)
	at com.kms.katalon.core.main.ScriptEngine.runScriptAsRawText(ScriptEngine.java:119)
	at com.kms.katalon.core.main.TestCaseExecutor.runScript(TestCaseExecutor.java:369)
	at com.kms.katalon.core.main.TestCaseExecutor.doExecute(TestCaseExecutor.java:360)
	at com.kms.katalon.core.main.TestCaseExecutor.processExecutionPhase(TestCaseExecutor.java:339)
	at com.kms.katalon.core.main.TestCaseExecutor.accessMainPhase(TestCaseExecutor.java:331)
	at com.kms.katalon.core.main.TestCaseExecutor.execute(TestCaseExecutor.java:248)
	at com.kms.katalon.core.main.TestSuiteExecutor.accessTestCaseMainPhase(TestSuiteExecutor.java:191)
	at com.kms.katalon.core.main.TestSuiteExecutor.accessTestSuiteMainPhase(TestSuiteExecutor.java:140)
	at com.kms.katalon.core.main.TestSuiteExecutor.execute(TestSuiteExecutor.java:89)
	at com.kms.katalon.core.main.TestCaseMain.startTestSuite(TestCaseMain.java:181)
	at com.kms.katalon.core.main.TestCaseMain$startTestSuite$0.call(Unknown Source)
	at TempTestSuite1634220073501.run(TempTestSuite1634220073501.groovy:39)
Caused by: org.openqa.selenium.NoSuchWindowException: no such window: window was already closed
  (Session info: chrome=94.0.4606.81)
Build info: version: '3.141.59', revision: 'e82be7d358', time: '2018-11-14T08:25:53'
System info: host: 'DESKTOP-QBVMTUG', ip: '10.10.3.14', os.name: 'Windows 10', os.arch: 'amd64', os.version: '10.0', java.version: '1.8.0_282'
Driver info: com.kms.katalon.selenium.driver.CChromeDriver
Capabilities {acceptInsecureCerts: false, browserName: chrome, browserVersion: 94.0.4606.81, chrome: {chromedriverVersion: 94.0.4606.61 (418b78f5838ed..., userDataDir: C:\Users\DELL\AppData\Local...}, goog:chromeOptions: {debuggerAddress: localhost:53981}, javascriptEnabled: true, networkConnectionEnabled: false, pageLoadStrategy: normal, platform: WINDOWS, platformName: WINDOWS, proxy: Proxy(), setWindowRect: true, strictFileInteractability: false, timeouts: {implicit: 0, pageLoad: 300000, script: 30000}, unhandledPromptBehavior: dismiss and notify, webauthn:extension:credBlob: true, webauthn:extension:largeBlob: true, webauthn:virtualAuthenticators: true}
Session ID: 2593d965c60e4b960a63027f179a4925
	at org.openqa.selenium.remote.http.W3CHttpResponseCodec.createException(W3CHttpResponseCodec.java:187)
	at org.openqa.selenium.remote.http.W3CHttpResponseCodec.decode(W3CHttpResponseCodec.java:122)
	at org.openqa.selenium.remote.http.W3CHttpResponseCodec.decode(W3CHttpResponseCodec.java:49)
	at org.openqa.selenium.remote.HttpCommandExecutor.execute(HttpCommandExecutor.java:158)
	at org.openqa.selenium.remote.service.DriverCommandExecutor.execute(DriverCommandExecutor.java:83)
	at org.openqa.selenium.remote.RemoteWebDriver.execute(RemoteWebDriver.java:552)
	at com.kms.katalon.selenium.driver.CChromeDriver.execute(CChromeDriver.java:19)
	at org.openqa.selenium.remote.RemoteWebDriver.execute(RemoteWebDriver.java:609)
	at org.openqa.selenium.remote.RemoteWebDriver.getWindowHandle(RemoteWebDriver.java:472)
	at org.openqa.selenium.support.events.EventFiringWebDriver.lambda$new$1(EventFiringWebDriver.java:105)
	at com.sun.proxy.$Proxy12.getWindowHandle(Unknown Source)
	at org.openqa.selenium.support.events.EventFiringWebDriver.getWindowHandle(EventFiringWebDriver.java:221)
	at com.kms.katalon.core.webui.driver.DriverFactory.getCurrentWindowIndex(DriverFactory.java:1072)
	at com.kms.katalon.core.webui.keyword.builtin.GetWindowIndexKeyword$_getWindowIndex_closure1.doCall(GetWindowIndexKeyword.groovy:73)
	at com.kms.katalon.core.webui.keyword.builtin.GetWindowIndexKeyword$_getWindowIndex_closure1.call(GetWindowIndexKeyword.groovy)
	at com.kms.katalon.core.webui.keyword.internal.WebUIKeywordMain.runKeywordAndReturnInt(WebUIKeywordMain.groovy:50)
	at com.kms.katalon.core.webui.keyword.builtin.GetWindowIndexKeyword.getWindowIndex(GetWindowIndexKeyword.groovy:71)
	at com.kms.katalon.core.webui.keyword.builtin.GetWindowIndexKeyword.execute(GetWindowIndexKeyword.groovy:66)
	at com.kms.katalon.core.keyword.internal.KeywordExecutor.executeKeywordForPlatform(KeywordExecutor.groovy:73)
	at com.kms.katalon.core.webui.keyword.WebUiBuiltInKeywords.getWindowIndex(WebUiBuiltInKeywords.groovy:262)
	at com.kms.katalon.core.webui.keyword.WebUiBuiltInKeywords$getWindowIndex$21.call(Unknown Source)
	at Script1586261051750.run(Script1586261051750.groovy:18)
	at com.kms.katalon.core.main.ScriptEngine.run(ScriptEngine.java:194)
	at com.kms.katalon.core.main.ScriptEngine.runScriptAsRawText(ScriptEngine.java:119)
	at com.kms.katalon.core.main.TestCaseExecutor.runScript(TestCaseExecutor.java:369)
	at com.kms.katalon.core.main.TestCaseExecutor.doExecute(TestCaseExecutor.java:360)
	at com.kms.katalon.core.main.TestCaseExecutor.processExecutionPhase(TestCaseExecutor.java:339)
	at com.kms.katalon.core.main.TestCaseExecutor.accessMainPhase(TestCaseExecutor.java:331)
	at com.kms.katalon.core.main.TestCaseExecutor.execute(TestCaseExecutor.java:248)
	at com.kms.katalon.core.main.TestCaseMain.runTestCase(TestCaseMain.java:138)
	at com.kms.katalon.core.keyword.builtin.CallTestCaseKeyword$_callTestCase_closure1.doCall(CallTestCaseKeyword.groovy:59)
	at com.kms.katalon.core.keyword.builtin.CallTestCaseKeyword$_callTestCase_closure1.call(CallTestCaseKeyword.groovy)
	at com.kms.katalon.core.keyword.internal.KeywordMain.runKeyword(KeywordMain.groovy:68)
	at com.kms.katalon.core.keyword.builtin.CallTestCaseKeyword.callTestCase(CallTestCaseKeyword.groovy:81)
	at com.kms.katalon.core.keyword.builtin.CallTestCaseKeyword.execute(CallTestCaseKeyword.groovy:44)
	at com.kms.katalon.core.keyword.internal.KeywordExecutor.executeKeywordForPlatform(KeywordExecutor.groovy:73)
	at com.kms.katalon.core.keyword.BuiltinKeywords.callTestCase(BuiltinKeywords.groovy:334)
	at sekmeler.sekmeler.anaSekmeyeGecilir(sekmeler.groovy:55)
	at cucumber.runtime.Utils$1.call(Utils.java:26)
	at cucumber.runtime.Timeout.timeout(Timeout.java:16)
	at cucumber.runtime.Utils.invoke(Utils.java:20)
	at cucumber.runtime.java.JavaStepDefinition.execute(JavaStepDefinition.java:49)
	at cucumber.runner.PickleStepDefinitionMatch.runStep(PickleStepDefinitionMatch.java:50)
	at cucumber.runner.TestStep.executeStep(TestStep.java:63)
	at cucumber.runner.TestStep.run(TestStep.java:49)
	at cucumber.runner.PickleStepTestStep.run(PickleStepTestStep.java:43)
	at cucumber.runner.TestCase.run(TestCase.java:44)
	at cucumber.runner.Runner.runPickle(Runner.java:40)
	at cucumber.runtime.Runtime$1.run(Runtime.java:84)
	at cucumber.runtime.Runtime$SameThreadExecutorService.execute(Runtime.java:220)
	at cucumber.runtime.Runtime.run(Runtime.java:81)
	at cucumber.api.cli.Main.run(Main.java:26)
	at cucumber.api.cli.Main$run.call(Unknown Source)
	at com.kms.katalon.core.cucumber.keyword.CucumberBuiltinKeywords$_runFeatureFile_closure1.doCall(CucumberBuiltinKeywords.groovy:106)
	at com.kms.katalon.core.cucumber.keyword.CucumberBuiltinKeywords$_runFeatureFile_closure1.doCall(CucumberBuiltinKeywords.groovy)
	at com.kms.katalon.core.keyword.internal.KeywordMain.runKeyword(KeywordMain.groovy:68)
	at com.kms.katalon.core.keyword.internal.KeywordMain$runKeyword.call(Unknown Source)
	at com.kms.katalon.core.cucumber.keyword.CucumberBuiltinKeywords.runFeatureFile(CucumberBuiltinKeywords.groovy:73)
	at com.kms.katalon.core.cucumber.keyword.CucumberBuiltinKeywords$runFeatureFile$0.callStatic(Unknown Source)
	at com.kms.katalon.core.cucumber.keyword.CucumberBuiltinKeywords.runFeatureFile(CucumberBuiltinKeywords.groovy:246)
	at com.kms.katalon.core.cucumber.keyword.CucumberBuiltinKeywords$runFeatureFile.call(Unknown Source)
	at Script1601995472919.run(Script1601995472919.groovy:18)
	... 13 more
)

2021-10-14 17:15:53 - [MESSAGE][INFO] - Getting current window's index

2021-10-14 17:15:53 - [MESSAGE][FAILED] - Unable to get the index of the current window (Root cause: com.kms.katalon.core.exception.StepFailedException: Unable to get the index of the current window
	at com.kms.katalon.core.webui.keyword.internal.WebUIKeywordMain.stepFailed(WebUIKeywordMain.groovy:64)
	at com.kms.katalon.core.webui.keyword.internal.WebUIKeywordMain.runKeywordAndReturnInt(WebUIKeywordMain.groovy:56)
	at com.kms.katalon.core.webui.keyword.builtin.GetWindowIndexKeyword.getWindowIndex(GetWindowIndexKeyword.groovy:71)
	at com.kms.katalon.core.webui.keyword.builtin.GetWindowIndexKeyword.execute(GetWindowIndexKeyword.groovy:66)
	at com.kms.katalon.core.keyword.internal.KeywordExecutor.executeKeywordForPlatform(KeywordExecutor.groovy:73)
	at com.kms.katalon.core.webui.keyword.WebUiBuiltInKeywords.getWindowIndex(WebUiBuiltInKeywords.groovy:262)
	at com.kms.katalon.core.webui.keyword.WebUiBuiltInKeywords$getWindowIndex$21.call(Unknown Source)
	at Ana_Sekmeye_Gec.run(Ana_Sekmeye_Gec:18)
	at com.kms.katalon.core.main.ScriptEngine.run(ScriptEngine.java:194)
	at com.kms.katalon.core.main.ScriptEngine.runScriptAsRawText(ScriptEngine.java:119)
	at com.kms.katalon.core.main.TestCaseExecutor.runScript(TestCaseExecutor.java:369)
	at com.kms.katalon.core.main.TestCaseExecutor.doExecute(TestCaseExecutor.java:360)
	at com.kms.katalon.core.main.TestCaseExecutor.processExecutionPhase(TestCaseExecutor.java:339)
	at com.kms.katalon.core.main.TestCaseExecutor.accessMainPhase(TestCaseExecutor.java:331)
	at com.kms.katalon.core.main.TestCaseExecutor.execute(TestCaseExecutor.java:248)
	at com.kms.katalon.core.main.TestCaseMain.runTestCase(TestCaseMain.java:138)
	at com.kms.katalon.core.keyword.builtin.CallTestCaseKeyword$_callTestCase_closure1.doCall(CallTestCaseKeyword.groovy:59)
	at com.kms.katalon.core.keyword.builtin.CallTestCaseKeyword$_callTestCase_closure1.call(CallTestCaseKeyword.groovy)
	at com.kms.katalon.core.keyword.internal.KeywordMain.runKeyword(KeywordMain.groovy:68)
	at com.kms.katalon.core.keyword.builtin.CallTestCaseKeyword.callTestCase(CallTestCaseKeyword.groovy:81)
	at com.kms.katalon.core.keyword.builtin.CallTestCaseKeyword.execute(CallTestCaseKeyword.groovy:44)
	at com.kms.katalon.core.keyword.internal.KeywordExecutor.executeKeywordForPlatform(KeywordExecutor.groovy:73)
	at com.kms.katalon.core.keyword.BuiltinKeywords.callTestCase(BuiltinKeywords.groovy:334)
	at sekmeler.sekmeler.anaSekmeyeGecilir(sekmeler.groovy:55)
	at cucumber.runtime.Utils$1.call(Utils.java:26)
	at cucumber.runtime.Timeout.timeout(Timeout.java:16)
	at cucumber.runtime.Utils.invoke(Utils.java:20)
	at cucumber.runtime.java.JavaStepDefinition.execute(JavaStepDefinition.java:49)
	at cucumber.runner.PickleStepDefinitionMatch.runStep(PickleStepDefinitionMatch.java:50)
	at cucumber.runner.TestStep.executeStep(TestStep.java:63)
	at cucumber.runner.TestStep.run(TestStep.java:49)
	at cucumber.runner.PickleStepTestStep.run(PickleStepTestStep.java:43)
	at cucumber.runner.TestCase.run(TestCase.java:44)
	at cucumber.runner.Runner.runPickle(Runner.java:40)
	at cucumber.runtime.Runtime$1.run(Runtime.java:84)
	at cucumber.runtime.Runtime$SameThreadExecutorService.execute(Runtime.java:220)
	at cucumber.runtime.Runtime.run(Runtime.java:81)
	at cucumber.api.cli.Main.run(Main.java:26)
	at cucumber.api.cli.Main$run.call(Unknown Source)
	at com.kms.katalon.core.cucumber.keyword.CucumberBuiltinKeywords$_runFeatureFile_closure1.doCall(CucumberBuiltinKeywords.groovy:106)
	at com.kms.katalon.core.cucumber.keyword.CucumberBuiltinKeywords$_runFeatureFile_closure1.doCall(CucumberBuiltinKeywords.groovy)
	at com.kms.katalon.core.keyword.internal.KeywordMain.runKeyword(KeywordMain.groovy:68)
	at com.kms.katalon.core.keyword.internal.KeywordMain$runKeyword.call(Unknown Source)
	at com.kms.katalon.core.cucumber.keyword.CucumberBuiltinKeywords.runFeatureFile(CucumberBuiltinKeywords.groovy:73)
	at com.kms.katalon.core.cucumber.keyword.CucumberBuiltinKeywords$runFeatureFile$0.callStatic(Unknown Source)
	at com.kms.katalon.core.cucumber.keyword.CucumberBuiltinKeywords.runFeatureFile(CucumberBuiltinKeywords.groovy:246)
	at com.kms.katalon.core.cucumber.keyword.CucumberBuiltinKeywords$runFeatureFile.call(Unknown Source)
	at Departman Ata-Geri Al.run(Departman Ata-Geri Al:18)
	at com.kms.katalon.core.main.ScriptEngine.run(ScriptEngine.java:194)
	at com.kms.katalon.core.main.ScriptEngine.runScriptAsRawText(ScriptEngine.java:119)
	at com.kms.katalon.core.main.TestCaseExecutor.runScript(TestCaseExecutor.java:369)
	at com.kms.katalon.core.main.TestCaseExecutor.doExecute(TestCaseExecutor.java:360)
	at com.kms.katalon.core.main.TestCaseExecutor.processExecutionPhase(TestCaseExecutor.java:339)
	at com.kms.katalon.core.main.TestCaseExecutor.accessMainPhase(TestCaseExecutor.java:331)
	at com.kms.katalon.core.main.TestCaseExecutor.execute(TestCaseExecutor.java:248)
	at com.kms.katalon.core.main.TestSuiteExecutor.accessTestCaseMainPhase(TestSuiteExecutor.java:191)
	at com.kms.katalon.core.main.TestSuiteExecutor.accessTestSuiteMainPhase(TestSuiteExecutor.java:140)
	at com.kms.katalon.core.main.TestSuiteExecutor.execute(TestSuiteExecutor.java:89)
	at com.kms.katalon.core.main.TestCaseMain.startTestSuite(TestCaseMain.java:181)
	at com.kms.katalon.core.main.TestCaseMain$startTestSuite$0.call(Unknown Source)
	at TempTestSuite1634220073501.run(TempTestSuite1634220073501.groovy:39)
Caused by: org.openqa.selenium.NoSuchWindowException: no such window: window was already closed
  (Session info: chrome=94.0.4606.81)
Build info: version: '3.141.59', revision: 'e82be7d358', time: '2018-11-14T08:25:53'
System info: host: 'DESKTOP-QBVMTUG', ip: '10.10.3.14', os.name: 'Windows 10', os.arch: 'amd64', os.version: '10.0', java.version: '1.8.0_282'
Driver info: com.kms.katalon.selenium.driver.CChromeDriver
Capabilities {acceptInsecureCerts: false, browserName: chrome, browserVersion: 94.0.4606.81, chrome: {chromedriverVersion: 94.0.4606.61 (418b78f5838ed..., userDataDir: C:\Users\DELL\AppData\Local...}, goog:chromeOptions: {debuggerAddress: localhost:53981}, javascriptEnabled: true, networkConnectionEnabled: false, pageLoadStrategy: normal, platform: WINDOWS, platformName: WINDOWS, proxy: Proxy(), setWindowRect: true, strictFileInteractability: false, timeouts: {implicit: 0, pageLoad: 300000, script: 30000}, unhandledPromptBehavior: dismiss and notify, webauthn:extension:credBlob: true, webauthn:extension:largeBlob: true, webauthn:virtualAuthenticators: true}
Session ID: 2593d965c60e4b960a63027f179a4925
	at org.openqa.selenium.remote.http.W3CHttpResponseCodec.createException(W3CHttpResponseCodec.java:187)
	at org.openqa.selenium.remote.http.W3CHttpResponseCodec.decode(W3CHttpResponseCodec.java:122)
	at org.openqa.selenium.remote.http.W3CHttpResponseCodec.decode(W3CHttpResponseCodec.java:49)
	at org.openqa.selenium.remote.HttpCommandExecutor.execute(HttpCommandExecutor.java:158)
	at org.openqa.selenium.remote.service.DriverCommandExecutor.execute(DriverCommandExecutor.java:83)
	at org.openqa.selenium.remote.RemoteWebDriver.execute(RemoteWebDriver.java:552)
	at com.kms.katalon.selenium.driver.CChromeDriver.execute(CChromeDriver.java:19)
	at org.openqa.selenium.remote.RemoteWebDriver.execute(RemoteWebDriver.java:609)
	at org.openqa.selenium.remote.RemoteWebDriver.getWindowHandle(RemoteWebDriver.java:472)
	at org.openqa.selenium.support.events.EventFiringWebDriver.lambda$new$1(EventFiringWebDriver.java:105)
	at com.sun.proxy.$Proxy12.getWindowHandle(Unknown Source)
	at org.openqa.selenium.support.events.EventFiringWebDriver.getWindowHandle(EventFiringWebDriver.java:221)
	at com.kms.katalon.core.webui.driver.DriverFactory.getCurrentWindowIndex(DriverFactory.java:1072)
	at com.kms.katalon.core.webui.keyword.builtin.GetWindowIndexKeyword$_getWindowIndex_closure1.doCall(GetWindowIndexKeyword.groovy:73)
	at com.kms.katalon.core.webui.keyword.builtin.GetWindowIndexKeyword$_getWindowIndex_closure1.call(GetWindowIndexKeyword.groovy)
	at com.kms.katalon.core.webui.keyword.internal.WebUIKeywordMain.runKeywordAndReturnInt(WebUIKeywordMain.groovy:50)
	at com.kms.katalon.core.webui.keyword.builtin.GetWindowIndexKeyword.getWindowIndex(GetWindowIndexKeyword.groovy:71)
	at com.kms.katalon.core.webui.keyword.builtin.GetWindowIndexKeyword.execute(GetWindowIndexKeyword.groovy:66)
	at com.kms.katalon.core.keyword.internal.KeywordExecutor.executeKeywordForPlatform(KeywordExecutor.groovy:73)
	at com.kms.katalon.core.webui.keyword.WebUiBuiltInKeywords.getWindowIndex(WebUiBuiltInKeywords.groovy:262)
	at com.kms.katalon.core.webui.keyword.WebUiBuiltInKeywords$getWindowIndex$21.call(Unknown Source)
	at Script1586261051750.run(Script1586261051750.groovy:18)
	at com.kms.katalon.core.main.ScriptEngine.run(ScriptEngine.java:194)
	at com.kms.katalon.core.main.ScriptEngine.runScriptAsRawText(ScriptEngine.java:119)
	at com.kms.katalon.core.main.TestCaseExecutor.runScript(TestCaseExecutor.java:369)
	at com.kms.katalon.core.main.TestCaseExecutor.doExecute(TestCaseExecutor.java:360)
	at com.kms.katalon.core.main.TestCaseExecutor.processExecutionPhase(TestCaseExecutor.java:339)
	at com.kms.katalon.core.main.TestCaseExecutor.accessMainPhase(TestCaseExecutor.java:331)
	at com.kms.katalon.core.main.TestCaseExecutor.execute(TestCaseExecutor.java:248)
	at com.kms.katalon.core.main.TestCaseMain.runTestCase(TestCaseMain.java:138)
	at com.kms.katalon.core.keyword.builtin.CallTestCaseKeyword$_callTestCase_closure1.doCall(CallTestCaseKeyword.groovy:59)
	at com.kms.katalon.core.keyword.builtin.CallTestCaseKeyword$_callTestCase_closure1.call(CallTestCaseKeyword.groovy)
	at com.kms.katalon.core.keyword.internal.KeywordMain.runKeyword(KeywordMain.groovy:68)
	at com.kms.katalon.core.keyword.builtin.CallTestCaseKeyword.callTestCase(CallTestCaseKeyword.groovy:81)
	at com.kms.katalon.core.keyword.builtin.CallTestCaseKeyword.execute(CallTestCaseKeyword.groovy:44)
	at com.kms.katalon.core.keyword.internal.KeywordExecutor.executeKeywordForPlatform(KeywordExecutor.groovy:73)
	at com.kms.katalon.core.keyword.BuiltinKeywords.callTestCase(BuiltinKeywords.groovy:334)
	at sekmeler.sekmeler.anaSekmeyeGecilir(sekmeler.groovy:55)
	at cucumber.runtime.Utils$1.call(Utils.java:26)
	at cucumber.runtime.Timeout.timeout(Timeout.java:16)
	at cucumber.runtime.Utils.invoke(Utils.java:20)
	at cucumber.runtime.java.JavaStepDefinition.execute(JavaStepDefinition.java:49)
	at cucumber.runner.PickleStepDefinitionMatch.runStep(PickleStepDefinitionMatch.java:50)
	at cucumber.runner.TestStep.executeStep(TestStep.java:63)
	at cucumber.runner.TestStep.run(TestStep.java:49)
	at cucumber.runner.PickleStepTestStep.run(PickleStepTestStep.java:43)
	at cucumber.runner.TestCase.run(TestCase.java:44)
	at cucumber.runner.Runner.runPickle(Runner.java:40)
	at cucumber.runtime.Runtime$1.run(Runtime.java:84)
	at cucumber.runtime.Runtime$SameThreadExecutorService.execute(Runtime.java:220)
	at cucumber.runtime.Runtime.run(Runtime.java:81)
	at cucumber.api.cli.Main.run(Main.java:26)
	at cucumber.api.cli.Main$run.call(Unknown Source)
	at com.kms.katalon.core.cucumber.keyword.CucumberBuiltinKeywords$_runFeatureFile_closure1.doCall(CucumberBuiltinKeywords.groovy:106)
	at com.kms.katalon.core.cucumber.keyword.CucumberBuiltinKeywords$_runFeatureFile_closure1.doCall(CucumberBuiltinKeywords.groovy)
	at com.kms.katalon.core.keyword.internal.KeywordMain.runKeyword(KeywordMain.groovy:68)
	at com.kms.katalon.core.keyword.internal.KeywordMain$runKeyword.call(Unknown Source)
	at com.kms.katalon.core.cucumber.keyword.CucumberBuiltinKeywords.runFeatureFile(CucumberBuiltinKeywords.groovy:73)
	at com.kms.katalon.core.cucumber.keyword.CucumberBuiltinKeywords$runFeatureFile$0.callStatic(Unknown Source)
	at com.kms.katalon.core.cucumber.keyword.CucumberBuiltinKeywords.runFeatureFile(CucumberBuiltinKeywords.groovy:246)
	at com.kms.katalon.core.cucumber.keyword.CucumberBuiltinKeywords$runFeatureFile.call(Unknown Source)
	at Script1601995472919.run(Script1601995472919.groovy:18)
	... 13 more
)

2021-10-14 17:15:53 - [TEST_STEP][PASSED] - catch (Exception e): null

2021-10-14 17:15:53 - [TEST_STEP][PASSED] - switchToWindowIndex(0): Switched to window with index: '0'

2021-10-14 17:15:53 - [MESSAGE][INFO] - Checking index

2021-10-14 17:15:53 - [MESSAGE][INFO] - Switching window with index: '0'

2021-10-14 17:15:53 - [MESSAGE][PASSED] - Switched to window with index: '0'

2021-10-14 17:15:53 - [MESSAGE][PASSED] - Call Test Case 'Test Cases/Sekmeler/Ana_Sekmeye_Gec' successfully

2021-10-14 17:15:53 - [MESSAGE][INFO] - Checking called Test Case

2021-10-14 17:15:53 - [MESSAGE][INFO] - Starting to call Test Case 'Test Cases/Butonlar/ButonaTikla'

2021-10-14 17:15:54 - [TEST_CASE][PASSED] - Test Cases/Butonlar/ButonaTikla: Test Cases/Butonlar/ButonaTikla

2021-10-14 17:15:54 - [TEST_STEP][PASSED] - Method.TextDegerineEsitElementeTiklaEquals(findTestObject("Butonlar/Butonlar"), Buton_Adi): Method.TextDegerineEsitElementeTiklaEquals is PASSED

2021-10-14 17:15:54 - [MESSAGE][INFO] - Finding Test Object 'Object Repository/Butonlar/Butonlar'

2021-10-14 17:15:54 - [MESSAGE][INFO] - Checking timeout

2021-10-14 17:15:54 - [MESSAGE][INFO] - Finding web element with id: 'Object Repository/Butonlar/Butonlar' located by 'By.cssSelector: .panel.panel-default.text-center.footerPanel .btn,.btn.btn-primary.btnControls' in '10' second(s)

2021-10-14 17:15:54 - [MESSAGE][INFO] - Smart Wait Function is triggered

2021-10-14 17:15:54 - [MESSAGE][INFO] - Found 7 web elements with id: 'Object Repository/Butonlar/Butonlar' located by 'By.cssSelector: .panel.panel-default.text-center.footerPanel .btn,.btn.btn-primary.btnControls' in '10' second(s)

2021-10-14 17:15:54 - [MESSAGE][PASSED] - Method.TextDegerineEsitElementeTiklaEquals is PASSED

2021-10-14 17:15:54 - [MESSAGE][PASSED] - Call Test Case 'Test Cases/Butonlar/ButonaTikla' successfully

2021-10-14 17:15:54 - [MESSAGE][INFO] - Checking called Test Case

2021-10-14 17:15:54 - [MESSAGE][INFO] - Starting to call Test Case 'Test Cases/Sekmeler/YeniSekmeyeGec'

2021-10-14 17:15:54 - [TEST_CASE][PASSED] - Test Cases/Sekmeler/YeniSekmeyeGec: Test Cases/Sekmeler/YeniSekmeyeGec

2021-10-14 17:15:54 - [TEST_STEP][PASSED] - switchToWindowIndex(1): Switched to window with index: '1'

2021-10-14 17:15:54 - [MESSAGE][INFO] - Checking index

2021-10-14 17:15:54 - [MESSAGE][INFO] - Switching window with index: '1'

2021-10-14 17:15:54 - [MESSAGE][PASSED] - Switched to window with index: '1'

2021-10-14 17:15:54 - [MESSAGE][PASSED] - Call Test Case 'Test Cases/Sekmeler/YeniSekmeyeGec' successfully

2021-10-14 17:15:54 - [MESSAGE][INFO] - Checking called Test Case

2021-10-14 17:15:54 - [MESSAGE][INFO] - Starting to call Test Case 'Test Cases/Sekmeler/DepartmanCheckboxiSecilir'

2021-10-14 17:15:54 - [TEST_CASE][PASSED] - Test Cases/Sekmeler/DepartmanCheckboxiSecilir: Test Cases/Sekmeler/DepartmanCheckboxiSecilir

2021-10-14 17:15:54 - [TEST_STEP][PASSED] - Method.TextDegerineEsitElementeTikla(findTestObject("Object Repository/Sekmeler/DepartmanCheckboxi"), Departman): Method.TextDegerineEsitElementeTikla is PASSED

2021-10-14 17:15:54 - [MESSAGE][INFO] - Finding Test Object 'Object Repository/Sekmeler/DepartmanCheckboxi'

2021-10-14 17:15:54 - [MESSAGE][INFO] - Checking timeout

2021-10-14 17:15:54 - [MESSAGE][INFO] - Finding web element with id: 'Object Repository/Sekmeler/DepartmanCheckboxi' located by 'By.cssSelector: .dx-wrap' in '10' second(s)

2021-10-14 17:15:54 - [MESSAGE][INFO] - Smart Wait Function is triggered

2021-10-14 17:15:55 - [MESSAGE][INFO] - Found 4 web elements with id: 'Object Repository/Sekmeler/DepartmanCheckboxi' located by 'By.cssSelector: .dx-wrap' in '10' second(s)

2021-10-14 17:15:55 - [MESSAGE][PASSED] - Method.TextDegerineEsitElementeTikla is PASSED

2021-10-14 17:15:55 - [MESSAGE][PASSED] - Call Test Case 'Test Cases/Sekmeler/DepartmanCheckboxiSecilir' successfully

2021-10-14 17:15:55 - [MESSAGE][INFO] - Checking called Test Case

2021-10-14 17:15:55 - [MESSAGE][INFO] - Starting to call Test Case 'Test Cases/Sekmeler/DepartmanKaydedilir'

2021-10-14 17:15:55 - [TEST_CASE][PASSED] - Test Cases/Sekmeler/DepartmanKaydedilir: Test Cases/Sekmeler/DepartmanKaydedilir

2021-10-14 17:15:55 - [TEST_STEP][PASSED] - waitForElementClickable(findTestObject("Object Repository/Sekmeler/DepartmanKaydetButoni"), 10): Object 'Object Repository/Sekmeler/DepartmanKaydetButoni' is clickable

2021-10-14 17:15:55 - [MESSAGE][INFO] - Finding Test Object 'Object Repository/Sekmeler/DepartmanKaydetButoni'

2021-10-14 17:15:55 - [MESSAGE][INFO] - Checking object

2021-10-14 17:15:55 - [MESSAGE][INFO] - Checking timeout

2021-10-14 17:15:55 - [MESSAGE][INFO] - Finding web element from Test Object's properties

2021-10-14 17:15:55 - [MESSAGE][INFO] - Checking timeout

2021-10-14 17:15:55 - [MESSAGE][INFO] - Finding web element with id: 'Object Repository/Sekmeler/DepartmanKaydetButoni' located by 'By.cssSelector: .dx-vam' in '10' second(s)

2021-10-14 17:15:55 - [MESSAGE][INFO] - Smart Wait Function is triggered

2021-10-14 17:15:56 - [MESSAGE][INFO] - Found 1 web elements with id: 'Object Repository/Sekmeler/DepartmanKaydetButoni' located by 'By.cssSelector: .dx-vam' in '10' second(s)

2021-10-14 17:15:56 - [MESSAGE][PASSED] - Object 'Object Repository/Sekmeler/DepartmanKaydetButoni' is clickable

2021-10-14 17:15:56 - [TEST_STEP][PASSED] - click(findTestObject("Object Repository/Sekmeler/DepartmanKaydetButoni")): Object: 'Object Repository/Sekmeler/DepartmanKaydetButoni' is clicked on

2021-10-14 17:15:56 - [MESSAGE][INFO] - Finding Test Object 'Object Repository/Sekmeler/DepartmanKaydetButoni'

2021-10-14 17:15:56 - [MESSAGE][INFO] - Checking object

2021-10-14 17:15:56 - [MESSAGE][INFO] - Finding web element from Test Object's properties

2021-10-14 17:15:56 - [MESSAGE][INFO] - Checking timeout

2021-10-14 17:15:56 - [MESSAGE][INFO] - Finding web element with id: 'Object Repository/Sekmeler/DepartmanKaydetButoni' located by 'By.cssSelector: .dx-vam' in '30' second(s)

2021-10-14 17:15:56 - [MESSAGE][INFO] - Smart Wait Function is triggered

2021-10-14 17:15:56 - [MESSAGE][INFO] - Found 1 web elements with id: 'Object Repository/Sekmeler/DepartmanKaydetButoni' located by 'By.cssSelector: .dx-vam' in '30' second(s)

2021-10-14 17:15:56 - [MESSAGE][INFO] - Clicking on object: 'Object Repository/Sekmeler/DepartmanKaydetButoni'

2021-10-14 17:15:56 - [MESSAGE][PASSED] - Object: 'Object Repository/Sekmeler/DepartmanKaydetButoni' is clicked on

2021-10-14 17:15:56 - [MESSAGE][PASSED] - Call Test Case 'Test Cases/Sekmeler/DepartmanKaydedilir' successfully

2021-10-14 17:15:56 - [MESSAGE][INFO] - Checking called Test Case

2021-10-14 17:15:56 - [MESSAGE][INFO] - Starting to call Test Case 'Test Cases/Popup/PopupMesajiIceriyorMu'

2021-10-14 17:15:56 - [TEST_CASE][PASSED] - Test Cases/Popup/PopupMesajiIceriyorMu: Test Cases/Popup/PopupMesajiIceriyorMu

2021-10-14 17:15:56 - [TEST_STEP][PASSED] - waitForElementVisible(findTestObject("Popup/Popup"), 10): Object 'Object Repository/Popup/Popup' is visible

2021-10-14 17:15:56 - [MESSAGE][INFO] - Finding Test Object 'Object Repository/Popup/Popup'

2021-10-14 17:15:56 - [MESSAGE][INFO] - Checking object

2021-10-14 17:15:56 - [MESSAGE][INFO] - Checking timeout

2021-10-14 17:15:56 - [MESSAGE][INFO] - Finding web element from Test Object's properties

2021-10-14 17:15:56 - [MESSAGE][INFO] - Checking timeout

2021-10-14 17:15:56 - [MESSAGE][INFO] - Finding web element with id: 'Object Repository/Popup/Popup' located by 'By.cssSelector: .bootbox-body' in '10' second(s)

2021-10-14 17:15:56 - [MESSAGE][INFO] - Smart Wait Function is triggered

2021-10-14 17:15:57 - [MESSAGE][INFO] - Found 1 web elements with id: 'Object Repository/Popup/Popup' located by 'By.cssSelector: .bootbox-body' in '10' second(s)

2021-10-14 17:15:57 - [MESSAGE][PASSED] - Object 'Object Repository/Popup/Popup' is visible

2021-10-14 17:15:57 - [TEST_STEP][PASSED] - if (!(getText(findTestObject("Popup/Popup")).contains(Mesaj))): Text of object 'Object Repository/Popup/Popup' is: 'Seçilen belgelerin ilgili departmanlardaki yetkisi kaldırılmıştır.'

2021-10-14 17:15:57 - [MESSAGE][INFO] - Finding Test Object 'Object Repository/Popup/Popup'

2021-10-14 17:15:57 - [MESSAGE][INFO] - Checking object

2021-10-14 17:15:57 - [MESSAGE][INFO] - Finding web element from Test Object's properties

2021-10-14 17:15:57 - [MESSAGE][INFO] - Checking timeout

2021-10-14 17:15:57 - [MESSAGE][INFO] - Finding web element with id: 'Object Repository/Popup/Popup' located by 'By.cssSelector: .bootbox-body' in '30' second(s)

2021-10-14 17:15:57 - [MESSAGE][INFO] - Smart Wait Function is triggered

2021-10-14 17:15:58 - [MESSAGE][INFO] - Found 1 web elements with id: 'Object Repository/Popup/Popup' located by 'By.cssSelector: .bootbox-body' in '30' second(s)

2021-10-14 17:15:58 - [MESSAGE][INFO] - Getting text of object 'Object Repository/Popup/Popup'

2021-10-14 17:15:58 - [MESSAGE][PASSED] - Text of object 'Object Repository/Popup/Popup' is: 'Seçilen belgelerin ilgili departmanlardaki yetkisi kaldırılmıştır.'

2021-10-14 17:15:58 - [TEST_STEP][PASSED] - RaporNo = getText(findTestObject("Popup/Popup")).substring(0, 6): Text of object 'Object Repository/Popup/Popup' is: 'Seçilen belgelerin ilgili departmanlardaki yetkisi kaldırılmıştır.'

2021-10-14 17:15:58 - [MESSAGE][INFO] - Finding Test Object 'Object Repository/Popup/Popup'

2021-10-14 17:15:58 - [MESSAGE][INFO] - Checking object

2021-10-14 17:15:58 - [MESSAGE][INFO] - Finding web element from Test Object's properties

2021-10-14 17:15:58 - [MESSAGE][INFO] - Checking timeout

2021-10-14 17:15:58 - [MESSAGE][INFO] - Finding web element with id: 'Object Repository/Popup/Popup' located by 'By.cssSelector: .bootbox-body' in '30' second(s)

2021-10-14 17:15:58 - [MESSAGE][INFO] - Smart Wait Function is triggered

2021-10-14 17:15:58 - [MESSAGE][INFO] - Found 1 web elements with id: 'Object Repository/Popup/Popup' located by 'By.cssSelector: .bootbox-body' in '30' second(s)

2021-10-14 17:15:58 - [MESSAGE][INFO] - Getting text of object 'Object Repository/Popup/Popup'

2021-10-14 17:15:58 - [MESSAGE][PASSED] - Text of object 'Object Repository/Popup/Popup' is: 'Seçilen belgelerin ilgili departmanlardaki yetkisi kaldırılmıştır.'

2021-10-14 17:15:58 - [TEST_STEP][PASSED] - Console.println(RaporNo): null

2021-10-14 17:15:58 - [MESSAGE][PASSED] - Call Test Case 'Test Cases/Popup/PopupMesajiIceriyorMu' successfully

2021-10-14 17:15:58 - [MESSAGE][INFO] - Checking called Test Case

2021-10-14 17:15:58 - [MESSAGE][INFO] - Starting to call Test Case 'Test Cases/Popup/PopupButonSecilir'

2021-10-14 17:15:58 - [TEST_CASE][PASSED] - Test Cases/Popup/PopupButonSecilir: Test Cases/Popup/PopupButonSecilir

2021-10-14 17:15:58 - [TEST_STEP][PASSED] - Method.TextDegerineEsitElementeTikla(findTestObject("Popup/Popup_Butons"), Buton): Method.TextDegerineEsitElementeTikla is PASSED

2021-10-14 17:15:58 - [MESSAGE][INFO] - Finding Test Object 'Object Repository/Popup/Popup_Butons'

2021-10-14 17:15:58 - [MESSAGE][INFO] - Checking timeout

2021-10-14 17:15:58 - [MESSAGE][INFO] - Finding web element with id: 'Object Repository/Popup/Popup_Butons' located by 'By.cssSelector: .modal-footer>button' in '10' second(s)

2021-10-14 17:15:58 - [MESSAGE][INFO] - Smart Wait Function is triggered

2021-10-14 17:15:58 - [MESSAGE][INFO] - Found 1 web elements with id: 'Object Repository/Popup/Popup_Butons' located by 'By.cssSelector: .modal-footer>button' in '10' second(s)

2021-10-14 17:15:59 - [MESSAGE][PASSED] - Method.TextDegerineEsitElementeTikla is PASSED

2021-10-14 17:15:59 - [MESSAGE][PASSED] - Call Test Case 'Test Cases/Popup/PopupButonSecilir' successfully

2021-10-14 17:15:59 - [MESSAGE][INFO] - Checking called Test Case

2021-10-14 17:15:59 - [MESSAGE][INFO] - Starting to call Test Case 'Test Cases/Sekmeler/Ana_Sekmeye_Gec'

2021-10-14 17:15:59 - [TEST_CASE][PASSED] - Test Cases/Sekmeler/Ana_Sekmeye_Gec: Test Cases/Sekmeler/Ana_Sekmeye_Gec

2021-10-14 17:15:59 - [TEST_STEP][FAILED] - try: Unable to get the index of the current window (Root cause: com.kms.katalon.core.exception.StepFailedException: Unable to get the index of the current window
	at com.kms.katalon.core.webui.keyword.internal.WebUIKeywordMain.stepFailed(WebUIKeywordMain.groovy:64)
	at com.kms.katalon.core.webui.keyword.internal.WebUIKeywordMain.runKeywordAndReturnInt(WebUIKeywordMain.groovy:56)
	at com.kms.katalon.core.webui.keyword.builtin.GetWindowIndexKeyword.getWindowIndex(GetWindowIndexKeyword.groovy:71)
	at com.kms.katalon.core.webui.keyword.builtin.GetWindowIndexKeyword.execute(GetWindowIndexKeyword.groovy:66)
	at com.kms.katalon.core.keyword.internal.KeywordExecutor.executeKeywordForPlatform(KeywordExecutor.groovy:73)
	at com.kms.katalon.core.webui.keyword.WebUiBuiltInKeywords.getWindowIndex(WebUiBuiltInKeywords.groovy:262)
	at com.kms.katalon.core.webui.keyword.WebUiBuiltInKeywords$getWindowIndex$21.call(Unknown Source)
	at Ana_Sekmeye_Gec.run(Ana_Sekmeye_Gec:18)
	at com.kms.katalon.core.main.ScriptEngine.run(ScriptEngine.java:194)
	at com.kms.katalon.core.main.ScriptEngine.runScriptAsRawText(ScriptEngine.java:119)
	at com.kms.katalon.core.main.TestCaseExecutor.runScript(TestCaseExecutor.java:369)
	at com.kms.katalon.core.main.TestCaseExecutor.doExecute(TestCaseExecutor.java:360)
	at com.kms.katalon.core.main.TestCaseExecutor.processExecutionPhase(TestCaseExecutor.java:339)
	at com.kms.katalon.core.main.TestCaseExecutor.accessMainPhase(TestCaseExecutor.java:331)
	at com.kms.katalon.core.main.TestCaseExecutor.execute(TestCaseExecutor.java:248)
	at com.kms.katalon.core.main.TestCaseMain.runTestCase(TestCaseMain.java:138)
	at com.kms.katalon.core.keyword.builtin.CallTestCaseKeyword$_callTestCase_closure1.doCall(CallTestCaseKeyword.groovy:59)
	at com.kms.katalon.core.keyword.builtin.CallTestCaseKeyword$_callTestCase_closure1.call(CallTestCaseKeyword.groovy)
	at com.kms.katalon.core.keyword.internal.KeywordMain.runKeyword(KeywordMain.groovy:68)
	at com.kms.katalon.core.keyword.builtin.CallTestCaseKeyword.callTestCase(CallTestCaseKeyword.groovy:81)
	at com.kms.katalon.core.keyword.builtin.CallTestCaseKeyword.execute(CallTestCaseKeyword.groovy:44)
	at com.kms.katalon.core.keyword.internal.KeywordExecutor.executeKeywordForPlatform(KeywordExecutor.groovy:73)
	at com.kms.katalon.core.keyword.BuiltinKeywords.callTestCase(BuiltinKeywords.groovy:334)
	at sekmeler.sekmeler.anaSekmeyeGecilir(sekmeler.groovy:55)
	at cucumber.runtime.Utils$1.call(Utils.java:26)
	at cucumber.runtime.Timeout.timeout(Timeout.java:16)
	at cucumber.runtime.Utils.invoke(Utils.java:20)
	at cucumber.runtime.java.JavaStepDefinition.execute(JavaStepDefinition.java:49)
	at cucumber.runner.PickleStepDefinitionMatch.runStep(PickleStepDefinitionMatch.java:50)
	at cucumber.runner.TestStep.executeStep(TestStep.java:63)
	at cucumber.runner.TestStep.run(TestStep.java:49)
	at cucumber.runner.PickleStepTestStep.run(PickleStepTestStep.java:43)
	at cucumber.runner.TestCase.run(TestCase.java:44)
	at cucumber.runner.Runner.runPickle(Runner.java:40)
	at cucumber.runtime.Runtime$1.run(Runtime.java:84)
	at cucumber.runtime.Runtime$SameThreadExecutorService.execute(Runtime.java:220)
	at cucumber.runtime.Runtime.run(Runtime.java:81)
	at cucumber.api.cli.Main.run(Main.java:26)
	at cucumber.api.cli.Main$run.call(Unknown Source)
	at com.kms.katalon.core.cucumber.keyword.CucumberBuiltinKeywords$_runFeatureFile_closure1.doCall(CucumberBuiltinKeywords.groovy:106)
	at com.kms.katalon.core.cucumber.keyword.CucumberBuiltinKeywords$_runFeatureFile_closure1.doCall(CucumberBuiltinKeywords.groovy)
	at com.kms.katalon.core.keyword.internal.KeywordMain.runKeyword(KeywordMain.groovy:68)
	at com.kms.katalon.core.keyword.internal.KeywordMain$runKeyword.call(Unknown Source)
	at com.kms.katalon.core.cucumber.keyword.CucumberBuiltinKeywords.runFeatureFile(CucumberBuiltinKeywords.groovy:73)
	at com.kms.katalon.core.cucumber.keyword.CucumberBuiltinKeywords$runFeatureFile$0.callStatic(Unknown Source)
	at com.kms.katalon.core.cucumber.keyword.CucumberBuiltinKeywords.runFeatureFile(CucumberBuiltinKeywords.groovy:246)
	at com.kms.katalon.core.cucumber.keyword.CucumberBuiltinKeywords$runFeatureFile.call(Unknown Source)
	at Departman Ata-Geri Al.run(Departman Ata-Geri Al:18)
	at com.kms.katalon.core.main.ScriptEngine.run(ScriptEngine.java:194)
	at com.kms.katalon.core.main.ScriptEngine.runScriptAsRawText(ScriptEngine.java:119)
	at com.kms.katalon.core.main.TestCaseExecutor.runScript(TestCaseExecutor.java:369)
	at com.kms.katalon.core.main.TestCaseExecutor.doExecute(TestCaseExecutor.java:360)
	at com.kms.katalon.core.main.TestCaseExecutor.processExecutionPhase(TestCaseExecutor.java:339)
	at com.kms.katalon.core.main.TestCaseExecutor.accessMainPhase(TestCaseExecutor.java:331)
	at com.kms.katalon.core.main.TestCaseExecutor.execute(TestCaseExecutor.java:248)
	at com.kms.katalon.core.main.TestSuiteExecutor.accessTestCaseMainPhase(TestSuiteExecutor.java:191)
	at com.kms.katalon.core.main.TestSuiteExecutor.accessTestSuiteMainPhase(TestSuiteExecutor.java:140)
	at com.kms.katalon.core.main.TestSuiteExecutor.execute(TestSuiteExecutor.java:89)
	at com.kms.katalon.core.main.TestCaseMain.startTestSuite(TestCaseMain.java:181)
	at com.kms.katalon.core.main.TestCaseMain$startTestSuite$0.call(Unknown Source)
	at TempTestSuite1634220073501.run(TempTestSuite1634220073501.groovy:39)
Caused by: org.openqa.selenium.NoSuchWindowException: no such window: window was already closed
  (Session info: chrome=94.0.4606.81)
Build info: version: '3.141.59', revision: 'e82be7d358', time: '2018-11-14T08:25:53'
System info: host: 'DESKTOP-QBVMTUG', ip: '10.10.3.14', os.name: 'Windows 10', os.arch: 'amd64', os.version: '10.0', java.version: '1.8.0_282'
Driver info: com.kms.katalon.selenium.driver.CChromeDriver
Capabilities {acceptInsecureCerts: false, browserName: chrome, browserVersion: 94.0.4606.81, chrome: {chromedriverVersion: 94.0.4606.61 (418b78f5838ed..., userDataDir: C:\Users\DELL\AppData\Local...}, goog:chromeOptions: {debuggerAddress: localhost:53981}, javascriptEnabled: true, networkConnectionEnabled: false, pageLoadStrategy: normal, platform: WINDOWS, platformName: WINDOWS, proxy: Proxy(), setWindowRect: true, strictFileInteractability: false, timeouts: {implicit: 0, pageLoad: 300000, script: 30000}, unhandledPromptBehavior: dismiss and notify, webauthn:extension:credBlob: true, webauthn:extension:largeBlob: true, webauthn:virtualAuthenticators: true}
Session ID: 2593d965c60e4b960a63027f179a4925
	at org.openqa.selenium.remote.http.W3CHttpResponseCodec.createException(W3CHttpResponseCodec.java:187)
	at org.openqa.selenium.remote.http.W3CHttpResponseCodec.decode(W3CHttpResponseCodec.java:122)
	at org.openqa.selenium.remote.http.W3CHttpResponseCodec.decode(W3CHttpResponseCodec.java:49)
	at org.openqa.selenium.remote.HttpCommandExecutor.execute(HttpCommandExecutor.java:158)
	at org.openqa.selenium.remote.service.DriverCommandExecutor.execute(DriverCommandExecutor.java:83)
	at org.openqa.selenium.remote.RemoteWebDriver.execute(RemoteWebDriver.java:552)
	at com.kms.katalon.selenium.driver.CChromeDriver.execute(CChromeDriver.java:19)
	at org.openqa.selenium.remote.RemoteWebDriver.execute(RemoteWebDriver.java:609)
	at org.openqa.selenium.remote.RemoteWebDriver.getWindowHandle(RemoteWebDriver.java:472)
	at org.openqa.selenium.support.events.EventFiringWebDriver.lambda$new$1(EventFiringWebDriver.java:105)
	at com.sun.proxy.$Proxy12.getWindowHandle(Unknown Source)
	at org.openqa.selenium.support.events.EventFiringWebDriver.getWindowHandle(EventFiringWebDriver.java:221)
	at com.kms.katalon.core.webui.driver.DriverFactory.getCurrentWindowIndex(DriverFactory.java:1072)
	at com.kms.katalon.core.webui.keyword.builtin.GetWindowIndexKeyword$_getWindowIndex_closure1.doCall(GetWindowIndexKeyword.groovy:73)
	at com.kms.katalon.core.webui.keyword.builtin.GetWindowIndexKeyword$_getWindowIndex_closure1.call(GetWindowIndexKeyword.groovy)
	at com.kms.katalon.core.webui.keyword.internal.WebUIKeywordMain.runKeywordAndReturnInt(WebUIKeywordMain.groovy:50)
	at com.kms.katalon.core.webui.keyword.builtin.GetWindowIndexKeyword.getWindowIndex(GetWindowIndexKeyword.groovy:71)
	at com.kms.katalon.core.webui.keyword.builtin.GetWindowIndexKeyword.execute(GetWindowIndexKeyword.groovy:66)
	at com.kms.katalon.core.keyword.internal.KeywordExecutor.executeKeywordForPlatform(KeywordExecutor.groovy:73)
	at com.kms.katalon.core.webui.keyword.WebUiBuiltInKeywords.getWindowIndex(WebUiBuiltInKeywords.groovy:262)
	at com.kms.katalon.core.webui.keyword.WebUiBuiltInKeywords$getWindowIndex$21.call(Unknown Source)
	at Script1586261051750.run(Script1586261051750.groovy:18)
	at com.kms.katalon.core.main.ScriptEngine.run(ScriptEngine.java:194)
	at com.kms.katalon.core.main.ScriptEngine.runScriptAsRawText(ScriptEngine.java:119)
	at com.kms.katalon.core.main.TestCaseExecutor.runScript(TestCaseExecutor.java:369)
	at com.kms.katalon.core.main.TestCaseExecutor.doExecute(TestCaseExecutor.java:360)
	at com.kms.katalon.core.main.TestCaseExecutor.processExecutionPhase(TestCaseExecutor.java:339)
	at com.kms.katalon.core.main.TestCaseExecutor.accessMainPhase(TestCaseExecutor.java:331)
	at com.kms.katalon.core.main.TestCaseExecutor.execute(TestCaseExecutor.java:248)
	at com.kms.katalon.core.main.TestCaseMain.runTestCase(TestCaseMain.java:138)
	at com.kms.katalon.core.keyword.builtin.CallTestCaseKeyword$_callTestCase_closure1.doCall(CallTestCaseKeyword.groovy:59)
	at com.kms.katalon.core.keyword.builtin.CallTestCaseKeyword$_callTestCase_closure1.call(CallTestCaseKeyword.groovy)
	at com.kms.katalon.core.keyword.internal.KeywordMain.runKeyword(KeywordMain.groovy:68)
	at com.kms.katalon.core.keyword.builtin.CallTestCaseKeyword.callTestCase(CallTestCaseKeyword.groovy:81)
	at com.kms.katalon.core.keyword.builtin.CallTestCaseKeyword.execute(CallTestCaseKeyword.groovy:44)
	at com.kms.katalon.core.keyword.internal.KeywordExecutor.executeKeywordForPlatform(KeywordExecutor.groovy:73)
	at com.kms.katalon.core.keyword.BuiltinKeywords.callTestCase(BuiltinKeywords.groovy:334)
	at sekmeler.sekmeler.anaSekmeyeGecilir(sekmeler.groovy:55)
	at cucumber.runtime.Utils$1.call(Utils.java:26)
	at cucumber.runtime.Timeout.timeout(Timeout.java:16)
	at cucumber.runtime.Utils.invoke(Utils.java:20)
	at cucumber.runtime.java.JavaStepDefinition.execute(JavaStepDefinition.java:49)
	at cucumber.runner.PickleStepDefinitionMatch.runStep(PickleStepDefinitionMatch.java:50)
	at cucumber.runner.TestStep.executeStep(TestStep.java:63)
	at cucumber.runner.TestStep.run(TestStep.java:49)
	at cucumber.runner.PickleStepTestStep.run(PickleStepTestStep.java:43)
	at cucumber.runner.TestCase.run(TestCase.java:44)
	at cucumber.runner.Runner.runPickle(Runner.java:40)
	at cucumber.runtime.Runtime$1.run(Runtime.java:84)
	at cucumber.runtime.Runtime$SameThreadExecutorService.execute(Runtime.java:220)
	at cucumber.runtime.Runtime.run(Runtime.java:81)
	at cucumber.api.cli.Main.run(Main.java:26)
	at cucumber.api.cli.Main$run.call(Unknown Source)
	at com.kms.katalon.core.cucumber.keyword.CucumberBuiltinKeywords$_runFeatureFile_closure1.doCall(CucumberBuiltinKeywords.groovy:106)
	at com.kms.katalon.core.cucumber.keyword.CucumberBuiltinKeywords$_runFeatureFile_closure1.doCall(CucumberBuiltinKeywords.groovy)
	at com.kms.katalon.core.keyword.internal.KeywordMain.runKeyword(KeywordMain.groovy:68)
	at com.kms.katalon.core.keyword.internal.KeywordMain$runKeyword.call(Unknown Source)
	at com.kms.katalon.core.cucumber.keyword.CucumberBuiltinKeywords.runFeatureFile(CucumberBuiltinKeywords.groovy:73)
	at com.kms.katalon.core.cucumber.keyword.CucumberBuiltinKeywords$runFeatureFile$0.callStatic(Unknown Source)
	at com.kms.katalon.core.cucumber.keyword.CucumberBuiltinKeywords.runFeatureFile(CucumberBuiltinKeywords.groovy:246)
	at com.kms.katalon.core.cucumber.keyword.CucumberBuiltinKeywords$runFeatureFile.call(Unknown Source)
	at Script1601995472919.run(Script1601995472919.groovy:18)
	... 13 more
)

2021-10-14 17:15:59 - [TEST_STEP][FAILED] - index = getWindowIndex(): Unable to get the index of the current window (Root cause: com.kms.katalon.core.exception.StepFailedException: Unable to get the index of the current window
	at com.kms.katalon.core.webui.keyword.internal.WebUIKeywordMain.stepFailed(WebUIKeywordMain.groovy:64)
	at com.kms.katalon.core.webui.keyword.internal.WebUIKeywordMain.runKeywordAndReturnInt(WebUIKeywordMain.groovy:56)
	at com.kms.katalon.core.webui.keyword.builtin.GetWindowIndexKeyword.getWindowIndex(GetWindowIndexKeyword.groovy:71)
	at com.kms.katalon.core.webui.keyword.builtin.GetWindowIndexKeyword.execute(GetWindowIndexKeyword.groovy:66)
	at com.kms.katalon.core.keyword.internal.KeywordExecutor.executeKeywordForPlatform(KeywordExecutor.groovy:73)
	at com.kms.katalon.core.webui.keyword.WebUiBuiltInKeywords.getWindowIndex(WebUiBuiltInKeywords.groovy:262)
	at com.kms.katalon.core.webui.keyword.WebUiBuiltInKeywords$getWindowIndex$21.call(Unknown Source)
	at Ana_Sekmeye_Gec.run(Ana_Sekmeye_Gec:18)
	at com.kms.katalon.core.main.ScriptEngine.run(ScriptEngine.java:194)
	at com.kms.katalon.core.main.ScriptEngine.runScriptAsRawText(ScriptEngine.java:119)
	at com.kms.katalon.core.main.TestCaseExecutor.runScript(TestCaseExecutor.java:369)
	at com.kms.katalon.core.main.TestCaseExecutor.doExecute(TestCaseExecutor.java:360)
	at com.kms.katalon.core.main.TestCaseExecutor.processExecutionPhase(TestCaseExecutor.java:339)
	at com.kms.katalon.core.main.TestCaseExecutor.accessMainPhase(TestCaseExecutor.java:331)
	at com.kms.katalon.core.main.TestCaseExecutor.execute(TestCaseExecutor.java:248)
	at com.kms.katalon.core.main.TestCaseMain.runTestCase(TestCaseMain.java:138)
	at com.kms.katalon.core.keyword.builtin.CallTestCaseKeyword$_callTestCase_closure1.doCall(CallTestCaseKeyword.groovy:59)
	at com.kms.katalon.core.keyword.builtin.CallTestCaseKeyword$_callTestCase_closure1.call(CallTestCaseKeyword.groovy)
	at com.kms.katalon.core.keyword.internal.KeywordMain.runKeyword(KeywordMain.groovy:68)
	at com.kms.katalon.core.keyword.builtin.CallTestCaseKeyword.callTestCase(CallTestCaseKeyword.groovy:81)
	at com.kms.katalon.core.keyword.builtin.CallTestCaseKeyword.execute(CallTestCaseKeyword.groovy:44)
	at com.kms.katalon.core.keyword.internal.KeywordExecutor.executeKeywordForPlatform(KeywordExecutor.groovy:73)
	at com.kms.katalon.core.keyword.BuiltinKeywords.callTestCase(BuiltinKeywords.groovy:334)
	at sekmeler.sekmeler.anaSekmeyeGecilir(sekmeler.groovy:55)
	at cucumber.runtime.Utils$1.call(Utils.java:26)
	at cucumber.runtime.Timeout.timeout(Timeout.java:16)
	at cucumber.runtime.Utils.invoke(Utils.java:20)
	at cucumber.runtime.java.JavaStepDefinition.execute(JavaStepDefinition.java:49)
	at cucumber.runner.PickleStepDefinitionMatch.runStep(PickleStepDefinitionMatch.java:50)
	at cucumber.runner.TestStep.executeStep(TestStep.java:63)
	at cucumber.runner.TestStep.run(TestStep.java:49)
	at cucumber.runner.PickleStepTestStep.run(PickleStepTestStep.java:43)
	at cucumber.runner.TestCase.run(TestCase.java:44)
	at cucumber.runner.Runner.runPickle(Runner.java:40)
	at cucumber.runtime.Runtime$1.run(Runtime.java:84)
	at cucumber.runtime.Runtime$SameThreadExecutorService.execute(Runtime.java:220)
	at cucumber.runtime.Runtime.run(Runtime.java:81)
	at cucumber.api.cli.Main.run(Main.java:26)
	at cucumber.api.cli.Main$run.call(Unknown Source)
	at com.kms.katalon.core.cucumber.keyword.CucumberBuiltinKeywords$_runFeatureFile_closure1.doCall(CucumberBuiltinKeywords.groovy:106)
	at com.kms.katalon.core.cucumber.keyword.CucumberBuiltinKeywords$_runFeatureFile_closure1.doCall(CucumberBuiltinKeywords.groovy)
	at com.kms.katalon.core.keyword.internal.KeywordMain.runKeyword(KeywordMain.groovy:68)
	at com.kms.katalon.core.keyword.internal.KeywordMain$runKeyword.call(Unknown Source)
	at com.kms.katalon.core.cucumber.keyword.CucumberBuiltinKeywords.runFeatureFile(CucumberBuiltinKeywords.groovy:73)
	at com.kms.katalon.core.cucumber.keyword.CucumberBuiltinKeywords$runFeatureFile$0.callStatic(Unknown Source)
	at com.kms.katalon.core.cucumber.keyword.CucumberBuiltinKeywords.runFeatureFile(CucumberBuiltinKeywords.groovy:246)
	at com.kms.katalon.core.cucumber.keyword.CucumberBuiltinKeywords$runFeatureFile.call(Unknown Source)
	at Departman Ata-Geri Al.run(Departman Ata-Geri Al:18)
	at com.kms.katalon.core.main.ScriptEngine.run(ScriptEngine.java:194)
	at com.kms.katalon.core.main.ScriptEngine.runScriptAsRawText(ScriptEngine.java:119)
	at com.kms.katalon.core.main.TestCaseExecutor.runScript(TestCaseExecutor.java:369)
	at com.kms.katalon.core.main.TestCaseExecutor.doExecute(TestCaseExecutor.java:360)
	at com.kms.katalon.core.main.TestCaseExecutor.processExecutionPhase(TestCaseExecutor.java:339)
	at com.kms.katalon.core.main.TestCaseExecutor.accessMainPhase(TestCaseExecutor.java:331)
	at com.kms.katalon.core.main.TestCaseExecutor.execute(TestCaseExecutor.java:248)
	at com.kms.katalon.core.main.TestSuiteExecutor.accessTestCaseMainPhase(TestSuiteExecutor.java:191)
	at com.kms.katalon.core.main.TestSuiteExecutor.accessTestSuiteMainPhase(TestSuiteExecutor.java:140)
	at com.kms.katalon.core.main.TestSuiteExecutor.execute(TestSuiteExecutor.java:89)
	at com.kms.katalon.core.main.TestCaseMain.startTestSuite(TestCaseMain.java:181)
	at com.kms.katalon.core.main.TestCaseMain$startTestSuite$0.call(Unknown Source)
	at TempTestSuite1634220073501.run(TempTestSuite1634220073501.groovy:39)
Caused by: org.openqa.selenium.NoSuchWindowException: no such window: window was already closed
  (Session info: chrome=94.0.4606.81)
Build info: version: '3.141.59', revision: 'e82be7d358', time: '2018-11-14T08:25:53'
System info: host: 'DESKTOP-QBVMTUG', ip: '10.10.3.14', os.name: 'Windows 10', os.arch: 'amd64', os.version: '10.0', java.version: '1.8.0_282'
Driver info: com.kms.katalon.selenium.driver.CChromeDriver
Capabilities {acceptInsecureCerts: false, browserName: chrome, browserVersion: 94.0.4606.81, chrome: {chromedriverVersion: 94.0.4606.61 (418b78f5838ed..., userDataDir: C:\Users\DELL\AppData\Local...}, goog:chromeOptions: {debuggerAddress: localhost:53981}, javascriptEnabled: true, networkConnectionEnabled: false, pageLoadStrategy: normal, platform: WINDOWS, platformName: WINDOWS, proxy: Proxy(), setWindowRect: true, strictFileInteractability: false, timeouts: {implicit: 0, pageLoad: 300000, script: 30000}, unhandledPromptBehavior: dismiss and notify, webauthn:extension:credBlob: true, webauthn:extension:largeBlob: true, webauthn:virtualAuthenticators: true}
Session ID: 2593d965c60e4b960a63027f179a4925
	at org.openqa.selenium.remote.http.W3CHttpResponseCodec.createException(W3CHttpResponseCodec.java:187)
	at org.openqa.selenium.remote.http.W3CHttpResponseCodec.decode(W3CHttpResponseCodec.java:122)
	at org.openqa.selenium.remote.http.W3CHttpResponseCodec.decode(W3CHttpResponseCodec.java:49)
	at org.openqa.selenium.remote.HttpCommandExecutor.execute(HttpCommandExecutor.java:158)
	at org.openqa.selenium.remote.service.DriverCommandExecutor.execute(DriverCommandExecutor.java:83)
	at org.openqa.selenium.remote.RemoteWebDriver.execute(RemoteWebDriver.java:552)
	at com.kms.katalon.selenium.driver.CChromeDriver.execute(CChromeDriver.java:19)
	at org.openqa.selenium.remote.RemoteWebDriver.execute(RemoteWebDriver.java:609)
	at org.openqa.selenium.remote.RemoteWebDriver.getWindowHandle(RemoteWebDriver.java:472)
	at org.openqa.selenium.support.events.EventFiringWebDriver.lambda$new$1(EventFiringWebDriver.java:105)
	at com.sun.proxy.$Proxy12.getWindowHandle(Unknown Source)
	at org.openqa.selenium.support.events.EventFiringWebDriver.getWindowHandle(EventFiringWebDriver.java:221)
	at com.kms.katalon.core.webui.driver.DriverFactory.getCurrentWindowIndex(DriverFactory.java:1072)
	at com.kms.katalon.core.webui.keyword.builtin.GetWindowIndexKeyword$_getWindowIndex_closure1.doCall(GetWindowIndexKeyword.groovy:73)
	at com.kms.katalon.core.webui.keyword.builtin.GetWindowIndexKeyword$_getWindowIndex_closure1.call(GetWindowIndexKeyword.groovy)
	at com.kms.katalon.core.webui.keyword.internal.WebUIKeywordMain.runKeywordAndReturnInt(WebUIKeywordMain.groovy:50)
	at com.kms.katalon.core.webui.keyword.builtin.GetWindowIndexKeyword.getWindowIndex(GetWindowIndexKeyword.groovy:71)
	at com.kms.katalon.core.webui.keyword.builtin.GetWindowIndexKeyword.execute(GetWindowIndexKeyword.groovy:66)
	at com.kms.katalon.core.keyword.internal.KeywordExecutor.executeKeywordForPlatform(KeywordExecutor.groovy:73)
	at com.kms.katalon.core.webui.keyword.WebUiBuiltInKeywords.getWindowIndex(WebUiBuiltInKeywords.groovy:262)
	at com.kms.katalon.core.webui.keyword.WebUiBuiltInKeywords$getWindowIndex$21.call(Unknown Source)
	at Script1586261051750.run(Script1586261051750.groovy:18)
	at com.kms.katalon.core.main.ScriptEngine.run(ScriptEngine.java:194)
	at com.kms.katalon.core.main.ScriptEngine.runScriptAsRawText(ScriptEngine.java:119)
	at com.kms.katalon.core.main.TestCaseExecutor.runScript(TestCaseExecutor.java:369)
	at com.kms.katalon.core.main.TestCaseExecutor.doExecute(TestCaseExecutor.java:360)
	at com.kms.katalon.core.main.TestCaseExecutor.processExecutionPhase(TestCaseExecutor.java:339)
	at com.kms.katalon.core.main.TestCaseExecutor.accessMainPhase(TestCaseExecutor.java:331)
	at com.kms.katalon.core.main.TestCaseExecutor.execute(TestCaseExecutor.java:248)
	at com.kms.katalon.core.main.TestCaseMain.runTestCase(TestCaseMain.java:138)
	at com.kms.katalon.core.keyword.builtin.CallTestCaseKeyword$_callTestCase_closure1.doCall(CallTestCaseKeyword.groovy:59)
	at com.kms.katalon.core.keyword.builtin.CallTestCaseKeyword$_callTestCase_closure1.call(CallTestCaseKeyword.groovy)
	at com.kms.katalon.core.keyword.internal.KeywordMain.runKeyword(KeywordMain.groovy:68)
	at com.kms.katalon.core.keyword.builtin.CallTestCaseKeyword.callTestCase(CallTestCaseKeyword.groovy:81)
	at com.kms.katalon.core.keyword.builtin.CallTestCaseKeyword.execute(CallTestCaseKeyword.groovy:44)
	at com.kms.katalon.core.keyword.internal.KeywordExecutor.executeKeywordForPlatform(KeywordExecutor.groovy:73)
	at com.kms.katalon.core.keyword.BuiltinKeywords.callTestCase(BuiltinKeywords.groovy:334)
	at sekmeler.sekmeler.anaSekmeyeGecilir(sekmeler.groovy:55)
	at cucumber.runtime.Utils$1.call(Utils.java:26)
	at cucumber.runtime.Timeout.timeout(Timeout.java:16)
	at cucumber.runtime.Utils.invoke(Utils.java:20)
	at cucumber.runtime.java.JavaStepDefinition.execute(JavaStepDefinition.java:49)
	at cucumber.runner.PickleStepDefinitionMatch.runStep(PickleStepDefinitionMatch.java:50)
	at cucumber.runner.TestStep.executeStep(TestStep.java:63)
	at cucumber.runner.TestStep.run(TestStep.java:49)
	at cucumber.runner.PickleStepTestStep.run(PickleStepTestStep.java:43)
	at cucumber.runner.TestCase.run(TestCase.java:44)
	at cucumber.runner.Runner.runPickle(Runner.java:40)
	at cucumber.runtime.Runtime$1.run(Runtime.java:84)
	at cucumber.runtime.Runtime$SameThreadExecutorService.execute(Runtime.java:220)
	at cucumber.runtime.Runtime.run(Runtime.java:81)
	at cucumber.api.cli.Main.run(Main.java:26)
	at cucumber.api.cli.Main$run.call(Unknown Source)
	at com.kms.katalon.core.cucumber.keyword.CucumberBuiltinKeywords$_runFeatureFile_closure1.doCall(CucumberBuiltinKeywords.groovy:106)
	at com.kms.katalon.core.cucumber.keyword.CucumberBuiltinKeywords$_runFeatureFile_closure1.doCall(CucumberBuiltinKeywords.groovy)
	at com.kms.katalon.core.keyword.internal.KeywordMain.runKeyword(KeywordMain.groovy:68)
	at com.kms.katalon.core.keyword.internal.KeywordMain$runKeyword.call(Unknown Source)
	at com.kms.katalon.core.cucumber.keyword.CucumberBuiltinKeywords.runFeatureFile(CucumberBuiltinKeywords.groovy:73)
	at com.kms.katalon.core.cucumber.keyword.CucumberBuiltinKeywords$runFeatureFile$0.callStatic(Unknown Source)
	at com.kms.katalon.core.cucumber.keyword.CucumberBuiltinKeywords.runFeatureFile(CucumberBuiltinKeywords.groovy:246)
	at com.kms.katalon.core.cucumber.keyword.CucumberBuiltinKeywords$runFeatureFile.call(Unknown Source)
	at Script1601995472919.run(Script1601995472919.groovy:18)
	... 13 more
)

2021-10-14 17:15:59 - [MESSAGE][INFO] - Getting current window's index

2021-10-14 17:15:59 - [MESSAGE][FAILED] - Unable to get the index of the current window (Root cause: com.kms.katalon.core.exception.StepFailedException: Unable to get the index of the current window
	at com.kms.katalon.core.webui.keyword.internal.WebUIKeywordMain.stepFailed(WebUIKeywordMain.groovy:64)
	at com.kms.katalon.core.webui.keyword.internal.WebUIKeywordMain.runKeywordAndReturnInt(WebUIKeywordMain.groovy:56)
	at com.kms.katalon.core.webui.keyword.builtin.GetWindowIndexKeyword.getWindowIndex(GetWindowIndexKeyword.groovy:71)
	at com.kms.katalon.core.webui.keyword.builtin.GetWindowIndexKeyword.execute(GetWindowIndexKeyword.groovy:66)
	at com.kms.katalon.core.keyword.internal.KeywordExecutor.executeKeywordForPlatform(KeywordExecutor.groovy:73)
	at com.kms.katalon.core.webui.keyword.WebUiBuiltInKeywords.getWindowIndex(WebUiBuiltInKeywords.groovy:262)
	at com.kms.katalon.core.webui.keyword.WebUiBuiltInKeywords$getWindowIndex$21.call(Unknown Source)
	at Ana_Sekmeye_Gec.run(Ana_Sekmeye_Gec:18)
	at com.kms.katalon.core.main.ScriptEngine.run(ScriptEngine.java:194)
	at com.kms.katalon.core.main.ScriptEngine.runScriptAsRawText(ScriptEngine.java:119)
	at com.kms.katalon.core.main.TestCaseExecutor.runScript(TestCaseExecutor.java:369)
	at com.kms.katalon.core.main.TestCaseExecutor.doExecute(TestCaseExecutor.java:360)
	at com.kms.katalon.core.main.TestCaseExecutor.processExecutionPhase(TestCaseExecutor.java:339)
	at com.kms.katalon.core.main.TestCaseExecutor.accessMainPhase(TestCaseExecutor.java:331)
	at com.kms.katalon.core.main.TestCaseExecutor.execute(TestCaseExecutor.java:248)
	at com.kms.katalon.core.main.TestCaseMain.runTestCase(TestCaseMain.java:138)
	at com.kms.katalon.core.keyword.builtin.CallTestCaseKeyword$_callTestCase_closure1.doCall(CallTestCaseKeyword.groovy:59)
	at com.kms.katalon.core.keyword.builtin.CallTestCaseKeyword$_callTestCase_closure1.call(CallTestCaseKeyword.groovy)
	at com.kms.katalon.core.keyword.internal.KeywordMain.runKeyword(KeywordMain.groovy:68)
	at com.kms.katalon.core.keyword.builtin.CallTestCaseKeyword.callTestCase(CallTestCaseKeyword.groovy:81)
	at com.kms.katalon.core.keyword.builtin.CallTestCaseKeyword.execute(CallTestCaseKeyword.groovy:44)
	at com.kms.katalon.core.keyword.internal.KeywordExecutor.executeKeywordForPlatform(KeywordExecutor.groovy:73)
	at com.kms.katalon.core.keyword.BuiltinKeywords.callTestCase(BuiltinKeywords.groovy:334)
	at sekmeler.sekmeler.anaSekmeyeGecilir(sekmeler.groovy:55)
	at cucumber.runtime.Utils$1.call(Utils.java:26)
	at cucumber.runtime.Timeout.timeout(Timeout.java:16)
	at cucumber.runtime.Utils.invoke(Utils.java:20)
	at cucumber.runtime.java.JavaStepDefinition.execute(JavaStepDefinition.java:49)
	at cucumber.runner.PickleStepDefinitionMatch.runStep(PickleStepDefinitionMatch.java:50)
	at cucumber.runner.TestStep.executeStep(TestStep.java:63)
	at cucumber.runner.TestStep.run(TestStep.java:49)
	at cucumber.runner.PickleStepTestStep.run(PickleStepTestStep.java:43)
	at cucumber.runner.TestCase.run(TestCase.java:44)
	at cucumber.runner.Runner.runPickle(Runner.java:40)
	at cucumber.runtime.Runtime$1.run(Runtime.java:84)
	at cucumber.runtime.Runtime$SameThreadExecutorService.execute(Runtime.java:220)
	at cucumber.runtime.Runtime.run(Runtime.java:81)
	at cucumber.api.cli.Main.run(Main.java:26)
	at cucumber.api.cli.Main$run.call(Unknown Source)
	at com.kms.katalon.core.cucumber.keyword.CucumberBuiltinKeywords$_runFeatureFile_closure1.doCall(CucumberBuiltinKeywords.groovy:106)
	at com.kms.katalon.core.cucumber.keyword.CucumberBuiltinKeywords$_runFeatureFile_closure1.doCall(CucumberBuiltinKeywords.groovy)
	at com.kms.katalon.core.keyword.internal.KeywordMain.runKeyword(KeywordMain.groovy:68)
	at com.kms.katalon.core.keyword.internal.KeywordMain$runKeyword.call(Unknown Source)
	at com.kms.katalon.core.cucumber.keyword.CucumberBuiltinKeywords.runFeatureFile(CucumberBuiltinKeywords.groovy:73)
	at com.kms.katalon.core.cucumber.keyword.CucumberBuiltinKeywords$runFeatureFile$0.callStatic(Unknown Source)
	at com.kms.katalon.core.cucumber.keyword.CucumberBuiltinKeywords.runFeatureFile(CucumberBuiltinKeywords.groovy:246)
	at com.kms.katalon.core.cucumber.keyword.CucumberBuiltinKeywords$runFeatureFile.call(Unknown Source)
	at Departman Ata-Geri Al.run(Departman Ata-Geri Al:18)
	at com.kms.katalon.core.main.ScriptEngine.run(ScriptEngine.java:194)
	at com.kms.katalon.core.main.ScriptEngine.runScriptAsRawText(ScriptEngine.java:119)
	at com.kms.katalon.core.main.TestCaseExecutor.runScript(TestCaseExecutor.java:369)
	at com.kms.katalon.core.main.TestCaseExecutor.doExecute(TestCaseExecutor.java:360)
	at com.kms.katalon.core.main.TestCaseExecutor.processExecutionPhase(TestCaseExecutor.java:339)
	at com.kms.katalon.core.main.TestCaseExecutor.accessMainPhase(TestCaseExecutor.java:331)
	at com.kms.katalon.core.main.TestCaseExecutor.execute(TestCaseExecutor.java:248)
	at com.kms.katalon.core.main.TestSuiteExecutor.accessTestCaseMainPhase(TestSuiteExecutor.java:191)
	at com.kms.katalon.core.main.TestSuiteExecutor.accessTestSuiteMainPhase(TestSuiteExecutor.java:140)
	at com.kms.katalon.core.main.TestSuiteExecutor.execute(TestSuiteExecutor.java:89)
	at com.kms.katalon.core.main.TestCaseMain.startTestSuite(TestCaseMain.java:181)
	at com.kms.katalon.core.main.TestCaseMain$startTestSuite$0.call(Unknown Source)
	at TempTestSuite1634220073501.run(TempTestSuite1634220073501.groovy:39)
Caused by: org.openqa.selenium.NoSuchWindowException: no such window: window was already closed
  (Session info: chrome=94.0.4606.81)
Build info: version: '3.141.59', revision: 'e82be7d358', time: '2018-11-14T08:25:53'
System info: host: 'DESKTOP-QBVMTUG', ip: '10.10.3.14', os.name: 'Windows 10', os.arch: 'amd64', os.version: '10.0', java.version: '1.8.0_282'
Driver info: com.kms.katalon.selenium.driver.CChromeDriver
Capabilities {acceptInsecureCerts: false, browserName: chrome, browserVersion: 94.0.4606.81, chrome: {chromedriverVersion: 94.0.4606.61 (418b78f5838ed..., userDataDir: C:\Users\DELL\AppData\Local...}, goog:chromeOptions: {debuggerAddress: localhost:53981}, javascriptEnabled: true, networkConnectionEnabled: false, pageLoadStrategy: normal, platform: WINDOWS, platformName: WINDOWS, proxy: Proxy(), setWindowRect: true, strictFileInteractability: false, timeouts: {implicit: 0, pageLoad: 300000, script: 30000}, unhandledPromptBehavior: dismiss and notify, webauthn:extension:credBlob: true, webauthn:extension:largeBlob: true, webauthn:virtualAuthenticators: true}
Session ID: 2593d965c60e4b960a63027f179a4925
	at org.openqa.selenium.remote.http.W3CHttpResponseCodec.createException(W3CHttpResponseCodec.java:187)
	at org.openqa.selenium.remote.http.W3CHttpResponseCodec.decode(W3CHttpResponseCodec.java:122)
	at org.openqa.selenium.remote.http.W3CHttpResponseCodec.decode(W3CHttpResponseCodec.java:49)
	at org.openqa.selenium.remote.HttpCommandExecutor.execute(HttpCommandExecutor.java:158)
	at org.openqa.selenium.remote.service.DriverCommandExecutor.execute(DriverCommandExecutor.java:83)
	at org.openqa.selenium.remote.RemoteWebDriver.execute(RemoteWebDriver.java:552)
	at com.kms.katalon.selenium.driver.CChromeDriver.execute(CChromeDriver.java:19)
	at org.openqa.selenium.remote.RemoteWebDriver.execute(RemoteWebDriver.java:609)
	at org.openqa.selenium.remote.RemoteWebDriver.getWindowHandle(RemoteWebDriver.java:472)
	at org.openqa.selenium.support.events.EventFiringWebDriver.lambda$new$1(EventFiringWebDriver.java:105)
	at com.sun.proxy.$Proxy12.getWindowHandle(Unknown Source)
	at org.openqa.selenium.support.events.EventFiringWebDriver.getWindowHandle(EventFiringWebDriver.java:221)
	at com.kms.katalon.core.webui.driver.DriverFactory.getCurrentWindowIndex(DriverFactory.java:1072)
	at com.kms.katalon.core.webui.keyword.builtin.GetWindowIndexKeyword$_getWindowIndex_closure1.doCall(GetWindowIndexKeyword.groovy:73)
	at com.kms.katalon.core.webui.keyword.builtin.GetWindowIndexKeyword$_getWindowIndex_closure1.call(GetWindowIndexKeyword.groovy)
	at com.kms.katalon.core.webui.keyword.internal.WebUIKeywordMain.runKeywordAndReturnInt(WebUIKeywordMain.groovy:50)
	at com.kms.katalon.core.webui.keyword.builtin.GetWindowIndexKeyword.getWindowIndex(GetWindowIndexKeyword.groovy:71)
	at com.kms.katalon.core.webui.keyword.builtin.GetWindowIndexKeyword.execute(GetWindowIndexKeyword.groovy:66)
	at com.kms.katalon.core.keyword.internal.KeywordExecutor.executeKeywordForPlatform(KeywordExecutor.groovy:73)
	at com.kms.katalon.core.webui.keyword.WebUiBuiltInKeywords.getWindowIndex(WebUiBuiltInKeywords.groovy:262)
	at com.kms.katalon.core.webui.keyword.WebUiBuiltInKeywords$getWindowIndex$21.call(Unknown Source)
	at Script1586261051750.run(Script1586261051750.groovy:18)
	at com.kms.katalon.core.main.ScriptEngine.run(ScriptEngine.java:194)
	at com.kms.katalon.core.main.ScriptEngine.runScriptAsRawText(ScriptEngine.java:119)
	at com.kms.katalon.core.main.TestCaseExecutor.runScript(TestCaseExecutor.java:369)
	at com.kms.katalon.core.main.TestCaseExecutor.doExecute(TestCaseExecutor.java:360)
	at com.kms.katalon.core.main.TestCaseExecutor.processExecutionPhase(TestCaseExecutor.java:339)
	at com.kms.katalon.core.main.TestCaseExecutor.accessMainPhase(TestCaseExecutor.java:331)
	at com.kms.katalon.core.main.TestCaseExecutor.execute(TestCaseExecutor.java:248)
	at com.kms.katalon.core.main.TestCaseMain.runTestCase(TestCaseMain.java:138)
	at com.kms.katalon.core.keyword.builtin.CallTestCaseKeyword$_callTestCase_closure1.doCall(CallTestCaseKeyword.groovy:59)
	at com.kms.katalon.core.keyword.builtin.CallTestCaseKeyword$_callTestCase_closure1.call(CallTestCaseKeyword.groovy)
	at com.kms.katalon.core.keyword.internal.KeywordMain.runKeyword(KeywordMain.groovy:68)
	at com.kms.katalon.core.keyword.builtin.CallTestCaseKeyword.callTestCase(CallTestCaseKeyword.groovy:81)
	at com.kms.katalon.core.keyword.builtin.CallTestCaseKeyword.execute(CallTestCaseKeyword.groovy:44)
	at com.kms.katalon.core.keyword.internal.KeywordExecutor.executeKeywordForPlatform(KeywordExecutor.groovy:73)
	at com.kms.katalon.core.keyword.BuiltinKeywords.callTestCase(BuiltinKeywords.groovy:334)
	at sekmeler.sekmeler.anaSekmeyeGecilir(sekmeler.groovy:55)
	at cucumber.runtime.Utils$1.call(Utils.java:26)
	at cucumber.runtime.Timeout.timeout(Timeout.java:16)
	at cucumber.runtime.Utils.invoke(Utils.java:20)
	at cucumber.runtime.java.JavaStepDefinition.execute(JavaStepDefinition.java:49)
	at cucumber.runner.PickleStepDefinitionMatch.runStep(PickleStepDefinitionMatch.java:50)
	at cucumber.runner.TestStep.executeStep(TestStep.java:63)
	at cucumber.runner.TestStep.run(TestStep.java:49)
	at cucumber.runner.PickleStepTestStep.run(PickleStepTestStep.java:43)
	at cucumber.runner.TestCase.run(TestCase.java:44)
	at cucumber.runner.Runner.runPickle(Runner.java:40)
	at cucumber.runtime.Runtime$1.run(Runtime.java:84)
	at cucumber.runtime.Runtime$SameThreadExecutorService.execute(Runtime.java:220)
	at cucumber.runtime.Runtime.run(Runtime.java:81)
	at cucumber.api.cli.Main.run(Main.java:26)
	at cucumber.api.cli.Main$run.call(Unknown Source)
	at com.kms.katalon.core.cucumber.keyword.CucumberBuiltinKeywords$_runFeatureFile_closure1.doCall(CucumberBuiltinKeywords.groovy:106)
	at com.kms.katalon.core.cucumber.keyword.CucumberBuiltinKeywords$_runFeatureFile_closure1.doCall(CucumberBuiltinKeywords.groovy)
	at com.kms.katalon.core.keyword.internal.KeywordMain.runKeyword(KeywordMain.groovy:68)
	at com.kms.katalon.core.keyword.internal.KeywordMain$runKeyword.call(Unknown Source)
	at com.kms.katalon.core.cucumber.keyword.CucumberBuiltinKeywords.runFeatureFile(CucumberBuiltinKeywords.groovy:73)
	at com.kms.katalon.core.cucumber.keyword.CucumberBuiltinKeywords$runFeatureFile$0.callStatic(Unknown Source)
	at com.kms.katalon.core.cucumber.keyword.CucumberBuiltinKeywords.runFeatureFile(CucumberBuiltinKeywords.groovy:246)
	at com.kms.katalon.core.cucumber.keyword.CucumberBuiltinKeywords$runFeatureFile.call(Unknown Source)
	at Script1601995472919.run(Script1601995472919.groovy:18)
	... 13 more
)

2021-10-14 17:15:59 - [TEST_STEP][PASSED] - catch (Exception e): null

2021-10-14 17:15:59 - [TEST_STEP][PASSED] - switchToWindowIndex(0): Switched to window with index: '0'

2021-10-14 17:15:59 - [MESSAGE][INFO] - Checking index

2021-10-14 17:15:59 - [MESSAGE][INFO] - Switching window with index: '0'

2021-10-14 17:15:59 - [MESSAGE][PASSED] - Switched to window with index: '0'

2021-10-14 17:15:59 - [MESSAGE][PASSED] - Call Test Case 'Test Cases/Sekmeler/Ana_Sekmeye_Gec' successfully

2021-10-14 17:15:59 - [MESSAGE][INFO] - Checking called Test Case

2021-10-14 17:15:59 - [MESSAGE][INFO] - Starting to call Test Case 'Test Cases/Kullanici_Islemleri/KullaniciIslemlerindenSecimYapilir'

2021-10-14 17:15:59 - [TEST_CASE][PASSED] - Test Cases/Kullanici_Islemleri/KullaniciIslemlerindenSecimYapilir: Test Cases/Kullanici_Islemleri/KullaniciIslemlerindenSecimYapilir

2021-10-14 17:15:59 - [TEST_STEP][PASSED] - waitForElementClickable(findTestObject("Object Repository/Kullanici_Islemleri/KullaniciIslemleri"), 10): Object 'Object Repository/Kullanici_Islemleri/KullaniciIslemleri' is clickable

2021-10-14 17:15:59 - [MESSAGE][INFO] - Finding Test Object 'Object Repository/Kullanici_Islemleri/KullaniciIslemleri'

2021-10-14 17:15:59 - [MESSAGE][INFO] - Checking object

2021-10-14 17:15:59 - [MESSAGE][INFO] - Checking timeout

2021-10-14 17:15:59 - [MESSAGE][INFO] - Finding web element from Test Object's properties

2021-10-14 17:15:59 - [MESSAGE][INFO] - Checking timeout

2021-10-14 17:15:59 - [MESSAGE][INFO] - Finding web element with id: 'Object Repository/Kullanici_Islemleri/KullaniciIslemleri' located by 'By.cssSelector: .dropdown>a>img' in '10' second(s)

2021-10-14 17:15:59 - [MESSAGE][INFO] - Smart Wait Function is triggered

2021-10-14 17:15:59 - [MESSAGE][INFO] - Found 1 web elements with id: 'Object Repository/Kullanici_Islemleri/KullaniciIslemleri' located by 'By.cssSelector: .dropdown>a>img' in '10' second(s)

2021-10-14 17:15:59 - [MESSAGE][PASSED] - Object 'Object Repository/Kullanici_Islemleri/KullaniciIslemleri' is clickable

2021-10-14 17:15:59 - [TEST_STEP][PASSED] - click(findTestObject("Object Repository/Kullanici_Islemleri/KullaniciIslemleri")): Object: 'Object Repository/Kullanici_Islemleri/KullaniciIslemleri' is clicked on

2021-10-14 17:15:59 - [MESSAGE][INFO] - Finding Test Object 'Object Repository/Kullanici_Islemleri/KullaniciIslemleri'

2021-10-14 17:15:59 - [MESSAGE][INFO] - Checking object

2021-10-14 17:15:59 - [MESSAGE][INFO] - Finding web element from Test Object's properties

2021-10-14 17:15:59 - [MESSAGE][INFO] - Checking timeout

2021-10-14 17:15:59 - [MESSAGE][INFO] - Finding web element with id: 'Object Repository/Kullanici_Islemleri/KullaniciIslemleri' located by 'By.cssSelector: .dropdown>a>img' in '30' second(s)

2021-10-14 17:15:59 - [MESSAGE][INFO] - Smart Wait Function is triggered

2021-10-14 17:15:59 - [MESSAGE][INFO] - Found 1 web elements with id: 'Object Repository/Kullanici_Islemleri/KullaniciIslemleri' located by 'By.cssSelector: .dropdown>a>img' in '30' second(s)

2021-10-14 17:15:59 - [MESSAGE][INFO] - Clicking on object: 'Object Repository/Kullanici_Islemleri/KullaniciIslemleri'

2021-10-14 17:16:00 - [MESSAGE][PASSED] - Object: 'Object Repository/Kullanici_Islemleri/KullaniciIslemleri' is clicked on

2021-10-14 17:16:00 - [TEST_STEP][PASSED] - Method.TextDegerineEsitElementeTikla(findTestObject("Object Repository/Kullanici_Islemleri/Secenekler"), Islem): Method.TextDegerineEsitElementeTikla is PASSED

2021-10-14 17:16:00 - [MESSAGE][INFO] - Finding Test Object 'Object Repository/Kullanici_Islemleri/Secenekler'

2021-10-14 17:16:00 - [MESSAGE][INFO] - Checking timeout

2021-10-14 17:16:00 - [MESSAGE][INFO] - Finding web element with id: 'Object Repository/Kullanici_Islemleri/Secenekler' located by 'By.cssSelector: .nav.navbar-nav.navbar-right li a' in '10' second(s)

2021-10-14 17:16:00 - [MESSAGE][INFO] - Smart Wait Function is triggered

2021-10-14 17:16:00 - [MESSAGE][INFO] - Found 22 web elements with id: 'Object Repository/Kullanici_Islemleri/Secenekler' located by 'By.cssSelector: .nav.navbar-nav.navbar-right li a' in '10' second(s)

2021-10-14 17:16:01 - [MESSAGE][PASSED] - Method.TextDegerineEsitElementeTikla is PASSED

2021-10-14 17:16:01 - [TEST_STEP][PASSED] - verifyElementNotPresent(findTestObject("Object Repository/Kullanici_Islemleri/Secenekler"), 10): Web element with id: 'Object Repository/Kullanici_Islemleri/Secenekler' located by 'By.cssSelector: .nav.navbar-nav.navbar-right li a' is not present after '10' second(s)

2021-10-14 17:16:01 - [MESSAGE][INFO] - Finding Test Object 'Object Repository/Kullanici_Islemleri/Secenekler'

2021-10-14 17:16:01 - [MESSAGE][INFO] - Checking object

2021-10-14 17:16:01 - [MESSAGE][INFO] - Checking timeout

2021-10-14 17:16:01 - [MESSAGE][INFO] - Finding web element with id: 'Object Repository/Kullanici_Islemleri/Secenekler' located by 'By.cssSelector: .nav.navbar-nav.navbar-right li a' in '10' second(s)

2021-10-14 17:16:01 - [MESSAGE][INFO] - Smart Wait Function is triggered

2021-10-14 17:16:02 - [MESSAGE][PASSED] - Web element with id: 'Object Repository/Kullanici_Islemleri/Secenekler' located by 'By.cssSelector: .nav.navbar-nav.navbar-right li a' is not present after '10' second(s)

2021-10-14 17:16:02 - [MESSAGE][PASSED] - Call Test Case 'Test Cases/Kullanici_Islemleri/KullaniciIslemlerindenSecimYapilir' successfully

2021-10-14 17:16:02 - [TEST_CASE][PASSED] - Start Test Case : SCENARIO Uygulama Yaniti departman ata: SCENARIO Uygulama Yaniti departman ata

2021-10-14 17:16:02 - [TEST_STEP][PASSED] - Kullanıcı adı ELOGO6 ve Şifre 123456 olarak giriş yapılır: Kullanıcı adı ELOGO6 ve Şifre 123456 olarak giriş yapılır

2021-10-14 17:16:02 - [MESSAGE][PASSED] - Kullanıcı adı ELOGO6 ve Şifre 123456 olarak giriş yapılır

2021-10-14 17:16:02 - [TEST_STEP][PASSED] - Ana menüden e-Fatura seçilir: Ana menüden e-Fatura seçilir

2021-10-14 17:16:02 - [MESSAGE][PASSED] - Ana menüden e-Fatura seçilir

2021-10-14 17:16:02 - [TEST_STEP][PASSED] - Alt menü Gelen Kutusu başlığı altındaki Uygulama Yanıtları seçilir: Alt menü Gelen Kutusu başlığı altındaki Uygulama Yanıtları seçilir

2021-10-14 17:16:02 - [MESSAGE][PASSED] - Alt menü Gelen Kutusu başlığı altındaki Uygulama Yanıtları seçilir

2021-10-14 17:16:02 - [TEST_STEP][PASSED] - Filtrelerden Oluşturma Tarihi filtresine 01.12.2020 baslangic degerini yaz: Filtrelerden Oluşturma Tarihi filtresine 01.12.2020 baslangic degerini yaz

2021-10-14 17:16:02 - [MESSAGE][PASSED] - Filtrelerden Oluşturma Tarihi filtresine 01.12.2020 baslangic degerini yaz

2021-10-14 17:16:02 - [TEST_STEP][PASSED] - Filtrelerden Oluşturma Tarihi filtresine 31.12.2020 bitis degerini yaz: Filtrelerden Oluşturma Tarihi filtresine 31.12.2020 bitis degerini yaz

2021-10-14 17:16:02 - [MESSAGE][PASSED] - Filtrelerden Oluşturma Tarihi filtresine 31.12.2020 bitis degerini yaz

2021-10-14 17:16:02 - [TEST_STEP][PASSED] - Filtre butonlarından Listele seçilir: Filtre butonlarından Listele seçilir

2021-10-14 17:16:02 - [MESSAGE][PASSED] - Filtre butonlarından Listele seçilir

2021-10-14 17:16:02 - [TEST_STEP][PASSED] - Tabloda veri var mı kontrol edilir: Tabloda veri var mı kontrol edilir

2021-10-14 17:16:02 - [MESSAGE][PASSED] - Tabloda veri var mı kontrol edilir

2021-10-14 17:16:02 - [TEST_STEP][PASSED] - Tablodan 1234567806 isimli veri seçilir: Tablodan 1234567806 isimli veri seçilir

2021-10-14 17:16:02 - [MESSAGE][PASSED] - Tablodan 1234567806 isimli veri seçilir

2021-10-14 17:16:02 - [TEST_STEP][PASSED] - Butonlardan Departman Ata isimli butona tıklanır: Butonlardan Departman Ata isimli butona tıklanır

2021-10-14 17:16:02 - [MESSAGE][PASSED] - Butonlardan Departman Ata isimli butona tıklanır

2021-10-14 17:16:02 - [TEST_STEP][PASSED] - Yeni açılan sekmeye geçilir: Yeni açılan sekmeye geçilir

2021-10-14 17:16:02 - [MESSAGE][PASSED] - Yeni açılan sekmeye geçilir

2021-10-14 17:16:02 - [TEST_STEP][PASSED] - otomasyon isimli departman checkboxı seçilir: otomasyon isimli departman checkboxı seçilir

2021-10-14 17:16:02 - [MESSAGE][PASSED] - otomasyon isimli departman checkboxı seçilir

2021-10-14 17:16:02 - [TEST_STEP][PASSED] - Departman kaydedilir: Departman kaydedilir

2021-10-14 17:16:02 - [MESSAGE][PASSED] - Departman kaydedilir

2021-10-14 17:16:02 - [TEST_STEP][PASSED] - Popup mesajı Seçilen belgeler ilgili departmanlara aktarılmıştır içeriyor mu: Popup mesajı Seçilen belgeler ilgili departmanlara aktarılmıştır içeriyor mu

2021-10-14 17:16:02 - [MESSAGE][PASSED] - Popup mesajı Seçilen belgeler ilgili departmanlara aktarılmıştır içeriyor mu

2021-10-14 17:16:02 - [TEST_STEP][PASSED] - Yönetim popupında Tamam seçilir: Yönetim popupında Tamam seçilir

2021-10-14 17:16:02 - [MESSAGE][PASSED] - Yönetim popupında Tamam seçilir

2021-10-14 17:16:02 - [TEST_STEP][PASSED] - Ana sekmeye geçilir: Ana sekmeye geçilir

2021-10-14 17:16:02 - [MESSAGE][PASSED] - Ana sekmeye geçilir

2021-10-14 17:16:02 - [TEST_STEP][PASSED] - Butonlardan Departman Geri Al isimli butona tıklanır: Butonlardan Departman Geri Al isimli butona tıklanır

2021-10-14 17:16:02 - [MESSAGE][PASSED] - Butonlardan Departman Geri Al isimli butona tıklanır

2021-10-14 17:16:02 - [TEST_STEP][PASSED] - Yeni açılan sekmeye geçilir: Yeni açılan sekmeye geçilir

2021-10-14 17:16:02 - [MESSAGE][PASSED] - Yeni açılan sekmeye geçilir

2021-10-14 17:16:02 - [TEST_STEP][PASSED] - otomasyon isimli departman checkboxı seçilir: otomasyon isimli departman checkboxı seçilir

2021-10-14 17:16:02 - [MESSAGE][PASSED] - otomasyon isimli departman checkboxı seçilir

2021-10-14 17:16:02 - [TEST_STEP][PASSED] - Departman kaydedilir: Departman kaydedilir

2021-10-14 17:16:02 - [MESSAGE][PASSED] - Departman kaydedilir

2021-10-14 17:16:02 - [TEST_STEP][PASSED] - Popup mesajı Seçilen belgelerin ilgili departmanlardaki yetkisi kaldırılmıştır içeriyor mu: Popup mesajı Seçilen belgelerin ilgili departmanlardaki yetkisi kaldırılmıştır içeriyor mu

2021-10-14 17:16:02 - [MESSAGE][PASSED] - Popup mesajı Seçilen belgelerin ilgili departmanlardaki yetkisi kaldırılmıştır içeriyor mu

2021-10-14 17:16:02 - [TEST_STEP][PASSED] - Yönetim popupında Tamam seçilir: Yönetim popupında Tamam seçilir

2021-10-14 17:16:02 - [MESSAGE][PASSED] - Yönetim popupında Tamam seçilir

2021-10-14 17:16:02 - [TEST_STEP][PASSED] - Ana sekmeye geçilir: Ana sekmeye geçilir

2021-10-14 17:16:02 - [MESSAGE][PASSED] - Ana sekmeye geçilir

2021-10-14 17:16:02 - [TEST_STEP][PASSED] - Kullanıcı işlemlerinden Çıkış seçilir: Kullanıcı işlemlerinden Çıkış seçilir

2021-10-14 17:16:02 - [MESSAGE][PASSED] - Kullanıcı işlemlerinden Çıkış seçilir

2021-10-14 17:16:02 - [MESSAGE][PASSED] - Feature file: 'Include/features/e-Fatura/Gelen Kutusu/Uygulama Yanitlari/Departman Ata-Geri Al.feature' was passed

2021-10-14 17:16:02 - [TEST_STEP][PASSED] - Start listener action : sampleAfterTestSuite: Invoke 'com.kms.katalon.core.annotation.AfterTestCase' method: 'Listener.sampleAfterTestSuite(...)' completed.

2021-10-14 17:16:02 - [MESSAGE][INFO] - Starting invoke 'com.kms.katalon.core.annotation.AfterTestCase' method: 'Listener.sampleAfterTestSuite(...)'

2021-10-14 17:16:02 - [TEST_STEP][PASSED] - closeBrowser(): Invoke 'com.kms.katalon.core.annotation.AfterTestCase' method: 'Listener.sampleAfterTestSuite(...)' completed.

2021-10-14 17:16:02 - [MESSAGE][INFO] - Closing browser

2021-10-14 17:16:03 - [MESSAGE][PASSED] - Browser is closed

2021-10-14 17:16:03 - [MESSAGE][INFO] - Invoke 'com.kms.katalon.core.annotation.AfterTestCase' method: 'Listener.sampleAfterTestSuite(...)' completed.]]></system-out>
         <system-err><![CDATA[]]></system-err>
      </testcase>
      <testcase name="Test Cases/Case Repository/e-Fatura/Gelen Kutusu/Uygulama Yanitlari/Ekran Kontrolu" time="44.458" classname="Test Cases/Case Repository/e-Fatura/Gelen Kutusu/Uygulama Yanitlari/Ekran Kontrolu" status="PASSED">
         <system-out><![CDATA[2021-10-14 17:16:03 - [TEST_CASE][PASSED] - Test Cases/Case Repository/e-Fatura/Gelen Kutusu/Uygulama Yanitlari/Ekran Kontrolu: Test Cases/Case Repository/e-Fatura/Gelen Kutusu/Uygulama Yanitlari/Ekran Kontrolu

2021-10-14 17:16:03 - [TEST_STEP][PASSED] - Start listener action : sampleBeforeTestSuite: Invoke 'com.kms.katalon.core.annotation.BeforeTestCase' method: 'Listener.sampleBeforeTestSuite(...)' completed.

2021-10-14 17:16:03 - [MESSAGE][INFO] - Starting invoke 'com.kms.katalon.core.annotation.BeforeTestCase' method: 'Listener.sampleBeforeTestSuite(...)'

2021-10-14 17:16:03 - [TEST_STEP][PASSED] - openBrowser(baseUrl): Browser is opened with url: 'https://efatura-stage.elogo.com.tr/'

2021-10-14 17:16:03 - [MESSAGE][INFO] - Opening browser

2021-10-14 17:16:03 - [MESSAGE][INFO] - Starting 'Chrome' driver

2021-10-14 17:16:03 - [MESSAGE][INFO] - User set preference: ['prefs', '{download.default_directory=C:\otomasyondownfiles}']

2021-10-14 17:16:03 - [MESSAGE][INFO] - Action delay is set to 0 milliseconds

2021-10-14 17:16:04 - [MESSAGE][INFO] - Navigating browser to: 'https://efatura-stage.elogo.com.tr/'

2021-10-14 17:16:07 - [MESSAGE][PASSED] - Browser is opened with url: 'https://efatura-stage.elogo.com.tr/'

2021-10-14 17:16:07 - [TEST_STEP][PASSED] - maximizeWindow(): Invoke 'com.kms.katalon.core.annotation.BeforeTestCase' method: 'Listener.sampleBeforeTestSuite(...)' completed.

2021-10-14 17:16:07 - [MESSAGE][INFO] - Maximizing current window

2021-10-14 17:16:07 - [MESSAGE][PASSED] - Current window maximized

2021-10-14 17:16:07 - [MESSAGE][INFO] - Invoke 'com.kms.katalon.core.annotation.BeforeTestCase' method: 'Listener.sampleBeforeTestSuite(...)' completed.

2021-10-14 17:16:07 - [TEST_STEP][PASSED] - runFeatureFile("Include/features/e-Fatura/Gelen Kutusu/Uygulama Yanitlari/Ekran Kontrolu.feature"): Feature file: 'Include/features/e-Fatura/Gelen Kutusu/Uygulama Yanitlari/Ekran Kontrolu.feature' was passed

2021-10-14 17:16:07 - [MESSAGE][INFO] - Starting run keyword runFeatureFile: 'Include/features/e-Fatura/Gelen Kutusu/Uygulama Yanitlari/Ekran Kontrolu.feature' and extract report to folder: 'C:\Users\DELL\Downloads\EES_Katalon-main\Reports\20211014_170112\Suite Repository\e-Fatura\20211014_170113/cucumber_report/1634220967951'...

2021-10-14 17:16:07 - [MESSAGE][INFO] - Glue: []

2021-10-14 17:16:08 - [MESSAGE][INFO] - Checking called Test Case

2021-10-14 17:16:08 - [MESSAGE][INFO] - Starting to call Test Case 'Test Cases/Sayfalar/Giris_Sayfasi/Login'

2021-10-14 17:16:08 - [TEST_CASE][PASSED] - Test Cases/Sayfalar/Giris_Sayfasi/Login: Test Cases/Sayfalar/Giris_Sayfasi/Login

2021-10-14 17:16:08 - [TEST_STEP][PASSED] - Sayfa_Basligi = getWindowTitle(): Current window's title is: 'LOGO e-Fatura'

2021-10-14 17:16:08 - [MESSAGE][INFO] - Getting current window's title

2021-10-14 17:16:08 - [MESSAGE][PASSED] - Current window's title is: 'LOGO e-Fatura'

2021-10-14 17:16:08 - [TEST_STEP][PASSED] - verifyMatch(Sayfa_Basligi, "LOGO e-Fatura", false): Actual text 'LOGO e-Fatura' and expected text 'LOGO e-Fatura' are matched 

2021-10-14 17:16:08 - [MESSAGE][INFO] - Matching actual text 'LOGO e-Fatura' with expected text 'LOGO e-Fatura'

2021-10-14 17:16:08 - [MESSAGE][PASSED] - Actual text 'LOGO e-Fatura' and expected text 'LOGO e-Fatura' are matched 

2021-10-14 17:16:08 - [TEST_STEP][PASSED] - sendKeys(findTestObject("Sayfalar/Giris_Sayfasi/Firma_Kodu"), KullaniciAdi): Keys 'ELOGO6' sent to object: 'Object Repository/Sayfalar/Giris_Sayfasi/Firma_Kodu'

2021-10-14 17:16:08 - [MESSAGE][INFO] - Finding Test Object 'Object Repository/Sayfalar/Giris_Sayfasi/Firma_Kodu'

2021-10-14 17:16:08 - [MESSAGE][INFO] - Sending keys 'ELOGO6' to object: 'Object Repository/Sayfalar/Giris_Sayfasi/Firma_Kodu'

2021-10-14 17:16:08 - [MESSAGE][INFO] - Finding web element from Test Object's properties

2021-10-14 17:16:08 - [MESSAGE][INFO] - Checking timeout

2021-10-14 17:16:08 - [MESSAGE][INFO] - Finding web element with id: 'Object Repository/Sayfalar/Giris_Sayfasi/Firma_Kodu' located by 'By.xpath: //*[@id = 'AccountName']' in '30' second(s)

2021-10-14 17:16:08 - [MESSAGE][INFO] - Smart Wait Function is triggered

2021-10-14 17:16:09 - [MESSAGE][INFO] - Found 1 web elements with id: 'Object Repository/Sayfalar/Giris_Sayfasi/Firma_Kodu' located by 'By.xpath: //*[@id = 'AccountName']' in '30' second(s)

2021-10-14 17:16:09 - [MESSAGE][PASSED] - Keys 'ELOGO6' sent to object: 'Object Repository/Sayfalar/Giris_Sayfasi/Firma_Kodu'

2021-10-14 17:16:09 - [TEST_STEP][PASSED] - sendKeys(findTestObject("Sayfalar/Giris_Sayfasi/Sifre"), Sifre): Keys '123456' sent to object: 'Object Repository/Sayfalar/Giris_Sayfasi/Sifre'

2021-10-14 17:16:09 - [MESSAGE][INFO] - Finding Test Object 'Object Repository/Sayfalar/Giris_Sayfasi/Sifre'

2021-10-14 17:16:09 - [MESSAGE][INFO] - Sending keys '123456' to object: 'Object Repository/Sayfalar/Giris_Sayfasi/Sifre'

2021-10-14 17:16:09 - [MESSAGE][INFO] - Finding web element from Test Object's properties

2021-10-14 17:16:09 - [MESSAGE][INFO] - Checking timeout

2021-10-14 17:16:09 - [MESSAGE][INFO] - Finding web element with id: 'Object Repository/Sayfalar/Giris_Sayfasi/Sifre' located by 'By.xpath: //*[@id = 'Password']' in '30' second(s)

2021-10-14 17:16:09 - [MESSAGE][INFO] - Smart Wait Function is triggered

2021-10-14 17:16:09 - [MESSAGE][INFO] - Found 1 web elements with id: 'Object Repository/Sayfalar/Giris_Sayfasi/Sifre' located by 'By.xpath: //*[@id = 'Password']' in '30' second(s)

2021-10-14 17:16:10 - [MESSAGE][PASSED] - Keys '123456' sent to object: 'Object Repository/Sayfalar/Giris_Sayfasi/Sifre'

2021-10-14 17:16:10 - [TEST_STEP][PASSED] - findWebElement(findTestObject("Sayfalar/Giris_Sayfasi/Giris_Butonu")).click(): Found 1 web elements with id: 'Object Repository/Sayfalar/Giris_Sayfasi/Giris_Butonu' located by 'By.cssSelector: #btnLogin' in '30' second(s)

2021-10-14 17:16:10 - [MESSAGE][INFO] - Finding Test Object 'Object Repository/Sayfalar/Giris_Sayfasi/Giris_Butonu'

2021-10-14 17:16:10 - [MESSAGE][INFO] - Finding web element from Test Object's properties

2021-10-14 17:16:10 - [MESSAGE][INFO] - Checking timeout

2021-10-14 17:16:10 - [MESSAGE][INFO] - Finding web element with id: 'Object Repository/Sayfalar/Giris_Sayfasi/Giris_Butonu' located by 'By.cssSelector: #btnLogin' in '30' second(s)

2021-10-14 17:16:10 - [MESSAGE][INFO] - Smart Wait Function is triggered

2021-10-14 17:16:10 - [MESSAGE][INFO] - Found 1 web elements with id: 'Object Repository/Sayfalar/Giris_Sayfasi/Giris_Butonu' located by 'By.cssSelector: #btnLogin' in '30' second(s)

2021-10-14 17:16:12 - [TEST_STEP][PASSED] - if (verifyElementPresent(findTestObject("Object Repository/Sayfalar/Giris_Sayfasi/RetveTamam_Butonu"), 5, OPTIONAL)): null

2021-10-14 17:16:12 - [MESSAGE][INFO] - Finding Test Object 'Object Repository/Sayfalar/Giris_Sayfasi/RetveTamam_Butonu'

2021-10-14 17:16:12 - [MESSAGE][INFO] - Checking object

2021-10-14 17:16:12 - [MESSAGE][INFO] - Finding web element from Test Object's properties

2021-10-14 17:16:12 - [MESSAGE][INFO] - Checking timeout

2021-10-14 17:16:12 - [MESSAGE][INFO] - Finding web element with id: 'Object Repository/Sayfalar/Giris_Sayfasi/RetveTamam_Butonu' located by 'By.xpath: //*[@class = 'btn btn-default']' in '5' second(s)

2021-10-14 17:16:12 - [MESSAGE][INFO] - Smart Wait Function is triggered

2021-10-14 17:16:13 - [MESSAGE][INFO] - Found 1 web elements with id: 'Object Repository/Sayfalar/Giris_Sayfasi/RetveTamam_Butonu' located by 'By.xpath: //*[@class = 'btn btn-default']' in '5' second(s)

2021-10-14 17:16:13 - [MESSAGE][PASSED] - Object 'Object Repository/Sayfalar/Giris_Sayfasi/RetveTamam_Butonu' is present

2021-10-14 17:16:13 - [TEST_STEP][PASSED] - click(findTestObject("Object Repository/Sayfalar/Giris_Sayfasi/RetveTamam_Butonu")): Object: 'Object Repository/Sayfalar/Giris_Sayfasi/RetveTamam_Butonu' is clicked on

2021-10-14 17:16:13 - [MESSAGE][INFO] - Finding Test Object 'Object Repository/Sayfalar/Giris_Sayfasi/RetveTamam_Butonu'

2021-10-14 17:16:13 - [MESSAGE][INFO] - Checking object

2021-10-14 17:16:13 - [MESSAGE][INFO] - Finding web element from Test Object's properties

2021-10-14 17:16:13 - [MESSAGE][INFO] - Checking timeout

2021-10-14 17:16:13 - [MESSAGE][INFO] - Finding web element with id: 'Object Repository/Sayfalar/Giris_Sayfasi/RetveTamam_Butonu' located by 'By.xpath: //*[@class = 'btn btn-default']' in '30' second(s)

2021-10-14 17:16:13 - [MESSAGE][INFO] - Smart Wait Function is triggered

2021-10-14 17:16:13 - [MESSAGE][INFO] - Found 1 web elements with id: 'Object Repository/Sayfalar/Giris_Sayfasi/RetveTamam_Butonu' located by 'By.xpath: //*[@class = 'btn btn-default']' in '30' second(s)

2021-10-14 17:16:13 - [MESSAGE][INFO] - Clicking on object: 'Object Repository/Sayfalar/Giris_Sayfasi/RetveTamam_Butonu'

2021-10-14 17:16:13 - [MESSAGE][PASSED] - Object: 'Object Repository/Sayfalar/Giris_Sayfasi/RetveTamam_Butonu' is clicked on

2021-10-14 17:16:13 - [TEST_STEP][PASSED] - click(findTestObject("Object Repository/Sayfalar/Giris_Sayfasi/RetveTamam_Butonu")): Object: 'Object Repository/Sayfalar/Giris_Sayfasi/RetveTamam_Butonu' is clicked on

2021-10-14 17:16:13 - [MESSAGE][INFO] - Finding Test Object 'Object Repository/Sayfalar/Giris_Sayfasi/RetveTamam_Butonu'

2021-10-14 17:16:13 - [MESSAGE][INFO] - Checking object

2021-10-14 17:16:13 - [MESSAGE][INFO] - Finding web element from Test Object's properties

2021-10-14 17:16:13 - [MESSAGE][INFO] - Checking timeout

2021-10-14 17:16:13 - [MESSAGE][INFO] - Finding web element with id: 'Object Repository/Sayfalar/Giris_Sayfasi/RetveTamam_Butonu' located by 'By.xpath: //*[@class = 'btn btn-default']' in '30' second(s)

2021-10-14 17:16:13 - [MESSAGE][INFO] - Smart Wait Function is triggered

2021-10-14 17:16:18 - [MESSAGE][INFO] - Found 1 web elements with id: 'Object Repository/Sayfalar/Giris_Sayfasi/RetveTamam_Butonu' located by 'By.xpath: //*[@class = 'btn btn-default']' in '30' second(s)

2021-10-14 17:16:18 - [MESSAGE][INFO] - Clicking on object: 'Object Repository/Sayfalar/Giris_Sayfasi/RetveTamam_Butonu'

2021-10-14 17:16:18 - [MESSAGE][PASSED] - Object: 'Object Repository/Sayfalar/Giris_Sayfasi/RetveTamam_Butonu' is clicked on

2021-10-14 17:16:18 - [TEST_STEP][PASSED] - if (verifyElementPresent(findTestObject("Sayfalar/Giris_Sayfasi/PopupOK"), 5, OPTIONAL)): null

2021-10-14 17:16:18 - [MESSAGE][INFO] - Finding Test Object 'Object Repository/Sayfalar/Giris_Sayfasi/PopupOK'

2021-10-14 17:16:18 - [MESSAGE][INFO] - Checking object

2021-10-14 17:16:18 - [MESSAGE][INFO] - Finding web element from Test Object's properties

2021-10-14 17:16:18 - [MESSAGE][INFO] - Checking timeout

2021-10-14 17:16:18 - [MESSAGE][INFO] - Finding web element with id: 'Object Repository/Sayfalar/Giris_Sayfasi/PopupOK' located by 'By.cssSelector: .btn.btn-success' in '5' second(s)

2021-10-14 17:16:18 - [MESSAGE][INFO] - Smart Wait Function is triggered

2021-10-14 17:16:19 - [MESSAGE][INFO] - Found 1 web elements with id: 'Object Repository/Sayfalar/Giris_Sayfasi/PopupOK' located by 'By.cssSelector: .btn.btn-success' in '5' second(s)

2021-10-14 17:16:19 - [MESSAGE][PASSED] - Object 'Object Repository/Sayfalar/Giris_Sayfasi/PopupOK' is present

2021-10-14 17:16:19 - [TEST_STEP][PASSED] - click(findTestObject("Object Repository/Sayfalar/Giris_Sayfasi/PopupCarpiGiris")): Object: 'Object Repository/Sayfalar/Giris_Sayfasi/PopupCarpiGiris' is clicked on

2021-10-14 17:16:19 - [MESSAGE][INFO] - Finding Test Object 'Object Repository/Sayfalar/Giris_Sayfasi/PopupCarpiGiris'

2021-10-14 17:16:19 - [MESSAGE][INFO] - Checking object

2021-10-14 17:16:19 - [MESSAGE][INFO] - Finding web element from Test Object's properties

2021-10-14 17:16:19 - [MESSAGE][INFO] - Checking timeout

2021-10-14 17:16:19 - [MESSAGE][INFO] - Finding web element with id: 'Object Repository/Sayfalar/Giris_Sayfasi/PopupCarpiGiris' located by 'By.cssSelector: .bootbox-close-button.close' in '30' second(s)

2021-10-14 17:16:19 - [MESSAGE][INFO] - Smart Wait Function is triggered

2021-10-14 17:16:19 - [MESSAGE][INFO] - Found 1 web elements with id: 'Object Repository/Sayfalar/Giris_Sayfasi/PopupCarpiGiris' located by 'By.cssSelector: .bootbox-close-button.close' in '30' second(s)

2021-10-14 17:16:19 - [MESSAGE][INFO] - Clicking on object: 'Object Repository/Sayfalar/Giris_Sayfasi/PopupCarpiGiris'

2021-10-14 17:16:19 - [MESSAGE][PASSED] - Object: 'Object Repository/Sayfalar/Giris_Sayfasi/PopupCarpiGiris' is clicked on

2021-10-14 17:16:19 - [TEST_STEP][PASSED] - verifyElementVisible(findTestObject("Object Repository/Kullanici_Islemleri/KullaniciIslemleri")): Object 'Object Repository/Kullanici_Islemleri/KullaniciIslemleri' is visible

2021-10-14 17:16:19 - [MESSAGE][INFO] - Finding Test Object 'Object Repository/Kullanici_Islemleri/KullaniciIslemleri'

2021-10-14 17:16:19 - [MESSAGE][INFO] - Checking object

2021-10-14 17:16:19 - [MESSAGE][INFO] - Finding web element from Test Object's properties

2021-10-14 17:16:19 - [MESSAGE][INFO] - Checking timeout

2021-10-14 17:16:19 - [MESSAGE][INFO] - Finding web element with id: 'Object Repository/Kullanici_Islemleri/KullaniciIslemleri' located by 'By.cssSelector: .dropdown>a>img' in '30' second(s)

2021-10-14 17:16:19 - [MESSAGE][INFO] - Smart Wait Function is triggered

2021-10-14 17:16:20 - [MESSAGE][INFO] - Found 1 web elements with id: 'Object Repository/Kullanici_Islemleri/KullaniciIslemleri' located by 'By.cssSelector: .dropdown>a>img' in '30' second(s)

2021-10-14 17:16:20 - [MESSAGE][PASSED] - Object 'Object Repository/Kullanici_Islemleri/KullaniciIslemleri' is visible

2021-10-14 17:16:20 - [MESSAGE][PASSED] - Call Test Case 'Test Cases/Sayfalar/Giris_Sayfasi/Login' successfully

2021-10-14 17:16:20 - [MESSAGE][INFO] - Checking called Test Case

2021-10-14 17:16:20 - [MESSAGE][INFO] - Starting to call Test Case 'Test Cases/Menu/AnaMenuSecimi'

2021-10-14 17:16:20 - [TEST_CASE][PASSED] - Test Cases/Menu/AnaMenuSecimi: Test Cases/Menu/AnaMenuSecimi

2021-10-14 17:16:20 - [TEST_STEP][PASSED] - Method.TextDegerineEsitElementeTikla(findTestObject("Menu/Ana_Menu"), Ana_Menu): Method.TextDegerineEsitElementeTikla is PASSED

2021-10-14 17:16:20 - [MESSAGE][INFO] - Finding Test Object 'Object Repository/Menu/Ana_Menu'

2021-10-14 17:16:20 - [MESSAGE][INFO] - Checking timeout

2021-10-14 17:16:20 - [MESSAGE][INFO] - Finding web element with id: 'Object Repository/Menu/Ana_Menu' located by 'By.xpath: //*[@class = 'dropdown-toggle']' in '10' second(s)

2021-10-14 17:16:20 - [MESSAGE][INFO] - Smart Wait Function is triggered

2021-10-14 17:16:20 - [MESSAGE][INFO] - Found 14 web elements with id: 'Object Repository/Menu/Ana_Menu' located by 'By.xpath: //*[@class = 'dropdown-toggle']' in '10' second(s)

2021-10-14 17:16:21 - [MESSAGE][PASSED] - Method.TextDegerineEsitElementeTikla is PASSED

2021-10-14 17:16:21 - [MESSAGE][PASSED] - Call Test Case 'Test Cases/Menu/AnaMenuSecimi' successfully

2021-10-14 17:16:21 - [MESSAGE][INFO] - Checking called Test Case

2021-10-14 17:16:21 - [MESSAGE][INFO] - Starting to call Test Case 'Test Cases/Menu/BasligaGoreAltMenuSecimi'

2021-10-14 17:16:21 - [TEST_CASE][PASSED] - Test Cases/Menu/BasligaGoreAltMenuSecimi: Test Cases/Menu/BasligaGoreAltMenuSecimi

2021-10-14 17:16:21 - [TEST_STEP][PASSED] - Method.TextDegerineEsitElementinAltindakiTextDegerineEsitOlanaTikla(findTestObject("Menu/Menu_Basligi"), findTestObject("Menu/Basliga_Gore_Alt_Menu"), Baslik, Alt_Menu): Method.TextDegerineEsitElementinAltindakiTextDegerineEsitOlanaTikla is PASSED

2021-10-14 17:16:21 - [MESSAGE][INFO] - Finding Test Object 'Object Repository/Menu/Menu_Basligi'

2021-10-14 17:16:21 - [MESSAGE][INFO] - Finding Test Object 'Object Repository/Menu/Basliga_Gore_Alt_Menu'

2021-10-14 17:16:21 - [MESSAGE][INFO] - Checking timeout

2021-10-14 17:16:21 - [MESSAGE][INFO] - Finding web element with id: 'Object Repository/Menu/Menu_Basligi' located by 'By.xpath: //li[@class='dropdown dropdown-large open']//li[@class='dropdown-header']' in '10' second(s)

2021-10-14 17:16:21 - [MESSAGE][INFO] - Smart Wait Function is triggered

2021-10-14 17:16:21 - [MESSAGE][INFO] - Found 3 web elements with id: 'Object Repository/Menu/Menu_Basligi' located by 'By.xpath: //li[@class='dropdown dropdown-large open']//li[@class='dropdown-header']' in '10' second(s)

2021-10-14 17:16:21 - [MESSAGE][INFO] - Smart Wait Function is triggered

2021-10-14 17:16:23 - [MESSAGE][PASSED] - Method.TextDegerineEsitElementinAltindakiTextDegerineEsitOlanaTikla is PASSED

2021-10-14 17:16:23 - [MESSAGE][PASSED] - Call Test Case 'Test Cases/Menu/BasligaGoreAltMenuSecimi' successfully

2021-10-14 17:16:23 - [MESSAGE][INFO] - Checking called Test Case

2021-10-14 17:16:23 - [MESSAGE][INFO] - Starting to call Test Case 'Test Cases/Filtreler/FiltreVarMi'

2021-10-14 17:16:24 - [TEST_CASE][PASSED] - Test Cases/Filtreler/FiltreVarMi: Test Cases/Filtreler/FiltreVarMi

2021-10-14 17:16:24 - [TEST_STEP][PASSED] - Method.TextDegerineEsitElementVarMi(findTestObject("Filtreler/Basliklar"), Filtre_alan): Method.TextDegerineEsitElementVarMi is PASSED

2021-10-14 17:16:24 - [MESSAGE][INFO] - Finding Test Object 'Object Repository/Filtreler/Basliklar'

2021-10-14 17:16:24 - [MESSAGE][INFO] - Checking timeout

2021-10-14 17:16:24 - [MESSAGE][INFO] - Finding web element with id: 'Object Repository/Filtreler/Basliklar' located by 'By.cssSelector: .control-label.col-sm-4.paddingMarginRLC' in '10' second(s)

2021-10-14 17:16:24 - [MESSAGE][INFO] - Smart Wait Function is triggered

2021-10-14 17:16:24 - [MESSAGE][INFO] - Found 13 web elements with id: 'Object Repository/Filtreler/Basliklar' located by 'By.cssSelector: .control-label.col-sm-4.paddingMarginRLC' in '10' second(s)

2021-10-14 17:16:24 - [MESSAGE][PASSED] - Method.TextDegerineEsitElementVarMi is PASSED

2021-10-14 17:16:24 - [MESSAGE][PASSED] - Call Test Case 'Test Cases/Filtreler/FiltreVarMi' successfully

2021-10-14 17:16:24 - [MESSAGE][INFO] - Checking called Test Case

2021-10-14 17:16:24 - [MESSAGE][INFO] - Starting to call Test Case 'Test Cases/Filtreler/FiltreVarMi'

2021-10-14 17:16:24 - [TEST_CASE][PASSED] - Test Cases/Filtreler/FiltreVarMi: Test Cases/Filtreler/FiltreVarMi

2021-10-14 17:16:24 - [TEST_STEP][PASSED] - Method.TextDegerineEsitElementVarMi(findTestObject("Filtreler/Basliklar"), Filtre_alan): Method.TextDegerineEsitElementVarMi is PASSED

2021-10-14 17:16:24 - [MESSAGE][INFO] - Finding Test Object 'Object Repository/Filtreler/Basliklar'

2021-10-14 17:16:24 - [MESSAGE][INFO] - Checking timeout

2021-10-14 17:16:24 - [MESSAGE][INFO] - Finding web element with id: 'Object Repository/Filtreler/Basliklar' located by 'By.cssSelector: .control-label.col-sm-4.paddingMarginRLC' in '10' second(s)

2021-10-14 17:16:24 - [MESSAGE][INFO] - Smart Wait Function is triggered

2021-10-14 17:16:24 - [MESSAGE][INFO] - Found 13 web elements with id: 'Object Repository/Filtreler/Basliklar' located by 'By.cssSelector: .control-label.col-sm-4.paddingMarginRLC' in '10' second(s)

2021-10-14 17:16:24 - [MESSAGE][PASSED] - Method.TextDegerineEsitElementVarMi is PASSED

2021-10-14 17:16:24 - [MESSAGE][PASSED] - Call Test Case 'Test Cases/Filtreler/FiltreVarMi' successfully

2021-10-14 17:16:25 - [MESSAGE][INFO] - Checking called Test Case

2021-10-14 17:16:25 - [MESSAGE][INFO] - Starting to call Test Case 'Test Cases/Filtreler/FiltreVarMi'

2021-10-14 17:16:25 - [TEST_CASE][PASSED] - Test Cases/Filtreler/FiltreVarMi: Test Cases/Filtreler/FiltreVarMi

2021-10-14 17:16:25 - [TEST_STEP][PASSED] - Method.TextDegerineEsitElementVarMi(findTestObject("Filtreler/Basliklar"), Filtre_alan): Method.TextDegerineEsitElementVarMi is PASSED

2021-10-14 17:16:25 - [MESSAGE][INFO] - Finding Test Object 'Object Repository/Filtreler/Basliklar'

2021-10-14 17:16:25 - [MESSAGE][INFO] - Checking timeout

2021-10-14 17:16:25 - [MESSAGE][INFO] - Finding web element with id: 'Object Repository/Filtreler/Basliklar' located by 'By.cssSelector: .control-label.col-sm-4.paddingMarginRLC' in '10' second(s)

2021-10-14 17:16:25 - [MESSAGE][INFO] - Smart Wait Function is triggered

2021-10-14 17:16:25 - [MESSAGE][INFO] - Found 13 web elements with id: 'Object Repository/Filtreler/Basliklar' located by 'By.cssSelector: .control-label.col-sm-4.paddingMarginRLC' in '10' second(s)

2021-10-14 17:16:25 - [MESSAGE][PASSED] - Method.TextDegerineEsitElementVarMi is PASSED

2021-10-14 17:16:25 - [MESSAGE][PASSED] - Call Test Case 'Test Cases/Filtreler/FiltreVarMi' successfully

2021-10-14 17:16:25 - [MESSAGE][INFO] - Checking called Test Case

2021-10-14 17:16:25 - [MESSAGE][INFO] - Starting to call Test Case 'Test Cases/Filtreler/FiltreVarMi'

2021-10-14 17:16:25 - [TEST_CASE][PASSED] - Test Cases/Filtreler/FiltreVarMi: Test Cases/Filtreler/FiltreVarMi

2021-10-14 17:16:25 - [TEST_STEP][PASSED] - Method.TextDegerineEsitElementVarMi(findTestObject("Filtreler/Basliklar"), Filtre_alan): Method.TextDegerineEsitElementVarMi is PASSED

2021-10-14 17:16:25 - [MESSAGE][INFO] - Finding Test Object 'Object Repository/Filtreler/Basliklar'

2021-10-14 17:16:25 - [MESSAGE][INFO] - Checking timeout

2021-10-14 17:16:25 - [MESSAGE][INFO] - Finding web element with id: 'Object Repository/Filtreler/Basliklar' located by 'By.cssSelector: .control-label.col-sm-4.paddingMarginRLC' in '10' second(s)

2021-10-14 17:16:25 - [MESSAGE][INFO] - Smart Wait Function is triggered

2021-10-14 17:16:26 - [MESSAGE][INFO] - Found 13 web elements with id: 'Object Repository/Filtreler/Basliklar' located by 'By.cssSelector: .control-label.col-sm-4.paddingMarginRLC' in '10' second(s)

2021-10-14 17:16:26 - [MESSAGE][PASSED] - Method.TextDegerineEsitElementVarMi is PASSED

2021-10-14 17:16:26 - [MESSAGE][PASSED] - Call Test Case 'Test Cases/Filtreler/FiltreVarMi' successfully

2021-10-14 17:16:26 - [MESSAGE][INFO] - Checking called Test Case

2021-10-14 17:16:26 - [MESSAGE][INFO] - Starting to call Test Case 'Test Cases/Filtreler/FiltreVarMi'

2021-10-14 17:16:26 - [TEST_CASE][PASSED] - Test Cases/Filtreler/FiltreVarMi: Test Cases/Filtreler/FiltreVarMi

2021-10-14 17:16:26 - [TEST_STEP][PASSED] - Method.TextDegerineEsitElementVarMi(findTestObject("Filtreler/Basliklar"), Filtre_alan): Method.TextDegerineEsitElementVarMi is PASSED

2021-10-14 17:16:26 - [MESSAGE][INFO] - Finding Test Object 'Object Repository/Filtreler/Basliklar'

2021-10-14 17:16:26 - [MESSAGE][INFO] - Checking timeout

2021-10-14 17:16:26 - [MESSAGE][INFO] - Finding web element with id: 'Object Repository/Filtreler/Basliklar' located by 'By.cssSelector: .control-label.col-sm-4.paddingMarginRLC' in '10' second(s)

2021-10-14 17:16:26 - [MESSAGE][INFO] - Smart Wait Function is triggered

2021-10-14 17:16:26 - [MESSAGE][INFO] - Found 13 web elements with id: 'Object Repository/Filtreler/Basliklar' located by 'By.cssSelector: .control-label.col-sm-4.paddingMarginRLC' in '10' second(s)

2021-10-14 17:16:26 - [MESSAGE][PASSED] - Method.TextDegerineEsitElementVarMi is PASSED

2021-10-14 17:16:26 - [MESSAGE][PASSED] - Call Test Case 'Test Cases/Filtreler/FiltreVarMi' successfully

2021-10-14 17:16:26 - [MESSAGE][INFO] - Checking called Test Case

2021-10-14 17:16:26 - [MESSAGE][INFO] - Starting to call Test Case 'Test Cases/Filtreler/FiltreVarMi'

2021-10-14 17:16:26 - [TEST_CASE][PASSED] - Test Cases/Filtreler/FiltreVarMi: Test Cases/Filtreler/FiltreVarMi

2021-10-14 17:16:26 - [TEST_STEP][PASSED] - Method.TextDegerineEsitElementVarMi(findTestObject("Filtreler/Basliklar"), Filtre_alan): Method.TextDegerineEsitElementVarMi is PASSED

2021-10-14 17:16:26 - [MESSAGE][INFO] - Finding Test Object 'Object Repository/Filtreler/Basliklar'

2021-10-14 17:16:26 - [MESSAGE][INFO] - Checking timeout

2021-10-14 17:16:26 - [MESSAGE][INFO] - Finding web element with id: 'Object Repository/Filtreler/Basliklar' located by 'By.cssSelector: .control-label.col-sm-4.paddingMarginRLC' in '10' second(s)

2021-10-14 17:16:26 - [MESSAGE][INFO] - Smart Wait Function is triggered

2021-10-14 17:16:27 - [MESSAGE][INFO] - Found 13 web elements with id: 'Object Repository/Filtreler/Basliklar' located by 'By.cssSelector: .control-label.col-sm-4.paddingMarginRLC' in '10' second(s)

2021-10-14 17:16:27 - [MESSAGE][PASSED] - Method.TextDegerineEsitElementVarMi is PASSED

2021-10-14 17:16:27 - [MESSAGE][PASSED] - Call Test Case 'Test Cases/Filtreler/FiltreVarMi' successfully

2021-10-14 17:16:27 - [MESSAGE][INFO] - Checking called Test Case

2021-10-14 17:16:27 - [MESSAGE][INFO] - Starting to call Test Case 'Test Cases/Filtreler/FiltreVarMi'

2021-10-14 17:16:27 - [TEST_CASE][PASSED] - Test Cases/Filtreler/FiltreVarMi: Test Cases/Filtreler/FiltreVarMi

2021-10-14 17:16:27 - [TEST_STEP][PASSED] - Method.TextDegerineEsitElementVarMi(findTestObject("Filtreler/Basliklar"), Filtre_alan): Method.TextDegerineEsitElementVarMi is PASSED

2021-10-14 17:16:27 - [MESSAGE][INFO] - Finding Test Object 'Object Repository/Filtreler/Basliklar'

2021-10-14 17:16:27 - [MESSAGE][INFO] - Checking timeout

2021-10-14 17:16:27 - [MESSAGE][INFO] - Finding web element with id: 'Object Repository/Filtreler/Basliklar' located by 'By.cssSelector: .control-label.col-sm-4.paddingMarginRLC' in '10' second(s)

2021-10-14 17:16:27 - [MESSAGE][INFO] - Smart Wait Function is triggered

2021-10-14 17:16:27 - [MESSAGE][INFO] - Found 13 web elements with id: 'Object Repository/Filtreler/Basliklar' located by 'By.cssSelector: .control-label.col-sm-4.paddingMarginRLC' in '10' second(s)

2021-10-14 17:16:27 - [MESSAGE][PASSED] - Method.TextDegerineEsitElementVarMi is PASSED

2021-10-14 17:16:27 - [MESSAGE][PASSED] - Call Test Case 'Test Cases/Filtreler/FiltreVarMi' successfully

2021-10-14 17:16:27 - [MESSAGE][INFO] - Checking called Test Case

2021-10-14 17:16:27 - [MESSAGE][INFO] - Starting to call Test Case 'Test Cases/Filtreler/FiltreVarMi'

2021-10-14 17:16:27 - [TEST_CASE][PASSED] - Test Cases/Filtreler/FiltreVarMi: Test Cases/Filtreler/FiltreVarMi

2021-10-14 17:16:27 - [TEST_STEP][PASSED] - Method.TextDegerineEsitElementVarMi(findTestObject("Filtreler/Basliklar"), Filtre_alan): Method.TextDegerineEsitElementVarMi is PASSED

2021-10-14 17:16:27 - [MESSAGE][INFO] - Finding Test Object 'Object Repository/Filtreler/Basliklar'

2021-10-14 17:16:27 - [MESSAGE][INFO] - Checking timeout

2021-10-14 17:16:27 - [MESSAGE][INFO] - Finding web element with id: 'Object Repository/Filtreler/Basliklar' located by 'By.cssSelector: .control-label.col-sm-4.paddingMarginRLC' in '10' second(s)

2021-10-14 17:16:27 - [MESSAGE][INFO] - Smart Wait Function is triggered

2021-10-14 17:16:28 - [MESSAGE][INFO] - Found 13 web elements with id: 'Object Repository/Filtreler/Basliklar' located by 'By.cssSelector: .control-label.col-sm-4.paddingMarginRLC' in '10' second(s)

2021-10-14 17:16:28 - [MESSAGE][PASSED] - Method.TextDegerineEsitElementVarMi is PASSED

2021-10-14 17:16:28 - [MESSAGE][PASSED] - Call Test Case 'Test Cases/Filtreler/FiltreVarMi' successfully

2021-10-14 17:16:28 - [MESSAGE][INFO] - Checking called Test Case

2021-10-14 17:16:28 - [MESSAGE][INFO] - Starting to call Test Case 'Test Cases/Filtreler/FiltreVarMi'

2021-10-14 17:16:28 - [TEST_CASE][PASSED] - Test Cases/Filtreler/FiltreVarMi: Test Cases/Filtreler/FiltreVarMi

2021-10-14 17:16:28 - [TEST_STEP][PASSED] - Method.TextDegerineEsitElementVarMi(findTestObject("Filtreler/Basliklar"), Filtre_alan): Method.TextDegerineEsitElementVarMi is PASSED

2021-10-14 17:16:28 - [MESSAGE][INFO] - Finding Test Object 'Object Repository/Filtreler/Basliklar'

2021-10-14 17:16:28 - [MESSAGE][INFO] - Checking timeout

2021-10-14 17:16:28 - [MESSAGE][INFO] - Finding web element with id: 'Object Repository/Filtreler/Basliklar' located by 'By.cssSelector: .control-label.col-sm-4.paddingMarginRLC' in '10' second(s)

2021-10-14 17:16:28 - [MESSAGE][INFO] - Smart Wait Function is triggered

2021-10-14 17:16:28 - [MESSAGE][INFO] - Found 13 web elements with id: 'Object Repository/Filtreler/Basliklar' located by 'By.cssSelector: .control-label.col-sm-4.paddingMarginRLC' in '10' second(s)

2021-10-14 17:16:28 - [MESSAGE][PASSED] - Method.TextDegerineEsitElementVarMi is PASSED

2021-10-14 17:16:28 - [MESSAGE][PASSED] - Call Test Case 'Test Cases/Filtreler/FiltreVarMi' successfully

2021-10-14 17:16:28 - [MESSAGE][INFO] - Checking called Test Case

2021-10-14 17:16:28 - [MESSAGE][INFO] - Starting to call Test Case 'Test Cases/Filtreler/FiltreVarMi'

2021-10-14 17:16:28 - [TEST_CASE][PASSED] - Test Cases/Filtreler/FiltreVarMi: Test Cases/Filtreler/FiltreVarMi

2021-10-14 17:16:28 - [TEST_STEP][PASSED] - Method.TextDegerineEsitElementVarMi(findTestObject("Filtreler/Basliklar"), Filtre_alan): Method.TextDegerineEsitElementVarMi is PASSED

2021-10-14 17:16:28 - [MESSAGE][INFO] - Finding Test Object 'Object Repository/Filtreler/Basliklar'

2021-10-14 17:16:28 - [MESSAGE][INFO] - Checking timeout

2021-10-14 17:16:28 - [MESSAGE][INFO] - Finding web element with id: 'Object Repository/Filtreler/Basliklar' located by 'By.cssSelector: .control-label.col-sm-4.paddingMarginRLC' in '10' second(s)

2021-10-14 17:16:28 - [MESSAGE][INFO] - Smart Wait Function is triggered

2021-10-14 17:16:29 - [MESSAGE][INFO] - Found 13 web elements with id: 'Object Repository/Filtreler/Basliklar' located by 'By.cssSelector: .control-label.col-sm-4.paddingMarginRLC' in '10' second(s)

2021-10-14 17:16:29 - [MESSAGE][PASSED] - Method.TextDegerineEsitElementVarMi is PASSED

2021-10-14 17:16:29 - [MESSAGE][PASSED] - Call Test Case 'Test Cases/Filtreler/FiltreVarMi' successfully

2021-10-14 17:16:29 - [MESSAGE][INFO] - Checking called Test Case

2021-10-14 17:16:29 - [MESSAGE][INFO] - Starting to call Test Case 'Test Cases/Filtreler/FiltreVarMi'

2021-10-14 17:16:29 - [TEST_CASE][PASSED] - Test Cases/Filtreler/FiltreVarMi: Test Cases/Filtreler/FiltreVarMi

2021-10-14 17:16:29 - [TEST_STEP][PASSED] - Method.TextDegerineEsitElementVarMi(findTestObject("Filtreler/Basliklar"), Filtre_alan): Method.TextDegerineEsitElementVarMi is PASSED

2021-10-14 17:16:29 - [MESSAGE][INFO] - Finding Test Object 'Object Repository/Filtreler/Basliklar'

2021-10-14 17:16:29 - [MESSAGE][INFO] - Checking timeout

2021-10-14 17:16:29 - [MESSAGE][INFO] - Finding web element with id: 'Object Repository/Filtreler/Basliklar' located by 'By.cssSelector: .control-label.col-sm-4.paddingMarginRLC' in '10' second(s)

2021-10-14 17:16:29 - [MESSAGE][INFO] - Smart Wait Function is triggered

2021-10-14 17:16:29 - [MESSAGE][INFO] - Found 13 web elements with id: 'Object Repository/Filtreler/Basliklar' located by 'By.cssSelector: .control-label.col-sm-4.paddingMarginRLC' in '10' second(s)

2021-10-14 17:16:29 - [MESSAGE][PASSED] - Method.TextDegerineEsitElementVarMi is PASSED

2021-10-14 17:16:29 - [MESSAGE][PASSED] - Call Test Case 'Test Cases/Filtreler/FiltreVarMi' successfully

2021-10-14 17:16:29 - [MESSAGE][INFO] - Checking called Test Case

2021-10-14 17:16:29 - [MESSAGE][INFO] - Starting to call Test Case 'Test Cases/Filtreler/FiltreVarMi'

2021-10-14 17:16:29 - [TEST_CASE][PASSED] - Test Cases/Filtreler/FiltreVarMi: Test Cases/Filtreler/FiltreVarMi

2021-10-14 17:16:29 - [TEST_STEP][PASSED] - Method.TextDegerineEsitElementVarMi(findTestObject("Filtreler/Basliklar"), Filtre_alan): Method.TextDegerineEsitElementVarMi is PASSED

2021-10-14 17:16:29 - [MESSAGE][INFO] - Finding Test Object 'Object Repository/Filtreler/Basliklar'

2021-10-14 17:16:29 - [MESSAGE][INFO] - Checking timeout

2021-10-14 17:16:29 - [MESSAGE][INFO] - Finding web element with id: 'Object Repository/Filtreler/Basliklar' located by 'By.cssSelector: .control-label.col-sm-4.paddingMarginRLC' in '10' second(s)

2021-10-14 17:16:29 - [MESSAGE][INFO] - Smart Wait Function is triggered

2021-10-14 17:16:30 - [MESSAGE][INFO] - Found 13 web elements with id: 'Object Repository/Filtreler/Basliklar' located by 'By.cssSelector: .control-label.col-sm-4.paddingMarginRLC' in '10' second(s)

2021-10-14 17:16:30 - [MESSAGE][PASSED] - Method.TextDegerineEsitElementVarMi is PASSED

2021-10-14 17:16:30 - [MESSAGE][PASSED] - Call Test Case 'Test Cases/Filtreler/FiltreVarMi' successfully

2021-10-14 17:16:30 - [MESSAGE][INFO] - Checking called Test Case

2021-10-14 17:16:30 - [MESSAGE][INFO] - Starting to call Test Case 'Test Cases/Filtreler/ButonVarMi'

2021-10-14 17:16:30 - [TEST_CASE][PASSED] - Test Cases/Filtreler/ButonVarMi: Test Cases/Filtreler/ButonVarMi

2021-10-14 17:16:30 - [TEST_STEP][PASSED] - Method.TextDegerineEsitElementVarMi(findTestObject("Filtreler/Butonlar"), Filtre_Buton): Method.TextDegerineEsitElementVarMi is PASSED

2021-10-14 17:16:30 - [MESSAGE][INFO] - Finding Test Object 'Object Repository/Filtreler/Butonlar'

2021-10-14 17:16:30 - [MESSAGE][INFO] - Checking timeout

2021-10-14 17:16:30 - [MESSAGE][INFO] - Finding web element with id: 'Object Repository/Filtreler/Butonlar' located by 'By.cssSelector: .dxb>span' in '10' second(s)

2021-10-14 17:16:30 - [MESSAGE][INFO] - Smart Wait Function is triggered

2021-10-14 17:16:30 - [MESSAGE][INFO] - Found 3 web elements with id: 'Object Repository/Filtreler/Butonlar' located by 'By.cssSelector: .dxb>span' in '10' second(s)

2021-10-14 17:16:30 - [MESSAGE][PASSED] - Method.TextDegerineEsitElementVarMi is PASSED

2021-10-14 17:16:30 - [MESSAGE][PASSED] - Call Test Case 'Test Cases/Filtreler/ButonVarMi' successfully

2021-10-14 17:16:30 - [MESSAGE][INFO] - Checking called Test Case

2021-10-14 17:16:30 - [MESSAGE][INFO] - Starting to call Test Case 'Test Cases/Filtreler/ButonVarMi'

2021-10-14 17:16:30 - [TEST_CASE][PASSED] - Test Cases/Filtreler/ButonVarMi: Test Cases/Filtreler/ButonVarMi

2021-10-14 17:16:30 - [TEST_STEP][PASSED] - Method.TextDegerineEsitElementVarMi(findTestObject("Filtreler/Butonlar"), Filtre_Buton): Method.TextDegerineEsitElementVarMi is PASSED

2021-10-14 17:16:30 - [MESSAGE][INFO] - Finding Test Object 'Object Repository/Filtreler/Butonlar'

2021-10-14 17:16:30 - [MESSAGE][INFO] - Checking timeout

2021-10-14 17:16:30 - [MESSAGE][INFO] - Finding web element with id: 'Object Repository/Filtreler/Butonlar' located by 'By.cssSelector: .dxb>span' in '10' second(s)

2021-10-14 17:16:30 - [MESSAGE][INFO] - Smart Wait Function is triggered

2021-10-14 17:16:31 - [MESSAGE][INFO] - Found 3 web elements with id: 'Object Repository/Filtreler/Butonlar' located by 'By.cssSelector: .dxb>span' in '10' second(s)

2021-10-14 17:16:31 - [MESSAGE][PASSED] - Method.TextDegerineEsitElementVarMi is PASSED

2021-10-14 17:16:31 - [MESSAGE][PASSED] - Call Test Case 'Test Cases/Filtreler/ButonVarMi' successfully

2021-10-14 17:16:31 - [MESSAGE][INFO] - Checking called Test Case

2021-10-14 17:16:31 - [MESSAGE][INFO] - Starting to call Test Case 'Test Cases/Filtreler/ButonVarMi'

2021-10-14 17:16:31 - [TEST_CASE][PASSED] - Test Cases/Filtreler/ButonVarMi: Test Cases/Filtreler/ButonVarMi

2021-10-14 17:16:31 - [TEST_STEP][PASSED] - Method.TextDegerineEsitElementVarMi(findTestObject("Filtreler/Butonlar"), Filtre_Buton): Method.TextDegerineEsitElementVarMi is PASSED

2021-10-14 17:16:31 - [MESSAGE][INFO] - Finding Test Object 'Object Repository/Filtreler/Butonlar'

2021-10-14 17:16:31 - [MESSAGE][INFO] - Checking timeout

2021-10-14 17:16:31 - [MESSAGE][INFO] - Finding web element with id: 'Object Repository/Filtreler/Butonlar' located by 'By.cssSelector: .dxb>span' in '10' second(s)

2021-10-14 17:16:31 - [MESSAGE][INFO] - Smart Wait Function is triggered

2021-10-14 17:16:31 - [MESSAGE][INFO] - Found 3 web elements with id: 'Object Repository/Filtreler/Butonlar' located by 'By.cssSelector: .dxb>span' in '10' second(s)

2021-10-14 17:16:31 - [MESSAGE][PASSED] - Method.TextDegerineEsitElementVarMi is PASSED

2021-10-14 17:16:31 - [MESSAGE][PASSED] - Call Test Case 'Test Cases/Filtreler/ButonVarMi' successfully

2021-10-14 17:16:31 - [MESSAGE][INFO] - Checking called Test Case

2021-10-14 17:16:31 - [MESSAGE][INFO] - Starting to call Test Case 'Test Cases/Butonlar/ButonVarMi'

2021-10-14 17:16:31 - [TEST_CASE][PASSED] - Test Cases/Butonlar/ButonVarMi: Test Cases/Butonlar/ButonVarMi

2021-10-14 17:16:31 - [TEST_STEP][PASSED] - Method.TextDegerineEsitElementVarMi(findTestObject("Butonlar/Butonlar"), Buton): Method.TextDegerineEsitElementVarMi is PASSED

2021-10-14 17:16:31 - [MESSAGE][INFO] - Finding Test Object 'Object Repository/Butonlar/Butonlar'

2021-10-14 17:16:31 - [MESSAGE][INFO] - Checking timeout

2021-10-14 17:16:31 - [MESSAGE][INFO] - Finding web element with id: 'Object Repository/Butonlar/Butonlar' located by 'By.cssSelector: .panel.panel-default.text-center.footerPanel .btn,.btn.btn-primary.btnControls' in '10' second(s)

2021-10-14 17:16:31 - [MESSAGE][INFO] - Smart Wait Function is triggered

2021-10-14 17:16:32 - [MESSAGE][INFO] - Found 7 web elements with id: 'Object Repository/Butonlar/Butonlar' located by 'By.cssSelector: .panel.panel-default.text-center.footerPanel .btn,.btn.btn-primary.btnControls' in '10' second(s)

2021-10-14 17:16:32 - [MESSAGE][PASSED] - Method.TextDegerineEsitElementVarMi is PASSED

2021-10-14 17:16:32 - [MESSAGE][PASSED] - Call Test Case 'Test Cases/Butonlar/ButonVarMi' successfully

2021-10-14 17:16:32 - [MESSAGE][INFO] - Checking called Test Case

2021-10-14 17:16:32 - [MESSAGE][INFO] - Starting to call Test Case 'Test Cases/Butonlar/ButonVarMi'

2021-10-14 17:16:32 - [TEST_CASE][PASSED] - Test Cases/Butonlar/ButonVarMi: Test Cases/Butonlar/ButonVarMi

2021-10-14 17:16:32 - [TEST_STEP][PASSED] - Method.TextDegerineEsitElementVarMi(findTestObject("Butonlar/Butonlar"), Buton): Method.TextDegerineEsitElementVarMi is PASSED

2021-10-14 17:16:32 - [MESSAGE][INFO] - Finding Test Object 'Object Repository/Butonlar/Butonlar'

2021-10-14 17:16:32 - [MESSAGE][INFO] - Checking timeout

2021-10-14 17:16:32 - [MESSAGE][INFO] - Finding web element with id: 'Object Repository/Butonlar/Butonlar' located by 'By.cssSelector: .panel.panel-default.text-center.footerPanel .btn,.btn.btn-primary.btnControls' in '10' second(s)

2021-10-14 17:16:32 - [MESSAGE][INFO] - Smart Wait Function is triggered

2021-10-14 17:16:32 - [MESSAGE][INFO] - Found 7 web elements with id: 'Object Repository/Butonlar/Butonlar' located by 'By.cssSelector: .panel.panel-default.text-center.footerPanel .btn,.btn.btn-primary.btnControls' in '10' second(s)

2021-10-14 17:16:32 - [MESSAGE][PASSED] - Method.TextDegerineEsitElementVarMi is PASSED

2021-10-14 17:16:32 - [MESSAGE][PASSED] - Call Test Case 'Test Cases/Butonlar/ButonVarMi' successfully

2021-10-14 17:16:32 - [MESSAGE][INFO] - Checking called Test Case

2021-10-14 17:16:32 - [MESSAGE][INFO] - Starting to call Test Case 'Test Cases/Butonlar/ButonVarMi'

2021-10-14 17:16:32 - [TEST_CASE][PASSED] - Test Cases/Butonlar/ButonVarMi: Test Cases/Butonlar/ButonVarMi

2021-10-14 17:16:32 - [TEST_STEP][PASSED] - Method.TextDegerineEsitElementVarMi(findTestObject("Butonlar/Butonlar"), Buton): Method.TextDegerineEsitElementVarMi is PASSED

2021-10-14 17:16:32 - [MESSAGE][INFO] - Finding Test Object 'Object Repository/Butonlar/Butonlar'

2021-10-14 17:16:32 - [MESSAGE][INFO] - Checking timeout

2021-10-14 17:16:32 - [MESSAGE][INFO] - Finding web element with id: 'Object Repository/Butonlar/Butonlar' located by 'By.cssSelector: .panel.panel-default.text-center.footerPanel .btn,.btn.btn-primary.btnControls' in '10' second(s)

2021-10-14 17:16:32 - [MESSAGE][INFO] - Smart Wait Function is triggered

2021-10-14 17:16:33 - [MESSAGE][INFO] - Found 7 web elements with id: 'Object Repository/Butonlar/Butonlar' located by 'By.cssSelector: .panel.panel-default.text-center.footerPanel .btn,.btn.btn-primary.btnControls' in '10' second(s)

2021-10-14 17:16:33 - [MESSAGE][PASSED] - Method.TextDegerineEsitElementVarMi is PASSED

2021-10-14 17:16:33 - [MESSAGE][PASSED] - Call Test Case 'Test Cases/Butonlar/ButonVarMi' successfully

2021-10-14 17:16:33 - [MESSAGE][INFO] - Checking called Test Case

2021-10-14 17:16:33 - [MESSAGE][INFO] - Starting to call Test Case 'Test Cases/Butonlar/ButonVarMi'

2021-10-14 17:16:33 - [TEST_CASE][PASSED] - Test Cases/Butonlar/ButonVarMi: Test Cases/Butonlar/ButonVarMi

2021-10-14 17:16:33 - [TEST_STEP][PASSED] - Method.TextDegerineEsitElementVarMi(findTestObject("Butonlar/Butonlar"), Buton): Method.TextDegerineEsitElementVarMi is PASSED

2021-10-14 17:16:33 - [MESSAGE][INFO] - Finding Test Object 'Object Repository/Butonlar/Butonlar'

2021-10-14 17:16:33 - [MESSAGE][INFO] - Checking timeout

2021-10-14 17:16:33 - [MESSAGE][INFO] - Finding web element with id: 'Object Repository/Butonlar/Butonlar' located by 'By.cssSelector: .panel.panel-default.text-center.footerPanel .btn,.btn.btn-primary.btnControls' in '10' second(s)

2021-10-14 17:16:33 - [MESSAGE][INFO] - Smart Wait Function is triggered

2021-10-14 17:16:33 - [MESSAGE][INFO] - Found 7 web elements with id: 'Object Repository/Butonlar/Butonlar' located by 'By.cssSelector: .panel.panel-default.text-center.footerPanel .btn,.btn.btn-primary.btnControls' in '10' second(s)

2021-10-14 17:16:33 - [MESSAGE][PASSED] - Method.TextDegerineEsitElementVarMi is PASSED

2021-10-14 17:16:33 - [MESSAGE][PASSED] - Call Test Case 'Test Cases/Butonlar/ButonVarMi' successfully

2021-10-14 17:16:33 - [MESSAGE][INFO] - Checking called Test Case

2021-10-14 17:16:33 - [MESSAGE][INFO] - Starting to call Test Case 'Test Cases/Butonlar/ButonVarMi'

2021-10-14 17:16:33 - [TEST_CASE][PASSED] - Test Cases/Butonlar/ButonVarMi: Test Cases/Butonlar/ButonVarMi

2021-10-14 17:16:33 - [TEST_STEP][PASSED] - Method.TextDegerineEsitElementVarMi(findTestObject("Butonlar/Butonlar"), Buton): Method.TextDegerineEsitElementVarMi is PASSED

2021-10-14 17:16:33 - [MESSAGE][INFO] - Finding Test Object 'Object Repository/Butonlar/Butonlar'

2021-10-14 17:16:33 - [MESSAGE][INFO] - Checking timeout

2021-10-14 17:16:33 - [MESSAGE][INFO] - Finding web element with id: 'Object Repository/Butonlar/Butonlar' located by 'By.cssSelector: .panel.panel-default.text-center.footerPanel .btn,.btn.btn-primary.btnControls' in '10' second(s)

2021-10-14 17:16:33 - [MESSAGE][INFO] - Smart Wait Function is triggered

2021-10-14 17:16:34 - [MESSAGE][INFO] - Found 7 web elements with id: 'Object Repository/Butonlar/Butonlar' located by 'By.cssSelector: .panel.panel-default.text-center.footerPanel .btn,.btn.btn-primary.btnControls' in '10' second(s)

2021-10-14 17:16:34 - [MESSAGE][PASSED] - Method.TextDegerineEsitElementVarMi is PASSED

2021-10-14 17:16:34 - [MESSAGE][PASSED] - Call Test Case 'Test Cases/Butonlar/ButonVarMi' successfully

2021-10-14 17:16:34 - [MESSAGE][INFO] - Checking called Test Case

2021-10-14 17:16:34 - [MESSAGE][INFO] - Starting to call Test Case 'Test Cases/Butonlar/ButonVarMi'

2021-10-14 17:16:34 - [TEST_CASE][PASSED] - Test Cases/Butonlar/ButonVarMi: Test Cases/Butonlar/ButonVarMi

2021-10-14 17:16:34 - [TEST_STEP][PASSED] - Method.TextDegerineEsitElementVarMi(findTestObject("Butonlar/Butonlar"), Buton): Method.TextDegerineEsitElementVarMi is PASSED

2021-10-14 17:16:34 - [MESSAGE][INFO] - Finding Test Object 'Object Repository/Butonlar/Butonlar'

2021-10-14 17:16:34 - [MESSAGE][INFO] - Checking timeout

2021-10-14 17:16:34 - [MESSAGE][INFO] - Finding web element with id: 'Object Repository/Butonlar/Butonlar' located by 'By.cssSelector: .panel.panel-default.text-center.footerPanel .btn,.btn.btn-primary.btnControls' in '10' second(s)

2021-10-14 17:16:34 - [MESSAGE][INFO] - Smart Wait Function is triggered

2021-10-14 17:16:34 - [MESSAGE][INFO] - Found 7 web elements with id: 'Object Repository/Butonlar/Butonlar' located by 'By.cssSelector: .panel.panel-default.text-center.footerPanel .btn,.btn.btn-primary.btnControls' in '10' second(s)

2021-10-14 17:16:35 - [MESSAGE][PASSED] - Method.TextDegerineEsitElementVarMi is PASSED

2021-10-14 17:16:35 - [MESSAGE][PASSED] - Call Test Case 'Test Cases/Butonlar/ButonVarMi' successfully

2021-10-14 17:16:35 - [MESSAGE][INFO] - Checking called Test Case

2021-10-14 17:16:35 - [MESSAGE][INFO] - Starting to call Test Case 'Test Cases/Butonlar/ButonaTikla'

2021-10-14 17:16:35 - [TEST_CASE][PASSED] - Test Cases/Butonlar/ButonaTikla: Test Cases/Butonlar/ButonaTikla

2021-10-14 17:16:35 - [TEST_STEP][PASSED] - Method.TextDegerineEsitElementeTiklaEquals(findTestObject("Butonlar/Butonlar"), Buton_Adi): Method.TextDegerineEsitElementeTiklaEquals is PASSED

2021-10-14 17:16:35 - [MESSAGE][INFO] - Finding Test Object 'Object Repository/Butonlar/Butonlar'

2021-10-14 17:16:35 - [MESSAGE][INFO] - Checking timeout

2021-10-14 17:16:35 - [MESSAGE][INFO] - Finding web element with id: 'Object Repository/Butonlar/Butonlar' located by 'By.cssSelector: .panel.panel-default.text-center.footerPanel .btn,.btn.btn-primary.btnControls' in '10' second(s)

2021-10-14 17:16:35 - [MESSAGE][INFO] - Smart Wait Function is triggered

2021-10-14 17:16:35 - [MESSAGE][INFO] - Found 7 web elements with id: 'Object Repository/Butonlar/Butonlar' located by 'By.cssSelector: .panel.panel-default.text-center.footerPanel .btn,.btn.btn-primary.btnControls' in '10' second(s)

2021-10-14 17:16:35 - [MESSAGE][PASSED] - Method.TextDegerineEsitElementeTiklaEquals is PASSED

2021-10-14 17:16:35 - [MESSAGE][PASSED] - Call Test Case 'Test Cases/Butonlar/ButonaTikla' successfully

2021-10-14 17:16:35 - [MESSAGE][INFO] - Checking called Test Case

2021-10-14 17:16:35 - [MESSAGE][INFO] - Starting to call Test Case 'Test Cases/Butonlar/AltButonVarMi'

2021-10-14 17:16:35 - [TEST_CASE][PASSED] - Test Cases/Butonlar/AltButonVarMi: Test Cases/Butonlar/AltButonVarMi

2021-10-14 17:16:35 - [TEST_STEP][PASSED] - Method.TextDegerineEsitElementVarMi(findTestObject("Butonlar/AltButonlar"), AltButon): Method.TextDegerineEsitElementVarMi is PASSED

2021-10-14 17:16:35 - [MESSAGE][INFO] - Finding Test Object 'Object Repository/Butonlar/AltButonlar'

2021-10-14 17:16:36 - [MESSAGE][INFO] - Checking timeout

2021-10-14 17:16:36 - [MESSAGE][INFO] - Finding web element with id: 'Object Repository/Butonlar/AltButonlar' located by 'By.cssSelector: .btn-group.open li>a' in '10' second(s)

2021-10-14 17:16:36 - [MESSAGE][INFO] - Smart Wait Function is triggered

2021-10-14 17:16:36 - [MESSAGE][INFO] - Found 2 web elements with id: 'Object Repository/Butonlar/AltButonlar' located by 'By.cssSelector: .btn-group.open li>a' in '10' second(s)

2021-10-14 17:16:36 - [MESSAGE][PASSED] - Method.TextDegerineEsitElementVarMi is PASSED

2021-10-14 17:16:36 - [MESSAGE][PASSED] - Call Test Case 'Test Cases/Butonlar/AltButonVarMi' successfully

2021-10-14 17:16:36 - [MESSAGE][INFO] - Checking called Test Case

2021-10-14 17:16:36 - [MESSAGE][INFO] - Starting to call Test Case 'Test Cases/Filtreler/BaslangicYaz'

2021-10-14 17:16:36 - [TEST_CASE][PASSED] - Test Cases/Filtreler/BaslangicYaz: Test Cases/Filtreler/BaslangicYaz

2021-10-14 17:16:36 - [TEST_STEP][PASSED] - Method.TextDegerineEsitElementinAltindakineTikla(findTestObject("Filtreler/Basliklar"), findTestObject("Filtreler/Basliga_Gore_Baslangic_Image"), Filtre_Adi): Method.TextDegerineEsitElementinAltindakineTikla is PASSED

2021-10-14 17:16:36 - [MESSAGE][INFO] - Finding Test Object 'Object Repository/Filtreler/Basliklar'

2021-10-14 17:16:36 - [MESSAGE][INFO] - Finding Test Object 'Object Repository/Filtreler/Basliga_Gore_Baslangic_Image'

2021-10-14 17:16:36 - [MESSAGE][INFO] - Checking timeout

2021-10-14 17:16:36 - [MESSAGE][INFO] - Finding web element with id: 'Object Repository/Filtreler/Basliklar' located by 'By.cssSelector: .control-label.col-sm-4.paddingMarginRLC' in '10' second(s)

2021-10-14 17:16:36 - [MESSAGE][INFO] - Smart Wait Function is triggered

2021-10-14 17:16:36 - [MESSAGE][INFO] - Found 13 web elements with id: 'Object Repository/Filtreler/Basliklar' located by 'By.cssSelector: .control-label.col-sm-4.paddingMarginRLC' in '10' second(s)

2021-10-14 17:16:37 - [MESSAGE][INFO] - Smart Wait Function is triggered

2021-10-14 17:16:37 - [MESSAGE][PASSED] - Method.TextDegerineEsitElementinAltindakineTikla is PASSED

2021-10-14 17:16:37 - [TEST_STEP][PASSED] - Method.TextDegerineEsitElementinAltindakiTextboxtaYaz(findTestObject("Filtreler/Basliklar"), findTestObject("Filtreler/Basliga_Gore_Baslangic"), Filtre_Adi, Filtre_Degeri): Method.TextDegerineEsitElementinAltindakiTextboxtaYaz is PASSED

2021-10-14 17:16:37 - [MESSAGE][INFO] - Finding Test Object 'Object Repository/Filtreler/Basliklar'

2021-10-14 17:16:37 - [MESSAGE][INFO] - Finding Test Object 'Object Repository/Filtreler/Basliga_Gore_Baslangic'

2021-10-14 17:16:37 - [MESSAGE][INFO] - Checking timeout

2021-10-14 17:16:37 - [MESSAGE][INFO] - Finding web element with id: 'Object Repository/Filtreler/Basliklar' located by 'By.cssSelector: .control-label.col-sm-4.paddingMarginRLC' in '10' second(s)

2021-10-14 17:16:37 - [MESSAGE][INFO] - Smart Wait Function is triggered

2021-10-14 17:16:38 - [MESSAGE][INFO] - Found 13 web elements with id: 'Object Repository/Filtreler/Basliklar' located by 'By.cssSelector: .control-label.col-sm-4.paddingMarginRLC' in '10' second(s)

2021-10-14 17:16:38 - [MESSAGE][INFO] - Smart Wait Function is triggered

2021-10-14 17:16:38 - [MESSAGE][PASSED] - Method.TextDegerineEsitElementinAltindakiTextboxtaYaz is PASSED

2021-10-14 17:16:38 - [MESSAGE][PASSED] - Call Test Case 'Test Cases/Filtreler/BaslangicYaz' successfully

2021-10-14 17:16:38 - [MESSAGE][INFO] - Checking called Test Case

2021-10-14 17:16:38 - [MESSAGE][INFO] - Starting to call Test Case 'Test Cases/Filtreler/BitisYaz'

2021-10-14 17:16:38 - [TEST_CASE][PASSED] - Test Cases/Filtreler/BitisYaz: Test Cases/Filtreler/BitisYaz

2021-10-14 17:16:38 - [TEST_STEP][PASSED] - Method.TextDegerineEsitElementinAltindakineTikla(findTestObject("Filtreler/Basliklar"), findTestObject("Filtreler/Basliga_Gore_Bitis_Image"), Filtre_Adi): Method.TextDegerineEsitElementinAltindakineTikla is PASSED

2021-10-14 17:16:38 - [MESSAGE][INFO] - Finding Test Object 'Object Repository/Filtreler/Basliklar'

2021-10-14 17:16:38 - [MESSAGE][INFO] - Finding Test Object 'Object Repository/Filtreler/Basliga_Gore_Bitis_Image'

2021-10-14 17:16:38 - [MESSAGE][INFO] - Checking timeout

2021-10-14 17:16:38 - [MESSAGE][INFO] - Finding web element with id: 'Object Repository/Filtreler/Basliklar' located by 'By.cssSelector: .control-label.col-sm-4.paddingMarginRLC' in '10' second(s)

2021-10-14 17:16:38 - [MESSAGE][INFO] - Smart Wait Function is triggered

2021-10-14 17:16:39 - [MESSAGE][INFO] - Found 13 web elements with id: 'Object Repository/Filtreler/Basliklar' located by 'By.cssSelector: .control-label.col-sm-4.paddingMarginRLC' in '10' second(s)

2021-10-14 17:16:39 - [MESSAGE][INFO] - Smart Wait Function is triggered

2021-10-14 17:16:39 - [MESSAGE][PASSED] - Method.TextDegerineEsitElementinAltindakineTikla is PASSED

2021-10-14 17:16:39 - [TEST_STEP][PASSED] - Method.TextDegerineEsitElementinAltindakiTextboxtaYaz(findTestObject("Filtreler/Basliklar"), findTestObject("Object Repository/Filtreler/Basliga_Gore_Bitis"), Filtre_Adi, Filtre_Degeri): Method.TextDegerineEsitElementinAltindakiTextboxtaYaz is PASSED

2021-10-14 17:16:39 - [MESSAGE][INFO] - Finding Test Object 'Object Repository/Filtreler/Basliklar'

2021-10-14 17:16:39 - [MESSAGE][INFO] - Finding Test Object 'Object Repository/Filtreler/Basliga_Gore_Bitis'

2021-10-14 17:16:39 - [MESSAGE][INFO] - Checking timeout

2021-10-14 17:16:39 - [MESSAGE][INFO] - Finding web element with id: 'Object Repository/Filtreler/Basliklar' located by 'By.cssSelector: .control-label.col-sm-4.paddingMarginRLC' in '10' second(s)

2021-10-14 17:16:39 - [MESSAGE][INFO] - Smart Wait Function is triggered

2021-10-14 17:16:40 - [MESSAGE][INFO] - Found 13 web elements with id: 'Object Repository/Filtreler/Basliklar' located by 'By.cssSelector: .control-label.col-sm-4.paddingMarginRLC' in '10' second(s)

2021-10-14 17:16:40 - [MESSAGE][INFO] - Smart Wait Function is triggered

2021-10-14 17:16:40 - [MESSAGE][PASSED] - Method.TextDegerineEsitElementinAltindakiTextboxtaYaz is PASSED

2021-10-14 17:16:40 - [MESSAGE][PASSED] - Call Test Case 'Test Cases/Filtreler/BitisYaz' successfully

2021-10-14 17:16:40 - [MESSAGE][INFO] - Checking called Test Case

2021-10-14 17:16:40 - [MESSAGE][INFO] - Starting to call Test Case 'Test Cases/Filtreler/ButonaTikla'

2021-10-14 17:16:40 - [TEST_CASE][PASSED] - Test Cases/Filtreler/ButonaTikla: Test Cases/Filtreler/ButonaTikla

2021-10-14 17:16:40 - [TEST_STEP][PASSED] - Method.TextDegerineEsitElementeTikla(findTestObject("Filtreler/Butonlar"), Filtre_Buton): Method.TextDegerineEsitElementeTikla is PASSED

2021-10-14 17:16:40 - [MESSAGE][INFO] - Finding Test Object 'Object Repository/Filtreler/Butonlar'

2021-10-14 17:16:40 - [MESSAGE][INFO] - Checking timeout

2021-10-14 17:16:40 - [MESSAGE][INFO] - Finding web element with id: 'Object Repository/Filtreler/Butonlar' located by 'By.cssSelector: .dxb>span' in '10' second(s)

2021-10-14 17:16:40 - [MESSAGE][INFO] - Smart Wait Function is triggered

2021-10-14 17:16:40 - [MESSAGE][INFO] - Found 3 web elements with id: 'Object Repository/Filtreler/Butonlar' located by 'By.cssSelector: .dxb>span' in '10' second(s)

2021-10-14 17:16:41 - [MESSAGE][PASSED] - Method.TextDegerineEsitElementeTikla is PASSED

2021-10-14 17:16:41 - [MESSAGE][PASSED] - Call Test Case 'Test Cases/Filtreler/ButonaTikla' successfully

2021-10-14 17:16:41 - [MESSAGE][INFO] - Checking called Test Case

2021-10-14 17:16:41 - [MESSAGE][INFO] - Starting to call Test Case 'Test Cases/Tablo/TablodakiVeriDetayi'

2021-10-14 17:16:41 - [TEST_CASE][PASSED] - Test Cases/Tablo/TablodakiVeriDetayi: Test Cases/Tablo/TablodakiVeriDetayi

2021-10-14 17:16:41 - [TEST_STEP][PASSED] - Method.TextDegerineEsitElementinAltindakineTikla(findTestObject("Tablo/Veriler"), findTestObject("Object Repository/Tablo/VerininArtiButonu"), Veri_Adi): Method.TextDegerineEsitElementinAltindakineTikla is PASSED

2021-10-14 17:16:41 - [MESSAGE][INFO] - Finding Test Object 'Object Repository/Tablo/Veriler'

2021-10-14 17:16:41 - [MESSAGE][INFO] - Finding Test Object 'Object Repository/Tablo/VerininArtiButonu'

2021-10-14 17:16:41 - [MESSAGE][INFO] - Checking timeout

2021-10-14 17:16:41 - [MESSAGE][INFO] - Finding web element with id: 'Object Repository/Tablo/Veriler' located by 'By.cssSelector: td.dxgv b ,td.dxgv' in '10' second(s)

2021-10-14 17:16:41 - [MESSAGE][INFO] - Smart Wait Function is triggered

2021-10-14 17:16:41 - [MESSAGE][INFO] - Found 104 web elements with id: 'Object Repository/Tablo/Veriler' located by 'By.cssSelector: td.dxgv b ,td.dxgv' in '10' second(s)

2021-10-14 17:16:41 - [MESSAGE][INFO] - Smart Wait Function is triggered

2021-10-14 17:16:42 - [MESSAGE][PASSED] - Method.TextDegerineEsitElementinAltindakineTikla is PASSED

2021-10-14 17:16:42 - [MESSAGE][PASSED] - Call Test Case 'Test Cases/Tablo/TablodakiVeriDetayi' successfully

2021-10-14 17:16:42 - [MESSAGE][INFO] - Checking called Test Case

2021-10-14 17:16:42 - [MESSAGE][INFO] - Starting to call Test Case 'Test Cases/Tablo/TablodakiVeriDetayi'

2021-10-14 17:16:42 - [TEST_CASE][PASSED] - Test Cases/Tablo/TablodakiVeriDetayi: Test Cases/Tablo/TablodakiVeriDetayi

2021-10-14 17:16:42 - [TEST_STEP][PASSED] - Method.TextDegerineEsitElementinAltindakineTikla(findTestObject("Tablo/Veriler"), findTestObject("Object Repository/Tablo/VerininArtiButonu"), Veri_Adi): Method.TextDegerineEsitElementinAltindakineTikla is PASSED

2021-10-14 17:16:42 - [MESSAGE][INFO] - Finding Test Object 'Object Repository/Tablo/Veriler'

2021-10-14 17:16:42 - [MESSAGE][INFO] - Finding Test Object 'Object Repository/Tablo/VerininArtiButonu'

2021-10-14 17:16:42 - [MESSAGE][INFO] - Checking timeout

2021-10-14 17:16:42 - [MESSAGE][INFO] - Finding web element with id: 'Object Repository/Tablo/Veriler' located by 'By.cssSelector: td.dxgv b ,td.dxgv' in '10' second(s)

2021-10-14 17:16:42 - [MESSAGE][INFO] - Smart Wait Function is triggered

2021-10-14 17:16:42 - [MESSAGE][INFO] - Found 107 web elements with id: 'Object Repository/Tablo/Veriler' located by 'By.cssSelector: td.dxgv b ,td.dxgv' in '10' second(s)

2021-10-14 17:16:43 - [MESSAGE][INFO] - Smart Wait Function is triggered

2021-10-14 17:16:43 - [MESSAGE][PASSED] - Method.TextDegerineEsitElementinAltindakineTikla is PASSED

2021-10-14 17:16:43 - [MESSAGE][PASSED] - Call Test Case 'Test Cases/Tablo/TablodakiVeriDetayi' successfully

2021-10-14 17:16:43 - [MESSAGE][INFO] - Checking called Test Case

2021-10-14 17:16:43 - [MESSAGE][INFO] - Starting to call Test Case 'Test Cases/Kullanici_Islemleri/KullaniciIslemlerindenSecimYapilir'

2021-10-14 17:16:43 - [TEST_CASE][PASSED] - Test Cases/Kullanici_Islemleri/KullaniciIslemlerindenSecimYapilir: Test Cases/Kullanici_Islemleri/KullaniciIslemlerindenSecimYapilir

2021-10-14 17:16:43 - [TEST_STEP][PASSED] - waitForElementClickable(findTestObject("Object Repository/Kullanici_Islemleri/KullaniciIslemleri"), 10): Object 'Object Repository/Kullanici_Islemleri/KullaniciIslemleri' is clickable

2021-10-14 17:16:43 - [MESSAGE][INFO] - Finding Test Object 'Object Repository/Kullanici_Islemleri/KullaniciIslemleri'

2021-10-14 17:16:43 - [MESSAGE][INFO] - Checking object

2021-10-14 17:16:43 - [MESSAGE][INFO] - Checking timeout

2021-10-14 17:16:43 - [MESSAGE][INFO] - Finding web element from Test Object's properties

2021-10-14 17:16:43 - [MESSAGE][INFO] - Checking timeout

2021-10-14 17:16:43 - [MESSAGE][INFO] - Finding web element with id: 'Object Repository/Kullanici_Islemleri/KullaniciIslemleri' located by 'By.cssSelector: .dropdown>a>img' in '10' second(s)

2021-10-14 17:16:43 - [MESSAGE][INFO] - Smart Wait Function is triggered

2021-10-14 17:16:43 - [MESSAGE][INFO] - Found 1 web elements with id: 'Object Repository/Kullanici_Islemleri/KullaniciIslemleri' located by 'By.cssSelector: .dropdown>a>img' in '10' second(s)

2021-10-14 17:16:43 - [MESSAGE][PASSED] - Object 'Object Repository/Kullanici_Islemleri/KullaniciIslemleri' is clickable

2021-10-14 17:16:43 - [TEST_STEP][PASSED] - click(findTestObject("Object Repository/Kullanici_Islemleri/KullaniciIslemleri")): Object: 'Object Repository/Kullanici_Islemleri/KullaniciIslemleri' is clicked on

2021-10-14 17:16:43 - [MESSAGE][INFO] - Finding Test Object 'Object Repository/Kullanici_Islemleri/KullaniciIslemleri'

2021-10-14 17:16:44 - [MESSAGE][INFO] - Checking object

2021-10-14 17:16:44 - [MESSAGE][INFO] - Finding web element from Test Object's properties

2021-10-14 17:16:44 - [MESSAGE][INFO] - Checking timeout

2021-10-14 17:16:44 - [MESSAGE][INFO] - Finding web element with id: 'Object Repository/Kullanici_Islemleri/KullaniciIslemleri' located by 'By.cssSelector: .dropdown>a>img' in '30' second(s)

2021-10-14 17:16:44 - [MESSAGE][INFO] - Smart Wait Function is triggered

2021-10-14 17:16:44 - [MESSAGE][INFO] - Found 1 web elements with id: 'Object Repository/Kullanici_Islemleri/KullaniciIslemleri' located by 'By.cssSelector: .dropdown>a>img' in '30' second(s)

2021-10-14 17:16:44 - [MESSAGE][INFO] - Clicking on object: 'Object Repository/Kullanici_Islemleri/KullaniciIslemleri'

2021-10-14 17:16:44 - [MESSAGE][PASSED] - Object: 'Object Repository/Kullanici_Islemleri/KullaniciIslemleri' is clicked on

2021-10-14 17:16:44 - [TEST_STEP][PASSED] - Method.TextDegerineEsitElementeTikla(findTestObject("Object Repository/Kullanici_Islemleri/Secenekler"), Islem): Method.TextDegerineEsitElementeTikla is PASSED

2021-10-14 17:16:44 - [MESSAGE][INFO] - Finding Test Object 'Object Repository/Kullanici_Islemleri/Secenekler'

2021-10-14 17:16:44 - [MESSAGE][INFO] - Checking timeout

2021-10-14 17:16:44 - [MESSAGE][INFO] - Finding web element with id: 'Object Repository/Kullanici_Islemleri/Secenekler' located by 'By.cssSelector: .nav.navbar-nav.navbar-right li a' in '10' second(s)

2021-10-14 17:16:44 - [MESSAGE][INFO] - Smart Wait Function is triggered

2021-10-14 17:16:44 - [MESSAGE][INFO] - Found 22 web elements with id: 'Object Repository/Kullanici_Islemleri/Secenekler' located by 'By.cssSelector: .nav.navbar-nav.navbar-right li a' in '10' second(s)

2021-10-14 17:16:46 - [MESSAGE][PASSED] - Method.TextDegerineEsitElementeTikla is PASSED

2021-10-14 17:16:46 - [TEST_STEP][PASSED] - verifyElementNotPresent(findTestObject("Object Repository/Kullanici_Islemleri/Secenekler"), 10): Web element with id: 'Object Repository/Kullanici_Islemleri/Secenekler' located by 'By.cssSelector: .nav.navbar-nav.navbar-right li a' is not present after '10' second(s)

2021-10-14 17:16:46 - [MESSAGE][INFO] - Finding Test Object 'Object Repository/Kullanici_Islemleri/Secenekler'

2021-10-14 17:16:46 - [MESSAGE][INFO] - Checking object

2021-10-14 17:16:46 - [MESSAGE][INFO] - Checking timeout

2021-10-14 17:16:46 - [MESSAGE][INFO] - Finding web element with id: 'Object Repository/Kullanici_Islemleri/Secenekler' located by 'By.cssSelector: .nav.navbar-nav.navbar-right li a' in '10' second(s)

2021-10-14 17:16:46 - [MESSAGE][INFO] - Smart Wait Function is triggered

2021-10-14 17:16:46 - [MESSAGE][PASSED] - Web element with id: 'Object Repository/Kullanici_Islemleri/Secenekler' located by 'By.cssSelector: .nav.navbar-nav.navbar-right li a' is not present after '10' second(s)

2021-10-14 17:16:46 - [MESSAGE][PASSED] - Call Test Case 'Test Cases/Kullanici_Islemleri/KullaniciIslemlerindenSecimYapilir' successfully

2021-10-14 17:16:46 - [TEST_CASE][PASSED] - Start Test Case : SCENARIO Gelen Kutusu Uygulama Yanitlari Buton Kontrolu: SCENARIO Gelen Kutusu Uygulama Yanitlari Buton Kontrolu

2021-10-14 17:16:46 - [TEST_STEP][PASSED] - Kullanıcı adı ELOGO6 ve Şifre 123456 olarak giriş yapılır: Kullanıcı adı ELOGO6 ve Şifre 123456 olarak giriş yapılır

2021-10-14 17:16:46 - [MESSAGE][PASSED] - Kullanıcı adı ELOGO6 ve Şifre 123456 olarak giriş yapılır

2021-10-14 17:16:46 - [TEST_STEP][PASSED] - Ana menüden e-Fatura seçilir: Ana menüden e-Fatura seçilir

2021-10-14 17:16:46 - [MESSAGE][PASSED] - Ana menüden e-Fatura seçilir

2021-10-14 17:16:46 - [TEST_STEP][PASSED] - Alt menü Gelen Kutusu başlığı altındaki Uygulama Yanıtları seçilir: Alt menü Gelen Kutusu başlığı altındaki Uygulama Yanıtları seçilir

2021-10-14 17:16:46 - [MESSAGE][PASSED] - Alt menü Gelen Kutusu başlığı altındaki Uygulama Yanıtları seçilir

2021-10-14 17:16:46 - [TEST_STEP][PASSED] - Filtre alanlarında Gönderen VKN var mı: Filtre alanlarında Gönderen VKN var mı

2021-10-14 17:16:46 - [MESSAGE][PASSED] - Filtre alanlarında Gönderen VKN var mı

2021-10-14 17:16:46 - [TEST_STEP][PASSED] - Filtre alanlarında ETTN var mı: Filtre alanlarında ETTN var mı

2021-10-14 17:16:46 - [MESSAGE][PASSED] - Filtre alanlarında ETTN var mı

2021-10-14 17:16:46 - [TEST_STEP][PASSED] - Filtre alanlarında İlişkili Fatura No var mı: Filtre alanlarında İlişkili Fatura No var mı

2021-10-14 17:16:46 - [MESSAGE][PASSED] - Filtre alanlarında İlişkili Fatura No var mı

2021-10-14 17:16:46 - [TEST_STEP][PASSED] - Filtre alanlarında Zarf ETTN var mı: Filtre alanlarında Zarf ETTN var mı

2021-10-14 17:16:46 - [MESSAGE][PASSED] - Filtre alanlarında Zarf ETTN var mı

2021-10-14 17:16:46 - [TEST_STEP][PASSED] - Filtre alanlarında Oluşturma Tarihi var mı: Filtre alanlarında Oluşturma Tarihi var mı

2021-10-14 17:16:46 - [MESSAGE][PASSED] - Filtre alanlarında Oluşturma Tarihi var mı

2021-10-14 17:16:46 - [TEST_STEP][PASSED] - Filtre alanlarında Atanan Departman var mı: Filtre alanlarında Atanan Departman var mı

2021-10-14 17:16:46 - [MESSAGE][PASSED] - Filtre alanlarında Atanan Departman var mı

2021-10-14 17:16:46 - [TEST_STEP][PASSED] - Filtre alanlarında Uygulama Yanıtı No var mı: Filtre alanlarında Uygulama Yanıtı No var mı

2021-10-14 17:16:46 - [MESSAGE][PASSED] - Filtre alanlarında Uygulama Yanıtı No var mı

2021-10-14 17:16:46 - [TEST_STEP][PASSED] - Filtre alanlarında İlişkili Fatura ETTN var mı: Filtre alanlarında İlişkili Fatura ETTN var mı

2021-10-14 17:16:46 - [MESSAGE][PASSED] - Filtre alanlarında İlişkili Fatura ETTN var mı

2021-10-14 17:16:46 - [TEST_STEP][PASSED] - Filtre alanlarında Uygulama Yanıtı var mı: Filtre alanlarında Uygulama Yanıtı var mı

2021-10-14 17:16:46 - [MESSAGE][PASSED] - Filtre alanlarında Uygulama Yanıtı var mı

2021-10-14 17:16:46 - [TEST_STEP][PASSED] - Filtre alanlarında Belge Tarihi var mı: Filtre alanlarında Belge Tarihi var mı

2021-10-14 17:16:46 - [MESSAGE][PASSED] - Filtre alanlarında Belge Tarihi var mı

2021-10-14 17:16:46 - [TEST_STEP][PASSED] - Filtre alanlarında Kullanıcı Kodu var mı: Filtre alanlarında Kullanıcı Kodu var mı

2021-10-14 17:16:46 - [MESSAGE][PASSED] - Filtre alanlarında Kullanıcı Kodu var mı

2021-10-14 17:16:46 - [TEST_STEP][PASSED] - Filtre alanlarında Tüm Hesaplar var mı: Filtre alanlarında Tüm Hesaplar var mı

2021-10-14 17:16:46 - [MESSAGE][PASSED] - Filtre alanlarında Tüm Hesaplar var mı

2021-10-14 17:16:46 - [TEST_STEP][PASSED] - Filtre butonlarında Filtreleri Kaydet var mı: Filtre butonlarında Filtreleri Kaydet var mı

2021-10-14 17:16:46 - [MESSAGE][PASSED] - Filtre butonlarında Filtreleri Kaydet var mı

2021-10-14 17:16:46 - [TEST_STEP][PASSED] - Filtre butonlarında Listele var mı: Filtre butonlarında Listele var mı

2021-10-14 17:16:46 - [MESSAGE][PASSED] - Filtre butonlarında Listele var mı

2021-10-14 17:16:46 - [TEST_STEP][PASSED] - Filtre butonlarında Temizle var mı: Filtre butonlarında Temizle var mı

2021-10-14 17:16:46 - [MESSAGE][PASSED] - Filtre butonlarında Temizle var mı

2021-10-14 17:16:46 - [TEST_STEP][PASSED] - Butonlardan Excel var mı: Butonlardan Excel var mı

2021-10-14 17:16:46 - [MESSAGE][PASSED] - Butonlardan Excel var mı

2021-10-14 17:16:46 - [TEST_STEP][PASSED] - Butonlardan UBL var mı: Butonlardan UBL var mı

2021-10-14 17:16:46 - [MESSAGE][PASSED] - Butonlardan UBL var mı

2021-10-14 17:16:46 - [TEST_STEP][PASSED] - Butonlardan Fatura var mı: Butonlardan Fatura var mı

2021-10-14 17:16:46 - [MESSAGE][PASSED] - Butonlardan Fatura var mı

2021-10-14 17:16:46 - [TEST_STEP][PASSED] - Butonlardan İzleme Kayıtları var mı: Butonlardan İzleme Kayıtları var mı

2021-10-14 17:16:46 - [MESSAGE][PASSED] - Butonlardan İzleme Kayıtları var mı

2021-10-14 17:16:46 - [TEST_STEP][PASSED] - Butonlardan Departman Ata var mı: Butonlardan Departman Ata var mı

2021-10-14 17:16:46 - [MESSAGE][PASSED] - Butonlardan Departman Ata var mı

2021-10-14 17:16:46 - [TEST_STEP][PASSED] - Butonlardan Departman Geri Al var mı: Butonlardan Departman Geri Al var mı

2021-10-14 17:16:46 - [MESSAGE][PASSED] - Butonlardan Departman Geri Al var mı

2021-10-14 17:16:46 - [TEST_STEP][PASSED] - Butonlardan Excel isimli butona tıklanır: Butonlardan Excel isimli butona tıklanır

2021-10-14 17:16:46 - [MESSAGE][PASSED] - Butonlardan Excel isimli butona tıklanır

2021-10-14 17:16:46 - [TEST_STEP][PASSED] - Alt butonlardan Tümünü Excel'e Aktar var mı: Alt butonlardan Tümünü Excel'e Aktar var mı

2021-10-14 17:16:46 - [MESSAGE][PASSED] - Alt butonlardan Tümünü Excel'e Aktar var mı

2021-10-14 17:16:46 - [TEST_STEP][PASSED] - Filtrelerden Oluşturma Tarihi filtresine 01.05.2021 baslangic degerini yaz: Filtrelerden Oluşturma Tarihi filtresine 01.05.2021 baslangic degerini yaz

2021-10-14 17:16:46 - [MESSAGE][PASSED] - Filtrelerden Oluşturma Tarihi filtresine 01.05.2021 baslangic degerini yaz

2021-10-14 17:16:46 - [TEST_STEP][PASSED] - Filtrelerden Oluşturma Tarihi filtresine 06.05.2021 bitis degerini yaz: Filtrelerden Oluşturma Tarihi filtresine 06.05.2021 bitis degerini yaz

2021-10-14 17:16:46 - [MESSAGE][PASSED] - Filtrelerden Oluşturma Tarihi filtresine 06.05.2021 bitis degerini yaz

2021-10-14 17:16:46 - [TEST_STEP][PASSED] - Filtre butonlarından Listele seçilir: Filtre butonlarından Listele seçilir

2021-10-14 17:16:46 - [MESSAGE][PASSED] - Filtre butonlarından Listele seçilir

2021-10-14 17:16:46 - [TEST_STEP][PASSED] - Tablodan 1234567806 isimli verinin detayı tıklanır: Tablodan 1234567806 isimli verinin detayı tıklanır

2021-10-14 17:16:46 - [MESSAGE][PASSED] - Tablodan 1234567806 isimli verinin detayı tıklanır

2021-10-14 17:16:46 - [TEST_STEP][PASSED] - Tablodan 1234567806 isimli verinin detayı tıklanır: Tablodan 1234567806 isimli verinin detayı tıklanır

2021-10-14 17:16:46 - [MESSAGE][PASSED] - Tablodan 1234567806 isimli verinin detayı tıklanır

2021-10-14 17:16:46 - [TEST_STEP][PASSED] - Kullanıcı işlemlerinden Çıkış seçilir: Kullanıcı işlemlerinden Çıkış seçilir

2021-10-14 17:16:46 - [MESSAGE][PASSED] - Kullanıcı işlemlerinden Çıkış seçilir

2021-10-14 17:16:46 - [MESSAGE][PASSED] - Feature file: 'Include/features/e-Fatura/Gelen Kutusu/Uygulama Yanitlari/Ekran Kontrolu.feature' was passed

2021-10-14 17:16:46 - [TEST_STEP][PASSED] - Start listener action : sampleAfterTestSuite: Invoke 'com.kms.katalon.core.annotation.AfterTestCase' method: 'Listener.sampleAfterTestSuite(...)' completed.

2021-10-14 17:16:46 - [MESSAGE][INFO] - Starting invoke 'com.kms.katalon.core.annotation.AfterTestCase' method: 'Listener.sampleAfterTestSuite(...)'

2021-10-14 17:16:46 - [TEST_STEP][PASSED] - closeBrowser(): Invoke 'com.kms.katalon.core.annotation.AfterTestCase' method: 'Listener.sampleAfterTestSuite(...)' completed.

2021-10-14 17:16:46 - [MESSAGE][INFO] - Closing browser

2021-10-14 17:16:47 - [MESSAGE][PASSED] - Browser is closed

2021-10-14 17:16:47 - [MESSAGE][INFO] - Invoke 'com.kms.katalon.core.annotation.AfterTestCase' method: 'Listener.sampleAfterTestSuite(...)' completed.]]></system-out>
         <system-err><![CDATA[]]></system-err>
      </testcase>
      <testcase name="Test Cases/Case Repository/e-Fatura/Gelen Kutusu/Uygulama Yanitlari/Fatura" time="36.443" classname="Test Cases/Case Repository/e-Fatura/Gelen Kutusu/Uygulama Yanitlari/Fatura" status="PASSED">
         <system-out><![CDATA[2021-10-14 17:16:47 - [TEST_CASE][PASSED] - Test Cases/Case Repository/e-Fatura/Gelen Kutusu/Uygulama Yanitlari/Fatura: Test Cases/Case Repository/e-Fatura/Gelen Kutusu/Uygulama Yanitlari/Fatura

2021-10-14 17:16:47 - [TEST_STEP][PASSED] - Start listener action : sampleBeforeTestSuite: Invoke 'com.kms.katalon.core.annotation.BeforeTestCase' method: 'Listener.sampleBeforeTestSuite(...)' completed.

2021-10-14 17:16:47 - [MESSAGE][INFO] - Starting invoke 'com.kms.katalon.core.annotation.BeforeTestCase' method: 'Listener.sampleBeforeTestSuite(...)'

2021-10-14 17:16:47 - [TEST_STEP][PASSED] - openBrowser(baseUrl): Browser is opened with url: 'https://efatura-stage.elogo.com.tr/'

2021-10-14 17:16:47 - [MESSAGE][INFO] - Opening browser

2021-10-14 17:16:47 - [MESSAGE][INFO] - Starting 'Chrome' driver

2021-10-14 17:16:47 - [MESSAGE][INFO] - User set preference: ['prefs', '{download.default_directory=C:\otomasyondownfiles}']

2021-10-14 17:16:47 - [MESSAGE][INFO] - Action delay is set to 0 milliseconds

2021-10-14 17:16:48 - [MESSAGE][INFO] - Navigating browser to: 'https://efatura-stage.elogo.com.tr/'

2021-10-14 17:16:51 - [MESSAGE][PASSED] - Browser is opened with url: 'https://efatura-stage.elogo.com.tr/'

2021-10-14 17:16:51 - [TEST_STEP][PASSED] - maximizeWindow(): Invoke 'com.kms.katalon.core.annotation.BeforeTestCase' method: 'Listener.sampleBeforeTestSuite(...)' completed.

2021-10-14 17:16:51 - [MESSAGE][INFO] - Maximizing current window

2021-10-14 17:16:51 - [MESSAGE][PASSED] - Current window maximized

2021-10-14 17:16:51 - [MESSAGE][INFO] - Invoke 'com.kms.katalon.core.annotation.BeforeTestCase' method: 'Listener.sampleBeforeTestSuite(...)' completed.

2021-10-14 17:16:52 - [TEST_STEP][PASSED] - runFeatureFile("Include/features/e-Fatura/Gelen Kutusu/Uygulama Yanitlari/Fatura.feature"): Feature file: 'Include/features/e-Fatura/Gelen Kutusu/Uygulama Yanitlari/Fatura.feature' was passed

2021-10-14 17:16:52 - [MESSAGE][INFO] - Starting run keyword runFeatureFile: 'Include/features/e-Fatura/Gelen Kutusu/Uygulama Yanitlari/Fatura.feature' and extract report to folder: 'C:\Users\DELL\Downloads\EES_Katalon-main\Reports\20211014_170112\Suite Repository\e-Fatura\20211014_170113/cucumber_report/1634221012104'...

2021-10-14 17:16:52 - [MESSAGE][INFO] - Glue: []

2021-10-14 17:16:53 - [MESSAGE][INFO] - Checking called Test Case

2021-10-14 17:16:53 - [MESSAGE][INFO] - Starting to call Test Case 'Test Cases/Sayfalar/Giris_Sayfasi/Login'

2021-10-14 17:16:53 - [TEST_CASE][PASSED] - Test Cases/Sayfalar/Giris_Sayfasi/Login: Test Cases/Sayfalar/Giris_Sayfasi/Login

2021-10-14 17:16:53 - [TEST_STEP][PASSED] - Sayfa_Basligi = getWindowTitle(): Current window's title is: 'LOGO e-Fatura'

2021-10-14 17:16:53 - [MESSAGE][INFO] - Getting current window's title

2021-10-14 17:16:53 - [MESSAGE][PASSED] - Current window's title is: 'LOGO e-Fatura'

2021-10-14 17:16:53 - [TEST_STEP][PASSED] - verifyMatch(Sayfa_Basligi, "LOGO e-Fatura", false): Actual text 'LOGO e-Fatura' and expected text 'LOGO e-Fatura' are matched 

2021-10-14 17:16:53 - [MESSAGE][INFO] - Matching actual text 'LOGO e-Fatura' with expected text 'LOGO e-Fatura'

2021-10-14 17:16:53 - [MESSAGE][PASSED] - Actual text 'LOGO e-Fatura' and expected text 'LOGO e-Fatura' are matched 

2021-10-14 17:16:53 - [TEST_STEP][PASSED] - sendKeys(findTestObject("Sayfalar/Giris_Sayfasi/Firma_Kodu"), KullaniciAdi): Keys 'ELOGO6' sent to object: 'Object Repository/Sayfalar/Giris_Sayfasi/Firma_Kodu'

2021-10-14 17:16:53 - [MESSAGE][INFO] - Finding Test Object 'Object Repository/Sayfalar/Giris_Sayfasi/Firma_Kodu'

2021-10-14 17:16:53 - [MESSAGE][INFO] - Sending keys 'ELOGO6' to object: 'Object Repository/Sayfalar/Giris_Sayfasi/Firma_Kodu'

2021-10-14 17:16:53 - [MESSAGE][INFO] - Finding web element from Test Object's properties

2021-10-14 17:16:53 - [MESSAGE][INFO] - Checking timeout

2021-10-14 17:16:53 - [MESSAGE][INFO] - Finding web element with id: 'Object Repository/Sayfalar/Giris_Sayfasi/Firma_Kodu' located by 'By.xpath: //*[@id = 'AccountName']' in '30' second(s)

2021-10-14 17:16:53 - [MESSAGE][INFO] - Smart Wait Function is triggered

2021-10-14 17:16:53 - [MESSAGE][INFO] - Found 1 web elements with id: 'Object Repository/Sayfalar/Giris_Sayfasi/Firma_Kodu' located by 'By.xpath: //*[@id = 'AccountName']' in '30' second(s)

2021-10-14 17:16:53 - [MESSAGE][PASSED] - Keys 'ELOGO6' sent to object: 'Object Repository/Sayfalar/Giris_Sayfasi/Firma_Kodu'

2021-10-14 17:16:53 - [TEST_STEP][PASSED] - sendKeys(findTestObject("Sayfalar/Giris_Sayfasi/Sifre"), Sifre): Keys '123456' sent to object: 'Object Repository/Sayfalar/Giris_Sayfasi/Sifre'

2021-10-14 17:16:53 - [MESSAGE][INFO] - Finding Test Object 'Object Repository/Sayfalar/Giris_Sayfasi/Sifre'

2021-10-14 17:16:53 - [MESSAGE][INFO] - Sending keys '123456' to object: 'Object Repository/Sayfalar/Giris_Sayfasi/Sifre'

2021-10-14 17:16:53 - [MESSAGE][INFO] - Finding web element from Test Object's properties

2021-10-14 17:16:53 - [MESSAGE][INFO] - Checking timeout

2021-10-14 17:16:53 - [MESSAGE][INFO] - Finding web element with id: 'Object Repository/Sayfalar/Giris_Sayfasi/Sifre' located by 'By.xpath: //*[@id = 'Password']' in '30' second(s)

2021-10-14 17:16:53 - [MESSAGE][INFO] - Smart Wait Function is triggered

2021-10-14 17:16:54 - [MESSAGE][INFO] - Found 1 web elements with id: 'Object Repository/Sayfalar/Giris_Sayfasi/Sifre' located by 'By.xpath: //*[@id = 'Password']' in '30' second(s)

2021-10-14 17:16:54 - [MESSAGE][PASSED] - Keys '123456' sent to object: 'Object Repository/Sayfalar/Giris_Sayfasi/Sifre'

2021-10-14 17:16:54 - [TEST_STEP][PASSED] - findWebElement(findTestObject("Sayfalar/Giris_Sayfasi/Giris_Butonu")).click(): Found 1 web elements with id: 'Object Repository/Sayfalar/Giris_Sayfasi/Giris_Butonu' located by 'By.cssSelector: #btnLogin' in '30' second(s)

2021-10-14 17:16:54 - [MESSAGE][INFO] - Finding Test Object 'Object Repository/Sayfalar/Giris_Sayfasi/Giris_Butonu'

2021-10-14 17:16:54 - [MESSAGE][INFO] - Finding web element from Test Object's properties

2021-10-14 17:16:54 - [MESSAGE][INFO] - Checking timeout

2021-10-14 17:16:54 - [MESSAGE][INFO] - Finding web element with id: 'Object Repository/Sayfalar/Giris_Sayfasi/Giris_Butonu' located by 'By.cssSelector: #btnLogin' in '30' second(s)

2021-10-14 17:16:54 - [MESSAGE][INFO] - Smart Wait Function is triggered

2021-10-14 17:16:54 - [MESSAGE][INFO] - Found 1 web elements with id: 'Object Repository/Sayfalar/Giris_Sayfasi/Giris_Butonu' located by 'By.cssSelector: #btnLogin' in '30' second(s)

2021-10-14 17:16:57 - [TEST_STEP][PASSED] - if (verifyElementPresent(findTestObject("Object Repository/Sayfalar/Giris_Sayfasi/RetveTamam_Butonu"), 5, OPTIONAL)): null

2021-10-14 17:16:57 - [MESSAGE][INFO] - Finding Test Object 'Object Repository/Sayfalar/Giris_Sayfasi/RetveTamam_Butonu'

2021-10-14 17:16:57 - [MESSAGE][INFO] - Checking object

2021-10-14 17:16:57 - [MESSAGE][INFO] - Finding web element from Test Object's properties

2021-10-14 17:16:57 - [MESSAGE][INFO] - Checking timeout

2021-10-14 17:16:57 - [MESSAGE][INFO] - Finding web element with id: 'Object Repository/Sayfalar/Giris_Sayfasi/RetveTamam_Butonu' located by 'By.xpath: //*[@class = 'btn btn-default']' in '5' second(s)

2021-10-14 17:16:57 - [MESSAGE][INFO] - Smart Wait Function is triggered

2021-10-14 17:16:57 - [MESSAGE][INFO] - Found 1 web elements with id: 'Object Repository/Sayfalar/Giris_Sayfasi/RetveTamam_Butonu' located by 'By.xpath: //*[@class = 'btn btn-default']' in '5' second(s)

2021-10-14 17:16:57 - [MESSAGE][PASSED] - Object 'Object Repository/Sayfalar/Giris_Sayfasi/RetveTamam_Butonu' is present

2021-10-14 17:16:57 - [TEST_STEP][PASSED] - click(findTestObject("Object Repository/Sayfalar/Giris_Sayfasi/RetveTamam_Butonu")): Object: 'Object Repository/Sayfalar/Giris_Sayfasi/RetveTamam_Butonu' is clicked on

2021-10-14 17:16:57 - [MESSAGE][INFO] - Finding Test Object 'Object Repository/Sayfalar/Giris_Sayfasi/RetveTamam_Butonu'

2021-10-14 17:16:57 - [MESSAGE][INFO] - Checking object

2021-10-14 17:16:57 - [MESSAGE][INFO] - Finding web element from Test Object's properties

2021-10-14 17:16:57 - [MESSAGE][INFO] - Checking timeout

2021-10-14 17:16:57 - [MESSAGE][INFO] - Finding web element with id: 'Object Repository/Sayfalar/Giris_Sayfasi/RetveTamam_Butonu' located by 'By.xpath: //*[@class = 'btn btn-default']' in '30' second(s)

2021-10-14 17:16:57 - [MESSAGE][INFO] - Smart Wait Function is triggered

2021-10-14 17:16:58 - [MESSAGE][INFO] - Found 1 web elements with id: 'Object Repository/Sayfalar/Giris_Sayfasi/RetveTamam_Butonu' located by 'By.xpath: //*[@class = 'btn btn-default']' in '30' second(s)

2021-10-14 17:16:58 - [MESSAGE][INFO] - Clicking on object: 'Object Repository/Sayfalar/Giris_Sayfasi/RetveTamam_Butonu'

2021-10-14 17:16:58 - [MESSAGE][PASSED] - Object: 'Object Repository/Sayfalar/Giris_Sayfasi/RetveTamam_Butonu' is clicked on

2021-10-14 17:16:58 - [TEST_STEP][PASSED] - click(findTestObject("Object Repository/Sayfalar/Giris_Sayfasi/RetveTamam_Butonu")): Object: 'Object Repository/Sayfalar/Giris_Sayfasi/RetveTamam_Butonu' is clicked on

2021-10-14 17:16:58 - [MESSAGE][INFO] - Finding Test Object 'Object Repository/Sayfalar/Giris_Sayfasi/RetveTamam_Butonu'

2021-10-14 17:16:58 - [MESSAGE][INFO] - Checking object

2021-10-14 17:16:58 - [MESSAGE][INFO] - Finding web element from Test Object's properties

2021-10-14 17:16:58 - [MESSAGE][INFO] - Checking timeout

2021-10-14 17:16:58 - [MESSAGE][INFO] - Finding web element with id: 'Object Repository/Sayfalar/Giris_Sayfasi/RetveTamam_Butonu' located by 'By.xpath: //*[@class = 'btn btn-default']' in '30' second(s)

2021-10-14 17:16:58 - [MESSAGE][INFO] - Smart Wait Function is triggered

2021-10-14 17:17:03 - [MESSAGE][INFO] - Found 1 web elements with id: 'Object Repository/Sayfalar/Giris_Sayfasi/RetveTamam_Butonu' located by 'By.xpath: //*[@class = 'btn btn-default']' in '30' second(s)

2021-10-14 17:17:03 - [MESSAGE][INFO] - Clicking on object: 'Object Repository/Sayfalar/Giris_Sayfasi/RetveTamam_Butonu'

2021-10-14 17:17:03 - [MESSAGE][PASSED] - Object: 'Object Repository/Sayfalar/Giris_Sayfasi/RetveTamam_Butonu' is clicked on

2021-10-14 17:17:03 - [TEST_STEP][PASSED] - if (verifyElementPresent(findTestObject("Sayfalar/Giris_Sayfasi/PopupOK"), 5, OPTIONAL)): null

2021-10-14 17:17:03 - [MESSAGE][INFO] - Finding Test Object 'Object Repository/Sayfalar/Giris_Sayfasi/PopupOK'

2021-10-14 17:17:03 - [MESSAGE][INFO] - Checking object

2021-10-14 17:17:03 - [MESSAGE][INFO] - Finding web element from Test Object's properties

2021-10-14 17:17:03 - [MESSAGE][INFO] - Checking timeout

2021-10-14 17:17:03 - [MESSAGE][INFO] - Finding web element with id: 'Object Repository/Sayfalar/Giris_Sayfasi/PopupOK' located by 'By.cssSelector: .btn.btn-success' in '5' second(s)

2021-10-14 17:17:03 - [MESSAGE][INFO] - Smart Wait Function is triggered

2021-10-14 17:17:04 - [MESSAGE][INFO] - Found 1 web elements with id: 'Object Repository/Sayfalar/Giris_Sayfasi/PopupOK' located by 'By.cssSelector: .btn.btn-success' in '5' second(s)

2021-10-14 17:17:04 - [MESSAGE][PASSED] - Object 'Object Repository/Sayfalar/Giris_Sayfasi/PopupOK' is present

2021-10-14 17:17:04 - [TEST_STEP][PASSED] - click(findTestObject("Object Repository/Sayfalar/Giris_Sayfasi/PopupCarpiGiris")): Object: 'Object Repository/Sayfalar/Giris_Sayfasi/PopupCarpiGiris' is clicked on

2021-10-14 17:17:04 - [MESSAGE][INFO] - Finding Test Object 'Object Repository/Sayfalar/Giris_Sayfasi/PopupCarpiGiris'

2021-10-14 17:17:04 - [MESSAGE][INFO] - Checking object

2021-10-14 17:17:04 - [MESSAGE][INFO] - Finding web element from Test Object's properties

2021-10-14 17:17:04 - [MESSAGE][INFO] - Checking timeout

2021-10-14 17:17:04 - [MESSAGE][INFO] - Finding web element with id: 'Object Repository/Sayfalar/Giris_Sayfasi/PopupCarpiGiris' located by 'By.cssSelector: .bootbox-close-button.close' in '30' second(s)

2021-10-14 17:17:04 - [MESSAGE][INFO] - Smart Wait Function is triggered

2021-10-14 17:17:05 - [MESSAGE][INFO] - Found 1 web elements with id: 'Object Repository/Sayfalar/Giris_Sayfasi/PopupCarpiGiris' located by 'By.cssSelector: .bootbox-close-button.close' in '30' second(s)

2021-10-14 17:17:05 - [MESSAGE][INFO] - Clicking on object: 'Object Repository/Sayfalar/Giris_Sayfasi/PopupCarpiGiris'

2021-10-14 17:17:05 - [MESSAGE][PASSED] - Object: 'Object Repository/Sayfalar/Giris_Sayfasi/PopupCarpiGiris' is clicked on

2021-10-14 17:17:05 - [TEST_STEP][PASSED] - verifyElementVisible(findTestObject("Object Repository/Kullanici_Islemleri/KullaniciIslemleri")): Object 'Object Repository/Kullanici_Islemleri/KullaniciIslemleri' is visible

2021-10-14 17:17:05 - [MESSAGE][INFO] - Finding Test Object 'Object Repository/Kullanici_Islemleri/KullaniciIslemleri'

2021-10-14 17:17:05 - [MESSAGE][INFO] - Checking object

2021-10-14 17:17:05 - [MESSAGE][INFO] - Finding web element from Test Object's properties

2021-10-14 17:17:05 - [MESSAGE][INFO] - Checking timeout

2021-10-14 17:17:05 - [MESSAGE][INFO] - Finding web element with id: 'Object Repository/Kullanici_Islemleri/KullaniciIslemleri' located by 'By.cssSelector: .dropdown>a>img' in '30' second(s)

2021-10-14 17:17:05 - [MESSAGE][INFO] - Smart Wait Function is triggered

2021-10-14 17:17:05 - [MESSAGE][INFO] - Found 1 web elements with id: 'Object Repository/Kullanici_Islemleri/KullaniciIslemleri' located by 'By.cssSelector: .dropdown>a>img' in '30' second(s)

2021-10-14 17:17:06 - [MESSAGE][PASSED] - Object 'Object Repository/Kullanici_Islemleri/KullaniciIslemleri' is visible

2021-10-14 17:17:06 - [MESSAGE][PASSED] - Call Test Case 'Test Cases/Sayfalar/Giris_Sayfasi/Login' successfully

2021-10-14 17:17:06 - [MESSAGE][INFO] - Checking called Test Case

2021-10-14 17:17:06 - [MESSAGE][INFO] - Starting to call Test Case 'Test Cases/Menu/AnaMenuSecimi'

2021-10-14 17:17:06 - [TEST_CASE][PASSED] - Test Cases/Menu/AnaMenuSecimi: Test Cases/Menu/AnaMenuSecimi

2021-10-14 17:17:06 - [TEST_STEP][PASSED] - Method.TextDegerineEsitElementeTikla(findTestObject("Menu/Ana_Menu"), Ana_Menu): Method.TextDegerineEsitElementeTikla is PASSED

2021-10-14 17:17:06 - [MESSAGE][INFO] - Finding Test Object 'Object Repository/Menu/Ana_Menu'

2021-10-14 17:17:06 - [MESSAGE][INFO] - Checking timeout

2021-10-14 17:17:06 - [MESSAGE][INFO] - Finding web element with id: 'Object Repository/Menu/Ana_Menu' located by 'By.xpath: //*[@class = 'dropdown-toggle']' in '10' second(s)

2021-10-14 17:17:06 - [MESSAGE][INFO] - Smart Wait Function is triggered

2021-10-14 17:17:06 - [MESSAGE][INFO] - Found 14 web elements with id: 'Object Repository/Menu/Ana_Menu' located by 'By.xpath: //*[@class = 'dropdown-toggle']' in '10' second(s)

2021-10-14 17:17:06 - [MESSAGE][PASSED] - Method.TextDegerineEsitElementeTikla is PASSED

2021-10-14 17:17:06 - [MESSAGE][PASSED] - Call Test Case 'Test Cases/Menu/AnaMenuSecimi' successfully

2021-10-14 17:17:06 - [MESSAGE][INFO] - Checking called Test Case

2021-10-14 17:17:06 - [MESSAGE][INFO] - Starting to call Test Case 'Test Cases/Menu/BasligaGoreAltMenuSecimi'

2021-10-14 17:17:06 - [TEST_CASE][PASSED] - Test Cases/Menu/BasligaGoreAltMenuSecimi: Test Cases/Menu/BasligaGoreAltMenuSecimi

2021-10-14 17:17:06 - [TEST_STEP][PASSED] - Method.TextDegerineEsitElementinAltindakiTextDegerineEsitOlanaTikla(findTestObject("Menu/Menu_Basligi"), findTestObject("Menu/Basliga_Gore_Alt_Menu"), Baslik, Alt_Menu): Method.TextDegerineEsitElementinAltindakiTextDegerineEsitOlanaTikla is PASSED

2021-10-14 17:17:06 - [MESSAGE][INFO] - Finding Test Object 'Object Repository/Menu/Menu_Basligi'

2021-10-14 17:17:06 - [MESSAGE][INFO] - Finding Test Object 'Object Repository/Menu/Basliga_Gore_Alt_Menu'

2021-10-14 17:17:07 - [MESSAGE][INFO] - Checking timeout

2021-10-14 17:17:07 - [MESSAGE][INFO] - Finding web element with id: 'Object Repository/Menu/Menu_Basligi' located by 'By.xpath: //li[@class='dropdown dropdown-large open']//li[@class='dropdown-header']' in '10' second(s)

2021-10-14 17:17:07 - [MESSAGE][INFO] - Smart Wait Function is triggered

2021-10-14 17:17:07 - [MESSAGE][INFO] - Found 3 web elements with id: 'Object Repository/Menu/Menu_Basligi' located by 'By.xpath: //li[@class='dropdown dropdown-large open']//li[@class='dropdown-header']' in '10' second(s)

2021-10-14 17:17:07 - [MESSAGE][INFO] - Smart Wait Function is triggered

2021-10-14 17:17:10 - [MESSAGE][PASSED] - Method.TextDegerineEsitElementinAltindakiTextDegerineEsitOlanaTikla is PASSED

2021-10-14 17:17:10 - [MESSAGE][PASSED] - Call Test Case 'Test Cases/Menu/BasligaGoreAltMenuSecimi' successfully

2021-10-14 17:17:10 - [MESSAGE][INFO] - Checking called Test Case

2021-10-14 17:17:10 - [MESSAGE][INFO] - Starting to call Test Case 'Test Cases/Filtreler/BaslangicYaz'

2021-10-14 17:17:10 - [TEST_CASE][PASSED] - Test Cases/Filtreler/BaslangicYaz: Test Cases/Filtreler/BaslangicYaz

2021-10-14 17:17:10 - [TEST_STEP][PASSED] - Method.TextDegerineEsitElementinAltindakineTikla(findTestObject("Filtreler/Basliklar"), findTestObject("Filtreler/Basliga_Gore_Baslangic_Image"), Filtre_Adi): Method.TextDegerineEsitElementinAltindakineTikla is PASSED

2021-10-14 17:17:10 - [MESSAGE][INFO] - Finding Test Object 'Object Repository/Filtreler/Basliklar'

2021-10-14 17:17:10 - [MESSAGE][INFO] - Finding Test Object 'Object Repository/Filtreler/Basliga_Gore_Baslangic_Image'

2021-10-14 17:17:11 - [MESSAGE][INFO] - Checking timeout

2021-10-14 17:17:11 - [MESSAGE][INFO] - Finding web element with id: 'Object Repository/Filtreler/Basliklar' located by 'By.cssSelector: .control-label.col-sm-4.paddingMarginRLC' in '10' second(s)

2021-10-14 17:17:11 - [MESSAGE][INFO] - Smart Wait Function is triggered

2021-10-14 17:17:11 - [MESSAGE][INFO] - Found 13 web elements with id: 'Object Repository/Filtreler/Basliklar' located by 'By.cssSelector: .control-label.col-sm-4.paddingMarginRLC' in '10' second(s)

2021-10-14 17:17:11 - [MESSAGE][INFO] - Smart Wait Function is triggered

2021-10-14 17:17:11 - [MESSAGE][PASSED] - Method.TextDegerineEsitElementinAltindakineTikla is PASSED

2021-10-14 17:17:11 - [TEST_STEP][PASSED] - Method.TextDegerineEsitElementinAltindakiTextboxtaYaz(findTestObject("Filtreler/Basliklar"), findTestObject("Filtreler/Basliga_Gore_Baslangic"), Filtre_Adi, Filtre_Degeri): Method.TextDegerineEsitElementinAltindakiTextboxtaYaz is PASSED

2021-10-14 17:17:11 - [MESSAGE][INFO] - Finding Test Object 'Object Repository/Filtreler/Basliklar'

2021-10-14 17:17:12 - [MESSAGE][INFO] - Finding Test Object 'Object Repository/Filtreler/Basliga_Gore_Baslangic'

2021-10-14 17:17:12 - [MESSAGE][INFO] - Checking timeout

2021-10-14 17:17:12 - [MESSAGE][INFO] - Finding web element with id: 'Object Repository/Filtreler/Basliklar' located by 'By.cssSelector: .control-label.col-sm-4.paddingMarginRLC' in '10' second(s)

2021-10-14 17:17:12 - [MESSAGE][INFO] - Smart Wait Function is triggered

2021-10-14 17:17:12 - [MESSAGE][INFO] - Found 13 web elements with id: 'Object Repository/Filtreler/Basliklar' located by 'By.cssSelector: .control-label.col-sm-4.paddingMarginRLC' in '10' second(s)

2021-10-14 17:17:12 - [MESSAGE][INFO] - Smart Wait Function is triggered

2021-10-14 17:17:13 - [MESSAGE][PASSED] - Method.TextDegerineEsitElementinAltindakiTextboxtaYaz is PASSED

2021-10-14 17:17:13 - [MESSAGE][PASSED] - Call Test Case 'Test Cases/Filtreler/BaslangicYaz' successfully

2021-10-14 17:17:13 - [MESSAGE][INFO] - Checking called Test Case

2021-10-14 17:17:13 - [MESSAGE][INFO] - Starting to call Test Case 'Test Cases/Filtreler/BitisYaz'

2021-10-14 17:17:13 - [TEST_CASE][PASSED] - Test Cases/Filtreler/BitisYaz: Test Cases/Filtreler/BitisYaz

2021-10-14 17:17:13 - [TEST_STEP][PASSED] - Method.TextDegerineEsitElementinAltindakineTikla(findTestObject("Filtreler/Basliklar"), findTestObject("Filtreler/Basliga_Gore_Bitis_Image"), Filtre_Adi): Method.TextDegerineEsitElementinAltindakineTikla is PASSED

2021-10-14 17:17:13 - [MESSAGE][INFO] - Finding Test Object 'Object Repository/Filtreler/Basliklar'

2021-10-14 17:17:13 - [MESSAGE][INFO] - Finding Test Object 'Object Repository/Filtreler/Basliga_Gore_Bitis_Image'

2021-10-14 17:17:13 - [MESSAGE][INFO] - Checking timeout

2021-10-14 17:17:13 - [MESSAGE][INFO] - Finding web element with id: 'Object Repository/Filtreler/Basliklar' located by 'By.cssSelector: .control-label.col-sm-4.paddingMarginRLC' in '10' second(s)

2021-10-14 17:17:13 - [MESSAGE][INFO] - Smart Wait Function is triggered

2021-10-14 17:17:14 - [MESSAGE][INFO] - Found 13 web elements with id: 'Object Repository/Filtreler/Basliklar' located by 'By.cssSelector: .control-label.col-sm-4.paddingMarginRLC' in '10' second(s)

2021-10-14 17:17:14 - [MESSAGE][INFO] - Smart Wait Function is triggered

2021-10-14 17:17:14 - [MESSAGE][PASSED] - Method.TextDegerineEsitElementinAltindakineTikla is PASSED

2021-10-14 17:17:14 - [TEST_STEP][PASSED] - Method.TextDegerineEsitElementinAltindakiTextboxtaYaz(findTestObject("Filtreler/Basliklar"), findTestObject("Object Repository/Filtreler/Basliga_Gore_Bitis"), Filtre_Adi, Filtre_Degeri): Method.TextDegerineEsitElementinAltindakiTextboxtaYaz is PASSED

2021-10-14 17:17:14 - [MESSAGE][INFO] - Finding Test Object 'Object Repository/Filtreler/Basliklar'

2021-10-14 17:17:14 - [MESSAGE][INFO] - Finding Test Object 'Object Repository/Filtreler/Basliga_Gore_Bitis'

2021-10-14 17:17:14 - [MESSAGE][INFO] - Checking timeout

2021-10-14 17:17:14 - [MESSAGE][INFO] - Finding web element with id: 'Object Repository/Filtreler/Basliklar' located by 'By.cssSelector: .control-label.col-sm-4.paddingMarginRLC' in '10' second(s)

2021-10-14 17:17:14 - [MESSAGE][INFO] - Smart Wait Function is triggered

2021-10-14 17:17:15 - [MESSAGE][INFO] - Found 13 web elements with id: 'Object Repository/Filtreler/Basliklar' located by 'By.cssSelector: .control-label.col-sm-4.paddingMarginRLC' in '10' second(s)

2021-10-14 17:17:15 - [MESSAGE][INFO] - Smart Wait Function is triggered

2021-10-14 17:17:15 - [MESSAGE][PASSED] - Method.TextDegerineEsitElementinAltindakiTextboxtaYaz is PASSED

2021-10-14 17:17:15 - [MESSAGE][PASSED] - Call Test Case 'Test Cases/Filtreler/BitisYaz' successfully

2021-10-14 17:17:15 - [MESSAGE][INFO] - Checking called Test Case

2021-10-14 17:17:15 - [MESSAGE][INFO] - Starting to call Test Case 'Test Cases/Filtreler/ButonaTikla'

2021-10-14 17:17:15 - [TEST_CASE][PASSED] - Test Cases/Filtreler/ButonaTikla: Test Cases/Filtreler/ButonaTikla

2021-10-14 17:17:15 - [TEST_STEP][PASSED] - Method.TextDegerineEsitElementeTikla(findTestObject("Filtreler/Butonlar"), Filtre_Buton): Method.TextDegerineEsitElementeTikla is PASSED

2021-10-14 17:17:15 - [MESSAGE][INFO] - Finding Test Object 'Object Repository/Filtreler/Butonlar'

2021-10-14 17:17:15 - [MESSAGE][INFO] - Checking timeout

2021-10-14 17:17:15 - [MESSAGE][INFO] - Finding web element with id: 'Object Repository/Filtreler/Butonlar' located by 'By.cssSelector: .dxb>span' in '10' second(s)

2021-10-14 17:17:15 - [MESSAGE][INFO] - Smart Wait Function is triggered

2021-10-14 17:17:16 - [MESSAGE][INFO] - Found 3 web elements with id: 'Object Repository/Filtreler/Butonlar' located by 'By.cssSelector: .dxb>span' in '10' second(s)

2021-10-14 17:17:16 - [MESSAGE][PASSED] - Method.TextDegerineEsitElementeTikla is PASSED

2021-10-14 17:17:16 - [MESSAGE][PASSED] - Call Test Case 'Test Cases/Filtreler/ButonaTikla' successfully

2021-10-14 17:17:16 - [MESSAGE][INFO] - Checking called Test Case

2021-10-14 17:17:16 - [MESSAGE][INFO] - Starting to call Test Case 'Test Cases/Tablo/TablodaVeriVarMi'

2021-10-14 17:17:16 - [TEST_CASE][PASSED] - Test Cases/Tablo/TablodaVeriVarMi: Test Cases/Tablo/TablodaVeriVarMi

2021-10-14 17:17:16 - [TEST_STEP][PASSED] - verifyTextNotPresent("Görüntülenecek veri yok", true): Text 'Görüntülenecek veri yok' is not present on page using regular expression

2021-10-14 17:17:16 - [MESSAGE][INFO] - Checking text present  using regular expression

2021-10-14 17:17:16 - [MESSAGE][INFO] - Smart Wait Function is triggered

2021-10-14 17:17:17 - [MESSAGE][INFO] - Finding text 'Görüntülenecek veri yok' on page  using regular expression

2021-10-14 17:17:17 - [MESSAGE][PASSED] - Text 'Görüntülenecek veri yok' is not present on page using regular expression

2021-10-14 17:17:17 - [MESSAGE][PASSED] - Call Test Case 'Test Cases/Tablo/TablodaVeriVarMi' successfully

2021-10-14 17:17:17 - [MESSAGE][INFO] - Checking called Test Case

2021-10-14 17:17:17 - [MESSAGE][INFO] - Starting to call Test Case 'Test Cases/Tablo/TablodanVeriSec'

2021-10-14 17:17:17 - [TEST_CASE][PASSED] - Test Cases/Tablo/TablodanVeriSec: Test Cases/Tablo/TablodanVeriSec

2021-10-14 17:17:17 - [TEST_STEP][PASSED] - Method.TextDegerineEsitElementinAltindakineTikla(findTestObject("Tablo/Veriler"), findTestObject("Tablo/VerininCheckBoxi"), Veri_Adi): Method.TextDegerineEsitElementinAltindakineTikla is PASSED

2021-10-14 17:17:17 - [MESSAGE][INFO] - Finding Test Object 'Object Repository/Tablo/Veriler'

2021-10-14 17:17:17 - [MESSAGE][INFO] - Finding Test Object 'Object Repository/Tablo/VerininCheckBoxi'

2021-10-14 17:17:17 - [MESSAGE][INFO] - Checking timeout

2021-10-14 17:17:17 - [MESSAGE][INFO] - Finding web element with id: 'Object Repository/Tablo/Veriler' located by 'By.cssSelector: td.dxgv b ,td.dxgv' in '10' second(s)

2021-10-14 17:17:17 - [MESSAGE][INFO] - Smart Wait Function is triggered

2021-10-14 17:17:17 - [MESSAGE][INFO] - Found 26 web elements with id: 'Object Repository/Tablo/Veriler' located by 'By.cssSelector: td.dxgv b ,td.dxgv' in '10' second(s)

2021-10-14 17:17:17 - [MESSAGE][INFO] - Smart Wait Function is triggered

2021-10-14 17:17:18 - [MESSAGE][PASSED] - Method.TextDegerineEsitElementinAltindakineTikla is PASSED

2021-10-14 17:17:18 - [MESSAGE][PASSED] - Call Test Case 'Test Cases/Tablo/TablodanVeriSec' successfully

2021-10-14 17:17:18 - [MESSAGE][INFO] - Checking called Test Case

2021-10-14 17:17:18 - [MESSAGE][INFO] - Starting to call Test Case 'Test Cases/Butonlar/ButonaTikla'

2021-10-14 17:17:18 - [TEST_CASE][PASSED] - Test Cases/Butonlar/ButonaTikla: Test Cases/Butonlar/ButonaTikla

2021-10-14 17:17:18 - [TEST_STEP][PASSED] - Method.TextDegerineEsitElementeTiklaEquals(findTestObject("Butonlar/Butonlar"), Buton_Adi): Method.TextDegerineEsitElementeTiklaEquals is PASSED

2021-10-14 17:17:18 - [MESSAGE][INFO] - Finding Test Object 'Object Repository/Butonlar/Butonlar'

2021-10-14 17:17:18 - [MESSAGE][INFO] - Checking timeout

2021-10-14 17:17:18 - [MESSAGE][INFO] - Finding web element with id: 'Object Repository/Butonlar/Butonlar' located by 'By.cssSelector: .panel.panel-default.text-center.footerPanel .btn,.btn.btn-primary.btnControls' in '10' second(s)

2021-10-14 17:17:18 - [MESSAGE][INFO] - Smart Wait Function is triggered

2021-10-14 17:17:18 - [MESSAGE][INFO] - Found 7 web elements with id: 'Object Repository/Butonlar/Butonlar' located by 'By.cssSelector: .panel.panel-default.text-center.footerPanel .btn,.btn.btn-primary.btnControls' in '10' second(s)

2021-10-14 17:17:18 - [MESSAGE][PASSED] - Method.TextDegerineEsitElementeTiklaEquals is PASSED

2021-10-14 17:17:18 - [MESSAGE][PASSED] - Call Test Case 'Test Cases/Butonlar/ButonaTikla' successfully

2021-10-14 17:17:18 - [MESSAGE][INFO] - Checking called Test Case

2021-10-14 17:17:18 - [MESSAGE][INFO] - Starting to call Test Case 'Test Cases/Sekmeler/YeniSekmeyeGec'

2021-10-14 17:17:18 - [TEST_CASE][PASSED] - Test Cases/Sekmeler/YeniSekmeyeGec: Test Cases/Sekmeler/YeniSekmeyeGec

2021-10-14 17:17:18 - [TEST_STEP][PASSED] - switchToWindowIndex(1): Switched to window with index: '1'

2021-10-14 17:17:18 - [MESSAGE][INFO] - Checking index

2021-10-14 17:17:18 - [MESSAGE][INFO] - Switching window with index: '1'

2021-10-14 17:17:18 - [MESSAGE][PASSED] - Switched to window with index: '1'

2021-10-14 17:17:18 - [MESSAGE][PASSED] - Call Test Case 'Test Cases/Sekmeler/YeniSekmeyeGec' successfully

2021-10-14 17:17:18 - [MESSAGE][INFO] - Checking called Test Case

2021-10-14 17:17:18 - [MESSAGE][INFO] - Starting to call Test Case 'Test Cases/Sekmeler/YeniSekmeBasligindaVarMi'

2021-10-14 17:17:19 - [TEST_CASE][PASSED] - Test Cases/Sekmeler/YeniSekmeBasligindaVarMi: Test Cases/Sekmeler/YeniSekmeBasligindaVarMi

2021-10-14 17:17:19 - [TEST_STEP][PASSED] - verifyElementText(findTestObject("Object Repository/Sekmeler/Olusturma_Goster_Baslik"), Title): Actual text and expected text of test object 'Object Repository/Sekmeler/Olusturma_Goster_Baslik' are matched.

2021-10-14 17:17:19 - [MESSAGE][INFO] - Finding Test Object 'Object Repository/Sekmeler/Olusturma_Goster_Baslik'

2021-10-14 17:17:19 - [MESSAGE][INFO] - Checking object

2021-10-14 17:17:19 - [MESSAGE][INFO] - Finding web element from Test Object's properties

2021-10-14 17:17:19 - [MESSAGE][INFO] - Checking timeout

2021-10-14 17:17:19 - [MESSAGE][INFO] - Finding web element with id: 'Object Repository/Sekmeler/Olusturma_Goster_Baslik' located by 'By.cssSelector: h1>span,td>font,font' in '30' second(s)

2021-10-14 17:17:19 - [MESSAGE][INFO] - Smart Wait Function is triggered

2021-10-14 17:17:19 - [MESSAGE][INFO] - Found 1 web elements with id: 'Object Repository/Sekmeler/Olusturma_Goster_Baslik' located by 'By.cssSelector: h1>span,td>font,font' in '30' second(s)

2021-10-14 17:17:19 - [MESSAGE][PASSED] - Actual text and expected text of test object 'Object Repository/Sekmeler/Olusturma_Goster_Baslik' are matched.

2021-10-14 17:17:19 - [MESSAGE][PASSED] - Call Test Case 'Test Cases/Sekmeler/YeniSekmeBasligindaVarMi' successfully

2021-10-14 17:17:19 - [MESSAGE][INFO] - Checking called Test Case

2021-10-14 17:17:19 - [MESSAGE][INFO] - Starting to call Test Case 'Test Cases/Sekmeler/Ana_Sekmeye_Gec'

2021-10-14 17:17:20 - [TEST_CASE][PASSED] - Test Cases/Sekmeler/Ana_Sekmeye_Gec: Test Cases/Sekmeler/Ana_Sekmeye_Gec

2021-10-14 17:17:20 - [TEST_STEP][PASSED] - try: Window with index 1 is closed

2021-10-14 17:17:20 - [TEST_STEP][PASSED] - index = getWindowIndex(): Current window's index is: 1

2021-10-14 17:17:20 - [MESSAGE][INFO] - Getting current window's index

2021-10-14 17:17:20 - [MESSAGE][PASSED] - Current window's index is: 1

2021-10-14 17:17:20 - [TEST_STEP][PASSED] - closeWindowIndex(index): Window with index 1 is closed

2021-10-14 17:17:20 - [MESSAGE][INFO] - Checking index

2021-10-14 17:17:20 - [MESSAGE][INFO] - Closing window with index 1

2021-10-14 17:17:20 - [MESSAGE][PASSED] - Window with index 1 is closed

2021-10-14 17:17:20 - [TEST_STEP][PASSED] - switchToWindowIndex(0): Switched to window with index: '0'

2021-10-14 17:17:20 - [MESSAGE][INFO] - Checking index

2021-10-14 17:17:20 - [MESSAGE][INFO] - Switching window with index: '0'

2021-10-14 17:17:20 - [MESSAGE][PASSED] - Switched to window with index: '0'

2021-10-14 17:17:20 - [MESSAGE][PASSED] - Call Test Case 'Test Cases/Sekmeler/Ana_Sekmeye_Gec' successfully

2021-10-14 17:17:20 - [MESSAGE][INFO] - Checking called Test Case

2021-10-14 17:17:20 - [MESSAGE][INFO] - Starting to call Test Case 'Test Cases/Kullanici_Islemleri/KullaniciIslemlerindenSecimYapilir'

2021-10-14 17:17:20 - [TEST_CASE][PASSED] - Test Cases/Kullanici_Islemleri/KullaniciIslemlerindenSecimYapilir: Test Cases/Kullanici_Islemleri/KullaniciIslemlerindenSecimYapilir

2021-10-14 17:17:20 - [TEST_STEP][PASSED] - waitForElementClickable(findTestObject("Object Repository/Kullanici_Islemleri/KullaniciIslemleri"), 10): Object 'Object Repository/Kullanici_Islemleri/KullaniciIslemleri' is clickable

2021-10-14 17:17:20 - [MESSAGE][INFO] - Finding Test Object 'Object Repository/Kullanici_Islemleri/KullaniciIslemleri'

2021-10-14 17:17:20 - [MESSAGE][INFO] - Checking object

2021-10-14 17:17:20 - [MESSAGE][INFO] - Checking timeout

2021-10-14 17:17:20 - [MESSAGE][INFO] - Finding web element from Test Object's properties

2021-10-14 17:17:20 - [MESSAGE][INFO] - Checking timeout

2021-10-14 17:17:20 - [MESSAGE][INFO] - Finding web element with id: 'Object Repository/Kullanici_Islemleri/KullaniciIslemleri' located by 'By.cssSelector: .dropdown>a>img' in '10' second(s)

2021-10-14 17:17:20 - [MESSAGE][INFO] - Smart Wait Function is triggered

2021-10-14 17:17:20 - [MESSAGE][INFO] - Found 1 web elements with id: 'Object Repository/Kullanici_Islemleri/KullaniciIslemleri' located by 'By.cssSelector: .dropdown>a>img' in '10' second(s)

2021-10-14 17:17:20 - [MESSAGE][PASSED] - Object 'Object Repository/Kullanici_Islemleri/KullaniciIslemleri' is clickable

2021-10-14 17:17:20 - [TEST_STEP][PASSED] - click(findTestObject("Object Repository/Kullanici_Islemleri/KullaniciIslemleri")): Object: 'Object Repository/Kullanici_Islemleri/KullaniciIslemleri' is clicked on

2021-10-14 17:17:20 - [MESSAGE][INFO] - Finding Test Object 'Object Repository/Kullanici_Islemleri/KullaniciIslemleri'

2021-10-14 17:17:20 - [MESSAGE][INFO] - Checking object

2021-10-14 17:17:20 - [MESSAGE][INFO] - Finding web element from Test Object's properties

2021-10-14 17:17:20 - [MESSAGE][INFO] - Checking timeout

2021-10-14 17:17:20 - [MESSAGE][INFO] - Finding web element with id: 'Object Repository/Kullanici_Islemleri/KullaniciIslemleri' located by 'By.cssSelector: .dropdown>a>img' in '30' second(s)

2021-10-14 17:17:20 - [MESSAGE][INFO] - Smart Wait Function is triggered

2021-10-14 17:17:21 - [MESSAGE][INFO] - Found 1 web elements with id: 'Object Repository/Kullanici_Islemleri/KullaniciIslemleri' located by 'By.cssSelector: .dropdown>a>img' in '30' second(s)

2021-10-14 17:17:21 - [MESSAGE][INFO] - Clicking on object: 'Object Repository/Kullanici_Islemleri/KullaniciIslemleri'

2021-10-14 17:17:21 - [MESSAGE][PASSED] - Object: 'Object Repository/Kullanici_Islemleri/KullaniciIslemleri' is clicked on

2021-10-14 17:17:21 - [TEST_STEP][PASSED] - Method.TextDegerineEsitElementeTikla(findTestObject("Object Repository/Kullanici_Islemleri/Secenekler"), Islem): Method.TextDegerineEsitElementeTikla is PASSED

2021-10-14 17:17:21 - [MESSAGE][INFO] - Finding Test Object 'Object Repository/Kullanici_Islemleri/Secenekler'

2021-10-14 17:17:21 - [MESSAGE][INFO] - Checking timeout

2021-10-14 17:17:21 - [MESSAGE][INFO] - Finding web element with id: 'Object Repository/Kullanici_Islemleri/Secenekler' located by 'By.cssSelector: .nav.navbar-nav.navbar-right li a' in '10' second(s)

2021-10-14 17:17:21 - [MESSAGE][INFO] - Smart Wait Function is triggered

2021-10-14 17:17:21 - [MESSAGE][INFO] - Found 22 web elements with id: 'Object Repository/Kullanici_Islemleri/Secenekler' located by 'By.cssSelector: .nav.navbar-nav.navbar-right li a' in '10' second(s)

2021-10-14 17:17:22 - [MESSAGE][PASSED] - Method.TextDegerineEsitElementeTikla is PASSED

2021-10-14 17:17:22 - [TEST_STEP][PASSED] - verifyElementNotPresent(findTestObject("Object Repository/Kullanici_Islemleri/Secenekler"), 10): Web element with id: 'Object Repository/Kullanici_Islemleri/Secenekler' located by 'By.cssSelector: .nav.navbar-nav.navbar-right li a' is not present after '10' second(s)

2021-10-14 17:17:22 - [MESSAGE][INFO] - Finding Test Object 'Object Repository/Kullanici_Islemleri/Secenekler'

2021-10-14 17:17:22 - [MESSAGE][INFO] - Checking object

2021-10-14 17:17:22 - [MESSAGE][INFO] - Checking timeout

2021-10-14 17:17:22 - [MESSAGE][INFO] - Finding web element with id: 'Object Repository/Kullanici_Islemleri/Secenekler' located by 'By.cssSelector: .nav.navbar-nav.navbar-right li a' in '10' second(s)

2021-10-14 17:17:22 - [MESSAGE][INFO] - Smart Wait Function is triggered

2021-10-14 17:17:23 - [MESSAGE][PASSED] - Web element with id: 'Object Repository/Kullanici_Islemleri/Secenekler' located by 'By.cssSelector: .nav.navbar-nav.navbar-right li a' is not present after '10' second(s)

2021-10-14 17:17:23 - [MESSAGE][PASSED] - Call Test Case 'Test Cases/Kullanici_Islemleri/KullaniciIslemlerindenSecimYapilir' successfully

2021-10-14 17:17:23 - [TEST_CASE][PASSED] - Start Test Case : SCENARIO Uygulama Yanitinin Faturasi: SCENARIO Uygulama Yanitinin Faturasi

2021-10-14 17:17:23 - [TEST_STEP][PASSED] - Kullanıcı adı ELOGO6 ve Şifre 123456 olarak giriş yapılır: Kullanıcı adı ELOGO6 ve Şifre 123456 olarak giriş yapılır

2021-10-14 17:17:23 - [MESSAGE][PASSED] - Kullanıcı adı ELOGO6 ve Şifre 123456 olarak giriş yapılır

2021-10-14 17:17:23 - [TEST_STEP][PASSED] - Ana menüden e-Fatura seçilir: Ana menüden e-Fatura seçilir

2021-10-14 17:17:23 - [MESSAGE][PASSED] - Ana menüden e-Fatura seçilir

2021-10-14 17:17:23 - [TEST_STEP][PASSED] - Alt menü Gelen Kutusu başlığı altındaki Uygulama Yanıtları seçilir: Alt menü Gelen Kutusu başlığı altındaki Uygulama Yanıtları seçilir

2021-10-14 17:17:23 - [MESSAGE][PASSED] - Alt menü Gelen Kutusu başlığı altındaki Uygulama Yanıtları seçilir

2021-10-14 17:17:23 - [TEST_STEP][PASSED] - Filtrelerden Oluşturma Tarihi filtresine 01.12.2020 baslangic degerini yaz: Filtrelerden Oluşturma Tarihi filtresine 01.12.2020 baslangic degerini yaz

2021-10-14 17:17:23 - [MESSAGE][PASSED] - Filtrelerden Oluşturma Tarihi filtresine 01.12.2020 baslangic degerini yaz

2021-10-14 17:17:23 - [TEST_STEP][PASSED] - Filtrelerden Oluşturma Tarihi filtresine 31.12.2020 bitis degerini yaz: Filtrelerden Oluşturma Tarihi filtresine 31.12.2020 bitis degerini yaz

2021-10-14 17:17:23 - [MESSAGE][PASSED] - Filtrelerden Oluşturma Tarihi filtresine 31.12.2020 bitis degerini yaz

2021-10-14 17:17:23 - [TEST_STEP][PASSED] - Filtre butonlarından Listele seçilir: Filtre butonlarından Listele seçilir

2021-10-14 17:17:23 - [MESSAGE][PASSED] - Filtre butonlarından Listele seçilir

2021-10-14 17:17:23 - [TEST_STEP][PASSED] - Tabloda veri var mı kontrol edilir: Tabloda veri var mı kontrol edilir

2021-10-14 17:17:23 - [MESSAGE][PASSED] - Tabloda veri var mı kontrol edilir

2021-10-14 17:17:23 - [TEST_STEP][PASSED] - Tablodan 1234567806 isimli veri seçilir: Tablodan 1234567806 isimli veri seçilir

2021-10-14 17:17:23 - [MESSAGE][PASSED] - Tablodan 1234567806 isimli veri seçilir

2021-10-14 17:17:23 - [TEST_STEP][PASSED] - Butonlardan Fatura isimli butona tıklanır: Butonlardan Fatura isimli butona tıklanır

2021-10-14 17:17:23 - [MESSAGE][PASSED] - Butonlardan Fatura isimli butona tıklanır

2021-10-14 17:17:23 - [TEST_STEP][PASSED] - Yeni açılan sekmeye geçilir: Yeni açılan sekmeye geçilir

2021-10-14 17:17:23 - [MESSAGE][PASSED] - Yeni açılan sekmeye geçilir

2021-10-14 17:17:23 - [TEST_STEP][PASSED] - Yeni sekme başlığında e-FATURA var mı kontrol edilir: Yeni sekme başlığında e-FATURA var mı kontrol edilir

2021-10-14 17:17:23 - [MESSAGE][PASSED] - Yeni sekme başlığında e-FATURA var mı kontrol edilir

2021-10-14 17:17:23 - [TEST_STEP][PASSED] - Ana sekmeye geçilir: Ana sekmeye geçilir

2021-10-14 17:17:23 - [MESSAGE][PASSED] - Ana sekmeye geçilir

2021-10-14 17:17:23 - [TEST_STEP][PASSED] - Kullanıcı işlemlerinden Çıkış seçilir: Kullanıcı işlemlerinden Çıkış seçilir

2021-10-14 17:17:23 - [MESSAGE][PASSED] - Kullanıcı işlemlerinden Çıkış seçilir

2021-10-14 17:17:23 - [MESSAGE][PASSED] - Feature file: 'Include/features/e-Fatura/Gelen Kutusu/Uygulama Yanitlari/Fatura.feature' was passed

2021-10-14 17:17:23 - [TEST_STEP][PASSED] - Start listener action : sampleAfterTestSuite: Invoke 'com.kms.katalon.core.annotation.AfterTestCase' method: 'Listener.sampleAfterTestSuite(...)' completed.

2021-10-14 17:17:23 - [MESSAGE][INFO] - Starting invoke 'com.kms.katalon.core.annotation.AfterTestCase' method: 'Listener.sampleAfterTestSuite(...)'

2021-10-14 17:17:23 - [TEST_STEP][PASSED] - closeBrowser(): Invoke 'com.kms.katalon.core.annotation.AfterTestCase' method: 'Listener.sampleAfterTestSuite(...)' completed.

2021-10-14 17:17:23 - [MESSAGE][INFO] - Closing browser

2021-10-14 17:17:24 - [MESSAGE][PASSED] - Browser is closed

2021-10-14 17:17:24 - [MESSAGE][INFO] - Invoke 'com.kms.katalon.core.annotation.AfterTestCase' method: 'Listener.sampleAfterTestSuite(...)' completed.]]></system-out>
         <system-err><![CDATA[]]></system-err>
      </testcase>
      <testcase name="Test Cases/Case Repository/e-Fatura/Gelen Kutusu/Uygulama Yanitlari/Gorseli Ac" time="55.803" classname="Test Cases/Case Repository/e-Fatura/Gelen Kutusu/Uygulama Yanitlari/Gorseli Ac" status="PASSED">
         <system-out><![CDATA[2021-10-14 17:17:24 - [TEST_CASE][PASSED] - Test Cases/Case Repository/e-Fatura/Gelen Kutusu/Uygulama Yanitlari/Gorseli Ac: Test Cases/Case Repository/e-Fatura/Gelen Kutusu/Uygulama Yanitlari/Gorseli Ac

2021-10-14 17:17:24 - [TEST_STEP][PASSED] - Start listener action : sampleBeforeTestSuite: Invoke 'com.kms.katalon.core.annotation.BeforeTestCase' method: 'Listener.sampleBeforeTestSuite(...)' completed.

2021-10-14 17:17:24 - [MESSAGE][INFO] - Starting invoke 'com.kms.katalon.core.annotation.BeforeTestCase' method: 'Listener.sampleBeforeTestSuite(...)'

2021-10-14 17:17:24 - [TEST_STEP][PASSED] - openBrowser(baseUrl): Browser is opened with url: 'https://efatura-stage.elogo.com.tr/'

2021-10-14 17:17:24 - [MESSAGE][INFO] - Opening browser

2021-10-14 17:17:24 - [MESSAGE][INFO] - Starting 'Chrome' driver

2021-10-14 17:17:24 - [MESSAGE][INFO] - User set preference: ['prefs', '{download.default_directory=C:\otomasyondownfiles}']

2021-10-14 17:17:24 - [MESSAGE][INFO] - Action delay is set to 0 milliseconds

2021-10-14 17:17:25 - [MESSAGE][INFO] - Navigating browser to: 'https://efatura-stage.elogo.com.tr/'

2021-10-14 17:17:27 - [MESSAGE][PASSED] - Browser is opened with url: 'https://efatura-stage.elogo.com.tr/'

2021-10-14 17:17:27 - [TEST_STEP][PASSED] - maximizeWindow(): Invoke 'com.kms.katalon.core.annotation.BeforeTestCase' method: 'Listener.sampleBeforeTestSuite(...)' completed.

2021-10-14 17:17:27 - [MESSAGE][INFO] - Maximizing current window

2021-10-14 17:17:27 - [MESSAGE][PASSED] - Current window maximized

2021-10-14 17:17:27 - [MESSAGE][INFO] - Invoke 'com.kms.katalon.core.annotation.BeforeTestCase' method: 'Listener.sampleBeforeTestSuite(...)' completed.

2021-10-14 17:17:28 - [TEST_STEP][PASSED] - runFeatureFile("Include/features/e-Fatura/Gelen Kutusu/Uygulama Yanitlari/Gorseli Ac.feature"): Feature file: 'Include/features/e-Fatura/Gelen Kutusu/Uygulama Yanitlari/Gorseli Ac.feature' was passed

2021-10-14 17:17:28 - [MESSAGE][INFO] - Starting run keyword runFeatureFile: 'Include/features/e-Fatura/Gelen Kutusu/Uygulama Yanitlari/Gorseli Ac.feature' and extract report to folder: 'C:\Users\DELL\Downloads\EES_Katalon-main\Reports\20211014_170112\Suite Repository\e-Fatura\20211014_170113/cucumber_report/1634221048217'...

2021-10-14 17:17:28 - [MESSAGE][INFO] - Glue: []

2021-10-14 17:17:29 - [MESSAGE][INFO] - Checking called Test Case

2021-10-14 17:17:29 - [MESSAGE][INFO] - Starting to call Test Case 'Test Cases/Sayfalar/Giris_Sayfasi/Login'

2021-10-14 17:17:29 - [TEST_CASE][PASSED] - Test Cases/Sayfalar/Giris_Sayfasi/Login: Test Cases/Sayfalar/Giris_Sayfasi/Login

2021-10-14 17:17:29 - [TEST_STEP][PASSED] - Sayfa_Basligi = getWindowTitle(): Current window's title is: 'LOGO e-Fatura'

2021-10-14 17:17:29 - [MESSAGE][INFO] - Getting current window's title

2021-10-14 17:17:29 - [MESSAGE][PASSED] - Current window's title is: 'LOGO e-Fatura'

2021-10-14 17:17:29 - [TEST_STEP][PASSED] - verifyMatch(Sayfa_Basligi, "LOGO e-Fatura", false): Actual text 'LOGO e-Fatura' and expected text 'LOGO e-Fatura' are matched 

2021-10-14 17:17:29 - [MESSAGE][INFO] - Matching actual text 'LOGO e-Fatura' with expected text 'LOGO e-Fatura'

2021-10-14 17:17:29 - [MESSAGE][PASSED] - Actual text 'LOGO e-Fatura' and expected text 'LOGO e-Fatura' are matched 

2021-10-14 17:17:29 - [TEST_STEP][PASSED] - sendKeys(findTestObject("Sayfalar/Giris_Sayfasi/Firma_Kodu"), KullaniciAdi): Keys 'ELOGO6' sent to object: 'Object Repository/Sayfalar/Giris_Sayfasi/Firma_Kodu'

2021-10-14 17:17:29 - [MESSAGE][INFO] - Finding Test Object 'Object Repository/Sayfalar/Giris_Sayfasi/Firma_Kodu'

2021-10-14 17:17:29 - [MESSAGE][INFO] - Sending keys 'ELOGO6' to object: 'Object Repository/Sayfalar/Giris_Sayfasi/Firma_Kodu'

2021-10-14 17:17:29 - [MESSAGE][INFO] - Finding web element from Test Object's properties

2021-10-14 17:17:29 - [MESSAGE][INFO] - Checking timeout

2021-10-14 17:17:29 - [MESSAGE][INFO] - Finding web element with id: 'Object Repository/Sayfalar/Giris_Sayfasi/Firma_Kodu' located by 'By.xpath: //*[@id = 'AccountName']' in '30' second(s)

2021-10-14 17:17:29 - [MESSAGE][INFO] - Smart Wait Function is triggered

2021-10-14 17:17:29 - [MESSAGE][INFO] - Found 1 web elements with id: 'Object Repository/Sayfalar/Giris_Sayfasi/Firma_Kodu' located by 'By.xpath: //*[@id = 'AccountName']' in '30' second(s)

2021-10-14 17:17:29 - [MESSAGE][PASSED] - Keys 'ELOGO6' sent to object: 'Object Repository/Sayfalar/Giris_Sayfasi/Firma_Kodu'

2021-10-14 17:17:29 - [TEST_STEP][PASSED] - sendKeys(findTestObject("Sayfalar/Giris_Sayfasi/Sifre"), Sifre): Keys '123456' sent to object: 'Object Repository/Sayfalar/Giris_Sayfasi/Sifre'

2021-10-14 17:17:29 - [MESSAGE][INFO] - Finding Test Object 'Object Repository/Sayfalar/Giris_Sayfasi/Sifre'

2021-10-14 17:17:30 - [MESSAGE][INFO] - Sending keys '123456' to object: 'Object Repository/Sayfalar/Giris_Sayfasi/Sifre'

2021-10-14 17:17:30 - [MESSAGE][INFO] - Finding web element from Test Object's properties

2021-10-14 17:17:30 - [MESSAGE][INFO] - Checking timeout

2021-10-14 17:17:30 - [MESSAGE][INFO] - Finding web element with id: 'Object Repository/Sayfalar/Giris_Sayfasi/Sifre' located by 'By.xpath: //*[@id = 'Password']' in '30' second(s)

2021-10-14 17:17:30 - [MESSAGE][INFO] - Smart Wait Function is triggered

2021-10-14 17:17:30 - [MESSAGE][INFO] - Found 1 web elements with id: 'Object Repository/Sayfalar/Giris_Sayfasi/Sifre' located by 'By.xpath: //*[@id = 'Password']' in '30' second(s)

2021-10-14 17:17:30 - [MESSAGE][PASSED] - Keys '123456' sent to object: 'Object Repository/Sayfalar/Giris_Sayfasi/Sifre'

2021-10-14 17:17:30 - [TEST_STEP][PASSED] - findWebElement(findTestObject("Sayfalar/Giris_Sayfasi/Giris_Butonu")).click(): Found 1 web elements with id: 'Object Repository/Sayfalar/Giris_Sayfasi/Giris_Butonu' located by 'By.cssSelector: #btnLogin' in '30' second(s)

2021-10-14 17:17:30 - [MESSAGE][INFO] - Finding Test Object 'Object Repository/Sayfalar/Giris_Sayfasi/Giris_Butonu'

2021-10-14 17:17:30 - [MESSAGE][INFO] - Finding web element from Test Object's properties

2021-10-14 17:17:30 - [MESSAGE][INFO] - Checking timeout

2021-10-14 17:17:30 - [MESSAGE][INFO] - Finding web element with id: 'Object Repository/Sayfalar/Giris_Sayfasi/Giris_Butonu' located by 'By.cssSelector: #btnLogin' in '30' second(s)

2021-10-14 17:17:30 - [MESSAGE][INFO] - Smart Wait Function is triggered

2021-10-14 17:17:30 - [MESSAGE][INFO] - Found 1 web elements with id: 'Object Repository/Sayfalar/Giris_Sayfasi/Giris_Butonu' located by 'By.cssSelector: #btnLogin' in '30' second(s)

2021-10-14 17:17:33 - [TEST_STEP][PASSED] - if (verifyElementPresent(findTestObject("Object Repository/Sayfalar/Giris_Sayfasi/RetveTamam_Butonu"), 5, OPTIONAL)): null

2021-10-14 17:17:33 - [MESSAGE][INFO] - Finding Test Object 'Object Repository/Sayfalar/Giris_Sayfasi/RetveTamam_Butonu'

2021-10-14 17:17:33 - [MESSAGE][INFO] - Checking object

2021-10-14 17:17:33 - [MESSAGE][INFO] - Finding web element from Test Object's properties

2021-10-14 17:17:33 - [MESSAGE][INFO] - Checking timeout

2021-10-14 17:17:33 - [MESSAGE][INFO] - Finding web element with id: 'Object Repository/Sayfalar/Giris_Sayfasi/RetveTamam_Butonu' located by 'By.xpath: //*[@class = 'btn btn-default']' in '5' second(s)

2021-10-14 17:17:33 - [MESSAGE][INFO] - Smart Wait Function is triggered

2021-10-14 17:17:33 - [MESSAGE][INFO] - Found 1 web elements with id: 'Object Repository/Sayfalar/Giris_Sayfasi/RetveTamam_Butonu' located by 'By.xpath: //*[@class = 'btn btn-default']' in '5' second(s)

2021-10-14 17:17:33 - [MESSAGE][PASSED] - Object 'Object Repository/Sayfalar/Giris_Sayfasi/RetveTamam_Butonu' is present

2021-10-14 17:17:33 - [TEST_STEP][PASSED] - click(findTestObject("Object Repository/Sayfalar/Giris_Sayfasi/RetveTamam_Butonu")): Object: 'Object Repository/Sayfalar/Giris_Sayfasi/RetveTamam_Butonu' is clicked on

2021-10-14 17:17:33 - [MESSAGE][INFO] - Finding Test Object 'Object Repository/Sayfalar/Giris_Sayfasi/RetveTamam_Butonu'

2021-10-14 17:17:33 - [MESSAGE][INFO] - Checking object

2021-10-14 17:17:33 - [MESSAGE][INFO] - Finding web element from Test Object's properties

2021-10-14 17:17:33 - [MESSAGE][INFO] - Checking timeout

2021-10-14 17:17:33 - [MESSAGE][INFO] - Finding web element with id: 'Object Repository/Sayfalar/Giris_Sayfasi/RetveTamam_Butonu' located by 'By.xpath: //*[@class = 'btn btn-default']' in '30' second(s)

2021-10-14 17:17:33 - [MESSAGE][INFO] - Smart Wait Function is triggered

2021-10-14 17:17:34 - [MESSAGE][INFO] - Found 1 web elements with id: 'Object Repository/Sayfalar/Giris_Sayfasi/RetveTamam_Butonu' located by 'By.xpath: //*[@class = 'btn btn-default']' in '30' second(s)

2021-10-14 17:17:34 - [MESSAGE][INFO] - Clicking on object: 'Object Repository/Sayfalar/Giris_Sayfasi/RetveTamam_Butonu'

2021-10-14 17:17:34 - [MESSAGE][PASSED] - Object: 'Object Repository/Sayfalar/Giris_Sayfasi/RetveTamam_Butonu' is clicked on

2021-10-14 17:17:34 - [TEST_STEP][PASSED] - click(findTestObject("Object Repository/Sayfalar/Giris_Sayfasi/RetveTamam_Butonu")): Object: 'Object Repository/Sayfalar/Giris_Sayfasi/RetveTamam_Butonu' is clicked on

2021-10-14 17:17:34 - [MESSAGE][INFO] - Finding Test Object 'Object Repository/Sayfalar/Giris_Sayfasi/RetveTamam_Butonu'

2021-10-14 17:17:34 - [MESSAGE][INFO] - Checking object

2021-10-14 17:17:34 - [MESSAGE][INFO] - Finding web element from Test Object's properties

2021-10-14 17:17:34 - [MESSAGE][INFO] - Checking timeout

2021-10-14 17:17:34 - [MESSAGE][INFO] - Finding web element with id: 'Object Repository/Sayfalar/Giris_Sayfasi/RetveTamam_Butonu' located by 'By.xpath: //*[@class = 'btn btn-default']' in '30' second(s)

2021-10-14 17:17:34 - [MESSAGE][INFO] - Smart Wait Function is triggered

2021-10-14 17:18:00 - [MESSAGE][INFO] - Found 1 web elements with id: 'Object Repository/Sayfalar/Giris_Sayfasi/RetveTamam_Butonu' located by 'By.xpath: //*[@class = 'btn btn-default']' in '30' second(s)

2021-10-14 17:18:00 - [MESSAGE][INFO] - Clicking on object: 'Object Repository/Sayfalar/Giris_Sayfasi/RetveTamam_Butonu'

2021-10-14 17:18:00 - [MESSAGE][PASSED] - Object: 'Object Repository/Sayfalar/Giris_Sayfasi/RetveTamam_Butonu' is clicked on

2021-10-14 17:18:00 - [TEST_STEP][PASSED] - if (verifyElementPresent(findTestObject("Sayfalar/Giris_Sayfasi/PopupOK"), 5, OPTIONAL)): null

2021-10-14 17:18:00 - [MESSAGE][INFO] - Finding Test Object 'Object Repository/Sayfalar/Giris_Sayfasi/PopupOK'

2021-10-14 17:18:01 - [MESSAGE][INFO] - Checking object

2021-10-14 17:18:01 - [MESSAGE][INFO] - Finding web element from Test Object's properties

2021-10-14 17:18:01 - [MESSAGE][INFO] - Checking timeout

2021-10-14 17:18:01 - [MESSAGE][INFO] - Finding web element with id: 'Object Repository/Sayfalar/Giris_Sayfasi/PopupOK' located by 'By.cssSelector: .btn.btn-success' in '5' second(s)

2021-10-14 17:18:01 - [MESSAGE][INFO] - Smart Wait Function is triggered

2021-10-14 17:18:01 - [MESSAGE][INFO] - Found 1 web elements with id: 'Object Repository/Sayfalar/Giris_Sayfasi/PopupOK' located by 'By.cssSelector: .btn.btn-success' in '5' second(s)

2021-10-14 17:18:01 - [MESSAGE][PASSED] - Object 'Object Repository/Sayfalar/Giris_Sayfasi/PopupOK' is present

2021-10-14 17:18:01 - [TEST_STEP][PASSED] - click(findTestObject("Object Repository/Sayfalar/Giris_Sayfasi/PopupCarpiGiris")): Object: 'Object Repository/Sayfalar/Giris_Sayfasi/PopupCarpiGiris' is clicked on

2021-10-14 17:18:01 - [MESSAGE][INFO] - Finding Test Object 'Object Repository/Sayfalar/Giris_Sayfasi/PopupCarpiGiris'

2021-10-14 17:18:01 - [MESSAGE][INFO] - Checking object

2021-10-14 17:18:01 - [MESSAGE][INFO] - Finding web element from Test Object's properties

2021-10-14 17:18:01 - [MESSAGE][INFO] - Checking timeout

2021-10-14 17:18:01 - [MESSAGE][INFO] - Finding web element with id: 'Object Repository/Sayfalar/Giris_Sayfasi/PopupCarpiGiris' located by 'By.cssSelector: .bootbox-close-button.close' in '30' second(s)

2021-10-14 17:18:01 - [MESSAGE][INFO] - Smart Wait Function is triggered

2021-10-14 17:18:02 - [MESSAGE][INFO] - Found 1 web elements with id: 'Object Repository/Sayfalar/Giris_Sayfasi/PopupCarpiGiris' located by 'By.cssSelector: .bootbox-close-button.close' in '30' second(s)

2021-10-14 17:18:02 - [MESSAGE][INFO] - Clicking on object: 'Object Repository/Sayfalar/Giris_Sayfasi/PopupCarpiGiris'

2021-10-14 17:18:02 - [MESSAGE][PASSED] - Object: 'Object Repository/Sayfalar/Giris_Sayfasi/PopupCarpiGiris' is clicked on

2021-10-14 17:18:02 - [TEST_STEP][PASSED] - verifyElementVisible(findTestObject("Object Repository/Kullanici_Islemleri/KullaniciIslemleri")): Object 'Object Repository/Kullanici_Islemleri/KullaniciIslemleri' is visible

2021-10-14 17:18:02 - [MESSAGE][INFO] - Finding Test Object 'Object Repository/Kullanici_Islemleri/KullaniciIslemleri'

2021-10-14 17:18:02 - [MESSAGE][INFO] - Checking object

2021-10-14 17:18:02 - [MESSAGE][INFO] - Finding web element from Test Object's properties

2021-10-14 17:18:02 - [MESSAGE][INFO] - Checking timeout

2021-10-14 17:18:02 - [MESSAGE][INFO] - Finding web element with id: 'Object Repository/Kullanici_Islemleri/KullaniciIslemleri' located by 'By.cssSelector: .dropdown>a>img' in '30' second(s)

2021-10-14 17:18:02 - [MESSAGE][INFO] - Smart Wait Function is triggered

2021-10-14 17:18:03 - [MESSAGE][INFO] - Found 1 web elements with id: 'Object Repository/Kullanici_Islemleri/KullaniciIslemleri' located by 'By.cssSelector: .dropdown>a>img' in '30' second(s)

2021-10-14 17:18:03 - [MESSAGE][PASSED] - Object 'Object Repository/Kullanici_Islemleri/KullaniciIslemleri' is visible

2021-10-14 17:18:03 - [MESSAGE][PASSED] - Call Test Case 'Test Cases/Sayfalar/Giris_Sayfasi/Login' successfully

2021-10-14 17:18:03 - [MESSAGE][INFO] - Checking called Test Case

2021-10-14 17:18:03 - [MESSAGE][INFO] - Starting to call Test Case 'Test Cases/Menu/AnaMenuSecimi'

2021-10-14 17:18:03 - [TEST_CASE][PASSED] - Test Cases/Menu/AnaMenuSecimi: Test Cases/Menu/AnaMenuSecimi

2021-10-14 17:18:03 - [TEST_STEP][PASSED] - Method.TextDegerineEsitElementeTikla(findTestObject("Menu/Ana_Menu"), Ana_Menu): Method.TextDegerineEsitElementeTikla is PASSED

2021-10-14 17:18:03 - [MESSAGE][INFO] - Finding Test Object 'Object Repository/Menu/Ana_Menu'

2021-10-14 17:18:03 - [MESSAGE][INFO] - Checking timeout

2021-10-14 17:18:03 - [MESSAGE][INFO] - Finding web element with id: 'Object Repository/Menu/Ana_Menu' located by 'By.xpath: //*[@class = 'dropdown-toggle']' in '10' second(s)

2021-10-14 17:18:03 - [MESSAGE][INFO] - Smart Wait Function is triggered

2021-10-14 17:18:03 - [MESSAGE][INFO] - Found 14 web elements with id: 'Object Repository/Menu/Ana_Menu' located by 'By.xpath: //*[@class = 'dropdown-toggle']' in '10' second(s)

2021-10-14 17:18:03 - [MESSAGE][PASSED] - Method.TextDegerineEsitElementeTikla is PASSED

2021-10-14 17:18:03 - [MESSAGE][PASSED] - Call Test Case 'Test Cases/Menu/AnaMenuSecimi' successfully

2021-10-14 17:18:03 - [MESSAGE][INFO] - Checking called Test Case

2021-10-14 17:18:03 - [MESSAGE][INFO] - Starting to call Test Case 'Test Cases/Menu/BasligaGoreAltMenuSecimi'

2021-10-14 17:18:03 - [TEST_CASE][PASSED] - Test Cases/Menu/BasligaGoreAltMenuSecimi: Test Cases/Menu/BasligaGoreAltMenuSecimi

2021-10-14 17:18:03 - [TEST_STEP][PASSED] - Method.TextDegerineEsitElementinAltindakiTextDegerineEsitOlanaTikla(findTestObject("Menu/Menu_Basligi"), findTestObject("Menu/Basliga_Gore_Alt_Menu"), Baslik, Alt_Menu): Method.TextDegerineEsitElementinAltindakiTextDegerineEsitOlanaTikla is PASSED

2021-10-14 17:18:03 - [MESSAGE][INFO] - Finding Test Object 'Object Repository/Menu/Menu_Basligi'

2021-10-14 17:18:03 - [MESSAGE][INFO] - Finding Test Object 'Object Repository/Menu/Basliga_Gore_Alt_Menu'

2021-10-14 17:18:04 - [MESSAGE][INFO] - Checking timeout

2021-10-14 17:18:04 - [MESSAGE][INFO] - Finding web element with id: 'Object Repository/Menu/Menu_Basligi' located by 'By.xpath: //li[@class='dropdown dropdown-large open']//li[@class='dropdown-header']' in '10' second(s)

2021-10-14 17:18:04 - [MESSAGE][INFO] - Smart Wait Function is triggered

2021-10-14 17:18:04 - [MESSAGE][INFO] - Found 3 web elements with id: 'Object Repository/Menu/Menu_Basligi' located by 'By.xpath: //li[@class='dropdown dropdown-large open']//li[@class='dropdown-header']' in '10' second(s)

2021-10-14 17:18:04 - [MESSAGE][INFO] - Smart Wait Function is triggered

2021-10-14 17:18:07 - [MESSAGE][PASSED] - Method.TextDegerineEsitElementinAltindakiTextDegerineEsitOlanaTikla is PASSED

2021-10-14 17:18:07 - [MESSAGE][PASSED] - Call Test Case 'Test Cases/Menu/BasligaGoreAltMenuSecimi' successfully

2021-10-14 17:18:07 - [MESSAGE][INFO] - Checking called Test Case

2021-10-14 17:18:07 - [MESSAGE][INFO] - Starting to call Test Case 'Test Cases/Filtreler/BaslangicYaz'

2021-10-14 17:18:07 - [TEST_CASE][PASSED] - Test Cases/Filtreler/BaslangicYaz: Test Cases/Filtreler/BaslangicYaz

2021-10-14 17:18:07 - [TEST_STEP][PASSED] - Method.TextDegerineEsitElementinAltindakineTikla(findTestObject("Filtreler/Basliklar"), findTestObject("Filtreler/Basliga_Gore_Baslangic_Image"), Filtre_Adi): Method.TextDegerineEsitElementinAltindakineTikla is PASSED

2021-10-14 17:18:07 - [MESSAGE][INFO] - Finding Test Object 'Object Repository/Filtreler/Basliklar'

2021-10-14 17:18:07 - [MESSAGE][INFO] - Finding Test Object 'Object Repository/Filtreler/Basliga_Gore_Baslangic_Image'

2021-10-14 17:18:08 - [MESSAGE][INFO] - Checking timeout

2021-10-14 17:18:08 - [MESSAGE][INFO] - Finding web element with id: 'Object Repository/Filtreler/Basliklar' located by 'By.cssSelector: .control-label.col-sm-4.paddingMarginRLC' in '10' second(s)

2021-10-14 17:18:08 - [MESSAGE][INFO] - Smart Wait Function is triggered

2021-10-14 17:18:08 - [MESSAGE][INFO] - Found 13 web elements with id: 'Object Repository/Filtreler/Basliklar' located by 'By.cssSelector: .control-label.col-sm-4.paddingMarginRLC' in '10' second(s)

2021-10-14 17:18:08 - [MESSAGE][INFO] - Smart Wait Function is triggered

2021-10-14 17:18:08 - [MESSAGE][PASSED] - Method.TextDegerineEsitElementinAltindakineTikla is PASSED

2021-10-14 17:18:08 - [TEST_STEP][PASSED] - Method.TextDegerineEsitElementinAltindakiTextboxtaYaz(findTestObject("Filtreler/Basliklar"), findTestObject("Filtreler/Basliga_Gore_Baslangic"), Filtre_Adi, Filtre_Degeri): Method.TextDegerineEsitElementinAltindakiTextboxtaYaz is PASSED

2021-10-14 17:18:08 - [MESSAGE][INFO] - Finding Test Object 'Object Repository/Filtreler/Basliklar'

2021-10-14 17:18:09 - [MESSAGE][INFO] - Finding Test Object 'Object Repository/Filtreler/Basliga_Gore_Baslangic'

2021-10-14 17:18:09 - [MESSAGE][INFO] - Checking timeout

2021-10-14 17:18:09 - [MESSAGE][INFO] - Finding web element with id: 'Object Repository/Filtreler/Basliklar' located by 'By.cssSelector: .control-label.col-sm-4.paddingMarginRLC' in '10' second(s)

2021-10-14 17:18:09 - [MESSAGE][INFO] - Smart Wait Function is triggered

2021-10-14 17:18:09 - [MESSAGE][INFO] - Found 13 web elements with id: 'Object Repository/Filtreler/Basliklar' located by 'By.cssSelector: .control-label.col-sm-4.paddingMarginRLC' in '10' second(s)

2021-10-14 17:18:09 - [MESSAGE][INFO] - Smart Wait Function is triggered

2021-10-14 17:18:10 - [MESSAGE][PASSED] - Method.TextDegerineEsitElementinAltindakiTextboxtaYaz is PASSED

2021-10-14 17:18:10 - [MESSAGE][PASSED] - Call Test Case 'Test Cases/Filtreler/BaslangicYaz' successfully

2021-10-14 17:18:10 - [MESSAGE][INFO] - Checking called Test Case

2021-10-14 17:18:10 - [MESSAGE][INFO] - Starting to call Test Case 'Test Cases/Filtreler/BitisYaz'

2021-10-14 17:18:10 - [TEST_CASE][PASSED] - Test Cases/Filtreler/BitisYaz: Test Cases/Filtreler/BitisYaz

2021-10-14 17:18:10 - [TEST_STEP][PASSED] - Method.TextDegerineEsitElementinAltindakineTikla(findTestObject("Filtreler/Basliklar"), findTestObject("Filtreler/Basliga_Gore_Bitis_Image"), Filtre_Adi): Method.TextDegerineEsitElementinAltindakineTikla is PASSED

2021-10-14 17:18:10 - [MESSAGE][INFO] - Finding Test Object 'Object Repository/Filtreler/Basliklar'

2021-10-14 17:18:10 - [MESSAGE][INFO] - Finding Test Object 'Object Repository/Filtreler/Basliga_Gore_Bitis_Image'

2021-10-14 17:18:10 - [MESSAGE][INFO] - Checking timeout

2021-10-14 17:18:10 - [MESSAGE][INFO] - Finding web element with id: 'Object Repository/Filtreler/Basliklar' located by 'By.cssSelector: .control-label.col-sm-4.paddingMarginRLC' in '10' second(s)

2021-10-14 17:18:10 - [MESSAGE][INFO] - Smart Wait Function is triggered

2021-10-14 17:18:10 - [MESSAGE][INFO] - Found 13 web elements with id: 'Object Repository/Filtreler/Basliklar' located by 'By.cssSelector: .control-label.col-sm-4.paddingMarginRLC' in '10' second(s)

2021-10-14 17:18:10 - [MESSAGE][INFO] - Smart Wait Function is triggered

2021-10-14 17:18:11 - [MESSAGE][PASSED] - Method.TextDegerineEsitElementinAltindakineTikla is PASSED

2021-10-14 17:18:11 - [TEST_STEP][PASSED] - Method.TextDegerineEsitElementinAltindakiTextboxtaYaz(findTestObject("Filtreler/Basliklar"), findTestObject("Object Repository/Filtreler/Basliga_Gore_Bitis"), Filtre_Adi, Filtre_Degeri): Method.TextDegerineEsitElementinAltindakiTextboxtaYaz is PASSED

2021-10-14 17:18:11 - [MESSAGE][INFO] - Finding Test Object 'Object Repository/Filtreler/Basliklar'

2021-10-14 17:18:11 - [MESSAGE][INFO] - Finding Test Object 'Object Repository/Filtreler/Basliga_Gore_Bitis'

2021-10-14 17:18:11 - [MESSAGE][INFO] - Checking timeout

2021-10-14 17:18:11 - [MESSAGE][INFO] - Finding web element with id: 'Object Repository/Filtreler/Basliklar' located by 'By.cssSelector: .control-label.col-sm-4.paddingMarginRLC' in '10' second(s)

2021-10-14 17:18:11 - [MESSAGE][INFO] - Smart Wait Function is triggered

2021-10-14 17:18:11 - [MESSAGE][INFO] - Found 13 web elements with id: 'Object Repository/Filtreler/Basliklar' located by 'By.cssSelector: .control-label.col-sm-4.paddingMarginRLC' in '10' second(s)

2021-10-14 17:18:11 - [MESSAGE][INFO] - Smart Wait Function is triggered

2021-10-14 17:18:12 - [MESSAGE][PASSED] - Method.TextDegerineEsitElementinAltindakiTextboxtaYaz is PASSED

2021-10-14 17:18:12 - [MESSAGE][PASSED] - Call Test Case 'Test Cases/Filtreler/BitisYaz' successfully

2021-10-14 17:18:12 - [MESSAGE][INFO] - Checking called Test Case

2021-10-14 17:18:12 - [MESSAGE][INFO] - Starting to call Test Case 'Test Cases/Filtreler/ButonaTikla'

2021-10-14 17:18:12 - [TEST_CASE][PASSED] - Test Cases/Filtreler/ButonaTikla: Test Cases/Filtreler/ButonaTikla

2021-10-14 17:18:12 - [TEST_STEP][PASSED] - Method.TextDegerineEsitElementeTikla(findTestObject("Filtreler/Butonlar"), Filtre_Buton): Method.TextDegerineEsitElementeTikla is PASSED

2021-10-14 17:18:12 - [MESSAGE][INFO] - Finding Test Object 'Object Repository/Filtreler/Butonlar'

2021-10-14 17:18:12 - [MESSAGE][INFO] - Checking timeout

2021-10-14 17:18:12 - [MESSAGE][INFO] - Finding web element with id: 'Object Repository/Filtreler/Butonlar' located by 'By.cssSelector: .dxb>span' in '10' second(s)

2021-10-14 17:18:12 - [MESSAGE][INFO] - Smart Wait Function is triggered

2021-10-14 17:18:12 - [MESSAGE][INFO] - Found 3 web elements with id: 'Object Repository/Filtreler/Butonlar' located by 'By.cssSelector: .dxb>span' in '10' second(s)

2021-10-14 17:18:12 - [MESSAGE][PASSED] - Method.TextDegerineEsitElementeTikla is PASSED

2021-10-14 17:18:12 - [MESSAGE][PASSED] - Call Test Case 'Test Cases/Filtreler/ButonaTikla' successfully

2021-10-14 17:18:12 - [MESSAGE][INFO] - Checking called Test Case

2021-10-14 17:18:12 - [MESSAGE][INFO] - Starting to call Test Case 'Test Cases/Tablo/TablodaVeriVarMi'

2021-10-14 17:18:12 - [TEST_CASE][PASSED] - Test Cases/Tablo/TablodaVeriVarMi: Test Cases/Tablo/TablodaVeriVarMi

2021-10-14 17:18:12 - [TEST_STEP][PASSED] - verifyTextNotPresent("Görüntülenecek veri yok", true): Text 'Görüntülenecek veri yok' is not present on page using regular expression

2021-10-14 17:18:12 - [MESSAGE][INFO] - Checking text present  using regular expression

2021-10-14 17:18:12 - [MESSAGE][INFO] - Smart Wait Function is triggered

2021-10-14 17:18:13 - [MESSAGE][INFO] - Finding text 'Görüntülenecek veri yok' on page  using regular expression

2021-10-14 17:18:13 - [MESSAGE][PASSED] - Text 'Görüntülenecek veri yok' is not present on page using regular expression

2021-10-14 17:18:13 - [MESSAGE][PASSED] - Call Test Case 'Test Cases/Tablo/TablodaVeriVarMi' successfully

2021-10-14 17:18:13 - [MESSAGE][INFO] - Checking called Test Case

2021-10-14 17:18:13 - [MESSAGE][INFO] - Starting to call Test Case 'Test Cases/Tablo/TablonunButonunaTikla'

2021-10-14 17:18:13 - [TEST_CASE][PASSED] - Test Cases/Tablo/TablonunButonunaTikla: Test Cases/Tablo/TablonunButonunaTikla

2021-10-14 17:18:13 - [TEST_STEP][PASSED] - Method.TextDegerineEsitElementinAltindakiTextDegerineEsitOlanaTikla(findTestObject("Tablo/Veriler"), findTestObject("Tablo/VerininButonu"), Veri, Buton_Adi): Method.TextDegerineEsitElementinAltindakiTextDegerineEsitOlanaTikla is PASSED

2021-10-14 17:18:13 - [MESSAGE][INFO] - Finding Test Object 'Object Repository/Tablo/Veriler'

2021-10-14 17:18:13 - [MESSAGE][INFO] - Finding Test Object 'Object Repository/Tablo/VerininButonu'

2021-10-14 17:18:13 - [MESSAGE][INFO] - Checking timeout

2021-10-14 17:18:13 - [MESSAGE][INFO] - Finding web element with id: 'Object Repository/Tablo/Veriler' located by 'By.cssSelector: td.dxgv b ,td.dxgv' in '10' second(s)

2021-10-14 17:18:13 - [MESSAGE][INFO] - Smart Wait Function is triggered

2021-10-14 17:18:13 - [MESSAGE][INFO] - Found 26 web elements with id: 'Object Repository/Tablo/Veriler' located by 'By.cssSelector: td.dxgv b ,td.dxgv' in '10' second(s)

2021-10-14 17:18:13 - [MESSAGE][INFO] - Smart Wait Function is triggered

2021-10-14 17:18:14 - [MESSAGE][PASSED] - Method.TextDegerineEsitElementinAltindakiTextDegerineEsitOlanaTikla is PASSED

2021-10-14 17:18:14 - [MESSAGE][PASSED] - Call Test Case 'Test Cases/Tablo/TablonunButonunaTikla' successfully

2021-10-14 17:18:14 - [MESSAGE][INFO] - Checking called Test Case

2021-10-14 17:18:14 - [MESSAGE][INFO] - Starting to call Test Case 'Test Cases/Sekmeler/YeniSekmeyeGec'

2021-10-14 17:18:14 - [TEST_CASE][PASSED] - Test Cases/Sekmeler/YeniSekmeyeGec: Test Cases/Sekmeler/YeniSekmeyeGec

2021-10-14 17:18:14 - [TEST_STEP][PASSED] - switchToWindowIndex(1): Switched to window with index: '1'

2021-10-14 17:18:14 - [MESSAGE][INFO] - Checking index

2021-10-14 17:18:14 - [MESSAGE][INFO] - Switching window with index: '1'

2021-10-14 17:18:14 - [MESSAGE][PASSED] - Switched to window with index: '1'

2021-10-14 17:18:14 - [MESSAGE][PASSED] - Call Test Case 'Test Cases/Sekmeler/YeniSekmeyeGec' successfully

2021-10-14 17:18:14 - [MESSAGE][INFO] - Checking called Test Case

2021-10-14 17:18:14 - [MESSAGE][INFO] - Starting to call Test Case 'Test Cases/Sekmeler/YeniSekmeBasligindaVarMi'

2021-10-14 17:18:14 - [TEST_CASE][PASSED] - Test Cases/Sekmeler/YeniSekmeBasligindaVarMi: Test Cases/Sekmeler/YeniSekmeBasligindaVarMi

2021-10-14 17:18:14 - [TEST_STEP][PASSED] - verifyElementText(findTestObject("Object Repository/Sekmeler/Olusturma_Goster_Baslik"), Title): Actual text and expected text of test object 'Object Repository/Sekmeler/Olusturma_Goster_Baslik' are matched.

2021-10-14 17:18:14 - [MESSAGE][INFO] - Finding Test Object 'Object Repository/Sekmeler/Olusturma_Goster_Baslik'

2021-10-14 17:18:14 - [MESSAGE][INFO] - Checking object

2021-10-14 17:18:14 - [MESSAGE][INFO] - Finding web element from Test Object's properties

2021-10-14 17:18:14 - [MESSAGE][INFO] - Checking timeout

2021-10-14 17:18:14 - [MESSAGE][INFO] - Finding web element with id: 'Object Repository/Sekmeler/Olusturma_Goster_Baslik' located by 'By.cssSelector: h1>span,td>font,font' in '30' second(s)

2021-10-14 17:18:14 - [MESSAGE][INFO] - Smart Wait Function is triggered

2021-10-14 17:18:14 - [MESSAGE][INFO] - Found 1 web elements with id: 'Object Repository/Sekmeler/Olusturma_Goster_Baslik' located by 'By.cssSelector: h1>span,td>font,font' in '30' second(s)

2021-10-14 17:18:14 - [MESSAGE][PASSED] - Actual text and expected text of test object 'Object Repository/Sekmeler/Olusturma_Goster_Baslik' are matched.

2021-10-14 17:18:14 - [MESSAGE][PASSED] - Call Test Case 'Test Cases/Sekmeler/YeniSekmeBasligindaVarMi' successfully

2021-10-14 17:18:14 - [MESSAGE][INFO] - Checking called Test Case

2021-10-14 17:18:14 - [MESSAGE][INFO] - Starting to call Test Case 'Test Cases/Sekmeler/Ana_Sekmeye_Gec'

2021-10-14 17:18:15 - [TEST_CASE][PASSED] - Test Cases/Sekmeler/Ana_Sekmeye_Gec: Test Cases/Sekmeler/Ana_Sekmeye_Gec

2021-10-14 17:18:15 - [TEST_STEP][PASSED] - try: Window with index 1 is closed

2021-10-14 17:18:15 - [TEST_STEP][PASSED] - index = getWindowIndex(): Current window's index is: 1

2021-10-14 17:18:15 - [MESSAGE][INFO] - Getting current window's index

2021-10-14 17:18:15 - [MESSAGE][PASSED] - Current window's index is: 1

2021-10-14 17:18:15 - [TEST_STEP][PASSED] - closeWindowIndex(index): Window with index 1 is closed

2021-10-14 17:18:15 - [MESSAGE][INFO] - Checking index

2021-10-14 17:18:15 - [MESSAGE][INFO] - Closing window with index 1

2021-10-14 17:18:15 - [MESSAGE][PASSED] - Window with index 1 is closed

2021-10-14 17:18:15 - [TEST_STEP][PASSED] - switchToWindowIndex(0): Switched to window with index: '0'

2021-10-14 17:18:15 - [MESSAGE][INFO] - Checking index

2021-10-14 17:18:15 - [MESSAGE][INFO] - Switching window with index: '0'

2021-10-14 17:18:15 - [MESSAGE][PASSED] - Switched to window with index: '0'

2021-10-14 17:18:15 - [MESSAGE][PASSED] - Call Test Case 'Test Cases/Sekmeler/Ana_Sekmeye_Gec' successfully

2021-10-14 17:18:15 - [MESSAGE][INFO] - Checking called Test Case

2021-10-14 17:18:15 - [MESSAGE][INFO] - Starting to call Test Case 'Test Cases/Kullanici_Islemleri/KullaniciIslemlerindenSecimYapilir'

2021-10-14 17:18:15 - [TEST_CASE][PASSED] - Test Cases/Kullanici_Islemleri/KullaniciIslemlerindenSecimYapilir: Test Cases/Kullanici_Islemleri/KullaniciIslemlerindenSecimYapilir

2021-10-14 17:18:15 - [TEST_STEP][PASSED] - waitForElementClickable(findTestObject("Object Repository/Kullanici_Islemleri/KullaniciIslemleri"), 10): Object 'Object Repository/Kullanici_Islemleri/KullaniciIslemleri' is clickable

2021-10-14 17:18:15 - [MESSAGE][INFO] - Finding Test Object 'Object Repository/Kullanici_Islemleri/KullaniciIslemleri'

2021-10-14 17:18:15 - [MESSAGE][INFO] - Checking object

2021-10-14 17:18:15 - [MESSAGE][INFO] - Checking timeout

2021-10-14 17:18:15 - [MESSAGE][INFO] - Finding web element from Test Object's properties

2021-10-14 17:18:15 - [MESSAGE][INFO] - Checking timeout

2021-10-14 17:18:15 - [MESSAGE][INFO] - Finding web element with id: 'Object Repository/Kullanici_Islemleri/KullaniciIslemleri' located by 'By.cssSelector: .dropdown>a>img' in '10' second(s)

2021-10-14 17:18:15 - [MESSAGE][INFO] - Smart Wait Function is triggered

2021-10-14 17:18:15 - [MESSAGE][INFO] - Found 1 web elements with id: 'Object Repository/Kullanici_Islemleri/KullaniciIslemleri' located by 'By.cssSelector: .dropdown>a>img' in '10' second(s)

2021-10-14 17:18:15 - [MESSAGE][PASSED] - Object 'Object Repository/Kullanici_Islemleri/KullaniciIslemleri' is clickable

2021-10-14 17:18:15 - [TEST_STEP][PASSED] - click(findTestObject("Object Repository/Kullanici_Islemleri/KullaniciIslemleri")): Object: 'Object Repository/Kullanici_Islemleri/KullaniciIslemleri' is clicked on

2021-10-14 17:18:15 - [MESSAGE][INFO] - Finding Test Object 'Object Repository/Kullanici_Islemleri/KullaniciIslemleri'

2021-10-14 17:18:15 - [MESSAGE][INFO] - Checking object

2021-10-14 17:18:15 - [MESSAGE][INFO] - Finding web element from Test Object's properties

2021-10-14 17:18:15 - [MESSAGE][INFO] - Checking timeout

2021-10-14 17:18:15 - [MESSAGE][INFO] - Finding web element with id: 'Object Repository/Kullanici_Islemleri/KullaniciIslemleri' located by 'By.cssSelector: .dropdown>a>img' in '30' second(s)

2021-10-14 17:18:15 - [MESSAGE][INFO] - Smart Wait Function is triggered

2021-10-14 17:18:16 - [MESSAGE][INFO] - Found 1 web elements with id: 'Object Repository/Kullanici_Islemleri/KullaniciIslemleri' located by 'By.cssSelector: .dropdown>a>img' in '30' second(s)

2021-10-14 17:18:16 - [MESSAGE][INFO] - Clicking on object: 'Object Repository/Kullanici_Islemleri/KullaniciIslemleri'

2021-10-14 17:18:16 - [MESSAGE][PASSED] - Object: 'Object Repository/Kullanici_Islemleri/KullaniciIslemleri' is clicked on

2021-10-14 17:18:16 - [TEST_STEP][PASSED] - Method.TextDegerineEsitElementeTikla(findTestObject("Object Repository/Kullanici_Islemleri/Secenekler"), Islem): Method.TextDegerineEsitElementeTikla is PASSED

2021-10-14 17:18:16 - [MESSAGE][INFO] - Finding Test Object 'Object Repository/Kullanici_Islemleri/Secenekler'

2021-10-14 17:18:16 - [MESSAGE][INFO] - Checking timeout

2021-10-14 17:18:16 - [MESSAGE][INFO] - Finding web element with id: 'Object Repository/Kullanici_Islemleri/Secenekler' located by 'By.cssSelector: .nav.navbar-nav.navbar-right li a' in '10' second(s)

2021-10-14 17:18:16 - [MESSAGE][INFO] - Smart Wait Function is triggered

2021-10-14 17:18:16 - [MESSAGE][INFO] - Found 22 web elements with id: 'Object Repository/Kullanici_Islemleri/Secenekler' located by 'By.cssSelector: .nav.navbar-nav.navbar-right li a' in '10' second(s)

2021-10-14 17:18:18 - [MESSAGE][PASSED] - Method.TextDegerineEsitElementeTikla is PASSED

2021-10-14 17:18:18 - [TEST_STEP][PASSED] - verifyElementNotPresent(findTestObject("Object Repository/Kullanici_Islemleri/Secenekler"), 10): Web element with id: 'Object Repository/Kullanici_Islemleri/Secenekler' located by 'By.cssSelector: .nav.navbar-nav.navbar-right li a' is not present after '10' second(s)

2021-10-14 17:18:18 - [MESSAGE][INFO] - Finding Test Object 'Object Repository/Kullanici_Islemleri/Secenekler'

2021-10-14 17:18:18 - [MESSAGE][INFO] - Checking object

2021-10-14 17:18:18 - [MESSAGE][INFO] - Checking timeout

2021-10-14 17:18:18 - [MESSAGE][INFO] - Finding web element with id: 'Object Repository/Kullanici_Islemleri/Secenekler' located by 'By.cssSelector: .nav.navbar-nav.navbar-right li a' in '10' second(s)

2021-10-14 17:18:18 - [MESSAGE][INFO] - Smart Wait Function is triggered

2021-10-14 17:18:19 - [MESSAGE][PASSED] - Web element with id: 'Object Repository/Kullanici_Islemleri/Secenekler' located by 'By.cssSelector: .nav.navbar-nav.navbar-right li a' is not present after '10' second(s)

2021-10-14 17:18:19 - [MESSAGE][PASSED] - Call Test Case 'Test Cases/Kullanici_Islemleri/KullaniciIslemlerindenSecimYapilir' successfully

2021-10-14 17:18:19 - [TEST_CASE][PASSED] - Start Test Case : SCENARIO Uygulama Yanitinin Gorseli: SCENARIO Uygulama Yanitinin Gorseli

2021-10-14 17:18:19 - [TEST_STEP][PASSED] - Kullanıcı adı ELOGO6 ve Şifre 123456 olarak giriş yapılır: Kullanıcı adı ELOGO6 ve Şifre 123456 olarak giriş yapılır

2021-10-14 17:18:19 - [MESSAGE][PASSED] - Kullanıcı adı ELOGO6 ve Şifre 123456 olarak giriş yapılır

2021-10-14 17:18:19 - [TEST_STEP][PASSED] - Ana menüden e-Fatura seçilir: Ana menüden e-Fatura seçilir

2021-10-14 17:18:19 - [MESSAGE][PASSED] - Ana menüden e-Fatura seçilir

2021-10-14 17:18:19 - [TEST_STEP][PASSED] - Alt menü Gelen Kutusu başlığı altındaki Uygulama Yanıtları seçilir: Alt menü Gelen Kutusu başlığı altındaki Uygulama Yanıtları seçilir

2021-10-14 17:18:19 - [MESSAGE][PASSED] - Alt menü Gelen Kutusu başlığı altındaki Uygulama Yanıtları seçilir

2021-10-14 17:18:19 - [TEST_STEP][PASSED] - Filtrelerden Oluşturma Tarihi filtresine 01.12.2020 baslangic degerini yaz: Filtrelerden Oluşturma Tarihi filtresine 01.12.2020 baslangic degerini yaz

2021-10-14 17:18:19 - [MESSAGE][PASSED] - Filtrelerden Oluşturma Tarihi filtresine 01.12.2020 baslangic degerini yaz

2021-10-14 17:18:19 - [TEST_STEP][PASSED] - Filtrelerden Oluşturma Tarihi filtresine 31.12.2020 bitis degerini yaz: Filtrelerden Oluşturma Tarihi filtresine 31.12.2020 bitis degerini yaz

2021-10-14 17:18:19 - [MESSAGE][PASSED] - Filtrelerden Oluşturma Tarihi filtresine 31.12.2020 bitis degerini yaz

2021-10-14 17:18:19 - [TEST_STEP][PASSED] - Filtre butonlarından Listele seçilir: Filtre butonlarından Listele seçilir

2021-10-14 17:18:19 - [MESSAGE][PASSED] - Filtre butonlarından Listele seçilir

2021-10-14 17:18:19 - [TEST_STEP][PASSED] - Tabloda veri var mı kontrol edilir: Tabloda veri var mı kontrol edilir

2021-10-14 17:18:19 - [MESSAGE][PASSED] - Tabloda veri var mı kontrol edilir

2021-10-14 17:18:19 - [TEST_STEP][PASSED] - Tablodaki 1234567806 isimli verinin Yanıt adlı butonuna tıklanır: Tablodaki 1234567806 isimli verinin Yanıt adlı butonuna tıklanır

2021-10-14 17:18:19 - [MESSAGE][PASSED] - Tablodaki 1234567806 isimli verinin Yanıt adlı butonuna tıklanır

2021-10-14 17:18:19 - [TEST_STEP][PASSED] - Yeni açılan sekmeye geçilir: Yeni açılan sekmeye geçilir

2021-10-14 17:18:19 - [MESSAGE][PASSED] - Yeni açılan sekmeye geçilir

2021-10-14 17:18:19 - [TEST_STEP][PASSED] - Yeni sekme başlığında UYGULAMA YANITI var mı kontrol edilir: Yeni sekme başlığında UYGULAMA YANITI var mı kontrol edilir

2021-10-14 17:18:19 - [MESSAGE][PASSED] - Yeni sekme başlığında UYGULAMA YANITI var mı kontrol edilir

2021-10-14 17:18:19 - [TEST_STEP][PASSED] - Ana sekmeye geçilir: Ana sekmeye geçilir

2021-10-14 17:18:19 - [MESSAGE][PASSED] - Ana sekmeye geçilir

2021-10-14 17:18:19 - [TEST_STEP][PASSED] - Kullanıcı işlemlerinden Çıkış seçilir: Kullanıcı işlemlerinden Çıkış seçilir

2021-10-14 17:18:19 - [MESSAGE][PASSED] - Kullanıcı işlemlerinden Çıkış seçilir

2021-10-14 17:18:19 - [MESSAGE][PASSED] - Feature file: 'Include/features/e-Fatura/Gelen Kutusu/Uygulama Yanitlari/Gorseli Ac.feature' was passed

2021-10-14 17:18:19 - [TEST_STEP][PASSED] - Start listener action : sampleAfterTestSuite: Invoke 'com.kms.katalon.core.annotation.AfterTestCase' method: 'Listener.sampleAfterTestSuite(...)' completed.

2021-10-14 17:18:19 - [MESSAGE][INFO] - Starting invoke 'com.kms.katalon.core.annotation.AfterTestCase' method: 'Listener.sampleAfterTestSuite(...)'

2021-10-14 17:18:19 - [TEST_STEP][PASSED] - closeBrowser(): Invoke 'com.kms.katalon.core.annotation.AfterTestCase' method: 'Listener.sampleAfterTestSuite(...)' completed.

2021-10-14 17:18:19 - [MESSAGE][INFO] - Closing browser

2021-10-14 17:18:19 - [MESSAGE][PASSED] - Browser is closed

2021-10-14 17:18:19 - [MESSAGE][INFO] - Invoke 'com.kms.katalon.core.annotation.AfterTestCase' method: 'Listener.sampleAfterTestSuite(...)' completed.]]></system-out>
         <system-err><![CDATA[]]></system-err>
      </testcase>
      <testcase name="Test Cases/Case Repository/e-Fatura/Gelen Kutusu/Uygulama Yanitlari/Izleme Kayitlari" time="39.564" classname="Test Cases/Case Repository/e-Fatura/Gelen Kutusu/Uygulama Yanitlari/Izleme Kayitlari" status="PASSED">
         <system-out><![CDATA[2021-10-14 17:18:19 - [TEST_CASE][PASSED] - Test Cases/Case Repository/e-Fatura/Gelen Kutusu/Uygulama Yanitlari/Izleme Kayitlari: Test Cases/Case Repository/e-Fatura/Gelen Kutusu/Uygulama Yanitlari/Izleme Kayitlari

2021-10-14 17:18:19 - [TEST_STEP][PASSED] - Start listener action : sampleBeforeTestSuite: Invoke 'com.kms.katalon.core.annotation.BeforeTestCase' method: 'Listener.sampleBeforeTestSuite(...)' completed.

2021-10-14 17:18:19 - [MESSAGE][INFO] - Starting invoke 'com.kms.katalon.core.annotation.BeforeTestCase' method: 'Listener.sampleBeforeTestSuite(...)'

2021-10-14 17:18:19 - [TEST_STEP][PASSED] - openBrowser(baseUrl): Browser is opened with url: 'https://efatura-stage.elogo.com.tr/'

2021-10-14 17:18:19 - [MESSAGE][INFO] - Opening browser

2021-10-14 17:18:19 - [MESSAGE][INFO] - Starting 'Chrome' driver

2021-10-14 17:18:19 - [MESSAGE][INFO] - User set preference: ['prefs', '{download.default_directory=C:\otomasyondownfiles}']

2021-10-14 17:18:19 - [MESSAGE][INFO] - Action delay is set to 0 milliseconds

2021-10-14 17:18:21 - [MESSAGE][INFO] - Navigating browser to: 'https://efatura-stage.elogo.com.tr/'

2021-10-14 17:18:23 - [MESSAGE][PASSED] - Browser is opened with url: 'https://efatura-stage.elogo.com.tr/'

2021-10-14 17:18:23 - [TEST_STEP][PASSED] - maximizeWindow(): Invoke 'com.kms.katalon.core.annotation.BeforeTestCase' method: 'Listener.sampleBeforeTestSuite(...)' completed.

2021-10-14 17:18:23 - [MESSAGE][INFO] - Maximizing current window

2021-10-14 17:18:23 - [MESSAGE][PASSED] - Current window maximized

2021-10-14 17:18:23 - [MESSAGE][INFO] - Invoke 'com.kms.katalon.core.annotation.BeforeTestCase' method: 'Listener.sampleBeforeTestSuite(...)' completed.

2021-10-14 17:18:24 - [TEST_STEP][PASSED] - runFeatureFile("Include/features/e-Fatura/Gelen Kutusu/Uygulama Yanitlari/Izleme Kayitlari.feature"): Feature file: 'Include/features/e-Fatura/Gelen Kutusu/Uygulama Yanitlari/Izleme Kayitlari.feature' was passed

2021-10-14 17:18:24 - [MESSAGE][INFO] - Starting run keyword runFeatureFile: 'Include/features/e-Fatura/Gelen Kutusu/Uygulama Yanitlari/Izleme Kayitlari.feature' and extract report to folder: 'C:\Users\DELL\Downloads\EES_Katalon-main\Reports\20211014_170112\Suite Repository\e-Fatura\20211014_170113/cucumber_report/1634221104270'...

2021-10-14 17:18:24 - [MESSAGE][INFO] - Glue: []

2021-10-14 17:18:25 - [MESSAGE][INFO] - Checking called Test Case

2021-10-14 17:18:25 - [MESSAGE][INFO] - Starting to call Test Case 'Test Cases/Sayfalar/Giris_Sayfasi/Login'

2021-10-14 17:18:25 - [TEST_CASE][PASSED] - Test Cases/Sayfalar/Giris_Sayfasi/Login: Test Cases/Sayfalar/Giris_Sayfasi/Login

2021-10-14 17:18:25 - [TEST_STEP][PASSED] - Sayfa_Basligi = getWindowTitle(): Current window's title is: 'LOGO e-Fatura'

2021-10-14 17:18:25 - [MESSAGE][INFO] - Getting current window's title

2021-10-14 17:18:25 - [MESSAGE][PASSED] - Current window's title is: 'LOGO e-Fatura'

2021-10-14 17:18:25 - [TEST_STEP][PASSED] - verifyMatch(Sayfa_Basligi, "LOGO e-Fatura", false): Actual text 'LOGO e-Fatura' and expected text 'LOGO e-Fatura' are matched 

2021-10-14 17:18:25 - [MESSAGE][INFO] - Matching actual text 'LOGO e-Fatura' with expected text 'LOGO e-Fatura'

2021-10-14 17:18:25 - [MESSAGE][PASSED] - Actual text 'LOGO e-Fatura' and expected text 'LOGO e-Fatura' are matched 

2021-10-14 17:18:25 - [TEST_STEP][PASSED] - sendKeys(findTestObject("Sayfalar/Giris_Sayfasi/Firma_Kodu"), KullaniciAdi): Keys 'ELOGO6' sent to object: 'Object Repository/Sayfalar/Giris_Sayfasi/Firma_Kodu'

2021-10-14 17:18:25 - [MESSAGE][INFO] - Finding Test Object 'Object Repository/Sayfalar/Giris_Sayfasi/Firma_Kodu'

2021-10-14 17:18:25 - [MESSAGE][INFO] - Sending keys 'ELOGO6' to object: 'Object Repository/Sayfalar/Giris_Sayfasi/Firma_Kodu'

2021-10-14 17:18:25 - [MESSAGE][INFO] - Finding web element from Test Object's properties

2021-10-14 17:18:25 - [MESSAGE][INFO] - Checking timeout

2021-10-14 17:18:25 - [MESSAGE][INFO] - Finding web element with id: 'Object Repository/Sayfalar/Giris_Sayfasi/Firma_Kodu' located by 'By.xpath: //*[@id = 'AccountName']' in '30' second(s)

2021-10-14 17:18:25 - [MESSAGE][INFO] - Smart Wait Function is triggered

2021-10-14 17:18:25 - [MESSAGE][INFO] - Found 1 web elements with id: 'Object Repository/Sayfalar/Giris_Sayfasi/Firma_Kodu' located by 'By.xpath: //*[@id = 'AccountName']' in '30' second(s)

2021-10-14 17:18:25 - [MESSAGE][PASSED] - Keys 'ELOGO6' sent to object: 'Object Repository/Sayfalar/Giris_Sayfasi/Firma_Kodu'

2021-10-14 17:18:25 - [TEST_STEP][PASSED] - sendKeys(findTestObject("Sayfalar/Giris_Sayfasi/Sifre"), Sifre): Keys '123456' sent to object: 'Object Repository/Sayfalar/Giris_Sayfasi/Sifre'

2021-10-14 17:18:25 - [MESSAGE][INFO] - Finding Test Object 'Object Repository/Sayfalar/Giris_Sayfasi/Sifre'

2021-10-14 17:18:26 - [MESSAGE][INFO] - Sending keys '123456' to object: 'Object Repository/Sayfalar/Giris_Sayfasi/Sifre'

2021-10-14 17:18:26 - [MESSAGE][INFO] - Finding web element from Test Object's properties

2021-10-14 17:18:26 - [MESSAGE][INFO] - Checking timeout

2021-10-14 17:18:26 - [MESSAGE][INFO] - Finding web element with id: 'Object Repository/Sayfalar/Giris_Sayfasi/Sifre' located by 'By.xpath: //*[@id = 'Password']' in '30' second(s)

2021-10-14 17:18:26 - [MESSAGE][INFO] - Smart Wait Function is triggered

2021-10-14 17:18:26 - [MESSAGE][INFO] - Found 1 web elements with id: 'Object Repository/Sayfalar/Giris_Sayfasi/Sifre' located by 'By.xpath: //*[@id = 'Password']' in '30' second(s)

2021-10-14 17:18:26 - [MESSAGE][PASSED] - Keys '123456' sent to object: 'Object Repository/Sayfalar/Giris_Sayfasi/Sifre'

2021-10-14 17:18:26 - [TEST_STEP][PASSED] - findWebElement(findTestObject("Sayfalar/Giris_Sayfasi/Giris_Butonu")).click(): Found 1 web elements with id: 'Object Repository/Sayfalar/Giris_Sayfasi/Giris_Butonu' located by 'By.cssSelector: #btnLogin' in '30' second(s)

2021-10-14 17:18:26 - [MESSAGE][INFO] - Finding Test Object 'Object Repository/Sayfalar/Giris_Sayfasi/Giris_Butonu'

2021-10-14 17:18:26 - [MESSAGE][INFO] - Finding web element from Test Object's properties

2021-10-14 17:18:26 - [MESSAGE][INFO] - Checking timeout

2021-10-14 17:18:26 - [MESSAGE][INFO] - Finding web element with id: 'Object Repository/Sayfalar/Giris_Sayfasi/Giris_Butonu' located by 'By.cssSelector: #btnLogin' in '30' second(s)

2021-10-14 17:18:26 - [MESSAGE][INFO] - Smart Wait Function is triggered

2021-10-14 17:18:26 - [MESSAGE][INFO] - Found 1 web elements with id: 'Object Repository/Sayfalar/Giris_Sayfasi/Giris_Butonu' located by 'By.cssSelector: #btnLogin' in '30' second(s)

2021-10-14 17:18:29 - [TEST_STEP][PASSED] - if (verifyElementPresent(findTestObject("Object Repository/Sayfalar/Giris_Sayfasi/RetveTamam_Butonu"), 5, OPTIONAL)): null

2021-10-14 17:18:29 - [MESSAGE][INFO] - Finding Test Object 'Object Repository/Sayfalar/Giris_Sayfasi/RetveTamam_Butonu'

2021-10-14 17:18:29 - [MESSAGE][INFO] - Checking object

2021-10-14 17:18:29 - [MESSAGE][INFO] - Finding web element from Test Object's properties

2021-10-14 17:18:29 - [MESSAGE][INFO] - Checking timeout

2021-10-14 17:18:29 - [MESSAGE][INFO] - Finding web element with id: 'Object Repository/Sayfalar/Giris_Sayfasi/RetveTamam_Butonu' located by 'By.xpath: //*[@class = 'btn btn-default']' in '5' second(s)

2021-10-14 17:18:29 - [MESSAGE][INFO] - Smart Wait Function is triggered

2021-10-14 17:18:29 - [MESSAGE][INFO] - Found 1 web elements with id: 'Object Repository/Sayfalar/Giris_Sayfasi/RetveTamam_Butonu' located by 'By.xpath: //*[@class = 'btn btn-default']' in '5' second(s)

2021-10-14 17:18:29 - [MESSAGE][PASSED] - Object 'Object Repository/Sayfalar/Giris_Sayfasi/RetveTamam_Butonu' is present

2021-10-14 17:18:29 - [TEST_STEP][PASSED] - click(findTestObject("Object Repository/Sayfalar/Giris_Sayfasi/RetveTamam_Butonu")): Object: 'Object Repository/Sayfalar/Giris_Sayfasi/RetveTamam_Butonu' is clicked on

2021-10-14 17:18:29 - [MESSAGE][INFO] - Finding Test Object 'Object Repository/Sayfalar/Giris_Sayfasi/RetveTamam_Butonu'

2021-10-14 17:18:29 - [MESSAGE][INFO] - Checking object

2021-10-14 17:18:29 - [MESSAGE][INFO] - Finding web element from Test Object's properties

2021-10-14 17:18:29 - [MESSAGE][INFO] - Checking timeout

2021-10-14 17:18:29 - [MESSAGE][INFO] - Finding web element with id: 'Object Repository/Sayfalar/Giris_Sayfasi/RetveTamam_Butonu' located by 'By.xpath: //*[@class = 'btn btn-default']' in '30' second(s)

2021-10-14 17:18:29 - [MESSAGE][INFO] - Smart Wait Function is triggered

2021-10-14 17:18:30 - [MESSAGE][INFO] - Found 1 web elements with id: 'Object Repository/Sayfalar/Giris_Sayfasi/RetveTamam_Butonu' located by 'By.xpath: //*[@class = 'btn btn-default']' in '30' second(s)

2021-10-14 17:18:30 - [MESSAGE][INFO] - Clicking on object: 'Object Repository/Sayfalar/Giris_Sayfasi/RetveTamam_Butonu'

2021-10-14 17:18:30 - [MESSAGE][PASSED] - Object: 'Object Repository/Sayfalar/Giris_Sayfasi/RetveTamam_Butonu' is clicked on

2021-10-14 17:18:30 - [TEST_STEP][PASSED] - click(findTestObject("Object Repository/Sayfalar/Giris_Sayfasi/RetveTamam_Butonu")): Object: 'Object Repository/Sayfalar/Giris_Sayfasi/RetveTamam_Butonu' is clicked on

2021-10-14 17:18:30 - [MESSAGE][INFO] - Finding Test Object 'Object Repository/Sayfalar/Giris_Sayfasi/RetveTamam_Butonu'

2021-10-14 17:18:30 - [MESSAGE][INFO] - Checking object

2021-10-14 17:18:30 - [MESSAGE][INFO] - Finding web element from Test Object's properties

2021-10-14 17:18:30 - [MESSAGE][INFO] - Checking timeout

2021-10-14 17:18:30 - [MESSAGE][INFO] - Finding web element with id: 'Object Repository/Sayfalar/Giris_Sayfasi/RetveTamam_Butonu' located by 'By.xpath: //*[@class = 'btn btn-default']' in '30' second(s)

2021-10-14 17:18:30 - [MESSAGE][INFO] - Smart Wait Function is triggered

2021-10-14 17:18:32 - [MESSAGE][INFO] - Found 1 web elements with id: 'Object Repository/Sayfalar/Giris_Sayfasi/RetveTamam_Butonu' located by 'By.xpath: //*[@class = 'btn btn-default']' in '30' second(s)

2021-10-14 17:18:32 - [MESSAGE][INFO] - Clicking on object: 'Object Repository/Sayfalar/Giris_Sayfasi/RetveTamam_Butonu'

2021-10-14 17:18:32 - [MESSAGE][PASSED] - Object: 'Object Repository/Sayfalar/Giris_Sayfasi/RetveTamam_Butonu' is clicked on

2021-10-14 17:18:32 - [TEST_STEP][PASSED] - if (verifyElementPresent(findTestObject("Sayfalar/Giris_Sayfasi/PopupOK"), 5, OPTIONAL)): null

2021-10-14 17:18:32 - [MESSAGE][INFO] - Finding Test Object 'Object Repository/Sayfalar/Giris_Sayfasi/PopupOK'

2021-10-14 17:18:32 - [MESSAGE][INFO] - Checking object

2021-10-14 17:18:32 - [MESSAGE][INFO] - Finding web element from Test Object's properties

2021-10-14 17:18:32 - [MESSAGE][INFO] - Checking timeout

2021-10-14 17:18:32 - [MESSAGE][INFO] - Finding web element with id: 'Object Repository/Sayfalar/Giris_Sayfasi/PopupOK' located by 'By.cssSelector: .btn.btn-success' in '5' second(s)

2021-10-14 17:18:32 - [MESSAGE][INFO] - Smart Wait Function is triggered

2021-10-14 17:18:33 - [MESSAGE][INFO] - Found 1 web elements with id: 'Object Repository/Sayfalar/Giris_Sayfasi/PopupOK' located by 'By.cssSelector: .btn.btn-success' in '5' second(s)

2021-10-14 17:18:33 - [MESSAGE][PASSED] - Object 'Object Repository/Sayfalar/Giris_Sayfasi/PopupOK' is present

2021-10-14 17:18:33 - [TEST_STEP][PASSED] - click(findTestObject("Object Repository/Sayfalar/Giris_Sayfasi/PopupCarpiGiris")): Object: 'Object Repository/Sayfalar/Giris_Sayfasi/PopupCarpiGiris' is clicked on

2021-10-14 17:18:33 - [MESSAGE][INFO] - Finding Test Object 'Object Repository/Sayfalar/Giris_Sayfasi/PopupCarpiGiris'

2021-10-14 17:18:33 - [MESSAGE][INFO] - Checking object

2021-10-14 17:18:33 - [MESSAGE][INFO] - Finding web element from Test Object's properties

2021-10-14 17:18:33 - [MESSAGE][INFO] - Checking timeout

2021-10-14 17:18:33 - [MESSAGE][INFO] - Finding web element with id: 'Object Repository/Sayfalar/Giris_Sayfasi/PopupCarpiGiris' located by 'By.cssSelector: .bootbox-close-button.close' in '30' second(s)

2021-10-14 17:18:33 - [MESSAGE][INFO] - Smart Wait Function is triggered

2021-10-14 17:18:33 - [MESSAGE][INFO] - Found 1 web elements with id: 'Object Repository/Sayfalar/Giris_Sayfasi/PopupCarpiGiris' located by 'By.cssSelector: .bootbox-close-button.close' in '30' second(s)

2021-10-14 17:18:33 - [MESSAGE][INFO] - Clicking on object: 'Object Repository/Sayfalar/Giris_Sayfasi/PopupCarpiGiris'

2021-10-14 17:18:33 - [MESSAGE][PASSED] - Object: 'Object Repository/Sayfalar/Giris_Sayfasi/PopupCarpiGiris' is clicked on

2021-10-14 17:18:33 - [TEST_STEP][PASSED] - verifyElementVisible(findTestObject("Object Repository/Kullanici_Islemleri/KullaniciIslemleri")): Object 'Object Repository/Kullanici_Islemleri/KullaniciIslemleri' is visible

2021-10-14 17:18:33 - [MESSAGE][INFO] - Finding Test Object 'Object Repository/Kullanici_Islemleri/KullaniciIslemleri'

2021-10-14 17:18:33 - [MESSAGE][INFO] - Checking object

2021-10-14 17:18:33 - [MESSAGE][INFO] - Finding web element from Test Object's properties

2021-10-14 17:18:33 - [MESSAGE][INFO] - Checking timeout

2021-10-14 17:18:33 - [MESSAGE][INFO] - Finding web element with id: 'Object Repository/Kullanici_Islemleri/KullaniciIslemleri' located by 'By.cssSelector: .dropdown>a>img' in '30' second(s)

2021-10-14 17:18:33 - [MESSAGE][INFO] - Smart Wait Function is triggered

2021-10-14 17:18:34 - [MESSAGE][INFO] - Found 1 web elements with id: 'Object Repository/Kullanici_Islemleri/KullaniciIslemleri' located by 'By.cssSelector: .dropdown>a>img' in '30' second(s)

2021-10-14 17:18:34 - [MESSAGE][PASSED] - Object 'Object Repository/Kullanici_Islemleri/KullaniciIslemleri' is visible

2021-10-14 17:18:34 - [MESSAGE][PASSED] - Call Test Case 'Test Cases/Sayfalar/Giris_Sayfasi/Login' successfully

2021-10-14 17:18:34 - [MESSAGE][INFO] - Checking called Test Case

2021-10-14 17:18:34 - [MESSAGE][INFO] - Starting to call Test Case 'Test Cases/Menu/AnaMenuSecimi'

2021-10-14 17:18:34 - [TEST_CASE][PASSED] - Test Cases/Menu/AnaMenuSecimi: Test Cases/Menu/AnaMenuSecimi

2021-10-14 17:18:34 - [TEST_STEP][PASSED] - Method.TextDegerineEsitElementeTikla(findTestObject("Menu/Ana_Menu"), Ana_Menu): Method.TextDegerineEsitElementeTikla is PASSED

2021-10-14 17:18:34 - [MESSAGE][INFO] - Finding Test Object 'Object Repository/Menu/Ana_Menu'

2021-10-14 17:18:34 - [MESSAGE][INFO] - Checking timeout

2021-10-14 17:18:34 - [MESSAGE][INFO] - Finding web element with id: 'Object Repository/Menu/Ana_Menu' located by 'By.xpath: //*[@class = 'dropdown-toggle']' in '10' second(s)

2021-10-14 17:18:34 - [MESSAGE][INFO] - Smart Wait Function is triggered

2021-10-14 17:18:34 - [MESSAGE][INFO] - Found 14 web elements with id: 'Object Repository/Menu/Ana_Menu' located by 'By.xpath: //*[@class = 'dropdown-toggle']' in '10' second(s)

2021-10-14 17:18:34 - [MESSAGE][PASSED] - Method.TextDegerineEsitElementeTikla is PASSED

2021-10-14 17:18:34 - [MESSAGE][PASSED] - Call Test Case 'Test Cases/Menu/AnaMenuSecimi' successfully

2021-10-14 17:18:34 - [MESSAGE][INFO] - Checking called Test Case

2021-10-14 17:18:34 - [MESSAGE][INFO] - Starting to call Test Case 'Test Cases/Menu/BasligaGoreAltMenuSecimi'

2021-10-14 17:18:34 - [TEST_CASE][PASSED] - Test Cases/Menu/BasligaGoreAltMenuSecimi: Test Cases/Menu/BasligaGoreAltMenuSecimi

2021-10-14 17:18:34 - [TEST_STEP][PASSED] - Method.TextDegerineEsitElementinAltindakiTextDegerineEsitOlanaTikla(findTestObject("Menu/Menu_Basligi"), findTestObject("Menu/Basliga_Gore_Alt_Menu"), Baslik, Alt_Menu): Method.TextDegerineEsitElementinAltindakiTextDegerineEsitOlanaTikla is PASSED

2021-10-14 17:18:34 - [MESSAGE][INFO] - Finding Test Object 'Object Repository/Menu/Menu_Basligi'

2021-10-14 17:18:35 - [MESSAGE][INFO] - Finding Test Object 'Object Repository/Menu/Basliga_Gore_Alt_Menu'

2021-10-14 17:18:35 - [MESSAGE][INFO] - Checking timeout

2021-10-14 17:18:35 - [MESSAGE][INFO] - Finding web element with id: 'Object Repository/Menu/Menu_Basligi' located by 'By.xpath: //li[@class='dropdown dropdown-large open']//li[@class='dropdown-header']' in '10' second(s)

2021-10-14 17:18:35 - [MESSAGE][INFO] - Smart Wait Function is triggered

2021-10-14 17:18:35 - [MESSAGE][INFO] - Found 3 web elements with id: 'Object Repository/Menu/Menu_Basligi' located by 'By.xpath: //li[@class='dropdown dropdown-large open']//li[@class='dropdown-header']' in '10' second(s)

2021-10-14 17:18:35 - [MESSAGE][INFO] - Smart Wait Function is triggered

2021-10-14 17:18:37 - [MESSAGE][PASSED] - Method.TextDegerineEsitElementinAltindakiTextDegerineEsitOlanaTikla is PASSED

2021-10-14 17:18:37 - [MESSAGE][PASSED] - Call Test Case 'Test Cases/Menu/BasligaGoreAltMenuSecimi' successfully

2021-10-14 17:18:37 - [MESSAGE][INFO] - Checking called Test Case

2021-10-14 17:18:37 - [MESSAGE][INFO] - Starting to call Test Case 'Test Cases/Filtreler/BaslangicYaz'

2021-10-14 17:18:37 - [TEST_CASE][PASSED] - Test Cases/Filtreler/BaslangicYaz: Test Cases/Filtreler/BaslangicYaz

2021-10-14 17:18:37 - [TEST_STEP][PASSED] - Method.TextDegerineEsitElementinAltindakineTikla(findTestObject("Filtreler/Basliklar"), findTestObject("Filtreler/Basliga_Gore_Baslangic_Image"), Filtre_Adi): Method.TextDegerineEsitElementinAltindakineTikla is PASSED

2021-10-14 17:18:37 - [MESSAGE][INFO] - Finding Test Object 'Object Repository/Filtreler/Basliklar'

2021-10-14 17:18:37 - [MESSAGE][INFO] - Finding Test Object 'Object Repository/Filtreler/Basliga_Gore_Baslangic_Image'

2021-10-14 17:18:37 - [MESSAGE][INFO] - Checking timeout

2021-10-14 17:18:37 - [MESSAGE][INFO] - Finding web element with id: 'Object Repository/Filtreler/Basliklar' located by 'By.cssSelector: .control-label.col-sm-4.paddingMarginRLC' in '10' second(s)

2021-10-14 17:18:37 - [MESSAGE][INFO] - Smart Wait Function is triggered

2021-10-14 17:18:37 - [MESSAGE][INFO] - Found 13 web elements with id: 'Object Repository/Filtreler/Basliklar' located by 'By.cssSelector: .control-label.col-sm-4.paddingMarginRLC' in '10' second(s)

2021-10-14 17:18:37 - [MESSAGE][INFO] - Smart Wait Function is triggered

2021-10-14 17:18:38 - [MESSAGE][PASSED] - Method.TextDegerineEsitElementinAltindakineTikla is PASSED

2021-10-14 17:18:38 - [TEST_STEP][PASSED] - Method.TextDegerineEsitElementinAltindakiTextboxtaYaz(findTestObject("Filtreler/Basliklar"), findTestObject("Filtreler/Basliga_Gore_Baslangic"), Filtre_Adi, Filtre_Degeri): Method.TextDegerineEsitElementinAltindakiTextboxtaYaz is PASSED

2021-10-14 17:18:38 - [MESSAGE][INFO] - Finding Test Object 'Object Repository/Filtreler/Basliklar'

2021-10-14 17:18:38 - [MESSAGE][INFO] - Finding Test Object 'Object Repository/Filtreler/Basliga_Gore_Baslangic'

2021-10-14 17:18:38 - [MESSAGE][INFO] - Checking timeout

2021-10-14 17:18:38 - [MESSAGE][INFO] - Finding web element with id: 'Object Repository/Filtreler/Basliklar' located by 'By.cssSelector: .control-label.col-sm-4.paddingMarginRLC' in '10' second(s)

2021-10-14 17:18:38 - [MESSAGE][INFO] - Smart Wait Function is triggered

2021-10-14 17:18:38 - [MESSAGE][INFO] - Found 13 web elements with id: 'Object Repository/Filtreler/Basliklar' located by 'By.cssSelector: .control-label.col-sm-4.paddingMarginRLC' in '10' second(s)

2021-10-14 17:18:38 - [MESSAGE][INFO] - Smart Wait Function is triggered

2021-10-14 17:18:39 - [MESSAGE][PASSED] - Method.TextDegerineEsitElementinAltindakiTextboxtaYaz is PASSED

2021-10-14 17:18:39 - [MESSAGE][PASSED] - Call Test Case 'Test Cases/Filtreler/BaslangicYaz' successfully

2021-10-14 17:18:39 - [MESSAGE][INFO] - Checking called Test Case

2021-10-14 17:18:39 - [MESSAGE][INFO] - Starting to call Test Case 'Test Cases/Filtreler/BitisYaz'

2021-10-14 17:18:39 - [TEST_CASE][PASSED] - Test Cases/Filtreler/BitisYaz: Test Cases/Filtreler/BitisYaz

2021-10-14 17:18:39 - [TEST_STEP][PASSED] - Method.TextDegerineEsitElementinAltindakineTikla(findTestObject("Filtreler/Basliklar"), findTestObject("Filtreler/Basliga_Gore_Bitis_Image"), Filtre_Adi): Method.TextDegerineEsitElementinAltindakineTikla is PASSED

2021-10-14 17:18:39 - [MESSAGE][INFO] - Finding Test Object 'Object Repository/Filtreler/Basliklar'

2021-10-14 17:18:39 - [MESSAGE][INFO] - Finding Test Object 'Object Repository/Filtreler/Basliga_Gore_Bitis_Image'

2021-10-14 17:18:39 - [MESSAGE][INFO] - Checking timeout

2021-10-14 17:18:39 - [MESSAGE][INFO] - Finding web element with id: 'Object Repository/Filtreler/Basliklar' located by 'By.cssSelector: .control-label.col-sm-4.paddingMarginRLC' in '10' second(s)

2021-10-14 17:18:39 - [MESSAGE][INFO] - Smart Wait Function is triggered

2021-10-14 17:18:39 - [MESSAGE][INFO] - Found 13 web elements with id: 'Object Repository/Filtreler/Basliklar' located by 'By.cssSelector: .control-label.col-sm-4.paddingMarginRLC' in '10' second(s)

2021-10-14 17:18:39 - [MESSAGE][INFO] - Smart Wait Function is triggered

2021-10-14 17:18:40 - [MESSAGE][PASSED] - Method.TextDegerineEsitElementinAltindakineTikla is PASSED

2021-10-14 17:18:40 - [TEST_STEP][PASSED] - Method.TextDegerineEsitElementinAltindakiTextboxtaYaz(findTestObject("Filtreler/Basliklar"), findTestObject("Object Repository/Filtreler/Basliga_Gore_Bitis"), Filtre_Adi, Filtre_Degeri): Method.TextDegerineEsitElementinAltindakiTextboxtaYaz is PASSED

2021-10-14 17:18:40 - [MESSAGE][INFO] - Finding Test Object 'Object Repository/Filtreler/Basliklar'

2021-10-14 17:18:40 - [MESSAGE][INFO] - Finding Test Object 'Object Repository/Filtreler/Basliga_Gore_Bitis'

2021-10-14 17:18:40 - [MESSAGE][INFO] - Checking timeout

2021-10-14 17:18:40 - [MESSAGE][INFO] - Finding web element with id: 'Object Repository/Filtreler/Basliklar' located by 'By.cssSelector: .control-label.col-sm-4.paddingMarginRLC' in '10' second(s)

2021-10-14 17:18:40 - [MESSAGE][INFO] - Smart Wait Function is triggered

2021-10-14 17:18:40 - [MESSAGE][INFO] - Found 13 web elements with id: 'Object Repository/Filtreler/Basliklar' located by 'By.cssSelector: .control-label.col-sm-4.paddingMarginRLC' in '10' second(s)

2021-10-14 17:18:40 - [MESSAGE][INFO] - Smart Wait Function is triggered

2021-10-14 17:18:41 - [MESSAGE][PASSED] - Method.TextDegerineEsitElementinAltindakiTextboxtaYaz is PASSED

2021-10-14 17:18:41 - [MESSAGE][PASSED] - Call Test Case 'Test Cases/Filtreler/BitisYaz' successfully

2021-10-14 17:18:41 - [MESSAGE][INFO] - Checking called Test Case

2021-10-14 17:18:41 - [MESSAGE][INFO] - Starting to call Test Case 'Test Cases/Filtreler/ButonaTikla'

2021-10-14 17:18:41 - [TEST_CASE][PASSED] - Test Cases/Filtreler/ButonaTikla: Test Cases/Filtreler/ButonaTikla

2021-10-14 17:18:41 - [TEST_STEP][PASSED] - Method.TextDegerineEsitElementeTikla(findTestObject("Filtreler/Butonlar"), Filtre_Buton): Method.TextDegerineEsitElementeTikla is PASSED

2021-10-14 17:18:41 - [MESSAGE][INFO] - Finding Test Object 'Object Repository/Filtreler/Butonlar'

2021-10-14 17:18:41 - [MESSAGE][INFO] - Checking timeout

2021-10-14 17:18:41 - [MESSAGE][INFO] - Finding web element with id: 'Object Repository/Filtreler/Butonlar' located by 'By.cssSelector: .dxb>span' in '10' second(s)

2021-10-14 17:18:41 - [MESSAGE][INFO] - Smart Wait Function is triggered

2021-10-14 17:18:41 - [MESSAGE][INFO] - Found 3 web elements with id: 'Object Repository/Filtreler/Butonlar' located by 'By.cssSelector: .dxb>span' in '10' second(s)

2021-10-14 17:18:41 - [MESSAGE][PASSED] - Method.TextDegerineEsitElementeTikla is PASSED

2021-10-14 17:18:41 - [MESSAGE][PASSED] - Call Test Case 'Test Cases/Filtreler/ButonaTikla' successfully

2021-10-14 17:18:41 - [MESSAGE][INFO] - Checking called Test Case

2021-10-14 17:18:41 - [MESSAGE][INFO] - Starting to call Test Case 'Test Cases/Tablo/TablodaVeriVarMi'

2021-10-14 17:18:41 - [TEST_CASE][PASSED] - Test Cases/Tablo/TablodaVeriVarMi: Test Cases/Tablo/TablodaVeriVarMi

2021-10-14 17:18:41 - [TEST_STEP][PASSED] - verifyTextNotPresent("Görüntülenecek veri yok", true): Text 'Görüntülenecek veri yok' is not present on page using regular expression

2021-10-14 17:18:41 - [MESSAGE][INFO] - Checking text present  using regular expression

2021-10-14 17:18:41 - [MESSAGE][INFO] - Smart Wait Function is triggered

2021-10-14 17:18:42 - [MESSAGE][INFO] - Finding text 'Görüntülenecek veri yok' on page  using regular expression

2021-10-14 17:18:42 - [MESSAGE][PASSED] - Text 'Görüntülenecek veri yok' is not present on page using regular expression

2021-10-14 17:18:42 - [MESSAGE][PASSED] - Call Test Case 'Test Cases/Tablo/TablodaVeriVarMi' successfully

2021-10-14 17:18:42 - [MESSAGE][INFO] - Checking called Test Case

2021-10-14 17:18:42 - [MESSAGE][INFO] - Starting to call Test Case 'Test Cases/Tablo/TablodanVeriSec'

2021-10-14 17:18:42 - [TEST_CASE][PASSED] - Test Cases/Tablo/TablodanVeriSec: Test Cases/Tablo/TablodanVeriSec

2021-10-14 17:18:42 - [TEST_STEP][PASSED] - Method.TextDegerineEsitElementinAltindakineTikla(findTestObject("Tablo/Veriler"), findTestObject("Tablo/VerininCheckBoxi"), Veri_Adi): Method.TextDegerineEsitElementinAltindakineTikla is PASSED

2021-10-14 17:18:42 - [MESSAGE][INFO] - Finding Test Object 'Object Repository/Tablo/Veriler'

2021-10-14 17:18:42 - [MESSAGE][INFO] - Finding Test Object 'Object Repository/Tablo/VerininCheckBoxi'

2021-10-14 17:18:42 - [MESSAGE][INFO] - Checking timeout

2021-10-14 17:18:42 - [MESSAGE][INFO] - Finding web element with id: 'Object Repository/Tablo/Veriler' located by 'By.cssSelector: td.dxgv b ,td.dxgv' in '10' second(s)

2021-10-14 17:18:42 - [MESSAGE][INFO] - Smart Wait Function is triggered

2021-10-14 17:18:43 - [MESSAGE][INFO] - Found 26 web elements with id: 'Object Repository/Tablo/Veriler' located by 'By.cssSelector: td.dxgv b ,td.dxgv' in '10' second(s)

2021-10-14 17:18:43 - [MESSAGE][INFO] - Smart Wait Function is triggered

2021-10-14 17:18:43 - [MESSAGE][PASSED] - Method.TextDegerineEsitElementinAltindakineTikla is PASSED

2021-10-14 17:18:43 - [MESSAGE][PASSED] - Call Test Case 'Test Cases/Tablo/TablodanVeriSec' successfully

2021-10-14 17:18:43 - [MESSAGE][INFO] - Checking called Test Case

2021-10-14 17:18:43 - [MESSAGE][INFO] - Starting to call Test Case 'Test Cases/Butonlar/ButonaTikla'

2021-10-14 17:18:43 - [TEST_CASE][PASSED] - Test Cases/Butonlar/ButonaTikla: Test Cases/Butonlar/ButonaTikla

2021-10-14 17:18:43 - [TEST_STEP][PASSED] - Method.TextDegerineEsitElementeTiklaEquals(findTestObject("Butonlar/Butonlar"), Buton_Adi): Method.TextDegerineEsitElementeTiklaEquals is PASSED

2021-10-14 17:18:43 - [MESSAGE][INFO] - Finding Test Object 'Object Repository/Butonlar/Butonlar'

2021-10-14 17:18:43 - [MESSAGE][INFO] - Checking timeout

2021-10-14 17:18:43 - [MESSAGE][INFO] - Finding web element with id: 'Object Repository/Butonlar/Butonlar' located by 'By.cssSelector: .panel.panel-default.text-center.footerPanel .btn,.btn.btn-primary.btnControls' in '10' second(s)

2021-10-14 17:18:43 - [MESSAGE][INFO] - Smart Wait Function is triggered

2021-10-14 17:18:43 - [MESSAGE][INFO] - Found 7 web elements with id: 'Object Repository/Butonlar/Butonlar' located by 'By.cssSelector: .panel.panel-default.text-center.footerPanel .btn,.btn.btn-primary.btnControls' in '10' second(s)

2021-10-14 17:18:44 - [MESSAGE][PASSED] - Method.TextDegerineEsitElementeTiklaEquals is PASSED

2021-10-14 17:18:44 - [MESSAGE][PASSED] - Call Test Case 'Test Cases/Butonlar/ButonaTikla' successfully

2021-10-14 17:18:44 - [MESSAGE][INFO] - Checking called Test Case

2021-10-14 17:18:44 - [MESSAGE][INFO] - Starting to call Test Case 'Test Cases/Sekmeler/YeniSekmeyeGec'

2021-10-14 17:18:44 - [TEST_CASE][PASSED] - Test Cases/Sekmeler/YeniSekmeyeGec: Test Cases/Sekmeler/YeniSekmeyeGec

2021-10-14 17:18:44 - [TEST_STEP][PASSED] - switchToWindowIndex(1): Switched to window with index: '1'

2021-10-14 17:18:44 - [MESSAGE][INFO] - Checking index

2021-10-14 17:18:44 - [MESSAGE][INFO] - Switching window with index: '1'

2021-10-14 17:18:44 - [MESSAGE][PASSED] - Switched to window with index: '1'

2021-10-14 17:18:44 - [MESSAGE][PASSED] - Call Test Case 'Test Cases/Sekmeler/YeniSekmeyeGec' successfully

2021-10-14 17:18:44 - [MESSAGE][INFO] - Checking called Test Case

2021-10-14 17:18:44 - [MESSAGE][INFO] - Starting to call Test Case 'Test Cases/Sekmeler/GecmisGeldiMi'

2021-10-14 17:18:44 - [TEST_CASE][PASSED] - Test Cases/Sekmeler/GecmisGeldiMi: Test Cases/Sekmeler/GecmisGeldiMi

2021-10-14 17:18:44 - [TEST_STEP][PASSED] - waitForElementVisible(findTestObject("Object Repository/Sekmeler/GecmisBaslik"), 10): Object 'Object Repository/Sekmeler/GecmisBaslik' is visible

2021-10-14 17:18:44 - [MESSAGE][INFO] - Finding Test Object 'Object Repository/Sekmeler/GecmisBaslik'

2021-10-14 17:18:44 - [MESSAGE][INFO] - Checking object

2021-10-14 17:18:44 - [MESSAGE][INFO] - Checking timeout

2021-10-14 17:18:44 - [MESSAGE][INFO] - Finding web element from Test Object's properties

2021-10-14 17:18:44 - [MESSAGE][INFO] - Checking timeout

2021-10-14 17:18:44 - [MESSAGE][INFO] - Finding web element with id: 'Object Repository/Sekmeler/GecmisBaslik' located by 'By.cssSelector: .dxnb-ghtext.dx-vam' in '10' second(s)

2021-10-14 17:18:44 - [MESSAGE][INFO] - Smart Wait Function is triggered

2021-10-14 17:18:54 - [MESSAGE][INFO] - Found 1 web elements with id: 'Object Repository/Sekmeler/GecmisBaslik' located by 'By.cssSelector: .dxnb-ghtext.dx-vam' in '10' second(s)

2021-10-14 17:18:54 - [MESSAGE][PASSED] - Object 'Object Repository/Sekmeler/GecmisBaslik' is visible

2021-10-14 17:18:54 - [TEST_STEP][PASSED] - if (!(getText(findTestObject("Object Repository/Sekmeler/GecmisBaslik")).contains(Baslik))): Text of object 'Object Repository/Sekmeler/GecmisBaslik' is: 'Uygulama Yanıtları İzleme Kayıtları - 15091423'

2021-10-14 17:18:54 - [MESSAGE][INFO] - Finding Test Object 'Object Repository/Sekmeler/GecmisBaslik'

2021-10-14 17:18:54 - [MESSAGE][INFO] - Checking object

2021-10-14 17:18:54 - [MESSAGE][INFO] - Finding web element from Test Object's properties

2021-10-14 17:18:54 - [MESSAGE][INFO] - Checking timeout

2021-10-14 17:18:54 - [MESSAGE][INFO] - Finding web element with id: 'Object Repository/Sekmeler/GecmisBaslik' located by 'By.cssSelector: .dxnb-ghtext.dx-vam' in '30' second(s)

2021-10-14 17:18:54 - [MESSAGE][INFO] - Smart Wait Function is triggered

2021-10-14 17:18:54 - [MESSAGE][INFO] - Found 1 web elements with id: 'Object Repository/Sekmeler/GecmisBaslik' located by 'By.cssSelector: .dxnb-ghtext.dx-vam' in '30' second(s)

2021-10-14 17:18:54 - [MESSAGE][INFO] - Getting text of object 'Object Repository/Sekmeler/GecmisBaslik'

2021-10-14 17:18:54 - [MESSAGE][PASSED] - Text of object 'Object Repository/Sekmeler/GecmisBaslik' is: 'Uygulama Yanıtları İzleme Kayıtları - 15091423'

2021-10-14 17:18:54 - [MESSAGE][PASSED] - Call Test Case 'Test Cases/Sekmeler/GecmisGeldiMi' successfully

2021-10-14 17:18:54 - [MESSAGE][INFO] - Checking called Test Case

2021-10-14 17:18:54 - [MESSAGE][INFO] - Starting to call Test Case 'Test Cases/Sekmeler/Ana_Sekmeye_Gec'

2021-10-14 17:18:54 - [TEST_CASE][PASSED] - Test Cases/Sekmeler/Ana_Sekmeye_Gec: Test Cases/Sekmeler/Ana_Sekmeye_Gec

2021-10-14 17:18:54 - [TEST_STEP][PASSED] - try: Window with index 1 is closed

2021-10-14 17:18:54 - [TEST_STEP][PASSED] - index = getWindowIndex(): Current window's index is: 1

2021-10-14 17:18:54 - [MESSAGE][INFO] - Getting current window's index

2021-10-14 17:18:54 - [MESSAGE][PASSED] - Current window's index is: 1

2021-10-14 17:18:54 - [TEST_STEP][PASSED] - closeWindowIndex(index): Window with index 1 is closed

2021-10-14 17:18:54 - [MESSAGE][INFO] - Checking index

2021-10-14 17:18:54 - [MESSAGE][INFO] - Closing window with index 1

2021-10-14 17:18:54 - [MESSAGE][PASSED] - Window with index 1 is closed

2021-10-14 17:18:54 - [TEST_STEP][PASSED] - switchToWindowIndex(0): Switched to window with index: '0'

2021-10-14 17:18:54 - [MESSAGE][INFO] - Checking index

2021-10-14 17:18:54 - [MESSAGE][INFO] - Switching window with index: '0'

2021-10-14 17:18:54 - [MESSAGE][PASSED] - Switched to window with index: '0'

2021-10-14 17:18:54 - [MESSAGE][PASSED] - Call Test Case 'Test Cases/Sekmeler/Ana_Sekmeye_Gec' successfully

2021-10-14 17:18:54 - [MESSAGE][INFO] - Checking called Test Case

2021-10-14 17:18:54 - [MESSAGE][INFO] - Starting to call Test Case 'Test Cases/Kullanici_Islemleri/KullaniciIslemlerindenSecimYapilir'

2021-10-14 17:18:54 - [TEST_CASE][PASSED] - Test Cases/Kullanici_Islemleri/KullaniciIslemlerindenSecimYapilir: Test Cases/Kullanici_Islemleri/KullaniciIslemlerindenSecimYapilir

2021-10-14 17:18:54 - [TEST_STEP][PASSED] - waitForElementClickable(findTestObject("Object Repository/Kullanici_Islemleri/KullaniciIslemleri"), 10): Object 'Object Repository/Kullanici_Islemleri/KullaniciIslemleri' is clickable

2021-10-14 17:18:54 - [MESSAGE][INFO] - Finding Test Object 'Object Repository/Kullanici_Islemleri/KullaniciIslemleri'

2021-10-14 17:18:55 - [MESSAGE][INFO] - Checking object

2021-10-14 17:18:55 - [MESSAGE][INFO] - Checking timeout

2021-10-14 17:18:55 - [MESSAGE][INFO] - Finding web element from Test Object's properties

2021-10-14 17:18:55 - [MESSAGE][INFO] - Checking timeout

2021-10-14 17:18:55 - [MESSAGE][INFO] - Finding web element with id: 'Object Repository/Kullanici_Islemleri/KullaniciIslemleri' located by 'By.cssSelector: .dropdown>a>img' in '10' second(s)

2021-10-14 17:18:55 - [MESSAGE][INFO] - Smart Wait Function is triggered

2021-10-14 17:18:55 - [MESSAGE][INFO] - Found 1 web elements with id: 'Object Repository/Kullanici_Islemleri/KullaniciIslemleri' located by 'By.cssSelector: .dropdown>a>img' in '10' second(s)

2021-10-14 17:18:55 - [MESSAGE][PASSED] - Object 'Object Repository/Kullanici_Islemleri/KullaniciIslemleri' is clickable

2021-10-14 17:18:55 - [TEST_STEP][PASSED] - click(findTestObject("Object Repository/Kullanici_Islemleri/KullaniciIslemleri")): Object: 'Object Repository/Kullanici_Islemleri/KullaniciIslemleri' is clicked on

2021-10-14 17:18:55 - [MESSAGE][INFO] - Finding Test Object 'Object Repository/Kullanici_Islemleri/KullaniciIslemleri'

2021-10-14 17:18:55 - [MESSAGE][INFO] - Checking object

2021-10-14 17:18:55 - [MESSAGE][INFO] - Finding web element from Test Object's properties

2021-10-14 17:18:55 - [MESSAGE][INFO] - Checking timeout

2021-10-14 17:18:55 - [MESSAGE][INFO] - Finding web element with id: 'Object Repository/Kullanici_Islemleri/KullaniciIslemleri' located by 'By.cssSelector: .dropdown>a>img' in '30' second(s)

2021-10-14 17:18:55 - [MESSAGE][INFO] - Smart Wait Function is triggered

2021-10-14 17:18:55 - [MESSAGE][INFO] - Found 1 web elements with id: 'Object Repository/Kullanici_Islemleri/KullaniciIslemleri' located by 'By.cssSelector: .dropdown>a>img' in '30' second(s)

2021-10-14 17:18:55 - [MESSAGE][INFO] - Clicking on object: 'Object Repository/Kullanici_Islemleri/KullaniciIslemleri'

2021-10-14 17:18:55 - [MESSAGE][PASSED] - Object: 'Object Repository/Kullanici_Islemleri/KullaniciIslemleri' is clicked on

2021-10-14 17:18:55 - [TEST_STEP][PASSED] - Method.TextDegerineEsitElementeTikla(findTestObject("Object Repository/Kullanici_Islemleri/Secenekler"), Islem): Method.TextDegerineEsitElementeTikla is PASSED

2021-10-14 17:18:55 - [MESSAGE][INFO] - Finding Test Object 'Object Repository/Kullanici_Islemleri/Secenekler'

2021-10-14 17:18:56 - [MESSAGE][INFO] - Checking timeout

2021-10-14 17:18:56 - [MESSAGE][INFO] - Finding web element with id: 'Object Repository/Kullanici_Islemleri/Secenekler' located by 'By.cssSelector: .nav.navbar-nav.navbar-right li a' in '10' second(s)

2021-10-14 17:18:56 - [MESSAGE][INFO] - Smart Wait Function is triggered

2021-10-14 17:18:56 - [MESSAGE][INFO] - Found 22 web elements with id: 'Object Repository/Kullanici_Islemleri/Secenekler' located by 'By.cssSelector: .nav.navbar-nav.navbar-right li a' in '10' second(s)

2021-10-14 17:18:58 - [MESSAGE][PASSED] - Method.TextDegerineEsitElementeTikla is PASSED

2021-10-14 17:18:58 - [TEST_STEP][PASSED] - verifyElementNotPresent(findTestObject("Object Repository/Kullanici_Islemleri/Secenekler"), 10): Web element with id: 'Object Repository/Kullanici_Islemleri/Secenekler' located by 'By.cssSelector: .nav.navbar-nav.navbar-right li a' is not present after '10' second(s)

2021-10-14 17:18:58 - [MESSAGE][INFO] - Finding Test Object 'Object Repository/Kullanici_Islemleri/Secenekler'

2021-10-14 17:18:58 - [MESSAGE][INFO] - Checking object

2021-10-14 17:18:58 - [MESSAGE][INFO] - Checking timeout

2021-10-14 17:18:58 - [MESSAGE][INFO] - Finding web element with id: 'Object Repository/Kullanici_Islemleri/Secenekler' located by 'By.cssSelector: .nav.navbar-nav.navbar-right li a' in '10' second(s)

2021-10-14 17:18:58 - [MESSAGE][INFO] - Smart Wait Function is triggered

2021-10-14 17:18:58 - [MESSAGE][PASSED] - Web element with id: 'Object Repository/Kullanici_Islemleri/Secenekler' located by 'By.cssSelector: .nav.navbar-nav.navbar-right li a' is not present after '10' second(s)

2021-10-14 17:18:58 - [MESSAGE][PASSED] - Call Test Case 'Test Cases/Kullanici_Islemleri/KullaniciIslemlerindenSecimYapilir' successfully

2021-10-14 17:18:58 - [TEST_CASE][PASSED] - Start Test Case : SCENARIO Uygulama Yanitinin Gecmisi: SCENARIO Uygulama Yanitinin Gecmisi

2021-10-14 17:18:58 - [TEST_STEP][PASSED] - Kullanıcı adı ELOGO6 ve Şifre 123456 olarak giriş yapılır: Kullanıcı adı ELOGO6 ve Şifre 123456 olarak giriş yapılır

2021-10-14 17:18:58 - [MESSAGE][PASSED] - Kullanıcı adı ELOGO6 ve Şifre 123456 olarak giriş yapılır

2021-10-14 17:18:58 - [TEST_STEP][PASSED] - Ana menüden e-Fatura seçilir: Ana menüden e-Fatura seçilir

2021-10-14 17:18:58 - [MESSAGE][PASSED] - Ana menüden e-Fatura seçilir

2021-10-14 17:18:58 - [TEST_STEP][PASSED] - Alt menü Gelen Kutusu başlığı altındaki Uygulama Yanıtları seçilir: Alt menü Gelen Kutusu başlığı altındaki Uygulama Yanıtları seçilir

2021-10-14 17:18:58 - [MESSAGE][PASSED] - Alt menü Gelen Kutusu başlığı altındaki Uygulama Yanıtları seçilir

2021-10-14 17:18:58 - [TEST_STEP][PASSED] - Filtrelerden Oluşturma Tarihi filtresine 01.12.2020 baslangic degerini yaz: Filtrelerden Oluşturma Tarihi filtresine 01.12.2020 baslangic degerini yaz

2021-10-14 17:18:58 - [MESSAGE][PASSED] - Filtrelerden Oluşturma Tarihi filtresine 01.12.2020 baslangic degerini yaz

2021-10-14 17:18:58 - [TEST_STEP][PASSED] - Filtrelerden Oluşturma Tarihi filtresine 31.12.2020 bitis degerini yaz: Filtrelerden Oluşturma Tarihi filtresine 31.12.2020 bitis degerini yaz

2021-10-14 17:18:58 - [MESSAGE][PASSED] - Filtrelerden Oluşturma Tarihi filtresine 31.12.2020 bitis degerini yaz

2021-10-14 17:18:58 - [TEST_STEP][PASSED] - Filtre butonlarından Listele seçilir: Filtre butonlarından Listele seçilir

2021-10-14 17:18:58 - [MESSAGE][PASSED] - Filtre butonlarından Listele seçilir

2021-10-14 17:18:58 - [TEST_STEP][PASSED] - Tabloda veri var mı kontrol edilir: Tabloda veri var mı kontrol edilir

2021-10-14 17:18:58 - [MESSAGE][PASSED] - Tabloda veri var mı kontrol edilir

2021-10-14 17:18:58 - [TEST_STEP][PASSED] - Tablodan 1234567806 isimli veri seçilir: Tablodan 1234567806 isimli veri seçilir

2021-10-14 17:18:58 - [MESSAGE][PASSED] - Tablodan 1234567806 isimli veri seçilir

2021-10-14 17:18:58 - [TEST_STEP][PASSED] - Butonlardan İzleme Kayıtları isimli butona tıklanır: Butonlardan İzleme Kayıtları isimli butona tıklanır

2021-10-14 17:18:58 - [MESSAGE][PASSED] - Butonlardan İzleme Kayıtları isimli butona tıklanır

2021-10-14 17:18:58 - [TEST_STEP][PASSED] - Yeni açılan sekmeye geçilir: Yeni açılan sekmeye geçilir

2021-10-14 17:18:58 - [MESSAGE][PASSED] - Yeni açılan sekmeye geçilir

2021-10-14 17:18:58 - [TEST_STEP][PASSED] - Uygulama Yanıtları İzleme Kayıtları baslikli gecmis sayfasi geldi mi: Uygulama Yanıtları İzleme Kayıtları baslikli gecmis sayfasi geldi mi

2021-10-14 17:18:58 - [MESSAGE][PASSED] - Uygulama Yanıtları İzleme Kayıtları baslikli gecmis sayfasi geldi mi

2021-10-14 17:18:58 - [TEST_STEP][PASSED] - Ana sekmeye geçilir: Ana sekmeye geçilir

2021-10-14 17:18:58 - [MESSAGE][PASSED] - Ana sekmeye geçilir

2021-10-14 17:18:58 - [TEST_STEP][PASSED] - Kullanıcı işlemlerinden Çıkış seçilir: Kullanıcı işlemlerinden Çıkış seçilir

2021-10-14 17:18:58 - [MESSAGE][PASSED] - Kullanıcı işlemlerinden Çıkış seçilir

2021-10-14 17:18:58 - [MESSAGE][PASSED] - Feature file: 'Include/features/e-Fatura/Gelen Kutusu/Uygulama Yanitlari/Izleme Kayitlari.feature' was passed

2021-10-14 17:18:58 - [TEST_STEP][PASSED] - Start listener action : sampleAfterTestSuite: Invoke 'com.kms.katalon.core.annotation.AfterTestCase' method: 'Listener.sampleAfterTestSuite(...)' completed.

2021-10-14 17:18:58 - [MESSAGE][INFO] - Starting invoke 'com.kms.katalon.core.annotation.AfterTestCase' method: 'Listener.sampleAfterTestSuite(...)'

2021-10-14 17:18:58 - [TEST_STEP][PASSED] - closeBrowser(): Invoke 'com.kms.katalon.core.annotation.AfterTestCase' method: 'Listener.sampleAfterTestSuite(...)' completed.

2021-10-14 17:18:58 - [MESSAGE][INFO] - Closing browser

2021-10-14 17:18:59 - [MESSAGE][PASSED] - Browser is closed

2021-10-14 17:18:59 - [MESSAGE][INFO] - Invoke 'com.kms.katalon.core.annotation.AfterTestCase' method: 'Listener.sampleAfterTestSuite(...)' completed.]]></system-out>
         <system-err><![CDATA[]]></system-err>
      </testcase>
      <testcase name="Test Cases/Case Repository/e-Fatura/Gelen Kutusu/Uygulama Yanitlari/Tum Hesaplar Kontrolu" time="25.626" classname="Test Cases/Case Repository/e-Fatura/Gelen Kutusu/Uygulama Yanitlari/Tum Hesaplar Kontrolu" status="PASSED">
         <system-out><![CDATA[2021-10-14 17:18:59 - [TEST_CASE][PASSED] - Test Cases/Case Repository/e-Fatura/Gelen Kutusu/Uygulama Yanitlari/Tum Hesaplar Kontrolu: Test Cases/Case Repository/e-Fatura/Gelen Kutusu/Uygulama Yanitlari/Tum Hesaplar Kontrolu

2021-10-14 17:18:59 - [TEST_STEP][PASSED] - Start listener action : sampleBeforeTestSuite: Invoke 'com.kms.katalon.core.annotation.BeforeTestCase' method: 'Listener.sampleBeforeTestSuite(...)' completed.

2021-10-14 17:18:59 - [MESSAGE][INFO] - Starting invoke 'com.kms.katalon.core.annotation.BeforeTestCase' method: 'Listener.sampleBeforeTestSuite(...)'

2021-10-14 17:18:59 - [TEST_STEP][PASSED] - openBrowser(baseUrl): Browser is opened with url: 'https://efatura-stage.elogo.com.tr/'

2021-10-14 17:18:59 - [MESSAGE][INFO] - Opening browser

2021-10-14 17:18:59 - [MESSAGE][INFO] - Starting 'Chrome' driver

2021-10-14 17:18:59 - [MESSAGE][INFO] - User set preference: ['prefs', '{download.default_directory=C:\otomasyondownfiles}']

2021-10-14 17:18:59 - [MESSAGE][INFO] - Action delay is set to 0 milliseconds

2021-10-14 17:19:00 - [MESSAGE][INFO] - Navigating browser to: 'https://efatura-stage.elogo.com.tr/'

2021-10-14 17:19:03 - [MESSAGE][PASSED] - Browser is opened with url: 'https://efatura-stage.elogo.com.tr/'

2021-10-14 17:19:03 - [TEST_STEP][PASSED] - maximizeWindow(): Invoke 'com.kms.katalon.core.annotation.BeforeTestCase' method: 'Listener.sampleBeforeTestSuite(...)' completed.

2021-10-14 17:19:03 - [MESSAGE][INFO] - Maximizing current window

2021-10-14 17:19:03 - [MESSAGE][PASSED] - Current window maximized

2021-10-14 17:19:03 - [MESSAGE][INFO] - Invoke 'com.kms.katalon.core.annotation.BeforeTestCase' method: 'Listener.sampleBeforeTestSuite(...)' completed.

2021-10-14 17:19:04 - [TEST_STEP][PASSED] - runFeatureFile("Include/features/e-Fatura/Gelen Kutusu/Uygulama Yanitlari/Tum Hesaplar Kontrolu.feature"): Feature file: 'Include/features/e-Fatura/Gelen Kutusu/Uygulama Yanitlari/Tum Hesaplar Kontrolu.feature' was passed

2021-10-14 17:19:04 - [MESSAGE][INFO] - Starting run keyword runFeatureFile: 'Include/features/e-Fatura/Gelen Kutusu/Uygulama Yanitlari/Tum Hesaplar Kontrolu.feature' and extract report to folder: 'C:\Users\DELL\Downloads\EES_Katalon-main\Reports\20211014_170112\Suite Repository\e-Fatura\20211014_170113/cucumber_report/1634221144092'...

2021-10-14 17:19:04 - [MESSAGE][INFO] - Glue: []

2021-10-14 17:19:04 - [MESSAGE][INFO] - Checking called Test Case

2021-10-14 17:19:04 - [MESSAGE][INFO] - Starting to call Test Case 'Test Cases/Sayfalar/Giris_Sayfasi/Login'

2021-10-14 17:19:04 - [TEST_CASE][PASSED] - Test Cases/Sayfalar/Giris_Sayfasi/Login: Test Cases/Sayfalar/Giris_Sayfasi/Login

2021-10-14 17:19:04 - [TEST_STEP][PASSED] - Sayfa_Basligi = getWindowTitle(): Current window's title is: 'LOGO e-Fatura'

2021-10-14 17:19:04 - [MESSAGE][INFO] - Getting current window's title

2021-10-14 17:19:04 - [MESSAGE][PASSED] - Current window's title is: 'LOGO e-Fatura'

2021-10-14 17:19:04 - [TEST_STEP][PASSED] - verifyMatch(Sayfa_Basligi, "LOGO e-Fatura", false): Actual text 'LOGO e-Fatura' and expected text 'LOGO e-Fatura' are matched 

2021-10-14 17:19:04 - [MESSAGE][INFO] - Matching actual text 'LOGO e-Fatura' with expected text 'LOGO e-Fatura'

2021-10-14 17:19:04 - [MESSAGE][PASSED] - Actual text 'LOGO e-Fatura' and expected text 'LOGO e-Fatura' are matched 

2021-10-14 17:19:04 - [TEST_STEP][PASSED] - sendKeys(findTestObject("Sayfalar/Giris_Sayfasi/Firma_Kodu"), KullaniciAdi): Keys 'ELOGO6' sent to object: 'Object Repository/Sayfalar/Giris_Sayfasi/Firma_Kodu'

2021-10-14 17:19:04 - [MESSAGE][INFO] - Finding Test Object 'Object Repository/Sayfalar/Giris_Sayfasi/Firma_Kodu'

2021-10-14 17:19:04 - [MESSAGE][INFO] - Sending keys 'ELOGO6' to object: 'Object Repository/Sayfalar/Giris_Sayfasi/Firma_Kodu'

2021-10-14 17:19:04 - [MESSAGE][INFO] - Finding web element from Test Object's properties

2021-10-14 17:19:04 - [MESSAGE][INFO] - Checking timeout

2021-10-14 17:19:04 - [MESSAGE][INFO] - Finding web element with id: 'Object Repository/Sayfalar/Giris_Sayfasi/Firma_Kodu' located by 'By.xpath: //*[@id = 'AccountName']' in '30' second(s)

2021-10-14 17:19:04 - [MESSAGE][INFO] - Smart Wait Function is triggered

2021-10-14 17:19:05 - [MESSAGE][INFO] - Found 1 web elements with id: 'Object Repository/Sayfalar/Giris_Sayfasi/Firma_Kodu' located by 'By.xpath: //*[@id = 'AccountName']' in '30' second(s)

2021-10-14 17:19:05 - [MESSAGE][PASSED] - Keys 'ELOGO6' sent to object: 'Object Repository/Sayfalar/Giris_Sayfasi/Firma_Kodu'

2021-10-14 17:19:05 - [TEST_STEP][PASSED] - sendKeys(findTestObject("Sayfalar/Giris_Sayfasi/Sifre"), Sifre): Keys '123456' sent to object: 'Object Repository/Sayfalar/Giris_Sayfasi/Sifre'

2021-10-14 17:19:05 - [MESSAGE][INFO] - Finding Test Object 'Object Repository/Sayfalar/Giris_Sayfasi/Sifre'

2021-10-14 17:19:05 - [MESSAGE][INFO] - Sending keys '123456' to object: 'Object Repository/Sayfalar/Giris_Sayfasi/Sifre'

2021-10-14 17:19:05 - [MESSAGE][INFO] - Finding web element from Test Object's properties

2021-10-14 17:19:05 - [MESSAGE][INFO] - Checking timeout

2021-10-14 17:19:05 - [MESSAGE][INFO] - Finding web element with id: 'Object Repository/Sayfalar/Giris_Sayfasi/Sifre' located by 'By.xpath: //*[@id = 'Password']' in '30' second(s)

2021-10-14 17:19:05 - [MESSAGE][INFO] - Smart Wait Function is triggered

2021-10-14 17:19:05 - [MESSAGE][INFO] - Found 1 web elements with id: 'Object Repository/Sayfalar/Giris_Sayfasi/Sifre' located by 'By.xpath: //*[@id = 'Password']' in '30' second(s)

2021-10-14 17:19:05 - [MESSAGE][PASSED] - Keys '123456' sent to object: 'Object Repository/Sayfalar/Giris_Sayfasi/Sifre'

2021-10-14 17:19:05 - [TEST_STEP][PASSED] - findWebElement(findTestObject("Sayfalar/Giris_Sayfasi/Giris_Butonu")).click(): Found 1 web elements with id: 'Object Repository/Sayfalar/Giris_Sayfasi/Giris_Butonu' located by 'By.cssSelector: #btnLogin' in '30' second(s)

2021-10-14 17:19:05 - [MESSAGE][INFO] - Finding Test Object 'Object Repository/Sayfalar/Giris_Sayfasi/Giris_Butonu'

2021-10-14 17:19:05 - [MESSAGE][INFO] - Finding web element from Test Object's properties

2021-10-14 17:19:05 - [MESSAGE][INFO] - Checking timeout

2021-10-14 17:19:05 - [MESSAGE][INFO] - Finding web element with id: 'Object Repository/Sayfalar/Giris_Sayfasi/Giris_Butonu' located by 'By.cssSelector: #btnLogin' in '30' second(s)

2021-10-14 17:19:05 - [MESSAGE][INFO] - Smart Wait Function is triggered

2021-10-14 17:19:05 - [MESSAGE][INFO] - Found 1 web elements with id: 'Object Repository/Sayfalar/Giris_Sayfasi/Giris_Butonu' located by 'By.cssSelector: #btnLogin' in '30' second(s)

2021-10-14 17:19:08 - [TEST_STEP][PASSED] - if (verifyElementPresent(findTestObject("Object Repository/Sayfalar/Giris_Sayfasi/RetveTamam_Butonu"), 5, OPTIONAL)): null

2021-10-14 17:19:08 - [MESSAGE][INFO] - Finding Test Object 'Object Repository/Sayfalar/Giris_Sayfasi/RetveTamam_Butonu'

2021-10-14 17:19:08 - [MESSAGE][INFO] - Checking object

2021-10-14 17:19:08 - [MESSAGE][INFO] - Finding web element from Test Object's properties

2021-10-14 17:19:08 - [MESSAGE][INFO] - Checking timeout

2021-10-14 17:19:08 - [MESSAGE][INFO] - Finding web element with id: 'Object Repository/Sayfalar/Giris_Sayfasi/RetveTamam_Butonu' located by 'By.xpath: //*[@class = 'btn btn-default']' in '5' second(s)

2021-10-14 17:19:08 - [MESSAGE][INFO] - Smart Wait Function is triggered

2021-10-14 17:19:08 - [MESSAGE][INFO] - Found 1 web elements with id: 'Object Repository/Sayfalar/Giris_Sayfasi/RetveTamam_Butonu' located by 'By.xpath: //*[@class = 'btn btn-default']' in '5' second(s)

2021-10-14 17:19:08 - [MESSAGE][PASSED] - Object 'Object Repository/Sayfalar/Giris_Sayfasi/RetveTamam_Butonu' is present

2021-10-14 17:19:08 - [TEST_STEP][PASSED] - click(findTestObject("Object Repository/Sayfalar/Giris_Sayfasi/RetveTamam_Butonu")): Object: 'Object Repository/Sayfalar/Giris_Sayfasi/RetveTamam_Butonu' is clicked on

2021-10-14 17:19:08 - [MESSAGE][INFO] - Finding Test Object 'Object Repository/Sayfalar/Giris_Sayfasi/RetveTamam_Butonu'

2021-10-14 17:19:08 - [MESSAGE][INFO] - Checking object

2021-10-14 17:19:08 - [MESSAGE][INFO] - Finding web element from Test Object's properties

2021-10-14 17:19:08 - [MESSAGE][INFO] - Checking timeout

2021-10-14 17:19:08 - [MESSAGE][INFO] - Finding web element with id: 'Object Repository/Sayfalar/Giris_Sayfasi/RetveTamam_Butonu' located by 'By.xpath: //*[@class = 'btn btn-default']' in '30' second(s)

2021-10-14 17:19:08 - [MESSAGE][INFO] - Smart Wait Function is triggered

2021-10-14 17:19:09 - [MESSAGE][INFO] - Found 1 web elements with id: 'Object Repository/Sayfalar/Giris_Sayfasi/RetveTamam_Butonu' located by 'By.xpath: //*[@class = 'btn btn-default']' in '30' second(s)

2021-10-14 17:19:09 - [MESSAGE][INFO] - Clicking on object: 'Object Repository/Sayfalar/Giris_Sayfasi/RetveTamam_Butonu'

2021-10-14 17:19:09 - [MESSAGE][PASSED] - Object: 'Object Repository/Sayfalar/Giris_Sayfasi/RetveTamam_Butonu' is clicked on

2021-10-14 17:19:09 - [TEST_STEP][PASSED] - click(findTestObject("Object Repository/Sayfalar/Giris_Sayfasi/RetveTamam_Butonu")): Object: 'Object Repository/Sayfalar/Giris_Sayfasi/RetveTamam_Butonu' is clicked on

2021-10-14 17:19:09 - [MESSAGE][INFO] - Finding Test Object 'Object Repository/Sayfalar/Giris_Sayfasi/RetveTamam_Butonu'

2021-10-14 17:19:09 - [MESSAGE][INFO] - Checking object

2021-10-14 17:19:09 - [MESSAGE][INFO] - Finding web element from Test Object's properties

2021-10-14 17:19:09 - [MESSAGE][INFO] - Checking timeout

2021-10-14 17:19:09 - [MESSAGE][INFO] - Finding web element with id: 'Object Repository/Sayfalar/Giris_Sayfasi/RetveTamam_Butonu' located by 'By.xpath: //*[@class = 'btn btn-default']' in '30' second(s)

2021-10-14 17:19:09 - [MESSAGE][INFO] - Smart Wait Function is triggered

2021-10-14 17:19:12 - [MESSAGE][INFO] - Found 1 web elements with id: 'Object Repository/Sayfalar/Giris_Sayfasi/RetveTamam_Butonu' located by 'By.xpath: //*[@class = 'btn btn-default']' in '30' second(s)

2021-10-14 17:19:12 - [MESSAGE][INFO] - Clicking on object: 'Object Repository/Sayfalar/Giris_Sayfasi/RetveTamam_Butonu'

2021-10-14 17:19:12 - [MESSAGE][PASSED] - Object: 'Object Repository/Sayfalar/Giris_Sayfasi/RetveTamam_Butonu' is clicked on

2021-10-14 17:19:12 - [TEST_STEP][PASSED] - if (verifyElementPresent(findTestObject("Sayfalar/Giris_Sayfasi/PopupOK"), 5, OPTIONAL)): null

2021-10-14 17:19:12 - [MESSAGE][INFO] - Finding Test Object 'Object Repository/Sayfalar/Giris_Sayfasi/PopupOK'

2021-10-14 17:19:12 - [MESSAGE][INFO] - Checking object

2021-10-14 17:19:12 - [MESSAGE][INFO] - Finding web element from Test Object's properties

2021-10-14 17:19:12 - [MESSAGE][INFO] - Checking timeout

2021-10-14 17:19:12 - [MESSAGE][INFO] - Finding web element with id: 'Object Repository/Sayfalar/Giris_Sayfasi/PopupOK' located by 'By.cssSelector: .btn.btn-success' in '5' second(s)

2021-10-14 17:19:12 - [MESSAGE][INFO] - Smart Wait Function is triggered

2021-10-14 17:19:13 - [MESSAGE][INFO] - Found 1 web elements with id: 'Object Repository/Sayfalar/Giris_Sayfasi/PopupOK' located by 'By.cssSelector: .btn.btn-success' in '5' second(s)

2021-10-14 17:19:13 - [MESSAGE][PASSED] - Object 'Object Repository/Sayfalar/Giris_Sayfasi/PopupOK' is present

2021-10-14 17:19:13 - [TEST_STEP][PASSED] - click(findTestObject("Object Repository/Sayfalar/Giris_Sayfasi/PopupCarpiGiris")): Object: 'Object Repository/Sayfalar/Giris_Sayfasi/PopupCarpiGiris' is clicked on

2021-10-14 17:19:13 - [MESSAGE][INFO] - Finding Test Object 'Object Repository/Sayfalar/Giris_Sayfasi/PopupCarpiGiris'

2021-10-14 17:19:13 - [MESSAGE][INFO] - Checking object

2021-10-14 17:19:13 - [MESSAGE][INFO] - Finding web element from Test Object's properties

2021-10-14 17:19:13 - [MESSAGE][INFO] - Checking timeout

2021-10-14 17:19:13 - [MESSAGE][INFO] - Finding web element with id: 'Object Repository/Sayfalar/Giris_Sayfasi/PopupCarpiGiris' located by 'By.cssSelector: .bootbox-close-button.close' in '30' second(s)

2021-10-14 17:19:13 - [MESSAGE][INFO] - Smart Wait Function is triggered

2021-10-14 17:19:13 - [MESSAGE][INFO] - Found 1 web elements with id: 'Object Repository/Sayfalar/Giris_Sayfasi/PopupCarpiGiris' located by 'By.cssSelector: .bootbox-close-button.close' in '30' second(s)

2021-10-14 17:19:13 - [MESSAGE][INFO] - Clicking on object: 'Object Repository/Sayfalar/Giris_Sayfasi/PopupCarpiGiris'

2021-10-14 17:19:13 - [MESSAGE][PASSED] - Object: 'Object Repository/Sayfalar/Giris_Sayfasi/PopupCarpiGiris' is clicked on

2021-10-14 17:19:13 - [TEST_STEP][PASSED] - verifyElementVisible(findTestObject("Object Repository/Kullanici_Islemleri/KullaniciIslemleri")): Object 'Object Repository/Kullanici_Islemleri/KullaniciIslemleri' is visible

2021-10-14 17:19:13 - [MESSAGE][INFO] - Finding Test Object 'Object Repository/Kullanici_Islemleri/KullaniciIslemleri'

2021-10-14 17:19:13 - [MESSAGE][INFO] - Checking object

2021-10-14 17:19:13 - [MESSAGE][INFO] - Finding web element from Test Object's properties

2021-10-14 17:19:13 - [MESSAGE][INFO] - Checking timeout

2021-10-14 17:19:13 - [MESSAGE][INFO] - Finding web element with id: 'Object Repository/Kullanici_Islemleri/KullaniciIslemleri' located by 'By.cssSelector: .dropdown>a>img' in '30' second(s)

2021-10-14 17:19:13 - [MESSAGE][INFO] - Smart Wait Function is triggered

2021-10-14 17:19:14 - [MESSAGE][INFO] - Found 1 web elements with id: 'Object Repository/Kullanici_Islemleri/KullaniciIslemleri' located by 'By.cssSelector: .dropdown>a>img' in '30' second(s)

2021-10-14 17:19:14 - [MESSAGE][PASSED] - Object 'Object Repository/Kullanici_Islemleri/KullaniciIslemleri' is visible

2021-10-14 17:19:14 - [MESSAGE][PASSED] - Call Test Case 'Test Cases/Sayfalar/Giris_Sayfasi/Login' successfully

2021-10-14 17:19:14 - [MESSAGE][INFO] - Checking called Test Case

2021-10-14 17:19:14 - [MESSAGE][INFO] - Starting to call Test Case 'Test Cases/Menu/AnaMenuSecimi'

2021-10-14 17:19:14 - [TEST_CASE][PASSED] - Test Cases/Menu/AnaMenuSecimi: Test Cases/Menu/AnaMenuSecimi

2021-10-14 17:19:14 - [TEST_STEP][PASSED] - Method.TextDegerineEsitElementeTikla(findTestObject("Menu/Ana_Menu"), Ana_Menu): Method.TextDegerineEsitElementeTikla is PASSED

2021-10-14 17:19:14 - [MESSAGE][INFO] - Finding Test Object 'Object Repository/Menu/Ana_Menu'

2021-10-14 17:19:14 - [MESSAGE][INFO] - Checking timeout

2021-10-14 17:19:14 - [MESSAGE][INFO] - Finding web element with id: 'Object Repository/Menu/Ana_Menu' located by 'By.xpath: //*[@class = 'dropdown-toggle']' in '10' second(s)

2021-10-14 17:19:14 - [MESSAGE][INFO] - Smart Wait Function is triggered

2021-10-14 17:19:15 - [MESSAGE][INFO] - Found 14 web elements with id: 'Object Repository/Menu/Ana_Menu' located by 'By.xpath: //*[@class = 'dropdown-toggle']' in '10' second(s)

2021-10-14 17:19:15 - [MESSAGE][PASSED] - Method.TextDegerineEsitElementeTikla is PASSED

2021-10-14 17:19:15 - [MESSAGE][PASSED] - Call Test Case 'Test Cases/Menu/AnaMenuSecimi' successfully

2021-10-14 17:19:15 - [MESSAGE][INFO] - Checking called Test Case

2021-10-14 17:19:15 - [MESSAGE][INFO] - Starting to call Test Case 'Test Cases/Menu/BasligaGoreAltMenuSecimi'

2021-10-14 17:19:15 - [TEST_CASE][PASSED] - Test Cases/Menu/BasligaGoreAltMenuSecimi: Test Cases/Menu/BasligaGoreAltMenuSecimi

2021-10-14 17:19:15 - [TEST_STEP][PASSED] - Method.TextDegerineEsitElementinAltindakiTextDegerineEsitOlanaTikla(findTestObject("Menu/Menu_Basligi"), findTestObject("Menu/Basliga_Gore_Alt_Menu"), Baslik, Alt_Menu): Method.TextDegerineEsitElementinAltindakiTextDegerineEsitOlanaTikla is PASSED

2021-10-14 17:19:15 - [MESSAGE][INFO] - Finding Test Object 'Object Repository/Menu/Menu_Basligi'

2021-10-14 17:19:15 - [MESSAGE][INFO] - Finding Test Object 'Object Repository/Menu/Basliga_Gore_Alt_Menu'

2021-10-14 17:19:15 - [MESSAGE][INFO] - Checking timeout

2021-10-14 17:19:15 - [MESSAGE][INFO] - Finding web element with id: 'Object Repository/Menu/Menu_Basligi' located by 'By.xpath: //li[@class='dropdown dropdown-large open']//li[@class='dropdown-header']' in '10' second(s)

2021-10-14 17:19:15 - [MESSAGE][INFO] - Smart Wait Function is triggered

2021-10-14 17:19:15 - [MESSAGE][INFO] - Found 3 web elements with id: 'Object Repository/Menu/Menu_Basligi' located by 'By.xpath: //li[@class='dropdown dropdown-large open']//li[@class='dropdown-header']' in '10' second(s)

2021-10-14 17:19:15 - [MESSAGE][INFO] - Smart Wait Function is triggered

2021-10-14 17:19:18 - [MESSAGE][PASSED] - Method.TextDegerineEsitElementinAltindakiTextDegerineEsitOlanaTikla is PASSED

2021-10-14 17:19:18 - [MESSAGE][PASSED] - Call Test Case 'Test Cases/Menu/BasligaGoreAltMenuSecimi' successfully

2021-10-14 17:19:18 - [MESSAGE][INFO] - Checking called Test Case

2021-10-14 17:19:18 - [MESSAGE][INFO] - Starting to call Test Case 'Test Cases/Filtreler/TumHesaplar'

2021-10-14 17:19:18 - [TEST_CASE][PASSED] - Test Cases/Filtreler/TumHesaplar: Test Cases/Filtreler/TumHesaplar

2021-10-14 17:19:18 - [TEST_STEP][PASSED] - waitForElementClickable(findTestObject("Filtreler/TumHesaplar"), 10): Object 'Object Repository/Filtreler/TumHesaplar' is clickable

2021-10-14 17:19:18 - [MESSAGE][INFO] - Finding Test Object 'Object Repository/Filtreler/TumHesaplar'

2021-10-14 17:19:18 - [MESSAGE][INFO] - Checking object

2021-10-14 17:19:18 - [MESSAGE][INFO] - Checking timeout

2021-10-14 17:19:18 - [MESSAGE][INFO] - Finding web element from Test Object's properties

2021-10-14 17:19:18 - [MESSAGE][INFO] - Checking timeout

2021-10-14 17:19:18 - [MESSAGE][INFO] - Finding web element with id: 'Object Repository/Filtreler/TumHesaplar' located by 'By.xpath: //*[@id = 'checkboxGetGroupAccount_S_D']' in '10' second(s)

2021-10-14 17:19:18 - [MESSAGE][INFO] - Smart Wait Function is triggered

2021-10-14 17:19:19 - [MESSAGE][INFO] - Found 1 web elements with id: 'Object Repository/Filtreler/TumHesaplar' located by 'By.xpath: //*[@id = 'checkboxGetGroupAccount_S_D']' in '10' second(s)

2021-10-14 17:19:19 - [MESSAGE][PASSED] - Object 'Object Repository/Filtreler/TumHesaplar' is clickable

2021-10-14 17:19:19 - [TEST_STEP][PASSED] - click(findTestObject("Filtreler/TumHesaplar")): Object: 'Object Repository/Filtreler/TumHesaplar' is clicked on

2021-10-14 17:19:19 - [MESSAGE][INFO] - Finding Test Object 'Object Repository/Filtreler/TumHesaplar'

2021-10-14 17:19:19 - [MESSAGE][INFO] - Checking object

2021-10-14 17:19:19 - [MESSAGE][INFO] - Finding web element from Test Object's properties

2021-10-14 17:19:19 - [MESSAGE][INFO] - Checking timeout

2021-10-14 17:19:19 - [MESSAGE][INFO] - Finding web element with id: 'Object Repository/Filtreler/TumHesaplar' located by 'By.xpath: //*[@id = 'checkboxGetGroupAccount_S_D']' in '30' second(s)

2021-10-14 17:19:19 - [MESSAGE][INFO] - Smart Wait Function is triggered

2021-10-14 17:19:19 - [MESSAGE][INFO] - Found 1 web elements with id: 'Object Repository/Filtreler/TumHesaplar' located by 'By.xpath: //*[@id = 'checkboxGetGroupAccount_S_D']' in '30' second(s)

2021-10-14 17:19:19 - [MESSAGE][INFO] - Clicking on object: 'Object Repository/Filtreler/TumHesaplar'

2021-10-14 17:19:19 - [MESSAGE][PASSED] - Object: 'Object Repository/Filtreler/TumHesaplar' is clicked on

2021-10-14 17:19:19 - [MESSAGE][PASSED] - Call Test Case 'Test Cases/Filtreler/TumHesaplar' successfully

2021-10-14 17:19:19 - [MESSAGE][INFO] - Checking called Test Case

2021-10-14 17:19:19 - [MESSAGE][INFO] - Starting to call Test Case 'Test Cases/Filtreler/ButonaTikla'

2021-10-14 17:19:19 - [TEST_CASE][PASSED] - Test Cases/Filtreler/ButonaTikla: Test Cases/Filtreler/ButonaTikla

2021-10-14 17:19:19 - [TEST_STEP][PASSED] - Method.TextDegerineEsitElementeTikla(findTestObject("Filtreler/Butonlar"), Filtre_Buton): Method.TextDegerineEsitElementeTikla is PASSED

2021-10-14 17:19:19 - [MESSAGE][INFO] - Finding Test Object 'Object Repository/Filtreler/Butonlar'

2021-10-14 17:19:19 - [MESSAGE][INFO] - Checking timeout

2021-10-14 17:19:19 - [MESSAGE][INFO] - Finding web element with id: 'Object Repository/Filtreler/Butonlar' located by 'By.cssSelector: .dxb>span' in '10' second(s)

2021-10-14 17:19:19 - [MESSAGE][INFO] - Smart Wait Function is triggered

2021-10-14 17:19:20 - [MESSAGE][INFO] - Found 3 web elements with id: 'Object Repository/Filtreler/Butonlar' located by 'By.cssSelector: .dxb>span' in '10' second(s)

2021-10-14 17:19:20 - [MESSAGE][PASSED] - Method.TextDegerineEsitElementeTikla is PASSED

2021-10-14 17:19:20 - [MESSAGE][PASSED] - Call Test Case 'Test Cases/Filtreler/ButonaTikla' successfully

2021-10-14 17:19:20 - [MESSAGE][INFO] - Checking called Test Case

2021-10-14 17:19:20 - [MESSAGE][INFO] - Starting to call Test Case 'Test Cases/Kullanici_Islemleri/KullaniciIslemlerindenSecimYapilir'

2021-10-14 17:19:20 - [TEST_CASE][PASSED] - Test Cases/Kullanici_Islemleri/KullaniciIslemlerindenSecimYapilir: Test Cases/Kullanici_Islemleri/KullaniciIslemlerindenSecimYapilir

2021-10-14 17:19:20 - [TEST_STEP][PASSED] - waitForElementClickable(findTestObject("Object Repository/Kullanici_Islemleri/KullaniciIslemleri"), 10): Object 'Object Repository/Kullanici_Islemleri/KullaniciIslemleri' is clickable

2021-10-14 17:19:20 - [MESSAGE][INFO] - Finding Test Object 'Object Repository/Kullanici_Islemleri/KullaniciIslemleri'

2021-10-14 17:19:20 - [MESSAGE][INFO] - Checking object

2021-10-14 17:19:20 - [MESSAGE][INFO] - Checking timeout

2021-10-14 17:19:20 - [MESSAGE][INFO] - Finding web element from Test Object's properties

2021-10-14 17:19:20 - [MESSAGE][INFO] - Checking timeout

2021-10-14 17:19:20 - [MESSAGE][INFO] - Finding web element with id: 'Object Repository/Kullanici_Islemleri/KullaniciIslemleri' located by 'By.cssSelector: .dropdown>a>img' in '10' second(s)

2021-10-14 17:19:20 - [MESSAGE][INFO] - Smart Wait Function is triggered

2021-10-14 17:19:21 - [MESSAGE][INFO] - Found 1 web elements with id: 'Object Repository/Kullanici_Islemleri/KullaniciIslemleri' located by 'By.cssSelector: .dropdown>a>img' in '10' second(s)

2021-10-14 17:19:21 - [MESSAGE][PASSED] - Object 'Object Repository/Kullanici_Islemleri/KullaniciIslemleri' is clickable

2021-10-14 17:19:21 - [TEST_STEP][PASSED] - click(findTestObject("Object Repository/Kullanici_Islemleri/KullaniciIslemleri")): Object: 'Object Repository/Kullanici_Islemleri/KullaniciIslemleri' is clicked on

2021-10-14 17:19:21 - [MESSAGE][INFO] - Finding Test Object 'Object Repository/Kullanici_Islemleri/KullaniciIslemleri'

2021-10-14 17:19:21 - [MESSAGE][INFO] - Checking object

2021-10-14 17:19:21 - [MESSAGE][INFO] - Finding web element from Test Object's properties

2021-10-14 17:19:21 - [MESSAGE][INFO] - Checking timeout

2021-10-14 17:19:21 - [MESSAGE][INFO] - Finding web element with id: 'Object Repository/Kullanici_Islemleri/KullaniciIslemleri' located by 'By.cssSelector: .dropdown>a>img' in '30' second(s)

2021-10-14 17:19:21 - [MESSAGE][INFO] - Smart Wait Function is triggered

2021-10-14 17:19:21 - [MESSAGE][INFO] - Found 1 web elements with id: 'Object Repository/Kullanici_Islemleri/KullaniciIslemleri' located by 'By.cssSelector: .dropdown>a>img' in '30' second(s)

2021-10-14 17:19:21 - [MESSAGE][INFO] - Clicking on object: 'Object Repository/Kullanici_Islemleri/KullaniciIslemleri'

2021-10-14 17:19:21 - [MESSAGE][PASSED] - Object: 'Object Repository/Kullanici_Islemleri/KullaniciIslemleri' is clicked on

2021-10-14 17:19:21 - [TEST_STEP][PASSED] - Method.TextDegerineEsitElementeTikla(findTestObject("Object Repository/Kullanici_Islemleri/Secenekler"), Islem): Method.TextDegerineEsitElementeTikla is PASSED

2021-10-14 17:19:21 - [MESSAGE][INFO] - Finding Test Object 'Object Repository/Kullanici_Islemleri/Secenekler'

2021-10-14 17:19:21 - [MESSAGE][INFO] - Checking timeout

2021-10-14 17:19:21 - [MESSAGE][INFO] - Finding web element with id: 'Object Repository/Kullanici_Islemleri/Secenekler' located by 'By.cssSelector: .nav.navbar-nav.navbar-right li a' in '10' second(s)

2021-10-14 17:19:21 - [MESSAGE][INFO] - Smart Wait Function is triggered

2021-10-14 17:19:22 - [MESSAGE][INFO] - Found 22 web elements with id: 'Object Repository/Kullanici_Islemleri/Secenekler' located by 'By.cssSelector: .nav.navbar-nav.navbar-right li a' in '10' second(s)

2021-10-14 17:19:23 - [MESSAGE][PASSED] - Method.TextDegerineEsitElementeTikla is PASSED

2021-10-14 17:19:23 - [TEST_STEP][PASSED] - verifyElementNotPresent(findTestObject("Object Repository/Kullanici_Islemleri/Secenekler"), 10): Web element with id: 'Object Repository/Kullanici_Islemleri/Secenekler' located by 'By.cssSelector: .nav.navbar-nav.navbar-right li a' is not present after '10' second(s)

2021-10-14 17:19:23 - [MESSAGE][INFO] - Finding Test Object 'Object Repository/Kullanici_Islemleri/Secenekler'

2021-10-14 17:19:24 - [MESSAGE][INFO] - Checking object

2021-10-14 17:19:24 - [MESSAGE][INFO] - Checking timeout

2021-10-14 17:19:24 - [MESSAGE][INFO] - Finding web element with id: 'Object Repository/Kullanici_Islemleri/Secenekler' located by 'By.cssSelector: .nav.navbar-nav.navbar-right li a' in '10' second(s)

2021-10-14 17:19:24 - [MESSAGE][INFO] - Smart Wait Function is triggered

2021-10-14 17:19:24 - [MESSAGE][PASSED] - Web element with id: 'Object Repository/Kullanici_Islemleri/Secenekler' located by 'By.cssSelector: .nav.navbar-nav.navbar-right li a' is not present after '10' second(s)

2021-10-14 17:19:24 - [MESSAGE][PASSED] - Call Test Case 'Test Cases/Kullanici_Islemleri/KullaniciIslemlerindenSecimYapilir' successfully

2021-10-14 17:19:24 - [TEST_CASE][PASSED] - Start Test Case : SCENARIO e-Fatura Gelen Kutusu Uygulama Yanitlari Tum Hesaplar Kontrolu: SCENARIO e-Fatura Gelen Kutusu Uygulama Yanitlari Tum Hesaplar Kontrolu

2021-10-14 17:19:24 - [TEST_STEP][PASSED] - Kullanıcı adı ELOGO6 ve Şifre 123456 olarak giriş yapılır: Kullanıcı adı ELOGO6 ve Şifre 123456 olarak giriş yapılır

2021-10-14 17:19:24 - [MESSAGE][PASSED] - Kullanıcı adı ELOGO6 ve Şifre 123456 olarak giriş yapılır

2021-10-14 17:19:24 - [TEST_STEP][PASSED] - Ana menüden e-Fatura seçilir: Ana menüden e-Fatura seçilir

2021-10-14 17:19:24 - [MESSAGE][PASSED] - Ana menüden e-Fatura seçilir

2021-10-14 17:19:24 - [TEST_STEP][PASSED] - Alt menü Gelen Kutusu başlığı altındaki Uygulama Yanıtları seçilir: Alt menü Gelen Kutusu başlığı altındaki Uygulama Yanıtları seçilir

2021-10-14 17:19:24 - [MESSAGE][PASSED] - Alt menü Gelen Kutusu başlığı altındaki Uygulama Yanıtları seçilir

2021-10-14 17:19:24 - [TEST_STEP][PASSED] - Filtre butonlarından Tüm Hesaplar butonuna tıklanır: Filtre butonlarından Tüm Hesaplar butonuna tıklanır

2021-10-14 17:19:24 - [MESSAGE][PASSED] - Filtre butonlarından Tüm Hesaplar butonuna tıklanır

2021-10-14 17:19:24 - [TEST_STEP][PASSED] - Filtre butonlarından Listele seçilir: Filtre butonlarından Listele seçilir

2021-10-14 17:19:24 - [MESSAGE][PASSED] - Filtre butonlarından Listele seçilir

2021-10-14 17:19:24 - [TEST_STEP][PASSED] - Kullanıcı işlemlerinden Çıkış seçilir: Kullanıcı işlemlerinden Çıkış seçilir

2021-10-14 17:19:24 - [MESSAGE][PASSED] - Kullanıcı işlemlerinden Çıkış seçilir

2021-10-14 17:19:24 - [MESSAGE][PASSED] - Feature file: 'Include/features/e-Fatura/Gelen Kutusu/Uygulama Yanitlari/Tum Hesaplar Kontrolu.feature' was passed

2021-10-14 17:19:24 - [TEST_STEP][PASSED] - Start listener action : sampleAfterTestSuite: Invoke 'com.kms.katalon.core.annotation.AfterTestCase' method: 'Listener.sampleAfterTestSuite(...)' completed.

2021-10-14 17:19:24 - [MESSAGE][INFO] - Starting invoke 'com.kms.katalon.core.annotation.AfterTestCase' method: 'Listener.sampleAfterTestSuite(...)'

2021-10-14 17:19:24 - [TEST_STEP][PASSED] - closeBrowser(): Invoke 'com.kms.katalon.core.annotation.AfterTestCase' method: 'Listener.sampleAfterTestSuite(...)' completed.

2021-10-14 17:19:24 - [MESSAGE][INFO] - Closing browser

2021-10-14 17:19:25 - [MESSAGE][PASSED] - Browser is closed

2021-10-14 17:19:25 - [MESSAGE][INFO] - Invoke 'com.kms.katalon.core.annotation.AfterTestCase' method: 'Listener.sampleAfterTestSuite(...)' completed.]]></system-out>
         <system-err><![CDATA[]]></system-err>
      </testcase>
      <testcase name="Test Cases/Case Repository/e-Fatura/Gelen Kutusu/Uygulama Yanitlari/UBL-Goster-Indir" time="35.345" classname="Test Cases/Case Repository/e-Fatura/Gelen Kutusu/Uygulama Yanitlari/UBL-Goster-Indir" status="PASSED">
         <system-out><![CDATA[2021-10-14 17:19:25 - [TEST_CASE][PASSED] - Test Cases/Case Repository/e-Fatura/Gelen Kutusu/Uygulama Yanitlari/UBL-Goster-Indir: Test Cases/Case Repository/e-Fatura/Gelen Kutusu/Uygulama Yanitlari/UBL-Goster-Indir

2021-10-14 17:19:25 - [TEST_STEP][PASSED] - Start listener action : sampleBeforeTestSuite: Invoke 'com.kms.katalon.core.annotation.BeforeTestCase' method: 'Listener.sampleBeforeTestSuite(...)' completed.

2021-10-14 17:19:25 - [MESSAGE][INFO] - Starting invoke 'com.kms.katalon.core.annotation.BeforeTestCase' method: 'Listener.sampleBeforeTestSuite(...)'

2021-10-14 17:19:25 - [TEST_STEP][PASSED] - openBrowser(baseUrl): Browser is opened with url: 'https://efatura-stage.elogo.com.tr/'

2021-10-14 17:19:25 - [MESSAGE][INFO] - Opening browser

2021-10-14 17:19:25 - [MESSAGE][INFO] - Starting 'Chrome' driver

2021-10-14 17:19:25 - [MESSAGE][INFO] - User set preference: ['prefs', '{download.default_directory=C:\otomasyondownfiles}']

2021-10-14 17:19:25 - [MESSAGE][INFO] - Action delay is set to 0 milliseconds

2021-10-14 17:19:26 - [MESSAGE][INFO] - Navigating browser to: 'https://efatura-stage.elogo.com.tr/'

2021-10-14 17:19:29 - [MESSAGE][PASSED] - Browser is opened with url: 'https://efatura-stage.elogo.com.tr/'

2021-10-14 17:19:29 - [TEST_STEP][PASSED] - maximizeWindow(): Invoke 'com.kms.katalon.core.annotation.BeforeTestCase' method: 'Listener.sampleBeforeTestSuite(...)' completed.

2021-10-14 17:19:29 - [MESSAGE][INFO] - Maximizing current window

2021-10-14 17:19:29 - [MESSAGE][PASSED] - Current window maximized

2021-10-14 17:19:29 - [MESSAGE][INFO] - Invoke 'com.kms.katalon.core.annotation.BeforeTestCase' method: 'Listener.sampleBeforeTestSuite(...)' completed.

2021-10-14 17:19:30 - [TEST_STEP][PASSED] - runFeatureFile("Include/features/e-Fatura/Gelen Kutusu/Uygulama Yanitlari/UBL-Goster-Indir.feature"): Feature file: 'Include/features/e-Fatura/Gelen Kutusu/Uygulama Yanitlari/UBL-Goster-Indir.feature' was passed

2021-10-14 17:19:30 - [MESSAGE][INFO] - Starting run keyword runFeatureFile: 'Include/features/e-Fatura/Gelen Kutusu/Uygulama Yanitlari/UBL-Goster-Indir.feature' and extract report to folder: 'C:\Users\DELL\Downloads\EES_Katalon-main\Reports\20211014_170112\Suite Repository\e-Fatura\20211014_170113/cucumber_report/1634221170044'...

2021-10-14 17:19:30 - [MESSAGE][INFO] - Glue: []

2021-10-14 17:19:30 - [MESSAGE][INFO] - Checking called Test Case

2021-10-14 17:19:30 - [MESSAGE][INFO] - Starting to call Test Case 'Test Cases/Sayfalar/Giris_Sayfasi/Login'

2021-10-14 17:19:30 - [TEST_CASE][PASSED] - Test Cases/Sayfalar/Giris_Sayfasi/Login: Test Cases/Sayfalar/Giris_Sayfasi/Login

2021-10-14 17:19:30 - [TEST_STEP][PASSED] - Sayfa_Basligi = getWindowTitle(): Current window's title is: 'LOGO e-Fatura'

2021-10-14 17:19:30 - [MESSAGE][INFO] - Getting current window's title

2021-10-14 17:19:31 - [MESSAGE][PASSED] - Current window's title is: 'LOGO e-Fatura'

2021-10-14 17:19:31 - [TEST_STEP][PASSED] - verifyMatch(Sayfa_Basligi, "LOGO e-Fatura", false): Actual text 'LOGO e-Fatura' and expected text 'LOGO e-Fatura' are matched 

2021-10-14 17:19:31 - [MESSAGE][INFO] - Matching actual text 'LOGO e-Fatura' with expected text 'LOGO e-Fatura'

2021-10-14 17:19:31 - [MESSAGE][PASSED] - Actual text 'LOGO e-Fatura' and expected text 'LOGO e-Fatura' are matched 

2021-10-14 17:19:31 - [TEST_STEP][PASSED] - sendKeys(findTestObject("Sayfalar/Giris_Sayfasi/Firma_Kodu"), KullaniciAdi): Keys 'ELOGO6' sent to object: 'Object Repository/Sayfalar/Giris_Sayfasi/Firma_Kodu'

2021-10-14 17:19:31 - [MESSAGE][INFO] - Finding Test Object 'Object Repository/Sayfalar/Giris_Sayfasi/Firma_Kodu'

2021-10-14 17:19:31 - [MESSAGE][INFO] - Sending keys 'ELOGO6' to object: 'Object Repository/Sayfalar/Giris_Sayfasi/Firma_Kodu'

2021-10-14 17:19:31 - [MESSAGE][INFO] - Finding web element from Test Object's properties

2021-10-14 17:19:31 - [MESSAGE][INFO] - Checking timeout

2021-10-14 17:19:31 - [MESSAGE][INFO] - Finding web element with id: 'Object Repository/Sayfalar/Giris_Sayfasi/Firma_Kodu' located by 'By.xpath: //*[@id = 'AccountName']' in '30' second(s)

2021-10-14 17:19:31 - [MESSAGE][INFO] - Smart Wait Function is triggered

2021-10-14 17:19:31 - [MESSAGE][INFO] - Found 1 web elements with id: 'Object Repository/Sayfalar/Giris_Sayfasi/Firma_Kodu' located by 'By.xpath: //*[@id = 'AccountName']' in '30' second(s)

2021-10-14 17:19:31 - [MESSAGE][PASSED] - Keys 'ELOGO6' sent to object: 'Object Repository/Sayfalar/Giris_Sayfasi/Firma_Kodu'

2021-10-14 17:19:31 - [TEST_STEP][PASSED] - sendKeys(findTestObject("Sayfalar/Giris_Sayfasi/Sifre"), Sifre): Keys '123456' sent to object: 'Object Repository/Sayfalar/Giris_Sayfasi/Sifre'

2021-10-14 17:19:31 - [MESSAGE][INFO] - Finding Test Object 'Object Repository/Sayfalar/Giris_Sayfasi/Sifre'

2021-10-14 17:19:32 - [MESSAGE][INFO] - Sending keys '123456' to object: 'Object Repository/Sayfalar/Giris_Sayfasi/Sifre'

2021-10-14 17:19:32 - [MESSAGE][INFO] - Finding web element from Test Object's properties

2021-10-14 17:19:32 - [MESSAGE][INFO] - Checking timeout

2021-10-14 17:19:32 - [MESSAGE][INFO] - Finding web element with id: 'Object Repository/Sayfalar/Giris_Sayfasi/Sifre' located by 'By.xpath: //*[@id = 'Password']' in '30' second(s)

2021-10-14 17:19:32 - [MESSAGE][INFO] - Smart Wait Function is triggered

2021-10-14 17:19:32 - [MESSAGE][INFO] - Found 1 web elements with id: 'Object Repository/Sayfalar/Giris_Sayfasi/Sifre' located by 'By.xpath: //*[@id = 'Password']' in '30' second(s)

2021-10-14 17:19:32 - [MESSAGE][PASSED] - Keys '123456' sent to object: 'Object Repository/Sayfalar/Giris_Sayfasi/Sifre'

2021-10-14 17:19:32 - [TEST_STEP][PASSED] - findWebElement(findTestObject("Sayfalar/Giris_Sayfasi/Giris_Butonu")).click(): Found 1 web elements with id: 'Object Repository/Sayfalar/Giris_Sayfasi/Giris_Butonu' located by 'By.cssSelector: #btnLogin' in '30' second(s)

2021-10-14 17:19:32 - [MESSAGE][INFO] - Finding Test Object 'Object Repository/Sayfalar/Giris_Sayfasi/Giris_Butonu'

2021-10-14 17:19:32 - [MESSAGE][INFO] - Finding web element from Test Object's properties

2021-10-14 17:19:32 - [MESSAGE][INFO] - Checking timeout

2021-10-14 17:19:32 - [MESSAGE][INFO] - Finding web element with id: 'Object Repository/Sayfalar/Giris_Sayfasi/Giris_Butonu' located by 'By.cssSelector: #btnLogin' in '30' second(s)

2021-10-14 17:19:32 - [MESSAGE][INFO] - Smart Wait Function is triggered

2021-10-14 17:19:33 - [MESSAGE][INFO] - Found 1 web elements with id: 'Object Repository/Sayfalar/Giris_Sayfasi/Giris_Butonu' located by 'By.cssSelector: #btnLogin' in '30' second(s)

2021-10-14 17:19:35 - [TEST_STEP][PASSED] - if (verifyElementPresent(findTestObject("Object Repository/Sayfalar/Giris_Sayfasi/RetveTamam_Butonu"), 5, OPTIONAL)): null

2021-10-14 17:19:35 - [MESSAGE][INFO] - Finding Test Object 'Object Repository/Sayfalar/Giris_Sayfasi/RetveTamam_Butonu'

2021-10-14 17:19:35 - [MESSAGE][INFO] - Checking object

2021-10-14 17:19:35 - [MESSAGE][INFO] - Finding web element from Test Object's properties

2021-10-14 17:19:35 - [MESSAGE][INFO] - Checking timeout

2021-10-14 17:19:35 - [MESSAGE][INFO] - Finding web element with id: 'Object Repository/Sayfalar/Giris_Sayfasi/RetveTamam_Butonu' located by 'By.xpath: //*[@class = 'btn btn-default']' in '5' second(s)

2021-10-14 17:19:35 - [MESSAGE][INFO] - Smart Wait Function is triggered

2021-10-14 17:19:35 - [MESSAGE][INFO] - Found 1 web elements with id: 'Object Repository/Sayfalar/Giris_Sayfasi/RetveTamam_Butonu' located by 'By.xpath: //*[@class = 'btn btn-default']' in '5' second(s)

2021-10-14 17:19:35 - [MESSAGE][PASSED] - Object 'Object Repository/Sayfalar/Giris_Sayfasi/RetveTamam_Butonu' is present

2021-10-14 17:19:35 - [TEST_STEP][PASSED] - click(findTestObject("Object Repository/Sayfalar/Giris_Sayfasi/RetveTamam_Butonu")): Object: 'Object Repository/Sayfalar/Giris_Sayfasi/RetveTamam_Butonu' is clicked on

2021-10-14 17:19:35 - [MESSAGE][INFO] - Finding Test Object 'Object Repository/Sayfalar/Giris_Sayfasi/RetveTamam_Butonu'

2021-10-14 17:19:36 - [MESSAGE][INFO] - Checking object

2021-10-14 17:19:36 - [MESSAGE][INFO] - Finding web element from Test Object's properties

2021-10-14 17:19:36 - [MESSAGE][INFO] - Checking timeout

2021-10-14 17:19:36 - [MESSAGE][INFO] - Finding web element with id: 'Object Repository/Sayfalar/Giris_Sayfasi/RetveTamam_Butonu' located by 'By.xpath: //*[@class = 'btn btn-default']' in '30' second(s)

2021-10-14 17:19:36 - [MESSAGE][INFO] - Smart Wait Function is triggered

2021-10-14 17:19:36 - [MESSAGE][INFO] - Found 1 web elements with id: 'Object Repository/Sayfalar/Giris_Sayfasi/RetveTamam_Butonu' located by 'By.xpath: //*[@class = 'btn btn-default']' in '30' second(s)

2021-10-14 17:19:36 - [MESSAGE][INFO] - Clicking on object: 'Object Repository/Sayfalar/Giris_Sayfasi/RetveTamam_Butonu'

2021-10-14 17:19:36 - [MESSAGE][PASSED] - Object: 'Object Repository/Sayfalar/Giris_Sayfasi/RetveTamam_Butonu' is clicked on

2021-10-14 17:19:36 - [TEST_STEP][PASSED] - click(findTestObject("Object Repository/Sayfalar/Giris_Sayfasi/RetveTamam_Butonu")): Object: 'Object Repository/Sayfalar/Giris_Sayfasi/RetveTamam_Butonu' is clicked on

2021-10-14 17:19:36 - [MESSAGE][INFO] - Finding Test Object 'Object Repository/Sayfalar/Giris_Sayfasi/RetveTamam_Butonu'

2021-10-14 17:19:36 - [MESSAGE][INFO] - Checking object

2021-10-14 17:19:36 - [MESSAGE][INFO] - Finding web element from Test Object's properties

2021-10-14 17:19:36 - [MESSAGE][INFO] - Checking timeout

2021-10-14 17:19:36 - [MESSAGE][INFO] - Finding web element with id: 'Object Repository/Sayfalar/Giris_Sayfasi/RetveTamam_Butonu' located by 'By.xpath: //*[@class = 'btn btn-default']' in '30' second(s)

2021-10-14 17:19:36 - [MESSAGE][INFO] - Smart Wait Function is triggered

2021-10-14 17:19:38 - [MESSAGE][INFO] - Found 1 web elements with id: 'Object Repository/Sayfalar/Giris_Sayfasi/RetveTamam_Butonu' located by 'By.xpath: //*[@class = 'btn btn-default']' in '30' second(s)

2021-10-14 17:19:38 - [MESSAGE][INFO] - Clicking on object: 'Object Repository/Sayfalar/Giris_Sayfasi/RetveTamam_Butonu'

2021-10-14 17:19:38 - [MESSAGE][PASSED] - Object: 'Object Repository/Sayfalar/Giris_Sayfasi/RetveTamam_Butonu' is clicked on

2021-10-14 17:19:38 - [TEST_STEP][PASSED] - if (verifyElementPresent(findTestObject("Sayfalar/Giris_Sayfasi/PopupOK"), 5, OPTIONAL)): null

2021-10-14 17:19:38 - [MESSAGE][INFO] - Finding Test Object 'Object Repository/Sayfalar/Giris_Sayfasi/PopupOK'

2021-10-14 17:19:38 - [MESSAGE][INFO] - Checking object

2021-10-14 17:19:38 - [MESSAGE][INFO] - Finding web element from Test Object's properties

2021-10-14 17:19:38 - [MESSAGE][INFO] - Checking timeout

2021-10-14 17:19:38 - [MESSAGE][INFO] - Finding web element with id: 'Object Repository/Sayfalar/Giris_Sayfasi/PopupOK' located by 'By.cssSelector: .btn.btn-success' in '5' second(s)

2021-10-14 17:19:38 - [MESSAGE][INFO] - Smart Wait Function is triggered

2021-10-14 17:19:39 - [MESSAGE][INFO] - Found 1 web elements with id: 'Object Repository/Sayfalar/Giris_Sayfasi/PopupOK' located by 'By.cssSelector: .btn.btn-success' in '5' second(s)

2021-10-14 17:19:39 - [MESSAGE][PASSED] - Object 'Object Repository/Sayfalar/Giris_Sayfasi/PopupOK' is present

2021-10-14 17:19:39 - [TEST_STEP][PASSED] - click(findTestObject("Object Repository/Sayfalar/Giris_Sayfasi/PopupCarpiGiris")): Object: 'Object Repository/Sayfalar/Giris_Sayfasi/PopupCarpiGiris' is clicked on

2021-10-14 17:19:39 - [MESSAGE][INFO] - Finding Test Object 'Object Repository/Sayfalar/Giris_Sayfasi/PopupCarpiGiris'

2021-10-14 17:19:39 - [MESSAGE][INFO] - Checking object

2021-10-14 17:19:39 - [MESSAGE][INFO] - Finding web element from Test Object's properties

2021-10-14 17:19:39 - [MESSAGE][INFO] - Checking timeout

2021-10-14 17:19:39 - [MESSAGE][INFO] - Finding web element with id: 'Object Repository/Sayfalar/Giris_Sayfasi/PopupCarpiGiris' located by 'By.cssSelector: .bootbox-close-button.close' in '30' second(s)

2021-10-14 17:19:39 - [MESSAGE][INFO] - Smart Wait Function is triggered

2021-10-14 17:19:39 - [MESSAGE][INFO] - Found 1 web elements with id: 'Object Repository/Sayfalar/Giris_Sayfasi/PopupCarpiGiris' located by 'By.cssSelector: .bootbox-close-button.close' in '30' second(s)

2021-10-14 17:19:39 - [MESSAGE][INFO] - Clicking on object: 'Object Repository/Sayfalar/Giris_Sayfasi/PopupCarpiGiris'

2021-10-14 17:19:39 - [MESSAGE][PASSED] - Object: 'Object Repository/Sayfalar/Giris_Sayfasi/PopupCarpiGiris' is clicked on

2021-10-14 17:19:39 - [TEST_STEP][PASSED] - verifyElementVisible(findTestObject("Object Repository/Kullanici_Islemleri/KullaniciIslemleri")): Object 'Object Repository/Kullanici_Islemleri/KullaniciIslemleri' is visible

2021-10-14 17:19:39 - [MESSAGE][INFO] - Finding Test Object 'Object Repository/Kullanici_Islemleri/KullaniciIslemleri'

2021-10-14 17:19:39 - [MESSAGE][INFO] - Checking object

2021-10-14 17:19:39 - [MESSAGE][INFO] - Finding web element from Test Object's properties

2021-10-14 17:19:39 - [MESSAGE][INFO] - Checking timeout

2021-10-14 17:19:39 - [MESSAGE][INFO] - Finding web element with id: 'Object Repository/Kullanici_Islemleri/KullaniciIslemleri' located by 'By.cssSelector: .dropdown>a>img' in '30' second(s)

2021-10-14 17:19:39 - [MESSAGE][INFO] - Smart Wait Function is triggered

2021-10-14 17:19:40 - [MESSAGE][INFO] - Found 1 web elements with id: 'Object Repository/Kullanici_Islemleri/KullaniciIslemleri' located by 'By.cssSelector: .dropdown>a>img' in '30' second(s)

2021-10-14 17:19:40 - [MESSAGE][PASSED] - Object 'Object Repository/Kullanici_Islemleri/KullaniciIslemleri' is visible

2021-10-14 17:19:40 - [MESSAGE][PASSED] - Call Test Case 'Test Cases/Sayfalar/Giris_Sayfasi/Login' successfully

2021-10-14 17:19:40 - [MESSAGE][INFO] - Checking called Test Case

2021-10-14 17:19:40 - [MESSAGE][INFO] - Starting to call Test Case 'Test Cases/Menu/AnaMenuSecimi'

2021-10-14 17:19:40 - [TEST_CASE][PASSED] - Test Cases/Menu/AnaMenuSecimi: Test Cases/Menu/AnaMenuSecimi

2021-10-14 17:19:40 - [TEST_STEP][PASSED] - Method.TextDegerineEsitElementeTikla(findTestObject("Menu/Ana_Menu"), Ana_Menu): Method.TextDegerineEsitElementeTikla is PASSED

2021-10-14 17:19:40 - [MESSAGE][INFO] - Finding Test Object 'Object Repository/Menu/Ana_Menu'

2021-10-14 17:19:40 - [MESSAGE][INFO] - Checking timeout

2021-10-14 17:19:40 - [MESSAGE][INFO] - Finding web element with id: 'Object Repository/Menu/Ana_Menu' located by 'By.xpath: //*[@class = 'dropdown-toggle']' in '10' second(s)

2021-10-14 17:19:40 - [MESSAGE][INFO] - Smart Wait Function is triggered

2021-10-14 17:19:41 - [MESSAGE][INFO] - Found 14 web elements with id: 'Object Repository/Menu/Ana_Menu' located by 'By.xpath: //*[@class = 'dropdown-toggle']' in '10' second(s)

2021-10-14 17:19:41 - [MESSAGE][PASSED] - Method.TextDegerineEsitElementeTikla is PASSED

2021-10-14 17:19:41 - [MESSAGE][PASSED] - Call Test Case 'Test Cases/Menu/AnaMenuSecimi' successfully

2021-10-14 17:19:41 - [MESSAGE][INFO] - Checking called Test Case

2021-10-14 17:19:41 - [MESSAGE][INFO] - Starting to call Test Case 'Test Cases/Menu/BasligaGoreAltMenuSecimi'

2021-10-14 17:19:41 - [TEST_CASE][PASSED] - Test Cases/Menu/BasligaGoreAltMenuSecimi: Test Cases/Menu/BasligaGoreAltMenuSecimi

2021-10-14 17:19:41 - [TEST_STEP][PASSED] - Method.TextDegerineEsitElementinAltindakiTextDegerineEsitOlanaTikla(findTestObject("Menu/Menu_Basligi"), findTestObject("Menu/Basliga_Gore_Alt_Menu"), Baslik, Alt_Menu): Method.TextDegerineEsitElementinAltindakiTextDegerineEsitOlanaTikla is PASSED

2021-10-14 17:19:41 - [MESSAGE][INFO] - Finding Test Object 'Object Repository/Menu/Menu_Basligi'

2021-10-14 17:19:41 - [MESSAGE][INFO] - Finding Test Object 'Object Repository/Menu/Basliga_Gore_Alt_Menu'

2021-10-14 17:19:41 - [MESSAGE][INFO] - Checking timeout

2021-10-14 17:19:41 - [MESSAGE][INFO] - Finding web element with id: 'Object Repository/Menu/Menu_Basligi' located by 'By.xpath: //li[@class='dropdown dropdown-large open']//li[@class='dropdown-header']' in '10' second(s)

2021-10-14 17:19:41 - [MESSAGE][INFO] - Smart Wait Function is triggered

2021-10-14 17:19:41 - [MESSAGE][INFO] - Found 3 web elements with id: 'Object Repository/Menu/Menu_Basligi' located by 'By.xpath: //li[@class='dropdown dropdown-large open']//li[@class='dropdown-header']' in '10' second(s)

2021-10-14 17:19:41 - [MESSAGE][INFO] - Smart Wait Function is triggered

2021-10-14 17:19:43 - [MESSAGE][PASSED] - Method.TextDegerineEsitElementinAltindakiTextDegerineEsitOlanaTikla is PASSED

2021-10-14 17:19:43 - [MESSAGE][PASSED] - Call Test Case 'Test Cases/Menu/BasligaGoreAltMenuSecimi' successfully

2021-10-14 17:19:43 - [MESSAGE][INFO] - Checking called Test Case

2021-10-14 17:19:43 - [MESSAGE][INFO] - Starting to call Test Case 'Test Cases/Filtreler/BaslangicYaz'

2021-10-14 17:19:43 - [TEST_CASE][PASSED] - Test Cases/Filtreler/BaslangicYaz: Test Cases/Filtreler/BaslangicYaz

2021-10-14 17:19:43 - [TEST_STEP][PASSED] - Method.TextDegerineEsitElementinAltindakineTikla(findTestObject("Filtreler/Basliklar"), findTestObject("Filtreler/Basliga_Gore_Baslangic_Image"), Filtre_Adi): Method.TextDegerineEsitElementinAltindakineTikla is PASSED

2021-10-14 17:19:43 - [MESSAGE][INFO] - Finding Test Object 'Object Repository/Filtreler/Basliklar'

2021-10-14 17:19:43 - [MESSAGE][INFO] - Finding Test Object 'Object Repository/Filtreler/Basliga_Gore_Baslangic_Image'

2021-10-14 17:19:44 - [MESSAGE][INFO] - Checking timeout

2021-10-14 17:19:44 - [MESSAGE][INFO] - Finding web element with id: 'Object Repository/Filtreler/Basliklar' located by 'By.cssSelector: .control-label.col-sm-4.paddingMarginRLC' in '10' second(s)

2021-10-14 17:19:44 - [MESSAGE][INFO] - Smart Wait Function is triggered

2021-10-14 17:19:44 - [MESSAGE][INFO] - Found 13 web elements with id: 'Object Repository/Filtreler/Basliklar' located by 'By.cssSelector: .control-label.col-sm-4.paddingMarginRLC' in '10' second(s)

2021-10-14 17:19:44 - [MESSAGE][INFO] - Smart Wait Function is triggered

2021-10-14 17:19:44 - [MESSAGE][PASSED] - Method.TextDegerineEsitElementinAltindakineTikla is PASSED

2021-10-14 17:19:44 - [TEST_STEP][PASSED] - Method.TextDegerineEsitElementinAltindakiTextboxtaYaz(findTestObject("Filtreler/Basliklar"), findTestObject("Filtreler/Basliga_Gore_Baslangic"), Filtre_Adi, Filtre_Degeri): Method.TextDegerineEsitElementinAltindakiTextboxtaYaz is PASSED

2021-10-14 17:19:44 - [MESSAGE][INFO] - Finding Test Object 'Object Repository/Filtreler/Basliklar'

2021-10-14 17:19:44 - [MESSAGE][INFO] - Finding Test Object 'Object Repository/Filtreler/Basliga_Gore_Baslangic'

2021-10-14 17:19:45 - [MESSAGE][INFO] - Checking timeout

2021-10-14 17:19:45 - [MESSAGE][INFO] - Finding web element with id: 'Object Repository/Filtreler/Basliklar' located by 'By.cssSelector: .control-label.col-sm-4.paddingMarginRLC' in '10' second(s)

2021-10-14 17:19:45 - [MESSAGE][INFO] - Smart Wait Function is triggered

2021-10-14 17:19:45 - [MESSAGE][INFO] - Found 13 web elements with id: 'Object Repository/Filtreler/Basliklar' located by 'By.cssSelector: .control-label.col-sm-4.paddingMarginRLC' in '10' second(s)

2021-10-14 17:19:45 - [MESSAGE][INFO] - Smart Wait Function is triggered

2021-10-14 17:19:45 - [MESSAGE][PASSED] - Method.TextDegerineEsitElementinAltindakiTextboxtaYaz is PASSED

2021-10-14 17:19:45 - [MESSAGE][PASSED] - Call Test Case 'Test Cases/Filtreler/BaslangicYaz' successfully

2021-10-14 17:19:45 - [MESSAGE][INFO] - Checking called Test Case

2021-10-14 17:19:45 - [MESSAGE][INFO] - Starting to call Test Case 'Test Cases/Filtreler/BitisYaz'

2021-10-14 17:19:45 - [TEST_CASE][PASSED] - Test Cases/Filtreler/BitisYaz: Test Cases/Filtreler/BitisYaz

2021-10-14 17:19:45 - [TEST_STEP][PASSED] - Method.TextDegerineEsitElementinAltindakineTikla(findTestObject("Filtreler/Basliklar"), findTestObject("Filtreler/Basliga_Gore_Bitis_Image"), Filtre_Adi): Method.TextDegerineEsitElementinAltindakineTikla is PASSED

2021-10-14 17:19:45 - [MESSAGE][INFO] - Finding Test Object 'Object Repository/Filtreler/Basliklar'

2021-10-14 17:19:46 - [MESSAGE][INFO] - Finding Test Object 'Object Repository/Filtreler/Basliga_Gore_Bitis_Image'

2021-10-14 17:19:46 - [MESSAGE][INFO] - Checking timeout

2021-10-14 17:19:46 - [MESSAGE][INFO] - Finding web element with id: 'Object Repository/Filtreler/Basliklar' located by 'By.cssSelector: .control-label.col-sm-4.paddingMarginRLC' in '10' second(s)

2021-10-14 17:19:46 - [MESSAGE][INFO] - Smart Wait Function is triggered

2021-10-14 17:19:46 - [MESSAGE][INFO] - Found 13 web elements with id: 'Object Repository/Filtreler/Basliklar' located by 'By.cssSelector: .control-label.col-sm-4.paddingMarginRLC' in '10' second(s)

2021-10-14 17:19:46 - [MESSAGE][INFO] - Smart Wait Function is triggered

2021-10-14 17:19:46 - [MESSAGE][PASSED] - Method.TextDegerineEsitElementinAltindakineTikla is PASSED

2021-10-14 17:19:46 - [TEST_STEP][PASSED] - Method.TextDegerineEsitElementinAltindakiTextboxtaYaz(findTestObject("Filtreler/Basliklar"), findTestObject("Object Repository/Filtreler/Basliga_Gore_Bitis"), Filtre_Adi, Filtre_Degeri): Method.TextDegerineEsitElementinAltindakiTextboxtaYaz is PASSED

2021-10-14 17:19:46 - [MESSAGE][INFO] - Finding Test Object 'Object Repository/Filtreler/Basliklar'

2021-10-14 17:19:46 - [MESSAGE][INFO] - Finding Test Object 'Object Repository/Filtreler/Basliga_Gore_Bitis'

2021-10-14 17:19:46 - [MESSAGE][INFO] - Checking timeout

2021-10-14 17:19:46 - [MESSAGE][INFO] - Finding web element with id: 'Object Repository/Filtreler/Basliklar' located by 'By.cssSelector: .control-label.col-sm-4.paddingMarginRLC' in '10' second(s)

2021-10-14 17:19:46 - [MESSAGE][INFO] - Smart Wait Function is triggered

2021-10-14 17:19:47 - [MESSAGE][INFO] - Found 13 web elements with id: 'Object Repository/Filtreler/Basliklar' located by 'By.cssSelector: .control-label.col-sm-4.paddingMarginRLC' in '10' second(s)

2021-10-14 17:19:47 - [MESSAGE][INFO] - Smart Wait Function is triggered

2021-10-14 17:19:47 - [MESSAGE][PASSED] - Method.TextDegerineEsitElementinAltindakiTextboxtaYaz is PASSED

2021-10-14 17:19:47 - [MESSAGE][PASSED] - Call Test Case 'Test Cases/Filtreler/BitisYaz' successfully

2021-10-14 17:19:47 - [MESSAGE][INFO] - Checking called Test Case

2021-10-14 17:19:47 - [MESSAGE][INFO] - Starting to call Test Case 'Test Cases/Filtreler/ButonaTikla'

2021-10-14 17:19:47 - [TEST_CASE][PASSED] - Test Cases/Filtreler/ButonaTikla: Test Cases/Filtreler/ButonaTikla

2021-10-14 17:19:47 - [TEST_STEP][PASSED] - Method.TextDegerineEsitElementeTikla(findTestObject("Filtreler/Butonlar"), Filtre_Buton): Method.TextDegerineEsitElementeTikla is PASSED

2021-10-14 17:19:47 - [MESSAGE][INFO] - Finding Test Object 'Object Repository/Filtreler/Butonlar'

2021-10-14 17:19:47 - [MESSAGE][INFO] - Checking timeout

2021-10-14 17:19:47 - [MESSAGE][INFO] - Finding web element with id: 'Object Repository/Filtreler/Butonlar' located by 'By.cssSelector: .dxb>span' in '10' second(s)

2021-10-14 17:19:47 - [MESSAGE][INFO] - Smart Wait Function is triggered

2021-10-14 17:19:48 - [MESSAGE][INFO] - Found 3 web elements with id: 'Object Repository/Filtreler/Butonlar' located by 'By.cssSelector: .dxb>span' in '10' second(s)

2021-10-14 17:19:48 - [MESSAGE][PASSED] - Method.TextDegerineEsitElementeTikla is PASSED

2021-10-14 17:19:48 - [MESSAGE][PASSED] - Call Test Case 'Test Cases/Filtreler/ButonaTikla' successfully

2021-10-14 17:19:48 - [MESSAGE][INFO] - Checking called Test Case

2021-10-14 17:19:48 - [MESSAGE][INFO] - Starting to call Test Case 'Test Cases/Tablo/TablodaVeriVarMi'

2021-10-14 17:19:48 - [TEST_CASE][PASSED] - Test Cases/Tablo/TablodaVeriVarMi: Test Cases/Tablo/TablodaVeriVarMi

2021-10-14 17:19:48 - [TEST_STEP][PASSED] - verifyTextNotPresent("Görüntülenecek veri yok", true): Text 'Görüntülenecek veri yok' is not present on page using regular expression

2021-10-14 17:19:48 - [MESSAGE][INFO] - Checking text present  using regular expression

2021-10-14 17:19:48 - [MESSAGE][INFO] - Smart Wait Function is triggered

2021-10-14 17:19:49 - [MESSAGE][INFO] - Finding text 'Görüntülenecek veri yok' on page  using regular expression

2021-10-14 17:19:49 - [MESSAGE][PASSED] - Text 'Görüntülenecek veri yok' is not present on page using regular expression

2021-10-14 17:19:49 - [MESSAGE][PASSED] - Call Test Case 'Test Cases/Tablo/TablodaVeriVarMi' successfully

2021-10-14 17:19:49 - [MESSAGE][INFO] - Checking called Test Case

2021-10-14 17:19:49 - [MESSAGE][INFO] - Starting to call Test Case 'Test Cases/Tablo/TablodanVeriSec'

2021-10-14 17:19:49 - [TEST_CASE][PASSED] - Test Cases/Tablo/TablodanVeriSec: Test Cases/Tablo/TablodanVeriSec

2021-10-14 17:19:49 - [TEST_STEP][PASSED] - Method.TextDegerineEsitElementinAltindakineTikla(findTestObject("Tablo/Veriler"), findTestObject("Tablo/VerininCheckBoxi"), Veri_Adi): Method.TextDegerineEsitElementinAltindakineTikla is PASSED

2021-10-14 17:19:49 - [MESSAGE][INFO] - Finding Test Object 'Object Repository/Tablo/Veriler'

2021-10-14 17:19:49 - [MESSAGE][INFO] - Finding Test Object 'Object Repository/Tablo/VerininCheckBoxi'

2021-10-14 17:19:49 - [MESSAGE][INFO] - Checking timeout

2021-10-14 17:19:49 - [MESSAGE][INFO] - Finding web element with id: 'Object Repository/Tablo/Veriler' located by 'By.cssSelector: td.dxgv b ,td.dxgv' in '10' second(s)

2021-10-14 17:19:49 - [MESSAGE][INFO] - Smart Wait Function is triggered

2021-10-14 17:19:49 - [MESSAGE][INFO] - Found 26 web elements with id: 'Object Repository/Tablo/Veriler' located by 'By.cssSelector: td.dxgv b ,td.dxgv' in '10' second(s)

2021-10-14 17:19:49 - [MESSAGE][INFO] - Smart Wait Function is triggered

2021-10-14 17:19:50 - [MESSAGE][PASSED] - Method.TextDegerineEsitElementinAltindakineTikla is PASSED

2021-10-14 17:19:50 - [MESSAGE][PASSED] - Call Test Case 'Test Cases/Tablo/TablodanVeriSec' successfully

2021-10-14 17:19:50 - [MESSAGE][INFO] - Checking called Test Case

2021-10-14 17:19:50 - [MESSAGE][INFO] - Starting to call Test Case 'Test Cases/Butonlar/ButonaTikla'

2021-10-14 17:19:50 - [TEST_CASE][PASSED] - Test Cases/Butonlar/ButonaTikla: Test Cases/Butonlar/ButonaTikla

2021-10-14 17:19:50 - [TEST_STEP][PASSED] - Method.TextDegerineEsitElementeTiklaEquals(findTestObject("Butonlar/Butonlar"), Buton_Adi): Method.TextDegerineEsitElementeTiklaEquals is PASSED

2021-10-14 17:19:50 - [MESSAGE][INFO] - Finding Test Object 'Object Repository/Butonlar/Butonlar'

2021-10-14 17:19:50 - [MESSAGE][INFO] - Checking timeout

2021-10-14 17:19:50 - [MESSAGE][INFO] - Finding web element with id: 'Object Repository/Butonlar/Butonlar' located by 'By.cssSelector: .panel.panel-default.text-center.footerPanel .btn,.btn.btn-primary.btnControls' in '10' second(s)

2021-10-14 17:19:50 - [MESSAGE][INFO] - Smart Wait Function is triggered

2021-10-14 17:19:50 - [MESSAGE][INFO] - Found 7 web elements with id: 'Object Repository/Butonlar/Butonlar' located by 'By.cssSelector: .panel.panel-default.text-center.footerPanel .btn,.btn.btn-primary.btnControls' in '10' second(s)

2021-10-14 17:19:50 - [MESSAGE][PASSED] - Method.TextDegerineEsitElementeTiklaEquals is PASSED

2021-10-14 17:19:50 - [MESSAGE][PASSED] - Call Test Case 'Test Cases/Butonlar/ButonaTikla' successfully

2021-10-14 17:19:50 - [MESSAGE][INFO] - Checking called Test Case

2021-10-14 17:19:50 - [MESSAGE][INFO] - Starting to call Test Case 'Test Cases/Butonlar/AltButonaTikla'

2021-10-14 17:19:50 - [TEST_CASE][PASSED] - Test Cases/Butonlar/AltButonaTikla: Test Cases/Butonlar/AltButonaTikla

2021-10-14 17:19:50 - [TEST_STEP][PASSED] - Method.TextDegerineEsitElementeTikla(findTestObject("Butonlar/AltButonlar"), Alt_Buton): Method.TextDegerineEsitElementeTikla is PASSED

2021-10-14 17:19:50 - [MESSAGE][INFO] - Finding Test Object 'Object Repository/Butonlar/AltButonlar'

2021-10-14 17:19:50 - [MESSAGE][INFO] - Checking timeout

2021-10-14 17:19:50 - [MESSAGE][INFO] - Finding web element with id: 'Object Repository/Butonlar/AltButonlar' located by 'By.cssSelector: .btn-group.open li>a' in '10' second(s)

2021-10-14 17:19:50 - [MESSAGE][INFO] - Smart Wait Function is triggered

2021-10-14 17:19:51 - [MESSAGE][INFO] - Found 2 web elements with id: 'Object Repository/Butonlar/AltButonlar' located by 'By.cssSelector: .btn-group.open li>a' in '10' second(s)

2021-10-14 17:19:51 - [MESSAGE][PASSED] - Method.TextDegerineEsitElementeTikla is PASSED

2021-10-14 17:19:51 - [MESSAGE][PASSED] - Call Test Case 'Test Cases/Butonlar/AltButonaTikla' successfully

2021-10-14 17:19:51 - [MESSAGE][INFO] - Checking called Test Case

2021-10-14 17:19:51 - [MESSAGE][INFO] - Starting to call Test Case 'Test Cases/Sekmeler/YeniSekmeyeGec'

2021-10-14 17:19:51 - [TEST_CASE][PASSED] - Test Cases/Sekmeler/YeniSekmeyeGec: Test Cases/Sekmeler/YeniSekmeyeGec

2021-10-14 17:19:51 - [TEST_STEP][PASSED] - switchToWindowIndex(1): Switched to window with index: '1'

2021-10-14 17:19:51 - [MESSAGE][INFO] - Checking index

2021-10-14 17:19:51 - [MESSAGE][INFO] - Switching window with index: '1'

2021-10-14 17:19:51 - [MESSAGE][PASSED] - Switched to window with index: '1'

2021-10-14 17:19:51 - [MESSAGE][PASSED] - Call Test Case 'Test Cases/Sekmeler/YeniSekmeyeGec' successfully

2021-10-14 17:19:51 - [MESSAGE][INFO] - Checking called Test Case

2021-10-14 17:19:51 - [MESSAGE][INFO] - Starting to call Test Case 'Test Cases/Sekmeler/TagGeldiMi'

2021-10-14 17:19:51 - [TEST_CASE][PASSED] - Test Cases/Sekmeler/TagGeldiMi: Test Cases/Sekmeler/TagGeldiMi

2021-10-14 17:19:51 - [TEST_STEP][PASSED] - waitForElementPresent(findTestObject("Object Repository/Sekmeler/UBLTag"), 10): Object 'Object Repository/Sekmeler/UBLTag' is present

2021-10-14 17:19:51 - [MESSAGE][INFO] - Finding Test Object 'Object Repository/Sekmeler/UBLTag'

2021-10-14 17:19:51 - [MESSAGE][INFO] - Checking object

2021-10-14 17:19:51 - [MESSAGE][INFO] - Finding web element from Test Object's properties

2021-10-14 17:19:51 - [MESSAGE][INFO] - Checking timeout

2021-10-14 17:19:51 - [MESSAGE][INFO] - Finding web element with id: 'Object Repository/Sekmeler/UBLTag' located by 'By.cssSelector: #webkit-xml-viewer-source-xml>:first-child' in '10' second(s)

2021-10-14 17:19:51 - [MESSAGE][INFO] - Smart Wait Function is triggered

2021-10-14 17:19:51 - [MESSAGE][INFO] - Found 1 web elements with id: 'Object Repository/Sekmeler/UBLTag' located by 'By.cssSelector: #webkit-xml-viewer-source-xml>:first-child' in '10' second(s)

2021-10-14 17:19:51 - [MESSAGE][PASSED] - Object 'Object Repository/Sekmeler/UBLTag' is present

2021-10-14 17:19:51 - [TEST_STEP][PASSED] - println(toLowerCase().toString()): Found 1 web elements with id: 'Object Repository/Sekmeler/UBLTag' located by 'By.cssSelector: #webkit-xml-viewer-source-xml>:first-child' in '10' second(s)

2021-10-14 17:19:51 - [MESSAGE][INFO] - Finding Test Object 'Object Repository/Sekmeler/UBLTag'

2021-10-14 17:19:51 - [MESSAGE][INFO] - Finding web element from Test Object's properties

2021-10-14 17:19:51 - [MESSAGE][INFO] - Checking timeout

2021-10-14 17:19:51 - [MESSAGE][INFO] - Finding web element with id: 'Object Repository/Sekmeler/UBLTag' located by 'By.cssSelector: #webkit-xml-viewer-source-xml>:first-child' in '10' second(s)

2021-10-14 17:19:51 - [MESSAGE][INFO] - Smart Wait Function is triggered

2021-10-14 17:19:51 - [MESSAGE][INFO] - Found 1 web elements with id: 'Object Repository/Sekmeler/UBLTag' located by 'By.cssSelector: #webkit-xml-viewer-source-xml>:first-child' in '10' second(s)

2021-10-14 17:19:51 - [TEST_STEP][PASSED] - if (!(toString().contains(toString().toLowerCase()))): Found 1 web elements with id: 'Object Repository/Sekmeler/UBLTag' located by 'By.cssSelector: #webkit-xml-viewer-source-xml>:first-child' in '10' second(s)

2021-10-14 17:19:51 - [MESSAGE][INFO] - Finding Test Object 'Object Repository/Sekmeler/UBLTag'

2021-10-14 17:19:51 - [MESSAGE][INFO] - Finding web element from Test Object's properties

2021-10-14 17:19:51 - [MESSAGE][INFO] - Checking timeout

2021-10-14 17:19:51 - [MESSAGE][INFO] - Finding web element with id: 'Object Repository/Sekmeler/UBLTag' located by 'By.cssSelector: #webkit-xml-viewer-source-xml>:first-child' in '10' second(s)

2021-10-14 17:19:51 - [MESSAGE][INFO] - Smart Wait Function is triggered

2021-10-14 17:19:51 - [MESSAGE][INFO] - Found 1 web elements with id: 'Object Repository/Sekmeler/UBLTag' located by 'By.cssSelector: #webkit-xml-viewer-source-xml>:first-child' in '10' second(s)

2021-10-14 17:19:51 - [MESSAGE][PASSED] - Call Test Case 'Test Cases/Sekmeler/TagGeldiMi' successfully

2021-10-14 17:19:51 - [MESSAGE][INFO] - Checking called Test Case

2021-10-14 17:19:51 - [MESSAGE][INFO] - Starting to call Test Case 'Test Cases/Sekmeler/Ana_Sekmeye_Gec'

2021-10-14 17:19:52 - [TEST_CASE][PASSED] - Test Cases/Sekmeler/Ana_Sekmeye_Gec: Test Cases/Sekmeler/Ana_Sekmeye_Gec

2021-10-14 17:19:52 - [TEST_STEP][PASSED] - try: Window with index 1 is closed

2021-10-14 17:19:52 - [TEST_STEP][PASSED] - index = getWindowIndex(): Current window's index is: 1

2021-10-14 17:19:52 - [MESSAGE][INFO] - Getting current window's index

2021-10-14 17:19:52 - [MESSAGE][PASSED] - Current window's index is: 1

2021-10-14 17:19:52 - [TEST_STEP][PASSED] - closeWindowIndex(index): Window with index 1 is closed

2021-10-14 17:19:52 - [MESSAGE][INFO] - Checking index

2021-10-14 17:19:52 - [MESSAGE][INFO] - Closing window with index 1

2021-10-14 17:19:52 - [MESSAGE][PASSED] - Window with index 1 is closed

2021-10-14 17:19:52 - [TEST_STEP][PASSED] - switchToWindowIndex(0): Switched to window with index: '0'

2021-10-14 17:19:52 - [MESSAGE][INFO] - Checking index

2021-10-14 17:19:52 - [MESSAGE][INFO] - Switching window with index: '0'

2021-10-14 17:19:52 - [MESSAGE][PASSED] - Switched to window with index: '0'

2021-10-14 17:19:52 - [MESSAGE][PASSED] - Call Test Case 'Test Cases/Sekmeler/Ana_Sekmeye_Gec' successfully

2021-10-14 17:19:52 - [MESSAGE][INFO] - Checking called Test Case

2021-10-14 17:19:52 - [MESSAGE][INFO] - Starting to call Test Case 'Test Cases/Butonlar/ButonaTikla'

2021-10-14 17:19:52 - [TEST_CASE][PASSED] - Test Cases/Butonlar/ButonaTikla: Test Cases/Butonlar/ButonaTikla

2021-10-14 17:19:52 - [TEST_STEP][PASSED] - Method.TextDegerineEsitElementeTiklaEquals(findTestObject("Butonlar/Butonlar"), Buton_Adi): Method.TextDegerineEsitElementeTiklaEquals is PASSED

2021-10-14 17:19:52 - [MESSAGE][INFO] - Finding Test Object 'Object Repository/Butonlar/Butonlar'

2021-10-14 17:19:52 - [MESSAGE][INFO] - Checking timeout

2021-10-14 17:19:52 - [MESSAGE][INFO] - Finding web element with id: 'Object Repository/Butonlar/Butonlar' located by 'By.cssSelector: .panel.panel-default.text-center.footerPanel .btn,.btn.btn-primary.btnControls' in '10' second(s)

2021-10-14 17:19:52 - [MESSAGE][INFO] - Smart Wait Function is triggered

2021-10-14 17:19:52 - [MESSAGE][INFO] - Found 7 web elements with id: 'Object Repository/Butonlar/Butonlar' located by 'By.cssSelector: .panel.panel-default.text-center.footerPanel .btn,.btn.btn-primary.btnControls' in '10' second(s)

2021-10-14 17:19:52 - [MESSAGE][PASSED] - Method.TextDegerineEsitElementeTiklaEquals is PASSED

2021-10-14 17:19:52 - [MESSAGE][PASSED] - Call Test Case 'Test Cases/Butonlar/ButonaTikla' successfully

2021-10-14 17:19:52 - [MESSAGE][INFO] - Checking called Test Case

2021-10-14 17:19:52 - [MESSAGE][INFO] - Starting to call Test Case 'Test Cases/Butonlar/AltButonaTikla'

2021-10-14 17:19:52 - [TEST_CASE][PASSED] - Test Cases/Butonlar/AltButonaTikla: Test Cases/Butonlar/AltButonaTikla

2021-10-14 17:19:52 - [TEST_STEP][PASSED] - Method.TextDegerineEsitElementeTikla(findTestObject("Butonlar/AltButonlar"), Alt_Buton): Method.TextDegerineEsitElementeTikla is PASSED

2021-10-14 17:19:52 - [MESSAGE][INFO] - Finding Test Object 'Object Repository/Butonlar/AltButonlar'

2021-10-14 17:19:52 - [MESSAGE][INFO] - Checking timeout

2021-10-14 17:19:52 - [MESSAGE][INFO] - Finding web element with id: 'Object Repository/Butonlar/AltButonlar' located by 'By.cssSelector: .btn-group.open li>a' in '10' second(s)

2021-10-14 17:19:52 - [MESSAGE][INFO] - Smart Wait Function is triggered

2021-10-14 17:19:53 - [MESSAGE][INFO] - Found 2 web elements with id: 'Object Repository/Butonlar/AltButonlar' located by 'By.cssSelector: .btn-group.open li>a' in '10' second(s)

2021-10-14 17:19:53 - [MESSAGE][PASSED] - Method.TextDegerineEsitElementeTikla is PASSED

2021-10-14 17:19:53 - [MESSAGE][PASSED] - Call Test Case 'Test Cases/Butonlar/AltButonaTikla' successfully

2021-10-14 17:19:53 - [MESSAGE][INFO] - Checking called Test Case

2021-10-14 17:19:53 - [MESSAGE][INFO] - Starting to call Test Case 'Test Cases/Butonlar/DosyaIndirildiMi'

2021-10-14 17:19:53 - [TEST_CASE][PASSED] - Test Cases/Butonlar/DosyaIndirildiMi: Test Cases/Butonlar/DosyaIndirildiMi

2021-10-14 17:19:53 - [TEST_STEP][PASSED] - Method.isimliDosyaIndirildiMi(DownloadFile, FileName): Method.isimliDosyaIndirildiMi is PASSED

2021-10-14 17:19:53 - [MESSAGE][INFO] - Delaying browser in 3 second(s)

2021-10-14 17:19:56 - [MESSAGE][PASSED] - Delayed 3 second(s)

2021-10-14 17:19:56 - [MESSAGE][PASSED] - Method.isimliDosyaIndirildiMi is PASSED

2021-10-14 17:19:56 - [MESSAGE][PASSED] - Call Test Case 'Test Cases/Butonlar/DosyaIndirildiMi' successfully

2021-10-14 17:19:56 - [MESSAGE][INFO] - Checking called Test Case

2021-10-14 17:19:56 - [MESSAGE][INFO] - Starting to call Test Case 'Test Cases/Kullanici_Islemleri/KullaniciIslemlerindenSecimYapilir'

2021-10-14 17:19:56 - [TEST_CASE][PASSED] - Test Cases/Kullanici_Islemleri/KullaniciIslemlerindenSecimYapilir: Test Cases/Kullanici_Islemleri/KullaniciIslemlerindenSecimYapilir

2021-10-14 17:19:56 - [TEST_STEP][PASSED] - waitForElementClickable(findTestObject("Object Repository/Kullanici_Islemleri/KullaniciIslemleri"), 10): Object 'Object Repository/Kullanici_Islemleri/KullaniciIslemleri' is clickable

2021-10-14 17:19:56 - [MESSAGE][INFO] - Finding Test Object 'Object Repository/Kullanici_Islemleri/KullaniciIslemleri'

2021-10-14 17:19:56 - [MESSAGE][INFO] - Checking object

2021-10-14 17:19:56 - [MESSAGE][INFO] - Checking timeout

2021-10-14 17:19:56 - [MESSAGE][INFO] - Finding web element from Test Object's properties

2021-10-14 17:19:56 - [MESSAGE][INFO] - Checking timeout

2021-10-14 17:19:56 - [MESSAGE][INFO] - Finding web element with id: 'Object Repository/Kullanici_Islemleri/KullaniciIslemleri' located by 'By.cssSelector: .dropdown>a>img' in '10' second(s)

2021-10-14 17:19:56 - [MESSAGE][INFO] - Smart Wait Function is triggered

2021-10-14 17:19:56 - [MESSAGE][INFO] - Found 1 web elements with id: 'Object Repository/Kullanici_Islemleri/KullaniciIslemleri' located by 'By.cssSelector: .dropdown>a>img' in '10' second(s)

2021-10-14 17:19:56 - [MESSAGE][PASSED] - Object 'Object Repository/Kullanici_Islemleri/KullaniciIslemleri' is clickable

2021-10-14 17:19:56 - [TEST_STEP][PASSED] - click(findTestObject("Object Repository/Kullanici_Islemleri/KullaniciIslemleri")): Object: 'Object Repository/Kullanici_Islemleri/KullaniciIslemleri' is clicked on

2021-10-14 17:19:56 - [MESSAGE][INFO] - Finding Test Object 'Object Repository/Kullanici_Islemleri/KullaniciIslemleri'

2021-10-14 17:19:57 - [MESSAGE][INFO] - Checking object

2021-10-14 17:19:57 - [MESSAGE][INFO] - Finding web element from Test Object's properties

2021-10-14 17:19:57 - [MESSAGE][INFO] - Checking timeout

2021-10-14 17:19:57 - [MESSAGE][INFO] - Finding web element with id: 'Object Repository/Kullanici_Islemleri/KullaniciIslemleri' located by 'By.cssSelector: .dropdown>a>img' in '30' second(s)

2021-10-14 17:19:57 - [MESSAGE][INFO] - Smart Wait Function is triggered

2021-10-14 17:19:57 - [MESSAGE][INFO] - Found 1 web elements with id: 'Object Repository/Kullanici_Islemleri/KullaniciIslemleri' located by 'By.cssSelector: .dropdown>a>img' in '30' second(s)

2021-10-14 17:19:57 - [MESSAGE][INFO] - Clicking on object: 'Object Repository/Kullanici_Islemleri/KullaniciIslemleri'

2021-10-14 17:19:57 - [MESSAGE][PASSED] - Object: 'Object Repository/Kullanici_Islemleri/KullaniciIslemleri' is clicked on

2021-10-14 17:19:57 - [TEST_STEP][PASSED] - Method.TextDegerineEsitElementeTikla(findTestObject("Object Repository/Kullanici_Islemleri/Secenekler"), Islem): Method.TextDegerineEsitElementeTikla is PASSED

2021-10-14 17:19:57 - [MESSAGE][INFO] - Finding Test Object 'Object Repository/Kullanici_Islemleri/Secenekler'

2021-10-14 17:19:57 - [MESSAGE][INFO] - Checking timeout

2021-10-14 17:19:57 - [MESSAGE][INFO] - Finding web element with id: 'Object Repository/Kullanici_Islemleri/Secenekler' located by 'By.cssSelector: .nav.navbar-nav.navbar-right li a' in '10' second(s)

2021-10-14 17:19:57 - [MESSAGE][INFO] - Smart Wait Function is triggered

2021-10-14 17:19:57 - [MESSAGE][INFO] - Found 22 web elements with id: 'Object Repository/Kullanici_Islemleri/Secenekler' located by 'By.cssSelector: .nav.navbar-nav.navbar-right li a' in '10' second(s)

2021-10-14 17:19:59 - [MESSAGE][PASSED] - Method.TextDegerineEsitElementeTikla is PASSED

2021-10-14 17:19:59 - [TEST_STEP][PASSED] - verifyElementNotPresent(findTestObject("Object Repository/Kullanici_Islemleri/Secenekler"), 10): Web element with id: 'Object Repository/Kullanici_Islemleri/Secenekler' located by 'By.cssSelector: .nav.navbar-nav.navbar-right li a' is not present after '10' second(s)

2021-10-14 17:19:59 - [MESSAGE][INFO] - Finding Test Object 'Object Repository/Kullanici_Islemleri/Secenekler'

2021-10-14 17:19:59 - [MESSAGE][INFO] - Checking object

2021-10-14 17:19:59 - [MESSAGE][INFO] - Checking timeout

2021-10-14 17:19:59 - [MESSAGE][INFO] - Finding web element with id: 'Object Repository/Kullanici_Islemleri/Secenekler' located by 'By.cssSelector: .nav.navbar-nav.navbar-right li a' in '10' second(s)

2021-10-14 17:19:59 - [MESSAGE][INFO] - Smart Wait Function is triggered

2021-10-14 17:19:59 - [MESSAGE][PASSED] - Web element with id: 'Object Repository/Kullanici_Islemleri/Secenekler' located by 'By.cssSelector: .nav.navbar-nav.navbar-right li a' is not present after '10' second(s)

2021-10-14 17:19:59 - [MESSAGE][PASSED] - Call Test Case 'Test Cases/Kullanici_Islemleri/KullaniciIslemlerindenSecimYapilir' successfully

2021-10-14 17:19:59 - [TEST_CASE][PASSED] - Start Test Case : SCENARIO e-Fatura Gelen Kutusu Uygulama Yanıtlari UBL - Goster: SCENARIO e-Fatura Gelen Kutusu Uygulama Yanıtlari UBL - Goster

2021-10-14 17:19:59 - [TEST_STEP][PASSED] - Kullanıcı adı ELOGO6 ve Şifre 123456 olarak giriş yapılır: Kullanıcı adı ELOGO6 ve Şifre 123456 olarak giriş yapılır

2021-10-14 17:19:59 - [MESSAGE][PASSED] - Kullanıcı adı ELOGO6 ve Şifre 123456 olarak giriş yapılır

2021-10-14 17:19:59 - [TEST_STEP][PASSED] - Ana menüden e-Fatura seçilir: Ana menüden e-Fatura seçilir

2021-10-14 17:19:59 - [MESSAGE][PASSED] - Ana menüden e-Fatura seçilir

2021-10-14 17:19:59 - [TEST_STEP][PASSED] - Alt menü Gelen Kutusu başlığı altındaki Uygulama Yanıtları seçilir: Alt menü Gelen Kutusu başlığı altındaki Uygulama Yanıtları seçilir

2021-10-14 17:19:59 - [MESSAGE][PASSED] - Alt menü Gelen Kutusu başlığı altındaki Uygulama Yanıtları seçilir

2021-10-14 17:19:59 - [TEST_STEP][PASSED] - Filtrelerden Oluşturma Tarihi filtresine 01.12.2020 baslangic degerini yaz: Filtrelerden Oluşturma Tarihi filtresine 01.12.2020 baslangic degerini yaz

2021-10-14 17:19:59 - [MESSAGE][PASSED] - Filtrelerden Oluşturma Tarihi filtresine 01.12.2020 baslangic degerini yaz

2021-10-14 17:19:59 - [TEST_STEP][PASSED] - Filtrelerden Oluşturma Tarihi filtresine 31.12.2020 bitis degerini yaz: Filtrelerden Oluşturma Tarihi filtresine 31.12.2020 bitis degerini yaz

2021-10-14 17:19:59 - [MESSAGE][PASSED] - Filtrelerden Oluşturma Tarihi filtresine 31.12.2020 bitis degerini yaz

2021-10-14 17:19:59 - [TEST_STEP][PASSED] - Filtre butonlarından Listele seçilir: Filtre butonlarından Listele seçilir

2021-10-14 17:19:59 - [MESSAGE][PASSED] - Filtre butonlarından Listele seçilir

2021-10-14 17:19:59 - [TEST_STEP][PASSED] - Tabloda veri var mı kontrol edilir: Tabloda veri var mı kontrol edilir

2021-10-14 17:19:59 - [MESSAGE][PASSED] - Tabloda veri var mı kontrol edilir

2021-10-14 17:19:59 - [TEST_STEP][PASSED] - Tablodan 1234567806 isimli veri seçilir: Tablodan 1234567806 isimli veri seçilir

2021-10-14 17:19:59 - [MESSAGE][PASSED] - Tablodan 1234567806 isimli veri seçilir

2021-10-14 17:19:59 - [TEST_STEP][PASSED] - Butonlardan UBL isimli butona tıklanır: Butonlardan UBL isimli butona tıklanır

2021-10-14 17:19:59 - [MESSAGE][PASSED] - Butonlardan UBL isimli butona tıklanır

2021-10-14 17:19:59 - [TEST_STEP][PASSED] - Alt butonlardan Göster butonuna tıklanır: Alt butonlardan Göster butonuna tıklanır

2021-10-14 17:19:59 - [MESSAGE][PASSED] - Alt butonlardan Göster butonuna tıklanır

2021-10-14 17:19:59 - [TEST_STEP][PASSED] - Yeni açılan sekmeye geçilir: Yeni açılan sekmeye geçilir

2021-10-14 17:19:59 - [MESSAGE][PASSED] - Yeni açılan sekmeye geçilir

2021-10-14 17:19:59 - [TEST_STEP][PASSED] - ApplicationResponse tagli ubl geldi mi: ApplicationResponse tagli ubl geldi mi

2021-10-14 17:19:59 - [MESSAGE][PASSED] - ApplicationResponse tagli ubl geldi mi

2021-10-14 17:19:59 - [TEST_STEP][PASSED] - Ana sekmeye geçilir: Ana sekmeye geçilir

2021-10-14 17:19:59 - [MESSAGE][PASSED] - Ana sekmeye geçilir

2021-10-14 17:19:59 - [TEST_STEP][PASSED] - Butonlardan UBL isimli butona tıklanır: Butonlardan UBL isimli butona tıklanır

2021-10-14 17:19:59 - [MESSAGE][PASSED] - Butonlardan UBL isimli butona tıklanır

2021-10-14 17:19:59 - [TEST_STEP][PASSED] - Alt butonlardan İndir butonuna tıklanır: Alt butonlardan İndir butonuna tıklanır

2021-10-14 17:19:59 - [MESSAGE][PASSED] - Alt butonlardan İndir butonuna tıklanır

2021-10-14 17:19:59 - [TEST_STEP][PASSED] - Ön eki ApplicationResponse olan dosya indirildi mi: Ön eki ApplicationResponse olan dosya indirildi mi

2021-10-14 17:19:59 - [MESSAGE][PASSED] - Ön eki ApplicationResponse olan dosya indirildi mi

2021-10-14 17:19:59 - [TEST_STEP][PASSED] - Kullanıcı işlemlerinden Çıkış seçilir: Kullanıcı işlemlerinden Çıkış seçilir

2021-10-14 17:19:59 - [MESSAGE][PASSED] - Kullanıcı işlemlerinden Çıkış seçilir

2021-10-14 17:19:59 - [MESSAGE][PASSED] - Feature file: 'Include/features/e-Fatura/Gelen Kutusu/Uygulama Yanitlari/UBL-Goster-Indir.feature' was passed

2021-10-14 17:19:59 - [TEST_STEP][PASSED] - Start listener action : sampleAfterTestSuite: Invoke 'com.kms.katalon.core.annotation.AfterTestCase' method: 'Listener.sampleAfterTestSuite(...)' completed.

2021-10-14 17:19:59 - [MESSAGE][INFO] - Starting invoke 'com.kms.katalon.core.annotation.AfterTestCase' method: 'Listener.sampleAfterTestSuite(...)'

2021-10-14 17:19:59 - [TEST_STEP][PASSED] - closeBrowser(): Invoke 'com.kms.katalon.core.annotation.AfterTestCase' method: 'Listener.sampleAfterTestSuite(...)' completed.

2021-10-14 17:19:59 - [MESSAGE][INFO] - Closing browser

2021-10-14 17:20:00 - [MESSAGE][PASSED] - Browser is closed

2021-10-14 17:20:00 - [MESSAGE][INFO] - Invoke 'com.kms.katalon.core.annotation.AfterTestCase' method: 'Listener.sampleAfterTestSuite(...)' completed.]]></system-out>
         <system-err><![CDATA[]]></system-err>
      </testcase>
      <testcase name="Test Cases/Case Repository/e-Fatura/Giden Kutusu/Faturalar/Departman Ata-Geri Al" time="43.993" classname="Test Cases/Case Repository/e-Fatura/Giden Kutusu/Faturalar/Departman Ata-Geri Al" status="PASSED">
         <system-out><![CDATA[2021-10-14 17:20:00 - [TEST_CASE][PASSED] - Test Cases/Case Repository/e-Fatura/Giden Kutusu/Faturalar/Departman Ata-Geri Al: Test Cases/Case Repository/e-Fatura/Giden Kutusu/Faturalar/Departman Ata-Geri Al

2021-10-14 17:20:00 - [TEST_STEP][PASSED] - Start listener action : sampleBeforeTestSuite: Invoke 'com.kms.katalon.core.annotation.BeforeTestCase' method: 'Listener.sampleBeforeTestSuite(...)' completed.

2021-10-14 17:20:00 - [MESSAGE][INFO] - Starting invoke 'com.kms.katalon.core.annotation.BeforeTestCase' method: 'Listener.sampleBeforeTestSuite(...)'

2021-10-14 17:20:00 - [TEST_STEP][PASSED] - openBrowser(baseUrl): Browser is opened with url: 'https://efatura-stage.elogo.com.tr/'

2021-10-14 17:20:00 - [MESSAGE][INFO] - Opening browser

2021-10-14 17:20:00 - [MESSAGE][INFO] - Starting 'Chrome' driver

2021-10-14 17:20:00 - [MESSAGE][INFO] - User set preference: ['prefs', '{download.default_directory=C:\otomasyondownfiles}']

2021-10-14 17:20:00 - [MESSAGE][INFO] - Action delay is set to 0 milliseconds

2021-10-14 17:20:01 - [MESSAGE][INFO] - Navigating browser to: 'https://efatura-stage.elogo.com.tr/'

2021-10-14 17:20:04 - [MESSAGE][PASSED] - Browser is opened with url: 'https://efatura-stage.elogo.com.tr/'

2021-10-14 17:20:04 - [TEST_STEP][PASSED] - maximizeWindow(): Invoke 'com.kms.katalon.core.annotation.BeforeTestCase' method: 'Listener.sampleBeforeTestSuite(...)' completed.

2021-10-14 17:20:04 - [MESSAGE][INFO] - Maximizing current window

2021-10-14 17:20:04 - [MESSAGE][PASSED] - Current window maximized

2021-10-14 17:20:04 - [MESSAGE][INFO] - Invoke 'com.kms.katalon.core.annotation.BeforeTestCase' method: 'Listener.sampleBeforeTestSuite(...)' completed.

2021-10-14 17:20:04 - [TEST_STEP][PASSED] - runFeatureFile("Include/features/e-Fatura/Giden Kutusu/Faturalar/Departman Ata-Geri Al.feature"): Feature file: 'Include/features/e-Fatura/Giden Kutusu/Faturalar/Departman Ata-Geri Al.feature' was passed

2021-10-14 17:20:04 - [MESSAGE][INFO] - Starting run keyword runFeatureFile: 'Include/features/e-Fatura/Giden Kutusu/Faturalar/Departman Ata-Geri Al.feature' and extract report to folder: 'C:\Users\DELL\Downloads\EES_Katalon-main\Reports\20211014_170112\Suite Repository\e-Fatura\20211014_170113/cucumber_report/1634221204826'...

2021-10-14 17:20:04 - [MESSAGE][INFO] - Glue: []

2021-10-14 17:20:05 - [MESSAGE][INFO] - Checking called Test Case

2021-10-14 17:20:05 - [MESSAGE][INFO] - Starting to call Test Case 'Test Cases/Sayfalar/Giris_Sayfasi/Login'

2021-10-14 17:20:05 - [TEST_CASE][PASSED] - Test Cases/Sayfalar/Giris_Sayfasi/Login: Test Cases/Sayfalar/Giris_Sayfasi/Login

2021-10-14 17:20:05 - [TEST_STEP][PASSED] - Sayfa_Basligi = getWindowTitle(): Current window's title is: 'LOGO e-Fatura'

2021-10-14 17:20:05 - [MESSAGE][INFO] - Getting current window's title

2021-10-14 17:20:05 - [MESSAGE][PASSED] - Current window's title is: 'LOGO e-Fatura'

2021-10-14 17:20:05 - [TEST_STEP][PASSED] - verifyMatch(Sayfa_Basligi, "LOGO e-Fatura", false): Actual text 'LOGO e-Fatura' and expected text 'LOGO e-Fatura' are matched 

2021-10-14 17:20:05 - [MESSAGE][INFO] - Matching actual text 'LOGO e-Fatura' with expected text 'LOGO e-Fatura'

2021-10-14 17:20:05 - [MESSAGE][PASSED] - Actual text 'LOGO e-Fatura' and expected text 'LOGO e-Fatura' are matched 

2021-10-14 17:20:05 - [TEST_STEP][PASSED] - sendKeys(findTestObject("Sayfalar/Giris_Sayfasi/Firma_Kodu"), KullaniciAdi): Keys 'ELOGO6' sent to object: 'Object Repository/Sayfalar/Giris_Sayfasi/Firma_Kodu'

2021-10-14 17:20:05 - [MESSAGE][INFO] - Finding Test Object 'Object Repository/Sayfalar/Giris_Sayfasi/Firma_Kodu'

2021-10-14 17:20:06 - [MESSAGE][INFO] - Sending keys 'ELOGO6' to object: 'Object Repository/Sayfalar/Giris_Sayfasi/Firma_Kodu'

2021-10-14 17:20:06 - [MESSAGE][INFO] - Finding web element from Test Object's properties

2021-10-14 17:20:06 - [MESSAGE][INFO] - Checking timeout

2021-10-14 17:20:06 - [MESSAGE][INFO] - Finding web element with id: 'Object Repository/Sayfalar/Giris_Sayfasi/Firma_Kodu' located by 'By.xpath: //*[@id = 'AccountName']' in '30' second(s)

2021-10-14 17:20:06 - [MESSAGE][INFO] - Smart Wait Function is triggered

2021-10-14 17:20:06 - [MESSAGE][INFO] - Found 1 web elements with id: 'Object Repository/Sayfalar/Giris_Sayfasi/Firma_Kodu' located by 'By.xpath: //*[@id = 'AccountName']' in '30' second(s)

2021-10-14 17:20:06 - [MESSAGE][PASSED] - Keys 'ELOGO6' sent to object: 'Object Repository/Sayfalar/Giris_Sayfasi/Firma_Kodu'

2021-10-14 17:20:06 - [TEST_STEP][PASSED] - sendKeys(findTestObject("Sayfalar/Giris_Sayfasi/Sifre"), Sifre): Keys '123456' sent to object: 'Object Repository/Sayfalar/Giris_Sayfasi/Sifre'

2021-10-14 17:20:06 - [MESSAGE][INFO] - Finding Test Object 'Object Repository/Sayfalar/Giris_Sayfasi/Sifre'

2021-10-14 17:20:06 - [MESSAGE][INFO] - Sending keys '123456' to object: 'Object Repository/Sayfalar/Giris_Sayfasi/Sifre'

2021-10-14 17:20:06 - [MESSAGE][INFO] - Finding web element from Test Object's properties

2021-10-14 17:20:06 - [MESSAGE][INFO] - Checking timeout

2021-10-14 17:20:06 - [MESSAGE][INFO] - Finding web element with id: 'Object Repository/Sayfalar/Giris_Sayfasi/Sifre' located by 'By.xpath: //*[@id = 'Password']' in '30' second(s)

2021-10-14 17:20:06 - [MESSAGE][INFO] - Smart Wait Function is triggered

2021-10-14 17:20:07 - [MESSAGE][INFO] - Found 1 web elements with id: 'Object Repository/Sayfalar/Giris_Sayfasi/Sifre' located by 'By.xpath: //*[@id = 'Password']' in '30' second(s)

2021-10-14 17:20:07 - [MESSAGE][PASSED] - Keys '123456' sent to object: 'Object Repository/Sayfalar/Giris_Sayfasi/Sifre'

2021-10-14 17:20:07 - [TEST_STEP][PASSED] - findWebElement(findTestObject("Sayfalar/Giris_Sayfasi/Giris_Butonu")).click(): Found 1 web elements with id: 'Object Repository/Sayfalar/Giris_Sayfasi/Giris_Butonu' located by 'By.cssSelector: #btnLogin' in '30' second(s)

2021-10-14 17:20:07 - [MESSAGE][INFO] - Finding Test Object 'Object Repository/Sayfalar/Giris_Sayfasi/Giris_Butonu'

2021-10-14 17:20:07 - [MESSAGE][INFO] - Finding web element from Test Object's properties

2021-10-14 17:20:07 - [MESSAGE][INFO] - Checking timeout

2021-10-14 17:20:07 - [MESSAGE][INFO] - Finding web element with id: 'Object Repository/Sayfalar/Giris_Sayfasi/Giris_Butonu' located by 'By.cssSelector: #btnLogin' in '30' second(s)

2021-10-14 17:20:07 - [MESSAGE][INFO] - Smart Wait Function is triggered

2021-10-14 17:20:07 - [MESSAGE][INFO] - Found 1 web elements with id: 'Object Repository/Sayfalar/Giris_Sayfasi/Giris_Butonu' located by 'By.cssSelector: #btnLogin' in '30' second(s)

2021-10-14 17:20:10 - [TEST_STEP][PASSED] - if (verifyElementPresent(findTestObject("Object Repository/Sayfalar/Giris_Sayfasi/RetveTamam_Butonu"), 5, OPTIONAL)): null

2021-10-14 17:20:10 - [MESSAGE][INFO] - Finding Test Object 'Object Repository/Sayfalar/Giris_Sayfasi/RetveTamam_Butonu'

2021-10-14 17:20:10 - [MESSAGE][INFO] - Checking object

2021-10-14 17:20:10 - [MESSAGE][INFO] - Finding web element from Test Object's properties

2021-10-14 17:20:10 - [MESSAGE][INFO] - Checking timeout

2021-10-14 17:20:10 - [MESSAGE][INFO] - Finding web element with id: 'Object Repository/Sayfalar/Giris_Sayfasi/RetveTamam_Butonu' located by 'By.xpath: //*[@class = 'btn btn-default']' in '5' second(s)

2021-10-14 17:20:10 - [MESSAGE][INFO] - Smart Wait Function is triggered

2021-10-14 17:20:10 - [MESSAGE][INFO] - Found 1 web elements with id: 'Object Repository/Sayfalar/Giris_Sayfasi/RetveTamam_Butonu' located by 'By.xpath: //*[@class = 'btn btn-default']' in '5' second(s)

2021-10-14 17:20:10 - [MESSAGE][PASSED] - Object 'Object Repository/Sayfalar/Giris_Sayfasi/RetveTamam_Butonu' is present

2021-10-14 17:20:10 - [TEST_STEP][PASSED] - click(findTestObject("Object Repository/Sayfalar/Giris_Sayfasi/RetveTamam_Butonu")): Object: 'Object Repository/Sayfalar/Giris_Sayfasi/RetveTamam_Butonu' is clicked on

2021-10-14 17:20:10 - [MESSAGE][INFO] - Finding Test Object 'Object Repository/Sayfalar/Giris_Sayfasi/RetveTamam_Butonu'

2021-10-14 17:20:10 - [MESSAGE][INFO] - Checking object

2021-10-14 17:20:10 - [MESSAGE][INFO] - Finding web element from Test Object's properties

2021-10-14 17:20:10 - [MESSAGE][INFO] - Checking timeout

2021-10-14 17:20:10 - [MESSAGE][INFO] - Finding web element with id: 'Object Repository/Sayfalar/Giris_Sayfasi/RetveTamam_Butonu' located by 'By.xpath: //*[@class = 'btn btn-default']' in '30' second(s)

2021-10-14 17:20:10 - [MESSAGE][INFO] - Smart Wait Function is triggered

2021-10-14 17:20:11 - [MESSAGE][INFO] - Found 1 web elements with id: 'Object Repository/Sayfalar/Giris_Sayfasi/RetveTamam_Butonu' located by 'By.xpath: //*[@class = 'btn btn-default']' in '30' second(s)

2021-10-14 17:20:11 - [MESSAGE][INFO] - Clicking on object: 'Object Repository/Sayfalar/Giris_Sayfasi/RetveTamam_Butonu'

2021-10-14 17:20:11 - [MESSAGE][PASSED] - Object: 'Object Repository/Sayfalar/Giris_Sayfasi/RetveTamam_Butonu' is clicked on

2021-10-14 17:20:11 - [TEST_STEP][PASSED] - click(findTestObject("Object Repository/Sayfalar/Giris_Sayfasi/RetveTamam_Butonu")): Object: 'Object Repository/Sayfalar/Giris_Sayfasi/RetveTamam_Butonu' is clicked on

2021-10-14 17:20:11 - [MESSAGE][INFO] - Finding Test Object 'Object Repository/Sayfalar/Giris_Sayfasi/RetveTamam_Butonu'

2021-10-14 17:20:11 - [MESSAGE][INFO] - Checking object

2021-10-14 17:20:11 - [MESSAGE][INFO] - Finding web element from Test Object's properties

2021-10-14 17:20:11 - [MESSAGE][INFO] - Checking timeout

2021-10-14 17:20:11 - [MESSAGE][INFO] - Finding web element with id: 'Object Repository/Sayfalar/Giris_Sayfasi/RetveTamam_Butonu' located by 'By.xpath: //*[@class = 'btn btn-default']' in '30' second(s)

2021-10-14 17:20:11 - [MESSAGE][INFO] - Smart Wait Function is triggered

2021-10-14 17:20:15 - [MESSAGE][INFO] - Found 1 web elements with id: 'Object Repository/Sayfalar/Giris_Sayfasi/RetveTamam_Butonu' located by 'By.xpath: //*[@class = 'btn btn-default']' in '30' second(s)

2021-10-14 17:20:15 - [MESSAGE][INFO] - Clicking on object: 'Object Repository/Sayfalar/Giris_Sayfasi/RetveTamam_Butonu'

2021-10-14 17:20:15 - [MESSAGE][PASSED] - Object: 'Object Repository/Sayfalar/Giris_Sayfasi/RetveTamam_Butonu' is clicked on

2021-10-14 17:20:15 - [TEST_STEP][PASSED] - if (verifyElementPresent(findTestObject("Sayfalar/Giris_Sayfasi/PopupOK"), 5, OPTIONAL)): null

2021-10-14 17:20:15 - [MESSAGE][INFO] - Finding Test Object 'Object Repository/Sayfalar/Giris_Sayfasi/PopupOK'

2021-10-14 17:20:15 - [MESSAGE][INFO] - Checking object

2021-10-14 17:20:15 - [MESSAGE][INFO] - Finding web element from Test Object's properties

2021-10-14 17:20:15 - [MESSAGE][INFO] - Checking timeout

2021-10-14 17:20:15 - [MESSAGE][INFO] - Finding web element with id: 'Object Repository/Sayfalar/Giris_Sayfasi/PopupOK' located by 'By.cssSelector: .btn.btn-success' in '5' second(s)

2021-10-14 17:20:15 - [MESSAGE][INFO] - Smart Wait Function is triggered

2021-10-14 17:20:16 - [MESSAGE][INFO] - Found 1 web elements with id: 'Object Repository/Sayfalar/Giris_Sayfasi/PopupOK' located by 'By.cssSelector: .btn.btn-success' in '5' second(s)

2021-10-14 17:20:16 - [MESSAGE][PASSED] - Object 'Object Repository/Sayfalar/Giris_Sayfasi/PopupOK' is present

2021-10-14 17:20:16 - [TEST_STEP][PASSED] - click(findTestObject("Object Repository/Sayfalar/Giris_Sayfasi/PopupCarpiGiris")): Object: 'Object Repository/Sayfalar/Giris_Sayfasi/PopupCarpiGiris' is clicked on

2021-10-14 17:20:16 - [MESSAGE][INFO] - Finding Test Object 'Object Repository/Sayfalar/Giris_Sayfasi/PopupCarpiGiris'

2021-10-14 17:20:16 - [MESSAGE][INFO] - Checking object

2021-10-14 17:20:16 - [MESSAGE][INFO] - Finding web element from Test Object's properties

2021-10-14 17:20:16 - [MESSAGE][INFO] - Checking timeout

2021-10-14 17:20:16 - [MESSAGE][INFO] - Finding web element with id: 'Object Repository/Sayfalar/Giris_Sayfasi/PopupCarpiGiris' located by 'By.cssSelector: .bootbox-close-button.close' in '30' second(s)

2021-10-14 17:20:16 - [MESSAGE][INFO] - Smart Wait Function is triggered

2021-10-14 17:20:16 - [MESSAGE][INFO] - Found 1 web elements with id: 'Object Repository/Sayfalar/Giris_Sayfasi/PopupCarpiGiris' located by 'By.cssSelector: .bootbox-close-button.close' in '30' second(s)

2021-10-14 17:20:16 - [MESSAGE][INFO] - Clicking on object: 'Object Repository/Sayfalar/Giris_Sayfasi/PopupCarpiGiris'

2021-10-14 17:20:16 - [MESSAGE][PASSED] - Object: 'Object Repository/Sayfalar/Giris_Sayfasi/PopupCarpiGiris' is clicked on

2021-10-14 17:20:16 - [TEST_STEP][PASSED] - verifyElementVisible(findTestObject("Object Repository/Kullanici_Islemleri/KullaniciIslemleri")): Object 'Object Repository/Kullanici_Islemleri/KullaniciIslemleri' is visible

2021-10-14 17:20:16 - [MESSAGE][INFO] - Finding Test Object 'Object Repository/Kullanici_Islemleri/KullaniciIslemleri'

2021-10-14 17:20:17 - [MESSAGE][INFO] - Checking object

2021-10-14 17:20:17 - [MESSAGE][INFO] - Finding web element from Test Object's properties

2021-10-14 17:20:17 - [MESSAGE][INFO] - Checking timeout

2021-10-14 17:20:17 - [MESSAGE][INFO] - Finding web element with id: 'Object Repository/Kullanici_Islemleri/KullaniciIslemleri' located by 'By.cssSelector: .dropdown>a>img' in '30' second(s)

2021-10-14 17:20:17 - [MESSAGE][INFO] - Smart Wait Function is triggered

2021-10-14 17:20:17 - [MESSAGE][INFO] - Found 1 web elements with id: 'Object Repository/Kullanici_Islemleri/KullaniciIslemleri' located by 'By.cssSelector: .dropdown>a>img' in '30' second(s)

2021-10-14 17:20:17 - [MESSAGE][PASSED] - Object 'Object Repository/Kullanici_Islemleri/KullaniciIslemleri' is visible

2021-10-14 17:20:17 - [MESSAGE][PASSED] - Call Test Case 'Test Cases/Sayfalar/Giris_Sayfasi/Login' successfully

2021-10-14 17:20:17 - [MESSAGE][INFO] - Checking called Test Case

2021-10-14 17:20:17 - [MESSAGE][INFO] - Starting to call Test Case 'Test Cases/Menu/AnaMenuSecimi'

2021-10-14 17:20:17 - [TEST_CASE][PASSED] - Test Cases/Menu/AnaMenuSecimi: Test Cases/Menu/AnaMenuSecimi

2021-10-14 17:20:17 - [TEST_STEP][PASSED] - Method.TextDegerineEsitElementeTikla(findTestObject("Menu/Ana_Menu"), Ana_Menu): Method.TextDegerineEsitElementeTikla is PASSED

2021-10-14 17:20:17 - [MESSAGE][INFO] - Finding Test Object 'Object Repository/Menu/Ana_Menu'

2021-10-14 17:20:17 - [MESSAGE][INFO] - Checking timeout

2021-10-14 17:20:17 - [MESSAGE][INFO] - Finding web element with id: 'Object Repository/Menu/Ana_Menu' located by 'By.xpath: //*[@class = 'dropdown-toggle']' in '10' second(s)

2021-10-14 17:20:17 - [MESSAGE][INFO] - Smart Wait Function is triggered

2021-10-14 17:20:18 - [MESSAGE][INFO] - Found 14 web elements with id: 'Object Repository/Menu/Ana_Menu' located by 'By.xpath: //*[@class = 'dropdown-toggle']' in '10' second(s)

2021-10-14 17:20:18 - [MESSAGE][PASSED] - Method.TextDegerineEsitElementeTikla is PASSED

2021-10-14 17:20:18 - [MESSAGE][PASSED] - Call Test Case 'Test Cases/Menu/AnaMenuSecimi' successfully

2021-10-14 17:20:18 - [MESSAGE][INFO] - Checking called Test Case

2021-10-14 17:20:18 - [MESSAGE][INFO] - Starting to call Test Case 'Test Cases/Menu/BasligaGoreAltMenuSecimi'

2021-10-14 17:20:18 - [TEST_CASE][PASSED] - Test Cases/Menu/BasligaGoreAltMenuSecimi: Test Cases/Menu/BasligaGoreAltMenuSecimi

2021-10-14 17:20:18 - [TEST_STEP][PASSED] - Method.TextDegerineEsitElementinAltindakiTextDegerineEsitOlanaTikla(findTestObject("Menu/Menu_Basligi"), findTestObject("Menu/Basliga_Gore_Alt_Menu"), Baslik, Alt_Menu): Method.TextDegerineEsitElementinAltindakiTextDegerineEsitOlanaTikla is PASSED

2021-10-14 17:20:18 - [MESSAGE][INFO] - Finding Test Object 'Object Repository/Menu/Menu_Basligi'

2021-10-14 17:20:18 - [MESSAGE][INFO] - Finding Test Object 'Object Repository/Menu/Basliga_Gore_Alt_Menu'

2021-10-14 17:20:18 - [MESSAGE][INFO] - Checking timeout

2021-10-14 17:20:18 - [MESSAGE][INFO] - Finding web element with id: 'Object Repository/Menu/Menu_Basligi' located by 'By.xpath: //li[@class='dropdown dropdown-large open']//li[@class='dropdown-header']' in '10' second(s)

2021-10-14 17:20:18 - [MESSAGE][INFO] - Smart Wait Function is triggered

2021-10-14 17:20:18 - [MESSAGE][INFO] - Found 3 web elements with id: 'Object Repository/Menu/Menu_Basligi' located by 'By.xpath: //li[@class='dropdown dropdown-large open']//li[@class='dropdown-header']' in '10' second(s)

2021-10-14 17:20:18 - [MESSAGE][INFO] - Smart Wait Function is triggered

2021-10-14 17:20:22 - [MESSAGE][PASSED] - Method.TextDegerineEsitElementinAltindakiTextDegerineEsitOlanaTikla is PASSED

2021-10-14 17:20:22 - [MESSAGE][PASSED] - Call Test Case 'Test Cases/Menu/BasligaGoreAltMenuSecimi' successfully

2021-10-14 17:20:22 - [MESSAGE][INFO] - Checking called Test Case

2021-10-14 17:20:22 - [MESSAGE][INFO] - Starting to call Test Case 'Test Cases/Filtreler/BaslangicYaz'

2021-10-14 17:20:22 - [TEST_CASE][PASSED] - Test Cases/Filtreler/BaslangicYaz: Test Cases/Filtreler/BaslangicYaz

2021-10-14 17:20:22 - [TEST_STEP][PASSED] - Method.TextDegerineEsitElementinAltindakineTikla(findTestObject("Filtreler/Basliklar"), findTestObject("Filtreler/Basliga_Gore_Baslangic_Image"), Filtre_Adi): Method.TextDegerineEsitElementinAltindakineTikla is PASSED

2021-10-14 17:20:22 - [MESSAGE][INFO] - Finding Test Object 'Object Repository/Filtreler/Basliklar'

2021-10-14 17:20:22 - [MESSAGE][INFO] - Finding Test Object 'Object Repository/Filtreler/Basliga_Gore_Baslangic_Image'

2021-10-14 17:20:22 - [MESSAGE][INFO] - Checking timeout

2021-10-14 17:20:22 - [MESSAGE][INFO] - Finding web element with id: 'Object Repository/Filtreler/Basliklar' located by 'By.cssSelector: .control-label.col-sm-4.paddingMarginRLC' in '10' second(s)

2021-10-14 17:20:22 - [MESSAGE][INFO] - Smart Wait Function is triggered

2021-10-14 17:20:22 - [MESSAGE][INFO] - Found 20 web elements with id: 'Object Repository/Filtreler/Basliklar' located by 'By.cssSelector: .control-label.col-sm-4.paddingMarginRLC' in '10' second(s)

2021-10-14 17:20:22 - [MESSAGE][INFO] - Smart Wait Function is triggered

2021-10-14 17:20:23 - [MESSAGE][PASSED] - Method.TextDegerineEsitElementinAltindakineTikla is PASSED

2021-10-14 17:20:23 - [TEST_STEP][PASSED] - Method.TextDegerineEsitElementinAltindakiTextboxtaYaz(findTestObject("Filtreler/Basliklar"), findTestObject("Filtreler/Basliga_Gore_Baslangic"), Filtre_Adi, Filtre_Degeri): Method.TextDegerineEsitElementinAltindakiTextboxtaYaz is PASSED

2021-10-14 17:20:23 - [MESSAGE][INFO] - Finding Test Object 'Object Repository/Filtreler/Basliklar'

2021-10-14 17:20:23 - [MESSAGE][INFO] - Finding Test Object 'Object Repository/Filtreler/Basliga_Gore_Baslangic'

2021-10-14 17:20:23 - [MESSAGE][INFO] - Checking timeout

2021-10-14 17:20:23 - [MESSAGE][INFO] - Finding web element with id: 'Object Repository/Filtreler/Basliklar' located by 'By.cssSelector: .control-label.col-sm-4.paddingMarginRLC' in '10' second(s)

2021-10-14 17:20:23 - [MESSAGE][INFO] - Smart Wait Function is triggered

2021-10-14 17:20:23 - [MESSAGE][INFO] - Found 20 web elements with id: 'Object Repository/Filtreler/Basliklar' located by 'By.cssSelector: .control-label.col-sm-4.paddingMarginRLC' in '10' second(s)

2021-10-14 17:20:23 - [MESSAGE][INFO] - Smart Wait Function is triggered

2021-10-14 17:20:24 - [MESSAGE][PASSED] - Method.TextDegerineEsitElementinAltindakiTextboxtaYaz is PASSED

2021-10-14 17:20:24 - [MESSAGE][PASSED] - Call Test Case 'Test Cases/Filtreler/BaslangicYaz' successfully

2021-10-14 17:20:24 - [MESSAGE][INFO] - Checking called Test Case

2021-10-14 17:20:24 - [MESSAGE][INFO] - Starting to call Test Case 'Test Cases/Filtreler/BitisYaz'

2021-10-14 17:20:24 - [TEST_CASE][PASSED] - Test Cases/Filtreler/BitisYaz: Test Cases/Filtreler/BitisYaz

2021-10-14 17:20:24 - [TEST_STEP][PASSED] - Method.TextDegerineEsitElementinAltindakineTikla(findTestObject("Filtreler/Basliklar"), findTestObject("Filtreler/Basliga_Gore_Bitis_Image"), Filtre_Adi): Method.TextDegerineEsitElementinAltindakineTikla is PASSED

2021-10-14 17:20:24 - [MESSAGE][INFO] - Finding Test Object 'Object Repository/Filtreler/Basliklar'

2021-10-14 17:20:24 - [MESSAGE][INFO] - Finding Test Object 'Object Repository/Filtreler/Basliga_Gore_Bitis_Image'

2021-10-14 17:20:24 - [MESSAGE][INFO] - Checking timeout

2021-10-14 17:20:24 - [MESSAGE][INFO] - Finding web element with id: 'Object Repository/Filtreler/Basliklar' located by 'By.cssSelector: .control-label.col-sm-4.paddingMarginRLC' in '10' second(s)

2021-10-14 17:20:24 - [MESSAGE][INFO] - Smart Wait Function is triggered

2021-10-14 17:20:24 - [MESSAGE][INFO] - Found 20 web elements with id: 'Object Repository/Filtreler/Basliklar' located by 'By.cssSelector: .control-label.col-sm-4.paddingMarginRLC' in '10' second(s)

2021-10-14 17:20:24 - [MESSAGE][INFO] - Smart Wait Function is triggered

2021-10-14 17:20:25 - [MESSAGE][PASSED] - Method.TextDegerineEsitElementinAltindakineTikla is PASSED

2021-10-14 17:20:25 - [TEST_STEP][PASSED] - Method.TextDegerineEsitElementinAltindakiTextboxtaYaz(findTestObject("Filtreler/Basliklar"), findTestObject("Object Repository/Filtreler/Basliga_Gore_Bitis"), Filtre_Adi, Filtre_Degeri): Method.TextDegerineEsitElementinAltindakiTextboxtaYaz is PASSED

2021-10-14 17:20:25 - [MESSAGE][INFO] - Finding Test Object 'Object Repository/Filtreler/Basliklar'

2021-10-14 17:20:25 - [MESSAGE][INFO] - Finding Test Object 'Object Repository/Filtreler/Basliga_Gore_Bitis'

2021-10-14 17:20:25 - [MESSAGE][INFO] - Checking timeout

2021-10-14 17:20:25 - [MESSAGE][INFO] - Finding web element with id: 'Object Repository/Filtreler/Basliklar' located by 'By.cssSelector: .control-label.col-sm-4.paddingMarginRLC' in '10' second(s)

2021-10-14 17:20:25 - [MESSAGE][INFO] - Smart Wait Function is triggered

2021-10-14 17:20:25 - [MESSAGE][INFO] - Found 20 web elements with id: 'Object Repository/Filtreler/Basliklar' located by 'By.cssSelector: .control-label.col-sm-4.paddingMarginRLC' in '10' second(s)

2021-10-14 17:20:25 - [MESSAGE][INFO] - Smart Wait Function is triggered

2021-10-14 17:20:26 - [MESSAGE][PASSED] - Method.TextDegerineEsitElementinAltindakiTextboxtaYaz is PASSED

2021-10-14 17:20:26 - [MESSAGE][PASSED] - Call Test Case 'Test Cases/Filtreler/BitisYaz' successfully

2021-10-14 17:20:26 - [MESSAGE][INFO] - Checking called Test Case

2021-10-14 17:20:26 - [MESSAGE][INFO] - Starting to call Test Case 'Test Cases/Filtreler/ButonaTikla'

2021-10-14 17:20:26 - [TEST_CASE][PASSED] - Test Cases/Filtreler/ButonaTikla: Test Cases/Filtreler/ButonaTikla

2021-10-14 17:20:26 - [TEST_STEP][PASSED] - Method.TextDegerineEsitElementeTikla(findTestObject("Filtreler/Butonlar"), Filtre_Buton): Method.TextDegerineEsitElementeTikla is PASSED

2021-10-14 17:20:26 - [MESSAGE][INFO] - Finding Test Object 'Object Repository/Filtreler/Butonlar'

2021-10-14 17:20:26 - [MESSAGE][INFO] - Checking timeout

2021-10-14 17:20:26 - [MESSAGE][INFO] - Finding web element with id: 'Object Repository/Filtreler/Butonlar' located by 'By.cssSelector: .dxb>span' in '10' second(s)

2021-10-14 17:20:26 - [MESSAGE][INFO] - Smart Wait Function is triggered

2021-10-14 17:20:26 - [MESSAGE][INFO] - Found 3 web elements with id: 'Object Repository/Filtreler/Butonlar' located by 'By.cssSelector: .dxb>span' in '10' second(s)

2021-10-14 17:20:26 - [MESSAGE][PASSED] - Method.TextDegerineEsitElementeTikla is PASSED

2021-10-14 17:20:26 - [MESSAGE][PASSED] - Call Test Case 'Test Cases/Filtreler/ButonaTikla' successfully

2021-10-14 17:20:26 - [MESSAGE][INFO] - Checking called Test Case

2021-10-14 17:20:26 - [MESSAGE][INFO] - Starting to call Test Case 'Test Cases/Tablo/TablodaVeriVarMi'

2021-10-14 17:20:26 - [TEST_CASE][PASSED] - Test Cases/Tablo/TablodaVeriVarMi: Test Cases/Tablo/TablodaVeriVarMi

2021-10-14 17:20:26 - [TEST_STEP][PASSED] - verifyTextNotPresent("Görüntülenecek veri yok", true): Text 'Görüntülenecek veri yok' is not present on page using regular expression

2021-10-14 17:20:26 - [MESSAGE][INFO] - Checking text present  using regular expression

2021-10-14 17:20:26 - [MESSAGE][INFO] - Smart Wait Function is triggered

2021-10-14 17:20:28 - [MESSAGE][INFO] - Finding text 'Görüntülenecek veri yok' on page  using regular expression

2021-10-14 17:20:28 - [MESSAGE][PASSED] - Text 'Görüntülenecek veri yok' is not present on page using regular expression

2021-10-14 17:20:28 - [MESSAGE][PASSED] - Call Test Case 'Test Cases/Tablo/TablodaVeriVarMi' successfully

2021-10-14 17:20:28 - [MESSAGE][INFO] - Checking called Test Case

2021-10-14 17:20:28 - [MESSAGE][INFO] - Starting to call Test Case 'Test Cases/Tablo/TablodanVeriSec'

2021-10-14 17:20:28 - [TEST_CASE][PASSED] - Test Cases/Tablo/TablodanVeriSec: Test Cases/Tablo/TablodanVeriSec

2021-10-14 17:20:28 - [TEST_STEP][PASSED] - Method.TextDegerineEsitElementinAltindakineTikla(findTestObject("Tablo/Veriler"), findTestObject("Tablo/VerininCheckBoxi"), Veri_Adi): Method.TextDegerineEsitElementinAltindakineTikla is PASSED

2021-10-14 17:20:28 - [MESSAGE][INFO] - Finding Test Object 'Object Repository/Tablo/Veriler'

2021-10-14 17:20:28 - [MESSAGE][INFO] - Finding Test Object 'Object Repository/Tablo/VerininCheckBoxi'

2021-10-14 17:20:28 - [MESSAGE][INFO] - Checking timeout

2021-10-14 17:20:28 - [MESSAGE][INFO] - Finding web element with id: 'Object Repository/Tablo/Veriler' located by 'By.cssSelector: td.dxgv b ,td.dxgv' in '10' second(s)

2021-10-14 17:20:28 - [MESSAGE][INFO] - Smart Wait Function is triggered

2021-10-14 17:20:29 - [MESSAGE][INFO] - Found 140 web elements with id: 'Object Repository/Tablo/Veriler' located by 'By.cssSelector: td.dxgv b ,td.dxgv' in '10' second(s)

2021-10-14 17:20:29 - [MESSAGE][INFO] - Smart Wait Function is triggered

2021-10-14 17:20:29 - [MESSAGE][PASSED] - Method.TextDegerineEsitElementinAltindakineTikla is PASSED

2021-10-14 17:20:29 - [MESSAGE][PASSED] - Call Test Case 'Test Cases/Tablo/TablodanVeriSec' successfully

2021-10-14 17:20:29 - [MESSAGE][INFO] - Checking called Test Case

2021-10-14 17:20:29 - [MESSAGE][INFO] - Starting to call Test Case 'Test Cases/Butonlar/ButonaTikla'

2021-10-14 17:20:29 - [TEST_CASE][PASSED] - Test Cases/Butonlar/ButonaTikla: Test Cases/Butonlar/ButonaTikla

2021-10-14 17:20:29 - [TEST_STEP][PASSED] - Method.TextDegerineEsitElementeTiklaEquals(findTestObject("Butonlar/Butonlar"), Buton_Adi): Method.TextDegerineEsitElementeTiklaEquals is PASSED

2021-10-14 17:20:29 - [MESSAGE][INFO] - Finding Test Object 'Object Repository/Butonlar/Butonlar'

2021-10-14 17:20:29 - [MESSAGE][INFO] - Checking timeout

2021-10-14 17:20:29 - [MESSAGE][INFO] - Finding web element with id: 'Object Repository/Butonlar/Butonlar' located by 'By.cssSelector: .panel.panel-default.text-center.footerPanel .btn,.btn.btn-primary.btnControls' in '10' second(s)

2021-10-14 17:20:29 - [MESSAGE][INFO] - Smart Wait Function is triggered

2021-10-14 17:20:30 - [MESSAGE][INFO] - Found 17 web elements with id: 'Object Repository/Butonlar/Butonlar' located by 'By.cssSelector: .panel.panel-default.text-center.footerPanel .btn,.btn.btn-primary.btnControls' in '10' second(s)

2021-10-14 17:20:30 - [MESSAGE][PASSED] - Method.TextDegerineEsitElementeTiklaEquals is PASSED

2021-10-14 17:20:30 - [MESSAGE][PASSED] - Call Test Case 'Test Cases/Butonlar/ButonaTikla' successfully

2021-10-14 17:20:30 - [MESSAGE][INFO] - Checking called Test Case

2021-10-14 17:20:30 - [MESSAGE][INFO] - Starting to call Test Case 'Test Cases/Sekmeler/YeniSekmeyeGec'

2021-10-14 17:20:30 - [TEST_CASE][PASSED] - Test Cases/Sekmeler/YeniSekmeyeGec: Test Cases/Sekmeler/YeniSekmeyeGec

2021-10-14 17:20:30 - [TEST_STEP][PASSED] - switchToWindowIndex(1): Switched to window with index: '1'

2021-10-14 17:20:30 - [MESSAGE][INFO] - Checking index

2021-10-14 17:20:30 - [MESSAGE][INFO] - Switching window with index: '1'

2021-10-14 17:20:30 - [MESSAGE][PASSED] - Switched to window with index: '1'

2021-10-14 17:20:30 - [MESSAGE][PASSED] - Call Test Case 'Test Cases/Sekmeler/YeniSekmeyeGec' successfully

2021-10-14 17:20:30 - [MESSAGE][INFO] - Checking called Test Case

2021-10-14 17:20:30 - [MESSAGE][INFO] - Starting to call Test Case 'Test Cases/Sekmeler/DepartmanCheckboxiSecilir'

2021-10-14 17:20:30 - [TEST_CASE][PASSED] - Test Cases/Sekmeler/DepartmanCheckboxiSecilir: Test Cases/Sekmeler/DepartmanCheckboxiSecilir

2021-10-14 17:20:30 - [TEST_STEP][PASSED] - Method.TextDegerineEsitElementeTikla(findTestObject("Object Repository/Sekmeler/DepartmanCheckboxi"), Departman): Method.TextDegerineEsitElementeTikla is PASSED

2021-10-14 17:20:30 - [MESSAGE][INFO] - Finding Test Object 'Object Repository/Sekmeler/DepartmanCheckboxi'

2021-10-14 17:20:30 - [MESSAGE][INFO] - Checking timeout

2021-10-14 17:20:30 - [MESSAGE][INFO] - Finding web element with id: 'Object Repository/Sekmeler/DepartmanCheckboxi' located by 'By.cssSelector: .dx-wrap' in '10' second(s)

2021-10-14 17:20:30 - [MESSAGE][INFO] - Smart Wait Function is triggered

2021-10-14 17:20:31 - [MESSAGE][INFO] - Found 4 web elements with id: 'Object Repository/Sekmeler/DepartmanCheckboxi' located by 'By.cssSelector: .dx-wrap' in '10' second(s)

2021-10-14 17:20:31 - [MESSAGE][PASSED] - Method.TextDegerineEsitElementeTikla is PASSED

2021-10-14 17:20:31 - [MESSAGE][PASSED] - Call Test Case 'Test Cases/Sekmeler/DepartmanCheckboxiSecilir' successfully

2021-10-14 17:20:31 - [MESSAGE][INFO] - Checking called Test Case

2021-10-14 17:20:31 - [MESSAGE][INFO] - Starting to call Test Case 'Test Cases/Sekmeler/DepartmanKaydedilir'

2021-10-14 17:20:31 - [TEST_CASE][PASSED] - Test Cases/Sekmeler/DepartmanKaydedilir: Test Cases/Sekmeler/DepartmanKaydedilir

2021-10-14 17:20:31 - [TEST_STEP][PASSED] - waitForElementClickable(findTestObject("Object Repository/Sekmeler/DepartmanKaydetButoni"), 10): Object 'Object Repository/Sekmeler/DepartmanKaydetButoni' is clickable

2021-10-14 17:20:31 - [MESSAGE][INFO] - Finding Test Object 'Object Repository/Sekmeler/DepartmanKaydetButoni'

2021-10-14 17:20:31 - [MESSAGE][INFO] - Checking object

2021-10-14 17:20:31 - [MESSAGE][INFO] - Checking timeout

2021-10-14 17:20:31 - [MESSAGE][INFO] - Finding web element from Test Object's properties

2021-10-14 17:20:31 - [MESSAGE][INFO] - Checking timeout

2021-10-14 17:20:31 - [MESSAGE][INFO] - Finding web element with id: 'Object Repository/Sekmeler/DepartmanKaydetButoni' located by 'By.cssSelector: .dx-vam' in '10' second(s)

2021-10-14 17:20:31 - [MESSAGE][INFO] - Smart Wait Function is triggered

2021-10-14 17:20:31 - [MESSAGE][INFO] - Found 1 web elements with id: 'Object Repository/Sekmeler/DepartmanKaydetButoni' located by 'By.cssSelector: .dx-vam' in '10' second(s)

2021-10-14 17:20:31 - [MESSAGE][PASSED] - Object 'Object Repository/Sekmeler/DepartmanKaydetButoni' is clickable

2021-10-14 17:20:31 - [TEST_STEP][PASSED] - click(findTestObject("Object Repository/Sekmeler/DepartmanKaydetButoni")): Object: 'Object Repository/Sekmeler/DepartmanKaydetButoni' is clicked on

2021-10-14 17:20:31 - [MESSAGE][INFO] - Finding Test Object 'Object Repository/Sekmeler/DepartmanKaydetButoni'

2021-10-14 17:20:31 - [MESSAGE][INFO] - Checking object

2021-10-14 17:20:31 - [MESSAGE][INFO] - Finding web element from Test Object's properties

2021-10-14 17:20:31 - [MESSAGE][INFO] - Checking timeout

2021-10-14 17:20:31 - [MESSAGE][INFO] - Finding web element with id: 'Object Repository/Sekmeler/DepartmanKaydetButoni' located by 'By.cssSelector: .dx-vam' in '30' second(s)

2021-10-14 17:20:31 - [MESSAGE][INFO] - Smart Wait Function is triggered

2021-10-14 17:20:32 - [MESSAGE][INFO] - Found 1 web elements with id: 'Object Repository/Sekmeler/DepartmanKaydetButoni' located by 'By.cssSelector: .dx-vam' in '30' second(s)

2021-10-14 17:20:32 - [MESSAGE][INFO] - Clicking on object: 'Object Repository/Sekmeler/DepartmanKaydetButoni'

2021-10-14 17:20:32 - [MESSAGE][PASSED] - Object: 'Object Repository/Sekmeler/DepartmanKaydetButoni' is clicked on

2021-10-14 17:20:32 - [MESSAGE][PASSED] - Call Test Case 'Test Cases/Sekmeler/DepartmanKaydedilir' successfully

2021-10-14 17:20:32 - [MESSAGE][INFO] - Checking called Test Case

2021-10-14 17:20:32 - [MESSAGE][INFO] - Starting to call Test Case 'Test Cases/Popup/PopupMesajiIceriyorMu'

2021-10-14 17:20:32 - [TEST_CASE][PASSED] - Test Cases/Popup/PopupMesajiIceriyorMu: Test Cases/Popup/PopupMesajiIceriyorMu

2021-10-14 17:20:32 - [TEST_STEP][PASSED] - waitForElementVisible(findTestObject("Popup/Popup"), 10): Object 'Object Repository/Popup/Popup' is visible

2021-10-14 17:20:32 - [MESSAGE][INFO] - Finding Test Object 'Object Repository/Popup/Popup'

2021-10-14 17:20:32 - [MESSAGE][INFO] - Checking object

2021-10-14 17:20:32 - [MESSAGE][INFO] - Checking timeout

2021-10-14 17:20:32 - [MESSAGE][INFO] - Finding web element from Test Object's properties

2021-10-14 17:20:32 - [MESSAGE][INFO] - Checking timeout

2021-10-14 17:20:32 - [MESSAGE][INFO] - Finding web element with id: 'Object Repository/Popup/Popup' located by 'By.cssSelector: .bootbox-body' in '10' second(s)

2021-10-14 17:20:32 - [MESSAGE][INFO] - Smart Wait Function is triggered

2021-10-14 17:20:33 - [MESSAGE][INFO] - Found 1 web elements with id: 'Object Repository/Popup/Popup' located by 'By.cssSelector: .bootbox-body' in '10' second(s)

2021-10-14 17:20:33 - [MESSAGE][PASSED] - Object 'Object Repository/Popup/Popup' is visible

2021-10-14 17:20:33 - [TEST_STEP][PASSED] - if (!(getText(findTestObject("Popup/Popup")).contains(Mesaj))): Text of object 'Object Repository/Popup/Popup' is: 'Seçilen belgeler ilgili departmanlara aktarılmıştır.'

2021-10-14 17:20:33 - [MESSAGE][INFO] - Finding Test Object 'Object Repository/Popup/Popup'

2021-10-14 17:20:33 - [MESSAGE][INFO] - Checking object

2021-10-14 17:20:33 - [MESSAGE][INFO] - Finding web element from Test Object's properties

2021-10-14 17:20:33 - [MESSAGE][INFO] - Checking timeout

2021-10-14 17:20:33 - [MESSAGE][INFO] - Finding web element with id: 'Object Repository/Popup/Popup' located by 'By.cssSelector: .bootbox-body' in '30' second(s)

2021-10-14 17:20:33 - [MESSAGE][INFO] - Smart Wait Function is triggered

2021-10-14 17:20:33 - [MESSAGE][INFO] - Found 1 web elements with id: 'Object Repository/Popup/Popup' located by 'By.cssSelector: .bootbox-body' in '30' second(s)

2021-10-14 17:20:33 - [MESSAGE][INFO] - Getting text of object 'Object Repository/Popup/Popup'

2021-10-14 17:20:33 - [MESSAGE][PASSED] - Text of object 'Object Repository/Popup/Popup' is: 'Seçilen belgeler ilgili departmanlara aktarılmıştır.'

2021-10-14 17:20:33 - [TEST_STEP][PASSED] - RaporNo = getText(findTestObject("Popup/Popup")).substring(0, 6): Text of object 'Object Repository/Popup/Popup' is: 'Seçilen belgeler ilgili departmanlara aktarılmıştır.'

2021-10-14 17:20:33 - [MESSAGE][INFO] - Finding Test Object 'Object Repository/Popup/Popup'

2021-10-14 17:20:33 - [MESSAGE][INFO] - Checking object

2021-10-14 17:20:33 - [MESSAGE][INFO] - Finding web element from Test Object's properties

2021-10-14 17:20:33 - [MESSAGE][INFO] - Checking timeout

2021-10-14 17:20:33 - [MESSAGE][INFO] - Finding web element with id: 'Object Repository/Popup/Popup' located by 'By.cssSelector: .bootbox-body' in '30' second(s)

2021-10-14 17:20:33 - [MESSAGE][INFO] - Smart Wait Function is triggered

2021-10-14 17:20:34 - [MESSAGE][INFO] - Found 1 web elements with id: 'Object Repository/Popup/Popup' located by 'By.cssSelector: .bootbox-body' in '30' second(s)

2021-10-14 17:20:34 - [MESSAGE][INFO] - Getting text of object 'Object Repository/Popup/Popup'

2021-10-14 17:20:34 - [MESSAGE][PASSED] - Text of object 'Object Repository/Popup/Popup' is: 'Seçilen belgeler ilgili departmanlara aktarılmıştır.'

2021-10-14 17:20:34 - [TEST_STEP][PASSED] - Console.println(RaporNo): null

2021-10-14 17:20:34 - [MESSAGE][PASSED] - Call Test Case 'Test Cases/Popup/PopupMesajiIceriyorMu' successfully

2021-10-14 17:20:34 - [MESSAGE][INFO] - Checking called Test Case

2021-10-14 17:20:34 - [MESSAGE][INFO] - Starting to call Test Case 'Test Cases/Popup/PopupButonSecilir'

2021-10-14 17:20:34 - [TEST_CASE][PASSED] - Test Cases/Popup/PopupButonSecilir: Test Cases/Popup/PopupButonSecilir

2021-10-14 17:20:34 - [TEST_STEP][PASSED] - Method.TextDegerineEsitElementeTikla(findTestObject("Popup/Popup_Butons"), Buton): Method.TextDegerineEsitElementeTikla is PASSED

2021-10-14 17:20:34 - [MESSAGE][INFO] - Finding Test Object 'Object Repository/Popup/Popup_Butons'

2021-10-14 17:20:34 - [MESSAGE][INFO] - Checking timeout

2021-10-14 17:20:34 - [MESSAGE][INFO] - Finding web element with id: 'Object Repository/Popup/Popup_Butons' located by 'By.cssSelector: .modal-footer>button' in '10' second(s)

2021-10-14 17:20:34 - [MESSAGE][INFO] - Smart Wait Function is triggered

2021-10-14 17:20:34 - [MESSAGE][INFO] - Found 1 web elements with id: 'Object Repository/Popup/Popup_Butons' located by 'By.cssSelector: .modal-footer>button' in '10' second(s)

2021-10-14 17:20:34 - [MESSAGE][PASSED] - Method.TextDegerineEsitElementeTikla is PASSED

2021-10-14 17:20:34 - [MESSAGE][PASSED] - Call Test Case 'Test Cases/Popup/PopupButonSecilir' successfully

2021-10-14 17:20:34 - [MESSAGE][INFO] - Checking called Test Case

2021-10-14 17:20:34 - [MESSAGE][INFO] - Starting to call Test Case 'Test Cases/Sekmeler/Ana_Sekmeye_Gec'

2021-10-14 17:20:34 - [TEST_CASE][PASSED] - Test Cases/Sekmeler/Ana_Sekmeye_Gec: Test Cases/Sekmeler/Ana_Sekmeye_Gec

2021-10-14 17:20:34 - [TEST_STEP][FAILED] - try: Unable to get the index of the current window (Root cause: com.kms.katalon.core.exception.StepFailedException: Unable to get the index of the current window
	at com.kms.katalon.core.webui.keyword.internal.WebUIKeywordMain.stepFailed(WebUIKeywordMain.groovy:64)
	at com.kms.katalon.core.webui.keyword.internal.WebUIKeywordMain.runKeywordAndReturnInt(WebUIKeywordMain.groovy:56)
	at com.kms.katalon.core.webui.keyword.builtin.GetWindowIndexKeyword.getWindowIndex(GetWindowIndexKeyword.groovy:71)
	at com.kms.katalon.core.webui.keyword.builtin.GetWindowIndexKeyword.execute(GetWindowIndexKeyword.groovy:66)
	at com.kms.katalon.core.keyword.internal.KeywordExecutor.executeKeywordForPlatform(KeywordExecutor.groovy:73)
	at com.kms.katalon.core.webui.keyword.WebUiBuiltInKeywords.getWindowIndex(WebUiBuiltInKeywords.groovy:262)
	at com.kms.katalon.core.webui.keyword.WebUiBuiltInKeywords$getWindowIndex$21.call(Unknown Source)
	at Ana_Sekmeye_Gec.run(Ana_Sekmeye_Gec:18)
	at com.kms.katalon.core.main.ScriptEngine.run(ScriptEngine.java:194)
	at com.kms.katalon.core.main.ScriptEngine.runScriptAsRawText(ScriptEngine.java:119)
	at com.kms.katalon.core.main.TestCaseExecutor.runScript(TestCaseExecutor.java:369)
	at com.kms.katalon.core.main.TestCaseExecutor.doExecute(TestCaseExecutor.java:360)
	at com.kms.katalon.core.main.TestCaseExecutor.processExecutionPhase(TestCaseExecutor.java:339)
	at com.kms.katalon.core.main.TestCaseExecutor.accessMainPhase(TestCaseExecutor.java:331)
	at com.kms.katalon.core.main.TestCaseExecutor.execute(TestCaseExecutor.java:248)
	at com.kms.katalon.core.main.TestCaseMain.runTestCase(TestCaseMain.java:138)
	at com.kms.katalon.core.keyword.builtin.CallTestCaseKeyword$_callTestCase_closure1.doCall(CallTestCaseKeyword.groovy:59)
	at com.kms.katalon.core.keyword.builtin.CallTestCaseKeyword$_callTestCase_closure1.call(CallTestCaseKeyword.groovy)
	at com.kms.katalon.core.keyword.internal.KeywordMain.runKeyword(KeywordMain.groovy:68)
	at com.kms.katalon.core.keyword.builtin.CallTestCaseKeyword.callTestCase(CallTestCaseKeyword.groovy:81)
	at com.kms.katalon.core.keyword.builtin.CallTestCaseKeyword.execute(CallTestCaseKeyword.groovy:44)
	at com.kms.katalon.core.keyword.internal.KeywordExecutor.executeKeywordForPlatform(KeywordExecutor.groovy:73)
	at com.kms.katalon.core.keyword.BuiltinKeywords.callTestCase(BuiltinKeywords.groovy:334)
	at sekmeler.sekmeler.anaSekmeyeGecilir(sekmeler.groovy:55)
	at cucumber.runtime.Utils$1.call(Utils.java:26)
	at cucumber.runtime.Timeout.timeout(Timeout.java:16)
	at cucumber.runtime.Utils.invoke(Utils.java:20)
	at cucumber.runtime.java.JavaStepDefinition.execute(JavaStepDefinition.java:49)
	at cucumber.runner.PickleStepDefinitionMatch.runStep(PickleStepDefinitionMatch.java:50)
	at cucumber.runner.TestStep.executeStep(TestStep.java:63)
	at cucumber.runner.TestStep.run(TestStep.java:49)
	at cucumber.runner.PickleStepTestStep.run(PickleStepTestStep.java:43)
	at cucumber.runner.TestCase.run(TestCase.java:44)
	at cucumber.runner.Runner.runPickle(Runner.java:40)
	at cucumber.runtime.Runtime$1.run(Runtime.java:84)
	at cucumber.runtime.Runtime$SameThreadExecutorService.execute(Runtime.java:220)
	at cucumber.runtime.Runtime.run(Runtime.java:81)
	at cucumber.api.cli.Main.run(Main.java:26)
	at cucumber.api.cli.Main$run.call(Unknown Source)
	at com.kms.katalon.core.cucumber.keyword.CucumberBuiltinKeywords$_runFeatureFile_closure1.doCall(CucumberBuiltinKeywords.groovy:106)
	at com.kms.katalon.core.cucumber.keyword.CucumberBuiltinKeywords$_runFeatureFile_closure1.doCall(CucumberBuiltinKeywords.groovy)
	at com.kms.katalon.core.keyword.internal.KeywordMain.runKeyword(KeywordMain.groovy:68)
	at com.kms.katalon.core.keyword.internal.KeywordMain$runKeyword.call(Unknown Source)
	at com.kms.katalon.core.cucumber.keyword.CucumberBuiltinKeywords.runFeatureFile(CucumberBuiltinKeywords.groovy:73)
	at com.kms.katalon.core.cucumber.keyword.CucumberBuiltinKeywords$runFeatureFile$0.callStatic(Unknown Source)
	at com.kms.katalon.core.cucumber.keyword.CucumberBuiltinKeywords.runFeatureFile(CucumberBuiltinKeywords.groovy:246)
	at com.kms.katalon.core.cucumber.keyword.CucumberBuiltinKeywords$runFeatureFile.call(Unknown Source)
	at Departman Ata-Geri Al.run(Departman Ata-Geri Al:18)
	at com.kms.katalon.core.main.ScriptEngine.run(ScriptEngine.java:194)
	at com.kms.katalon.core.main.ScriptEngine.runScriptAsRawText(ScriptEngine.java:119)
	at com.kms.katalon.core.main.TestCaseExecutor.runScript(TestCaseExecutor.java:369)
	at com.kms.katalon.core.main.TestCaseExecutor.doExecute(TestCaseExecutor.java:360)
	at com.kms.katalon.core.main.TestCaseExecutor.processExecutionPhase(TestCaseExecutor.java:339)
	at com.kms.katalon.core.main.TestCaseExecutor.accessMainPhase(TestCaseExecutor.java:331)
	at com.kms.katalon.core.main.TestCaseExecutor.execute(TestCaseExecutor.java:248)
	at com.kms.katalon.core.main.TestSuiteExecutor.accessTestCaseMainPhase(TestSuiteExecutor.java:191)
	at com.kms.katalon.core.main.TestSuiteExecutor.accessTestSuiteMainPhase(TestSuiteExecutor.java:140)
	at com.kms.katalon.core.main.TestSuiteExecutor.execute(TestSuiteExecutor.java:89)
	at com.kms.katalon.core.main.TestCaseMain.startTestSuite(TestCaseMain.java:181)
	at com.kms.katalon.core.main.TestCaseMain$startTestSuite$0.call(Unknown Source)
	at TempTestSuite1634220073501.run(TempTestSuite1634220073501.groovy:39)
Caused by: org.openqa.selenium.NoSuchWindowException: no such window: window was already closed
  (Session info: chrome=94.0.4606.81)
Build info: version: '3.141.59', revision: 'e82be7d358', time: '2018-11-14T08:25:53'
System info: host: 'DESKTOP-QBVMTUG', ip: '10.10.3.14', os.name: 'Windows 10', os.arch: 'amd64', os.version: '10.0', java.version: '1.8.0_282'
Driver info: com.kms.katalon.selenium.driver.CChromeDriver
Capabilities {acceptInsecureCerts: false, browserName: chrome, browserVersion: 94.0.4606.81, chrome: {chromedriverVersion: 94.0.4606.61 (418b78f5838ed..., userDataDir: C:\Users\DELL\AppData\Local...}, goog:chromeOptions: {debuggerAddress: localhost:50201}, javascriptEnabled: true, networkConnectionEnabled: false, pageLoadStrategy: normal, platform: WINDOWS, platformName: WINDOWS, proxy: Proxy(), setWindowRect: true, strictFileInteractability: false, timeouts: {implicit: 0, pageLoad: 300000, script: 30000}, unhandledPromptBehavior: dismiss and notify, webauthn:extension:credBlob: true, webauthn:extension:largeBlob: true, webauthn:virtualAuthenticators: true}
Session ID: 3307f92a7a79179813538514c6be0ee4
	at org.openqa.selenium.remote.http.W3CHttpResponseCodec.createException(W3CHttpResponseCodec.java:187)
	at org.openqa.selenium.remote.http.W3CHttpResponseCodec.decode(W3CHttpResponseCodec.java:122)
	at org.openqa.selenium.remote.http.W3CHttpResponseCodec.decode(W3CHttpResponseCodec.java:49)
	at org.openqa.selenium.remote.HttpCommandExecutor.execute(HttpCommandExecutor.java:158)
	at org.openqa.selenium.remote.service.DriverCommandExecutor.execute(DriverCommandExecutor.java:83)
	at org.openqa.selenium.remote.RemoteWebDriver.execute(RemoteWebDriver.java:552)
	at com.kms.katalon.selenium.driver.CChromeDriver.execute(CChromeDriver.java:19)
	at org.openqa.selenium.remote.RemoteWebDriver.execute(RemoteWebDriver.java:609)
	at org.openqa.selenium.remote.RemoteWebDriver.getWindowHandle(RemoteWebDriver.java:472)
	at org.openqa.selenium.support.events.EventFiringWebDriver.lambda$new$1(EventFiringWebDriver.java:105)
	at com.sun.proxy.$Proxy12.getWindowHandle(Unknown Source)
	at org.openqa.selenium.support.events.EventFiringWebDriver.getWindowHandle(EventFiringWebDriver.java:221)
	at com.kms.katalon.core.webui.driver.DriverFactory.getCurrentWindowIndex(DriverFactory.java:1072)
	at com.kms.katalon.core.webui.keyword.builtin.GetWindowIndexKeyword$_getWindowIndex_closure1.doCall(GetWindowIndexKeyword.groovy:73)
	at com.kms.katalon.core.webui.keyword.builtin.GetWindowIndexKeyword$_getWindowIndex_closure1.call(GetWindowIndexKeyword.groovy)
	at com.kms.katalon.core.webui.keyword.internal.WebUIKeywordMain.runKeywordAndReturnInt(WebUIKeywordMain.groovy:50)
	at com.kms.katalon.core.webui.keyword.builtin.GetWindowIndexKeyword.getWindowIndex(GetWindowIndexKeyword.groovy:71)
	at com.kms.katalon.core.webui.keyword.builtin.GetWindowIndexKeyword.execute(GetWindowIndexKeyword.groovy:66)
	at com.kms.katalon.core.keyword.internal.KeywordExecutor.executeKeywordForPlatform(KeywordExecutor.groovy:73)
	at com.kms.katalon.core.webui.keyword.WebUiBuiltInKeywords.getWindowIndex(WebUiBuiltInKeywords.groovy:262)
	at com.kms.katalon.core.webui.keyword.WebUiBuiltInKeywords$getWindowIndex$21.call(Unknown Source)
	at Script1586261051750.run(Script1586261051750.groovy:18)
	at com.kms.katalon.core.main.ScriptEngine.run(ScriptEngine.java:194)
	at com.kms.katalon.core.main.ScriptEngine.runScriptAsRawText(ScriptEngine.java:119)
	at com.kms.katalon.core.main.TestCaseExecutor.runScript(TestCaseExecutor.java:369)
	at com.kms.katalon.core.main.TestCaseExecutor.doExecute(TestCaseExecutor.java:360)
	at com.kms.katalon.core.main.TestCaseExecutor.processExecutionPhase(TestCaseExecutor.java:339)
	at com.kms.katalon.core.main.TestCaseExecutor.accessMainPhase(TestCaseExecutor.java:331)
	at com.kms.katalon.core.main.TestCaseExecutor.execute(TestCaseExecutor.java:248)
	at com.kms.katalon.core.main.TestCaseMain.runTestCase(TestCaseMain.java:138)
	at com.kms.katalon.core.keyword.builtin.CallTestCaseKeyword$_callTestCase_closure1.doCall(CallTestCaseKeyword.groovy:59)
	at com.kms.katalon.core.keyword.builtin.CallTestCaseKeyword$_callTestCase_closure1.call(CallTestCaseKeyword.groovy)
	at com.kms.katalon.core.keyword.internal.KeywordMain.runKeyword(KeywordMain.groovy:68)
	at com.kms.katalon.core.keyword.builtin.CallTestCaseKeyword.callTestCase(CallTestCaseKeyword.groovy:81)
	at com.kms.katalon.core.keyword.builtin.CallTestCaseKeyword.execute(CallTestCaseKeyword.groovy:44)
	at com.kms.katalon.core.keyword.internal.KeywordExecutor.executeKeywordForPlatform(KeywordExecutor.groovy:73)
	at com.kms.katalon.core.keyword.BuiltinKeywords.callTestCase(BuiltinKeywords.groovy:334)
	at sekmeler.sekmeler.anaSekmeyeGecilir(sekmeler.groovy:55)
	at cucumber.runtime.Utils$1.call(Utils.java:26)
	at cucumber.runtime.Timeout.timeout(Timeout.java:16)
	at cucumber.runtime.Utils.invoke(Utils.java:20)
	at cucumber.runtime.java.JavaStepDefinition.execute(JavaStepDefinition.java:49)
	at cucumber.runner.PickleStepDefinitionMatch.runStep(PickleStepDefinitionMatch.java:50)
	at cucumber.runner.TestStep.executeStep(TestStep.java:63)
	at cucumber.runner.TestStep.run(TestStep.java:49)
	at cucumber.runner.PickleStepTestStep.run(PickleStepTestStep.java:43)
	at cucumber.runner.TestCase.run(TestCase.java:44)
	at cucumber.runner.Runner.runPickle(Runner.java:40)
	at cucumber.runtime.Runtime$1.run(Runtime.java:84)
	at cucumber.runtime.Runtime$SameThreadExecutorService.execute(Runtime.java:220)
	at cucumber.runtime.Runtime.run(Runtime.java:81)
	at cucumber.api.cli.Main.run(Main.java:26)
	at cucumber.api.cli.Main$run.call(Unknown Source)
	at com.kms.katalon.core.cucumber.keyword.CucumberBuiltinKeywords$_runFeatureFile_closure1.doCall(CucumberBuiltinKeywords.groovy:106)
	at com.kms.katalon.core.cucumber.keyword.CucumberBuiltinKeywords$_runFeatureFile_closure1.doCall(CucumberBuiltinKeywords.groovy)
	at com.kms.katalon.core.keyword.internal.KeywordMain.runKeyword(KeywordMain.groovy:68)
	at com.kms.katalon.core.keyword.internal.KeywordMain$runKeyword.call(Unknown Source)
	at com.kms.katalon.core.cucumber.keyword.CucumberBuiltinKeywords.runFeatureFile(CucumberBuiltinKeywords.groovy:73)
	at com.kms.katalon.core.cucumber.keyword.CucumberBuiltinKeywords$runFeatureFile$0.callStatic(Unknown Source)
	at com.kms.katalon.core.cucumber.keyword.CucumberBuiltinKeywords.runFeatureFile(CucumberBuiltinKeywords.groovy:246)
	at com.kms.katalon.core.cucumber.keyword.CucumberBuiltinKeywords$runFeatureFile.call(Unknown Source)
	at Script1601995818246.run(Script1601995818246.groovy:18)
	... 13 more
)

2021-10-14 17:20:34 - [TEST_STEP][FAILED] - index = getWindowIndex(): Unable to get the index of the current window (Root cause: com.kms.katalon.core.exception.StepFailedException: Unable to get the index of the current window
	at com.kms.katalon.core.webui.keyword.internal.WebUIKeywordMain.stepFailed(WebUIKeywordMain.groovy:64)
	at com.kms.katalon.core.webui.keyword.internal.WebUIKeywordMain.runKeywordAndReturnInt(WebUIKeywordMain.groovy:56)
	at com.kms.katalon.core.webui.keyword.builtin.GetWindowIndexKeyword.getWindowIndex(GetWindowIndexKeyword.groovy:71)
	at com.kms.katalon.core.webui.keyword.builtin.GetWindowIndexKeyword.execute(GetWindowIndexKeyword.groovy:66)
	at com.kms.katalon.core.keyword.internal.KeywordExecutor.executeKeywordForPlatform(KeywordExecutor.groovy:73)
	at com.kms.katalon.core.webui.keyword.WebUiBuiltInKeywords.getWindowIndex(WebUiBuiltInKeywords.groovy:262)
	at com.kms.katalon.core.webui.keyword.WebUiBuiltInKeywords$getWindowIndex$21.call(Unknown Source)
	at Ana_Sekmeye_Gec.run(Ana_Sekmeye_Gec:18)
	at com.kms.katalon.core.main.ScriptEngine.run(ScriptEngine.java:194)
	at com.kms.katalon.core.main.ScriptEngine.runScriptAsRawText(ScriptEngine.java:119)
	at com.kms.katalon.core.main.TestCaseExecutor.runScript(TestCaseExecutor.java:369)
	at com.kms.katalon.core.main.TestCaseExecutor.doExecute(TestCaseExecutor.java:360)
	at com.kms.katalon.core.main.TestCaseExecutor.processExecutionPhase(TestCaseExecutor.java:339)
	at com.kms.katalon.core.main.TestCaseExecutor.accessMainPhase(TestCaseExecutor.java:331)
	at com.kms.katalon.core.main.TestCaseExecutor.execute(TestCaseExecutor.java:248)
	at com.kms.katalon.core.main.TestCaseMain.runTestCase(TestCaseMain.java:138)
	at com.kms.katalon.core.keyword.builtin.CallTestCaseKeyword$_callTestCase_closure1.doCall(CallTestCaseKeyword.groovy:59)
	at com.kms.katalon.core.keyword.builtin.CallTestCaseKeyword$_callTestCase_closure1.call(CallTestCaseKeyword.groovy)
	at com.kms.katalon.core.keyword.internal.KeywordMain.runKeyword(KeywordMain.groovy:68)
	at com.kms.katalon.core.keyword.builtin.CallTestCaseKeyword.callTestCase(CallTestCaseKeyword.groovy:81)
	at com.kms.katalon.core.keyword.builtin.CallTestCaseKeyword.execute(CallTestCaseKeyword.groovy:44)
	at com.kms.katalon.core.keyword.internal.KeywordExecutor.executeKeywordForPlatform(KeywordExecutor.groovy:73)
	at com.kms.katalon.core.keyword.BuiltinKeywords.callTestCase(BuiltinKeywords.groovy:334)
	at sekmeler.sekmeler.anaSekmeyeGecilir(sekmeler.groovy:55)
	at cucumber.runtime.Utils$1.call(Utils.java:26)
	at cucumber.runtime.Timeout.timeout(Timeout.java:16)
	at cucumber.runtime.Utils.invoke(Utils.java:20)
	at cucumber.runtime.java.JavaStepDefinition.execute(JavaStepDefinition.java:49)
	at cucumber.runner.PickleStepDefinitionMatch.runStep(PickleStepDefinitionMatch.java:50)
	at cucumber.runner.TestStep.executeStep(TestStep.java:63)
	at cucumber.runner.TestStep.run(TestStep.java:49)
	at cucumber.runner.PickleStepTestStep.run(PickleStepTestStep.java:43)
	at cucumber.runner.TestCase.run(TestCase.java:44)
	at cucumber.runner.Runner.runPickle(Runner.java:40)
	at cucumber.runtime.Runtime$1.run(Runtime.java:84)
	at cucumber.runtime.Runtime$SameThreadExecutorService.execute(Runtime.java:220)
	at cucumber.runtime.Runtime.run(Runtime.java:81)
	at cucumber.api.cli.Main.run(Main.java:26)
	at cucumber.api.cli.Main$run.call(Unknown Source)
	at com.kms.katalon.core.cucumber.keyword.CucumberBuiltinKeywords$_runFeatureFile_closure1.doCall(CucumberBuiltinKeywords.groovy:106)
	at com.kms.katalon.core.cucumber.keyword.CucumberBuiltinKeywords$_runFeatureFile_closure1.doCall(CucumberBuiltinKeywords.groovy)
	at com.kms.katalon.core.keyword.internal.KeywordMain.runKeyword(KeywordMain.groovy:68)
	at com.kms.katalon.core.keyword.internal.KeywordMain$runKeyword.call(Unknown Source)
	at com.kms.katalon.core.cucumber.keyword.CucumberBuiltinKeywords.runFeatureFile(CucumberBuiltinKeywords.groovy:73)
	at com.kms.katalon.core.cucumber.keyword.CucumberBuiltinKeywords$runFeatureFile$0.callStatic(Unknown Source)
	at com.kms.katalon.core.cucumber.keyword.CucumberBuiltinKeywords.runFeatureFile(CucumberBuiltinKeywords.groovy:246)
	at com.kms.katalon.core.cucumber.keyword.CucumberBuiltinKeywords$runFeatureFile.call(Unknown Source)
	at Departman Ata-Geri Al.run(Departman Ata-Geri Al:18)
	at com.kms.katalon.core.main.ScriptEngine.run(ScriptEngine.java:194)
	at com.kms.katalon.core.main.ScriptEngine.runScriptAsRawText(ScriptEngine.java:119)
	at com.kms.katalon.core.main.TestCaseExecutor.runScript(TestCaseExecutor.java:369)
	at com.kms.katalon.core.main.TestCaseExecutor.doExecute(TestCaseExecutor.java:360)
	at com.kms.katalon.core.main.TestCaseExecutor.processExecutionPhase(TestCaseExecutor.java:339)
	at com.kms.katalon.core.main.TestCaseExecutor.accessMainPhase(TestCaseExecutor.java:331)
	at com.kms.katalon.core.main.TestCaseExecutor.execute(TestCaseExecutor.java:248)
	at com.kms.katalon.core.main.TestSuiteExecutor.accessTestCaseMainPhase(TestSuiteExecutor.java:191)
	at com.kms.katalon.core.main.TestSuiteExecutor.accessTestSuiteMainPhase(TestSuiteExecutor.java:140)
	at com.kms.katalon.core.main.TestSuiteExecutor.execute(TestSuiteExecutor.java:89)
	at com.kms.katalon.core.main.TestCaseMain.startTestSuite(TestCaseMain.java:181)
	at com.kms.katalon.core.main.TestCaseMain$startTestSuite$0.call(Unknown Source)
	at TempTestSuite1634220073501.run(TempTestSuite1634220073501.groovy:39)
Caused by: org.openqa.selenium.NoSuchWindowException: no such window: window was already closed
  (Session info: chrome=94.0.4606.81)
Build info: version: '3.141.59', revision: 'e82be7d358', time: '2018-11-14T08:25:53'
System info: host: 'DESKTOP-QBVMTUG', ip: '10.10.3.14', os.name: 'Windows 10', os.arch: 'amd64', os.version: '10.0', java.version: '1.8.0_282'
Driver info: com.kms.katalon.selenium.driver.CChromeDriver
Capabilities {acceptInsecureCerts: false, browserName: chrome, browserVersion: 94.0.4606.81, chrome: {chromedriverVersion: 94.0.4606.61 (418b78f5838ed..., userDataDir: C:\Users\DELL\AppData\Local...}, goog:chromeOptions: {debuggerAddress: localhost:50201}, javascriptEnabled: true, networkConnectionEnabled: false, pageLoadStrategy: normal, platform: WINDOWS, platformName: WINDOWS, proxy: Proxy(), setWindowRect: true, strictFileInteractability: false, timeouts: {implicit: 0, pageLoad: 300000, script: 30000}, unhandledPromptBehavior: dismiss and notify, webauthn:extension:credBlob: true, webauthn:extension:largeBlob: true, webauthn:virtualAuthenticators: true}
Session ID: 3307f92a7a79179813538514c6be0ee4
	at org.openqa.selenium.remote.http.W3CHttpResponseCodec.createException(W3CHttpResponseCodec.java:187)
	at org.openqa.selenium.remote.http.W3CHttpResponseCodec.decode(W3CHttpResponseCodec.java:122)
	at org.openqa.selenium.remote.http.W3CHttpResponseCodec.decode(W3CHttpResponseCodec.java:49)
	at org.openqa.selenium.remote.HttpCommandExecutor.execute(HttpCommandExecutor.java:158)
	at org.openqa.selenium.remote.service.DriverCommandExecutor.execute(DriverCommandExecutor.java:83)
	at org.openqa.selenium.remote.RemoteWebDriver.execute(RemoteWebDriver.java:552)
	at com.kms.katalon.selenium.driver.CChromeDriver.execute(CChromeDriver.java:19)
	at org.openqa.selenium.remote.RemoteWebDriver.execute(RemoteWebDriver.java:609)
	at org.openqa.selenium.remote.RemoteWebDriver.getWindowHandle(RemoteWebDriver.java:472)
	at org.openqa.selenium.support.events.EventFiringWebDriver.lambda$new$1(EventFiringWebDriver.java:105)
	at com.sun.proxy.$Proxy12.getWindowHandle(Unknown Source)
	at org.openqa.selenium.support.events.EventFiringWebDriver.getWindowHandle(EventFiringWebDriver.java:221)
	at com.kms.katalon.core.webui.driver.DriverFactory.getCurrentWindowIndex(DriverFactory.java:1072)
	at com.kms.katalon.core.webui.keyword.builtin.GetWindowIndexKeyword$_getWindowIndex_closure1.doCall(GetWindowIndexKeyword.groovy:73)
	at com.kms.katalon.core.webui.keyword.builtin.GetWindowIndexKeyword$_getWindowIndex_closure1.call(GetWindowIndexKeyword.groovy)
	at com.kms.katalon.core.webui.keyword.internal.WebUIKeywordMain.runKeywordAndReturnInt(WebUIKeywordMain.groovy:50)
	at com.kms.katalon.core.webui.keyword.builtin.GetWindowIndexKeyword.getWindowIndex(GetWindowIndexKeyword.groovy:71)
	at com.kms.katalon.core.webui.keyword.builtin.GetWindowIndexKeyword.execute(GetWindowIndexKeyword.groovy:66)
	at com.kms.katalon.core.keyword.internal.KeywordExecutor.executeKeywordForPlatform(KeywordExecutor.groovy:73)
	at com.kms.katalon.core.webui.keyword.WebUiBuiltInKeywords.getWindowIndex(WebUiBuiltInKeywords.groovy:262)
	at com.kms.katalon.core.webui.keyword.WebUiBuiltInKeywords$getWindowIndex$21.call(Unknown Source)
	at Script1586261051750.run(Script1586261051750.groovy:18)
	at com.kms.katalon.core.main.ScriptEngine.run(ScriptEngine.java:194)
	at com.kms.katalon.core.main.ScriptEngine.runScriptAsRawText(ScriptEngine.java:119)
	at com.kms.katalon.core.main.TestCaseExecutor.runScript(TestCaseExecutor.java:369)
	at com.kms.katalon.core.main.TestCaseExecutor.doExecute(TestCaseExecutor.java:360)
	at com.kms.katalon.core.main.TestCaseExecutor.processExecutionPhase(TestCaseExecutor.java:339)
	at com.kms.katalon.core.main.TestCaseExecutor.accessMainPhase(TestCaseExecutor.java:331)
	at com.kms.katalon.core.main.TestCaseExecutor.execute(TestCaseExecutor.java:248)
	at com.kms.katalon.core.main.TestCaseMain.runTestCase(TestCaseMain.java:138)
	at com.kms.katalon.core.keyword.builtin.CallTestCaseKeyword$_callTestCase_closure1.doCall(CallTestCaseKeyword.groovy:59)
	at com.kms.katalon.core.keyword.builtin.CallTestCaseKeyword$_callTestCase_closure1.call(CallTestCaseKeyword.groovy)
	at com.kms.katalon.core.keyword.internal.KeywordMain.runKeyword(KeywordMain.groovy:68)
	at com.kms.katalon.core.keyword.builtin.CallTestCaseKeyword.callTestCase(CallTestCaseKeyword.groovy:81)
	at com.kms.katalon.core.keyword.builtin.CallTestCaseKeyword.execute(CallTestCaseKeyword.groovy:44)
	at com.kms.katalon.core.keyword.internal.KeywordExecutor.executeKeywordForPlatform(KeywordExecutor.groovy:73)
	at com.kms.katalon.core.keyword.BuiltinKeywords.callTestCase(BuiltinKeywords.groovy:334)
	at sekmeler.sekmeler.anaSekmeyeGecilir(sekmeler.groovy:55)
	at cucumber.runtime.Utils$1.call(Utils.java:26)
	at cucumber.runtime.Timeout.timeout(Timeout.java:16)
	at cucumber.runtime.Utils.invoke(Utils.java:20)
	at cucumber.runtime.java.JavaStepDefinition.execute(JavaStepDefinition.java:49)
	at cucumber.runner.PickleStepDefinitionMatch.runStep(PickleStepDefinitionMatch.java:50)
	at cucumber.runner.TestStep.executeStep(TestStep.java:63)
	at cucumber.runner.TestStep.run(TestStep.java:49)
	at cucumber.runner.PickleStepTestStep.run(PickleStepTestStep.java:43)
	at cucumber.runner.TestCase.run(TestCase.java:44)
	at cucumber.runner.Runner.runPickle(Runner.java:40)
	at cucumber.runtime.Runtime$1.run(Runtime.java:84)
	at cucumber.runtime.Runtime$SameThreadExecutorService.execute(Runtime.java:220)
	at cucumber.runtime.Runtime.run(Runtime.java:81)
	at cucumber.api.cli.Main.run(Main.java:26)
	at cucumber.api.cli.Main$run.call(Unknown Source)
	at com.kms.katalon.core.cucumber.keyword.CucumberBuiltinKeywords$_runFeatureFile_closure1.doCall(CucumberBuiltinKeywords.groovy:106)
	at com.kms.katalon.core.cucumber.keyword.CucumberBuiltinKeywords$_runFeatureFile_closure1.doCall(CucumberBuiltinKeywords.groovy)
	at com.kms.katalon.core.keyword.internal.KeywordMain.runKeyword(KeywordMain.groovy:68)
	at com.kms.katalon.core.keyword.internal.KeywordMain$runKeyword.call(Unknown Source)
	at com.kms.katalon.core.cucumber.keyword.CucumberBuiltinKeywords.runFeatureFile(CucumberBuiltinKeywords.groovy:73)
	at com.kms.katalon.core.cucumber.keyword.CucumberBuiltinKeywords$runFeatureFile$0.callStatic(Unknown Source)
	at com.kms.katalon.core.cucumber.keyword.CucumberBuiltinKeywords.runFeatureFile(CucumberBuiltinKeywords.groovy:246)
	at com.kms.katalon.core.cucumber.keyword.CucumberBuiltinKeywords$runFeatureFile.call(Unknown Source)
	at Script1601995818246.run(Script1601995818246.groovy:18)
	... 13 more
)

2021-10-14 17:20:34 - [MESSAGE][INFO] - Getting current window's index

2021-10-14 17:20:34 - [MESSAGE][FAILED] - Unable to get the index of the current window (Root cause: com.kms.katalon.core.exception.StepFailedException: Unable to get the index of the current window
	at com.kms.katalon.core.webui.keyword.internal.WebUIKeywordMain.stepFailed(WebUIKeywordMain.groovy:64)
	at com.kms.katalon.core.webui.keyword.internal.WebUIKeywordMain.runKeywordAndReturnInt(WebUIKeywordMain.groovy:56)
	at com.kms.katalon.core.webui.keyword.builtin.GetWindowIndexKeyword.getWindowIndex(GetWindowIndexKeyword.groovy:71)
	at com.kms.katalon.core.webui.keyword.builtin.GetWindowIndexKeyword.execute(GetWindowIndexKeyword.groovy:66)
	at com.kms.katalon.core.keyword.internal.KeywordExecutor.executeKeywordForPlatform(KeywordExecutor.groovy:73)
	at com.kms.katalon.core.webui.keyword.WebUiBuiltInKeywords.getWindowIndex(WebUiBuiltInKeywords.groovy:262)
	at com.kms.katalon.core.webui.keyword.WebUiBuiltInKeywords$getWindowIndex$21.call(Unknown Source)
	at Ana_Sekmeye_Gec.run(Ana_Sekmeye_Gec:18)
	at com.kms.katalon.core.main.ScriptEngine.run(ScriptEngine.java:194)
	at com.kms.katalon.core.main.ScriptEngine.runScriptAsRawText(ScriptEngine.java:119)
	at com.kms.katalon.core.main.TestCaseExecutor.runScript(TestCaseExecutor.java:369)
	at com.kms.katalon.core.main.TestCaseExecutor.doExecute(TestCaseExecutor.java:360)
	at com.kms.katalon.core.main.TestCaseExecutor.processExecutionPhase(TestCaseExecutor.java:339)
	at com.kms.katalon.core.main.TestCaseExecutor.accessMainPhase(TestCaseExecutor.java:331)
	at com.kms.katalon.core.main.TestCaseExecutor.execute(TestCaseExecutor.java:248)
	at com.kms.katalon.core.main.TestCaseMain.runTestCase(TestCaseMain.java:138)
	at com.kms.katalon.core.keyword.builtin.CallTestCaseKeyword$_callTestCase_closure1.doCall(CallTestCaseKeyword.groovy:59)
	at com.kms.katalon.core.keyword.builtin.CallTestCaseKeyword$_callTestCase_closure1.call(CallTestCaseKeyword.groovy)
	at com.kms.katalon.core.keyword.internal.KeywordMain.runKeyword(KeywordMain.groovy:68)
	at com.kms.katalon.core.keyword.builtin.CallTestCaseKeyword.callTestCase(CallTestCaseKeyword.groovy:81)
	at com.kms.katalon.core.keyword.builtin.CallTestCaseKeyword.execute(CallTestCaseKeyword.groovy:44)
	at com.kms.katalon.core.keyword.internal.KeywordExecutor.executeKeywordForPlatform(KeywordExecutor.groovy:73)
	at com.kms.katalon.core.keyword.BuiltinKeywords.callTestCase(BuiltinKeywords.groovy:334)
	at sekmeler.sekmeler.anaSekmeyeGecilir(sekmeler.groovy:55)
	at cucumber.runtime.Utils$1.call(Utils.java:26)
	at cucumber.runtime.Timeout.timeout(Timeout.java:16)
	at cucumber.runtime.Utils.invoke(Utils.java:20)
	at cucumber.runtime.java.JavaStepDefinition.execute(JavaStepDefinition.java:49)
	at cucumber.runner.PickleStepDefinitionMatch.runStep(PickleStepDefinitionMatch.java:50)
	at cucumber.runner.TestStep.executeStep(TestStep.java:63)
	at cucumber.runner.TestStep.run(TestStep.java:49)
	at cucumber.runner.PickleStepTestStep.run(PickleStepTestStep.java:43)
	at cucumber.runner.TestCase.run(TestCase.java:44)
	at cucumber.runner.Runner.runPickle(Runner.java:40)
	at cucumber.runtime.Runtime$1.run(Runtime.java:84)
	at cucumber.runtime.Runtime$SameThreadExecutorService.execute(Runtime.java:220)
	at cucumber.runtime.Runtime.run(Runtime.java:81)
	at cucumber.api.cli.Main.run(Main.java:26)
	at cucumber.api.cli.Main$run.call(Unknown Source)
	at com.kms.katalon.core.cucumber.keyword.CucumberBuiltinKeywords$_runFeatureFile_closure1.doCall(CucumberBuiltinKeywords.groovy:106)
	at com.kms.katalon.core.cucumber.keyword.CucumberBuiltinKeywords$_runFeatureFile_closure1.doCall(CucumberBuiltinKeywords.groovy)
	at com.kms.katalon.core.keyword.internal.KeywordMain.runKeyword(KeywordMain.groovy:68)
	at com.kms.katalon.core.keyword.internal.KeywordMain$runKeyword.call(Unknown Source)
	at com.kms.katalon.core.cucumber.keyword.CucumberBuiltinKeywords.runFeatureFile(CucumberBuiltinKeywords.groovy:73)
	at com.kms.katalon.core.cucumber.keyword.CucumberBuiltinKeywords$runFeatureFile$0.callStatic(Unknown Source)
	at com.kms.katalon.core.cucumber.keyword.CucumberBuiltinKeywords.runFeatureFile(CucumberBuiltinKeywords.groovy:246)
	at com.kms.katalon.core.cucumber.keyword.CucumberBuiltinKeywords$runFeatureFile.call(Unknown Source)
	at Departman Ata-Geri Al.run(Departman Ata-Geri Al:18)
	at com.kms.katalon.core.main.ScriptEngine.run(ScriptEngine.java:194)
	at com.kms.katalon.core.main.ScriptEngine.runScriptAsRawText(ScriptEngine.java:119)
	at com.kms.katalon.core.main.TestCaseExecutor.runScript(TestCaseExecutor.java:369)
	at com.kms.katalon.core.main.TestCaseExecutor.doExecute(TestCaseExecutor.java:360)
	at com.kms.katalon.core.main.TestCaseExecutor.processExecutionPhase(TestCaseExecutor.java:339)
	at com.kms.katalon.core.main.TestCaseExecutor.accessMainPhase(TestCaseExecutor.java:331)
	at com.kms.katalon.core.main.TestCaseExecutor.execute(TestCaseExecutor.java:248)
	at com.kms.katalon.core.main.TestSuiteExecutor.accessTestCaseMainPhase(TestSuiteExecutor.java:191)
	at com.kms.katalon.core.main.TestSuiteExecutor.accessTestSuiteMainPhase(TestSuiteExecutor.java:140)
	at com.kms.katalon.core.main.TestSuiteExecutor.execute(TestSuiteExecutor.java:89)
	at com.kms.katalon.core.main.TestCaseMain.startTestSuite(TestCaseMain.java:181)
	at com.kms.katalon.core.main.TestCaseMain$startTestSuite$0.call(Unknown Source)
	at TempTestSuite1634220073501.run(TempTestSuite1634220073501.groovy:39)
Caused by: org.openqa.selenium.NoSuchWindowException: no such window: window was already closed
  (Session info: chrome=94.0.4606.81)
Build info: version: '3.141.59', revision: 'e82be7d358', time: '2018-11-14T08:25:53'
System info: host: 'DESKTOP-QBVMTUG', ip: '10.10.3.14', os.name: 'Windows 10', os.arch: 'amd64', os.version: '10.0', java.version: '1.8.0_282'
Driver info: com.kms.katalon.selenium.driver.CChromeDriver
Capabilities {acceptInsecureCerts: false, browserName: chrome, browserVersion: 94.0.4606.81, chrome: {chromedriverVersion: 94.0.4606.61 (418b78f5838ed..., userDataDir: C:\Users\DELL\AppData\Local...}, goog:chromeOptions: {debuggerAddress: localhost:50201}, javascriptEnabled: true, networkConnectionEnabled: false, pageLoadStrategy: normal, platform: WINDOWS, platformName: WINDOWS, proxy: Proxy(), setWindowRect: true, strictFileInteractability: false, timeouts: {implicit: 0, pageLoad: 300000, script: 30000}, unhandledPromptBehavior: dismiss and notify, webauthn:extension:credBlob: true, webauthn:extension:largeBlob: true, webauthn:virtualAuthenticators: true}
Session ID: 3307f92a7a79179813538514c6be0ee4
	at org.openqa.selenium.remote.http.W3CHttpResponseCodec.createException(W3CHttpResponseCodec.java:187)
	at org.openqa.selenium.remote.http.W3CHttpResponseCodec.decode(W3CHttpResponseCodec.java:122)
	at org.openqa.selenium.remote.http.W3CHttpResponseCodec.decode(W3CHttpResponseCodec.java:49)
	at org.openqa.selenium.remote.HttpCommandExecutor.execute(HttpCommandExecutor.java:158)
	at org.openqa.selenium.remote.service.DriverCommandExecutor.execute(DriverCommandExecutor.java:83)
	at org.openqa.selenium.remote.RemoteWebDriver.execute(RemoteWebDriver.java:552)
	at com.kms.katalon.selenium.driver.CChromeDriver.execute(CChromeDriver.java:19)
	at org.openqa.selenium.remote.RemoteWebDriver.execute(RemoteWebDriver.java:609)
	at org.openqa.selenium.remote.RemoteWebDriver.getWindowHandle(RemoteWebDriver.java:472)
	at org.openqa.selenium.support.events.EventFiringWebDriver.lambda$new$1(EventFiringWebDriver.java:105)
	at com.sun.proxy.$Proxy12.getWindowHandle(Unknown Source)
	at org.openqa.selenium.support.events.EventFiringWebDriver.getWindowHandle(EventFiringWebDriver.java:221)
	at com.kms.katalon.core.webui.driver.DriverFactory.getCurrentWindowIndex(DriverFactory.java:1072)
	at com.kms.katalon.core.webui.keyword.builtin.GetWindowIndexKeyword$_getWindowIndex_closure1.doCall(GetWindowIndexKeyword.groovy:73)
	at com.kms.katalon.core.webui.keyword.builtin.GetWindowIndexKeyword$_getWindowIndex_closure1.call(GetWindowIndexKeyword.groovy)
	at com.kms.katalon.core.webui.keyword.internal.WebUIKeywordMain.runKeywordAndReturnInt(WebUIKeywordMain.groovy:50)
	at com.kms.katalon.core.webui.keyword.builtin.GetWindowIndexKeyword.getWindowIndex(GetWindowIndexKeyword.groovy:71)
	at com.kms.katalon.core.webui.keyword.builtin.GetWindowIndexKeyword.execute(GetWindowIndexKeyword.groovy:66)
	at com.kms.katalon.core.keyword.internal.KeywordExecutor.executeKeywordForPlatform(KeywordExecutor.groovy:73)
	at com.kms.katalon.core.webui.keyword.WebUiBuiltInKeywords.getWindowIndex(WebUiBuiltInKeywords.groovy:262)
	at com.kms.katalon.core.webui.keyword.WebUiBuiltInKeywords$getWindowIndex$21.call(Unknown Source)
	at Script1586261051750.run(Script1586261051750.groovy:18)
	at com.kms.katalon.core.main.ScriptEngine.run(ScriptEngine.java:194)
	at com.kms.katalon.core.main.ScriptEngine.runScriptAsRawText(ScriptEngine.java:119)
	at com.kms.katalon.core.main.TestCaseExecutor.runScript(TestCaseExecutor.java:369)
	at com.kms.katalon.core.main.TestCaseExecutor.doExecute(TestCaseExecutor.java:360)
	at com.kms.katalon.core.main.TestCaseExecutor.processExecutionPhase(TestCaseExecutor.java:339)
	at com.kms.katalon.core.main.TestCaseExecutor.accessMainPhase(TestCaseExecutor.java:331)
	at com.kms.katalon.core.main.TestCaseExecutor.execute(TestCaseExecutor.java:248)
	at com.kms.katalon.core.main.TestCaseMain.runTestCase(TestCaseMain.java:138)
	at com.kms.katalon.core.keyword.builtin.CallTestCaseKeyword$_callTestCase_closure1.doCall(CallTestCaseKeyword.groovy:59)
	at com.kms.katalon.core.keyword.builtin.CallTestCaseKeyword$_callTestCase_closure1.call(CallTestCaseKeyword.groovy)
	at com.kms.katalon.core.keyword.internal.KeywordMain.runKeyword(KeywordMain.groovy:68)
	at com.kms.katalon.core.keyword.builtin.CallTestCaseKeyword.callTestCase(CallTestCaseKeyword.groovy:81)
	at com.kms.katalon.core.keyword.builtin.CallTestCaseKeyword.execute(CallTestCaseKeyword.groovy:44)
	at com.kms.katalon.core.keyword.internal.KeywordExecutor.executeKeywordForPlatform(KeywordExecutor.groovy:73)
	at com.kms.katalon.core.keyword.BuiltinKeywords.callTestCase(BuiltinKeywords.groovy:334)
	at sekmeler.sekmeler.anaSekmeyeGecilir(sekmeler.groovy:55)
	at cucumber.runtime.Utils$1.call(Utils.java:26)
	at cucumber.runtime.Timeout.timeout(Timeout.java:16)
	at cucumber.runtime.Utils.invoke(Utils.java:20)
	at cucumber.runtime.java.JavaStepDefinition.execute(JavaStepDefinition.java:49)
	at cucumber.runner.PickleStepDefinitionMatch.runStep(PickleStepDefinitionMatch.java:50)
	at cucumber.runner.TestStep.executeStep(TestStep.java:63)
	at cucumber.runner.TestStep.run(TestStep.java:49)
	at cucumber.runner.PickleStepTestStep.run(PickleStepTestStep.java:43)
	at cucumber.runner.TestCase.run(TestCase.java:44)
	at cucumber.runner.Runner.runPickle(Runner.java:40)
	at cucumber.runtime.Runtime$1.run(Runtime.java:84)
	at cucumber.runtime.Runtime$SameThreadExecutorService.execute(Runtime.java:220)
	at cucumber.runtime.Runtime.run(Runtime.java:81)
	at cucumber.api.cli.Main.run(Main.java:26)
	at cucumber.api.cli.Main$run.call(Unknown Source)
	at com.kms.katalon.core.cucumber.keyword.CucumberBuiltinKeywords$_runFeatureFile_closure1.doCall(CucumberBuiltinKeywords.groovy:106)
	at com.kms.katalon.core.cucumber.keyword.CucumberBuiltinKeywords$_runFeatureFile_closure1.doCall(CucumberBuiltinKeywords.groovy)
	at com.kms.katalon.core.keyword.internal.KeywordMain.runKeyword(KeywordMain.groovy:68)
	at com.kms.katalon.core.keyword.internal.KeywordMain$runKeyword.call(Unknown Source)
	at com.kms.katalon.core.cucumber.keyword.CucumberBuiltinKeywords.runFeatureFile(CucumberBuiltinKeywords.groovy:73)
	at com.kms.katalon.core.cucumber.keyword.CucumberBuiltinKeywords$runFeatureFile$0.callStatic(Unknown Source)
	at com.kms.katalon.core.cucumber.keyword.CucumberBuiltinKeywords.runFeatureFile(CucumberBuiltinKeywords.groovy:246)
	at com.kms.katalon.core.cucumber.keyword.CucumberBuiltinKeywords$runFeatureFile.call(Unknown Source)
	at Script1601995818246.run(Script1601995818246.groovy:18)
	... 13 more
)

2021-10-14 17:20:34 - [TEST_STEP][PASSED] - catch (Exception e): null

2021-10-14 17:20:34 - [TEST_STEP][PASSED] - switchToWindowIndex(0): Switched to window with index: '0'

2021-10-14 17:20:34 - [MESSAGE][INFO] - Checking index

2021-10-14 17:20:34 - [MESSAGE][INFO] - Switching window with index: '0'

2021-10-14 17:20:34 - [MESSAGE][PASSED] - Switched to window with index: '0'

2021-10-14 17:20:34 - [MESSAGE][PASSED] - Call Test Case 'Test Cases/Sekmeler/Ana_Sekmeye_Gec' successfully

2021-10-14 17:20:34 - [MESSAGE][INFO] - Checking called Test Case

2021-10-14 17:20:34 - [MESSAGE][INFO] - Starting to call Test Case 'Test Cases/Butonlar/ButonaTikla'

2021-10-14 17:20:34 - [TEST_CASE][PASSED] - Test Cases/Butonlar/ButonaTikla: Test Cases/Butonlar/ButonaTikla

2021-10-14 17:20:34 - [TEST_STEP][PASSED] - Method.TextDegerineEsitElementeTiklaEquals(findTestObject("Butonlar/Butonlar"), Buton_Adi): Method.TextDegerineEsitElementeTiklaEquals is PASSED

2021-10-14 17:20:34 - [MESSAGE][INFO] - Finding Test Object 'Object Repository/Butonlar/Butonlar'

2021-10-14 17:20:34 - [MESSAGE][INFO] - Checking timeout

2021-10-14 17:20:34 - [MESSAGE][INFO] - Finding web element with id: 'Object Repository/Butonlar/Butonlar' located by 'By.cssSelector: .panel.panel-default.text-center.footerPanel .btn,.btn.btn-primary.btnControls' in '10' second(s)

2021-10-14 17:20:34 - [MESSAGE][INFO] - Smart Wait Function is triggered

2021-10-14 17:20:35 - [MESSAGE][INFO] - Found 17 web elements with id: 'Object Repository/Butonlar/Butonlar' located by 'By.cssSelector: .panel.panel-default.text-center.footerPanel .btn,.btn.btn-primary.btnControls' in '10' second(s)

2021-10-14 17:20:35 - [MESSAGE][PASSED] - Method.TextDegerineEsitElementeTiklaEquals is PASSED

2021-10-14 17:20:35 - [MESSAGE][PASSED] - Call Test Case 'Test Cases/Butonlar/ButonaTikla' successfully

2021-10-14 17:20:35 - [MESSAGE][INFO] - Checking called Test Case

2021-10-14 17:20:35 - [MESSAGE][INFO] - Starting to call Test Case 'Test Cases/Sekmeler/YeniSekmeyeGec'

2021-10-14 17:20:35 - [TEST_CASE][PASSED] - Test Cases/Sekmeler/YeniSekmeyeGec: Test Cases/Sekmeler/YeniSekmeyeGec

2021-10-14 17:20:35 - [TEST_STEP][PASSED] - switchToWindowIndex(1): Switched to window with index: '1'

2021-10-14 17:20:35 - [MESSAGE][INFO] - Checking index

2021-10-14 17:20:35 - [MESSAGE][INFO] - Switching window with index: '1'

2021-10-14 17:20:35 - [MESSAGE][PASSED] - Switched to window with index: '1'

2021-10-14 17:20:35 - [MESSAGE][PASSED] - Call Test Case 'Test Cases/Sekmeler/YeniSekmeyeGec' successfully

2021-10-14 17:20:35 - [MESSAGE][INFO] - Checking called Test Case

2021-10-14 17:20:35 - [MESSAGE][INFO] - Starting to call Test Case 'Test Cases/Sekmeler/DepartmanCheckboxiSecilir'

2021-10-14 17:20:35 - [TEST_CASE][PASSED] - Test Cases/Sekmeler/DepartmanCheckboxiSecilir: Test Cases/Sekmeler/DepartmanCheckboxiSecilir

2021-10-14 17:20:35 - [TEST_STEP][PASSED] - Method.TextDegerineEsitElementeTikla(findTestObject("Object Repository/Sekmeler/DepartmanCheckboxi"), Departman): Method.TextDegerineEsitElementeTikla is PASSED

2021-10-14 17:20:35 - [MESSAGE][INFO] - Finding Test Object 'Object Repository/Sekmeler/DepartmanCheckboxi'

2021-10-14 17:20:35 - [MESSAGE][INFO] - Checking timeout

2021-10-14 17:20:35 - [MESSAGE][INFO] - Finding web element with id: 'Object Repository/Sekmeler/DepartmanCheckboxi' located by 'By.cssSelector: .dx-wrap' in '10' second(s)

2021-10-14 17:20:35 - [MESSAGE][INFO] - Smart Wait Function is triggered

2021-10-14 17:20:36 - [MESSAGE][INFO] - Found 4 web elements with id: 'Object Repository/Sekmeler/DepartmanCheckboxi' located by 'By.cssSelector: .dx-wrap' in '10' second(s)

2021-10-14 17:20:36 - [MESSAGE][PASSED] - Method.TextDegerineEsitElementeTikla is PASSED

2021-10-14 17:20:36 - [MESSAGE][PASSED] - Call Test Case 'Test Cases/Sekmeler/DepartmanCheckboxiSecilir' successfully

2021-10-14 17:20:36 - [MESSAGE][INFO] - Checking called Test Case

2021-10-14 17:20:36 - [MESSAGE][INFO] - Starting to call Test Case 'Test Cases/Sekmeler/DepartmanKaydedilir'

2021-10-14 17:20:36 - [TEST_CASE][PASSED] - Test Cases/Sekmeler/DepartmanKaydedilir: Test Cases/Sekmeler/DepartmanKaydedilir

2021-10-14 17:20:36 - [TEST_STEP][PASSED] - waitForElementClickable(findTestObject("Object Repository/Sekmeler/DepartmanKaydetButoni"), 10): Object 'Object Repository/Sekmeler/DepartmanKaydetButoni' is clickable

2021-10-14 17:20:36 - [MESSAGE][INFO] - Finding Test Object 'Object Repository/Sekmeler/DepartmanKaydetButoni'

2021-10-14 17:20:36 - [MESSAGE][INFO] - Checking object

2021-10-14 17:20:36 - [MESSAGE][INFO] - Checking timeout

2021-10-14 17:20:36 - [MESSAGE][INFO] - Finding web element from Test Object's properties

2021-10-14 17:20:36 - [MESSAGE][INFO] - Checking timeout

2021-10-14 17:20:36 - [MESSAGE][INFO] - Finding web element with id: 'Object Repository/Sekmeler/DepartmanKaydetButoni' located by 'By.cssSelector: .dx-vam' in '10' second(s)

2021-10-14 17:20:36 - [MESSAGE][INFO] - Smart Wait Function is triggered

2021-10-14 17:20:36 - [MESSAGE][INFO] - Found 1 web elements with id: 'Object Repository/Sekmeler/DepartmanKaydetButoni' located by 'By.cssSelector: .dx-vam' in '10' second(s)

2021-10-14 17:20:36 - [MESSAGE][PASSED] - Object 'Object Repository/Sekmeler/DepartmanKaydetButoni' is clickable

2021-10-14 17:20:36 - [TEST_STEP][PASSED] - click(findTestObject("Object Repository/Sekmeler/DepartmanKaydetButoni")): Object: 'Object Repository/Sekmeler/DepartmanKaydetButoni' is clicked on

2021-10-14 17:20:36 - [MESSAGE][INFO] - Finding Test Object 'Object Repository/Sekmeler/DepartmanKaydetButoni'

2021-10-14 17:20:37 - [MESSAGE][INFO] - Checking object

2021-10-14 17:20:37 - [MESSAGE][INFO] - Finding web element from Test Object's properties

2021-10-14 17:20:37 - [MESSAGE][INFO] - Checking timeout

2021-10-14 17:20:37 - [MESSAGE][INFO] - Finding web element with id: 'Object Repository/Sekmeler/DepartmanKaydetButoni' located by 'By.cssSelector: .dx-vam' in '30' second(s)

2021-10-14 17:20:37 - [MESSAGE][INFO] - Smart Wait Function is triggered

2021-10-14 17:20:37 - [MESSAGE][INFO] - Found 1 web elements with id: 'Object Repository/Sekmeler/DepartmanKaydetButoni' located by 'By.cssSelector: .dx-vam' in '30' second(s)

2021-10-14 17:20:37 - [MESSAGE][INFO] - Clicking on object: 'Object Repository/Sekmeler/DepartmanKaydetButoni'

2021-10-14 17:20:37 - [MESSAGE][PASSED] - Object: 'Object Repository/Sekmeler/DepartmanKaydetButoni' is clicked on

2021-10-14 17:20:37 - [MESSAGE][PASSED] - Call Test Case 'Test Cases/Sekmeler/DepartmanKaydedilir' successfully

2021-10-14 17:20:37 - [MESSAGE][INFO] - Checking called Test Case

2021-10-14 17:20:37 - [MESSAGE][INFO] - Starting to call Test Case 'Test Cases/Popup/PopupMesajiIceriyorMu'

2021-10-14 17:20:37 - [TEST_CASE][PASSED] - Test Cases/Popup/PopupMesajiIceriyorMu: Test Cases/Popup/PopupMesajiIceriyorMu

2021-10-14 17:20:37 - [TEST_STEP][PASSED] - waitForElementVisible(findTestObject("Popup/Popup"), 10): Object 'Object Repository/Popup/Popup' is visible

2021-10-14 17:20:37 - [MESSAGE][INFO] - Finding Test Object 'Object Repository/Popup/Popup'

2021-10-14 17:20:37 - [MESSAGE][INFO] - Checking object

2021-10-14 17:20:37 - [MESSAGE][INFO] - Checking timeout

2021-10-14 17:20:37 - [MESSAGE][INFO] - Finding web element from Test Object's properties

2021-10-14 17:20:37 - [MESSAGE][INFO] - Checking timeout

2021-10-14 17:20:37 - [MESSAGE][INFO] - Finding web element with id: 'Object Repository/Popup/Popup' located by 'By.cssSelector: .bootbox-body' in '10' second(s)

2021-10-14 17:20:37 - [MESSAGE][INFO] - Smart Wait Function is triggered

2021-10-14 17:20:38 - [MESSAGE][INFO] - Found 1 web elements with id: 'Object Repository/Popup/Popup' located by 'By.cssSelector: .bootbox-body' in '10' second(s)

2021-10-14 17:20:38 - [MESSAGE][PASSED] - Object 'Object Repository/Popup/Popup' is visible

2021-10-14 17:20:38 - [TEST_STEP][PASSED] - if (!(getText(findTestObject("Popup/Popup")).contains(Mesaj))): Text of object 'Object Repository/Popup/Popup' is: 'Seçilen belgelerin ilgili departmanlardaki yetkisi kaldırılmıştır.'

2021-10-14 17:20:38 - [MESSAGE][INFO] - Finding Test Object 'Object Repository/Popup/Popup'

2021-10-14 17:20:38 - [MESSAGE][INFO] - Checking object

2021-10-14 17:20:38 - [MESSAGE][INFO] - Finding web element from Test Object's properties

2021-10-14 17:20:38 - [MESSAGE][INFO] - Checking timeout

2021-10-14 17:20:38 - [MESSAGE][INFO] - Finding web element with id: 'Object Repository/Popup/Popup' located by 'By.cssSelector: .bootbox-body' in '30' second(s)

2021-10-14 17:20:38 - [MESSAGE][INFO] - Smart Wait Function is triggered

2021-10-14 17:20:38 - [MESSAGE][INFO] - Found 1 web elements with id: 'Object Repository/Popup/Popup' located by 'By.cssSelector: .bootbox-body' in '30' second(s)

2021-10-14 17:20:38 - [MESSAGE][INFO] - Getting text of object 'Object Repository/Popup/Popup'

2021-10-14 17:20:38 - [MESSAGE][PASSED] - Text of object 'Object Repository/Popup/Popup' is: 'Seçilen belgelerin ilgili departmanlardaki yetkisi kaldırılmıştır.'

2021-10-14 17:20:38 - [TEST_STEP][PASSED] - RaporNo = getText(findTestObject("Popup/Popup")).substring(0, 6): Text of object 'Object Repository/Popup/Popup' is: 'Seçilen belgelerin ilgili departmanlardaki yetkisi kaldırılmıştır.'

2021-10-14 17:20:38 - [MESSAGE][INFO] - Finding Test Object 'Object Repository/Popup/Popup'

2021-10-14 17:20:39 - [MESSAGE][INFO] - Checking object

2021-10-14 17:20:39 - [MESSAGE][INFO] - Finding web element from Test Object's properties

2021-10-14 17:20:39 - [MESSAGE][INFO] - Checking timeout

2021-10-14 17:20:39 - [MESSAGE][INFO] - Finding web element with id: 'Object Repository/Popup/Popup' located by 'By.cssSelector: .bootbox-body' in '30' second(s)

2021-10-14 17:20:39 - [MESSAGE][INFO] - Smart Wait Function is triggered

2021-10-14 17:20:39 - [MESSAGE][INFO] - Found 1 web elements with id: 'Object Repository/Popup/Popup' located by 'By.cssSelector: .bootbox-body' in '30' second(s)

2021-10-14 17:20:39 - [MESSAGE][INFO] - Getting text of object 'Object Repository/Popup/Popup'

2021-10-14 17:20:39 - [MESSAGE][PASSED] - Text of object 'Object Repository/Popup/Popup' is: 'Seçilen belgelerin ilgili departmanlardaki yetkisi kaldırılmıştır.'

2021-10-14 17:20:39 - [TEST_STEP][PASSED] - Console.println(RaporNo): null

2021-10-14 17:20:39 - [MESSAGE][PASSED] - Call Test Case 'Test Cases/Popup/PopupMesajiIceriyorMu' successfully

2021-10-14 17:20:39 - [MESSAGE][INFO] - Checking called Test Case

2021-10-14 17:20:39 - [MESSAGE][INFO] - Starting to call Test Case 'Test Cases/Popup/PopupButonSecilir'

2021-10-14 17:20:39 - [TEST_CASE][PASSED] - Test Cases/Popup/PopupButonSecilir: Test Cases/Popup/PopupButonSecilir

2021-10-14 17:20:39 - [TEST_STEP][PASSED] - Method.TextDegerineEsitElementeTikla(findTestObject("Popup/Popup_Butons"), Buton): Method.TextDegerineEsitElementeTikla is PASSED

2021-10-14 17:20:39 - [MESSAGE][INFO] - Finding Test Object 'Object Repository/Popup/Popup_Butons'

2021-10-14 17:20:39 - [MESSAGE][INFO] - Checking timeout

2021-10-14 17:20:39 - [MESSAGE][INFO] - Finding web element with id: 'Object Repository/Popup/Popup_Butons' located by 'By.cssSelector: .modal-footer>button' in '10' second(s)

2021-10-14 17:20:39 - [MESSAGE][INFO] - Smart Wait Function is triggered

2021-10-14 17:20:39 - [MESSAGE][INFO] - Found 1 web elements with id: 'Object Repository/Popup/Popup_Butons' located by 'By.cssSelector: .modal-footer>button' in '10' second(s)

2021-10-14 17:20:40 - [MESSAGE][PASSED] - Method.TextDegerineEsitElementeTikla is PASSED

2021-10-14 17:20:40 - [MESSAGE][PASSED] - Call Test Case 'Test Cases/Popup/PopupButonSecilir' successfully

2021-10-14 17:20:40 - [MESSAGE][INFO] - Checking called Test Case

2021-10-14 17:20:40 - [MESSAGE][INFO] - Starting to call Test Case 'Test Cases/Sekmeler/Ana_Sekmeye_Gec'

2021-10-14 17:20:40 - [TEST_CASE][PASSED] - Test Cases/Sekmeler/Ana_Sekmeye_Gec: Test Cases/Sekmeler/Ana_Sekmeye_Gec

2021-10-14 17:20:40 - [TEST_STEP][FAILED] - try: Unable to get the index of the current window (Root cause: com.kms.katalon.core.exception.StepFailedException: Unable to get the index of the current window
	at com.kms.katalon.core.webui.keyword.internal.WebUIKeywordMain.stepFailed(WebUIKeywordMain.groovy:64)
	at com.kms.katalon.core.webui.keyword.internal.WebUIKeywordMain.runKeywordAndReturnInt(WebUIKeywordMain.groovy:56)
	at com.kms.katalon.core.webui.keyword.builtin.GetWindowIndexKeyword.getWindowIndex(GetWindowIndexKeyword.groovy:71)
	at com.kms.katalon.core.webui.keyword.builtin.GetWindowIndexKeyword.execute(GetWindowIndexKeyword.groovy:66)
	at com.kms.katalon.core.keyword.internal.KeywordExecutor.executeKeywordForPlatform(KeywordExecutor.groovy:73)
	at com.kms.katalon.core.webui.keyword.WebUiBuiltInKeywords.getWindowIndex(WebUiBuiltInKeywords.groovy:262)
	at com.kms.katalon.core.webui.keyword.WebUiBuiltInKeywords$getWindowIndex$21.call(Unknown Source)
	at Ana_Sekmeye_Gec.run(Ana_Sekmeye_Gec:18)
	at com.kms.katalon.core.main.ScriptEngine.run(ScriptEngine.java:194)
	at com.kms.katalon.core.main.ScriptEngine.runScriptAsRawText(ScriptEngine.java:119)
	at com.kms.katalon.core.main.TestCaseExecutor.runScript(TestCaseExecutor.java:369)
	at com.kms.katalon.core.main.TestCaseExecutor.doExecute(TestCaseExecutor.java:360)
	at com.kms.katalon.core.main.TestCaseExecutor.processExecutionPhase(TestCaseExecutor.java:339)
	at com.kms.katalon.core.main.TestCaseExecutor.accessMainPhase(TestCaseExecutor.java:331)
	at com.kms.katalon.core.main.TestCaseExecutor.execute(TestCaseExecutor.java:248)
	at com.kms.katalon.core.main.TestCaseMain.runTestCase(TestCaseMain.java:138)
	at com.kms.katalon.core.keyword.builtin.CallTestCaseKeyword$_callTestCase_closure1.doCall(CallTestCaseKeyword.groovy:59)
	at com.kms.katalon.core.keyword.builtin.CallTestCaseKeyword$_callTestCase_closure1.call(CallTestCaseKeyword.groovy)
	at com.kms.katalon.core.keyword.internal.KeywordMain.runKeyword(KeywordMain.groovy:68)
	at com.kms.katalon.core.keyword.builtin.CallTestCaseKeyword.callTestCase(CallTestCaseKeyword.groovy:81)
	at com.kms.katalon.core.keyword.builtin.CallTestCaseKeyword.execute(CallTestCaseKeyword.groovy:44)
	at com.kms.katalon.core.keyword.internal.KeywordExecutor.executeKeywordForPlatform(KeywordExecutor.groovy:73)
	at com.kms.katalon.core.keyword.BuiltinKeywords.callTestCase(BuiltinKeywords.groovy:334)
	at sekmeler.sekmeler.anaSekmeyeGecilir(sekmeler.groovy:55)
	at cucumber.runtime.Utils$1.call(Utils.java:26)
	at cucumber.runtime.Timeout.timeout(Timeout.java:16)
	at cucumber.runtime.Utils.invoke(Utils.java:20)
	at cucumber.runtime.java.JavaStepDefinition.execute(JavaStepDefinition.java:49)
	at cucumber.runner.PickleStepDefinitionMatch.runStep(PickleStepDefinitionMatch.java:50)
	at cucumber.runner.TestStep.executeStep(TestStep.java:63)
	at cucumber.runner.TestStep.run(TestStep.java:49)
	at cucumber.runner.PickleStepTestStep.run(PickleStepTestStep.java:43)
	at cucumber.runner.TestCase.run(TestCase.java:44)
	at cucumber.runner.Runner.runPickle(Runner.java:40)
	at cucumber.runtime.Runtime$1.run(Runtime.java:84)
	at cucumber.runtime.Runtime$SameThreadExecutorService.execute(Runtime.java:220)
	at cucumber.runtime.Runtime.run(Runtime.java:81)
	at cucumber.api.cli.Main.run(Main.java:26)
	at cucumber.api.cli.Main$run.call(Unknown Source)
	at com.kms.katalon.core.cucumber.keyword.CucumberBuiltinKeywords$_runFeatureFile_closure1.doCall(CucumberBuiltinKeywords.groovy:106)
	at com.kms.katalon.core.cucumber.keyword.CucumberBuiltinKeywords$_runFeatureFile_closure1.doCall(CucumberBuiltinKeywords.groovy)
	at com.kms.katalon.core.keyword.internal.KeywordMain.runKeyword(KeywordMain.groovy:68)
	at com.kms.katalon.core.keyword.internal.KeywordMain$runKeyword.call(Unknown Source)
	at com.kms.katalon.core.cucumber.keyword.CucumberBuiltinKeywords.runFeatureFile(CucumberBuiltinKeywords.groovy:73)
	at com.kms.katalon.core.cucumber.keyword.CucumberBuiltinKeywords$runFeatureFile$0.callStatic(Unknown Source)
	at com.kms.katalon.core.cucumber.keyword.CucumberBuiltinKeywords.runFeatureFile(CucumberBuiltinKeywords.groovy:246)
	at com.kms.katalon.core.cucumber.keyword.CucumberBuiltinKeywords$runFeatureFile.call(Unknown Source)
	at Departman Ata-Geri Al.run(Departman Ata-Geri Al:18)
	at com.kms.katalon.core.main.ScriptEngine.run(ScriptEngine.java:194)
	at com.kms.katalon.core.main.ScriptEngine.runScriptAsRawText(ScriptEngine.java:119)
	at com.kms.katalon.core.main.TestCaseExecutor.runScript(TestCaseExecutor.java:369)
	at com.kms.katalon.core.main.TestCaseExecutor.doExecute(TestCaseExecutor.java:360)
	at com.kms.katalon.core.main.TestCaseExecutor.processExecutionPhase(TestCaseExecutor.java:339)
	at com.kms.katalon.core.main.TestCaseExecutor.accessMainPhase(TestCaseExecutor.java:331)
	at com.kms.katalon.core.main.TestCaseExecutor.execute(TestCaseExecutor.java:248)
	at com.kms.katalon.core.main.TestSuiteExecutor.accessTestCaseMainPhase(TestSuiteExecutor.java:191)
	at com.kms.katalon.core.main.TestSuiteExecutor.accessTestSuiteMainPhase(TestSuiteExecutor.java:140)
	at com.kms.katalon.core.main.TestSuiteExecutor.execute(TestSuiteExecutor.java:89)
	at com.kms.katalon.core.main.TestCaseMain.startTestSuite(TestCaseMain.java:181)
	at com.kms.katalon.core.main.TestCaseMain$startTestSuite$0.call(Unknown Source)
	at TempTestSuite1634220073501.run(TempTestSuite1634220073501.groovy:39)
Caused by: org.openqa.selenium.NoSuchWindowException: no such window: target window already closed
from unknown error: web view not found
  (Session info: chrome=94.0.4606.81)
Build info: version: '3.141.59', revision: 'e82be7d358', time: '2018-11-14T08:25:53'
System info: host: 'DESKTOP-QBVMTUG', ip: '10.10.3.14', os.name: 'Windows 10', os.arch: 'amd64', os.version: '10.0', java.version: '1.8.0_282'
Driver info: com.kms.katalon.selenium.driver.CChromeDriver
Capabilities {acceptInsecureCerts: false, browserName: chrome, browserVersion: 94.0.4606.81, chrome: {chromedriverVersion: 94.0.4606.61 (418b78f5838ed..., userDataDir: C:\Users\DELL\AppData\Local...}, goog:chromeOptions: {debuggerAddress: localhost:50201}, javascriptEnabled: true, networkConnectionEnabled: false, pageLoadStrategy: normal, platform: WINDOWS, platformName: WINDOWS, proxy: Proxy(), setWindowRect: true, strictFileInteractability: false, timeouts: {implicit: 0, pageLoad: 300000, script: 30000}, unhandledPromptBehavior: dismiss and notify, webauthn:extension:credBlob: true, webauthn:extension:largeBlob: true, webauthn:virtualAuthenticators: true}
Session ID: 3307f92a7a79179813538514c6be0ee4
	at org.openqa.selenium.remote.http.W3CHttpResponseCodec.createException(W3CHttpResponseCodec.java:187)
	at org.openqa.selenium.remote.http.W3CHttpResponseCodec.decode(W3CHttpResponseCodec.java:122)
	at org.openqa.selenium.remote.http.W3CHttpResponseCodec.decode(W3CHttpResponseCodec.java:49)
	at org.openqa.selenium.remote.HttpCommandExecutor.execute(HttpCommandExecutor.java:158)
	at org.openqa.selenium.remote.service.DriverCommandExecutor.execute(DriverCommandExecutor.java:83)
	at org.openqa.selenium.remote.RemoteWebDriver.execute(RemoteWebDriver.java:552)
	at com.kms.katalon.selenium.driver.CChromeDriver.execute(CChromeDriver.java:19)
	at org.openqa.selenium.remote.RemoteWebDriver.execute(RemoteWebDriver.java:609)
	at org.openqa.selenium.remote.RemoteWebDriver.getWindowHandle(RemoteWebDriver.java:472)
	at org.openqa.selenium.support.events.EventFiringWebDriver.lambda$new$1(EventFiringWebDriver.java:105)
	at com.sun.proxy.$Proxy12.getWindowHandle(Unknown Source)
	at org.openqa.selenium.support.events.EventFiringWebDriver.getWindowHandle(EventFiringWebDriver.java:221)
	at com.kms.katalon.core.webui.driver.DriverFactory.getCurrentWindowIndex(DriverFactory.java:1072)
	at com.kms.katalon.core.webui.keyword.builtin.GetWindowIndexKeyword$_getWindowIndex_closure1.doCall(GetWindowIndexKeyword.groovy:73)
	at com.kms.katalon.core.webui.keyword.builtin.GetWindowIndexKeyword$_getWindowIndex_closure1.call(GetWindowIndexKeyword.groovy)
	at com.kms.katalon.core.webui.keyword.internal.WebUIKeywordMain.runKeywordAndReturnInt(WebUIKeywordMain.groovy:50)
	at com.kms.katalon.core.webui.keyword.builtin.GetWindowIndexKeyword.getWindowIndex(GetWindowIndexKeyword.groovy:71)
	at com.kms.katalon.core.webui.keyword.builtin.GetWindowIndexKeyword.execute(GetWindowIndexKeyword.groovy:66)
	at com.kms.katalon.core.keyword.internal.KeywordExecutor.executeKeywordForPlatform(KeywordExecutor.groovy:73)
	at com.kms.katalon.core.webui.keyword.WebUiBuiltInKeywords.getWindowIndex(WebUiBuiltInKeywords.groovy:262)
	at com.kms.katalon.core.webui.keyword.WebUiBuiltInKeywords$getWindowIndex$21.call(Unknown Source)
	at Script1586261051750.run(Script1586261051750.groovy:18)
	at com.kms.katalon.core.main.ScriptEngine.run(ScriptEngine.java:194)
	at com.kms.katalon.core.main.ScriptEngine.runScriptAsRawText(ScriptEngine.java:119)
	at com.kms.katalon.core.main.TestCaseExecutor.runScript(TestCaseExecutor.java:369)
	at com.kms.katalon.core.main.TestCaseExecutor.doExecute(TestCaseExecutor.java:360)
	at com.kms.katalon.core.main.TestCaseExecutor.processExecutionPhase(TestCaseExecutor.java:339)
	at com.kms.katalon.core.main.TestCaseExecutor.accessMainPhase(TestCaseExecutor.java:331)
	at com.kms.katalon.core.main.TestCaseExecutor.execute(TestCaseExecutor.java:248)
	at com.kms.katalon.core.main.TestCaseMain.runTestCase(TestCaseMain.java:138)
	at com.kms.katalon.core.keyword.builtin.CallTestCaseKeyword$_callTestCase_closure1.doCall(CallTestCaseKeyword.groovy:59)
	at com.kms.katalon.core.keyword.builtin.CallTestCaseKeyword$_callTestCase_closure1.call(CallTestCaseKeyword.groovy)
	at com.kms.katalon.core.keyword.internal.KeywordMain.runKeyword(KeywordMain.groovy:68)
	at com.kms.katalon.core.keyword.builtin.CallTestCaseKeyword.callTestCase(CallTestCaseKeyword.groovy:81)
	at com.kms.katalon.core.keyword.builtin.CallTestCaseKeyword.execute(CallTestCaseKeyword.groovy:44)
	at com.kms.katalon.core.keyword.internal.KeywordExecutor.executeKeywordForPlatform(KeywordExecutor.groovy:73)
	at com.kms.katalon.core.keyword.BuiltinKeywords.callTestCase(BuiltinKeywords.groovy:334)
	at sekmeler.sekmeler.anaSekmeyeGecilir(sekmeler.groovy:55)
	at cucumber.runtime.Utils$1.call(Utils.java:26)
	at cucumber.runtime.Timeout.timeout(Timeout.java:16)
	at cucumber.runtime.Utils.invoke(Utils.java:20)
	at cucumber.runtime.java.JavaStepDefinition.execute(JavaStepDefinition.java:49)
	at cucumber.runner.PickleStepDefinitionMatch.runStep(PickleStepDefinitionMatch.java:50)
	at cucumber.runner.TestStep.executeStep(TestStep.java:63)
	at cucumber.runner.TestStep.run(TestStep.java:49)
	at cucumber.runner.PickleStepTestStep.run(PickleStepTestStep.java:43)
	at cucumber.runner.TestCase.run(TestCase.java:44)
	at cucumber.runner.Runner.runPickle(Runner.java:40)
	at cucumber.runtime.Runtime$1.run(Runtime.java:84)
	at cucumber.runtime.Runtime$SameThreadExecutorService.execute(Runtime.java:220)
	at cucumber.runtime.Runtime.run(Runtime.java:81)
	at cucumber.api.cli.Main.run(Main.java:26)
	at cucumber.api.cli.Main$run.call(Unknown Source)
	at com.kms.katalon.core.cucumber.keyword.CucumberBuiltinKeywords$_runFeatureFile_closure1.doCall(CucumberBuiltinKeywords.groovy:106)
	at com.kms.katalon.core.cucumber.keyword.CucumberBuiltinKeywords$_runFeatureFile_closure1.doCall(CucumberBuiltinKeywords.groovy)
	at com.kms.katalon.core.keyword.internal.KeywordMain.runKeyword(KeywordMain.groovy:68)
	at com.kms.katalon.core.keyword.internal.KeywordMain$runKeyword.call(Unknown Source)
	at com.kms.katalon.core.cucumber.keyword.CucumberBuiltinKeywords.runFeatureFile(CucumberBuiltinKeywords.groovy:73)
	at com.kms.katalon.core.cucumber.keyword.CucumberBuiltinKeywords$runFeatureFile$0.callStatic(Unknown Source)
	at com.kms.katalon.core.cucumber.keyword.CucumberBuiltinKeywords.runFeatureFile(CucumberBuiltinKeywords.groovy:246)
	at com.kms.katalon.core.cucumber.keyword.CucumberBuiltinKeywords$runFeatureFile.call(Unknown Source)
	at Script1601995818246.run(Script1601995818246.groovy:18)
	... 13 more
)

2021-10-14 17:20:40 - [TEST_STEP][FAILED] - index = getWindowIndex(): Unable to get the index of the current window (Root cause: com.kms.katalon.core.exception.StepFailedException: Unable to get the index of the current window
	at com.kms.katalon.core.webui.keyword.internal.WebUIKeywordMain.stepFailed(WebUIKeywordMain.groovy:64)
	at com.kms.katalon.core.webui.keyword.internal.WebUIKeywordMain.runKeywordAndReturnInt(WebUIKeywordMain.groovy:56)
	at com.kms.katalon.core.webui.keyword.builtin.GetWindowIndexKeyword.getWindowIndex(GetWindowIndexKeyword.groovy:71)
	at com.kms.katalon.core.webui.keyword.builtin.GetWindowIndexKeyword.execute(GetWindowIndexKeyword.groovy:66)
	at com.kms.katalon.core.keyword.internal.KeywordExecutor.executeKeywordForPlatform(KeywordExecutor.groovy:73)
	at com.kms.katalon.core.webui.keyword.WebUiBuiltInKeywords.getWindowIndex(WebUiBuiltInKeywords.groovy:262)
	at com.kms.katalon.core.webui.keyword.WebUiBuiltInKeywords$getWindowIndex$21.call(Unknown Source)
	at Ana_Sekmeye_Gec.run(Ana_Sekmeye_Gec:18)
	at com.kms.katalon.core.main.ScriptEngine.run(ScriptEngine.java:194)
	at com.kms.katalon.core.main.ScriptEngine.runScriptAsRawText(ScriptEngine.java:119)
	at com.kms.katalon.core.main.TestCaseExecutor.runScript(TestCaseExecutor.java:369)
	at com.kms.katalon.core.main.TestCaseExecutor.doExecute(TestCaseExecutor.java:360)
	at com.kms.katalon.core.main.TestCaseExecutor.processExecutionPhase(TestCaseExecutor.java:339)
	at com.kms.katalon.core.main.TestCaseExecutor.accessMainPhase(TestCaseExecutor.java:331)
	at com.kms.katalon.core.main.TestCaseExecutor.execute(TestCaseExecutor.java:248)
	at com.kms.katalon.core.main.TestCaseMain.runTestCase(TestCaseMain.java:138)
	at com.kms.katalon.core.keyword.builtin.CallTestCaseKeyword$_callTestCase_closure1.doCall(CallTestCaseKeyword.groovy:59)
	at com.kms.katalon.core.keyword.builtin.CallTestCaseKeyword$_callTestCase_closure1.call(CallTestCaseKeyword.groovy)
	at com.kms.katalon.core.keyword.internal.KeywordMain.runKeyword(KeywordMain.groovy:68)
	at com.kms.katalon.core.keyword.builtin.CallTestCaseKeyword.callTestCase(CallTestCaseKeyword.groovy:81)
	at com.kms.katalon.core.keyword.builtin.CallTestCaseKeyword.execute(CallTestCaseKeyword.groovy:44)
	at com.kms.katalon.core.keyword.internal.KeywordExecutor.executeKeywordForPlatform(KeywordExecutor.groovy:73)
	at com.kms.katalon.core.keyword.BuiltinKeywords.callTestCase(BuiltinKeywords.groovy:334)
	at sekmeler.sekmeler.anaSekmeyeGecilir(sekmeler.groovy:55)
	at cucumber.runtime.Utils$1.call(Utils.java:26)
	at cucumber.runtime.Timeout.timeout(Timeout.java:16)
	at cucumber.runtime.Utils.invoke(Utils.java:20)
	at cucumber.runtime.java.JavaStepDefinition.execute(JavaStepDefinition.java:49)
	at cucumber.runner.PickleStepDefinitionMatch.runStep(PickleStepDefinitionMatch.java:50)
	at cucumber.runner.TestStep.executeStep(TestStep.java:63)
	at cucumber.runner.TestStep.run(TestStep.java:49)
	at cucumber.runner.PickleStepTestStep.run(PickleStepTestStep.java:43)
	at cucumber.runner.TestCase.run(TestCase.java:44)
	at cucumber.runner.Runner.runPickle(Runner.java:40)
	at cucumber.runtime.Runtime$1.run(Runtime.java:84)
	at cucumber.runtime.Runtime$SameThreadExecutorService.execute(Runtime.java:220)
	at cucumber.runtime.Runtime.run(Runtime.java:81)
	at cucumber.api.cli.Main.run(Main.java:26)
	at cucumber.api.cli.Main$run.call(Unknown Source)
	at com.kms.katalon.core.cucumber.keyword.CucumberBuiltinKeywords$_runFeatureFile_closure1.doCall(CucumberBuiltinKeywords.groovy:106)
	at com.kms.katalon.core.cucumber.keyword.CucumberBuiltinKeywords$_runFeatureFile_closure1.doCall(CucumberBuiltinKeywords.groovy)
	at com.kms.katalon.core.keyword.internal.KeywordMain.runKeyword(KeywordMain.groovy:68)
	at com.kms.katalon.core.keyword.internal.KeywordMain$runKeyword.call(Unknown Source)
	at com.kms.katalon.core.cucumber.keyword.CucumberBuiltinKeywords.runFeatureFile(CucumberBuiltinKeywords.groovy:73)
	at com.kms.katalon.core.cucumber.keyword.CucumberBuiltinKeywords$runFeatureFile$0.callStatic(Unknown Source)
	at com.kms.katalon.core.cucumber.keyword.CucumberBuiltinKeywords.runFeatureFile(CucumberBuiltinKeywords.groovy:246)
	at com.kms.katalon.core.cucumber.keyword.CucumberBuiltinKeywords$runFeatureFile.call(Unknown Source)
	at Departman Ata-Geri Al.run(Departman Ata-Geri Al:18)
	at com.kms.katalon.core.main.ScriptEngine.run(ScriptEngine.java:194)
	at com.kms.katalon.core.main.ScriptEngine.runScriptAsRawText(ScriptEngine.java:119)
	at com.kms.katalon.core.main.TestCaseExecutor.runScript(TestCaseExecutor.java:369)
	at com.kms.katalon.core.main.TestCaseExecutor.doExecute(TestCaseExecutor.java:360)
	at com.kms.katalon.core.main.TestCaseExecutor.processExecutionPhase(TestCaseExecutor.java:339)
	at com.kms.katalon.core.main.TestCaseExecutor.accessMainPhase(TestCaseExecutor.java:331)
	at com.kms.katalon.core.main.TestCaseExecutor.execute(TestCaseExecutor.java:248)
	at com.kms.katalon.core.main.TestSuiteExecutor.accessTestCaseMainPhase(TestSuiteExecutor.java:191)
	at com.kms.katalon.core.main.TestSuiteExecutor.accessTestSuiteMainPhase(TestSuiteExecutor.java:140)
	at com.kms.katalon.core.main.TestSuiteExecutor.execute(TestSuiteExecutor.java:89)
	at com.kms.katalon.core.main.TestCaseMain.startTestSuite(TestCaseMain.java:181)
	at com.kms.katalon.core.main.TestCaseMain$startTestSuite$0.call(Unknown Source)
	at TempTestSuite1634220073501.run(TempTestSuite1634220073501.groovy:39)
Caused by: org.openqa.selenium.NoSuchWindowException: no such window: target window already closed
from unknown error: web view not found
  (Session info: chrome=94.0.4606.81)
Build info: version: '3.141.59', revision: 'e82be7d358', time: '2018-11-14T08:25:53'
System info: host: 'DESKTOP-QBVMTUG', ip: '10.10.3.14', os.name: 'Windows 10', os.arch: 'amd64', os.version: '10.0', java.version: '1.8.0_282'
Driver info: com.kms.katalon.selenium.driver.CChromeDriver
Capabilities {acceptInsecureCerts: false, browserName: chrome, browserVersion: 94.0.4606.81, chrome: {chromedriverVersion: 94.0.4606.61 (418b78f5838ed..., userDataDir: C:\Users\DELL\AppData\Local...}, goog:chromeOptions: {debuggerAddress: localhost:50201}, javascriptEnabled: true, networkConnectionEnabled: false, pageLoadStrategy: normal, platform: WINDOWS, platformName: WINDOWS, proxy: Proxy(), setWindowRect: true, strictFileInteractability: false, timeouts: {implicit: 0, pageLoad: 300000, script: 30000}, unhandledPromptBehavior: dismiss and notify, webauthn:extension:credBlob: true, webauthn:extension:largeBlob: true, webauthn:virtualAuthenticators: true}
Session ID: 3307f92a7a79179813538514c6be0ee4
	at org.openqa.selenium.remote.http.W3CHttpResponseCodec.createException(W3CHttpResponseCodec.java:187)
	at org.openqa.selenium.remote.http.W3CHttpResponseCodec.decode(W3CHttpResponseCodec.java:122)
	at org.openqa.selenium.remote.http.W3CHttpResponseCodec.decode(W3CHttpResponseCodec.java:49)
	at org.openqa.selenium.remote.HttpCommandExecutor.execute(HttpCommandExecutor.java:158)
	at org.openqa.selenium.remote.service.DriverCommandExecutor.execute(DriverCommandExecutor.java:83)
	at org.openqa.selenium.remote.RemoteWebDriver.execute(RemoteWebDriver.java:552)
	at com.kms.katalon.selenium.driver.CChromeDriver.execute(CChromeDriver.java:19)
	at org.openqa.selenium.remote.RemoteWebDriver.execute(RemoteWebDriver.java:609)
	at org.openqa.selenium.remote.RemoteWebDriver.getWindowHandle(RemoteWebDriver.java:472)
	at org.openqa.selenium.support.events.EventFiringWebDriver.lambda$new$1(EventFiringWebDriver.java:105)
	at com.sun.proxy.$Proxy12.getWindowHandle(Unknown Source)
	at org.openqa.selenium.support.events.EventFiringWebDriver.getWindowHandle(EventFiringWebDriver.java:221)
	at com.kms.katalon.core.webui.driver.DriverFactory.getCurrentWindowIndex(DriverFactory.java:1072)
	at com.kms.katalon.core.webui.keyword.builtin.GetWindowIndexKeyword$_getWindowIndex_closure1.doCall(GetWindowIndexKeyword.groovy:73)
	at com.kms.katalon.core.webui.keyword.builtin.GetWindowIndexKeyword$_getWindowIndex_closure1.call(GetWindowIndexKeyword.groovy)
	at com.kms.katalon.core.webui.keyword.internal.WebUIKeywordMain.runKeywordAndReturnInt(WebUIKeywordMain.groovy:50)
	at com.kms.katalon.core.webui.keyword.builtin.GetWindowIndexKeyword.getWindowIndex(GetWindowIndexKeyword.groovy:71)
	at com.kms.katalon.core.webui.keyword.builtin.GetWindowIndexKeyword.execute(GetWindowIndexKeyword.groovy:66)
	at com.kms.katalon.core.keyword.internal.KeywordExecutor.executeKeywordForPlatform(KeywordExecutor.groovy:73)
	at com.kms.katalon.core.webui.keyword.WebUiBuiltInKeywords.getWindowIndex(WebUiBuiltInKeywords.groovy:262)
	at com.kms.katalon.core.webui.keyword.WebUiBuiltInKeywords$getWindowIndex$21.call(Unknown Source)
	at Script1586261051750.run(Script1586261051750.groovy:18)
	at com.kms.katalon.core.main.ScriptEngine.run(ScriptEngine.java:194)
	at com.kms.katalon.core.main.ScriptEngine.runScriptAsRawText(ScriptEngine.java:119)
	at com.kms.katalon.core.main.TestCaseExecutor.runScript(TestCaseExecutor.java:369)
	at com.kms.katalon.core.main.TestCaseExecutor.doExecute(TestCaseExecutor.java:360)
	at com.kms.katalon.core.main.TestCaseExecutor.processExecutionPhase(TestCaseExecutor.java:339)
	at com.kms.katalon.core.main.TestCaseExecutor.accessMainPhase(TestCaseExecutor.java:331)
	at com.kms.katalon.core.main.TestCaseExecutor.execute(TestCaseExecutor.java:248)
	at com.kms.katalon.core.main.TestCaseMain.runTestCase(TestCaseMain.java:138)
	at com.kms.katalon.core.keyword.builtin.CallTestCaseKeyword$_callTestCase_closure1.doCall(CallTestCaseKeyword.groovy:59)
	at com.kms.katalon.core.keyword.builtin.CallTestCaseKeyword$_callTestCase_closure1.call(CallTestCaseKeyword.groovy)
	at com.kms.katalon.core.keyword.internal.KeywordMain.runKeyword(KeywordMain.groovy:68)
	at com.kms.katalon.core.keyword.builtin.CallTestCaseKeyword.callTestCase(CallTestCaseKeyword.groovy:81)
	at com.kms.katalon.core.keyword.builtin.CallTestCaseKeyword.execute(CallTestCaseKeyword.groovy:44)
	at com.kms.katalon.core.keyword.internal.KeywordExecutor.executeKeywordForPlatform(KeywordExecutor.groovy:73)
	at com.kms.katalon.core.keyword.BuiltinKeywords.callTestCase(BuiltinKeywords.groovy:334)
	at sekmeler.sekmeler.anaSekmeyeGecilir(sekmeler.groovy:55)
	at cucumber.runtime.Utils$1.call(Utils.java:26)
	at cucumber.runtime.Timeout.timeout(Timeout.java:16)
	at cucumber.runtime.Utils.invoke(Utils.java:20)
	at cucumber.runtime.java.JavaStepDefinition.execute(JavaStepDefinition.java:49)
	at cucumber.runner.PickleStepDefinitionMatch.runStep(PickleStepDefinitionMatch.java:50)
	at cucumber.runner.TestStep.executeStep(TestStep.java:63)
	at cucumber.runner.TestStep.run(TestStep.java:49)
	at cucumber.runner.PickleStepTestStep.run(PickleStepTestStep.java:43)
	at cucumber.runner.TestCase.run(TestCase.java:44)
	at cucumber.runner.Runner.runPickle(Runner.java:40)
	at cucumber.runtime.Runtime$1.run(Runtime.java:84)
	at cucumber.runtime.Runtime$SameThreadExecutorService.execute(Runtime.java:220)
	at cucumber.runtime.Runtime.run(Runtime.java:81)
	at cucumber.api.cli.Main.run(Main.java:26)
	at cucumber.api.cli.Main$run.call(Unknown Source)
	at com.kms.katalon.core.cucumber.keyword.CucumberBuiltinKeywords$_runFeatureFile_closure1.doCall(CucumberBuiltinKeywords.groovy:106)
	at com.kms.katalon.core.cucumber.keyword.CucumberBuiltinKeywords$_runFeatureFile_closure1.doCall(CucumberBuiltinKeywords.groovy)
	at com.kms.katalon.core.keyword.internal.KeywordMain.runKeyword(KeywordMain.groovy:68)
	at com.kms.katalon.core.keyword.internal.KeywordMain$runKeyword.call(Unknown Source)
	at com.kms.katalon.core.cucumber.keyword.CucumberBuiltinKeywords.runFeatureFile(CucumberBuiltinKeywords.groovy:73)
	at com.kms.katalon.core.cucumber.keyword.CucumberBuiltinKeywords$runFeatureFile$0.callStatic(Unknown Source)
	at com.kms.katalon.core.cucumber.keyword.CucumberBuiltinKeywords.runFeatureFile(CucumberBuiltinKeywords.groovy:246)
	at com.kms.katalon.core.cucumber.keyword.CucumberBuiltinKeywords$runFeatureFile.call(Unknown Source)
	at Script1601995818246.run(Script1601995818246.groovy:18)
	... 13 more
)

2021-10-14 17:20:40 - [MESSAGE][INFO] - Getting current window's index

2021-10-14 17:20:40 - [MESSAGE][FAILED] - Unable to get the index of the current window (Root cause: com.kms.katalon.core.exception.StepFailedException: Unable to get the index of the current window
	at com.kms.katalon.core.webui.keyword.internal.WebUIKeywordMain.stepFailed(WebUIKeywordMain.groovy:64)
	at com.kms.katalon.core.webui.keyword.internal.WebUIKeywordMain.runKeywordAndReturnInt(WebUIKeywordMain.groovy:56)
	at com.kms.katalon.core.webui.keyword.builtin.GetWindowIndexKeyword.getWindowIndex(GetWindowIndexKeyword.groovy:71)
	at com.kms.katalon.core.webui.keyword.builtin.GetWindowIndexKeyword.execute(GetWindowIndexKeyword.groovy:66)
	at com.kms.katalon.core.keyword.internal.KeywordExecutor.executeKeywordForPlatform(KeywordExecutor.groovy:73)
	at com.kms.katalon.core.webui.keyword.WebUiBuiltInKeywords.getWindowIndex(WebUiBuiltInKeywords.groovy:262)
	at com.kms.katalon.core.webui.keyword.WebUiBuiltInKeywords$getWindowIndex$21.call(Unknown Source)
	at Ana_Sekmeye_Gec.run(Ana_Sekmeye_Gec:18)
	at com.kms.katalon.core.main.ScriptEngine.run(ScriptEngine.java:194)
	at com.kms.katalon.core.main.ScriptEngine.runScriptAsRawText(ScriptEngine.java:119)
	at com.kms.katalon.core.main.TestCaseExecutor.runScript(TestCaseExecutor.java:369)
	at com.kms.katalon.core.main.TestCaseExecutor.doExecute(TestCaseExecutor.java:360)
	at com.kms.katalon.core.main.TestCaseExecutor.processExecutionPhase(TestCaseExecutor.java:339)
	at com.kms.katalon.core.main.TestCaseExecutor.accessMainPhase(TestCaseExecutor.java:331)
	at com.kms.katalon.core.main.TestCaseExecutor.execute(TestCaseExecutor.java:248)
	at com.kms.katalon.core.main.TestCaseMain.runTestCase(TestCaseMain.java:138)
	at com.kms.katalon.core.keyword.builtin.CallTestCaseKeyword$_callTestCase_closure1.doCall(CallTestCaseKeyword.groovy:59)
	at com.kms.katalon.core.keyword.builtin.CallTestCaseKeyword$_callTestCase_closure1.call(CallTestCaseKeyword.groovy)
	at com.kms.katalon.core.keyword.internal.KeywordMain.runKeyword(KeywordMain.groovy:68)
	at com.kms.katalon.core.keyword.builtin.CallTestCaseKeyword.callTestCase(CallTestCaseKeyword.groovy:81)
	at com.kms.katalon.core.keyword.builtin.CallTestCaseKeyword.execute(CallTestCaseKeyword.groovy:44)
	at com.kms.katalon.core.keyword.internal.KeywordExecutor.executeKeywordForPlatform(KeywordExecutor.groovy:73)
	at com.kms.katalon.core.keyword.BuiltinKeywords.callTestCase(BuiltinKeywords.groovy:334)
	at sekmeler.sekmeler.anaSekmeyeGecilir(sekmeler.groovy:55)
	at cucumber.runtime.Utils$1.call(Utils.java:26)
	at cucumber.runtime.Timeout.timeout(Timeout.java:16)
	at cucumber.runtime.Utils.invoke(Utils.java:20)
	at cucumber.runtime.java.JavaStepDefinition.execute(JavaStepDefinition.java:49)
	at cucumber.runner.PickleStepDefinitionMatch.runStep(PickleStepDefinitionMatch.java:50)
	at cucumber.runner.TestStep.executeStep(TestStep.java:63)
	at cucumber.runner.TestStep.run(TestStep.java:49)
	at cucumber.runner.PickleStepTestStep.run(PickleStepTestStep.java:43)
	at cucumber.runner.TestCase.run(TestCase.java:44)
	at cucumber.runner.Runner.runPickle(Runner.java:40)
	at cucumber.runtime.Runtime$1.run(Runtime.java:84)
	at cucumber.runtime.Runtime$SameThreadExecutorService.execute(Runtime.java:220)
	at cucumber.runtime.Runtime.run(Runtime.java:81)
	at cucumber.api.cli.Main.run(Main.java:26)
	at cucumber.api.cli.Main$run.call(Unknown Source)
	at com.kms.katalon.core.cucumber.keyword.CucumberBuiltinKeywords$_runFeatureFile_closure1.doCall(CucumberBuiltinKeywords.groovy:106)
	at com.kms.katalon.core.cucumber.keyword.CucumberBuiltinKeywords$_runFeatureFile_closure1.doCall(CucumberBuiltinKeywords.groovy)
	at com.kms.katalon.core.keyword.internal.KeywordMain.runKeyword(KeywordMain.groovy:68)
	at com.kms.katalon.core.keyword.internal.KeywordMain$runKeyword.call(Unknown Source)
	at com.kms.katalon.core.cucumber.keyword.CucumberBuiltinKeywords.runFeatureFile(CucumberBuiltinKeywords.groovy:73)
	at com.kms.katalon.core.cucumber.keyword.CucumberBuiltinKeywords$runFeatureFile$0.callStatic(Unknown Source)
	at com.kms.katalon.core.cucumber.keyword.CucumberBuiltinKeywords.runFeatureFile(CucumberBuiltinKeywords.groovy:246)
	at com.kms.katalon.core.cucumber.keyword.CucumberBuiltinKeywords$runFeatureFile.call(Unknown Source)
	at Departman Ata-Geri Al.run(Departman Ata-Geri Al:18)
	at com.kms.katalon.core.main.ScriptEngine.run(ScriptEngine.java:194)
	at com.kms.katalon.core.main.ScriptEngine.runScriptAsRawText(ScriptEngine.java:119)
	at com.kms.katalon.core.main.TestCaseExecutor.runScript(TestCaseExecutor.java:369)
	at com.kms.katalon.core.main.TestCaseExecutor.doExecute(TestCaseExecutor.java:360)
	at com.kms.katalon.core.main.TestCaseExecutor.processExecutionPhase(TestCaseExecutor.java:339)
	at com.kms.katalon.core.main.TestCaseExecutor.accessMainPhase(TestCaseExecutor.java:331)
	at com.kms.katalon.core.main.TestCaseExecutor.execute(TestCaseExecutor.java:248)
	at com.kms.katalon.core.main.TestSuiteExecutor.accessTestCaseMainPhase(TestSuiteExecutor.java:191)
	at com.kms.katalon.core.main.TestSuiteExecutor.accessTestSuiteMainPhase(TestSuiteExecutor.java:140)
	at com.kms.katalon.core.main.TestSuiteExecutor.execute(TestSuiteExecutor.java:89)
	at com.kms.katalon.core.main.TestCaseMain.startTestSuite(TestCaseMain.java:181)
	at com.kms.katalon.core.main.TestCaseMain$startTestSuite$0.call(Unknown Source)
	at TempTestSuite1634220073501.run(TempTestSuite1634220073501.groovy:39)
Caused by: org.openqa.selenium.NoSuchWindowException: no such window: target window already closed
from unknown error: web view not found
  (Session info: chrome=94.0.4606.81)
Build info: version: '3.141.59', revision: 'e82be7d358', time: '2018-11-14T08:25:53'
System info: host: 'DESKTOP-QBVMTUG', ip: '10.10.3.14', os.name: 'Windows 10', os.arch: 'amd64', os.version: '10.0', java.version: '1.8.0_282'
Driver info: com.kms.katalon.selenium.driver.CChromeDriver
Capabilities {acceptInsecureCerts: false, browserName: chrome, browserVersion: 94.0.4606.81, chrome: {chromedriverVersion: 94.0.4606.61 (418b78f5838ed..., userDataDir: C:\Users\DELL\AppData\Local...}, goog:chromeOptions: {debuggerAddress: localhost:50201}, javascriptEnabled: true, networkConnectionEnabled: false, pageLoadStrategy: normal, platform: WINDOWS, platformName: WINDOWS, proxy: Proxy(), setWindowRect: true, strictFileInteractability: false, timeouts: {implicit: 0, pageLoad: 300000, script: 30000}, unhandledPromptBehavior: dismiss and notify, webauthn:extension:credBlob: true, webauthn:extension:largeBlob: true, webauthn:virtualAuthenticators: true}
Session ID: 3307f92a7a79179813538514c6be0ee4
	at org.openqa.selenium.remote.http.W3CHttpResponseCodec.createException(W3CHttpResponseCodec.java:187)
	at org.openqa.selenium.remote.http.W3CHttpResponseCodec.decode(W3CHttpResponseCodec.java:122)
	at org.openqa.selenium.remote.http.W3CHttpResponseCodec.decode(W3CHttpResponseCodec.java:49)
	at org.openqa.selenium.remote.HttpCommandExecutor.execute(HttpCommandExecutor.java:158)
	at org.openqa.selenium.remote.service.DriverCommandExecutor.execute(DriverCommandExecutor.java:83)
	at org.openqa.selenium.remote.RemoteWebDriver.execute(RemoteWebDriver.java:552)
	at com.kms.katalon.selenium.driver.CChromeDriver.execute(CChromeDriver.java:19)
	at org.openqa.selenium.remote.RemoteWebDriver.execute(RemoteWebDriver.java:609)
	at org.openqa.selenium.remote.RemoteWebDriver.getWindowHandle(RemoteWebDriver.java:472)
	at org.openqa.selenium.support.events.EventFiringWebDriver.lambda$new$1(EventFiringWebDriver.java:105)
	at com.sun.proxy.$Proxy12.getWindowHandle(Unknown Source)
	at org.openqa.selenium.support.events.EventFiringWebDriver.getWindowHandle(EventFiringWebDriver.java:221)
	at com.kms.katalon.core.webui.driver.DriverFactory.getCurrentWindowIndex(DriverFactory.java:1072)
	at com.kms.katalon.core.webui.keyword.builtin.GetWindowIndexKeyword$_getWindowIndex_closure1.doCall(GetWindowIndexKeyword.groovy:73)
	at com.kms.katalon.core.webui.keyword.builtin.GetWindowIndexKeyword$_getWindowIndex_closure1.call(GetWindowIndexKeyword.groovy)
	at com.kms.katalon.core.webui.keyword.internal.WebUIKeywordMain.runKeywordAndReturnInt(WebUIKeywordMain.groovy:50)
	at com.kms.katalon.core.webui.keyword.builtin.GetWindowIndexKeyword.getWindowIndex(GetWindowIndexKeyword.groovy:71)
	at com.kms.katalon.core.webui.keyword.builtin.GetWindowIndexKeyword.execute(GetWindowIndexKeyword.groovy:66)
	at com.kms.katalon.core.keyword.internal.KeywordExecutor.executeKeywordForPlatform(KeywordExecutor.groovy:73)
	at com.kms.katalon.core.webui.keyword.WebUiBuiltInKeywords.getWindowIndex(WebUiBuiltInKeywords.groovy:262)
	at com.kms.katalon.core.webui.keyword.WebUiBuiltInKeywords$getWindowIndex$21.call(Unknown Source)
	at Script1586261051750.run(Script1586261051750.groovy:18)
	at com.kms.katalon.core.main.ScriptEngine.run(ScriptEngine.java:194)
	at com.kms.katalon.core.main.ScriptEngine.runScriptAsRawText(ScriptEngine.java:119)
	at com.kms.katalon.core.main.TestCaseExecutor.runScript(TestCaseExecutor.java:369)
	at com.kms.katalon.core.main.TestCaseExecutor.doExecute(TestCaseExecutor.java:360)
	at com.kms.katalon.core.main.TestCaseExecutor.processExecutionPhase(TestCaseExecutor.java:339)
	at com.kms.katalon.core.main.TestCaseExecutor.accessMainPhase(TestCaseExecutor.java:331)
	at com.kms.katalon.core.main.TestCaseExecutor.execute(TestCaseExecutor.java:248)
	at com.kms.katalon.core.main.TestCaseMain.runTestCase(TestCaseMain.java:138)
	at com.kms.katalon.core.keyword.builtin.CallTestCaseKeyword$_callTestCase_closure1.doCall(CallTestCaseKeyword.groovy:59)
	at com.kms.katalon.core.keyword.builtin.CallTestCaseKeyword$_callTestCase_closure1.call(CallTestCaseKeyword.groovy)
	at com.kms.katalon.core.keyword.internal.KeywordMain.runKeyword(KeywordMain.groovy:68)
	at com.kms.katalon.core.keyword.builtin.CallTestCaseKeyword.callTestCase(CallTestCaseKeyword.groovy:81)
	at com.kms.katalon.core.keyword.builtin.CallTestCaseKeyword.execute(CallTestCaseKeyword.groovy:44)
	at com.kms.katalon.core.keyword.internal.KeywordExecutor.executeKeywordForPlatform(KeywordExecutor.groovy:73)
	at com.kms.katalon.core.keyword.BuiltinKeywords.callTestCase(BuiltinKeywords.groovy:334)
	at sekmeler.sekmeler.anaSekmeyeGecilir(sekmeler.groovy:55)
	at cucumber.runtime.Utils$1.call(Utils.java:26)
	at cucumber.runtime.Timeout.timeout(Timeout.java:16)
	at cucumber.runtime.Utils.invoke(Utils.java:20)
	at cucumber.runtime.java.JavaStepDefinition.execute(JavaStepDefinition.java:49)
	at cucumber.runner.PickleStepDefinitionMatch.runStep(PickleStepDefinitionMatch.java:50)
	at cucumber.runner.TestStep.executeStep(TestStep.java:63)
	at cucumber.runner.TestStep.run(TestStep.java:49)
	at cucumber.runner.PickleStepTestStep.run(PickleStepTestStep.java:43)
	at cucumber.runner.TestCase.run(TestCase.java:44)
	at cucumber.runner.Runner.runPickle(Runner.java:40)
	at cucumber.runtime.Runtime$1.run(Runtime.java:84)
	at cucumber.runtime.Runtime$SameThreadExecutorService.execute(Runtime.java:220)
	at cucumber.runtime.Runtime.run(Runtime.java:81)
	at cucumber.api.cli.Main.run(Main.java:26)
	at cucumber.api.cli.Main$run.call(Unknown Source)
	at com.kms.katalon.core.cucumber.keyword.CucumberBuiltinKeywords$_runFeatureFile_closure1.doCall(CucumberBuiltinKeywords.groovy:106)
	at com.kms.katalon.core.cucumber.keyword.CucumberBuiltinKeywords$_runFeatureFile_closure1.doCall(CucumberBuiltinKeywords.groovy)
	at com.kms.katalon.core.keyword.internal.KeywordMain.runKeyword(KeywordMain.groovy:68)
	at com.kms.katalon.core.keyword.internal.KeywordMain$runKeyword.call(Unknown Source)
	at com.kms.katalon.core.cucumber.keyword.CucumberBuiltinKeywords.runFeatureFile(CucumberBuiltinKeywords.groovy:73)
	at com.kms.katalon.core.cucumber.keyword.CucumberBuiltinKeywords$runFeatureFile$0.callStatic(Unknown Source)
	at com.kms.katalon.core.cucumber.keyword.CucumberBuiltinKeywords.runFeatureFile(CucumberBuiltinKeywords.groovy:246)
	at com.kms.katalon.core.cucumber.keyword.CucumberBuiltinKeywords$runFeatureFile.call(Unknown Source)
	at Script1601995818246.run(Script1601995818246.groovy:18)
	... 13 more
)

2021-10-14 17:20:40 - [TEST_STEP][PASSED] - catch (Exception e): null

2021-10-14 17:20:40 - [TEST_STEP][PASSED] - switchToWindowIndex(0): Switched to window with index: '0'

2021-10-14 17:20:40 - [MESSAGE][INFO] - Checking index

2021-10-14 17:20:40 - [MESSAGE][INFO] - Switching window with index: '0'

2021-10-14 17:20:40 - [MESSAGE][PASSED] - Switched to window with index: '0'

2021-10-14 17:20:40 - [MESSAGE][PASSED] - Call Test Case 'Test Cases/Sekmeler/Ana_Sekmeye_Gec' successfully

2021-10-14 17:20:40 - [MESSAGE][INFO] - Checking called Test Case

2021-10-14 17:20:40 - [MESSAGE][INFO] - Starting to call Test Case 'Test Cases/Kullanici_Islemleri/KullaniciIslemlerindenSecimYapilir'

2021-10-14 17:20:40 - [TEST_CASE][PASSED] - Test Cases/Kullanici_Islemleri/KullaniciIslemlerindenSecimYapilir: Test Cases/Kullanici_Islemleri/KullaniciIslemlerindenSecimYapilir

2021-10-14 17:20:40 - [TEST_STEP][PASSED] - waitForElementClickable(findTestObject("Object Repository/Kullanici_Islemleri/KullaniciIslemleri"), 10): Object 'Object Repository/Kullanici_Islemleri/KullaniciIslemleri' is clickable

2021-10-14 17:20:40 - [MESSAGE][INFO] - Finding Test Object 'Object Repository/Kullanici_Islemleri/KullaniciIslemleri'

2021-10-14 17:20:40 - [MESSAGE][INFO] - Checking object

2021-10-14 17:20:40 - [MESSAGE][INFO] - Checking timeout

2021-10-14 17:20:40 - [MESSAGE][INFO] - Finding web element from Test Object's properties

2021-10-14 17:20:40 - [MESSAGE][INFO] - Checking timeout

2021-10-14 17:20:40 - [MESSAGE][INFO] - Finding web element with id: 'Object Repository/Kullanici_Islemleri/KullaniciIslemleri' located by 'By.cssSelector: .dropdown>a>img' in '10' second(s)

2021-10-14 17:20:40 - [MESSAGE][INFO] - Smart Wait Function is triggered

2021-10-14 17:20:40 - [MESSAGE][INFO] - Found 1 web elements with id: 'Object Repository/Kullanici_Islemleri/KullaniciIslemleri' located by 'By.cssSelector: .dropdown>a>img' in '10' second(s)

2021-10-14 17:20:40 - [MESSAGE][PASSED] - Object 'Object Repository/Kullanici_Islemleri/KullaniciIslemleri' is clickable

2021-10-14 17:20:40 - [TEST_STEP][PASSED] - click(findTestObject("Object Repository/Kullanici_Islemleri/KullaniciIslemleri")): Object: 'Object Repository/Kullanici_Islemleri/KullaniciIslemleri' is clicked on

2021-10-14 17:20:40 - [MESSAGE][INFO] - Finding Test Object 'Object Repository/Kullanici_Islemleri/KullaniciIslemleri'

2021-10-14 17:20:40 - [MESSAGE][INFO] - Checking object

2021-10-14 17:20:40 - [MESSAGE][INFO] - Finding web element from Test Object's properties

2021-10-14 17:20:40 - [MESSAGE][INFO] - Checking timeout

2021-10-14 17:20:40 - [MESSAGE][INFO] - Finding web element with id: 'Object Repository/Kullanici_Islemleri/KullaniciIslemleri' located by 'By.cssSelector: .dropdown>a>img' in '30' second(s)

2021-10-14 17:20:40 - [MESSAGE][INFO] - Smart Wait Function is triggered

2021-10-14 17:20:40 - [MESSAGE][INFO] - Found 1 web elements with id: 'Object Repository/Kullanici_Islemleri/KullaniciIslemleri' located by 'By.cssSelector: .dropdown>a>img' in '30' second(s)

2021-10-14 17:20:40 - [MESSAGE][INFO] - Clicking on object: 'Object Repository/Kullanici_Islemleri/KullaniciIslemleri'

2021-10-14 17:20:41 - [MESSAGE][PASSED] - Object: 'Object Repository/Kullanici_Islemleri/KullaniciIslemleri' is clicked on

2021-10-14 17:20:41 - [TEST_STEP][PASSED] - Method.TextDegerineEsitElementeTikla(findTestObject("Object Repository/Kullanici_Islemleri/Secenekler"), Islem): Method.TextDegerineEsitElementeTikla is PASSED

2021-10-14 17:20:41 - [MESSAGE][INFO] - Finding Test Object 'Object Repository/Kullanici_Islemleri/Secenekler'

2021-10-14 17:20:41 - [MESSAGE][INFO] - Checking timeout

2021-10-14 17:20:41 - [MESSAGE][INFO] - Finding web element with id: 'Object Repository/Kullanici_Islemleri/Secenekler' located by 'By.cssSelector: .nav.navbar-nav.navbar-right li a' in '10' second(s)

2021-10-14 17:20:41 - [MESSAGE][INFO] - Smart Wait Function is triggered

2021-10-14 17:20:41 - [MESSAGE][INFO] - Found 22 web elements with id: 'Object Repository/Kullanici_Islemleri/Secenekler' located by 'By.cssSelector: .nav.navbar-nav.navbar-right li a' in '10' second(s)

2021-10-14 17:20:42 - [MESSAGE][PASSED] - Method.TextDegerineEsitElementeTikla is PASSED

2021-10-14 17:20:42 - [TEST_STEP][PASSED] - verifyElementNotPresent(findTestObject("Object Repository/Kullanici_Islemleri/Secenekler"), 10): Web element with id: 'Object Repository/Kullanici_Islemleri/Secenekler' located by 'By.cssSelector: .nav.navbar-nav.navbar-right li a' is not present after '10' second(s)

2021-10-14 17:20:42 - [MESSAGE][INFO] - Finding Test Object 'Object Repository/Kullanici_Islemleri/Secenekler'

2021-10-14 17:20:43 - [MESSAGE][INFO] - Checking object

2021-10-14 17:20:43 - [MESSAGE][INFO] - Checking timeout

2021-10-14 17:20:43 - [MESSAGE][INFO] - Finding web element with id: 'Object Repository/Kullanici_Islemleri/Secenekler' located by 'By.cssSelector: .nav.navbar-nav.navbar-right li a' in '10' second(s)

2021-10-14 17:20:43 - [MESSAGE][INFO] - Smart Wait Function is triggered

2021-10-14 17:20:43 - [MESSAGE][PASSED] - Web element with id: 'Object Repository/Kullanici_Islemleri/Secenekler' located by 'By.cssSelector: .nav.navbar-nav.navbar-right li a' is not present after '10' second(s)

2021-10-14 17:20:43 - [MESSAGE][PASSED] - Call Test Case 'Test Cases/Kullanici_Islemleri/KullaniciIslemlerindenSecimYapilir' successfully

2021-10-14 17:20:43 - [TEST_CASE][PASSED] - Start Test Case : SCENARIO Faturaya departman ata: SCENARIO Faturaya departman ata

2021-10-14 17:20:43 - [TEST_STEP][PASSED] - Kullanıcı adı ELOGO6 ve Şifre 123456 olarak giriş yapılır: Kullanıcı adı ELOGO6 ve Şifre 123456 olarak giriş yapılır

2021-10-14 17:20:43 - [MESSAGE][PASSED] - Kullanıcı adı ELOGO6 ve Şifre 123456 olarak giriş yapılır

2021-10-14 17:20:43 - [TEST_STEP][PASSED] - Ana menüden e-Fatura seçilir: Ana menüden e-Fatura seçilir

2021-10-14 17:20:43 - [MESSAGE][PASSED] - Ana menüden e-Fatura seçilir

2021-10-14 17:20:43 - [TEST_STEP][PASSED] - Alt menü Giden Kutusu başlığı altındaki Faturalar seçilir: Alt menü Giden Kutusu başlığı altındaki Faturalar seçilir

2021-10-14 17:20:43 - [MESSAGE][PASSED] - Alt menü Giden Kutusu başlığı altındaki Faturalar seçilir

2021-10-14 17:20:43 - [TEST_STEP][PASSED] - Filtrelerden Oluşturma Tarihi filtresine 01.12.2020 baslangic degerini yaz: Filtrelerden Oluşturma Tarihi filtresine 01.12.2020 baslangic degerini yaz

2021-10-14 17:20:43 - [MESSAGE][PASSED] - Filtrelerden Oluşturma Tarihi filtresine 01.12.2020 baslangic degerini yaz

2021-10-14 17:20:43 - [TEST_STEP][PASSED] - Filtrelerden Oluşturma Tarihi filtresine 31.12.2020 bitis degerini yaz: Filtrelerden Oluşturma Tarihi filtresine 31.12.2020 bitis degerini yaz

2021-10-14 17:20:43 - [MESSAGE][PASSED] - Filtrelerden Oluşturma Tarihi filtresine 31.12.2020 bitis degerini yaz

2021-10-14 17:20:43 - [TEST_STEP][PASSED] - Filtre butonlarından Listele seçilir: Filtre butonlarından Listele seçilir

2021-10-14 17:20:43 - [MESSAGE][PASSED] - Filtre butonlarından Listele seçilir

2021-10-14 17:20:43 - [TEST_STEP][PASSED] - Tabloda veri var mı kontrol edilir: Tabloda veri var mı kontrol edilir

2021-10-14 17:20:43 - [MESSAGE][PASSED] - Tabloda veri var mı kontrol edilir

2021-10-14 17:20:43 - [TEST_STEP][PASSED] - Tablodan TEST isimli veri seçilir: Tablodan TEST isimli veri seçilir

2021-10-14 17:20:43 - [MESSAGE][PASSED] - Tablodan TEST isimli veri seçilir

2021-10-14 17:20:43 - [TEST_STEP][PASSED] - Butonlardan Departman Ata isimli butona tıklanır: Butonlardan Departman Ata isimli butona tıklanır

2021-10-14 17:20:43 - [MESSAGE][PASSED] - Butonlardan Departman Ata isimli butona tıklanır

2021-10-14 17:20:43 - [TEST_STEP][PASSED] - Yeni açılan sekmeye geçilir: Yeni açılan sekmeye geçilir

2021-10-14 17:20:43 - [MESSAGE][PASSED] - Yeni açılan sekmeye geçilir

2021-10-14 17:20:43 - [TEST_STEP][PASSED] - otomasyon isimli departman checkboxı seçilir: otomasyon isimli departman checkboxı seçilir

2021-10-14 17:20:43 - [MESSAGE][PASSED] - otomasyon isimli departman checkboxı seçilir

2021-10-14 17:20:43 - [TEST_STEP][PASSED] - Departman kaydedilir: Departman kaydedilir

2021-10-14 17:20:43 - [MESSAGE][PASSED] - Departman kaydedilir

2021-10-14 17:20:43 - [TEST_STEP][PASSED] - Popup mesajı Seçilen belgeler ilgili departmanlara aktarılmıştır içeriyor mu: Popup mesajı Seçilen belgeler ilgili departmanlara aktarılmıştır içeriyor mu

2021-10-14 17:20:43 - [MESSAGE][PASSED] - Popup mesajı Seçilen belgeler ilgili departmanlara aktarılmıştır içeriyor mu

2021-10-14 17:20:43 - [TEST_STEP][PASSED] - Yönetim popupında Tamam seçilir: Yönetim popupında Tamam seçilir

2021-10-14 17:20:43 - [MESSAGE][PASSED] - Yönetim popupında Tamam seçilir

2021-10-14 17:20:43 - [TEST_STEP][PASSED] - Ana sekmeye geçilir: Ana sekmeye geçilir

2021-10-14 17:20:43 - [MESSAGE][PASSED] - Ana sekmeye geçilir

2021-10-14 17:20:43 - [TEST_STEP][PASSED] - Butonlardan Departman Geri Al isimli butona tıklanır: Butonlardan Departman Geri Al isimli butona tıklanır

2021-10-14 17:20:43 - [MESSAGE][PASSED] - Butonlardan Departman Geri Al isimli butona tıklanır

2021-10-14 17:20:43 - [TEST_STEP][PASSED] - Yeni açılan sekmeye geçilir: Yeni açılan sekmeye geçilir

2021-10-14 17:20:43 - [MESSAGE][PASSED] - Yeni açılan sekmeye geçilir

2021-10-14 17:20:43 - [TEST_STEP][PASSED] - otomasyon isimli departman checkboxı seçilir: otomasyon isimli departman checkboxı seçilir

2021-10-14 17:20:43 - [MESSAGE][PASSED] - otomasyon isimli departman checkboxı seçilir

2021-10-14 17:20:43 - [TEST_STEP][PASSED] - Departman kaydedilir: Departman kaydedilir

2021-10-14 17:20:43 - [MESSAGE][PASSED] - Departman kaydedilir

2021-10-14 17:20:43 - [TEST_STEP][PASSED] - Popup mesajı Seçilen belgelerin ilgili departmanlardaki yetkisi kaldırılmıştır içeriyor mu: Popup mesajı Seçilen belgelerin ilgili departmanlardaki yetkisi kaldırılmıştır içeriyor mu

2021-10-14 17:20:43 - [MESSAGE][PASSED] - Popup mesajı Seçilen belgelerin ilgili departmanlardaki yetkisi kaldırılmıştır içeriyor mu

2021-10-14 17:20:43 - [TEST_STEP][PASSED] - Yönetim popupında Tamam seçilir: Yönetim popupında Tamam seçilir

2021-10-14 17:20:43 - [MESSAGE][PASSED] - Yönetim popupında Tamam seçilir

2021-10-14 17:20:43 - [TEST_STEP][PASSED] - Ana sekmeye geçilir: Ana sekmeye geçilir

2021-10-14 17:20:43 - [MESSAGE][PASSED] - Ana sekmeye geçilir

2021-10-14 17:20:43 - [TEST_STEP][PASSED] - Kullanıcı işlemlerinden Çıkış seçilir: Kullanıcı işlemlerinden Çıkış seçilir

2021-10-14 17:20:43 - [MESSAGE][PASSED] - Kullanıcı işlemlerinden Çıkış seçilir

2021-10-14 17:20:43 - [MESSAGE][PASSED] - Feature file: 'Include/features/e-Fatura/Giden Kutusu/Faturalar/Departman Ata-Geri Al.feature' was passed

2021-10-14 17:20:43 - [TEST_STEP][PASSED] - Start listener action : sampleAfterTestSuite: Invoke 'com.kms.katalon.core.annotation.AfterTestCase' method: 'Listener.sampleAfterTestSuite(...)' completed.

2021-10-14 17:20:43 - [MESSAGE][INFO] - Starting invoke 'com.kms.katalon.core.annotation.AfterTestCase' method: 'Listener.sampleAfterTestSuite(...)'

2021-10-14 17:20:43 - [TEST_STEP][PASSED] - closeBrowser(): Invoke 'com.kms.katalon.core.annotation.AfterTestCase' method: 'Listener.sampleAfterTestSuite(...)' completed.

2021-10-14 17:20:43 - [MESSAGE][INFO] - Closing browser

2021-10-14 17:20:44 - [MESSAGE][PASSED] - Browser is closed

2021-10-14 17:20:44 - [MESSAGE][INFO] - Invoke 'com.kms.katalon.core.annotation.AfterTestCase' method: 'Listener.sampleAfterTestSuite(...)' completed.]]></system-out>
         <system-err><![CDATA[]]></system-err>
      </testcase>
      <testcase name="Test Cases/Case Repository/e-Fatura/Giden Kutusu/Faturalar/Ekran Kontrolu" time="139.069" classname="Test Cases/Case Repository/e-Fatura/Giden Kutusu/Faturalar/Ekran Kontrolu" status="PASSED">
         <system-out><![CDATA[2021-10-14 17:20:44 - [TEST_CASE][PASSED] - Test Cases/Case Repository/e-Fatura/Giden Kutusu/Faturalar/Ekran Kontrolu: Test Cases/Case Repository/e-Fatura/Giden Kutusu/Faturalar/Ekran Kontrolu

2021-10-14 17:20:44 - [TEST_STEP][PASSED] - Start listener action : sampleBeforeTestSuite: Invoke 'com.kms.katalon.core.annotation.BeforeTestCase' method: 'Listener.sampleBeforeTestSuite(...)' completed.

2021-10-14 17:20:44 - [MESSAGE][INFO] - Starting invoke 'com.kms.katalon.core.annotation.BeforeTestCase' method: 'Listener.sampleBeforeTestSuite(...)'

2021-10-14 17:20:44 - [TEST_STEP][PASSED] - openBrowser(baseUrl): Browser is opened with url: 'https://efatura-stage.elogo.com.tr/'

2021-10-14 17:20:44 - [MESSAGE][INFO] - Opening browser

2021-10-14 17:20:44 - [MESSAGE][INFO] - Starting 'Chrome' driver

2021-10-14 17:20:44 - [MESSAGE][INFO] - User set preference: ['prefs', '{download.default_directory=C:\otomasyondownfiles}']

2021-10-14 17:20:44 - [MESSAGE][INFO] - Action delay is set to 0 milliseconds

2021-10-14 17:20:45 - [MESSAGE][INFO] - Navigating browser to: 'https://efatura-stage.elogo.com.tr/'

2021-10-14 17:20:48 - [MESSAGE][PASSED] - Browser is opened with url: 'https://efatura-stage.elogo.com.tr/'

2021-10-14 17:20:48 - [TEST_STEP][PASSED] - maximizeWindow(): Invoke 'com.kms.katalon.core.annotation.BeforeTestCase' method: 'Listener.sampleBeforeTestSuite(...)' completed.

2021-10-14 17:20:48 - [MESSAGE][INFO] - Maximizing current window

2021-10-14 17:20:48 - [MESSAGE][PASSED] - Current window maximized

2021-10-14 17:20:48 - [MESSAGE][INFO] - Invoke 'com.kms.katalon.core.annotation.BeforeTestCase' method: 'Listener.sampleBeforeTestSuite(...)' completed.

2021-10-14 17:20:49 - [TEST_STEP][PASSED] - runFeatureFile("Include/features/e-Fatura/Giden Kutusu/Faturalar/Ekran Kontrolu.feature"): Feature file: 'Include/features/e-Fatura/Giden Kutusu/Faturalar/Ekran Kontrolu.feature' was passed

2021-10-14 17:20:49 - [MESSAGE][INFO] - Starting run keyword runFeatureFile: 'Include/features/e-Fatura/Giden Kutusu/Faturalar/Ekran Kontrolu.feature' and extract report to folder: 'C:\Users\DELL\Downloads\EES_Katalon-main\Reports\20211014_170112\Suite Repository\e-Fatura\20211014_170113/cucumber_report/1634221249255'...

2021-10-14 17:20:49 - [MESSAGE][INFO] - Glue: []

2021-10-14 17:20:50 - [MESSAGE][INFO] - Checking called Test Case

2021-10-14 17:20:50 - [MESSAGE][INFO] - Starting to call Test Case 'Test Cases/Sayfalar/Giris_Sayfasi/Login'

2021-10-14 17:20:50 - [TEST_CASE][PASSED] - Test Cases/Sayfalar/Giris_Sayfasi/Login: Test Cases/Sayfalar/Giris_Sayfasi/Login

2021-10-14 17:20:50 - [TEST_STEP][PASSED] - Sayfa_Basligi = getWindowTitle(): Current window's title is: 'LOGO e-Fatura'

2021-10-14 17:20:50 - [MESSAGE][INFO] - Getting current window's title

2021-10-14 17:20:50 - [MESSAGE][PASSED] - Current window's title is: 'LOGO e-Fatura'

2021-10-14 17:20:50 - [TEST_STEP][PASSED] - verifyMatch(Sayfa_Basligi, "LOGO e-Fatura", false): Actual text 'LOGO e-Fatura' and expected text 'LOGO e-Fatura' are matched 

2021-10-14 17:20:50 - [MESSAGE][INFO] - Matching actual text 'LOGO e-Fatura' with expected text 'LOGO e-Fatura'

2021-10-14 17:20:50 - [MESSAGE][PASSED] - Actual text 'LOGO e-Fatura' and expected text 'LOGO e-Fatura' are matched 

2021-10-14 17:20:50 - [TEST_STEP][PASSED] - sendKeys(findTestObject("Sayfalar/Giris_Sayfasi/Firma_Kodu"), KullaniciAdi): Keys 'ELOGO6' sent to object: 'Object Repository/Sayfalar/Giris_Sayfasi/Firma_Kodu'

2021-10-14 17:20:50 - [MESSAGE][INFO] - Finding Test Object 'Object Repository/Sayfalar/Giris_Sayfasi/Firma_Kodu'

2021-10-14 17:20:50 - [MESSAGE][INFO] - Sending keys 'ELOGO6' to object: 'Object Repository/Sayfalar/Giris_Sayfasi/Firma_Kodu'

2021-10-14 17:20:50 - [MESSAGE][INFO] - Finding web element from Test Object's properties

2021-10-14 17:20:50 - [MESSAGE][INFO] - Checking timeout

2021-10-14 17:20:50 - [MESSAGE][INFO] - Finding web element with id: 'Object Repository/Sayfalar/Giris_Sayfasi/Firma_Kodu' located by 'By.xpath: //*[@id = 'AccountName']' in '30' second(s)

2021-10-14 17:20:50 - [MESSAGE][INFO] - Smart Wait Function is triggered

2021-10-14 17:20:50 - [MESSAGE][INFO] - Found 1 web elements with id: 'Object Repository/Sayfalar/Giris_Sayfasi/Firma_Kodu' located by 'By.xpath: //*[@id = 'AccountName']' in '30' second(s)

2021-10-14 17:20:50 - [MESSAGE][PASSED] - Keys 'ELOGO6' sent to object: 'Object Repository/Sayfalar/Giris_Sayfasi/Firma_Kodu'

2021-10-14 17:20:50 - [TEST_STEP][PASSED] - sendKeys(findTestObject("Sayfalar/Giris_Sayfasi/Sifre"), Sifre): Keys '123456' sent to object: 'Object Repository/Sayfalar/Giris_Sayfasi/Sifre'

2021-10-14 17:20:50 - [MESSAGE][INFO] - Finding Test Object 'Object Repository/Sayfalar/Giris_Sayfasi/Sifre'

2021-10-14 17:20:51 - [MESSAGE][INFO] - Sending keys '123456' to object: 'Object Repository/Sayfalar/Giris_Sayfasi/Sifre'

2021-10-14 17:20:51 - [MESSAGE][INFO] - Finding web element from Test Object's properties

2021-10-14 17:20:51 - [MESSAGE][INFO] - Checking timeout

2021-10-14 17:20:51 - [MESSAGE][INFO] - Finding web element with id: 'Object Repository/Sayfalar/Giris_Sayfasi/Sifre' located by 'By.xpath: //*[@id = 'Password']' in '30' second(s)

2021-10-14 17:20:51 - [MESSAGE][INFO] - Smart Wait Function is triggered

2021-10-14 17:20:51 - [MESSAGE][INFO] - Found 1 web elements with id: 'Object Repository/Sayfalar/Giris_Sayfasi/Sifre' located by 'By.xpath: //*[@id = 'Password']' in '30' second(s)

2021-10-14 17:20:51 - [MESSAGE][PASSED] - Keys '123456' sent to object: 'Object Repository/Sayfalar/Giris_Sayfasi/Sifre'

2021-10-14 17:20:51 - [TEST_STEP][PASSED] - findWebElement(findTestObject("Sayfalar/Giris_Sayfasi/Giris_Butonu")).click(): Found 1 web elements with id: 'Object Repository/Sayfalar/Giris_Sayfasi/Giris_Butonu' located by 'By.cssSelector: #btnLogin' in '30' second(s)

2021-10-14 17:20:51 - [MESSAGE][INFO] - Finding Test Object 'Object Repository/Sayfalar/Giris_Sayfasi/Giris_Butonu'

2021-10-14 17:20:51 - [MESSAGE][INFO] - Finding web element from Test Object's properties

2021-10-14 17:20:51 - [MESSAGE][INFO] - Checking timeout

2021-10-14 17:20:51 - [MESSAGE][INFO] - Finding web element with id: 'Object Repository/Sayfalar/Giris_Sayfasi/Giris_Butonu' located by 'By.cssSelector: #btnLogin' in '30' second(s)

2021-10-14 17:20:51 - [MESSAGE][INFO] - Smart Wait Function is triggered

2021-10-14 17:20:51 - [MESSAGE][INFO] - Found 1 web elements with id: 'Object Repository/Sayfalar/Giris_Sayfasi/Giris_Butonu' located by 'By.cssSelector: #btnLogin' in '30' second(s)

2021-10-14 17:20:54 - [TEST_STEP][PASSED] - if (verifyElementPresent(findTestObject("Object Repository/Sayfalar/Giris_Sayfasi/RetveTamam_Butonu"), 5, OPTIONAL)): null

2021-10-14 17:20:54 - [MESSAGE][INFO] - Finding Test Object 'Object Repository/Sayfalar/Giris_Sayfasi/RetveTamam_Butonu'

2021-10-14 17:20:54 - [MESSAGE][INFO] - Checking object

2021-10-14 17:20:54 - [MESSAGE][INFO] - Finding web element from Test Object's properties

2021-10-14 17:20:54 - [MESSAGE][INFO] - Checking timeout

2021-10-14 17:20:54 - [MESSAGE][INFO] - Finding web element with id: 'Object Repository/Sayfalar/Giris_Sayfasi/RetveTamam_Butonu' located by 'By.xpath: //*[@class = 'btn btn-default']' in '5' second(s)

2021-10-14 17:20:54 - [MESSAGE][INFO] - Smart Wait Function is triggered

2021-10-14 17:20:54 - [MESSAGE][INFO] - Found 1 web elements with id: 'Object Repository/Sayfalar/Giris_Sayfasi/RetveTamam_Butonu' located by 'By.xpath: //*[@class = 'btn btn-default']' in '5' second(s)

2021-10-14 17:20:54 - [MESSAGE][PASSED] - Object 'Object Repository/Sayfalar/Giris_Sayfasi/RetveTamam_Butonu' is present

2021-10-14 17:20:54 - [TEST_STEP][PASSED] - click(findTestObject("Object Repository/Sayfalar/Giris_Sayfasi/RetveTamam_Butonu")): Object: 'Object Repository/Sayfalar/Giris_Sayfasi/RetveTamam_Butonu' is clicked on

2021-10-14 17:20:54 - [MESSAGE][INFO] - Finding Test Object 'Object Repository/Sayfalar/Giris_Sayfasi/RetveTamam_Butonu'

2021-10-14 17:20:54 - [MESSAGE][INFO] - Checking object

2021-10-14 17:20:54 - [MESSAGE][INFO] - Finding web element from Test Object's properties

2021-10-14 17:20:54 - [MESSAGE][INFO] - Checking timeout

2021-10-14 17:20:54 - [MESSAGE][INFO] - Finding web element with id: 'Object Repository/Sayfalar/Giris_Sayfasi/RetveTamam_Butonu' located by 'By.xpath: //*[@class = 'btn btn-default']' in '30' second(s)

2021-10-14 17:20:54 - [MESSAGE][INFO] - Smart Wait Function is triggered

2021-10-14 17:20:55 - [MESSAGE][INFO] - Found 1 web elements with id: 'Object Repository/Sayfalar/Giris_Sayfasi/RetveTamam_Butonu' located by 'By.xpath: //*[@class = 'btn btn-default']' in '30' second(s)

2021-10-14 17:20:55 - [MESSAGE][INFO] - Clicking on object: 'Object Repository/Sayfalar/Giris_Sayfasi/RetveTamam_Butonu'

2021-10-14 17:20:55 - [MESSAGE][PASSED] - Object: 'Object Repository/Sayfalar/Giris_Sayfasi/RetveTamam_Butonu' is clicked on

2021-10-14 17:20:55 - [TEST_STEP][PASSED] - click(findTestObject("Object Repository/Sayfalar/Giris_Sayfasi/RetveTamam_Butonu")): Object: 'Object Repository/Sayfalar/Giris_Sayfasi/RetveTamam_Butonu' is clicked on

2021-10-14 17:20:55 - [MESSAGE][INFO] - Finding Test Object 'Object Repository/Sayfalar/Giris_Sayfasi/RetveTamam_Butonu'

2021-10-14 17:20:55 - [MESSAGE][INFO] - Checking object

2021-10-14 17:20:55 - [MESSAGE][INFO] - Finding web element from Test Object's properties

2021-10-14 17:20:55 - [MESSAGE][INFO] - Checking timeout

2021-10-14 17:20:55 - [MESSAGE][INFO] - Finding web element with id: 'Object Repository/Sayfalar/Giris_Sayfasi/RetveTamam_Butonu' located by 'By.xpath: //*[@class = 'btn btn-default']' in '30' second(s)

2021-10-14 17:20:55 - [MESSAGE][INFO] - Smart Wait Function is triggered

2021-10-14 17:21:02 - [MESSAGE][INFO] - Found 1 web elements with id: 'Object Repository/Sayfalar/Giris_Sayfasi/RetveTamam_Butonu' located by 'By.xpath: //*[@class = 'btn btn-default']' in '30' second(s)

2021-10-14 17:21:02 - [MESSAGE][INFO] - Clicking on object: 'Object Repository/Sayfalar/Giris_Sayfasi/RetveTamam_Butonu'

2021-10-14 17:21:02 - [MESSAGE][PASSED] - Object: 'Object Repository/Sayfalar/Giris_Sayfasi/RetveTamam_Butonu' is clicked on

2021-10-14 17:21:02 - [TEST_STEP][PASSED] - if (verifyElementPresent(findTestObject("Sayfalar/Giris_Sayfasi/PopupOK"), 5, OPTIONAL)): null

2021-10-14 17:21:02 - [MESSAGE][INFO] - Finding Test Object 'Object Repository/Sayfalar/Giris_Sayfasi/PopupOK'

2021-10-14 17:21:02 - [MESSAGE][INFO] - Checking object

2021-10-14 17:21:02 - [MESSAGE][INFO] - Finding web element from Test Object's properties

2021-10-14 17:21:02 - [MESSAGE][INFO] - Checking timeout

2021-10-14 17:21:02 - [MESSAGE][INFO] - Finding web element with id: 'Object Repository/Sayfalar/Giris_Sayfasi/PopupOK' located by 'By.cssSelector: .btn.btn-success' in '5' second(s)

2021-10-14 17:21:02 - [MESSAGE][INFO] - Smart Wait Function is triggered

2021-10-14 17:21:03 - [MESSAGE][INFO] - Found 1 web elements with id: 'Object Repository/Sayfalar/Giris_Sayfasi/PopupOK' located by 'By.cssSelector: .btn.btn-success' in '5' second(s)

2021-10-14 17:21:03 - [MESSAGE][PASSED] - Object 'Object Repository/Sayfalar/Giris_Sayfasi/PopupOK' is present

2021-10-14 17:21:03 - [TEST_STEP][PASSED] - click(findTestObject("Object Repository/Sayfalar/Giris_Sayfasi/PopupCarpiGiris")): Object: 'Object Repository/Sayfalar/Giris_Sayfasi/PopupCarpiGiris' is clicked on

2021-10-14 17:21:03 - [MESSAGE][INFO] - Finding Test Object 'Object Repository/Sayfalar/Giris_Sayfasi/PopupCarpiGiris'

2021-10-14 17:21:03 - [MESSAGE][INFO] - Checking object

2021-10-14 17:21:03 - [MESSAGE][INFO] - Finding web element from Test Object's properties

2021-10-14 17:21:03 - [MESSAGE][INFO] - Checking timeout

2021-10-14 17:21:03 - [MESSAGE][INFO] - Finding web element with id: 'Object Repository/Sayfalar/Giris_Sayfasi/PopupCarpiGiris' located by 'By.cssSelector: .bootbox-close-button.close' in '30' second(s)

2021-10-14 17:21:03 - [MESSAGE][INFO] - Smart Wait Function is triggered

2021-10-14 17:21:03 - [MESSAGE][INFO] - Found 1 web elements with id: 'Object Repository/Sayfalar/Giris_Sayfasi/PopupCarpiGiris' located by 'By.cssSelector: .bootbox-close-button.close' in '30' second(s)

2021-10-14 17:21:03 - [MESSAGE][INFO] - Clicking on object: 'Object Repository/Sayfalar/Giris_Sayfasi/PopupCarpiGiris'

2021-10-14 17:21:03 - [MESSAGE][PASSED] - Object: 'Object Repository/Sayfalar/Giris_Sayfasi/PopupCarpiGiris' is clicked on

2021-10-14 17:21:03 - [TEST_STEP][PASSED] - verifyElementVisible(findTestObject("Object Repository/Kullanici_Islemleri/KullaniciIslemleri")): Object 'Object Repository/Kullanici_Islemleri/KullaniciIslemleri' is visible

2021-10-14 17:21:03 - [MESSAGE][INFO] - Finding Test Object 'Object Repository/Kullanici_Islemleri/KullaniciIslemleri'

2021-10-14 17:21:03 - [MESSAGE][INFO] - Checking object

2021-10-14 17:21:03 - [MESSAGE][INFO] - Finding web element from Test Object's properties

2021-10-14 17:21:03 - [MESSAGE][INFO] - Checking timeout

2021-10-14 17:21:03 - [MESSAGE][INFO] - Finding web element with id: 'Object Repository/Kullanici_Islemleri/KullaniciIslemleri' located by 'By.cssSelector: .dropdown>a>img' in '30' second(s)

2021-10-14 17:21:03 - [MESSAGE][INFO] - Smart Wait Function is triggered

2021-10-14 17:21:04 - [MESSAGE][INFO] - Found 1 web elements with id: 'Object Repository/Kullanici_Islemleri/KullaniciIslemleri' located by 'By.cssSelector: .dropdown>a>img' in '30' second(s)

2021-10-14 17:21:04 - [MESSAGE][PASSED] - Object 'Object Repository/Kullanici_Islemleri/KullaniciIslemleri' is visible

2021-10-14 17:21:04 - [MESSAGE][PASSED] - Call Test Case 'Test Cases/Sayfalar/Giris_Sayfasi/Login' successfully

2021-10-14 17:21:04 - [MESSAGE][INFO] - Checking called Test Case

2021-10-14 17:21:04 - [MESSAGE][INFO] - Starting to call Test Case 'Test Cases/Menu/AnaMenuSecimi'

2021-10-14 17:21:04 - [TEST_CASE][PASSED] - Test Cases/Menu/AnaMenuSecimi: Test Cases/Menu/AnaMenuSecimi

2021-10-14 17:21:04 - [TEST_STEP][PASSED] - Method.TextDegerineEsitElementeTikla(findTestObject("Menu/Ana_Menu"), Ana_Menu): Method.TextDegerineEsitElementeTikla is PASSED

2021-10-14 17:21:04 - [MESSAGE][INFO] - Finding Test Object 'Object Repository/Menu/Ana_Menu'

2021-10-14 17:21:04 - [MESSAGE][INFO] - Checking timeout

2021-10-14 17:21:04 - [MESSAGE][INFO] - Finding web element with id: 'Object Repository/Menu/Ana_Menu' located by 'By.xpath: //*[@class = 'dropdown-toggle']' in '10' second(s)

2021-10-14 17:21:04 - [MESSAGE][INFO] - Smart Wait Function is triggered

2021-10-14 17:21:04 - [MESSAGE][INFO] - Found 14 web elements with id: 'Object Repository/Menu/Ana_Menu' located by 'By.xpath: //*[@class = 'dropdown-toggle']' in '10' second(s)

2021-10-14 17:21:04 - [MESSAGE][PASSED] - Method.TextDegerineEsitElementeTikla is PASSED

2021-10-14 17:21:04 - [MESSAGE][PASSED] - Call Test Case 'Test Cases/Menu/AnaMenuSecimi' successfully

2021-10-14 17:21:04 - [MESSAGE][INFO] - Checking called Test Case

2021-10-14 17:21:04 - [MESSAGE][INFO] - Starting to call Test Case 'Test Cases/Menu/BasligaGoreAltMenuSecimi'

2021-10-14 17:21:04 - [TEST_CASE][PASSED] - Test Cases/Menu/BasligaGoreAltMenuSecimi: Test Cases/Menu/BasligaGoreAltMenuSecimi

2021-10-14 17:21:04 - [TEST_STEP][PASSED] - Method.TextDegerineEsitElementinAltindakiTextDegerineEsitOlanaTikla(findTestObject("Menu/Menu_Basligi"), findTestObject("Menu/Basliga_Gore_Alt_Menu"), Baslik, Alt_Menu): Method.TextDegerineEsitElementinAltindakiTextDegerineEsitOlanaTikla is PASSED

2021-10-14 17:21:04 - [MESSAGE][INFO] - Finding Test Object 'Object Repository/Menu/Menu_Basligi'

2021-10-14 17:21:05 - [MESSAGE][INFO] - Finding Test Object 'Object Repository/Menu/Basliga_Gore_Alt_Menu'

2021-10-14 17:21:05 - [MESSAGE][INFO] - Checking timeout

2021-10-14 17:21:05 - [MESSAGE][INFO] - Finding web element with id: 'Object Repository/Menu/Menu_Basligi' located by 'By.xpath: //li[@class='dropdown dropdown-large open']//li[@class='dropdown-header']' in '10' second(s)

2021-10-14 17:21:05 - [MESSAGE][INFO] - Smart Wait Function is triggered

2021-10-14 17:21:05 - [MESSAGE][INFO] - Found 3 web elements with id: 'Object Repository/Menu/Menu_Basligi' located by 'By.xpath: //li[@class='dropdown dropdown-large open']//li[@class='dropdown-header']' in '10' second(s)

2021-10-14 17:21:05 - [MESSAGE][INFO] - Smart Wait Function is triggered

2021-10-14 17:21:08 - [MESSAGE][PASSED] - Method.TextDegerineEsitElementinAltindakiTextDegerineEsitOlanaTikla is PASSED

2021-10-14 17:21:08 - [MESSAGE][PASSED] - Call Test Case 'Test Cases/Menu/BasligaGoreAltMenuSecimi' successfully

2021-10-14 17:21:08 - [MESSAGE][INFO] - Checking called Test Case

2021-10-14 17:21:08 - [MESSAGE][INFO] - Starting to call Test Case 'Test Cases/Filtreler/BaslangicYaz'

2021-10-14 17:21:08 - [TEST_CASE][PASSED] - Test Cases/Filtreler/BaslangicYaz: Test Cases/Filtreler/BaslangicYaz

2021-10-14 17:21:08 - [TEST_STEP][PASSED] - Method.TextDegerineEsitElementinAltindakineTikla(findTestObject("Filtreler/Basliklar"), findTestObject("Filtreler/Basliga_Gore_Baslangic_Image"), Filtre_Adi): Method.TextDegerineEsitElementinAltindakineTikla is PASSED

2021-10-14 17:21:08 - [MESSAGE][INFO] - Finding Test Object 'Object Repository/Filtreler/Basliklar'

2021-10-14 17:21:08 - [MESSAGE][INFO] - Finding Test Object 'Object Repository/Filtreler/Basliga_Gore_Baslangic_Image'

2021-10-14 17:21:08 - [MESSAGE][INFO] - Checking timeout

2021-10-14 17:21:08 - [MESSAGE][INFO] - Finding web element with id: 'Object Repository/Filtreler/Basliklar' located by 'By.cssSelector: .control-label.col-sm-4.paddingMarginRLC' in '10' second(s)

2021-10-14 17:21:08 - [MESSAGE][INFO] - Smart Wait Function is triggered

2021-10-14 17:21:08 - [MESSAGE][INFO] - Found 20 web elements with id: 'Object Repository/Filtreler/Basliklar' located by 'By.cssSelector: .control-label.col-sm-4.paddingMarginRLC' in '10' second(s)

2021-10-14 17:21:08 - [MESSAGE][INFO] - Smart Wait Function is triggered

2021-10-14 17:21:08 - [MESSAGE][PASSED] - Method.TextDegerineEsitElementinAltindakineTikla is PASSED

2021-10-14 17:21:08 - [TEST_STEP][PASSED] - Method.TextDegerineEsitElementinAltindakiTextboxtaYaz(findTestObject("Filtreler/Basliklar"), findTestObject("Filtreler/Basliga_Gore_Baslangic"), Filtre_Adi, Filtre_Degeri): Method.TextDegerineEsitElementinAltindakiTextboxtaYaz is PASSED

2021-10-14 17:21:08 - [MESSAGE][INFO] - Finding Test Object 'Object Repository/Filtreler/Basliklar'

2021-10-14 17:21:09 - [MESSAGE][INFO] - Finding Test Object 'Object Repository/Filtreler/Basliga_Gore_Baslangic'

2021-10-14 17:21:09 - [MESSAGE][INFO] - Checking timeout

2021-10-14 17:21:09 - [MESSAGE][INFO] - Finding web element with id: 'Object Repository/Filtreler/Basliklar' located by 'By.cssSelector: .control-label.col-sm-4.paddingMarginRLC' in '10' second(s)

2021-10-14 17:21:09 - [MESSAGE][INFO] - Smart Wait Function is triggered

2021-10-14 17:21:09 - [MESSAGE][INFO] - Found 20 web elements with id: 'Object Repository/Filtreler/Basliklar' located by 'By.cssSelector: .control-label.col-sm-4.paddingMarginRLC' in '10' second(s)

2021-10-14 17:21:09 - [MESSAGE][INFO] - Smart Wait Function is triggered

2021-10-14 17:21:09 - [MESSAGE][PASSED] - Method.TextDegerineEsitElementinAltindakiTextboxtaYaz is PASSED

2021-10-14 17:21:09 - [MESSAGE][PASSED] - Call Test Case 'Test Cases/Filtreler/BaslangicYaz' successfully

2021-10-14 17:21:09 - [MESSAGE][INFO] - Checking called Test Case

2021-10-14 17:21:09 - [MESSAGE][INFO] - Starting to call Test Case 'Test Cases/Filtreler/BitisYaz'

2021-10-14 17:21:09 - [TEST_CASE][PASSED] - Test Cases/Filtreler/BitisYaz: Test Cases/Filtreler/BitisYaz

2021-10-14 17:21:09 - [TEST_STEP][PASSED] - Method.TextDegerineEsitElementinAltindakineTikla(findTestObject("Filtreler/Basliklar"), findTestObject("Filtreler/Basliga_Gore_Bitis_Image"), Filtre_Adi): Method.TextDegerineEsitElementinAltindakineTikla is PASSED

2021-10-14 17:21:09 - [MESSAGE][INFO] - Finding Test Object 'Object Repository/Filtreler/Basliklar'

2021-10-14 17:21:10 - [MESSAGE][INFO] - Finding Test Object 'Object Repository/Filtreler/Basliga_Gore_Bitis_Image'

2021-10-14 17:21:10 - [MESSAGE][INFO] - Checking timeout

2021-10-14 17:21:10 - [MESSAGE][INFO] - Finding web element with id: 'Object Repository/Filtreler/Basliklar' located by 'By.cssSelector: .control-label.col-sm-4.paddingMarginRLC' in '10' second(s)

2021-10-14 17:21:10 - [MESSAGE][INFO] - Smart Wait Function is triggered

2021-10-14 17:21:10 - [MESSAGE][INFO] - Found 20 web elements with id: 'Object Repository/Filtreler/Basliklar' located by 'By.cssSelector: .control-label.col-sm-4.paddingMarginRLC' in '10' second(s)

2021-10-14 17:21:10 - [MESSAGE][INFO] - Smart Wait Function is triggered

2021-10-14 17:21:10 - [MESSAGE][PASSED] - Method.TextDegerineEsitElementinAltindakineTikla is PASSED

2021-10-14 17:21:10 - [TEST_STEP][PASSED] - Method.TextDegerineEsitElementinAltindakiTextboxtaYaz(findTestObject("Filtreler/Basliklar"), findTestObject("Object Repository/Filtreler/Basliga_Gore_Bitis"), Filtre_Adi, Filtre_Degeri): Method.TextDegerineEsitElementinAltindakiTextboxtaYaz is PASSED

2021-10-14 17:21:10 - [MESSAGE][INFO] - Finding Test Object 'Object Repository/Filtreler/Basliklar'

2021-10-14 17:21:11 - [MESSAGE][INFO] - Finding Test Object 'Object Repository/Filtreler/Basliga_Gore_Bitis'

2021-10-14 17:21:11 - [MESSAGE][INFO] - Checking timeout

2021-10-14 17:21:11 - [MESSAGE][INFO] - Finding web element with id: 'Object Repository/Filtreler/Basliklar' located by 'By.cssSelector: .control-label.col-sm-4.paddingMarginRLC' in '10' second(s)

2021-10-14 17:21:11 - [MESSAGE][INFO] - Smart Wait Function is triggered

2021-10-14 17:21:11 - [MESSAGE][INFO] - Found 20 web elements with id: 'Object Repository/Filtreler/Basliklar' located by 'By.cssSelector: .control-label.col-sm-4.paddingMarginRLC' in '10' second(s)

2021-10-14 17:21:11 - [MESSAGE][INFO] - Smart Wait Function is triggered

2021-10-14 17:21:12 - [MESSAGE][PASSED] - Method.TextDegerineEsitElementinAltindakiTextboxtaYaz is PASSED

2021-10-14 17:21:12 - [MESSAGE][PASSED] - Call Test Case 'Test Cases/Filtreler/BitisYaz' successfully

2021-10-14 17:21:12 - [MESSAGE][INFO] - Checking called Test Case

2021-10-14 17:21:12 - [MESSAGE][INFO] - Starting to call Test Case 'Test Cases/Filtreler/ButonaTikla'

2021-10-14 17:21:12 - [TEST_CASE][PASSED] - Test Cases/Filtreler/ButonaTikla: Test Cases/Filtreler/ButonaTikla

2021-10-14 17:21:12 - [TEST_STEP][PASSED] - Method.TextDegerineEsitElementeTikla(findTestObject("Filtreler/Butonlar"), Filtre_Buton): Method.TextDegerineEsitElementeTikla is PASSED

2021-10-14 17:21:12 - [MESSAGE][INFO] - Finding Test Object 'Object Repository/Filtreler/Butonlar'

2021-10-14 17:21:12 - [MESSAGE][INFO] - Checking timeout

2021-10-14 17:21:12 - [MESSAGE][INFO] - Finding web element with id: 'Object Repository/Filtreler/Butonlar' located by 'By.cssSelector: .dxb>span' in '10' second(s)

2021-10-14 17:21:12 - [MESSAGE][INFO] - Smart Wait Function is triggered

2021-10-14 17:21:12 - [MESSAGE][INFO] - Found 3 web elements with id: 'Object Repository/Filtreler/Butonlar' located by 'By.cssSelector: .dxb>span' in '10' second(s)

2021-10-14 17:21:12 - [MESSAGE][PASSED] - Method.TextDegerineEsitElementeTikla is PASSED

2021-10-14 17:21:12 - [MESSAGE][PASSED] - Call Test Case 'Test Cases/Filtreler/ButonaTikla' successfully

2021-10-14 17:21:12 - [MESSAGE][INFO] - Checking called Test Case

2021-10-14 17:21:12 - [MESSAGE][INFO] - Starting to call Test Case 'Test Cases/Tablo/TablodakiVeriDetayi'

2021-10-14 17:21:12 - [TEST_CASE][PASSED] - Test Cases/Tablo/TablodakiVeriDetayi: Test Cases/Tablo/TablodakiVeriDetayi

2021-10-14 17:21:12 - [TEST_STEP][PASSED] - Method.TextDegerineEsitElementinAltindakineTikla(findTestObject("Tablo/Veriler"), findTestObject("Object Repository/Tablo/VerininArtiButonu"), Veri_Adi): Method.TextDegerineEsitElementinAltindakineTikla is PASSED

2021-10-14 17:21:12 - [MESSAGE][INFO] - Finding Test Object 'Object Repository/Tablo/Veriler'

2021-10-14 17:21:13 - [MESSAGE][INFO] - Finding Test Object 'Object Repository/Tablo/VerininArtiButonu'

2021-10-14 17:21:13 - [MESSAGE][INFO] - Checking timeout

2021-10-14 17:21:13 - [MESSAGE][INFO] - Finding web element with id: 'Object Repository/Tablo/Veriler' located by 'By.cssSelector: td.dxgv b ,td.dxgv' in '10' second(s)

2021-10-14 17:21:13 - [MESSAGE][INFO] - Smart Wait Function is triggered

2021-10-14 17:21:13 - [MESSAGE][INFO] - Found 140 web elements with id: 'Object Repository/Tablo/Veriler' located by 'By.cssSelector: td.dxgv b ,td.dxgv' in '10' second(s)

2021-10-14 17:21:13 - [MESSAGE][INFO] - Smart Wait Function is triggered

2021-10-14 17:21:14 - [MESSAGE][PASSED] - Method.TextDegerineEsitElementinAltindakineTikla is PASSED

2021-10-14 17:21:14 - [MESSAGE][PASSED] - Call Test Case 'Test Cases/Tablo/TablodakiVeriDetayi' successfully

2021-10-14 17:21:14 - [MESSAGE][INFO] - Checking called Test Case

2021-10-14 17:21:14 - [MESSAGE][INFO] - Starting to call Test Case 'Test Cases/Tablo/TablodakiVeriDetayi'

2021-10-14 17:21:14 - [TEST_CASE][PASSED] - Test Cases/Tablo/TablodakiVeriDetayi: Test Cases/Tablo/TablodakiVeriDetayi

2021-10-14 17:21:14 - [TEST_STEP][PASSED] - Method.TextDegerineEsitElementinAltindakineTikla(findTestObject("Tablo/Veriler"), findTestObject("Object Repository/Tablo/VerininArtiButonu"), Veri_Adi): Method.TextDegerineEsitElementinAltindakineTikla is PASSED

2021-10-14 17:21:14 - [MESSAGE][INFO] - Finding Test Object 'Object Repository/Tablo/Veriler'

2021-10-14 17:21:14 - [MESSAGE][INFO] - Finding Test Object 'Object Repository/Tablo/VerininArtiButonu'

2021-10-14 17:21:14 - [MESSAGE][INFO] - Checking timeout

2021-10-14 17:21:14 - [MESSAGE][INFO] - Finding web element with id: 'Object Repository/Tablo/Veriler' located by 'By.cssSelector: td.dxgv b ,td.dxgv' in '10' second(s)

2021-10-14 17:21:14 - [MESSAGE][INFO] - Smart Wait Function is triggered

2021-10-14 17:21:15 - [MESSAGE][INFO] - Found 143 web elements with id: 'Object Repository/Tablo/Veriler' located by 'By.cssSelector: td.dxgv b ,td.dxgv' in '10' second(s)

2021-10-14 17:21:15 - [MESSAGE][INFO] - Smart Wait Function is triggered

2021-10-14 17:21:15 - [MESSAGE][PASSED] - Method.TextDegerineEsitElementinAltindakineTikla is PASSED

2021-10-14 17:21:15 - [MESSAGE][PASSED] - Call Test Case 'Test Cases/Tablo/TablodakiVeriDetayi' successfully

2021-10-14 17:21:15 - [MESSAGE][INFO] - Checking called Test Case

2021-10-14 17:21:15 - [MESSAGE][INFO] - Starting to call Test Case 'Test Cases/Filtreler/ListelenenOgeSayisi'

2021-10-14 17:21:15 - [TEST_CASE][PASSED] - Test Cases/Filtreler/ListelenenOgeSayisi: Test Cases/Filtreler/ListelenenOgeSayisi

2021-10-14 17:21:15 - [TEST_STEP][PASSED] - waitForElementPresent(findTestObject("Filtreler/OgeSayisi"), 10): Object 'Object Repository/Filtreler/OgeSayisi' is present

2021-10-14 17:21:15 - [MESSAGE][INFO] - Finding Test Object 'Object Repository/Filtreler/OgeSayisi'

2021-10-14 17:21:15 - [MESSAGE][INFO] - Checking object

2021-10-14 17:21:15 - [MESSAGE][INFO] - Finding web element from Test Object's properties

2021-10-14 17:21:15 - [MESSAGE][INFO] - Checking timeout

2021-10-14 17:21:15 - [MESSAGE][INFO] - Finding web element with id: 'Object Repository/Filtreler/OgeSayisi' located by 'By.cssSelector: .dxp-lead.dxp-summary' in '10' second(s)

2021-10-14 17:21:15 - [MESSAGE][INFO] - Smart Wait Function is triggered

2021-10-14 17:21:16 - [MESSAGE][INFO] - Found 1 web elements with id: 'Object Repository/Filtreler/OgeSayisi' located by 'By.cssSelector: .dxp-lead.dxp-summary' in '10' second(s)

2021-10-14 17:21:16 - [MESSAGE][PASSED] - Object 'Object Repository/Filtreler/OgeSayisi' is present

2021-10-14 17:21:16 - [TEST_STEP][PASSED] - verifyElementText(findTestObject("Filtreler/OgeSayisi"), OgeSayisi): Actual text and expected text of test object 'Object Repository/Filtreler/OgeSayisi' are matched.

2021-10-14 17:21:16 - [MESSAGE][INFO] - Finding Test Object 'Object Repository/Filtreler/OgeSayisi'

2021-10-14 17:21:16 - [MESSAGE][INFO] - Checking object

2021-10-14 17:21:16 - [MESSAGE][INFO] - Finding web element from Test Object's properties

2021-10-14 17:21:16 - [MESSAGE][INFO] - Checking timeout

2021-10-14 17:21:16 - [MESSAGE][INFO] - Finding web element with id: 'Object Repository/Filtreler/OgeSayisi' located by 'By.cssSelector: .dxp-lead.dxp-summary' in '30' second(s)

2021-10-14 17:21:16 - [MESSAGE][INFO] - Smart Wait Function is triggered

2021-10-14 17:21:17 - [MESSAGE][INFO] - Found 1 web elements with id: 'Object Repository/Filtreler/OgeSayisi' located by 'By.cssSelector: .dxp-lead.dxp-summary' in '30' second(s)

2021-10-14 17:21:17 - [MESSAGE][PASSED] - Actual text and expected text of test object 'Object Repository/Filtreler/OgeSayisi' are matched.

2021-10-14 17:21:17 - [MESSAGE][PASSED] - Call Test Case 'Test Cases/Filtreler/ListelenenOgeSayisi' successfully

2021-10-14 17:21:17 - [MESSAGE][INFO] - Checking called Test Case

2021-10-14 17:21:17 - [MESSAGE][INFO] - Starting to call Test Case 'Test Cases/Sayfalar/AnaSayfa/AnaSayfayaDonulur'

2021-10-14 17:21:17 - [TEST_CASE][PASSED] - Test Cases/Sayfalar/AnaSayfa/AnaSayfayaDonulur: Test Cases/Sayfalar/AnaSayfa/AnaSayfayaDonulur

2021-10-14 17:21:17 - [TEST_STEP][PASSED] - click(findTestObject("Sayfalar/AnaSayfa/AnaSayfa")): Object: 'Object Repository/Sayfalar/AnaSayfa/AnaSayfa' is clicked on

2021-10-14 17:21:17 - [MESSAGE][INFO] - Finding Test Object 'Object Repository/Sayfalar/AnaSayfa/AnaSayfa'

2021-10-14 17:21:17 - [MESSAGE][INFO] - Checking object

2021-10-14 17:21:17 - [MESSAGE][INFO] - Finding web element from Test Object's properties

2021-10-14 17:21:17 - [MESSAGE][INFO] - Checking timeout

2021-10-14 17:21:17 - [MESSAGE][INFO] - Finding web element with id: 'Object Repository/Sayfalar/AnaSayfa/AnaSayfa' located by 'By.cssSelector: div.navbar-header > a > img' in '30' second(s)

2021-10-14 17:21:17 - [MESSAGE][INFO] - Smart Wait Function is triggered

2021-10-14 17:21:17 - [MESSAGE][INFO] - Found 1 web elements with id: 'Object Repository/Sayfalar/AnaSayfa/AnaSayfa' located by 'By.cssSelector: div.navbar-header > a > img' in '30' second(s)

2021-10-14 17:21:17 - [MESSAGE][INFO] - Clicking on object: 'Object Repository/Sayfalar/AnaSayfa/AnaSayfa'

2021-10-14 17:21:18 - [MESSAGE][PASSED] - Object: 'Object Repository/Sayfalar/AnaSayfa/AnaSayfa' is clicked on

2021-10-14 17:21:18 - [TEST_STEP][PASSED] - if (verifyElementPresent(findTestObject("Sayfalar/Giris_Sayfasi/PopupOK"), 5, OPTIONAL)): null

2021-10-14 17:21:18 - [MESSAGE][INFO] - Finding Test Object 'Object Repository/Sayfalar/Giris_Sayfasi/PopupOK'

2021-10-14 17:21:19 - [MESSAGE][INFO] - Checking object

2021-10-14 17:21:19 - [MESSAGE][INFO] - Finding web element from Test Object's properties

2021-10-14 17:21:19 - [MESSAGE][INFO] - Checking timeout

2021-10-14 17:21:19 - [MESSAGE][INFO] - Finding web element with id: 'Object Repository/Sayfalar/Giris_Sayfasi/PopupOK' located by 'By.cssSelector: .btn.btn-success' in '5' second(s)

2021-10-14 17:21:19 - [MESSAGE][INFO] - Smart Wait Function is triggered

2021-10-14 17:21:19 - [MESSAGE][INFO] - Found 1 web elements with id: 'Object Repository/Sayfalar/Giris_Sayfasi/PopupOK' located by 'By.cssSelector: .btn.btn-success' in '5' second(s)

2021-10-14 17:21:19 - [MESSAGE][PASSED] - Object 'Object Repository/Sayfalar/Giris_Sayfasi/PopupOK' is present

2021-10-14 17:21:19 - [TEST_STEP][PASSED] - click(findTestObject("Sayfalar/Giris_Sayfasi/PopupOK")): Object: 'Object Repository/Sayfalar/Giris_Sayfasi/PopupOK' is clicked on

2021-10-14 17:21:19 - [MESSAGE][INFO] - Finding Test Object 'Object Repository/Sayfalar/Giris_Sayfasi/PopupOK'

2021-10-14 17:21:19 - [MESSAGE][INFO] - Checking object

2021-10-14 17:21:19 - [MESSAGE][INFO] - Finding web element from Test Object's properties

2021-10-14 17:21:19 - [MESSAGE][INFO] - Checking timeout

2021-10-14 17:21:19 - [MESSAGE][INFO] - Finding web element with id: 'Object Repository/Sayfalar/Giris_Sayfasi/PopupOK' located by 'By.cssSelector: .btn.btn-success' in '30' second(s)

2021-10-14 17:21:19 - [MESSAGE][INFO] - Smart Wait Function is triggered

2021-10-14 17:21:20 - [MESSAGE][INFO] - Found 1 web elements with id: 'Object Repository/Sayfalar/Giris_Sayfasi/PopupOK' located by 'By.cssSelector: .btn.btn-success' in '30' second(s)

2021-10-14 17:21:20 - [MESSAGE][INFO] - Clicking on object: 'Object Repository/Sayfalar/Giris_Sayfasi/PopupOK'

2021-10-14 17:21:20 - [MESSAGE][PASSED] - Object: 'Object Repository/Sayfalar/Giris_Sayfasi/PopupOK' is clicked on

2021-10-14 17:21:20 - [TEST_STEP][PASSED] - verifyElementVisible(findTestObject("Object Repository/Kullanici_Islemleri/KullaniciIslemleri")): Object 'Object Repository/Kullanici_Islemleri/KullaniciIslemleri' is visible

2021-10-14 17:21:20 - [MESSAGE][INFO] - Finding Test Object 'Object Repository/Kullanici_Islemleri/KullaniciIslemleri'

2021-10-14 17:21:20 - [MESSAGE][INFO] - Checking object

2021-10-14 17:21:20 - [MESSAGE][INFO] - Finding web element from Test Object's properties

2021-10-14 17:21:20 - [MESSAGE][INFO] - Checking timeout

2021-10-14 17:21:20 - [MESSAGE][INFO] - Finding web element with id: 'Object Repository/Kullanici_Islemleri/KullaniciIslemleri' located by 'By.cssSelector: .dropdown>a>img' in '30' second(s)

2021-10-14 17:21:20 - [MESSAGE][INFO] - Smart Wait Function is triggered

2021-10-14 17:21:21 - [MESSAGE][INFO] - Found 1 web elements with id: 'Object Repository/Kullanici_Islemleri/KullaniciIslemleri' located by 'By.cssSelector: .dropdown>a>img' in '30' second(s)

2021-10-14 17:21:21 - [MESSAGE][PASSED] - Object 'Object Repository/Kullanici_Islemleri/KullaniciIslemleri' is visible

2021-10-14 17:21:21 - [MESSAGE][PASSED] - Call Test Case 'Test Cases/Sayfalar/AnaSayfa/AnaSayfayaDonulur' successfully

2021-10-14 17:21:21 - [MESSAGE][INFO] - Checking called Test Case

2021-10-14 17:21:21 - [MESSAGE][INFO] - Starting to call Test Case 'Test Cases/Menu/AnaMenuSecimi'

2021-10-14 17:21:21 - [TEST_CASE][PASSED] - Test Cases/Menu/AnaMenuSecimi: Test Cases/Menu/AnaMenuSecimi

2021-10-14 17:21:21 - [TEST_STEP][PASSED] - Method.TextDegerineEsitElementeTikla(findTestObject("Menu/Ana_Menu"), Ana_Menu): Method.TextDegerineEsitElementeTikla is PASSED

2021-10-14 17:21:21 - [MESSAGE][INFO] - Finding Test Object 'Object Repository/Menu/Ana_Menu'

2021-10-14 17:21:21 - [MESSAGE][INFO] - Checking timeout

2021-10-14 17:21:21 - [MESSAGE][INFO] - Finding web element with id: 'Object Repository/Menu/Ana_Menu' located by 'By.xpath: //*[@class = 'dropdown-toggle']' in '10' second(s)

2021-10-14 17:21:21 - [MESSAGE][INFO] - Smart Wait Function is triggered

2021-10-14 17:21:21 - [MESSAGE][INFO] - Found 14 web elements with id: 'Object Repository/Menu/Ana_Menu' located by 'By.xpath: //*[@class = 'dropdown-toggle']' in '10' second(s)

2021-10-14 17:21:21 - [MESSAGE][PASSED] - Method.TextDegerineEsitElementeTikla is PASSED

2021-10-14 17:21:21 - [MESSAGE][PASSED] - Call Test Case 'Test Cases/Menu/AnaMenuSecimi' successfully

2021-10-14 17:21:21 - [MESSAGE][INFO] - Checking called Test Case

2021-10-14 17:21:21 - [MESSAGE][INFO] - Starting to call Test Case 'Test Cases/Menu/BasligaGoreAltMenuSecimi'

2021-10-14 17:21:21 - [TEST_CASE][PASSED] - Test Cases/Menu/BasligaGoreAltMenuSecimi: Test Cases/Menu/BasligaGoreAltMenuSecimi

2021-10-14 17:21:21 - [TEST_STEP][PASSED] - Method.TextDegerineEsitElementinAltindakiTextDegerineEsitOlanaTikla(findTestObject("Menu/Menu_Basligi"), findTestObject("Menu/Basliga_Gore_Alt_Menu"), Baslik, Alt_Menu): Method.TextDegerineEsitElementinAltindakiTextDegerineEsitOlanaTikla is PASSED

2021-10-14 17:21:21 - [MESSAGE][INFO] - Finding Test Object 'Object Repository/Menu/Menu_Basligi'

2021-10-14 17:21:21 - [MESSAGE][INFO] - Finding Test Object 'Object Repository/Menu/Basliga_Gore_Alt_Menu'

2021-10-14 17:21:22 - [MESSAGE][INFO] - Checking timeout

2021-10-14 17:21:22 - [MESSAGE][INFO] - Finding web element with id: 'Object Repository/Menu/Menu_Basligi' located by 'By.xpath: //li[@class='dropdown dropdown-large open']//li[@class='dropdown-header']' in '10' second(s)

2021-10-14 17:21:22 - [MESSAGE][INFO] - Smart Wait Function is triggered

2021-10-14 17:21:22 - [MESSAGE][INFO] - Found 3 web elements with id: 'Object Repository/Menu/Menu_Basligi' located by 'By.xpath: //li[@class='dropdown dropdown-large open']//li[@class='dropdown-header']' in '10' second(s)

2021-10-14 17:21:22 - [MESSAGE][INFO] - Smart Wait Function is triggered

2021-10-14 17:21:24 - [MESSAGE][PASSED] - Method.TextDegerineEsitElementinAltindakiTextDegerineEsitOlanaTikla is PASSED

2021-10-14 17:21:24 - [MESSAGE][PASSED] - Call Test Case 'Test Cases/Menu/BasligaGoreAltMenuSecimi' successfully

2021-10-14 17:21:24 - [MESSAGE][INFO] - Checking called Test Case

2021-10-14 17:21:24 - [MESSAGE][INFO] - Starting to call Test Case 'Test Cases/Filtreler/BaslangicYaz'

2021-10-14 17:21:24 - [TEST_CASE][PASSED] - Test Cases/Filtreler/BaslangicYaz: Test Cases/Filtreler/BaslangicYaz

2021-10-14 17:21:24 - [TEST_STEP][PASSED] - Method.TextDegerineEsitElementinAltindakineTikla(findTestObject("Filtreler/Basliklar"), findTestObject("Filtreler/Basliga_Gore_Baslangic_Image"), Filtre_Adi): Method.TextDegerineEsitElementinAltindakineTikla is PASSED

2021-10-14 17:21:24 - [MESSAGE][INFO] - Finding Test Object 'Object Repository/Filtreler/Basliklar'

2021-10-14 17:21:24 - [MESSAGE][INFO] - Finding Test Object 'Object Repository/Filtreler/Basliga_Gore_Baslangic_Image'

2021-10-14 17:21:24 - [MESSAGE][INFO] - Checking timeout

2021-10-14 17:21:24 - [MESSAGE][INFO] - Finding web element with id: 'Object Repository/Filtreler/Basliklar' located by 'By.cssSelector: .control-label.col-sm-4.paddingMarginRLC' in '10' second(s)

2021-10-14 17:21:24 - [MESSAGE][INFO] - Smart Wait Function is triggered

2021-10-14 17:21:25 - [MESSAGE][INFO] - Found 20 web elements with id: 'Object Repository/Filtreler/Basliklar' located by 'By.cssSelector: .control-label.col-sm-4.paddingMarginRLC' in '10' second(s)

2021-10-14 17:21:25 - [MESSAGE][INFO] - Smart Wait Function is triggered

2021-10-14 17:21:25 - [MESSAGE][PASSED] - Method.TextDegerineEsitElementinAltindakineTikla is PASSED

2021-10-14 17:21:25 - [TEST_STEP][PASSED] - Method.TextDegerineEsitElementinAltindakiTextboxtaYaz(findTestObject("Filtreler/Basliklar"), findTestObject("Filtreler/Basliga_Gore_Baslangic"), Filtre_Adi, Filtre_Degeri): Method.TextDegerineEsitElementinAltindakiTextboxtaYaz is PASSED

2021-10-14 17:21:25 - [MESSAGE][INFO] - Finding Test Object 'Object Repository/Filtreler/Basliklar'

2021-10-14 17:21:26 - [MESSAGE][INFO] - Finding Test Object 'Object Repository/Filtreler/Basliga_Gore_Baslangic'

2021-10-14 17:21:26 - [MESSAGE][INFO] - Checking timeout

2021-10-14 17:21:26 - [MESSAGE][INFO] - Finding web element with id: 'Object Repository/Filtreler/Basliklar' located by 'By.cssSelector: .control-label.col-sm-4.paddingMarginRLC' in '10' second(s)

2021-10-14 17:21:26 - [MESSAGE][INFO] - Smart Wait Function is triggered

2021-10-14 17:21:26 - [MESSAGE][INFO] - Found 20 web elements with id: 'Object Repository/Filtreler/Basliklar' located by 'By.cssSelector: .control-label.col-sm-4.paddingMarginRLC' in '10' second(s)

2021-10-14 17:21:26 - [MESSAGE][INFO] - Smart Wait Function is triggered

2021-10-14 17:21:27 - [MESSAGE][PASSED] - Method.TextDegerineEsitElementinAltindakiTextboxtaYaz is PASSED

2021-10-14 17:21:27 - [MESSAGE][PASSED] - Call Test Case 'Test Cases/Filtreler/BaslangicYaz' successfully

2021-10-14 17:21:27 - [MESSAGE][INFO] - Checking called Test Case

2021-10-14 17:21:27 - [MESSAGE][INFO] - Starting to call Test Case 'Test Cases/Filtreler/BitisYaz'

2021-10-14 17:21:27 - [TEST_CASE][PASSED] - Test Cases/Filtreler/BitisYaz: Test Cases/Filtreler/BitisYaz

2021-10-14 17:21:27 - [TEST_STEP][PASSED] - Method.TextDegerineEsitElementinAltindakineTikla(findTestObject("Filtreler/Basliklar"), findTestObject("Filtreler/Basliga_Gore_Bitis_Image"), Filtre_Adi): Method.TextDegerineEsitElementinAltindakineTikla is PASSED

2021-10-14 17:21:27 - [MESSAGE][INFO] - Finding Test Object 'Object Repository/Filtreler/Basliklar'

2021-10-14 17:21:27 - [MESSAGE][INFO] - Finding Test Object 'Object Repository/Filtreler/Basliga_Gore_Bitis_Image'

2021-10-14 17:21:27 - [MESSAGE][INFO] - Checking timeout

2021-10-14 17:21:27 - [MESSAGE][INFO] - Finding web element with id: 'Object Repository/Filtreler/Basliklar' located by 'By.cssSelector: .control-label.col-sm-4.paddingMarginRLC' in '10' second(s)

2021-10-14 17:21:27 - [MESSAGE][INFO] - Smart Wait Function is triggered

2021-10-14 17:21:27 - [MESSAGE][INFO] - Found 20 web elements with id: 'Object Repository/Filtreler/Basliklar' located by 'By.cssSelector: .control-label.col-sm-4.paddingMarginRLC' in '10' second(s)

2021-10-14 17:21:27 - [MESSAGE][INFO] - Smart Wait Function is triggered

2021-10-14 17:21:28 - [MESSAGE][PASSED] - Method.TextDegerineEsitElementinAltindakineTikla is PASSED

2021-10-14 17:21:28 - [TEST_STEP][PASSED] - Method.TextDegerineEsitElementinAltindakiTextboxtaYaz(findTestObject("Filtreler/Basliklar"), findTestObject("Object Repository/Filtreler/Basliga_Gore_Bitis"), Filtre_Adi, Filtre_Degeri): Method.TextDegerineEsitElementinAltindakiTextboxtaYaz is PASSED

2021-10-14 17:21:28 - [MESSAGE][INFO] - Finding Test Object 'Object Repository/Filtreler/Basliklar'

2021-10-14 17:21:28 - [MESSAGE][INFO] - Finding Test Object 'Object Repository/Filtreler/Basliga_Gore_Bitis'

2021-10-14 17:21:28 - [MESSAGE][INFO] - Checking timeout

2021-10-14 17:21:28 - [MESSAGE][INFO] - Finding web element with id: 'Object Repository/Filtreler/Basliklar' located by 'By.cssSelector: .control-label.col-sm-4.paddingMarginRLC' in '10' second(s)

2021-10-14 17:21:28 - [MESSAGE][INFO] - Smart Wait Function is triggered

2021-10-14 17:21:28 - [MESSAGE][INFO] - Found 20 web elements with id: 'Object Repository/Filtreler/Basliklar' located by 'By.cssSelector: .control-label.col-sm-4.paddingMarginRLC' in '10' second(s)

2021-10-14 17:21:28 - [MESSAGE][INFO] - Smart Wait Function is triggered

2021-10-14 17:21:29 - [MESSAGE][PASSED] - Method.TextDegerineEsitElementinAltindakiTextboxtaYaz is PASSED

2021-10-14 17:21:29 - [MESSAGE][PASSED] - Call Test Case 'Test Cases/Filtreler/BitisYaz' successfully

2021-10-14 17:21:29 - [MESSAGE][INFO] - Checking called Test Case

2021-10-14 17:21:29 - [MESSAGE][INFO] - Starting to call Test Case 'Test Cases/Filtreler/BaslangicYaz'

2021-10-14 17:21:29 - [TEST_CASE][PASSED] - Test Cases/Filtreler/BaslangicYaz: Test Cases/Filtreler/BaslangicYaz

2021-10-14 17:21:29 - [TEST_STEP][PASSED] - Method.TextDegerineEsitElementinAltindakineTikla(findTestObject("Filtreler/Basliklar"), findTestObject("Filtreler/Basliga_Gore_Baslangic_Image"), Filtre_Adi): Method.TextDegerineEsitElementinAltindakineTikla is PASSED

2021-10-14 17:21:29 - [MESSAGE][INFO] - Finding Test Object 'Object Repository/Filtreler/Basliklar'

2021-10-14 17:21:29 - [MESSAGE][INFO] - Finding Test Object 'Object Repository/Filtreler/Basliga_Gore_Baslangic_Image'

2021-10-14 17:21:29 - [MESSAGE][INFO] - Checking timeout

2021-10-14 17:21:29 - [MESSAGE][INFO] - Finding web element with id: 'Object Repository/Filtreler/Basliklar' located by 'By.cssSelector: .control-label.col-sm-4.paddingMarginRLC' in '10' second(s)

2021-10-14 17:21:29 - [MESSAGE][INFO] - Smart Wait Function is triggered

2021-10-14 17:21:30 - [MESSAGE][INFO] - Found 20 web elements with id: 'Object Repository/Filtreler/Basliklar' located by 'By.cssSelector: .control-label.col-sm-4.paddingMarginRLC' in '10' second(s)

2021-10-14 17:21:30 - [MESSAGE][INFO] - Smart Wait Function is triggered

2021-10-14 17:21:30 - [MESSAGE][PASSED] - Method.TextDegerineEsitElementinAltindakineTikla is PASSED

2021-10-14 17:21:30 - [TEST_STEP][PASSED] - Method.TextDegerineEsitElementinAltindakiTextboxtaYaz(findTestObject("Filtreler/Basliklar"), findTestObject("Filtreler/Basliga_Gore_Baslangic"), Filtre_Adi, Filtre_Degeri): Method.TextDegerineEsitElementinAltindakiTextboxtaYaz is PASSED

2021-10-14 17:21:30 - [MESSAGE][INFO] - Finding Test Object 'Object Repository/Filtreler/Basliklar'

2021-10-14 17:21:30 - [MESSAGE][INFO] - Finding Test Object 'Object Repository/Filtreler/Basliga_Gore_Baslangic'

2021-10-14 17:21:30 - [MESSAGE][INFO] - Checking timeout

2021-10-14 17:21:30 - [MESSAGE][INFO] - Finding web element with id: 'Object Repository/Filtreler/Basliklar' located by 'By.cssSelector: .control-label.col-sm-4.paddingMarginRLC' in '10' second(s)

2021-10-14 17:21:30 - [MESSAGE][INFO] - Smart Wait Function is triggered

2021-10-14 17:21:31 - [MESSAGE][INFO] - Found 20 web elements with id: 'Object Repository/Filtreler/Basliklar' located by 'By.cssSelector: .control-label.col-sm-4.paddingMarginRLC' in '10' second(s)

2021-10-14 17:21:31 - [MESSAGE][INFO] - Smart Wait Function is triggered

2021-10-14 17:21:31 - [MESSAGE][PASSED] - Method.TextDegerineEsitElementinAltindakiTextboxtaYaz is PASSED

2021-10-14 17:21:31 - [MESSAGE][PASSED] - Call Test Case 'Test Cases/Filtreler/BaslangicYaz' successfully

2021-10-14 17:21:31 - [MESSAGE][INFO] - Checking called Test Case

2021-10-14 17:21:31 - [MESSAGE][INFO] - Starting to call Test Case 'Test Cases/Filtreler/BitisYaz'

2021-10-14 17:21:31 - [TEST_CASE][PASSED] - Test Cases/Filtreler/BitisYaz: Test Cases/Filtreler/BitisYaz

2021-10-14 17:21:31 - [TEST_STEP][PASSED] - Method.TextDegerineEsitElementinAltindakineTikla(findTestObject("Filtreler/Basliklar"), findTestObject("Filtreler/Basliga_Gore_Bitis_Image"), Filtre_Adi): Method.TextDegerineEsitElementinAltindakineTikla is PASSED

2021-10-14 17:21:31 - [MESSAGE][INFO] - Finding Test Object 'Object Repository/Filtreler/Basliklar'

2021-10-14 17:21:32 - [MESSAGE][INFO] - Finding Test Object 'Object Repository/Filtreler/Basliga_Gore_Bitis_Image'

2021-10-14 17:21:32 - [MESSAGE][INFO] - Checking timeout

2021-10-14 17:21:32 - [MESSAGE][INFO] - Finding web element with id: 'Object Repository/Filtreler/Basliklar' located by 'By.cssSelector: .control-label.col-sm-4.paddingMarginRLC' in '10' second(s)

2021-10-14 17:21:32 - [MESSAGE][INFO] - Smart Wait Function is triggered

2021-10-14 17:21:32 - [MESSAGE][INFO] - Found 20 web elements with id: 'Object Repository/Filtreler/Basliklar' located by 'By.cssSelector: .control-label.col-sm-4.paddingMarginRLC' in '10' second(s)

2021-10-14 17:21:32 - [MESSAGE][INFO] - Smart Wait Function is triggered

2021-10-14 17:21:32 - [MESSAGE][PASSED] - Method.TextDegerineEsitElementinAltindakineTikla is PASSED

2021-10-14 17:21:32 - [TEST_STEP][PASSED] - Method.TextDegerineEsitElementinAltindakiTextboxtaYaz(findTestObject("Filtreler/Basliklar"), findTestObject("Object Repository/Filtreler/Basliga_Gore_Bitis"), Filtre_Adi, Filtre_Degeri): Method.TextDegerineEsitElementinAltindakiTextboxtaYaz is PASSED

2021-10-14 17:21:32 - [MESSAGE][INFO] - Finding Test Object 'Object Repository/Filtreler/Basliklar'

2021-10-14 17:21:33 - [MESSAGE][INFO] - Finding Test Object 'Object Repository/Filtreler/Basliga_Gore_Bitis'

2021-10-14 17:21:33 - [MESSAGE][INFO] - Checking timeout

2021-10-14 17:21:33 - [MESSAGE][INFO] - Finding web element with id: 'Object Repository/Filtreler/Basliklar' located by 'By.cssSelector: .control-label.col-sm-4.paddingMarginRLC' in '10' second(s)

2021-10-14 17:21:33 - [MESSAGE][INFO] - Smart Wait Function is triggered

2021-10-14 17:21:33 - [MESSAGE][INFO] - Found 20 web elements with id: 'Object Repository/Filtreler/Basliklar' located by 'By.cssSelector: .control-label.col-sm-4.paddingMarginRLC' in '10' second(s)

2021-10-14 17:21:33 - [MESSAGE][INFO] - Smart Wait Function is triggered

2021-10-14 17:21:34 - [MESSAGE][PASSED] - Method.TextDegerineEsitElementinAltindakiTextboxtaYaz is PASSED

2021-10-14 17:21:34 - [MESSAGE][PASSED] - Call Test Case 'Test Cases/Filtreler/BitisYaz' successfully

2021-10-14 17:21:34 - [MESSAGE][INFO] - Checking called Test Case

2021-10-14 17:21:34 - [MESSAGE][INFO] - Starting to call Test Case 'Test Cases/Filtreler/ButonaTikla'

2021-10-14 17:21:34 - [TEST_CASE][PASSED] - Test Cases/Filtreler/ButonaTikla: Test Cases/Filtreler/ButonaTikla

2021-10-14 17:21:34 - [TEST_STEP][PASSED] - Method.TextDegerineEsitElementeTikla(findTestObject("Filtreler/Butonlar"), Filtre_Buton): Method.TextDegerineEsitElementeTikla is PASSED

2021-10-14 17:21:34 - [MESSAGE][INFO] - Finding Test Object 'Object Repository/Filtreler/Butonlar'

2021-10-14 17:21:34 - [MESSAGE][INFO] - Checking timeout

2021-10-14 17:21:34 - [MESSAGE][INFO] - Finding web element with id: 'Object Repository/Filtreler/Butonlar' located by 'By.cssSelector: .dxb>span' in '10' second(s)

2021-10-14 17:21:34 - [MESSAGE][INFO] - Smart Wait Function is triggered

2021-10-14 17:21:34 - [MESSAGE][INFO] - Found 3 web elements with id: 'Object Repository/Filtreler/Butonlar' located by 'By.cssSelector: .dxb>span' in '10' second(s)

2021-10-14 17:21:34 - [MESSAGE][PASSED] - Method.TextDegerineEsitElementeTikla is PASSED

2021-10-14 17:21:34 - [MESSAGE][PASSED] - Call Test Case 'Test Cases/Filtreler/ButonaTikla' successfully

2021-10-14 17:21:34 - [MESSAGE][INFO] - Checking called Test Case

2021-10-14 17:21:34 - [MESSAGE][INFO] - Starting to call Test Case 'Test Cases/Filtreler/ListelenenOgeSayisi'

2021-10-14 17:21:34 - [TEST_CASE][PASSED] - Test Cases/Filtreler/ListelenenOgeSayisi: Test Cases/Filtreler/ListelenenOgeSayisi

2021-10-14 17:21:34 - [TEST_STEP][PASSED] - waitForElementPresent(findTestObject("Filtreler/OgeSayisi"), 10): Object 'Object Repository/Filtreler/OgeSayisi' is present

2021-10-14 17:21:34 - [MESSAGE][INFO] - Finding Test Object 'Object Repository/Filtreler/OgeSayisi'

2021-10-14 17:21:34 - [MESSAGE][INFO] - Checking object

2021-10-14 17:21:34 - [MESSAGE][INFO] - Finding web element from Test Object's properties

2021-10-14 17:21:34 - [MESSAGE][INFO] - Checking timeout

2021-10-14 17:21:34 - [MESSAGE][INFO] - Finding web element with id: 'Object Repository/Filtreler/OgeSayisi' located by 'By.cssSelector: .dxp-lead.dxp-summary' in '10' second(s)

2021-10-14 17:21:34 - [MESSAGE][INFO] - Smart Wait Function is triggered

2021-10-14 17:21:35 - [MESSAGE][INFO] - Found 1 web elements with id: 'Object Repository/Filtreler/OgeSayisi' located by 'By.cssSelector: .dxp-lead.dxp-summary' in '10' second(s)

2021-10-14 17:21:35 - [MESSAGE][PASSED] - Object 'Object Repository/Filtreler/OgeSayisi' is present

2021-10-14 17:21:35 - [TEST_STEP][PASSED] - verifyElementText(findTestObject("Filtreler/OgeSayisi"), OgeSayisi): Actual text and expected text of test object 'Object Repository/Filtreler/OgeSayisi' are matched.

2021-10-14 17:21:35 - [MESSAGE][INFO] - Finding Test Object 'Object Repository/Filtreler/OgeSayisi'

2021-10-14 17:21:35 - [MESSAGE][INFO] - Checking object

2021-10-14 17:21:35 - [MESSAGE][INFO] - Finding web element from Test Object's properties

2021-10-14 17:21:35 - [MESSAGE][INFO] - Checking timeout

2021-10-14 17:21:35 - [MESSAGE][INFO] - Finding web element with id: 'Object Repository/Filtreler/OgeSayisi' located by 'By.cssSelector: .dxp-lead.dxp-summary' in '30' second(s)

2021-10-14 17:21:35 - [MESSAGE][INFO] - Smart Wait Function is triggered

2021-10-14 17:21:35 - [MESSAGE][INFO] - Found 1 web elements with id: 'Object Repository/Filtreler/OgeSayisi' located by 'By.cssSelector: .dxp-lead.dxp-summary' in '30' second(s)

2021-10-14 17:21:35 - [MESSAGE][PASSED] - Actual text and expected text of test object 'Object Repository/Filtreler/OgeSayisi' are matched.

2021-10-14 17:21:35 - [MESSAGE][PASSED] - Call Test Case 'Test Cases/Filtreler/ListelenenOgeSayisi' successfully

2021-10-14 17:21:35 - [MESSAGE][INFO] - Checking called Test Case

2021-10-14 17:21:35 - [MESSAGE][INFO] - Starting to call Test Case 'Test Cases/Filtreler/FiltreVarMi'

2021-10-14 17:21:36 - [TEST_CASE][PASSED] - Test Cases/Filtreler/FiltreVarMi: Test Cases/Filtreler/FiltreVarMi

2021-10-14 17:21:36 - [TEST_STEP][PASSED] - Method.TextDegerineEsitElementVarMi(findTestObject("Filtreler/Basliklar"), Filtre_alan): Method.TextDegerineEsitElementVarMi is PASSED

2021-10-14 17:21:36 - [MESSAGE][INFO] - Finding Test Object 'Object Repository/Filtreler/Basliklar'

2021-10-14 17:21:36 - [MESSAGE][INFO] - Checking timeout

2021-10-14 17:21:36 - [MESSAGE][INFO] - Finding web element with id: 'Object Repository/Filtreler/Basliklar' located by 'By.cssSelector: .control-label.col-sm-4.paddingMarginRLC' in '10' second(s)

2021-10-14 17:21:36 - [MESSAGE][INFO] - Smart Wait Function is triggered

2021-10-14 17:21:36 - [MESSAGE][INFO] - Found 20 web elements with id: 'Object Repository/Filtreler/Basliklar' located by 'By.cssSelector: .control-label.col-sm-4.paddingMarginRLC' in '10' second(s)

2021-10-14 17:21:36 - [MESSAGE][PASSED] - Method.TextDegerineEsitElementVarMi is PASSED

2021-10-14 17:21:36 - [MESSAGE][PASSED] - Call Test Case 'Test Cases/Filtreler/FiltreVarMi' successfully

2021-10-14 17:21:36 - [MESSAGE][INFO] - Checking called Test Case

2021-10-14 17:21:36 - [MESSAGE][INFO] - Starting to call Test Case 'Test Cases/Filtreler/FiltreVarMi'

2021-10-14 17:21:36 - [TEST_CASE][PASSED] - Test Cases/Filtreler/FiltreVarMi: Test Cases/Filtreler/FiltreVarMi

2021-10-14 17:21:36 - [TEST_STEP][PASSED] - Method.TextDegerineEsitElementVarMi(findTestObject("Filtreler/Basliklar"), Filtre_alan): Method.TextDegerineEsitElementVarMi is PASSED

2021-10-14 17:21:36 - [MESSAGE][INFO] - Finding Test Object 'Object Repository/Filtreler/Basliklar'

2021-10-14 17:21:36 - [MESSAGE][INFO] - Checking timeout

2021-10-14 17:21:36 - [MESSAGE][INFO] - Finding web element with id: 'Object Repository/Filtreler/Basliklar' located by 'By.cssSelector: .control-label.col-sm-4.paddingMarginRLC' in '10' second(s)

2021-10-14 17:21:36 - [MESSAGE][INFO] - Smart Wait Function is triggered

2021-10-14 17:21:36 - [MESSAGE][INFO] - Found 20 web elements with id: 'Object Repository/Filtreler/Basliklar' located by 'By.cssSelector: .control-label.col-sm-4.paddingMarginRLC' in '10' second(s)

2021-10-14 17:21:36 - [MESSAGE][PASSED] - Method.TextDegerineEsitElementVarMi is PASSED

2021-10-14 17:21:36 - [MESSAGE][PASSED] - Call Test Case 'Test Cases/Filtreler/FiltreVarMi' successfully

2021-10-14 17:21:36 - [MESSAGE][INFO] - Checking called Test Case

2021-10-14 17:21:36 - [MESSAGE][INFO] - Starting to call Test Case 'Test Cases/Filtreler/FiltreVarMi'

2021-10-14 17:21:36 - [TEST_CASE][PASSED] - Test Cases/Filtreler/FiltreVarMi: Test Cases/Filtreler/FiltreVarMi

2021-10-14 17:21:36 - [TEST_STEP][PASSED] - Method.TextDegerineEsitElementVarMi(findTestObject("Filtreler/Basliklar"), Filtre_alan): Method.TextDegerineEsitElementVarMi is PASSED

2021-10-14 17:21:36 - [MESSAGE][INFO] - Finding Test Object 'Object Repository/Filtreler/Basliklar'

2021-10-14 17:21:37 - [MESSAGE][INFO] - Checking timeout

2021-10-14 17:21:37 - [MESSAGE][INFO] - Finding web element with id: 'Object Repository/Filtreler/Basliklar' located by 'By.cssSelector: .control-label.col-sm-4.paddingMarginRLC' in '10' second(s)

2021-10-14 17:21:37 - [MESSAGE][INFO] - Smart Wait Function is triggered

2021-10-14 17:21:37 - [MESSAGE][INFO] - Found 20 web elements with id: 'Object Repository/Filtreler/Basliklar' located by 'By.cssSelector: .control-label.col-sm-4.paddingMarginRLC' in '10' second(s)

2021-10-14 17:21:37 - [MESSAGE][PASSED] - Method.TextDegerineEsitElementVarMi is PASSED

2021-10-14 17:21:37 - [MESSAGE][PASSED] - Call Test Case 'Test Cases/Filtreler/FiltreVarMi' successfully

2021-10-14 17:21:37 - [MESSAGE][INFO] - Checking called Test Case

2021-10-14 17:21:37 - [MESSAGE][INFO] - Starting to call Test Case 'Test Cases/Filtreler/FiltreVarMi'

2021-10-14 17:21:37 - [TEST_CASE][PASSED] - Test Cases/Filtreler/FiltreVarMi: Test Cases/Filtreler/FiltreVarMi

2021-10-14 17:21:37 - [TEST_STEP][PASSED] - Method.TextDegerineEsitElementVarMi(findTestObject("Filtreler/Basliklar"), Filtre_alan): Method.TextDegerineEsitElementVarMi is PASSED

2021-10-14 17:21:37 - [MESSAGE][INFO] - Finding Test Object 'Object Repository/Filtreler/Basliklar'

2021-10-14 17:21:37 - [MESSAGE][INFO] - Checking timeout

2021-10-14 17:21:37 - [MESSAGE][INFO] - Finding web element with id: 'Object Repository/Filtreler/Basliklar' located by 'By.cssSelector: .control-label.col-sm-4.paddingMarginRLC' in '10' second(s)

2021-10-14 17:21:37 - [MESSAGE][INFO] - Smart Wait Function is triggered

2021-10-14 17:21:37 - [MESSAGE][INFO] - Found 20 web elements with id: 'Object Repository/Filtreler/Basliklar' located by 'By.cssSelector: .control-label.col-sm-4.paddingMarginRLC' in '10' second(s)

2021-10-14 17:21:38 - [MESSAGE][PASSED] - Method.TextDegerineEsitElementVarMi is PASSED

2021-10-14 17:21:38 - [MESSAGE][PASSED] - Call Test Case 'Test Cases/Filtreler/FiltreVarMi' successfully

2021-10-14 17:21:38 - [MESSAGE][INFO] - Checking called Test Case

2021-10-14 17:21:38 - [MESSAGE][INFO] - Starting to call Test Case 'Test Cases/Filtreler/FiltreVarMi'

2021-10-14 17:21:38 - [TEST_CASE][PASSED] - Test Cases/Filtreler/FiltreVarMi: Test Cases/Filtreler/FiltreVarMi

2021-10-14 17:21:38 - [TEST_STEP][PASSED] - Method.TextDegerineEsitElementVarMi(findTestObject("Filtreler/Basliklar"), Filtre_alan): Method.TextDegerineEsitElementVarMi is PASSED

2021-10-14 17:21:38 - [MESSAGE][INFO] - Finding Test Object 'Object Repository/Filtreler/Basliklar'

2021-10-14 17:21:38 - [MESSAGE][INFO] - Checking timeout

2021-10-14 17:21:38 - [MESSAGE][INFO] - Finding web element with id: 'Object Repository/Filtreler/Basliklar' located by 'By.cssSelector: .control-label.col-sm-4.paddingMarginRLC' in '10' second(s)

2021-10-14 17:21:38 - [MESSAGE][INFO] - Smart Wait Function is triggered

2021-10-14 17:21:38 - [MESSAGE][INFO] - Found 20 web elements with id: 'Object Repository/Filtreler/Basliklar' located by 'By.cssSelector: .control-label.col-sm-4.paddingMarginRLC' in '10' second(s)

2021-10-14 17:21:38 - [MESSAGE][PASSED] - Method.TextDegerineEsitElementVarMi is PASSED

2021-10-14 17:21:38 - [MESSAGE][PASSED] - Call Test Case 'Test Cases/Filtreler/FiltreVarMi' successfully

2021-10-14 17:21:38 - [MESSAGE][INFO] - Checking called Test Case

2021-10-14 17:21:38 - [MESSAGE][INFO] - Starting to call Test Case 'Test Cases/Filtreler/FiltreVarMi'

2021-10-14 17:21:38 - [TEST_CASE][PASSED] - Test Cases/Filtreler/FiltreVarMi: Test Cases/Filtreler/FiltreVarMi

2021-10-14 17:21:38 - [TEST_STEP][PASSED] - Method.TextDegerineEsitElementVarMi(findTestObject("Filtreler/Basliklar"), Filtre_alan): Method.TextDegerineEsitElementVarMi is PASSED

2021-10-14 17:21:38 - [MESSAGE][INFO] - Finding Test Object 'Object Repository/Filtreler/Basliklar'

2021-10-14 17:21:38 - [MESSAGE][INFO] - Checking timeout

2021-10-14 17:21:38 - [MESSAGE][INFO] - Finding web element with id: 'Object Repository/Filtreler/Basliklar' located by 'By.cssSelector: .control-label.col-sm-4.paddingMarginRLC' in '10' second(s)

2021-10-14 17:21:38 - [MESSAGE][INFO] - Smart Wait Function is triggered

2021-10-14 17:21:39 - [MESSAGE][INFO] - Found 20 web elements with id: 'Object Repository/Filtreler/Basliklar' located by 'By.cssSelector: .control-label.col-sm-4.paddingMarginRLC' in '10' second(s)

2021-10-14 17:21:39 - [MESSAGE][PASSED] - Method.TextDegerineEsitElementVarMi is PASSED

2021-10-14 17:21:39 - [MESSAGE][PASSED] - Call Test Case 'Test Cases/Filtreler/FiltreVarMi' successfully

2021-10-14 17:21:39 - [MESSAGE][INFO] - Checking called Test Case

2021-10-14 17:21:39 - [MESSAGE][INFO] - Starting to call Test Case 'Test Cases/Filtreler/FiltreVarMi'

2021-10-14 17:21:39 - [TEST_CASE][PASSED] - Test Cases/Filtreler/FiltreVarMi: Test Cases/Filtreler/FiltreVarMi

2021-10-14 17:21:39 - [TEST_STEP][PASSED] - Method.TextDegerineEsitElementVarMi(findTestObject("Filtreler/Basliklar"), Filtre_alan): Method.TextDegerineEsitElementVarMi is PASSED

2021-10-14 17:21:39 - [MESSAGE][INFO] - Finding Test Object 'Object Repository/Filtreler/Basliklar'

2021-10-14 17:21:39 - [MESSAGE][INFO] - Checking timeout

2021-10-14 17:21:39 - [MESSAGE][INFO] - Finding web element with id: 'Object Repository/Filtreler/Basliklar' located by 'By.cssSelector: .control-label.col-sm-4.paddingMarginRLC' in '10' second(s)

2021-10-14 17:21:39 - [MESSAGE][INFO] - Smart Wait Function is triggered

2021-10-14 17:21:39 - [MESSAGE][INFO] - Found 20 web elements with id: 'Object Repository/Filtreler/Basliklar' located by 'By.cssSelector: .control-label.col-sm-4.paddingMarginRLC' in '10' second(s)

2021-10-14 17:21:40 - [MESSAGE][PASSED] - Method.TextDegerineEsitElementVarMi is PASSED

2021-10-14 17:21:40 - [MESSAGE][PASSED] - Call Test Case 'Test Cases/Filtreler/FiltreVarMi' successfully

2021-10-14 17:21:40 - [MESSAGE][INFO] - Checking called Test Case

2021-10-14 17:21:40 - [MESSAGE][INFO] - Starting to call Test Case 'Test Cases/Filtreler/FiltreVarMi'

2021-10-14 17:21:40 - [TEST_CASE][PASSED] - Test Cases/Filtreler/FiltreVarMi: Test Cases/Filtreler/FiltreVarMi

2021-10-14 17:21:40 - [TEST_STEP][PASSED] - Method.TextDegerineEsitElementVarMi(findTestObject("Filtreler/Basliklar"), Filtre_alan): Method.TextDegerineEsitElementVarMi is PASSED

2021-10-14 17:21:40 - [MESSAGE][INFO] - Finding Test Object 'Object Repository/Filtreler/Basliklar'

2021-10-14 17:21:40 - [MESSAGE][INFO] - Checking timeout

2021-10-14 17:21:40 - [MESSAGE][INFO] - Finding web element with id: 'Object Repository/Filtreler/Basliklar' located by 'By.cssSelector: .control-label.col-sm-4.paddingMarginRLC' in '10' second(s)

2021-10-14 17:21:40 - [MESSAGE][INFO] - Smart Wait Function is triggered

2021-10-14 17:21:40 - [MESSAGE][INFO] - Found 20 web elements with id: 'Object Repository/Filtreler/Basliklar' located by 'By.cssSelector: .control-label.col-sm-4.paddingMarginRLC' in '10' second(s)

2021-10-14 17:21:40 - [MESSAGE][PASSED] - Method.TextDegerineEsitElementVarMi is PASSED

2021-10-14 17:21:40 - [MESSAGE][PASSED] - Call Test Case 'Test Cases/Filtreler/FiltreVarMi' successfully

2021-10-14 17:21:40 - [MESSAGE][INFO] - Checking called Test Case

2021-10-14 17:21:40 - [MESSAGE][INFO] - Starting to call Test Case 'Test Cases/Filtreler/FiltreVarMi'

2021-10-14 17:21:40 - [TEST_CASE][PASSED] - Test Cases/Filtreler/FiltreVarMi: Test Cases/Filtreler/FiltreVarMi

2021-10-14 17:21:40 - [TEST_STEP][PASSED] - Method.TextDegerineEsitElementVarMi(findTestObject("Filtreler/Basliklar"), Filtre_alan): Method.TextDegerineEsitElementVarMi is PASSED

2021-10-14 17:21:40 - [MESSAGE][INFO] - Finding Test Object 'Object Repository/Filtreler/Basliklar'

2021-10-14 17:21:40 - [MESSAGE][INFO] - Checking timeout

2021-10-14 17:21:40 - [MESSAGE][INFO] - Finding web element with id: 'Object Repository/Filtreler/Basliklar' located by 'By.cssSelector: .control-label.col-sm-4.paddingMarginRLC' in '10' second(s)

2021-10-14 17:21:40 - [MESSAGE][INFO] - Smart Wait Function is triggered

2021-10-14 17:21:41 - [MESSAGE][INFO] - Found 20 web elements with id: 'Object Repository/Filtreler/Basliklar' located by 'By.cssSelector: .control-label.col-sm-4.paddingMarginRLC' in '10' second(s)

2021-10-14 17:21:41 - [MESSAGE][PASSED] - Method.TextDegerineEsitElementVarMi is PASSED

2021-10-14 17:21:41 - [MESSAGE][PASSED] - Call Test Case 'Test Cases/Filtreler/FiltreVarMi' successfully

2021-10-14 17:21:41 - [MESSAGE][INFO] - Checking called Test Case

2021-10-14 17:21:41 - [MESSAGE][INFO] - Starting to call Test Case 'Test Cases/Filtreler/FiltreVarMi'

2021-10-14 17:21:41 - [TEST_CASE][PASSED] - Test Cases/Filtreler/FiltreVarMi: Test Cases/Filtreler/FiltreVarMi

2021-10-14 17:21:41 - [TEST_STEP][PASSED] - Method.TextDegerineEsitElementVarMi(findTestObject("Filtreler/Basliklar"), Filtre_alan): Method.TextDegerineEsitElementVarMi is PASSED

2021-10-14 17:21:41 - [MESSAGE][INFO] - Finding Test Object 'Object Repository/Filtreler/Basliklar'

2021-10-14 17:21:41 - [MESSAGE][INFO] - Checking timeout

2021-10-14 17:21:41 - [MESSAGE][INFO] - Finding web element with id: 'Object Repository/Filtreler/Basliklar' located by 'By.cssSelector: .control-label.col-sm-4.paddingMarginRLC' in '10' second(s)

2021-10-14 17:21:41 - [MESSAGE][INFO] - Smart Wait Function is triggered

2021-10-14 17:21:41 - [MESSAGE][INFO] - Found 20 web elements with id: 'Object Repository/Filtreler/Basliklar' located by 'By.cssSelector: .control-label.col-sm-4.paddingMarginRLC' in '10' second(s)

2021-10-14 17:21:41 - [MESSAGE][PASSED] - Method.TextDegerineEsitElementVarMi is PASSED

2021-10-14 17:21:41 - [MESSAGE][PASSED] - Call Test Case 'Test Cases/Filtreler/FiltreVarMi' successfully

2021-10-14 17:21:41 - [MESSAGE][INFO] - Checking called Test Case

2021-10-14 17:21:41 - [MESSAGE][INFO] - Starting to call Test Case 'Test Cases/Filtreler/FiltreVarMi'

2021-10-14 17:21:41 - [TEST_CASE][PASSED] - Test Cases/Filtreler/FiltreVarMi: Test Cases/Filtreler/FiltreVarMi

2021-10-14 17:21:41 - [TEST_STEP][PASSED] - Method.TextDegerineEsitElementVarMi(findTestObject("Filtreler/Basliklar"), Filtre_alan): Method.TextDegerineEsitElementVarMi is PASSED

2021-10-14 17:21:41 - [MESSAGE][INFO] - Finding Test Object 'Object Repository/Filtreler/Basliklar'

2021-10-14 17:21:41 - [MESSAGE][INFO] - Checking timeout

2021-10-14 17:21:41 - [MESSAGE][INFO] - Finding web element with id: 'Object Repository/Filtreler/Basliklar' located by 'By.cssSelector: .control-label.col-sm-4.paddingMarginRLC' in '10' second(s)

2021-10-14 17:21:41 - [MESSAGE][INFO] - Smart Wait Function is triggered

2021-10-14 17:21:42 - [MESSAGE][INFO] - Found 20 web elements with id: 'Object Repository/Filtreler/Basliklar' located by 'By.cssSelector: .control-label.col-sm-4.paddingMarginRLC' in '10' second(s)

2021-10-14 17:21:42 - [MESSAGE][PASSED] - Method.TextDegerineEsitElementVarMi is PASSED

2021-10-14 17:21:42 - [MESSAGE][PASSED] - Call Test Case 'Test Cases/Filtreler/FiltreVarMi' successfully

2021-10-14 17:21:42 - [MESSAGE][INFO] - Checking called Test Case

2021-10-14 17:21:42 - [MESSAGE][INFO] - Starting to call Test Case 'Test Cases/Filtreler/FiltreVarMi'

2021-10-14 17:21:42 - [TEST_CASE][PASSED] - Test Cases/Filtreler/FiltreVarMi: Test Cases/Filtreler/FiltreVarMi

2021-10-14 17:21:42 - [TEST_STEP][PASSED] - Method.TextDegerineEsitElementVarMi(findTestObject("Filtreler/Basliklar"), Filtre_alan): Method.TextDegerineEsitElementVarMi is PASSED

2021-10-14 17:21:42 - [MESSAGE][INFO] - Finding Test Object 'Object Repository/Filtreler/Basliklar'

2021-10-14 17:21:42 - [MESSAGE][INFO] - Checking timeout

2021-10-14 17:21:42 - [MESSAGE][INFO] - Finding web element with id: 'Object Repository/Filtreler/Basliklar' located by 'By.cssSelector: .control-label.col-sm-4.paddingMarginRLC' in '10' second(s)

2021-10-14 17:21:42 - [MESSAGE][INFO] - Smart Wait Function is triggered

2021-10-14 17:21:42 - [MESSAGE][INFO] - Found 20 web elements with id: 'Object Repository/Filtreler/Basliklar' located by 'By.cssSelector: .control-label.col-sm-4.paddingMarginRLC' in '10' second(s)

2021-10-14 17:21:42 - [MESSAGE][PASSED] - Method.TextDegerineEsitElementVarMi is PASSED

2021-10-14 17:21:42 - [MESSAGE][PASSED] - Call Test Case 'Test Cases/Filtreler/FiltreVarMi' successfully

2021-10-14 17:21:42 - [MESSAGE][INFO] - Checking called Test Case

2021-10-14 17:21:42 - [MESSAGE][INFO] - Starting to call Test Case 'Test Cases/Filtreler/FiltreVarMi'

2021-10-14 17:21:42 - [TEST_CASE][PASSED] - Test Cases/Filtreler/FiltreVarMi: Test Cases/Filtreler/FiltreVarMi

2021-10-14 17:21:42 - [TEST_STEP][PASSED] - Method.TextDegerineEsitElementVarMi(findTestObject("Filtreler/Basliklar"), Filtre_alan): Method.TextDegerineEsitElementVarMi is PASSED

2021-10-14 17:21:42 - [MESSAGE][INFO] - Finding Test Object 'Object Repository/Filtreler/Basliklar'

2021-10-14 17:21:42 - [MESSAGE][INFO] - Checking timeout

2021-10-14 17:21:42 - [MESSAGE][INFO] - Finding web element with id: 'Object Repository/Filtreler/Basliklar' located by 'By.cssSelector: .control-label.col-sm-4.paddingMarginRLC' in '10' second(s)

2021-10-14 17:21:42 - [MESSAGE][INFO] - Smart Wait Function is triggered

2021-10-14 17:21:43 - [MESSAGE][INFO] - Found 20 web elements with id: 'Object Repository/Filtreler/Basliklar' located by 'By.cssSelector: .control-label.col-sm-4.paddingMarginRLC' in '10' second(s)

2021-10-14 17:21:43 - [MESSAGE][PASSED] - Method.TextDegerineEsitElementVarMi is PASSED

2021-10-14 17:21:43 - [MESSAGE][PASSED] - Call Test Case 'Test Cases/Filtreler/FiltreVarMi' successfully

2021-10-14 17:21:43 - [MESSAGE][INFO] - Checking called Test Case

2021-10-14 17:21:43 - [MESSAGE][INFO] - Starting to call Test Case 'Test Cases/Filtreler/FiltreVarMi'

2021-10-14 17:21:43 - [TEST_CASE][PASSED] - Test Cases/Filtreler/FiltreVarMi: Test Cases/Filtreler/FiltreVarMi

2021-10-14 17:21:43 - [TEST_STEP][PASSED] - Method.TextDegerineEsitElementVarMi(findTestObject("Filtreler/Basliklar"), Filtre_alan): Method.TextDegerineEsitElementVarMi is PASSED

2021-10-14 17:21:43 - [MESSAGE][INFO] - Finding Test Object 'Object Repository/Filtreler/Basliklar'

2021-10-14 17:21:43 - [MESSAGE][INFO] - Checking timeout

2021-10-14 17:21:43 - [MESSAGE][INFO] - Finding web element with id: 'Object Repository/Filtreler/Basliklar' located by 'By.cssSelector: .control-label.col-sm-4.paddingMarginRLC' in '10' second(s)

2021-10-14 17:21:43 - [MESSAGE][INFO] - Smart Wait Function is triggered

2021-10-14 17:21:43 - [MESSAGE][INFO] - Found 20 web elements with id: 'Object Repository/Filtreler/Basliklar' located by 'By.cssSelector: .control-label.col-sm-4.paddingMarginRLC' in '10' second(s)

2021-10-14 17:21:43 - [MESSAGE][PASSED] - Method.TextDegerineEsitElementVarMi is PASSED

2021-10-14 17:21:43 - [MESSAGE][PASSED] - Call Test Case 'Test Cases/Filtreler/FiltreVarMi' successfully

2021-10-14 17:21:43 - [MESSAGE][INFO] - Checking called Test Case

2021-10-14 17:21:43 - [MESSAGE][INFO] - Starting to call Test Case 'Test Cases/Filtreler/FiltreVarMi'

2021-10-14 17:21:43 - [TEST_CASE][PASSED] - Test Cases/Filtreler/FiltreVarMi: Test Cases/Filtreler/FiltreVarMi

2021-10-14 17:21:43 - [TEST_STEP][PASSED] - Method.TextDegerineEsitElementVarMi(findTestObject("Filtreler/Basliklar"), Filtre_alan): Method.TextDegerineEsitElementVarMi is PASSED

2021-10-14 17:21:43 - [MESSAGE][INFO] - Finding Test Object 'Object Repository/Filtreler/Basliklar'

2021-10-14 17:21:43 - [MESSAGE][INFO] - Checking timeout

2021-10-14 17:21:43 - [MESSAGE][INFO] - Finding web element with id: 'Object Repository/Filtreler/Basliklar' located by 'By.cssSelector: .control-label.col-sm-4.paddingMarginRLC' in '10' second(s)

2021-10-14 17:21:43 - [MESSAGE][INFO] - Smart Wait Function is triggered

2021-10-14 17:21:44 - [MESSAGE][INFO] - Found 20 web elements with id: 'Object Repository/Filtreler/Basliklar' located by 'By.cssSelector: .control-label.col-sm-4.paddingMarginRLC' in '10' second(s)

2021-10-14 17:21:44 - [MESSAGE][PASSED] - Method.TextDegerineEsitElementVarMi is PASSED

2021-10-14 17:21:44 - [MESSAGE][PASSED] - Call Test Case 'Test Cases/Filtreler/FiltreVarMi' successfully

2021-10-14 17:21:44 - [MESSAGE][INFO] - Checking called Test Case

2021-10-14 17:21:44 - [MESSAGE][INFO] - Starting to call Test Case 'Test Cases/Filtreler/FiltreVarMi'

2021-10-14 17:21:44 - [TEST_CASE][PASSED] - Test Cases/Filtreler/FiltreVarMi: Test Cases/Filtreler/FiltreVarMi

2021-10-14 17:21:44 - [TEST_STEP][PASSED] - Method.TextDegerineEsitElementVarMi(findTestObject("Filtreler/Basliklar"), Filtre_alan): Method.TextDegerineEsitElementVarMi is PASSED

2021-10-14 17:21:44 - [MESSAGE][INFO] - Finding Test Object 'Object Repository/Filtreler/Basliklar'

2021-10-14 17:21:44 - [MESSAGE][INFO] - Checking timeout

2021-10-14 17:21:44 - [MESSAGE][INFO] - Finding web element with id: 'Object Repository/Filtreler/Basliklar' located by 'By.cssSelector: .control-label.col-sm-4.paddingMarginRLC' in '10' second(s)

2021-10-14 17:21:44 - [MESSAGE][INFO] - Smart Wait Function is triggered

2021-10-14 17:21:44 - [MESSAGE][INFO] - Found 20 web elements with id: 'Object Repository/Filtreler/Basliklar' located by 'By.cssSelector: .control-label.col-sm-4.paddingMarginRLC' in '10' second(s)

2021-10-14 17:21:44 - [MESSAGE][PASSED] - Method.TextDegerineEsitElementVarMi is PASSED

2021-10-14 17:21:44 - [MESSAGE][PASSED] - Call Test Case 'Test Cases/Filtreler/FiltreVarMi' successfully

2021-10-14 17:21:44 - [MESSAGE][INFO] - Checking called Test Case

2021-10-14 17:21:44 - [MESSAGE][INFO] - Starting to call Test Case 'Test Cases/Filtreler/FiltreVarMi'

2021-10-14 17:21:44 - [TEST_CASE][PASSED] - Test Cases/Filtreler/FiltreVarMi: Test Cases/Filtreler/FiltreVarMi

2021-10-14 17:21:44 - [TEST_STEP][PASSED] - Method.TextDegerineEsitElementVarMi(findTestObject("Filtreler/Basliklar"), Filtre_alan): Method.TextDegerineEsitElementVarMi is PASSED

2021-10-14 17:21:44 - [MESSAGE][INFO] - Finding Test Object 'Object Repository/Filtreler/Basliklar'

2021-10-14 17:21:45 - [MESSAGE][INFO] - Checking timeout

2021-10-14 17:21:45 - [MESSAGE][INFO] - Finding web element with id: 'Object Repository/Filtreler/Basliklar' located by 'By.cssSelector: .control-label.col-sm-4.paddingMarginRLC' in '10' second(s)

2021-10-14 17:21:45 - [MESSAGE][INFO] - Smart Wait Function is triggered

2021-10-14 17:21:45 - [MESSAGE][INFO] - Found 20 web elements with id: 'Object Repository/Filtreler/Basliklar' located by 'By.cssSelector: .control-label.col-sm-4.paddingMarginRLC' in '10' second(s)

2021-10-14 17:21:45 - [MESSAGE][PASSED] - Method.TextDegerineEsitElementVarMi is PASSED

2021-10-14 17:21:45 - [MESSAGE][PASSED] - Call Test Case 'Test Cases/Filtreler/FiltreVarMi' successfully

2021-10-14 17:21:45 - [MESSAGE][INFO] - Checking called Test Case

2021-10-14 17:21:45 - [MESSAGE][INFO] - Starting to call Test Case 'Test Cases/Filtreler/FiltreVarMi'

2021-10-14 17:21:45 - [TEST_CASE][PASSED] - Test Cases/Filtreler/FiltreVarMi: Test Cases/Filtreler/FiltreVarMi

2021-10-14 17:21:45 - [TEST_STEP][PASSED] - Method.TextDegerineEsitElementVarMi(findTestObject("Filtreler/Basliklar"), Filtre_alan): Method.TextDegerineEsitElementVarMi is PASSED

2021-10-14 17:21:45 - [MESSAGE][INFO] - Finding Test Object 'Object Repository/Filtreler/Basliklar'

2021-10-14 17:21:45 - [MESSAGE][INFO] - Checking timeout

2021-10-14 17:21:45 - [MESSAGE][INFO] - Finding web element with id: 'Object Repository/Filtreler/Basliklar' located by 'By.cssSelector: .control-label.col-sm-4.paddingMarginRLC' in '10' second(s)

2021-10-14 17:21:45 - [MESSAGE][INFO] - Smart Wait Function is triggered

2021-10-14 17:21:45 - [MESSAGE][INFO] - Found 20 web elements with id: 'Object Repository/Filtreler/Basliklar' located by 'By.cssSelector: .control-label.col-sm-4.paddingMarginRLC' in '10' second(s)

2021-10-14 17:21:45 - [MESSAGE][PASSED] - Method.TextDegerineEsitElementVarMi is PASSED

2021-10-14 17:21:45 - [MESSAGE][PASSED] - Call Test Case 'Test Cases/Filtreler/FiltreVarMi' successfully

2021-10-14 17:21:45 - [MESSAGE][INFO] - Checking called Test Case

2021-10-14 17:21:45 - [MESSAGE][INFO] - Starting to call Test Case 'Test Cases/Filtreler/ButonVarMi'

2021-10-14 17:21:45 - [TEST_CASE][PASSED] - Test Cases/Filtreler/ButonVarMi: Test Cases/Filtreler/ButonVarMi

2021-10-14 17:21:45 - [TEST_STEP][PASSED] - Method.TextDegerineEsitElementVarMi(findTestObject("Filtreler/Butonlar"), Filtre_Buton): Method.TextDegerineEsitElementVarMi is PASSED

2021-10-14 17:21:45 - [MESSAGE][INFO] - Finding Test Object 'Object Repository/Filtreler/Butonlar'

2021-10-14 17:21:46 - [MESSAGE][INFO] - Checking timeout

2021-10-14 17:21:46 - [MESSAGE][INFO] - Finding web element with id: 'Object Repository/Filtreler/Butonlar' located by 'By.cssSelector: .dxb>span' in '10' second(s)

2021-10-14 17:21:46 - [MESSAGE][INFO] - Smart Wait Function is triggered

2021-10-14 17:21:46 - [MESSAGE][INFO] - Found 3 web elements with id: 'Object Repository/Filtreler/Butonlar' located by 'By.cssSelector: .dxb>span' in '10' second(s)

2021-10-14 17:21:46 - [MESSAGE][PASSED] - Method.TextDegerineEsitElementVarMi is PASSED

2021-10-14 17:21:46 - [MESSAGE][PASSED] - Call Test Case 'Test Cases/Filtreler/ButonVarMi' successfully

2021-10-14 17:21:46 - [MESSAGE][INFO] - Checking called Test Case

2021-10-14 17:21:46 - [MESSAGE][INFO] - Starting to call Test Case 'Test Cases/Filtreler/ButonVarMi'

2021-10-14 17:21:46 - [TEST_CASE][PASSED] - Test Cases/Filtreler/ButonVarMi: Test Cases/Filtreler/ButonVarMi

2021-10-14 17:21:46 - [TEST_STEP][PASSED] - Method.TextDegerineEsitElementVarMi(findTestObject("Filtreler/Butonlar"), Filtre_Buton): Method.TextDegerineEsitElementVarMi is PASSED

2021-10-14 17:21:46 - [MESSAGE][INFO] - Finding Test Object 'Object Repository/Filtreler/Butonlar'

2021-10-14 17:21:46 - [MESSAGE][INFO] - Checking timeout

2021-10-14 17:21:46 - [MESSAGE][INFO] - Finding web element with id: 'Object Repository/Filtreler/Butonlar' located by 'By.cssSelector: .dxb>span' in '10' second(s)

2021-10-14 17:21:46 - [MESSAGE][INFO] - Smart Wait Function is triggered

2021-10-14 17:21:46 - [MESSAGE][INFO] - Found 3 web elements with id: 'Object Repository/Filtreler/Butonlar' located by 'By.cssSelector: .dxb>span' in '10' second(s)

2021-10-14 17:21:46 - [MESSAGE][PASSED] - Method.TextDegerineEsitElementVarMi is PASSED

2021-10-14 17:21:46 - [MESSAGE][PASSED] - Call Test Case 'Test Cases/Filtreler/ButonVarMi' successfully

2021-10-14 17:21:46 - [MESSAGE][INFO] - Checking called Test Case

2021-10-14 17:21:46 - [MESSAGE][INFO] - Starting to call Test Case 'Test Cases/Filtreler/ButonVarMi'

2021-10-14 17:21:46 - [TEST_CASE][PASSED] - Test Cases/Filtreler/ButonVarMi: Test Cases/Filtreler/ButonVarMi

2021-10-14 17:21:46 - [TEST_STEP][PASSED] - Method.TextDegerineEsitElementVarMi(findTestObject("Filtreler/Butonlar"), Filtre_Buton): Method.TextDegerineEsitElementVarMi is PASSED

2021-10-14 17:21:46 - [MESSAGE][INFO] - Finding Test Object 'Object Repository/Filtreler/Butonlar'

2021-10-14 17:21:46 - [MESSAGE][INFO] - Checking timeout

2021-10-14 17:21:46 - [MESSAGE][INFO] - Finding web element with id: 'Object Repository/Filtreler/Butonlar' located by 'By.cssSelector: .dxb>span' in '10' second(s)

2021-10-14 17:21:46 - [MESSAGE][INFO] - Smart Wait Function is triggered

2021-10-14 17:21:47 - [MESSAGE][INFO] - Found 3 web elements with id: 'Object Repository/Filtreler/Butonlar' located by 'By.cssSelector: .dxb>span' in '10' second(s)

2021-10-14 17:21:47 - [MESSAGE][PASSED] - Method.TextDegerineEsitElementVarMi is PASSED

2021-10-14 17:21:47 - [MESSAGE][PASSED] - Call Test Case 'Test Cases/Filtreler/ButonVarMi' successfully

2021-10-14 17:21:47 - [MESSAGE][INFO] - Checking called Test Case

2021-10-14 17:21:47 - [MESSAGE][INFO] - Starting to call Test Case 'Test Cases/Butonlar/ButonVarMi'

2021-10-14 17:21:47 - [TEST_CASE][PASSED] - Test Cases/Butonlar/ButonVarMi: Test Cases/Butonlar/ButonVarMi

2021-10-14 17:21:47 - [TEST_STEP][PASSED] - Method.TextDegerineEsitElementVarMi(findTestObject("Butonlar/Butonlar"), Buton): Method.TextDegerineEsitElementVarMi is PASSED

2021-10-14 17:21:47 - [MESSAGE][INFO] - Finding Test Object 'Object Repository/Butonlar/Butonlar'

2021-10-14 17:21:47 - [MESSAGE][INFO] - Checking timeout

2021-10-14 17:21:47 - [MESSAGE][INFO] - Finding web element with id: 'Object Repository/Butonlar/Butonlar' located by 'By.cssSelector: .panel.panel-default.text-center.footerPanel .btn,.btn.btn-primary.btnControls' in '10' second(s)

2021-10-14 17:21:47 - [MESSAGE][INFO] - Smart Wait Function is triggered

2021-10-14 17:21:47 - [MESSAGE][INFO] - Found 17 web elements with id: 'Object Repository/Butonlar/Butonlar' located by 'By.cssSelector: .panel.panel-default.text-center.footerPanel .btn,.btn.btn-primary.btnControls' in '10' second(s)

2021-10-14 17:21:47 - [MESSAGE][PASSED] - Method.TextDegerineEsitElementVarMi is PASSED

2021-10-14 17:21:47 - [MESSAGE][PASSED] - Call Test Case 'Test Cases/Butonlar/ButonVarMi' successfully

2021-10-14 17:21:47 - [MESSAGE][INFO] - Checking called Test Case

2021-10-14 17:21:47 - [MESSAGE][INFO] - Starting to call Test Case 'Test Cases/Butonlar/ButonVarMi'

2021-10-14 17:21:47 - [TEST_CASE][PASSED] - Test Cases/Butonlar/ButonVarMi: Test Cases/Butonlar/ButonVarMi

2021-10-14 17:21:47 - [TEST_STEP][PASSED] - Method.TextDegerineEsitElementVarMi(findTestObject("Butonlar/Butonlar"), Buton): Method.TextDegerineEsitElementVarMi is PASSED

2021-10-14 17:21:47 - [MESSAGE][INFO] - Finding Test Object 'Object Repository/Butonlar/Butonlar'

2021-10-14 17:21:47 - [MESSAGE][INFO] - Checking timeout

2021-10-14 17:21:47 - [MESSAGE][INFO] - Finding web element with id: 'Object Repository/Butonlar/Butonlar' located by 'By.cssSelector: .panel.panel-default.text-center.footerPanel .btn,.btn.btn-primary.btnControls' in '10' second(s)

2021-10-14 17:21:47 - [MESSAGE][INFO] - Smart Wait Function is triggered

2021-10-14 17:21:48 - [MESSAGE][INFO] - Found 17 web elements with id: 'Object Repository/Butonlar/Butonlar' located by 'By.cssSelector: .panel.panel-default.text-center.footerPanel .btn,.btn.btn-primary.btnControls' in '10' second(s)

2021-10-14 17:21:48 - [MESSAGE][PASSED] - Method.TextDegerineEsitElementVarMi is PASSED

2021-10-14 17:21:48 - [MESSAGE][PASSED] - Call Test Case 'Test Cases/Butonlar/ButonVarMi' successfully

2021-10-14 17:21:48 - [MESSAGE][INFO] - Checking called Test Case

2021-10-14 17:21:48 - [MESSAGE][INFO] - Starting to call Test Case 'Test Cases/Butonlar/ButonVarMi'

2021-10-14 17:21:48 - [TEST_CASE][PASSED] - Test Cases/Butonlar/ButonVarMi: Test Cases/Butonlar/ButonVarMi

2021-10-14 17:21:48 - [TEST_STEP][PASSED] - Method.TextDegerineEsitElementVarMi(findTestObject("Butonlar/Butonlar"), Buton): Method.TextDegerineEsitElementVarMi is PASSED

2021-10-14 17:21:48 - [MESSAGE][INFO] - Finding Test Object 'Object Repository/Butonlar/Butonlar'

2021-10-14 17:21:48 - [MESSAGE][INFO] - Checking timeout

2021-10-14 17:21:48 - [MESSAGE][INFO] - Finding web element with id: 'Object Repository/Butonlar/Butonlar' located by 'By.cssSelector: .panel.panel-default.text-center.footerPanel .btn,.btn.btn-primary.btnControls' in '10' second(s)

2021-10-14 17:21:48 - [MESSAGE][INFO] - Smart Wait Function is triggered

2021-10-14 17:21:48 - [MESSAGE][INFO] - Found 17 web elements with id: 'Object Repository/Butonlar/Butonlar' located by 'By.cssSelector: .panel.panel-default.text-center.footerPanel .btn,.btn.btn-primary.btnControls' in '10' second(s)

2021-10-14 17:21:48 - [MESSAGE][PASSED] - Method.TextDegerineEsitElementVarMi is PASSED

2021-10-14 17:21:48 - [MESSAGE][PASSED] - Call Test Case 'Test Cases/Butonlar/ButonVarMi' successfully

2021-10-14 17:21:48 - [MESSAGE][INFO] - Checking called Test Case

2021-10-14 17:21:48 - [MESSAGE][INFO] - Starting to call Test Case 'Test Cases/Butonlar/ButonVarMi'

2021-10-14 17:21:48 - [TEST_CASE][PASSED] - Test Cases/Butonlar/ButonVarMi: Test Cases/Butonlar/ButonVarMi

2021-10-14 17:21:48 - [TEST_STEP][PASSED] - Method.TextDegerineEsitElementVarMi(findTestObject("Butonlar/Butonlar"), Buton): Method.TextDegerineEsitElementVarMi is PASSED

2021-10-14 17:21:48 - [MESSAGE][INFO] - Finding Test Object 'Object Repository/Butonlar/Butonlar'

2021-10-14 17:21:48 - [MESSAGE][INFO] - Checking timeout

2021-10-14 17:21:48 - [MESSAGE][INFO] - Finding web element with id: 'Object Repository/Butonlar/Butonlar' located by 'By.cssSelector: .panel.panel-default.text-center.footerPanel .btn,.btn.btn-primary.btnControls' in '10' second(s)

2021-10-14 17:21:48 - [MESSAGE][INFO] - Smart Wait Function is triggered

2021-10-14 17:21:48 - [MESSAGE][INFO] - Found 17 web elements with id: 'Object Repository/Butonlar/Butonlar' located by 'By.cssSelector: .panel.panel-default.text-center.footerPanel .btn,.btn.btn-primary.btnControls' in '10' second(s)

2021-10-14 17:21:48 - [MESSAGE][PASSED] - Method.TextDegerineEsitElementVarMi is PASSED

2021-10-14 17:21:48 - [MESSAGE][PASSED] - Call Test Case 'Test Cases/Butonlar/ButonVarMi' successfully

2021-10-14 17:21:48 - [MESSAGE][INFO] - Checking called Test Case

2021-10-14 17:21:48 - [MESSAGE][INFO] - Starting to call Test Case 'Test Cases/Butonlar/ButonVarMi'

2021-10-14 17:21:49 - [TEST_CASE][PASSED] - Test Cases/Butonlar/ButonVarMi: Test Cases/Butonlar/ButonVarMi

2021-10-14 17:21:49 - [TEST_STEP][PASSED] - Method.TextDegerineEsitElementVarMi(findTestObject("Butonlar/Butonlar"), Buton): Method.TextDegerineEsitElementVarMi is PASSED

2021-10-14 17:21:49 - [MESSAGE][INFO] - Finding Test Object 'Object Repository/Butonlar/Butonlar'

2021-10-14 17:21:49 - [MESSAGE][INFO] - Checking timeout

2021-10-14 17:21:49 - [MESSAGE][INFO] - Finding web element with id: 'Object Repository/Butonlar/Butonlar' located by 'By.cssSelector: .panel.panel-default.text-center.footerPanel .btn,.btn.btn-primary.btnControls' in '10' second(s)

2021-10-14 17:21:49 - [MESSAGE][INFO] - Smart Wait Function is triggered

2021-10-14 17:21:49 - [MESSAGE][INFO] - Found 17 web elements with id: 'Object Repository/Butonlar/Butonlar' located by 'By.cssSelector: .panel.panel-default.text-center.footerPanel .btn,.btn.btn-primary.btnControls' in '10' second(s)

2021-10-14 17:21:49 - [MESSAGE][PASSED] - Method.TextDegerineEsitElementVarMi is PASSED

2021-10-14 17:21:49 - [MESSAGE][PASSED] - Call Test Case 'Test Cases/Butonlar/ButonVarMi' successfully

2021-10-14 17:21:49 - [MESSAGE][INFO] - Checking called Test Case

2021-10-14 17:21:49 - [MESSAGE][INFO] - Starting to call Test Case 'Test Cases/Butonlar/ButonVarMi'

2021-10-14 17:21:49 - [TEST_CASE][PASSED] - Test Cases/Butonlar/ButonVarMi: Test Cases/Butonlar/ButonVarMi

2021-10-14 17:21:49 - [TEST_STEP][PASSED] - Method.TextDegerineEsitElementVarMi(findTestObject("Butonlar/Butonlar"), Buton): Method.TextDegerineEsitElementVarMi is PASSED

2021-10-14 17:21:49 - [MESSAGE][INFO] - Finding Test Object 'Object Repository/Butonlar/Butonlar'

2021-10-14 17:21:49 - [MESSAGE][INFO] - Checking timeout

2021-10-14 17:21:49 - [MESSAGE][INFO] - Finding web element with id: 'Object Repository/Butonlar/Butonlar' located by 'By.cssSelector: .panel.panel-default.text-center.footerPanel .btn,.btn.btn-primary.btnControls' in '10' second(s)

2021-10-14 17:21:49 - [MESSAGE][INFO] - Smart Wait Function is triggered

2021-10-14 17:21:49 - [MESSAGE][INFO] - Found 17 web elements with id: 'Object Repository/Butonlar/Butonlar' located by 'By.cssSelector: .panel.panel-default.text-center.footerPanel .btn,.btn.btn-primary.btnControls' in '10' second(s)

2021-10-14 17:21:49 - [MESSAGE][PASSED] - Method.TextDegerineEsitElementVarMi is PASSED

2021-10-14 17:21:49 - [MESSAGE][PASSED] - Call Test Case 'Test Cases/Butonlar/ButonVarMi' successfully

2021-10-14 17:21:49 - [MESSAGE][INFO] - Checking called Test Case

2021-10-14 17:21:49 - [MESSAGE][INFO] - Starting to call Test Case 'Test Cases/Butonlar/ButonVarMi'

2021-10-14 17:21:50 - [TEST_CASE][PASSED] - Test Cases/Butonlar/ButonVarMi: Test Cases/Butonlar/ButonVarMi

2021-10-14 17:21:50 - [TEST_STEP][PASSED] - Method.TextDegerineEsitElementVarMi(findTestObject("Butonlar/Butonlar"), Buton): Method.TextDegerineEsitElementVarMi is PASSED

2021-10-14 17:21:50 - [MESSAGE][INFO] - Finding Test Object 'Object Repository/Butonlar/Butonlar'

2021-10-14 17:21:50 - [MESSAGE][INFO] - Checking timeout

2021-10-14 17:21:50 - [MESSAGE][INFO] - Finding web element with id: 'Object Repository/Butonlar/Butonlar' located by 'By.cssSelector: .panel.panel-default.text-center.footerPanel .btn,.btn.btn-primary.btnControls' in '10' second(s)

2021-10-14 17:21:50 - [MESSAGE][INFO] - Smart Wait Function is triggered

2021-10-14 17:21:50 - [MESSAGE][INFO] - Found 17 web elements with id: 'Object Repository/Butonlar/Butonlar' located by 'By.cssSelector: .panel.panel-default.text-center.footerPanel .btn,.btn.btn-primary.btnControls' in '10' second(s)

2021-10-14 17:21:50 - [MESSAGE][PASSED] - Method.TextDegerineEsitElementVarMi is PASSED

2021-10-14 17:21:50 - [MESSAGE][PASSED] - Call Test Case 'Test Cases/Butonlar/ButonVarMi' successfully

2021-10-14 17:21:50 - [MESSAGE][INFO] - Checking called Test Case

2021-10-14 17:21:50 - [MESSAGE][INFO] - Starting to call Test Case 'Test Cases/Butonlar/ButonVarMi'

2021-10-14 17:21:50 - [TEST_CASE][PASSED] - Test Cases/Butonlar/ButonVarMi: Test Cases/Butonlar/ButonVarMi

2021-10-14 17:21:50 - [TEST_STEP][PASSED] - Method.TextDegerineEsitElementVarMi(findTestObject("Butonlar/Butonlar"), Buton): Method.TextDegerineEsitElementVarMi is PASSED

2021-10-14 17:21:50 - [MESSAGE][INFO] - Finding Test Object 'Object Repository/Butonlar/Butonlar'

2021-10-14 17:21:50 - [MESSAGE][INFO] - Checking timeout

2021-10-14 17:21:50 - [MESSAGE][INFO] - Finding web element with id: 'Object Repository/Butonlar/Butonlar' located by 'By.cssSelector: .panel.panel-default.text-center.footerPanel .btn,.btn.btn-primary.btnControls' in '10' second(s)

2021-10-14 17:21:50 - [MESSAGE][INFO] - Smart Wait Function is triggered

2021-10-14 17:21:50 - [MESSAGE][INFO] - Found 17 web elements with id: 'Object Repository/Butonlar/Butonlar' located by 'By.cssSelector: .panel.panel-default.text-center.footerPanel .btn,.btn.btn-primary.btnControls' in '10' second(s)

2021-10-14 17:21:50 - [MESSAGE][PASSED] - Method.TextDegerineEsitElementVarMi is PASSED

2021-10-14 17:21:50 - [MESSAGE][PASSED] - Call Test Case 'Test Cases/Butonlar/ButonVarMi' successfully

2021-10-14 17:21:50 - [MESSAGE][INFO] - Checking called Test Case

2021-10-14 17:21:50 - [MESSAGE][INFO] - Starting to call Test Case 'Test Cases/Butonlar/ButonVarMi'

2021-10-14 17:21:51 - [TEST_CASE][PASSED] - Test Cases/Butonlar/ButonVarMi: Test Cases/Butonlar/ButonVarMi

2021-10-14 17:21:51 - [TEST_STEP][PASSED] - Method.TextDegerineEsitElementVarMi(findTestObject("Butonlar/Butonlar"), Buton): Method.TextDegerineEsitElementVarMi is PASSED

2021-10-14 17:21:51 - [MESSAGE][INFO] - Finding Test Object 'Object Repository/Butonlar/Butonlar'

2021-10-14 17:21:51 - [MESSAGE][INFO] - Checking timeout

2021-10-14 17:21:51 - [MESSAGE][INFO] - Finding web element with id: 'Object Repository/Butonlar/Butonlar' located by 'By.cssSelector: .panel.panel-default.text-center.footerPanel .btn,.btn.btn-primary.btnControls' in '10' second(s)

2021-10-14 17:21:51 - [MESSAGE][INFO] - Smart Wait Function is triggered

2021-10-14 17:21:51 - [MESSAGE][INFO] - Found 17 web elements with id: 'Object Repository/Butonlar/Butonlar' located by 'By.cssSelector: .panel.panel-default.text-center.footerPanel .btn,.btn.btn-primary.btnControls' in '10' second(s)

2021-10-14 17:21:51 - [MESSAGE][PASSED] - Method.TextDegerineEsitElementVarMi is PASSED

2021-10-14 17:21:51 - [MESSAGE][PASSED] - Call Test Case 'Test Cases/Butonlar/ButonVarMi' successfully

2021-10-14 17:21:51 - [MESSAGE][INFO] - Checking called Test Case

2021-10-14 17:21:51 - [MESSAGE][INFO] - Starting to call Test Case 'Test Cases/Butonlar/ButonVarMi'

2021-10-14 17:21:51 - [TEST_CASE][PASSED] - Test Cases/Butonlar/ButonVarMi: Test Cases/Butonlar/ButonVarMi

2021-10-14 17:21:51 - [TEST_STEP][PASSED] - Method.TextDegerineEsitElementVarMi(findTestObject("Butonlar/Butonlar"), Buton): Method.TextDegerineEsitElementVarMi is PASSED

2021-10-14 17:21:51 - [MESSAGE][INFO] - Finding Test Object 'Object Repository/Butonlar/Butonlar'

2021-10-14 17:21:51 - [MESSAGE][INFO] - Checking timeout

2021-10-14 17:21:51 - [MESSAGE][INFO] - Finding web element with id: 'Object Repository/Butonlar/Butonlar' located by 'By.cssSelector: .panel.panel-default.text-center.footerPanel .btn,.btn.btn-primary.btnControls' in '10' second(s)

2021-10-14 17:21:51 - [MESSAGE][INFO] - Smart Wait Function is triggered

2021-10-14 17:21:51 - [MESSAGE][INFO] - Found 17 web elements with id: 'Object Repository/Butonlar/Butonlar' located by 'By.cssSelector: .panel.panel-default.text-center.footerPanel .btn,.btn.btn-primary.btnControls' in '10' second(s)

2021-10-14 17:21:51 - [MESSAGE][PASSED] - Method.TextDegerineEsitElementVarMi is PASSED

2021-10-14 17:21:51 - [MESSAGE][PASSED] - Call Test Case 'Test Cases/Butonlar/ButonVarMi' successfully

2021-10-14 17:21:51 - [MESSAGE][INFO] - Checking called Test Case

2021-10-14 17:21:51 - [MESSAGE][INFO] - Starting to call Test Case 'Test Cases/Butonlar/ButonVarMi'

2021-10-14 17:21:52 - [TEST_CASE][PASSED] - Test Cases/Butonlar/ButonVarMi: Test Cases/Butonlar/ButonVarMi

2021-10-14 17:21:52 - [TEST_STEP][PASSED] - Method.TextDegerineEsitElementVarMi(findTestObject("Butonlar/Butonlar"), Buton): Method.TextDegerineEsitElementVarMi is PASSED

2021-10-14 17:21:52 - [MESSAGE][INFO] - Finding Test Object 'Object Repository/Butonlar/Butonlar'

2021-10-14 17:21:52 - [MESSAGE][INFO] - Checking timeout

2021-10-14 17:21:52 - [MESSAGE][INFO] - Finding web element with id: 'Object Repository/Butonlar/Butonlar' located by 'By.cssSelector: .panel.panel-default.text-center.footerPanel .btn,.btn.btn-primary.btnControls' in '10' second(s)

2021-10-14 17:21:52 - [MESSAGE][INFO] - Smart Wait Function is triggered

2021-10-14 17:21:52 - [MESSAGE][INFO] - Found 17 web elements with id: 'Object Repository/Butonlar/Butonlar' located by 'By.cssSelector: .panel.panel-default.text-center.footerPanel .btn,.btn.btn-primary.btnControls' in '10' second(s)

2021-10-14 17:21:52 - [MESSAGE][PASSED] - Method.TextDegerineEsitElementVarMi is PASSED

2021-10-14 17:21:52 - [MESSAGE][PASSED] - Call Test Case 'Test Cases/Butonlar/ButonVarMi' successfully

2021-10-14 17:21:52 - [MESSAGE][INFO] - Checking called Test Case

2021-10-14 17:21:52 - [MESSAGE][INFO] - Starting to call Test Case 'Test Cases/Butonlar/ButonVarMi'

2021-10-14 17:21:52 - [TEST_CASE][PASSED] - Test Cases/Butonlar/ButonVarMi: Test Cases/Butonlar/ButonVarMi

2021-10-14 17:21:52 - [TEST_STEP][PASSED] - Method.TextDegerineEsitElementVarMi(findTestObject("Butonlar/Butonlar"), Buton): Method.TextDegerineEsitElementVarMi is PASSED

2021-10-14 17:21:52 - [MESSAGE][INFO] - Finding Test Object 'Object Repository/Butonlar/Butonlar'

2021-10-14 17:21:52 - [MESSAGE][INFO] - Checking timeout

2021-10-14 17:21:52 - [MESSAGE][INFO] - Finding web element with id: 'Object Repository/Butonlar/Butonlar' located by 'By.cssSelector: .panel.panel-default.text-center.footerPanel .btn,.btn.btn-primary.btnControls' in '10' second(s)

2021-10-14 17:21:52 - [MESSAGE][INFO] - Smart Wait Function is triggered

2021-10-14 17:21:52 - [MESSAGE][INFO] - Found 17 web elements with id: 'Object Repository/Butonlar/Butonlar' located by 'By.cssSelector: .panel.panel-default.text-center.footerPanel .btn,.btn.btn-primary.btnControls' in '10' second(s)

2021-10-14 17:21:52 - [MESSAGE][PASSED] - Method.TextDegerineEsitElementVarMi is PASSED

2021-10-14 17:21:52 - [MESSAGE][PASSED] - Call Test Case 'Test Cases/Butonlar/ButonVarMi' successfully

2021-10-14 17:21:52 - [MESSAGE][INFO] - Checking called Test Case

2021-10-14 17:21:52 - [MESSAGE][INFO] - Starting to call Test Case 'Test Cases/Butonlar/ButonVarMi'

2021-10-14 17:21:53 - [TEST_CASE][PASSED] - Test Cases/Butonlar/ButonVarMi: Test Cases/Butonlar/ButonVarMi

2021-10-14 17:21:53 - [TEST_STEP][PASSED] - Method.TextDegerineEsitElementVarMi(findTestObject("Butonlar/Butonlar"), Buton): Method.TextDegerineEsitElementVarMi is PASSED

2021-10-14 17:21:53 - [MESSAGE][INFO] - Finding Test Object 'Object Repository/Butonlar/Butonlar'

2021-10-14 17:21:53 - [MESSAGE][INFO] - Checking timeout

2021-10-14 17:21:53 - [MESSAGE][INFO] - Finding web element with id: 'Object Repository/Butonlar/Butonlar' located by 'By.cssSelector: .panel.panel-default.text-center.footerPanel .btn,.btn.btn-primary.btnControls' in '10' second(s)

2021-10-14 17:21:53 - [MESSAGE][INFO] - Smart Wait Function is triggered

2021-10-14 17:21:53 - [MESSAGE][INFO] - Found 17 web elements with id: 'Object Repository/Butonlar/Butonlar' located by 'By.cssSelector: .panel.panel-default.text-center.footerPanel .btn,.btn.btn-primary.btnControls' in '10' second(s)

2021-10-14 17:21:53 - [MESSAGE][PASSED] - Method.TextDegerineEsitElementVarMi is PASSED

2021-10-14 17:21:53 - [MESSAGE][PASSED] - Call Test Case 'Test Cases/Butonlar/ButonVarMi' successfully

2021-10-14 17:21:53 - [MESSAGE][INFO] - Checking called Test Case

2021-10-14 17:21:53 - [MESSAGE][INFO] - Starting to call Test Case 'Test Cases/Butonlar/ButonVarMi'

2021-10-14 17:21:53 - [TEST_CASE][PASSED] - Test Cases/Butonlar/ButonVarMi: Test Cases/Butonlar/ButonVarMi

2021-10-14 17:21:53 - [TEST_STEP][PASSED] - Method.TextDegerineEsitElementVarMi(findTestObject("Butonlar/Butonlar"), Buton): Method.TextDegerineEsitElementVarMi is PASSED

2021-10-14 17:21:53 - [MESSAGE][INFO] - Finding Test Object 'Object Repository/Butonlar/Butonlar'

2021-10-14 17:21:53 - [MESSAGE][INFO] - Checking timeout

2021-10-14 17:21:53 - [MESSAGE][INFO] - Finding web element with id: 'Object Repository/Butonlar/Butonlar' located by 'By.cssSelector: .panel.panel-default.text-center.footerPanel .btn,.btn.btn-primary.btnControls' in '10' second(s)

2021-10-14 17:21:53 - [MESSAGE][INFO] - Smart Wait Function is triggered

2021-10-14 17:21:53 - [MESSAGE][INFO] - Found 17 web elements with id: 'Object Repository/Butonlar/Butonlar' located by 'By.cssSelector: .panel.panel-default.text-center.footerPanel .btn,.btn.btn-primary.btnControls' in '10' second(s)

2021-10-14 17:21:54 - [MESSAGE][PASSED] - Method.TextDegerineEsitElementVarMi is PASSED

2021-10-14 17:21:54 - [MESSAGE][PASSED] - Call Test Case 'Test Cases/Butonlar/ButonVarMi' successfully

2021-10-14 17:21:54 - [MESSAGE][INFO] - Checking called Test Case

2021-10-14 17:21:54 - [MESSAGE][INFO] - Starting to call Test Case 'Test Cases/Butonlar/ButonaTikla'

2021-10-14 17:21:54 - [TEST_CASE][PASSED] - Test Cases/Butonlar/ButonaTikla: Test Cases/Butonlar/ButonaTikla

2021-10-14 17:21:54 - [TEST_STEP][PASSED] - Method.TextDegerineEsitElementeTiklaEquals(findTestObject("Butonlar/Butonlar"), Buton_Adi): Method.TextDegerineEsitElementeTiklaEquals is PASSED

2021-10-14 17:21:54 - [MESSAGE][INFO] - Finding Test Object 'Object Repository/Butonlar/Butonlar'

2021-10-14 17:21:54 - [MESSAGE][INFO] - Checking timeout

2021-10-14 17:21:54 - [MESSAGE][INFO] - Finding web element with id: 'Object Repository/Butonlar/Butonlar' located by 'By.cssSelector: .panel.panel-default.text-center.footerPanel .btn,.btn.btn-primary.btnControls' in '10' second(s)

2021-10-14 17:21:54 - [MESSAGE][INFO] - Smart Wait Function is triggered

2021-10-14 17:21:54 - [MESSAGE][INFO] - Found 17 web elements with id: 'Object Repository/Butonlar/Butonlar' located by 'By.cssSelector: .panel.panel-default.text-center.footerPanel .btn,.btn.btn-primary.btnControls' in '10' second(s)

2021-10-14 17:21:54 - [MESSAGE][PASSED] - Method.TextDegerineEsitElementeTiklaEquals is PASSED

2021-10-14 17:21:54 - [MESSAGE][PASSED] - Call Test Case 'Test Cases/Butonlar/ButonaTikla' successfully

2021-10-14 17:21:54 - [MESSAGE][INFO] - Checking called Test Case

2021-10-14 17:21:54 - [MESSAGE][INFO] - Starting to call Test Case 'Test Cases/Butonlar/AltButonVarMi'

2021-10-14 17:21:54 - [TEST_CASE][PASSED] - Test Cases/Butonlar/AltButonVarMi: Test Cases/Butonlar/AltButonVarMi

2021-10-14 17:21:54 - [TEST_STEP][PASSED] - Method.TextDegerineEsitElementVarMi(findTestObject("Butonlar/AltButonlar"), AltButon): Method.TextDegerineEsitElementVarMi is PASSED

2021-10-14 17:21:54 - [MESSAGE][INFO] - Finding Test Object 'Object Repository/Butonlar/AltButonlar'

2021-10-14 17:21:54 - [MESSAGE][INFO] - Checking timeout

2021-10-14 17:21:54 - [MESSAGE][INFO] - Finding web element with id: 'Object Repository/Butonlar/AltButonlar' located by 'By.cssSelector: .btn-group.open li>a' in '10' second(s)

2021-10-14 17:21:54 - [MESSAGE][INFO] - Smart Wait Function is triggered

2021-10-14 17:21:55 - [MESSAGE][INFO] - Found 2 web elements with id: 'Object Repository/Butonlar/AltButonlar' located by 'By.cssSelector: .btn-group.open li>a' in '10' second(s)

2021-10-14 17:21:55 - [MESSAGE][PASSED] - Method.TextDegerineEsitElementVarMi is PASSED

2021-10-14 17:21:55 - [MESSAGE][PASSED] - Call Test Case 'Test Cases/Butonlar/AltButonVarMi' successfully

2021-10-14 17:21:55 - [MESSAGE][INFO] - Checking called Test Case

2021-10-14 17:21:55 - [MESSAGE][INFO] - Starting to call Test Case 'Test Cases/Butonlar/AltButonVarMi'

2021-10-14 17:21:55 - [TEST_CASE][PASSED] - Test Cases/Butonlar/AltButonVarMi: Test Cases/Butonlar/AltButonVarMi

2021-10-14 17:21:55 - [TEST_STEP][PASSED] - Method.TextDegerineEsitElementVarMi(findTestObject("Butonlar/AltButonlar"), AltButon): Method.TextDegerineEsitElementVarMi is PASSED

2021-10-14 17:21:55 - [MESSAGE][INFO] - Finding Test Object 'Object Repository/Butonlar/AltButonlar'

2021-10-14 17:21:55 - [MESSAGE][INFO] - Checking timeout

2021-10-14 17:21:55 - [MESSAGE][INFO] - Finding web element with id: 'Object Repository/Butonlar/AltButonlar' located by 'By.cssSelector: .btn-group.open li>a' in '10' second(s)

2021-10-14 17:21:55 - [MESSAGE][INFO] - Smart Wait Function is triggered

2021-10-14 17:21:55 - [MESSAGE][INFO] - Found 2 web elements with id: 'Object Repository/Butonlar/AltButonlar' located by 'By.cssSelector: .btn-group.open li>a' in '10' second(s)

2021-10-14 17:21:55 - [MESSAGE][PASSED] - Method.TextDegerineEsitElementVarMi is PASSED

2021-10-14 17:21:55 - [MESSAGE][PASSED] - Call Test Case 'Test Cases/Butonlar/AltButonVarMi' successfully

2021-10-14 17:21:55 - [MESSAGE][INFO] - Checking called Test Case

2021-10-14 17:21:55 - [MESSAGE][INFO] - Starting to call Test Case 'Test Cases/Butonlar/ButonaTikla'

2021-10-14 17:21:55 - [TEST_CASE][PASSED] - Test Cases/Butonlar/ButonaTikla: Test Cases/Butonlar/ButonaTikla

2021-10-14 17:21:55 - [TEST_STEP][PASSED] - Method.TextDegerineEsitElementeTiklaEquals(findTestObject("Butonlar/Butonlar"), Buton_Adi): Method.TextDegerineEsitElementeTiklaEquals is PASSED

2021-10-14 17:21:55 - [MESSAGE][INFO] - Finding Test Object 'Object Repository/Butonlar/Butonlar'

2021-10-14 17:21:55 - [MESSAGE][INFO] - Checking timeout

2021-10-14 17:21:55 - [MESSAGE][INFO] - Finding web element with id: 'Object Repository/Butonlar/Butonlar' located by 'By.cssSelector: .panel.panel-default.text-center.footerPanel .btn,.btn.btn-primary.btnControls' in '10' second(s)

2021-10-14 17:21:55 - [MESSAGE][INFO] - Smart Wait Function is triggered

2021-10-14 17:21:56 - [MESSAGE][INFO] - Found 17 web elements with id: 'Object Repository/Butonlar/Butonlar' located by 'By.cssSelector: .panel.panel-default.text-center.footerPanel .btn,.btn.btn-primary.btnControls' in '10' second(s)

2021-10-14 17:21:56 - [MESSAGE][PASSED] - Method.TextDegerineEsitElementeTiklaEquals is PASSED

2021-10-14 17:21:56 - [MESSAGE][PASSED] - Call Test Case 'Test Cases/Butonlar/ButonaTikla' successfully

2021-10-14 17:21:56 - [MESSAGE][INFO] - Checking called Test Case

2021-10-14 17:21:56 - [MESSAGE][INFO] - Starting to call Test Case 'Test Cases/Butonlar/AltButonVarMi'

2021-10-14 17:21:56 - [TEST_CASE][PASSED] - Test Cases/Butonlar/AltButonVarMi: Test Cases/Butonlar/AltButonVarMi

2021-10-14 17:21:56 - [TEST_STEP][PASSED] - Method.TextDegerineEsitElementVarMi(findTestObject("Butonlar/AltButonlar"), AltButon): Method.TextDegerineEsitElementVarMi is PASSED

2021-10-14 17:21:56 - [MESSAGE][INFO] - Finding Test Object 'Object Repository/Butonlar/AltButonlar'

2021-10-14 17:21:56 - [MESSAGE][INFO] - Checking timeout

2021-10-14 17:21:56 - [MESSAGE][INFO] - Finding web element with id: 'Object Repository/Butonlar/AltButonlar' located by 'By.cssSelector: .btn-group.open li>a' in '10' second(s)

2021-10-14 17:21:56 - [MESSAGE][INFO] - Smart Wait Function is triggered

2021-10-14 17:21:56 - [MESSAGE][INFO] - Found 4 web elements with id: 'Object Repository/Butonlar/AltButonlar' located by 'By.cssSelector: .btn-group.open li>a' in '10' second(s)

2021-10-14 17:21:56 - [MESSAGE][PASSED] - Method.TextDegerineEsitElementVarMi is PASSED

2021-10-14 17:21:56 - [MESSAGE][PASSED] - Call Test Case 'Test Cases/Butonlar/AltButonVarMi' successfully

2021-10-14 17:21:56 - [MESSAGE][INFO] - Checking called Test Case

2021-10-14 17:21:56 - [MESSAGE][INFO] - Starting to call Test Case 'Test Cases/Butonlar/AltButonVarMi'

2021-10-14 17:21:56 - [TEST_CASE][PASSED] - Test Cases/Butonlar/AltButonVarMi: Test Cases/Butonlar/AltButonVarMi

2021-10-14 17:21:56 - [TEST_STEP][PASSED] - Method.TextDegerineEsitElementVarMi(findTestObject("Butonlar/AltButonlar"), AltButon): Method.TextDegerineEsitElementVarMi is PASSED

2021-10-14 17:21:56 - [MESSAGE][INFO] - Finding Test Object 'Object Repository/Butonlar/AltButonlar'

2021-10-14 17:21:56 - [MESSAGE][INFO] - Checking timeout

2021-10-14 17:21:56 - [MESSAGE][INFO] - Finding web element with id: 'Object Repository/Butonlar/AltButonlar' located by 'By.cssSelector: .btn-group.open li>a' in '10' second(s)

2021-10-14 17:21:56 - [MESSAGE][INFO] - Smart Wait Function is triggered

2021-10-14 17:21:57 - [MESSAGE][INFO] - Found 4 web elements with id: 'Object Repository/Butonlar/AltButonlar' located by 'By.cssSelector: .btn-group.open li>a' in '10' second(s)

2021-10-14 17:21:57 - [MESSAGE][PASSED] - Method.TextDegerineEsitElementVarMi is PASSED

2021-10-14 17:21:57 - [MESSAGE][PASSED] - Call Test Case 'Test Cases/Butonlar/AltButonVarMi' successfully

2021-10-14 17:21:57 - [MESSAGE][INFO] - Checking called Test Case

2021-10-14 17:21:57 - [MESSAGE][INFO] - Starting to call Test Case 'Test Cases/Butonlar/AltButonVarMi'

2021-10-14 17:21:57 - [TEST_CASE][PASSED] - Test Cases/Butonlar/AltButonVarMi: Test Cases/Butonlar/AltButonVarMi

2021-10-14 17:21:57 - [TEST_STEP][PASSED] - Method.TextDegerineEsitElementVarMi(findTestObject("Butonlar/AltButonlar"), AltButon): Method.TextDegerineEsitElementVarMi is PASSED

2021-10-14 17:21:57 - [MESSAGE][INFO] - Finding Test Object 'Object Repository/Butonlar/AltButonlar'

2021-10-14 17:21:57 - [MESSAGE][INFO] - Checking timeout

2021-10-14 17:21:57 - [MESSAGE][INFO] - Finding web element with id: 'Object Repository/Butonlar/AltButonlar' located by 'By.cssSelector: .btn-group.open li>a' in '10' second(s)

2021-10-14 17:21:57 - [MESSAGE][INFO] - Smart Wait Function is triggered

2021-10-14 17:21:57 - [MESSAGE][INFO] - Found 4 web elements with id: 'Object Repository/Butonlar/AltButonlar' located by 'By.cssSelector: .btn-group.open li>a' in '10' second(s)

2021-10-14 17:21:57 - [MESSAGE][PASSED] - Method.TextDegerineEsitElementVarMi is PASSED

2021-10-14 17:21:57 - [MESSAGE][PASSED] - Call Test Case 'Test Cases/Butonlar/AltButonVarMi' successfully

2021-10-14 17:21:57 - [MESSAGE][INFO] - Checking called Test Case

2021-10-14 17:21:57 - [MESSAGE][INFO] - Starting to call Test Case 'Test Cases/Butonlar/AltButonVarMi'

2021-10-14 17:21:57 - [TEST_CASE][PASSED] - Test Cases/Butonlar/AltButonVarMi: Test Cases/Butonlar/AltButonVarMi

2021-10-14 17:21:57 - [TEST_STEP][PASSED] - Method.TextDegerineEsitElementVarMi(findTestObject("Butonlar/AltButonlar"), AltButon): Method.TextDegerineEsitElementVarMi is PASSED

2021-10-14 17:21:57 - [MESSAGE][INFO] - Finding Test Object 'Object Repository/Butonlar/AltButonlar'

2021-10-14 17:21:57 - [MESSAGE][INFO] - Checking timeout

2021-10-14 17:21:57 - [MESSAGE][INFO] - Finding web element with id: 'Object Repository/Butonlar/AltButonlar' located by 'By.cssSelector: .btn-group.open li>a' in '10' second(s)

2021-10-14 17:21:57 - [MESSAGE][INFO] - Smart Wait Function is triggered

2021-10-14 17:21:58 - [MESSAGE][INFO] - Found 4 web elements with id: 'Object Repository/Butonlar/AltButonlar' located by 'By.cssSelector: .btn-group.open li>a' in '10' second(s)

2021-10-14 17:21:58 - [MESSAGE][PASSED] - Method.TextDegerineEsitElementVarMi is PASSED

2021-10-14 17:21:58 - [MESSAGE][PASSED] - Call Test Case 'Test Cases/Butonlar/AltButonVarMi' successfully

2021-10-14 17:21:58 - [MESSAGE][INFO] - Checking called Test Case

2021-10-14 17:21:58 - [MESSAGE][INFO] - Starting to call Test Case 'Test Cases/Butonlar/ButonaTikla'

2021-10-14 17:21:58 - [TEST_CASE][PASSED] - Test Cases/Butonlar/ButonaTikla: Test Cases/Butonlar/ButonaTikla

2021-10-14 17:21:58 - [TEST_STEP][PASSED] - Method.TextDegerineEsitElementeTiklaEquals(findTestObject("Butonlar/Butonlar"), Buton_Adi): Method.TextDegerineEsitElementeTiklaEquals is PASSED

2021-10-14 17:21:58 - [MESSAGE][INFO] - Finding Test Object 'Object Repository/Butonlar/Butonlar'

2021-10-14 17:21:58 - [MESSAGE][INFO] - Checking timeout

2021-10-14 17:21:58 - [MESSAGE][INFO] - Finding web element with id: 'Object Repository/Butonlar/Butonlar' located by 'By.cssSelector: .panel.panel-default.text-center.footerPanel .btn,.btn.btn-primary.btnControls' in '10' second(s)

2021-10-14 17:21:58 - [MESSAGE][INFO] - Smart Wait Function is triggered

2021-10-14 17:21:58 - [MESSAGE][INFO] - Found 17 web elements with id: 'Object Repository/Butonlar/Butonlar' located by 'By.cssSelector: .panel.panel-default.text-center.footerPanel .btn,.btn.btn-primary.btnControls' in '10' second(s)

2021-10-14 17:21:58 - [MESSAGE][PASSED] - Method.TextDegerineEsitElementeTiklaEquals is PASSED

2021-10-14 17:21:58 - [MESSAGE][PASSED] - Call Test Case 'Test Cases/Butonlar/ButonaTikla' successfully

2021-10-14 17:21:58 - [MESSAGE][INFO] - Checking called Test Case

2021-10-14 17:21:58 - [MESSAGE][INFO] - Starting to call Test Case 'Test Cases/Butonlar/AltButonVarMi'

2021-10-14 17:21:58 - [TEST_CASE][PASSED] - Test Cases/Butonlar/AltButonVarMi: Test Cases/Butonlar/AltButonVarMi

2021-10-14 17:21:58 - [TEST_STEP][PASSED] - Method.TextDegerineEsitElementVarMi(findTestObject("Butonlar/AltButonlar"), AltButon): Method.TextDegerineEsitElementVarMi is PASSED

2021-10-14 17:21:58 - [MESSAGE][INFO] - Finding Test Object 'Object Repository/Butonlar/AltButonlar'

2021-10-14 17:21:58 - [MESSAGE][INFO] - Checking timeout

2021-10-14 17:21:58 - [MESSAGE][INFO] - Finding web element with id: 'Object Repository/Butonlar/AltButonlar' located by 'By.cssSelector: .btn-group.open li>a' in '10' second(s)

2021-10-14 17:21:58 - [MESSAGE][INFO] - Smart Wait Function is triggered

2021-10-14 17:21:59 - [MESSAGE][INFO] - Found 2 web elements with id: 'Object Repository/Butonlar/AltButonlar' located by 'By.cssSelector: .btn-group.open li>a' in '10' second(s)

2021-10-14 17:21:59 - [MESSAGE][PASSED] - Method.TextDegerineEsitElementVarMi is PASSED

2021-10-14 17:21:59 - [MESSAGE][PASSED] - Call Test Case 'Test Cases/Butonlar/AltButonVarMi' successfully

2021-10-14 17:21:59 - [MESSAGE][INFO] - Checking called Test Case

2021-10-14 17:21:59 - [MESSAGE][INFO] - Starting to call Test Case 'Test Cases/Butonlar/AltButonVarMi'

2021-10-14 17:21:59 - [TEST_CASE][PASSED] - Test Cases/Butonlar/AltButonVarMi: Test Cases/Butonlar/AltButonVarMi

2021-10-14 17:21:59 - [TEST_STEP][PASSED] - Method.TextDegerineEsitElementVarMi(findTestObject("Butonlar/AltButonlar"), AltButon): Method.TextDegerineEsitElementVarMi is PASSED

2021-10-14 17:21:59 - [MESSAGE][INFO] - Finding Test Object 'Object Repository/Butonlar/AltButonlar'

2021-10-14 17:21:59 - [MESSAGE][INFO] - Checking timeout

2021-10-14 17:21:59 - [MESSAGE][INFO] - Finding web element with id: 'Object Repository/Butonlar/AltButonlar' located by 'By.cssSelector: .btn-group.open li>a' in '10' second(s)

2021-10-14 17:21:59 - [MESSAGE][INFO] - Smart Wait Function is triggered

2021-10-14 17:21:59 - [MESSAGE][INFO] - Found 2 web elements with id: 'Object Repository/Butonlar/AltButonlar' located by 'By.cssSelector: .btn-group.open li>a' in '10' second(s)

2021-10-14 17:21:59 - [MESSAGE][PASSED] - Method.TextDegerineEsitElementVarMi is PASSED

2021-10-14 17:21:59 - [MESSAGE][PASSED] - Call Test Case 'Test Cases/Butonlar/AltButonVarMi' successfully

2021-10-14 17:21:59 - [MESSAGE][INFO] - Checking called Test Case

2021-10-14 17:21:59 - [MESSAGE][INFO] - Starting to call Test Case 'Test Cases/Butonlar/ButonaTikla'

2021-10-14 17:21:59 - [TEST_CASE][PASSED] - Test Cases/Butonlar/ButonaTikla: Test Cases/Butonlar/ButonaTikla

2021-10-14 17:21:59 - [TEST_STEP][PASSED] - Method.TextDegerineEsitElementeTiklaEquals(findTestObject("Butonlar/Butonlar"), Buton_Adi): Method.TextDegerineEsitElementeTiklaEquals is PASSED

2021-10-14 17:21:59 - [MESSAGE][INFO] - Finding Test Object 'Object Repository/Butonlar/Butonlar'

2021-10-14 17:21:59 - [MESSAGE][INFO] - Checking timeout

2021-10-14 17:21:59 - [MESSAGE][INFO] - Finding web element with id: 'Object Repository/Butonlar/Butonlar' located by 'By.cssSelector: .panel.panel-default.text-center.footerPanel .btn,.btn.btn-primary.btnControls' in '10' second(s)

2021-10-14 17:21:59 - [MESSAGE][INFO] - Smart Wait Function is triggered

2021-10-14 17:22:00 - [MESSAGE][INFO] - Found 17 web elements with id: 'Object Repository/Butonlar/Butonlar' located by 'By.cssSelector: .panel.panel-default.text-center.footerPanel .btn,.btn.btn-primary.btnControls' in '10' second(s)

2021-10-14 17:22:00 - [MESSAGE][PASSED] - Method.TextDegerineEsitElementeTiklaEquals is PASSED

2021-10-14 17:22:00 - [MESSAGE][PASSED] - Call Test Case 'Test Cases/Butonlar/ButonaTikla' successfully

2021-10-14 17:22:00 - [MESSAGE][INFO] - Checking called Test Case

2021-10-14 17:22:00 - [MESSAGE][INFO] - Starting to call Test Case 'Test Cases/Butonlar/AltButonVarMi'

2021-10-14 17:22:00 - [TEST_CASE][PASSED] - Test Cases/Butonlar/AltButonVarMi: Test Cases/Butonlar/AltButonVarMi

2021-10-14 17:22:00 - [TEST_STEP][PASSED] - Method.TextDegerineEsitElementVarMi(findTestObject("Butonlar/AltButonlar"), AltButon): Method.TextDegerineEsitElementVarMi is PASSED

2021-10-14 17:22:00 - [MESSAGE][INFO] - Finding Test Object 'Object Repository/Butonlar/AltButonlar'

2021-10-14 17:22:00 - [MESSAGE][INFO] - Checking timeout

2021-10-14 17:22:00 - [MESSAGE][INFO] - Finding web element with id: 'Object Repository/Butonlar/AltButonlar' located by 'By.cssSelector: .btn-group.open li>a' in '10' second(s)

2021-10-14 17:22:00 - [MESSAGE][INFO] - Smart Wait Function is triggered

2021-10-14 17:22:00 - [MESSAGE][INFO] - Found 2 web elements with id: 'Object Repository/Butonlar/AltButonlar' located by 'By.cssSelector: .btn-group.open li>a' in '10' second(s)

2021-10-14 17:22:00 - [MESSAGE][PASSED] - Method.TextDegerineEsitElementVarMi is PASSED

2021-10-14 17:22:00 - [MESSAGE][PASSED] - Call Test Case 'Test Cases/Butonlar/AltButonVarMi' successfully

2021-10-14 17:22:00 - [MESSAGE][INFO] - Checking called Test Case

2021-10-14 17:22:00 - [MESSAGE][INFO] - Starting to call Test Case 'Test Cases/Butonlar/AltButonVarMi'

2021-10-14 17:22:00 - [TEST_CASE][PASSED] - Test Cases/Butonlar/AltButonVarMi: Test Cases/Butonlar/AltButonVarMi

2021-10-14 17:22:00 - [TEST_STEP][PASSED] - Method.TextDegerineEsitElementVarMi(findTestObject("Butonlar/AltButonlar"), AltButon): Method.TextDegerineEsitElementVarMi is PASSED

2021-10-14 17:22:00 - [MESSAGE][INFO] - Finding Test Object 'Object Repository/Butonlar/AltButonlar'

2021-10-14 17:22:00 - [MESSAGE][INFO] - Checking timeout

2021-10-14 17:22:00 - [MESSAGE][INFO] - Finding web element with id: 'Object Repository/Butonlar/AltButonlar' located by 'By.cssSelector: .btn-group.open li>a' in '10' second(s)

2021-10-14 17:22:00 - [MESSAGE][INFO] - Smart Wait Function is triggered

2021-10-14 17:22:01 - [MESSAGE][INFO] - Found 2 web elements with id: 'Object Repository/Butonlar/AltButonlar' located by 'By.cssSelector: .btn-group.open li>a' in '10' second(s)

2021-10-14 17:22:01 - [MESSAGE][PASSED] - Method.TextDegerineEsitElementVarMi is PASSED

2021-10-14 17:22:01 - [MESSAGE][PASSED] - Call Test Case 'Test Cases/Butonlar/AltButonVarMi' successfully

2021-10-14 17:22:01 - [MESSAGE][INFO] - Checking called Test Case

2021-10-14 17:22:01 - [MESSAGE][INFO] - Starting to call Test Case 'Test Cases/Butonlar/ButonaTikla'

2021-10-14 17:22:01 - [TEST_CASE][PASSED] - Test Cases/Butonlar/ButonaTikla: Test Cases/Butonlar/ButonaTikla

2021-10-14 17:22:01 - [TEST_STEP][PASSED] - Method.TextDegerineEsitElementeTiklaEquals(findTestObject("Butonlar/Butonlar"), Buton_Adi): Method.TextDegerineEsitElementeTiklaEquals is PASSED

2021-10-14 17:22:01 - [MESSAGE][INFO] - Finding Test Object 'Object Repository/Butonlar/Butonlar'

2021-10-14 17:22:01 - [MESSAGE][INFO] - Checking timeout

2021-10-14 17:22:01 - [MESSAGE][INFO] - Finding web element with id: 'Object Repository/Butonlar/Butonlar' located by 'By.cssSelector: .panel.panel-default.text-center.footerPanel .btn,.btn.btn-primary.btnControls' in '10' second(s)

2021-10-14 17:22:01 - [MESSAGE][INFO] - Smart Wait Function is triggered

2021-10-14 17:22:01 - [MESSAGE][INFO] - Found 17 web elements with id: 'Object Repository/Butonlar/Butonlar' located by 'By.cssSelector: .panel.panel-default.text-center.footerPanel .btn,.btn.btn-primary.btnControls' in '10' second(s)

2021-10-14 17:22:01 - [MESSAGE][PASSED] - Method.TextDegerineEsitElementeTiklaEquals is PASSED

2021-10-14 17:22:01 - [MESSAGE][PASSED] - Call Test Case 'Test Cases/Butonlar/ButonaTikla' successfully

2021-10-14 17:22:01 - [MESSAGE][INFO] - Checking called Test Case

2021-10-14 17:22:01 - [MESSAGE][INFO] - Starting to call Test Case 'Test Cases/Butonlar/AltButonVarMi'

2021-10-14 17:22:01 - [TEST_CASE][PASSED] - Test Cases/Butonlar/AltButonVarMi: Test Cases/Butonlar/AltButonVarMi

2021-10-14 17:22:01 - [TEST_STEP][PASSED] - Method.TextDegerineEsitElementVarMi(findTestObject("Butonlar/AltButonlar"), AltButon): Method.TextDegerineEsitElementVarMi is PASSED

2021-10-14 17:22:01 - [MESSAGE][INFO] - Finding Test Object 'Object Repository/Butonlar/AltButonlar'

2021-10-14 17:22:02 - [MESSAGE][INFO] - Checking timeout

2021-10-14 17:22:02 - [MESSAGE][INFO] - Finding web element with id: 'Object Repository/Butonlar/AltButonlar' located by 'By.cssSelector: .btn-group.open li>a' in '10' second(s)

2021-10-14 17:22:02 - [MESSAGE][INFO] - Smart Wait Function is triggered

2021-10-14 17:22:02 - [MESSAGE][INFO] - Found 2 web elements with id: 'Object Repository/Butonlar/AltButonlar' located by 'By.cssSelector: .btn-group.open li>a' in '10' second(s)

2021-10-14 17:22:02 - [MESSAGE][PASSED] - Method.TextDegerineEsitElementVarMi is PASSED

2021-10-14 17:22:02 - [MESSAGE][PASSED] - Call Test Case 'Test Cases/Butonlar/AltButonVarMi' successfully

2021-10-14 17:22:02 - [MESSAGE][INFO] - Checking called Test Case

2021-10-14 17:22:02 - [MESSAGE][INFO] - Starting to call Test Case 'Test Cases/Sayfalar/AnaSayfa/AnaSayfayaDonulur'

2021-10-14 17:22:02 - [TEST_CASE][PASSED] - Test Cases/Sayfalar/AnaSayfa/AnaSayfayaDonulur: Test Cases/Sayfalar/AnaSayfa/AnaSayfayaDonulur

2021-10-14 17:22:02 - [TEST_STEP][PASSED] - click(findTestObject("Sayfalar/AnaSayfa/AnaSayfa")): Object: 'Object Repository/Sayfalar/AnaSayfa/AnaSayfa' is clicked on

2021-10-14 17:22:02 - [MESSAGE][INFO] - Finding Test Object 'Object Repository/Sayfalar/AnaSayfa/AnaSayfa'

2021-10-14 17:22:02 - [MESSAGE][INFO] - Checking object

2021-10-14 17:22:02 - [MESSAGE][INFO] - Finding web element from Test Object's properties

2021-10-14 17:22:02 - [MESSAGE][INFO] - Checking timeout

2021-10-14 17:22:02 - [MESSAGE][INFO] - Finding web element with id: 'Object Repository/Sayfalar/AnaSayfa/AnaSayfa' located by 'By.cssSelector: div.navbar-header > a > img' in '30' second(s)

2021-10-14 17:22:02 - [MESSAGE][INFO] - Smart Wait Function is triggered

2021-10-14 17:22:02 - [MESSAGE][INFO] - Found 1 web elements with id: 'Object Repository/Sayfalar/AnaSayfa/AnaSayfa' located by 'By.cssSelector: div.navbar-header > a > img' in '30' second(s)

2021-10-14 17:22:02 - [MESSAGE][INFO] - Clicking on object: 'Object Repository/Sayfalar/AnaSayfa/AnaSayfa'

2021-10-14 17:22:04 - [MESSAGE][PASSED] - Object: 'Object Repository/Sayfalar/AnaSayfa/AnaSayfa' is clicked on

2021-10-14 17:22:04 - [TEST_STEP][PASSED] - if (verifyElementPresent(findTestObject("Sayfalar/Giris_Sayfasi/PopupOK"), 5, OPTIONAL)): null

2021-10-14 17:22:04 - [MESSAGE][INFO] - Finding Test Object 'Object Repository/Sayfalar/Giris_Sayfasi/PopupOK'

2021-10-14 17:22:04 - [MESSAGE][INFO] - Checking object

2021-10-14 17:22:04 - [MESSAGE][INFO] - Finding web element from Test Object's properties

2021-10-14 17:22:04 - [MESSAGE][INFO] - Checking timeout

2021-10-14 17:22:04 - [MESSAGE][INFO] - Finding web element with id: 'Object Repository/Sayfalar/Giris_Sayfasi/PopupOK' located by 'By.cssSelector: .btn.btn-success' in '5' second(s)

2021-10-14 17:22:04 - [MESSAGE][INFO] - Smart Wait Function is triggered

2021-10-14 17:22:04 - [MESSAGE][INFO] - Found 1 web elements with id: 'Object Repository/Sayfalar/Giris_Sayfasi/PopupOK' located by 'By.cssSelector: .btn.btn-success' in '5' second(s)

2021-10-14 17:22:04 - [MESSAGE][PASSED] - Object 'Object Repository/Sayfalar/Giris_Sayfasi/PopupOK' is present

2021-10-14 17:22:04 - [TEST_STEP][PASSED] - click(findTestObject("Sayfalar/Giris_Sayfasi/PopupOK")): Object: 'Object Repository/Sayfalar/Giris_Sayfasi/PopupOK' is clicked on

2021-10-14 17:22:04 - [MESSAGE][INFO] - Finding Test Object 'Object Repository/Sayfalar/Giris_Sayfasi/PopupOK'

2021-10-14 17:22:04 - [MESSAGE][INFO] - Checking object

2021-10-14 17:22:04 - [MESSAGE][INFO] - Finding web element from Test Object's properties

2021-10-14 17:22:04 - [MESSAGE][INFO] - Checking timeout

2021-10-14 17:22:04 - [MESSAGE][INFO] - Finding web element with id: 'Object Repository/Sayfalar/Giris_Sayfasi/PopupOK' located by 'By.cssSelector: .btn.btn-success' in '30' second(s)

2021-10-14 17:22:04 - [MESSAGE][INFO] - Smart Wait Function is triggered

2021-10-14 17:22:05 - [MESSAGE][INFO] - Found 1 web elements with id: 'Object Repository/Sayfalar/Giris_Sayfasi/PopupOK' located by 'By.cssSelector: .btn.btn-success' in '30' second(s)

2021-10-14 17:22:05 - [MESSAGE][INFO] - Clicking on object: 'Object Repository/Sayfalar/Giris_Sayfasi/PopupOK'

2021-10-14 17:22:05 - [MESSAGE][PASSED] - Object: 'Object Repository/Sayfalar/Giris_Sayfasi/PopupOK' is clicked on

2021-10-14 17:22:05 - [TEST_STEP][PASSED] - verifyElementVisible(findTestObject("Object Repository/Kullanici_Islemleri/KullaniciIslemleri")): Object 'Object Repository/Kullanici_Islemleri/KullaniciIslemleri' is visible

2021-10-14 17:22:05 - [MESSAGE][INFO] - Finding Test Object 'Object Repository/Kullanici_Islemleri/KullaniciIslemleri'

2021-10-14 17:22:05 - [MESSAGE][INFO] - Checking object

2021-10-14 17:22:05 - [MESSAGE][INFO] - Finding web element from Test Object's properties

2021-10-14 17:22:05 - [MESSAGE][INFO] - Checking timeout

2021-10-14 17:22:05 - [MESSAGE][INFO] - Finding web element with id: 'Object Repository/Kullanici_Islemleri/KullaniciIslemleri' located by 'By.cssSelector: .dropdown>a>img' in '30' second(s)

2021-10-14 17:22:05 - [MESSAGE][INFO] - Smart Wait Function is triggered

2021-10-14 17:22:06 - [MESSAGE][INFO] - Found 1 web elements with id: 'Object Repository/Kullanici_Islemleri/KullaniciIslemleri' located by 'By.cssSelector: .dropdown>a>img' in '30' second(s)

2021-10-14 17:22:06 - [MESSAGE][PASSED] - Object 'Object Repository/Kullanici_Islemleri/KullaniciIslemleri' is visible

2021-10-14 17:22:06 - [MESSAGE][PASSED] - Call Test Case 'Test Cases/Sayfalar/AnaSayfa/AnaSayfayaDonulur' successfully

2021-10-14 17:22:06 - [MESSAGE][INFO] - Checking called Test Case

2021-10-14 17:22:06 - [MESSAGE][INFO] - Starting to call Test Case 'Test Cases/Menu/AnaMenuSecimi'

2021-10-14 17:22:06 - [TEST_CASE][PASSED] - Test Cases/Menu/AnaMenuSecimi: Test Cases/Menu/AnaMenuSecimi

2021-10-14 17:22:06 - [TEST_STEP][PASSED] - Method.TextDegerineEsitElementeTikla(findTestObject("Menu/Ana_Menu"), Ana_Menu): Method.TextDegerineEsitElementeTikla is PASSED

2021-10-14 17:22:06 - [MESSAGE][INFO] - Finding Test Object 'Object Repository/Menu/Ana_Menu'

2021-10-14 17:22:06 - [MESSAGE][INFO] - Checking timeout

2021-10-14 17:22:06 - [MESSAGE][INFO] - Finding web element with id: 'Object Repository/Menu/Ana_Menu' located by 'By.xpath: //*[@class = 'dropdown-toggle']' in '10' second(s)

2021-10-14 17:22:06 - [MESSAGE][INFO] - Smart Wait Function is triggered

2021-10-14 17:22:06 - [MESSAGE][INFO] - Found 14 web elements with id: 'Object Repository/Menu/Ana_Menu' located by 'By.xpath: //*[@class = 'dropdown-toggle']' in '10' second(s)

2021-10-14 17:22:06 - [MESSAGE][PASSED] - Method.TextDegerineEsitElementeTikla is PASSED

2021-10-14 17:22:06 - [MESSAGE][PASSED] - Call Test Case 'Test Cases/Menu/AnaMenuSecimi' successfully

2021-10-14 17:22:06 - [MESSAGE][INFO] - Checking called Test Case

2021-10-14 17:22:06 - [MESSAGE][INFO] - Starting to call Test Case 'Test Cases/Menu/BasligaGoreAltMenuSecimi'

2021-10-14 17:22:06 - [TEST_CASE][PASSED] - Test Cases/Menu/BasligaGoreAltMenuSecimi: Test Cases/Menu/BasligaGoreAltMenuSecimi

2021-10-14 17:22:06 - [TEST_STEP][PASSED] - Method.TextDegerineEsitElementinAltindakiTextDegerineEsitOlanaTikla(findTestObject("Menu/Menu_Basligi"), findTestObject("Menu/Basliga_Gore_Alt_Menu"), Baslik, Alt_Menu): Method.TextDegerineEsitElementinAltindakiTextDegerineEsitOlanaTikla is PASSED

2021-10-14 17:22:06 - [MESSAGE][INFO] - Finding Test Object 'Object Repository/Menu/Menu_Basligi'

2021-10-14 17:22:06 - [MESSAGE][INFO] - Finding Test Object 'Object Repository/Menu/Basliga_Gore_Alt_Menu'

2021-10-14 17:22:06 - [MESSAGE][INFO] - Checking timeout

2021-10-14 17:22:06 - [MESSAGE][INFO] - Finding web element with id: 'Object Repository/Menu/Menu_Basligi' located by 'By.xpath: //li[@class='dropdown dropdown-large open']//li[@class='dropdown-header']' in '10' second(s)

2021-10-14 17:22:06 - [MESSAGE][INFO] - Smart Wait Function is triggered

2021-10-14 17:22:07 - [MESSAGE][INFO] - Found 3 web elements with id: 'Object Repository/Menu/Menu_Basligi' located by 'By.xpath: //li[@class='dropdown dropdown-large open']//li[@class='dropdown-header']' in '10' second(s)

2021-10-14 17:22:07 - [MESSAGE][INFO] - Smart Wait Function is triggered

2021-10-14 17:22:08 - [MESSAGE][PASSED] - Method.TextDegerineEsitElementinAltindakiTextDegerineEsitOlanaTikla is PASSED

2021-10-14 17:22:08 - [MESSAGE][PASSED] - Call Test Case 'Test Cases/Menu/BasligaGoreAltMenuSecimi' successfully

2021-10-14 17:22:08 - [MESSAGE][INFO] - Checking called Test Case

2021-10-14 17:22:08 - [MESSAGE][INFO] - Starting to call Test Case 'Test Cases/Filtreler/BaslangicYaz'

2021-10-14 17:22:08 - [TEST_CASE][PASSED] - Test Cases/Filtreler/BaslangicYaz: Test Cases/Filtreler/BaslangicYaz

2021-10-14 17:22:08 - [TEST_STEP][PASSED] - Method.TextDegerineEsitElementinAltindakineTikla(findTestObject("Filtreler/Basliklar"), findTestObject("Filtreler/Basliga_Gore_Baslangic_Image"), Filtre_Adi): Method.TextDegerineEsitElementinAltindakineTikla is PASSED

2021-10-14 17:22:08 - [MESSAGE][INFO] - Finding Test Object 'Object Repository/Filtreler/Basliklar'

2021-10-14 17:22:08 - [MESSAGE][INFO] - Finding Test Object 'Object Repository/Filtreler/Basliga_Gore_Baslangic_Image'

2021-10-14 17:22:08 - [MESSAGE][INFO] - Checking timeout

2021-10-14 17:22:08 - [MESSAGE][INFO] - Finding web element with id: 'Object Repository/Filtreler/Basliklar' located by 'By.cssSelector: .control-label.col-sm-4.paddingMarginRLC' in '10' second(s)

2021-10-14 17:22:08 - [MESSAGE][INFO] - Smart Wait Function is triggered

2021-10-14 17:22:09 - [MESSAGE][INFO] - Found 20 web elements with id: 'Object Repository/Filtreler/Basliklar' located by 'By.cssSelector: .control-label.col-sm-4.paddingMarginRLC' in '10' second(s)

2021-10-14 17:22:09 - [MESSAGE][INFO] - Smart Wait Function is triggered

2021-10-14 17:22:09 - [MESSAGE][PASSED] - Method.TextDegerineEsitElementinAltindakineTikla is PASSED

2021-10-14 17:22:09 - [TEST_STEP][PASSED] - Method.TextDegerineEsitElementinAltindakiTextboxtaYaz(findTestObject("Filtreler/Basliklar"), findTestObject("Filtreler/Basliga_Gore_Baslangic"), Filtre_Adi, Filtre_Degeri): Method.TextDegerineEsitElementinAltindakiTextboxtaYaz is PASSED

2021-10-14 17:22:09 - [MESSAGE][INFO] - Finding Test Object 'Object Repository/Filtreler/Basliklar'

2021-10-14 17:22:09 - [MESSAGE][INFO] - Finding Test Object 'Object Repository/Filtreler/Basliga_Gore_Baslangic'

2021-10-14 17:22:09 - [MESSAGE][INFO] - Checking timeout

2021-10-14 17:22:09 - [MESSAGE][INFO] - Finding web element with id: 'Object Repository/Filtreler/Basliklar' located by 'By.cssSelector: .control-label.col-sm-4.paddingMarginRLC' in '10' second(s)

2021-10-14 17:22:09 - [MESSAGE][INFO] - Smart Wait Function is triggered

2021-10-14 17:22:10 - [MESSAGE][INFO] - Found 20 web elements with id: 'Object Repository/Filtreler/Basliklar' located by 'By.cssSelector: .control-label.col-sm-4.paddingMarginRLC' in '10' second(s)

2021-10-14 17:22:10 - [MESSAGE][INFO] - Smart Wait Function is triggered

2021-10-14 17:22:10 - [MESSAGE][PASSED] - Method.TextDegerineEsitElementinAltindakiTextboxtaYaz is PASSED

2021-10-14 17:22:10 - [MESSAGE][PASSED] - Call Test Case 'Test Cases/Filtreler/BaslangicYaz' successfully

2021-10-14 17:22:10 - [MESSAGE][INFO] - Checking called Test Case

2021-10-14 17:22:10 - [MESSAGE][INFO] - Starting to call Test Case 'Test Cases/Filtreler/BitisYaz'

2021-10-14 17:22:10 - [TEST_CASE][PASSED] - Test Cases/Filtreler/BitisYaz: Test Cases/Filtreler/BitisYaz

2021-10-14 17:22:10 - [TEST_STEP][PASSED] - Method.TextDegerineEsitElementinAltindakineTikla(findTestObject("Filtreler/Basliklar"), findTestObject("Filtreler/Basliga_Gore_Bitis_Image"), Filtre_Adi): Method.TextDegerineEsitElementinAltindakineTikla is PASSED

2021-10-14 17:22:10 - [MESSAGE][INFO] - Finding Test Object 'Object Repository/Filtreler/Basliklar'

2021-10-14 17:22:10 - [MESSAGE][INFO] - Finding Test Object 'Object Repository/Filtreler/Basliga_Gore_Bitis_Image'

2021-10-14 17:22:10 - [MESSAGE][INFO] - Checking timeout

2021-10-14 17:22:10 - [MESSAGE][INFO] - Finding web element with id: 'Object Repository/Filtreler/Basliklar' located by 'By.cssSelector: .control-label.col-sm-4.paddingMarginRLC' in '10' second(s)

2021-10-14 17:22:10 - [MESSAGE][INFO] - Smart Wait Function is triggered

2021-10-14 17:22:11 - [MESSAGE][INFO] - Found 20 web elements with id: 'Object Repository/Filtreler/Basliklar' located by 'By.cssSelector: .control-label.col-sm-4.paddingMarginRLC' in '10' second(s)

2021-10-14 17:22:11 - [MESSAGE][INFO] - Smart Wait Function is triggered

2021-10-14 17:22:11 - [MESSAGE][PASSED] - Method.TextDegerineEsitElementinAltindakineTikla is PASSED

2021-10-14 17:22:11 - [TEST_STEP][PASSED] - Method.TextDegerineEsitElementinAltindakiTextboxtaYaz(findTestObject("Filtreler/Basliklar"), findTestObject("Object Repository/Filtreler/Basliga_Gore_Bitis"), Filtre_Adi, Filtre_Degeri): Method.TextDegerineEsitElementinAltindakiTextboxtaYaz is PASSED

2021-10-14 17:22:11 - [MESSAGE][INFO] - Finding Test Object 'Object Repository/Filtreler/Basliklar'

2021-10-14 17:22:11 - [MESSAGE][INFO] - Finding Test Object 'Object Repository/Filtreler/Basliga_Gore_Bitis'

2021-10-14 17:22:11 - [MESSAGE][INFO] - Checking timeout

2021-10-14 17:22:11 - [MESSAGE][INFO] - Finding web element with id: 'Object Repository/Filtreler/Basliklar' located by 'By.cssSelector: .control-label.col-sm-4.paddingMarginRLC' in '10' second(s)

2021-10-14 17:22:11 - [MESSAGE][INFO] - Smart Wait Function is triggered

2021-10-14 17:22:11 - [MESSAGE][INFO] - Found 20 web elements with id: 'Object Repository/Filtreler/Basliklar' located by 'By.cssSelector: .control-label.col-sm-4.paddingMarginRLC' in '10' second(s)

2021-10-14 17:22:12 - [MESSAGE][INFO] - Smart Wait Function is triggered

2021-10-14 17:22:12 - [MESSAGE][PASSED] - Method.TextDegerineEsitElementinAltindakiTextboxtaYaz is PASSED

2021-10-14 17:22:12 - [MESSAGE][PASSED] - Call Test Case 'Test Cases/Filtreler/BitisYaz' successfully

2021-10-14 17:22:12 - [MESSAGE][INFO] - Checking called Test Case

2021-10-14 17:22:12 - [MESSAGE][INFO] - Starting to call Test Case 'Test Cases/Filtreler/TexboxaYaz'

2021-10-14 17:22:12 - [TEST_CASE][PASSED] - Test Cases/Filtreler/TexboxaYaz: Test Cases/Filtreler/TexboxaYaz

2021-10-14 17:22:12 - [TEST_STEP][PASSED] - Method.TextDegerineEsitElementinAltindakiTextboxtaYaz(findTestObject("Filtreler/Basliklar"), findTestObject("Filtreler/Basliga_Gore_Textbox"), Filtre_Adi, Filtre_Degeri): Method.TextDegerineEsitElementinAltindakiTextboxtaYaz is PASSED

2021-10-14 17:22:12 - [MESSAGE][INFO] - Finding Test Object 'Object Repository/Filtreler/Basliklar'

2021-10-14 17:22:12 - [MESSAGE][INFO] - Finding Test Object 'Object Repository/Filtreler/Basliga_Gore_Textbox'

2021-10-14 17:22:13 - [MESSAGE][INFO] - Checking timeout

2021-10-14 17:22:13 - [MESSAGE][INFO] - Finding web element with id: 'Object Repository/Filtreler/Basliklar' located by 'By.cssSelector: .control-label.col-sm-4.paddingMarginRLC' in '10' second(s)

2021-10-14 17:22:13 - [MESSAGE][INFO] - Smart Wait Function is triggered

2021-10-14 17:22:13 - [MESSAGE][INFO] - Found 20 web elements with id: 'Object Repository/Filtreler/Basliklar' located by 'By.cssSelector: .control-label.col-sm-4.paddingMarginRLC' in '10' second(s)

2021-10-14 17:22:13 - [MESSAGE][INFO] - Smart Wait Function is triggered

2021-10-14 17:22:14 - [MESSAGE][PASSED] - Method.TextDegerineEsitElementinAltindakiTextboxtaYaz is PASSED

2021-10-14 17:22:14 - [MESSAGE][PASSED] - Call Test Case 'Test Cases/Filtreler/TexboxaYaz' successfully

2021-10-14 17:22:14 - [MESSAGE][INFO] - Checking called Test Case

2021-10-14 17:22:14 - [MESSAGE][INFO] - Starting to call Test Case 'Test Cases/Filtreler/ButonaTikla'

2021-10-14 17:22:14 - [TEST_CASE][PASSED] - Test Cases/Filtreler/ButonaTikla: Test Cases/Filtreler/ButonaTikla

2021-10-14 17:22:14 - [TEST_STEP][PASSED] - Method.TextDegerineEsitElementeTikla(findTestObject("Filtreler/Butonlar"), Filtre_Buton): Method.TextDegerineEsitElementeTikla is PASSED

2021-10-14 17:22:14 - [MESSAGE][INFO] - Finding Test Object 'Object Repository/Filtreler/Butonlar'

2021-10-14 17:22:14 - [MESSAGE][INFO] - Checking timeout

2021-10-14 17:22:14 - [MESSAGE][INFO] - Finding web element with id: 'Object Repository/Filtreler/Butonlar' located by 'By.cssSelector: .dxb>span' in '10' second(s)

2021-10-14 17:22:14 - [MESSAGE][INFO] - Smart Wait Function is triggered

2021-10-14 17:22:14 - [MESSAGE][INFO] - Found 3 web elements with id: 'Object Repository/Filtreler/Butonlar' located by 'By.cssSelector: .dxb>span' in '10' second(s)

2021-10-14 17:22:14 - [MESSAGE][PASSED] - Method.TextDegerineEsitElementeTikla is PASSED

2021-10-14 17:22:14 - [MESSAGE][PASSED] - Call Test Case 'Test Cases/Filtreler/ButonaTikla' successfully

2021-10-14 17:22:14 - [MESSAGE][INFO] - Checking called Test Case

2021-10-14 17:22:14 - [MESSAGE][INFO] - Starting to call Test Case 'Test Cases/Tablo/TablodaVeriVarMi'

2021-10-14 17:22:14 - [TEST_CASE][PASSED] - Test Cases/Tablo/TablodaVeriVarMi: Test Cases/Tablo/TablodaVeriVarMi

2021-10-14 17:22:14 - [TEST_STEP][PASSED] - verifyTextNotPresent("Görüntülenecek veri yok", true): Text 'Görüntülenecek veri yok' is not present on page using regular expression

2021-10-14 17:22:14 - [MESSAGE][INFO] - Checking text present  using regular expression

2021-10-14 17:22:14 - [MESSAGE][INFO] - Smart Wait Function is triggered

2021-10-14 17:22:15 - [MESSAGE][INFO] - Finding text 'Görüntülenecek veri yok' on page  using regular expression

2021-10-14 17:22:15 - [MESSAGE][PASSED] - Text 'Görüntülenecek veri yok' is not present on page using regular expression

2021-10-14 17:22:15 - [MESSAGE][PASSED] - Call Test Case 'Test Cases/Tablo/TablodaVeriVarMi' successfully

2021-10-14 17:22:15 - [MESSAGE][INFO] - Checking called Test Case

2021-10-14 17:22:15 - [MESSAGE][INFO] - Starting to call Test Case 'Test Cases/Filtreler/TexboxaYaz'

2021-10-14 17:22:15 - [TEST_CASE][PASSED] - Test Cases/Filtreler/TexboxaYaz: Test Cases/Filtreler/TexboxaYaz

2021-10-14 17:22:15 - [TEST_STEP][PASSED] - Method.TextDegerineEsitElementinAltindakiTextboxtaYaz(findTestObject("Filtreler/Basliklar"), findTestObject("Filtreler/Basliga_Gore_Textbox"), Filtre_Adi, Filtre_Degeri): Method.TextDegerineEsitElementinAltindakiTextboxtaYaz is PASSED

2021-10-14 17:22:15 - [MESSAGE][INFO] - Finding Test Object 'Object Repository/Filtreler/Basliklar'

2021-10-14 17:22:15 - [MESSAGE][INFO] - Finding Test Object 'Object Repository/Filtreler/Basliga_Gore_Textbox'

2021-10-14 17:22:16 - [MESSAGE][INFO] - Checking timeout

2021-10-14 17:22:16 - [MESSAGE][INFO] - Finding web element with id: 'Object Repository/Filtreler/Basliklar' located by 'By.cssSelector: .control-label.col-sm-4.paddingMarginRLC' in '10' second(s)

2021-10-14 17:22:16 - [MESSAGE][INFO] - Smart Wait Function is triggered

2021-10-14 17:22:16 - [MESSAGE][INFO] - Found 20 web elements with id: 'Object Repository/Filtreler/Basliklar' located by 'By.cssSelector: .control-label.col-sm-4.paddingMarginRLC' in '10' second(s)

2021-10-14 17:22:16 - [MESSAGE][INFO] - Smart Wait Function is triggered

2021-10-14 17:22:17 - [MESSAGE][PASSED] - Method.TextDegerineEsitElementinAltindakiTextboxtaYaz is PASSED

2021-10-14 17:22:17 - [MESSAGE][PASSED] - Call Test Case 'Test Cases/Filtreler/TexboxaYaz' successfully

2021-10-14 17:22:17 - [MESSAGE][INFO] - Checking called Test Case

2021-10-14 17:22:17 - [MESSAGE][INFO] - Starting to call Test Case 'Test Cases/Filtreler/ButonaTikla'

2021-10-14 17:22:17 - [TEST_CASE][PASSED] - Test Cases/Filtreler/ButonaTikla: Test Cases/Filtreler/ButonaTikla

2021-10-14 17:22:17 - [TEST_STEP][PASSED] - Method.TextDegerineEsitElementeTikla(findTestObject("Filtreler/Butonlar"), Filtre_Buton): Method.TextDegerineEsitElementeTikla is PASSED

2021-10-14 17:22:17 - [MESSAGE][INFO] - Finding Test Object 'Object Repository/Filtreler/Butonlar'

2021-10-14 17:22:17 - [MESSAGE][INFO] - Checking timeout

2021-10-14 17:22:17 - [MESSAGE][INFO] - Finding web element with id: 'Object Repository/Filtreler/Butonlar' located by 'By.cssSelector: .dxb>span' in '10' second(s)

2021-10-14 17:22:17 - [MESSAGE][INFO] - Smart Wait Function is triggered

2021-10-14 17:22:17 - [MESSAGE][INFO] - Found 3 web elements with id: 'Object Repository/Filtreler/Butonlar' located by 'By.cssSelector: .dxb>span' in '10' second(s)

2021-10-14 17:22:17 - [MESSAGE][PASSED] - Method.TextDegerineEsitElementeTikla is PASSED

2021-10-14 17:22:17 - [MESSAGE][PASSED] - Call Test Case 'Test Cases/Filtreler/ButonaTikla' successfully

2021-10-14 17:22:17 - [MESSAGE][INFO] - Checking called Test Case

2021-10-14 17:22:17 - [MESSAGE][INFO] - Starting to call Test Case 'Test Cases/Tablo/TablodaVeriVarMi'

2021-10-14 17:22:17 - [TEST_CASE][PASSED] - Test Cases/Tablo/TablodaVeriVarMi: Test Cases/Tablo/TablodaVeriVarMi

2021-10-14 17:22:17 - [TEST_STEP][PASSED] - verifyTextNotPresent("Görüntülenecek veri yok", true): Text 'Görüntülenecek veri yok' is not present on page using regular expression

2021-10-14 17:22:17 - [MESSAGE][INFO] - Checking text present  using regular expression

2021-10-14 17:22:17 - [MESSAGE][INFO] - Smart Wait Function is triggered

2021-10-14 17:22:18 - [MESSAGE][INFO] - Finding text 'Görüntülenecek veri yok' on page  using regular expression

2021-10-14 17:22:18 - [MESSAGE][PASSED] - Text 'Görüntülenecek veri yok' is not present on page using regular expression

2021-10-14 17:22:18 - [MESSAGE][PASSED] - Call Test Case 'Test Cases/Tablo/TablodaVeriVarMi' successfully

2021-10-14 17:22:18 - [MESSAGE][INFO] - Checking called Test Case

2021-10-14 17:22:18 - [MESSAGE][INFO] - Starting to call Test Case 'Test Cases/Filtreler/TexboxaYaz'

2021-10-14 17:22:18 - [TEST_CASE][PASSED] - Test Cases/Filtreler/TexboxaYaz: Test Cases/Filtreler/TexboxaYaz

2021-10-14 17:22:18 - [TEST_STEP][PASSED] - Method.TextDegerineEsitElementinAltindakiTextboxtaYaz(findTestObject("Filtreler/Basliklar"), findTestObject("Filtreler/Basliga_Gore_Textbox"), Filtre_Adi, Filtre_Degeri): Method.TextDegerineEsitElementinAltindakiTextboxtaYaz is PASSED

2021-10-14 17:22:18 - [MESSAGE][INFO] - Finding Test Object 'Object Repository/Filtreler/Basliklar'

2021-10-14 17:22:18 - [MESSAGE][INFO] - Finding Test Object 'Object Repository/Filtreler/Basliga_Gore_Textbox'

2021-10-14 17:22:18 - [MESSAGE][INFO] - Checking timeout

2021-10-14 17:22:18 - [MESSAGE][INFO] - Finding web element with id: 'Object Repository/Filtreler/Basliklar' located by 'By.cssSelector: .control-label.col-sm-4.paddingMarginRLC' in '10' second(s)

2021-10-14 17:22:18 - [MESSAGE][INFO] - Smart Wait Function is triggered

2021-10-14 17:22:19 - [MESSAGE][INFO] - Found 20 web elements with id: 'Object Repository/Filtreler/Basliklar' located by 'By.cssSelector: .control-label.col-sm-4.paddingMarginRLC' in '10' second(s)

2021-10-14 17:22:19 - [MESSAGE][INFO] - Smart Wait Function is triggered

2021-10-14 17:22:19 - [MESSAGE][PASSED] - Method.TextDegerineEsitElementinAltindakiTextboxtaYaz is PASSED

2021-10-14 17:22:19 - [MESSAGE][PASSED] - Call Test Case 'Test Cases/Filtreler/TexboxaYaz' successfully

2021-10-14 17:22:19 - [MESSAGE][INFO] - Checking called Test Case

2021-10-14 17:22:19 - [MESSAGE][INFO] - Starting to call Test Case 'Test Cases/Filtreler/ButonaTikla'

2021-10-14 17:22:19 - [TEST_CASE][PASSED] - Test Cases/Filtreler/ButonaTikla: Test Cases/Filtreler/ButonaTikla

2021-10-14 17:22:19 - [TEST_STEP][PASSED] - Method.TextDegerineEsitElementeTikla(findTestObject("Filtreler/Butonlar"), Filtre_Buton): Method.TextDegerineEsitElementeTikla is PASSED

2021-10-14 17:22:19 - [MESSAGE][INFO] - Finding Test Object 'Object Repository/Filtreler/Butonlar'

2021-10-14 17:22:19 - [MESSAGE][INFO] - Checking timeout

2021-10-14 17:22:19 - [MESSAGE][INFO] - Finding web element with id: 'Object Repository/Filtreler/Butonlar' located by 'By.cssSelector: .dxb>span' in '10' second(s)

2021-10-14 17:22:19 - [MESSAGE][INFO] - Smart Wait Function is triggered

2021-10-14 17:22:20 - [MESSAGE][INFO] - Found 3 web elements with id: 'Object Repository/Filtreler/Butonlar' located by 'By.cssSelector: .dxb>span' in '10' second(s)

2021-10-14 17:22:20 - [MESSAGE][PASSED] - Method.TextDegerineEsitElementeTikla is PASSED

2021-10-14 17:22:20 - [MESSAGE][PASSED] - Call Test Case 'Test Cases/Filtreler/ButonaTikla' successfully

2021-10-14 17:22:20 - [MESSAGE][INFO] - Checking called Test Case

2021-10-14 17:22:20 - [MESSAGE][INFO] - Starting to call Test Case 'Test Cases/Tablo/TablodaVeriVarMi'

2021-10-14 17:22:20 - [TEST_CASE][PASSED] - Test Cases/Tablo/TablodaVeriVarMi: Test Cases/Tablo/TablodaVeriVarMi

2021-10-14 17:22:20 - [TEST_STEP][PASSED] - verifyTextNotPresent("Görüntülenecek veri yok", true): Text 'Görüntülenecek veri yok' is not present on page using regular expression

2021-10-14 17:22:20 - [MESSAGE][INFO] - Checking text present  using regular expression

2021-10-14 17:22:20 - [MESSAGE][INFO] - Smart Wait Function is triggered

2021-10-14 17:22:21 - [MESSAGE][INFO] - Finding text 'Görüntülenecek veri yok' on page  using regular expression

2021-10-14 17:22:21 - [MESSAGE][PASSED] - Text 'Görüntülenecek veri yok' is not present on page using regular expression

2021-10-14 17:22:21 - [MESSAGE][PASSED] - Call Test Case 'Test Cases/Tablo/TablodaVeriVarMi' successfully

2021-10-14 17:22:21 - [MESSAGE][INFO] - Checking called Test Case

2021-10-14 17:22:21 - [MESSAGE][INFO] - Starting to call Test Case 'Test Cases/Filtreler/TexboxaYaz'

2021-10-14 17:22:21 - [TEST_CASE][PASSED] - Test Cases/Filtreler/TexboxaYaz: Test Cases/Filtreler/TexboxaYaz

2021-10-14 17:22:21 - [TEST_STEP][PASSED] - Method.TextDegerineEsitElementinAltindakiTextboxtaYaz(findTestObject("Filtreler/Basliklar"), findTestObject("Filtreler/Basliga_Gore_Textbox"), Filtre_Adi, Filtre_Degeri): Method.TextDegerineEsitElementinAltindakiTextboxtaYaz is PASSED

2021-10-14 17:22:21 - [MESSAGE][INFO] - Finding Test Object 'Object Repository/Filtreler/Basliklar'

2021-10-14 17:22:21 - [MESSAGE][INFO] - Finding Test Object 'Object Repository/Filtreler/Basliga_Gore_Textbox'

2021-10-14 17:22:21 - [MESSAGE][INFO] - Checking timeout

2021-10-14 17:22:21 - [MESSAGE][INFO] - Finding web element with id: 'Object Repository/Filtreler/Basliklar' located by 'By.cssSelector: .control-label.col-sm-4.paddingMarginRLC' in '10' second(s)

2021-10-14 17:22:21 - [MESSAGE][INFO] - Smart Wait Function is triggered

2021-10-14 17:22:21 - [MESSAGE][INFO] - Found 20 web elements with id: 'Object Repository/Filtreler/Basliklar' located by 'By.cssSelector: .control-label.col-sm-4.paddingMarginRLC' in '10' second(s)

2021-10-14 17:22:21 - [MESSAGE][INFO] - Smart Wait Function is triggered

2021-10-14 17:22:22 - [MESSAGE][PASSED] - Method.TextDegerineEsitElementinAltindakiTextboxtaYaz is PASSED

2021-10-14 17:22:22 - [MESSAGE][PASSED] - Call Test Case 'Test Cases/Filtreler/TexboxaYaz' successfully

2021-10-14 17:22:22 - [MESSAGE][INFO] - Checking called Test Case

2021-10-14 17:22:22 - [MESSAGE][INFO] - Starting to call Test Case 'Test Cases/Filtreler/ButonaTikla'

2021-10-14 17:22:22 - [TEST_CASE][PASSED] - Test Cases/Filtreler/ButonaTikla: Test Cases/Filtreler/ButonaTikla

2021-10-14 17:22:22 - [TEST_STEP][PASSED] - Method.TextDegerineEsitElementeTikla(findTestObject("Filtreler/Butonlar"), Filtre_Buton): Method.TextDegerineEsitElementeTikla is PASSED

2021-10-14 17:22:22 - [MESSAGE][INFO] - Finding Test Object 'Object Repository/Filtreler/Butonlar'

2021-10-14 17:22:22 - [MESSAGE][INFO] - Checking timeout

2021-10-14 17:22:22 - [MESSAGE][INFO] - Finding web element with id: 'Object Repository/Filtreler/Butonlar' located by 'By.cssSelector: .dxb>span' in '10' second(s)

2021-10-14 17:22:22 - [MESSAGE][INFO] - Smart Wait Function is triggered

2021-10-14 17:22:22 - [MESSAGE][INFO] - Found 3 web elements with id: 'Object Repository/Filtreler/Butonlar' located by 'By.cssSelector: .dxb>span' in '10' second(s)

2021-10-14 17:22:22 - [MESSAGE][PASSED] - Method.TextDegerineEsitElementeTikla is PASSED

2021-10-14 17:22:22 - [MESSAGE][PASSED] - Call Test Case 'Test Cases/Filtreler/ButonaTikla' successfully

2021-10-14 17:22:22 - [MESSAGE][INFO] - Checking called Test Case

2021-10-14 17:22:22 - [MESSAGE][INFO] - Starting to call Test Case 'Test Cases/Tablo/TablodaVeriVarMi'

2021-10-14 17:22:22 - [TEST_CASE][PASSED] - Test Cases/Tablo/TablodaVeriVarMi: Test Cases/Tablo/TablodaVeriVarMi

2021-10-14 17:22:22 - [TEST_STEP][PASSED] - verifyTextNotPresent("Görüntülenecek veri yok", true): Text 'Görüntülenecek veri yok' is not present on page using regular expression

2021-10-14 17:22:22 - [MESSAGE][INFO] - Checking text present  using regular expression

2021-10-14 17:22:22 - [MESSAGE][INFO] - Smart Wait Function is triggered

2021-10-14 17:22:23 - [MESSAGE][INFO] - Finding text 'Görüntülenecek veri yok' on page  using regular expression

2021-10-14 17:22:23 - [MESSAGE][PASSED] - Text 'Görüntülenecek veri yok' is not present on page using regular expression

2021-10-14 17:22:23 - [MESSAGE][PASSED] - Call Test Case 'Test Cases/Tablo/TablodaVeriVarMi' successfully

2021-10-14 17:22:23 - [MESSAGE][INFO] - Checking called Test Case

2021-10-14 17:22:23 - [MESSAGE][INFO] - Starting to call Test Case 'Test Cases/Filtreler/TexboxaYaz'

2021-10-14 17:22:23 - [TEST_CASE][PASSED] - Test Cases/Filtreler/TexboxaYaz: Test Cases/Filtreler/TexboxaYaz

2021-10-14 17:22:23 - [TEST_STEP][PASSED] - Method.TextDegerineEsitElementinAltindakiTextboxtaYaz(findTestObject("Filtreler/Basliklar"), findTestObject("Filtreler/Basliga_Gore_Textbox"), Filtre_Adi, Filtre_Degeri): Method.TextDegerineEsitElementinAltindakiTextboxtaYaz is PASSED

2021-10-14 17:22:23 - [MESSAGE][INFO] - Finding Test Object 'Object Repository/Filtreler/Basliklar'

2021-10-14 17:22:23 - [MESSAGE][INFO] - Finding Test Object 'Object Repository/Filtreler/Basliga_Gore_Textbox'

2021-10-14 17:22:23 - [MESSAGE][INFO] - Checking timeout

2021-10-14 17:22:23 - [MESSAGE][INFO] - Finding web element with id: 'Object Repository/Filtreler/Basliklar' located by 'By.cssSelector: .control-label.col-sm-4.paddingMarginRLC' in '10' second(s)

2021-10-14 17:22:23 - [MESSAGE][INFO] - Smart Wait Function is triggered

2021-10-14 17:22:24 - [MESSAGE][INFO] - Found 20 web elements with id: 'Object Repository/Filtreler/Basliklar' located by 'By.cssSelector: .control-label.col-sm-4.paddingMarginRLC' in '10' second(s)

2021-10-14 17:22:24 - [MESSAGE][INFO] - Smart Wait Function is triggered

2021-10-14 17:22:24 - [MESSAGE][PASSED] - Method.TextDegerineEsitElementinAltindakiTextboxtaYaz is PASSED

2021-10-14 17:22:24 - [MESSAGE][PASSED] - Call Test Case 'Test Cases/Filtreler/TexboxaYaz' successfully

2021-10-14 17:22:24 - [MESSAGE][INFO] - Checking called Test Case

2021-10-14 17:22:24 - [MESSAGE][INFO] - Starting to call Test Case 'Test Cases/Filtreler/ButonaTikla'

2021-10-14 17:22:24 - [TEST_CASE][PASSED] - Test Cases/Filtreler/ButonaTikla: Test Cases/Filtreler/ButonaTikla

2021-10-14 17:22:24 - [TEST_STEP][PASSED] - Method.TextDegerineEsitElementeTikla(findTestObject("Filtreler/Butonlar"), Filtre_Buton): Method.TextDegerineEsitElementeTikla is PASSED

2021-10-14 17:22:24 - [MESSAGE][INFO] - Finding Test Object 'Object Repository/Filtreler/Butonlar'

2021-10-14 17:22:24 - [MESSAGE][INFO] - Checking timeout

2021-10-14 17:22:24 - [MESSAGE][INFO] - Finding web element with id: 'Object Repository/Filtreler/Butonlar' located by 'By.cssSelector: .dxb>span' in '10' second(s)

2021-10-14 17:22:24 - [MESSAGE][INFO] - Smart Wait Function is triggered

2021-10-14 17:22:25 - [MESSAGE][INFO] - Found 3 web elements with id: 'Object Repository/Filtreler/Butonlar' located by 'By.cssSelector: .dxb>span' in '10' second(s)

2021-10-14 17:22:25 - [MESSAGE][PASSED] - Method.TextDegerineEsitElementeTikla is PASSED

2021-10-14 17:22:25 - [MESSAGE][PASSED] - Call Test Case 'Test Cases/Filtreler/ButonaTikla' successfully

2021-10-14 17:22:25 - [MESSAGE][INFO] - Checking called Test Case

2021-10-14 17:22:25 - [MESSAGE][INFO] - Starting to call Test Case 'Test Cases/Tablo/TablodaVeriVarMi'

2021-10-14 17:22:25 - [TEST_CASE][PASSED] - Test Cases/Tablo/TablodaVeriVarMi: Test Cases/Tablo/TablodaVeriVarMi

2021-10-14 17:22:25 - [TEST_STEP][PASSED] - verifyTextNotPresent("Görüntülenecek veri yok", true): Text 'Görüntülenecek veri yok' is not present on page using regular expression

2021-10-14 17:22:25 - [MESSAGE][INFO] - Checking text present  using regular expression

2021-10-14 17:22:25 - [MESSAGE][INFO] - Smart Wait Function is triggered

2021-10-14 17:22:26 - [MESSAGE][INFO] - Finding text 'Görüntülenecek veri yok' on page  using regular expression

2021-10-14 17:22:26 - [MESSAGE][PASSED] - Text 'Görüntülenecek veri yok' is not present on page using regular expression

2021-10-14 17:22:26 - [MESSAGE][PASSED] - Call Test Case 'Test Cases/Tablo/TablodaVeriVarMi' successfully

2021-10-14 17:22:26 - [MESSAGE][INFO] - Checking called Test Case

2021-10-14 17:22:26 - [MESSAGE][INFO] - Starting to call Test Case 'Test Cases/Filtreler/filtreIcerigiSil'

2021-10-14 17:22:26 - [TEST_CASE][PASSED] - Test Cases/Filtreler/filtreIcerigiSil: Test Cases/Filtreler/filtreIcerigiSil

2021-10-14 17:22:26 - [TEST_STEP][PASSED] - Method.TextDegerineEsitElementinAltindakiTextboxtaYaz(findTestObject("Filtreler/Basliklar"), findTestObject("Filtreler/Basliga_Gore_Textbox"), Filtre_Adi, Keys.chord(CONTROL, Keys.chord("a"), BACK_SPACE)): Method.TextDegerineEsitElementinAltindakiTextboxtaYaz is PASSED

2021-10-14 17:22:26 - [MESSAGE][INFO] - Finding Test Object 'Object Repository/Filtreler/Basliklar'

2021-10-14 17:22:26 - [MESSAGE][INFO] - Finding Test Object 'Object Repository/Filtreler/Basliga_Gore_Textbox'

2021-10-14 17:22:26 - [MESSAGE][INFO] - Checking timeout

2021-10-14 17:22:26 - [MESSAGE][INFO] - Finding web element with id: 'Object Repository/Filtreler/Basliklar' located by 'By.cssSelector: .control-label.col-sm-4.paddingMarginRLC' in '10' second(s)

2021-10-14 17:22:26 - [MESSAGE][INFO] - Smart Wait Function is triggered

2021-10-14 17:22:26 - [MESSAGE][INFO] - Found 20 web elements with id: 'Object Repository/Filtreler/Basliklar' located by 'By.cssSelector: .control-label.col-sm-4.paddingMarginRLC' in '10' second(s)

2021-10-14 17:22:26 - [MESSAGE][INFO] - Smart Wait Function is triggered

2021-10-14 17:22:27 - [MESSAGE][PASSED] - Method.TextDegerineEsitElementinAltindakiTextboxtaYaz is PASSED

2021-10-14 17:22:27 - [MESSAGE][PASSED] - Call Test Case 'Test Cases/Filtreler/filtreIcerigiSil' successfully

2021-10-14 17:22:27 - [MESSAGE][INFO] - Checking called Test Case

2021-10-14 17:22:27 - [MESSAGE][INFO] - Starting to call Test Case 'Test Cases/Filtreler/TexboxaYaz'

2021-10-14 17:22:27 - [TEST_CASE][PASSED] - Test Cases/Filtreler/TexboxaYaz: Test Cases/Filtreler/TexboxaYaz

2021-10-14 17:22:27 - [TEST_STEP][PASSED] - Method.TextDegerineEsitElementinAltindakiTextboxtaYaz(findTestObject("Filtreler/Basliklar"), findTestObject("Filtreler/Basliga_Gore_Textbox"), Filtre_Adi, Filtre_Degeri): Method.TextDegerineEsitElementinAltindakiTextboxtaYaz is PASSED

2021-10-14 17:22:27 - [MESSAGE][INFO] - Finding Test Object 'Object Repository/Filtreler/Basliklar'

2021-10-14 17:22:27 - [MESSAGE][INFO] - Finding Test Object 'Object Repository/Filtreler/Basliga_Gore_Textbox'

2021-10-14 17:22:27 - [MESSAGE][INFO] - Checking timeout

2021-10-14 17:22:27 - [MESSAGE][INFO] - Finding web element with id: 'Object Repository/Filtreler/Basliklar' located by 'By.cssSelector: .control-label.col-sm-4.paddingMarginRLC' in '10' second(s)

2021-10-14 17:22:27 - [MESSAGE][INFO] - Smart Wait Function is triggered

2021-10-14 17:22:27 - [MESSAGE][INFO] - Found 20 web elements with id: 'Object Repository/Filtreler/Basliklar' located by 'By.cssSelector: .control-label.col-sm-4.paddingMarginRLC' in '10' second(s)

2021-10-14 17:22:27 - [MESSAGE][INFO] - Smart Wait Function is triggered

2021-10-14 17:22:28 - [MESSAGE][PASSED] - Method.TextDegerineEsitElementinAltindakiTextboxtaYaz is PASSED

2021-10-14 17:22:28 - [MESSAGE][PASSED] - Call Test Case 'Test Cases/Filtreler/TexboxaYaz' successfully

2021-10-14 17:22:28 - [MESSAGE][INFO] - Checking called Test Case

2021-10-14 17:22:28 - [MESSAGE][INFO] - Starting to call Test Case 'Test Cases/Filtreler/ButonaTikla'

2021-10-14 17:22:28 - [TEST_CASE][PASSED] - Test Cases/Filtreler/ButonaTikla: Test Cases/Filtreler/ButonaTikla

2021-10-14 17:22:28 - [TEST_STEP][PASSED] - Method.TextDegerineEsitElementeTikla(findTestObject("Filtreler/Butonlar"), Filtre_Buton): Method.TextDegerineEsitElementeTikla is PASSED

2021-10-14 17:22:28 - [MESSAGE][INFO] - Finding Test Object 'Object Repository/Filtreler/Butonlar'

2021-10-14 17:22:28 - [MESSAGE][INFO] - Checking timeout

2021-10-14 17:22:28 - [MESSAGE][INFO] - Finding web element with id: 'Object Repository/Filtreler/Butonlar' located by 'By.cssSelector: .dxb>span' in '10' second(s)

2021-10-14 17:22:28 - [MESSAGE][INFO] - Smart Wait Function is triggered

2021-10-14 17:22:28 - [MESSAGE][INFO] - Found 3 web elements with id: 'Object Repository/Filtreler/Butonlar' located by 'By.cssSelector: .dxb>span' in '10' second(s)

2021-10-14 17:22:28 - [MESSAGE][PASSED] - Method.TextDegerineEsitElementeTikla is PASSED

2021-10-14 17:22:28 - [MESSAGE][PASSED] - Call Test Case 'Test Cases/Filtreler/ButonaTikla' successfully

2021-10-14 17:22:29 - [MESSAGE][INFO] - Checking called Test Case

2021-10-14 17:22:29 - [MESSAGE][INFO] - Starting to call Test Case 'Test Cases/Tablo/TablodaVeriVarMi'

2021-10-14 17:22:29 - [TEST_CASE][PASSED] - Test Cases/Tablo/TablodaVeriVarMi: Test Cases/Tablo/TablodaVeriVarMi

2021-10-14 17:22:29 - [TEST_STEP][PASSED] - verifyTextNotPresent("Görüntülenecek veri yok", true): Text 'Görüntülenecek veri yok' is not present on page using regular expression

2021-10-14 17:22:29 - [MESSAGE][INFO] - Checking text present  using regular expression

2021-10-14 17:22:29 - [MESSAGE][INFO] - Smart Wait Function is triggered

2021-10-14 17:22:29 - [MESSAGE][INFO] - Finding text 'Görüntülenecek veri yok' on page  using regular expression

2021-10-14 17:22:29 - [MESSAGE][PASSED] - Text 'Görüntülenecek veri yok' is not present on page using regular expression

2021-10-14 17:22:29 - [MESSAGE][PASSED] - Call Test Case 'Test Cases/Tablo/TablodaVeriVarMi' successfully

2021-10-14 17:22:29 - [MESSAGE][INFO] - Checking called Test Case

2021-10-14 17:22:29 - [MESSAGE][INFO] - Starting to call Test Case 'Test Cases/Filtreler/TexboxaYaz'

2021-10-14 17:22:30 - [TEST_CASE][PASSED] - Test Cases/Filtreler/TexboxaYaz: Test Cases/Filtreler/TexboxaYaz

2021-10-14 17:22:30 - [TEST_STEP][PASSED] - Method.TextDegerineEsitElementinAltindakiTextboxtaYaz(findTestObject("Filtreler/Basliklar"), findTestObject("Filtreler/Basliga_Gore_Textbox"), Filtre_Adi, Filtre_Degeri): Method.TextDegerineEsitElementinAltindakiTextboxtaYaz is PASSED

2021-10-14 17:22:30 - [MESSAGE][INFO] - Finding Test Object 'Object Repository/Filtreler/Basliklar'

2021-10-14 17:22:30 - [MESSAGE][INFO] - Finding Test Object 'Object Repository/Filtreler/Basliga_Gore_Textbox'

2021-10-14 17:22:30 - [MESSAGE][INFO] - Checking timeout

2021-10-14 17:22:30 - [MESSAGE][INFO] - Finding web element with id: 'Object Repository/Filtreler/Basliklar' located by 'By.cssSelector: .control-label.col-sm-4.paddingMarginRLC' in '10' second(s)

2021-10-14 17:22:30 - [MESSAGE][INFO] - Smart Wait Function is triggered

2021-10-14 17:22:30 - [MESSAGE][INFO] - Found 20 web elements with id: 'Object Repository/Filtreler/Basliklar' located by 'By.cssSelector: .control-label.col-sm-4.paddingMarginRLC' in '10' second(s)

2021-10-14 17:22:30 - [MESSAGE][INFO] - Smart Wait Function is triggered

2021-10-14 17:22:30 - [MESSAGE][PASSED] - Method.TextDegerineEsitElementinAltindakiTextboxtaYaz is PASSED

2021-10-14 17:22:30 - [MESSAGE][PASSED] - Call Test Case 'Test Cases/Filtreler/TexboxaYaz' successfully

2021-10-14 17:22:30 - [MESSAGE][INFO] - Checking called Test Case

2021-10-14 17:22:30 - [MESSAGE][INFO] - Starting to call Test Case 'Test Cases/Filtreler/ButonaTikla'

2021-10-14 17:22:31 - [TEST_CASE][PASSED] - Test Cases/Filtreler/ButonaTikla: Test Cases/Filtreler/ButonaTikla

2021-10-14 17:22:31 - [TEST_STEP][PASSED] - Method.TextDegerineEsitElementeTikla(findTestObject("Filtreler/Butonlar"), Filtre_Buton): Method.TextDegerineEsitElementeTikla is PASSED

2021-10-14 17:22:31 - [MESSAGE][INFO] - Finding Test Object 'Object Repository/Filtreler/Butonlar'

2021-10-14 17:22:31 - [MESSAGE][INFO] - Checking timeout

2021-10-14 17:22:31 - [MESSAGE][INFO] - Finding web element with id: 'Object Repository/Filtreler/Butonlar' located by 'By.cssSelector: .dxb>span' in '10' second(s)

2021-10-14 17:22:31 - [MESSAGE][INFO] - Smart Wait Function is triggered

2021-10-14 17:22:31 - [MESSAGE][INFO] - Found 3 web elements with id: 'Object Repository/Filtreler/Butonlar' located by 'By.cssSelector: .dxb>span' in '10' second(s)

2021-10-14 17:22:31 - [MESSAGE][PASSED] - Method.TextDegerineEsitElementeTikla is PASSED

2021-10-14 17:22:31 - [MESSAGE][PASSED] - Call Test Case 'Test Cases/Filtreler/ButonaTikla' successfully

2021-10-14 17:22:31 - [MESSAGE][INFO] - Checking called Test Case

2021-10-14 17:22:31 - [MESSAGE][INFO] - Starting to call Test Case 'Test Cases/Tablo/TablodaVeriVarMi'

2021-10-14 17:22:31 - [TEST_CASE][PASSED] - Test Cases/Tablo/TablodaVeriVarMi: Test Cases/Tablo/TablodaVeriVarMi

2021-10-14 17:22:31 - [TEST_STEP][PASSED] - verifyTextNotPresent("Görüntülenecek veri yok", true): Text 'Görüntülenecek veri yok' is not present on page using regular expression

2021-10-14 17:22:31 - [MESSAGE][INFO] - Checking text present  using regular expression

2021-10-14 17:22:31 - [MESSAGE][INFO] - Smart Wait Function is triggered

2021-10-14 17:22:32 - [MESSAGE][INFO] - Finding text 'Görüntülenecek veri yok' on page  using regular expression

2021-10-14 17:22:32 - [MESSAGE][PASSED] - Text 'Görüntülenecek veri yok' is not present on page using regular expression

2021-10-14 17:22:32 - [MESSAGE][PASSED] - Call Test Case 'Test Cases/Tablo/TablodaVeriVarMi' successfully

2021-10-14 17:22:32 - [MESSAGE][INFO] - Checking called Test Case

2021-10-14 17:22:32 - [MESSAGE][INFO] - Starting to call Test Case 'Test Cases/Filtreler/TexboxaYaz'

2021-10-14 17:22:32 - [TEST_CASE][PASSED] - Test Cases/Filtreler/TexboxaYaz: Test Cases/Filtreler/TexboxaYaz

2021-10-14 17:22:32 - [TEST_STEP][PASSED] - Method.TextDegerineEsitElementinAltindakiTextboxtaYaz(findTestObject("Filtreler/Basliklar"), findTestObject("Filtreler/Basliga_Gore_Textbox"), Filtre_Adi, Filtre_Degeri): Method.TextDegerineEsitElementinAltindakiTextboxtaYaz is PASSED

2021-10-14 17:22:32 - [MESSAGE][INFO] - Finding Test Object 'Object Repository/Filtreler/Basliklar'

2021-10-14 17:22:32 - [MESSAGE][INFO] - Finding Test Object 'Object Repository/Filtreler/Basliga_Gore_Textbox'

2021-10-14 17:22:32 - [MESSAGE][INFO] - Checking timeout

2021-10-14 17:22:32 - [MESSAGE][INFO] - Finding web element with id: 'Object Repository/Filtreler/Basliklar' located by 'By.cssSelector: .control-label.col-sm-4.paddingMarginRLC' in '10' second(s)

2021-10-14 17:22:32 - [MESSAGE][INFO] - Smart Wait Function is triggered

2021-10-14 17:22:32 - [MESSAGE][INFO] - Found 20 web elements with id: 'Object Repository/Filtreler/Basliklar' located by 'By.cssSelector: .control-label.col-sm-4.paddingMarginRLC' in '10' second(s)

2021-10-14 17:22:32 - [MESSAGE][INFO] - Smart Wait Function is triggered

2021-10-14 17:22:33 - [MESSAGE][PASSED] - Method.TextDegerineEsitElementinAltindakiTextboxtaYaz is PASSED

2021-10-14 17:22:33 - [MESSAGE][PASSED] - Call Test Case 'Test Cases/Filtreler/TexboxaYaz' successfully

2021-10-14 17:22:33 - [MESSAGE][INFO] - Checking called Test Case

2021-10-14 17:22:33 - [MESSAGE][INFO] - Starting to call Test Case 'Test Cases/Filtreler/ButonaTikla'

2021-10-14 17:22:33 - [TEST_CASE][PASSED] - Test Cases/Filtreler/ButonaTikla: Test Cases/Filtreler/ButonaTikla

2021-10-14 17:22:33 - [TEST_STEP][PASSED] - Method.TextDegerineEsitElementeTikla(findTestObject("Filtreler/Butonlar"), Filtre_Buton): Method.TextDegerineEsitElementeTikla is PASSED

2021-10-14 17:22:33 - [MESSAGE][INFO] - Finding Test Object 'Object Repository/Filtreler/Butonlar'

2021-10-14 17:22:33 - [MESSAGE][INFO] - Checking timeout

2021-10-14 17:22:33 - [MESSAGE][INFO] - Finding web element with id: 'Object Repository/Filtreler/Butonlar' located by 'By.cssSelector: .dxb>span' in '10' second(s)

2021-10-14 17:22:33 - [MESSAGE][INFO] - Smart Wait Function is triggered

2021-10-14 17:22:33 - [MESSAGE][INFO] - Found 3 web elements with id: 'Object Repository/Filtreler/Butonlar' located by 'By.cssSelector: .dxb>span' in '10' second(s)

2021-10-14 17:22:33 - [MESSAGE][PASSED] - Method.TextDegerineEsitElementeTikla is PASSED

2021-10-14 17:22:33 - [MESSAGE][PASSED] - Call Test Case 'Test Cases/Filtreler/ButonaTikla' successfully

2021-10-14 17:22:33 - [MESSAGE][INFO] - Checking called Test Case

2021-10-14 17:22:33 - [MESSAGE][INFO] - Starting to call Test Case 'Test Cases/Tablo/TablodaVeriVarMi'

2021-10-14 17:22:34 - [TEST_CASE][PASSED] - Test Cases/Tablo/TablodaVeriVarMi: Test Cases/Tablo/TablodaVeriVarMi

2021-10-14 17:22:34 - [TEST_STEP][PASSED] - verifyTextNotPresent("Görüntülenecek veri yok", true): Text 'Görüntülenecek veri yok' is not present on page using regular expression

2021-10-14 17:22:34 - [MESSAGE][INFO] - Checking text present  using regular expression

2021-10-14 17:22:34 - [MESSAGE][INFO] - Smart Wait Function is triggered

2021-10-14 17:22:34 - [MESSAGE][INFO] - Finding text 'Görüntülenecek veri yok' on page  using regular expression

2021-10-14 17:22:34 - [MESSAGE][PASSED] - Text 'Görüntülenecek veri yok' is not present on page using regular expression

2021-10-14 17:22:34 - [MESSAGE][PASSED] - Call Test Case 'Test Cases/Tablo/TablodaVeriVarMi' successfully

2021-10-14 17:22:34 - [MESSAGE][INFO] - Checking called Test Case

2021-10-14 17:22:34 - [MESSAGE][INFO] - Starting to call Test Case 'Test Cases/Filtreler/TexboxaYaz'

2021-10-14 17:22:35 - [TEST_CASE][PASSED] - Test Cases/Filtreler/TexboxaYaz: Test Cases/Filtreler/TexboxaYaz

2021-10-14 17:22:35 - [TEST_STEP][PASSED] - Method.TextDegerineEsitElementinAltindakiTextboxtaYaz(findTestObject("Filtreler/Basliklar"), findTestObject("Filtreler/Basliga_Gore_Textbox"), Filtre_Adi, Filtre_Degeri): Method.TextDegerineEsitElementinAltindakiTextboxtaYaz is PASSED

2021-10-14 17:22:35 - [MESSAGE][INFO] - Finding Test Object 'Object Repository/Filtreler/Basliklar'

2021-10-14 17:22:35 - [MESSAGE][INFO] - Finding Test Object 'Object Repository/Filtreler/Basliga_Gore_Textbox'

2021-10-14 17:22:35 - [MESSAGE][INFO] - Checking timeout

2021-10-14 17:22:35 - [MESSAGE][INFO] - Finding web element with id: 'Object Repository/Filtreler/Basliklar' located by 'By.cssSelector: .control-label.col-sm-4.paddingMarginRLC' in '10' second(s)

2021-10-14 17:22:35 - [MESSAGE][INFO] - Smart Wait Function is triggered

2021-10-14 17:22:35 - [MESSAGE][INFO] - Found 20 web elements with id: 'Object Repository/Filtreler/Basliklar' located by 'By.cssSelector: .control-label.col-sm-4.paddingMarginRLC' in '10' second(s)

2021-10-14 17:22:35 - [MESSAGE][INFO] - Smart Wait Function is triggered

2021-10-14 17:22:35 - [MESSAGE][PASSED] - Method.TextDegerineEsitElementinAltindakiTextboxtaYaz is PASSED

2021-10-14 17:22:35 - [MESSAGE][PASSED] - Call Test Case 'Test Cases/Filtreler/TexboxaYaz' successfully

2021-10-14 17:22:35 - [MESSAGE][INFO] - Checking called Test Case

2021-10-14 17:22:35 - [MESSAGE][INFO] - Starting to call Test Case 'Test Cases/Filtreler/ButonaTikla'

2021-10-14 17:22:36 - [TEST_CASE][PASSED] - Test Cases/Filtreler/ButonaTikla: Test Cases/Filtreler/ButonaTikla

2021-10-14 17:22:36 - [TEST_STEP][PASSED] - Method.TextDegerineEsitElementeTikla(findTestObject("Filtreler/Butonlar"), Filtre_Buton): Method.TextDegerineEsitElementeTikla is PASSED

2021-10-14 17:22:36 - [MESSAGE][INFO] - Finding Test Object 'Object Repository/Filtreler/Butonlar'

2021-10-14 17:22:36 - [MESSAGE][INFO] - Checking timeout

2021-10-14 17:22:36 - [MESSAGE][INFO] - Finding web element with id: 'Object Repository/Filtreler/Butonlar' located by 'By.cssSelector: .dxb>span' in '10' second(s)

2021-10-14 17:22:36 - [MESSAGE][INFO] - Smart Wait Function is triggered

2021-10-14 17:22:36 - [MESSAGE][INFO] - Found 3 web elements with id: 'Object Repository/Filtreler/Butonlar' located by 'By.cssSelector: .dxb>span' in '10' second(s)

2021-10-14 17:22:36 - [MESSAGE][PASSED] - Method.TextDegerineEsitElementeTikla is PASSED

2021-10-14 17:22:36 - [MESSAGE][PASSED] - Call Test Case 'Test Cases/Filtreler/ButonaTikla' successfully

2021-10-14 17:22:36 - [MESSAGE][INFO] - Checking called Test Case

2021-10-14 17:22:36 - [MESSAGE][INFO] - Starting to call Test Case 'Test Cases/Tablo/TablodaVeriVarMi'

2021-10-14 17:22:36 - [TEST_CASE][PASSED] - Test Cases/Tablo/TablodaVeriVarMi: Test Cases/Tablo/TablodaVeriVarMi

2021-10-14 17:22:36 - [TEST_STEP][PASSED] - verifyTextNotPresent("Görüntülenecek veri yok", true): Text 'Görüntülenecek veri yok' is not present on page using regular expression

2021-10-14 17:22:36 - [MESSAGE][INFO] - Checking text present  using regular expression

2021-10-14 17:22:36 - [MESSAGE][INFO] - Smart Wait Function is triggered

2021-10-14 17:22:37 - [MESSAGE][INFO] - Finding text 'Görüntülenecek veri yok' on page  using regular expression

2021-10-14 17:22:37 - [MESSAGE][PASSED] - Text 'Görüntülenecek veri yok' is not present on page using regular expression

2021-10-14 17:22:37 - [MESSAGE][PASSED] - Call Test Case 'Test Cases/Tablo/TablodaVeriVarMi' successfully

2021-10-14 17:22:37 - [MESSAGE][INFO] - Checking called Test Case

2021-10-14 17:22:37 - [MESSAGE][INFO] - Starting to call Test Case 'Test Cases/Filtreler/filtreIcerigiSil'

2021-10-14 17:22:37 - [TEST_CASE][PASSED] - Test Cases/Filtreler/filtreIcerigiSil: Test Cases/Filtreler/filtreIcerigiSil

2021-10-14 17:22:37 - [TEST_STEP][PASSED] - Method.TextDegerineEsitElementinAltindakiTextboxtaYaz(findTestObject("Filtreler/Basliklar"), findTestObject("Filtreler/Basliga_Gore_Textbox"), Filtre_Adi, Keys.chord(CONTROL, Keys.chord("a"), BACK_SPACE)): Method.TextDegerineEsitElementinAltindakiTextboxtaYaz is PASSED

2021-10-14 17:22:37 - [MESSAGE][INFO] - Finding Test Object 'Object Repository/Filtreler/Basliklar'

2021-10-14 17:22:37 - [MESSAGE][INFO] - Finding Test Object 'Object Repository/Filtreler/Basliga_Gore_Textbox'

2021-10-14 17:22:37 - [MESSAGE][INFO] - Checking timeout

2021-10-14 17:22:37 - [MESSAGE][INFO] - Finding web element with id: 'Object Repository/Filtreler/Basliklar' located by 'By.cssSelector: .control-label.col-sm-4.paddingMarginRLC' in '10' second(s)

2021-10-14 17:22:37 - [MESSAGE][INFO] - Smart Wait Function is triggered

2021-10-14 17:22:38 - [MESSAGE][INFO] - Found 20 web elements with id: 'Object Repository/Filtreler/Basliklar' located by 'By.cssSelector: .control-label.col-sm-4.paddingMarginRLC' in '10' second(s)

2021-10-14 17:22:38 - [MESSAGE][INFO] - Smart Wait Function is triggered

2021-10-14 17:22:38 - [MESSAGE][PASSED] - Method.TextDegerineEsitElementinAltindakiTextboxtaYaz is PASSED

2021-10-14 17:22:38 - [MESSAGE][PASSED] - Call Test Case 'Test Cases/Filtreler/filtreIcerigiSil' successfully

2021-10-14 17:22:38 - [MESSAGE][INFO] - Checking called Test Case

2021-10-14 17:22:38 - [MESSAGE][INFO] - Starting to call Test Case 'Test Cases/Filtreler/TexboxaYaz'

2021-10-14 17:22:38 - [TEST_CASE][PASSED] - Test Cases/Filtreler/TexboxaYaz: Test Cases/Filtreler/TexboxaYaz

2021-10-14 17:22:38 - [TEST_STEP][PASSED] - Method.TextDegerineEsitElementinAltindakiTextboxtaYaz(findTestObject("Filtreler/Basliklar"), findTestObject("Filtreler/Basliga_Gore_Textbox"), Filtre_Adi, Filtre_Degeri): Method.TextDegerineEsitElementinAltindakiTextboxtaYaz is PASSED

2021-10-14 17:22:38 - [MESSAGE][INFO] - Finding Test Object 'Object Repository/Filtreler/Basliklar'

2021-10-14 17:22:38 - [MESSAGE][INFO] - Finding Test Object 'Object Repository/Filtreler/Basliga_Gore_Textbox'

2021-10-14 17:22:38 - [MESSAGE][INFO] - Checking timeout

2021-10-14 17:22:38 - [MESSAGE][INFO] - Finding web element with id: 'Object Repository/Filtreler/Basliklar' located by 'By.cssSelector: .control-label.col-sm-4.paddingMarginRLC' in '10' second(s)

2021-10-14 17:22:38 - [MESSAGE][INFO] - Smart Wait Function is triggered

2021-10-14 17:22:39 - [MESSAGE][INFO] - Found 20 web elements with id: 'Object Repository/Filtreler/Basliklar' located by 'By.cssSelector: .control-label.col-sm-4.paddingMarginRLC' in '10' second(s)

2021-10-14 17:22:39 - [MESSAGE][INFO] - Smart Wait Function is triggered

2021-10-14 17:22:39 - [MESSAGE][PASSED] - Method.TextDegerineEsitElementinAltindakiTextboxtaYaz is PASSED

2021-10-14 17:22:39 - [MESSAGE][PASSED] - Call Test Case 'Test Cases/Filtreler/TexboxaYaz' successfully

2021-10-14 17:22:39 - [MESSAGE][INFO] - Checking called Test Case

2021-10-14 17:22:39 - [MESSAGE][INFO] - Starting to call Test Case 'Test Cases/Filtreler/ButonaTikla'

2021-10-14 17:22:39 - [TEST_CASE][PASSED] - Test Cases/Filtreler/ButonaTikla: Test Cases/Filtreler/ButonaTikla

2021-10-14 17:22:39 - [TEST_STEP][PASSED] - Method.TextDegerineEsitElementeTikla(findTestObject("Filtreler/Butonlar"), Filtre_Buton): Method.TextDegerineEsitElementeTikla is PASSED

2021-10-14 17:22:39 - [MESSAGE][INFO] - Finding Test Object 'Object Repository/Filtreler/Butonlar'

2021-10-14 17:22:39 - [MESSAGE][INFO] - Checking timeout

2021-10-14 17:22:39 - [MESSAGE][INFO] - Finding web element with id: 'Object Repository/Filtreler/Butonlar' located by 'By.cssSelector: .dxb>span' in '10' second(s)

2021-10-14 17:22:39 - [MESSAGE][INFO] - Smart Wait Function is triggered

2021-10-14 17:22:40 - [MESSAGE][INFO] - Found 3 web elements with id: 'Object Repository/Filtreler/Butonlar' located by 'By.cssSelector: .dxb>span' in '10' second(s)

2021-10-14 17:22:40 - [MESSAGE][PASSED] - Method.TextDegerineEsitElementeTikla is PASSED

2021-10-14 17:22:40 - [MESSAGE][PASSED] - Call Test Case 'Test Cases/Filtreler/ButonaTikla' successfully

2021-10-14 17:22:40 - [MESSAGE][INFO] - Checking called Test Case

2021-10-14 17:22:40 - [MESSAGE][INFO] - Starting to call Test Case 'Test Cases/Tablo/TablodaVeriVarMi'

2021-10-14 17:22:40 - [TEST_CASE][PASSED] - Test Cases/Tablo/TablodaVeriVarMi: Test Cases/Tablo/TablodaVeriVarMi

2021-10-14 17:22:40 - [TEST_STEP][PASSED] - verifyTextNotPresent("Görüntülenecek veri yok", true): Text 'Görüntülenecek veri yok' is not present on page using regular expression

2021-10-14 17:22:40 - [MESSAGE][INFO] - Checking text present  using regular expression

2021-10-14 17:22:40 - [MESSAGE][INFO] - Smart Wait Function is triggered

2021-10-14 17:22:40 - [MESSAGE][INFO] - Finding text 'Görüntülenecek veri yok' on page  using regular expression

2021-10-14 17:22:40 - [MESSAGE][PASSED] - Text 'Görüntülenecek veri yok' is not present on page using regular expression

2021-10-14 17:22:40 - [MESSAGE][PASSED] - Call Test Case 'Test Cases/Tablo/TablodaVeriVarMi' successfully

2021-10-14 17:22:40 - [MESSAGE][INFO] - Checking called Test Case

2021-10-14 17:22:40 - [MESSAGE][INFO] - Starting to call Test Case 'Test Cases/Filtreler/TexboxaYaz'

2021-10-14 17:22:40 - [TEST_CASE][PASSED] - Test Cases/Filtreler/TexboxaYaz: Test Cases/Filtreler/TexboxaYaz

2021-10-14 17:22:40 - [TEST_STEP][PASSED] - Method.TextDegerineEsitElementinAltindakiTextboxtaYaz(findTestObject("Filtreler/Basliklar"), findTestObject("Filtreler/Basliga_Gore_Textbox"), Filtre_Adi, Filtre_Degeri): Method.TextDegerineEsitElementinAltindakiTextboxtaYaz is PASSED

2021-10-14 17:22:40 - [MESSAGE][INFO] - Finding Test Object 'Object Repository/Filtreler/Basliklar'

2021-10-14 17:22:41 - [MESSAGE][INFO] - Finding Test Object 'Object Repository/Filtreler/Basliga_Gore_Textbox'

2021-10-14 17:22:41 - [MESSAGE][INFO] - Checking timeout

2021-10-14 17:22:41 - [MESSAGE][INFO] - Finding web element with id: 'Object Repository/Filtreler/Basliklar' located by 'By.cssSelector: .control-label.col-sm-4.paddingMarginRLC' in '10' second(s)

2021-10-14 17:22:41 - [MESSAGE][INFO] - Smart Wait Function is triggered

2021-10-14 17:22:41 - [MESSAGE][INFO] - Found 20 web elements with id: 'Object Repository/Filtreler/Basliklar' located by 'By.cssSelector: .control-label.col-sm-4.paddingMarginRLC' in '10' second(s)

2021-10-14 17:22:41 - [MESSAGE][INFO] - Smart Wait Function is triggered

2021-10-14 17:22:41 - [MESSAGE][PASSED] - Method.TextDegerineEsitElementinAltindakiTextboxtaYaz is PASSED

2021-10-14 17:22:41 - [MESSAGE][PASSED] - Call Test Case 'Test Cases/Filtreler/TexboxaYaz' successfully

2021-10-14 17:22:41 - [MESSAGE][INFO] - Checking called Test Case

2021-10-14 17:22:41 - [MESSAGE][INFO] - Starting to call Test Case 'Test Cases/Filtreler/ButonaTikla'

2021-10-14 17:22:42 - [TEST_CASE][PASSED] - Test Cases/Filtreler/ButonaTikla: Test Cases/Filtreler/ButonaTikla

2021-10-14 17:22:42 - [TEST_STEP][PASSED] - Method.TextDegerineEsitElementeTikla(findTestObject("Filtreler/Butonlar"), Filtre_Buton): Method.TextDegerineEsitElementeTikla is PASSED

2021-10-14 17:22:42 - [MESSAGE][INFO] - Finding Test Object 'Object Repository/Filtreler/Butonlar'

2021-10-14 17:22:42 - [MESSAGE][INFO] - Checking timeout

2021-10-14 17:22:42 - [MESSAGE][INFO] - Finding web element with id: 'Object Repository/Filtreler/Butonlar' located by 'By.cssSelector: .dxb>span' in '10' second(s)

2021-10-14 17:22:42 - [MESSAGE][INFO] - Smart Wait Function is triggered

2021-10-14 17:22:42 - [MESSAGE][INFO] - Found 3 web elements with id: 'Object Repository/Filtreler/Butonlar' located by 'By.cssSelector: .dxb>span' in '10' second(s)

2021-10-14 17:22:42 - [MESSAGE][PASSED] - Method.TextDegerineEsitElementeTikla is PASSED

2021-10-14 17:22:42 - [MESSAGE][PASSED] - Call Test Case 'Test Cases/Filtreler/ButonaTikla' successfully

2021-10-14 17:22:42 - [MESSAGE][INFO] - Checking called Test Case

2021-10-14 17:22:42 - [MESSAGE][INFO] - Starting to call Test Case 'Test Cases/Tablo/TablodaVeriVarMi'

2021-10-14 17:22:42 - [TEST_CASE][PASSED] - Test Cases/Tablo/TablodaVeriVarMi: Test Cases/Tablo/TablodaVeriVarMi

2021-10-14 17:22:42 - [TEST_STEP][PASSED] - verifyTextNotPresent("Görüntülenecek veri yok", true): Text 'Görüntülenecek veri yok' is not present on page using regular expression

2021-10-14 17:22:42 - [MESSAGE][INFO] - Checking text present  using regular expression

2021-10-14 17:22:42 - [MESSAGE][INFO] - Smart Wait Function is triggered

2021-10-14 17:22:43 - [MESSAGE][INFO] - Finding text 'Görüntülenecek veri yok' on page  using regular expression

2021-10-14 17:22:43 - [MESSAGE][PASSED] - Text 'Görüntülenecek veri yok' is not present on page using regular expression

2021-10-14 17:22:43 - [MESSAGE][PASSED] - Call Test Case 'Test Cases/Tablo/TablodaVeriVarMi' successfully

2021-10-14 17:22:43 - [MESSAGE][INFO] - Checking called Test Case

2021-10-14 17:22:43 - [MESSAGE][INFO] - Starting to call Test Case 'Test Cases/Filtreler/TexboxaYaz'

2021-10-14 17:22:43 - [TEST_CASE][PASSED] - Test Cases/Filtreler/TexboxaYaz: Test Cases/Filtreler/TexboxaYaz

2021-10-14 17:22:43 - [TEST_STEP][PASSED] - Method.TextDegerineEsitElementinAltindakiTextboxtaYaz(findTestObject("Filtreler/Basliklar"), findTestObject("Filtreler/Basliga_Gore_Textbox"), Filtre_Adi, Filtre_Degeri): Method.TextDegerineEsitElementinAltindakiTextboxtaYaz is PASSED

2021-10-14 17:22:43 - [MESSAGE][INFO] - Finding Test Object 'Object Repository/Filtreler/Basliklar'

2021-10-14 17:22:43 - [MESSAGE][INFO] - Finding Test Object 'Object Repository/Filtreler/Basliga_Gore_Textbox'

2021-10-14 17:22:43 - [MESSAGE][INFO] - Checking timeout

2021-10-14 17:22:43 - [MESSAGE][INFO] - Finding web element with id: 'Object Repository/Filtreler/Basliklar' located by 'By.cssSelector: .control-label.col-sm-4.paddingMarginRLC' in '10' second(s)

2021-10-14 17:22:43 - [MESSAGE][INFO] - Smart Wait Function is triggered

2021-10-14 17:22:43 - [MESSAGE][INFO] - Found 20 web elements with id: 'Object Repository/Filtreler/Basliklar' located by 'By.cssSelector: .control-label.col-sm-4.paddingMarginRLC' in '10' second(s)

2021-10-14 17:22:43 - [MESSAGE][INFO] - Smart Wait Function is triggered

2021-10-14 17:22:44 - [MESSAGE][PASSED] - Method.TextDegerineEsitElementinAltindakiTextboxtaYaz is PASSED

2021-10-14 17:22:44 - [MESSAGE][PASSED] - Call Test Case 'Test Cases/Filtreler/TexboxaYaz' successfully

2021-10-14 17:22:44 - [MESSAGE][INFO] - Checking called Test Case

2021-10-14 17:22:44 - [MESSAGE][INFO] - Starting to call Test Case 'Test Cases/Filtreler/ButonaTikla'

2021-10-14 17:22:44 - [TEST_CASE][PASSED] - Test Cases/Filtreler/ButonaTikla: Test Cases/Filtreler/ButonaTikla

2021-10-14 17:22:44 - [TEST_STEP][PASSED] - Method.TextDegerineEsitElementeTikla(findTestObject("Filtreler/Butonlar"), Filtre_Buton): Method.TextDegerineEsitElementeTikla is PASSED

2021-10-14 17:22:44 - [MESSAGE][INFO] - Finding Test Object 'Object Repository/Filtreler/Butonlar'

2021-10-14 17:22:44 - [MESSAGE][INFO] - Checking timeout

2021-10-14 17:22:44 - [MESSAGE][INFO] - Finding web element with id: 'Object Repository/Filtreler/Butonlar' located by 'By.cssSelector: .dxb>span' in '10' second(s)

2021-10-14 17:22:44 - [MESSAGE][INFO] - Smart Wait Function is triggered

2021-10-14 17:22:44 - [MESSAGE][INFO] - Found 3 web elements with id: 'Object Repository/Filtreler/Butonlar' located by 'By.cssSelector: .dxb>span' in '10' second(s)

2021-10-14 17:22:45 - [MESSAGE][PASSED] - Method.TextDegerineEsitElementeTikla is PASSED

2021-10-14 17:22:45 - [MESSAGE][PASSED] - Call Test Case 'Test Cases/Filtreler/ButonaTikla' successfully

2021-10-14 17:22:45 - [MESSAGE][INFO] - Checking called Test Case

2021-10-14 17:22:45 - [MESSAGE][INFO] - Starting to call Test Case 'Test Cases/Tablo/TablodaVeriVarMi'

2021-10-14 17:22:45 - [TEST_CASE][PASSED] - Test Cases/Tablo/TablodaVeriVarMi: Test Cases/Tablo/TablodaVeriVarMi

2021-10-14 17:22:45 - [TEST_STEP][PASSED] - verifyTextNotPresent("Görüntülenecek veri yok", true): Text 'Görüntülenecek veri yok' is not present on page using regular expression

2021-10-14 17:22:45 - [MESSAGE][INFO] - Checking text present  using regular expression

2021-10-14 17:22:45 - [MESSAGE][INFO] - Smart Wait Function is triggered

2021-10-14 17:22:45 - [MESSAGE][INFO] - Finding text 'Görüntülenecek veri yok' on page  using regular expression

2021-10-14 17:22:45 - [MESSAGE][PASSED] - Text 'Görüntülenecek veri yok' is not present on page using regular expression

2021-10-14 17:22:45 - [MESSAGE][PASSED] - Call Test Case 'Test Cases/Tablo/TablodaVeriVarMi' successfully

2021-10-14 17:22:45 - [MESSAGE][INFO] - Checking called Test Case

2021-10-14 17:22:45 - [MESSAGE][INFO] - Starting to call Test Case 'Test Cases/Filtreler/TexboxaYaz'

2021-10-14 17:22:46 - [TEST_CASE][PASSED] - Test Cases/Filtreler/TexboxaYaz: Test Cases/Filtreler/TexboxaYaz

2021-10-14 17:22:46 - [TEST_STEP][PASSED] - Method.TextDegerineEsitElementinAltindakiTextboxtaYaz(findTestObject("Filtreler/Basliklar"), findTestObject("Filtreler/Basliga_Gore_Textbox"), Filtre_Adi, Filtre_Degeri): Method.TextDegerineEsitElementinAltindakiTextboxtaYaz is PASSED

2021-10-14 17:22:46 - [MESSAGE][INFO] - Finding Test Object 'Object Repository/Filtreler/Basliklar'

2021-10-14 17:22:46 - [MESSAGE][INFO] - Finding Test Object 'Object Repository/Filtreler/Basliga_Gore_Textbox'

2021-10-14 17:22:46 - [MESSAGE][INFO] - Checking timeout

2021-10-14 17:22:46 - [MESSAGE][INFO] - Finding web element with id: 'Object Repository/Filtreler/Basliklar' located by 'By.cssSelector: .control-label.col-sm-4.paddingMarginRLC' in '10' second(s)

2021-10-14 17:22:46 - [MESSAGE][INFO] - Smart Wait Function is triggered

2021-10-14 17:22:46 - [MESSAGE][INFO] - Found 20 web elements with id: 'Object Repository/Filtreler/Basliklar' located by 'By.cssSelector: .control-label.col-sm-4.paddingMarginRLC' in '10' second(s)

2021-10-14 17:22:46 - [MESSAGE][INFO] - Smart Wait Function is triggered

2021-10-14 17:22:47 - [MESSAGE][PASSED] - Method.TextDegerineEsitElementinAltindakiTextboxtaYaz is PASSED

2021-10-14 17:22:47 - [MESSAGE][PASSED] - Call Test Case 'Test Cases/Filtreler/TexboxaYaz' successfully

2021-10-14 17:22:47 - [MESSAGE][INFO] - Checking called Test Case

2021-10-14 17:22:47 - [MESSAGE][INFO] - Starting to call Test Case 'Test Cases/Filtreler/ButonaTikla'

2021-10-14 17:22:47 - [TEST_CASE][PASSED] - Test Cases/Filtreler/ButonaTikla: Test Cases/Filtreler/ButonaTikla

2021-10-14 17:22:47 - [TEST_STEP][PASSED] - Method.TextDegerineEsitElementeTikla(findTestObject("Filtreler/Butonlar"), Filtre_Buton): Method.TextDegerineEsitElementeTikla is PASSED

2021-10-14 17:22:47 - [MESSAGE][INFO] - Finding Test Object 'Object Repository/Filtreler/Butonlar'

2021-10-14 17:22:47 - [MESSAGE][INFO] - Checking timeout

2021-10-14 17:22:47 - [MESSAGE][INFO] - Finding web element with id: 'Object Repository/Filtreler/Butonlar' located by 'By.cssSelector: .dxb>span' in '10' second(s)

2021-10-14 17:22:47 - [MESSAGE][INFO] - Smart Wait Function is triggered

2021-10-14 17:22:47 - [MESSAGE][INFO] - Found 3 web elements with id: 'Object Repository/Filtreler/Butonlar' located by 'By.cssSelector: .dxb>span' in '10' second(s)

2021-10-14 17:22:47 - [MESSAGE][PASSED] - Method.TextDegerineEsitElementeTikla is PASSED

2021-10-14 17:22:47 - [MESSAGE][PASSED] - Call Test Case 'Test Cases/Filtreler/ButonaTikla' successfully

2021-10-14 17:22:47 - [MESSAGE][INFO] - Checking called Test Case

2021-10-14 17:22:47 - [MESSAGE][INFO] - Starting to call Test Case 'Test Cases/Tablo/TablodaVeriVarMi'

2021-10-14 17:22:47 - [TEST_CASE][PASSED] - Test Cases/Tablo/TablodaVeriVarMi: Test Cases/Tablo/TablodaVeriVarMi

2021-10-14 17:22:47 - [TEST_STEP][PASSED] - verifyTextNotPresent("Görüntülenecek veri yok", true): Text 'Görüntülenecek veri yok' is not present on page using regular expression

2021-10-14 17:22:47 - [MESSAGE][INFO] - Checking text present  using regular expression

2021-10-14 17:22:47 - [MESSAGE][INFO] - Smart Wait Function is triggered

2021-10-14 17:22:48 - [MESSAGE][INFO] - Finding text 'Görüntülenecek veri yok' on page  using regular expression

2021-10-14 17:22:48 - [MESSAGE][PASSED] - Text 'Görüntülenecek veri yok' is not present on page using regular expression

2021-10-14 17:22:48 - [MESSAGE][PASSED] - Call Test Case 'Test Cases/Tablo/TablodaVeriVarMi' successfully

2021-10-14 17:22:48 - [MESSAGE][INFO] - Checking called Test Case

2021-10-14 17:22:48 - [MESSAGE][INFO] - Starting to call Test Case 'Test Cases/Filtreler/filtreIcerigiSil'

2021-10-14 17:22:48 - [TEST_CASE][PASSED] - Test Cases/Filtreler/filtreIcerigiSil: Test Cases/Filtreler/filtreIcerigiSil

2021-10-14 17:22:48 - [TEST_STEP][PASSED] - Method.TextDegerineEsitElementinAltindakiTextboxtaYaz(findTestObject("Filtreler/Basliklar"), findTestObject("Filtreler/Basliga_Gore_Textbox"), Filtre_Adi, Keys.chord(CONTROL, Keys.chord("a"), BACK_SPACE)): Method.TextDegerineEsitElementinAltindakiTextboxtaYaz is PASSED

2021-10-14 17:22:48 - [MESSAGE][INFO] - Finding Test Object 'Object Repository/Filtreler/Basliklar'

2021-10-14 17:22:48 - [MESSAGE][INFO] - Finding Test Object 'Object Repository/Filtreler/Basliga_Gore_Textbox'

2021-10-14 17:22:48 - [MESSAGE][INFO] - Checking timeout

2021-10-14 17:22:48 - [MESSAGE][INFO] - Finding web element with id: 'Object Repository/Filtreler/Basliklar' located by 'By.cssSelector: .control-label.col-sm-4.paddingMarginRLC' in '10' second(s)

2021-10-14 17:22:48 - [MESSAGE][INFO] - Smart Wait Function is triggered

2021-10-14 17:22:49 - [MESSAGE][INFO] - Found 20 web elements with id: 'Object Repository/Filtreler/Basliklar' located by 'By.cssSelector: .control-label.col-sm-4.paddingMarginRLC' in '10' second(s)

2021-10-14 17:22:49 - [MESSAGE][INFO] - Smart Wait Function is triggered

2021-10-14 17:22:49 - [MESSAGE][PASSED] - Method.TextDegerineEsitElementinAltindakiTextboxtaYaz is PASSED

2021-10-14 17:22:49 - [MESSAGE][PASSED] - Call Test Case 'Test Cases/Filtreler/filtreIcerigiSil' successfully

2021-10-14 17:22:49 - [MESSAGE][INFO] - Checking called Test Case

2021-10-14 17:22:49 - [MESSAGE][INFO] - Starting to call Test Case 'Test Cases/Filtreler/TexboxaYaz'

2021-10-14 17:22:49 - [TEST_CASE][PASSED] - Test Cases/Filtreler/TexboxaYaz: Test Cases/Filtreler/TexboxaYaz

2021-10-14 17:22:49 - [TEST_STEP][PASSED] - Method.TextDegerineEsitElementinAltindakiTextboxtaYaz(findTestObject("Filtreler/Basliklar"), findTestObject("Filtreler/Basliga_Gore_Textbox"), Filtre_Adi, Filtre_Degeri): Method.TextDegerineEsitElementinAltindakiTextboxtaYaz is PASSED

2021-10-14 17:22:49 - [MESSAGE][INFO] - Finding Test Object 'Object Repository/Filtreler/Basliklar'

2021-10-14 17:22:49 - [MESSAGE][INFO] - Finding Test Object 'Object Repository/Filtreler/Basliga_Gore_Textbox'

2021-10-14 17:22:49 - [MESSAGE][INFO] - Checking timeout

2021-10-14 17:22:49 - [MESSAGE][INFO] - Finding web element with id: 'Object Repository/Filtreler/Basliklar' located by 'By.cssSelector: .control-label.col-sm-4.paddingMarginRLC' in '10' second(s)

2021-10-14 17:22:49 - [MESSAGE][INFO] - Smart Wait Function is triggered

2021-10-14 17:22:50 - [MESSAGE][INFO] - Found 20 web elements with id: 'Object Repository/Filtreler/Basliklar' located by 'By.cssSelector: .control-label.col-sm-4.paddingMarginRLC' in '10' second(s)

2021-10-14 17:22:50 - [MESSAGE][INFO] - Smart Wait Function is triggered

2021-10-14 17:22:50 - [MESSAGE][PASSED] - Method.TextDegerineEsitElementinAltindakiTextboxtaYaz is PASSED

2021-10-14 17:22:50 - [MESSAGE][PASSED] - Call Test Case 'Test Cases/Filtreler/TexboxaYaz' successfully

2021-10-14 17:22:50 - [MESSAGE][INFO] - Checking called Test Case

2021-10-14 17:22:50 - [MESSAGE][INFO] - Starting to call Test Case 'Test Cases/Filtreler/ButonaTikla'

2021-10-14 17:22:50 - [TEST_CASE][PASSED] - Test Cases/Filtreler/ButonaTikla: Test Cases/Filtreler/ButonaTikla

2021-10-14 17:22:50 - [TEST_STEP][PASSED] - Method.TextDegerineEsitElementeTikla(findTestObject("Filtreler/Butonlar"), Filtre_Buton): Method.TextDegerineEsitElementeTikla is PASSED

2021-10-14 17:22:50 - [MESSAGE][INFO] - Finding Test Object 'Object Repository/Filtreler/Butonlar'

2021-10-14 17:22:51 - [MESSAGE][INFO] - Checking timeout

2021-10-14 17:22:51 - [MESSAGE][INFO] - Finding web element with id: 'Object Repository/Filtreler/Butonlar' located by 'By.cssSelector: .dxb>span' in '10' second(s)

2021-10-14 17:22:51 - [MESSAGE][INFO] - Smart Wait Function is triggered

2021-10-14 17:22:51 - [MESSAGE][INFO] - Found 3 web elements with id: 'Object Repository/Filtreler/Butonlar' located by 'By.cssSelector: .dxb>span' in '10' second(s)

2021-10-14 17:22:51 - [MESSAGE][PASSED] - Method.TextDegerineEsitElementeTikla is PASSED

2021-10-14 17:22:51 - [MESSAGE][PASSED] - Call Test Case 'Test Cases/Filtreler/ButonaTikla' successfully

2021-10-14 17:22:51 - [MESSAGE][INFO] - Checking called Test Case

2021-10-14 17:22:51 - [MESSAGE][INFO] - Starting to call Test Case 'Test Cases/Tablo/TablodaVeriVarMi'

2021-10-14 17:22:51 - [TEST_CASE][PASSED] - Test Cases/Tablo/TablodaVeriVarMi: Test Cases/Tablo/TablodaVeriVarMi

2021-10-14 17:22:51 - [TEST_STEP][PASSED] - verifyTextNotPresent("Görüntülenecek veri yok", true): Text 'Görüntülenecek veri yok' is not present on page using regular expression

2021-10-14 17:22:51 - [MESSAGE][INFO] - Checking text present  using regular expression

2021-10-14 17:22:51 - [MESSAGE][INFO] - Smart Wait Function is triggered

2021-10-14 17:22:52 - [MESSAGE][INFO] - Finding text 'Görüntülenecek veri yok' on page  using regular expression

2021-10-14 17:22:52 - [MESSAGE][PASSED] - Text 'Görüntülenecek veri yok' is not present on page using regular expression

2021-10-14 17:22:52 - [MESSAGE][PASSED] - Call Test Case 'Test Cases/Tablo/TablodaVeriVarMi' successfully

2021-10-14 17:22:52 - [MESSAGE][INFO] - Checking called Test Case

2021-10-14 17:22:52 - [MESSAGE][INFO] - Starting to call Test Case 'Test Cases/Filtreler/TexboxaYaz'

2021-10-14 17:22:52 - [TEST_CASE][PASSED] - Test Cases/Filtreler/TexboxaYaz: Test Cases/Filtreler/TexboxaYaz

2021-10-14 17:22:52 - [TEST_STEP][PASSED] - Method.TextDegerineEsitElementinAltindakiTextboxtaYaz(findTestObject("Filtreler/Basliklar"), findTestObject("Filtreler/Basliga_Gore_Textbox"), Filtre_Adi, Filtre_Degeri): Method.TextDegerineEsitElementinAltindakiTextboxtaYaz is PASSED

2021-10-14 17:22:52 - [MESSAGE][INFO] - Finding Test Object 'Object Repository/Filtreler/Basliklar'

2021-10-14 17:22:52 - [MESSAGE][INFO] - Finding Test Object 'Object Repository/Filtreler/Basliga_Gore_Textbox'

2021-10-14 17:22:52 - [MESSAGE][INFO] - Checking timeout

2021-10-14 17:22:52 - [MESSAGE][INFO] - Finding web element with id: 'Object Repository/Filtreler/Basliklar' located by 'By.cssSelector: .control-label.col-sm-4.paddingMarginRLC' in '10' second(s)

2021-10-14 17:22:52 - [MESSAGE][INFO] - Smart Wait Function is triggered

2021-10-14 17:22:52 - [MESSAGE][INFO] - Found 20 web elements with id: 'Object Repository/Filtreler/Basliklar' located by 'By.cssSelector: .control-label.col-sm-4.paddingMarginRLC' in '10' second(s)

2021-10-14 17:22:52 - [MESSAGE][INFO] - Smart Wait Function is triggered

2021-10-14 17:22:53 - [MESSAGE][PASSED] - Method.TextDegerineEsitElementinAltindakiTextboxtaYaz is PASSED

2021-10-14 17:22:53 - [MESSAGE][PASSED] - Call Test Case 'Test Cases/Filtreler/TexboxaYaz' successfully

2021-10-14 17:22:53 - [MESSAGE][INFO] - Checking called Test Case

2021-10-14 17:22:53 - [MESSAGE][INFO] - Starting to call Test Case 'Test Cases/Filtreler/ButonaTikla'

2021-10-14 17:22:53 - [TEST_CASE][PASSED] - Test Cases/Filtreler/ButonaTikla: Test Cases/Filtreler/ButonaTikla

2021-10-14 17:22:53 - [TEST_STEP][PASSED] - Method.TextDegerineEsitElementeTikla(findTestObject("Filtreler/Butonlar"), Filtre_Buton): Method.TextDegerineEsitElementeTikla is PASSED

2021-10-14 17:22:53 - [MESSAGE][INFO] - Finding Test Object 'Object Repository/Filtreler/Butonlar'

2021-10-14 17:22:53 - [MESSAGE][INFO] - Checking timeout

2021-10-14 17:22:53 - [MESSAGE][INFO] - Finding web element with id: 'Object Repository/Filtreler/Butonlar' located by 'By.cssSelector: .dxb>span' in '10' second(s)

2021-10-14 17:22:53 - [MESSAGE][INFO] - Smart Wait Function is triggered

2021-10-14 17:22:53 - [MESSAGE][INFO] - Found 3 web elements with id: 'Object Repository/Filtreler/Butonlar' located by 'By.cssSelector: .dxb>span' in '10' second(s)

2021-10-14 17:22:53 - [MESSAGE][PASSED] - Method.TextDegerineEsitElementeTikla is PASSED

2021-10-14 17:22:53 - [MESSAGE][PASSED] - Call Test Case 'Test Cases/Filtreler/ButonaTikla' successfully

2021-10-14 17:22:53 - [MESSAGE][INFO] - Checking called Test Case

2021-10-14 17:22:53 - [MESSAGE][INFO] - Starting to call Test Case 'Test Cases/Tablo/TablodaVeriVarMi'

2021-10-14 17:22:53 - [TEST_CASE][PASSED] - Test Cases/Tablo/TablodaVeriVarMi: Test Cases/Tablo/TablodaVeriVarMi

2021-10-14 17:22:53 - [TEST_STEP][PASSED] - verifyTextNotPresent("Görüntülenecek veri yok", true): Text 'Görüntülenecek veri yok' is not present on page using regular expression

2021-10-14 17:22:53 - [MESSAGE][INFO] - Checking text present  using regular expression

2021-10-14 17:22:53 - [MESSAGE][INFO] - Smart Wait Function is triggered

2021-10-14 17:22:54 - [MESSAGE][INFO] - Finding text 'Görüntülenecek veri yok' on page  using regular expression

2021-10-14 17:22:54 - [MESSAGE][PASSED] - Text 'Görüntülenecek veri yok' is not present on page using regular expression

2021-10-14 17:22:54 - [MESSAGE][PASSED] - Call Test Case 'Test Cases/Tablo/TablodaVeriVarMi' successfully

2021-10-14 17:22:54 - [MESSAGE][INFO] - Checking called Test Case

2021-10-14 17:22:54 - [MESSAGE][INFO] - Starting to call Test Case 'Test Cases/Filtreler/TexboxaYaz'

2021-10-14 17:22:54 - [TEST_CASE][PASSED] - Test Cases/Filtreler/TexboxaYaz: Test Cases/Filtreler/TexboxaYaz

2021-10-14 17:22:54 - [TEST_STEP][PASSED] - Method.TextDegerineEsitElementinAltindakiTextboxtaYaz(findTestObject("Filtreler/Basliklar"), findTestObject("Filtreler/Basliga_Gore_Textbox"), Filtre_Adi, Filtre_Degeri): Method.TextDegerineEsitElementinAltindakiTextboxtaYaz is PASSED

2021-10-14 17:22:54 - [MESSAGE][INFO] - Finding Test Object 'Object Repository/Filtreler/Basliklar'

2021-10-14 17:22:54 - [MESSAGE][INFO] - Finding Test Object 'Object Repository/Filtreler/Basliga_Gore_Textbox'

2021-10-14 17:22:54 - [MESSAGE][INFO] - Checking timeout

2021-10-14 17:22:54 - [MESSAGE][INFO] - Finding web element with id: 'Object Repository/Filtreler/Basliklar' located by 'By.cssSelector: .control-label.col-sm-4.paddingMarginRLC' in '10' second(s)

2021-10-14 17:22:54 - [MESSAGE][INFO] - Smart Wait Function is triggered

2021-10-14 17:22:54 - [MESSAGE][INFO] - Found 20 web elements with id: 'Object Repository/Filtreler/Basliklar' located by 'By.cssSelector: .control-label.col-sm-4.paddingMarginRLC' in '10' second(s)

2021-10-14 17:22:55 - [MESSAGE][INFO] - Smart Wait Function is triggered

2021-10-14 17:22:55 - [MESSAGE][PASSED] - Method.TextDegerineEsitElementinAltindakiTextboxtaYaz is PASSED

2021-10-14 17:22:55 - [MESSAGE][PASSED] - Call Test Case 'Test Cases/Filtreler/TexboxaYaz' successfully

2021-10-14 17:22:55 - [MESSAGE][INFO] - Checking called Test Case

2021-10-14 17:22:55 - [MESSAGE][INFO] - Starting to call Test Case 'Test Cases/Filtreler/ButonaTikla'

2021-10-14 17:22:55 - [TEST_CASE][PASSED] - Test Cases/Filtreler/ButonaTikla: Test Cases/Filtreler/ButonaTikla

2021-10-14 17:22:55 - [TEST_STEP][PASSED] - Method.TextDegerineEsitElementeTikla(findTestObject("Filtreler/Butonlar"), Filtre_Buton): Method.TextDegerineEsitElementeTikla is PASSED

2021-10-14 17:22:55 - [MESSAGE][INFO] - Finding Test Object 'Object Repository/Filtreler/Butonlar'

2021-10-14 17:22:55 - [MESSAGE][INFO] - Checking timeout

2021-10-14 17:22:55 - [MESSAGE][INFO] - Finding web element with id: 'Object Repository/Filtreler/Butonlar' located by 'By.cssSelector: .dxb>span' in '10' second(s)

2021-10-14 17:22:55 - [MESSAGE][INFO] - Smart Wait Function is triggered

2021-10-14 17:22:55 - [MESSAGE][INFO] - Found 3 web elements with id: 'Object Repository/Filtreler/Butonlar' located by 'By.cssSelector: .dxb>span' in '10' second(s)

2021-10-14 17:22:55 - [MESSAGE][PASSED] - Method.TextDegerineEsitElementeTikla is PASSED

2021-10-14 17:22:55 - [MESSAGE][PASSED] - Call Test Case 'Test Cases/Filtreler/ButonaTikla' successfully

2021-10-14 17:22:55 - [MESSAGE][INFO] - Checking called Test Case

2021-10-14 17:22:55 - [MESSAGE][INFO] - Starting to call Test Case 'Test Cases/Tablo/TablodaVeriVarMi'

2021-10-14 17:22:56 - [TEST_CASE][PASSED] - Test Cases/Tablo/TablodaVeriVarMi: Test Cases/Tablo/TablodaVeriVarMi

2021-10-14 17:22:56 - [TEST_STEP][PASSED] - verifyTextNotPresent("Görüntülenecek veri yok", true): Text 'Görüntülenecek veri yok' is not present on page using regular expression

2021-10-14 17:22:56 - [MESSAGE][INFO] - Checking text present  using regular expression

2021-10-14 17:22:56 - [MESSAGE][INFO] - Smart Wait Function is triggered

2021-10-14 17:22:56 - [MESSAGE][INFO] - Finding text 'Görüntülenecek veri yok' on page  using regular expression

2021-10-14 17:22:56 - [MESSAGE][PASSED] - Text 'Görüntülenecek veri yok' is not present on page using regular expression

2021-10-14 17:22:56 - [MESSAGE][PASSED] - Call Test Case 'Test Cases/Tablo/TablodaVeriVarMi' successfully

2021-10-14 17:22:56 - [MESSAGE][INFO] - Checking called Test Case

2021-10-14 17:22:56 - [MESSAGE][INFO] - Starting to call Test Case 'Test Cases/Filtreler/TexboxaYaz'

2021-10-14 17:22:56 - [TEST_CASE][PASSED] - Test Cases/Filtreler/TexboxaYaz: Test Cases/Filtreler/TexboxaYaz

2021-10-14 17:22:56 - [TEST_STEP][PASSED] - Method.TextDegerineEsitElementinAltindakiTextboxtaYaz(findTestObject("Filtreler/Basliklar"), findTestObject("Filtreler/Basliga_Gore_Textbox"), Filtre_Adi, Filtre_Degeri): Method.TextDegerineEsitElementinAltindakiTextboxtaYaz is PASSED

2021-10-14 17:22:56 - [MESSAGE][INFO] - Finding Test Object 'Object Repository/Filtreler/Basliklar'

2021-10-14 17:22:57 - [MESSAGE][INFO] - Finding Test Object 'Object Repository/Filtreler/Basliga_Gore_Textbox'

2021-10-14 17:22:57 - [MESSAGE][INFO] - Checking timeout

2021-10-14 17:22:57 - [MESSAGE][INFO] - Finding web element with id: 'Object Repository/Filtreler/Basliklar' located by 'By.cssSelector: .control-label.col-sm-4.paddingMarginRLC' in '10' second(s)

2021-10-14 17:22:57 - [MESSAGE][INFO] - Smart Wait Function is triggered

2021-10-14 17:22:57 - [MESSAGE][INFO] - Found 20 web elements with id: 'Object Repository/Filtreler/Basliklar' located by 'By.cssSelector: .control-label.col-sm-4.paddingMarginRLC' in '10' second(s)

2021-10-14 17:22:57 - [MESSAGE][INFO] - Smart Wait Function is triggered

2021-10-14 17:22:57 - [MESSAGE][PASSED] - Method.TextDegerineEsitElementinAltindakiTextboxtaYaz is PASSED

2021-10-14 17:22:57 - [MESSAGE][PASSED] - Call Test Case 'Test Cases/Filtreler/TexboxaYaz' successfully

2021-10-14 17:22:57 - [MESSAGE][INFO] - Checking called Test Case

2021-10-14 17:22:57 - [MESSAGE][INFO] - Starting to call Test Case 'Test Cases/Filtreler/ButonaTikla'

2021-10-14 17:22:58 - [TEST_CASE][PASSED] - Test Cases/Filtreler/ButonaTikla: Test Cases/Filtreler/ButonaTikla

2021-10-14 17:22:58 - [TEST_STEP][PASSED] - Method.TextDegerineEsitElementeTikla(findTestObject("Filtreler/Butonlar"), Filtre_Buton): Method.TextDegerineEsitElementeTikla is PASSED

2021-10-14 17:22:58 - [MESSAGE][INFO] - Finding Test Object 'Object Repository/Filtreler/Butonlar'

2021-10-14 17:22:58 - [MESSAGE][INFO] - Checking timeout

2021-10-14 17:22:58 - [MESSAGE][INFO] - Finding web element with id: 'Object Repository/Filtreler/Butonlar' located by 'By.cssSelector: .dxb>span' in '10' second(s)

2021-10-14 17:22:58 - [MESSAGE][INFO] - Smart Wait Function is triggered

2021-10-14 17:22:58 - [MESSAGE][INFO] - Found 3 web elements with id: 'Object Repository/Filtreler/Butonlar' located by 'By.cssSelector: .dxb>span' in '10' second(s)

2021-10-14 17:22:58 - [MESSAGE][PASSED] - Method.TextDegerineEsitElementeTikla is PASSED

2021-10-14 17:22:58 - [MESSAGE][PASSED] - Call Test Case 'Test Cases/Filtreler/ButonaTikla' successfully

2021-10-14 17:22:58 - [MESSAGE][INFO] - Checking called Test Case

2021-10-14 17:22:58 - [MESSAGE][INFO] - Starting to call Test Case 'Test Cases/Tablo/TablodaVeriVarMi'

2021-10-14 17:22:58 - [TEST_CASE][PASSED] - Test Cases/Tablo/TablodaVeriVarMi: Test Cases/Tablo/TablodaVeriVarMi

2021-10-14 17:22:58 - [TEST_STEP][PASSED] - verifyTextNotPresent("Görüntülenecek veri yok", true): Text 'Görüntülenecek veri yok' is not present on page using regular expression

2021-10-14 17:22:58 - [MESSAGE][INFO] - Checking text present  using regular expression

2021-10-14 17:22:58 - [MESSAGE][INFO] - Smart Wait Function is triggered

2021-10-14 17:22:59 - [MESSAGE][INFO] - Finding text 'Görüntülenecek veri yok' on page  using regular expression

2021-10-14 17:22:59 - [MESSAGE][PASSED] - Text 'Görüntülenecek veri yok' is not present on page using regular expression

2021-10-14 17:22:59 - [MESSAGE][PASSED] - Call Test Case 'Test Cases/Tablo/TablodaVeriVarMi' successfully

2021-10-14 17:22:59 - [MESSAGE][INFO] - Checking called Test Case

2021-10-14 17:22:59 - [MESSAGE][INFO] - Starting to call Test Case 'Test Cases/Kullanici_Islemleri/KullaniciIslemlerindenSecimYapilir'

2021-10-14 17:22:59 - [TEST_CASE][PASSED] - Test Cases/Kullanici_Islemleri/KullaniciIslemlerindenSecimYapilir: Test Cases/Kullanici_Islemleri/KullaniciIslemlerindenSecimYapilir

2021-10-14 17:22:59 - [TEST_STEP][PASSED] - waitForElementClickable(findTestObject("Object Repository/Kullanici_Islemleri/KullaniciIslemleri"), 10): Object 'Object Repository/Kullanici_Islemleri/KullaniciIslemleri' is clickable

2021-10-14 17:22:59 - [MESSAGE][INFO] - Finding Test Object 'Object Repository/Kullanici_Islemleri/KullaniciIslemleri'

2021-10-14 17:22:59 - [MESSAGE][INFO] - Checking object

2021-10-14 17:22:59 - [MESSAGE][INFO] - Checking timeout

2021-10-14 17:22:59 - [MESSAGE][INFO] - Finding web element from Test Object's properties

2021-10-14 17:22:59 - [MESSAGE][INFO] - Checking timeout

2021-10-14 17:22:59 - [MESSAGE][INFO] - Finding web element with id: 'Object Repository/Kullanici_Islemleri/KullaniciIslemleri' located by 'By.cssSelector: .dropdown>a>img' in '10' second(s)

2021-10-14 17:22:59 - [MESSAGE][INFO] - Smart Wait Function is triggered

2021-10-14 17:22:59 - [MESSAGE][INFO] - Found 1 web elements with id: 'Object Repository/Kullanici_Islemleri/KullaniciIslemleri' located by 'By.cssSelector: .dropdown>a>img' in '10' second(s)

2021-10-14 17:22:59 - [MESSAGE][PASSED] - Object 'Object Repository/Kullanici_Islemleri/KullaniciIslemleri' is clickable

2021-10-14 17:22:59 - [TEST_STEP][PASSED] - click(findTestObject("Object Repository/Kullanici_Islemleri/KullaniciIslemleri")): Object: 'Object Repository/Kullanici_Islemleri/KullaniciIslemleri' is clicked on

2021-10-14 17:22:59 - [MESSAGE][INFO] - Finding Test Object 'Object Repository/Kullanici_Islemleri/KullaniciIslemleri'

2021-10-14 17:22:59 - [MESSAGE][INFO] - Checking object

2021-10-14 17:22:59 - [MESSAGE][INFO] - Finding web element from Test Object's properties

2021-10-14 17:22:59 - [MESSAGE][INFO] - Checking timeout

2021-10-14 17:22:59 - [MESSAGE][INFO] - Finding web element with id: 'Object Repository/Kullanici_Islemleri/KullaniciIslemleri' located by 'By.cssSelector: .dropdown>a>img' in '30' second(s)

2021-10-14 17:22:59 - [MESSAGE][INFO] - Smart Wait Function is triggered

2021-10-14 17:23:00 - [MESSAGE][INFO] - Found 1 web elements with id: 'Object Repository/Kullanici_Islemleri/KullaniciIslemleri' located by 'By.cssSelector: .dropdown>a>img' in '30' second(s)

2021-10-14 17:23:00 - [MESSAGE][INFO] - Clicking on object: 'Object Repository/Kullanici_Islemleri/KullaniciIslemleri'

2021-10-14 17:23:00 - [MESSAGE][PASSED] - Object: 'Object Repository/Kullanici_Islemleri/KullaniciIslemleri' is clicked on

2021-10-14 17:23:00 - [TEST_STEP][PASSED] - Method.TextDegerineEsitElementeTikla(findTestObject("Object Repository/Kullanici_Islemleri/Secenekler"), Islem): Method.TextDegerineEsitElementeTikla is PASSED

2021-10-14 17:23:00 - [MESSAGE][INFO] - Finding Test Object 'Object Repository/Kullanici_Islemleri/Secenekler'

2021-10-14 17:23:00 - [MESSAGE][INFO] - Checking timeout

2021-10-14 17:23:00 - [MESSAGE][INFO] - Finding web element with id: 'Object Repository/Kullanici_Islemleri/Secenekler' located by 'By.cssSelector: .nav.navbar-nav.navbar-right li a' in '10' second(s)

2021-10-14 17:23:00 - [MESSAGE][INFO] - Smart Wait Function is triggered

2021-10-14 17:23:00 - [MESSAGE][INFO] - Found 22 web elements with id: 'Object Repository/Kullanici_Islemleri/Secenekler' located by 'By.cssSelector: .nav.navbar-nav.navbar-right li a' in '10' second(s)

2021-10-14 17:23:02 - [MESSAGE][PASSED] - Method.TextDegerineEsitElementeTikla is PASSED

2021-10-14 17:23:02 - [TEST_STEP][PASSED] - verifyElementNotPresent(findTestObject("Object Repository/Kullanici_Islemleri/Secenekler"), 10): Web element with id: 'Object Repository/Kullanici_Islemleri/Secenekler' located by 'By.cssSelector: .nav.navbar-nav.navbar-right li a' is not present after '10' second(s)

2021-10-14 17:23:02 - [MESSAGE][INFO] - Finding Test Object 'Object Repository/Kullanici_Islemleri/Secenekler'

2021-10-14 17:23:02 - [MESSAGE][INFO] - Checking object

2021-10-14 17:23:02 - [MESSAGE][INFO] - Checking timeout

2021-10-14 17:23:02 - [MESSAGE][INFO] - Finding web element with id: 'Object Repository/Kullanici_Islemleri/Secenekler' located by 'By.cssSelector: .nav.navbar-nav.navbar-right li a' in '10' second(s)

2021-10-14 17:23:02 - [MESSAGE][INFO] - Smart Wait Function is triggered

2021-10-14 17:23:02 - [MESSAGE][PASSED] - Web element with id: 'Object Repository/Kullanici_Islemleri/Secenekler' located by 'By.cssSelector: .nav.navbar-nav.navbar-right li a' is not present after '10' second(s)

2021-10-14 17:23:02 - [MESSAGE][PASSED] - Call Test Case 'Test Cases/Kullanici_Islemleri/KullaniciIslemlerindenSecimYapilir' successfully

2021-10-14 17:23:02 - [TEST_CASE][PASSED] - Start Test Case : SCENARIO Giden Kutusu Faturalar Buton Kontrolu: SCENARIO Giden Kutusu Faturalar Buton Kontrolu

2021-10-14 17:23:02 - [TEST_STEP][PASSED] - Kullanıcı adı ELOGO6 ve Şifre 123456 olarak giriş yapılır: Kullanıcı adı ELOGO6 ve Şifre 123456 olarak giriş yapılır

2021-10-14 17:23:02 - [MESSAGE][PASSED] - Kullanıcı adı ELOGO6 ve Şifre 123456 olarak giriş yapılır

2021-10-14 17:23:02 - [TEST_STEP][PASSED] - Ana menüden e-Fatura seçilir: Ana menüden e-Fatura seçilir

2021-10-14 17:23:02 - [MESSAGE][PASSED] - Ana menüden e-Fatura seçilir

2021-10-14 17:23:02 - [TEST_STEP][PASSED] - Alt menü Giden Kutusu başlığı altındaki Faturalar seçilir: Alt menü Giden Kutusu başlığı altındaki Faturalar seçilir

2021-10-14 17:23:02 - [MESSAGE][PASSED] - Alt menü Giden Kutusu başlığı altındaki Faturalar seçilir

2021-10-14 17:23:02 - [TEST_STEP][PASSED] - Filtrelerden Oluşturma Tarihi filtresine 01.01.2020 baslangic degerini yaz: Filtrelerden Oluşturma Tarihi filtresine 01.01.2020 baslangic degerini yaz

2021-10-14 17:23:02 - [MESSAGE][PASSED] - Filtrelerden Oluşturma Tarihi filtresine 01.01.2020 baslangic degerini yaz

2021-10-14 17:23:02 - [TEST_STEP][PASSED] - Filtrelerden Oluşturma Tarihi filtresine 31.01.2020 bitis degerini yaz: Filtrelerden Oluşturma Tarihi filtresine 31.01.2020 bitis degerini yaz

2021-10-14 17:23:02 - [MESSAGE][PASSED] - Filtrelerden Oluşturma Tarihi filtresine 31.01.2020 bitis degerini yaz

2021-10-14 17:23:02 - [TEST_STEP][PASSED] - Filtre butonlarından Listele seçilir: Filtre butonlarından Listele seçilir

2021-10-14 17:23:02 - [MESSAGE][PASSED] - Filtre butonlarından Listele seçilir

2021-10-14 17:23:02 - [TEST_STEP][PASSED] - Tablodan HANS MÜLLER isimli verinin detayı tıklanır: Tablodan HANS MÜLLER isimli verinin detayı tıklanır

2021-10-14 17:23:02 - [MESSAGE][PASSED] - Tablodan HANS MÜLLER isimli verinin detayı tıklanır

2021-10-14 17:23:02 - [TEST_STEP][PASSED] - Tablodan HANS MÜLLER isimli verinin detayı tıklanır: Tablodan HANS MÜLLER isimli verinin detayı tıklanır

2021-10-14 17:23:02 - [MESSAGE][PASSED] - Tablodan HANS MÜLLER isimli verinin detayı tıklanır

2021-10-14 17:23:02 - [TEST_STEP][PASSED] - Listelenen öğe sayısı Sayfa 1 / 4 (34 öğe) mi: Listelenen öğe sayısı Sayfa 1 / 4 (34 öğe) mi

2021-10-14 17:23:02 - [MESSAGE][PASSED] - Listelenen öğe sayısı Sayfa 1 / 4 (34 öğe) mi

2021-10-14 17:23:02 - [TEST_STEP][PASSED] - Anasayfaya geri dönülür: Anasayfaya geri dönülür

2021-10-14 17:23:02 - [MESSAGE][PASSED] - Anasayfaya geri dönülür

2021-10-14 17:23:02 - [TEST_STEP][PASSED] - Ana menüden e-Fatura seçilir: Ana menüden e-Fatura seçilir

2021-10-14 17:23:02 - [MESSAGE][PASSED] - Ana menüden e-Fatura seçilir

2021-10-14 17:23:02 - [TEST_STEP][PASSED] - Alt menü Giden Kutusu başlığı altındaki Faturalar seçilir: Alt menü Giden Kutusu başlığı altındaki Faturalar seçilir

2021-10-14 17:23:02 - [MESSAGE][PASSED] - Alt menü Giden Kutusu başlığı altındaki Faturalar seçilir

2021-10-14 17:23:02 - [TEST_STEP][PASSED] - Filtrelerden Oluşturma Tarihi filtresine 01.01.2020 baslangic degerini yaz: Filtrelerden Oluşturma Tarihi filtresine 01.01.2020 baslangic degerini yaz

2021-10-14 17:23:02 - [MESSAGE][PASSED] - Filtrelerden Oluşturma Tarihi filtresine 01.01.2020 baslangic degerini yaz

2021-10-14 17:23:02 - [TEST_STEP][PASSED] - Filtrelerden Oluşturma Tarihi filtresine 31.01.2020 bitis degerini yaz: Filtrelerden Oluşturma Tarihi filtresine 31.01.2020 bitis degerini yaz

2021-10-14 17:23:02 - [MESSAGE][PASSED] - Filtrelerden Oluşturma Tarihi filtresine 31.01.2020 bitis degerini yaz

2021-10-14 17:23:02 - [TEST_STEP][PASSED] - Filtrelerden Fatura Tarihi filtresine 05.01.2020 baslangic degerini yaz: Filtrelerden Fatura Tarihi filtresine 05.01.2020 baslangic degerini yaz

2021-10-14 17:23:02 - [MESSAGE][PASSED] - Filtrelerden Fatura Tarihi filtresine 05.01.2020 baslangic degerini yaz

2021-10-14 17:23:02 - [TEST_STEP][PASSED] - Filtrelerden Fatura Tarihi filtresine 05.01.2020 bitis degerini yaz: Filtrelerden Fatura Tarihi filtresine 05.01.2020 bitis degerini yaz

2021-10-14 17:23:02 - [MESSAGE][PASSED] - Filtrelerden Fatura Tarihi filtresine 05.01.2020 bitis degerini yaz

2021-10-14 17:23:02 - [TEST_STEP][PASSED] - Filtre butonlarından Listele seçilir: Filtre butonlarından Listele seçilir

2021-10-14 17:23:02 - [MESSAGE][PASSED] - Filtre butonlarından Listele seçilir

2021-10-14 17:23:02 - [TEST_STEP][PASSED] - Listelenen öğe sayısı Sayfa 1 / 1 (2 öğe) mi: Listelenen öğe sayısı Sayfa 1 / 1 (2 öğe) mi

2021-10-14 17:23:02 - [MESSAGE][PASSED] - Listelenen öğe sayısı Sayfa 1 / 1 (2 öğe) mi

2021-10-14 17:23:02 - [TEST_STEP][PASSED] - Filtre alanlarında Alıcı Ünvan var mı: Filtre alanlarında Alıcı Ünvan var mı

2021-10-14 17:23:02 - [MESSAGE][PASSED] - Filtre alanlarında Alıcı Ünvan var mı

2021-10-14 17:23:02 - [TEST_STEP][PASSED] - Filtre alanlarında Oluşturma Tarihi var mı: Filtre alanlarında Oluşturma Tarihi var mı

2021-10-14 17:23:02 - [MESSAGE][PASSED] - Filtre alanlarında Oluşturma Tarihi var mı

2021-10-14 17:23:02 - [TEST_STEP][PASSED] - Filtre alanlarında Uygulama Yanıtı var mı: Filtre alanlarında Uygulama Yanıtı var mı

2021-10-14 17:23:02 - [MESSAGE][PASSED] - Filtre alanlarında Uygulama Yanıtı var mı

2021-10-14 17:23:02 - [TEST_STEP][PASSED] - Filtre alanlarında Tür var mı: Filtre alanlarında Tür var mı

2021-10-14 17:23:02 - [MESSAGE][PASSED] - Filtre alanlarında Tür var mı

2021-10-14 17:23:02 - [TEST_STEP][PASSED] - Filtre alanlarında Toplam Tutar var mı: Filtre alanlarında Toplam Tutar var mı

2021-10-14 17:23:02 - [MESSAGE][PASSED] - Filtre alanlarında Toplam Tutar var mı

2021-10-14 17:23:02 - [TEST_STEP][PASSED] - Filtre alanlarında Atanan Departman var mı: Filtre alanlarında Atanan Departman var mı

2021-10-14 17:23:02 - [MESSAGE][PASSED] - Filtre alanlarında Atanan Departman var mı

2021-10-14 17:23:02 - [TEST_STEP][PASSED] - Filtre alanlarında Tüm Hesaplar var mı: Filtre alanlarında Tüm Hesaplar var mı

2021-10-14 17:23:02 - [MESSAGE][PASSED] - Filtre alanlarında Tüm Hesaplar var mı

2021-10-14 17:23:02 - [TEST_STEP][PASSED] - Filtre alanlarında Fatura No var mı: Filtre alanlarında Fatura No var mı

2021-10-14 17:23:02 - [MESSAGE][PASSED] - Filtre alanlarında Fatura No var mı

2021-10-14 17:23:02 - [TEST_STEP][PASSED] - Filtre alanlarında Alıcı VKN var mı: Filtre alanlarında Alıcı VKN var mı

2021-10-14 17:23:02 - [MESSAGE][PASSED] - Filtre alanlarında Alıcı VKN var mı

2021-10-14 17:23:02 - [TEST_STEP][PASSED] - Filtre alanlarında Fatura Tarihi var mı: Filtre alanlarında Fatura Tarihi var mı

2021-10-14 17:23:02 - [MESSAGE][PASSED] - Filtre alanlarında Fatura Tarihi var mı

2021-10-14 17:23:02 - [TEST_STEP][PASSED] - Filtre alanlarında Zarf ETTN var mı: Filtre alanlarında Zarf ETTN var mı

2021-10-14 17:23:02 - [MESSAGE][PASSED] - Filtre alanlarında Zarf ETTN var mı

2021-10-14 17:23:02 - [TEST_STEP][PASSED] - Filtre alanlarında Kullanıcı Kodu var mı: Filtre alanlarında Kullanıcı Kodu var mı

2021-10-14 17:23:02 - [MESSAGE][PASSED] - Filtre alanlarında Kullanıcı Kodu var mı

2021-10-14 17:23:02 - [TEST_STEP][PASSED] - Filtre alanlarında Belge Statüsü var mı: Filtre alanlarında Belge Statüsü var mı

2021-10-14 17:23:02 - [MESSAGE][PASSED] - Filtre alanlarında Belge Statüsü var mı

2021-10-14 17:23:02 - [TEST_STEP][PASSED] - Filtre alanlarında Fatura ETTN var mı: Filtre alanlarında Fatura ETTN var mı

2021-10-14 17:23:02 - [MESSAGE][PASSED] - Filtre alanlarında Fatura ETTN var mı

2021-10-14 17:23:02 - [TEST_STEP][PASSED] - Filtre alanlarında Senaryo var mı: Filtre alanlarında Senaryo var mı

2021-10-14 17:23:02 - [MESSAGE][PASSED] - Filtre alanlarında Senaryo var mı

2021-10-14 17:23:02 - [TEST_STEP][PASSED] - Filtre alanlarında Okunma Durumu var mı: Filtre alanlarında Okunma Durumu var mı

2021-10-14 17:23:02 - [MESSAGE][PASSED] - Filtre alanlarında Okunma Durumu var mı

2021-10-14 17:23:02 - [TEST_STEP][PASSED] - Filtre alanlarında Para Birimi var mı: Filtre alanlarında Para Birimi var mı

2021-10-14 17:23:02 - [MESSAGE][PASSED] - Filtre alanlarında Para Birimi var mı

2021-10-14 17:23:02 - [TEST_STEP][PASSED] - Filtre alanlarında Müşteri Bayi Kodu var mı: Filtre alanlarında Müşteri Bayi Kodu var mı

2021-10-14 17:23:02 - [MESSAGE][PASSED] - Filtre alanlarında Müşteri Bayi Kodu var mı

2021-10-14 17:23:02 - [TEST_STEP][PASSED] - Filtre butonlarında Filtreleri Kaydet var mı: Filtre butonlarında Filtreleri Kaydet var mı

2021-10-14 17:23:02 - [MESSAGE][PASSED] - Filtre butonlarında Filtreleri Kaydet var mı

2021-10-14 17:23:02 - [TEST_STEP][PASSED] - Filtre butonlarında Listele var mı: Filtre butonlarında Listele var mı

2021-10-14 17:23:02 - [MESSAGE][PASSED] - Filtre butonlarında Listele var mı

2021-10-14 17:23:02 - [TEST_STEP][PASSED] - Filtre butonlarında Temizle var mı: Filtre butonlarında Temizle var mı

2021-10-14 17:23:02 - [MESSAGE][PASSED] - Filtre butonlarında Temizle var mı

2021-10-14 17:23:02 - [TEST_STEP][PASSED] - Butonlardan Excel var mı: Butonlardan Excel var mı

2021-10-14 17:23:02 - [MESSAGE][PASSED] - Butonlardan Excel var mı

2021-10-14 17:23:02 - [TEST_STEP][PASSED] - Butonlardan Toplu İndirme var mı: Butonlardan Toplu İndirme var mı

2021-10-14 17:23:02 - [MESSAGE][PASSED] - Butonlardan Toplu İndirme var mı

2021-10-14 17:23:02 - [TEST_STEP][PASSED] - Butonlardan UBL var mı: Butonlardan UBL var mı

2021-10-14 17:23:02 - [MESSAGE][PASSED] - Butonlardan UBL var mı

2021-10-14 17:23:02 - [TEST_STEP][PASSED] - Butonlardan PDF var mı: Butonlardan PDF var mı

2021-10-14 17:23:02 - [MESSAGE][PASSED] - Butonlardan PDF var mı

2021-10-14 17:23:02 - [TEST_STEP][PASSED] - Butonlardan Varsayılan İle Göster var mı: Butonlardan Varsayılan İle Göster var mı

2021-10-14 17:23:02 - [MESSAGE][PASSED] - Butonlardan Varsayılan İle Göster var mı

2021-10-14 17:23:02 - [TEST_STEP][PASSED] - Butonlardan Sertifika var mı: Butonlardan Sertifika var mı

2021-10-14 17:23:02 - [MESSAGE][PASSED] - Butonlardan Sertifika var mı

2021-10-14 17:23:02 - [TEST_STEP][PASSED] - Butonlardan Yazdır var mı: Butonlardan Yazdır var mı

2021-10-14 17:23:02 - [MESSAGE][PASSED] - Butonlardan Yazdır var mı

2021-10-14 17:23:02 - [TEST_STEP][PASSED] - Butonlardan Sil var mı: Butonlardan Sil var mı

2021-10-14 17:23:02 - [MESSAGE][PASSED] - Butonlardan Sil var mı

2021-10-14 17:23:02 - [TEST_STEP][PASSED] - Butonlardan İzleme Kayıtları var mı: Butonlardan İzleme Kayıtları var mı

2021-10-14 17:23:02 - [MESSAGE][PASSED] - Butonlardan İzleme Kayıtları var mı

2021-10-14 17:23:02 - [TEST_STEP][PASSED] - Butonlardan İptal Et var mı: Butonlardan İptal Et var mı

2021-10-14 17:23:02 - [MESSAGE][PASSED] - Butonlardan İptal Et var mı

2021-10-14 17:23:02 - [TEST_STEP][PASSED] - Butonlardan TaxFree İptal var mı: Butonlardan TaxFree İptal var mı

2021-10-14 17:23:02 - [MESSAGE][PASSED] - Butonlardan TaxFree İptal var mı

2021-10-14 17:23:02 - [TEST_STEP][PASSED] - Butonlardan Departman Ata var mı: Butonlardan Departman Ata var mı

2021-10-14 17:23:02 - [MESSAGE][PASSED] - Butonlardan Departman Ata var mı

2021-10-14 17:23:02 - [TEST_STEP][PASSED] - Butonlardan Departman Geri Al var mı: Butonlardan Departman Geri Al var mı

2021-10-14 17:23:02 - [MESSAGE][PASSED] - Butonlardan Departman Geri Al var mı

2021-10-14 17:23:02 - [TEST_STEP][PASSED] - Butonlardan Statü Ata var mı: Butonlardan Statü Ata var mı

2021-10-14 17:23:02 - [MESSAGE][PASSED] - Butonlardan Statü Ata var mı

2021-10-14 17:23:02 - [TEST_STEP][PASSED] - Butonlardan Excel isimli butona tıklanır: Butonlardan Excel isimli butona tıklanır

2021-10-14 17:23:02 - [MESSAGE][PASSED] - Butonlardan Excel isimli butona tıklanır

2021-10-14 17:23:02 - [TEST_STEP][PASSED] - Alt butonlardan Excel'e Aktar var mı: Alt butonlardan Excel'e Aktar var mı

2021-10-14 17:23:02 - [MESSAGE][PASSED] - Alt butonlardan Excel'e Aktar var mı

2021-10-14 17:23:02 - [TEST_STEP][PASSED] - Alt butonlardan Tümünü Excel'e Aktar var mı: Alt butonlardan Tümünü Excel'e Aktar var mı

2021-10-14 17:23:02 - [MESSAGE][PASSED] - Alt butonlardan Tümünü Excel'e Aktar var mı

2021-10-14 17:23:02 - [TEST_STEP][PASSED] - Butonlardan Toplu İndirme isimli butona tıklanır: Butonlardan Toplu İndirme isimli butona tıklanır

2021-10-14 17:23:02 - [MESSAGE][PASSED] - Butonlardan Toplu İndirme isimli butona tıklanır

2021-10-14 17:23:02 - [TEST_STEP][PASSED] - Alt butonlardan PDF Seçilenleri İndir var mı: Alt butonlardan PDF Seçilenleri İndir var mı

2021-10-14 17:23:02 - [MESSAGE][PASSED] - Alt butonlardan PDF Seçilenleri İndir var mı

2021-10-14 17:23:02 - [TEST_STEP][PASSED] - Alt butonlardan PDF Tümünü İndir var mı: Alt butonlardan PDF Tümünü İndir var mı

2021-10-14 17:23:02 - [MESSAGE][PASSED] - Alt butonlardan PDF Tümünü İndir var mı

2021-10-14 17:23:02 - [TEST_STEP][PASSED] - Alt butonlardan UBL Seçilenleri İndir var mı: Alt butonlardan UBL Seçilenleri İndir var mı

2021-10-14 17:23:02 - [MESSAGE][PASSED] - Alt butonlardan UBL Seçilenleri İndir var mı

2021-10-14 17:23:02 - [TEST_STEP][PASSED] - Alt butonlardan UBL Tümünü İndir var mı: Alt butonlardan UBL Tümünü İndir var mı

2021-10-14 17:23:02 - [MESSAGE][PASSED] - Alt butonlardan UBL Tümünü İndir var mı

2021-10-14 17:23:02 - [TEST_STEP][PASSED] - Butonlardan UBL isimli butona tıklanır: Butonlardan UBL isimli butona tıklanır

2021-10-14 17:23:02 - [MESSAGE][PASSED] - Butonlardan UBL isimli butona tıklanır

2021-10-14 17:23:02 - [TEST_STEP][PASSED] - Alt butonlardan Göster var mı: Alt butonlardan Göster var mı

2021-10-14 17:23:02 - [MESSAGE][PASSED] - Alt butonlardan Göster var mı

2021-10-14 17:23:02 - [TEST_STEP][PASSED] - Alt butonlardan İndir var mı: Alt butonlardan İndir var mı

2021-10-14 17:23:02 - [MESSAGE][PASSED] - Alt butonlardan İndir var mı

2021-10-14 17:23:02 - [TEST_STEP][PASSED] - Butonlardan PDF isimli butona tıklanır: Butonlardan PDF isimli butona tıklanır

2021-10-14 17:23:02 - [MESSAGE][PASSED] - Butonlardan PDF isimli butona tıklanır

2021-10-14 17:23:02 - [TEST_STEP][PASSED] - Alt butonlardan Göster var mı: Alt butonlardan Göster var mı

2021-10-14 17:23:02 - [MESSAGE][PASSED] - Alt butonlardan Göster var mı

2021-10-14 17:23:02 - [TEST_STEP][PASSED] - Alt butonlardan İndir var mı: Alt butonlardan İndir var mı

2021-10-14 17:23:02 - [MESSAGE][PASSED] - Alt butonlardan İndir var mı

2021-10-14 17:23:02 - [TEST_STEP][PASSED] - Butonlardan Statü Ata isimli butona tıklanır: Butonlardan Statü Ata isimli butona tıklanır

2021-10-14 17:23:02 - [MESSAGE][PASSED] - Butonlardan Statü Ata isimli butona tıklanır

2021-10-14 17:23:02 - [TEST_STEP][PASSED] - Alt butonlardan Öndeğer var mı: Alt butonlardan Öndeğer var mı

2021-10-14 17:23:02 - [MESSAGE][PASSED] - Alt butonlardan Öndeğer var mı

2021-10-14 17:23:02 - [TEST_STEP][PASSED] - Anasayfaya geri dönülür: Anasayfaya geri dönülür

2021-10-14 17:23:02 - [MESSAGE][PASSED] - Anasayfaya geri dönülür

2021-10-14 17:23:02 - [TEST_STEP][PASSED] - Ana menüden e-Fatura seçilir: Ana menüden e-Fatura seçilir

2021-10-14 17:23:02 - [MESSAGE][PASSED] - Ana menüden e-Fatura seçilir

2021-10-14 17:23:02 - [TEST_STEP][PASSED] - Alt menü Giden Kutusu başlığı altındaki Faturalar seçilir: Alt menü Giden Kutusu başlığı altındaki Faturalar seçilir

2021-10-14 17:23:02 - [MESSAGE][PASSED] - Alt menü Giden Kutusu başlığı altındaki Faturalar seçilir

2021-10-14 17:23:02 - [TEST_STEP][PASSED] - Filtrelerden Oluşturma Tarihi filtresine 01.01.2020 baslangic degerini yaz: Filtrelerden Oluşturma Tarihi filtresine 01.01.2020 baslangic degerini yaz

2021-10-14 17:23:02 - [MESSAGE][PASSED] - Filtrelerden Oluşturma Tarihi filtresine 01.01.2020 baslangic degerini yaz

2021-10-14 17:23:02 - [TEST_STEP][PASSED] - Filtrelerden Oluşturma Tarihi filtresine 31.01.2020 bitis degerini yaz: Filtrelerden Oluşturma Tarihi filtresine 31.01.2020 bitis degerini yaz

2021-10-14 17:23:02 - [MESSAGE][PASSED] - Filtrelerden Oluşturma Tarihi filtresine 31.01.2020 bitis degerini yaz

2021-10-14 17:23:02 - [TEST_STEP][PASSED] - Filtrelerden Alıcı Ünvanı filtresine ADORE OYUNCAK VE EĞİTİM ARAÇ.SAN.TİC.A.Ş textini yaz: Filtrelerden Alıcı Ünvanı filtresine ADORE OYUNCAK VE EĞİTİM ARAÇ.SAN.TİC.A.Ş textini yaz

2021-10-14 17:23:02 - [MESSAGE][PASSED] - Filtrelerden Alıcı Ünvanı filtresine ADORE OYUNCAK VE EĞİTİM ARAÇ.SAN.TİC.A.Ş textini yaz

2021-10-14 17:23:02 - [TEST_STEP][PASSED] - Filtre butonlarından Listele seçilir: Filtre butonlarından Listele seçilir

2021-10-14 17:23:02 - [MESSAGE][PASSED] - Filtre butonlarından Listele seçilir

2021-10-14 17:23:02 - [TEST_STEP][PASSED] - Tabloda veri var mı kontrol edilir: Tabloda veri var mı kontrol edilir

2021-10-14 17:23:02 - [MESSAGE][PASSED] - Tabloda veri var mı kontrol edilir

2021-10-14 17:23:02 - [TEST_STEP][PASSED] - Filtrelerden Alıcı Ünvanı filtresine ADORE OYUNCAK VE EĞİTİM ARAÇ.SAN textini yaz: Filtrelerden Alıcı Ünvanı filtresine ADORE OYUNCAK VE EĞİTİM ARAÇ.SAN textini yaz

2021-10-14 17:23:02 - [MESSAGE][PASSED] - Filtrelerden Alıcı Ünvanı filtresine ADORE OYUNCAK VE EĞİTİM ARAÇ.SAN textini yaz

2021-10-14 17:23:02 - [TEST_STEP][PASSED] - Filtre butonlarından Listele seçilir: Filtre butonlarından Listele seçilir

2021-10-14 17:23:02 - [MESSAGE][PASSED] - Filtre butonlarından Listele seçilir

2021-10-14 17:23:02 - [TEST_STEP][PASSED] - Tabloda veri var mı kontrol edilir: Tabloda veri var mı kontrol edilir

2021-10-14 17:23:02 - [MESSAGE][PASSED] - Tabloda veri var mı kontrol edilir

2021-10-14 17:23:02 - [TEST_STEP][PASSED] - Filtrelerden Alıcı Ünvanı filtresine *OYUNCAK VE EĞİTİM ARAÇ.SAN.TİC.A.Ş textini yaz: Filtrelerden Alıcı Ünvanı filtresine *OYUNCAK VE EĞİTİM ARAÇ.SAN.TİC.A.Ş textini yaz

2021-10-14 17:23:02 - [MESSAGE][PASSED] - Filtrelerden Alıcı Ünvanı filtresine *OYUNCAK VE EĞİTİM ARAÇ.SAN.TİC.A.Ş textini yaz

2021-10-14 17:23:02 - [TEST_STEP][PASSED] - Filtre butonlarından Listele seçilir: Filtre butonlarından Listele seçilir

2021-10-14 17:23:02 - [MESSAGE][PASSED] - Filtre butonlarından Listele seçilir

2021-10-14 17:23:02 - [TEST_STEP][PASSED] - Tabloda veri var mı kontrol edilir: Tabloda veri var mı kontrol edilir

2021-10-14 17:23:02 - [MESSAGE][PASSED] - Tabloda veri var mı kontrol edilir

2021-10-14 17:23:02 - [TEST_STEP][PASSED] - Filtrelerden Alıcı Ünvanı filtresine ADORE OYUNCAK* textini yaz: Filtrelerden Alıcı Ünvanı filtresine ADORE OYUNCAK* textini yaz

2021-10-14 17:23:02 - [MESSAGE][PASSED] - Filtrelerden Alıcı Ünvanı filtresine ADORE OYUNCAK* textini yaz

2021-10-14 17:23:02 - [TEST_STEP][PASSED] - Filtre butonlarından Listele seçilir: Filtre butonlarından Listele seçilir

2021-10-14 17:23:02 - [MESSAGE][PASSED] - Filtre butonlarından Listele seçilir

2021-10-14 17:23:02 - [TEST_STEP][PASSED] - Tabloda veri var mı kontrol edilir: Tabloda veri var mı kontrol edilir

2021-10-14 17:23:02 - [MESSAGE][PASSED] - Tabloda veri var mı kontrol edilir

2021-10-14 17:23:02 - [TEST_STEP][PASSED] - Filtrelerden Alıcı Ünvanı filtresine *OYUNCAK* textini yaz: Filtrelerden Alıcı Ünvanı filtresine *OYUNCAK* textini yaz

2021-10-14 17:23:02 - [MESSAGE][PASSED] - Filtrelerden Alıcı Ünvanı filtresine *OYUNCAK* textini yaz

2021-10-14 17:23:02 - [TEST_STEP][PASSED] - Filtre butonlarından Listele seçilir: Filtre butonlarından Listele seçilir

2021-10-14 17:23:02 - [MESSAGE][PASSED] - Filtre butonlarından Listele seçilir

2021-10-14 17:23:02 - [TEST_STEP][PASSED] - Tabloda veri var mı kontrol edilir: Tabloda veri var mı kontrol edilir

2021-10-14 17:23:02 - [MESSAGE][PASSED] - Tabloda veri var mı kontrol edilir

2021-10-14 17:23:02 - [TEST_STEP][PASSED] - Filtrelerden Alıcı Ünvanı filtresinin iceriğini sil: Filtrelerden Alıcı Ünvanı filtresinin iceriğini sil

2021-10-14 17:23:02 - [MESSAGE][PASSED] - Filtrelerden Alıcı Ünvanı filtresinin iceriğini sil

2021-10-14 17:23:02 - [TEST_STEP][PASSED] - Filtrelerden Alıcı VKN filtresine 6090408038 textini yaz: Filtrelerden Alıcı VKN filtresine 6090408038 textini yaz

2021-10-14 17:23:02 - [MESSAGE][PASSED] - Filtrelerden Alıcı VKN filtresine 6090408038 textini yaz

2021-10-14 17:23:02 - [TEST_STEP][PASSED] - Filtre butonlarından Listele seçilir: Filtre butonlarından Listele seçilir

2021-10-14 17:23:02 - [MESSAGE][PASSED] - Filtre butonlarından Listele seçilir

2021-10-14 17:23:02 - [TEST_STEP][PASSED] - Tabloda veri var mı kontrol edilir: Tabloda veri var mı kontrol edilir

2021-10-14 17:23:02 - [MESSAGE][PASSED] - Tabloda veri var mı kontrol edilir

2021-10-14 17:23:02 - [TEST_STEP][PASSED] - Filtrelerden Alıcı VKN filtresine *90408038 textini yaz: Filtrelerden Alıcı VKN filtresine *90408038 textini yaz

2021-10-14 17:23:02 - [MESSAGE][PASSED] - Filtrelerden Alıcı VKN filtresine *90408038 textini yaz

2021-10-14 17:23:02 - [TEST_STEP][PASSED] - Filtre butonlarından Listele seçilir: Filtre butonlarından Listele seçilir

2021-10-14 17:23:02 - [MESSAGE][PASSED] - Filtre butonlarından Listele seçilir

2021-10-14 17:23:02 - [TEST_STEP][PASSED] - Tabloda veri var mı kontrol edilir: Tabloda veri var mı kontrol edilir

2021-10-14 17:23:02 - [MESSAGE][PASSED] - Tabloda veri var mı kontrol edilir

2021-10-14 17:23:02 - [TEST_STEP][PASSED] - Filtrelerden Alıcı VKN filtresine 6090408* textini yaz: Filtrelerden Alıcı VKN filtresine 6090408* textini yaz

2021-10-14 17:23:02 - [MESSAGE][PASSED] - Filtrelerden Alıcı VKN filtresine 6090408* textini yaz

2021-10-14 17:23:02 - [TEST_STEP][PASSED] - Filtre butonlarından Listele seçilir: Filtre butonlarından Listele seçilir

2021-10-14 17:23:02 - [MESSAGE][PASSED] - Filtre butonlarından Listele seçilir

2021-10-14 17:23:02 - [TEST_STEP][PASSED] - Tabloda veri var mı kontrol edilir: Tabloda veri var mı kontrol edilir

2021-10-14 17:23:02 - [MESSAGE][PASSED] - Tabloda veri var mı kontrol edilir

2021-10-14 17:23:02 - [TEST_STEP][PASSED] - Filtrelerden Alıcı VKN filtresine *90408* textini yaz: Filtrelerden Alıcı VKN filtresine *90408* textini yaz

2021-10-14 17:23:02 - [MESSAGE][PASSED] - Filtrelerden Alıcı VKN filtresine *90408* textini yaz

2021-10-14 17:23:02 - [TEST_STEP][PASSED] - Filtre butonlarından Listele seçilir: Filtre butonlarından Listele seçilir

2021-10-14 17:23:02 - [MESSAGE][PASSED] - Filtre butonlarından Listele seçilir

2021-10-14 17:23:02 - [TEST_STEP][PASSED] - Tabloda veri var mı kontrol edilir: Tabloda veri var mı kontrol edilir

2021-10-14 17:23:02 - [MESSAGE][PASSED] - Tabloda veri var mı kontrol edilir

2021-10-14 17:23:02 - [TEST_STEP][PASSED] - Filtrelerden Alıcı VKN filtresinin iceriğini sil: Filtrelerden Alıcı VKN filtresinin iceriğini sil

2021-10-14 17:23:02 - [MESSAGE][PASSED] - Filtrelerden Alıcı VKN filtresinin iceriğini sil

2021-10-14 17:23:02 - [TEST_STEP][PASSED] - Filtrelerden Fatura No filtresine ERS2020000000020 textini yaz: Filtrelerden Fatura No filtresine ERS2020000000020 textini yaz

2021-10-14 17:23:02 - [MESSAGE][PASSED] - Filtrelerden Fatura No filtresine ERS2020000000020 textini yaz

2021-10-14 17:23:02 - [TEST_STEP][PASSED] - Filtre butonlarından Listele seçilir: Filtre butonlarından Listele seçilir

2021-10-14 17:23:02 - [MESSAGE][PASSED] - Filtre butonlarından Listele seçilir

2021-10-14 17:23:02 - [TEST_STEP][PASSED] - Tabloda veri var mı kontrol edilir: Tabloda veri var mı kontrol edilir

2021-10-14 17:23:02 - [MESSAGE][PASSED] - Tabloda veri var mı kontrol edilir

2021-10-14 17:23:02 - [TEST_STEP][PASSED] - Filtrelerden Fatura No filtresine *RS2020000000020 textini yaz: Filtrelerden Fatura No filtresine *RS2020000000020 textini yaz

2021-10-14 17:23:02 - [MESSAGE][PASSED] - Filtrelerden Fatura No filtresine *RS2020000000020 textini yaz

2021-10-14 17:23:02 - [TEST_STEP][PASSED] - Filtre butonlarından Listele seçilir: Filtre butonlarından Listele seçilir

2021-10-14 17:23:02 - [MESSAGE][PASSED] - Filtre butonlarından Listele seçilir

2021-10-14 17:23:02 - [TEST_STEP][PASSED] - Tabloda veri var mı kontrol edilir: Tabloda veri var mı kontrol edilir

2021-10-14 17:23:02 - [MESSAGE][PASSED] - Tabloda veri var mı kontrol edilir

2021-10-14 17:23:02 - [TEST_STEP][PASSED] - Filtrelerden Fatura No filtresine ERS2020000000* textini yaz: Filtrelerden Fatura No filtresine ERS2020000000* textini yaz

2021-10-14 17:23:02 - [MESSAGE][PASSED] - Filtrelerden Fatura No filtresine ERS2020000000* textini yaz

2021-10-14 17:23:02 - [TEST_STEP][PASSED] - Filtre butonlarından Listele seçilir: Filtre butonlarından Listele seçilir

2021-10-14 17:23:02 - [MESSAGE][PASSED] - Filtre butonlarından Listele seçilir

2021-10-14 17:23:02 - [TEST_STEP][PASSED] - Tabloda veri var mı kontrol edilir: Tabloda veri var mı kontrol edilir

2021-10-14 17:23:02 - [MESSAGE][PASSED] - Tabloda veri var mı kontrol edilir

2021-10-14 17:23:02 - [TEST_STEP][PASSED] - Filtrelerden Fatura No filtresine *RS2020000000* textini yaz: Filtrelerden Fatura No filtresine *RS2020000000* textini yaz

2021-10-14 17:23:02 - [MESSAGE][PASSED] - Filtrelerden Fatura No filtresine *RS2020000000* textini yaz

2021-10-14 17:23:02 - [TEST_STEP][PASSED] - Filtre butonlarından Listele seçilir: Filtre butonlarından Listele seçilir

2021-10-14 17:23:02 - [MESSAGE][PASSED] - Filtre butonlarından Listele seçilir

2021-10-14 17:23:02 - [TEST_STEP][PASSED] - Tabloda veri var mı kontrol edilir: Tabloda veri var mı kontrol edilir

2021-10-14 17:23:02 - [MESSAGE][PASSED] - Tabloda veri var mı kontrol edilir

2021-10-14 17:23:02 - [TEST_STEP][PASSED] - Filtrelerden Alıcı VKN filtresinin iceriğini sil: Filtrelerden Alıcı VKN filtresinin iceriğini sil

2021-10-14 17:23:02 - [MESSAGE][PASSED] - Filtrelerden Alıcı VKN filtresinin iceriğini sil

2021-10-14 17:23:02 - [TEST_STEP][PASSED] - Filtrelerden Müşteri Bayi Kodu filtresine CustomerDealerNo textini yaz: Filtrelerden Müşteri Bayi Kodu filtresine CustomerDealerNo textini yaz

2021-10-14 17:23:02 - [MESSAGE][PASSED] - Filtrelerden Müşteri Bayi Kodu filtresine CustomerDealerNo textini yaz

2021-10-14 17:23:02 - [TEST_STEP][PASSED] - Filtre butonlarından Listele seçilir: Filtre butonlarından Listele seçilir

2021-10-14 17:23:02 - [MESSAGE][PASSED] - Filtre butonlarından Listele seçilir

2021-10-14 17:23:02 - [TEST_STEP][PASSED] - Tabloda veri var mı kontrol edilir: Tabloda veri var mı kontrol edilir

2021-10-14 17:23:02 - [MESSAGE][PASSED] - Tabloda veri var mı kontrol edilir

2021-10-14 17:23:02 - [TEST_STEP][PASSED] - Filtrelerden Müşteri Bayi Kodu filtresine *tomerDealerNo textini yaz: Filtrelerden Müşteri Bayi Kodu filtresine *tomerDealerNo textini yaz

2021-10-14 17:23:02 - [MESSAGE][PASSED] - Filtrelerden Müşteri Bayi Kodu filtresine *tomerDealerNo textini yaz

2021-10-14 17:23:02 - [TEST_STEP][PASSED] - Filtre butonlarından Listele seçilir: Filtre butonlarından Listele seçilir

2021-10-14 17:23:02 - [MESSAGE][PASSED] - Filtre butonlarından Listele seçilir

2021-10-14 17:23:02 - [TEST_STEP][PASSED] - Tabloda veri var mı kontrol edilir: Tabloda veri var mı kontrol edilir

2021-10-14 17:23:02 - [MESSAGE][PASSED] - Tabloda veri var mı kontrol edilir

2021-10-14 17:23:02 - [TEST_STEP][PASSED] - Filtrelerden Müşteri Bayi Kodu filtresine CustomerDeal* textini yaz: Filtrelerden Müşteri Bayi Kodu filtresine CustomerDeal* textini yaz

2021-10-14 17:23:02 - [MESSAGE][PASSED] - Filtrelerden Müşteri Bayi Kodu filtresine CustomerDeal* textini yaz

2021-10-14 17:23:02 - [TEST_STEP][PASSED] - Filtre butonlarından Listele seçilir: Filtre butonlarından Listele seçilir

2021-10-14 17:23:02 - [MESSAGE][PASSED] - Filtre butonlarından Listele seçilir

2021-10-14 17:23:02 - [TEST_STEP][PASSED] - Tabloda veri var mı kontrol edilir: Tabloda veri var mı kontrol edilir

2021-10-14 17:23:02 - [MESSAGE][PASSED] - Tabloda veri var mı kontrol edilir

2021-10-14 17:23:02 - [TEST_STEP][PASSED] - Filtrelerden Müşteri Bayi Kodu filtresine *omerDealer* textini yaz: Filtrelerden Müşteri Bayi Kodu filtresine *omerDealer* textini yaz

2021-10-14 17:23:02 - [MESSAGE][PASSED] - Filtrelerden Müşteri Bayi Kodu filtresine *omerDealer* textini yaz

2021-10-14 17:23:02 - [TEST_STEP][PASSED] - Filtre butonlarından Listele seçilir: Filtre butonlarından Listele seçilir

2021-10-14 17:23:02 - [MESSAGE][PASSED] - Filtre butonlarından Listele seçilir

2021-10-14 17:23:02 - [TEST_STEP][PASSED] - Tabloda veri var mı kontrol edilir: Tabloda veri var mı kontrol edilir

2021-10-14 17:23:02 - [MESSAGE][PASSED] - Tabloda veri var mı kontrol edilir

2021-10-14 17:23:02 - [TEST_STEP][PASSED] - Kullanıcı işlemlerinden Çıkış seçilir: Kullanıcı işlemlerinden Çıkış seçilir

2021-10-14 17:23:02 - [MESSAGE][PASSED] - Kullanıcı işlemlerinden Çıkış seçilir

2021-10-14 17:23:02 - [MESSAGE][PASSED] - Feature file: 'Include/features/e-Fatura/Giden Kutusu/Faturalar/Ekran Kontrolu.feature' was passed

2021-10-14 17:23:02 - [TEST_STEP][PASSED] - Start listener action : sampleAfterTestSuite: Invoke 'com.kms.katalon.core.annotation.AfterTestCase' method: 'Listener.sampleAfterTestSuite(...)' completed.

2021-10-14 17:23:02 - [MESSAGE][INFO] - Starting invoke 'com.kms.katalon.core.annotation.AfterTestCase' method: 'Listener.sampleAfterTestSuite(...)'

2021-10-14 17:23:02 - [TEST_STEP][PASSED] - closeBrowser(): Invoke 'com.kms.katalon.core.annotation.AfterTestCase' method: 'Listener.sampleAfterTestSuite(...)' completed.

2021-10-14 17:23:02 - [MESSAGE][INFO] - Closing browser

2021-10-14 17:23:03 - [MESSAGE][PASSED] - Browser is closed

2021-10-14 17:23:03 - [MESSAGE][INFO] - Invoke 'com.kms.katalon.core.annotation.AfterTestCase' method: 'Listener.sampleAfterTestSuite(...)' completed.]]></system-out>
         <system-err><![CDATA[]]></system-err>
      </testcase>
      <testcase name="Test Cases/Case Repository/e-Fatura/Giden Kutusu/Faturalar/Gorseli Ac" time="34.059" classname="Test Cases/Case Repository/e-Fatura/Giden Kutusu/Faturalar/Gorseli Ac" status="PASSED">
         <system-out><![CDATA[2021-10-14 17:23:03 - [TEST_CASE][PASSED] - Test Cases/Case Repository/e-Fatura/Giden Kutusu/Faturalar/Gorseli Ac: Test Cases/Case Repository/e-Fatura/Giden Kutusu/Faturalar/Gorseli Ac

2021-10-14 17:23:03 - [TEST_STEP][PASSED] - Start listener action : sampleBeforeTestSuite: Invoke 'com.kms.katalon.core.annotation.BeforeTestCase' method: 'Listener.sampleBeforeTestSuite(...)' completed.

2021-10-14 17:23:03 - [MESSAGE][INFO] - Starting invoke 'com.kms.katalon.core.annotation.BeforeTestCase' method: 'Listener.sampleBeforeTestSuite(...)'

2021-10-14 17:23:03 - [TEST_STEP][PASSED] - openBrowser(baseUrl): Browser is opened with url: 'https://efatura-stage.elogo.com.tr/'

2021-10-14 17:23:03 - [MESSAGE][INFO] - Opening browser

2021-10-14 17:23:03 - [MESSAGE][INFO] - Starting 'Chrome' driver

2021-10-14 17:23:03 - [MESSAGE][INFO] - User set preference: ['prefs', '{download.default_directory=C:\otomasyondownfiles}']

2021-10-14 17:23:03 - [MESSAGE][INFO] - Action delay is set to 0 milliseconds

2021-10-14 17:23:04 - [MESSAGE][INFO] - Navigating browser to: 'https://efatura-stage.elogo.com.tr/'

2021-10-14 17:23:08 - [MESSAGE][PASSED] - Browser is opened with url: 'https://efatura-stage.elogo.com.tr/'

2021-10-14 17:23:08 - [TEST_STEP][PASSED] - maximizeWindow(): Invoke 'com.kms.katalon.core.annotation.BeforeTestCase' method: 'Listener.sampleBeforeTestSuite(...)' completed.

2021-10-14 17:23:08 - [MESSAGE][INFO] - Maximizing current window

2021-10-14 17:23:08 - [MESSAGE][PASSED] - Current window maximized

2021-10-14 17:23:08 - [MESSAGE][INFO] - Invoke 'com.kms.katalon.core.annotation.BeforeTestCase' method: 'Listener.sampleBeforeTestSuite(...)' completed.

2021-10-14 17:23:09 - [TEST_STEP][PASSED] - runFeatureFile("Include/features/e-Fatura/Giden Kutusu/Faturalar/Gorseli Ac.feature"): Feature file: 'Include/features/e-Fatura/Giden Kutusu/Faturalar/Gorseli Ac.feature' was passed

2021-10-14 17:23:09 - [MESSAGE][INFO] - Starting run keyword runFeatureFile: 'Include/features/e-Fatura/Giden Kutusu/Faturalar/Gorseli Ac.feature' and extract report to folder: 'C:\Users\DELL\Downloads\EES_Katalon-main\Reports\20211014_170112\Suite Repository\e-Fatura\20211014_170113/cucumber_report/1634221389282'...

2021-10-14 17:23:09 - [MESSAGE][INFO] - Glue: []

2021-10-14 17:23:10 - [MESSAGE][INFO] - Checking called Test Case

2021-10-14 17:23:10 - [MESSAGE][INFO] - Starting to call Test Case 'Test Cases/Sayfalar/Giris_Sayfasi/Login'

2021-10-14 17:23:10 - [TEST_CASE][PASSED] - Test Cases/Sayfalar/Giris_Sayfasi/Login: Test Cases/Sayfalar/Giris_Sayfasi/Login

2021-10-14 17:23:10 - [TEST_STEP][PASSED] - Sayfa_Basligi = getWindowTitle(): Current window's title is: 'LOGO e-Fatura'

2021-10-14 17:23:10 - [MESSAGE][INFO] - Getting current window's title

2021-10-14 17:23:10 - [MESSAGE][PASSED] - Current window's title is: 'LOGO e-Fatura'

2021-10-14 17:23:10 - [TEST_STEP][PASSED] - verifyMatch(Sayfa_Basligi, "LOGO e-Fatura", false): Actual text 'LOGO e-Fatura' and expected text 'LOGO e-Fatura' are matched 

2021-10-14 17:23:10 - [MESSAGE][INFO] - Matching actual text 'LOGO e-Fatura' with expected text 'LOGO e-Fatura'

2021-10-14 17:23:10 - [MESSAGE][PASSED] - Actual text 'LOGO e-Fatura' and expected text 'LOGO e-Fatura' are matched 

2021-10-14 17:23:10 - [TEST_STEP][PASSED] - sendKeys(findTestObject("Sayfalar/Giris_Sayfasi/Firma_Kodu"), KullaniciAdi): Keys 'ELOGO6' sent to object: 'Object Repository/Sayfalar/Giris_Sayfasi/Firma_Kodu'

2021-10-14 17:23:10 - [MESSAGE][INFO] - Finding Test Object 'Object Repository/Sayfalar/Giris_Sayfasi/Firma_Kodu'

2021-10-14 17:23:10 - [MESSAGE][INFO] - Sending keys 'ELOGO6' to object: 'Object Repository/Sayfalar/Giris_Sayfasi/Firma_Kodu'

2021-10-14 17:23:10 - [MESSAGE][INFO] - Finding web element from Test Object's properties

2021-10-14 17:23:10 - [MESSAGE][INFO] - Checking timeout

2021-10-14 17:23:10 - [MESSAGE][INFO] - Finding web element with id: 'Object Repository/Sayfalar/Giris_Sayfasi/Firma_Kodu' located by 'By.xpath: //*[@id = 'AccountName']' in '30' second(s)

2021-10-14 17:23:10 - [MESSAGE][INFO] - Smart Wait Function is triggered

2021-10-14 17:23:10 - [MESSAGE][INFO] - Found 1 web elements with id: 'Object Repository/Sayfalar/Giris_Sayfasi/Firma_Kodu' located by 'By.xpath: //*[@id = 'AccountName']' in '30' second(s)

2021-10-14 17:23:10 - [MESSAGE][PASSED] - Keys 'ELOGO6' sent to object: 'Object Repository/Sayfalar/Giris_Sayfasi/Firma_Kodu'

2021-10-14 17:23:10 - [TEST_STEP][PASSED] - sendKeys(findTestObject("Sayfalar/Giris_Sayfasi/Sifre"), Sifre): Keys '123456' sent to object: 'Object Repository/Sayfalar/Giris_Sayfasi/Sifre'

2021-10-14 17:23:10 - [MESSAGE][INFO] - Finding Test Object 'Object Repository/Sayfalar/Giris_Sayfasi/Sifre'

2021-10-14 17:23:10 - [MESSAGE][INFO] - Sending keys '123456' to object: 'Object Repository/Sayfalar/Giris_Sayfasi/Sifre'

2021-10-14 17:23:10 - [MESSAGE][INFO] - Finding web element from Test Object's properties

2021-10-14 17:23:10 - [MESSAGE][INFO] - Checking timeout

2021-10-14 17:23:10 - [MESSAGE][INFO] - Finding web element with id: 'Object Repository/Sayfalar/Giris_Sayfasi/Sifre' located by 'By.xpath: //*[@id = 'Password']' in '30' second(s)

2021-10-14 17:23:10 - [MESSAGE][INFO] - Smart Wait Function is triggered

2021-10-14 17:23:11 - [MESSAGE][INFO] - Found 1 web elements with id: 'Object Repository/Sayfalar/Giris_Sayfasi/Sifre' located by 'By.xpath: //*[@id = 'Password']' in '30' second(s)

2021-10-14 17:23:11 - [MESSAGE][PASSED] - Keys '123456' sent to object: 'Object Repository/Sayfalar/Giris_Sayfasi/Sifre'

2021-10-14 17:23:11 - [TEST_STEP][PASSED] - findWebElement(findTestObject("Sayfalar/Giris_Sayfasi/Giris_Butonu")).click(): Found 1 web elements with id: 'Object Repository/Sayfalar/Giris_Sayfasi/Giris_Butonu' located by 'By.cssSelector: #btnLogin' in '30' second(s)

2021-10-14 17:23:11 - [MESSAGE][INFO] - Finding Test Object 'Object Repository/Sayfalar/Giris_Sayfasi/Giris_Butonu'

2021-10-14 17:23:11 - [MESSAGE][INFO] - Finding web element from Test Object's properties

2021-10-14 17:23:11 - [MESSAGE][INFO] - Checking timeout

2021-10-14 17:23:11 - [MESSAGE][INFO] - Finding web element with id: 'Object Repository/Sayfalar/Giris_Sayfasi/Giris_Butonu' located by 'By.cssSelector: #btnLogin' in '30' second(s)

2021-10-14 17:23:11 - [MESSAGE][INFO] - Smart Wait Function is triggered

2021-10-14 17:23:11 - [MESSAGE][INFO] - Found 1 web elements with id: 'Object Repository/Sayfalar/Giris_Sayfasi/Giris_Butonu' located by 'By.cssSelector: #btnLogin' in '30' second(s)

2021-10-14 17:23:13 - [TEST_STEP][PASSED] - if (verifyElementPresent(findTestObject("Object Repository/Sayfalar/Giris_Sayfasi/RetveTamam_Butonu"), 5, OPTIONAL)): null

2021-10-14 17:23:13 - [MESSAGE][INFO] - Finding Test Object 'Object Repository/Sayfalar/Giris_Sayfasi/RetveTamam_Butonu'

2021-10-14 17:23:14 - [MESSAGE][INFO] - Checking object

2021-10-14 17:23:14 - [MESSAGE][INFO] - Finding web element from Test Object's properties

2021-10-14 17:23:14 - [MESSAGE][INFO] - Checking timeout

2021-10-14 17:23:14 - [MESSAGE][INFO] - Finding web element with id: 'Object Repository/Sayfalar/Giris_Sayfasi/RetveTamam_Butonu' located by 'By.xpath: //*[@class = 'btn btn-default']' in '5' second(s)

2021-10-14 17:23:14 - [MESSAGE][INFO] - Smart Wait Function is triggered

2021-10-14 17:23:14 - [MESSAGE][INFO] - Found 1 web elements with id: 'Object Repository/Sayfalar/Giris_Sayfasi/RetveTamam_Butonu' located by 'By.xpath: //*[@class = 'btn btn-default']' in '5' second(s)

2021-10-14 17:23:14 - [MESSAGE][PASSED] - Object 'Object Repository/Sayfalar/Giris_Sayfasi/RetveTamam_Butonu' is present

2021-10-14 17:23:14 - [TEST_STEP][PASSED] - click(findTestObject("Object Repository/Sayfalar/Giris_Sayfasi/RetveTamam_Butonu")): Object: 'Object Repository/Sayfalar/Giris_Sayfasi/RetveTamam_Butonu' is clicked on

2021-10-14 17:23:14 - [MESSAGE][INFO] - Finding Test Object 'Object Repository/Sayfalar/Giris_Sayfasi/RetveTamam_Butonu'

2021-10-14 17:23:14 - [MESSAGE][INFO] - Checking object

2021-10-14 17:23:14 - [MESSAGE][INFO] - Finding web element from Test Object's properties

2021-10-14 17:23:14 - [MESSAGE][INFO] - Checking timeout

2021-10-14 17:23:14 - [MESSAGE][INFO] - Finding web element with id: 'Object Repository/Sayfalar/Giris_Sayfasi/RetveTamam_Butonu' located by 'By.xpath: //*[@class = 'btn btn-default']' in '30' second(s)

2021-10-14 17:23:14 - [MESSAGE][INFO] - Smart Wait Function is triggered

2021-10-14 17:23:14 - [MESSAGE][INFO] - Found 1 web elements with id: 'Object Repository/Sayfalar/Giris_Sayfasi/RetveTamam_Butonu' located by 'By.xpath: //*[@class = 'btn btn-default']' in '30' second(s)

2021-10-14 17:23:14 - [MESSAGE][INFO] - Clicking on object: 'Object Repository/Sayfalar/Giris_Sayfasi/RetveTamam_Butonu'

2021-10-14 17:23:14 - [MESSAGE][PASSED] - Object: 'Object Repository/Sayfalar/Giris_Sayfasi/RetveTamam_Butonu' is clicked on

2021-10-14 17:23:14 - [TEST_STEP][PASSED] - click(findTestObject("Object Repository/Sayfalar/Giris_Sayfasi/RetveTamam_Butonu")): Object: 'Object Repository/Sayfalar/Giris_Sayfasi/RetveTamam_Butonu' is clicked on

2021-10-14 17:23:14 - [MESSAGE][INFO] - Finding Test Object 'Object Repository/Sayfalar/Giris_Sayfasi/RetveTamam_Butonu'

2021-10-14 17:23:14 - [MESSAGE][INFO] - Checking object

2021-10-14 17:23:14 - [MESSAGE][INFO] - Finding web element from Test Object's properties

2021-10-14 17:23:14 - [MESSAGE][INFO] - Checking timeout

2021-10-14 17:23:14 - [MESSAGE][INFO] - Finding web element with id: 'Object Repository/Sayfalar/Giris_Sayfasi/RetveTamam_Butonu' located by 'By.xpath: //*[@class = 'btn btn-default']' in '30' second(s)

2021-10-14 17:23:14 - [MESSAGE][INFO] - Smart Wait Function is triggered

2021-10-14 17:23:16 - [MESSAGE][INFO] - Found 1 web elements with id: 'Object Repository/Sayfalar/Giris_Sayfasi/RetveTamam_Butonu' located by 'By.xpath: //*[@class = 'btn btn-default']' in '30' second(s)

2021-10-14 17:23:16 - [MESSAGE][INFO] - Clicking on object: 'Object Repository/Sayfalar/Giris_Sayfasi/RetveTamam_Butonu'

2021-10-14 17:23:16 - [MESSAGE][PASSED] - Object: 'Object Repository/Sayfalar/Giris_Sayfasi/RetveTamam_Butonu' is clicked on

2021-10-14 17:23:16 - [TEST_STEP][PASSED] - if (verifyElementPresent(findTestObject("Sayfalar/Giris_Sayfasi/PopupOK"), 5, OPTIONAL)): null

2021-10-14 17:23:16 - [MESSAGE][INFO] - Finding Test Object 'Object Repository/Sayfalar/Giris_Sayfasi/PopupOK'

2021-10-14 17:23:16 - [MESSAGE][INFO] - Checking object

2021-10-14 17:23:16 - [MESSAGE][INFO] - Finding web element from Test Object's properties

2021-10-14 17:23:16 - [MESSAGE][INFO] - Checking timeout

2021-10-14 17:23:16 - [MESSAGE][INFO] - Finding web element with id: 'Object Repository/Sayfalar/Giris_Sayfasi/PopupOK' located by 'By.cssSelector: .btn.btn-success' in '5' second(s)

2021-10-14 17:23:16 - [MESSAGE][INFO] - Smart Wait Function is triggered

2021-10-14 17:23:17 - [MESSAGE][INFO] - Found 1 web elements with id: 'Object Repository/Sayfalar/Giris_Sayfasi/PopupOK' located by 'By.cssSelector: .btn.btn-success' in '5' second(s)

2021-10-14 17:23:17 - [MESSAGE][PASSED] - Object 'Object Repository/Sayfalar/Giris_Sayfasi/PopupOK' is present

2021-10-14 17:23:17 - [TEST_STEP][PASSED] - click(findTestObject("Object Repository/Sayfalar/Giris_Sayfasi/PopupCarpiGiris")): Object: 'Object Repository/Sayfalar/Giris_Sayfasi/PopupCarpiGiris' is clicked on

2021-10-14 17:23:17 - [MESSAGE][INFO] - Finding Test Object 'Object Repository/Sayfalar/Giris_Sayfasi/PopupCarpiGiris'

2021-10-14 17:23:17 - [MESSAGE][INFO] - Checking object

2021-10-14 17:23:17 - [MESSAGE][INFO] - Finding web element from Test Object's properties

2021-10-14 17:23:17 - [MESSAGE][INFO] - Checking timeout

2021-10-14 17:23:17 - [MESSAGE][INFO] - Finding web element with id: 'Object Repository/Sayfalar/Giris_Sayfasi/PopupCarpiGiris' located by 'By.cssSelector: .bootbox-close-button.close' in '30' second(s)

2021-10-14 17:23:17 - [MESSAGE][INFO] - Smart Wait Function is triggered

2021-10-14 17:23:17 - [MESSAGE][INFO] - Found 1 web elements with id: 'Object Repository/Sayfalar/Giris_Sayfasi/PopupCarpiGiris' located by 'By.cssSelector: .bootbox-close-button.close' in '30' second(s)

2021-10-14 17:23:17 - [MESSAGE][INFO] - Clicking on object: 'Object Repository/Sayfalar/Giris_Sayfasi/PopupCarpiGiris'

2021-10-14 17:23:17 - [MESSAGE][PASSED] - Object: 'Object Repository/Sayfalar/Giris_Sayfasi/PopupCarpiGiris' is clicked on

2021-10-14 17:23:17 - [TEST_STEP][PASSED] - verifyElementVisible(findTestObject("Object Repository/Kullanici_Islemleri/KullaniciIslemleri")): Object 'Object Repository/Kullanici_Islemleri/KullaniciIslemleri' is visible

2021-10-14 17:23:17 - [MESSAGE][INFO] - Finding Test Object 'Object Repository/Kullanici_Islemleri/KullaniciIslemleri'

2021-10-14 17:23:18 - [MESSAGE][INFO] - Checking object

2021-10-14 17:23:18 - [MESSAGE][INFO] - Finding web element from Test Object's properties

2021-10-14 17:23:18 - [MESSAGE][INFO] - Checking timeout

2021-10-14 17:23:18 - [MESSAGE][INFO] - Finding web element with id: 'Object Repository/Kullanici_Islemleri/KullaniciIslemleri' located by 'By.cssSelector: .dropdown>a>img' in '30' second(s)

2021-10-14 17:23:18 - [MESSAGE][INFO] - Smart Wait Function is triggered

2021-10-14 17:23:18 - [MESSAGE][INFO] - Found 1 web elements with id: 'Object Repository/Kullanici_Islemleri/KullaniciIslemleri' located by 'By.cssSelector: .dropdown>a>img' in '30' second(s)

2021-10-14 17:23:18 - [MESSAGE][PASSED] - Object 'Object Repository/Kullanici_Islemleri/KullaniciIslemleri' is visible

2021-10-14 17:23:18 - [MESSAGE][PASSED] - Call Test Case 'Test Cases/Sayfalar/Giris_Sayfasi/Login' successfully

2021-10-14 17:23:18 - [MESSAGE][INFO] - Checking called Test Case

2021-10-14 17:23:18 - [MESSAGE][INFO] - Starting to call Test Case 'Test Cases/Menu/AnaMenuSecimi'

2021-10-14 17:23:18 - [TEST_CASE][PASSED] - Test Cases/Menu/AnaMenuSecimi: Test Cases/Menu/AnaMenuSecimi

2021-10-14 17:23:18 - [TEST_STEP][PASSED] - Method.TextDegerineEsitElementeTikla(findTestObject("Menu/Ana_Menu"), Ana_Menu): Method.TextDegerineEsitElementeTikla is PASSED

2021-10-14 17:23:18 - [MESSAGE][INFO] - Finding Test Object 'Object Repository/Menu/Ana_Menu'

2021-10-14 17:23:19 - [MESSAGE][INFO] - Checking timeout

2021-10-14 17:23:19 - [MESSAGE][INFO] - Finding web element with id: 'Object Repository/Menu/Ana_Menu' located by 'By.xpath: //*[@class = 'dropdown-toggle']' in '10' second(s)

2021-10-14 17:23:19 - [MESSAGE][INFO] - Smart Wait Function is triggered

2021-10-14 17:23:19 - [MESSAGE][INFO] - Found 14 web elements with id: 'Object Repository/Menu/Ana_Menu' located by 'By.xpath: //*[@class = 'dropdown-toggle']' in '10' second(s)

2021-10-14 17:23:19 - [MESSAGE][PASSED] - Method.TextDegerineEsitElementeTikla is PASSED

2021-10-14 17:23:19 - [MESSAGE][PASSED] - Call Test Case 'Test Cases/Menu/AnaMenuSecimi' successfully

2021-10-14 17:23:19 - [MESSAGE][INFO] - Checking called Test Case

2021-10-14 17:23:19 - [MESSAGE][INFO] - Starting to call Test Case 'Test Cases/Menu/BasligaGoreAltMenuSecimi'

2021-10-14 17:23:19 - [TEST_CASE][PASSED] - Test Cases/Menu/BasligaGoreAltMenuSecimi: Test Cases/Menu/BasligaGoreAltMenuSecimi

2021-10-14 17:23:19 - [TEST_STEP][PASSED] - Method.TextDegerineEsitElementinAltindakiTextDegerineEsitOlanaTikla(findTestObject("Menu/Menu_Basligi"), findTestObject("Menu/Basliga_Gore_Alt_Menu"), Baslik, Alt_Menu): Method.TextDegerineEsitElementinAltindakiTextDegerineEsitOlanaTikla is PASSED

2021-10-14 17:23:19 - [MESSAGE][INFO] - Finding Test Object 'Object Repository/Menu/Menu_Basligi'

2021-10-14 17:23:19 - [MESSAGE][INFO] - Finding Test Object 'Object Repository/Menu/Basliga_Gore_Alt_Menu'

2021-10-14 17:23:19 - [MESSAGE][INFO] - Checking timeout

2021-10-14 17:23:19 - [MESSAGE][INFO] - Finding web element with id: 'Object Repository/Menu/Menu_Basligi' located by 'By.xpath: //li[@class='dropdown dropdown-large open']//li[@class='dropdown-header']' in '10' second(s)

2021-10-14 17:23:19 - [MESSAGE][INFO] - Smart Wait Function is triggered

2021-10-14 17:23:20 - [MESSAGE][INFO] - Found 3 web elements with id: 'Object Repository/Menu/Menu_Basligi' located by 'By.xpath: //li[@class='dropdown dropdown-large open']//li[@class='dropdown-header']' in '10' second(s)

2021-10-14 17:23:20 - [MESSAGE][INFO] - Smart Wait Function is triggered

2021-10-14 17:23:22 - [MESSAGE][PASSED] - Method.TextDegerineEsitElementinAltindakiTextDegerineEsitOlanaTikla is PASSED

2021-10-14 17:23:22 - [MESSAGE][PASSED] - Call Test Case 'Test Cases/Menu/BasligaGoreAltMenuSecimi' successfully

2021-10-14 17:23:22 - [MESSAGE][INFO] - Checking called Test Case

2021-10-14 17:23:22 - [MESSAGE][INFO] - Starting to call Test Case 'Test Cases/Filtreler/BaslangicYaz'

2021-10-14 17:23:22 - [TEST_CASE][PASSED] - Test Cases/Filtreler/BaslangicYaz: Test Cases/Filtreler/BaslangicYaz

2021-10-14 17:23:22 - [TEST_STEP][PASSED] - Method.TextDegerineEsitElementinAltindakineTikla(findTestObject("Filtreler/Basliklar"), findTestObject("Filtreler/Basliga_Gore_Baslangic_Image"), Filtre_Adi): Method.TextDegerineEsitElementinAltindakineTikla is PASSED

2021-10-14 17:23:22 - [MESSAGE][INFO] - Finding Test Object 'Object Repository/Filtreler/Basliklar'

2021-10-14 17:23:22 - [MESSAGE][INFO] - Finding Test Object 'Object Repository/Filtreler/Basliga_Gore_Baslangic_Image'

2021-10-14 17:23:22 - [MESSAGE][INFO] - Checking timeout

2021-10-14 17:23:22 - [MESSAGE][INFO] - Finding web element with id: 'Object Repository/Filtreler/Basliklar' located by 'By.cssSelector: .control-label.col-sm-4.paddingMarginRLC' in '10' second(s)

2021-10-14 17:23:22 - [MESSAGE][INFO] - Smart Wait Function is triggered

2021-10-14 17:23:23 - [MESSAGE][INFO] - Found 20 web elements with id: 'Object Repository/Filtreler/Basliklar' located by 'By.cssSelector: .control-label.col-sm-4.paddingMarginRLC' in '10' second(s)

2021-10-14 17:23:23 - [MESSAGE][INFO] - Smart Wait Function is triggered

2021-10-14 17:23:23 - [MESSAGE][PASSED] - Method.TextDegerineEsitElementinAltindakineTikla is PASSED

2021-10-14 17:23:23 - [TEST_STEP][PASSED] - Method.TextDegerineEsitElementinAltindakiTextboxtaYaz(findTestObject("Filtreler/Basliklar"), findTestObject("Filtreler/Basliga_Gore_Baslangic"), Filtre_Adi, Filtre_Degeri): Method.TextDegerineEsitElementinAltindakiTextboxtaYaz is PASSED

2021-10-14 17:23:23 - [MESSAGE][INFO] - Finding Test Object 'Object Repository/Filtreler/Basliklar'

2021-10-14 17:23:23 - [MESSAGE][INFO] - Finding Test Object 'Object Repository/Filtreler/Basliga_Gore_Baslangic'

2021-10-14 17:23:23 - [MESSAGE][INFO] - Checking timeout

2021-10-14 17:23:23 - [MESSAGE][INFO] - Finding web element with id: 'Object Repository/Filtreler/Basliklar' located by 'By.cssSelector: .control-label.col-sm-4.paddingMarginRLC' in '10' second(s)

2021-10-14 17:23:23 - [MESSAGE][INFO] - Smart Wait Function is triggered

2021-10-14 17:23:24 - [MESSAGE][INFO] - Found 20 web elements with id: 'Object Repository/Filtreler/Basliklar' located by 'By.cssSelector: .control-label.col-sm-4.paddingMarginRLC' in '10' second(s)

2021-10-14 17:23:24 - [MESSAGE][INFO] - Smart Wait Function is triggered

2021-10-14 17:23:24 - [MESSAGE][PASSED] - Method.TextDegerineEsitElementinAltindakiTextboxtaYaz is PASSED

2021-10-14 17:23:24 - [MESSAGE][PASSED] - Call Test Case 'Test Cases/Filtreler/BaslangicYaz' successfully

2021-10-14 17:23:24 - [MESSAGE][INFO] - Checking called Test Case

2021-10-14 17:23:24 - [MESSAGE][INFO] - Starting to call Test Case 'Test Cases/Filtreler/BitisYaz'

2021-10-14 17:23:24 - [TEST_CASE][PASSED] - Test Cases/Filtreler/BitisYaz: Test Cases/Filtreler/BitisYaz

2021-10-14 17:23:24 - [TEST_STEP][PASSED] - Method.TextDegerineEsitElementinAltindakineTikla(findTestObject("Filtreler/Basliklar"), findTestObject("Filtreler/Basliga_Gore_Bitis_Image"), Filtre_Adi): Method.TextDegerineEsitElementinAltindakineTikla is PASSED

2021-10-14 17:23:24 - [MESSAGE][INFO] - Finding Test Object 'Object Repository/Filtreler/Basliklar'

2021-10-14 17:23:24 - [MESSAGE][INFO] - Finding Test Object 'Object Repository/Filtreler/Basliga_Gore_Bitis_Image'

2021-10-14 17:23:24 - [MESSAGE][INFO] - Checking timeout

2021-10-14 17:23:24 - [MESSAGE][INFO] - Finding web element with id: 'Object Repository/Filtreler/Basliklar' located by 'By.cssSelector: .control-label.col-sm-4.paddingMarginRLC' in '10' second(s)

2021-10-14 17:23:24 - [MESSAGE][INFO] - Smart Wait Function is triggered

2021-10-14 17:23:25 - [MESSAGE][INFO] - Found 20 web elements with id: 'Object Repository/Filtreler/Basliklar' located by 'By.cssSelector: .control-label.col-sm-4.paddingMarginRLC' in '10' second(s)

2021-10-14 17:23:25 - [MESSAGE][INFO] - Smart Wait Function is triggered

2021-10-14 17:23:25 - [MESSAGE][PASSED] - Method.TextDegerineEsitElementinAltindakineTikla is PASSED

2021-10-14 17:23:25 - [TEST_STEP][PASSED] - Method.TextDegerineEsitElementinAltindakiTextboxtaYaz(findTestObject("Filtreler/Basliklar"), findTestObject("Object Repository/Filtreler/Basliga_Gore_Bitis"), Filtre_Adi, Filtre_Degeri): Method.TextDegerineEsitElementinAltindakiTextboxtaYaz is PASSED

2021-10-14 17:23:25 - [MESSAGE][INFO] - Finding Test Object 'Object Repository/Filtreler/Basliklar'

2021-10-14 17:23:25 - [MESSAGE][INFO] - Finding Test Object 'Object Repository/Filtreler/Basliga_Gore_Bitis'

2021-10-14 17:23:25 - [MESSAGE][INFO] - Checking timeout

2021-10-14 17:23:25 - [MESSAGE][INFO] - Finding web element with id: 'Object Repository/Filtreler/Basliklar' located by 'By.cssSelector: .control-label.col-sm-4.paddingMarginRLC' in '10' second(s)

2021-10-14 17:23:25 - [MESSAGE][INFO] - Smart Wait Function is triggered

2021-10-14 17:23:26 - [MESSAGE][INFO] - Found 20 web elements with id: 'Object Repository/Filtreler/Basliklar' located by 'By.cssSelector: .control-label.col-sm-4.paddingMarginRLC' in '10' second(s)

2021-10-14 17:23:26 - [MESSAGE][INFO] - Smart Wait Function is triggered

2021-10-14 17:23:26 - [MESSAGE][PASSED] - Method.TextDegerineEsitElementinAltindakiTextboxtaYaz is PASSED

2021-10-14 17:23:26 - [MESSAGE][PASSED] - Call Test Case 'Test Cases/Filtreler/BitisYaz' successfully

2021-10-14 17:23:26 - [MESSAGE][INFO] - Checking called Test Case

2021-10-14 17:23:26 - [MESSAGE][INFO] - Starting to call Test Case 'Test Cases/Filtreler/ButonaTikla'

2021-10-14 17:23:26 - [TEST_CASE][PASSED] - Test Cases/Filtreler/ButonaTikla: Test Cases/Filtreler/ButonaTikla

2021-10-14 17:23:26 - [TEST_STEP][PASSED] - Method.TextDegerineEsitElementeTikla(findTestObject("Filtreler/Butonlar"), Filtre_Buton): Method.TextDegerineEsitElementeTikla is PASSED

2021-10-14 17:23:26 - [MESSAGE][INFO] - Finding Test Object 'Object Repository/Filtreler/Butonlar'

2021-10-14 17:23:27 - [MESSAGE][INFO] - Checking timeout

2021-10-14 17:23:27 - [MESSAGE][INFO] - Finding web element with id: 'Object Repository/Filtreler/Butonlar' located by 'By.cssSelector: .dxb>span' in '10' second(s)

2021-10-14 17:23:27 - [MESSAGE][INFO] - Smart Wait Function is triggered

2021-10-14 17:23:27 - [MESSAGE][INFO] - Found 3 web elements with id: 'Object Repository/Filtreler/Butonlar' located by 'By.cssSelector: .dxb>span' in '10' second(s)

2021-10-14 17:23:27 - [MESSAGE][PASSED] - Method.TextDegerineEsitElementeTikla is PASSED

2021-10-14 17:23:27 - [MESSAGE][PASSED] - Call Test Case 'Test Cases/Filtreler/ButonaTikla' successfully

2021-10-14 17:23:27 - [MESSAGE][INFO] - Checking called Test Case

2021-10-14 17:23:27 - [MESSAGE][INFO] - Starting to call Test Case 'Test Cases/Tablo/TablodaVeriVarMi'

2021-10-14 17:23:27 - [TEST_CASE][PASSED] - Test Cases/Tablo/TablodaVeriVarMi: Test Cases/Tablo/TablodaVeriVarMi

2021-10-14 17:23:27 - [TEST_STEP][PASSED] - verifyTextNotPresent("Görüntülenecek veri yok", true): Text 'Görüntülenecek veri yok' is not present on page using regular expression

2021-10-14 17:23:27 - [MESSAGE][INFO] - Checking text present  using regular expression

2021-10-14 17:23:27 - [MESSAGE][INFO] - Smart Wait Function is triggered

2021-10-14 17:23:29 - [MESSAGE][INFO] - Finding text 'Görüntülenecek veri yok' on page  using regular expression

2021-10-14 17:23:29 - [MESSAGE][PASSED] - Text 'Görüntülenecek veri yok' is not present on page using regular expression

2021-10-14 17:23:29 - [MESSAGE][PASSED] - Call Test Case 'Test Cases/Tablo/TablodaVeriVarMi' successfully

2021-10-14 17:23:29 - [MESSAGE][INFO] - Checking called Test Case

2021-10-14 17:23:29 - [MESSAGE][INFO] - Starting to call Test Case 'Test Cases/Tablo/TablonunButonunaTikla'

2021-10-14 17:23:29 - [TEST_CASE][PASSED] - Test Cases/Tablo/TablonunButonunaTikla: Test Cases/Tablo/TablonunButonunaTikla

2021-10-14 17:23:29 - [TEST_STEP][PASSED] - Method.TextDegerineEsitElementinAltindakiTextDegerineEsitOlanaTikla(findTestObject("Tablo/Veriler"), findTestObject("Tablo/VerininButonu"), Veri, Buton_Adi): Method.TextDegerineEsitElementinAltindakiTextDegerineEsitOlanaTikla is PASSED

2021-10-14 17:23:29 - [MESSAGE][INFO] - Finding Test Object 'Object Repository/Tablo/Veriler'

2021-10-14 17:23:29 - [MESSAGE][INFO] - Finding Test Object 'Object Repository/Tablo/VerininButonu'

2021-10-14 17:23:29 - [MESSAGE][INFO] - Checking timeout

2021-10-14 17:23:29 - [MESSAGE][INFO] - Finding web element with id: 'Object Repository/Tablo/Veriler' located by 'By.cssSelector: td.dxgv b ,td.dxgv' in '10' second(s)

2021-10-14 17:23:29 - [MESSAGE][INFO] - Smart Wait Function is triggered

2021-10-14 17:23:29 - [MESSAGE][INFO] - Found 140 web elements with id: 'Object Repository/Tablo/Veriler' located by 'By.cssSelector: td.dxgv b ,td.dxgv' in '10' second(s)

2021-10-14 17:23:29 - [MESSAGE][INFO] - Smart Wait Function is triggered

2021-10-14 17:23:30 - [MESSAGE][PASSED] - Method.TextDegerineEsitElementinAltindakiTextDegerineEsitOlanaTikla is PASSED

2021-10-14 17:23:30 - [MESSAGE][PASSED] - Call Test Case 'Test Cases/Tablo/TablonunButonunaTikla' successfully

2021-10-14 17:23:30 - [MESSAGE][INFO] - Checking called Test Case

2021-10-14 17:23:30 - [MESSAGE][INFO] - Starting to call Test Case 'Test Cases/Sekmeler/YeniSekmeyeGec'

2021-10-14 17:23:30 - [TEST_CASE][PASSED] - Test Cases/Sekmeler/YeniSekmeyeGec: Test Cases/Sekmeler/YeniSekmeyeGec

2021-10-14 17:23:30 - [TEST_STEP][PASSED] - switchToWindowIndex(1): Switched to window with index: '1'

2021-10-14 17:23:30 - [MESSAGE][INFO] - Checking index

2021-10-14 17:23:30 - [MESSAGE][INFO] - Switching window with index: '1'

2021-10-14 17:23:30 - [MESSAGE][PASSED] - Switched to window with index: '1'

2021-10-14 17:23:30 - [MESSAGE][PASSED] - Call Test Case 'Test Cases/Sekmeler/YeniSekmeyeGec' successfully

2021-10-14 17:23:30 - [MESSAGE][INFO] - Checking called Test Case

2021-10-14 17:23:30 - [MESSAGE][INFO] - Starting to call Test Case 'Test Cases/Sekmeler/YeniSekmeBasligindaVarMi'

2021-10-14 17:23:30 - [TEST_CASE][PASSED] - Test Cases/Sekmeler/YeniSekmeBasligindaVarMi: Test Cases/Sekmeler/YeniSekmeBasligindaVarMi

2021-10-14 17:23:30 - [TEST_STEP][PASSED] - verifyElementText(findTestObject("Object Repository/Sekmeler/Olusturma_Goster_Baslik"), Title): Actual text and expected text of test object 'Object Repository/Sekmeler/Olusturma_Goster_Baslik' are matched.

2021-10-14 17:23:30 - [MESSAGE][INFO] - Finding Test Object 'Object Repository/Sekmeler/Olusturma_Goster_Baslik'

2021-10-14 17:23:30 - [MESSAGE][INFO] - Checking object

2021-10-14 17:23:30 - [MESSAGE][INFO] - Finding web element from Test Object's properties

2021-10-14 17:23:30 - [MESSAGE][INFO] - Checking timeout

2021-10-14 17:23:30 - [MESSAGE][INFO] - Finding web element with id: 'Object Repository/Sekmeler/Olusturma_Goster_Baslik' located by 'By.cssSelector: h1>span,td>font,font' in '30' second(s)

2021-10-14 17:23:30 - [MESSAGE][INFO] - Smart Wait Function is triggered

2021-10-14 17:23:31 - [MESSAGE][INFO] - Found 1 web elements with id: 'Object Repository/Sekmeler/Olusturma_Goster_Baslik' located by 'By.cssSelector: h1>span,td>font,font' in '30' second(s)

2021-10-14 17:23:31 - [MESSAGE][PASSED] - Actual text and expected text of test object 'Object Repository/Sekmeler/Olusturma_Goster_Baslik' are matched.

2021-10-14 17:23:31 - [MESSAGE][PASSED] - Call Test Case 'Test Cases/Sekmeler/YeniSekmeBasligindaVarMi' successfully

2021-10-14 17:23:31 - [MESSAGE][INFO] - Checking called Test Case

2021-10-14 17:23:31 - [MESSAGE][INFO] - Starting to call Test Case 'Test Cases/Sekmeler/Ana_Sekmeye_Gec'

2021-10-14 17:23:31 - [TEST_CASE][PASSED] - Test Cases/Sekmeler/Ana_Sekmeye_Gec: Test Cases/Sekmeler/Ana_Sekmeye_Gec

2021-10-14 17:23:31 - [TEST_STEP][PASSED] - try: Window with index 1 is closed

2021-10-14 17:23:31 - [TEST_STEP][PASSED] - index = getWindowIndex(): Current window's index is: 1

2021-10-14 17:23:31 - [MESSAGE][INFO] - Getting current window's index

2021-10-14 17:23:31 - [MESSAGE][PASSED] - Current window's index is: 1

2021-10-14 17:23:31 - [TEST_STEP][PASSED] - closeWindowIndex(index): Window with index 1 is closed

2021-10-14 17:23:31 - [MESSAGE][INFO] - Checking index

2021-10-14 17:23:31 - [MESSAGE][INFO] - Closing window with index 1

2021-10-14 17:23:32 - [MESSAGE][PASSED] - Window with index 1 is closed

2021-10-14 17:23:32 - [TEST_STEP][PASSED] - switchToWindowIndex(0): Switched to window with index: '0'

2021-10-14 17:23:32 - [MESSAGE][INFO] - Checking index

2021-10-14 17:23:32 - [MESSAGE][INFO] - Switching window with index: '0'

2021-10-14 17:23:32 - [MESSAGE][PASSED] - Switched to window with index: '0'

2021-10-14 17:23:32 - [MESSAGE][PASSED] - Call Test Case 'Test Cases/Sekmeler/Ana_Sekmeye_Gec' successfully

2021-10-14 17:23:32 - [MESSAGE][INFO] - Checking called Test Case

2021-10-14 17:23:32 - [MESSAGE][INFO] - Starting to call Test Case 'Test Cases/Kullanici_Islemleri/KullaniciIslemlerindenSecimYapilir'

2021-10-14 17:23:32 - [TEST_CASE][PASSED] - Test Cases/Kullanici_Islemleri/KullaniciIslemlerindenSecimYapilir: Test Cases/Kullanici_Islemleri/KullaniciIslemlerindenSecimYapilir

2021-10-14 17:23:32 - [TEST_STEP][PASSED] - waitForElementClickable(findTestObject("Object Repository/Kullanici_Islemleri/KullaniciIslemleri"), 10): Object 'Object Repository/Kullanici_Islemleri/KullaniciIslemleri' is clickable

2021-10-14 17:23:32 - [MESSAGE][INFO] - Finding Test Object 'Object Repository/Kullanici_Islemleri/KullaniciIslemleri'

2021-10-14 17:23:32 - [MESSAGE][INFO] - Checking object

2021-10-14 17:23:32 - [MESSAGE][INFO] - Checking timeout

2021-10-14 17:23:32 - [MESSAGE][INFO] - Finding web element from Test Object's properties

2021-10-14 17:23:32 - [MESSAGE][INFO] - Checking timeout

2021-10-14 17:23:32 - [MESSAGE][INFO] - Finding web element with id: 'Object Repository/Kullanici_Islemleri/KullaniciIslemleri' located by 'By.cssSelector: .dropdown>a>img' in '10' second(s)

2021-10-14 17:23:32 - [MESSAGE][INFO] - Smart Wait Function is triggered

2021-10-14 17:23:32 - [MESSAGE][INFO] - Found 1 web elements with id: 'Object Repository/Kullanici_Islemleri/KullaniciIslemleri' located by 'By.cssSelector: .dropdown>a>img' in '10' second(s)

2021-10-14 17:23:32 - [MESSAGE][PASSED] - Object 'Object Repository/Kullanici_Islemleri/KullaniciIslemleri' is clickable

2021-10-14 17:23:32 - [TEST_STEP][PASSED] - click(findTestObject("Object Repository/Kullanici_Islemleri/KullaniciIslemleri")): Object: 'Object Repository/Kullanici_Islemleri/KullaniciIslemleri' is clicked on

2021-10-14 17:23:32 - [MESSAGE][INFO] - Finding Test Object 'Object Repository/Kullanici_Islemleri/KullaniciIslemleri'

2021-10-14 17:23:32 - [MESSAGE][INFO] - Checking object

2021-10-14 17:23:32 - [MESSAGE][INFO] - Finding web element from Test Object's properties

2021-10-14 17:23:32 - [MESSAGE][INFO] - Checking timeout

2021-10-14 17:23:32 - [MESSAGE][INFO] - Finding web element with id: 'Object Repository/Kullanici_Islemleri/KullaniciIslemleri' located by 'By.cssSelector: .dropdown>a>img' in '30' second(s)

2021-10-14 17:23:32 - [MESSAGE][INFO] - Smart Wait Function is triggered

2021-10-14 17:23:32 - [MESSAGE][INFO] - Found 1 web elements with id: 'Object Repository/Kullanici_Islemleri/KullaniciIslemleri' located by 'By.cssSelector: .dropdown>a>img' in '30' second(s)

2021-10-14 17:23:32 - [MESSAGE][INFO] - Clicking on object: 'Object Repository/Kullanici_Islemleri/KullaniciIslemleri'

2021-10-14 17:23:33 - [MESSAGE][PASSED] - Object: 'Object Repository/Kullanici_Islemleri/KullaniciIslemleri' is clicked on

2021-10-14 17:23:33 - [TEST_STEP][PASSED] - Method.TextDegerineEsitElementeTikla(findTestObject("Object Repository/Kullanici_Islemleri/Secenekler"), Islem): Method.TextDegerineEsitElementeTikla is PASSED

2021-10-14 17:23:33 - [MESSAGE][INFO] - Finding Test Object 'Object Repository/Kullanici_Islemleri/Secenekler'

2021-10-14 17:23:33 - [MESSAGE][INFO] - Checking timeout

2021-10-14 17:23:33 - [MESSAGE][INFO] - Finding web element with id: 'Object Repository/Kullanici_Islemleri/Secenekler' located by 'By.cssSelector: .nav.navbar-nav.navbar-right li a' in '10' second(s)

2021-10-14 17:23:33 - [MESSAGE][INFO] - Smart Wait Function is triggered

2021-10-14 17:23:33 - [MESSAGE][INFO] - Found 22 web elements with id: 'Object Repository/Kullanici_Islemleri/Secenekler' located by 'By.cssSelector: .nav.navbar-nav.navbar-right li a' in '10' second(s)

2021-10-14 17:23:36 - [MESSAGE][PASSED] - Method.TextDegerineEsitElementeTikla is PASSED

2021-10-14 17:23:36 - [TEST_STEP][PASSED] - verifyElementNotPresent(findTestObject("Object Repository/Kullanici_Islemleri/Secenekler"), 10): Web element with id: 'Object Repository/Kullanici_Islemleri/Secenekler' located by 'By.cssSelector: .nav.navbar-nav.navbar-right li a' is not present after '10' second(s)

2021-10-14 17:23:36 - [MESSAGE][INFO] - Finding Test Object 'Object Repository/Kullanici_Islemleri/Secenekler'

2021-10-14 17:23:36 - [MESSAGE][INFO] - Checking object

2021-10-14 17:23:36 - [MESSAGE][INFO] - Checking timeout

2021-10-14 17:23:36 - [MESSAGE][INFO] - Finding web element with id: 'Object Repository/Kullanici_Islemleri/Secenekler' located by 'By.cssSelector: .nav.navbar-nav.navbar-right li a' in '10' second(s)

2021-10-14 17:23:36 - [MESSAGE][INFO] - Smart Wait Function is triggered

2021-10-14 17:23:36 - [MESSAGE][PASSED] - Web element with id: 'Object Repository/Kullanici_Islemleri/Secenekler' located by 'By.cssSelector: .nav.navbar-nav.navbar-right li a' is not present after '10' second(s)

2021-10-14 17:23:36 - [MESSAGE][PASSED] - Call Test Case 'Test Cases/Kullanici_Islemleri/KullaniciIslemlerindenSecimYapilir' successfully

2021-10-14 17:23:36 - [TEST_CASE][PASSED] - Start Test Case : SCENARIO Faturanin Gorselini Ac: SCENARIO Faturanin Gorselini Ac

2021-10-14 17:23:36 - [TEST_STEP][PASSED] - Kullanıcı adı ELOGO6 ve Şifre 123456 olarak giriş yapılır: Kullanıcı adı ELOGO6 ve Şifre 123456 olarak giriş yapılır

2021-10-14 17:23:36 - [MESSAGE][PASSED] - Kullanıcı adı ELOGO6 ve Şifre 123456 olarak giriş yapılır

2021-10-14 17:23:36 - [TEST_STEP][PASSED] - Ana menüden e-Fatura seçilir: Ana menüden e-Fatura seçilir

2021-10-14 17:23:36 - [MESSAGE][PASSED] - Ana menüden e-Fatura seçilir

2021-10-14 17:23:36 - [TEST_STEP][PASSED] - Alt menü Giden Kutusu başlığı altındaki Faturalar seçilir: Alt menü Giden Kutusu başlığı altındaki Faturalar seçilir

2021-10-14 17:23:36 - [MESSAGE][PASSED] - Alt menü Giden Kutusu başlığı altındaki Faturalar seçilir

2021-10-14 17:23:36 - [TEST_STEP][PASSED] - Filtrelerden Oluşturma Tarihi filtresine 01.12.2020 baslangic degerini yaz: Filtrelerden Oluşturma Tarihi filtresine 01.12.2020 baslangic degerini yaz

2021-10-14 17:23:36 - [MESSAGE][PASSED] - Filtrelerden Oluşturma Tarihi filtresine 01.12.2020 baslangic degerini yaz

2021-10-14 17:23:36 - [TEST_STEP][PASSED] - Filtrelerden Oluşturma Tarihi filtresine 31.12.2020 bitis degerini yaz: Filtrelerden Oluşturma Tarihi filtresine 31.12.2020 bitis degerini yaz

2021-10-14 17:23:36 - [MESSAGE][PASSED] - Filtrelerden Oluşturma Tarihi filtresine 31.12.2020 bitis degerini yaz

2021-10-14 17:23:36 - [TEST_STEP][PASSED] - Filtre butonlarından Listele seçilir: Filtre butonlarından Listele seçilir

2021-10-14 17:23:36 - [MESSAGE][PASSED] - Filtre butonlarından Listele seçilir

2021-10-14 17:23:36 - [TEST_STEP][PASSED] - Tabloda veri var mı kontrol edilir: Tabloda veri var mı kontrol edilir

2021-10-14 17:23:36 - [MESSAGE][PASSED] - Tabloda veri var mı kontrol edilir

2021-10-14 17:23:36 - [TEST_STEP][PASSED] - Tablodaki TEST isimli verinin Fatura adlı butonuna tıklanır: Tablodaki TEST isimli verinin Fatura adlı butonuna tıklanır

2021-10-14 17:23:36 - [MESSAGE][PASSED] - Tablodaki TEST isimli verinin Fatura adlı butonuna tıklanır

2021-10-14 17:23:36 - [TEST_STEP][PASSED] - Yeni açılan sekmeye geçilir: Yeni açılan sekmeye geçilir

2021-10-14 17:23:36 - [MESSAGE][PASSED] - Yeni açılan sekmeye geçilir

2021-10-14 17:23:36 - [TEST_STEP][PASSED] - Yeni sekme başlığında e-FATURA var mı kontrol edilir: Yeni sekme başlığında e-FATURA var mı kontrol edilir

2021-10-14 17:23:36 - [MESSAGE][PASSED] - Yeni sekme başlığında e-FATURA var mı kontrol edilir

2021-10-14 17:23:36 - [TEST_STEP][PASSED] - Ana sekmeye geçilir: Ana sekmeye geçilir

2021-10-14 17:23:36 - [MESSAGE][PASSED] - Ana sekmeye geçilir

2021-10-14 17:23:36 - [TEST_STEP][PASSED] - Kullanıcı işlemlerinden Çıkış seçilir: Kullanıcı işlemlerinden Çıkış seçilir

2021-10-14 17:23:36 - [MESSAGE][PASSED] - Kullanıcı işlemlerinden Çıkış seçilir

2021-10-14 17:23:36 - [MESSAGE][PASSED] - Feature file: 'Include/features/e-Fatura/Giden Kutusu/Faturalar/Gorseli Ac.feature' was passed

2021-10-14 17:23:36 - [TEST_STEP][PASSED] - Start listener action : sampleAfterTestSuite: Invoke 'com.kms.katalon.core.annotation.AfterTestCase' method: 'Listener.sampleAfterTestSuite(...)' completed.

2021-10-14 17:23:36 - [MESSAGE][INFO] - Starting invoke 'com.kms.katalon.core.annotation.AfterTestCase' method: 'Listener.sampleAfterTestSuite(...)'

2021-10-14 17:23:36 - [TEST_STEP][PASSED] - closeBrowser(): Invoke 'com.kms.katalon.core.annotation.AfterTestCase' method: 'Listener.sampleAfterTestSuite(...)' completed.

2021-10-14 17:23:36 - [MESSAGE][INFO] - Closing browser

2021-10-14 17:23:37 - [MESSAGE][PASSED] - Browser is closed

2021-10-14 17:23:37 - [MESSAGE][INFO] - Invoke 'com.kms.katalon.core.annotation.AfterTestCase' method: 'Listener.sampleAfterTestSuite(...)' completed.]]></system-out>
         <system-err><![CDATA[]]></system-err>
      </testcase>
      <testcase name="Test Cases/Case Repository/e-Fatura/Giden Kutusu/Faturalar/Izleme Kayitlari" time="41.402" classname="Test Cases/Case Repository/e-Fatura/Giden Kutusu/Faturalar/Izleme Kayitlari" status="PASSED">
         <system-out><![CDATA[2021-10-14 17:23:37 - [TEST_CASE][PASSED] - Test Cases/Case Repository/e-Fatura/Giden Kutusu/Faturalar/Izleme Kayitlari: Test Cases/Case Repository/e-Fatura/Giden Kutusu/Faturalar/Izleme Kayitlari

2021-10-14 17:23:37 - [TEST_STEP][PASSED] - Start listener action : sampleBeforeTestSuite: Invoke 'com.kms.katalon.core.annotation.BeforeTestCase' method: 'Listener.sampleBeforeTestSuite(...)' completed.

2021-10-14 17:23:37 - [MESSAGE][INFO] - Starting invoke 'com.kms.katalon.core.annotation.BeforeTestCase' method: 'Listener.sampleBeforeTestSuite(...)'

2021-10-14 17:23:37 - [TEST_STEP][PASSED] - openBrowser(baseUrl): Browser is opened with url: 'https://efatura-stage.elogo.com.tr/'

2021-10-14 17:23:37 - [MESSAGE][INFO] - Opening browser

2021-10-14 17:23:37 - [MESSAGE][INFO] - Starting 'Chrome' driver

2021-10-14 17:23:37 - [MESSAGE][INFO] - User set preference: ['prefs', '{download.default_directory=C:\otomasyondownfiles}']

2021-10-14 17:23:37 - [MESSAGE][INFO] - Action delay is set to 0 milliseconds

2021-10-14 17:23:38 - [MESSAGE][INFO] - Navigating browser to: 'https://efatura-stage.elogo.com.tr/'

2021-10-14 17:23:40 - [MESSAGE][PASSED] - Browser is opened with url: 'https://efatura-stage.elogo.com.tr/'

2021-10-14 17:23:40 - [TEST_STEP][PASSED] - maximizeWindow(): Invoke 'com.kms.katalon.core.annotation.BeforeTestCase' method: 'Listener.sampleBeforeTestSuite(...)' completed.

2021-10-14 17:23:41 - [MESSAGE][INFO] - Maximizing current window

2021-10-14 17:23:41 - [MESSAGE][PASSED] - Current window maximized

2021-10-14 17:23:41 - [MESSAGE][INFO] - Invoke 'com.kms.katalon.core.annotation.BeforeTestCase' method: 'Listener.sampleBeforeTestSuite(...)' completed.

2021-10-14 17:23:41 - [TEST_STEP][PASSED] - runFeatureFile("Include/features/e-Fatura/Giden Kutusu/Faturalar/Izleme Kayitlari.feature"): Feature file: 'Include/features/e-Fatura/Giden Kutusu/Faturalar/Izleme Kayitlari.feature' was passed

2021-10-14 17:23:41 - [MESSAGE][INFO] - Starting run keyword runFeatureFile: 'Include/features/e-Fatura/Giden Kutusu/Faturalar/Izleme Kayitlari.feature' and extract report to folder: 'C:\Users\DELL\Downloads\EES_Katalon-main\Reports\20211014_170112\Suite Repository\e-Fatura\20211014_170113/cucumber_report/1634221421689'...

2021-10-14 17:23:41 - [MESSAGE][INFO] - Glue: []

2021-10-14 17:23:42 - [MESSAGE][INFO] - Checking called Test Case

2021-10-14 17:23:42 - [MESSAGE][INFO] - Starting to call Test Case 'Test Cases/Sayfalar/Giris_Sayfasi/Login'

2021-10-14 17:23:42 - [TEST_CASE][PASSED] - Test Cases/Sayfalar/Giris_Sayfasi/Login: Test Cases/Sayfalar/Giris_Sayfasi/Login

2021-10-14 17:23:42 - [TEST_STEP][PASSED] - Sayfa_Basligi = getWindowTitle(): Current window's title is: 'LOGO e-Fatura'

2021-10-14 17:23:42 - [MESSAGE][INFO] - Getting current window's title

2021-10-14 17:23:42 - [MESSAGE][PASSED] - Current window's title is: 'LOGO e-Fatura'

2021-10-14 17:23:42 - [TEST_STEP][PASSED] - verifyMatch(Sayfa_Basligi, "LOGO e-Fatura", false): Actual text 'LOGO e-Fatura' and expected text 'LOGO e-Fatura' are matched 

2021-10-14 17:23:42 - [MESSAGE][INFO] - Matching actual text 'LOGO e-Fatura' with expected text 'LOGO e-Fatura'

2021-10-14 17:23:42 - [MESSAGE][PASSED] - Actual text 'LOGO e-Fatura' and expected text 'LOGO e-Fatura' are matched 

2021-10-14 17:23:42 - [TEST_STEP][PASSED] - sendKeys(findTestObject("Sayfalar/Giris_Sayfasi/Firma_Kodu"), KullaniciAdi): Keys 'ELOGO6' sent to object: 'Object Repository/Sayfalar/Giris_Sayfasi/Firma_Kodu'

2021-10-14 17:23:42 - [MESSAGE][INFO] - Finding Test Object 'Object Repository/Sayfalar/Giris_Sayfasi/Firma_Kodu'

2021-10-14 17:23:42 - [MESSAGE][INFO] - Sending keys 'ELOGO6' to object: 'Object Repository/Sayfalar/Giris_Sayfasi/Firma_Kodu'

2021-10-14 17:23:42 - [MESSAGE][INFO] - Finding web element from Test Object's properties

2021-10-14 17:23:42 - [MESSAGE][INFO] - Checking timeout

2021-10-14 17:23:42 - [MESSAGE][INFO] - Finding web element with id: 'Object Repository/Sayfalar/Giris_Sayfasi/Firma_Kodu' located by 'By.xpath: //*[@id = 'AccountName']' in '30' second(s)

2021-10-14 17:23:42 - [MESSAGE][INFO] - Smart Wait Function is triggered

2021-10-14 17:23:42 - [MESSAGE][INFO] - Found 1 web elements with id: 'Object Repository/Sayfalar/Giris_Sayfasi/Firma_Kodu' located by 'By.xpath: //*[@id = 'AccountName']' in '30' second(s)

2021-10-14 17:23:43 - [MESSAGE][PASSED] - Keys 'ELOGO6' sent to object: 'Object Repository/Sayfalar/Giris_Sayfasi/Firma_Kodu'

2021-10-14 17:23:43 - [TEST_STEP][PASSED] - sendKeys(findTestObject("Sayfalar/Giris_Sayfasi/Sifre"), Sifre): Keys '123456' sent to object: 'Object Repository/Sayfalar/Giris_Sayfasi/Sifre'

2021-10-14 17:23:43 - [MESSAGE][INFO] - Finding Test Object 'Object Repository/Sayfalar/Giris_Sayfasi/Sifre'

2021-10-14 17:23:43 - [MESSAGE][INFO] - Sending keys '123456' to object: 'Object Repository/Sayfalar/Giris_Sayfasi/Sifre'

2021-10-14 17:23:43 - [MESSAGE][INFO] - Finding web element from Test Object's properties

2021-10-14 17:23:43 - [MESSAGE][INFO] - Checking timeout

2021-10-14 17:23:43 - [MESSAGE][INFO] - Finding web element with id: 'Object Repository/Sayfalar/Giris_Sayfasi/Sifre' located by 'By.xpath: //*[@id = 'Password']' in '30' second(s)

2021-10-14 17:23:43 - [MESSAGE][INFO] - Smart Wait Function is triggered

2021-10-14 17:23:43 - [MESSAGE][INFO] - Found 1 web elements with id: 'Object Repository/Sayfalar/Giris_Sayfasi/Sifre' located by 'By.xpath: //*[@id = 'Password']' in '30' second(s)

2021-10-14 17:23:43 - [MESSAGE][PASSED] - Keys '123456' sent to object: 'Object Repository/Sayfalar/Giris_Sayfasi/Sifre'

2021-10-14 17:23:43 - [TEST_STEP][PASSED] - findWebElement(findTestObject("Sayfalar/Giris_Sayfasi/Giris_Butonu")).click(): Found 1 web elements with id: 'Object Repository/Sayfalar/Giris_Sayfasi/Giris_Butonu' located by 'By.cssSelector: #btnLogin' in '30' second(s)

2021-10-14 17:23:43 - [MESSAGE][INFO] - Finding Test Object 'Object Repository/Sayfalar/Giris_Sayfasi/Giris_Butonu'

2021-10-14 17:23:43 - [MESSAGE][INFO] - Finding web element from Test Object's properties

2021-10-14 17:23:43 - [MESSAGE][INFO] - Checking timeout

2021-10-14 17:23:43 - [MESSAGE][INFO] - Finding web element with id: 'Object Repository/Sayfalar/Giris_Sayfasi/Giris_Butonu' located by 'By.cssSelector: #btnLogin' in '30' second(s)

2021-10-14 17:23:43 - [MESSAGE][INFO] - Smart Wait Function is triggered

2021-10-14 17:23:44 - [MESSAGE][INFO] - Found 1 web elements with id: 'Object Repository/Sayfalar/Giris_Sayfasi/Giris_Butonu' located by 'By.cssSelector: #btnLogin' in '30' second(s)

2021-10-14 17:23:46 - [TEST_STEP][PASSED] - if (verifyElementPresent(findTestObject("Object Repository/Sayfalar/Giris_Sayfasi/RetveTamam_Butonu"), 5, OPTIONAL)): null

2021-10-14 17:23:46 - [MESSAGE][INFO] - Finding Test Object 'Object Repository/Sayfalar/Giris_Sayfasi/RetveTamam_Butonu'

2021-10-14 17:23:46 - [MESSAGE][INFO] - Checking object

2021-10-14 17:23:46 - [MESSAGE][INFO] - Finding web element from Test Object's properties

2021-10-14 17:23:46 - [MESSAGE][INFO] - Checking timeout

2021-10-14 17:23:46 - [MESSAGE][INFO] - Finding web element with id: 'Object Repository/Sayfalar/Giris_Sayfasi/RetveTamam_Butonu' located by 'By.xpath: //*[@class = 'btn btn-default']' in '5' second(s)

2021-10-14 17:23:46 - [MESSAGE][INFO] - Smart Wait Function is triggered

2021-10-14 17:23:47 - [MESSAGE][INFO] - Found 1 web elements with id: 'Object Repository/Sayfalar/Giris_Sayfasi/RetveTamam_Butonu' located by 'By.xpath: //*[@class = 'btn btn-default']' in '5' second(s)

2021-10-14 17:23:47 - [MESSAGE][PASSED] - Object 'Object Repository/Sayfalar/Giris_Sayfasi/RetveTamam_Butonu' is present

2021-10-14 17:23:47 - [TEST_STEP][PASSED] - click(findTestObject("Object Repository/Sayfalar/Giris_Sayfasi/RetveTamam_Butonu")): Object: 'Object Repository/Sayfalar/Giris_Sayfasi/RetveTamam_Butonu' is clicked on

2021-10-14 17:23:47 - [MESSAGE][INFO] - Finding Test Object 'Object Repository/Sayfalar/Giris_Sayfasi/RetveTamam_Butonu'

2021-10-14 17:23:47 - [MESSAGE][INFO] - Checking object

2021-10-14 17:23:47 - [MESSAGE][INFO] - Finding web element from Test Object's properties

2021-10-14 17:23:47 - [MESSAGE][INFO] - Checking timeout

2021-10-14 17:23:47 - [MESSAGE][INFO] - Finding web element with id: 'Object Repository/Sayfalar/Giris_Sayfasi/RetveTamam_Butonu' located by 'By.xpath: //*[@class = 'btn btn-default']' in '30' second(s)

2021-10-14 17:23:47 - [MESSAGE][INFO] - Smart Wait Function is triggered

2021-10-14 17:23:47 - [MESSAGE][INFO] - Found 1 web elements with id: 'Object Repository/Sayfalar/Giris_Sayfasi/RetveTamam_Butonu' located by 'By.xpath: //*[@class = 'btn btn-default']' in '30' second(s)

2021-10-14 17:23:47 - [MESSAGE][INFO] - Clicking on object: 'Object Repository/Sayfalar/Giris_Sayfasi/RetveTamam_Butonu'

2021-10-14 17:23:47 - [MESSAGE][PASSED] - Object: 'Object Repository/Sayfalar/Giris_Sayfasi/RetveTamam_Butonu' is clicked on

2021-10-14 17:23:47 - [TEST_STEP][PASSED] - click(findTestObject("Object Repository/Sayfalar/Giris_Sayfasi/RetveTamam_Butonu")): Object: 'Object Repository/Sayfalar/Giris_Sayfasi/RetveTamam_Butonu' is clicked on

2021-10-14 17:23:47 - [MESSAGE][INFO] - Finding Test Object 'Object Repository/Sayfalar/Giris_Sayfasi/RetveTamam_Butonu'

2021-10-14 17:23:47 - [MESSAGE][INFO] - Checking object

2021-10-14 17:23:47 - [MESSAGE][INFO] - Finding web element from Test Object's properties

2021-10-14 17:23:47 - [MESSAGE][INFO] - Checking timeout

2021-10-14 17:23:47 - [MESSAGE][INFO] - Finding web element with id: 'Object Repository/Sayfalar/Giris_Sayfasi/RetveTamam_Butonu' located by 'By.xpath: //*[@class = 'btn btn-default']' in '30' second(s)

2021-10-14 17:23:47 - [MESSAGE][INFO] - Smart Wait Function is triggered

2021-10-14 17:23:50 - [MESSAGE][INFO] - Found 1 web elements with id: 'Object Repository/Sayfalar/Giris_Sayfasi/RetveTamam_Butonu' located by 'By.xpath: //*[@class = 'btn btn-default']' in '30' second(s)

2021-10-14 17:23:50 - [MESSAGE][INFO] - Clicking on object: 'Object Repository/Sayfalar/Giris_Sayfasi/RetveTamam_Butonu'

2021-10-14 17:23:50 - [MESSAGE][PASSED] - Object: 'Object Repository/Sayfalar/Giris_Sayfasi/RetveTamam_Butonu' is clicked on

2021-10-14 17:23:50 - [TEST_STEP][PASSED] - if (verifyElementPresent(findTestObject("Sayfalar/Giris_Sayfasi/PopupOK"), 5, OPTIONAL)): null

2021-10-14 17:23:50 - [MESSAGE][INFO] - Finding Test Object 'Object Repository/Sayfalar/Giris_Sayfasi/PopupOK'

2021-10-14 17:23:51 - [MESSAGE][INFO] - Checking object

2021-10-14 17:23:51 - [MESSAGE][INFO] - Finding web element from Test Object's properties

2021-10-14 17:23:51 - [MESSAGE][INFO] - Checking timeout

2021-10-14 17:23:51 - [MESSAGE][INFO] - Finding web element with id: 'Object Repository/Sayfalar/Giris_Sayfasi/PopupOK' located by 'By.cssSelector: .btn.btn-success' in '5' second(s)

2021-10-14 17:23:51 - [MESSAGE][INFO] - Smart Wait Function is triggered

2021-10-14 17:23:51 - [MESSAGE][INFO] - Found 1 web elements with id: 'Object Repository/Sayfalar/Giris_Sayfasi/PopupOK' located by 'By.cssSelector: .btn.btn-success' in '5' second(s)

2021-10-14 17:23:51 - [MESSAGE][PASSED] - Object 'Object Repository/Sayfalar/Giris_Sayfasi/PopupOK' is present

2021-10-14 17:23:51 - [TEST_STEP][PASSED] - click(findTestObject("Object Repository/Sayfalar/Giris_Sayfasi/PopupCarpiGiris")): Object: 'Object Repository/Sayfalar/Giris_Sayfasi/PopupCarpiGiris' is clicked on

2021-10-14 17:23:51 - [MESSAGE][INFO] - Finding Test Object 'Object Repository/Sayfalar/Giris_Sayfasi/PopupCarpiGiris'

2021-10-14 17:23:51 - [MESSAGE][INFO] - Checking object

2021-10-14 17:23:51 - [MESSAGE][INFO] - Finding web element from Test Object's properties

2021-10-14 17:23:51 - [MESSAGE][INFO] - Checking timeout

2021-10-14 17:23:51 - [MESSAGE][INFO] - Finding web element with id: 'Object Repository/Sayfalar/Giris_Sayfasi/PopupCarpiGiris' located by 'By.cssSelector: .bootbox-close-button.close' in '30' second(s)

2021-10-14 17:23:51 - [MESSAGE][INFO] - Smart Wait Function is triggered

2021-10-14 17:23:52 - [MESSAGE][INFO] - Found 1 web elements with id: 'Object Repository/Sayfalar/Giris_Sayfasi/PopupCarpiGiris' located by 'By.cssSelector: .bootbox-close-button.close' in '30' second(s)

2021-10-14 17:23:52 - [MESSAGE][INFO] - Clicking on object: 'Object Repository/Sayfalar/Giris_Sayfasi/PopupCarpiGiris'

2021-10-14 17:23:52 - [MESSAGE][PASSED] - Object: 'Object Repository/Sayfalar/Giris_Sayfasi/PopupCarpiGiris' is clicked on

2021-10-14 17:23:52 - [TEST_STEP][PASSED] - verifyElementVisible(findTestObject("Object Repository/Kullanici_Islemleri/KullaniciIslemleri")): Object 'Object Repository/Kullanici_Islemleri/KullaniciIslemleri' is visible

2021-10-14 17:23:52 - [MESSAGE][INFO] - Finding Test Object 'Object Repository/Kullanici_Islemleri/KullaniciIslemleri'

2021-10-14 17:23:52 - [MESSAGE][INFO] - Checking object

2021-10-14 17:23:52 - [MESSAGE][INFO] - Finding web element from Test Object's properties

2021-10-14 17:23:52 - [MESSAGE][INFO] - Checking timeout

2021-10-14 17:23:52 - [MESSAGE][INFO] - Finding web element with id: 'Object Repository/Kullanici_Islemleri/KullaniciIslemleri' located by 'By.cssSelector: .dropdown>a>img' in '30' second(s)

2021-10-14 17:23:52 - [MESSAGE][INFO] - Smart Wait Function is triggered

2021-10-14 17:23:53 - [MESSAGE][INFO] - Found 1 web elements with id: 'Object Repository/Kullanici_Islemleri/KullaniciIslemleri' located by 'By.cssSelector: .dropdown>a>img' in '30' second(s)

2021-10-14 17:23:53 - [MESSAGE][PASSED] - Object 'Object Repository/Kullanici_Islemleri/KullaniciIslemleri' is visible

2021-10-14 17:23:53 - [MESSAGE][PASSED] - Call Test Case 'Test Cases/Sayfalar/Giris_Sayfasi/Login' successfully

2021-10-14 17:23:53 - [MESSAGE][INFO] - Checking called Test Case

2021-10-14 17:23:53 - [MESSAGE][INFO] - Starting to call Test Case 'Test Cases/Menu/AnaMenuSecimi'

2021-10-14 17:23:53 - [TEST_CASE][PASSED] - Test Cases/Menu/AnaMenuSecimi: Test Cases/Menu/AnaMenuSecimi

2021-10-14 17:23:53 - [TEST_STEP][PASSED] - Method.TextDegerineEsitElementeTikla(findTestObject("Menu/Ana_Menu"), Ana_Menu): Method.TextDegerineEsitElementeTikla is PASSED

2021-10-14 17:23:53 - [MESSAGE][INFO] - Finding Test Object 'Object Repository/Menu/Ana_Menu'

2021-10-14 17:23:53 - [MESSAGE][INFO] - Checking timeout

2021-10-14 17:23:53 - [MESSAGE][INFO] - Finding web element with id: 'Object Repository/Menu/Ana_Menu' located by 'By.xpath: //*[@class = 'dropdown-toggle']' in '10' second(s)

2021-10-14 17:23:53 - [MESSAGE][INFO] - Smart Wait Function is triggered

2021-10-14 17:23:53 - [MESSAGE][INFO] - Found 14 web elements with id: 'Object Repository/Menu/Ana_Menu' located by 'By.xpath: //*[@class = 'dropdown-toggle']' in '10' second(s)

2021-10-14 17:23:54 - [MESSAGE][PASSED] - Method.TextDegerineEsitElementeTikla is PASSED

2021-10-14 17:23:54 - [MESSAGE][PASSED] - Call Test Case 'Test Cases/Menu/AnaMenuSecimi' successfully

2021-10-14 17:23:54 - [MESSAGE][INFO] - Checking called Test Case

2021-10-14 17:23:54 - [MESSAGE][INFO] - Starting to call Test Case 'Test Cases/Menu/BasligaGoreAltMenuSecimi'

2021-10-14 17:23:54 - [TEST_CASE][PASSED] - Test Cases/Menu/BasligaGoreAltMenuSecimi: Test Cases/Menu/BasligaGoreAltMenuSecimi

2021-10-14 17:23:54 - [TEST_STEP][PASSED] - Method.TextDegerineEsitElementinAltindakiTextDegerineEsitOlanaTikla(findTestObject("Menu/Menu_Basligi"), findTestObject("Menu/Basliga_Gore_Alt_Menu"), Baslik, Alt_Menu): Method.TextDegerineEsitElementinAltindakiTextDegerineEsitOlanaTikla is PASSED

2021-10-14 17:23:54 - [MESSAGE][INFO] - Finding Test Object 'Object Repository/Menu/Menu_Basligi'

2021-10-14 17:23:54 - [MESSAGE][INFO] - Finding Test Object 'Object Repository/Menu/Basliga_Gore_Alt_Menu'

2021-10-14 17:23:54 - [MESSAGE][INFO] - Checking timeout

2021-10-14 17:23:54 - [MESSAGE][INFO] - Finding web element with id: 'Object Repository/Menu/Menu_Basligi' located by 'By.xpath: //li[@class='dropdown dropdown-large open']//li[@class='dropdown-header']' in '10' second(s)

2021-10-14 17:23:54 - [MESSAGE][INFO] - Smart Wait Function is triggered

2021-10-14 17:23:54 - [MESSAGE][INFO] - Found 3 web elements with id: 'Object Repository/Menu/Menu_Basligi' located by 'By.xpath: //li[@class='dropdown dropdown-large open']//li[@class='dropdown-header']' in '10' second(s)

2021-10-14 17:23:54 - [MESSAGE][INFO] - Smart Wait Function is triggered

2021-10-14 17:23:57 - [MESSAGE][PASSED] - Method.TextDegerineEsitElementinAltindakiTextDegerineEsitOlanaTikla is PASSED

2021-10-14 17:23:57 - [MESSAGE][PASSED] - Call Test Case 'Test Cases/Menu/BasligaGoreAltMenuSecimi' successfully

2021-10-14 17:23:57 - [MESSAGE][INFO] - Checking called Test Case

2021-10-14 17:23:57 - [MESSAGE][INFO] - Starting to call Test Case 'Test Cases/Filtreler/BaslangicYaz'

2021-10-14 17:23:57 - [TEST_CASE][PASSED] - Test Cases/Filtreler/BaslangicYaz: Test Cases/Filtreler/BaslangicYaz

2021-10-14 17:23:57 - [TEST_STEP][PASSED] - Method.TextDegerineEsitElementinAltindakineTikla(findTestObject("Filtreler/Basliklar"), findTestObject("Filtreler/Basliga_Gore_Baslangic_Image"), Filtre_Adi): Method.TextDegerineEsitElementinAltindakineTikla is PASSED

2021-10-14 17:23:57 - [MESSAGE][INFO] - Finding Test Object 'Object Repository/Filtreler/Basliklar'

2021-10-14 17:23:57 - [MESSAGE][INFO] - Finding Test Object 'Object Repository/Filtreler/Basliga_Gore_Baslangic_Image'

2021-10-14 17:23:57 - [MESSAGE][INFO] - Checking timeout

2021-10-14 17:23:57 - [MESSAGE][INFO] - Finding web element with id: 'Object Repository/Filtreler/Basliklar' located by 'By.cssSelector: .control-label.col-sm-4.paddingMarginRLC' in '10' second(s)

2021-10-14 17:23:57 - [MESSAGE][INFO] - Smart Wait Function is triggered

2021-10-14 17:23:58 - [MESSAGE][INFO] - Found 20 web elements with id: 'Object Repository/Filtreler/Basliklar' located by 'By.cssSelector: .control-label.col-sm-4.paddingMarginRLC' in '10' second(s)

2021-10-14 17:23:58 - [MESSAGE][INFO] - Smart Wait Function is triggered

2021-10-14 17:23:58 - [MESSAGE][PASSED] - Method.TextDegerineEsitElementinAltindakineTikla is PASSED

2021-10-14 17:23:58 - [TEST_STEP][PASSED] - Method.TextDegerineEsitElementinAltindakiTextboxtaYaz(findTestObject("Filtreler/Basliklar"), findTestObject("Filtreler/Basliga_Gore_Baslangic"), Filtre_Adi, Filtre_Degeri): Method.TextDegerineEsitElementinAltindakiTextboxtaYaz is PASSED

2021-10-14 17:23:58 - [MESSAGE][INFO] - Finding Test Object 'Object Repository/Filtreler/Basliklar'

2021-10-14 17:23:58 - [MESSAGE][INFO] - Finding Test Object 'Object Repository/Filtreler/Basliga_Gore_Baslangic'

2021-10-14 17:23:58 - [MESSAGE][INFO] - Checking timeout

2021-10-14 17:23:58 - [MESSAGE][INFO] - Finding web element with id: 'Object Repository/Filtreler/Basliklar' located by 'By.cssSelector: .control-label.col-sm-4.paddingMarginRLC' in '10' second(s)

2021-10-14 17:23:58 - [MESSAGE][INFO] - Smart Wait Function is triggered

2021-10-14 17:23:59 - [MESSAGE][INFO] - Found 20 web elements with id: 'Object Repository/Filtreler/Basliklar' located by 'By.cssSelector: .control-label.col-sm-4.paddingMarginRLC' in '10' second(s)

2021-10-14 17:23:59 - [MESSAGE][INFO] - Smart Wait Function is triggered

2021-10-14 17:23:59 - [MESSAGE][PASSED] - Method.TextDegerineEsitElementinAltindakiTextboxtaYaz is PASSED

2021-10-14 17:23:59 - [MESSAGE][PASSED] - Call Test Case 'Test Cases/Filtreler/BaslangicYaz' successfully

2021-10-14 17:23:59 - [MESSAGE][INFO] - Checking called Test Case

2021-10-14 17:23:59 - [MESSAGE][INFO] - Starting to call Test Case 'Test Cases/Filtreler/BitisYaz'

2021-10-14 17:23:59 - [TEST_CASE][PASSED] - Test Cases/Filtreler/BitisYaz: Test Cases/Filtreler/BitisYaz

2021-10-14 17:23:59 - [TEST_STEP][PASSED] - Method.TextDegerineEsitElementinAltindakineTikla(findTestObject("Filtreler/Basliklar"), findTestObject("Filtreler/Basliga_Gore_Bitis_Image"), Filtre_Adi): Method.TextDegerineEsitElementinAltindakineTikla is PASSED

2021-10-14 17:23:59 - [MESSAGE][INFO] - Finding Test Object 'Object Repository/Filtreler/Basliklar'

2021-10-14 17:23:59 - [MESSAGE][INFO] - Finding Test Object 'Object Repository/Filtreler/Basliga_Gore_Bitis_Image'

2021-10-14 17:23:59 - [MESSAGE][INFO] - Checking timeout

2021-10-14 17:23:59 - [MESSAGE][INFO] - Finding web element with id: 'Object Repository/Filtreler/Basliklar' located by 'By.cssSelector: .control-label.col-sm-4.paddingMarginRLC' in '10' second(s)

2021-10-14 17:23:59 - [MESSAGE][INFO] - Smart Wait Function is triggered

2021-10-14 17:24:00 - [MESSAGE][INFO] - Found 20 web elements with id: 'Object Repository/Filtreler/Basliklar' located by 'By.cssSelector: .control-label.col-sm-4.paddingMarginRLC' in '10' second(s)

2021-10-14 17:24:00 - [MESSAGE][INFO] - Smart Wait Function is triggered

2021-10-14 17:24:00 - [MESSAGE][PASSED] - Method.TextDegerineEsitElementinAltindakineTikla is PASSED

2021-10-14 17:24:00 - [TEST_STEP][PASSED] - Method.TextDegerineEsitElementinAltindakiTextboxtaYaz(findTestObject("Filtreler/Basliklar"), findTestObject("Object Repository/Filtreler/Basliga_Gore_Bitis"), Filtre_Adi, Filtre_Degeri): Method.TextDegerineEsitElementinAltindakiTextboxtaYaz is PASSED

2021-10-14 17:24:00 - [MESSAGE][INFO] - Finding Test Object 'Object Repository/Filtreler/Basliklar'

2021-10-14 17:24:00 - [MESSAGE][INFO] - Finding Test Object 'Object Repository/Filtreler/Basliga_Gore_Bitis'

2021-10-14 17:24:00 - [MESSAGE][INFO] - Checking timeout

2021-10-14 17:24:00 - [MESSAGE][INFO] - Finding web element with id: 'Object Repository/Filtreler/Basliklar' located by 'By.cssSelector: .control-label.col-sm-4.paddingMarginRLC' in '10' second(s)

2021-10-14 17:24:00 - [MESSAGE][INFO] - Smart Wait Function is triggered

2021-10-14 17:24:00 - [MESSAGE][INFO] - Found 20 web elements with id: 'Object Repository/Filtreler/Basliklar' located by 'By.cssSelector: .control-label.col-sm-4.paddingMarginRLC' in '10' second(s)

2021-10-14 17:24:00 - [MESSAGE][INFO] - Smart Wait Function is triggered

2021-10-14 17:24:01 - [MESSAGE][PASSED] - Method.TextDegerineEsitElementinAltindakiTextboxtaYaz is PASSED

2021-10-14 17:24:01 - [MESSAGE][PASSED] - Call Test Case 'Test Cases/Filtreler/BitisYaz' successfully

2021-10-14 17:24:01 - [MESSAGE][INFO] - Checking called Test Case

2021-10-14 17:24:01 - [MESSAGE][INFO] - Starting to call Test Case 'Test Cases/Filtreler/ButonaTikla'

2021-10-14 17:24:01 - [TEST_CASE][PASSED] - Test Cases/Filtreler/ButonaTikla: Test Cases/Filtreler/ButonaTikla

2021-10-14 17:24:01 - [TEST_STEP][PASSED] - Method.TextDegerineEsitElementeTikla(findTestObject("Filtreler/Butonlar"), Filtre_Buton): Method.TextDegerineEsitElementeTikla is PASSED

2021-10-14 17:24:01 - [MESSAGE][INFO] - Finding Test Object 'Object Repository/Filtreler/Butonlar'

2021-10-14 17:24:01 - [MESSAGE][INFO] - Checking timeout

2021-10-14 17:24:01 - [MESSAGE][INFO] - Finding web element with id: 'Object Repository/Filtreler/Butonlar' located by 'By.cssSelector: .dxb>span' in '10' second(s)

2021-10-14 17:24:01 - [MESSAGE][INFO] - Smart Wait Function is triggered

2021-10-14 17:24:01 - [MESSAGE][INFO] - Found 3 web elements with id: 'Object Repository/Filtreler/Butonlar' located by 'By.cssSelector: .dxb>span' in '10' second(s)

2021-10-14 17:24:02 - [MESSAGE][PASSED] - Method.TextDegerineEsitElementeTikla is PASSED

2021-10-14 17:24:02 - [MESSAGE][PASSED] - Call Test Case 'Test Cases/Filtreler/ButonaTikla' successfully

2021-10-14 17:24:02 - [MESSAGE][INFO] - Checking called Test Case

2021-10-14 17:24:02 - [MESSAGE][INFO] - Starting to call Test Case 'Test Cases/Tablo/TablodaVeriVarMi'

2021-10-14 17:24:02 - [TEST_CASE][PASSED] - Test Cases/Tablo/TablodaVeriVarMi: Test Cases/Tablo/TablodaVeriVarMi

2021-10-14 17:24:02 - [TEST_STEP][PASSED] - verifyTextNotPresent("Görüntülenecek veri yok", true): Text 'Görüntülenecek veri yok' is not present on page using regular expression

2021-10-14 17:24:02 - [MESSAGE][INFO] - Checking text present  using regular expression

2021-10-14 17:24:02 - [MESSAGE][INFO] - Smart Wait Function is triggered

2021-10-14 17:24:03 - [MESSAGE][INFO] - Finding text 'Görüntülenecek veri yok' on page  using regular expression

2021-10-14 17:24:03 - [MESSAGE][PASSED] - Text 'Görüntülenecek veri yok' is not present on page using regular expression

2021-10-14 17:24:03 - [MESSAGE][PASSED] - Call Test Case 'Test Cases/Tablo/TablodaVeriVarMi' successfully

2021-10-14 17:24:03 - [MESSAGE][INFO] - Checking called Test Case

2021-10-14 17:24:03 - [MESSAGE][INFO] - Starting to call Test Case 'Test Cases/Tablo/TablodanVeriSec'

2021-10-14 17:24:03 - [TEST_CASE][PASSED] - Test Cases/Tablo/TablodanVeriSec: Test Cases/Tablo/TablodanVeriSec

2021-10-14 17:24:03 - [TEST_STEP][PASSED] - Method.TextDegerineEsitElementinAltindakineTikla(findTestObject("Tablo/Veriler"), findTestObject("Tablo/VerininCheckBoxi"), Veri_Adi): Method.TextDegerineEsitElementinAltindakineTikla is PASSED

2021-10-14 17:24:03 - [MESSAGE][INFO] - Finding Test Object 'Object Repository/Tablo/Veriler'

2021-10-14 17:24:03 - [MESSAGE][INFO] - Finding Test Object 'Object Repository/Tablo/VerininCheckBoxi'

2021-10-14 17:24:03 - [MESSAGE][INFO] - Checking timeout

2021-10-14 17:24:03 - [MESSAGE][INFO] - Finding web element with id: 'Object Repository/Tablo/Veriler' located by 'By.cssSelector: td.dxgv b ,td.dxgv' in '10' second(s)

2021-10-14 17:24:03 - [MESSAGE][INFO] - Smart Wait Function is triggered

2021-10-14 17:24:04 - [MESSAGE][INFO] - Found 140 web elements with id: 'Object Repository/Tablo/Veriler' located by 'By.cssSelector: td.dxgv b ,td.dxgv' in '10' second(s)

2021-10-14 17:24:04 - [MESSAGE][INFO] - Smart Wait Function is triggered

2021-10-14 17:24:04 - [MESSAGE][PASSED] - Method.TextDegerineEsitElementinAltindakineTikla is PASSED

2021-10-14 17:24:04 - [MESSAGE][PASSED] - Call Test Case 'Test Cases/Tablo/TablodanVeriSec' successfully

2021-10-14 17:24:04 - [MESSAGE][INFO] - Checking called Test Case

2021-10-14 17:24:04 - [MESSAGE][INFO] - Starting to call Test Case 'Test Cases/Butonlar/ButonaTikla'

2021-10-14 17:24:04 - [TEST_CASE][PASSED] - Test Cases/Butonlar/ButonaTikla: Test Cases/Butonlar/ButonaTikla

2021-10-14 17:24:04 - [TEST_STEP][PASSED] - Method.TextDegerineEsitElementeTiklaEquals(findTestObject("Butonlar/Butonlar"), Buton_Adi): Method.TextDegerineEsitElementeTiklaEquals is PASSED

2021-10-14 17:24:04 - [MESSAGE][INFO] - Finding Test Object 'Object Repository/Butonlar/Butonlar'

2021-10-14 17:24:04 - [MESSAGE][INFO] - Checking timeout

2021-10-14 17:24:04 - [MESSAGE][INFO] - Finding web element with id: 'Object Repository/Butonlar/Butonlar' located by 'By.cssSelector: .panel.panel-default.text-center.footerPanel .btn,.btn.btn-primary.btnControls' in '10' second(s)

2021-10-14 17:24:04 - [MESSAGE][INFO] - Smart Wait Function is triggered

2021-10-14 17:24:05 - [MESSAGE][INFO] - Found 17 web elements with id: 'Object Repository/Butonlar/Butonlar' located by 'By.cssSelector: .panel.panel-default.text-center.footerPanel .btn,.btn.btn-primary.btnControls' in '10' second(s)

2021-10-14 17:24:05 - [MESSAGE][PASSED] - Method.TextDegerineEsitElementeTiklaEquals is PASSED

2021-10-14 17:24:05 - [MESSAGE][PASSED] - Call Test Case 'Test Cases/Butonlar/ButonaTikla' successfully

2021-10-14 17:24:05 - [MESSAGE][INFO] - Checking called Test Case

2021-10-14 17:24:05 - [MESSAGE][INFO] - Starting to call Test Case 'Test Cases/Sekmeler/YeniSekmeyeGec'

2021-10-14 17:24:05 - [TEST_CASE][PASSED] - Test Cases/Sekmeler/YeniSekmeyeGec: Test Cases/Sekmeler/YeniSekmeyeGec

2021-10-14 17:24:05 - [TEST_STEP][PASSED] - switchToWindowIndex(1): Switched to window with index: '1'

2021-10-14 17:24:05 - [MESSAGE][INFO] - Checking index

2021-10-14 17:24:05 - [MESSAGE][INFO] - Switching window with index: '1'

2021-10-14 17:24:05 - [MESSAGE][PASSED] - Switched to window with index: '1'

2021-10-14 17:24:05 - [MESSAGE][PASSED] - Call Test Case 'Test Cases/Sekmeler/YeniSekmeyeGec' successfully

2021-10-14 17:24:05 - [MESSAGE][INFO] - Checking called Test Case

2021-10-14 17:24:05 - [MESSAGE][INFO] - Starting to call Test Case 'Test Cases/Sekmeler/GecmisGeldiMi'

2021-10-14 17:24:05 - [TEST_CASE][PASSED] - Test Cases/Sekmeler/GecmisGeldiMi: Test Cases/Sekmeler/GecmisGeldiMi

2021-10-14 17:24:05 - [TEST_STEP][PASSED] - waitForElementVisible(findTestObject("Object Repository/Sekmeler/GecmisBaslik"), 10): Object 'Object Repository/Sekmeler/GecmisBaslik' is visible

2021-10-14 17:24:05 - [MESSAGE][INFO] - Finding Test Object 'Object Repository/Sekmeler/GecmisBaslik'

2021-10-14 17:24:06 - [MESSAGE][INFO] - Checking object

2021-10-14 17:24:06 - [MESSAGE][INFO] - Checking timeout

2021-10-14 17:24:06 - [MESSAGE][INFO] - Finding web element from Test Object's properties

2021-10-14 17:24:06 - [MESSAGE][INFO] - Checking timeout

2021-10-14 17:24:06 - [MESSAGE][INFO] - Finding web element with id: 'Object Repository/Sekmeler/GecmisBaslik' located by 'By.cssSelector: .dxnb-ghtext.dx-vam' in '10' second(s)

2021-10-14 17:24:06 - [MESSAGE][INFO] - Smart Wait Function is triggered

2021-10-14 17:24:13 - [MESSAGE][INFO] - Found 1 web elements with id: 'Object Repository/Sekmeler/GecmisBaslik' located by 'By.cssSelector: .dxnb-ghtext.dx-vam' in '10' second(s)

2021-10-14 17:24:13 - [MESSAGE][PASSED] - Object 'Object Repository/Sekmeler/GecmisBaslik' is visible

2021-10-14 17:24:13 - [TEST_STEP][PASSED] - if (!(getText(findTestObject("Object Repository/Sekmeler/GecmisBaslik")).contains(Baslik))): Text of object 'Object Repository/Sekmeler/GecmisBaslik' is: 'Fatura İzleme Kayıtları - 53847642'

2021-10-14 17:24:13 - [MESSAGE][INFO] - Finding Test Object 'Object Repository/Sekmeler/GecmisBaslik'

2021-10-14 17:24:13 - [MESSAGE][INFO] - Checking object

2021-10-14 17:24:13 - [MESSAGE][INFO] - Finding web element from Test Object's properties

2021-10-14 17:24:13 - [MESSAGE][INFO] - Checking timeout

2021-10-14 17:24:13 - [MESSAGE][INFO] - Finding web element with id: 'Object Repository/Sekmeler/GecmisBaslik' located by 'By.cssSelector: .dxnb-ghtext.dx-vam' in '30' second(s)

2021-10-14 17:24:13 - [MESSAGE][INFO] - Smart Wait Function is triggered

2021-10-14 17:24:14 - [MESSAGE][INFO] - Found 1 web elements with id: 'Object Repository/Sekmeler/GecmisBaslik' located by 'By.cssSelector: .dxnb-ghtext.dx-vam' in '30' second(s)

2021-10-14 17:24:14 - [MESSAGE][INFO] - Getting text of object 'Object Repository/Sekmeler/GecmisBaslik'

2021-10-14 17:24:14 - [MESSAGE][PASSED] - Text of object 'Object Repository/Sekmeler/GecmisBaslik' is: 'Fatura İzleme Kayıtları - 53847642'

2021-10-14 17:24:14 - [MESSAGE][PASSED] - Call Test Case 'Test Cases/Sekmeler/GecmisGeldiMi' successfully

2021-10-14 17:24:14 - [MESSAGE][INFO] - Checking called Test Case

2021-10-14 17:24:14 - [MESSAGE][INFO] - Starting to call Test Case 'Test Cases/Sekmeler/Ana_Sekmeye_Gec'

2021-10-14 17:24:14 - [TEST_CASE][PASSED] - Test Cases/Sekmeler/Ana_Sekmeye_Gec: Test Cases/Sekmeler/Ana_Sekmeye_Gec

2021-10-14 17:24:14 - [TEST_STEP][PASSED] - try: Window with index 1 is closed

2021-10-14 17:24:14 - [TEST_STEP][PASSED] - index = getWindowIndex(): Current window's index is: 1

2021-10-14 17:24:14 - [MESSAGE][INFO] - Getting current window's index

2021-10-14 17:24:14 - [MESSAGE][PASSED] - Current window's index is: 1

2021-10-14 17:24:14 - [TEST_STEP][PASSED] - closeWindowIndex(index): Window with index 1 is closed

2021-10-14 17:24:14 - [MESSAGE][INFO] - Checking index

2021-10-14 17:24:14 - [MESSAGE][INFO] - Closing window with index 1

2021-10-14 17:24:14 - [MESSAGE][PASSED] - Window with index 1 is closed

2021-10-14 17:24:14 - [TEST_STEP][PASSED] - switchToWindowIndex(0): Switched to window with index: '0'

2021-10-14 17:24:14 - [MESSAGE][INFO] - Checking index

2021-10-14 17:24:14 - [MESSAGE][INFO] - Switching window with index: '0'

2021-10-14 17:24:14 - [MESSAGE][PASSED] - Switched to window with index: '0'

2021-10-14 17:24:14 - [MESSAGE][PASSED] - Call Test Case 'Test Cases/Sekmeler/Ana_Sekmeye_Gec' successfully

2021-10-14 17:24:14 - [MESSAGE][INFO] - Checking called Test Case

2021-10-14 17:24:14 - [MESSAGE][INFO] - Starting to call Test Case 'Test Cases/Kullanici_Islemleri/KullaniciIslemlerindenSecimYapilir'

2021-10-14 17:24:14 - [TEST_CASE][PASSED] - Test Cases/Kullanici_Islemleri/KullaniciIslemlerindenSecimYapilir: Test Cases/Kullanici_Islemleri/KullaniciIslemlerindenSecimYapilir

2021-10-14 17:24:14 - [TEST_STEP][PASSED] - waitForElementClickable(findTestObject("Object Repository/Kullanici_Islemleri/KullaniciIslemleri"), 10): Object 'Object Repository/Kullanici_Islemleri/KullaniciIslemleri' is clickable

2021-10-14 17:24:14 - [MESSAGE][INFO] - Finding Test Object 'Object Repository/Kullanici_Islemleri/KullaniciIslemleri'

2021-10-14 17:24:14 - [MESSAGE][INFO] - Checking object

2021-10-14 17:24:14 - [MESSAGE][INFO] - Checking timeout

2021-10-14 17:24:14 - [MESSAGE][INFO] - Finding web element from Test Object's properties

2021-10-14 17:24:14 - [MESSAGE][INFO] - Checking timeout

2021-10-14 17:24:14 - [MESSAGE][INFO] - Finding web element with id: 'Object Repository/Kullanici_Islemleri/KullaniciIslemleri' located by 'By.cssSelector: .dropdown>a>img' in '10' second(s)

2021-10-14 17:24:14 - [MESSAGE][INFO] - Smart Wait Function is triggered

2021-10-14 17:24:14 - [MESSAGE][INFO] - Found 1 web elements with id: 'Object Repository/Kullanici_Islemleri/KullaniciIslemleri' located by 'By.cssSelector: .dropdown>a>img' in '10' second(s)

2021-10-14 17:24:14 - [MESSAGE][PASSED] - Object 'Object Repository/Kullanici_Islemleri/KullaniciIslemleri' is clickable

2021-10-14 17:24:14 - [TEST_STEP][PASSED] - click(findTestObject("Object Repository/Kullanici_Islemleri/KullaniciIslemleri")): Object: 'Object Repository/Kullanici_Islemleri/KullaniciIslemleri' is clicked on

2021-10-14 17:24:14 - [MESSAGE][INFO] - Finding Test Object 'Object Repository/Kullanici_Islemleri/KullaniciIslemleri'

2021-10-14 17:24:14 - [MESSAGE][INFO] - Checking object

2021-10-14 17:24:14 - [MESSAGE][INFO] - Finding web element from Test Object's properties

2021-10-14 17:24:14 - [MESSAGE][INFO] - Checking timeout

2021-10-14 17:24:14 - [MESSAGE][INFO] - Finding web element with id: 'Object Repository/Kullanici_Islemleri/KullaniciIslemleri' located by 'By.cssSelector: .dropdown>a>img' in '30' second(s)

2021-10-14 17:24:14 - [MESSAGE][INFO] - Smart Wait Function is triggered

2021-10-14 17:24:15 - [MESSAGE][INFO] - Found 1 web elements with id: 'Object Repository/Kullanici_Islemleri/KullaniciIslemleri' located by 'By.cssSelector: .dropdown>a>img' in '30' second(s)

2021-10-14 17:24:15 - [MESSAGE][INFO] - Clicking on object: 'Object Repository/Kullanici_Islemleri/KullaniciIslemleri'

2021-10-14 17:24:15 - [MESSAGE][PASSED] - Object: 'Object Repository/Kullanici_Islemleri/KullaniciIslemleri' is clicked on

2021-10-14 17:24:15 - [TEST_STEP][PASSED] - Method.TextDegerineEsitElementeTikla(findTestObject("Object Repository/Kullanici_Islemleri/Secenekler"), Islem): Method.TextDegerineEsitElementeTikla is PASSED

2021-10-14 17:24:15 - [MESSAGE][INFO] - Finding Test Object 'Object Repository/Kullanici_Islemleri/Secenekler'

2021-10-14 17:24:15 - [MESSAGE][INFO] - Checking timeout

2021-10-14 17:24:15 - [MESSAGE][INFO] - Finding web element with id: 'Object Repository/Kullanici_Islemleri/Secenekler' located by 'By.cssSelector: .nav.navbar-nav.navbar-right li a' in '10' second(s)

2021-10-14 17:24:15 - [MESSAGE][INFO] - Smart Wait Function is triggered

2021-10-14 17:24:15 - [MESSAGE][INFO] - Found 22 web elements with id: 'Object Repository/Kullanici_Islemleri/Secenekler' located by 'By.cssSelector: .nav.navbar-nav.navbar-right li a' in '10' second(s)

2021-10-14 17:24:17 - [MESSAGE][PASSED] - Method.TextDegerineEsitElementeTikla is PASSED

2021-10-14 17:24:17 - [TEST_STEP][PASSED] - verifyElementNotPresent(findTestObject("Object Repository/Kullanici_Islemleri/Secenekler"), 10): Web element with id: 'Object Repository/Kullanici_Islemleri/Secenekler' located by 'By.cssSelector: .nav.navbar-nav.navbar-right li a' is not present after '10' second(s)

2021-10-14 17:24:17 - [MESSAGE][INFO] - Finding Test Object 'Object Repository/Kullanici_Islemleri/Secenekler'

2021-10-14 17:24:17 - [MESSAGE][INFO] - Checking object

2021-10-14 17:24:17 - [MESSAGE][INFO] - Checking timeout

2021-10-14 17:24:17 - [MESSAGE][INFO] - Finding web element with id: 'Object Repository/Kullanici_Islemleri/Secenekler' located by 'By.cssSelector: .nav.navbar-nav.navbar-right li a' in '10' second(s)

2021-10-14 17:24:17 - [MESSAGE][INFO] - Smart Wait Function is triggered

2021-10-14 17:24:18 - [MESSAGE][PASSED] - Web element with id: 'Object Repository/Kullanici_Islemleri/Secenekler' located by 'By.cssSelector: .nav.navbar-nav.navbar-right li a' is not present after '10' second(s)

2021-10-14 17:24:18 - [MESSAGE][PASSED] - Call Test Case 'Test Cases/Kullanici_Islemleri/KullaniciIslemlerindenSecimYapilir' successfully

2021-10-14 17:24:18 - [TEST_CASE][PASSED] - Start Test Case : SCENARIO Faturanin Gecmisi: SCENARIO Faturanin Gecmisi

2021-10-14 17:24:18 - [TEST_STEP][PASSED] - Kullanıcı adı ELOGO6 ve Şifre 123456 olarak giriş yapılır: Kullanıcı adı ELOGO6 ve Şifre 123456 olarak giriş yapılır

2021-10-14 17:24:18 - [MESSAGE][PASSED] - Kullanıcı adı ELOGO6 ve Şifre 123456 olarak giriş yapılır

2021-10-14 17:24:18 - [TEST_STEP][PASSED] - Ana menüden e-Fatura seçilir: Ana menüden e-Fatura seçilir

2021-10-14 17:24:18 - [MESSAGE][PASSED] - Ana menüden e-Fatura seçilir

2021-10-14 17:24:18 - [TEST_STEP][PASSED] - Alt menü Giden Kutusu başlığı altındaki Faturalar seçilir: Alt menü Giden Kutusu başlığı altındaki Faturalar seçilir

2021-10-14 17:24:18 - [MESSAGE][PASSED] - Alt menü Giden Kutusu başlığı altındaki Faturalar seçilir

2021-10-14 17:24:18 - [TEST_STEP][PASSED] - Filtrelerden Oluşturma Tarihi filtresine 01.12.2020 baslangic degerini yaz: Filtrelerden Oluşturma Tarihi filtresine 01.12.2020 baslangic degerini yaz

2021-10-14 17:24:18 - [MESSAGE][PASSED] - Filtrelerden Oluşturma Tarihi filtresine 01.12.2020 baslangic degerini yaz

2021-10-14 17:24:18 - [TEST_STEP][PASSED] - Filtrelerden Oluşturma Tarihi filtresine 31.12.2020 bitis degerini yaz: Filtrelerden Oluşturma Tarihi filtresine 31.12.2020 bitis degerini yaz

2021-10-14 17:24:18 - [MESSAGE][PASSED] - Filtrelerden Oluşturma Tarihi filtresine 31.12.2020 bitis degerini yaz

2021-10-14 17:24:18 - [TEST_STEP][PASSED] - Filtre butonlarından Listele seçilir: Filtre butonlarından Listele seçilir

2021-10-14 17:24:18 - [MESSAGE][PASSED] - Filtre butonlarından Listele seçilir

2021-10-14 17:24:18 - [TEST_STEP][PASSED] - Tabloda veri var mı kontrol edilir: Tabloda veri var mı kontrol edilir

2021-10-14 17:24:18 - [MESSAGE][PASSED] - Tabloda veri var mı kontrol edilir

2021-10-14 17:24:18 - [TEST_STEP][PASSED] - Tablodan TEST isimli veri seçilir: Tablodan TEST isimli veri seçilir

2021-10-14 17:24:18 - [MESSAGE][PASSED] - Tablodan TEST isimli veri seçilir

2021-10-14 17:24:18 - [TEST_STEP][PASSED] - Butonlardan İzleme Kayıtları isimli butona tıklanır: Butonlardan İzleme Kayıtları isimli butona tıklanır

2021-10-14 17:24:18 - [MESSAGE][PASSED] - Butonlardan İzleme Kayıtları isimli butona tıklanır

2021-10-14 17:24:18 - [TEST_STEP][PASSED] - Yeni açılan sekmeye geçilir: Yeni açılan sekmeye geçilir

2021-10-14 17:24:18 - [MESSAGE][PASSED] - Yeni açılan sekmeye geçilir

2021-10-14 17:24:18 - [TEST_STEP][PASSED] - Fatura İzleme Kayıtları baslikli gecmis sayfasi geldi mi: Fatura İzleme Kayıtları baslikli gecmis sayfasi geldi mi

2021-10-14 17:24:18 - [MESSAGE][PASSED] - Fatura İzleme Kayıtları baslikli gecmis sayfasi geldi mi

2021-10-14 17:24:18 - [TEST_STEP][PASSED] - Ana sekmeye geçilir: Ana sekmeye geçilir

2021-10-14 17:24:18 - [MESSAGE][PASSED] - Ana sekmeye geçilir

2021-10-14 17:24:18 - [TEST_STEP][PASSED] - Kullanıcı işlemlerinden Çıkış seçilir: Kullanıcı işlemlerinden Çıkış seçilir

2021-10-14 17:24:18 - [MESSAGE][PASSED] - Kullanıcı işlemlerinden Çıkış seçilir

2021-10-14 17:24:18 - [MESSAGE][PASSED] - Feature file: 'Include/features/e-Fatura/Giden Kutusu/Faturalar/Izleme Kayitlari.feature' was passed

2021-10-14 17:24:18 - [TEST_STEP][PASSED] - Start listener action : sampleAfterTestSuite: Invoke 'com.kms.katalon.core.annotation.AfterTestCase' method: 'Listener.sampleAfterTestSuite(...)' completed.

2021-10-14 17:24:18 - [MESSAGE][INFO] - Starting invoke 'com.kms.katalon.core.annotation.AfterTestCase' method: 'Listener.sampleAfterTestSuite(...)'

2021-10-14 17:24:18 - [TEST_STEP][PASSED] - closeBrowser(): Invoke 'com.kms.katalon.core.annotation.AfterTestCase' method: 'Listener.sampleAfterTestSuite(...)' completed.

2021-10-14 17:24:18 - [MESSAGE][INFO] - Closing browser

2021-10-14 17:24:19 - [MESSAGE][PASSED] - Browser is closed

2021-10-14 17:24:19 - [MESSAGE][INFO] - Invoke 'com.kms.katalon.core.annotation.AfterTestCase' method: 'Listener.sampleAfterTestSuite(...)' completed.]]></system-out>
         <system-err><![CDATA[]]></system-err>
      </testcase>
      <testcase name="Test Cases/Case Repository/e-Fatura/Giden Kutusu/Faturalar/Sertifika" time="37.533" classname="Test Cases/Case Repository/e-Fatura/Giden Kutusu/Faturalar/Sertifika" status="PASSED">
         <system-out><![CDATA[2021-10-14 17:24:19 - [TEST_CASE][PASSED] - Test Cases/Case Repository/e-Fatura/Giden Kutusu/Faturalar/Sertifika: Test Cases/Case Repository/e-Fatura/Giden Kutusu/Faturalar/Sertifika

2021-10-14 17:24:19 - [TEST_STEP][PASSED] - Start listener action : sampleBeforeTestSuite: Invoke 'com.kms.katalon.core.annotation.BeforeTestCase' method: 'Listener.sampleBeforeTestSuite(...)' completed.

2021-10-14 17:24:19 - [MESSAGE][INFO] - Starting invoke 'com.kms.katalon.core.annotation.BeforeTestCase' method: 'Listener.sampleBeforeTestSuite(...)'

2021-10-14 17:24:19 - [TEST_STEP][PASSED] - openBrowser(baseUrl): Browser is opened with url: 'https://efatura-stage.elogo.com.tr/'

2021-10-14 17:24:19 - [MESSAGE][INFO] - Opening browser

2021-10-14 17:24:19 - [MESSAGE][INFO] - Starting 'Chrome' driver

2021-10-14 17:24:19 - [MESSAGE][INFO] - User set preference: ['prefs', '{download.default_directory=C:\otomasyondownfiles}']

2021-10-14 17:24:19 - [MESSAGE][INFO] - Action delay is set to 0 milliseconds

2021-10-14 17:24:20 - [MESSAGE][INFO] - Navigating browser to: 'https://efatura-stage.elogo.com.tr/'

2021-10-14 17:24:22 - [MESSAGE][PASSED] - Browser is opened with url: 'https://efatura-stage.elogo.com.tr/'

2021-10-14 17:24:22 - [TEST_STEP][PASSED] - maximizeWindow(): Invoke 'com.kms.katalon.core.annotation.BeforeTestCase' method: 'Listener.sampleBeforeTestSuite(...)' completed.

2021-10-14 17:24:22 - [MESSAGE][INFO] - Maximizing current window

2021-10-14 17:24:22 - [MESSAGE][PASSED] - Current window maximized

2021-10-14 17:24:22 - [MESSAGE][INFO] - Invoke 'com.kms.katalon.core.annotation.BeforeTestCase' method: 'Listener.sampleBeforeTestSuite(...)' completed.

2021-10-14 17:24:23 - [TEST_STEP][PASSED] - runFeatureFile("Include/features/e-Fatura/Giden Kutusu/Faturalar/Sertifika.feature"): Feature file: 'Include/features/e-Fatura/Giden Kutusu/Faturalar/Sertifika.feature' was passed

2021-10-14 17:24:23 - [MESSAGE][INFO] - Starting run keyword runFeatureFile: 'Include/features/e-Fatura/Giden Kutusu/Faturalar/Sertifika.feature' and extract report to folder: 'C:\Users\DELL\Downloads\EES_Katalon-main\Reports\20211014_170112\Suite Repository\e-Fatura\20211014_170113/cucumber_report/1634221463553'...

2021-10-14 17:24:23 - [MESSAGE][INFO] - Glue: []

2021-10-14 17:24:24 - [MESSAGE][INFO] - Checking called Test Case

2021-10-14 17:24:24 - [MESSAGE][INFO] - Starting to call Test Case 'Test Cases/Sayfalar/Giris_Sayfasi/Login'

2021-10-14 17:24:24 - [TEST_CASE][PASSED] - Test Cases/Sayfalar/Giris_Sayfasi/Login: Test Cases/Sayfalar/Giris_Sayfasi/Login

2021-10-14 17:24:24 - [TEST_STEP][PASSED] - Sayfa_Basligi = getWindowTitle(): Current window's title is: 'LOGO e-Fatura'

2021-10-14 17:24:24 - [MESSAGE][INFO] - Getting current window's title

2021-10-14 17:24:24 - [MESSAGE][PASSED] - Current window's title is: 'LOGO e-Fatura'

2021-10-14 17:24:24 - [TEST_STEP][PASSED] - verifyMatch(Sayfa_Basligi, "LOGO e-Fatura", false): Actual text 'LOGO e-Fatura' and expected text 'LOGO e-Fatura' are matched 

2021-10-14 17:24:24 - [MESSAGE][INFO] - Matching actual text 'LOGO e-Fatura' with expected text 'LOGO e-Fatura'

2021-10-14 17:24:24 - [MESSAGE][PASSED] - Actual text 'LOGO e-Fatura' and expected text 'LOGO e-Fatura' are matched 

2021-10-14 17:24:24 - [TEST_STEP][PASSED] - sendKeys(findTestObject("Sayfalar/Giris_Sayfasi/Firma_Kodu"), KullaniciAdi): Keys 'ELOGO6' sent to object: 'Object Repository/Sayfalar/Giris_Sayfasi/Firma_Kodu'

2021-10-14 17:24:24 - [MESSAGE][INFO] - Finding Test Object 'Object Repository/Sayfalar/Giris_Sayfasi/Firma_Kodu'

2021-10-14 17:24:24 - [MESSAGE][INFO] - Sending keys 'ELOGO6' to object: 'Object Repository/Sayfalar/Giris_Sayfasi/Firma_Kodu'

2021-10-14 17:24:24 - [MESSAGE][INFO] - Finding web element from Test Object's properties

2021-10-14 17:24:24 - [MESSAGE][INFO] - Checking timeout

2021-10-14 17:24:24 - [MESSAGE][INFO] - Finding web element with id: 'Object Repository/Sayfalar/Giris_Sayfasi/Firma_Kodu' located by 'By.xpath: //*[@id = 'AccountName']' in '30' second(s)

2021-10-14 17:24:24 - [MESSAGE][INFO] - Smart Wait Function is triggered

2021-10-14 17:24:24 - [MESSAGE][INFO] - Found 1 web elements with id: 'Object Repository/Sayfalar/Giris_Sayfasi/Firma_Kodu' located by 'By.xpath: //*[@id = 'AccountName']' in '30' second(s)

2021-10-14 17:24:24 - [MESSAGE][PASSED] - Keys 'ELOGO6' sent to object: 'Object Repository/Sayfalar/Giris_Sayfasi/Firma_Kodu'

2021-10-14 17:24:24 - [TEST_STEP][PASSED] - sendKeys(findTestObject("Sayfalar/Giris_Sayfasi/Sifre"), Sifre): Keys '123456' sent to object: 'Object Repository/Sayfalar/Giris_Sayfasi/Sifre'

2021-10-14 17:24:24 - [MESSAGE][INFO] - Finding Test Object 'Object Repository/Sayfalar/Giris_Sayfasi/Sifre'

2021-10-14 17:24:24 - [MESSAGE][INFO] - Sending keys '123456' to object: 'Object Repository/Sayfalar/Giris_Sayfasi/Sifre'

2021-10-14 17:24:24 - [MESSAGE][INFO] - Finding web element from Test Object's properties

2021-10-14 17:24:24 - [MESSAGE][INFO] - Checking timeout

2021-10-14 17:24:24 - [MESSAGE][INFO] - Finding web element with id: 'Object Repository/Sayfalar/Giris_Sayfasi/Sifre' located by 'By.xpath: //*[@id = 'Password']' in '30' second(s)

2021-10-14 17:24:24 - [MESSAGE][INFO] - Smart Wait Function is triggered

2021-10-14 17:24:25 - [MESSAGE][INFO] - Found 1 web elements with id: 'Object Repository/Sayfalar/Giris_Sayfasi/Sifre' located by 'By.xpath: //*[@id = 'Password']' in '30' second(s)

2021-10-14 17:24:25 - [MESSAGE][PASSED] - Keys '123456' sent to object: 'Object Repository/Sayfalar/Giris_Sayfasi/Sifre'

2021-10-14 17:24:25 - [TEST_STEP][PASSED] - findWebElement(findTestObject("Sayfalar/Giris_Sayfasi/Giris_Butonu")).click(): Found 1 web elements with id: 'Object Repository/Sayfalar/Giris_Sayfasi/Giris_Butonu' located by 'By.cssSelector: #btnLogin' in '30' second(s)

2021-10-14 17:24:25 - [MESSAGE][INFO] - Finding Test Object 'Object Repository/Sayfalar/Giris_Sayfasi/Giris_Butonu'

2021-10-14 17:24:25 - [MESSAGE][INFO] - Finding web element from Test Object's properties

2021-10-14 17:24:25 - [MESSAGE][INFO] - Checking timeout

2021-10-14 17:24:25 - [MESSAGE][INFO] - Finding web element with id: 'Object Repository/Sayfalar/Giris_Sayfasi/Giris_Butonu' located by 'By.cssSelector: #btnLogin' in '30' second(s)

2021-10-14 17:24:25 - [MESSAGE][INFO] - Smart Wait Function is triggered

2021-10-14 17:24:25 - [MESSAGE][INFO] - Found 1 web elements with id: 'Object Repository/Sayfalar/Giris_Sayfasi/Giris_Butonu' located by 'By.cssSelector: #btnLogin' in '30' second(s)

2021-10-14 17:24:27 - [TEST_STEP][PASSED] - if (verifyElementPresent(findTestObject("Object Repository/Sayfalar/Giris_Sayfasi/RetveTamam_Butonu"), 5, OPTIONAL)): null

2021-10-14 17:24:27 - [MESSAGE][INFO] - Finding Test Object 'Object Repository/Sayfalar/Giris_Sayfasi/RetveTamam_Butonu'

2021-10-14 17:24:27 - [MESSAGE][INFO] - Checking object

2021-10-14 17:24:27 - [MESSAGE][INFO] - Finding web element from Test Object's properties

2021-10-14 17:24:27 - [MESSAGE][INFO] - Checking timeout

2021-10-14 17:24:27 - [MESSAGE][INFO] - Finding web element with id: 'Object Repository/Sayfalar/Giris_Sayfasi/RetveTamam_Butonu' located by 'By.xpath: //*[@class = 'btn btn-default']' in '5' second(s)

2021-10-14 17:24:27 - [MESSAGE][INFO] - Smart Wait Function is triggered

2021-10-14 17:24:28 - [MESSAGE][INFO] - Found 1 web elements with id: 'Object Repository/Sayfalar/Giris_Sayfasi/RetveTamam_Butonu' located by 'By.xpath: //*[@class = 'btn btn-default']' in '5' second(s)

2021-10-14 17:24:28 - [MESSAGE][PASSED] - Object 'Object Repository/Sayfalar/Giris_Sayfasi/RetveTamam_Butonu' is present

2021-10-14 17:24:28 - [TEST_STEP][PASSED] - click(findTestObject("Object Repository/Sayfalar/Giris_Sayfasi/RetveTamam_Butonu")): Object: 'Object Repository/Sayfalar/Giris_Sayfasi/RetveTamam_Butonu' is clicked on

2021-10-14 17:24:28 - [MESSAGE][INFO] - Finding Test Object 'Object Repository/Sayfalar/Giris_Sayfasi/RetveTamam_Butonu'

2021-10-14 17:24:28 - [MESSAGE][INFO] - Checking object

2021-10-14 17:24:28 - [MESSAGE][INFO] - Finding web element from Test Object's properties

2021-10-14 17:24:28 - [MESSAGE][INFO] - Checking timeout

2021-10-14 17:24:28 - [MESSAGE][INFO] - Finding web element with id: 'Object Repository/Sayfalar/Giris_Sayfasi/RetveTamam_Butonu' located by 'By.xpath: //*[@class = 'btn btn-default']' in '30' second(s)

2021-10-14 17:24:28 - [MESSAGE][INFO] - Smart Wait Function is triggered

2021-10-14 17:24:28 - [MESSAGE][INFO] - Found 1 web elements with id: 'Object Repository/Sayfalar/Giris_Sayfasi/RetveTamam_Butonu' located by 'By.xpath: //*[@class = 'btn btn-default']' in '30' second(s)

2021-10-14 17:24:28 - [MESSAGE][INFO] - Clicking on object: 'Object Repository/Sayfalar/Giris_Sayfasi/RetveTamam_Butonu'

2021-10-14 17:24:28 - [MESSAGE][PASSED] - Object: 'Object Repository/Sayfalar/Giris_Sayfasi/RetveTamam_Butonu' is clicked on

2021-10-14 17:24:28 - [TEST_STEP][PASSED] - click(findTestObject("Object Repository/Sayfalar/Giris_Sayfasi/RetveTamam_Butonu")): Object: 'Object Repository/Sayfalar/Giris_Sayfasi/RetveTamam_Butonu' is clicked on

2021-10-14 17:24:28 - [MESSAGE][INFO] - Finding Test Object 'Object Repository/Sayfalar/Giris_Sayfasi/RetveTamam_Butonu'

2021-10-14 17:24:28 - [MESSAGE][INFO] - Checking object

2021-10-14 17:24:28 - [MESSAGE][INFO] - Finding web element from Test Object's properties

2021-10-14 17:24:28 - [MESSAGE][INFO] - Checking timeout

2021-10-14 17:24:28 - [MESSAGE][INFO] - Finding web element with id: 'Object Repository/Sayfalar/Giris_Sayfasi/RetveTamam_Butonu' located by 'By.xpath: //*[@class = 'btn btn-default']' in '30' second(s)

2021-10-14 17:24:28 - [MESSAGE][INFO] - Smart Wait Function is triggered

2021-10-14 17:24:33 - [MESSAGE][INFO] - Found 1 web elements with id: 'Object Repository/Sayfalar/Giris_Sayfasi/RetveTamam_Butonu' located by 'By.xpath: //*[@class = 'btn btn-default']' in '30' second(s)

2021-10-14 17:24:33 - [MESSAGE][INFO] - Clicking on object: 'Object Repository/Sayfalar/Giris_Sayfasi/RetveTamam_Butonu'

2021-10-14 17:24:33 - [MESSAGE][PASSED] - Object: 'Object Repository/Sayfalar/Giris_Sayfasi/RetveTamam_Butonu' is clicked on

2021-10-14 17:24:33 - [TEST_STEP][PASSED] - if (verifyElementPresent(findTestObject("Sayfalar/Giris_Sayfasi/PopupOK"), 5, OPTIONAL)): null

2021-10-14 17:24:33 - [MESSAGE][INFO] - Finding Test Object 'Object Repository/Sayfalar/Giris_Sayfasi/PopupOK'

2021-10-14 17:24:33 - [MESSAGE][INFO] - Checking object

2021-10-14 17:24:33 - [MESSAGE][INFO] - Finding web element from Test Object's properties

2021-10-14 17:24:33 - [MESSAGE][INFO] - Checking timeout

2021-10-14 17:24:33 - [MESSAGE][INFO] - Finding web element with id: 'Object Repository/Sayfalar/Giris_Sayfasi/PopupOK' located by 'By.cssSelector: .btn.btn-success' in '5' second(s)

2021-10-14 17:24:33 - [MESSAGE][INFO] - Smart Wait Function is triggered

2021-10-14 17:24:34 - [MESSAGE][INFO] - Found 1 web elements with id: 'Object Repository/Sayfalar/Giris_Sayfasi/PopupOK' located by 'By.cssSelector: .btn.btn-success' in '5' second(s)

2021-10-14 17:24:34 - [MESSAGE][PASSED] - Object 'Object Repository/Sayfalar/Giris_Sayfasi/PopupOK' is present

2021-10-14 17:24:34 - [TEST_STEP][PASSED] - click(findTestObject("Object Repository/Sayfalar/Giris_Sayfasi/PopupCarpiGiris")): Object: 'Object Repository/Sayfalar/Giris_Sayfasi/PopupCarpiGiris' is clicked on

2021-10-14 17:24:34 - [MESSAGE][INFO] - Finding Test Object 'Object Repository/Sayfalar/Giris_Sayfasi/PopupCarpiGiris'

2021-10-14 17:24:34 - [MESSAGE][INFO] - Checking object

2021-10-14 17:24:34 - [MESSAGE][INFO] - Finding web element from Test Object's properties

2021-10-14 17:24:34 - [MESSAGE][INFO] - Checking timeout

2021-10-14 17:24:34 - [MESSAGE][INFO] - Finding web element with id: 'Object Repository/Sayfalar/Giris_Sayfasi/PopupCarpiGiris' located by 'By.cssSelector: .bootbox-close-button.close' in '30' second(s)

2021-10-14 17:24:34 - [MESSAGE][INFO] - Smart Wait Function is triggered

2021-10-14 17:24:34 - [MESSAGE][INFO] - Found 1 web elements with id: 'Object Repository/Sayfalar/Giris_Sayfasi/PopupCarpiGiris' located by 'By.cssSelector: .bootbox-close-button.close' in '30' second(s)

2021-10-14 17:24:34 - [MESSAGE][INFO] - Clicking on object: 'Object Repository/Sayfalar/Giris_Sayfasi/PopupCarpiGiris'

2021-10-14 17:24:34 - [MESSAGE][PASSED] - Object: 'Object Repository/Sayfalar/Giris_Sayfasi/PopupCarpiGiris' is clicked on

2021-10-14 17:24:34 - [TEST_STEP][PASSED] - verifyElementVisible(findTestObject("Object Repository/Kullanici_Islemleri/KullaniciIslemleri")): Object 'Object Repository/Kullanici_Islemleri/KullaniciIslemleri' is visible

2021-10-14 17:24:34 - [MESSAGE][INFO] - Finding Test Object 'Object Repository/Kullanici_Islemleri/KullaniciIslemleri'

2021-10-14 17:24:34 - [MESSAGE][INFO] - Checking object

2021-10-14 17:24:34 - [MESSAGE][INFO] - Finding web element from Test Object's properties

2021-10-14 17:24:34 - [MESSAGE][INFO] - Checking timeout

2021-10-14 17:24:34 - [MESSAGE][INFO] - Finding web element with id: 'Object Repository/Kullanici_Islemleri/KullaniciIslemleri' located by 'By.cssSelector: .dropdown>a>img' in '30' second(s)

2021-10-14 17:24:34 - [MESSAGE][INFO] - Smart Wait Function is triggered

2021-10-14 17:24:35 - [MESSAGE][INFO] - Found 1 web elements with id: 'Object Repository/Kullanici_Islemleri/KullaniciIslemleri' located by 'By.cssSelector: .dropdown>a>img' in '30' second(s)

2021-10-14 17:24:35 - [MESSAGE][PASSED] - Object 'Object Repository/Kullanici_Islemleri/KullaniciIslemleri' is visible

2021-10-14 17:24:35 - [MESSAGE][PASSED] - Call Test Case 'Test Cases/Sayfalar/Giris_Sayfasi/Login' successfully

2021-10-14 17:24:35 - [MESSAGE][INFO] - Checking called Test Case

2021-10-14 17:24:35 - [MESSAGE][INFO] - Starting to call Test Case 'Test Cases/Menu/AnaMenuSecimi'

2021-10-14 17:24:35 - [TEST_CASE][PASSED] - Test Cases/Menu/AnaMenuSecimi: Test Cases/Menu/AnaMenuSecimi

2021-10-14 17:24:35 - [TEST_STEP][PASSED] - Method.TextDegerineEsitElementeTikla(findTestObject("Menu/Ana_Menu"), Ana_Menu): Method.TextDegerineEsitElementeTikla is PASSED

2021-10-14 17:24:35 - [MESSAGE][INFO] - Finding Test Object 'Object Repository/Menu/Ana_Menu'

2021-10-14 17:24:35 - [MESSAGE][INFO] - Checking timeout

2021-10-14 17:24:35 - [MESSAGE][INFO] - Finding web element with id: 'Object Repository/Menu/Ana_Menu' located by 'By.xpath: //*[@class = 'dropdown-toggle']' in '10' second(s)

2021-10-14 17:24:35 - [MESSAGE][INFO] - Smart Wait Function is triggered

2021-10-14 17:24:35 - [MESSAGE][INFO] - Found 14 web elements with id: 'Object Repository/Menu/Ana_Menu' located by 'By.xpath: //*[@class = 'dropdown-toggle']' in '10' second(s)

2021-10-14 17:24:36 - [MESSAGE][PASSED] - Method.TextDegerineEsitElementeTikla is PASSED

2021-10-14 17:24:36 - [MESSAGE][PASSED] - Call Test Case 'Test Cases/Menu/AnaMenuSecimi' successfully

2021-10-14 17:24:36 - [MESSAGE][INFO] - Checking called Test Case

2021-10-14 17:24:36 - [MESSAGE][INFO] - Starting to call Test Case 'Test Cases/Menu/BasligaGoreAltMenuSecimi'

2021-10-14 17:24:36 - [TEST_CASE][PASSED] - Test Cases/Menu/BasligaGoreAltMenuSecimi: Test Cases/Menu/BasligaGoreAltMenuSecimi

2021-10-14 17:24:36 - [TEST_STEP][PASSED] - Method.TextDegerineEsitElementinAltindakiTextDegerineEsitOlanaTikla(findTestObject("Menu/Menu_Basligi"), findTestObject("Menu/Basliga_Gore_Alt_Menu"), Baslik, Alt_Menu): Method.TextDegerineEsitElementinAltindakiTextDegerineEsitOlanaTikla is PASSED

2021-10-14 17:24:36 - [MESSAGE][INFO] - Finding Test Object 'Object Repository/Menu/Menu_Basligi'

2021-10-14 17:24:36 - [MESSAGE][INFO] - Finding Test Object 'Object Repository/Menu/Basliga_Gore_Alt_Menu'

2021-10-14 17:24:36 - [MESSAGE][INFO] - Checking timeout

2021-10-14 17:24:36 - [MESSAGE][INFO] - Finding web element with id: 'Object Repository/Menu/Menu_Basligi' located by 'By.xpath: //li[@class='dropdown dropdown-large open']//li[@class='dropdown-header']' in '10' second(s)

2021-10-14 17:24:36 - [MESSAGE][INFO] - Smart Wait Function is triggered

2021-10-14 17:24:36 - [MESSAGE][INFO] - Found 3 web elements with id: 'Object Repository/Menu/Menu_Basligi' located by 'By.xpath: //li[@class='dropdown dropdown-large open']//li[@class='dropdown-header']' in '10' second(s)

2021-10-14 17:24:36 - [MESSAGE][INFO] - Smart Wait Function is triggered

2021-10-14 17:24:39 - [MESSAGE][PASSED] - Method.TextDegerineEsitElementinAltindakiTextDegerineEsitOlanaTikla is PASSED

2021-10-14 17:24:39 - [MESSAGE][PASSED] - Call Test Case 'Test Cases/Menu/BasligaGoreAltMenuSecimi' successfully

2021-10-14 17:24:39 - [MESSAGE][INFO] - Checking called Test Case

2021-10-14 17:24:39 - [MESSAGE][INFO] - Starting to call Test Case 'Test Cases/Filtreler/BaslangicYaz'

2021-10-14 17:24:39 - [TEST_CASE][PASSED] - Test Cases/Filtreler/BaslangicYaz: Test Cases/Filtreler/BaslangicYaz

2021-10-14 17:24:39 - [TEST_STEP][PASSED] - Method.TextDegerineEsitElementinAltindakineTikla(findTestObject("Filtreler/Basliklar"), findTestObject("Filtreler/Basliga_Gore_Baslangic_Image"), Filtre_Adi): Method.TextDegerineEsitElementinAltindakineTikla is PASSED

2021-10-14 17:24:39 - [MESSAGE][INFO] - Finding Test Object 'Object Repository/Filtreler/Basliklar'

2021-10-14 17:24:39 - [MESSAGE][INFO] - Finding Test Object 'Object Repository/Filtreler/Basliga_Gore_Baslangic_Image'

2021-10-14 17:24:40 - [MESSAGE][INFO] - Checking timeout

2021-10-14 17:24:40 - [MESSAGE][INFO] - Finding web element with id: 'Object Repository/Filtreler/Basliklar' located by 'By.cssSelector: .control-label.col-sm-4.paddingMarginRLC' in '10' second(s)

2021-10-14 17:24:40 - [MESSAGE][INFO] - Smart Wait Function is triggered

2021-10-14 17:24:40 - [MESSAGE][INFO] - Found 20 web elements with id: 'Object Repository/Filtreler/Basliklar' located by 'By.cssSelector: .control-label.col-sm-4.paddingMarginRLC' in '10' second(s)

2021-10-14 17:24:40 - [MESSAGE][INFO] - Smart Wait Function is triggered

2021-10-14 17:24:40 - [MESSAGE][PASSED] - Method.TextDegerineEsitElementinAltindakineTikla is PASSED

2021-10-14 17:24:40 - [TEST_STEP][PASSED] - Method.TextDegerineEsitElementinAltindakiTextboxtaYaz(findTestObject("Filtreler/Basliklar"), findTestObject("Filtreler/Basliga_Gore_Baslangic"), Filtre_Adi, Filtre_Degeri): Method.TextDegerineEsitElementinAltindakiTextboxtaYaz is PASSED

2021-10-14 17:24:40 - [MESSAGE][INFO] - Finding Test Object 'Object Repository/Filtreler/Basliklar'

2021-10-14 17:24:40 - [MESSAGE][INFO] - Finding Test Object 'Object Repository/Filtreler/Basliga_Gore_Baslangic'

2021-10-14 17:24:41 - [MESSAGE][INFO] - Checking timeout

2021-10-14 17:24:41 - [MESSAGE][INFO] - Finding web element with id: 'Object Repository/Filtreler/Basliklar' located by 'By.cssSelector: .control-label.col-sm-4.paddingMarginRLC' in '10' second(s)

2021-10-14 17:24:41 - [MESSAGE][INFO] - Smart Wait Function is triggered

2021-10-14 17:24:41 - [MESSAGE][INFO] - Found 20 web elements with id: 'Object Repository/Filtreler/Basliklar' located by 'By.cssSelector: .control-label.col-sm-4.paddingMarginRLC' in '10' second(s)

2021-10-14 17:24:41 - [MESSAGE][INFO] - Smart Wait Function is triggered

2021-10-14 17:24:42 - [MESSAGE][PASSED] - Method.TextDegerineEsitElementinAltindakiTextboxtaYaz is PASSED

2021-10-14 17:24:42 - [MESSAGE][PASSED] - Call Test Case 'Test Cases/Filtreler/BaslangicYaz' successfully

2021-10-14 17:24:42 - [MESSAGE][INFO] - Checking called Test Case

2021-10-14 17:24:42 - [MESSAGE][INFO] - Starting to call Test Case 'Test Cases/Filtreler/BitisYaz'

2021-10-14 17:24:42 - [TEST_CASE][PASSED] - Test Cases/Filtreler/BitisYaz: Test Cases/Filtreler/BitisYaz

2021-10-14 17:24:42 - [TEST_STEP][PASSED] - Method.TextDegerineEsitElementinAltindakineTikla(findTestObject("Filtreler/Basliklar"), findTestObject("Filtreler/Basliga_Gore_Bitis_Image"), Filtre_Adi): Method.TextDegerineEsitElementinAltindakineTikla is PASSED

2021-10-14 17:24:42 - [MESSAGE][INFO] - Finding Test Object 'Object Repository/Filtreler/Basliklar'

2021-10-14 17:24:42 - [MESSAGE][INFO] - Finding Test Object 'Object Repository/Filtreler/Basliga_Gore_Bitis_Image'

2021-10-14 17:24:42 - [MESSAGE][INFO] - Checking timeout

2021-10-14 17:24:42 - [MESSAGE][INFO] - Finding web element with id: 'Object Repository/Filtreler/Basliklar' located by 'By.cssSelector: .control-label.col-sm-4.paddingMarginRLC' in '10' second(s)

2021-10-14 17:24:42 - [MESSAGE][INFO] - Smart Wait Function is triggered

2021-10-14 17:24:43 - [MESSAGE][INFO] - Found 20 web elements with id: 'Object Repository/Filtreler/Basliklar' located by 'By.cssSelector: .control-label.col-sm-4.paddingMarginRLC' in '10' second(s)

2021-10-14 17:24:43 - [MESSAGE][INFO] - Smart Wait Function is triggered

2021-10-14 17:24:43 - [MESSAGE][PASSED] - Method.TextDegerineEsitElementinAltindakineTikla is PASSED

2021-10-14 17:24:43 - [TEST_STEP][PASSED] - Method.TextDegerineEsitElementinAltindakiTextboxtaYaz(findTestObject("Filtreler/Basliklar"), findTestObject("Object Repository/Filtreler/Basliga_Gore_Bitis"), Filtre_Adi, Filtre_Degeri): Method.TextDegerineEsitElementinAltindakiTextboxtaYaz is PASSED

2021-10-14 17:24:43 - [MESSAGE][INFO] - Finding Test Object 'Object Repository/Filtreler/Basliklar'

2021-10-14 17:24:43 - [MESSAGE][INFO] - Finding Test Object 'Object Repository/Filtreler/Basliga_Gore_Bitis'

2021-10-14 17:24:43 - [MESSAGE][INFO] - Checking timeout

2021-10-14 17:24:43 - [MESSAGE][INFO] - Finding web element with id: 'Object Repository/Filtreler/Basliklar' located by 'By.cssSelector: .control-label.col-sm-4.paddingMarginRLC' in '10' second(s)

2021-10-14 17:24:43 - [MESSAGE][INFO] - Smart Wait Function is triggered

2021-10-14 17:24:44 - [MESSAGE][INFO] - Found 20 web elements with id: 'Object Repository/Filtreler/Basliklar' located by 'By.cssSelector: .control-label.col-sm-4.paddingMarginRLC' in '10' second(s)

2021-10-14 17:24:44 - [MESSAGE][INFO] - Smart Wait Function is triggered

2021-10-14 17:24:45 - [MESSAGE][PASSED] - Method.TextDegerineEsitElementinAltindakiTextboxtaYaz is PASSED

2021-10-14 17:24:45 - [MESSAGE][PASSED] - Call Test Case 'Test Cases/Filtreler/BitisYaz' successfully

2021-10-14 17:24:45 - [MESSAGE][INFO] - Checking called Test Case

2021-10-14 17:24:45 - [MESSAGE][INFO] - Starting to call Test Case 'Test Cases/Filtreler/ButonaTikla'

2021-10-14 17:24:45 - [TEST_CASE][PASSED] - Test Cases/Filtreler/ButonaTikla: Test Cases/Filtreler/ButonaTikla

2021-10-14 17:24:45 - [TEST_STEP][PASSED] - Method.TextDegerineEsitElementeTikla(findTestObject("Filtreler/Butonlar"), Filtre_Buton): Method.TextDegerineEsitElementeTikla is PASSED

2021-10-14 17:24:45 - [MESSAGE][INFO] - Finding Test Object 'Object Repository/Filtreler/Butonlar'

2021-10-14 17:24:45 - [MESSAGE][INFO] - Checking timeout

2021-10-14 17:24:45 - [MESSAGE][INFO] - Finding web element with id: 'Object Repository/Filtreler/Butonlar' located by 'By.cssSelector: .dxb>span' in '10' second(s)

2021-10-14 17:24:45 - [MESSAGE][INFO] - Smart Wait Function is triggered

2021-10-14 17:24:45 - [MESSAGE][INFO] - Found 3 web elements with id: 'Object Repository/Filtreler/Butonlar' located by 'By.cssSelector: .dxb>span' in '10' second(s)

2021-10-14 17:24:45 - [MESSAGE][PASSED] - Method.TextDegerineEsitElementeTikla is PASSED

2021-10-14 17:24:45 - [MESSAGE][PASSED] - Call Test Case 'Test Cases/Filtreler/ButonaTikla' successfully

2021-10-14 17:24:45 - [MESSAGE][INFO] - Checking called Test Case

2021-10-14 17:24:45 - [MESSAGE][INFO] - Starting to call Test Case 'Test Cases/Tablo/TablodaVeriVarMi'

2021-10-14 17:24:45 - [TEST_CASE][PASSED] - Test Cases/Tablo/TablodaVeriVarMi: Test Cases/Tablo/TablodaVeriVarMi

2021-10-14 17:24:45 - [TEST_STEP][PASSED] - verifyTextNotPresent("Görüntülenecek veri yok", true): Text 'Görüntülenecek veri yok' is not present on page using regular expression

2021-10-14 17:24:45 - [MESSAGE][INFO] - Checking text present  using regular expression

2021-10-14 17:24:45 - [MESSAGE][INFO] - Smart Wait Function is triggered

2021-10-14 17:24:47 - [MESSAGE][INFO] - Finding text 'Görüntülenecek veri yok' on page  using regular expression

2021-10-14 17:24:47 - [MESSAGE][PASSED] - Text 'Görüntülenecek veri yok' is not present on page using regular expression

2021-10-14 17:24:47 - [MESSAGE][PASSED] - Call Test Case 'Test Cases/Tablo/TablodaVeriVarMi' successfully

2021-10-14 17:24:47 - [MESSAGE][INFO] - Checking called Test Case

2021-10-14 17:24:47 - [MESSAGE][INFO] - Starting to call Test Case 'Test Cases/Tablo/TablodanVeriSec'

2021-10-14 17:24:47 - [TEST_CASE][PASSED] - Test Cases/Tablo/TablodanVeriSec: Test Cases/Tablo/TablodanVeriSec

2021-10-14 17:24:47 - [TEST_STEP][PASSED] - Method.TextDegerineEsitElementinAltindakineTikla(findTestObject("Tablo/Veriler"), findTestObject("Tablo/VerininCheckBoxi"), Veri_Adi): Method.TextDegerineEsitElementinAltindakineTikla is PASSED

2021-10-14 17:24:47 - [MESSAGE][INFO] - Finding Test Object 'Object Repository/Tablo/Veriler'

2021-10-14 17:24:47 - [MESSAGE][INFO] - Finding Test Object 'Object Repository/Tablo/VerininCheckBoxi'

2021-10-14 17:24:48 - [MESSAGE][INFO] - Checking timeout

2021-10-14 17:24:48 - [MESSAGE][INFO] - Finding web element with id: 'Object Repository/Tablo/Veriler' located by 'By.cssSelector: td.dxgv b ,td.dxgv' in '10' second(s)

2021-10-14 17:24:48 - [MESSAGE][INFO] - Smart Wait Function is triggered

2021-10-14 17:24:48 - [MESSAGE][INFO] - Found 140 web elements with id: 'Object Repository/Tablo/Veriler' located by 'By.cssSelector: td.dxgv b ,td.dxgv' in '10' second(s)

2021-10-14 17:24:48 - [MESSAGE][INFO] - Smart Wait Function is triggered

2021-10-14 17:24:48 - [MESSAGE][PASSED] - Method.TextDegerineEsitElementinAltindakineTikla is PASSED

2021-10-14 17:24:48 - [MESSAGE][PASSED] - Call Test Case 'Test Cases/Tablo/TablodanVeriSec' successfully

2021-10-14 17:24:49 - [MESSAGE][INFO] - Checking called Test Case

2021-10-14 17:24:49 - [MESSAGE][INFO] - Starting to call Test Case 'Test Cases/Butonlar/ButonaTikla'

2021-10-14 17:24:49 - [TEST_CASE][PASSED] - Test Cases/Butonlar/ButonaTikla: Test Cases/Butonlar/ButonaTikla

2021-10-14 17:24:49 - [TEST_STEP][PASSED] - Method.TextDegerineEsitElementeTiklaEquals(findTestObject("Butonlar/Butonlar"), Buton_Adi): Method.TextDegerineEsitElementeTiklaEquals is PASSED

2021-10-14 17:24:49 - [MESSAGE][INFO] - Finding Test Object 'Object Repository/Butonlar/Butonlar'

2021-10-14 17:24:49 - [MESSAGE][INFO] - Checking timeout

2021-10-14 17:24:49 - [MESSAGE][INFO] - Finding web element with id: 'Object Repository/Butonlar/Butonlar' located by 'By.cssSelector: .panel.panel-default.text-center.footerPanel .btn,.btn.btn-primary.btnControls' in '10' second(s)

2021-10-14 17:24:49 - [MESSAGE][INFO] - Smart Wait Function is triggered

2021-10-14 17:24:49 - [MESSAGE][INFO] - Found 17 web elements with id: 'Object Repository/Butonlar/Butonlar' located by 'By.cssSelector: .panel.panel-default.text-center.footerPanel .btn,.btn.btn-primary.btnControls' in '10' second(s)

2021-10-14 17:24:49 - [MESSAGE][PASSED] - Method.TextDegerineEsitElementeTiklaEquals is PASSED

2021-10-14 17:24:49 - [MESSAGE][PASSED] - Call Test Case 'Test Cases/Butonlar/ButonaTikla' successfully

2021-10-14 17:24:49 - [MESSAGE][INFO] - Checking called Test Case

2021-10-14 17:24:49 - [MESSAGE][INFO] - Starting to call Test Case 'Test Cases/Popup/PopupBasligiIceriyorMu'

2021-10-14 17:24:49 - [TEST_CASE][PASSED] - Test Cases/Popup/PopupBasligiIceriyorMu: Test Cases/Popup/PopupBasligiIceriyorMu

2021-10-14 17:24:49 - [TEST_STEP][PASSED] - verifyElementText(findTestObject("Object Repository/Popup/PopupBaslikIceriyorMu"), Name): Actual text and expected text of test object 'Object Repository/Popup/PopupBaslikIceriyorMu' are matched.

2021-10-14 17:24:49 - [MESSAGE][INFO] - Finding Test Object 'Object Repository/Popup/PopupBaslikIceriyorMu'

2021-10-14 17:24:50 - [MESSAGE][INFO] - Checking object

2021-10-14 17:24:50 - [MESSAGE][INFO] - Finding web element from Test Object's properties

2021-10-14 17:24:50 - [MESSAGE][INFO] - Checking timeout

2021-10-14 17:24:50 - [MESSAGE][INFO] - Finding web element with id: 'Object Repository/Popup/PopupBaslikIceriyorMu' located by 'By.xpath: //*[@id = 'modalTitle']' in '30' second(s)

2021-10-14 17:24:50 - [MESSAGE][INFO] - Smart Wait Function is triggered

2021-10-14 17:24:50 - [MESSAGE][INFO] - Found 1 web elements with id: 'Object Repository/Popup/PopupBaslikIceriyorMu' located by 'By.xpath: //*[@id = 'modalTitle']' in '30' second(s)

2021-10-14 17:24:50 - [MESSAGE][PASSED] - Actual text and expected text of test object 'Object Repository/Popup/PopupBaslikIceriyorMu' are matched.

2021-10-14 17:24:50 - [MESSAGE][PASSED] - Call Test Case 'Test Cases/Popup/PopupBasligiIceriyorMu' successfully

2021-10-14 17:24:50 - [MESSAGE][INFO] - Checking called Test Case

2021-10-14 17:24:50 - [MESSAGE][INFO] - Starting to call Test Case 'Test Cases/Popup/PopupKapatilir'

2021-10-14 17:24:51 - [TEST_CASE][PASSED] - Test Cases/Popup/PopupKapatilir: Test Cases/Popup/PopupKapatilir

2021-10-14 17:24:51 - [TEST_STEP][PASSED] - waitForElementClickable(findTestObject("Popup/Kapat"), 10): Object 'Object Repository/Popup/Kapat' is clickable

2021-10-14 17:24:51 - [MESSAGE][INFO] - Finding Test Object 'Object Repository/Popup/Kapat'

2021-10-14 17:24:51 - [MESSAGE][INFO] - Checking object

2021-10-14 17:24:51 - [MESSAGE][INFO] - Checking timeout

2021-10-14 17:24:51 - [MESSAGE][INFO] - Finding web element from Test Object's properties

2021-10-14 17:24:51 - [MESSAGE][INFO] - Checking timeout

2021-10-14 17:24:51 - [MESSAGE][INFO] - Finding web element with id: 'Object Repository/Popup/Kapat' located by 'By.cssSelector: .bootbox-close-button.close' in '10' second(s)

2021-10-14 17:24:51 - [MESSAGE][INFO] - Smart Wait Function is triggered

2021-10-14 17:24:51 - [MESSAGE][INFO] - Found 1 web elements with id: 'Object Repository/Popup/Kapat' located by 'By.cssSelector: .bootbox-close-button.close' in '10' second(s)

2021-10-14 17:24:51 - [MESSAGE][PASSED] - Object 'Object Repository/Popup/Kapat' is clickable

2021-10-14 17:24:51 - [TEST_STEP][PASSED] - click(findTestObject("Popup/Kapat")): Object: 'Object Repository/Popup/Kapat' is clicked on

2021-10-14 17:24:51 - [MESSAGE][INFO] - Finding Test Object 'Object Repository/Popup/Kapat'

2021-10-14 17:24:51 - [MESSAGE][INFO] - Checking object

2021-10-14 17:24:51 - [MESSAGE][INFO] - Finding web element from Test Object's properties

2021-10-14 17:24:51 - [MESSAGE][INFO] - Checking timeout

2021-10-14 17:24:51 - [MESSAGE][INFO] - Finding web element with id: 'Object Repository/Popup/Kapat' located by 'By.cssSelector: .bootbox-close-button.close' in '30' second(s)

2021-10-14 17:24:51 - [MESSAGE][INFO] - Smart Wait Function is triggered

2021-10-14 17:24:52 - [MESSAGE][INFO] - Found 1 web elements with id: 'Object Repository/Popup/Kapat' located by 'By.cssSelector: .bootbox-close-button.close' in '30' second(s)

2021-10-14 17:24:52 - [MESSAGE][INFO] - Clicking on object: 'Object Repository/Popup/Kapat'

2021-10-14 17:24:52 - [MESSAGE][PASSED] - Object: 'Object Repository/Popup/Kapat' is clicked on

2021-10-14 17:24:52 - [MESSAGE][PASSED] - Call Test Case 'Test Cases/Popup/PopupKapatilir' successfully

2021-10-14 17:24:52 - [MESSAGE][INFO] - Checking called Test Case

2021-10-14 17:24:52 - [MESSAGE][INFO] - Starting to call Test Case 'Test Cases/Kullanici_Islemleri/KullaniciIslemlerindenSecimYapilir'

2021-10-14 17:24:52 - [TEST_CASE][PASSED] - Test Cases/Kullanici_Islemleri/KullaniciIslemlerindenSecimYapilir: Test Cases/Kullanici_Islemleri/KullaniciIslemlerindenSecimYapilir

2021-10-14 17:24:52 - [TEST_STEP][PASSED] - waitForElementClickable(findTestObject("Object Repository/Kullanici_Islemleri/KullaniciIslemleri"), 10): Object 'Object Repository/Kullanici_Islemleri/KullaniciIslemleri' is clickable

2021-10-14 17:24:52 - [MESSAGE][INFO] - Finding Test Object 'Object Repository/Kullanici_Islemleri/KullaniciIslemleri'

2021-10-14 17:24:52 - [MESSAGE][INFO] - Checking object

2021-10-14 17:24:52 - [MESSAGE][INFO] - Checking timeout

2021-10-14 17:24:52 - [MESSAGE][INFO] - Finding web element from Test Object's properties

2021-10-14 17:24:52 - [MESSAGE][INFO] - Checking timeout

2021-10-14 17:24:52 - [MESSAGE][INFO] - Finding web element with id: 'Object Repository/Kullanici_Islemleri/KullaniciIslemleri' located by 'By.cssSelector: .dropdown>a>img' in '10' second(s)

2021-10-14 17:24:52 - [MESSAGE][INFO] - Smart Wait Function is triggered

2021-10-14 17:24:52 - [MESSAGE][INFO] - Found 1 web elements with id: 'Object Repository/Kullanici_Islemleri/KullaniciIslemleri' located by 'By.cssSelector: .dropdown>a>img' in '10' second(s)

2021-10-14 17:24:52 - [MESSAGE][PASSED] - Object 'Object Repository/Kullanici_Islemleri/KullaniciIslemleri' is clickable

2021-10-14 17:24:52 - [TEST_STEP][PASSED] - click(findTestObject("Object Repository/Kullanici_Islemleri/KullaniciIslemleri")): Object: 'Object Repository/Kullanici_Islemleri/KullaniciIslemleri' is clicked on

2021-10-14 17:24:52 - [MESSAGE][INFO] - Finding Test Object 'Object Repository/Kullanici_Islemleri/KullaniciIslemleri'

2021-10-14 17:24:53 - [MESSAGE][INFO] - Checking object

2021-10-14 17:24:53 - [MESSAGE][INFO] - Finding web element from Test Object's properties

2021-10-14 17:24:53 - [MESSAGE][INFO] - Checking timeout

2021-10-14 17:24:53 - [MESSAGE][INFO] - Finding web element with id: 'Object Repository/Kullanici_Islemleri/KullaniciIslemleri' located by 'By.cssSelector: .dropdown>a>img' in '30' second(s)

2021-10-14 17:24:53 - [MESSAGE][INFO] - Smart Wait Function is triggered

2021-10-14 17:24:53 - [MESSAGE][INFO] - Found 1 web elements with id: 'Object Repository/Kullanici_Islemleri/KullaniciIslemleri' located by 'By.cssSelector: .dropdown>a>img' in '30' second(s)

2021-10-14 17:24:53 - [MESSAGE][INFO] - Clicking on object: 'Object Repository/Kullanici_Islemleri/KullaniciIslemleri'

2021-10-14 17:24:53 - [MESSAGE][PASSED] - Object: 'Object Repository/Kullanici_Islemleri/KullaniciIslemleri' is clicked on

2021-10-14 17:24:53 - [TEST_STEP][PASSED] - Method.TextDegerineEsitElementeTikla(findTestObject("Object Repository/Kullanici_Islemleri/Secenekler"), Islem): Method.TextDegerineEsitElementeTikla is PASSED

2021-10-14 17:24:53 - [MESSAGE][INFO] - Finding Test Object 'Object Repository/Kullanici_Islemleri/Secenekler'

2021-10-14 17:24:53 - [MESSAGE][INFO] - Checking timeout

2021-10-14 17:24:53 - [MESSAGE][INFO] - Finding web element with id: 'Object Repository/Kullanici_Islemleri/Secenekler' located by 'By.cssSelector: .nav.navbar-nav.navbar-right li a' in '10' second(s)

2021-10-14 17:24:53 - [MESSAGE][INFO] - Smart Wait Function is triggered

2021-10-14 17:24:53 - [MESSAGE][INFO] - Found 22 web elements with id: 'Object Repository/Kullanici_Islemleri/Secenekler' located by 'By.cssSelector: .nav.navbar-nav.navbar-right li a' in '10' second(s)

2021-10-14 17:24:55 - [MESSAGE][PASSED] - Method.TextDegerineEsitElementeTikla is PASSED

2021-10-14 17:24:55 - [TEST_STEP][PASSED] - verifyElementNotPresent(findTestObject("Object Repository/Kullanici_Islemleri/Secenekler"), 10): Web element with id: 'Object Repository/Kullanici_Islemleri/Secenekler' located by 'By.cssSelector: .nav.navbar-nav.navbar-right li a' is not present after '10' second(s)

2021-10-14 17:24:55 - [MESSAGE][INFO] - Finding Test Object 'Object Repository/Kullanici_Islemleri/Secenekler'

2021-10-14 17:24:55 - [MESSAGE][INFO] - Checking object

2021-10-14 17:24:55 - [MESSAGE][INFO] - Checking timeout

2021-10-14 17:24:55 - [MESSAGE][INFO] - Finding web element with id: 'Object Repository/Kullanici_Islemleri/Secenekler' located by 'By.cssSelector: .nav.navbar-nav.navbar-right li a' in '10' second(s)

2021-10-14 17:24:55 - [MESSAGE][INFO] - Smart Wait Function is triggered

2021-10-14 17:24:55 - [MESSAGE][PASSED] - Web element with id: 'Object Repository/Kullanici_Islemleri/Secenekler' located by 'By.cssSelector: .nav.navbar-nav.navbar-right li a' is not present after '10' second(s)

2021-10-14 17:24:55 - [MESSAGE][PASSED] - Call Test Case 'Test Cases/Kullanici_Islemleri/KullaniciIslemlerindenSecimYapilir' successfully

2021-10-14 17:24:55 - [TEST_CASE][PASSED] - Start Test Case : SCENARIO Faturanin Sertifikasi: SCENARIO Faturanin Sertifikasi

2021-10-14 17:24:55 - [TEST_STEP][PASSED] - Kullanıcı adı ELOGO6 ve Şifre 123456 olarak giriş yapılır: Kullanıcı adı ELOGO6 ve Şifre 123456 olarak giriş yapılır

2021-10-14 17:24:55 - [MESSAGE][PASSED] - Kullanıcı adı ELOGO6 ve Şifre 123456 olarak giriş yapılır

2021-10-14 17:24:55 - [TEST_STEP][PASSED] - Ana menüden e-Fatura seçilir: Ana menüden e-Fatura seçilir

2021-10-14 17:24:55 - [MESSAGE][PASSED] - Ana menüden e-Fatura seçilir

2021-10-14 17:24:55 - [TEST_STEP][PASSED] - Alt menü Giden Kutusu başlığı altındaki Faturalar seçilir: Alt menü Giden Kutusu başlığı altındaki Faturalar seçilir

2021-10-14 17:24:55 - [MESSAGE][PASSED] - Alt menü Giden Kutusu başlığı altındaki Faturalar seçilir

2021-10-14 17:24:55 - [TEST_STEP][PASSED] - Filtrelerden Oluşturma Tarihi filtresine 01.12.2020 baslangic degerini yaz: Filtrelerden Oluşturma Tarihi filtresine 01.12.2020 baslangic degerini yaz

2021-10-14 17:24:55 - [MESSAGE][PASSED] - Filtrelerden Oluşturma Tarihi filtresine 01.12.2020 baslangic degerini yaz

2021-10-14 17:24:55 - [TEST_STEP][PASSED] - Filtrelerden Oluşturma Tarihi filtresine 31.12.2020 bitis degerini yaz: Filtrelerden Oluşturma Tarihi filtresine 31.12.2020 bitis degerini yaz

2021-10-14 17:24:55 - [MESSAGE][PASSED] - Filtrelerden Oluşturma Tarihi filtresine 31.12.2020 bitis degerini yaz

2021-10-14 17:24:55 - [TEST_STEP][PASSED] - Filtre butonlarından Listele seçilir: Filtre butonlarından Listele seçilir

2021-10-14 17:24:55 - [MESSAGE][PASSED] - Filtre butonlarından Listele seçilir

2021-10-14 17:24:55 - [TEST_STEP][PASSED] - Tabloda veri var mı kontrol edilir: Tabloda veri var mı kontrol edilir

2021-10-14 17:24:55 - [MESSAGE][PASSED] - Tabloda veri var mı kontrol edilir

2021-10-14 17:24:55 - [TEST_STEP][PASSED] - Tablodan TEST isimli veri seçilir: Tablodan TEST isimli veri seçilir

2021-10-14 17:24:55 - [MESSAGE][PASSED] - Tablodan TEST isimli veri seçilir

2021-10-14 17:24:55 - [TEST_STEP][PASSED] - Butonlardan Sertifika isimli butona tıklanır: Butonlardan Sertifika isimli butona tıklanır

2021-10-14 17:24:55 - [MESSAGE][PASSED] - Butonlardan Sertifika isimli butona tıklanır

2021-10-14 17:24:55 - [TEST_STEP][PASSED] - Popup başlığı Sertifika Gösterme içeriyor mu: Popup başlığı Sertifika Gösterme içeriyor mu

2021-10-14 17:24:55 - [MESSAGE][PASSED] - Popup başlığı Sertifika Gösterme içeriyor mu

2021-10-14 17:24:55 - [TEST_STEP][PASSED] - Popup kapatılır: Popup kapatılır

2021-10-14 17:24:55 - [MESSAGE][PASSED] - Popup kapatılır

2021-10-14 17:24:55 - [TEST_STEP][PASSED] - Kullanıcı işlemlerinden Çıkış seçilir: Kullanıcı işlemlerinden Çıkış seçilir

2021-10-14 17:24:55 - [MESSAGE][PASSED] - Kullanıcı işlemlerinden Çıkış seçilir

2021-10-14 17:24:55 - [MESSAGE][PASSED] - Feature file: 'Include/features/e-Fatura/Giden Kutusu/Faturalar/Sertifika.feature' was passed

2021-10-14 17:24:55 - [TEST_STEP][PASSED] - Start listener action : sampleAfterTestSuite: Invoke 'com.kms.katalon.core.annotation.AfterTestCase' method: 'Listener.sampleAfterTestSuite(...)' completed.

2021-10-14 17:24:55 - [MESSAGE][INFO] - Starting invoke 'com.kms.katalon.core.annotation.AfterTestCase' method: 'Listener.sampleAfterTestSuite(...)'

2021-10-14 17:24:55 - [TEST_STEP][PASSED] - closeBrowser(): Invoke 'com.kms.katalon.core.annotation.AfterTestCase' method: 'Listener.sampleAfterTestSuite(...)' completed.

2021-10-14 17:24:55 - [MESSAGE][INFO] - Closing browser

2021-10-14 17:24:56 - [MESSAGE][PASSED] - Browser is closed

2021-10-14 17:24:56 - [MESSAGE][INFO] - Invoke 'com.kms.katalon.core.annotation.AfterTestCase' method: 'Listener.sampleAfterTestSuite(...)' completed.]]></system-out>
         <system-err><![CDATA[]]></system-err>
      </testcase>
      <testcase name="Test Cases/Case Repository/e-Fatura/Giden Kutusu/Faturalar/Statu Ata" time="33.614" classname="Test Cases/Case Repository/e-Fatura/Giden Kutusu/Faturalar/Statu Ata" status="PASSED">
         <system-out><![CDATA[2021-10-14 17:24:56 - [TEST_CASE][PASSED] - Test Cases/Case Repository/e-Fatura/Giden Kutusu/Faturalar/Statu Ata: Test Cases/Case Repository/e-Fatura/Giden Kutusu/Faturalar/Statu Ata

2021-10-14 17:24:56 - [TEST_STEP][PASSED] - Start listener action : sampleBeforeTestSuite: Invoke 'com.kms.katalon.core.annotation.BeforeTestCase' method: 'Listener.sampleBeforeTestSuite(...)' completed.

2021-10-14 17:24:56 - [MESSAGE][INFO] - Starting invoke 'com.kms.katalon.core.annotation.BeforeTestCase' method: 'Listener.sampleBeforeTestSuite(...)'

2021-10-14 17:24:56 - [TEST_STEP][PASSED] - openBrowser(baseUrl): Browser is opened with url: 'https://efatura-stage.elogo.com.tr/'

2021-10-14 17:24:56 - [MESSAGE][INFO] - Opening browser

2021-10-14 17:24:56 - [MESSAGE][INFO] - Starting 'Chrome' driver

2021-10-14 17:24:56 - [MESSAGE][INFO] - User set preference: ['prefs', '{download.default_directory=C:\otomasyondownfiles}']

2021-10-14 17:24:56 - [MESSAGE][INFO] - Action delay is set to 0 milliseconds

2021-10-14 17:24:57 - [MESSAGE][INFO] - Navigating browser to: 'https://efatura-stage.elogo.com.tr/'

2021-10-14 17:24:59 - [MESSAGE][PASSED] - Browser is opened with url: 'https://efatura-stage.elogo.com.tr/'

2021-10-14 17:24:59 - [TEST_STEP][PASSED] - maximizeWindow(): Invoke 'com.kms.katalon.core.annotation.BeforeTestCase' method: 'Listener.sampleBeforeTestSuite(...)' completed.

2021-10-14 17:24:59 - [MESSAGE][INFO] - Maximizing current window

2021-10-14 17:25:00 - [MESSAGE][PASSED] - Current window maximized

2021-10-14 17:25:00 - [MESSAGE][INFO] - Invoke 'com.kms.katalon.core.annotation.BeforeTestCase' method: 'Listener.sampleBeforeTestSuite(...)' completed.

2021-10-14 17:25:00 - [TEST_STEP][PASSED] - runFeatureFile("Include/features/e-Fatura/Giden Kutusu/Faturalar/Statu Ata.feature"): Feature file: 'Include/features/e-Fatura/Giden Kutusu/Faturalar/Statu Ata.feature' was passed

2021-10-14 17:25:00 - [MESSAGE][INFO] - Starting run keyword runFeatureFile: 'Include/features/e-Fatura/Giden Kutusu/Faturalar/Statu Ata.feature' and extract report to folder: 'C:\Users\DELL\Downloads\EES_Katalon-main\Reports\20211014_170112\Suite Repository\e-Fatura\20211014_170113/cucumber_report/1634221500702'...

2021-10-14 17:25:00 - [MESSAGE][INFO] - Glue: []

2021-10-14 17:25:01 - [MESSAGE][INFO] - Checking called Test Case

2021-10-14 17:25:01 - [MESSAGE][INFO] - Starting to call Test Case 'Test Cases/Sayfalar/Giris_Sayfasi/Login'

2021-10-14 17:25:01 - [TEST_CASE][PASSED] - Test Cases/Sayfalar/Giris_Sayfasi/Login: Test Cases/Sayfalar/Giris_Sayfasi/Login

2021-10-14 17:25:01 - [TEST_STEP][PASSED] - Sayfa_Basligi = getWindowTitle(): Current window's title is: 'LOGO e-Fatura'

2021-10-14 17:25:01 - [MESSAGE][INFO] - Getting current window's title

2021-10-14 17:25:01 - [MESSAGE][PASSED] - Current window's title is: 'LOGO e-Fatura'

2021-10-14 17:25:01 - [TEST_STEP][PASSED] - verifyMatch(Sayfa_Basligi, "LOGO e-Fatura", false): Actual text 'LOGO e-Fatura' and expected text 'LOGO e-Fatura' are matched 

2021-10-14 17:25:01 - [MESSAGE][INFO] - Matching actual text 'LOGO e-Fatura' with expected text 'LOGO e-Fatura'

2021-10-14 17:25:01 - [MESSAGE][PASSED] - Actual text 'LOGO e-Fatura' and expected text 'LOGO e-Fatura' are matched 

2021-10-14 17:25:01 - [TEST_STEP][PASSED] - sendKeys(findTestObject("Sayfalar/Giris_Sayfasi/Firma_Kodu"), KullaniciAdi): Keys 'ELOGO6' sent to object: 'Object Repository/Sayfalar/Giris_Sayfasi/Firma_Kodu'

2021-10-14 17:25:01 - [MESSAGE][INFO] - Finding Test Object 'Object Repository/Sayfalar/Giris_Sayfasi/Firma_Kodu'

2021-10-14 17:25:01 - [MESSAGE][INFO] - Sending keys 'ELOGO6' to object: 'Object Repository/Sayfalar/Giris_Sayfasi/Firma_Kodu'

2021-10-14 17:25:01 - [MESSAGE][INFO] - Finding web element from Test Object's properties

2021-10-14 17:25:01 - [MESSAGE][INFO] - Checking timeout

2021-10-14 17:25:01 - [MESSAGE][INFO] - Finding web element with id: 'Object Repository/Sayfalar/Giris_Sayfasi/Firma_Kodu' located by 'By.xpath: //*[@id = 'AccountName']' in '30' second(s)

2021-10-14 17:25:01 - [MESSAGE][INFO] - Smart Wait Function is triggered

2021-10-14 17:25:01 - [MESSAGE][INFO] - Found 1 web elements with id: 'Object Repository/Sayfalar/Giris_Sayfasi/Firma_Kodu' located by 'By.xpath: //*[@id = 'AccountName']' in '30' second(s)

2021-10-14 17:25:01 - [MESSAGE][PASSED] - Keys 'ELOGO6' sent to object: 'Object Repository/Sayfalar/Giris_Sayfasi/Firma_Kodu'

2021-10-14 17:25:01 - [TEST_STEP][PASSED] - sendKeys(findTestObject("Sayfalar/Giris_Sayfasi/Sifre"), Sifre): Keys '123456' sent to object: 'Object Repository/Sayfalar/Giris_Sayfasi/Sifre'

2021-10-14 17:25:01 - [MESSAGE][INFO] - Finding Test Object 'Object Repository/Sayfalar/Giris_Sayfasi/Sifre'

2021-10-14 17:25:01 - [MESSAGE][INFO] - Sending keys '123456' to object: 'Object Repository/Sayfalar/Giris_Sayfasi/Sifre'

2021-10-14 17:25:01 - [MESSAGE][INFO] - Finding web element from Test Object's properties

2021-10-14 17:25:01 - [MESSAGE][INFO] - Checking timeout

2021-10-14 17:25:01 - [MESSAGE][INFO] - Finding web element with id: 'Object Repository/Sayfalar/Giris_Sayfasi/Sifre' located by 'By.xpath: //*[@id = 'Password']' in '30' second(s)

2021-10-14 17:25:01 - [MESSAGE][INFO] - Smart Wait Function is triggered

2021-10-14 17:25:02 - [MESSAGE][INFO] - Found 1 web elements with id: 'Object Repository/Sayfalar/Giris_Sayfasi/Sifre' located by 'By.xpath: //*[@id = 'Password']' in '30' second(s)

2021-10-14 17:25:02 - [MESSAGE][PASSED] - Keys '123456' sent to object: 'Object Repository/Sayfalar/Giris_Sayfasi/Sifre'

2021-10-14 17:25:02 - [TEST_STEP][PASSED] - findWebElement(findTestObject("Sayfalar/Giris_Sayfasi/Giris_Butonu")).click(): Found 1 web elements with id: 'Object Repository/Sayfalar/Giris_Sayfasi/Giris_Butonu' located by 'By.cssSelector: #btnLogin' in '30' second(s)

2021-10-14 17:25:02 - [MESSAGE][INFO] - Finding Test Object 'Object Repository/Sayfalar/Giris_Sayfasi/Giris_Butonu'

2021-10-14 17:25:02 - [MESSAGE][INFO] - Finding web element from Test Object's properties

2021-10-14 17:25:02 - [MESSAGE][INFO] - Checking timeout

2021-10-14 17:25:02 - [MESSAGE][INFO] - Finding web element with id: 'Object Repository/Sayfalar/Giris_Sayfasi/Giris_Butonu' located by 'By.cssSelector: #btnLogin' in '30' second(s)

2021-10-14 17:25:02 - [MESSAGE][INFO] - Smart Wait Function is triggered

2021-10-14 17:25:02 - [MESSAGE][INFO] - Found 1 web elements with id: 'Object Repository/Sayfalar/Giris_Sayfasi/Giris_Butonu' located by 'By.cssSelector: #btnLogin' in '30' second(s)

2021-10-14 17:25:04 - [TEST_STEP][PASSED] - if (verifyElementPresent(findTestObject("Object Repository/Sayfalar/Giris_Sayfasi/RetveTamam_Butonu"), 5, OPTIONAL)): null

2021-10-14 17:25:04 - [MESSAGE][INFO] - Finding Test Object 'Object Repository/Sayfalar/Giris_Sayfasi/RetveTamam_Butonu'

2021-10-14 17:25:04 - [MESSAGE][INFO] - Checking object

2021-10-14 17:25:04 - [MESSAGE][INFO] - Finding web element from Test Object's properties

2021-10-14 17:25:04 - [MESSAGE][INFO] - Checking timeout

2021-10-14 17:25:04 - [MESSAGE][INFO] - Finding web element with id: 'Object Repository/Sayfalar/Giris_Sayfasi/RetveTamam_Butonu' located by 'By.xpath: //*[@class = 'btn btn-default']' in '5' second(s)

2021-10-14 17:25:04 - [MESSAGE][INFO] - Smart Wait Function is triggered

2021-10-14 17:25:05 - [MESSAGE][INFO] - Found 1 web elements with id: 'Object Repository/Sayfalar/Giris_Sayfasi/RetveTamam_Butonu' located by 'By.xpath: //*[@class = 'btn btn-default']' in '5' second(s)

2021-10-14 17:25:05 - [MESSAGE][PASSED] - Object 'Object Repository/Sayfalar/Giris_Sayfasi/RetveTamam_Butonu' is present

2021-10-14 17:25:05 - [TEST_STEP][PASSED] - click(findTestObject("Object Repository/Sayfalar/Giris_Sayfasi/RetveTamam_Butonu")): Object: 'Object Repository/Sayfalar/Giris_Sayfasi/RetveTamam_Butonu' is clicked on

2021-10-14 17:25:05 - [MESSAGE][INFO] - Finding Test Object 'Object Repository/Sayfalar/Giris_Sayfasi/RetveTamam_Butonu'

2021-10-14 17:25:05 - [MESSAGE][INFO] - Checking object

2021-10-14 17:25:05 - [MESSAGE][INFO] - Finding web element from Test Object's properties

2021-10-14 17:25:05 - [MESSAGE][INFO] - Checking timeout

2021-10-14 17:25:05 - [MESSAGE][INFO] - Finding web element with id: 'Object Repository/Sayfalar/Giris_Sayfasi/RetveTamam_Butonu' located by 'By.xpath: //*[@class = 'btn btn-default']' in '30' second(s)

2021-10-14 17:25:05 - [MESSAGE][INFO] - Smart Wait Function is triggered

2021-10-14 17:25:05 - [MESSAGE][INFO] - Found 1 web elements with id: 'Object Repository/Sayfalar/Giris_Sayfasi/RetveTamam_Butonu' located by 'By.xpath: //*[@class = 'btn btn-default']' in '30' second(s)

2021-10-14 17:25:05 - [MESSAGE][INFO] - Clicking on object: 'Object Repository/Sayfalar/Giris_Sayfasi/RetveTamam_Butonu'

2021-10-14 17:25:05 - [MESSAGE][PASSED] - Object: 'Object Repository/Sayfalar/Giris_Sayfasi/RetveTamam_Butonu' is clicked on

2021-10-14 17:25:05 - [TEST_STEP][PASSED] - click(findTestObject("Object Repository/Sayfalar/Giris_Sayfasi/RetveTamam_Butonu")): Object: 'Object Repository/Sayfalar/Giris_Sayfasi/RetveTamam_Butonu' is clicked on

2021-10-14 17:25:05 - [MESSAGE][INFO] - Finding Test Object 'Object Repository/Sayfalar/Giris_Sayfasi/RetveTamam_Butonu'

2021-10-14 17:25:05 - [MESSAGE][INFO] - Checking object

2021-10-14 17:25:05 - [MESSAGE][INFO] - Finding web element from Test Object's properties

2021-10-14 17:25:05 - [MESSAGE][INFO] - Checking timeout

2021-10-14 17:25:05 - [MESSAGE][INFO] - Finding web element with id: 'Object Repository/Sayfalar/Giris_Sayfasi/RetveTamam_Butonu' located by 'By.xpath: //*[@class = 'btn btn-default']' in '30' second(s)

2021-10-14 17:25:05 - [MESSAGE][INFO] - Smart Wait Function is triggered

2021-10-14 17:25:10 - [MESSAGE][INFO] - Found 1 web elements with id: 'Object Repository/Sayfalar/Giris_Sayfasi/RetveTamam_Butonu' located by 'By.xpath: //*[@class = 'btn btn-default']' in '30' second(s)

2021-10-14 17:25:10 - [MESSAGE][INFO] - Clicking on object: 'Object Repository/Sayfalar/Giris_Sayfasi/RetveTamam_Butonu'

2021-10-14 17:25:10 - [MESSAGE][PASSED] - Object: 'Object Repository/Sayfalar/Giris_Sayfasi/RetveTamam_Butonu' is clicked on

2021-10-14 17:25:10 - [TEST_STEP][PASSED] - if (verifyElementPresent(findTestObject("Sayfalar/Giris_Sayfasi/PopupOK"), 5, OPTIONAL)): null

2021-10-14 17:25:10 - [MESSAGE][INFO] - Finding Test Object 'Object Repository/Sayfalar/Giris_Sayfasi/PopupOK'

2021-10-14 17:25:10 - [MESSAGE][INFO] - Checking object

2021-10-14 17:25:10 - [MESSAGE][INFO] - Finding web element from Test Object's properties

2021-10-14 17:25:10 - [MESSAGE][INFO] - Checking timeout

2021-10-14 17:25:10 - [MESSAGE][INFO] - Finding web element with id: 'Object Repository/Sayfalar/Giris_Sayfasi/PopupOK' located by 'By.cssSelector: .btn.btn-success' in '5' second(s)

2021-10-14 17:25:10 - [MESSAGE][INFO] - Smart Wait Function is triggered

2021-10-14 17:25:11 - [MESSAGE][INFO] - Found 1 web elements with id: 'Object Repository/Sayfalar/Giris_Sayfasi/PopupOK' located by 'By.cssSelector: .btn.btn-success' in '5' second(s)

2021-10-14 17:25:11 - [MESSAGE][PASSED] - Object 'Object Repository/Sayfalar/Giris_Sayfasi/PopupOK' is present

2021-10-14 17:25:11 - [TEST_STEP][PASSED] - click(findTestObject("Object Repository/Sayfalar/Giris_Sayfasi/PopupCarpiGiris")): Object: 'Object Repository/Sayfalar/Giris_Sayfasi/PopupCarpiGiris' is clicked on

2021-10-14 17:25:11 - [MESSAGE][INFO] - Finding Test Object 'Object Repository/Sayfalar/Giris_Sayfasi/PopupCarpiGiris'

2021-10-14 17:25:11 - [MESSAGE][INFO] - Checking object

2021-10-14 17:25:11 - [MESSAGE][INFO] - Finding web element from Test Object's properties

2021-10-14 17:25:11 - [MESSAGE][INFO] - Checking timeout

2021-10-14 17:25:11 - [MESSAGE][INFO] - Finding web element with id: 'Object Repository/Sayfalar/Giris_Sayfasi/PopupCarpiGiris' located by 'By.cssSelector: .bootbox-close-button.close' in '30' second(s)

2021-10-14 17:25:11 - [MESSAGE][INFO] - Smart Wait Function is triggered

2021-10-14 17:25:11 - [MESSAGE][INFO] - Found 1 web elements with id: 'Object Repository/Sayfalar/Giris_Sayfasi/PopupCarpiGiris' located by 'By.cssSelector: .bootbox-close-button.close' in '30' second(s)

2021-10-14 17:25:11 - [MESSAGE][INFO] - Clicking on object: 'Object Repository/Sayfalar/Giris_Sayfasi/PopupCarpiGiris'

2021-10-14 17:25:11 - [MESSAGE][PASSED] - Object: 'Object Repository/Sayfalar/Giris_Sayfasi/PopupCarpiGiris' is clicked on

2021-10-14 17:25:11 - [TEST_STEP][PASSED] - verifyElementVisible(findTestObject("Object Repository/Kullanici_Islemleri/KullaniciIslemleri")): Object 'Object Repository/Kullanici_Islemleri/KullaniciIslemleri' is visible

2021-10-14 17:25:11 - [MESSAGE][INFO] - Finding Test Object 'Object Repository/Kullanici_Islemleri/KullaniciIslemleri'

2021-10-14 17:25:11 - [MESSAGE][INFO] - Checking object

2021-10-14 17:25:11 - [MESSAGE][INFO] - Finding web element from Test Object's properties

2021-10-14 17:25:11 - [MESSAGE][INFO] - Checking timeout

2021-10-14 17:25:11 - [MESSAGE][INFO] - Finding web element with id: 'Object Repository/Kullanici_Islemleri/KullaniciIslemleri' located by 'By.cssSelector: .dropdown>a>img' in '30' second(s)

2021-10-14 17:25:11 - [MESSAGE][INFO] - Smart Wait Function is triggered

2021-10-14 17:25:12 - [MESSAGE][INFO] - Found 1 web elements with id: 'Object Repository/Kullanici_Islemleri/KullaniciIslemleri' located by 'By.cssSelector: .dropdown>a>img' in '30' second(s)

2021-10-14 17:25:12 - [MESSAGE][PASSED] - Object 'Object Repository/Kullanici_Islemleri/KullaniciIslemleri' is visible

2021-10-14 17:25:12 - [MESSAGE][PASSED] - Call Test Case 'Test Cases/Sayfalar/Giris_Sayfasi/Login' successfully

2021-10-14 17:25:12 - [MESSAGE][INFO] - Checking called Test Case

2021-10-14 17:25:12 - [MESSAGE][INFO] - Starting to call Test Case 'Test Cases/Menu/AnaMenuSecimi'

2021-10-14 17:25:12 - [TEST_CASE][PASSED] - Test Cases/Menu/AnaMenuSecimi: Test Cases/Menu/AnaMenuSecimi

2021-10-14 17:25:12 - [TEST_STEP][PASSED] - Method.TextDegerineEsitElementeTikla(findTestObject("Menu/Ana_Menu"), Ana_Menu): Method.TextDegerineEsitElementeTikla is PASSED

2021-10-14 17:25:12 - [MESSAGE][INFO] - Finding Test Object 'Object Repository/Menu/Ana_Menu'

2021-10-14 17:25:12 - [MESSAGE][INFO] - Checking timeout

2021-10-14 17:25:12 - [MESSAGE][INFO] - Finding web element with id: 'Object Repository/Menu/Ana_Menu' located by 'By.xpath: //*[@class = 'dropdown-toggle']' in '10' second(s)

2021-10-14 17:25:12 - [MESSAGE][INFO] - Smart Wait Function is triggered

2021-10-14 17:25:12 - [MESSAGE][INFO] - Found 14 web elements with id: 'Object Repository/Menu/Ana_Menu' located by 'By.xpath: //*[@class = 'dropdown-toggle']' in '10' second(s)

2021-10-14 17:25:13 - [MESSAGE][PASSED] - Method.TextDegerineEsitElementeTikla is PASSED

2021-10-14 17:25:13 - [MESSAGE][PASSED] - Call Test Case 'Test Cases/Menu/AnaMenuSecimi' successfully

2021-10-14 17:25:13 - [MESSAGE][INFO] - Checking called Test Case

2021-10-14 17:25:13 - [MESSAGE][INFO] - Starting to call Test Case 'Test Cases/Menu/BasligaGoreAltMenuSecimi'

2021-10-14 17:25:13 - [TEST_CASE][PASSED] - Test Cases/Menu/BasligaGoreAltMenuSecimi: Test Cases/Menu/BasligaGoreAltMenuSecimi

2021-10-14 17:25:13 - [TEST_STEP][PASSED] - Method.TextDegerineEsitElementinAltindakiTextDegerineEsitOlanaTikla(findTestObject("Menu/Menu_Basligi"), findTestObject("Menu/Basliga_Gore_Alt_Menu"), Baslik, Alt_Menu): Method.TextDegerineEsitElementinAltindakiTextDegerineEsitOlanaTikla is PASSED

2021-10-14 17:25:13 - [MESSAGE][INFO] - Finding Test Object 'Object Repository/Menu/Menu_Basligi'

2021-10-14 17:25:13 - [MESSAGE][INFO] - Finding Test Object 'Object Repository/Menu/Basliga_Gore_Alt_Menu'

2021-10-14 17:25:13 - [MESSAGE][INFO] - Checking timeout

2021-10-14 17:25:13 - [MESSAGE][INFO] - Finding web element with id: 'Object Repository/Menu/Menu_Basligi' located by 'By.xpath: //li[@class='dropdown dropdown-large open']//li[@class='dropdown-header']' in '10' second(s)

2021-10-14 17:25:13 - [MESSAGE][INFO] - Smart Wait Function is triggered

2021-10-14 17:25:13 - [MESSAGE][INFO] - Found 3 web elements with id: 'Object Repository/Menu/Menu_Basligi' located by 'By.xpath: //li[@class='dropdown dropdown-large open']//li[@class='dropdown-header']' in '10' second(s)

2021-10-14 17:25:13 - [MESSAGE][INFO] - Smart Wait Function is triggered

2021-10-14 17:25:15 - [MESSAGE][PASSED] - Method.TextDegerineEsitElementinAltindakiTextDegerineEsitOlanaTikla is PASSED

2021-10-14 17:25:15 - [MESSAGE][PASSED] - Call Test Case 'Test Cases/Menu/BasligaGoreAltMenuSecimi' successfully

2021-10-14 17:25:15 - [MESSAGE][INFO] - Checking called Test Case

2021-10-14 17:25:15 - [MESSAGE][INFO] - Starting to call Test Case 'Test Cases/Filtreler/BaslangicYaz'

2021-10-14 17:25:15 - [TEST_CASE][PASSED] - Test Cases/Filtreler/BaslangicYaz: Test Cases/Filtreler/BaslangicYaz

2021-10-14 17:25:15 - [TEST_STEP][PASSED] - Method.TextDegerineEsitElementinAltindakineTikla(findTestObject("Filtreler/Basliklar"), findTestObject("Filtreler/Basliga_Gore_Baslangic_Image"), Filtre_Adi): Method.TextDegerineEsitElementinAltindakineTikla is PASSED

2021-10-14 17:25:15 - [MESSAGE][INFO] - Finding Test Object 'Object Repository/Filtreler/Basliklar'

2021-10-14 17:25:15 - [MESSAGE][INFO] - Finding Test Object 'Object Repository/Filtreler/Basliga_Gore_Baslangic_Image'

2021-10-14 17:25:15 - [MESSAGE][INFO] - Checking timeout

2021-10-14 17:25:15 - [MESSAGE][INFO] - Finding web element with id: 'Object Repository/Filtreler/Basliklar' located by 'By.cssSelector: .control-label.col-sm-4.paddingMarginRLC' in '10' second(s)

2021-10-14 17:25:15 - [MESSAGE][INFO] - Smart Wait Function is triggered

2021-10-14 17:25:16 - [MESSAGE][INFO] - Found 20 web elements with id: 'Object Repository/Filtreler/Basliklar' located by 'By.cssSelector: .control-label.col-sm-4.paddingMarginRLC' in '10' second(s)

2021-10-14 17:25:16 - [MESSAGE][INFO] - Smart Wait Function is triggered

2021-10-14 17:25:16 - [MESSAGE][PASSED] - Method.TextDegerineEsitElementinAltindakineTikla is PASSED

2021-10-14 17:25:16 - [TEST_STEP][PASSED] - Method.TextDegerineEsitElementinAltindakiTextboxtaYaz(findTestObject("Filtreler/Basliklar"), findTestObject("Filtreler/Basliga_Gore_Baslangic"), Filtre_Adi, Filtre_Degeri): Method.TextDegerineEsitElementinAltindakiTextboxtaYaz is PASSED

2021-10-14 17:25:16 - [MESSAGE][INFO] - Finding Test Object 'Object Repository/Filtreler/Basliklar'

2021-10-14 17:25:16 - [MESSAGE][INFO] - Finding Test Object 'Object Repository/Filtreler/Basliga_Gore_Baslangic'

2021-10-14 17:25:16 - [MESSAGE][INFO] - Checking timeout

2021-10-14 17:25:16 - [MESSAGE][INFO] - Finding web element with id: 'Object Repository/Filtreler/Basliklar' located by 'By.cssSelector: .control-label.col-sm-4.paddingMarginRLC' in '10' second(s)

2021-10-14 17:25:16 - [MESSAGE][INFO] - Smart Wait Function is triggered

2021-10-14 17:25:16 - [MESSAGE][INFO] - Found 20 web elements with id: 'Object Repository/Filtreler/Basliklar' located by 'By.cssSelector: .control-label.col-sm-4.paddingMarginRLC' in '10' second(s)

2021-10-14 17:25:16 - [MESSAGE][INFO] - Smart Wait Function is triggered

2021-10-14 17:25:17 - [MESSAGE][PASSED] - Method.TextDegerineEsitElementinAltindakiTextboxtaYaz is PASSED

2021-10-14 17:25:17 - [MESSAGE][PASSED] - Call Test Case 'Test Cases/Filtreler/BaslangicYaz' successfully

2021-10-14 17:25:17 - [MESSAGE][INFO] - Checking called Test Case

2021-10-14 17:25:17 - [MESSAGE][INFO] - Starting to call Test Case 'Test Cases/Filtreler/BitisYaz'

2021-10-14 17:25:17 - [TEST_CASE][PASSED] - Test Cases/Filtreler/BitisYaz: Test Cases/Filtreler/BitisYaz

2021-10-14 17:25:17 - [TEST_STEP][PASSED] - Method.TextDegerineEsitElementinAltindakineTikla(findTestObject("Filtreler/Basliklar"), findTestObject("Filtreler/Basliga_Gore_Bitis_Image"), Filtre_Adi): Method.TextDegerineEsitElementinAltindakineTikla is PASSED

2021-10-14 17:25:17 - [MESSAGE][INFO] - Finding Test Object 'Object Repository/Filtreler/Basliklar'

2021-10-14 17:25:17 - [MESSAGE][INFO] - Finding Test Object 'Object Repository/Filtreler/Basliga_Gore_Bitis_Image'

2021-10-14 17:25:17 - [MESSAGE][INFO] - Checking timeout

2021-10-14 17:25:17 - [MESSAGE][INFO] - Finding web element with id: 'Object Repository/Filtreler/Basliklar' located by 'By.cssSelector: .control-label.col-sm-4.paddingMarginRLC' in '10' second(s)

2021-10-14 17:25:17 - [MESSAGE][INFO] - Smart Wait Function is triggered

2021-10-14 17:25:18 - [MESSAGE][INFO] - Found 20 web elements with id: 'Object Repository/Filtreler/Basliklar' located by 'By.cssSelector: .control-label.col-sm-4.paddingMarginRLC' in '10' second(s)

2021-10-14 17:25:18 - [MESSAGE][INFO] - Smart Wait Function is triggered

2021-10-14 17:25:18 - [MESSAGE][PASSED] - Method.TextDegerineEsitElementinAltindakineTikla is PASSED

2021-10-14 17:25:18 - [TEST_STEP][PASSED] - Method.TextDegerineEsitElementinAltindakiTextboxtaYaz(findTestObject("Filtreler/Basliklar"), findTestObject("Object Repository/Filtreler/Basliga_Gore_Bitis"), Filtre_Adi, Filtre_Degeri): Method.TextDegerineEsitElementinAltindakiTextboxtaYaz is PASSED

2021-10-14 17:25:18 - [MESSAGE][INFO] - Finding Test Object 'Object Repository/Filtreler/Basliklar'

2021-10-14 17:25:18 - [MESSAGE][INFO] - Finding Test Object 'Object Repository/Filtreler/Basliga_Gore_Bitis'

2021-10-14 17:25:18 - [MESSAGE][INFO] - Checking timeout

2021-10-14 17:25:18 - [MESSAGE][INFO] - Finding web element with id: 'Object Repository/Filtreler/Basliklar' located by 'By.cssSelector: .control-label.col-sm-4.paddingMarginRLC' in '10' second(s)

2021-10-14 17:25:18 - [MESSAGE][INFO] - Smart Wait Function is triggered

2021-10-14 17:25:18 - [MESSAGE][INFO] - Found 20 web elements with id: 'Object Repository/Filtreler/Basliklar' located by 'By.cssSelector: .control-label.col-sm-4.paddingMarginRLC' in '10' second(s)

2021-10-14 17:25:18 - [MESSAGE][INFO] - Smart Wait Function is triggered

2021-10-14 17:25:19 - [MESSAGE][PASSED] - Method.TextDegerineEsitElementinAltindakiTextboxtaYaz is PASSED

2021-10-14 17:25:19 - [MESSAGE][PASSED] - Call Test Case 'Test Cases/Filtreler/BitisYaz' successfully

2021-10-14 17:25:19 - [MESSAGE][INFO] - Checking called Test Case

2021-10-14 17:25:19 - [MESSAGE][INFO] - Starting to call Test Case 'Test Cases/Filtreler/ButonaTikla'

2021-10-14 17:25:19 - [TEST_CASE][PASSED] - Test Cases/Filtreler/ButonaTikla: Test Cases/Filtreler/ButonaTikla

2021-10-14 17:25:19 - [TEST_STEP][PASSED] - Method.TextDegerineEsitElementeTikla(findTestObject("Filtreler/Butonlar"), Filtre_Buton): Method.TextDegerineEsitElementeTikla is PASSED

2021-10-14 17:25:19 - [MESSAGE][INFO] - Finding Test Object 'Object Repository/Filtreler/Butonlar'

2021-10-14 17:25:19 - [MESSAGE][INFO] - Checking timeout

2021-10-14 17:25:19 - [MESSAGE][INFO] - Finding web element with id: 'Object Repository/Filtreler/Butonlar' located by 'By.cssSelector: .dxb>span' in '10' second(s)

2021-10-14 17:25:19 - [MESSAGE][INFO] - Smart Wait Function is triggered

2021-10-14 17:25:19 - [MESSAGE][INFO] - Found 3 web elements with id: 'Object Repository/Filtreler/Butonlar' located by 'By.cssSelector: .dxb>span' in '10' second(s)

2021-10-14 17:25:19 - [MESSAGE][PASSED] - Method.TextDegerineEsitElementeTikla is PASSED

2021-10-14 17:25:19 - [MESSAGE][PASSED] - Call Test Case 'Test Cases/Filtreler/ButonaTikla' successfully

2021-10-14 17:25:19 - [MESSAGE][INFO] - Checking called Test Case

2021-10-14 17:25:19 - [MESSAGE][INFO] - Starting to call Test Case 'Test Cases/Tablo/TablodaVeriVarMi'

2021-10-14 17:25:20 - [TEST_CASE][PASSED] - Test Cases/Tablo/TablodaVeriVarMi: Test Cases/Tablo/TablodaVeriVarMi

2021-10-14 17:25:20 - [TEST_STEP][PASSED] - verifyTextNotPresent("Görüntülenecek veri yok", true): Text 'Görüntülenecek veri yok' is not present on page using regular expression

2021-10-14 17:25:20 - [MESSAGE][INFO] - Checking text present  using regular expression

2021-10-14 17:25:20 - [MESSAGE][INFO] - Smart Wait Function is triggered

2021-10-14 17:25:21 - [MESSAGE][INFO] - Finding text 'Görüntülenecek veri yok' on page  using regular expression

2021-10-14 17:25:21 - [MESSAGE][PASSED] - Text 'Görüntülenecek veri yok' is not present on page using regular expression

2021-10-14 17:25:21 - [MESSAGE][PASSED] - Call Test Case 'Test Cases/Tablo/TablodaVeriVarMi' successfully

2021-10-14 17:25:21 - [MESSAGE][INFO] - Checking called Test Case

2021-10-14 17:25:21 - [MESSAGE][INFO] - Starting to call Test Case 'Test Cases/Tablo/TablodanVeriSec'

2021-10-14 17:25:21 - [TEST_CASE][PASSED] - Test Cases/Tablo/TablodanVeriSec: Test Cases/Tablo/TablodanVeriSec

2021-10-14 17:25:21 - [TEST_STEP][PASSED] - Method.TextDegerineEsitElementinAltindakineTikla(findTestObject("Tablo/Veriler"), findTestObject("Tablo/VerininCheckBoxi"), Veri_Adi): Method.TextDegerineEsitElementinAltindakineTikla is PASSED

2021-10-14 17:25:21 - [MESSAGE][INFO] - Finding Test Object 'Object Repository/Tablo/Veriler'

2021-10-14 17:25:21 - [MESSAGE][INFO] - Finding Test Object 'Object Repository/Tablo/VerininCheckBoxi'

2021-10-14 17:25:21 - [MESSAGE][INFO] - Checking timeout

2021-10-14 17:25:21 - [MESSAGE][INFO] - Finding web element with id: 'Object Repository/Tablo/Veriler' located by 'By.cssSelector: td.dxgv b ,td.dxgv' in '10' second(s)

2021-10-14 17:25:21 - [MESSAGE][INFO] - Smart Wait Function is triggered

2021-10-14 17:25:21 - [MESSAGE][INFO] - Found 140 web elements with id: 'Object Repository/Tablo/Veriler' located by 'By.cssSelector: td.dxgv b ,td.dxgv' in '10' second(s)

2021-10-14 17:25:21 - [MESSAGE][INFO] - Smart Wait Function is triggered

2021-10-14 17:25:22 - [MESSAGE][PASSED] - Method.TextDegerineEsitElementinAltindakineTikla is PASSED

2021-10-14 17:25:22 - [MESSAGE][PASSED] - Call Test Case 'Test Cases/Tablo/TablodanVeriSec' successfully

2021-10-14 17:25:22 - [MESSAGE][INFO] - Checking called Test Case

2021-10-14 17:25:22 - [MESSAGE][INFO] - Starting to call Test Case 'Test Cases/Butonlar/ButonaTikla'

2021-10-14 17:25:22 - [TEST_CASE][PASSED] - Test Cases/Butonlar/ButonaTikla: Test Cases/Butonlar/ButonaTikla

2021-10-14 17:25:22 - [TEST_STEP][PASSED] - Method.TextDegerineEsitElementeTiklaEquals(findTestObject("Butonlar/Butonlar"), Buton_Adi): Method.TextDegerineEsitElementeTiklaEquals is PASSED

2021-10-14 17:25:22 - [MESSAGE][INFO] - Finding Test Object 'Object Repository/Butonlar/Butonlar'

2021-10-14 17:25:22 - [MESSAGE][INFO] - Checking timeout

2021-10-14 17:25:22 - [MESSAGE][INFO] - Finding web element with id: 'Object Repository/Butonlar/Butonlar' located by 'By.cssSelector: .panel.panel-default.text-center.footerPanel .btn,.btn.btn-primary.btnControls' in '10' second(s)

2021-10-14 17:25:22 - [MESSAGE][INFO] - Smart Wait Function is triggered

2021-10-14 17:25:22 - [MESSAGE][INFO] - Found 17 web elements with id: 'Object Repository/Butonlar/Butonlar' located by 'By.cssSelector: .panel.panel-default.text-center.footerPanel .btn,.btn.btn-primary.btnControls' in '10' second(s)

2021-10-14 17:25:23 - [MESSAGE][PASSED] - Method.TextDegerineEsitElementeTiklaEquals is PASSED

2021-10-14 17:25:23 - [MESSAGE][PASSED] - Call Test Case 'Test Cases/Butonlar/ButonaTikla' successfully

2021-10-14 17:25:23 - [MESSAGE][INFO] - Checking called Test Case

2021-10-14 17:25:23 - [MESSAGE][INFO] - Starting to call Test Case 'Test Cases/Butonlar/AltButonaTikla'

2021-10-14 17:25:23 - [TEST_CASE][PASSED] - Test Cases/Butonlar/AltButonaTikla: Test Cases/Butonlar/AltButonaTikla

2021-10-14 17:25:23 - [TEST_STEP][PASSED] - Method.TextDegerineEsitElementeTikla(findTestObject("Butonlar/AltButonlar"), Alt_Buton): Method.TextDegerineEsitElementeTikla is PASSED

2021-10-14 17:25:23 - [MESSAGE][INFO] - Finding Test Object 'Object Repository/Butonlar/AltButonlar'

2021-10-14 17:25:23 - [MESSAGE][INFO] - Checking timeout

2021-10-14 17:25:23 - [MESSAGE][INFO] - Finding web element with id: 'Object Repository/Butonlar/AltButonlar' located by 'By.cssSelector: .btn-group.open li>a' in '10' second(s)

2021-10-14 17:25:23 - [MESSAGE][INFO] - Smart Wait Function is triggered

2021-10-14 17:25:23 - [MESSAGE][INFO] - Found 2 web elements with id: 'Object Repository/Butonlar/AltButonlar' located by 'By.cssSelector: .btn-group.open li>a' in '10' second(s)

2021-10-14 17:25:23 - [MESSAGE][PASSED] - Method.TextDegerineEsitElementeTikla is PASSED

2021-10-14 17:25:23 - [MESSAGE][PASSED] - Call Test Case 'Test Cases/Butonlar/AltButonaTikla' successfully

2021-10-14 17:25:23 - [MESSAGE][INFO] - Checking called Test Case

2021-10-14 17:25:23 - [MESSAGE][INFO] - Starting to call Test Case 'Test Cases/Popup/PopupMesajiIceriyorMu'

2021-10-14 17:25:23 - [TEST_CASE][PASSED] - Test Cases/Popup/PopupMesajiIceriyorMu: Test Cases/Popup/PopupMesajiIceriyorMu

2021-10-14 17:25:23 - [TEST_STEP][PASSED] - waitForElementVisible(findTestObject("Popup/Popup"), 10): Object 'Object Repository/Popup/Popup' is visible

2021-10-14 17:25:23 - [MESSAGE][INFO] - Finding Test Object 'Object Repository/Popup/Popup'

2021-10-14 17:25:23 - [MESSAGE][INFO] - Checking object

2021-10-14 17:25:23 - [MESSAGE][INFO] - Checking timeout

2021-10-14 17:25:23 - [MESSAGE][INFO] - Finding web element from Test Object's properties

2021-10-14 17:25:23 - [MESSAGE][INFO] - Checking timeout

2021-10-14 17:25:23 - [MESSAGE][INFO] - Finding web element with id: 'Object Repository/Popup/Popup' located by 'By.cssSelector: .bootbox-body' in '10' second(s)

2021-10-14 17:25:23 - [MESSAGE][INFO] - Smart Wait Function is triggered

2021-10-14 17:25:24 - [MESSAGE][INFO] - Found 1 web elements with id: 'Object Repository/Popup/Popup' located by 'By.cssSelector: .bootbox-body' in '10' second(s)

2021-10-14 17:25:24 - [MESSAGE][PASSED] - Object 'Object Repository/Popup/Popup' is visible

2021-10-14 17:25:24 - [TEST_STEP][PASSED] - if (!(getText(findTestObject("Popup/Popup")).contains(Mesaj))): Text of object 'Object Repository/Popup/Popup' is: 'Statü Başarılı Olarak Güncellendi'

2021-10-14 17:25:24 - [MESSAGE][INFO] - Finding Test Object 'Object Repository/Popup/Popup'

2021-10-14 17:25:24 - [MESSAGE][INFO] - Checking object

2021-10-14 17:25:24 - [MESSAGE][INFO] - Finding web element from Test Object's properties

2021-10-14 17:25:24 - [MESSAGE][INFO] - Checking timeout

2021-10-14 17:25:24 - [MESSAGE][INFO] - Finding web element with id: 'Object Repository/Popup/Popup' located by 'By.cssSelector: .bootbox-body' in '30' second(s)

2021-10-14 17:25:24 - [MESSAGE][INFO] - Smart Wait Function is triggered

2021-10-14 17:25:25 - [MESSAGE][INFO] - Found 1 web elements with id: 'Object Repository/Popup/Popup' located by 'By.cssSelector: .bootbox-body' in '30' second(s)

2021-10-14 17:25:25 - [MESSAGE][INFO] - Getting text of object 'Object Repository/Popup/Popup'

2021-10-14 17:25:25 - [MESSAGE][PASSED] - Text of object 'Object Repository/Popup/Popup' is: 'Statü Başarılı Olarak Güncellendi'

2021-10-14 17:25:25 - [TEST_STEP][PASSED] - RaporNo = getText(findTestObject("Popup/Popup")).substring(0, 6): Text of object 'Object Repository/Popup/Popup' is: 'Statü Başarılı Olarak Güncellendi'

2021-10-14 17:25:25 - [MESSAGE][INFO] - Finding Test Object 'Object Repository/Popup/Popup'

2021-10-14 17:25:25 - [MESSAGE][INFO] - Checking object

2021-10-14 17:25:25 - [MESSAGE][INFO] - Finding web element from Test Object's properties

2021-10-14 17:25:25 - [MESSAGE][INFO] - Checking timeout

2021-10-14 17:25:25 - [MESSAGE][INFO] - Finding web element with id: 'Object Repository/Popup/Popup' located by 'By.cssSelector: .bootbox-body' in '30' second(s)

2021-10-14 17:25:25 - [MESSAGE][INFO] - Smart Wait Function is triggered

2021-10-14 17:25:25 - [MESSAGE][INFO] - Found 1 web elements with id: 'Object Repository/Popup/Popup' located by 'By.cssSelector: .bootbox-body' in '30' second(s)

2021-10-14 17:25:25 - [MESSAGE][INFO] - Getting text of object 'Object Repository/Popup/Popup'

2021-10-14 17:25:25 - [MESSAGE][PASSED] - Text of object 'Object Repository/Popup/Popup' is: 'Statü Başarılı Olarak Güncellendi'

2021-10-14 17:25:25 - [TEST_STEP][PASSED] - Console.println(RaporNo): null

2021-10-14 17:25:25 - [MESSAGE][PASSED] - Call Test Case 'Test Cases/Popup/PopupMesajiIceriyorMu' successfully

2021-10-14 17:25:25 - [MESSAGE][INFO] - Checking called Test Case

2021-10-14 17:25:25 - [MESSAGE][INFO] - Starting to call Test Case 'Test Cases/Popup/PopupButonSecilir'

2021-10-14 17:25:25 - [TEST_CASE][PASSED] - Test Cases/Popup/PopupButonSecilir: Test Cases/Popup/PopupButonSecilir

2021-10-14 17:25:25 - [TEST_STEP][PASSED] - Method.TextDegerineEsitElementeTikla(findTestObject("Popup/Popup_Butons"), Buton): Method.TextDegerineEsitElementeTikla is PASSED

2021-10-14 17:25:25 - [MESSAGE][INFO] - Finding Test Object 'Object Repository/Popup/Popup_Butons'

2021-10-14 17:25:25 - [MESSAGE][INFO] - Checking timeout

2021-10-14 17:25:25 - [MESSAGE][INFO] - Finding web element with id: 'Object Repository/Popup/Popup_Butons' located by 'By.cssSelector: .modal-footer>button' in '10' second(s)

2021-10-14 17:25:25 - [MESSAGE][INFO] - Smart Wait Function is triggered

2021-10-14 17:25:25 - [MESSAGE][INFO] - Found 1 web elements with id: 'Object Repository/Popup/Popup_Butons' located by 'By.cssSelector: .modal-footer>button' in '10' second(s)

2021-10-14 17:25:25 - [MESSAGE][PASSED] - Method.TextDegerineEsitElementeTikla is PASSED

2021-10-14 17:25:25 - [MESSAGE][PASSED] - Call Test Case 'Test Cases/Popup/PopupButonSecilir' successfully

2021-10-14 17:25:25 - [MESSAGE][INFO] - Checking called Test Case

2021-10-14 17:25:25 - [MESSAGE][INFO] - Starting to call Test Case 'Test Cases/Kullanici_Islemleri/KullaniciIslemlerindenSecimYapilir'

2021-10-14 17:25:26 - [TEST_CASE][PASSED] - Test Cases/Kullanici_Islemleri/KullaniciIslemlerindenSecimYapilir: Test Cases/Kullanici_Islemleri/KullaniciIslemlerindenSecimYapilir

2021-10-14 17:25:26 - [TEST_STEP][PASSED] - waitForElementClickable(findTestObject("Object Repository/Kullanici_Islemleri/KullaniciIslemleri"), 10): Object 'Object Repository/Kullanici_Islemleri/KullaniciIslemleri' is clickable

2021-10-14 17:25:26 - [MESSAGE][INFO] - Finding Test Object 'Object Repository/Kullanici_Islemleri/KullaniciIslemleri'

2021-10-14 17:25:26 - [MESSAGE][INFO] - Checking object

2021-10-14 17:25:26 - [MESSAGE][INFO] - Checking timeout

2021-10-14 17:25:26 - [MESSAGE][INFO] - Finding web element from Test Object's properties

2021-10-14 17:25:26 - [MESSAGE][INFO] - Checking timeout

2021-10-14 17:25:26 - [MESSAGE][INFO] - Finding web element with id: 'Object Repository/Kullanici_Islemleri/KullaniciIslemleri' located by 'By.cssSelector: .dropdown>a>img' in '10' second(s)

2021-10-14 17:25:26 - [MESSAGE][INFO] - Smart Wait Function is triggered

2021-10-14 17:25:26 - [MESSAGE][INFO] - Found 1 web elements with id: 'Object Repository/Kullanici_Islemleri/KullaniciIslemleri' located by 'By.cssSelector: .dropdown>a>img' in '10' second(s)

2021-10-14 17:25:26 - [MESSAGE][PASSED] - Object 'Object Repository/Kullanici_Islemleri/KullaniciIslemleri' is clickable

2021-10-14 17:25:26 - [TEST_STEP][PASSED] - click(findTestObject("Object Repository/Kullanici_Islemleri/KullaniciIslemleri")): Object: 'Object Repository/Kullanici_Islemleri/KullaniciIslemleri' is clicked on

2021-10-14 17:25:26 - [MESSAGE][INFO] - Finding Test Object 'Object Repository/Kullanici_Islemleri/KullaniciIslemleri'

2021-10-14 17:25:26 - [MESSAGE][INFO] - Checking object

2021-10-14 17:25:26 - [MESSAGE][INFO] - Finding web element from Test Object's properties

2021-10-14 17:25:26 - [MESSAGE][INFO] - Checking timeout

2021-10-14 17:25:26 - [MESSAGE][INFO] - Finding web element with id: 'Object Repository/Kullanici_Islemleri/KullaniciIslemleri' located by 'By.cssSelector: .dropdown>a>img' in '30' second(s)

2021-10-14 17:25:26 - [MESSAGE][INFO] - Smart Wait Function is triggered

2021-10-14 17:25:27 - [MESSAGE][INFO] - Found 1 web elements with id: 'Object Repository/Kullanici_Islemleri/KullaniciIslemleri' located by 'By.cssSelector: .dropdown>a>img' in '30' second(s)

2021-10-14 17:25:27 - [MESSAGE][INFO] - Clicking on object: 'Object Repository/Kullanici_Islemleri/KullaniciIslemleri'

2021-10-14 17:25:27 - [MESSAGE][PASSED] - Object: 'Object Repository/Kullanici_Islemleri/KullaniciIslemleri' is clicked on

2021-10-14 17:25:27 - [TEST_STEP][PASSED] - Method.TextDegerineEsitElementeTikla(findTestObject("Object Repository/Kullanici_Islemleri/Secenekler"), Islem): Method.TextDegerineEsitElementeTikla is PASSED

2021-10-14 17:25:27 - [MESSAGE][INFO] - Finding Test Object 'Object Repository/Kullanici_Islemleri/Secenekler'

2021-10-14 17:25:27 - [MESSAGE][INFO] - Checking timeout

2021-10-14 17:25:27 - [MESSAGE][INFO] - Finding web element with id: 'Object Repository/Kullanici_Islemleri/Secenekler' located by 'By.cssSelector: .nav.navbar-nav.navbar-right li a' in '10' second(s)

2021-10-14 17:25:27 - [MESSAGE][INFO] - Smart Wait Function is triggered

2021-10-14 17:25:27 - [MESSAGE][INFO] - Found 22 web elements with id: 'Object Repository/Kullanici_Islemleri/Secenekler' located by 'By.cssSelector: .nav.navbar-nav.navbar-right li a' in '10' second(s)

2021-10-14 17:25:29 - [MESSAGE][PASSED] - Method.TextDegerineEsitElementeTikla is PASSED

2021-10-14 17:25:29 - [TEST_STEP][PASSED] - verifyElementNotPresent(findTestObject("Object Repository/Kullanici_Islemleri/Secenekler"), 10): Web element with id: 'Object Repository/Kullanici_Islemleri/Secenekler' located by 'By.cssSelector: .nav.navbar-nav.navbar-right li a' is not present after '10' second(s)

2021-10-14 17:25:29 - [MESSAGE][INFO] - Finding Test Object 'Object Repository/Kullanici_Islemleri/Secenekler'

2021-10-14 17:25:29 - [MESSAGE][INFO] - Checking object

2021-10-14 17:25:29 - [MESSAGE][INFO] - Checking timeout

2021-10-14 17:25:29 - [MESSAGE][INFO] - Finding web element with id: 'Object Repository/Kullanici_Islemleri/Secenekler' located by 'By.cssSelector: .nav.navbar-nav.navbar-right li a' in '10' second(s)

2021-10-14 17:25:29 - [MESSAGE][INFO] - Smart Wait Function is triggered

2021-10-14 17:25:29 - [MESSAGE][PASSED] - Web element with id: 'Object Repository/Kullanici_Islemleri/Secenekler' located by 'By.cssSelector: .nav.navbar-nav.navbar-right li a' is not present after '10' second(s)

2021-10-14 17:25:29 - [MESSAGE][PASSED] - Call Test Case 'Test Cases/Kullanici_Islemleri/KullaniciIslemlerindenSecimYapilir' successfully

2021-10-14 17:25:29 - [TEST_CASE][PASSED] - Start Test Case : SCENARIO Faturaya Statu Ata: SCENARIO Faturaya Statu Ata

2021-10-14 17:25:29 - [TEST_STEP][PASSED] - Kullanıcı adı ELOGO6 ve Şifre 123456 olarak giriş yapılır: Kullanıcı adı ELOGO6 ve Şifre 123456 olarak giriş yapılır

2021-10-14 17:25:29 - [MESSAGE][PASSED] - Kullanıcı adı ELOGO6 ve Şifre 123456 olarak giriş yapılır

2021-10-14 17:25:29 - [TEST_STEP][PASSED] - Ana menüden e-Fatura seçilir: Ana menüden e-Fatura seçilir

2021-10-14 17:25:29 - [MESSAGE][PASSED] - Ana menüden e-Fatura seçilir

2021-10-14 17:25:29 - [TEST_STEP][PASSED] - Alt menü Giden Kutusu başlığı altındaki Faturalar seçilir: Alt menü Giden Kutusu başlığı altındaki Faturalar seçilir

2021-10-14 17:25:29 - [MESSAGE][PASSED] - Alt menü Giden Kutusu başlığı altındaki Faturalar seçilir

2021-10-14 17:25:29 - [TEST_STEP][PASSED] - Filtrelerden Oluşturma Tarihi filtresine 01.12.2020 baslangic degerini yaz: Filtrelerden Oluşturma Tarihi filtresine 01.12.2020 baslangic degerini yaz

2021-10-14 17:25:29 - [MESSAGE][PASSED] - Filtrelerden Oluşturma Tarihi filtresine 01.12.2020 baslangic degerini yaz

2021-10-14 17:25:29 - [TEST_STEP][PASSED] - Filtrelerden Oluşturma Tarihi filtresine 31.12.2020 bitis degerini yaz: Filtrelerden Oluşturma Tarihi filtresine 31.12.2020 bitis degerini yaz

2021-10-14 17:25:29 - [MESSAGE][PASSED] - Filtrelerden Oluşturma Tarihi filtresine 31.12.2020 bitis degerini yaz

2021-10-14 17:25:29 - [TEST_STEP][PASSED] - Filtre butonlarından Listele seçilir: Filtre butonlarından Listele seçilir

2021-10-14 17:25:29 - [MESSAGE][PASSED] - Filtre butonlarından Listele seçilir

2021-10-14 17:25:29 - [TEST_STEP][PASSED] - Tabloda veri var mı kontrol edilir: Tabloda veri var mı kontrol edilir

2021-10-14 17:25:29 - [MESSAGE][PASSED] - Tabloda veri var mı kontrol edilir

2021-10-14 17:25:29 - [TEST_STEP][PASSED] - Tablodan TEST isimli veri seçilir: Tablodan TEST isimli veri seçilir

2021-10-14 17:25:29 - [MESSAGE][PASSED] - Tablodan TEST isimli veri seçilir

2021-10-14 17:25:29 - [TEST_STEP][PASSED] - Butonlardan Statü Ata isimli butona tıklanır: Butonlardan Statü Ata isimli butona tıklanır

2021-10-14 17:25:29 - [MESSAGE][PASSED] - Butonlardan Statü Ata isimli butona tıklanır

2021-10-14 17:25:29 - [TEST_STEP][PASSED] - Alt butonlardan Öndeğer butonuna tıklanır: Alt butonlardan Öndeğer butonuna tıklanır

2021-10-14 17:25:29 - [MESSAGE][PASSED] - Alt butonlardan Öndeğer butonuna tıklanır

2021-10-14 17:25:29 - [TEST_STEP][PASSED] - Popup mesajı Statü Başarılı Olarak Güncellendi içeriyor mu: Popup mesajı Statü Başarılı Olarak Güncellendi içeriyor mu

2021-10-14 17:25:29 - [MESSAGE][PASSED] - Popup mesajı Statü Başarılı Olarak Güncellendi içeriyor mu

2021-10-14 17:25:29 - [TEST_STEP][PASSED] - Yönetim popupında Tamam seçilir: Yönetim popupında Tamam seçilir

2021-10-14 17:25:29 - [MESSAGE][PASSED] - Yönetim popupında Tamam seçilir

2021-10-14 17:25:29 - [TEST_STEP][PASSED] - Kullanıcı işlemlerinden Çıkış seçilir: Kullanıcı işlemlerinden Çıkış seçilir

2021-10-14 17:25:29 - [MESSAGE][PASSED] - Kullanıcı işlemlerinden Çıkış seçilir

2021-10-14 17:25:29 - [MESSAGE][PASSED] - Feature file: 'Include/features/e-Fatura/Giden Kutusu/Faturalar/Statu Ata.feature' was passed

2021-10-14 17:25:29 - [TEST_STEP][PASSED] - Start listener action : sampleAfterTestSuite: Invoke 'com.kms.katalon.core.annotation.AfterTestCase' method: 'Listener.sampleAfterTestSuite(...)' completed.

2021-10-14 17:25:29 - [MESSAGE][INFO] - Starting invoke 'com.kms.katalon.core.annotation.AfterTestCase' method: 'Listener.sampleAfterTestSuite(...)'

2021-10-14 17:25:29 - [TEST_STEP][PASSED] - closeBrowser(): Invoke 'com.kms.katalon.core.annotation.AfterTestCase' method: 'Listener.sampleAfterTestSuite(...)' completed.

2021-10-14 17:25:29 - [MESSAGE][INFO] - Closing browser

2021-10-14 17:25:30 - [MESSAGE][PASSED] - Browser is closed

2021-10-14 17:25:30 - [MESSAGE][INFO] - Invoke 'com.kms.katalon.core.annotation.AfterTestCase' method: 'Listener.sampleAfterTestSuite(...)' completed.]]></system-out>
         <system-err><![CDATA[]]></system-err>
      </testcase>
      <testcase name="Test Cases/Case Repository/e-Fatura/Giden Kutusu/Faturalar/Tum Hesaplar Kontrolu" time="25.991" classname="Test Cases/Case Repository/e-Fatura/Giden Kutusu/Faturalar/Tum Hesaplar Kontrolu" status="PASSED">
         <system-out><![CDATA[2021-10-14 17:25:30 - [TEST_CASE][PASSED] - Test Cases/Case Repository/e-Fatura/Giden Kutusu/Faturalar/Tum Hesaplar Kontrolu: Test Cases/Case Repository/e-Fatura/Giden Kutusu/Faturalar/Tum Hesaplar Kontrolu

2021-10-14 17:25:30 - [TEST_STEP][PASSED] - Start listener action : sampleBeforeTestSuite: Invoke 'com.kms.katalon.core.annotation.BeforeTestCase' method: 'Listener.sampleBeforeTestSuite(...)' completed.

2021-10-14 17:25:30 - [MESSAGE][INFO] - Starting invoke 'com.kms.katalon.core.annotation.BeforeTestCase' method: 'Listener.sampleBeforeTestSuite(...)'

2021-10-14 17:25:30 - [TEST_STEP][PASSED] - openBrowser(baseUrl): Browser is opened with url: 'https://efatura-stage.elogo.com.tr/'

2021-10-14 17:25:30 - [MESSAGE][INFO] - Opening browser

2021-10-14 17:25:30 - [MESSAGE][INFO] - Starting 'Chrome' driver

2021-10-14 17:25:30 - [MESSAGE][INFO] - User set preference: ['prefs', '{download.default_directory=C:\otomasyondownfiles}']

2021-10-14 17:25:30 - [MESSAGE][INFO] - Action delay is set to 0 milliseconds

2021-10-14 17:25:31 - [MESSAGE][INFO] - Navigating browser to: 'https://efatura-stage.elogo.com.tr/'

2021-10-14 17:25:33 - [MESSAGE][PASSED] - Browser is opened with url: 'https://efatura-stage.elogo.com.tr/'

2021-10-14 17:25:33 - [TEST_STEP][PASSED] - maximizeWindow(): Invoke 'com.kms.katalon.core.annotation.BeforeTestCase' method: 'Listener.sampleBeforeTestSuite(...)' completed.

2021-10-14 17:25:33 - [MESSAGE][INFO] - Maximizing current window

2021-10-14 17:25:34 - [MESSAGE][PASSED] - Current window maximized

2021-10-14 17:25:34 - [MESSAGE][INFO] - Invoke 'com.kms.katalon.core.annotation.BeforeTestCase' method: 'Listener.sampleBeforeTestSuite(...)' completed.

2021-10-14 17:25:34 - [TEST_STEP][PASSED] - runFeatureFile("Include/features/e-Fatura/Giden Kutusu/Faturalar/Tum Hesaplar Kontrolu.feature"): Feature file: 'Include/features/e-Fatura/Giden Kutusu/Faturalar/Tum Hesaplar Kontrolu.feature' was passed

2021-10-14 17:25:34 - [MESSAGE][INFO] - Starting run keyword runFeatureFile: 'Include/features/e-Fatura/Giden Kutusu/Faturalar/Tum Hesaplar Kontrolu.feature' and extract report to folder: 'C:\Users\DELL\Downloads\EES_Katalon-main\Reports\20211014_170112\Suite Repository\e-Fatura\20211014_170113/cucumber_report/1634221534735'...

2021-10-14 17:25:34 - [MESSAGE][INFO] - Glue: []

2021-10-14 17:25:35 - [MESSAGE][INFO] - Checking called Test Case

2021-10-14 17:25:35 - [MESSAGE][INFO] - Starting to call Test Case 'Test Cases/Sayfalar/Giris_Sayfasi/Login'

2021-10-14 17:25:35 - [TEST_CASE][PASSED] - Test Cases/Sayfalar/Giris_Sayfasi/Login: Test Cases/Sayfalar/Giris_Sayfasi/Login

2021-10-14 17:25:35 - [TEST_STEP][PASSED] - Sayfa_Basligi = getWindowTitle(): Current window's title is: 'LOGO e-Fatura'

2021-10-14 17:25:35 - [MESSAGE][INFO] - Getting current window's title

2021-10-14 17:25:35 - [MESSAGE][PASSED] - Current window's title is: 'LOGO e-Fatura'

2021-10-14 17:25:35 - [TEST_STEP][PASSED] - verifyMatch(Sayfa_Basligi, "LOGO e-Fatura", false): Actual text 'LOGO e-Fatura' and expected text 'LOGO e-Fatura' are matched 

2021-10-14 17:25:35 - [MESSAGE][INFO] - Matching actual text 'LOGO e-Fatura' with expected text 'LOGO e-Fatura'

2021-10-14 17:25:35 - [MESSAGE][PASSED] - Actual text 'LOGO e-Fatura' and expected text 'LOGO e-Fatura' are matched 

2021-10-14 17:25:35 - [TEST_STEP][PASSED] - sendKeys(findTestObject("Sayfalar/Giris_Sayfasi/Firma_Kodu"), KullaniciAdi): Keys 'ELOGO6' sent to object: 'Object Repository/Sayfalar/Giris_Sayfasi/Firma_Kodu'

2021-10-14 17:25:35 - [MESSAGE][INFO] - Finding Test Object 'Object Repository/Sayfalar/Giris_Sayfasi/Firma_Kodu'

2021-10-14 17:25:35 - [MESSAGE][INFO] - Sending keys 'ELOGO6' to object: 'Object Repository/Sayfalar/Giris_Sayfasi/Firma_Kodu'

2021-10-14 17:25:35 - [MESSAGE][INFO] - Finding web element from Test Object's properties

2021-10-14 17:25:35 - [MESSAGE][INFO] - Checking timeout

2021-10-14 17:25:35 - [MESSAGE][INFO] - Finding web element with id: 'Object Repository/Sayfalar/Giris_Sayfasi/Firma_Kodu' located by 'By.xpath: //*[@id = 'AccountName']' in '30' second(s)

2021-10-14 17:25:35 - [MESSAGE][INFO] - Smart Wait Function is triggered

2021-10-14 17:25:36 - [MESSAGE][INFO] - Found 1 web elements with id: 'Object Repository/Sayfalar/Giris_Sayfasi/Firma_Kodu' located by 'By.xpath: //*[@id = 'AccountName']' in '30' second(s)

2021-10-14 17:25:36 - [MESSAGE][PASSED] - Keys 'ELOGO6' sent to object: 'Object Repository/Sayfalar/Giris_Sayfasi/Firma_Kodu'

2021-10-14 17:25:36 - [TEST_STEP][PASSED] - sendKeys(findTestObject("Sayfalar/Giris_Sayfasi/Sifre"), Sifre): Keys '123456' sent to object: 'Object Repository/Sayfalar/Giris_Sayfasi/Sifre'

2021-10-14 17:25:36 - [MESSAGE][INFO] - Finding Test Object 'Object Repository/Sayfalar/Giris_Sayfasi/Sifre'

2021-10-14 17:25:36 - [MESSAGE][INFO] - Sending keys '123456' to object: 'Object Repository/Sayfalar/Giris_Sayfasi/Sifre'

2021-10-14 17:25:36 - [MESSAGE][INFO] - Finding web element from Test Object's properties

2021-10-14 17:25:36 - [MESSAGE][INFO] - Checking timeout

2021-10-14 17:25:36 - [MESSAGE][INFO] - Finding web element with id: 'Object Repository/Sayfalar/Giris_Sayfasi/Sifre' located by 'By.xpath: //*[@id = 'Password']' in '30' second(s)

2021-10-14 17:25:36 - [MESSAGE][INFO] - Smart Wait Function is triggered

2021-10-14 17:25:36 - [MESSAGE][INFO] - Found 1 web elements with id: 'Object Repository/Sayfalar/Giris_Sayfasi/Sifre' located by 'By.xpath: //*[@id = 'Password']' in '30' second(s)

2021-10-14 17:25:36 - [MESSAGE][PASSED] - Keys '123456' sent to object: 'Object Repository/Sayfalar/Giris_Sayfasi/Sifre'

2021-10-14 17:25:36 - [TEST_STEP][PASSED] - findWebElement(findTestObject("Sayfalar/Giris_Sayfasi/Giris_Butonu")).click(): Found 1 web elements with id: 'Object Repository/Sayfalar/Giris_Sayfasi/Giris_Butonu' located by 'By.cssSelector: #btnLogin' in '30' second(s)

2021-10-14 17:25:36 - [MESSAGE][INFO] - Finding Test Object 'Object Repository/Sayfalar/Giris_Sayfasi/Giris_Butonu'

2021-10-14 17:25:37 - [MESSAGE][INFO] - Finding web element from Test Object's properties

2021-10-14 17:25:37 - [MESSAGE][INFO] - Checking timeout

2021-10-14 17:25:37 - [MESSAGE][INFO] - Finding web element with id: 'Object Repository/Sayfalar/Giris_Sayfasi/Giris_Butonu' located by 'By.cssSelector: #btnLogin' in '30' second(s)

2021-10-14 17:25:37 - [MESSAGE][INFO] - Smart Wait Function is triggered

2021-10-14 17:25:37 - [MESSAGE][INFO] - Found 1 web elements with id: 'Object Repository/Sayfalar/Giris_Sayfasi/Giris_Butonu' located by 'By.cssSelector: #btnLogin' in '30' second(s)

2021-10-14 17:25:39 - [TEST_STEP][PASSED] - if (verifyElementPresent(findTestObject("Object Repository/Sayfalar/Giris_Sayfasi/RetveTamam_Butonu"), 5, OPTIONAL)): null

2021-10-14 17:25:39 - [MESSAGE][INFO] - Finding Test Object 'Object Repository/Sayfalar/Giris_Sayfasi/RetveTamam_Butonu'

2021-10-14 17:25:39 - [MESSAGE][INFO] - Checking object

2021-10-14 17:25:39 - [MESSAGE][INFO] - Finding web element from Test Object's properties

2021-10-14 17:25:39 - [MESSAGE][INFO] - Checking timeout

2021-10-14 17:25:39 - [MESSAGE][INFO] - Finding web element with id: 'Object Repository/Sayfalar/Giris_Sayfasi/RetveTamam_Butonu' located by 'By.xpath: //*[@class = 'btn btn-default']' in '5' second(s)

2021-10-14 17:25:39 - [MESSAGE][INFO] - Smart Wait Function is triggered

2021-10-14 17:25:40 - [MESSAGE][INFO] - Found 1 web elements with id: 'Object Repository/Sayfalar/Giris_Sayfasi/RetveTamam_Butonu' located by 'By.xpath: //*[@class = 'btn btn-default']' in '5' second(s)

2021-10-14 17:25:40 - [MESSAGE][PASSED] - Object 'Object Repository/Sayfalar/Giris_Sayfasi/RetveTamam_Butonu' is present

2021-10-14 17:25:40 - [TEST_STEP][PASSED] - click(findTestObject("Object Repository/Sayfalar/Giris_Sayfasi/RetveTamam_Butonu")): Object: 'Object Repository/Sayfalar/Giris_Sayfasi/RetveTamam_Butonu' is clicked on

2021-10-14 17:25:40 - [MESSAGE][INFO] - Finding Test Object 'Object Repository/Sayfalar/Giris_Sayfasi/RetveTamam_Butonu'

2021-10-14 17:25:40 - [MESSAGE][INFO] - Checking object

2021-10-14 17:25:40 - [MESSAGE][INFO] - Finding web element from Test Object's properties

2021-10-14 17:25:40 - [MESSAGE][INFO] - Checking timeout

2021-10-14 17:25:40 - [MESSAGE][INFO] - Finding web element with id: 'Object Repository/Sayfalar/Giris_Sayfasi/RetveTamam_Butonu' located by 'By.xpath: //*[@class = 'btn btn-default']' in '30' second(s)

2021-10-14 17:25:40 - [MESSAGE][INFO] - Smart Wait Function is triggered

2021-10-14 17:25:40 - [MESSAGE][INFO] - Found 1 web elements with id: 'Object Repository/Sayfalar/Giris_Sayfasi/RetveTamam_Butonu' located by 'By.xpath: //*[@class = 'btn btn-default']' in '30' second(s)

2021-10-14 17:25:40 - [MESSAGE][INFO] - Clicking on object: 'Object Repository/Sayfalar/Giris_Sayfasi/RetveTamam_Butonu'

2021-10-14 17:25:40 - [MESSAGE][PASSED] - Object: 'Object Repository/Sayfalar/Giris_Sayfasi/RetveTamam_Butonu' is clicked on

2021-10-14 17:25:40 - [TEST_STEP][PASSED] - click(findTestObject("Object Repository/Sayfalar/Giris_Sayfasi/RetveTamam_Butonu")): Object: 'Object Repository/Sayfalar/Giris_Sayfasi/RetveTamam_Butonu' is clicked on

2021-10-14 17:25:40 - [MESSAGE][INFO] - Finding Test Object 'Object Repository/Sayfalar/Giris_Sayfasi/RetveTamam_Butonu'

2021-10-14 17:25:40 - [MESSAGE][INFO] - Checking object

2021-10-14 17:25:40 - [MESSAGE][INFO] - Finding web element from Test Object's properties

2021-10-14 17:25:40 - [MESSAGE][INFO] - Checking timeout

2021-10-14 17:25:40 - [MESSAGE][INFO] - Finding web element with id: 'Object Repository/Sayfalar/Giris_Sayfasi/RetveTamam_Butonu' located by 'By.xpath: //*[@class = 'btn btn-default']' in '30' second(s)

2021-10-14 17:25:40 - [MESSAGE][INFO] - Smart Wait Function is triggered

2021-10-14 17:25:43 - [MESSAGE][INFO] - Found 1 web elements with id: 'Object Repository/Sayfalar/Giris_Sayfasi/RetveTamam_Butonu' located by 'By.xpath: //*[@class = 'btn btn-default']' in '30' second(s)

2021-10-14 17:25:43 - [MESSAGE][INFO] - Clicking on object: 'Object Repository/Sayfalar/Giris_Sayfasi/RetveTamam_Butonu'

2021-10-14 17:25:43 - [MESSAGE][PASSED] - Object: 'Object Repository/Sayfalar/Giris_Sayfasi/RetveTamam_Butonu' is clicked on

2021-10-14 17:25:43 - [TEST_STEP][PASSED] - if (verifyElementPresent(findTestObject("Sayfalar/Giris_Sayfasi/PopupOK"), 5, OPTIONAL)): null

2021-10-14 17:25:43 - [MESSAGE][INFO] - Finding Test Object 'Object Repository/Sayfalar/Giris_Sayfasi/PopupOK'

2021-10-14 17:25:44 - [MESSAGE][INFO] - Checking object

2021-10-14 17:25:44 - [MESSAGE][INFO] - Finding web element from Test Object's properties

2021-10-14 17:25:44 - [MESSAGE][INFO] - Checking timeout

2021-10-14 17:25:44 - [MESSAGE][INFO] - Finding web element with id: 'Object Repository/Sayfalar/Giris_Sayfasi/PopupOK' located by 'By.cssSelector: .btn.btn-success' in '5' second(s)

2021-10-14 17:25:44 - [MESSAGE][INFO] - Smart Wait Function is triggered

2021-10-14 17:25:44 - [MESSAGE][INFO] - Found 1 web elements with id: 'Object Repository/Sayfalar/Giris_Sayfasi/PopupOK' located by 'By.cssSelector: .btn.btn-success' in '5' second(s)

2021-10-14 17:25:44 - [MESSAGE][PASSED] - Object 'Object Repository/Sayfalar/Giris_Sayfasi/PopupOK' is present

2021-10-14 17:25:44 - [TEST_STEP][PASSED] - click(findTestObject("Object Repository/Sayfalar/Giris_Sayfasi/PopupCarpiGiris")): Object: 'Object Repository/Sayfalar/Giris_Sayfasi/PopupCarpiGiris' is clicked on

2021-10-14 17:25:44 - [MESSAGE][INFO] - Finding Test Object 'Object Repository/Sayfalar/Giris_Sayfasi/PopupCarpiGiris'

2021-10-14 17:25:44 - [MESSAGE][INFO] - Checking object

2021-10-14 17:25:44 - [MESSAGE][INFO] - Finding web element from Test Object's properties

2021-10-14 17:25:44 - [MESSAGE][INFO] - Checking timeout

2021-10-14 17:25:44 - [MESSAGE][INFO] - Finding web element with id: 'Object Repository/Sayfalar/Giris_Sayfasi/PopupCarpiGiris' located by 'By.cssSelector: .bootbox-close-button.close' in '30' second(s)

2021-10-14 17:25:44 - [MESSAGE][INFO] - Smart Wait Function is triggered

2021-10-14 17:25:45 - [MESSAGE][INFO] - Found 1 web elements with id: 'Object Repository/Sayfalar/Giris_Sayfasi/PopupCarpiGiris' located by 'By.cssSelector: .bootbox-close-button.close' in '30' second(s)

2021-10-14 17:25:45 - [MESSAGE][INFO] - Clicking on object: 'Object Repository/Sayfalar/Giris_Sayfasi/PopupCarpiGiris'

2021-10-14 17:25:45 - [MESSAGE][PASSED] - Object: 'Object Repository/Sayfalar/Giris_Sayfasi/PopupCarpiGiris' is clicked on

2021-10-14 17:25:45 - [TEST_STEP][PASSED] - verifyElementVisible(findTestObject("Object Repository/Kullanici_Islemleri/KullaniciIslemleri")): Object 'Object Repository/Kullanici_Islemleri/KullaniciIslemleri' is visible

2021-10-14 17:25:45 - [MESSAGE][INFO] - Finding Test Object 'Object Repository/Kullanici_Islemleri/KullaniciIslemleri'

2021-10-14 17:25:45 - [MESSAGE][INFO] - Checking object

2021-10-14 17:25:45 - [MESSAGE][INFO] - Finding web element from Test Object's properties

2021-10-14 17:25:45 - [MESSAGE][INFO] - Checking timeout

2021-10-14 17:25:45 - [MESSAGE][INFO] - Finding web element with id: 'Object Repository/Kullanici_Islemleri/KullaniciIslemleri' located by 'By.cssSelector: .dropdown>a>img' in '30' second(s)

2021-10-14 17:25:45 - [MESSAGE][INFO] - Smart Wait Function is triggered

2021-10-14 17:25:46 - [MESSAGE][INFO] - Found 1 web elements with id: 'Object Repository/Kullanici_Islemleri/KullaniciIslemleri' located by 'By.cssSelector: .dropdown>a>img' in '30' second(s)

2021-10-14 17:25:46 - [MESSAGE][PASSED] - Object 'Object Repository/Kullanici_Islemleri/KullaniciIslemleri' is visible

2021-10-14 17:25:46 - [MESSAGE][PASSED] - Call Test Case 'Test Cases/Sayfalar/Giris_Sayfasi/Login' successfully

2021-10-14 17:25:46 - [MESSAGE][INFO] - Checking called Test Case

2021-10-14 17:25:46 - [MESSAGE][INFO] - Starting to call Test Case 'Test Cases/Menu/AnaMenuSecimi'

2021-10-14 17:25:46 - [TEST_CASE][PASSED] - Test Cases/Menu/AnaMenuSecimi: Test Cases/Menu/AnaMenuSecimi

2021-10-14 17:25:46 - [TEST_STEP][PASSED] - Method.TextDegerineEsitElementeTikla(findTestObject("Menu/Ana_Menu"), Ana_Menu): Method.TextDegerineEsitElementeTikla is PASSED

2021-10-14 17:25:46 - [MESSAGE][INFO] - Finding Test Object 'Object Repository/Menu/Ana_Menu'

2021-10-14 17:25:46 - [MESSAGE][INFO] - Checking timeout

2021-10-14 17:25:46 - [MESSAGE][INFO] - Finding web element with id: 'Object Repository/Menu/Ana_Menu' located by 'By.xpath: //*[@class = 'dropdown-toggle']' in '10' second(s)

2021-10-14 17:25:46 - [MESSAGE][INFO] - Smart Wait Function is triggered

2021-10-14 17:25:46 - [MESSAGE][INFO] - Found 14 web elements with id: 'Object Repository/Menu/Ana_Menu' located by 'By.xpath: //*[@class = 'dropdown-toggle']' in '10' second(s)

2021-10-14 17:25:46 - [MESSAGE][PASSED] - Method.TextDegerineEsitElementeTikla is PASSED

2021-10-14 17:25:46 - [MESSAGE][PASSED] - Call Test Case 'Test Cases/Menu/AnaMenuSecimi' successfully

2021-10-14 17:25:46 - [MESSAGE][INFO] - Checking called Test Case

2021-10-14 17:25:46 - [MESSAGE][INFO] - Starting to call Test Case 'Test Cases/Menu/BasligaGoreAltMenuSecimi'

2021-10-14 17:25:46 - [TEST_CASE][PASSED] - Test Cases/Menu/BasligaGoreAltMenuSecimi: Test Cases/Menu/BasligaGoreAltMenuSecimi

2021-10-14 17:25:46 - [TEST_STEP][PASSED] - Method.TextDegerineEsitElementinAltindakiTextDegerineEsitOlanaTikla(findTestObject("Menu/Menu_Basligi"), findTestObject("Menu/Basliga_Gore_Alt_Menu"), Baslik, Alt_Menu): Method.TextDegerineEsitElementinAltindakiTextDegerineEsitOlanaTikla is PASSED

2021-10-14 17:25:46 - [MESSAGE][INFO] - Finding Test Object 'Object Repository/Menu/Menu_Basligi'

2021-10-14 17:25:47 - [MESSAGE][INFO] - Finding Test Object 'Object Repository/Menu/Basliga_Gore_Alt_Menu'

2021-10-14 17:25:47 - [MESSAGE][INFO] - Checking timeout

2021-10-14 17:25:47 - [MESSAGE][INFO] - Finding web element with id: 'Object Repository/Menu/Menu_Basligi' located by 'By.xpath: //li[@class='dropdown dropdown-large open']//li[@class='dropdown-header']' in '10' second(s)

2021-10-14 17:25:47 - [MESSAGE][INFO] - Smart Wait Function is triggered

2021-10-14 17:25:47 - [MESSAGE][INFO] - Found 3 web elements with id: 'Object Repository/Menu/Menu_Basligi' located by 'By.xpath: //li[@class='dropdown dropdown-large open']//li[@class='dropdown-header']' in '10' second(s)

2021-10-14 17:25:47 - [MESSAGE][INFO] - Smart Wait Function is triggered

2021-10-14 17:25:50 - [MESSAGE][PASSED] - Method.TextDegerineEsitElementinAltindakiTextDegerineEsitOlanaTikla is PASSED

2021-10-14 17:25:50 - [MESSAGE][PASSED] - Call Test Case 'Test Cases/Menu/BasligaGoreAltMenuSecimi' successfully

2021-10-14 17:25:50 - [MESSAGE][INFO] - Checking called Test Case

2021-10-14 17:25:50 - [MESSAGE][INFO] - Starting to call Test Case 'Test Cases/Filtreler/TumHesaplar'

2021-10-14 17:25:50 - [TEST_CASE][PASSED] - Test Cases/Filtreler/TumHesaplar: Test Cases/Filtreler/TumHesaplar

2021-10-14 17:25:50 - [TEST_STEP][PASSED] - waitForElementClickable(findTestObject("Filtreler/TumHesaplar"), 10): Object 'Object Repository/Filtreler/TumHesaplar' is clickable

2021-10-14 17:25:50 - [MESSAGE][INFO] - Finding Test Object 'Object Repository/Filtreler/TumHesaplar'

2021-10-14 17:25:50 - [MESSAGE][INFO] - Checking object

2021-10-14 17:25:50 - [MESSAGE][INFO] - Checking timeout

2021-10-14 17:25:50 - [MESSAGE][INFO] - Finding web element from Test Object's properties

2021-10-14 17:25:50 - [MESSAGE][INFO] - Checking timeout

2021-10-14 17:25:50 - [MESSAGE][INFO] - Finding web element with id: 'Object Repository/Filtreler/TumHesaplar' located by 'By.xpath: //*[@id = 'checkboxGetGroupAccount_S_D']' in '10' second(s)

2021-10-14 17:25:50 - [MESSAGE][INFO] - Smart Wait Function is triggered

2021-10-14 17:25:50 - [MESSAGE][INFO] - Found 1 web elements with id: 'Object Repository/Filtreler/TumHesaplar' located by 'By.xpath: //*[@id = 'checkboxGetGroupAccount_S_D']' in '10' second(s)

2021-10-14 17:25:50 - [MESSAGE][PASSED] - Object 'Object Repository/Filtreler/TumHesaplar' is clickable

2021-10-14 17:25:50 - [TEST_STEP][PASSED] - click(findTestObject("Filtreler/TumHesaplar")): Object: 'Object Repository/Filtreler/TumHesaplar' is clicked on

2021-10-14 17:25:50 - [MESSAGE][INFO] - Finding Test Object 'Object Repository/Filtreler/TumHesaplar'

2021-10-14 17:25:50 - [MESSAGE][INFO] - Checking object

2021-10-14 17:25:50 - [MESSAGE][INFO] - Finding web element from Test Object's properties

2021-10-14 17:25:50 - [MESSAGE][INFO] - Checking timeout

2021-10-14 17:25:50 - [MESSAGE][INFO] - Finding web element with id: 'Object Repository/Filtreler/TumHesaplar' located by 'By.xpath: //*[@id = 'checkboxGetGroupAccount_S_D']' in '30' second(s)

2021-10-14 17:25:50 - [MESSAGE][INFO] - Smart Wait Function is triggered

2021-10-14 17:25:51 - [MESSAGE][INFO] - Found 1 web elements with id: 'Object Repository/Filtreler/TumHesaplar' located by 'By.xpath: //*[@id = 'checkboxGetGroupAccount_S_D']' in '30' second(s)

2021-10-14 17:25:51 - [MESSAGE][INFO] - Clicking on object: 'Object Repository/Filtreler/TumHesaplar'

2021-10-14 17:25:51 - [MESSAGE][PASSED] - Object: 'Object Repository/Filtreler/TumHesaplar' is clicked on

2021-10-14 17:25:51 - [MESSAGE][PASSED] - Call Test Case 'Test Cases/Filtreler/TumHesaplar' successfully

2021-10-14 17:25:51 - [MESSAGE][INFO] - Checking called Test Case

2021-10-14 17:25:51 - [MESSAGE][INFO] - Starting to call Test Case 'Test Cases/Filtreler/ButonaTikla'

2021-10-14 17:25:51 - [TEST_CASE][PASSED] - Test Cases/Filtreler/ButonaTikla: Test Cases/Filtreler/ButonaTikla

2021-10-14 17:25:51 - [TEST_STEP][PASSED] - Method.TextDegerineEsitElementeTikla(findTestObject("Filtreler/Butonlar"), Filtre_Buton): Method.TextDegerineEsitElementeTikla is PASSED

2021-10-14 17:25:51 - [MESSAGE][INFO] - Finding Test Object 'Object Repository/Filtreler/Butonlar'

2021-10-14 17:25:51 - [MESSAGE][INFO] - Checking timeout

2021-10-14 17:25:51 - [MESSAGE][INFO] - Finding web element with id: 'Object Repository/Filtreler/Butonlar' located by 'By.cssSelector: .dxb>span' in '10' second(s)

2021-10-14 17:25:51 - [MESSAGE][INFO] - Smart Wait Function is triggered

2021-10-14 17:25:51 - [MESSAGE][INFO] - Found 3 web elements with id: 'Object Repository/Filtreler/Butonlar' located by 'By.cssSelector: .dxb>span' in '10' second(s)

2021-10-14 17:25:51 - [MESSAGE][PASSED] - Method.TextDegerineEsitElementeTikla is PASSED

2021-10-14 17:25:51 - [MESSAGE][PASSED] - Call Test Case 'Test Cases/Filtreler/ButonaTikla' successfully

2021-10-14 17:25:51 - [MESSAGE][INFO] - Checking called Test Case

2021-10-14 17:25:51 - [MESSAGE][INFO] - Starting to call Test Case 'Test Cases/Kullanici_Islemleri/KullaniciIslemlerindenSecimYapilir'

2021-10-14 17:25:51 - [TEST_CASE][PASSED] - Test Cases/Kullanici_Islemleri/KullaniciIslemlerindenSecimYapilir: Test Cases/Kullanici_Islemleri/KullaniciIslemlerindenSecimYapilir

2021-10-14 17:25:51 - [TEST_STEP][PASSED] - waitForElementClickable(findTestObject("Object Repository/Kullanici_Islemleri/KullaniciIslemleri"), 10): Object 'Object Repository/Kullanici_Islemleri/KullaniciIslemleri' is clickable

2021-10-14 17:25:51 - [MESSAGE][INFO] - Finding Test Object 'Object Repository/Kullanici_Islemleri/KullaniciIslemleri'

2021-10-14 17:25:52 - [MESSAGE][INFO] - Checking object

2021-10-14 17:25:52 - [MESSAGE][INFO] - Checking timeout

2021-10-14 17:25:52 - [MESSAGE][INFO] - Finding web element from Test Object's properties

2021-10-14 17:25:52 - [MESSAGE][INFO] - Checking timeout

2021-10-14 17:25:52 - [MESSAGE][INFO] - Finding web element with id: 'Object Repository/Kullanici_Islemleri/KullaniciIslemleri' located by 'By.cssSelector: .dropdown>a>img' in '10' second(s)

2021-10-14 17:25:52 - [MESSAGE][INFO] - Smart Wait Function is triggered

2021-10-14 17:25:52 - [MESSAGE][INFO] - Found 1 web elements with id: 'Object Repository/Kullanici_Islemleri/KullaniciIslemleri' located by 'By.cssSelector: .dropdown>a>img' in '10' second(s)

2021-10-14 17:25:52 - [MESSAGE][PASSED] - Object 'Object Repository/Kullanici_Islemleri/KullaniciIslemleri' is clickable

2021-10-14 17:25:52 - [TEST_STEP][PASSED] - click(findTestObject("Object Repository/Kullanici_Islemleri/KullaniciIslemleri")): Object: 'Object Repository/Kullanici_Islemleri/KullaniciIslemleri' is clicked on

2021-10-14 17:25:52 - [MESSAGE][INFO] - Finding Test Object 'Object Repository/Kullanici_Islemleri/KullaniciIslemleri'

2021-10-14 17:25:52 - [MESSAGE][INFO] - Checking object

2021-10-14 17:25:52 - [MESSAGE][INFO] - Finding web element from Test Object's properties

2021-10-14 17:25:52 - [MESSAGE][INFO] - Checking timeout

2021-10-14 17:25:52 - [MESSAGE][INFO] - Finding web element with id: 'Object Repository/Kullanici_Islemleri/KullaniciIslemleri' located by 'By.cssSelector: .dropdown>a>img' in '30' second(s)

2021-10-14 17:25:52 - [MESSAGE][INFO] - Smart Wait Function is triggered

2021-10-14 17:25:53 - [MESSAGE][INFO] - Found 1 web elements with id: 'Object Repository/Kullanici_Islemleri/KullaniciIslemleri' located by 'By.cssSelector: .dropdown>a>img' in '30' second(s)

2021-10-14 17:25:53 - [MESSAGE][INFO] - Clicking on object: 'Object Repository/Kullanici_Islemleri/KullaniciIslemleri'

2021-10-14 17:25:53 - [MESSAGE][PASSED] - Object: 'Object Repository/Kullanici_Islemleri/KullaniciIslemleri' is clicked on

2021-10-14 17:25:53 - [TEST_STEP][PASSED] - Method.TextDegerineEsitElementeTikla(findTestObject("Object Repository/Kullanici_Islemleri/Secenekler"), Islem): Method.TextDegerineEsitElementeTikla is PASSED

2021-10-14 17:25:53 - [MESSAGE][INFO] - Finding Test Object 'Object Repository/Kullanici_Islemleri/Secenekler'

2021-10-14 17:25:53 - [MESSAGE][INFO] - Checking timeout

2021-10-14 17:25:53 - [MESSAGE][INFO] - Finding web element with id: 'Object Repository/Kullanici_Islemleri/Secenekler' located by 'By.cssSelector: .nav.navbar-nav.navbar-right li a' in '10' second(s)

2021-10-14 17:25:53 - [MESSAGE][INFO] - Smart Wait Function is triggered

2021-10-14 17:25:53 - [MESSAGE][INFO] - Found 22 web elements with id: 'Object Repository/Kullanici_Islemleri/Secenekler' located by 'By.cssSelector: .nav.navbar-nav.navbar-right li a' in '10' second(s)

2021-10-14 17:25:55 - [MESSAGE][PASSED] - Method.TextDegerineEsitElementeTikla is PASSED

2021-10-14 17:25:55 - [TEST_STEP][PASSED] - verifyElementNotPresent(findTestObject("Object Repository/Kullanici_Islemleri/Secenekler"), 10): Web element with id: 'Object Repository/Kullanici_Islemleri/Secenekler' located by 'By.cssSelector: .nav.navbar-nav.navbar-right li a' is not present after '10' second(s)

2021-10-14 17:25:55 - [MESSAGE][INFO] - Finding Test Object 'Object Repository/Kullanici_Islemleri/Secenekler'

2021-10-14 17:25:55 - [MESSAGE][INFO] - Checking object

2021-10-14 17:25:55 - [MESSAGE][INFO] - Checking timeout

2021-10-14 17:25:55 - [MESSAGE][INFO] - Finding web element with id: 'Object Repository/Kullanici_Islemleri/Secenekler' located by 'By.cssSelector: .nav.navbar-nav.navbar-right li a' in '10' second(s)

2021-10-14 17:25:55 - [MESSAGE][INFO] - Smart Wait Function is triggered

2021-10-14 17:25:55 - [MESSAGE][PASSED] - Web element with id: 'Object Repository/Kullanici_Islemleri/Secenekler' located by 'By.cssSelector: .nav.navbar-nav.navbar-right li a' is not present after '10' second(s)

2021-10-14 17:25:55 - [MESSAGE][PASSED] - Call Test Case 'Test Cases/Kullanici_Islemleri/KullaniciIslemlerindenSecimYapilir' successfully

2021-10-14 17:25:55 - [TEST_CASE][PASSED] - Start Test Case : SCENARIO e-Fatura Giden Kutusu Faturalar Tum Hesaplar Kontrolu: SCENARIO e-Fatura Giden Kutusu Faturalar Tum Hesaplar Kontrolu

2021-10-14 17:25:55 - [TEST_STEP][PASSED] - Kullanıcı adı ELOGO6 ve Şifre 123456 olarak giriş yapılır: Kullanıcı adı ELOGO6 ve Şifre 123456 olarak giriş yapılır

2021-10-14 17:25:55 - [MESSAGE][PASSED] - Kullanıcı adı ELOGO6 ve Şifre 123456 olarak giriş yapılır

2021-10-14 17:25:55 - [TEST_STEP][PASSED] - Ana menüden e-Fatura seçilir: Ana menüden e-Fatura seçilir

2021-10-14 17:25:55 - [MESSAGE][PASSED] - Ana menüden e-Fatura seçilir

2021-10-14 17:25:55 - [TEST_STEP][PASSED] - Alt menü Giden Kutusu başlığı altındaki Faturalar seçilir: Alt menü Giden Kutusu başlığı altındaki Faturalar seçilir

2021-10-14 17:25:55 - [MESSAGE][PASSED] - Alt menü Giden Kutusu başlığı altındaki Faturalar seçilir

2021-10-14 17:25:55 - [TEST_STEP][PASSED] - Filtre butonlarından Tüm Hesaplar butonuna tıklanır: Filtre butonlarından Tüm Hesaplar butonuna tıklanır

2021-10-14 17:25:55 - [MESSAGE][PASSED] - Filtre butonlarından Tüm Hesaplar butonuna tıklanır

2021-10-14 17:25:55 - [TEST_STEP][PASSED] - Filtre butonlarından Listele seçilir: Filtre butonlarından Listele seçilir

2021-10-14 17:25:55 - [MESSAGE][PASSED] - Filtre butonlarından Listele seçilir

2021-10-14 17:25:55 - [TEST_STEP][PASSED] - Kullanıcı işlemlerinden Çıkış seçilir: Kullanıcı işlemlerinden Çıkış seçilir

2021-10-14 17:25:55 - [MESSAGE][PASSED] - Kullanıcı işlemlerinden Çıkış seçilir

2021-10-14 17:25:55 - [MESSAGE][PASSED] - Feature file: 'Include/features/e-Fatura/Giden Kutusu/Faturalar/Tum Hesaplar Kontrolu.feature' was passed

2021-10-14 17:25:55 - [TEST_STEP][PASSED] - Start listener action : sampleAfterTestSuite: Invoke 'com.kms.katalon.core.annotation.AfterTestCase' method: 'Listener.sampleAfterTestSuite(...)' completed.

2021-10-14 17:25:55 - [MESSAGE][INFO] - Starting invoke 'com.kms.katalon.core.annotation.AfterTestCase' method: 'Listener.sampleAfterTestSuite(...)'

2021-10-14 17:25:55 - [TEST_STEP][PASSED] - closeBrowser(): Invoke 'com.kms.katalon.core.annotation.AfterTestCase' method: 'Listener.sampleAfterTestSuite(...)' completed.

2021-10-14 17:25:55 - [MESSAGE][INFO] - Closing browser

2021-10-14 17:25:56 - [MESSAGE][PASSED] - Browser is closed

2021-10-14 17:25:56 - [MESSAGE][INFO] - Invoke 'com.kms.katalon.core.annotation.AfterTestCase' method: 'Listener.sampleAfterTestSuite(...)' completed.]]></system-out>
         <system-err><![CDATA[]]></system-err>
      </testcase>
      <testcase name="Test Cases/Case Repository/e-Fatura/Giden Kutusu/Faturalar/UBL-Goster-Indir" time="35.949" classname="Test Cases/Case Repository/e-Fatura/Giden Kutusu/Faturalar/UBL-Goster-Indir" status="PASSED">
         <system-out><![CDATA[2021-10-14 17:25:56 - [TEST_CASE][PASSED] - Test Cases/Case Repository/e-Fatura/Giden Kutusu/Faturalar/UBL-Goster-Indir: Test Cases/Case Repository/e-Fatura/Giden Kutusu/Faturalar/UBL-Goster-Indir

2021-10-14 17:25:56 - [TEST_STEP][PASSED] - Start listener action : sampleBeforeTestSuite: Invoke 'com.kms.katalon.core.annotation.BeforeTestCase' method: 'Listener.sampleBeforeTestSuite(...)' completed.

2021-10-14 17:25:56 - [MESSAGE][INFO] - Starting invoke 'com.kms.katalon.core.annotation.BeforeTestCase' method: 'Listener.sampleBeforeTestSuite(...)'

2021-10-14 17:25:56 - [TEST_STEP][PASSED] - openBrowser(baseUrl): Browser is opened with url: 'https://efatura-stage.elogo.com.tr/'

2021-10-14 17:25:56 - [MESSAGE][INFO] - Opening browser

2021-10-14 17:25:56 - [MESSAGE][INFO] - Starting 'Chrome' driver

2021-10-14 17:25:56 - [MESSAGE][INFO] - User set preference: ['prefs', '{download.default_directory=C:\otomasyondownfiles}']

2021-10-14 17:25:56 - [MESSAGE][INFO] - Action delay is set to 0 milliseconds

2021-10-14 17:25:57 - [MESSAGE][INFO] - Navigating browser to: 'https://efatura-stage.elogo.com.tr/'

2021-10-14 17:26:00 - [MESSAGE][PASSED] - Browser is opened with url: 'https://efatura-stage.elogo.com.tr/'

2021-10-14 17:26:00 - [TEST_STEP][PASSED] - maximizeWindow(): Invoke 'com.kms.katalon.core.annotation.BeforeTestCase' method: 'Listener.sampleBeforeTestSuite(...)' completed.

2021-10-14 17:26:00 - [MESSAGE][INFO] - Maximizing current window

2021-10-14 17:26:00 - [MESSAGE][PASSED] - Current window maximized

2021-10-14 17:26:00 - [MESSAGE][INFO] - Invoke 'com.kms.katalon.core.annotation.BeforeTestCase' method: 'Listener.sampleBeforeTestSuite(...)' completed.

2021-10-14 17:26:01 - [TEST_STEP][PASSED] - runFeatureFile("Include/features/e-Fatura/Giden Kutusu/Faturalar/UBL-Goster-Indir.feature"): Feature file: 'Include/features/e-Fatura/Giden Kutusu/Faturalar/UBL-Goster-Indir.feature' was passed

2021-10-14 17:26:01 - [MESSAGE][INFO] - Starting run keyword runFeatureFile: 'Include/features/e-Fatura/Giden Kutusu/Faturalar/UBL-Goster-Indir.feature' and extract report to folder: 'C:\Users\DELL\Downloads\EES_Katalon-main\Reports\20211014_170112\Suite Repository\e-Fatura\20211014_170113/cucumber_report/1634221561231'...

2021-10-14 17:26:01 - [MESSAGE][INFO] - Glue: []

2021-10-14 17:26:02 - [MESSAGE][INFO] - Checking called Test Case

2021-10-14 17:26:02 - [MESSAGE][INFO] - Starting to call Test Case 'Test Cases/Sayfalar/Giris_Sayfasi/Login'

2021-10-14 17:26:02 - [TEST_CASE][PASSED] - Test Cases/Sayfalar/Giris_Sayfasi/Login: Test Cases/Sayfalar/Giris_Sayfasi/Login

2021-10-14 17:26:02 - [TEST_STEP][PASSED] - Sayfa_Basligi = getWindowTitle(): Current window's title is: 'LOGO e-Fatura'

2021-10-14 17:26:02 - [MESSAGE][INFO] - Getting current window's title

2021-10-14 17:26:02 - [MESSAGE][PASSED] - Current window's title is: 'LOGO e-Fatura'

2021-10-14 17:26:02 - [TEST_STEP][PASSED] - verifyMatch(Sayfa_Basligi, "LOGO e-Fatura", false): Actual text 'LOGO e-Fatura' and expected text 'LOGO e-Fatura' are matched 

2021-10-14 17:26:02 - [MESSAGE][INFO] - Matching actual text 'LOGO e-Fatura' with expected text 'LOGO e-Fatura'

2021-10-14 17:26:02 - [MESSAGE][PASSED] - Actual text 'LOGO e-Fatura' and expected text 'LOGO e-Fatura' are matched 

2021-10-14 17:26:02 - [TEST_STEP][PASSED] - sendKeys(findTestObject("Sayfalar/Giris_Sayfasi/Firma_Kodu"), KullaniciAdi): Keys 'ELOGO6' sent to object: 'Object Repository/Sayfalar/Giris_Sayfasi/Firma_Kodu'

2021-10-14 17:26:02 - [MESSAGE][INFO] - Finding Test Object 'Object Repository/Sayfalar/Giris_Sayfasi/Firma_Kodu'

2021-10-14 17:26:02 - [MESSAGE][INFO] - Sending keys 'ELOGO6' to object: 'Object Repository/Sayfalar/Giris_Sayfasi/Firma_Kodu'

2021-10-14 17:26:02 - [MESSAGE][INFO] - Finding web element from Test Object's properties

2021-10-14 17:26:02 - [MESSAGE][INFO] - Checking timeout

2021-10-14 17:26:02 - [MESSAGE][INFO] - Finding web element with id: 'Object Repository/Sayfalar/Giris_Sayfasi/Firma_Kodu' located by 'By.xpath: //*[@id = 'AccountName']' in '30' second(s)

2021-10-14 17:26:02 - [MESSAGE][INFO] - Smart Wait Function is triggered

2021-10-14 17:26:02 - [MESSAGE][INFO] - Found 1 web elements with id: 'Object Repository/Sayfalar/Giris_Sayfasi/Firma_Kodu' located by 'By.xpath: //*[@id = 'AccountName']' in '30' second(s)

2021-10-14 17:26:02 - [MESSAGE][PASSED] - Keys 'ELOGO6' sent to object: 'Object Repository/Sayfalar/Giris_Sayfasi/Firma_Kodu'

2021-10-14 17:26:02 - [TEST_STEP][PASSED] - sendKeys(findTestObject("Sayfalar/Giris_Sayfasi/Sifre"), Sifre): Keys '123456' sent to object: 'Object Repository/Sayfalar/Giris_Sayfasi/Sifre'

2021-10-14 17:26:02 - [MESSAGE][INFO] - Finding Test Object 'Object Repository/Sayfalar/Giris_Sayfasi/Sifre'

2021-10-14 17:26:02 - [MESSAGE][INFO] - Sending keys '123456' to object: 'Object Repository/Sayfalar/Giris_Sayfasi/Sifre'

2021-10-14 17:26:02 - [MESSAGE][INFO] - Finding web element from Test Object's properties

2021-10-14 17:26:02 - [MESSAGE][INFO] - Checking timeout

2021-10-14 17:26:02 - [MESSAGE][INFO] - Finding web element with id: 'Object Repository/Sayfalar/Giris_Sayfasi/Sifre' located by 'By.xpath: //*[@id = 'Password']' in '30' second(s)

2021-10-14 17:26:02 - [MESSAGE][INFO] - Smart Wait Function is triggered

2021-10-14 17:26:03 - [MESSAGE][INFO] - Found 1 web elements with id: 'Object Repository/Sayfalar/Giris_Sayfasi/Sifre' located by 'By.xpath: //*[@id = 'Password']' in '30' second(s)

2021-10-14 17:26:03 - [MESSAGE][PASSED] - Keys '123456' sent to object: 'Object Repository/Sayfalar/Giris_Sayfasi/Sifre'

2021-10-14 17:26:03 - [TEST_STEP][PASSED] - findWebElement(findTestObject("Sayfalar/Giris_Sayfasi/Giris_Butonu")).click(): Found 1 web elements with id: 'Object Repository/Sayfalar/Giris_Sayfasi/Giris_Butonu' located by 'By.cssSelector: #btnLogin' in '30' second(s)

2021-10-14 17:26:03 - [MESSAGE][INFO] - Finding Test Object 'Object Repository/Sayfalar/Giris_Sayfasi/Giris_Butonu'

2021-10-14 17:26:03 - [MESSAGE][INFO] - Finding web element from Test Object's properties

2021-10-14 17:26:03 - [MESSAGE][INFO] - Checking timeout

2021-10-14 17:26:03 - [MESSAGE][INFO] - Finding web element with id: 'Object Repository/Sayfalar/Giris_Sayfasi/Giris_Butonu' located by 'By.cssSelector: #btnLogin' in '30' second(s)

2021-10-14 17:26:03 - [MESSAGE][INFO] - Smart Wait Function is triggered

2021-10-14 17:26:03 - [MESSAGE][INFO] - Found 1 web elements with id: 'Object Repository/Sayfalar/Giris_Sayfasi/Giris_Butonu' located by 'By.cssSelector: #btnLogin' in '30' second(s)

2021-10-14 17:26:06 - [TEST_STEP][PASSED] - if (verifyElementPresent(findTestObject("Object Repository/Sayfalar/Giris_Sayfasi/RetveTamam_Butonu"), 5, OPTIONAL)): null

2021-10-14 17:26:06 - [MESSAGE][INFO] - Finding Test Object 'Object Repository/Sayfalar/Giris_Sayfasi/RetveTamam_Butonu'

2021-10-14 17:26:06 - [MESSAGE][INFO] - Checking object

2021-10-14 17:26:06 - [MESSAGE][INFO] - Finding web element from Test Object's properties

2021-10-14 17:26:06 - [MESSAGE][INFO] - Checking timeout

2021-10-14 17:26:06 - [MESSAGE][INFO] - Finding web element with id: 'Object Repository/Sayfalar/Giris_Sayfasi/RetveTamam_Butonu' located by 'By.xpath: //*[@class = 'btn btn-default']' in '5' second(s)

2021-10-14 17:26:06 - [MESSAGE][INFO] - Smart Wait Function is triggered

2021-10-14 17:26:06 - [MESSAGE][INFO] - Found 1 web elements with id: 'Object Repository/Sayfalar/Giris_Sayfasi/RetveTamam_Butonu' located by 'By.xpath: //*[@class = 'btn btn-default']' in '5' second(s)

2021-10-14 17:26:06 - [MESSAGE][PASSED] - Object 'Object Repository/Sayfalar/Giris_Sayfasi/RetveTamam_Butonu' is present

2021-10-14 17:26:06 - [TEST_STEP][PASSED] - click(findTestObject("Object Repository/Sayfalar/Giris_Sayfasi/RetveTamam_Butonu")): Object: 'Object Repository/Sayfalar/Giris_Sayfasi/RetveTamam_Butonu' is clicked on

2021-10-14 17:26:06 - [MESSAGE][INFO] - Finding Test Object 'Object Repository/Sayfalar/Giris_Sayfasi/RetveTamam_Butonu'

2021-10-14 17:26:06 - [MESSAGE][INFO] - Checking object

2021-10-14 17:26:06 - [MESSAGE][INFO] - Finding web element from Test Object's properties

2021-10-14 17:26:06 - [MESSAGE][INFO] - Checking timeout

2021-10-14 17:26:06 - [MESSAGE][INFO] - Finding web element with id: 'Object Repository/Sayfalar/Giris_Sayfasi/RetveTamam_Butonu' located by 'By.xpath: //*[@class = 'btn btn-default']' in '30' second(s)

2021-10-14 17:26:06 - [MESSAGE][INFO] - Smart Wait Function is triggered

2021-10-14 17:26:06 - [MESSAGE][INFO] - Found 1 web elements with id: 'Object Repository/Sayfalar/Giris_Sayfasi/RetveTamam_Butonu' located by 'By.xpath: //*[@class = 'btn btn-default']' in '30' second(s)

2021-10-14 17:26:06 - [MESSAGE][INFO] - Clicking on object: 'Object Repository/Sayfalar/Giris_Sayfasi/RetveTamam_Butonu'

2021-10-14 17:26:06 - [MESSAGE][PASSED] - Object: 'Object Repository/Sayfalar/Giris_Sayfasi/RetveTamam_Butonu' is clicked on

2021-10-14 17:26:06 - [TEST_STEP][PASSED] - click(findTestObject("Object Repository/Sayfalar/Giris_Sayfasi/RetveTamam_Butonu")): Object: 'Object Repository/Sayfalar/Giris_Sayfasi/RetveTamam_Butonu' is clicked on

2021-10-14 17:26:06 - [MESSAGE][INFO] - Finding Test Object 'Object Repository/Sayfalar/Giris_Sayfasi/RetveTamam_Butonu'

2021-10-14 17:26:07 - [MESSAGE][INFO] - Checking object

2021-10-14 17:26:07 - [MESSAGE][INFO] - Finding web element from Test Object's properties

2021-10-14 17:26:07 - [MESSAGE][INFO] - Checking timeout

2021-10-14 17:26:07 - [MESSAGE][INFO] - Finding web element with id: 'Object Repository/Sayfalar/Giris_Sayfasi/RetveTamam_Butonu' located by 'By.xpath: //*[@class = 'btn btn-default']' in '30' second(s)

2021-10-14 17:26:07 - [MESSAGE][INFO] - Smart Wait Function is triggered

2021-10-14 17:26:08 - [MESSAGE][INFO] - Found 1 web elements with id: 'Object Repository/Sayfalar/Giris_Sayfasi/RetveTamam_Butonu' located by 'By.xpath: //*[@class = 'btn btn-default']' in '30' second(s)

2021-10-14 17:26:08 - [MESSAGE][INFO] - Clicking on object: 'Object Repository/Sayfalar/Giris_Sayfasi/RetveTamam_Butonu'

2021-10-14 17:26:08 - [MESSAGE][PASSED] - Object: 'Object Repository/Sayfalar/Giris_Sayfasi/RetveTamam_Butonu' is clicked on

2021-10-14 17:26:08 - [TEST_STEP][PASSED] - if (verifyElementPresent(findTestObject("Sayfalar/Giris_Sayfasi/PopupOK"), 5, OPTIONAL)): null

2021-10-14 17:26:08 - [MESSAGE][INFO] - Finding Test Object 'Object Repository/Sayfalar/Giris_Sayfasi/PopupOK'

2021-10-14 17:26:09 - [MESSAGE][INFO] - Checking object

2021-10-14 17:26:09 - [MESSAGE][INFO] - Finding web element from Test Object's properties

2021-10-14 17:26:09 - [MESSAGE][INFO] - Checking timeout

2021-10-14 17:26:09 - [MESSAGE][INFO] - Finding web element with id: 'Object Repository/Sayfalar/Giris_Sayfasi/PopupOK' located by 'By.cssSelector: .btn.btn-success' in '5' second(s)

2021-10-14 17:26:09 - [MESSAGE][INFO] - Smart Wait Function is triggered

2021-10-14 17:26:09 - [MESSAGE][INFO] - Found 1 web elements with id: 'Object Repository/Sayfalar/Giris_Sayfasi/PopupOK' located by 'By.cssSelector: .btn.btn-success' in '5' second(s)

2021-10-14 17:26:09 - [MESSAGE][PASSED] - Object 'Object Repository/Sayfalar/Giris_Sayfasi/PopupOK' is present

2021-10-14 17:26:09 - [TEST_STEP][PASSED] - click(findTestObject("Object Repository/Sayfalar/Giris_Sayfasi/PopupCarpiGiris")): Object: 'Object Repository/Sayfalar/Giris_Sayfasi/PopupCarpiGiris' is clicked on

2021-10-14 17:26:09 - [MESSAGE][INFO] - Finding Test Object 'Object Repository/Sayfalar/Giris_Sayfasi/PopupCarpiGiris'

2021-10-14 17:26:09 - [MESSAGE][INFO] - Checking object

2021-10-14 17:26:09 - [MESSAGE][INFO] - Finding web element from Test Object's properties

2021-10-14 17:26:09 - [MESSAGE][INFO] - Checking timeout

2021-10-14 17:26:09 - [MESSAGE][INFO] - Finding web element with id: 'Object Repository/Sayfalar/Giris_Sayfasi/PopupCarpiGiris' located by 'By.cssSelector: .bootbox-close-button.close' in '30' second(s)

2021-10-14 17:26:09 - [MESSAGE][INFO] - Smart Wait Function is triggered

2021-10-14 17:26:10 - [MESSAGE][INFO] - Found 1 web elements with id: 'Object Repository/Sayfalar/Giris_Sayfasi/PopupCarpiGiris' located by 'By.cssSelector: .bootbox-close-button.close' in '30' second(s)

2021-10-14 17:26:10 - [MESSAGE][INFO] - Clicking on object: 'Object Repository/Sayfalar/Giris_Sayfasi/PopupCarpiGiris'

2021-10-14 17:26:10 - [MESSAGE][PASSED] - Object: 'Object Repository/Sayfalar/Giris_Sayfasi/PopupCarpiGiris' is clicked on

2021-10-14 17:26:10 - [TEST_STEP][PASSED] - verifyElementVisible(findTestObject("Object Repository/Kullanici_Islemleri/KullaniciIslemleri")): Object 'Object Repository/Kullanici_Islemleri/KullaniciIslemleri' is visible

2021-10-14 17:26:10 - [MESSAGE][INFO] - Finding Test Object 'Object Repository/Kullanici_Islemleri/KullaniciIslemleri'

2021-10-14 17:26:10 - [MESSAGE][INFO] - Checking object

2021-10-14 17:26:10 - [MESSAGE][INFO] - Finding web element from Test Object's properties

2021-10-14 17:26:10 - [MESSAGE][INFO] - Checking timeout

2021-10-14 17:26:10 - [MESSAGE][INFO] - Finding web element with id: 'Object Repository/Kullanici_Islemleri/KullaniciIslemleri' located by 'By.cssSelector: .dropdown>a>img' in '30' second(s)

2021-10-14 17:26:10 - [MESSAGE][INFO] - Smart Wait Function is triggered

2021-10-14 17:26:11 - [MESSAGE][INFO] - Found 1 web elements with id: 'Object Repository/Kullanici_Islemleri/KullaniciIslemleri' located by 'By.cssSelector: .dropdown>a>img' in '30' second(s)

2021-10-14 17:26:11 - [MESSAGE][PASSED] - Object 'Object Repository/Kullanici_Islemleri/KullaniciIslemleri' is visible

2021-10-14 17:26:11 - [MESSAGE][PASSED] - Call Test Case 'Test Cases/Sayfalar/Giris_Sayfasi/Login' successfully

2021-10-14 17:26:11 - [MESSAGE][INFO] - Checking called Test Case

2021-10-14 17:26:11 - [MESSAGE][INFO] - Starting to call Test Case 'Test Cases/Menu/AnaMenuSecimi'

2021-10-14 17:26:11 - [TEST_CASE][PASSED] - Test Cases/Menu/AnaMenuSecimi: Test Cases/Menu/AnaMenuSecimi

2021-10-14 17:26:11 - [TEST_STEP][PASSED] - Method.TextDegerineEsitElementeTikla(findTestObject("Menu/Ana_Menu"), Ana_Menu): Method.TextDegerineEsitElementeTikla is PASSED

2021-10-14 17:26:11 - [MESSAGE][INFO] - Finding Test Object 'Object Repository/Menu/Ana_Menu'

2021-10-14 17:26:11 - [MESSAGE][INFO] - Checking timeout

2021-10-14 17:26:11 - [MESSAGE][INFO] - Finding web element with id: 'Object Repository/Menu/Ana_Menu' located by 'By.xpath: //*[@class = 'dropdown-toggle']' in '10' second(s)

2021-10-14 17:26:11 - [MESSAGE][INFO] - Smart Wait Function is triggered

2021-10-14 17:26:11 - [MESSAGE][INFO] - Found 14 web elements with id: 'Object Repository/Menu/Ana_Menu' located by 'By.xpath: //*[@class = 'dropdown-toggle']' in '10' second(s)

2021-10-14 17:26:11 - [MESSAGE][PASSED] - Method.TextDegerineEsitElementeTikla is PASSED

2021-10-14 17:26:11 - [MESSAGE][PASSED] - Call Test Case 'Test Cases/Menu/AnaMenuSecimi' successfully

2021-10-14 17:26:11 - [MESSAGE][INFO] - Checking called Test Case

2021-10-14 17:26:11 - [MESSAGE][INFO] - Starting to call Test Case 'Test Cases/Menu/BasligaGoreAltMenuSecimi'

2021-10-14 17:26:11 - [TEST_CASE][PASSED] - Test Cases/Menu/BasligaGoreAltMenuSecimi: Test Cases/Menu/BasligaGoreAltMenuSecimi

2021-10-14 17:26:11 - [TEST_STEP][PASSED] - Method.TextDegerineEsitElementinAltindakiTextDegerineEsitOlanaTikla(findTestObject("Menu/Menu_Basligi"), findTestObject("Menu/Basliga_Gore_Alt_Menu"), Baslik, Alt_Menu): Method.TextDegerineEsitElementinAltindakiTextDegerineEsitOlanaTikla is PASSED

2021-10-14 17:26:11 - [MESSAGE][INFO] - Finding Test Object 'Object Repository/Menu/Menu_Basligi'

2021-10-14 17:26:11 - [MESSAGE][INFO] - Finding Test Object 'Object Repository/Menu/Basliga_Gore_Alt_Menu'

2021-10-14 17:26:11 - [MESSAGE][INFO] - Checking timeout

2021-10-14 17:26:11 - [MESSAGE][INFO] - Finding web element with id: 'Object Repository/Menu/Menu_Basligi' located by 'By.xpath: //li[@class='dropdown dropdown-large open']//li[@class='dropdown-header']' in '10' second(s)

2021-10-14 17:26:11 - [MESSAGE][INFO] - Smart Wait Function is triggered

2021-10-14 17:26:12 - [MESSAGE][INFO] - Found 3 web elements with id: 'Object Repository/Menu/Menu_Basligi' located by 'By.xpath: //li[@class='dropdown dropdown-large open']//li[@class='dropdown-header']' in '10' second(s)

2021-10-14 17:26:12 - [MESSAGE][INFO] - Smart Wait Function is triggered

2021-10-14 17:26:14 - [MESSAGE][PASSED] - Method.TextDegerineEsitElementinAltindakiTextDegerineEsitOlanaTikla is PASSED

2021-10-14 17:26:14 - [MESSAGE][PASSED] - Call Test Case 'Test Cases/Menu/BasligaGoreAltMenuSecimi' successfully

2021-10-14 17:26:14 - [MESSAGE][INFO] - Checking called Test Case

2021-10-14 17:26:14 - [MESSAGE][INFO] - Starting to call Test Case 'Test Cases/Filtreler/BaslangicYaz'

2021-10-14 17:26:14 - [TEST_CASE][PASSED] - Test Cases/Filtreler/BaslangicYaz: Test Cases/Filtreler/BaslangicYaz

2021-10-14 17:26:14 - [TEST_STEP][PASSED] - Method.TextDegerineEsitElementinAltindakineTikla(findTestObject("Filtreler/Basliklar"), findTestObject("Filtreler/Basliga_Gore_Baslangic_Image"), Filtre_Adi): Method.TextDegerineEsitElementinAltindakineTikla is PASSED

2021-10-14 17:26:14 - [MESSAGE][INFO] - Finding Test Object 'Object Repository/Filtreler/Basliklar'

2021-10-14 17:26:14 - [MESSAGE][INFO] - Finding Test Object 'Object Repository/Filtreler/Basliga_Gore_Baslangic_Image'

2021-10-14 17:26:14 - [MESSAGE][INFO] - Checking timeout

2021-10-14 17:26:14 - [MESSAGE][INFO] - Finding web element with id: 'Object Repository/Filtreler/Basliklar' located by 'By.cssSelector: .control-label.col-sm-4.paddingMarginRLC' in '10' second(s)

2021-10-14 17:26:14 - [MESSAGE][INFO] - Smart Wait Function is triggered

2021-10-14 17:26:14 - [MESSAGE][INFO] - Found 20 web elements with id: 'Object Repository/Filtreler/Basliklar' located by 'By.cssSelector: .control-label.col-sm-4.paddingMarginRLC' in '10' second(s)

2021-10-14 17:26:14 - [MESSAGE][INFO] - Smart Wait Function is triggered

2021-10-14 17:26:15 - [MESSAGE][PASSED] - Method.TextDegerineEsitElementinAltindakineTikla is PASSED

2021-10-14 17:26:15 - [TEST_STEP][PASSED] - Method.TextDegerineEsitElementinAltindakiTextboxtaYaz(findTestObject("Filtreler/Basliklar"), findTestObject("Filtreler/Basliga_Gore_Baslangic"), Filtre_Adi, Filtre_Degeri): Method.TextDegerineEsitElementinAltindakiTextboxtaYaz is PASSED

2021-10-14 17:26:15 - [MESSAGE][INFO] - Finding Test Object 'Object Repository/Filtreler/Basliklar'

2021-10-14 17:26:15 - [MESSAGE][INFO] - Finding Test Object 'Object Repository/Filtreler/Basliga_Gore_Baslangic'

2021-10-14 17:26:15 - [MESSAGE][INFO] - Checking timeout

2021-10-14 17:26:15 - [MESSAGE][INFO] - Finding web element with id: 'Object Repository/Filtreler/Basliklar' located by 'By.cssSelector: .control-label.col-sm-4.paddingMarginRLC' in '10' second(s)

2021-10-14 17:26:15 - [MESSAGE][INFO] - Smart Wait Function is triggered

2021-10-14 17:26:15 - [MESSAGE][INFO] - Found 20 web elements with id: 'Object Repository/Filtreler/Basliklar' located by 'By.cssSelector: .control-label.col-sm-4.paddingMarginRLC' in '10' second(s)

2021-10-14 17:26:15 - [MESSAGE][INFO] - Smart Wait Function is triggered

2021-10-14 17:26:16 - [MESSAGE][PASSED] - Method.TextDegerineEsitElementinAltindakiTextboxtaYaz is PASSED

2021-10-14 17:26:16 - [MESSAGE][PASSED] - Call Test Case 'Test Cases/Filtreler/BaslangicYaz' successfully

2021-10-14 17:26:16 - [MESSAGE][INFO] - Checking called Test Case

2021-10-14 17:26:16 - [MESSAGE][INFO] - Starting to call Test Case 'Test Cases/Filtreler/BitisYaz'

2021-10-14 17:26:16 - [TEST_CASE][PASSED] - Test Cases/Filtreler/BitisYaz: Test Cases/Filtreler/BitisYaz

2021-10-14 17:26:16 - [TEST_STEP][PASSED] - Method.TextDegerineEsitElementinAltindakineTikla(findTestObject("Filtreler/Basliklar"), findTestObject("Filtreler/Basliga_Gore_Bitis_Image"), Filtre_Adi): Method.TextDegerineEsitElementinAltindakineTikla is PASSED

2021-10-14 17:26:16 - [MESSAGE][INFO] - Finding Test Object 'Object Repository/Filtreler/Basliklar'

2021-10-14 17:26:16 - [MESSAGE][INFO] - Finding Test Object 'Object Repository/Filtreler/Basliga_Gore_Bitis_Image'

2021-10-14 17:26:16 - [MESSAGE][INFO] - Checking timeout

2021-10-14 17:26:16 - [MESSAGE][INFO] - Finding web element with id: 'Object Repository/Filtreler/Basliklar' located by 'By.cssSelector: .control-label.col-sm-4.paddingMarginRLC' in '10' second(s)

2021-10-14 17:26:16 - [MESSAGE][INFO] - Smart Wait Function is triggered

2021-10-14 17:26:16 - [MESSAGE][INFO] - Found 20 web elements with id: 'Object Repository/Filtreler/Basliklar' located by 'By.cssSelector: .control-label.col-sm-4.paddingMarginRLC' in '10' second(s)

2021-10-14 17:26:16 - [MESSAGE][INFO] - Smart Wait Function is triggered

2021-10-14 17:26:17 - [MESSAGE][PASSED] - Method.TextDegerineEsitElementinAltindakineTikla is PASSED

2021-10-14 17:26:17 - [TEST_STEP][PASSED] - Method.TextDegerineEsitElementinAltindakiTextboxtaYaz(findTestObject("Filtreler/Basliklar"), findTestObject("Object Repository/Filtreler/Basliga_Gore_Bitis"), Filtre_Adi, Filtre_Degeri): Method.TextDegerineEsitElementinAltindakiTextboxtaYaz is PASSED

2021-10-14 17:26:17 - [MESSAGE][INFO] - Finding Test Object 'Object Repository/Filtreler/Basliklar'

2021-10-14 17:26:17 - [MESSAGE][INFO] - Finding Test Object 'Object Repository/Filtreler/Basliga_Gore_Bitis'

2021-10-14 17:26:17 - [MESSAGE][INFO] - Checking timeout

2021-10-14 17:26:17 - [MESSAGE][INFO] - Finding web element with id: 'Object Repository/Filtreler/Basliklar' located by 'By.cssSelector: .control-label.col-sm-4.paddingMarginRLC' in '10' second(s)

2021-10-14 17:26:17 - [MESSAGE][INFO] - Smart Wait Function is triggered

2021-10-14 17:26:17 - [MESSAGE][INFO] - Found 20 web elements with id: 'Object Repository/Filtreler/Basliklar' located by 'By.cssSelector: .control-label.col-sm-4.paddingMarginRLC' in '10' second(s)

2021-10-14 17:26:17 - [MESSAGE][INFO] - Smart Wait Function is triggered

2021-10-14 17:26:18 - [MESSAGE][PASSED] - Method.TextDegerineEsitElementinAltindakiTextboxtaYaz is PASSED

2021-10-14 17:26:18 - [MESSAGE][PASSED] - Call Test Case 'Test Cases/Filtreler/BitisYaz' successfully

2021-10-14 17:26:18 - [MESSAGE][INFO] - Checking called Test Case

2021-10-14 17:26:18 - [MESSAGE][INFO] - Starting to call Test Case 'Test Cases/Filtreler/ButonaTikla'

2021-10-14 17:26:18 - [TEST_CASE][PASSED] - Test Cases/Filtreler/ButonaTikla: Test Cases/Filtreler/ButonaTikla

2021-10-14 17:26:18 - [TEST_STEP][PASSED] - Method.TextDegerineEsitElementeTikla(findTestObject("Filtreler/Butonlar"), Filtre_Buton): Method.TextDegerineEsitElementeTikla is PASSED

2021-10-14 17:26:18 - [MESSAGE][INFO] - Finding Test Object 'Object Repository/Filtreler/Butonlar'

2021-10-14 17:26:18 - [MESSAGE][INFO] - Checking timeout

2021-10-14 17:26:18 - [MESSAGE][INFO] - Finding web element with id: 'Object Repository/Filtreler/Butonlar' located by 'By.cssSelector: .dxb>span' in '10' second(s)

2021-10-14 17:26:18 - [MESSAGE][INFO] - Smart Wait Function is triggered

2021-10-14 17:26:18 - [MESSAGE][INFO] - Found 3 web elements with id: 'Object Repository/Filtreler/Butonlar' located by 'By.cssSelector: .dxb>span' in '10' second(s)

2021-10-14 17:26:19 - [MESSAGE][PASSED] - Method.TextDegerineEsitElementeTikla is PASSED

2021-10-14 17:26:19 - [MESSAGE][PASSED] - Call Test Case 'Test Cases/Filtreler/ButonaTikla' successfully

2021-10-14 17:26:19 - [MESSAGE][INFO] - Checking called Test Case

2021-10-14 17:26:19 - [MESSAGE][INFO] - Starting to call Test Case 'Test Cases/Tablo/TablodaVeriVarMi'

2021-10-14 17:26:19 - [TEST_CASE][PASSED] - Test Cases/Tablo/TablodaVeriVarMi: Test Cases/Tablo/TablodaVeriVarMi

2021-10-14 17:26:19 - [TEST_STEP][PASSED] - verifyTextNotPresent("Görüntülenecek veri yok", true): Text 'Görüntülenecek veri yok' is not present on page using regular expression

2021-10-14 17:26:19 - [MESSAGE][INFO] - Checking text present  using regular expression

2021-10-14 17:26:19 - [MESSAGE][INFO] - Smart Wait Function is triggered

2021-10-14 17:26:20 - [MESSAGE][INFO] - Finding text 'Görüntülenecek veri yok' on page  using regular expression

2021-10-14 17:26:20 - [MESSAGE][PASSED] - Text 'Görüntülenecek veri yok' is not present on page using regular expression

2021-10-14 17:26:20 - [MESSAGE][PASSED] - Call Test Case 'Test Cases/Tablo/TablodaVeriVarMi' successfully

2021-10-14 17:26:20 - [MESSAGE][INFO] - Checking called Test Case

2021-10-14 17:26:20 - [MESSAGE][INFO] - Starting to call Test Case 'Test Cases/Tablo/TablodanVeriSec'

2021-10-14 17:26:20 - [TEST_CASE][PASSED] - Test Cases/Tablo/TablodanVeriSec: Test Cases/Tablo/TablodanVeriSec

2021-10-14 17:26:20 - [TEST_STEP][PASSED] - Method.TextDegerineEsitElementinAltindakineTikla(findTestObject("Tablo/Veriler"), findTestObject("Tablo/VerininCheckBoxi"), Veri_Adi): Method.TextDegerineEsitElementinAltindakineTikla is PASSED

2021-10-14 17:26:20 - [MESSAGE][INFO] - Finding Test Object 'Object Repository/Tablo/Veriler'

2021-10-14 17:26:20 - [MESSAGE][INFO] - Finding Test Object 'Object Repository/Tablo/VerininCheckBoxi'

2021-10-14 17:26:20 - [MESSAGE][INFO] - Checking timeout

2021-10-14 17:26:20 - [MESSAGE][INFO] - Finding web element with id: 'Object Repository/Tablo/Veriler' located by 'By.cssSelector: td.dxgv b ,td.dxgv' in '10' second(s)

2021-10-14 17:26:20 - [MESSAGE][INFO] - Smart Wait Function is triggered

2021-10-14 17:26:21 - [MESSAGE][INFO] - Found 140 web elements with id: 'Object Repository/Tablo/Veriler' located by 'By.cssSelector: td.dxgv b ,td.dxgv' in '10' second(s)

2021-10-14 17:26:21 - [MESSAGE][INFO] - Smart Wait Function is triggered

2021-10-14 17:26:21 - [MESSAGE][PASSED] - Method.TextDegerineEsitElementinAltindakineTikla is PASSED

2021-10-14 17:26:21 - [MESSAGE][PASSED] - Call Test Case 'Test Cases/Tablo/TablodanVeriSec' successfully

2021-10-14 17:26:21 - [MESSAGE][INFO] - Checking called Test Case

2021-10-14 17:26:21 - [MESSAGE][INFO] - Starting to call Test Case 'Test Cases/Butonlar/ButonaTikla'

2021-10-14 17:26:21 - [TEST_CASE][PASSED] - Test Cases/Butonlar/ButonaTikla: Test Cases/Butonlar/ButonaTikla

2021-10-14 17:26:21 - [TEST_STEP][PASSED] - Method.TextDegerineEsitElementeTiklaEquals(findTestObject("Butonlar/Butonlar"), Buton_Adi): Method.TextDegerineEsitElementeTiklaEquals is PASSED

2021-10-14 17:26:21 - [MESSAGE][INFO] - Finding Test Object 'Object Repository/Butonlar/Butonlar'

2021-10-14 17:26:21 - [MESSAGE][INFO] - Checking timeout

2021-10-14 17:26:21 - [MESSAGE][INFO] - Finding web element with id: 'Object Repository/Butonlar/Butonlar' located by 'By.cssSelector: .panel.panel-default.text-center.footerPanel .btn,.btn.btn-primary.btnControls' in '10' second(s)

2021-10-14 17:26:21 - [MESSAGE][INFO] - Smart Wait Function is triggered

2021-10-14 17:26:22 - [MESSAGE][INFO] - Found 17 web elements with id: 'Object Repository/Butonlar/Butonlar' located by 'By.cssSelector: .panel.panel-default.text-center.footerPanel .btn,.btn.btn-primary.btnControls' in '10' second(s)

2021-10-14 17:26:22 - [MESSAGE][PASSED] - Method.TextDegerineEsitElementeTiklaEquals is PASSED

2021-10-14 17:26:22 - [MESSAGE][PASSED] - Call Test Case 'Test Cases/Butonlar/ButonaTikla' successfully

2021-10-14 17:26:22 - [MESSAGE][INFO] - Checking called Test Case

2021-10-14 17:26:22 - [MESSAGE][INFO] - Starting to call Test Case 'Test Cases/Butonlar/AltButonaTikla'

2021-10-14 17:26:22 - [TEST_CASE][PASSED] - Test Cases/Butonlar/AltButonaTikla: Test Cases/Butonlar/AltButonaTikla

2021-10-14 17:26:22 - [TEST_STEP][PASSED] - Method.TextDegerineEsitElementeTikla(findTestObject("Butonlar/AltButonlar"), Alt_Buton): Method.TextDegerineEsitElementeTikla is PASSED

2021-10-14 17:26:22 - [MESSAGE][INFO] - Finding Test Object 'Object Repository/Butonlar/AltButonlar'

2021-10-14 17:26:22 - [MESSAGE][INFO] - Checking timeout

2021-10-14 17:26:22 - [MESSAGE][INFO] - Finding web element with id: 'Object Repository/Butonlar/AltButonlar' located by 'By.cssSelector: .btn-group.open li>a' in '10' second(s)

2021-10-14 17:26:22 - [MESSAGE][INFO] - Smart Wait Function is triggered

2021-10-14 17:26:22 - [MESSAGE][INFO] - Found 2 web elements with id: 'Object Repository/Butonlar/AltButonlar' located by 'By.cssSelector: .btn-group.open li>a' in '10' second(s)

2021-10-14 17:26:22 - [MESSAGE][PASSED] - Method.TextDegerineEsitElementeTikla is PASSED

2021-10-14 17:26:22 - [MESSAGE][PASSED] - Call Test Case 'Test Cases/Butonlar/AltButonaTikla' successfully

2021-10-14 17:26:22 - [MESSAGE][INFO] - Checking called Test Case

2021-10-14 17:26:22 - [MESSAGE][INFO] - Starting to call Test Case 'Test Cases/Sekmeler/YeniSekmeyeGec'

2021-10-14 17:26:22 - [TEST_CASE][PASSED] - Test Cases/Sekmeler/YeniSekmeyeGec: Test Cases/Sekmeler/YeniSekmeyeGec

2021-10-14 17:26:22 - [TEST_STEP][PASSED] - switchToWindowIndex(1): Switched to window with index: '1'

2021-10-14 17:26:22 - [MESSAGE][INFO] - Checking index

2021-10-14 17:26:22 - [MESSAGE][INFO] - Switching window with index: '1'

2021-10-14 17:26:22 - [MESSAGE][PASSED] - Switched to window with index: '1'

2021-10-14 17:26:22 - [MESSAGE][PASSED] - Call Test Case 'Test Cases/Sekmeler/YeniSekmeyeGec' successfully

2021-10-14 17:26:22 - [MESSAGE][INFO] - Checking called Test Case

2021-10-14 17:26:22 - [MESSAGE][INFO] - Starting to call Test Case 'Test Cases/Sekmeler/TagGeldiMi'

2021-10-14 17:26:22 - [TEST_CASE][PASSED] - Test Cases/Sekmeler/TagGeldiMi: Test Cases/Sekmeler/TagGeldiMi

2021-10-14 17:26:22 - [TEST_STEP][PASSED] - waitForElementPresent(findTestObject("Object Repository/Sekmeler/UBLTag"), 10): Object 'Object Repository/Sekmeler/UBLTag' is present

2021-10-14 17:26:22 - [MESSAGE][INFO] - Finding Test Object 'Object Repository/Sekmeler/UBLTag'

2021-10-14 17:26:23 - [MESSAGE][INFO] - Checking object

2021-10-14 17:26:23 - [MESSAGE][INFO] - Finding web element from Test Object's properties

2021-10-14 17:26:23 - [MESSAGE][INFO] - Checking timeout

2021-10-14 17:26:23 - [MESSAGE][INFO] - Finding web element with id: 'Object Repository/Sekmeler/UBLTag' located by 'By.cssSelector: #webkit-xml-viewer-source-xml>:first-child' in '10' second(s)

2021-10-14 17:26:23 - [MESSAGE][INFO] - Smart Wait Function is triggered

2021-10-14 17:26:23 - [MESSAGE][INFO] - Found 1 web elements with id: 'Object Repository/Sekmeler/UBLTag' located by 'By.cssSelector: #webkit-xml-viewer-source-xml>:first-child' in '10' second(s)

2021-10-14 17:26:23 - [MESSAGE][PASSED] - Object 'Object Repository/Sekmeler/UBLTag' is present

2021-10-14 17:26:23 - [TEST_STEP][PASSED] - println(toLowerCase().toString()): Found 1 web elements with id: 'Object Repository/Sekmeler/UBLTag' located by 'By.cssSelector: #webkit-xml-viewer-source-xml>:first-child' in '10' second(s)

2021-10-14 17:26:23 - [MESSAGE][INFO] - Finding Test Object 'Object Repository/Sekmeler/UBLTag'

2021-10-14 17:26:23 - [MESSAGE][INFO] - Finding web element from Test Object's properties

2021-10-14 17:26:23 - [MESSAGE][INFO] - Checking timeout

2021-10-14 17:26:23 - [MESSAGE][INFO] - Finding web element with id: 'Object Repository/Sekmeler/UBLTag' located by 'By.cssSelector: #webkit-xml-viewer-source-xml>:first-child' in '10' second(s)

2021-10-14 17:26:23 - [MESSAGE][INFO] - Smart Wait Function is triggered

2021-10-14 17:26:23 - [MESSAGE][INFO] - Found 1 web elements with id: 'Object Repository/Sekmeler/UBLTag' located by 'By.cssSelector: #webkit-xml-viewer-source-xml>:first-child' in '10' second(s)

2021-10-14 17:26:23 - [TEST_STEP][PASSED] - if (!(toString().contains(toString().toLowerCase()))): Found 1 web elements with id: 'Object Repository/Sekmeler/UBLTag' located by 'By.cssSelector: #webkit-xml-viewer-source-xml>:first-child' in '10' second(s)

2021-10-14 17:26:23 - [MESSAGE][INFO] - Finding Test Object 'Object Repository/Sekmeler/UBLTag'

2021-10-14 17:26:23 - [MESSAGE][INFO] - Finding web element from Test Object's properties

2021-10-14 17:26:23 - [MESSAGE][INFO] - Checking timeout

2021-10-14 17:26:23 - [MESSAGE][INFO] - Finding web element with id: 'Object Repository/Sekmeler/UBLTag' located by 'By.cssSelector: #webkit-xml-viewer-source-xml>:first-child' in '10' second(s)

2021-10-14 17:26:23 - [MESSAGE][INFO] - Smart Wait Function is triggered

2021-10-14 17:26:23 - [MESSAGE][INFO] - Found 1 web elements with id: 'Object Repository/Sekmeler/UBLTag' located by 'By.cssSelector: #webkit-xml-viewer-source-xml>:first-child' in '10' second(s)

2021-10-14 17:26:23 - [MESSAGE][PASSED] - Call Test Case 'Test Cases/Sekmeler/TagGeldiMi' successfully

2021-10-14 17:26:23 - [MESSAGE][INFO] - Checking called Test Case

2021-10-14 17:26:23 - [MESSAGE][INFO] - Starting to call Test Case 'Test Cases/Sekmeler/Ana_Sekmeye_Gec'

2021-10-14 17:26:23 - [TEST_CASE][PASSED] - Test Cases/Sekmeler/Ana_Sekmeye_Gec: Test Cases/Sekmeler/Ana_Sekmeye_Gec

2021-10-14 17:26:23 - [TEST_STEP][PASSED] - try: Window with index 1 is closed

2021-10-14 17:26:23 - [TEST_STEP][PASSED] - index = getWindowIndex(): Current window's index is: 1

2021-10-14 17:26:23 - [MESSAGE][INFO] - Getting current window's index

2021-10-14 17:26:23 - [MESSAGE][PASSED] - Current window's index is: 1

2021-10-14 17:26:23 - [TEST_STEP][PASSED] - closeWindowIndex(index): Window with index 1 is closed

2021-10-14 17:26:23 - [MESSAGE][INFO] - Checking index

2021-10-14 17:26:23 - [MESSAGE][INFO] - Closing window with index 1

2021-10-14 17:26:23 - [MESSAGE][PASSED] - Window with index 1 is closed

2021-10-14 17:26:23 - [TEST_STEP][PASSED] - switchToWindowIndex(0): Switched to window with index: '0'

2021-10-14 17:26:24 - [MESSAGE][INFO] - Checking index

2021-10-14 17:26:24 - [MESSAGE][INFO] - Switching window with index: '0'

2021-10-14 17:26:24 - [MESSAGE][PASSED] - Switched to window with index: '0'

2021-10-14 17:26:24 - [MESSAGE][PASSED] - Call Test Case 'Test Cases/Sekmeler/Ana_Sekmeye_Gec' successfully

2021-10-14 17:26:24 - [MESSAGE][INFO] - Checking called Test Case

2021-10-14 17:26:24 - [MESSAGE][INFO] - Starting to call Test Case 'Test Cases/Butonlar/ButonaTikla'

2021-10-14 17:26:24 - [TEST_CASE][PASSED] - Test Cases/Butonlar/ButonaTikla: Test Cases/Butonlar/ButonaTikla

2021-10-14 17:26:24 - [TEST_STEP][PASSED] - Method.TextDegerineEsitElementeTiklaEquals(findTestObject("Butonlar/Butonlar"), Buton_Adi): Method.TextDegerineEsitElementeTiklaEquals is PASSED

2021-10-14 17:26:24 - [MESSAGE][INFO] - Finding Test Object 'Object Repository/Butonlar/Butonlar'

2021-10-14 17:26:24 - [MESSAGE][INFO] - Checking timeout

2021-10-14 17:26:24 - [MESSAGE][INFO] - Finding web element with id: 'Object Repository/Butonlar/Butonlar' located by 'By.cssSelector: .panel.panel-default.text-center.footerPanel .btn,.btn.btn-primary.btnControls' in '10' second(s)

2021-10-14 17:26:24 - [MESSAGE][INFO] - Smart Wait Function is triggered

2021-10-14 17:26:24 - [MESSAGE][INFO] - Found 17 web elements with id: 'Object Repository/Butonlar/Butonlar' located by 'By.cssSelector: .panel.panel-default.text-center.footerPanel .btn,.btn.btn-primary.btnControls' in '10' second(s)

2021-10-14 17:26:24 - [MESSAGE][PASSED] - Method.TextDegerineEsitElementeTiklaEquals is PASSED

2021-10-14 17:26:24 - [MESSAGE][PASSED] - Call Test Case 'Test Cases/Butonlar/ButonaTikla' successfully

2021-10-14 17:26:24 - [MESSAGE][INFO] - Checking called Test Case

2021-10-14 17:26:24 - [MESSAGE][INFO] - Starting to call Test Case 'Test Cases/Butonlar/AltButonaTikla'

2021-10-14 17:26:24 - [TEST_CASE][PASSED] - Test Cases/Butonlar/AltButonaTikla: Test Cases/Butonlar/AltButonaTikla

2021-10-14 17:26:24 - [TEST_STEP][PASSED] - Method.TextDegerineEsitElementeTikla(findTestObject("Butonlar/AltButonlar"), Alt_Buton): Method.TextDegerineEsitElementeTikla is PASSED

2021-10-14 17:26:24 - [MESSAGE][INFO] - Finding Test Object 'Object Repository/Butonlar/AltButonlar'

2021-10-14 17:26:24 - [MESSAGE][INFO] - Checking timeout

2021-10-14 17:26:24 - [MESSAGE][INFO] - Finding web element with id: 'Object Repository/Butonlar/AltButonlar' located by 'By.cssSelector: .btn-group.open li>a' in '10' second(s)

2021-10-14 17:26:24 - [MESSAGE][INFO] - Smart Wait Function is triggered

2021-10-14 17:26:25 - [MESSAGE][INFO] - Found 2 web elements with id: 'Object Repository/Butonlar/AltButonlar' located by 'By.cssSelector: .btn-group.open li>a' in '10' second(s)

2021-10-14 17:26:25 - [MESSAGE][PASSED] - Method.TextDegerineEsitElementeTikla is PASSED

2021-10-14 17:26:25 - [MESSAGE][PASSED] - Call Test Case 'Test Cases/Butonlar/AltButonaTikla' successfully

2021-10-14 17:26:25 - [MESSAGE][INFO] - Checking called Test Case

2021-10-14 17:26:25 - [MESSAGE][INFO] - Starting to call Test Case 'Test Cases/Butonlar/DosyaIndirildiMi'

2021-10-14 17:26:25 - [TEST_CASE][PASSED] - Test Cases/Butonlar/DosyaIndirildiMi: Test Cases/Butonlar/DosyaIndirildiMi

2021-10-14 17:26:25 - [TEST_STEP][PASSED] - Method.isimliDosyaIndirildiMi(DownloadFile, FileName): Method.isimliDosyaIndirildiMi is PASSED

2021-10-14 17:26:25 - [MESSAGE][INFO] - Delaying browser in 3 second(s)

2021-10-14 17:26:28 - [MESSAGE][PASSED] - Delayed 3 second(s)

2021-10-14 17:26:28 - [MESSAGE][PASSED] - Method.isimliDosyaIndirildiMi is PASSED

2021-10-14 17:26:28 - [MESSAGE][PASSED] - Call Test Case 'Test Cases/Butonlar/DosyaIndirildiMi' successfully

2021-10-14 17:26:28 - [MESSAGE][INFO] - Checking called Test Case

2021-10-14 17:26:28 - [MESSAGE][INFO] - Starting to call Test Case 'Test Cases/Kullanici_Islemleri/KullaniciIslemlerindenSecimYapilir'

2021-10-14 17:26:28 - [TEST_CASE][PASSED] - Test Cases/Kullanici_Islemleri/KullaniciIslemlerindenSecimYapilir: Test Cases/Kullanici_Islemleri/KullaniciIslemlerindenSecimYapilir

2021-10-14 17:26:28 - [TEST_STEP][PASSED] - waitForElementClickable(findTestObject("Object Repository/Kullanici_Islemleri/KullaniciIslemleri"), 10): Object 'Object Repository/Kullanici_Islemleri/KullaniciIslemleri' is clickable

2021-10-14 17:26:28 - [MESSAGE][INFO] - Finding Test Object 'Object Repository/Kullanici_Islemleri/KullaniciIslemleri'

2021-10-14 17:26:28 - [MESSAGE][INFO] - Checking object

2021-10-14 17:26:28 - [MESSAGE][INFO] - Checking timeout

2021-10-14 17:26:28 - [MESSAGE][INFO] - Finding web element from Test Object's properties

2021-10-14 17:26:28 - [MESSAGE][INFO] - Checking timeout

2021-10-14 17:26:28 - [MESSAGE][INFO] - Finding web element with id: 'Object Repository/Kullanici_Islemleri/KullaniciIslemleri' located by 'By.cssSelector: .dropdown>a>img' in '10' second(s)

2021-10-14 17:26:28 - [MESSAGE][INFO] - Smart Wait Function is triggered

2021-10-14 17:26:28 - [MESSAGE][INFO] - Found 1 web elements with id: 'Object Repository/Kullanici_Islemleri/KullaniciIslemleri' located by 'By.cssSelector: .dropdown>a>img' in '10' second(s)

2021-10-14 17:26:28 - [MESSAGE][PASSED] - Object 'Object Repository/Kullanici_Islemleri/KullaniciIslemleri' is clickable

2021-10-14 17:26:28 - [TEST_STEP][PASSED] - click(findTestObject("Object Repository/Kullanici_Islemleri/KullaniciIslemleri")): Object: 'Object Repository/Kullanici_Islemleri/KullaniciIslemleri' is clicked on

2021-10-14 17:26:28 - [MESSAGE][INFO] - Finding Test Object 'Object Repository/Kullanici_Islemleri/KullaniciIslemleri'

2021-10-14 17:26:29 - [MESSAGE][INFO] - Checking object

2021-10-14 17:26:29 - [MESSAGE][INFO] - Finding web element from Test Object's properties

2021-10-14 17:26:29 - [MESSAGE][INFO] - Checking timeout

2021-10-14 17:26:29 - [MESSAGE][INFO] - Finding web element with id: 'Object Repository/Kullanici_Islemleri/KullaniciIslemleri' located by 'By.cssSelector: .dropdown>a>img' in '30' second(s)

2021-10-14 17:26:29 - [MESSAGE][INFO] - Smart Wait Function is triggered

2021-10-14 17:26:29 - [MESSAGE][INFO] - Found 1 web elements with id: 'Object Repository/Kullanici_Islemleri/KullaniciIslemleri' located by 'By.cssSelector: .dropdown>a>img' in '30' second(s)

2021-10-14 17:26:29 - [MESSAGE][INFO] - Clicking on object: 'Object Repository/Kullanici_Islemleri/KullaniciIslemleri'

2021-10-14 17:26:29 - [MESSAGE][PASSED] - Object: 'Object Repository/Kullanici_Islemleri/KullaniciIslemleri' is clicked on

2021-10-14 17:26:29 - [TEST_STEP][PASSED] - Method.TextDegerineEsitElementeTikla(findTestObject("Object Repository/Kullanici_Islemleri/Secenekler"), Islem): Method.TextDegerineEsitElementeTikla is PASSED

2021-10-14 17:26:29 - [MESSAGE][INFO] - Finding Test Object 'Object Repository/Kullanici_Islemleri/Secenekler'

2021-10-14 17:26:29 - [MESSAGE][INFO] - Checking timeout

2021-10-14 17:26:29 - [MESSAGE][INFO] - Finding web element with id: 'Object Repository/Kullanici_Islemleri/Secenekler' located by 'By.cssSelector: .nav.navbar-nav.navbar-right li a' in '10' second(s)

2021-10-14 17:26:29 - [MESSAGE][INFO] - Smart Wait Function is triggered

2021-10-14 17:26:29 - [MESSAGE][INFO] - Found 22 web elements with id: 'Object Repository/Kullanici_Islemleri/Secenekler' located by 'By.cssSelector: .nav.navbar-nav.navbar-right li a' in '10' second(s)

2021-10-14 17:26:31 - [MESSAGE][PASSED] - Method.TextDegerineEsitElementeTikla is PASSED

2021-10-14 17:26:31 - [TEST_STEP][PASSED] - verifyElementNotPresent(findTestObject("Object Repository/Kullanici_Islemleri/Secenekler"), 10): Web element with id: 'Object Repository/Kullanici_Islemleri/Secenekler' located by 'By.cssSelector: .nav.navbar-nav.navbar-right li a' is not present after '10' second(s)

2021-10-14 17:26:31 - [MESSAGE][INFO] - Finding Test Object 'Object Repository/Kullanici_Islemleri/Secenekler'

2021-10-14 17:26:31 - [MESSAGE][INFO] - Checking object

2021-10-14 17:26:31 - [MESSAGE][INFO] - Checking timeout

2021-10-14 17:26:31 - [MESSAGE][INFO] - Finding web element with id: 'Object Repository/Kullanici_Islemleri/Secenekler' located by 'By.cssSelector: .nav.navbar-nav.navbar-right li a' in '10' second(s)

2021-10-14 17:26:31 - [MESSAGE][INFO] - Smart Wait Function is triggered

2021-10-14 17:26:31 - [MESSAGE][PASSED] - Web element with id: 'Object Repository/Kullanici_Islemleri/Secenekler' located by 'By.cssSelector: .nav.navbar-nav.navbar-right li a' is not present after '10' second(s)

2021-10-14 17:26:31 - [MESSAGE][PASSED] - Call Test Case 'Test Cases/Kullanici_Islemleri/KullaniciIslemlerindenSecimYapilir' successfully

2021-10-14 17:26:31 - [TEST_CASE][PASSED] - Start Test Case : SCENARIO e-Fatura Giden Kutusu UBL - Goster: SCENARIO e-Fatura Giden Kutusu UBL - Goster

2021-10-14 17:26:31 - [TEST_STEP][PASSED] - Kullanıcı adı ELOGO6 ve Şifre 123456 olarak giriş yapılır: Kullanıcı adı ELOGO6 ve Şifre 123456 olarak giriş yapılır

2021-10-14 17:26:31 - [MESSAGE][PASSED] - Kullanıcı adı ELOGO6 ve Şifre 123456 olarak giriş yapılır

2021-10-14 17:26:31 - [TEST_STEP][PASSED] - Ana menüden e-Fatura seçilir: Ana menüden e-Fatura seçilir

2021-10-14 17:26:31 - [MESSAGE][PASSED] - Ana menüden e-Fatura seçilir

2021-10-14 17:26:31 - [TEST_STEP][PASSED] - Alt menü Giden Kutusu başlığı altındaki Faturalar seçilir: Alt menü Giden Kutusu başlığı altındaki Faturalar seçilir

2021-10-14 17:26:31 - [MESSAGE][PASSED] - Alt menü Giden Kutusu başlığı altındaki Faturalar seçilir

2021-10-14 17:26:31 - [TEST_STEP][PASSED] - Filtrelerden Oluşturma Tarihi filtresine 01.12.2020 baslangic degerini yaz: Filtrelerden Oluşturma Tarihi filtresine 01.12.2020 baslangic degerini yaz

2021-10-14 17:26:31 - [MESSAGE][PASSED] - Filtrelerden Oluşturma Tarihi filtresine 01.12.2020 baslangic degerini yaz

2021-10-14 17:26:31 - [TEST_STEP][PASSED] - Filtrelerden Oluşturma Tarihi filtresine 31.12.2020 bitis degerini yaz: Filtrelerden Oluşturma Tarihi filtresine 31.12.2020 bitis degerini yaz

2021-10-14 17:26:31 - [MESSAGE][PASSED] - Filtrelerden Oluşturma Tarihi filtresine 31.12.2020 bitis degerini yaz

2021-10-14 17:26:31 - [TEST_STEP][PASSED] - Filtre butonlarından Listele seçilir: Filtre butonlarından Listele seçilir

2021-10-14 17:26:31 - [MESSAGE][PASSED] - Filtre butonlarından Listele seçilir

2021-10-14 17:26:31 - [TEST_STEP][PASSED] - Tabloda veri var mı kontrol edilir: Tabloda veri var mı kontrol edilir

2021-10-14 17:26:31 - [MESSAGE][PASSED] - Tabloda veri var mı kontrol edilir

2021-10-14 17:26:31 - [TEST_STEP][PASSED] - Tablodan TEST isimli veri seçilir: Tablodan TEST isimli veri seçilir

2021-10-14 17:26:31 - [MESSAGE][PASSED] - Tablodan TEST isimli veri seçilir

2021-10-14 17:26:31 - [TEST_STEP][PASSED] - Butonlardan UBL isimli butona tıklanır: Butonlardan UBL isimli butona tıklanır

2021-10-14 17:26:31 - [MESSAGE][PASSED] - Butonlardan UBL isimli butona tıklanır

2021-10-14 17:26:31 - [TEST_STEP][PASSED] - Alt butonlardan Göster butonuna tıklanır: Alt butonlardan Göster butonuna tıklanır

2021-10-14 17:26:31 - [MESSAGE][PASSED] - Alt butonlardan Göster butonuna tıklanır

2021-10-14 17:26:31 - [TEST_STEP][PASSED] - Yeni açılan sekmeye geçilir: Yeni açılan sekmeye geçilir

2021-10-14 17:26:31 - [MESSAGE][PASSED] - Yeni açılan sekmeye geçilir

2021-10-14 17:26:31 - [TEST_STEP][PASSED] - invoice tagli ubl geldi mi: invoice tagli ubl geldi mi

2021-10-14 17:26:31 - [MESSAGE][PASSED] - invoice tagli ubl geldi mi

2021-10-14 17:26:31 - [TEST_STEP][PASSED] - Ana sekmeye geçilir: Ana sekmeye geçilir

2021-10-14 17:26:31 - [MESSAGE][PASSED] - Ana sekmeye geçilir

2021-10-14 17:26:31 - [TEST_STEP][PASSED] - Butonlardan UBL isimli butona tıklanır: Butonlardan UBL isimli butona tıklanır

2021-10-14 17:26:31 - [MESSAGE][PASSED] - Butonlardan UBL isimli butona tıklanır

2021-10-14 17:26:31 - [TEST_STEP][PASSED] - Alt butonlardan İndir butonuna tıklanır: Alt butonlardan İndir butonuna tıklanır

2021-10-14 17:26:31 - [MESSAGE][PASSED] - Alt butonlardan İndir butonuna tıklanır

2021-10-14 17:26:31 - [TEST_STEP][PASSED] - Ön eki Invoice olan dosya indirildi mi: Ön eki Invoice olan dosya indirildi mi

2021-10-14 17:26:31 - [MESSAGE][PASSED] - Ön eki Invoice olan dosya indirildi mi

2021-10-14 17:26:31 - [TEST_STEP][PASSED] - Kullanıcı işlemlerinden Çıkış seçilir: Kullanıcı işlemlerinden Çıkış seçilir

2021-10-14 17:26:31 - [MESSAGE][PASSED] - Kullanıcı işlemlerinden Çıkış seçilir

2021-10-14 17:26:31 - [MESSAGE][PASSED] - Feature file: 'Include/features/e-Fatura/Giden Kutusu/Faturalar/UBL-Goster-Indir.feature' was passed

2021-10-14 17:26:31 - [TEST_STEP][PASSED] - Start listener action : sampleAfterTestSuite: Invoke 'com.kms.katalon.core.annotation.AfterTestCase' method: 'Listener.sampleAfterTestSuite(...)' completed.

2021-10-14 17:26:31 - [MESSAGE][INFO] - Starting invoke 'com.kms.katalon.core.annotation.AfterTestCase' method: 'Listener.sampleAfterTestSuite(...)'

2021-10-14 17:26:31 - [TEST_STEP][PASSED] - closeBrowser(): Invoke 'com.kms.katalon.core.annotation.AfterTestCase' method: 'Listener.sampleAfterTestSuite(...)' completed.

2021-10-14 17:26:31 - [MESSAGE][INFO] - Closing browser

2021-10-14 17:26:32 - [MESSAGE][PASSED] - Browser is closed

2021-10-14 17:26:32 - [MESSAGE][INFO] - Invoke 'com.kms.katalon.core.annotation.AfterTestCase' method: 'Listener.sampleAfterTestSuite(...)' completed.]]></system-out>
         <system-err><![CDATA[]]></system-err>
      </testcase>
      <testcase name="Test Cases/Case Repository/e-Fatura/Giden Kutusu/Faturalar/PDF Goster-Indir" time="44.817" classname="Test Cases/Case Repository/e-Fatura/Giden Kutusu/Faturalar/PDF Goster-Indir" status="PASSED">
         <system-out><![CDATA[2021-10-14 17:26:32 - [TEST_CASE][PASSED] - Test Cases/Case Repository/e-Fatura/Giden Kutusu/Faturalar/PDF Goster-Indir: Test Cases/Case Repository/e-Fatura/Giden Kutusu/Faturalar/PDF Goster-Indir

2021-10-14 17:26:32 - [TEST_STEP][PASSED] - Start listener action : sampleBeforeTestSuite: Invoke 'com.kms.katalon.core.annotation.BeforeTestCase' method: 'Listener.sampleBeforeTestSuite(...)' completed.

2021-10-14 17:26:32 - [MESSAGE][INFO] - Starting invoke 'com.kms.katalon.core.annotation.BeforeTestCase' method: 'Listener.sampleBeforeTestSuite(...)'

2021-10-14 17:26:32 - [TEST_STEP][PASSED] - openBrowser(baseUrl): Browser is opened with url: 'https://efatura-stage.elogo.com.tr/'

2021-10-14 17:26:32 - [MESSAGE][INFO] - Opening browser

2021-10-14 17:26:32 - [MESSAGE][INFO] - Starting 'Chrome' driver

2021-10-14 17:26:32 - [MESSAGE][INFO] - User set preference: ['prefs', '{download.default_directory=C:\otomasyondownfiles}']

2021-10-14 17:26:32 - [MESSAGE][INFO] - Action delay is set to 0 milliseconds

2021-10-14 17:26:33 - [MESSAGE][INFO] - Navigating browser to: 'https://efatura-stage.elogo.com.tr/'

2021-10-14 17:26:36 - [MESSAGE][PASSED] - Browser is opened with url: 'https://efatura-stage.elogo.com.tr/'

2021-10-14 17:26:36 - [TEST_STEP][PASSED] - maximizeWindow(): Invoke 'com.kms.katalon.core.annotation.BeforeTestCase' method: 'Listener.sampleBeforeTestSuite(...)' completed.

2021-10-14 17:26:36 - [MESSAGE][INFO] - Maximizing current window

2021-10-14 17:26:36 - [MESSAGE][PASSED] - Current window maximized

2021-10-14 17:26:36 - [MESSAGE][INFO] - Invoke 'com.kms.katalon.core.annotation.BeforeTestCase' method: 'Listener.sampleBeforeTestSuite(...)' completed.

2021-10-14 17:26:37 - [TEST_STEP][PASSED] - runFeatureFile("Include/features/e-Fatura/Giden Kutusu/Faturalar/PDF Goster-Indir.feature"): Feature file: 'Include/features/e-Fatura/Giden Kutusu/Faturalar/PDF Goster-Indir.feature' was passed

2021-10-14 17:26:37 - [MESSAGE][INFO] - Starting run keyword runFeatureFile: 'Include/features/e-Fatura/Giden Kutusu/Faturalar/PDF Goster-Indir.feature' and extract report to folder: 'C:\Users\DELL\Downloads\EES_Katalon-main\Reports\20211014_170112\Suite Repository\e-Fatura\20211014_170113/cucumber_report/1634221597591'...

2021-10-14 17:26:37 - [MESSAGE][INFO] - Glue: []

2021-10-14 17:26:38 - [MESSAGE][INFO] - Checking called Test Case

2021-10-14 17:26:38 - [MESSAGE][INFO] - Starting to call Test Case 'Test Cases/Sayfalar/Giris_Sayfasi/Login'

2021-10-14 17:26:38 - [TEST_CASE][PASSED] - Test Cases/Sayfalar/Giris_Sayfasi/Login: Test Cases/Sayfalar/Giris_Sayfasi/Login

2021-10-14 17:26:38 - [TEST_STEP][PASSED] - Sayfa_Basligi = getWindowTitle(): Current window's title is: 'LOGO e-Fatura'

2021-10-14 17:26:38 - [MESSAGE][INFO] - Getting current window's title

2021-10-14 17:26:38 - [MESSAGE][PASSED] - Current window's title is: 'LOGO e-Fatura'

2021-10-14 17:26:38 - [TEST_STEP][PASSED] - verifyMatch(Sayfa_Basligi, "LOGO e-Fatura", false): Actual text 'LOGO e-Fatura' and expected text 'LOGO e-Fatura' are matched 

2021-10-14 17:26:38 - [MESSAGE][INFO] - Matching actual text 'LOGO e-Fatura' with expected text 'LOGO e-Fatura'

2021-10-14 17:26:38 - [MESSAGE][PASSED] - Actual text 'LOGO e-Fatura' and expected text 'LOGO e-Fatura' are matched 

2021-10-14 17:26:38 - [TEST_STEP][PASSED] - sendKeys(findTestObject("Sayfalar/Giris_Sayfasi/Firma_Kodu"), KullaniciAdi): Keys 'ELOGO6' sent to object: 'Object Repository/Sayfalar/Giris_Sayfasi/Firma_Kodu'

2021-10-14 17:26:38 - [MESSAGE][INFO] - Finding Test Object 'Object Repository/Sayfalar/Giris_Sayfasi/Firma_Kodu'

2021-10-14 17:26:38 - [MESSAGE][INFO] - Sending keys 'ELOGO6' to object: 'Object Repository/Sayfalar/Giris_Sayfasi/Firma_Kodu'

2021-10-14 17:26:38 - [MESSAGE][INFO] - Finding web element from Test Object's properties

2021-10-14 17:26:38 - [MESSAGE][INFO] - Checking timeout

2021-10-14 17:26:38 - [MESSAGE][INFO] - Finding web element with id: 'Object Repository/Sayfalar/Giris_Sayfasi/Firma_Kodu' located by 'By.xpath: //*[@id = 'AccountName']' in '30' second(s)

2021-10-14 17:26:38 - [MESSAGE][INFO] - Smart Wait Function is triggered

2021-10-14 17:26:39 - [MESSAGE][INFO] - Found 1 web elements with id: 'Object Repository/Sayfalar/Giris_Sayfasi/Firma_Kodu' located by 'By.xpath: //*[@id = 'AccountName']' in '30' second(s)

2021-10-14 17:26:39 - [MESSAGE][PASSED] - Keys 'ELOGO6' sent to object: 'Object Repository/Sayfalar/Giris_Sayfasi/Firma_Kodu'

2021-10-14 17:26:39 - [TEST_STEP][PASSED] - sendKeys(findTestObject("Sayfalar/Giris_Sayfasi/Sifre"), Sifre): Keys '123456' sent to object: 'Object Repository/Sayfalar/Giris_Sayfasi/Sifre'

2021-10-14 17:26:39 - [MESSAGE][INFO] - Finding Test Object 'Object Repository/Sayfalar/Giris_Sayfasi/Sifre'

2021-10-14 17:26:39 - [MESSAGE][INFO] - Sending keys '123456' to object: 'Object Repository/Sayfalar/Giris_Sayfasi/Sifre'

2021-10-14 17:26:39 - [MESSAGE][INFO] - Finding web element from Test Object's properties

2021-10-14 17:26:39 - [MESSAGE][INFO] - Checking timeout

2021-10-14 17:26:39 - [MESSAGE][INFO] - Finding web element with id: 'Object Repository/Sayfalar/Giris_Sayfasi/Sifre' located by 'By.xpath: //*[@id = 'Password']' in '30' second(s)

2021-10-14 17:26:39 - [MESSAGE][INFO] - Smart Wait Function is triggered

2021-10-14 17:26:39 - [MESSAGE][INFO] - Found 1 web elements with id: 'Object Repository/Sayfalar/Giris_Sayfasi/Sifre' located by 'By.xpath: //*[@id = 'Password']' in '30' second(s)

2021-10-14 17:26:39 - [MESSAGE][PASSED] - Keys '123456' sent to object: 'Object Repository/Sayfalar/Giris_Sayfasi/Sifre'

2021-10-14 17:26:39 - [TEST_STEP][PASSED] - findWebElement(findTestObject("Sayfalar/Giris_Sayfasi/Giris_Butonu")).click(): Found 1 web elements with id: 'Object Repository/Sayfalar/Giris_Sayfasi/Giris_Butonu' located by 'By.cssSelector: #btnLogin' in '30' second(s)

2021-10-14 17:26:39 - [MESSAGE][INFO] - Finding Test Object 'Object Repository/Sayfalar/Giris_Sayfasi/Giris_Butonu'

2021-10-14 17:26:40 - [MESSAGE][INFO] - Finding web element from Test Object's properties

2021-10-14 17:26:40 - [MESSAGE][INFO] - Checking timeout

2021-10-14 17:26:40 - [MESSAGE][INFO] - Finding web element with id: 'Object Repository/Sayfalar/Giris_Sayfasi/Giris_Butonu' located by 'By.cssSelector: #btnLogin' in '30' second(s)

2021-10-14 17:26:40 - [MESSAGE][INFO] - Smart Wait Function is triggered

2021-10-14 17:26:40 - [MESSAGE][INFO] - Found 1 web elements with id: 'Object Repository/Sayfalar/Giris_Sayfasi/Giris_Butonu' located by 'By.cssSelector: #btnLogin' in '30' second(s)

2021-10-14 17:26:42 - [TEST_STEP][PASSED] - if (verifyElementPresent(findTestObject("Object Repository/Sayfalar/Giris_Sayfasi/RetveTamam_Butonu"), 5, OPTIONAL)): null

2021-10-14 17:26:42 - [MESSAGE][INFO] - Finding Test Object 'Object Repository/Sayfalar/Giris_Sayfasi/RetveTamam_Butonu'

2021-10-14 17:26:42 - [MESSAGE][INFO] - Checking object

2021-10-14 17:26:42 - [MESSAGE][INFO] - Finding web element from Test Object's properties

2021-10-14 17:26:42 - [MESSAGE][INFO] - Checking timeout

2021-10-14 17:26:42 - [MESSAGE][INFO] - Finding web element with id: 'Object Repository/Sayfalar/Giris_Sayfasi/RetveTamam_Butonu' located by 'By.xpath: //*[@class = 'btn btn-default']' in '5' second(s)

2021-10-14 17:26:42 - [MESSAGE][INFO] - Smart Wait Function is triggered

2021-10-14 17:26:43 - [MESSAGE][INFO] - Found 1 web elements with id: 'Object Repository/Sayfalar/Giris_Sayfasi/RetveTamam_Butonu' located by 'By.xpath: //*[@class = 'btn btn-default']' in '5' second(s)

2021-10-14 17:26:43 - [MESSAGE][PASSED] - Object 'Object Repository/Sayfalar/Giris_Sayfasi/RetveTamam_Butonu' is present

2021-10-14 17:26:43 - [TEST_STEP][PASSED] - click(findTestObject("Object Repository/Sayfalar/Giris_Sayfasi/RetveTamam_Butonu")): Object: 'Object Repository/Sayfalar/Giris_Sayfasi/RetveTamam_Butonu' is clicked on

2021-10-14 17:26:43 - [MESSAGE][INFO] - Finding Test Object 'Object Repository/Sayfalar/Giris_Sayfasi/RetveTamam_Butonu'

2021-10-14 17:26:43 - [MESSAGE][INFO] - Checking object

2021-10-14 17:26:43 - [MESSAGE][INFO] - Finding web element from Test Object's properties

2021-10-14 17:26:43 - [MESSAGE][INFO] - Checking timeout

2021-10-14 17:26:43 - [MESSAGE][INFO] - Finding web element with id: 'Object Repository/Sayfalar/Giris_Sayfasi/RetveTamam_Butonu' located by 'By.xpath: //*[@class = 'btn btn-default']' in '30' second(s)

2021-10-14 17:26:43 - [MESSAGE][INFO] - Smart Wait Function is triggered

2021-10-14 17:26:43 - [MESSAGE][INFO] - Found 1 web elements with id: 'Object Repository/Sayfalar/Giris_Sayfasi/RetveTamam_Butonu' located by 'By.xpath: //*[@class = 'btn btn-default']' in '30' second(s)

2021-10-14 17:26:43 - [MESSAGE][INFO] - Clicking on object: 'Object Repository/Sayfalar/Giris_Sayfasi/RetveTamam_Butonu'

2021-10-14 17:26:43 - [MESSAGE][PASSED] - Object: 'Object Repository/Sayfalar/Giris_Sayfasi/RetveTamam_Butonu' is clicked on

2021-10-14 17:26:43 - [TEST_STEP][PASSED] - click(findTestObject("Object Repository/Sayfalar/Giris_Sayfasi/RetveTamam_Butonu")): Object: 'Object Repository/Sayfalar/Giris_Sayfasi/RetveTamam_Butonu' is clicked on

2021-10-14 17:26:43 - [MESSAGE][INFO] - Finding Test Object 'Object Repository/Sayfalar/Giris_Sayfasi/RetveTamam_Butonu'

2021-10-14 17:26:43 - [MESSAGE][INFO] - Checking object

2021-10-14 17:26:43 - [MESSAGE][INFO] - Finding web element from Test Object's properties

2021-10-14 17:26:43 - [MESSAGE][INFO] - Checking timeout

2021-10-14 17:26:43 - [MESSAGE][INFO] - Finding web element with id: 'Object Repository/Sayfalar/Giris_Sayfasi/RetveTamam_Butonu' located by 'By.xpath: //*[@class = 'btn btn-default']' in '30' second(s)

2021-10-14 17:26:43 - [MESSAGE][INFO] - Smart Wait Function is triggered

2021-10-14 17:26:53 - [MESSAGE][INFO] - Found 1 web elements with id: 'Object Repository/Sayfalar/Giris_Sayfasi/RetveTamam_Butonu' located by 'By.xpath: //*[@class = 'btn btn-default']' in '30' second(s)

2021-10-14 17:26:53 - [MESSAGE][INFO] - Clicking on object: 'Object Repository/Sayfalar/Giris_Sayfasi/RetveTamam_Butonu'

2021-10-14 17:26:53 - [MESSAGE][PASSED] - Object: 'Object Repository/Sayfalar/Giris_Sayfasi/RetveTamam_Butonu' is clicked on

2021-10-14 17:26:53 - [TEST_STEP][PASSED] - if (verifyElementPresent(findTestObject("Sayfalar/Giris_Sayfasi/PopupOK"), 5, OPTIONAL)): null

2021-10-14 17:26:53 - [MESSAGE][INFO] - Finding Test Object 'Object Repository/Sayfalar/Giris_Sayfasi/PopupOK'

2021-10-14 17:26:53 - [MESSAGE][INFO] - Checking object

2021-10-14 17:26:53 - [MESSAGE][INFO] - Finding web element from Test Object's properties

2021-10-14 17:26:53 - [MESSAGE][INFO] - Checking timeout

2021-10-14 17:26:53 - [MESSAGE][INFO] - Finding web element with id: 'Object Repository/Sayfalar/Giris_Sayfasi/PopupOK' located by 'By.cssSelector: .btn.btn-success' in '5' second(s)

2021-10-14 17:26:53 - [MESSAGE][INFO] - Smart Wait Function is triggered

2021-10-14 17:26:54 - [MESSAGE][INFO] - Found 1 web elements with id: 'Object Repository/Sayfalar/Giris_Sayfasi/PopupOK' located by 'By.cssSelector: .btn.btn-success' in '5' second(s)

2021-10-14 17:26:54 - [MESSAGE][PASSED] - Object 'Object Repository/Sayfalar/Giris_Sayfasi/PopupOK' is present

2021-10-14 17:26:54 - [TEST_STEP][PASSED] - click(findTestObject("Object Repository/Sayfalar/Giris_Sayfasi/PopupCarpiGiris")): Object: 'Object Repository/Sayfalar/Giris_Sayfasi/PopupCarpiGiris' is clicked on

2021-10-14 17:26:54 - [MESSAGE][INFO] - Finding Test Object 'Object Repository/Sayfalar/Giris_Sayfasi/PopupCarpiGiris'

2021-10-14 17:26:54 - [MESSAGE][INFO] - Checking object

2021-10-14 17:26:54 - [MESSAGE][INFO] - Finding web element from Test Object's properties

2021-10-14 17:26:54 - [MESSAGE][INFO] - Checking timeout

2021-10-14 17:26:54 - [MESSAGE][INFO] - Finding web element with id: 'Object Repository/Sayfalar/Giris_Sayfasi/PopupCarpiGiris' located by 'By.cssSelector: .bootbox-close-button.close' in '30' second(s)

2021-10-14 17:26:54 - [MESSAGE][INFO] - Smart Wait Function is triggered

2021-10-14 17:26:54 - [MESSAGE][INFO] - Found 1 web elements with id: 'Object Repository/Sayfalar/Giris_Sayfasi/PopupCarpiGiris' located by 'By.cssSelector: .bootbox-close-button.close' in '30' second(s)

2021-10-14 17:26:54 - [MESSAGE][INFO] - Clicking on object: 'Object Repository/Sayfalar/Giris_Sayfasi/PopupCarpiGiris'

2021-10-14 17:26:54 - [MESSAGE][PASSED] - Object: 'Object Repository/Sayfalar/Giris_Sayfasi/PopupCarpiGiris' is clicked on

2021-10-14 17:26:54 - [TEST_STEP][PASSED] - verifyElementVisible(findTestObject("Object Repository/Kullanici_Islemleri/KullaniciIslemleri")): Object 'Object Repository/Kullanici_Islemleri/KullaniciIslemleri' is visible

2021-10-14 17:26:54 - [MESSAGE][INFO] - Finding Test Object 'Object Repository/Kullanici_Islemleri/KullaniciIslemleri'

2021-10-14 17:26:54 - [MESSAGE][INFO] - Checking object

2021-10-14 17:26:54 - [MESSAGE][INFO] - Finding web element from Test Object's properties

2021-10-14 17:26:54 - [MESSAGE][INFO] - Checking timeout

2021-10-14 17:26:54 - [MESSAGE][INFO] - Finding web element with id: 'Object Repository/Kullanici_Islemleri/KullaniciIslemleri' located by 'By.cssSelector: .dropdown>a>img' in '30' second(s)

2021-10-14 17:26:54 - [MESSAGE][INFO] - Smart Wait Function is triggered

2021-10-14 17:26:55 - [MESSAGE][INFO] - Found 1 web elements with id: 'Object Repository/Kullanici_Islemleri/KullaniciIslemleri' located by 'By.cssSelector: .dropdown>a>img' in '30' second(s)

2021-10-14 17:26:55 - [MESSAGE][PASSED] - Object 'Object Repository/Kullanici_Islemleri/KullaniciIslemleri' is visible

2021-10-14 17:26:55 - [MESSAGE][PASSED] - Call Test Case 'Test Cases/Sayfalar/Giris_Sayfasi/Login' successfully

2021-10-14 17:26:55 - [MESSAGE][INFO] - Checking called Test Case

2021-10-14 17:26:55 - [MESSAGE][INFO] - Starting to call Test Case 'Test Cases/Menu/AnaMenuSecimi'

2021-10-14 17:26:55 - [TEST_CASE][PASSED] - Test Cases/Menu/AnaMenuSecimi: Test Cases/Menu/AnaMenuSecimi

2021-10-14 17:26:55 - [TEST_STEP][PASSED] - Method.TextDegerineEsitElementeTikla(findTestObject("Menu/Ana_Menu"), Ana_Menu): Method.TextDegerineEsitElementeTikla is PASSED

2021-10-14 17:26:55 - [MESSAGE][INFO] - Finding Test Object 'Object Repository/Menu/Ana_Menu'

2021-10-14 17:26:55 - [MESSAGE][INFO] - Checking timeout

2021-10-14 17:26:55 - [MESSAGE][INFO] - Finding web element with id: 'Object Repository/Menu/Ana_Menu' located by 'By.xpath: //*[@class = 'dropdown-toggle']' in '10' second(s)

2021-10-14 17:26:55 - [MESSAGE][INFO] - Smart Wait Function is triggered

2021-10-14 17:26:55 - [MESSAGE][INFO] - Found 14 web elements with id: 'Object Repository/Menu/Ana_Menu' located by 'By.xpath: //*[@class = 'dropdown-toggle']' in '10' second(s)

2021-10-14 17:26:55 - [MESSAGE][PASSED] - Method.TextDegerineEsitElementeTikla is PASSED

2021-10-14 17:26:55 - [MESSAGE][PASSED] - Call Test Case 'Test Cases/Menu/AnaMenuSecimi' successfully

2021-10-14 17:26:55 - [MESSAGE][INFO] - Checking called Test Case

2021-10-14 17:26:55 - [MESSAGE][INFO] - Starting to call Test Case 'Test Cases/Menu/BasligaGoreAltMenuSecimi'

2021-10-14 17:26:55 - [TEST_CASE][PASSED] - Test Cases/Menu/BasligaGoreAltMenuSecimi: Test Cases/Menu/BasligaGoreAltMenuSecimi

2021-10-14 17:26:55 - [TEST_STEP][PASSED] - Method.TextDegerineEsitElementinAltindakiTextDegerineEsitOlanaTikla(findTestObject("Menu/Menu_Basligi"), findTestObject("Menu/Basliga_Gore_Alt_Menu"), Baslik, Alt_Menu): Method.TextDegerineEsitElementinAltindakiTextDegerineEsitOlanaTikla is PASSED

2021-10-14 17:26:55 - [MESSAGE][INFO] - Finding Test Object 'Object Repository/Menu/Menu_Basligi'

2021-10-14 17:26:56 - [MESSAGE][INFO] - Finding Test Object 'Object Repository/Menu/Basliga_Gore_Alt_Menu'

2021-10-14 17:26:56 - [MESSAGE][INFO] - Checking timeout

2021-10-14 17:26:56 - [MESSAGE][INFO] - Finding web element with id: 'Object Repository/Menu/Menu_Basligi' located by 'By.xpath: //li[@class='dropdown dropdown-large open']//li[@class='dropdown-header']' in '10' second(s)

2021-10-14 17:26:56 - [MESSAGE][INFO] - Smart Wait Function is triggered

2021-10-14 17:26:56 - [MESSAGE][INFO] - Found 3 web elements with id: 'Object Repository/Menu/Menu_Basligi' located by 'By.xpath: //li[@class='dropdown dropdown-large open']//li[@class='dropdown-header']' in '10' second(s)

2021-10-14 17:26:56 - [MESSAGE][INFO] - Smart Wait Function is triggered

2021-10-14 17:26:59 - [MESSAGE][PASSED] - Method.TextDegerineEsitElementinAltindakiTextDegerineEsitOlanaTikla is PASSED

2021-10-14 17:26:59 - [MESSAGE][PASSED] - Call Test Case 'Test Cases/Menu/BasligaGoreAltMenuSecimi' successfully

2021-10-14 17:26:59 - [MESSAGE][INFO] - Checking called Test Case

2021-10-14 17:26:59 - [MESSAGE][INFO] - Starting to call Test Case 'Test Cases/Filtreler/BaslangicYaz'

2021-10-14 17:26:59 - [TEST_CASE][PASSED] - Test Cases/Filtreler/BaslangicYaz: Test Cases/Filtreler/BaslangicYaz

2021-10-14 17:26:59 - [TEST_STEP][PASSED] - Method.TextDegerineEsitElementinAltindakineTikla(findTestObject("Filtreler/Basliklar"), findTestObject("Filtreler/Basliga_Gore_Baslangic_Image"), Filtre_Adi): Method.TextDegerineEsitElementinAltindakineTikla is PASSED

2021-10-14 17:26:59 - [MESSAGE][INFO] - Finding Test Object 'Object Repository/Filtreler/Basliklar'

2021-10-14 17:26:59 - [MESSAGE][INFO] - Finding Test Object 'Object Repository/Filtreler/Basliga_Gore_Baslangic_Image'

2021-10-14 17:27:00 - [MESSAGE][INFO] - Checking timeout

2021-10-14 17:27:00 - [MESSAGE][INFO] - Finding web element with id: 'Object Repository/Filtreler/Basliklar' located by 'By.cssSelector: .control-label.col-sm-4.paddingMarginRLC' in '10' second(s)

2021-10-14 17:27:00 - [MESSAGE][INFO] - Smart Wait Function is triggered

2021-10-14 17:27:00 - [MESSAGE][INFO] - Found 20 web elements with id: 'Object Repository/Filtreler/Basliklar' located by 'By.cssSelector: .control-label.col-sm-4.paddingMarginRLC' in '10' second(s)

2021-10-14 17:27:00 - [MESSAGE][INFO] - Smart Wait Function is triggered

2021-10-14 17:27:00 - [MESSAGE][PASSED] - Method.TextDegerineEsitElementinAltindakineTikla is PASSED

2021-10-14 17:27:00 - [TEST_STEP][PASSED] - Method.TextDegerineEsitElementinAltindakiTextboxtaYaz(findTestObject("Filtreler/Basliklar"), findTestObject("Filtreler/Basliga_Gore_Baslangic"), Filtre_Adi, Filtre_Degeri): Method.TextDegerineEsitElementinAltindakiTextboxtaYaz is PASSED

2021-10-14 17:27:00 - [MESSAGE][INFO] - Finding Test Object 'Object Repository/Filtreler/Basliklar'

2021-10-14 17:27:01 - [MESSAGE][INFO] - Finding Test Object 'Object Repository/Filtreler/Basliga_Gore_Baslangic'

2021-10-14 17:27:01 - [MESSAGE][INFO] - Checking timeout

2021-10-14 17:27:01 - [MESSAGE][INFO] - Finding web element with id: 'Object Repository/Filtreler/Basliklar' located by 'By.cssSelector: .control-label.col-sm-4.paddingMarginRLC' in '10' second(s)

2021-10-14 17:27:01 - [MESSAGE][INFO] - Smart Wait Function is triggered

2021-10-14 17:27:01 - [MESSAGE][INFO] - Found 20 web elements with id: 'Object Repository/Filtreler/Basliklar' located by 'By.cssSelector: .control-label.col-sm-4.paddingMarginRLC' in '10' second(s)

2021-10-14 17:27:01 - [MESSAGE][INFO] - Smart Wait Function is triggered

2021-10-14 17:27:01 - [MESSAGE][PASSED] - Method.TextDegerineEsitElementinAltindakiTextboxtaYaz is PASSED

2021-10-14 17:27:01 - [MESSAGE][PASSED] - Call Test Case 'Test Cases/Filtreler/BaslangicYaz' successfully

2021-10-14 17:27:01 - [MESSAGE][INFO] - Checking called Test Case

2021-10-14 17:27:01 - [MESSAGE][INFO] - Starting to call Test Case 'Test Cases/Filtreler/BitisYaz'

2021-10-14 17:27:02 - [TEST_CASE][PASSED] - Test Cases/Filtreler/BitisYaz: Test Cases/Filtreler/BitisYaz

2021-10-14 17:27:02 - [TEST_STEP][PASSED] - Method.TextDegerineEsitElementinAltindakineTikla(findTestObject("Filtreler/Basliklar"), findTestObject("Filtreler/Basliga_Gore_Bitis_Image"), Filtre_Adi): Method.TextDegerineEsitElementinAltindakineTikla is PASSED

2021-10-14 17:27:02 - [MESSAGE][INFO] - Finding Test Object 'Object Repository/Filtreler/Basliklar'

2021-10-14 17:27:02 - [MESSAGE][INFO] - Finding Test Object 'Object Repository/Filtreler/Basliga_Gore_Bitis_Image'

2021-10-14 17:27:02 - [MESSAGE][INFO] - Checking timeout

2021-10-14 17:27:02 - [MESSAGE][INFO] - Finding web element with id: 'Object Repository/Filtreler/Basliklar' located by 'By.cssSelector: .control-label.col-sm-4.paddingMarginRLC' in '10' second(s)

2021-10-14 17:27:02 - [MESSAGE][INFO] - Smart Wait Function is triggered

2021-10-14 17:27:02 - [MESSAGE][INFO] - Found 20 web elements with id: 'Object Repository/Filtreler/Basliklar' located by 'By.cssSelector: .control-label.col-sm-4.paddingMarginRLC' in '10' second(s)

2021-10-14 17:27:02 - [MESSAGE][INFO] - Smart Wait Function is triggered

2021-10-14 17:27:03 - [MESSAGE][PASSED] - Method.TextDegerineEsitElementinAltindakineTikla is PASSED

2021-10-14 17:27:03 - [TEST_STEP][PASSED] - Method.TextDegerineEsitElementinAltindakiTextboxtaYaz(findTestObject("Filtreler/Basliklar"), findTestObject("Object Repository/Filtreler/Basliga_Gore_Bitis"), Filtre_Adi, Filtre_Degeri): Method.TextDegerineEsitElementinAltindakiTextboxtaYaz is PASSED

2021-10-14 17:27:03 - [MESSAGE][INFO] - Finding Test Object 'Object Repository/Filtreler/Basliklar'

2021-10-14 17:27:03 - [MESSAGE][INFO] - Finding Test Object 'Object Repository/Filtreler/Basliga_Gore_Bitis'

2021-10-14 17:27:03 - [MESSAGE][INFO] - Checking timeout

2021-10-14 17:27:03 - [MESSAGE][INFO] - Finding web element with id: 'Object Repository/Filtreler/Basliklar' located by 'By.cssSelector: .control-label.col-sm-4.paddingMarginRLC' in '10' second(s)

2021-10-14 17:27:03 - [MESSAGE][INFO] - Smart Wait Function is triggered

2021-10-14 17:27:03 - [MESSAGE][INFO] - Found 20 web elements with id: 'Object Repository/Filtreler/Basliklar' located by 'By.cssSelector: .control-label.col-sm-4.paddingMarginRLC' in '10' second(s)

2021-10-14 17:27:03 - [MESSAGE][INFO] - Smart Wait Function is triggered

2021-10-14 17:27:04 - [MESSAGE][PASSED] - Method.TextDegerineEsitElementinAltindakiTextboxtaYaz is PASSED

2021-10-14 17:27:04 - [MESSAGE][PASSED] - Call Test Case 'Test Cases/Filtreler/BitisYaz' successfully

2021-10-14 17:27:04 - [MESSAGE][INFO] - Checking called Test Case

2021-10-14 17:27:04 - [MESSAGE][INFO] - Starting to call Test Case 'Test Cases/Filtreler/ButonaTikla'

2021-10-14 17:27:04 - [TEST_CASE][PASSED] - Test Cases/Filtreler/ButonaTikla: Test Cases/Filtreler/ButonaTikla

2021-10-14 17:27:04 - [TEST_STEP][PASSED] - Method.TextDegerineEsitElementeTikla(findTestObject("Filtreler/Butonlar"), Filtre_Buton): Method.TextDegerineEsitElementeTikla is PASSED

2021-10-14 17:27:04 - [MESSAGE][INFO] - Finding Test Object 'Object Repository/Filtreler/Butonlar'

2021-10-14 17:27:04 - [MESSAGE][INFO] - Checking timeout

2021-10-14 17:27:04 - [MESSAGE][INFO] - Finding web element with id: 'Object Repository/Filtreler/Butonlar' located by 'By.cssSelector: .dxb>span' in '10' second(s)

2021-10-14 17:27:04 - [MESSAGE][INFO] - Smart Wait Function is triggered

2021-10-14 17:27:04 - [MESSAGE][INFO] - Found 3 web elements with id: 'Object Repository/Filtreler/Butonlar' located by 'By.cssSelector: .dxb>span' in '10' second(s)

2021-10-14 17:27:04 - [MESSAGE][PASSED] - Method.TextDegerineEsitElementeTikla is PASSED

2021-10-14 17:27:04 - [MESSAGE][PASSED] - Call Test Case 'Test Cases/Filtreler/ButonaTikla' successfully

2021-10-14 17:27:04 - [MESSAGE][INFO] - Checking called Test Case

2021-10-14 17:27:04 - [MESSAGE][INFO] - Starting to call Test Case 'Test Cases/Tablo/TablodaVeriVarMi'

2021-10-14 17:27:04 - [TEST_CASE][PASSED] - Test Cases/Tablo/TablodaVeriVarMi: Test Cases/Tablo/TablodaVeriVarMi

2021-10-14 17:27:04 - [TEST_STEP][PASSED] - verifyTextNotPresent("Görüntülenecek veri yok", true): Text 'Görüntülenecek veri yok' is not present on page using regular expression

2021-10-14 17:27:04 - [MESSAGE][INFO] - Checking text present  using regular expression

2021-10-14 17:27:04 - [MESSAGE][INFO] - Smart Wait Function is triggered

2021-10-14 17:27:05 - [MESSAGE][INFO] - Finding text 'Görüntülenecek veri yok' on page  using regular expression

2021-10-14 17:27:05 - [MESSAGE][PASSED] - Text 'Görüntülenecek veri yok' is not present on page using regular expression

2021-10-14 17:27:05 - [MESSAGE][PASSED] - Call Test Case 'Test Cases/Tablo/TablodaVeriVarMi' successfully

2021-10-14 17:27:05 - [MESSAGE][INFO] - Checking called Test Case

2021-10-14 17:27:05 - [MESSAGE][INFO] - Starting to call Test Case 'Test Cases/Tablo/TablodanVeriSec'

2021-10-14 17:27:06 - [TEST_CASE][PASSED] - Test Cases/Tablo/TablodanVeriSec: Test Cases/Tablo/TablodanVeriSec

2021-10-14 17:27:06 - [TEST_STEP][PASSED] - Method.TextDegerineEsitElementinAltindakineTikla(findTestObject("Tablo/Veriler"), findTestObject("Tablo/VerininCheckBoxi"), Veri_Adi): Method.TextDegerineEsitElementinAltindakineTikla is PASSED

2021-10-14 17:27:06 - [MESSAGE][INFO] - Finding Test Object 'Object Repository/Tablo/Veriler'

2021-10-14 17:27:06 - [MESSAGE][INFO] - Finding Test Object 'Object Repository/Tablo/VerininCheckBoxi'

2021-10-14 17:27:06 - [MESSAGE][INFO] - Checking timeout

2021-10-14 17:27:06 - [MESSAGE][INFO] - Finding web element with id: 'Object Repository/Tablo/Veriler' located by 'By.cssSelector: td.dxgv b ,td.dxgv' in '10' second(s)

2021-10-14 17:27:06 - [MESSAGE][INFO] - Smart Wait Function is triggered

2021-10-14 17:27:06 - [MESSAGE][INFO] - Found 140 web elements with id: 'Object Repository/Tablo/Veriler' located by 'By.cssSelector: td.dxgv b ,td.dxgv' in '10' second(s)

2021-10-14 17:27:06 - [MESSAGE][INFO] - Smart Wait Function is triggered

2021-10-14 17:27:07 - [MESSAGE][PASSED] - Method.TextDegerineEsitElementinAltindakineTikla is PASSED

2021-10-14 17:27:07 - [MESSAGE][PASSED] - Call Test Case 'Test Cases/Tablo/TablodanVeriSec' successfully

2021-10-14 17:27:07 - [MESSAGE][INFO] - Checking called Test Case

2021-10-14 17:27:07 - [MESSAGE][INFO] - Starting to call Test Case 'Test Cases/Butonlar/ButonaTikla'

2021-10-14 17:27:07 - [TEST_CASE][PASSED] - Test Cases/Butonlar/ButonaTikla: Test Cases/Butonlar/ButonaTikla

2021-10-14 17:27:07 - [TEST_STEP][PASSED] - Method.TextDegerineEsitElementeTiklaEquals(findTestObject("Butonlar/Butonlar"), Buton_Adi): Method.TextDegerineEsitElementeTiklaEquals is PASSED

2021-10-14 17:27:07 - [MESSAGE][INFO] - Finding Test Object 'Object Repository/Butonlar/Butonlar'

2021-10-14 17:27:07 - [MESSAGE][INFO] - Checking timeout

2021-10-14 17:27:07 - [MESSAGE][INFO] - Finding web element with id: 'Object Repository/Butonlar/Butonlar' located by 'By.cssSelector: .panel.panel-default.text-center.footerPanel .btn,.btn.btn-primary.btnControls' in '10' second(s)

2021-10-14 17:27:07 - [MESSAGE][INFO] - Smart Wait Function is triggered

2021-10-14 17:27:07 - [MESSAGE][INFO] - Found 17 web elements with id: 'Object Repository/Butonlar/Butonlar' located by 'By.cssSelector: .panel.panel-default.text-center.footerPanel .btn,.btn.btn-primary.btnControls' in '10' second(s)

2021-10-14 17:27:07 - [MESSAGE][PASSED] - Method.TextDegerineEsitElementeTiklaEquals is PASSED

2021-10-14 17:27:07 - [MESSAGE][PASSED] - Call Test Case 'Test Cases/Butonlar/ButonaTikla' successfully

2021-10-14 17:27:07 - [MESSAGE][INFO] - Checking called Test Case

2021-10-14 17:27:07 - [MESSAGE][INFO] - Starting to call Test Case 'Test Cases/Butonlar/AltButonaTikla'

2021-10-14 17:27:07 - [TEST_CASE][PASSED] - Test Cases/Butonlar/AltButonaTikla: Test Cases/Butonlar/AltButonaTikla

2021-10-14 17:27:07 - [TEST_STEP][PASSED] - Method.TextDegerineEsitElementeTikla(findTestObject("Butonlar/AltButonlar"), Alt_Buton): Method.TextDegerineEsitElementeTikla is PASSED

2021-10-14 17:27:07 - [MESSAGE][INFO] - Finding Test Object 'Object Repository/Butonlar/AltButonlar'

2021-10-14 17:27:07 - [MESSAGE][INFO] - Checking timeout

2021-10-14 17:27:07 - [MESSAGE][INFO] - Finding web element with id: 'Object Repository/Butonlar/AltButonlar' located by 'By.cssSelector: .btn-group.open li>a' in '10' second(s)

2021-10-14 17:27:07 - [MESSAGE][INFO] - Smart Wait Function is triggered

2021-10-14 17:27:08 - [MESSAGE][INFO] - Found 2 web elements with id: 'Object Repository/Butonlar/AltButonlar' located by 'By.cssSelector: .btn-group.open li>a' in '10' second(s)

2021-10-14 17:27:08 - [MESSAGE][PASSED] - Method.TextDegerineEsitElementeTikla is PASSED

2021-10-14 17:27:08 - [MESSAGE][PASSED] - Call Test Case 'Test Cases/Butonlar/AltButonaTikla' successfully

2021-10-14 17:27:08 - [MESSAGE][INFO] - Checking called Test Case

2021-10-14 17:27:08 - [MESSAGE][INFO] - Starting to call Test Case 'Test Cases/Sekmeler/YeniSekmeyeGec'

2021-10-14 17:27:08 - [TEST_CASE][PASSED] - Test Cases/Sekmeler/YeniSekmeyeGec: Test Cases/Sekmeler/YeniSekmeyeGec

2021-10-14 17:27:08 - [TEST_STEP][PASSED] - switchToWindowIndex(1): Switched to window with index: '1'

2021-10-14 17:27:08 - [MESSAGE][INFO] - Checking index

2021-10-14 17:27:08 - [MESSAGE][INFO] - Switching window with index: '1'

2021-10-14 17:27:08 - [MESSAGE][PASSED] - Switched to window with index: '1'

2021-10-14 17:27:08 - [MESSAGE][PASSED] - Call Test Case 'Test Cases/Sekmeler/YeniSekmeyeGec' successfully

2021-10-14 17:27:08 - [MESSAGE][INFO] - Checking called Test Case

2021-10-14 17:27:08 - [MESSAGE][INFO] - Starting to call Test Case 'Test Cases/Butonlar/PDFGorseliVarMi'

2021-10-14 17:27:08 - [TEST_CASE][PASSED] - Test Cases/Butonlar/PDFGorseliVarMi: Test Cases/Butonlar/PDFGorseliVarMi

2021-10-14 17:27:08 - [TEST_STEP][PASSED] - driver = getWebDriver(): null

2021-10-14 17:27:08 - [TEST_STEP][PASSED] - assert getPageSource().contains("type="application/pdf""): null

2021-10-14 17:27:08 - [MESSAGE][PASSED] - Call Test Case 'Test Cases/Butonlar/PDFGorseliVarMi' successfully

2021-10-14 17:27:08 - [MESSAGE][INFO] - Checking called Test Case

2021-10-14 17:27:08 - [MESSAGE][INFO] - Starting to call Test Case 'Test Cases/Sekmeler/Ana_Sekmeye_Gec'

2021-10-14 17:27:08 - [TEST_CASE][PASSED] - Test Cases/Sekmeler/Ana_Sekmeye_Gec: Test Cases/Sekmeler/Ana_Sekmeye_Gec

2021-10-14 17:27:08 - [TEST_STEP][PASSED] - try: Window with index 1 is closed

2021-10-14 17:27:08 - [TEST_STEP][PASSED] - index = getWindowIndex(): Current window's index is: 1

2021-10-14 17:27:08 - [MESSAGE][INFO] - Getting current window's index

2021-10-14 17:27:08 - [MESSAGE][PASSED] - Current window's index is: 1

2021-10-14 17:27:08 - [TEST_STEP][PASSED] - closeWindowIndex(index): Window with index 1 is closed

2021-10-14 17:27:08 - [MESSAGE][INFO] - Checking index

2021-10-14 17:27:08 - [MESSAGE][INFO] - Closing window with index 1

2021-10-14 17:27:08 - [MESSAGE][PASSED] - Window with index 1 is closed

2021-10-14 17:27:08 - [TEST_STEP][PASSED] - switchToWindowIndex(0): Switched to window with index: '0'

2021-10-14 17:27:08 - [MESSAGE][INFO] - Checking index

2021-10-14 17:27:08 - [MESSAGE][INFO] - Switching window with index: '0'

2021-10-14 17:27:08 - [MESSAGE][PASSED] - Switched to window with index: '0'

2021-10-14 17:27:08 - [MESSAGE][PASSED] - Call Test Case 'Test Cases/Sekmeler/Ana_Sekmeye_Gec' successfully

2021-10-14 17:27:08 - [MESSAGE][INFO] - Checking called Test Case

2021-10-14 17:27:08 - [MESSAGE][INFO] - Starting to call Test Case 'Test Cases/Butonlar/ButonaTikla'

2021-10-14 17:27:08 - [TEST_CASE][PASSED] - Test Cases/Butonlar/ButonaTikla: Test Cases/Butonlar/ButonaTikla

2021-10-14 17:27:08 - [TEST_STEP][PASSED] - Method.TextDegerineEsitElementeTiklaEquals(findTestObject("Butonlar/Butonlar"), Buton_Adi): Method.TextDegerineEsitElementeTiklaEquals is PASSED

2021-10-14 17:27:08 - [MESSAGE][INFO] - Finding Test Object 'Object Repository/Butonlar/Butonlar'

2021-10-14 17:27:08 - [MESSAGE][INFO] - Checking timeout

2021-10-14 17:27:08 - [MESSAGE][INFO] - Finding web element with id: 'Object Repository/Butonlar/Butonlar' located by 'By.cssSelector: .panel.panel-default.text-center.footerPanel .btn,.btn.btn-primary.btnControls' in '10' second(s)

2021-10-14 17:27:08 - [MESSAGE][INFO] - Smart Wait Function is triggered

2021-10-14 17:27:09 - [MESSAGE][INFO] - Found 17 web elements with id: 'Object Repository/Butonlar/Butonlar' located by 'By.cssSelector: .panel.panel-default.text-center.footerPanel .btn,.btn.btn-primary.btnControls' in '10' second(s)

2021-10-14 17:27:09 - [MESSAGE][PASSED] - Method.TextDegerineEsitElementeTiklaEquals is PASSED

2021-10-14 17:27:09 - [MESSAGE][PASSED] - Call Test Case 'Test Cases/Butonlar/ButonaTikla' successfully

2021-10-14 17:27:09 - [MESSAGE][INFO] - Checking called Test Case

2021-10-14 17:27:09 - [MESSAGE][INFO] - Starting to call Test Case 'Test Cases/Butonlar/AltButonaTikla'

2021-10-14 17:27:09 - [TEST_CASE][PASSED] - Test Cases/Butonlar/AltButonaTikla: Test Cases/Butonlar/AltButonaTikla

2021-10-14 17:27:09 - [TEST_STEP][PASSED] - Method.TextDegerineEsitElementeTikla(findTestObject("Butonlar/AltButonlar"), Alt_Buton): Method.TextDegerineEsitElementeTikla is PASSED

2021-10-14 17:27:09 - [MESSAGE][INFO] - Finding Test Object 'Object Repository/Butonlar/AltButonlar'

2021-10-14 17:27:09 - [MESSAGE][INFO] - Checking timeout

2021-10-14 17:27:09 - [MESSAGE][INFO] - Finding web element with id: 'Object Repository/Butonlar/AltButonlar' located by 'By.cssSelector: .btn-group.open li>a' in '10' second(s)

2021-10-14 17:27:09 - [MESSAGE][INFO] - Smart Wait Function is triggered

2021-10-14 17:27:09 - [MESSAGE][INFO] - Found 2 web elements with id: 'Object Repository/Butonlar/AltButonlar' located by 'By.cssSelector: .btn-group.open li>a' in '10' second(s)

2021-10-14 17:27:09 - [MESSAGE][PASSED] - Method.TextDegerineEsitElementeTikla is PASSED

2021-10-14 17:27:09 - [MESSAGE][PASSED] - Call Test Case 'Test Cases/Butonlar/AltButonaTikla' successfully

2021-10-14 17:27:09 - [MESSAGE][INFO] - Checking called Test Case

2021-10-14 17:27:09 - [MESSAGE][INFO] - Starting to call Test Case 'Test Cases/Butonlar/DosyaIndirildiMi'

2021-10-14 17:27:10 - [TEST_CASE][PASSED] - Test Cases/Butonlar/DosyaIndirildiMi: Test Cases/Butonlar/DosyaIndirildiMi

2021-10-14 17:27:10 - [TEST_STEP][PASSED] - Method.isimliDosyaIndirildiMi(DownloadFile, FileName): Method.isimliDosyaIndirildiMi is PASSED

2021-10-14 17:27:10 - [MESSAGE][INFO] - Delaying browser in 3 second(s)

2021-10-14 17:27:13 - [MESSAGE][PASSED] - Delayed 3 second(s)

2021-10-14 17:27:13 - [MESSAGE][PASSED] - Method.isimliDosyaIndirildiMi is PASSED

2021-10-14 17:27:13 - [MESSAGE][PASSED] - Call Test Case 'Test Cases/Butonlar/DosyaIndirildiMi' successfully

2021-10-14 17:27:13 - [MESSAGE][INFO] - Checking called Test Case

2021-10-14 17:27:13 - [MESSAGE][INFO] - Starting to call Test Case 'Test Cases/Kullanici_Islemleri/KullaniciIslemlerindenSecimYapilir'

2021-10-14 17:27:13 - [TEST_CASE][PASSED] - Test Cases/Kullanici_Islemleri/KullaniciIslemlerindenSecimYapilir: Test Cases/Kullanici_Islemleri/KullaniciIslemlerindenSecimYapilir

2021-10-14 17:27:13 - [TEST_STEP][PASSED] - waitForElementClickable(findTestObject("Object Repository/Kullanici_Islemleri/KullaniciIslemleri"), 10): Object 'Object Repository/Kullanici_Islemleri/KullaniciIslemleri' is clickable

2021-10-14 17:27:13 - [MESSAGE][INFO] - Finding Test Object 'Object Repository/Kullanici_Islemleri/KullaniciIslemleri'

2021-10-14 17:27:13 - [MESSAGE][INFO] - Checking object

2021-10-14 17:27:13 - [MESSAGE][INFO] - Checking timeout

2021-10-14 17:27:13 - [MESSAGE][INFO] - Finding web element from Test Object's properties

2021-10-14 17:27:13 - [MESSAGE][INFO] - Checking timeout

2021-10-14 17:27:13 - [MESSAGE][INFO] - Finding web element with id: 'Object Repository/Kullanici_Islemleri/KullaniciIslemleri' located by 'By.cssSelector: .dropdown>a>img' in '10' second(s)

2021-10-14 17:27:13 - [MESSAGE][INFO] - Smart Wait Function is triggered

2021-10-14 17:27:13 - [MESSAGE][INFO] - Found 1 web elements with id: 'Object Repository/Kullanici_Islemleri/KullaniciIslemleri' located by 'By.cssSelector: .dropdown>a>img' in '10' second(s)

2021-10-14 17:27:13 - [MESSAGE][PASSED] - Object 'Object Repository/Kullanici_Islemleri/KullaniciIslemleri' is clickable

2021-10-14 17:27:13 - [TEST_STEP][PASSED] - click(findTestObject("Object Repository/Kullanici_Islemleri/KullaniciIslemleri")): Object: 'Object Repository/Kullanici_Islemleri/KullaniciIslemleri' is clicked on

2021-10-14 17:27:13 - [MESSAGE][INFO] - Finding Test Object 'Object Repository/Kullanici_Islemleri/KullaniciIslemleri'

2021-10-14 17:27:13 - [MESSAGE][INFO] - Checking object

2021-10-14 17:27:13 - [MESSAGE][INFO] - Finding web element from Test Object's properties

2021-10-14 17:27:13 - [MESSAGE][INFO] - Checking timeout

2021-10-14 17:27:13 - [MESSAGE][INFO] - Finding web element with id: 'Object Repository/Kullanici_Islemleri/KullaniciIslemleri' located by 'By.cssSelector: .dropdown>a>img' in '30' second(s)

2021-10-14 17:27:13 - [MESSAGE][INFO] - Smart Wait Function is triggered

2021-10-14 17:27:13 - [MESSAGE][INFO] - Found 1 web elements with id: 'Object Repository/Kullanici_Islemleri/KullaniciIslemleri' located by 'By.cssSelector: .dropdown>a>img' in '30' second(s)

2021-10-14 17:27:13 - [MESSAGE][INFO] - Clicking on object: 'Object Repository/Kullanici_Islemleri/KullaniciIslemleri'

2021-10-14 17:27:13 - [MESSAGE][PASSED] - Object: 'Object Repository/Kullanici_Islemleri/KullaniciIslemleri' is clicked on

2021-10-14 17:27:13 - [TEST_STEP][PASSED] - Method.TextDegerineEsitElementeTikla(findTestObject("Object Repository/Kullanici_Islemleri/Secenekler"), Islem): Method.TextDegerineEsitElementeTikla is PASSED

2021-10-14 17:27:13 - [MESSAGE][INFO] - Finding Test Object 'Object Repository/Kullanici_Islemleri/Secenekler'

2021-10-14 17:27:13 - [MESSAGE][INFO] - Checking timeout

2021-10-14 17:27:13 - [MESSAGE][INFO] - Finding web element with id: 'Object Repository/Kullanici_Islemleri/Secenekler' located by 'By.cssSelector: .nav.navbar-nav.navbar-right li a' in '10' second(s)

2021-10-14 17:27:13 - [MESSAGE][INFO] - Smart Wait Function is triggered

2021-10-14 17:27:14 - [MESSAGE][INFO] - Found 22 web elements with id: 'Object Repository/Kullanici_Islemleri/Secenekler' located by 'By.cssSelector: .nav.navbar-nav.navbar-right li a' in '10' second(s)

2021-10-14 17:27:15 - [MESSAGE][PASSED] - Method.TextDegerineEsitElementeTikla is PASSED

2021-10-14 17:27:15 - [TEST_STEP][PASSED] - verifyElementNotPresent(findTestObject("Object Repository/Kullanici_Islemleri/Secenekler"), 10): Web element with id: 'Object Repository/Kullanici_Islemleri/Secenekler' located by 'By.cssSelector: .nav.navbar-nav.navbar-right li a' is not present after '10' second(s)

2021-10-14 17:27:15 - [MESSAGE][INFO] - Finding Test Object 'Object Repository/Kullanici_Islemleri/Secenekler'

2021-10-14 17:27:15 - [MESSAGE][INFO] - Checking object

2021-10-14 17:27:15 - [MESSAGE][INFO] - Checking timeout

2021-10-14 17:27:15 - [MESSAGE][INFO] - Finding web element with id: 'Object Repository/Kullanici_Islemleri/Secenekler' located by 'By.cssSelector: .nav.navbar-nav.navbar-right li a' in '10' second(s)

2021-10-14 17:27:15 - [MESSAGE][INFO] - Smart Wait Function is triggered

2021-10-14 17:27:16 - [MESSAGE][PASSED] - Web element with id: 'Object Repository/Kullanici_Islemleri/Secenekler' located by 'By.cssSelector: .nav.navbar-nav.navbar-right li a' is not present after '10' second(s)

2021-10-14 17:27:16 - [MESSAGE][PASSED] - Call Test Case 'Test Cases/Kullanici_Islemleri/KullaniciIslemlerindenSecimYapilir' successfully

2021-10-14 17:27:16 - [TEST_CASE][PASSED] - Start Test Case : SCENARIO Faturayi pdf olarak indirme: SCENARIO Faturayi pdf olarak indirme

2021-10-14 17:27:16 - [TEST_STEP][PASSED] - Kullanıcı adı ELOGO6 ve Şifre 123456 olarak giriş yapılır: Kullanıcı adı ELOGO6 ve Şifre 123456 olarak giriş yapılır

2021-10-14 17:27:16 - [MESSAGE][PASSED] - Kullanıcı adı ELOGO6 ve Şifre 123456 olarak giriş yapılır

2021-10-14 17:27:16 - [TEST_STEP][PASSED] - Ana menüden e-Fatura seçilir: Ana menüden e-Fatura seçilir

2021-10-14 17:27:16 - [MESSAGE][PASSED] - Ana menüden e-Fatura seçilir

2021-10-14 17:27:16 - [TEST_STEP][PASSED] - Alt menü Giden Kutusu başlığı altındaki Faturalar seçilir: Alt menü Giden Kutusu başlığı altındaki Faturalar seçilir

2021-10-14 17:27:16 - [MESSAGE][PASSED] - Alt menü Giden Kutusu başlığı altındaki Faturalar seçilir

2021-10-14 17:27:16 - [TEST_STEP][PASSED] - Filtrelerden Oluşturma Tarihi filtresine 01.12.2020 baslangic degerini yaz: Filtrelerden Oluşturma Tarihi filtresine 01.12.2020 baslangic degerini yaz

2021-10-14 17:27:16 - [MESSAGE][PASSED] - Filtrelerden Oluşturma Tarihi filtresine 01.12.2020 baslangic degerini yaz

2021-10-14 17:27:16 - [TEST_STEP][PASSED] - Filtrelerden Oluşturma Tarihi filtresine 31.12.2020 bitis degerini yaz: Filtrelerden Oluşturma Tarihi filtresine 31.12.2020 bitis degerini yaz

2021-10-14 17:27:16 - [MESSAGE][PASSED] - Filtrelerden Oluşturma Tarihi filtresine 31.12.2020 bitis degerini yaz

2021-10-14 17:27:16 - [TEST_STEP][PASSED] - Filtre butonlarından Listele seçilir: Filtre butonlarından Listele seçilir

2021-10-14 17:27:16 - [MESSAGE][PASSED] - Filtre butonlarından Listele seçilir

2021-10-14 17:27:16 - [TEST_STEP][PASSED] - Tabloda veri var mı kontrol edilir: Tabloda veri var mı kontrol edilir

2021-10-14 17:27:16 - [MESSAGE][PASSED] - Tabloda veri var mı kontrol edilir

2021-10-14 17:27:16 - [TEST_STEP][PASSED] - Tablodan TEST isimli veri seçilir: Tablodan TEST isimli veri seçilir

2021-10-14 17:27:16 - [MESSAGE][PASSED] - Tablodan TEST isimli veri seçilir

2021-10-14 17:27:16 - [TEST_STEP][PASSED] - Butonlardan PDF isimli butona tıklanır: Butonlardan PDF isimli butona tıklanır

2021-10-14 17:27:16 - [MESSAGE][PASSED] - Butonlardan PDF isimli butona tıklanır

2021-10-14 17:27:16 - [TEST_STEP][PASSED] - Alt butonlardan Göster butonuna tıklanır: Alt butonlardan Göster butonuna tıklanır

2021-10-14 17:27:16 - [MESSAGE][PASSED] - Alt butonlardan Göster butonuna tıklanır

2021-10-14 17:27:16 - [TEST_STEP][PASSED] - Yeni açılan sekmeye geçilir: Yeni açılan sekmeye geçilir

2021-10-14 17:27:16 - [MESSAGE][PASSED] - Yeni açılan sekmeye geçilir

2021-10-14 17:27:16 - [TEST_STEP][PASSED] - PDF açıldı mı: PDF açıldı mı

2021-10-14 17:27:16 - [MESSAGE][PASSED] - PDF açıldı mı

2021-10-14 17:27:16 - [TEST_STEP][PASSED] - Ana sekmeye geçilir: Ana sekmeye geçilir

2021-10-14 17:27:16 - [MESSAGE][PASSED] - Ana sekmeye geçilir

2021-10-14 17:27:16 - [TEST_STEP][PASSED] - Butonlardan PDF isimli butona tıklanır: Butonlardan PDF isimli butona tıklanır

2021-10-14 17:27:16 - [MESSAGE][PASSED] - Butonlardan PDF isimli butona tıklanır

2021-10-14 17:27:16 - [TEST_STEP][PASSED] - Alt butonlardan İndir butonuna tıklanır: Alt butonlardan İndir butonuna tıklanır

2021-10-14 17:27:16 - [MESSAGE][PASSED] - Alt butonlardan İndir butonuna tıklanır

2021-10-14 17:27:16 - [TEST_STEP][PASSED] - Ön eki Invoice olan dosya indirildi mi: Ön eki Invoice olan dosya indirildi mi

2021-10-14 17:27:16 - [MESSAGE][PASSED] - Ön eki Invoice olan dosya indirildi mi

2021-10-14 17:27:16 - [TEST_STEP][PASSED] - Kullanıcı işlemlerinden Çıkış seçilir: Kullanıcı işlemlerinden Çıkış seçilir

2021-10-14 17:27:16 - [MESSAGE][PASSED] - Kullanıcı işlemlerinden Çıkış seçilir

2021-10-14 17:27:16 - [MESSAGE][PASSED] - Feature file: 'Include/features/e-Fatura/Giden Kutusu/Faturalar/PDF Goster-Indir.feature' was passed

2021-10-14 17:27:16 - [TEST_STEP][PASSED] - Start listener action : sampleAfterTestSuite: Invoke 'com.kms.katalon.core.annotation.AfterTestCase' method: 'Listener.sampleAfterTestSuite(...)' completed.

2021-10-14 17:27:16 - [MESSAGE][INFO] - Starting invoke 'com.kms.katalon.core.annotation.AfterTestCase' method: 'Listener.sampleAfterTestSuite(...)'

2021-10-14 17:27:16 - [TEST_STEP][PASSED] - closeBrowser(): Invoke 'com.kms.katalon.core.annotation.AfterTestCase' method: 'Listener.sampleAfterTestSuite(...)' completed.

2021-10-14 17:27:16 - [MESSAGE][INFO] - Closing browser

2021-10-14 17:27:17 - [MESSAGE][PASSED] - Browser is closed

2021-10-14 17:27:17 - [MESSAGE][INFO] - Invoke 'com.kms.katalon.core.annotation.AfterTestCase' method: 'Listener.sampleAfterTestSuite(...)' completed.]]></system-out>
         <system-err><![CDATA[]]></system-err>
      </testcase>
      <testcase name="Test Cases/Case Repository/e-Fatura/Giden Kutusu/Faturalar/Varsayilan Ile Goster" time="32.875" classname="Test Cases/Case Repository/e-Fatura/Giden Kutusu/Faturalar/Varsayilan Ile Goster" status="PASSED">
         <system-out><![CDATA[2021-10-14 17:27:17 - [TEST_CASE][PASSED] - Test Cases/Case Repository/e-Fatura/Giden Kutusu/Faturalar/Varsayilan Ile Goster: Test Cases/Case Repository/e-Fatura/Giden Kutusu/Faturalar/Varsayilan Ile Goster

2021-10-14 17:27:17 - [TEST_STEP][PASSED] - Start listener action : sampleBeforeTestSuite: Invoke 'com.kms.katalon.core.annotation.BeforeTestCase' method: 'Listener.sampleBeforeTestSuite(...)' completed.

2021-10-14 17:27:17 - [MESSAGE][INFO] - Starting invoke 'com.kms.katalon.core.annotation.BeforeTestCase' method: 'Listener.sampleBeforeTestSuite(...)'

2021-10-14 17:27:17 - [TEST_STEP][PASSED] - openBrowser(baseUrl): Browser is opened with url: 'https://efatura-stage.elogo.com.tr/'

2021-10-14 17:27:17 - [MESSAGE][INFO] - Opening browser

2021-10-14 17:27:17 - [MESSAGE][INFO] - Starting 'Chrome' driver

2021-10-14 17:27:17 - [MESSAGE][INFO] - User set preference: ['prefs', '{download.default_directory=C:\otomasyondownfiles}']

2021-10-14 17:27:17 - [MESSAGE][INFO] - Action delay is set to 0 milliseconds

2021-10-14 17:27:18 - [MESSAGE][INFO] - Navigating browser to: 'https://efatura-stage.elogo.com.tr/'

2021-10-14 17:27:20 - [MESSAGE][PASSED] - Browser is opened with url: 'https://efatura-stage.elogo.com.tr/'

2021-10-14 17:27:20 - [TEST_STEP][PASSED] - maximizeWindow(): Invoke 'com.kms.katalon.core.annotation.BeforeTestCase' method: 'Listener.sampleBeforeTestSuite(...)' completed.

2021-10-14 17:27:20 - [MESSAGE][INFO] - Maximizing current window

2021-10-14 17:27:20 - [MESSAGE][PASSED] - Current window maximized

2021-10-14 17:27:20 - [MESSAGE][INFO] - Invoke 'com.kms.katalon.core.annotation.BeforeTestCase' method: 'Listener.sampleBeforeTestSuite(...)' completed.

2021-10-14 17:27:21 - [TEST_STEP][PASSED] - runFeatureFile("Include/features/e-Fatura/Giden Kutusu/Faturalar/Varsayılan Ile Goster.feature"): Feature file: 'Include/features/e-Fatura/Giden Kutusu/Faturalar/Varsayılan Ile Goster.feature' was passed

2021-10-14 17:27:21 - [MESSAGE][INFO] - Starting run keyword runFeatureFile: 'Include/features/e-Fatura/Giden Kutusu/Faturalar/Varsayılan Ile Goster.feature' and extract report to folder: 'C:\Users\DELL\Downloads\EES_Katalon-main\Reports\20211014_170112\Suite Repository\e-Fatura\20211014_170113/cucumber_report/1634221641198'...

2021-10-14 17:27:21 - [MESSAGE][INFO] - Glue: []

2021-10-14 17:27:22 - [MESSAGE][INFO] - Checking called Test Case

2021-10-14 17:27:22 - [MESSAGE][INFO] - Starting to call Test Case 'Test Cases/Sayfalar/Giris_Sayfasi/Login'

2021-10-14 17:27:22 - [TEST_CASE][PASSED] - Test Cases/Sayfalar/Giris_Sayfasi/Login: Test Cases/Sayfalar/Giris_Sayfasi/Login

2021-10-14 17:27:22 - [TEST_STEP][PASSED] - Sayfa_Basligi = getWindowTitle(): Current window's title is: 'LOGO e-Fatura'

2021-10-14 17:27:22 - [MESSAGE][INFO] - Getting current window's title

2021-10-14 17:27:22 - [MESSAGE][PASSED] - Current window's title is: 'LOGO e-Fatura'

2021-10-14 17:27:22 - [TEST_STEP][PASSED] - verifyMatch(Sayfa_Basligi, "LOGO e-Fatura", false): Actual text 'LOGO e-Fatura' and expected text 'LOGO e-Fatura' are matched 

2021-10-14 17:27:22 - [MESSAGE][INFO] - Matching actual text 'LOGO e-Fatura' with expected text 'LOGO e-Fatura'

2021-10-14 17:27:22 - [MESSAGE][PASSED] - Actual text 'LOGO e-Fatura' and expected text 'LOGO e-Fatura' are matched 

2021-10-14 17:27:22 - [TEST_STEP][PASSED] - sendKeys(findTestObject("Sayfalar/Giris_Sayfasi/Firma_Kodu"), KullaniciAdi): Keys 'ELOGO6' sent to object: 'Object Repository/Sayfalar/Giris_Sayfasi/Firma_Kodu'

2021-10-14 17:27:22 - [MESSAGE][INFO] - Finding Test Object 'Object Repository/Sayfalar/Giris_Sayfasi/Firma_Kodu'

2021-10-14 17:27:22 - [MESSAGE][INFO] - Sending keys 'ELOGO6' to object: 'Object Repository/Sayfalar/Giris_Sayfasi/Firma_Kodu'

2021-10-14 17:27:22 - [MESSAGE][INFO] - Finding web element from Test Object's properties

2021-10-14 17:27:22 - [MESSAGE][INFO] - Checking timeout

2021-10-14 17:27:22 - [MESSAGE][INFO] - Finding web element with id: 'Object Repository/Sayfalar/Giris_Sayfasi/Firma_Kodu' located by 'By.xpath: //*[@id = 'AccountName']' in '30' second(s)

2021-10-14 17:27:22 - [MESSAGE][INFO] - Smart Wait Function is triggered

2021-10-14 17:27:22 - [MESSAGE][INFO] - Found 1 web elements with id: 'Object Repository/Sayfalar/Giris_Sayfasi/Firma_Kodu' located by 'By.xpath: //*[@id = 'AccountName']' in '30' second(s)

2021-10-14 17:27:22 - [MESSAGE][PASSED] - Keys 'ELOGO6' sent to object: 'Object Repository/Sayfalar/Giris_Sayfasi/Firma_Kodu'

2021-10-14 17:27:22 - [TEST_STEP][PASSED] - sendKeys(findTestObject("Sayfalar/Giris_Sayfasi/Sifre"), Sifre): Keys '123456' sent to object: 'Object Repository/Sayfalar/Giris_Sayfasi/Sifre'

2021-10-14 17:27:22 - [MESSAGE][INFO] - Finding Test Object 'Object Repository/Sayfalar/Giris_Sayfasi/Sifre'

2021-10-14 17:27:22 - [MESSAGE][INFO] - Sending keys '123456' to object: 'Object Repository/Sayfalar/Giris_Sayfasi/Sifre'

2021-10-14 17:27:22 - [MESSAGE][INFO] - Finding web element from Test Object's properties

2021-10-14 17:27:22 - [MESSAGE][INFO] - Checking timeout

2021-10-14 17:27:22 - [MESSAGE][INFO] - Finding web element with id: 'Object Repository/Sayfalar/Giris_Sayfasi/Sifre' located by 'By.xpath: //*[@id = 'Password']' in '30' second(s)

2021-10-14 17:27:22 - [MESSAGE][INFO] - Smart Wait Function is triggered

2021-10-14 17:27:23 - [MESSAGE][INFO] - Found 1 web elements with id: 'Object Repository/Sayfalar/Giris_Sayfasi/Sifre' located by 'By.xpath: //*[@id = 'Password']' in '30' second(s)

2021-10-14 17:27:23 - [MESSAGE][PASSED] - Keys '123456' sent to object: 'Object Repository/Sayfalar/Giris_Sayfasi/Sifre'

2021-10-14 17:27:23 - [TEST_STEP][PASSED] - findWebElement(findTestObject("Sayfalar/Giris_Sayfasi/Giris_Butonu")).click(): Found 1 web elements with id: 'Object Repository/Sayfalar/Giris_Sayfasi/Giris_Butonu' located by 'By.cssSelector: #btnLogin' in '30' second(s)

2021-10-14 17:27:23 - [MESSAGE][INFO] - Finding Test Object 'Object Repository/Sayfalar/Giris_Sayfasi/Giris_Butonu'

2021-10-14 17:27:23 - [MESSAGE][INFO] - Finding web element from Test Object's properties

2021-10-14 17:27:23 - [MESSAGE][INFO] - Checking timeout

2021-10-14 17:27:23 - [MESSAGE][INFO] - Finding web element with id: 'Object Repository/Sayfalar/Giris_Sayfasi/Giris_Butonu' located by 'By.cssSelector: #btnLogin' in '30' second(s)

2021-10-14 17:27:23 - [MESSAGE][INFO] - Smart Wait Function is triggered

2021-10-14 17:27:23 - [MESSAGE][INFO] - Found 1 web elements with id: 'Object Repository/Sayfalar/Giris_Sayfasi/Giris_Butonu' located by 'By.cssSelector: #btnLogin' in '30' second(s)

2021-10-14 17:27:26 - [TEST_STEP][PASSED] - if (verifyElementPresent(findTestObject("Object Repository/Sayfalar/Giris_Sayfasi/RetveTamam_Butonu"), 5, OPTIONAL)): null

2021-10-14 17:27:26 - [MESSAGE][INFO] - Finding Test Object 'Object Repository/Sayfalar/Giris_Sayfasi/RetveTamam_Butonu'

2021-10-14 17:27:26 - [MESSAGE][INFO] - Checking object

2021-10-14 17:27:26 - [MESSAGE][INFO] - Finding web element from Test Object's properties

2021-10-14 17:27:26 - [MESSAGE][INFO] - Checking timeout

2021-10-14 17:27:26 - [MESSAGE][INFO] - Finding web element with id: 'Object Repository/Sayfalar/Giris_Sayfasi/RetveTamam_Butonu' located by 'By.xpath: //*[@class = 'btn btn-default']' in '5' second(s)

2021-10-14 17:27:26 - [MESSAGE][INFO] - Smart Wait Function is triggered

2021-10-14 17:27:26 - [MESSAGE][INFO] - Found 1 web elements with id: 'Object Repository/Sayfalar/Giris_Sayfasi/RetveTamam_Butonu' located by 'By.xpath: //*[@class = 'btn btn-default']' in '5' second(s)

2021-10-14 17:27:26 - [MESSAGE][PASSED] - Object 'Object Repository/Sayfalar/Giris_Sayfasi/RetveTamam_Butonu' is present

2021-10-14 17:27:26 - [TEST_STEP][PASSED] - click(findTestObject("Object Repository/Sayfalar/Giris_Sayfasi/RetveTamam_Butonu")): Object: 'Object Repository/Sayfalar/Giris_Sayfasi/RetveTamam_Butonu' is clicked on

2021-10-14 17:27:26 - [MESSAGE][INFO] - Finding Test Object 'Object Repository/Sayfalar/Giris_Sayfasi/RetveTamam_Butonu'

2021-10-14 17:27:26 - [MESSAGE][INFO] - Checking object

2021-10-14 17:27:26 - [MESSAGE][INFO] - Finding web element from Test Object's properties

2021-10-14 17:27:26 - [MESSAGE][INFO] - Checking timeout

2021-10-14 17:27:26 - [MESSAGE][INFO] - Finding web element with id: 'Object Repository/Sayfalar/Giris_Sayfasi/RetveTamam_Butonu' located by 'By.xpath: //*[@class = 'btn btn-default']' in '30' second(s)

2021-10-14 17:27:26 - [MESSAGE][INFO] - Smart Wait Function is triggered

2021-10-14 17:27:26 - [MESSAGE][INFO] - Found 1 web elements with id: 'Object Repository/Sayfalar/Giris_Sayfasi/RetveTamam_Butonu' located by 'By.xpath: //*[@class = 'btn btn-default']' in '30' second(s)

2021-10-14 17:27:26 - [MESSAGE][INFO] - Clicking on object: 'Object Repository/Sayfalar/Giris_Sayfasi/RetveTamam_Butonu'

2021-10-14 17:27:27 - [MESSAGE][PASSED] - Object: 'Object Repository/Sayfalar/Giris_Sayfasi/RetveTamam_Butonu' is clicked on

2021-10-14 17:27:27 - [TEST_STEP][PASSED] - click(findTestObject("Object Repository/Sayfalar/Giris_Sayfasi/RetveTamam_Butonu")): Object: 'Object Repository/Sayfalar/Giris_Sayfasi/RetveTamam_Butonu' is clicked on

2021-10-14 17:27:27 - [MESSAGE][INFO] - Finding Test Object 'Object Repository/Sayfalar/Giris_Sayfasi/RetveTamam_Butonu'

2021-10-14 17:27:27 - [MESSAGE][INFO] - Checking object

2021-10-14 17:27:27 - [MESSAGE][INFO] - Finding web element from Test Object's properties

2021-10-14 17:27:27 - [MESSAGE][INFO] - Checking timeout

2021-10-14 17:27:27 - [MESSAGE][INFO] - Finding web element with id: 'Object Repository/Sayfalar/Giris_Sayfasi/RetveTamam_Butonu' located by 'By.xpath: //*[@class = 'btn btn-default']' in '30' second(s)

2021-10-14 17:27:27 - [MESSAGE][INFO] - Smart Wait Function is triggered

2021-10-14 17:27:30 - [MESSAGE][INFO] - Found 1 web elements with id: 'Object Repository/Sayfalar/Giris_Sayfasi/RetveTamam_Butonu' located by 'By.xpath: //*[@class = 'btn btn-default']' in '30' second(s)

2021-10-14 17:27:30 - [MESSAGE][INFO] - Clicking on object: 'Object Repository/Sayfalar/Giris_Sayfasi/RetveTamam_Butonu'

2021-10-14 17:27:30 - [MESSAGE][PASSED] - Object: 'Object Repository/Sayfalar/Giris_Sayfasi/RetveTamam_Butonu' is clicked on

2021-10-14 17:27:30 - [TEST_STEP][PASSED] - if (verifyElementPresent(findTestObject("Sayfalar/Giris_Sayfasi/PopupOK"), 5, OPTIONAL)): null

2021-10-14 17:27:30 - [MESSAGE][INFO] - Finding Test Object 'Object Repository/Sayfalar/Giris_Sayfasi/PopupOK'

2021-10-14 17:27:30 - [MESSAGE][INFO] - Checking object

2021-10-14 17:27:30 - [MESSAGE][INFO] - Finding web element from Test Object's properties

2021-10-14 17:27:30 - [MESSAGE][INFO] - Checking timeout

2021-10-14 17:27:30 - [MESSAGE][INFO] - Finding web element with id: 'Object Repository/Sayfalar/Giris_Sayfasi/PopupOK' located by 'By.cssSelector: .btn.btn-success' in '5' second(s)

2021-10-14 17:27:30 - [MESSAGE][INFO] - Smart Wait Function is triggered

2021-10-14 17:27:31 - [MESSAGE][INFO] - Found 1 web elements with id: 'Object Repository/Sayfalar/Giris_Sayfasi/PopupOK' located by 'By.cssSelector: .btn.btn-success' in '5' second(s)

2021-10-14 17:27:31 - [MESSAGE][PASSED] - Object 'Object Repository/Sayfalar/Giris_Sayfasi/PopupOK' is present

2021-10-14 17:27:31 - [TEST_STEP][PASSED] - click(findTestObject("Object Repository/Sayfalar/Giris_Sayfasi/PopupCarpiGiris")): Object: 'Object Repository/Sayfalar/Giris_Sayfasi/PopupCarpiGiris' is clicked on

2021-10-14 17:27:31 - [MESSAGE][INFO] - Finding Test Object 'Object Repository/Sayfalar/Giris_Sayfasi/PopupCarpiGiris'

2021-10-14 17:27:31 - [MESSAGE][INFO] - Checking object

2021-10-14 17:27:31 - [MESSAGE][INFO] - Finding web element from Test Object's properties

2021-10-14 17:27:31 - [MESSAGE][INFO] - Checking timeout

2021-10-14 17:27:31 - [MESSAGE][INFO] - Finding web element with id: 'Object Repository/Sayfalar/Giris_Sayfasi/PopupCarpiGiris' located by 'By.cssSelector: .bootbox-close-button.close' in '30' second(s)

2021-10-14 17:27:31 - [MESSAGE][INFO] - Smart Wait Function is triggered

2021-10-14 17:27:31 - [MESSAGE][INFO] - Found 1 web elements with id: 'Object Repository/Sayfalar/Giris_Sayfasi/PopupCarpiGiris' located by 'By.cssSelector: .bootbox-close-button.close' in '30' second(s)

2021-10-14 17:27:31 - [MESSAGE][INFO] - Clicking on object: 'Object Repository/Sayfalar/Giris_Sayfasi/PopupCarpiGiris'

2021-10-14 17:27:31 - [MESSAGE][PASSED] - Object: 'Object Repository/Sayfalar/Giris_Sayfasi/PopupCarpiGiris' is clicked on

2021-10-14 17:27:31 - [TEST_STEP][PASSED] - verifyElementVisible(findTestObject("Object Repository/Kullanici_Islemleri/KullaniciIslemleri")): Object 'Object Repository/Kullanici_Islemleri/KullaniciIslemleri' is visible

2021-10-14 17:27:31 - [MESSAGE][INFO] - Finding Test Object 'Object Repository/Kullanici_Islemleri/KullaniciIslemleri'

2021-10-14 17:27:31 - [MESSAGE][INFO] - Checking object

2021-10-14 17:27:31 - [MESSAGE][INFO] - Finding web element from Test Object's properties

2021-10-14 17:27:31 - [MESSAGE][INFO] - Checking timeout

2021-10-14 17:27:31 - [MESSAGE][INFO] - Finding web element with id: 'Object Repository/Kullanici_Islemleri/KullaniciIslemleri' located by 'By.cssSelector: .dropdown>a>img' in '30' second(s)

2021-10-14 17:27:31 - [MESSAGE][INFO] - Smart Wait Function is triggered

2021-10-14 17:27:32 - [MESSAGE][INFO] - Found 1 web elements with id: 'Object Repository/Kullanici_Islemleri/KullaniciIslemleri' located by 'By.cssSelector: .dropdown>a>img' in '30' second(s)

2021-10-14 17:27:32 - [MESSAGE][PASSED] - Object 'Object Repository/Kullanici_Islemleri/KullaniciIslemleri' is visible

2021-10-14 17:27:32 - [MESSAGE][PASSED] - Call Test Case 'Test Cases/Sayfalar/Giris_Sayfasi/Login' successfully

2021-10-14 17:27:32 - [MESSAGE][INFO] - Checking called Test Case

2021-10-14 17:27:32 - [MESSAGE][INFO] - Starting to call Test Case 'Test Cases/Menu/AnaMenuSecimi'

2021-10-14 17:27:32 - [TEST_CASE][PASSED] - Test Cases/Menu/AnaMenuSecimi: Test Cases/Menu/AnaMenuSecimi

2021-10-14 17:27:32 - [TEST_STEP][PASSED] - Method.TextDegerineEsitElementeTikla(findTestObject("Menu/Ana_Menu"), Ana_Menu): Method.TextDegerineEsitElementeTikla is PASSED

2021-10-14 17:27:32 - [MESSAGE][INFO] - Finding Test Object 'Object Repository/Menu/Ana_Menu'

2021-10-14 17:27:32 - [MESSAGE][INFO] - Checking timeout

2021-10-14 17:27:32 - [MESSAGE][INFO] - Finding web element with id: 'Object Repository/Menu/Ana_Menu' located by 'By.xpath: //*[@class = 'dropdown-toggle']' in '10' second(s)

2021-10-14 17:27:32 - [MESSAGE][INFO] - Smart Wait Function is triggered

2021-10-14 17:27:32 - [MESSAGE][INFO] - Found 14 web elements with id: 'Object Repository/Menu/Ana_Menu' located by 'By.xpath: //*[@class = 'dropdown-toggle']' in '10' second(s)

2021-10-14 17:27:32 - [MESSAGE][PASSED] - Method.TextDegerineEsitElementeTikla is PASSED

2021-10-14 17:27:32 - [MESSAGE][PASSED] - Call Test Case 'Test Cases/Menu/AnaMenuSecimi' successfully

2021-10-14 17:27:32 - [MESSAGE][INFO] - Checking called Test Case

2021-10-14 17:27:32 - [MESSAGE][INFO] - Starting to call Test Case 'Test Cases/Menu/BasligaGoreAltMenuSecimi'

2021-10-14 17:27:32 - [TEST_CASE][PASSED] - Test Cases/Menu/BasligaGoreAltMenuSecimi: Test Cases/Menu/BasligaGoreAltMenuSecimi

2021-10-14 17:27:32 - [TEST_STEP][PASSED] - Method.TextDegerineEsitElementinAltindakiTextDegerineEsitOlanaTikla(findTestObject("Menu/Menu_Basligi"), findTestObject("Menu/Basliga_Gore_Alt_Menu"), Baslik, Alt_Menu): Method.TextDegerineEsitElementinAltindakiTextDegerineEsitOlanaTikla is PASSED

2021-10-14 17:27:32 - [MESSAGE][INFO] - Finding Test Object 'Object Repository/Menu/Menu_Basligi'

2021-10-14 17:27:32 - [MESSAGE][INFO] - Finding Test Object 'Object Repository/Menu/Basliga_Gore_Alt_Menu'

2021-10-14 17:27:33 - [MESSAGE][INFO] - Checking timeout

2021-10-14 17:27:33 - [MESSAGE][INFO] - Finding web element with id: 'Object Repository/Menu/Menu_Basligi' located by 'By.xpath: //li[@class='dropdown dropdown-large open']//li[@class='dropdown-header']' in '10' second(s)

2021-10-14 17:27:33 - [MESSAGE][INFO] - Smart Wait Function is triggered

2021-10-14 17:27:33 - [MESSAGE][INFO] - Found 3 web elements with id: 'Object Repository/Menu/Menu_Basligi' located by 'By.xpath: //li[@class='dropdown dropdown-large open']//li[@class='dropdown-header']' in '10' second(s)

2021-10-14 17:27:33 - [MESSAGE][INFO] - Smart Wait Function is triggered

2021-10-14 17:27:35 - [MESSAGE][PASSED] - Method.TextDegerineEsitElementinAltindakiTextDegerineEsitOlanaTikla is PASSED

2021-10-14 17:27:35 - [MESSAGE][PASSED] - Call Test Case 'Test Cases/Menu/BasligaGoreAltMenuSecimi' successfully

2021-10-14 17:27:35 - [MESSAGE][INFO] - Checking called Test Case

2021-10-14 17:27:35 - [MESSAGE][INFO] - Starting to call Test Case 'Test Cases/Filtreler/BaslangicYaz'

2021-10-14 17:27:35 - [TEST_CASE][PASSED] - Test Cases/Filtreler/BaslangicYaz: Test Cases/Filtreler/BaslangicYaz

2021-10-14 17:27:35 - [TEST_STEP][PASSED] - Method.TextDegerineEsitElementinAltindakineTikla(findTestObject("Filtreler/Basliklar"), findTestObject("Filtreler/Basliga_Gore_Baslangic_Image"), Filtre_Adi): Method.TextDegerineEsitElementinAltindakineTikla is PASSED

2021-10-14 17:27:35 - [MESSAGE][INFO] - Finding Test Object 'Object Repository/Filtreler/Basliklar'

2021-10-14 17:27:35 - [MESSAGE][INFO] - Finding Test Object 'Object Repository/Filtreler/Basliga_Gore_Baslangic_Image'

2021-10-14 17:27:36 - [MESSAGE][INFO] - Checking timeout

2021-10-14 17:27:36 - [MESSAGE][INFO] - Finding web element with id: 'Object Repository/Filtreler/Basliklar' located by 'By.cssSelector: .control-label.col-sm-4.paddingMarginRLC' in '10' second(s)

2021-10-14 17:27:36 - [MESSAGE][INFO] - Smart Wait Function is triggered

2021-10-14 17:27:36 - [MESSAGE][INFO] - Found 20 web elements with id: 'Object Repository/Filtreler/Basliklar' located by 'By.cssSelector: .control-label.col-sm-4.paddingMarginRLC' in '10' second(s)

2021-10-14 17:27:36 - [MESSAGE][INFO] - Smart Wait Function is triggered

2021-10-14 17:27:36 - [MESSAGE][PASSED] - Method.TextDegerineEsitElementinAltindakineTikla is PASSED

2021-10-14 17:27:36 - [TEST_STEP][PASSED] - Method.TextDegerineEsitElementinAltindakiTextboxtaYaz(findTestObject("Filtreler/Basliklar"), findTestObject("Filtreler/Basliga_Gore_Baslangic"), Filtre_Adi, Filtre_Degeri): Method.TextDegerineEsitElementinAltindakiTextboxtaYaz is PASSED

2021-10-14 17:27:36 - [MESSAGE][INFO] - Finding Test Object 'Object Repository/Filtreler/Basliklar'

2021-10-14 17:27:36 - [MESSAGE][INFO] - Finding Test Object 'Object Repository/Filtreler/Basliga_Gore_Baslangic'

2021-10-14 17:27:36 - [MESSAGE][INFO] - Checking timeout

2021-10-14 17:27:36 - [MESSAGE][INFO] - Finding web element with id: 'Object Repository/Filtreler/Basliklar' located by 'By.cssSelector: .control-label.col-sm-4.paddingMarginRLC' in '10' second(s)

2021-10-14 17:27:36 - [MESSAGE][INFO] - Smart Wait Function is triggered

2021-10-14 17:27:37 - [MESSAGE][INFO] - Found 20 web elements with id: 'Object Repository/Filtreler/Basliklar' located by 'By.cssSelector: .control-label.col-sm-4.paddingMarginRLC' in '10' second(s)

2021-10-14 17:27:37 - [MESSAGE][INFO] - Smart Wait Function is triggered

2021-10-14 17:27:37 - [MESSAGE][PASSED] - Method.TextDegerineEsitElementinAltindakiTextboxtaYaz is PASSED

2021-10-14 17:27:37 - [MESSAGE][PASSED] - Call Test Case 'Test Cases/Filtreler/BaslangicYaz' successfully

2021-10-14 17:27:37 - [MESSAGE][INFO] - Checking called Test Case

2021-10-14 17:27:37 - [MESSAGE][INFO] - Starting to call Test Case 'Test Cases/Filtreler/BitisYaz'

2021-10-14 17:27:37 - [TEST_CASE][PASSED] - Test Cases/Filtreler/BitisYaz: Test Cases/Filtreler/BitisYaz

2021-10-14 17:27:37 - [TEST_STEP][PASSED] - Method.TextDegerineEsitElementinAltindakineTikla(findTestObject("Filtreler/Basliklar"), findTestObject("Filtreler/Basliga_Gore_Bitis_Image"), Filtre_Adi): Method.TextDegerineEsitElementinAltindakineTikla is PASSED

2021-10-14 17:27:37 - [MESSAGE][INFO] - Finding Test Object 'Object Repository/Filtreler/Basliklar'

2021-10-14 17:27:38 - [MESSAGE][INFO] - Finding Test Object 'Object Repository/Filtreler/Basliga_Gore_Bitis_Image'

2021-10-14 17:27:38 - [MESSAGE][INFO] - Checking timeout

2021-10-14 17:27:38 - [MESSAGE][INFO] - Finding web element with id: 'Object Repository/Filtreler/Basliklar' located by 'By.cssSelector: .control-label.col-sm-4.paddingMarginRLC' in '10' second(s)

2021-10-14 17:27:38 - [MESSAGE][INFO] - Smart Wait Function is triggered

2021-10-14 17:27:38 - [MESSAGE][INFO] - Found 20 web elements with id: 'Object Repository/Filtreler/Basliklar' located by 'By.cssSelector: .control-label.col-sm-4.paddingMarginRLC' in '10' second(s)

2021-10-14 17:27:38 - [MESSAGE][INFO] - Smart Wait Function is triggered

2021-10-14 17:27:38 - [MESSAGE][PASSED] - Method.TextDegerineEsitElementinAltindakineTikla is PASSED

2021-10-14 17:27:38 - [TEST_STEP][PASSED] - Method.TextDegerineEsitElementinAltindakiTextboxtaYaz(findTestObject("Filtreler/Basliklar"), findTestObject("Object Repository/Filtreler/Basliga_Gore_Bitis"), Filtre_Adi, Filtre_Degeri): Method.TextDegerineEsitElementinAltindakiTextboxtaYaz is PASSED

2021-10-14 17:27:38 - [MESSAGE][INFO] - Finding Test Object 'Object Repository/Filtreler/Basliklar'

2021-10-14 17:27:38 - [MESSAGE][INFO] - Finding Test Object 'Object Repository/Filtreler/Basliga_Gore_Bitis'

2021-10-14 17:27:39 - [MESSAGE][INFO] - Checking timeout

2021-10-14 17:27:39 - [MESSAGE][INFO] - Finding web element with id: 'Object Repository/Filtreler/Basliklar' located by 'By.cssSelector: .control-label.col-sm-4.paddingMarginRLC' in '10' second(s)

2021-10-14 17:27:39 - [MESSAGE][INFO] - Smart Wait Function is triggered

2021-10-14 17:27:39 - [MESSAGE][INFO] - Found 20 web elements with id: 'Object Repository/Filtreler/Basliklar' located by 'By.cssSelector: .control-label.col-sm-4.paddingMarginRLC' in '10' second(s)

2021-10-14 17:27:39 - [MESSAGE][INFO] - Smart Wait Function is triggered

2021-10-14 17:27:39 - [MESSAGE][PASSED] - Method.TextDegerineEsitElementinAltindakiTextboxtaYaz is PASSED

2021-10-14 17:27:39 - [MESSAGE][PASSED] - Call Test Case 'Test Cases/Filtreler/BitisYaz' successfully

2021-10-14 17:27:39 - [MESSAGE][INFO] - Checking called Test Case

2021-10-14 17:27:39 - [MESSAGE][INFO] - Starting to call Test Case 'Test Cases/Filtreler/ButonaTikla'

2021-10-14 17:27:39 - [TEST_CASE][PASSED] - Test Cases/Filtreler/ButonaTikla: Test Cases/Filtreler/ButonaTikla

2021-10-14 17:27:39 - [TEST_STEP][PASSED] - Method.TextDegerineEsitElementeTikla(findTestObject("Filtreler/Butonlar"), Filtre_Buton): Method.TextDegerineEsitElementeTikla is PASSED

2021-10-14 17:27:39 - [MESSAGE][INFO] - Finding Test Object 'Object Repository/Filtreler/Butonlar'

2021-10-14 17:27:39 - [MESSAGE][INFO] - Checking timeout

2021-10-14 17:27:39 - [MESSAGE][INFO] - Finding web element with id: 'Object Repository/Filtreler/Butonlar' located by 'By.cssSelector: .dxb>span' in '10' second(s)

2021-10-14 17:27:39 - [MESSAGE][INFO] - Smart Wait Function is triggered

2021-10-14 17:27:40 - [MESSAGE][INFO] - Found 3 web elements with id: 'Object Repository/Filtreler/Butonlar' located by 'By.cssSelector: .dxb>span' in '10' second(s)

2021-10-14 17:27:40 - [MESSAGE][PASSED] - Method.TextDegerineEsitElementeTikla is PASSED

2021-10-14 17:27:40 - [MESSAGE][PASSED] - Call Test Case 'Test Cases/Filtreler/ButonaTikla' successfully

2021-10-14 17:27:40 - [MESSAGE][INFO] - Checking called Test Case

2021-10-14 17:27:40 - [MESSAGE][INFO] - Starting to call Test Case 'Test Cases/Tablo/TablodaVeriVarMi'

2021-10-14 17:27:40 - [TEST_CASE][PASSED] - Test Cases/Tablo/TablodaVeriVarMi: Test Cases/Tablo/TablodaVeriVarMi

2021-10-14 17:27:40 - [TEST_STEP][PASSED] - verifyTextNotPresent("Görüntülenecek veri yok", true): Text 'Görüntülenecek veri yok' is not present on page using regular expression

2021-10-14 17:27:40 - [MESSAGE][INFO] - Checking text present  using regular expression

2021-10-14 17:27:40 - [MESSAGE][INFO] - Smart Wait Function is triggered

2021-10-14 17:27:41 - [MESSAGE][INFO] - Finding text 'Görüntülenecek veri yok' on page  using regular expression

2021-10-14 17:27:41 - [MESSAGE][PASSED] - Text 'Görüntülenecek veri yok' is not present on page using regular expression

2021-10-14 17:27:41 - [MESSAGE][PASSED] - Call Test Case 'Test Cases/Tablo/TablodaVeriVarMi' successfully

2021-10-14 17:27:41 - [MESSAGE][INFO] - Checking called Test Case

2021-10-14 17:27:41 - [MESSAGE][INFO] - Starting to call Test Case 'Test Cases/Tablo/TablodanVeriSec'

2021-10-14 17:27:41 - [TEST_CASE][PASSED] - Test Cases/Tablo/TablodanVeriSec: Test Cases/Tablo/TablodanVeriSec

2021-10-14 17:27:41 - [TEST_STEP][PASSED] - Method.TextDegerineEsitElementinAltindakineTikla(findTestObject("Tablo/Veriler"), findTestObject("Tablo/VerininCheckBoxi"), Veri_Adi): Method.TextDegerineEsitElementinAltindakineTikla is PASSED

2021-10-14 17:27:41 - [MESSAGE][INFO] - Finding Test Object 'Object Repository/Tablo/Veriler'

2021-10-14 17:27:42 - [MESSAGE][INFO] - Finding Test Object 'Object Repository/Tablo/VerininCheckBoxi'

2021-10-14 17:27:42 - [MESSAGE][INFO] - Checking timeout

2021-10-14 17:27:42 - [MESSAGE][INFO] - Finding web element with id: 'Object Repository/Tablo/Veriler' located by 'By.cssSelector: td.dxgv b ,td.dxgv' in '10' second(s)

2021-10-14 17:27:42 - [MESSAGE][INFO] - Smart Wait Function is triggered

2021-10-14 17:27:42 - [MESSAGE][INFO] - Found 140 web elements with id: 'Object Repository/Tablo/Veriler' located by 'By.cssSelector: td.dxgv b ,td.dxgv' in '10' second(s)

2021-10-14 17:27:42 - [MESSAGE][INFO] - Smart Wait Function is triggered

2021-10-14 17:27:42 - [MESSAGE][PASSED] - Method.TextDegerineEsitElementinAltindakineTikla is PASSED

2021-10-14 17:27:42 - [MESSAGE][PASSED] - Call Test Case 'Test Cases/Tablo/TablodanVeriSec' successfully

2021-10-14 17:27:42 - [MESSAGE][INFO] - Checking called Test Case

2021-10-14 17:27:42 - [MESSAGE][INFO] - Starting to call Test Case 'Test Cases/Butonlar/ButonaTikla'

2021-10-14 17:27:42 - [TEST_CASE][PASSED] - Test Cases/Butonlar/ButonaTikla: Test Cases/Butonlar/ButonaTikla

2021-10-14 17:27:42 - [TEST_STEP][PASSED] - Method.TextDegerineEsitElementeTiklaEquals(findTestObject("Butonlar/Butonlar"), Buton_Adi): Method.TextDegerineEsitElementeTiklaEquals is PASSED

2021-10-14 17:27:42 - [MESSAGE][INFO] - Finding Test Object 'Object Repository/Butonlar/Butonlar'

2021-10-14 17:27:43 - [MESSAGE][INFO] - Checking timeout

2021-10-14 17:27:43 - [MESSAGE][INFO] - Finding web element with id: 'Object Repository/Butonlar/Butonlar' located by 'By.cssSelector: .panel.panel-default.text-center.footerPanel .btn,.btn.btn-primary.btnControls' in '10' second(s)

2021-10-14 17:27:43 - [MESSAGE][INFO] - Smart Wait Function is triggered

2021-10-14 17:27:43 - [MESSAGE][INFO] - Found 17 web elements with id: 'Object Repository/Butonlar/Butonlar' located by 'By.cssSelector: .panel.panel-default.text-center.footerPanel .btn,.btn.btn-primary.btnControls' in '10' second(s)

2021-10-14 17:27:43 - [MESSAGE][PASSED] - Method.TextDegerineEsitElementeTiklaEquals is PASSED

2021-10-14 17:27:43 - [MESSAGE][PASSED] - Call Test Case 'Test Cases/Butonlar/ButonaTikla' successfully

2021-10-14 17:27:43 - [MESSAGE][INFO] - Checking called Test Case

2021-10-14 17:27:43 - [MESSAGE][INFO] - Starting to call Test Case 'Test Cases/Sekmeler/YeniSekmeyeGec'

2021-10-14 17:27:43 - [TEST_CASE][PASSED] - Test Cases/Sekmeler/YeniSekmeyeGec: Test Cases/Sekmeler/YeniSekmeyeGec

2021-10-14 17:27:43 - [TEST_STEP][PASSED] - switchToWindowIndex(1): Switched to window with index: '1'

2021-10-14 17:27:43 - [MESSAGE][INFO] - Checking index

2021-10-14 17:27:43 - [MESSAGE][INFO] - Switching window with index: '1'

2021-10-14 17:27:43 - [MESSAGE][PASSED] - Switched to window with index: '1'

2021-10-14 17:27:43 - [MESSAGE][PASSED] - Call Test Case 'Test Cases/Sekmeler/YeniSekmeyeGec' successfully

2021-10-14 17:27:43 - [MESSAGE][INFO] - Checking called Test Case

2021-10-14 17:27:43 - [MESSAGE][INFO] - Starting to call Test Case 'Test Cases/Sekmeler/YeniSekmeBasligindaVarMi'

2021-10-14 17:27:43 - [TEST_CASE][PASSED] - Test Cases/Sekmeler/YeniSekmeBasligindaVarMi: Test Cases/Sekmeler/YeniSekmeBasligindaVarMi

2021-10-14 17:27:43 - [TEST_STEP][PASSED] - verifyElementText(findTestObject("Object Repository/Sekmeler/Olusturma_Goster_Baslik"), Title): Actual text and expected text of test object 'Object Repository/Sekmeler/Olusturma_Goster_Baslik' are matched.

2021-10-14 17:27:43 - [MESSAGE][INFO] - Finding Test Object 'Object Repository/Sekmeler/Olusturma_Goster_Baslik'

2021-10-14 17:27:44 - [MESSAGE][INFO] - Checking object

2021-10-14 17:27:44 - [MESSAGE][INFO] - Finding web element from Test Object's properties

2021-10-14 17:27:44 - [MESSAGE][INFO] - Checking timeout

2021-10-14 17:27:44 - [MESSAGE][INFO] - Finding web element with id: 'Object Repository/Sekmeler/Olusturma_Goster_Baslik' located by 'By.cssSelector: h1>span,td>font,font' in '30' second(s)

2021-10-14 17:27:44 - [MESSAGE][INFO] - Smart Wait Function is triggered

2021-10-14 17:27:44 - [MESSAGE][INFO] - Found 1 web elements with id: 'Object Repository/Sekmeler/Olusturma_Goster_Baslik' located by 'By.cssSelector: h1>span,td>font,font' in '30' second(s)

2021-10-14 17:27:44 - [MESSAGE][PASSED] - Actual text and expected text of test object 'Object Repository/Sekmeler/Olusturma_Goster_Baslik' are matched.

2021-10-14 17:27:44 - [MESSAGE][PASSED] - Call Test Case 'Test Cases/Sekmeler/YeniSekmeBasligindaVarMi' successfully

2021-10-14 17:27:44 - [MESSAGE][INFO] - Checking called Test Case

2021-10-14 17:27:44 - [MESSAGE][INFO] - Starting to call Test Case 'Test Cases/Sekmeler/Ana_Sekmeye_Gec'

2021-10-14 17:27:45 - [TEST_CASE][PASSED] - Test Cases/Sekmeler/Ana_Sekmeye_Gec: Test Cases/Sekmeler/Ana_Sekmeye_Gec

2021-10-14 17:27:45 - [TEST_STEP][PASSED] - try: Window with index 1 is closed

2021-10-14 17:27:45 - [TEST_STEP][PASSED] - index = getWindowIndex(): Current window's index is: 1

2021-10-14 17:27:45 - [MESSAGE][INFO] - Getting current window's index

2021-10-14 17:27:45 - [MESSAGE][PASSED] - Current window's index is: 1

2021-10-14 17:27:45 - [TEST_STEP][PASSED] - closeWindowIndex(index): Window with index 1 is closed

2021-10-14 17:27:45 - [MESSAGE][INFO] - Checking index

2021-10-14 17:27:45 - [MESSAGE][INFO] - Closing window with index 1

2021-10-14 17:27:45 - [MESSAGE][PASSED] - Window with index 1 is closed

2021-10-14 17:27:45 - [TEST_STEP][PASSED] - switchToWindowIndex(0): Switched to window with index: '0'

2021-10-14 17:27:45 - [MESSAGE][INFO] - Checking index

2021-10-14 17:27:45 - [MESSAGE][INFO] - Switching window with index: '0'

2021-10-14 17:27:45 - [MESSAGE][PASSED] - Switched to window with index: '0'

2021-10-14 17:27:45 - [MESSAGE][PASSED] - Call Test Case 'Test Cases/Sekmeler/Ana_Sekmeye_Gec' successfully

2021-10-14 17:27:45 - [MESSAGE][INFO] - Checking called Test Case

2021-10-14 17:27:45 - [MESSAGE][INFO] - Starting to call Test Case 'Test Cases/Kullanici_Islemleri/KullaniciIslemlerindenSecimYapilir'

2021-10-14 17:27:45 - [TEST_CASE][PASSED] - Test Cases/Kullanici_Islemleri/KullaniciIslemlerindenSecimYapilir: Test Cases/Kullanici_Islemleri/KullaniciIslemlerindenSecimYapilir

2021-10-14 17:27:45 - [TEST_STEP][PASSED] - waitForElementClickable(findTestObject("Object Repository/Kullanici_Islemleri/KullaniciIslemleri"), 10): Object 'Object Repository/Kullanici_Islemleri/KullaniciIslemleri' is clickable

2021-10-14 17:27:45 - [MESSAGE][INFO] - Finding Test Object 'Object Repository/Kullanici_Islemleri/KullaniciIslemleri'

2021-10-14 17:27:45 - [MESSAGE][INFO] - Checking object

2021-10-14 17:27:45 - [MESSAGE][INFO] - Checking timeout

2021-10-14 17:27:45 - [MESSAGE][INFO] - Finding web element from Test Object's properties

2021-10-14 17:27:45 - [MESSAGE][INFO] - Checking timeout

2021-10-14 17:27:45 - [MESSAGE][INFO] - Finding web element with id: 'Object Repository/Kullanici_Islemleri/KullaniciIslemleri' located by 'By.cssSelector: .dropdown>a>img' in '10' second(s)

2021-10-14 17:27:45 - [MESSAGE][INFO] - Smart Wait Function is triggered

2021-10-14 17:27:45 - [MESSAGE][INFO] - Found 1 web elements with id: 'Object Repository/Kullanici_Islemleri/KullaniciIslemleri' located by 'By.cssSelector: .dropdown>a>img' in '10' second(s)

2021-10-14 17:27:45 - [MESSAGE][PASSED] - Object 'Object Repository/Kullanici_Islemleri/KullaniciIslemleri' is clickable

2021-10-14 17:27:45 - [TEST_STEP][PASSED] - click(findTestObject("Object Repository/Kullanici_Islemleri/KullaniciIslemleri")): Object: 'Object Repository/Kullanici_Islemleri/KullaniciIslemleri' is clicked on

2021-10-14 17:27:45 - [MESSAGE][INFO] - Finding Test Object 'Object Repository/Kullanici_Islemleri/KullaniciIslemleri'

2021-10-14 17:27:45 - [MESSAGE][INFO] - Checking object

2021-10-14 17:27:45 - [MESSAGE][INFO] - Finding web element from Test Object's properties

2021-10-14 17:27:45 - [MESSAGE][INFO] - Checking timeout

2021-10-14 17:27:45 - [MESSAGE][INFO] - Finding web element with id: 'Object Repository/Kullanici_Islemleri/KullaniciIslemleri' located by 'By.cssSelector: .dropdown>a>img' in '30' second(s)

2021-10-14 17:27:45 - [MESSAGE][INFO] - Smart Wait Function is triggered

2021-10-14 17:27:46 - [MESSAGE][INFO] - Found 1 web elements with id: 'Object Repository/Kullanici_Islemleri/KullaniciIslemleri' located by 'By.cssSelector: .dropdown>a>img' in '30' second(s)

2021-10-14 17:27:46 - [MESSAGE][INFO] - Clicking on object: 'Object Repository/Kullanici_Islemleri/KullaniciIslemleri'

2021-10-14 17:27:46 - [MESSAGE][PASSED] - Object: 'Object Repository/Kullanici_Islemleri/KullaniciIslemleri' is clicked on

2021-10-14 17:27:46 - [TEST_STEP][PASSED] - Method.TextDegerineEsitElementeTikla(findTestObject("Object Repository/Kullanici_Islemleri/Secenekler"), Islem): Method.TextDegerineEsitElementeTikla is PASSED

2021-10-14 17:27:46 - [MESSAGE][INFO] - Finding Test Object 'Object Repository/Kullanici_Islemleri/Secenekler'

2021-10-14 17:27:46 - [MESSAGE][INFO] - Checking timeout

2021-10-14 17:27:46 - [MESSAGE][INFO] - Finding web element with id: 'Object Repository/Kullanici_Islemleri/Secenekler' located by 'By.cssSelector: .nav.navbar-nav.navbar-right li a' in '10' second(s)

2021-10-14 17:27:46 - [MESSAGE][INFO] - Smart Wait Function is triggered

2021-10-14 17:27:46 - [MESSAGE][INFO] - Found 22 web elements with id: 'Object Repository/Kullanici_Islemleri/Secenekler' located by 'By.cssSelector: .nav.navbar-nav.navbar-right li a' in '10' second(s)

2021-10-14 17:27:48 - [MESSAGE][PASSED] - Method.TextDegerineEsitElementeTikla is PASSED

2021-10-14 17:27:48 - [TEST_STEP][PASSED] - verifyElementNotPresent(findTestObject("Object Repository/Kullanici_Islemleri/Secenekler"), 10): Web element with id: 'Object Repository/Kullanici_Islemleri/Secenekler' located by 'By.cssSelector: .nav.navbar-nav.navbar-right li a' is not present after '10' second(s)

2021-10-14 17:27:48 - [MESSAGE][INFO] - Finding Test Object 'Object Repository/Kullanici_Islemleri/Secenekler'

2021-10-14 17:27:48 - [MESSAGE][INFO] - Checking object

2021-10-14 17:27:48 - [MESSAGE][INFO] - Checking timeout

2021-10-14 17:27:48 - [MESSAGE][INFO] - Finding web element with id: 'Object Repository/Kullanici_Islemleri/Secenekler' located by 'By.cssSelector: .nav.navbar-nav.navbar-right li a' in '10' second(s)

2021-10-14 17:27:48 - [MESSAGE][INFO] - Smart Wait Function is triggered

2021-10-14 17:27:49 - [MESSAGE][PASSED] - Web element with id: 'Object Repository/Kullanici_Islemleri/Secenekler' located by 'By.cssSelector: .nav.navbar-nav.navbar-right li a' is not present after '10' second(s)

2021-10-14 17:27:49 - [MESSAGE][PASSED] - Call Test Case 'Test Cases/Kullanici_Islemleri/KullaniciIslemlerindenSecimYapilir' successfully

2021-10-14 17:27:49 - [TEST_CASE][PASSED] - Start Test Case : SCENARIO Faturanin Varsayılan Ile Gosterilmesi: SCENARIO Faturanin Varsayılan Ile Gosterilmesi

2021-10-14 17:27:49 - [TEST_STEP][PASSED] - Kullanıcı adı ELOGO6 ve Şifre 123456 olarak giriş yapılır: Kullanıcı adı ELOGO6 ve Şifre 123456 olarak giriş yapılır

2021-10-14 17:27:49 - [MESSAGE][PASSED] - Kullanıcı adı ELOGO6 ve Şifre 123456 olarak giriş yapılır

2021-10-14 17:27:49 - [TEST_STEP][PASSED] - Ana menüden e-Fatura seçilir: Ana menüden e-Fatura seçilir

2021-10-14 17:27:49 - [MESSAGE][PASSED] - Ana menüden e-Fatura seçilir

2021-10-14 17:27:49 - [TEST_STEP][PASSED] - Alt menü Giden Kutusu başlığı altındaki Faturalar seçilir: Alt menü Giden Kutusu başlığı altındaki Faturalar seçilir

2021-10-14 17:27:49 - [MESSAGE][PASSED] - Alt menü Giden Kutusu başlığı altındaki Faturalar seçilir

2021-10-14 17:27:49 - [TEST_STEP][PASSED] - Filtrelerden Oluşturma Tarihi filtresine 01.12.2020 baslangic degerini yaz: Filtrelerden Oluşturma Tarihi filtresine 01.12.2020 baslangic degerini yaz

2021-10-14 17:27:49 - [MESSAGE][PASSED] - Filtrelerden Oluşturma Tarihi filtresine 01.12.2020 baslangic degerini yaz

2021-10-14 17:27:49 - [TEST_STEP][PASSED] - Filtrelerden Oluşturma Tarihi filtresine 31.12.2020 bitis degerini yaz: Filtrelerden Oluşturma Tarihi filtresine 31.12.2020 bitis degerini yaz

2021-10-14 17:27:49 - [MESSAGE][PASSED] - Filtrelerden Oluşturma Tarihi filtresine 31.12.2020 bitis degerini yaz

2021-10-14 17:27:49 - [TEST_STEP][PASSED] - Filtre butonlarından Listele seçilir: Filtre butonlarından Listele seçilir

2021-10-14 17:27:49 - [MESSAGE][PASSED] - Filtre butonlarından Listele seçilir

2021-10-14 17:27:49 - [TEST_STEP][PASSED] - Tabloda veri var mı kontrol edilir: Tabloda veri var mı kontrol edilir

2021-10-14 17:27:49 - [MESSAGE][PASSED] - Tabloda veri var mı kontrol edilir

2021-10-14 17:27:49 - [TEST_STEP][PASSED] - Tablodan TEST isimli veri seçilir: Tablodan TEST isimli veri seçilir

2021-10-14 17:27:49 - [MESSAGE][PASSED] - Tablodan TEST isimli veri seçilir

2021-10-14 17:27:49 - [TEST_STEP][PASSED] - Butonlardan Varsayılan İle Göster isimli butona tıklanır: Butonlardan Varsayılan İle Göster isimli butona tıklanır

2021-10-14 17:27:49 - [MESSAGE][PASSED] - Butonlardan Varsayılan İle Göster isimli butona tıklanır

2021-10-14 17:27:49 - [TEST_STEP][PASSED] - Yeni açılan sekmeye geçilir: Yeni açılan sekmeye geçilir

2021-10-14 17:27:49 - [MESSAGE][PASSED] - Yeni açılan sekmeye geçilir

2021-10-14 17:27:49 - [TEST_STEP][PASSED] - Yeni sekme başlığında e-FATURA var mı kontrol edilir: Yeni sekme başlığında e-FATURA var mı kontrol edilir

2021-10-14 17:27:49 - [MESSAGE][PASSED] - Yeni sekme başlığında e-FATURA var mı kontrol edilir

2021-10-14 17:27:49 - [TEST_STEP][PASSED] - Ana sekmeye geçilir: Ana sekmeye geçilir

2021-10-14 17:27:49 - [MESSAGE][PASSED] - Ana sekmeye geçilir

2021-10-14 17:27:49 - [TEST_STEP][PASSED] - Kullanıcı işlemlerinden Çıkış seçilir: Kullanıcı işlemlerinden Çıkış seçilir

2021-10-14 17:27:49 - [MESSAGE][PASSED] - Kullanıcı işlemlerinden Çıkış seçilir

2021-10-14 17:27:49 - [MESSAGE][PASSED] - Feature file: 'Include/features/e-Fatura/Giden Kutusu/Faturalar/Varsayılan Ile Goster.feature' was passed

2021-10-14 17:27:49 - [TEST_STEP][PASSED] - Start listener action : sampleAfterTestSuite: Invoke 'com.kms.katalon.core.annotation.AfterTestCase' method: 'Listener.sampleAfterTestSuite(...)' completed.

2021-10-14 17:27:49 - [MESSAGE][INFO] - Starting invoke 'com.kms.katalon.core.annotation.AfterTestCase' method: 'Listener.sampleAfterTestSuite(...)'

2021-10-14 17:27:49 - [TEST_STEP][PASSED] - closeBrowser(): Invoke 'com.kms.katalon.core.annotation.AfterTestCase' method: 'Listener.sampleAfterTestSuite(...)' completed.

2021-10-14 17:27:49 - [MESSAGE][INFO] - Closing browser

2021-10-14 17:27:49 - [MESSAGE][PASSED] - Browser is closed

2021-10-14 17:27:49 - [MESSAGE][INFO] - Invoke 'com.kms.katalon.core.annotation.AfterTestCase' method: 'Listener.sampleAfterTestSuite(...)' completed.]]></system-out>
         <system-err><![CDATA[]]></system-err>
      </testcase>
      <testcase name="Test Cases/Case Repository/e-Fatura/Giden Kutusu/Uygulama Yanitlari/Departman Ata-Geri Al" time="45.014" classname="Test Cases/Case Repository/e-Fatura/Giden Kutusu/Uygulama Yanitlari/Departman Ata-Geri Al" status="PASSED">
         <system-out><![CDATA[2021-10-14 17:27:49 - [TEST_CASE][PASSED] - Test Cases/Case Repository/e-Fatura/Giden Kutusu/Uygulama Yanitlari/Departman Ata-Geri Al: Test Cases/Case Repository/e-Fatura/Giden Kutusu/Uygulama Yanitlari/Departman Ata-Geri Al

2021-10-14 17:27:49 - [TEST_STEP][PASSED] - Start listener action : sampleBeforeTestSuite: Invoke 'com.kms.katalon.core.annotation.BeforeTestCase' method: 'Listener.sampleBeforeTestSuite(...)' completed.

2021-10-14 17:27:49 - [MESSAGE][INFO] - Starting invoke 'com.kms.katalon.core.annotation.BeforeTestCase' method: 'Listener.sampleBeforeTestSuite(...)'

2021-10-14 17:27:49 - [TEST_STEP][PASSED] - openBrowser(baseUrl): Browser is opened with url: 'https://efatura-stage.elogo.com.tr/'

2021-10-14 17:27:49 - [MESSAGE][INFO] - Opening browser

2021-10-14 17:27:49 - [MESSAGE][INFO] - Starting 'Chrome' driver

2021-10-14 17:27:49 - [MESSAGE][INFO] - User set preference: ['prefs', '{download.default_directory=C:\otomasyondownfiles}']

2021-10-14 17:27:49 - [MESSAGE][INFO] - Action delay is set to 0 milliseconds

2021-10-14 17:27:51 - [MESSAGE][INFO] - Navigating browser to: 'https://efatura-stage.elogo.com.tr/'

2021-10-14 17:27:56 - [MESSAGE][PASSED] - Browser is opened with url: 'https://efatura-stage.elogo.com.tr/'

2021-10-14 17:27:56 - [TEST_STEP][PASSED] - maximizeWindow(): Invoke 'com.kms.katalon.core.annotation.BeforeTestCase' method: 'Listener.sampleBeforeTestSuite(...)' completed.

2021-10-14 17:27:56 - [MESSAGE][INFO] - Maximizing current window

2021-10-14 17:27:56 - [MESSAGE][PASSED] - Current window maximized

2021-10-14 17:27:56 - [MESSAGE][INFO] - Invoke 'com.kms.katalon.core.annotation.BeforeTestCase' method: 'Listener.sampleBeforeTestSuite(...)' completed.

2021-10-14 17:27:57 - [TEST_STEP][PASSED] - runFeatureFile("Include/features/e-Fatura/Giden Kutusu/Uygulama Yanıtlari/Departman Ata-Geri Al.feature"): Feature file: 'Include/features/e-Fatura/Giden Kutusu/Uygulama Yanıtlari/Departman Ata-Geri Al.feature' was passed

2021-10-14 17:27:57 - [MESSAGE][INFO] - Starting run keyword runFeatureFile: 'Include/features/e-Fatura/Giden Kutusu/Uygulama Yanıtlari/Departman Ata-Geri Al.feature' and extract report to folder: 'C:\Users\DELL\Downloads\EES_Katalon-main\Reports\20211014_170112\Suite Repository\e-Fatura\20211014_170113/cucumber_report/1634221677771'...

2021-10-14 17:27:57 - [MESSAGE][INFO] - Glue: []

2021-10-14 17:27:58 - [MESSAGE][INFO] - Checking called Test Case

2021-10-14 17:27:58 - [MESSAGE][INFO] - Starting to call Test Case 'Test Cases/Sayfalar/Giris_Sayfasi/Login'

2021-10-14 17:27:58 - [TEST_CASE][PASSED] - Test Cases/Sayfalar/Giris_Sayfasi/Login: Test Cases/Sayfalar/Giris_Sayfasi/Login

2021-10-14 17:27:58 - [TEST_STEP][PASSED] - Sayfa_Basligi = getWindowTitle(): Current window's title is: 'LOGO e-Fatura'

2021-10-14 17:27:58 - [MESSAGE][INFO] - Getting current window's title

2021-10-14 17:27:58 - [MESSAGE][PASSED] - Current window's title is: 'LOGO e-Fatura'

2021-10-14 17:27:58 - [TEST_STEP][PASSED] - verifyMatch(Sayfa_Basligi, "LOGO e-Fatura", false): Actual text 'LOGO e-Fatura' and expected text 'LOGO e-Fatura' are matched 

2021-10-14 17:27:58 - [MESSAGE][INFO] - Matching actual text 'LOGO e-Fatura' with expected text 'LOGO e-Fatura'

2021-10-14 17:27:58 - [MESSAGE][PASSED] - Actual text 'LOGO e-Fatura' and expected text 'LOGO e-Fatura' are matched 

2021-10-14 17:27:58 - [TEST_STEP][PASSED] - sendKeys(findTestObject("Sayfalar/Giris_Sayfasi/Firma_Kodu"), KullaniciAdi): Keys 'ELOGO6' sent to object: 'Object Repository/Sayfalar/Giris_Sayfasi/Firma_Kodu'

2021-10-14 17:27:58 - [MESSAGE][INFO] - Finding Test Object 'Object Repository/Sayfalar/Giris_Sayfasi/Firma_Kodu'

2021-10-14 17:27:58 - [MESSAGE][INFO] - Sending keys 'ELOGO6' to object: 'Object Repository/Sayfalar/Giris_Sayfasi/Firma_Kodu'

2021-10-14 17:27:58 - [MESSAGE][INFO] - Finding web element from Test Object's properties

2021-10-14 17:27:58 - [MESSAGE][INFO] - Checking timeout

2021-10-14 17:27:58 - [MESSAGE][INFO] - Finding web element with id: 'Object Repository/Sayfalar/Giris_Sayfasi/Firma_Kodu' located by 'By.xpath: //*[@id = 'AccountName']' in '30' second(s)

2021-10-14 17:27:58 - [MESSAGE][INFO] - Smart Wait Function is triggered

2021-10-14 17:27:59 - [MESSAGE][INFO] - Found 1 web elements with id: 'Object Repository/Sayfalar/Giris_Sayfasi/Firma_Kodu' located by 'By.xpath: //*[@id = 'AccountName']' in '30' second(s)

2021-10-14 17:27:59 - [MESSAGE][PASSED] - Keys 'ELOGO6' sent to object: 'Object Repository/Sayfalar/Giris_Sayfasi/Firma_Kodu'

2021-10-14 17:27:59 - [TEST_STEP][PASSED] - sendKeys(findTestObject("Sayfalar/Giris_Sayfasi/Sifre"), Sifre): Keys '123456' sent to object: 'Object Repository/Sayfalar/Giris_Sayfasi/Sifre'

2021-10-14 17:27:59 - [MESSAGE][INFO] - Finding Test Object 'Object Repository/Sayfalar/Giris_Sayfasi/Sifre'

2021-10-14 17:27:59 - [MESSAGE][INFO] - Sending keys '123456' to object: 'Object Repository/Sayfalar/Giris_Sayfasi/Sifre'

2021-10-14 17:27:59 - [MESSAGE][INFO] - Finding web element from Test Object's properties

2021-10-14 17:27:59 - [MESSAGE][INFO] - Checking timeout

2021-10-14 17:27:59 - [MESSAGE][INFO] - Finding web element with id: 'Object Repository/Sayfalar/Giris_Sayfasi/Sifre' located by 'By.xpath: //*[@id = 'Password']' in '30' second(s)

2021-10-14 17:27:59 - [MESSAGE][INFO] - Smart Wait Function is triggered

2021-10-14 17:27:59 - [MESSAGE][INFO] - Found 1 web elements with id: 'Object Repository/Sayfalar/Giris_Sayfasi/Sifre' located by 'By.xpath: //*[@id = 'Password']' in '30' second(s)

2021-10-14 17:27:59 - [MESSAGE][PASSED] - Keys '123456' sent to object: 'Object Repository/Sayfalar/Giris_Sayfasi/Sifre'

2021-10-14 17:27:59 - [TEST_STEP][PASSED] - findWebElement(findTestObject("Sayfalar/Giris_Sayfasi/Giris_Butonu")).click(): Found 1 web elements with id: 'Object Repository/Sayfalar/Giris_Sayfasi/Giris_Butonu' located by 'By.cssSelector: #btnLogin' in '30' second(s)

2021-10-14 17:27:59 - [MESSAGE][INFO] - Finding Test Object 'Object Repository/Sayfalar/Giris_Sayfasi/Giris_Butonu'

2021-10-14 17:27:59 - [MESSAGE][INFO] - Finding web element from Test Object's properties

2021-10-14 17:27:59 - [MESSAGE][INFO] - Checking timeout

2021-10-14 17:27:59 - [MESSAGE][INFO] - Finding web element with id: 'Object Repository/Sayfalar/Giris_Sayfasi/Giris_Butonu' located by 'By.cssSelector: #btnLogin' in '30' second(s)

2021-10-14 17:27:59 - [MESSAGE][INFO] - Smart Wait Function is triggered

2021-10-14 17:28:00 - [MESSAGE][INFO] - Found 1 web elements with id: 'Object Repository/Sayfalar/Giris_Sayfasi/Giris_Butonu' located by 'By.cssSelector: #btnLogin' in '30' second(s)

2021-10-14 17:28:02 - [TEST_STEP][PASSED] - if (verifyElementPresent(findTestObject("Object Repository/Sayfalar/Giris_Sayfasi/RetveTamam_Butonu"), 5, OPTIONAL)): null

2021-10-14 17:28:02 - [MESSAGE][INFO] - Finding Test Object 'Object Repository/Sayfalar/Giris_Sayfasi/RetveTamam_Butonu'

2021-10-14 17:28:02 - [MESSAGE][INFO] - Checking object

2021-10-14 17:28:02 - [MESSAGE][INFO] - Finding web element from Test Object's properties

2021-10-14 17:28:02 - [MESSAGE][INFO] - Checking timeout

2021-10-14 17:28:02 - [MESSAGE][INFO] - Finding web element with id: 'Object Repository/Sayfalar/Giris_Sayfasi/RetveTamam_Butonu' located by 'By.xpath: //*[@class = 'btn btn-default']' in '5' second(s)

2021-10-14 17:28:02 - [MESSAGE][INFO] - Smart Wait Function is triggered

2021-10-14 17:28:03 - [MESSAGE][INFO] - Found 1 web elements with id: 'Object Repository/Sayfalar/Giris_Sayfasi/RetveTamam_Butonu' located by 'By.xpath: //*[@class = 'btn btn-default']' in '5' second(s)

2021-10-14 17:28:03 - [MESSAGE][PASSED] - Object 'Object Repository/Sayfalar/Giris_Sayfasi/RetveTamam_Butonu' is present

2021-10-14 17:28:03 - [TEST_STEP][PASSED] - click(findTestObject("Object Repository/Sayfalar/Giris_Sayfasi/RetveTamam_Butonu")): Object: 'Object Repository/Sayfalar/Giris_Sayfasi/RetveTamam_Butonu' is clicked on

2021-10-14 17:28:03 - [MESSAGE][INFO] - Finding Test Object 'Object Repository/Sayfalar/Giris_Sayfasi/RetveTamam_Butonu'

2021-10-14 17:28:03 - [MESSAGE][INFO] - Checking object

2021-10-14 17:28:03 - [MESSAGE][INFO] - Finding web element from Test Object's properties

2021-10-14 17:28:03 - [MESSAGE][INFO] - Checking timeout

2021-10-14 17:28:03 - [MESSAGE][INFO] - Finding web element with id: 'Object Repository/Sayfalar/Giris_Sayfasi/RetveTamam_Butonu' located by 'By.xpath: //*[@class = 'btn btn-default']' in '30' second(s)

2021-10-14 17:28:03 - [MESSAGE][INFO] - Smart Wait Function is triggered

2021-10-14 17:28:03 - [MESSAGE][INFO] - Found 1 web elements with id: 'Object Repository/Sayfalar/Giris_Sayfasi/RetveTamam_Butonu' located by 'By.xpath: //*[@class = 'btn btn-default']' in '30' second(s)

2021-10-14 17:28:03 - [MESSAGE][INFO] - Clicking on object: 'Object Repository/Sayfalar/Giris_Sayfasi/RetveTamam_Butonu'

2021-10-14 17:28:03 - [MESSAGE][PASSED] - Object: 'Object Repository/Sayfalar/Giris_Sayfasi/RetveTamam_Butonu' is clicked on

2021-10-14 17:28:03 - [TEST_STEP][PASSED] - click(findTestObject("Object Repository/Sayfalar/Giris_Sayfasi/RetveTamam_Butonu")): Object: 'Object Repository/Sayfalar/Giris_Sayfasi/RetveTamam_Butonu' is clicked on

2021-10-14 17:28:03 - [MESSAGE][INFO] - Finding Test Object 'Object Repository/Sayfalar/Giris_Sayfasi/RetveTamam_Butonu'

2021-10-14 17:28:03 - [MESSAGE][INFO] - Checking object

2021-10-14 17:28:03 - [MESSAGE][INFO] - Finding web element from Test Object's properties

2021-10-14 17:28:03 - [MESSAGE][INFO] - Checking timeout

2021-10-14 17:28:03 - [MESSAGE][INFO] - Finding web element with id: 'Object Repository/Sayfalar/Giris_Sayfasi/RetveTamam_Butonu' located by 'By.xpath: //*[@class = 'btn btn-default']' in '30' second(s)

2021-10-14 17:28:03 - [MESSAGE][INFO] - Smart Wait Function is triggered

2021-10-14 17:28:07 - [MESSAGE][INFO] - Found 1 web elements with id: 'Object Repository/Sayfalar/Giris_Sayfasi/RetveTamam_Butonu' located by 'By.xpath: //*[@class = 'btn btn-default']' in '30' second(s)

2021-10-14 17:28:07 - [MESSAGE][INFO] - Clicking on object: 'Object Repository/Sayfalar/Giris_Sayfasi/RetveTamam_Butonu'

2021-10-14 17:28:08 - [MESSAGE][PASSED] - Object: 'Object Repository/Sayfalar/Giris_Sayfasi/RetveTamam_Butonu' is clicked on

2021-10-14 17:28:08 - [TEST_STEP][PASSED] - if (verifyElementPresent(findTestObject("Sayfalar/Giris_Sayfasi/PopupOK"), 5, OPTIONAL)): null

2021-10-14 17:28:08 - [MESSAGE][INFO] - Finding Test Object 'Object Repository/Sayfalar/Giris_Sayfasi/PopupOK'

2021-10-14 17:28:08 - [MESSAGE][INFO] - Checking object

2021-10-14 17:28:08 - [MESSAGE][INFO] - Finding web element from Test Object's properties

2021-10-14 17:28:08 - [MESSAGE][INFO] - Checking timeout

2021-10-14 17:28:08 - [MESSAGE][INFO] - Finding web element with id: 'Object Repository/Sayfalar/Giris_Sayfasi/PopupOK' located by 'By.cssSelector: .btn.btn-success' in '5' second(s)

2021-10-14 17:28:08 - [MESSAGE][INFO] - Smart Wait Function is triggered

2021-10-14 17:28:08 - [MESSAGE][INFO] - Found 1 web elements with id: 'Object Repository/Sayfalar/Giris_Sayfasi/PopupOK' located by 'By.cssSelector: .btn.btn-success' in '5' second(s)

2021-10-14 17:28:08 - [MESSAGE][PASSED] - Object 'Object Repository/Sayfalar/Giris_Sayfasi/PopupOK' is present

2021-10-14 17:28:08 - [TEST_STEP][PASSED] - click(findTestObject("Object Repository/Sayfalar/Giris_Sayfasi/PopupCarpiGiris")): Object: 'Object Repository/Sayfalar/Giris_Sayfasi/PopupCarpiGiris' is clicked on

2021-10-14 17:28:08 - [MESSAGE][INFO] - Finding Test Object 'Object Repository/Sayfalar/Giris_Sayfasi/PopupCarpiGiris'

2021-10-14 17:28:08 - [MESSAGE][INFO] - Checking object

2021-10-14 17:28:08 - [MESSAGE][INFO] - Finding web element from Test Object's properties

2021-10-14 17:28:08 - [MESSAGE][INFO] - Checking timeout

2021-10-14 17:28:08 - [MESSAGE][INFO] - Finding web element with id: 'Object Repository/Sayfalar/Giris_Sayfasi/PopupCarpiGiris' located by 'By.cssSelector: .bootbox-close-button.close' in '30' second(s)

2021-10-14 17:28:08 - [MESSAGE][INFO] - Smart Wait Function is triggered

2021-10-14 17:28:09 - [MESSAGE][INFO] - Found 1 web elements with id: 'Object Repository/Sayfalar/Giris_Sayfasi/PopupCarpiGiris' located by 'By.cssSelector: .bootbox-close-button.close' in '30' second(s)

2021-10-14 17:28:09 - [MESSAGE][INFO] - Clicking on object: 'Object Repository/Sayfalar/Giris_Sayfasi/PopupCarpiGiris'

2021-10-14 17:28:09 - [MESSAGE][PASSED] - Object: 'Object Repository/Sayfalar/Giris_Sayfasi/PopupCarpiGiris' is clicked on

2021-10-14 17:28:09 - [TEST_STEP][PASSED] - verifyElementVisible(findTestObject("Object Repository/Kullanici_Islemleri/KullaniciIslemleri")): Object 'Object Repository/Kullanici_Islemleri/KullaniciIslemleri' is visible

2021-10-14 17:28:09 - [MESSAGE][INFO] - Finding Test Object 'Object Repository/Kullanici_Islemleri/KullaniciIslemleri'

2021-10-14 17:28:09 - [MESSAGE][INFO] - Checking object

2021-10-14 17:28:09 - [MESSAGE][INFO] - Finding web element from Test Object's properties

2021-10-14 17:28:09 - [MESSAGE][INFO] - Checking timeout

2021-10-14 17:28:09 - [MESSAGE][INFO] - Finding web element with id: 'Object Repository/Kullanici_Islemleri/KullaniciIslemleri' located by 'By.cssSelector: .dropdown>a>img' in '30' second(s)

2021-10-14 17:28:09 - [MESSAGE][INFO] - Smart Wait Function is triggered

2021-10-14 17:28:10 - [MESSAGE][INFO] - Found 1 web elements with id: 'Object Repository/Kullanici_Islemleri/KullaniciIslemleri' located by 'By.cssSelector: .dropdown>a>img' in '30' second(s)

2021-10-14 17:28:10 - [MESSAGE][PASSED] - Object 'Object Repository/Kullanici_Islemleri/KullaniciIslemleri' is visible

2021-10-14 17:28:10 - [MESSAGE][PASSED] - Call Test Case 'Test Cases/Sayfalar/Giris_Sayfasi/Login' successfully

2021-10-14 17:28:10 - [MESSAGE][INFO] - Checking called Test Case

2021-10-14 17:28:10 - [MESSAGE][INFO] - Starting to call Test Case 'Test Cases/Menu/AnaMenuSecimi'

2021-10-14 17:28:10 - [TEST_CASE][PASSED] - Test Cases/Menu/AnaMenuSecimi: Test Cases/Menu/AnaMenuSecimi

2021-10-14 17:28:10 - [TEST_STEP][PASSED] - Method.TextDegerineEsitElementeTikla(findTestObject("Menu/Ana_Menu"), Ana_Menu): Method.TextDegerineEsitElementeTikla is PASSED

2021-10-14 17:28:10 - [MESSAGE][INFO] - Finding Test Object 'Object Repository/Menu/Ana_Menu'

2021-10-14 17:28:10 - [MESSAGE][INFO] - Checking timeout

2021-10-14 17:28:10 - [MESSAGE][INFO] - Finding web element with id: 'Object Repository/Menu/Ana_Menu' located by 'By.xpath: //*[@class = 'dropdown-toggle']' in '10' second(s)

2021-10-14 17:28:10 - [MESSAGE][INFO] - Smart Wait Function is triggered

2021-10-14 17:28:10 - [MESSAGE][INFO] - Found 14 web elements with id: 'Object Repository/Menu/Ana_Menu' located by 'By.xpath: //*[@class = 'dropdown-toggle']' in '10' second(s)

2021-10-14 17:28:10 - [MESSAGE][PASSED] - Method.TextDegerineEsitElementeTikla is PASSED

2021-10-14 17:28:10 - [MESSAGE][PASSED] - Call Test Case 'Test Cases/Menu/AnaMenuSecimi' successfully

2021-10-14 17:28:10 - [MESSAGE][INFO] - Checking called Test Case

2021-10-14 17:28:10 - [MESSAGE][INFO] - Starting to call Test Case 'Test Cases/Menu/BasligaGoreAltMenuSecimi'

2021-10-14 17:28:10 - [TEST_CASE][PASSED] - Test Cases/Menu/BasligaGoreAltMenuSecimi: Test Cases/Menu/BasligaGoreAltMenuSecimi

2021-10-14 17:28:10 - [TEST_STEP][PASSED] - Method.TextDegerineEsitElementinAltindakiTextDegerineEsitOlanaTikla(findTestObject("Menu/Menu_Basligi"), findTestObject("Menu/Basliga_Gore_Alt_Menu"), Baslik, Alt_Menu): Method.TextDegerineEsitElementinAltindakiTextDegerineEsitOlanaTikla is PASSED

2021-10-14 17:28:10 - [MESSAGE][INFO] - Finding Test Object 'Object Repository/Menu/Menu_Basligi'

2021-10-14 17:28:10 - [MESSAGE][INFO] - Finding Test Object 'Object Repository/Menu/Basliga_Gore_Alt_Menu'

2021-10-14 17:28:11 - [MESSAGE][INFO] - Checking timeout

2021-10-14 17:28:11 - [MESSAGE][INFO] - Finding web element with id: 'Object Repository/Menu/Menu_Basligi' located by 'By.xpath: //li[@class='dropdown dropdown-large open']//li[@class='dropdown-header']' in '10' second(s)

2021-10-14 17:28:11 - [MESSAGE][INFO] - Smart Wait Function is triggered

2021-10-14 17:28:11 - [MESSAGE][INFO] - Found 3 web elements with id: 'Object Repository/Menu/Menu_Basligi' located by 'By.xpath: //li[@class='dropdown dropdown-large open']//li[@class='dropdown-header']' in '10' second(s)

2021-10-14 17:28:11 - [MESSAGE][INFO] - Smart Wait Function is triggered

2021-10-14 17:28:13 - [MESSAGE][PASSED] - Method.TextDegerineEsitElementinAltindakiTextDegerineEsitOlanaTikla is PASSED

2021-10-14 17:28:13 - [MESSAGE][PASSED] - Call Test Case 'Test Cases/Menu/BasligaGoreAltMenuSecimi' successfully

2021-10-14 17:28:13 - [MESSAGE][INFO] - Checking called Test Case

2021-10-14 17:28:13 - [MESSAGE][INFO] - Starting to call Test Case 'Test Cases/Filtreler/BaslangicYaz'

2021-10-14 17:28:13 - [TEST_CASE][PASSED] - Test Cases/Filtreler/BaslangicYaz: Test Cases/Filtreler/BaslangicYaz

2021-10-14 17:28:13 - [TEST_STEP][PASSED] - Method.TextDegerineEsitElementinAltindakineTikla(findTestObject("Filtreler/Basliklar"), findTestObject("Filtreler/Basliga_Gore_Baslangic_Image"), Filtre_Adi): Method.TextDegerineEsitElementinAltindakineTikla is PASSED

2021-10-14 17:28:13 - [MESSAGE][INFO] - Finding Test Object 'Object Repository/Filtreler/Basliklar'

2021-10-14 17:28:14 - [MESSAGE][INFO] - Finding Test Object 'Object Repository/Filtreler/Basliga_Gore_Baslangic_Image'

2021-10-14 17:28:14 - [MESSAGE][INFO] - Checking timeout

2021-10-14 17:28:14 - [MESSAGE][INFO] - Finding web element with id: 'Object Repository/Filtreler/Basliklar' located by 'By.cssSelector: .control-label.col-sm-4.paddingMarginRLC' in '10' second(s)

2021-10-14 17:28:14 - [MESSAGE][INFO] - Smart Wait Function is triggered

2021-10-14 17:28:14 - [MESSAGE][INFO] - Found 13 web elements with id: 'Object Repository/Filtreler/Basliklar' located by 'By.cssSelector: .control-label.col-sm-4.paddingMarginRLC' in '10' second(s)

2021-10-14 17:28:14 - [MESSAGE][INFO] - Smart Wait Function is triggered

2021-10-14 17:28:14 - [MESSAGE][PASSED] - Method.TextDegerineEsitElementinAltindakineTikla is PASSED

2021-10-14 17:28:14 - [TEST_STEP][PASSED] - Method.TextDegerineEsitElementinAltindakiTextboxtaYaz(findTestObject("Filtreler/Basliklar"), findTestObject("Filtreler/Basliga_Gore_Baslangic"), Filtre_Adi, Filtre_Degeri): Method.TextDegerineEsitElementinAltindakiTextboxtaYaz is PASSED

2021-10-14 17:28:14 - [MESSAGE][INFO] - Finding Test Object 'Object Repository/Filtreler/Basliklar'

2021-10-14 17:28:15 - [MESSAGE][INFO] - Finding Test Object 'Object Repository/Filtreler/Basliga_Gore_Baslangic'

2021-10-14 17:28:15 - [MESSAGE][INFO] - Checking timeout

2021-10-14 17:28:15 - [MESSAGE][INFO] - Finding web element with id: 'Object Repository/Filtreler/Basliklar' located by 'By.cssSelector: .control-label.col-sm-4.paddingMarginRLC' in '10' second(s)

2021-10-14 17:28:15 - [MESSAGE][INFO] - Smart Wait Function is triggered

2021-10-14 17:28:15 - [MESSAGE][INFO] - Found 13 web elements with id: 'Object Repository/Filtreler/Basliklar' located by 'By.cssSelector: .control-label.col-sm-4.paddingMarginRLC' in '10' second(s)

2021-10-14 17:28:15 - [MESSAGE][INFO] - Smart Wait Function is triggered

2021-10-14 17:28:15 - [MESSAGE][PASSED] - Method.TextDegerineEsitElementinAltindakiTextboxtaYaz is PASSED

2021-10-14 17:28:15 - [MESSAGE][PASSED] - Call Test Case 'Test Cases/Filtreler/BaslangicYaz' successfully

2021-10-14 17:28:15 - [MESSAGE][INFO] - Checking called Test Case

2021-10-14 17:28:15 - [MESSAGE][INFO] - Starting to call Test Case 'Test Cases/Filtreler/BitisYaz'

2021-10-14 17:28:15 - [TEST_CASE][PASSED] - Test Cases/Filtreler/BitisYaz: Test Cases/Filtreler/BitisYaz

2021-10-14 17:28:15 - [TEST_STEP][PASSED] - Method.TextDegerineEsitElementinAltindakineTikla(findTestObject("Filtreler/Basliklar"), findTestObject("Filtreler/Basliga_Gore_Bitis_Image"), Filtre_Adi): Method.TextDegerineEsitElementinAltindakineTikla is PASSED

2021-10-14 17:28:15 - [MESSAGE][INFO] - Finding Test Object 'Object Repository/Filtreler/Basliklar'

2021-10-14 17:28:16 - [MESSAGE][INFO] - Finding Test Object 'Object Repository/Filtreler/Basliga_Gore_Bitis_Image'

2021-10-14 17:28:16 - [MESSAGE][INFO] - Checking timeout

2021-10-14 17:28:16 - [MESSAGE][INFO] - Finding web element with id: 'Object Repository/Filtreler/Basliklar' located by 'By.cssSelector: .control-label.col-sm-4.paddingMarginRLC' in '10' second(s)

2021-10-14 17:28:16 - [MESSAGE][INFO] - Smart Wait Function is triggered

2021-10-14 17:28:16 - [MESSAGE][INFO] - Found 13 web elements with id: 'Object Repository/Filtreler/Basliklar' located by 'By.cssSelector: .control-label.col-sm-4.paddingMarginRLC' in '10' second(s)

2021-10-14 17:28:16 - [MESSAGE][INFO] - Smart Wait Function is triggered

2021-10-14 17:28:16 - [MESSAGE][PASSED] - Method.TextDegerineEsitElementinAltindakineTikla is PASSED

2021-10-14 17:28:16 - [TEST_STEP][PASSED] - Method.TextDegerineEsitElementinAltindakiTextboxtaYaz(findTestObject("Filtreler/Basliklar"), findTestObject("Object Repository/Filtreler/Basliga_Gore_Bitis"), Filtre_Adi, Filtre_Degeri): Method.TextDegerineEsitElementinAltindakiTextboxtaYaz is PASSED

2021-10-14 17:28:16 - [MESSAGE][INFO] - Finding Test Object 'Object Repository/Filtreler/Basliklar'

2021-10-14 17:28:16 - [MESSAGE][INFO] - Finding Test Object 'Object Repository/Filtreler/Basliga_Gore_Bitis'

2021-10-14 17:28:16 - [MESSAGE][INFO] - Checking timeout

2021-10-14 17:28:16 - [MESSAGE][INFO] - Finding web element with id: 'Object Repository/Filtreler/Basliklar' located by 'By.cssSelector: .control-label.col-sm-4.paddingMarginRLC' in '10' second(s)

2021-10-14 17:28:16 - [MESSAGE][INFO] - Smart Wait Function is triggered

2021-10-14 17:28:17 - [MESSAGE][INFO] - Found 13 web elements with id: 'Object Repository/Filtreler/Basliklar' located by 'By.cssSelector: .control-label.col-sm-4.paddingMarginRLC' in '10' second(s)

2021-10-14 17:28:17 - [MESSAGE][INFO] - Smart Wait Function is triggered

2021-10-14 17:28:17 - [MESSAGE][PASSED] - Method.TextDegerineEsitElementinAltindakiTextboxtaYaz is PASSED

2021-10-14 17:28:17 - [MESSAGE][PASSED] - Call Test Case 'Test Cases/Filtreler/BitisYaz' successfully

2021-10-14 17:28:17 - [MESSAGE][INFO] - Checking called Test Case

2021-10-14 17:28:17 - [MESSAGE][INFO] - Starting to call Test Case 'Test Cases/Filtreler/ButonaTikla'

2021-10-14 17:28:17 - [TEST_CASE][PASSED] - Test Cases/Filtreler/ButonaTikla: Test Cases/Filtreler/ButonaTikla

2021-10-14 17:28:17 - [TEST_STEP][PASSED] - Method.TextDegerineEsitElementeTikla(findTestObject("Filtreler/Butonlar"), Filtre_Buton): Method.TextDegerineEsitElementeTikla is PASSED

2021-10-14 17:28:17 - [MESSAGE][INFO] - Finding Test Object 'Object Repository/Filtreler/Butonlar'

2021-10-14 17:28:17 - [MESSAGE][INFO] - Checking timeout

2021-10-14 17:28:17 - [MESSAGE][INFO] - Finding web element with id: 'Object Repository/Filtreler/Butonlar' located by 'By.cssSelector: .dxb>span' in '10' second(s)

2021-10-14 17:28:17 - [MESSAGE][INFO] - Smart Wait Function is triggered

2021-10-14 17:28:18 - [MESSAGE][INFO] - Found 3 web elements with id: 'Object Repository/Filtreler/Butonlar' located by 'By.cssSelector: .dxb>span' in '10' second(s)

2021-10-14 17:28:18 - [MESSAGE][PASSED] - Method.TextDegerineEsitElementeTikla is PASSED

2021-10-14 17:28:18 - [MESSAGE][PASSED] - Call Test Case 'Test Cases/Filtreler/ButonaTikla' successfully

2021-10-14 17:28:18 - [MESSAGE][INFO] - Checking called Test Case

2021-10-14 17:28:18 - [MESSAGE][INFO] - Starting to call Test Case 'Test Cases/Tablo/TablodaVeriVarMi'

2021-10-14 17:28:18 - [TEST_CASE][PASSED] - Test Cases/Tablo/TablodaVeriVarMi: Test Cases/Tablo/TablodaVeriVarMi

2021-10-14 17:28:18 - [TEST_STEP][PASSED] - verifyTextNotPresent("Görüntülenecek veri yok", true): Text 'Görüntülenecek veri yok' is not present on page using regular expression

2021-10-14 17:28:18 - [MESSAGE][INFO] - Checking text present  using regular expression

2021-10-14 17:28:18 - [MESSAGE][INFO] - Smart Wait Function is triggered

2021-10-14 17:28:18 - [MESSAGE][INFO] - Finding text 'Görüntülenecek veri yok' on page  using regular expression

2021-10-14 17:28:18 - [MESSAGE][PASSED] - Text 'Görüntülenecek veri yok' is not present on page using regular expression

2021-10-14 17:28:18 - [MESSAGE][PASSED] - Call Test Case 'Test Cases/Tablo/TablodaVeriVarMi' successfully

2021-10-14 17:28:18 - [MESSAGE][INFO] - Checking called Test Case

2021-10-14 17:28:18 - [MESSAGE][INFO] - Starting to call Test Case 'Test Cases/Tablo/TablodanVeriSec'

2021-10-14 17:28:19 - [TEST_CASE][PASSED] - Test Cases/Tablo/TablodanVeriSec: Test Cases/Tablo/TablodanVeriSec

2021-10-14 17:28:19 - [TEST_STEP][PASSED] - Method.TextDegerineEsitElementinAltindakineTikla(findTestObject("Tablo/Veriler"), findTestObject("Tablo/VerininCheckBoxi"), Veri_Adi): Method.TextDegerineEsitElementinAltindakineTikla is PASSED

2021-10-14 17:28:19 - [MESSAGE][INFO] - Finding Test Object 'Object Repository/Tablo/Veriler'

2021-10-14 17:28:19 - [MESSAGE][INFO] - Finding Test Object 'Object Repository/Tablo/VerininCheckBoxi'

2021-10-14 17:28:19 - [MESSAGE][INFO] - Checking timeout

2021-10-14 17:28:19 - [MESSAGE][INFO] - Finding web element with id: 'Object Repository/Tablo/Veriler' located by 'By.cssSelector: td.dxgv b ,td.dxgv' in '10' second(s)

2021-10-14 17:28:19 - [MESSAGE][INFO] - Smart Wait Function is triggered

2021-10-14 17:28:19 - [MESSAGE][INFO] - Found 26 web elements with id: 'Object Repository/Tablo/Veriler' located by 'By.cssSelector: td.dxgv b ,td.dxgv' in '10' second(s)

2021-10-14 17:28:19 - [MESSAGE][INFO] - Smart Wait Function is triggered

2021-10-14 17:28:19 - [MESSAGE][PASSED] - Method.TextDegerineEsitElementinAltindakineTikla is PASSED

2021-10-14 17:28:19 - [MESSAGE][PASSED] - Call Test Case 'Test Cases/Tablo/TablodanVeriSec' successfully

2021-10-14 17:28:19 - [MESSAGE][INFO] - Checking called Test Case

2021-10-14 17:28:19 - [MESSAGE][INFO] - Starting to call Test Case 'Test Cases/Butonlar/ButonaTikla'

2021-10-14 17:28:19 - [TEST_CASE][PASSED] - Test Cases/Butonlar/ButonaTikla: Test Cases/Butonlar/ButonaTikla

2021-10-14 17:28:19 - [TEST_STEP][PASSED] - Method.TextDegerineEsitElementeTiklaEquals(findTestObject("Butonlar/Butonlar"), Buton_Adi): Method.TextDegerineEsitElementeTiklaEquals is PASSED

2021-10-14 17:28:19 - [MESSAGE][INFO] - Finding Test Object 'Object Repository/Butonlar/Butonlar'

2021-10-14 17:28:20 - [MESSAGE][INFO] - Checking timeout

2021-10-14 17:28:20 - [MESSAGE][INFO] - Finding web element with id: 'Object Repository/Butonlar/Butonlar' located by 'By.cssSelector: .panel.panel-default.text-center.footerPanel .btn,.btn.btn-primary.btnControls' in '10' second(s)

2021-10-14 17:28:20 - [MESSAGE][INFO] - Smart Wait Function is triggered

2021-10-14 17:28:20 - [MESSAGE][INFO] - Found 7 web elements with id: 'Object Repository/Butonlar/Butonlar' located by 'By.cssSelector: .panel.panel-default.text-center.footerPanel .btn,.btn.btn-primary.btnControls' in '10' second(s)

2021-10-14 17:28:20 - [MESSAGE][PASSED] - Method.TextDegerineEsitElementeTiklaEquals is PASSED

2021-10-14 17:28:20 - [MESSAGE][PASSED] - Call Test Case 'Test Cases/Butonlar/ButonaTikla' successfully

2021-10-14 17:28:20 - [MESSAGE][INFO] - Checking called Test Case

2021-10-14 17:28:20 - [MESSAGE][INFO] - Starting to call Test Case 'Test Cases/Sekmeler/YeniSekmeyeGec'

2021-10-14 17:28:20 - [TEST_CASE][PASSED] - Test Cases/Sekmeler/YeniSekmeyeGec: Test Cases/Sekmeler/YeniSekmeyeGec

2021-10-14 17:28:20 - [TEST_STEP][PASSED] - switchToWindowIndex(1): Switched to window with index: '1'

2021-10-14 17:28:20 - [MESSAGE][INFO] - Checking index

2021-10-14 17:28:20 - [MESSAGE][INFO] - Switching window with index: '1'

2021-10-14 17:28:20 - [MESSAGE][PASSED] - Switched to window with index: '1'

2021-10-14 17:28:20 - [MESSAGE][PASSED] - Call Test Case 'Test Cases/Sekmeler/YeniSekmeyeGec' successfully

2021-10-14 17:28:20 - [MESSAGE][INFO] - Checking called Test Case

2021-10-14 17:28:20 - [MESSAGE][INFO] - Starting to call Test Case 'Test Cases/Sekmeler/DepartmanCheckboxiSecilir'

2021-10-14 17:28:20 - [TEST_CASE][PASSED] - Test Cases/Sekmeler/DepartmanCheckboxiSecilir: Test Cases/Sekmeler/DepartmanCheckboxiSecilir

2021-10-14 17:28:20 - [TEST_STEP][PASSED] - Method.TextDegerineEsitElementeTikla(findTestObject("Object Repository/Sekmeler/DepartmanCheckboxi"), Departman): Method.TextDegerineEsitElementeTikla is PASSED

2021-10-14 17:28:20 - [MESSAGE][INFO] - Finding Test Object 'Object Repository/Sekmeler/DepartmanCheckboxi'

2021-10-14 17:28:20 - [MESSAGE][INFO] - Checking timeout

2021-10-14 17:28:20 - [MESSAGE][INFO] - Finding web element with id: 'Object Repository/Sekmeler/DepartmanCheckboxi' located by 'By.cssSelector: .dx-wrap' in '10' second(s)

2021-10-14 17:28:20 - [MESSAGE][INFO] - Smart Wait Function is triggered

2021-10-14 17:28:21 - [MESSAGE][INFO] - Found 4 web elements with id: 'Object Repository/Sekmeler/DepartmanCheckboxi' located by 'By.cssSelector: .dx-wrap' in '10' second(s)

2021-10-14 17:28:21 - [MESSAGE][PASSED] - Method.TextDegerineEsitElementeTikla is PASSED

2021-10-14 17:28:21 - [MESSAGE][PASSED] - Call Test Case 'Test Cases/Sekmeler/DepartmanCheckboxiSecilir' successfully

2021-10-14 17:28:21 - [MESSAGE][INFO] - Checking called Test Case

2021-10-14 17:28:21 - [MESSAGE][INFO] - Starting to call Test Case 'Test Cases/Sekmeler/DepartmanKaydedilir'

2021-10-14 17:28:21 - [TEST_CASE][PASSED] - Test Cases/Sekmeler/DepartmanKaydedilir: Test Cases/Sekmeler/DepartmanKaydedilir

2021-10-14 17:28:21 - [TEST_STEP][PASSED] - waitForElementClickable(findTestObject("Object Repository/Sekmeler/DepartmanKaydetButoni"), 10): Object 'Object Repository/Sekmeler/DepartmanKaydetButoni' is clickable

2021-10-14 17:28:21 - [MESSAGE][INFO] - Finding Test Object 'Object Repository/Sekmeler/DepartmanKaydetButoni'

2021-10-14 17:28:21 - [MESSAGE][INFO] - Checking object

2021-10-14 17:28:21 - [MESSAGE][INFO] - Checking timeout

2021-10-14 17:28:21 - [MESSAGE][INFO] - Finding web element from Test Object's properties

2021-10-14 17:28:21 - [MESSAGE][INFO] - Checking timeout

2021-10-14 17:28:21 - [MESSAGE][INFO] - Finding web element with id: 'Object Repository/Sekmeler/DepartmanKaydetButoni' located by 'By.cssSelector: .dx-vam' in '10' second(s)

2021-10-14 17:28:21 - [MESSAGE][INFO] - Smart Wait Function is triggered

2021-10-14 17:28:22 - [MESSAGE][INFO] - Found 1 web elements with id: 'Object Repository/Sekmeler/DepartmanKaydetButoni' located by 'By.cssSelector: .dx-vam' in '10' second(s)

2021-10-14 17:28:22 - [MESSAGE][PASSED] - Object 'Object Repository/Sekmeler/DepartmanKaydetButoni' is clickable

2021-10-14 17:28:22 - [TEST_STEP][PASSED] - click(findTestObject("Object Repository/Sekmeler/DepartmanKaydetButoni")): Object: 'Object Repository/Sekmeler/DepartmanKaydetButoni' is clicked on

2021-10-14 17:28:22 - [MESSAGE][INFO] - Finding Test Object 'Object Repository/Sekmeler/DepartmanKaydetButoni'

2021-10-14 17:28:22 - [MESSAGE][INFO] - Checking object

2021-10-14 17:28:22 - [MESSAGE][INFO] - Finding web element from Test Object's properties

2021-10-14 17:28:22 - [MESSAGE][INFO] - Checking timeout

2021-10-14 17:28:22 - [MESSAGE][INFO] - Finding web element with id: 'Object Repository/Sekmeler/DepartmanKaydetButoni' located by 'By.cssSelector: .dx-vam' in '30' second(s)

2021-10-14 17:28:22 - [MESSAGE][INFO] - Smart Wait Function is triggered

2021-10-14 17:28:22 - [MESSAGE][INFO] - Found 1 web elements with id: 'Object Repository/Sekmeler/DepartmanKaydetButoni' located by 'By.cssSelector: .dx-vam' in '30' second(s)

2021-10-14 17:28:22 - [MESSAGE][INFO] - Clicking on object: 'Object Repository/Sekmeler/DepartmanKaydetButoni'

2021-10-14 17:28:22 - [MESSAGE][PASSED] - Object: 'Object Repository/Sekmeler/DepartmanKaydetButoni' is clicked on

2021-10-14 17:28:22 - [MESSAGE][PASSED] - Call Test Case 'Test Cases/Sekmeler/DepartmanKaydedilir' successfully

2021-10-14 17:28:22 - [MESSAGE][INFO] - Checking called Test Case

2021-10-14 17:28:22 - [MESSAGE][INFO] - Starting to call Test Case 'Test Cases/Popup/PopupMesajiIceriyorMu'

2021-10-14 17:28:22 - [TEST_CASE][PASSED] - Test Cases/Popup/PopupMesajiIceriyorMu: Test Cases/Popup/PopupMesajiIceriyorMu

2021-10-14 17:28:22 - [TEST_STEP][PASSED] - waitForElementVisible(findTestObject("Popup/Popup"), 10): Object 'Object Repository/Popup/Popup' is visible

2021-10-14 17:28:22 - [MESSAGE][INFO] - Finding Test Object 'Object Repository/Popup/Popup'

2021-10-14 17:28:22 - [MESSAGE][INFO] - Checking object

2021-10-14 17:28:22 - [MESSAGE][INFO] - Checking timeout

2021-10-14 17:28:22 - [MESSAGE][INFO] - Finding web element from Test Object's properties

2021-10-14 17:28:22 - [MESSAGE][INFO] - Checking timeout

2021-10-14 17:28:22 - [MESSAGE][INFO] - Finding web element with id: 'Object Repository/Popup/Popup' located by 'By.cssSelector: .bootbox-body' in '10' second(s)

2021-10-14 17:28:22 - [MESSAGE][INFO] - Smart Wait Function is triggered

2021-10-14 17:28:23 - [MESSAGE][INFO] - Found 1 web elements with id: 'Object Repository/Popup/Popup' located by 'By.cssSelector: .bootbox-body' in '10' second(s)

2021-10-14 17:28:23 - [MESSAGE][PASSED] - Object 'Object Repository/Popup/Popup' is visible

2021-10-14 17:28:23 - [TEST_STEP][PASSED] - if (!(getText(findTestObject("Popup/Popup")).contains(Mesaj))): Text of object 'Object Repository/Popup/Popup' is: 'Seçilen belgeler ilgili departmanlara aktarılmıştır.'

2021-10-14 17:28:23 - [MESSAGE][INFO] - Finding Test Object 'Object Repository/Popup/Popup'

2021-10-14 17:28:23 - [MESSAGE][INFO] - Checking object

2021-10-14 17:28:23 - [MESSAGE][INFO] - Finding web element from Test Object's properties

2021-10-14 17:28:23 - [MESSAGE][INFO] - Checking timeout

2021-10-14 17:28:23 - [MESSAGE][INFO] - Finding web element with id: 'Object Repository/Popup/Popup' located by 'By.cssSelector: .bootbox-body' in '30' second(s)

2021-10-14 17:28:23 - [MESSAGE][INFO] - Smart Wait Function is triggered

2021-10-14 17:28:24 - [MESSAGE][INFO] - Found 1 web elements with id: 'Object Repository/Popup/Popup' located by 'By.cssSelector: .bootbox-body' in '30' second(s)

2021-10-14 17:28:24 - [MESSAGE][INFO] - Getting text of object 'Object Repository/Popup/Popup'

2021-10-14 17:28:24 - [MESSAGE][PASSED] - Text of object 'Object Repository/Popup/Popup' is: 'Seçilen belgeler ilgili departmanlara aktarılmıştır.'

2021-10-14 17:28:24 - [TEST_STEP][PASSED] - RaporNo = getText(findTestObject("Popup/Popup")).substring(0, 6): Text of object 'Object Repository/Popup/Popup' is: 'Seçilen belgeler ilgili departmanlara aktarılmıştır.'

2021-10-14 17:28:24 - [MESSAGE][INFO] - Finding Test Object 'Object Repository/Popup/Popup'

2021-10-14 17:28:24 - [MESSAGE][INFO] - Checking object

2021-10-14 17:28:24 - [MESSAGE][INFO] - Finding web element from Test Object's properties

2021-10-14 17:28:24 - [MESSAGE][INFO] - Checking timeout

2021-10-14 17:28:24 - [MESSAGE][INFO] - Finding web element with id: 'Object Repository/Popup/Popup' located by 'By.cssSelector: .bootbox-body' in '30' second(s)

2021-10-14 17:28:24 - [MESSAGE][INFO] - Smart Wait Function is triggered

2021-10-14 17:28:24 - [MESSAGE][INFO] - Found 1 web elements with id: 'Object Repository/Popup/Popup' located by 'By.cssSelector: .bootbox-body' in '30' second(s)

2021-10-14 17:28:24 - [MESSAGE][INFO] - Getting text of object 'Object Repository/Popup/Popup'

2021-10-14 17:28:24 - [MESSAGE][PASSED] - Text of object 'Object Repository/Popup/Popup' is: 'Seçilen belgeler ilgili departmanlara aktarılmıştır.'

2021-10-14 17:28:24 - [TEST_STEP][PASSED] - Console.println(RaporNo): null

2021-10-14 17:28:24 - [MESSAGE][PASSED] - Call Test Case 'Test Cases/Popup/PopupMesajiIceriyorMu' successfully

2021-10-14 17:28:24 - [MESSAGE][INFO] - Checking called Test Case

2021-10-14 17:28:24 - [MESSAGE][INFO] - Starting to call Test Case 'Test Cases/Popup/PopupButonSecilir'

2021-10-14 17:28:24 - [TEST_CASE][PASSED] - Test Cases/Popup/PopupButonSecilir: Test Cases/Popup/PopupButonSecilir

2021-10-14 17:28:24 - [TEST_STEP][PASSED] - Method.TextDegerineEsitElementeTikla(findTestObject("Popup/Popup_Butons"), Buton): Method.TextDegerineEsitElementeTikla is PASSED

2021-10-14 17:28:24 - [MESSAGE][INFO] - Finding Test Object 'Object Repository/Popup/Popup_Butons'

2021-10-14 17:28:24 - [MESSAGE][INFO] - Checking timeout

2021-10-14 17:28:24 - [MESSAGE][INFO] - Finding web element with id: 'Object Repository/Popup/Popup_Butons' located by 'By.cssSelector: .modal-footer>button' in '10' second(s)

2021-10-14 17:28:24 - [MESSAGE][INFO] - Smart Wait Function is triggered

2021-10-14 17:28:24 - [MESSAGE][INFO] - Found 1 web elements with id: 'Object Repository/Popup/Popup_Butons' located by 'By.cssSelector: .modal-footer>button' in '10' second(s)

2021-10-14 17:28:24 - [MESSAGE][PASSED] - Method.TextDegerineEsitElementeTikla is PASSED

2021-10-14 17:28:24 - [MESSAGE][PASSED] - Call Test Case 'Test Cases/Popup/PopupButonSecilir' successfully

2021-10-14 17:28:24 - [MESSAGE][INFO] - Checking called Test Case

2021-10-14 17:28:24 - [MESSAGE][INFO] - Starting to call Test Case 'Test Cases/Sekmeler/Ana_Sekmeye_Gec'

2021-10-14 17:28:25 - [TEST_CASE][PASSED] - Test Cases/Sekmeler/Ana_Sekmeye_Gec: Test Cases/Sekmeler/Ana_Sekmeye_Gec

2021-10-14 17:28:25 - [TEST_STEP][FAILED] - try: Unable to get the index of the current window (Root cause: com.kms.katalon.core.exception.StepFailedException: Unable to get the index of the current window
	at com.kms.katalon.core.webui.keyword.internal.WebUIKeywordMain.stepFailed(WebUIKeywordMain.groovy:64)
	at com.kms.katalon.core.webui.keyword.internal.WebUIKeywordMain.runKeywordAndReturnInt(WebUIKeywordMain.groovy:56)
	at com.kms.katalon.core.webui.keyword.builtin.GetWindowIndexKeyword.getWindowIndex(GetWindowIndexKeyword.groovy:71)
	at com.kms.katalon.core.webui.keyword.builtin.GetWindowIndexKeyword.execute(GetWindowIndexKeyword.groovy:66)
	at com.kms.katalon.core.keyword.internal.KeywordExecutor.executeKeywordForPlatform(KeywordExecutor.groovy:73)
	at com.kms.katalon.core.webui.keyword.WebUiBuiltInKeywords.getWindowIndex(WebUiBuiltInKeywords.groovy:262)
	at com.kms.katalon.core.webui.keyword.WebUiBuiltInKeywords$getWindowIndex$21.call(Unknown Source)
	at Ana_Sekmeye_Gec.run(Ana_Sekmeye_Gec:18)
	at com.kms.katalon.core.main.ScriptEngine.run(ScriptEngine.java:194)
	at com.kms.katalon.core.main.ScriptEngine.runScriptAsRawText(ScriptEngine.java:119)
	at com.kms.katalon.core.main.TestCaseExecutor.runScript(TestCaseExecutor.java:369)
	at com.kms.katalon.core.main.TestCaseExecutor.doExecute(TestCaseExecutor.java:360)
	at com.kms.katalon.core.main.TestCaseExecutor.processExecutionPhase(TestCaseExecutor.java:339)
	at com.kms.katalon.core.main.TestCaseExecutor.accessMainPhase(TestCaseExecutor.java:331)
	at com.kms.katalon.core.main.TestCaseExecutor.execute(TestCaseExecutor.java:248)
	at com.kms.katalon.core.main.TestCaseMain.runTestCase(TestCaseMain.java:138)
	at com.kms.katalon.core.keyword.builtin.CallTestCaseKeyword$_callTestCase_closure1.doCall(CallTestCaseKeyword.groovy:59)
	at com.kms.katalon.core.keyword.builtin.CallTestCaseKeyword$_callTestCase_closure1.call(CallTestCaseKeyword.groovy)
	at com.kms.katalon.core.keyword.internal.KeywordMain.runKeyword(KeywordMain.groovy:68)
	at com.kms.katalon.core.keyword.builtin.CallTestCaseKeyword.callTestCase(CallTestCaseKeyword.groovy:81)
	at com.kms.katalon.core.keyword.builtin.CallTestCaseKeyword.execute(CallTestCaseKeyword.groovy:44)
	at com.kms.katalon.core.keyword.internal.KeywordExecutor.executeKeywordForPlatform(KeywordExecutor.groovy:73)
	at com.kms.katalon.core.keyword.BuiltinKeywords.callTestCase(BuiltinKeywords.groovy:334)
	at sekmeler.sekmeler.anaSekmeyeGecilir(sekmeler.groovy:55)
	at cucumber.runtime.Utils$1.call(Utils.java:26)
	at cucumber.runtime.Timeout.timeout(Timeout.java:16)
	at cucumber.runtime.Utils.invoke(Utils.java:20)
	at cucumber.runtime.java.JavaStepDefinition.execute(JavaStepDefinition.java:49)
	at cucumber.runner.PickleStepDefinitionMatch.runStep(PickleStepDefinitionMatch.java:50)
	at cucumber.runner.TestStep.executeStep(TestStep.java:63)
	at cucumber.runner.TestStep.run(TestStep.java:49)
	at cucumber.runner.PickleStepTestStep.run(PickleStepTestStep.java:43)
	at cucumber.runner.TestCase.run(TestCase.java:44)
	at cucumber.runner.Runner.runPickle(Runner.java:40)
	at cucumber.runtime.Runtime$1.run(Runtime.java:84)
	at cucumber.runtime.Runtime$SameThreadExecutorService.execute(Runtime.java:220)
	at cucumber.runtime.Runtime.run(Runtime.java:81)
	at cucumber.api.cli.Main.run(Main.java:26)
	at cucumber.api.cli.Main$run.call(Unknown Source)
	at com.kms.katalon.core.cucumber.keyword.CucumberBuiltinKeywords$_runFeatureFile_closure1.doCall(CucumberBuiltinKeywords.groovy:106)
	at com.kms.katalon.core.cucumber.keyword.CucumberBuiltinKeywords$_runFeatureFile_closure1.doCall(CucumberBuiltinKeywords.groovy)
	at com.kms.katalon.core.keyword.internal.KeywordMain.runKeyword(KeywordMain.groovy:68)
	at com.kms.katalon.core.keyword.internal.KeywordMain$runKeyword.call(Unknown Source)
	at com.kms.katalon.core.cucumber.keyword.CucumberBuiltinKeywords.runFeatureFile(CucumberBuiltinKeywords.groovy:73)
	at com.kms.katalon.core.cucumber.keyword.CucumberBuiltinKeywords$runFeatureFile$0.callStatic(Unknown Source)
	at com.kms.katalon.core.cucumber.keyword.CucumberBuiltinKeywords.runFeatureFile(CucumberBuiltinKeywords.groovy:246)
	at com.kms.katalon.core.cucumber.keyword.CucumberBuiltinKeywords$runFeatureFile.call(Unknown Source)
	at Departman Ata-Geri Al.run(Departman Ata-Geri Al:18)
	at com.kms.katalon.core.main.ScriptEngine.run(ScriptEngine.java:194)
	at com.kms.katalon.core.main.ScriptEngine.runScriptAsRawText(ScriptEngine.java:119)
	at com.kms.katalon.core.main.TestCaseExecutor.runScript(TestCaseExecutor.java:369)
	at com.kms.katalon.core.main.TestCaseExecutor.doExecute(TestCaseExecutor.java:360)
	at com.kms.katalon.core.main.TestCaseExecutor.processExecutionPhase(TestCaseExecutor.java:339)
	at com.kms.katalon.core.main.TestCaseExecutor.accessMainPhase(TestCaseExecutor.java:331)
	at com.kms.katalon.core.main.TestCaseExecutor.execute(TestCaseExecutor.java:248)
	at com.kms.katalon.core.main.TestSuiteExecutor.accessTestCaseMainPhase(TestSuiteExecutor.java:191)
	at com.kms.katalon.core.main.TestSuiteExecutor.accessTestSuiteMainPhase(TestSuiteExecutor.java:140)
	at com.kms.katalon.core.main.TestSuiteExecutor.execute(TestSuiteExecutor.java:89)
	at com.kms.katalon.core.main.TestCaseMain.startTestSuite(TestCaseMain.java:181)
	at com.kms.katalon.core.main.TestCaseMain$startTestSuite$0.call(Unknown Source)
	at TempTestSuite1634220073501.run(TempTestSuite1634220073501.groovy:39)
Caused by: org.openqa.selenium.NoSuchWindowException: no such window: window was already closed
  (Session info: chrome=94.0.4606.81)
Build info: version: '3.141.59', revision: 'e82be7d358', time: '2018-11-14T08:25:53'
System info: host: 'DESKTOP-QBVMTUG', ip: '10.10.3.14', os.name: 'Windows 10', os.arch: 'amd64', os.version: '10.0', java.version: '1.8.0_282'
Driver info: com.kms.katalon.selenium.driver.CChromeDriver
Capabilities {acceptInsecureCerts: false, browserName: chrome, browserVersion: 94.0.4606.81, chrome: {chromedriverVersion: 94.0.4606.61 (418b78f5838ed..., userDataDir: C:\Users\DELL\AppData\Local...}, goog:chromeOptions: {debuggerAddress: localhost:63811}, javascriptEnabled: true, networkConnectionEnabled: false, pageLoadStrategy: normal, platform: WINDOWS, platformName: WINDOWS, proxy: Proxy(), setWindowRect: true, strictFileInteractability: false, timeouts: {implicit: 0, pageLoad: 300000, script: 30000}, unhandledPromptBehavior: dismiss and notify, webauthn:extension:credBlob: true, webauthn:extension:largeBlob: true, webauthn:virtualAuthenticators: true}
Session ID: 8509118467627d08d8c41472d9aef390
	at org.openqa.selenium.remote.http.W3CHttpResponseCodec.createException(W3CHttpResponseCodec.java:187)
	at org.openqa.selenium.remote.http.W3CHttpResponseCodec.decode(W3CHttpResponseCodec.java:122)
	at org.openqa.selenium.remote.http.W3CHttpResponseCodec.decode(W3CHttpResponseCodec.java:49)
	at org.openqa.selenium.remote.HttpCommandExecutor.execute(HttpCommandExecutor.java:158)
	at org.openqa.selenium.remote.service.DriverCommandExecutor.execute(DriverCommandExecutor.java:83)
	at org.openqa.selenium.remote.RemoteWebDriver.execute(RemoteWebDriver.java:552)
	at com.kms.katalon.selenium.driver.CChromeDriver.execute(CChromeDriver.java:19)
	at org.openqa.selenium.remote.RemoteWebDriver.execute(RemoteWebDriver.java:609)
	at org.openqa.selenium.remote.RemoteWebDriver.getWindowHandle(RemoteWebDriver.java:472)
	at org.openqa.selenium.support.events.EventFiringWebDriver.lambda$new$1(EventFiringWebDriver.java:105)
	at com.sun.proxy.$Proxy12.getWindowHandle(Unknown Source)
	at org.openqa.selenium.support.events.EventFiringWebDriver.getWindowHandle(EventFiringWebDriver.java:221)
	at com.kms.katalon.core.webui.driver.DriverFactory.getCurrentWindowIndex(DriverFactory.java:1072)
	at com.kms.katalon.core.webui.keyword.builtin.GetWindowIndexKeyword$_getWindowIndex_closure1.doCall(GetWindowIndexKeyword.groovy:73)
	at com.kms.katalon.core.webui.keyword.builtin.GetWindowIndexKeyword$_getWindowIndex_closure1.call(GetWindowIndexKeyword.groovy)
	at com.kms.katalon.core.webui.keyword.internal.WebUIKeywordMain.runKeywordAndReturnInt(WebUIKeywordMain.groovy:50)
	at com.kms.katalon.core.webui.keyword.builtin.GetWindowIndexKeyword.getWindowIndex(GetWindowIndexKeyword.groovy:71)
	at com.kms.katalon.core.webui.keyword.builtin.GetWindowIndexKeyword.execute(GetWindowIndexKeyword.groovy:66)
	at com.kms.katalon.core.keyword.internal.KeywordExecutor.executeKeywordForPlatform(KeywordExecutor.groovy:73)
	at com.kms.katalon.core.webui.keyword.WebUiBuiltInKeywords.getWindowIndex(WebUiBuiltInKeywords.groovy:262)
	at com.kms.katalon.core.webui.keyword.WebUiBuiltInKeywords$getWindowIndex$21.call(Unknown Source)
	at Script1586261051750.run(Script1586261051750.groovy:18)
	at com.kms.katalon.core.main.ScriptEngine.run(ScriptEngine.java:194)
	at com.kms.katalon.core.main.ScriptEngine.runScriptAsRawText(ScriptEngine.java:119)
	at com.kms.katalon.core.main.TestCaseExecutor.runScript(TestCaseExecutor.java:369)
	at com.kms.katalon.core.main.TestCaseExecutor.doExecute(TestCaseExecutor.java:360)
	at com.kms.katalon.core.main.TestCaseExecutor.processExecutionPhase(TestCaseExecutor.java:339)
	at com.kms.katalon.core.main.TestCaseExecutor.accessMainPhase(TestCaseExecutor.java:331)
	at com.kms.katalon.core.main.TestCaseExecutor.execute(TestCaseExecutor.java:248)
	at com.kms.katalon.core.main.TestCaseMain.runTestCase(TestCaseMain.java:138)
	at com.kms.katalon.core.keyword.builtin.CallTestCaseKeyword$_callTestCase_closure1.doCall(CallTestCaseKeyword.groovy:59)
	at com.kms.katalon.core.keyword.builtin.CallTestCaseKeyword$_callTestCase_closure1.call(CallTestCaseKeyword.groovy)
	at com.kms.katalon.core.keyword.internal.KeywordMain.runKeyword(KeywordMain.groovy:68)
	at com.kms.katalon.core.keyword.builtin.CallTestCaseKeyword.callTestCase(CallTestCaseKeyword.groovy:81)
	at com.kms.katalon.core.keyword.builtin.CallTestCaseKeyword.execute(CallTestCaseKeyword.groovy:44)
	at com.kms.katalon.core.keyword.internal.KeywordExecutor.executeKeywordForPlatform(KeywordExecutor.groovy:73)
	at com.kms.katalon.core.keyword.BuiltinKeywords.callTestCase(BuiltinKeywords.groovy:334)
	at sekmeler.sekmeler.anaSekmeyeGecilir(sekmeler.groovy:55)
	at cucumber.runtime.Utils$1.call(Utils.java:26)
	at cucumber.runtime.Timeout.timeout(Timeout.java:16)
	at cucumber.runtime.Utils.invoke(Utils.java:20)
	at cucumber.runtime.java.JavaStepDefinition.execute(JavaStepDefinition.java:49)
	at cucumber.runner.PickleStepDefinitionMatch.runStep(PickleStepDefinitionMatch.java:50)
	at cucumber.runner.TestStep.executeStep(TestStep.java:63)
	at cucumber.runner.TestStep.run(TestStep.java:49)
	at cucumber.runner.PickleStepTestStep.run(PickleStepTestStep.java:43)
	at cucumber.runner.TestCase.run(TestCase.java:44)
	at cucumber.runner.Runner.runPickle(Runner.java:40)
	at cucumber.runtime.Runtime$1.run(Runtime.java:84)
	at cucumber.runtime.Runtime$SameThreadExecutorService.execute(Runtime.java:220)
	at cucumber.runtime.Runtime.run(Runtime.java:81)
	at cucumber.api.cli.Main.run(Main.java:26)
	at cucumber.api.cli.Main$run.call(Unknown Source)
	at com.kms.katalon.core.cucumber.keyword.CucumberBuiltinKeywords$_runFeatureFile_closure1.doCall(CucumberBuiltinKeywords.groovy:106)
	at com.kms.katalon.core.cucumber.keyword.CucumberBuiltinKeywords$_runFeatureFile_closure1.doCall(CucumberBuiltinKeywords.groovy)
	at com.kms.katalon.core.keyword.internal.KeywordMain.runKeyword(KeywordMain.groovy:68)
	at com.kms.katalon.core.keyword.internal.KeywordMain$runKeyword.call(Unknown Source)
	at com.kms.katalon.core.cucumber.keyword.CucumberBuiltinKeywords.runFeatureFile(CucumberBuiltinKeywords.groovy:73)
	at com.kms.katalon.core.cucumber.keyword.CucumberBuiltinKeywords$runFeatureFile$0.callStatic(Unknown Source)
	at com.kms.katalon.core.cucumber.keyword.CucumberBuiltinKeywords.runFeatureFile(CucumberBuiltinKeywords.groovy:246)
	at com.kms.katalon.core.cucumber.keyword.CucumberBuiltinKeywords$runFeatureFile.call(Unknown Source)
	at Script1601996376893.run(Script1601996376893.groovy:18)
	... 13 more
)

2021-10-14 17:28:25 - [TEST_STEP][FAILED] - index = getWindowIndex(): Unable to get the index of the current window (Root cause: com.kms.katalon.core.exception.StepFailedException: Unable to get the index of the current window
	at com.kms.katalon.core.webui.keyword.internal.WebUIKeywordMain.stepFailed(WebUIKeywordMain.groovy:64)
	at com.kms.katalon.core.webui.keyword.internal.WebUIKeywordMain.runKeywordAndReturnInt(WebUIKeywordMain.groovy:56)
	at com.kms.katalon.core.webui.keyword.builtin.GetWindowIndexKeyword.getWindowIndex(GetWindowIndexKeyword.groovy:71)
	at com.kms.katalon.core.webui.keyword.builtin.GetWindowIndexKeyword.execute(GetWindowIndexKeyword.groovy:66)
	at com.kms.katalon.core.keyword.internal.KeywordExecutor.executeKeywordForPlatform(KeywordExecutor.groovy:73)
	at com.kms.katalon.core.webui.keyword.WebUiBuiltInKeywords.getWindowIndex(WebUiBuiltInKeywords.groovy:262)
	at com.kms.katalon.core.webui.keyword.WebUiBuiltInKeywords$getWindowIndex$21.call(Unknown Source)
	at Ana_Sekmeye_Gec.run(Ana_Sekmeye_Gec:18)
	at com.kms.katalon.core.main.ScriptEngine.run(ScriptEngine.java:194)
	at com.kms.katalon.core.main.ScriptEngine.runScriptAsRawText(ScriptEngine.java:119)
	at com.kms.katalon.core.main.TestCaseExecutor.runScript(TestCaseExecutor.java:369)
	at com.kms.katalon.core.main.TestCaseExecutor.doExecute(TestCaseExecutor.java:360)
	at com.kms.katalon.core.main.TestCaseExecutor.processExecutionPhase(TestCaseExecutor.java:339)
	at com.kms.katalon.core.main.TestCaseExecutor.accessMainPhase(TestCaseExecutor.java:331)
	at com.kms.katalon.core.main.TestCaseExecutor.execute(TestCaseExecutor.java:248)
	at com.kms.katalon.core.main.TestCaseMain.runTestCase(TestCaseMain.java:138)
	at com.kms.katalon.core.keyword.builtin.CallTestCaseKeyword$_callTestCase_closure1.doCall(CallTestCaseKeyword.groovy:59)
	at com.kms.katalon.core.keyword.builtin.CallTestCaseKeyword$_callTestCase_closure1.call(CallTestCaseKeyword.groovy)
	at com.kms.katalon.core.keyword.internal.KeywordMain.runKeyword(KeywordMain.groovy:68)
	at com.kms.katalon.core.keyword.builtin.CallTestCaseKeyword.callTestCase(CallTestCaseKeyword.groovy:81)
	at com.kms.katalon.core.keyword.builtin.CallTestCaseKeyword.execute(CallTestCaseKeyword.groovy:44)
	at com.kms.katalon.core.keyword.internal.KeywordExecutor.executeKeywordForPlatform(KeywordExecutor.groovy:73)
	at com.kms.katalon.core.keyword.BuiltinKeywords.callTestCase(BuiltinKeywords.groovy:334)
	at sekmeler.sekmeler.anaSekmeyeGecilir(sekmeler.groovy:55)
	at cucumber.runtime.Utils$1.call(Utils.java:26)
	at cucumber.runtime.Timeout.timeout(Timeout.java:16)
	at cucumber.runtime.Utils.invoke(Utils.java:20)
	at cucumber.runtime.java.JavaStepDefinition.execute(JavaStepDefinition.java:49)
	at cucumber.runner.PickleStepDefinitionMatch.runStep(PickleStepDefinitionMatch.java:50)
	at cucumber.runner.TestStep.executeStep(TestStep.java:63)
	at cucumber.runner.TestStep.run(TestStep.java:49)
	at cucumber.runner.PickleStepTestStep.run(PickleStepTestStep.java:43)
	at cucumber.runner.TestCase.run(TestCase.java:44)
	at cucumber.runner.Runner.runPickle(Runner.java:40)
	at cucumber.runtime.Runtime$1.run(Runtime.java:84)
	at cucumber.runtime.Runtime$SameThreadExecutorService.execute(Runtime.java:220)
	at cucumber.runtime.Runtime.run(Runtime.java:81)
	at cucumber.api.cli.Main.run(Main.java:26)
	at cucumber.api.cli.Main$run.call(Unknown Source)
	at com.kms.katalon.core.cucumber.keyword.CucumberBuiltinKeywords$_runFeatureFile_closure1.doCall(CucumberBuiltinKeywords.groovy:106)
	at com.kms.katalon.core.cucumber.keyword.CucumberBuiltinKeywords$_runFeatureFile_closure1.doCall(CucumberBuiltinKeywords.groovy)
	at com.kms.katalon.core.keyword.internal.KeywordMain.runKeyword(KeywordMain.groovy:68)
	at com.kms.katalon.core.keyword.internal.KeywordMain$runKeyword.call(Unknown Source)
	at com.kms.katalon.core.cucumber.keyword.CucumberBuiltinKeywords.runFeatureFile(CucumberBuiltinKeywords.groovy:73)
	at com.kms.katalon.core.cucumber.keyword.CucumberBuiltinKeywords$runFeatureFile$0.callStatic(Unknown Source)
	at com.kms.katalon.core.cucumber.keyword.CucumberBuiltinKeywords.runFeatureFile(CucumberBuiltinKeywords.groovy:246)
	at com.kms.katalon.core.cucumber.keyword.CucumberBuiltinKeywords$runFeatureFile.call(Unknown Source)
	at Departman Ata-Geri Al.run(Departman Ata-Geri Al:18)
	at com.kms.katalon.core.main.ScriptEngine.run(ScriptEngine.java:194)
	at com.kms.katalon.core.main.ScriptEngine.runScriptAsRawText(ScriptEngine.java:119)
	at com.kms.katalon.core.main.TestCaseExecutor.runScript(TestCaseExecutor.java:369)
	at com.kms.katalon.core.main.TestCaseExecutor.doExecute(TestCaseExecutor.java:360)
	at com.kms.katalon.core.main.TestCaseExecutor.processExecutionPhase(TestCaseExecutor.java:339)
	at com.kms.katalon.core.main.TestCaseExecutor.accessMainPhase(TestCaseExecutor.java:331)
	at com.kms.katalon.core.main.TestCaseExecutor.execute(TestCaseExecutor.java:248)
	at com.kms.katalon.core.main.TestSuiteExecutor.accessTestCaseMainPhase(TestSuiteExecutor.java:191)
	at com.kms.katalon.core.main.TestSuiteExecutor.accessTestSuiteMainPhase(TestSuiteExecutor.java:140)
	at com.kms.katalon.core.main.TestSuiteExecutor.execute(TestSuiteExecutor.java:89)
	at com.kms.katalon.core.main.TestCaseMain.startTestSuite(TestCaseMain.java:181)
	at com.kms.katalon.core.main.TestCaseMain$startTestSuite$0.call(Unknown Source)
	at TempTestSuite1634220073501.run(TempTestSuite1634220073501.groovy:39)
Caused by: org.openqa.selenium.NoSuchWindowException: no such window: window was already closed
  (Session info: chrome=94.0.4606.81)
Build info: version: '3.141.59', revision: 'e82be7d358', time: '2018-11-14T08:25:53'
System info: host: 'DESKTOP-QBVMTUG', ip: '10.10.3.14', os.name: 'Windows 10', os.arch: 'amd64', os.version: '10.0', java.version: '1.8.0_282'
Driver info: com.kms.katalon.selenium.driver.CChromeDriver
Capabilities {acceptInsecureCerts: false, browserName: chrome, browserVersion: 94.0.4606.81, chrome: {chromedriverVersion: 94.0.4606.61 (418b78f5838ed..., userDataDir: C:\Users\DELL\AppData\Local...}, goog:chromeOptions: {debuggerAddress: localhost:63811}, javascriptEnabled: true, networkConnectionEnabled: false, pageLoadStrategy: normal, platform: WINDOWS, platformName: WINDOWS, proxy: Proxy(), setWindowRect: true, strictFileInteractability: false, timeouts: {implicit: 0, pageLoad: 300000, script: 30000}, unhandledPromptBehavior: dismiss and notify, webauthn:extension:credBlob: true, webauthn:extension:largeBlob: true, webauthn:virtualAuthenticators: true}
Session ID: 8509118467627d08d8c41472d9aef390
	at org.openqa.selenium.remote.http.W3CHttpResponseCodec.createException(W3CHttpResponseCodec.java:187)
	at org.openqa.selenium.remote.http.W3CHttpResponseCodec.decode(W3CHttpResponseCodec.java:122)
	at org.openqa.selenium.remote.http.W3CHttpResponseCodec.decode(W3CHttpResponseCodec.java:49)
	at org.openqa.selenium.remote.HttpCommandExecutor.execute(HttpCommandExecutor.java:158)
	at org.openqa.selenium.remote.service.DriverCommandExecutor.execute(DriverCommandExecutor.java:83)
	at org.openqa.selenium.remote.RemoteWebDriver.execute(RemoteWebDriver.java:552)
	at com.kms.katalon.selenium.driver.CChromeDriver.execute(CChromeDriver.java:19)
	at org.openqa.selenium.remote.RemoteWebDriver.execute(RemoteWebDriver.java:609)
	at org.openqa.selenium.remote.RemoteWebDriver.getWindowHandle(RemoteWebDriver.java:472)
	at org.openqa.selenium.support.events.EventFiringWebDriver.lambda$new$1(EventFiringWebDriver.java:105)
	at com.sun.proxy.$Proxy12.getWindowHandle(Unknown Source)
	at org.openqa.selenium.support.events.EventFiringWebDriver.getWindowHandle(EventFiringWebDriver.java:221)
	at com.kms.katalon.core.webui.driver.DriverFactory.getCurrentWindowIndex(DriverFactory.java:1072)
	at com.kms.katalon.core.webui.keyword.builtin.GetWindowIndexKeyword$_getWindowIndex_closure1.doCall(GetWindowIndexKeyword.groovy:73)
	at com.kms.katalon.core.webui.keyword.builtin.GetWindowIndexKeyword$_getWindowIndex_closure1.call(GetWindowIndexKeyword.groovy)
	at com.kms.katalon.core.webui.keyword.internal.WebUIKeywordMain.runKeywordAndReturnInt(WebUIKeywordMain.groovy:50)
	at com.kms.katalon.core.webui.keyword.builtin.GetWindowIndexKeyword.getWindowIndex(GetWindowIndexKeyword.groovy:71)
	at com.kms.katalon.core.webui.keyword.builtin.GetWindowIndexKeyword.execute(GetWindowIndexKeyword.groovy:66)
	at com.kms.katalon.core.keyword.internal.KeywordExecutor.executeKeywordForPlatform(KeywordExecutor.groovy:73)
	at com.kms.katalon.core.webui.keyword.WebUiBuiltInKeywords.getWindowIndex(WebUiBuiltInKeywords.groovy:262)
	at com.kms.katalon.core.webui.keyword.WebUiBuiltInKeywords$getWindowIndex$21.call(Unknown Source)
	at Script1586261051750.run(Script1586261051750.groovy:18)
	at com.kms.katalon.core.main.ScriptEngine.run(ScriptEngine.java:194)
	at com.kms.katalon.core.main.ScriptEngine.runScriptAsRawText(ScriptEngine.java:119)
	at com.kms.katalon.core.main.TestCaseExecutor.runScript(TestCaseExecutor.java:369)
	at com.kms.katalon.core.main.TestCaseExecutor.doExecute(TestCaseExecutor.java:360)
	at com.kms.katalon.core.main.TestCaseExecutor.processExecutionPhase(TestCaseExecutor.java:339)
	at com.kms.katalon.core.main.TestCaseExecutor.accessMainPhase(TestCaseExecutor.java:331)
	at com.kms.katalon.core.main.TestCaseExecutor.execute(TestCaseExecutor.java:248)
	at com.kms.katalon.core.main.TestCaseMain.runTestCase(TestCaseMain.java:138)
	at com.kms.katalon.core.keyword.builtin.CallTestCaseKeyword$_callTestCase_closure1.doCall(CallTestCaseKeyword.groovy:59)
	at com.kms.katalon.core.keyword.builtin.CallTestCaseKeyword$_callTestCase_closure1.call(CallTestCaseKeyword.groovy)
	at com.kms.katalon.core.keyword.internal.KeywordMain.runKeyword(KeywordMain.groovy:68)
	at com.kms.katalon.core.keyword.builtin.CallTestCaseKeyword.callTestCase(CallTestCaseKeyword.groovy:81)
	at com.kms.katalon.core.keyword.builtin.CallTestCaseKeyword.execute(CallTestCaseKeyword.groovy:44)
	at com.kms.katalon.core.keyword.internal.KeywordExecutor.executeKeywordForPlatform(KeywordExecutor.groovy:73)
	at com.kms.katalon.core.keyword.BuiltinKeywords.callTestCase(BuiltinKeywords.groovy:334)
	at sekmeler.sekmeler.anaSekmeyeGecilir(sekmeler.groovy:55)
	at cucumber.runtime.Utils$1.call(Utils.java:26)
	at cucumber.runtime.Timeout.timeout(Timeout.java:16)
	at cucumber.runtime.Utils.invoke(Utils.java:20)
	at cucumber.runtime.java.JavaStepDefinition.execute(JavaStepDefinition.java:49)
	at cucumber.runner.PickleStepDefinitionMatch.runStep(PickleStepDefinitionMatch.java:50)
	at cucumber.runner.TestStep.executeStep(TestStep.java:63)
	at cucumber.runner.TestStep.run(TestStep.java:49)
	at cucumber.runner.PickleStepTestStep.run(PickleStepTestStep.java:43)
	at cucumber.runner.TestCase.run(TestCase.java:44)
	at cucumber.runner.Runner.runPickle(Runner.java:40)
	at cucumber.runtime.Runtime$1.run(Runtime.java:84)
	at cucumber.runtime.Runtime$SameThreadExecutorService.execute(Runtime.java:220)
	at cucumber.runtime.Runtime.run(Runtime.java:81)
	at cucumber.api.cli.Main.run(Main.java:26)
	at cucumber.api.cli.Main$run.call(Unknown Source)
	at com.kms.katalon.core.cucumber.keyword.CucumberBuiltinKeywords$_runFeatureFile_closure1.doCall(CucumberBuiltinKeywords.groovy:106)
	at com.kms.katalon.core.cucumber.keyword.CucumberBuiltinKeywords$_runFeatureFile_closure1.doCall(CucumberBuiltinKeywords.groovy)
	at com.kms.katalon.core.keyword.internal.KeywordMain.runKeyword(KeywordMain.groovy:68)
	at com.kms.katalon.core.keyword.internal.KeywordMain$runKeyword.call(Unknown Source)
	at com.kms.katalon.core.cucumber.keyword.CucumberBuiltinKeywords.runFeatureFile(CucumberBuiltinKeywords.groovy:73)
	at com.kms.katalon.core.cucumber.keyword.CucumberBuiltinKeywords$runFeatureFile$0.callStatic(Unknown Source)
	at com.kms.katalon.core.cucumber.keyword.CucumberBuiltinKeywords.runFeatureFile(CucumberBuiltinKeywords.groovy:246)
	at com.kms.katalon.core.cucumber.keyword.CucumberBuiltinKeywords$runFeatureFile.call(Unknown Source)
	at Script1601996376893.run(Script1601996376893.groovy:18)
	... 13 more
)

2021-10-14 17:28:25 - [MESSAGE][INFO] - Getting current window's index

2021-10-14 17:28:25 - [MESSAGE][FAILED] - Unable to get the index of the current window (Root cause: com.kms.katalon.core.exception.StepFailedException: Unable to get the index of the current window
	at com.kms.katalon.core.webui.keyword.internal.WebUIKeywordMain.stepFailed(WebUIKeywordMain.groovy:64)
	at com.kms.katalon.core.webui.keyword.internal.WebUIKeywordMain.runKeywordAndReturnInt(WebUIKeywordMain.groovy:56)
	at com.kms.katalon.core.webui.keyword.builtin.GetWindowIndexKeyword.getWindowIndex(GetWindowIndexKeyword.groovy:71)
	at com.kms.katalon.core.webui.keyword.builtin.GetWindowIndexKeyword.execute(GetWindowIndexKeyword.groovy:66)
	at com.kms.katalon.core.keyword.internal.KeywordExecutor.executeKeywordForPlatform(KeywordExecutor.groovy:73)
	at com.kms.katalon.core.webui.keyword.WebUiBuiltInKeywords.getWindowIndex(WebUiBuiltInKeywords.groovy:262)
	at com.kms.katalon.core.webui.keyword.WebUiBuiltInKeywords$getWindowIndex$21.call(Unknown Source)
	at Ana_Sekmeye_Gec.run(Ana_Sekmeye_Gec:18)
	at com.kms.katalon.core.main.ScriptEngine.run(ScriptEngine.java:194)
	at com.kms.katalon.core.main.ScriptEngine.runScriptAsRawText(ScriptEngine.java:119)
	at com.kms.katalon.core.main.TestCaseExecutor.runScript(TestCaseExecutor.java:369)
	at com.kms.katalon.core.main.TestCaseExecutor.doExecute(TestCaseExecutor.java:360)
	at com.kms.katalon.core.main.TestCaseExecutor.processExecutionPhase(TestCaseExecutor.java:339)
	at com.kms.katalon.core.main.TestCaseExecutor.accessMainPhase(TestCaseExecutor.java:331)
	at com.kms.katalon.core.main.TestCaseExecutor.execute(TestCaseExecutor.java:248)
	at com.kms.katalon.core.main.TestCaseMain.runTestCase(TestCaseMain.java:138)
	at com.kms.katalon.core.keyword.builtin.CallTestCaseKeyword$_callTestCase_closure1.doCall(CallTestCaseKeyword.groovy:59)
	at com.kms.katalon.core.keyword.builtin.CallTestCaseKeyword$_callTestCase_closure1.call(CallTestCaseKeyword.groovy)
	at com.kms.katalon.core.keyword.internal.KeywordMain.runKeyword(KeywordMain.groovy:68)
	at com.kms.katalon.core.keyword.builtin.CallTestCaseKeyword.callTestCase(CallTestCaseKeyword.groovy:81)
	at com.kms.katalon.core.keyword.builtin.CallTestCaseKeyword.execute(CallTestCaseKeyword.groovy:44)
	at com.kms.katalon.core.keyword.internal.KeywordExecutor.executeKeywordForPlatform(KeywordExecutor.groovy:73)
	at com.kms.katalon.core.keyword.BuiltinKeywords.callTestCase(BuiltinKeywords.groovy:334)
	at sekmeler.sekmeler.anaSekmeyeGecilir(sekmeler.groovy:55)
	at cucumber.runtime.Utils$1.call(Utils.java:26)
	at cucumber.runtime.Timeout.timeout(Timeout.java:16)
	at cucumber.runtime.Utils.invoke(Utils.java:20)
	at cucumber.runtime.java.JavaStepDefinition.execute(JavaStepDefinition.java:49)
	at cucumber.runner.PickleStepDefinitionMatch.runStep(PickleStepDefinitionMatch.java:50)
	at cucumber.runner.TestStep.executeStep(TestStep.java:63)
	at cucumber.runner.TestStep.run(TestStep.java:49)
	at cucumber.runner.PickleStepTestStep.run(PickleStepTestStep.java:43)
	at cucumber.runner.TestCase.run(TestCase.java:44)
	at cucumber.runner.Runner.runPickle(Runner.java:40)
	at cucumber.runtime.Runtime$1.run(Runtime.java:84)
	at cucumber.runtime.Runtime$SameThreadExecutorService.execute(Runtime.java:220)
	at cucumber.runtime.Runtime.run(Runtime.java:81)
	at cucumber.api.cli.Main.run(Main.java:26)
	at cucumber.api.cli.Main$run.call(Unknown Source)
	at com.kms.katalon.core.cucumber.keyword.CucumberBuiltinKeywords$_runFeatureFile_closure1.doCall(CucumberBuiltinKeywords.groovy:106)
	at com.kms.katalon.core.cucumber.keyword.CucumberBuiltinKeywords$_runFeatureFile_closure1.doCall(CucumberBuiltinKeywords.groovy)
	at com.kms.katalon.core.keyword.internal.KeywordMain.runKeyword(KeywordMain.groovy:68)
	at com.kms.katalon.core.keyword.internal.KeywordMain$runKeyword.call(Unknown Source)
	at com.kms.katalon.core.cucumber.keyword.CucumberBuiltinKeywords.runFeatureFile(CucumberBuiltinKeywords.groovy:73)
	at com.kms.katalon.core.cucumber.keyword.CucumberBuiltinKeywords$runFeatureFile$0.callStatic(Unknown Source)
	at com.kms.katalon.core.cucumber.keyword.CucumberBuiltinKeywords.runFeatureFile(CucumberBuiltinKeywords.groovy:246)
	at com.kms.katalon.core.cucumber.keyword.CucumberBuiltinKeywords$runFeatureFile.call(Unknown Source)
	at Departman Ata-Geri Al.run(Departman Ata-Geri Al:18)
	at com.kms.katalon.core.main.ScriptEngine.run(ScriptEngine.java:194)
	at com.kms.katalon.core.main.ScriptEngine.runScriptAsRawText(ScriptEngine.java:119)
	at com.kms.katalon.core.main.TestCaseExecutor.runScript(TestCaseExecutor.java:369)
	at com.kms.katalon.core.main.TestCaseExecutor.doExecute(TestCaseExecutor.java:360)
	at com.kms.katalon.core.main.TestCaseExecutor.processExecutionPhase(TestCaseExecutor.java:339)
	at com.kms.katalon.core.main.TestCaseExecutor.accessMainPhase(TestCaseExecutor.java:331)
	at com.kms.katalon.core.main.TestCaseExecutor.execute(TestCaseExecutor.java:248)
	at com.kms.katalon.core.main.TestSuiteExecutor.accessTestCaseMainPhase(TestSuiteExecutor.java:191)
	at com.kms.katalon.core.main.TestSuiteExecutor.accessTestSuiteMainPhase(TestSuiteExecutor.java:140)
	at com.kms.katalon.core.main.TestSuiteExecutor.execute(TestSuiteExecutor.java:89)
	at com.kms.katalon.core.main.TestCaseMain.startTestSuite(TestCaseMain.java:181)
	at com.kms.katalon.core.main.TestCaseMain$startTestSuite$0.call(Unknown Source)
	at TempTestSuite1634220073501.run(TempTestSuite1634220073501.groovy:39)
Caused by: org.openqa.selenium.NoSuchWindowException: no such window: window was already closed
  (Session info: chrome=94.0.4606.81)
Build info: version: '3.141.59', revision: 'e82be7d358', time: '2018-11-14T08:25:53'
System info: host: 'DESKTOP-QBVMTUG', ip: '10.10.3.14', os.name: 'Windows 10', os.arch: 'amd64', os.version: '10.0', java.version: '1.8.0_282'
Driver info: com.kms.katalon.selenium.driver.CChromeDriver
Capabilities {acceptInsecureCerts: false, browserName: chrome, browserVersion: 94.0.4606.81, chrome: {chromedriverVersion: 94.0.4606.61 (418b78f5838ed..., userDataDir: C:\Users\DELL\AppData\Local...}, goog:chromeOptions: {debuggerAddress: localhost:63811}, javascriptEnabled: true, networkConnectionEnabled: false, pageLoadStrategy: normal, platform: WINDOWS, platformName: WINDOWS, proxy: Proxy(), setWindowRect: true, strictFileInteractability: false, timeouts: {implicit: 0, pageLoad: 300000, script: 30000}, unhandledPromptBehavior: dismiss and notify, webauthn:extension:credBlob: true, webauthn:extension:largeBlob: true, webauthn:virtualAuthenticators: true}
Session ID: 8509118467627d08d8c41472d9aef390
	at org.openqa.selenium.remote.http.W3CHttpResponseCodec.createException(W3CHttpResponseCodec.java:187)
	at org.openqa.selenium.remote.http.W3CHttpResponseCodec.decode(W3CHttpResponseCodec.java:122)
	at org.openqa.selenium.remote.http.W3CHttpResponseCodec.decode(W3CHttpResponseCodec.java:49)
	at org.openqa.selenium.remote.HttpCommandExecutor.execute(HttpCommandExecutor.java:158)
	at org.openqa.selenium.remote.service.DriverCommandExecutor.execute(DriverCommandExecutor.java:83)
	at org.openqa.selenium.remote.RemoteWebDriver.execute(RemoteWebDriver.java:552)
	at com.kms.katalon.selenium.driver.CChromeDriver.execute(CChromeDriver.java:19)
	at org.openqa.selenium.remote.RemoteWebDriver.execute(RemoteWebDriver.java:609)
	at org.openqa.selenium.remote.RemoteWebDriver.getWindowHandle(RemoteWebDriver.java:472)
	at org.openqa.selenium.support.events.EventFiringWebDriver.lambda$new$1(EventFiringWebDriver.java:105)
	at com.sun.proxy.$Proxy12.getWindowHandle(Unknown Source)
	at org.openqa.selenium.support.events.EventFiringWebDriver.getWindowHandle(EventFiringWebDriver.java:221)
	at com.kms.katalon.core.webui.driver.DriverFactory.getCurrentWindowIndex(DriverFactory.java:1072)
	at com.kms.katalon.core.webui.keyword.builtin.GetWindowIndexKeyword$_getWindowIndex_closure1.doCall(GetWindowIndexKeyword.groovy:73)
	at com.kms.katalon.core.webui.keyword.builtin.GetWindowIndexKeyword$_getWindowIndex_closure1.call(GetWindowIndexKeyword.groovy)
	at com.kms.katalon.core.webui.keyword.internal.WebUIKeywordMain.runKeywordAndReturnInt(WebUIKeywordMain.groovy:50)
	at com.kms.katalon.core.webui.keyword.builtin.GetWindowIndexKeyword.getWindowIndex(GetWindowIndexKeyword.groovy:71)
	at com.kms.katalon.core.webui.keyword.builtin.GetWindowIndexKeyword.execute(GetWindowIndexKeyword.groovy:66)
	at com.kms.katalon.core.keyword.internal.KeywordExecutor.executeKeywordForPlatform(KeywordExecutor.groovy:73)
	at com.kms.katalon.core.webui.keyword.WebUiBuiltInKeywords.getWindowIndex(WebUiBuiltInKeywords.groovy:262)
	at com.kms.katalon.core.webui.keyword.WebUiBuiltInKeywords$getWindowIndex$21.call(Unknown Source)
	at Script1586261051750.run(Script1586261051750.groovy:18)
	at com.kms.katalon.core.main.ScriptEngine.run(ScriptEngine.java:194)
	at com.kms.katalon.core.main.ScriptEngine.runScriptAsRawText(ScriptEngine.java:119)
	at com.kms.katalon.core.main.TestCaseExecutor.runScript(TestCaseExecutor.java:369)
	at com.kms.katalon.core.main.TestCaseExecutor.doExecute(TestCaseExecutor.java:360)
	at com.kms.katalon.core.main.TestCaseExecutor.processExecutionPhase(TestCaseExecutor.java:339)
	at com.kms.katalon.core.main.TestCaseExecutor.accessMainPhase(TestCaseExecutor.java:331)
	at com.kms.katalon.core.main.TestCaseExecutor.execute(TestCaseExecutor.java:248)
	at com.kms.katalon.core.main.TestCaseMain.runTestCase(TestCaseMain.java:138)
	at com.kms.katalon.core.keyword.builtin.CallTestCaseKeyword$_callTestCase_closure1.doCall(CallTestCaseKeyword.groovy:59)
	at com.kms.katalon.core.keyword.builtin.CallTestCaseKeyword$_callTestCase_closure1.call(CallTestCaseKeyword.groovy)
	at com.kms.katalon.core.keyword.internal.KeywordMain.runKeyword(KeywordMain.groovy:68)
	at com.kms.katalon.core.keyword.builtin.CallTestCaseKeyword.callTestCase(CallTestCaseKeyword.groovy:81)
	at com.kms.katalon.core.keyword.builtin.CallTestCaseKeyword.execute(CallTestCaseKeyword.groovy:44)
	at com.kms.katalon.core.keyword.internal.KeywordExecutor.executeKeywordForPlatform(KeywordExecutor.groovy:73)
	at com.kms.katalon.core.keyword.BuiltinKeywords.callTestCase(BuiltinKeywords.groovy:334)
	at sekmeler.sekmeler.anaSekmeyeGecilir(sekmeler.groovy:55)
	at cucumber.runtime.Utils$1.call(Utils.java:26)
	at cucumber.runtime.Timeout.timeout(Timeout.java:16)
	at cucumber.runtime.Utils.invoke(Utils.java:20)
	at cucumber.runtime.java.JavaStepDefinition.execute(JavaStepDefinition.java:49)
	at cucumber.runner.PickleStepDefinitionMatch.runStep(PickleStepDefinitionMatch.java:50)
	at cucumber.runner.TestStep.executeStep(TestStep.java:63)
	at cucumber.runner.TestStep.run(TestStep.java:49)
	at cucumber.runner.PickleStepTestStep.run(PickleStepTestStep.java:43)
	at cucumber.runner.TestCase.run(TestCase.java:44)
	at cucumber.runner.Runner.runPickle(Runner.java:40)
	at cucumber.runtime.Runtime$1.run(Runtime.java:84)
	at cucumber.runtime.Runtime$SameThreadExecutorService.execute(Runtime.java:220)
	at cucumber.runtime.Runtime.run(Runtime.java:81)
	at cucumber.api.cli.Main.run(Main.java:26)
	at cucumber.api.cli.Main$run.call(Unknown Source)
	at com.kms.katalon.core.cucumber.keyword.CucumberBuiltinKeywords$_runFeatureFile_closure1.doCall(CucumberBuiltinKeywords.groovy:106)
	at com.kms.katalon.core.cucumber.keyword.CucumberBuiltinKeywords$_runFeatureFile_closure1.doCall(CucumberBuiltinKeywords.groovy)
	at com.kms.katalon.core.keyword.internal.KeywordMain.runKeyword(KeywordMain.groovy:68)
	at com.kms.katalon.core.keyword.internal.KeywordMain$runKeyword.call(Unknown Source)
	at com.kms.katalon.core.cucumber.keyword.CucumberBuiltinKeywords.runFeatureFile(CucumberBuiltinKeywords.groovy:73)
	at com.kms.katalon.core.cucumber.keyword.CucumberBuiltinKeywords$runFeatureFile$0.callStatic(Unknown Source)
	at com.kms.katalon.core.cucumber.keyword.CucumberBuiltinKeywords.runFeatureFile(CucumberBuiltinKeywords.groovy:246)
	at com.kms.katalon.core.cucumber.keyword.CucumberBuiltinKeywords$runFeatureFile.call(Unknown Source)
	at Script1601996376893.run(Script1601996376893.groovy:18)
	... 13 more
)

2021-10-14 17:28:25 - [TEST_STEP][PASSED] - catch (Exception e): null

2021-10-14 17:28:25 - [TEST_STEP][PASSED] - switchToWindowIndex(0): Switched to window with index: '0'

2021-10-14 17:28:25 - [MESSAGE][INFO] - Checking index

2021-10-14 17:28:25 - [MESSAGE][INFO] - Switching window with index: '0'

2021-10-14 17:28:25 - [MESSAGE][PASSED] - Switched to window with index: '0'

2021-10-14 17:28:25 - [MESSAGE][PASSED] - Call Test Case 'Test Cases/Sekmeler/Ana_Sekmeye_Gec' successfully

2021-10-14 17:28:25 - [MESSAGE][INFO] - Checking called Test Case

2021-10-14 17:28:25 - [MESSAGE][INFO] - Starting to call Test Case 'Test Cases/Butonlar/ButonaTikla'

2021-10-14 17:28:25 - [TEST_CASE][PASSED] - Test Cases/Butonlar/ButonaTikla: Test Cases/Butonlar/ButonaTikla

2021-10-14 17:28:25 - [TEST_STEP][PASSED] - Method.TextDegerineEsitElementeTiklaEquals(findTestObject("Butonlar/Butonlar"), Buton_Adi): Method.TextDegerineEsitElementeTiklaEquals is PASSED

2021-10-14 17:28:25 - [MESSAGE][INFO] - Finding Test Object 'Object Repository/Butonlar/Butonlar'

2021-10-14 17:28:25 - [MESSAGE][INFO] - Checking timeout

2021-10-14 17:28:25 - [MESSAGE][INFO] - Finding web element with id: 'Object Repository/Butonlar/Butonlar' located by 'By.cssSelector: .panel.panel-default.text-center.footerPanel .btn,.btn.btn-primary.btnControls' in '10' second(s)

2021-10-14 17:28:25 - [MESSAGE][INFO] - Smart Wait Function is triggered

2021-10-14 17:28:25 - [MESSAGE][INFO] - Found 7 web elements with id: 'Object Repository/Butonlar/Butonlar' located by 'By.cssSelector: .panel.panel-default.text-center.footerPanel .btn,.btn.btn-primary.btnControls' in '10' second(s)

2021-10-14 17:28:25 - [MESSAGE][PASSED] - Method.TextDegerineEsitElementeTiklaEquals is PASSED

2021-10-14 17:28:25 - [MESSAGE][PASSED] - Call Test Case 'Test Cases/Butonlar/ButonaTikla' successfully

2021-10-14 17:28:25 - [MESSAGE][INFO] - Checking called Test Case

2021-10-14 17:28:25 - [MESSAGE][INFO] - Starting to call Test Case 'Test Cases/Sekmeler/YeniSekmeyeGec'

2021-10-14 17:28:25 - [TEST_CASE][PASSED] - Test Cases/Sekmeler/YeniSekmeyeGec: Test Cases/Sekmeler/YeniSekmeyeGec

2021-10-14 17:28:25 - [TEST_STEP][PASSED] - switchToWindowIndex(1): Switched to window with index: '1'

2021-10-14 17:28:25 - [MESSAGE][INFO] - Checking index

2021-10-14 17:28:25 - [MESSAGE][INFO] - Switching window with index: '1'

2021-10-14 17:28:25 - [MESSAGE][PASSED] - Switched to window with index: '1'

2021-10-14 17:28:25 - [MESSAGE][PASSED] - Call Test Case 'Test Cases/Sekmeler/YeniSekmeyeGec' successfully

2021-10-14 17:28:25 - [MESSAGE][INFO] - Checking called Test Case

2021-10-14 17:28:25 - [MESSAGE][INFO] - Starting to call Test Case 'Test Cases/Sekmeler/DepartmanCheckboxiSecilir'

2021-10-14 17:28:25 - [TEST_CASE][PASSED] - Test Cases/Sekmeler/DepartmanCheckboxiSecilir: Test Cases/Sekmeler/DepartmanCheckboxiSecilir

2021-10-14 17:28:25 - [TEST_STEP][PASSED] - Method.TextDegerineEsitElementeTikla(findTestObject("Object Repository/Sekmeler/DepartmanCheckboxi"), Departman): Method.TextDegerineEsitElementeTikla is PASSED

2021-10-14 17:28:25 - [MESSAGE][INFO] - Finding Test Object 'Object Repository/Sekmeler/DepartmanCheckboxi'

2021-10-14 17:28:25 - [MESSAGE][INFO] - Checking timeout

2021-10-14 17:28:25 - [MESSAGE][INFO] - Finding web element with id: 'Object Repository/Sekmeler/DepartmanCheckboxi' located by 'By.cssSelector: .dx-wrap' in '10' second(s)

2021-10-14 17:28:25 - [MESSAGE][INFO] - Smart Wait Function is triggered

2021-10-14 17:28:26 - [MESSAGE][INFO] - Found 4 web elements with id: 'Object Repository/Sekmeler/DepartmanCheckboxi' located by 'By.cssSelector: .dx-wrap' in '10' second(s)

2021-10-14 17:28:26 - [MESSAGE][PASSED] - Method.TextDegerineEsitElementeTikla is PASSED

2021-10-14 17:28:26 - [MESSAGE][PASSED] - Call Test Case 'Test Cases/Sekmeler/DepartmanCheckboxiSecilir' successfully

2021-10-14 17:28:26 - [MESSAGE][INFO] - Checking called Test Case

2021-10-14 17:28:26 - [MESSAGE][INFO] - Starting to call Test Case 'Test Cases/Sekmeler/DepartmanKaydedilir'

2021-10-14 17:28:26 - [TEST_CASE][PASSED] - Test Cases/Sekmeler/DepartmanKaydedilir: Test Cases/Sekmeler/DepartmanKaydedilir

2021-10-14 17:28:26 - [TEST_STEP][PASSED] - waitForElementClickable(findTestObject("Object Repository/Sekmeler/DepartmanKaydetButoni"), 10): Object 'Object Repository/Sekmeler/DepartmanKaydetButoni' is clickable

2021-10-14 17:28:26 - [MESSAGE][INFO] - Finding Test Object 'Object Repository/Sekmeler/DepartmanKaydetButoni'

2021-10-14 17:28:26 - [MESSAGE][INFO] - Checking object

2021-10-14 17:28:26 - [MESSAGE][INFO] - Checking timeout

2021-10-14 17:28:26 - [MESSAGE][INFO] - Finding web element from Test Object's properties

2021-10-14 17:28:26 - [MESSAGE][INFO] - Checking timeout

2021-10-14 17:28:26 - [MESSAGE][INFO] - Finding web element with id: 'Object Repository/Sekmeler/DepartmanKaydetButoni' located by 'By.cssSelector: .dx-vam' in '10' second(s)

2021-10-14 17:28:26 - [MESSAGE][INFO] - Smart Wait Function is triggered

2021-10-14 17:28:26 - [MESSAGE][INFO] - Found 1 web elements with id: 'Object Repository/Sekmeler/DepartmanKaydetButoni' located by 'By.cssSelector: .dx-vam' in '10' second(s)

2021-10-14 17:28:26 - [MESSAGE][PASSED] - Object 'Object Repository/Sekmeler/DepartmanKaydetButoni' is clickable

2021-10-14 17:28:26 - [TEST_STEP][PASSED] - click(findTestObject("Object Repository/Sekmeler/DepartmanKaydetButoni")): Object: 'Object Repository/Sekmeler/DepartmanKaydetButoni' is clicked on

2021-10-14 17:28:26 - [MESSAGE][INFO] - Finding Test Object 'Object Repository/Sekmeler/DepartmanKaydetButoni'

2021-10-14 17:28:27 - [MESSAGE][INFO] - Checking object

2021-10-14 17:28:27 - [MESSAGE][INFO] - Finding web element from Test Object's properties

2021-10-14 17:28:27 - [MESSAGE][INFO] - Checking timeout

2021-10-14 17:28:27 - [MESSAGE][INFO] - Finding web element with id: 'Object Repository/Sekmeler/DepartmanKaydetButoni' located by 'By.cssSelector: .dx-vam' in '30' second(s)

2021-10-14 17:28:27 - [MESSAGE][INFO] - Smart Wait Function is triggered

2021-10-14 17:28:27 - [MESSAGE][INFO] - Found 1 web elements with id: 'Object Repository/Sekmeler/DepartmanKaydetButoni' located by 'By.cssSelector: .dx-vam' in '30' second(s)

2021-10-14 17:28:27 - [MESSAGE][INFO] - Clicking on object: 'Object Repository/Sekmeler/DepartmanKaydetButoni'

2021-10-14 17:28:27 - [MESSAGE][PASSED] - Object: 'Object Repository/Sekmeler/DepartmanKaydetButoni' is clicked on

2021-10-14 17:28:27 - [MESSAGE][PASSED] - Call Test Case 'Test Cases/Sekmeler/DepartmanKaydedilir' successfully

2021-10-14 17:28:27 - [MESSAGE][INFO] - Checking called Test Case

2021-10-14 17:28:27 - [MESSAGE][INFO] - Starting to call Test Case 'Test Cases/Popup/PopupMesajiIceriyorMu'

2021-10-14 17:28:27 - [TEST_CASE][PASSED] - Test Cases/Popup/PopupMesajiIceriyorMu: Test Cases/Popup/PopupMesajiIceriyorMu

2021-10-14 17:28:27 - [TEST_STEP][PASSED] - waitForElementVisible(findTestObject("Popup/Popup"), 10): Object 'Object Repository/Popup/Popup' is visible

2021-10-14 17:28:27 - [MESSAGE][INFO] - Finding Test Object 'Object Repository/Popup/Popup'

2021-10-14 17:28:27 - [MESSAGE][INFO] - Checking object

2021-10-14 17:28:27 - [MESSAGE][INFO] - Checking timeout

2021-10-14 17:28:27 - [MESSAGE][INFO] - Finding web element from Test Object's properties

2021-10-14 17:28:27 - [MESSAGE][INFO] - Checking timeout

2021-10-14 17:28:27 - [MESSAGE][INFO] - Finding web element with id: 'Object Repository/Popup/Popup' located by 'By.cssSelector: .bootbox-body' in '10' second(s)

2021-10-14 17:28:27 - [MESSAGE][INFO] - Smart Wait Function is triggered

2021-10-14 17:28:28 - [MESSAGE][INFO] - Found 1 web elements with id: 'Object Repository/Popup/Popup' located by 'By.cssSelector: .bootbox-body' in '10' second(s)

2021-10-14 17:28:28 - [MESSAGE][PASSED] - Object 'Object Repository/Popup/Popup' is visible

2021-10-14 17:28:28 - [TEST_STEP][PASSED] - if (!(getText(findTestObject("Popup/Popup")).contains(Mesaj))): Text of object 'Object Repository/Popup/Popup' is: 'Seçilen belgelerin ilgili departmanlardaki yetkisi kaldırılmıştır.'

2021-10-14 17:28:28 - [MESSAGE][INFO] - Finding Test Object 'Object Repository/Popup/Popup'

2021-10-14 17:28:28 - [MESSAGE][INFO] - Checking object

2021-10-14 17:28:28 - [MESSAGE][INFO] - Finding web element from Test Object's properties

2021-10-14 17:28:28 - [MESSAGE][INFO] - Checking timeout

2021-10-14 17:28:28 - [MESSAGE][INFO] - Finding web element with id: 'Object Repository/Popup/Popup' located by 'By.cssSelector: .bootbox-body' in '30' second(s)

2021-10-14 17:28:28 - [MESSAGE][INFO] - Smart Wait Function is triggered

2021-10-14 17:28:28 - [MESSAGE][INFO] - Found 1 web elements with id: 'Object Repository/Popup/Popup' located by 'By.cssSelector: .bootbox-body' in '30' second(s)

2021-10-14 17:28:28 - [MESSAGE][INFO] - Getting text of object 'Object Repository/Popup/Popup'

2021-10-14 17:28:28 - [MESSAGE][PASSED] - Text of object 'Object Repository/Popup/Popup' is: 'Seçilen belgelerin ilgili departmanlardaki yetkisi kaldırılmıştır.'

2021-10-14 17:28:28 - [TEST_STEP][PASSED] - RaporNo = getText(findTestObject("Popup/Popup")).substring(0, 6): Text of object 'Object Repository/Popup/Popup' is: 'Seçilen belgelerin ilgili departmanlardaki yetkisi kaldırılmıştır.'

2021-10-14 17:28:28 - [MESSAGE][INFO] - Finding Test Object 'Object Repository/Popup/Popup'

2021-10-14 17:28:29 - [MESSAGE][INFO] - Checking object

2021-10-14 17:28:29 - [MESSAGE][INFO] - Finding web element from Test Object's properties

2021-10-14 17:28:29 - [MESSAGE][INFO] - Checking timeout

2021-10-14 17:28:29 - [MESSAGE][INFO] - Finding web element with id: 'Object Repository/Popup/Popup' located by 'By.cssSelector: .bootbox-body' in '30' second(s)

2021-10-14 17:28:29 - [MESSAGE][INFO] - Smart Wait Function is triggered

2021-10-14 17:28:29 - [MESSAGE][INFO] - Found 1 web elements with id: 'Object Repository/Popup/Popup' located by 'By.cssSelector: .bootbox-body' in '30' second(s)

2021-10-14 17:28:29 - [MESSAGE][INFO] - Getting text of object 'Object Repository/Popup/Popup'

2021-10-14 17:28:29 - [MESSAGE][PASSED] - Text of object 'Object Repository/Popup/Popup' is: 'Seçilen belgelerin ilgili departmanlardaki yetkisi kaldırılmıştır.'

2021-10-14 17:28:29 - [TEST_STEP][PASSED] - Console.println(RaporNo): null

2021-10-14 17:28:29 - [MESSAGE][PASSED] - Call Test Case 'Test Cases/Popup/PopupMesajiIceriyorMu' successfully

2021-10-14 17:28:29 - [MESSAGE][INFO] - Checking called Test Case

2021-10-14 17:28:29 - [MESSAGE][INFO] - Starting to call Test Case 'Test Cases/Popup/PopupButonSecilir'

2021-10-14 17:28:29 - [TEST_CASE][PASSED] - Test Cases/Popup/PopupButonSecilir: Test Cases/Popup/PopupButonSecilir

2021-10-14 17:28:29 - [TEST_STEP][PASSED] - Method.TextDegerineEsitElementeTikla(findTestObject("Popup/Popup_Butons"), Buton): Method.TextDegerineEsitElementeTikla is PASSED

2021-10-14 17:28:29 - [MESSAGE][INFO] - Finding Test Object 'Object Repository/Popup/Popup_Butons'

2021-10-14 17:28:29 - [MESSAGE][INFO] - Checking timeout

2021-10-14 17:28:29 - [MESSAGE][INFO] - Finding web element with id: 'Object Repository/Popup/Popup_Butons' located by 'By.cssSelector: .modal-footer>button' in '10' second(s)

2021-10-14 17:28:29 - [MESSAGE][INFO] - Smart Wait Function is triggered

2021-10-14 17:28:29 - [MESSAGE][INFO] - Found 1 web elements with id: 'Object Repository/Popup/Popup_Butons' located by 'By.cssSelector: .modal-footer>button' in '10' second(s)

2021-10-14 17:28:29 - [MESSAGE][PASSED] - Method.TextDegerineEsitElementeTikla is PASSED

2021-10-14 17:28:29 - [MESSAGE][PASSED] - Call Test Case 'Test Cases/Popup/PopupButonSecilir' successfully

2021-10-14 17:28:29 - [MESSAGE][INFO] - Checking called Test Case

2021-10-14 17:28:29 - [MESSAGE][INFO] - Starting to call Test Case 'Test Cases/Sekmeler/Ana_Sekmeye_Gec'

2021-10-14 17:28:29 - [TEST_CASE][PASSED] - Test Cases/Sekmeler/Ana_Sekmeye_Gec: Test Cases/Sekmeler/Ana_Sekmeye_Gec

2021-10-14 17:28:29 - [TEST_STEP][FAILED] - try: Unable to get the index of the current window (Root cause: com.kms.katalon.core.exception.StepFailedException: Unable to get the index of the current window
	at com.kms.katalon.core.webui.keyword.internal.WebUIKeywordMain.stepFailed(WebUIKeywordMain.groovy:64)
	at com.kms.katalon.core.webui.keyword.internal.WebUIKeywordMain.runKeywordAndReturnInt(WebUIKeywordMain.groovy:56)
	at com.kms.katalon.core.webui.keyword.builtin.GetWindowIndexKeyword.getWindowIndex(GetWindowIndexKeyword.groovy:71)
	at com.kms.katalon.core.webui.keyword.builtin.GetWindowIndexKeyword.execute(GetWindowIndexKeyword.groovy:66)
	at com.kms.katalon.core.keyword.internal.KeywordExecutor.executeKeywordForPlatform(KeywordExecutor.groovy:73)
	at com.kms.katalon.core.webui.keyword.WebUiBuiltInKeywords.getWindowIndex(WebUiBuiltInKeywords.groovy:262)
	at com.kms.katalon.core.webui.keyword.WebUiBuiltInKeywords$getWindowIndex$21.call(Unknown Source)
	at Ana_Sekmeye_Gec.run(Ana_Sekmeye_Gec:18)
	at com.kms.katalon.core.main.ScriptEngine.run(ScriptEngine.java:194)
	at com.kms.katalon.core.main.ScriptEngine.runScriptAsRawText(ScriptEngine.java:119)
	at com.kms.katalon.core.main.TestCaseExecutor.runScript(TestCaseExecutor.java:369)
	at com.kms.katalon.core.main.TestCaseExecutor.doExecute(TestCaseExecutor.java:360)
	at com.kms.katalon.core.main.TestCaseExecutor.processExecutionPhase(TestCaseExecutor.java:339)
	at com.kms.katalon.core.main.TestCaseExecutor.accessMainPhase(TestCaseExecutor.java:331)
	at com.kms.katalon.core.main.TestCaseExecutor.execute(TestCaseExecutor.java:248)
	at com.kms.katalon.core.main.TestCaseMain.runTestCase(TestCaseMain.java:138)
	at com.kms.katalon.core.keyword.builtin.CallTestCaseKeyword$_callTestCase_closure1.doCall(CallTestCaseKeyword.groovy:59)
	at com.kms.katalon.core.keyword.builtin.CallTestCaseKeyword$_callTestCase_closure1.call(CallTestCaseKeyword.groovy)
	at com.kms.katalon.core.keyword.internal.KeywordMain.runKeyword(KeywordMain.groovy:68)
	at com.kms.katalon.core.keyword.builtin.CallTestCaseKeyword.callTestCase(CallTestCaseKeyword.groovy:81)
	at com.kms.katalon.core.keyword.builtin.CallTestCaseKeyword.execute(CallTestCaseKeyword.groovy:44)
	at com.kms.katalon.core.keyword.internal.KeywordExecutor.executeKeywordForPlatform(KeywordExecutor.groovy:73)
	at com.kms.katalon.core.keyword.BuiltinKeywords.callTestCase(BuiltinKeywords.groovy:334)
	at sekmeler.sekmeler.anaSekmeyeGecilir(sekmeler.groovy:55)
	at cucumber.runtime.Utils$1.call(Utils.java:26)
	at cucumber.runtime.Timeout.timeout(Timeout.java:16)
	at cucumber.runtime.Utils.invoke(Utils.java:20)
	at cucumber.runtime.java.JavaStepDefinition.execute(JavaStepDefinition.java:49)
	at cucumber.runner.PickleStepDefinitionMatch.runStep(PickleStepDefinitionMatch.java:50)
	at cucumber.runner.TestStep.executeStep(TestStep.java:63)
	at cucumber.runner.TestStep.run(TestStep.java:49)
	at cucumber.runner.PickleStepTestStep.run(PickleStepTestStep.java:43)
	at cucumber.runner.TestCase.run(TestCase.java:44)
	at cucumber.runner.Runner.runPickle(Runner.java:40)
	at cucumber.runtime.Runtime$1.run(Runtime.java:84)
	at cucumber.runtime.Runtime$SameThreadExecutorService.execute(Runtime.java:220)
	at cucumber.runtime.Runtime.run(Runtime.java:81)
	at cucumber.api.cli.Main.run(Main.java:26)
	at cucumber.api.cli.Main$run.call(Unknown Source)
	at com.kms.katalon.core.cucumber.keyword.CucumberBuiltinKeywords$_runFeatureFile_closure1.doCall(CucumberBuiltinKeywords.groovy:106)
	at com.kms.katalon.core.cucumber.keyword.CucumberBuiltinKeywords$_runFeatureFile_closure1.doCall(CucumberBuiltinKeywords.groovy)
	at com.kms.katalon.core.keyword.internal.KeywordMain.runKeyword(KeywordMain.groovy:68)
	at com.kms.katalon.core.keyword.internal.KeywordMain$runKeyword.call(Unknown Source)
	at com.kms.katalon.core.cucumber.keyword.CucumberBuiltinKeywords.runFeatureFile(CucumberBuiltinKeywords.groovy:73)
	at com.kms.katalon.core.cucumber.keyword.CucumberBuiltinKeywords$runFeatureFile$0.callStatic(Unknown Source)
	at com.kms.katalon.core.cucumber.keyword.CucumberBuiltinKeywords.runFeatureFile(CucumberBuiltinKeywords.groovy:246)
	at com.kms.katalon.core.cucumber.keyword.CucumberBuiltinKeywords$runFeatureFile.call(Unknown Source)
	at Departman Ata-Geri Al.run(Departman Ata-Geri Al:18)
	at com.kms.katalon.core.main.ScriptEngine.run(ScriptEngine.java:194)
	at com.kms.katalon.core.main.ScriptEngine.runScriptAsRawText(ScriptEngine.java:119)
	at com.kms.katalon.core.main.TestCaseExecutor.runScript(TestCaseExecutor.java:369)
	at com.kms.katalon.core.main.TestCaseExecutor.doExecute(TestCaseExecutor.java:360)
	at com.kms.katalon.core.main.TestCaseExecutor.processExecutionPhase(TestCaseExecutor.java:339)
	at com.kms.katalon.core.main.TestCaseExecutor.accessMainPhase(TestCaseExecutor.java:331)
	at com.kms.katalon.core.main.TestCaseExecutor.execute(TestCaseExecutor.java:248)
	at com.kms.katalon.core.main.TestSuiteExecutor.accessTestCaseMainPhase(TestSuiteExecutor.java:191)
	at com.kms.katalon.core.main.TestSuiteExecutor.accessTestSuiteMainPhase(TestSuiteExecutor.java:140)
	at com.kms.katalon.core.main.TestSuiteExecutor.execute(TestSuiteExecutor.java:89)
	at com.kms.katalon.core.main.TestCaseMain.startTestSuite(TestCaseMain.java:181)
	at com.kms.katalon.core.main.TestCaseMain$startTestSuite$0.call(Unknown Source)
	at TempTestSuite1634220073501.run(TempTestSuite1634220073501.groovy:39)
Caused by: org.openqa.selenium.NoSuchWindowException: no such window: window was already closed
  (Session info: chrome=94.0.4606.81)
Build info: version: '3.141.59', revision: 'e82be7d358', time: '2018-11-14T08:25:53'
System info: host: 'DESKTOP-QBVMTUG', ip: '10.10.3.14', os.name: 'Windows 10', os.arch: 'amd64', os.version: '10.0', java.version: '1.8.0_282'
Driver info: com.kms.katalon.selenium.driver.CChromeDriver
Capabilities {acceptInsecureCerts: false, browserName: chrome, browserVersion: 94.0.4606.81, chrome: {chromedriverVersion: 94.0.4606.61 (418b78f5838ed..., userDataDir: C:\Users\DELL\AppData\Local...}, goog:chromeOptions: {debuggerAddress: localhost:63811}, javascriptEnabled: true, networkConnectionEnabled: false, pageLoadStrategy: normal, platform: WINDOWS, platformName: WINDOWS, proxy: Proxy(), setWindowRect: true, strictFileInteractability: false, timeouts: {implicit: 0, pageLoad: 300000, script: 30000}, unhandledPromptBehavior: dismiss and notify, webauthn:extension:credBlob: true, webauthn:extension:largeBlob: true, webauthn:virtualAuthenticators: true}
Session ID: 8509118467627d08d8c41472d9aef390
	at org.openqa.selenium.remote.http.W3CHttpResponseCodec.createException(W3CHttpResponseCodec.java:187)
	at org.openqa.selenium.remote.http.W3CHttpResponseCodec.decode(W3CHttpResponseCodec.java:122)
	at org.openqa.selenium.remote.http.W3CHttpResponseCodec.decode(W3CHttpResponseCodec.java:49)
	at org.openqa.selenium.remote.HttpCommandExecutor.execute(HttpCommandExecutor.java:158)
	at org.openqa.selenium.remote.service.DriverCommandExecutor.execute(DriverCommandExecutor.java:83)
	at org.openqa.selenium.remote.RemoteWebDriver.execute(RemoteWebDriver.java:552)
	at com.kms.katalon.selenium.driver.CChromeDriver.execute(CChromeDriver.java:19)
	at org.openqa.selenium.remote.RemoteWebDriver.execute(RemoteWebDriver.java:609)
	at org.openqa.selenium.remote.RemoteWebDriver.getWindowHandle(RemoteWebDriver.java:472)
	at org.openqa.selenium.support.events.EventFiringWebDriver.lambda$new$1(EventFiringWebDriver.java:105)
	at com.sun.proxy.$Proxy12.getWindowHandle(Unknown Source)
	at org.openqa.selenium.support.events.EventFiringWebDriver.getWindowHandle(EventFiringWebDriver.java:221)
	at com.kms.katalon.core.webui.driver.DriverFactory.getCurrentWindowIndex(DriverFactory.java:1072)
	at com.kms.katalon.core.webui.keyword.builtin.GetWindowIndexKeyword$_getWindowIndex_closure1.doCall(GetWindowIndexKeyword.groovy:73)
	at com.kms.katalon.core.webui.keyword.builtin.GetWindowIndexKeyword$_getWindowIndex_closure1.call(GetWindowIndexKeyword.groovy)
	at com.kms.katalon.core.webui.keyword.internal.WebUIKeywordMain.runKeywordAndReturnInt(WebUIKeywordMain.groovy:50)
	at com.kms.katalon.core.webui.keyword.builtin.GetWindowIndexKeyword.getWindowIndex(GetWindowIndexKeyword.groovy:71)
	at com.kms.katalon.core.webui.keyword.builtin.GetWindowIndexKeyword.execute(GetWindowIndexKeyword.groovy:66)
	at com.kms.katalon.core.keyword.internal.KeywordExecutor.executeKeywordForPlatform(KeywordExecutor.groovy:73)
	at com.kms.katalon.core.webui.keyword.WebUiBuiltInKeywords.getWindowIndex(WebUiBuiltInKeywords.groovy:262)
	at com.kms.katalon.core.webui.keyword.WebUiBuiltInKeywords$getWindowIndex$21.call(Unknown Source)
	at Script1586261051750.run(Script1586261051750.groovy:18)
	at com.kms.katalon.core.main.ScriptEngine.run(ScriptEngine.java:194)
	at com.kms.katalon.core.main.ScriptEngine.runScriptAsRawText(ScriptEngine.java:119)
	at com.kms.katalon.core.main.TestCaseExecutor.runScript(TestCaseExecutor.java:369)
	at com.kms.katalon.core.main.TestCaseExecutor.doExecute(TestCaseExecutor.java:360)
	at com.kms.katalon.core.main.TestCaseExecutor.processExecutionPhase(TestCaseExecutor.java:339)
	at com.kms.katalon.core.main.TestCaseExecutor.accessMainPhase(TestCaseExecutor.java:331)
	at com.kms.katalon.core.main.TestCaseExecutor.execute(TestCaseExecutor.java:248)
	at com.kms.katalon.core.main.TestCaseMain.runTestCase(TestCaseMain.java:138)
	at com.kms.katalon.core.keyword.builtin.CallTestCaseKeyword$_callTestCase_closure1.doCall(CallTestCaseKeyword.groovy:59)
	at com.kms.katalon.core.keyword.builtin.CallTestCaseKeyword$_callTestCase_closure1.call(CallTestCaseKeyword.groovy)
	at com.kms.katalon.core.keyword.internal.KeywordMain.runKeyword(KeywordMain.groovy:68)
	at com.kms.katalon.core.keyword.builtin.CallTestCaseKeyword.callTestCase(CallTestCaseKeyword.groovy:81)
	at com.kms.katalon.core.keyword.builtin.CallTestCaseKeyword.execute(CallTestCaseKeyword.groovy:44)
	at com.kms.katalon.core.keyword.internal.KeywordExecutor.executeKeywordForPlatform(KeywordExecutor.groovy:73)
	at com.kms.katalon.core.keyword.BuiltinKeywords.callTestCase(BuiltinKeywords.groovy:334)
	at sekmeler.sekmeler.anaSekmeyeGecilir(sekmeler.groovy:55)
	at cucumber.runtime.Utils$1.call(Utils.java:26)
	at cucumber.runtime.Timeout.timeout(Timeout.java:16)
	at cucumber.runtime.Utils.invoke(Utils.java:20)
	at cucumber.runtime.java.JavaStepDefinition.execute(JavaStepDefinition.java:49)
	at cucumber.runner.PickleStepDefinitionMatch.runStep(PickleStepDefinitionMatch.java:50)
	at cucumber.runner.TestStep.executeStep(TestStep.java:63)
	at cucumber.runner.TestStep.run(TestStep.java:49)
	at cucumber.runner.PickleStepTestStep.run(PickleStepTestStep.java:43)
	at cucumber.runner.TestCase.run(TestCase.java:44)
	at cucumber.runner.Runner.runPickle(Runner.java:40)
	at cucumber.runtime.Runtime$1.run(Runtime.java:84)
	at cucumber.runtime.Runtime$SameThreadExecutorService.execute(Runtime.java:220)
	at cucumber.runtime.Runtime.run(Runtime.java:81)
	at cucumber.api.cli.Main.run(Main.java:26)
	at cucumber.api.cli.Main$run.call(Unknown Source)
	at com.kms.katalon.core.cucumber.keyword.CucumberBuiltinKeywords$_runFeatureFile_closure1.doCall(CucumberBuiltinKeywords.groovy:106)
	at com.kms.katalon.core.cucumber.keyword.CucumberBuiltinKeywords$_runFeatureFile_closure1.doCall(CucumberBuiltinKeywords.groovy)
	at com.kms.katalon.core.keyword.internal.KeywordMain.runKeyword(KeywordMain.groovy:68)
	at com.kms.katalon.core.keyword.internal.KeywordMain$runKeyword.call(Unknown Source)
	at com.kms.katalon.core.cucumber.keyword.CucumberBuiltinKeywords.runFeatureFile(CucumberBuiltinKeywords.groovy:73)
	at com.kms.katalon.core.cucumber.keyword.CucumberBuiltinKeywords$runFeatureFile$0.callStatic(Unknown Source)
	at com.kms.katalon.core.cucumber.keyword.CucumberBuiltinKeywords.runFeatureFile(CucumberBuiltinKeywords.groovy:246)
	at com.kms.katalon.core.cucumber.keyword.CucumberBuiltinKeywords$runFeatureFile.call(Unknown Source)
	at Script1601996376893.run(Script1601996376893.groovy:18)
	... 13 more
)

2021-10-14 17:28:29 - [TEST_STEP][FAILED] - index = getWindowIndex(): Unable to get the index of the current window (Root cause: com.kms.katalon.core.exception.StepFailedException: Unable to get the index of the current window
	at com.kms.katalon.core.webui.keyword.internal.WebUIKeywordMain.stepFailed(WebUIKeywordMain.groovy:64)
	at com.kms.katalon.core.webui.keyword.internal.WebUIKeywordMain.runKeywordAndReturnInt(WebUIKeywordMain.groovy:56)
	at com.kms.katalon.core.webui.keyword.builtin.GetWindowIndexKeyword.getWindowIndex(GetWindowIndexKeyword.groovy:71)
	at com.kms.katalon.core.webui.keyword.builtin.GetWindowIndexKeyword.execute(GetWindowIndexKeyword.groovy:66)
	at com.kms.katalon.core.keyword.internal.KeywordExecutor.executeKeywordForPlatform(KeywordExecutor.groovy:73)
	at com.kms.katalon.core.webui.keyword.WebUiBuiltInKeywords.getWindowIndex(WebUiBuiltInKeywords.groovy:262)
	at com.kms.katalon.core.webui.keyword.WebUiBuiltInKeywords$getWindowIndex$21.call(Unknown Source)
	at Ana_Sekmeye_Gec.run(Ana_Sekmeye_Gec:18)
	at com.kms.katalon.core.main.ScriptEngine.run(ScriptEngine.java:194)
	at com.kms.katalon.core.main.ScriptEngine.runScriptAsRawText(ScriptEngine.java:119)
	at com.kms.katalon.core.main.TestCaseExecutor.runScript(TestCaseExecutor.java:369)
	at com.kms.katalon.core.main.TestCaseExecutor.doExecute(TestCaseExecutor.java:360)
	at com.kms.katalon.core.main.TestCaseExecutor.processExecutionPhase(TestCaseExecutor.java:339)
	at com.kms.katalon.core.main.TestCaseExecutor.accessMainPhase(TestCaseExecutor.java:331)
	at com.kms.katalon.core.main.TestCaseExecutor.execute(TestCaseExecutor.java:248)
	at com.kms.katalon.core.main.TestCaseMain.runTestCase(TestCaseMain.java:138)
	at com.kms.katalon.core.keyword.builtin.CallTestCaseKeyword$_callTestCase_closure1.doCall(CallTestCaseKeyword.groovy:59)
	at com.kms.katalon.core.keyword.builtin.CallTestCaseKeyword$_callTestCase_closure1.call(CallTestCaseKeyword.groovy)
	at com.kms.katalon.core.keyword.internal.KeywordMain.runKeyword(KeywordMain.groovy:68)
	at com.kms.katalon.core.keyword.builtin.CallTestCaseKeyword.callTestCase(CallTestCaseKeyword.groovy:81)
	at com.kms.katalon.core.keyword.builtin.CallTestCaseKeyword.execute(CallTestCaseKeyword.groovy:44)
	at com.kms.katalon.core.keyword.internal.KeywordExecutor.executeKeywordForPlatform(KeywordExecutor.groovy:73)
	at com.kms.katalon.core.keyword.BuiltinKeywords.callTestCase(BuiltinKeywords.groovy:334)
	at sekmeler.sekmeler.anaSekmeyeGecilir(sekmeler.groovy:55)
	at cucumber.runtime.Utils$1.call(Utils.java:26)
	at cucumber.runtime.Timeout.timeout(Timeout.java:16)
	at cucumber.runtime.Utils.invoke(Utils.java:20)
	at cucumber.runtime.java.JavaStepDefinition.execute(JavaStepDefinition.java:49)
	at cucumber.runner.PickleStepDefinitionMatch.runStep(PickleStepDefinitionMatch.java:50)
	at cucumber.runner.TestStep.executeStep(TestStep.java:63)
	at cucumber.runner.TestStep.run(TestStep.java:49)
	at cucumber.runner.PickleStepTestStep.run(PickleStepTestStep.java:43)
	at cucumber.runner.TestCase.run(TestCase.java:44)
	at cucumber.runner.Runner.runPickle(Runner.java:40)
	at cucumber.runtime.Runtime$1.run(Runtime.java:84)
	at cucumber.runtime.Runtime$SameThreadExecutorService.execute(Runtime.java:220)
	at cucumber.runtime.Runtime.run(Runtime.java:81)
	at cucumber.api.cli.Main.run(Main.java:26)
	at cucumber.api.cli.Main$run.call(Unknown Source)
	at com.kms.katalon.core.cucumber.keyword.CucumberBuiltinKeywords$_runFeatureFile_closure1.doCall(CucumberBuiltinKeywords.groovy:106)
	at com.kms.katalon.core.cucumber.keyword.CucumberBuiltinKeywords$_runFeatureFile_closure1.doCall(CucumberBuiltinKeywords.groovy)
	at com.kms.katalon.core.keyword.internal.KeywordMain.runKeyword(KeywordMain.groovy:68)
	at com.kms.katalon.core.keyword.internal.KeywordMain$runKeyword.call(Unknown Source)
	at com.kms.katalon.core.cucumber.keyword.CucumberBuiltinKeywords.runFeatureFile(CucumberBuiltinKeywords.groovy:73)
	at com.kms.katalon.core.cucumber.keyword.CucumberBuiltinKeywords$runFeatureFile$0.callStatic(Unknown Source)
	at com.kms.katalon.core.cucumber.keyword.CucumberBuiltinKeywords.runFeatureFile(CucumberBuiltinKeywords.groovy:246)
	at com.kms.katalon.core.cucumber.keyword.CucumberBuiltinKeywords$runFeatureFile.call(Unknown Source)
	at Departman Ata-Geri Al.run(Departman Ata-Geri Al:18)
	at com.kms.katalon.core.main.ScriptEngine.run(ScriptEngine.java:194)
	at com.kms.katalon.core.main.ScriptEngine.runScriptAsRawText(ScriptEngine.java:119)
	at com.kms.katalon.core.main.TestCaseExecutor.runScript(TestCaseExecutor.java:369)
	at com.kms.katalon.core.main.TestCaseExecutor.doExecute(TestCaseExecutor.java:360)
	at com.kms.katalon.core.main.TestCaseExecutor.processExecutionPhase(TestCaseExecutor.java:339)
	at com.kms.katalon.core.main.TestCaseExecutor.accessMainPhase(TestCaseExecutor.java:331)
	at com.kms.katalon.core.main.TestCaseExecutor.execute(TestCaseExecutor.java:248)
	at com.kms.katalon.core.main.TestSuiteExecutor.accessTestCaseMainPhase(TestSuiteExecutor.java:191)
	at com.kms.katalon.core.main.TestSuiteExecutor.accessTestSuiteMainPhase(TestSuiteExecutor.java:140)
	at com.kms.katalon.core.main.TestSuiteExecutor.execute(TestSuiteExecutor.java:89)
	at com.kms.katalon.core.main.TestCaseMain.startTestSuite(TestCaseMain.java:181)
	at com.kms.katalon.core.main.TestCaseMain$startTestSuite$0.call(Unknown Source)
	at TempTestSuite1634220073501.run(TempTestSuite1634220073501.groovy:39)
Caused by: org.openqa.selenium.NoSuchWindowException: no such window: window was already closed
  (Session info: chrome=94.0.4606.81)
Build info: version: '3.141.59', revision: 'e82be7d358', time: '2018-11-14T08:25:53'
System info: host: 'DESKTOP-QBVMTUG', ip: '10.10.3.14', os.name: 'Windows 10', os.arch: 'amd64', os.version: '10.0', java.version: '1.8.0_282'
Driver info: com.kms.katalon.selenium.driver.CChromeDriver
Capabilities {acceptInsecureCerts: false, browserName: chrome, browserVersion: 94.0.4606.81, chrome: {chromedriverVersion: 94.0.4606.61 (418b78f5838ed..., userDataDir: C:\Users\DELL\AppData\Local...}, goog:chromeOptions: {debuggerAddress: localhost:63811}, javascriptEnabled: true, networkConnectionEnabled: false, pageLoadStrategy: normal, platform: WINDOWS, platformName: WINDOWS, proxy: Proxy(), setWindowRect: true, strictFileInteractability: false, timeouts: {implicit: 0, pageLoad: 300000, script: 30000}, unhandledPromptBehavior: dismiss and notify, webauthn:extension:credBlob: true, webauthn:extension:largeBlob: true, webauthn:virtualAuthenticators: true}
Session ID: 8509118467627d08d8c41472d9aef390
	at org.openqa.selenium.remote.http.W3CHttpResponseCodec.createException(W3CHttpResponseCodec.java:187)
	at org.openqa.selenium.remote.http.W3CHttpResponseCodec.decode(W3CHttpResponseCodec.java:122)
	at org.openqa.selenium.remote.http.W3CHttpResponseCodec.decode(W3CHttpResponseCodec.java:49)
	at org.openqa.selenium.remote.HttpCommandExecutor.execute(HttpCommandExecutor.java:158)
	at org.openqa.selenium.remote.service.DriverCommandExecutor.execute(DriverCommandExecutor.java:83)
	at org.openqa.selenium.remote.RemoteWebDriver.execute(RemoteWebDriver.java:552)
	at com.kms.katalon.selenium.driver.CChromeDriver.execute(CChromeDriver.java:19)
	at org.openqa.selenium.remote.RemoteWebDriver.execute(RemoteWebDriver.java:609)
	at org.openqa.selenium.remote.RemoteWebDriver.getWindowHandle(RemoteWebDriver.java:472)
	at org.openqa.selenium.support.events.EventFiringWebDriver.lambda$new$1(EventFiringWebDriver.java:105)
	at com.sun.proxy.$Proxy12.getWindowHandle(Unknown Source)
	at org.openqa.selenium.support.events.EventFiringWebDriver.getWindowHandle(EventFiringWebDriver.java:221)
	at com.kms.katalon.core.webui.driver.DriverFactory.getCurrentWindowIndex(DriverFactory.java:1072)
	at com.kms.katalon.core.webui.keyword.builtin.GetWindowIndexKeyword$_getWindowIndex_closure1.doCall(GetWindowIndexKeyword.groovy:73)
	at com.kms.katalon.core.webui.keyword.builtin.GetWindowIndexKeyword$_getWindowIndex_closure1.call(GetWindowIndexKeyword.groovy)
	at com.kms.katalon.core.webui.keyword.internal.WebUIKeywordMain.runKeywordAndReturnInt(WebUIKeywordMain.groovy:50)
	at com.kms.katalon.core.webui.keyword.builtin.GetWindowIndexKeyword.getWindowIndex(GetWindowIndexKeyword.groovy:71)
	at com.kms.katalon.core.webui.keyword.builtin.GetWindowIndexKeyword.execute(GetWindowIndexKeyword.groovy:66)
	at com.kms.katalon.core.keyword.internal.KeywordExecutor.executeKeywordForPlatform(KeywordExecutor.groovy:73)
	at com.kms.katalon.core.webui.keyword.WebUiBuiltInKeywords.getWindowIndex(WebUiBuiltInKeywords.groovy:262)
	at com.kms.katalon.core.webui.keyword.WebUiBuiltInKeywords$getWindowIndex$21.call(Unknown Source)
	at Script1586261051750.run(Script1586261051750.groovy:18)
	at com.kms.katalon.core.main.ScriptEngine.run(ScriptEngine.java:194)
	at com.kms.katalon.core.main.ScriptEngine.runScriptAsRawText(ScriptEngine.java:119)
	at com.kms.katalon.core.main.TestCaseExecutor.runScript(TestCaseExecutor.java:369)
	at com.kms.katalon.core.main.TestCaseExecutor.doExecute(TestCaseExecutor.java:360)
	at com.kms.katalon.core.main.TestCaseExecutor.processExecutionPhase(TestCaseExecutor.java:339)
	at com.kms.katalon.core.main.TestCaseExecutor.accessMainPhase(TestCaseExecutor.java:331)
	at com.kms.katalon.core.main.TestCaseExecutor.execute(TestCaseExecutor.java:248)
	at com.kms.katalon.core.main.TestCaseMain.runTestCase(TestCaseMain.java:138)
	at com.kms.katalon.core.keyword.builtin.CallTestCaseKeyword$_callTestCase_closure1.doCall(CallTestCaseKeyword.groovy:59)
	at com.kms.katalon.core.keyword.builtin.CallTestCaseKeyword$_callTestCase_closure1.call(CallTestCaseKeyword.groovy)
	at com.kms.katalon.core.keyword.internal.KeywordMain.runKeyword(KeywordMain.groovy:68)
	at com.kms.katalon.core.keyword.builtin.CallTestCaseKeyword.callTestCase(CallTestCaseKeyword.groovy:81)
	at com.kms.katalon.core.keyword.builtin.CallTestCaseKeyword.execute(CallTestCaseKeyword.groovy:44)
	at com.kms.katalon.core.keyword.internal.KeywordExecutor.executeKeywordForPlatform(KeywordExecutor.groovy:73)
	at com.kms.katalon.core.keyword.BuiltinKeywords.callTestCase(BuiltinKeywords.groovy:334)
	at sekmeler.sekmeler.anaSekmeyeGecilir(sekmeler.groovy:55)
	at cucumber.runtime.Utils$1.call(Utils.java:26)
	at cucumber.runtime.Timeout.timeout(Timeout.java:16)
	at cucumber.runtime.Utils.invoke(Utils.java:20)
	at cucumber.runtime.java.JavaStepDefinition.execute(JavaStepDefinition.java:49)
	at cucumber.runner.PickleStepDefinitionMatch.runStep(PickleStepDefinitionMatch.java:50)
	at cucumber.runner.TestStep.executeStep(TestStep.java:63)
	at cucumber.runner.TestStep.run(TestStep.java:49)
	at cucumber.runner.PickleStepTestStep.run(PickleStepTestStep.java:43)
	at cucumber.runner.TestCase.run(TestCase.java:44)
	at cucumber.runner.Runner.runPickle(Runner.java:40)
	at cucumber.runtime.Runtime$1.run(Runtime.java:84)
	at cucumber.runtime.Runtime$SameThreadExecutorService.execute(Runtime.java:220)
	at cucumber.runtime.Runtime.run(Runtime.java:81)
	at cucumber.api.cli.Main.run(Main.java:26)
	at cucumber.api.cli.Main$run.call(Unknown Source)
	at com.kms.katalon.core.cucumber.keyword.CucumberBuiltinKeywords$_runFeatureFile_closure1.doCall(CucumberBuiltinKeywords.groovy:106)
	at com.kms.katalon.core.cucumber.keyword.CucumberBuiltinKeywords$_runFeatureFile_closure1.doCall(CucumberBuiltinKeywords.groovy)
	at com.kms.katalon.core.keyword.internal.KeywordMain.runKeyword(KeywordMain.groovy:68)
	at com.kms.katalon.core.keyword.internal.KeywordMain$runKeyword.call(Unknown Source)
	at com.kms.katalon.core.cucumber.keyword.CucumberBuiltinKeywords.runFeatureFile(CucumberBuiltinKeywords.groovy:73)
	at com.kms.katalon.core.cucumber.keyword.CucumberBuiltinKeywords$runFeatureFile$0.callStatic(Unknown Source)
	at com.kms.katalon.core.cucumber.keyword.CucumberBuiltinKeywords.runFeatureFile(CucumberBuiltinKeywords.groovy:246)
	at com.kms.katalon.core.cucumber.keyword.CucumberBuiltinKeywords$runFeatureFile.call(Unknown Source)
	at Script1601996376893.run(Script1601996376893.groovy:18)
	... 13 more
)

2021-10-14 17:28:29 - [MESSAGE][INFO] - Getting current window's index

2021-10-14 17:28:29 - [MESSAGE][FAILED] - Unable to get the index of the current window (Root cause: com.kms.katalon.core.exception.StepFailedException: Unable to get the index of the current window
	at com.kms.katalon.core.webui.keyword.internal.WebUIKeywordMain.stepFailed(WebUIKeywordMain.groovy:64)
	at com.kms.katalon.core.webui.keyword.internal.WebUIKeywordMain.runKeywordAndReturnInt(WebUIKeywordMain.groovy:56)
	at com.kms.katalon.core.webui.keyword.builtin.GetWindowIndexKeyword.getWindowIndex(GetWindowIndexKeyword.groovy:71)
	at com.kms.katalon.core.webui.keyword.builtin.GetWindowIndexKeyword.execute(GetWindowIndexKeyword.groovy:66)
	at com.kms.katalon.core.keyword.internal.KeywordExecutor.executeKeywordForPlatform(KeywordExecutor.groovy:73)
	at com.kms.katalon.core.webui.keyword.WebUiBuiltInKeywords.getWindowIndex(WebUiBuiltInKeywords.groovy:262)
	at com.kms.katalon.core.webui.keyword.WebUiBuiltInKeywords$getWindowIndex$21.call(Unknown Source)
	at Ana_Sekmeye_Gec.run(Ana_Sekmeye_Gec:18)
	at com.kms.katalon.core.main.ScriptEngine.run(ScriptEngine.java:194)
	at com.kms.katalon.core.main.ScriptEngine.runScriptAsRawText(ScriptEngine.java:119)
	at com.kms.katalon.core.main.TestCaseExecutor.runScript(TestCaseExecutor.java:369)
	at com.kms.katalon.core.main.TestCaseExecutor.doExecute(TestCaseExecutor.java:360)
	at com.kms.katalon.core.main.TestCaseExecutor.processExecutionPhase(TestCaseExecutor.java:339)
	at com.kms.katalon.core.main.TestCaseExecutor.accessMainPhase(TestCaseExecutor.java:331)
	at com.kms.katalon.core.main.TestCaseExecutor.execute(TestCaseExecutor.java:248)
	at com.kms.katalon.core.main.TestCaseMain.runTestCase(TestCaseMain.java:138)
	at com.kms.katalon.core.keyword.builtin.CallTestCaseKeyword$_callTestCase_closure1.doCall(CallTestCaseKeyword.groovy:59)
	at com.kms.katalon.core.keyword.builtin.CallTestCaseKeyword$_callTestCase_closure1.call(CallTestCaseKeyword.groovy)
	at com.kms.katalon.core.keyword.internal.KeywordMain.runKeyword(KeywordMain.groovy:68)
	at com.kms.katalon.core.keyword.builtin.CallTestCaseKeyword.callTestCase(CallTestCaseKeyword.groovy:81)
	at com.kms.katalon.core.keyword.builtin.CallTestCaseKeyword.execute(CallTestCaseKeyword.groovy:44)
	at com.kms.katalon.core.keyword.internal.KeywordExecutor.executeKeywordForPlatform(KeywordExecutor.groovy:73)
	at com.kms.katalon.core.keyword.BuiltinKeywords.callTestCase(BuiltinKeywords.groovy:334)
	at sekmeler.sekmeler.anaSekmeyeGecilir(sekmeler.groovy:55)
	at cucumber.runtime.Utils$1.call(Utils.java:26)
	at cucumber.runtime.Timeout.timeout(Timeout.java:16)
	at cucumber.runtime.Utils.invoke(Utils.java:20)
	at cucumber.runtime.java.JavaStepDefinition.execute(JavaStepDefinition.java:49)
	at cucumber.runner.PickleStepDefinitionMatch.runStep(PickleStepDefinitionMatch.java:50)
	at cucumber.runner.TestStep.executeStep(TestStep.java:63)
	at cucumber.runner.TestStep.run(TestStep.java:49)
	at cucumber.runner.PickleStepTestStep.run(PickleStepTestStep.java:43)
	at cucumber.runner.TestCase.run(TestCase.java:44)
	at cucumber.runner.Runner.runPickle(Runner.java:40)
	at cucumber.runtime.Runtime$1.run(Runtime.java:84)
	at cucumber.runtime.Runtime$SameThreadExecutorService.execute(Runtime.java:220)
	at cucumber.runtime.Runtime.run(Runtime.java:81)
	at cucumber.api.cli.Main.run(Main.java:26)
	at cucumber.api.cli.Main$run.call(Unknown Source)
	at com.kms.katalon.core.cucumber.keyword.CucumberBuiltinKeywords$_runFeatureFile_closure1.doCall(CucumberBuiltinKeywords.groovy:106)
	at com.kms.katalon.core.cucumber.keyword.CucumberBuiltinKeywords$_runFeatureFile_closure1.doCall(CucumberBuiltinKeywords.groovy)
	at com.kms.katalon.core.keyword.internal.KeywordMain.runKeyword(KeywordMain.groovy:68)
	at com.kms.katalon.core.keyword.internal.KeywordMain$runKeyword.call(Unknown Source)
	at com.kms.katalon.core.cucumber.keyword.CucumberBuiltinKeywords.runFeatureFile(CucumberBuiltinKeywords.groovy:73)
	at com.kms.katalon.core.cucumber.keyword.CucumberBuiltinKeywords$runFeatureFile$0.callStatic(Unknown Source)
	at com.kms.katalon.core.cucumber.keyword.CucumberBuiltinKeywords.runFeatureFile(CucumberBuiltinKeywords.groovy:246)
	at com.kms.katalon.core.cucumber.keyword.CucumberBuiltinKeywords$runFeatureFile.call(Unknown Source)
	at Departman Ata-Geri Al.run(Departman Ata-Geri Al:18)
	at com.kms.katalon.core.main.ScriptEngine.run(ScriptEngine.java:194)
	at com.kms.katalon.core.main.ScriptEngine.runScriptAsRawText(ScriptEngine.java:119)
	at com.kms.katalon.core.main.TestCaseExecutor.runScript(TestCaseExecutor.java:369)
	at com.kms.katalon.core.main.TestCaseExecutor.doExecute(TestCaseExecutor.java:360)
	at com.kms.katalon.core.main.TestCaseExecutor.processExecutionPhase(TestCaseExecutor.java:339)
	at com.kms.katalon.core.main.TestCaseExecutor.accessMainPhase(TestCaseExecutor.java:331)
	at com.kms.katalon.core.main.TestCaseExecutor.execute(TestCaseExecutor.java:248)
	at com.kms.katalon.core.main.TestSuiteExecutor.accessTestCaseMainPhase(TestSuiteExecutor.java:191)
	at com.kms.katalon.core.main.TestSuiteExecutor.accessTestSuiteMainPhase(TestSuiteExecutor.java:140)
	at com.kms.katalon.core.main.TestSuiteExecutor.execute(TestSuiteExecutor.java:89)
	at com.kms.katalon.core.main.TestCaseMain.startTestSuite(TestCaseMain.java:181)
	at com.kms.katalon.core.main.TestCaseMain$startTestSuite$0.call(Unknown Source)
	at TempTestSuite1634220073501.run(TempTestSuite1634220073501.groovy:39)
Caused by: org.openqa.selenium.NoSuchWindowException: no such window: window was already closed
  (Session info: chrome=94.0.4606.81)
Build info: version: '3.141.59', revision: 'e82be7d358', time: '2018-11-14T08:25:53'
System info: host: 'DESKTOP-QBVMTUG', ip: '10.10.3.14', os.name: 'Windows 10', os.arch: 'amd64', os.version: '10.0', java.version: '1.8.0_282'
Driver info: com.kms.katalon.selenium.driver.CChromeDriver
Capabilities {acceptInsecureCerts: false, browserName: chrome, browserVersion: 94.0.4606.81, chrome: {chromedriverVersion: 94.0.4606.61 (418b78f5838ed..., userDataDir: C:\Users\DELL\AppData\Local...}, goog:chromeOptions: {debuggerAddress: localhost:63811}, javascriptEnabled: true, networkConnectionEnabled: false, pageLoadStrategy: normal, platform: WINDOWS, platformName: WINDOWS, proxy: Proxy(), setWindowRect: true, strictFileInteractability: false, timeouts: {implicit: 0, pageLoad: 300000, script: 30000}, unhandledPromptBehavior: dismiss and notify, webauthn:extension:credBlob: true, webauthn:extension:largeBlob: true, webauthn:virtualAuthenticators: true}
Session ID: 8509118467627d08d8c41472d9aef390
	at org.openqa.selenium.remote.http.W3CHttpResponseCodec.createException(W3CHttpResponseCodec.java:187)
	at org.openqa.selenium.remote.http.W3CHttpResponseCodec.decode(W3CHttpResponseCodec.java:122)
	at org.openqa.selenium.remote.http.W3CHttpResponseCodec.decode(W3CHttpResponseCodec.java:49)
	at org.openqa.selenium.remote.HttpCommandExecutor.execute(HttpCommandExecutor.java:158)
	at org.openqa.selenium.remote.service.DriverCommandExecutor.execute(DriverCommandExecutor.java:83)
	at org.openqa.selenium.remote.RemoteWebDriver.execute(RemoteWebDriver.java:552)
	at com.kms.katalon.selenium.driver.CChromeDriver.execute(CChromeDriver.java:19)
	at org.openqa.selenium.remote.RemoteWebDriver.execute(RemoteWebDriver.java:609)
	at org.openqa.selenium.remote.RemoteWebDriver.getWindowHandle(RemoteWebDriver.java:472)
	at org.openqa.selenium.support.events.EventFiringWebDriver.lambda$new$1(EventFiringWebDriver.java:105)
	at com.sun.proxy.$Proxy12.getWindowHandle(Unknown Source)
	at org.openqa.selenium.support.events.EventFiringWebDriver.getWindowHandle(EventFiringWebDriver.java:221)
	at com.kms.katalon.core.webui.driver.DriverFactory.getCurrentWindowIndex(DriverFactory.java:1072)
	at com.kms.katalon.core.webui.keyword.builtin.GetWindowIndexKeyword$_getWindowIndex_closure1.doCall(GetWindowIndexKeyword.groovy:73)
	at com.kms.katalon.core.webui.keyword.builtin.GetWindowIndexKeyword$_getWindowIndex_closure1.call(GetWindowIndexKeyword.groovy)
	at com.kms.katalon.core.webui.keyword.internal.WebUIKeywordMain.runKeywordAndReturnInt(WebUIKeywordMain.groovy:50)
	at com.kms.katalon.core.webui.keyword.builtin.GetWindowIndexKeyword.getWindowIndex(GetWindowIndexKeyword.groovy:71)
	at com.kms.katalon.core.webui.keyword.builtin.GetWindowIndexKeyword.execute(GetWindowIndexKeyword.groovy:66)
	at com.kms.katalon.core.keyword.internal.KeywordExecutor.executeKeywordForPlatform(KeywordExecutor.groovy:73)
	at com.kms.katalon.core.webui.keyword.WebUiBuiltInKeywords.getWindowIndex(WebUiBuiltInKeywords.groovy:262)
	at com.kms.katalon.core.webui.keyword.WebUiBuiltInKeywords$getWindowIndex$21.call(Unknown Source)
	at Script1586261051750.run(Script1586261051750.groovy:18)
	at com.kms.katalon.core.main.ScriptEngine.run(ScriptEngine.java:194)
	at com.kms.katalon.core.main.ScriptEngine.runScriptAsRawText(ScriptEngine.java:119)
	at com.kms.katalon.core.main.TestCaseExecutor.runScript(TestCaseExecutor.java:369)
	at com.kms.katalon.core.main.TestCaseExecutor.doExecute(TestCaseExecutor.java:360)
	at com.kms.katalon.core.main.TestCaseExecutor.processExecutionPhase(TestCaseExecutor.java:339)
	at com.kms.katalon.core.main.TestCaseExecutor.accessMainPhase(TestCaseExecutor.java:331)
	at com.kms.katalon.core.main.TestCaseExecutor.execute(TestCaseExecutor.java:248)
	at com.kms.katalon.core.main.TestCaseMain.runTestCase(TestCaseMain.java:138)
	at com.kms.katalon.core.keyword.builtin.CallTestCaseKeyword$_callTestCase_closure1.doCall(CallTestCaseKeyword.groovy:59)
	at com.kms.katalon.core.keyword.builtin.CallTestCaseKeyword$_callTestCase_closure1.call(CallTestCaseKeyword.groovy)
	at com.kms.katalon.core.keyword.internal.KeywordMain.runKeyword(KeywordMain.groovy:68)
	at com.kms.katalon.core.keyword.builtin.CallTestCaseKeyword.callTestCase(CallTestCaseKeyword.groovy:81)
	at com.kms.katalon.core.keyword.builtin.CallTestCaseKeyword.execute(CallTestCaseKeyword.groovy:44)
	at com.kms.katalon.core.keyword.internal.KeywordExecutor.executeKeywordForPlatform(KeywordExecutor.groovy:73)
	at com.kms.katalon.core.keyword.BuiltinKeywords.callTestCase(BuiltinKeywords.groovy:334)
	at sekmeler.sekmeler.anaSekmeyeGecilir(sekmeler.groovy:55)
	at cucumber.runtime.Utils$1.call(Utils.java:26)
	at cucumber.runtime.Timeout.timeout(Timeout.java:16)
	at cucumber.runtime.Utils.invoke(Utils.java:20)
	at cucumber.runtime.java.JavaStepDefinition.execute(JavaStepDefinition.java:49)
	at cucumber.runner.PickleStepDefinitionMatch.runStep(PickleStepDefinitionMatch.java:50)
	at cucumber.runner.TestStep.executeStep(TestStep.java:63)
	at cucumber.runner.TestStep.run(TestStep.java:49)
	at cucumber.runner.PickleStepTestStep.run(PickleStepTestStep.java:43)
	at cucumber.runner.TestCase.run(TestCase.java:44)
	at cucumber.runner.Runner.runPickle(Runner.java:40)
	at cucumber.runtime.Runtime$1.run(Runtime.java:84)
	at cucumber.runtime.Runtime$SameThreadExecutorService.execute(Runtime.java:220)
	at cucumber.runtime.Runtime.run(Runtime.java:81)
	at cucumber.api.cli.Main.run(Main.java:26)
	at cucumber.api.cli.Main$run.call(Unknown Source)
	at com.kms.katalon.core.cucumber.keyword.CucumberBuiltinKeywords$_runFeatureFile_closure1.doCall(CucumberBuiltinKeywords.groovy:106)
	at com.kms.katalon.core.cucumber.keyword.CucumberBuiltinKeywords$_runFeatureFile_closure1.doCall(CucumberBuiltinKeywords.groovy)
	at com.kms.katalon.core.keyword.internal.KeywordMain.runKeyword(KeywordMain.groovy:68)
	at com.kms.katalon.core.keyword.internal.KeywordMain$runKeyword.call(Unknown Source)
	at com.kms.katalon.core.cucumber.keyword.CucumberBuiltinKeywords.runFeatureFile(CucumberBuiltinKeywords.groovy:73)
	at com.kms.katalon.core.cucumber.keyword.CucumberBuiltinKeywords$runFeatureFile$0.callStatic(Unknown Source)
	at com.kms.katalon.core.cucumber.keyword.CucumberBuiltinKeywords.runFeatureFile(CucumberBuiltinKeywords.groovy:246)
	at com.kms.katalon.core.cucumber.keyword.CucumberBuiltinKeywords$runFeatureFile.call(Unknown Source)
	at Script1601996376893.run(Script1601996376893.groovy:18)
	... 13 more
)

2021-10-14 17:28:29 - [TEST_STEP][PASSED] - catch (Exception e): null

2021-10-14 17:28:29 - [TEST_STEP][PASSED] - switchToWindowIndex(0): Switched to window with index: '0'

2021-10-14 17:28:29 - [MESSAGE][INFO] - Checking index

2021-10-14 17:28:29 - [MESSAGE][INFO] - Switching window with index: '0'

2021-10-14 17:28:30 - [MESSAGE][PASSED] - Switched to window with index: '0'

2021-10-14 17:28:30 - [MESSAGE][PASSED] - Call Test Case 'Test Cases/Sekmeler/Ana_Sekmeye_Gec' successfully

2021-10-14 17:28:30 - [MESSAGE][INFO] - Checking called Test Case

2021-10-14 17:28:30 - [MESSAGE][INFO] - Starting to call Test Case 'Test Cases/Kullanici_Islemleri/KullaniciIslemlerindenSecimYapilir'

2021-10-14 17:28:30 - [TEST_CASE][PASSED] - Test Cases/Kullanici_Islemleri/KullaniciIslemlerindenSecimYapilir: Test Cases/Kullanici_Islemleri/KullaniciIslemlerindenSecimYapilir

2021-10-14 17:28:30 - [TEST_STEP][PASSED] - waitForElementClickable(findTestObject("Object Repository/Kullanici_Islemleri/KullaniciIslemleri"), 10): Object 'Object Repository/Kullanici_Islemleri/KullaniciIslemleri' is clickable

2021-10-14 17:28:30 - [MESSAGE][INFO] - Finding Test Object 'Object Repository/Kullanici_Islemleri/KullaniciIslemleri'

2021-10-14 17:28:30 - [MESSAGE][INFO] - Checking object

2021-10-14 17:28:30 - [MESSAGE][INFO] - Checking timeout

2021-10-14 17:28:30 - [MESSAGE][INFO] - Finding web element from Test Object's properties

2021-10-14 17:28:30 - [MESSAGE][INFO] - Checking timeout

2021-10-14 17:28:30 - [MESSAGE][INFO] - Finding web element with id: 'Object Repository/Kullanici_Islemleri/KullaniciIslemleri' located by 'By.cssSelector: .dropdown>a>img' in '10' second(s)

2021-10-14 17:28:30 - [MESSAGE][INFO] - Smart Wait Function is triggered

2021-10-14 17:28:30 - [MESSAGE][INFO] - Found 1 web elements with id: 'Object Repository/Kullanici_Islemleri/KullaniciIslemleri' located by 'By.cssSelector: .dropdown>a>img' in '10' second(s)

2021-10-14 17:28:30 - [MESSAGE][PASSED] - Object 'Object Repository/Kullanici_Islemleri/KullaniciIslemleri' is clickable

2021-10-14 17:28:30 - [TEST_STEP][PASSED] - click(findTestObject("Object Repository/Kullanici_Islemleri/KullaniciIslemleri")): Object: 'Object Repository/Kullanici_Islemleri/KullaniciIslemleri' is clicked on

2021-10-14 17:28:30 - [MESSAGE][INFO] - Finding Test Object 'Object Repository/Kullanici_Islemleri/KullaniciIslemleri'

2021-10-14 17:28:30 - [MESSAGE][INFO] - Checking object

2021-10-14 17:28:30 - [MESSAGE][INFO] - Finding web element from Test Object's properties

2021-10-14 17:28:30 - [MESSAGE][INFO] - Checking timeout

2021-10-14 17:28:30 - [MESSAGE][INFO] - Finding web element with id: 'Object Repository/Kullanici_Islemleri/KullaniciIslemleri' located by 'By.cssSelector: .dropdown>a>img' in '30' second(s)

2021-10-14 17:28:30 - [MESSAGE][INFO] - Smart Wait Function is triggered

2021-10-14 17:28:31 - [MESSAGE][INFO] - Found 1 web elements with id: 'Object Repository/Kullanici_Islemleri/KullaniciIslemleri' located by 'By.cssSelector: .dropdown>a>img' in '30' second(s)

2021-10-14 17:28:31 - [MESSAGE][INFO] - Clicking on object: 'Object Repository/Kullanici_Islemleri/KullaniciIslemleri'

2021-10-14 17:28:31 - [MESSAGE][PASSED] - Object: 'Object Repository/Kullanici_Islemleri/KullaniciIslemleri' is clicked on

2021-10-14 17:28:31 - [TEST_STEP][PASSED] - Method.TextDegerineEsitElementeTikla(findTestObject("Object Repository/Kullanici_Islemleri/Secenekler"), Islem): Method.TextDegerineEsitElementeTikla is PASSED

2021-10-14 17:28:31 - [MESSAGE][INFO] - Finding Test Object 'Object Repository/Kullanici_Islemleri/Secenekler'

2021-10-14 17:28:31 - [MESSAGE][INFO] - Checking timeout

2021-10-14 17:28:31 - [MESSAGE][INFO] - Finding web element with id: 'Object Repository/Kullanici_Islemleri/Secenekler' located by 'By.cssSelector: .nav.navbar-nav.navbar-right li a' in '10' second(s)

2021-10-14 17:28:31 - [MESSAGE][INFO] - Smart Wait Function is triggered

2021-10-14 17:28:31 - [MESSAGE][INFO] - Found 22 web elements with id: 'Object Repository/Kullanici_Islemleri/Secenekler' located by 'By.cssSelector: .nav.navbar-nav.navbar-right li a' in '10' second(s)

2021-10-14 17:28:33 - [MESSAGE][PASSED] - Method.TextDegerineEsitElementeTikla is PASSED

2021-10-14 17:28:33 - [TEST_STEP][PASSED] - verifyElementNotPresent(findTestObject("Object Repository/Kullanici_Islemleri/Secenekler"), 10): Web element with id: 'Object Repository/Kullanici_Islemleri/Secenekler' located by 'By.cssSelector: .nav.navbar-nav.navbar-right li a' is not present after '10' second(s)

2021-10-14 17:28:33 - [MESSAGE][INFO] - Finding Test Object 'Object Repository/Kullanici_Islemleri/Secenekler'

2021-10-14 17:28:33 - [MESSAGE][INFO] - Checking object

2021-10-14 17:28:33 - [MESSAGE][INFO] - Checking timeout

2021-10-14 17:28:33 - [MESSAGE][INFO] - Finding web element with id: 'Object Repository/Kullanici_Islemleri/Secenekler' located by 'By.cssSelector: .nav.navbar-nav.navbar-right li a' in '10' second(s)

2021-10-14 17:28:33 - [MESSAGE][INFO] - Smart Wait Function is triggered

2021-10-14 17:28:34 - [MESSAGE][PASSED] - Web element with id: 'Object Repository/Kullanici_Islemleri/Secenekler' located by 'By.cssSelector: .nav.navbar-nav.navbar-right li a' is not present after '10' second(s)

2021-10-14 17:28:34 - [MESSAGE][PASSED] - Call Test Case 'Test Cases/Kullanici_Islemleri/KullaniciIslemlerindenSecimYapilir' successfully

2021-10-14 17:28:34 - [TEST_CASE][PASSED] - Start Test Case : SCENARIO Uygulama Yaniti departman ata: SCENARIO Uygulama Yaniti departman ata

2021-10-14 17:28:34 - [TEST_STEP][PASSED] - Kullanıcı adı ELOGO6 ve Şifre 123456 olarak giriş yapılır: Kullanıcı adı ELOGO6 ve Şifre 123456 olarak giriş yapılır

2021-10-14 17:28:34 - [MESSAGE][PASSED] - Kullanıcı adı ELOGO6 ve Şifre 123456 olarak giriş yapılır

2021-10-14 17:28:34 - [TEST_STEP][PASSED] - Ana menüden e-Fatura seçilir: Ana menüden e-Fatura seçilir

2021-10-14 17:28:34 - [MESSAGE][PASSED] - Ana menüden e-Fatura seçilir

2021-10-14 17:28:34 - [TEST_STEP][PASSED] - Alt menü Giden Kutusu başlığı altındaki Uygulama Yanıtları seçilir: Alt menü Giden Kutusu başlığı altındaki Uygulama Yanıtları seçilir

2021-10-14 17:28:34 - [MESSAGE][PASSED] - Alt menü Giden Kutusu başlığı altındaki Uygulama Yanıtları seçilir

2021-10-14 17:28:34 - [TEST_STEP][PASSED] - Filtrelerden Oluşturma Tarihi filtresine 01.12.2020 baslangic degerini yaz: Filtrelerden Oluşturma Tarihi filtresine 01.12.2020 baslangic degerini yaz

2021-10-14 17:28:34 - [MESSAGE][PASSED] - Filtrelerden Oluşturma Tarihi filtresine 01.12.2020 baslangic degerini yaz

2021-10-14 17:28:34 - [TEST_STEP][PASSED] - Filtrelerden Oluşturma Tarihi filtresine 31.12.2020 bitis degerini yaz: Filtrelerden Oluşturma Tarihi filtresine 31.12.2020 bitis degerini yaz

2021-10-14 17:28:34 - [MESSAGE][PASSED] - Filtrelerden Oluşturma Tarihi filtresine 31.12.2020 bitis degerini yaz

2021-10-14 17:28:34 - [TEST_STEP][PASSED] - Filtre butonlarından Listele seçilir: Filtre butonlarından Listele seçilir

2021-10-14 17:28:34 - [MESSAGE][PASSED] - Filtre butonlarından Listele seçilir

2021-10-14 17:28:34 - [TEST_STEP][PASSED] - Tabloda veri var mı kontrol edilir: Tabloda veri var mı kontrol edilir

2021-10-14 17:28:34 - [MESSAGE][PASSED] - Tabloda veri var mı kontrol edilir

2021-10-14 17:28:34 - [TEST_STEP][PASSED] - Tablodan 1234567806 isimli veri seçilir: Tablodan 1234567806 isimli veri seçilir

2021-10-14 17:28:34 - [MESSAGE][PASSED] - Tablodan 1234567806 isimli veri seçilir

2021-10-14 17:28:34 - [TEST_STEP][PASSED] - Butonlardan Departman Ata isimli butona tıklanır: Butonlardan Departman Ata isimli butona tıklanır

2021-10-14 17:28:34 - [MESSAGE][PASSED] - Butonlardan Departman Ata isimli butona tıklanır

2021-10-14 17:28:34 - [TEST_STEP][PASSED] - Yeni açılan sekmeye geçilir: Yeni açılan sekmeye geçilir

2021-10-14 17:28:34 - [MESSAGE][PASSED] - Yeni açılan sekmeye geçilir

2021-10-14 17:28:34 - [TEST_STEP][PASSED] - otomasyon isimli departman checkboxı seçilir: otomasyon isimli departman checkboxı seçilir

2021-10-14 17:28:34 - [MESSAGE][PASSED] - otomasyon isimli departman checkboxı seçilir

2021-10-14 17:28:34 - [TEST_STEP][PASSED] - Departman kaydedilir: Departman kaydedilir

2021-10-14 17:28:34 - [MESSAGE][PASSED] - Departman kaydedilir

2021-10-14 17:28:34 - [TEST_STEP][PASSED] - Popup mesajı Seçilen belgeler ilgili departmanlara aktarılmıştır içeriyor mu: Popup mesajı Seçilen belgeler ilgili departmanlara aktarılmıştır içeriyor mu

2021-10-14 17:28:34 - [MESSAGE][PASSED] - Popup mesajı Seçilen belgeler ilgili departmanlara aktarılmıştır içeriyor mu

2021-10-14 17:28:34 - [TEST_STEP][PASSED] - Yönetim popupında Tamam seçilir: Yönetim popupında Tamam seçilir

2021-10-14 17:28:34 - [MESSAGE][PASSED] - Yönetim popupında Tamam seçilir

2021-10-14 17:28:34 - [TEST_STEP][PASSED] - Ana sekmeye geçilir: Ana sekmeye geçilir

2021-10-14 17:28:34 - [MESSAGE][PASSED] - Ana sekmeye geçilir

2021-10-14 17:28:34 - [TEST_STEP][PASSED] - Butonlardan Departman Geri Al isimli butona tıklanır: Butonlardan Departman Geri Al isimli butona tıklanır

2021-10-14 17:28:34 - [MESSAGE][PASSED] - Butonlardan Departman Geri Al isimli butona tıklanır

2021-10-14 17:28:34 - [TEST_STEP][PASSED] - Yeni açılan sekmeye geçilir: Yeni açılan sekmeye geçilir

2021-10-14 17:28:34 - [MESSAGE][PASSED] - Yeni açılan sekmeye geçilir

2021-10-14 17:28:34 - [TEST_STEP][PASSED] - otomasyon isimli departman checkboxı seçilir: otomasyon isimli departman checkboxı seçilir

2021-10-14 17:28:34 - [MESSAGE][PASSED] - otomasyon isimli departman checkboxı seçilir

2021-10-14 17:28:34 - [TEST_STEP][PASSED] - Departman kaydedilir: Departman kaydedilir

2021-10-14 17:28:34 - [MESSAGE][PASSED] - Departman kaydedilir

2021-10-14 17:28:34 - [TEST_STEP][PASSED] - Popup mesajı Seçilen belgelerin ilgili departmanlardaki yetkisi kaldırılmıştır içeriyor mu: Popup mesajı Seçilen belgelerin ilgili departmanlardaki yetkisi kaldırılmıştır içeriyor mu

2021-10-14 17:28:34 - [MESSAGE][PASSED] - Popup mesajı Seçilen belgelerin ilgili departmanlardaki yetkisi kaldırılmıştır içeriyor mu

2021-10-14 17:28:34 - [TEST_STEP][PASSED] - Yönetim popupında Tamam seçilir: Yönetim popupında Tamam seçilir

2021-10-14 17:28:34 - [MESSAGE][PASSED] - Yönetim popupında Tamam seçilir

2021-10-14 17:28:34 - [TEST_STEP][PASSED] - Ana sekmeye geçilir: Ana sekmeye geçilir

2021-10-14 17:28:34 - [MESSAGE][PASSED] - Ana sekmeye geçilir

2021-10-14 17:28:34 - [TEST_STEP][PASSED] - Kullanıcı işlemlerinden Çıkış seçilir: Kullanıcı işlemlerinden Çıkış seçilir

2021-10-14 17:28:34 - [MESSAGE][PASSED] - Kullanıcı işlemlerinden Çıkış seçilir

2021-10-14 17:28:34 - [MESSAGE][PASSED] - Feature file: 'Include/features/e-Fatura/Giden Kutusu/Uygulama Yanıtlari/Departman Ata-Geri Al.feature' was passed

2021-10-14 17:28:34 - [TEST_STEP][PASSED] - Start listener action : sampleAfterTestSuite: Invoke 'com.kms.katalon.core.annotation.AfterTestCase' method: 'Listener.sampleAfterTestSuite(...)' completed.

2021-10-14 17:28:34 - [MESSAGE][INFO] - Starting invoke 'com.kms.katalon.core.annotation.AfterTestCase' method: 'Listener.sampleAfterTestSuite(...)'

2021-10-14 17:28:34 - [TEST_STEP][PASSED] - closeBrowser(): Invoke 'com.kms.katalon.core.annotation.AfterTestCase' method: 'Listener.sampleAfterTestSuite(...)' completed.

2021-10-14 17:28:34 - [MESSAGE][INFO] - Closing browser

2021-10-14 17:28:34 - [MESSAGE][PASSED] - Browser is closed

2021-10-14 17:28:34 - [MESSAGE][INFO] - Invoke 'com.kms.katalon.core.annotation.AfterTestCase' method: 'Listener.sampleAfterTestSuite(...)' completed.]]></system-out>
         <system-err><![CDATA[]]></system-err>
      </testcase>
      <testcase name="Test Cases/Case Repository/e-Fatura/Giden Kutusu/Uygulama Yanitlari/Ekran Kontrolu" time="48.488" classname="Test Cases/Case Repository/e-Fatura/Giden Kutusu/Uygulama Yanitlari/Ekran Kontrolu" status="PASSED">
         <system-out><![CDATA[2021-10-14 17:28:34 - [TEST_CASE][PASSED] - Test Cases/Case Repository/e-Fatura/Giden Kutusu/Uygulama Yanitlari/Ekran Kontrolu: Test Cases/Case Repository/e-Fatura/Giden Kutusu/Uygulama Yanitlari/Ekran Kontrolu

2021-10-14 17:28:34 - [TEST_STEP][PASSED] - Start listener action : sampleBeforeTestSuite: Invoke 'com.kms.katalon.core.annotation.BeforeTestCase' method: 'Listener.sampleBeforeTestSuite(...)' completed.

2021-10-14 17:28:34 - [MESSAGE][INFO] - Starting invoke 'com.kms.katalon.core.annotation.BeforeTestCase' method: 'Listener.sampleBeforeTestSuite(...)'

2021-10-14 17:28:34 - [TEST_STEP][PASSED] - openBrowser(baseUrl): Browser is opened with url: 'https://efatura-stage.elogo.com.tr/'

2021-10-14 17:28:34 - [MESSAGE][INFO] - Opening browser

2021-10-14 17:28:34 - [MESSAGE][INFO] - Starting 'Chrome' driver

2021-10-14 17:28:34 - [MESSAGE][INFO] - User set preference: ['prefs', '{download.default_directory=C:\otomasyondownfiles}']

2021-10-14 17:28:34 - [MESSAGE][INFO] - Action delay is set to 0 milliseconds

2021-10-14 17:28:36 - [MESSAGE][INFO] - Navigating browser to: 'https://efatura-stage.elogo.com.tr/'

2021-10-14 17:28:39 - [MESSAGE][PASSED] - Browser is opened with url: 'https://efatura-stage.elogo.com.tr/'

2021-10-14 17:28:39 - [TEST_STEP][PASSED] - maximizeWindow(): Invoke 'com.kms.katalon.core.annotation.BeforeTestCase' method: 'Listener.sampleBeforeTestSuite(...)' completed.

2021-10-14 17:28:39 - [MESSAGE][INFO] - Maximizing current window

2021-10-14 17:28:40 - [MESSAGE][PASSED] - Current window maximized

2021-10-14 17:28:40 - [MESSAGE][INFO] - Invoke 'com.kms.katalon.core.annotation.BeforeTestCase' method: 'Listener.sampleBeforeTestSuite(...)' completed.

2021-10-14 17:28:40 - [TEST_STEP][PASSED] - runFeatureFile("Include/features/e-Fatura/Giden Kutusu/Uygulama Yanıtlari/Ekran Kontrolu.feature"): Feature file: 'Include/features/e-Fatura/Giden Kutusu/Uygulama Yanıtlari/Ekran Kontrolu.feature' was passed

2021-10-14 17:28:40 - [MESSAGE][INFO] - Starting run keyword runFeatureFile: 'Include/features/e-Fatura/Giden Kutusu/Uygulama Yanıtlari/Ekran Kontrolu.feature' and extract report to folder: 'C:\Users\DELL\Downloads\EES_Katalon-main\Reports\20211014_170112\Suite Repository\e-Fatura\20211014_170113/cucumber_report/1634221720743'...

2021-10-14 17:28:40 - [MESSAGE][INFO] - Glue: []

2021-10-14 17:28:41 - [MESSAGE][INFO] - Checking called Test Case

2021-10-14 17:28:41 - [MESSAGE][INFO] - Starting to call Test Case 'Test Cases/Sayfalar/Giris_Sayfasi/Login'

2021-10-14 17:28:41 - [TEST_CASE][PASSED] - Test Cases/Sayfalar/Giris_Sayfasi/Login: Test Cases/Sayfalar/Giris_Sayfasi/Login

2021-10-14 17:28:41 - [TEST_STEP][PASSED] - Sayfa_Basligi = getWindowTitle(): Current window's title is: 'LOGO e-Fatura'

2021-10-14 17:28:41 - [MESSAGE][INFO] - Getting current window's title

2021-10-14 17:28:41 - [MESSAGE][PASSED] - Current window's title is: 'LOGO e-Fatura'

2021-10-14 17:28:41 - [TEST_STEP][PASSED] - verifyMatch(Sayfa_Basligi, "LOGO e-Fatura", false): Actual text 'LOGO e-Fatura' and expected text 'LOGO e-Fatura' are matched 

2021-10-14 17:28:41 - [MESSAGE][INFO] - Matching actual text 'LOGO e-Fatura' with expected text 'LOGO e-Fatura'

2021-10-14 17:28:41 - [MESSAGE][PASSED] - Actual text 'LOGO e-Fatura' and expected text 'LOGO e-Fatura' are matched 

2021-10-14 17:28:41 - [TEST_STEP][PASSED] - sendKeys(findTestObject("Sayfalar/Giris_Sayfasi/Firma_Kodu"), KullaniciAdi): Keys 'ELOGO6' sent to object: 'Object Repository/Sayfalar/Giris_Sayfasi/Firma_Kodu'

2021-10-14 17:28:41 - [MESSAGE][INFO] - Finding Test Object 'Object Repository/Sayfalar/Giris_Sayfasi/Firma_Kodu'

2021-10-14 17:28:41 - [MESSAGE][INFO] - Sending keys 'ELOGO6' to object: 'Object Repository/Sayfalar/Giris_Sayfasi/Firma_Kodu'

2021-10-14 17:28:41 - [MESSAGE][INFO] - Finding web element from Test Object's properties

2021-10-14 17:28:41 - [MESSAGE][INFO] - Checking timeout

2021-10-14 17:28:41 - [MESSAGE][INFO] - Finding web element with id: 'Object Repository/Sayfalar/Giris_Sayfasi/Firma_Kodu' located by 'By.xpath: //*[@id = 'AccountName']' in '30' second(s)

2021-10-14 17:28:41 - [MESSAGE][INFO] - Smart Wait Function is triggered

2021-10-14 17:28:42 - [MESSAGE][INFO] - Found 1 web elements with id: 'Object Repository/Sayfalar/Giris_Sayfasi/Firma_Kodu' located by 'By.xpath: //*[@id = 'AccountName']' in '30' second(s)

2021-10-14 17:28:42 - [MESSAGE][PASSED] - Keys 'ELOGO6' sent to object: 'Object Repository/Sayfalar/Giris_Sayfasi/Firma_Kodu'

2021-10-14 17:28:42 - [TEST_STEP][PASSED] - sendKeys(findTestObject("Sayfalar/Giris_Sayfasi/Sifre"), Sifre): Keys '123456' sent to object: 'Object Repository/Sayfalar/Giris_Sayfasi/Sifre'

2021-10-14 17:28:42 - [MESSAGE][INFO] - Finding Test Object 'Object Repository/Sayfalar/Giris_Sayfasi/Sifre'

2021-10-14 17:28:42 - [MESSAGE][INFO] - Sending keys '123456' to object: 'Object Repository/Sayfalar/Giris_Sayfasi/Sifre'

2021-10-14 17:28:42 - [MESSAGE][INFO] - Finding web element from Test Object's properties

2021-10-14 17:28:42 - [MESSAGE][INFO] - Checking timeout

2021-10-14 17:28:42 - [MESSAGE][INFO] - Finding web element with id: 'Object Repository/Sayfalar/Giris_Sayfasi/Sifre' located by 'By.xpath: //*[@id = 'Password']' in '30' second(s)

2021-10-14 17:28:42 - [MESSAGE][INFO] - Smart Wait Function is triggered

2021-10-14 17:28:42 - [MESSAGE][INFO] - Found 1 web elements with id: 'Object Repository/Sayfalar/Giris_Sayfasi/Sifre' located by 'By.xpath: //*[@id = 'Password']' in '30' second(s)

2021-10-14 17:28:42 - [MESSAGE][PASSED] - Keys '123456' sent to object: 'Object Repository/Sayfalar/Giris_Sayfasi/Sifre'

2021-10-14 17:28:42 - [TEST_STEP][PASSED] - findWebElement(findTestObject("Sayfalar/Giris_Sayfasi/Giris_Butonu")).click(): Found 1 web elements with id: 'Object Repository/Sayfalar/Giris_Sayfasi/Giris_Butonu' located by 'By.cssSelector: #btnLogin' in '30' second(s)

2021-10-14 17:28:42 - [MESSAGE][INFO] - Finding Test Object 'Object Repository/Sayfalar/Giris_Sayfasi/Giris_Butonu'

2021-10-14 17:28:43 - [MESSAGE][INFO] - Finding web element from Test Object's properties

2021-10-14 17:28:43 - [MESSAGE][INFO] - Checking timeout

2021-10-14 17:28:43 - [MESSAGE][INFO] - Finding web element with id: 'Object Repository/Sayfalar/Giris_Sayfasi/Giris_Butonu' located by 'By.cssSelector: #btnLogin' in '30' second(s)

2021-10-14 17:28:43 - [MESSAGE][INFO] - Smart Wait Function is triggered

2021-10-14 17:28:43 - [MESSAGE][INFO] - Found 1 web elements with id: 'Object Repository/Sayfalar/Giris_Sayfasi/Giris_Butonu' located by 'By.cssSelector: #btnLogin' in '30' second(s)

2021-10-14 17:28:45 - [TEST_STEP][PASSED] - if (verifyElementPresent(findTestObject("Object Repository/Sayfalar/Giris_Sayfasi/RetveTamam_Butonu"), 5, OPTIONAL)): null

2021-10-14 17:28:45 - [MESSAGE][INFO] - Finding Test Object 'Object Repository/Sayfalar/Giris_Sayfasi/RetveTamam_Butonu'

2021-10-14 17:28:45 - [MESSAGE][INFO] - Checking object

2021-10-14 17:28:45 - [MESSAGE][INFO] - Finding web element from Test Object's properties

2021-10-14 17:28:45 - [MESSAGE][INFO] - Checking timeout

2021-10-14 17:28:45 - [MESSAGE][INFO] - Finding web element with id: 'Object Repository/Sayfalar/Giris_Sayfasi/RetveTamam_Butonu' located by 'By.xpath: //*[@class = 'btn btn-default']' in '5' second(s)

2021-10-14 17:28:45 - [MESSAGE][INFO] - Smart Wait Function is triggered

2021-10-14 17:28:46 - [MESSAGE][INFO] - Found 1 web elements with id: 'Object Repository/Sayfalar/Giris_Sayfasi/RetveTamam_Butonu' located by 'By.xpath: //*[@class = 'btn btn-default']' in '5' second(s)

2021-10-14 17:28:46 - [MESSAGE][PASSED] - Object 'Object Repository/Sayfalar/Giris_Sayfasi/RetveTamam_Butonu' is present

2021-10-14 17:28:46 - [TEST_STEP][PASSED] - click(findTestObject("Object Repository/Sayfalar/Giris_Sayfasi/RetveTamam_Butonu")): Object: 'Object Repository/Sayfalar/Giris_Sayfasi/RetveTamam_Butonu' is clicked on

2021-10-14 17:28:46 - [MESSAGE][INFO] - Finding Test Object 'Object Repository/Sayfalar/Giris_Sayfasi/RetveTamam_Butonu'

2021-10-14 17:28:46 - [MESSAGE][INFO] - Checking object

2021-10-14 17:28:46 - [MESSAGE][INFO] - Finding web element from Test Object's properties

2021-10-14 17:28:46 - [MESSAGE][INFO] - Checking timeout

2021-10-14 17:28:46 - [MESSAGE][INFO] - Finding web element with id: 'Object Repository/Sayfalar/Giris_Sayfasi/RetveTamam_Butonu' located by 'By.xpath: //*[@class = 'btn btn-default']' in '30' second(s)

2021-10-14 17:28:46 - [MESSAGE][INFO] - Smart Wait Function is triggered

2021-10-14 17:28:46 - [MESSAGE][INFO] - Found 1 web elements with id: 'Object Repository/Sayfalar/Giris_Sayfasi/RetveTamam_Butonu' located by 'By.xpath: //*[@class = 'btn btn-default']' in '30' second(s)

2021-10-14 17:28:46 - [MESSAGE][INFO] - Clicking on object: 'Object Repository/Sayfalar/Giris_Sayfasi/RetveTamam_Butonu'

2021-10-14 17:28:46 - [MESSAGE][PASSED] - Object: 'Object Repository/Sayfalar/Giris_Sayfasi/RetveTamam_Butonu' is clicked on

2021-10-14 17:28:46 - [TEST_STEP][PASSED] - click(findTestObject("Object Repository/Sayfalar/Giris_Sayfasi/RetveTamam_Butonu")): Object: 'Object Repository/Sayfalar/Giris_Sayfasi/RetveTamam_Butonu' is clicked on

2021-10-14 17:28:46 - [MESSAGE][INFO] - Finding Test Object 'Object Repository/Sayfalar/Giris_Sayfasi/RetveTamam_Butonu'

2021-10-14 17:28:46 - [MESSAGE][INFO] - Checking object

2021-10-14 17:28:46 - [MESSAGE][INFO] - Finding web element from Test Object's properties

2021-10-14 17:28:46 - [MESSAGE][INFO] - Checking timeout

2021-10-14 17:28:46 - [MESSAGE][INFO] - Finding web element with id: 'Object Repository/Sayfalar/Giris_Sayfasi/RetveTamam_Butonu' located by 'By.xpath: //*[@class = 'btn btn-default']' in '30' second(s)

2021-10-14 17:28:46 - [MESSAGE][INFO] - Smart Wait Function is triggered

2021-10-14 17:28:48 - [MESSAGE][INFO] - Found 1 web elements with id: 'Object Repository/Sayfalar/Giris_Sayfasi/RetveTamam_Butonu' located by 'By.xpath: //*[@class = 'btn btn-default']' in '30' second(s)

2021-10-14 17:28:48 - [MESSAGE][INFO] - Clicking on object: 'Object Repository/Sayfalar/Giris_Sayfasi/RetveTamam_Butonu'

2021-10-14 17:28:48 - [MESSAGE][PASSED] - Object: 'Object Repository/Sayfalar/Giris_Sayfasi/RetveTamam_Butonu' is clicked on

2021-10-14 17:28:48 - [TEST_STEP][PASSED] - if (verifyElementPresent(findTestObject("Sayfalar/Giris_Sayfasi/PopupOK"), 5, OPTIONAL)): null

2021-10-14 17:28:48 - [MESSAGE][INFO] - Finding Test Object 'Object Repository/Sayfalar/Giris_Sayfasi/PopupOK'

2021-10-14 17:28:48 - [MESSAGE][INFO] - Checking object

2021-10-14 17:28:48 - [MESSAGE][INFO] - Finding web element from Test Object's properties

2021-10-14 17:28:48 - [MESSAGE][INFO] - Checking timeout

2021-10-14 17:28:48 - [MESSAGE][INFO] - Finding web element with id: 'Object Repository/Sayfalar/Giris_Sayfasi/PopupOK' located by 'By.cssSelector: .btn.btn-success' in '5' second(s)

2021-10-14 17:28:48 - [MESSAGE][INFO] - Smart Wait Function is triggered

2021-10-14 17:28:49 - [MESSAGE][INFO] - Found 1 web elements with id: 'Object Repository/Sayfalar/Giris_Sayfasi/PopupOK' located by 'By.cssSelector: .btn.btn-success' in '5' second(s)

2021-10-14 17:28:49 - [MESSAGE][PASSED] - Object 'Object Repository/Sayfalar/Giris_Sayfasi/PopupOK' is present

2021-10-14 17:28:49 - [TEST_STEP][PASSED] - click(findTestObject("Object Repository/Sayfalar/Giris_Sayfasi/PopupCarpiGiris")): Object: 'Object Repository/Sayfalar/Giris_Sayfasi/PopupCarpiGiris' is clicked on

2021-10-14 17:28:49 - [MESSAGE][INFO] - Finding Test Object 'Object Repository/Sayfalar/Giris_Sayfasi/PopupCarpiGiris'

2021-10-14 17:28:49 - [MESSAGE][INFO] - Checking object

2021-10-14 17:28:49 - [MESSAGE][INFO] - Finding web element from Test Object's properties

2021-10-14 17:28:49 - [MESSAGE][INFO] - Checking timeout

2021-10-14 17:28:49 - [MESSAGE][INFO] - Finding web element with id: 'Object Repository/Sayfalar/Giris_Sayfasi/PopupCarpiGiris' located by 'By.cssSelector: .bootbox-close-button.close' in '30' second(s)

2021-10-14 17:28:49 - [MESSAGE][INFO] - Smart Wait Function is triggered

2021-10-14 17:28:49 - [MESSAGE][INFO] - Found 1 web elements with id: 'Object Repository/Sayfalar/Giris_Sayfasi/PopupCarpiGiris' located by 'By.cssSelector: .bootbox-close-button.close' in '30' second(s)

2021-10-14 17:28:49 - [MESSAGE][INFO] - Clicking on object: 'Object Repository/Sayfalar/Giris_Sayfasi/PopupCarpiGiris'

2021-10-14 17:28:49 - [MESSAGE][PASSED] - Object: 'Object Repository/Sayfalar/Giris_Sayfasi/PopupCarpiGiris' is clicked on

2021-10-14 17:28:49 - [TEST_STEP][PASSED] - verifyElementVisible(findTestObject("Object Repository/Kullanici_Islemleri/KullaniciIslemleri")): Object 'Object Repository/Kullanici_Islemleri/KullaniciIslemleri' is visible

2021-10-14 17:28:49 - [MESSAGE][INFO] - Finding Test Object 'Object Repository/Kullanici_Islemleri/KullaniciIslemleri'

2021-10-14 17:28:50 - [MESSAGE][INFO] - Checking object

2021-10-14 17:28:50 - [MESSAGE][INFO] - Finding web element from Test Object's properties

2021-10-14 17:28:50 - [MESSAGE][INFO] - Checking timeout

2021-10-14 17:28:50 - [MESSAGE][INFO] - Finding web element with id: 'Object Repository/Kullanici_Islemleri/KullaniciIslemleri' located by 'By.cssSelector: .dropdown>a>img' in '30' second(s)

2021-10-14 17:28:50 - [MESSAGE][INFO] - Smart Wait Function is triggered

2021-10-14 17:28:50 - [MESSAGE][INFO] - Found 1 web elements with id: 'Object Repository/Kullanici_Islemleri/KullaniciIslemleri' located by 'By.cssSelector: .dropdown>a>img' in '30' second(s)

2021-10-14 17:28:50 - [MESSAGE][PASSED] - Object 'Object Repository/Kullanici_Islemleri/KullaniciIslemleri' is visible

2021-10-14 17:28:50 - [MESSAGE][PASSED] - Call Test Case 'Test Cases/Sayfalar/Giris_Sayfasi/Login' successfully

2021-10-14 17:28:50 - [MESSAGE][INFO] - Checking called Test Case

2021-10-14 17:28:50 - [MESSAGE][INFO] - Starting to call Test Case 'Test Cases/Menu/AnaMenuSecimi'

2021-10-14 17:28:50 - [TEST_CASE][PASSED] - Test Cases/Menu/AnaMenuSecimi: Test Cases/Menu/AnaMenuSecimi

2021-10-14 17:28:50 - [TEST_STEP][PASSED] - Method.TextDegerineEsitElementeTikla(findTestObject("Menu/Ana_Menu"), Ana_Menu): Method.TextDegerineEsitElementeTikla is PASSED

2021-10-14 17:28:50 - [MESSAGE][INFO] - Finding Test Object 'Object Repository/Menu/Ana_Menu'

2021-10-14 17:28:50 - [MESSAGE][INFO] - Checking timeout

2021-10-14 17:28:50 - [MESSAGE][INFO] - Finding web element with id: 'Object Repository/Menu/Ana_Menu' located by 'By.xpath: //*[@class = 'dropdown-toggle']' in '10' second(s)

2021-10-14 17:28:50 - [MESSAGE][INFO] - Smart Wait Function is triggered

2021-10-14 17:28:51 - [MESSAGE][INFO] - Found 14 web elements with id: 'Object Repository/Menu/Ana_Menu' located by 'By.xpath: //*[@class = 'dropdown-toggle']' in '10' second(s)

2021-10-14 17:28:51 - [MESSAGE][PASSED] - Method.TextDegerineEsitElementeTikla is PASSED

2021-10-14 17:28:51 - [MESSAGE][PASSED] - Call Test Case 'Test Cases/Menu/AnaMenuSecimi' successfully

2021-10-14 17:28:51 - [MESSAGE][INFO] - Checking called Test Case

2021-10-14 17:28:51 - [MESSAGE][INFO] - Starting to call Test Case 'Test Cases/Menu/BasligaGoreAltMenuSecimi'

2021-10-14 17:28:51 - [TEST_CASE][PASSED] - Test Cases/Menu/BasligaGoreAltMenuSecimi: Test Cases/Menu/BasligaGoreAltMenuSecimi

2021-10-14 17:28:51 - [TEST_STEP][PASSED] - Method.TextDegerineEsitElementinAltindakiTextDegerineEsitOlanaTikla(findTestObject("Menu/Menu_Basligi"), findTestObject("Menu/Basliga_Gore_Alt_Menu"), Baslik, Alt_Menu): Method.TextDegerineEsitElementinAltindakiTextDegerineEsitOlanaTikla is PASSED

2021-10-14 17:28:51 - [MESSAGE][INFO] - Finding Test Object 'Object Repository/Menu/Menu_Basligi'

2021-10-14 17:28:51 - [MESSAGE][INFO] - Finding Test Object 'Object Repository/Menu/Basliga_Gore_Alt_Menu'

2021-10-14 17:28:51 - [MESSAGE][INFO] - Checking timeout

2021-10-14 17:28:51 - [MESSAGE][INFO] - Finding web element with id: 'Object Repository/Menu/Menu_Basligi' located by 'By.xpath: //li[@class='dropdown dropdown-large open']//li[@class='dropdown-header']' in '10' second(s)

2021-10-14 17:28:51 - [MESSAGE][INFO] - Smart Wait Function is triggered

2021-10-14 17:28:51 - [MESSAGE][INFO] - Found 3 web elements with id: 'Object Repository/Menu/Menu_Basligi' located by 'By.xpath: //li[@class='dropdown dropdown-large open']//li[@class='dropdown-header']' in '10' second(s)

2021-10-14 17:28:51 - [MESSAGE][INFO] - Smart Wait Function is triggered

2021-10-14 17:28:53 - [MESSAGE][PASSED] - Method.TextDegerineEsitElementinAltindakiTextDegerineEsitOlanaTikla is PASSED

2021-10-14 17:28:53 - [MESSAGE][PASSED] - Call Test Case 'Test Cases/Menu/BasligaGoreAltMenuSecimi' successfully

2021-10-14 17:28:53 - [MESSAGE][INFO] - Checking called Test Case

2021-10-14 17:28:53 - [MESSAGE][INFO] - Starting to call Test Case 'Test Cases/Filtreler/BaslangicYaz'

2021-10-14 17:28:53 - [TEST_CASE][PASSED] - Test Cases/Filtreler/BaslangicYaz: Test Cases/Filtreler/BaslangicYaz

2021-10-14 17:28:53 - [TEST_STEP][PASSED] - Method.TextDegerineEsitElementinAltindakineTikla(findTestObject("Filtreler/Basliklar"), findTestObject("Filtreler/Basliga_Gore_Baslangic_Image"), Filtre_Adi): Method.TextDegerineEsitElementinAltindakineTikla is PASSED

2021-10-14 17:28:53 - [MESSAGE][INFO] - Finding Test Object 'Object Repository/Filtreler/Basliklar'

2021-10-14 17:28:54 - [MESSAGE][INFO] - Finding Test Object 'Object Repository/Filtreler/Basliga_Gore_Baslangic_Image'

2021-10-14 17:28:54 - [MESSAGE][INFO] - Checking timeout

2021-10-14 17:28:54 - [MESSAGE][INFO] - Finding web element with id: 'Object Repository/Filtreler/Basliklar' located by 'By.cssSelector: .control-label.col-sm-4.paddingMarginRLC' in '10' second(s)

2021-10-14 17:28:54 - [MESSAGE][INFO] - Smart Wait Function is triggered

2021-10-14 17:28:54 - [MESSAGE][INFO] - Found 13 web elements with id: 'Object Repository/Filtreler/Basliklar' located by 'By.cssSelector: .control-label.col-sm-4.paddingMarginRLC' in '10' second(s)

2021-10-14 17:28:54 - [MESSAGE][INFO] - Smart Wait Function is triggered

2021-10-14 17:28:54 - [MESSAGE][PASSED] - Method.TextDegerineEsitElementinAltindakineTikla is PASSED

2021-10-14 17:28:54 - [TEST_STEP][PASSED] - Method.TextDegerineEsitElementinAltindakiTextboxtaYaz(findTestObject("Filtreler/Basliklar"), findTestObject("Filtreler/Basliga_Gore_Baslangic"), Filtre_Adi, Filtre_Degeri): Method.TextDegerineEsitElementinAltindakiTextboxtaYaz is PASSED

2021-10-14 17:28:54 - [MESSAGE][INFO] - Finding Test Object 'Object Repository/Filtreler/Basliklar'

2021-10-14 17:28:54 - [MESSAGE][INFO] - Finding Test Object 'Object Repository/Filtreler/Basliga_Gore_Baslangic'

2021-10-14 17:28:55 - [MESSAGE][INFO] - Checking timeout

2021-10-14 17:28:55 - [MESSAGE][INFO] - Finding web element with id: 'Object Repository/Filtreler/Basliklar' located by 'By.cssSelector: .control-label.col-sm-4.paddingMarginRLC' in '10' second(s)

2021-10-14 17:28:55 - [MESSAGE][INFO] - Smart Wait Function is triggered

2021-10-14 17:28:55 - [MESSAGE][INFO] - Found 13 web elements with id: 'Object Repository/Filtreler/Basliklar' located by 'By.cssSelector: .control-label.col-sm-4.paddingMarginRLC' in '10' second(s)

2021-10-14 17:28:55 - [MESSAGE][INFO] - Smart Wait Function is triggered

2021-10-14 17:28:55 - [MESSAGE][PASSED] - Method.TextDegerineEsitElementinAltindakiTextboxtaYaz is PASSED

2021-10-14 17:28:55 - [MESSAGE][PASSED] - Call Test Case 'Test Cases/Filtreler/BaslangicYaz' successfully

2021-10-14 17:28:55 - [MESSAGE][INFO] - Checking called Test Case

2021-10-14 17:28:55 - [MESSAGE][INFO] - Starting to call Test Case 'Test Cases/Filtreler/BitisYaz'

2021-10-14 17:28:55 - [TEST_CASE][PASSED] - Test Cases/Filtreler/BitisYaz: Test Cases/Filtreler/BitisYaz

2021-10-14 17:28:55 - [TEST_STEP][PASSED] - Method.TextDegerineEsitElementinAltindakineTikla(findTestObject("Filtreler/Basliklar"), findTestObject("Filtreler/Basliga_Gore_Bitis_Image"), Filtre_Adi): Method.TextDegerineEsitElementinAltindakineTikla is PASSED

2021-10-14 17:28:55 - [MESSAGE][INFO] - Finding Test Object 'Object Repository/Filtreler/Basliklar'

2021-10-14 17:28:56 - [MESSAGE][INFO] - Finding Test Object 'Object Repository/Filtreler/Basliga_Gore_Bitis_Image'

2021-10-14 17:28:56 - [MESSAGE][INFO] - Checking timeout

2021-10-14 17:28:56 - [MESSAGE][INFO] - Finding web element with id: 'Object Repository/Filtreler/Basliklar' located by 'By.cssSelector: .control-label.col-sm-4.paddingMarginRLC' in '10' second(s)

2021-10-14 17:28:56 - [MESSAGE][INFO] - Smart Wait Function is triggered

2021-10-14 17:28:56 - [MESSAGE][INFO] - Found 13 web elements with id: 'Object Repository/Filtreler/Basliklar' located by 'By.cssSelector: .control-label.col-sm-4.paddingMarginRLC' in '10' second(s)

2021-10-14 17:28:56 - [MESSAGE][INFO] - Smart Wait Function is triggered

2021-10-14 17:28:56 - [MESSAGE][PASSED] - Method.TextDegerineEsitElementinAltindakineTikla is PASSED

2021-10-14 17:28:56 - [TEST_STEP][PASSED] - Method.TextDegerineEsitElementinAltindakiTextboxtaYaz(findTestObject("Filtreler/Basliklar"), findTestObject("Object Repository/Filtreler/Basliga_Gore_Bitis"), Filtre_Adi, Filtre_Degeri): Method.TextDegerineEsitElementinAltindakiTextboxtaYaz is PASSED

2021-10-14 17:28:56 - [MESSAGE][INFO] - Finding Test Object 'Object Repository/Filtreler/Basliklar'

2021-10-14 17:28:57 - [MESSAGE][INFO] - Finding Test Object 'Object Repository/Filtreler/Basliga_Gore_Bitis'

2021-10-14 17:28:57 - [MESSAGE][INFO] - Checking timeout

2021-10-14 17:28:57 - [MESSAGE][INFO] - Finding web element with id: 'Object Repository/Filtreler/Basliklar' located by 'By.cssSelector: .control-label.col-sm-4.paddingMarginRLC' in '10' second(s)

2021-10-14 17:28:57 - [MESSAGE][INFO] - Smart Wait Function is triggered

2021-10-14 17:28:57 - [MESSAGE][INFO] - Found 13 web elements with id: 'Object Repository/Filtreler/Basliklar' located by 'By.cssSelector: .control-label.col-sm-4.paddingMarginRLC' in '10' second(s)

2021-10-14 17:28:57 - [MESSAGE][INFO] - Smart Wait Function is triggered

2021-10-14 17:28:58 - [MESSAGE][PASSED] - Method.TextDegerineEsitElementinAltindakiTextboxtaYaz is PASSED

2021-10-14 17:28:58 - [MESSAGE][PASSED] - Call Test Case 'Test Cases/Filtreler/BitisYaz' successfully

2021-10-14 17:28:58 - [MESSAGE][INFO] - Checking called Test Case

2021-10-14 17:28:58 - [MESSAGE][INFO] - Starting to call Test Case 'Test Cases/Filtreler/ButonaTikla'

2021-10-14 17:28:58 - [TEST_CASE][PASSED] - Test Cases/Filtreler/ButonaTikla: Test Cases/Filtreler/ButonaTikla

2021-10-14 17:28:58 - [TEST_STEP][PASSED] - Method.TextDegerineEsitElementeTikla(findTestObject("Filtreler/Butonlar"), Filtre_Buton): Method.TextDegerineEsitElementeTikla is PASSED

2021-10-14 17:28:58 - [MESSAGE][INFO] - Finding Test Object 'Object Repository/Filtreler/Butonlar'

2021-10-14 17:28:58 - [MESSAGE][INFO] - Checking timeout

2021-10-14 17:28:58 - [MESSAGE][INFO] - Finding web element with id: 'Object Repository/Filtreler/Butonlar' located by 'By.cssSelector: .dxb>span' in '10' second(s)

2021-10-14 17:28:58 - [MESSAGE][INFO] - Smart Wait Function is triggered

2021-10-14 17:28:58 - [MESSAGE][INFO] - Found 3 web elements with id: 'Object Repository/Filtreler/Butonlar' located by 'By.cssSelector: .dxb>span' in '10' second(s)

2021-10-14 17:28:58 - [MESSAGE][PASSED] - Method.TextDegerineEsitElementeTikla is PASSED

2021-10-14 17:28:58 - [MESSAGE][PASSED] - Call Test Case 'Test Cases/Filtreler/ButonaTikla' successfully

2021-10-14 17:28:58 - [MESSAGE][INFO] - Checking called Test Case

2021-10-14 17:28:58 - [MESSAGE][INFO] - Starting to call Test Case 'Test Cases/Tablo/TablodakiVeriDetayi'

2021-10-14 17:28:59 - [TEST_CASE][PASSED] - Test Cases/Tablo/TablodakiVeriDetayi: Test Cases/Tablo/TablodakiVeriDetayi

2021-10-14 17:28:59 - [TEST_STEP][PASSED] - Method.TextDegerineEsitElementinAltindakineTikla(findTestObject("Tablo/Veriler"), findTestObject("Object Repository/Tablo/VerininArtiButonu"), Veri_Adi): Method.TextDegerineEsitElementinAltindakineTikla is PASSED

2021-10-14 17:28:59 - [MESSAGE][INFO] - Finding Test Object 'Object Repository/Tablo/Veriler'

2021-10-14 17:28:59 - [MESSAGE][INFO] - Finding Test Object 'Object Repository/Tablo/VerininArtiButonu'

2021-10-14 17:28:59 - [MESSAGE][INFO] - Checking timeout

2021-10-14 17:28:59 - [MESSAGE][INFO] - Finding web element with id: 'Object Repository/Tablo/Veriler' located by 'By.cssSelector: td.dxgv b ,td.dxgv' in '10' second(s)

2021-10-14 17:28:59 - [MESSAGE][INFO] - Smart Wait Function is triggered

2021-10-14 17:28:59 - [MESSAGE][INFO] - Found 130 web elements with id: 'Object Repository/Tablo/Veriler' located by 'By.cssSelector: td.dxgv b ,td.dxgv' in '10' second(s)

2021-10-14 17:29:00 - [MESSAGE][INFO] - Smart Wait Function is triggered

2021-10-14 17:29:00 - [MESSAGE][PASSED] - Method.TextDegerineEsitElementinAltindakineTikla is PASSED

2021-10-14 17:29:00 - [MESSAGE][PASSED] - Call Test Case 'Test Cases/Tablo/TablodakiVeriDetayi' successfully

2021-10-14 17:29:00 - [MESSAGE][INFO] - Checking called Test Case

2021-10-14 17:29:00 - [MESSAGE][INFO] - Starting to call Test Case 'Test Cases/Tablo/TablodakiVeriDetayi'

2021-10-14 17:29:00 - [TEST_CASE][PASSED] - Test Cases/Tablo/TablodakiVeriDetayi: Test Cases/Tablo/TablodakiVeriDetayi

2021-10-14 17:29:00 - [TEST_STEP][PASSED] - Method.TextDegerineEsitElementinAltindakineTikla(findTestObject("Tablo/Veriler"), findTestObject("Object Repository/Tablo/VerininArtiButonu"), Veri_Adi): Method.TextDegerineEsitElementinAltindakineTikla is PASSED

2021-10-14 17:29:00 - [MESSAGE][INFO] - Finding Test Object 'Object Repository/Tablo/Veriler'

2021-10-14 17:29:00 - [MESSAGE][INFO] - Finding Test Object 'Object Repository/Tablo/VerininArtiButonu'

2021-10-14 17:29:00 - [MESSAGE][INFO] - Checking timeout

2021-10-14 17:29:00 - [MESSAGE][INFO] - Finding web element with id: 'Object Repository/Tablo/Veriler' located by 'By.cssSelector: td.dxgv b ,td.dxgv' in '10' second(s)

2021-10-14 17:29:00 - [MESSAGE][INFO] - Smart Wait Function is triggered

2021-10-14 17:29:01 - [MESSAGE][INFO] - Found 138 web elements with id: 'Object Repository/Tablo/Veriler' located by 'By.cssSelector: td.dxgv b ,td.dxgv' in '10' second(s)

2021-10-14 17:29:01 - [MESSAGE][INFO] - Smart Wait Function is triggered

2021-10-14 17:29:01 - [MESSAGE][PASSED] - Method.TextDegerineEsitElementinAltindakineTikla is PASSED

2021-10-14 17:29:01 - [MESSAGE][PASSED] - Call Test Case 'Test Cases/Tablo/TablodakiVeriDetayi' successfully

2021-10-14 17:29:01 - [MESSAGE][INFO] - Checking called Test Case

2021-10-14 17:29:01 - [MESSAGE][INFO] - Starting to call Test Case 'Test Cases/Filtreler/FiltreVarMi'

2021-10-14 17:29:01 - [TEST_CASE][PASSED] - Test Cases/Filtreler/FiltreVarMi: Test Cases/Filtreler/FiltreVarMi

2021-10-14 17:29:01 - [TEST_STEP][PASSED] - Method.TextDegerineEsitElementVarMi(findTestObject("Filtreler/Basliklar"), Filtre_alan): Method.TextDegerineEsitElementVarMi is PASSED

2021-10-14 17:29:01 - [MESSAGE][INFO] - Finding Test Object 'Object Repository/Filtreler/Basliklar'

2021-10-14 17:29:01 - [MESSAGE][INFO] - Checking timeout

2021-10-14 17:29:01 - [MESSAGE][INFO] - Finding web element with id: 'Object Repository/Filtreler/Basliklar' located by 'By.cssSelector: .control-label.col-sm-4.paddingMarginRLC' in '10' second(s)

2021-10-14 17:29:01 - [MESSAGE][INFO] - Smart Wait Function is triggered

2021-10-14 17:29:02 - [MESSAGE][INFO] - Found 13 web elements with id: 'Object Repository/Filtreler/Basliklar' located by 'By.cssSelector: .control-label.col-sm-4.paddingMarginRLC' in '10' second(s)

2021-10-14 17:29:02 - [MESSAGE][PASSED] - Method.TextDegerineEsitElementVarMi is PASSED

2021-10-14 17:29:02 - [MESSAGE][PASSED] - Call Test Case 'Test Cases/Filtreler/FiltreVarMi' successfully

2021-10-14 17:29:02 - [MESSAGE][INFO] - Checking called Test Case

2021-10-14 17:29:02 - [MESSAGE][INFO] - Starting to call Test Case 'Test Cases/Filtreler/FiltreVarMi'

2021-10-14 17:29:02 - [TEST_CASE][PASSED] - Test Cases/Filtreler/FiltreVarMi: Test Cases/Filtreler/FiltreVarMi

2021-10-14 17:29:02 - [TEST_STEP][PASSED] - Method.TextDegerineEsitElementVarMi(findTestObject("Filtreler/Basliklar"), Filtre_alan): Method.TextDegerineEsitElementVarMi is PASSED

2021-10-14 17:29:02 - [MESSAGE][INFO] - Finding Test Object 'Object Repository/Filtreler/Basliklar'

2021-10-14 17:29:02 - [MESSAGE][INFO] - Checking timeout

2021-10-14 17:29:02 - [MESSAGE][INFO] - Finding web element with id: 'Object Repository/Filtreler/Basliklar' located by 'By.cssSelector: .control-label.col-sm-4.paddingMarginRLC' in '10' second(s)

2021-10-14 17:29:02 - [MESSAGE][INFO] - Smart Wait Function is triggered

2021-10-14 17:29:02 - [MESSAGE][INFO] - Found 13 web elements with id: 'Object Repository/Filtreler/Basliklar' located by 'By.cssSelector: .control-label.col-sm-4.paddingMarginRLC' in '10' second(s)

2021-10-14 17:29:02 - [MESSAGE][PASSED] - Method.TextDegerineEsitElementVarMi is PASSED

2021-10-14 17:29:02 - [MESSAGE][PASSED] - Call Test Case 'Test Cases/Filtreler/FiltreVarMi' successfully

2021-10-14 17:29:02 - [MESSAGE][INFO] - Checking called Test Case

2021-10-14 17:29:02 - [MESSAGE][INFO] - Starting to call Test Case 'Test Cases/Filtreler/FiltreVarMi'

2021-10-14 17:29:02 - [TEST_CASE][PASSED] - Test Cases/Filtreler/FiltreVarMi: Test Cases/Filtreler/FiltreVarMi

2021-10-14 17:29:02 - [TEST_STEP][PASSED] - Method.TextDegerineEsitElementVarMi(findTestObject("Filtreler/Basliklar"), Filtre_alan): Method.TextDegerineEsitElementVarMi is PASSED

2021-10-14 17:29:02 - [MESSAGE][INFO] - Finding Test Object 'Object Repository/Filtreler/Basliklar'

2021-10-14 17:29:02 - [MESSAGE][INFO] - Checking timeout

2021-10-14 17:29:02 - [MESSAGE][INFO] - Finding web element with id: 'Object Repository/Filtreler/Basliklar' located by 'By.cssSelector: .control-label.col-sm-4.paddingMarginRLC' in '10' second(s)

2021-10-14 17:29:02 - [MESSAGE][INFO] - Smart Wait Function is triggered

2021-10-14 17:29:03 - [MESSAGE][INFO] - Found 13 web elements with id: 'Object Repository/Filtreler/Basliklar' located by 'By.cssSelector: .control-label.col-sm-4.paddingMarginRLC' in '10' second(s)

2021-10-14 17:29:03 - [MESSAGE][PASSED] - Method.TextDegerineEsitElementVarMi is PASSED

2021-10-14 17:29:03 - [MESSAGE][PASSED] - Call Test Case 'Test Cases/Filtreler/FiltreVarMi' successfully

2021-10-14 17:29:03 - [MESSAGE][INFO] - Checking called Test Case

2021-10-14 17:29:03 - [MESSAGE][INFO] - Starting to call Test Case 'Test Cases/Filtreler/FiltreVarMi'

2021-10-14 17:29:03 - [TEST_CASE][PASSED] - Test Cases/Filtreler/FiltreVarMi: Test Cases/Filtreler/FiltreVarMi

2021-10-14 17:29:03 - [TEST_STEP][PASSED] - Method.TextDegerineEsitElementVarMi(findTestObject("Filtreler/Basliklar"), Filtre_alan): Method.TextDegerineEsitElementVarMi is PASSED

2021-10-14 17:29:03 - [MESSAGE][INFO] - Finding Test Object 'Object Repository/Filtreler/Basliklar'

2021-10-14 17:29:03 - [MESSAGE][INFO] - Checking timeout

2021-10-14 17:29:03 - [MESSAGE][INFO] - Finding web element with id: 'Object Repository/Filtreler/Basliklar' located by 'By.cssSelector: .control-label.col-sm-4.paddingMarginRLC' in '10' second(s)

2021-10-14 17:29:03 - [MESSAGE][INFO] - Smart Wait Function is triggered

2021-10-14 17:29:03 - [MESSAGE][INFO] - Found 13 web elements with id: 'Object Repository/Filtreler/Basliklar' located by 'By.cssSelector: .control-label.col-sm-4.paddingMarginRLC' in '10' second(s)

2021-10-14 17:29:03 - [MESSAGE][PASSED] - Method.TextDegerineEsitElementVarMi is PASSED

2021-10-14 17:29:03 - [MESSAGE][PASSED] - Call Test Case 'Test Cases/Filtreler/FiltreVarMi' successfully

2021-10-14 17:29:03 - [MESSAGE][INFO] - Checking called Test Case

2021-10-14 17:29:03 - [MESSAGE][INFO] - Starting to call Test Case 'Test Cases/Filtreler/FiltreVarMi'

2021-10-14 17:29:03 - [TEST_CASE][PASSED] - Test Cases/Filtreler/FiltreVarMi: Test Cases/Filtreler/FiltreVarMi

2021-10-14 17:29:03 - [TEST_STEP][PASSED] - Method.TextDegerineEsitElementVarMi(findTestObject("Filtreler/Basliklar"), Filtre_alan): Method.TextDegerineEsitElementVarMi is PASSED

2021-10-14 17:29:03 - [MESSAGE][INFO] - Finding Test Object 'Object Repository/Filtreler/Basliklar'

2021-10-14 17:29:03 - [MESSAGE][INFO] - Checking timeout

2021-10-14 17:29:03 - [MESSAGE][INFO] - Finding web element with id: 'Object Repository/Filtreler/Basliklar' located by 'By.cssSelector: .control-label.col-sm-4.paddingMarginRLC' in '10' second(s)

2021-10-14 17:29:03 - [MESSAGE][INFO] - Smart Wait Function is triggered

2021-10-14 17:29:04 - [MESSAGE][INFO] - Found 13 web elements with id: 'Object Repository/Filtreler/Basliklar' located by 'By.cssSelector: .control-label.col-sm-4.paddingMarginRLC' in '10' second(s)

2021-10-14 17:29:04 - [MESSAGE][PASSED] - Method.TextDegerineEsitElementVarMi is PASSED

2021-10-14 17:29:04 - [MESSAGE][PASSED] - Call Test Case 'Test Cases/Filtreler/FiltreVarMi' successfully

2021-10-14 17:29:04 - [MESSAGE][INFO] - Checking called Test Case

2021-10-14 17:29:04 - [MESSAGE][INFO] - Starting to call Test Case 'Test Cases/Filtreler/FiltreVarMi'

2021-10-14 17:29:04 - [TEST_CASE][PASSED] - Test Cases/Filtreler/FiltreVarMi: Test Cases/Filtreler/FiltreVarMi

2021-10-14 17:29:04 - [TEST_STEP][PASSED] - Method.TextDegerineEsitElementVarMi(findTestObject("Filtreler/Basliklar"), Filtre_alan): Method.TextDegerineEsitElementVarMi is PASSED

2021-10-14 17:29:04 - [MESSAGE][INFO] - Finding Test Object 'Object Repository/Filtreler/Basliklar'

2021-10-14 17:29:04 - [MESSAGE][INFO] - Checking timeout

2021-10-14 17:29:04 - [MESSAGE][INFO] - Finding web element with id: 'Object Repository/Filtreler/Basliklar' located by 'By.cssSelector: .control-label.col-sm-4.paddingMarginRLC' in '10' second(s)

2021-10-14 17:29:04 - [MESSAGE][INFO] - Smart Wait Function is triggered

2021-10-14 17:29:04 - [MESSAGE][INFO] - Found 13 web elements with id: 'Object Repository/Filtreler/Basliklar' located by 'By.cssSelector: .control-label.col-sm-4.paddingMarginRLC' in '10' second(s)

2021-10-14 17:29:05 - [MESSAGE][PASSED] - Method.TextDegerineEsitElementVarMi is PASSED

2021-10-14 17:29:05 - [MESSAGE][PASSED] - Call Test Case 'Test Cases/Filtreler/FiltreVarMi' successfully

2021-10-14 17:29:05 - [MESSAGE][INFO] - Checking called Test Case

2021-10-14 17:29:05 - [MESSAGE][INFO] - Starting to call Test Case 'Test Cases/Filtreler/FiltreVarMi'

2021-10-14 17:29:05 - [TEST_CASE][PASSED] - Test Cases/Filtreler/FiltreVarMi: Test Cases/Filtreler/FiltreVarMi

2021-10-14 17:29:05 - [TEST_STEP][PASSED] - Method.TextDegerineEsitElementVarMi(findTestObject("Filtreler/Basliklar"), Filtre_alan): Method.TextDegerineEsitElementVarMi is PASSED

2021-10-14 17:29:05 - [MESSAGE][INFO] - Finding Test Object 'Object Repository/Filtreler/Basliklar'

2021-10-14 17:29:05 - [MESSAGE][INFO] - Checking timeout

2021-10-14 17:29:05 - [MESSAGE][INFO] - Finding web element with id: 'Object Repository/Filtreler/Basliklar' located by 'By.cssSelector: .control-label.col-sm-4.paddingMarginRLC' in '10' second(s)

2021-10-14 17:29:05 - [MESSAGE][INFO] - Smart Wait Function is triggered

2021-10-14 17:29:05 - [MESSAGE][INFO] - Found 13 web elements with id: 'Object Repository/Filtreler/Basliklar' located by 'By.cssSelector: .control-label.col-sm-4.paddingMarginRLC' in '10' second(s)

2021-10-14 17:29:05 - [MESSAGE][PASSED] - Method.TextDegerineEsitElementVarMi is PASSED

2021-10-14 17:29:05 - [MESSAGE][PASSED] - Call Test Case 'Test Cases/Filtreler/FiltreVarMi' successfully

2021-10-14 17:29:05 - [MESSAGE][INFO] - Checking called Test Case

2021-10-14 17:29:05 - [MESSAGE][INFO] - Starting to call Test Case 'Test Cases/Filtreler/FiltreVarMi'

2021-10-14 17:29:05 - [TEST_CASE][PASSED] - Test Cases/Filtreler/FiltreVarMi: Test Cases/Filtreler/FiltreVarMi

2021-10-14 17:29:05 - [TEST_STEP][PASSED] - Method.TextDegerineEsitElementVarMi(findTestObject("Filtreler/Basliklar"), Filtre_alan): Method.TextDegerineEsitElementVarMi is PASSED

2021-10-14 17:29:05 - [MESSAGE][INFO] - Finding Test Object 'Object Repository/Filtreler/Basliklar'

2021-10-14 17:29:06 - [MESSAGE][INFO] - Checking timeout

2021-10-14 17:29:06 - [MESSAGE][INFO] - Finding web element with id: 'Object Repository/Filtreler/Basliklar' located by 'By.cssSelector: .control-label.col-sm-4.paddingMarginRLC' in '10' second(s)

2021-10-14 17:29:06 - [MESSAGE][INFO] - Smart Wait Function is triggered

2021-10-14 17:29:06 - [MESSAGE][INFO] - Found 13 web elements with id: 'Object Repository/Filtreler/Basliklar' located by 'By.cssSelector: .control-label.col-sm-4.paddingMarginRLC' in '10' second(s)

2021-10-14 17:29:06 - [MESSAGE][PASSED] - Method.TextDegerineEsitElementVarMi is PASSED

2021-10-14 17:29:06 - [MESSAGE][PASSED] - Call Test Case 'Test Cases/Filtreler/FiltreVarMi' successfully

2021-10-14 17:29:06 - [MESSAGE][INFO] - Checking called Test Case

2021-10-14 17:29:06 - [MESSAGE][INFO] - Starting to call Test Case 'Test Cases/Filtreler/FiltreVarMi'

2021-10-14 17:29:06 - [TEST_CASE][PASSED] - Test Cases/Filtreler/FiltreVarMi: Test Cases/Filtreler/FiltreVarMi

2021-10-14 17:29:06 - [TEST_STEP][PASSED] - Method.TextDegerineEsitElementVarMi(findTestObject("Filtreler/Basliklar"), Filtre_alan): Method.TextDegerineEsitElementVarMi is PASSED

2021-10-14 17:29:06 - [MESSAGE][INFO] - Finding Test Object 'Object Repository/Filtreler/Basliklar'

2021-10-14 17:29:06 - [MESSAGE][INFO] - Checking timeout

2021-10-14 17:29:06 - [MESSAGE][INFO] - Finding web element with id: 'Object Repository/Filtreler/Basliklar' located by 'By.cssSelector: .control-label.col-sm-4.paddingMarginRLC' in '10' second(s)

2021-10-14 17:29:06 - [MESSAGE][INFO] - Smart Wait Function is triggered

2021-10-14 17:29:06 - [MESSAGE][INFO] - Found 13 web elements with id: 'Object Repository/Filtreler/Basliklar' located by 'By.cssSelector: .control-label.col-sm-4.paddingMarginRLC' in '10' second(s)

2021-10-14 17:29:06 - [MESSAGE][PASSED] - Method.TextDegerineEsitElementVarMi is PASSED

2021-10-14 17:29:06 - [MESSAGE][PASSED] - Call Test Case 'Test Cases/Filtreler/FiltreVarMi' successfully

2021-10-14 17:29:07 - [MESSAGE][INFO] - Checking called Test Case

2021-10-14 17:29:07 - [MESSAGE][INFO] - Starting to call Test Case 'Test Cases/Filtreler/FiltreVarMi'

2021-10-14 17:29:07 - [TEST_CASE][PASSED] - Test Cases/Filtreler/FiltreVarMi: Test Cases/Filtreler/FiltreVarMi

2021-10-14 17:29:07 - [TEST_STEP][PASSED] - Method.TextDegerineEsitElementVarMi(findTestObject("Filtreler/Basliklar"), Filtre_alan): Method.TextDegerineEsitElementVarMi is PASSED

2021-10-14 17:29:07 - [MESSAGE][INFO] - Finding Test Object 'Object Repository/Filtreler/Basliklar'

2021-10-14 17:29:07 - [MESSAGE][INFO] - Checking timeout

2021-10-14 17:29:07 - [MESSAGE][INFO] - Finding web element with id: 'Object Repository/Filtreler/Basliklar' located by 'By.cssSelector: .control-label.col-sm-4.paddingMarginRLC' in '10' second(s)

2021-10-14 17:29:07 - [MESSAGE][INFO] - Smart Wait Function is triggered

2021-10-14 17:29:07 - [MESSAGE][INFO] - Found 13 web elements with id: 'Object Repository/Filtreler/Basliklar' located by 'By.cssSelector: .control-label.col-sm-4.paddingMarginRLC' in '10' second(s)

2021-10-14 17:29:07 - [MESSAGE][PASSED] - Method.TextDegerineEsitElementVarMi is PASSED

2021-10-14 17:29:07 - [MESSAGE][PASSED] - Call Test Case 'Test Cases/Filtreler/FiltreVarMi' successfully

2021-10-14 17:29:07 - [MESSAGE][INFO] - Checking called Test Case

2021-10-14 17:29:07 - [MESSAGE][INFO] - Starting to call Test Case 'Test Cases/Filtreler/FiltreVarMi'

2021-10-14 17:29:07 - [TEST_CASE][PASSED] - Test Cases/Filtreler/FiltreVarMi: Test Cases/Filtreler/FiltreVarMi

2021-10-14 17:29:07 - [TEST_STEP][PASSED] - Method.TextDegerineEsitElementVarMi(findTestObject("Filtreler/Basliklar"), Filtre_alan): Method.TextDegerineEsitElementVarMi is PASSED

2021-10-14 17:29:07 - [MESSAGE][INFO] - Finding Test Object 'Object Repository/Filtreler/Basliklar'

2021-10-14 17:29:07 - [MESSAGE][INFO] - Checking timeout

2021-10-14 17:29:07 - [MESSAGE][INFO] - Finding web element with id: 'Object Repository/Filtreler/Basliklar' located by 'By.cssSelector: .control-label.col-sm-4.paddingMarginRLC' in '10' second(s)

2021-10-14 17:29:07 - [MESSAGE][INFO] - Smart Wait Function is triggered

2021-10-14 17:29:08 - [MESSAGE][INFO] - Found 13 web elements with id: 'Object Repository/Filtreler/Basliklar' located by 'By.cssSelector: .control-label.col-sm-4.paddingMarginRLC' in '10' second(s)

2021-10-14 17:29:08 - [MESSAGE][PASSED] - Method.TextDegerineEsitElementVarMi is PASSED

2021-10-14 17:29:08 - [MESSAGE][PASSED] - Call Test Case 'Test Cases/Filtreler/FiltreVarMi' successfully

2021-10-14 17:29:08 - [MESSAGE][INFO] - Checking called Test Case

2021-10-14 17:29:08 - [MESSAGE][INFO] - Starting to call Test Case 'Test Cases/Filtreler/FiltreVarMi'

2021-10-14 17:29:08 - [TEST_CASE][PASSED] - Test Cases/Filtreler/FiltreVarMi: Test Cases/Filtreler/FiltreVarMi

2021-10-14 17:29:08 - [TEST_STEP][PASSED] - Method.TextDegerineEsitElementVarMi(findTestObject("Filtreler/Basliklar"), Filtre_alan): Method.TextDegerineEsitElementVarMi is PASSED

2021-10-14 17:29:08 - [MESSAGE][INFO] - Finding Test Object 'Object Repository/Filtreler/Basliklar'

2021-10-14 17:29:08 - [MESSAGE][INFO] - Checking timeout

2021-10-14 17:29:08 - [MESSAGE][INFO] - Finding web element with id: 'Object Repository/Filtreler/Basliklar' located by 'By.cssSelector: .control-label.col-sm-4.paddingMarginRLC' in '10' second(s)

2021-10-14 17:29:08 - [MESSAGE][INFO] - Smart Wait Function is triggered

2021-10-14 17:29:09 - [MESSAGE][INFO] - Found 13 web elements with id: 'Object Repository/Filtreler/Basliklar' located by 'By.cssSelector: .control-label.col-sm-4.paddingMarginRLC' in '10' second(s)

2021-10-14 17:29:09 - [MESSAGE][PASSED] - Method.TextDegerineEsitElementVarMi is PASSED

2021-10-14 17:29:09 - [MESSAGE][PASSED] - Call Test Case 'Test Cases/Filtreler/FiltreVarMi' successfully

2021-10-14 17:29:09 - [MESSAGE][INFO] - Checking called Test Case

2021-10-14 17:29:09 - [MESSAGE][INFO] - Starting to call Test Case 'Test Cases/Filtreler/ButonVarMi'

2021-10-14 17:29:09 - [TEST_CASE][PASSED] - Test Cases/Filtreler/ButonVarMi: Test Cases/Filtreler/ButonVarMi

2021-10-14 17:29:09 - [TEST_STEP][PASSED] - Method.TextDegerineEsitElementVarMi(findTestObject("Filtreler/Butonlar"), Filtre_Buton): Method.TextDegerineEsitElementVarMi is PASSED

2021-10-14 17:29:09 - [MESSAGE][INFO] - Finding Test Object 'Object Repository/Filtreler/Butonlar'

2021-10-14 17:29:09 - [MESSAGE][INFO] - Checking timeout

2021-10-14 17:29:09 - [MESSAGE][INFO] - Finding web element with id: 'Object Repository/Filtreler/Butonlar' located by 'By.cssSelector: .dxb>span' in '10' second(s)

2021-10-14 17:29:09 - [MESSAGE][INFO] - Smart Wait Function is triggered

2021-10-14 17:29:09 - [MESSAGE][INFO] - Found 3 web elements with id: 'Object Repository/Filtreler/Butonlar' located by 'By.cssSelector: .dxb>span' in '10' second(s)

2021-10-14 17:29:09 - [MESSAGE][PASSED] - Method.TextDegerineEsitElementVarMi is PASSED

2021-10-14 17:29:09 - [MESSAGE][PASSED] - Call Test Case 'Test Cases/Filtreler/ButonVarMi' successfully

2021-10-14 17:29:09 - [MESSAGE][INFO] - Checking called Test Case

2021-10-14 17:29:09 - [MESSAGE][INFO] - Starting to call Test Case 'Test Cases/Filtreler/ButonVarMi'

2021-10-14 17:29:09 - [TEST_CASE][PASSED] - Test Cases/Filtreler/ButonVarMi: Test Cases/Filtreler/ButonVarMi

2021-10-14 17:29:09 - [TEST_STEP][PASSED] - Method.TextDegerineEsitElementVarMi(findTestObject("Filtreler/Butonlar"), Filtre_Buton): Method.TextDegerineEsitElementVarMi is PASSED

2021-10-14 17:29:09 - [MESSAGE][INFO] - Finding Test Object 'Object Repository/Filtreler/Butonlar'

2021-10-14 17:29:10 - [MESSAGE][INFO] - Checking timeout

2021-10-14 17:29:10 - [MESSAGE][INFO] - Finding web element with id: 'Object Repository/Filtreler/Butonlar' located by 'By.cssSelector: .dxb>span' in '10' second(s)

2021-10-14 17:29:10 - [MESSAGE][INFO] - Smart Wait Function is triggered

2021-10-14 17:29:10 - [MESSAGE][INFO] - Found 3 web elements with id: 'Object Repository/Filtreler/Butonlar' located by 'By.cssSelector: .dxb>span' in '10' second(s)

2021-10-14 17:29:10 - [MESSAGE][PASSED] - Method.TextDegerineEsitElementVarMi is PASSED

2021-10-14 17:29:10 - [MESSAGE][PASSED] - Call Test Case 'Test Cases/Filtreler/ButonVarMi' successfully

2021-10-14 17:29:10 - [MESSAGE][INFO] - Checking called Test Case

2021-10-14 17:29:10 - [MESSAGE][INFO] - Starting to call Test Case 'Test Cases/Filtreler/ButonVarMi'

2021-10-14 17:29:10 - [TEST_CASE][PASSED] - Test Cases/Filtreler/ButonVarMi: Test Cases/Filtreler/ButonVarMi

2021-10-14 17:29:10 - [TEST_STEP][PASSED] - Method.TextDegerineEsitElementVarMi(findTestObject("Filtreler/Butonlar"), Filtre_Buton): Method.TextDegerineEsitElementVarMi is PASSED

2021-10-14 17:29:10 - [MESSAGE][INFO] - Finding Test Object 'Object Repository/Filtreler/Butonlar'

2021-10-14 17:29:10 - [MESSAGE][INFO] - Checking timeout

2021-10-14 17:29:10 - [MESSAGE][INFO] - Finding web element with id: 'Object Repository/Filtreler/Butonlar' located by 'By.cssSelector: .dxb>span' in '10' second(s)

2021-10-14 17:29:10 - [MESSAGE][INFO] - Smart Wait Function is triggered

2021-10-14 17:29:11 - [MESSAGE][INFO] - Found 3 web elements with id: 'Object Repository/Filtreler/Butonlar' located by 'By.cssSelector: .dxb>span' in '10' second(s)

2021-10-14 17:29:11 - [MESSAGE][PASSED] - Method.TextDegerineEsitElementVarMi is PASSED

2021-10-14 17:29:11 - [MESSAGE][PASSED] - Call Test Case 'Test Cases/Filtreler/ButonVarMi' successfully

2021-10-14 17:29:11 - [MESSAGE][INFO] - Checking called Test Case

2021-10-14 17:29:11 - [MESSAGE][INFO] - Starting to call Test Case 'Test Cases/Butonlar/ButonVarMi'

2021-10-14 17:29:11 - [TEST_CASE][PASSED] - Test Cases/Butonlar/ButonVarMi: Test Cases/Butonlar/ButonVarMi

2021-10-14 17:29:11 - [TEST_STEP][PASSED] - Method.TextDegerineEsitElementVarMi(findTestObject("Butonlar/Butonlar"), Buton): Method.TextDegerineEsitElementVarMi is PASSED

2021-10-14 17:29:11 - [MESSAGE][INFO] - Finding Test Object 'Object Repository/Butonlar/Butonlar'

2021-10-14 17:29:11 - [MESSAGE][INFO] - Checking timeout

2021-10-14 17:29:11 - [MESSAGE][INFO] - Finding web element with id: 'Object Repository/Butonlar/Butonlar' located by 'By.cssSelector: .panel.panel-default.text-center.footerPanel .btn,.btn.btn-primary.btnControls' in '10' second(s)

2021-10-14 17:29:11 - [MESSAGE][INFO] - Smart Wait Function is triggered

2021-10-14 17:29:11 - [MESSAGE][INFO] - Found 7 web elements with id: 'Object Repository/Butonlar/Butonlar' located by 'By.cssSelector: .panel.panel-default.text-center.footerPanel .btn,.btn.btn-primary.btnControls' in '10' second(s)

2021-10-14 17:29:11 - [MESSAGE][PASSED] - Method.TextDegerineEsitElementVarMi is PASSED

2021-10-14 17:29:11 - [MESSAGE][PASSED] - Call Test Case 'Test Cases/Butonlar/ButonVarMi' successfully

2021-10-14 17:29:11 - [MESSAGE][INFO] - Checking called Test Case

2021-10-14 17:29:11 - [MESSAGE][INFO] - Starting to call Test Case 'Test Cases/Butonlar/ButonVarMi'

2021-10-14 17:29:11 - [TEST_CASE][PASSED] - Test Cases/Butonlar/ButonVarMi: Test Cases/Butonlar/ButonVarMi

2021-10-14 17:29:11 - [TEST_STEP][PASSED] - Method.TextDegerineEsitElementVarMi(findTestObject("Butonlar/Butonlar"), Buton): Method.TextDegerineEsitElementVarMi is PASSED

2021-10-14 17:29:11 - [MESSAGE][INFO] - Finding Test Object 'Object Repository/Butonlar/Butonlar'

2021-10-14 17:29:11 - [MESSAGE][INFO] - Checking timeout

2021-10-14 17:29:11 - [MESSAGE][INFO] - Finding web element with id: 'Object Repository/Butonlar/Butonlar' located by 'By.cssSelector: .panel.panel-default.text-center.footerPanel .btn,.btn.btn-primary.btnControls' in '10' second(s)

2021-10-14 17:29:11 - [MESSAGE][INFO] - Smart Wait Function is triggered

2021-10-14 17:29:12 - [MESSAGE][INFO] - Found 7 web elements with id: 'Object Repository/Butonlar/Butonlar' located by 'By.cssSelector: .panel.panel-default.text-center.footerPanel .btn,.btn.btn-primary.btnControls' in '10' second(s)

2021-10-14 17:29:12 - [MESSAGE][PASSED] - Method.TextDegerineEsitElementVarMi is PASSED

2021-10-14 17:29:12 - [MESSAGE][PASSED] - Call Test Case 'Test Cases/Butonlar/ButonVarMi' successfully

2021-10-14 17:29:12 - [MESSAGE][INFO] - Checking called Test Case

2021-10-14 17:29:12 - [MESSAGE][INFO] - Starting to call Test Case 'Test Cases/Butonlar/ButonVarMi'

2021-10-14 17:29:12 - [TEST_CASE][PASSED] - Test Cases/Butonlar/ButonVarMi: Test Cases/Butonlar/ButonVarMi

2021-10-14 17:29:12 - [TEST_STEP][PASSED] - Method.TextDegerineEsitElementVarMi(findTestObject("Butonlar/Butonlar"), Buton): Method.TextDegerineEsitElementVarMi is PASSED

2021-10-14 17:29:12 - [MESSAGE][INFO] - Finding Test Object 'Object Repository/Butonlar/Butonlar'

2021-10-14 17:29:12 - [MESSAGE][INFO] - Checking timeout

2021-10-14 17:29:12 - [MESSAGE][INFO] - Finding web element with id: 'Object Repository/Butonlar/Butonlar' located by 'By.cssSelector: .panel.panel-default.text-center.footerPanel .btn,.btn.btn-primary.btnControls' in '10' second(s)

2021-10-14 17:29:12 - [MESSAGE][INFO] - Smart Wait Function is triggered

2021-10-14 17:29:12 - [MESSAGE][INFO] - Found 7 web elements with id: 'Object Repository/Butonlar/Butonlar' located by 'By.cssSelector: .panel.panel-default.text-center.footerPanel .btn,.btn.btn-primary.btnControls' in '10' second(s)

2021-10-14 17:29:12 - [MESSAGE][PASSED] - Method.TextDegerineEsitElementVarMi is PASSED

2021-10-14 17:29:12 - [MESSAGE][PASSED] - Call Test Case 'Test Cases/Butonlar/ButonVarMi' successfully

2021-10-14 17:29:12 - [MESSAGE][INFO] - Checking called Test Case

2021-10-14 17:29:12 - [MESSAGE][INFO] - Starting to call Test Case 'Test Cases/Butonlar/ButonVarMi'

2021-10-14 17:29:12 - [TEST_CASE][PASSED] - Test Cases/Butonlar/ButonVarMi: Test Cases/Butonlar/ButonVarMi

2021-10-14 17:29:12 - [TEST_STEP][PASSED] - Method.TextDegerineEsitElementVarMi(findTestObject("Butonlar/Butonlar"), Buton): Method.TextDegerineEsitElementVarMi is PASSED

2021-10-14 17:29:12 - [MESSAGE][INFO] - Finding Test Object 'Object Repository/Butonlar/Butonlar'

2021-10-14 17:29:13 - [MESSAGE][INFO] - Checking timeout

2021-10-14 17:29:13 - [MESSAGE][INFO] - Finding web element with id: 'Object Repository/Butonlar/Butonlar' located by 'By.cssSelector: .panel.panel-default.text-center.footerPanel .btn,.btn.btn-primary.btnControls' in '10' second(s)

2021-10-14 17:29:13 - [MESSAGE][INFO] - Smart Wait Function is triggered

2021-10-14 17:29:13 - [MESSAGE][INFO] - Found 7 web elements with id: 'Object Repository/Butonlar/Butonlar' located by 'By.cssSelector: .panel.panel-default.text-center.footerPanel .btn,.btn.btn-primary.btnControls' in '10' second(s)

2021-10-14 17:29:13 - [MESSAGE][PASSED] - Method.TextDegerineEsitElementVarMi is PASSED

2021-10-14 17:29:13 - [MESSAGE][PASSED] - Call Test Case 'Test Cases/Butonlar/ButonVarMi' successfully

2021-10-14 17:29:13 - [MESSAGE][INFO] - Checking called Test Case

2021-10-14 17:29:13 - [MESSAGE][INFO] - Starting to call Test Case 'Test Cases/Butonlar/ButonVarMi'

2021-10-14 17:29:13 - [TEST_CASE][PASSED] - Test Cases/Butonlar/ButonVarMi: Test Cases/Butonlar/ButonVarMi

2021-10-14 17:29:13 - [TEST_STEP][PASSED] - Method.TextDegerineEsitElementVarMi(findTestObject("Butonlar/Butonlar"), Buton): Method.TextDegerineEsitElementVarMi is PASSED

2021-10-14 17:29:13 - [MESSAGE][INFO] - Finding Test Object 'Object Repository/Butonlar/Butonlar'

2021-10-14 17:29:13 - [MESSAGE][INFO] - Checking timeout

2021-10-14 17:29:13 - [MESSAGE][INFO] - Finding web element with id: 'Object Repository/Butonlar/Butonlar' located by 'By.cssSelector: .panel.panel-default.text-center.footerPanel .btn,.btn.btn-primary.btnControls' in '10' second(s)

2021-10-14 17:29:13 - [MESSAGE][INFO] - Smart Wait Function is triggered

2021-10-14 17:29:13 - [MESSAGE][INFO] - Found 7 web elements with id: 'Object Repository/Butonlar/Butonlar' located by 'By.cssSelector: .panel.panel-default.text-center.footerPanel .btn,.btn.btn-primary.btnControls' in '10' second(s)

2021-10-14 17:29:13 - [MESSAGE][PASSED] - Method.TextDegerineEsitElementVarMi is PASSED

2021-10-14 17:29:13 - [MESSAGE][PASSED] - Call Test Case 'Test Cases/Butonlar/ButonVarMi' successfully

2021-10-14 17:29:13 - [MESSAGE][INFO] - Checking called Test Case

2021-10-14 17:29:13 - [MESSAGE][INFO] - Starting to call Test Case 'Test Cases/Butonlar/ButonVarMi'

2021-10-14 17:29:13 - [TEST_CASE][PASSED] - Test Cases/Butonlar/ButonVarMi: Test Cases/Butonlar/ButonVarMi

2021-10-14 17:29:14 - [TEST_STEP][PASSED] - Method.TextDegerineEsitElementVarMi(findTestObject("Butonlar/Butonlar"), Buton): Method.TextDegerineEsitElementVarMi is PASSED

2021-10-14 17:29:14 - [MESSAGE][INFO] - Finding Test Object 'Object Repository/Butonlar/Butonlar'

2021-10-14 17:29:14 - [MESSAGE][INFO] - Checking timeout

2021-10-14 17:29:14 - [MESSAGE][INFO] - Finding web element with id: 'Object Repository/Butonlar/Butonlar' located by 'By.cssSelector: .panel.panel-default.text-center.footerPanel .btn,.btn.btn-primary.btnControls' in '10' second(s)

2021-10-14 17:29:14 - [MESSAGE][INFO] - Smart Wait Function is triggered

2021-10-14 17:29:14 - [MESSAGE][INFO] - Found 7 web elements with id: 'Object Repository/Butonlar/Butonlar' located by 'By.cssSelector: .panel.panel-default.text-center.footerPanel .btn,.btn.btn-primary.btnControls' in '10' second(s)

2021-10-14 17:29:14 - [MESSAGE][PASSED] - Method.TextDegerineEsitElementVarMi is PASSED

2021-10-14 17:29:14 - [MESSAGE][PASSED] - Call Test Case 'Test Cases/Butonlar/ButonVarMi' successfully

2021-10-14 17:29:14 - [MESSAGE][INFO] - Checking called Test Case

2021-10-14 17:29:14 - [MESSAGE][INFO] - Starting to call Test Case 'Test Cases/Butonlar/ButonVarMi'

2021-10-14 17:29:14 - [TEST_CASE][PASSED] - Test Cases/Butonlar/ButonVarMi: Test Cases/Butonlar/ButonVarMi

2021-10-14 17:29:14 - [TEST_STEP][PASSED] - Method.TextDegerineEsitElementVarMi(findTestObject("Butonlar/Butonlar"), Buton): Method.TextDegerineEsitElementVarMi is PASSED

2021-10-14 17:29:14 - [MESSAGE][INFO] - Finding Test Object 'Object Repository/Butonlar/Butonlar'

2021-10-14 17:29:14 - [MESSAGE][INFO] - Checking timeout

2021-10-14 17:29:14 - [MESSAGE][INFO] - Finding web element with id: 'Object Repository/Butonlar/Butonlar' located by 'By.cssSelector: .panel.panel-default.text-center.footerPanel .btn,.btn.btn-primary.btnControls' in '10' second(s)

2021-10-14 17:29:14 - [MESSAGE][INFO] - Smart Wait Function is triggered

2021-10-14 17:29:15 - [MESSAGE][INFO] - Found 7 web elements with id: 'Object Repository/Butonlar/Butonlar' located by 'By.cssSelector: .panel.panel-default.text-center.footerPanel .btn,.btn.btn-primary.btnControls' in '10' second(s)

2021-10-14 17:29:15 - [MESSAGE][PASSED] - Method.TextDegerineEsitElementVarMi is PASSED

2021-10-14 17:29:15 - [MESSAGE][PASSED] - Call Test Case 'Test Cases/Butonlar/ButonVarMi' successfully

2021-10-14 17:29:15 - [MESSAGE][INFO] - Checking called Test Case

2021-10-14 17:29:15 - [MESSAGE][INFO] - Starting to call Test Case 'Test Cases/Butonlar/ButonaTikla'

2021-10-14 17:29:15 - [TEST_CASE][PASSED] - Test Cases/Butonlar/ButonaTikla: Test Cases/Butonlar/ButonaTikla

2021-10-14 17:29:15 - [TEST_STEP][PASSED] - Method.TextDegerineEsitElementeTiklaEquals(findTestObject("Butonlar/Butonlar"), Buton_Adi): Method.TextDegerineEsitElementeTiklaEquals is PASSED

2021-10-14 17:29:15 - [MESSAGE][INFO] - Finding Test Object 'Object Repository/Butonlar/Butonlar'

2021-10-14 17:29:15 - [MESSAGE][INFO] - Checking timeout

2021-10-14 17:29:15 - [MESSAGE][INFO] - Finding web element with id: 'Object Repository/Butonlar/Butonlar' located by 'By.cssSelector: .panel.panel-default.text-center.footerPanel .btn,.btn.btn-primary.btnControls' in '10' second(s)

2021-10-14 17:29:15 - [MESSAGE][INFO] - Smart Wait Function is triggered

2021-10-14 17:29:15 - [MESSAGE][INFO] - Found 7 web elements with id: 'Object Repository/Butonlar/Butonlar' located by 'By.cssSelector: .panel.panel-default.text-center.footerPanel .btn,.btn.btn-primary.btnControls' in '10' second(s)

2021-10-14 17:29:15 - [MESSAGE][PASSED] - Method.TextDegerineEsitElementeTiklaEquals is PASSED

2021-10-14 17:29:15 - [MESSAGE][PASSED] - Call Test Case 'Test Cases/Butonlar/ButonaTikla' successfully

2021-10-14 17:29:15 - [MESSAGE][INFO] - Checking called Test Case

2021-10-14 17:29:15 - [MESSAGE][INFO] - Starting to call Test Case 'Test Cases/Butonlar/AltButonVarMi'

2021-10-14 17:29:15 - [TEST_CASE][PASSED] - Test Cases/Butonlar/AltButonVarMi: Test Cases/Butonlar/AltButonVarMi

2021-10-14 17:29:15 - [TEST_STEP][PASSED] - Method.TextDegerineEsitElementVarMi(findTestObject("Butonlar/AltButonlar"), AltButon): Method.TextDegerineEsitElementVarMi is PASSED

2021-10-14 17:29:15 - [MESSAGE][INFO] - Finding Test Object 'Object Repository/Butonlar/AltButonlar'

2021-10-14 17:29:16 - [MESSAGE][INFO] - Checking timeout

2021-10-14 17:29:16 - [MESSAGE][INFO] - Finding web element with id: 'Object Repository/Butonlar/AltButonlar' located by 'By.cssSelector: .btn-group.open li>a' in '10' second(s)

2021-10-14 17:29:16 - [MESSAGE][INFO] - Smart Wait Function is triggered

2021-10-14 17:29:16 - [MESSAGE][INFO] - Found 2 web elements with id: 'Object Repository/Butonlar/AltButonlar' located by 'By.cssSelector: .btn-group.open li>a' in '10' second(s)

2021-10-14 17:29:16 - [MESSAGE][PASSED] - Method.TextDegerineEsitElementVarMi is PASSED

2021-10-14 17:29:16 - [MESSAGE][PASSED] - Call Test Case 'Test Cases/Butonlar/AltButonVarMi' successfully

2021-10-14 17:29:16 - [MESSAGE][INFO] - Checking called Test Case

2021-10-14 17:29:16 - [MESSAGE][INFO] - Starting to call Test Case 'Test Cases/Butonlar/ButonaTikla'

2021-10-14 17:29:16 - [TEST_CASE][PASSED] - Test Cases/Butonlar/ButonaTikla: Test Cases/Butonlar/ButonaTikla

2021-10-14 17:29:16 - [TEST_STEP][PASSED] - Method.TextDegerineEsitElementeTiklaEquals(findTestObject("Butonlar/Butonlar"), Buton_Adi): Method.TextDegerineEsitElementeTiklaEquals is PASSED

2021-10-14 17:29:16 - [MESSAGE][INFO] - Finding Test Object 'Object Repository/Butonlar/Butonlar'

2021-10-14 17:29:16 - [MESSAGE][INFO] - Checking timeout

2021-10-14 17:29:16 - [MESSAGE][INFO] - Finding web element with id: 'Object Repository/Butonlar/Butonlar' located by 'By.cssSelector: .panel.panel-default.text-center.footerPanel .btn,.btn.btn-primary.btnControls' in '10' second(s)

2021-10-14 17:29:16 - [MESSAGE][INFO] - Smart Wait Function is triggered

2021-10-14 17:29:16 - [MESSAGE][INFO] - Found 7 web elements with id: 'Object Repository/Butonlar/Butonlar' located by 'By.cssSelector: .panel.panel-default.text-center.footerPanel .btn,.btn.btn-primary.btnControls' in '10' second(s)

2021-10-14 17:29:16 - [MESSAGE][PASSED] - Method.TextDegerineEsitElementeTiklaEquals is PASSED

2021-10-14 17:29:16 - [MESSAGE][PASSED] - Call Test Case 'Test Cases/Butonlar/ButonaTikla' successfully

2021-10-14 17:29:16 - [MESSAGE][INFO] - Checking called Test Case

2021-10-14 17:29:16 - [MESSAGE][INFO] - Starting to call Test Case 'Test Cases/Butonlar/AltButonVarMi'

2021-10-14 17:29:17 - [TEST_CASE][PASSED] - Test Cases/Butonlar/AltButonVarMi: Test Cases/Butonlar/AltButonVarMi

2021-10-14 17:29:17 - [TEST_STEP][PASSED] - Method.TextDegerineEsitElementVarMi(findTestObject("Butonlar/AltButonlar"), AltButon): Method.TextDegerineEsitElementVarMi is PASSED

2021-10-14 17:29:17 - [MESSAGE][INFO] - Finding Test Object 'Object Repository/Butonlar/AltButonlar'

2021-10-14 17:29:17 - [MESSAGE][INFO] - Checking timeout

2021-10-14 17:29:17 - [MESSAGE][INFO] - Finding web element with id: 'Object Repository/Butonlar/AltButonlar' located by 'By.cssSelector: .btn-group.open li>a' in '10' second(s)

2021-10-14 17:29:17 - [MESSAGE][INFO] - Smart Wait Function is triggered

2021-10-14 17:29:17 - [MESSAGE][INFO] - Found 2 web elements with id: 'Object Repository/Butonlar/AltButonlar' located by 'By.cssSelector: .btn-group.open li>a' in '10' second(s)

2021-10-14 17:29:17 - [MESSAGE][PASSED] - Method.TextDegerineEsitElementVarMi is PASSED

2021-10-14 17:29:17 - [MESSAGE][PASSED] - Call Test Case 'Test Cases/Butonlar/AltButonVarMi' successfully

2021-10-14 17:29:17 - [MESSAGE][INFO] - Checking called Test Case

2021-10-14 17:29:17 - [MESSAGE][INFO] - Starting to call Test Case 'Test Cases/Butonlar/AltButonVarMi'

2021-10-14 17:29:17 - [TEST_CASE][PASSED] - Test Cases/Butonlar/AltButonVarMi: Test Cases/Butonlar/AltButonVarMi

2021-10-14 17:29:17 - [TEST_STEP][PASSED] - Method.TextDegerineEsitElementVarMi(findTestObject("Butonlar/AltButonlar"), AltButon): Method.TextDegerineEsitElementVarMi is PASSED

2021-10-14 17:29:17 - [MESSAGE][INFO] - Finding Test Object 'Object Repository/Butonlar/AltButonlar'

2021-10-14 17:29:17 - [MESSAGE][INFO] - Checking timeout

2021-10-14 17:29:17 - [MESSAGE][INFO] - Finding web element with id: 'Object Repository/Butonlar/AltButonlar' located by 'By.cssSelector: .btn-group.open li>a' in '10' second(s)

2021-10-14 17:29:17 - [MESSAGE][INFO] - Smart Wait Function is triggered

2021-10-14 17:29:17 - [MESSAGE][INFO] - Found 2 web elements with id: 'Object Repository/Butonlar/AltButonlar' located by 'By.cssSelector: .btn-group.open li>a' in '10' second(s)

2021-10-14 17:29:17 - [MESSAGE][PASSED] - Method.TextDegerineEsitElementVarMi is PASSED

2021-10-14 17:29:17 - [MESSAGE][PASSED] - Call Test Case 'Test Cases/Butonlar/AltButonVarMi' successfully

2021-10-14 17:29:17 - [MESSAGE][INFO] - Checking called Test Case

2021-10-14 17:29:17 - [MESSAGE][INFO] - Starting to call Test Case 'Test Cases/Butonlar/ButonaTikla'

2021-10-14 17:29:17 - [TEST_CASE][PASSED] - Test Cases/Butonlar/ButonaTikla: Test Cases/Butonlar/ButonaTikla

2021-10-14 17:29:17 - [TEST_STEP][PASSED] - Method.TextDegerineEsitElementeTiklaEquals(findTestObject("Butonlar/Butonlar"), Buton_Adi): Method.TextDegerineEsitElementeTiklaEquals is PASSED

2021-10-14 17:29:17 - [MESSAGE][INFO] - Finding Test Object 'Object Repository/Butonlar/Butonlar'

2021-10-14 17:29:18 - [MESSAGE][INFO] - Checking timeout

2021-10-14 17:29:18 - [MESSAGE][INFO] - Finding web element with id: 'Object Repository/Butonlar/Butonlar' located by 'By.cssSelector: .panel.panel-default.text-center.footerPanel .btn,.btn.btn-primary.btnControls' in '10' second(s)

2021-10-14 17:29:18 - [MESSAGE][INFO] - Smart Wait Function is triggered

2021-10-14 17:29:18 - [MESSAGE][INFO] - Found 7 web elements with id: 'Object Repository/Butonlar/Butonlar' located by 'By.cssSelector: .panel.panel-default.text-center.footerPanel .btn,.btn.btn-primary.btnControls' in '10' second(s)

2021-10-14 17:29:18 - [MESSAGE][PASSED] - Method.TextDegerineEsitElementeTiklaEquals is PASSED

2021-10-14 17:29:18 - [MESSAGE][PASSED] - Call Test Case 'Test Cases/Butonlar/ButonaTikla' successfully

2021-10-14 17:29:18 - [MESSAGE][INFO] - Checking called Test Case

2021-10-14 17:29:18 - [MESSAGE][INFO] - Starting to call Test Case 'Test Cases/Butonlar/AltButonVarMi'

2021-10-14 17:29:18 - [TEST_CASE][PASSED] - Test Cases/Butonlar/AltButonVarMi: Test Cases/Butonlar/AltButonVarMi

2021-10-14 17:29:18 - [TEST_STEP][PASSED] - Method.TextDegerineEsitElementVarMi(findTestObject("Butonlar/AltButonlar"), AltButon): Method.TextDegerineEsitElementVarMi is PASSED

2021-10-14 17:29:18 - [MESSAGE][INFO] - Finding Test Object 'Object Repository/Butonlar/AltButonlar'

2021-10-14 17:29:18 - [MESSAGE][INFO] - Checking timeout

2021-10-14 17:29:18 - [MESSAGE][INFO] - Finding web element with id: 'Object Repository/Butonlar/AltButonlar' located by 'By.cssSelector: .btn-group.open li>a' in '10' second(s)

2021-10-14 17:29:18 - [MESSAGE][INFO] - Smart Wait Function is triggered

2021-10-14 17:29:18 - [MESSAGE][INFO] - Found 2 web elements with id: 'Object Repository/Butonlar/AltButonlar' located by 'By.cssSelector: .btn-group.open li>a' in '10' second(s)

2021-10-14 17:29:18 - [MESSAGE][PASSED] - Method.TextDegerineEsitElementVarMi is PASSED

2021-10-14 17:29:18 - [MESSAGE][PASSED] - Call Test Case 'Test Cases/Butonlar/AltButonVarMi' successfully

2021-10-14 17:29:18 - [MESSAGE][INFO] - Checking called Test Case

2021-10-14 17:29:18 - [MESSAGE][INFO] - Starting to call Test Case 'Test Cases/Butonlar/AltButonVarMi'

2021-10-14 17:29:18 - [TEST_CASE][PASSED] - Test Cases/Butonlar/AltButonVarMi: Test Cases/Butonlar/AltButonVarMi

2021-10-14 17:29:18 - [TEST_STEP][PASSED] - Method.TextDegerineEsitElementVarMi(findTestObject("Butonlar/AltButonlar"), AltButon): Method.TextDegerineEsitElementVarMi is PASSED

2021-10-14 17:29:18 - [MESSAGE][INFO] - Finding Test Object 'Object Repository/Butonlar/AltButonlar'

2021-10-14 17:29:19 - [MESSAGE][INFO] - Checking timeout

2021-10-14 17:29:19 - [MESSAGE][INFO] - Finding web element with id: 'Object Repository/Butonlar/AltButonlar' located by 'By.cssSelector: .btn-group.open li>a' in '10' second(s)

2021-10-14 17:29:19 - [MESSAGE][INFO] - Smart Wait Function is triggered

2021-10-14 17:29:19 - [MESSAGE][INFO] - Found 2 web elements with id: 'Object Repository/Butonlar/AltButonlar' located by 'By.cssSelector: .btn-group.open li>a' in '10' second(s)

2021-10-14 17:29:19 - [MESSAGE][PASSED] - Method.TextDegerineEsitElementVarMi is PASSED

2021-10-14 17:29:19 - [MESSAGE][PASSED] - Call Test Case 'Test Cases/Butonlar/AltButonVarMi' successfully

2021-10-14 17:29:19 - [MESSAGE][INFO] - Checking called Test Case

2021-10-14 17:29:19 - [MESSAGE][INFO] - Starting to call Test Case 'Test Cases/Kullanici_Islemleri/KullaniciIslemlerindenSecimYapilir'

2021-10-14 17:29:19 - [TEST_CASE][PASSED] - Test Cases/Kullanici_Islemleri/KullaniciIslemlerindenSecimYapilir: Test Cases/Kullanici_Islemleri/KullaniciIslemlerindenSecimYapilir

2021-10-14 17:29:19 - [TEST_STEP][PASSED] - waitForElementClickable(findTestObject("Object Repository/Kullanici_Islemleri/KullaniciIslemleri"), 10): Object 'Object Repository/Kullanici_Islemleri/KullaniciIslemleri' is clickable

2021-10-14 17:29:19 - [MESSAGE][INFO] - Finding Test Object 'Object Repository/Kullanici_Islemleri/KullaniciIslemleri'

2021-10-14 17:29:19 - [MESSAGE][INFO] - Checking object

2021-10-14 17:29:19 - [MESSAGE][INFO] - Checking timeout

2021-10-14 17:29:19 - [MESSAGE][INFO] - Finding web element from Test Object's properties

2021-10-14 17:29:19 - [MESSAGE][INFO] - Checking timeout

2021-10-14 17:29:19 - [MESSAGE][INFO] - Finding web element with id: 'Object Repository/Kullanici_Islemleri/KullaniciIslemleri' located by 'By.cssSelector: .dropdown>a>img' in '10' second(s)

2021-10-14 17:29:19 - [MESSAGE][INFO] - Smart Wait Function is triggered

2021-10-14 17:29:19 - [MESSAGE][INFO] - Found 1 web elements with id: 'Object Repository/Kullanici_Islemleri/KullaniciIslemleri' located by 'By.cssSelector: .dropdown>a>img' in '10' second(s)

2021-10-14 17:29:19 - [MESSAGE][PASSED] - Object 'Object Repository/Kullanici_Islemleri/KullaniciIslemleri' is clickable

2021-10-14 17:29:19 - [TEST_STEP][PASSED] - click(findTestObject("Object Repository/Kullanici_Islemleri/KullaniciIslemleri")): Object: 'Object Repository/Kullanici_Islemleri/KullaniciIslemleri' is clicked on

2021-10-14 17:29:19 - [MESSAGE][INFO] - Finding Test Object 'Object Repository/Kullanici_Islemleri/KullaniciIslemleri'

2021-10-14 17:29:19 - [MESSAGE][INFO] - Checking object

2021-10-14 17:29:19 - [MESSAGE][INFO] - Finding web element from Test Object's properties

2021-10-14 17:29:19 - [MESSAGE][INFO] - Checking timeout

2021-10-14 17:29:19 - [MESSAGE][INFO] - Finding web element with id: 'Object Repository/Kullanici_Islemleri/KullaniciIslemleri' located by 'By.cssSelector: .dropdown>a>img' in '30' second(s)

2021-10-14 17:29:19 - [MESSAGE][INFO] - Smart Wait Function is triggered

2021-10-14 17:29:20 - [MESSAGE][INFO] - Found 1 web elements with id: 'Object Repository/Kullanici_Islemleri/KullaniciIslemleri' located by 'By.cssSelector: .dropdown>a>img' in '30' second(s)

2021-10-14 17:29:20 - [MESSAGE][INFO] - Clicking on object: 'Object Repository/Kullanici_Islemleri/KullaniciIslemleri'

2021-10-14 17:29:20 - [MESSAGE][PASSED] - Object: 'Object Repository/Kullanici_Islemleri/KullaniciIslemleri' is clicked on

2021-10-14 17:29:20 - [TEST_STEP][PASSED] - Method.TextDegerineEsitElementeTikla(findTestObject("Object Repository/Kullanici_Islemleri/Secenekler"), Islem): Method.TextDegerineEsitElementeTikla is PASSED

2021-10-14 17:29:20 - [MESSAGE][INFO] - Finding Test Object 'Object Repository/Kullanici_Islemleri/Secenekler'

2021-10-14 17:29:20 - [MESSAGE][INFO] - Checking timeout

2021-10-14 17:29:20 - [MESSAGE][INFO] - Finding web element with id: 'Object Repository/Kullanici_Islemleri/Secenekler' located by 'By.cssSelector: .nav.navbar-nav.navbar-right li a' in '10' second(s)

2021-10-14 17:29:20 - [MESSAGE][INFO] - Smart Wait Function is triggered

2021-10-14 17:29:20 - [MESSAGE][INFO] - Found 22 web elements with id: 'Object Repository/Kullanici_Islemleri/Secenekler' located by 'By.cssSelector: .nav.navbar-nav.navbar-right li a' in '10' second(s)

2021-10-14 17:29:22 - [MESSAGE][PASSED] - Method.TextDegerineEsitElementeTikla is PASSED

2021-10-14 17:29:22 - [TEST_STEP][PASSED] - verifyElementNotPresent(findTestObject("Object Repository/Kullanici_Islemleri/Secenekler"), 10): Web element with id: 'Object Repository/Kullanici_Islemleri/Secenekler' located by 'By.cssSelector: .nav.navbar-nav.navbar-right li a' is not present after '10' second(s)

2021-10-14 17:29:22 - [MESSAGE][INFO] - Finding Test Object 'Object Repository/Kullanici_Islemleri/Secenekler'

2021-10-14 17:29:22 - [MESSAGE][INFO] - Checking object

2021-10-14 17:29:22 - [MESSAGE][INFO] - Checking timeout

2021-10-14 17:29:22 - [MESSAGE][INFO] - Finding web element with id: 'Object Repository/Kullanici_Islemleri/Secenekler' located by 'By.cssSelector: .nav.navbar-nav.navbar-right li a' in '10' second(s)

2021-10-14 17:29:22 - [MESSAGE][INFO] - Smart Wait Function is triggered

2021-10-14 17:29:22 - [MESSAGE][PASSED] - Web element with id: 'Object Repository/Kullanici_Islemleri/Secenekler' located by 'By.cssSelector: .nav.navbar-nav.navbar-right li a' is not present after '10' second(s)

2021-10-14 17:29:22 - [MESSAGE][PASSED] - Call Test Case 'Test Cases/Kullanici_Islemleri/KullaniciIslemlerindenSecimYapilir' successfully

2021-10-14 17:29:22 - [TEST_CASE][PASSED] - Start Test Case : SCENARIO Giden Kutusu Uygulama Yanitlari Buton Kontrolu: SCENARIO Giden Kutusu Uygulama Yanitlari Buton Kontrolu

2021-10-14 17:29:22 - [TEST_STEP][PASSED] - Kullanıcı adı ELOGO6 ve Şifre 123456 olarak giriş yapılır: Kullanıcı adı ELOGO6 ve Şifre 123456 olarak giriş yapılır

2021-10-14 17:29:22 - [MESSAGE][PASSED] - Kullanıcı adı ELOGO6 ve Şifre 123456 olarak giriş yapılır

2021-10-14 17:29:22 - [TEST_STEP][PASSED] - Ana menüden e-Fatura seçilir: Ana menüden e-Fatura seçilir

2021-10-14 17:29:22 - [MESSAGE][PASSED] - Ana menüden e-Fatura seçilir

2021-10-14 17:29:22 - [TEST_STEP][PASSED] - Alt menü Giden Kutusu başlığı altındaki Uygulama Yanıtları seçilir: Alt menü Giden Kutusu başlığı altındaki Uygulama Yanıtları seçilir

2021-10-14 17:29:22 - [MESSAGE][PASSED] - Alt menü Giden Kutusu başlığı altındaki Uygulama Yanıtları seçilir

2021-10-14 17:29:22 - [TEST_STEP][PASSED] - Filtrelerden Oluşturma Tarihi filtresine 01.05.2021 baslangic degerini yaz: Filtrelerden Oluşturma Tarihi filtresine 01.05.2021 baslangic degerini yaz

2021-10-14 17:29:22 - [MESSAGE][PASSED] - Filtrelerden Oluşturma Tarihi filtresine 01.05.2021 baslangic degerini yaz

2021-10-14 17:29:22 - [TEST_STEP][PASSED] - Filtrelerden Oluşturma Tarihi filtresine 18.05.2021 bitis degerini yaz: Filtrelerden Oluşturma Tarihi filtresine 18.05.2021 bitis degerini yaz

2021-10-14 17:29:22 - [MESSAGE][PASSED] - Filtrelerden Oluşturma Tarihi filtresine 18.05.2021 bitis degerini yaz

2021-10-14 17:29:22 - [TEST_STEP][PASSED] - Filtre butonlarından Listele seçilir: Filtre butonlarından Listele seçilir

2021-10-14 17:29:22 - [MESSAGE][PASSED] - Filtre butonlarından Listele seçilir

2021-10-14 17:29:22 - [TEST_STEP][PASSED] - Tablodan 1234567806 isimli verinin detayı tıklanır: Tablodan 1234567806 isimli verinin detayı tıklanır

2021-10-14 17:29:22 - [MESSAGE][PASSED] - Tablodan 1234567806 isimli verinin detayı tıklanır

2021-10-14 17:29:22 - [TEST_STEP][PASSED] - Tablodan 1234567806 isimli verinin detayı tıklanır: Tablodan 1234567806 isimli verinin detayı tıklanır

2021-10-14 17:29:22 - [MESSAGE][PASSED] - Tablodan 1234567806 isimli verinin detayı tıklanır

2021-10-14 17:29:22 - [TEST_STEP][PASSED] - Filtre alanlarında Alıcı VKN var mı: Filtre alanlarında Alıcı VKN var mı

2021-10-14 17:29:22 - [MESSAGE][PASSED] - Filtre alanlarında Alıcı VKN var mı

2021-10-14 17:29:22 - [TEST_STEP][PASSED] - Filtre alanlarında ETTN var mı: Filtre alanlarında ETTN var mı

2021-10-14 17:29:22 - [MESSAGE][PASSED] - Filtre alanlarında ETTN var mı

2021-10-14 17:29:22 - [TEST_STEP][PASSED] - Filtre alanlarında İlişkili Fatura No var mı: Filtre alanlarında İlişkili Fatura No var mı

2021-10-14 17:29:22 - [MESSAGE][PASSED] - Filtre alanlarında İlişkili Fatura No var mı

2021-10-14 17:29:22 - [TEST_STEP][PASSED] - Filtre alanlarında Zarf ETTN var mı: Filtre alanlarında Zarf ETTN var mı

2021-10-14 17:29:22 - [MESSAGE][PASSED] - Filtre alanlarında Zarf ETTN var mı

2021-10-14 17:29:22 - [TEST_STEP][PASSED] - Filtre alanlarında Oluşturma Tarihi var mı: Filtre alanlarında Oluşturma Tarihi var mı

2021-10-14 17:29:22 - [MESSAGE][PASSED] - Filtre alanlarında Oluşturma Tarihi var mı

2021-10-14 17:29:22 - [TEST_STEP][PASSED] - Filtre alanlarında Atanan Departman var mı: Filtre alanlarında Atanan Departman var mı

2021-10-14 17:29:22 - [MESSAGE][PASSED] - Filtre alanlarında Atanan Departman var mı

2021-10-14 17:29:22 - [TEST_STEP][PASSED] - Filtre alanlarında Uygulama Yanıtı No var mı: Filtre alanlarında Uygulama Yanıtı No var mı

2021-10-14 17:29:22 - [MESSAGE][PASSED] - Filtre alanlarında Uygulama Yanıtı No var mı

2021-10-14 17:29:22 - [TEST_STEP][PASSED] - Filtre alanlarında İlişkili Fatura ETTN var mı: Filtre alanlarında İlişkili Fatura ETTN var mı

2021-10-14 17:29:22 - [MESSAGE][PASSED] - Filtre alanlarında İlişkili Fatura ETTN var mı

2021-10-14 17:29:22 - [TEST_STEP][PASSED] - Filtre alanlarında Uygulama Yanıtı var mı: Filtre alanlarında Uygulama Yanıtı var mı

2021-10-14 17:29:22 - [MESSAGE][PASSED] - Filtre alanlarında Uygulama Yanıtı var mı

2021-10-14 17:29:22 - [TEST_STEP][PASSED] - Filtre alanlarında Belge Tarihi var mı: Filtre alanlarında Belge Tarihi var mı

2021-10-14 17:29:22 - [MESSAGE][PASSED] - Filtre alanlarında Belge Tarihi var mı

2021-10-14 17:29:22 - [TEST_STEP][PASSED] - Filtre alanlarında Kullanıcı Kodu var mı: Filtre alanlarında Kullanıcı Kodu var mı

2021-10-14 17:29:22 - [MESSAGE][PASSED] - Filtre alanlarında Kullanıcı Kodu var mı

2021-10-14 17:29:22 - [TEST_STEP][PASSED] - Filtre alanlarında Tüm Hesaplar var mı: Filtre alanlarında Tüm Hesaplar var mı

2021-10-14 17:29:22 - [MESSAGE][PASSED] - Filtre alanlarında Tüm Hesaplar var mı

2021-10-14 17:29:22 - [TEST_STEP][PASSED] - Filtre butonlarında Filtreleri Kaydet var mı: Filtre butonlarında Filtreleri Kaydet var mı

2021-10-14 17:29:22 - [MESSAGE][PASSED] - Filtre butonlarında Filtreleri Kaydet var mı

2021-10-14 17:29:22 - [TEST_STEP][PASSED] - Filtre butonlarında Listele var mı: Filtre butonlarında Listele var mı

2021-10-14 17:29:22 - [MESSAGE][PASSED] - Filtre butonlarında Listele var mı

2021-10-14 17:29:22 - [TEST_STEP][PASSED] - Filtre butonlarında Temizle var mı: Filtre butonlarında Temizle var mı

2021-10-14 17:29:22 - [MESSAGE][PASSED] - Filtre butonlarında Temizle var mı

2021-10-14 17:29:22 - [TEST_STEP][PASSED] - Butonlardan Excel var mı: Butonlardan Excel var mı

2021-10-14 17:29:22 - [MESSAGE][PASSED] - Butonlardan Excel var mı

2021-10-14 17:29:22 - [TEST_STEP][PASSED] - Butonlardan Toplu İndirme var mı: Butonlardan Toplu İndirme var mı

2021-10-14 17:29:22 - [MESSAGE][PASSED] - Butonlardan Toplu İndirme var mı

2021-10-14 17:29:22 - [TEST_STEP][PASSED] - Butonlardan UBL var mı: Butonlardan UBL var mı

2021-10-14 17:29:22 - [MESSAGE][PASSED] - Butonlardan UBL var mı

2021-10-14 17:29:22 - [TEST_STEP][PASSED] - Butonlardan Fatura var mı: Butonlardan Fatura var mı

2021-10-14 17:29:22 - [MESSAGE][PASSED] - Butonlardan Fatura var mı

2021-10-14 17:29:22 - [TEST_STEP][PASSED] - Butonlardan İzleme Kayıtları var mı: Butonlardan İzleme Kayıtları var mı

2021-10-14 17:29:22 - [MESSAGE][PASSED] - Butonlardan İzleme Kayıtları var mı

2021-10-14 17:29:22 - [TEST_STEP][PASSED] - Butonlardan Departman Ata var mı: Butonlardan Departman Ata var mı

2021-10-14 17:29:22 - [MESSAGE][PASSED] - Butonlardan Departman Ata var mı

2021-10-14 17:29:22 - [TEST_STEP][PASSED] - Butonlardan Departman Geri Al var mı: Butonlardan Departman Geri Al var mı

2021-10-14 17:29:22 - [MESSAGE][PASSED] - Butonlardan Departman Geri Al var mı

2021-10-14 17:29:22 - [TEST_STEP][PASSED] - Butonlardan Excel isimli butona tıklanır: Butonlardan Excel isimli butona tıklanır

2021-10-14 17:29:22 - [MESSAGE][PASSED] - Butonlardan Excel isimli butona tıklanır

2021-10-14 17:29:22 - [TEST_STEP][PASSED] - Alt butonlardan Tümünü Excel'e Aktar var mı: Alt butonlardan Tümünü Excel'e Aktar var mı

2021-10-14 17:29:22 - [MESSAGE][PASSED] - Alt butonlardan Tümünü Excel'e Aktar var mı

2021-10-14 17:29:22 - [TEST_STEP][PASSED] - Butonlardan Toplu İndirme isimli butona tıklanır: Butonlardan Toplu İndirme isimli butona tıklanır

2021-10-14 17:29:22 - [MESSAGE][PASSED] - Butonlardan Toplu İndirme isimli butona tıklanır

2021-10-14 17:29:22 - [TEST_STEP][PASSED] - Alt butonlardan UBL Seçilenleri İndir var mı: Alt butonlardan UBL Seçilenleri İndir var mı

2021-10-14 17:29:22 - [MESSAGE][PASSED] - Alt butonlardan UBL Seçilenleri İndir var mı

2021-10-14 17:29:22 - [TEST_STEP][PASSED] - Alt butonlardan UBL Tümünü İndir var mı: Alt butonlardan UBL Tümünü İndir var mı

2021-10-14 17:29:22 - [MESSAGE][PASSED] - Alt butonlardan UBL Tümünü İndir var mı

2021-10-14 17:29:22 - [TEST_STEP][PASSED] - Butonlardan UBL isimli butona tıklanır: Butonlardan UBL isimli butona tıklanır

2021-10-14 17:29:22 - [MESSAGE][PASSED] - Butonlardan UBL isimli butona tıklanır

2021-10-14 17:29:22 - [TEST_STEP][PASSED] - Alt butonlardan Göster var mı: Alt butonlardan Göster var mı

2021-10-14 17:29:22 - [MESSAGE][PASSED] - Alt butonlardan Göster var mı

2021-10-14 17:29:22 - [TEST_STEP][PASSED] - Alt butonlardan İndir var mı: Alt butonlardan İndir var mı

2021-10-14 17:29:22 - [MESSAGE][PASSED] - Alt butonlardan İndir var mı

2021-10-14 17:29:22 - [TEST_STEP][PASSED] - Kullanıcı işlemlerinden Çıkış seçilir: Kullanıcı işlemlerinden Çıkış seçilir

2021-10-14 17:29:22 - [MESSAGE][PASSED] - Kullanıcı işlemlerinden Çıkış seçilir

2021-10-14 17:29:22 - [MESSAGE][PASSED] - Feature file: 'Include/features/e-Fatura/Giden Kutusu/Uygulama Yanıtlari/Ekran Kontrolu.feature' was passed

2021-10-14 17:29:22 - [TEST_STEP][PASSED] - Start listener action : sampleAfterTestSuite: Invoke 'com.kms.katalon.core.annotation.AfterTestCase' method: 'Listener.sampleAfterTestSuite(...)' completed.

2021-10-14 17:29:22 - [MESSAGE][INFO] - Starting invoke 'com.kms.katalon.core.annotation.AfterTestCase' method: 'Listener.sampleAfterTestSuite(...)'

2021-10-14 17:29:22 - [TEST_STEP][PASSED] - closeBrowser(): Invoke 'com.kms.katalon.core.annotation.AfterTestCase' method: 'Listener.sampleAfterTestSuite(...)' completed.

2021-10-14 17:29:22 - [MESSAGE][INFO] - Closing browser

2021-10-14 17:29:23 - [MESSAGE][PASSED] - Browser is closed

2021-10-14 17:29:23 - [MESSAGE][INFO] - Invoke 'com.kms.katalon.core.annotation.AfterTestCase' method: 'Listener.sampleAfterTestSuite(...)' completed.]]></system-out>
         <system-err><![CDATA[]]></system-err>
      </testcase>
      <testcase name="Test Cases/Case Repository/e-Fatura/Giden Kutusu/Uygulama Yanitlari/Fatura" time="34.416" classname="Test Cases/Case Repository/e-Fatura/Giden Kutusu/Uygulama Yanitlari/Fatura" status="PASSED">
         <system-out><![CDATA[2021-10-14 17:29:23 - [TEST_CASE][PASSED] - Test Cases/Case Repository/e-Fatura/Giden Kutusu/Uygulama Yanitlari/Fatura: Test Cases/Case Repository/e-Fatura/Giden Kutusu/Uygulama Yanitlari/Fatura

2021-10-14 17:29:23 - [TEST_STEP][PASSED] - Start listener action : sampleBeforeTestSuite: Invoke 'com.kms.katalon.core.annotation.BeforeTestCase' method: 'Listener.sampleBeforeTestSuite(...)' completed.

2021-10-14 17:29:23 - [MESSAGE][INFO] - Starting invoke 'com.kms.katalon.core.annotation.BeforeTestCase' method: 'Listener.sampleBeforeTestSuite(...)'

2021-10-14 17:29:23 - [TEST_STEP][PASSED] - openBrowser(baseUrl): Browser is opened with url: 'https://efatura-stage.elogo.com.tr/'

2021-10-14 17:29:23 - [MESSAGE][INFO] - Opening browser

2021-10-14 17:29:23 - [MESSAGE][INFO] - Starting 'Chrome' driver

2021-10-14 17:29:23 - [MESSAGE][INFO] - User set preference: ['prefs', '{download.default_directory=C:\otomasyondownfiles}']

2021-10-14 17:29:23 - [MESSAGE][INFO] - Action delay is set to 0 milliseconds

2021-10-14 17:29:24 - [MESSAGE][INFO] - Navigating browser to: 'https://efatura-stage.elogo.com.tr/'

2021-10-14 17:29:28 - [MESSAGE][PASSED] - Browser is opened with url: 'https://efatura-stage.elogo.com.tr/'

2021-10-14 17:29:28 - [TEST_STEP][PASSED] - maximizeWindow(): Invoke 'com.kms.katalon.core.annotation.BeforeTestCase' method: 'Listener.sampleBeforeTestSuite(...)' completed.

2021-10-14 17:29:28 - [MESSAGE][INFO] - Maximizing current window

2021-10-14 17:29:28 - [MESSAGE][PASSED] - Current window maximized

2021-10-14 17:29:28 - [MESSAGE][INFO] - Invoke 'com.kms.katalon.core.annotation.BeforeTestCase' method: 'Listener.sampleBeforeTestSuite(...)' completed.

2021-10-14 17:29:29 - [TEST_STEP][PASSED] - runFeatureFile("Include/features/e-Fatura/Giden Kutusu/Uygulama Yanıtlari/Fatura.feature"): Feature file: 'Include/features/e-Fatura/Giden Kutusu/Uygulama Yanıtlari/Fatura.feature' was passed

2021-10-14 17:29:29 - [MESSAGE][INFO] - Starting run keyword runFeatureFile: 'Include/features/e-Fatura/Giden Kutusu/Uygulama Yanıtlari/Fatura.feature' and extract report to folder: 'C:\Users\DELL\Downloads\EES_Katalon-main\Reports\20211014_170112\Suite Repository\e-Fatura\20211014_170113/cucumber_report/1634221769056'...

2021-10-14 17:29:29 - [MESSAGE][INFO] - Glue: []

2021-10-14 17:29:30 - [MESSAGE][INFO] - Checking called Test Case

2021-10-14 17:29:30 - [MESSAGE][INFO] - Starting to call Test Case 'Test Cases/Sayfalar/Giris_Sayfasi/Login'

2021-10-14 17:29:30 - [TEST_CASE][PASSED] - Test Cases/Sayfalar/Giris_Sayfasi/Login: Test Cases/Sayfalar/Giris_Sayfasi/Login

2021-10-14 17:29:30 - [TEST_STEP][PASSED] - Sayfa_Basligi = getWindowTitle(): Current window's title is: 'LOGO e-Fatura'

2021-10-14 17:29:30 - [MESSAGE][INFO] - Getting current window's title

2021-10-14 17:29:30 - [MESSAGE][PASSED] - Current window's title is: 'LOGO e-Fatura'

2021-10-14 17:29:30 - [TEST_STEP][PASSED] - verifyMatch(Sayfa_Basligi, "LOGO e-Fatura", false): Actual text 'LOGO e-Fatura' and expected text 'LOGO e-Fatura' are matched 

2021-10-14 17:29:30 - [MESSAGE][INFO] - Matching actual text 'LOGO e-Fatura' with expected text 'LOGO e-Fatura'

2021-10-14 17:29:30 - [MESSAGE][PASSED] - Actual text 'LOGO e-Fatura' and expected text 'LOGO e-Fatura' are matched 

2021-10-14 17:29:30 - [TEST_STEP][PASSED] - sendKeys(findTestObject("Sayfalar/Giris_Sayfasi/Firma_Kodu"), KullaniciAdi): Keys 'ELOGO6' sent to object: 'Object Repository/Sayfalar/Giris_Sayfasi/Firma_Kodu'

2021-10-14 17:29:30 - [MESSAGE][INFO] - Finding Test Object 'Object Repository/Sayfalar/Giris_Sayfasi/Firma_Kodu'

2021-10-14 17:29:30 - [MESSAGE][INFO] - Sending keys 'ELOGO6' to object: 'Object Repository/Sayfalar/Giris_Sayfasi/Firma_Kodu'

2021-10-14 17:29:30 - [MESSAGE][INFO] - Finding web element from Test Object's properties

2021-10-14 17:29:30 - [MESSAGE][INFO] - Checking timeout

2021-10-14 17:29:30 - [MESSAGE][INFO] - Finding web element with id: 'Object Repository/Sayfalar/Giris_Sayfasi/Firma_Kodu' located by 'By.xpath: //*[@id = 'AccountName']' in '30' second(s)

2021-10-14 17:29:30 - [MESSAGE][INFO] - Smart Wait Function is triggered

2021-10-14 17:29:30 - [MESSAGE][INFO] - Found 1 web elements with id: 'Object Repository/Sayfalar/Giris_Sayfasi/Firma_Kodu' located by 'By.xpath: //*[@id = 'AccountName']' in '30' second(s)

2021-10-14 17:29:30 - [MESSAGE][PASSED] - Keys 'ELOGO6' sent to object: 'Object Repository/Sayfalar/Giris_Sayfasi/Firma_Kodu'

2021-10-14 17:29:30 - [TEST_STEP][PASSED] - sendKeys(findTestObject("Sayfalar/Giris_Sayfasi/Sifre"), Sifre): Keys '123456' sent to object: 'Object Repository/Sayfalar/Giris_Sayfasi/Sifre'

2021-10-14 17:29:30 - [MESSAGE][INFO] - Finding Test Object 'Object Repository/Sayfalar/Giris_Sayfasi/Sifre'

2021-10-14 17:29:30 - [MESSAGE][INFO] - Sending keys '123456' to object: 'Object Repository/Sayfalar/Giris_Sayfasi/Sifre'

2021-10-14 17:29:30 - [MESSAGE][INFO] - Finding web element from Test Object's properties

2021-10-14 17:29:30 - [MESSAGE][INFO] - Checking timeout

2021-10-14 17:29:30 - [MESSAGE][INFO] - Finding web element with id: 'Object Repository/Sayfalar/Giris_Sayfasi/Sifre' located by 'By.xpath: //*[@id = 'Password']' in '30' second(s)

2021-10-14 17:29:30 - [MESSAGE][INFO] - Smart Wait Function is triggered

2021-10-14 17:29:31 - [MESSAGE][INFO] - Found 1 web elements with id: 'Object Repository/Sayfalar/Giris_Sayfasi/Sifre' located by 'By.xpath: //*[@id = 'Password']' in '30' second(s)

2021-10-14 17:29:31 - [MESSAGE][PASSED] - Keys '123456' sent to object: 'Object Repository/Sayfalar/Giris_Sayfasi/Sifre'

2021-10-14 17:29:31 - [TEST_STEP][PASSED] - findWebElement(findTestObject("Sayfalar/Giris_Sayfasi/Giris_Butonu")).click(): Found 1 web elements with id: 'Object Repository/Sayfalar/Giris_Sayfasi/Giris_Butonu' located by 'By.cssSelector: #btnLogin' in '30' second(s)

2021-10-14 17:29:31 - [MESSAGE][INFO] - Finding Test Object 'Object Repository/Sayfalar/Giris_Sayfasi/Giris_Butonu'

2021-10-14 17:29:32 - [MESSAGE][INFO] - Finding web element from Test Object's properties

2021-10-14 17:29:32 - [MESSAGE][INFO] - Checking timeout

2021-10-14 17:29:32 - [MESSAGE][INFO] - Finding web element with id: 'Object Repository/Sayfalar/Giris_Sayfasi/Giris_Butonu' located by 'By.cssSelector: #btnLogin' in '30' second(s)

2021-10-14 17:29:32 - [MESSAGE][INFO] - Smart Wait Function is triggered

2021-10-14 17:29:32 - [MESSAGE][INFO] - Found 1 web elements with id: 'Object Repository/Sayfalar/Giris_Sayfasi/Giris_Butonu' located by 'By.cssSelector: #btnLogin' in '30' second(s)

2021-10-14 17:29:34 - [TEST_STEP][PASSED] - if (verifyElementPresent(findTestObject("Object Repository/Sayfalar/Giris_Sayfasi/RetveTamam_Butonu"), 5, OPTIONAL)): null

2021-10-14 17:29:34 - [MESSAGE][INFO] - Finding Test Object 'Object Repository/Sayfalar/Giris_Sayfasi/RetveTamam_Butonu'

2021-10-14 17:29:35 - [MESSAGE][INFO] - Checking object

2021-10-14 17:29:35 - [MESSAGE][INFO] - Finding web element from Test Object's properties

2021-10-14 17:29:35 - [MESSAGE][INFO] - Checking timeout

2021-10-14 17:29:35 - [MESSAGE][INFO] - Finding web element with id: 'Object Repository/Sayfalar/Giris_Sayfasi/RetveTamam_Butonu' located by 'By.xpath: //*[@class = 'btn btn-default']' in '5' second(s)

2021-10-14 17:29:35 - [MESSAGE][INFO] - Smart Wait Function is triggered

2021-10-14 17:29:35 - [MESSAGE][INFO] - Found 1 web elements with id: 'Object Repository/Sayfalar/Giris_Sayfasi/RetveTamam_Butonu' located by 'By.xpath: //*[@class = 'btn btn-default']' in '5' second(s)

2021-10-14 17:29:35 - [MESSAGE][PASSED] - Object 'Object Repository/Sayfalar/Giris_Sayfasi/RetveTamam_Butonu' is present

2021-10-14 17:29:35 - [TEST_STEP][PASSED] - click(findTestObject("Object Repository/Sayfalar/Giris_Sayfasi/RetveTamam_Butonu")): Object: 'Object Repository/Sayfalar/Giris_Sayfasi/RetveTamam_Butonu' is clicked on

2021-10-14 17:29:35 - [MESSAGE][INFO] - Finding Test Object 'Object Repository/Sayfalar/Giris_Sayfasi/RetveTamam_Butonu'

2021-10-14 17:29:35 - [MESSAGE][INFO] - Checking object

2021-10-14 17:29:35 - [MESSAGE][INFO] - Finding web element from Test Object's properties

2021-10-14 17:29:35 - [MESSAGE][INFO] - Checking timeout

2021-10-14 17:29:35 - [MESSAGE][INFO] - Finding web element with id: 'Object Repository/Sayfalar/Giris_Sayfasi/RetveTamam_Butonu' located by 'By.xpath: //*[@class = 'btn btn-default']' in '30' second(s)

2021-10-14 17:29:35 - [MESSAGE][INFO] - Smart Wait Function is triggered

2021-10-14 17:29:35 - [MESSAGE][INFO] - Found 1 web elements with id: 'Object Repository/Sayfalar/Giris_Sayfasi/RetveTamam_Butonu' located by 'By.xpath: //*[@class = 'btn btn-default']' in '30' second(s)

2021-10-14 17:29:35 - [MESSAGE][INFO] - Clicking on object: 'Object Repository/Sayfalar/Giris_Sayfasi/RetveTamam_Butonu'

2021-10-14 17:29:35 - [MESSAGE][PASSED] - Object: 'Object Repository/Sayfalar/Giris_Sayfasi/RetveTamam_Butonu' is clicked on

2021-10-14 17:29:35 - [TEST_STEP][PASSED] - click(findTestObject("Object Repository/Sayfalar/Giris_Sayfasi/RetveTamam_Butonu")): Object: 'Object Repository/Sayfalar/Giris_Sayfasi/RetveTamam_Butonu' is clicked on

2021-10-14 17:29:35 - [MESSAGE][INFO] - Finding Test Object 'Object Repository/Sayfalar/Giris_Sayfasi/RetveTamam_Butonu'

2021-10-14 17:29:35 - [MESSAGE][INFO] - Checking object

2021-10-14 17:29:35 - [MESSAGE][INFO] - Finding web element from Test Object's properties

2021-10-14 17:29:35 - [MESSAGE][INFO] - Checking timeout

2021-10-14 17:29:35 - [MESSAGE][INFO] - Finding web element with id: 'Object Repository/Sayfalar/Giris_Sayfasi/RetveTamam_Butonu' located by 'By.xpath: //*[@class = 'btn btn-default']' in '30' second(s)

2021-10-14 17:29:35 - [MESSAGE][INFO] - Smart Wait Function is triggered

2021-10-14 17:29:39 - [MESSAGE][INFO] - Found 1 web elements with id: 'Object Repository/Sayfalar/Giris_Sayfasi/RetveTamam_Butonu' located by 'By.xpath: //*[@class = 'btn btn-default']' in '30' second(s)

2021-10-14 17:29:39 - [MESSAGE][INFO] - Clicking on object: 'Object Repository/Sayfalar/Giris_Sayfasi/RetveTamam_Butonu'

2021-10-14 17:29:39 - [MESSAGE][PASSED] - Object: 'Object Repository/Sayfalar/Giris_Sayfasi/RetveTamam_Butonu' is clicked on

2021-10-14 17:29:39 - [TEST_STEP][PASSED] - if (verifyElementPresent(findTestObject("Sayfalar/Giris_Sayfasi/PopupOK"), 5, OPTIONAL)): null

2021-10-14 17:29:39 - [MESSAGE][INFO] - Finding Test Object 'Object Repository/Sayfalar/Giris_Sayfasi/PopupOK'

2021-10-14 17:29:39 - [MESSAGE][INFO] - Checking object

2021-10-14 17:29:39 - [MESSAGE][INFO] - Finding web element from Test Object's properties

2021-10-14 17:29:39 - [MESSAGE][INFO] - Checking timeout

2021-10-14 17:29:39 - [MESSAGE][INFO] - Finding web element with id: 'Object Repository/Sayfalar/Giris_Sayfasi/PopupOK' located by 'By.cssSelector: .btn.btn-success' in '5' second(s)

2021-10-14 17:29:39 - [MESSAGE][INFO] - Smart Wait Function is triggered

2021-10-14 17:29:39 - [MESSAGE][INFO] - Found 1 web elements with id: 'Object Repository/Sayfalar/Giris_Sayfasi/PopupOK' located by 'By.cssSelector: .btn.btn-success' in '5' second(s)

2021-10-14 17:29:39 - [MESSAGE][PASSED] - Object 'Object Repository/Sayfalar/Giris_Sayfasi/PopupOK' is present

2021-10-14 17:29:39 - [TEST_STEP][PASSED] - click(findTestObject("Object Repository/Sayfalar/Giris_Sayfasi/PopupCarpiGiris")): Object: 'Object Repository/Sayfalar/Giris_Sayfasi/PopupCarpiGiris' is clicked on

2021-10-14 17:29:39 - [MESSAGE][INFO] - Finding Test Object 'Object Repository/Sayfalar/Giris_Sayfasi/PopupCarpiGiris'

2021-10-14 17:29:40 - [MESSAGE][INFO] - Checking object

2021-10-14 17:29:40 - [MESSAGE][INFO] - Finding web element from Test Object's properties

2021-10-14 17:29:40 - [MESSAGE][INFO] - Checking timeout

2021-10-14 17:29:40 - [MESSAGE][INFO] - Finding web element with id: 'Object Repository/Sayfalar/Giris_Sayfasi/PopupCarpiGiris' located by 'By.cssSelector: .bootbox-close-button.close' in '30' second(s)

2021-10-14 17:29:40 - [MESSAGE][INFO] - Smart Wait Function is triggered

2021-10-14 17:29:40 - [MESSAGE][INFO] - Found 1 web elements with id: 'Object Repository/Sayfalar/Giris_Sayfasi/PopupCarpiGiris' located by 'By.cssSelector: .bootbox-close-button.close' in '30' second(s)

2021-10-14 17:29:40 - [MESSAGE][INFO] - Clicking on object: 'Object Repository/Sayfalar/Giris_Sayfasi/PopupCarpiGiris'

2021-10-14 17:29:40 - [MESSAGE][PASSED] - Object: 'Object Repository/Sayfalar/Giris_Sayfasi/PopupCarpiGiris' is clicked on

2021-10-14 17:29:40 - [TEST_STEP][PASSED] - verifyElementVisible(findTestObject("Object Repository/Kullanici_Islemleri/KullaniciIslemleri")): Object 'Object Repository/Kullanici_Islemleri/KullaniciIslemleri' is visible

2021-10-14 17:29:40 - [MESSAGE][INFO] - Finding Test Object 'Object Repository/Kullanici_Islemleri/KullaniciIslemleri'

2021-10-14 17:29:40 - [MESSAGE][INFO] - Checking object

2021-10-14 17:29:40 - [MESSAGE][INFO] - Finding web element from Test Object's properties

2021-10-14 17:29:40 - [MESSAGE][INFO] - Checking timeout

2021-10-14 17:29:40 - [MESSAGE][INFO] - Finding web element with id: 'Object Repository/Kullanici_Islemleri/KullaniciIslemleri' located by 'By.cssSelector: .dropdown>a>img' in '30' second(s)

2021-10-14 17:29:40 - [MESSAGE][INFO] - Smart Wait Function is triggered

2021-10-14 17:29:41 - [MESSAGE][INFO] - Found 1 web elements with id: 'Object Repository/Kullanici_Islemleri/KullaniciIslemleri' located by 'By.cssSelector: .dropdown>a>img' in '30' second(s)

2021-10-14 17:29:41 - [MESSAGE][PASSED] - Object 'Object Repository/Kullanici_Islemleri/KullaniciIslemleri' is visible

2021-10-14 17:29:41 - [MESSAGE][PASSED] - Call Test Case 'Test Cases/Sayfalar/Giris_Sayfasi/Login' successfully

2021-10-14 17:29:41 - [MESSAGE][INFO] - Checking called Test Case

2021-10-14 17:29:41 - [MESSAGE][INFO] - Starting to call Test Case 'Test Cases/Menu/AnaMenuSecimi'

2021-10-14 17:29:41 - [TEST_CASE][PASSED] - Test Cases/Menu/AnaMenuSecimi: Test Cases/Menu/AnaMenuSecimi

2021-10-14 17:29:41 - [TEST_STEP][PASSED] - Method.TextDegerineEsitElementeTikla(findTestObject("Menu/Ana_Menu"), Ana_Menu): Method.TextDegerineEsitElementeTikla is PASSED

2021-10-14 17:29:41 - [MESSAGE][INFO] - Finding Test Object 'Object Repository/Menu/Ana_Menu'

2021-10-14 17:29:41 - [MESSAGE][INFO] - Checking timeout

2021-10-14 17:29:41 - [MESSAGE][INFO] - Finding web element with id: 'Object Repository/Menu/Ana_Menu' located by 'By.xpath: //*[@class = 'dropdown-toggle']' in '10' second(s)

2021-10-14 17:29:41 - [MESSAGE][INFO] - Smart Wait Function is triggered

2021-10-14 17:29:41 - [MESSAGE][INFO] - Found 14 web elements with id: 'Object Repository/Menu/Ana_Menu' located by 'By.xpath: //*[@class = 'dropdown-toggle']' in '10' second(s)

2021-10-14 17:29:41 - [MESSAGE][PASSED] - Method.TextDegerineEsitElementeTikla is PASSED

2021-10-14 17:29:41 - [MESSAGE][PASSED] - Call Test Case 'Test Cases/Menu/AnaMenuSecimi' successfully

2021-10-14 17:29:41 - [MESSAGE][INFO] - Checking called Test Case

2021-10-14 17:29:41 - [MESSAGE][INFO] - Starting to call Test Case 'Test Cases/Menu/BasligaGoreAltMenuSecimi'

2021-10-14 17:29:41 - [TEST_CASE][PASSED] - Test Cases/Menu/BasligaGoreAltMenuSecimi: Test Cases/Menu/BasligaGoreAltMenuSecimi

2021-10-14 17:29:41 - [TEST_STEP][PASSED] - Method.TextDegerineEsitElementinAltindakiTextDegerineEsitOlanaTikla(findTestObject("Menu/Menu_Basligi"), findTestObject("Menu/Basliga_Gore_Alt_Menu"), Baslik, Alt_Menu): Method.TextDegerineEsitElementinAltindakiTextDegerineEsitOlanaTikla is PASSED

2021-10-14 17:29:41 - [MESSAGE][INFO] - Finding Test Object 'Object Repository/Menu/Menu_Basligi'

2021-10-14 17:29:42 - [MESSAGE][INFO] - Finding Test Object 'Object Repository/Menu/Basliga_Gore_Alt_Menu'

2021-10-14 17:29:42 - [MESSAGE][INFO] - Checking timeout

2021-10-14 17:29:42 - [MESSAGE][INFO] - Finding web element with id: 'Object Repository/Menu/Menu_Basligi' located by 'By.xpath: //li[@class='dropdown dropdown-large open']//li[@class='dropdown-header']' in '10' second(s)

2021-10-14 17:29:42 - [MESSAGE][INFO] - Smart Wait Function is triggered

2021-10-14 17:29:42 - [MESSAGE][INFO] - Found 3 web elements with id: 'Object Repository/Menu/Menu_Basligi' located by 'By.xpath: //li[@class='dropdown dropdown-large open']//li[@class='dropdown-header']' in '10' second(s)

2021-10-14 17:29:42 - [MESSAGE][INFO] - Smart Wait Function is triggered

2021-10-14 17:29:45 - [MESSAGE][PASSED] - Method.TextDegerineEsitElementinAltindakiTextDegerineEsitOlanaTikla is PASSED

2021-10-14 17:29:45 - [MESSAGE][PASSED] - Call Test Case 'Test Cases/Menu/BasligaGoreAltMenuSecimi' successfully

2021-10-14 17:29:45 - [MESSAGE][INFO] - Checking called Test Case

2021-10-14 17:29:45 - [MESSAGE][INFO] - Starting to call Test Case 'Test Cases/Filtreler/BaslangicYaz'

2021-10-14 17:29:45 - [TEST_CASE][PASSED] - Test Cases/Filtreler/BaslangicYaz: Test Cases/Filtreler/BaslangicYaz

2021-10-14 17:29:45 - [TEST_STEP][PASSED] - Method.TextDegerineEsitElementinAltindakineTikla(findTestObject("Filtreler/Basliklar"), findTestObject("Filtreler/Basliga_Gore_Baslangic_Image"), Filtre_Adi): Method.TextDegerineEsitElementinAltindakineTikla is PASSED

2021-10-14 17:29:45 - [MESSAGE][INFO] - Finding Test Object 'Object Repository/Filtreler/Basliklar'

2021-10-14 17:29:45 - [MESSAGE][INFO] - Finding Test Object 'Object Repository/Filtreler/Basliga_Gore_Baslangic_Image'

2021-10-14 17:29:45 - [MESSAGE][INFO] - Checking timeout

2021-10-14 17:29:45 - [MESSAGE][INFO] - Finding web element with id: 'Object Repository/Filtreler/Basliklar' located by 'By.cssSelector: .control-label.col-sm-4.paddingMarginRLC' in '10' second(s)

2021-10-14 17:29:45 - [MESSAGE][INFO] - Smart Wait Function is triggered

2021-10-14 17:29:45 - [MESSAGE][INFO] - Found 13 web elements with id: 'Object Repository/Filtreler/Basliklar' located by 'By.cssSelector: .control-label.col-sm-4.paddingMarginRLC' in '10' second(s)

2021-10-14 17:29:45 - [MESSAGE][INFO] - Smart Wait Function is triggered

2021-10-14 17:29:46 - [MESSAGE][PASSED] - Method.TextDegerineEsitElementinAltindakineTikla is PASSED

2021-10-14 17:29:46 - [TEST_STEP][PASSED] - Method.TextDegerineEsitElementinAltindakiTextboxtaYaz(findTestObject("Filtreler/Basliklar"), findTestObject("Filtreler/Basliga_Gore_Baslangic"), Filtre_Adi, Filtre_Degeri): Method.TextDegerineEsitElementinAltindakiTextboxtaYaz is PASSED

2021-10-14 17:29:46 - [MESSAGE][INFO] - Finding Test Object 'Object Repository/Filtreler/Basliklar'

2021-10-14 17:29:46 - [MESSAGE][INFO] - Finding Test Object 'Object Repository/Filtreler/Basliga_Gore_Baslangic'

2021-10-14 17:29:46 - [MESSAGE][INFO] - Checking timeout

2021-10-14 17:29:46 - [MESSAGE][INFO] - Finding web element with id: 'Object Repository/Filtreler/Basliklar' located by 'By.cssSelector: .control-label.col-sm-4.paddingMarginRLC' in '10' second(s)

2021-10-14 17:29:46 - [MESSAGE][INFO] - Smart Wait Function is triggered

2021-10-14 17:29:46 - [MESSAGE][INFO] - Found 13 web elements with id: 'Object Repository/Filtreler/Basliklar' located by 'By.cssSelector: .control-label.col-sm-4.paddingMarginRLC' in '10' second(s)

2021-10-14 17:29:46 - [MESSAGE][INFO] - Smart Wait Function is triggered

2021-10-14 17:29:47 - [MESSAGE][PASSED] - Method.TextDegerineEsitElementinAltindakiTextboxtaYaz is PASSED

2021-10-14 17:29:47 - [MESSAGE][PASSED] - Call Test Case 'Test Cases/Filtreler/BaslangicYaz' successfully

2021-10-14 17:29:47 - [MESSAGE][INFO] - Checking called Test Case

2021-10-14 17:29:47 - [MESSAGE][INFO] - Starting to call Test Case 'Test Cases/Filtreler/BitisYaz'

2021-10-14 17:29:47 - [TEST_CASE][PASSED] - Test Cases/Filtreler/BitisYaz: Test Cases/Filtreler/BitisYaz

2021-10-14 17:29:47 - [TEST_STEP][PASSED] - Method.TextDegerineEsitElementinAltindakineTikla(findTestObject("Filtreler/Basliklar"), findTestObject("Filtreler/Basliga_Gore_Bitis_Image"), Filtre_Adi): Method.TextDegerineEsitElementinAltindakineTikla is PASSED

2021-10-14 17:29:47 - [MESSAGE][INFO] - Finding Test Object 'Object Repository/Filtreler/Basliklar'

2021-10-14 17:29:47 - [MESSAGE][INFO] - Finding Test Object 'Object Repository/Filtreler/Basliga_Gore_Bitis_Image'

2021-10-14 17:29:47 - [MESSAGE][INFO] - Checking timeout

2021-10-14 17:29:47 - [MESSAGE][INFO] - Finding web element with id: 'Object Repository/Filtreler/Basliklar' located by 'By.cssSelector: .control-label.col-sm-4.paddingMarginRLC' in '10' second(s)

2021-10-14 17:29:47 - [MESSAGE][INFO] - Smart Wait Function is triggered

2021-10-14 17:29:47 - [MESSAGE][INFO] - Found 13 web elements with id: 'Object Repository/Filtreler/Basliklar' located by 'By.cssSelector: .control-label.col-sm-4.paddingMarginRLC' in '10' second(s)

2021-10-14 17:29:47 - [MESSAGE][INFO] - Smart Wait Function is triggered

2021-10-14 17:29:48 - [MESSAGE][PASSED] - Method.TextDegerineEsitElementinAltindakineTikla is PASSED

2021-10-14 17:29:48 - [TEST_STEP][PASSED] - Method.TextDegerineEsitElementinAltindakiTextboxtaYaz(findTestObject("Filtreler/Basliklar"), findTestObject("Object Repository/Filtreler/Basliga_Gore_Bitis"), Filtre_Adi, Filtre_Degeri): Method.TextDegerineEsitElementinAltindakiTextboxtaYaz is PASSED

2021-10-14 17:29:48 - [MESSAGE][INFO] - Finding Test Object 'Object Repository/Filtreler/Basliklar'

2021-10-14 17:29:48 - [MESSAGE][INFO] - Finding Test Object 'Object Repository/Filtreler/Basliga_Gore_Bitis'

2021-10-14 17:29:48 - [MESSAGE][INFO] - Checking timeout

2021-10-14 17:29:48 - [MESSAGE][INFO] - Finding web element with id: 'Object Repository/Filtreler/Basliklar' located by 'By.cssSelector: .control-label.col-sm-4.paddingMarginRLC' in '10' second(s)

2021-10-14 17:29:48 - [MESSAGE][INFO] - Smart Wait Function is triggered

2021-10-14 17:29:48 - [MESSAGE][INFO] - Found 13 web elements with id: 'Object Repository/Filtreler/Basliklar' located by 'By.cssSelector: .control-label.col-sm-4.paddingMarginRLC' in '10' second(s)

2021-10-14 17:29:48 - [MESSAGE][INFO] - Smart Wait Function is triggered

2021-10-14 17:29:49 - [MESSAGE][PASSED] - Method.TextDegerineEsitElementinAltindakiTextboxtaYaz is PASSED

2021-10-14 17:29:49 - [MESSAGE][PASSED] - Call Test Case 'Test Cases/Filtreler/BitisYaz' successfully

2021-10-14 17:29:49 - [MESSAGE][INFO] - Checking called Test Case

2021-10-14 17:29:49 - [MESSAGE][INFO] - Starting to call Test Case 'Test Cases/Filtreler/ButonaTikla'

2021-10-14 17:29:49 - [TEST_CASE][PASSED] - Test Cases/Filtreler/ButonaTikla: Test Cases/Filtreler/ButonaTikla

2021-10-14 17:29:49 - [TEST_STEP][PASSED] - Method.TextDegerineEsitElementeTikla(findTestObject("Filtreler/Butonlar"), Filtre_Buton): Method.TextDegerineEsitElementeTikla is PASSED

2021-10-14 17:29:49 - [MESSAGE][INFO] - Finding Test Object 'Object Repository/Filtreler/Butonlar'

2021-10-14 17:29:49 - [MESSAGE][INFO] - Checking timeout

2021-10-14 17:29:49 - [MESSAGE][INFO] - Finding web element with id: 'Object Repository/Filtreler/Butonlar' located by 'By.cssSelector: .dxb>span' in '10' second(s)

2021-10-14 17:29:49 - [MESSAGE][INFO] - Smart Wait Function is triggered

2021-10-14 17:29:49 - [MESSAGE][INFO] - Found 3 web elements with id: 'Object Repository/Filtreler/Butonlar' located by 'By.cssSelector: .dxb>span' in '10' second(s)

2021-10-14 17:29:50 - [MESSAGE][PASSED] - Method.TextDegerineEsitElementeTikla is PASSED

2021-10-14 17:29:50 - [MESSAGE][PASSED] - Call Test Case 'Test Cases/Filtreler/ButonaTikla' successfully

2021-10-14 17:29:50 - [MESSAGE][INFO] - Checking called Test Case

2021-10-14 17:29:50 - [MESSAGE][INFO] - Starting to call Test Case 'Test Cases/Tablo/TablodaVeriVarMi'

2021-10-14 17:29:50 - [TEST_CASE][PASSED] - Test Cases/Tablo/TablodaVeriVarMi: Test Cases/Tablo/TablodaVeriVarMi

2021-10-14 17:29:50 - [TEST_STEP][PASSED] - verifyTextNotPresent("Görüntülenecek veri yok", true): Text 'Görüntülenecek veri yok' is not present on page using regular expression

2021-10-14 17:29:50 - [MESSAGE][INFO] - Checking text present  using regular expression

2021-10-14 17:29:50 - [MESSAGE][INFO] - Smart Wait Function is triggered

2021-10-14 17:29:50 - [MESSAGE][INFO] - Finding text 'Görüntülenecek veri yok' on page  using regular expression

2021-10-14 17:29:50 - [MESSAGE][PASSED] - Text 'Görüntülenecek veri yok' is not present on page using regular expression

2021-10-14 17:29:50 - [MESSAGE][PASSED] - Call Test Case 'Test Cases/Tablo/TablodaVeriVarMi' successfully

2021-10-14 17:29:50 - [MESSAGE][INFO] - Checking called Test Case

2021-10-14 17:29:50 - [MESSAGE][INFO] - Starting to call Test Case 'Test Cases/Tablo/TablodanVeriSec'

2021-10-14 17:29:50 - [TEST_CASE][PASSED] - Test Cases/Tablo/TablodanVeriSec: Test Cases/Tablo/TablodanVeriSec

2021-10-14 17:29:50 - [TEST_STEP][PASSED] - Method.TextDegerineEsitElementinAltindakineTikla(findTestObject("Tablo/Veriler"), findTestObject("Tablo/VerininCheckBoxi"), Veri_Adi): Method.TextDegerineEsitElementinAltindakineTikla is PASSED

2021-10-14 17:29:50 - [MESSAGE][INFO] - Finding Test Object 'Object Repository/Tablo/Veriler'

2021-10-14 17:29:51 - [MESSAGE][INFO] - Finding Test Object 'Object Repository/Tablo/VerininCheckBoxi'

2021-10-14 17:29:51 - [MESSAGE][INFO] - Checking timeout

2021-10-14 17:29:51 - [MESSAGE][INFO] - Finding web element with id: 'Object Repository/Tablo/Veriler' located by 'By.cssSelector: td.dxgv b ,td.dxgv' in '10' second(s)

2021-10-14 17:29:51 - [MESSAGE][INFO] - Smart Wait Function is triggered

2021-10-14 17:29:51 - [MESSAGE][INFO] - Found 26 web elements with id: 'Object Repository/Tablo/Veriler' located by 'By.cssSelector: td.dxgv b ,td.dxgv' in '10' second(s)

2021-10-14 17:29:51 - [MESSAGE][INFO] - Smart Wait Function is triggered

2021-10-14 17:29:51 - [MESSAGE][PASSED] - Method.TextDegerineEsitElementinAltindakineTikla is PASSED

2021-10-14 17:29:51 - [MESSAGE][PASSED] - Call Test Case 'Test Cases/Tablo/TablodanVeriSec' successfully

2021-10-14 17:29:51 - [MESSAGE][INFO] - Checking called Test Case

2021-10-14 17:29:51 - [MESSAGE][INFO] - Starting to call Test Case 'Test Cases/Butonlar/ButonaTikla'

2021-10-14 17:29:51 - [TEST_CASE][PASSED] - Test Cases/Butonlar/ButonaTikla: Test Cases/Butonlar/ButonaTikla

2021-10-14 17:29:51 - [TEST_STEP][PASSED] - Method.TextDegerineEsitElementeTiklaEquals(findTestObject("Butonlar/Butonlar"), Buton_Adi): Method.TextDegerineEsitElementeTiklaEquals is PASSED

2021-10-14 17:29:51 - [MESSAGE][INFO] - Finding Test Object 'Object Repository/Butonlar/Butonlar'

2021-10-14 17:29:51 - [MESSAGE][INFO] - Checking timeout

2021-10-14 17:29:51 - [MESSAGE][INFO] - Finding web element with id: 'Object Repository/Butonlar/Butonlar' located by 'By.cssSelector: .panel.panel-default.text-center.footerPanel .btn,.btn.btn-primary.btnControls' in '10' second(s)

2021-10-14 17:29:51 - [MESSAGE][INFO] - Smart Wait Function is triggered

2021-10-14 17:29:52 - [MESSAGE][INFO] - Found 7 web elements with id: 'Object Repository/Butonlar/Butonlar' located by 'By.cssSelector: .panel.panel-default.text-center.footerPanel .btn,.btn.btn-primary.btnControls' in '10' second(s)

2021-10-14 17:29:52 - [MESSAGE][PASSED] - Method.TextDegerineEsitElementeTiklaEquals is PASSED

2021-10-14 17:29:52 - [MESSAGE][PASSED] - Call Test Case 'Test Cases/Butonlar/ButonaTikla' successfully

2021-10-14 17:29:52 - [MESSAGE][INFO] - Checking called Test Case

2021-10-14 17:29:52 - [MESSAGE][INFO] - Starting to call Test Case 'Test Cases/Sekmeler/YeniSekmeyeGec'

2021-10-14 17:29:52 - [TEST_CASE][PASSED] - Test Cases/Sekmeler/YeniSekmeyeGec: Test Cases/Sekmeler/YeniSekmeyeGec

2021-10-14 17:29:52 - [TEST_STEP][PASSED] - switchToWindowIndex(1): Switched to window with index: '1'

2021-10-14 17:29:52 - [MESSAGE][INFO] - Checking index

2021-10-14 17:29:52 - [MESSAGE][INFO] - Switching window with index: '1'

2021-10-14 17:29:52 - [MESSAGE][PASSED] - Switched to window with index: '1'

2021-10-14 17:29:52 - [MESSAGE][PASSED] - Call Test Case 'Test Cases/Sekmeler/YeniSekmeyeGec' successfully

2021-10-14 17:29:52 - [MESSAGE][INFO] - Checking called Test Case

2021-10-14 17:29:52 - [MESSAGE][INFO] - Starting to call Test Case 'Test Cases/Sekmeler/YeniSekmeBasligindaVarMi'

2021-10-14 17:29:52 - [TEST_CASE][PASSED] - Test Cases/Sekmeler/YeniSekmeBasligindaVarMi: Test Cases/Sekmeler/YeniSekmeBasligindaVarMi

2021-10-14 17:29:52 - [TEST_STEP][PASSED] - verifyElementText(findTestObject("Object Repository/Sekmeler/Olusturma_Goster_Baslik"), Title): Actual text and expected text of test object 'Object Repository/Sekmeler/Olusturma_Goster_Baslik' are matched.

2021-10-14 17:29:52 - [MESSAGE][INFO] - Finding Test Object 'Object Repository/Sekmeler/Olusturma_Goster_Baslik'

2021-10-14 17:29:52 - [MESSAGE][INFO] - Checking object

2021-10-14 17:29:52 - [MESSAGE][INFO] - Finding web element from Test Object's properties

2021-10-14 17:29:52 - [MESSAGE][INFO] - Checking timeout

2021-10-14 17:29:52 - [MESSAGE][INFO] - Finding web element with id: 'Object Repository/Sekmeler/Olusturma_Goster_Baslik' located by 'By.cssSelector: h1>span,td>font,font' in '30' second(s)

2021-10-14 17:29:52 - [MESSAGE][INFO] - Smart Wait Function is triggered

2021-10-14 17:29:53 - [MESSAGE][INFO] - Found 1 web elements with id: 'Object Repository/Sekmeler/Olusturma_Goster_Baslik' located by 'By.cssSelector: h1>span,td>font,font' in '30' second(s)

2021-10-14 17:29:53 - [MESSAGE][PASSED] - Actual text and expected text of test object 'Object Repository/Sekmeler/Olusturma_Goster_Baslik' are matched.

2021-10-14 17:29:53 - [MESSAGE][PASSED] - Call Test Case 'Test Cases/Sekmeler/YeniSekmeBasligindaVarMi' successfully

2021-10-14 17:29:53 - [MESSAGE][INFO] - Checking called Test Case

2021-10-14 17:29:53 - [MESSAGE][INFO] - Starting to call Test Case 'Test Cases/Sekmeler/Ana_Sekmeye_Gec'

2021-10-14 17:29:53 - [TEST_CASE][PASSED] - Test Cases/Sekmeler/Ana_Sekmeye_Gec: Test Cases/Sekmeler/Ana_Sekmeye_Gec

2021-10-14 17:29:53 - [TEST_STEP][PASSED] - try: Window with index 1 is closed

2021-10-14 17:29:53 - [TEST_STEP][PASSED] - index = getWindowIndex(): Current window's index is: 1

2021-10-14 17:29:53 - [MESSAGE][INFO] - Getting current window's index

2021-10-14 17:29:53 - [MESSAGE][PASSED] - Current window's index is: 1

2021-10-14 17:29:53 - [TEST_STEP][PASSED] - closeWindowIndex(index): Window with index 1 is closed

2021-10-14 17:29:53 - [MESSAGE][INFO] - Checking index

2021-10-14 17:29:53 - [MESSAGE][INFO] - Closing window with index 1

2021-10-14 17:29:53 - [MESSAGE][PASSED] - Window with index 1 is closed

2021-10-14 17:29:53 - [TEST_STEP][PASSED] - switchToWindowIndex(0): Switched to window with index: '0'

2021-10-14 17:29:53 - [MESSAGE][INFO] - Checking index

2021-10-14 17:29:53 - [MESSAGE][INFO] - Switching window with index: '0'

2021-10-14 17:29:53 - [MESSAGE][PASSED] - Switched to window with index: '0'

2021-10-14 17:29:53 - [MESSAGE][PASSED] - Call Test Case 'Test Cases/Sekmeler/Ana_Sekmeye_Gec' successfully

2021-10-14 17:29:53 - [MESSAGE][INFO] - Checking called Test Case

2021-10-14 17:29:53 - [MESSAGE][INFO] - Starting to call Test Case 'Test Cases/Kullanici_Islemleri/KullaniciIslemlerindenSecimYapilir'

2021-10-14 17:29:53 - [TEST_CASE][PASSED] - Test Cases/Kullanici_Islemleri/KullaniciIslemlerindenSecimYapilir: Test Cases/Kullanici_Islemleri/KullaniciIslemlerindenSecimYapilir

2021-10-14 17:29:53 - [TEST_STEP][PASSED] - waitForElementClickable(findTestObject("Object Repository/Kullanici_Islemleri/KullaniciIslemleri"), 10): Object 'Object Repository/Kullanici_Islemleri/KullaniciIslemleri' is clickable

2021-10-14 17:29:53 - [MESSAGE][INFO] - Finding Test Object 'Object Repository/Kullanici_Islemleri/KullaniciIslemleri'

2021-10-14 17:29:54 - [MESSAGE][INFO] - Checking object

2021-10-14 17:29:54 - [MESSAGE][INFO] - Checking timeout

2021-10-14 17:29:54 - [MESSAGE][INFO] - Finding web element from Test Object's properties

2021-10-14 17:29:54 - [MESSAGE][INFO] - Checking timeout

2021-10-14 17:29:54 - [MESSAGE][INFO] - Finding web element with id: 'Object Repository/Kullanici_Islemleri/KullaniciIslemleri' located by 'By.cssSelector: .dropdown>a>img' in '10' second(s)

2021-10-14 17:29:54 - [MESSAGE][INFO] - Smart Wait Function is triggered

2021-10-14 17:29:54 - [MESSAGE][INFO] - Found 1 web elements with id: 'Object Repository/Kullanici_Islemleri/KullaniciIslemleri' located by 'By.cssSelector: .dropdown>a>img' in '10' second(s)

2021-10-14 17:29:54 - [MESSAGE][PASSED] - Object 'Object Repository/Kullanici_Islemleri/KullaniciIslemleri' is clickable

2021-10-14 17:29:54 - [TEST_STEP][PASSED] - click(findTestObject("Object Repository/Kullanici_Islemleri/KullaniciIslemleri")): Object: 'Object Repository/Kullanici_Islemleri/KullaniciIslemleri' is clicked on

2021-10-14 17:29:54 - [MESSAGE][INFO] - Finding Test Object 'Object Repository/Kullanici_Islemleri/KullaniciIslemleri'

2021-10-14 17:29:54 - [MESSAGE][INFO] - Checking object

2021-10-14 17:29:54 - [MESSAGE][INFO] - Finding web element from Test Object's properties

2021-10-14 17:29:54 - [MESSAGE][INFO] - Checking timeout

2021-10-14 17:29:54 - [MESSAGE][INFO] - Finding web element with id: 'Object Repository/Kullanici_Islemleri/KullaniciIslemleri' located by 'By.cssSelector: .dropdown>a>img' in '30' second(s)

2021-10-14 17:29:54 - [MESSAGE][INFO] - Smart Wait Function is triggered

2021-10-14 17:29:54 - [MESSAGE][INFO] - Found 1 web elements with id: 'Object Repository/Kullanici_Islemleri/KullaniciIslemleri' located by 'By.cssSelector: .dropdown>a>img' in '30' second(s)

2021-10-14 17:29:54 - [MESSAGE][INFO] - Clicking on object: 'Object Repository/Kullanici_Islemleri/KullaniciIslemleri'

2021-10-14 17:29:54 - [MESSAGE][PASSED] - Object: 'Object Repository/Kullanici_Islemleri/KullaniciIslemleri' is clicked on

2021-10-14 17:29:54 - [TEST_STEP][PASSED] - Method.TextDegerineEsitElementeTikla(findTestObject("Object Repository/Kullanici_Islemleri/Secenekler"), Islem): Method.TextDegerineEsitElementeTikla is PASSED

2021-10-14 17:29:54 - [MESSAGE][INFO] - Finding Test Object 'Object Repository/Kullanici_Islemleri/Secenekler'

2021-10-14 17:29:54 - [MESSAGE][INFO] - Checking timeout

2021-10-14 17:29:54 - [MESSAGE][INFO] - Finding web element with id: 'Object Repository/Kullanici_Islemleri/Secenekler' located by 'By.cssSelector: .nav.navbar-nav.navbar-right li a' in '10' second(s)

2021-10-14 17:29:54 - [MESSAGE][INFO] - Smart Wait Function is triggered

2021-10-14 17:29:55 - [MESSAGE][INFO] - Found 22 web elements with id: 'Object Repository/Kullanici_Islemleri/Secenekler' located by 'By.cssSelector: .nav.navbar-nav.navbar-right li a' in '10' second(s)

2021-10-14 17:29:56 - [MESSAGE][PASSED] - Method.TextDegerineEsitElementeTikla is PASSED

2021-10-14 17:29:56 - [TEST_STEP][PASSED] - verifyElementNotPresent(findTestObject("Object Repository/Kullanici_Islemleri/Secenekler"), 10): Web element with id: 'Object Repository/Kullanici_Islemleri/Secenekler' located by 'By.cssSelector: .nav.navbar-nav.navbar-right li a' is not present after '10' second(s)

2021-10-14 17:29:56 - [MESSAGE][INFO] - Finding Test Object 'Object Repository/Kullanici_Islemleri/Secenekler'

2021-10-14 17:29:56 - [MESSAGE][INFO] - Checking object

2021-10-14 17:29:56 - [MESSAGE][INFO] - Checking timeout

2021-10-14 17:29:56 - [MESSAGE][INFO] - Finding web element with id: 'Object Repository/Kullanici_Islemleri/Secenekler' located by 'By.cssSelector: .nav.navbar-nav.navbar-right li a' in '10' second(s)

2021-10-14 17:29:56 - [MESSAGE][INFO] - Smart Wait Function is triggered

2021-10-14 17:29:57 - [MESSAGE][PASSED] - Web element with id: 'Object Repository/Kullanici_Islemleri/Secenekler' located by 'By.cssSelector: .nav.navbar-nav.navbar-right li a' is not present after '10' second(s)

2021-10-14 17:29:57 - [MESSAGE][PASSED] - Call Test Case 'Test Cases/Kullanici_Islemleri/KullaniciIslemlerindenSecimYapilir' successfully

2021-10-14 17:29:57 - [TEST_CASE][PASSED] - Start Test Case : SCENARIO Uygulama Yaniti Fatura: SCENARIO Uygulama Yaniti Fatura

2021-10-14 17:29:57 - [TEST_STEP][PASSED] - Kullanıcı adı ELOGO6 ve Şifre 123456 olarak giriş yapılır: Kullanıcı adı ELOGO6 ve Şifre 123456 olarak giriş yapılır

2021-10-14 17:29:57 - [MESSAGE][PASSED] - Kullanıcı adı ELOGO6 ve Şifre 123456 olarak giriş yapılır

2021-10-14 17:29:57 - [TEST_STEP][PASSED] - Ana menüden e-Fatura seçilir: Ana menüden e-Fatura seçilir

2021-10-14 17:29:57 - [MESSAGE][PASSED] - Ana menüden e-Fatura seçilir

2021-10-14 17:29:57 - [TEST_STEP][PASSED] - Alt menü Giden Kutusu başlığı altındaki Uygulama Yanıtları seçilir: Alt menü Giden Kutusu başlığı altındaki Uygulama Yanıtları seçilir

2021-10-14 17:29:57 - [MESSAGE][PASSED] - Alt menü Giden Kutusu başlığı altındaki Uygulama Yanıtları seçilir

2021-10-14 17:29:57 - [TEST_STEP][PASSED] - Filtrelerden Oluşturma Tarihi filtresine 01.12.2020 baslangic degerini yaz: Filtrelerden Oluşturma Tarihi filtresine 01.12.2020 baslangic degerini yaz

2021-10-14 17:29:57 - [MESSAGE][PASSED] - Filtrelerden Oluşturma Tarihi filtresine 01.12.2020 baslangic degerini yaz

2021-10-14 17:29:57 - [TEST_STEP][PASSED] - Filtrelerden Oluşturma Tarihi filtresine 31.12.2020 bitis degerini yaz: Filtrelerden Oluşturma Tarihi filtresine 31.12.2020 bitis degerini yaz

2021-10-14 17:29:57 - [MESSAGE][PASSED] - Filtrelerden Oluşturma Tarihi filtresine 31.12.2020 bitis degerini yaz

2021-10-14 17:29:57 - [TEST_STEP][PASSED] - Filtre butonlarından Listele seçilir: Filtre butonlarından Listele seçilir

2021-10-14 17:29:57 - [MESSAGE][PASSED] - Filtre butonlarından Listele seçilir

2021-10-14 17:29:57 - [TEST_STEP][PASSED] - Tabloda veri var mı kontrol edilir: Tabloda veri var mı kontrol edilir

2021-10-14 17:29:57 - [MESSAGE][PASSED] - Tabloda veri var mı kontrol edilir

2021-10-14 17:29:57 - [TEST_STEP][PASSED] - Tablodan 1234567806 isimli veri seçilir: Tablodan 1234567806 isimli veri seçilir

2021-10-14 17:29:57 - [MESSAGE][PASSED] - Tablodan 1234567806 isimli veri seçilir

2021-10-14 17:29:57 - [TEST_STEP][PASSED] - Butonlardan Fatura isimli butona tıklanır: Butonlardan Fatura isimli butona tıklanır

2021-10-14 17:29:57 - [MESSAGE][PASSED] - Butonlardan Fatura isimli butona tıklanır

2021-10-14 17:29:57 - [TEST_STEP][PASSED] - Yeni açılan sekmeye geçilir: Yeni açılan sekmeye geçilir

2021-10-14 17:29:57 - [MESSAGE][PASSED] - Yeni açılan sekmeye geçilir

2021-10-14 17:29:57 - [TEST_STEP][PASSED] - Yeni sekme başlığında e-FATURA var mı kontrol edilir: Yeni sekme başlığında e-FATURA var mı kontrol edilir

2021-10-14 17:29:57 - [MESSAGE][PASSED] - Yeni sekme başlığında e-FATURA var mı kontrol edilir

2021-10-14 17:29:57 - [TEST_STEP][PASSED] - Ana sekmeye geçilir: Ana sekmeye geçilir

2021-10-14 17:29:57 - [MESSAGE][PASSED] - Ana sekmeye geçilir

2021-10-14 17:29:57 - [TEST_STEP][PASSED] - Kullanıcı işlemlerinden Çıkış seçilir: Kullanıcı işlemlerinden Çıkış seçilir

2021-10-14 17:29:57 - [MESSAGE][PASSED] - Kullanıcı işlemlerinden Çıkış seçilir

2021-10-14 17:29:57 - [MESSAGE][PASSED] - Feature file: 'Include/features/e-Fatura/Giden Kutusu/Uygulama Yanıtlari/Fatura.feature' was passed

2021-10-14 17:29:57 - [TEST_STEP][PASSED] - Start listener action : sampleAfterTestSuite: Invoke 'com.kms.katalon.core.annotation.AfterTestCase' method: 'Listener.sampleAfterTestSuite(...)' completed.

2021-10-14 17:29:57 - [MESSAGE][INFO] - Starting invoke 'com.kms.katalon.core.annotation.AfterTestCase' method: 'Listener.sampleAfterTestSuite(...)'

2021-10-14 17:29:57 - [TEST_STEP][PASSED] - closeBrowser(): Invoke 'com.kms.katalon.core.annotation.AfterTestCase' method: 'Listener.sampleAfterTestSuite(...)' completed.

2021-10-14 17:29:57 - [MESSAGE][INFO] - Closing browser

2021-10-14 17:29:57 - [MESSAGE][PASSED] - Browser is closed

2021-10-14 17:29:57 - [MESSAGE][INFO] - Invoke 'com.kms.katalon.core.annotation.AfterTestCase' method: 'Listener.sampleAfterTestSuite(...)' completed.]]></system-out>
         <system-err><![CDATA[]]></system-err>
      </testcase>
      <testcase name="Test Cases/Case Repository/e-Fatura/Giden Kutusu/Uygulama Yanitlari/Gorseli Ac" time="33.469" classname="Test Cases/Case Repository/e-Fatura/Giden Kutusu/Uygulama Yanitlari/Gorseli Ac" status="PASSED">
         <system-out><![CDATA[2021-10-14 17:29:57 - [TEST_CASE][PASSED] - Test Cases/Case Repository/e-Fatura/Giden Kutusu/Uygulama Yanitlari/Gorseli Ac: Test Cases/Case Repository/e-Fatura/Giden Kutusu/Uygulama Yanitlari/Gorseli Ac

2021-10-14 17:29:57 - [TEST_STEP][PASSED] - Start listener action : sampleBeforeTestSuite: Invoke 'com.kms.katalon.core.annotation.BeforeTestCase' method: 'Listener.sampleBeforeTestSuite(...)' completed.

2021-10-14 17:29:57 - [MESSAGE][INFO] - Starting invoke 'com.kms.katalon.core.annotation.BeforeTestCase' method: 'Listener.sampleBeforeTestSuite(...)'

2021-10-14 17:29:57 - [TEST_STEP][PASSED] - openBrowser(baseUrl): Browser is opened with url: 'https://efatura-stage.elogo.com.tr/'

2021-10-14 17:29:57 - [MESSAGE][INFO] - Opening browser

2021-10-14 17:29:57 - [MESSAGE][INFO] - Starting 'Chrome' driver

2021-10-14 17:29:57 - [MESSAGE][INFO] - User set preference: ['prefs', '{download.default_directory=C:\otomasyondownfiles}']

2021-10-14 17:29:57 - [MESSAGE][INFO] - Action delay is set to 0 milliseconds

2021-10-14 17:29:59 - [MESSAGE][INFO] - Navigating browser to: 'https://efatura-stage.elogo.com.tr/'

2021-10-14 17:30:01 - [MESSAGE][PASSED] - Browser is opened with url: 'https://efatura-stage.elogo.com.tr/'

2021-10-14 17:30:01 - [TEST_STEP][PASSED] - maximizeWindow(): Invoke 'com.kms.katalon.core.annotation.BeforeTestCase' method: 'Listener.sampleBeforeTestSuite(...)' completed.

2021-10-14 17:30:01 - [MESSAGE][INFO] - Maximizing current window

2021-10-14 17:30:01 - [MESSAGE][PASSED] - Current window maximized

2021-10-14 17:30:01 - [MESSAGE][INFO] - Invoke 'com.kms.katalon.core.annotation.BeforeTestCase' method: 'Listener.sampleBeforeTestSuite(...)' completed.

2021-10-14 17:30:02 - [TEST_STEP][PASSED] - runFeatureFile("Include/features/e-Fatura/Giden Kutusu/Uygulama Yanıtlari/Gorseli Ac.feature"): Feature file: 'Include/features/e-Fatura/Giden Kutusu/Uygulama Yanıtlari/Gorseli Ac.feature' was passed

2021-10-14 17:30:02 - [MESSAGE][INFO] - Starting run keyword runFeatureFile: 'Include/features/e-Fatura/Giden Kutusu/Uygulama Yanıtlari/Gorseli Ac.feature' and extract report to folder: 'C:\Users\DELL\Downloads\EES_Katalon-main\Reports\20211014_170112\Suite Repository\e-Fatura\20211014_170113/cucumber_report/1634221802568'...

2021-10-14 17:30:02 - [MESSAGE][INFO] - Glue: []

2021-10-14 17:30:03 - [MESSAGE][INFO] - Checking called Test Case

2021-10-14 17:30:03 - [MESSAGE][INFO] - Starting to call Test Case 'Test Cases/Sayfalar/Giris_Sayfasi/Login'

2021-10-14 17:30:03 - [TEST_CASE][PASSED] - Test Cases/Sayfalar/Giris_Sayfasi/Login: Test Cases/Sayfalar/Giris_Sayfasi/Login

2021-10-14 17:30:03 - [TEST_STEP][PASSED] - Sayfa_Basligi = getWindowTitle(): Current window's title is: 'LOGO e-Fatura'

2021-10-14 17:30:03 - [MESSAGE][INFO] - Getting current window's title

2021-10-14 17:30:03 - [MESSAGE][PASSED] - Current window's title is: 'LOGO e-Fatura'

2021-10-14 17:30:03 - [TEST_STEP][PASSED] - verifyMatch(Sayfa_Basligi, "LOGO e-Fatura", false): Actual text 'LOGO e-Fatura' and expected text 'LOGO e-Fatura' are matched 

2021-10-14 17:30:03 - [MESSAGE][INFO] - Matching actual text 'LOGO e-Fatura' with expected text 'LOGO e-Fatura'

2021-10-14 17:30:03 - [MESSAGE][PASSED] - Actual text 'LOGO e-Fatura' and expected text 'LOGO e-Fatura' are matched 

2021-10-14 17:30:03 - [TEST_STEP][PASSED] - sendKeys(findTestObject("Sayfalar/Giris_Sayfasi/Firma_Kodu"), KullaniciAdi): Keys 'ELOGO6' sent to object: 'Object Repository/Sayfalar/Giris_Sayfasi/Firma_Kodu'

2021-10-14 17:30:03 - [MESSAGE][INFO] - Finding Test Object 'Object Repository/Sayfalar/Giris_Sayfasi/Firma_Kodu'

2021-10-14 17:30:03 - [MESSAGE][INFO] - Sending keys 'ELOGO6' to object: 'Object Repository/Sayfalar/Giris_Sayfasi/Firma_Kodu'

2021-10-14 17:30:03 - [MESSAGE][INFO] - Finding web element from Test Object's properties

2021-10-14 17:30:03 - [MESSAGE][INFO] - Checking timeout

2021-10-14 17:30:03 - [MESSAGE][INFO] - Finding web element with id: 'Object Repository/Sayfalar/Giris_Sayfasi/Firma_Kodu' located by 'By.xpath: //*[@id = 'AccountName']' in '30' second(s)

2021-10-14 17:30:03 - [MESSAGE][INFO] - Smart Wait Function is triggered

2021-10-14 17:30:03 - [MESSAGE][INFO] - Found 1 web elements with id: 'Object Repository/Sayfalar/Giris_Sayfasi/Firma_Kodu' located by 'By.xpath: //*[@id = 'AccountName']' in '30' second(s)

2021-10-14 17:30:04 - [MESSAGE][PASSED] - Keys 'ELOGO6' sent to object: 'Object Repository/Sayfalar/Giris_Sayfasi/Firma_Kodu'

2021-10-14 17:30:04 - [TEST_STEP][PASSED] - sendKeys(findTestObject("Sayfalar/Giris_Sayfasi/Sifre"), Sifre): Keys '123456' sent to object: 'Object Repository/Sayfalar/Giris_Sayfasi/Sifre'

2021-10-14 17:30:04 - [MESSAGE][INFO] - Finding Test Object 'Object Repository/Sayfalar/Giris_Sayfasi/Sifre'

2021-10-14 17:30:04 - [MESSAGE][INFO] - Sending keys '123456' to object: 'Object Repository/Sayfalar/Giris_Sayfasi/Sifre'

2021-10-14 17:30:04 - [MESSAGE][INFO] - Finding web element from Test Object's properties

2021-10-14 17:30:04 - [MESSAGE][INFO] - Checking timeout

2021-10-14 17:30:04 - [MESSAGE][INFO] - Finding web element with id: 'Object Repository/Sayfalar/Giris_Sayfasi/Sifre' located by 'By.xpath: //*[@id = 'Password']' in '30' second(s)

2021-10-14 17:30:04 - [MESSAGE][INFO] - Smart Wait Function is triggered

2021-10-14 17:30:04 - [MESSAGE][INFO] - Found 1 web elements with id: 'Object Repository/Sayfalar/Giris_Sayfasi/Sifre' located by 'By.xpath: //*[@id = 'Password']' in '30' second(s)

2021-10-14 17:30:04 - [MESSAGE][PASSED] - Keys '123456' sent to object: 'Object Repository/Sayfalar/Giris_Sayfasi/Sifre'

2021-10-14 17:30:04 - [TEST_STEP][PASSED] - findWebElement(findTestObject("Sayfalar/Giris_Sayfasi/Giris_Butonu")).click(): Found 1 web elements with id: 'Object Repository/Sayfalar/Giris_Sayfasi/Giris_Butonu' located by 'By.cssSelector: #btnLogin' in '30' second(s)

2021-10-14 17:30:04 - [MESSAGE][INFO] - Finding Test Object 'Object Repository/Sayfalar/Giris_Sayfasi/Giris_Butonu'

2021-10-14 17:30:04 - [MESSAGE][INFO] - Finding web element from Test Object's properties

2021-10-14 17:30:04 - [MESSAGE][INFO] - Checking timeout

2021-10-14 17:30:04 - [MESSAGE][INFO] - Finding web element with id: 'Object Repository/Sayfalar/Giris_Sayfasi/Giris_Butonu' located by 'By.cssSelector: #btnLogin' in '30' second(s)

2021-10-14 17:30:04 - [MESSAGE][INFO] - Smart Wait Function is triggered

2021-10-14 17:30:05 - [MESSAGE][INFO] - Found 1 web elements with id: 'Object Repository/Sayfalar/Giris_Sayfasi/Giris_Butonu' located by 'By.cssSelector: #btnLogin' in '30' second(s)

2021-10-14 17:30:07 - [TEST_STEP][PASSED] - if (verifyElementPresent(findTestObject("Object Repository/Sayfalar/Giris_Sayfasi/RetveTamam_Butonu"), 5, OPTIONAL)): null

2021-10-14 17:30:07 - [MESSAGE][INFO] - Finding Test Object 'Object Repository/Sayfalar/Giris_Sayfasi/RetveTamam_Butonu'

2021-10-14 17:30:08 - [MESSAGE][INFO] - Checking object

2021-10-14 17:30:08 - [MESSAGE][INFO] - Finding web element from Test Object's properties

2021-10-14 17:30:08 - [MESSAGE][INFO] - Checking timeout

2021-10-14 17:30:08 - [MESSAGE][INFO] - Finding web element with id: 'Object Repository/Sayfalar/Giris_Sayfasi/RetveTamam_Butonu' located by 'By.xpath: //*[@class = 'btn btn-default']' in '5' second(s)

2021-10-14 17:30:08 - [MESSAGE][INFO] - Smart Wait Function is triggered

2021-10-14 17:30:08 - [MESSAGE][INFO] - Found 1 web elements with id: 'Object Repository/Sayfalar/Giris_Sayfasi/RetveTamam_Butonu' located by 'By.xpath: //*[@class = 'btn btn-default']' in '5' second(s)

2021-10-14 17:30:08 - [MESSAGE][PASSED] - Object 'Object Repository/Sayfalar/Giris_Sayfasi/RetveTamam_Butonu' is present

2021-10-14 17:30:08 - [TEST_STEP][PASSED] - click(findTestObject("Object Repository/Sayfalar/Giris_Sayfasi/RetveTamam_Butonu")): Object: 'Object Repository/Sayfalar/Giris_Sayfasi/RetveTamam_Butonu' is clicked on

2021-10-14 17:30:08 - [MESSAGE][INFO] - Finding Test Object 'Object Repository/Sayfalar/Giris_Sayfasi/RetveTamam_Butonu'

2021-10-14 17:30:08 - [MESSAGE][INFO] - Checking object

2021-10-14 17:30:08 - [MESSAGE][INFO] - Finding web element from Test Object's properties

2021-10-14 17:30:08 - [MESSAGE][INFO] - Checking timeout

2021-10-14 17:30:08 - [MESSAGE][INFO] - Finding web element with id: 'Object Repository/Sayfalar/Giris_Sayfasi/RetveTamam_Butonu' located by 'By.xpath: //*[@class = 'btn btn-default']' in '30' second(s)

2021-10-14 17:30:08 - [MESSAGE][INFO] - Smart Wait Function is triggered

2021-10-14 17:30:08 - [MESSAGE][INFO] - Found 1 web elements with id: 'Object Repository/Sayfalar/Giris_Sayfasi/RetveTamam_Butonu' located by 'By.xpath: //*[@class = 'btn btn-default']' in '30' second(s)

2021-10-14 17:30:08 - [MESSAGE][INFO] - Clicking on object: 'Object Repository/Sayfalar/Giris_Sayfasi/RetveTamam_Butonu'

2021-10-14 17:30:08 - [MESSAGE][PASSED] - Object: 'Object Repository/Sayfalar/Giris_Sayfasi/RetveTamam_Butonu' is clicked on

2021-10-14 17:30:08 - [TEST_STEP][PASSED] - click(findTestObject("Object Repository/Sayfalar/Giris_Sayfasi/RetveTamam_Butonu")): Object: 'Object Repository/Sayfalar/Giris_Sayfasi/RetveTamam_Butonu' is clicked on

2021-10-14 17:30:08 - [MESSAGE][INFO] - Finding Test Object 'Object Repository/Sayfalar/Giris_Sayfasi/RetveTamam_Butonu'

2021-10-14 17:30:08 - [MESSAGE][INFO] - Checking object

2021-10-14 17:30:08 - [MESSAGE][INFO] - Finding web element from Test Object's properties

2021-10-14 17:30:08 - [MESSAGE][INFO] - Checking timeout

2021-10-14 17:30:08 - [MESSAGE][INFO] - Finding web element with id: 'Object Repository/Sayfalar/Giris_Sayfasi/RetveTamam_Butonu' located by 'By.xpath: //*[@class = 'btn btn-default']' in '30' second(s)

2021-10-14 17:30:08 - [MESSAGE][INFO] - Smart Wait Function is triggered

2021-10-14 17:30:12 - [MESSAGE][INFO] - Found 1 web elements with id: 'Object Repository/Sayfalar/Giris_Sayfasi/RetveTamam_Butonu' located by 'By.xpath: //*[@class = 'btn btn-default']' in '30' second(s)

2021-10-14 17:30:12 - [MESSAGE][INFO] - Clicking on object: 'Object Repository/Sayfalar/Giris_Sayfasi/RetveTamam_Butonu'

2021-10-14 17:30:12 - [MESSAGE][PASSED] - Object: 'Object Repository/Sayfalar/Giris_Sayfasi/RetveTamam_Butonu' is clicked on

2021-10-14 17:30:12 - [TEST_STEP][PASSED] - if (verifyElementPresent(findTestObject("Sayfalar/Giris_Sayfasi/PopupOK"), 5, OPTIONAL)): null

2021-10-14 17:30:12 - [MESSAGE][INFO] - Finding Test Object 'Object Repository/Sayfalar/Giris_Sayfasi/PopupOK'

2021-10-14 17:30:12 - [MESSAGE][INFO] - Checking object

2021-10-14 17:30:12 - [MESSAGE][INFO] - Finding web element from Test Object's properties

2021-10-14 17:30:12 - [MESSAGE][INFO] - Checking timeout

2021-10-14 17:30:12 - [MESSAGE][INFO] - Finding web element with id: 'Object Repository/Sayfalar/Giris_Sayfasi/PopupOK' located by 'By.cssSelector: .btn.btn-success' in '5' second(s)

2021-10-14 17:30:12 - [MESSAGE][INFO] - Smart Wait Function is triggered

2021-10-14 17:30:12 - [MESSAGE][INFO] - Found 1 web elements with id: 'Object Repository/Sayfalar/Giris_Sayfasi/PopupOK' located by 'By.cssSelector: .btn.btn-success' in '5' second(s)

2021-10-14 17:30:12 - [MESSAGE][PASSED] - Object 'Object Repository/Sayfalar/Giris_Sayfasi/PopupOK' is present

2021-10-14 17:30:12 - [TEST_STEP][PASSED] - click(findTestObject("Object Repository/Sayfalar/Giris_Sayfasi/PopupCarpiGiris")): Object: 'Object Repository/Sayfalar/Giris_Sayfasi/PopupCarpiGiris' is clicked on

2021-10-14 17:30:12 - [MESSAGE][INFO] - Finding Test Object 'Object Repository/Sayfalar/Giris_Sayfasi/PopupCarpiGiris'

2021-10-14 17:30:12 - [MESSAGE][INFO] - Checking object

2021-10-14 17:30:12 - [MESSAGE][INFO] - Finding web element from Test Object's properties

2021-10-14 17:30:12 - [MESSAGE][INFO] - Checking timeout

2021-10-14 17:30:12 - [MESSAGE][INFO] - Finding web element with id: 'Object Repository/Sayfalar/Giris_Sayfasi/PopupCarpiGiris' located by 'By.cssSelector: .bootbox-close-button.close' in '30' second(s)

2021-10-14 17:30:12 - [MESSAGE][INFO] - Smart Wait Function is triggered

2021-10-14 17:30:13 - [MESSAGE][INFO] - Found 1 web elements with id: 'Object Repository/Sayfalar/Giris_Sayfasi/PopupCarpiGiris' located by 'By.cssSelector: .bootbox-close-button.close' in '30' second(s)

2021-10-14 17:30:13 - [MESSAGE][INFO] - Clicking on object: 'Object Repository/Sayfalar/Giris_Sayfasi/PopupCarpiGiris'

2021-10-14 17:30:13 - [MESSAGE][PASSED] - Object: 'Object Repository/Sayfalar/Giris_Sayfasi/PopupCarpiGiris' is clicked on

2021-10-14 17:30:13 - [TEST_STEP][PASSED] - verifyElementVisible(findTestObject("Object Repository/Kullanici_Islemleri/KullaniciIslemleri")): Object 'Object Repository/Kullanici_Islemleri/KullaniciIslemleri' is visible

2021-10-14 17:30:13 - [MESSAGE][INFO] - Finding Test Object 'Object Repository/Kullanici_Islemleri/KullaniciIslemleri'

2021-10-14 17:30:13 - [MESSAGE][INFO] - Checking object

2021-10-14 17:30:13 - [MESSAGE][INFO] - Finding web element from Test Object's properties

2021-10-14 17:30:13 - [MESSAGE][INFO] - Checking timeout

2021-10-14 17:30:13 - [MESSAGE][INFO] - Finding web element with id: 'Object Repository/Kullanici_Islemleri/KullaniciIslemleri' located by 'By.cssSelector: .dropdown>a>img' in '30' second(s)

2021-10-14 17:30:13 - [MESSAGE][INFO] - Smart Wait Function is triggered

2021-10-14 17:30:14 - [MESSAGE][INFO] - Found 1 web elements with id: 'Object Repository/Kullanici_Islemleri/KullaniciIslemleri' located by 'By.cssSelector: .dropdown>a>img' in '30' second(s)

2021-10-14 17:30:14 - [MESSAGE][PASSED] - Object 'Object Repository/Kullanici_Islemleri/KullaniciIslemleri' is visible

2021-10-14 17:30:14 - [MESSAGE][PASSED] - Call Test Case 'Test Cases/Sayfalar/Giris_Sayfasi/Login' successfully

2021-10-14 17:30:14 - [MESSAGE][INFO] - Checking called Test Case

2021-10-14 17:30:14 - [MESSAGE][INFO] - Starting to call Test Case 'Test Cases/Menu/AnaMenuSecimi'

2021-10-14 17:30:14 - [TEST_CASE][PASSED] - Test Cases/Menu/AnaMenuSecimi: Test Cases/Menu/AnaMenuSecimi

2021-10-14 17:30:14 - [TEST_STEP][PASSED] - Method.TextDegerineEsitElementeTikla(findTestObject("Menu/Ana_Menu"), Ana_Menu): Method.TextDegerineEsitElementeTikla is PASSED

2021-10-14 17:30:14 - [MESSAGE][INFO] - Finding Test Object 'Object Repository/Menu/Ana_Menu'

2021-10-14 17:30:14 - [MESSAGE][INFO] - Checking timeout

2021-10-14 17:30:14 - [MESSAGE][INFO] - Finding web element with id: 'Object Repository/Menu/Ana_Menu' located by 'By.xpath: //*[@class = 'dropdown-toggle']' in '10' second(s)

2021-10-14 17:30:14 - [MESSAGE][INFO] - Smart Wait Function is triggered

2021-10-14 17:30:14 - [MESSAGE][INFO] - Found 14 web elements with id: 'Object Repository/Menu/Ana_Menu' located by 'By.xpath: //*[@class = 'dropdown-toggle']' in '10' second(s)

2021-10-14 17:30:14 - [MESSAGE][PASSED] - Method.TextDegerineEsitElementeTikla is PASSED

2021-10-14 17:30:14 - [MESSAGE][PASSED] - Call Test Case 'Test Cases/Menu/AnaMenuSecimi' successfully

2021-10-14 17:30:14 - [MESSAGE][INFO] - Checking called Test Case

2021-10-14 17:30:14 - [MESSAGE][INFO] - Starting to call Test Case 'Test Cases/Menu/BasligaGoreAltMenuSecimi'

2021-10-14 17:30:15 - [TEST_CASE][PASSED] - Test Cases/Menu/BasligaGoreAltMenuSecimi: Test Cases/Menu/BasligaGoreAltMenuSecimi

2021-10-14 17:30:15 - [TEST_STEP][PASSED] - Method.TextDegerineEsitElementinAltindakiTextDegerineEsitOlanaTikla(findTestObject("Menu/Menu_Basligi"), findTestObject("Menu/Basliga_Gore_Alt_Menu"), Baslik, Alt_Menu): Method.TextDegerineEsitElementinAltindakiTextDegerineEsitOlanaTikla is PASSED

2021-10-14 17:30:15 - [MESSAGE][INFO] - Finding Test Object 'Object Repository/Menu/Menu_Basligi'

2021-10-14 17:30:15 - [MESSAGE][INFO] - Finding Test Object 'Object Repository/Menu/Basliga_Gore_Alt_Menu'

2021-10-14 17:30:15 - [MESSAGE][INFO] - Checking timeout

2021-10-14 17:30:15 - [MESSAGE][INFO] - Finding web element with id: 'Object Repository/Menu/Menu_Basligi' located by 'By.xpath: //li[@class='dropdown dropdown-large open']//li[@class='dropdown-header']' in '10' second(s)

2021-10-14 17:30:15 - [MESSAGE][INFO] - Smart Wait Function is triggered

2021-10-14 17:30:15 - [MESSAGE][INFO] - Found 3 web elements with id: 'Object Repository/Menu/Menu_Basligi' located by 'By.xpath: //li[@class='dropdown dropdown-large open']//li[@class='dropdown-header']' in '10' second(s)

2021-10-14 17:30:15 - [MESSAGE][INFO] - Smart Wait Function is triggered

2021-10-14 17:30:19 - [MESSAGE][PASSED] - Method.TextDegerineEsitElementinAltindakiTextDegerineEsitOlanaTikla is PASSED

2021-10-14 17:30:19 - [MESSAGE][PASSED] - Call Test Case 'Test Cases/Menu/BasligaGoreAltMenuSecimi' successfully

2021-10-14 17:30:19 - [MESSAGE][INFO] - Checking called Test Case

2021-10-14 17:30:19 - [MESSAGE][INFO] - Starting to call Test Case 'Test Cases/Filtreler/BaslangicYaz'

2021-10-14 17:30:19 - [TEST_CASE][PASSED] - Test Cases/Filtreler/BaslangicYaz: Test Cases/Filtreler/BaslangicYaz

2021-10-14 17:30:19 - [TEST_STEP][PASSED] - Method.TextDegerineEsitElementinAltindakineTikla(findTestObject("Filtreler/Basliklar"), findTestObject("Filtreler/Basliga_Gore_Baslangic_Image"), Filtre_Adi): Method.TextDegerineEsitElementinAltindakineTikla is PASSED

2021-10-14 17:30:19 - [MESSAGE][INFO] - Finding Test Object 'Object Repository/Filtreler/Basliklar'

2021-10-14 17:30:19 - [MESSAGE][INFO] - Finding Test Object 'Object Repository/Filtreler/Basliga_Gore_Baslangic_Image'

2021-10-14 17:30:19 - [MESSAGE][INFO] - Checking timeout

2021-10-14 17:30:19 - [MESSAGE][INFO] - Finding web element with id: 'Object Repository/Filtreler/Basliklar' located by 'By.cssSelector: .control-label.col-sm-4.paddingMarginRLC' in '10' second(s)

2021-10-14 17:30:19 - [MESSAGE][INFO] - Smart Wait Function is triggered

2021-10-14 17:30:19 - [MESSAGE][INFO] - Found 13 web elements with id: 'Object Repository/Filtreler/Basliklar' located by 'By.cssSelector: .control-label.col-sm-4.paddingMarginRLC' in '10' second(s)

2021-10-14 17:30:19 - [MESSAGE][INFO] - Smart Wait Function is triggered

2021-10-14 17:30:20 - [MESSAGE][PASSED] - Method.TextDegerineEsitElementinAltindakineTikla is PASSED

2021-10-14 17:30:20 - [TEST_STEP][PASSED] - Method.TextDegerineEsitElementinAltindakiTextboxtaYaz(findTestObject("Filtreler/Basliklar"), findTestObject("Filtreler/Basliga_Gore_Baslangic"), Filtre_Adi, Filtre_Degeri): Method.TextDegerineEsitElementinAltindakiTextboxtaYaz is PASSED

2021-10-14 17:30:20 - [MESSAGE][INFO] - Finding Test Object 'Object Repository/Filtreler/Basliklar'

2021-10-14 17:30:20 - [MESSAGE][INFO] - Finding Test Object 'Object Repository/Filtreler/Basliga_Gore_Baslangic'

2021-10-14 17:30:20 - [MESSAGE][INFO] - Checking timeout

2021-10-14 17:30:20 - [MESSAGE][INFO] - Finding web element with id: 'Object Repository/Filtreler/Basliklar' located by 'By.cssSelector: .control-label.col-sm-4.paddingMarginRLC' in '10' second(s)

2021-10-14 17:30:20 - [MESSAGE][INFO] - Smart Wait Function is triggered

2021-10-14 17:30:20 - [MESSAGE][INFO] - Found 13 web elements with id: 'Object Repository/Filtreler/Basliklar' located by 'By.cssSelector: .control-label.col-sm-4.paddingMarginRLC' in '10' second(s)

2021-10-14 17:30:20 - [MESSAGE][INFO] - Smart Wait Function is triggered

2021-10-14 17:30:21 - [MESSAGE][PASSED] - Method.TextDegerineEsitElementinAltindakiTextboxtaYaz is PASSED

2021-10-14 17:30:21 - [MESSAGE][PASSED] - Call Test Case 'Test Cases/Filtreler/BaslangicYaz' successfully

2021-10-14 17:30:21 - [MESSAGE][INFO] - Checking called Test Case

2021-10-14 17:30:21 - [MESSAGE][INFO] - Starting to call Test Case 'Test Cases/Filtreler/BitisYaz'

2021-10-14 17:30:21 - [TEST_CASE][PASSED] - Test Cases/Filtreler/BitisYaz: Test Cases/Filtreler/BitisYaz

2021-10-14 17:30:21 - [TEST_STEP][PASSED] - Method.TextDegerineEsitElementinAltindakineTikla(findTestObject("Filtreler/Basliklar"), findTestObject("Filtreler/Basliga_Gore_Bitis_Image"), Filtre_Adi): Method.TextDegerineEsitElementinAltindakineTikla is PASSED

2021-10-14 17:30:21 - [MESSAGE][INFO] - Finding Test Object 'Object Repository/Filtreler/Basliklar'

2021-10-14 17:30:21 - [MESSAGE][INFO] - Finding Test Object 'Object Repository/Filtreler/Basliga_Gore_Bitis_Image'

2021-10-14 17:30:21 - [MESSAGE][INFO] - Checking timeout

2021-10-14 17:30:21 - [MESSAGE][INFO] - Finding web element with id: 'Object Repository/Filtreler/Basliklar' located by 'By.cssSelector: .control-label.col-sm-4.paddingMarginRLC' in '10' second(s)

2021-10-14 17:30:21 - [MESSAGE][INFO] - Smart Wait Function is triggered

2021-10-14 17:30:21 - [MESSAGE][INFO] - Found 13 web elements with id: 'Object Repository/Filtreler/Basliklar' located by 'By.cssSelector: .control-label.col-sm-4.paddingMarginRLC' in '10' second(s)

2021-10-14 17:30:22 - [MESSAGE][INFO] - Smart Wait Function is triggered

2021-10-14 17:30:22 - [MESSAGE][PASSED] - Method.TextDegerineEsitElementinAltindakineTikla is PASSED

2021-10-14 17:30:22 - [TEST_STEP][PASSED] - Method.TextDegerineEsitElementinAltindakiTextboxtaYaz(findTestObject("Filtreler/Basliklar"), findTestObject("Object Repository/Filtreler/Basliga_Gore_Bitis"), Filtre_Adi, Filtre_Degeri): Method.TextDegerineEsitElementinAltindakiTextboxtaYaz is PASSED

2021-10-14 17:30:22 - [MESSAGE][INFO] - Finding Test Object 'Object Repository/Filtreler/Basliklar'

2021-10-14 17:30:22 - [MESSAGE][INFO] - Finding Test Object 'Object Repository/Filtreler/Basliga_Gore_Bitis'

2021-10-14 17:30:22 - [MESSAGE][INFO] - Checking timeout

2021-10-14 17:30:22 - [MESSAGE][INFO] - Finding web element with id: 'Object Repository/Filtreler/Basliklar' located by 'By.cssSelector: .control-label.col-sm-4.paddingMarginRLC' in '10' second(s)

2021-10-14 17:30:22 - [MESSAGE][INFO] - Smart Wait Function is triggered

2021-10-14 17:30:23 - [MESSAGE][INFO] - Found 13 web elements with id: 'Object Repository/Filtreler/Basliklar' located by 'By.cssSelector: .control-label.col-sm-4.paddingMarginRLC' in '10' second(s)

2021-10-14 17:30:23 - [MESSAGE][INFO] - Smart Wait Function is triggered

2021-10-14 17:30:23 - [MESSAGE][PASSED] - Method.TextDegerineEsitElementinAltindakiTextboxtaYaz is PASSED

2021-10-14 17:30:23 - [MESSAGE][PASSED] - Call Test Case 'Test Cases/Filtreler/BitisYaz' successfully

2021-10-14 17:30:23 - [MESSAGE][INFO] - Checking called Test Case

2021-10-14 17:30:23 - [MESSAGE][INFO] - Starting to call Test Case 'Test Cases/Filtreler/ButonaTikla'

2021-10-14 17:30:23 - [TEST_CASE][PASSED] - Test Cases/Filtreler/ButonaTikla: Test Cases/Filtreler/ButonaTikla

2021-10-14 17:30:23 - [TEST_STEP][PASSED] - Method.TextDegerineEsitElementeTikla(findTestObject("Filtreler/Butonlar"), Filtre_Buton): Method.TextDegerineEsitElementeTikla is PASSED

2021-10-14 17:30:23 - [MESSAGE][INFO] - Finding Test Object 'Object Repository/Filtreler/Butonlar'

2021-10-14 17:30:23 - [MESSAGE][INFO] - Checking timeout

2021-10-14 17:30:23 - [MESSAGE][INFO] - Finding web element with id: 'Object Repository/Filtreler/Butonlar' located by 'By.cssSelector: .dxb>span' in '10' second(s)

2021-10-14 17:30:23 - [MESSAGE][INFO] - Smart Wait Function is triggered

2021-10-14 17:30:24 - [MESSAGE][INFO] - Found 3 web elements with id: 'Object Repository/Filtreler/Butonlar' located by 'By.cssSelector: .dxb>span' in '10' second(s)

2021-10-14 17:30:24 - [MESSAGE][PASSED] - Method.TextDegerineEsitElementeTikla is PASSED

2021-10-14 17:30:24 - [MESSAGE][PASSED] - Call Test Case 'Test Cases/Filtreler/ButonaTikla' successfully

2021-10-14 17:30:24 - [MESSAGE][INFO] - Checking called Test Case

2021-10-14 17:30:24 - [MESSAGE][INFO] - Starting to call Test Case 'Test Cases/Tablo/TablodaVeriVarMi'

2021-10-14 17:30:24 - [TEST_CASE][PASSED] - Test Cases/Tablo/TablodaVeriVarMi: Test Cases/Tablo/TablodaVeriVarMi

2021-10-14 17:30:24 - [TEST_STEP][PASSED] - verifyTextNotPresent("Görüntülenecek veri yok", true): Text 'Görüntülenecek veri yok' is not present on page using regular expression

2021-10-14 17:30:24 - [MESSAGE][INFO] - Checking text present  using regular expression

2021-10-14 17:30:24 - [MESSAGE][INFO] - Smart Wait Function is triggered

2021-10-14 17:30:25 - [MESSAGE][INFO] - Finding text 'Görüntülenecek veri yok' on page  using regular expression

2021-10-14 17:30:25 - [MESSAGE][PASSED] - Text 'Görüntülenecek veri yok' is not present on page using regular expression

2021-10-14 17:30:25 - [MESSAGE][PASSED] - Call Test Case 'Test Cases/Tablo/TablodaVeriVarMi' successfully

2021-10-14 17:30:25 - [MESSAGE][INFO] - Checking called Test Case

2021-10-14 17:30:25 - [MESSAGE][INFO] - Starting to call Test Case 'Test Cases/Tablo/TablonunButonunaTikla'

2021-10-14 17:30:25 - [TEST_CASE][PASSED] - Test Cases/Tablo/TablonunButonunaTikla: Test Cases/Tablo/TablonunButonunaTikla

2021-10-14 17:30:25 - [TEST_STEP][PASSED] - Method.TextDegerineEsitElementinAltindakiTextDegerineEsitOlanaTikla(findTestObject("Tablo/Veriler"), findTestObject("Tablo/VerininButonu"), Veri, Buton_Adi): Method.TextDegerineEsitElementinAltindakiTextDegerineEsitOlanaTikla is PASSED

2021-10-14 17:30:25 - [MESSAGE][INFO] - Finding Test Object 'Object Repository/Tablo/Veriler'

2021-10-14 17:30:25 - [MESSAGE][INFO] - Finding Test Object 'Object Repository/Tablo/VerininButonu'

2021-10-14 17:30:25 - [MESSAGE][INFO] - Checking timeout

2021-10-14 17:30:25 - [MESSAGE][INFO] - Finding web element with id: 'Object Repository/Tablo/Veriler' located by 'By.cssSelector: td.dxgv b ,td.dxgv' in '10' second(s)

2021-10-14 17:30:25 - [MESSAGE][INFO] - Smart Wait Function is triggered

2021-10-14 17:30:25 - [MESSAGE][INFO] - Found 26 web elements with id: 'Object Repository/Tablo/Veriler' located by 'By.cssSelector: td.dxgv b ,td.dxgv' in '10' second(s)

2021-10-14 17:30:25 - [MESSAGE][INFO] - Smart Wait Function is triggered

2021-10-14 17:30:26 - [MESSAGE][PASSED] - Method.TextDegerineEsitElementinAltindakiTextDegerineEsitOlanaTikla is PASSED

2021-10-14 17:30:26 - [MESSAGE][PASSED] - Call Test Case 'Test Cases/Tablo/TablonunButonunaTikla' successfully

2021-10-14 17:30:26 - [MESSAGE][INFO] - Checking called Test Case

2021-10-14 17:30:26 - [MESSAGE][INFO] - Starting to call Test Case 'Test Cases/Sekmeler/YeniSekmeyeGec'

2021-10-14 17:30:26 - [TEST_CASE][PASSED] - Test Cases/Sekmeler/YeniSekmeyeGec: Test Cases/Sekmeler/YeniSekmeyeGec

2021-10-14 17:30:26 - [TEST_STEP][PASSED] - switchToWindowIndex(1): Switched to window with index: '1'

2021-10-14 17:30:26 - [MESSAGE][INFO] - Checking index

2021-10-14 17:30:26 - [MESSAGE][INFO] - Switching window with index: '1'

2021-10-14 17:30:26 - [MESSAGE][PASSED] - Switched to window with index: '1'

2021-10-14 17:30:26 - [MESSAGE][PASSED] - Call Test Case 'Test Cases/Sekmeler/YeniSekmeyeGec' successfully

2021-10-14 17:30:26 - [MESSAGE][INFO] - Checking called Test Case

2021-10-14 17:30:26 - [MESSAGE][INFO] - Starting to call Test Case 'Test Cases/Sekmeler/YeniSekmeBasligindaVarMi'

2021-10-14 17:30:26 - [TEST_CASE][PASSED] - Test Cases/Sekmeler/YeniSekmeBasligindaVarMi: Test Cases/Sekmeler/YeniSekmeBasligindaVarMi

2021-10-14 17:30:26 - [TEST_STEP][PASSED] - verifyElementText(findTestObject("Object Repository/Sekmeler/Olusturma_Goster_Baslik"), Title): Actual text and expected text of test object 'Object Repository/Sekmeler/Olusturma_Goster_Baslik' are matched.

2021-10-14 17:30:26 - [MESSAGE][INFO] - Finding Test Object 'Object Repository/Sekmeler/Olusturma_Goster_Baslik'

2021-10-14 17:30:26 - [MESSAGE][INFO] - Checking object

2021-10-14 17:30:26 - [MESSAGE][INFO] - Finding web element from Test Object's properties

2021-10-14 17:30:26 - [MESSAGE][INFO] - Checking timeout

2021-10-14 17:30:26 - [MESSAGE][INFO] - Finding web element with id: 'Object Repository/Sekmeler/Olusturma_Goster_Baslik' located by 'By.cssSelector: h1>span,td>font,font' in '30' second(s)

2021-10-14 17:30:26 - [MESSAGE][INFO] - Smart Wait Function is triggered

2021-10-14 17:30:27 - [MESSAGE][INFO] - Found 1 web elements with id: 'Object Repository/Sekmeler/Olusturma_Goster_Baslik' located by 'By.cssSelector: h1>span,td>font,font' in '30' second(s)

2021-10-14 17:30:27 - [MESSAGE][PASSED] - Actual text and expected text of test object 'Object Repository/Sekmeler/Olusturma_Goster_Baslik' are matched.

2021-10-14 17:30:27 - [MESSAGE][PASSED] - Call Test Case 'Test Cases/Sekmeler/YeniSekmeBasligindaVarMi' successfully

2021-10-14 17:30:27 - [MESSAGE][INFO] - Checking called Test Case

2021-10-14 17:30:27 - [MESSAGE][INFO] - Starting to call Test Case 'Test Cases/Sekmeler/Ana_Sekmeye_Gec'

2021-10-14 17:30:27 - [TEST_CASE][PASSED] - Test Cases/Sekmeler/Ana_Sekmeye_Gec: Test Cases/Sekmeler/Ana_Sekmeye_Gec

2021-10-14 17:30:27 - [TEST_STEP][PASSED] - try: Window with index 1 is closed

2021-10-14 17:30:27 - [TEST_STEP][PASSED] - index = getWindowIndex(): Current window's index is: 1

2021-10-14 17:30:27 - [MESSAGE][INFO] - Getting current window's index

2021-10-14 17:30:27 - [MESSAGE][PASSED] - Current window's index is: 1

2021-10-14 17:30:27 - [TEST_STEP][PASSED] - closeWindowIndex(index): Window with index 1 is closed

2021-10-14 17:30:27 - [MESSAGE][INFO] - Checking index

2021-10-14 17:30:27 - [MESSAGE][INFO] - Closing window with index 1

2021-10-14 17:30:27 - [MESSAGE][PASSED] - Window with index 1 is closed

2021-10-14 17:30:27 - [TEST_STEP][PASSED] - switchToWindowIndex(0): Switched to window with index: '0'

2021-10-14 17:30:27 - [MESSAGE][INFO] - Checking index

2021-10-14 17:30:27 - [MESSAGE][INFO] - Switching window with index: '0'

2021-10-14 17:30:27 - [MESSAGE][PASSED] - Switched to window with index: '0'

2021-10-14 17:30:27 - [MESSAGE][PASSED] - Call Test Case 'Test Cases/Sekmeler/Ana_Sekmeye_Gec' successfully

2021-10-14 17:30:27 - [MESSAGE][INFO] - Checking called Test Case

2021-10-14 17:30:27 - [MESSAGE][INFO] - Starting to call Test Case 'Test Cases/Kullanici_Islemleri/KullaniciIslemlerindenSecimYapilir'

2021-10-14 17:30:27 - [TEST_CASE][PASSED] - Test Cases/Kullanici_Islemleri/KullaniciIslemlerindenSecimYapilir: Test Cases/Kullanici_Islemleri/KullaniciIslemlerindenSecimYapilir

2021-10-14 17:30:27 - [TEST_STEP][PASSED] - waitForElementClickable(findTestObject("Object Repository/Kullanici_Islemleri/KullaniciIslemleri"), 10): Object 'Object Repository/Kullanici_Islemleri/KullaniciIslemleri' is clickable

2021-10-14 17:30:27 - [MESSAGE][INFO] - Finding Test Object 'Object Repository/Kullanici_Islemleri/KullaniciIslemleri'

2021-10-14 17:30:27 - [MESSAGE][INFO] - Checking object

2021-10-14 17:30:27 - [MESSAGE][INFO] - Checking timeout

2021-10-14 17:30:27 - [MESSAGE][INFO] - Finding web element from Test Object's properties

2021-10-14 17:30:27 - [MESSAGE][INFO] - Checking timeout

2021-10-14 17:30:27 - [MESSAGE][INFO] - Finding web element with id: 'Object Repository/Kullanici_Islemleri/KullaniciIslemleri' located by 'By.cssSelector: .dropdown>a>img' in '10' second(s)

2021-10-14 17:30:27 - [MESSAGE][INFO] - Smart Wait Function is triggered

2021-10-14 17:30:28 - [MESSAGE][INFO] - Found 1 web elements with id: 'Object Repository/Kullanici_Islemleri/KullaniciIslemleri' located by 'By.cssSelector: .dropdown>a>img' in '10' second(s)

2021-10-14 17:30:28 - [MESSAGE][PASSED] - Object 'Object Repository/Kullanici_Islemleri/KullaniciIslemleri' is clickable

2021-10-14 17:30:28 - [TEST_STEP][PASSED] - click(findTestObject("Object Repository/Kullanici_Islemleri/KullaniciIslemleri")): Object: 'Object Repository/Kullanici_Islemleri/KullaniciIslemleri' is clicked on

2021-10-14 17:30:28 - [MESSAGE][INFO] - Finding Test Object 'Object Repository/Kullanici_Islemleri/KullaniciIslemleri'

2021-10-14 17:30:28 - [MESSAGE][INFO] - Checking object

2021-10-14 17:30:28 - [MESSAGE][INFO] - Finding web element from Test Object's properties

2021-10-14 17:30:28 - [MESSAGE][INFO] - Checking timeout

2021-10-14 17:30:28 - [MESSAGE][INFO] - Finding web element with id: 'Object Repository/Kullanici_Islemleri/KullaniciIslemleri' located by 'By.cssSelector: .dropdown>a>img' in '30' second(s)

2021-10-14 17:30:28 - [MESSAGE][INFO] - Smart Wait Function is triggered

2021-10-14 17:30:28 - [MESSAGE][INFO] - Found 1 web elements with id: 'Object Repository/Kullanici_Islemleri/KullaniciIslemleri' located by 'By.cssSelector: .dropdown>a>img' in '30' second(s)

2021-10-14 17:30:28 - [MESSAGE][INFO] - Clicking on object: 'Object Repository/Kullanici_Islemleri/KullaniciIslemleri'

2021-10-14 17:30:28 - [MESSAGE][PASSED] - Object: 'Object Repository/Kullanici_Islemleri/KullaniciIslemleri' is clicked on

2021-10-14 17:30:28 - [TEST_STEP][PASSED] - Method.TextDegerineEsitElementeTikla(findTestObject("Object Repository/Kullanici_Islemleri/Secenekler"), Islem): Method.TextDegerineEsitElementeTikla is PASSED

2021-10-14 17:30:28 - [MESSAGE][INFO] - Finding Test Object 'Object Repository/Kullanici_Islemleri/Secenekler'

2021-10-14 17:30:28 - [MESSAGE][INFO] - Checking timeout

2021-10-14 17:30:28 - [MESSAGE][INFO] - Finding web element with id: 'Object Repository/Kullanici_Islemleri/Secenekler' located by 'By.cssSelector: .nav.navbar-nav.navbar-right li a' in '10' second(s)

2021-10-14 17:30:28 - [MESSAGE][INFO] - Smart Wait Function is triggered

2021-10-14 17:30:28 - [MESSAGE][INFO] - Found 22 web elements with id: 'Object Repository/Kullanici_Islemleri/Secenekler' located by 'By.cssSelector: .nav.navbar-nav.navbar-right li a' in '10' second(s)

2021-10-14 17:30:30 - [MESSAGE][PASSED] - Method.TextDegerineEsitElementeTikla is PASSED

2021-10-14 17:30:30 - [TEST_STEP][PASSED] - verifyElementNotPresent(findTestObject("Object Repository/Kullanici_Islemleri/Secenekler"), 10): Web element with id: 'Object Repository/Kullanici_Islemleri/Secenekler' located by 'By.cssSelector: .nav.navbar-nav.navbar-right li a' is not present after '10' second(s)

2021-10-14 17:30:30 - [MESSAGE][INFO] - Finding Test Object 'Object Repository/Kullanici_Islemleri/Secenekler'

2021-10-14 17:30:30 - [MESSAGE][INFO] - Checking object

2021-10-14 17:30:30 - [MESSAGE][INFO] - Checking timeout

2021-10-14 17:30:30 - [MESSAGE][INFO] - Finding web element with id: 'Object Repository/Kullanici_Islemleri/Secenekler' located by 'By.cssSelector: .nav.navbar-nav.navbar-right li a' in '10' second(s)

2021-10-14 17:30:30 - [MESSAGE][INFO] - Smart Wait Function is triggered

2021-10-14 17:30:30 - [MESSAGE][PASSED] - Web element with id: 'Object Repository/Kullanici_Islemleri/Secenekler' located by 'By.cssSelector: .nav.navbar-nav.navbar-right li a' is not present after '10' second(s)

2021-10-14 17:30:30 - [MESSAGE][PASSED] - Call Test Case 'Test Cases/Kullanici_Islemleri/KullaniciIslemlerindenSecimYapilir' successfully

2021-10-14 17:30:30 - [TEST_CASE][PASSED] - Start Test Case : SCENARIO Uygulama Yanitinin Gorseli: SCENARIO Uygulama Yanitinin Gorseli

2021-10-14 17:30:30 - [TEST_STEP][PASSED] - Kullanıcı adı ELOGO6 ve Şifre 123456 olarak giriş yapılır: Kullanıcı adı ELOGO6 ve Şifre 123456 olarak giriş yapılır

2021-10-14 17:30:30 - [MESSAGE][PASSED] - Kullanıcı adı ELOGO6 ve Şifre 123456 olarak giriş yapılır

2021-10-14 17:30:30 - [TEST_STEP][PASSED] - Ana menüden e-Fatura seçilir: Ana menüden e-Fatura seçilir

2021-10-14 17:30:30 - [MESSAGE][PASSED] - Ana menüden e-Fatura seçilir

2021-10-14 17:30:30 - [TEST_STEP][PASSED] - Alt menü Giden Kutusu başlığı altındaki Uygulama Yanıtları seçilir: Alt menü Giden Kutusu başlığı altındaki Uygulama Yanıtları seçilir

2021-10-14 17:30:30 - [MESSAGE][PASSED] - Alt menü Giden Kutusu başlığı altındaki Uygulama Yanıtları seçilir

2021-10-14 17:30:30 - [TEST_STEP][PASSED] - Filtrelerden Oluşturma Tarihi filtresine 01.12.2020 baslangic degerini yaz: Filtrelerden Oluşturma Tarihi filtresine 01.12.2020 baslangic degerini yaz

2021-10-14 17:30:30 - [MESSAGE][PASSED] - Filtrelerden Oluşturma Tarihi filtresine 01.12.2020 baslangic degerini yaz

2021-10-14 17:30:30 - [TEST_STEP][PASSED] - Filtrelerden Oluşturma Tarihi filtresine 31.12.2020 bitis degerini yaz: Filtrelerden Oluşturma Tarihi filtresine 31.12.2020 bitis degerini yaz

2021-10-14 17:30:30 - [MESSAGE][PASSED] - Filtrelerden Oluşturma Tarihi filtresine 31.12.2020 bitis degerini yaz

2021-10-14 17:30:30 - [TEST_STEP][PASSED] - Filtre butonlarından Listele seçilir: Filtre butonlarından Listele seçilir

2021-10-14 17:30:30 - [MESSAGE][PASSED] - Filtre butonlarından Listele seçilir

2021-10-14 17:30:30 - [TEST_STEP][PASSED] - Tabloda veri var mı kontrol edilir: Tabloda veri var mı kontrol edilir

2021-10-14 17:30:30 - [MESSAGE][PASSED] - Tabloda veri var mı kontrol edilir

2021-10-14 17:30:30 - [TEST_STEP][PASSED] - Tablodaki 1234567806 isimli verinin Yanıt adlı butonuna tıklanır: Tablodaki 1234567806 isimli verinin Yanıt adlı butonuna tıklanır

2021-10-14 17:30:30 - [MESSAGE][PASSED] - Tablodaki 1234567806 isimli verinin Yanıt adlı butonuna tıklanır

2021-10-14 17:30:30 - [TEST_STEP][PASSED] - Yeni açılan sekmeye geçilir: Yeni açılan sekmeye geçilir

2021-10-14 17:30:30 - [MESSAGE][PASSED] - Yeni açılan sekmeye geçilir

2021-10-14 17:30:30 - [TEST_STEP][PASSED] - Yeni sekme başlığında UYGULAMA YANITI var mı kontrol edilir: Yeni sekme başlığında UYGULAMA YANITI var mı kontrol edilir

2021-10-14 17:30:30 - [MESSAGE][PASSED] - Yeni sekme başlığında UYGULAMA YANITI var mı kontrol edilir

2021-10-14 17:30:30 - [TEST_STEP][PASSED] - Ana sekmeye geçilir: Ana sekmeye geçilir

2021-10-14 17:30:30 - [MESSAGE][PASSED] - Ana sekmeye geçilir

2021-10-14 17:30:30 - [TEST_STEP][PASSED] - Kullanıcı işlemlerinden Çıkış seçilir: Kullanıcı işlemlerinden Çıkış seçilir

2021-10-14 17:30:30 - [MESSAGE][PASSED] - Kullanıcı işlemlerinden Çıkış seçilir

2021-10-14 17:30:30 - [MESSAGE][PASSED] - Feature file: 'Include/features/e-Fatura/Giden Kutusu/Uygulama Yanıtlari/Gorseli Ac.feature' was passed

2021-10-14 17:30:30 - [TEST_STEP][PASSED] - Start listener action : sampleAfterTestSuite: Invoke 'com.kms.katalon.core.annotation.AfterTestCase' method: 'Listener.sampleAfterTestSuite(...)' completed.

2021-10-14 17:30:30 - [MESSAGE][INFO] - Starting invoke 'com.kms.katalon.core.annotation.AfterTestCase' method: 'Listener.sampleAfterTestSuite(...)'

2021-10-14 17:30:30 - [TEST_STEP][PASSED] - closeBrowser(): Invoke 'com.kms.katalon.core.annotation.AfterTestCase' method: 'Listener.sampleAfterTestSuite(...)' completed.

2021-10-14 17:30:30 - [MESSAGE][INFO] - Closing browser

2021-10-14 17:30:31 - [MESSAGE][PASSED] - Browser is closed

2021-10-14 17:30:31 - [MESSAGE][INFO] - Invoke 'com.kms.katalon.core.annotation.AfterTestCase' method: 'Listener.sampleAfterTestSuite(...)' completed.]]></system-out>
         <system-err><![CDATA[]]></system-err>
      </testcase>
      <testcase name="Test Cases/Case Repository/e-Fatura/Giden Kutusu/Uygulama Yanitlari/Izleme Kayitlari" time="44.205" classname="Test Cases/Case Repository/e-Fatura/Giden Kutusu/Uygulama Yanitlari/Izleme Kayitlari" status="PASSED">
         <system-out><![CDATA[2021-10-14 17:30:31 - [TEST_CASE][PASSED] - Test Cases/Case Repository/e-Fatura/Giden Kutusu/Uygulama Yanitlari/Izleme Kayitlari: Test Cases/Case Repository/e-Fatura/Giden Kutusu/Uygulama Yanitlari/Izleme Kayitlari

2021-10-14 17:30:31 - [TEST_STEP][PASSED] - Start listener action : sampleBeforeTestSuite: Invoke 'com.kms.katalon.core.annotation.BeforeTestCase' method: 'Listener.sampleBeforeTestSuite(...)' completed.

2021-10-14 17:30:31 - [MESSAGE][INFO] - Starting invoke 'com.kms.katalon.core.annotation.BeforeTestCase' method: 'Listener.sampleBeforeTestSuite(...)'

2021-10-14 17:30:31 - [TEST_STEP][PASSED] - openBrowser(baseUrl): Browser is opened with url: 'https://efatura-stage.elogo.com.tr/'

2021-10-14 17:30:31 - [MESSAGE][INFO] - Opening browser

2021-10-14 17:30:31 - [MESSAGE][INFO] - Starting 'Chrome' driver

2021-10-14 17:30:31 - [MESSAGE][INFO] - User set preference: ['prefs', '{download.default_directory=C:\otomasyondownfiles}']

2021-10-14 17:30:31 - [MESSAGE][INFO] - Action delay is set to 0 milliseconds

2021-10-14 17:30:32 - [MESSAGE][INFO] - Navigating browser to: 'https://efatura-stage.elogo.com.tr/'

2021-10-14 17:30:36 - [MESSAGE][PASSED] - Browser is opened with url: 'https://efatura-stage.elogo.com.tr/'

2021-10-14 17:30:36 - [TEST_STEP][PASSED] - maximizeWindow(): Invoke 'com.kms.katalon.core.annotation.BeforeTestCase' method: 'Listener.sampleBeforeTestSuite(...)' completed.

2021-10-14 17:30:36 - [MESSAGE][INFO] - Maximizing current window

2021-10-14 17:30:36 - [MESSAGE][PASSED] - Current window maximized

2021-10-14 17:30:36 - [MESSAGE][INFO] - Invoke 'com.kms.katalon.core.annotation.BeforeTestCase' method: 'Listener.sampleBeforeTestSuite(...)' completed.

2021-10-14 17:30:37 - [TEST_STEP][PASSED] - runFeatureFile("Include/features/e-Fatura/Giden Kutusu/Uygulama Yanıtlari/Izleme Kayitlari.feature"): Feature file: 'Include/features/e-Fatura/Giden Kutusu/Uygulama Yanıtlari/Izleme Kayitlari.feature' was passed

2021-10-14 17:30:37 - [MESSAGE][INFO] - Starting run keyword runFeatureFile: 'Include/features/e-Fatura/Giden Kutusu/Uygulama Yanıtlari/Izleme Kayitlari.feature' and extract report to folder: 'C:\Users\DELL\Downloads\EES_Katalon-main\Reports\20211014_170112\Suite Repository\e-Fatura\20211014_170113/cucumber_report/1634221837160'...

2021-10-14 17:30:37 - [MESSAGE][INFO] - Glue: []

2021-10-14 17:30:37 - [MESSAGE][INFO] - Checking called Test Case

2021-10-14 17:30:37 - [MESSAGE][INFO] - Starting to call Test Case 'Test Cases/Sayfalar/Giris_Sayfasi/Login'

2021-10-14 17:30:38 - [TEST_CASE][PASSED] - Test Cases/Sayfalar/Giris_Sayfasi/Login: Test Cases/Sayfalar/Giris_Sayfasi/Login

2021-10-14 17:30:38 - [TEST_STEP][PASSED] - Sayfa_Basligi = getWindowTitle(): Current window's title is: 'LOGO e-Fatura'

2021-10-14 17:30:38 - [MESSAGE][INFO] - Getting current window's title

2021-10-14 17:30:38 - [MESSAGE][PASSED] - Current window's title is: 'LOGO e-Fatura'

2021-10-14 17:30:38 - [TEST_STEP][PASSED] - verifyMatch(Sayfa_Basligi, "LOGO e-Fatura", false): Actual text 'LOGO e-Fatura' and expected text 'LOGO e-Fatura' are matched 

2021-10-14 17:30:38 - [MESSAGE][INFO] - Matching actual text 'LOGO e-Fatura' with expected text 'LOGO e-Fatura'

2021-10-14 17:30:38 - [MESSAGE][PASSED] - Actual text 'LOGO e-Fatura' and expected text 'LOGO e-Fatura' are matched 

2021-10-14 17:30:38 - [TEST_STEP][PASSED] - sendKeys(findTestObject("Sayfalar/Giris_Sayfasi/Firma_Kodu"), KullaniciAdi): Keys 'ELOGO6' sent to object: 'Object Repository/Sayfalar/Giris_Sayfasi/Firma_Kodu'

2021-10-14 17:30:38 - [MESSAGE][INFO] - Finding Test Object 'Object Repository/Sayfalar/Giris_Sayfasi/Firma_Kodu'

2021-10-14 17:30:38 - [MESSAGE][INFO] - Sending keys 'ELOGO6' to object: 'Object Repository/Sayfalar/Giris_Sayfasi/Firma_Kodu'

2021-10-14 17:30:38 - [MESSAGE][INFO] - Finding web element from Test Object's properties

2021-10-14 17:30:38 - [MESSAGE][INFO] - Checking timeout

2021-10-14 17:30:38 - [MESSAGE][INFO] - Finding web element with id: 'Object Repository/Sayfalar/Giris_Sayfasi/Firma_Kodu' located by 'By.xpath: //*[@id = 'AccountName']' in '30' second(s)

2021-10-14 17:30:38 - [MESSAGE][INFO] - Smart Wait Function is triggered

2021-10-14 17:30:38 - [MESSAGE][INFO] - Found 1 web elements with id: 'Object Repository/Sayfalar/Giris_Sayfasi/Firma_Kodu' located by 'By.xpath: //*[@id = 'AccountName']' in '30' second(s)

2021-10-14 17:30:38 - [MESSAGE][PASSED] - Keys 'ELOGO6' sent to object: 'Object Repository/Sayfalar/Giris_Sayfasi/Firma_Kodu'

2021-10-14 17:30:38 - [TEST_STEP][PASSED] - sendKeys(findTestObject("Sayfalar/Giris_Sayfasi/Sifre"), Sifre): Keys '123456' sent to object: 'Object Repository/Sayfalar/Giris_Sayfasi/Sifre'

2021-10-14 17:30:38 - [MESSAGE][INFO] - Finding Test Object 'Object Repository/Sayfalar/Giris_Sayfasi/Sifre'

2021-10-14 17:30:38 - [MESSAGE][INFO] - Sending keys '123456' to object: 'Object Repository/Sayfalar/Giris_Sayfasi/Sifre'

2021-10-14 17:30:38 - [MESSAGE][INFO] - Finding web element from Test Object's properties

2021-10-14 17:30:38 - [MESSAGE][INFO] - Checking timeout

2021-10-14 17:30:38 - [MESSAGE][INFO] - Finding web element with id: 'Object Repository/Sayfalar/Giris_Sayfasi/Sifre' located by 'By.xpath: //*[@id = 'Password']' in '30' second(s)

2021-10-14 17:30:38 - [MESSAGE][INFO] - Smart Wait Function is triggered

2021-10-14 17:30:39 - [MESSAGE][INFO] - Found 1 web elements with id: 'Object Repository/Sayfalar/Giris_Sayfasi/Sifre' located by 'By.xpath: //*[@id = 'Password']' in '30' second(s)

2021-10-14 17:30:39 - [MESSAGE][PASSED] - Keys '123456' sent to object: 'Object Repository/Sayfalar/Giris_Sayfasi/Sifre'

2021-10-14 17:30:39 - [TEST_STEP][PASSED] - findWebElement(findTestObject("Sayfalar/Giris_Sayfasi/Giris_Butonu")).click(): Found 1 web elements with id: 'Object Repository/Sayfalar/Giris_Sayfasi/Giris_Butonu' located by 'By.cssSelector: #btnLogin' in '30' second(s)

2021-10-14 17:30:39 - [MESSAGE][INFO] - Finding Test Object 'Object Repository/Sayfalar/Giris_Sayfasi/Giris_Butonu'

2021-10-14 17:30:39 - [MESSAGE][INFO] - Finding web element from Test Object's properties

2021-10-14 17:30:39 - [MESSAGE][INFO] - Checking timeout

2021-10-14 17:30:39 - [MESSAGE][INFO] - Finding web element with id: 'Object Repository/Sayfalar/Giris_Sayfasi/Giris_Butonu' located by 'By.cssSelector: #btnLogin' in '30' second(s)

2021-10-14 17:30:39 - [MESSAGE][INFO] - Smart Wait Function is triggered

2021-10-14 17:30:39 - [MESSAGE][INFO] - Found 1 web elements with id: 'Object Repository/Sayfalar/Giris_Sayfasi/Giris_Butonu' located by 'By.cssSelector: #btnLogin' in '30' second(s)

2021-10-14 17:30:42 - [TEST_STEP][PASSED] - if (verifyElementPresent(findTestObject("Object Repository/Sayfalar/Giris_Sayfasi/RetveTamam_Butonu"), 5, OPTIONAL)): null

2021-10-14 17:30:42 - [MESSAGE][INFO] - Finding Test Object 'Object Repository/Sayfalar/Giris_Sayfasi/RetveTamam_Butonu'

2021-10-14 17:30:42 - [MESSAGE][INFO] - Checking object

2021-10-14 17:30:42 - [MESSAGE][INFO] - Finding web element from Test Object's properties

2021-10-14 17:30:42 - [MESSAGE][INFO] - Checking timeout

2021-10-14 17:30:42 - [MESSAGE][INFO] - Finding web element with id: 'Object Repository/Sayfalar/Giris_Sayfasi/RetveTamam_Butonu' located by 'By.xpath: //*[@class = 'btn btn-default']' in '5' second(s)

2021-10-14 17:30:42 - [MESSAGE][INFO] - Smart Wait Function is triggered

2021-10-14 17:30:42 - [MESSAGE][INFO] - Found 1 web elements with id: 'Object Repository/Sayfalar/Giris_Sayfasi/RetveTamam_Butonu' located by 'By.xpath: //*[@class = 'btn btn-default']' in '5' second(s)

2021-10-14 17:30:42 - [MESSAGE][PASSED] - Object 'Object Repository/Sayfalar/Giris_Sayfasi/RetveTamam_Butonu' is present

2021-10-14 17:30:42 - [TEST_STEP][PASSED] - click(findTestObject("Object Repository/Sayfalar/Giris_Sayfasi/RetveTamam_Butonu")): Object: 'Object Repository/Sayfalar/Giris_Sayfasi/RetveTamam_Butonu' is clicked on

2021-10-14 17:30:42 - [MESSAGE][INFO] - Finding Test Object 'Object Repository/Sayfalar/Giris_Sayfasi/RetveTamam_Butonu'

2021-10-14 17:30:42 - [MESSAGE][INFO] - Checking object

2021-10-14 17:30:42 - [MESSAGE][INFO] - Finding web element from Test Object's properties

2021-10-14 17:30:42 - [MESSAGE][INFO] - Checking timeout

2021-10-14 17:30:42 - [MESSAGE][INFO] - Finding web element with id: 'Object Repository/Sayfalar/Giris_Sayfasi/RetveTamam_Butonu' located by 'By.xpath: //*[@class = 'btn btn-default']' in '30' second(s)

2021-10-14 17:30:42 - [MESSAGE][INFO] - Smart Wait Function is triggered

2021-10-14 17:30:43 - [MESSAGE][INFO] - Found 1 web elements with id: 'Object Repository/Sayfalar/Giris_Sayfasi/RetveTamam_Butonu' located by 'By.xpath: //*[@class = 'btn btn-default']' in '30' second(s)

2021-10-14 17:30:43 - [MESSAGE][INFO] - Clicking on object: 'Object Repository/Sayfalar/Giris_Sayfasi/RetveTamam_Butonu'

2021-10-14 17:30:43 - [MESSAGE][PASSED] - Object: 'Object Repository/Sayfalar/Giris_Sayfasi/RetveTamam_Butonu' is clicked on

2021-10-14 17:30:43 - [TEST_STEP][PASSED] - click(findTestObject("Object Repository/Sayfalar/Giris_Sayfasi/RetveTamam_Butonu")): Object: 'Object Repository/Sayfalar/Giris_Sayfasi/RetveTamam_Butonu' is clicked on

2021-10-14 17:30:43 - [MESSAGE][INFO] - Finding Test Object 'Object Repository/Sayfalar/Giris_Sayfasi/RetveTamam_Butonu'

2021-10-14 17:30:43 - [MESSAGE][INFO] - Checking object

2021-10-14 17:30:43 - [MESSAGE][INFO] - Finding web element from Test Object's properties

2021-10-14 17:30:43 - [MESSAGE][INFO] - Checking timeout

2021-10-14 17:30:43 - [MESSAGE][INFO] - Finding web element with id: 'Object Repository/Sayfalar/Giris_Sayfasi/RetveTamam_Butonu' located by 'By.xpath: //*[@class = 'btn btn-default']' in '30' second(s)

2021-10-14 17:30:43 - [MESSAGE][INFO] - Smart Wait Function is triggered

2021-10-14 17:30:47 - [MESSAGE][INFO] - Found 1 web elements with id: 'Object Repository/Sayfalar/Giris_Sayfasi/RetveTamam_Butonu' located by 'By.xpath: //*[@class = 'btn btn-default']' in '30' second(s)

2021-10-14 17:30:47 - [MESSAGE][INFO] - Clicking on object: 'Object Repository/Sayfalar/Giris_Sayfasi/RetveTamam_Butonu'

2021-10-14 17:30:47 - [MESSAGE][PASSED] - Object: 'Object Repository/Sayfalar/Giris_Sayfasi/RetveTamam_Butonu' is clicked on

2021-10-14 17:30:47 - [TEST_STEP][PASSED] - if (verifyElementPresent(findTestObject("Sayfalar/Giris_Sayfasi/PopupOK"), 5, OPTIONAL)): null

2021-10-14 17:30:47 - [MESSAGE][INFO] - Finding Test Object 'Object Repository/Sayfalar/Giris_Sayfasi/PopupOK'

2021-10-14 17:30:48 - [MESSAGE][INFO] - Checking object

2021-10-14 17:30:48 - [MESSAGE][INFO] - Finding web element from Test Object's properties

2021-10-14 17:30:48 - [MESSAGE][INFO] - Checking timeout

2021-10-14 17:30:48 - [MESSAGE][INFO] - Finding web element with id: 'Object Repository/Sayfalar/Giris_Sayfasi/PopupOK' located by 'By.cssSelector: .btn.btn-success' in '5' second(s)

2021-10-14 17:30:48 - [MESSAGE][INFO] - Smart Wait Function is triggered

2021-10-14 17:30:48 - [MESSAGE][INFO] - Found 1 web elements with id: 'Object Repository/Sayfalar/Giris_Sayfasi/PopupOK' located by 'By.cssSelector: .btn.btn-success' in '5' second(s)

2021-10-14 17:30:48 - [MESSAGE][PASSED] - Object 'Object Repository/Sayfalar/Giris_Sayfasi/PopupOK' is present

2021-10-14 17:30:48 - [TEST_STEP][PASSED] - click(findTestObject("Object Repository/Sayfalar/Giris_Sayfasi/PopupCarpiGiris")): Object: 'Object Repository/Sayfalar/Giris_Sayfasi/PopupCarpiGiris' is clicked on

2021-10-14 17:30:48 - [MESSAGE][INFO] - Finding Test Object 'Object Repository/Sayfalar/Giris_Sayfasi/PopupCarpiGiris'

2021-10-14 17:30:48 - [MESSAGE][INFO] - Checking object

2021-10-14 17:30:48 - [MESSAGE][INFO] - Finding web element from Test Object's properties

2021-10-14 17:30:48 - [MESSAGE][INFO] - Checking timeout

2021-10-14 17:30:48 - [MESSAGE][INFO] - Finding web element with id: 'Object Repository/Sayfalar/Giris_Sayfasi/PopupCarpiGiris' located by 'By.cssSelector: .bootbox-close-button.close' in '30' second(s)

2021-10-14 17:30:48 - [MESSAGE][INFO] - Smart Wait Function is triggered

2021-10-14 17:30:48 - [MESSAGE][INFO] - Found 1 web elements with id: 'Object Repository/Sayfalar/Giris_Sayfasi/PopupCarpiGiris' located by 'By.cssSelector: .bootbox-close-button.close' in '30' second(s)

2021-10-14 17:30:48 - [MESSAGE][INFO] - Clicking on object: 'Object Repository/Sayfalar/Giris_Sayfasi/PopupCarpiGiris'

2021-10-14 17:30:49 - [MESSAGE][PASSED] - Object: 'Object Repository/Sayfalar/Giris_Sayfasi/PopupCarpiGiris' is clicked on

2021-10-14 17:30:49 - [TEST_STEP][PASSED] - verifyElementVisible(findTestObject("Object Repository/Kullanici_Islemleri/KullaniciIslemleri")): Object 'Object Repository/Kullanici_Islemleri/KullaniciIslemleri' is visible

2021-10-14 17:30:49 - [MESSAGE][INFO] - Finding Test Object 'Object Repository/Kullanici_Islemleri/KullaniciIslemleri'

2021-10-14 17:30:49 - [MESSAGE][INFO] - Checking object

2021-10-14 17:30:49 - [MESSAGE][INFO] - Finding web element from Test Object's properties

2021-10-14 17:30:49 - [MESSAGE][INFO] - Checking timeout

2021-10-14 17:30:49 - [MESSAGE][INFO] - Finding web element with id: 'Object Repository/Kullanici_Islemleri/KullaniciIslemleri' located by 'By.cssSelector: .dropdown>a>img' in '30' second(s)

2021-10-14 17:30:49 - [MESSAGE][INFO] - Smart Wait Function is triggered

2021-10-14 17:30:49 - [MESSAGE][INFO] - Found 1 web elements with id: 'Object Repository/Kullanici_Islemleri/KullaniciIslemleri' located by 'By.cssSelector: .dropdown>a>img' in '30' second(s)

2021-10-14 17:30:49 - [MESSAGE][PASSED] - Object 'Object Repository/Kullanici_Islemleri/KullaniciIslemleri' is visible

2021-10-14 17:30:49 - [MESSAGE][PASSED] - Call Test Case 'Test Cases/Sayfalar/Giris_Sayfasi/Login' successfully

2021-10-14 17:30:49 - [MESSAGE][INFO] - Checking called Test Case

2021-10-14 17:30:49 - [MESSAGE][INFO] - Starting to call Test Case 'Test Cases/Menu/AnaMenuSecimi'

2021-10-14 17:30:49 - [TEST_CASE][PASSED] - Test Cases/Menu/AnaMenuSecimi: Test Cases/Menu/AnaMenuSecimi

2021-10-14 17:30:49 - [TEST_STEP][PASSED] - Method.TextDegerineEsitElementeTikla(findTestObject("Menu/Ana_Menu"), Ana_Menu): Method.TextDegerineEsitElementeTikla is PASSED

2021-10-14 17:30:49 - [MESSAGE][INFO] - Finding Test Object 'Object Repository/Menu/Ana_Menu'

2021-10-14 17:30:50 - [MESSAGE][INFO] - Checking timeout

2021-10-14 17:30:50 - [MESSAGE][INFO] - Finding web element with id: 'Object Repository/Menu/Ana_Menu' located by 'By.xpath: //*[@class = 'dropdown-toggle']' in '10' second(s)

2021-10-14 17:30:50 - [MESSAGE][INFO] - Smart Wait Function is triggered

2021-10-14 17:30:50 - [MESSAGE][INFO] - Found 14 web elements with id: 'Object Repository/Menu/Ana_Menu' located by 'By.xpath: //*[@class = 'dropdown-toggle']' in '10' second(s)

2021-10-14 17:30:50 - [MESSAGE][PASSED] - Method.TextDegerineEsitElementeTikla is PASSED

2021-10-14 17:30:50 - [MESSAGE][PASSED] - Call Test Case 'Test Cases/Menu/AnaMenuSecimi' successfully

2021-10-14 17:30:50 - [MESSAGE][INFO] - Checking called Test Case

2021-10-14 17:30:50 - [MESSAGE][INFO] - Starting to call Test Case 'Test Cases/Menu/BasligaGoreAltMenuSecimi'

2021-10-14 17:30:50 - [TEST_CASE][PASSED] - Test Cases/Menu/BasligaGoreAltMenuSecimi: Test Cases/Menu/BasligaGoreAltMenuSecimi

2021-10-14 17:30:50 - [TEST_STEP][PASSED] - Method.TextDegerineEsitElementinAltindakiTextDegerineEsitOlanaTikla(findTestObject("Menu/Menu_Basligi"), findTestObject("Menu/Basliga_Gore_Alt_Menu"), Baslik, Alt_Menu): Method.TextDegerineEsitElementinAltindakiTextDegerineEsitOlanaTikla is PASSED

2021-10-14 17:30:50 - [MESSAGE][INFO] - Finding Test Object 'Object Repository/Menu/Menu_Basligi'

2021-10-14 17:30:50 - [MESSAGE][INFO] - Finding Test Object 'Object Repository/Menu/Basliga_Gore_Alt_Menu'

2021-10-14 17:30:50 - [MESSAGE][INFO] - Checking timeout

2021-10-14 17:30:50 - [MESSAGE][INFO] - Finding web element with id: 'Object Repository/Menu/Menu_Basligi' located by 'By.xpath: //li[@class='dropdown dropdown-large open']//li[@class='dropdown-header']' in '10' second(s)

2021-10-14 17:30:50 - [MESSAGE][INFO] - Smart Wait Function is triggered

2021-10-14 17:30:51 - [MESSAGE][INFO] - Found 3 web elements with id: 'Object Repository/Menu/Menu_Basligi' located by 'By.xpath: //li[@class='dropdown dropdown-large open']//li[@class='dropdown-header']' in '10' second(s)

2021-10-14 17:30:51 - [MESSAGE][INFO] - Smart Wait Function is triggered

2021-10-14 17:30:53 - [MESSAGE][PASSED] - Method.TextDegerineEsitElementinAltindakiTextDegerineEsitOlanaTikla is PASSED

2021-10-14 17:30:53 - [MESSAGE][PASSED] - Call Test Case 'Test Cases/Menu/BasligaGoreAltMenuSecimi' successfully

2021-10-14 17:30:53 - [MESSAGE][INFO] - Checking called Test Case

2021-10-14 17:30:53 - [MESSAGE][INFO] - Starting to call Test Case 'Test Cases/Filtreler/BaslangicYaz'

2021-10-14 17:30:53 - [TEST_CASE][PASSED] - Test Cases/Filtreler/BaslangicYaz: Test Cases/Filtreler/BaslangicYaz

2021-10-14 17:30:53 - [TEST_STEP][PASSED] - Method.TextDegerineEsitElementinAltindakineTikla(findTestObject("Filtreler/Basliklar"), findTestObject("Filtreler/Basliga_Gore_Baslangic_Image"), Filtre_Adi): Method.TextDegerineEsitElementinAltindakineTikla is PASSED

2021-10-14 17:30:53 - [MESSAGE][INFO] - Finding Test Object 'Object Repository/Filtreler/Basliklar'

2021-10-14 17:30:53 - [MESSAGE][INFO] - Finding Test Object 'Object Repository/Filtreler/Basliga_Gore_Baslangic_Image'

2021-10-14 17:30:53 - [MESSAGE][INFO] - Checking timeout

2021-10-14 17:30:53 - [MESSAGE][INFO] - Finding web element with id: 'Object Repository/Filtreler/Basliklar' located by 'By.cssSelector: .control-label.col-sm-4.paddingMarginRLC' in '10' second(s)

2021-10-14 17:30:53 - [MESSAGE][INFO] - Smart Wait Function is triggered

2021-10-14 17:30:54 - [MESSAGE][INFO] - Found 13 web elements with id: 'Object Repository/Filtreler/Basliklar' located by 'By.cssSelector: .control-label.col-sm-4.paddingMarginRLC' in '10' second(s)

2021-10-14 17:30:54 - [MESSAGE][INFO] - Smart Wait Function is triggered

2021-10-14 17:30:54 - [MESSAGE][PASSED] - Method.TextDegerineEsitElementinAltindakineTikla is PASSED

2021-10-14 17:30:54 - [TEST_STEP][PASSED] - Method.TextDegerineEsitElementinAltindakiTextboxtaYaz(findTestObject("Filtreler/Basliklar"), findTestObject("Filtreler/Basliga_Gore_Baslangic"), Filtre_Adi, Filtre_Degeri): Method.TextDegerineEsitElementinAltindakiTextboxtaYaz is PASSED

2021-10-14 17:30:54 - [MESSAGE][INFO] - Finding Test Object 'Object Repository/Filtreler/Basliklar'

2021-10-14 17:30:54 - [MESSAGE][INFO] - Finding Test Object 'Object Repository/Filtreler/Basliga_Gore_Baslangic'

2021-10-14 17:30:54 - [MESSAGE][INFO] - Checking timeout

2021-10-14 17:30:54 - [MESSAGE][INFO] - Finding web element with id: 'Object Repository/Filtreler/Basliklar' located by 'By.cssSelector: .control-label.col-sm-4.paddingMarginRLC' in '10' second(s)

2021-10-14 17:30:54 - [MESSAGE][INFO] - Smart Wait Function is triggered

2021-10-14 17:30:54 - [MESSAGE][INFO] - Found 13 web elements with id: 'Object Repository/Filtreler/Basliklar' located by 'By.cssSelector: .control-label.col-sm-4.paddingMarginRLC' in '10' second(s)

2021-10-14 17:30:54 - [MESSAGE][INFO] - Smart Wait Function is triggered

2021-10-14 17:30:55 - [MESSAGE][PASSED] - Method.TextDegerineEsitElementinAltindakiTextboxtaYaz is PASSED

2021-10-14 17:30:55 - [MESSAGE][PASSED] - Call Test Case 'Test Cases/Filtreler/BaslangicYaz' successfully

2021-10-14 17:30:55 - [MESSAGE][INFO] - Checking called Test Case

2021-10-14 17:30:55 - [MESSAGE][INFO] - Starting to call Test Case 'Test Cases/Filtreler/BitisYaz'

2021-10-14 17:30:55 - [TEST_CASE][PASSED] - Test Cases/Filtreler/BitisYaz: Test Cases/Filtreler/BitisYaz

2021-10-14 17:30:55 - [TEST_STEP][PASSED] - Method.TextDegerineEsitElementinAltindakineTikla(findTestObject("Filtreler/Basliklar"), findTestObject("Filtreler/Basliga_Gore_Bitis_Image"), Filtre_Adi): Method.TextDegerineEsitElementinAltindakineTikla is PASSED

2021-10-14 17:30:55 - [MESSAGE][INFO] - Finding Test Object 'Object Repository/Filtreler/Basliklar'

2021-10-14 17:30:55 - [MESSAGE][INFO] - Finding Test Object 'Object Repository/Filtreler/Basliga_Gore_Bitis_Image'

2021-10-14 17:30:55 - [MESSAGE][INFO] - Checking timeout

2021-10-14 17:30:55 - [MESSAGE][INFO] - Finding web element with id: 'Object Repository/Filtreler/Basliklar' located by 'By.cssSelector: .control-label.col-sm-4.paddingMarginRLC' in '10' second(s)

2021-10-14 17:30:55 - [MESSAGE][INFO] - Smart Wait Function is triggered

2021-10-14 17:30:55 - [MESSAGE][INFO] - Found 13 web elements with id: 'Object Repository/Filtreler/Basliklar' located by 'By.cssSelector: .control-label.col-sm-4.paddingMarginRLC' in '10' second(s)

2021-10-14 17:30:56 - [MESSAGE][INFO] - Smart Wait Function is triggered

2021-10-14 17:30:56 - [MESSAGE][PASSED] - Method.TextDegerineEsitElementinAltindakineTikla is PASSED

2021-10-14 17:30:56 - [TEST_STEP][PASSED] - Method.TextDegerineEsitElementinAltindakiTextboxtaYaz(findTestObject("Filtreler/Basliklar"), findTestObject("Object Repository/Filtreler/Basliga_Gore_Bitis"), Filtre_Adi, Filtre_Degeri): Method.TextDegerineEsitElementinAltindakiTextboxtaYaz is PASSED

2021-10-14 17:30:56 - [MESSAGE][INFO] - Finding Test Object 'Object Repository/Filtreler/Basliklar'

2021-10-14 17:30:56 - [MESSAGE][INFO] - Finding Test Object 'Object Repository/Filtreler/Basliga_Gore_Bitis'

2021-10-14 17:30:56 - [MESSAGE][INFO] - Checking timeout

2021-10-14 17:30:56 - [MESSAGE][INFO] - Finding web element with id: 'Object Repository/Filtreler/Basliklar' located by 'By.cssSelector: .control-label.col-sm-4.paddingMarginRLC' in '10' second(s)

2021-10-14 17:30:56 - [MESSAGE][INFO] - Smart Wait Function is triggered

2021-10-14 17:30:57 - [MESSAGE][INFO] - Found 13 web elements with id: 'Object Repository/Filtreler/Basliklar' located by 'By.cssSelector: .control-label.col-sm-4.paddingMarginRLC' in '10' second(s)

2021-10-14 17:30:57 - [MESSAGE][INFO] - Smart Wait Function is triggered

2021-10-14 17:30:57 - [MESSAGE][PASSED] - Method.TextDegerineEsitElementinAltindakiTextboxtaYaz is PASSED

2021-10-14 17:30:57 - [MESSAGE][PASSED] - Call Test Case 'Test Cases/Filtreler/BitisYaz' successfully

2021-10-14 17:30:57 - [MESSAGE][INFO] - Checking called Test Case

2021-10-14 17:30:57 - [MESSAGE][INFO] - Starting to call Test Case 'Test Cases/Filtreler/ButonaTikla'

2021-10-14 17:30:57 - [TEST_CASE][PASSED] - Test Cases/Filtreler/ButonaTikla: Test Cases/Filtreler/ButonaTikla

2021-10-14 17:30:57 - [TEST_STEP][PASSED] - Method.TextDegerineEsitElementeTikla(findTestObject("Filtreler/Butonlar"), Filtre_Buton): Method.TextDegerineEsitElementeTikla is PASSED

2021-10-14 17:30:57 - [MESSAGE][INFO] - Finding Test Object 'Object Repository/Filtreler/Butonlar'

2021-10-14 17:30:57 - [MESSAGE][INFO] - Checking timeout

2021-10-14 17:30:57 - [MESSAGE][INFO] - Finding web element with id: 'Object Repository/Filtreler/Butonlar' located by 'By.cssSelector: .dxb>span' in '10' second(s)

2021-10-14 17:30:57 - [MESSAGE][INFO] - Smart Wait Function is triggered

2021-10-14 17:30:58 - [MESSAGE][INFO] - Found 3 web elements with id: 'Object Repository/Filtreler/Butonlar' located by 'By.cssSelector: .dxb>span' in '10' second(s)

2021-10-14 17:30:58 - [MESSAGE][PASSED] - Method.TextDegerineEsitElementeTikla is PASSED

2021-10-14 17:30:58 - [MESSAGE][PASSED] - Call Test Case 'Test Cases/Filtreler/ButonaTikla' successfully

2021-10-14 17:30:58 - [MESSAGE][INFO] - Checking called Test Case

2021-10-14 17:30:58 - [MESSAGE][INFO] - Starting to call Test Case 'Test Cases/Tablo/TablodaVeriVarMi'

2021-10-14 17:30:58 - [TEST_CASE][PASSED] - Test Cases/Tablo/TablodaVeriVarMi: Test Cases/Tablo/TablodaVeriVarMi

2021-10-14 17:30:58 - [TEST_STEP][PASSED] - verifyTextNotPresent("Görüntülenecek veri yok", true): Text 'Görüntülenecek veri yok' is not present on page using regular expression

2021-10-14 17:30:58 - [MESSAGE][INFO] - Checking text present  using regular expression

2021-10-14 17:30:58 - [MESSAGE][INFO] - Smart Wait Function is triggered

2021-10-14 17:30:59 - [MESSAGE][INFO] - Finding text 'Görüntülenecek veri yok' on page  using regular expression

2021-10-14 17:30:59 - [MESSAGE][PASSED] - Text 'Görüntülenecek veri yok' is not present on page using regular expression

2021-10-14 17:30:59 - [MESSAGE][PASSED] - Call Test Case 'Test Cases/Tablo/TablodaVeriVarMi' successfully

2021-10-14 17:30:59 - [MESSAGE][INFO] - Checking called Test Case

2021-10-14 17:30:59 - [MESSAGE][INFO] - Starting to call Test Case 'Test Cases/Tablo/TablodanVeriSec'

2021-10-14 17:30:59 - [TEST_CASE][PASSED] - Test Cases/Tablo/TablodanVeriSec: Test Cases/Tablo/TablodanVeriSec

2021-10-14 17:30:59 - [TEST_STEP][PASSED] - Method.TextDegerineEsitElementinAltindakineTikla(findTestObject("Tablo/Veriler"), findTestObject("Tablo/VerininCheckBoxi"), Veri_Adi): Method.TextDegerineEsitElementinAltindakineTikla is PASSED

2021-10-14 17:30:59 - [MESSAGE][INFO] - Finding Test Object 'Object Repository/Tablo/Veriler'

2021-10-14 17:30:59 - [MESSAGE][INFO] - Finding Test Object 'Object Repository/Tablo/VerininCheckBoxi'

2021-10-14 17:30:59 - [MESSAGE][INFO] - Checking timeout

2021-10-14 17:30:59 - [MESSAGE][INFO] - Finding web element with id: 'Object Repository/Tablo/Veriler' located by 'By.cssSelector: td.dxgv b ,td.dxgv' in '10' second(s)

2021-10-14 17:30:59 - [MESSAGE][INFO] - Smart Wait Function is triggered

2021-10-14 17:30:59 - [MESSAGE][INFO] - Found 26 web elements with id: 'Object Repository/Tablo/Veriler' located by 'By.cssSelector: td.dxgv b ,td.dxgv' in '10' second(s)

2021-10-14 17:30:59 - [MESSAGE][INFO] - Smart Wait Function is triggered

2021-10-14 17:31:00 - [MESSAGE][PASSED] - Method.TextDegerineEsitElementinAltindakineTikla is PASSED

2021-10-14 17:31:00 - [MESSAGE][PASSED] - Call Test Case 'Test Cases/Tablo/TablodanVeriSec' successfully

2021-10-14 17:31:00 - [MESSAGE][INFO] - Checking called Test Case

2021-10-14 17:31:00 - [MESSAGE][INFO] - Starting to call Test Case 'Test Cases/Butonlar/ButonaTikla'

2021-10-14 17:31:00 - [TEST_CASE][PASSED] - Test Cases/Butonlar/ButonaTikla: Test Cases/Butonlar/ButonaTikla

2021-10-14 17:31:00 - [TEST_STEP][PASSED] - Method.TextDegerineEsitElementeTiklaEquals(findTestObject("Butonlar/Butonlar"), Buton_Adi): Method.TextDegerineEsitElementeTiklaEquals is PASSED

2021-10-14 17:31:00 - [MESSAGE][INFO] - Finding Test Object 'Object Repository/Butonlar/Butonlar'

2021-10-14 17:31:00 - [MESSAGE][INFO] - Checking timeout

2021-10-14 17:31:00 - [MESSAGE][INFO] - Finding web element with id: 'Object Repository/Butonlar/Butonlar' located by 'By.cssSelector: .panel.panel-default.text-center.footerPanel .btn,.btn.btn-primary.btnControls' in '10' second(s)

2021-10-14 17:31:00 - [MESSAGE][INFO] - Smart Wait Function is triggered

2021-10-14 17:31:00 - [MESSAGE][INFO] - Found 7 web elements with id: 'Object Repository/Butonlar/Butonlar' located by 'By.cssSelector: .panel.panel-default.text-center.footerPanel .btn,.btn.btn-primary.btnControls' in '10' second(s)

2021-10-14 17:31:00 - [MESSAGE][PASSED] - Method.TextDegerineEsitElementeTiklaEquals is PASSED

2021-10-14 17:31:00 - [MESSAGE][PASSED] - Call Test Case 'Test Cases/Butonlar/ButonaTikla' successfully

2021-10-14 17:31:00 - [MESSAGE][INFO] - Checking called Test Case

2021-10-14 17:31:00 - [MESSAGE][INFO] - Starting to call Test Case 'Test Cases/Sekmeler/YeniSekmeyeGec'

2021-10-14 17:31:00 - [TEST_CASE][PASSED] - Test Cases/Sekmeler/YeniSekmeyeGec: Test Cases/Sekmeler/YeniSekmeyeGec

2021-10-14 17:31:00 - [TEST_STEP][PASSED] - switchToWindowIndex(1): Switched to window with index: '1'

2021-10-14 17:31:00 - [MESSAGE][INFO] - Checking index

2021-10-14 17:31:00 - [MESSAGE][INFO] - Switching window with index: '1'

2021-10-14 17:31:00 - [MESSAGE][PASSED] - Switched to window with index: '1'

2021-10-14 17:31:00 - [MESSAGE][PASSED] - Call Test Case 'Test Cases/Sekmeler/YeniSekmeyeGec' successfully

2021-10-14 17:31:00 - [MESSAGE][INFO] - Checking called Test Case

2021-10-14 17:31:00 - [MESSAGE][INFO] - Starting to call Test Case 'Test Cases/Sekmeler/GecmisGeldiMi'

2021-10-14 17:31:00 - [TEST_CASE][PASSED] - Test Cases/Sekmeler/GecmisGeldiMi: Test Cases/Sekmeler/GecmisGeldiMi

2021-10-14 17:31:00 - [TEST_STEP][PASSED] - waitForElementVisible(findTestObject("Object Repository/Sekmeler/GecmisBaslik"), 10): Object 'Object Repository/Sekmeler/GecmisBaslik' is visible

2021-10-14 17:31:00 - [MESSAGE][INFO] - Finding Test Object 'Object Repository/Sekmeler/GecmisBaslik'

2021-10-14 17:31:01 - [MESSAGE][INFO] - Checking object

2021-10-14 17:31:01 - [MESSAGE][INFO] - Checking timeout

2021-10-14 17:31:01 - [MESSAGE][INFO] - Finding web element from Test Object's properties

2021-10-14 17:31:01 - [MESSAGE][INFO] - Checking timeout

2021-10-14 17:31:01 - [MESSAGE][INFO] - Finding web element with id: 'Object Repository/Sekmeler/GecmisBaslik' located by 'By.cssSelector: .dxnb-ghtext.dx-vam' in '10' second(s)

2021-10-14 17:31:01 - [MESSAGE][INFO] - Smart Wait Function is triggered

2021-10-14 17:31:10 - [MESSAGE][INFO] - Found 1 web elements with id: 'Object Repository/Sekmeler/GecmisBaslik' located by 'By.cssSelector: .dxnb-ghtext.dx-vam' in '10' second(s)

2021-10-14 17:31:10 - [MESSAGE][PASSED] - Object 'Object Repository/Sekmeler/GecmisBaslik' is visible

2021-10-14 17:31:10 - [TEST_STEP][PASSED] - if (!(getText(findTestObject("Object Repository/Sekmeler/GecmisBaslik")).contains(Baslik))): Text of object 'Object Repository/Sekmeler/GecmisBaslik' is: 'Uygulama Yanıtları İzleme Kayıtları - 15091422'

2021-10-14 17:31:10 - [MESSAGE][INFO] - Finding Test Object 'Object Repository/Sekmeler/GecmisBaslik'

2021-10-14 17:31:10 - [MESSAGE][INFO] - Checking object

2021-10-14 17:31:10 - [MESSAGE][INFO] - Finding web element from Test Object's properties

2021-10-14 17:31:10 - [MESSAGE][INFO] - Checking timeout

2021-10-14 17:31:10 - [MESSAGE][INFO] - Finding web element with id: 'Object Repository/Sekmeler/GecmisBaslik' located by 'By.cssSelector: .dxnb-ghtext.dx-vam' in '30' second(s)

2021-10-14 17:31:10 - [MESSAGE][INFO] - Smart Wait Function is triggered

2021-10-14 17:31:10 - [MESSAGE][INFO] - Found 1 web elements with id: 'Object Repository/Sekmeler/GecmisBaslik' located by 'By.cssSelector: .dxnb-ghtext.dx-vam' in '30' second(s)

2021-10-14 17:31:10 - [MESSAGE][INFO] - Getting text of object 'Object Repository/Sekmeler/GecmisBaslik'

2021-10-14 17:31:10 - [MESSAGE][PASSED] - Text of object 'Object Repository/Sekmeler/GecmisBaslik' is: 'Uygulama Yanıtları İzleme Kayıtları - 15091422'

2021-10-14 17:31:10 - [MESSAGE][PASSED] - Call Test Case 'Test Cases/Sekmeler/GecmisGeldiMi' successfully

2021-10-14 17:31:10 - [MESSAGE][INFO] - Checking called Test Case

2021-10-14 17:31:10 - [MESSAGE][INFO] - Starting to call Test Case 'Test Cases/Sekmeler/Ana_Sekmeye_Gec'

2021-10-14 17:31:10 - [TEST_CASE][PASSED] - Test Cases/Sekmeler/Ana_Sekmeye_Gec: Test Cases/Sekmeler/Ana_Sekmeye_Gec

2021-10-14 17:31:10 - [TEST_STEP][PASSED] - try: Window with index 1 is closed

2021-10-14 17:31:10 - [TEST_STEP][PASSED] - index = getWindowIndex(): Current window's index is: 1

2021-10-14 17:31:10 - [MESSAGE][INFO] - Getting current window's index

2021-10-14 17:31:10 - [MESSAGE][PASSED] - Current window's index is: 1

2021-10-14 17:31:10 - [TEST_STEP][PASSED] - closeWindowIndex(index): Window with index 1 is closed

2021-10-14 17:31:10 - [MESSAGE][INFO] - Checking index

2021-10-14 17:31:10 - [MESSAGE][INFO] - Closing window with index 1

2021-10-14 17:31:10 - [MESSAGE][PASSED] - Window with index 1 is closed

2021-10-14 17:31:10 - [TEST_STEP][PASSED] - switchToWindowIndex(0): Switched to window with index: '0'

2021-10-14 17:31:10 - [MESSAGE][INFO] - Checking index

2021-10-14 17:31:10 - [MESSAGE][INFO] - Switching window with index: '0'

2021-10-14 17:31:10 - [MESSAGE][PASSED] - Switched to window with index: '0'

2021-10-14 17:31:10 - [MESSAGE][PASSED] - Call Test Case 'Test Cases/Sekmeler/Ana_Sekmeye_Gec' successfully

2021-10-14 17:31:10 - [MESSAGE][INFO] - Checking called Test Case

2021-10-14 17:31:10 - [MESSAGE][INFO] - Starting to call Test Case 'Test Cases/Kullanici_Islemleri/KullaniciIslemlerindenSecimYapilir'

2021-10-14 17:31:10 - [TEST_CASE][PASSED] - Test Cases/Kullanici_Islemleri/KullaniciIslemlerindenSecimYapilir: Test Cases/Kullanici_Islemleri/KullaniciIslemlerindenSecimYapilir

2021-10-14 17:31:10 - [TEST_STEP][PASSED] - waitForElementClickable(findTestObject("Object Repository/Kullanici_Islemleri/KullaniciIslemleri"), 10): Object 'Object Repository/Kullanici_Islemleri/KullaniciIslemleri' is clickable

2021-10-14 17:31:10 - [MESSAGE][INFO] - Finding Test Object 'Object Repository/Kullanici_Islemleri/KullaniciIslemleri'

2021-10-14 17:31:10 - [MESSAGE][INFO] - Checking object

2021-10-14 17:31:10 - [MESSAGE][INFO] - Checking timeout

2021-10-14 17:31:10 - [MESSAGE][INFO] - Finding web element from Test Object's properties

2021-10-14 17:31:10 - [MESSAGE][INFO] - Checking timeout

2021-10-14 17:31:10 - [MESSAGE][INFO] - Finding web element with id: 'Object Repository/Kullanici_Islemleri/KullaniciIslemleri' located by 'By.cssSelector: .dropdown>a>img' in '10' second(s)

2021-10-14 17:31:10 - [MESSAGE][INFO] - Smart Wait Function is triggered

2021-10-14 17:31:11 - [MESSAGE][INFO] - Found 1 web elements with id: 'Object Repository/Kullanici_Islemleri/KullaniciIslemleri' located by 'By.cssSelector: .dropdown>a>img' in '10' second(s)

2021-10-14 17:31:11 - [MESSAGE][PASSED] - Object 'Object Repository/Kullanici_Islemleri/KullaniciIslemleri' is clickable

2021-10-14 17:31:11 - [TEST_STEP][PASSED] - click(findTestObject("Object Repository/Kullanici_Islemleri/KullaniciIslemleri")): Object: 'Object Repository/Kullanici_Islemleri/KullaniciIslemleri' is clicked on

2021-10-14 17:31:11 - [MESSAGE][INFO] - Finding Test Object 'Object Repository/Kullanici_Islemleri/KullaniciIslemleri'

2021-10-14 17:31:11 - [MESSAGE][INFO] - Checking object

2021-10-14 17:31:11 - [MESSAGE][INFO] - Finding web element from Test Object's properties

2021-10-14 17:31:11 - [MESSAGE][INFO] - Checking timeout

2021-10-14 17:31:11 - [MESSAGE][INFO] - Finding web element with id: 'Object Repository/Kullanici_Islemleri/KullaniciIslemleri' located by 'By.cssSelector: .dropdown>a>img' in '30' second(s)

2021-10-14 17:31:11 - [MESSAGE][INFO] - Smart Wait Function is triggered

2021-10-14 17:31:11 - [MESSAGE][INFO] - Found 1 web elements with id: 'Object Repository/Kullanici_Islemleri/KullaniciIslemleri' located by 'By.cssSelector: .dropdown>a>img' in '30' second(s)

2021-10-14 17:31:11 - [MESSAGE][INFO] - Clicking on object: 'Object Repository/Kullanici_Islemleri/KullaniciIslemleri'

2021-10-14 17:31:11 - [MESSAGE][PASSED] - Object: 'Object Repository/Kullanici_Islemleri/KullaniciIslemleri' is clicked on

2021-10-14 17:31:11 - [TEST_STEP][PASSED] - Method.TextDegerineEsitElementeTikla(findTestObject("Object Repository/Kullanici_Islemleri/Secenekler"), Islem): Method.TextDegerineEsitElementeTikla is PASSED

2021-10-14 17:31:11 - [MESSAGE][INFO] - Finding Test Object 'Object Repository/Kullanici_Islemleri/Secenekler'

2021-10-14 17:31:11 - [MESSAGE][INFO] - Checking timeout

2021-10-14 17:31:11 - [MESSAGE][INFO] - Finding web element with id: 'Object Repository/Kullanici_Islemleri/Secenekler' located by 'By.cssSelector: .nav.navbar-nav.navbar-right li a' in '10' second(s)

2021-10-14 17:31:11 - [MESSAGE][INFO] - Smart Wait Function is triggered

2021-10-14 17:31:12 - [MESSAGE][INFO] - Found 22 web elements with id: 'Object Repository/Kullanici_Islemleri/Secenekler' located by 'By.cssSelector: .nav.navbar-nav.navbar-right li a' in '10' second(s)

2021-10-14 17:31:14 - [MESSAGE][PASSED] - Method.TextDegerineEsitElementeTikla is PASSED

2021-10-14 17:31:14 - [TEST_STEP][PASSED] - verifyElementNotPresent(findTestObject("Object Repository/Kullanici_Islemleri/Secenekler"), 10): Web element with id: 'Object Repository/Kullanici_Islemleri/Secenekler' located by 'By.cssSelector: .nav.navbar-nav.navbar-right li a' is not present after '10' second(s)

2021-10-14 17:31:14 - [MESSAGE][INFO] - Finding Test Object 'Object Repository/Kullanici_Islemleri/Secenekler'

2021-10-14 17:31:14 - [MESSAGE][INFO] - Checking object

2021-10-14 17:31:14 - [MESSAGE][INFO] - Checking timeout

2021-10-14 17:31:14 - [MESSAGE][INFO] - Finding web element with id: 'Object Repository/Kullanici_Islemleri/Secenekler' located by 'By.cssSelector: .nav.navbar-nav.navbar-right li a' in '10' second(s)

2021-10-14 17:31:14 - [MESSAGE][INFO] - Smart Wait Function is triggered

2021-10-14 17:31:14 - [MESSAGE][PASSED] - Web element with id: 'Object Repository/Kullanici_Islemleri/Secenekler' located by 'By.cssSelector: .nav.navbar-nav.navbar-right li a' is not present after '10' second(s)

2021-10-14 17:31:14 - [MESSAGE][PASSED] - Call Test Case 'Test Cases/Kullanici_Islemleri/KullaniciIslemlerindenSecimYapilir' successfully

2021-10-14 17:31:14 - [TEST_CASE][PASSED] - Start Test Case : SCENARIO Uygulama Yanitinin Gecmisi: SCENARIO Uygulama Yanitinin Gecmisi

2021-10-14 17:31:14 - [TEST_STEP][PASSED] - Kullanıcı adı ELOGO6 ve Şifre 123456 olarak giriş yapılır: Kullanıcı adı ELOGO6 ve Şifre 123456 olarak giriş yapılır

2021-10-14 17:31:14 - [MESSAGE][PASSED] - Kullanıcı adı ELOGO6 ve Şifre 123456 olarak giriş yapılır

2021-10-14 17:31:14 - [TEST_STEP][PASSED] - Ana menüden e-Fatura seçilir: Ana menüden e-Fatura seçilir

2021-10-14 17:31:14 - [MESSAGE][PASSED] - Ana menüden e-Fatura seçilir

2021-10-14 17:31:14 - [TEST_STEP][PASSED] - Alt menü Giden Kutusu başlığı altındaki Uygulama Yanıtları seçilir: Alt menü Giden Kutusu başlığı altındaki Uygulama Yanıtları seçilir

2021-10-14 17:31:14 - [MESSAGE][PASSED] - Alt menü Giden Kutusu başlığı altındaki Uygulama Yanıtları seçilir

2021-10-14 17:31:14 - [TEST_STEP][PASSED] - Filtrelerden Oluşturma Tarihi filtresine 01.12.2020 baslangic degerini yaz: Filtrelerden Oluşturma Tarihi filtresine 01.12.2020 baslangic degerini yaz

2021-10-14 17:31:14 - [MESSAGE][PASSED] - Filtrelerden Oluşturma Tarihi filtresine 01.12.2020 baslangic degerini yaz

2021-10-14 17:31:14 - [TEST_STEP][PASSED] - Filtrelerden Oluşturma Tarihi filtresine 31.12.2020 bitis degerini yaz: Filtrelerden Oluşturma Tarihi filtresine 31.12.2020 bitis degerini yaz

2021-10-14 17:31:14 - [MESSAGE][PASSED] - Filtrelerden Oluşturma Tarihi filtresine 31.12.2020 bitis degerini yaz

2021-10-14 17:31:14 - [TEST_STEP][PASSED] - Filtre butonlarından Listele seçilir: Filtre butonlarından Listele seçilir

2021-10-14 17:31:14 - [MESSAGE][PASSED] - Filtre butonlarından Listele seçilir

2021-10-14 17:31:14 - [TEST_STEP][PASSED] - Tabloda veri var mı kontrol edilir: Tabloda veri var mı kontrol edilir

2021-10-14 17:31:14 - [MESSAGE][PASSED] - Tabloda veri var mı kontrol edilir

2021-10-14 17:31:14 - [TEST_STEP][PASSED] - Tablodan 1234567806 isimli veri seçilir: Tablodan 1234567806 isimli veri seçilir

2021-10-14 17:31:14 - [MESSAGE][PASSED] - Tablodan 1234567806 isimli veri seçilir

2021-10-14 17:31:14 - [TEST_STEP][PASSED] - Butonlardan İzleme Kayıtları isimli butona tıklanır: Butonlardan İzleme Kayıtları isimli butona tıklanır

2021-10-14 17:31:14 - [MESSAGE][PASSED] - Butonlardan İzleme Kayıtları isimli butona tıklanır

2021-10-14 17:31:14 - [TEST_STEP][PASSED] - Yeni açılan sekmeye geçilir: Yeni açılan sekmeye geçilir

2021-10-14 17:31:14 - [MESSAGE][PASSED] - Yeni açılan sekmeye geçilir

2021-10-14 17:31:14 - [TEST_STEP][PASSED] - Uygulama Yanıtları İzleme Kayıtları baslikli gecmis sayfasi geldi mi: Uygulama Yanıtları İzleme Kayıtları baslikli gecmis sayfasi geldi mi

2021-10-14 17:31:14 - [MESSAGE][PASSED] - Uygulama Yanıtları İzleme Kayıtları baslikli gecmis sayfasi geldi mi

2021-10-14 17:31:14 - [TEST_STEP][PASSED] - Ana sekmeye geçilir: Ana sekmeye geçilir

2021-10-14 17:31:14 - [MESSAGE][PASSED] - Ana sekmeye geçilir

2021-10-14 17:31:14 - [TEST_STEP][PASSED] - Kullanıcı işlemlerinden Çıkış seçilir: Kullanıcı işlemlerinden Çıkış seçilir

2021-10-14 17:31:14 - [MESSAGE][PASSED] - Kullanıcı işlemlerinden Çıkış seçilir

2021-10-14 17:31:14 - [MESSAGE][PASSED] - Feature file: 'Include/features/e-Fatura/Giden Kutusu/Uygulama Yanıtlari/Izleme Kayitlari.feature' was passed

2021-10-14 17:31:14 - [TEST_STEP][PASSED] - Start listener action : sampleAfterTestSuite: Invoke 'com.kms.katalon.core.annotation.AfterTestCase' method: 'Listener.sampleAfterTestSuite(...)' completed.

2021-10-14 17:31:14 - [MESSAGE][INFO] - Starting invoke 'com.kms.katalon.core.annotation.AfterTestCase' method: 'Listener.sampleAfterTestSuite(...)'

2021-10-14 17:31:14 - [TEST_STEP][PASSED] - closeBrowser(): Invoke 'com.kms.katalon.core.annotation.AfterTestCase' method: 'Listener.sampleAfterTestSuite(...)' completed.

2021-10-14 17:31:14 - [MESSAGE][INFO] - Closing browser

2021-10-14 17:31:15 - [MESSAGE][PASSED] - Browser is closed

2021-10-14 17:31:15 - [MESSAGE][INFO] - Invoke 'com.kms.katalon.core.annotation.AfterTestCase' method: 'Listener.sampleAfterTestSuite(...)' completed.]]></system-out>
         <system-err><![CDATA[]]></system-err>
      </testcase>
      <testcase name="Test Cases/Case Repository/e-Fatura/Giden Kutusu/Uygulama Yanitlari/Tum Hesaplar Kontrolu" time="27.417" classname="Test Cases/Case Repository/e-Fatura/Giden Kutusu/Uygulama Yanitlari/Tum Hesaplar Kontrolu" status="PASSED">
         <system-out><![CDATA[2021-10-14 17:31:15 - [TEST_CASE][PASSED] - Test Cases/Case Repository/e-Fatura/Giden Kutusu/Uygulama Yanitlari/Tum Hesaplar Kontrolu: Test Cases/Case Repository/e-Fatura/Giden Kutusu/Uygulama Yanitlari/Tum Hesaplar Kontrolu

2021-10-14 17:31:15 - [TEST_STEP][PASSED] - Start listener action : sampleBeforeTestSuite: Invoke 'com.kms.katalon.core.annotation.BeforeTestCase' method: 'Listener.sampleBeforeTestSuite(...)' completed.

2021-10-14 17:31:15 - [MESSAGE][INFO] - Starting invoke 'com.kms.katalon.core.annotation.BeforeTestCase' method: 'Listener.sampleBeforeTestSuite(...)'

2021-10-14 17:31:15 - [TEST_STEP][PASSED] - openBrowser(baseUrl): Browser is opened with url: 'https://efatura-stage.elogo.com.tr/'

2021-10-14 17:31:15 - [MESSAGE][INFO] - Opening browser

2021-10-14 17:31:15 - [MESSAGE][INFO] - Starting 'Chrome' driver

2021-10-14 17:31:15 - [MESSAGE][INFO] - User set preference: ['prefs', '{download.default_directory=C:\otomasyondownfiles}']

2021-10-14 17:31:15 - [MESSAGE][INFO] - Action delay is set to 0 milliseconds

2021-10-14 17:31:16 - [MESSAGE][INFO] - Navigating browser to: 'https://efatura-stage.elogo.com.tr/'

2021-10-14 17:31:20 - [MESSAGE][PASSED] - Browser is opened with url: 'https://efatura-stage.elogo.com.tr/'

2021-10-14 17:31:20 - [TEST_STEP][PASSED] - maximizeWindow(): Invoke 'com.kms.katalon.core.annotation.BeforeTestCase' method: 'Listener.sampleBeforeTestSuite(...)' completed.

2021-10-14 17:31:20 - [MESSAGE][INFO] - Maximizing current window

2021-10-14 17:31:20 - [MESSAGE][PASSED] - Current window maximized

2021-10-14 17:31:20 - [MESSAGE][INFO] - Invoke 'com.kms.katalon.core.annotation.BeforeTestCase' method: 'Listener.sampleBeforeTestSuite(...)' completed.

2021-10-14 17:31:21 - [TEST_STEP][PASSED] - runFeatureFile("Include/features/e-Fatura/Giden Kutusu/Uygulama Yanıtlari/Tum Hesaplar Kontrolu.feature"): Feature file: 'Include/features/e-Fatura/Giden Kutusu/Uygulama Yanıtlari/Tum Hesaplar Kontrolu.feature' was passed

2021-10-14 17:31:21 - [MESSAGE][INFO] - Starting run keyword runFeatureFile: 'Include/features/e-Fatura/Giden Kutusu/Uygulama Yanıtlari/Tum Hesaplar Kontrolu.feature' and extract report to folder: 'C:\Users\DELL\Downloads\EES_Katalon-main\Reports\20211014_170112\Suite Repository\e-Fatura\20211014_170113/cucumber_report/1634221881541'...

2021-10-14 17:31:21 - [MESSAGE][INFO] - Glue: []

2021-10-14 17:31:22 - [MESSAGE][INFO] - Checking called Test Case

2021-10-14 17:31:22 - [MESSAGE][INFO] - Starting to call Test Case 'Test Cases/Sayfalar/Giris_Sayfasi/Login'

2021-10-14 17:31:22 - [TEST_CASE][PASSED] - Test Cases/Sayfalar/Giris_Sayfasi/Login: Test Cases/Sayfalar/Giris_Sayfasi/Login

2021-10-14 17:31:22 - [TEST_STEP][PASSED] - Sayfa_Basligi = getWindowTitle(): Current window's title is: 'LOGO e-Fatura'

2021-10-14 17:31:22 - [MESSAGE][INFO] - Getting current window's title

2021-10-14 17:31:22 - [MESSAGE][PASSED] - Current window's title is: 'LOGO e-Fatura'

2021-10-14 17:31:22 - [TEST_STEP][PASSED] - verifyMatch(Sayfa_Basligi, "LOGO e-Fatura", false): Actual text 'LOGO e-Fatura' and expected text 'LOGO e-Fatura' are matched 

2021-10-14 17:31:22 - [MESSAGE][INFO] - Matching actual text 'LOGO e-Fatura' with expected text 'LOGO e-Fatura'

2021-10-14 17:31:22 - [MESSAGE][PASSED] - Actual text 'LOGO e-Fatura' and expected text 'LOGO e-Fatura' are matched 

2021-10-14 17:31:22 - [TEST_STEP][PASSED] - sendKeys(findTestObject("Sayfalar/Giris_Sayfasi/Firma_Kodu"), KullaniciAdi): Keys 'ELOGO6' sent to object: 'Object Repository/Sayfalar/Giris_Sayfasi/Firma_Kodu'

2021-10-14 17:31:22 - [MESSAGE][INFO] - Finding Test Object 'Object Repository/Sayfalar/Giris_Sayfasi/Firma_Kodu'

2021-10-14 17:31:22 - [MESSAGE][INFO] - Sending keys 'ELOGO6' to object: 'Object Repository/Sayfalar/Giris_Sayfasi/Firma_Kodu'

2021-10-14 17:31:22 - [MESSAGE][INFO] - Finding web element from Test Object's properties

2021-10-14 17:31:22 - [MESSAGE][INFO] - Checking timeout

2021-10-14 17:31:22 - [MESSAGE][INFO] - Finding web element with id: 'Object Repository/Sayfalar/Giris_Sayfasi/Firma_Kodu' located by 'By.xpath: //*[@id = 'AccountName']' in '30' second(s)

2021-10-14 17:31:22 - [MESSAGE][INFO] - Smart Wait Function is triggered

2021-10-14 17:31:22 - [MESSAGE][INFO] - Found 1 web elements with id: 'Object Repository/Sayfalar/Giris_Sayfasi/Firma_Kodu' located by 'By.xpath: //*[@id = 'AccountName']' in '30' second(s)

2021-10-14 17:31:23 - [MESSAGE][PASSED] - Keys 'ELOGO6' sent to object: 'Object Repository/Sayfalar/Giris_Sayfasi/Firma_Kodu'

2021-10-14 17:31:23 - [TEST_STEP][PASSED] - sendKeys(findTestObject("Sayfalar/Giris_Sayfasi/Sifre"), Sifre): Keys '123456' sent to object: 'Object Repository/Sayfalar/Giris_Sayfasi/Sifre'

2021-10-14 17:31:23 - [MESSAGE][INFO] - Finding Test Object 'Object Repository/Sayfalar/Giris_Sayfasi/Sifre'

2021-10-14 17:31:23 - [MESSAGE][INFO] - Sending keys '123456' to object: 'Object Repository/Sayfalar/Giris_Sayfasi/Sifre'

2021-10-14 17:31:23 - [MESSAGE][INFO] - Finding web element from Test Object's properties

2021-10-14 17:31:23 - [MESSAGE][INFO] - Checking timeout

2021-10-14 17:31:23 - [MESSAGE][INFO] - Finding web element with id: 'Object Repository/Sayfalar/Giris_Sayfasi/Sifre' located by 'By.xpath: //*[@id = 'Password']' in '30' second(s)

2021-10-14 17:31:23 - [MESSAGE][INFO] - Smart Wait Function is triggered

2021-10-14 17:31:23 - [MESSAGE][INFO] - Found 1 web elements with id: 'Object Repository/Sayfalar/Giris_Sayfasi/Sifre' located by 'By.xpath: //*[@id = 'Password']' in '30' second(s)

2021-10-14 17:31:23 - [MESSAGE][PASSED] - Keys '123456' sent to object: 'Object Repository/Sayfalar/Giris_Sayfasi/Sifre'

2021-10-14 17:31:23 - [TEST_STEP][PASSED] - findWebElement(findTestObject("Sayfalar/Giris_Sayfasi/Giris_Butonu")).click(): Found 1 web elements with id: 'Object Repository/Sayfalar/Giris_Sayfasi/Giris_Butonu' located by 'By.cssSelector: #btnLogin' in '30' second(s)

2021-10-14 17:31:23 - [MESSAGE][INFO] - Finding Test Object 'Object Repository/Sayfalar/Giris_Sayfasi/Giris_Butonu'

2021-10-14 17:31:23 - [MESSAGE][INFO] - Finding web element from Test Object's properties

2021-10-14 17:31:23 - [MESSAGE][INFO] - Checking timeout

2021-10-14 17:31:23 - [MESSAGE][INFO] - Finding web element with id: 'Object Repository/Sayfalar/Giris_Sayfasi/Giris_Butonu' located by 'By.cssSelector: #btnLogin' in '30' second(s)

2021-10-14 17:31:23 - [MESSAGE][INFO] - Smart Wait Function is triggered

2021-10-14 17:31:23 - [MESSAGE][INFO] - Found 1 web elements with id: 'Object Repository/Sayfalar/Giris_Sayfasi/Giris_Butonu' located by 'By.cssSelector: #btnLogin' in '30' second(s)

2021-10-14 17:31:26 - [TEST_STEP][PASSED] - if (verifyElementPresent(findTestObject("Object Repository/Sayfalar/Giris_Sayfasi/RetveTamam_Butonu"), 5, OPTIONAL)): null

2021-10-14 17:31:26 - [MESSAGE][INFO] - Finding Test Object 'Object Repository/Sayfalar/Giris_Sayfasi/RetveTamam_Butonu'

2021-10-14 17:31:26 - [MESSAGE][INFO] - Checking object

2021-10-14 17:31:26 - [MESSAGE][INFO] - Finding web element from Test Object's properties

2021-10-14 17:31:26 - [MESSAGE][INFO] - Checking timeout

2021-10-14 17:31:26 - [MESSAGE][INFO] - Finding web element with id: 'Object Repository/Sayfalar/Giris_Sayfasi/RetveTamam_Butonu' located by 'By.xpath: //*[@class = 'btn btn-default']' in '5' second(s)

2021-10-14 17:31:26 - [MESSAGE][INFO] - Smart Wait Function is triggered

2021-10-14 17:31:26 - [MESSAGE][INFO] - Found 1 web elements with id: 'Object Repository/Sayfalar/Giris_Sayfasi/RetveTamam_Butonu' located by 'By.xpath: //*[@class = 'btn btn-default']' in '5' second(s)

2021-10-14 17:31:26 - [MESSAGE][PASSED] - Object 'Object Repository/Sayfalar/Giris_Sayfasi/RetveTamam_Butonu' is present

2021-10-14 17:31:26 - [TEST_STEP][PASSED] - click(findTestObject("Object Repository/Sayfalar/Giris_Sayfasi/RetveTamam_Butonu")): Object: 'Object Repository/Sayfalar/Giris_Sayfasi/RetveTamam_Butonu' is clicked on

2021-10-14 17:31:26 - [MESSAGE][INFO] - Finding Test Object 'Object Repository/Sayfalar/Giris_Sayfasi/RetveTamam_Butonu'

2021-10-14 17:31:26 - [MESSAGE][INFO] - Checking object

2021-10-14 17:31:26 - [MESSAGE][INFO] - Finding web element from Test Object's properties

2021-10-14 17:31:26 - [MESSAGE][INFO] - Checking timeout

2021-10-14 17:31:26 - [MESSAGE][INFO] - Finding web element with id: 'Object Repository/Sayfalar/Giris_Sayfasi/RetveTamam_Butonu' located by 'By.xpath: //*[@class = 'btn btn-default']' in '30' second(s)

2021-10-14 17:31:26 - [MESSAGE][INFO] - Smart Wait Function is triggered

2021-10-14 17:31:26 - [MESSAGE][INFO] - Found 1 web elements with id: 'Object Repository/Sayfalar/Giris_Sayfasi/RetveTamam_Butonu' located by 'By.xpath: //*[@class = 'btn btn-default']' in '30' second(s)

2021-10-14 17:31:26 - [MESSAGE][INFO] - Clicking on object: 'Object Repository/Sayfalar/Giris_Sayfasi/RetveTamam_Butonu'

2021-10-14 17:31:26 - [MESSAGE][PASSED] - Object: 'Object Repository/Sayfalar/Giris_Sayfasi/RetveTamam_Butonu' is clicked on

2021-10-14 17:31:26 - [TEST_STEP][PASSED] - click(findTestObject("Object Repository/Sayfalar/Giris_Sayfasi/RetveTamam_Butonu")): Object: 'Object Repository/Sayfalar/Giris_Sayfasi/RetveTamam_Butonu' is clicked on

2021-10-14 17:31:26 - [MESSAGE][INFO] - Finding Test Object 'Object Repository/Sayfalar/Giris_Sayfasi/RetveTamam_Butonu'

2021-10-14 17:31:27 - [MESSAGE][INFO] - Checking object

2021-10-14 17:31:27 - [MESSAGE][INFO] - Finding web element from Test Object's properties

2021-10-14 17:31:27 - [MESSAGE][INFO] - Checking timeout

2021-10-14 17:31:27 - [MESSAGE][INFO] - Finding web element with id: 'Object Repository/Sayfalar/Giris_Sayfasi/RetveTamam_Butonu' located by 'By.xpath: //*[@class = 'btn btn-default']' in '30' second(s)

2021-10-14 17:31:27 - [MESSAGE][INFO] - Smart Wait Function is triggered

2021-10-14 17:31:30 - [MESSAGE][INFO] - Found 1 web elements with id: 'Object Repository/Sayfalar/Giris_Sayfasi/RetveTamam_Butonu' located by 'By.xpath: //*[@class = 'btn btn-default']' in '30' second(s)

2021-10-14 17:31:30 - [MESSAGE][INFO] - Clicking on object: 'Object Repository/Sayfalar/Giris_Sayfasi/RetveTamam_Butonu'

2021-10-14 17:31:30 - [MESSAGE][PASSED] - Object: 'Object Repository/Sayfalar/Giris_Sayfasi/RetveTamam_Butonu' is clicked on

2021-10-14 17:31:30 - [TEST_STEP][PASSED] - if (verifyElementPresent(findTestObject("Sayfalar/Giris_Sayfasi/PopupOK"), 5, OPTIONAL)): null

2021-10-14 17:31:30 - [MESSAGE][INFO] - Finding Test Object 'Object Repository/Sayfalar/Giris_Sayfasi/PopupOK'

2021-10-14 17:31:30 - [MESSAGE][INFO] - Checking object

2021-10-14 17:31:30 - [MESSAGE][INFO] - Finding web element from Test Object's properties

2021-10-14 17:31:30 - [MESSAGE][INFO] - Checking timeout

2021-10-14 17:31:30 - [MESSAGE][INFO] - Finding web element with id: 'Object Repository/Sayfalar/Giris_Sayfasi/PopupOK' located by 'By.cssSelector: .btn.btn-success' in '5' second(s)

2021-10-14 17:31:30 - [MESSAGE][INFO] - Smart Wait Function is triggered

2021-10-14 17:31:31 - [MESSAGE][INFO] - Found 1 web elements with id: 'Object Repository/Sayfalar/Giris_Sayfasi/PopupOK' located by 'By.cssSelector: .btn.btn-success' in '5' second(s)

2021-10-14 17:31:31 - [MESSAGE][PASSED] - Object 'Object Repository/Sayfalar/Giris_Sayfasi/PopupOK' is present

2021-10-14 17:31:31 - [TEST_STEP][PASSED] - click(findTestObject("Object Repository/Sayfalar/Giris_Sayfasi/PopupCarpiGiris")): Object: 'Object Repository/Sayfalar/Giris_Sayfasi/PopupCarpiGiris' is clicked on

2021-10-14 17:31:31 - [MESSAGE][INFO] - Finding Test Object 'Object Repository/Sayfalar/Giris_Sayfasi/PopupCarpiGiris'

2021-10-14 17:31:31 - [MESSAGE][INFO] - Checking object

2021-10-14 17:31:31 - [MESSAGE][INFO] - Finding web element from Test Object's properties

2021-10-14 17:31:31 - [MESSAGE][INFO] - Checking timeout

2021-10-14 17:31:31 - [MESSAGE][INFO] - Finding web element with id: 'Object Repository/Sayfalar/Giris_Sayfasi/PopupCarpiGiris' located by 'By.cssSelector: .bootbox-close-button.close' in '30' second(s)

2021-10-14 17:31:31 - [MESSAGE][INFO] - Smart Wait Function is triggered

2021-10-14 17:31:31 - [MESSAGE][INFO] - Found 1 web elements with id: 'Object Repository/Sayfalar/Giris_Sayfasi/PopupCarpiGiris' located by 'By.cssSelector: .bootbox-close-button.close' in '30' second(s)

2021-10-14 17:31:31 - [MESSAGE][INFO] - Clicking on object: 'Object Repository/Sayfalar/Giris_Sayfasi/PopupCarpiGiris'

2021-10-14 17:31:31 - [MESSAGE][PASSED] - Object: 'Object Repository/Sayfalar/Giris_Sayfasi/PopupCarpiGiris' is clicked on

2021-10-14 17:31:31 - [TEST_STEP][PASSED] - verifyElementVisible(findTestObject("Object Repository/Kullanici_Islemleri/KullaniciIslemleri")): Object 'Object Repository/Kullanici_Islemleri/KullaniciIslemleri' is visible

2021-10-14 17:31:31 - [MESSAGE][INFO] - Finding Test Object 'Object Repository/Kullanici_Islemleri/KullaniciIslemleri'

2021-10-14 17:31:31 - [MESSAGE][INFO] - Checking object

2021-10-14 17:31:31 - [MESSAGE][INFO] - Finding web element from Test Object's properties

2021-10-14 17:31:31 - [MESSAGE][INFO] - Checking timeout

2021-10-14 17:31:31 - [MESSAGE][INFO] - Finding web element with id: 'Object Repository/Kullanici_Islemleri/KullaniciIslemleri' located by 'By.cssSelector: .dropdown>a>img' in '30' second(s)

2021-10-14 17:31:31 - [MESSAGE][INFO] - Smart Wait Function is triggered

2021-10-14 17:31:32 - [MESSAGE][INFO] - Found 1 web elements with id: 'Object Repository/Kullanici_Islemleri/KullaniciIslemleri' located by 'By.cssSelector: .dropdown>a>img' in '30' second(s)

2021-10-14 17:31:32 - [MESSAGE][PASSED] - Object 'Object Repository/Kullanici_Islemleri/KullaniciIslemleri' is visible

2021-10-14 17:31:32 - [MESSAGE][PASSED] - Call Test Case 'Test Cases/Sayfalar/Giris_Sayfasi/Login' successfully

2021-10-14 17:31:32 - [MESSAGE][INFO] - Checking called Test Case

2021-10-14 17:31:32 - [MESSAGE][INFO] - Starting to call Test Case 'Test Cases/Menu/AnaMenuSecimi'

2021-10-14 17:31:32 - [TEST_CASE][PASSED] - Test Cases/Menu/AnaMenuSecimi: Test Cases/Menu/AnaMenuSecimi

2021-10-14 17:31:32 - [TEST_STEP][PASSED] - Method.TextDegerineEsitElementeTikla(findTestObject("Menu/Ana_Menu"), Ana_Menu): Method.TextDegerineEsitElementeTikla is PASSED

2021-10-14 17:31:32 - [MESSAGE][INFO] - Finding Test Object 'Object Repository/Menu/Ana_Menu'

2021-10-14 17:31:32 - [MESSAGE][INFO] - Checking timeout

2021-10-14 17:31:32 - [MESSAGE][INFO] - Finding web element with id: 'Object Repository/Menu/Ana_Menu' located by 'By.xpath: //*[@class = 'dropdown-toggle']' in '10' second(s)

2021-10-14 17:31:32 - [MESSAGE][INFO] - Smart Wait Function is triggered

2021-10-14 17:31:32 - [MESSAGE][INFO] - Found 14 web elements with id: 'Object Repository/Menu/Ana_Menu' located by 'By.xpath: //*[@class = 'dropdown-toggle']' in '10' second(s)

2021-10-14 17:31:32 - [MESSAGE][PASSED] - Method.TextDegerineEsitElementeTikla is PASSED

2021-10-14 17:31:32 - [MESSAGE][PASSED] - Call Test Case 'Test Cases/Menu/AnaMenuSecimi' successfully

2021-10-14 17:31:32 - [MESSAGE][INFO] - Checking called Test Case

2021-10-14 17:31:32 - [MESSAGE][INFO] - Starting to call Test Case 'Test Cases/Menu/BasligaGoreAltMenuSecimi'

2021-10-14 17:31:32 - [TEST_CASE][PASSED] - Test Cases/Menu/BasligaGoreAltMenuSecimi: Test Cases/Menu/BasligaGoreAltMenuSecimi

2021-10-14 17:31:32 - [TEST_STEP][PASSED] - Method.TextDegerineEsitElementinAltindakiTextDegerineEsitOlanaTikla(findTestObject("Menu/Menu_Basligi"), findTestObject("Menu/Basliga_Gore_Alt_Menu"), Baslik, Alt_Menu): Method.TextDegerineEsitElementinAltindakiTextDegerineEsitOlanaTikla is PASSED

2021-10-14 17:31:32 - [MESSAGE][INFO] - Finding Test Object 'Object Repository/Menu/Menu_Basligi'

2021-10-14 17:31:32 - [MESSAGE][INFO] - Finding Test Object 'Object Repository/Menu/Basliga_Gore_Alt_Menu'

2021-10-14 17:31:33 - [MESSAGE][INFO] - Checking timeout

2021-10-14 17:31:33 - [MESSAGE][INFO] - Finding web element with id: 'Object Repository/Menu/Menu_Basligi' located by 'By.xpath: //li[@class='dropdown dropdown-large open']//li[@class='dropdown-header']' in '10' second(s)

2021-10-14 17:31:33 - [MESSAGE][INFO] - Smart Wait Function is triggered

2021-10-14 17:31:33 - [MESSAGE][INFO] - Found 3 web elements with id: 'Object Repository/Menu/Menu_Basligi' located by 'By.xpath: //li[@class='dropdown dropdown-large open']//li[@class='dropdown-header']' in '10' second(s)

2021-10-14 17:31:33 - [MESSAGE][INFO] - Smart Wait Function is triggered

2021-10-14 17:31:35 - [MESSAGE][PASSED] - Method.TextDegerineEsitElementinAltindakiTextDegerineEsitOlanaTikla is PASSED

2021-10-14 17:31:35 - [MESSAGE][PASSED] - Call Test Case 'Test Cases/Menu/BasligaGoreAltMenuSecimi' successfully

2021-10-14 17:31:35 - [MESSAGE][INFO] - Checking called Test Case

2021-10-14 17:31:35 - [MESSAGE][INFO] - Starting to call Test Case 'Test Cases/Filtreler/TumHesaplar'

2021-10-14 17:31:35 - [TEST_CASE][PASSED] - Test Cases/Filtreler/TumHesaplar: Test Cases/Filtreler/TumHesaplar

2021-10-14 17:31:35 - [TEST_STEP][PASSED] - waitForElementClickable(findTestObject("Filtreler/TumHesaplar"), 10): Object 'Object Repository/Filtreler/TumHesaplar' is clickable

2021-10-14 17:31:35 - [MESSAGE][INFO] - Finding Test Object 'Object Repository/Filtreler/TumHesaplar'

2021-10-14 17:31:35 - [MESSAGE][INFO] - Checking object

2021-10-14 17:31:35 - [MESSAGE][INFO] - Checking timeout

2021-10-14 17:31:35 - [MESSAGE][INFO] - Finding web element from Test Object's properties

2021-10-14 17:31:35 - [MESSAGE][INFO] - Checking timeout

2021-10-14 17:31:35 - [MESSAGE][INFO] - Finding web element with id: 'Object Repository/Filtreler/TumHesaplar' located by 'By.xpath: //*[@id = 'checkboxGetGroupAccount_S_D']' in '10' second(s)

2021-10-14 17:31:35 - [MESSAGE][INFO] - Smart Wait Function is triggered

2021-10-14 17:31:36 - [MESSAGE][INFO] - Found 1 web elements with id: 'Object Repository/Filtreler/TumHesaplar' located by 'By.xpath: //*[@id = 'checkboxGetGroupAccount_S_D']' in '10' second(s)

2021-10-14 17:31:36 - [MESSAGE][PASSED] - Object 'Object Repository/Filtreler/TumHesaplar' is clickable

2021-10-14 17:31:36 - [TEST_STEP][PASSED] - click(findTestObject("Filtreler/TumHesaplar")): Object: 'Object Repository/Filtreler/TumHesaplar' is clicked on

2021-10-14 17:31:36 - [MESSAGE][INFO] - Finding Test Object 'Object Repository/Filtreler/TumHesaplar'

2021-10-14 17:31:36 - [MESSAGE][INFO] - Checking object

2021-10-14 17:31:36 - [MESSAGE][INFO] - Finding web element from Test Object's properties

2021-10-14 17:31:36 - [MESSAGE][INFO] - Checking timeout

2021-10-14 17:31:36 - [MESSAGE][INFO] - Finding web element with id: 'Object Repository/Filtreler/TumHesaplar' located by 'By.xpath: //*[@id = 'checkboxGetGroupAccount_S_D']' in '30' second(s)

2021-10-14 17:31:36 - [MESSAGE][INFO] - Smart Wait Function is triggered

2021-10-14 17:31:36 - [MESSAGE][INFO] - Found 1 web elements with id: 'Object Repository/Filtreler/TumHesaplar' located by 'By.xpath: //*[@id = 'checkboxGetGroupAccount_S_D']' in '30' second(s)

2021-10-14 17:31:36 - [MESSAGE][INFO] - Clicking on object: 'Object Repository/Filtreler/TumHesaplar'

2021-10-14 17:31:36 - [MESSAGE][PASSED] - Object: 'Object Repository/Filtreler/TumHesaplar' is clicked on

2021-10-14 17:31:36 - [MESSAGE][PASSED] - Call Test Case 'Test Cases/Filtreler/TumHesaplar' successfully

2021-10-14 17:31:36 - [MESSAGE][INFO] - Checking called Test Case

2021-10-14 17:31:36 - [MESSAGE][INFO] - Starting to call Test Case 'Test Cases/Filtreler/ButonaTikla'

2021-10-14 17:31:36 - [TEST_CASE][PASSED] - Test Cases/Filtreler/ButonaTikla: Test Cases/Filtreler/ButonaTikla

2021-10-14 17:31:36 - [TEST_STEP][PASSED] - Method.TextDegerineEsitElementeTikla(findTestObject("Filtreler/Butonlar"), Filtre_Buton): Method.TextDegerineEsitElementeTikla is PASSED

2021-10-14 17:31:36 - [MESSAGE][INFO] - Finding Test Object 'Object Repository/Filtreler/Butonlar'

2021-10-14 17:31:37 - [MESSAGE][INFO] - Checking timeout

2021-10-14 17:31:37 - [MESSAGE][INFO] - Finding web element with id: 'Object Repository/Filtreler/Butonlar' located by 'By.cssSelector: .dxb>span' in '10' second(s)

2021-10-14 17:31:37 - [MESSAGE][INFO] - Smart Wait Function is triggered

2021-10-14 17:31:37 - [MESSAGE][INFO] - Found 3 web elements with id: 'Object Repository/Filtreler/Butonlar' located by 'By.cssSelector: .dxb>span' in '10' second(s)

2021-10-14 17:31:37 - [MESSAGE][PASSED] - Method.TextDegerineEsitElementeTikla is PASSED

2021-10-14 17:31:37 - [MESSAGE][PASSED] - Call Test Case 'Test Cases/Filtreler/ButonaTikla' successfully

2021-10-14 17:31:37 - [MESSAGE][INFO] - Checking called Test Case

2021-10-14 17:31:37 - [MESSAGE][INFO] - Starting to call Test Case 'Test Cases/Kullanici_Islemleri/KullaniciIslemlerindenSecimYapilir'

2021-10-14 17:31:37 - [TEST_CASE][PASSED] - Test Cases/Kullanici_Islemleri/KullaniciIslemlerindenSecimYapilir: Test Cases/Kullanici_Islemleri/KullaniciIslemlerindenSecimYapilir

2021-10-14 17:31:37 - [TEST_STEP][PASSED] - waitForElementClickable(findTestObject("Object Repository/Kullanici_Islemleri/KullaniciIslemleri"), 10): Object 'Object Repository/Kullanici_Islemleri/KullaniciIslemleri' is clickable

2021-10-14 17:31:37 - [MESSAGE][INFO] - Finding Test Object 'Object Repository/Kullanici_Islemleri/KullaniciIslemleri'

2021-10-14 17:31:37 - [MESSAGE][INFO] - Checking object

2021-10-14 17:31:37 - [MESSAGE][INFO] - Checking timeout

2021-10-14 17:31:37 - [MESSAGE][INFO] - Finding web element from Test Object's properties

2021-10-14 17:31:37 - [MESSAGE][INFO] - Checking timeout

2021-10-14 17:31:37 - [MESSAGE][INFO] - Finding web element with id: 'Object Repository/Kullanici_Islemleri/KullaniciIslemleri' located by 'By.cssSelector: .dropdown>a>img' in '10' second(s)

2021-10-14 17:31:37 - [MESSAGE][INFO] - Smart Wait Function is triggered

2021-10-14 17:31:38 - [MESSAGE][INFO] - Found 1 web elements with id: 'Object Repository/Kullanici_Islemleri/KullaniciIslemleri' located by 'By.cssSelector: .dropdown>a>img' in '10' second(s)

2021-10-14 17:31:38 - [MESSAGE][PASSED] - Object 'Object Repository/Kullanici_Islemleri/KullaniciIslemleri' is clickable

2021-10-14 17:31:38 - [TEST_STEP][PASSED] - click(findTestObject("Object Repository/Kullanici_Islemleri/KullaniciIslemleri")): Object: 'Object Repository/Kullanici_Islemleri/KullaniciIslemleri' is clicked on

2021-10-14 17:31:38 - [MESSAGE][INFO] - Finding Test Object 'Object Repository/Kullanici_Islemleri/KullaniciIslemleri'

2021-10-14 17:31:38 - [MESSAGE][INFO] - Checking object

2021-10-14 17:31:38 - [MESSAGE][INFO] - Finding web element from Test Object's properties

2021-10-14 17:31:38 - [MESSAGE][INFO] - Checking timeout

2021-10-14 17:31:38 - [MESSAGE][INFO] - Finding web element with id: 'Object Repository/Kullanici_Islemleri/KullaniciIslemleri' located by 'By.cssSelector: .dropdown>a>img' in '30' second(s)

2021-10-14 17:31:38 - [MESSAGE][INFO] - Smart Wait Function is triggered

2021-10-14 17:31:38 - [MESSAGE][INFO] - Found 1 web elements with id: 'Object Repository/Kullanici_Islemleri/KullaniciIslemleri' located by 'By.cssSelector: .dropdown>a>img' in '30' second(s)

2021-10-14 17:31:38 - [MESSAGE][INFO] - Clicking on object: 'Object Repository/Kullanici_Islemleri/KullaniciIslemleri'

2021-10-14 17:31:38 - [MESSAGE][PASSED] - Object: 'Object Repository/Kullanici_Islemleri/KullaniciIslemleri' is clicked on

2021-10-14 17:31:38 - [TEST_STEP][PASSED] - Method.TextDegerineEsitElementeTikla(findTestObject("Object Repository/Kullanici_Islemleri/Secenekler"), Islem): Method.TextDegerineEsitElementeTikla is PASSED

2021-10-14 17:31:38 - [MESSAGE][INFO] - Finding Test Object 'Object Repository/Kullanici_Islemleri/Secenekler'

2021-10-14 17:31:38 - [MESSAGE][INFO] - Checking timeout

2021-10-14 17:31:38 - [MESSAGE][INFO] - Finding web element with id: 'Object Repository/Kullanici_Islemleri/Secenekler' located by 'By.cssSelector: .nav.navbar-nav.navbar-right li a' in '10' second(s)

2021-10-14 17:31:38 - [MESSAGE][INFO] - Smart Wait Function is triggered

2021-10-14 17:31:39 - [MESSAGE][INFO] - Found 22 web elements with id: 'Object Repository/Kullanici_Islemleri/Secenekler' located by 'By.cssSelector: .nav.navbar-nav.navbar-right li a' in '10' second(s)

2021-10-14 17:31:41 - [MESSAGE][PASSED] - Method.TextDegerineEsitElementeTikla is PASSED

2021-10-14 17:31:41 - [TEST_STEP][PASSED] - verifyElementNotPresent(findTestObject("Object Repository/Kullanici_Islemleri/Secenekler"), 10): Web element with id: 'Object Repository/Kullanici_Islemleri/Secenekler' located by 'By.cssSelector: .nav.navbar-nav.navbar-right li a' is not present after '10' second(s)

2021-10-14 17:31:41 - [MESSAGE][INFO] - Finding Test Object 'Object Repository/Kullanici_Islemleri/Secenekler'

2021-10-14 17:31:42 - [MESSAGE][INFO] - Checking object

2021-10-14 17:31:42 - [MESSAGE][INFO] - Checking timeout

2021-10-14 17:31:42 - [MESSAGE][INFO] - Finding web element with id: 'Object Repository/Kullanici_Islemleri/Secenekler' located by 'By.cssSelector: .nav.navbar-nav.navbar-right li a' in '10' second(s)

2021-10-14 17:31:42 - [MESSAGE][INFO] - Smart Wait Function is triggered

2021-10-14 17:31:42 - [MESSAGE][PASSED] - Web element with id: 'Object Repository/Kullanici_Islemleri/Secenekler' located by 'By.cssSelector: .nav.navbar-nav.navbar-right li a' is not present after '10' second(s)

2021-10-14 17:31:42 - [MESSAGE][PASSED] - Call Test Case 'Test Cases/Kullanici_Islemleri/KullaniciIslemlerindenSecimYapilir' successfully

2021-10-14 17:31:42 - [TEST_CASE][PASSED] - Start Test Case : SCENARIO e-Fatura Giden Kutusu Uygulama Yanitlari Tum Hesaplar Kontrolu: SCENARIO e-Fatura Giden Kutusu Uygulama Yanitlari Tum Hesaplar Kontrolu

2021-10-14 17:31:42 - [TEST_STEP][PASSED] - Kullanıcı adı ELOGO6 ve Şifre 123456 olarak giriş yapılır: Kullanıcı adı ELOGO6 ve Şifre 123456 olarak giriş yapılır

2021-10-14 17:31:42 - [MESSAGE][PASSED] - Kullanıcı adı ELOGO6 ve Şifre 123456 olarak giriş yapılır

2021-10-14 17:31:42 - [TEST_STEP][PASSED] - Ana menüden e-Fatura seçilir: Ana menüden e-Fatura seçilir

2021-10-14 17:31:42 - [MESSAGE][PASSED] - Ana menüden e-Fatura seçilir

2021-10-14 17:31:42 - [TEST_STEP][PASSED] - Alt menü Giden Kutusu başlığı altındaki Uygulama Yanıtları seçilir: Alt menü Giden Kutusu başlığı altındaki Uygulama Yanıtları seçilir

2021-10-14 17:31:42 - [MESSAGE][PASSED] - Alt menü Giden Kutusu başlığı altındaki Uygulama Yanıtları seçilir

2021-10-14 17:31:42 - [TEST_STEP][PASSED] - Filtre butonlarından Tüm Hesaplar butonuna tıklanır: Filtre butonlarından Tüm Hesaplar butonuna tıklanır

2021-10-14 17:31:42 - [MESSAGE][PASSED] - Filtre butonlarından Tüm Hesaplar butonuna tıklanır

2021-10-14 17:31:42 - [TEST_STEP][PASSED] - Filtre butonlarından Listele seçilir: Filtre butonlarından Listele seçilir

2021-10-14 17:31:42 - [MESSAGE][PASSED] - Filtre butonlarından Listele seçilir

2021-10-14 17:31:42 - [TEST_STEP][PASSED] - Kullanıcı işlemlerinden Çıkış seçilir: Kullanıcı işlemlerinden Çıkış seçilir

2021-10-14 17:31:42 - [MESSAGE][PASSED] - Kullanıcı işlemlerinden Çıkış seçilir

2021-10-14 17:31:42 - [MESSAGE][PASSED] - Feature file: 'Include/features/e-Fatura/Giden Kutusu/Uygulama Yanıtlari/Tum Hesaplar Kontrolu.feature' was passed

2021-10-14 17:31:42 - [TEST_STEP][PASSED] - Start listener action : sampleAfterTestSuite: Invoke 'com.kms.katalon.core.annotation.AfterTestCase' method: 'Listener.sampleAfterTestSuite(...)' completed.

2021-10-14 17:31:42 - [MESSAGE][INFO] - Starting invoke 'com.kms.katalon.core.annotation.AfterTestCase' method: 'Listener.sampleAfterTestSuite(...)'

2021-10-14 17:31:42 - [TEST_STEP][PASSED] - closeBrowser(): Invoke 'com.kms.katalon.core.annotation.AfterTestCase' method: 'Listener.sampleAfterTestSuite(...)' completed.

2021-10-14 17:31:42 - [MESSAGE][INFO] - Closing browser

2021-10-14 17:31:43 - [MESSAGE][PASSED] - Browser is closed

2021-10-14 17:31:43 - [MESSAGE][INFO] - Invoke 'com.kms.katalon.core.annotation.AfterTestCase' method: 'Listener.sampleAfterTestSuite(...)' completed.]]></system-out>
         <system-err><![CDATA[]]></system-err>
      </testcase>
      <testcase name="Test Cases/Case Repository/e-Fatura/Giden Kutusu/Uygulama Yanitlari/UBL-Goster-Indir" time="36.769" classname="Test Cases/Case Repository/e-Fatura/Giden Kutusu/Uygulama Yanitlari/UBL-Goster-Indir" status="PASSED">
         <system-out><![CDATA[2021-10-14 17:31:43 - [TEST_CASE][PASSED] - Test Cases/Case Repository/e-Fatura/Giden Kutusu/Uygulama Yanitlari/UBL-Goster-Indir: Test Cases/Case Repository/e-Fatura/Giden Kutusu/Uygulama Yanitlari/UBL-Goster-Indir

2021-10-14 17:31:43 - [TEST_STEP][PASSED] - Start listener action : sampleBeforeTestSuite: Invoke 'com.kms.katalon.core.annotation.BeforeTestCase' method: 'Listener.sampleBeforeTestSuite(...)' completed.

2021-10-14 17:31:43 - [MESSAGE][INFO] - Starting invoke 'com.kms.katalon.core.annotation.BeforeTestCase' method: 'Listener.sampleBeforeTestSuite(...)'

2021-10-14 17:31:43 - [TEST_STEP][PASSED] - openBrowser(baseUrl): Browser is opened with url: 'https://efatura-stage.elogo.com.tr/'

2021-10-14 17:31:43 - [MESSAGE][INFO] - Opening browser

2021-10-14 17:31:43 - [MESSAGE][INFO] - Starting 'Chrome' driver

2021-10-14 17:31:43 - [MESSAGE][INFO] - User set preference: ['prefs', '{download.default_directory=C:\otomasyondownfiles}']

2021-10-14 17:31:43 - [MESSAGE][INFO] - Action delay is set to 0 milliseconds

2021-10-14 17:31:44 - [MESSAGE][INFO] - Navigating browser to: 'https://efatura-stage.elogo.com.tr/'

2021-10-14 17:31:47 - [MESSAGE][PASSED] - Browser is opened with url: 'https://efatura-stage.elogo.com.tr/'

2021-10-14 17:31:47 - [TEST_STEP][PASSED] - maximizeWindow(): Invoke 'com.kms.katalon.core.annotation.BeforeTestCase' method: 'Listener.sampleBeforeTestSuite(...)' completed.

2021-10-14 17:31:47 - [MESSAGE][INFO] - Maximizing current window

2021-10-14 17:31:47 - [MESSAGE][PASSED] - Current window maximized

2021-10-14 17:31:47 - [MESSAGE][INFO] - Invoke 'com.kms.katalon.core.annotation.BeforeTestCase' method: 'Listener.sampleBeforeTestSuite(...)' completed.

2021-10-14 17:31:47 - [TEST_STEP][PASSED] - runFeatureFile("Include/features/e-Fatura/Giden Kutusu/Uygulama Yanıtlari/UBL-Goster-Indir.feature"): Feature file: 'Include/features/e-Fatura/Giden Kutusu/Uygulama Yanıtlari/UBL-Goster-Indir.feature' was passed

2021-10-14 17:31:47 - [MESSAGE][INFO] - Starting run keyword runFeatureFile: 'Include/features/e-Fatura/Giden Kutusu/Uygulama Yanıtlari/UBL-Goster-Indir.feature' and extract report to folder: 'C:\Users\DELL\Downloads\EES_Katalon-main\Reports\20211014_170112\Suite Repository\e-Fatura\20211014_170113/cucumber_report/1634221907965'...

2021-10-14 17:31:47 - [MESSAGE][INFO] - Glue: []

2021-10-14 17:31:48 - [MESSAGE][INFO] - Checking called Test Case

2021-10-14 17:31:48 - [MESSAGE][INFO] - Starting to call Test Case 'Test Cases/Sayfalar/Giris_Sayfasi/Login'

2021-10-14 17:31:48 - [TEST_CASE][PASSED] - Test Cases/Sayfalar/Giris_Sayfasi/Login: Test Cases/Sayfalar/Giris_Sayfasi/Login

2021-10-14 17:31:48 - [TEST_STEP][PASSED] - Sayfa_Basligi = getWindowTitle(): Current window's title is: 'LOGO e-Fatura'

2021-10-14 17:31:48 - [MESSAGE][INFO] - Getting current window's title

2021-10-14 17:31:48 - [MESSAGE][PASSED] - Current window's title is: 'LOGO e-Fatura'

2021-10-14 17:31:48 - [TEST_STEP][PASSED] - verifyMatch(Sayfa_Basligi, "LOGO e-Fatura", false): Actual text 'LOGO e-Fatura' and expected text 'LOGO e-Fatura' are matched 

2021-10-14 17:31:48 - [MESSAGE][INFO] - Matching actual text 'LOGO e-Fatura' with expected text 'LOGO e-Fatura'

2021-10-14 17:31:48 - [MESSAGE][PASSED] - Actual text 'LOGO e-Fatura' and expected text 'LOGO e-Fatura' are matched 

2021-10-14 17:31:48 - [TEST_STEP][PASSED] - sendKeys(findTestObject("Sayfalar/Giris_Sayfasi/Firma_Kodu"), KullaniciAdi): Keys 'ELOGO6' sent to object: 'Object Repository/Sayfalar/Giris_Sayfasi/Firma_Kodu'

2021-10-14 17:31:48 - [MESSAGE][INFO] - Finding Test Object 'Object Repository/Sayfalar/Giris_Sayfasi/Firma_Kodu'

2021-10-14 17:31:48 - [MESSAGE][INFO] - Sending keys 'ELOGO6' to object: 'Object Repository/Sayfalar/Giris_Sayfasi/Firma_Kodu'

2021-10-14 17:31:48 - [MESSAGE][INFO] - Finding web element from Test Object's properties

2021-10-14 17:31:48 - [MESSAGE][INFO] - Checking timeout

2021-10-14 17:31:48 - [MESSAGE][INFO] - Finding web element with id: 'Object Repository/Sayfalar/Giris_Sayfasi/Firma_Kodu' located by 'By.xpath: //*[@id = 'AccountName']' in '30' second(s)

2021-10-14 17:31:48 - [MESSAGE][INFO] - Smart Wait Function is triggered

2021-10-14 17:31:48 - [MESSAGE][INFO] - Found 1 web elements with id: 'Object Repository/Sayfalar/Giris_Sayfasi/Firma_Kodu' located by 'By.xpath: //*[@id = 'AccountName']' in '30' second(s)

2021-10-14 17:31:49 - [MESSAGE][PASSED] - Keys 'ELOGO6' sent to object: 'Object Repository/Sayfalar/Giris_Sayfasi/Firma_Kodu'

2021-10-14 17:31:49 - [TEST_STEP][PASSED] - sendKeys(findTestObject("Sayfalar/Giris_Sayfasi/Sifre"), Sifre): Keys '123456' sent to object: 'Object Repository/Sayfalar/Giris_Sayfasi/Sifre'

2021-10-14 17:31:49 - [MESSAGE][INFO] - Finding Test Object 'Object Repository/Sayfalar/Giris_Sayfasi/Sifre'

2021-10-14 17:31:49 - [MESSAGE][INFO] - Sending keys '123456' to object: 'Object Repository/Sayfalar/Giris_Sayfasi/Sifre'

2021-10-14 17:31:49 - [MESSAGE][INFO] - Finding web element from Test Object's properties

2021-10-14 17:31:49 - [MESSAGE][INFO] - Checking timeout

2021-10-14 17:31:49 - [MESSAGE][INFO] - Finding web element with id: 'Object Repository/Sayfalar/Giris_Sayfasi/Sifre' located by 'By.xpath: //*[@id = 'Password']' in '30' second(s)

2021-10-14 17:31:49 - [MESSAGE][INFO] - Smart Wait Function is triggered

2021-10-14 17:31:49 - [MESSAGE][INFO] - Found 1 web elements with id: 'Object Repository/Sayfalar/Giris_Sayfasi/Sifre' located by 'By.xpath: //*[@id = 'Password']' in '30' second(s)

2021-10-14 17:31:49 - [MESSAGE][PASSED] - Keys '123456' sent to object: 'Object Repository/Sayfalar/Giris_Sayfasi/Sifre'

2021-10-14 17:31:49 - [TEST_STEP][PASSED] - findWebElement(findTestObject("Sayfalar/Giris_Sayfasi/Giris_Butonu")).click(): Found 1 web elements with id: 'Object Repository/Sayfalar/Giris_Sayfasi/Giris_Butonu' located by 'By.cssSelector: #btnLogin' in '30' second(s)

2021-10-14 17:31:49 - [MESSAGE][INFO] - Finding Test Object 'Object Repository/Sayfalar/Giris_Sayfasi/Giris_Butonu'

2021-10-14 17:31:49 - [MESSAGE][INFO] - Finding web element from Test Object's properties

2021-10-14 17:31:49 - [MESSAGE][INFO] - Checking timeout

2021-10-14 17:31:49 - [MESSAGE][INFO] - Finding web element with id: 'Object Repository/Sayfalar/Giris_Sayfasi/Giris_Butonu' located by 'By.cssSelector: #btnLogin' in '30' second(s)

2021-10-14 17:31:49 - [MESSAGE][INFO] - Smart Wait Function is triggered

2021-10-14 17:31:50 - [MESSAGE][INFO] - Found 1 web elements with id: 'Object Repository/Sayfalar/Giris_Sayfasi/Giris_Butonu' located by 'By.cssSelector: #btnLogin' in '30' second(s)

2021-10-14 17:31:52 - [TEST_STEP][PASSED] - if (verifyElementPresent(findTestObject("Object Repository/Sayfalar/Giris_Sayfasi/RetveTamam_Butonu"), 5, OPTIONAL)): null

2021-10-14 17:31:52 - [MESSAGE][INFO] - Finding Test Object 'Object Repository/Sayfalar/Giris_Sayfasi/RetveTamam_Butonu'

2021-10-14 17:31:52 - [MESSAGE][INFO] - Checking object

2021-10-14 17:31:52 - [MESSAGE][INFO] - Finding web element from Test Object's properties

2021-10-14 17:31:52 - [MESSAGE][INFO] - Checking timeout

2021-10-14 17:31:52 - [MESSAGE][INFO] - Finding web element with id: 'Object Repository/Sayfalar/Giris_Sayfasi/RetveTamam_Butonu' located by 'By.xpath: //*[@class = 'btn btn-default']' in '5' second(s)

2021-10-14 17:31:52 - [MESSAGE][INFO] - Smart Wait Function is triggered

2021-10-14 17:31:52 - [MESSAGE][INFO] - Found 1 web elements with id: 'Object Repository/Sayfalar/Giris_Sayfasi/RetveTamam_Butonu' located by 'By.xpath: //*[@class = 'btn btn-default']' in '5' second(s)

2021-10-14 17:31:52 - [MESSAGE][PASSED] - Object 'Object Repository/Sayfalar/Giris_Sayfasi/RetveTamam_Butonu' is present

2021-10-14 17:31:52 - [TEST_STEP][PASSED] - click(findTestObject("Object Repository/Sayfalar/Giris_Sayfasi/RetveTamam_Butonu")): Object: 'Object Repository/Sayfalar/Giris_Sayfasi/RetveTamam_Butonu' is clicked on

2021-10-14 17:31:52 - [MESSAGE][INFO] - Finding Test Object 'Object Repository/Sayfalar/Giris_Sayfasi/RetveTamam_Butonu'

2021-10-14 17:31:52 - [MESSAGE][INFO] - Checking object

2021-10-14 17:31:52 - [MESSAGE][INFO] - Finding web element from Test Object's properties

2021-10-14 17:31:52 - [MESSAGE][INFO] - Checking timeout

2021-10-14 17:31:52 - [MESSAGE][INFO] - Finding web element with id: 'Object Repository/Sayfalar/Giris_Sayfasi/RetveTamam_Butonu' located by 'By.xpath: //*[@class = 'btn btn-default']' in '30' second(s)

2021-10-14 17:31:52 - [MESSAGE][INFO] - Smart Wait Function is triggered

2021-10-14 17:31:53 - [MESSAGE][INFO] - Found 1 web elements with id: 'Object Repository/Sayfalar/Giris_Sayfasi/RetveTamam_Butonu' located by 'By.xpath: //*[@class = 'btn btn-default']' in '30' second(s)

2021-10-14 17:31:53 - [MESSAGE][INFO] - Clicking on object: 'Object Repository/Sayfalar/Giris_Sayfasi/RetveTamam_Butonu'

2021-10-14 17:31:53 - [MESSAGE][PASSED] - Object: 'Object Repository/Sayfalar/Giris_Sayfasi/RetveTamam_Butonu' is clicked on

2021-10-14 17:31:53 - [TEST_STEP][PASSED] - click(findTestObject("Object Repository/Sayfalar/Giris_Sayfasi/RetveTamam_Butonu")): Object: 'Object Repository/Sayfalar/Giris_Sayfasi/RetveTamam_Butonu' is clicked on

2021-10-14 17:31:53 - [MESSAGE][INFO] - Finding Test Object 'Object Repository/Sayfalar/Giris_Sayfasi/RetveTamam_Butonu'

2021-10-14 17:31:53 - [MESSAGE][INFO] - Checking object

2021-10-14 17:31:53 - [MESSAGE][INFO] - Finding web element from Test Object's properties

2021-10-14 17:31:53 - [MESSAGE][INFO] - Checking timeout

2021-10-14 17:31:53 - [MESSAGE][INFO] - Finding web element with id: 'Object Repository/Sayfalar/Giris_Sayfasi/RetveTamam_Butonu' located by 'By.xpath: //*[@class = 'btn btn-default']' in '30' second(s)

2021-10-14 17:31:53 - [MESSAGE][INFO] - Smart Wait Function is triggered

2021-10-14 17:31:55 - [MESSAGE][INFO] - Found 1 web elements with id: 'Object Repository/Sayfalar/Giris_Sayfasi/RetveTamam_Butonu' located by 'By.xpath: //*[@class = 'btn btn-default']' in '30' second(s)

2021-10-14 17:31:55 - [MESSAGE][INFO] - Clicking on object: 'Object Repository/Sayfalar/Giris_Sayfasi/RetveTamam_Butonu'

2021-10-14 17:31:55 - [MESSAGE][PASSED] - Object: 'Object Repository/Sayfalar/Giris_Sayfasi/RetveTamam_Butonu' is clicked on

2021-10-14 17:31:55 - [TEST_STEP][PASSED] - if (verifyElementPresent(findTestObject("Sayfalar/Giris_Sayfasi/PopupOK"), 5, OPTIONAL)): null

2021-10-14 17:31:55 - [MESSAGE][INFO] - Finding Test Object 'Object Repository/Sayfalar/Giris_Sayfasi/PopupOK'

2021-10-14 17:31:55 - [MESSAGE][INFO] - Checking object

2021-10-14 17:31:55 - [MESSAGE][INFO] - Finding web element from Test Object's properties

2021-10-14 17:31:55 - [MESSAGE][INFO] - Checking timeout

2021-10-14 17:31:55 - [MESSAGE][INFO] - Finding web element with id: 'Object Repository/Sayfalar/Giris_Sayfasi/PopupOK' located by 'By.cssSelector: .btn.btn-success' in '5' second(s)

2021-10-14 17:31:55 - [MESSAGE][INFO] - Smart Wait Function is triggered

2021-10-14 17:31:56 - [MESSAGE][INFO] - Found 1 web elements with id: 'Object Repository/Sayfalar/Giris_Sayfasi/PopupOK' located by 'By.cssSelector: .btn.btn-success' in '5' second(s)

2021-10-14 17:31:56 - [MESSAGE][PASSED] - Object 'Object Repository/Sayfalar/Giris_Sayfasi/PopupOK' is present

2021-10-14 17:31:56 - [TEST_STEP][PASSED] - click(findTestObject("Object Repository/Sayfalar/Giris_Sayfasi/PopupCarpiGiris")): Object: 'Object Repository/Sayfalar/Giris_Sayfasi/PopupCarpiGiris' is clicked on

2021-10-14 17:31:56 - [MESSAGE][INFO] - Finding Test Object 'Object Repository/Sayfalar/Giris_Sayfasi/PopupCarpiGiris'

2021-10-14 17:31:56 - [MESSAGE][INFO] - Checking object

2021-10-14 17:31:56 - [MESSAGE][INFO] - Finding web element from Test Object's properties

2021-10-14 17:31:56 - [MESSAGE][INFO] - Checking timeout

2021-10-14 17:31:56 - [MESSAGE][INFO] - Finding web element with id: 'Object Repository/Sayfalar/Giris_Sayfasi/PopupCarpiGiris' located by 'By.cssSelector: .bootbox-close-button.close' in '30' second(s)

2021-10-14 17:31:56 - [MESSAGE][INFO] - Smart Wait Function is triggered

2021-10-14 17:31:56 - [MESSAGE][INFO] - Found 1 web elements with id: 'Object Repository/Sayfalar/Giris_Sayfasi/PopupCarpiGiris' located by 'By.cssSelector: .bootbox-close-button.close' in '30' second(s)

2021-10-14 17:31:56 - [MESSAGE][INFO] - Clicking on object: 'Object Repository/Sayfalar/Giris_Sayfasi/PopupCarpiGiris'

2021-10-14 17:31:56 - [MESSAGE][PASSED] - Object: 'Object Repository/Sayfalar/Giris_Sayfasi/PopupCarpiGiris' is clicked on

2021-10-14 17:31:56 - [TEST_STEP][PASSED] - verifyElementVisible(findTestObject("Object Repository/Kullanici_Islemleri/KullaniciIslemleri")): Object 'Object Repository/Kullanici_Islemleri/KullaniciIslemleri' is visible

2021-10-14 17:31:56 - [MESSAGE][INFO] - Finding Test Object 'Object Repository/Kullanici_Islemleri/KullaniciIslemleri'

2021-10-14 17:31:57 - [MESSAGE][INFO] - Checking object

2021-10-14 17:31:57 - [MESSAGE][INFO] - Finding web element from Test Object's properties

2021-10-14 17:31:57 - [MESSAGE][INFO] - Checking timeout

2021-10-14 17:31:57 - [MESSAGE][INFO] - Finding web element with id: 'Object Repository/Kullanici_Islemleri/KullaniciIslemleri' located by 'By.cssSelector: .dropdown>a>img' in '30' second(s)

2021-10-14 17:31:57 - [MESSAGE][INFO] - Smart Wait Function is triggered

2021-10-14 17:31:57 - [MESSAGE][INFO] - Found 1 web elements with id: 'Object Repository/Kullanici_Islemleri/KullaniciIslemleri' located by 'By.cssSelector: .dropdown>a>img' in '30' second(s)

2021-10-14 17:31:57 - [MESSAGE][PASSED] - Object 'Object Repository/Kullanici_Islemleri/KullaniciIslemleri' is visible

2021-10-14 17:31:57 - [MESSAGE][PASSED] - Call Test Case 'Test Cases/Sayfalar/Giris_Sayfasi/Login' successfully

2021-10-14 17:31:57 - [MESSAGE][INFO] - Checking called Test Case

2021-10-14 17:31:57 - [MESSAGE][INFO] - Starting to call Test Case 'Test Cases/Menu/AnaMenuSecimi'

2021-10-14 17:31:57 - [TEST_CASE][PASSED] - Test Cases/Menu/AnaMenuSecimi: Test Cases/Menu/AnaMenuSecimi

2021-10-14 17:31:57 - [TEST_STEP][PASSED] - Method.TextDegerineEsitElementeTikla(findTestObject("Menu/Ana_Menu"), Ana_Menu): Method.TextDegerineEsitElementeTikla is PASSED

2021-10-14 17:31:57 - [MESSAGE][INFO] - Finding Test Object 'Object Repository/Menu/Ana_Menu'

2021-10-14 17:31:57 - [MESSAGE][INFO] - Checking timeout

2021-10-14 17:31:57 - [MESSAGE][INFO] - Finding web element with id: 'Object Repository/Menu/Ana_Menu' located by 'By.xpath: //*[@class = 'dropdown-toggle']' in '10' second(s)

2021-10-14 17:31:57 - [MESSAGE][INFO] - Smart Wait Function is triggered

2021-10-14 17:31:58 - [MESSAGE][INFO] - Found 14 web elements with id: 'Object Repository/Menu/Ana_Menu' located by 'By.xpath: //*[@class = 'dropdown-toggle']' in '10' second(s)

2021-10-14 17:31:58 - [MESSAGE][PASSED] - Method.TextDegerineEsitElementeTikla is PASSED

2021-10-14 17:31:58 - [MESSAGE][PASSED] - Call Test Case 'Test Cases/Menu/AnaMenuSecimi' successfully

2021-10-14 17:31:58 - [MESSAGE][INFO] - Checking called Test Case

2021-10-14 17:31:58 - [MESSAGE][INFO] - Starting to call Test Case 'Test Cases/Menu/BasligaGoreAltMenuSecimi'

2021-10-14 17:31:58 - [TEST_CASE][PASSED] - Test Cases/Menu/BasligaGoreAltMenuSecimi: Test Cases/Menu/BasligaGoreAltMenuSecimi

2021-10-14 17:31:58 - [TEST_STEP][PASSED] - Method.TextDegerineEsitElementinAltindakiTextDegerineEsitOlanaTikla(findTestObject("Menu/Menu_Basligi"), findTestObject("Menu/Basliga_Gore_Alt_Menu"), Baslik, Alt_Menu): Method.TextDegerineEsitElementinAltindakiTextDegerineEsitOlanaTikla is PASSED

2021-10-14 17:31:58 - [MESSAGE][INFO] - Finding Test Object 'Object Repository/Menu/Menu_Basligi'

2021-10-14 17:31:58 - [MESSAGE][INFO] - Finding Test Object 'Object Repository/Menu/Basliga_Gore_Alt_Menu'

2021-10-14 17:31:58 - [MESSAGE][INFO] - Checking timeout

2021-10-14 17:31:58 - [MESSAGE][INFO] - Finding web element with id: 'Object Repository/Menu/Menu_Basligi' located by 'By.xpath: //li[@class='dropdown dropdown-large open']//li[@class='dropdown-header']' in '10' second(s)

2021-10-14 17:31:58 - [MESSAGE][INFO] - Smart Wait Function is triggered

2021-10-14 17:31:58 - [MESSAGE][INFO] - Found 3 web elements with id: 'Object Repository/Menu/Menu_Basligi' located by 'By.xpath: //li[@class='dropdown dropdown-large open']//li[@class='dropdown-header']' in '10' second(s)

2021-10-14 17:31:58 - [MESSAGE][INFO] - Smart Wait Function is triggered

2021-10-14 17:32:01 - [MESSAGE][PASSED] - Method.TextDegerineEsitElementinAltindakiTextDegerineEsitOlanaTikla is PASSED

2021-10-14 17:32:01 - [MESSAGE][PASSED] - Call Test Case 'Test Cases/Menu/BasligaGoreAltMenuSecimi' successfully

2021-10-14 17:32:01 - [MESSAGE][INFO] - Checking called Test Case

2021-10-14 17:32:01 - [MESSAGE][INFO] - Starting to call Test Case 'Test Cases/Filtreler/BaslangicYaz'

2021-10-14 17:32:01 - [TEST_CASE][PASSED] - Test Cases/Filtreler/BaslangicYaz: Test Cases/Filtreler/BaslangicYaz

2021-10-14 17:32:01 - [TEST_STEP][PASSED] - Method.TextDegerineEsitElementinAltindakineTikla(findTestObject("Filtreler/Basliklar"), findTestObject("Filtreler/Basliga_Gore_Baslangic_Image"), Filtre_Adi): Method.TextDegerineEsitElementinAltindakineTikla is PASSED

2021-10-14 17:32:01 - [MESSAGE][INFO] - Finding Test Object 'Object Repository/Filtreler/Basliklar'

2021-10-14 17:32:01 - [MESSAGE][INFO] - Finding Test Object 'Object Repository/Filtreler/Basliga_Gore_Baslangic_Image'

2021-10-14 17:32:01 - [MESSAGE][INFO] - Checking timeout

2021-10-14 17:32:01 - [MESSAGE][INFO] - Finding web element with id: 'Object Repository/Filtreler/Basliklar' located by 'By.cssSelector: .control-label.col-sm-4.paddingMarginRLC' in '10' second(s)

2021-10-14 17:32:01 - [MESSAGE][INFO] - Smart Wait Function is triggered

2021-10-14 17:32:02 - [MESSAGE][INFO] - Found 13 web elements with id: 'Object Repository/Filtreler/Basliklar' located by 'By.cssSelector: .control-label.col-sm-4.paddingMarginRLC' in '10' second(s)

2021-10-14 17:32:02 - [MESSAGE][INFO] - Smart Wait Function is triggered

2021-10-14 17:32:02 - [MESSAGE][PASSED] - Method.TextDegerineEsitElementinAltindakineTikla is PASSED

2021-10-14 17:32:02 - [TEST_STEP][PASSED] - Method.TextDegerineEsitElementinAltindakiTextboxtaYaz(findTestObject("Filtreler/Basliklar"), findTestObject("Filtreler/Basliga_Gore_Baslangic"), Filtre_Adi, Filtre_Degeri): Method.TextDegerineEsitElementinAltindakiTextboxtaYaz is PASSED

2021-10-14 17:32:02 - [MESSAGE][INFO] - Finding Test Object 'Object Repository/Filtreler/Basliklar'

2021-10-14 17:32:02 - [MESSAGE][INFO] - Finding Test Object 'Object Repository/Filtreler/Basliga_Gore_Baslangic'

2021-10-14 17:32:03 - [MESSAGE][INFO] - Checking timeout

2021-10-14 17:32:03 - [MESSAGE][INFO] - Finding web element with id: 'Object Repository/Filtreler/Basliklar' located by 'By.cssSelector: .control-label.col-sm-4.paddingMarginRLC' in '10' second(s)

2021-10-14 17:32:03 - [MESSAGE][INFO] - Smart Wait Function is triggered

2021-10-14 17:32:03 - [MESSAGE][INFO] - Found 13 web elements with id: 'Object Repository/Filtreler/Basliklar' located by 'By.cssSelector: .control-label.col-sm-4.paddingMarginRLC' in '10' second(s)

2021-10-14 17:32:03 - [MESSAGE][INFO] - Smart Wait Function is triggered

2021-10-14 17:32:03 - [MESSAGE][PASSED] - Method.TextDegerineEsitElementinAltindakiTextboxtaYaz is PASSED

2021-10-14 17:32:03 - [MESSAGE][PASSED] - Call Test Case 'Test Cases/Filtreler/BaslangicYaz' successfully

2021-10-14 17:32:03 - [MESSAGE][INFO] - Checking called Test Case

2021-10-14 17:32:03 - [MESSAGE][INFO] - Starting to call Test Case 'Test Cases/Filtreler/BitisYaz'

2021-10-14 17:32:04 - [TEST_CASE][PASSED] - Test Cases/Filtreler/BitisYaz: Test Cases/Filtreler/BitisYaz

2021-10-14 17:32:04 - [TEST_STEP][PASSED] - Method.TextDegerineEsitElementinAltindakineTikla(findTestObject("Filtreler/Basliklar"), findTestObject("Filtreler/Basliga_Gore_Bitis_Image"), Filtre_Adi): Method.TextDegerineEsitElementinAltindakineTikla is PASSED

2021-10-14 17:32:04 - [MESSAGE][INFO] - Finding Test Object 'Object Repository/Filtreler/Basliklar'

2021-10-14 17:32:04 - [MESSAGE][INFO] - Finding Test Object 'Object Repository/Filtreler/Basliga_Gore_Bitis_Image'

2021-10-14 17:32:04 - [MESSAGE][INFO] - Checking timeout

2021-10-14 17:32:04 - [MESSAGE][INFO] - Finding web element with id: 'Object Repository/Filtreler/Basliklar' located by 'By.cssSelector: .control-label.col-sm-4.paddingMarginRLC' in '10' second(s)

2021-10-14 17:32:04 - [MESSAGE][INFO] - Smart Wait Function is triggered

2021-10-14 17:32:04 - [MESSAGE][INFO] - Found 13 web elements with id: 'Object Repository/Filtreler/Basliklar' located by 'By.cssSelector: .control-label.col-sm-4.paddingMarginRLC' in '10' second(s)

2021-10-14 17:32:04 - [MESSAGE][INFO] - Smart Wait Function is triggered

2021-10-14 17:32:05 - [MESSAGE][PASSED] - Method.TextDegerineEsitElementinAltindakineTikla is PASSED

2021-10-14 17:32:05 - [TEST_STEP][PASSED] - Method.TextDegerineEsitElementinAltindakiTextboxtaYaz(findTestObject("Filtreler/Basliklar"), findTestObject("Object Repository/Filtreler/Basliga_Gore_Bitis"), Filtre_Adi, Filtre_Degeri): Method.TextDegerineEsitElementinAltindakiTextboxtaYaz is PASSED

2021-10-14 17:32:05 - [MESSAGE][INFO] - Finding Test Object 'Object Repository/Filtreler/Basliklar'

2021-10-14 17:32:05 - [MESSAGE][INFO] - Finding Test Object 'Object Repository/Filtreler/Basliga_Gore_Bitis'

2021-10-14 17:32:05 - [MESSAGE][INFO] - Checking timeout

2021-10-14 17:32:05 - [MESSAGE][INFO] - Finding web element with id: 'Object Repository/Filtreler/Basliklar' located by 'By.cssSelector: .control-label.col-sm-4.paddingMarginRLC' in '10' second(s)

2021-10-14 17:32:05 - [MESSAGE][INFO] - Smart Wait Function is triggered

2021-10-14 17:32:05 - [MESSAGE][INFO] - Found 13 web elements with id: 'Object Repository/Filtreler/Basliklar' located by 'By.cssSelector: .control-label.col-sm-4.paddingMarginRLC' in '10' second(s)

2021-10-14 17:32:05 - [MESSAGE][INFO] - Smart Wait Function is triggered

2021-10-14 17:32:06 - [MESSAGE][PASSED] - Method.TextDegerineEsitElementinAltindakiTextboxtaYaz is PASSED

2021-10-14 17:32:06 - [MESSAGE][PASSED] - Call Test Case 'Test Cases/Filtreler/BitisYaz' successfully

2021-10-14 17:32:06 - [MESSAGE][INFO] - Checking called Test Case

2021-10-14 17:32:06 - [MESSAGE][INFO] - Starting to call Test Case 'Test Cases/Filtreler/ButonaTikla'

2021-10-14 17:32:06 - [TEST_CASE][PASSED] - Test Cases/Filtreler/ButonaTikla: Test Cases/Filtreler/ButonaTikla

2021-10-14 17:32:06 - [TEST_STEP][PASSED] - Method.TextDegerineEsitElementeTikla(findTestObject("Filtreler/Butonlar"), Filtre_Buton): Method.TextDegerineEsitElementeTikla is PASSED

2021-10-14 17:32:06 - [MESSAGE][INFO] - Finding Test Object 'Object Repository/Filtreler/Butonlar'

2021-10-14 17:32:06 - [MESSAGE][INFO] - Checking timeout

2021-10-14 17:32:06 - [MESSAGE][INFO] - Finding web element with id: 'Object Repository/Filtreler/Butonlar' located by 'By.cssSelector: .dxb>span' in '10' second(s)

2021-10-14 17:32:06 - [MESSAGE][INFO] - Smart Wait Function is triggered

2021-10-14 17:32:06 - [MESSAGE][INFO] - Found 3 web elements with id: 'Object Repository/Filtreler/Butonlar' located by 'By.cssSelector: .dxb>span' in '10' second(s)

2021-10-14 17:32:06 - [MESSAGE][PASSED] - Method.TextDegerineEsitElementeTikla is PASSED

2021-10-14 17:32:06 - [MESSAGE][PASSED] - Call Test Case 'Test Cases/Filtreler/ButonaTikla' successfully

2021-10-14 17:32:06 - [MESSAGE][INFO] - Checking called Test Case

2021-10-14 17:32:06 - [MESSAGE][INFO] - Starting to call Test Case 'Test Cases/Tablo/TablodaVeriVarMi'

2021-10-14 17:32:06 - [TEST_CASE][PASSED] - Test Cases/Tablo/TablodaVeriVarMi: Test Cases/Tablo/TablodaVeriVarMi

2021-10-14 17:32:06 - [TEST_STEP][PASSED] - verifyTextNotPresent("Görüntülenecek veri yok", true): Text 'Görüntülenecek veri yok' is not present on page using regular expression

2021-10-14 17:32:06 - [MESSAGE][INFO] - Checking text present  using regular expression

2021-10-14 17:32:06 - [MESSAGE][INFO] - Smart Wait Function is triggered

2021-10-14 17:32:07 - [MESSAGE][INFO] - Finding text 'Görüntülenecek veri yok' on page  using regular expression

2021-10-14 17:32:07 - [MESSAGE][PASSED] - Text 'Görüntülenecek veri yok' is not present on page using regular expression

2021-10-14 17:32:07 - [MESSAGE][PASSED] - Call Test Case 'Test Cases/Tablo/TablodaVeriVarMi' successfully

2021-10-14 17:32:07 - [MESSAGE][INFO] - Checking called Test Case

2021-10-14 17:32:07 - [MESSAGE][INFO] - Starting to call Test Case 'Test Cases/Tablo/TablodanVeriSec'

2021-10-14 17:32:07 - [TEST_CASE][PASSED] - Test Cases/Tablo/TablodanVeriSec: Test Cases/Tablo/TablodanVeriSec

2021-10-14 17:32:07 - [TEST_STEP][PASSED] - Method.TextDegerineEsitElementinAltindakineTikla(findTestObject("Tablo/Veriler"), findTestObject("Tablo/VerininCheckBoxi"), Veri_Adi): Method.TextDegerineEsitElementinAltindakineTikla is PASSED

2021-10-14 17:32:07 - [MESSAGE][INFO] - Finding Test Object 'Object Repository/Tablo/Veriler'

2021-10-14 17:32:07 - [MESSAGE][INFO] - Finding Test Object 'Object Repository/Tablo/VerininCheckBoxi'

2021-10-14 17:32:07 - [MESSAGE][INFO] - Checking timeout

2021-10-14 17:32:07 - [MESSAGE][INFO] - Finding web element with id: 'Object Repository/Tablo/Veriler' located by 'By.cssSelector: td.dxgv b ,td.dxgv' in '10' second(s)

2021-10-14 17:32:07 - [MESSAGE][INFO] - Smart Wait Function is triggered

2021-10-14 17:32:08 - [MESSAGE][INFO] - Found 26 web elements with id: 'Object Repository/Tablo/Veriler' located by 'By.cssSelector: td.dxgv b ,td.dxgv' in '10' second(s)

2021-10-14 17:32:08 - [MESSAGE][INFO] - Smart Wait Function is triggered

2021-10-14 17:32:08 - [MESSAGE][PASSED] - Method.TextDegerineEsitElementinAltindakineTikla is PASSED

2021-10-14 17:32:08 - [MESSAGE][PASSED] - Call Test Case 'Test Cases/Tablo/TablodanVeriSec' successfully

2021-10-14 17:32:08 - [MESSAGE][INFO] - Checking called Test Case

2021-10-14 17:32:08 - [MESSAGE][INFO] - Starting to call Test Case 'Test Cases/Butonlar/ButonaTikla'

2021-10-14 17:32:08 - [TEST_CASE][PASSED] - Test Cases/Butonlar/ButonaTikla: Test Cases/Butonlar/ButonaTikla

2021-10-14 17:32:08 - [TEST_STEP][PASSED] - Method.TextDegerineEsitElementeTiklaEquals(findTestObject("Butonlar/Butonlar"), Buton_Adi): Method.TextDegerineEsitElementeTiklaEquals is PASSED

2021-10-14 17:32:08 - [MESSAGE][INFO] - Finding Test Object 'Object Repository/Butonlar/Butonlar'

2021-10-14 17:32:08 - [MESSAGE][INFO] - Checking timeout

2021-10-14 17:32:08 - [MESSAGE][INFO] - Finding web element with id: 'Object Repository/Butonlar/Butonlar' located by 'By.cssSelector: .panel.panel-default.text-center.footerPanel .btn,.btn.btn-primary.btnControls' in '10' second(s)

2021-10-14 17:32:08 - [MESSAGE][INFO] - Smart Wait Function is triggered

2021-10-14 17:32:09 - [MESSAGE][INFO] - Found 7 web elements with id: 'Object Repository/Butonlar/Butonlar' located by 'By.cssSelector: .panel.panel-default.text-center.footerPanel .btn,.btn.btn-primary.btnControls' in '10' second(s)

2021-10-14 17:32:09 - [MESSAGE][PASSED] - Method.TextDegerineEsitElementeTiklaEquals is PASSED

2021-10-14 17:32:09 - [MESSAGE][PASSED] - Call Test Case 'Test Cases/Butonlar/ButonaTikla' successfully

2021-10-14 17:32:09 - [MESSAGE][INFO] - Checking called Test Case

2021-10-14 17:32:09 - [MESSAGE][INFO] - Starting to call Test Case 'Test Cases/Butonlar/AltButonaTikla'

2021-10-14 17:32:09 - [TEST_CASE][PASSED] - Test Cases/Butonlar/AltButonaTikla: Test Cases/Butonlar/AltButonaTikla

2021-10-14 17:32:09 - [TEST_STEP][PASSED] - Method.TextDegerineEsitElementeTikla(findTestObject("Butonlar/AltButonlar"), Alt_Buton): Method.TextDegerineEsitElementeTikla is PASSED

2021-10-14 17:32:09 - [MESSAGE][INFO] - Finding Test Object 'Object Repository/Butonlar/AltButonlar'

2021-10-14 17:32:09 - [MESSAGE][INFO] - Checking timeout

2021-10-14 17:32:09 - [MESSAGE][INFO] - Finding web element with id: 'Object Repository/Butonlar/AltButonlar' located by 'By.cssSelector: .btn-group.open li>a' in '10' second(s)

2021-10-14 17:32:09 - [MESSAGE][INFO] - Smart Wait Function is triggered

2021-10-14 17:32:09 - [MESSAGE][INFO] - Found 2 web elements with id: 'Object Repository/Butonlar/AltButonlar' located by 'By.cssSelector: .btn-group.open li>a' in '10' second(s)

2021-10-14 17:32:10 - [MESSAGE][PASSED] - Method.TextDegerineEsitElementeTikla is PASSED

2021-10-14 17:32:10 - [MESSAGE][PASSED] - Call Test Case 'Test Cases/Butonlar/AltButonaTikla' successfully

2021-10-14 17:32:10 - [MESSAGE][INFO] - Checking called Test Case

2021-10-14 17:32:10 - [MESSAGE][INFO] - Starting to call Test Case 'Test Cases/Sekmeler/YeniSekmeyeGec'

2021-10-14 17:32:10 - [TEST_CASE][PASSED] - Test Cases/Sekmeler/YeniSekmeyeGec: Test Cases/Sekmeler/YeniSekmeyeGec

2021-10-14 17:32:10 - [TEST_STEP][PASSED] - switchToWindowIndex(1): Switched to window with index: '1'

2021-10-14 17:32:10 - [MESSAGE][INFO] - Checking index

2021-10-14 17:32:10 - [MESSAGE][INFO] - Switching window with index: '1'

2021-10-14 17:32:10 - [MESSAGE][PASSED] - Switched to window with index: '1'

2021-10-14 17:32:10 - [MESSAGE][PASSED] - Call Test Case 'Test Cases/Sekmeler/YeniSekmeyeGec' successfully

2021-10-14 17:32:10 - [MESSAGE][INFO] - Checking called Test Case

2021-10-14 17:32:10 - [MESSAGE][INFO] - Starting to call Test Case 'Test Cases/Sekmeler/TagGeldiMi'

2021-10-14 17:32:10 - [TEST_CASE][PASSED] - Test Cases/Sekmeler/TagGeldiMi: Test Cases/Sekmeler/TagGeldiMi

2021-10-14 17:32:10 - [TEST_STEP][PASSED] - waitForElementPresent(findTestObject("Object Repository/Sekmeler/UBLTag"), 10): Object 'Object Repository/Sekmeler/UBLTag' is present

2021-10-14 17:32:10 - [MESSAGE][INFO] - Finding Test Object 'Object Repository/Sekmeler/UBLTag'

2021-10-14 17:32:10 - [MESSAGE][INFO] - Checking object

2021-10-14 17:32:10 - [MESSAGE][INFO] - Finding web element from Test Object's properties

2021-10-14 17:32:10 - [MESSAGE][INFO] - Checking timeout

2021-10-14 17:32:10 - [MESSAGE][INFO] - Finding web element with id: 'Object Repository/Sekmeler/UBLTag' located by 'By.cssSelector: #webkit-xml-viewer-source-xml>:first-child' in '10' second(s)

2021-10-14 17:32:10 - [MESSAGE][INFO] - Smart Wait Function is triggered

2021-10-14 17:32:10 - [MESSAGE][INFO] - Found 1 web elements with id: 'Object Repository/Sekmeler/UBLTag' located by 'By.cssSelector: #webkit-xml-viewer-source-xml>:first-child' in '10' second(s)

2021-10-14 17:32:10 - [MESSAGE][PASSED] - Object 'Object Repository/Sekmeler/UBLTag' is present

2021-10-14 17:32:10 - [TEST_STEP][PASSED] - println(toLowerCase().toString()): Found 1 web elements with id: 'Object Repository/Sekmeler/UBLTag' located by 'By.cssSelector: #webkit-xml-viewer-source-xml>:first-child' in '10' second(s)

2021-10-14 17:32:10 - [MESSAGE][INFO] - Finding Test Object 'Object Repository/Sekmeler/UBLTag'

2021-10-14 17:32:10 - [MESSAGE][INFO] - Finding web element from Test Object's properties

2021-10-14 17:32:10 - [MESSAGE][INFO] - Checking timeout

2021-10-14 17:32:10 - [MESSAGE][INFO] - Finding web element with id: 'Object Repository/Sekmeler/UBLTag' located by 'By.cssSelector: #webkit-xml-viewer-source-xml>:first-child' in '10' second(s)

2021-10-14 17:32:10 - [MESSAGE][INFO] - Smart Wait Function is triggered

2021-10-14 17:32:10 - [MESSAGE][INFO] - Found 1 web elements with id: 'Object Repository/Sekmeler/UBLTag' located by 'By.cssSelector: #webkit-xml-viewer-source-xml>:first-child' in '10' second(s)

2021-10-14 17:32:10 - [TEST_STEP][PASSED] - if (!(toString().contains(toString().toLowerCase()))): Found 1 web elements with id: 'Object Repository/Sekmeler/UBLTag' located by 'By.cssSelector: #webkit-xml-viewer-source-xml>:first-child' in '10' second(s)

2021-10-14 17:32:10 - [MESSAGE][INFO] - Finding Test Object 'Object Repository/Sekmeler/UBLTag'

2021-10-14 17:32:10 - [MESSAGE][INFO] - Finding web element from Test Object's properties

2021-10-14 17:32:10 - [MESSAGE][INFO] - Checking timeout

2021-10-14 17:32:10 - [MESSAGE][INFO] - Finding web element with id: 'Object Repository/Sekmeler/UBLTag' located by 'By.cssSelector: #webkit-xml-viewer-source-xml>:first-child' in '10' second(s)

2021-10-14 17:32:10 - [MESSAGE][INFO] - Smart Wait Function is triggered

2021-10-14 17:32:10 - [MESSAGE][INFO] - Found 1 web elements with id: 'Object Repository/Sekmeler/UBLTag' located by 'By.cssSelector: #webkit-xml-viewer-source-xml>:first-child' in '10' second(s)

2021-10-14 17:32:10 - [MESSAGE][PASSED] - Call Test Case 'Test Cases/Sekmeler/TagGeldiMi' successfully

2021-10-14 17:32:10 - [MESSAGE][INFO] - Checking called Test Case

2021-10-14 17:32:10 - [MESSAGE][INFO] - Starting to call Test Case 'Test Cases/Sekmeler/Ana_Sekmeye_Gec'

2021-10-14 17:32:11 - [TEST_CASE][PASSED] - Test Cases/Sekmeler/Ana_Sekmeye_Gec: Test Cases/Sekmeler/Ana_Sekmeye_Gec

2021-10-14 17:32:11 - [TEST_STEP][PASSED] - try: Window with index 1 is closed

2021-10-14 17:32:11 - [TEST_STEP][PASSED] - index = getWindowIndex(): Current window's index is: 1

2021-10-14 17:32:11 - [MESSAGE][INFO] - Getting current window's index

2021-10-14 17:32:11 - [MESSAGE][PASSED] - Current window's index is: 1

2021-10-14 17:32:11 - [TEST_STEP][PASSED] - closeWindowIndex(index): Window with index 1 is closed

2021-10-14 17:32:11 - [MESSAGE][INFO] - Checking index

2021-10-14 17:32:11 - [MESSAGE][INFO] - Closing window with index 1

2021-10-14 17:32:11 - [MESSAGE][PASSED] - Window with index 1 is closed

2021-10-14 17:32:11 - [TEST_STEP][PASSED] - switchToWindowIndex(0): Switched to window with index: '0'

2021-10-14 17:32:11 - [MESSAGE][INFO] - Checking index

2021-10-14 17:32:11 - [MESSAGE][INFO] - Switching window with index: '0'

2021-10-14 17:32:11 - [MESSAGE][PASSED] - Switched to window with index: '0'

2021-10-14 17:32:11 - [MESSAGE][PASSED] - Call Test Case 'Test Cases/Sekmeler/Ana_Sekmeye_Gec' successfully

2021-10-14 17:32:11 - [MESSAGE][INFO] - Checking called Test Case

2021-10-14 17:32:11 - [MESSAGE][INFO] - Starting to call Test Case 'Test Cases/Butonlar/ButonaTikla'

2021-10-14 17:32:11 - [TEST_CASE][PASSED] - Test Cases/Butonlar/ButonaTikla: Test Cases/Butonlar/ButonaTikla

2021-10-14 17:32:11 - [TEST_STEP][PASSED] - Method.TextDegerineEsitElementeTiklaEquals(findTestObject("Butonlar/Butonlar"), Buton_Adi): Method.TextDegerineEsitElementeTiklaEquals is PASSED

2021-10-14 17:32:11 - [MESSAGE][INFO] - Finding Test Object 'Object Repository/Butonlar/Butonlar'

2021-10-14 17:32:11 - [MESSAGE][INFO] - Checking timeout

2021-10-14 17:32:11 - [MESSAGE][INFO] - Finding web element with id: 'Object Repository/Butonlar/Butonlar' located by 'By.cssSelector: .panel.panel-default.text-center.footerPanel .btn,.btn.btn-primary.btnControls' in '10' second(s)

2021-10-14 17:32:11 - [MESSAGE][INFO] - Smart Wait Function is triggered

2021-10-14 17:32:11 - [MESSAGE][INFO] - Found 7 web elements with id: 'Object Repository/Butonlar/Butonlar' located by 'By.cssSelector: .panel.panel-default.text-center.footerPanel .btn,.btn.btn-primary.btnControls' in '10' second(s)

2021-10-14 17:32:11 - [MESSAGE][PASSED] - Method.TextDegerineEsitElementeTiklaEquals is PASSED

2021-10-14 17:32:11 - [MESSAGE][PASSED] - Call Test Case 'Test Cases/Butonlar/ButonaTikla' successfully

2021-10-14 17:32:11 - [MESSAGE][INFO] - Checking called Test Case

2021-10-14 17:32:11 - [MESSAGE][INFO] - Starting to call Test Case 'Test Cases/Butonlar/AltButonaTikla'

2021-10-14 17:32:11 - [TEST_CASE][PASSED] - Test Cases/Butonlar/AltButonaTikla: Test Cases/Butonlar/AltButonaTikla

2021-10-14 17:32:11 - [TEST_STEP][PASSED] - Method.TextDegerineEsitElementeTikla(findTestObject("Butonlar/AltButonlar"), Alt_Buton): Method.TextDegerineEsitElementeTikla is PASSED

2021-10-14 17:32:11 - [MESSAGE][INFO] - Finding Test Object 'Object Repository/Butonlar/AltButonlar'

2021-10-14 17:32:11 - [MESSAGE][INFO] - Checking timeout

2021-10-14 17:32:11 - [MESSAGE][INFO] - Finding web element with id: 'Object Repository/Butonlar/AltButonlar' located by 'By.cssSelector: .btn-group.open li>a' in '10' second(s)

2021-10-14 17:32:11 - [MESSAGE][INFO] - Smart Wait Function is triggered

2021-10-14 17:32:12 - [MESSAGE][INFO] - Found 2 web elements with id: 'Object Repository/Butonlar/AltButonlar' located by 'By.cssSelector: .btn-group.open li>a' in '10' second(s)

2021-10-14 17:32:12 - [MESSAGE][PASSED] - Method.TextDegerineEsitElementeTikla is PASSED

2021-10-14 17:32:12 - [MESSAGE][PASSED] - Call Test Case 'Test Cases/Butonlar/AltButonaTikla' successfully

2021-10-14 17:32:12 - [MESSAGE][INFO] - Checking called Test Case

2021-10-14 17:32:12 - [MESSAGE][INFO] - Starting to call Test Case 'Test Cases/Butonlar/DosyaIndirildiMi'

2021-10-14 17:32:12 - [TEST_CASE][PASSED] - Test Cases/Butonlar/DosyaIndirildiMi: Test Cases/Butonlar/DosyaIndirildiMi

2021-10-14 17:32:12 - [TEST_STEP][PASSED] - Method.isimliDosyaIndirildiMi(DownloadFile, FileName): Method.isimliDosyaIndirildiMi is PASSED

2021-10-14 17:32:12 - [MESSAGE][INFO] - Delaying browser in 3 second(s)

2021-10-14 17:32:15 - [MESSAGE][PASSED] - Delayed 3 second(s)

2021-10-14 17:32:15 - [MESSAGE][PASSED] - Method.isimliDosyaIndirildiMi is PASSED

2021-10-14 17:32:15 - [MESSAGE][PASSED] - Call Test Case 'Test Cases/Butonlar/DosyaIndirildiMi' successfully

2021-10-14 17:32:15 - [MESSAGE][INFO] - Checking called Test Case

2021-10-14 17:32:15 - [MESSAGE][INFO] - Starting to call Test Case 'Test Cases/Kullanici_Islemleri/KullaniciIslemlerindenSecimYapilir'

2021-10-14 17:32:15 - [TEST_CASE][PASSED] - Test Cases/Kullanici_Islemleri/KullaniciIslemlerindenSecimYapilir: Test Cases/Kullanici_Islemleri/KullaniciIslemlerindenSecimYapilir

2021-10-14 17:32:15 - [TEST_STEP][PASSED] - waitForElementClickable(findTestObject("Object Repository/Kullanici_Islemleri/KullaniciIslemleri"), 10): Object 'Object Repository/Kullanici_Islemleri/KullaniciIslemleri' is clickable

2021-10-14 17:32:15 - [MESSAGE][INFO] - Finding Test Object 'Object Repository/Kullanici_Islemleri/KullaniciIslemleri'

2021-10-14 17:32:15 - [MESSAGE][INFO] - Checking object

2021-10-14 17:32:15 - [MESSAGE][INFO] - Checking timeout

2021-10-14 17:32:15 - [MESSAGE][INFO] - Finding web element from Test Object's properties

2021-10-14 17:32:15 - [MESSAGE][INFO] - Checking timeout

2021-10-14 17:32:15 - [MESSAGE][INFO] - Finding web element with id: 'Object Repository/Kullanici_Islemleri/KullaniciIslemleri' located by 'By.cssSelector: .dropdown>a>img' in '10' second(s)

2021-10-14 17:32:15 - [MESSAGE][INFO] - Smart Wait Function is triggered

2021-10-14 17:32:15 - [MESSAGE][INFO] - Found 1 web elements with id: 'Object Repository/Kullanici_Islemleri/KullaniciIslemleri' located by 'By.cssSelector: .dropdown>a>img' in '10' second(s)

2021-10-14 17:32:16 - [MESSAGE][PASSED] - Object 'Object Repository/Kullanici_Islemleri/KullaniciIslemleri' is clickable

2021-10-14 17:32:16 - [TEST_STEP][PASSED] - click(findTestObject("Object Repository/Kullanici_Islemleri/KullaniciIslemleri")): Object: 'Object Repository/Kullanici_Islemleri/KullaniciIslemleri' is clicked on

2021-10-14 17:32:16 - [MESSAGE][INFO] - Finding Test Object 'Object Repository/Kullanici_Islemleri/KullaniciIslemleri'

2021-10-14 17:32:16 - [MESSAGE][INFO] - Checking object

2021-10-14 17:32:16 - [MESSAGE][INFO] - Finding web element from Test Object's properties

2021-10-14 17:32:16 - [MESSAGE][INFO] - Checking timeout

2021-10-14 17:32:16 - [MESSAGE][INFO] - Finding web element with id: 'Object Repository/Kullanici_Islemleri/KullaniciIslemleri' located by 'By.cssSelector: .dropdown>a>img' in '30' second(s)

2021-10-14 17:32:16 - [MESSAGE][INFO] - Smart Wait Function is triggered

2021-10-14 17:32:16 - [MESSAGE][INFO] - Found 1 web elements with id: 'Object Repository/Kullanici_Islemleri/KullaniciIslemleri' located by 'By.cssSelector: .dropdown>a>img' in '30' second(s)

2021-10-14 17:32:16 - [MESSAGE][INFO] - Clicking on object: 'Object Repository/Kullanici_Islemleri/KullaniciIslemleri'

2021-10-14 17:32:16 - [MESSAGE][PASSED] - Object: 'Object Repository/Kullanici_Islemleri/KullaniciIslemleri' is clicked on

2021-10-14 17:32:16 - [TEST_STEP][PASSED] - Method.TextDegerineEsitElementeTikla(findTestObject("Object Repository/Kullanici_Islemleri/Secenekler"), Islem): Method.TextDegerineEsitElementeTikla is PASSED

2021-10-14 17:32:16 - [MESSAGE][INFO] - Finding Test Object 'Object Repository/Kullanici_Islemleri/Secenekler'

2021-10-14 17:32:16 - [MESSAGE][INFO] - Checking timeout

2021-10-14 17:32:16 - [MESSAGE][INFO] - Finding web element with id: 'Object Repository/Kullanici_Islemleri/Secenekler' located by 'By.cssSelector: .nav.navbar-nav.navbar-right li a' in '10' second(s)

2021-10-14 17:32:16 - [MESSAGE][INFO] - Smart Wait Function is triggered

2021-10-14 17:32:16 - [MESSAGE][INFO] - Found 22 web elements with id: 'Object Repository/Kullanici_Islemleri/Secenekler' located by 'By.cssSelector: .nav.navbar-nav.navbar-right li a' in '10' second(s)

2021-10-14 17:32:18 - [MESSAGE][PASSED] - Method.TextDegerineEsitElementeTikla is PASSED

2021-10-14 17:32:18 - [TEST_STEP][PASSED] - verifyElementNotPresent(findTestObject("Object Repository/Kullanici_Islemleri/Secenekler"), 10): Web element with id: 'Object Repository/Kullanici_Islemleri/Secenekler' located by 'By.cssSelector: .nav.navbar-nav.navbar-right li a' is not present after '10' second(s)

2021-10-14 17:32:18 - [MESSAGE][INFO] - Finding Test Object 'Object Repository/Kullanici_Islemleri/Secenekler'

2021-10-14 17:32:18 - [MESSAGE][INFO] - Checking object

2021-10-14 17:32:18 - [MESSAGE][INFO] - Checking timeout

2021-10-14 17:32:18 - [MESSAGE][INFO] - Finding web element with id: 'Object Repository/Kullanici_Islemleri/Secenekler' located by 'By.cssSelector: .nav.navbar-nav.navbar-right li a' in '10' second(s)

2021-10-14 17:32:18 - [MESSAGE][INFO] - Smart Wait Function is triggered

2021-10-14 17:32:19 - [MESSAGE][PASSED] - Web element with id: 'Object Repository/Kullanici_Islemleri/Secenekler' located by 'By.cssSelector: .nav.navbar-nav.navbar-right li a' is not present after '10' second(s)

2021-10-14 17:32:19 - [MESSAGE][PASSED] - Call Test Case 'Test Cases/Kullanici_Islemleri/KullaniciIslemlerindenSecimYapilir' successfully

2021-10-14 17:32:19 - [TEST_CASE][PASSED] - Start Test Case : SCENARIO e-Fatura Giden Kutusu Uygulama Yanıtlari UBL - Goster: SCENARIO e-Fatura Giden Kutusu Uygulama Yanıtlari UBL - Goster

2021-10-14 17:32:19 - [TEST_STEP][PASSED] - Kullanıcı adı ELOGO6 ve Şifre 123456 olarak giriş yapılır: Kullanıcı adı ELOGO6 ve Şifre 123456 olarak giriş yapılır

2021-10-14 17:32:19 - [MESSAGE][PASSED] - Kullanıcı adı ELOGO6 ve Şifre 123456 olarak giriş yapılır

2021-10-14 17:32:19 - [TEST_STEP][PASSED] - Ana menüden e-Fatura seçilir: Ana menüden e-Fatura seçilir

2021-10-14 17:32:19 - [MESSAGE][PASSED] - Ana menüden e-Fatura seçilir

2021-10-14 17:32:19 - [TEST_STEP][PASSED] - Alt menü Giden Kutusu başlığı altındaki Uygulama Yanıtları seçilir: Alt menü Giden Kutusu başlığı altındaki Uygulama Yanıtları seçilir

2021-10-14 17:32:19 - [MESSAGE][PASSED] - Alt menü Giden Kutusu başlığı altındaki Uygulama Yanıtları seçilir

2021-10-14 17:32:19 - [TEST_STEP][PASSED] - Filtrelerden Oluşturma Tarihi filtresine 01.12.2020 baslangic degerini yaz: Filtrelerden Oluşturma Tarihi filtresine 01.12.2020 baslangic degerini yaz

2021-10-14 17:32:19 - [MESSAGE][PASSED] - Filtrelerden Oluşturma Tarihi filtresine 01.12.2020 baslangic degerini yaz

2021-10-14 17:32:19 - [TEST_STEP][PASSED] - Filtrelerden Oluşturma Tarihi filtresine 31.12.2020 bitis degerini yaz: Filtrelerden Oluşturma Tarihi filtresine 31.12.2020 bitis degerini yaz

2021-10-14 17:32:19 - [MESSAGE][PASSED] - Filtrelerden Oluşturma Tarihi filtresine 31.12.2020 bitis degerini yaz

2021-10-14 17:32:19 - [TEST_STEP][PASSED] - Filtre butonlarından Listele seçilir: Filtre butonlarından Listele seçilir

2021-10-14 17:32:19 - [MESSAGE][PASSED] - Filtre butonlarından Listele seçilir

2021-10-14 17:32:19 - [TEST_STEP][PASSED] - Tabloda veri var mı kontrol edilir: Tabloda veri var mı kontrol edilir

2021-10-14 17:32:19 - [MESSAGE][PASSED] - Tabloda veri var mı kontrol edilir

2021-10-14 17:32:19 - [TEST_STEP][PASSED] - Tablodan 1234567806 isimli veri seçilir: Tablodan 1234567806 isimli veri seçilir

2021-10-14 17:32:19 - [MESSAGE][PASSED] - Tablodan 1234567806 isimli veri seçilir

2021-10-14 17:32:19 - [TEST_STEP][PASSED] - Butonlardan UBL isimli butona tıklanır: Butonlardan UBL isimli butona tıklanır

2021-10-14 17:32:19 - [MESSAGE][PASSED] - Butonlardan UBL isimli butona tıklanır

2021-10-14 17:32:19 - [TEST_STEP][PASSED] - Alt butonlardan Göster butonuna tıklanır: Alt butonlardan Göster butonuna tıklanır

2021-10-14 17:32:19 - [MESSAGE][PASSED] - Alt butonlardan Göster butonuna tıklanır

2021-10-14 17:32:19 - [TEST_STEP][PASSED] - Yeni açılan sekmeye geçilir: Yeni açılan sekmeye geçilir

2021-10-14 17:32:19 - [MESSAGE][PASSED] - Yeni açılan sekmeye geçilir

2021-10-14 17:32:19 - [TEST_STEP][PASSED] - ApplicationResponse tagli ubl geldi mi: ApplicationResponse tagli ubl geldi mi

2021-10-14 17:32:19 - [MESSAGE][PASSED] - ApplicationResponse tagli ubl geldi mi

2021-10-14 17:32:19 - [TEST_STEP][PASSED] - Ana sekmeye geçilir: Ana sekmeye geçilir

2021-10-14 17:32:19 - [MESSAGE][PASSED] - Ana sekmeye geçilir

2021-10-14 17:32:19 - [TEST_STEP][PASSED] - Butonlardan UBL isimli butona tıklanır: Butonlardan UBL isimli butona tıklanır

2021-10-14 17:32:19 - [MESSAGE][PASSED] - Butonlardan UBL isimli butona tıklanır

2021-10-14 17:32:19 - [TEST_STEP][PASSED] - Alt butonlardan İndir butonuna tıklanır: Alt butonlardan İndir butonuna tıklanır

2021-10-14 17:32:19 - [MESSAGE][PASSED] - Alt butonlardan İndir butonuna tıklanır

2021-10-14 17:32:19 - [TEST_STEP][PASSED] - Ön eki ApplicationResponse olan dosya indirildi mi: Ön eki ApplicationResponse olan dosya indirildi mi

2021-10-14 17:32:19 - [MESSAGE][PASSED] - Ön eki ApplicationResponse olan dosya indirildi mi

2021-10-14 17:32:19 - [TEST_STEP][PASSED] - Kullanıcı işlemlerinden Çıkış seçilir: Kullanıcı işlemlerinden Çıkış seçilir

2021-10-14 17:32:19 - [MESSAGE][PASSED] - Kullanıcı işlemlerinden Çıkış seçilir

2021-10-14 17:32:19 - [MESSAGE][PASSED] - Feature file: 'Include/features/e-Fatura/Giden Kutusu/Uygulama Yanıtlari/UBL-Goster-Indir.feature' was passed

2021-10-14 17:32:19 - [TEST_STEP][PASSED] - Start listener action : sampleAfterTestSuite: Invoke 'com.kms.katalon.core.annotation.AfterTestCase' method: 'Listener.sampleAfterTestSuite(...)' completed.

2021-10-14 17:32:19 - [MESSAGE][INFO] - Starting invoke 'com.kms.katalon.core.annotation.AfterTestCase' method: 'Listener.sampleAfterTestSuite(...)'

2021-10-14 17:32:19 - [TEST_STEP][PASSED] - closeBrowser(): Invoke 'com.kms.katalon.core.annotation.AfterTestCase' method: 'Listener.sampleAfterTestSuite(...)' completed.

2021-10-14 17:32:19 - [MESSAGE][INFO] - Closing browser

2021-10-14 17:32:19 - [MESSAGE][PASSED] - Browser is closed

2021-10-14 17:32:19 - [MESSAGE][INFO] - Invoke 'com.kms.katalon.core.annotation.AfterTestCase' method: 'Listener.sampleAfterTestSuite(...)' completed.]]></system-out>
         <system-err><![CDATA[]]></system-err>
      </testcase>
      <system-out><![CDATA[2021-10-14 17:01:45 - [TEST_SUITE][PASSED] - e-Fatura: Test Cases/Case Repository/e-Fatura/Giden Kutusu/Uygulama Yanitlari/UBL-Goster-Indir]]></system-out>
      <system-err><![CDATA[]]></system-err>
   </testsuite>
</testsuites>
