<?xml version="1.0" encoding="UTF-8"?>
<testsuites name="Okc_Islemleri" time="224.89" tests="5" failures="0" errors="0">
   <testsuite name="Okc_Islemleri" tests="5" failures="0" errors="0" time="224.89" skipped="0" timestamp="2021-11-11 10:35:07" hostname="DELL - DESKTOP-QBVMTUG" id="">
      <properties>
         <property name="deviceName" value=""/>
         <property name="devicePlatform" value=""/>
         <property name="logFolder" value="C:\\Users\\DELL\\Documents\\GitHub\\EES_KatalonLogo\\Reports\\20211111_100022\\Suite Repository\\Okc_Islemleri\\20211111_100122"/>
         <property name="logFiles" value="C:\\Users\\DELL\\Documents\\GitHub\\EES_KatalonLogo\\Reports\\20211111_100022\\Suite Repository\\Okc_Islemleri\\20211111_100122\\execution0.log"/>
         <property name="attachments" value=""/>
         <property name="hostName" value="DELL - DESKTOP-QBVMTUG"/>
         <property name="os" value="Windows 10 64bit"/>
         <property name="katalonVersion" value="8.0.5.208"/>
         <property name="browser" value="Chrome 95.0.4638.69"/>
         <property name="hostAddress" value="192.168.1.18"/>
         <property name="sessionId" value="3f5f1e7eb62b9fcb6da237d7520a916e"/>
         <property name="seleniumVersion" value="3.141.59"/>
         <property name="proxyInformation" value="ProxyInformation { proxyOption=NO_PROXY, proxyServerType=HTTP, username=, password=********, proxyServerAddress=, proxyServerPort=0, executionList=&quot;&quot;, isApplyToDesiredCapabilities=true }"/>
         <property name="platform" value="Windows 10"/>
      </properties>
      <testcase name="Test Cases/Case Repository/OKC Islemleri/OKC Mali Raporlar/Ekran Kontrolu" time="53.801" classname="Test Cases/Case Repository/OKC Islemleri/OKC Mali Raporlar/Ekran Kontrolu" status="PASSED">
         <system-out><![CDATA[2021-11-11 10:35:08 - [TEST_CASE][PASSED] - Test Cases/Case Repository/OKC Islemleri/OKC Mali Raporlar/Ekran Kontrolu: Test Cases/Case Repository/OKC Islemleri/OKC Mali Raporlar/Ekran Kontrolu

2021-11-11 10:35:08 - [TEST_STEP][PASSED] - Start listener action : sampleBeforeTestSuite: Invoke 'com.kms.katalon.core.annotation.BeforeTestCase' method: 'Listener.sampleBeforeTestSuite(...)' completed.

2021-11-11 10:35:08 - [MESSAGE][INFO] - Starting invoke 'com.kms.katalon.core.annotation.BeforeTestCase' method: 'Listener.sampleBeforeTestSuite(...)'

2021-11-11 10:35:08 - [TEST_STEP][PASSED] - openBrowser(baseUrl): Browser is opened with url: 'https://efatura-stage.elogo.com.tr/'

2021-11-11 10:35:09 - [MESSAGE][INFO] - Opening browser

2021-11-11 10:35:09 - [MESSAGE][INFO] - Starting 'Chrome' driver

2021-11-11 10:35:09 - [MESSAGE][INFO] - User set preference: ['prefs', '{download.default_directory=C:\otomasyondownfiles}']

2021-11-11 10:35:09 - [MESSAGE][INFO] - Action delay is set to 0 milliseconds

2021-11-11 10:35:12 - [MESSAGE][INFO] - Navigating browser to: 'https://efatura-stage.elogo.com.tr/'

2021-11-11 10:35:14 - [MESSAGE][PASSED] - Browser is opened with url: 'https://efatura-stage.elogo.com.tr/'

2021-11-11 10:35:14 - [TEST_STEP][PASSED] - maximizeWindow(): Invoke 'com.kms.katalon.core.annotation.BeforeTestCase' method: 'Listener.sampleBeforeTestSuite(...)' completed.

2021-11-11 10:35:14 - [MESSAGE][INFO] - Maximizing current window

2021-11-11 10:35:14 - [MESSAGE][PASSED] - Current window maximized

2021-11-11 10:35:14 - [MESSAGE][INFO] - Invoke 'com.kms.katalon.core.annotation.BeforeTestCase' method: 'Listener.sampleBeforeTestSuite(...)' completed.

2021-11-11 10:35:14 - [TEST_STEP][PASSED] - runFeatureFile("Include/features/OKC Islemleri/OKC Mali Raporlari/Ekran Kontrolu.feature"): Feature file: 'Include/features/OKC Islemleri/OKC Mali Raporlari/Ekran Kontrolu.feature' was passed

2021-11-11 10:35:14 - [MESSAGE][INFO] - Starting run keyword runFeatureFile: 'Include/features/OKC Islemleri/OKC Mali Raporlari/Ekran Kontrolu.feature' and extract report to folder: 'C:\Users\DELL\Documents\GitHub\EES_KatalonLogo\Reports\20211111_100022\Suite Repository\Okc_Islemleri\20211111_100122/cucumber_report/1636616114843'...

2021-11-11 10:35:14 - [MESSAGE][INFO] - Glue: []

2021-11-11 10:35:16 - [MESSAGE][INFO] - Checking called Test Case

2021-11-11 10:35:16 - [MESSAGE][INFO] - Starting to call Test Case 'Test Cases/Sayfalar/Giris_Sayfasi/Login'

2021-11-11 10:35:16 - [TEST_CASE][PASSED] - Test Cases/Sayfalar/Giris_Sayfasi/Login: Test Cases/Sayfalar/Giris_Sayfasi/Login

2021-11-11 10:35:17 - [TEST_STEP][PASSED] - Sayfa_Basligi = getWindowTitle(): Current window's title is: 'LOGO e-Fatura'

2021-11-11 10:35:17 - [MESSAGE][INFO] - Getting current window's title

2021-11-11 10:35:17 - [MESSAGE][PASSED] - Current window's title is: 'LOGO e-Fatura'

2021-11-11 10:35:17 - [TEST_STEP][PASSED] - verifyMatch(Sayfa_Basligi, "LOGO e-Fatura", false): Actual text 'LOGO e-Fatura' and expected text 'LOGO e-Fatura' are matched 

2021-11-11 10:35:17 - [MESSAGE][INFO] - Matching actual text 'LOGO e-Fatura' with expected text 'LOGO e-Fatura'

2021-11-11 10:35:17 - [MESSAGE][PASSED] - Actual text 'LOGO e-Fatura' and expected text 'LOGO e-Fatura' are matched 

2021-11-11 10:35:17 - [TEST_STEP][PASSED] - sendKeys(findTestObject("Sayfalar/Giris_Sayfasi/Firma_Kodu"), KullaniciAdi): Keys 'ELOGO6' sent to object: 'Object Repository/Sayfalar/Giris_Sayfasi/Firma_Kodu'

2021-11-11 10:35:17 - [MESSAGE][INFO] - Finding Test Object 'Object Repository/Sayfalar/Giris_Sayfasi/Firma_Kodu'

2021-11-11 10:35:17 - [MESSAGE][INFO] - Sending keys 'ELOGO6' to object: 'Object Repository/Sayfalar/Giris_Sayfasi/Firma_Kodu'

2021-11-11 10:35:17 - [MESSAGE][INFO] - Finding web element from Test Object's properties

2021-11-11 10:35:17 - [MESSAGE][INFO] - Checking timeout

2021-11-11 10:35:17 - [MESSAGE][INFO] - Finding web element with id: 'Object Repository/Sayfalar/Giris_Sayfasi/Firma_Kodu' located by 'By.xpath: //*[@id = 'AccountName']' in '30' second(s)

2021-11-11 10:35:17 - [MESSAGE][INFO] - Smart Wait Function is triggered

2021-11-11 10:35:18 - [MESSAGE][INFO] - Found 1 web elements with id: 'Object Repository/Sayfalar/Giris_Sayfasi/Firma_Kodu' located by 'By.xpath: //*[@id = 'AccountName']' in '30' second(s)

2021-11-11 10:35:18 - [MESSAGE][PASSED] - Keys 'ELOGO6' sent to object: 'Object Repository/Sayfalar/Giris_Sayfasi/Firma_Kodu'

2021-11-11 10:35:18 - [TEST_STEP][PASSED] - sendKeys(findTestObject("Sayfalar/Giris_Sayfasi/Sifre"), Sifre): Keys '123456' sent to object: 'Object Repository/Sayfalar/Giris_Sayfasi/Sifre'

2021-11-11 10:35:18 - [MESSAGE][INFO] - Finding Test Object 'Object Repository/Sayfalar/Giris_Sayfasi/Sifre'

2021-11-11 10:35:18 - [MESSAGE][INFO] - Sending keys '123456' to object: 'Object Repository/Sayfalar/Giris_Sayfasi/Sifre'

2021-11-11 10:35:18 - [MESSAGE][INFO] - Finding web element from Test Object's properties

2021-11-11 10:35:18 - [MESSAGE][INFO] - Checking timeout

2021-11-11 10:35:18 - [MESSAGE][INFO] - Finding web element with id: 'Object Repository/Sayfalar/Giris_Sayfasi/Sifre' located by 'By.xpath: //*[@id = 'Password']' in '30' second(s)

2021-11-11 10:35:18 - [MESSAGE][INFO] - Smart Wait Function is triggered

2021-11-11 10:35:18 - [MESSAGE][INFO] - Found 1 web elements with id: 'Object Repository/Sayfalar/Giris_Sayfasi/Sifre' located by 'By.xpath: //*[@id = 'Password']' in '30' second(s)

2021-11-11 10:35:18 - [MESSAGE][PASSED] - Keys '123456' sent to object: 'Object Repository/Sayfalar/Giris_Sayfasi/Sifre'

2021-11-11 10:35:18 - [TEST_STEP][PASSED] - findWebElement(findTestObject("Sayfalar/Giris_Sayfasi/Giris_Butonu")).click(): Found 1 web elements with id: 'Object Repository/Sayfalar/Giris_Sayfasi/Giris_Butonu' located by 'By.cssSelector: #btnLogin' in '30' second(s)

2021-11-11 10:35:18 - [MESSAGE][INFO] - Finding Test Object 'Object Repository/Sayfalar/Giris_Sayfasi/Giris_Butonu'

2021-11-11 10:35:18 - [MESSAGE][INFO] - Finding web element from Test Object's properties

2021-11-11 10:35:18 - [MESSAGE][INFO] - Checking timeout

2021-11-11 10:35:18 - [MESSAGE][INFO] - Finding web element with id: 'Object Repository/Sayfalar/Giris_Sayfasi/Giris_Butonu' located by 'By.cssSelector: #btnLogin' in '30' second(s)

2021-11-11 10:35:18 - [MESSAGE][INFO] - Smart Wait Function is triggered

2021-11-11 10:35:19 - [MESSAGE][INFO] - Found 1 web elements with id: 'Object Repository/Sayfalar/Giris_Sayfasi/Giris_Butonu' located by 'By.cssSelector: #btnLogin' in '30' second(s)

2021-11-11 10:35:21 - [TEST_STEP][PASSED] - if (verifyElementPresent(findTestObject("Object Repository/Sayfalar/Giris_Sayfasi/RetveTamam_Butonu"), 5, OPTIONAL)): null

2021-11-11 10:35:21 - [MESSAGE][INFO] - Finding Test Object 'Object Repository/Sayfalar/Giris_Sayfasi/RetveTamam_Butonu'

2021-11-11 10:35:21 - [MESSAGE][INFO] - Checking object

2021-11-11 10:35:21 - [MESSAGE][INFO] - Finding web element from Test Object's properties

2021-11-11 10:35:21 - [MESSAGE][INFO] - Checking timeout

2021-11-11 10:35:21 - [MESSAGE][INFO] - Finding web element with id: 'Object Repository/Sayfalar/Giris_Sayfasi/RetveTamam_Butonu' located by 'By.xpath: //*[@class = 'btn btn-default']' in '5' second(s)

2021-11-11 10:35:21 - [MESSAGE][INFO] - Smart Wait Function is triggered

2021-11-11 10:35:21 - [MESSAGE][INFO] - Found 1 web elements with id: 'Object Repository/Sayfalar/Giris_Sayfasi/RetveTamam_Butonu' located by 'By.xpath: //*[@class = 'btn btn-default']' in '5' second(s)

2021-11-11 10:35:21 - [MESSAGE][PASSED] - Object 'Object Repository/Sayfalar/Giris_Sayfasi/RetveTamam_Butonu' is present

2021-11-11 10:35:21 - [TEST_STEP][PASSED] - click(findTestObject("Object Repository/Sayfalar/Giris_Sayfasi/RetveTamam_Butonu")): Object: 'Object Repository/Sayfalar/Giris_Sayfasi/RetveTamam_Butonu' is clicked on

2021-11-11 10:35:21 - [MESSAGE][INFO] - Finding Test Object 'Object Repository/Sayfalar/Giris_Sayfasi/RetveTamam_Butonu'

2021-11-11 10:35:22 - [MESSAGE][INFO] - Checking object

2021-11-11 10:35:22 - [MESSAGE][INFO] - Finding web element from Test Object's properties

2021-11-11 10:35:22 - [MESSAGE][INFO] - Checking timeout

2021-11-11 10:35:22 - [MESSAGE][INFO] - Finding web element with id: 'Object Repository/Sayfalar/Giris_Sayfasi/RetveTamam_Butonu' located by 'By.xpath: //*[@class = 'btn btn-default']' in '30' second(s)

2021-11-11 10:35:22 - [MESSAGE][INFO] - Smart Wait Function is triggered

2021-11-11 10:35:22 - [MESSAGE][INFO] - Found 1 web elements with id: 'Object Repository/Sayfalar/Giris_Sayfasi/RetveTamam_Butonu' located by 'By.xpath: //*[@class = 'btn btn-default']' in '30' second(s)

2021-11-11 10:35:22 - [MESSAGE][INFO] - Clicking on object: 'Object Repository/Sayfalar/Giris_Sayfasi/RetveTamam_Butonu'

2021-11-11 10:35:22 - [MESSAGE][PASSED] - Object: 'Object Repository/Sayfalar/Giris_Sayfasi/RetveTamam_Butonu' is clicked on

2021-11-11 10:35:22 - [TEST_STEP][PASSED] - click(findTestObject("Object Repository/Sayfalar/Giris_Sayfasi/RetveTamam_Butonu")): Object: 'Object Repository/Sayfalar/Giris_Sayfasi/RetveTamam_Butonu' is clicked on

2021-11-11 10:35:22 - [MESSAGE][INFO] - Finding Test Object 'Object Repository/Sayfalar/Giris_Sayfasi/RetveTamam_Butonu'

2021-11-11 10:35:22 - [MESSAGE][INFO] - Checking object

2021-11-11 10:35:22 - [MESSAGE][INFO] - Finding web element from Test Object's properties

2021-11-11 10:35:22 - [MESSAGE][INFO] - Checking timeout

2021-11-11 10:35:22 - [MESSAGE][INFO] - Finding web element with id: 'Object Repository/Sayfalar/Giris_Sayfasi/RetveTamam_Butonu' located by 'By.xpath: //*[@class = 'btn btn-default']' in '30' second(s)

2021-11-11 10:35:22 - [MESSAGE][INFO] - Smart Wait Function is triggered

2021-11-11 10:35:29 - [MESSAGE][INFO] - Found 1 web elements with id: 'Object Repository/Sayfalar/Giris_Sayfasi/RetveTamam_Butonu' located by 'By.xpath: //*[@class = 'btn btn-default']' in '30' second(s)

2021-11-11 10:35:29 - [MESSAGE][INFO] - Clicking on object: 'Object Repository/Sayfalar/Giris_Sayfasi/RetveTamam_Butonu'

2021-11-11 10:35:29 - [MESSAGE][PASSED] - Object: 'Object Repository/Sayfalar/Giris_Sayfasi/RetveTamam_Butonu' is clicked on

2021-11-11 10:35:29 - [TEST_STEP][PASSED] - if (verifyElementPresent(findTestObject("Sayfalar/Giris_Sayfasi/PopupOK"), 5, OPTIONAL)): null

2021-11-11 10:35:29 - [MESSAGE][INFO] - Finding Test Object 'Object Repository/Sayfalar/Giris_Sayfasi/PopupOK'

2021-11-11 10:35:29 - [MESSAGE][INFO] - Checking object

2021-11-11 10:35:29 - [MESSAGE][INFO] - Finding web element from Test Object's properties

2021-11-11 10:35:29 - [MESSAGE][INFO] - Checking timeout

2021-11-11 10:35:29 - [MESSAGE][INFO] - Finding web element with id: 'Object Repository/Sayfalar/Giris_Sayfasi/PopupOK' located by 'By.cssSelector: .btn.btn-success' in '5' second(s)

2021-11-11 10:35:29 - [MESSAGE][INFO] - Smart Wait Function is triggered

2021-11-11 10:35:30 - [MESSAGE][INFO] - Found 1 web elements with id: 'Object Repository/Sayfalar/Giris_Sayfasi/PopupOK' located by 'By.cssSelector: .btn.btn-success' in '5' second(s)

2021-11-11 10:35:30 - [MESSAGE][PASSED] - Object 'Object Repository/Sayfalar/Giris_Sayfasi/PopupOK' is present

2021-11-11 10:35:30 - [TEST_STEP][PASSED] - click(findTestObject("Object Repository/Sayfalar/Giris_Sayfasi/PopupCarpiGiris")): Object: 'Object Repository/Sayfalar/Giris_Sayfasi/PopupCarpiGiris' is clicked on

2021-11-11 10:35:30 - [MESSAGE][INFO] - Finding Test Object 'Object Repository/Sayfalar/Giris_Sayfasi/PopupCarpiGiris'

2021-11-11 10:35:30 - [MESSAGE][INFO] - Checking object

2021-11-11 10:35:30 - [MESSAGE][INFO] - Finding web element from Test Object's properties

2021-11-11 10:35:30 - [MESSAGE][INFO] - Checking timeout

2021-11-11 10:35:30 - [MESSAGE][INFO] - Finding web element with id: 'Object Repository/Sayfalar/Giris_Sayfasi/PopupCarpiGiris' located by 'By.cssSelector: .bootbox-close-button.close' in '30' second(s)

2021-11-11 10:35:30 - [MESSAGE][INFO] - Smart Wait Function is triggered

2021-11-11 10:35:30 - [MESSAGE][INFO] - Found 1 web elements with id: 'Object Repository/Sayfalar/Giris_Sayfasi/PopupCarpiGiris' located by 'By.cssSelector: .bootbox-close-button.close' in '30' second(s)

2021-11-11 10:35:30 - [MESSAGE][INFO] - Clicking on object: 'Object Repository/Sayfalar/Giris_Sayfasi/PopupCarpiGiris'

2021-11-11 10:35:30 - [MESSAGE][PASSED] - Object: 'Object Repository/Sayfalar/Giris_Sayfasi/PopupCarpiGiris' is clicked on

2021-11-11 10:35:30 - [TEST_STEP][PASSED] - verifyElementVisible(findTestObject("Object Repository/Kullanici_Islemleri/KullaniciIslemleri")): Object 'Object Repository/Kullanici_Islemleri/KullaniciIslemleri' is visible

2021-11-11 10:35:30 - [MESSAGE][INFO] - Finding Test Object 'Object Repository/Kullanici_Islemleri/KullaniciIslemleri'

2021-11-11 10:35:30 - [MESSAGE][INFO] - Checking object

2021-11-11 10:35:30 - [MESSAGE][INFO] - Finding web element from Test Object's properties

2021-11-11 10:35:30 - [MESSAGE][INFO] - Checking timeout

2021-11-11 10:35:30 - [MESSAGE][INFO] - Finding web element with id: 'Object Repository/Kullanici_Islemleri/KullaniciIslemleri' located by 'By.cssSelector: .dropdown>a>img' in '30' second(s)

2021-11-11 10:35:30 - [MESSAGE][INFO] - Smart Wait Function is triggered

2021-11-11 10:35:31 - [MESSAGE][INFO] - Found 1 web elements with id: 'Object Repository/Kullanici_Islemleri/KullaniciIslemleri' located by 'By.cssSelector: .dropdown>a>img' in '30' second(s)

2021-11-11 10:35:31 - [MESSAGE][PASSED] - Object 'Object Repository/Kullanici_Islemleri/KullaniciIslemleri' is visible

2021-11-11 10:35:31 - [MESSAGE][PASSED] - Call Test Case 'Test Cases/Sayfalar/Giris_Sayfasi/Login' successfully

2021-11-11 10:35:31 - [MESSAGE][INFO] - Checking called Test Case

2021-11-11 10:35:31 - [MESSAGE][INFO] - Starting to call Test Case 'Test Cases/Menu/AnaMenuSecimi'

2021-11-11 10:35:31 - [TEST_CASE][PASSED] - Test Cases/Menu/AnaMenuSecimi: Test Cases/Menu/AnaMenuSecimi

2021-11-11 10:35:31 - [TEST_STEP][PASSED] - Method.TextDegerineEsitElementeTikla(findTestObject("Menu/Ana_Menu"), Ana_Menu): Method.TextDegerineEsitElementeTikla is PASSED

2021-11-11 10:35:31 - [MESSAGE][INFO] - Finding Test Object 'Object Repository/Menu/Ana_Menu'

2021-11-11 10:35:32 - [MESSAGE][INFO] - Checking timeout

2021-11-11 10:35:32 - [MESSAGE][INFO] - Finding web element with id: 'Object Repository/Menu/Ana_Menu' located by 'By.xpath: //*[@class = 'dropdown-toggle']' in '10' second(s)

2021-11-11 10:35:32 - [MESSAGE][INFO] - Smart Wait Function is triggered

2021-11-11 10:35:32 - [MESSAGE][INFO] - Found 14 web elements with id: 'Object Repository/Menu/Ana_Menu' located by 'By.xpath: //*[@class = 'dropdown-toggle']' in '10' second(s)

2021-11-11 10:35:32 - [MESSAGE][PASSED] - Method.TextDegerineEsitElementeTikla is PASSED

2021-11-11 10:35:32 - [MESSAGE][PASSED] - Call Test Case 'Test Cases/Menu/AnaMenuSecimi' successfully

2021-11-11 10:35:32 - [MESSAGE][INFO] - Checking called Test Case

2021-11-11 10:35:32 - [MESSAGE][INFO] - Starting to call Test Case 'Test Cases/Menu/AltMenuSecimi'

2021-11-11 10:35:32 - [TEST_CASE][PASSED] - Test Cases/Menu/AltMenuSecimi: Test Cases/Menu/AltMenuSecimi

2021-11-11 10:35:33 - [TEST_STEP][PASSED] - Method.TextDegerineEsitElementeTikla(findTestObject("Menu/Alt_Menu"), Alt_Menu): Method.TextDegerineEsitElementeTikla is PASSED

2021-11-11 10:35:33 - [MESSAGE][INFO] - Finding Test Object 'Object Repository/Menu/Alt_Menu'

2021-11-11 10:35:33 - [MESSAGE][INFO] - Checking timeout

2021-11-11 10:35:33 - [MESSAGE][INFO] - Finding web element with id: 'Object Repository/Menu/Alt_Menu' located by 'By.xpath: //li[@class='dropdown dropdown-large open']//li[@class='dropdown-element']' in '10' second(s)

2021-11-11 10:35:33 - [MESSAGE][INFO] - Smart Wait Function is triggered

2021-11-11 10:35:33 - [MESSAGE][INFO] - Found 1 web elements with id: 'Object Repository/Menu/Alt_Menu' located by 'By.xpath: //li[@class='dropdown dropdown-large open']//li[@class='dropdown-element']' in '10' second(s)

2021-11-11 10:35:35 - [MESSAGE][PASSED] - Method.TextDegerineEsitElementeTikla is PASSED

2021-11-11 10:35:35 - [MESSAGE][PASSED] - Call Test Case 'Test Cases/Menu/AltMenuSecimi' successfully

2021-11-11 10:35:35 - [MESSAGE][INFO] - Checking called Test Case

2021-11-11 10:35:35 - [MESSAGE][INFO] - Starting to call Test Case 'Test Cases/Filtreler/DropdownSec'

2021-11-11 10:35:35 - [TEST_CASE][PASSED] - Test Cases/Filtreler/DropdownSec: Test Cases/Filtreler/DropdownSec

2021-11-11 10:35:35 - [TEST_STEP][PASSED] - Method.TextDegerineEsitElementinAltindakineTikla(findTestObject("Filtreler/Basliklar"), findTestObject("Filtreler/Basliga_Gore_Baslangic_Image"), Filtre_Adi): Method.TextDegerineEsitElementinAltindakineTikla is PASSED

2021-11-11 10:35:35 - [MESSAGE][INFO] - Finding Test Object 'Object Repository/Filtreler/Basliklar'

2021-11-11 10:35:36 - [MESSAGE][INFO] - Finding Test Object 'Object Repository/Filtreler/Basliga_Gore_Baslangic_Image'

2021-11-11 10:35:36 - [MESSAGE][INFO] - Checking timeout

2021-11-11 10:35:36 - [MESSAGE][INFO] - Finding web element with id: 'Object Repository/Filtreler/Basliklar' located by 'By.cssSelector: .control-label.col-sm-4.paddingMarginRLC' in '10' second(s)

2021-11-11 10:35:36 - [MESSAGE][INFO] - Smart Wait Function is triggered

2021-11-11 10:35:36 - [MESSAGE][INFO] - Found 9 web elements with id: 'Object Repository/Filtreler/Basliklar' located by 'By.cssSelector: .control-label.col-sm-4.paddingMarginRLC' in '10' second(s)

2021-11-11 10:35:36 - [MESSAGE][INFO] - Smart Wait Function is triggered

2021-11-11 10:35:36 - [MESSAGE][PASSED] - Method.TextDegerineEsitElementinAltindakineTikla is PASSED

2021-11-11 10:35:36 - [TEST_STEP][PASSED] - Method.TextDegerineEsitElementeTikla(findTestObject("Object Repository/Filtreler/Basliga_Gore_Dropdown"), Filtre_Degeri): Method.TextDegerineEsitElementeTikla is PASSED

2021-11-11 10:35:36 - [MESSAGE][INFO] - Finding Test Object 'Object Repository/Filtreler/Basliga_Gore_Dropdown'

2021-11-11 10:35:36 - [MESSAGE][INFO] - Checking timeout

2021-11-11 10:35:36 - [MESSAGE][INFO] - Finding web element with id: 'Object Repository/Filtreler/Basliga_Gore_Dropdown' located by 'By.xpath: //*[@class = 'dxeListBoxItemRow_LECustomTheme']' in '10' second(s)

2021-11-11 10:35:36 - [MESSAGE][INFO] - Smart Wait Function is triggered

2021-11-11 10:35:37 - [MESSAGE][INFO] - Found 54 web elements with id: 'Object Repository/Filtreler/Basliga_Gore_Dropdown' located by 'By.xpath: //*[@class = 'dxeListBoxItemRow_LECustomTheme']' in '10' second(s)

2021-11-11 10:35:37 - [MESSAGE][PASSED] - Method.TextDegerineEsitElementeTikla is PASSED

2021-11-11 10:35:37 - [MESSAGE][PASSED] - Call Test Case 'Test Cases/Filtreler/DropdownSec' successfully

2021-11-11 10:35:37 - [MESSAGE][INFO] - Checking called Test Case

2021-11-11 10:35:37 - [MESSAGE][INFO] - Starting to call Test Case 'Test Cases/Filtreler/BaslangicYaz'

2021-11-11 10:35:37 - [TEST_CASE][PASSED] - Test Cases/Filtreler/BaslangicYaz: Test Cases/Filtreler/BaslangicYaz

2021-11-11 10:35:38 - [TEST_STEP][PASSED] - Method.TextDegerineEsitElementinAltindakineTikla(findTestObject("Filtreler/Basliklar"), findTestObject("Filtreler/Basliga_Gore_Baslangic_Image"), Filtre_Adi): Method.TextDegerineEsitElementinAltindakineTikla is PASSED

2021-11-11 10:35:38 - [MESSAGE][INFO] - Finding Test Object 'Object Repository/Filtreler/Basliklar'

2021-11-11 10:35:38 - [MESSAGE][INFO] - Finding Test Object 'Object Repository/Filtreler/Basliga_Gore_Baslangic_Image'

2021-11-11 10:35:38 - [MESSAGE][INFO] - Checking timeout

2021-11-11 10:35:38 - [MESSAGE][INFO] - Finding web element with id: 'Object Repository/Filtreler/Basliklar' located by 'By.cssSelector: .control-label.col-sm-4.paddingMarginRLC' in '10' second(s)

2021-11-11 10:35:38 - [MESSAGE][INFO] - Smart Wait Function is triggered

2021-11-11 10:35:38 - [MESSAGE][INFO] - Found 9 web elements with id: 'Object Repository/Filtreler/Basliklar' located by 'By.cssSelector: .control-label.col-sm-4.paddingMarginRLC' in '10' second(s)

2021-11-11 10:35:38 - [MESSAGE][INFO] - Smart Wait Function is triggered

2021-11-11 10:35:39 - [MESSAGE][PASSED] - Method.TextDegerineEsitElementinAltindakineTikla is PASSED

2021-11-11 10:35:39 - [TEST_STEP][PASSED] - Method.TextDegerineEsitElementinAltindakiTextboxtaYaz(findTestObject("Filtreler/Basliklar"), findTestObject("Filtreler/Basliga_Gore_Baslangic"), Filtre_Adi, Filtre_Degeri): Method.TextDegerineEsitElementinAltindakiTextboxtaYaz is PASSED

2021-11-11 10:35:39 - [MESSAGE][INFO] - Finding Test Object 'Object Repository/Filtreler/Basliklar'

2021-11-11 10:35:39 - [MESSAGE][INFO] - Finding Test Object 'Object Repository/Filtreler/Basliga_Gore_Baslangic'

2021-11-11 10:35:39 - [MESSAGE][INFO] - Checking timeout

2021-11-11 10:35:39 - [MESSAGE][INFO] - Finding web element with id: 'Object Repository/Filtreler/Basliklar' located by 'By.cssSelector: .control-label.col-sm-4.paddingMarginRLC' in '10' second(s)

2021-11-11 10:35:39 - [MESSAGE][INFO] - Smart Wait Function is triggered

2021-11-11 10:35:39 - [MESSAGE][INFO] - Found 9 web elements with id: 'Object Repository/Filtreler/Basliklar' located by 'By.cssSelector: .control-label.col-sm-4.paddingMarginRLC' in '10' second(s)

2021-11-11 10:35:39 - [MESSAGE][INFO] - Smart Wait Function is triggered

2021-11-11 10:35:40 - [MESSAGE][PASSED] - Method.TextDegerineEsitElementinAltindakiTextboxtaYaz is PASSED

2021-11-11 10:35:40 - [MESSAGE][PASSED] - Call Test Case 'Test Cases/Filtreler/BaslangicYaz' successfully

2021-11-11 10:35:40 - [MESSAGE][INFO] - Checking called Test Case

2021-11-11 10:35:40 - [MESSAGE][INFO] - Starting to call Test Case 'Test Cases/Filtreler/BitisYaz'

2021-11-11 10:35:40 - [TEST_CASE][PASSED] - Test Cases/Filtreler/BitisYaz: Test Cases/Filtreler/BitisYaz

2021-11-11 10:35:41 - [TEST_STEP][PASSED] - Method.TextDegerineEsitElementinAltindakineTikla(findTestObject("Filtreler/Basliklar"), findTestObject("Filtreler/Basliga_Gore_Bitis_Image"), Filtre_Adi): Method.TextDegerineEsitElementinAltindakineTikla is PASSED

2021-11-11 10:35:41 - [MESSAGE][INFO] - Finding Test Object 'Object Repository/Filtreler/Basliklar'

2021-11-11 10:35:41 - [MESSAGE][INFO] - Finding Test Object 'Object Repository/Filtreler/Basliga_Gore_Bitis_Image'

2021-11-11 10:35:41 - [MESSAGE][INFO] - Checking timeout

2021-11-11 10:35:41 - [MESSAGE][INFO] - Finding web element with id: 'Object Repository/Filtreler/Basliklar' located by 'By.cssSelector: .control-label.col-sm-4.paddingMarginRLC' in '10' second(s)

2021-11-11 10:35:41 - [MESSAGE][INFO] - Smart Wait Function is triggered

2021-11-11 10:35:41 - [MESSAGE][INFO] - Found 9 web elements with id: 'Object Repository/Filtreler/Basliklar' located by 'By.cssSelector: .control-label.col-sm-4.paddingMarginRLC' in '10' second(s)

2021-11-11 10:35:41 - [MESSAGE][INFO] - Smart Wait Function is triggered

2021-11-11 10:35:42 - [MESSAGE][PASSED] - Method.TextDegerineEsitElementinAltindakineTikla is PASSED

2021-11-11 10:35:42 - [TEST_STEP][PASSED] - Method.TextDegerineEsitElementinAltindakiTextboxtaYaz(findTestObject("Filtreler/Basliklar"), findTestObject("Object Repository/Filtreler/Basliga_Gore_Bitis"), Filtre_Adi, Filtre_Degeri): Method.TextDegerineEsitElementinAltindakiTextboxtaYaz is PASSED

2021-11-11 10:35:42 - [MESSAGE][INFO] - Finding Test Object 'Object Repository/Filtreler/Basliklar'

2021-11-11 10:35:42 - [MESSAGE][INFO] - Finding Test Object 'Object Repository/Filtreler/Basliga_Gore_Bitis'

2021-11-11 10:35:42 - [MESSAGE][INFO] - Checking timeout

2021-11-11 10:35:42 - [MESSAGE][INFO] - Finding web element with id: 'Object Repository/Filtreler/Basliklar' located by 'By.cssSelector: .control-label.col-sm-4.paddingMarginRLC' in '10' second(s)

2021-11-11 10:35:42 - [MESSAGE][INFO] - Smart Wait Function is triggered

2021-11-11 10:35:42 - [MESSAGE][INFO] - Found 9 web elements with id: 'Object Repository/Filtreler/Basliklar' located by 'By.cssSelector: .control-label.col-sm-4.paddingMarginRLC' in '10' second(s)

2021-11-11 10:35:42 - [MESSAGE][INFO] - Smart Wait Function is triggered

2021-11-11 10:35:43 - [MESSAGE][PASSED] - Method.TextDegerineEsitElementinAltindakiTextboxtaYaz is PASSED

2021-11-11 10:35:43 - [MESSAGE][PASSED] - Call Test Case 'Test Cases/Filtreler/BitisYaz' successfully

2021-11-11 10:35:43 - [MESSAGE][INFO] - Checking called Test Case

2021-11-11 10:35:43 - [MESSAGE][INFO] - Starting to call Test Case 'Test Cases/Filtreler/ButonaTikla'

2021-11-11 10:35:43 - [TEST_CASE][PASSED] - Test Cases/Filtreler/ButonaTikla: Test Cases/Filtreler/ButonaTikla

2021-11-11 10:35:43 - [TEST_STEP][PASSED] - Method.TextDegerineEsitElementeTikla(findTestObject("Filtreler/Butonlar"), Filtre_Buton): Method.TextDegerineEsitElementeTikla is PASSED

2021-11-11 10:35:43 - [MESSAGE][INFO] - Finding Test Object 'Object Repository/Filtreler/Butonlar'

2021-11-11 10:35:43 - [MESSAGE][INFO] - Checking timeout

2021-11-11 10:35:43 - [MESSAGE][INFO] - Finding web element with id: 'Object Repository/Filtreler/Butonlar' located by 'By.cssSelector: .dxb>span' in '10' second(s)

2021-11-11 10:35:43 - [MESSAGE][INFO] - Smart Wait Function is triggered

2021-11-11 10:35:43 - [MESSAGE][INFO] - Found 3 web elements with id: 'Object Repository/Filtreler/Butonlar' located by 'By.cssSelector: .dxb>span' in '10' second(s)

2021-11-11 10:35:44 - [MESSAGE][PASSED] - Method.TextDegerineEsitElementeTikla is PASSED

2021-11-11 10:35:44 - [MESSAGE][PASSED] - Call Test Case 'Test Cases/Filtreler/ButonaTikla' successfully

2021-11-11 10:35:44 - [MESSAGE][INFO] - Checking called Test Case

2021-11-11 10:35:44 - [MESSAGE][INFO] - Starting to call Test Case 'Test Cases/Tablo/TablodakiVeriDetayi'

2021-11-11 10:35:44 - [TEST_CASE][PASSED] - Test Cases/Tablo/TablodakiVeriDetayi: Test Cases/Tablo/TablodakiVeriDetayi

2021-11-11 10:35:44 - [TEST_STEP][PASSED] - Method.TextDegerineEsitElementinAltindakineTikla(findTestObject("Tablo/Veriler"), findTestObject("Object Repository/Tablo/VerininArtiButonu"), Veri_Adi): Method.TextDegerineEsitElementinAltindakineTikla is PASSED

2021-11-11 10:35:44 - [MESSAGE][INFO] - Finding Test Object 'Object Repository/Tablo/Veriler'

2021-11-11 10:35:44 - [MESSAGE][INFO] - Finding Test Object 'Object Repository/Tablo/VerininArtiButonu'

2021-11-11 10:35:44 - [MESSAGE][INFO] - Checking timeout

2021-11-11 10:35:44 - [MESSAGE][INFO] - Finding web element with id: 'Object Repository/Tablo/Veriler' located by 'By.cssSelector: td.dxgv b ,td.dxgv' in '10' second(s)

2021-11-11 10:35:44 - [MESSAGE][INFO] - Smart Wait Function is triggered

2021-11-11 10:35:45 - [MESSAGE][INFO] - Found 33 web elements with id: 'Object Repository/Tablo/Veriler' located by 'By.cssSelector: td.dxgv b ,td.dxgv' in '10' second(s)

2021-11-11 10:35:45 - [MESSAGE][INFO] - Smart Wait Function is triggered

2021-11-11 10:35:45 - [MESSAGE][PASSED] - Method.TextDegerineEsitElementinAltindakineTikla is PASSED

2021-11-11 10:35:45 - [MESSAGE][PASSED] - Call Test Case 'Test Cases/Tablo/TablodakiVeriDetayi' successfully

2021-11-11 10:35:45 - [MESSAGE][INFO] - Checking called Test Case

2021-11-11 10:35:45 - [MESSAGE][INFO] - Starting to call Test Case 'Test Cases/Tablo/TablodakiVeriDetayi'

2021-11-11 10:35:45 - [TEST_CASE][PASSED] - Test Cases/Tablo/TablodakiVeriDetayi: Test Cases/Tablo/TablodakiVeriDetayi

2021-11-11 10:35:45 - [TEST_STEP][PASSED] - Method.TextDegerineEsitElementinAltindakineTikla(findTestObject("Tablo/Veriler"), findTestObject("Object Repository/Tablo/VerininArtiButonu"), Veri_Adi): Method.TextDegerineEsitElementinAltindakineTikla is PASSED

2021-11-11 10:35:45 - [MESSAGE][INFO] - Finding Test Object 'Object Repository/Tablo/Veriler'

2021-11-11 10:35:45 - [MESSAGE][INFO] - Finding Test Object 'Object Repository/Tablo/VerininArtiButonu'

2021-11-11 10:35:46 - [MESSAGE][INFO] - Checking timeout

2021-11-11 10:35:46 - [MESSAGE][INFO] - Finding web element with id: 'Object Repository/Tablo/Veriler' located by 'By.cssSelector: td.dxgv b ,td.dxgv' in '10' second(s)

2021-11-11 10:35:46 - [MESSAGE][INFO] - Smart Wait Function is triggered

2021-11-11 10:35:46 - [MESSAGE][INFO] - Found 35 web elements with id: 'Object Repository/Tablo/Veriler' located by 'By.cssSelector: td.dxgv b ,td.dxgv' in '10' second(s)

2021-11-11 10:35:46 - [MESSAGE][INFO] - Smart Wait Function is triggered

2021-11-11 10:35:46 - [MESSAGE][PASSED] - Method.TextDegerineEsitElementinAltindakineTikla is PASSED

2021-11-11 10:35:46 - [MESSAGE][PASSED] - Call Test Case 'Test Cases/Tablo/TablodakiVeriDetayi' successfully

2021-11-11 10:35:46 - [MESSAGE][INFO] - Checking called Test Case

2021-11-11 10:35:46 - [MESSAGE][INFO] - Starting to call Test Case 'Test Cases/Filtreler/FiltreVarMi'

2021-11-11 10:35:46 - [TEST_CASE][PASSED] - Test Cases/Filtreler/FiltreVarMi: Test Cases/Filtreler/FiltreVarMi

2021-11-11 10:35:47 - [TEST_STEP][PASSED] - Method.TextDegerineEsitElementVarMi(findTestObject("Filtreler/Basliklar"), Filtre_alan): Method.TextDegerineEsitElementVarMi is PASSED

2021-11-11 10:35:47 - [MESSAGE][INFO] - Finding Test Object 'Object Repository/Filtreler/Basliklar'

2021-11-11 10:35:47 - [MESSAGE][INFO] - Checking timeout

2021-11-11 10:35:47 - [MESSAGE][INFO] - Finding web element with id: 'Object Repository/Filtreler/Basliklar' located by 'By.cssSelector: .control-label.col-sm-4.paddingMarginRLC' in '10' second(s)

2021-11-11 10:35:47 - [MESSAGE][INFO] - Smart Wait Function is triggered

2021-11-11 10:35:47 - [MESSAGE][INFO] - Found 9 web elements with id: 'Object Repository/Filtreler/Basliklar' located by 'By.cssSelector: .control-label.col-sm-4.paddingMarginRLC' in '10' second(s)

2021-11-11 10:35:47 - [MESSAGE][PASSED] - Method.TextDegerineEsitElementVarMi is PASSED

2021-11-11 10:35:47 - [MESSAGE][PASSED] - Call Test Case 'Test Cases/Filtreler/FiltreVarMi' successfully

2021-11-11 10:35:47 - [MESSAGE][INFO] - Checking called Test Case

2021-11-11 10:35:47 - [MESSAGE][INFO] - Starting to call Test Case 'Test Cases/Filtreler/FiltreVarMi'

2021-11-11 10:35:47 - [TEST_CASE][PASSED] - Test Cases/Filtreler/FiltreVarMi: Test Cases/Filtreler/FiltreVarMi

2021-11-11 10:35:47 - [TEST_STEP][PASSED] - Method.TextDegerineEsitElementVarMi(findTestObject("Filtreler/Basliklar"), Filtre_alan): Method.TextDegerineEsitElementVarMi is PASSED

2021-11-11 10:35:47 - [MESSAGE][INFO] - Finding Test Object 'Object Repository/Filtreler/Basliklar'

2021-11-11 10:35:47 - [MESSAGE][INFO] - Checking timeout

2021-11-11 10:35:47 - [MESSAGE][INFO] - Finding web element with id: 'Object Repository/Filtreler/Basliklar' located by 'By.cssSelector: .control-label.col-sm-4.paddingMarginRLC' in '10' second(s)

2021-11-11 10:35:47 - [MESSAGE][INFO] - Smart Wait Function is triggered

2021-11-11 10:35:48 - [MESSAGE][INFO] - Found 9 web elements with id: 'Object Repository/Filtreler/Basliklar' located by 'By.cssSelector: .control-label.col-sm-4.paddingMarginRLC' in '10' second(s)

2021-11-11 10:35:48 - [MESSAGE][PASSED] - Method.TextDegerineEsitElementVarMi is PASSED

2021-11-11 10:35:48 - [MESSAGE][PASSED] - Call Test Case 'Test Cases/Filtreler/FiltreVarMi' successfully

2021-11-11 10:35:48 - [MESSAGE][INFO] - Checking called Test Case

2021-11-11 10:35:48 - [MESSAGE][INFO] - Starting to call Test Case 'Test Cases/Filtreler/FiltreVarMi'

2021-11-11 10:35:48 - [TEST_CASE][PASSED] - Test Cases/Filtreler/FiltreVarMi: Test Cases/Filtreler/FiltreVarMi

2021-11-11 10:35:48 - [TEST_STEP][PASSED] - Method.TextDegerineEsitElementVarMi(findTestObject("Filtreler/Basliklar"), Filtre_alan): Method.TextDegerineEsitElementVarMi is PASSED

2021-11-11 10:35:48 - [MESSAGE][INFO] - Finding Test Object 'Object Repository/Filtreler/Basliklar'

2021-11-11 10:35:48 - [MESSAGE][INFO] - Checking timeout

2021-11-11 10:35:48 - [MESSAGE][INFO] - Finding web element with id: 'Object Repository/Filtreler/Basliklar' located by 'By.cssSelector: .control-label.col-sm-4.paddingMarginRLC' in '10' second(s)

2021-11-11 10:35:48 - [MESSAGE][INFO] - Smart Wait Function is triggered

2021-11-11 10:35:48 - [MESSAGE][INFO] - Found 9 web elements with id: 'Object Repository/Filtreler/Basliklar' located by 'By.cssSelector: .control-label.col-sm-4.paddingMarginRLC' in '10' second(s)

2021-11-11 10:35:48 - [MESSAGE][PASSED] - Method.TextDegerineEsitElementVarMi is PASSED

2021-11-11 10:35:48 - [MESSAGE][PASSED] - Call Test Case 'Test Cases/Filtreler/FiltreVarMi' successfully

2021-11-11 10:35:48 - [MESSAGE][INFO] - Checking called Test Case

2021-11-11 10:35:48 - [MESSAGE][INFO] - Starting to call Test Case 'Test Cases/Filtreler/FiltreVarMi'

2021-11-11 10:35:48 - [TEST_CASE][PASSED] - Test Cases/Filtreler/FiltreVarMi: Test Cases/Filtreler/FiltreVarMi

2021-11-11 10:35:48 - [TEST_STEP][PASSED] - Method.TextDegerineEsitElementVarMi(findTestObject("Filtreler/Basliklar"), Filtre_alan): Method.TextDegerineEsitElementVarMi is PASSED

2021-11-11 10:35:48 - [MESSAGE][INFO] - Finding Test Object 'Object Repository/Filtreler/Basliklar'

2021-11-11 10:35:48 - [MESSAGE][INFO] - Checking timeout

2021-11-11 10:35:48 - [MESSAGE][INFO] - Finding web element with id: 'Object Repository/Filtreler/Basliklar' located by 'By.cssSelector: .control-label.col-sm-4.paddingMarginRLC' in '10' second(s)

2021-11-11 10:35:48 - [MESSAGE][INFO] - Smart Wait Function is triggered

2021-11-11 10:35:49 - [MESSAGE][INFO] - Found 9 web elements with id: 'Object Repository/Filtreler/Basliklar' located by 'By.cssSelector: .control-label.col-sm-4.paddingMarginRLC' in '10' second(s)

2021-11-11 10:35:49 - [MESSAGE][PASSED] - Method.TextDegerineEsitElementVarMi is PASSED

2021-11-11 10:35:49 - [MESSAGE][PASSED] - Call Test Case 'Test Cases/Filtreler/FiltreVarMi' successfully

2021-11-11 10:35:49 - [MESSAGE][INFO] - Checking called Test Case

2021-11-11 10:35:49 - [MESSAGE][INFO] - Starting to call Test Case 'Test Cases/Filtreler/FiltreVarMi'

2021-11-11 10:35:49 - [TEST_CASE][PASSED] - Test Cases/Filtreler/FiltreVarMi: Test Cases/Filtreler/FiltreVarMi

2021-11-11 10:35:49 - [TEST_STEP][PASSED] - Method.TextDegerineEsitElementVarMi(findTestObject("Filtreler/Basliklar"), Filtre_alan): Method.TextDegerineEsitElementVarMi is PASSED

2021-11-11 10:35:49 - [MESSAGE][INFO] - Finding Test Object 'Object Repository/Filtreler/Basliklar'

2021-11-11 10:35:49 - [MESSAGE][INFO] - Checking timeout

2021-11-11 10:35:49 - [MESSAGE][INFO] - Finding web element with id: 'Object Repository/Filtreler/Basliklar' located by 'By.cssSelector: .control-label.col-sm-4.paddingMarginRLC' in '10' second(s)

2021-11-11 10:35:49 - [MESSAGE][INFO] - Smart Wait Function is triggered

2021-11-11 10:35:49 - [MESSAGE][INFO] - Found 9 web elements with id: 'Object Repository/Filtreler/Basliklar' located by 'By.cssSelector: .control-label.col-sm-4.paddingMarginRLC' in '10' second(s)

2021-11-11 10:35:49 - [MESSAGE][PASSED] - Method.TextDegerineEsitElementVarMi is PASSED

2021-11-11 10:35:49 - [MESSAGE][PASSED] - Call Test Case 'Test Cases/Filtreler/FiltreVarMi' successfully

2021-11-11 10:35:49 - [MESSAGE][INFO] - Checking called Test Case

2021-11-11 10:35:49 - [MESSAGE][INFO] - Starting to call Test Case 'Test Cases/Filtreler/FiltreVarMi'

2021-11-11 10:35:49 - [TEST_CASE][PASSED] - Test Cases/Filtreler/FiltreVarMi: Test Cases/Filtreler/FiltreVarMi

2021-11-11 10:35:49 - [TEST_STEP][PASSED] - Method.TextDegerineEsitElementVarMi(findTestObject("Filtreler/Basliklar"), Filtre_alan): Method.TextDegerineEsitElementVarMi is PASSED

2021-11-11 10:35:49 - [MESSAGE][INFO] - Finding Test Object 'Object Repository/Filtreler/Basliklar'

2021-11-11 10:35:49 - [MESSAGE][INFO] - Checking timeout

2021-11-11 10:35:49 - [MESSAGE][INFO] - Finding web element with id: 'Object Repository/Filtreler/Basliklar' located by 'By.cssSelector: .control-label.col-sm-4.paddingMarginRLC' in '10' second(s)

2021-11-11 10:35:49 - [MESSAGE][INFO] - Smart Wait Function is triggered

2021-11-11 10:35:50 - [MESSAGE][INFO] - Found 9 web elements with id: 'Object Repository/Filtreler/Basliklar' located by 'By.cssSelector: .control-label.col-sm-4.paddingMarginRLC' in '10' second(s)

2021-11-11 10:35:50 - [MESSAGE][PASSED] - Method.TextDegerineEsitElementVarMi is PASSED

2021-11-11 10:35:50 - [MESSAGE][PASSED] - Call Test Case 'Test Cases/Filtreler/FiltreVarMi' successfully

2021-11-11 10:35:50 - [MESSAGE][INFO] - Checking called Test Case

2021-11-11 10:35:50 - [MESSAGE][INFO] - Starting to call Test Case 'Test Cases/Filtreler/FiltreVarMi'

2021-11-11 10:35:50 - [TEST_CASE][PASSED] - Test Cases/Filtreler/FiltreVarMi: Test Cases/Filtreler/FiltreVarMi

2021-11-11 10:35:50 - [TEST_STEP][PASSED] - Method.TextDegerineEsitElementVarMi(findTestObject("Filtreler/Basliklar"), Filtre_alan): Method.TextDegerineEsitElementVarMi is PASSED

2021-11-11 10:35:50 - [MESSAGE][INFO] - Finding Test Object 'Object Repository/Filtreler/Basliklar'

2021-11-11 10:35:50 - [MESSAGE][INFO] - Checking timeout

2021-11-11 10:35:50 - [MESSAGE][INFO] - Finding web element with id: 'Object Repository/Filtreler/Basliklar' located by 'By.cssSelector: .control-label.col-sm-4.paddingMarginRLC' in '10' second(s)

2021-11-11 10:35:50 - [MESSAGE][INFO] - Smart Wait Function is triggered

2021-11-11 10:35:50 - [MESSAGE][INFO] - Found 9 web elements with id: 'Object Repository/Filtreler/Basliklar' located by 'By.cssSelector: .control-label.col-sm-4.paddingMarginRLC' in '10' second(s)

2021-11-11 10:35:50 - [MESSAGE][PASSED] - Method.TextDegerineEsitElementVarMi is PASSED

2021-11-11 10:35:50 - [MESSAGE][PASSED] - Call Test Case 'Test Cases/Filtreler/FiltreVarMi' successfully

2021-11-11 10:35:50 - [MESSAGE][INFO] - Checking called Test Case

2021-11-11 10:35:50 - [MESSAGE][INFO] - Starting to call Test Case 'Test Cases/Filtreler/ButonVarMi'

2021-11-11 10:35:50 - [TEST_CASE][PASSED] - Test Cases/Filtreler/ButonVarMi: Test Cases/Filtreler/ButonVarMi

2021-11-11 10:35:51 - [TEST_STEP][PASSED] - Method.TextDegerineEsitElementVarMi(findTestObject("Filtreler/Butonlar"), Filtre_Buton): Method.TextDegerineEsitElementVarMi is PASSED

2021-11-11 10:35:51 - [MESSAGE][INFO] - Finding Test Object 'Object Repository/Filtreler/Butonlar'

2021-11-11 10:35:51 - [MESSAGE][INFO] - Checking timeout

2021-11-11 10:35:51 - [MESSAGE][INFO] - Finding web element with id: 'Object Repository/Filtreler/Butonlar' located by 'By.cssSelector: .dxb>span' in '10' second(s)

2021-11-11 10:35:51 - [MESSAGE][INFO] - Smart Wait Function is triggered

2021-11-11 10:35:51 - [MESSAGE][INFO] - Found 3 web elements with id: 'Object Repository/Filtreler/Butonlar' located by 'By.cssSelector: .dxb>span' in '10' second(s)

2021-11-11 10:35:51 - [MESSAGE][PASSED] - Method.TextDegerineEsitElementVarMi is PASSED

2021-11-11 10:35:51 - [MESSAGE][PASSED] - Call Test Case 'Test Cases/Filtreler/ButonVarMi' successfully

2021-11-11 10:35:51 - [MESSAGE][INFO] - Checking called Test Case

2021-11-11 10:35:51 - [MESSAGE][INFO] - Starting to call Test Case 'Test Cases/Filtreler/ButonVarMi'

2021-11-11 10:35:51 - [TEST_CASE][PASSED] - Test Cases/Filtreler/ButonVarMi: Test Cases/Filtreler/ButonVarMi

2021-11-11 10:35:51 - [TEST_STEP][PASSED] - Method.TextDegerineEsitElementVarMi(findTestObject("Filtreler/Butonlar"), Filtre_Buton): Method.TextDegerineEsitElementVarMi is PASSED

2021-11-11 10:35:51 - [MESSAGE][INFO] - Finding Test Object 'Object Repository/Filtreler/Butonlar'

2021-11-11 10:35:51 - [MESSAGE][INFO] - Checking timeout

2021-11-11 10:35:51 - [MESSAGE][INFO] - Finding web element with id: 'Object Repository/Filtreler/Butonlar' located by 'By.cssSelector: .dxb>span' in '10' second(s)

2021-11-11 10:35:51 - [MESSAGE][INFO] - Smart Wait Function is triggered

2021-11-11 10:35:52 - [MESSAGE][INFO] - Found 3 web elements with id: 'Object Repository/Filtreler/Butonlar' located by 'By.cssSelector: .dxb>span' in '10' second(s)

2021-11-11 10:35:52 - [MESSAGE][PASSED] - Method.TextDegerineEsitElementVarMi is PASSED

2021-11-11 10:35:52 - [MESSAGE][PASSED] - Call Test Case 'Test Cases/Filtreler/ButonVarMi' successfully

2021-11-11 10:35:52 - [MESSAGE][INFO] - Checking called Test Case

2021-11-11 10:35:52 - [MESSAGE][INFO] - Starting to call Test Case 'Test Cases/Filtreler/ButonVarMi'

2021-11-11 10:35:52 - [TEST_CASE][PASSED] - Test Cases/Filtreler/ButonVarMi: Test Cases/Filtreler/ButonVarMi

2021-11-11 10:35:52 - [TEST_STEP][PASSED] - Method.TextDegerineEsitElementVarMi(findTestObject("Filtreler/Butonlar"), Filtre_Buton): Method.TextDegerineEsitElementVarMi is PASSED

2021-11-11 10:35:52 - [MESSAGE][INFO] - Finding Test Object 'Object Repository/Filtreler/Butonlar'

2021-11-11 10:35:52 - [MESSAGE][INFO] - Checking timeout

2021-11-11 10:35:52 - [MESSAGE][INFO] - Finding web element with id: 'Object Repository/Filtreler/Butonlar' located by 'By.cssSelector: .dxb>span' in '10' second(s)

2021-11-11 10:35:52 - [MESSAGE][INFO] - Smart Wait Function is triggered

2021-11-11 10:35:52 - [MESSAGE][INFO] - Found 3 web elements with id: 'Object Repository/Filtreler/Butonlar' located by 'By.cssSelector: .dxb>span' in '10' second(s)

2021-11-11 10:35:52 - [MESSAGE][PASSED] - Method.TextDegerineEsitElementVarMi is PASSED

2021-11-11 10:35:52 - [MESSAGE][PASSED] - Call Test Case 'Test Cases/Filtreler/ButonVarMi' successfully

2021-11-11 10:35:52 - [MESSAGE][INFO] - Checking called Test Case

2021-11-11 10:35:52 - [MESSAGE][INFO] - Starting to call Test Case 'Test Cases/Butonlar/ButonVarMi'

2021-11-11 10:35:52 - [TEST_CASE][PASSED] - Test Cases/Butonlar/ButonVarMi: Test Cases/Butonlar/ButonVarMi

2021-11-11 10:35:53 - [TEST_STEP][PASSED] - Method.TextDegerineEsitElementVarMi(findTestObject("Butonlar/Butonlar"), Buton): Method.TextDegerineEsitElementVarMi is PASSED

2021-11-11 10:35:53 - [MESSAGE][INFO] - Finding Test Object 'Object Repository/Butonlar/Butonlar'

2021-11-11 10:35:53 - [MESSAGE][INFO] - Checking timeout

2021-11-11 10:35:53 - [MESSAGE][INFO] - Finding web element with id: 'Object Repository/Butonlar/Butonlar' located by 'By.cssSelector: .panel.panel-default.text-center.footerPanel .btn,.btn.btn-primary.btnControls' in '10' second(s)

2021-11-11 10:35:53 - [MESSAGE][INFO] - Smart Wait Function is triggered

2021-11-11 10:35:53 - [MESSAGE][INFO] - Found 4 web elements with id: 'Object Repository/Butonlar/Butonlar' located by 'By.cssSelector: .panel.panel-default.text-center.footerPanel .btn,.btn.btn-primary.btnControls' in '10' second(s)

2021-11-11 10:35:53 - [MESSAGE][PASSED] - Method.TextDegerineEsitElementVarMi is PASSED

2021-11-11 10:35:53 - [MESSAGE][PASSED] - Call Test Case 'Test Cases/Butonlar/ButonVarMi' successfully

2021-11-11 10:35:53 - [MESSAGE][INFO] - Checking called Test Case

2021-11-11 10:35:53 - [MESSAGE][INFO] - Starting to call Test Case 'Test Cases/Butonlar/ButonVarMi'

2021-11-11 10:35:53 - [TEST_CASE][PASSED] - Test Cases/Butonlar/ButonVarMi: Test Cases/Butonlar/ButonVarMi

2021-11-11 10:35:53 - [TEST_STEP][PASSED] - Method.TextDegerineEsitElementVarMi(findTestObject("Butonlar/Butonlar"), Buton): Method.TextDegerineEsitElementVarMi is PASSED

2021-11-11 10:35:53 - [MESSAGE][INFO] - Finding Test Object 'Object Repository/Butonlar/Butonlar'

2021-11-11 10:35:53 - [MESSAGE][INFO] - Checking timeout

2021-11-11 10:35:53 - [MESSAGE][INFO] - Finding web element with id: 'Object Repository/Butonlar/Butonlar' located by 'By.cssSelector: .panel.panel-default.text-center.footerPanel .btn,.btn.btn-primary.btnControls' in '10' second(s)

2021-11-11 10:35:53 - [MESSAGE][INFO] - Smart Wait Function is triggered

2021-11-11 10:35:54 - [MESSAGE][INFO] - Found 4 web elements with id: 'Object Repository/Butonlar/Butonlar' located by 'By.cssSelector: .panel.panel-default.text-center.footerPanel .btn,.btn.btn-primary.btnControls' in '10' second(s)

2021-11-11 10:35:54 - [MESSAGE][PASSED] - Method.TextDegerineEsitElementVarMi is PASSED

2021-11-11 10:35:54 - [MESSAGE][PASSED] - Call Test Case 'Test Cases/Butonlar/ButonVarMi' successfully

2021-11-11 10:35:54 - [MESSAGE][INFO] - Checking called Test Case

2021-11-11 10:35:54 - [MESSAGE][INFO] - Starting to call Test Case 'Test Cases/Butonlar/ButonVarMi'

2021-11-11 10:35:54 - [TEST_CASE][PASSED] - Test Cases/Butonlar/ButonVarMi: Test Cases/Butonlar/ButonVarMi

2021-11-11 10:35:54 - [TEST_STEP][PASSED] - Method.TextDegerineEsitElementVarMi(findTestObject("Butonlar/Butonlar"), Buton): Method.TextDegerineEsitElementVarMi is PASSED

2021-11-11 10:35:54 - [MESSAGE][INFO] - Finding Test Object 'Object Repository/Butonlar/Butonlar'

2021-11-11 10:35:54 - [MESSAGE][INFO] - Checking timeout

2021-11-11 10:35:54 - [MESSAGE][INFO] - Finding web element with id: 'Object Repository/Butonlar/Butonlar' located by 'By.cssSelector: .panel.panel-default.text-center.footerPanel .btn,.btn.btn-primary.btnControls' in '10' second(s)

2021-11-11 10:35:54 - [MESSAGE][INFO] - Smart Wait Function is triggered

2021-11-11 10:35:54 - [MESSAGE][INFO] - Found 4 web elements with id: 'Object Repository/Butonlar/Butonlar' located by 'By.cssSelector: .panel.panel-default.text-center.footerPanel .btn,.btn.btn-primary.btnControls' in '10' second(s)

2021-11-11 10:35:54 - [MESSAGE][PASSED] - Method.TextDegerineEsitElementVarMi is PASSED

2021-11-11 10:35:54 - [MESSAGE][PASSED] - Call Test Case 'Test Cases/Butonlar/ButonVarMi' successfully

2021-11-11 10:35:54 - [MESSAGE][INFO] - Checking called Test Case

2021-11-11 10:35:54 - [MESSAGE][INFO] - Starting to call Test Case 'Test Cases/Butonlar/ButonVarMi'

2021-11-11 10:35:54 - [TEST_CASE][PASSED] - Test Cases/Butonlar/ButonVarMi: Test Cases/Butonlar/ButonVarMi

2021-11-11 10:35:54 - [TEST_STEP][PASSED] - Method.TextDegerineEsitElementVarMi(findTestObject("Butonlar/Butonlar"), Buton): Method.TextDegerineEsitElementVarMi is PASSED

2021-11-11 10:35:54 - [MESSAGE][INFO] - Finding Test Object 'Object Repository/Butonlar/Butonlar'

2021-11-11 10:35:54 - [MESSAGE][INFO] - Checking timeout

2021-11-11 10:35:54 - [MESSAGE][INFO] - Finding web element with id: 'Object Repository/Butonlar/Butonlar' located by 'By.cssSelector: .panel.panel-default.text-center.footerPanel .btn,.btn.btn-primary.btnControls' in '10' second(s)

2021-11-11 10:35:54 - [MESSAGE][INFO] - Smart Wait Function is triggered

2021-11-11 10:35:54 - [MESSAGE][INFO] - Found 4 web elements with id: 'Object Repository/Butonlar/Butonlar' located by 'By.cssSelector: .panel.panel-default.text-center.footerPanel .btn,.btn.btn-primary.btnControls' in '10' second(s)

2021-11-11 10:35:54 - [MESSAGE][PASSED] - Method.TextDegerineEsitElementVarMi is PASSED

2021-11-11 10:35:54 - [MESSAGE][PASSED] - Call Test Case 'Test Cases/Butonlar/ButonVarMi' successfully

2021-11-11 10:35:54 - [MESSAGE][INFO] - Checking called Test Case

2021-11-11 10:35:54 - [MESSAGE][INFO] - Starting to call Test Case 'Test Cases/Butonlar/ButonaTikla'

2021-11-11 10:35:55 - [TEST_CASE][PASSED] - Test Cases/Butonlar/ButonaTikla: Test Cases/Butonlar/ButonaTikla

2021-11-11 10:35:55 - [TEST_STEP][PASSED] - Method.TextDegerineEsitElementeTiklaEquals(findTestObject("Butonlar/Butonlar"), Buton_Adi): Method.TextDegerineEsitElementeTiklaEquals is PASSED

2021-11-11 10:35:55 - [MESSAGE][INFO] - Finding Test Object 'Object Repository/Butonlar/Butonlar'

2021-11-11 10:35:55 - [MESSAGE][INFO] - Checking timeout

2021-11-11 10:35:55 - [MESSAGE][INFO] - Finding web element with id: 'Object Repository/Butonlar/Butonlar' located by 'By.cssSelector: .panel.panel-default.text-center.footerPanel .btn,.btn.btn-primary.btnControls' in '10' second(s)

2021-11-11 10:35:55 - [MESSAGE][INFO] - Smart Wait Function is triggered

2021-11-11 10:35:55 - [MESSAGE][INFO] - Found 4 web elements with id: 'Object Repository/Butonlar/Butonlar' located by 'By.cssSelector: .panel.panel-default.text-center.footerPanel .btn,.btn.btn-primary.btnControls' in '10' second(s)

2021-11-11 10:35:55 - [MESSAGE][PASSED] - Method.TextDegerineEsitElementeTiklaEquals is PASSED

2021-11-11 10:35:55 - [MESSAGE][PASSED] - Call Test Case 'Test Cases/Butonlar/ButonaTikla' successfully

2021-11-11 10:35:55 - [MESSAGE][INFO] - Checking called Test Case

2021-11-11 10:35:55 - [MESSAGE][INFO] - Starting to call Test Case 'Test Cases/Butonlar/AltButonVarMi'

2021-11-11 10:35:56 - [TEST_CASE][PASSED] - Test Cases/Butonlar/AltButonVarMi: Test Cases/Butonlar/AltButonVarMi

2021-11-11 10:35:56 - [TEST_STEP][PASSED] - Method.TextDegerineEsitElementVarMi(findTestObject("Butonlar/AltButonlar"), AltButon): Method.TextDegerineEsitElementVarMi is PASSED

2021-11-11 10:35:56 - [MESSAGE][INFO] - Finding Test Object 'Object Repository/Butonlar/AltButonlar'

2021-11-11 10:35:56 - [MESSAGE][INFO] - Checking timeout

2021-11-11 10:35:56 - [MESSAGE][INFO] - Finding web element with id: 'Object Repository/Butonlar/AltButonlar' located by 'By.cssSelector: .btn-group.open li>a' in '10' second(s)

2021-11-11 10:35:56 - [MESSAGE][INFO] - Smart Wait Function is triggered

2021-11-11 10:35:57 - [MESSAGE][INFO] - Found 2 web elements with id: 'Object Repository/Butonlar/AltButonlar' located by 'By.cssSelector: .btn-group.open li>a' in '10' second(s)

2021-11-11 10:35:57 - [MESSAGE][PASSED] - Method.TextDegerineEsitElementVarMi is PASSED

2021-11-11 10:35:57 - [MESSAGE][PASSED] - Call Test Case 'Test Cases/Butonlar/AltButonVarMi' successfully

2021-11-11 10:35:57 - [MESSAGE][INFO] - Checking called Test Case

2021-11-11 10:35:57 - [MESSAGE][INFO] - Starting to call Test Case 'Test Cases/Butonlar/AltButonVarMi'

2021-11-11 10:35:57 - [TEST_CASE][PASSED] - Test Cases/Butonlar/AltButonVarMi: Test Cases/Butonlar/AltButonVarMi

2021-11-11 10:35:57 - [TEST_STEP][PASSED] - Method.TextDegerineEsitElementVarMi(findTestObject("Butonlar/AltButonlar"), AltButon): Method.TextDegerineEsitElementVarMi is PASSED

2021-11-11 10:35:57 - [MESSAGE][INFO] - Finding Test Object 'Object Repository/Butonlar/AltButonlar'

2021-11-11 10:35:57 - [MESSAGE][INFO] - Checking timeout

2021-11-11 10:35:57 - [MESSAGE][INFO] - Finding web element with id: 'Object Repository/Butonlar/AltButonlar' located by 'By.cssSelector: .btn-group.open li>a' in '10' second(s)

2021-11-11 10:35:57 - [MESSAGE][INFO] - Smart Wait Function is triggered

2021-11-11 10:35:57 - [MESSAGE][INFO] - Found 2 web elements with id: 'Object Repository/Butonlar/AltButonlar' located by 'By.cssSelector: .btn-group.open li>a' in '10' second(s)

2021-11-11 10:35:57 - [MESSAGE][PASSED] - Method.TextDegerineEsitElementVarMi is PASSED

2021-11-11 10:35:57 - [MESSAGE][PASSED] - Call Test Case 'Test Cases/Butonlar/AltButonVarMi' successfully

2021-11-11 10:35:57 - [MESSAGE][INFO] - Checking called Test Case

2021-11-11 10:35:57 - [MESSAGE][INFO] - Starting to call Test Case 'Test Cases/Kullanici_Islemleri/KullaniciIslemlerindenSecimYapilir'

2021-11-11 10:35:57 - [TEST_CASE][PASSED] - Test Cases/Kullanici_Islemleri/KullaniciIslemlerindenSecimYapilir: Test Cases/Kullanici_Islemleri/KullaniciIslemlerindenSecimYapilir

2021-11-11 10:35:58 - [TEST_STEP][PASSED] - waitForElementClickable(findTestObject("Object Repository/Kullanici_Islemleri/KullaniciIslemleri"), 10): Object 'Object Repository/Kullanici_Islemleri/KullaniciIslemleri' is clickable

2021-11-11 10:35:58 - [MESSAGE][INFO] - Finding Test Object 'Object Repository/Kullanici_Islemleri/KullaniciIslemleri'

2021-11-11 10:35:58 - [MESSAGE][INFO] - Checking object

2021-11-11 10:35:58 - [MESSAGE][INFO] - Checking timeout

2021-11-11 10:35:58 - [MESSAGE][INFO] - Finding web element from Test Object's properties

2021-11-11 10:35:58 - [MESSAGE][INFO] - Checking timeout

2021-11-11 10:35:58 - [MESSAGE][INFO] - Finding web element with id: 'Object Repository/Kullanici_Islemleri/KullaniciIslemleri' located by 'By.cssSelector: .dropdown>a>img' in '10' second(s)

2021-11-11 10:35:58 - [MESSAGE][INFO] - Smart Wait Function is triggered

2021-11-11 10:35:58 - [MESSAGE][INFO] - Found 1 web elements with id: 'Object Repository/Kullanici_Islemleri/KullaniciIslemleri' located by 'By.cssSelector: .dropdown>a>img' in '10' second(s)

2021-11-11 10:35:58 - [MESSAGE][PASSED] - Object 'Object Repository/Kullanici_Islemleri/KullaniciIslemleri' is clickable

2021-11-11 10:35:58 - [TEST_STEP][PASSED] - click(findTestObject("Object Repository/Kullanici_Islemleri/KullaniciIslemleri")): Object: 'Object Repository/Kullanici_Islemleri/KullaniciIslemleri' is clicked on

2021-11-11 10:35:58 - [MESSAGE][INFO] - Finding Test Object 'Object Repository/Kullanici_Islemleri/KullaniciIslemleri'

2021-11-11 10:35:58 - [MESSAGE][INFO] - Checking object

2021-11-11 10:35:58 - [MESSAGE][INFO] - Finding web element from Test Object's properties

2021-11-11 10:35:58 - [MESSAGE][INFO] - Checking timeout

2021-11-11 10:35:58 - [MESSAGE][INFO] - Finding web element with id: 'Object Repository/Kullanici_Islemleri/KullaniciIslemleri' located by 'By.cssSelector: .dropdown>a>img' in '30' second(s)

2021-11-11 10:35:58 - [MESSAGE][INFO] - Smart Wait Function is triggered

2021-11-11 10:35:59 - [MESSAGE][INFO] - Found 1 web elements with id: 'Object Repository/Kullanici_Islemleri/KullaniciIslemleri' located by 'By.cssSelector: .dropdown>a>img' in '30' second(s)

2021-11-11 10:35:59 - [MESSAGE][INFO] - Clicking on object: 'Object Repository/Kullanici_Islemleri/KullaniciIslemleri'

2021-11-11 10:35:59 - [MESSAGE][PASSED] - Object: 'Object Repository/Kullanici_Islemleri/KullaniciIslemleri' is clicked on

2021-11-11 10:35:59 - [TEST_STEP][PASSED] - Method.TextDegerineEsitElementeTikla(findTestObject("Object Repository/Kullanici_Islemleri/Secenekler"), Islem): Method.TextDegerineEsitElementeTikla is PASSED

2021-11-11 10:35:59 - [MESSAGE][INFO] - Finding Test Object 'Object Repository/Kullanici_Islemleri/Secenekler'

2021-11-11 10:35:59 - [MESSAGE][INFO] - Checking timeout

2021-11-11 10:35:59 - [MESSAGE][INFO] - Finding web element with id: 'Object Repository/Kullanici_Islemleri/Secenekler' located by 'By.cssSelector: .nav.navbar-nav.navbar-right li a' in '10' second(s)

2021-11-11 10:35:59 - [MESSAGE][INFO] - Smart Wait Function is triggered

2021-11-11 10:35:59 - [MESSAGE][INFO] - Found 22 web elements with id: 'Object Repository/Kullanici_Islemleri/Secenekler' located by 'By.cssSelector: .nav.navbar-nav.navbar-right li a' in '10' second(s)

2021-11-11 10:36:00 - [MESSAGE][PASSED] - Method.TextDegerineEsitElementeTikla is PASSED

2021-11-11 10:36:00 - [TEST_STEP][PASSED] - verifyElementNotPresent(findTestObject("Object Repository/Kullanici_Islemleri/Secenekler"), 10): Web element with id: 'Object Repository/Kullanici_Islemleri/Secenekler' located by 'By.cssSelector: .nav.navbar-nav.navbar-right li a' is not present after '10' second(s)

2021-11-11 10:36:00 - [MESSAGE][INFO] - Finding Test Object 'Object Repository/Kullanici_Islemleri/Secenekler'

2021-11-11 10:36:00 - [MESSAGE][INFO] - Checking object

2021-11-11 10:36:00 - [MESSAGE][INFO] - Checking timeout

2021-11-11 10:36:00 - [MESSAGE][INFO] - Finding web element with id: 'Object Repository/Kullanici_Islemleri/Secenekler' located by 'By.cssSelector: .nav.navbar-nav.navbar-right li a' in '10' second(s)

2021-11-11 10:36:00 - [MESSAGE][INFO] - Smart Wait Function is triggered

2021-11-11 10:36:01 - [MESSAGE][PASSED] - Web element with id: 'Object Repository/Kullanici_Islemleri/Secenekler' located by 'By.cssSelector: .nav.navbar-nav.navbar-right li a' is not present after '10' second(s)

2021-11-11 10:36:01 - [MESSAGE][PASSED] - Call Test Case 'Test Cases/Kullanici_Islemleri/KullaniciIslemlerindenSecimYapilir' successfully

2021-11-11 10:36:01 - [TEST_CASE][PASSED] - Start Test Case : SCENARIO OCK Mali Raporlari Buton Kontrolu: SCENARIO OCK Mali Raporlari Buton Kontrolu

2021-11-11 10:36:01 - [TEST_STEP][PASSED] - Kullanıcı adı ELOGO6 ve Şifre 123456 olarak giriş yapılır: Kullanıcı adı ELOGO6 ve Şifre 123456 olarak giriş yapılır

2021-11-11 10:36:01 - [MESSAGE][PASSED] - Kullanıcı adı ELOGO6 ve Şifre 123456 olarak giriş yapılır

2021-11-11 10:36:01 - [TEST_STEP][PASSED] - Ana menüden ÖKC İşlemleri seçilir: Ana menüden ÖKC İşlemleri seçilir

2021-11-11 10:36:01 - [MESSAGE][PASSED] - Ana menüden ÖKC İşlemleri seçilir

2021-11-11 10:36:01 - [TEST_STEP][PASSED] - Alt menüden ÖKC Mali Raporlar seçilir: Alt menüden ÖKC Mali Raporlar seçilir

2021-11-11 10:36:01 - [MESSAGE][PASSED] - Alt menüden ÖKC Mali Raporlar seçilir

2021-11-11 10:36:01 - [TEST_STEP][PASSED] - Filtrelerden Dönem filtresine 2021 Ocak dropdowndan degeri seçilir: Filtrelerden Dönem filtresine 2021 Ocak dropdowndan degeri seçilir

2021-11-11 10:36:01 - [MESSAGE][PASSED] - Filtrelerden Dönem filtresine 2021 Ocak dropdowndan degeri seçilir

2021-11-11 10:36:01 - [TEST_STEP][PASSED] - Filtrelerden Oluşturma Tarihi filtresine 01.01.2021 baslangic degerini yaz: Filtrelerden Oluşturma Tarihi filtresine 01.01.2021 baslangic degerini yaz

2021-11-11 10:36:01 - [MESSAGE][PASSED] - Filtrelerden Oluşturma Tarihi filtresine 01.01.2021 baslangic degerini yaz

2021-11-11 10:36:01 - [TEST_STEP][PASSED] - Filtrelerden Oluşturma Tarihi filtresine 11.01.2021 bitis degerini yaz: Filtrelerden Oluşturma Tarihi filtresine 11.01.2021 bitis degerini yaz

2021-11-11 10:36:01 - [MESSAGE][PASSED] - Filtrelerden Oluşturma Tarihi filtresine 11.01.2021 bitis degerini yaz

2021-11-11 10:36:01 - [TEST_STEP][PASSED] - Filtre butonlarından Listele seçilir: Filtre butonlarından Listele seçilir

2021-11-11 10:36:01 - [MESSAGE][PASSED] - Filtre butonlarından Listele seçilir

2021-11-11 10:36:01 - [TEST_STEP][PASSED] - Tablodan 179 isimli verinin detayı tıklanır: Tablodan 179 isimli verinin detayı tıklanır

2021-11-11 10:36:01 - [MESSAGE][PASSED] - Tablodan 179 isimli verinin detayı tıklanır

2021-11-11 10:36:01 - [TEST_STEP][PASSED] - Tablodan 179 isimli verinin detayı tıklanır: Tablodan 179 isimli verinin detayı tıklanır

2021-11-11 10:36:01 - [MESSAGE][PASSED] - Tablodan 179 isimli verinin detayı tıklanır

2021-11-11 10:36:01 - [TEST_STEP][PASSED] - Filtre alanlarında Oluşturma Tarihi var mı: Filtre alanlarında Oluşturma Tarihi var mı

2021-11-11 10:36:01 - [MESSAGE][PASSED] - Filtre alanlarında Oluşturma Tarihi var mı

2021-11-11 10:36:01 - [TEST_STEP][PASSED] - Filtre alanlarında Dönem var mı: Filtre alanlarında Dönem var mı

2021-11-11 10:36:01 - [MESSAGE][PASSED] - Filtre alanlarında Dönem var mı

2021-11-11 10:36:01 - [TEST_STEP][PASSED] - Filtre alanlarında Rapor Türü var mı: Filtre alanlarında Rapor Türü var mı

2021-11-11 10:36:01 - [MESSAGE][PASSED] - Filtre alanlarında Rapor Türü var mı

2021-11-11 10:36:01 - [TEST_STEP][PASSED] - Filtre alanlarında ETTN var mı: Filtre alanlarında ETTN var mı

2021-11-11 10:36:01 - [MESSAGE][PASSED] - Filtre alanlarında ETTN var mı

2021-11-11 10:36:01 - [TEST_STEP][PASSED] - Filtre alanlarında Bölüm No var mı: Filtre alanlarında Bölüm No var mı

2021-11-11 10:36:01 - [MESSAGE][PASSED] - Filtre alanlarında Bölüm No var mı

2021-11-11 10:36:01 - [TEST_STEP][PASSED] - Filtre alanlarında Satış Tutarı var mı: Filtre alanlarında Satış Tutarı var mı

2021-11-11 10:36:01 - [MESSAGE][PASSED] - Filtre alanlarında Satış Tutarı var mı

2021-11-11 10:36:01 - [TEST_STEP][PASSED] - Filtre alanlarında Durum var mı: Filtre alanlarında Durum var mı

2021-11-11 10:36:01 - [MESSAGE][PASSED] - Filtre alanlarında Durum var mı

2021-11-11 10:36:01 - [TEST_STEP][PASSED] - Filtre butonlarında Filtreleri Kaydet var mı: Filtre butonlarında Filtreleri Kaydet var mı

2021-11-11 10:36:01 - [MESSAGE][PASSED] - Filtre butonlarında Filtreleri Kaydet var mı

2021-11-11 10:36:01 - [TEST_STEP][PASSED] - Filtre butonlarında Listele var mı: Filtre butonlarında Listele var mı

2021-11-11 10:36:01 - [MESSAGE][PASSED] - Filtre butonlarında Listele var mı

2021-11-11 10:36:01 - [TEST_STEP][PASSED] - Filtre butonlarında Temizle var mı: Filtre butonlarında Temizle var mı

2021-11-11 10:36:01 - [MESSAGE][PASSED] - Filtre butonlarında Temizle var mı

2021-11-11 10:36:01 - [TEST_STEP][PASSED] - Butonlardan Excel var mı: Butonlardan Excel var mı

2021-11-11 10:36:01 - [MESSAGE][PASSED] - Butonlardan Excel var mı

2021-11-11 10:36:01 - [TEST_STEP][PASSED] - Butonlardan XML var mı: Butonlardan XML var mı

2021-11-11 10:36:01 - [MESSAGE][PASSED] - Butonlardan XML var mı

2021-11-11 10:36:01 - [TEST_STEP][PASSED] - Butonlardan Rapor var mı: Butonlardan Rapor var mı

2021-11-11 10:36:01 - [MESSAGE][PASSED] - Butonlardan Rapor var mı

2021-11-11 10:36:01 - [TEST_STEP][PASSED] - Butonlardan İzleme Kayıtları var mı: Butonlardan İzleme Kayıtları var mı

2021-11-11 10:36:01 - [MESSAGE][PASSED] - Butonlardan İzleme Kayıtları var mı

2021-11-11 10:36:01 - [TEST_STEP][PASSED] - Butonlardan Excel isimli butona tıklanır: Butonlardan Excel isimli butona tıklanır

2021-11-11 10:36:01 - [MESSAGE][PASSED] - Butonlardan Excel isimli butona tıklanır

2021-11-11 10:36:01 - [TEST_STEP][PASSED] - Alt butonlardan Excel 'e Aktar var mı: Alt butonlardan Excel 'e Aktar var mı

2021-11-11 10:36:01 - [MESSAGE][PASSED] - Alt butonlardan Excel 'e Aktar var mı

2021-11-11 10:36:01 - [TEST_STEP][PASSED] - Alt butonlardan Tümünü Excel 'e Aktar var mı: Alt butonlardan Tümünü Excel 'e Aktar var mı

2021-11-11 10:36:01 - [MESSAGE][PASSED] - Alt butonlardan Tümünü Excel 'e Aktar var mı

2021-11-11 10:36:01 - [TEST_STEP][PASSED] - Kullanıcı işlemlerinden Çıkış seçilir: Kullanıcı işlemlerinden Çıkış seçilir

2021-11-11 10:36:01 - [MESSAGE][PASSED] - Kullanıcı işlemlerinden Çıkış seçilir

2021-11-11 10:36:01 - [MESSAGE][PASSED] - Feature file: 'Include/features/OKC Islemleri/OKC Mali Raporlari/Ekran Kontrolu.feature' was passed

2021-11-11 10:36:01 - [TEST_STEP][PASSED] - Start listener action : sampleAfterTestSuite: Invoke 'com.kms.katalon.core.annotation.AfterTestCase' method: 'Listener.sampleAfterTestSuite(...)' completed.

2021-11-11 10:36:01 - [MESSAGE][INFO] - Starting invoke 'com.kms.katalon.core.annotation.AfterTestCase' method: 'Listener.sampleAfterTestSuite(...)'

2021-11-11 10:36:01 - [TEST_STEP][PASSED] - closeBrowser(): Invoke 'com.kms.katalon.core.annotation.AfterTestCase' method: 'Listener.sampleAfterTestSuite(...)' completed.

2021-11-11 10:36:01 - [MESSAGE][INFO] - Closing browser

2021-11-11 10:36:02 - [MESSAGE][PASSED] - Browser is closed

2021-11-11 10:36:02 - [MESSAGE][INFO] - Invoke 'com.kms.katalon.core.annotation.AfterTestCase' method: 'Listener.sampleAfterTestSuite(...)' completed.]]></system-out>
         <system-err><![CDATA[]]></system-err>
      </testcase>
      <testcase name="Test Cases/Case Repository/OKC Islemleri/OKC Mali Raporlar/Izleme Kayitlari" time="43.988" classname="Test Cases/Case Repository/OKC Islemleri/OKC Mali Raporlar/Izleme Kayitlari" status="PASSED">
         <system-out><![CDATA[2021-11-11 10:36:02 - [TEST_CASE][PASSED] - Test Cases/Case Repository/OKC Islemleri/OKC Mali Raporlar/Izleme Kayitlari: Test Cases/Case Repository/OKC Islemleri/OKC Mali Raporlar/Izleme Kayitlari

2021-11-11 10:36:02 - [TEST_STEP][PASSED] - Start listener action : sampleBeforeTestSuite: Invoke 'com.kms.katalon.core.annotation.BeforeTestCase' method: 'Listener.sampleBeforeTestSuite(...)' completed.

2021-11-11 10:36:02 - [MESSAGE][INFO] - Starting invoke 'com.kms.katalon.core.annotation.BeforeTestCase' method: 'Listener.sampleBeforeTestSuite(...)'

2021-11-11 10:36:02 - [TEST_STEP][PASSED] - openBrowser(baseUrl): Browser is opened with url: 'https://efatura-stage.elogo.com.tr/'

2021-11-11 10:36:02 - [MESSAGE][INFO] - Opening browser

2021-11-11 10:36:02 - [MESSAGE][INFO] - Starting 'Chrome' driver

2021-11-11 10:36:02 - [MESSAGE][INFO] - User set preference: ['prefs', '{download.default_directory=C:\otomasyondownfiles}']

2021-11-11 10:36:02 - [MESSAGE][INFO] - Action delay is set to 0 milliseconds

2021-11-11 10:36:03 - [MESSAGE][INFO] - Navigating browser to: 'https://efatura-stage.elogo.com.tr/'

2021-11-11 10:36:06 - [MESSAGE][PASSED] - Browser is opened with url: 'https://efatura-stage.elogo.com.tr/'

2021-11-11 10:36:06 - [TEST_STEP][PASSED] - maximizeWindow(): Invoke 'com.kms.katalon.core.annotation.BeforeTestCase' method: 'Listener.sampleBeforeTestSuite(...)' completed.

2021-11-11 10:36:06 - [MESSAGE][INFO] - Maximizing current window

2021-11-11 10:36:06 - [MESSAGE][PASSED] - Current window maximized

2021-11-11 10:36:06 - [MESSAGE][INFO] - Invoke 'com.kms.katalon.core.annotation.BeforeTestCase' method: 'Listener.sampleBeforeTestSuite(...)' completed.

2021-11-11 10:36:06 - [TEST_STEP][PASSED] - runFeatureFile("Include/features/OKC Islemleri/OKC Mali Raporlari/Izleme Kayitlari.feature"): Feature file: 'Include/features/OKC Islemleri/OKC Mali Raporlari/Izleme Kayitlari.feature' was passed

2021-11-11 10:36:06 - [MESSAGE][INFO] - Starting run keyword runFeatureFile: 'Include/features/OKC Islemleri/OKC Mali Raporlari/Izleme Kayitlari.feature' and extract report to folder: 'C:\Users\DELL\Documents\GitHub\EES_KatalonLogo\Reports\20211111_100022\Suite Repository\Okc_Islemleri\20211111_100122/cucumber_report/1636616166902'...

2021-11-11 10:36:06 - [MESSAGE][INFO] - Glue: []

2021-11-11 10:36:08 - [MESSAGE][INFO] - Checking called Test Case

2021-11-11 10:36:08 - [MESSAGE][INFO] - Starting to call Test Case 'Test Cases/Sayfalar/Giris_Sayfasi/Login'

2021-11-11 10:36:08 - [TEST_CASE][PASSED] - Test Cases/Sayfalar/Giris_Sayfasi/Login: Test Cases/Sayfalar/Giris_Sayfasi/Login

2021-11-11 10:36:08 - [TEST_STEP][PASSED] - Sayfa_Basligi = getWindowTitle(): Current window's title is: 'LOGO e-Fatura'

2021-11-11 10:36:08 - [MESSAGE][INFO] - Getting current window's title

2021-11-11 10:36:08 - [MESSAGE][PASSED] - Current window's title is: 'LOGO e-Fatura'

2021-11-11 10:36:08 - [TEST_STEP][PASSED] - verifyMatch(Sayfa_Basligi, "LOGO e-Fatura", false): Actual text 'LOGO e-Fatura' and expected text 'LOGO e-Fatura' are matched 

2021-11-11 10:36:08 - [MESSAGE][INFO] - Matching actual text 'LOGO e-Fatura' with expected text 'LOGO e-Fatura'

2021-11-11 10:36:08 - [MESSAGE][PASSED] - Actual text 'LOGO e-Fatura' and expected text 'LOGO e-Fatura' are matched 

2021-11-11 10:36:08 - [TEST_STEP][PASSED] - sendKeys(findTestObject("Sayfalar/Giris_Sayfasi/Firma_Kodu"), KullaniciAdi): Keys 'ELOGO6' sent to object: 'Object Repository/Sayfalar/Giris_Sayfasi/Firma_Kodu'

2021-11-11 10:36:08 - [MESSAGE][INFO] - Finding Test Object 'Object Repository/Sayfalar/Giris_Sayfasi/Firma_Kodu'

2021-11-11 10:36:08 - [MESSAGE][INFO] - Sending keys 'ELOGO6' to object: 'Object Repository/Sayfalar/Giris_Sayfasi/Firma_Kodu'

2021-11-11 10:36:08 - [MESSAGE][INFO] - Finding web element from Test Object's properties

2021-11-11 10:36:08 - [MESSAGE][INFO] - Checking timeout

2021-11-11 10:36:08 - [MESSAGE][INFO] - Finding web element with id: 'Object Repository/Sayfalar/Giris_Sayfasi/Firma_Kodu' located by 'By.xpath: //*[@id = 'AccountName']' in '30' second(s)

2021-11-11 10:36:08 - [MESSAGE][INFO] - Smart Wait Function is triggered

2021-11-11 10:36:08 - [MESSAGE][INFO] - Found 1 web elements with id: 'Object Repository/Sayfalar/Giris_Sayfasi/Firma_Kodu' located by 'By.xpath: //*[@id = 'AccountName']' in '30' second(s)

2021-11-11 10:36:08 - [MESSAGE][PASSED] - Keys 'ELOGO6' sent to object: 'Object Repository/Sayfalar/Giris_Sayfasi/Firma_Kodu'

2021-11-11 10:36:08 - [TEST_STEP][PASSED] - sendKeys(findTestObject("Sayfalar/Giris_Sayfasi/Sifre"), Sifre): Keys '123456' sent to object: 'Object Repository/Sayfalar/Giris_Sayfasi/Sifre'

2021-11-11 10:36:08 - [MESSAGE][INFO] - Finding Test Object 'Object Repository/Sayfalar/Giris_Sayfasi/Sifre'

2021-11-11 10:36:08 - [MESSAGE][INFO] - Sending keys '123456' to object: 'Object Repository/Sayfalar/Giris_Sayfasi/Sifre'

2021-11-11 10:36:08 - [MESSAGE][INFO] - Finding web element from Test Object's properties

2021-11-11 10:36:08 - [MESSAGE][INFO] - Checking timeout

2021-11-11 10:36:08 - [MESSAGE][INFO] - Finding web element with id: 'Object Repository/Sayfalar/Giris_Sayfasi/Sifre' located by 'By.xpath: //*[@id = 'Password']' in '30' second(s)

2021-11-11 10:36:08 - [MESSAGE][INFO] - Smart Wait Function is triggered

2021-11-11 10:36:09 - [MESSAGE][INFO] - Found 1 web elements with id: 'Object Repository/Sayfalar/Giris_Sayfasi/Sifre' located by 'By.xpath: //*[@id = 'Password']' in '30' second(s)

2021-11-11 10:36:09 - [MESSAGE][PASSED] - Keys '123456' sent to object: 'Object Repository/Sayfalar/Giris_Sayfasi/Sifre'

2021-11-11 10:36:09 - [TEST_STEP][PASSED] - findWebElement(findTestObject("Sayfalar/Giris_Sayfasi/Giris_Butonu")).click(): Found 1 web elements with id: 'Object Repository/Sayfalar/Giris_Sayfasi/Giris_Butonu' located by 'By.cssSelector: #btnLogin' in '30' second(s)

2021-11-11 10:36:09 - [MESSAGE][INFO] - Finding Test Object 'Object Repository/Sayfalar/Giris_Sayfasi/Giris_Butonu'

2021-11-11 10:36:09 - [MESSAGE][INFO] - Finding web element from Test Object's properties

2021-11-11 10:36:09 - [MESSAGE][INFO] - Checking timeout

2021-11-11 10:36:09 - [MESSAGE][INFO] - Finding web element with id: 'Object Repository/Sayfalar/Giris_Sayfasi/Giris_Butonu' located by 'By.cssSelector: #btnLogin' in '30' second(s)

2021-11-11 10:36:09 - [MESSAGE][INFO] - Smart Wait Function is triggered

2021-11-11 10:36:09 - [MESSAGE][INFO] - Found 1 web elements with id: 'Object Repository/Sayfalar/Giris_Sayfasi/Giris_Butonu' located by 'By.cssSelector: #btnLogin' in '30' second(s)

2021-11-11 10:36:11 - [TEST_STEP][PASSED] - if (verifyElementPresent(findTestObject("Object Repository/Sayfalar/Giris_Sayfasi/RetveTamam_Butonu"), 5, OPTIONAL)): null

2021-11-11 10:36:11 - [MESSAGE][INFO] - Finding Test Object 'Object Repository/Sayfalar/Giris_Sayfasi/RetveTamam_Butonu'

2021-11-11 10:36:12 - [MESSAGE][INFO] - Checking object

2021-11-11 10:36:12 - [MESSAGE][INFO] - Finding web element from Test Object's properties

2021-11-11 10:36:12 - [MESSAGE][INFO] - Checking timeout

2021-11-11 10:36:12 - [MESSAGE][INFO] - Finding web element with id: 'Object Repository/Sayfalar/Giris_Sayfasi/RetveTamam_Butonu' located by 'By.xpath: //*[@class = 'btn btn-default']' in '5' second(s)

2021-11-11 10:36:12 - [MESSAGE][INFO] - Smart Wait Function is triggered

2021-11-11 10:36:12 - [MESSAGE][INFO] - Found 1 web elements with id: 'Object Repository/Sayfalar/Giris_Sayfasi/RetveTamam_Butonu' located by 'By.xpath: //*[@class = 'btn btn-default']' in '5' second(s)

2021-11-11 10:36:12 - [MESSAGE][PASSED] - Object 'Object Repository/Sayfalar/Giris_Sayfasi/RetveTamam_Butonu' is present

2021-11-11 10:36:12 - [TEST_STEP][PASSED] - click(findTestObject("Object Repository/Sayfalar/Giris_Sayfasi/RetveTamam_Butonu")): Object: 'Object Repository/Sayfalar/Giris_Sayfasi/RetveTamam_Butonu' is clicked on

2021-11-11 10:36:12 - [MESSAGE][INFO] - Finding Test Object 'Object Repository/Sayfalar/Giris_Sayfasi/RetveTamam_Butonu'

2021-11-11 10:36:12 - [MESSAGE][INFO] - Checking object

2021-11-11 10:36:12 - [MESSAGE][INFO] - Finding web element from Test Object's properties

2021-11-11 10:36:12 - [MESSAGE][INFO] - Checking timeout

2021-11-11 10:36:12 - [MESSAGE][INFO] - Finding web element with id: 'Object Repository/Sayfalar/Giris_Sayfasi/RetveTamam_Butonu' located by 'By.xpath: //*[@class = 'btn btn-default']' in '30' second(s)

2021-11-11 10:36:12 - [MESSAGE][INFO] - Smart Wait Function is triggered

2021-11-11 10:36:12 - [MESSAGE][INFO] - Found 1 web elements with id: 'Object Repository/Sayfalar/Giris_Sayfasi/RetveTamam_Butonu' located by 'By.xpath: //*[@class = 'btn btn-default']' in '30' second(s)

2021-11-11 10:36:12 - [MESSAGE][INFO] - Clicking on object: 'Object Repository/Sayfalar/Giris_Sayfasi/RetveTamam_Butonu'

2021-11-11 10:36:12 - [MESSAGE][PASSED] - Object: 'Object Repository/Sayfalar/Giris_Sayfasi/RetveTamam_Butonu' is clicked on

2021-11-11 10:36:12 - [TEST_STEP][PASSED] - click(findTestObject("Object Repository/Sayfalar/Giris_Sayfasi/RetveTamam_Butonu")): Object: 'Object Repository/Sayfalar/Giris_Sayfasi/RetveTamam_Butonu' is clicked on

2021-11-11 10:36:12 - [MESSAGE][INFO] - Finding Test Object 'Object Repository/Sayfalar/Giris_Sayfasi/RetveTamam_Butonu'

2021-11-11 10:36:12 - [MESSAGE][INFO] - Checking object

2021-11-11 10:36:12 - [MESSAGE][INFO] - Finding web element from Test Object's properties

2021-11-11 10:36:12 - [MESSAGE][INFO] - Checking timeout

2021-11-11 10:36:12 - [MESSAGE][INFO] - Finding web element with id: 'Object Repository/Sayfalar/Giris_Sayfasi/RetveTamam_Butonu' located by 'By.xpath: //*[@class = 'btn btn-default']' in '30' second(s)

2021-11-11 10:36:12 - [MESSAGE][INFO] - Smart Wait Function is triggered

2021-11-11 10:36:16 - [MESSAGE][INFO] - Found 1 web elements with id: 'Object Repository/Sayfalar/Giris_Sayfasi/RetveTamam_Butonu' located by 'By.xpath: //*[@class = 'btn btn-default']' in '30' second(s)

2021-11-11 10:36:16 - [MESSAGE][INFO] - Clicking on object: 'Object Repository/Sayfalar/Giris_Sayfasi/RetveTamam_Butonu'

2021-11-11 10:36:17 - [MESSAGE][PASSED] - Object: 'Object Repository/Sayfalar/Giris_Sayfasi/RetveTamam_Butonu' is clicked on

2021-11-11 10:36:17 - [TEST_STEP][PASSED] - if (verifyElementPresent(findTestObject("Sayfalar/Giris_Sayfasi/PopupOK"), 5, OPTIONAL)): null

2021-11-11 10:36:17 - [MESSAGE][INFO] - Finding Test Object 'Object Repository/Sayfalar/Giris_Sayfasi/PopupOK'

2021-11-11 10:36:17 - [MESSAGE][INFO] - Checking object

2021-11-11 10:36:17 - [MESSAGE][INFO] - Finding web element from Test Object's properties

2021-11-11 10:36:17 - [MESSAGE][INFO] - Checking timeout

2021-11-11 10:36:17 - [MESSAGE][INFO] - Finding web element with id: 'Object Repository/Sayfalar/Giris_Sayfasi/PopupOK' located by 'By.cssSelector: .btn.btn-success' in '5' second(s)

2021-11-11 10:36:17 - [MESSAGE][INFO] - Smart Wait Function is triggered

2021-11-11 10:36:17 - [MESSAGE][INFO] - Found 1 web elements with id: 'Object Repository/Sayfalar/Giris_Sayfasi/PopupOK' located by 'By.cssSelector: .btn.btn-success' in '5' second(s)

2021-11-11 10:36:17 - [MESSAGE][PASSED] - Object 'Object Repository/Sayfalar/Giris_Sayfasi/PopupOK' is present

2021-11-11 10:36:17 - [TEST_STEP][PASSED] - click(findTestObject("Object Repository/Sayfalar/Giris_Sayfasi/PopupCarpiGiris")): Object: 'Object Repository/Sayfalar/Giris_Sayfasi/PopupCarpiGiris' is clicked on

2021-11-11 10:36:17 - [MESSAGE][INFO] - Finding Test Object 'Object Repository/Sayfalar/Giris_Sayfasi/PopupCarpiGiris'

2021-11-11 10:36:17 - [MESSAGE][INFO] - Checking object

2021-11-11 10:36:17 - [MESSAGE][INFO] - Finding web element from Test Object's properties

2021-11-11 10:36:17 - [MESSAGE][INFO] - Checking timeout

2021-11-11 10:36:17 - [MESSAGE][INFO] - Finding web element with id: 'Object Repository/Sayfalar/Giris_Sayfasi/PopupCarpiGiris' located by 'By.cssSelector: .bootbox-close-button.close' in '30' second(s)

2021-11-11 10:36:17 - [MESSAGE][INFO] - Smart Wait Function is triggered

2021-11-11 10:36:18 - [MESSAGE][INFO] - Found 1 web elements with id: 'Object Repository/Sayfalar/Giris_Sayfasi/PopupCarpiGiris' located by 'By.cssSelector: .bootbox-close-button.close' in '30' second(s)

2021-11-11 10:36:18 - [MESSAGE][INFO] - Clicking on object: 'Object Repository/Sayfalar/Giris_Sayfasi/PopupCarpiGiris'

2021-11-11 10:36:18 - [MESSAGE][PASSED] - Object: 'Object Repository/Sayfalar/Giris_Sayfasi/PopupCarpiGiris' is clicked on

2021-11-11 10:36:18 - [TEST_STEP][PASSED] - verifyElementVisible(findTestObject("Object Repository/Kullanici_Islemleri/KullaniciIslemleri")): Object 'Object Repository/Kullanici_Islemleri/KullaniciIslemleri' is visible

2021-11-11 10:36:18 - [MESSAGE][INFO] - Finding Test Object 'Object Repository/Kullanici_Islemleri/KullaniciIslemleri'

2021-11-11 10:36:18 - [MESSAGE][INFO] - Checking object

2021-11-11 10:36:18 - [MESSAGE][INFO] - Finding web element from Test Object's properties

2021-11-11 10:36:18 - [MESSAGE][INFO] - Checking timeout

2021-11-11 10:36:18 - [MESSAGE][INFO] - Finding web element with id: 'Object Repository/Kullanici_Islemleri/KullaniciIslemleri' located by 'By.cssSelector: .dropdown>a>img' in '30' second(s)

2021-11-11 10:36:18 - [MESSAGE][INFO] - Smart Wait Function is triggered

2021-11-11 10:36:19 - [MESSAGE][INFO] - Found 1 web elements with id: 'Object Repository/Kullanici_Islemleri/KullaniciIslemleri' located by 'By.cssSelector: .dropdown>a>img' in '30' second(s)

2021-11-11 10:36:19 - [MESSAGE][PASSED] - Object 'Object Repository/Kullanici_Islemleri/KullaniciIslemleri' is visible

2021-11-11 10:36:19 - [MESSAGE][PASSED] - Call Test Case 'Test Cases/Sayfalar/Giris_Sayfasi/Login' successfully

2021-11-11 10:36:19 - [MESSAGE][INFO] - Checking called Test Case

2021-11-11 10:36:19 - [MESSAGE][INFO] - Starting to call Test Case 'Test Cases/Menu/AnaMenuSecimi'

2021-11-11 10:36:19 - [TEST_CASE][PASSED] - Test Cases/Menu/AnaMenuSecimi: Test Cases/Menu/AnaMenuSecimi

2021-11-11 10:36:19 - [TEST_STEP][PASSED] - Method.TextDegerineEsitElementeTikla(findTestObject("Menu/Ana_Menu"), Ana_Menu): Method.TextDegerineEsitElementeTikla is PASSED

2021-11-11 10:36:19 - [MESSAGE][INFO] - Finding Test Object 'Object Repository/Menu/Ana_Menu'

2021-11-11 10:36:19 - [MESSAGE][INFO] - Checking timeout

2021-11-11 10:36:19 - [MESSAGE][INFO] - Finding web element with id: 'Object Repository/Menu/Ana_Menu' located by 'By.xpath: //*[@class = 'dropdown-toggle']' in '10' second(s)

2021-11-11 10:36:19 - [MESSAGE][INFO] - Smart Wait Function is triggered

2021-11-11 10:36:19 - [MESSAGE][INFO] - Found 14 web elements with id: 'Object Repository/Menu/Ana_Menu' located by 'By.xpath: //*[@class = 'dropdown-toggle']' in '10' second(s)

2021-11-11 10:36:19 - [MESSAGE][PASSED] - Method.TextDegerineEsitElementeTikla is PASSED

2021-11-11 10:36:19 - [MESSAGE][PASSED] - Call Test Case 'Test Cases/Menu/AnaMenuSecimi' successfully

2021-11-11 10:36:19 - [MESSAGE][INFO] - Checking called Test Case

2021-11-11 10:36:19 - [MESSAGE][INFO] - Starting to call Test Case 'Test Cases/Menu/AltMenuSecimi'

2021-11-11 10:36:19 - [TEST_CASE][PASSED] - Test Cases/Menu/AltMenuSecimi: Test Cases/Menu/AltMenuSecimi

2021-11-11 10:36:19 - [TEST_STEP][PASSED] - Method.TextDegerineEsitElementeTikla(findTestObject("Menu/Alt_Menu"), Alt_Menu): Method.TextDegerineEsitElementeTikla is PASSED

2021-11-11 10:36:19 - [MESSAGE][INFO] - Finding Test Object 'Object Repository/Menu/Alt_Menu'

2021-11-11 10:36:20 - [MESSAGE][INFO] - Checking timeout

2021-11-11 10:36:20 - [MESSAGE][INFO] - Finding web element with id: 'Object Repository/Menu/Alt_Menu' located by 'By.xpath: //li[@class='dropdown dropdown-large open']//li[@class='dropdown-element']' in '10' second(s)

2021-11-11 10:36:20 - [MESSAGE][INFO] - Smart Wait Function is triggered

2021-11-11 10:36:20 - [MESSAGE][INFO] - Found 1 web elements with id: 'Object Repository/Menu/Alt_Menu' located by 'By.xpath: //li[@class='dropdown dropdown-large open']//li[@class='dropdown-element']' in '10' second(s)

2021-11-11 10:36:21 - [MESSAGE][PASSED] - Method.TextDegerineEsitElementeTikla is PASSED

2021-11-11 10:36:21 - [MESSAGE][PASSED] - Call Test Case 'Test Cases/Menu/AltMenuSecimi' successfully

2021-11-11 10:36:21 - [MESSAGE][INFO] - Checking called Test Case

2021-11-11 10:36:21 - [MESSAGE][INFO] - Starting to call Test Case 'Test Cases/Filtreler/DropdownSec'

2021-11-11 10:36:21 - [TEST_CASE][PASSED] - Test Cases/Filtreler/DropdownSec: Test Cases/Filtreler/DropdownSec

2021-11-11 10:36:21 - [TEST_STEP][PASSED] - Method.TextDegerineEsitElementinAltindakineTikla(findTestObject("Filtreler/Basliklar"), findTestObject("Filtreler/Basliga_Gore_Baslangic_Image"), Filtre_Adi): Method.TextDegerineEsitElementinAltindakineTikla is PASSED

2021-11-11 10:36:21 - [MESSAGE][INFO] - Finding Test Object 'Object Repository/Filtreler/Basliklar'

2021-11-11 10:36:22 - [MESSAGE][INFO] - Finding Test Object 'Object Repository/Filtreler/Basliga_Gore_Baslangic_Image'

2021-11-11 10:36:22 - [MESSAGE][INFO] - Checking timeout

2021-11-11 10:36:22 - [MESSAGE][INFO] - Finding web element with id: 'Object Repository/Filtreler/Basliklar' located by 'By.cssSelector: .control-label.col-sm-4.paddingMarginRLC' in '10' second(s)

2021-11-11 10:36:22 - [MESSAGE][INFO] - Smart Wait Function is triggered

2021-11-11 10:36:22 - [MESSAGE][INFO] - Found 9 web elements with id: 'Object Repository/Filtreler/Basliklar' located by 'By.cssSelector: .control-label.col-sm-4.paddingMarginRLC' in '10' second(s)

2021-11-11 10:36:22 - [MESSAGE][INFO] - Smart Wait Function is triggered

2021-11-11 10:36:22 - [MESSAGE][PASSED] - Method.TextDegerineEsitElementinAltindakineTikla is PASSED

2021-11-11 10:36:22 - [TEST_STEP][PASSED] - Method.TextDegerineEsitElementeTikla(findTestObject("Object Repository/Filtreler/Basliga_Gore_Dropdown"), Filtre_Degeri): Method.TextDegerineEsitElementeTikla is PASSED

2021-11-11 10:36:22 - [MESSAGE][INFO] - Finding Test Object 'Object Repository/Filtreler/Basliga_Gore_Dropdown'

2021-11-11 10:36:22 - [MESSAGE][INFO] - Checking timeout

2021-11-11 10:36:22 - [MESSAGE][INFO] - Finding web element with id: 'Object Repository/Filtreler/Basliga_Gore_Dropdown' located by 'By.xpath: //*[@class = 'dxeListBoxItemRow_LECustomTheme']' in '10' second(s)

2021-11-11 10:36:22 - [MESSAGE][INFO] - Smart Wait Function is triggered

2021-11-11 10:36:23 - [MESSAGE][INFO] - Found 54 web elements with id: 'Object Repository/Filtreler/Basliga_Gore_Dropdown' located by 'By.xpath: //*[@class = 'dxeListBoxItemRow_LECustomTheme']' in '10' second(s)

2021-11-11 10:36:23 - [MESSAGE][PASSED] - Method.TextDegerineEsitElementeTikla is PASSED

2021-11-11 10:36:23 - [MESSAGE][PASSED] - Call Test Case 'Test Cases/Filtreler/DropdownSec' successfully

2021-11-11 10:36:23 - [MESSAGE][INFO] - Checking called Test Case

2021-11-11 10:36:23 - [MESSAGE][INFO] - Starting to call Test Case 'Test Cases/Filtreler/BaslangicYaz'

2021-11-11 10:36:23 - [TEST_CASE][PASSED] - Test Cases/Filtreler/BaslangicYaz: Test Cases/Filtreler/BaslangicYaz

2021-11-11 10:36:23 - [TEST_STEP][PASSED] - Method.TextDegerineEsitElementinAltindakineTikla(findTestObject("Filtreler/Basliklar"), findTestObject("Filtreler/Basliga_Gore_Baslangic_Image"), Filtre_Adi): Method.TextDegerineEsitElementinAltindakineTikla is PASSED

2021-11-11 10:36:23 - [MESSAGE][INFO] - Finding Test Object 'Object Repository/Filtreler/Basliklar'

2021-11-11 10:36:23 - [MESSAGE][INFO] - Finding Test Object 'Object Repository/Filtreler/Basliga_Gore_Baslangic_Image'

2021-11-11 10:36:23 - [MESSAGE][INFO] - Checking timeout

2021-11-11 10:36:23 - [MESSAGE][INFO] - Finding web element with id: 'Object Repository/Filtreler/Basliklar' located by 'By.cssSelector: .control-label.col-sm-4.paddingMarginRLC' in '10' second(s)

2021-11-11 10:36:23 - [MESSAGE][INFO] - Smart Wait Function is triggered

2021-11-11 10:36:23 - [MESSAGE][INFO] - Found 9 web elements with id: 'Object Repository/Filtreler/Basliklar' located by 'By.cssSelector: .control-label.col-sm-4.paddingMarginRLC' in '10' second(s)

2021-11-11 10:36:23 - [MESSAGE][INFO] - Smart Wait Function is triggered

2021-11-11 10:36:24 - [MESSAGE][PASSED] - Method.TextDegerineEsitElementinAltindakineTikla is PASSED

2021-11-11 10:36:24 - [TEST_STEP][PASSED] - Method.TextDegerineEsitElementinAltindakiTextboxtaYaz(findTestObject("Filtreler/Basliklar"), findTestObject("Filtreler/Basliga_Gore_Baslangic"), Filtre_Adi, Filtre_Degeri): Method.TextDegerineEsitElementinAltindakiTextboxtaYaz is PASSED

2021-11-11 10:36:24 - [MESSAGE][INFO] - Finding Test Object 'Object Repository/Filtreler/Basliklar'

2021-11-11 10:36:24 - [MESSAGE][INFO] - Finding Test Object 'Object Repository/Filtreler/Basliga_Gore_Baslangic'

2021-11-11 10:36:24 - [MESSAGE][INFO] - Checking timeout

2021-11-11 10:36:24 - [MESSAGE][INFO] - Finding web element with id: 'Object Repository/Filtreler/Basliklar' located by 'By.cssSelector: .control-label.col-sm-4.paddingMarginRLC' in '10' second(s)

2021-11-11 10:36:24 - [MESSAGE][INFO] - Smart Wait Function is triggered

2021-11-11 10:36:25 - [MESSAGE][INFO] - Found 9 web elements with id: 'Object Repository/Filtreler/Basliklar' located by 'By.cssSelector: .control-label.col-sm-4.paddingMarginRLC' in '10' second(s)

2021-11-11 10:36:25 - [MESSAGE][INFO] - Smart Wait Function is triggered

2021-11-11 10:36:25 - [MESSAGE][PASSED] - Method.TextDegerineEsitElementinAltindakiTextboxtaYaz is PASSED

2021-11-11 10:36:25 - [MESSAGE][PASSED] - Call Test Case 'Test Cases/Filtreler/BaslangicYaz' successfully

2021-11-11 10:36:25 - [MESSAGE][INFO] - Checking called Test Case

2021-11-11 10:36:25 - [MESSAGE][INFO] - Starting to call Test Case 'Test Cases/Filtreler/BitisYaz'

2021-11-11 10:36:25 - [TEST_CASE][PASSED] - Test Cases/Filtreler/BitisYaz: Test Cases/Filtreler/BitisYaz

2021-11-11 10:36:25 - [TEST_STEP][PASSED] - Method.TextDegerineEsitElementinAltindakineTikla(findTestObject("Filtreler/Basliklar"), findTestObject("Filtreler/Basliga_Gore_Bitis_Image"), Filtre_Adi): Method.TextDegerineEsitElementinAltindakineTikla is PASSED

2021-11-11 10:36:25 - [MESSAGE][INFO] - Finding Test Object 'Object Repository/Filtreler/Basliklar'

2021-11-11 10:36:25 - [MESSAGE][INFO] - Finding Test Object 'Object Repository/Filtreler/Basliga_Gore_Bitis_Image'

2021-11-11 10:36:25 - [MESSAGE][INFO] - Checking timeout

2021-11-11 10:36:25 - [MESSAGE][INFO] - Finding web element with id: 'Object Repository/Filtreler/Basliklar' located by 'By.cssSelector: .control-label.col-sm-4.paddingMarginRLC' in '10' second(s)

2021-11-11 10:36:25 - [MESSAGE][INFO] - Smart Wait Function is triggered

2021-11-11 10:36:26 - [MESSAGE][INFO] - Found 9 web elements with id: 'Object Repository/Filtreler/Basliklar' located by 'By.cssSelector: .control-label.col-sm-4.paddingMarginRLC' in '10' second(s)

2021-11-11 10:36:26 - [MESSAGE][INFO] - Smart Wait Function is triggered

2021-11-11 10:36:26 - [MESSAGE][PASSED] - Method.TextDegerineEsitElementinAltindakineTikla is PASSED

2021-11-11 10:36:26 - [TEST_STEP][PASSED] - Method.TextDegerineEsitElementinAltindakiTextboxtaYaz(findTestObject("Filtreler/Basliklar"), findTestObject("Object Repository/Filtreler/Basliga_Gore_Bitis"), Filtre_Adi, Filtre_Degeri): Method.TextDegerineEsitElementinAltindakiTextboxtaYaz is PASSED

2021-11-11 10:36:26 - [MESSAGE][INFO] - Finding Test Object 'Object Repository/Filtreler/Basliklar'

2021-11-11 10:36:26 - [MESSAGE][INFO] - Finding Test Object 'Object Repository/Filtreler/Basliga_Gore_Bitis'

2021-11-11 10:36:26 - [MESSAGE][INFO] - Checking timeout

2021-11-11 10:36:26 - [MESSAGE][INFO] - Finding web element with id: 'Object Repository/Filtreler/Basliklar' located by 'By.cssSelector: .control-label.col-sm-4.paddingMarginRLC' in '10' second(s)

2021-11-11 10:36:26 - [MESSAGE][INFO] - Smart Wait Function is triggered

2021-11-11 10:36:26 - [MESSAGE][INFO] - Found 9 web elements with id: 'Object Repository/Filtreler/Basliklar' located by 'By.cssSelector: .control-label.col-sm-4.paddingMarginRLC' in '10' second(s)

2021-11-11 10:36:26 - [MESSAGE][INFO] - Smart Wait Function is triggered

2021-11-11 10:36:27 - [MESSAGE][PASSED] - Method.TextDegerineEsitElementinAltindakiTextboxtaYaz is PASSED

2021-11-11 10:36:27 - [MESSAGE][PASSED] - Call Test Case 'Test Cases/Filtreler/BitisYaz' successfully

2021-11-11 10:36:27 - [MESSAGE][INFO] - Checking called Test Case

2021-11-11 10:36:27 - [MESSAGE][INFO] - Starting to call Test Case 'Test Cases/Filtreler/ButonaTikla'

2021-11-11 10:36:27 - [TEST_CASE][PASSED] - Test Cases/Filtreler/ButonaTikla: Test Cases/Filtreler/ButonaTikla

2021-11-11 10:36:27 - [TEST_STEP][PASSED] - Method.TextDegerineEsitElementeTikla(findTestObject("Filtreler/Butonlar"), Filtre_Buton): Method.TextDegerineEsitElementeTikla is PASSED

2021-11-11 10:36:27 - [MESSAGE][INFO] - Finding Test Object 'Object Repository/Filtreler/Butonlar'

2021-11-11 10:36:27 - [MESSAGE][INFO] - Checking timeout

2021-11-11 10:36:27 - [MESSAGE][INFO] - Finding web element with id: 'Object Repository/Filtreler/Butonlar' located by 'By.cssSelector: .dxb>span' in '10' second(s)

2021-11-11 10:36:27 - [MESSAGE][INFO] - Smart Wait Function is triggered

2021-11-11 10:36:27 - [MESSAGE][INFO] - Found 3 web elements with id: 'Object Repository/Filtreler/Butonlar' located by 'By.cssSelector: .dxb>span' in '10' second(s)

2021-11-11 10:36:28 - [MESSAGE][PASSED] - Method.TextDegerineEsitElementeTikla is PASSED

2021-11-11 10:36:28 - [MESSAGE][PASSED] - Call Test Case 'Test Cases/Filtreler/ButonaTikla' successfully

2021-11-11 10:36:28 - [MESSAGE][INFO] - Checking called Test Case

2021-11-11 10:36:28 - [MESSAGE][INFO] - Starting to call Test Case 'Test Cases/Tablo/TablodaVeriVarMi'

2021-11-11 10:36:28 - [TEST_CASE][PASSED] - Test Cases/Tablo/TablodaVeriVarMi: Test Cases/Tablo/TablodaVeriVarMi

2021-11-11 10:36:28 - [TEST_STEP][PASSED] - verifyTextNotPresent("Görüntülenecek veri yok", true): Text 'Görüntülenecek veri yok' is not present on page using regular expression

2021-11-11 10:36:28 - [MESSAGE][INFO] - Checking text present  using regular expression

2021-11-11 10:36:28 - [MESSAGE][INFO] - Smart Wait Function is triggered

2021-11-11 10:36:29 - [MESSAGE][INFO] - Finding text 'Görüntülenecek veri yok' on page  using regular expression

2021-11-11 10:36:29 - [MESSAGE][PASSED] - Text 'Görüntülenecek veri yok' is not present on page using regular expression

2021-11-11 10:36:29 - [MESSAGE][PASSED] - Call Test Case 'Test Cases/Tablo/TablodaVeriVarMi' successfully

2021-11-11 10:36:29 - [MESSAGE][INFO] - Checking called Test Case

2021-11-11 10:36:29 - [MESSAGE][INFO] - Starting to call Test Case 'Test Cases/Tablo/TablodanVeriSec'

2021-11-11 10:36:29 - [TEST_CASE][PASSED] - Test Cases/Tablo/TablodanVeriSec: Test Cases/Tablo/TablodanVeriSec

2021-11-11 10:36:30 - [TEST_STEP][PASSED] - Method.TextDegerineEsitElementinAltindakineTikla(findTestObject("Tablo/Veriler"), findTestObject("Tablo/VerininCheckBoxi"), Veri_Adi): Method.TextDegerineEsitElementinAltindakineTikla is PASSED

2021-11-11 10:36:30 - [MESSAGE][INFO] - Finding Test Object 'Object Repository/Tablo/Veriler'

2021-11-11 10:36:30 - [MESSAGE][INFO] - Finding Test Object 'Object Repository/Tablo/VerininCheckBoxi'

2021-11-11 10:36:30 - [MESSAGE][INFO] - Checking timeout

2021-11-11 10:36:30 - [MESSAGE][INFO] - Finding web element with id: 'Object Repository/Tablo/Veriler' located by 'By.cssSelector: td.dxgv b ,td.dxgv' in '10' second(s)

2021-11-11 10:36:30 - [MESSAGE][INFO] - Smart Wait Function is triggered

2021-11-11 10:36:30 - [MESSAGE][INFO] - Found 33 web elements with id: 'Object Repository/Tablo/Veriler' located by 'By.cssSelector: td.dxgv b ,td.dxgv' in '10' second(s)

2021-11-11 10:36:30 - [MESSAGE][INFO] - Smart Wait Function is triggered

2021-11-11 10:36:31 - [MESSAGE][PASSED] - Method.TextDegerineEsitElementinAltindakineTikla is PASSED

2021-11-11 10:36:31 - [MESSAGE][PASSED] - Call Test Case 'Test Cases/Tablo/TablodanVeriSec' successfully

2021-11-11 10:36:31 - [MESSAGE][INFO] - Checking called Test Case

2021-11-11 10:36:31 - [MESSAGE][INFO] - Starting to call Test Case 'Test Cases/Butonlar/ButonaTikla'

2021-11-11 10:36:31 - [TEST_CASE][PASSED] - Test Cases/Butonlar/ButonaTikla: Test Cases/Butonlar/ButonaTikla

2021-11-11 10:36:31 - [TEST_STEP][PASSED] - Method.TextDegerineEsitElementeTiklaEquals(findTestObject("Butonlar/Butonlar"), Buton_Adi): Method.TextDegerineEsitElementeTiklaEquals is PASSED

2021-11-11 10:36:31 - [MESSAGE][INFO] - Finding Test Object 'Object Repository/Butonlar/Butonlar'

2021-11-11 10:36:31 - [MESSAGE][INFO] - Checking timeout

2021-11-11 10:36:31 - [MESSAGE][INFO] - Finding web element with id: 'Object Repository/Butonlar/Butonlar' located by 'By.cssSelector: .panel.panel-default.text-center.footerPanel .btn,.btn.btn-primary.btnControls' in '10' second(s)

2021-11-11 10:36:31 - [MESSAGE][INFO] - Smart Wait Function is triggered

2021-11-11 10:36:31 - [MESSAGE][INFO] - Found 4 web elements with id: 'Object Repository/Butonlar/Butonlar' located by 'By.cssSelector: .panel.panel-default.text-center.footerPanel .btn,.btn.btn-primary.btnControls' in '10' second(s)

2021-11-11 10:36:31 - [MESSAGE][PASSED] - Method.TextDegerineEsitElementeTiklaEquals is PASSED

2021-11-11 10:36:31 - [MESSAGE][PASSED] - Call Test Case 'Test Cases/Butonlar/ButonaTikla' successfully

2021-11-11 10:36:31 - [MESSAGE][INFO] - Checking called Test Case

2021-11-11 10:36:31 - [MESSAGE][INFO] - Starting to call Test Case 'Test Cases/Sekmeler/YeniSekmeyeGec'

2021-11-11 10:36:31 - [TEST_CASE][PASSED] - Test Cases/Sekmeler/YeniSekmeyeGec: Test Cases/Sekmeler/YeniSekmeyeGec

2021-11-11 10:36:32 - [TEST_STEP][PASSED] - switchToWindowIndex(1): Switched to window with index: '1'

2021-11-11 10:36:32 - [MESSAGE][INFO] - Checking index

2021-11-11 10:36:32 - [MESSAGE][INFO] - Switching window with index: '1'

2021-11-11 10:36:32 - [MESSAGE][PASSED] - Switched to window with index: '1'

2021-11-11 10:36:32 - [MESSAGE][PASSED] - Call Test Case 'Test Cases/Sekmeler/YeniSekmeyeGec' successfully

2021-11-11 10:36:32 - [MESSAGE][INFO] - Checking called Test Case

2021-11-11 10:36:32 - [MESSAGE][INFO] - Starting to call Test Case 'Test Cases/Sekmeler/GecmisGeldiMi'

2021-11-11 10:36:32 - [TEST_CASE][PASSED] - Test Cases/Sekmeler/GecmisGeldiMi: Test Cases/Sekmeler/GecmisGeldiMi

2021-11-11 10:36:33 - [TEST_STEP][PASSED] - waitForElementVisible(findTestObject("Object Repository/Sekmeler/GecmisBaslik"), 10): Object 'Object Repository/Sekmeler/GecmisBaslik' is visible

2021-11-11 10:36:33 - [MESSAGE][INFO] - Finding Test Object 'Object Repository/Sekmeler/GecmisBaslik'

2021-11-11 10:36:33 - [MESSAGE][INFO] - Checking object

2021-11-11 10:36:33 - [MESSAGE][INFO] - Checking timeout

2021-11-11 10:36:33 - [MESSAGE][INFO] - Finding web element from Test Object's properties

2021-11-11 10:36:33 - [MESSAGE][INFO] - Checking timeout

2021-11-11 10:36:33 - [MESSAGE][INFO] - Finding web element with id: 'Object Repository/Sekmeler/GecmisBaslik' located by 'By.cssSelector: .dxnb-ghtext.dx-vam' in '10' second(s)

2021-11-11 10:36:33 - [MESSAGE][INFO] - Smart Wait Function is triggered

2021-11-11 10:36:40 - [MESSAGE][INFO] - Found 1 web elements with id: 'Object Repository/Sekmeler/GecmisBaslik' located by 'By.cssSelector: .dxnb-ghtext.dx-vam' in '10' second(s)

2021-11-11 10:36:40 - [MESSAGE][PASSED] - Object 'Object Repository/Sekmeler/GecmisBaslik' is visible

2021-11-11 10:36:40 - [TEST_STEP][PASSED] - if (!(getText(findTestObject("Object Repository/Sekmeler/GecmisBaslik")).contains(Baslik))): Text of object 'Object Repository/Sekmeler/GecmisBaslik' is: 'ÖKC İzleme Kayıtları - 179'

2021-11-11 10:36:40 - [MESSAGE][INFO] - Finding Test Object 'Object Repository/Sekmeler/GecmisBaslik'

2021-11-11 10:36:40 - [MESSAGE][INFO] - Checking object

2021-11-11 10:36:40 - [MESSAGE][INFO] - Finding web element from Test Object's properties

2021-11-11 10:36:40 - [MESSAGE][INFO] - Checking timeout

2021-11-11 10:36:40 - [MESSAGE][INFO] - Finding web element with id: 'Object Repository/Sekmeler/GecmisBaslik' located by 'By.cssSelector: .dxnb-ghtext.dx-vam' in '30' second(s)

2021-11-11 10:36:40 - [MESSAGE][INFO] - Smart Wait Function is triggered

2021-11-11 10:36:40 - [MESSAGE][INFO] - Found 1 web elements with id: 'Object Repository/Sekmeler/GecmisBaslik' located by 'By.cssSelector: .dxnb-ghtext.dx-vam' in '30' second(s)

2021-11-11 10:36:40 - [MESSAGE][INFO] - Getting text of object 'Object Repository/Sekmeler/GecmisBaslik'

2021-11-11 10:36:40 - [MESSAGE][PASSED] - Text of object 'Object Repository/Sekmeler/GecmisBaslik' is: 'ÖKC İzleme Kayıtları - 179'

2021-11-11 10:36:40 - [MESSAGE][PASSED] - Call Test Case 'Test Cases/Sekmeler/GecmisGeldiMi' successfully

2021-11-11 10:36:40 - [MESSAGE][INFO] - Checking called Test Case

2021-11-11 10:36:40 - [MESSAGE][INFO] - Starting to call Test Case 'Test Cases/Sekmeler/Ana_Sekmeye_Gec'

2021-11-11 10:36:40 - [TEST_CASE][PASSED] - Test Cases/Sekmeler/Ana_Sekmeye_Gec: Test Cases/Sekmeler/Ana_Sekmeye_Gec

2021-11-11 10:36:41 - [TEST_STEP][PASSED] - try: Window with index 1 is closed

2021-11-11 10:36:41 - [TEST_STEP][PASSED] - index = getWindowIndex(): Current window's index is: 1

2021-11-11 10:36:41 - [MESSAGE][INFO] - Getting current window's index

2021-11-11 10:36:41 - [MESSAGE][PASSED] - Current window's index is: 1

2021-11-11 10:36:41 - [TEST_STEP][PASSED] - closeWindowIndex(index): Window with index 1 is closed

2021-11-11 10:36:41 - [MESSAGE][INFO] - Checking index

2021-11-11 10:36:41 - [MESSAGE][INFO] - Closing window with index 1

2021-11-11 10:36:41 - [MESSAGE][PASSED] - Window with index 1 is closed

2021-11-11 10:36:41 - [TEST_STEP][PASSED] - switchToWindowIndex(0): Switched to window with index: '0'

2021-11-11 10:36:41 - [MESSAGE][INFO] - Checking index

2021-11-11 10:36:41 - [MESSAGE][INFO] - Switching window with index: '0'

2021-11-11 10:36:41 - [MESSAGE][PASSED] - Switched to window with index: '0'

2021-11-11 10:36:41 - [MESSAGE][PASSED] - Call Test Case 'Test Cases/Sekmeler/Ana_Sekmeye_Gec' successfully

2021-11-11 10:36:41 - [MESSAGE][INFO] - Checking called Test Case

2021-11-11 10:36:41 - [MESSAGE][INFO] - Starting to call Test Case 'Test Cases/Kullanici_Islemleri/KullaniciIslemlerindenSecimYapilir'

2021-11-11 10:36:41 - [TEST_CASE][PASSED] - Test Cases/Kullanici_Islemleri/KullaniciIslemlerindenSecimYapilir: Test Cases/Kullanici_Islemleri/KullaniciIslemlerindenSecimYapilir

2021-11-11 10:36:41 - [TEST_STEP][PASSED] - waitForElementClickable(findTestObject("Object Repository/Kullanici_Islemleri/KullaniciIslemleri"), 10): Object 'Object Repository/Kullanici_Islemleri/KullaniciIslemleri' is clickable

2021-11-11 10:36:41 - [MESSAGE][INFO] - Finding Test Object 'Object Repository/Kullanici_Islemleri/KullaniciIslemleri'

2021-11-11 10:36:41 - [MESSAGE][INFO] - Checking object

2021-11-11 10:36:41 - [MESSAGE][INFO] - Checking timeout

2021-11-11 10:36:41 - [MESSAGE][INFO] - Finding web element from Test Object's properties

2021-11-11 10:36:41 - [MESSAGE][INFO] - Checking timeout

2021-11-11 10:36:41 - [MESSAGE][INFO] - Finding web element with id: 'Object Repository/Kullanici_Islemleri/KullaniciIslemleri' located by 'By.cssSelector: .dropdown>a>img' in '10' second(s)

2021-11-11 10:36:41 - [MESSAGE][INFO] - Smart Wait Function is triggered

2021-11-11 10:36:41 - [MESSAGE][INFO] - Found 1 web elements with id: 'Object Repository/Kullanici_Islemleri/KullaniciIslemleri' located by 'By.cssSelector: .dropdown>a>img' in '10' second(s)

2021-11-11 10:36:41 - [MESSAGE][PASSED] - Object 'Object Repository/Kullanici_Islemleri/KullaniciIslemleri' is clickable

2021-11-11 10:36:41 - [TEST_STEP][PASSED] - click(findTestObject("Object Repository/Kullanici_Islemleri/KullaniciIslemleri")): Object: 'Object Repository/Kullanici_Islemleri/KullaniciIslemleri' is clicked on

2021-11-11 10:36:41 - [MESSAGE][INFO] - Finding Test Object 'Object Repository/Kullanici_Islemleri/KullaniciIslemleri'

2021-11-11 10:36:41 - [MESSAGE][INFO] - Checking object

2021-11-11 10:36:41 - [MESSAGE][INFO] - Finding web element from Test Object's properties

2021-11-11 10:36:41 - [MESSAGE][INFO] - Checking timeout

2021-11-11 10:36:41 - [MESSAGE][INFO] - Finding web element with id: 'Object Repository/Kullanici_Islemleri/KullaniciIslemleri' located by 'By.cssSelector: .dropdown>a>img' in '30' second(s)

2021-11-11 10:36:41 - [MESSAGE][INFO] - Smart Wait Function is triggered

2021-11-11 10:36:42 - [MESSAGE][INFO] - Found 1 web elements with id: 'Object Repository/Kullanici_Islemleri/KullaniciIslemleri' located by 'By.cssSelector: .dropdown>a>img' in '30' second(s)

2021-11-11 10:36:42 - [MESSAGE][INFO] - Clicking on object: 'Object Repository/Kullanici_Islemleri/KullaniciIslemleri'

2021-11-11 10:36:42 - [MESSAGE][PASSED] - Object: 'Object Repository/Kullanici_Islemleri/KullaniciIslemleri' is clicked on

2021-11-11 10:36:42 - [TEST_STEP][PASSED] - Method.TextDegerineEsitElementeTikla(findTestObject("Object Repository/Kullanici_Islemleri/Secenekler"), Islem): Method.TextDegerineEsitElementeTikla is PASSED

2021-11-11 10:36:42 - [MESSAGE][INFO] - Finding Test Object 'Object Repository/Kullanici_Islemleri/Secenekler'

2021-11-11 10:36:42 - [MESSAGE][INFO] - Checking timeout

2021-11-11 10:36:42 - [MESSAGE][INFO] - Finding web element with id: 'Object Repository/Kullanici_Islemleri/Secenekler' located by 'By.cssSelector: .nav.navbar-nav.navbar-right li a' in '10' second(s)

2021-11-11 10:36:42 - [MESSAGE][INFO] - Smart Wait Function is triggered

2021-11-11 10:36:42 - [MESSAGE][INFO] - Found 22 web elements with id: 'Object Repository/Kullanici_Islemleri/Secenekler' located by 'By.cssSelector: .nav.navbar-nav.navbar-right li a' in '10' second(s)

2021-11-11 10:36:44 - [MESSAGE][PASSED] - Method.TextDegerineEsitElementeTikla is PASSED

2021-11-11 10:36:44 - [TEST_STEP][PASSED] - verifyElementNotPresent(findTestObject("Object Repository/Kullanici_Islemleri/Secenekler"), 10): Web element with id: 'Object Repository/Kullanici_Islemleri/Secenekler' located by 'By.cssSelector: .nav.navbar-nav.navbar-right li a' is not present after '10' second(s)

2021-11-11 10:36:44 - [MESSAGE][INFO] - Finding Test Object 'Object Repository/Kullanici_Islemleri/Secenekler'

2021-11-11 10:36:44 - [MESSAGE][INFO] - Checking object

2021-11-11 10:36:44 - [MESSAGE][INFO] - Checking timeout

2021-11-11 10:36:44 - [MESSAGE][INFO] - Finding web element with id: 'Object Repository/Kullanici_Islemleri/Secenekler' located by 'By.cssSelector: .nav.navbar-nav.navbar-right li a' in '10' second(s)

2021-11-11 10:36:44 - [MESSAGE][INFO] - Smart Wait Function is triggered

2021-11-11 10:36:45 - [MESSAGE][PASSED] - Web element with id: 'Object Repository/Kullanici_Islemleri/Secenekler' located by 'By.cssSelector: .nav.navbar-nav.navbar-right li a' is not present after '10' second(s)

2021-11-11 10:36:45 - [MESSAGE][PASSED] - Call Test Case 'Test Cases/Kullanici_Islemleri/KullaniciIslemlerindenSecimYapilir' successfully

2021-11-11 10:36:45 - [TEST_CASE][PASSED] - Start Test Case : SCENARIO OCK Mali Raporlari Gecmis: SCENARIO OCK Mali Raporlari Gecmis

2021-11-11 10:36:45 - [TEST_STEP][PASSED] - Kullanıcı adı ELOGO6 ve Şifre 123456 olarak giriş yapılır: Kullanıcı adı ELOGO6 ve Şifre 123456 olarak giriş yapılır

2021-11-11 10:36:45 - [MESSAGE][PASSED] - Kullanıcı adı ELOGO6 ve Şifre 123456 olarak giriş yapılır

2021-11-11 10:36:45 - [TEST_STEP][PASSED] - Ana menüden ÖKC İşlemleri seçilir: Ana menüden ÖKC İşlemleri seçilir

2021-11-11 10:36:45 - [MESSAGE][PASSED] - Ana menüden ÖKC İşlemleri seçilir

2021-11-11 10:36:45 - [TEST_STEP][PASSED] - Alt menüden ÖKC Mali Raporlar seçilir: Alt menüden ÖKC Mali Raporlar seçilir

2021-11-11 10:36:45 - [MESSAGE][PASSED] - Alt menüden ÖKC Mali Raporlar seçilir

2021-11-11 10:36:45 - [TEST_STEP][PASSED] - Filtrelerden Dönem filtresine 2021 Ocak dropdowndan degeri seçilir: Filtrelerden Dönem filtresine 2021 Ocak dropdowndan degeri seçilir

2021-11-11 10:36:45 - [MESSAGE][PASSED] - Filtrelerden Dönem filtresine 2021 Ocak dropdowndan degeri seçilir

2021-11-11 10:36:45 - [TEST_STEP][PASSED] - Filtrelerden Oluşturma Tarihi filtresine 01.01.2021 baslangic degerini yaz: Filtrelerden Oluşturma Tarihi filtresine 01.01.2021 baslangic degerini yaz

2021-11-11 10:36:45 - [MESSAGE][PASSED] - Filtrelerden Oluşturma Tarihi filtresine 01.01.2021 baslangic degerini yaz

2021-11-11 10:36:45 - [TEST_STEP][PASSED] - Filtrelerden Oluşturma Tarihi filtresine 11.01.2021 bitis degerini yaz: Filtrelerden Oluşturma Tarihi filtresine 11.01.2021 bitis degerini yaz

2021-11-11 10:36:45 - [MESSAGE][PASSED] - Filtrelerden Oluşturma Tarihi filtresine 11.01.2021 bitis degerini yaz

2021-11-11 10:36:45 - [TEST_STEP][PASSED] - Filtre butonlarından Listele seçilir: Filtre butonlarından Listele seçilir

2021-11-11 10:36:45 - [MESSAGE][PASSED] - Filtre butonlarından Listele seçilir

2021-11-11 10:36:45 - [TEST_STEP][PASSED] - Tabloda veri var mı kontrol edilir: Tabloda veri var mı kontrol edilir

2021-11-11 10:36:45 - [MESSAGE][PASSED] - Tabloda veri var mı kontrol edilir

2021-11-11 10:36:45 - [TEST_STEP][PASSED] - Tablodan 179 isimli veri seçilir: Tablodan 179 isimli veri seçilir

2021-11-11 10:36:45 - [MESSAGE][PASSED] - Tablodan 179 isimli veri seçilir

2021-11-11 10:36:45 - [TEST_STEP][PASSED] - Butonlardan İzleme Kayıtları isimli butona tıklanır: Butonlardan İzleme Kayıtları isimli butona tıklanır

2021-11-11 10:36:45 - [MESSAGE][PASSED] - Butonlardan İzleme Kayıtları isimli butona tıklanır

2021-11-11 10:36:45 - [TEST_STEP][PASSED] - Yeni açılan sekmeye geçilir: Yeni açılan sekmeye geçilir

2021-11-11 10:36:45 - [MESSAGE][PASSED] - Yeni açılan sekmeye geçilir

2021-11-11 10:36:45 - [TEST_STEP][PASSED] - ÖKC İzleme Kayıtları baslikli gecmis sayfasi geldi mi: ÖKC İzleme Kayıtları baslikli gecmis sayfasi geldi mi

2021-11-11 10:36:45 - [MESSAGE][PASSED] - ÖKC İzleme Kayıtları baslikli gecmis sayfasi geldi mi

2021-11-11 10:36:45 - [TEST_STEP][PASSED] - Ana sekmeye geçilir: Ana sekmeye geçilir

2021-11-11 10:36:45 - [MESSAGE][PASSED] - Ana sekmeye geçilir

2021-11-11 10:36:45 - [TEST_STEP][PASSED] - Kullanıcı işlemlerinden Çıkış seçilir: Kullanıcı işlemlerinden Çıkış seçilir

2021-11-11 10:36:45 - [MESSAGE][PASSED] - Kullanıcı işlemlerinden Çıkış seçilir

2021-11-11 10:36:45 - [MESSAGE][PASSED] - Feature file: 'Include/features/OKC Islemleri/OKC Mali Raporlari/Izleme Kayitlari.feature' was passed

2021-11-11 10:36:45 - [TEST_STEP][PASSED] - Start listener action : sampleAfterTestSuite: Invoke 'com.kms.katalon.core.annotation.AfterTestCase' method: 'Listener.sampleAfterTestSuite(...)' completed.

2021-11-11 10:36:45 - [MESSAGE][INFO] - Starting invoke 'com.kms.katalon.core.annotation.AfterTestCase' method: 'Listener.sampleAfterTestSuite(...)'

2021-11-11 10:36:45 - [TEST_STEP][PASSED] - closeBrowser(): Invoke 'com.kms.katalon.core.annotation.AfterTestCase' method: 'Listener.sampleAfterTestSuite(...)' completed.

2021-11-11 10:36:45 - [MESSAGE][INFO] - Closing browser

2021-11-11 10:36:46 - [MESSAGE][PASSED] - Browser is closed

2021-11-11 10:36:46 - [MESSAGE][INFO] - Invoke 'com.kms.katalon.core.annotation.AfterTestCase' method: 'Listener.sampleAfterTestSuite(...)' completed.]]></system-out>
         <system-err><![CDATA[]]></system-err>
      </testcase>
      <testcase name="Test Cases/Case Repository/OKC Islemleri/OKC Mali Raporlar/Rapor" time="39.111" classname="Test Cases/Case Repository/OKC Islemleri/OKC Mali Raporlar/Rapor" status="PASSED">
         <system-out><![CDATA[2021-11-11 10:36:46 - [TEST_CASE][PASSED] - Test Cases/Case Repository/OKC Islemleri/OKC Mali Raporlar/Rapor: Test Cases/Case Repository/OKC Islemleri/OKC Mali Raporlar/Rapor

2021-11-11 10:36:46 - [TEST_STEP][PASSED] - Start listener action : sampleBeforeTestSuite: Invoke 'com.kms.katalon.core.annotation.BeforeTestCase' method: 'Listener.sampleBeforeTestSuite(...)' completed.

2021-11-11 10:36:46 - [MESSAGE][INFO] - Starting invoke 'com.kms.katalon.core.annotation.BeforeTestCase' method: 'Listener.sampleBeforeTestSuite(...)'

2021-11-11 10:36:46 - [TEST_STEP][PASSED] - openBrowser(baseUrl): Browser is opened with url: 'https://efatura-stage.elogo.com.tr/'

2021-11-11 10:36:46 - [MESSAGE][INFO] - Opening browser

2021-11-11 10:36:46 - [MESSAGE][INFO] - Starting 'Chrome' driver

2021-11-11 10:36:46 - [MESSAGE][INFO] - User set preference: ['prefs', '{download.default_directory=C:\otomasyondownfiles}']

2021-11-11 10:36:46 - [MESSAGE][INFO] - Action delay is set to 0 milliseconds

2021-11-11 10:36:47 - [MESSAGE][INFO] - Navigating browser to: 'https://efatura-stage.elogo.com.tr/'

2021-11-11 10:36:50 - [MESSAGE][PASSED] - Browser is opened with url: 'https://efatura-stage.elogo.com.tr/'

2021-11-11 10:36:50 - [TEST_STEP][PASSED] - maximizeWindow(): Invoke 'com.kms.katalon.core.annotation.BeforeTestCase' method: 'Listener.sampleBeforeTestSuite(...)' completed.

2021-11-11 10:36:50 - [MESSAGE][INFO] - Maximizing current window

2021-11-11 10:36:50 - [MESSAGE][PASSED] - Current window maximized

2021-11-11 10:36:50 - [MESSAGE][INFO] - Invoke 'com.kms.katalon.core.annotation.BeforeTestCase' method: 'Listener.sampleBeforeTestSuite(...)' completed.

2021-11-11 10:36:51 - [TEST_STEP][PASSED] - runFeatureFile("Include/features/OKC Islemleri/OKC Mali Raporlari/Rapor.feature"): Feature file: 'Include/features/OKC Islemleri/OKC Mali Raporlari/Rapor.feature' was passed

2021-11-11 10:36:51 - [MESSAGE][INFO] - Starting run keyword runFeatureFile: 'Include/features/OKC Islemleri/OKC Mali Raporlari/Rapor.feature' and extract report to folder: 'C:\Users\DELL\Documents\GitHub\EES_KatalonLogo\Reports\20211111_100022\Suite Repository\Okc_Islemleri\20211111_100122/cucumber_report/1636616211317'...

2021-11-11 10:36:51 - [MESSAGE][INFO] - Glue: []

2021-11-11 10:36:52 - [MESSAGE][INFO] - Checking called Test Case

2021-11-11 10:36:52 - [MESSAGE][INFO] - Starting to call Test Case 'Test Cases/Sayfalar/Giris_Sayfasi/Login'

2021-11-11 10:36:52 - [TEST_CASE][PASSED] - Test Cases/Sayfalar/Giris_Sayfasi/Login: Test Cases/Sayfalar/Giris_Sayfasi/Login

2021-11-11 10:36:52 - [TEST_STEP][PASSED] - Sayfa_Basligi = getWindowTitle(): Current window's title is: 'LOGO e-Fatura'

2021-11-11 10:36:52 - [MESSAGE][INFO] - Getting current window's title

2021-11-11 10:36:52 - [MESSAGE][PASSED] - Current window's title is: 'LOGO e-Fatura'

2021-11-11 10:36:52 - [TEST_STEP][PASSED] - verifyMatch(Sayfa_Basligi, "LOGO e-Fatura", false): Actual text 'LOGO e-Fatura' and expected text 'LOGO e-Fatura' are matched 

2021-11-11 10:36:52 - [MESSAGE][INFO] - Matching actual text 'LOGO e-Fatura' with expected text 'LOGO e-Fatura'

2021-11-11 10:36:52 - [MESSAGE][PASSED] - Actual text 'LOGO e-Fatura' and expected text 'LOGO e-Fatura' are matched 

2021-11-11 10:36:52 - [TEST_STEP][PASSED] - sendKeys(findTestObject("Sayfalar/Giris_Sayfasi/Firma_Kodu"), KullaniciAdi): Keys 'ELOGO6' sent to object: 'Object Repository/Sayfalar/Giris_Sayfasi/Firma_Kodu'

2021-11-11 10:36:52 - [MESSAGE][INFO] - Finding Test Object 'Object Repository/Sayfalar/Giris_Sayfasi/Firma_Kodu'

2021-11-11 10:36:52 - [MESSAGE][INFO] - Sending keys 'ELOGO6' to object: 'Object Repository/Sayfalar/Giris_Sayfasi/Firma_Kodu'

2021-11-11 10:36:52 - [MESSAGE][INFO] - Finding web element from Test Object's properties

2021-11-11 10:36:52 - [MESSAGE][INFO] - Checking timeout

2021-11-11 10:36:52 - [MESSAGE][INFO] - Finding web element with id: 'Object Repository/Sayfalar/Giris_Sayfasi/Firma_Kodu' located by 'By.xpath: //*[@id = 'AccountName']' in '30' second(s)

2021-11-11 10:36:52 - [MESSAGE][INFO] - Smart Wait Function is triggered

2021-11-11 10:36:53 - [MESSAGE][INFO] - Found 1 web elements with id: 'Object Repository/Sayfalar/Giris_Sayfasi/Firma_Kodu' located by 'By.xpath: //*[@id = 'AccountName']' in '30' second(s)

2021-11-11 10:36:53 - [MESSAGE][PASSED] - Keys 'ELOGO6' sent to object: 'Object Repository/Sayfalar/Giris_Sayfasi/Firma_Kodu'

2021-11-11 10:36:53 - [TEST_STEP][PASSED] - sendKeys(findTestObject("Sayfalar/Giris_Sayfasi/Sifre"), Sifre): Keys '123456' sent to object: 'Object Repository/Sayfalar/Giris_Sayfasi/Sifre'

2021-11-11 10:36:53 - [MESSAGE][INFO] - Finding Test Object 'Object Repository/Sayfalar/Giris_Sayfasi/Sifre'

2021-11-11 10:36:53 - [MESSAGE][INFO] - Sending keys '123456' to object: 'Object Repository/Sayfalar/Giris_Sayfasi/Sifre'

2021-11-11 10:36:53 - [MESSAGE][INFO] - Finding web element from Test Object's properties

2021-11-11 10:36:53 - [MESSAGE][INFO] - Checking timeout

2021-11-11 10:36:53 - [MESSAGE][INFO] - Finding web element with id: 'Object Repository/Sayfalar/Giris_Sayfasi/Sifre' located by 'By.xpath: //*[@id = 'Password']' in '30' second(s)

2021-11-11 10:36:53 - [MESSAGE][INFO] - Smart Wait Function is triggered

2021-11-11 10:36:53 - [MESSAGE][INFO] - Found 1 web elements with id: 'Object Repository/Sayfalar/Giris_Sayfasi/Sifre' located by 'By.xpath: //*[@id = 'Password']' in '30' second(s)

2021-11-11 10:36:53 - [MESSAGE][PASSED] - Keys '123456' sent to object: 'Object Repository/Sayfalar/Giris_Sayfasi/Sifre'

2021-11-11 10:36:53 - [TEST_STEP][PASSED] - findWebElement(findTestObject("Sayfalar/Giris_Sayfasi/Giris_Butonu")).click(): Found 1 web elements with id: 'Object Repository/Sayfalar/Giris_Sayfasi/Giris_Butonu' located by 'By.cssSelector: #btnLogin' in '30' second(s)

2021-11-11 10:36:53 - [MESSAGE][INFO] - Finding Test Object 'Object Repository/Sayfalar/Giris_Sayfasi/Giris_Butonu'

2021-11-11 10:36:53 - [MESSAGE][INFO] - Finding web element from Test Object's properties

2021-11-11 10:36:53 - [MESSAGE][INFO] - Checking timeout

2021-11-11 10:36:53 - [MESSAGE][INFO] - Finding web element with id: 'Object Repository/Sayfalar/Giris_Sayfasi/Giris_Butonu' located by 'By.cssSelector: #btnLogin' in '30' second(s)

2021-11-11 10:36:53 - [MESSAGE][INFO] - Smart Wait Function is triggered

2021-11-11 10:36:54 - [MESSAGE][INFO] - Found 1 web elements with id: 'Object Repository/Sayfalar/Giris_Sayfasi/Giris_Butonu' located by 'By.cssSelector: #btnLogin' in '30' second(s)

2021-11-11 10:36:56 - [TEST_STEP][PASSED] - if (verifyElementPresent(findTestObject("Object Repository/Sayfalar/Giris_Sayfasi/RetveTamam_Butonu"), 5, OPTIONAL)): null

2021-11-11 10:36:56 - [MESSAGE][INFO] - Finding Test Object 'Object Repository/Sayfalar/Giris_Sayfasi/RetveTamam_Butonu'

2021-11-11 10:36:57 - [MESSAGE][INFO] - Checking object

2021-11-11 10:36:57 - [MESSAGE][INFO] - Finding web element from Test Object's properties

2021-11-11 10:36:57 - [MESSAGE][INFO] - Checking timeout

2021-11-11 10:36:57 - [MESSAGE][INFO] - Finding web element with id: 'Object Repository/Sayfalar/Giris_Sayfasi/RetveTamam_Butonu' located by 'By.xpath: //*[@class = 'btn btn-default']' in '5' second(s)

2021-11-11 10:36:57 - [MESSAGE][INFO] - Smart Wait Function is triggered

2021-11-11 10:36:57 - [MESSAGE][INFO] - Found 1 web elements with id: 'Object Repository/Sayfalar/Giris_Sayfasi/RetveTamam_Butonu' located by 'By.xpath: //*[@class = 'btn btn-default']' in '5' second(s)

2021-11-11 10:36:57 - [MESSAGE][PASSED] - Object 'Object Repository/Sayfalar/Giris_Sayfasi/RetveTamam_Butonu' is present

2021-11-11 10:36:57 - [TEST_STEP][PASSED] - click(findTestObject("Object Repository/Sayfalar/Giris_Sayfasi/RetveTamam_Butonu")): Object: 'Object Repository/Sayfalar/Giris_Sayfasi/RetveTamam_Butonu' is clicked on

2021-11-11 10:36:57 - [MESSAGE][INFO] - Finding Test Object 'Object Repository/Sayfalar/Giris_Sayfasi/RetveTamam_Butonu'

2021-11-11 10:36:57 - [MESSAGE][INFO] - Checking object

2021-11-11 10:36:57 - [MESSAGE][INFO] - Finding web element from Test Object's properties

2021-11-11 10:36:57 - [MESSAGE][INFO] - Checking timeout

2021-11-11 10:36:57 - [MESSAGE][INFO] - Finding web element with id: 'Object Repository/Sayfalar/Giris_Sayfasi/RetveTamam_Butonu' located by 'By.xpath: //*[@class = 'btn btn-default']' in '30' second(s)

2021-11-11 10:36:57 - [MESSAGE][INFO] - Smart Wait Function is triggered

2021-11-11 10:36:57 - [MESSAGE][INFO] - Found 1 web elements with id: 'Object Repository/Sayfalar/Giris_Sayfasi/RetveTamam_Butonu' located by 'By.xpath: //*[@class = 'btn btn-default']' in '30' second(s)

2021-11-11 10:36:57 - [MESSAGE][INFO] - Clicking on object: 'Object Repository/Sayfalar/Giris_Sayfasi/RetveTamam_Butonu'

2021-11-11 10:36:57 - [MESSAGE][PASSED] - Object: 'Object Repository/Sayfalar/Giris_Sayfasi/RetveTamam_Butonu' is clicked on

2021-11-11 10:36:57 - [TEST_STEP][PASSED] - click(findTestObject("Object Repository/Sayfalar/Giris_Sayfasi/RetveTamam_Butonu")): Object: 'Object Repository/Sayfalar/Giris_Sayfasi/RetveTamam_Butonu' is clicked on

2021-11-11 10:36:57 - [MESSAGE][INFO] - Finding Test Object 'Object Repository/Sayfalar/Giris_Sayfasi/RetveTamam_Butonu'

2021-11-11 10:36:58 - [MESSAGE][INFO] - Checking object

2021-11-11 10:36:58 - [MESSAGE][INFO] - Finding web element from Test Object's properties

2021-11-11 10:36:58 - [MESSAGE][INFO] - Checking timeout

2021-11-11 10:36:58 - [MESSAGE][INFO] - Finding web element with id: 'Object Repository/Sayfalar/Giris_Sayfasi/RetveTamam_Butonu' located by 'By.xpath: //*[@class = 'btn btn-default']' in '30' second(s)

2021-11-11 10:36:58 - [MESSAGE][INFO] - Smart Wait Function is triggered

2021-11-11 10:37:05 - [MESSAGE][INFO] - Found 1 web elements with id: 'Object Repository/Sayfalar/Giris_Sayfasi/RetveTamam_Butonu' located by 'By.xpath: //*[@class = 'btn btn-default']' in '30' second(s)

2021-11-11 10:37:05 - [MESSAGE][INFO] - Clicking on object: 'Object Repository/Sayfalar/Giris_Sayfasi/RetveTamam_Butonu'

2021-11-11 10:37:05 - [MESSAGE][PASSED] - Object: 'Object Repository/Sayfalar/Giris_Sayfasi/RetveTamam_Butonu' is clicked on

2021-11-11 10:37:05 - [TEST_STEP][PASSED] - if (verifyElementPresent(findTestObject("Sayfalar/Giris_Sayfasi/PopupOK"), 5, OPTIONAL)): null

2021-11-11 10:37:05 - [MESSAGE][INFO] - Finding Test Object 'Object Repository/Sayfalar/Giris_Sayfasi/PopupOK'

2021-11-11 10:37:06 - [MESSAGE][INFO] - Checking object

2021-11-11 10:37:06 - [MESSAGE][INFO] - Finding web element from Test Object's properties

2021-11-11 10:37:06 - [MESSAGE][INFO] - Checking timeout

2021-11-11 10:37:06 - [MESSAGE][INFO] - Finding web element with id: 'Object Repository/Sayfalar/Giris_Sayfasi/PopupOK' located by 'By.cssSelector: .btn.btn-success' in '5' second(s)

2021-11-11 10:37:06 - [MESSAGE][INFO] - Smart Wait Function is triggered

2021-11-11 10:37:06 - [MESSAGE][INFO] - Found 1 web elements with id: 'Object Repository/Sayfalar/Giris_Sayfasi/PopupOK' located by 'By.cssSelector: .btn.btn-success' in '5' second(s)

2021-11-11 10:37:06 - [MESSAGE][PASSED] - Object 'Object Repository/Sayfalar/Giris_Sayfasi/PopupOK' is present

2021-11-11 10:37:06 - [TEST_STEP][PASSED] - click(findTestObject("Object Repository/Sayfalar/Giris_Sayfasi/PopupCarpiGiris")): Object: 'Object Repository/Sayfalar/Giris_Sayfasi/PopupCarpiGiris' is clicked on

2021-11-11 10:37:06 - [MESSAGE][INFO] - Finding Test Object 'Object Repository/Sayfalar/Giris_Sayfasi/PopupCarpiGiris'

2021-11-11 10:37:06 - [MESSAGE][INFO] - Checking object

2021-11-11 10:37:06 - [MESSAGE][INFO] - Finding web element from Test Object's properties

2021-11-11 10:37:06 - [MESSAGE][INFO] - Checking timeout

2021-11-11 10:37:06 - [MESSAGE][INFO] - Finding web element with id: 'Object Repository/Sayfalar/Giris_Sayfasi/PopupCarpiGiris' located by 'By.cssSelector: .bootbox-close-button.close' in '30' second(s)

2021-11-11 10:37:06 - [MESSAGE][INFO] - Smart Wait Function is triggered

2021-11-11 10:37:07 - [MESSAGE][INFO] - Found 1 web elements with id: 'Object Repository/Sayfalar/Giris_Sayfasi/PopupCarpiGiris' located by 'By.cssSelector: .bootbox-close-button.close' in '30' second(s)

2021-11-11 10:37:07 - [MESSAGE][INFO] - Clicking on object: 'Object Repository/Sayfalar/Giris_Sayfasi/PopupCarpiGiris'

2021-11-11 10:37:07 - [MESSAGE][PASSED] - Object: 'Object Repository/Sayfalar/Giris_Sayfasi/PopupCarpiGiris' is clicked on

2021-11-11 10:37:07 - [TEST_STEP][PASSED] - verifyElementVisible(findTestObject("Object Repository/Kullanici_Islemleri/KullaniciIslemleri")): Object 'Object Repository/Kullanici_Islemleri/KullaniciIslemleri' is visible

2021-11-11 10:37:07 - [MESSAGE][INFO] - Finding Test Object 'Object Repository/Kullanici_Islemleri/KullaniciIslemleri'

2021-11-11 10:37:07 - [MESSAGE][INFO] - Checking object

2021-11-11 10:37:07 - [MESSAGE][INFO] - Finding web element from Test Object's properties

2021-11-11 10:37:07 - [MESSAGE][INFO] - Checking timeout

2021-11-11 10:37:07 - [MESSAGE][INFO] - Finding web element with id: 'Object Repository/Kullanici_Islemleri/KullaniciIslemleri' located by 'By.cssSelector: .dropdown>a>img' in '30' second(s)

2021-11-11 10:37:07 - [MESSAGE][INFO] - Smart Wait Function is triggered

2021-11-11 10:37:08 - [MESSAGE][INFO] - Found 1 web elements with id: 'Object Repository/Kullanici_Islemleri/KullaniciIslemleri' located by 'By.cssSelector: .dropdown>a>img' in '30' second(s)

2021-11-11 10:37:08 - [MESSAGE][PASSED] - Object 'Object Repository/Kullanici_Islemleri/KullaniciIslemleri' is visible

2021-11-11 10:37:08 - [MESSAGE][PASSED] - Call Test Case 'Test Cases/Sayfalar/Giris_Sayfasi/Login' successfully

2021-11-11 10:37:08 - [MESSAGE][INFO] - Checking called Test Case

2021-11-11 10:37:08 - [MESSAGE][INFO] - Starting to call Test Case 'Test Cases/Menu/AnaMenuSecimi'

2021-11-11 10:37:08 - [TEST_CASE][PASSED] - Test Cases/Menu/AnaMenuSecimi: Test Cases/Menu/AnaMenuSecimi

2021-11-11 10:37:08 - [TEST_STEP][PASSED] - Method.TextDegerineEsitElementeTikla(findTestObject("Menu/Ana_Menu"), Ana_Menu): Method.TextDegerineEsitElementeTikla is PASSED

2021-11-11 10:37:08 - [MESSAGE][INFO] - Finding Test Object 'Object Repository/Menu/Ana_Menu'

2021-11-11 10:37:08 - [MESSAGE][INFO] - Checking timeout

2021-11-11 10:37:08 - [MESSAGE][INFO] - Finding web element with id: 'Object Repository/Menu/Ana_Menu' located by 'By.xpath: //*[@class = 'dropdown-toggle']' in '10' second(s)

2021-11-11 10:37:08 - [MESSAGE][INFO] - Smart Wait Function is triggered

2021-11-11 10:37:08 - [MESSAGE][INFO] - Found 14 web elements with id: 'Object Repository/Menu/Ana_Menu' located by 'By.xpath: //*[@class = 'dropdown-toggle']' in '10' second(s)

2021-11-11 10:37:08 - [MESSAGE][PASSED] - Method.TextDegerineEsitElementeTikla is PASSED

2021-11-11 10:37:08 - [MESSAGE][PASSED] - Call Test Case 'Test Cases/Menu/AnaMenuSecimi' successfully

2021-11-11 10:37:08 - [MESSAGE][INFO] - Checking called Test Case

2021-11-11 10:37:08 - [MESSAGE][INFO] - Starting to call Test Case 'Test Cases/Menu/AltMenuSecimi'

2021-11-11 10:37:08 - [TEST_CASE][PASSED] - Test Cases/Menu/AltMenuSecimi: Test Cases/Menu/AltMenuSecimi

2021-11-11 10:37:08 - [TEST_STEP][PASSED] - Method.TextDegerineEsitElementeTikla(findTestObject("Menu/Alt_Menu"), Alt_Menu): Method.TextDegerineEsitElementeTikla is PASSED

2021-11-11 10:37:08 - [MESSAGE][INFO] - Finding Test Object 'Object Repository/Menu/Alt_Menu'

2021-11-11 10:37:08 - [MESSAGE][INFO] - Checking timeout

2021-11-11 10:37:08 - [MESSAGE][INFO] - Finding web element with id: 'Object Repository/Menu/Alt_Menu' located by 'By.xpath: //li[@class='dropdown dropdown-large open']//li[@class='dropdown-element']' in '10' second(s)

2021-11-11 10:37:08 - [MESSAGE][INFO] - Smart Wait Function is triggered

2021-11-11 10:37:09 - [MESSAGE][INFO] - Found 1 web elements with id: 'Object Repository/Menu/Alt_Menu' located by 'By.xpath: //li[@class='dropdown dropdown-large open']//li[@class='dropdown-element']' in '10' second(s)

2021-11-11 10:37:11 - [MESSAGE][PASSED] - Method.TextDegerineEsitElementeTikla is PASSED

2021-11-11 10:37:11 - [MESSAGE][PASSED] - Call Test Case 'Test Cases/Menu/AltMenuSecimi' successfully

2021-11-11 10:37:11 - [MESSAGE][INFO] - Checking called Test Case

2021-11-11 10:37:11 - [MESSAGE][INFO] - Starting to call Test Case 'Test Cases/Filtreler/DropdownSec'

2021-11-11 10:37:11 - [TEST_CASE][PASSED] - Test Cases/Filtreler/DropdownSec: Test Cases/Filtreler/DropdownSec

2021-11-11 10:37:11 - [TEST_STEP][PASSED] - Method.TextDegerineEsitElementinAltindakineTikla(findTestObject("Filtreler/Basliklar"), findTestObject("Filtreler/Basliga_Gore_Baslangic_Image"), Filtre_Adi): Method.TextDegerineEsitElementinAltindakineTikla is PASSED

2021-11-11 10:37:11 - [MESSAGE][INFO] - Finding Test Object 'Object Repository/Filtreler/Basliklar'

2021-11-11 10:37:11 - [MESSAGE][INFO] - Finding Test Object 'Object Repository/Filtreler/Basliga_Gore_Baslangic_Image'

2021-11-11 10:37:11 - [MESSAGE][INFO] - Checking timeout

2021-11-11 10:37:11 - [MESSAGE][INFO] - Finding web element with id: 'Object Repository/Filtreler/Basliklar' located by 'By.cssSelector: .control-label.col-sm-4.paddingMarginRLC' in '10' second(s)

2021-11-11 10:37:11 - [MESSAGE][INFO] - Smart Wait Function is triggered

2021-11-11 10:37:11 - [MESSAGE][INFO] - Found 9 web elements with id: 'Object Repository/Filtreler/Basliklar' located by 'By.cssSelector: .control-label.col-sm-4.paddingMarginRLC' in '10' second(s)

2021-11-11 10:37:11 - [MESSAGE][INFO] - Smart Wait Function is triggered

2021-11-11 10:37:12 - [MESSAGE][PASSED] - Method.TextDegerineEsitElementinAltindakineTikla is PASSED

2021-11-11 10:37:12 - [TEST_STEP][PASSED] - Method.TextDegerineEsitElementeTikla(findTestObject("Object Repository/Filtreler/Basliga_Gore_Dropdown"), Filtre_Degeri): Method.TextDegerineEsitElementeTikla is PASSED

2021-11-11 10:37:12 - [MESSAGE][INFO] - Finding Test Object 'Object Repository/Filtreler/Basliga_Gore_Dropdown'

2021-11-11 10:37:12 - [MESSAGE][INFO] - Checking timeout

2021-11-11 10:37:12 - [MESSAGE][INFO] - Finding web element with id: 'Object Repository/Filtreler/Basliga_Gore_Dropdown' located by 'By.xpath: //*[@class = 'dxeListBoxItemRow_LECustomTheme']' in '10' second(s)

2021-11-11 10:37:12 - [MESSAGE][INFO] - Smart Wait Function is triggered

2021-11-11 10:37:12 - [MESSAGE][INFO] - Found 54 web elements with id: 'Object Repository/Filtreler/Basliga_Gore_Dropdown' located by 'By.xpath: //*[@class = 'dxeListBoxItemRow_LECustomTheme']' in '10' second(s)

2021-11-11 10:37:13 - [MESSAGE][PASSED] - Method.TextDegerineEsitElementeTikla is PASSED

2021-11-11 10:37:13 - [MESSAGE][PASSED] - Call Test Case 'Test Cases/Filtreler/DropdownSec' successfully

2021-11-11 10:37:13 - [MESSAGE][INFO] - Checking called Test Case

2021-11-11 10:37:13 - [MESSAGE][INFO] - Starting to call Test Case 'Test Cases/Filtreler/BaslangicYaz'

2021-11-11 10:37:13 - [TEST_CASE][PASSED] - Test Cases/Filtreler/BaslangicYaz: Test Cases/Filtreler/BaslangicYaz

2021-11-11 10:37:13 - [TEST_STEP][PASSED] - Method.TextDegerineEsitElementinAltindakineTikla(findTestObject("Filtreler/Basliklar"), findTestObject("Filtreler/Basliga_Gore_Baslangic_Image"), Filtre_Adi): Method.TextDegerineEsitElementinAltindakineTikla is PASSED

2021-11-11 10:37:13 - [MESSAGE][INFO] - Finding Test Object 'Object Repository/Filtreler/Basliklar'

2021-11-11 10:37:13 - [MESSAGE][INFO] - Finding Test Object 'Object Repository/Filtreler/Basliga_Gore_Baslangic_Image'

2021-11-11 10:37:13 - [MESSAGE][INFO] - Checking timeout

2021-11-11 10:37:13 - [MESSAGE][INFO] - Finding web element with id: 'Object Repository/Filtreler/Basliklar' located by 'By.cssSelector: .control-label.col-sm-4.paddingMarginRLC' in '10' second(s)

2021-11-11 10:37:13 - [MESSAGE][INFO] - Smart Wait Function is triggered

2021-11-11 10:37:13 - [MESSAGE][INFO] - Found 9 web elements with id: 'Object Repository/Filtreler/Basliklar' located by 'By.cssSelector: .control-label.col-sm-4.paddingMarginRLC' in '10' second(s)

2021-11-11 10:37:13 - [MESSAGE][INFO] - Smart Wait Function is triggered

2021-11-11 10:37:13 - [MESSAGE][PASSED] - Method.TextDegerineEsitElementinAltindakineTikla is PASSED

2021-11-11 10:37:13 - [TEST_STEP][PASSED] - Method.TextDegerineEsitElementinAltindakiTextboxtaYaz(findTestObject("Filtreler/Basliklar"), findTestObject("Filtreler/Basliga_Gore_Baslangic"), Filtre_Adi, Filtre_Degeri): Method.TextDegerineEsitElementinAltindakiTextboxtaYaz is PASSED

2021-11-11 10:37:13 - [MESSAGE][INFO] - Finding Test Object 'Object Repository/Filtreler/Basliklar'

2021-11-11 10:37:14 - [MESSAGE][INFO] - Finding Test Object 'Object Repository/Filtreler/Basliga_Gore_Baslangic'

2021-11-11 10:37:14 - [MESSAGE][INFO] - Checking timeout

2021-11-11 10:37:14 - [MESSAGE][INFO] - Finding web element with id: 'Object Repository/Filtreler/Basliklar' located by 'By.cssSelector: .control-label.col-sm-4.paddingMarginRLC' in '10' second(s)

2021-11-11 10:37:14 - [MESSAGE][INFO] - Smart Wait Function is triggered

2021-11-11 10:37:14 - [MESSAGE][INFO] - Found 9 web elements with id: 'Object Repository/Filtreler/Basliklar' located by 'By.cssSelector: .control-label.col-sm-4.paddingMarginRLC' in '10' second(s)

2021-11-11 10:37:14 - [MESSAGE][INFO] - Smart Wait Function is triggered

2021-11-11 10:37:14 - [MESSAGE][PASSED] - Method.TextDegerineEsitElementinAltindakiTextboxtaYaz is PASSED

2021-11-11 10:37:14 - [MESSAGE][PASSED] - Call Test Case 'Test Cases/Filtreler/BaslangicYaz' successfully

2021-11-11 10:37:14 - [MESSAGE][INFO] - Checking called Test Case

2021-11-11 10:37:14 - [MESSAGE][INFO] - Starting to call Test Case 'Test Cases/Filtreler/BitisYaz'

2021-11-11 10:37:14 - [TEST_CASE][PASSED] - Test Cases/Filtreler/BitisYaz: Test Cases/Filtreler/BitisYaz

2021-11-11 10:37:14 - [TEST_STEP][PASSED] - Method.TextDegerineEsitElementinAltindakineTikla(findTestObject("Filtreler/Basliklar"), findTestObject("Filtreler/Basliga_Gore_Bitis_Image"), Filtre_Adi): Method.TextDegerineEsitElementinAltindakineTikla is PASSED

2021-11-11 10:37:14 - [MESSAGE][INFO] - Finding Test Object 'Object Repository/Filtreler/Basliklar'

2021-11-11 10:37:15 - [MESSAGE][INFO] - Finding Test Object 'Object Repository/Filtreler/Basliga_Gore_Bitis_Image'

2021-11-11 10:37:15 - [MESSAGE][INFO] - Checking timeout

2021-11-11 10:37:15 - [MESSAGE][INFO] - Finding web element with id: 'Object Repository/Filtreler/Basliklar' located by 'By.cssSelector: .control-label.col-sm-4.paddingMarginRLC' in '10' second(s)

2021-11-11 10:37:15 - [MESSAGE][INFO] - Smart Wait Function is triggered

2021-11-11 10:37:15 - [MESSAGE][INFO] - Found 9 web elements with id: 'Object Repository/Filtreler/Basliklar' located by 'By.cssSelector: .control-label.col-sm-4.paddingMarginRLC' in '10' second(s)

2021-11-11 10:37:15 - [MESSAGE][INFO] - Smart Wait Function is triggered

2021-11-11 10:37:15 - [MESSAGE][PASSED] - Method.TextDegerineEsitElementinAltindakineTikla is PASSED

2021-11-11 10:37:15 - [TEST_STEP][PASSED] - Method.TextDegerineEsitElementinAltindakiTextboxtaYaz(findTestObject("Filtreler/Basliklar"), findTestObject("Object Repository/Filtreler/Basliga_Gore_Bitis"), Filtre_Adi, Filtre_Degeri): Method.TextDegerineEsitElementinAltindakiTextboxtaYaz is PASSED

2021-11-11 10:37:15 - [MESSAGE][INFO] - Finding Test Object 'Object Repository/Filtreler/Basliklar'

2021-11-11 10:37:15 - [MESSAGE][INFO] - Finding Test Object 'Object Repository/Filtreler/Basliga_Gore_Bitis'

2021-11-11 10:37:16 - [MESSAGE][INFO] - Checking timeout

2021-11-11 10:37:16 - [MESSAGE][INFO] - Finding web element with id: 'Object Repository/Filtreler/Basliklar' located by 'By.cssSelector: .control-label.col-sm-4.paddingMarginRLC' in '10' second(s)

2021-11-11 10:37:16 - [MESSAGE][INFO] - Smart Wait Function is triggered

2021-11-11 10:37:16 - [MESSAGE][INFO] - Found 9 web elements with id: 'Object Repository/Filtreler/Basliklar' located by 'By.cssSelector: .control-label.col-sm-4.paddingMarginRLC' in '10' second(s)

2021-11-11 10:37:16 - [MESSAGE][INFO] - Smart Wait Function is triggered

2021-11-11 10:37:16 - [MESSAGE][PASSED] - Method.TextDegerineEsitElementinAltindakiTextboxtaYaz is PASSED

2021-11-11 10:37:16 - [MESSAGE][PASSED] - Call Test Case 'Test Cases/Filtreler/BitisYaz' successfully

2021-11-11 10:37:16 - [MESSAGE][INFO] - Checking called Test Case

2021-11-11 10:37:16 - [MESSAGE][INFO] - Starting to call Test Case 'Test Cases/Filtreler/ButonaTikla'

2021-11-11 10:37:16 - [TEST_CASE][PASSED] - Test Cases/Filtreler/ButonaTikla: Test Cases/Filtreler/ButonaTikla

2021-11-11 10:37:16 - [TEST_STEP][PASSED] - Method.TextDegerineEsitElementeTikla(findTestObject("Filtreler/Butonlar"), Filtre_Buton): Method.TextDegerineEsitElementeTikla is PASSED

2021-11-11 10:37:16 - [MESSAGE][INFO] - Finding Test Object 'Object Repository/Filtreler/Butonlar'

2021-11-11 10:37:16 - [MESSAGE][INFO] - Checking timeout

2021-11-11 10:37:16 - [MESSAGE][INFO] - Finding web element with id: 'Object Repository/Filtreler/Butonlar' located by 'By.cssSelector: .dxb>span' in '10' second(s)

2021-11-11 10:37:16 - [MESSAGE][INFO] - Smart Wait Function is triggered

2021-11-11 10:37:17 - [MESSAGE][INFO] - Found 3 web elements with id: 'Object Repository/Filtreler/Butonlar' located by 'By.cssSelector: .dxb>span' in '10' second(s)

2021-11-11 10:37:17 - [MESSAGE][PASSED] - Method.TextDegerineEsitElementeTikla is PASSED

2021-11-11 10:37:17 - [MESSAGE][PASSED] - Call Test Case 'Test Cases/Filtreler/ButonaTikla' successfully

2021-11-11 10:37:17 - [MESSAGE][INFO] - Checking called Test Case

2021-11-11 10:37:17 - [MESSAGE][INFO] - Starting to call Test Case 'Test Cases/Tablo/TablodaVeriVarMi'

2021-11-11 10:37:17 - [TEST_CASE][PASSED] - Test Cases/Tablo/TablodaVeriVarMi: Test Cases/Tablo/TablodaVeriVarMi

2021-11-11 10:37:17 - [TEST_STEP][PASSED] - verifyTextNotPresent("Görüntülenecek veri yok", true): Text 'Görüntülenecek veri yok' is not present on page using regular expression

2021-11-11 10:37:17 - [MESSAGE][INFO] - Checking text present  using regular expression

2021-11-11 10:37:17 - [MESSAGE][INFO] - Smart Wait Function is triggered

2021-11-11 10:37:18 - [MESSAGE][INFO] - Finding text 'Görüntülenecek veri yok' on page  using regular expression

2021-11-11 10:37:18 - [MESSAGE][PASSED] - Text 'Görüntülenecek veri yok' is not present on page using regular expression

2021-11-11 10:37:18 - [MESSAGE][PASSED] - Call Test Case 'Test Cases/Tablo/TablodaVeriVarMi' successfully

2021-11-11 10:37:18 - [MESSAGE][INFO] - Checking called Test Case

2021-11-11 10:37:18 - [MESSAGE][INFO] - Starting to call Test Case 'Test Cases/Tablo/TablodanVeriSec'

2021-11-11 10:37:18 - [TEST_CASE][PASSED] - Test Cases/Tablo/TablodanVeriSec: Test Cases/Tablo/TablodanVeriSec

2021-11-11 10:37:18 - [TEST_STEP][PASSED] - Method.TextDegerineEsitElementinAltindakineTikla(findTestObject("Tablo/Veriler"), findTestObject("Tablo/VerininCheckBoxi"), Veri_Adi): Method.TextDegerineEsitElementinAltindakineTikla is PASSED

2021-11-11 10:37:18 - [MESSAGE][INFO] - Finding Test Object 'Object Repository/Tablo/Veriler'

2021-11-11 10:37:18 - [MESSAGE][INFO] - Finding Test Object 'Object Repository/Tablo/VerininCheckBoxi'

2021-11-11 10:37:18 - [MESSAGE][INFO] - Checking timeout

2021-11-11 10:37:18 - [MESSAGE][INFO] - Finding web element with id: 'Object Repository/Tablo/Veriler' located by 'By.cssSelector: td.dxgv b ,td.dxgv' in '10' second(s)

2021-11-11 10:37:18 - [MESSAGE][INFO] - Smart Wait Function is triggered

2021-11-11 10:37:18 - [MESSAGE][INFO] - Found 33 web elements with id: 'Object Repository/Tablo/Veriler' located by 'By.cssSelector: td.dxgv b ,td.dxgv' in '10' second(s)

2021-11-11 10:37:18 - [MESSAGE][INFO] - Smart Wait Function is triggered

2021-11-11 10:37:19 - [MESSAGE][PASSED] - Method.TextDegerineEsitElementinAltindakineTikla is PASSED

2021-11-11 10:37:19 - [MESSAGE][PASSED] - Call Test Case 'Test Cases/Tablo/TablodanVeriSec' successfully

2021-11-11 10:37:19 - [MESSAGE][INFO] - Checking called Test Case

2021-11-11 10:37:19 - [MESSAGE][INFO] - Starting to call Test Case 'Test Cases/Butonlar/ButonaTikla'

2021-11-11 10:37:19 - [TEST_CASE][PASSED] - Test Cases/Butonlar/ButonaTikla: Test Cases/Butonlar/ButonaTikla

2021-11-11 10:37:19 - [TEST_STEP][PASSED] - Method.TextDegerineEsitElementeTiklaEquals(findTestObject("Butonlar/Butonlar"), Buton_Adi): Method.TextDegerineEsitElementeTiklaEquals is PASSED

2021-11-11 10:37:19 - [MESSAGE][INFO] - Finding Test Object 'Object Repository/Butonlar/Butonlar'

2021-11-11 10:37:19 - [MESSAGE][INFO] - Checking timeout

2021-11-11 10:37:19 - [MESSAGE][INFO] - Finding web element with id: 'Object Repository/Butonlar/Butonlar' located by 'By.cssSelector: .panel.panel-default.text-center.footerPanel .btn,.btn.btn-primary.btnControls' in '10' second(s)

2021-11-11 10:37:19 - [MESSAGE][INFO] - Smart Wait Function is triggered

2021-11-11 10:37:19 - [MESSAGE][INFO] - Found 4 web elements with id: 'Object Repository/Butonlar/Butonlar' located by 'By.cssSelector: .panel.panel-default.text-center.footerPanel .btn,.btn.btn-primary.btnControls' in '10' second(s)

2021-11-11 10:37:19 - [MESSAGE][PASSED] - Method.TextDegerineEsitElementeTiklaEquals is PASSED

2021-11-11 10:37:19 - [MESSAGE][PASSED] - Call Test Case 'Test Cases/Butonlar/ButonaTikla' successfully

2021-11-11 10:37:19 - [MESSAGE][INFO] - Checking called Test Case

2021-11-11 10:37:19 - [MESSAGE][INFO] - Starting to call Test Case 'Test Cases/Sekmeler/YeniSekmeyeGec'

2021-11-11 10:37:19 - [TEST_CASE][PASSED] - Test Cases/Sekmeler/YeniSekmeyeGec: Test Cases/Sekmeler/YeniSekmeyeGec

2021-11-11 10:37:19 - [TEST_STEP][PASSED] - switchToWindowIndex(1): Switched to window with index: '1'

2021-11-11 10:37:19 - [MESSAGE][INFO] - Checking index

2021-11-11 10:37:19 - [MESSAGE][INFO] - Switching window with index: '1'

2021-11-11 10:37:19 - [MESSAGE][PASSED] - Switched to window with index: '1'

2021-11-11 10:37:19 - [MESSAGE][PASSED] - Call Test Case 'Test Cases/Sekmeler/YeniSekmeyeGec' successfully

2021-11-11 10:37:19 - [MESSAGE][INFO] - Checking called Test Case

2021-11-11 10:37:19 - [MESSAGE][INFO] - Starting to call Test Case 'Test Cases/Popup/PopupAcildimi'

2021-11-11 10:37:20 - [TEST_CASE][PASSED] - Test Cases/Popup/PopupAcildimi: Test Cases/Popup/PopupAcildimi

2021-11-11 10:37:20 - [TEST_STEP][PASSED] - verifyElementText(findTestObject("Object Repository/Popup/PopupBaslik"), Name): Actual text and expected text of test object 'Object Repository/Popup/PopupBaslik' are matched.

2021-11-11 10:37:20 - [MESSAGE][INFO] - Finding Test Object 'Object Repository/Popup/PopupBaslik'

2021-11-11 10:37:20 - [MESSAGE][INFO] - Checking object

2021-11-11 10:37:20 - [MESSAGE][INFO] - Finding web element from Test Object's properties

2021-11-11 10:37:20 - [MESSAGE][INFO] - Checking timeout

2021-11-11 10:37:20 - [MESSAGE][INFO] - Finding web element with id: 'Object Repository/Popup/PopupBaslik' located by 'By.cssSelector: body h4' in '30' second(s)

2021-11-11 10:37:20 - [MESSAGE][INFO] - Smart Wait Function is triggered

2021-11-11 10:37:21 - [MESSAGE][INFO] - Found 1 web elements with id: 'Object Repository/Popup/PopupBaslik' located by 'By.cssSelector: body h4' in '30' second(s)

2021-11-11 10:37:21 - [MESSAGE][PASSED] - Actual text and expected text of test object 'Object Repository/Popup/PopupBaslik' are matched.

2021-11-11 10:37:21 - [MESSAGE][PASSED] - Call Test Case 'Test Cases/Popup/PopupAcildimi' successfully

2021-11-11 10:37:21 - [MESSAGE][INFO] - Checking called Test Case

2021-11-11 10:37:21 - [MESSAGE][INFO] - Starting to call Test Case 'Test Cases/Sekmeler/Ana_Sekmeye_Gec'

2021-11-11 10:37:21 - [TEST_CASE][PASSED] - Test Cases/Sekmeler/Ana_Sekmeye_Gec: Test Cases/Sekmeler/Ana_Sekmeye_Gec

2021-11-11 10:37:21 - [TEST_STEP][PASSED] - try: Window with index 1 is closed

2021-11-11 10:37:21 - [TEST_STEP][PASSED] - index = getWindowIndex(): Current window's index is: 1

2021-11-11 10:37:21 - [MESSAGE][INFO] - Getting current window's index

2021-11-11 10:37:21 - [MESSAGE][PASSED] - Current window's index is: 1

2021-11-11 10:37:21 - [TEST_STEP][PASSED] - closeWindowIndex(index): Window with index 1 is closed

2021-11-11 10:37:21 - [MESSAGE][INFO] - Checking index

2021-11-11 10:37:21 - [MESSAGE][INFO] - Closing window with index 1

2021-11-11 10:37:21 - [MESSAGE][PASSED] - Window with index 1 is closed

2021-11-11 10:37:21 - [TEST_STEP][PASSED] - switchToWindowIndex(0): Switched to window with index: '0'

2021-11-11 10:37:21 - [MESSAGE][INFO] - Checking index

2021-11-11 10:37:21 - [MESSAGE][INFO] - Switching window with index: '0'

2021-11-11 10:37:21 - [MESSAGE][PASSED] - Switched to window with index: '0'

2021-11-11 10:37:21 - [MESSAGE][PASSED] - Call Test Case 'Test Cases/Sekmeler/Ana_Sekmeye_Gec' successfully

2021-11-11 10:37:21 - [MESSAGE][INFO] - Checking called Test Case

2021-11-11 10:37:21 - [MESSAGE][INFO] - Starting to call Test Case 'Test Cases/Kullanici_Islemleri/KullaniciIslemlerindenSecimYapilir'

2021-11-11 10:37:21 - [TEST_CASE][PASSED] - Test Cases/Kullanici_Islemleri/KullaniciIslemlerindenSecimYapilir: Test Cases/Kullanici_Islemleri/KullaniciIslemlerindenSecimYapilir

2021-11-11 10:37:21 - [TEST_STEP][PASSED] - waitForElementClickable(findTestObject("Object Repository/Kullanici_Islemleri/KullaniciIslemleri"), 10): Object 'Object Repository/Kullanici_Islemleri/KullaniciIslemleri' is clickable

2021-11-11 10:37:21 - [MESSAGE][INFO] - Finding Test Object 'Object Repository/Kullanici_Islemleri/KullaniciIslemleri'

2021-11-11 10:37:21 - [MESSAGE][INFO] - Checking object

2021-11-11 10:37:21 - [MESSAGE][INFO] - Checking timeout

2021-11-11 10:37:21 - [MESSAGE][INFO] - Finding web element from Test Object's properties

2021-11-11 10:37:21 - [MESSAGE][INFO] - Checking timeout

2021-11-11 10:37:21 - [MESSAGE][INFO] - Finding web element with id: 'Object Repository/Kullanici_Islemleri/KullaniciIslemleri' located by 'By.cssSelector: .dropdown>a>img' in '10' second(s)

2021-11-11 10:37:21 - [MESSAGE][INFO] - Smart Wait Function is triggered

2021-11-11 10:37:21 - [MESSAGE][INFO] - Found 1 web elements with id: 'Object Repository/Kullanici_Islemleri/KullaniciIslemleri' located by 'By.cssSelector: .dropdown>a>img' in '10' second(s)

2021-11-11 10:37:21 - [MESSAGE][PASSED] - Object 'Object Repository/Kullanici_Islemleri/KullaniciIslemleri' is clickable

2021-11-11 10:37:21 - [TEST_STEP][PASSED] - click(findTestObject("Object Repository/Kullanici_Islemleri/KullaniciIslemleri")): Object: 'Object Repository/Kullanici_Islemleri/KullaniciIslemleri' is clicked on

2021-11-11 10:37:21 - [MESSAGE][INFO] - Finding Test Object 'Object Repository/Kullanici_Islemleri/KullaniciIslemleri'

2021-11-11 10:37:21 - [MESSAGE][INFO] - Checking object

2021-11-11 10:37:21 - [MESSAGE][INFO] - Finding web element from Test Object's properties

2021-11-11 10:37:21 - [MESSAGE][INFO] - Checking timeout

2021-11-11 10:37:21 - [MESSAGE][INFO] - Finding web element with id: 'Object Repository/Kullanici_Islemleri/KullaniciIslemleri' located by 'By.cssSelector: .dropdown>a>img' in '30' second(s)

2021-11-11 10:37:21 - [MESSAGE][INFO] - Smart Wait Function is triggered

2021-11-11 10:37:21 - [MESSAGE][INFO] - Found 1 web elements with id: 'Object Repository/Kullanici_Islemleri/KullaniciIslemleri' located by 'By.cssSelector: .dropdown>a>img' in '30' second(s)

2021-11-11 10:37:21 - [MESSAGE][INFO] - Clicking on object: 'Object Repository/Kullanici_Islemleri/KullaniciIslemleri'

2021-11-11 10:37:22 - [MESSAGE][PASSED] - Object: 'Object Repository/Kullanici_Islemleri/KullaniciIslemleri' is clicked on

2021-11-11 10:37:22 - [TEST_STEP][PASSED] - Method.TextDegerineEsitElementeTikla(findTestObject("Object Repository/Kullanici_Islemleri/Secenekler"), Islem): Method.TextDegerineEsitElementeTikla is PASSED

2021-11-11 10:37:22 - [MESSAGE][INFO] - Finding Test Object 'Object Repository/Kullanici_Islemleri/Secenekler'

2021-11-11 10:37:22 - [MESSAGE][INFO] - Checking timeout

2021-11-11 10:37:22 - [MESSAGE][INFO] - Finding web element with id: 'Object Repository/Kullanici_Islemleri/Secenekler' located by 'By.cssSelector: .nav.navbar-nav.navbar-right li a' in '10' second(s)

2021-11-11 10:37:22 - [MESSAGE][INFO] - Smart Wait Function is triggered

2021-11-11 10:37:22 - [MESSAGE][INFO] - Found 22 web elements with id: 'Object Repository/Kullanici_Islemleri/Secenekler' located by 'By.cssSelector: .nav.navbar-nav.navbar-right li a' in '10' second(s)

2021-11-11 10:37:23 - [MESSAGE][PASSED] - Method.TextDegerineEsitElementeTikla is PASSED

2021-11-11 10:37:23 - [TEST_STEP][PASSED] - verifyElementNotPresent(findTestObject("Object Repository/Kullanici_Islemleri/Secenekler"), 10): Web element with id: 'Object Repository/Kullanici_Islemleri/Secenekler' located by 'By.cssSelector: .nav.navbar-nav.navbar-right li a' is not present after '10' second(s)

2021-11-11 10:37:23 - [MESSAGE][INFO] - Finding Test Object 'Object Repository/Kullanici_Islemleri/Secenekler'

2021-11-11 10:37:23 - [MESSAGE][INFO] - Checking object

2021-11-11 10:37:23 - [MESSAGE][INFO] - Checking timeout

2021-11-11 10:37:23 - [MESSAGE][INFO] - Finding web element with id: 'Object Repository/Kullanici_Islemleri/Secenekler' located by 'By.cssSelector: .nav.navbar-nav.navbar-right li a' in '10' second(s)

2021-11-11 10:37:23 - [MESSAGE][INFO] - Smart Wait Function is triggered

2021-11-11 10:37:24 - [MESSAGE][PASSED] - Web element with id: 'Object Repository/Kullanici_Islemleri/Secenekler' located by 'By.cssSelector: .nav.navbar-nav.navbar-right li a' is not present after '10' second(s)

2021-11-11 10:37:24 - [MESSAGE][PASSED] - Call Test Case 'Test Cases/Kullanici_Islemleri/KullaniciIslemlerindenSecimYapilir' successfully

2021-11-11 10:37:24 - [TEST_CASE][PASSED] - Start Test Case : SCENARIO OCK Mali Raporlari Rapor: SCENARIO OCK Mali Raporlari Rapor

2021-11-11 10:37:24 - [TEST_STEP][PASSED] - Kullanıcı adı ELOGO6 ve Şifre 123456 olarak giriş yapılır: Kullanıcı adı ELOGO6 ve Şifre 123456 olarak giriş yapılır

2021-11-11 10:37:24 - [MESSAGE][PASSED] - Kullanıcı adı ELOGO6 ve Şifre 123456 olarak giriş yapılır

2021-11-11 10:37:24 - [TEST_STEP][PASSED] - Ana menüden ÖKC İşlemleri seçilir: Ana menüden ÖKC İşlemleri seçilir

2021-11-11 10:37:24 - [MESSAGE][PASSED] - Ana menüden ÖKC İşlemleri seçilir

2021-11-11 10:37:24 - [TEST_STEP][PASSED] - Alt menüden ÖKC Mali Raporlar seçilir: Alt menüden ÖKC Mali Raporlar seçilir

2021-11-11 10:37:24 - [MESSAGE][PASSED] - Alt menüden ÖKC Mali Raporlar seçilir

2021-11-11 10:37:24 - [TEST_STEP][PASSED] - Filtrelerden Dönem filtresine 2021 Ocak dropdowndan degeri seçilir: Filtrelerden Dönem filtresine 2021 Ocak dropdowndan degeri seçilir

2021-11-11 10:37:24 - [MESSAGE][PASSED] - Filtrelerden Dönem filtresine 2021 Ocak dropdowndan degeri seçilir

2021-11-11 10:37:24 - [TEST_STEP][PASSED] - Filtrelerden Oluşturma Tarihi filtresine 01.01.2021 baslangic degerini yaz: Filtrelerden Oluşturma Tarihi filtresine 01.01.2021 baslangic degerini yaz

2021-11-11 10:37:24 - [MESSAGE][PASSED] - Filtrelerden Oluşturma Tarihi filtresine 01.01.2021 baslangic degerini yaz

2021-11-11 10:37:24 - [TEST_STEP][PASSED] - Filtrelerden Oluşturma Tarihi filtresine 11.01.2021 bitis degerini yaz: Filtrelerden Oluşturma Tarihi filtresine 11.01.2021 bitis degerini yaz

2021-11-11 10:37:24 - [MESSAGE][PASSED] - Filtrelerden Oluşturma Tarihi filtresine 11.01.2021 bitis degerini yaz

2021-11-11 10:37:24 - [TEST_STEP][PASSED] - Filtre butonlarından Listele seçilir: Filtre butonlarından Listele seçilir

2021-11-11 10:37:24 - [MESSAGE][PASSED] - Filtre butonlarından Listele seçilir

2021-11-11 10:37:24 - [TEST_STEP][PASSED] - Tabloda veri var mı kontrol edilir: Tabloda veri var mı kontrol edilir

2021-11-11 10:37:24 - [MESSAGE][PASSED] - Tabloda veri var mı kontrol edilir

2021-11-11 10:37:24 - [TEST_STEP][PASSED] - Tablodan 179 isimli veri seçilir: Tablodan 179 isimli veri seçilir

2021-11-11 10:37:24 - [MESSAGE][PASSED] - Tablodan 179 isimli veri seçilir

2021-11-11 10:37:24 - [TEST_STEP][PASSED] - Butonlardan Rapor isimli butona tıklanır: Butonlardan Rapor isimli butona tıklanır

2021-11-11 10:37:24 - [MESSAGE][PASSED] - Butonlardan Rapor isimli butona tıklanır

2021-11-11 10:37:24 - [TEST_STEP][PASSED] - Yeni açılan sekmeye geçilir: Yeni açılan sekmeye geçilir

2021-11-11 10:37:24 - [MESSAGE][PASSED] - Yeni açılan sekmeye geçilir

2021-11-11 10:37:24 - [TEST_STEP][PASSED] - Yeni Nesil ÖKC Mali Rapor popupı açıldı mı: Yeni Nesil ÖKC Mali Rapor popupı açıldı mı

2021-11-11 10:37:24 - [MESSAGE][PASSED] - Yeni Nesil ÖKC Mali Rapor popupı açıldı mı

2021-11-11 10:37:24 - [TEST_STEP][PASSED] - Ana sekmeye geçilir: Ana sekmeye geçilir

2021-11-11 10:37:24 - [MESSAGE][PASSED] - Ana sekmeye geçilir

2021-11-11 10:37:24 - [TEST_STEP][PASSED] - Kullanıcı işlemlerinden Çıkış seçilir: Kullanıcı işlemlerinden Çıkış seçilir

2021-11-11 10:37:24 - [MESSAGE][PASSED] - Kullanıcı işlemlerinden Çıkış seçilir

2021-11-11 10:37:24 - [MESSAGE][PASSED] - Feature file: 'Include/features/OKC Islemleri/OKC Mali Raporlari/Rapor.feature' was passed

2021-11-11 10:37:24 - [TEST_STEP][PASSED] - Start listener action : sampleAfterTestSuite: Invoke 'com.kms.katalon.core.annotation.AfterTestCase' method: 'Listener.sampleAfterTestSuite(...)' completed.

2021-11-11 10:37:24 - [MESSAGE][INFO] - Starting invoke 'com.kms.katalon.core.annotation.AfterTestCase' method: 'Listener.sampleAfterTestSuite(...)'

2021-11-11 10:37:24 - [TEST_STEP][PASSED] - closeBrowser(): Invoke 'com.kms.katalon.core.annotation.AfterTestCase' method: 'Listener.sampleAfterTestSuite(...)' completed.

2021-11-11 10:37:24 - [MESSAGE][INFO] - Closing browser

2021-11-11 10:37:25 - [MESSAGE][PASSED] - Browser is closed

2021-11-11 10:37:25 - [MESSAGE][INFO] - Invoke 'com.kms.katalon.core.annotation.AfterTestCase' method: 'Listener.sampleAfterTestSuite(...)' completed.]]></system-out>
         <system-err><![CDATA[]]></system-err>
      </testcase>
      <testcase name="Test Cases/Case Repository/OKC Islemleri/OKC Mali Raporlar/XML" time="35.36" classname="Test Cases/Case Repository/OKC Islemleri/OKC Mali Raporlar/XML" status="PASSED">
         <system-out><![CDATA[2021-11-11 10:37:25 - [TEST_CASE][PASSED] - Test Cases/Case Repository/OKC Islemleri/OKC Mali Raporlar/XML: Test Cases/Case Repository/OKC Islemleri/OKC Mali Raporlar/XML

2021-11-11 10:37:25 - [TEST_STEP][PASSED] - Start listener action : sampleBeforeTestSuite: Invoke 'com.kms.katalon.core.annotation.BeforeTestCase' method: 'Listener.sampleBeforeTestSuite(...)' completed.

2021-11-11 10:37:25 - [MESSAGE][INFO] - Starting invoke 'com.kms.katalon.core.annotation.BeforeTestCase' method: 'Listener.sampleBeforeTestSuite(...)'

2021-11-11 10:37:25 - [TEST_STEP][PASSED] - openBrowser(baseUrl): Browser is opened with url: 'https://efatura-stage.elogo.com.tr/'

2021-11-11 10:37:25 - [MESSAGE][INFO] - Opening browser

2021-11-11 10:37:25 - [MESSAGE][INFO] - Starting 'Chrome' driver

2021-11-11 10:37:25 - [MESSAGE][INFO] - User set preference: ['prefs', '{download.default_directory=C:\otomasyondownfiles}']

2021-11-11 10:37:25 - [MESSAGE][INFO] - Action delay is set to 0 milliseconds

2021-11-11 10:37:26 - [MESSAGE][INFO] - Navigating browser to: 'https://efatura-stage.elogo.com.tr/'

2021-11-11 10:37:29 - [MESSAGE][PASSED] - Browser is opened with url: 'https://efatura-stage.elogo.com.tr/'

2021-11-11 10:37:29 - [TEST_STEP][PASSED] - maximizeWindow(): Invoke 'com.kms.katalon.core.annotation.BeforeTestCase' method: 'Listener.sampleBeforeTestSuite(...)' completed.

2021-11-11 10:37:29 - [MESSAGE][INFO] - Maximizing current window

2021-11-11 10:37:29 - [MESSAGE][PASSED] - Current window maximized

2021-11-11 10:37:29 - [MESSAGE][INFO] - Invoke 'com.kms.katalon.core.annotation.BeforeTestCase' method: 'Listener.sampleBeforeTestSuite(...)' completed.

2021-11-11 10:37:30 - [TEST_STEP][PASSED] - runFeatureFile("Include/features/OKC Islemleri/OKC Mali Raporlari/XML.feature"): Feature file: 'Include/features/OKC Islemleri/OKC Mali Raporlari/XML.feature' was passed

2021-11-11 10:37:30 - [MESSAGE][INFO] - Starting run keyword runFeatureFile: 'Include/features/OKC Islemleri/OKC Mali Raporlari/XML.feature' and extract report to folder: 'C:\Users\DELL\Documents\GitHub\EES_KatalonLogo\Reports\20211111_100022\Suite Repository\Okc_Islemleri\20211111_100122/cucumber_report/1636616250102'...

2021-11-11 10:37:30 - [MESSAGE][INFO] - Glue: []

2021-11-11 10:37:31 - [MESSAGE][INFO] - Checking called Test Case

2021-11-11 10:37:31 - [MESSAGE][INFO] - Starting to call Test Case 'Test Cases/Sayfalar/Giris_Sayfasi/Login'

2021-11-11 10:37:31 - [TEST_CASE][PASSED] - Test Cases/Sayfalar/Giris_Sayfasi/Login: Test Cases/Sayfalar/Giris_Sayfasi/Login

2021-11-11 10:37:31 - [TEST_STEP][PASSED] - Sayfa_Basligi = getWindowTitle(): Current window's title is: 'LOGO e-Fatura'

2021-11-11 10:37:31 - [MESSAGE][INFO] - Getting current window's title

2021-11-11 10:37:31 - [MESSAGE][PASSED] - Current window's title is: 'LOGO e-Fatura'

2021-11-11 10:37:31 - [TEST_STEP][PASSED] - verifyMatch(Sayfa_Basligi, "LOGO e-Fatura", false): Actual text 'LOGO e-Fatura' and expected text 'LOGO e-Fatura' are matched 

2021-11-11 10:37:31 - [MESSAGE][INFO] - Matching actual text 'LOGO e-Fatura' with expected text 'LOGO e-Fatura'

2021-11-11 10:37:31 - [MESSAGE][PASSED] - Actual text 'LOGO e-Fatura' and expected text 'LOGO e-Fatura' are matched 

2021-11-11 10:37:31 - [TEST_STEP][PASSED] - sendKeys(findTestObject("Sayfalar/Giris_Sayfasi/Firma_Kodu"), KullaniciAdi): Keys 'ELOGO6' sent to object: 'Object Repository/Sayfalar/Giris_Sayfasi/Firma_Kodu'

2021-11-11 10:37:31 - [MESSAGE][INFO] - Finding Test Object 'Object Repository/Sayfalar/Giris_Sayfasi/Firma_Kodu'

2021-11-11 10:37:31 - [MESSAGE][INFO] - Sending keys 'ELOGO6' to object: 'Object Repository/Sayfalar/Giris_Sayfasi/Firma_Kodu'

2021-11-11 10:37:31 - [MESSAGE][INFO] - Finding web element from Test Object's properties

2021-11-11 10:37:31 - [MESSAGE][INFO] - Checking timeout

2021-11-11 10:37:31 - [MESSAGE][INFO] - Finding web element with id: 'Object Repository/Sayfalar/Giris_Sayfasi/Firma_Kodu' located by 'By.xpath: //*[@id = 'AccountName']' in '30' second(s)

2021-11-11 10:37:31 - [MESSAGE][INFO] - Smart Wait Function is triggered

2021-11-11 10:37:31 - [MESSAGE][INFO] - Found 1 web elements with id: 'Object Repository/Sayfalar/Giris_Sayfasi/Firma_Kodu' located by 'By.xpath: //*[@id = 'AccountName']' in '30' second(s)

2021-11-11 10:37:31 - [MESSAGE][PASSED] - Keys 'ELOGO6' sent to object: 'Object Repository/Sayfalar/Giris_Sayfasi/Firma_Kodu'

2021-11-11 10:37:31 - [TEST_STEP][PASSED] - sendKeys(findTestObject("Sayfalar/Giris_Sayfasi/Sifre"), Sifre): Keys '123456' sent to object: 'Object Repository/Sayfalar/Giris_Sayfasi/Sifre'

2021-11-11 10:37:31 - [MESSAGE][INFO] - Finding Test Object 'Object Repository/Sayfalar/Giris_Sayfasi/Sifre'

2021-11-11 10:37:31 - [MESSAGE][INFO] - Sending keys '123456' to object: 'Object Repository/Sayfalar/Giris_Sayfasi/Sifre'

2021-11-11 10:37:31 - [MESSAGE][INFO] - Finding web element from Test Object's properties

2021-11-11 10:37:31 - [MESSAGE][INFO] - Checking timeout

2021-11-11 10:37:31 - [MESSAGE][INFO] - Finding web element with id: 'Object Repository/Sayfalar/Giris_Sayfasi/Sifre' located by 'By.xpath: //*[@id = 'Password']' in '30' second(s)

2021-11-11 10:37:31 - [MESSAGE][INFO] - Smart Wait Function is triggered

2021-11-11 10:37:32 - [MESSAGE][INFO] - Found 1 web elements with id: 'Object Repository/Sayfalar/Giris_Sayfasi/Sifre' located by 'By.xpath: //*[@id = 'Password']' in '30' second(s)

2021-11-11 10:37:32 - [MESSAGE][PASSED] - Keys '123456' sent to object: 'Object Repository/Sayfalar/Giris_Sayfasi/Sifre'

2021-11-11 10:37:32 - [TEST_STEP][PASSED] - findWebElement(findTestObject("Sayfalar/Giris_Sayfasi/Giris_Butonu")).click(): Found 1 web elements with id: 'Object Repository/Sayfalar/Giris_Sayfasi/Giris_Butonu' located by 'By.cssSelector: #btnLogin' in '30' second(s)

2021-11-11 10:37:32 - [MESSAGE][INFO] - Finding Test Object 'Object Repository/Sayfalar/Giris_Sayfasi/Giris_Butonu'

2021-11-11 10:37:32 - [MESSAGE][INFO] - Finding web element from Test Object's properties

2021-11-11 10:37:32 - [MESSAGE][INFO] - Checking timeout

2021-11-11 10:37:32 - [MESSAGE][INFO] - Finding web element with id: 'Object Repository/Sayfalar/Giris_Sayfasi/Giris_Butonu' located by 'By.cssSelector: #btnLogin' in '30' second(s)

2021-11-11 10:37:32 - [MESSAGE][INFO] - Smart Wait Function is triggered

2021-11-11 10:37:32 - [MESSAGE][INFO] - Found 1 web elements with id: 'Object Repository/Sayfalar/Giris_Sayfasi/Giris_Butonu' located by 'By.cssSelector: #btnLogin' in '30' second(s)

2021-11-11 10:37:35 - [TEST_STEP][PASSED] - if (verifyElementPresent(findTestObject("Object Repository/Sayfalar/Giris_Sayfasi/RetveTamam_Butonu"), 5, OPTIONAL)): null

2021-11-11 10:37:35 - [MESSAGE][INFO] - Finding Test Object 'Object Repository/Sayfalar/Giris_Sayfasi/RetveTamam_Butonu'

2021-11-11 10:37:35 - [MESSAGE][INFO] - Checking object

2021-11-11 10:37:35 - [MESSAGE][INFO] - Finding web element from Test Object's properties

2021-11-11 10:37:35 - [MESSAGE][INFO] - Checking timeout

2021-11-11 10:37:35 - [MESSAGE][INFO] - Finding web element with id: 'Object Repository/Sayfalar/Giris_Sayfasi/RetveTamam_Butonu' located by 'By.xpath: //*[@class = 'btn btn-default']' in '5' second(s)

2021-11-11 10:37:35 - [MESSAGE][INFO] - Smart Wait Function is triggered

2021-11-11 10:37:35 - [MESSAGE][INFO] - Found 1 web elements with id: 'Object Repository/Sayfalar/Giris_Sayfasi/RetveTamam_Butonu' located by 'By.xpath: //*[@class = 'btn btn-default']' in '5' second(s)

2021-11-11 10:37:35 - [MESSAGE][PASSED] - Object 'Object Repository/Sayfalar/Giris_Sayfasi/RetveTamam_Butonu' is present

2021-11-11 10:37:35 - [TEST_STEP][PASSED] - click(findTestObject("Object Repository/Sayfalar/Giris_Sayfasi/RetveTamam_Butonu")): Object: 'Object Repository/Sayfalar/Giris_Sayfasi/RetveTamam_Butonu' is clicked on

2021-11-11 10:37:35 - [MESSAGE][INFO] - Finding Test Object 'Object Repository/Sayfalar/Giris_Sayfasi/RetveTamam_Butonu'

2021-11-11 10:37:35 - [MESSAGE][INFO] - Checking object

2021-11-11 10:37:35 - [MESSAGE][INFO] - Finding web element from Test Object's properties

2021-11-11 10:37:35 - [MESSAGE][INFO] - Checking timeout

2021-11-11 10:37:35 - [MESSAGE][INFO] - Finding web element with id: 'Object Repository/Sayfalar/Giris_Sayfasi/RetveTamam_Butonu' located by 'By.xpath: //*[@class = 'btn btn-default']' in '30' second(s)

2021-11-11 10:37:35 - [MESSAGE][INFO] - Smart Wait Function is triggered

2021-11-11 10:37:35 - [MESSAGE][INFO] - Found 1 web elements with id: 'Object Repository/Sayfalar/Giris_Sayfasi/RetveTamam_Butonu' located by 'By.xpath: //*[@class = 'btn btn-default']' in '30' second(s)

2021-11-11 10:37:35 - [MESSAGE][INFO] - Clicking on object: 'Object Repository/Sayfalar/Giris_Sayfasi/RetveTamam_Butonu'

2021-11-11 10:37:36 - [MESSAGE][PASSED] - Object: 'Object Repository/Sayfalar/Giris_Sayfasi/RetveTamam_Butonu' is clicked on

2021-11-11 10:37:36 - [TEST_STEP][PASSED] - click(findTestObject("Object Repository/Sayfalar/Giris_Sayfasi/RetveTamam_Butonu")): Object: 'Object Repository/Sayfalar/Giris_Sayfasi/RetveTamam_Butonu' is clicked on

2021-11-11 10:37:36 - [MESSAGE][INFO] - Finding Test Object 'Object Repository/Sayfalar/Giris_Sayfasi/RetveTamam_Butonu'

2021-11-11 10:37:36 - [MESSAGE][INFO] - Checking object

2021-11-11 10:37:36 - [MESSAGE][INFO] - Finding web element from Test Object's properties

2021-11-11 10:37:36 - [MESSAGE][INFO] - Checking timeout

2021-11-11 10:37:36 - [MESSAGE][INFO] - Finding web element with id: 'Object Repository/Sayfalar/Giris_Sayfasi/RetveTamam_Butonu' located by 'By.xpath: //*[@class = 'btn btn-default']' in '30' second(s)

2021-11-11 10:37:36 - [MESSAGE][INFO] - Smart Wait Function is triggered

2021-11-11 10:37:41 - [MESSAGE][INFO] - Found 1 web elements with id: 'Object Repository/Sayfalar/Giris_Sayfasi/RetveTamam_Butonu' located by 'By.xpath: //*[@class = 'btn btn-default']' in '30' second(s)

2021-11-11 10:37:41 - [MESSAGE][INFO] - Clicking on object: 'Object Repository/Sayfalar/Giris_Sayfasi/RetveTamam_Butonu'

2021-11-11 10:37:41 - [MESSAGE][PASSED] - Object: 'Object Repository/Sayfalar/Giris_Sayfasi/RetveTamam_Butonu' is clicked on

2021-11-11 10:37:41 - [TEST_STEP][PASSED] - if (verifyElementPresent(findTestObject("Sayfalar/Giris_Sayfasi/PopupOK"), 5, OPTIONAL)): null

2021-11-11 10:37:41 - [MESSAGE][INFO] - Finding Test Object 'Object Repository/Sayfalar/Giris_Sayfasi/PopupOK'

2021-11-11 10:37:41 - [MESSAGE][INFO] - Checking object

2021-11-11 10:37:41 - [MESSAGE][INFO] - Finding web element from Test Object's properties

2021-11-11 10:37:41 - [MESSAGE][INFO] - Checking timeout

2021-11-11 10:37:41 - [MESSAGE][INFO] - Finding web element with id: 'Object Repository/Sayfalar/Giris_Sayfasi/PopupOK' located by 'By.cssSelector: .btn.btn-success' in '5' second(s)

2021-11-11 10:37:41 - [MESSAGE][INFO] - Smart Wait Function is triggered

2021-11-11 10:37:41 - [MESSAGE][INFO] - Found 1 web elements with id: 'Object Repository/Sayfalar/Giris_Sayfasi/PopupOK' located by 'By.cssSelector: .btn.btn-success' in '5' second(s)

2021-11-11 10:37:41 - [MESSAGE][PASSED] - Object 'Object Repository/Sayfalar/Giris_Sayfasi/PopupOK' is present

2021-11-11 10:37:41 - [TEST_STEP][PASSED] - click(findTestObject("Object Repository/Sayfalar/Giris_Sayfasi/PopupCarpiGiris")): Object: 'Object Repository/Sayfalar/Giris_Sayfasi/PopupCarpiGiris' is clicked on

2021-11-11 10:37:41 - [MESSAGE][INFO] - Finding Test Object 'Object Repository/Sayfalar/Giris_Sayfasi/PopupCarpiGiris'

2021-11-11 10:37:42 - [MESSAGE][INFO] - Checking object

2021-11-11 10:37:42 - [MESSAGE][INFO] - Finding web element from Test Object's properties

2021-11-11 10:37:42 - [MESSAGE][INFO] - Checking timeout

2021-11-11 10:37:42 - [MESSAGE][INFO] - Finding web element with id: 'Object Repository/Sayfalar/Giris_Sayfasi/PopupCarpiGiris' located by 'By.cssSelector: .bootbox-close-button.close' in '30' second(s)

2021-11-11 10:37:42 - [MESSAGE][INFO] - Smart Wait Function is triggered

2021-11-11 10:37:42 - [MESSAGE][INFO] - Found 1 web elements with id: 'Object Repository/Sayfalar/Giris_Sayfasi/PopupCarpiGiris' located by 'By.cssSelector: .bootbox-close-button.close' in '30' second(s)

2021-11-11 10:37:42 - [MESSAGE][INFO] - Clicking on object: 'Object Repository/Sayfalar/Giris_Sayfasi/PopupCarpiGiris'

2021-11-11 10:37:42 - [MESSAGE][PASSED] - Object: 'Object Repository/Sayfalar/Giris_Sayfasi/PopupCarpiGiris' is clicked on

2021-11-11 10:37:42 - [TEST_STEP][PASSED] - verifyElementVisible(findTestObject("Object Repository/Kullanici_Islemleri/KullaniciIslemleri")): Object 'Object Repository/Kullanici_Islemleri/KullaniciIslemleri' is visible

2021-11-11 10:37:42 - [MESSAGE][INFO] - Finding Test Object 'Object Repository/Kullanici_Islemleri/KullaniciIslemleri'

2021-11-11 10:37:42 - [MESSAGE][INFO] - Checking object

2021-11-11 10:37:42 - [MESSAGE][INFO] - Finding web element from Test Object's properties

2021-11-11 10:37:42 - [MESSAGE][INFO] - Checking timeout

2021-11-11 10:37:42 - [MESSAGE][INFO] - Finding web element with id: 'Object Repository/Kullanici_Islemleri/KullaniciIslemleri' located by 'By.cssSelector: .dropdown>a>img' in '30' second(s)

2021-11-11 10:37:42 - [MESSAGE][INFO] - Smart Wait Function is triggered

2021-11-11 10:37:43 - [MESSAGE][INFO] - Found 1 web elements with id: 'Object Repository/Kullanici_Islemleri/KullaniciIslemleri' located by 'By.cssSelector: .dropdown>a>img' in '30' second(s)

2021-11-11 10:37:43 - [MESSAGE][PASSED] - Object 'Object Repository/Kullanici_Islemleri/KullaniciIslemleri' is visible

2021-11-11 10:37:43 - [MESSAGE][PASSED] - Call Test Case 'Test Cases/Sayfalar/Giris_Sayfasi/Login' successfully

2021-11-11 10:37:43 - [MESSAGE][INFO] - Checking called Test Case

2021-11-11 10:37:43 - [MESSAGE][INFO] - Starting to call Test Case 'Test Cases/Menu/AnaMenuSecimi'

2021-11-11 10:37:43 - [TEST_CASE][PASSED] - Test Cases/Menu/AnaMenuSecimi: Test Cases/Menu/AnaMenuSecimi

2021-11-11 10:37:43 - [TEST_STEP][PASSED] - Method.TextDegerineEsitElementeTikla(findTestObject("Menu/Ana_Menu"), Ana_Menu): Method.TextDegerineEsitElementeTikla is PASSED

2021-11-11 10:37:43 - [MESSAGE][INFO] - Finding Test Object 'Object Repository/Menu/Ana_Menu'

2021-11-11 10:37:43 - [MESSAGE][INFO] - Checking timeout

2021-11-11 10:37:43 - [MESSAGE][INFO] - Finding web element with id: 'Object Repository/Menu/Ana_Menu' located by 'By.xpath: //*[@class = 'dropdown-toggle']' in '10' second(s)

2021-11-11 10:37:43 - [MESSAGE][INFO] - Smart Wait Function is triggered

2021-11-11 10:37:43 - [MESSAGE][INFO] - Found 14 web elements with id: 'Object Repository/Menu/Ana_Menu' located by 'By.xpath: //*[@class = 'dropdown-toggle']' in '10' second(s)

2021-11-11 10:37:44 - [MESSAGE][PASSED] - Method.TextDegerineEsitElementeTikla is PASSED

2021-11-11 10:37:44 - [MESSAGE][PASSED] - Call Test Case 'Test Cases/Menu/AnaMenuSecimi' successfully

2021-11-11 10:37:44 - [MESSAGE][INFO] - Checking called Test Case

2021-11-11 10:37:44 - [MESSAGE][INFO] - Starting to call Test Case 'Test Cases/Menu/AltMenuSecimi'

2021-11-11 10:37:44 - [TEST_CASE][PASSED] - Test Cases/Menu/AltMenuSecimi: Test Cases/Menu/AltMenuSecimi

2021-11-11 10:37:44 - [TEST_STEP][PASSED] - Method.TextDegerineEsitElementeTikla(findTestObject("Menu/Alt_Menu"), Alt_Menu): Method.TextDegerineEsitElementeTikla is PASSED

2021-11-11 10:37:44 - [MESSAGE][INFO] - Finding Test Object 'Object Repository/Menu/Alt_Menu'

2021-11-11 10:37:44 - [MESSAGE][INFO] - Checking timeout

2021-11-11 10:37:44 - [MESSAGE][INFO] - Finding web element with id: 'Object Repository/Menu/Alt_Menu' located by 'By.xpath: //li[@class='dropdown dropdown-large open']//li[@class='dropdown-element']' in '10' second(s)

2021-11-11 10:37:44 - [MESSAGE][INFO] - Smart Wait Function is triggered

2021-11-11 10:37:44 - [MESSAGE][INFO] - Found 1 web elements with id: 'Object Repository/Menu/Alt_Menu' located by 'By.xpath: //li[@class='dropdown dropdown-large open']//li[@class='dropdown-element']' in '10' second(s)

2021-11-11 10:37:46 - [MESSAGE][PASSED] - Method.TextDegerineEsitElementeTikla is PASSED

2021-11-11 10:37:46 - [MESSAGE][PASSED] - Call Test Case 'Test Cases/Menu/AltMenuSecimi' successfully

2021-11-11 10:37:46 - [MESSAGE][INFO] - Checking called Test Case

2021-11-11 10:37:46 - [MESSAGE][INFO] - Starting to call Test Case 'Test Cases/Filtreler/DropdownSec'

2021-11-11 10:37:46 - [TEST_CASE][PASSED] - Test Cases/Filtreler/DropdownSec: Test Cases/Filtreler/DropdownSec

2021-11-11 10:37:46 - [TEST_STEP][PASSED] - Method.TextDegerineEsitElementinAltindakineTikla(findTestObject("Filtreler/Basliklar"), findTestObject("Filtreler/Basliga_Gore_Baslangic_Image"), Filtre_Adi): Method.TextDegerineEsitElementinAltindakineTikla is PASSED

2021-11-11 10:37:46 - [MESSAGE][INFO] - Finding Test Object 'Object Repository/Filtreler/Basliklar'

2021-11-11 10:37:46 - [MESSAGE][INFO] - Finding Test Object 'Object Repository/Filtreler/Basliga_Gore_Baslangic_Image'

2021-11-11 10:37:46 - [MESSAGE][INFO] - Checking timeout

2021-11-11 10:37:46 - [MESSAGE][INFO] - Finding web element with id: 'Object Repository/Filtreler/Basliklar' located by 'By.cssSelector: .control-label.col-sm-4.paddingMarginRLC' in '10' second(s)

2021-11-11 10:37:46 - [MESSAGE][INFO] - Smart Wait Function is triggered

2021-11-11 10:37:47 - [MESSAGE][INFO] - Found 9 web elements with id: 'Object Repository/Filtreler/Basliklar' located by 'By.cssSelector: .control-label.col-sm-4.paddingMarginRLC' in '10' second(s)

2021-11-11 10:37:47 - [MESSAGE][INFO] - Smart Wait Function is triggered

2021-11-11 10:37:47 - [MESSAGE][PASSED] - Method.TextDegerineEsitElementinAltindakineTikla is PASSED

2021-11-11 10:37:47 - [TEST_STEP][PASSED] - Method.TextDegerineEsitElementeTikla(findTestObject("Object Repository/Filtreler/Basliga_Gore_Dropdown"), Filtre_Degeri): Method.TextDegerineEsitElementeTikla is PASSED

2021-11-11 10:37:47 - [MESSAGE][INFO] - Finding Test Object 'Object Repository/Filtreler/Basliga_Gore_Dropdown'

2021-11-11 10:37:47 - [MESSAGE][INFO] - Checking timeout

2021-11-11 10:37:47 - [MESSAGE][INFO] - Finding web element with id: 'Object Repository/Filtreler/Basliga_Gore_Dropdown' located by 'By.xpath: //*[@class = 'dxeListBoxItemRow_LECustomTheme']' in '10' second(s)

2021-11-11 10:37:47 - [MESSAGE][INFO] - Smart Wait Function is triggered

2021-11-11 10:37:47 - [MESSAGE][INFO] - Found 54 web elements with id: 'Object Repository/Filtreler/Basliga_Gore_Dropdown' located by 'By.xpath: //*[@class = 'dxeListBoxItemRow_LECustomTheme']' in '10' second(s)

2021-11-11 10:37:48 - [MESSAGE][PASSED] - Method.TextDegerineEsitElementeTikla is PASSED

2021-11-11 10:37:48 - [MESSAGE][PASSED] - Call Test Case 'Test Cases/Filtreler/DropdownSec' successfully

2021-11-11 10:37:48 - [MESSAGE][INFO] - Checking called Test Case

2021-11-11 10:37:48 - [MESSAGE][INFO] - Starting to call Test Case 'Test Cases/Filtreler/BaslangicYaz'

2021-11-11 10:37:48 - [TEST_CASE][PASSED] - Test Cases/Filtreler/BaslangicYaz: Test Cases/Filtreler/BaslangicYaz

2021-11-11 10:37:48 - [TEST_STEP][PASSED] - Method.TextDegerineEsitElementinAltindakineTikla(findTestObject("Filtreler/Basliklar"), findTestObject("Filtreler/Basliga_Gore_Baslangic_Image"), Filtre_Adi): Method.TextDegerineEsitElementinAltindakineTikla is PASSED

2021-11-11 10:37:48 - [MESSAGE][INFO] - Finding Test Object 'Object Repository/Filtreler/Basliklar'

2021-11-11 10:37:48 - [MESSAGE][INFO] - Finding Test Object 'Object Repository/Filtreler/Basliga_Gore_Baslangic_Image'

2021-11-11 10:37:48 - [MESSAGE][INFO] - Checking timeout

2021-11-11 10:37:48 - [MESSAGE][INFO] - Finding web element with id: 'Object Repository/Filtreler/Basliklar' located by 'By.cssSelector: .control-label.col-sm-4.paddingMarginRLC' in '10' second(s)

2021-11-11 10:37:48 - [MESSAGE][INFO] - Smart Wait Function is triggered

2021-11-11 10:37:48 - [MESSAGE][INFO] - Found 9 web elements with id: 'Object Repository/Filtreler/Basliklar' located by 'By.cssSelector: .control-label.col-sm-4.paddingMarginRLC' in '10' second(s)

2021-11-11 10:37:48 - [MESSAGE][INFO] - Smart Wait Function is triggered

2021-11-11 10:37:49 - [MESSAGE][PASSED] - Method.TextDegerineEsitElementinAltindakineTikla is PASSED

2021-11-11 10:37:49 - [TEST_STEP][PASSED] - Method.TextDegerineEsitElementinAltindakiTextboxtaYaz(findTestObject("Filtreler/Basliklar"), findTestObject("Filtreler/Basliga_Gore_Baslangic"), Filtre_Adi, Filtre_Degeri): Method.TextDegerineEsitElementinAltindakiTextboxtaYaz is PASSED

2021-11-11 10:37:49 - [MESSAGE][INFO] - Finding Test Object 'Object Repository/Filtreler/Basliklar'

2021-11-11 10:37:49 - [MESSAGE][INFO] - Finding Test Object 'Object Repository/Filtreler/Basliga_Gore_Baslangic'

2021-11-11 10:37:49 - [MESSAGE][INFO] - Checking timeout

2021-11-11 10:37:49 - [MESSAGE][INFO] - Finding web element with id: 'Object Repository/Filtreler/Basliklar' located by 'By.cssSelector: .control-label.col-sm-4.paddingMarginRLC' in '10' second(s)

2021-11-11 10:37:49 - [MESSAGE][INFO] - Smart Wait Function is triggered

2021-11-11 10:37:49 - [MESSAGE][INFO] - Found 9 web elements with id: 'Object Repository/Filtreler/Basliklar' located by 'By.cssSelector: .control-label.col-sm-4.paddingMarginRLC' in '10' second(s)

2021-11-11 10:37:49 - [MESSAGE][INFO] - Smart Wait Function is triggered

2021-11-11 10:37:50 - [MESSAGE][PASSED] - Method.TextDegerineEsitElementinAltindakiTextboxtaYaz is PASSED

2021-11-11 10:37:50 - [MESSAGE][PASSED] - Call Test Case 'Test Cases/Filtreler/BaslangicYaz' successfully

2021-11-11 10:37:50 - [MESSAGE][INFO] - Checking called Test Case

2021-11-11 10:37:50 - [MESSAGE][INFO] - Starting to call Test Case 'Test Cases/Filtreler/BitisYaz'

2021-11-11 10:37:50 - [TEST_CASE][PASSED] - Test Cases/Filtreler/BitisYaz: Test Cases/Filtreler/BitisYaz

2021-11-11 10:37:50 - [TEST_STEP][PASSED] - Method.TextDegerineEsitElementinAltindakineTikla(findTestObject("Filtreler/Basliklar"), findTestObject("Filtreler/Basliga_Gore_Bitis_Image"), Filtre_Adi): Method.TextDegerineEsitElementinAltindakineTikla is PASSED

2021-11-11 10:37:50 - [MESSAGE][INFO] - Finding Test Object 'Object Repository/Filtreler/Basliklar'

2021-11-11 10:37:50 - [MESSAGE][INFO] - Finding Test Object 'Object Repository/Filtreler/Basliga_Gore_Bitis_Image'

2021-11-11 10:37:50 - [MESSAGE][INFO] - Checking timeout

2021-11-11 10:37:50 - [MESSAGE][INFO] - Finding web element with id: 'Object Repository/Filtreler/Basliklar' located by 'By.cssSelector: .control-label.col-sm-4.paddingMarginRLC' in '10' second(s)

2021-11-11 10:37:50 - [MESSAGE][INFO] - Smart Wait Function is triggered

2021-11-11 10:37:50 - [MESSAGE][INFO] - Found 9 web elements with id: 'Object Repository/Filtreler/Basliklar' located by 'By.cssSelector: .control-label.col-sm-4.paddingMarginRLC' in '10' second(s)

2021-11-11 10:37:50 - [MESSAGE][INFO] - Smart Wait Function is triggered

2021-11-11 10:37:50 - [MESSAGE][PASSED] - Method.TextDegerineEsitElementinAltindakineTikla is PASSED

2021-11-11 10:37:50 - [TEST_STEP][PASSED] - Method.TextDegerineEsitElementinAltindakiTextboxtaYaz(findTestObject("Filtreler/Basliklar"), findTestObject("Object Repository/Filtreler/Basliga_Gore_Bitis"), Filtre_Adi, Filtre_Degeri): Method.TextDegerineEsitElementinAltindakiTextboxtaYaz is PASSED

2021-11-11 10:37:50 - [MESSAGE][INFO] - Finding Test Object 'Object Repository/Filtreler/Basliklar'

2021-11-11 10:37:51 - [MESSAGE][INFO] - Finding Test Object 'Object Repository/Filtreler/Basliga_Gore_Bitis'

2021-11-11 10:37:51 - [MESSAGE][INFO] - Checking timeout

2021-11-11 10:37:51 - [MESSAGE][INFO] - Finding web element with id: 'Object Repository/Filtreler/Basliklar' located by 'By.cssSelector: .control-label.col-sm-4.paddingMarginRLC' in '10' second(s)

2021-11-11 10:37:51 - [MESSAGE][INFO] - Smart Wait Function is triggered

2021-11-11 10:37:51 - [MESSAGE][INFO] - Found 9 web elements with id: 'Object Repository/Filtreler/Basliklar' located by 'By.cssSelector: .control-label.col-sm-4.paddingMarginRLC' in '10' second(s)

2021-11-11 10:37:51 - [MESSAGE][INFO] - Smart Wait Function is triggered

2021-11-11 10:37:51 - [MESSAGE][PASSED] - Method.TextDegerineEsitElementinAltindakiTextboxtaYaz is PASSED

2021-11-11 10:37:51 - [MESSAGE][PASSED] - Call Test Case 'Test Cases/Filtreler/BitisYaz' successfully

2021-11-11 10:37:51 - [MESSAGE][INFO] - Checking called Test Case

2021-11-11 10:37:51 - [MESSAGE][INFO] - Starting to call Test Case 'Test Cases/Filtreler/ButonaTikla'

2021-11-11 10:37:52 - [TEST_CASE][PASSED] - Test Cases/Filtreler/ButonaTikla: Test Cases/Filtreler/ButonaTikla

2021-11-11 10:37:52 - [TEST_STEP][PASSED] - Method.TextDegerineEsitElementeTikla(findTestObject("Filtreler/Butonlar"), Filtre_Buton): Method.TextDegerineEsitElementeTikla is PASSED

2021-11-11 10:37:52 - [MESSAGE][INFO] - Finding Test Object 'Object Repository/Filtreler/Butonlar'

2021-11-11 10:37:52 - [MESSAGE][INFO] - Checking timeout

2021-11-11 10:37:52 - [MESSAGE][INFO] - Finding web element with id: 'Object Repository/Filtreler/Butonlar' located by 'By.cssSelector: .dxb>span' in '10' second(s)

2021-11-11 10:37:52 - [MESSAGE][INFO] - Smart Wait Function is triggered

2021-11-11 10:37:52 - [MESSAGE][INFO] - Found 3 web elements with id: 'Object Repository/Filtreler/Butonlar' located by 'By.cssSelector: .dxb>span' in '10' second(s)

2021-11-11 10:37:52 - [MESSAGE][PASSED] - Method.TextDegerineEsitElementeTikla is PASSED

2021-11-11 10:37:52 - [MESSAGE][PASSED] - Call Test Case 'Test Cases/Filtreler/ButonaTikla' successfully

2021-11-11 10:37:52 - [MESSAGE][INFO] - Checking called Test Case

2021-11-11 10:37:52 - [MESSAGE][INFO] - Starting to call Test Case 'Test Cases/Tablo/TablodaVeriVarMi'

2021-11-11 10:37:52 - [TEST_CASE][PASSED] - Test Cases/Tablo/TablodaVeriVarMi: Test Cases/Tablo/TablodaVeriVarMi

2021-11-11 10:37:52 - [TEST_STEP][PASSED] - verifyTextNotPresent("Görüntülenecek veri yok", true): Text 'Görüntülenecek veri yok' is not present on page using regular expression

2021-11-11 10:37:52 - [MESSAGE][INFO] - Checking text present  using regular expression

2021-11-11 10:37:52 - [MESSAGE][INFO] - Smart Wait Function is triggered

2021-11-11 10:37:53 - [MESSAGE][INFO] - Finding text 'Görüntülenecek veri yok' on page  using regular expression

2021-11-11 10:37:53 - [MESSAGE][PASSED] - Text 'Görüntülenecek veri yok' is not present on page using regular expression

2021-11-11 10:37:53 - [MESSAGE][PASSED] - Call Test Case 'Test Cases/Tablo/TablodaVeriVarMi' successfully

2021-11-11 10:37:53 - [MESSAGE][INFO] - Checking called Test Case

2021-11-11 10:37:53 - [MESSAGE][INFO] - Starting to call Test Case 'Test Cases/Tablo/TablodanVeriSec'

2021-11-11 10:37:53 - [TEST_CASE][PASSED] - Test Cases/Tablo/TablodanVeriSec: Test Cases/Tablo/TablodanVeriSec

2021-11-11 10:37:53 - [TEST_STEP][PASSED] - Method.TextDegerineEsitElementinAltindakineTikla(findTestObject("Tablo/Veriler"), findTestObject("Tablo/VerininCheckBoxi"), Veri_Adi): Method.TextDegerineEsitElementinAltindakineTikla is PASSED

2021-11-11 10:37:53 - [MESSAGE][INFO] - Finding Test Object 'Object Repository/Tablo/Veriler'

2021-11-11 10:37:53 - [MESSAGE][INFO] - Finding Test Object 'Object Repository/Tablo/VerininCheckBoxi'

2021-11-11 10:37:53 - [MESSAGE][INFO] - Checking timeout

2021-11-11 10:37:53 - [MESSAGE][INFO] - Finding web element with id: 'Object Repository/Tablo/Veriler' located by 'By.cssSelector: td.dxgv b ,td.dxgv' in '10' second(s)

2021-11-11 10:37:53 - [MESSAGE][INFO] - Smart Wait Function is triggered

2021-11-11 10:37:53 - [MESSAGE][INFO] - Found 33 web elements with id: 'Object Repository/Tablo/Veriler' located by 'By.cssSelector: td.dxgv b ,td.dxgv' in '10' second(s)

2021-11-11 10:37:53 - [MESSAGE][INFO] - Smart Wait Function is triggered

2021-11-11 10:37:54 - [MESSAGE][PASSED] - Method.TextDegerineEsitElementinAltindakineTikla is PASSED

2021-11-11 10:37:54 - [MESSAGE][PASSED] - Call Test Case 'Test Cases/Tablo/TablodanVeriSec' successfully

2021-11-11 10:37:54 - [MESSAGE][INFO] - Checking called Test Case

2021-11-11 10:37:54 - [MESSAGE][INFO] - Starting to call Test Case 'Test Cases/Butonlar/ButonaTikla'

2021-11-11 10:37:54 - [TEST_CASE][PASSED] - Test Cases/Butonlar/ButonaTikla: Test Cases/Butonlar/ButonaTikla

2021-11-11 10:37:54 - [TEST_STEP][PASSED] - Method.TextDegerineEsitElementeTiklaEquals(findTestObject("Butonlar/Butonlar"), Buton_Adi): Method.TextDegerineEsitElementeTiklaEquals is PASSED

2021-11-11 10:37:54 - [MESSAGE][INFO] - Finding Test Object 'Object Repository/Butonlar/Butonlar'

2021-11-11 10:37:54 - [MESSAGE][INFO] - Checking timeout

2021-11-11 10:37:54 - [MESSAGE][INFO] - Finding web element with id: 'Object Repository/Butonlar/Butonlar' located by 'By.cssSelector: .panel.panel-default.text-center.footerPanel .btn,.btn.btn-primary.btnControls' in '10' second(s)

2021-11-11 10:37:54 - [MESSAGE][INFO] - Smart Wait Function is triggered

2021-11-11 10:37:54 - [MESSAGE][INFO] - Found 4 web elements with id: 'Object Repository/Butonlar/Butonlar' located by 'By.cssSelector: .panel.panel-default.text-center.footerPanel .btn,.btn.btn-primary.btnControls' in '10' second(s)

2021-11-11 10:37:54 - [MESSAGE][PASSED] - Method.TextDegerineEsitElementeTiklaEquals is PASSED

2021-11-11 10:37:54 - [MESSAGE][PASSED] - Call Test Case 'Test Cases/Butonlar/ButonaTikla' successfully

2021-11-11 10:37:54 - [MESSAGE][INFO] - Checking called Test Case

2021-11-11 10:37:54 - [MESSAGE][INFO] - Starting to call Test Case 'Test Cases/Sekmeler/YeniSekmeyeGec'

2021-11-11 10:37:54 - [TEST_CASE][PASSED] - Test Cases/Sekmeler/YeniSekmeyeGec: Test Cases/Sekmeler/YeniSekmeyeGec

2021-11-11 10:37:54 - [TEST_STEP][PASSED] - switchToWindowIndex(1): Switched to window with index: '1'

2021-11-11 10:37:54 - [MESSAGE][INFO] - Checking index

2021-11-11 10:37:54 - [MESSAGE][INFO] - Switching window with index: '1'

2021-11-11 10:37:54 - [MESSAGE][PASSED] - Switched to window with index: '1'

2021-11-11 10:37:54 - [MESSAGE][PASSED] - Call Test Case 'Test Cases/Sekmeler/YeniSekmeyeGec' successfully

2021-11-11 10:37:54 - [MESSAGE][INFO] - Checking called Test Case

2021-11-11 10:37:54 - [MESSAGE][INFO] - Starting to call Test Case 'Test Cases/Sekmeler/TagGeldiMi'

2021-11-11 10:37:55 - [TEST_CASE][PASSED] - Test Cases/Sekmeler/TagGeldiMi: Test Cases/Sekmeler/TagGeldiMi

2021-11-11 10:37:55 - [TEST_STEP][PASSED] - waitForElementPresent(findTestObject("Object Repository/Sekmeler/UBLTag"), 10): Object 'Object Repository/Sekmeler/UBLTag' is present

2021-11-11 10:37:55 - [MESSAGE][INFO] - Finding Test Object 'Object Repository/Sekmeler/UBLTag'

2021-11-11 10:37:55 - [MESSAGE][INFO] - Checking object

2021-11-11 10:37:55 - [MESSAGE][INFO] - Finding web element from Test Object's properties

2021-11-11 10:37:55 - [MESSAGE][INFO] - Checking timeout

2021-11-11 10:37:55 - [MESSAGE][INFO] - Finding web element with id: 'Object Repository/Sekmeler/UBLTag' located by 'By.cssSelector: #webkit-xml-viewer-source-xml>:first-child' in '10' second(s)

2021-11-11 10:37:55 - [MESSAGE][INFO] - Smart Wait Function is triggered

2021-11-11 10:37:55 - [MESSAGE][INFO] - Found 1 web elements with id: 'Object Repository/Sekmeler/UBLTag' located by 'By.cssSelector: #webkit-xml-viewer-source-xml>:first-child' in '10' second(s)

2021-11-11 10:37:55 - [MESSAGE][PASSED] - Object 'Object Repository/Sekmeler/UBLTag' is present

2021-11-11 10:37:55 - [TEST_STEP][PASSED] - println(toLowerCase().toString()): Found 1 web elements with id: 'Object Repository/Sekmeler/UBLTag' located by 'By.cssSelector: #webkit-xml-viewer-source-xml>:first-child' in '10' second(s)

2021-11-11 10:37:55 - [MESSAGE][INFO] - Finding Test Object 'Object Repository/Sekmeler/UBLTag'

2021-11-11 10:37:55 - [MESSAGE][INFO] - Finding web element from Test Object's properties

2021-11-11 10:37:55 - [MESSAGE][INFO] - Checking timeout

2021-11-11 10:37:55 - [MESSAGE][INFO] - Finding web element with id: 'Object Repository/Sekmeler/UBLTag' located by 'By.cssSelector: #webkit-xml-viewer-source-xml>:first-child' in '10' second(s)

2021-11-11 10:37:55 - [MESSAGE][INFO] - Smart Wait Function is triggered

2021-11-11 10:37:55 - [MESSAGE][INFO] - Found 1 web elements with id: 'Object Repository/Sekmeler/UBLTag' located by 'By.cssSelector: #webkit-xml-viewer-source-xml>:first-child' in '10' second(s)

2021-11-11 10:37:55 - [TEST_STEP][PASSED] - if (!(toString().contains(toString().toLowerCase()))): Found 1 web elements with id: 'Object Repository/Sekmeler/UBLTag' located by 'By.cssSelector: #webkit-xml-viewer-source-xml>:first-child' in '10' second(s)

2021-11-11 10:37:55 - [MESSAGE][INFO] - Finding Test Object 'Object Repository/Sekmeler/UBLTag'

2021-11-11 10:37:55 - [MESSAGE][INFO] - Finding web element from Test Object's properties

2021-11-11 10:37:55 - [MESSAGE][INFO] - Checking timeout

2021-11-11 10:37:55 - [MESSAGE][INFO] - Finding web element with id: 'Object Repository/Sekmeler/UBLTag' located by 'By.cssSelector: #webkit-xml-viewer-source-xml>:first-child' in '10' second(s)

2021-11-11 10:37:55 - [MESSAGE][INFO] - Smart Wait Function is triggered

2021-11-11 10:37:55 - [MESSAGE][INFO] - Found 1 web elements with id: 'Object Repository/Sekmeler/UBLTag' located by 'By.cssSelector: #webkit-xml-viewer-source-xml>:first-child' in '10' second(s)

2021-11-11 10:37:55 - [MESSAGE][PASSED] - Call Test Case 'Test Cases/Sekmeler/TagGeldiMi' successfully

2021-11-11 10:37:55 - [MESSAGE][INFO] - Checking called Test Case

2021-11-11 10:37:55 - [MESSAGE][INFO] - Starting to call Test Case 'Test Cases/Sekmeler/Ana_Sekmeye_Gec'

2021-11-11 10:37:55 - [TEST_CASE][PASSED] - Test Cases/Sekmeler/Ana_Sekmeye_Gec: Test Cases/Sekmeler/Ana_Sekmeye_Gec

2021-11-11 10:37:55 - [TEST_STEP][PASSED] - try: Window with index 1 is closed

2021-11-11 10:37:55 - [TEST_STEP][PASSED] - index = getWindowIndex(): Current window's index is: 1

2021-11-11 10:37:55 - [MESSAGE][INFO] - Getting current window's index

2021-11-11 10:37:55 - [MESSAGE][PASSED] - Current window's index is: 1

2021-11-11 10:37:55 - [TEST_STEP][PASSED] - closeWindowIndex(index): Window with index 1 is closed

2021-11-11 10:37:55 - [MESSAGE][INFO] - Checking index

2021-11-11 10:37:55 - [MESSAGE][INFO] - Closing window with index 1

2021-11-11 10:37:56 - [MESSAGE][PASSED] - Window with index 1 is closed

2021-11-11 10:37:56 - [TEST_STEP][PASSED] - switchToWindowIndex(0): Switched to window with index: '0'

2021-11-11 10:37:56 - [MESSAGE][INFO] - Checking index

2021-11-11 10:37:56 - [MESSAGE][INFO] - Switching window with index: '0'

2021-11-11 10:37:56 - [MESSAGE][PASSED] - Switched to window with index: '0'

2021-11-11 10:37:56 - [MESSAGE][PASSED] - Call Test Case 'Test Cases/Sekmeler/Ana_Sekmeye_Gec' successfully

2021-11-11 10:37:56 - [MESSAGE][INFO] - Checking called Test Case

2021-11-11 10:37:56 - [MESSAGE][INFO] - Starting to call Test Case 'Test Cases/Kullanici_Islemleri/KullaniciIslemlerindenSecimYapilir'

2021-11-11 10:37:56 - [TEST_CASE][PASSED] - Test Cases/Kullanici_Islemleri/KullaniciIslemlerindenSecimYapilir: Test Cases/Kullanici_Islemleri/KullaniciIslemlerindenSecimYapilir

2021-11-11 10:37:56 - [TEST_STEP][PASSED] - waitForElementClickable(findTestObject("Object Repository/Kullanici_Islemleri/KullaniciIslemleri"), 10): Object 'Object Repository/Kullanici_Islemleri/KullaniciIslemleri' is clickable

2021-11-11 10:37:56 - [MESSAGE][INFO] - Finding Test Object 'Object Repository/Kullanici_Islemleri/KullaniciIslemleri'

2021-11-11 10:37:56 - [MESSAGE][INFO] - Checking object

2021-11-11 10:37:56 - [MESSAGE][INFO] - Checking timeout

2021-11-11 10:37:56 - [MESSAGE][INFO] - Finding web element from Test Object's properties

2021-11-11 10:37:56 - [MESSAGE][INFO] - Checking timeout

2021-11-11 10:37:56 - [MESSAGE][INFO] - Finding web element with id: 'Object Repository/Kullanici_Islemleri/KullaniciIslemleri' located by 'By.cssSelector: .dropdown>a>img' in '10' second(s)

2021-11-11 10:37:56 - [MESSAGE][INFO] - Smart Wait Function is triggered

2021-11-11 10:37:56 - [MESSAGE][INFO] - Found 1 web elements with id: 'Object Repository/Kullanici_Islemleri/KullaniciIslemleri' located by 'By.cssSelector: .dropdown>a>img' in '10' second(s)

2021-11-11 10:37:56 - [MESSAGE][PASSED] - Object 'Object Repository/Kullanici_Islemleri/KullaniciIslemleri' is clickable

2021-11-11 10:37:56 - [TEST_STEP][PASSED] - click(findTestObject("Object Repository/Kullanici_Islemleri/KullaniciIslemleri")): Object: 'Object Repository/Kullanici_Islemleri/KullaniciIslemleri' is clicked on

2021-11-11 10:37:56 - [MESSAGE][INFO] - Finding Test Object 'Object Repository/Kullanici_Islemleri/KullaniciIslemleri'

2021-11-11 10:37:56 - [MESSAGE][INFO] - Checking object

2021-11-11 10:37:56 - [MESSAGE][INFO] - Finding web element from Test Object's properties

2021-11-11 10:37:56 - [MESSAGE][INFO] - Checking timeout

2021-11-11 10:37:56 - [MESSAGE][INFO] - Finding web element with id: 'Object Repository/Kullanici_Islemleri/KullaniciIslemleri' located by 'By.cssSelector: .dropdown>a>img' in '30' second(s)

2021-11-11 10:37:56 - [MESSAGE][INFO] - Smart Wait Function is triggered

2021-11-11 10:37:56 - [MESSAGE][INFO] - Found 1 web elements with id: 'Object Repository/Kullanici_Islemleri/KullaniciIslemleri' located by 'By.cssSelector: .dropdown>a>img' in '30' second(s)

2021-11-11 10:37:56 - [MESSAGE][INFO] - Clicking on object: 'Object Repository/Kullanici_Islemleri/KullaniciIslemleri'

2021-11-11 10:37:56 - [MESSAGE][PASSED] - Object: 'Object Repository/Kullanici_Islemleri/KullaniciIslemleri' is clicked on

2021-11-11 10:37:56 - [TEST_STEP][PASSED] - Method.TextDegerineEsitElementeTikla(findTestObject("Object Repository/Kullanici_Islemleri/Secenekler"), Islem): Method.TextDegerineEsitElementeTikla is PASSED

2021-11-11 10:37:56 - [MESSAGE][INFO] - Finding Test Object 'Object Repository/Kullanici_Islemleri/Secenekler'

2021-11-11 10:37:56 - [MESSAGE][INFO] - Checking timeout

2021-11-11 10:37:56 - [MESSAGE][INFO] - Finding web element with id: 'Object Repository/Kullanici_Islemleri/Secenekler' located by 'By.cssSelector: .nav.navbar-nav.navbar-right li a' in '10' second(s)

2021-11-11 10:37:56 - [MESSAGE][INFO] - Smart Wait Function is triggered

2021-11-11 10:37:57 - [MESSAGE][INFO] - Found 22 web elements with id: 'Object Repository/Kullanici_Islemleri/Secenekler' located by 'By.cssSelector: .nav.navbar-nav.navbar-right li a' in '10' second(s)

2021-11-11 10:37:58 - [MESSAGE][PASSED] - Method.TextDegerineEsitElementeTikla is PASSED

2021-11-11 10:37:58 - [TEST_STEP][PASSED] - verifyElementNotPresent(findTestObject("Object Repository/Kullanici_Islemleri/Secenekler"), 10): Web element with id: 'Object Repository/Kullanici_Islemleri/Secenekler' located by 'By.cssSelector: .nav.navbar-nav.navbar-right li a' is not present after '10' second(s)

2021-11-11 10:37:58 - [MESSAGE][INFO] - Finding Test Object 'Object Repository/Kullanici_Islemleri/Secenekler'

2021-11-11 10:37:59 - [MESSAGE][INFO] - Checking object

2021-11-11 10:37:59 - [MESSAGE][INFO] - Checking timeout

2021-11-11 10:37:59 - [MESSAGE][INFO] - Finding web element with id: 'Object Repository/Kullanici_Islemleri/Secenekler' located by 'By.cssSelector: .nav.navbar-nav.navbar-right li a' in '10' second(s)

2021-11-11 10:37:59 - [MESSAGE][INFO] - Smart Wait Function is triggered

2021-11-11 10:37:59 - [MESSAGE][PASSED] - Web element with id: 'Object Repository/Kullanici_Islemleri/Secenekler' located by 'By.cssSelector: .nav.navbar-nav.navbar-right li a' is not present after '10' second(s)

2021-11-11 10:37:59 - [MESSAGE][PASSED] - Call Test Case 'Test Cases/Kullanici_Islemleri/KullaniciIslemlerindenSecimYapilir' successfully

2021-11-11 10:37:59 - [TEST_CASE][PASSED] - Start Test Case : SCENARIO OCK Mali Raporlari XML: SCENARIO OCK Mali Raporlari XML

2021-11-11 10:37:59 - [TEST_STEP][PASSED] - Kullanıcı adı ELOGO6 ve Şifre 123456 olarak giriş yapılır: Kullanıcı adı ELOGO6 ve Şifre 123456 olarak giriş yapılır

2021-11-11 10:37:59 - [MESSAGE][PASSED] - Kullanıcı adı ELOGO6 ve Şifre 123456 olarak giriş yapılır

2021-11-11 10:37:59 - [TEST_STEP][PASSED] - Ana menüden ÖKC İşlemleri seçilir: Ana menüden ÖKC İşlemleri seçilir

2021-11-11 10:37:59 - [MESSAGE][PASSED] - Ana menüden ÖKC İşlemleri seçilir

2021-11-11 10:37:59 - [TEST_STEP][PASSED] - Alt menüden ÖKC Mali Raporlar seçilir: Alt menüden ÖKC Mali Raporlar seçilir

2021-11-11 10:37:59 - [MESSAGE][PASSED] - Alt menüden ÖKC Mali Raporlar seçilir

2021-11-11 10:37:59 - [TEST_STEP][PASSED] - Filtrelerden Dönem filtresine 2021 Ocak dropdowndan degeri seçilir: Filtrelerden Dönem filtresine 2021 Ocak dropdowndan degeri seçilir

2021-11-11 10:37:59 - [MESSAGE][PASSED] - Filtrelerden Dönem filtresine 2021 Ocak dropdowndan degeri seçilir

2021-11-11 10:37:59 - [TEST_STEP][PASSED] - Filtrelerden Oluşturma Tarihi filtresine 01.01.2021 baslangic degerini yaz: Filtrelerden Oluşturma Tarihi filtresine 01.01.2021 baslangic degerini yaz

2021-11-11 10:37:59 - [MESSAGE][PASSED] - Filtrelerden Oluşturma Tarihi filtresine 01.01.2021 baslangic degerini yaz

2021-11-11 10:37:59 - [TEST_STEP][PASSED] - Filtrelerden Oluşturma Tarihi filtresine 11.01.2021 bitis degerini yaz: Filtrelerden Oluşturma Tarihi filtresine 11.01.2021 bitis degerini yaz

2021-11-11 10:37:59 - [MESSAGE][PASSED] - Filtrelerden Oluşturma Tarihi filtresine 11.01.2021 bitis degerini yaz

2021-11-11 10:37:59 - [TEST_STEP][PASSED] - Filtre butonlarından Listele seçilir: Filtre butonlarından Listele seçilir

2021-11-11 10:37:59 - [MESSAGE][PASSED] - Filtre butonlarından Listele seçilir

2021-11-11 10:37:59 - [TEST_STEP][PASSED] - Tabloda veri var mı kontrol edilir: Tabloda veri var mı kontrol edilir

2021-11-11 10:37:59 - [MESSAGE][PASSED] - Tabloda veri var mı kontrol edilir

2021-11-11 10:37:59 - [TEST_STEP][PASSED] - Tablodan 179 isimli veri seçilir: Tablodan 179 isimli veri seçilir

2021-11-11 10:37:59 - [MESSAGE][PASSED] - Tablodan 179 isimli veri seçilir

2021-11-11 10:37:59 - [TEST_STEP][PASSED] - Butonlardan XML isimli butona tıklanır: Butonlardan XML isimli butona tıklanır

2021-11-11 10:37:59 - [MESSAGE][PASSED] - Butonlardan XML isimli butona tıklanır

2021-11-11 10:37:59 - [TEST_STEP][PASSED] - Yeni açılan sekmeye geçilir: Yeni açılan sekmeye geçilir

2021-11-11 10:37:59 - [MESSAGE][PASSED] - Yeni açılan sekmeye geçilir

2021-11-11 10:37:59 - [TEST_STEP][PASSED] - earsiv:eArsivRaporu tagli ubl geldi mi: earsiv:eArsivRaporu tagli ubl geldi mi

2021-11-11 10:37:59 - [MESSAGE][PASSED] - earsiv:eArsivRaporu tagli ubl geldi mi

2021-11-11 10:37:59 - [TEST_STEP][PASSED] - Ana sekmeye geçilir: Ana sekmeye geçilir

2021-11-11 10:37:59 - [MESSAGE][PASSED] - Ana sekmeye geçilir

2021-11-11 10:37:59 - [TEST_STEP][PASSED] - Kullanıcı işlemlerinden Çıkış seçilir: Kullanıcı işlemlerinden Çıkış seçilir

2021-11-11 10:37:59 - [MESSAGE][PASSED] - Kullanıcı işlemlerinden Çıkış seçilir

2021-11-11 10:37:59 - [MESSAGE][PASSED] - Feature file: 'Include/features/OKC Islemleri/OKC Mali Raporlari/XML.feature' was passed

2021-11-11 10:37:59 - [TEST_STEP][PASSED] - Start listener action : sampleAfterTestSuite: Invoke 'com.kms.katalon.core.annotation.AfterTestCase' method: 'Listener.sampleAfterTestSuite(...)' completed.

2021-11-11 10:37:59 - [MESSAGE][INFO] - Starting invoke 'com.kms.katalon.core.annotation.AfterTestCase' method: 'Listener.sampleAfterTestSuite(...)'

2021-11-11 10:37:59 - [TEST_STEP][PASSED] - closeBrowser(): Invoke 'com.kms.katalon.core.annotation.AfterTestCase' method: 'Listener.sampleAfterTestSuite(...)' completed.

2021-11-11 10:37:59 - [MESSAGE][INFO] - Closing browser

2021-11-11 10:38:00 - [MESSAGE][PASSED] - Browser is closed

2021-11-11 10:38:00 - [MESSAGE][INFO] - Invoke 'com.kms.katalon.core.annotation.AfterTestCase' method: 'Listener.sampleAfterTestSuite(...)' completed.]]></system-out>
         <system-err><![CDATA[]]></system-err>
      </testcase>
      <testcase name="Test Cases/Case Repository/OKC Islemleri/OKC Mali Raporlar/Excele Aktar" time="42.617" classname="Test Cases/Case Repository/OKC Islemleri/OKC Mali Raporlar/Excele Aktar" status="PASSED">
         <system-out><![CDATA[2021-11-11 10:38:00 - [TEST_CASE][PASSED] - Test Cases/Case Repository/OKC Islemleri/OKC Mali Raporlar/Excele Aktar: Test Cases/Case Repository/OKC Islemleri/OKC Mali Raporlar/Excele Aktar

2021-11-11 10:38:00 - [TEST_STEP][PASSED] - Start listener action : sampleBeforeTestSuite: Invoke 'com.kms.katalon.core.annotation.BeforeTestCase' method: 'Listener.sampleBeforeTestSuite(...)' completed.

2021-11-11 10:38:00 - [MESSAGE][INFO] - Starting invoke 'com.kms.katalon.core.annotation.BeforeTestCase' method: 'Listener.sampleBeforeTestSuite(...)'

2021-11-11 10:38:00 - [TEST_STEP][PASSED] - openBrowser(baseUrl): Browser is opened with url: 'https://efatura-stage.elogo.com.tr/'

2021-11-11 10:38:00 - [MESSAGE][INFO] - Opening browser

2021-11-11 10:38:00 - [MESSAGE][INFO] - Starting 'Chrome' driver

2021-11-11 10:38:00 - [MESSAGE][INFO] - User set preference: ['prefs', '{download.default_directory=C:\otomasyondownfiles}']

2021-11-11 10:38:00 - [MESSAGE][INFO] - Action delay is set to 0 milliseconds

2021-11-11 10:38:01 - [MESSAGE][INFO] - Navigating browser to: 'https://efatura-stage.elogo.com.tr/'

2021-11-11 10:38:05 - [MESSAGE][PASSED] - Browser is opened with url: 'https://efatura-stage.elogo.com.tr/'

2021-11-11 10:38:05 - [TEST_STEP][PASSED] - maximizeWindow(): Invoke 'com.kms.katalon.core.annotation.BeforeTestCase' method: 'Listener.sampleBeforeTestSuite(...)' completed.

2021-11-11 10:38:05 - [MESSAGE][INFO] - Maximizing current window

2021-11-11 10:38:05 - [MESSAGE][PASSED] - Current window maximized

2021-11-11 10:38:05 - [MESSAGE][INFO] - Invoke 'com.kms.katalon.core.annotation.BeforeTestCase' method: 'Listener.sampleBeforeTestSuite(...)' completed.

2021-11-11 10:38:06 - [TEST_STEP][PASSED] - runFeatureFile("Include/features/OKC Islemleri/OKC Mali Raporlari/Excele Aktar.feature"): Feature file: 'Include/features/OKC Islemleri/OKC Mali Raporlari/Excele Aktar.feature' was passed

2021-11-11 10:38:06 - [MESSAGE][INFO] - Starting run keyword runFeatureFile: 'Include/features/OKC Islemleri/OKC Mali Raporlari/Excele Aktar.feature' and extract report to folder: 'C:\Users\DELL\Documents\GitHub\EES_KatalonLogo\Reports\20211111_100022\Suite Repository\Okc_Islemleri\20211111_100122/cucumber_report/1636616286273'...

2021-11-11 10:38:06 - [MESSAGE][INFO] - Glue: []

2021-11-11 10:38:07 - [MESSAGE][INFO] - Checking called Test Case

2021-11-11 10:38:07 - [MESSAGE][INFO] - Starting to call Test Case 'Test Cases/Sayfalar/Giris_Sayfasi/Login'

2021-11-11 10:38:07 - [TEST_CASE][PASSED] - Test Cases/Sayfalar/Giris_Sayfasi/Login: Test Cases/Sayfalar/Giris_Sayfasi/Login

2021-11-11 10:38:07 - [TEST_STEP][PASSED] - Sayfa_Basligi = getWindowTitle(): Current window's title is: 'LOGO e-Fatura'

2021-11-11 10:38:07 - [MESSAGE][INFO] - Getting current window's title

2021-11-11 10:38:07 - [MESSAGE][PASSED] - Current window's title is: 'LOGO e-Fatura'

2021-11-11 10:38:07 - [TEST_STEP][PASSED] - verifyMatch(Sayfa_Basligi, "LOGO e-Fatura", false): Actual text 'LOGO e-Fatura' and expected text 'LOGO e-Fatura' are matched 

2021-11-11 10:38:07 - [MESSAGE][INFO] - Matching actual text 'LOGO e-Fatura' with expected text 'LOGO e-Fatura'

2021-11-11 10:38:07 - [MESSAGE][PASSED] - Actual text 'LOGO e-Fatura' and expected text 'LOGO e-Fatura' are matched 

2021-11-11 10:38:07 - [TEST_STEP][PASSED] - sendKeys(findTestObject("Sayfalar/Giris_Sayfasi/Firma_Kodu"), KullaniciAdi): Keys 'ELOGO6' sent to object: 'Object Repository/Sayfalar/Giris_Sayfasi/Firma_Kodu'

2021-11-11 10:38:07 - [MESSAGE][INFO] - Finding Test Object 'Object Repository/Sayfalar/Giris_Sayfasi/Firma_Kodu'

2021-11-11 10:38:07 - [MESSAGE][INFO] - Sending keys 'ELOGO6' to object: 'Object Repository/Sayfalar/Giris_Sayfasi/Firma_Kodu'

2021-11-11 10:38:07 - [MESSAGE][INFO] - Finding web element from Test Object's properties

2021-11-11 10:38:07 - [MESSAGE][INFO] - Checking timeout

2021-11-11 10:38:07 - [MESSAGE][INFO] - Finding web element with id: 'Object Repository/Sayfalar/Giris_Sayfasi/Firma_Kodu' located by 'By.xpath: //*[@id = 'AccountName']' in '30' second(s)

2021-11-11 10:38:07 - [MESSAGE][INFO] - Smart Wait Function is triggered

2021-11-11 10:38:07 - [MESSAGE][INFO] - Found 1 web elements with id: 'Object Repository/Sayfalar/Giris_Sayfasi/Firma_Kodu' located by 'By.xpath: //*[@id = 'AccountName']' in '30' second(s)

2021-11-11 10:38:07 - [MESSAGE][PASSED] - Keys 'ELOGO6' sent to object: 'Object Repository/Sayfalar/Giris_Sayfasi/Firma_Kodu'

2021-11-11 10:38:07 - [TEST_STEP][PASSED] - sendKeys(findTestObject("Sayfalar/Giris_Sayfasi/Sifre"), Sifre): Keys '123456' sent to object: 'Object Repository/Sayfalar/Giris_Sayfasi/Sifre'

2021-11-11 10:38:07 - [MESSAGE][INFO] - Finding Test Object 'Object Repository/Sayfalar/Giris_Sayfasi/Sifre'

2021-11-11 10:38:08 - [MESSAGE][INFO] - Sending keys '123456' to object: 'Object Repository/Sayfalar/Giris_Sayfasi/Sifre'

2021-11-11 10:38:08 - [MESSAGE][INFO] - Finding web element from Test Object's properties

2021-11-11 10:38:08 - [MESSAGE][INFO] - Checking timeout

2021-11-11 10:38:08 - [MESSAGE][INFO] - Finding web element with id: 'Object Repository/Sayfalar/Giris_Sayfasi/Sifre' located by 'By.xpath: //*[@id = 'Password']' in '30' second(s)

2021-11-11 10:38:08 - [MESSAGE][INFO] - Smart Wait Function is triggered

2021-11-11 10:38:08 - [MESSAGE][INFO] - Found 1 web elements with id: 'Object Repository/Sayfalar/Giris_Sayfasi/Sifre' located by 'By.xpath: //*[@id = 'Password']' in '30' second(s)

2021-11-11 10:38:08 - [MESSAGE][PASSED] - Keys '123456' sent to object: 'Object Repository/Sayfalar/Giris_Sayfasi/Sifre'

2021-11-11 10:38:08 - [TEST_STEP][PASSED] - findWebElement(findTestObject("Sayfalar/Giris_Sayfasi/Giris_Butonu")).click(): Found 1 web elements with id: 'Object Repository/Sayfalar/Giris_Sayfasi/Giris_Butonu' located by 'By.cssSelector: #btnLogin' in '30' second(s)

2021-11-11 10:38:08 - [MESSAGE][INFO] - Finding Test Object 'Object Repository/Sayfalar/Giris_Sayfasi/Giris_Butonu'

2021-11-11 10:38:08 - [MESSAGE][INFO] - Finding web element from Test Object's properties

2021-11-11 10:38:08 - [MESSAGE][INFO] - Checking timeout

2021-11-11 10:38:08 - [MESSAGE][INFO] - Finding web element with id: 'Object Repository/Sayfalar/Giris_Sayfasi/Giris_Butonu' located by 'By.cssSelector: #btnLogin' in '30' second(s)

2021-11-11 10:38:08 - [MESSAGE][INFO] - Smart Wait Function is triggered

2021-11-11 10:38:08 - [MESSAGE][INFO] - Found 1 web elements with id: 'Object Repository/Sayfalar/Giris_Sayfasi/Giris_Butonu' located by 'By.cssSelector: #btnLogin' in '30' second(s)

2021-11-11 10:38:11 - [TEST_STEP][PASSED] - if (verifyElementPresent(findTestObject("Object Repository/Sayfalar/Giris_Sayfasi/RetveTamam_Butonu"), 5, OPTIONAL)): null

2021-11-11 10:38:11 - [MESSAGE][INFO] - Finding Test Object 'Object Repository/Sayfalar/Giris_Sayfasi/RetveTamam_Butonu'

2021-11-11 10:38:11 - [MESSAGE][INFO] - Checking object

2021-11-11 10:38:11 - [MESSAGE][INFO] - Finding web element from Test Object's properties

2021-11-11 10:38:11 - [MESSAGE][INFO] - Checking timeout

2021-11-11 10:38:11 - [MESSAGE][INFO] - Finding web element with id: 'Object Repository/Sayfalar/Giris_Sayfasi/RetveTamam_Butonu' located by 'By.xpath: //*[@class = 'btn btn-default']' in '5' second(s)

2021-11-11 10:38:11 - [MESSAGE][INFO] - Smart Wait Function is triggered

2021-11-11 10:38:11 - [MESSAGE][INFO] - Found 1 web elements with id: 'Object Repository/Sayfalar/Giris_Sayfasi/RetveTamam_Butonu' located by 'By.xpath: //*[@class = 'btn btn-default']' in '5' second(s)

2021-11-11 10:38:11 - [MESSAGE][PASSED] - Object 'Object Repository/Sayfalar/Giris_Sayfasi/RetveTamam_Butonu' is present

2021-11-11 10:38:11 - [TEST_STEP][PASSED] - click(findTestObject("Object Repository/Sayfalar/Giris_Sayfasi/RetveTamam_Butonu")): Object: 'Object Repository/Sayfalar/Giris_Sayfasi/RetveTamam_Butonu' is clicked on

2021-11-11 10:38:11 - [MESSAGE][INFO] - Finding Test Object 'Object Repository/Sayfalar/Giris_Sayfasi/RetveTamam_Butonu'

2021-11-11 10:38:11 - [MESSAGE][INFO] - Checking object

2021-11-11 10:38:11 - [MESSAGE][INFO] - Finding web element from Test Object's properties

2021-11-11 10:38:11 - [MESSAGE][INFO] - Checking timeout

2021-11-11 10:38:11 - [MESSAGE][INFO] - Finding web element with id: 'Object Repository/Sayfalar/Giris_Sayfasi/RetveTamam_Butonu' located by 'By.xpath: //*[@class = 'btn btn-default']' in '30' second(s)

2021-11-11 10:38:11 - [MESSAGE][INFO] - Smart Wait Function is triggered

2021-11-11 10:38:12 - [MESSAGE][INFO] - Found 1 web elements with id: 'Object Repository/Sayfalar/Giris_Sayfasi/RetveTamam_Butonu' located by 'By.xpath: //*[@class = 'btn btn-default']' in '30' second(s)

2021-11-11 10:38:12 - [MESSAGE][INFO] - Clicking on object: 'Object Repository/Sayfalar/Giris_Sayfasi/RetveTamam_Butonu'

2021-11-11 10:38:12 - [MESSAGE][PASSED] - Object: 'Object Repository/Sayfalar/Giris_Sayfasi/RetveTamam_Butonu' is clicked on

2021-11-11 10:38:12 - [TEST_STEP][PASSED] - click(findTestObject("Object Repository/Sayfalar/Giris_Sayfasi/RetveTamam_Butonu")): Object: 'Object Repository/Sayfalar/Giris_Sayfasi/RetveTamam_Butonu' is clicked on

2021-11-11 10:38:12 - [MESSAGE][INFO] - Finding Test Object 'Object Repository/Sayfalar/Giris_Sayfasi/RetveTamam_Butonu'

2021-11-11 10:38:12 - [MESSAGE][INFO] - Checking object

2021-11-11 10:38:12 - [MESSAGE][INFO] - Finding web element from Test Object's properties

2021-11-11 10:38:12 - [MESSAGE][INFO] - Checking timeout

2021-11-11 10:38:12 - [MESSAGE][INFO] - Finding web element with id: 'Object Repository/Sayfalar/Giris_Sayfasi/RetveTamam_Butonu' located by 'By.xpath: //*[@class = 'btn btn-default']' in '30' second(s)

2021-11-11 10:38:12 - [MESSAGE][INFO] - Smart Wait Function is triggered

2021-11-11 10:38:15 - [MESSAGE][INFO] - Found 1 web elements with id: 'Object Repository/Sayfalar/Giris_Sayfasi/RetveTamam_Butonu' located by 'By.xpath: //*[@class = 'btn btn-default']' in '30' second(s)

2021-11-11 10:38:15 - [MESSAGE][INFO] - Clicking on object: 'Object Repository/Sayfalar/Giris_Sayfasi/RetveTamam_Butonu'

2021-11-11 10:38:15 - [MESSAGE][PASSED] - Object: 'Object Repository/Sayfalar/Giris_Sayfasi/RetveTamam_Butonu' is clicked on

2021-11-11 10:38:15 - [TEST_STEP][PASSED] - if (verifyElementPresent(findTestObject("Sayfalar/Giris_Sayfasi/PopupOK"), 5, OPTIONAL)): null

2021-11-11 10:38:15 - [MESSAGE][INFO] - Finding Test Object 'Object Repository/Sayfalar/Giris_Sayfasi/PopupOK'

2021-11-11 10:38:15 - [MESSAGE][INFO] - Checking object

2021-11-11 10:38:15 - [MESSAGE][INFO] - Finding web element from Test Object's properties

2021-11-11 10:38:15 - [MESSAGE][INFO] - Checking timeout

2021-11-11 10:38:15 - [MESSAGE][INFO] - Finding web element with id: 'Object Repository/Sayfalar/Giris_Sayfasi/PopupOK' located by 'By.cssSelector: .btn.btn-success' in '5' second(s)

2021-11-11 10:38:15 - [MESSAGE][INFO] - Smart Wait Function is triggered

2021-11-11 10:38:16 - [MESSAGE][INFO] - Found 1 web elements with id: 'Object Repository/Sayfalar/Giris_Sayfasi/PopupOK' located by 'By.cssSelector: .btn.btn-success' in '5' second(s)

2021-11-11 10:38:16 - [MESSAGE][PASSED] - Object 'Object Repository/Sayfalar/Giris_Sayfasi/PopupOK' is present

2021-11-11 10:38:16 - [TEST_STEP][PASSED] - click(findTestObject("Object Repository/Sayfalar/Giris_Sayfasi/PopupCarpiGiris")): Object: 'Object Repository/Sayfalar/Giris_Sayfasi/PopupCarpiGiris' is clicked on

2021-11-11 10:38:16 - [MESSAGE][INFO] - Finding Test Object 'Object Repository/Sayfalar/Giris_Sayfasi/PopupCarpiGiris'

2021-11-11 10:38:16 - [MESSAGE][INFO] - Checking object

2021-11-11 10:38:16 - [MESSAGE][INFO] - Finding web element from Test Object's properties

2021-11-11 10:38:16 - [MESSAGE][INFO] - Checking timeout

2021-11-11 10:38:16 - [MESSAGE][INFO] - Finding web element with id: 'Object Repository/Sayfalar/Giris_Sayfasi/PopupCarpiGiris' located by 'By.cssSelector: .bootbox-close-button.close' in '30' second(s)

2021-11-11 10:38:16 - [MESSAGE][INFO] - Smart Wait Function is triggered

2021-11-11 10:38:16 - [MESSAGE][INFO] - Found 1 web elements with id: 'Object Repository/Sayfalar/Giris_Sayfasi/PopupCarpiGiris' located by 'By.cssSelector: .bootbox-close-button.close' in '30' second(s)

2021-11-11 10:38:16 - [MESSAGE][INFO] - Clicking on object: 'Object Repository/Sayfalar/Giris_Sayfasi/PopupCarpiGiris'

2021-11-11 10:38:16 - [MESSAGE][PASSED] - Object: 'Object Repository/Sayfalar/Giris_Sayfasi/PopupCarpiGiris' is clicked on

2021-11-11 10:38:16 - [TEST_STEP][PASSED] - verifyElementVisible(findTestObject("Object Repository/Kullanici_Islemleri/KullaniciIslemleri")): Object 'Object Repository/Kullanici_Islemleri/KullaniciIslemleri' is visible

2021-11-11 10:38:16 - [MESSAGE][INFO] - Finding Test Object 'Object Repository/Kullanici_Islemleri/KullaniciIslemleri'

2021-11-11 10:38:16 - [MESSAGE][INFO] - Checking object

2021-11-11 10:38:16 - [MESSAGE][INFO] - Finding web element from Test Object's properties

2021-11-11 10:38:16 - [MESSAGE][INFO] - Checking timeout

2021-11-11 10:38:16 - [MESSAGE][INFO] - Finding web element with id: 'Object Repository/Kullanici_Islemleri/KullaniciIslemleri' located by 'By.cssSelector: .dropdown>a>img' in '30' second(s)

2021-11-11 10:38:16 - [MESSAGE][INFO] - Smart Wait Function is triggered

2021-11-11 10:38:17 - [MESSAGE][INFO] - Found 1 web elements with id: 'Object Repository/Kullanici_Islemleri/KullaniciIslemleri' located by 'By.cssSelector: .dropdown>a>img' in '30' second(s)

2021-11-11 10:38:17 - [MESSAGE][PASSED] - Object 'Object Repository/Kullanici_Islemleri/KullaniciIslemleri' is visible

2021-11-11 10:38:17 - [MESSAGE][PASSED] - Call Test Case 'Test Cases/Sayfalar/Giris_Sayfasi/Login' successfully

2021-11-11 10:38:17 - [MESSAGE][INFO] - Checking called Test Case

2021-11-11 10:38:17 - [MESSAGE][INFO] - Starting to call Test Case 'Test Cases/Menu/AnaMenuSecimi'

2021-11-11 10:38:17 - [TEST_CASE][PASSED] - Test Cases/Menu/AnaMenuSecimi: Test Cases/Menu/AnaMenuSecimi

2021-11-11 10:38:17 - [TEST_STEP][PASSED] - Method.TextDegerineEsitElementeTikla(findTestObject("Menu/Ana_Menu"), Ana_Menu): Method.TextDegerineEsitElementeTikla is PASSED

2021-11-11 10:38:17 - [MESSAGE][INFO] - Finding Test Object 'Object Repository/Menu/Ana_Menu'

2021-11-11 10:38:17 - [MESSAGE][INFO] - Checking timeout

2021-11-11 10:38:17 - [MESSAGE][INFO] - Finding web element with id: 'Object Repository/Menu/Ana_Menu' located by 'By.xpath: //*[@class = 'dropdown-toggle']' in '10' second(s)

2021-11-11 10:38:17 - [MESSAGE][INFO] - Smart Wait Function is triggered

2021-11-11 10:38:18 - [MESSAGE][INFO] - Found 14 web elements with id: 'Object Repository/Menu/Ana_Menu' located by 'By.xpath: //*[@class = 'dropdown-toggle']' in '10' second(s)

2021-11-11 10:38:18 - [MESSAGE][PASSED] - Method.TextDegerineEsitElementeTikla is PASSED

2021-11-11 10:38:18 - [MESSAGE][PASSED] - Call Test Case 'Test Cases/Menu/AnaMenuSecimi' successfully

2021-11-11 10:38:18 - [MESSAGE][INFO] - Checking called Test Case

2021-11-11 10:38:18 - [MESSAGE][INFO] - Starting to call Test Case 'Test Cases/Menu/AltMenuSecimi'

2021-11-11 10:38:18 - [TEST_CASE][PASSED] - Test Cases/Menu/AltMenuSecimi: Test Cases/Menu/AltMenuSecimi

2021-11-11 10:38:18 - [TEST_STEP][PASSED] - Method.TextDegerineEsitElementeTikla(findTestObject("Menu/Alt_Menu"), Alt_Menu): Method.TextDegerineEsitElementeTikla is PASSED

2021-11-11 10:38:18 - [MESSAGE][INFO] - Finding Test Object 'Object Repository/Menu/Alt_Menu'

2021-11-11 10:38:18 - [MESSAGE][INFO] - Checking timeout

2021-11-11 10:38:18 - [MESSAGE][INFO] - Finding web element with id: 'Object Repository/Menu/Alt_Menu' located by 'By.xpath: //li[@class='dropdown dropdown-large open']//li[@class='dropdown-element']' in '10' second(s)

2021-11-11 10:38:18 - [MESSAGE][INFO] - Smart Wait Function is triggered

2021-11-11 10:38:19 - [MESSAGE][INFO] - Found 1 web elements with id: 'Object Repository/Menu/Alt_Menu' located by 'By.xpath: //li[@class='dropdown dropdown-large open']//li[@class='dropdown-element']' in '10' second(s)

2021-11-11 10:38:21 - [MESSAGE][PASSED] - Method.TextDegerineEsitElementeTikla is PASSED

2021-11-11 10:38:21 - [MESSAGE][PASSED] - Call Test Case 'Test Cases/Menu/AltMenuSecimi' successfully

2021-11-11 10:38:21 - [MESSAGE][INFO] - Checking called Test Case

2021-11-11 10:38:21 - [MESSAGE][INFO] - Starting to call Test Case 'Test Cases/Filtreler/DropdownSec'

2021-11-11 10:38:21 - [TEST_CASE][PASSED] - Test Cases/Filtreler/DropdownSec: Test Cases/Filtreler/DropdownSec

2021-11-11 10:38:21 - [TEST_STEP][PASSED] - Method.TextDegerineEsitElementinAltindakineTikla(findTestObject("Filtreler/Basliklar"), findTestObject("Filtreler/Basliga_Gore_Baslangic_Image"), Filtre_Adi): Method.TextDegerineEsitElementinAltindakineTikla is PASSED

2021-11-11 10:38:21 - [MESSAGE][INFO] - Finding Test Object 'Object Repository/Filtreler/Basliklar'

2021-11-11 10:38:21 - [MESSAGE][INFO] - Finding Test Object 'Object Repository/Filtreler/Basliga_Gore_Baslangic_Image'

2021-11-11 10:38:21 - [MESSAGE][INFO] - Checking timeout

2021-11-11 10:38:21 - [MESSAGE][INFO] - Finding web element with id: 'Object Repository/Filtreler/Basliklar' located by 'By.cssSelector: .control-label.col-sm-4.paddingMarginRLC' in '10' second(s)

2021-11-11 10:38:21 - [MESSAGE][INFO] - Smart Wait Function is triggered

2021-11-11 10:38:22 - [MESSAGE][INFO] - Found 9 web elements with id: 'Object Repository/Filtreler/Basliklar' located by 'By.cssSelector: .control-label.col-sm-4.paddingMarginRLC' in '10' second(s)

2021-11-11 10:38:22 - [MESSAGE][INFO] - Smart Wait Function is triggered

2021-11-11 10:38:22 - [MESSAGE][PASSED] - Method.TextDegerineEsitElementinAltindakineTikla is PASSED

2021-11-11 10:38:22 - [TEST_STEP][PASSED] - Method.TextDegerineEsitElementeTikla(findTestObject("Object Repository/Filtreler/Basliga_Gore_Dropdown"), Filtre_Degeri): Method.TextDegerineEsitElementeTikla is PASSED

2021-11-11 10:38:22 - [MESSAGE][INFO] - Finding Test Object 'Object Repository/Filtreler/Basliga_Gore_Dropdown'

2021-11-11 10:38:22 - [MESSAGE][INFO] - Checking timeout

2021-11-11 10:38:22 - [MESSAGE][INFO] - Finding web element with id: 'Object Repository/Filtreler/Basliga_Gore_Dropdown' located by 'By.xpath: //*[@class = 'dxeListBoxItemRow_LECustomTheme']' in '10' second(s)

2021-11-11 10:38:22 - [MESSAGE][INFO] - Smart Wait Function is triggered

2021-11-11 10:38:22 - [MESSAGE][INFO] - Found 54 web elements with id: 'Object Repository/Filtreler/Basliga_Gore_Dropdown' located by 'By.xpath: //*[@class = 'dxeListBoxItemRow_LECustomTheme']' in '10' second(s)

2021-11-11 10:38:23 - [MESSAGE][PASSED] - Method.TextDegerineEsitElementeTikla is PASSED

2021-11-11 10:38:23 - [MESSAGE][PASSED] - Call Test Case 'Test Cases/Filtreler/DropdownSec' successfully

2021-11-11 10:38:23 - [MESSAGE][INFO] - Checking called Test Case

2021-11-11 10:38:23 - [MESSAGE][INFO] - Starting to call Test Case 'Test Cases/Filtreler/BaslangicYaz'

2021-11-11 10:38:23 - [TEST_CASE][PASSED] - Test Cases/Filtreler/BaslangicYaz: Test Cases/Filtreler/BaslangicYaz

2021-11-11 10:38:23 - [TEST_STEP][PASSED] - Method.TextDegerineEsitElementinAltindakineTikla(findTestObject("Filtreler/Basliklar"), findTestObject("Filtreler/Basliga_Gore_Baslangic_Image"), Filtre_Adi): Method.TextDegerineEsitElementinAltindakineTikla is PASSED

2021-11-11 10:38:23 - [MESSAGE][INFO] - Finding Test Object 'Object Repository/Filtreler/Basliklar'

2021-11-11 10:38:23 - [MESSAGE][INFO] - Finding Test Object 'Object Repository/Filtreler/Basliga_Gore_Baslangic_Image'

2021-11-11 10:38:23 - [MESSAGE][INFO] - Checking timeout

2021-11-11 10:38:23 - [MESSAGE][INFO] - Finding web element with id: 'Object Repository/Filtreler/Basliklar' located by 'By.cssSelector: .control-label.col-sm-4.paddingMarginRLC' in '10' second(s)

2021-11-11 10:38:23 - [MESSAGE][INFO] - Smart Wait Function is triggered

2021-11-11 10:38:23 - [MESSAGE][INFO] - Found 9 web elements with id: 'Object Repository/Filtreler/Basliklar' located by 'By.cssSelector: .control-label.col-sm-4.paddingMarginRLC' in '10' second(s)

2021-11-11 10:38:23 - [MESSAGE][INFO] - Smart Wait Function is triggered

2021-11-11 10:38:23 - [MESSAGE][PASSED] - Method.TextDegerineEsitElementinAltindakineTikla is PASSED

2021-11-11 10:38:23 - [TEST_STEP][PASSED] - Method.TextDegerineEsitElementinAltindakiTextboxtaYaz(findTestObject("Filtreler/Basliklar"), findTestObject("Filtreler/Basliga_Gore_Baslangic"), Filtre_Adi, Filtre_Degeri): Method.TextDegerineEsitElementinAltindakiTextboxtaYaz is PASSED

2021-11-11 10:38:23 - [MESSAGE][INFO] - Finding Test Object 'Object Repository/Filtreler/Basliklar'

2021-11-11 10:38:24 - [MESSAGE][INFO] - Finding Test Object 'Object Repository/Filtreler/Basliga_Gore_Baslangic'

2021-11-11 10:38:24 - [MESSAGE][INFO] - Checking timeout

2021-11-11 10:38:24 - [MESSAGE][INFO] - Finding web element with id: 'Object Repository/Filtreler/Basliklar' located by 'By.cssSelector: .control-label.col-sm-4.paddingMarginRLC' in '10' second(s)

2021-11-11 10:38:24 - [MESSAGE][INFO] - Smart Wait Function is triggered

2021-11-11 10:38:24 - [MESSAGE][INFO] - Found 9 web elements with id: 'Object Repository/Filtreler/Basliklar' located by 'By.cssSelector: .control-label.col-sm-4.paddingMarginRLC' in '10' second(s)

2021-11-11 10:38:24 - [MESSAGE][INFO] - Smart Wait Function is triggered

2021-11-11 10:38:24 - [MESSAGE][PASSED] - Method.TextDegerineEsitElementinAltindakiTextboxtaYaz is PASSED

2021-11-11 10:38:24 - [MESSAGE][PASSED] - Call Test Case 'Test Cases/Filtreler/BaslangicYaz' successfully

2021-11-11 10:38:24 - [MESSAGE][INFO] - Checking called Test Case

2021-11-11 10:38:24 - [MESSAGE][INFO] - Starting to call Test Case 'Test Cases/Filtreler/BitisYaz'

2021-11-11 10:38:24 - [TEST_CASE][PASSED] - Test Cases/Filtreler/BitisYaz: Test Cases/Filtreler/BitisYaz

2021-11-11 10:38:24 - [TEST_STEP][PASSED] - Method.TextDegerineEsitElementinAltindakineTikla(findTestObject("Filtreler/Basliklar"), findTestObject("Filtreler/Basliga_Gore_Bitis_Image"), Filtre_Adi): Method.TextDegerineEsitElementinAltindakineTikla is PASSED

2021-11-11 10:38:24 - [MESSAGE][INFO] - Finding Test Object 'Object Repository/Filtreler/Basliklar'

2021-11-11 10:38:25 - [MESSAGE][INFO] - Finding Test Object 'Object Repository/Filtreler/Basliga_Gore_Bitis_Image'

2021-11-11 10:38:25 - [MESSAGE][INFO] - Checking timeout

2021-11-11 10:38:25 - [MESSAGE][INFO] - Finding web element with id: 'Object Repository/Filtreler/Basliklar' located by 'By.cssSelector: .control-label.col-sm-4.paddingMarginRLC' in '10' second(s)

2021-11-11 10:38:25 - [MESSAGE][INFO] - Smart Wait Function is triggered

2021-11-11 10:38:25 - [MESSAGE][INFO] - Found 9 web elements with id: 'Object Repository/Filtreler/Basliklar' located by 'By.cssSelector: .control-label.col-sm-4.paddingMarginRLC' in '10' second(s)

2021-11-11 10:38:25 - [MESSAGE][INFO] - Smart Wait Function is triggered

2021-11-11 10:38:25 - [MESSAGE][PASSED] - Method.TextDegerineEsitElementinAltindakineTikla is PASSED

2021-11-11 10:38:25 - [TEST_STEP][PASSED] - Method.TextDegerineEsitElementinAltindakiTextboxtaYaz(findTestObject("Filtreler/Basliklar"), findTestObject("Object Repository/Filtreler/Basliga_Gore_Bitis"), Filtre_Adi, Filtre_Degeri): Method.TextDegerineEsitElementinAltindakiTextboxtaYaz is PASSED

2021-11-11 10:38:25 - [MESSAGE][INFO] - Finding Test Object 'Object Repository/Filtreler/Basliklar'

2021-11-11 10:38:25 - [MESSAGE][INFO] - Finding Test Object 'Object Repository/Filtreler/Basliga_Gore_Bitis'

2021-11-11 10:38:26 - [MESSAGE][INFO] - Checking timeout

2021-11-11 10:38:26 - [MESSAGE][INFO] - Finding web element with id: 'Object Repository/Filtreler/Basliklar' located by 'By.cssSelector: .control-label.col-sm-4.paddingMarginRLC' in '10' second(s)

2021-11-11 10:38:26 - [MESSAGE][INFO] - Smart Wait Function is triggered

2021-11-11 10:38:26 - [MESSAGE][INFO] - Found 9 web elements with id: 'Object Repository/Filtreler/Basliklar' located by 'By.cssSelector: .control-label.col-sm-4.paddingMarginRLC' in '10' second(s)

2021-11-11 10:38:26 - [MESSAGE][INFO] - Smart Wait Function is triggered

2021-11-11 10:38:26 - [MESSAGE][PASSED] - Method.TextDegerineEsitElementinAltindakiTextboxtaYaz is PASSED

2021-11-11 10:38:26 - [MESSAGE][PASSED] - Call Test Case 'Test Cases/Filtreler/BitisYaz' successfully

2021-11-11 10:38:26 - [MESSAGE][INFO] - Checking called Test Case

2021-11-11 10:38:26 - [MESSAGE][INFO] - Starting to call Test Case 'Test Cases/Filtreler/ButonaTikla'

2021-11-11 10:38:26 - [TEST_CASE][PASSED] - Test Cases/Filtreler/ButonaTikla: Test Cases/Filtreler/ButonaTikla

2021-11-11 10:38:26 - [TEST_STEP][PASSED] - Method.TextDegerineEsitElementeTikla(findTestObject("Filtreler/Butonlar"), Filtre_Buton): Method.TextDegerineEsitElementeTikla is PASSED

2021-11-11 10:38:26 - [MESSAGE][INFO] - Finding Test Object 'Object Repository/Filtreler/Butonlar'

2021-11-11 10:38:27 - [MESSAGE][INFO] - Checking timeout

2021-11-11 10:38:27 - [MESSAGE][INFO] - Finding web element with id: 'Object Repository/Filtreler/Butonlar' located by 'By.cssSelector: .dxb>span' in '10' second(s)

2021-11-11 10:38:27 - [MESSAGE][INFO] - Smart Wait Function is triggered

2021-11-11 10:38:27 - [MESSAGE][INFO] - Found 3 web elements with id: 'Object Repository/Filtreler/Butonlar' located by 'By.cssSelector: .dxb>span' in '10' second(s)

2021-11-11 10:38:27 - [MESSAGE][PASSED] - Method.TextDegerineEsitElementeTikla is PASSED

2021-11-11 10:38:27 - [MESSAGE][PASSED] - Call Test Case 'Test Cases/Filtreler/ButonaTikla' successfully

2021-11-11 10:38:27 - [MESSAGE][INFO] - Checking called Test Case

2021-11-11 10:38:27 - [MESSAGE][INFO] - Starting to call Test Case 'Test Cases/Tablo/TablodaVeriVarMi'

2021-11-11 10:38:27 - [TEST_CASE][PASSED] - Test Cases/Tablo/TablodaVeriVarMi: Test Cases/Tablo/TablodaVeriVarMi

2021-11-11 10:38:27 - [TEST_STEP][PASSED] - verifyTextNotPresent("Görüntülenecek veri yok", true): Text 'Görüntülenecek veri yok' is not present on page using regular expression

2021-11-11 10:38:27 - [MESSAGE][INFO] - Checking text present  using regular expression

2021-11-11 10:38:27 - [MESSAGE][INFO] - Smart Wait Function is triggered

2021-11-11 10:38:28 - [MESSAGE][INFO] - Finding text 'Görüntülenecek veri yok' on page  using regular expression

2021-11-11 10:38:28 - [MESSAGE][PASSED] - Text 'Görüntülenecek veri yok' is not present on page using regular expression

2021-11-11 10:38:28 - [MESSAGE][PASSED] - Call Test Case 'Test Cases/Tablo/TablodaVeriVarMi' successfully

2021-11-11 10:38:28 - [MESSAGE][INFO] - Checking called Test Case

2021-11-11 10:38:28 - [MESSAGE][INFO] - Starting to call Test Case 'Test Cases/Tablo/TablodanVeriSec'

2021-11-11 10:38:28 - [TEST_CASE][PASSED] - Test Cases/Tablo/TablodanVeriSec: Test Cases/Tablo/TablodanVeriSec

2021-11-11 10:38:28 - [TEST_STEP][PASSED] - Method.TextDegerineEsitElementinAltindakineTikla(findTestObject("Tablo/Veriler"), findTestObject("Tablo/VerininCheckBoxi"), Veri_Adi): Method.TextDegerineEsitElementinAltindakineTikla is PASSED

2021-11-11 10:38:28 - [MESSAGE][INFO] - Finding Test Object 'Object Repository/Tablo/Veriler'

2021-11-11 10:38:28 - [MESSAGE][INFO] - Finding Test Object 'Object Repository/Tablo/VerininCheckBoxi'

2021-11-11 10:38:29 - [MESSAGE][INFO] - Checking timeout

2021-11-11 10:38:29 - [MESSAGE][INFO] - Finding web element with id: 'Object Repository/Tablo/Veriler' located by 'By.cssSelector: td.dxgv b ,td.dxgv' in '10' second(s)

2021-11-11 10:38:29 - [MESSAGE][INFO] - Smart Wait Function is triggered

2021-11-11 10:38:29 - [MESSAGE][INFO] - Found 33 web elements with id: 'Object Repository/Tablo/Veriler' located by 'By.cssSelector: td.dxgv b ,td.dxgv' in '10' second(s)

2021-11-11 10:38:29 - [MESSAGE][INFO] - Smart Wait Function is triggered

2021-11-11 10:38:29 - [MESSAGE][PASSED] - Method.TextDegerineEsitElementinAltindakineTikla is PASSED

2021-11-11 10:38:29 - [MESSAGE][PASSED] - Call Test Case 'Test Cases/Tablo/TablodanVeriSec' successfully

2021-11-11 10:38:29 - [MESSAGE][INFO] - Checking called Test Case

2021-11-11 10:38:29 - [MESSAGE][INFO] - Starting to call Test Case 'Test Cases/Butonlar/ButonaTikla'

2021-11-11 10:38:29 - [TEST_CASE][PASSED] - Test Cases/Butonlar/ButonaTikla: Test Cases/Butonlar/ButonaTikla

2021-11-11 10:38:29 - [TEST_STEP][PASSED] - Method.TextDegerineEsitElementeTiklaEquals(findTestObject("Butonlar/Butonlar"), Buton_Adi): Method.TextDegerineEsitElementeTiklaEquals is PASSED

2021-11-11 10:38:29 - [MESSAGE][INFO] - Finding Test Object 'Object Repository/Butonlar/Butonlar'

2021-11-11 10:38:29 - [MESSAGE][INFO] - Checking timeout

2021-11-11 10:38:29 - [MESSAGE][INFO] - Finding web element with id: 'Object Repository/Butonlar/Butonlar' located by 'By.cssSelector: .panel.panel-default.text-center.footerPanel .btn,.btn.btn-primary.btnControls' in '10' second(s)

2021-11-11 10:38:29 - [MESSAGE][INFO] - Smart Wait Function is triggered

2021-11-11 10:38:30 - [MESSAGE][INFO] - Found 4 web elements with id: 'Object Repository/Butonlar/Butonlar' located by 'By.cssSelector: .panel.panel-default.text-center.footerPanel .btn,.btn.btn-primary.btnControls' in '10' second(s)

2021-11-11 10:38:30 - [MESSAGE][PASSED] - Method.TextDegerineEsitElementeTiklaEquals is PASSED

2021-11-11 10:38:30 - [MESSAGE][PASSED] - Call Test Case 'Test Cases/Butonlar/ButonaTikla' successfully

2021-11-11 10:38:30 - [MESSAGE][INFO] - Checking called Test Case

2021-11-11 10:38:30 - [MESSAGE][INFO] - Starting to call Test Case 'Test Cases/Butonlar/AltButonaTikla'

2021-11-11 10:38:30 - [TEST_CASE][PASSED] - Test Cases/Butonlar/AltButonaTikla: Test Cases/Butonlar/AltButonaTikla

2021-11-11 10:38:30 - [TEST_STEP][PASSED] - Method.TextDegerineEsitElementeTikla(findTestObject("Butonlar/AltButonlar"), Alt_Buton): Method.TextDegerineEsitElementeTikla is PASSED

2021-11-11 10:38:30 - [MESSAGE][INFO] - Finding Test Object 'Object Repository/Butonlar/AltButonlar'

2021-11-11 10:38:30 - [MESSAGE][INFO] - Checking timeout

2021-11-11 10:38:30 - [MESSAGE][INFO] - Finding web element with id: 'Object Repository/Butonlar/AltButonlar' located by 'By.cssSelector: .btn-group.open li>a' in '10' second(s)

2021-11-11 10:38:30 - [MESSAGE][INFO] - Smart Wait Function is triggered

2021-11-11 10:38:31 - [MESSAGE][INFO] - Found 2 web elements with id: 'Object Repository/Butonlar/AltButonlar' located by 'By.cssSelector: .btn-group.open li>a' in '10' second(s)

2021-11-11 10:38:31 - [MESSAGE][PASSED] - Method.TextDegerineEsitElementeTikla is PASSED

2021-11-11 10:38:31 - [MESSAGE][PASSED] - Call Test Case 'Test Cases/Butonlar/AltButonaTikla' successfully

2021-11-11 10:38:31 - [MESSAGE][INFO] - Checking called Test Case

2021-11-11 10:38:31 - [MESSAGE][INFO] - Starting to call Test Case 'Test Cases/Butonlar/DosyaIndirildiMi'

2021-11-11 10:38:31 - [TEST_CASE][PASSED] - Test Cases/Butonlar/DosyaIndirildiMi: Test Cases/Butonlar/DosyaIndirildiMi

2021-11-11 10:38:31 - [TEST_STEP][PASSED] - Method.isimliDosyaIndirildiMi(DownloadFile, FileName): Method.isimliDosyaIndirildiMi is PASSED

2021-11-11 10:38:31 - [MESSAGE][INFO] - Delaying browser in 3 second(s)

2021-11-11 10:38:35 - [MESSAGE][PASSED] - Delayed 3 second(s)

2021-11-11 10:38:35 - [MESSAGE][PASSED] - Method.isimliDosyaIndirildiMi is PASSED

2021-11-11 10:38:35 - [MESSAGE][PASSED] - Call Test Case 'Test Cases/Butonlar/DosyaIndirildiMi' successfully

2021-11-11 10:38:35 - [MESSAGE][INFO] - Checking called Test Case

2021-11-11 10:38:35 - [MESSAGE][INFO] - Starting to call Test Case 'Test Cases/Butonlar/ButonaTikla'

2021-11-11 10:38:35 - [TEST_CASE][PASSED] - Test Cases/Butonlar/ButonaTikla: Test Cases/Butonlar/ButonaTikla

2021-11-11 10:38:35 - [TEST_STEP][PASSED] - Method.TextDegerineEsitElementeTiklaEquals(findTestObject("Butonlar/Butonlar"), Buton_Adi): Method.TextDegerineEsitElementeTiklaEquals is PASSED

2021-11-11 10:38:35 - [MESSAGE][INFO] - Finding Test Object 'Object Repository/Butonlar/Butonlar'

2021-11-11 10:38:35 - [MESSAGE][INFO] - Checking timeout

2021-11-11 10:38:35 - [MESSAGE][INFO] - Finding web element with id: 'Object Repository/Butonlar/Butonlar' located by 'By.cssSelector: .panel.panel-default.text-center.footerPanel .btn,.btn.btn-primary.btnControls' in '10' second(s)

2021-11-11 10:38:35 - [MESSAGE][INFO] - Smart Wait Function is triggered

2021-11-11 10:38:35 - [MESSAGE][INFO] - Found 4 web elements with id: 'Object Repository/Butonlar/Butonlar' located by 'By.cssSelector: .panel.panel-default.text-center.footerPanel .btn,.btn.btn-primary.btnControls' in '10' second(s)

2021-11-11 10:38:35 - [MESSAGE][PASSED] - Method.TextDegerineEsitElementeTiklaEquals is PASSED

2021-11-11 10:38:35 - [MESSAGE][PASSED] - Call Test Case 'Test Cases/Butonlar/ButonaTikla' successfully

2021-11-11 10:38:35 - [MESSAGE][INFO] - Checking called Test Case

2021-11-11 10:38:35 - [MESSAGE][INFO] - Starting to call Test Case 'Test Cases/Butonlar/AltButonaTikla'

2021-11-11 10:38:35 - [TEST_CASE][PASSED] - Test Cases/Butonlar/AltButonaTikla: Test Cases/Butonlar/AltButonaTikla

2021-11-11 10:38:35 - [TEST_STEP][PASSED] - Method.TextDegerineEsitElementeTikla(findTestObject("Butonlar/AltButonlar"), Alt_Buton): Method.TextDegerineEsitElementeTikla is PASSED

2021-11-11 10:38:35 - [MESSAGE][INFO] - Finding Test Object 'Object Repository/Butonlar/AltButonlar'

2021-11-11 10:38:35 - [MESSAGE][INFO] - Checking timeout

2021-11-11 10:38:35 - [MESSAGE][INFO] - Finding web element with id: 'Object Repository/Butonlar/AltButonlar' located by 'By.cssSelector: .btn-group.open li>a' in '10' second(s)

2021-11-11 10:38:35 - [MESSAGE][INFO] - Smart Wait Function is triggered

2021-11-11 10:38:36 - [MESSAGE][INFO] - Found 2 web elements with id: 'Object Repository/Butonlar/AltButonlar' located by 'By.cssSelector: .btn-group.open li>a' in '10' second(s)

2021-11-11 10:38:36 - [MESSAGE][PASSED] - Method.TextDegerineEsitElementeTikla is PASSED

2021-11-11 10:38:36 - [MESSAGE][PASSED] - Call Test Case 'Test Cases/Butonlar/AltButonaTikla' successfully

2021-11-11 10:38:36 - [MESSAGE][INFO] - Checking called Test Case

2021-11-11 10:38:36 - [MESSAGE][INFO] - Starting to call Test Case 'Test Cases/Butonlar/DosyaIndirildiMi'

2021-11-11 10:38:36 - [TEST_CASE][PASSED] - Test Cases/Butonlar/DosyaIndirildiMi: Test Cases/Butonlar/DosyaIndirildiMi

2021-11-11 10:38:36 - [TEST_STEP][PASSED] - Method.isimliDosyaIndirildiMi(DownloadFile, FileName): Method.isimliDosyaIndirildiMi is PASSED

2021-11-11 10:38:36 - [MESSAGE][INFO] - Delaying browser in 3 second(s)

2021-11-11 10:38:39 - [MESSAGE][PASSED] - Delayed 3 second(s)

2021-11-11 10:38:39 - [MESSAGE][PASSED] - Method.isimliDosyaIndirildiMi is PASSED

2021-11-11 10:38:39 - [MESSAGE][PASSED] - Call Test Case 'Test Cases/Butonlar/DosyaIndirildiMi' successfully

2021-11-11 10:38:39 - [MESSAGE][INFO] - Checking called Test Case

2021-11-11 10:38:39 - [MESSAGE][INFO] - Starting to call Test Case 'Test Cases/Kullanici_Islemleri/KullaniciIslemlerindenSecimYapilir'

2021-11-11 10:38:39 - [TEST_CASE][PASSED] - Test Cases/Kullanici_Islemleri/KullaniciIslemlerindenSecimYapilir: Test Cases/Kullanici_Islemleri/KullaniciIslemlerindenSecimYapilir

2021-11-11 10:38:39 - [TEST_STEP][PASSED] - waitForElementClickable(findTestObject("Object Repository/Kullanici_Islemleri/KullaniciIslemleri"), 10): Object 'Object Repository/Kullanici_Islemleri/KullaniciIslemleri' is clickable

2021-11-11 10:38:39 - [MESSAGE][INFO] - Finding Test Object 'Object Repository/Kullanici_Islemleri/KullaniciIslemleri'

2021-11-11 10:38:39 - [MESSAGE][INFO] - Checking object

2021-11-11 10:38:39 - [MESSAGE][INFO] - Checking timeout

2021-11-11 10:38:39 - [MESSAGE][INFO] - Finding web element from Test Object's properties

2021-11-11 10:38:39 - [MESSAGE][INFO] - Checking timeout

2021-11-11 10:38:39 - [MESSAGE][INFO] - Finding web element with id: 'Object Repository/Kullanici_Islemleri/KullaniciIslemleri' located by 'By.cssSelector: .dropdown>a>img' in '10' second(s)

2021-11-11 10:38:39 - [MESSAGE][INFO] - Smart Wait Function is triggered

2021-11-11 10:38:39 - [MESSAGE][INFO] - Found 1 web elements with id: 'Object Repository/Kullanici_Islemleri/KullaniciIslemleri' located by 'By.cssSelector: .dropdown>a>img' in '10' second(s)

2021-11-11 10:38:39 - [MESSAGE][PASSED] - Object 'Object Repository/Kullanici_Islemleri/KullaniciIslemleri' is clickable

2021-11-11 10:38:39 - [TEST_STEP][PASSED] - click(findTestObject("Object Repository/Kullanici_Islemleri/KullaniciIslemleri")): Object: 'Object Repository/Kullanici_Islemleri/KullaniciIslemleri' is clicked on

2021-11-11 10:38:39 - [MESSAGE][INFO] - Finding Test Object 'Object Repository/Kullanici_Islemleri/KullaniciIslemleri'

2021-11-11 10:38:40 - [MESSAGE][INFO] - Checking object

2021-11-11 10:38:40 - [MESSAGE][INFO] - Finding web element from Test Object's properties

2021-11-11 10:38:40 - [MESSAGE][INFO] - Checking timeout

2021-11-11 10:38:40 - [MESSAGE][INFO] - Finding web element with id: 'Object Repository/Kullanici_Islemleri/KullaniciIslemleri' located by 'By.cssSelector: .dropdown>a>img' in '30' second(s)

2021-11-11 10:38:40 - [MESSAGE][INFO] - Smart Wait Function is triggered

2021-11-11 10:38:40 - [MESSAGE][INFO] - Found 1 web elements with id: 'Object Repository/Kullanici_Islemleri/KullaniciIslemleri' located by 'By.cssSelector: .dropdown>a>img' in '30' second(s)

2021-11-11 10:38:40 - [MESSAGE][INFO] - Clicking on object: 'Object Repository/Kullanici_Islemleri/KullaniciIslemleri'

2021-11-11 10:38:40 - [MESSAGE][PASSED] - Object: 'Object Repository/Kullanici_Islemleri/KullaniciIslemleri' is clicked on

2021-11-11 10:38:40 - [TEST_STEP][PASSED] - Method.TextDegerineEsitElementeTikla(findTestObject("Object Repository/Kullanici_Islemleri/Secenekler"), Islem): Method.TextDegerineEsitElementeTikla is PASSED

2021-11-11 10:38:40 - [MESSAGE][INFO] - Finding Test Object 'Object Repository/Kullanici_Islemleri/Secenekler'

2021-11-11 10:38:40 - [MESSAGE][INFO] - Checking timeout

2021-11-11 10:38:40 - [MESSAGE][INFO] - Finding web element with id: 'Object Repository/Kullanici_Islemleri/Secenekler' located by 'By.cssSelector: .nav.navbar-nav.navbar-right li a' in '10' second(s)

2021-11-11 10:38:40 - [MESSAGE][INFO] - Smart Wait Function is triggered

2021-11-11 10:38:40 - [MESSAGE][INFO] - Found 22 web elements with id: 'Object Repository/Kullanici_Islemleri/Secenekler' located by 'By.cssSelector: .nav.navbar-nav.navbar-right li a' in '10' second(s)

2021-11-11 10:38:42 - [MESSAGE][PASSED] - Method.TextDegerineEsitElementeTikla is PASSED

2021-11-11 10:38:42 - [TEST_STEP][PASSED] - verifyElementNotPresent(findTestObject("Object Repository/Kullanici_Islemleri/Secenekler"), 10): Web element with id: 'Object Repository/Kullanici_Islemleri/Secenekler' located by 'By.cssSelector: .nav.navbar-nav.navbar-right li a' is not present after '10' second(s)

2021-11-11 10:38:42 - [MESSAGE][INFO] - Finding Test Object 'Object Repository/Kullanici_Islemleri/Secenekler'

2021-11-11 10:38:42 - [MESSAGE][INFO] - Checking object

2021-11-11 10:38:42 - [MESSAGE][INFO] - Checking timeout

2021-11-11 10:38:42 - [MESSAGE][INFO] - Finding web element with id: 'Object Repository/Kullanici_Islemleri/Secenekler' located by 'By.cssSelector: .nav.navbar-nav.navbar-right li a' in '10' second(s)

2021-11-11 10:38:42 - [MESSAGE][INFO] - Smart Wait Function is triggered

2021-11-11 10:38:42 - [MESSAGE][PASSED] - Web element with id: 'Object Repository/Kullanici_Islemleri/Secenekler' located by 'By.cssSelector: .nav.navbar-nav.navbar-right li a' is not present after '10' second(s)

2021-11-11 10:38:42 - [MESSAGE][PASSED] - Call Test Case 'Test Cases/Kullanici_Islemleri/KullaniciIslemlerindenSecimYapilir' successfully

2021-11-11 10:38:42 - [TEST_CASE][PASSED] - Start Test Case : SCENARIO OCK Mali Raporlari Excele Aktar: SCENARIO OCK Mali Raporlari Excele Aktar

2021-11-11 10:38:42 - [TEST_STEP][PASSED] - Kullanıcı adı ELOGO6 ve Şifre 123456 olarak giriş yapılır: Kullanıcı adı ELOGO6 ve Şifre 123456 olarak giriş yapılır

2021-11-11 10:38:42 - [MESSAGE][PASSED] - Kullanıcı adı ELOGO6 ve Şifre 123456 olarak giriş yapılır

2021-11-11 10:38:42 - [TEST_STEP][PASSED] - Ana menüden ÖKC İşlemleri seçilir: Ana menüden ÖKC İşlemleri seçilir

2021-11-11 10:38:42 - [MESSAGE][PASSED] - Ana menüden ÖKC İşlemleri seçilir

2021-11-11 10:38:42 - [TEST_STEP][PASSED] - Alt menüden ÖKC Mali Raporlar seçilir: Alt menüden ÖKC Mali Raporlar seçilir

2021-11-11 10:38:42 - [MESSAGE][PASSED] - Alt menüden ÖKC Mali Raporlar seçilir

2021-11-11 10:38:42 - [TEST_STEP][PASSED] - Filtrelerden Dönem filtresine 2021 Ocak dropdowndan degeri seçilir: Filtrelerden Dönem filtresine 2021 Ocak dropdowndan degeri seçilir

2021-11-11 10:38:42 - [MESSAGE][PASSED] - Filtrelerden Dönem filtresine 2021 Ocak dropdowndan degeri seçilir

2021-11-11 10:38:42 - [TEST_STEP][PASSED] - Filtrelerden Oluşturma Tarihi filtresine 01.01.2021 baslangic degerini yaz: Filtrelerden Oluşturma Tarihi filtresine 01.01.2021 baslangic degerini yaz

2021-11-11 10:38:42 - [MESSAGE][PASSED] - Filtrelerden Oluşturma Tarihi filtresine 01.01.2021 baslangic degerini yaz

2021-11-11 10:38:42 - [TEST_STEP][PASSED] - Filtrelerden Oluşturma Tarihi filtresine 11.01.2021 bitis degerini yaz: Filtrelerden Oluşturma Tarihi filtresine 11.01.2021 bitis degerini yaz

2021-11-11 10:38:42 - [MESSAGE][PASSED] - Filtrelerden Oluşturma Tarihi filtresine 11.01.2021 bitis degerini yaz

2021-11-11 10:38:42 - [TEST_STEP][PASSED] - Filtre butonlarından Listele seçilir: Filtre butonlarından Listele seçilir

2021-11-11 10:38:42 - [MESSAGE][PASSED] - Filtre butonlarından Listele seçilir

2021-11-11 10:38:42 - [TEST_STEP][PASSED] - Tabloda veri var mı kontrol edilir: Tabloda veri var mı kontrol edilir

2021-11-11 10:38:42 - [MESSAGE][PASSED] - Tabloda veri var mı kontrol edilir

2021-11-11 10:38:42 - [TEST_STEP][PASSED] - Tablodan 179 isimli veri seçilir: Tablodan 179 isimli veri seçilir

2021-11-11 10:38:42 - [MESSAGE][PASSED] - Tablodan 179 isimli veri seçilir

2021-11-11 10:38:42 - [TEST_STEP][PASSED] - Butonlardan Excel isimli butona tıklanır: Butonlardan Excel isimli butona tıklanır

2021-11-11 10:38:42 - [MESSAGE][PASSED] - Butonlardan Excel isimli butona tıklanır

2021-11-11 10:38:42 - [TEST_STEP][PASSED] - Alt butonlardan Excel'e Aktar butonuna tıklanır: Alt butonlardan Excel'e Aktar butonuna tıklanır

2021-11-11 10:38:42 - [MESSAGE][PASSED] - Alt butonlardan Excel'e Aktar butonuna tıklanır

2021-11-11 10:38:42 - [TEST_STEP][PASSED] - Ön eki okcRaporlari olan dosya indirildi mi: Ön eki okcRaporlari olan dosya indirildi mi

2021-11-11 10:38:42 - [MESSAGE][PASSED] - Ön eki okcRaporlari olan dosya indirildi mi

2021-11-11 10:38:42 - [TEST_STEP][PASSED] - Butonlardan Excel isimli butona tıklanır: Butonlardan Excel isimli butona tıklanır

2021-11-11 10:38:42 - [MESSAGE][PASSED] - Butonlardan Excel isimli butona tıklanır

2021-11-11 10:38:42 - [TEST_STEP][PASSED] - Alt butonlardan Tümünü Excel'e Aktar butonuna tıklanır: Alt butonlardan Tümünü Excel'e Aktar butonuna tıklanır

2021-11-11 10:38:42 - [MESSAGE][PASSED] - Alt butonlardan Tümünü Excel'e Aktar butonuna tıklanır

2021-11-11 10:38:42 - [TEST_STEP][PASSED] - Ön eki okcRaporlari olan dosya indirildi mi: Ön eki okcRaporlari olan dosya indirildi mi

2021-11-11 10:38:42 - [MESSAGE][PASSED] - Ön eki okcRaporlari olan dosya indirildi mi

2021-11-11 10:38:42 - [TEST_STEP][PASSED] - Kullanıcı işlemlerinden Çıkış seçilir: Kullanıcı işlemlerinden Çıkış seçilir

2021-11-11 10:38:42 - [MESSAGE][PASSED] - Kullanıcı işlemlerinden Çıkış seçilir

2021-11-11 10:38:42 - [MESSAGE][PASSED] - Feature file: 'Include/features/OKC Islemleri/OKC Mali Raporlari/Excele Aktar.feature' was passed

2021-11-11 10:38:42 - [TEST_STEP][PASSED] - Start listener action : sampleAfterTestSuite: Invoke 'com.kms.katalon.core.annotation.AfterTestCase' method: 'Listener.sampleAfterTestSuite(...)' completed.

2021-11-11 10:38:42 - [MESSAGE][INFO] - Starting invoke 'com.kms.katalon.core.annotation.AfterTestCase' method: 'Listener.sampleAfterTestSuite(...)'

2021-11-11 10:38:42 - [TEST_STEP][PASSED] - closeBrowser(): Invoke 'com.kms.katalon.core.annotation.AfterTestCase' method: 'Listener.sampleAfterTestSuite(...)' completed.

2021-11-11 10:38:42 - [MESSAGE][INFO] - Closing browser

2021-11-11 10:38:43 - [MESSAGE][PASSED] - Browser is closed

2021-11-11 10:38:43 - [MESSAGE][INFO] - Invoke 'com.kms.katalon.core.annotation.AfterTestCase' method: 'Listener.sampleAfterTestSuite(...)' completed.]]></system-out>
         <system-err><![CDATA[]]></system-err>
      </testcase>
      <system-out><![CDATA[2021-11-11 10:35:07 - [TEST_SUITE][PASSED] - Okc_Islemleri: Test Cases/Case Repository/OKC Islemleri/OKC Mali Raporlar/Excele Aktar]]></system-out>
      <system-err><![CDATA[]]></system-err>
   </testsuite>
</testsuites>
