<?xml version="1.0" encoding="UTF-8"?>
<testsuites name="e-Irsaliye" time="1875.909" tests="31" failures="1" errors="0">
   <testsuite name="e-Irsaliye" tests="31" failures="1" errors="0" time="1875.909" skipped="0" timestamp="2021-11-18 11:10:35" hostname="DELL - DESKTOP-QBVMTUG" id="">
      <properties>
         <property name="deviceName" value=""/>
         <property name="devicePlatform" value=""/>
         <property name="logFolder" value="C:\\Users\\DELL\\Documents\\GitHub\\EES_KatalonLogo\\Reports\\20211118_110909\\Suite Repository\\e-Irsaliye\\20211118_110920"/>
         <property name="logFiles" value="C:\\Users\\DELL\\Documents\\GitHub\\EES_KatalonLogo\\Reports\\20211118_110909\\Suite Repository\\e-Irsaliye\\20211118_110920\\execution0.log, C:\\Users\\DELL\\Documents\\GitHub\\EES_KatalonLogo\\Reports\\20211118_110909\\Suite Repository\\e-Irsaliye\\20211118_110920\\execution1.log"/>
         <property name="attachments" value=""/>
         <property name="hostName" value="DELL - DESKTOP-QBVMTUG"/>
         <property name="os" value="Windows 10 64bit"/>
         <property name="katalonVersion" value="8.0.5.208"/>
         <property name="browser" value="Chrome 96.0.4664.45"/>
         <property name="hostAddress" value="192.168.1.24"/>
         <property name="sessionId" value="7d8083cb6907488f44f32da98aec4ea1"/>
         <property name="seleniumVersion" value="3.141.59"/>
         <property name="proxyInformation" value="ProxyInformation { proxyOption=NO_PROXY, proxyServerType=HTTP, username=, password=********, proxyServerAddress=, proxyServerPort=0, executionList=&quot;&quot;, isApplyToDesiredCapabilities=true }"/>
         <property name="platform" value="Windows 10"/>
      </properties>
      <testcase name="Test Cases/Case Repository/e-Irsaliye/e-Irsaliye Araclari/e-Irsaliye Olusturma/Ekle/TCKN-Temel Irsaliye-Sevk Tipinde" time="267.992" classname="Test Cases/Case Repository/e-Irsaliye/e-Irsaliye Araclari/e-Irsaliye Olusturma/Ekle/TCKN-Temel Irsaliye-Sevk Tipinde" status="FAILED">
         <failure type="FAILED" message="Test Cases/Case Repository/e-Irsaliye/e-Irsaliye Araclari/e-Irsaliye Olusturma/Ekle/TCKN-Temel Irsaliye-Sevk Tipinde FAILED.
Reason:
com.kms.katalon.core.exception.StepFailedException: Feature file 'Include/features/e-Irsaliye/e-Irsaliye Araclari/e-Irsaliye Olusturma/Ekle/TCKN-Temel Irsaliye-Sevk Tipinde.feature' was failed
	at com.kms.katalon.core.keyword.internal.KeywordMain.stepFailed(KeywordMain.groovy:50)
	at com.kms.katalon.core.keyword.internal.KeywordMain.stepFailed(KeywordMain.groovy)
	at com.kms.katalon.core.keyword.internal.KeywordMain.stepFailed(KeywordMain.groovy:23)
	at com.kms.katalon.core.keyword.internal.KeywordMain$stepFailed$0.call(Unknown Source)
	at com.kms.katalon.core.cucumber.keyword.CucumberBuiltinKeywords$_runFeatureFile_closure1.doCall(CucumberBuiltinKeywords.groovy:112)
	at com.kms.katalon.core.cucumber.keyword.CucumberBuiltinKeywords$_runFeatureFile_closure1.doCall(CucumberBuiltinKeywords.groovy)
	at com.kms.katalon.core.keyword.internal.KeywordMain.runKeyword(KeywordMain.groovy:68)
	at com.kms.katalon.core.keyword.internal.KeywordMain$runKeyword.call(Unknown Source)
	at com.kms.katalon.core.cucumber.keyword.CucumberBuiltinKeywords.runFeatureFile(CucumberBuiltinKeywords.groovy:73)
	at com.kms.katalon.core.cucumber.keyword.CucumberBuiltinKeywords$runFeatureFile$0.callStatic(Unknown Source)
	at com.kms.katalon.core.cucumber.keyword.CucumberBuiltinKeywords.runFeatureFile(CucumberBuiltinKeywords.groovy:246)
	at com.kms.katalon.core.cucumber.keyword.CucumberBuiltinKeywords$runFeatureFile.call(Unknown Source)
	at TCKN-Temel Irsaliye-Sevk Tipinde.run(TCKN-Temel Irsaliye-Sevk Tipinde:17)
	at com.kms.katalon.core.main.ScriptEngine.run(ScriptEngine.java:194)
	at com.kms.katalon.core.main.ScriptEngine.runScriptAsRawText(ScriptEngine.java:119)
	at com.kms.katalon.core.main.TestCaseExecutor.runScript(TestCaseExecutor.java:369)
	at com.kms.katalon.core.main.TestCaseExecutor.doExecute(TestCaseExecutor.java:360)
	at com.kms.katalon.core.main.TestCaseExecutor.processExecutionPhase(TestCaseExecutor.java:339)
	at com.kms.katalon.core.main.TestCaseExecutor.accessMainPhase(TestCaseExecutor.java:331)
	at com.kms.katalon.core.main.TestCaseExecutor.execute(TestCaseExecutor.java:248)
	at com.kms.katalon.core.main.TestSuiteExecutor.accessTestCaseMainPhase(TestSuiteExecutor.java:191)
	at com.kms.katalon.core.main.TestSuiteExecutor.accessTestSuiteMainPhase(TestSuiteExecutor.java:140)
	at com.kms.katalon.core.main.TestSuiteExecutor.execute(TestSuiteExecutor.java:89)
	at com.kms.katalon.core.main.TestCaseMain.startTestSuite(TestCaseMain.java:181)
	at com.kms.katalon.core.main.TestCaseMain$startTestSuite$0.call(Unknown Source)
	at TempTestSuite1637222960690.run(TempTestSuite1637222960690.groovy:39)
"/>
         <system-out><![CDATA[2021-11-18 11:10:36 - [TEST_CASE][FAILED] - Test Cases/Case Repository/e-Irsaliye/e-Irsaliye Araclari/e-Irsaliye Olusturma/Ekle/TCKN-Temel Irsaliye-Sevk Tipinde: Test Cases/Case Repository/e-Irsaliye/e-Irsaliye Araclari/e-Irsaliye Olusturma/Ekle/TCKN-Temel Irsaliye-Sevk Tipinde FAILED.
Reason:
com.kms.katalon.core.exception.StepFailedException: Feature file 'Include/features/e-Irsaliye/e-Irsaliye Araclari/e-Irsaliye Olusturma/Ekle/TCKN-Temel Irsaliye-Sevk Tipinde.feature' was failed
	at com.kms.katalon.core.keyword.internal.KeywordMain.stepFailed(KeywordMain.groovy:50)
	at com.kms.katalon.core.keyword.internal.KeywordMain.stepFailed(KeywordMain.groovy)
	at com.kms.katalon.core.keyword.internal.KeywordMain.stepFailed(KeywordMain.groovy:23)
	at com.kms.katalon.core.keyword.internal.KeywordMain$stepFailed$0.call(Unknown Source)
	at com.kms.katalon.core.cucumber.keyword.CucumberBuiltinKeywords$_runFeatureFile_closure1.doCall(CucumberBuiltinKeywords.groovy:112)
	at com.kms.katalon.core.cucumber.keyword.CucumberBuiltinKeywords$_runFeatureFile_closure1.doCall(CucumberBuiltinKeywords.groovy)
	at com.kms.katalon.core.keyword.internal.KeywordMain.runKeyword(KeywordMain.groovy:68)
	at com.kms.katalon.core.keyword.internal.KeywordMain$runKeyword.call(Unknown Source)
	at com.kms.katalon.core.cucumber.keyword.CucumberBuiltinKeywords.runFeatureFile(CucumberBuiltinKeywords.groovy:73)
	at com.kms.katalon.core.cucumber.keyword.CucumberBuiltinKeywords$runFeatureFile$0.callStatic(Unknown Source)
	at com.kms.katalon.core.cucumber.keyword.CucumberBuiltinKeywords.runFeatureFile(CucumberBuiltinKeywords.groovy:246)
	at com.kms.katalon.core.cucumber.keyword.CucumberBuiltinKeywords$runFeatureFile.call(Unknown Source)
	at TCKN-Temel Irsaliye-Sevk Tipinde.run(TCKN-Temel Irsaliye-Sevk Tipinde:17)
	at com.kms.katalon.core.main.ScriptEngine.run(ScriptEngine.java:194)
	at com.kms.katalon.core.main.ScriptEngine.runScriptAsRawText(ScriptEngine.java:119)
	at com.kms.katalon.core.main.TestCaseExecutor.runScript(TestCaseExecutor.java:369)
	at com.kms.katalon.core.main.TestCaseExecutor.doExecute(TestCaseExecutor.java:360)
	at com.kms.katalon.core.main.TestCaseExecutor.processExecutionPhase(TestCaseExecutor.java:339)
	at com.kms.katalon.core.main.TestCaseExecutor.accessMainPhase(TestCaseExecutor.java:331)
	at com.kms.katalon.core.main.TestCaseExecutor.execute(TestCaseExecutor.java:248)
	at com.kms.katalon.core.main.TestSuiteExecutor.accessTestCaseMainPhase(TestSuiteExecutor.java:191)
	at com.kms.katalon.core.main.TestSuiteExecutor.accessTestSuiteMainPhase(TestSuiteExecutor.java:140)
	at com.kms.katalon.core.main.TestSuiteExecutor.execute(TestSuiteExecutor.java:89)
	at com.kms.katalon.core.main.TestCaseMain.startTestSuite(TestCaseMain.java:181)
	at com.kms.katalon.core.main.TestCaseMain$startTestSuite$0.call(Unknown Source)
	at TempTestSuite1637222960690.run(TempTestSuite1637222960690.groovy:39)


2021-11-18 11:10:36 - [TEST_STEP][PASSED] - Start listener action : sampleBeforeTestSuite: Invoke 'com.kms.katalon.core.annotation.BeforeTestCase' method: 'Listener.sampleBeforeTestSuite(...)' completed.

2021-11-18 11:10:36 - [MESSAGE][INFO] - Starting invoke 'com.kms.katalon.core.annotation.BeforeTestCase' method: 'Listener.sampleBeforeTestSuite(...)'

2021-11-18 11:10:36 - [TEST_STEP][PASSED] - openBrowser(baseUrl): Browser is opened with url: 'https://efatura-stage.elogo.com.tr/'

2021-11-18 11:10:37 - [MESSAGE][INFO] - Opening browser

2021-11-18 11:10:37 - [MESSAGE][INFO] - Starting 'Chrome' driver

2021-11-18 11:10:37 - [MESSAGE][INFO] - User set preference: ['prefs', '{download.default_directory=C:\otomasyondownfiles}']

2021-11-18 11:10:37 - [MESSAGE][INFO] - Action delay is set to 0 milliseconds

2021-11-18 11:10:42 - [MESSAGE][INFO] - Navigating browser to: 'https://efatura-stage.elogo.com.tr/'

2021-11-18 11:10:49 - [MESSAGE][PASSED] - Browser is opened with url: 'https://efatura-stage.elogo.com.tr/'

2021-11-18 11:10:49 - [TEST_STEP][PASSED] - maximizeWindow(): Invoke 'com.kms.katalon.core.annotation.BeforeTestCase' method: 'Listener.sampleBeforeTestSuite(...)' completed.

2021-11-18 11:10:49 - [MESSAGE][INFO] - Maximizing current window

2021-11-18 11:10:49 - [MESSAGE][PASSED] - Current window maximized

2021-11-18 11:10:49 - [MESSAGE][INFO] - Invoke 'com.kms.katalon.core.annotation.BeforeTestCase' method: 'Listener.sampleBeforeTestSuite(...)' completed.

2021-11-18 11:10:50 - [TEST_STEP][FAILED] - runFeatureFile("Include/features/e-Irsaliye/e-Irsaliye Araclari/e-Irsaliye Olusturma/Ekle/TCKN-Temel Irsaliye-Sevk Tipinde.feature"): Keyword runFeatureFile was failed (Root cause: com.kms.katalon.core.exception.StepFailedException: Feature file 'Include/features/e-Irsaliye/e-Irsaliye Araclari/e-Irsaliye Olusturma/Ekle/TCKN-Temel Irsaliye-Sevk Tipinde.feature' was failed
	at com.kms.katalon.core.keyword.internal.KeywordMain.stepFailed(KeywordMain.groovy:50)
	at com.kms.katalon.core.keyword.internal.KeywordMain.stepFailed(KeywordMain.groovy)
	at com.kms.katalon.core.keyword.internal.KeywordMain.stepFailed(KeywordMain.groovy:23)
	at com.kms.katalon.core.keyword.internal.KeywordMain$stepFailed$0.call(Unknown Source)
	at com.kms.katalon.core.cucumber.keyword.CucumberBuiltinKeywords$_runFeatureFile_closure1.doCall(CucumberBuiltinKeywords.groovy:112)
	at com.kms.katalon.core.cucumber.keyword.CucumberBuiltinKeywords$_runFeatureFile_closure1.doCall(CucumberBuiltinKeywords.groovy)
	at com.kms.katalon.core.keyword.internal.KeywordMain.runKeyword(KeywordMain.groovy:68)
	at com.kms.katalon.core.keyword.internal.KeywordMain$runKeyword.call(Unknown Source)
	at com.kms.katalon.core.cucumber.keyword.CucumberBuiltinKeywords.runFeatureFile(CucumberBuiltinKeywords.groovy:73)
	at com.kms.katalon.core.cucumber.keyword.CucumberBuiltinKeywords$runFeatureFile$0.callStatic(Unknown Source)
	at com.kms.katalon.core.cucumber.keyword.CucumberBuiltinKeywords.runFeatureFile(CucumberBuiltinKeywords.groovy:246)
	at com.kms.katalon.core.cucumber.keyword.CucumberBuiltinKeywords$runFeatureFile.call(Unknown Source)
	at TCKN-Temel Irsaliye-Sevk Tipinde.run(TCKN-Temel Irsaliye-Sevk Tipinde:17)
	at com.kms.katalon.core.main.ScriptEngine.run(ScriptEngine.java:194)
	at com.kms.katalon.core.main.ScriptEngine.runScriptAsRawText(ScriptEngine.java:119)
	at com.kms.katalon.core.main.TestCaseExecutor.runScript(TestCaseExecutor.java:369)
	at com.kms.katalon.core.main.TestCaseExecutor.doExecute(TestCaseExecutor.java:360)
	at com.kms.katalon.core.main.TestCaseExecutor.processExecutionPhase(TestCaseExecutor.java:339)
	at com.kms.katalon.core.main.TestCaseExecutor.accessMainPhase(TestCaseExecutor.java:331)
	at com.kms.katalon.core.main.TestCaseExecutor.execute(TestCaseExecutor.java:248)
	at com.kms.katalon.core.main.TestSuiteExecutor.accessTestCaseMainPhase(TestSuiteExecutor.java:191)
	at com.kms.katalon.core.main.TestSuiteExecutor.accessTestSuiteMainPhase(TestSuiteExecutor.java:140)
	at com.kms.katalon.core.main.TestSuiteExecutor.execute(TestSuiteExecutor.java:89)
	at com.kms.katalon.core.main.TestCaseMain.startTestSuite(TestCaseMain.java:181)
	at com.kms.katalon.core.main.TestCaseMain$startTestSuite$0.call(Unknown Source)
	at TempTestSuite1637222960690.run(TempTestSuite1637222960690.groovy:39)
)

2021-11-18 11:10:50 - [MESSAGE][INFO] - Starting run keyword runFeatureFile: 'Include/features/e-Irsaliye/e-Irsaliye Araclari/e-Irsaliye Olusturma/Ekle/TCKN-Temel Irsaliye-Sevk Tipinde.feature' and extract report to folder: 'C:\Users\DELL\Documents\GitHub\EES_KatalonLogo\Reports\20211118_110909\Suite Repository\e-Irsaliye\20211118_110920/cucumber_report/1637223050516'...

2021-11-18 11:10:50 - [MESSAGE][INFO] - Glue: []

2021-11-18 11:10:53 - [MESSAGE][INFO] - Checking called Test Case

2021-11-18 11:10:53 - [MESSAGE][INFO] - Starting to call Test Case 'Test Cases/Sayfalar/Giris_Sayfasi/Login'

2021-11-18 11:10:53 - [TEST_CASE][PASSED] - Test Cases/Sayfalar/Giris_Sayfasi/Login: Test Cases/Sayfalar/Giris_Sayfasi/Login

2021-11-18 11:10:54 - [TEST_STEP][PASSED] - Sayfa_Basligi = getWindowTitle(): Current window's title is: 'LOGO e-Fatura'

2021-11-18 11:10:54 - [MESSAGE][INFO] - Getting current window's title

2021-11-18 11:10:54 - [MESSAGE][PASSED] - Current window's title is: 'LOGO e-Fatura'

2021-11-18 11:10:54 - [TEST_STEP][PASSED] - verifyMatch(Sayfa_Basligi, "LOGO e-Fatura", false): Actual text 'LOGO e-Fatura' and expected text 'LOGO e-Fatura' are matched 

2021-11-18 11:10:54 - [MESSAGE][INFO] - Matching actual text 'LOGO e-Fatura' with expected text 'LOGO e-Fatura'

2021-11-18 11:10:54 - [MESSAGE][PASSED] - Actual text 'LOGO e-Fatura' and expected text 'LOGO e-Fatura' are matched 

2021-11-18 11:10:54 - [TEST_STEP][PASSED] - sendKeys(findTestObject("Sayfalar/Giris_Sayfasi/Firma_Kodu"), KullaniciAdi): Keys 'ELOGO6' sent to object: 'Object Repository/Sayfalar/Giris_Sayfasi/Firma_Kodu'

2021-11-18 11:10:54 - [MESSAGE][INFO] - Finding Test Object 'Object Repository/Sayfalar/Giris_Sayfasi/Firma_Kodu'

2021-11-18 11:10:55 - [MESSAGE][INFO] - Sending keys 'ELOGO6' to object: 'Object Repository/Sayfalar/Giris_Sayfasi/Firma_Kodu'

2021-11-18 11:10:55 - [MESSAGE][INFO] - Finding web element from Test Object's properties

2021-11-18 11:10:55 - [MESSAGE][INFO] - Checking timeout

2021-11-18 11:10:55 - [MESSAGE][INFO] - Finding web element with id: 'Object Repository/Sayfalar/Giris_Sayfasi/Firma_Kodu' located by 'By.xpath: //*[@id = 'AccountName']' in '30' second(s)

2021-11-18 11:10:55 - [MESSAGE][INFO] - Smart Wait Function is triggered

2021-11-18 11:10:55 - [MESSAGE][INFO] - Found 1 web elements with id: 'Object Repository/Sayfalar/Giris_Sayfasi/Firma_Kodu' located by 'By.xpath: //*[@id = 'AccountName']' in '30' second(s)

2021-11-18 11:10:56 - [MESSAGE][PASSED] - Keys 'ELOGO6' sent to object: 'Object Repository/Sayfalar/Giris_Sayfasi/Firma_Kodu'

2021-11-18 11:10:56 - [TEST_STEP][PASSED] - sendKeys(findTestObject("Sayfalar/Giris_Sayfasi/Sifre"), Sifre): Keys '123456' sent to object: 'Object Repository/Sayfalar/Giris_Sayfasi/Sifre'

2021-11-18 11:10:56 - [MESSAGE][INFO] - Finding Test Object 'Object Repository/Sayfalar/Giris_Sayfasi/Sifre'

2021-11-18 11:10:56 - [MESSAGE][INFO] - Sending keys '123456' to object: 'Object Repository/Sayfalar/Giris_Sayfasi/Sifre'

2021-11-18 11:10:56 - [MESSAGE][INFO] - Finding web element from Test Object's properties

2021-11-18 11:10:56 - [MESSAGE][INFO] - Checking timeout

2021-11-18 11:10:56 - [MESSAGE][INFO] - Finding web element with id: 'Object Repository/Sayfalar/Giris_Sayfasi/Sifre' located by 'By.xpath: //*[@id = 'Password']' in '30' second(s)

2021-11-18 11:10:56 - [MESSAGE][INFO] - Smart Wait Function is triggered

2021-11-18 11:10:56 - [MESSAGE][INFO] - Found 1 web elements with id: 'Object Repository/Sayfalar/Giris_Sayfasi/Sifre' located by 'By.xpath: //*[@id = 'Password']' in '30' second(s)

2021-11-18 11:10:56 - [MESSAGE][PASSED] - Keys '123456' sent to object: 'Object Repository/Sayfalar/Giris_Sayfasi/Sifre'

2021-11-18 11:10:56 - [TEST_STEP][PASSED] - findWebElement(findTestObject("Sayfalar/Giris_Sayfasi/Giris_Butonu")).click(): Found 1 web elements with id: 'Object Repository/Sayfalar/Giris_Sayfasi/Giris_Butonu' located by 'By.cssSelector: #btnLogin' in '30' second(s)

2021-11-18 11:10:56 - [MESSAGE][INFO] - Finding Test Object 'Object Repository/Sayfalar/Giris_Sayfasi/Giris_Butonu'

2021-11-18 11:10:57 - [MESSAGE][INFO] - Finding web element from Test Object's properties

2021-11-18 11:10:57 - [MESSAGE][INFO] - Checking timeout

2021-11-18 11:10:57 - [MESSAGE][INFO] - Finding web element with id: 'Object Repository/Sayfalar/Giris_Sayfasi/Giris_Butonu' located by 'By.cssSelector: #btnLogin' in '30' second(s)

2021-11-18 11:10:57 - [MESSAGE][INFO] - Smart Wait Function is triggered

2021-11-18 11:10:57 - [MESSAGE][INFO] - Found 1 web elements with id: 'Object Repository/Sayfalar/Giris_Sayfasi/Giris_Butonu' located by 'By.cssSelector: #btnLogin' in '30' second(s)

2021-11-18 11:11:09 - [TEST_STEP][PASSED] - if (verifyElementPresent(findTestObject("Object Repository/Sayfalar/Giris_Sayfasi/RetveTamam_Butonu"), 5, OPTIONAL)): null

2021-11-18 11:11:09 - [MESSAGE][INFO] - Finding Test Object 'Object Repository/Sayfalar/Giris_Sayfasi/RetveTamam_Butonu'

2021-11-18 11:11:09 - [MESSAGE][INFO] - Checking object

2021-11-18 11:11:09 - [MESSAGE][INFO] - Finding web element from Test Object's properties

2021-11-18 11:11:09 - [MESSAGE][INFO] - Checking timeout

2021-11-18 11:11:09 - [MESSAGE][INFO] - Finding web element with id: 'Object Repository/Sayfalar/Giris_Sayfasi/RetveTamam_Butonu' located by 'By.xpath: //*[@class = 'btn btn-default']' in '5' second(s)

2021-11-18 11:11:09 - [MESSAGE][INFO] - Smart Wait Function is triggered

2021-11-18 11:11:09 - [MESSAGE][INFO] - Found 1 web elements with id: 'Object Repository/Sayfalar/Giris_Sayfasi/RetveTamam_Butonu' located by 'By.xpath: //*[@class = 'btn btn-default']' in '5' second(s)

2021-11-18 11:11:09 - [MESSAGE][PASSED] - Object 'Object Repository/Sayfalar/Giris_Sayfasi/RetveTamam_Butonu' is present

2021-11-18 11:11:09 - [TEST_STEP][PASSED] - click(findTestObject("Object Repository/Sayfalar/Giris_Sayfasi/RetveTamam_Butonu")): Object: 'Object Repository/Sayfalar/Giris_Sayfasi/RetveTamam_Butonu' is clicked on

2021-11-18 11:11:09 - [MESSAGE][INFO] - Finding Test Object 'Object Repository/Sayfalar/Giris_Sayfasi/RetveTamam_Butonu'

2021-11-18 11:11:09 - [MESSAGE][INFO] - Checking object

2021-11-18 11:11:09 - [MESSAGE][INFO] - Finding web element from Test Object's properties

2021-11-18 11:11:09 - [MESSAGE][INFO] - Checking timeout

2021-11-18 11:11:09 - [MESSAGE][INFO] - Finding web element with id: 'Object Repository/Sayfalar/Giris_Sayfasi/RetveTamam_Butonu' located by 'By.xpath: //*[@class = 'btn btn-default']' in '30' second(s)

2021-11-18 11:11:09 - [MESSAGE][INFO] - Smart Wait Function is triggered

2021-11-18 11:11:10 - [MESSAGE][INFO] - Found 1 web elements with id: 'Object Repository/Sayfalar/Giris_Sayfasi/RetveTamam_Butonu' located by 'By.xpath: //*[@class = 'btn btn-default']' in '30' second(s)

2021-11-18 11:11:10 - [MESSAGE][INFO] - Clicking on object: 'Object Repository/Sayfalar/Giris_Sayfasi/RetveTamam_Butonu'

2021-11-18 11:11:10 - [MESSAGE][PASSED] - Object: 'Object Repository/Sayfalar/Giris_Sayfasi/RetveTamam_Butonu' is clicked on

2021-11-18 11:11:10 - [TEST_STEP][PASSED] - click(findTestObject("Object Repository/Sayfalar/Giris_Sayfasi/RetveTamam_Butonu")): Object: 'Object Repository/Sayfalar/Giris_Sayfasi/RetveTamam_Butonu' is clicked on

2021-11-18 11:11:10 - [MESSAGE][INFO] - Finding Test Object 'Object Repository/Sayfalar/Giris_Sayfasi/RetveTamam_Butonu'

2021-11-18 11:11:10 - [MESSAGE][INFO] - Checking object

2021-11-18 11:11:10 - [MESSAGE][INFO] - Finding web element from Test Object's properties

2021-11-18 11:11:10 - [MESSAGE][INFO] - Checking timeout

2021-11-18 11:11:10 - [MESSAGE][INFO] - Finding web element with id: 'Object Repository/Sayfalar/Giris_Sayfasi/RetveTamam_Butonu' located by 'By.xpath: //*[@class = 'btn btn-default']' in '30' second(s)

2021-11-18 11:11:10 - [MESSAGE][INFO] - Smart Wait Function is triggered

2021-11-18 11:11:14 - [MESSAGE][INFO] - Found 1 web elements with id: 'Object Repository/Sayfalar/Giris_Sayfasi/RetveTamam_Butonu' located by 'By.xpath: //*[@class = 'btn btn-default']' in '30' second(s)

2021-11-18 11:11:14 - [MESSAGE][INFO] - Clicking on object: 'Object Repository/Sayfalar/Giris_Sayfasi/RetveTamam_Butonu'

2021-11-18 11:11:14 - [MESSAGE][PASSED] - Object: 'Object Repository/Sayfalar/Giris_Sayfasi/RetveTamam_Butonu' is clicked on

2021-11-18 11:11:14 - [TEST_STEP][PASSED] - if (verifyElementPresent(findTestObject("Sayfalar/Giris_Sayfasi/PopupOK"), 5, OPTIONAL)): null

2021-11-18 11:11:14 - [MESSAGE][INFO] - Finding Test Object 'Object Repository/Sayfalar/Giris_Sayfasi/PopupOK'

2021-11-18 11:11:14 - [MESSAGE][INFO] - Checking object

2021-11-18 11:11:14 - [MESSAGE][INFO] - Finding web element from Test Object's properties

2021-11-18 11:11:14 - [MESSAGE][INFO] - Checking timeout

2021-11-18 11:11:14 - [MESSAGE][INFO] - Finding web element with id: 'Object Repository/Sayfalar/Giris_Sayfasi/PopupOK' located by 'By.cssSelector: .btn.btn-success' in '5' second(s)

2021-11-18 11:11:14 - [MESSAGE][INFO] - Smart Wait Function is triggered

2021-11-18 11:11:15 - [MESSAGE][INFO] - Found 1 web elements with id: 'Object Repository/Sayfalar/Giris_Sayfasi/PopupOK' located by 'By.cssSelector: .btn.btn-success' in '5' second(s)

2021-11-18 11:11:15 - [MESSAGE][PASSED] - Object 'Object Repository/Sayfalar/Giris_Sayfasi/PopupOK' is present

2021-11-18 11:11:15 - [TEST_STEP][PASSED] - click(findTestObject("Object Repository/Sayfalar/Giris_Sayfasi/PopupCarpiGiris")): Object: 'Object Repository/Sayfalar/Giris_Sayfasi/PopupCarpiGiris' is clicked on

2021-11-18 11:11:15 - [MESSAGE][INFO] - Finding Test Object 'Object Repository/Sayfalar/Giris_Sayfasi/PopupCarpiGiris'

2021-11-18 11:11:15 - [MESSAGE][INFO] - Checking object

2021-11-18 11:11:15 - [MESSAGE][INFO] - Finding web element from Test Object's properties

2021-11-18 11:11:15 - [MESSAGE][INFO] - Checking timeout

2021-11-18 11:11:15 - [MESSAGE][INFO] - Finding web element with id: 'Object Repository/Sayfalar/Giris_Sayfasi/PopupCarpiGiris' located by 'By.cssSelector: .bootbox-close-button.close' in '30' second(s)

2021-11-18 11:11:15 - [MESSAGE][INFO] - Smart Wait Function is triggered

2021-11-18 11:11:15 - [MESSAGE][INFO] - Found 1 web elements with id: 'Object Repository/Sayfalar/Giris_Sayfasi/PopupCarpiGiris' located by 'By.cssSelector: .bootbox-close-button.close' in '30' second(s)

2021-11-18 11:11:15 - [MESSAGE][INFO] - Clicking on object: 'Object Repository/Sayfalar/Giris_Sayfasi/PopupCarpiGiris'

2021-11-18 11:11:15 - [MESSAGE][PASSED] - Object: 'Object Repository/Sayfalar/Giris_Sayfasi/PopupCarpiGiris' is clicked on

2021-11-18 11:11:15 - [TEST_STEP][PASSED] - verifyElementVisible(findTestObject("Object Repository/Kullanici_Islemleri/KullaniciIslemleri")): Object 'Object Repository/Kullanici_Islemleri/KullaniciIslemleri' is visible

2021-11-18 11:11:15 - [MESSAGE][INFO] - Finding Test Object 'Object Repository/Kullanici_Islemleri/KullaniciIslemleri'

2021-11-18 11:11:16 - [MESSAGE][INFO] - Checking object

2021-11-18 11:11:16 - [MESSAGE][INFO] - Finding web element from Test Object's properties

2021-11-18 11:11:16 - [MESSAGE][INFO] - Checking timeout

2021-11-18 11:11:16 - [MESSAGE][INFO] - Finding web element with id: 'Object Repository/Kullanici_Islemleri/KullaniciIslemleri' located by 'By.cssSelector: .dropdown>a>img' in '30' second(s)

2021-11-18 11:11:16 - [MESSAGE][INFO] - Smart Wait Function is triggered

2021-11-18 11:11:16 - [MESSAGE][INFO] - Found 1 web elements with id: 'Object Repository/Kullanici_Islemleri/KullaniciIslemleri' located by 'By.cssSelector: .dropdown>a>img' in '30' second(s)

2021-11-18 11:11:16 - [MESSAGE][PASSED] - Object 'Object Repository/Kullanici_Islemleri/KullaniciIslemleri' is visible

2021-11-18 11:11:16 - [MESSAGE][PASSED] - Call Test Case 'Test Cases/Sayfalar/Giris_Sayfasi/Login' successfully

2021-11-18 11:11:16 - [MESSAGE][INFO] - Checking called Test Case

2021-11-18 11:11:16 - [MESSAGE][INFO] - Starting to call Test Case 'Test Cases/Menu/AnaMenuSecimi'

2021-11-18 11:11:16 - [TEST_CASE][PASSED] - Test Cases/Menu/AnaMenuSecimi: Test Cases/Menu/AnaMenuSecimi

2021-11-18 11:11:17 - [TEST_STEP][PASSED] - Method.TextDegerineEsitElementeTikla(findTestObject("Menu/Ana_Menu"), Ana_Menu): Method.TextDegerineEsitElementeTikla is PASSED

2021-11-18 11:11:17 - [MESSAGE][INFO] - Finding Test Object 'Object Repository/Menu/Ana_Menu'

2021-11-18 11:11:17 - [MESSAGE][INFO] - Checking timeout

2021-11-18 11:11:17 - [MESSAGE][INFO] - Finding web element with id: 'Object Repository/Menu/Ana_Menu' located by 'By.xpath: //*[@class = 'dropdown-toggle']' in '10' second(s)

2021-11-18 11:11:17 - [MESSAGE][INFO] - Smart Wait Function is triggered

2021-11-18 11:11:17 - [MESSAGE][INFO] - Found 14 web elements with id: 'Object Repository/Menu/Ana_Menu' located by 'By.xpath: //*[@class = 'dropdown-toggle']' in '10' second(s)

2021-11-18 11:11:18 - [MESSAGE][PASSED] - Method.TextDegerineEsitElementeTikla is PASSED

2021-11-18 11:11:18 - [MESSAGE][PASSED] - Call Test Case 'Test Cases/Menu/AnaMenuSecimi' successfully

2021-11-18 11:11:18 - [MESSAGE][INFO] - Checking called Test Case

2021-11-18 11:11:18 - [MESSAGE][INFO] - Starting to call Test Case 'Test Cases/Menu/BasligaGoreAltMenuSecimi'

2021-11-18 11:11:18 - [TEST_CASE][PASSED] - Test Cases/Menu/BasligaGoreAltMenuSecimi: Test Cases/Menu/BasligaGoreAltMenuSecimi

2021-11-18 11:11:18 - [TEST_STEP][PASSED] - Method.TextDegerineEsitElementinAltindakiTextDegerineEsitOlanaTikla(findTestObject("Menu/Menu_Basligi"), findTestObject("Menu/Basliga_Gore_Alt_Menu"), Baslik, Alt_Menu): Method.TextDegerineEsitElementinAltindakiTextDegerineEsitOlanaTikla is PASSED

2021-11-18 11:11:18 - [MESSAGE][INFO] - Finding Test Object 'Object Repository/Menu/Menu_Basligi'

2021-11-18 11:11:18 - [MESSAGE][INFO] - Finding Test Object 'Object Repository/Menu/Basliga_Gore_Alt_Menu'

2021-11-18 11:11:18 - [MESSAGE][INFO] - Checking timeout

2021-11-18 11:11:18 - [MESSAGE][INFO] - Finding web element with id: 'Object Repository/Menu/Menu_Basligi' located by 'By.xpath: //li[@class='dropdown dropdown-large open']//li[@class='dropdown-header']' in '10' second(s)

2021-11-18 11:11:18 - [MESSAGE][INFO] - Smart Wait Function is triggered

2021-11-18 11:11:19 - [MESSAGE][INFO] - Found 3 web elements with id: 'Object Repository/Menu/Menu_Basligi' located by 'By.xpath: //li[@class='dropdown dropdown-large open']//li[@class='dropdown-header']' in '10' second(s)

2021-11-18 11:11:19 - [MESSAGE][INFO] - Smart Wait Function is triggered

2021-11-18 11:11:24 - [MESSAGE][PASSED] - Method.TextDegerineEsitElementinAltindakiTextDegerineEsitOlanaTikla is PASSED

2021-11-18 11:11:24 - [MESSAGE][PASSED] - Call Test Case 'Test Cases/Menu/BasligaGoreAltMenuSecimi' successfully

2021-11-18 11:11:24 - [MESSAGE][INFO] - Checking called Test Case

2021-11-18 11:11:24 - [MESSAGE][INFO] - Starting to call Test Case 'Test Cases/Tablo/Olusturma Tarihi'

2021-11-18 11:11:24 - [TEST_CASE][PASSED] - Test Cases/Tablo/Olusturma Tarihi: Test Cases/Tablo/Olusturma Tarihi

2021-11-18 11:11:24 - [TEST_STEP][PASSED] - if (verifyTextNotPresent("Görüntülenecek veri yok", true, OPTIONAL)): null

2021-11-18 11:11:24 - [MESSAGE][INFO] - Checking text present  using regular expression

2021-11-18 11:11:24 - [MESSAGE][INFO] - Smart Wait Function is triggered

2021-11-18 11:11:25 - [MESSAGE][INFO] - Finding text 'Görüntülenecek veri yok' on page  using regular expression

2021-11-18 11:11:25 - [MESSAGE][PASSED] - Text 'Görüntülenecek veri yok' is not present on page using regular expression

2021-11-18 11:11:25 - [TEST_STEP][PASSED] - click(findTestObject("Temizle/Olusturma_Tarihi_CheckBox")): Object: 'Object Repository/Temizle/Olusturma_Tarihi_CheckBox' is clicked on

2021-11-18 11:11:25 - [MESSAGE][INFO] - Finding Test Object 'Object Repository/Temizle/Olusturma_Tarihi_CheckBox'

2021-11-18 11:11:25 - [MESSAGE][INFO] - Checking object

2021-11-18 11:11:25 - [MESSAGE][INFO] - Finding web element from Test Object's properties

2021-11-18 11:11:25 - [MESSAGE][INFO] - Checking timeout

2021-11-18 11:11:25 - [MESSAGE][INFO] - Finding web element with id: 'Object Repository/Temizle/Olusturma_Tarihi_CheckBox' located by 'By.xpath: //*[@title = 'Bu sayfadaki tüm satırları Seç']' in '30' second(s)

2021-11-18 11:11:25 - [MESSAGE][INFO] - Smart Wait Function is triggered

2021-11-18 11:11:25 - [MESSAGE][INFO] - Found 1 web elements with id: 'Object Repository/Temizle/Olusturma_Tarihi_CheckBox' located by 'By.xpath: //*[@title = 'Bu sayfadaki tüm satırları Seç']' in '30' second(s)

2021-11-18 11:11:25 - [MESSAGE][INFO] - Clicking on object: 'Object Repository/Temizle/Olusturma_Tarihi_CheckBox'

2021-11-18 11:11:25 - [MESSAGE][PASSED] - Object: 'Object Repository/Temizle/Olusturma_Tarihi_CheckBox' is clicked on

2021-11-18 11:11:25 - [TEST_STEP][PASSED] - Method.TextDegerineEsitElementeTiklaEquals(findTestObject("Butonlar/Butonlar"), "Sil"): Method.TextDegerineEsitElementeTiklaEquals is PASSED

2021-11-18 11:11:25 - [MESSAGE][INFO] - Finding Test Object 'Object Repository/Butonlar/Butonlar'

2021-11-18 11:11:25 - [MESSAGE][INFO] - Checking timeout

2021-11-18 11:11:25 - [MESSAGE][INFO] - Finding web element with id: 'Object Repository/Butonlar/Butonlar' located by 'By.cssSelector: .panel.panel-default.text-center.footerPanel .btn,.btn.btn-primary.btnControls' in '10' second(s)

2021-11-18 11:11:25 - [MESSAGE][INFO] - Smart Wait Function is triggered

2021-11-18 11:11:26 - [MESSAGE][INFO] - Found 9 web elements with id: 'Object Repository/Butonlar/Butonlar' located by 'By.cssSelector: .panel.panel-default.text-center.footerPanel .btn,.btn.btn-primary.btnControls' in '10' second(s)

2021-11-18 11:11:26 - [MESSAGE][PASSED] - Method.TextDegerineEsitElementeTiklaEquals is PASSED

2021-11-18 11:11:26 - [TEST_STEP][PASSED] - Method.TextDegerineEsitElementeTikla(findTestObject("Popup/Popup_Butons"), "Evet"): Method.TextDegerineEsitElementeTikla is PASSED

2021-11-18 11:11:26 - [MESSAGE][INFO] - Finding Test Object 'Object Repository/Popup/Popup_Butons'

2021-11-18 11:11:26 - [MESSAGE][INFO] - Checking timeout

2021-11-18 11:11:26 - [MESSAGE][INFO] - Finding web element with id: 'Object Repository/Popup/Popup_Butons' located by 'By.cssSelector: .modal-footer>button' in '10' second(s)

2021-11-18 11:11:26 - [MESSAGE][INFO] - Smart Wait Function is triggered

2021-11-18 11:11:27 - [MESSAGE][INFO] - Found 2 web elements with id: 'Object Repository/Popup/Popup_Butons' located by 'By.cssSelector: .modal-footer>button' in '10' second(s)

2021-11-18 11:11:27 - [MESSAGE][PASSED] - Method.TextDegerineEsitElementeTikla is PASSED

2021-11-18 11:11:27 - [TEST_STEP][PASSED] - Method.TextDegerineEsitElementeTikla(findTestObject("Popup/Popup_Butons"), "Tamam"): Method.TextDegerineEsitElementeTikla is PASSED

2021-11-18 11:11:27 - [MESSAGE][INFO] - Finding Test Object 'Object Repository/Popup/Popup_Butons'

2021-11-18 11:11:27 - [MESSAGE][INFO] - Checking timeout

2021-11-18 11:11:27 - [MESSAGE][INFO] - Finding web element with id: 'Object Repository/Popup/Popup_Butons' located by 'By.cssSelector: .modal-footer>button' in '10' second(s)

2021-11-18 11:11:27 - [MESSAGE][INFO] - Smart Wait Function is triggered

2021-11-18 11:11:28 - [MESSAGE][INFO] - Found 1 web elements with id: 'Object Repository/Popup/Popup_Butons' located by 'By.cssSelector: .modal-footer>button' in '10' second(s)

2021-11-18 11:11:28 - [MESSAGE][PASSED] - Method.TextDegerineEsitElementeTikla is PASSED

2021-11-18 11:11:28 - [MESSAGE][PASSED] - Call Test Case 'Test Cases/Tablo/Olusturma Tarihi' successfully

2021-11-18 11:11:28 - [MESSAGE][INFO] - Checking called Test Case

2021-11-18 11:11:28 - [MESSAGE][INFO] - Starting to call Test Case 'Test Cases/Butonlar/ButonaTikla'

2021-11-18 11:11:28 - [TEST_CASE][PASSED] - Test Cases/Butonlar/ButonaTikla: Test Cases/Butonlar/ButonaTikla

2021-11-18 11:11:29 - [TEST_STEP][PASSED] - Method.TextDegerineEsitElementeTiklaEquals(findTestObject("Butonlar/Butonlar"), Buton_Adi): Method.TextDegerineEsitElementeTiklaEquals is PASSED

2021-11-18 11:11:29 - [MESSAGE][INFO] - Finding Test Object 'Object Repository/Butonlar/Butonlar'

2021-11-18 11:11:29 - [MESSAGE][INFO] - Checking timeout

2021-11-18 11:11:29 - [MESSAGE][INFO] - Finding web element with id: 'Object Repository/Butonlar/Butonlar' located by 'By.cssSelector: .panel.panel-default.text-center.footerPanel .btn,.btn.btn-primary.btnControls' in '10' second(s)

2021-11-18 11:11:29 - [MESSAGE][INFO] - Smart Wait Function is triggered

2021-11-18 11:11:29 - [MESSAGE][INFO] - Found 9 web elements with id: 'Object Repository/Butonlar/Butonlar' located by 'By.cssSelector: .panel.panel-default.text-center.footerPanel .btn,.btn.btn-primary.btnControls' in '10' second(s)

2021-11-18 11:11:29 - [MESSAGE][PASSED] - Method.TextDegerineEsitElementeTiklaEquals is PASSED

2021-11-18 11:11:29 - [MESSAGE][PASSED] - Call Test Case 'Test Cases/Butonlar/ButonaTikla' successfully

2021-11-18 11:11:29 - [MESSAGE][INFO] - Checking called Test Case

2021-11-18 11:11:29 - [MESSAGE][INFO] - Starting to call Test Case 'Test Cases/Olusturma/Genel/GorselTasarimSayfasıBasligiIceriyorMu'

2021-11-18 11:11:29 - [TEST_CASE][PASSED] - Test Cases/Olusturma/Genel/GorselTasarimSayfasıBasligiIceriyorMu: Test Cases/Olusturma/Genel/GorselTasarimSayfasıBasligiIceriyorMu

2021-11-18 11:11:30 - [TEST_STEP][PASSED] - verifyElementText(findTestObject("Object Repository/Olusturma/Genel/GorselTasarimBaslik"), Baslik): Actual text and expected text of test object 'Object Repository/Olusturma/Genel/GorselTasarimBaslik' are matched.

2021-11-18 11:11:30 - [MESSAGE][INFO] - Finding Test Object 'Object Repository/Olusturma/Genel/GorselTasarimBaslik'

2021-11-18 11:11:30 - [MESSAGE][INFO] - Checking object

2021-11-18 11:11:30 - [MESSAGE][INFO] - Finding web element from Test Object's properties

2021-11-18 11:11:30 - [MESSAGE][INFO] - Checking timeout

2021-11-18 11:11:30 - [MESSAGE][INFO] - Finding web element with id: 'Object Repository/Olusturma/Genel/GorselTasarimBaslik' located by 'By.cssSelector: #flAlici_0>div>span' in '30' second(s)

2021-11-18 11:11:30 - [MESSAGE][INFO] - Smart Wait Function is triggered

2021-11-18 11:11:35 - [MESSAGE][INFO] - Found 1 web elements with id: 'Object Repository/Olusturma/Genel/GorselTasarimBaslik' located by 'By.cssSelector: #flAlici_0>div>span' in '30' second(s)

2021-11-18 11:11:35 - [MESSAGE][PASSED] - Actual text and expected text of test object 'Object Repository/Olusturma/Genel/GorselTasarimBaslik' are matched.

2021-11-18 11:11:35 - [MESSAGE][PASSED] - Call Test Case 'Test Cases/Olusturma/Genel/GorselTasarimSayfasıBasligiIceriyorMu' successfully

2021-11-18 11:11:35 - [MESSAGE][INFO] - Checking called Test Case

2021-11-18 11:11:35 - [MESSAGE][INFO] - Starting to call Test Case 'Test Cases/Olusturma/Genel/AliciSecilir'

2021-11-18 11:11:36 - [TEST_CASE][PASSED] - Test Cases/Olusturma/Genel/AliciSecilir: Test Cases/Olusturma/Genel/AliciSecilir

2021-11-18 11:11:36 - [TEST_STEP][PASSED] - click(findTestObject("Olusturma/Genel/AliciBilgisi/Alici_Ara")): Object: 'Object Repository/Olusturma/Genel/AliciBilgisi/Alici_Ara' is clicked on

2021-11-18 11:11:36 - [MESSAGE][INFO] - Finding Test Object 'Object Repository/Olusturma/Genel/AliciBilgisi/Alici_Ara'

2021-11-18 11:11:36 - [MESSAGE][INFO] - Checking object

2021-11-18 11:11:36 - [MESSAGE][INFO] - Finding web element from Test Object's properties

2021-11-18 11:11:36 - [MESSAGE][INFO] - Checking timeout

2021-11-18 11:11:36 - [MESSAGE][INFO] - Finding web element with id: 'Object Repository/Olusturma/Genel/AliciBilgisi/Alici_Ara' located by 'By.xpath: //td[@id='txtCustomerText_B-1']' in '30' second(s)

2021-11-18 11:11:36 - [MESSAGE][INFO] - Smart Wait Function is triggered

2021-11-18 11:11:37 - [MESSAGE][INFO] - Found 1 web elements with id: 'Object Repository/Olusturma/Genel/AliciBilgisi/Alici_Ara' located by 'By.xpath: //td[@id='txtCustomerText_B-1']' in '30' second(s)

2021-11-18 11:11:37 - [MESSAGE][INFO] - Clicking on object: 'Object Repository/Olusturma/Genel/AliciBilgisi/Alici_Ara'

2021-11-18 11:11:37 - [MESSAGE][PASSED] - Object: 'Object Repository/Olusturma/Genel/AliciBilgisi/Alici_Ara' is clicked on

2021-11-18 11:11:37 - [TEST_STEP][PASSED] - click(findTestObject("Olusturma/Genel/AliciBilgisi/Alici_Bilgisi")): Object: 'Object Repository/Olusturma/Genel/AliciBilgisi/Alici_Bilgisi' is clicked on

2021-11-18 11:11:37 - [MESSAGE][INFO] - Finding Test Object 'Object Repository/Olusturma/Genel/AliciBilgisi/Alici_Bilgisi'

2021-11-18 11:11:37 - [MESSAGE][INFO] - Checking object

2021-11-18 11:11:37 - [MESSAGE][INFO] - Finding web element from Test Object's properties

2021-11-18 11:11:37 - [MESSAGE][INFO] - Checking timeout

2021-11-18 11:11:37 - [MESSAGE][INFO] - Finding web element with id: 'Object Repository/Olusturma/Genel/AliciBilgisi/Alici_Bilgisi' located by 'By.xpath: //iframe[@id='customerselectiframe']' in '30' second(s)

2021-11-18 11:11:37 - [MESSAGE][INFO] - Smart Wait Function is triggered

2021-11-18 11:11:37 - [MESSAGE][INFO] - Found 1 web elements with id: 'Object Repository/Olusturma/Genel/AliciBilgisi/Alici_Bilgisi' located by 'By.xpath: //iframe[@id='customerselectiframe']' in '30' second(s)

2021-11-18 11:11:37 - [MESSAGE][INFO] - Clicking on object: 'Object Repository/Olusturma/Genel/AliciBilgisi/Alici_Bilgisi'

2021-11-18 11:11:37 - [MESSAGE][PASSED] - Object: 'Object Repository/Olusturma/Genel/AliciBilgisi/Alici_Bilgisi' is clicked on

2021-11-18 11:11:37 - [TEST_STEP][PASSED] - setText(findTestObject("Olusturma/Genel/AliciBilgisi/Alici_Gir"), Alici_Adi): Switching to default content

2021-11-18 11:11:37 - [MESSAGE][INFO] - Finding Test Object 'Object Repository/Olusturma/Genel/AliciBilgisi/Alici_Gir'

2021-11-18 11:11:37 - [MESSAGE][INFO] - Finding Test Object 'Object Repository/Olusturma/Genel/AliciBilgisi/Alici_Bilgisi'

2021-11-18 11:11:37 - [MESSAGE][INFO] - Checking object

2021-11-18 11:11:37 - [MESSAGE][INFO] - Checking text

2021-11-18 11:11:37 - [MESSAGE][INFO] - Object: 'Object Repository/Olusturma/Genel/AliciBilgisi/Alici_Gir' has parent object(s)

2021-11-18 11:11:37 - [MESSAGE][INFO] - Switching to iframe: 'Object Repository/Olusturma/Genel/AliciBilgisi/Alici_Bilgisi'

2021-11-18 11:11:37 - [MESSAGE][INFO] - Finding web element from Test Object's properties

2021-11-18 11:11:37 - [MESSAGE][INFO] - Checking timeout

2021-11-18 11:11:37 - [MESSAGE][INFO] - Finding web element with id: 'Object Repository/Olusturma/Genel/AliciBilgisi/Alici_Bilgisi' located by 'By.xpath: //iframe[@id='customerselectiframe']' in '30' second(s)

2021-11-18 11:11:37 - [MESSAGE][INFO] - Smart Wait Function is triggered

2021-11-18 11:11:38 - [MESSAGE][INFO] - Found 1 web elements with id: 'Object Repository/Olusturma/Genel/AliciBilgisi/Alici_Bilgisi' located by 'By.xpath: //iframe[@id='customerselectiframe']' in '30' second(s)

2021-11-18 11:11:41 - [MESSAGE][INFO] - Switched to iframe: 'Object Repository/Olusturma/Genel/AliciBilgisi/Alici_Bilgisi'

2021-11-18 11:11:41 - [MESSAGE][INFO] - Finding web element from Test Object's properties

2021-11-18 11:11:41 - [MESSAGE][INFO] - Checking timeout

2021-11-18 11:11:41 - [MESSAGE][INFO] - Finding web element with id: 'Object Repository/Olusturma/Genel/AliciBilgisi/Alici_Gir' located by 'By.xpath: //input[@id='GridViewCustomer_DXFREditorcol1_I']' in '30' second(s)

2021-11-18 11:11:41 - [MESSAGE][INFO] - Smart Wait Function is triggered

2021-11-18 11:11:41 - [MESSAGE][INFO] - Found 1 web elements with id: 'Object Repository/Olusturma/Genel/AliciBilgisi/Alici_Gir' located by 'By.xpath: //input[@id='GridViewCustomer_DXFREditorcol1_I']' in '30' second(s)

2021-11-18 11:11:41 - [MESSAGE][INFO] - Clearing text of object 'Object Repository/Olusturma/Genel/AliciBilgisi/Alici_Gir'

2021-11-18 11:11:41 - [MESSAGE][INFO] - Finding web element from Test Object's properties

2021-11-18 11:11:41 - [MESSAGE][INFO] - Checking timeout

2021-11-18 11:11:41 - [MESSAGE][INFO] - Finding web element with id: 'Object Repository/Olusturma/Genel/AliciBilgisi/Alici_Gir' located by 'By.xpath: //input[@id='GridViewCustomer_DXFREditorcol1_I']' in '30' second(s)

2021-11-18 11:11:41 - [MESSAGE][INFO] - Smart Wait Function is triggered

2021-11-18 11:11:41 - [MESSAGE][INFO] - Found 1 web elements with id: 'Object Repository/Olusturma/Genel/AliciBilgisi/Alici_Gir' located by 'By.xpath: //input[@id='GridViewCustomer_DXFREditorcol1_I']' in '30' second(s)

2021-11-18 11:11:41 - [MESSAGE][INFO] - Setting text of object 'Object Repository/Olusturma/Genel/AliciBilgisi/Alici_Gir' to value 'UC0045'

2021-11-18 11:11:41 - [MESSAGE][PASSED] - Text 'UC0045' is set on object 'Object Repository/Olusturma/Genel/AliciBilgisi/Alici_Gir'

2021-11-18 11:11:41 - [MESSAGE][INFO] - Switching to default content

2021-11-18 11:11:41 - [TEST_STEP][PASSED] - waitForElementClickable(findTestObject("Olusturma/Genel/AliciBilgisi/Alici_Adi"), 10): Switching to default content

2021-11-18 11:11:41 - [MESSAGE][INFO] - Finding Test Object 'Object Repository/Olusturma/Genel/AliciBilgisi/Alici_Adi'

2021-11-18 11:11:41 - [MESSAGE][INFO] - Finding Test Object 'Object Repository/Olusturma/Genel/AliciBilgisi/iframe_Alc Bilgisi_customerselectiframe'

2021-11-18 11:11:41 - [MESSAGE][INFO] - Checking object

2021-11-18 11:11:41 - [MESSAGE][INFO] - Checking timeout

2021-11-18 11:11:41 - [MESSAGE][INFO] - Object: 'Object Repository/Olusturma/Genel/AliciBilgisi/Alici_Adi' has parent object(s)

2021-11-18 11:11:41 - [MESSAGE][INFO] - Switching to iframe: 'Object Repository/Olusturma/Genel/AliciBilgisi/iframe_Alc Bilgisi_customerselectiframe'

2021-11-18 11:11:41 - [MESSAGE][INFO] - Finding web element from Test Object's properties

2021-11-18 11:11:41 - [MESSAGE][INFO] - Checking timeout

2021-11-18 11:11:41 - [MESSAGE][INFO] - Finding web element with id: 'Object Repository/Olusturma/Genel/AliciBilgisi/iframe_Alc Bilgisi_customerselectiframe' located by 'By.xpath: //iframe[@id='customerselectiframe']' in '10' second(s)

2021-11-18 11:11:41 - [MESSAGE][INFO] - Smart Wait Function is triggered

2021-11-18 11:11:42 - [MESSAGE][INFO] - Found 1 web elements with id: 'Object Repository/Olusturma/Genel/AliciBilgisi/iframe_Alc Bilgisi_customerselectiframe' located by 'By.xpath: //iframe[@id='customerselectiframe']' in '10' second(s)

2021-11-18 11:11:42 - [MESSAGE][INFO] - Switched to iframe: 'Object Repository/Olusturma/Genel/AliciBilgisi/iframe_Alc Bilgisi_customerselectiframe'

2021-11-18 11:11:42 - [MESSAGE][INFO] - Finding web element from Test Object's properties

2021-11-18 11:11:42 - [MESSAGE][INFO] - Checking timeout

2021-11-18 11:11:42 - [MESSAGE][INFO] - Finding web element with id: 'Object Repository/Olusturma/Genel/AliciBilgisi/Alici_Adi' located by 'By.xpath: //tr[@id='GridViewCustomer_DXDataRow0']/td[2]' in '10' second(s)

2021-11-18 11:11:42 - [MESSAGE][INFO] - Smart Wait Function is triggered

2021-11-18 11:11:42 - [MESSAGE][INFO] - Found 1 web elements with id: 'Object Repository/Olusturma/Genel/AliciBilgisi/Alici_Adi' located by 'By.xpath: //tr[@id='GridViewCustomer_DXDataRow0']/td[2]' in '10' second(s)

2021-11-18 11:11:42 - [MESSAGE][PASSED] - Object 'Object Repository/Olusturma/Genel/AliciBilgisi/Alici_Adi' is clickable

2021-11-18 11:11:42 - [MESSAGE][INFO] - Switching to default content

2021-11-18 11:11:42 - [TEST_STEP][PASSED] - click(findTestObject("Olusturma/Genel/AliciBilgisi/frame")): Switching to default content

2021-11-18 11:11:42 - [MESSAGE][INFO] - Finding Test Object 'Object Repository/Olusturma/Genel/AliciBilgisi/frame'

2021-11-18 11:11:42 - [MESSAGE][INFO] - Finding Test Object 'Object Repository/Olusturma/Genel/AliciBilgisi/iframe_Alc Bilgisi_customerselectiframe'

2021-11-18 11:11:42 - [MESSAGE][INFO] - Checking object

2021-11-18 11:11:42 - [MESSAGE][INFO] - Object: 'Object Repository/Olusturma/Genel/AliciBilgisi/frame' has parent object(s)

2021-11-18 11:11:42 - [MESSAGE][INFO] - Switching to iframe: 'Object Repository/Olusturma/Genel/AliciBilgisi/iframe_Alc Bilgisi_customerselectiframe'

2021-11-18 11:11:42 - [MESSAGE][INFO] - Finding web element from Test Object's properties

2021-11-18 11:11:42 - [MESSAGE][INFO] - Checking timeout

2021-11-18 11:11:42 - [MESSAGE][INFO] - Finding web element with id: 'Object Repository/Olusturma/Genel/AliciBilgisi/iframe_Alc Bilgisi_customerselectiframe' located by 'By.xpath: //iframe[@id='customerselectiframe']' in '30' second(s)

2021-11-18 11:11:42 - [MESSAGE][INFO] - Smart Wait Function is triggered

2021-11-18 11:11:42 - [MESSAGE][INFO] - Found 1 web elements with id: 'Object Repository/Olusturma/Genel/AliciBilgisi/iframe_Alc Bilgisi_customerselectiframe' located by 'By.xpath: //iframe[@id='customerselectiframe']' in '30' second(s)

2021-11-18 11:11:42 - [MESSAGE][INFO] - Switched to iframe: 'Object Repository/Olusturma/Genel/AliciBilgisi/iframe_Alc Bilgisi_customerselectiframe'

2021-11-18 11:11:42 - [MESSAGE][INFO] - Finding web element from Test Object's properties

2021-11-18 11:11:42 - [MESSAGE][INFO] - Checking timeout

2021-11-18 11:11:42 - [MESSAGE][INFO] - Finding web element with id: 'Object Repository/Olusturma/Genel/AliciBilgisi/frame' located by 'By.xpath: //*/text()[normalize-space(.)='']/parent::*' in '30' second(s)

2021-11-18 11:11:42 - [MESSAGE][INFO] - Smart Wait Function is triggered

2021-11-18 11:11:42 - [MESSAGE][INFO] - Found 73 web elements with id: 'Object Repository/Olusturma/Genel/AliciBilgisi/frame' located by 'By.xpath: //*/text()[normalize-space(.)='']/parent::*' in '30' second(s)

2021-11-18 11:11:42 - [MESSAGE][INFO] - Clicking on object: 'Object Repository/Olusturma/Genel/AliciBilgisi/frame'

2021-11-18 11:11:42 - [MESSAGE][PASSED] - Object: 'Object Repository/Olusturma/Genel/AliciBilgisi/frame' is clicked on

2021-11-18 11:11:42 - [MESSAGE][INFO] - Switching to default content

2021-11-18 11:11:42 - [TEST_STEP][PASSED] - click(findTestObject("Olusturma/Genel/AliciBilgisi/Alici_Adi")): Switching to default content

2021-11-18 11:11:42 - [MESSAGE][INFO] - Finding Test Object 'Object Repository/Olusturma/Genel/AliciBilgisi/Alici_Adi'

2021-11-18 11:11:43 - [MESSAGE][INFO] - Finding Test Object 'Object Repository/Olusturma/Genel/AliciBilgisi/iframe_Alc Bilgisi_customerselectiframe'

2021-11-18 11:11:43 - [MESSAGE][INFO] - Checking object

2021-11-18 11:11:43 - [MESSAGE][INFO] - Object: 'Object Repository/Olusturma/Genel/AliciBilgisi/Alici_Adi' has parent object(s)

2021-11-18 11:11:43 - [MESSAGE][INFO] - Switching to iframe: 'Object Repository/Olusturma/Genel/AliciBilgisi/iframe_Alc Bilgisi_customerselectiframe'

2021-11-18 11:11:43 - [MESSAGE][INFO] - Finding web element from Test Object's properties

2021-11-18 11:11:43 - [MESSAGE][INFO] - Checking timeout

2021-11-18 11:11:43 - [MESSAGE][INFO] - Finding web element with id: 'Object Repository/Olusturma/Genel/AliciBilgisi/iframe_Alc Bilgisi_customerselectiframe' located by 'By.xpath: //iframe[@id='customerselectiframe']' in '30' second(s)

2021-11-18 11:11:43 - [MESSAGE][INFO] - Smart Wait Function is triggered

2021-11-18 11:11:43 - [MESSAGE][INFO] - Found 1 web elements with id: 'Object Repository/Olusturma/Genel/AliciBilgisi/iframe_Alc Bilgisi_customerselectiframe' located by 'By.xpath: //iframe[@id='customerselectiframe']' in '30' second(s)

2021-11-18 11:11:43 - [MESSAGE][INFO] - Switched to iframe: 'Object Repository/Olusturma/Genel/AliciBilgisi/iframe_Alc Bilgisi_customerselectiframe'

2021-11-18 11:11:43 - [MESSAGE][INFO] - Finding web element from Test Object's properties

2021-11-18 11:11:43 - [MESSAGE][INFO] - Checking timeout

2021-11-18 11:11:43 - [MESSAGE][INFO] - Finding web element with id: 'Object Repository/Olusturma/Genel/AliciBilgisi/Alici_Adi' located by 'By.xpath: //tr[@id='GridViewCustomer_DXDataRow0']/td[2]' in '30' second(s)

2021-11-18 11:11:43 - [MESSAGE][INFO] - Smart Wait Function is triggered

2021-11-18 11:11:43 - [MESSAGE][INFO] - Found 1 web elements with id: 'Object Repository/Olusturma/Genel/AliciBilgisi/Alici_Adi' located by 'By.xpath: //tr[@id='GridViewCustomer_DXDataRow0']/td[2]' in '30' second(s)

2021-11-18 11:11:43 - [MESSAGE][INFO] - Clicking on object: 'Object Repository/Olusturma/Genel/AliciBilgisi/Alici_Adi'

2021-11-18 11:11:43 - [MESSAGE][PASSED] - Object: 'Object Repository/Olusturma/Genel/AliciBilgisi/Alici_Adi' is clicked on

2021-11-18 11:11:43 - [MESSAGE][INFO] - Switching to default content

2021-11-18 11:11:43 - [TEST_STEP][PASSED] - click(findTestObject("Olusturma/Genel/AliciBilgisi/Tamam_Bosluk")): Switching to default content

2021-11-18 11:11:43 - [MESSAGE][INFO] - Finding Test Object 'Object Repository/Olusturma/Genel/AliciBilgisi/Tamam_Bosluk'

2021-11-18 11:11:43 - [MESSAGE][INFO] - Finding Test Object 'Object Repository/Olusturma/Genel/AliciBilgisi/Alici_Bilgisi'

2021-11-18 11:11:43 - [MESSAGE][INFO] - Checking object

2021-11-18 11:11:43 - [MESSAGE][INFO] - Object: 'Object Repository/Olusturma/Genel/AliciBilgisi/Tamam_Bosluk' has parent object(s)

2021-11-18 11:11:43 - [MESSAGE][INFO] - Switching to iframe: 'Object Repository/Olusturma/Genel/AliciBilgisi/Alici_Bilgisi'

2021-11-18 11:11:43 - [MESSAGE][INFO] - Finding web element from Test Object's properties

2021-11-18 11:11:43 - [MESSAGE][INFO] - Checking timeout

2021-11-18 11:11:43 - [MESSAGE][INFO] - Finding web element with id: 'Object Repository/Olusturma/Genel/AliciBilgisi/Alici_Bilgisi' located by 'By.xpath: //iframe[@id='customerselectiframe']' in '30' second(s)

2021-11-18 11:11:43 - [MESSAGE][INFO] - Smart Wait Function is triggered

2021-11-18 11:11:44 - [MESSAGE][INFO] - Found 1 web elements with id: 'Object Repository/Olusturma/Genel/AliciBilgisi/Alici_Bilgisi' located by 'By.xpath: //iframe[@id='customerselectiframe']' in '30' second(s)

2021-11-18 11:11:44 - [MESSAGE][INFO] - Switched to iframe: 'Object Repository/Olusturma/Genel/AliciBilgisi/Alici_Bilgisi'

2021-11-18 11:11:44 - [MESSAGE][INFO] - Finding web element from Test Object's properties

2021-11-18 11:11:44 - [MESSAGE][INFO] - Checking timeout

2021-11-18 11:11:44 - [MESSAGE][INFO] - Finding web element with id: 'Object Repository/Olusturma/Genel/AliciBilgisi/Tamam_Bosluk' located by 'By.xpath: (.//*[normalize-space(text()) and normalize-space(.)='Sayfa Boyutu:'])[1]/following::div[7]' in '30' second(s)

2021-11-18 11:11:44 - [MESSAGE][INFO] - Smart Wait Function is triggered

2021-11-18 11:11:44 - [MESSAGE][INFO] - Found 1 web elements with id: 'Object Repository/Olusturma/Genel/AliciBilgisi/Tamam_Bosluk' located by 'By.xpath: (.//*[normalize-space(text()) and normalize-space(.)='Sayfa Boyutu:'])[1]/following::div[7]' in '30' second(s)

2021-11-18 11:11:44 - [MESSAGE][INFO] - Clicking on object: 'Object Repository/Olusturma/Genel/AliciBilgisi/Tamam_Bosluk'

2021-11-18 11:11:44 - [MESSAGE][PASSED] - Object: 'Object Repository/Olusturma/Genel/AliciBilgisi/Tamam_Bosluk' is clicked on

2021-11-18 11:11:44 - [MESSAGE][INFO] - Switching to default content

2021-11-18 11:11:44 - [TEST_STEP][PASSED] - waitForElementClickable(findTestObject("Olusturma/Genel/AliciBilgisi/Tamam_Butonu"), 10): Switching to default content

2021-11-18 11:11:44 - [MESSAGE][INFO] - Finding Test Object 'Object Repository/Olusturma/Genel/AliciBilgisi/Tamam_Butonu'

2021-11-18 11:11:44 - [MESSAGE][INFO] - Finding Test Object 'Object Repository/Olusturma/Genel/AliciBilgisi/Alici_Bilgisi'

2021-11-18 11:11:44 - [MESSAGE][INFO] - Checking object

2021-11-18 11:11:44 - [MESSAGE][INFO] - Checking timeout

2021-11-18 11:11:44 - [MESSAGE][INFO] - Object: 'Object Repository/Olusturma/Genel/AliciBilgisi/Tamam_Butonu' has parent object(s)

2021-11-18 11:11:44 - [MESSAGE][INFO] - Switching to iframe: 'Object Repository/Olusturma/Genel/AliciBilgisi/Alici_Bilgisi'

2021-11-18 11:11:44 - [MESSAGE][INFO] - Finding web element from Test Object's properties

2021-11-18 11:11:44 - [MESSAGE][INFO] - Checking timeout

2021-11-18 11:11:44 - [MESSAGE][INFO] - Finding web element with id: 'Object Repository/Olusturma/Genel/AliciBilgisi/Alici_Bilgisi' located by 'By.xpath: //iframe[@id='customerselectiframe']' in '10' second(s)

2021-11-18 11:11:44 - [MESSAGE][INFO] - Smart Wait Function is triggered

2021-11-18 11:11:44 - [MESSAGE][INFO] - Found 1 web elements with id: 'Object Repository/Olusturma/Genel/AliciBilgisi/Alici_Bilgisi' located by 'By.xpath: //iframe[@id='customerselectiframe']' in '10' second(s)

2021-11-18 11:11:44 - [MESSAGE][INFO] - Switched to iframe: 'Object Repository/Olusturma/Genel/AliciBilgisi/Alici_Bilgisi'

2021-11-18 11:11:44 - [MESSAGE][INFO] - Finding web element from Test Object's properties

2021-11-18 11:11:44 - [MESSAGE][INFO] - Checking timeout

2021-11-18 11:11:44 - [MESSAGE][INFO] - Finding web element with id: 'Object Repository/Olusturma/Genel/AliciBilgisi/Tamam_Butonu' located by 'By.xpath: //div[@id='btnSelectCustomer_CD']/span' in '10' second(s)

2021-11-18 11:11:44 - [MESSAGE][INFO] - Smart Wait Function is triggered

2021-11-18 11:11:44 - [MESSAGE][INFO] - Found 1 web elements with id: 'Object Repository/Olusturma/Genel/AliciBilgisi/Tamam_Butonu' located by 'By.xpath: //div[@id='btnSelectCustomer_CD']/span' in '10' second(s)

2021-11-18 11:11:44 - [MESSAGE][PASSED] - Object 'Object Repository/Olusturma/Genel/AliciBilgisi/Tamam_Butonu' is clickable

2021-11-18 11:11:44 - [MESSAGE][INFO] - Switching to default content

2021-11-18 11:11:44 - [TEST_STEP][PASSED] - click(findTestObject("Olusturma/Genel/AliciBilgisi/Tamam_Butonu")): Switching to default content

2021-11-18 11:11:44 - [MESSAGE][INFO] - Finding Test Object 'Object Repository/Olusturma/Genel/AliciBilgisi/Tamam_Butonu'

2021-11-18 11:11:44 - [MESSAGE][INFO] - Finding Test Object 'Object Repository/Olusturma/Genel/AliciBilgisi/Alici_Bilgisi'

2021-11-18 11:11:44 - [MESSAGE][INFO] - Checking object

2021-11-18 11:11:44 - [MESSAGE][INFO] - Object: 'Object Repository/Olusturma/Genel/AliciBilgisi/Tamam_Butonu' has parent object(s)

2021-11-18 11:11:44 - [MESSAGE][INFO] - Switching to iframe: 'Object Repository/Olusturma/Genel/AliciBilgisi/Alici_Bilgisi'

2021-11-18 11:11:44 - [MESSAGE][INFO] - Finding web element from Test Object's properties

2021-11-18 11:11:44 - [MESSAGE][INFO] - Checking timeout

2021-11-18 11:11:44 - [MESSAGE][INFO] - Finding web element with id: 'Object Repository/Olusturma/Genel/AliciBilgisi/Alici_Bilgisi' located by 'By.xpath: //iframe[@id='customerselectiframe']' in '30' second(s)

2021-11-18 11:11:44 - [MESSAGE][INFO] - Smart Wait Function is triggered

2021-11-18 11:11:45 - [MESSAGE][INFO] - Found 1 web elements with id: 'Object Repository/Olusturma/Genel/AliciBilgisi/Alici_Bilgisi' located by 'By.xpath: //iframe[@id='customerselectiframe']' in '30' second(s)

2021-11-18 11:11:45 - [MESSAGE][INFO] - Switched to iframe: 'Object Repository/Olusturma/Genel/AliciBilgisi/Alici_Bilgisi'

2021-11-18 11:11:45 - [MESSAGE][INFO] - Finding web element from Test Object's properties

2021-11-18 11:11:45 - [MESSAGE][INFO] - Checking timeout

2021-11-18 11:11:45 - [MESSAGE][INFO] - Finding web element with id: 'Object Repository/Olusturma/Genel/AliciBilgisi/Tamam_Butonu' located by 'By.xpath: //div[@id='btnSelectCustomer_CD']/span' in '30' second(s)

2021-11-18 11:11:45 - [MESSAGE][INFO] - Smart Wait Function is triggered

2021-11-18 11:11:45 - [MESSAGE][INFO] - Found 1 web elements with id: 'Object Repository/Olusturma/Genel/AliciBilgisi/Tamam_Butonu' located by 'By.xpath: //div[@id='btnSelectCustomer_CD']/span' in '30' second(s)

2021-11-18 11:11:45 - [MESSAGE][INFO] - Clicking on object: 'Object Repository/Olusturma/Genel/AliciBilgisi/Tamam_Butonu'

2021-11-18 11:11:45 - [MESSAGE][PASSED] - Object: 'Object Repository/Olusturma/Genel/AliciBilgisi/Tamam_Butonu' is clicked on

2021-11-18 11:11:45 - [MESSAGE][INFO] - Switching to default content

2021-11-18 11:11:45 - [TEST_STEP][PASSED] - waitForElementPresent(findTestObject("Olusturma/Genel/AliciBilgisi/VKN-TCKN"), 10): Object 'Object Repository/Olusturma/Genel/AliciBilgisi/VKN-TCKN' is present

2021-11-18 11:11:45 - [MESSAGE][INFO] - Finding Test Object 'Object Repository/Olusturma/Genel/AliciBilgisi/VKN-TCKN'

2021-11-18 11:11:45 - [MESSAGE][INFO] - Checking object

2021-11-18 11:11:45 - [MESSAGE][INFO] - Finding web element from Test Object's properties

2021-11-18 11:11:45 - [MESSAGE][INFO] - Checking timeout

2021-11-18 11:11:45 - [MESSAGE][INFO] - Finding web element with id: 'Object Repository/Olusturma/Genel/AliciBilgisi/VKN-TCKN' located by 'By.xpath: //*[@id = 'txtVknTckn_I']' in '10' second(s)

2021-11-18 11:11:45 - [MESSAGE][INFO] - Smart Wait Function is triggered

2021-11-18 11:11:45 - [MESSAGE][INFO] - Found 1 web elements with id: 'Object Repository/Olusturma/Genel/AliciBilgisi/VKN-TCKN' located by 'By.xpath: //*[@id = 'txtVknTckn_I']' in '10' second(s)

2021-11-18 11:11:45 - [MESSAGE][PASSED] - Object 'Object Repository/Olusturma/Genel/AliciBilgisi/VKN-TCKN' is present

2021-11-18 11:11:45 - [TEST_STEP][PASSED] - text = getAttribute(findTestObject("Olusturma/Genel/AliciBilgisi/VKN-TCKN"), "value"): Attribute 'value' of object 'Object Repository/Olusturma/Genel/AliciBilgisi/VKN-TCKN' is: '0748742193'

2021-11-18 11:11:45 - [MESSAGE][INFO] - Finding Test Object 'Object Repository/Olusturma/Genel/AliciBilgisi/VKN-TCKN'

2021-11-18 11:11:45 - [MESSAGE][INFO] - Checking object

2021-11-18 11:11:45 - [MESSAGE][INFO] - Checking attribute

2021-11-18 11:11:45 - [MESSAGE][INFO] - Finding web element from Test Object's properties

2021-11-18 11:11:45 - [MESSAGE][INFO] - Checking timeout

2021-11-18 11:11:45 - [MESSAGE][INFO] - Finding web element with id: 'Object Repository/Olusturma/Genel/AliciBilgisi/VKN-TCKN' located by 'By.xpath: //*[@id = 'txtVknTckn_I']' in '30' second(s)

2021-11-18 11:11:45 - [MESSAGE][INFO] - Smart Wait Function is triggered

2021-11-18 11:11:46 - [MESSAGE][INFO] - Found 1 web elements with id: 'Object Repository/Olusturma/Genel/AliciBilgisi/VKN-TCKN' located by 'By.xpath: //*[@id = 'txtVknTckn_I']' in '30' second(s)

2021-11-18 11:11:46 - [MESSAGE][INFO] - Getting attribute 'value' of object 'Object Repository/Olusturma/Genel/AliciBilgisi/VKN-TCKN'

2021-11-18 11:11:46 - [MESSAGE][PASSED] - Attribute 'value' of object 'Object Repository/Olusturma/Genel/AliciBilgisi/VKN-TCKN' is: '0748742193'

2021-11-18 11:11:46 - [TEST_STEP][PASSED] - if (text.equals("")): null

2021-11-18 11:11:46 - [MESSAGE][PASSED] - Call Test Case 'Test Cases/Olusturma/Genel/AliciSecilir' successfully

2021-11-18 11:11:46 - [MESSAGE][INFO] - Checking called Test Case

2021-11-18 11:11:46 - [MESSAGE][INFO] - Starting to call Test Case 'Test Cases/Olusturma/Genel/SenaryoSecilir'

2021-11-18 11:11:46 - [TEST_CASE][PASSED] - Test Cases/Olusturma/Genel/SenaryoSecilir: Test Cases/Olusturma/Genel/SenaryoSecilir

2021-11-18 11:11:46 - [TEST_STEP][PASSED] - waitForElementClickable(findTestObject("Olusturma/Genel/SenaryoSecilir/Senaryo"), 10): Object 'Object Repository/Olusturma/Genel/SenaryoSecilir/Senaryo' is clickable

2021-11-18 11:11:46 - [MESSAGE][INFO] - Finding Test Object 'Object Repository/Olusturma/Genel/SenaryoSecilir/Senaryo'

2021-11-18 11:11:46 - [MESSAGE][INFO] - Checking object

2021-11-18 11:11:46 - [MESSAGE][INFO] - Checking timeout

2021-11-18 11:11:46 - [MESSAGE][INFO] - Finding web element from Test Object's properties

2021-11-18 11:11:46 - [MESSAGE][INFO] - Checking timeout

2021-11-18 11:11:46 - [MESSAGE][INFO] - Finding web element with id: 'Object Repository/Olusturma/Genel/SenaryoSecilir/Senaryo' located by 'By.xpath: //*[@id = 'ProfileId_I']' in '10' second(s)

2021-11-18 11:11:46 - [MESSAGE][INFO] - Smart Wait Function is triggered

2021-11-18 11:11:47 - [MESSAGE][INFO] - Found 1 web elements with id: 'Object Repository/Olusturma/Genel/SenaryoSecilir/Senaryo' located by 'By.xpath: //*[@id = 'ProfileId_I']' in '10' second(s)

2021-11-18 11:11:47 - [MESSAGE][PASSED] - Object 'Object Repository/Olusturma/Genel/SenaryoSecilir/Senaryo' is clickable

2021-11-18 11:11:47 - [TEST_STEP][PASSED] - click(findTestObject("Olusturma/Genel/SenaryoSecilir/Senaryo")): Object: 'Object Repository/Olusturma/Genel/SenaryoSecilir/Senaryo' is clicked on

2021-11-18 11:11:47 - [MESSAGE][INFO] - Finding Test Object 'Object Repository/Olusturma/Genel/SenaryoSecilir/Senaryo'

2021-11-18 11:11:47 - [MESSAGE][INFO] - Checking object

2021-11-18 11:11:47 - [MESSAGE][INFO] - Finding web element from Test Object's properties

2021-11-18 11:11:47 - [MESSAGE][INFO] - Checking timeout

2021-11-18 11:11:47 - [MESSAGE][INFO] - Finding web element with id: 'Object Repository/Olusturma/Genel/SenaryoSecilir/Senaryo' located by 'By.xpath: //*[@id = 'ProfileId_I']' in '30' second(s)

2021-11-18 11:11:47 - [MESSAGE][INFO] - Smart Wait Function is triggered

2021-11-18 11:11:47 - [MESSAGE][INFO] - Found 1 web elements with id: 'Object Repository/Olusturma/Genel/SenaryoSecilir/Senaryo' located by 'By.xpath: //*[@id = 'ProfileId_I']' in '30' second(s)

2021-11-18 11:11:47 - [MESSAGE][INFO] - Clicking on object: 'Object Repository/Olusturma/Genel/SenaryoSecilir/Senaryo'

2021-11-18 11:11:48 - [MESSAGE][PASSED] - Object: 'Object Repository/Olusturma/Genel/SenaryoSecilir/Senaryo' is clicked on

2021-11-18 11:11:48 - [TEST_STEP][PASSED] - Method.TextDegerineEsitElementeTikla(findTestObject("Olusturma/Genel/SenaryoSecilir/Senaryo_Adi"), Tur): Method.TextDegerineEsitElementeTikla is PASSED

2021-11-18 11:11:48 - [MESSAGE][INFO] - Finding Test Object 'Object Repository/Olusturma/Genel/SenaryoSecilir/Senaryo_Adi'

2021-11-18 11:11:48 - [MESSAGE][INFO] - Checking timeout

2021-11-18 11:11:48 - [MESSAGE][INFO] - Finding web element with id: 'Object Repository/Olusturma/Genel/SenaryoSecilir/Senaryo_Adi' located by 'By.cssSelector: #ProfileId_DDD_L_LBT td' in '10' second(s)

2021-11-18 11:11:48 - [MESSAGE][INFO] - Smart Wait Function is triggered

2021-11-18 11:11:48 - [MESSAGE][INFO] - Found 2 web elements with id: 'Object Repository/Olusturma/Genel/SenaryoSecilir/Senaryo_Adi' located by 'By.cssSelector: #ProfileId_DDD_L_LBT td' in '10' second(s)

2021-11-18 11:11:48 - [MESSAGE][PASSED] - Method.TextDegerineEsitElementeTikla is PASSED

2021-11-18 11:11:48 - [MESSAGE][PASSED] - Call Test Case 'Test Cases/Olusturma/Genel/SenaryoSecilir' successfully

2021-11-18 11:11:48 - [MESSAGE][INFO] - Checking called Test Case

2021-11-18 11:11:48 - [MESSAGE][INFO] - Starting to call Test Case 'Test Cases/Olusturma/Genel/Kutular/FarkliTeslimatAdresTanimi'

2021-11-18 11:11:48 - [TEST_CASE][PASSED] - Test Cases/Olusturma/Genel/Kutular/FarkliTeslimatAdresTanimi: Test Cases/Olusturma/Genel/Kutular/FarkliTeslimatAdresTanimi

2021-11-18 11:11:49 - [TEST_STEP][PASSED] - Method.TextDegerineEsitElementeTikla(findTestObject("Olusturma/Genel/Kutular/KapaliKutular"), "Farklı Teslimat Adres Tanımı"): Method.TextDegerineEsitElementeTikla is PASSED

2021-11-18 11:11:49 - [MESSAGE][INFO] - Finding Test Object 'Object Repository/Olusturma/Genel/Kutular/KapaliKutular'

2021-11-18 11:11:49 - [MESSAGE][INFO] - Checking timeout

2021-11-18 11:11:49 - [MESSAGE][INFO] - Finding web element with id: 'Object Repository/Olusturma/Genel/Kutular/KapaliKutular' located by 'By.cssSelector: .dxnb-headerCollapsed>span' in '10' second(s)

2021-11-18 11:11:49 - [MESSAGE][INFO] - Smart Wait Function is triggered

2021-11-18 11:11:49 - [MESSAGE][INFO] - Found 5 web elements with id: 'Object Repository/Olusturma/Genel/Kutular/KapaliKutular' located by 'By.cssSelector: .dxnb-headerCollapsed>span' in '10' second(s)

2021-11-18 11:11:50 - [MESSAGE][PASSED] - Method.TextDegerineEsitElementeTikla is PASSED

2021-11-18 11:11:50 - [TEST_STEP][PASSED] - waitForElementPresent(findTestObject("Object Repository/Olusturma/Genel/Kutular/FarkliTeslimatAdresTanimi/Adres"), 10): Object 'Object Repository/Olusturma/Genel/Kutular/FarkliTeslimatAdresTanimi/Adres' is present

2021-11-18 11:11:50 - [MESSAGE][INFO] - Finding Test Object 'Object Repository/Olusturma/Genel/Kutular/FarkliTeslimatAdresTanimi/Adres'

2021-11-18 11:11:50 - [MESSAGE][INFO] - Checking object

2021-11-18 11:11:50 - [MESSAGE][INFO] - Finding web element from Test Object's properties

2021-11-18 11:11:50 - [MESSAGE][INFO] - Checking timeout

2021-11-18 11:11:50 - [MESSAGE][INFO] - Finding web element with id: 'Object Repository/Olusturma/Genel/Kutular/FarkliTeslimatAdresTanimi/Adres' located by 'By.xpath: //*[@id = 'txtStreetAddress_I']' in '10' second(s)

2021-11-18 11:11:50 - [MESSAGE][INFO] - Smart Wait Function is triggered

2021-11-18 11:11:50 - [MESSAGE][INFO] - Found 1 web elements with id: 'Object Repository/Olusturma/Genel/Kutular/FarkliTeslimatAdresTanimi/Adres' located by 'By.xpath: //*[@id = 'txtStreetAddress_I']' in '10' second(s)

2021-11-18 11:11:50 - [MESSAGE][PASSED] - Object 'Object Repository/Olusturma/Genel/Kutular/FarkliTeslimatAdresTanimi/Adres' is present

2021-11-18 11:11:50 - [TEST_STEP][PASSED] - clearText(findTestObject("Object Repository/Olusturma/Genel/Kutular/FarkliTeslimatAdresTanimi/Adres")): Text of object 'Object Repository/Olusturma/Genel/Kutular/FarkliTeslimatAdresTanimi/Adres' is cleared

2021-11-18 11:11:50 - [MESSAGE][INFO] - Finding Test Object 'Object Repository/Olusturma/Genel/Kutular/FarkliTeslimatAdresTanimi/Adres'

2021-11-18 11:11:50 - [MESSAGE][INFO] - Checking object

2021-11-18 11:11:50 - [MESSAGE][INFO] - Finding web element from Test Object's properties

2021-11-18 11:11:50 - [MESSAGE][INFO] - Checking timeout

2021-11-18 11:11:50 - [MESSAGE][INFO] - Finding web element with id: 'Object Repository/Olusturma/Genel/Kutular/FarkliTeslimatAdresTanimi/Adres' located by 'By.xpath: //*[@id = 'txtStreetAddress_I']' in '30' second(s)

2021-11-18 11:11:50 - [MESSAGE][INFO] - Smart Wait Function is triggered

2021-11-18 11:11:51 - [MESSAGE][INFO] - Found 1 web elements with id: 'Object Repository/Olusturma/Genel/Kutular/FarkliTeslimatAdresTanimi/Adres' located by 'By.xpath: //*[@id = 'txtStreetAddress_I']' in '30' second(s)

2021-11-18 11:11:51 - [MESSAGE][INFO] - Clearing text of object 'Object Repository/Olusturma/Genel/Kutular/FarkliTeslimatAdresTanimi/Adres'

2021-11-18 11:11:51 - [MESSAGE][PASSED] - Text of object 'Object Repository/Olusturma/Genel/Kutular/FarkliTeslimatAdresTanimi/Adres' is cleared

2021-11-18 11:11:51 - [TEST_STEP][PASSED] - sendKeys(findTestObject("Object Repository/Olusturma/Genel/Kutular/FarkliTeslimatAdresTanimi/Adres"), Adres): Keys 'adres' sent to object: 'Object Repository/Olusturma/Genel/Kutular/FarkliTeslimatAdresTanimi/Adres'

2021-11-18 11:11:51 - [MESSAGE][INFO] - Finding Test Object 'Object Repository/Olusturma/Genel/Kutular/FarkliTeslimatAdresTanimi/Adres'

2021-11-18 11:11:51 - [MESSAGE][INFO] - Sending keys 'adres' to object: 'Object Repository/Olusturma/Genel/Kutular/FarkliTeslimatAdresTanimi/Adres'

2021-11-18 11:11:51 - [MESSAGE][INFO] - Finding web element from Test Object's properties

2021-11-18 11:11:51 - [MESSAGE][INFO] - Checking timeout

2021-11-18 11:11:51 - [MESSAGE][INFO] - Finding web element with id: 'Object Repository/Olusturma/Genel/Kutular/FarkliTeslimatAdresTanimi/Adres' located by 'By.xpath: //*[@id = 'txtStreetAddress_I']' in '30' second(s)

2021-11-18 11:11:51 - [MESSAGE][INFO] - Smart Wait Function is triggered

2021-11-18 11:11:51 - [MESSAGE][INFO] - Found 1 web elements with id: 'Object Repository/Olusturma/Genel/Kutular/FarkliTeslimatAdresTanimi/Adres' located by 'By.xpath: //*[@id = 'txtStreetAddress_I']' in '30' second(s)

2021-11-18 11:11:51 - [MESSAGE][PASSED] - Keys 'adres' sent to object: 'Object Repository/Olusturma/Genel/Kutular/FarkliTeslimatAdresTanimi/Adres'

2021-11-18 11:11:51 - [TEST_STEP][PASSED] - waitForElementClickable(findTestObject("Object Repository/Olusturma/Genel/Kutular/FarkliTeslimatAdresTanimi/UlkeImage"), 10): Object 'Object Repository/Olusturma/Genel/Kutular/FarkliTeslimatAdresTanimi/UlkeImage' is clickable

2021-11-18 11:11:51 - [MESSAGE][INFO] - Finding Test Object 'Object Repository/Olusturma/Genel/Kutular/FarkliTeslimatAdresTanimi/UlkeImage'

2021-11-18 11:11:51 - [MESSAGE][INFO] - Checking object

2021-11-18 11:11:51 - [MESSAGE][INFO] - Checking timeout

2021-11-18 11:11:51 - [MESSAGE][INFO] - Finding web element from Test Object's properties

2021-11-18 11:11:51 - [MESSAGE][INFO] - Checking timeout

2021-11-18 11:11:51 - [MESSAGE][INFO] - Finding web element with id: 'Object Repository/Olusturma/Genel/Kutular/FarkliTeslimatAdresTanimi/UlkeImage' located by 'By.xpath: //*[@id = 'txtCountryIdentificationCodeAddress_B-1Img']' in '10' second(s)

2021-11-18 11:11:51 - [MESSAGE][INFO] - Smart Wait Function is triggered

2021-11-18 11:11:52 - [MESSAGE][INFO] - Found 1 web elements with id: 'Object Repository/Olusturma/Genel/Kutular/FarkliTeslimatAdresTanimi/UlkeImage' located by 'By.xpath: //*[@id = 'txtCountryIdentificationCodeAddress_B-1Img']' in '10' second(s)

2021-11-18 11:11:52 - [MESSAGE][PASSED] - Object 'Object Repository/Olusturma/Genel/Kutular/FarkliTeslimatAdresTanimi/UlkeImage' is clickable

2021-11-18 11:11:52 - [TEST_STEP][PASSED] - click(findTestObject("Object Repository/Olusturma/Genel/Kutular/FarkliTeslimatAdresTanimi/UlkeImage")): Object: 'Object Repository/Olusturma/Genel/Kutular/FarkliTeslimatAdresTanimi/UlkeImage' is clicked on

2021-11-18 11:11:52 - [MESSAGE][INFO] - Finding Test Object 'Object Repository/Olusturma/Genel/Kutular/FarkliTeslimatAdresTanimi/UlkeImage'

2021-11-18 11:11:52 - [MESSAGE][INFO] - Checking object

2021-11-18 11:11:52 - [MESSAGE][INFO] - Finding web element from Test Object's properties

2021-11-18 11:11:52 - [MESSAGE][INFO] - Checking timeout

2021-11-18 11:11:52 - [MESSAGE][INFO] - Finding web element with id: 'Object Repository/Olusturma/Genel/Kutular/FarkliTeslimatAdresTanimi/UlkeImage' located by 'By.xpath: //*[@id = 'txtCountryIdentificationCodeAddress_B-1Img']' in '30' second(s)

2021-11-18 11:11:52 - [MESSAGE][INFO] - Smart Wait Function is triggered

2021-11-18 11:11:52 - [MESSAGE][INFO] - Found 1 web elements with id: 'Object Repository/Olusturma/Genel/Kutular/FarkliTeslimatAdresTanimi/UlkeImage' located by 'By.xpath: //*[@id = 'txtCountryIdentificationCodeAddress_B-1Img']' in '30' second(s)

2021-11-18 11:11:52 - [MESSAGE][INFO] - Clicking on object: 'Object Repository/Olusturma/Genel/Kutular/FarkliTeslimatAdresTanimi/UlkeImage'

2021-11-18 11:11:52 - [MESSAGE][PASSED] - Object: 'Object Repository/Olusturma/Genel/Kutular/FarkliTeslimatAdresTanimi/UlkeImage' is clicked on

2021-11-18 11:11:52 - [TEST_STEP][PASSED] - Method.TextDegerineEsitElementeTikla(findTestObject("Object Repository/Olusturma/Genel/Kutular/FarkliTeslimatAdresTanimi/Ulke"), Ulke): Method.TextDegerineEsitElementeTikla is PASSED

2021-11-18 11:11:52 - [MESSAGE][INFO] - Finding Test Object 'Object Repository/Olusturma/Genel/Kutular/FarkliTeslimatAdresTanimi/Ulke'

2021-11-18 11:11:52 - [MESSAGE][INFO] - Checking timeout

2021-11-18 11:11:52 - [MESSAGE][INFO] - Finding web element with id: 'Object Repository/Olusturma/Genel/Kutular/FarkliTeslimatAdresTanimi/Ulke' located by 'By.cssSelector: #txtCountryIdentificationCodeAddress_DDD_L_D td' in '10' second(s)

2021-11-18 11:11:52 - [MESSAGE][INFO] - Smart Wait Function is triggered

2021-11-18 11:11:53 - [MESSAGE][INFO] - Found 230 web elements with id: 'Object Repository/Olusturma/Genel/Kutular/FarkliTeslimatAdresTanimi/Ulke' located by 'By.cssSelector: #txtCountryIdentificationCodeAddress_DDD_L_D td' in '10' second(s)

2021-11-18 11:11:59 - [MESSAGE][PASSED] - Method.TextDegerineEsitElementeTikla is PASSED

2021-11-18 11:11:59 - [TEST_STEP][PASSED] - waitForElementPresent(findTestObject("Object Repository/Olusturma/Genel/Kutular/FarkliTeslimatAdresTanimi/Sehir"), 10): Object 'Object Repository/Olusturma/Genel/Kutular/FarkliTeslimatAdresTanimi/Sehir' is present

2021-11-18 11:11:59 - [MESSAGE][INFO] - Finding Test Object 'Object Repository/Olusturma/Genel/Kutular/FarkliTeslimatAdresTanimi/Sehir'

2021-11-18 11:11:59 - [MESSAGE][INFO] - Checking object

2021-11-18 11:11:59 - [MESSAGE][INFO] - Finding web element from Test Object's properties

2021-11-18 11:11:59 - [MESSAGE][INFO] - Checking timeout

2021-11-18 11:11:59 - [MESSAGE][INFO] - Finding web element with id: 'Object Repository/Olusturma/Genel/Kutular/FarkliTeslimatAdresTanimi/Sehir' located by 'By.xpath: //*[@id = 'txtCityAddress_I']' in '10' second(s)

2021-11-18 11:11:59 - [MESSAGE][INFO] - Smart Wait Function is triggered

2021-11-18 11:12:00 - [MESSAGE][INFO] - Found 1 web elements with id: 'Object Repository/Olusturma/Genel/Kutular/FarkliTeslimatAdresTanimi/Sehir' located by 'By.xpath: //*[@id = 'txtCityAddress_I']' in '10' second(s)

2021-11-18 11:12:00 - [MESSAGE][PASSED] - Object 'Object Repository/Olusturma/Genel/Kutular/FarkliTeslimatAdresTanimi/Sehir' is present

2021-11-18 11:12:00 - [TEST_STEP][PASSED] - clearText(findTestObject("Object Repository/Olusturma/Genel/Kutular/FarkliTeslimatAdresTanimi/Sehir")): Text of object 'Object Repository/Olusturma/Genel/Kutular/FarkliTeslimatAdresTanimi/Sehir' is cleared

2021-11-18 11:12:00 - [MESSAGE][INFO] - Finding Test Object 'Object Repository/Olusturma/Genel/Kutular/FarkliTeslimatAdresTanimi/Sehir'

2021-11-18 11:12:00 - [MESSAGE][INFO] - Checking object

2021-11-18 11:12:00 - [MESSAGE][INFO] - Finding web element from Test Object's properties

2021-11-18 11:12:00 - [MESSAGE][INFO] - Checking timeout

2021-11-18 11:12:00 - [MESSAGE][INFO] - Finding web element with id: 'Object Repository/Olusturma/Genel/Kutular/FarkliTeslimatAdresTanimi/Sehir' located by 'By.xpath: //*[@id = 'txtCityAddress_I']' in '30' second(s)

2021-11-18 11:12:00 - [MESSAGE][INFO] - Smart Wait Function is triggered

2021-11-18 11:12:00 - [MESSAGE][INFO] - Found 1 web elements with id: 'Object Repository/Olusturma/Genel/Kutular/FarkliTeslimatAdresTanimi/Sehir' located by 'By.xpath: //*[@id = 'txtCityAddress_I']' in '30' second(s)

2021-11-18 11:12:00 - [MESSAGE][INFO] - Clearing text of object 'Object Repository/Olusturma/Genel/Kutular/FarkliTeslimatAdresTanimi/Sehir'

2021-11-18 11:12:00 - [MESSAGE][PASSED] - Text of object 'Object Repository/Olusturma/Genel/Kutular/FarkliTeslimatAdresTanimi/Sehir' is cleared

2021-11-18 11:12:00 - [TEST_STEP][PASSED] - sendKeys(findTestObject("Object Repository/Olusturma/Genel/Kutular/FarkliTeslimatAdresTanimi/Sehir"), Sehir): Keys 'Isparta' sent to object: 'Object Repository/Olusturma/Genel/Kutular/FarkliTeslimatAdresTanimi/Sehir'

2021-11-18 11:12:00 - [MESSAGE][INFO] - Finding Test Object 'Object Repository/Olusturma/Genel/Kutular/FarkliTeslimatAdresTanimi/Sehir'

2021-11-18 11:12:00 - [MESSAGE][INFO] - Sending keys 'Isparta' to object: 'Object Repository/Olusturma/Genel/Kutular/FarkliTeslimatAdresTanimi/Sehir'

2021-11-18 11:12:00 - [MESSAGE][INFO] - Finding web element from Test Object's properties

2021-11-18 11:12:00 - [MESSAGE][INFO] - Checking timeout

2021-11-18 11:12:00 - [MESSAGE][INFO] - Finding web element with id: 'Object Repository/Olusturma/Genel/Kutular/FarkliTeslimatAdresTanimi/Sehir' located by 'By.xpath: //*[@id = 'txtCityAddress_I']' in '30' second(s)

2021-11-18 11:12:00 - [MESSAGE][INFO] - Smart Wait Function is triggered

2021-11-18 11:12:01 - [MESSAGE][INFO] - Found 1 web elements with id: 'Object Repository/Olusturma/Genel/Kutular/FarkliTeslimatAdresTanimi/Sehir' located by 'By.xpath: //*[@id = 'txtCityAddress_I']' in '30' second(s)

2021-11-18 11:12:01 - [MESSAGE][PASSED] - Keys 'Isparta' sent to object: 'Object Repository/Olusturma/Genel/Kutular/FarkliTeslimatAdresTanimi/Sehir'

2021-11-18 11:12:01 - [TEST_STEP][PASSED] - waitForElementPresent(findTestObject("Object Repository/Olusturma/Genel/Kutular/FarkliTeslimatAdresTanimi/Ilce"), 10): Object 'Object Repository/Olusturma/Genel/Kutular/FarkliTeslimatAdresTanimi/Ilce' is present

2021-11-18 11:12:01 - [MESSAGE][INFO] - Finding Test Object 'Object Repository/Olusturma/Genel/Kutular/FarkliTeslimatAdresTanimi/Ilce'

2021-11-18 11:12:01 - [MESSAGE][INFO] - Checking object

2021-11-18 11:12:01 - [MESSAGE][INFO] - Finding web element from Test Object's properties

2021-11-18 11:12:01 - [MESSAGE][INFO] - Checking timeout

2021-11-18 11:12:01 - [MESSAGE][INFO] - Finding web element with id: 'Object Repository/Olusturma/Genel/Kutular/FarkliTeslimatAdresTanimi/Ilce' located by 'By.xpath: //*[@id = 'txtCountyAddress_I']' in '10' second(s)

2021-11-18 11:12:01 - [MESSAGE][INFO] - Smart Wait Function is triggered

2021-11-18 11:12:01 - [MESSAGE][INFO] - Found 1 web elements with id: 'Object Repository/Olusturma/Genel/Kutular/FarkliTeslimatAdresTanimi/Ilce' located by 'By.xpath: //*[@id = 'txtCountyAddress_I']' in '10' second(s)

2021-11-18 11:12:01 - [MESSAGE][PASSED] - Object 'Object Repository/Olusturma/Genel/Kutular/FarkliTeslimatAdresTanimi/Ilce' is present

2021-11-18 11:12:01 - [TEST_STEP][PASSED] - clearText(findTestObject("Object Repository/Olusturma/Genel/Kutular/FarkliTeslimatAdresTanimi/Ilce")): Text of object 'Object Repository/Olusturma/Genel/Kutular/FarkliTeslimatAdresTanimi/Ilce' is cleared

2021-11-18 11:12:01 - [MESSAGE][INFO] - Finding Test Object 'Object Repository/Olusturma/Genel/Kutular/FarkliTeslimatAdresTanimi/Ilce'

2021-11-18 11:12:01 - [MESSAGE][INFO] - Checking object

2021-11-18 11:12:01 - [MESSAGE][INFO] - Finding web element from Test Object's properties

2021-11-18 11:12:01 - [MESSAGE][INFO] - Checking timeout

2021-11-18 11:12:01 - [MESSAGE][INFO] - Finding web element with id: 'Object Repository/Olusturma/Genel/Kutular/FarkliTeslimatAdresTanimi/Ilce' located by 'By.xpath: //*[@id = 'txtCountyAddress_I']' in '30' second(s)

2021-11-18 11:12:01 - [MESSAGE][INFO] - Smart Wait Function is triggered

2021-11-18 11:12:02 - [MESSAGE][INFO] - Found 1 web elements with id: 'Object Repository/Olusturma/Genel/Kutular/FarkliTeslimatAdresTanimi/Ilce' located by 'By.xpath: //*[@id = 'txtCountyAddress_I']' in '30' second(s)

2021-11-18 11:12:02 - [MESSAGE][INFO] - Clearing text of object 'Object Repository/Olusturma/Genel/Kutular/FarkliTeslimatAdresTanimi/Ilce'

2021-11-18 11:12:02 - [MESSAGE][PASSED] - Text of object 'Object Repository/Olusturma/Genel/Kutular/FarkliTeslimatAdresTanimi/Ilce' is cleared

2021-11-18 11:12:02 - [TEST_STEP][PASSED] - sendKeys(findTestObject("Object Repository/Olusturma/Genel/Kutular/FarkliTeslimatAdresTanimi/Ilce"), Ilce): Keys 'Yalvaç' sent to object: 'Object Repository/Olusturma/Genel/Kutular/FarkliTeslimatAdresTanimi/Ilce'

2021-11-18 11:12:02 - [MESSAGE][INFO] - Finding Test Object 'Object Repository/Olusturma/Genel/Kutular/FarkliTeslimatAdresTanimi/Ilce'

2021-11-18 11:12:02 - [MESSAGE][INFO] - Sending keys 'Yalvaç' to object: 'Object Repository/Olusturma/Genel/Kutular/FarkliTeslimatAdresTanimi/Ilce'

2021-11-18 11:12:02 - [MESSAGE][INFO] - Finding web element from Test Object's properties

2021-11-18 11:12:02 - [MESSAGE][INFO] - Checking timeout

2021-11-18 11:12:02 - [MESSAGE][INFO] - Finding web element with id: 'Object Repository/Olusturma/Genel/Kutular/FarkliTeslimatAdresTanimi/Ilce' located by 'By.xpath: //*[@id = 'txtCountyAddress_I']' in '30' second(s)

2021-11-18 11:12:02 - [MESSAGE][INFO] - Smart Wait Function is triggered

2021-11-18 11:12:02 - [MESSAGE][INFO] - Found 1 web elements with id: 'Object Repository/Olusturma/Genel/Kutular/FarkliTeslimatAdresTanimi/Ilce' located by 'By.xpath: //*[@id = 'txtCountyAddress_I']' in '30' second(s)

2021-11-18 11:12:02 - [MESSAGE][PASSED] - Keys 'Yalvaç' sent to object: 'Object Repository/Olusturma/Genel/Kutular/FarkliTeslimatAdresTanimi/Ilce'

2021-11-18 11:12:02 - [TEST_STEP][PASSED] - click(findTestObject("Object Repository/Olusturma/Genel/Kutular/FarkliTeslimatAdresTanimi/PostaKodu"), STOP_ON_FAILURE): Object: 'Object Repository/Olusturma/Genel/Kutular/FarkliTeslimatAdresTanimi/PostaKodu' is clicked on

2021-11-18 11:12:02 - [MESSAGE][INFO] - Finding Test Object 'Object Repository/Olusturma/Genel/Kutular/FarkliTeslimatAdresTanimi/PostaKodu'

2021-11-18 11:12:02 - [MESSAGE][INFO] - Checking object

2021-11-18 11:12:02 - [MESSAGE][INFO] - Finding web element from Test Object's properties

2021-11-18 11:12:02 - [MESSAGE][INFO] - Checking timeout

2021-11-18 11:12:02 - [MESSAGE][INFO] - Finding web element with id: 'Object Repository/Olusturma/Genel/Kutular/FarkliTeslimatAdresTanimi/PostaKodu' located by 'By.xpath: //*[@id = 'txtPostalZone_I']' in '30' second(s)

2021-11-18 11:12:02 - [MESSAGE][INFO] - Smart Wait Function is triggered

2021-11-18 11:12:03 - [MESSAGE][INFO] - Found 1 web elements with id: 'Object Repository/Olusturma/Genel/Kutular/FarkliTeslimatAdresTanimi/PostaKodu' located by 'By.xpath: //*[@id = 'txtPostalZone_I']' in '30' second(s)

2021-11-18 11:12:03 - [MESSAGE][INFO] - Clicking on object: 'Object Repository/Olusturma/Genel/Kutular/FarkliTeslimatAdresTanimi/PostaKodu'

2021-11-18 11:12:03 - [MESSAGE][PASSED] - Object: 'Object Repository/Olusturma/Genel/Kutular/FarkliTeslimatAdresTanimi/PostaKodu' is clicked on

2021-11-18 11:12:03 - [TEST_STEP][PASSED] - sendKeys(findTestObject("Object Repository/Olusturma/Genel/Kutular/FarkliTeslimatAdresTanimi/PostaKodu"), PostaKodu): Keys '32400' sent to object: 'Object Repository/Olusturma/Genel/Kutular/FarkliTeslimatAdresTanimi/PostaKodu'

2021-11-18 11:12:03 - [MESSAGE][INFO] - Finding Test Object 'Object Repository/Olusturma/Genel/Kutular/FarkliTeslimatAdresTanimi/PostaKodu'

2021-11-18 11:12:03 - [MESSAGE][INFO] - Sending keys '32400' to object: 'Object Repository/Olusturma/Genel/Kutular/FarkliTeslimatAdresTanimi/PostaKodu'

2021-11-18 11:12:03 - [MESSAGE][INFO] - Finding web element from Test Object's properties

2021-11-18 11:12:03 - [MESSAGE][INFO] - Checking timeout

2021-11-18 11:12:03 - [MESSAGE][INFO] - Finding web element with id: 'Object Repository/Olusturma/Genel/Kutular/FarkliTeslimatAdresTanimi/PostaKodu' located by 'By.xpath: //*[@id = 'txtPostalZone_I']' in '30' second(s)

2021-11-18 11:12:03 - [MESSAGE][INFO] - Smart Wait Function is triggered

2021-11-18 11:12:03 - [MESSAGE][INFO] - Found 1 web elements with id: 'Object Repository/Olusturma/Genel/Kutular/FarkliTeslimatAdresTanimi/PostaKodu' located by 'By.xpath: //*[@id = 'txtPostalZone_I']' in '30' second(s)

2021-11-18 11:12:04 - [MESSAGE][PASSED] - Keys '32400' sent to object: 'Object Repository/Olusturma/Genel/Kutular/FarkliTeslimatAdresTanimi/PostaKodu'

2021-11-18 11:12:04 - [MESSAGE][PASSED] - Call Test Case 'Test Cases/Olusturma/Genel/Kutular/FarkliTeslimatAdresTanimi' successfully

2021-11-18 11:12:04 - [MESSAGE][INFO] - Checking called Test Case

2021-11-18 11:12:04 - [MESSAGE][INFO] - Starting to call Test Case 'Test Cases/Olusturma/Genel/EkleButonunaBasilir'

2021-11-18 11:12:04 - [TEST_CASE][PASSED] - Test Cases/Olusturma/Genel/EkleButonunaBasilir: Test Cases/Olusturma/Genel/EkleButonunaBasilir

2021-11-18 11:12:04 - [TEST_STEP][PASSED] - waitForElementClickable(findTestObject("Object Repository/Olusturma/Genel/Olusturma/Ekle"), 10): Object 'Object Repository/Olusturma/Genel/Olusturma/Ekle' is clickable

2021-11-18 11:12:04 - [MESSAGE][INFO] - Finding Test Object 'Object Repository/Olusturma/Genel/Olusturma/Ekle'

2021-11-18 11:12:04 - [MESSAGE][INFO] - Checking object

2021-11-18 11:12:04 - [MESSAGE][INFO] - Checking timeout

2021-11-18 11:12:04 - [MESSAGE][INFO] - Finding web element from Test Object's properties

2021-11-18 11:12:04 - [MESSAGE][INFO] - Checking timeout

2021-11-18 11:12:04 - [MESSAGE][INFO] - Finding web element with id: 'Object Repository/Olusturma/Genel/Olusturma/Ekle' located by 'By.cssSelector: #divmalhizmet i.fa.fa-plus.fa-lg.text-muted' in '10' second(s)

2021-11-18 11:12:04 - [MESSAGE][INFO] - Smart Wait Function is triggered

2021-11-18 11:12:05 - [MESSAGE][INFO] - Found 1 web elements with id: 'Object Repository/Olusturma/Genel/Olusturma/Ekle' located by 'By.cssSelector: #divmalhizmet i.fa.fa-plus.fa-lg.text-muted' in '10' second(s)

2021-11-18 11:12:05 - [MESSAGE][PASSED] - Object 'Object Repository/Olusturma/Genel/Olusturma/Ekle' is clickable

2021-11-18 11:12:05 - [TEST_STEP][PASSED] - click(findTestObject("Object Repository/Olusturma/Genel/Olusturma/Ekle")): Object: 'Object Repository/Olusturma/Genel/Olusturma/Ekle' is clicked on

2021-11-18 11:12:05 - [MESSAGE][INFO] - Finding Test Object 'Object Repository/Olusturma/Genel/Olusturma/Ekle'

2021-11-18 11:12:05 - [MESSAGE][INFO] - Checking object

2021-11-18 11:12:05 - [MESSAGE][INFO] - Finding web element from Test Object's properties

2021-11-18 11:12:05 - [MESSAGE][INFO] - Checking timeout

2021-11-18 11:12:05 - [MESSAGE][INFO] - Finding web element with id: 'Object Repository/Olusturma/Genel/Olusturma/Ekle' located by 'By.cssSelector: #divmalhizmet i.fa.fa-plus.fa-lg.text-muted' in '30' second(s)

2021-11-18 11:12:05 - [MESSAGE][INFO] - Smart Wait Function is triggered

2021-11-18 11:12:05 - [MESSAGE][INFO] - Found 1 web elements with id: 'Object Repository/Olusturma/Genel/Olusturma/Ekle' located by 'By.cssSelector: #divmalhizmet i.fa.fa-plus.fa-lg.text-muted' in '30' second(s)

2021-11-18 11:12:05 - [MESSAGE][INFO] - Clicking on object: 'Object Repository/Olusturma/Genel/Olusturma/Ekle'

2021-11-18 11:12:05 - [MESSAGE][PASSED] - Object: 'Object Repository/Olusturma/Genel/Olusturma/Ekle' is clicked on

2021-11-18 11:12:05 - [TEST_STEP][PASSED] - waitForElementClickable(findTestObject("Olusturma/Genel/Olusturma/EklenenSatirCarpiImage"), 10): Object 'Object Repository/Olusturma/Genel/Olusturma/EklenenSatirCarpiImage' is clickable

2021-11-18 11:12:05 - [MESSAGE][INFO] - Finding Test Object 'Object Repository/Olusturma/Genel/Olusturma/EklenenSatirCarpiImage'

2021-11-18 11:12:05 - [MESSAGE][INFO] - Checking object

2021-11-18 11:12:05 - [MESSAGE][INFO] - Checking timeout

2021-11-18 11:12:05 - [MESSAGE][INFO] - Finding web element from Test Object's properties

2021-11-18 11:12:05 - [MESSAGE][INFO] - Checking timeout

2021-11-18 11:12:05 - [MESSAGE][INFO] - Finding web element with id: 'Object Repository/Olusturma/Genel/Olusturma/EklenenSatirCarpiImage' located by 'By.cssSelector: .fa.fa-times.fa-lg.text-primary' in '10' second(s)

2021-11-18 11:12:05 - [MESSAGE][INFO] - Smart Wait Function is triggered

2021-11-18 11:12:06 - [MESSAGE][INFO] - Smart Wait Function is triggered

2021-11-18 11:12:06 - [MESSAGE][INFO] - Smart Wait Function is triggered

2021-11-18 11:12:07 - [MESSAGE][INFO] - Found 1 web elements with id: 'Object Repository/Olusturma/Genel/Olusturma/EklenenSatirCarpiImage' located by 'By.cssSelector: .fa.fa-times.fa-lg.text-primary' in '10' second(s)

2021-11-18 11:12:07 - [MESSAGE][PASSED] - Object 'Object Repository/Olusturma/Genel/Olusturma/EklenenSatirCarpiImage' is clickable

2021-11-18 11:12:07 - [MESSAGE][PASSED] - Call Test Case 'Test Cases/Olusturma/Genel/EkleButonunaBasilir' successfully

2021-11-18 11:12:07 - [MESSAGE][INFO] - Checking called Test Case

2021-11-18 11:12:07 - [MESSAGE][INFO] - Starting to call Test Case 'Test Cases/Olusturma/Genel/Olusturma'

2021-11-18 11:12:07 - [TEST_CASE][PASSED] - Test Cases/Olusturma/Genel/Olusturma: Test Cases/Olusturma/Genel/Olusturma

2021-11-18 11:12:08 - [TEST_STEP][PASSED] - driver = getWebDriver(): null

2021-11-18 11:12:08 - [TEST_STEP][PASSED] - action = new org.openqa.selenium.interactions.Actions(driver): null

2021-11-18 11:12:08 - [TEST_STEP][PASSED] - baslikElement = <not implemented yet for class: org.codehaus.groovy.ast.expr.EmptyExpression>: null

2021-11-18 11:12:08 - [TEST_STEP][PASSED] - sonElement = <not implemented yet for class: org.codehaus.groovy.ast.expr.EmptyExpression>: null

2021-11-18 11:12:08 - [TEST_STEP][PASSED] - attr = <not implemented yet for class: org.codehaus.groovy.ast.expr.EmptyExpression>: null

2021-11-18 11:12:08 - [TEST_STEP][PASSED] - a = 0: null

2021-11-18 11:12:08 - [TEST_STEP][PASSED] - elements = findWebElements(findTestObject("Object Repository/Olusturma/Genel/Olusturma/TabloBasliklari"), 10): Found 7 web elements with id: 'Object Repository/Olusturma/Genel/Olusturma/TabloBasliklari' located by 'By.cssSelector: div#divmalhizmet .dxgvTable_LECustomTheme td.dxgvHeader_LECustomTheme tr>td:nth-child(1)' in '10' second(s)

2021-11-18 11:12:08 - [MESSAGE][INFO] - Finding Test Object 'Object Repository/Olusturma/Genel/Olusturma/TabloBasliklari'

2021-11-18 11:12:08 - [MESSAGE][INFO] - Checking timeout

2021-11-18 11:12:08 - [MESSAGE][INFO] - Finding web element with id: 'Object Repository/Olusturma/Genel/Olusturma/TabloBasliklari' located by 'By.cssSelector: div#divmalhizmet .dxgvTable_LECustomTheme td.dxgvHeader_LECustomTheme tr>td:nth-child(1)' in '10' second(s)

2021-11-18 11:12:08 - [MESSAGE][INFO] - Smart Wait Function is triggered

2021-11-18 11:12:08 - [MESSAGE][INFO] - Found 7 web elements with id: 'Object Repository/Olusturma/Genel/Olusturma/TabloBasliklari' located by 'By.cssSelector: div#divmalhizmet .dxgvTable_LECustomTheme td.dxgvHeader_LECustomTheme tr>td:nth-child(1)' in '10' second(s)

2021-11-18 11:12:08 - [TEST_STEP][PASSED] - for (def element : elements): null

2021-11-18 11:12:08 - [TEST_STEP][PASSED] - build().perform(): null

2021-11-18 11:12:08 - [TEST_STEP][PASSED] - if (getText().equals(Baslik)): null

2021-11-18 11:12:08 - [TEST_STEP][PASSED] - baslikElement = element.findElement(By.xpath("../../../..")): Smart Wait Function is triggered

2021-11-18 11:12:08 - [MESSAGE][INFO] - Smart Wait Function is triggered

2021-11-18 11:12:09 - [TEST_STEP][PASSED] - attr = baslikElement.getAttribute("id"): null

2021-11-18 11:12:09 - [TEST_STEP][PASSED] - println("girdi ve idsini aldı = " + attr): null

2021-11-18 11:12:09 - [TEST_STEP][PASSED] - break: null

2021-11-18 11:12:09 - [TEST_STEP][PASSED] - countElement = baslikElement.findElements(By.xpath("../td")): Smart Wait Function is triggered

2021-11-18 11:12:09 - [MESSAGE][INFO] - Smart Wait Function is triggered

2021-11-18 11:12:09 - [TEST_STEP][PASSED] - for (def element : countElement): null

2021-11-18 11:12:09 - [TEST_STEP][PASSED] - if (toString().equals(attr.toString())): null

2021-11-18 11:12:09 - [TEST_STEP][PASSED] - (a++): null

2021-11-18 11:12:09 - [TEST_STEP][PASSED] - if (toString().equals(attr.toString())): null

2021-11-18 11:12:09 - [TEST_STEP][PASSED] - break: null

2021-11-18 11:12:09 - [TEST_STEP][PASSED] - son = findWebElement(findTestObject("Object Repository/Olusturma/Genel/Olusturma/EklenenSatir")).findElement(By.xpath("td[@class='dxgvInlineEditCell_LECustomTheme dxgv'][" + a + "]//td[@class='dxic']/input")): Smart Wait Function is triggered

2021-11-18 11:12:09 - [MESSAGE][INFO] - Finding Test Object 'Object Repository/Olusturma/Genel/Olusturma/EklenenSatir'

2021-11-18 11:12:09 - [MESSAGE][INFO] - Finding web element from Test Object's properties

2021-11-18 11:12:09 - [MESSAGE][INFO] - Checking timeout

2021-11-18 11:12:09 - [MESSAGE][INFO] - Finding web element with id: 'Object Repository/Olusturma/Genel/Olusturma/EklenenSatir' located by 'By.cssSelector: #divmalhizmet .dxgvInlineEditRow_LECustomTheme' in '30' second(s)

2021-11-18 11:12:09 - [MESSAGE][INFO] - Smart Wait Function is triggered

2021-11-18 11:12:09 - [MESSAGE][INFO] - Found 1 web elements with id: 'Object Repository/Olusturma/Genel/Olusturma/EklenenSatir' located by 'By.cssSelector: #divmalhizmet .dxgvInlineEditRow_LECustomTheme' in '30' second(s)

2021-11-18 11:12:09 - [MESSAGE][INFO] - Smart Wait Function is triggered

2021-11-18 11:12:10 - [TEST_STEP][PASSED] - if (!(getAttribute("value").contains("Vkn"))): null

2021-11-18 11:12:10 - [TEST_STEP][PASSED] - son.clear(): null

2021-11-18 11:12:10 - [TEST_STEP][PASSED] - son.sendKeys(Deger): null

2021-11-18 11:12:10 - [MESSAGE][PASSED] - Call Test Case 'Test Cases/Olusturma/Genel/Olusturma' successfully

2021-11-18 11:12:10 - [MESSAGE][INFO] - Checking called Test Case

2021-11-18 11:12:10 - [MESSAGE][INFO] - Starting to call Test Case 'Test Cases/Olusturma/Genel/Olusturma'

2021-11-18 11:12:10 - [TEST_CASE][PASSED] - Test Cases/Olusturma/Genel/Olusturma: Test Cases/Olusturma/Genel/Olusturma

2021-11-18 11:12:10 - [TEST_STEP][PASSED] - driver = getWebDriver(): null

2021-11-18 11:12:10 - [TEST_STEP][PASSED] - action = new org.openqa.selenium.interactions.Actions(driver): null

2021-11-18 11:12:10 - [TEST_STEP][PASSED] - baslikElement = <not implemented yet for class: org.codehaus.groovy.ast.expr.EmptyExpression>: null

2021-11-18 11:12:10 - [TEST_STEP][PASSED] - sonElement = <not implemented yet for class: org.codehaus.groovy.ast.expr.EmptyExpression>: null

2021-11-18 11:12:10 - [TEST_STEP][PASSED] - attr = <not implemented yet for class: org.codehaus.groovy.ast.expr.EmptyExpression>: null

2021-11-18 11:12:10 - [TEST_STEP][PASSED] - a = 0: null

2021-11-18 11:12:10 - [TEST_STEP][PASSED] - elements = findWebElements(findTestObject("Object Repository/Olusturma/Genel/Olusturma/TabloBasliklari"), 10): Found 7 web elements with id: 'Object Repository/Olusturma/Genel/Olusturma/TabloBasliklari' located by 'By.cssSelector: div#divmalhizmet .dxgvTable_LECustomTheme td.dxgvHeader_LECustomTheme tr>td:nth-child(1)' in '10' second(s)

2021-11-18 11:12:10 - [MESSAGE][INFO] - Finding Test Object 'Object Repository/Olusturma/Genel/Olusturma/TabloBasliklari'

2021-11-18 11:12:10 - [MESSAGE][INFO] - Checking timeout

2021-11-18 11:12:10 - [MESSAGE][INFO] - Finding web element with id: 'Object Repository/Olusturma/Genel/Olusturma/TabloBasliklari' located by 'By.cssSelector: div#divmalhizmet .dxgvTable_LECustomTheme td.dxgvHeader_LECustomTheme tr>td:nth-child(1)' in '10' second(s)

2021-11-18 11:12:10 - [MESSAGE][INFO] - Smart Wait Function is triggered

2021-11-18 11:12:10 - [MESSAGE][INFO] - Found 7 web elements with id: 'Object Repository/Olusturma/Genel/Olusturma/TabloBasliklari' located by 'By.cssSelector: div#divmalhizmet .dxgvTable_LECustomTheme td.dxgvHeader_LECustomTheme tr>td:nth-child(1)' in '10' second(s)

2021-11-18 11:12:10 - [TEST_STEP][PASSED] - for (def element : elements): null

2021-11-18 11:12:10 - [TEST_STEP][PASSED] - build().perform(): null

2021-11-18 11:12:10 - [TEST_STEP][PASSED] - if (getText().equals(Baslik)): null

2021-11-18 11:12:10 - [TEST_STEP][PASSED] - build().perform(): null

2021-11-18 11:12:11 - [TEST_STEP][PASSED] - if (getText().equals(Baslik)): null

2021-11-18 11:12:11 - [TEST_STEP][PASSED] - baslikElement = element.findElement(By.xpath("../../../..")): Smart Wait Function is triggered

2021-11-18 11:12:11 - [MESSAGE][INFO] - Smart Wait Function is triggered

2021-11-18 11:12:11 - [TEST_STEP][PASSED] - attr = baslikElement.getAttribute("id"): null

2021-11-18 11:12:11 - [TEST_STEP][PASSED] - println("girdi ve idsini aldı = " + attr): null

2021-11-18 11:12:11 - [TEST_STEP][PASSED] - break: null

2021-11-18 11:12:11 - [TEST_STEP][PASSED] - countElement = baslikElement.findElements(By.xpath("../td")): Smart Wait Function is triggered

2021-11-18 11:12:11 - [MESSAGE][INFO] - Smart Wait Function is triggered

2021-11-18 11:12:11 - [TEST_STEP][PASSED] - for (def element : countElement): null

2021-11-18 11:12:11 - [TEST_STEP][PASSED] - if (toString().equals(attr.toString())): null

2021-11-18 11:12:11 - [TEST_STEP][PASSED] - (a++): null

2021-11-18 11:12:11 - [TEST_STEP][PASSED] - if (toString().equals(attr.toString())): null

2021-11-18 11:12:11 - [TEST_STEP][PASSED] - (a++): null

2021-11-18 11:12:11 - [TEST_STEP][PASSED] - if (toString().equals(attr.toString())): null

2021-11-18 11:12:11 - [TEST_STEP][PASSED] - break: null

2021-11-18 11:12:11 - [TEST_STEP][PASSED] - son = findWebElement(findTestObject("Object Repository/Olusturma/Genel/Olusturma/EklenenSatir")).findElement(By.xpath("td[@class='dxgvInlineEditCell_LECustomTheme dxgv'][" + a + "]//td[@class='dxic']/input")): Smart Wait Function is triggered

2021-11-18 11:12:11 - [MESSAGE][INFO] - Finding Test Object 'Object Repository/Olusturma/Genel/Olusturma/EklenenSatir'

2021-11-18 11:12:11 - [MESSAGE][INFO] - Finding web element from Test Object's properties

2021-11-18 11:12:11 - [MESSAGE][INFO] - Checking timeout

2021-11-18 11:12:11 - [MESSAGE][INFO] - Finding web element with id: 'Object Repository/Olusturma/Genel/Olusturma/EklenenSatir' located by 'By.cssSelector: #divmalhizmet .dxgvInlineEditRow_LECustomTheme' in '30' second(s)

2021-11-18 11:12:11 - [MESSAGE][INFO] - Smart Wait Function is triggered

2021-11-18 11:12:12 - [MESSAGE][INFO] - Found 1 web elements with id: 'Object Repository/Olusturma/Genel/Olusturma/EklenenSatir' located by 'By.cssSelector: #divmalhizmet .dxgvInlineEditRow_LECustomTheme' in '30' second(s)

2021-11-18 11:12:12 - [MESSAGE][INFO] - Smart Wait Function is triggered

2021-11-18 11:12:12 - [TEST_STEP][PASSED] - if (!(getAttribute("value").contains("Vkn"))): null

2021-11-18 11:12:12 - [TEST_STEP][PASSED] - son.clear(): null

2021-11-18 11:12:12 - [TEST_STEP][PASSED] - son.sendKeys(Deger): null

2021-11-18 11:12:12 - [MESSAGE][PASSED] - Call Test Case 'Test Cases/Olusturma/Genel/Olusturma' successfully

2021-11-18 11:12:12 - [MESSAGE][INFO] - Checking called Test Case

2021-11-18 11:12:12 - [MESSAGE][INFO] - Starting to call Test Case 'Test Cases/Olusturma/Genel/Olusturma'

2021-11-18 11:12:12 - [TEST_CASE][PASSED] - Test Cases/Olusturma/Genel/Olusturma: Test Cases/Olusturma/Genel/Olusturma

2021-11-18 11:12:12 - [TEST_STEP][PASSED] - driver = getWebDriver(): null

2021-11-18 11:12:12 - [TEST_STEP][PASSED] - action = new org.openqa.selenium.interactions.Actions(driver): null

2021-11-18 11:12:12 - [TEST_STEP][PASSED] - baslikElement = <not implemented yet for class: org.codehaus.groovy.ast.expr.EmptyExpression>: null

2021-11-18 11:12:12 - [TEST_STEP][PASSED] - sonElement = <not implemented yet for class: org.codehaus.groovy.ast.expr.EmptyExpression>: null

2021-11-18 11:12:12 - [TEST_STEP][PASSED] - attr = <not implemented yet for class: org.codehaus.groovy.ast.expr.EmptyExpression>: null

2021-11-18 11:12:12 - [TEST_STEP][PASSED] - a = 0: null

2021-11-18 11:12:12 - [TEST_STEP][PASSED] - elements = findWebElements(findTestObject("Object Repository/Olusturma/Genel/Olusturma/TabloBasliklari"), 10): Found 7 web elements with id: 'Object Repository/Olusturma/Genel/Olusturma/TabloBasliklari' located by 'By.cssSelector: div#divmalhizmet .dxgvTable_LECustomTheme td.dxgvHeader_LECustomTheme tr>td:nth-child(1)' in '10' second(s)

2021-11-18 11:12:12 - [MESSAGE][INFO] - Finding Test Object 'Object Repository/Olusturma/Genel/Olusturma/TabloBasliklari'

2021-11-18 11:12:12 - [MESSAGE][INFO] - Checking timeout

2021-11-18 11:12:12 - [MESSAGE][INFO] - Finding web element with id: 'Object Repository/Olusturma/Genel/Olusturma/TabloBasliklari' located by 'By.cssSelector: div#divmalhizmet .dxgvTable_LECustomTheme td.dxgvHeader_LECustomTheme tr>td:nth-child(1)' in '10' second(s)

2021-11-18 11:12:12 - [MESSAGE][INFO] - Smart Wait Function is triggered

2021-11-18 11:12:13 - [MESSAGE][INFO] - Found 7 web elements with id: 'Object Repository/Olusturma/Genel/Olusturma/TabloBasliklari' located by 'By.cssSelector: div#divmalhizmet .dxgvTable_LECustomTheme td.dxgvHeader_LECustomTheme tr>td:nth-child(1)' in '10' second(s)

2021-11-18 11:12:13 - [TEST_STEP][PASSED] - for (def element : elements): null

2021-11-18 11:12:13 - [TEST_STEP][PASSED] - build().perform(): null

2021-11-18 11:12:13 - [TEST_STEP][PASSED] - if (getText().equals(Baslik)): null

2021-11-18 11:12:13 - [TEST_STEP][PASSED] - build().perform(): null

2021-11-18 11:12:13 - [TEST_STEP][PASSED] - if (getText().equals(Baslik)): null

2021-11-18 11:12:13 - [TEST_STEP][PASSED] - build().perform(): null

2021-11-18 11:12:13 - [TEST_STEP][PASSED] - if (getText().equals(Baslik)): null

2021-11-18 11:12:13 - [TEST_STEP][PASSED] - baslikElement = element.findElement(By.xpath("../../../..")): Smart Wait Function is triggered

2021-11-18 11:12:13 - [MESSAGE][INFO] - Smart Wait Function is triggered

2021-11-18 11:12:13 - [TEST_STEP][PASSED] - attr = baslikElement.getAttribute("id"): null

2021-11-18 11:12:14 - [TEST_STEP][PASSED] - println("girdi ve idsini aldı = " + attr): null

2021-11-18 11:12:14 - [TEST_STEP][PASSED] - break: null

2021-11-18 11:12:14 - [TEST_STEP][PASSED] - countElement = baslikElement.findElements(By.xpath("../td")): Smart Wait Function is triggered

2021-11-18 11:12:14 - [MESSAGE][INFO] - Smart Wait Function is triggered

2021-11-18 11:12:14 - [TEST_STEP][PASSED] - for (def element : countElement): null

2021-11-18 11:12:14 - [TEST_STEP][PASSED] - if (toString().equals(attr.toString())): null

2021-11-18 11:12:14 - [TEST_STEP][PASSED] - (a++): null

2021-11-18 11:12:14 - [TEST_STEP][PASSED] - if (toString().equals(attr.toString())): null

2021-11-18 11:12:14 - [TEST_STEP][PASSED] - (a++): null

2021-11-18 11:12:14 - [TEST_STEP][PASSED] - if (toString().equals(attr.toString())): null

2021-11-18 11:12:14 - [TEST_STEP][PASSED] - (a++): null

2021-11-18 11:12:14 - [TEST_STEP][PASSED] - if (toString().equals(attr.toString())): null

2021-11-18 11:12:14 - [TEST_STEP][PASSED] - break: null

2021-11-18 11:12:14 - [TEST_STEP][PASSED] - son = findWebElement(findTestObject("Object Repository/Olusturma/Genel/Olusturma/EklenenSatir")).findElement(By.xpath("td[@class='dxgvInlineEditCell_LECustomTheme dxgv'][" + a + "]//td[@class='dxic']/input")): Smart Wait Function is triggered

2021-11-18 11:12:14 - [MESSAGE][INFO] - Finding Test Object 'Object Repository/Olusturma/Genel/Olusturma/EklenenSatir'

2021-11-18 11:12:14 - [MESSAGE][INFO] - Finding web element from Test Object's properties

2021-11-18 11:12:14 - [MESSAGE][INFO] - Checking timeout

2021-11-18 11:12:14 - [MESSAGE][INFO] - Finding web element with id: 'Object Repository/Olusturma/Genel/Olusturma/EklenenSatir' located by 'By.cssSelector: #divmalhizmet .dxgvInlineEditRow_LECustomTheme' in '30' second(s)

2021-11-18 11:12:14 - [MESSAGE][INFO] - Smart Wait Function is triggered

2021-11-18 11:12:14 - [MESSAGE][INFO] - Found 1 web elements with id: 'Object Repository/Olusturma/Genel/Olusturma/EklenenSatir' located by 'By.cssSelector: #divmalhizmet .dxgvInlineEditRow_LECustomTheme' in '30' second(s)

2021-11-18 11:12:14 - [MESSAGE][INFO] - Smart Wait Function is triggered

2021-11-18 11:12:14 - [TEST_STEP][PASSED] - if (!(getAttribute("value").contains("Vkn"))): null

2021-11-18 11:12:15 - [TEST_STEP][PASSED] - son.clear(): null

2021-11-18 11:12:15 - [TEST_STEP][PASSED] - son.sendKeys(Deger): null

2021-11-18 11:12:15 - [MESSAGE][PASSED] - Call Test Case 'Test Cases/Olusturma/Genel/Olusturma' successfully

2021-11-18 11:12:15 - [MESSAGE][INFO] - Checking called Test Case

2021-11-18 11:12:15 - [MESSAGE][INFO] - Starting to call Test Case 'Test Cases/Olusturma/Genel/Olusturma'

2021-11-18 11:12:15 - [TEST_CASE][PASSED] - Test Cases/Olusturma/Genel/Olusturma: Test Cases/Olusturma/Genel/Olusturma

2021-11-18 11:12:15 - [TEST_STEP][PASSED] - driver = getWebDriver(): null

2021-11-18 11:12:15 - [TEST_STEP][PASSED] - action = new org.openqa.selenium.interactions.Actions(driver): null

2021-11-18 11:12:15 - [TEST_STEP][PASSED] - baslikElement = <not implemented yet for class: org.codehaus.groovy.ast.expr.EmptyExpression>: null

2021-11-18 11:12:15 - [TEST_STEP][PASSED] - sonElement = <not implemented yet for class: org.codehaus.groovy.ast.expr.EmptyExpression>: null

2021-11-18 11:12:15 - [TEST_STEP][PASSED] - attr = <not implemented yet for class: org.codehaus.groovy.ast.expr.EmptyExpression>: null

2021-11-18 11:12:15 - [TEST_STEP][PASSED] - a = 0: null

2021-11-18 11:12:15 - [TEST_STEP][PASSED] - elements = findWebElements(findTestObject("Object Repository/Olusturma/Genel/Olusturma/TabloBasliklari"), 10): Found 7 web elements with id: 'Object Repository/Olusturma/Genel/Olusturma/TabloBasliklari' located by 'By.cssSelector: div#divmalhizmet .dxgvTable_LECustomTheme td.dxgvHeader_LECustomTheme tr>td:nth-child(1)' in '10' second(s)

2021-11-18 11:12:15 - [MESSAGE][INFO] - Finding Test Object 'Object Repository/Olusturma/Genel/Olusturma/TabloBasliklari'

2021-11-18 11:12:15 - [MESSAGE][INFO] - Checking timeout

2021-11-18 11:12:15 - [MESSAGE][INFO] - Finding web element with id: 'Object Repository/Olusturma/Genel/Olusturma/TabloBasliklari' located by 'By.cssSelector: div#divmalhizmet .dxgvTable_LECustomTheme td.dxgvHeader_LECustomTheme tr>td:nth-child(1)' in '10' second(s)

2021-11-18 11:12:15 - [MESSAGE][INFO] - Smart Wait Function is triggered

2021-11-18 11:12:15 - [MESSAGE][INFO] - Found 7 web elements with id: 'Object Repository/Olusturma/Genel/Olusturma/TabloBasliklari' located by 'By.cssSelector: div#divmalhizmet .dxgvTable_LECustomTheme td.dxgvHeader_LECustomTheme tr>td:nth-child(1)' in '10' second(s)

2021-11-18 11:12:15 - [TEST_STEP][PASSED] - for (def element : elements): null

2021-11-18 11:12:15 - [TEST_STEP][PASSED] - build().perform(): null

2021-11-18 11:12:15 - [TEST_STEP][PASSED] - if (getText().equals(Baslik)): null

2021-11-18 11:12:15 - [TEST_STEP][PASSED] - build().perform(): null

2021-11-18 11:12:15 - [TEST_STEP][PASSED] - if (getText().equals(Baslik)): null

2021-11-18 11:12:15 - [TEST_STEP][PASSED] - build().perform(): null

2021-11-18 11:12:16 - [TEST_STEP][PASSED] - if (getText().equals(Baslik)): null

2021-11-18 11:12:16 - [TEST_STEP][PASSED] - build().perform(): null

2021-11-18 11:12:16 - [TEST_STEP][PASSED] - if (getText().equals(Baslik)): null

2021-11-18 11:12:16 - [TEST_STEP][PASSED] - build().perform(): null

2021-11-18 11:12:16 - [TEST_STEP][PASSED] - if (getText().equals(Baslik)): null

2021-11-18 11:12:16 - [TEST_STEP][PASSED] - baslikElement = element.findElement(By.xpath("../../../..")): Smart Wait Function is triggered

2021-11-18 11:12:16 - [MESSAGE][INFO] - Smart Wait Function is triggered

2021-11-18 11:12:16 - [TEST_STEP][PASSED] - attr = baslikElement.getAttribute("id"): null

2021-11-18 11:12:16 - [TEST_STEP][PASSED] - println("girdi ve idsini aldı = " + attr): null

2021-11-18 11:12:16 - [TEST_STEP][PASSED] - break: null

2021-11-18 11:12:16 - [TEST_STEP][PASSED] - countElement = baslikElement.findElements(By.xpath("../td")): Smart Wait Function is triggered

2021-11-18 11:12:16 - [MESSAGE][INFO] - Smart Wait Function is triggered

2021-11-18 11:12:16 - [TEST_STEP][PASSED] - for (def element : countElement): null

2021-11-18 11:12:16 - [TEST_STEP][PASSED] - if (toString().equals(attr.toString())): null

2021-11-18 11:12:16 - [TEST_STEP][PASSED] - (a++): null

2021-11-18 11:12:16 - [TEST_STEP][PASSED] - if (toString().equals(attr.toString())): null

2021-11-18 11:12:16 - [TEST_STEP][PASSED] - (a++): null

2021-11-18 11:12:16 - [TEST_STEP][PASSED] - if (toString().equals(attr.toString())): null

2021-11-18 11:12:16 - [TEST_STEP][PASSED] - (a++): null

2021-11-18 11:12:16 - [TEST_STEP][PASSED] - if (toString().equals(attr.toString())): null

2021-11-18 11:12:16 - [TEST_STEP][PASSED] - (a++): null

2021-11-18 11:12:16 - [TEST_STEP][PASSED] - if (toString().equals(attr.toString())): null

2021-11-18 11:12:16 - [TEST_STEP][PASSED] - (a++): null

2021-11-18 11:12:16 - [TEST_STEP][PASSED] - if (toString().equals(attr.toString())): null

2021-11-18 11:12:16 - [TEST_STEP][PASSED] - break: null

2021-11-18 11:12:16 - [TEST_STEP][PASSED] - son = findWebElement(findTestObject("Object Repository/Olusturma/Genel/Olusturma/EklenenSatir")).findElement(By.xpath("td[@class='dxgvInlineEditCell_LECustomTheme dxgv'][" + a + "]//td[@class='dxic']/input")): Smart Wait Function is triggered

2021-11-18 11:12:16 - [MESSAGE][INFO] - Finding Test Object 'Object Repository/Olusturma/Genel/Olusturma/EklenenSatir'

2021-11-18 11:12:17 - [MESSAGE][INFO] - Finding web element from Test Object's properties

2021-11-18 11:12:17 - [MESSAGE][INFO] - Checking timeout

2021-11-18 11:12:17 - [MESSAGE][INFO] - Finding web element with id: 'Object Repository/Olusturma/Genel/Olusturma/EklenenSatir' located by 'By.cssSelector: #divmalhizmet .dxgvInlineEditRow_LECustomTheme' in '30' second(s)

2021-11-18 11:12:17 - [MESSAGE][INFO] - Smart Wait Function is triggered

2021-11-18 11:12:17 - [MESSAGE][INFO] - Found 1 web elements with id: 'Object Repository/Olusturma/Genel/Olusturma/EklenenSatir' located by 'By.cssSelector: #divmalhizmet .dxgvInlineEditRow_LECustomTheme' in '30' second(s)

2021-11-18 11:12:17 - [MESSAGE][INFO] - Smart Wait Function is triggered

2021-11-18 11:12:17 - [TEST_STEP][PASSED] - if (!(getAttribute("value").contains("Vkn"))): null

2021-11-18 11:12:17 - [TEST_STEP][PASSED] - son.clear(): null

2021-11-18 11:12:17 - [TEST_STEP][PASSED] - son.sendKeys(Deger): null

2021-11-18 11:12:17 - [MESSAGE][PASSED] - Call Test Case 'Test Cases/Olusturma/Genel/Olusturma' successfully

2021-11-18 11:12:17 - [MESSAGE][INFO] - Checking called Test Case

2021-11-18 11:12:17 - [MESSAGE][INFO] - Starting to call Test Case 'Test Cases/Olusturma/Genel/Kutular/SoforBilgileri'

2021-11-18 11:12:17 - [TEST_CASE][PASSED] - Test Cases/Olusturma/Genel/Kutular/SoforBilgileri: Test Cases/Olusturma/Genel/Kutular/SoforBilgileri

2021-11-18 11:12:18 - [TEST_STEP][PASSED] - Method.TextDegerineEsitElementeTikla(findTestObject("Olusturma/Genel/Kutular/KapaliKutular"), "Şoför Bilgileri"): Method.TextDegerineEsitElementeTikla is PASSED

2021-11-18 11:12:18 - [MESSAGE][INFO] - Finding Test Object 'Object Repository/Olusturma/Genel/Kutular/KapaliKutular'

2021-11-18 11:12:18 - [MESSAGE][INFO] - Checking timeout

2021-11-18 11:12:18 - [MESSAGE][INFO] - Finding web element with id: 'Object Repository/Olusturma/Genel/Kutular/KapaliKutular' located by 'By.cssSelector: .dxnb-headerCollapsed>span' in '10' second(s)

2021-11-18 11:12:18 - [MESSAGE][INFO] - Smart Wait Function is triggered

2021-11-18 11:12:18 - [MESSAGE][INFO] - Found 5 web elements with id: 'Object Repository/Olusturma/Genel/Kutular/KapaliKutular' located by 'By.cssSelector: .dxnb-headerCollapsed>span' in '10' second(s)

2021-11-18 11:12:19 - [MESSAGE][PASSED] - Method.TextDegerineEsitElementeTikla is PASSED

2021-11-18 11:12:19 - [TEST_STEP][PASSED] - waitForElementClickable(findTestObject("Object Repository/Olusturma/Genel/Kutular/SoforBilgileri/Ekle"), 10): Object 'Object Repository/Olusturma/Genel/Kutular/SoforBilgileri/Ekle' is clickable

2021-11-18 11:12:19 - [MESSAGE][INFO] - Finding Test Object 'Object Repository/Olusturma/Genel/Kutular/SoforBilgileri/Ekle'

2021-11-18 11:12:19 - [MESSAGE][INFO] - Checking object

2021-11-18 11:12:19 - [MESSAGE][INFO] - Checking timeout

2021-11-18 11:12:19 - [MESSAGE][INFO] - Finding web element from Test Object's properties

2021-11-18 11:12:19 - [MESSAGE][INFO] - Checking timeout

2021-11-18 11:12:19 - [MESSAGE][INFO] - Finding web element with id: 'Object Repository/Olusturma/Genel/Kutular/SoforBilgileri/Ekle' located by 'By.xpath: //*[@id = 'DXEditorgvDriverInfoNewRowBtn']' in '10' second(s)

2021-11-18 11:12:19 - [MESSAGE][INFO] - Smart Wait Function is triggered

2021-11-18 11:12:19 - [MESSAGE][INFO] - Found 1 web elements with id: 'Object Repository/Olusturma/Genel/Kutular/SoforBilgileri/Ekle' located by 'By.xpath: //*[@id = 'DXEditorgvDriverInfoNewRowBtn']' in '10' second(s)

2021-11-18 11:12:19 - [MESSAGE][PASSED] - Object 'Object Repository/Olusturma/Genel/Kutular/SoforBilgileri/Ekle' is clickable

2021-11-18 11:12:19 - [TEST_STEP][PASSED] - click(findTestObject("Object Repository/Olusturma/Genel/Kutular/SoforBilgileri/Ekle")): Object: 'Object Repository/Olusturma/Genel/Kutular/SoforBilgileri/Ekle' is clicked on

2021-11-18 11:12:19 - [MESSAGE][INFO] - Finding Test Object 'Object Repository/Olusturma/Genel/Kutular/SoforBilgileri/Ekle'

2021-11-18 11:12:19 - [MESSAGE][INFO] - Checking object

2021-11-18 11:12:19 - [MESSAGE][INFO] - Finding web element from Test Object's properties

2021-11-18 11:12:19 - [MESSAGE][INFO] - Checking timeout

2021-11-18 11:12:19 - [MESSAGE][INFO] - Finding web element with id: 'Object Repository/Olusturma/Genel/Kutular/SoforBilgileri/Ekle' located by 'By.xpath: //*[@id = 'DXEditorgvDriverInfoNewRowBtn']' in '30' second(s)

2021-11-18 11:12:19 - [MESSAGE][INFO] - Smart Wait Function is triggered

2021-11-18 11:12:20 - [MESSAGE][INFO] - Found 1 web elements with id: 'Object Repository/Olusturma/Genel/Kutular/SoforBilgileri/Ekle' located by 'By.xpath: //*[@id = 'DXEditorgvDriverInfoNewRowBtn']' in '30' second(s)

2021-11-18 11:12:20 - [MESSAGE][INFO] - Clicking on object: 'Object Repository/Olusturma/Genel/Kutular/SoforBilgileri/Ekle'

2021-11-18 11:12:20 - [MESSAGE][PASSED] - Object: 'Object Repository/Olusturma/Genel/Kutular/SoforBilgileri/Ekle' is clicked on

2021-11-18 11:12:20 - [TEST_STEP][PASSED] - waitForElementPresent(findTestObject("Object Repository/Olusturma/Genel/Kutular/SoforBilgileri/Ad"), 10): Object 'Object Repository/Olusturma/Genel/Kutular/SoforBilgileri/Ad' is present

2021-11-18 11:12:20 - [MESSAGE][INFO] - Finding Test Object 'Object Repository/Olusturma/Genel/Kutular/SoforBilgileri/Ad'

2021-11-18 11:12:20 - [MESSAGE][INFO] - Checking object

2021-11-18 11:12:20 - [MESSAGE][INFO] - Finding web element from Test Object's properties

2021-11-18 11:12:20 - [MESSAGE][INFO] - Checking timeout

2021-11-18 11:12:20 - [MESSAGE][INFO] - Finding web element with id: 'Object Repository/Olusturma/Genel/Kutular/SoforBilgileri/Ad' located by 'By.xpath: //*[@id = 'gvDriverInfo_DXEditor1_I']' in '10' second(s)

2021-11-18 11:12:20 - [MESSAGE][INFO] - Smart Wait Function is triggered

2021-11-18 11:12:20 - [MESSAGE][INFO] - Smart Wait Function is triggered

2021-11-18 11:12:20 - [MESSAGE][INFO] - Smart Wait Function is triggered

2021-11-18 11:12:21 - [MESSAGE][INFO] - Smart Wait Function is triggered

2021-11-18 11:12:21 - [MESSAGE][INFO] - Found 1 web elements with id: 'Object Repository/Olusturma/Genel/Kutular/SoforBilgileri/Ad' located by 'By.xpath: //*[@id = 'gvDriverInfo_DXEditor1_I']' in '10' second(s)

2021-11-18 11:12:21 - [MESSAGE][PASSED] - Object 'Object Repository/Olusturma/Genel/Kutular/SoforBilgileri/Ad' is present

2021-11-18 11:12:21 - [TEST_STEP][PASSED] - clearText(findTestObject("Object Repository/Olusturma/Genel/Kutular/SoforBilgileri/Ad")): Text of object 'Object Repository/Olusturma/Genel/Kutular/SoforBilgileri/Ad' is cleared

2021-11-18 11:12:21 - [MESSAGE][INFO] - Finding Test Object 'Object Repository/Olusturma/Genel/Kutular/SoforBilgileri/Ad'

2021-11-18 11:12:21 - [MESSAGE][INFO] - Checking object

2021-11-18 11:12:21 - [MESSAGE][INFO] - Finding web element from Test Object's properties

2021-11-18 11:12:21 - [MESSAGE][INFO] - Checking timeout

2021-11-18 11:12:21 - [MESSAGE][INFO] - Finding web element with id: 'Object Repository/Olusturma/Genel/Kutular/SoforBilgileri/Ad' located by 'By.xpath: //*[@id = 'gvDriverInfo_DXEditor1_I']' in '30' second(s)

2021-11-18 11:12:21 - [MESSAGE][INFO] - Smart Wait Function is triggered

2021-11-18 11:12:22 - [MESSAGE][INFO] - Found 1 web elements with id: 'Object Repository/Olusturma/Genel/Kutular/SoforBilgileri/Ad' located by 'By.xpath: //*[@id = 'gvDriverInfo_DXEditor1_I']' in '30' second(s)

2021-11-18 11:12:22 - [MESSAGE][INFO] - Clearing text of object 'Object Repository/Olusturma/Genel/Kutular/SoforBilgileri/Ad'

2021-11-18 11:12:22 - [MESSAGE][PASSED] - Text of object 'Object Repository/Olusturma/Genel/Kutular/SoforBilgileri/Ad' is cleared

2021-11-18 11:12:22 - [TEST_STEP][PASSED] - sendKeys(findTestObject("Object Repository/Olusturma/Genel/Kutular/SoforBilgileri/Ad"), Ad): Keys 'Virgosol' sent to object: 'Object Repository/Olusturma/Genel/Kutular/SoforBilgileri/Ad'

2021-11-18 11:12:22 - [MESSAGE][INFO] - Finding Test Object 'Object Repository/Olusturma/Genel/Kutular/SoforBilgileri/Ad'

2021-11-18 11:12:22 - [MESSAGE][INFO] - Sending keys 'Virgosol' to object: 'Object Repository/Olusturma/Genel/Kutular/SoforBilgileri/Ad'

2021-11-18 11:12:22 - [MESSAGE][INFO] - Finding web element from Test Object's properties

2021-11-18 11:12:22 - [MESSAGE][INFO] - Checking timeout

2021-11-18 11:12:22 - [MESSAGE][INFO] - Finding web element with id: 'Object Repository/Olusturma/Genel/Kutular/SoforBilgileri/Ad' located by 'By.xpath: //*[@id = 'gvDriverInfo_DXEditor1_I']' in '30' second(s)

2021-11-18 11:12:22 - [MESSAGE][INFO] - Smart Wait Function is triggered

2021-11-18 11:12:22 - [MESSAGE][INFO] - Found 1 web elements with id: 'Object Repository/Olusturma/Genel/Kutular/SoforBilgileri/Ad' located by 'By.xpath: //*[@id = 'gvDriverInfo_DXEditor1_I']' in '30' second(s)

2021-11-18 11:12:22 - [MESSAGE][PASSED] - Keys 'Virgosol' sent to object: 'Object Repository/Olusturma/Genel/Kutular/SoforBilgileri/Ad'

2021-11-18 11:12:22 - [TEST_STEP][PASSED] - waitForElementPresent(findTestObject("Object Repository/Olusturma/Genel/Kutular/SoforBilgileri/Soyad"), 10): Object 'Object Repository/Olusturma/Genel/Kutular/SoforBilgileri/Soyad' is present

2021-11-18 11:12:22 - [MESSAGE][INFO] - Finding Test Object 'Object Repository/Olusturma/Genel/Kutular/SoforBilgileri/Soyad'

2021-11-18 11:12:22 - [MESSAGE][INFO] - Checking object

2021-11-18 11:12:22 - [MESSAGE][INFO] - Finding web element from Test Object's properties

2021-11-18 11:12:22 - [MESSAGE][INFO] - Checking timeout

2021-11-18 11:12:22 - [MESSAGE][INFO] - Finding web element with id: 'Object Repository/Olusturma/Genel/Kutular/SoforBilgileri/Soyad' located by 'By.xpath: //*[@id = 'gvDriverInfo_DXEditor2_I']' in '10' second(s)

2021-11-18 11:12:22 - [MESSAGE][INFO] - Smart Wait Function is triggered

2021-11-18 11:12:23 - [MESSAGE][INFO] - Found 1 web elements with id: 'Object Repository/Olusturma/Genel/Kutular/SoforBilgileri/Soyad' located by 'By.xpath: //*[@id = 'gvDriverInfo_DXEditor2_I']' in '10' second(s)

2021-11-18 11:12:23 - [MESSAGE][PASSED] - Object 'Object Repository/Olusturma/Genel/Kutular/SoforBilgileri/Soyad' is present

2021-11-18 11:12:23 - [TEST_STEP][PASSED] - clearText(findTestObject("Object Repository/Olusturma/Genel/Kutular/SoforBilgileri/Soyad")): Text of object 'Object Repository/Olusturma/Genel/Kutular/SoforBilgileri/Soyad' is cleared

2021-11-18 11:12:23 - [MESSAGE][INFO] - Finding Test Object 'Object Repository/Olusturma/Genel/Kutular/SoforBilgileri/Soyad'

2021-11-18 11:12:23 - [MESSAGE][INFO] - Checking object

2021-11-18 11:12:23 - [MESSAGE][INFO] - Finding web element from Test Object's properties

2021-11-18 11:12:23 - [MESSAGE][INFO] - Checking timeout

2021-11-18 11:12:23 - [MESSAGE][INFO] - Finding web element with id: 'Object Repository/Olusturma/Genel/Kutular/SoforBilgileri/Soyad' located by 'By.xpath: //*[@id = 'gvDriverInfo_DXEditor2_I']' in '30' second(s)

2021-11-18 11:12:23 - [MESSAGE][INFO] - Smart Wait Function is triggered

2021-11-18 11:12:23 - [MESSAGE][INFO] - Found 1 web elements with id: 'Object Repository/Olusturma/Genel/Kutular/SoforBilgileri/Soyad' located by 'By.xpath: //*[@id = 'gvDriverInfo_DXEditor2_I']' in '30' second(s)

2021-11-18 11:12:23 - [MESSAGE][INFO] - Clearing text of object 'Object Repository/Olusturma/Genel/Kutular/SoforBilgileri/Soyad'

2021-11-18 11:12:23 - [MESSAGE][PASSED] - Text of object 'Object Repository/Olusturma/Genel/Kutular/SoforBilgileri/Soyad' is cleared

2021-11-18 11:12:23 - [TEST_STEP][PASSED] - sendKeys(findTestObject("Object Repository/Olusturma/Genel/Kutular/SoforBilgileri/Soyad"), Soyad): Keys 'Otomasyon' sent to object: 'Object Repository/Olusturma/Genel/Kutular/SoforBilgileri/Soyad'

2021-11-18 11:12:23 - [MESSAGE][INFO] - Finding Test Object 'Object Repository/Olusturma/Genel/Kutular/SoforBilgileri/Soyad'

2021-11-18 11:12:23 - [MESSAGE][INFO] - Sending keys 'Otomasyon' to object: 'Object Repository/Olusturma/Genel/Kutular/SoforBilgileri/Soyad'

2021-11-18 11:12:23 - [MESSAGE][INFO] - Finding web element from Test Object's properties

2021-11-18 11:12:23 - [MESSAGE][INFO] - Checking timeout

2021-11-18 11:12:23 - [MESSAGE][INFO] - Finding web element with id: 'Object Repository/Olusturma/Genel/Kutular/SoforBilgileri/Soyad' located by 'By.xpath: //*[@id = 'gvDriverInfo_DXEditor2_I']' in '30' second(s)

2021-11-18 11:12:23 - [MESSAGE][INFO] - Smart Wait Function is triggered

2021-11-18 11:12:24 - [MESSAGE][INFO] - Found 1 web elements with id: 'Object Repository/Olusturma/Genel/Kutular/SoforBilgileri/Soyad' located by 'By.xpath: //*[@id = 'gvDriverInfo_DXEditor2_I']' in '30' second(s)

2021-11-18 11:12:24 - [MESSAGE][PASSED] - Keys 'Otomasyon' sent to object: 'Object Repository/Olusturma/Genel/Kutular/SoforBilgileri/Soyad'

2021-11-18 11:12:24 - [TEST_STEP][PASSED] - clearText(findTestObject("Object Repository/Olusturma/Genel/Kutular/SoforBilgileri/TCKN")): Text of object 'Object Repository/Olusturma/Genel/Kutular/SoforBilgileri/TCKN' is cleared

2021-11-18 11:12:24 - [MESSAGE][INFO] - Finding Test Object 'Object Repository/Olusturma/Genel/Kutular/SoforBilgileri/TCKN'

2021-11-18 11:12:24 - [MESSAGE][INFO] - Checking object

2021-11-18 11:12:24 - [MESSAGE][INFO] - Finding web element from Test Object's properties

2021-11-18 11:12:24 - [MESSAGE][INFO] - Checking timeout

2021-11-18 11:12:24 - [MESSAGE][INFO] - Finding web element with id: 'Object Repository/Olusturma/Genel/Kutular/SoforBilgileri/TCKN' located by 'By.xpath: //*[@id = 'gvDriverInfo_DXEditor3_I']' in '30' second(s)

2021-11-18 11:12:24 - [MESSAGE][INFO] - Smart Wait Function is triggered

2021-11-18 11:12:24 - [MESSAGE][INFO] - Found 1 web elements with id: 'Object Repository/Olusturma/Genel/Kutular/SoforBilgileri/TCKN' located by 'By.xpath: //*[@id = 'gvDriverInfo_DXEditor3_I']' in '30' second(s)

2021-11-18 11:12:24 - [MESSAGE][INFO] - Clearing text of object 'Object Repository/Olusturma/Genel/Kutular/SoforBilgileri/TCKN'

2021-11-18 11:12:24 - [MESSAGE][PASSED] - Text of object 'Object Repository/Olusturma/Genel/Kutular/SoforBilgileri/TCKN' is cleared

2021-11-18 11:12:24 - [TEST_STEP][PASSED] - sendKeys(findTestObject("Object Repository/Olusturma/Genel/Kutular/SoforBilgileri/TCKN"), TCKN): Keys '11111111110' sent to object: 'Object Repository/Olusturma/Genel/Kutular/SoforBilgileri/TCKN'

2021-11-18 11:12:24 - [MESSAGE][INFO] - Finding Test Object 'Object Repository/Olusturma/Genel/Kutular/SoforBilgileri/TCKN'

2021-11-18 11:12:24 - [MESSAGE][INFO] - Sending keys '11111111110' to object: 'Object Repository/Olusturma/Genel/Kutular/SoforBilgileri/TCKN'

2021-11-18 11:12:24 - [MESSAGE][INFO] - Finding web element from Test Object's properties

2021-11-18 11:12:24 - [MESSAGE][INFO] - Checking timeout

2021-11-18 11:12:24 - [MESSAGE][INFO] - Finding web element with id: 'Object Repository/Olusturma/Genel/Kutular/SoforBilgileri/TCKN' located by 'By.xpath: //*[@id = 'gvDriverInfo_DXEditor3_I']' in '30' second(s)

2021-11-18 11:12:24 - [MESSAGE][INFO] - Smart Wait Function is triggered

2021-11-18 11:12:25 - [MESSAGE][INFO] - Found 1 web elements with id: 'Object Repository/Olusturma/Genel/Kutular/SoforBilgileri/TCKN' located by 'By.xpath: //*[@id = 'gvDriverInfo_DXEditor3_I']' in '30' second(s)

2021-11-18 11:12:25 - [MESSAGE][PASSED] - Keys '11111111110' sent to object: 'Object Repository/Olusturma/Genel/Kutular/SoforBilgileri/TCKN'

2021-11-18 11:12:25 - [TEST_STEP][PASSED] - waitForElementClickable(findTestObject("Object Repository/Olusturma/e-Irsaliye/MazlemeBilgileri/Bosluk"), 10): Object 'Object Repository/Olusturma/e-Irsaliye/MazlemeBilgileri/Bosluk' is clickable

2021-11-18 11:12:25 - [MESSAGE][INFO] - Finding Test Object 'Object Repository/Olusturma/e-Irsaliye/MazlemeBilgileri/Bosluk'

2021-11-18 11:12:25 - [MESSAGE][INFO] - Checking object

2021-11-18 11:12:25 - [MESSAGE][INFO] - Checking timeout

2021-11-18 11:12:25 - [MESSAGE][INFO] - Finding web element from Test Object's properties

2021-11-18 11:12:25 - [MESSAGE][INFO] - Checking timeout

2021-11-18 11:12:25 - [MESSAGE][INFO] - Finding web element with id: 'Object Repository/Olusturma/e-Irsaliye/MazlemeBilgileri/Bosluk' located by 'By.cssSelector: .col-md-7.dxflFormLayout_LECustomTheme span' in '10' second(s)

2021-11-18 11:12:25 - [MESSAGE][INFO] - Smart Wait Function is triggered

2021-11-18 11:12:25 - [MESSAGE][INFO] - Found 1 web elements with id: 'Object Repository/Olusturma/e-Irsaliye/MazlemeBilgileri/Bosluk' located by 'By.cssSelector: .col-md-7.dxflFormLayout_LECustomTheme span' in '10' second(s)

2021-11-18 11:12:25 - [MESSAGE][PASSED] - Object 'Object Repository/Olusturma/e-Irsaliye/MazlemeBilgileri/Bosluk' is clickable

2021-11-18 11:12:25 - [TEST_STEP][PASSED] - click(findTestObject("Object Repository/Olusturma/e-Irsaliye/MazlemeBilgileri/Bosluk")): Object: 'Object Repository/Olusturma/e-Irsaliye/MazlemeBilgileri/Bosluk' is clicked on

2021-11-18 11:12:25 - [MESSAGE][INFO] - Finding Test Object 'Object Repository/Olusturma/e-Irsaliye/MazlemeBilgileri/Bosluk'

2021-11-18 11:12:25 - [MESSAGE][INFO] - Checking object

2021-11-18 11:12:25 - [MESSAGE][INFO] - Finding web element from Test Object's properties

2021-11-18 11:12:25 - [MESSAGE][INFO] - Checking timeout

2021-11-18 11:12:25 - [MESSAGE][INFO] - Finding web element with id: 'Object Repository/Olusturma/e-Irsaliye/MazlemeBilgileri/Bosluk' located by 'By.cssSelector: .col-md-7.dxflFormLayout_LECustomTheme span' in '30' second(s)

2021-11-18 11:12:25 - [MESSAGE][INFO] - Smart Wait Function is triggered

2021-11-18 11:12:26 - [MESSAGE][INFO] - Found 1 web elements with id: 'Object Repository/Olusturma/e-Irsaliye/MazlemeBilgileri/Bosluk' located by 'By.cssSelector: .col-md-7.dxflFormLayout_LECustomTheme span' in '30' second(s)

2021-11-18 11:12:26 - [MESSAGE][INFO] - Clicking on object: 'Object Repository/Olusturma/e-Irsaliye/MazlemeBilgileri/Bosluk'

2021-11-18 11:12:26 - [MESSAGE][PASSED] - Object: 'Object Repository/Olusturma/e-Irsaliye/MazlemeBilgileri/Bosluk' is clicked on

2021-11-18 11:12:26 - [MESSAGE][PASSED] - Call Test Case 'Test Cases/Olusturma/Genel/Kutular/SoforBilgileri' successfully

2021-11-18 11:12:26 - [MESSAGE][INFO] - Checking called Test Case

2021-11-18 11:12:26 - [MESSAGE][INFO] - Starting to call Test Case 'Test Cases/Olusturma/Genel/NotGirilir'

2021-11-18 11:12:26 - [TEST_CASE][PASSED] - Test Cases/Olusturma/Genel/NotGirilir: Test Cases/Olusturma/Genel/NotGirilir

2021-11-18 11:12:26 - [TEST_STEP][PASSED] - i = 0: null

2021-11-18 11:12:26 - [TEST_STEP][PASSED] - waitForElementClickable(findTestObject("Olusturma/Genel/Not/Notlar"), 10): Object 'Object Repository/Olusturma/Genel/Not/Notlar' is clickable

2021-11-18 11:12:26 - [MESSAGE][INFO] - Finding Test Object 'Object Repository/Olusturma/Genel/Not/Notlar'

2021-11-18 11:12:27 - [MESSAGE][INFO] - Checking object

2021-11-18 11:12:27 - [MESSAGE][INFO] - Checking timeout

2021-11-18 11:12:27 - [MESSAGE][INFO] - Finding web element from Test Object's properties

2021-11-18 11:12:27 - [MESSAGE][INFO] - Checking timeout

2021-11-18 11:12:27 - [MESSAGE][INFO] - Finding web element with id: 'Object Repository/Olusturma/Genel/Not/Notlar' located by 'By.xpath: //*[@id = 'txtNote_I']' in '10' second(s)

2021-11-18 11:12:27 - [MESSAGE][INFO] - Smart Wait Function is triggered

2021-11-18 11:12:27 - [MESSAGE][INFO] - Found 1 web elements with id: 'Object Repository/Olusturma/Genel/Not/Notlar' located by 'By.xpath: //*[@id = 'txtNote_I']' in '10' second(s)

2021-11-18 11:12:27 - [MESSAGE][PASSED] - Object 'Object Repository/Olusturma/Genel/Not/Notlar' is clickable

2021-11-18 11:12:27 - [TEST_STEP][PASSED] - clearText(findTestObject("Olusturma/Genel/Not/Notlar")): Text of object 'Object Repository/Olusturma/Genel/Not/Notlar' is cleared

2021-11-18 11:12:27 - [MESSAGE][INFO] - Finding Test Object 'Object Repository/Olusturma/Genel/Not/Notlar'

2021-11-18 11:12:27 - [MESSAGE][INFO] - Checking object

2021-11-18 11:12:27 - [MESSAGE][INFO] - Finding web element from Test Object's properties

2021-11-18 11:12:27 - [MESSAGE][INFO] - Checking timeout

2021-11-18 11:12:27 - [MESSAGE][INFO] - Finding web element with id: 'Object Repository/Olusturma/Genel/Not/Notlar' located by 'By.xpath: //*[@id = 'txtNote_I']' in '30' second(s)

2021-11-18 11:12:27 - [MESSAGE][INFO] - Smart Wait Function is triggered

2021-11-18 11:12:27 - [MESSAGE][INFO] - Found 1 web elements with id: 'Object Repository/Olusturma/Genel/Not/Notlar' located by 'By.xpath: //*[@id = 'txtNote_I']' in '30' second(s)

2021-11-18 11:12:27 - [MESSAGE][INFO] - Clearing text of object 'Object Repository/Olusturma/Genel/Not/Notlar'

2021-11-18 11:12:27 - [MESSAGE][PASSED] - Text of object 'Object Repository/Olusturma/Genel/Not/Notlar' is cleared

2021-11-18 11:12:27 - [TEST_STEP][PASSED] - click(findTestObject("Olusturma/Genel/Not/Notlar")): Object: 'Object Repository/Olusturma/Genel/Not/Notlar' is clicked on

2021-11-18 11:12:27 - [MESSAGE][INFO] - Finding Test Object 'Object Repository/Olusturma/Genel/Not/Notlar'

2021-11-18 11:12:27 - [MESSAGE][INFO] - Checking object

2021-11-18 11:12:27 - [MESSAGE][INFO] - Finding web element from Test Object's properties

2021-11-18 11:12:27 - [MESSAGE][INFO] - Checking timeout

2021-11-18 11:12:27 - [MESSAGE][INFO] - Finding web element with id: 'Object Repository/Olusturma/Genel/Not/Notlar' located by 'By.xpath: //*[@id = 'txtNote_I']' in '30' second(s)

2021-11-18 11:12:27 - [MESSAGE][INFO] - Smart Wait Function is triggered

2021-11-18 11:12:28 - [MESSAGE][INFO] - Found 1 web elements with id: 'Object Repository/Olusturma/Genel/Not/Notlar' located by 'By.xpath: //*[@id = 'txtNote_I']' in '30' second(s)

2021-11-18 11:12:28 - [MESSAGE][INFO] - Clicking on object: 'Object Repository/Olusturma/Genel/Not/Notlar'

2021-11-18 11:12:28 - [MESSAGE][PASSED] - Object: 'Object Repository/Olusturma/Genel/Not/Notlar' is clicked on

2021-11-18 11:12:28 - [TEST_STEP][PASSED] - while (true): null

2021-11-18 11:12:28 - [TEST_STEP][PASSED] - delay(1): Delayed 1 second(s)

2021-11-18 11:12:28 - [MESSAGE][INFO] - Delaying browser in 1 second(s)

2021-11-18 11:12:29 - [MESSAGE][PASSED] - Delayed 1 second(s)

2021-11-18 11:12:29 - [TEST_STEP][PASSED] - ajaxIsComplete = executeJavaScript("return jQuery.active == 0", null): Execute JavaScript 'return jQuery.active == 0' successfully

2021-11-18 11:12:29 - [MESSAGE][PASSED] - Execute JavaScript 'return jQuery.active == 0' successfully

2021-11-18 11:12:29 - [TEST_STEP][PASSED] - if (ajaxIsComplete): null

2021-11-18 11:12:29 - [TEST_STEP][PASSED] - break: null

2021-11-18 11:12:29 - [TEST_STEP][PASSED] - sendKeys(findTestObject("Olusturma/Genel/Not/Notlar"), Not): Keys 'Otomasyon Sanal Kullanıcı' sent to object: 'Object Repository/Olusturma/Genel/Not/Notlar'

2021-11-18 11:12:29 - [MESSAGE][INFO] - Finding Test Object 'Object Repository/Olusturma/Genel/Not/Notlar'

2021-11-18 11:12:29 - [MESSAGE][INFO] - Sending keys 'Otomasyon Sanal Kullanıcı' to object: 'Object Repository/Olusturma/Genel/Not/Notlar'

2021-11-18 11:12:29 - [MESSAGE][INFO] - Finding web element from Test Object's properties

2021-11-18 11:12:29 - [MESSAGE][INFO] - Checking timeout

2021-11-18 11:12:29 - [MESSAGE][INFO] - Finding web element with id: 'Object Repository/Olusturma/Genel/Not/Notlar' located by 'By.xpath: //*[@id = 'txtNote_I']' in '30' second(s)

2021-11-18 11:12:29 - [MESSAGE][INFO] - Smart Wait Function is triggered

2021-11-18 11:12:29 - [MESSAGE][INFO] - Found 1 web elements with id: 'Object Repository/Olusturma/Genel/Not/Notlar' located by 'By.xpath: //*[@id = 'txtNote_I']' in '30' second(s)

2021-11-18 11:12:29 - [MESSAGE][PASSED] - Keys 'Otomasyon Sanal Kullanıcı' sent to object: 'Object Repository/Olusturma/Genel/Not/Notlar'

2021-11-18 11:12:29 - [MESSAGE][PASSED] - Call Test Case 'Test Cases/Olusturma/Genel/NotGirilir' successfully

2021-11-18 11:12:29 - [MESSAGE][INFO] - Checking called Test Case

2021-11-18 11:12:29 - [MESSAGE][INFO] - Starting to call Test Case 'Test Cases/Olusturma/Genel/IrsaliyeEttnBilgisiKayitEdilir'

2021-11-18 11:12:29 - [TEST_CASE][PASSED] - Test Cases/Olusturma/Genel/IrsaliyeEttnBilgisiKayitEdilir: Test Cases/Olusturma/Genel/IrsaliyeEttnBilgisiKayitEdilir

2021-11-18 11:12:30 - [TEST_STEP][PASSED] - verifyElementPresent(findTestObject("Object Repository/Olusturma/Genel/Olusturma/eIrsaliyeEttnBilgisi"), 7): Object 'Object Repository/Olusturma/Genel/Olusturma/eIrsaliyeEttnBilgisi' is present

2021-11-18 11:12:30 - [MESSAGE][INFO] - Finding Test Object 'Object Repository/Olusturma/Genel/Olusturma/eIrsaliyeEttnBilgisi'

2021-11-18 11:12:30 - [MESSAGE][INFO] - Checking object

2021-11-18 11:12:30 - [MESSAGE][INFO] - Finding web element from Test Object's properties

2021-11-18 11:12:30 - [MESSAGE][INFO] - Checking timeout

2021-11-18 11:12:30 - [MESSAGE][INFO] - Finding web element with id: 'Object Repository/Olusturma/Genel/Olusturma/eIrsaliyeEttnBilgisi' located by 'By.xpath: //*[@id = 'ETTN_I']' in '7' second(s)

2021-11-18 11:12:30 - [MESSAGE][INFO] - Smart Wait Function is triggered

2021-11-18 11:12:30 - [MESSAGE][INFO] - Found 1 web elements with id: 'Object Repository/Olusturma/Genel/Olusturma/eIrsaliyeEttnBilgisi' located by 'By.xpath: //*[@id = 'ETTN_I']' in '7' second(s)

2021-11-18 11:12:30 - [MESSAGE][PASSED] - Object 'Object Repository/Olusturma/Genel/Olusturma/eIrsaliyeEttnBilgisi' is present

2021-11-18 11:12:30 - [TEST_STEP][PASSED] - IrsaliyeEttn = getAttribute(findTestObject("Object Repository/Olusturma/Genel/Olusturma/eIrsaliyeEttnBilgisi"), "value"): Attribute 'value' of object 'Object Repository/Olusturma/Genel/Olusturma/eIrsaliyeEttnBilgisi' is: 'af5e0f87-bb1e-4260-b21d-dd4c7240287c'

2021-11-18 11:12:30 - [MESSAGE][INFO] - Finding Test Object 'Object Repository/Olusturma/Genel/Olusturma/eIrsaliyeEttnBilgisi'

2021-11-18 11:12:30 - [MESSAGE][INFO] - Checking object

2021-11-18 11:12:30 - [MESSAGE][INFO] - Checking attribute

2021-11-18 11:12:30 - [MESSAGE][INFO] - Finding web element from Test Object's properties

2021-11-18 11:12:30 - [MESSAGE][INFO] - Checking timeout

2021-11-18 11:12:30 - [MESSAGE][INFO] - Finding web element with id: 'Object Repository/Olusturma/Genel/Olusturma/eIrsaliyeEttnBilgisi' located by 'By.xpath: //*[@id = 'ETTN_I']' in '30' second(s)

2021-11-18 11:12:30 - [MESSAGE][INFO] - Smart Wait Function is triggered

2021-11-18 11:12:30 - [MESSAGE][INFO] - Found 1 web elements with id: 'Object Repository/Olusturma/Genel/Olusturma/eIrsaliyeEttnBilgisi' located by 'By.xpath: //*[@id = 'ETTN_I']' in '30' second(s)

2021-11-18 11:12:30 - [MESSAGE][INFO] - Getting attribute 'value' of object 'Object Repository/Olusturma/Genel/Olusturma/eIrsaliyeEttnBilgisi'

2021-11-18 11:12:30 - [MESSAGE][PASSED] - Attribute 'value' of object 'Object Repository/Olusturma/Genel/Olusturma/eIrsaliyeEttnBilgisi' is: 'af5e0f87-bb1e-4260-b21d-dd4c7240287c'

2021-11-18 11:12:30 - [MESSAGE][PASSED] - Call Test Case 'Test Cases/Olusturma/Genel/IrsaliyeEttnBilgisiKayitEdilir' successfully

2021-11-18 11:12:30 - [MESSAGE][INFO] - Checking called Test Case

2021-11-18 11:12:30 - [MESSAGE][INFO] - Starting to call Test Case 'Test Cases/Olusturma/Genel/KaydetButonunaTiklanir'

2021-11-18 11:12:31 - [TEST_CASE][PASSED] - Test Cases/Olusturma/Genel/KaydetButonunaTiklanir: Test Cases/Olusturma/Genel/KaydetButonunaTiklanir

2021-11-18 11:12:31 - [TEST_STEP][PASSED] - i = 0: null

2021-11-18 11:12:31 - [TEST_STEP][PASSED] - waitForElementPresent(findTestObject("Olusturma/Genel/Not/Notlar"), 10): Object 'Object Repository/Olusturma/Genel/Not/Notlar' is present

2021-11-18 11:12:31 - [MESSAGE][INFO] - Finding Test Object 'Object Repository/Olusturma/Genel/Not/Notlar'

2021-11-18 11:12:31 - [MESSAGE][INFO] - Checking object

2021-11-18 11:12:31 - [MESSAGE][INFO] - Finding web element from Test Object's properties

2021-11-18 11:12:31 - [MESSAGE][INFO] - Checking timeout

2021-11-18 11:12:31 - [MESSAGE][INFO] - Finding web element with id: 'Object Repository/Olusturma/Genel/Not/Notlar' located by 'By.xpath: //*[@id = 'txtNote_I']' in '10' second(s)

2021-11-18 11:12:31 - [MESSAGE][INFO] - Smart Wait Function is triggered

2021-11-18 11:12:31 - [MESSAGE][INFO] - Found 1 web elements with id: 'Object Repository/Olusturma/Genel/Not/Notlar' located by 'By.xpath: //*[@id = 'txtNote_I']' in '10' second(s)

2021-11-18 11:12:31 - [MESSAGE][PASSED] - Object 'Object Repository/Olusturma/Genel/Not/Notlar' is present

2021-11-18 11:12:31 - [TEST_STEP][PASSED] - click(findTestObject("Olusturma/Genel/Not/Notlar")): Object: 'Object Repository/Olusturma/Genel/Not/Notlar' is clicked on

2021-11-18 11:12:31 - [MESSAGE][INFO] - Finding Test Object 'Object Repository/Olusturma/Genel/Not/Notlar'

2021-11-18 11:12:31 - [MESSAGE][INFO] - Checking object

2021-11-18 11:12:31 - [MESSAGE][INFO] - Finding web element from Test Object's properties

2021-11-18 11:12:31 - [MESSAGE][INFO] - Checking timeout

2021-11-18 11:12:31 - [MESSAGE][INFO] - Finding web element with id: 'Object Repository/Olusturma/Genel/Not/Notlar' located by 'By.xpath: //*[@id = 'txtNote_I']' in '30' second(s)

2021-11-18 11:12:31 - [MESSAGE][INFO] - Smart Wait Function is triggered

2021-11-18 11:12:32 - [MESSAGE][INFO] - Found 1 web elements with id: 'Object Repository/Olusturma/Genel/Not/Notlar' located by 'By.xpath: //*[@id = 'txtNote_I']' in '30' second(s)

2021-11-18 11:12:32 - [MESSAGE][INFO] - Clicking on object: 'Object Repository/Olusturma/Genel/Not/Notlar'

2021-11-18 11:12:32 - [MESSAGE][PASSED] - Object: 'Object Repository/Olusturma/Genel/Not/Notlar' is clicked on

2021-11-18 11:12:32 - [TEST_STEP][PASSED] - while (true): null

2021-11-18 11:12:32 - [TEST_STEP][PASSED] - delay(1): Delayed 1 second(s)

2021-11-18 11:12:32 - [MESSAGE][INFO] - Delaying browser in 1 second(s)

2021-11-18 11:12:33 - [MESSAGE][PASSED] - Delayed 1 second(s)

2021-11-18 11:12:33 - [TEST_STEP][PASSED] - ajaxIsComplete = executeJavaScript("return jQuery.active == 0", null): Execute JavaScript 'return jQuery.active == 0' successfully

2021-11-18 11:12:33 - [MESSAGE][PASSED] - Execute JavaScript 'return jQuery.active == 0' successfully

2021-11-18 11:12:33 - [TEST_STEP][PASSED] - if (ajaxIsComplete): null

2021-11-18 11:12:33 - [TEST_STEP][PASSED] - break: null

2021-11-18 11:12:33 - [TEST_STEP][PASSED] - waitForElementClickable(findTestObject("Object Repository/Olusturma/Genel/Buton"), 10): Object 'Object Repository/Olusturma/Genel/Buton' is clickable

2021-11-18 11:12:33 - [MESSAGE][INFO] - Finding Test Object 'Object Repository/Olusturma/Genel/Buton'

2021-11-18 11:12:33 - [MESSAGE][INFO] - Checking object

2021-11-18 11:12:33 - [MESSAGE][INFO] - Checking timeout

2021-11-18 11:12:33 - [MESSAGE][INFO] - Finding web element from Test Object's properties

2021-11-18 11:12:33 - [MESSAGE][INFO] - Checking timeout

2021-11-18 11:12:33 - [MESSAGE][INFO] - Finding web element with id: 'Object Repository/Olusturma/Genel/Buton' located by 'By.xpath: //*[@id = 'btnKaydet']' in '10' second(s)

2021-11-18 11:12:33 - [MESSAGE][INFO] - Smart Wait Function is triggered

2021-11-18 11:12:33 - [MESSAGE][INFO] - Found 1 web elements with id: 'Object Repository/Olusturma/Genel/Buton' located by 'By.xpath: //*[@id = 'btnKaydet']' in '10' second(s)

2021-11-18 11:12:33 - [MESSAGE][PASSED] - Object 'Object Repository/Olusturma/Genel/Buton' is clickable

2021-11-18 11:12:33 - [TEST_STEP][PASSED] - click(findTestObject("Object Repository/Olusturma/Genel/Buton")): Object: 'Object Repository/Olusturma/Genel/Buton' is clicked on

2021-11-18 11:12:33 - [MESSAGE][INFO] - Finding Test Object 'Object Repository/Olusturma/Genel/Buton'

2021-11-18 11:12:33 - [MESSAGE][INFO] - Checking object

2021-11-18 11:12:33 - [MESSAGE][INFO] - Finding web element from Test Object's properties

2021-11-18 11:12:33 - [MESSAGE][INFO] - Checking timeout

2021-11-18 11:12:33 - [MESSAGE][INFO] - Finding web element with id: 'Object Repository/Olusturma/Genel/Buton' located by 'By.xpath: //*[@id = 'btnKaydet']' in '30' second(s)

2021-11-18 11:12:33 - [MESSAGE][INFO] - Smart Wait Function is triggered

2021-11-18 11:12:34 - [MESSAGE][INFO] - Found 1 web elements with id: 'Object Repository/Olusturma/Genel/Buton' located by 'By.xpath: //*[@id = 'btnKaydet']' in '30' second(s)

2021-11-18 11:12:34 - [MESSAGE][INFO] - Clicking on object: 'Object Repository/Olusturma/Genel/Buton'

2021-11-18 11:12:35 - [MESSAGE][PASSED] - Object: 'Object Repository/Olusturma/Genel/Buton' is clicked on

2021-11-18 11:12:35 - [MESSAGE][PASSED] - Call Test Case 'Test Cases/Olusturma/Genel/KaydetButonunaTiklanir' successfully

2021-11-18 11:12:35 - [MESSAGE][INFO] - Checking called Test Case

2021-11-18 11:12:35 - [MESSAGE][INFO] - Starting to call Test Case 'Test Cases/Tablo/TablodaUnvanliVeriOlusturulduMu'

2021-11-18 11:12:35 - [TEST_CASE][PASSED] - Test Cases/Tablo/TablodaUnvanliVeriOlusturulduMu: Test Cases/Tablo/TablodaUnvanliVeriOlusturulduMu

2021-11-18 11:12:35 - [TEST_STEP][PASSED] - waitForElementVisible(findTestObject("Tablo/OlusturulanVeri"), 10, STOP_ON_FAILURE): Object 'Object Repository/Tablo/OlusturulanVeri' is visible

2021-11-18 11:12:35 - [MESSAGE][INFO] - Finding Test Object 'Object Repository/Tablo/OlusturulanVeri'

2021-11-18 11:12:35 - [MESSAGE][INFO] - Checking object

2021-11-18 11:12:35 - [MESSAGE][INFO] - Checking timeout

2021-11-18 11:12:35 - [MESSAGE][INFO] - Finding web element from Test Object's properties

2021-11-18 11:12:35 - [MESSAGE][INFO] - Checking timeout

2021-11-18 11:12:35 - [MESSAGE][INFO] - Finding web element with id: 'Object Repository/Tablo/OlusturulanVeri' located by 'By.cssSelector: table.dxgvTable_LECustomTheme>tbody>tr:nth-child(3)>td.dxgv b,table.dxgvTable_LECustomTheme>tbody>tr:nth-child(3)>td.dxgv' in '10' second(s)

2021-11-18 11:12:35 - [MESSAGE][INFO] - Smart Wait Function is triggered

2021-11-18 11:12:36 - [MESSAGE][INFO] - Found 12 web elements with id: 'Object Repository/Tablo/OlusturulanVeri' located by 'By.cssSelector: table.dxgvTable_LECustomTheme>tbody>tr:nth-child(3)>td.dxgv b,table.dxgvTable_LECustomTheme>tbody>tr:nth-child(3)>td.dxgv' in '10' second(s)

2021-11-18 11:12:36 - [MESSAGE][PASSED] - Object 'Object Repository/Tablo/OlusturulanVeri' is visible

2021-11-18 11:12:36 - [TEST_STEP][PASSED] - Method.TextDegerineEsitElementVarMi(findTestObject("Tablo/OlusturulanVeri"), Unvan): Method.TextDegerineEsitElementVarMi is PASSED

2021-11-18 11:12:36 - [MESSAGE][INFO] - Finding Test Object 'Object Repository/Tablo/OlusturulanVeri'

2021-11-18 11:12:36 - [MESSAGE][INFO] - Checking timeout

2021-11-18 11:12:36 - [MESSAGE][INFO] - Finding web element with id: 'Object Repository/Tablo/OlusturulanVeri' located by 'By.cssSelector: table.dxgvTable_LECustomTheme>tbody>tr:nth-child(3)>td.dxgv b,table.dxgvTable_LECustomTheme>tbody>tr:nth-child(3)>td.dxgv' in '10' second(s)

2021-11-18 11:12:36 - [MESSAGE][INFO] - Smart Wait Function is triggered

2021-11-18 11:12:36 - [MESSAGE][INFO] - Found 12 web elements with id: 'Object Repository/Tablo/OlusturulanVeri' located by 'By.cssSelector: table.dxgvTable_LECustomTheme>tbody>tr:nth-child(3)>td.dxgv b,table.dxgvTable_LECustomTheme>tbody>tr:nth-child(3)>td.dxgv' in '10' second(s)

2021-11-18 11:12:36 - [MESSAGE][PASSED] - Method.TextDegerineEsitElementVarMi is PASSED

2021-11-18 11:12:36 - [MESSAGE][PASSED] - Call Test Case 'Test Cases/Tablo/TablodaUnvanliVeriOlusturulduMu' successfully

2021-11-18 11:12:36 - [MESSAGE][INFO] - Checking called Test Case

2021-11-18 11:12:36 - [MESSAGE][INFO] - Starting to call Test Case 'Test Cases/Tablo/TablodanVeriSec'

2021-11-18 11:12:36 - [TEST_CASE][PASSED] - Test Cases/Tablo/TablodanVeriSec: Test Cases/Tablo/TablodanVeriSec

2021-11-18 11:12:37 - [TEST_STEP][PASSED] - Method.TextDegerineEsitElementinAltindakineTikla(findTestObject("Tablo/Veriler"), findTestObject("Tablo/VerininCheckBoxi"), Veri_Adi): Method.TextDegerineEsitElementinAltindakineTikla is PASSED

2021-11-18 11:12:37 - [MESSAGE][INFO] - Finding Test Object 'Object Repository/Tablo/Veriler'

2021-11-18 11:12:37 - [MESSAGE][INFO] - Finding Test Object 'Object Repository/Tablo/VerininCheckBoxi'

2021-11-18 11:12:37 - [MESSAGE][INFO] - Checking timeout

2021-11-18 11:12:37 - [MESSAGE][INFO] - Finding web element with id: 'Object Repository/Tablo/Veriler' located by 'By.cssSelector: td.dxgv b ,td.dxgv' in '10' second(s)

2021-11-18 11:12:37 - [MESSAGE][INFO] - Smart Wait Function is triggered

2021-11-18 11:12:38 - [MESSAGE][INFO] - Found 120 web elements with id: 'Object Repository/Tablo/Veriler' located by 'By.cssSelector: td.dxgv b ,td.dxgv' in '10' second(s)

2021-11-18 11:12:38 - [MESSAGE][INFO] - Smart Wait Function is triggered

2021-11-18 11:12:38 - [MESSAGE][PASSED] - Method.TextDegerineEsitElementinAltindakineTikla is PASSED

2021-11-18 11:12:38 - [MESSAGE][PASSED] - Call Test Case 'Test Cases/Tablo/TablodanVeriSec' successfully

2021-11-18 11:12:38 - [MESSAGE][INFO] - Checking called Test Case

2021-11-18 11:12:38 - [MESSAGE][INFO] - Starting to call Test Case 'Test Cases/Butonlar/ButonaTikla'

2021-11-18 11:12:38 - [TEST_CASE][PASSED] - Test Cases/Butonlar/ButonaTikla: Test Cases/Butonlar/ButonaTikla

2021-11-18 11:12:38 - [TEST_STEP][PASSED] - Method.TextDegerineEsitElementeTiklaEquals(findTestObject("Butonlar/Butonlar"), Buton_Adi): Method.TextDegerineEsitElementeTiklaEquals is PASSED

2021-11-18 11:12:38 - [MESSAGE][INFO] - Finding Test Object 'Object Repository/Butonlar/Butonlar'

2021-11-18 11:12:38 - [MESSAGE][INFO] - Checking timeout

2021-11-18 11:12:38 - [MESSAGE][INFO] - Finding web element with id: 'Object Repository/Butonlar/Butonlar' located by 'By.cssSelector: .panel.panel-default.text-center.footerPanel .btn,.btn.btn-primary.btnControls' in '10' second(s)

2021-11-18 11:12:38 - [MESSAGE][INFO] - Smart Wait Function is triggered

2021-11-18 11:12:38 - [MESSAGE][INFO] - Found 9 web elements with id: 'Object Repository/Butonlar/Butonlar' located by 'By.cssSelector: .panel.panel-default.text-center.footerPanel .btn,.btn.btn-primary.btnControls' in '10' second(s)

2021-11-18 11:12:41 - [MESSAGE][PASSED] - Method.TextDegerineEsitElementeTiklaEquals is PASSED

2021-11-18 11:12:41 - [MESSAGE][PASSED] - Call Test Case 'Test Cases/Butonlar/ButonaTikla' successfully

2021-11-18 11:12:41 - [MESSAGE][INFO] - Checking called Test Case

2021-11-18 11:12:41 - [MESSAGE][INFO] - Starting to call Test Case 'Test Cases/Olusturma/Genel/GorselTasarimSayfasıBasligiIceriyorMu'

2021-11-18 11:12:41 - [TEST_CASE][PASSED] - Test Cases/Olusturma/Genel/GorselTasarimSayfasıBasligiIceriyorMu: Test Cases/Olusturma/Genel/GorselTasarimSayfasıBasligiIceriyorMu

2021-11-18 11:12:41 - [TEST_STEP][PASSED] - verifyElementText(findTestObject("Object Repository/Olusturma/Genel/GorselTasarimBaslik"), Baslik): Actual text and expected text of test object 'Object Repository/Olusturma/Genel/GorselTasarimBaslik' are matched.

2021-11-18 11:12:41 - [MESSAGE][INFO] - Finding Test Object 'Object Repository/Olusturma/Genel/GorselTasarimBaslik'

2021-11-18 11:12:41 - [MESSAGE][INFO] - Checking object

2021-11-18 11:12:41 - [MESSAGE][INFO] - Finding web element from Test Object's properties

2021-11-18 11:12:41 - [MESSAGE][INFO] - Checking timeout

2021-11-18 11:12:41 - [MESSAGE][INFO] - Finding web element with id: 'Object Repository/Olusturma/Genel/GorselTasarimBaslik' located by 'By.cssSelector: #flAlici_0>div>span' in '30' second(s)

2021-11-18 11:12:41 - [MESSAGE][INFO] - Smart Wait Function is triggered

2021-11-18 11:12:41 - [MESSAGE][INFO] - Found 1 web elements with id: 'Object Repository/Olusturma/Genel/GorselTasarimBaslik' located by 'By.cssSelector: #flAlici_0>div>span' in '30' second(s)

2021-11-18 11:12:41 - [MESSAGE][PASSED] - Actual text and expected text of test object 'Object Repository/Olusturma/Genel/GorselTasarimBaslik' are matched.

2021-11-18 11:12:41 - [MESSAGE][PASSED] - Call Test Case 'Test Cases/Olusturma/Genel/GorselTasarimSayfasıBasligiIceriyorMu' successfully

2021-11-18 11:12:41 - [MESSAGE][INFO] - Checking called Test Case

2021-11-18 11:12:41 - [MESSAGE][INFO] - Starting to call Test Case 'Test Cases/Olusturma/Genel/NotGirilir'

2021-11-18 11:12:41 - [TEST_CASE][PASSED] - Test Cases/Olusturma/Genel/NotGirilir: Test Cases/Olusturma/Genel/NotGirilir

2021-11-18 11:12:41 - [TEST_STEP][PASSED] - i = 0: null

2021-11-18 11:12:41 - [TEST_STEP][PASSED] - waitForElementClickable(findTestObject("Olusturma/Genel/Not/Notlar"), 10): Object 'Object Repository/Olusturma/Genel/Not/Notlar' is clickable

2021-11-18 11:12:41 - [MESSAGE][INFO] - Finding Test Object 'Object Repository/Olusturma/Genel/Not/Notlar'

2021-11-18 11:12:41 - [MESSAGE][INFO] - Checking object

2021-11-18 11:12:41 - [MESSAGE][INFO] - Checking timeout

2021-11-18 11:12:41 - [MESSAGE][INFO] - Finding web element from Test Object's properties

2021-11-18 11:12:41 - [MESSAGE][INFO] - Checking timeout

2021-11-18 11:12:41 - [MESSAGE][INFO] - Finding web element with id: 'Object Repository/Olusturma/Genel/Not/Notlar' located by 'By.xpath: //*[@id = 'txtNote_I']' in '10' second(s)

2021-11-18 11:12:41 - [MESSAGE][INFO] - Smart Wait Function is triggered

2021-11-18 11:12:42 - [MESSAGE][INFO] - Found 1 web elements with id: 'Object Repository/Olusturma/Genel/Not/Notlar' located by 'By.xpath: //*[@id = 'txtNote_I']' in '10' second(s)

2021-11-18 11:12:42 - [MESSAGE][PASSED] - Object 'Object Repository/Olusturma/Genel/Not/Notlar' is clickable

2021-11-18 11:12:42 - [TEST_STEP][PASSED] - clearText(findTestObject("Olusturma/Genel/Not/Notlar")): Text of object 'Object Repository/Olusturma/Genel/Not/Notlar' is cleared

2021-11-18 11:12:42 - [MESSAGE][INFO] - Finding Test Object 'Object Repository/Olusturma/Genel/Not/Notlar'

2021-11-18 11:12:42 - [MESSAGE][INFO] - Checking object

2021-11-18 11:12:42 - [MESSAGE][INFO] - Finding web element from Test Object's properties

2021-11-18 11:12:42 - [MESSAGE][INFO] - Checking timeout

2021-11-18 11:12:42 - [MESSAGE][INFO] - Finding web element with id: 'Object Repository/Olusturma/Genel/Not/Notlar' located by 'By.xpath: //*[@id = 'txtNote_I']' in '30' second(s)

2021-11-18 11:12:42 - [MESSAGE][INFO] - Smart Wait Function is triggered

2021-11-18 11:12:42 - [MESSAGE][INFO] - Found 1 web elements with id: 'Object Repository/Olusturma/Genel/Not/Notlar' located by 'By.xpath: //*[@id = 'txtNote_I']' in '30' second(s)

2021-11-18 11:12:42 - [MESSAGE][INFO] - Clearing text of object 'Object Repository/Olusturma/Genel/Not/Notlar'

2021-11-18 11:12:42 - [MESSAGE][PASSED] - Text of object 'Object Repository/Olusturma/Genel/Not/Notlar' is cleared

2021-11-18 11:12:42 - [TEST_STEP][PASSED] - click(findTestObject("Olusturma/Genel/Not/Notlar")): Object: 'Object Repository/Olusturma/Genel/Not/Notlar' is clicked on

2021-11-18 11:12:42 - [MESSAGE][INFO] - Finding Test Object 'Object Repository/Olusturma/Genel/Not/Notlar'

2021-11-18 11:12:42 - [MESSAGE][INFO] - Checking object

2021-11-18 11:12:42 - [MESSAGE][INFO] - Finding web element from Test Object's properties

2021-11-18 11:12:42 - [MESSAGE][INFO] - Checking timeout

2021-11-18 11:12:42 - [MESSAGE][INFO] - Finding web element with id: 'Object Repository/Olusturma/Genel/Not/Notlar' located by 'By.xpath: //*[@id = 'txtNote_I']' in '30' second(s)

2021-11-18 11:12:42 - [MESSAGE][INFO] - Smart Wait Function is triggered

2021-11-18 11:12:43 - [MESSAGE][INFO] - Found 1 web elements with id: 'Object Repository/Olusturma/Genel/Not/Notlar' located by 'By.xpath: //*[@id = 'txtNote_I']' in '30' second(s)

2021-11-18 11:12:43 - [MESSAGE][INFO] - Clicking on object: 'Object Repository/Olusturma/Genel/Not/Notlar'

2021-11-18 11:12:43 - [MESSAGE][PASSED] - Object: 'Object Repository/Olusturma/Genel/Not/Notlar' is clicked on

2021-11-18 11:12:43 - [TEST_STEP][PASSED] - while (true): null

2021-11-18 11:12:43 - [TEST_STEP][PASSED] - delay(1): Delayed 1 second(s)

2021-11-18 11:12:43 - [MESSAGE][INFO] - Delaying browser in 1 second(s)

2021-11-18 11:12:44 - [MESSAGE][PASSED] - Delayed 1 second(s)

2021-11-18 11:12:44 - [TEST_STEP][PASSED] - ajaxIsComplete = executeJavaScript("return jQuery.active == 0", null): Execute JavaScript 'return jQuery.active == 0' successfully

2021-11-18 11:12:44 - [MESSAGE][PASSED] - Execute JavaScript 'return jQuery.active == 0' successfully

2021-11-18 11:12:44 - [TEST_STEP][PASSED] - if (ajaxIsComplete): null

2021-11-18 11:12:44 - [TEST_STEP][PASSED] - break: null

2021-11-18 11:12:44 - [TEST_STEP][PASSED] - sendKeys(findTestObject("Olusturma/Genel/Not/Notlar"), Not): Keys 'Otomasyon Not Değiştir' sent to object: 'Object Repository/Olusturma/Genel/Not/Notlar'

2021-11-18 11:12:44 - [MESSAGE][INFO] - Finding Test Object 'Object Repository/Olusturma/Genel/Not/Notlar'

2021-11-18 11:12:44 - [MESSAGE][INFO] - Sending keys 'Otomasyon Not Değiştir' to object: 'Object Repository/Olusturma/Genel/Not/Notlar'

2021-11-18 11:12:44 - [MESSAGE][INFO] - Finding web element from Test Object's properties

2021-11-18 11:12:44 - [MESSAGE][INFO] - Checking timeout

2021-11-18 11:12:44 - [MESSAGE][INFO] - Finding web element with id: 'Object Repository/Olusturma/Genel/Not/Notlar' located by 'By.xpath: //*[@id = 'txtNote_I']' in '30' second(s)

2021-11-18 11:12:44 - [MESSAGE][INFO] - Smart Wait Function is triggered

2021-11-18 11:12:44 - [MESSAGE][INFO] - Found 1 web elements with id: 'Object Repository/Olusturma/Genel/Not/Notlar' located by 'By.xpath: //*[@id = 'txtNote_I']' in '30' second(s)

2021-11-18 11:12:44 - [MESSAGE][PASSED] - Keys 'Otomasyon Not Değiştir' sent to object: 'Object Repository/Olusturma/Genel/Not/Notlar'

2021-11-18 11:12:44 - [MESSAGE][PASSED] - Call Test Case 'Test Cases/Olusturma/Genel/NotGirilir' successfully

2021-11-18 11:12:44 - [MESSAGE][INFO] - Checking called Test Case

2021-11-18 11:12:44 - [MESSAGE][INFO] - Starting to call Test Case 'Test Cases/Olusturma/Genel/KaydetButonunaTiklanir'

2021-11-18 11:12:44 - [TEST_CASE][PASSED] - Test Cases/Olusturma/Genel/KaydetButonunaTiklanir: Test Cases/Olusturma/Genel/KaydetButonunaTiklanir

2021-11-18 11:12:44 - [TEST_STEP][PASSED] - i = 0: null

2021-11-18 11:12:44 - [TEST_STEP][PASSED] - waitForElementPresent(findTestObject("Olusturma/Genel/Not/Notlar"), 10): Object 'Object Repository/Olusturma/Genel/Not/Notlar' is present

2021-11-18 11:12:44 - [MESSAGE][INFO] - Finding Test Object 'Object Repository/Olusturma/Genel/Not/Notlar'

2021-11-18 11:12:44 - [MESSAGE][INFO] - Checking object

2021-11-18 11:12:44 - [MESSAGE][INFO] - Finding web element from Test Object's properties

2021-11-18 11:12:44 - [MESSAGE][INFO] - Checking timeout

2021-11-18 11:12:44 - [MESSAGE][INFO] - Finding web element with id: 'Object Repository/Olusturma/Genel/Not/Notlar' located by 'By.xpath: //*[@id = 'txtNote_I']' in '10' second(s)

2021-11-18 11:12:44 - [MESSAGE][INFO] - Smart Wait Function is triggered

2021-11-18 11:12:45 - [MESSAGE][INFO] - Found 1 web elements with id: 'Object Repository/Olusturma/Genel/Not/Notlar' located by 'By.xpath: //*[@id = 'txtNote_I']' in '10' second(s)

2021-11-18 11:12:45 - [MESSAGE][PASSED] - Object 'Object Repository/Olusturma/Genel/Not/Notlar' is present

2021-11-18 11:12:45 - [TEST_STEP][PASSED] - click(findTestObject("Olusturma/Genel/Not/Notlar")): Object: 'Object Repository/Olusturma/Genel/Not/Notlar' is clicked on

2021-11-18 11:12:45 - [MESSAGE][INFO] - Finding Test Object 'Object Repository/Olusturma/Genel/Not/Notlar'

2021-11-18 11:12:45 - [MESSAGE][INFO] - Checking object

2021-11-18 11:12:45 - [MESSAGE][INFO] - Finding web element from Test Object's properties

2021-11-18 11:12:45 - [MESSAGE][INFO] - Checking timeout

2021-11-18 11:12:45 - [MESSAGE][INFO] - Finding web element with id: 'Object Repository/Olusturma/Genel/Not/Notlar' located by 'By.xpath: //*[@id = 'txtNote_I']' in '30' second(s)

2021-11-18 11:12:45 - [MESSAGE][INFO] - Smart Wait Function is triggered

2021-11-18 11:12:45 - [MESSAGE][INFO] - Found 1 web elements with id: 'Object Repository/Olusturma/Genel/Not/Notlar' located by 'By.xpath: //*[@id = 'txtNote_I']' in '30' second(s)

2021-11-18 11:12:45 - [MESSAGE][INFO] - Clicking on object: 'Object Repository/Olusturma/Genel/Not/Notlar'

2021-11-18 11:12:45 - [MESSAGE][PASSED] - Object: 'Object Repository/Olusturma/Genel/Not/Notlar' is clicked on

2021-11-18 11:12:45 - [TEST_STEP][PASSED] - while (true): null

2021-11-18 11:12:45 - [TEST_STEP][PASSED] - delay(1): Delayed 1 second(s)

2021-11-18 11:12:45 - [MESSAGE][INFO] - Delaying browser in 1 second(s)

2021-11-18 11:12:46 - [MESSAGE][PASSED] - Delayed 1 second(s)

2021-11-18 11:12:46 - [TEST_STEP][PASSED] - ajaxIsComplete = executeJavaScript("return jQuery.active == 0", null): Execute JavaScript 'return jQuery.active == 0' successfully

2021-11-18 11:12:46 - [MESSAGE][PASSED] - Execute JavaScript 'return jQuery.active == 0' successfully

2021-11-18 11:12:46 - [TEST_STEP][PASSED] - if (ajaxIsComplete): null

2021-11-18 11:12:46 - [TEST_STEP][PASSED] - break: null

2021-11-18 11:12:46 - [TEST_STEP][PASSED] - waitForElementClickable(findTestObject("Object Repository/Olusturma/Genel/Buton"), 10): Object 'Object Repository/Olusturma/Genel/Buton' is clickable

2021-11-18 11:12:46 - [MESSAGE][INFO] - Finding Test Object 'Object Repository/Olusturma/Genel/Buton'

2021-11-18 11:12:46 - [MESSAGE][INFO] - Checking object

2021-11-18 11:12:46 - [MESSAGE][INFO] - Checking timeout

2021-11-18 11:12:46 - [MESSAGE][INFO] - Finding web element from Test Object's properties

2021-11-18 11:12:46 - [MESSAGE][INFO] - Checking timeout

2021-11-18 11:12:46 - [MESSAGE][INFO] - Finding web element with id: 'Object Repository/Olusturma/Genel/Buton' located by 'By.xpath: //*[@id = 'btnKaydet']' in '10' second(s)

2021-11-18 11:12:46 - [MESSAGE][INFO] - Smart Wait Function is triggered

2021-11-18 11:12:46 - [MESSAGE][INFO] - Found 1 web elements with id: 'Object Repository/Olusturma/Genel/Buton' located by 'By.xpath: //*[@id = 'btnKaydet']' in '10' second(s)

2021-11-18 11:12:46 - [MESSAGE][PASSED] - Object 'Object Repository/Olusturma/Genel/Buton' is clickable

2021-11-18 11:12:46 - [TEST_STEP][PASSED] - click(findTestObject("Object Repository/Olusturma/Genel/Buton")): Object: 'Object Repository/Olusturma/Genel/Buton' is clicked on

2021-11-18 11:12:46 - [MESSAGE][INFO] - Finding Test Object 'Object Repository/Olusturma/Genel/Buton'

2021-11-18 11:12:47 - [MESSAGE][INFO] - Checking object

2021-11-18 11:12:47 - [MESSAGE][INFO] - Finding web element from Test Object's properties

2021-11-18 11:12:47 - [MESSAGE][INFO] - Checking timeout

2021-11-18 11:12:47 - [MESSAGE][INFO] - Finding web element with id: 'Object Repository/Olusturma/Genel/Buton' located by 'By.xpath: //*[@id = 'btnKaydet']' in '30' second(s)

2021-11-18 11:12:47 - [MESSAGE][INFO] - Smart Wait Function is triggered

2021-11-18 11:12:47 - [MESSAGE][INFO] - Found 1 web elements with id: 'Object Repository/Olusturma/Genel/Buton' located by 'By.xpath: //*[@id = 'btnKaydet']' in '30' second(s)

2021-11-18 11:12:47 - [MESSAGE][INFO] - Clicking on object: 'Object Repository/Olusturma/Genel/Buton'

2021-11-18 11:12:48 - [MESSAGE][PASSED] - Object: 'Object Repository/Olusturma/Genel/Buton' is clicked on

2021-11-18 11:12:48 - [MESSAGE][PASSED] - Call Test Case 'Test Cases/Olusturma/Genel/KaydetButonunaTiklanir' successfully

2021-11-18 11:12:48 - [MESSAGE][INFO] - Checking called Test Case

2021-11-18 11:12:48 - [MESSAGE][INFO] - Starting to call Test Case 'Test Cases/Tablo/TablodaUnvanliVeriOlusturulduMu'

2021-11-18 11:12:48 - [TEST_CASE][PASSED] - Test Cases/Tablo/TablodaUnvanliVeriOlusturulduMu: Test Cases/Tablo/TablodaUnvanliVeriOlusturulduMu

2021-11-18 11:12:48 - [TEST_STEP][PASSED] - waitForElementVisible(findTestObject("Tablo/OlusturulanVeri"), 10, STOP_ON_FAILURE): Object 'Object Repository/Tablo/OlusturulanVeri' is visible

2021-11-18 11:12:48 - [MESSAGE][INFO] - Finding Test Object 'Object Repository/Tablo/OlusturulanVeri'

2021-11-18 11:12:48 - [MESSAGE][INFO] - Checking object

2021-11-18 11:12:48 - [MESSAGE][INFO] - Checking timeout

2021-11-18 11:12:48 - [MESSAGE][INFO] - Finding web element from Test Object's properties

2021-11-18 11:12:48 - [MESSAGE][INFO] - Checking timeout

2021-11-18 11:12:48 - [MESSAGE][INFO] - Finding web element with id: 'Object Repository/Tablo/OlusturulanVeri' located by 'By.cssSelector: table.dxgvTable_LECustomTheme>tbody>tr:nth-child(3)>td.dxgv b,table.dxgvTable_LECustomTheme>tbody>tr:nth-child(3)>td.dxgv' in '10' second(s)

2021-11-18 11:12:48 - [MESSAGE][INFO] - Smart Wait Function is triggered

2021-11-18 11:12:49 - [MESSAGE][INFO] - Found 12 web elements with id: 'Object Repository/Tablo/OlusturulanVeri' located by 'By.cssSelector: table.dxgvTable_LECustomTheme>tbody>tr:nth-child(3)>td.dxgv b,table.dxgvTable_LECustomTheme>tbody>tr:nth-child(3)>td.dxgv' in '10' second(s)

2021-11-18 11:12:49 - [MESSAGE][PASSED] - Object 'Object Repository/Tablo/OlusturulanVeri' is visible

2021-11-18 11:12:49 - [TEST_STEP][PASSED] - Method.TextDegerineEsitElementVarMi(findTestObject("Tablo/OlusturulanVeri"), Unvan): Method.TextDegerineEsitElementVarMi is PASSED

2021-11-18 11:12:49 - [MESSAGE][INFO] - Finding Test Object 'Object Repository/Tablo/OlusturulanVeri'

2021-11-18 11:12:49 - [MESSAGE][INFO] - Checking timeout

2021-11-18 11:12:49 - [MESSAGE][INFO] - Finding web element with id: 'Object Repository/Tablo/OlusturulanVeri' located by 'By.cssSelector: table.dxgvTable_LECustomTheme>tbody>tr:nth-child(3)>td.dxgv b,table.dxgvTable_LECustomTheme>tbody>tr:nth-child(3)>td.dxgv' in '10' second(s)

2021-11-18 11:12:49 - [MESSAGE][INFO] - Smart Wait Function is triggered

2021-11-18 11:12:49 - [MESSAGE][INFO] - Found 12 web elements with id: 'Object Repository/Tablo/OlusturulanVeri' located by 'By.cssSelector: table.dxgvTable_LECustomTheme>tbody>tr:nth-child(3)>td.dxgv b,table.dxgvTable_LECustomTheme>tbody>tr:nth-child(3)>td.dxgv' in '10' second(s)

2021-11-18 11:12:49 - [MESSAGE][PASSED] - Method.TextDegerineEsitElementVarMi is PASSED

2021-11-18 11:12:49 - [MESSAGE][PASSED] - Call Test Case 'Test Cases/Tablo/TablodaUnvanliVeriOlusturulduMu' successfully

2021-11-18 11:12:49 - [MESSAGE][INFO] - Checking called Test Case

2021-11-18 11:12:49 - [MESSAGE][INFO] - Starting to call Test Case 'Test Cases/Tablo/TablodanVeriSec'

2021-11-18 11:12:49 - [TEST_CASE][PASSED] - Test Cases/Tablo/TablodanVeriSec: Test Cases/Tablo/TablodanVeriSec

2021-11-18 11:12:49 - [TEST_STEP][PASSED] - Method.TextDegerineEsitElementinAltindakineTikla(findTestObject("Tablo/Veriler"), findTestObject("Tablo/VerininCheckBoxi"), Veri_Adi): Method.TextDegerineEsitElementinAltindakineTikla is PASSED

2021-11-18 11:12:49 - [MESSAGE][INFO] - Finding Test Object 'Object Repository/Tablo/Veriler'

2021-11-18 11:12:49 - [MESSAGE][INFO] - Finding Test Object 'Object Repository/Tablo/VerininCheckBoxi'

2021-11-18 11:12:49 - [MESSAGE][INFO] - Checking timeout

2021-11-18 11:12:49 - [MESSAGE][INFO] - Finding web element with id: 'Object Repository/Tablo/Veriler' located by 'By.cssSelector: td.dxgv b ,td.dxgv' in '10' second(s)

2021-11-18 11:12:49 - [MESSAGE][INFO] - Smart Wait Function is triggered

2021-11-18 11:12:50 - [MESSAGE][INFO] - Found 120 web elements with id: 'Object Repository/Tablo/Veriler' located by 'By.cssSelector: td.dxgv b ,td.dxgv' in '10' second(s)

2021-11-18 11:12:50 - [MESSAGE][INFO] - Smart Wait Function is triggered

2021-11-18 11:12:50 - [MESSAGE][PASSED] - Method.TextDegerineEsitElementinAltindakineTikla is PASSED

2021-11-18 11:12:50 - [MESSAGE][PASSED] - Call Test Case 'Test Cases/Tablo/TablodanVeriSec' successfully

2021-11-18 11:12:50 - [MESSAGE][INFO] - Checking called Test Case

2021-11-18 11:12:50 - [MESSAGE][INFO] - Starting to call Test Case 'Test Cases/Butonlar/ButonaTikla'

2021-11-18 11:12:50 - [TEST_CASE][PASSED] - Test Cases/Butonlar/ButonaTikla: Test Cases/Butonlar/ButonaTikla

2021-11-18 11:12:50 - [TEST_STEP][PASSED] - Method.TextDegerineEsitElementeTiklaEquals(findTestObject("Butonlar/Butonlar"), Buton_Adi): Method.TextDegerineEsitElementeTiklaEquals is PASSED

2021-11-18 11:12:50 - [MESSAGE][INFO] - Finding Test Object 'Object Repository/Butonlar/Butonlar'

2021-11-18 11:12:50 - [MESSAGE][INFO] - Checking timeout

2021-11-18 11:12:50 - [MESSAGE][INFO] - Finding web element with id: 'Object Repository/Butonlar/Butonlar' located by 'By.cssSelector: .panel.panel-default.text-center.footerPanel .btn,.btn.btn-primary.btnControls' in '10' second(s)

2021-11-18 11:12:50 - [MESSAGE][INFO] - Smart Wait Function is triggered

2021-11-18 11:12:51 - [MESSAGE][INFO] - Found 9 web elements with id: 'Object Repository/Butonlar/Butonlar' located by 'By.cssSelector: .panel.panel-default.text-center.footerPanel .btn,.btn.btn-primary.btnControls' in '10' second(s)

2021-11-18 11:12:51 - [MESSAGE][PASSED] - Method.TextDegerineEsitElementeTiklaEquals is PASSED

2021-11-18 11:12:51 - [MESSAGE][PASSED] - Call Test Case 'Test Cases/Butonlar/ButonaTikla' successfully

2021-11-18 11:12:51 - [MESSAGE][INFO] - Checking called Test Case

2021-11-18 11:12:51 - [MESSAGE][INFO] - Starting to call Test Case 'Test Cases/Popup/PopupMesajiIceriyorMu'

2021-11-18 11:12:51 - [TEST_CASE][PASSED] - Test Cases/Popup/PopupMesajiIceriyorMu: Test Cases/Popup/PopupMesajiIceriyorMu

2021-11-18 11:12:52 - [TEST_STEP][PASSED] - waitForElementVisible(findTestObject("Popup/Popup"), 10): Object 'Object Repository/Popup/Popup' is visible

2021-11-18 11:12:52 - [MESSAGE][INFO] - Finding Test Object 'Object Repository/Popup/Popup'

2021-11-18 11:12:52 - [MESSAGE][INFO] - Checking object

2021-11-18 11:12:52 - [MESSAGE][INFO] - Checking timeout

2021-11-18 11:12:52 - [MESSAGE][INFO] - Finding web element from Test Object's properties

2021-11-18 11:12:52 - [MESSAGE][INFO] - Checking timeout

2021-11-18 11:12:52 - [MESSAGE][INFO] - Finding web element with id: 'Object Repository/Popup/Popup' located by 'By.cssSelector: .bootbox-body' in '10' second(s)

2021-11-18 11:12:52 - [MESSAGE][INFO] - Smart Wait Function is triggered

2021-11-18 11:12:52 - [MESSAGE][INFO] - Found 1 web elements with id: 'Object Repository/Popup/Popup' located by 'By.cssSelector: .bootbox-body' in '10' second(s)

2021-11-18 11:12:52 - [MESSAGE][PASSED] - Object 'Object Repository/Popup/Popup' is visible

2021-11-18 11:12:52 - [TEST_STEP][PASSED] - if (!(getText(findTestObject("Popup/Popup")).contains(Mesaj))): Text of object 'Object Repository/Popup/Popup' is: 'Oluşturulacak irsaliye numarası : FER2021000000412 İrsaliye numarası oluşturulduktan sonra irsaliye silinemez. İrsaliye numarası, tarihi ve ön eki değiştirilemez. Devam etmek istiyor musunuz?'

2021-11-18 11:12:52 - [MESSAGE][INFO] - Finding Test Object 'Object Repository/Popup/Popup'

2021-11-18 11:12:52 - [MESSAGE][INFO] - Checking object

2021-11-18 11:12:52 - [MESSAGE][INFO] - Finding web element from Test Object's properties

2021-11-18 11:12:52 - [MESSAGE][INFO] - Checking timeout

2021-11-18 11:12:52 - [MESSAGE][INFO] - Finding web element with id: 'Object Repository/Popup/Popup' located by 'By.cssSelector: .bootbox-body' in '30' second(s)

2021-11-18 11:12:52 - [MESSAGE][INFO] - Smart Wait Function is triggered

2021-11-18 11:12:52 - [MESSAGE][INFO] - Found 1 web elements with id: 'Object Repository/Popup/Popup' located by 'By.cssSelector: .bootbox-body' in '30' second(s)

2021-11-18 11:12:52 - [MESSAGE][INFO] - Getting text of object 'Object Repository/Popup/Popup'

2021-11-18 11:12:52 - [MESSAGE][PASSED] - Text of object 'Object Repository/Popup/Popup' is: 'Oluşturulacak irsaliye numarası : FER2021000000412 İrsaliye numarası oluşturulduktan sonra irsaliye silinemez. İrsaliye numarası, tarihi ve ön eki değiştirilemez. Devam etmek istiyor musunuz?'

2021-11-18 11:12:52 - [TEST_STEP][PASSED] - RaporNo = getText(findTestObject("Popup/Popup")).substring(0, 6): Text of object 'Object Repository/Popup/Popup' is: 'Oluşturulacak irsaliye numarası : FER2021000000412 İrsaliye numarası oluşturulduktan sonra irsaliye silinemez. İrsaliye numarası, tarihi ve ön eki değiştirilemez. Devam etmek istiyor musunuz?'

2021-11-18 11:12:52 - [MESSAGE][INFO] - Finding Test Object 'Object Repository/Popup/Popup'

2021-11-18 11:12:52 - [MESSAGE][INFO] - Checking object

2021-11-18 11:12:52 - [MESSAGE][INFO] - Finding web element from Test Object's properties

2021-11-18 11:12:52 - [MESSAGE][INFO] - Checking timeout

2021-11-18 11:12:52 - [MESSAGE][INFO] - Finding web element with id: 'Object Repository/Popup/Popup' located by 'By.cssSelector: .bootbox-body' in '30' second(s)

2021-11-18 11:12:52 - [MESSAGE][INFO] - Smart Wait Function is triggered

2021-11-18 11:12:53 - [MESSAGE][INFO] - Found 1 web elements with id: 'Object Repository/Popup/Popup' located by 'By.cssSelector: .bootbox-body' in '30' second(s)

2021-11-18 11:12:53 - [MESSAGE][INFO] - Getting text of object 'Object Repository/Popup/Popup'

2021-11-18 11:12:53 - [MESSAGE][PASSED] - Text of object 'Object Repository/Popup/Popup' is: 'Oluşturulacak irsaliye numarası : FER2021000000412 İrsaliye numarası oluşturulduktan sonra irsaliye silinemez. İrsaliye numarası, tarihi ve ön eki değiştirilemez. Devam etmek istiyor musunuz?'

2021-11-18 11:12:53 - [TEST_STEP][PASSED] - Console.println(RaporNo): null

2021-11-18 11:12:53 - [MESSAGE][PASSED] - Call Test Case 'Test Cases/Popup/PopupMesajiIceriyorMu' successfully

2021-11-18 11:12:53 - [MESSAGE][INFO] - Checking called Test Case

2021-11-18 11:12:53 - [MESSAGE][INFO] - Starting to call Test Case 'Test Cases/Popup/PopupButonSecilir'

2021-11-18 11:12:53 - [TEST_CASE][PASSED] - Test Cases/Popup/PopupButonSecilir: Test Cases/Popup/PopupButonSecilir

2021-11-18 11:12:53 - [TEST_STEP][PASSED] - Method.TextDegerineEsitElementeTikla(findTestObject("Popup/Popup_Butons"), Buton): Method.TextDegerineEsitElementeTikla is PASSED

2021-11-18 11:12:53 - [MESSAGE][INFO] - Finding Test Object 'Object Repository/Popup/Popup_Butons'

2021-11-18 11:12:53 - [MESSAGE][INFO] - Checking timeout

2021-11-18 11:12:53 - [MESSAGE][INFO] - Finding web element with id: 'Object Repository/Popup/Popup_Butons' located by 'By.cssSelector: .modal-footer>button' in '10' second(s)

2021-11-18 11:12:53 - [MESSAGE][INFO] - Smart Wait Function is triggered

2021-11-18 11:12:53 - [MESSAGE][INFO] - Found 2 web elements with id: 'Object Repository/Popup/Popup_Butons' located by 'By.cssSelector: .modal-footer>button' in '10' second(s)

2021-11-18 11:12:54 - [MESSAGE][PASSED] - Method.TextDegerineEsitElementeTikla is PASSED

2021-11-18 11:12:54 - [MESSAGE][PASSED] - Call Test Case 'Test Cases/Popup/PopupButonSecilir' successfully

2021-11-18 11:12:54 - [MESSAGE][INFO] - Checking called Test Case

2021-11-18 11:12:54 - [MESSAGE][INFO] - Starting to call Test Case 'Test Cases/Popup/PopupMesajiIceriyorMu'

2021-11-18 11:12:54 - [TEST_CASE][PASSED] - Test Cases/Popup/PopupMesajiIceriyorMu: Test Cases/Popup/PopupMesajiIceriyorMu

2021-11-18 11:12:54 - [TEST_STEP][PASSED] - waitForElementVisible(findTestObject("Popup/Popup"), 10): Object 'Object Repository/Popup/Popup' is visible

2021-11-18 11:12:54 - [MESSAGE][INFO] - Finding Test Object 'Object Repository/Popup/Popup'

2021-11-18 11:12:54 - [MESSAGE][INFO] - Checking object

2021-11-18 11:12:54 - [MESSAGE][INFO] - Checking timeout

2021-11-18 11:12:54 - [MESSAGE][INFO] - Finding web element from Test Object's properties

2021-11-18 11:12:54 - [MESSAGE][INFO] - Checking timeout

2021-11-18 11:12:54 - [MESSAGE][INFO] - Finding web element with id: 'Object Repository/Popup/Popup' located by 'By.cssSelector: .bootbox-body' in '10' second(s)

2021-11-18 11:12:54 - [MESSAGE][INFO] - Smart Wait Function is triggered

2021-11-18 11:12:55 - [MESSAGE][INFO] - Found 1 web elements with id: 'Object Repository/Popup/Popup' located by 'By.cssSelector: .bootbox-body' in '10' second(s)

2021-11-18 11:12:55 - [MESSAGE][PASSED] - Object 'Object Repository/Popup/Popup' is visible

2021-11-18 11:12:55 - [TEST_STEP][PASSED] - if (!(getText(findTestObject("Popup/Popup")).contains(Mesaj))): Text of object 'Object Repository/Popup/Popup' is: 'Fatura numaranız FER2021000000412 olarak oluşmuştur.'

2021-11-18 11:12:55 - [MESSAGE][INFO] - Finding Test Object 'Object Repository/Popup/Popup'

2021-11-18 11:12:55 - [MESSAGE][INFO] - Checking object

2021-11-18 11:12:55 - [MESSAGE][INFO] - Finding web element from Test Object's properties

2021-11-18 11:12:55 - [MESSAGE][INFO] - Checking timeout

2021-11-18 11:12:55 - [MESSAGE][INFO] - Finding web element with id: 'Object Repository/Popup/Popup' located by 'By.cssSelector: .bootbox-body' in '30' second(s)

2021-11-18 11:12:55 - [MESSAGE][INFO] - Smart Wait Function is triggered

2021-11-18 11:12:55 - [MESSAGE][INFO] - Found 1 web elements with id: 'Object Repository/Popup/Popup' located by 'By.cssSelector: .bootbox-body' in '30' second(s)

2021-11-18 11:12:55 - [MESSAGE][INFO] - Getting text of object 'Object Repository/Popup/Popup'

2021-11-18 11:12:55 - [MESSAGE][PASSED] - Text of object 'Object Repository/Popup/Popup' is: 'Fatura numaranız FER2021000000412 olarak oluşmuştur.'

2021-11-18 11:12:55 - [TEST_STEP][PASSED] - RaporNo = getText(findTestObject("Popup/Popup")).substring(0, 6): Text of object 'Object Repository/Popup/Popup' is: 'Fatura numaranız FER2021000000412 olarak oluşmuştur.'

2021-11-18 11:12:55 - [MESSAGE][INFO] - Finding Test Object 'Object Repository/Popup/Popup'

2021-11-18 11:12:55 - [MESSAGE][INFO] - Checking object

2021-11-18 11:12:55 - [MESSAGE][INFO] - Finding web element from Test Object's properties

2021-11-18 11:12:55 - [MESSAGE][INFO] - Checking timeout

2021-11-18 11:12:55 - [MESSAGE][INFO] - Finding web element with id: 'Object Repository/Popup/Popup' located by 'By.cssSelector: .bootbox-body' in '30' second(s)

2021-11-18 11:12:55 - [MESSAGE][INFO] - Smart Wait Function is triggered

2021-11-18 11:12:55 - [MESSAGE][INFO] - Found 1 web elements with id: 'Object Repository/Popup/Popup' located by 'By.cssSelector: .bootbox-body' in '30' second(s)

2021-11-18 11:12:55 - [MESSAGE][INFO] - Getting text of object 'Object Repository/Popup/Popup'

2021-11-18 11:12:55 - [MESSAGE][PASSED] - Text of object 'Object Repository/Popup/Popup' is: 'Fatura numaranız FER2021000000412 olarak oluşmuştur.'

2021-11-18 11:12:55 - [TEST_STEP][PASSED] - Console.println(RaporNo): null

2021-11-18 11:12:55 - [MESSAGE][PASSED] - Call Test Case 'Test Cases/Popup/PopupMesajiIceriyorMu' successfully

2021-11-18 11:12:55 - [MESSAGE][INFO] - Checking called Test Case

2021-11-18 11:12:55 - [MESSAGE][INFO] - Starting to call Test Case 'Test Cases/Popup/PopupButonSecilir'

2021-11-18 11:12:55 - [TEST_CASE][PASSED] - Test Cases/Popup/PopupButonSecilir: Test Cases/Popup/PopupButonSecilir

2021-11-18 11:12:55 - [TEST_STEP][PASSED] - Method.TextDegerineEsitElementeTikla(findTestObject("Popup/Popup_Butons"), Buton): Method.TextDegerineEsitElementeTikla is PASSED

2021-11-18 11:12:55 - [MESSAGE][INFO] - Finding Test Object 'Object Repository/Popup/Popup_Butons'

2021-11-18 11:12:55 - [MESSAGE][INFO] - Checking timeout

2021-11-18 11:12:55 - [MESSAGE][INFO] - Finding web element with id: 'Object Repository/Popup/Popup_Butons' located by 'By.cssSelector: .modal-footer>button' in '10' second(s)

2021-11-18 11:12:55 - [MESSAGE][INFO] - Smart Wait Function is triggered

2021-11-18 11:12:56 - [MESSAGE][INFO] - Found 1 web elements with id: 'Object Repository/Popup/Popup_Butons' located by 'By.cssSelector: .modal-footer>button' in '10' second(s)

2021-11-18 11:12:56 - [MESSAGE][PASSED] - Method.TextDegerineEsitElementeTikla is PASSED

2021-11-18 11:12:56 - [MESSAGE][PASSED] - Call Test Case 'Test Cases/Popup/PopupButonSecilir' successfully

2021-11-18 11:12:56 - [MESSAGE][INFO] - Checking called Test Case

2021-11-18 11:12:56 - [MESSAGE][INFO] - Starting to call Test Case 'Test Cases/Tablo/TablodanVeriSec'

2021-11-18 11:12:56 - [TEST_CASE][PASSED] - Test Cases/Tablo/TablodanVeriSec: Test Cases/Tablo/TablodanVeriSec

2021-11-18 11:12:56 - [TEST_STEP][PASSED] - Method.TextDegerineEsitElementinAltindakineTikla(findTestObject("Tablo/Veriler"), findTestObject("Tablo/VerininCheckBoxi"), Veri_Adi): Method.TextDegerineEsitElementinAltindakineTikla is PASSED

2021-11-18 11:12:56 - [MESSAGE][INFO] - Finding Test Object 'Object Repository/Tablo/Veriler'

2021-11-18 11:12:56 - [MESSAGE][INFO] - Finding Test Object 'Object Repository/Tablo/VerininCheckBoxi'

2021-11-18 11:12:56 - [MESSAGE][INFO] - Checking timeout

2021-11-18 11:12:56 - [MESSAGE][INFO] - Finding web element with id: 'Object Repository/Tablo/Veriler' located by 'By.cssSelector: td.dxgv b ,td.dxgv' in '10' second(s)

2021-11-18 11:12:56 - [MESSAGE][INFO] - Smart Wait Function is triggered

2021-11-18 11:12:57 - [MESSAGE][INFO] - Found 120 web elements with id: 'Object Repository/Tablo/Veriler' located by 'By.cssSelector: td.dxgv b ,td.dxgv' in '10' second(s)

2021-11-18 11:12:57 - [MESSAGE][INFO] - Smart Wait Function is triggered

2021-11-18 11:12:57 - [MESSAGE][PASSED] - Method.TextDegerineEsitElementinAltindakineTikla is PASSED

2021-11-18 11:12:57 - [MESSAGE][PASSED] - Call Test Case 'Test Cases/Tablo/TablodanVeriSec' successfully

2021-11-18 11:12:57 - [MESSAGE][INFO] - Checking called Test Case

2021-11-18 11:12:57 - [MESSAGE][INFO] - Starting to call Test Case 'Test Cases/Butonlar/ButonaTikla'

2021-11-18 11:12:57 - [TEST_CASE][PASSED] - Test Cases/Butonlar/ButonaTikla: Test Cases/Butonlar/ButonaTikla

2021-11-18 11:12:57 - [TEST_STEP][PASSED] - Method.TextDegerineEsitElementeTiklaEquals(findTestObject("Butonlar/Butonlar"), Buton_Adi): Method.TextDegerineEsitElementeTiklaEquals is PASSED

2021-11-18 11:12:57 - [MESSAGE][INFO] - Finding Test Object 'Object Repository/Butonlar/Butonlar'

2021-11-18 11:12:57 - [MESSAGE][INFO] - Checking timeout

2021-11-18 11:12:57 - [MESSAGE][INFO] - Finding web element with id: 'Object Repository/Butonlar/Butonlar' located by 'By.cssSelector: .panel.panel-default.text-center.footerPanel .btn,.btn.btn-primary.btnControls' in '10' second(s)

2021-11-18 11:12:57 - [MESSAGE][INFO] - Smart Wait Function is triggered

2021-11-18 11:12:58 - [MESSAGE][INFO] - Found 9 web elements with id: 'Object Repository/Butonlar/Butonlar' located by 'By.cssSelector: .panel.panel-default.text-center.footerPanel .btn,.btn.btn-primary.btnControls' in '10' second(s)

2021-11-18 11:12:58 - [MESSAGE][PASSED] - Method.TextDegerineEsitElementeTiklaEquals is PASSED

2021-11-18 11:12:58 - [MESSAGE][PASSED] - Call Test Case 'Test Cases/Butonlar/ButonaTikla' successfully

2021-11-18 11:12:58 - [MESSAGE][INFO] - Checking called Test Case

2021-11-18 11:12:58 - [MESSAGE][INFO] - Starting to call Test Case 'Test Cases/Sekmeler/YeniSekmeyeGec'

2021-11-18 11:12:58 - [TEST_CASE][PASSED] - Test Cases/Sekmeler/YeniSekmeyeGec: Test Cases/Sekmeler/YeniSekmeyeGec

2021-11-18 11:12:59 - [TEST_STEP][PASSED] - switchToWindowIndex(1): Switched to window with index: '1'

2021-11-18 11:12:59 - [MESSAGE][INFO] - Checking index

2021-11-18 11:12:59 - [MESSAGE][INFO] - Switching window with index: '1'

2021-11-18 11:12:59 - [MESSAGE][PASSED] - Switched to window with index: '1'

2021-11-18 11:12:59 - [MESSAGE][PASSED] - Call Test Case 'Test Cases/Sekmeler/YeniSekmeyeGec' successfully

2021-11-18 11:12:59 - [MESSAGE][INFO] - Checking called Test Case

2021-11-18 11:12:59 - [MESSAGE][INFO] - Starting to call Test Case 'Test Cases/Sekmeler/YeniSekmeBasligindaVarMi'

2021-11-18 11:12:59 - [TEST_CASE][PASSED] - Test Cases/Sekmeler/YeniSekmeBasligindaVarMi: Test Cases/Sekmeler/YeniSekmeBasligindaVarMi

2021-11-18 11:12:59 - [TEST_STEP][PASSED] - verifyElementText(findTestObject("Object Repository/Sekmeler/Olusturma_Goster_Baslik"), Title): Actual text and expected text of test object 'Object Repository/Sekmeler/Olusturma_Goster_Baslik' are matched.

2021-11-18 11:12:59 - [MESSAGE][INFO] - Finding Test Object 'Object Repository/Sekmeler/Olusturma_Goster_Baslik'

2021-11-18 11:12:59 - [MESSAGE][INFO] - Checking object

2021-11-18 11:12:59 - [MESSAGE][INFO] - Finding web element from Test Object's properties

2021-11-18 11:12:59 - [MESSAGE][INFO] - Checking timeout

2021-11-18 11:12:59 - [MESSAGE][INFO] - Finding web element with id: 'Object Repository/Sekmeler/Olusturma_Goster_Baslik' located by 'By.cssSelector: h1>span,td>font,font' in '30' second(s)

2021-11-18 11:12:59 - [MESSAGE][INFO] - Smart Wait Function is triggered

2021-11-18 11:13:00 - [MESSAGE][INFO] - Found 1 web elements with id: 'Object Repository/Sekmeler/Olusturma_Goster_Baslik' located by 'By.cssSelector: h1>span,td>font,font' in '30' second(s)

2021-11-18 11:13:00 - [MESSAGE][PASSED] - Actual text and expected text of test object 'Object Repository/Sekmeler/Olusturma_Goster_Baslik' are matched.

2021-11-18 11:13:00 - [MESSAGE][PASSED] - Call Test Case 'Test Cases/Sekmeler/YeniSekmeBasligindaVarMi' successfully

2021-11-18 11:13:00 - [MESSAGE][INFO] - Checking called Test Case

2021-11-18 11:13:00 - [MESSAGE][INFO] - Starting to call Test Case 'Test Cases/Sekmeler/Ana_Sekmeye_Gec'

2021-11-18 11:13:00 - [TEST_CASE][PASSED] - Test Cases/Sekmeler/Ana_Sekmeye_Gec: Test Cases/Sekmeler/Ana_Sekmeye_Gec

2021-11-18 11:13:00 - [TEST_STEP][PASSED] - try: Window with index 1 is closed

2021-11-18 11:13:00 - [TEST_STEP][PASSED] - index = getWindowIndex(): Current window's index is: 1

2021-11-18 11:13:00 - [MESSAGE][INFO] - Getting current window's index

2021-11-18 11:13:00 - [MESSAGE][PASSED] - Current window's index is: 1

2021-11-18 11:13:00 - [TEST_STEP][PASSED] - closeWindowIndex(index): Window with index 1 is closed

2021-11-18 11:13:00 - [MESSAGE][INFO] - Checking index

2021-11-18 11:13:00 - [MESSAGE][INFO] - Closing window with index 1

2021-11-18 11:13:00 - [MESSAGE][PASSED] - Window with index 1 is closed

2021-11-18 11:13:00 - [TEST_STEP][PASSED] - switchToWindowIndex(0): Switched to window with index: '0'

2021-11-18 11:13:00 - [MESSAGE][INFO] - Checking index

2021-11-18 11:13:00 - [MESSAGE][INFO] - Switching window with index: '0'

2021-11-18 11:13:00 - [MESSAGE][PASSED] - Switched to window with index: '0'

2021-11-18 11:13:00 - [MESSAGE][PASSED] - Call Test Case 'Test Cases/Sekmeler/Ana_Sekmeye_Gec' successfully

2021-11-18 11:13:00 - [MESSAGE][INFO] - Checking called Test Case

2021-11-18 11:13:00 - [MESSAGE][INFO] - Starting to call Test Case 'Test Cases/Butonlar/ButonaTikla'

2021-11-18 11:13:00 - [TEST_CASE][PASSED] - Test Cases/Butonlar/ButonaTikla: Test Cases/Butonlar/ButonaTikla

2021-11-18 11:13:00 - [TEST_STEP][PASSED] - Method.TextDegerineEsitElementeTiklaEquals(findTestObject("Butonlar/Butonlar"), Buton_Adi): Method.TextDegerineEsitElementeTiklaEquals is PASSED

2021-11-18 11:13:00 - [MESSAGE][INFO] - Finding Test Object 'Object Repository/Butonlar/Butonlar'

2021-11-18 11:13:00 - [MESSAGE][INFO] - Checking timeout

2021-11-18 11:13:00 - [MESSAGE][INFO] - Finding web element with id: 'Object Repository/Butonlar/Butonlar' located by 'By.cssSelector: .panel.panel-default.text-center.footerPanel .btn,.btn.btn-primary.btnControls' in '10' second(s)

2021-11-18 11:13:00 - [MESSAGE][INFO] - Smart Wait Function is triggered

2021-11-18 11:13:01 - [MESSAGE][INFO] - Found 9 web elements with id: 'Object Repository/Butonlar/Butonlar' located by 'By.cssSelector: .panel.panel-default.text-center.footerPanel .btn,.btn.btn-primary.btnControls' in '10' second(s)

2021-11-18 11:13:01 - [MESSAGE][PASSED] - Method.TextDegerineEsitElementeTiklaEquals is PASSED

2021-11-18 11:13:01 - [MESSAGE][PASSED] - Call Test Case 'Test Cases/Butonlar/ButonaTikla' successfully

2021-11-18 11:13:01 - [MESSAGE][INFO] - Checking called Test Case

2021-11-18 11:13:01 - [MESSAGE][INFO] - Starting to call Test Case 'Test Cases/Sekmeler/YeniSekmeyeGec'

2021-11-18 11:13:01 - [TEST_CASE][PASSED] - Test Cases/Sekmeler/YeniSekmeyeGec: Test Cases/Sekmeler/YeniSekmeyeGec

2021-11-18 11:13:01 - [TEST_STEP][PASSED] - switchToWindowIndex(1): Switched to window with index: '1'

2021-11-18 11:13:01 - [MESSAGE][INFO] - Checking index

2021-11-18 11:13:01 - [MESSAGE][INFO] - Switching window with index: '1'

2021-11-18 11:13:01 - [MESSAGE][PASSED] - Switched to window with index: '1'

2021-11-18 11:13:01 - [MESSAGE][PASSED] - Call Test Case 'Test Cases/Sekmeler/YeniSekmeyeGec' successfully

2021-11-18 11:13:01 - [MESSAGE][INFO] - Checking called Test Case

2021-11-18 11:13:01 - [MESSAGE][INFO] - Starting to call Test Case 'Test Cases/Sekmeler/TagGeldiMi'

2021-11-18 11:13:01 - [TEST_CASE][PASSED] - Test Cases/Sekmeler/TagGeldiMi: Test Cases/Sekmeler/TagGeldiMi

2021-11-18 11:13:02 - [TEST_STEP][PASSED] - waitForElementPresent(findTestObject("Object Repository/Sekmeler/UBLTag"), 10): Object 'Object Repository/Sekmeler/UBLTag' is present

2021-11-18 11:13:02 - [MESSAGE][INFO] - Finding Test Object 'Object Repository/Sekmeler/UBLTag'

2021-11-18 11:13:02 - [MESSAGE][INFO] - Checking object

2021-11-18 11:13:02 - [MESSAGE][INFO] - Finding web element from Test Object's properties

2021-11-18 11:13:02 - [MESSAGE][INFO] - Checking timeout

2021-11-18 11:13:02 - [MESSAGE][INFO] - Finding web element with id: 'Object Repository/Sekmeler/UBLTag' located by 'By.cssSelector: #webkit-xml-viewer-source-xml>:first-child' in '10' second(s)

2021-11-18 11:13:02 - [MESSAGE][INFO] - Smart Wait Function is triggered

2021-11-18 11:13:02 - [MESSAGE][INFO] - Found 1 web elements with id: 'Object Repository/Sekmeler/UBLTag' located by 'By.cssSelector: #webkit-xml-viewer-source-xml>:first-child' in '10' second(s)

2021-11-18 11:13:02 - [MESSAGE][PASSED] - Object 'Object Repository/Sekmeler/UBLTag' is present

2021-11-18 11:13:02 - [TEST_STEP][PASSED] - println(toLowerCase().toString()): Found 1 web elements with id: 'Object Repository/Sekmeler/UBLTag' located by 'By.cssSelector: #webkit-xml-viewer-source-xml>:first-child' in '10' second(s)

2021-11-18 11:13:02 - [MESSAGE][INFO] - Finding Test Object 'Object Repository/Sekmeler/UBLTag'

2021-11-18 11:13:02 - [MESSAGE][INFO] - Finding web element from Test Object's properties

2021-11-18 11:13:02 - [MESSAGE][INFO] - Checking timeout

2021-11-18 11:13:02 - [MESSAGE][INFO] - Finding web element with id: 'Object Repository/Sekmeler/UBLTag' located by 'By.cssSelector: #webkit-xml-viewer-source-xml>:first-child' in '10' second(s)

2021-11-18 11:13:02 - [MESSAGE][INFO] - Smart Wait Function is triggered

2021-11-18 11:13:02 - [MESSAGE][INFO] - Found 1 web elements with id: 'Object Repository/Sekmeler/UBLTag' located by 'By.cssSelector: #webkit-xml-viewer-source-xml>:first-child' in '10' second(s)

2021-11-18 11:13:02 - [TEST_STEP][PASSED] - if (!(toString().contains(toString().toLowerCase()))): Found 1 web elements with id: 'Object Repository/Sekmeler/UBLTag' located by 'By.cssSelector: #webkit-xml-viewer-source-xml>:first-child' in '10' second(s)

2021-11-18 11:13:02 - [MESSAGE][INFO] - Finding Test Object 'Object Repository/Sekmeler/UBLTag'

2021-11-18 11:13:02 - [MESSAGE][INFO] - Finding web element from Test Object's properties

2021-11-18 11:13:02 - [MESSAGE][INFO] - Checking timeout

2021-11-18 11:13:02 - [MESSAGE][INFO] - Finding web element with id: 'Object Repository/Sekmeler/UBLTag' located by 'By.cssSelector: #webkit-xml-viewer-source-xml>:first-child' in '10' second(s)

2021-11-18 11:13:02 - [MESSAGE][INFO] - Smart Wait Function is triggered

2021-11-18 11:13:03 - [MESSAGE][INFO] - Found 1 web elements with id: 'Object Repository/Sekmeler/UBLTag' located by 'By.cssSelector: #webkit-xml-viewer-source-xml>:first-child' in '10' second(s)

2021-11-18 11:13:03 - [MESSAGE][PASSED] - Call Test Case 'Test Cases/Sekmeler/TagGeldiMi' successfully

2021-11-18 11:13:03 - [MESSAGE][INFO] - Checking called Test Case

2021-11-18 11:13:03 - [MESSAGE][INFO] - Starting to call Test Case 'Test Cases/Sekmeler/Ana_Sekmeye_Gec'

2021-11-18 11:13:03 - [TEST_CASE][PASSED] - Test Cases/Sekmeler/Ana_Sekmeye_Gec: Test Cases/Sekmeler/Ana_Sekmeye_Gec

2021-11-18 11:13:03 - [TEST_STEP][PASSED] - try: Window with index 1 is closed

2021-11-18 11:13:03 - [TEST_STEP][PASSED] - index = getWindowIndex(): Current window's index is: 1

2021-11-18 11:13:03 - [MESSAGE][INFO] - Getting current window's index

2021-11-18 11:13:03 - [MESSAGE][PASSED] - Current window's index is: 1

2021-11-18 11:13:03 - [TEST_STEP][PASSED] - closeWindowIndex(index): Window with index 1 is closed

2021-11-18 11:13:03 - [MESSAGE][INFO] - Checking index

2021-11-18 11:13:03 - [MESSAGE][INFO] - Closing window with index 1

2021-11-18 11:13:03 - [MESSAGE][PASSED] - Window with index 1 is closed

2021-11-18 11:13:03 - [TEST_STEP][PASSED] - switchToWindowIndex(0): Switched to window with index: '0'

2021-11-18 11:13:03 - [MESSAGE][INFO] - Checking index

2021-11-18 11:13:03 - [MESSAGE][INFO] - Switching window with index: '0'

2021-11-18 11:13:03 - [MESSAGE][PASSED] - Switched to window with index: '0'

2021-11-18 11:13:03 - [MESSAGE][PASSED] - Call Test Case 'Test Cases/Sekmeler/Ana_Sekmeye_Gec' successfully

2021-11-18 11:13:03 - [MESSAGE][INFO] - Checking called Test Case

2021-11-18 11:13:03 - [MESSAGE][INFO] - Starting to call Test Case 'Test Cases/Butonlar/ButonaTikla'

2021-11-18 11:13:03 - [TEST_CASE][PASSED] - Test Cases/Butonlar/ButonaTikla: Test Cases/Butonlar/ButonaTikla

2021-11-18 11:13:03 - [TEST_STEP][PASSED] - Method.TextDegerineEsitElementeTiklaEquals(findTestObject("Butonlar/Butonlar"), Buton_Adi): Method.TextDegerineEsitElementeTiklaEquals is PASSED

2021-11-18 11:13:03 - [MESSAGE][INFO] - Finding Test Object 'Object Repository/Butonlar/Butonlar'

2021-11-18 11:13:03 - [MESSAGE][INFO] - Checking timeout

2021-11-18 11:13:03 - [MESSAGE][INFO] - Finding web element with id: 'Object Repository/Butonlar/Butonlar' located by 'By.cssSelector: .panel.panel-default.text-center.footerPanel .btn,.btn.btn-primary.btnControls' in '10' second(s)

2021-11-18 11:13:03 - [MESSAGE][INFO] - Smart Wait Function is triggered

2021-11-18 11:13:03 - [MESSAGE][INFO] - Found 9 web elements with id: 'Object Repository/Butonlar/Butonlar' located by 'By.cssSelector: .panel.panel-default.text-center.footerPanel .btn,.btn.btn-primary.btnControls' in '10' second(s)

2021-11-18 11:13:03 - [MESSAGE][PASSED] - Method.TextDegerineEsitElementeTiklaEquals is PASSED

2021-11-18 11:13:03 - [MESSAGE][PASSED] - Call Test Case 'Test Cases/Butonlar/ButonaTikla' successfully

2021-11-18 11:13:03 - [MESSAGE][INFO] - Checking called Test Case

2021-11-18 11:13:03 - [MESSAGE][INFO] - Starting to call Test Case 'Test Cases/Butonlar/AltButonaTikla'

2021-11-18 11:13:04 - [TEST_CASE][PASSED] - Test Cases/Butonlar/AltButonaTikla: Test Cases/Butonlar/AltButonaTikla

2021-11-18 11:13:04 - [TEST_STEP][PASSED] - Method.TextDegerineEsitElementeTikla(findTestObject("Butonlar/AltButonlar"), Alt_Buton): Method.TextDegerineEsitElementeTikla is PASSED

2021-11-18 11:13:04 - [MESSAGE][INFO] - Finding Test Object 'Object Repository/Butonlar/AltButonlar'

2021-11-18 11:13:04 - [MESSAGE][INFO] - Checking timeout

2021-11-18 11:13:04 - [MESSAGE][INFO] - Finding web element with id: 'Object Repository/Butonlar/AltButonlar' located by 'By.cssSelector: .btn-group.open li>a' in '10' second(s)

2021-11-18 11:13:04 - [MESSAGE][INFO] - Smart Wait Function is triggered

2021-11-18 11:13:04 - [MESSAGE][INFO] - Found 2 web elements with id: 'Object Repository/Butonlar/AltButonlar' located by 'By.cssSelector: .btn-group.open li>a' in '10' second(s)

2021-11-18 11:13:05 - [MESSAGE][PASSED] - Method.TextDegerineEsitElementeTikla is PASSED

2021-11-18 11:13:05 - [MESSAGE][PASSED] - Call Test Case 'Test Cases/Butonlar/AltButonaTikla' successfully

2021-11-18 11:13:05 - [MESSAGE][INFO] - Checking called Test Case

2021-11-18 11:13:05 - [MESSAGE][INFO] - Starting to call Test Case 'Test Cases/Butonlar/DosyaIndirildiMi'

2021-11-18 11:13:05 - [TEST_CASE][PASSED] - Test Cases/Butonlar/DosyaIndirildiMi: Test Cases/Butonlar/DosyaIndirildiMi

2021-11-18 11:13:06 - [TEST_STEP][PASSED] - Method.isimliDosyaIndirildiMi(DownloadFile, FileName): Method.isimliDosyaIndirildiMi is PASSED

2021-11-18 11:13:06 - [MESSAGE][INFO] - Delaying browser in 3 second(s)

2021-11-18 11:13:09 - [MESSAGE][PASSED] - Delayed 3 second(s)

2021-11-18 11:13:09 - [MESSAGE][PASSED] - Method.isimliDosyaIndirildiMi is PASSED

2021-11-18 11:13:09 - [MESSAGE][PASSED] - Call Test Case 'Test Cases/Butonlar/DosyaIndirildiMi' successfully

2021-11-18 11:13:09 - [MESSAGE][INFO] - Checking called Test Case

2021-11-18 11:13:09 - [MESSAGE][INFO] - Starting to call Test Case 'Test Cases/Butonlar/ButonaTikla'

2021-11-18 11:13:09 - [TEST_CASE][PASSED] - Test Cases/Butonlar/ButonaTikla: Test Cases/Butonlar/ButonaTikla

2021-11-18 11:13:09 - [TEST_STEP][PASSED] - Method.TextDegerineEsitElementeTiklaEquals(findTestObject("Butonlar/Butonlar"), Buton_Adi): Method.TextDegerineEsitElementeTiklaEquals is PASSED

2021-11-18 11:13:09 - [MESSAGE][INFO] - Finding Test Object 'Object Repository/Butonlar/Butonlar'

2021-11-18 11:13:09 - [MESSAGE][INFO] - Checking timeout

2021-11-18 11:13:09 - [MESSAGE][INFO] - Finding web element with id: 'Object Repository/Butonlar/Butonlar' located by 'By.cssSelector: .panel.panel-default.text-center.footerPanel .btn,.btn.btn-primary.btnControls' in '10' second(s)

2021-11-18 11:13:09 - [MESSAGE][INFO] - Smart Wait Function is triggered

2021-11-18 11:13:09 - [MESSAGE][INFO] - Found 9 web elements with id: 'Object Repository/Butonlar/Butonlar' located by 'By.cssSelector: .panel.panel-default.text-center.footerPanel .btn,.btn.btn-primary.btnControls' in '10' second(s)

2021-11-18 11:13:09 - [MESSAGE][PASSED] - Method.TextDegerineEsitElementeTiklaEquals is PASSED

2021-11-18 11:13:09 - [MESSAGE][PASSED] - Call Test Case 'Test Cases/Butonlar/ButonaTikla' successfully

2021-11-18 11:13:09 - [MESSAGE][INFO] - Checking called Test Case

2021-11-18 11:13:09 - [MESSAGE][INFO] - Starting to call Test Case 'Test Cases/Butonlar/AltButonaTikla'

2021-11-18 11:13:09 - [TEST_CASE][PASSED] - Test Cases/Butonlar/AltButonaTikla: Test Cases/Butonlar/AltButonaTikla

2021-11-18 11:13:09 - [TEST_STEP][PASSED] - Method.TextDegerineEsitElementeTikla(findTestObject("Butonlar/AltButonlar"), Alt_Buton): Method.TextDegerineEsitElementeTikla is PASSED

2021-11-18 11:13:09 - [MESSAGE][INFO] - Finding Test Object 'Object Repository/Butonlar/AltButonlar'

2021-11-18 11:13:10 - [MESSAGE][INFO] - Checking timeout

2021-11-18 11:13:10 - [MESSAGE][INFO] - Finding web element with id: 'Object Repository/Butonlar/AltButonlar' located by 'By.cssSelector: .btn-group.open li>a' in '10' second(s)

2021-11-18 11:13:10 - [MESSAGE][INFO] - Smart Wait Function is triggered

2021-11-18 11:13:10 - [MESSAGE][INFO] - Found 2 web elements with id: 'Object Repository/Butonlar/AltButonlar' located by 'By.cssSelector: .btn-group.open li>a' in '10' second(s)

2021-11-18 11:13:10 - [MESSAGE][PASSED] - Method.TextDegerineEsitElementeTikla is PASSED

2021-11-18 11:13:10 - [MESSAGE][PASSED] - Call Test Case 'Test Cases/Butonlar/AltButonaTikla' successfully

2021-11-18 11:13:10 - [MESSAGE][INFO] - Checking called Test Case

2021-11-18 11:13:10 - [MESSAGE][INFO] - Starting to call Test Case 'Test Cases/Butonlar/DosyaIndirildiMi'

2021-11-18 11:13:11 - [TEST_CASE][PASSED] - Test Cases/Butonlar/DosyaIndirildiMi: Test Cases/Butonlar/DosyaIndirildiMi

2021-11-18 11:13:11 - [TEST_STEP][PASSED] - Method.isimliDosyaIndirildiMi(DownloadFile, FileName): Method.isimliDosyaIndirildiMi is PASSED

2021-11-18 11:13:11 - [MESSAGE][INFO] - Delaying browser in 3 second(s)

2021-11-18 11:13:14 - [MESSAGE][PASSED] - Delayed 3 second(s)

2021-11-18 11:13:14 - [MESSAGE][PASSED] - Method.isimliDosyaIndirildiMi is PASSED

2021-11-18 11:13:14 - [MESSAGE][PASSED] - Call Test Case 'Test Cases/Butonlar/DosyaIndirildiMi' successfully

2021-11-18 11:13:14 - [MESSAGE][INFO] - Checking called Test Case

2021-11-18 11:13:14 - [MESSAGE][INFO] - Starting to call Test Case 'Test Cases/Butonlar/ButonaTikla'

2021-11-18 11:13:14 - [TEST_CASE][PASSED] - Test Cases/Butonlar/ButonaTikla: Test Cases/Butonlar/ButonaTikla

2021-11-18 11:13:14 - [TEST_STEP][PASSED] - Method.TextDegerineEsitElementeTiklaEquals(findTestObject("Butonlar/Butonlar"), Buton_Adi): Method.TextDegerineEsitElementeTiklaEquals is PASSED

2021-11-18 11:13:14 - [MESSAGE][INFO] - Finding Test Object 'Object Repository/Butonlar/Butonlar'

2021-11-18 11:13:14 - [MESSAGE][INFO] - Checking timeout

2021-11-18 11:13:14 - [MESSAGE][INFO] - Finding web element with id: 'Object Repository/Butonlar/Butonlar' located by 'By.cssSelector: .panel.panel-default.text-center.footerPanel .btn,.btn.btn-primary.btnControls' in '10' second(s)

2021-11-18 11:13:14 - [MESSAGE][INFO] - Smart Wait Function is triggered

2021-11-18 11:13:14 - [MESSAGE][INFO] - Found 9 web elements with id: 'Object Repository/Butonlar/Butonlar' located by 'By.cssSelector: .panel.panel-default.text-center.footerPanel .btn,.btn.btn-primary.btnControls' in '10' second(s)

2021-11-18 11:13:14 - [MESSAGE][PASSED] - Method.TextDegerineEsitElementeTiklaEquals is PASSED

2021-11-18 11:13:14 - [MESSAGE][PASSED] - Call Test Case 'Test Cases/Butonlar/ButonaTikla' successfully

2021-11-18 11:13:14 - [MESSAGE][INFO] - Checking called Test Case

2021-11-18 11:13:14 - [MESSAGE][INFO] - Starting to call Test Case 'Test Cases/Popup/PopupMesajiIceriyorMu'

2021-11-18 11:13:14 - [TEST_CASE][PASSED] - Test Cases/Popup/PopupMesajiIceriyorMu: Test Cases/Popup/PopupMesajiIceriyorMu

2021-11-18 11:13:14 - [TEST_STEP][PASSED] - waitForElementVisible(findTestObject("Popup/Popup"), 10): Object 'Object Repository/Popup/Popup' is visible

2021-11-18 11:13:14 - [MESSAGE][INFO] - Finding Test Object 'Object Repository/Popup/Popup'

2021-11-18 11:13:14 - [MESSAGE][INFO] - Checking object

2021-11-18 11:13:14 - [MESSAGE][INFO] - Checking timeout

2021-11-18 11:13:14 - [MESSAGE][INFO] - Finding web element from Test Object's properties

2021-11-18 11:13:14 - [MESSAGE][INFO] - Checking timeout

2021-11-18 11:13:14 - [MESSAGE][INFO] - Finding web element with id: 'Object Repository/Popup/Popup' located by 'By.cssSelector: .bootbox-body' in '10' second(s)

2021-11-18 11:13:14 - [MESSAGE][INFO] - Smart Wait Function is triggered

2021-11-18 11:13:15 - [MESSAGE][INFO] - Found 1 web elements with id: 'Object Repository/Popup/Popup' located by 'By.cssSelector: .bootbox-body' in '10' second(s)

2021-11-18 11:13:15 - [MESSAGE][PASSED] - Object 'Object Repository/Popup/Popup' is visible

2021-11-18 11:13:15 - [TEST_STEP][PASSED] - if (!(getText(findTestObject("Popup/Popup")).contains(Mesaj))): Text of object 'Object Repository/Popup/Popup' is: 'FER serisi için onaylanmamış belge(leri)niz bulunmaktadır.
Devam etmek istiyor musunuz?'

2021-11-18 11:13:15 - [MESSAGE][INFO] - Finding Test Object 'Object Repository/Popup/Popup'

2021-11-18 11:13:15 - [MESSAGE][INFO] - Checking object

2021-11-18 11:13:15 - [MESSAGE][INFO] - Finding web element from Test Object's properties

2021-11-18 11:13:15 - [MESSAGE][INFO] - Checking timeout

2021-11-18 11:13:15 - [MESSAGE][INFO] - Finding web element with id: 'Object Repository/Popup/Popup' located by 'By.cssSelector: .bootbox-body' in '30' second(s)

2021-11-18 11:13:15 - [MESSAGE][INFO] - Smart Wait Function is triggered

2021-11-18 11:13:15 - [MESSAGE][INFO] - Found 1 web elements with id: 'Object Repository/Popup/Popup' located by 'By.cssSelector: .bootbox-body' in '30' second(s)

2021-11-18 11:13:15 - [MESSAGE][INFO] - Getting text of object 'Object Repository/Popup/Popup'

2021-11-18 11:13:15 - [MESSAGE][PASSED] - Text of object 'Object Repository/Popup/Popup' is: 'FER serisi için onaylanmamış belge(leri)niz bulunmaktadır.
Devam etmek istiyor musunuz?'

2021-11-18 11:13:15 - [TEST_STEP][PASSED] - RaporNo = getText(findTestObject("Popup/Popup")).substring(0, 6): Text of object 'Object Repository/Popup/Popup' is: 'FER serisi için onaylanmamış belge(leri)niz bulunmaktadır.
Devam etmek istiyor musunuz?'

2021-11-18 11:13:15 - [MESSAGE][INFO] - Finding Test Object 'Object Repository/Popup/Popup'

2021-11-18 11:13:15 - [MESSAGE][INFO] - Checking object

2021-11-18 11:13:15 - [MESSAGE][INFO] - Finding web element from Test Object's properties

2021-11-18 11:13:15 - [MESSAGE][INFO] - Checking timeout

2021-11-18 11:13:15 - [MESSAGE][INFO] - Finding web element with id: 'Object Repository/Popup/Popup' located by 'By.cssSelector: .bootbox-body' in '30' second(s)

2021-11-18 11:13:15 - [MESSAGE][INFO] - Smart Wait Function is triggered

2021-11-18 11:13:15 - [MESSAGE][INFO] - Found 1 web elements with id: 'Object Repository/Popup/Popup' located by 'By.cssSelector: .bootbox-body' in '30' second(s)

2021-11-18 11:13:15 - [MESSAGE][INFO] - Getting text of object 'Object Repository/Popup/Popup'

2021-11-18 11:13:15 - [MESSAGE][PASSED] - Text of object 'Object Repository/Popup/Popup' is: 'FER serisi için onaylanmamış belge(leri)niz bulunmaktadır.
Devam etmek istiyor musunuz?'

2021-11-18 11:13:15 - [TEST_STEP][PASSED] - Console.println(RaporNo): null

2021-11-18 11:13:15 - [MESSAGE][PASSED] - Call Test Case 'Test Cases/Popup/PopupMesajiIceriyorMu' successfully

2021-11-18 11:13:15 - [MESSAGE][INFO] - Checking called Test Case

2021-11-18 11:13:15 - [MESSAGE][INFO] - Starting to call Test Case 'Test Cases/Popup/PopupButonSecilir'

2021-11-18 11:13:16 - [TEST_CASE][PASSED] - Test Cases/Popup/PopupButonSecilir: Test Cases/Popup/PopupButonSecilir

2021-11-18 11:13:16 - [TEST_STEP][PASSED] - Method.TextDegerineEsitElementeTikla(findTestObject("Popup/Popup_Butons"), Buton): Method.TextDegerineEsitElementeTikla is PASSED

2021-11-18 11:13:16 - [MESSAGE][INFO] - Finding Test Object 'Object Repository/Popup/Popup_Butons'

2021-11-18 11:13:16 - [MESSAGE][INFO] - Checking timeout

2021-11-18 11:13:16 - [MESSAGE][INFO] - Finding web element with id: 'Object Repository/Popup/Popup_Butons' located by 'By.cssSelector: .modal-footer>button' in '10' second(s)

2021-11-18 11:13:16 - [MESSAGE][INFO] - Smart Wait Function is triggered

2021-11-18 11:13:16 - [MESSAGE][INFO] - Found 2 web elements with id: 'Object Repository/Popup/Popup_Butons' located by 'By.cssSelector: .modal-footer>button' in '10' second(s)

2021-11-18 11:13:16 - [MESSAGE][PASSED] - Method.TextDegerineEsitElementeTikla is PASSED

2021-11-18 11:13:16 - [MESSAGE][PASSED] - Call Test Case 'Test Cases/Popup/PopupButonSecilir' successfully

2021-11-18 11:13:16 - [MESSAGE][INFO] - Checking called Test Case

2021-11-18 11:13:16 - [MESSAGE][INFO] - Starting to call Test Case 'Test Cases/Menu/AnaMenuSecimi'

2021-11-18 11:13:16 - [TEST_CASE][PASSED] - Test Cases/Menu/AnaMenuSecimi: Test Cases/Menu/AnaMenuSecimi

2021-11-18 11:13:16 - [TEST_STEP][PASSED] - Method.TextDegerineEsitElementeTikla(findTestObject("Menu/Ana_Menu"), Ana_Menu): Method.TextDegerineEsitElementeTikla is PASSED

2021-11-18 11:13:16 - [MESSAGE][INFO] - Finding Test Object 'Object Repository/Menu/Ana_Menu'

2021-11-18 11:13:16 - [MESSAGE][INFO] - Checking timeout

2021-11-18 11:13:16 - [MESSAGE][INFO] - Finding web element with id: 'Object Repository/Menu/Ana_Menu' located by 'By.xpath: //*[@class = 'dropdown-toggle']' in '10' second(s)

2021-11-18 11:13:16 - [MESSAGE][INFO] - Smart Wait Function is triggered

2021-11-18 11:13:19 - [MESSAGE][INFO] - Found 14 web elements with id: 'Object Repository/Menu/Ana_Menu' located by 'By.xpath: //*[@class = 'dropdown-toggle']' in '10' second(s)

2021-11-18 11:13:19 - [MESSAGE][PASSED] - Method.TextDegerineEsitElementeTikla is PASSED

2021-11-18 11:13:19 - [MESSAGE][PASSED] - Call Test Case 'Test Cases/Menu/AnaMenuSecimi' successfully

2021-11-18 11:13:19 - [MESSAGE][INFO] - Checking called Test Case

2021-11-18 11:13:19 - [MESSAGE][INFO] - Starting to call Test Case 'Test Cases/Menu/BasligaGoreAltMenuSecimi'

2021-11-18 11:13:19 - [TEST_CASE][PASSED] - Test Cases/Menu/BasligaGoreAltMenuSecimi: Test Cases/Menu/BasligaGoreAltMenuSecimi

2021-11-18 11:13:19 - [TEST_STEP][PASSED] - Method.TextDegerineEsitElementinAltindakiTextDegerineEsitOlanaTikla(findTestObject("Menu/Menu_Basligi"), findTestObject("Menu/Basliga_Gore_Alt_Menu"), Baslik, Alt_Menu): Method.TextDegerineEsitElementinAltindakiTextDegerineEsitOlanaTikla is PASSED

2021-11-18 11:13:19 - [MESSAGE][INFO] - Finding Test Object 'Object Repository/Menu/Menu_Basligi'

2021-11-18 11:13:19 - [MESSAGE][INFO] - Finding Test Object 'Object Repository/Menu/Basliga_Gore_Alt_Menu'

2021-11-18 11:13:19 - [MESSAGE][INFO] - Checking timeout

2021-11-18 11:13:19 - [MESSAGE][INFO] - Finding web element with id: 'Object Repository/Menu/Menu_Basligi' located by 'By.xpath: //li[@class='dropdown dropdown-large open']//li[@class='dropdown-header']' in '10' second(s)

2021-11-18 11:13:19 - [MESSAGE][INFO] - Smart Wait Function is triggered

2021-11-18 11:13:19 - [MESSAGE][INFO] - Found 3 web elements with id: 'Object Repository/Menu/Menu_Basligi' located by 'By.xpath: //li[@class='dropdown dropdown-large open']//li[@class='dropdown-header']' in '10' second(s)

2021-11-18 11:13:19 - [MESSAGE][INFO] - Smart Wait Function is triggered

2021-11-18 11:13:25 - [MESSAGE][PASSED] - Method.TextDegerineEsitElementinAltindakiTextDegerineEsitOlanaTikla is PASSED

2021-11-18 11:13:25 - [MESSAGE][PASSED] - Call Test Case 'Test Cases/Menu/BasligaGoreAltMenuSecimi' successfully

2021-11-18 11:13:25 - [MESSAGE][INFO] - Checking called Test Case

2021-11-18 11:13:25 - [MESSAGE][INFO] - Starting to call Test Case 'Test Cases/Filtreler/IrsaliyeEttnYaz'

2021-11-18 11:13:25 - [TEST_CASE][PASSED] - Test Cases/Filtreler/IrsaliyeEttnYaz: Test Cases/Filtreler/IrsaliyeEttnYaz

2021-11-18 11:13:26 - [TEST_STEP][PASSED] - Method.TextDegerineEsitElementinAltindakiTextboxtaYaz(findTestObject("Filtreler/Basliklar"), findTestObject("Filtreler/Basliga_Gore_Textbox"), "ETTN", IrsaliyeEttn): Method.TextDegerineEsitElementinAltindakiTextboxtaYaz is PASSED

2021-11-18 11:13:26 - [MESSAGE][INFO] - Finding Test Object 'Object Repository/Filtreler/Basliklar'

2021-11-18 11:13:26 - [MESSAGE][INFO] - Finding Test Object 'Object Repository/Filtreler/Basliga_Gore_Textbox'

2021-11-18 11:13:26 - [MESSAGE][INFO] - Checking timeout

2021-11-18 11:13:26 - [MESSAGE][INFO] - Finding web element with id: 'Object Repository/Filtreler/Basliklar' located by 'By.cssSelector: .control-label.col-sm-4.paddingMarginRLC' in '10' second(s)

2021-11-18 11:13:26 - [MESSAGE][INFO] - Smart Wait Function is triggered

2021-11-18 11:13:26 - [MESSAGE][INFO] - Found 18 web elements with id: 'Object Repository/Filtreler/Basliklar' located by 'By.cssSelector: .control-label.col-sm-4.paddingMarginRLC' in '10' second(s)

2021-11-18 11:13:27 - [MESSAGE][INFO] - Smart Wait Function is triggered

2021-11-18 11:13:27 - [MESSAGE][PASSED] - Method.TextDegerineEsitElementinAltindakiTextboxtaYaz is PASSED

2021-11-18 11:13:27 - [MESSAGE][PASSED] - Call Test Case 'Test Cases/Filtreler/IrsaliyeEttnYaz' successfully

2021-11-18 11:13:27 - [MESSAGE][INFO] - Checking called Test Case

2021-11-18 11:13:27 - [MESSAGE][INFO] - Starting to call Test Case 'Test Cases/Filtreler/ButonaTikla'

2021-11-18 11:13:28 - [TEST_CASE][PASSED] - Test Cases/Filtreler/ButonaTikla: Test Cases/Filtreler/ButonaTikla

2021-11-18 11:13:28 - [TEST_STEP][PASSED] - Method.TextDegerineEsitElementeTikla(findTestObject("Filtreler/Butonlar"), Filtre_Buton): Method.TextDegerineEsitElementeTikla is PASSED

2021-11-18 11:13:28 - [MESSAGE][INFO] - Finding Test Object 'Object Repository/Filtreler/Butonlar'

2021-11-18 11:13:28 - [MESSAGE][INFO] - Checking timeout

2021-11-18 11:13:28 - [MESSAGE][INFO] - Finding web element with id: 'Object Repository/Filtreler/Butonlar' located by 'By.cssSelector: .dxb>span' in '10' second(s)

2021-11-18 11:13:28 - [MESSAGE][INFO] - Smart Wait Function is triggered

2021-11-18 11:13:29 - [MESSAGE][INFO] - Found 3 web elements with id: 'Object Repository/Filtreler/Butonlar' located by 'By.cssSelector: .dxb>span' in '10' second(s)

2021-11-18 11:13:29 - [MESSAGE][PASSED] - Method.TextDegerineEsitElementeTikla is PASSED

2021-11-18 11:13:29 - [MESSAGE][PASSED] - Call Test Case 'Test Cases/Filtreler/ButonaTikla' successfully

2021-11-18 11:13:29 - [MESSAGE][INFO] - Checking called Test Case

2021-11-18 11:13:29 - [MESSAGE][INFO] - Starting to call Test Case 'Test Cases/Tablo/TablodaVeriVarMi'

2021-11-18 11:13:29 - [TEST_CASE][PASSED] - Test Cases/Tablo/TablodaVeriVarMi: Test Cases/Tablo/TablodaVeriVarMi

2021-11-18 11:13:30 - [TEST_STEP][PASSED] - verifyTextNotPresent("Görüntülenecek veri yok", true): Text 'Görüntülenecek veri yok' is not present on page using regular expression

2021-11-18 11:13:30 - [MESSAGE][INFO] - Checking text present  using regular expression

2021-11-18 11:13:30 - [MESSAGE][INFO] - Smart Wait Function is triggered

2021-11-18 11:13:31 - [MESSAGE][INFO] - Finding text 'Görüntülenecek veri yok' on page  using regular expression

2021-11-18 11:13:31 - [MESSAGE][PASSED] - Text 'Görüntülenecek veri yok' is not present on page using regular expression

2021-11-18 11:13:31 - [MESSAGE][PASSED] - Call Test Case 'Test Cases/Tablo/TablodaVeriVarMi' successfully

2021-11-18 11:13:31 - [MESSAGE][INFO] - Checking called Test Case

2021-11-18 11:13:31 - [MESSAGE][INFO] - Starting to call Test Case 'Test Cases/Tablo/TablodaVeriBasariliMiIrsaliye'

2021-11-18 11:13:31 - [TEST_CASE][ERROR] - Test Cases/Tablo/TablodaVeriBasariliMiIrsaliye: Test Cases/Tablo/TablodaVeriBasariliMiIrsaliye FAILED.
Reason:
org.openqa.selenium.NoSuchSessionException: Session ID is null. Using WebDriver after calling quit()?
Build info: version: '3.141.59', revision: 'e82be7d358', time: '2018-11-14T08:25:53'
System info: host: 'DESKTOP-QBVMTUG', ip: '192.168.1.24', os.name: 'Windows 10', os.arch: 'amd64', os.version: '10.0', java.version: '1.8.0_282'
Driver info: driver.version: RemoteWebDriver
	at org.openqa.selenium.remote.HttpCommandExecutor.execute(HttpCommandExecutor.java:125)
	at org.openqa.selenium.remote.service.DriverCommandExecutor.execute(DriverCommandExecutor.java:83)
	at org.openqa.selenium.remote.RemoteWebDriver.execute(RemoteWebDriver.java:552)
	at com.kms.katalon.selenium.driver.CChromeDriver.execute(CChromeDriver.java:19)
	at org.openqa.selenium.remote.RemoteWebDriver.findElements(RemoteWebDriver.java:353)
	at org.openqa.selenium.remote.RemoteWebDriver.findElementsByXPath(RemoteWebDriver.java:432)
	at org.openqa.selenium.By$ByXPath.findElements(By.java:348)
	at org.openqa.selenium.remote.RemoteWebDriver.findElements(RemoteWebDriver.java:311)
	at com.kms.katalon.core.webui.common.WebUiCommonHelper.findElementByNormalMethods(WebUiCommonHelper.java:1014)
	at com.kms.katalon.core.webui.common.WebUiCommonHelper.findElementsBySelectedMethod(WebUiCommonHelper.java:903)
	at com.kms.katalon.core.webui.common.WebUiCommonHelper.findElementsBySelectedMethod(WebUiCommonHelper.java:892)
	at com.kms.katalon.core.webui.common.WebUiCommonHelper.findElementsBySelectedMethod(WebUiCommonHelper.java:887)
	at com.kms.katalon.core.webui.common.WebUiCommonHelper.findElementsByDefault(WebUiCommonHelper.java:883)
	at com.kms.katalon.core.webui.common.WebUiCommonHelper.findWebElements(WebUiCommonHelper.java:720)
	at com.kms.katalon.core.webui.keyword.internal.WebUIAbstractKeyword.findWebElements(WebUIAbstractKeyword.groovy:32)
	at com.kms.katalon.core.webui.keyword.WebUiBuiltInKeywords.findWebElements(WebUiBuiltInKeywords.groovy:2860)
	at com.kms.katalon.core.webui.keyword.WebUiBuiltInKeywords$findWebElements$7.call(Unknown Source)
	at Method.TextDegerineEsitElementVarMi(Method.groovy:270)
	at Method.invokeMethod(Method.groovy)
	at com.kms.katalon.core.main.CustomKeywordDelegatingMetaClass.invokeStaticMethod(CustomKeywordDelegatingMetaClass.java:50)
	at TablodaVeriBasariliMiIrsaliye.run(TablodaVeriBasariliMiIrsaliye:35)
	at com.kms.katalon.core.main.ScriptEngine.run(ScriptEngine.java:194)
	at com.kms.katalon.core.main.ScriptEngine.runScriptAsRawText(ScriptEngine.java:119)
	at com.kms.katalon.core.main.TestCaseExecutor.runScript(TestCaseExecutor.java:369)
	at com.kms.katalon.core.main.TestCaseExecutor.doExecute(TestCaseExecutor.java:360)
	at com.kms.katalon.core.main.TestCaseExecutor.processExecutionPhase(TestCaseExecutor.java:339)
	at com.kms.katalon.core.main.TestCaseExecutor.accessMainPhase(TestCaseExecutor.java:331)
	at com.kms.katalon.core.main.TestCaseExecutor.execute(TestCaseExecutor.java:248)
	at com.kms.katalon.core.main.TestCaseMain.runTestCase(TestCaseMain.java:138)
	at com.kms.katalon.core.keyword.builtin.CallTestCaseKeyword$_callTestCase_closure1.doCall(CallTestCaseKeyword.groovy:59)
	at com.kms.katalon.core.keyword.builtin.CallTestCaseKeyword$_callTestCase_closure1.call(CallTestCaseKeyword.groovy)
	at com.kms.katalon.core.keyword.internal.KeywordMain.runKeyword(KeywordMain.groovy:68)
	at com.kms.katalon.core.keyword.builtin.CallTestCaseKeyword.callTestCase(CallTestCaseKeyword.groovy:81)
	at com.kms.katalon.core.keyword.builtin.CallTestCaseKeyword.execute(CallTestCaseKeyword.groovy:44)
	at com.kms.katalon.core.keyword.internal.KeywordExecutor.executeKeywordForPlatform(KeywordExecutor.groovy:73)
	at com.kms.katalon.core.keyword.BuiltinKeywords.callTestCase(BuiltinKeywords.groovy:334)
	at tablo.tablo.tablodaVeriBasariliMiIrsaliye(tablo.groovy:85)
	at cucumber.runtime.Utils$1.call(Utils.java:26)
	at cucumber.runtime.Timeout.timeout(Timeout.java:16)
	at cucumber.runtime.Utils.invoke(Utils.java:20)
	at cucumber.runtime.java.JavaStepDefinition.execute(JavaStepDefinition.java:49)
	at cucumber.runner.PickleStepDefinitionMatch.runStep(PickleStepDefinitionMatch.java:50)
	at cucumber.runner.TestStep.executeStep(TestStep.java:63)
	at cucumber.runner.TestStep.run(TestStep.java:49)
	at cucumber.runner.PickleStepTestStep.run(PickleStepTestStep.java:43)
	at cucumber.runner.TestCase.run(TestCase.java:44)
	at cucumber.runner.Runner.runPickle(Runner.java:40)
	at cucumber.runtime.Runtime$1.run(Runtime.java:84)
	at cucumber.runtime.Runtime$SameThreadExecutorService.execute(Runtime.java:220)
	at cucumber.runtime.Runtime.run(Runtime.java:81)
	at cucumber.api.cli.Main.run(Main.java:26)
	at cucumber.api.cli.Main$run.call(Unknown Source)
	at com.kms.katalon.core.cucumber.keyword.CucumberBuiltinKeywords$_runFeatureFile_closure1.doCall(CucumberBuiltinKeywords.groovy:106)
	at com.kms.katalon.core.cucumber.keyword.CucumberBuiltinKeywords$_runFeatureFile_closure1.doCall(CucumberBuiltinKeywords.groovy)
	at com.kms.katalon.core.keyword.internal.KeywordMain.runKeyword(KeywordMain.groovy:68)
	at com.kms.katalon.core.keyword.internal.KeywordMain$runKeyword.call(Unknown Source)
	at com.kms.katalon.core.cucumber.keyword.CucumberBuiltinKeywords.runFeatureFile(CucumberBuiltinKeywords.groovy:73)
	at com.kms.katalon.core.cucumber.keyword.CucumberBuiltinKeywords$runFeatureFile$0.callStatic(Unknown Source)
	at com.kms.katalon.core.cucumber.keyword.CucumberBuiltinKeywords.runFeatureFile(CucumberBuiltinKeywords.groovy:246)
	at com.kms.katalon.core.cucumber.keyword.CucumberBuiltinKeywords$runFeatureFile.call(Unknown Source)
	at TCKN-Temel Irsaliye-Sevk Tipinde.run(TCKN-Temel Irsaliye-Sevk Tipinde:17)
	at com.kms.katalon.core.main.ScriptEngine.run(ScriptEngine.java:194)
	at com.kms.katalon.core.main.ScriptEngine.runScriptAsRawText(ScriptEngine.java:119)
	at com.kms.katalon.core.main.TestCaseExecutor.runScript(TestCaseExecutor.java:369)
	at com.kms.katalon.core.main.TestCaseExecutor.doExecute(TestCaseExecutor.java:360)
	at com.kms.katalon.core.main.TestCaseExecutor.processExecutionPhase(TestCaseExecutor.java:339)
	at com.kms.katalon.core.main.TestCaseExecutor.accessMainPhase(TestCaseExecutor.java:331)
	at com.kms.katalon.core.main.TestCaseExecutor.execute(TestCaseExecutor.java:248)
	at com.kms.katalon.core.main.TestSuiteExecutor.accessTestCaseMainPhase(TestSuiteExecutor.java:191)
	at com.kms.katalon.core.main.TestSuiteExecutor.accessTestSuiteMainPhase(TestSuiteExecutor.java:140)
	at com.kms.katalon.core.main.TestSuiteExecutor.execute(TestSuiteExecutor.java:89)
	at com.kms.katalon.core.main.TestCaseMain.startTestSuite(TestCaseMain.java:181)
	at com.kms.katalon.core.main.TestCaseMain$startTestSuite$0.call(Unknown Source)
	at TempTestSuite1637222960690.run(TempTestSuite1637222960690.groovy:39)


2021-11-18 11:13:32 - [TEST_STEP][PASSED] - sayac = 80: null

2021-11-18 11:13:32 - [TEST_STEP][PASSED] - while (verifyElementText(findTestObject("Tablo/DurumBilgisiIrsaliye"), "Henüz Sonuçlanmadı", OPTIONAL)): null

2021-11-18 11:13:32 - [MESSAGE][INFO] - Finding Test Object 'Object Repository/Tablo/DurumBilgisiIrsaliye'

2021-11-18 11:13:32 - [MESSAGE][INFO] - Checking object

2021-11-18 11:13:32 - [MESSAGE][INFO] - Finding web element from Test Object's properties

2021-11-18 11:13:32 - [MESSAGE][INFO] - Checking timeout

2021-11-18 11:13:32 - [MESSAGE][INFO] - Finding web element with id: 'Object Repository/Tablo/DurumBilgisiIrsaliye' located by 'By.xpath: //*[@id = 'GridViewDespatchAdvice_tccell0_6']' in '30' second(s)

2021-11-18 11:13:32 - [MESSAGE][INFO] - Smart Wait Function is triggered

2021-11-18 11:13:32 - [MESSAGE][INFO] - Found 1 web elements with id: 'Object Repository/Tablo/DurumBilgisiIrsaliye' located by 'By.xpath: //*[@id = 'GridViewDespatchAdvice_tccell0_6']' in '30' second(s)

2021-11-18 11:13:32 - [MESSAGE][PASSED] - Actual text and expected text of test object 'Object Repository/Tablo/DurumBilgisiIrsaliye' are matched.

2021-11-18 11:13:32 - [TEST_STEP][PASSED] - Method.TextDegerineEsitElementeTikla(findTestObject("Filtreler/Butonlar"), "Listele"): Method.TextDegerineEsitElementeTikla is PASSED

2021-11-18 11:13:32 - [MESSAGE][INFO] - Finding Test Object 'Object Repository/Filtreler/Butonlar'

2021-11-18 11:13:32 - [MESSAGE][INFO] - Checking timeout

2021-11-18 11:13:32 - [MESSAGE][INFO] - Finding web element with id: 'Object Repository/Filtreler/Butonlar' located by 'By.cssSelector: .dxb>span' in '10' second(s)

2021-11-18 11:13:32 - [MESSAGE][INFO] - Smart Wait Function is triggered

2021-11-18 11:13:32 - [MESSAGE][INFO] - Found 3 web elements with id: 'Object Repository/Filtreler/Butonlar' located by 'By.cssSelector: .dxb>span' in '10' second(s)

2021-11-18 11:13:33 - [MESSAGE][PASSED] - Method.TextDegerineEsitElementeTikla is PASSED

2021-11-18 11:13:33 - [TEST_STEP][PASSED] - sayac = sayac - 1: null

2021-11-18 11:13:33 - [TEST_STEP][PASSED] - Console.println(sayac): null

2021-11-18 11:13:33 - [TEST_STEP][PASSED] - if (sayac == 0): Actual text and expected text of test object 'Object Repository/Tablo/DurumBilgisiIrsaliye' are matched.

2021-11-18 11:13:33 - [MESSAGE][INFO] - Finding Test Object 'Object Repository/Tablo/DurumBilgisiIrsaliye'

2021-11-18 11:13:33 - [MESSAGE][INFO] - Checking object

2021-11-18 11:13:33 - [MESSAGE][INFO] - Finding web element from Test Object's properties

2021-11-18 11:13:33 - [MESSAGE][INFO] - Checking timeout

2021-11-18 11:13:33 - [MESSAGE][INFO] - Finding web element with id: 'Object Repository/Tablo/DurumBilgisiIrsaliye' located by 'By.xpath: //*[@id = 'GridViewDespatchAdvice_tccell0_6']' in '30' second(s)

2021-11-18 11:13:33 - [MESSAGE][INFO] - Smart Wait Function is triggered

2021-11-18 11:13:33 - [MESSAGE][INFO] - Found 1 web elements with id: 'Object Repository/Tablo/DurumBilgisiIrsaliye' located by 'By.xpath: //*[@id = 'GridViewDespatchAdvice_tccell0_6']' in '30' second(s)

2021-11-18 11:13:33 - [MESSAGE][PASSED] - Actual text and expected text of test object 'Object Repository/Tablo/DurumBilgisiIrsaliye' are matched.

2021-11-18 11:13:33 - [TEST_STEP][PASSED] - Method.TextDegerineEsitElementeTikla(findTestObject("Filtreler/Butonlar"), "Listele"): Method.TextDegerineEsitElementeTikla is PASSED

2021-11-18 11:13:33 - [MESSAGE][INFO] - Finding Test Object 'Object Repository/Filtreler/Butonlar'

2021-11-18 11:13:33 - [MESSAGE][INFO] - Checking timeout

2021-11-18 11:13:33 - [MESSAGE][INFO] - Finding web element with id: 'Object Repository/Filtreler/Butonlar' located by 'By.cssSelector: .dxb>span' in '10' second(s)

2021-11-18 11:13:33 - [MESSAGE][INFO] - Smart Wait Function is triggered

2021-11-18 11:13:34 - [MESSAGE][INFO] - Found 3 web elements with id: 'Object Repository/Filtreler/Butonlar' located by 'By.cssSelector: .dxb>span' in '10' second(s)

2021-11-18 11:13:34 - [MESSAGE][PASSED] - Method.TextDegerineEsitElementeTikla is PASSED

2021-11-18 11:13:34 - [TEST_STEP][PASSED] - sayac = sayac - 1: null

2021-11-18 11:13:34 - [TEST_STEP][PASSED] - Console.println(sayac): null

2021-11-18 11:13:34 - [TEST_STEP][PASSED] - if (sayac == 0): Actual text and expected text of test object 'Object Repository/Tablo/DurumBilgisiIrsaliye' are matched.

2021-11-18 11:13:34 - [MESSAGE][INFO] - Finding Test Object 'Object Repository/Tablo/DurumBilgisiIrsaliye'

2021-11-18 11:13:34 - [MESSAGE][INFO] - Checking object

2021-11-18 11:13:34 - [MESSAGE][INFO] - Finding web element from Test Object's properties

2021-11-18 11:13:34 - [MESSAGE][INFO] - Checking timeout

2021-11-18 11:13:34 - [MESSAGE][INFO] - Finding web element with id: 'Object Repository/Tablo/DurumBilgisiIrsaliye' located by 'By.xpath: //*[@id = 'GridViewDespatchAdvice_tccell0_6']' in '30' second(s)

2021-11-18 11:13:34 - [MESSAGE][INFO] - Smart Wait Function is triggered

2021-11-18 11:13:34 - [MESSAGE][INFO] - Found 1 web elements with id: 'Object Repository/Tablo/DurumBilgisiIrsaliye' located by 'By.xpath: //*[@id = 'GridViewDespatchAdvice_tccell0_6']' in '30' second(s)

2021-11-18 11:13:34 - [MESSAGE][PASSED] - Actual text and expected text of test object 'Object Repository/Tablo/DurumBilgisiIrsaliye' are matched.

2021-11-18 11:13:34 - [TEST_STEP][PASSED] - Method.TextDegerineEsitElementeTikla(findTestObject("Filtreler/Butonlar"), "Listele"): Method.TextDegerineEsitElementeTikla is PASSED

2021-11-18 11:13:34 - [MESSAGE][INFO] - Finding Test Object 'Object Repository/Filtreler/Butonlar'

2021-11-18 11:13:35 - [MESSAGE][INFO] - Checking timeout

2021-11-18 11:13:35 - [MESSAGE][INFO] - Finding web element with id: 'Object Repository/Filtreler/Butonlar' located by 'By.cssSelector: .dxb>span' in '10' second(s)

2021-11-18 11:13:35 - [MESSAGE][INFO] - Smart Wait Function is triggered

2021-11-18 11:13:35 - [MESSAGE][INFO] - Found 3 web elements with id: 'Object Repository/Filtreler/Butonlar' located by 'By.cssSelector: .dxb>span' in '10' second(s)

2021-11-18 11:13:35 - [MESSAGE][PASSED] - Method.TextDegerineEsitElementeTikla is PASSED

2021-11-18 11:13:35 - [TEST_STEP][PASSED] - sayac = sayac - 1: null

2021-11-18 11:13:35 - [TEST_STEP][PASSED] - Console.println(sayac): null

2021-11-18 11:13:35 - [TEST_STEP][PASSED] - if (sayac == 0): Actual text and expected text of test object 'Object Repository/Tablo/DurumBilgisiIrsaliye' are matched.

2021-11-18 11:13:35 - [MESSAGE][INFO] - Finding Test Object 'Object Repository/Tablo/DurumBilgisiIrsaliye'

2021-11-18 11:13:35 - [MESSAGE][INFO] - Checking object

2021-11-18 11:13:35 - [MESSAGE][INFO] - Finding web element from Test Object's properties

2021-11-18 11:13:35 - [MESSAGE][INFO] - Checking timeout

2021-11-18 11:13:35 - [MESSAGE][INFO] - Finding web element with id: 'Object Repository/Tablo/DurumBilgisiIrsaliye' located by 'By.xpath: //*[@id = 'GridViewDespatchAdvice_tccell0_6']' in '30' second(s)

2021-11-18 11:13:35 - [MESSAGE][INFO] - Smart Wait Function is triggered

2021-11-18 11:13:36 - [MESSAGE][INFO] - Found 1 web elements with id: 'Object Repository/Tablo/DurumBilgisiIrsaliye' located by 'By.xpath: //*[@id = 'GridViewDespatchAdvice_tccell0_6']' in '30' second(s)

2021-11-18 11:13:36 - [MESSAGE][PASSED] - Actual text and expected text of test object 'Object Repository/Tablo/DurumBilgisiIrsaliye' are matched.

2021-11-18 11:13:36 - [TEST_STEP][PASSED] - Method.TextDegerineEsitElementeTikla(findTestObject("Filtreler/Butonlar"), "Listele"): Method.TextDegerineEsitElementeTikla is PASSED

2021-11-18 11:13:36 - [MESSAGE][INFO] - Finding Test Object 'Object Repository/Filtreler/Butonlar'

2021-11-18 11:13:36 - [MESSAGE][INFO] - Checking timeout

2021-11-18 11:13:36 - [MESSAGE][INFO] - Finding web element with id: 'Object Repository/Filtreler/Butonlar' located by 'By.cssSelector: .dxb>span' in '10' second(s)

2021-11-18 11:13:36 - [MESSAGE][INFO] - Smart Wait Function is triggered

2021-11-18 11:13:36 - [MESSAGE][INFO] - Found 3 web elements with id: 'Object Repository/Filtreler/Butonlar' located by 'By.cssSelector: .dxb>span' in '10' second(s)

2021-11-18 11:13:36 - [MESSAGE][PASSED] - Method.TextDegerineEsitElementeTikla is PASSED

2021-11-18 11:13:36 - [TEST_STEP][PASSED] - sayac = sayac - 1: null

2021-11-18 11:13:36 - [TEST_STEP][PASSED] - Console.println(sayac): null

2021-11-18 11:13:36 - [TEST_STEP][PASSED] - if (sayac == 0): Actual text and expected text of test object 'Object Repository/Tablo/DurumBilgisiIrsaliye' are matched.

2021-11-18 11:13:36 - [MESSAGE][INFO] - Finding Test Object 'Object Repository/Tablo/DurumBilgisiIrsaliye'

2021-11-18 11:13:36 - [MESSAGE][INFO] - Checking object

2021-11-18 11:13:36 - [MESSAGE][INFO] - Finding web element from Test Object's properties

2021-11-18 11:13:36 - [MESSAGE][INFO] - Checking timeout

2021-11-18 11:13:36 - [MESSAGE][INFO] - Finding web element with id: 'Object Repository/Tablo/DurumBilgisiIrsaliye' located by 'By.xpath: //*[@id = 'GridViewDespatchAdvice_tccell0_6']' in '30' second(s)

2021-11-18 11:13:36 - [MESSAGE][INFO] - Smart Wait Function is triggered

2021-11-18 11:13:37 - [MESSAGE][INFO] - Found 1 web elements with id: 'Object Repository/Tablo/DurumBilgisiIrsaliye' located by 'By.xpath: //*[@id = 'GridViewDespatchAdvice_tccell0_6']' in '30' second(s)

2021-11-18 11:13:37 - [MESSAGE][PASSED] - Actual text and expected text of test object 'Object Repository/Tablo/DurumBilgisiIrsaliye' are matched.

2021-11-18 11:13:37 - [TEST_STEP][PASSED] - Method.TextDegerineEsitElementeTikla(findTestObject("Filtreler/Butonlar"), "Listele"): Method.TextDegerineEsitElementeTikla is PASSED

2021-11-18 11:13:37 - [MESSAGE][INFO] - Finding Test Object 'Object Repository/Filtreler/Butonlar'

2021-11-18 11:13:37 - [MESSAGE][INFO] - Checking timeout

2021-11-18 11:13:37 - [MESSAGE][INFO] - Finding web element with id: 'Object Repository/Filtreler/Butonlar' located by 'By.cssSelector: .dxb>span' in '10' second(s)

2021-11-18 11:13:37 - [MESSAGE][INFO] - Smart Wait Function is triggered

2021-11-18 11:13:37 - [MESSAGE][INFO] - Found 3 web elements with id: 'Object Repository/Filtreler/Butonlar' located by 'By.cssSelector: .dxb>span' in '10' second(s)

2021-11-18 11:13:37 - [MESSAGE][PASSED] - Method.TextDegerineEsitElementeTikla is PASSED

2021-11-18 11:13:37 - [TEST_STEP][PASSED] - sayac = sayac - 1: null

2021-11-18 11:13:37 - [TEST_STEP][PASSED] - Console.println(sayac): null

2021-11-18 11:13:37 - [TEST_STEP][PASSED] - if (sayac == 0): Actual text and expected text of test object 'Object Repository/Tablo/DurumBilgisiIrsaliye' are matched.

2021-11-18 11:13:37 - [MESSAGE][INFO] - Finding Test Object 'Object Repository/Tablo/DurumBilgisiIrsaliye'

2021-11-18 11:13:37 - [MESSAGE][INFO] - Checking object

2021-11-18 11:13:37 - [MESSAGE][INFO] - Finding web element from Test Object's properties

2021-11-18 11:13:37 - [MESSAGE][INFO] - Checking timeout

2021-11-18 11:13:37 - [MESSAGE][INFO] - Finding web element with id: 'Object Repository/Tablo/DurumBilgisiIrsaliye' located by 'By.xpath: //*[@id = 'GridViewDespatchAdvice_tccell0_6']' in '30' second(s)

2021-11-18 11:13:37 - [MESSAGE][INFO] - Smart Wait Function is triggered

2021-11-18 11:13:38 - [MESSAGE][INFO] - Found 1 web elements with id: 'Object Repository/Tablo/DurumBilgisiIrsaliye' located by 'By.xpath: //*[@id = 'GridViewDespatchAdvice_tccell0_6']' in '30' second(s)

2021-11-18 11:13:38 - [MESSAGE][PASSED] - Actual text and expected text of test object 'Object Repository/Tablo/DurumBilgisiIrsaliye' are matched.

2021-11-18 11:13:38 - [TEST_STEP][PASSED] - Method.TextDegerineEsitElementeTikla(findTestObject("Filtreler/Butonlar"), "Listele"): Method.TextDegerineEsitElementeTikla is PASSED

2021-11-18 11:13:38 - [MESSAGE][INFO] - Finding Test Object 'Object Repository/Filtreler/Butonlar'

2021-11-18 11:13:38 - [MESSAGE][INFO] - Checking timeout

2021-11-18 11:13:38 - [MESSAGE][INFO] - Finding web element with id: 'Object Repository/Filtreler/Butonlar' located by 'By.cssSelector: .dxb>span' in '10' second(s)

2021-11-18 11:13:38 - [MESSAGE][INFO] - Smart Wait Function is triggered

2021-11-18 11:13:38 - [MESSAGE][INFO] - Found 3 web elements with id: 'Object Repository/Filtreler/Butonlar' located by 'By.cssSelector: .dxb>span' in '10' second(s)

2021-11-18 11:13:38 - [MESSAGE][PASSED] - Method.TextDegerineEsitElementeTikla is PASSED

2021-11-18 11:13:38 - [TEST_STEP][PASSED] - sayac = sayac - 1: null

2021-11-18 11:13:38 - [TEST_STEP][PASSED] - Console.println(sayac): null

2021-11-18 11:13:38 - [TEST_STEP][PASSED] - if (sayac == 0): Actual text and expected text of test object 'Object Repository/Tablo/DurumBilgisiIrsaliye' are matched.

2021-11-18 11:13:38 - [MESSAGE][INFO] - Finding Test Object 'Object Repository/Tablo/DurumBilgisiIrsaliye'

2021-11-18 11:13:39 - [MESSAGE][INFO] - Checking object

2021-11-18 11:13:39 - [MESSAGE][INFO] - Finding web element from Test Object's properties

2021-11-18 11:13:39 - [MESSAGE][INFO] - Checking timeout

2021-11-18 11:13:39 - [MESSAGE][INFO] - Finding web element with id: 'Object Repository/Tablo/DurumBilgisiIrsaliye' located by 'By.xpath: //*[@id = 'GridViewDespatchAdvice_tccell0_6']' in '30' second(s)

2021-11-18 11:13:39 - [MESSAGE][INFO] - Smart Wait Function is triggered

2021-11-18 11:13:39 - [MESSAGE][INFO] - Found 1 web elements with id: 'Object Repository/Tablo/DurumBilgisiIrsaliye' located by 'By.xpath: //*[@id = 'GridViewDespatchAdvice_tccell0_6']' in '30' second(s)

2021-11-18 11:13:39 - [MESSAGE][PASSED] - Actual text and expected text of test object 'Object Repository/Tablo/DurumBilgisiIrsaliye' are matched.

2021-11-18 11:13:39 - [TEST_STEP][PASSED] - Method.TextDegerineEsitElementeTikla(findTestObject("Filtreler/Butonlar"), "Listele"): Method.TextDegerineEsitElementeTikla is PASSED

2021-11-18 11:13:39 - [MESSAGE][INFO] - Finding Test Object 'Object Repository/Filtreler/Butonlar'

2021-11-18 11:13:39 - [MESSAGE][INFO] - Checking timeout

2021-11-18 11:13:39 - [MESSAGE][INFO] - Finding web element with id: 'Object Repository/Filtreler/Butonlar' located by 'By.cssSelector: .dxb>span' in '10' second(s)

2021-11-18 11:13:39 - [MESSAGE][INFO] - Smart Wait Function is triggered

2021-11-18 11:13:39 - [MESSAGE][INFO] - Found 3 web elements with id: 'Object Repository/Filtreler/Butonlar' located by 'By.cssSelector: .dxb>span' in '10' second(s)

2021-11-18 11:13:39 - [MESSAGE][PASSED] - Method.TextDegerineEsitElementeTikla is PASSED

2021-11-18 11:13:39 - [TEST_STEP][PASSED] - sayac = sayac - 1: null

2021-11-18 11:13:39 - [TEST_STEP][PASSED] - Console.println(sayac): null

2021-11-18 11:13:39 - [TEST_STEP][PASSED] - if (sayac == 0): Actual text and expected text of test object 'Object Repository/Tablo/DurumBilgisiIrsaliye' are matched.

2021-11-18 11:13:39 - [MESSAGE][INFO] - Finding Test Object 'Object Repository/Tablo/DurumBilgisiIrsaliye'

2021-11-18 11:13:40 - [MESSAGE][INFO] - Checking object

2021-11-18 11:13:40 - [MESSAGE][INFO] - Finding web element from Test Object's properties

2021-11-18 11:13:40 - [MESSAGE][INFO] - Checking timeout

2021-11-18 11:13:40 - [MESSAGE][INFO] - Finding web element with id: 'Object Repository/Tablo/DurumBilgisiIrsaliye' located by 'By.xpath: //*[@id = 'GridViewDespatchAdvice_tccell0_6']' in '30' second(s)

2021-11-18 11:13:40 - [MESSAGE][INFO] - Smart Wait Function is triggered

2021-11-18 11:13:40 - [MESSAGE][INFO] - Found 1 web elements with id: 'Object Repository/Tablo/DurumBilgisiIrsaliye' located by 'By.xpath: //*[@id = 'GridViewDespatchAdvice_tccell0_6']' in '30' second(s)

2021-11-18 11:13:40 - [MESSAGE][PASSED] - Actual text and expected text of test object 'Object Repository/Tablo/DurumBilgisiIrsaliye' are matched.

2021-11-18 11:13:40 - [TEST_STEP][PASSED] - Method.TextDegerineEsitElementeTikla(findTestObject("Filtreler/Butonlar"), "Listele"): Method.TextDegerineEsitElementeTikla is PASSED

2021-11-18 11:13:40 - [MESSAGE][INFO] - Finding Test Object 'Object Repository/Filtreler/Butonlar'

2021-11-18 11:13:40 - [MESSAGE][INFO] - Checking timeout

2021-11-18 11:13:40 - [MESSAGE][INFO] - Finding web element with id: 'Object Repository/Filtreler/Butonlar' located by 'By.cssSelector: .dxb>span' in '10' second(s)

2021-11-18 11:13:40 - [MESSAGE][INFO] - Smart Wait Function is triggered

2021-11-18 11:13:40 - [MESSAGE][INFO] - Found 3 web elements with id: 'Object Repository/Filtreler/Butonlar' located by 'By.cssSelector: .dxb>span' in '10' second(s)

2021-11-18 11:13:40 - [MESSAGE][PASSED] - Method.TextDegerineEsitElementeTikla is PASSED

2021-11-18 11:13:40 - [TEST_STEP][PASSED] - sayac = sayac - 1: null

2021-11-18 11:13:40 - [TEST_STEP][PASSED] - Console.println(sayac): null

2021-11-18 11:13:40 - [TEST_STEP][PASSED] - if (sayac == 0): Actual text and expected text of test object 'Object Repository/Tablo/DurumBilgisiIrsaliye' are matched.

2021-11-18 11:13:40 - [MESSAGE][INFO] - Finding Test Object 'Object Repository/Tablo/DurumBilgisiIrsaliye'

2021-11-18 11:13:41 - [MESSAGE][INFO] - Checking object

2021-11-18 11:13:41 - [MESSAGE][INFO] - Finding web element from Test Object's properties

2021-11-18 11:13:41 - [MESSAGE][INFO] - Checking timeout

2021-11-18 11:13:41 - [MESSAGE][INFO] - Finding web element with id: 'Object Repository/Tablo/DurumBilgisiIrsaliye' located by 'By.xpath: //*[@id = 'GridViewDespatchAdvice_tccell0_6']' in '30' second(s)

2021-11-18 11:13:41 - [MESSAGE][INFO] - Smart Wait Function is triggered

2021-11-18 11:13:41 - [MESSAGE][INFO] - Found 1 web elements with id: 'Object Repository/Tablo/DurumBilgisiIrsaliye' located by 'By.xpath: //*[@id = 'GridViewDespatchAdvice_tccell0_6']' in '30' second(s)

2021-11-18 11:13:41 - [MESSAGE][PASSED] - Actual text and expected text of test object 'Object Repository/Tablo/DurumBilgisiIrsaliye' are matched.

2021-11-18 11:13:41 - [TEST_STEP][PASSED] - Method.TextDegerineEsitElementeTikla(findTestObject("Filtreler/Butonlar"), "Listele"): Method.TextDegerineEsitElementeTikla is PASSED

2021-11-18 11:13:41 - [MESSAGE][INFO] - Finding Test Object 'Object Repository/Filtreler/Butonlar'

2021-11-18 11:13:41 - [MESSAGE][INFO] - Checking timeout

2021-11-18 11:13:41 - [MESSAGE][INFO] - Finding web element with id: 'Object Repository/Filtreler/Butonlar' located by 'By.cssSelector: .dxb>span' in '10' second(s)

2021-11-18 11:13:41 - [MESSAGE][INFO] - Smart Wait Function is triggered

2021-11-18 11:13:41 - [MESSAGE][INFO] - Found 3 web elements with id: 'Object Repository/Filtreler/Butonlar' located by 'By.cssSelector: .dxb>span' in '10' second(s)

2021-11-18 11:13:42 - [MESSAGE][PASSED] - Method.TextDegerineEsitElementeTikla is PASSED

2021-11-18 11:13:42 - [TEST_STEP][PASSED] - sayac = sayac - 1: null

2021-11-18 11:13:42 - [TEST_STEP][PASSED] - Console.println(sayac): null

2021-11-18 11:13:42 - [TEST_STEP][PASSED] - if (sayac == 0): Actual text and expected text of test object 'Object Repository/Tablo/DurumBilgisiIrsaliye' are matched.

2021-11-18 11:13:42 - [MESSAGE][INFO] - Finding Test Object 'Object Repository/Tablo/DurumBilgisiIrsaliye'

2021-11-18 11:13:42 - [MESSAGE][INFO] - Checking object

2021-11-18 11:13:42 - [MESSAGE][INFO] - Finding web element from Test Object's properties

2021-11-18 11:13:42 - [MESSAGE][INFO] - Checking timeout

2021-11-18 11:13:42 - [MESSAGE][INFO] - Finding web element with id: 'Object Repository/Tablo/DurumBilgisiIrsaliye' located by 'By.xpath: //*[@id = 'GridViewDespatchAdvice_tccell0_6']' in '30' second(s)

2021-11-18 11:13:42 - [MESSAGE][INFO] - Smart Wait Function is triggered

2021-11-18 11:13:42 - [MESSAGE][INFO] - Found 1 web elements with id: 'Object Repository/Tablo/DurumBilgisiIrsaliye' located by 'By.xpath: //*[@id = 'GridViewDespatchAdvice_tccell0_6']' in '30' second(s)

2021-11-18 11:13:42 - [MESSAGE][PASSED] - Actual text and expected text of test object 'Object Repository/Tablo/DurumBilgisiIrsaliye' are matched.

2021-11-18 11:13:42 - [TEST_STEP][PASSED] - Method.TextDegerineEsitElementeTikla(findTestObject("Filtreler/Butonlar"), "Listele"): Method.TextDegerineEsitElementeTikla is PASSED

2021-11-18 11:13:42 - [MESSAGE][INFO] - Finding Test Object 'Object Repository/Filtreler/Butonlar'

2021-11-18 11:13:42 - [MESSAGE][INFO] - Checking timeout

2021-11-18 11:13:42 - [MESSAGE][INFO] - Finding web element with id: 'Object Repository/Filtreler/Butonlar' located by 'By.cssSelector: .dxb>span' in '10' second(s)

2021-11-18 11:13:42 - [MESSAGE][INFO] - Smart Wait Function is triggered

2021-11-18 11:13:42 - [MESSAGE][INFO] - Found 3 web elements with id: 'Object Repository/Filtreler/Butonlar' located by 'By.cssSelector: .dxb>span' in '10' second(s)

2021-11-18 11:13:43 - [MESSAGE][PASSED] - Method.TextDegerineEsitElementeTikla is PASSED

2021-11-18 11:13:43 - [TEST_STEP][PASSED] - sayac = sayac - 1: null

2021-11-18 11:13:43 - [TEST_STEP][PASSED] - Console.println(sayac): null

2021-11-18 11:13:43 - [TEST_STEP][PASSED] - if (sayac == 0): Actual text and expected text of test object 'Object Repository/Tablo/DurumBilgisiIrsaliye' are matched.

2021-11-18 11:13:43 - [MESSAGE][INFO] - Finding Test Object 'Object Repository/Tablo/DurumBilgisiIrsaliye'

2021-11-18 11:13:43 - [MESSAGE][INFO] - Checking object

2021-11-18 11:13:43 - [MESSAGE][INFO] - Finding web element from Test Object's properties

2021-11-18 11:13:43 - [MESSAGE][INFO] - Checking timeout

2021-11-18 11:13:43 - [MESSAGE][INFO] - Finding web element with id: 'Object Repository/Tablo/DurumBilgisiIrsaliye' located by 'By.xpath: //*[@id = 'GridViewDespatchAdvice_tccell0_6']' in '30' second(s)

2021-11-18 11:13:43 - [MESSAGE][INFO] - Smart Wait Function is triggered

2021-11-18 11:13:43 - [MESSAGE][INFO] - Found 1 web elements with id: 'Object Repository/Tablo/DurumBilgisiIrsaliye' located by 'By.xpath: //*[@id = 'GridViewDespatchAdvice_tccell0_6']' in '30' second(s)

2021-11-18 11:13:43 - [MESSAGE][PASSED] - Actual text and expected text of test object 'Object Repository/Tablo/DurumBilgisiIrsaliye' are matched.

2021-11-18 11:13:43 - [TEST_STEP][PASSED] - Method.TextDegerineEsitElementeTikla(findTestObject("Filtreler/Butonlar"), "Listele"): Method.TextDegerineEsitElementeTikla is PASSED

2021-11-18 11:13:43 - [MESSAGE][INFO] - Finding Test Object 'Object Repository/Filtreler/Butonlar'

2021-11-18 11:13:43 - [MESSAGE][INFO] - Checking timeout

2021-11-18 11:13:43 - [MESSAGE][INFO] - Finding web element with id: 'Object Repository/Filtreler/Butonlar' located by 'By.cssSelector: .dxb>span' in '10' second(s)

2021-11-18 11:13:43 - [MESSAGE][INFO] - Smart Wait Function is triggered

2021-11-18 11:13:43 - [MESSAGE][INFO] - Found 3 web elements with id: 'Object Repository/Filtreler/Butonlar' located by 'By.cssSelector: .dxb>span' in '10' second(s)

2021-11-18 11:13:44 - [MESSAGE][PASSED] - Method.TextDegerineEsitElementeTikla is PASSED

2021-11-18 11:13:44 - [TEST_STEP][PASSED] - sayac = sayac - 1: null

2021-11-18 11:13:44 - [TEST_STEP][PASSED] - Console.println(sayac): null

2021-11-18 11:13:44 - [TEST_STEP][PASSED] - if (sayac == 0): Actual text and expected text of test object 'Object Repository/Tablo/DurumBilgisiIrsaliye' are matched.

2021-11-18 11:13:44 - [MESSAGE][INFO] - Finding Test Object 'Object Repository/Tablo/DurumBilgisiIrsaliye'

2021-11-18 11:13:44 - [MESSAGE][INFO] - Checking object

2021-11-18 11:13:44 - [MESSAGE][INFO] - Finding web element from Test Object's properties

2021-11-18 11:13:44 - [MESSAGE][INFO] - Checking timeout

2021-11-18 11:13:44 - [MESSAGE][INFO] - Finding web element with id: 'Object Repository/Tablo/DurumBilgisiIrsaliye' located by 'By.xpath: //*[@id = 'GridViewDespatchAdvice_tccell0_6']' in '30' second(s)

2021-11-18 11:13:44 - [MESSAGE][INFO] - Smart Wait Function is triggered

2021-11-18 11:13:44 - [MESSAGE][INFO] - Found 1 web elements with id: 'Object Repository/Tablo/DurumBilgisiIrsaliye' located by 'By.xpath: //*[@id = 'GridViewDespatchAdvice_tccell0_6']' in '30' second(s)

2021-11-18 11:13:44 - [MESSAGE][PASSED] - Actual text and expected text of test object 'Object Repository/Tablo/DurumBilgisiIrsaliye' are matched.

2021-11-18 11:13:44 - [TEST_STEP][PASSED] - Method.TextDegerineEsitElementeTikla(findTestObject("Filtreler/Butonlar"), "Listele"): Method.TextDegerineEsitElementeTikla is PASSED

2021-11-18 11:13:44 - [MESSAGE][INFO] - Finding Test Object 'Object Repository/Filtreler/Butonlar'

2021-11-18 11:13:44 - [MESSAGE][INFO] - Checking timeout

2021-11-18 11:13:44 - [MESSAGE][INFO] - Finding web element with id: 'Object Repository/Filtreler/Butonlar' located by 'By.cssSelector: .dxb>span' in '10' second(s)

2021-11-18 11:13:44 - [MESSAGE][INFO] - Smart Wait Function is triggered

2021-11-18 11:13:45 - [MESSAGE][INFO] - Found 3 web elements with id: 'Object Repository/Filtreler/Butonlar' located by 'By.cssSelector: .dxb>span' in '10' second(s)

2021-11-18 11:13:45 - [MESSAGE][PASSED] - Method.TextDegerineEsitElementeTikla is PASSED

2021-11-18 11:13:45 - [TEST_STEP][PASSED] - sayac = sayac - 1: null

2021-11-18 11:13:45 - [TEST_STEP][PASSED] - Console.println(sayac): null

2021-11-18 11:13:45 - [TEST_STEP][PASSED] - if (sayac == 0): Actual text and expected text of test object 'Object Repository/Tablo/DurumBilgisiIrsaliye' are matched.

2021-11-18 11:13:45 - [MESSAGE][INFO] - Finding Test Object 'Object Repository/Tablo/DurumBilgisiIrsaliye'

2021-11-18 11:13:45 - [MESSAGE][INFO] - Checking object

2021-11-18 11:13:45 - [MESSAGE][INFO] - Finding web element from Test Object's properties

2021-11-18 11:13:45 - [MESSAGE][INFO] - Checking timeout

2021-11-18 11:13:45 - [MESSAGE][INFO] - Finding web element with id: 'Object Repository/Tablo/DurumBilgisiIrsaliye' located by 'By.xpath: //*[@id = 'GridViewDespatchAdvice_tccell0_6']' in '30' second(s)

2021-11-18 11:13:45 - [MESSAGE][INFO] - Smart Wait Function is triggered

2021-11-18 11:13:45 - [MESSAGE][INFO] - Found 1 web elements with id: 'Object Repository/Tablo/DurumBilgisiIrsaliye' located by 'By.xpath: //*[@id = 'GridViewDespatchAdvice_tccell0_6']' in '30' second(s)

2021-11-18 11:13:45 - [MESSAGE][PASSED] - Actual text and expected text of test object 'Object Repository/Tablo/DurumBilgisiIrsaliye' are matched.

2021-11-18 11:13:45 - [TEST_STEP][PASSED] - Method.TextDegerineEsitElementeTikla(findTestObject("Filtreler/Butonlar"), "Listele"): Method.TextDegerineEsitElementeTikla is PASSED

2021-11-18 11:13:45 - [MESSAGE][INFO] - Finding Test Object 'Object Repository/Filtreler/Butonlar'

2021-11-18 11:13:45 - [MESSAGE][INFO] - Checking timeout

2021-11-18 11:13:45 - [MESSAGE][INFO] - Finding web element with id: 'Object Repository/Filtreler/Butonlar' located by 'By.cssSelector: .dxb>span' in '10' second(s)

2021-11-18 11:13:45 - [MESSAGE][INFO] - Smart Wait Function is triggered

2021-11-18 11:13:46 - [MESSAGE][INFO] - Found 3 web elements with id: 'Object Repository/Filtreler/Butonlar' located by 'By.cssSelector: .dxb>span' in '10' second(s)

2021-11-18 11:13:46 - [MESSAGE][PASSED] - Method.TextDegerineEsitElementeTikla is PASSED

2021-11-18 11:13:46 - [TEST_STEP][PASSED] - sayac = sayac - 1: null

2021-11-18 11:13:46 - [TEST_STEP][PASSED] - Console.println(sayac): null

2021-11-18 11:13:46 - [TEST_STEP][PASSED] - if (sayac == 0): Actual text and expected text of test object 'Object Repository/Tablo/DurumBilgisiIrsaliye' are matched.

2021-11-18 11:13:46 - [MESSAGE][INFO] - Finding Test Object 'Object Repository/Tablo/DurumBilgisiIrsaliye'

2021-11-18 11:13:46 - [MESSAGE][INFO] - Checking object

2021-11-18 11:13:46 - [MESSAGE][INFO] - Finding web element from Test Object's properties

2021-11-18 11:13:46 - [MESSAGE][INFO] - Checking timeout

2021-11-18 11:13:46 - [MESSAGE][INFO] - Finding web element with id: 'Object Repository/Tablo/DurumBilgisiIrsaliye' located by 'By.xpath: //*[@id = 'GridViewDespatchAdvice_tccell0_6']' in '30' second(s)

2021-11-18 11:13:46 - [MESSAGE][INFO] - Smart Wait Function is triggered

2021-11-18 11:13:46 - [MESSAGE][INFO] - Found 1 web elements with id: 'Object Repository/Tablo/DurumBilgisiIrsaliye' located by 'By.xpath: //*[@id = 'GridViewDespatchAdvice_tccell0_6']' in '30' second(s)

2021-11-18 11:13:46 - [MESSAGE][PASSED] - Actual text and expected text of test object 'Object Repository/Tablo/DurumBilgisiIrsaliye' are matched.

2021-11-18 11:13:46 - [TEST_STEP][PASSED] - Method.TextDegerineEsitElementeTikla(findTestObject("Filtreler/Butonlar"), "Listele"): Method.TextDegerineEsitElementeTikla is PASSED

2021-11-18 11:13:46 - [MESSAGE][INFO] - Finding Test Object 'Object Repository/Filtreler/Butonlar'

2021-11-18 11:13:47 - [MESSAGE][INFO] - Checking timeout

2021-11-18 11:13:47 - [MESSAGE][INFO] - Finding web element with id: 'Object Repository/Filtreler/Butonlar' located by 'By.cssSelector: .dxb>span' in '10' second(s)

2021-11-18 11:13:47 - [MESSAGE][INFO] - Smart Wait Function is triggered

2021-11-18 11:13:47 - [MESSAGE][INFO] - Found 3 web elements with id: 'Object Repository/Filtreler/Butonlar' located by 'By.cssSelector: .dxb>span' in '10' second(s)

2021-11-18 11:13:47 - [MESSAGE][PASSED] - Method.TextDegerineEsitElementeTikla is PASSED

2021-11-18 11:13:47 - [TEST_STEP][PASSED] - sayac = sayac - 1: null

2021-11-18 11:13:47 - [TEST_STEP][PASSED] - Console.println(sayac): null

2021-11-18 11:13:47 - [TEST_STEP][PASSED] - if (sayac == 0): Actual text and expected text of test object 'Object Repository/Tablo/DurumBilgisiIrsaliye' are matched.

2021-11-18 11:13:47 - [MESSAGE][INFO] - Finding Test Object 'Object Repository/Tablo/DurumBilgisiIrsaliye'

2021-11-18 11:13:47 - [MESSAGE][INFO] - Checking object

2021-11-18 11:13:47 - [MESSAGE][INFO] - Finding web element from Test Object's properties

2021-11-18 11:13:47 - [MESSAGE][INFO] - Checking timeout

2021-11-18 11:13:47 - [MESSAGE][INFO] - Finding web element with id: 'Object Repository/Tablo/DurumBilgisiIrsaliye' located by 'By.xpath: //*[@id = 'GridViewDespatchAdvice_tccell0_6']' in '30' second(s)

2021-11-18 11:13:47 - [MESSAGE][INFO] - Smart Wait Function is triggered

2021-11-18 11:13:48 - [MESSAGE][INFO] - Found 1 web elements with id: 'Object Repository/Tablo/DurumBilgisiIrsaliye' located by 'By.xpath: //*[@id = 'GridViewDespatchAdvice_tccell0_6']' in '30' second(s)

2021-11-18 11:13:48 - [MESSAGE][PASSED] - Actual text and expected text of test object 'Object Repository/Tablo/DurumBilgisiIrsaliye' are matched.

2021-11-18 11:13:48 - [TEST_STEP][PASSED] - Method.TextDegerineEsitElementeTikla(findTestObject("Filtreler/Butonlar"), "Listele"): Method.TextDegerineEsitElementeTikla is PASSED

2021-11-18 11:13:48 - [MESSAGE][INFO] - Finding Test Object 'Object Repository/Filtreler/Butonlar'

2021-11-18 11:13:48 - [MESSAGE][INFO] - Checking timeout

2021-11-18 11:13:48 - [MESSAGE][INFO] - Finding web element with id: 'Object Repository/Filtreler/Butonlar' located by 'By.cssSelector: .dxb>span' in '10' second(s)

2021-11-18 11:13:48 - [MESSAGE][INFO] - Smart Wait Function is triggered

2021-11-18 11:13:48 - [MESSAGE][INFO] - Found 3 web elements with id: 'Object Repository/Filtreler/Butonlar' located by 'By.cssSelector: .dxb>span' in '10' second(s)

2021-11-18 11:13:48 - [MESSAGE][PASSED] - Method.TextDegerineEsitElementeTikla is PASSED

2021-11-18 11:13:48 - [TEST_STEP][PASSED] - sayac = sayac - 1: null

2021-11-18 11:13:48 - [TEST_STEP][PASSED] - Console.println(sayac): null

2021-11-18 11:13:48 - [TEST_STEP][PASSED] - if (sayac == 0): Actual text and expected text of test object 'Object Repository/Tablo/DurumBilgisiIrsaliye' are matched.

2021-11-18 11:13:48 - [MESSAGE][INFO] - Finding Test Object 'Object Repository/Tablo/DurumBilgisiIrsaliye'

2021-11-18 11:13:48 - [MESSAGE][INFO] - Checking object

2021-11-18 11:13:48 - [MESSAGE][INFO] - Finding web element from Test Object's properties

2021-11-18 11:13:48 - [MESSAGE][INFO] - Checking timeout

2021-11-18 11:13:48 - [MESSAGE][INFO] - Finding web element with id: 'Object Repository/Tablo/DurumBilgisiIrsaliye' located by 'By.xpath: //*[@id = 'GridViewDespatchAdvice_tccell0_6']' in '30' second(s)

2021-11-18 11:13:48 - [MESSAGE][INFO] - Smart Wait Function is triggered

2021-11-18 11:13:49 - [MESSAGE][INFO] - Found 1 web elements with id: 'Object Repository/Tablo/DurumBilgisiIrsaliye' located by 'By.xpath: //*[@id = 'GridViewDespatchAdvice_tccell0_6']' in '30' second(s)

2021-11-18 11:13:49 - [MESSAGE][PASSED] - Actual text and expected text of test object 'Object Repository/Tablo/DurumBilgisiIrsaliye' are matched.

2021-11-18 11:13:49 - [TEST_STEP][PASSED] - Method.TextDegerineEsitElementeTikla(findTestObject("Filtreler/Butonlar"), "Listele"): Method.TextDegerineEsitElementeTikla is PASSED

2021-11-18 11:13:49 - [MESSAGE][INFO] - Finding Test Object 'Object Repository/Filtreler/Butonlar'

2021-11-18 11:13:49 - [MESSAGE][INFO] - Checking timeout

2021-11-18 11:13:49 - [MESSAGE][INFO] - Finding web element with id: 'Object Repository/Filtreler/Butonlar' located by 'By.cssSelector: .dxb>span' in '10' second(s)

2021-11-18 11:13:49 - [MESSAGE][INFO] - Smart Wait Function is triggered

2021-11-18 11:13:49 - [MESSAGE][INFO] - Found 3 web elements with id: 'Object Repository/Filtreler/Butonlar' located by 'By.cssSelector: .dxb>span' in '10' second(s)

2021-11-18 11:13:49 - [MESSAGE][PASSED] - Method.TextDegerineEsitElementeTikla is PASSED

2021-11-18 11:13:49 - [TEST_STEP][PASSED] - sayac = sayac - 1: null

2021-11-18 11:13:49 - [TEST_STEP][PASSED] - Console.println(sayac): null

2021-11-18 11:13:49 - [TEST_STEP][PASSED] - if (sayac == 0): Actual text and expected text of test object 'Object Repository/Tablo/DurumBilgisiIrsaliye' are matched.

2021-11-18 11:13:49 - [MESSAGE][INFO] - Finding Test Object 'Object Repository/Tablo/DurumBilgisiIrsaliye'

2021-11-18 11:13:49 - [MESSAGE][INFO] - Checking object

2021-11-18 11:13:49 - [MESSAGE][INFO] - Finding web element from Test Object's properties

2021-11-18 11:13:49 - [MESSAGE][INFO] - Checking timeout

2021-11-18 11:13:49 - [MESSAGE][INFO] - Finding web element with id: 'Object Repository/Tablo/DurumBilgisiIrsaliye' located by 'By.xpath: //*[@id = 'GridViewDespatchAdvice_tccell0_6']' in '30' second(s)

2021-11-18 11:13:49 - [MESSAGE][INFO] - Smart Wait Function is triggered

2021-11-18 11:13:50 - [MESSAGE][INFO] - Found 1 web elements with id: 'Object Repository/Tablo/DurumBilgisiIrsaliye' located by 'By.xpath: //*[@id = 'GridViewDespatchAdvice_tccell0_6']' in '30' second(s)

2021-11-18 11:13:50 - [MESSAGE][PASSED] - Actual text and expected text of test object 'Object Repository/Tablo/DurumBilgisiIrsaliye' are matched.

2021-11-18 11:13:50 - [TEST_STEP][PASSED] - Method.TextDegerineEsitElementeTikla(findTestObject("Filtreler/Butonlar"), "Listele"): Method.TextDegerineEsitElementeTikla is PASSED

2021-11-18 11:13:50 - [MESSAGE][INFO] - Finding Test Object 'Object Repository/Filtreler/Butonlar'

2021-11-18 11:13:50 - [MESSAGE][INFO] - Checking timeout

2021-11-18 11:13:50 - [MESSAGE][INFO] - Finding web element with id: 'Object Repository/Filtreler/Butonlar' located by 'By.cssSelector: .dxb>span' in '10' second(s)

2021-11-18 11:13:50 - [MESSAGE][INFO] - Smart Wait Function is triggered

2021-11-18 11:13:50 - [MESSAGE][INFO] - Found 3 web elements with id: 'Object Repository/Filtreler/Butonlar' located by 'By.cssSelector: .dxb>span' in '10' second(s)

2021-11-18 11:13:50 - [MESSAGE][PASSED] - Method.TextDegerineEsitElementeTikla is PASSED

2021-11-18 11:13:50 - [TEST_STEP][PASSED] - sayac = sayac - 1: null

2021-11-18 11:13:50 - [TEST_STEP][PASSED] - Console.println(sayac): null

2021-11-18 11:13:50 - [TEST_STEP][PASSED] - if (sayac == 0): Actual text and expected text of test object 'Object Repository/Tablo/DurumBilgisiIrsaliye' are matched.

2021-11-18 11:13:50 - [MESSAGE][INFO] - Finding Test Object 'Object Repository/Tablo/DurumBilgisiIrsaliye'

2021-11-18 11:13:50 - [MESSAGE][INFO] - Checking object

2021-11-18 11:13:50 - [MESSAGE][INFO] - Finding web element from Test Object's properties

2021-11-18 11:13:50 - [MESSAGE][INFO] - Checking timeout

2021-11-18 11:13:50 - [MESSAGE][INFO] - Finding web element with id: 'Object Repository/Tablo/DurumBilgisiIrsaliye' located by 'By.xpath: //*[@id = 'GridViewDespatchAdvice_tccell0_6']' in '30' second(s)

2021-11-18 11:13:50 - [MESSAGE][INFO] - Smart Wait Function is triggered

2021-11-18 11:13:51 - [MESSAGE][INFO] - Found 1 web elements with id: 'Object Repository/Tablo/DurumBilgisiIrsaliye' located by 'By.xpath: //*[@id = 'GridViewDespatchAdvice_tccell0_6']' in '30' second(s)

2021-11-18 11:13:51 - [MESSAGE][PASSED] - Actual text and expected text of test object 'Object Repository/Tablo/DurumBilgisiIrsaliye' are matched.

2021-11-18 11:13:51 - [TEST_STEP][PASSED] - Method.TextDegerineEsitElementeTikla(findTestObject("Filtreler/Butonlar"), "Listele"): Method.TextDegerineEsitElementeTikla is PASSED

2021-11-18 11:13:51 - [MESSAGE][INFO] - Finding Test Object 'Object Repository/Filtreler/Butonlar'

2021-11-18 11:13:51 - [MESSAGE][INFO] - Checking timeout

2021-11-18 11:13:51 - [MESSAGE][INFO] - Finding web element with id: 'Object Repository/Filtreler/Butonlar' located by 'By.cssSelector: .dxb>span' in '10' second(s)

2021-11-18 11:13:51 - [MESSAGE][INFO] - Smart Wait Function is triggered

2021-11-18 11:13:51 - [MESSAGE][INFO] - Found 3 web elements with id: 'Object Repository/Filtreler/Butonlar' located by 'By.cssSelector: .dxb>span' in '10' second(s)

2021-11-18 11:13:51 - [MESSAGE][PASSED] - Method.TextDegerineEsitElementeTikla is PASSED

2021-11-18 11:13:51 - [TEST_STEP][PASSED] - sayac = sayac - 1: null

2021-11-18 11:13:51 - [TEST_STEP][PASSED] - Console.println(sayac): null

2021-11-18 11:13:51 - [TEST_STEP][PASSED] - if (sayac == 0): Actual text and expected text of test object 'Object Repository/Tablo/DurumBilgisiIrsaliye' are matched.

2021-11-18 11:13:51 - [MESSAGE][INFO] - Finding Test Object 'Object Repository/Tablo/DurumBilgisiIrsaliye'

2021-11-18 11:13:51 - [MESSAGE][INFO] - Checking object

2021-11-18 11:13:51 - [MESSAGE][INFO] - Finding web element from Test Object's properties

2021-11-18 11:13:51 - [MESSAGE][INFO] - Checking timeout

2021-11-18 11:13:51 - [MESSAGE][INFO] - Finding web element with id: 'Object Repository/Tablo/DurumBilgisiIrsaliye' located by 'By.xpath: //*[@id = 'GridViewDespatchAdvice_tccell0_6']' in '30' second(s)

2021-11-18 11:13:51 - [MESSAGE][INFO] - Smart Wait Function is triggered

2021-11-18 11:13:52 - [MESSAGE][INFO] - Found 1 web elements with id: 'Object Repository/Tablo/DurumBilgisiIrsaliye' located by 'By.xpath: //*[@id = 'GridViewDespatchAdvice_tccell0_6']' in '30' second(s)

2021-11-18 11:13:52 - [MESSAGE][PASSED] - Actual text and expected text of test object 'Object Repository/Tablo/DurumBilgisiIrsaliye' are matched.

2021-11-18 11:13:52 - [TEST_STEP][PASSED] - Method.TextDegerineEsitElementeTikla(findTestObject("Filtreler/Butonlar"), "Listele"): Method.TextDegerineEsitElementeTikla is PASSED

2021-11-18 11:13:52 - [MESSAGE][INFO] - Finding Test Object 'Object Repository/Filtreler/Butonlar'

2021-11-18 11:13:52 - [MESSAGE][INFO] - Checking timeout

2021-11-18 11:13:52 - [MESSAGE][INFO] - Finding web element with id: 'Object Repository/Filtreler/Butonlar' located by 'By.cssSelector: .dxb>span' in '10' second(s)

2021-11-18 11:13:52 - [MESSAGE][INFO] - Smart Wait Function is triggered

2021-11-18 11:13:52 - [MESSAGE][INFO] - Found 3 web elements with id: 'Object Repository/Filtreler/Butonlar' located by 'By.cssSelector: .dxb>span' in '10' second(s)

2021-11-18 11:13:52 - [MESSAGE][PASSED] - Method.TextDegerineEsitElementeTikla is PASSED

2021-11-18 11:13:52 - [TEST_STEP][PASSED] - sayac = sayac - 1: null

2021-11-18 11:13:52 - [TEST_STEP][PASSED] - Console.println(sayac): null

2021-11-18 11:13:52 - [TEST_STEP][PASSED] - if (sayac == 0): Actual text and expected text of test object 'Object Repository/Tablo/DurumBilgisiIrsaliye' are matched.

2021-11-18 11:13:52 - [MESSAGE][INFO] - Finding Test Object 'Object Repository/Tablo/DurumBilgisiIrsaliye'

2021-11-18 11:13:52 - [MESSAGE][INFO] - Checking object

2021-11-18 11:13:52 - [MESSAGE][INFO] - Finding web element from Test Object's properties

2021-11-18 11:13:52 - [MESSAGE][INFO] - Checking timeout

2021-11-18 11:13:52 - [MESSAGE][INFO] - Finding web element with id: 'Object Repository/Tablo/DurumBilgisiIrsaliye' located by 'By.xpath: //*[@id = 'GridViewDespatchAdvice_tccell0_6']' in '30' second(s)

2021-11-18 11:13:52 - [MESSAGE][INFO] - Smart Wait Function is triggered

2021-11-18 11:13:53 - [MESSAGE][INFO] - Found 1 web elements with id: 'Object Repository/Tablo/DurumBilgisiIrsaliye' located by 'By.xpath: //*[@id = 'GridViewDespatchAdvice_tccell0_6']' in '30' second(s)

2021-11-18 11:13:53 - [MESSAGE][PASSED] - Actual text and expected text of test object 'Object Repository/Tablo/DurumBilgisiIrsaliye' are matched.

2021-11-18 11:13:53 - [TEST_STEP][PASSED] - Method.TextDegerineEsitElementeTikla(findTestObject("Filtreler/Butonlar"), "Listele"): Method.TextDegerineEsitElementeTikla is PASSED

2021-11-18 11:13:53 - [MESSAGE][INFO] - Finding Test Object 'Object Repository/Filtreler/Butonlar'

2021-11-18 11:13:53 - [MESSAGE][INFO] - Checking timeout

2021-11-18 11:13:53 - [MESSAGE][INFO] - Finding web element with id: 'Object Repository/Filtreler/Butonlar' located by 'By.cssSelector: .dxb>span' in '10' second(s)

2021-11-18 11:13:53 - [MESSAGE][INFO] - Smart Wait Function is triggered

2021-11-18 11:13:53 - [MESSAGE][INFO] - Found 3 web elements with id: 'Object Repository/Filtreler/Butonlar' located by 'By.cssSelector: .dxb>span' in '10' second(s)

2021-11-18 11:13:53 - [MESSAGE][PASSED] - Method.TextDegerineEsitElementeTikla is PASSED

2021-11-18 11:13:53 - [TEST_STEP][PASSED] - sayac = sayac - 1: null

2021-11-18 11:13:53 - [TEST_STEP][PASSED] - Console.println(sayac): null

2021-11-18 11:13:53 - [TEST_STEP][PASSED] - if (sayac == 0): Actual text and expected text of test object 'Object Repository/Tablo/DurumBilgisiIrsaliye' are matched.

2021-11-18 11:13:53 - [MESSAGE][INFO] - Finding Test Object 'Object Repository/Tablo/DurumBilgisiIrsaliye'

2021-11-18 11:13:53 - [MESSAGE][INFO] - Checking object

2021-11-18 11:13:53 - [MESSAGE][INFO] - Finding web element from Test Object's properties

2021-11-18 11:13:53 - [MESSAGE][INFO] - Checking timeout

2021-11-18 11:13:53 - [MESSAGE][INFO] - Finding web element with id: 'Object Repository/Tablo/DurumBilgisiIrsaliye' located by 'By.xpath: //*[@id = 'GridViewDespatchAdvice_tccell0_6']' in '30' second(s)

2021-11-18 11:13:53 - [MESSAGE][INFO] - Smart Wait Function is triggered

2021-11-18 11:13:54 - [MESSAGE][INFO] - Found 1 web elements with id: 'Object Repository/Tablo/DurumBilgisiIrsaliye' located by 'By.xpath: //*[@id = 'GridViewDespatchAdvice_tccell0_6']' in '30' second(s)

2021-11-18 11:13:54 - [MESSAGE][PASSED] - Actual text and expected text of test object 'Object Repository/Tablo/DurumBilgisiIrsaliye' are matched.

2021-11-18 11:13:54 - [TEST_STEP][PASSED] - Method.TextDegerineEsitElementeTikla(findTestObject("Filtreler/Butonlar"), "Listele"): Method.TextDegerineEsitElementeTikla is PASSED

2021-11-18 11:13:54 - [MESSAGE][INFO] - Finding Test Object 'Object Repository/Filtreler/Butonlar'

2021-11-18 11:13:54 - [MESSAGE][INFO] - Checking timeout

2021-11-18 11:13:54 - [MESSAGE][INFO] - Finding web element with id: 'Object Repository/Filtreler/Butonlar' located by 'By.cssSelector: .dxb>span' in '10' second(s)

2021-11-18 11:13:54 - [MESSAGE][INFO] - Smart Wait Function is triggered

2021-11-18 11:13:54 - [MESSAGE][INFO] - Found 3 web elements with id: 'Object Repository/Filtreler/Butonlar' located by 'By.cssSelector: .dxb>span' in '10' second(s)

2021-11-18 11:13:54 - [MESSAGE][PASSED] - Method.TextDegerineEsitElementeTikla is PASSED

2021-11-18 11:13:54 - [TEST_STEP][PASSED] - sayac = sayac - 1: null

2021-11-18 11:13:54 - [TEST_STEP][PASSED] - Console.println(sayac): null

2021-11-18 11:13:54 - [TEST_STEP][PASSED] - if (sayac == 0): Actual text and expected text of test object 'Object Repository/Tablo/DurumBilgisiIrsaliye' are matched.

2021-11-18 11:13:54 - [MESSAGE][INFO] - Finding Test Object 'Object Repository/Tablo/DurumBilgisiIrsaliye'

2021-11-18 11:13:55 - [MESSAGE][INFO] - Checking object

2021-11-18 11:13:55 - [MESSAGE][INFO] - Finding web element from Test Object's properties

2021-11-18 11:13:55 - [MESSAGE][INFO] - Checking timeout

2021-11-18 11:13:55 - [MESSAGE][INFO] - Finding web element with id: 'Object Repository/Tablo/DurumBilgisiIrsaliye' located by 'By.xpath: //*[@id = 'GridViewDespatchAdvice_tccell0_6']' in '30' second(s)

2021-11-18 11:13:55 - [MESSAGE][INFO] - Smart Wait Function is triggered

2021-11-18 11:13:55 - [MESSAGE][INFO] - Found 1 web elements with id: 'Object Repository/Tablo/DurumBilgisiIrsaliye' located by 'By.xpath: //*[@id = 'GridViewDespatchAdvice_tccell0_6']' in '30' second(s)

2021-11-18 11:13:55 - [MESSAGE][PASSED] - Actual text and expected text of test object 'Object Repository/Tablo/DurumBilgisiIrsaliye' are matched.

2021-11-18 11:13:55 - [TEST_STEP][PASSED] - Method.TextDegerineEsitElementeTikla(findTestObject("Filtreler/Butonlar"), "Listele"): Method.TextDegerineEsitElementeTikla is PASSED

2021-11-18 11:13:55 - [MESSAGE][INFO] - Finding Test Object 'Object Repository/Filtreler/Butonlar'

2021-11-18 11:13:55 - [MESSAGE][INFO] - Checking timeout

2021-11-18 11:13:55 - [MESSAGE][INFO] - Finding web element with id: 'Object Repository/Filtreler/Butonlar' located by 'By.cssSelector: .dxb>span' in '10' second(s)

2021-11-18 11:13:55 - [MESSAGE][INFO] - Smart Wait Function is triggered

2021-11-18 11:13:55 - [MESSAGE][INFO] - Found 3 web elements with id: 'Object Repository/Filtreler/Butonlar' located by 'By.cssSelector: .dxb>span' in '10' second(s)

2021-11-18 11:13:56 - [MESSAGE][PASSED] - Method.TextDegerineEsitElementeTikla is PASSED

2021-11-18 11:13:56 - [TEST_STEP][PASSED] - sayac = sayac - 1: null

2021-11-18 11:13:56 - [TEST_STEP][PASSED] - Console.println(sayac): null

2021-11-18 11:13:56 - [TEST_STEP][PASSED] - if (sayac == 0): Actual text and expected text of test object 'Object Repository/Tablo/DurumBilgisiIrsaliye' are matched.

2021-11-18 11:13:56 - [MESSAGE][INFO] - Finding Test Object 'Object Repository/Tablo/DurumBilgisiIrsaliye'

2021-11-18 11:13:56 - [MESSAGE][INFO] - Checking object

2021-11-18 11:13:56 - [MESSAGE][INFO] - Finding web element from Test Object's properties

2021-11-18 11:13:56 - [MESSAGE][INFO] - Checking timeout

2021-11-18 11:13:56 - [MESSAGE][INFO] - Finding web element with id: 'Object Repository/Tablo/DurumBilgisiIrsaliye' located by 'By.xpath: //*[@id = 'GridViewDespatchAdvice_tccell0_6']' in '30' second(s)

2021-11-18 11:13:56 - [MESSAGE][INFO] - Smart Wait Function is triggered

2021-11-18 11:13:56 - [MESSAGE][INFO] - Found 1 web elements with id: 'Object Repository/Tablo/DurumBilgisiIrsaliye' located by 'By.xpath: //*[@id = 'GridViewDespatchAdvice_tccell0_6']' in '30' second(s)

2021-11-18 11:13:56 - [MESSAGE][PASSED] - Actual text and expected text of test object 'Object Repository/Tablo/DurumBilgisiIrsaliye' are matched.

2021-11-18 11:13:56 - [TEST_STEP][PASSED] - Method.TextDegerineEsitElementeTikla(findTestObject("Filtreler/Butonlar"), "Listele"): Method.TextDegerineEsitElementeTikla is PASSED

2021-11-18 11:13:56 - [MESSAGE][INFO] - Finding Test Object 'Object Repository/Filtreler/Butonlar'

2021-11-18 11:13:56 - [MESSAGE][INFO] - Checking timeout

2021-11-18 11:13:56 - [MESSAGE][INFO] - Finding web element with id: 'Object Repository/Filtreler/Butonlar' located by 'By.cssSelector: .dxb>span' in '10' second(s)

2021-11-18 11:13:56 - [MESSAGE][INFO] - Smart Wait Function is triggered

2021-11-18 11:13:56 - [MESSAGE][INFO] - Found 3 web elements with id: 'Object Repository/Filtreler/Butonlar' located by 'By.cssSelector: .dxb>span' in '10' second(s)

2021-11-18 11:13:57 - [MESSAGE][PASSED] - Method.TextDegerineEsitElementeTikla is PASSED

2021-11-18 11:13:57 - [TEST_STEP][PASSED] - sayac = sayac - 1: null

2021-11-18 11:13:57 - [TEST_STEP][PASSED] - Console.println(sayac): null

2021-11-18 11:13:57 - [TEST_STEP][PASSED] - if (sayac == 0): Actual text and expected text of test object 'Object Repository/Tablo/DurumBilgisiIrsaliye' are matched.

2021-11-18 11:13:57 - [MESSAGE][INFO] - Finding Test Object 'Object Repository/Tablo/DurumBilgisiIrsaliye'

2021-11-18 11:13:57 - [MESSAGE][INFO] - Checking object

2021-11-18 11:13:57 - [MESSAGE][INFO] - Finding web element from Test Object's properties

2021-11-18 11:13:57 - [MESSAGE][INFO] - Checking timeout

2021-11-18 11:13:57 - [MESSAGE][INFO] - Finding web element with id: 'Object Repository/Tablo/DurumBilgisiIrsaliye' located by 'By.xpath: //*[@id = 'GridViewDespatchAdvice_tccell0_6']' in '30' second(s)

2021-11-18 11:13:57 - [MESSAGE][INFO] - Smart Wait Function is triggered

2021-11-18 11:13:57 - [MESSAGE][INFO] - Found 1 web elements with id: 'Object Repository/Tablo/DurumBilgisiIrsaliye' located by 'By.xpath: //*[@id = 'GridViewDespatchAdvice_tccell0_6']' in '30' second(s)

2021-11-18 11:13:57 - [MESSAGE][PASSED] - Actual text and expected text of test object 'Object Repository/Tablo/DurumBilgisiIrsaliye' are matched.

2021-11-18 11:13:57 - [TEST_STEP][PASSED] - Method.TextDegerineEsitElementeTikla(findTestObject("Filtreler/Butonlar"), "Listele"): Method.TextDegerineEsitElementeTikla is PASSED

2021-11-18 11:13:57 - [MESSAGE][INFO] - Finding Test Object 'Object Repository/Filtreler/Butonlar'

2021-11-18 11:13:57 - [MESSAGE][INFO] - Checking timeout

2021-11-18 11:13:57 - [MESSAGE][INFO] - Finding web element with id: 'Object Repository/Filtreler/Butonlar' located by 'By.cssSelector: .dxb>span' in '10' second(s)

2021-11-18 11:13:57 - [MESSAGE][INFO] - Smart Wait Function is triggered

2021-11-18 11:13:58 - [MESSAGE][INFO] - Found 3 web elements with id: 'Object Repository/Filtreler/Butonlar' located by 'By.cssSelector: .dxb>span' in '10' second(s)

2021-11-18 11:13:58 - [MESSAGE][PASSED] - Method.TextDegerineEsitElementeTikla is PASSED

2021-11-18 11:13:58 - [TEST_STEP][PASSED] - sayac = sayac - 1: null

2021-11-18 11:13:58 - [TEST_STEP][PASSED] - Console.println(sayac): null

2021-11-18 11:13:58 - [TEST_STEP][PASSED] - if (sayac == 0): Actual text and expected text of test object 'Object Repository/Tablo/DurumBilgisiIrsaliye' are matched.

2021-11-18 11:13:58 - [MESSAGE][INFO] - Finding Test Object 'Object Repository/Tablo/DurumBilgisiIrsaliye'

2021-11-18 11:13:58 - [MESSAGE][INFO] - Checking object

2021-11-18 11:13:58 - [MESSAGE][INFO] - Finding web element from Test Object's properties

2021-11-18 11:13:58 - [MESSAGE][INFO] - Checking timeout

2021-11-18 11:13:58 - [MESSAGE][INFO] - Finding web element with id: 'Object Repository/Tablo/DurumBilgisiIrsaliye' located by 'By.xpath: //*[@id = 'GridViewDespatchAdvice_tccell0_6']' in '30' second(s)

2021-11-18 11:13:58 - [MESSAGE][INFO] - Smart Wait Function is triggered

2021-11-18 11:13:58 - [MESSAGE][INFO] - Found 1 web elements with id: 'Object Repository/Tablo/DurumBilgisiIrsaliye' located by 'By.xpath: //*[@id = 'GridViewDespatchAdvice_tccell0_6']' in '30' second(s)

2021-11-18 11:13:58 - [MESSAGE][PASSED] - Actual text and expected text of test object 'Object Repository/Tablo/DurumBilgisiIrsaliye' are matched.

2021-11-18 11:13:58 - [TEST_STEP][PASSED] - Method.TextDegerineEsitElementeTikla(findTestObject("Filtreler/Butonlar"), "Listele"): Method.TextDegerineEsitElementeTikla is PASSED

2021-11-18 11:13:58 - [MESSAGE][INFO] - Finding Test Object 'Object Repository/Filtreler/Butonlar'

2021-11-18 11:13:59 - [MESSAGE][INFO] - Checking timeout

2021-11-18 11:13:59 - [MESSAGE][INFO] - Finding web element with id: 'Object Repository/Filtreler/Butonlar' located by 'By.cssSelector: .dxb>span' in '10' second(s)

2021-11-18 11:13:59 - [MESSAGE][INFO] - Smart Wait Function is triggered

2021-11-18 11:13:59 - [MESSAGE][INFO] - Found 3 web elements with id: 'Object Repository/Filtreler/Butonlar' located by 'By.cssSelector: .dxb>span' in '10' second(s)

2021-11-18 11:13:59 - [MESSAGE][PASSED] - Method.TextDegerineEsitElementeTikla is PASSED

2021-11-18 11:13:59 - [TEST_STEP][PASSED] - sayac = sayac - 1: null

2021-11-18 11:13:59 - [TEST_STEP][PASSED] - Console.println(sayac): null

2021-11-18 11:13:59 - [TEST_STEP][PASSED] - if (sayac == 0): Actual text and expected text of test object 'Object Repository/Tablo/DurumBilgisiIrsaliye' are matched.

2021-11-18 11:13:59 - [MESSAGE][INFO] - Finding Test Object 'Object Repository/Tablo/DurumBilgisiIrsaliye'

2021-11-18 11:13:59 - [MESSAGE][INFO] - Checking object

2021-11-18 11:13:59 - [MESSAGE][INFO] - Finding web element from Test Object's properties

2021-11-18 11:13:59 - [MESSAGE][INFO] - Checking timeout

2021-11-18 11:13:59 - [MESSAGE][INFO] - Finding web element with id: 'Object Repository/Tablo/DurumBilgisiIrsaliye' located by 'By.xpath: //*[@id = 'GridViewDespatchAdvice_tccell0_6']' in '30' second(s)

2021-11-18 11:13:59 - [MESSAGE][INFO] - Smart Wait Function is triggered

2021-11-18 11:14:00 - [MESSAGE][INFO] - Found 1 web elements with id: 'Object Repository/Tablo/DurumBilgisiIrsaliye' located by 'By.xpath: //*[@id = 'GridViewDespatchAdvice_tccell0_6']' in '30' second(s)

2021-11-18 11:14:00 - [MESSAGE][PASSED] - Actual text and expected text of test object 'Object Repository/Tablo/DurumBilgisiIrsaliye' are matched.

2021-11-18 11:14:00 - [TEST_STEP][PASSED] - Method.TextDegerineEsitElementeTikla(findTestObject("Filtreler/Butonlar"), "Listele"): Method.TextDegerineEsitElementeTikla is PASSED

2021-11-18 11:14:00 - [MESSAGE][INFO] - Finding Test Object 'Object Repository/Filtreler/Butonlar'

2021-11-18 11:14:00 - [MESSAGE][INFO] - Checking timeout

2021-11-18 11:14:00 - [MESSAGE][INFO] - Finding web element with id: 'Object Repository/Filtreler/Butonlar' located by 'By.cssSelector: .dxb>span' in '10' second(s)

2021-11-18 11:14:00 - [MESSAGE][INFO] - Smart Wait Function is triggered

2021-11-18 11:14:00 - [MESSAGE][INFO] - Found 3 web elements with id: 'Object Repository/Filtreler/Butonlar' located by 'By.cssSelector: .dxb>span' in '10' second(s)

2021-11-18 11:14:00 - [MESSAGE][PASSED] - Method.TextDegerineEsitElementeTikla is PASSED

2021-11-18 11:14:00 - [TEST_STEP][PASSED] - sayac = sayac - 1: null

2021-11-18 11:14:00 - [TEST_STEP][PASSED] - Console.println(sayac): null

2021-11-18 11:14:00 - [TEST_STEP][PASSED] - if (sayac == 0): Actual text and expected text of test object 'Object Repository/Tablo/DurumBilgisiIrsaliye' are matched.

2021-11-18 11:14:00 - [MESSAGE][INFO] - Finding Test Object 'Object Repository/Tablo/DurumBilgisiIrsaliye'

2021-11-18 11:14:00 - [MESSAGE][INFO] - Checking object

2021-11-18 11:14:00 - [MESSAGE][INFO] - Finding web element from Test Object's properties

2021-11-18 11:14:00 - [MESSAGE][INFO] - Checking timeout

2021-11-18 11:14:00 - [MESSAGE][INFO] - Finding web element with id: 'Object Repository/Tablo/DurumBilgisiIrsaliye' located by 'By.xpath: //*[@id = 'GridViewDespatchAdvice_tccell0_6']' in '30' second(s)

2021-11-18 11:14:00 - [MESSAGE][INFO] - Smart Wait Function is triggered

2021-11-18 11:14:01 - [MESSAGE][INFO] - Found 1 web elements with id: 'Object Repository/Tablo/DurumBilgisiIrsaliye' located by 'By.xpath: //*[@id = 'GridViewDespatchAdvice_tccell0_6']' in '30' second(s)

2021-11-18 11:14:01 - [MESSAGE][PASSED] - Actual text and expected text of test object 'Object Repository/Tablo/DurumBilgisiIrsaliye' are matched.

2021-11-18 11:14:01 - [TEST_STEP][PASSED] - Method.TextDegerineEsitElementeTikla(findTestObject("Filtreler/Butonlar"), "Listele"): Method.TextDegerineEsitElementeTikla is PASSED

2021-11-18 11:14:01 - [MESSAGE][INFO] - Finding Test Object 'Object Repository/Filtreler/Butonlar'

2021-11-18 11:14:01 - [MESSAGE][INFO] - Checking timeout

2021-11-18 11:14:01 - [MESSAGE][INFO] - Finding web element with id: 'Object Repository/Filtreler/Butonlar' located by 'By.cssSelector: .dxb>span' in '10' second(s)

2021-11-18 11:14:01 - [MESSAGE][INFO] - Smart Wait Function is triggered

2021-11-18 11:14:01 - [MESSAGE][INFO] - Found 3 web elements with id: 'Object Repository/Filtreler/Butonlar' located by 'By.cssSelector: .dxb>span' in '10' second(s)

2021-11-18 11:14:01 - [MESSAGE][PASSED] - Method.TextDegerineEsitElementeTikla is PASSED

2021-11-18 11:14:01 - [TEST_STEP][PASSED] - sayac = sayac - 1: null

2021-11-18 11:14:01 - [TEST_STEP][PASSED] - Console.println(sayac): null

2021-11-18 11:14:01 - [TEST_STEP][PASSED] - if (sayac == 0): Actual text and expected text of test object 'Object Repository/Tablo/DurumBilgisiIrsaliye' are matched.

2021-11-18 11:14:01 - [MESSAGE][INFO] - Finding Test Object 'Object Repository/Tablo/DurumBilgisiIrsaliye'

2021-11-18 11:14:01 - [MESSAGE][INFO] - Checking object

2021-11-18 11:14:01 - [MESSAGE][INFO] - Finding web element from Test Object's properties

2021-11-18 11:14:01 - [MESSAGE][INFO] - Checking timeout

2021-11-18 11:14:01 - [MESSAGE][INFO] - Finding web element with id: 'Object Repository/Tablo/DurumBilgisiIrsaliye' located by 'By.xpath: //*[@id = 'GridViewDespatchAdvice_tccell0_6']' in '30' second(s)

2021-11-18 11:14:01 - [MESSAGE][INFO] - Smart Wait Function is triggered

2021-11-18 11:14:02 - [MESSAGE][INFO] - Found 1 web elements with id: 'Object Repository/Tablo/DurumBilgisiIrsaliye' located by 'By.xpath: //*[@id = 'GridViewDespatchAdvice_tccell0_6']' in '30' second(s)

2021-11-18 11:14:02 - [MESSAGE][PASSED] - Actual text and expected text of test object 'Object Repository/Tablo/DurumBilgisiIrsaliye' are matched.

2021-11-18 11:14:02 - [TEST_STEP][PASSED] - Method.TextDegerineEsitElementeTikla(findTestObject("Filtreler/Butonlar"), "Listele"): Method.TextDegerineEsitElementeTikla is PASSED

2021-11-18 11:14:02 - [MESSAGE][INFO] - Finding Test Object 'Object Repository/Filtreler/Butonlar'

2021-11-18 11:14:02 - [MESSAGE][INFO] - Checking timeout

2021-11-18 11:14:02 - [MESSAGE][INFO] - Finding web element with id: 'Object Repository/Filtreler/Butonlar' located by 'By.cssSelector: .dxb>span' in '10' second(s)

2021-11-18 11:14:02 - [MESSAGE][INFO] - Smart Wait Function is triggered

2021-11-18 11:14:02 - [MESSAGE][INFO] - Found 3 web elements with id: 'Object Repository/Filtreler/Butonlar' located by 'By.cssSelector: .dxb>span' in '10' second(s)

2021-11-18 11:14:02 - [MESSAGE][PASSED] - Method.TextDegerineEsitElementeTikla is PASSED

2021-11-18 11:14:02 - [TEST_STEP][PASSED] - sayac = sayac - 1: null

2021-11-18 11:14:02 - [TEST_STEP][PASSED] - Console.println(sayac): null

2021-11-18 11:14:02 - [TEST_STEP][PASSED] - if (sayac == 0): Actual text and expected text of test object 'Object Repository/Tablo/DurumBilgisiIrsaliye' are matched.

2021-11-18 11:14:02 - [MESSAGE][INFO] - Finding Test Object 'Object Repository/Tablo/DurumBilgisiIrsaliye'

2021-11-18 11:14:02 - [MESSAGE][INFO] - Checking object

2021-11-18 11:14:02 - [MESSAGE][INFO] - Finding web element from Test Object's properties

2021-11-18 11:14:02 - [MESSAGE][INFO] - Checking timeout

2021-11-18 11:14:02 - [MESSAGE][INFO] - Finding web element with id: 'Object Repository/Tablo/DurumBilgisiIrsaliye' located by 'By.xpath: //*[@id = 'GridViewDespatchAdvice_tccell0_6']' in '30' second(s)

2021-11-18 11:14:02 - [MESSAGE][INFO] - Smart Wait Function is triggered

2021-11-18 11:14:03 - [MESSAGE][INFO] - Found 1 web elements with id: 'Object Repository/Tablo/DurumBilgisiIrsaliye' located by 'By.xpath: //*[@id = 'GridViewDespatchAdvice_tccell0_6']' in '30' second(s)

2021-11-18 11:14:03 - [MESSAGE][PASSED] - Actual text and expected text of test object 'Object Repository/Tablo/DurumBilgisiIrsaliye' are matched.

2021-11-18 11:14:03 - [TEST_STEP][PASSED] - Method.TextDegerineEsitElementeTikla(findTestObject("Filtreler/Butonlar"), "Listele"): Method.TextDegerineEsitElementeTikla is PASSED

2021-11-18 11:14:03 - [MESSAGE][INFO] - Finding Test Object 'Object Repository/Filtreler/Butonlar'

2021-11-18 11:14:03 - [MESSAGE][INFO] - Checking timeout

2021-11-18 11:14:03 - [MESSAGE][INFO] - Finding web element with id: 'Object Repository/Filtreler/Butonlar' located by 'By.cssSelector: .dxb>span' in '10' second(s)

2021-11-18 11:14:03 - [MESSAGE][INFO] - Smart Wait Function is triggered

2021-11-18 11:14:04 - [MESSAGE][INFO] - Found 3 web elements with id: 'Object Repository/Filtreler/Butonlar' located by 'By.cssSelector: .dxb>span' in '10' second(s)

2021-11-18 11:14:04 - [MESSAGE][PASSED] - Method.TextDegerineEsitElementeTikla is PASSED

2021-11-18 11:14:04 - [TEST_STEP][PASSED] - sayac = sayac - 1: null

2021-11-18 11:14:04 - [TEST_STEP][PASSED] - Console.println(sayac): null

2021-11-18 11:14:04 - [TEST_STEP][PASSED] - if (sayac == 0): Actual text and expected text of test object 'Object Repository/Tablo/DurumBilgisiIrsaliye' are matched.

2021-11-18 11:14:04 - [MESSAGE][INFO] - Finding Test Object 'Object Repository/Tablo/DurumBilgisiIrsaliye'

2021-11-18 11:14:04 - [MESSAGE][INFO] - Checking object

2021-11-18 11:14:04 - [MESSAGE][INFO] - Finding web element from Test Object's properties

2021-11-18 11:14:04 - [MESSAGE][INFO] - Checking timeout

2021-11-18 11:14:04 - [MESSAGE][INFO] - Finding web element with id: 'Object Repository/Tablo/DurumBilgisiIrsaliye' located by 'By.xpath: //*[@id = 'GridViewDespatchAdvice_tccell0_6']' in '30' second(s)

2021-11-18 11:14:04 - [MESSAGE][INFO] - Smart Wait Function is triggered

2021-11-18 11:14:04 - [MESSAGE][INFO] - Found 1 web elements with id: 'Object Repository/Tablo/DurumBilgisiIrsaliye' located by 'By.xpath: //*[@id = 'GridViewDespatchAdvice_tccell0_6']' in '30' second(s)

2021-11-18 11:14:04 - [MESSAGE][PASSED] - Actual text and expected text of test object 'Object Repository/Tablo/DurumBilgisiIrsaliye' are matched.

2021-11-18 11:14:04 - [TEST_STEP][PASSED] - Method.TextDegerineEsitElementeTikla(findTestObject("Filtreler/Butonlar"), "Listele"): Method.TextDegerineEsitElementeTikla is PASSED

2021-11-18 11:14:04 - [MESSAGE][INFO] - Finding Test Object 'Object Repository/Filtreler/Butonlar'

2021-11-18 11:14:04 - [MESSAGE][INFO] - Checking timeout

2021-11-18 11:14:04 - [MESSAGE][INFO] - Finding web element with id: 'Object Repository/Filtreler/Butonlar' located by 'By.cssSelector: .dxb>span' in '10' second(s)

2021-11-18 11:14:04 - [MESSAGE][INFO] - Smart Wait Function is triggered

2021-11-18 11:14:05 - [MESSAGE][INFO] - Found 3 web elements with id: 'Object Repository/Filtreler/Butonlar' located by 'By.cssSelector: .dxb>span' in '10' second(s)

2021-11-18 11:14:05 - [MESSAGE][PASSED] - Method.TextDegerineEsitElementeTikla is PASSED

2021-11-18 11:14:05 - [TEST_STEP][PASSED] - sayac = sayac - 1: null

2021-11-18 11:14:05 - [TEST_STEP][PASSED] - Console.println(sayac): null

2021-11-18 11:14:05 - [TEST_STEP][PASSED] - if (sayac == 0): Actual text and expected text of test object 'Object Repository/Tablo/DurumBilgisiIrsaliye' are matched.

2021-11-18 11:14:05 - [MESSAGE][INFO] - Finding Test Object 'Object Repository/Tablo/DurumBilgisiIrsaliye'

2021-11-18 11:14:05 - [MESSAGE][INFO] - Checking object

2021-11-18 11:14:05 - [MESSAGE][INFO] - Finding web element from Test Object's properties

2021-11-18 11:14:05 - [MESSAGE][INFO] - Checking timeout

2021-11-18 11:14:05 - [MESSAGE][INFO] - Finding web element with id: 'Object Repository/Tablo/DurumBilgisiIrsaliye' located by 'By.xpath: //*[@id = 'GridViewDespatchAdvice_tccell0_6']' in '30' second(s)

2021-11-18 11:14:05 - [MESSAGE][INFO] - Smart Wait Function is triggered

2021-11-18 11:14:06 - [MESSAGE][INFO] - Found 1 web elements with id: 'Object Repository/Tablo/DurumBilgisiIrsaliye' located by 'By.xpath: //*[@id = 'GridViewDespatchAdvice_tccell0_6']' in '30' second(s)

2021-11-18 11:14:06 - [MESSAGE][PASSED] - Actual text and expected text of test object 'Object Repository/Tablo/DurumBilgisiIrsaliye' are matched.

2021-11-18 11:14:06 - [TEST_STEP][PASSED] - Method.TextDegerineEsitElementeTikla(findTestObject("Filtreler/Butonlar"), "Listele"): Method.TextDegerineEsitElementeTikla is PASSED

2021-11-18 11:14:06 - [MESSAGE][INFO] - Finding Test Object 'Object Repository/Filtreler/Butonlar'

2021-11-18 11:14:06 - [MESSAGE][INFO] - Checking timeout

2021-11-18 11:14:06 - [MESSAGE][INFO] - Finding web element with id: 'Object Repository/Filtreler/Butonlar' located by 'By.cssSelector: .dxb>span' in '10' second(s)

2021-11-18 11:14:06 - [MESSAGE][INFO] - Smart Wait Function is triggered

2021-11-18 11:14:06 - [MESSAGE][INFO] - Found 3 web elements with id: 'Object Repository/Filtreler/Butonlar' located by 'By.cssSelector: .dxb>span' in '10' second(s)

2021-11-18 11:14:06 - [MESSAGE][PASSED] - Method.TextDegerineEsitElementeTikla is PASSED

2021-11-18 11:14:06 - [TEST_STEP][PASSED] - sayac = sayac - 1: null

2021-11-18 11:14:06 - [TEST_STEP][PASSED] - Console.println(sayac): null

2021-11-18 11:14:06 - [TEST_STEP][PASSED] - if (sayac == 0): Actual text and expected text of test object 'Object Repository/Tablo/DurumBilgisiIrsaliye' are matched.

2021-11-18 11:14:06 - [MESSAGE][INFO] - Finding Test Object 'Object Repository/Tablo/DurumBilgisiIrsaliye'

2021-11-18 11:14:07 - [MESSAGE][INFO] - Checking object

2021-11-18 11:14:07 - [MESSAGE][INFO] - Finding web element from Test Object's properties

2021-11-18 11:14:07 - [MESSAGE][INFO] - Checking timeout

2021-11-18 11:14:07 - [MESSAGE][INFO] - Finding web element with id: 'Object Repository/Tablo/DurumBilgisiIrsaliye' located by 'By.xpath: //*[@id = 'GridViewDespatchAdvice_tccell0_6']' in '30' second(s)

2021-11-18 11:14:07 - [MESSAGE][INFO] - Smart Wait Function is triggered

2021-11-18 11:14:07 - [MESSAGE][INFO] - Found 1 web elements with id: 'Object Repository/Tablo/DurumBilgisiIrsaliye' located by 'By.xpath: //*[@id = 'GridViewDespatchAdvice_tccell0_6']' in '30' second(s)

2021-11-18 11:14:07 - [MESSAGE][PASSED] - Actual text and expected text of test object 'Object Repository/Tablo/DurumBilgisiIrsaliye' are matched.

2021-11-18 11:14:07 - [TEST_STEP][PASSED] - Method.TextDegerineEsitElementeTikla(findTestObject("Filtreler/Butonlar"), "Listele"): Method.TextDegerineEsitElementeTikla is PASSED

2021-11-18 11:14:07 - [MESSAGE][INFO] - Finding Test Object 'Object Repository/Filtreler/Butonlar'

2021-11-18 11:14:07 - [MESSAGE][INFO] - Checking timeout

2021-11-18 11:14:07 - [MESSAGE][INFO] - Finding web element with id: 'Object Repository/Filtreler/Butonlar' located by 'By.cssSelector: .dxb>span' in '10' second(s)

2021-11-18 11:14:07 - [MESSAGE][INFO] - Smart Wait Function is triggered

2021-11-18 11:14:08 - [MESSAGE][INFO] - Found 3 web elements with id: 'Object Repository/Filtreler/Butonlar' located by 'By.cssSelector: .dxb>span' in '10' second(s)

2021-11-18 11:14:08 - [MESSAGE][PASSED] - Method.TextDegerineEsitElementeTikla is PASSED

2021-11-18 11:14:08 - [TEST_STEP][PASSED] - sayac = sayac - 1: null

2021-11-18 11:14:08 - [TEST_STEP][PASSED] - Console.println(sayac): null

2021-11-18 11:14:08 - [TEST_STEP][PASSED] - if (sayac == 0): Actual text and expected text of test object 'Object Repository/Tablo/DurumBilgisiIrsaliye' are matched.

2021-11-18 11:14:08 - [MESSAGE][INFO] - Finding Test Object 'Object Repository/Tablo/DurumBilgisiIrsaliye'

2021-11-18 11:14:08 - [MESSAGE][INFO] - Checking object

2021-11-18 11:14:08 - [MESSAGE][INFO] - Finding web element from Test Object's properties

2021-11-18 11:14:08 - [MESSAGE][INFO] - Checking timeout

2021-11-18 11:14:08 - [MESSAGE][INFO] - Finding web element with id: 'Object Repository/Tablo/DurumBilgisiIrsaliye' located by 'By.xpath: //*[@id = 'GridViewDespatchAdvice_tccell0_6']' in '30' second(s)

2021-11-18 11:14:08 - [MESSAGE][INFO] - Smart Wait Function is triggered

2021-11-18 11:14:08 - [MESSAGE][INFO] - Found 1 web elements with id: 'Object Repository/Tablo/DurumBilgisiIrsaliye' located by 'By.xpath: //*[@id = 'GridViewDespatchAdvice_tccell0_6']' in '30' second(s)

2021-11-18 11:14:08 - [MESSAGE][PASSED] - Actual text and expected text of test object 'Object Repository/Tablo/DurumBilgisiIrsaliye' are matched.

2021-11-18 11:14:08 - [TEST_STEP][PASSED] - Method.TextDegerineEsitElementeTikla(findTestObject("Filtreler/Butonlar"), "Listele"): Method.TextDegerineEsitElementeTikla is PASSED

2021-11-18 11:14:08 - [MESSAGE][INFO] - Finding Test Object 'Object Repository/Filtreler/Butonlar'

2021-11-18 11:14:09 - [MESSAGE][INFO] - Checking timeout

2021-11-18 11:14:09 - [MESSAGE][INFO] - Finding web element with id: 'Object Repository/Filtreler/Butonlar' located by 'By.cssSelector: .dxb>span' in '10' second(s)

2021-11-18 11:14:09 - [MESSAGE][INFO] - Smart Wait Function is triggered

2021-11-18 11:14:09 - [MESSAGE][INFO] - Found 3 web elements with id: 'Object Repository/Filtreler/Butonlar' located by 'By.cssSelector: .dxb>span' in '10' second(s)

2021-11-18 11:14:09 - [MESSAGE][PASSED] - Method.TextDegerineEsitElementeTikla is PASSED

2021-11-18 11:14:09 - [TEST_STEP][PASSED] - sayac = sayac - 1: null

2021-11-18 11:14:09 - [TEST_STEP][PASSED] - Console.println(sayac): null

2021-11-18 11:14:09 - [TEST_STEP][PASSED] - if (sayac == 0): Actual text and expected text of test object 'Object Repository/Tablo/DurumBilgisiIrsaliye' are matched.

2021-11-18 11:14:09 - [MESSAGE][INFO] - Finding Test Object 'Object Repository/Tablo/DurumBilgisiIrsaliye'

2021-11-18 11:14:09 - [MESSAGE][INFO] - Checking object

2021-11-18 11:14:09 - [MESSAGE][INFO] - Finding web element from Test Object's properties

2021-11-18 11:14:09 - [MESSAGE][INFO] - Checking timeout

2021-11-18 11:14:09 - [MESSAGE][INFO] - Finding web element with id: 'Object Repository/Tablo/DurumBilgisiIrsaliye' located by 'By.xpath: //*[@id = 'GridViewDespatchAdvice_tccell0_6']' in '30' second(s)

2021-11-18 11:14:09 - [MESSAGE][INFO] - Smart Wait Function is triggered

2021-11-18 11:14:10 - [MESSAGE][INFO] - Found 1 web elements with id: 'Object Repository/Tablo/DurumBilgisiIrsaliye' located by 'By.xpath: //*[@id = 'GridViewDespatchAdvice_tccell0_6']' in '30' second(s)

2021-11-18 11:14:10 - [MESSAGE][PASSED] - Actual text and expected text of test object 'Object Repository/Tablo/DurumBilgisiIrsaliye' are matched.

2021-11-18 11:14:10 - [TEST_STEP][PASSED] - Method.TextDegerineEsitElementeTikla(findTestObject("Filtreler/Butonlar"), "Listele"): Method.TextDegerineEsitElementeTikla is PASSED

2021-11-18 11:14:10 - [MESSAGE][INFO] - Finding Test Object 'Object Repository/Filtreler/Butonlar'

2021-11-18 11:14:10 - [MESSAGE][INFO] - Checking timeout

2021-11-18 11:14:10 - [MESSAGE][INFO] - Finding web element with id: 'Object Repository/Filtreler/Butonlar' located by 'By.cssSelector: .dxb>span' in '10' second(s)

2021-11-18 11:14:10 - [MESSAGE][INFO] - Smart Wait Function is triggered

2021-11-18 11:14:10 - [MESSAGE][INFO] - Found 3 web elements with id: 'Object Repository/Filtreler/Butonlar' located by 'By.cssSelector: .dxb>span' in '10' second(s)

2021-11-18 11:14:10 - [MESSAGE][PASSED] - Method.TextDegerineEsitElementeTikla is PASSED

2021-11-18 11:14:10 - [TEST_STEP][PASSED] - sayac = sayac - 1: null

2021-11-18 11:14:10 - [TEST_STEP][PASSED] - Console.println(sayac): null

2021-11-18 11:14:10 - [TEST_STEP][PASSED] - if (sayac == 0): Actual text and expected text of test object 'Object Repository/Tablo/DurumBilgisiIrsaliye' are matched.

2021-11-18 11:14:10 - [MESSAGE][INFO] - Finding Test Object 'Object Repository/Tablo/DurumBilgisiIrsaliye'

2021-11-18 11:14:10 - [MESSAGE][INFO] - Checking object

2021-11-18 11:14:10 - [MESSAGE][INFO] - Finding web element from Test Object's properties

2021-11-18 11:14:10 - [MESSAGE][INFO] - Checking timeout

2021-11-18 11:14:10 - [MESSAGE][INFO] - Finding web element with id: 'Object Repository/Tablo/DurumBilgisiIrsaliye' located by 'By.xpath: //*[@id = 'GridViewDespatchAdvice_tccell0_6']' in '30' second(s)

2021-11-18 11:14:10 - [MESSAGE][INFO] - Smart Wait Function is triggered

2021-11-18 11:14:11 - [MESSAGE][INFO] - Found 1 web elements with id: 'Object Repository/Tablo/DurumBilgisiIrsaliye' located by 'By.xpath: //*[@id = 'GridViewDespatchAdvice_tccell0_6']' in '30' second(s)

2021-11-18 11:14:11 - [MESSAGE][PASSED] - Actual text and expected text of test object 'Object Repository/Tablo/DurumBilgisiIrsaliye' are matched.

2021-11-18 11:14:11 - [TEST_STEP][PASSED] - Method.TextDegerineEsitElementeTikla(findTestObject("Filtreler/Butonlar"), "Listele"): Method.TextDegerineEsitElementeTikla is PASSED

2021-11-18 11:14:11 - [MESSAGE][INFO] - Finding Test Object 'Object Repository/Filtreler/Butonlar'

2021-11-18 11:14:11 - [MESSAGE][INFO] - Checking timeout

2021-11-18 11:14:11 - [MESSAGE][INFO] - Finding web element with id: 'Object Repository/Filtreler/Butonlar' located by 'By.cssSelector: .dxb>span' in '10' second(s)

2021-11-18 11:14:11 - [MESSAGE][INFO] - Smart Wait Function is triggered

2021-11-18 11:14:11 - [MESSAGE][INFO] - Found 3 web elements with id: 'Object Repository/Filtreler/Butonlar' located by 'By.cssSelector: .dxb>span' in '10' second(s)

2021-11-18 11:14:11 - [MESSAGE][PASSED] - Method.TextDegerineEsitElementeTikla is PASSED

2021-11-18 11:14:11 - [TEST_STEP][PASSED] - sayac = sayac - 1: null

2021-11-18 11:14:11 - [TEST_STEP][PASSED] - Console.println(sayac): null

2021-11-18 11:14:11 - [TEST_STEP][PASSED] - if (sayac == 0): Actual text and expected text of test object 'Object Repository/Tablo/DurumBilgisiIrsaliye' are matched.

2021-11-18 11:14:11 - [MESSAGE][INFO] - Finding Test Object 'Object Repository/Tablo/DurumBilgisiIrsaliye'

2021-11-18 11:14:12 - [MESSAGE][INFO] - Checking object

2021-11-18 11:14:12 - [MESSAGE][INFO] - Finding web element from Test Object's properties

2021-11-18 11:14:12 - [MESSAGE][INFO] - Checking timeout

2021-11-18 11:14:12 - [MESSAGE][INFO] - Finding web element with id: 'Object Repository/Tablo/DurumBilgisiIrsaliye' located by 'By.xpath: //*[@id = 'GridViewDespatchAdvice_tccell0_6']' in '30' second(s)

2021-11-18 11:14:12 - [MESSAGE][INFO] - Smart Wait Function is triggered

2021-11-18 11:14:12 - [MESSAGE][INFO] - Found 1 web elements with id: 'Object Repository/Tablo/DurumBilgisiIrsaliye' located by 'By.xpath: //*[@id = 'GridViewDespatchAdvice_tccell0_6']' in '30' second(s)

2021-11-18 11:14:12 - [MESSAGE][PASSED] - Actual text and expected text of test object 'Object Repository/Tablo/DurumBilgisiIrsaliye' are matched.

2021-11-18 11:14:12 - [TEST_STEP][PASSED] - Method.TextDegerineEsitElementeTikla(findTestObject("Filtreler/Butonlar"), "Listele"): Method.TextDegerineEsitElementeTikla is PASSED

2021-11-18 11:14:12 - [MESSAGE][INFO] - Finding Test Object 'Object Repository/Filtreler/Butonlar'

2021-11-18 11:14:12 - [MESSAGE][INFO] - Checking timeout

2021-11-18 11:14:12 - [MESSAGE][INFO] - Finding web element with id: 'Object Repository/Filtreler/Butonlar' located by 'By.cssSelector: .dxb>span' in '10' second(s)

2021-11-18 11:14:12 - [MESSAGE][INFO] - Smart Wait Function is triggered

2021-11-18 11:14:13 - [MESSAGE][INFO] - Found 3 web elements with id: 'Object Repository/Filtreler/Butonlar' located by 'By.cssSelector: .dxb>span' in '10' second(s)

2021-11-18 11:14:13 - [MESSAGE][PASSED] - Method.TextDegerineEsitElementeTikla is PASSED

2021-11-18 11:14:13 - [TEST_STEP][PASSED] - sayac = sayac - 1: null

2021-11-18 11:14:13 - [TEST_STEP][PASSED] - Console.println(sayac): null

2021-11-18 11:14:13 - [TEST_STEP][PASSED] - if (sayac == 0): Actual text and expected text of test object 'Object Repository/Tablo/DurumBilgisiIrsaliye' are matched.

2021-11-18 11:14:13 - [MESSAGE][INFO] - Finding Test Object 'Object Repository/Tablo/DurumBilgisiIrsaliye'

2021-11-18 11:14:13 - [MESSAGE][INFO] - Checking object

2021-11-18 11:14:13 - [MESSAGE][INFO] - Finding web element from Test Object's properties

2021-11-18 11:14:13 - [MESSAGE][INFO] - Checking timeout

2021-11-18 11:14:13 - [MESSAGE][INFO] - Finding web element with id: 'Object Repository/Tablo/DurumBilgisiIrsaliye' located by 'By.xpath: //*[@id = 'GridViewDespatchAdvice_tccell0_6']' in '30' second(s)

2021-11-18 11:14:13 - [MESSAGE][INFO] - Smart Wait Function is triggered

2021-11-18 11:14:13 - [MESSAGE][INFO] - Found 1 web elements with id: 'Object Repository/Tablo/DurumBilgisiIrsaliye' located by 'By.xpath: //*[@id = 'GridViewDespatchAdvice_tccell0_6']' in '30' second(s)

2021-11-18 11:14:13 - [MESSAGE][PASSED] - Actual text and expected text of test object 'Object Repository/Tablo/DurumBilgisiIrsaliye' are matched.

2021-11-18 11:14:13 - [TEST_STEP][PASSED] - Method.TextDegerineEsitElementeTikla(findTestObject("Filtreler/Butonlar"), "Listele"): Method.TextDegerineEsitElementeTikla is PASSED

2021-11-18 11:14:13 - [MESSAGE][INFO] - Finding Test Object 'Object Repository/Filtreler/Butonlar'

2021-11-18 11:14:14 - [MESSAGE][INFO] - Checking timeout

2021-11-18 11:14:14 - [MESSAGE][INFO] - Finding web element with id: 'Object Repository/Filtreler/Butonlar' located by 'By.cssSelector: .dxb>span' in '10' second(s)

2021-11-18 11:14:14 - [MESSAGE][INFO] - Smart Wait Function is triggered

2021-11-18 11:14:14 - [MESSAGE][INFO] - Found 3 web elements with id: 'Object Repository/Filtreler/Butonlar' located by 'By.cssSelector: .dxb>span' in '10' second(s)

2021-11-18 11:14:14 - [MESSAGE][PASSED] - Method.TextDegerineEsitElementeTikla is PASSED

2021-11-18 11:14:14 - [TEST_STEP][PASSED] - sayac = sayac - 1: null

2021-11-18 11:14:14 - [TEST_STEP][PASSED] - Console.println(sayac): null

2021-11-18 11:14:14 - [TEST_STEP][PASSED] - if (sayac == 0): Actual text and expected text of test object 'Object Repository/Tablo/DurumBilgisiIrsaliye' are matched.

2021-11-18 11:14:14 - [MESSAGE][INFO] - Finding Test Object 'Object Repository/Tablo/DurumBilgisiIrsaliye'

2021-11-18 11:14:14 - [MESSAGE][INFO] - Checking object

2021-11-18 11:14:14 - [MESSAGE][INFO] - Finding web element from Test Object's properties

2021-11-18 11:14:14 - [MESSAGE][INFO] - Checking timeout

2021-11-18 11:14:14 - [MESSAGE][INFO] - Finding web element with id: 'Object Repository/Tablo/DurumBilgisiIrsaliye' located by 'By.xpath: //*[@id = 'GridViewDespatchAdvice_tccell0_6']' in '30' second(s)

2021-11-18 11:14:14 - [MESSAGE][INFO] - Smart Wait Function is triggered

2021-11-18 11:14:15 - [MESSAGE][INFO] - Found 1 web elements with id: 'Object Repository/Tablo/DurumBilgisiIrsaliye' located by 'By.xpath: //*[@id = 'GridViewDespatchAdvice_tccell0_6']' in '30' second(s)

2021-11-18 11:14:15 - [MESSAGE][PASSED] - Actual text and expected text of test object 'Object Repository/Tablo/DurumBilgisiIrsaliye' are matched.

2021-11-18 11:14:15 - [TEST_STEP][PASSED] - Method.TextDegerineEsitElementeTikla(findTestObject("Filtreler/Butonlar"), "Listele"): Method.TextDegerineEsitElementeTikla is PASSED

2021-11-18 11:14:15 - [MESSAGE][INFO] - Finding Test Object 'Object Repository/Filtreler/Butonlar'

2021-11-18 11:14:15 - [MESSAGE][INFO] - Checking timeout

2021-11-18 11:14:15 - [MESSAGE][INFO] - Finding web element with id: 'Object Repository/Filtreler/Butonlar' located by 'By.cssSelector: .dxb>span' in '10' second(s)

2021-11-18 11:14:15 - [MESSAGE][INFO] - Smart Wait Function is triggered

2021-11-18 11:14:15 - [MESSAGE][INFO] - Found 3 web elements with id: 'Object Repository/Filtreler/Butonlar' located by 'By.cssSelector: .dxb>span' in '10' second(s)

2021-11-18 11:14:15 - [MESSAGE][PASSED] - Method.TextDegerineEsitElementeTikla is PASSED

2021-11-18 11:14:15 - [TEST_STEP][PASSED] - sayac = sayac - 1: null

2021-11-18 11:14:15 - [TEST_STEP][PASSED] - Console.println(sayac): null

2021-11-18 11:14:15 - [TEST_STEP][PASSED] - if (sayac == 0): Actual text and expected text of test object 'Object Repository/Tablo/DurumBilgisiIrsaliye' are matched.

2021-11-18 11:14:15 - [MESSAGE][INFO] - Finding Test Object 'Object Repository/Tablo/DurumBilgisiIrsaliye'

2021-11-18 11:14:15 - [MESSAGE][INFO] - Checking object

2021-11-18 11:14:15 - [MESSAGE][INFO] - Finding web element from Test Object's properties

2021-11-18 11:14:15 - [MESSAGE][INFO] - Checking timeout

2021-11-18 11:14:15 - [MESSAGE][INFO] - Finding web element with id: 'Object Repository/Tablo/DurumBilgisiIrsaliye' located by 'By.xpath: //*[@id = 'GridViewDespatchAdvice_tccell0_6']' in '30' second(s)

2021-11-18 11:14:15 - [MESSAGE][INFO] - Smart Wait Function is triggered

2021-11-18 11:14:16 - [MESSAGE][INFO] - Found 1 web elements with id: 'Object Repository/Tablo/DurumBilgisiIrsaliye' located by 'By.xpath: //*[@id = 'GridViewDespatchAdvice_tccell0_6']' in '30' second(s)

2021-11-18 11:14:16 - [MESSAGE][PASSED] - Actual text and expected text of test object 'Object Repository/Tablo/DurumBilgisiIrsaliye' are matched.

2021-11-18 11:14:16 - [TEST_STEP][PASSED] - Method.TextDegerineEsitElementeTikla(findTestObject("Filtreler/Butonlar"), "Listele"): Method.TextDegerineEsitElementeTikla is PASSED

2021-11-18 11:14:16 - [MESSAGE][INFO] - Finding Test Object 'Object Repository/Filtreler/Butonlar'

2021-11-18 11:14:16 - [MESSAGE][INFO] - Checking timeout

2021-11-18 11:14:16 - [MESSAGE][INFO] - Finding web element with id: 'Object Repository/Filtreler/Butonlar' located by 'By.cssSelector: .dxb>span' in '10' second(s)

2021-11-18 11:14:16 - [MESSAGE][INFO] - Smart Wait Function is triggered

2021-11-18 11:14:16 - [MESSAGE][INFO] - Found 3 web elements with id: 'Object Repository/Filtreler/Butonlar' located by 'By.cssSelector: .dxb>span' in '10' second(s)

2021-11-18 11:14:16 - [MESSAGE][PASSED] - Method.TextDegerineEsitElementeTikla is PASSED

2021-11-18 11:14:16 - [TEST_STEP][PASSED] - sayac = sayac - 1: null

2021-11-18 11:14:16 - [TEST_STEP][PASSED] - Console.println(sayac): null

2021-11-18 11:14:16 - [TEST_STEP][PASSED] - if (sayac == 0): Actual text and expected text of test object 'Object Repository/Tablo/DurumBilgisiIrsaliye' are matched.

2021-11-18 11:14:16 - [MESSAGE][INFO] - Finding Test Object 'Object Repository/Tablo/DurumBilgisiIrsaliye'

2021-11-18 11:14:16 - [MESSAGE][INFO] - Checking object

2021-11-18 11:14:16 - [MESSAGE][INFO] - Finding web element from Test Object's properties

2021-11-18 11:14:16 - [MESSAGE][INFO] - Checking timeout

2021-11-18 11:14:16 - [MESSAGE][INFO] - Finding web element with id: 'Object Repository/Tablo/DurumBilgisiIrsaliye' located by 'By.xpath: //*[@id = 'GridViewDespatchAdvice_tccell0_6']' in '30' second(s)

2021-11-18 11:14:16 - [MESSAGE][INFO] - Smart Wait Function is triggered

2021-11-18 11:14:17 - [MESSAGE][INFO] - Found 1 web elements with id: 'Object Repository/Tablo/DurumBilgisiIrsaliye' located by 'By.xpath: //*[@id = 'GridViewDespatchAdvice_tccell0_6']' in '30' second(s)

2021-11-18 11:14:17 - [MESSAGE][PASSED] - Actual text and expected text of test object 'Object Repository/Tablo/DurumBilgisiIrsaliye' are matched.

2021-11-18 11:14:17 - [TEST_STEP][PASSED] - Method.TextDegerineEsitElementeTikla(findTestObject("Filtreler/Butonlar"), "Listele"): Method.TextDegerineEsitElementeTikla is PASSED

2021-11-18 11:14:17 - [MESSAGE][INFO] - Finding Test Object 'Object Repository/Filtreler/Butonlar'

2021-11-18 11:14:17 - [MESSAGE][INFO] - Checking timeout

2021-11-18 11:14:17 - [MESSAGE][INFO] - Finding web element with id: 'Object Repository/Filtreler/Butonlar' located by 'By.cssSelector: .dxb>span' in '10' second(s)

2021-11-18 11:14:17 - [MESSAGE][INFO] - Smart Wait Function is triggered

2021-11-18 11:14:17 - [MESSAGE][INFO] - Found 3 web elements with id: 'Object Repository/Filtreler/Butonlar' located by 'By.cssSelector: .dxb>span' in '10' second(s)

2021-11-18 11:14:17 - [MESSAGE][PASSED] - Method.TextDegerineEsitElementeTikla is PASSED

2021-11-18 11:14:17 - [TEST_STEP][PASSED] - sayac = sayac - 1: null

2021-11-18 11:14:17 - [TEST_STEP][PASSED] - Console.println(sayac): null

2021-11-18 11:14:17 - [TEST_STEP][PASSED] - if (sayac == 0): Actual text and expected text of test object 'Object Repository/Tablo/DurumBilgisiIrsaliye' are matched.

2021-11-18 11:14:17 - [MESSAGE][INFO] - Finding Test Object 'Object Repository/Tablo/DurumBilgisiIrsaliye'

2021-11-18 11:14:18 - [MESSAGE][INFO] - Checking object

2021-11-18 11:14:18 - [MESSAGE][INFO] - Finding web element from Test Object's properties

2021-11-18 11:14:18 - [MESSAGE][INFO] - Checking timeout

2021-11-18 11:14:18 - [MESSAGE][INFO] - Finding web element with id: 'Object Repository/Tablo/DurumBilgisiIrsaliye' located by 'By.xpath: //*[@id = 'GridViewDespatchAdvice_tccell0_6']' in '30' second(s)

2021-11-18 11:14:18 - [MESSAGE][INFO] - Smart Wait Function is triggered

2021-11-18 11:14:18 - [MESSAGE][INFO] - Found 1 web elements with id: 'Object Repository/Tablo/DurumBilgisiIrsaliye' located by 'By.xpath: //*[@id = 'GridViewDespatchAdvice_tccell0_6']' in '30' second(s)

2021-11-18 11:14:18 - [MESSAGE][PASSED] - Actual text and expected text of test object 'Object Repository/Tablo/DurumBilgisiIrsaliye' are matched.

2021-11-18 11:14:18 - [TEST_STEP][PASSED] - Method.TextDegerineEsitElementeTikla(findTestObject("Filtreler/Butonlar"), "Listele"): Method.TextDegerineEsitElementeTikla is PASSED

2021-11-18 11:14:18 - [MESSAGE][INFO] - Finding Test Object 'Object Repository/Filtreler/Butonlar'

2021-11-18 11:14:18 - [MESSAGE][INFO] - Checking timeout

2021-11-18 11:14:18 - [MESSAGE][INFO] - Finding web element with id: 'Object Repository/Filtreler/Butonlar' located by 'By.cssSelector: .dxb>span' in '10' second(s)

2021-11-18 11:14:18 - [MESSAGE][INFO] - Smart Wait Function is triggered

2021-11-18 11:14:18 - [MESSAGE][INFO] - Found 3 web elements with id: 'Object Repository/Filtreler/Butonlar' located by 'By.cssSelector: .dxb>span' in '10' second(s)

2021-11-18 11:14:18 - [MESSAGE][PASSED] - Method.TextDegerineEsitElementeTikla is PASSED

2021-11-18 11:14:18 - [TEST_STEP][PASSED] - sayac = sayac - 1: null

2021-11-18 11:14:18 - [TEST_STEP][PASSED] - Console.println(sayac): null

2021-11-18 11:14:18 - [TEST_STEP][PASSED] - if (sayac == 0): Actual text and expected text of test object 'Object Repository/Tablo/DurumBilgisiIrsaliye' are matched.

2021-11-18 11:14:18 - [MESSAGE][INFO] - Finding Test Object 'Object Repository/Tablo/DurumBilgisiIrsaliye'

2021-11-18 11:14:19 - [MESSAGE][INFO] - Checking object

2021-11-18 11:14:19 - [MESSAGE][INFO] - Finding web element from Test Object's properties

2021-11-18 11:14:19 - [MESSAGE][INFO] - Checking timeout

2021-11-18 11:14:19 - [MESSAGE][INFO] - Finding web element with id: 'Object Repository/Tablo/DurumBilgisiIrsaliye' located by 'By.xpath: //*[@id = 'GridViewDespatchAdvice_tccell0_6']' in '30' second(s)

2021-11-18 11:14:19 - [MESSAGE][INFO] - Smart Wait Function is triggered

2021-11-18 11:14:19 - [MESSAGE][INFO] - Found 1 web elements with id: 'Object Repository/Tablo/DurumBilgisiIrsaliye' located by 'By.xpath: //*[@id = 'GridViewDespatchAdvice_tccell0_6']' in '30' second(s)

2021-11-18 11:14:19 - [MESSAGE][PASSED] - Actual text and expected text of test object 'Object Repository/Tablo/DurumBilgisiIrsaliye' are matched.

2021-11-18 11:14:19 - [TEST_STEP][PASSED] - Method.TextDegerineEsitElementeTikla(findTestObject("Filtreler/Butonlar"), "Listele"): Method.TextDegerineEsitElementeTikla is PASSED

2021-11-18 11:14:19 - [MESSAGE][INFO] - Finding Test Object 'Object Repository/Filtreler/Butonlar'

2021-11-18 11:14:19 - [MESSAGE][INFO] - Checking timeout

2021-11-18 11:14:19 - [MESSAGE][INFO] - Finding web element with id: 'Object Repository/Filtreler/Butonlar' located by 'By.cssSelector: .dxb>span' in '10' second(s)

2021-11-18 11:14:19 - [MESSAGE][INFO] - Smart Wait Function is triggered

2021-11-18 11:14:19 - [MESSAGE][INFO] - Found 3 web elements with id: 'Object Repository/Filtreler/Butonlar' located by 'By.cssSelector: .dxb>span' in '10' second(s)

2021-11-18 11:14:20 - [MESSAGE][PASSED] - Method.TextDegerineEsitElementeTikla is PASSED

2021-11-18 11:14:20 - [TEST_STEP][PASSED] - sayac = sayac - 1: null

2021-11-18 11:14:20 - [TEST_STEP][PASSED] - Console.println(sayac): null

2021-11-18 11:14:20 - [TEST_STEP][PASSED] - if (sayac == 0): Actual text and expected text of test object 'Object Repository/Tablo/DurumBilgisiIrsaliye' are matched.

2021-11-18 11:14:20 - [MESSAGE][INFO] - Finding Test Object 'Object Repository/Tablo/DurumBilgisiIrsaliye'

2021-11-18 11:14:20 - [MESSAGE][INFO] - Checking object

2021-11-18 11:14:20 - [MESSAGE][INFO] - Finding web element from Test Object's properties

2021-11-18 11:14:20 - [MESSAGE][INFO] - Checking timeout

2021-11-18 11:14:20 - [MESSAGE][INFO] - Finding web element with id: 'Object Repository/Tablo/DurumBilgisiIrsaliye' located by 'By.xpath: //*[@id = 'GridViewDespatchAdvice_tccell0_6']' in '30' second(s)

2021-11-18 11:14:20 - [MESSAGE][INFO] - Smart Wait Function is triggered

2021-11-18 11:14:20 - [MESSAGE][INFO] - Found 1 web elements with id: 'Object Repository/Tablo/DurumBilgisiIrsaliye' located by 'By.xpath: //*[@id = 'GridViewDespatchAdvice_tccell0_6']' in '30' second(s)

2021-11-18 11:14:20 - [MESSAGE][PASSED] - Actual text and expected text of test object 'Object Repository/Tablo/DurumBilgisiIrsaliye' are matched.

2021-11-18 11:14:20 - [TEST_STEP][PASSED] - Method.TextDegerineEsitElementeTikla(findTestObject("Filtreler/Butonlar"), "Listele"): Method.TextDegerineEsitElementeTikla is PASSED

2021-11-18 11:14:20 - [MESSAGE][INFO] - Finding Test Object 'Object Repository/Filtreler/Butonlar'

2021-11-18 11:14:20 - [MESSAGE][INFO] - Checking timeout

2021-11-18 11:14:20 - [MESSAGE][INFO] - Finding web element with id: 'Object Repository/Filtreler/Butonlar' located by 'By.cssSelector: .dxb>span' in '10' second(s)

2021-11-18 11:14:20 - [MESSAGE][INFO] - Smart Wait Function is triggered

2021-11-18 11:14:21 - [MESSAGE][INFO] - Found 3 web elements with id: 'Object Repository/Filtreler/Butonlar' located by 'By.cssSelector: .dxb>span' in '10' second(s)

2021-11-18 11:14:21 - [MESSAGE][PASSED] - Method.TextDegerineEsitElementeTikla is PASSED

2021-11-18 11:14:21 - [TEST_STEP][PASSED] - sayac = sayac - 1: null

2021-11-18 11:14:21 - [TEST_STEP][PASSED] - Console.println(sayac): null

2021-11-18 11:14:21 - [TEST_STEP][PASSED] - if (sayac == 0): Actual text and expected text of test object 'Object Repository/Tablo/DurumBilgisiIrsaliye' are matched.

2021-11-18 11:14:21 - [MESSAGE][INFO] - Finding Test Object 'Object Repository/Tablo/DurumBilgisiIrsaliye'

2021-11-18 11:14:21 - [MESSAGE][INFO] - Checking object

2021-11-18 11:14:21 - [MESSAGE][INFO] - Finding web element from Test Object's properties

2021-11-18 11:14:21 - [MESSAGE][INFO] - Checking timeout

2021-11-18 11:14:21 - [MESSAGE][INFO] - Finding web element with id: 'Object Repository/Tablo/DurumBilgisiIrsaliye' located by 'By.xpath: //*[@id = 'GridViewDespatchAdvice_tccell0_6']' in '30' second(s)

2021-11-18 11:14:21 - [MESSAGE][INFO] - Smart Wait Function is triggered

2021-11-18 11:14:21 - [MESSAGE][INFO] - Found 1 web elements with id: 'Object Repository/Tablo/DurumBilgisiIrsaliye' located by 'By.xpath: //*[@id = 'GridViewDespatchAdvice_tccell0_6']' in '30' second(s)

2021-11-18 11:14:21 - [MESSAGE][PASSED] - Actual text and expected text of test object 'Object Repository/Tablo/DurumBilgisiIrsaliye' are matched.

2021-11-18 11:14:21 - [TEST_STEP][PASSED] - Method.TextDegerineEsitElementeTikla(findTestObject("Filtreler/Butonlar"), "Listele"): Method.TextDegerineEsitElementeTikla is PASSED

2021-11-18 11:14:21 - [MESSAGE][INFO] - Finding Test Object 'Object Repository/Filtreler/Butonlar'

2021-11-18 11:14:21 - [MESSAGE][INFO] - Checking timeout

2021-11-18 11:14:21 - [MESSAGE][INFO] - Finding web element with id: 'Object Repository/Filtreler/Butonlar' located by 'By.cssSelector: .dxb>span' in '10' second(s)

2021-11-18 11:14:21 - [MESSAGE][INFO] - Smart Wait Function is triggered

2021-11-18 11:14:22 - [MESSAGE][INFO] - Found 3 web elements with id: 'Object Repository/Filtreler/Butonlar' located by 'By.cssSelector: .dxb>span' in '10' second(s)

2021-11-18 11:14:22 - [MESSAGE][PASSED] - Method.TextDegerineEsitElementeTikla is PASSED

2021-11-18 11:14:22 - [TEST_STEP][PASSED] - sayac = sayac - 1: null

2021-11-18 11:14:22 - [TEST_STEP][PASSED] - Console.println(sayac): null

2021-11-18 11:14:22 - [TEST_STEP][PASSED] - if (sayac == 0): Actual text and expected text of test object 'Object Repository/Tablo/DurumBilgisiIrsaliye' are matched.

2021-11-18 11:14:22 - [MESSAGE][INFO] - Finding Test Object 'Object Repository/Tablo/DurumBilgisiIrsaliye'

2021-11-18 11:14:22 - [MESSAGE][INFO] - Checking object

2021-11-18 11:14:22 - [MESSAGE][INFO] - Finding web element from Test Object's properties

2021-11-18 11:14:22 - [MESSAGE][INFO] - Checking timeout

2021-11-18 11:14:22 - [MESSAGE][INFO] - Finding web element with id: 'Object Repository/Tablo/DurumBilgisiIrsaliye' located by 'By.xpath: //*[@id = 'GridViewDespatchAdvice_tccell0_6']' in '30' second(s)

2021-11-18 11:14:22 - [MESSAGE][INFO] - Smart Wait Function is triggered

2021-11-18 11:14:22 - [MESSAGE][INFO] - Found 1 web elements with id: 'Object Repository/Tablo/DurumBilgisiIrsaliye' located by 'By.xpath: //*[@id = 'GridViewDespatchAdvice_tccell0_6']' in '30' second(s)

2021-11-18 11:14:22 - [MESSAGE][PASSED] - Actual text and expected text of test object 'Object Repository/Tablo/DurumBilgisiIrsaliye' are matched.

2021-11-18 11:14:22 - [TEST_STEP][PASSED] - Method.TextDegerineEsitElementeTikla(findTestObject("Filtreler/Butonlar"), "Listele"): Method.TextDegerineEsitElementeTikla is PASSED

2021-11-18 11:14:22 - [MESSAGE][INFO] - Finding Test Object 'Object Repository/Filtreler/Butonlar'

2021-11-18 11:14:22 - [MESSAGE][INFO] - Checking timeout

2021-11-18 11:14:22 - [MESSAGE][INFO] - Finding web element with id: 'Object Repository/Filtreler/Butonlar' located by 'By.cssSelector: .dxb>span' in '10' second(s)

2021-11-18 11:14:22 - [MESSAGE][INFO] - Smart Wait Function is triggered

2021-11-18 11:14:23 - [MESSAGE][INFO] - Found 3 web elements with id: 'Object Repository/Filtreler/Butonlar' located by 'By.cssSelector: .dxb>span' in '10' second(s)

2021-11-18 11:14:23 - [MESSAGE][PASSED] - Method.TextDegerineEsitElementeTikla is PASSED

2021-11-18 11:14:23 - [TEST_STEP][PASSED] - sayac = sayac - 1: null

2021-11-18 11:14:23 - [TEST_STEP][PASSED] - Console.println(sayac): null

2021-11-18 11:14:23 - [TEST_STEP][PASSED] - if (sayac == 0): Actual text and expected text of test object 'Object Repository/Tablo/DurumBilgisiIrsaliye' are matched.

2021-11-18 11:14:23 - [MESSAGE][INFO] - Finding Test Object 'Object Repository/Tablo/DurumBilgisiIrsaliye'

2021-11-18 11:14:23 - [MESSAGE][INFO] - Checking object

2021-11-18 11:14:23 - [MESSAGE][INFO] - Finding web element from Test Object's properties

2021-11-18 11:14:23 - [MESSAGE][INFO] - Checking timeout

2021-11-18 11:14:23 - [MESSAGE][INFO] - Finding web element with id: 'Object Repository/Tablo/DurumBilgisiIrsaliye' located by 'By.xpath: //*[@id = 'GridViewDespatchAdvice_tccell0_6']' in '30' second(s)

2021-11-18 11:14:23 - [MESSAGE][INFO] - Smart Wait Function is triggered

2021-11-18 11:14:23 - [MESSAGE][INFO] - Found 1 web elements with id: 'Object Repository/Tablo/DurumBilgisiIrsaliye' located by 'By.xpath: //*[@id = 'GridViewDespatchAdvice_tccell0_6']' in '30' second(s)

2021-11-18 11:14:23 - [MESSAGE][PASSED] - Actual text and expected text of test object 'Object Repository/Tablo/DurumBilgisiIrsaliye' are matched.

2021-11-18 11:14:23 - [TEST_STEP][PASSED] - Method.TextDegerineEsitElementeTikla(findTestObject("Filtreler/Butonlar"), "Listele"): Method.TextDegerineEsitElementeTikla is PASSED

2021-11-18 11:14:23 - [MESSAGE][INFO] - Finding Test Object 'Object Repository/Filtreler/Butonlar'

2021-11-18 11:14:23 - [MESSAGE][INFO] - Checking timeout

2021-11-18 11:14:23 - [MESSAGE][INFO] - Finding web element with id: 'Object Repository/Filtreler/Butonlar' located by 'By.cssSelector: .dxb>span' in '10' second(s)

2021-11-18 11:14:23 - [MESSAGE][INFO] - Smart Wait Function is triggered

2021-11-18 11:14:24 - [MESSAGE][INFO] - Found 3 web elements with id: 'Object Repository/Filtreler/Butonlar' located by 'By.cssSelector: .dxb>span' in '10' second(s)

2021-11-18 11:14:24 - [MESSAGE][PASSED] - Method.TextDegerineEsitElementeTikla is PASSED

2021-11-18 11:14:24 - [TEST_STEP][PASSED] - sayac = sayac - 1: null

2021-11-18 11:14:24 - [TEST_STEP][PASSED] - Console.println(sayac): null

2021-11-18 11:14:24 - [TEST_STEP][PASSED] - if (sayac == 0): Actual text and expected text of test object 'Object Repository/Tablo/DurumBilgisiIrsaliye' are matched.

2021-11-18 11:14:24 - [MESSAGE][INFO] - Finding Test Object 'Object Repository/Tablo/DurumBilgisiIrsaliye'

2021-11-18 11:14:24 - [MESSAGE][INFO] - Checking object

2021-11-18 11:14:24 - [MESSAGE][INFO] - Finding web element from Test Object's properties

2021-11-18 11:14:24 - [MESSAGE][INFO] - Checking timeout

2021-11-18 11:14:24 - [MESSAGE][INFO] - Finding web element with id: 'Object Repository/Tablo/DurumBilgisiIrsaliye' located by 'By.xpath: //*[@id = 'GridViewDespatchAdvice_tccell0_6']' in '30' second(s)

2021-11-18 11:14:24 - [MESSAGE][INFO] - Smart Wait Function is triggered

2021-11-18 11:14:24 - [MESSAGE][INFO] - Found 1 web elements with id: 'Object Repository/Tablo/DurumBilgisiIrsaliye' located by 'By.xpath: //*[@id = 'GridViewDespatchAdvice_tccell0_6']' in '30' second(s)

2021-11-18 11:14:24 - [MESSAGE][PASSED] - Actual text and expected text of test object 'Object Repository/Tablo/DurumBilgisiIrsaliye' are matched.

2021-11-18 11:14:24 - [TEST_STEP][PASSED] - Method.TextDegerineEsitElementeTikla(findTestObject("Filtreler/Butonlar"), "Listele"): Method.TextDegerineEsitElementeTikla is PASSED

2021-11-18 11:14:24 - [MESSAGE][INFO] - Finding Test Object 'Object Repository/Filtreler/Butonlar'

2021-11-18 11:14:24 - [MESSAGE][INFO] - Checking timeout

2021-11-18 11:14:24 - [MESSAGE][INFO] - Finding web element with id: 'Object Repository/Filtreler/Butonlar' located by 'By.cssSelector: .dxb>span' in '10' second(s)

2021-11-18 11:14:24 - [MESSAGE][INFO] - Smart Wait Function is triggered

2021-11-18 11:14:25 - [MESSAGE][INFO] - Found 3 web elements with id: 'Object Repository/Filtreler/Butonlar' located by 'By.cssSelector: .dxb>span' in '10' second(s)

2021-11-18 11:14:25 - [MESSAGE][PASSED] - Method.TextDegerineEsitElementeTikla is PASSED

2021-11-18 11:14:25 - [TEST_STEP][PASSED] - sayac = sayac - 1: null

2021-11-18 11:14:25 - [TEST_STEP][PASSED] - Console.println(sayac): null

2021-11-18 11:14:25 - [TEST_STEP][PASSED] - if (sayac == 0): Actual text and expected text of test object 'Object Repository/Tablo/DurumBilgisiIrsaliye' are matched.

2021-11-18 11:14:25 - [MESSAGE][INFO] - Finding Test Object 'Object Repository/Tablo/DurumBilgisiIrsaliye'

2021-11-18 11:14:25 - [MESSAGE][INFO] - Checking object

2021-11-18 11:14:25 - [MESSAGE][INFO] - Finding web element from Test Object's properties

2021-11-18 11:14:25 - [MESSAGE][INFO] - Checking timeout

2021-11-18 11:14:25 - [MESSAGE][INFO] - Finding web element with id: 'Object Repository/Tablo/DurumBilgisiIrsaliye' located by 'By.xpath: //*[@id = 'GridViewDespatchAdvice_tccell0_6']' in '30' second(s)

2021-11-18 11:14:25 - [MESSAGE][INFO] - Smart Wait Function is triggered

2021-11-18 11:14:25 - [MESSAGE][INFO] - Found 1 web elements with id: 'Object Repository/Tablo/DurumBilgisiIrsaliye' located by 'By.xpath: //*[@id = 'GridViewDespatchAdvice_tccell0_6']' in '30' second(s)

2021-11-18 11:14:26 - [MESSAGE][PASSED] - Actual text and expected text of test object 'Object Repository/Tablo/DurumBilgisiIrsaliye' are matched.

2021-11-18 11:14:26 - [TEST_STEP][PASSED] - Method.TextDegerineEsitElementeTikla(findTestObject("Filtreler/Butonlar"), "Listele"): Method.TextDegerineEsitElementeTikla is PASSED

2021-11-18 11:14:26 - [MESSAGE][INFO] - Finding Test Object 'Object Repository/Filtreler/Butonlar'

2021-11-18 11:14:26 - [MESSAGE][INFO] - Checking timeout

2021-11-18 11:14:26 - [MESSAGE][INFO] - Finding web element with id: 'Object Repository/Filtreler/Butonlar' located by 'By.cssSelector: .dxb>span' in '10' second(s)

2021-11-18 11:14:26 - [MESSAGE][INFO] - Smart Wait Function is triggered

2021-11-18 11:14:26 - [MESSAGE][INFO] - Found 3 web elements with id: 'Object Repository/Filtreler/Butonlar' located by 'By.cssSelector: .dxb>span' in '10' second(s)

2021-11-18 11:14:26 - [MESSAGE][PASSED] - Method.TextDegerineEsitElementeTikla is PASSED

2021-11-18 11:14:26 - [TEST_STEP][PASSED] - sayac = sayac - 1: null

2021-11-18 11:14:26 - [TEST_STEP][PASSED] - Console.println(sayac): null

2021-11-18 11:14:26 - [TEST_STEP][PASSED] - if (sayac == 0): Actual text and expected text of test object 'Object Repository/Tablo/DurumBilgisiIrsaliye' are matched.

2021-11-18 11:14:26 - [MESSAGE][INFO] - Finding Test Object 'Object Repository/Tablo/DurumBilgisiIrsaliye'

2021-11-18 11:14:26 - [MESSAGE][INFO] - Checking object

2021-11-18 11:14:26 - [MESSAGE][INFO] - Finding web element from Test Object's properties

2021-11-18 11:14:26 - [MESSAGE][INFO] - Checking timeout

2021-11-18 11:14:26 - [MESSAGE][INFO] - Finding web element with id: 'Object Repository/Tablo/DurumBilgisiIrsaliye' located by 'By.xpath: //*[@id = 'GridViewDespatchAdvice_tccell0_6']' in '30' second(s)

2021-11-18 11:14:26 - [MESSAGE][INFO] - Smart Wait Function is triggered

2021-11-18 11:14:27 - [MESSAGE][INFO] - Found 1 web elements with id: 'Object Repository/Tablo/DurumBilgisiIrsaliye' located by 'By.xpath: //*[@id = 'GridViewDespatchAdvice_tccell0_6']' in '30' second(s)

2021-11-18 11:14:27 - [MESSAGE][PASSED] - Actual text and expected text of test object 'Object Repository/Tablo/DurumBilgisiIrsaliye' are matched.

2021-11-18 11:14:27 - [TEST_STEP][PASSED] - Method.TextDegerineEsitElementeTikla(findTestObject("Filtreler/Butonlar"), "Listele"): Method.TextDegerineEsitElementeTikla is PASSED

2021-11-18 11:14:27 - [MESSAGE][INFO] - Finding Test Object 'Object Repository/Filtreler/Butonlar'

2021-11-18 11:14:27 - [MESSAGE][INFO] - Checking timeout

2021-11-18 11:14:27 - [MESSAGE][INFO] - Finding web element with id: 'Object Repository/Filtreler/Butonlar' located by 'By.cssSelector: .dxb>span' in '10' second(s)

2021-11-18 11:14:27 - [MESSAGE][INFO] - Smart Wait Function is triggered

2021-11-18 11:14:27 - [MESSAGE][INFO] - Found 3 web elements with id: 'Object Repository/Filtreler/Butonlar' located by 'By.cssSelector: .dxb>span' in '10' second(s)

2021-11-18 11:14:27 - [MESSAGE][PASSED] - Method.TextDegerineEsitElementeTikla is PASSED

2021-11-18 11:14:27 - [TEST_STEP][PASSED] - sayac = sayac - 1: null

2021-11-18 11:14:27 - [TEST_STEP][PASSED] - Console.println(sayac): null

2021-11-18 11:14:27 - [TEST_STEP][PASSED] - if (sayac == 0): Actual text and expected text of test object 'Object Repository/Tablo/DurumBilgisiIrsaliye' are matched.

2021-11-18 11:14:27 - [MESSAGE][INFO] - Finding Test Object 'Object Repository/Tablo/DurumBilgisiIrsaliye'

2021-11-18 11:14:27 - [MESSAGE][INFO] - Checking object

2021-11-18 11:14:27 - [MESSAGE][INFO] - Finding web element from Test Object's properties

2021-11-18 11:14:27 - [MESSAGE][INFO] - Checking timeout

2021-11-18 11:14:27 - [MESSAGE][INFO] - Finding web element with id: 'Object Repository/Tablo/DurumBilgisiIrsaliye' located by 'By.xpath: //*[@id = 'GridViewDespatchAdvice_tccell0_6']' in '30' second(s)

2021-11-18 11:14:27 - [MESSAGE][INFO] - Smart Wait Function is triggered

2021-11-18 11:14:28 - [MESSAGE][INFO] - Found 1 web elements with id: 'Object Repository/Tablo/DurumBilgisiIrsaliye' located by 'By.xpath: //*[@id = 'GridViewDespatchAdvice_tccell0_6']' in '30' second(s)

2021-11-18 11:14:28 - [MESSAGE][PASSED] - Actual text and expected text of test object 'Object Repository/Tablo/DurumBilgisiIrsaliye' are matched.

2021-11-18 11:14:28 - [TEST_STEP][PASSED] - Method.TextDegerineEsitElementeTikla(findTestObject("Filtreler/Butonlar"), "Listele"): Method.TextDegerineEsitElementeTikla is PASSED

2021-11-18 11:14:28 - [MESSAGE][INFO] - Finding Test Object 'Object Repository/Filtreler/Butonlar'

2021-11-18 11:14:28 - [MESSAGE][INFO] - Checking timeout

2021-11-18 11:14:28 - [MESSAGE][INFO] - Finding web element with id: 'Object Repository/Filtreler/Butonlar' located by 'By.cssSelector: .dxb>span' in '10' second(s)

2021-11-18 11:14:28 - [MESSAGE][INFO] - Smart Wait Function is triggered

2021-11-18 11:14:28 - [MESSAGE][INFO] - Found 3 web elements with id: 'Object Repository/Filtreler/Butonlar' located by 'By.cssSelector: .dxb>span' in '10' second(s)

2021-11-18 11:14:28 - [MESSAGE][PASSED] - Method.TextDegerineEsitElementeTikla is PASSED

2021-11-18 11:14:28 - [TEST_STEP][PASSED] - sayac = sayac - 1: null

2021-11-18 11:14:28 - [TEST_STEP][PASSED] - Console.println(sayac): null

2021-11-18 11:14:28 - [TEST_STEP][PASSED] - if (sayac == 0): Actual text and expected text of test object 'Object Repository/Tablo/DurumBilgisiIrsaliye' are matched.

2021-11-18 11:14:28 - [MESSAGE][INFO] - Finding Test Object 'Object Repository/Tablo/DurumBilgisiIrsaliye'

2021-11-18 11:14:28 - [MESSAGE][INFO] - Checking object

2021-11-18 11:14:28 - [MESSAGE][INFO] - Finding web element from Test Object's properties

2021-11-18 11:14:28 - [MESSAGE][INFO] - Checking timeout

2021-11-18 11:14:28 - [MESSAGE][INFO] - Finding web element with id: 'Object Repository/Tablo/DurumBilgisiIrsaliye' located by 'By.xpath: //*[@id = 'GridViewDespatchAdvice_tccell0_6']' in '30' second(s)

2021-11-18 11:14:28 - [MESSAGE][INFO] - Smart Wait Function is triggered

2021-11-18 11:14:29 - [MESSAGE][INFO] - Found 1 web elements with id: 'Object Repository/Tablo/DurumBilgisiIrsaliye' located by 'By.xpath: //*[@id = 'GridViewDespatchAdvice_tccell0_6']' in '30' second(s)

2021-11-18 11:14:29 - [MESSAGE][PASSED] - Actual text and expected text of test object 'Object Repository/Tablo/DurumBilgisiIrsaliye' are matched.

2021-11-18 11:14:29 - [TEST_STEP][PASSED] - Method.TextDegerineEsitElementeTikla(findTestObject("Filtreler/Butonlar"), "Listele"): Method.TextDegerineEsitElementeTikla is PASSED

2021-11-18 11:14:29 - [MESSAGE][INFO] - Finding Test Object 'Object Repository/Filtreler/Butonlar'

2021-11-18 11:14:29 - [MESSAGE][INFO] - Checking timeout

2021-11-18 11:14:29 - [MESSAGE][INFO] - Finding web element with id: 'Object Repository/Filtreler/Butonlar' located by 'By.cssSelector: .dxb>span' in '10' second(s)

2021-11-18 11:14:29 - [MESSAGE][INFO] - Smart Wait Function is triggered

2021-11-18 11:14:29 - [MESSAGE][INFO] - Found 3 web elements with id: 'Object Repository/Filtreler/Butonlar' located by 'By.cssSelector: .dxb>span' in '10' second(s)

2021-11-18 11:14:29 - [MESSAGE][PASSED] - Method.TextDegerineEsitElementeTikla is PASSED

2021-11-18 11:14:29 - [TEST_STEP][PASSED] - sayac = sayac - 1: null

2021-11-18 11:14:29 - [TEST_STEP][PASSED] - Console.println(sayac): null

2021-11-18 11:14:29 - [TEST_STEP][PASSED] - if (sayac == 0): Actual text and expected text of test object 'Object Repository/Tablo/DurumBilgisiIrsaliye' are matched.

2021-11-18 11:14:29 - [MESSAGE][INFO] - Finding Test Object 'Object Repository/Tablo/DurumBilgisiIrsaliye'

2021-11-18 11:14:29 - [MESSAGE][INFO] - Checking object

2021-11-18 11:14:29 - [MESSAGE][INFO] - Finding web element from Test Object's properties

2021-11-18 11:14:29 - [MESSAGE][INFO] - Checking timeout

2021-11-18 11:14:29 - [MESSAGE][INFO] - Finding web element with id: 'Object Repository/Tablo/DurumBilgisiIrsaliye' located by 'By.xpath: //*[@id = 'GridViewDespatchAdvice_tccell0_6']' in '30' second(s)

2021-11-18 11:14:29 - [MESSAGE][INFO] - Smart Wait Function is triggered

2021-11-18 11:14:30 - [MESSAGE][INFO] - Found 1 web elements with id: 'Object Repository/Tablo/DurumBilgisiIrsaliye' located by 'By.xpath: //*[@id = 'GridViewDespatchAdvice_tccell0_6']' in '30' second(s)

2021-11-18 11:14:30 - [MESSAGE][PASSED] - Actual text and expected text of test object 'Object Repository/Tablo/DurumBilgisiIrsaliye' are matched.

2021-11-18 11:14:30 - [TEST_STEP][PASSED] - Method.TextDegerineEsitElementeTikla(findTestObject("Filtreler/Butonlar"), "Listele"): Method.TextDegerineEsitElementeTikla is PASSED

2021-11-18 11:14:30 - [MESSAGE][INFO] - Finding Test Object 'Object Repository/Filtreler/Butonlar'

2021-11-18 11:14:30 - [MESSAGE][INFO] - Checking timeout

2021-11-18 11:14:30 - [MESSAGE][INFO] - Finding web element with id: 'Object Repository/Filtreler/Butonlar' located by 'By.cssSelector: .dxb>span' in '10' second(s)

2021-11-18 11:14:30 - [MESSAGE][INFO] - Smart Wait Function is triggered

2021-11-18 11:14:30 - [MESSAGE][INFO] - Found 3 web elements with id: 'Object Repository/Filtreler/Butonlar' located by 'By.cssSelector: .dxb>span' in '10' second(s)

2021-11-18 11:14:30 - [MESSAGE][PASSED] - Method.TextDegerineEsitElementeTikla is PASSED

2021-11-18 11:14:30 - [TEST_STEP][PASSED] - sayac = sayac - 1: null

2021-11-18 11:14:30 - [TEST_STEP][PASSED] - Console.println(sayac): null

2021-11-18 11:14:30 - [TEST_STEP][PASSED] - if (sayac == 0): Actual text and expected text of test object 'Object Repository/Tablo/DurumBilgisiIrsaliye' are matched.

2021-11-18 11:14:30 - [MESSAGE][INFO] - Finding Test Object 'Object Repository/Tablo/DurumBilgisiIrsaliye'

2021-11-18 11:14:30 - [MESSAGE][INFO] - Checking object

2021-11-18 11:14:30 - [MESSAGE][INFO] - Finding web element from Test Object's properties

2021-11-18 11:14:30 - [MESSAGE][INFO] - Checking timeout

2021-11-18 11:14:30 - [MESSAGE][INFO] - Finding web element with id: 'Object Repository/Tablo/DurumBilgisiIrsaliye' located by 'By.xpath: //*[@id = 'GridViewDespatchAdvice_tccell0_6']' in '30' second(s)

2021-11-18 11:14:30 - [MESSAGE][INFO] - Smart Wait Function is triggered

2021-11-18 11:14:31 - [MESSAGE][INFO] - Found 1 web elements with id: 'Object Repository/Tablo/DurumBilgisiIrsaliye' located by 'By.xpath: //*[@id = 'GridViewDespatchAdvice_tccell0_6']' in '30' second(s)

2021-11-18 11:14:31 - [MESSAGE][PASSED] - Actual text and expected text of test object 'Object Repository/Tablo/DurumBilgisiIrsaliye' are matched.

2021-11-18 11:14:31 - [TEST_STEP][PASSED] - Method.TextDegerineEsitElementeTikla(findTestObject("Filtreler/Butonlar"), "Listele"): Method.TextDegerineEsitElementeTikla is PASSED

2021-11-18 11:14:31 - [MESSAGE][INFO] - Finding Test Object 'Object Repository/Filtreler/Butonlar'

2021-11-18 11:14:31 - [MESSAGE][INFO] - Checking timeout

2021-11-18 11:14:31 - [MESSAGE][INFO] - Finding web element with id: 'Object Repository/Filtreler/Butonlar' located by 'By.cssSelector: .dxb>span' in '10' second(s)

2021-11-18 11:14:31 - [MESSAGE][INFO] - Smart Wait Function is triggered

2021-11-18 11:14:31 - [MESSAGE][INFO] - Found 3 web elements with id: 'Object Repository/Filtreler/Butonlar' located by 'By.cssSelector: .dxb>span' in '10' second(s)

2021-11-18 11:14:31 - [MESSAGE][PASSED] - Method.TextDegerineEsitElementeTikla is PASSED

2021-11-18 11:14:31 - [TEST_STEP][PASSED] - sayac = sayac - 1: null

2021-11-18 11:14:31 - [TEST_STEP][PASSED] - Console.println(sayac): null

2021-11-18 11:14:31 - [TEST_STEP][PASSED] - if (sayac == 0): Actual text and expected text of test object 'Object Repository/Tablo/DurumBilgisiIrsaliye' are matched.

2021-11-18 11:14:31 - [MESSAGE][INFO] - Finding Test Object 'Object Repository/Tablo/DurumBilgisiIrsaliye'

2021-11-18 11:14:32 - [MESSAGE][INFO] - Checking object

2021-11-18 11:14:32 - [MESSAGE][INFO] - Finding web element from Test Object's properties

2021-11-18 11:14:32 - [MESSAGE][INFO] - Checking timeout

2021-11-18 11:14:32 - [MESSAGE][INFO] - Finding web element with id: 'Object Repository/Tablo/DurumBilgisiIrsaliye' located by 'By.xpath: //*[@id = 'GridViewDespatchAdvice_tccell0_6']' in '30' second(s)

2021-11-18 11:14:32 - [MESSAGE][INFO] - Smart Wait Function is triggered

2021-11-18 11:14:32 - [MESSAGE][INFO] - Found 1 web elements with id: 'Object Repository/Tablo/DurumBilgisiIrsaliye' located by 'By.xpath: //*[@id = 'GridViewDespatchAdvice_tccell0_6']' in '30' second(s)

2021-11-18 11:14:32 - [MESSAGE][PASSED] - Actual text and expected text of test object 'Object Repository/Tablo/DurumBilgisiIrsaliye' are matched.

2021-11-18 11:14:32 - [TEST_STEP][PASSED] - Method.TextDegerineEsitElementeTikla(findTestObject("Filtreler/Butonlar"), "Listele"): Method.TextDegerineEsitElementeTikla is PASSED

2021-11-18 11:14:32 - [MESSAGE][INFO] - Finding Test Object 'Object Repository/Filtreler/Butonlar'

2021-11-18 11:14:32 - [MESSAGE][INFO] - Checking timeout

2021-11-18 11:14:32 - [MESSAGE][INFO] - Finding web element with id: 'Object Repository/Filtreler/Butonlar' located by 'By.cssSelector: .dxb>span' in '10' second(s)

2021-11-18 11:14:32 - [MESSAGE][INFO] - Smart Wait Function is triggered

2021-11-18 11:14:32 - [MESSAGE][INFO] - Found 3 web elements with id: 'Object Repository/Filtreler/Butonlar' located by 'By.cssSelector: .dxb>span' in '10' second(s)

2021-11-18 11:14:33 - [MESSAGE][PASSED] - Method.TextDegerineEsitElementeTikla is PASSED

2021-11-18 11:14:33 - [TEST_STEP][PASSED] - sayac = sayac - 1: null

2021-11-18 11:14:33 - [TEST_STEP][PASSED] - Console.println(sayac): null

2021-11-18 11:14:33 - [TEST_STEP][PASSED] - if (sayac == 0): Actual text and expected text of test object 'Object Repository/Tablo/DurumBilgisiIrsaliye' are matched.

2021-11-18 11:14:33 - [MESSAGE][INFO] - Finding Test Object 'Object Repository/Tablo/DurumBilgisiIrsaliye'

2021-11-18 11:14:33 - [MESSAGE][INFO] - Checking object

2021-11-18 11:14:33 - [MESSAGE][INFO] - Finding web element from Test Object's properties

2021-11-18 11:14:33 - [MESSAGE][INFO] - Checking timeout

2021-11-18 11:14:33 - [MESSAGE][INFO] - Finding web element with id: 'Object Repository/Tablo/DurumBilgisiIrsaliye' located by 'By.xpath: //*[@id = 'GridViewDespatchAdvice_tccell0_6']' in '30' second(s)

2021-11-18 11:14:33 - [MESSAGE][INFO] - Smart Wait Function is triggered

2021-11-18 11:14:33 - [MESSAGE][INFO] - Found 1 web elements with id: 'Object Repository/Tablo/DurumBilgisiIrsaliye' located by 'By.xpath: //*[@id = 'GridViewDespatchAdvice_tccell0_6']' in '30' second(s)

2021-11-18 11:14:33 - [MESSAGE][PASSED] - Actual text and expected text of test object 'Object Repository/Tablo/DurumBilgisiIrsaliye' are matched.

2021-11-18 11:14:33 - [TEST_STEP][PASSED] - Method.TextDegerineEsitElementeTikla(findTestObject("Filtreler/Butonlar"), "Listele"): Method.TextDegerineEsitElementeTikla is PASSED

2021-11-18 11:14:33 - [MESSAGE][INFO] - Finding Test Object 'Object Repository/Filtreler/Butonlar'

2021-11-18 11:14:33 - [MESSAGE][INFO] - Checking timeout

2021-11-18 11:14:33 - [MESSAGE][INFO] - Finding web element with id: 'Object Repository/Filtreler/Butonlar' located by 'By.cssSelector: .dxb>span' in '10' second(s)

2021-11-18 11:14:33 - [MESSAGE][INFO] - Smart Wait Function is triggered

2021-11-18 11:14:34 - [MESSAGE][INFO] - Found 3 web elements with id: 'Object Repository/Filtreler/Butonlar' located by 'By.cssSelector: .dxb>span' in '10' second(s)

2021-11-18 11:14:34 - [MESSAGE][PASSED] - Method.TextDegerineEsitElementeTikla is PASSED

2021-11-18 11:14:34 - [TEST_STEP][PASSED] - sayac = sayac - 1: null

2021-11-18 11:14:34 - [TEST_STEP][PASSED] - Console.println(sayac): null

2021-11-18 11:14:34 - [TEST_STEP][PASSED] - if (sayac == 0): Actual text and expected text of test object 'Object Repository/Tablo/DurumBilgisiIrsaliye' are matched.

2021-11-18 11:14:34 - [MESSAGE][INFO] - Finding Test Object 'Object Repository/Tablo/DurumBilgisiIrsaliye'

2021-11-18 11:14:34 - [MESSAGE][INFO] - Checking object

2021-11-18 11:14:34 - [MESSAGE][INFO] - Finding web element from Test Object's properties

2021-11-18 11:14:34 - [MESSAGE][INFO] - Checking timeout

2021-11-18 11:14:34 - [MESSAGE][INFO] - Finding web element with id: 'Object Repository/Tablo/DurumBilgisiIrsaliye' located by 'By.xpath: //*[@id = 'GridViewDespatchAdvice_tccell0_6']' in '30' second(s)

2021-11-18 11:14:34 - [MESSAGE][INFO] - Smart Wait Function is triggered

2021-11-18 11:14:34 - [MESSAGE][INFO] - Found 1 web elements with id: 'Object Repository/Tablo/DurumBilgisiIrsaliye' located by 'By.xpath: //*[@id = 'GridViewDespatchAdvice_tccell0_6']' in '30' second(s)

2021-11-18 11:14:34 - [MESSAGE][PASSED] - Actual text and expected text of test object 'Object Repository/Tablo/DurumBilgisiIrsaliye' are matched.

2021-11-18 11:14:34 - [TEST_STEP][PASSED] - Method.TextDegerineEsitElementeTikla(findTestObject("Filtreler/Butonlar"), "Listele"): Method.TextDegerineEsitElementeTikla is PASSED

2021-11-18 11:14:34 - [MESSAGE][INFO] - Finding Test Object 'Object Repository/Filtreler/Butonlar'

2021-11-18 11:14:34 - [MESSAGE][INFO] - Checking timeout

2021-11-18 11:14:34 - [MESSAGE][INFO] - Finding web element with id: 'Object Repository/Filtreler/Butonlar' located by 'By.cssSelector: .dxb>span' in '10' second(s)

2021-11-18 11:14:34 - [MESSAGE][INFO] - Smart Wait Function is triggered

2021-11-18 11:14:35 - [MESSAGE][INFO] - Found 3 web elements with id: 'Object Repository/Filtreler/Butonlar' located by 'By.cssSelector: .dxb>span' in '10' second(s)

2021-11-18 11:14:35 - [MESSAGE][PASSED] - Method.TextDegerineEsitElementeTikla is PASSED

2021-11-18 11:14:35 - [TEST_STEP][PASSED] - sayac = sayac - 1: null

2021-11-18 11:14:35 - [TEST_STEP][PASSED] - Console.println(sayac): null

2021-11-18 11:14:35 - [TEST_STEP][PASSED] - if (sayac == 0): Actual text and expected text of test object 'Object Repository/Tablo/DurumBilgisiIrsaliye' are matched.

2021-11-18 11:14:35 - [MESSAGE][INFO] - Finding Test Object 'Object Repository/Tablo/DurumBilgisiIrsaliye'

2021-11-18 11:14:35 - [MESSAGE][INFO] - Checking object

2021-11-18 11:14:35 - [MESSAGE][INFO] - Finding web element from Test Object's properties

2021-11-18 11:14:35 - [MESSAGE][INFO] - Checking timeout

2021-11-18 11:14:35 - [MESSAGE][INFO] - Finding web element with id: 'Object Repository/Tablo/DurumBilgisiIrsaliye' located by 'By.xpath: //*[@id = 'GridViewDespatchAdvice_tccell0_6']' in '30' second(s)

2021-11-18 11:14:35 - [MESSAGE][INFO] - Smart Wait Function is triggered

2021-11-18 11:14:35 - [MESSAGE][INFO] - Found 1 web elements with id: 'Object Repository/Tablo/DurumBilgisiIrsaliye' located by 'By.xpath: //*[@id = 'GridViewDespatchAdvice_tccell0_6']' in '30' second(s)

2021-11-18 11:14:35 - [MESSAGE][PASSED] - Actual text and expected text of test object 'Object Repository/Tablo/DurumBilgisiIrsaliye' are matched.

2021-11-18 11:14:35 - [TEST_STEP][PASSED] - Method.TextDegerineEsitElementeTikla(findTestObject("Filtreler/Butonlar"), "Listele"): Method.TextDegerineEsitElementeTikla is PASSED

2021-11-18 11:14:35 - [MESSAGE][INFO] - Finding Test Object 'Object Repository/Filtreler/Butonlar'

2021-11-18 11:14:35 - [MESSAGE][INFO] - Checking timeout

2021-11-18 11:14:35 - [MESSAGE][INFO] - Finding web element with id: 'Object Repository/Filtreler/Butonlar' located by 'By.cssSelector: .dxb>span' in '10' second(s)

2021-11-18 11:14:35 - [MESSAGE][INFO] - Smart Wait Function is triggered

2021-11-18 11:14:36 - [MESSAGE][INFO] - Found 3 web elements with id: 'Object Repository/Filtreler/Butonlar' located by 'By.cssSelector: .dxb>span' in '10' second(s)

2021-11-18 11:14:36 - [MESSAGE][PASSED] - Method.TextDegerineEsitElementeTikla is PASSED

2021-11-18 11:14:36 - [TEST_STEP][PASSED] - sayac = sayac - 1: null

2021-11-18 11:14:36 - [TEST_STEP][PASSED] - Console.println(sayac): null

2021-11-18 11:14:36 - [TEST_STEP][PASSED] - if (sayac == 0): Actual text and expected text of test object 'Object Repository/Tablo/DurumBilgisiIrsaliye' are matched.

2021-11-18 11:14:36 - [MESSAGE][INFO] - Finding Test Object 'Object Repository/Tablo/DurumBilgisiIrsaliye'

2021-11-18 11:14:36 - [MESSAGE][INFO] - Checking object

2021-11-18 11:14:36 - [MESSAGE][INFO] - Finding web element from Test Object's properties

2021-11-18 11:14:36 - [MESSAGE][INFO] - Checking timeout

2021-11-18 11:14:36 - [MESSAGE][INFO] - Finding web element with id: 'Object Repository/Tablo/DurumBilgisiIrsaliye' located by 'By.xpath: //*[@id = 'GridViewDespatchAdvice_tccell0_6']' in '30' second(s)

2021-11-18 11:14:36 - [MESSAGE][INFO] - Smart Wait Function is triggered

2021-11-18 11:14:36 - [MESSAGE][INFO] - Found 1 web elements with id: 'Object Repository/Tablo/DurumBilgisiIrsaliye' located by 'By.xpath: //*[@id = 'GridViewDespatchAdvice_tccell0_6']' in '30' second(s)

2021-11-18 11:14:36 - [MESSAGE][PASSED] - Actual text and expected text of test object 'Object Repository/Tablo/DurumBilgisiIrsaliye' are matched.

2021-11-18 11:14:36 - [TEST_STEP][PASSED] - Method.TextDegerineEsitElementeTikla(findTestObject("Filtreler/Butonlar"), "Listele"): Method.TextDegerineEsitElementeTikla is PASSED

2021-11-18 11:14:36 - [MESSAGE][INFO] - Finding Test Object 'Object Repository/Filtreler/Butonlar'

2021-11-18 11:14:36 - [MESSAGE][INFO] - Checking timeout

2021-11-18 11:14:36 - [MESSAGE][INFO] - Finding web element with id: 'Object Repository/Filtreler/Butonlar' located by 'By.cssSelector: .dxb>span' in '10' second(s)

2021-11-18 11:14:36 - [MESSAGE][INFO] - Smart Wait Function is triggered

2021-11-18 11:14:37 - [MESSAGE][INFO] - Found 3 web elements with id: 'Object Repository/Filtreler/Butonlar' located by 'By.cssSelector: .dxb>span' in '10' second(s)

2021-11-18 11:14:37 - [MESSAGE][PASSED] - Method.TextDegerineEsitElementeTikla is PASSED

2021-11-18 11:14:37 - [TEST_STEP][PASSED] - sayac = sayac - 1: null

2021-11-18 11:14:37 - [TEST_STEP][PASSED] - Console.println(sayac): null

2021-11-18 11:14:37 - [TEST_STEP][PASSED] - if (sayac == 0): Actual text and expected text of test object 'Object Repository/Tablo/DurumBilgisiIrsaliye' are matched.

2021-11-18 11:14:37 - [MESSAGE][INFO] - Finding Test Object 'Object Repository/Tablo/DurumBilgisiIrsaliye'

2021-11-18 11:14:37 - [MESSAGE][INFO] - Checking object

2021-11-18 11:14:37 - [MESSAGE][INFO] - Finding web element from Test Object's properties

2021-11-18 11:14:37 - [MESSAGE][INFO] - Checking timeout

2021-11-18 11:14:37 - [MESSAGE][INFO] - Finding web element with id: 'Object Repository/Tablo/DurumBilgisiIrsaliye' located by 'By.xpath: //*[@id = 'GridViewDespatchAdvice_tccell0_6']' in '30' second(s)

2021-11-18 11:14:37 - [MESSAGE][INFO] - Smart Wait Function is triggered

2021-11-18 11:14:38 - [MESSAGE][INFO] - Found 1 web elements with id: 'Object Repository/Tablo/DurumBilgisiIrsaliye' located by 'By.xpath: //*[@id = 'GridViewDespatchAdvice_tccell0_6']' in '30' second(s)

2021-11-18 11:14:38 - [MESSAGE][PASSED] - Actual text and expected text of test object 'Object Repository/Tablo/DurumBilgisiIrsaliye' are matched.

2021-11-18 11:14:38 - [TEST_STEP][PASSED] - Method.TextDegerineEsitElementeTikla(findTestObject("Filtreler/Butonlar"), "Listele"): Method.TextDegerineEsitElementeTikla is PASSED

2021-11-18 11:14:38 - [MESSAGE][INFO] - Finding Test Object 'Object Repository/Filtreler/Butonlar'

2021-11-18 11:14:38 - [MESSAGE][INFO] - Checking timeout

2021-11-18 11:14:38 - [MESSAGE][INFO] - Finding web element with id: 'Object Repository/Filtreler/Butonlar' located by 'By.cssSelector: .dxb>span' in '10' second(s)

2021-11-18 11:14:38 - [MESSAGE][INFO] - Smart Wait Function is triggered

2021-11-18 11:14:38 - [MESSAGE][INFO] - Found 3 web elements with id: 'Object Repository/Filtreler/Butonlar' located by 'By.cssSelector: .dxb>span' in '10' second(s)

2021-11-18 11:14:38 - [MESSAGE][PASSED] - Method.TextDegerineEsitElementeTikla is PASSED

2021-11-18 11:14:38 - [TEST_STEP][PASSED] - sayac = sayac - 1: null

2021-11-18 11:14:38 - [TEST_STEP][PASSED] - Console.println(sayac): null

2021-11-18 11:14:38 - [TEST_STEP][PASSED] - if (sayac == 0): Actual text and expected text of test object 'Object Repository/Tablo/DurumBilgisiIrsaliye' are matched.

2021-11-18 11:14:38 - [MESSAGE][INFO] - Finding Test Object 'Object Repository/Tablo/DurumBilgisiIrsaliye'

2021-11-18 11:14:38 - [MESSAGE][INFO] - Checking object

2021-11-18 11:14:38 - [MESSAGE][INFO] - Finding web element from Test Object's properties

2021-11-18 11:14:38 - [MESSAGE][INFO] - Checking timeout

2021-11-18 11:14:38 - [MESSAGE][INFO] - Finding web element with id: 'Object Repository/Tablo/DurumBilgisiIrsaliye' located by 'By.xpath: //*[@id = 'GridViewDespatchAdvice_tccell0_6']' in '30' second(s)

2021-11-18 11:14:38 - [MESSAGE][INFO] - Smart Wait Function is triggered

2021-11-18 11:14:39 - [MESSAGE][INFO] - Found 1 web elements with id: 'Object Repository/Tablo/DurumBilgisiIrsaliye' located by 'By.xpath: //*[@id = 'GridViewDespatchAdvice_tccell0_6']' in '30' second(s)

2021-11-18 11:14:39 - [MESSAGE][PASSED] - Actual text and expected text of test object 'Object Repository/Tablo/DurumBilgisiIrsaliye' are matched.

2021-11-18 11:14:39 - [TEST_STEP][PASSED] - Method.TextDegerineEsitElementeTikla(findTestObject("Filtreler/Butonlar"), "Listele"): Method.TextDegerineEsitElementeTikla is PASSED

2021-11-18 11:14:39 - [MESSAGE][INFO] - Finding Test Object 'Object Repository/Filtreler/Butonlar'

2021-11-18 11:14:39 - [MESSAGE][INFO] - Checking timeout

2021-11-18 11:14:39 - [MESSAGE][INFO] - Finding web element with id: 'Object Repository/Filtreler/Butonlar' located by 'By.cssSelector: .dxb>span' in '10' second(s)

2021-11-18 11:14:39 - [MESSAGE][INFO] - Smart Wait Function is triggered

2021-11-18 11:14:39 - [MESSAGE][INFO] - Found 3 web elements with id: 'Object Repository/Filtreler/Butonlar' located by 'By.cssSelector: .dxb>span' in '10' second(s)

2021-11-18 11:14:39 - [MESSAGE][PASSED] - Method.TextDegerineEsitElementeTikla is PASSED

2021-11-18 11:14:39 - [TEST_STEP][PASSED] - sayac = sayac - 1: null

2021-11-18 11:14:39 - [TEST_STEP][PASSED] - Console.println(sayac): null

2021-11-18 11:14:39 - [TEST_STEP][PASSED] - if (sayac == 0): Actual text and expected text of test object 'Object Repository/Tablo/DurumBilgisiIrsaliye' are matched.

2021-11-18 11:14:39 - [MESSAGE][INFO] - Finding Test Object 'Object Repository/Tablo/DurumBilgisiIrsaliye'

2021-11-18 11:14:39 - [MESSAGE][INFO] - Checking object

2021-11-18 11:14:39 - [MESSAGE][INFO] - Finding web element from Test Object's properties

2021-11-18 11:14:39 - [MESSAGE][INFO] - Checking timeout

2021-11-18 11:14:39 - [MESSAGE][INFO] - Finding web element with id: 'Object Repository/Tablo/DurumBilgisiIrsaliye' located by 'By.xpath: //*[@id = 'GridViewDespatchAdvice_tccell0_6']' in '30' second(s)

2021-11-18 11:14:39 - [MESSAGE][INFO] - Smart Wait Function is triggered

2021-11-18 11:14:40 - [MESSAGE][INFO] - Found 1 web elements with id: 'Object Repository/Tablo/DurumBilgisiIrsaliye' located by 'By.xpath: //*[@id = 'GridViewDespatchAdvice_tccell0_6']' in '30' second(s)

2021-11-18 11:14:40 - [MESSAGE][PASSED] - Actual text and expected text of test object 'Object Repository/Tablo/DurumBilgisiIrsaliye' are matched.

2021-11-18 11:14:40 - [TEST_STEP][PASSED] - Method.TextDegerineEsitElementeTikla(findTestObject("Filtreler/Butonlar"), "Listele"): Method.TextDegerineEsitElementeTikla is PASSED

2021-11-18 11:14:40 - [MESSAGE][INFO] - Finding Test Object 'Object Repository/Filtreler/Butonlar'

2021-11-18 11:14:40 - [MESSAGE][INFO] - Checking timeout

2021-11-18 11:14:40 - [MESSAGE][INFO] - Finding web element with id: 'Object Repository/Filtreler/Butonlar' located by 'By.cssSelector: .dxb>span' in '10' second(s)

2021-11-18 11:14:40 - [MESSAGE][INFO] - Smart Wait Function is triggered

2021-11-18 11:14:40 - [MESSAGE][INFO] - Found 3 web elements with id: 'Object Repository/Filtreler/Butonlar' located by 'By.cssSelector: .dxb>span' in '10' second(s)

2021-11-18 11:14:40 - [MESSAGE][PASSED] - Method.TextDegerineEsitElementeTikla is PASSED

2021-11-18 11:14:40 - [TEST_STEP][PASSED] - sayac = sayac - 1: null

2021-11-18 11:14:40 - [TEST_STEP][PASSED] - Console.println(sayac): null

2021-11-18 11:14:40 - [TEST_STEP][PASSED] - if (sayac == 0): Actual text and expected text of test object 'Object Repository/Tablo/DurumBilgisiIrsaliye' are matched.

2021-11-18 11:14:40 - [MESSAGE][INFO] - Finding Test Object 'Object Repository/Tablo/DurumBilgisiIrsaliye'

2021-11-18 11:14:41 - [MESSAGE][INFO] - Checking object

2021-11-18 11:14:41 - [MESSAGE][INFO] - Finding web element from Test Object's properties

2021-11-18 11:14:41 - [MESSAGE][INFO] - Checking timeout

2021-11-18 11:14:41 - [MESSAGE][INFO] - Finding web element with id: 'Object Repository/Tablo/DurumBilgisiIrsaliye' located by 'By.xpath: //*[@id = 'GridViewDespatchAdvice_tccell0_6']' in '30' second(s)

2021-11-18 11:14:41 - [MESSAGE][INFO] - Smart Wait Function is triggered

2021-11-18 11:14:41 - [MESSAGE][INFO] - Found 1 web elements with id: 'Object Repository/Tablo/DurumBilgisiIrsaliye' located by 'By.xpath: //*[@id = 'GridViewDespatchAdvice_tccell0_6']' in '30' second(s)

2021-11-18 11:14:41 - [MESSAGE][PASSED] - Actual text and expected text of test object 'Object Repository/Tablo/DurumBilgisiIrsaliye' are matched.

2021-11-18 11:14:41 - [TEST_STEP][PASSED] - Method.TextDegerineEsitElementeTikla(findTestObject("Filtreler/Butonlar"), "Listele"): Method.TextDegerineEsitElementeTikla is PASSED

2021-11-18 11:14:41 - [MESSAGE][INFO] - Finding Test Object 'Object Repository/Filtreler/Butonlar'

2021-11-18 11:14:41 - [MESSAGE][INFO] - Checking timeout

2021-11-18 11:14:41 - [MESSAGE][INFO] - Finding web element with id: 'Object Repository/Filtreler/Butonlar' located by 'By.cssSelector: .dxb>span' in '10' second(s)

2021-11-18 11:14:41 - [MESSAGE][INFO] - Smart Wait Function is triggered

2021-11-18 11:14:41 - [MESSAGE][INFO] - Found 3 web elements with id: 'Object Repository/Filtreler/Butonlar' located by 'By.cssSelector: .dxb>span' in '10' second(s)

2021-11-18 11:14:42 - [MESSAGE][PASSED] - Method.TextDegerineEsitElementeTikla is PASSED

2021-11-18 11:14:42 - [TEST_STEP][PASSED] - sayac = sayac - 1: null

2021-11-18 11:14:42 - [TEST_STEP][PASSED] - Console.println(sayac): null

2021-11-18 11:14:42 - [TEST_STEP][PASSED] - if (sayac == 0): Actual text and expected text of test object 'Object Repository/Tablo/DurumBilgisiIrsaliye' are matched.

2021-11-18 11:14:42 - [MESSAGE][INFO] - Finding Test Object 'Object Repository/Tablo/DurumBilgisiIrsaliye'

2021-11-18 11:14:42 - [MESSAGE][INFO] - Checking object

2021-11-18 11:14:42 - [MESSAGE][INFO] - Finding web element from Test Object's properties

2021-11-18 11:14:42 - [MESSAGE][INFO] - Checking timeout

2021-11-18 11:14:42 - [MESSAGE][INFO] - Finding web element with id: 'Object Repository/Tablo/DurumBilgisiIrsaliye' located by 'By.xpath: //*[@id = 'GridViewDespatchAdvice_tccell0_6']' in '30' second(s)

2021-11-18 11:14:42 - [MESSAGE][INFO] - Smart Wait Function is triggered

2021-11-18 11:14:42 - [MESSAGE][INFO] - Found 1 web elements with id: 'Object Repository/Tablo/DurumBilgisiIrsaliye' located by 'By.xpath: //*[@id = 'GridViewDespatchAdvice_tccell0_6']' in '30' second(s)

2021-11-18 11:14:42 - [MESSAGE][PASSED] - Actual text and expected text of test object 'Object Repository/Tablo/DurumBilgisiIrsaliye' are matched.

2021-11-18 11:14:42 - [TEST_STEP][PASSED] - Method.TextDegerineEsitElementeTikla(findTestObject("Filtreler/Butonlar"), "Listele"): Method.TextDegerineEsitElementeTikla is PASSED

2021-11-18 11:14:42 - [MESSAGE][INFO] - Finding Test Object 'Object Repository/Filtreler/Butonlar'

2021-11-18 11:14:42 - [MESSAGE][INFO] - Checking timeout

2021-11-18 11:14:42 - [MESSAGE][INFO] - Finding web element with id: 'Object Repository/Filtreler/Butonlar' located by 'By.cssSelector: .dxb>span' in '10' second(s)

2021-11-18 11:14:42 - [MESSAGE][INFO] - Smart Wait Function is triggered

2021-11-18 11:14:42 - [MESSAGE][INFO] - Found 3 web elements with id: 'Object Repository/Filtreler/Butonlar' located by 'By.cssSelector: .dxb>span' in '10' second(s)

2021-11-18 11:14:43 - [MESSAGE][PASSED] - Method.TextDegerineEsitElementeTikla is PASSED

2021-11-18 11:14:43 - [TEST_STEP][PASSED] - sayac = sayac - 1: null

2021-11-18 11:14:43 - [TEST_STEP][PASSED] - Console.println(sayac): null

2021-11-18 11:14:43 - [TEST_STEP][PASSED] - if (sayac == 0): Actual text and expected text of test object 'Object Repository/Tablo/DurumBilgisiIrsaliye' are matched.

2021-11-18 11:14:43 - [MESSAGE][INFO] - Finding Test Object 'Object Repository/Tablo/DurumBilgisiIrsaliye'

2021-11-18 11:14:43 - [MESSAGE][INFO] - Checking object

2021-11-18 11:14:43 - [MESSAGE][INFO] - Finding web element from Test Object's properties

2021-11-18 11:14:43 - [MESSAGE][INFO] - Checking timeout

2021-11-18 11:14:43 - [MESSAGE][INFO] - Finding web element with id: 'Object Repository/Tablo/DurumBilgisiIrsaliye' located by 'By.xpath: //*[@id = 'GridViewDespatchAdvice_tccell0_6']' in '30' second(s)

2021-11-18 11:14:43 - [MESSAGE][INFO] - Smart Wait Function is triggered

2021-11-18 11:14:43 - [MESSAGE][INFO] - Found 1 web elements with id: 'Object Repository/Tablo/DurumBilgisiIrsaliye' located by 'By.xpath: //*[@id = 'GridViewDespatchAdvice_tccell0_6']' in '30' second(s)

2021-11-18 11:14:43 - [MESSAGE][PASSED] - Actual text and expected text of test object 'Object Repository/Tablo/DurumBilgisiIrsaliye' are matched.

2021-11-18 11:14:43 - [TEST_STEP][PASSED] - Method.TextDegerineEsitElementeTikla(findTestObject("Filtreler/Butonlar"), "Listele"): Method.TextDegerineEsitElementeTikla is PASSED

2021-11-18 11:14:43 - [MESSAGE][INFO] - Finding Test Object 'Object Repository/Filtreler/Butonlar'

2021-11-18 11:14:43 - [MESSAGE][INFO] - Checking timeout

2021-11-18 11:14:43 - [MESSAGE][INFO] - Finding web element with id: 'Object Repository/Filtreler/Butonlar' located by 'By.cssSelector: .dxb>span' in '10' second(s)

2021-11-18 11:14:43 - [MESSAGE][INFO] - Smart Wait Function is triggered

2021-11-18 11:14:44 - [MESSAGE][INFO] - Found 3 web elements with id: 'Object Repository/Filtreler/Butonlar' located by 'By.cssSelector: .dxb>span' in '10' second(s)

2021-11-18 11:14:44 - [MESSAGE][PASSED] - Method.TextDegerineEsitElementeTikla is PASSED

2021-11-18 11:14:44 - [TEST_STEP][PASSED] - sayac = sayac - 1: null

2021-11-18 11:14:44 - [TEST_STEP][PASSED] - Console.println(sayac): null

2021-11-18 11:14:44 - [TEST_STEP][PASSED] - if (sayac == 0): Actual text and expected text of test object 'Object Repository/Tablo/DurumBilgisiIrsaliye' are matched.

2021-11-18 11:14:44 - [MESSAGE][INFO] - Finding Test Object 'Object Repository/Tablo/DurumBilgisiIrsaliye'

2021-11-18 11:14:44 - [MESSAGE][INFO] - Checking object

2021-11-18 11:14:44 - [MESSAGE][INFO] - Finding web element from Test Object's properties

2021-11-18 11:14:44 - [MESSAGE][INFO] - Checking timeout

2021-11-18 11:14:44 - [MESSAGE][INFO] - Finding web element with id: 'Object Repository/Tablo/DurumBilgisiIrsaliye' located by 'By.xpath: //*[@id = 'GridViewDespatchAdvice_tccell0_6']' in '30' second(s)

2021-11-18 11:14:44 - [MESSAGE][INFO] - Smart Wait Function is triggered

2021-11-18 11:14:44 - [MESSAGE][INFO] - Found 1 web elements with id: 'Object Repository/Tablo/DurumBilgisiIrsaliye' located by 'By.xpath: //*[@id = 'GridViewDespatchAdvice_tccell0_6']' in '30' second(s)

2021-11-18 11:14:44 - [MESSAGE][PASSED] - Actual text and expected text of test object 'Object Repository/Tablo/DurumBilgisiIrsaliye' are matched.

2021-11-18 11:14:44 - [TEST_STEP][PASSED] - Method.TextDegerineEsitElementeTikla(findTestObject("Filtreler/Butonlar"), "Listele"): Method.TextDegerineEsitElementeTikla is PASSED

2021-11-18 11:14:44 - [MESSAGE][INFO] - Finding Test Object 'Object Repository/Filtreler/Butonlar'

2021-11-18 11:14:44 - [MESSAGE][INFO] - Checking timeout

2021-11-18 11:14:44 - [MESSAGE][INFO] - Finding web element with id: 'Object Repository/Filtreler/Butonlar' located by 'By.cssSelector: .dxb>span' in '10' second(s)

2021-11-18 11:14:44 - [MESSAGE][INFO] - Smart Wait Function is triggered

2021-11-18 11:14:45 - [MESSAGE][INFO] - Found 3 web elements with id: 'Object Repository/Filtreler/Butonlar' located by 'By.cssSelector: .dxb>span' in '10' second(s)

2021-11-18 11:14:45 - [MESSAGE][PASSED] - Method.TextDegerineEsitElementeTikla is PASSED

2021-11-18 11:14:45 - [TEST_STEP][PASSED] - sayac = sayac - 1: null

2021-11-18 11:14:45 - [TEST_STEP][PASSED] - Console.println(sayac): null

2021-11-18 11:14:45 - [TEST_STEP][PASSED] - if (sayac == 0): Actual text and expected text of test object 'Object Repository/Tablo/DurumBilgisiIrsaliye' are matched.

2021-11-18 11:14:45 - [MESSAGE][INFO] - Finding Test Object 'Object Repository/Tablo/DurumBilgisiIrsaliye'

2021-11-18 11:14:45 - [MESSAGE][INFO] - Checking object

2021-11-18 11:14:45 - [MESSAGE][INFO] - Finding web element from Test Object's properties

2021-11-18 11:14:45 - [MESSAGE][INFO] - Checking timeout

2021-11-18 11:14:45 - [MESSAGE][INFO] - Finding web element with id: 'Object Repository/Tablo/DurumBilgisiIrsaliye' located by 'By.xpath: //*[@id = 'GridViewDespatchAdvice_tccell0_6']' in '30' second(s)

2021-11-18 11:14:45 - [MESSAGE][INFO] - Smart Wait Function is triggered

2021-11-18 11:14:45 - [MESSAGE][INFO] - Found 1 web elements with id: 'Object Repository/Tablo/DurumBilgisiIrsaliye' located by 'By.xpath: //*[@id = 'GridViewDespatchAdvice_tccell0_6']' in '30' second(s)

2021-11-18 11:14:45 - [MESSAGE][PASSED] - Actual text and expected text of test object 'Object Repository/Tablo/DurumBilgisiIrsaliye' are matched.

2021-11-18 11:14:45 - [TEST_STEP][PASSED] - Method.TextDegerineEsitElementeTikla(findTestObject("Filtreler/Butonlar"), "Listele"): Method.TextDegerineEsitElementeTikla is PASSED

2021-11-18 11:14:45 - [MESSAGE][INFO] - Finding Test Object 'Object Repository/Filtreler/Butonlar'

2021-11-18 11:14:46 - [MESSAGE][INFO] - Checking timeout

2021-11-18 11:14:46 - [MESSAGE][INFO] - Finding web element with id: 'Object Repository/Filtreler/Butonlar' located by 'By.cssSelector: .dxb>span' in '10' second(s)

2021-11-18 11:14:46 - [MESSAGE][INFO] - Smart Wait Function is triggered

2021-11-18 11:14:46 - [MESSAGE][INFO] - Found 3 web elements with id: 'Object Repository/Filtreler/Butonlar' located by 'By.cssSelector: .dxb>span' in '10' second(s)

2021-11-18 11:14:46 - [MESSAGE][PASSED] - Method.TextDegerineEsitElementeTikla is PASSED

2021-11-18 11:14:46 - [TEST_STEP][PASSED] - sayac = sayac - 1: null

2021-11-18 11:14:46 - [TEST_STEP][PASSED] - Console.println(sayac): null

2021-11-18 11:14:46 - [TEST_STEP][PASSED] - if (sayac == 0): Actual text and expected text of test object 'Object Repository/Tablo/DurumBilgisiIrsaliye' are matched.

2021-11-18 11:14:46 - [MESSAGE][INFO] - Finding Test Object 'Object Repository/Tablo/DurumBilgisiIrsaliye'

2021-11-18 11:14:46 - [MESSAGE][INFO] - Checking object

2021-11-18 11:14:46 - [MESSAGE][INFO] - Finding web element from Test Object's properties

2021-11-18 11:14:46 - [MESSAGE][INFO] - Checking timeout

2021-11-18 11:14:46 - [MESSAGE][INFO] - Finding web element with id: 'Object Repository/Tablo/DurumBilgisiIrsaliye' located by 'By.xpath: //*[@id = 'GridViewDespatchAdvice_tccell0_6']' in '30' second(s)

2021-11-18 11:14:46 - [MESSAGE][INFO] - Smart Wait Function is triggered

2021-11-18 11:14:47 - [MESSAGE][INFO] - Found 1 web elements with id: 'Object Repository/Tablo/DurumBilgisiIrsaliye' located by 'By.xpath: //*[@id = 'GridViewDespatchAdvice_tccell0_6']' in '30' second(s)

2021-11-18 11:14:47 - [MESSAGE][PASSED] - Actual text and expected text of test object 'Object Repository/Tablo/DurumBilgisiIrsaliye' are matched.

2021-11-18 11:14:47 - [TEST_STEP][PASSED] - Method.TextDegerineEsitElementeTikla(findTestObject("Filtreler/Butonlar"), "Listele"): Method.TextDegerineEsitElementeTikla is PASSED

2021-11-18 11:14:47 - [MESSAGE][INFO] - Finding Test Object 'Object Repository/Filtreler/Butonlar'

2021-11-18 11:14:47 - [MESSAGE][INFO] - Checking timeout

2021-11-18 11:14:47 - [MESSAGE][INFO] - Finding web element with id: 'Object Repository/Filtreler/Butonlar' located by 'By.cssSelector: .dxb>span' in '10' second(s)

2021-11-18 11:14:47 - [MESSAGE][INFO] - Smart Wait Function is triggered

2021-11-18 11:14:47 - [MESSAGE][INFO] - Found 3 web elements with id: 'Object Repository/Filtreler/Butonlar' located by 'By.cssSelector: .dxb>span' in '10' second(s)

2021-11-18 11:14:47 - [MESSAGE][PASSED] - Method.TextDegerineEsitElementeTikla is PASSED

2021-11-18 11:14:47 - [TEST_STEP][PASSED] - sayac = sayac - 1: null

2021-11-18 11:14:47 - [TEST_STEP][PASSED] - Console.println(sayac): null

2021-11-18 11:14:47 - [TEST_STEP][PASSED] - if (sayac == 0): Actual text and expected text of test object 'Object Repository/Tablo/DurumBilgisiIrsaliye' are matched.

2021-11-18 11:14:47 - [MESSAGE][INFO] - Finding Test Object 'Object Repository/Tablo/DurumBilgisiIrsaliye'

2021-11-18 11:14:47 - [MESSAGE][INFO] - Checking object

2021-11-18 11:14:47 - [MESSAGE][INFO] - Finding web element from Test Object's properties

2021-11-18 11:14:47 - [MESSAGE][INFO] - Checking timeout

2021-11-18 11:14:47 - [MESSAGE][INFO] - Finding web element with id: 'Object Repository/Tablo/DurumBilgisiIrsaliye' located by 'By.xpath: //*[@id = 'GridViewDespatchAdvice_tccell0_6']' in '30' second(s)

2021-11-18 11:14:47 - [MESSAGE][INFO] - Smart Wait Function is triggered

2021-11-18 11:14:48 - [MESSAGE][INFO] - Found 1 web elements with id: 'Object Repository/Tablo/DurumBilgisiIrsaliye' located by 'By.xpath: //*[@id = 'GridViewDespatchAdvice_tccell0_6']' in '30' second(s)

2021-11-18 11:14:48 - [MESSAGE][PASSED] - Actual text and expected text of test object 'Object Repository/Tablo/DurumBilgisiIrsaliye' are matched.

2021-11-18 11:14:48 - [TEST_STEP][PASSED] - Method.TextDegerineEsitElementeTikla(findTestObject("Filtreler/Butonlar"), "Listele"): Method.TextDegerineEsitElementeTikla is PASSED

2021-11-18 11:14:48 - [MESSAGE][INFO] - Finding Test Object 'Object Repository/Filtreler/Butonlar'

2021-11-18 11:14:48 - [MESSAGE][INFO] - Checking timeout

2021-11-18 11:14:48 - [MESSAGE][INFO] - Finding web element with id: 'Object Repository/Filtreler/Butonlar' located by 'By.cssSelector: .dxb>span' in '10' second(s)

2021-11-18 11:14:48 - [MESSAGE][INFO] - Smart Wait Function is triggered

2021-11-18 11:14:48 - [MESSAGE][INFO] - Found 3 web elements with id: 'Object Repository/Filtreler/Butonlar' located by 'By.cssSelector: .dxb>span' in '10' second(s)

2021-11-18 11:14:48 - [MESSAGE][PASSED] - Method.TextDegerineEsitElementeTikla is PASSED

2021-11-18 11:14:48 - [TEST_STEP][PASSED] - sayac = sayac - 1: null

2021-11-18 11:14:48 - [TEST_STEP][PASSED] - Console.println(sayac): null

2021-11-18 11:14:48 - [TEST_STEP][PASSED] - if (sayac == 0): Actual text and expected text of test object 'Object Repository/Tablo/DurumBilgisiIrsaliye' are matched.

2021-11-18 11:14:48 - [MESSAGE][INFO] - Finding Test Object 'Object Repository/Tablo/DurumBilgisiIrsaliye'

2021-11-18 11:14:49 - [MESSAGE][INFO] - Checking object

2021-11-18 11:14:49 - [MESSAGE][INFO] - Finding web element from Test Object's properties

2021-11-18 11:14:49 - [MESSAGE][INFO] - Checking timeout

2021-11-18 11:14:49 - [MESSAGE][INFO] - Finding web element with id: 'Object Repository/Tablo/DurumBilgisiIrsaliye' located by 'By.xpath: //*[@id = 'GridViewDespatchAdvice_tccell0_6']' in '30' second(s)

2021-11-18 11:14:49 - [MESSAGE][INFO] - Smart Wait Function is triggered

2021-11-18 11:14:49 - [MESSAGE][INFO] - Found 1 web elements with id: 'Object Repository/Tablo/DurumBilgisiIrsaliye' located by 'By.xpath: //*[@id = 'GridViewDespatchAdvice_tccell0_6']' in '30' second(s)

2021-11-18 11:14:49 - [MESSAGE][PASSED] - Actual text and expected text of test object 'Object Repository/Tablo/DurumBilgisiIrsaliye' are matched.

2021-11-18 11:14:49 - [TEST_STEP][PASSED] - Method.TextDegerineEsitElementeTikla(findTestObject("Filtreler/Butonlar"), "Listele"): Method.TextDegerineEsitElementeTikla is PASSED

2021-11-18 11:14:49 - [MESSAGE][INFO] - Finding Test Object 'Object Repository/Filtreler/Butonlar'

2021-11-18 11:14:49 - [MESSAGE][INFO] - Checking timeout

2021-11-18 11:14:49 - [MESSAGE][INFO] - Finding web element with id: 'Object Repository/Filtreler/Butonlar' located by 'By.cssSelector: .dxb>span' in '10' second(s)

2021-11-18 11:14:49 - [MESSAGE][INFO] - Smart Wait Function is triggered

2021-11-18 11:14:49 - [MESSAGE][INFO] - Found 3 web elements with id: 'Object Repository/Filtreler/Butonlar' located by 'By.cssSelector: .dxb>span' in '10' second(s)

2021-11-18 11:14:50 - [MESSAGE][PASSED] - Method.TextDegerineEsitElementeTikla is PASSED

2021-11-18 11:14:50 - [TEST_STEP][PASSED] - sayac = sayac - 1: null

2021-11-18 11:14:50 - [TEST_STEP][PASSED] - Console.println(sayac): null

2021-11-18 11:14:50 - [TEST_STEP][PASSED] - if (sayac == 0): Actual text and expected text of test object 'Object Repository/Tablo/DurumBilgisiIrsaliye' are matched.

2021-11-18 11:14:50 - [MESSAGE][INFO] - Finding Test Object 'Object Repository/Tablo/DurumBilgisiIrsaliye'

2021-11-18 11:14:50 - [MESSAGE][INFO] - Checking object

2021-11-18 11:14:50 - [MESSAGE][INFO] - Finding web element from Test Object's properties

2021-11-18 11:14:50 - [MESSAGE][INFO] - Checking timeout

2021-11-18 11:14:50 - [MESSAGE][INFO] - Finding web element with id: 'Object Repository/Tablo/DurumBilgisiIrsaliye' located by 'By.xpath: //*[@id = 'GridViewDespatchAdvice_tccell0_6']' in '30' second(s)

2021-11-18 11:14:50 - [MESSAGE][INFO] - Smart Wait Function is triggered

2021-11-18 11:14:50 - [MESSAGE][INFO] - Found 1 web elements with id: 'Object Repository/Tablo/DurumBilgisiIrsaliye' located by 'By.xpath: //*[@id = 'GridViewDespatchAdvice_tccell0_6']' in '30' second(s)

2021-11-18 11:14:50 - [MESSAGE][PASSED] - Actual text and expected text of test object 'Object Repository/Tablo/DurumBilgisiIrsaliye' are matched.

2021-11-18 11:14:50 - [TEST_STEP][PASSED] - Method.TextDegerineEsitElementeTikla(findTestObject("Filtreler/Butonlar"), "Listele"): Method.TextDegerineEsitElementeTikla is PASSED

2021-11-18 11:14:50 - [MESSAGE][INFO] - Finding Test Object 'Object Repository/Filtreler/Butonlar'

2021-11-18 11:14:50 - [MESSAGE][INFO] - Checking timeout

2021-11-18 11:14:50 - [MESSAGE][INFO] - Finding web element with id: 'Object Repository/Filtreler/Butonlar' located by 'By.cssSelector: .dxb>span' in '10' second(s)

2021-11-18 11:14:50 - [MESSAGE][INFO] - Smart Wait Function is triggered

2021-11-18 11:14:51 - [MESSAGE][INFO] - Found 3 web elements with id: 'Object Repository/Filtreler/Butonlar' located by 'By.cssSelector: .dxb>span' in '10' second(s)

2021-11-18 11:14:51 - [MESSAGE][PASSED] - Method.TextDegerineEsitElementeTikla is PASSED

2021-11-18 11:14:51 - [TEST_STEP][PASSED] - sayac = sayac - 1: null

2021-11-18 11:14:51 - [TEST_STEP][PASSED] - Console.println(sayac): null

2021-11-18 11:14:51 - [TEST_STEP][PASSED] - if (sayac == 0): Actual text and expected text of test object 'Object Repository/Tablo/DurumBilgisiIrsaliye' are matched.

2021-11-18 11:14:51 - [MESSAGE][INFO] - Finding Test Object 'Object Repository/Tablo/DurumBilgisiIrsaliye'

2021-11-18 11:14:51 - [MESSAGE][INFO] - Checking object

2021-11-18 11:14:51 - [MESSAGE][INFO] - Finding web element from Test Object's properties

2021-11-18 11:14:51 - [MESSAGE][INFO] - Checking timeout

2021-11-18 11:14:51 - [MESSAGE][INFO] - Finding web element with id: 'Object Repository/Tablo/DurumBilgisiIrsaliye' located by 'By.xpath: //*[@id = 'GridViewDespatchAdvice_tccell0_6']' in '30' second(s)

2021-11-18 11:14:51 - [MESSAGE][INFO] - Smart Wait Function is triggered

2021-11-18 11:14:51 - [MESSAGE][INFO] - Found 1 web elements with id: 'Object Repository/Tablo/DurumBilgisiIrsaliye' located by 'By.xpath: //*[@id = 'GridViewDespatchAdvice_tccell0_6']' in '30' second(s)

2021-11-18 11:14:52 - [MESSAGE][PASSED] - Actual text and expected text of test object 'Object Repository/Tablo/DurumBilgisiIrsaliye' are matched.

2021-11-18 11:14:52 - [TEST_STEP][PASSED] - Method.TextDegerineEsitElementeTikla(findTestObject("Filtreler/Butonlar"), "Listele"): Method.TextDegerineEsitElementeTikla is PASSED

2021-11-18 11:14:52 - [MESSAGE][INFO] - Finding Test Object 'Object Repository/Filtreler/Butonlar'

2021-11-18 11:14:52 - [MESSAGE][INFO] - Checking timeout

2021-11-18 11:14:52 - [MESSAGE][INFO] - Finding web element with id: 'Object Repository/Filtreler/Butonlar' located by 'By.cssSelector: .dxb>span' in '10' second(s)

2021-11-18 11:14:52 - [MESSAGE][INFO] - Smart Wait Function is triggered

2021-11-18 11:14:52 - [MESSAGE][INFO] - Found 3 web elements with id: 'Object Repository/Filtreler/Butonlar' located by 'By.cssSelector: .dxb>span' in '10' second(s)

2021-11-18 11:14:52 - [MESSAGE][PASSED] - Method.TextDegerineEsitElementeTikla is PASSED

2021-11-18 11:14:52 - [TEST_STEP][PASSED] - sayac = sayac - 1: null

2021-11-18 11:14:52 - [TEST_STEP][PASSED] - Console.println(sayac): null

2021-11-18 11:14:52 - [TEST_STEP][PASSED] - if (sayac == 0): Actual text and expected text of test object 'Object Repository/Tablo/DurumBilgisiIrsaliye' are matched.

2021-11-18 11:14:52 - [MESSAGE][INFO] - Finding Test Object 'Object Repository/Tablo/DurumBilgisiIrsaliye'

2021-11-18 11:14:52 - [MESSAGE][INFO] - Checking object

2021-11-18 11:14:52 - [MESSAGE][INFO] - Finding web element from Test Object's properties

2021-11-18 11:14:52 - [MESSAGE][INFO] - Checking timeout

2021-11-18 11:14:52 - [MESSAGE][INFO] - Finding web element with id: 'Object Repository/Tablo/DurumBilgisiIrsaliye' located by 'By.xpath: //*[@id = 'GridViewDespatchAdvice_tccell0_6']' in '30' second(s)

2021-11-18 11:14:52 - [MESSAGE][INFO] - Smart Wait Function is triggered

2021-11-18 11:14:53 - [MESSAGE][INFO] - Found 1 web elements with id: 'Object Repository/Tablo/DurumBilgisiIrsaliye' located by 'By.xpath: //*[@id = 'GridViewDespatchAdvice_tccell0_6']' in '30' second(s)

2021-11-18 11:14:53 - [MESSAGE][PASSED] - Actual text and expected text of test object 'Object Repository/Tablo/DurumBilgisiIrsaliye' are matched.

2021-11-18 11:14:53 - [TEST_STEP][PASSED] - Method.TextDegerineEsitElementeTikla(findTestObject("Filtreler/Butonlar"), "Listele"): Method.TextDegerineEsitElementeTikla is PASSED

2021-11-18 11:14:53 - [MESSAGE][INFO] - Finding Test Object 'Object Repository/Filtreler/Butonlar'

2021-11-18 11:14:53 - [MESSAGE][INFO] - Checking timeout

2021-11-18 11:14:53 - [MESSAGE][INFO] - Finding web element with id: 'Object Repository/Filtreler/Butonlar' located by 'By.cssSelector: .dxb>span' in '10' second(s)

2021-11-18 11:14:53 - [MESSAGE][INFO] - Smart Wait Function is triggered

2021-11-18 11:14:53 - [MESSAGE][INFO] - Found 3 web elements with id: 'Object Repository/Filtreler/Butonlar' located by 'By.cssSelector: .dxb>span' in '10' second(s)

2021-11-18 11:14:53 - [MESSAGE][PASSED] - Method.TextDegerineEsitElementeTikla is PASSED

2021-11-18 11:14:53 - [TEST_STEP][PASSED] - sayac = sayac - 1: null

2021-11-18 11:14:53 - [TEST_STEP][PASSED] - Console.println(sayac): null

2021-11-18 11:14:53 - [TEST_STEP][PASSED] - if (sayac == 0): Actual text and expected text of test object 'Object Repository/Tablo/DurumBilgisiIrsaliye' are matched.

2021-11-18 11:14:53 - [MESSAGE][INFO] - Finding Test Object 'Object Repository/Tablo/DurumBilgisiIrsaliye'

2021-11-18 11:14:53 - [MESSAGE][INFO] - Checking object

2021-11-18 11:14:53 - [MESSAGE][INFO] - Finding web element from Test Object's properties

2021-11-18 11:14:53 - [MESSAGE][INFO] - Checking timeout

2021-11-18 11:14:53 - [MESSAGE][INFO] - Finding web element with id: 'Object Repository/Tablo/DurumBilgisiIrsaliye' located by 'By.xpath: //*[@id = 'GridViewDespatchAdvice_tccell0_6']' in '30' second(s)

2021-11-18 11:14:53 - [MESSAGE][INFO] - Smart Wait Function is triggered

2021-11-18 11:14:54 - [MESSAGE][INFO] - Found 1 web elements with id: 'Object Repository/Tablo/DurumBilgisiIrsaliye' located by 'By.xpath: //*[@id = 'GridViewDespatchAdvice_tccell0_6']' in '30' second(s)

2021-11-18 11:14:54 - [MESSAGE][PASSED] - Actual text and expected text of test object 'Object Repository/Tablo/DurumBilgisiIrsaliye' are matched.

2021-11-18 11:14:54 - [TEST_STEP][PASSED] - Method.TextDegerineEsitElementeTikla(findTestObject("Filtreler/Butonlar"), "Listele"): Method.TextDegerineEsitElementeTikla is PASSED

2021-11-18 11:14:54 - [MESSAGE][INFO] - Finding Test Object 'Object Repository/Filtreler/Butonlar'

2021-11-18 11:14:54 - [MESSAGE][INFO] - Checking timeout

2021-11-18 11:14:54 - [MESSAGE][INFO] - Finding web element with id: 'Object Repository/Filtreler/Butonlar' located by 'By.cssSelector: .dxb>span' in '10' second(s)

2021-11-18 11:14:54 - [MESSAGE][INFO] - Smart Wait Function is triggered

2021-11-18 11:14:54 - [MESSAGE][INFO] - Found 3 web elements with id: 'Object Repository/Filtreler/Butonlar' located by 'By.cssSelector: .dxb>span' in '10' second(s)

2021-11-18 11:14:54 - [MESSAGE][PASSED] - Method.TextDegerineEsitElementeTikla is PASSED

2021-11-18 11:14:54 - [TEST_STEP][PASSED] - sayac = sayac - 1: null

2021-11-18 11:14:54 - [TEST_STEP][PASSED] - Console.println(sayac): null

2021-11-18 11:14:54 - [TEST_STEP][PASSED] - if (sayac == 0): Actual text and expected text of test object 'Object Repository/Tablo/DurumBilgisiIrsaliye' are matched.

2021-11-18 11:14:54 - [MESSAGE][INFO] - Finding Test Object 'Object Repository/Tablo/DurumBilgisiIrsaliye'

2021-11-18 11:14:55 - [MESSAGE][INFO] - Checking object

2021-11-18 11:14:55 - [MESSAGE][INFO] - Finding web element from Test Object's properties

2021-11-18 11:14:55 - [MESSAGE][INFO] - Checking timeout

2021-11-18 11:14:55 - [MESSAGE][INFO] - Finding web element with id: 'Object Repository/Tablo/DurumBilgisiIrsaliye' located by 'By.xpath: //*[@id = 'GridViewDespatchAdvice_tccell0_6']' in '30' second(s)

2021-11-18 11:14:55 - [MESSAGE][INFO] - Smart Wait Function is triggered

2021-11-18 11:14:55 - [MESSAGE][INFO] - Found 1 web elements with id: 'Object Repository/Tablo/DurumBilgisiIrsaliye' located by 'By.xpath: //*[@id = 'GridViewDespatchAdvice_tccell0_6']' in '30' second(s)

2021-11-18 11:14:55 - [MESSAGE][PASSED] - Actual text and expected text of test object 'Object Repository/Tablo/DurumBilgisiIrsaliye' are matched.

2021-11-18 11:14:55 - [TEST_STEP][PASSED] - Method.TextDegerineEsitElementeTikla(findTestObject("Filtreler/Butonlar"), "Listele"): Method.TextDegerineEsitElementeTikla is PASSED

2021-11-18 11:14:55 - [MESSAGE][INFO] - Finding Test Object 'Object Repository/Filtreler/Butonlar'

2021-11-18 11:14:55 - [MESSAGE][INFO] - Checking timeout

2021-11-18 11:14:55 - [MESSAGE][INFO] - Finding web element with id: 'Object Repository/Filtreler/Butonlar' located by 'By.cssSelector: .dxb>span' in '10' second(s)

2021-11-18 11:14:55 - [MESSAGE][INFO] - Smart Wait Function is triggered

2021-11-18 11:14:55 - [MESSAGE][INFO] - Found 3 web elements with id: 'Object Repository/Filtreler/Butonlar' located by 'By.cssSelector: .dxb>span' in '10' second(s)

2021-11-18 11:14:56 - [MESSAGE][PASSED] - Method.TextDegerineEsitElementeTikla is PASSED

2021-11-18 11:14:56 - [TEST_STEP][PASSED] - sayac = sayac - 1: null

2021-11-18 11:14:56 - [TEST_STEP][PASSED] - Console.println(sayac): null

2021-11-18 11:14:56 - [TEST_STEP][PASSED] - if (sayac == 0): Actual text and expected text of test object 'Object Repository/Tablo/DurumBilgisiIrsaliye' are matched.

2021-11-18 11:14:56 - [MESSAGE][INFO] - Finding Test Object 'Object Repository/Tablo/DurumBilgisiIrsaliye'

2021-11-18 11:14:56 - [MESSAGE][INFO] - Checking object

2021-11-18 11:14:56 - [MESSAGE][INFO] - Finding web element from Test Object's properties

2021-11-18 11:14:56 - [MESSAGE][INFO] - Checking timeout

2021-11-18 11:14:56 - [MESSAGE][INFO] - Finding web element with id: 'Object Repository/Tablo/DurumBilgisiIrsaliye' located by 'By.xpath: //*[@id = 'GridViewDespatchAdvice_tccell0_6']' in '30' second(s)

2021-11-18 11:14:56 - [MESSAGE][INFO] - Smart Wait Function is triggered

2021-11-18 11:14:56 - [MESSAGE][INFO] - Found 1 web elements with id: 'Object Repository/Tablo/DurumBilgisiIrsaliye' located by 'By.xpath: //*[@id = 'GridViewDespatchAdvice_tccell0_6']' in '30' second(s)

2021-11-18 11:14:56 - [MESSAGE][PASSED] - Actual text and expected text of test object 'Object Repository/Tablo/DurumBilgisiIrsaliye' are matched.

2021-11-18 11:14:56 - [TEST_STEP][PASSED] - Method.TextDegerineEsitElementeTikla(findTestObject("Filtreler/Butonlar"), "Listele"): Method.TextDegerineEsitElementeTikla is PASSED

2021-11-18 11:14:56 - [MESSAGE][INFO] - Finding Test Object 'Object Repository/Filtreler/Butonlar'

2021-11-18 11:14:56 - [MESSAGE][INFO] - Checking timeout

2021-11-18 11:14:56 - [MESSAGE][INFO] - Finding web element with id: 'Object Repository/Filtreler/Butonlar' located by 'By.cssSelector: .dxb>span' in '10' second(s)

2021-11-18 11:14:56 - [MESSAGE][INFO] - Smart Wait Function is triggered

2021-11-18 11:14:57 - [MESSAGE][INFO] - Found 3 web elements with id: 'Object Repository/Filtreler/Butonlar' located by 'By.cssSelector: .dxb>span' in '10' second(s)

2021-11-18 11:14:57 - [MESSAGE][PASSED] - Method.TextDegerineEsitElementeTikla is PASSED

2021-11-18 11:14:57 - [TEST_STEP][PASSED] - sayac = sayac - 1: null

2021-11-18 11:14:57 - [TEST_STEP][PASSED] - Console.println(sayac): null

2021-11-18 11:14:57 - [TEST_STEP][PASSED] - if (sayac == 0): Actual text and expected text of test object 'Object Repository/Tablo/DurumBilgisiIrsaliye' are matched.

2021-11-18 11:14:57 - [MESSAGE][INFO] - Finding Test Object 'Object Repository/Tablo/DurumBilgisiIrsaliye'

2021-11-18 11:14:57 - [MESSAGE][INFO] - Checking object

2021-11-18 11:14:57 - [MESSAGE][INFO] - Finding web element from Test Object's properties

2021-11-18 11:14:57 - [MESSAGE][INFO] - Checking timeout

2021-11-18 11:14:57 - [MESSAGE][INFO] - Finding web element with id: 'Object Repository/Tablo/DurumBilgisiIrsaliye' located by 'By.xpath: //*[@id = 'GridViewDespatchAdvice_tccell0_6']' in '30' second(s)

2021-11-18 11:14:57 - [MESSAGE][INFO] - Smart Wait Function is triggered

2021-11-18 11:14:57 - [MESSAGE][INFO] - Found 1 web elements with id: 'Object Repository/Tablo/DurumBilgisiIrsaliye' located by 'By.xpath: //*[@id = 'GridViewDespatchAdvice_tccell0_6']' in '30' second(s)

2021-11-18 11:14:57 - [MESSAGE][PASSED] - Actual text and expected text of test object 'Object Repository/Tablo/DurumBilgisiIrsaliye' are matched.

2021-11-18 11:14:57 - [TEST_STEP][PASSED] - Method.TextDegerineEsitElementeTikla(findTestObject("Filtreler/Butonlar"), "Listele"): Method.TextDegerineEsitElementeTikla is PASSED

2021-11-18 11:14:57 - [MESSAGE][INFO] - Finding Test Object 'Object Repository/Filtreler/Butonlar'

2021-11-18 11:14:57 - [MESSAGE][INFO] - Checking timeout

2021-11-18 11:14:57 - [MESSAGE][INFO] - Finding web element with id: 'Object Repository/Filtreler/Butonlar' located by 'By.cssSelector: .dxb>span' in '10' second(s)

2021-11-18 11:14:57 - [MESSAGE][INFO] - Smart Wait Function is triggered

2021-11-18 11:14:58 - [MESSAGE][INFO] - Found 3 web elements with id: 'Object Repository/Filtreler/Butonlar' located by 'By.cssSelector: .dxb>span' in '10' second(s)

2021-11-18 11:14:58 - [MESSAGE][PASSED] - Method.TextDegerineEsitElementeTikla is PASSED

2021-11-18 11:14:58 - [TEST_STEP][PASSED] - sayac = sayac - 1: null

2021-11-18 11:14:58 - [TEST_STEP][PASSED] - Console.println(sayac): null

2021-11-18 11:14:58 - [TEST_STEP][PASSED] - if (sayac == 0): Actual text and expected text of test object 'Object Repository/Tablo/DurumBilgisiIrsaliye' are matched.

2021-11-18 11:14:58 - [MESSAGE][INFO] - Finding Test Object 'Object Repository/Tablo/DurumBilgisiIrsaliye'

2021-11-18 11:14:58 - [MESSAGE][INFO] - Checking object

2021-11-18 11:14:58 - [MESSAGE][INFO] - Finding web element from Test Object's properties

2021-11-18 11:14:58 - [MESSAGE][INFO] - Checking timeout

2021-11-18 11:14:58 - [MESSAGE][INFO] - Finding web element with id: 'Object Repository/Tablo/DurumBilgisiIrsaliye' located by 'By.xpath: //*[@id = 'GridViewDespatchAdvice_tccell0_6']' in '30' second(s)

2021-11-18 11:14:58 - [MESSAGE][INFO] - Smart Wait Function is triggered

2021-11-18 11:14:58 - [MESSAGE][INFO] - Found 1 web elements with id: 'Object Repository/Tablo/DurumBilgisiIrsaliye' located by 'By.xpath: //*[@id = 'GridViewDespatchAdvice_tccell0_6']' in '30' second(s)

2021-11-18 11:14:58 - [MESSAGE][PASSED] - Actual text and expected text of test object 'Object Repository/Tablo/DurumBilgisiIrsaliye' are matched.

2021-11-18 11:14:58 - [TEST_STEP][PASSED] - Method.TextDegerineEsitElementeTikla(findTestObject("Filtreler/Butonlar"), "Listele"): Method.TextDegerineEsitElementeTikla is PASSED

2021-11-18 11:14:58 - [MESSAGE][INFO] - Finding Test Object 'Object Repository/Filtreler/Butonlar'

2021-11-18 11:14:59 - [MESSAGE][INFO] - Checking timeout

2021-11-18 11:14:59 - [MESSAGE][INFO] - Finding web element with id: 'Object Repository/Filtreler/Butonlar' located by 'By.cssSelector: .dxb>span' in '10' second(s)

2021-11-18 11:14:59 - [MESSAGE][INFO] - Smart Wait Function is triggered

2021-11-18 11:14:59 - [MESSAGE][INFO] - Found 3 web elements with id: 'Object Repository/Filtreler/Butonlar' located by 'By.cssSelector: .dxb>span' in '10' second(s)

2021-11-18 11:14:59 - [MESSAGE][PASSED] - Method.TextDegerineEsitElementeTikla is PASSED

2021-11-18 11:14:59 - [TEST_STEP][PASSED] - sayac = sayac - 1: null

2021-11-18 11:14:59 - [TEST_STEP][PASSED] - Console.println(sayac): null

2021-11-18 11:14:59 - [TEST_STEP][PASSED] - if (sayac == 0): Actual text and expected text of test object 'Object Repository/Tablo/DurumBilgisiIrsaliye' are matched.

2021-11-18 11:14:59 - [MESSAGE][INFO] - Finding Test Object 'Object Repository/Tablo/DurumBilgisiIrsaliye'

2021-11-18 11:14:59 - [MESSAGE][INFO] - Checking object

2021-11-18 11:14:59 - [MESSAGE][INFO] - Finding web element from Test Object's properties

2021-11-18 11:14:59 - [MESSAGE][INFO] - Checking timeout

2021-11-18 11:14:59 - [MESSAGE][INFO] - Finding web element with id: 'Object Repository/Tablo/DurumBilgisiIrsaliye' located by 'By.xpath: //*[@id = 'GridViewDespatchAdvice_tccell0_6']' in '30' second(s)

2021-11-18 11:14:59 - [MESSAGE][INFO] - Smart Wait Function is triggered

2021-11-18 11:15:00 - [MESSAGE][INFO] - Found 1 web elements with id: 'Object Repository/Tablo/DurumBilgisiIrsaliye' located by 'By.xpath: //*[@id = 'GridViewDespatchAdvice_tccell0_6']' in '30' second(s)

2021-11-18 11:15:00 - [MESSAGE][PASSED] - Actual text and expected text of test object 'Object Repository/Tablo/DurumBilgisiIrsaliye' are matched.

2021-11-18 11:15:00 - [TEST_STEP][PASSED] - Method.TextDegerineEsitElementeTikla(findTestObject("Filtreler/Butonlar"), "Listele"): Method.TextDegerineEsitElementeTikla is PASSED

2021-11-18 11:15:00 - [MESSAGE][INFO] - Finding Test Object 'Object Repository/Filtreler/Butonlar'

2021-11-18 11:15:00 - [MESSAGE][INFO] - Checking timeout

2021-11-18 11:15:00 - [MESSAGE][INFO] - Finding web element with id: 'Object Repository/Filtreler/Butonlar' located by 'By.cssSelector: .dxb>span' in '10' second(s)

2021-11-18 11:15:00 - [MESSAGE][INFO] - Smart Wait Function is triggered

2021-11-18 11:15:00 - [MESSAGE][INFO] - Found 3 web elements with id: 'Object Repository/Filtreler/Butonlar' located by 'By.cssSelector: .dxb>span' in '10' second(s)

2021-11-18 11:15:00 - [MESSAGE][PASSED] - Method.TextDegerineEsitElementeTikla is PASSED

2021-11-18 11:15:00 - [TEST_STEP][PASSED] - sayac = sayac - 1: null

2021-11-18 11:15:00 - [TEST_STEP][PASSED] - Console.println(sayac): null

2021-11-18 11:15:00 - [TEST_STEP][PASSED] - if (sayac == 0): Actual text and expected text of test object 'Object Repository/Tablo/DurumBilgisiIrsaliye' are matched.

2021-11-18 11:15:00 - [MESSAGE][INFO] - Finding Test Object 'Object Repository/Tablo/DurumBilgisiIrsaliye'

2021-11-18 11:15:00 - [MESSAGE][INFO] - Checking object

2021-11-18 11:15:00 - [MESSAGE][INFO] - Finding web element from Test Object's properties

2021-11-18 11:15:00 - [MESSAGE][INFO] - Checking timeout

2021-11-18 11:15:00 - [MESSAGE][INFO] - Finding web element with id: 'Object Repository/Tablo/DurumBilgisiIrsaliye' located by 'By.xpath: //*[@id = 'GridViewDespatchAdvice_tccell0_6']' in '30' second(s)

2021-11-18 11:15:00 - [MESSAGE][INFO] - Smart Wait Function is triggered

2021-11-18 11:15:01 - [MESSAGE][INFO] - Found 1 web elements with id: 'Object Repository/Tablo/DurumBilgisiIrsaliye' located by 'By.xpath: //*[@id = 'GridViewDespatchAdvice_tccell0_6']' in '30' second(s)

2021-11-18 11:15:01 - [MESSAGE][PASSED] - Actual text and expected text of test object 'Object Repository/Tablo/DurumBilgisiIrsaliye' are matched.

2021-11-18 11:15:01 - [TEST_STEP][PASSED] - Method.TextDegerineEsitElementeTikla(findTestObject("Filtreler/Butonlar"), "Listele"): Method.TextDegerineEsitElementeTikla is PASSED

2021-11-18 11:15:01 - [MESSAGE][INFO] - Finding Test Object 'Object Repository/Filtreler/Butonlar'

2021-11-18 11:15:01 - [MESSAGE][INFO] - Checking timeout

2021-11-18 11:15:01 - [MESSAGE][INFO] - Finding web element with id: 'Object Repository/Filtreler/Butonlar' located by 'By.cssSelector: .dxb>span' in '10' second(s)

2021-11-18 11:15:01 - [MESSAGE][INFO] - Smart Wait Function is triggered

2021-11-18 11:15:01 - [MESSAGE][INFO] - Found 3 web elements with id: 'Object Repository/Filtreler/Butonlar' located by 'By.cssSelector: .dxb>span' in '10' second(s)

2021-11-18 11:15:01 - [MESSAGE][PASSED] - Method.TextDegerineEsitElementeTikla is PASSED

2021-11-18 11:15:01 - [TEST_STEP][PASSED] - sayac = sayac - 1: null

2021-11-18 11:15:01 - [TEST_STEP][PASSED] - Console.println(sayac): null

2021-11-18 11:15:01 - [TEST_STEP][PASSED] - if (sayac == 0): Actual text and expected text of test object 'Object Repository/Tablo/DurumBilgisiIrsaliye' are matched.

2021-11-18 11:15:01 - [MESSAGE][INFO] - Finding Test Object 'Object Repository/Tablo/DurumBilgisiIrsaliye'

2021-11-18 11:15:01 - [MESSAGE][INFO] - Checking object

2021-11-18 11:15:01 - [MESSAGE][INFO] - Finding web element from Test Object's properties

2021-11-18 11:15:01 - [MESSAGE][INFO] - Checking timeout

2021-11-18 11:15:01 - [MESSAGE][INFO] - Finding web element with id: 'Object Repository/Tablo/DurumBilgisiIrsaliye' located by 'By.xpath: //*[@id = 'GridViewDespatchAdvice_tccell0_6']' in '30' second(s)

2021-11-18 11:15:01 - [MESSAGE][INFO] - Smart Wait Function is triggered

2021-11-18 11:15:02 - [MESSAGE][INFO] - Found 1 web elements with id: 'Object Repository/Tablo/DurumBilgisiIrsaliye' located by 'By.xpath: //*[@id = 'GridViewDespatchAdvice_tccell0_6']' in '30' second(s)

2021-11-18 11:15:02 - [MESSAGE][PASSED] - Actual text and expected text of test object 'Object Repository/Tablo/DurumBilgisiIrsaliye' are matched.

2021-11-18 11:15:02 - [TEST_STEP][PASSED] - Method.TextDegerineEsitElementeTikla(findTestObject("Filtreler/Butonlar"), "Listele"): Method.TextDegerineEsitElementeTikla is PASSED

2021-11-18 11:15:02 - [MESSAGE][INFO] - Finding Test Object 'Object Repository/Filtreler/Butonlar'

2021-11-18 11:15:02 - [MESSAGE][INFO] - Checking timeout

2021-11-18 11:15:02 - [MESSAGE][INFO] - Finding web element with id: 'Object Repository/Filtreler/Butonlar' located by 'By.cssSelector: .dxb>span' in '10' second(s)

2021-11-18 11:15:02 - [MESSAGE][INFO] - Smart Wait Function is triggered

2021-11-18 11:15:02 - [MESSAGE][INFO] - Found 3 web elements with id: 'Object Repository/Filtreler/Butonlar' located by 'By.cssSelector: .dxb>span' in '10' second(s)

2021-11-18 11:15:02 - [MESSAGE][PASSED] - Method.TextDegerineEsitElementeTikla is PASSED

2021-11-18 11:15:02 - [TEST_STEP][PASSED] - sayac = sayac - 1: null

2021-11-18 11:15:02 - [TEST_STEP][PASSED] - Console.println(sayac): null

2021-11-18 11:15:02 - [TEST_STEP][PASSED] - if (sayac == 0): Verify element text of test object 'Object Repository/Tablo/DurumBilgisiIrsaliye' FAILED. (Root cause: com.kms.katalon.core.exception.StepFailedException: Verify element text of test object 'Object Repository/Tablo/DurumBilgisiIrsaliye' FAILED.
	at com.kms.katalon.core.webui.keyword.internal.WebUIKeywordMain.stepFailed(WebUIKeywordMain.groovy:64)
	at com.kms.katalon.core.webui.keyword.internal.WebUIKeywordMain.runKeyword(WebUIKeywordMain.groovy:26)
	at com.kms.katalon.core.webui.keyword.builtin.VerifyElementTextKeyword.verifyElementText(VerifyElementTextKeyword.groovy:72)
	at com.kms.katalon.core.webui.keyword.builtin.VerifyElementTextKeyword.execute(VerifyElementTextKeyword.groovy:40)
	at com.kms.katalon.core.keyword.internal.KeywordExecutor.executeKeywordForPlatform(KeywordExecutor.groovy:73)
	at com.kms.katalon.core.webui.keyword.WebUiBuiltInKeywords.verifyElementText(WebUiBuiltInKeywords.groovy:4733)
	at com.kms.katalon.core.webui.keyword.WebUiBuiltInKeywords$verifyElementText$26.call(Unknown Source)
	at TablodaVeriBasariliMiIrsaliye.run(TablodaVeriBasariliMiIrsaliye:22)
	at com.kms.katalon.core.main.ScriptEngine.run(ScriptEngine.java:194)
	at com.kms.katalon.core.main.ScriptEngine.runScriptAsRawText(ScriptEngine.java:119)
	at com.kms.katalon.core.main.TestCaseExecutor.runScript(TestCaseExecutor.java:369)
	at com.kms.katalon.core.main.TestCaseExecutor.doExecute(TestCaseExecutor.java:360)
	at com.kms.katalon.core.main.TestCaseExecutor.processExecutionPhase(TestCaseExecutor.java:339)
	at com.kms.katalon.core.main.TestCaseExecutor.accessMainPhase(TestCaseExecutor.java:331)
	at com.kms.katalon.core.main.TestCaseExecutor.execute(TestCaseExecutor.java:248)
	at com.kms.katalon.core.main.TestCaseMain.runTestCase(TestCaseMain.java:138)
	at com.kms.katalon.core.keyword.builtin.CallTestCaseKeyword$_callTestCase_closure1.doCall(CallTestCaseKeyword.groovy:59)
	at com.kms.katalon.core.keyword.builtin.CallTestCaseKeyword$_callTestCase_closure1.call(CallTestCaseKeyword.groovy)
	at com.kms.katalon.core.keyword.internal.KeywordMain.runKeyword(KeywordMain.groovy:68)
	at com.kms.katalon.core.keyword.builtin.CallTestCaseKeyword.callTestCase(CallTestCaseKeyword.groovy:81)
	at com.kms.katalon.core.keyword.builtin.CallTestCaseKeyword.execute(CallTestCaseKeyword.groovy:44)
	at com.kms.katalon.core.keyword.internal.KeywordExecutor.executeKeywordForPlatform(KeywordExecutor.groovy:73)
	at com.kms.katalon.core.keyword.BuiltinKeywords.callTestCase(BuiltinKeywords.groovy:334)
	at tablo.tablo.tablodaVeriBasariliMiIrsaliye(tablo.groovy:85)
	at cucumber.runtime.Utils$1.call(Utils.java:26)
	at cucumber.runtime.Timeout.timeout(Timeout.java:16)
	at cucumber.runtime.Utils.invoke(Utils.java:20)
	at cucumber.runtime.java.JavaStepDefinition.execute(JavaStepDefinition.java:49)
	at cucumber.runner.PickleStepDefinitionMatch.runStep(PickleStepDefinitionMatch.java:50)
	at cucumber.runner.TestStep.executeStep(TestStep.java:63)
	at cucumber.runner.TestStep.run(TestStep.java:49)
	at cucumber.runner.PickleStepTestStep.run(PickleStepTestStep.java:43)
	at cucumber.runner.TestCase.run(TestCase.java:44)
	at cucumber.runner.Runner.runPickle(Runner.java:40)
	at cucumber.runtime.Runtime$1.run(Runtime.java:84)
	at cucumber.runtime.Runtime$SameThreadExecutorService.execute(Runtime.java:220)
	at cucumber.runtime.Runtime.run(Runtime.java:81)
	at cucumber.api.cli.Main.run(Main.java:26)
	at cucumber.api.cli.Main$run.call(Unknown Source)
	at com.kms.katalon.core.cucumber.keyword.CucumberBuiltinKeywords$_runFeatureFile_closure1.doCall(CucumberBuiltinKeywords.groovy:106)
	at com.kms.katalon.core.cucumber.keyword.CucumberBuiltinKeywords$_runFeatureFile_closure1.doCall(CucumberBuiltinKeywords.groovy)
	at com.kms.katalon.core.keyword.internal.KeywordMain.runKeyword(KeywordMain.groovy:68)
	at com.kms.katalon.core.keyword.internal.KeywordMain$runKeyword.call(Unknown Source)
	at com.kms.katalon.core.cucumber.keyword.CucumberBuiltinKeywords.runFeatureFile(CucumberBuiltinKeywords.groovy:73)
	at com.kms.katalon.core.cucumber.keyword.CucumberBuiltinKeywords$runFeatureFile$0.callStatic(Unknown Source)
	at com.kms.katalon.core.cucumber.keyword.CucumberBuiltinKeywords.runFeatureFile(CucumberBuiltinKeywords.groovy:246)
	at com.kms.katalon.core.cucumber.keyword.CucumberBuiltinKeywords$runFeatureFile.call(Unknown Source)
	at TCKN-Temel Irsaliye-Sevk Tipinde.run(TCKN-Temel Irsaliye-Sevk Tipinde:17)
	at com.kms.katalon.core.main.ScriptEngine.run(ScriptEngine.java:194)
	at com.kms.katalon.core.main.ScriptEngine.runScriptAsRawText(ScriptEngine.java:119)
	at com.kms.katalon.core.main.TestCaseExecutor.runScript(TestCaseExecutor.java:369)
	at com.kms.katalon.core.main.TestCaseExecutor.doExecute(TestCaseExecutor.java:360)
	at com.kms.katalon.core.main.TestCaseExecutor.processExecutionPhase(TestCaseExecutor.java:339)
	at com.kms.katalon.core.main.TestCaseExecutor.accessMainPhase(TestCaseExecutor.java:331)
	at com.kms.katalon.core.main.TestCaseExecutor.execute(TestCaseExecutor.java:248)
	at com.kms.katalon.core.main.TestSuiteExecutor.accessTestCaseMainPhase(TestSuiteExecutor.java:191)
	at com.kms.katalon.core.main.TestSuiteExecutor.accessTestSuiteMainPhase(TestSuiteExecutor.java:140)
	at com.kms.katalon.core.main.TestSuiteExecutor.execute(TestSuiteExecutor.java:89)
	at com.kms.katalon.core.main.TestCaseMain.startTestSuite(TestCaseMain.java:181)
	at com.kms.katalon.core.main.TestCaseMain$startTestSuite$0.call(Unknown Source)
	at TempTestSuite1637222960690.run(TempTestSuite1637222960690.groovy:39)
Caused by: org.openqa.selenium.NoSuchSessionException: Session ID is null. Using WebDriver after calling quit()?
Build info: version: '3.141.59', revision: 'e82be7d358', time: '2018-11-14T08:25:53'
System info: host: 'DESKTOP-QBVMTUG', ip: '192.168.1.24', os.name: 'Windows 10', os.arch: 'amd64', os.version: '10.0', java.version: '1.8.0_282'
Driver info: driver.version: RemoteWebDriver
	at org.openqa.selenium.remote.HttpCommandExecutor.execute(HttpCommandExecutor.java:125)
	at org.openqa.selenium.remote.service.DriverCommandExecutor.execute(DriverCommandExecutor.java:83)
	at org.openqa.selenium.remote.RemoteWebDriver.execute(RemoteWebDriver.java:552)
	at com.kms.katalon.selenium.driver.CChromeDriver.execute(CChromeDriver.java:19)
	at org.openqa.selenium.remote.RemoteWebDriver.findElements(RemoteWebDriver.java:353)
	at org.openqa.selenium.remote.RemoteWebDriver.findElementsByXPath(RemoteWebDriver.java:432)
	at org.openqa.selenium.By$ByXPath.findElements(By.java:348)
	at org.openqa.selenium.remote.RemoteWebDriver.findElements(RemoteWebDriver.java:311)
	at com.kms.katalon.core.webui.common.WebUiCommonHelper.findElementByNormalMethods(WebUiCommonHelper.java:1014)
	at com.kms.katalon.core.webui.common.WebUiCommonHelper.findElementsBySelectedMethod(WebUiCommonHelper.java:903)
	at com.kms.katalon.core.webui.common.WebUiCommonHelper.findElementsBySelectedMethod(WebUiCommonHelper.java:892)
	at com.kms.katalon.core.webui.common.WebUiCommonHelper.findElementsBySelectedMethod(WebUiCommonHelper.java:887)
	at com.kms.katalon.core.webui.common.WebUiCommonHelper.findElementsByDefault(WebUiCommonHelper.java:883)
	at com.kms.katalon.core.webui.common.WebUiCommonHelper.findWebElements(WebUiCommonHelper.java:720)
	at com.kms.katalon.core.webui.common.WebUiCommonHelper.findWebElement(WebUiCommonHelper.java:1363)
	at com.kms.katalon.core.webui.keyword.internal.WebUIAbstractKeyword.findWebElement(WebUIAbstractKeyword.groovy:27)
	at com.kms.katalon.core.webui.keyword.builtin.VerifyElementTextKeyword$_verifyElementText_closure1.doCall(VerifyElementTextKeyword.groovy:52)
	at com.kms.katalon.core.webui.keyword.builtin.VerifyElementTextKeyword$_verifyElementText_closure1.call(VerifyElementTextKeyword.groovy)
	at com.kms.katalon.core.webui.keyword.internal.WebUIKeywordMain.runKeyword(WebUIKeywordMain.groovy:20)
	at com.kms.katalon.core.webui.keyword.builtin.VerifyElementTextKeyword.verifyElementText(VerifyElementTextKeyword.groovy:72)
	at com.kms.katalon.core.webui.keyword.builtin.VerifyElementTextKeyword.execute(VerifyElementTextKeyword.groovy:40)
	at com.kms.katalon.core.keyword.internal.KeywordExecutor.executeKeywordForPlatform(KeywordExecutor.groovy:73)
	at com.kms.katalon.core.webui.keyword.WebUiBuiltInKeywords.verifyElementText(WebUiBuiltInKeywords.groovy:4733)
	at com.kms.katalon.core.webui.keyword.WebUiBuiltInKeywords$verifyElementText$26.call(Unknown Source)
	at Script1633425168321.run(Script1633425168321.groovy:22)
	at com.kms.katalon.core.main.ScriptEngine.run(ScriptEngine.java:194)
	at com.kms.katalon.core.main.ScriptEngine.runScriptAsRawText(ScriptEngine.java:119)
	at com.kms.katalon.core.main.TestCaseExecutor.runScript(TestCaseExecutor.java:369)
	at com.kms.katalon.core.main.TestCaseExecutor.doExecute(TestCaseExecutor.java:360)
	at com.kms.katalon.core.main.TestCaseExecutor.processExecutionPhase(TestCaseExecutor.java:339)
	at com.kms.katalon.core.main.TestCaseExecutor.accessMainPhase(TestCaseExecutor.java:331)
	at com.kms.katalon.core.main.TestCaseExecutor.execute(TestCaseExecutor.java:248)
	at com.kms.katalon.core.main.TestCaseMain.runTestCase(TestCaseMain.java:138)
	at com.kms.katalon.core.keyword.builtin.CallTestCaseKeyword$_callTestCase_closure1.doCall(CallTestCaseKeyword.groovy:59)
	at com.kms.katalon.core.keyword.builtin.CallTestCaseKeyword$_callTestCase_closure1.call(CallTestCaseKeyword.groovy)
	at com.kms.katalon.core.keyword.internal.KeywordMain.runKeyword(KeywordMain.groovy:68)
	at com.kms.katalon.core.keyword.builtin.CallTestCaseKeyword.callTestCase(CallTestCaseKeyword.groovy:81)
	at com.kms.katalon.core.keyword.builtin.CallTestCaseKeyword.execute(CallTestCaseKeyword.groovy:44)
	at com.kms.katalon.core.keyword.internal.KeywordExecutor.executeKeywordForPlatform(KeywordExecutor.groovy:73)
	at com.kms.katalon.core.keyword.BuiltinKeywords.callTestCase(BuiltinKeywords.groovy:334)
	at tablo.tablo.tablodaVeriBasariliMiIrsaliye(tablo.groovy:85)
	at cucumber.runtime.Utils$1.call(Utils.java:26)
	at cucumber.runtime.Timeout.timeout(Timeout.java:16)
	at cucumber.runtime.Utils.invoke(Utils.java:20)
	at cucumber.runtime.java.JavaStepDefinition.execute(JavaStepDefinition.java:49)
	at cucumber.runner.PickleStepDefinitionMatch.runStep(PickleStepDefinitionMatch.java:50)
	at cucumber.runner.TestStep.executeStep(TestStep.java:63)
	at cucumber.runner.TestStep.run(TestStep.java:49)
	at cucumber.runner.PickleStepTestStep.run(PickleStepTestStep.java:43)
	at cucumber.runner.TestCase.run(TestCase.java:44)
	at cucumber.runner.Runner.runPickle(Runner.java:40)
	at cucumber.runtime.Runtime$1.run(Runtime.java:84)
	at cucumber.runtime.Runtime$SameThreadExecutorService.execute(Runtime.java:220)
	at cucumber.runtime.Runtime.run(Runtime.java:81)
	at cucumber.api.cli.Main.run(Main.java:26)
	at cucumber.api.cli.Main$run.call(Unknown Source)
	at com.kms.katalon.core.cucumber.keyword.CucumberBuiltinKeywords$_runFeatureFile_closure1.doCall(CucumberBuiltinKeywords.groovy:106)
	at com.kms.katalon.core.cucumber.keyword.CucumberBuiltinKeywords$_runFeatureFile_closure1.doCall(CucumberBuiltinKeywords.groovy)
	at com.kms.katalon.core.keyword.internal.KeywordMain.runKeyword(KeywordMain.groovy:68)
	at com.kms.katalon.core.keyword.internal.KeywordMain$runKeyword.call(Unknown Source)
	at com.kms.katalon.core.cucumber.keyword.CucumberBuiltinKeywords.runFeatureFile(CucumberBuiltinKeywords.groovy:73)
	at com.kms.katalon.core.cucumber.keyword.CucumberBuiltinKeywords$runFeatureFile$0.callStatic(Unknown Source)
	at com.kms.katalon.core.cucumber.keyword.CucumberBuiltinKeywords.runFeatureFile(CucumberBuiltinKeywords.groovy:246)
	at com.kms.katalon.core.cucumber.keyword.CucumberBuiltinKeywords$runFeatureFile.call(Unknown Source)
	at Script1600698733665.run(Script1600698733665.groovy:17)
	... 13 more
)

2021-11-18 11:15:02 - [TEST_STEP][PASSED] - closeBrowser(STOP_ON_FAILURE): Verify element text of test object 'Object Repository/Tablo/DurumBilgisiIrsaliye' FAILED. (Root cause: com.kms.katalon.core.exception.StepFailedException: Verify element text of test object 'Object Repository/Tablo/DurumBilgisiIrsaliye' FAILED.
	at com.kms.katalon.core.webui.keyword.internal.WebUIKeywordMain.stepFailed(WebUIKeywordMain.groovy:64)
	at com.kms.katalon.core.webui.keyword.internal.WebUIKeywordMain.runKeyword(WebUIKeywordMain.groovy:26)
	at com.kms.katalon.core.webui.keyword.builtin.VerifyElementTextKeyword.verifyElementText(VerifyElementTextKeyword.groovy:72)
	at com.kms.katalon.core.webui.keyword.builtin.VerifyElementTextKeyword.execute(VerifyElementTextKeyword.groovy:40)
	at com.kms.katalon.core.keyword.internal.KeywordExecutor.executeKeywordForPlatform(KeywordExecutor.groovy:73)
	at com.kms.katalon.core.webui.keyword.WebUiBuiltInKeywords.verifyElementText(WebUiBuiltInKeywords.groovy:4733)
	at com.kms.katalon.core.webui.keyword.WebUiBuiltInKeywords$verifyElementText$26.call(Unknown Source)
	at TablodaVeriBasariliMiIrsaliye.run(TablodaVeriBasariliMiIrsaliye:22)
	at com.kms.katalon.core.main.ScriptEngine.run(ScriptEngine.java:194)
	at com.kms.katalon.core.main.ScriptEngine.runScriptAsRawText(ScriptEngine.java:119)
	at com.kms.katalon.core.main.TestCaseExecutor.runScript(TestCaseExecutor.java:369)
	at com.kms.katalon.core.main.TestCaseExecutor.doExecute(TestCaseExecutor.java:360)
	at com.kms.katalon.core.main.TestCaseExecutor.processExecutionPhase(TestCaseExecutor.java:339)
	at com.kms.katalon.core.main.TestCaseExecutor.accessMainPhase(TestCaseExecutor.java:331)
	at com.kms.katalon.core.main.TestCaseExecutor.execute(TestCaseExecutor.java:248)
	at com.kms.katalon.core.main.TestCaseMain.runTestCase(TestCaseMain.java:138)
	at com.kms.katalon.core.keyword.builtin.CallTestCaseKeyword$_callTestCase_closure1.doCall(CallTestCaseKeyword.groovy:59)
	at com.kms.katalon.core.keyword.builtin.CallTestCaseKeyword$_callTestCase_closure1.call(CallTestCaseKeyword.groovy)
	at com.kms.katalon.core.keyword.internal.KeywordMain.runKeyword(KeywordMain.groovy:68)
	at com.kms.katalon.core.keyword.builtin.CallTestCaseKeyword.callTestCase(CallTestCaseKeyword.groovy:81)
	at com.kms.katalon.core.keyword.builtin.CallTestCaseKeyword.execute(CallTestCaseKeyword.groovy:44)
	at com.kms.katalon.core.keyword.internal.KeywordExecutor.executeKeywordForPlatform(KeywordExecutor.groovy:73)
	at com.kms.katalon.core.keyword.BuiltinKeywords.callTestCase(BuiltinKeywords.groovy:334)
	at tablo.tablo.tablodaVeriBasariliMiIrsaliye(tablo.groovy:85)
	at cucumber.runtime.Utils$1.call(Utils.java:26)
	at cucumber.runtime.Timeout.timeout(Timeout.java:16)
	at cucumber.runtime.Utils.invoke(Utils.java:20)
	at cucumber.runtime.java.JavaStepDefinition.execute(JavaStepDefinition.java:49)
	at cucumber.runner.PickleStepDefinitionMatch.runStep(PickleStepDefinitionMatch.java:50)
	at cucumber.runner.TestStep.executeStep(TestStep.java:63)
	at cucumber.runner.TestStep.run(TestStep.java:49)
	at cucumber.runner.PickleStepTestStep.run(PickleStepTestStep.java:43)
	at cucumber.runner.TestCase.run(TestCase.java:44)
	at cucumber.runner.Runner.runPickle(Runner.java:40)
	at cucumber.runtime.Runtime$1.run(Runtime.java:84)
	at cucumber.runtime.Runtime$SameThreadExecutorService.execute(Runtime.java:220)
	at cucumber.runtime.Runtime.run(Runtime.java:81)
	at cucumber.api.cli.Main.run(Main.java:26)
	at cucumber.api.cli.Main$run.call(Unknown Source)
	at com.kms.katalon.core.cucumber.keyword.CucumberBuiltinKeywords$_runFeatureFile_closure1.doCall(CucumberBuiltinKeywords.groovy:106)
	at com.kms.katalon.core.cucumber.keyword.CucumberBuiltinKeywords$_runFeatureFile_closure1.doCall(CucumberBuiltinKeywords.groovy)
	at com.kms.katalon.core.keyword.internal.KeywordMain.runKeyword(KeywordMain.groovy:68)
	at com.kms.katalon.core.keyword.internal.KeywordMain$runKeyword.call(Unknown Source)
	at com.kms.katalon.core.cucumber.keyword.CucumberBuiltinKeywords.runFeatureFile(CucumberBuiltinKeywords.groovy:73)
	at com.kms.katalon.core.cucumber.keyword.CucumberBuiltinKeywords$runFeatureFile$0.callStatic(Unknown Source)
	at com.kms.katalon.core.cucumber.keyword.CucumberBuiltinKeywords.runFeatureFile(CucumberBuiltinKeywords.groovy:246)
	at com.kms.katalon.core.cucumber.keyword.CucumberBuiltinKeywords$runFeatureFile.call(Unknown Source)
	at TCKN-Temel Irsaliye-Sevk Tipinde.run(TCKN-Temel Irsaliye-Sevk Tipinde:17)
	at com.kms.katalon.core.main.ScriptEngine.run(ScriptEngine.java:194)
	at com.kms.katalon.core.main.ScriptEngine.runScriptAsRawText(ScriptEngine.java:119)
	at com.kms.katalon.core.main.TestCaseExecutor.runScript(TestCaseExecutor.java:369)
	at com.kms.katalon.core.main.TestCaseExecutor.doExecute(TestCaseExecutor.java:360)
	at com.kms.katalon.core.main.TestCaseExecutor.processExecutionPhase(TestCaseExecutor.java:339)
	at com.kms.katalon.core.main.TestCaseExecutor.accessMainPhase(TestCaseExecutor.java:331)
	at com.kms.katalon.core.main.TestCaseExecutor.execute(TestCaseExecutor.java:248)
	at com.kms.katalon.core.main.TestSuiteExecutor.accessTestCaseMainPhase(TestSuiteExecutor.java:191)
	at com.kms.katalon.core.main.TestSuiteExecutor.accessTestSuiteMainPhase(TestSuiteExecutor.java:140)
	at com.kms.katalon.core.main.TestSuiteExecutor.execute(TestSuiteExecutor.java:89)
	at com.kms.katalon.core.main.TestCaseMain.startTestSuite(TestCaseMain.java:181)
	at com.kms.katalon.core.main.TestCaseMain$startTestSuite$0.call(Unknown Source)
	at TempTestSuite1637222960690.run(TempTestSuite1637222960690.groovy:39)
Caused by: org.openqa.selenium.NoSuchSessionException: Session ID is null. Using WebDriver after calling quit()?
Build info: version: '3.141.59', revision: 'e82be7d358', time: '2018-11-14T08:25:53'
System info: host: 'DESKTOP-QBVMTUG', ip: '192.168.1.24', os.name: 'Windows 10', os.arch: 'amd64', os.version: '10.0', java.version: '1.8.0_282'
Driver info: driver.version: RemoteWebDriver
	at org.openqa.selenium.remote.HttpCommandExecutor.execute(HttpCommandExecutor.java:125)
	at org.openqa.selenium.remote.service.DriverCommandExecutor.execute(DriverCommandExecutor.java:83)
	at org.openqa.selenium.remote.RemoteWebDriver.execute(RemoteWebDriver.java:552)
	at com.kms.katalon.selenium.driver.CChromeDriver.execute(CChromeDriver.java:19)
	at org.openqa.selenium.remote.RemoteWebDriver.findElements(RemoteWebDriver.java:353)
	at org.openqa.selenium.remote.RemoteWebDriver.findElementsByXPath(RemoteWebDriver.java:432)
	at org.openqa.selenium.By$ByXPath.findElements(By.java:348)
	at org.openqa.selenium.remote.RemoteWebDriver.findElements(RemoteWebDriver.java:311)
	at com.kms.katalon.core.webui.common.WebUiCommonHelper.findElementByNormalMethods(WebUiCommonHelper.java:1014)
	at com.kms.katalon.core.webui.common.WebUiCommonHelper.findElementsBySelectedMethod(WebUiCommonHelper.java:903)
	at com.kms.katalon.core.webui.common.WebUiCommonHelper.findElementsBySelectedMethod(WebUiCommonHelper.java:892)
	at com.kms.katalon.core.webui.common.WebUiCommonHelper.findElementsBySelectedMethod(WebUiCommonHelper.java:887)
	at com.kms.katalon.core.webui.common.WebUiCommonHelper.findElementsByDefault(WebUiCommonHelper.java:883)
	at com.kms.katalon.core.webui.common.WebUiCommonHelper.findWebElements(WebUiCommonHelper.java:720)
	at com.kms.katalon.core.webui.common.WebUiCommonHelper.findWebElement(WebUiCommonHelper.java:1363)
	at com.kms.katalon.core.webui.keyword.internal.WebUIAbstractKeyword.findWebElement(WebUIAbstractKeyword.groovy:27)
	at com.kms.katalon.core.webui.keyword.builtin.VerifyElementTextKeyword$_verifyElementText_closure1.doCall(VerifyElementTextKeyword.groovy:52)
	at com.kms.katalon.core.webui.keyword.builtin.VerifyElementTextKeyword$_verifyElementText_closure1.call(VerifyElementTextKeyword.groovy)
	at com.kms.katalon.core.webui.keyword.internal.WebUIKeywordMain.runKeyword(WebUIKeywordMain.groovy:20)
	at com.kms.katalon.core.webui.keyword.builtin.VerifyElementTextKeyword.verifyElementText(VerifyElementTextKeyword.groovy:72)
	at com.kms.katalon.core.webui.keyword.builtin.VerifyElementTextKeyword.execute(VerifyElementTextKeyword.groovy:40)
	at com.kms.katalon.core.keyword.internal.KeywordExecutor.executeKeywordForPlatform(KeywordExecutor.groovy:73)
	at com.kms.katalon.core.webui.keyword.WebUiBuiltInKeywords.verifyElementText(WebUiBuiltInKeywords.groovy:4733)
	at com.kms.katalon.core.webui.keyword.WebUiBuiltInKeywords$verifyElementText$26.call(Unknown Source)
	at Script1633425168321.run(Script1633425168321.groovy:22)
	at com.kms.katalon.core.main.ScriptEngine.run(ScriptEngine.java:194)
	at com.kms.katalon.core.main.ScriptEngine.runScriptAsRawText(ScriptEngine.java:119)
	at com.kms.katalon.core.main.TestCaseExecutor.runScript(TestCaseExecutor.java:369)
	at com.kms.katalon.core.main.TestCaseExecutor.doExecute(TestCaseExecutor.java:360)
	at com.kms.katalon.core.main.TestCaseExecutor.processExecutionPhase(TestCaseExecutor.java:339)
	at com.kms.katalon.core.main.TestCaseExecutor.accessMainPhase(TestCaseExecutor.java:331)
	at com.kms.katalon.core.main.TestCaseExecutor.execute(TestCaseExecutor.java:248)
	at com.kms.katalon.core.main.TestCaseMain.runTestCase(TestCaseMain.java:138)
	at com.kms.katalon.core.keyword.builtin.CallTestCaseKeyword$_callTestCase_closure1.doCall(CallTestCaseKeyword.groovy:59)
	at com.kms.katalon.core.keyword.builtin.CallTestCaseKeyword$_callTestCase_closure1.call(CallTestCaseKeyword.groovy)
	at com.kms.katalon.core.keyword.internal.KeywordMain.runKeyword(KeywordMain.groovy:68)
	at com.kms.katalon.core.keyword.builtin.CallTestCaseKeyword.callTestCase(CallTestCaseKeyword.groovy:81)
	at com.kms.katalon.core.keyword.builtin.CallTestCaseKeyword.execute(CallTestCaseKeyword.groovy:44)
	at com.kms.katalon.core.keyword.internal.KeywordExecutor.executeKeywordForPlatform(KeywordExecutor.groovy:73)
	at com.kms.katalon.core.keyword.BuiltinKeywords.callTestCase(BuiltinKeywords.groovy:334)
	at tablo.tablo.tablodaVeriBasariliMiIrsaliye(tablo.groovy:85)
	at cucumber.runtime.Utils$1.call(Utils.java:26)
	at cucumber.runtime.Timeout.timeout(Timeout.java:16)
	at cucumber.runtime.Utils.invoke(Utils.java:20)
	at cucumber.runtime.java.JavaStepDefinition.execute(JavaStepDefinition.java:49)
	at cucumber.runner.PickleStepDefinitionMatch.runStep(PickleStepDefinitionMatch.java:50)
	at cucumber.runner.TestStep.executeStep(TestStep.java:63)
	at cucumber.runner.TestStep.run(TestStep.java:49)
	at cucumber.runner.PickleStepTestStep.run(PickleStepTestStep.java:43)
	at cucumber.runner.TestCase.run(TestCase.java:44)
	at cucumber.runner.Runner.runPickle(Runner.java:40)
	at cucumber.runtime.Runtime$1.run(Runtime.java:84)
	at cucumber.runtime.Runtime$SameThreadExecutorService.execute(Runtime.java:220)
	at cucumber.runtime.Runtime.run(Runtime.java:81)
	at cucumber.api.cli.Main.run(Main.java:26)
	at cucumber.api.cli.Main$run.call(Unknown Source)
	at com.kms.katalon.core.cucumber.keyword.CucumberBuiltinKeywords$_runFeatureFile_closure1.doCall(CucumberBuiltinKeywords.groovy:106)
	at com.kms.katalon.core.cucumber.keyword.CucumberBuiltinKeywords$_runFeatureFile_closure1.doCall(CucumberBuiltinKeywords.groovy)
	at com.kms.katalon.core.keyword.internal.KeywordMain.runKeyword(KeywordMain.groovy:68)
	at com.kms.katalon.core.keyword.internal.KeywordMain$runKeyword.call(Unknown Source)
	at com.kms.katalon.core.cucumber.keyword.CucumberBuiltinKeywords.runFeatureFile(CucumberBuiltinKeywords.groovy:73)
	at com.kms.katalon.core.cucumber.keyword.CucumberBuiltinKeywords$runFeatureFile$0.callStatic(Unknown Source)
	at com.kms.katalon.core.cucumber.keyword.CucumberBuiltinKeywords.runFeatureFile(CucumberBuiltinKeywords.groovy:246)
	at com.kms.katalon.core.cucumber.keyword.CucumberBuiltinKeywords$runFeatureFile.call(Unknown Source)
	at Script1600698733665.run(Script1600698733665.groovy:17)
	... 13 more
)

2021-11-18 11:15:02 - [MESSAGE][INFO] - Closing browser

2021-11-18 11:15:03 - [MESSAGE][PASSED] - Browser is closed

2021-11-18 11:15:03 - [MESSAGE][INFO] - Finding Test Object 'Object Repository/Tablo/DurumBilgisiIrsaliye'

2021-11-18 11:15:03 - [MESSAGE][INFO] - Checking object

2021-11-18 11:15:03 - [MESSAGE][INFO] - Finding web element from Test Object's properties

2021-11-18 11:15:03 - [MESSAGE][INFO] - Checking timeout

2021-11-18 11:15:03 - [MESSAGE][INFO] - Finding web element with id: 'Object Repository/Tablo/DurumBilgisiIrsaliye' located by 'By.xpath: //*[@id = 'GridViewDespatchAdvice_tccell0_6']' in '30' second(s)

2021-11-18 11:15:03 - [MESSAGE][WARNING] - Verify element text of test object 'Object Repository/Tablo/DurumBilgisiIrsaliye' FAILED. (Root cause: com.kms.katalon.core.exception.StepFailedException: Verify element text of test object 'Object Repository/Tablo/DurumBilgisiIrsaliye' FAILED.
	at com.kms.katalon.core.webui.keyword.internal.WebUIKeywordMain.stepFailed(WebUIKeywordMain.groovy:64)
	at com.kms.katalon.core.webui.keyword.internal.WebUIKeywordMain.runKeyword(WebUIKeywordMain.groovy:26)
	at com.kms.katalon.core.webui.keyword.builtin.VerifyElementTextKeyword.verifyElementText(VerifyElementTextKeyword.groovy:72)
	at com.kms.katalon.core.webui.keyword.builtin.VerifyElementTextKeyword.execute(VerifyElementTextKeyword.groovy:40)
	at com.kms.katalon.core.keyword.internal.KeywordExecutor.executeKeywordForPlatform(KeywordExecutor.groovy:73)
	at com.kms.katalon.core.webui.keyword.WebUiBuiltInKeywords.verifyElementText(WebUiBuiltInKeywords.groovy:4733)
	at com.kms.katalon.core.webui.keyword.WebUiBuiltInKeywords$verifyElementText$26.call(Unknown Source)
	at TablodaVeriBasariliMiIrsaliye.run(TablodaVeriBasariliMiIrsaliye:22)
	at com.kms.katalon.core.main.ScriptEngine.run(ScriptEngine.java:194)
	at com.kms.katalon.core.main.ScriptEngine.runScriptAsRawText(ScriptEngine.java:119)
	at com.kms.katalon.core.main.TestCaseExecutor.runScript(TestCaseExecutor.java:369)
	at com.kms.katalon.core.main.TestCaseExecutor.doExecute(TestCaseExecutor.java:360)
	at com.kms.katalon.core.main.TestCaseExecutor.processExecutionPhase(TestCaseExecutor.java:339)
	at com.kms.katalon.core.main.TestCaseExecutor.accessMainPhase(TestCaseExecutor.java:331)
	at com.kms.katalon.core.main.TestCaseExecutor.execute(TestCaseExecutor.java:248)
	at com.kms.katalon.core.main.TestCaseMain.runTestCase(TestCaseMain.java:138)
	at com.kms.katalon.core.keyword.builtin.CallTestCaseKeyword$_callTestCase_closure1.doCall(CallTestCaseKeyword.groovy:59)
	at com.kms.katalon.core.keyword.builtin.CallTestCaseKeyword$_callTestCase_closure1.call(CallTestCaseKeyword.groovy)
	at com.kms.katalon.core.keyword.internal.KeywordMain.runKeyword(KeywordMain.groovy:68)
	at com.kms.katalon.core.keyword.builtin.CallTestCaseKeyword.callTestCase(CallTestCaseKeyword.groovy:81)
	at com.kms.katalon.core.keyword.builtin.CallTestCaseKeyword.execute(CallTestCaseKeyword.groovy:44)
	at com.kms.katalon.core.keyword.internal.KeywordExecutor.executeKeywordForPlatform(KeywordExecutor.groovy:73)
	at com.kms.katalon.core.keyword.BuiltinKeywords.callTestCase(BuiltinKeywords.groovy:334)
	at tablo.tablo.tablodaVeriBasariliMiIrsaliye(tablo.groovy:85)
	at cucumber.runtime.Utils$1.call(Utils.java:26)
	at cucumber.runtime.Timeout.timeout(Timeout.java:16)
	at cucumber.runtime.Utils.invoke(Utils.java:20)
	at cucumber.runtime.java.JavaStepDefinition.execute(JavaStepDefinition.java:49)
	at cucumber.runner.PickleStepDefinitionMatch.runStep(PickleStepDefinitionMatch.java:50)
	at cucumber.runner.TestStep.executeStep(TestStep.java:63)
	at cucumber.runner.TestStep.run(TestStep.java:49)
	at cucumber.runner.PickleStepTestStep.run(PickleStepTestStep.java:43)
	at cucumber.runner.TestCase.run(TestCase.java:44)
	at cucumber.runner.Runner.runPickle(Runner.java:40)
	at cucumber.runtime.Runtime$1.run(Runtime.java:84)
	at cucumber.runtime.Runtime$SameThreadExecutorService.execute(Runtime.java:220)
	at cucumber.runtime.Runtime.run(Runtime.java:81)
	at cucumber.api.cli.Main.run(Main.java:26)
	at cucumber.api.cli.Main$run.call(Unknown Source)
	at com.kms.katalon.core.cucumber.keyword.CucumberBuiltinKeywords$_runFeatureFile_closure1.doCall(CucumberBuiltinKeywords.groovy:106)
	at com.kms.katalon.core.cucumber.keyword.CucumberBuiltinKeywords$_runFeatureFile_closure1.doCall(CucumberBuiltinKeywords.groovy)
	at com.kms.katalon.core.keyword.internal.KeywordMain.runKeyword(KeywordMain.groovy:68)
	at com.kms.katalon.core.keyword.internal.KeywordMain$runKeyword.call(Unknown Source)
	at com.kms.katalon.core.cucumber.keyword.CucumberBuiltinKeywords.runFeatureFile(CucumberBuiltinKeywords.groovy:73)
	at com.kms.katalon.core.cucumber.keyword.CucumberBuiltinKeywords$runFeatureFile$0.callStatic(Unknown Source)
	at com.kms.katalon.core.cucumber.keyword.CucumberBuiltinKeywords.runFeatureFile(CucumberBuiltinKeywords.groovy:246)
	at com.kms.katalon.core.cucumber.keyword.CucumberBuiltinKeywords$runFeatureFile.call(Unknown Source)
	at TCKN-Temel Irsaliye-Sevk Tipinde.run(TCKN-Temel Irsaliye-Sevk Tipinde:17)
	at com.kms.katalon.core.main.ScriptEngine.run(ScriptEngine.java:194)
	at com.kms.katalon.core.main.ScriptEngine.runScriptAsRawText(ScriptEngine.java:119)
	at com.kms.katalon.core.main.TestCaseExecutor.runScript(TestCaseExecutor.java:369)
	at com.kms.katalon.core.main.TestCaseExecutor.doExecute(TestCaseExecutor.java:360)
	at com.kms.katalon.core.main.TestCaseExecutor.processExecutionPhase(TestCaseExecutor.java:339)
	at com.kms.katalon.core.main.TestCaseExecutor.accessMainPhase(TestCaseExecutor.java:331)
	at com.kms.katalon.core.main.TestCaseExecutor.execute(TestCaseExecutor.java:248)
	at com.kms.katalon.core.main.TestSuiteExecutor.accessTestCaseMainPhase(TestSuiteExecutor.java:191)
	at com.kms.katalon.core.main.TestSuiteExecutor.accessTestSuiteMainPhase(TestSuiteExecutor.java:140)
	at com.kms.katalon.core.main.TestSuiteExecutor.execute(TestSuiteExecutor.java:89)
	at com.kms.katalon.core.main.TestCaseMain.startTestSuite(TestCaseMain.java:181)
	at com.kms.katalon.core.main.TestCaseMain$startTestSuite$0.call(Unknown Source)
	at TempTestSuite1637222960690.run(TempTestSuite1637222960690.groovy:39)
Caused by: org.openqa.selenium.NoSuchSessionException: Session ID is null. Using WebDriver after calling quit()?
Build info: version: '3.141.59', revision: 'e82be7d358', time: '2018-11-14T08:25:53'
System info: host: 'DESKTOP-QBVMTUG', ip: '192.168.1.24', os.name: 'Windows 10', os.arch: 'amd64', os.version: '10.0', java.version: '1.8.0_282'
Driver info: driver.version: RemoteWebDriver
	at org.openqa.selenium.remote.HttpCommandExecutor.execute(HttpCommandExecutor.java:125)
	at org.openqa.selenium.remote.service.DriverCommandExecutor.execute(DriverCommandExecutor.java:83)
	at org.openqa.selenium.remote.RemoteWebDriver.execute(RemoteWebDriver.java:552)
	at com.kms.katalon.selenium.driver.CChromeDriver.execute(CChromeDriver.java:19)
	at org.openqa.selenium.remote.RemoteWebDriver.findElements(RemoteWebDriver.java:353)
	at org.openqa.selenium.remote.RemoteWebDriver.findElementsByXPath(RemoteWebDriver.java:432)
	at org.openqa.selenium.By$ByXPath.findElements(By.java:348)
	at org.openqa.selenium.remote.RemoteWebDriver.findElements(RemoteWebDriver.java:311)
	at com.kms.katalon.core.webui.common.WebUiCommonHelper.findElementByNormalMethods(WebUiCommonHelper.java:1014)
	at com.kms.katalon.core.webui.common.WebUiCommonHelper.findElementsBySelectedMethod(WebUiCommonHelper.java:903)
	at com.kms.katalon.core.webui.common.WebUiCommonHelper.findElementsBySelectedMethod(WebUiCommonHelper.java:892)
	at com.kms.katalon.core.webui.common.WebUiCommonHelper.findElementsBySelectedMethod(WebUiCommonHelper.java:887)
	at com.kms.katalon.core.webui.common.WebUiCommonHelper.findElementsByDefault(WebUiCommonHelper.java:883)
	at com.kms.katalon.core.webui.common.WebUiCommonHelper.findWebElements(WebUiCommonHelper.java:720)
	at com.kms.katalon.core.webui.common.WebUiCommonHelper.findWebElement(WebUiCommonHelper.java:1363)
	at com.kms.katalon.core.webui.keyword.internal.WebUIAbstractKeyword.findWebElement(WebUIAbstractKeyword.groovy:27)
	at com.kms.katalon.core.webui.keyword.builtin.VerifyElementTextKeyword$_verifyElementText_closure1.doCall(VerifyElementTextKeyword.groovy:52)
	at com.kms.katalon.core.webui.keyword.builtin.VerifyElementTextKeyword$_verifyElementText_closure1.call(VerifyElementTextKeyword.groovy)
	at com.kms.katalon.core.webui.keyword.internal.WebUIKeywordMain.runKeyword(WebUIKeywordMain.groovy:20)
	at com.kms.katalon.core.webui.keyword.builtin.VerifyElementTextKeyword.verifyElementText(VerifyElementTextKeyword.groovy:72)
	at com.kms.katalon.core.webui.keyword.builtin.VerifyElementTextKeyword.execute(VerifyElementTextKeyword.groovy:40)
	at com.kms.katalon.core.keyword.internal.KeywordExecutor.executeKeywordForPlatform(KeywordExecutor.groovy:73)
	at com.kms.katalon.core.webui.keyword.WebUiBuiltInKeywords.verifyElementText(WebUiBuiltInKeywords.groovy:4733)
	at com.kms.katalon.core.webui.keyword.WebUiBuiltInKeywords$verifyElementText$26.call(Unknown Source)
	at Script1633425168321.run(Script1633425168321.groovy:22)
	at com.kms.katalon.core.main.ScriptEngine.run(ScriptEngine.java:194)
	at com.kms.katalon.core.main.ScriptEngine.runScriptAsRawText(ScriptEngine.java:119)
	at com.kms.katalon.core.main.TestCaseExecutor.runScript(TestCaseExecutor.java:369)
	at com.kms.katalon.core.main.TestCaseExecutor.doExecute(TestCaseExecutor.java:360)
	at com.kms.katalon.core.main.TestCaseExecutor.processExecutionPhase(TestCaseExecutor.java:339)
	at com.kms.katalon.core.main.TestCaseExecutor.accessMainPhase(TestCaseExecutor.java:331)
	at com.kms.katalon.core.main.TestCaseExecutor.execute(TestCaseExecutor.java:248)
	at com.kms.katalon.core.main.TestCaseMain.runTestCase(TestCaseMain.java:138)
	at com.kms.katalon.core.keyword.builtin.CallTestCaseKeyword$_callTestCase_closure1.doCall(CallTestCaseKeyword.groovy:59)
	at com.kms.katalon.core.keyword.builtin.CallTestCaseKeyword$_callTestCase_closure1.call(CallTestCaseKeyword.groovy)
	at com.kms.katalon.core.keyword.internal.KeywordMain.runKeyword(KeywordMain.groovy:68)
	at com.kms.katalon.core.keyword.builtin.CallTestCaseKeyword.callTestCase(CallTestCaseKeyword.groovy:81)
	at com.kms.katalon.core.keyword.builtin.CallTestCaseKeyword.execute(CallTestCaseKeyword.groovy:44)
	at com.kms.katalon.core.keyword.internal.KeywordExecutor.executeKeywordForPlatform(KeywordExecutor.groovy:73)
	at com.kms.katalon.core.keyword.BuiltinKeywords.callTestCase(BuiltinKeywords.groovy:334)
	at tablo.tablo.tablodaVeriBasariliMiIrsaliye(tablo.groovy:85)
	at cucumber.runtime.Utils$1.call(Utils.java:26)
	at cucumber.runtime.Timeout.timeout(Timeout.java:16)
	at cucumber.runtime.Utils.invoke(Utils.java:20)
	at cucumber.runtime.java.JavaStepDefinition.execute(JavaStepDefinition.java:49)
	at cucumber.runner.PickleStepDefinitionMatch.runStep(PickleStepDefinitionMatch.java:50)
	at cucumber.runner.TestStep.executeStep(TestStep.java:63)
	at cucumber.runner.TestStep.run(TestStep.java:49)
	at cucumber.runner.PickleStepTestStep.run(PickleStepTestStep.java:43)
	at cucumber.runner.TestCase.run(TestCase.java:44)
	at cucumber.runner.Runner.runPickle(Runner.java:40)
	at cucumber.runtime.Runtime$1.run(Runtime.java:84)
	at cucumber.runtime.Runtime$SameThreadExecutorService.execute(Runtime.java:220)
	at cucumber.runtime.Runtime.run(Runtime.java:81)
	at cucumber.api.cli.Main.run(Main.java:26)
	at cucumber.api.cli.Main$run.call(Unknown Source)
	at com.kms.katalon.core.cucumber.keyword.CucumberBuiltinKeywords$_runFeatureFile_closure1.doCall(CucumberBuiltinKeywords.groovy:106)
	at com.kms.katalon.core.cucumber.keyword.CucumberBuiltinKeywords$_runFeatureFile_closure1.doCall(CucumberBuiltinKeywords.groovy)
	at com.kms.katalon.core.keyword.internal.KeywordMain.runKeyword(KeywordMain.groovy:68)
	at com.kms.katalon.core.keyword.internal.KeywordMain$runKeyword.call(Unknown Source)
	at com.kms.katalon.core.cucumber.keyword.CucumberBuiltinKeywords.runFeatureFile(CucumberBuiltinKeywords.groovy:73)
	at com.kms.katalon.core.cucumber.keyword.CucumberBuiltinKeywords$runFeatureFile$0.callStatic(Unknown Source)
	at com.kms.katalon.core.cucumber.keyword.CucumberBuiltinKeywords.runFeatureFile(CucumberBuiltinKeywords.groovy:246)
	at com.kms.katalon.core.cucumber.keyword.CucumberBuiltinKeywords$runFeatureFile.call(Unknown Source)
	at Script1600698733665.run(Script1600698733665.groovy:17)
	... 13 more
)

2021-11-18 11:15:03 - [TEST_STEP][ERROR] - Method.TextDegerineEsitElementVarMi(findTestObject("Tablo/DurumBilgisiIrsaliye"), "Başarılı"): Session ID is null. Using WebDriver after calling quit()?
Build info: version: '3.141.59', revision: 'e82be7d358', time: '2018-11-14T08:25:53'
System info: host: 'DESKTOP-QBVMTUG', ip: '192.168.1.24', os.name: 'Windows 10', os.arch: 'amd64', os.version: '10.0', java.version: '1.8.0_282'
Driver info: driver.version: RemoteWebDriver

2021-11-18 11:15:03 - [MESSAGE][INFO] - Finding Test Object 'Object Repository/Tablo/DurumBilgisiIrsaliye'

2021-11-18 11:15:03 - [MESSAGE][INFO] - Checking timeout

2021-11-18 11:15:03 - [MESSAGE][INFO] - Finding web element with id: 'Object Repository/Tablo/DurumBilgisiIrsaliye' located by 'By.xpath: //*[@id = 'GridViewDespatchAdvice_tccell0_6']' in '10' second(s)

2021-11-18 11:15:03 - [MESSAGE][ERROR] - Session ID is null. Using WebDriver after calling quit()?
Build info: version: '3.141.59', revision: 'e82be7d358', time: '2018-11-14T08:25:53'
System info: host: 'DESKTOP-QBVMTUG', ip: '192.168.1.24', os.name: 'Windows 10', os.arch: 'amd64', os.version: '10.0', java.version: '1.8.0_282'
Driver info: driver.version: RemoteWebDriver

2021-11-18 11:15:03 - [MESSAGE][FAILED] - Unable to call Test Case 'Test Cases/Tablo/TablodaVeriBasariliMiIrsaliye' (Root cause: com.kms.katalon.core.exception.StepErrorException: Call Test Case 'Test Cases/Tablo/TablodaVeriBasariliMiIrsaliye' failed because of error(s)
	at com.kms.katalon.core.keyword.builtin.CallTestCaseKeyword$_callTestCase_closure1.doCall(CallTestCaseKeyword.groovy:66)
	at com.kms.katalon.core.keyword.builtin.CallTestCaseKeyword$_callTestCase_closure1.call(CallTestCaseKeyword.groovy)
	at com.kms.katalon.core.keyword.internal.KeywordMain.runKeyword(KeywordMain.groovy:68)
	at com.kms.katalon.core.keyword.builtin.CallTestCaseKeyword.callTestCase(CallTestCaseKeyword.groovy:81)
	at com.kms.katalon.core.keyword.builtin.CallTestCaseKeyword.execute(CallTestCaseKeyword.groovy:44)
	at com.kms.katalon.core.keyword.internal.KeywordExecutor.executeKeywordForPlatform(KeywordExecutor.groovy:73)
	at com.kms.katalon.core.keyword.BuiltinKeywords.callTestCase(BuiltinKeywords.groovy:334)
	at tablo.tablo.tablodaVeriBasariliMiIrsaliye(tablo.groovy:85)
	at cucumber.runtime.Utils$1.call(Utils.java:26)
	at cucumber.runtime.Timeout.timeout(Timeout.java:16)
	at cucumber.runtime.Utils.invoke(Utils.java:20)
	at cucumber.runtime.java.JavaStepDefinition.execute(JavaStepDefinition.java:49)
	at cucumber.runner.PickleStepDefinitionMatch.runStep(PickleStepDefinitionMatch.java:50)
	at cucumber.runner.TestStep.executeStep(TestStep.java:63)
	at cucumber.runner.TestStep.run(TestStep.java:49)
	at cucumber.runner.PickleStepTestStep.run(PickleStepTestStep.java:43)
	at cucumber.runner.TestCase.run(TestCase.java:44)
	at cucumber.runner.Runner.runPickle(Runner.java:40)
	at cucumber.runtime.Runtime$1.run(Runtime.java:84)
	at cucumber.runtime.Runtime$SameThreadExecutorService.execute(Runtime.java:220)
	at cucumber.runtime.Runtime.run(Runtime.java:81)
	at cucumber.api.cli.Main.run(Main.java:26)
	at cucumber.api.cli.Main$run.call(Unknown Source)
	at com.kms.katalon.core.cucumber.keyword.CucumberBuiltinKeywords$_runFeatureFile_closure1.doCall(CucumberBuiltinKeywords.groovy:106)
	at com.kms.katalon.core.cucumber.keyword.CucumberBuiltinKeywords$_runFeatureFile_closure1.doCall(CucumberBuiltinKeywords.groovy)
	at com.kms.katalon.core.keyword.internal.KeywordMain.runKeyword(KeywordMain.groovy:68)
	at com.kms.katalon.core.keyword.internal.KeywordMain$runKeyword.call(Unknown Source)
	at com.kms.katalon.core.cucumber.keyword.CucumberBuiltinKeywords.runFeatureFile(CucumberBuiltinKeywords.groovy:73)
	at com.kms.katalon.core.cucumber.keyword.CucumberBuiltinKeywords$runFeatureFile$0.callStatic(Unknown Source)
	at com.kms.katalon.core.cucumber.keyword.CucumberBuiltinKeywords.runFeatureFile(CucumberBuiltinKeywords.groovy:246)
	at com.kms.katalon.core.cucumber.keyword.CucumberBuiltinKeywords$runFeatureFile.call(Unknown Source)
	at TCKN-Temel Irsaliye-Sevk Tipinde.run(TCKN-Temel Irsaliye-Sevk Tipinde:17)
	at com.kms.katalon.core.main.ScriptEngine.run(ScriptEngine.java:194)
	at com.kms.katalon.core.main.ScriptEngine.runScriptAsRawText(ScriptEngine.java:119)
	at com.kms.katalon.core.main.TestCaseExecutor.runScript(TestCaseExecutor.java:369)
	at com.kms.katalon.core.main.TestCaseExecutor.doExecute(TestCaseExecutor.java:360)
	at com.kms.katalon.core.main.TestCaseExecutor.processExecutionPhase(TestCaseExecutor.java:339)
	at com.kms.katalon.core.main.TestCaseExecutor.accessMainPhase(TestCaseExecutor.java:331)
	at com.kms.katalon.core.main.TestCaseExecutor.execute(TestCaseExecutor.java:248)
	at com.kms.katalon.core.main.TestSuiteExecutor.accessTestCaseMainPhase(TestSuiteExecutor.java:191)
	at com.kms.katalon.core.main.TestSuiteExecutor.accessTestSuiteMainPhase(TestSuiteExecutor.java:140)
	at com.kms.katalon.core.main.TestSuiteExecutor.execute(TestSuiteExecutor.java:89)
	at com.kms.katalon.core.main.TestCaseMain.startTestSuite(TestCaseMain.java:181)
	at com.kms.katalon.core.main.TestCaseMain$startTestSuite$0.call(Unknown Source)
	at TempTestSuite1637222960690.run(TempTestSuite1637222960690.groovy:39)
Caused by: org.openqa.selenium.NoSuchSessionException: Session ID is null. Using WebDriver after calling quit()?
Build info: version: '3.141.59', revision: 'e82be7d358', time: '2018-11-14T08:25:53'
System info: host: 'DESKTOP-QBVMTUG', ip: '192.168.1.24', os.name: 'Windows 10', os.arch: 'amd64', os.version: '10.0', java.version: '1.8.0_282'
Driver info: driver.version: RemoteWebDriver
	at org.openqa.selenium.remote.HttpCommandExecutor.execute(HttpCommandExecutor.java:125)
	at org.openqa.selenium.remote.service.DriverCommandExecutor.execute(DriverCommandExecutor.java:83)
	at org.openqa.selenium.remote.RemoteWebDriver.execute(RemoteWebDriver.java:552)
	at com.kms.katalon.selenium.driver.CChromeDriver.execute(CChromeDriver.java:19)
	at org.openqa.selenium.remote.RemoteWebDriver.findElements(RemoteWebDriver.java:353)
	at org.openqa.selenium.remote.RemoteWebDriver.findElementsByXPath(RemoteWebDriver.java:432)
	at org.openqa.selenium.By$ByXPath.findElements(By.java:348)
	at org.openqa.selenium.remote.RemoteWebDriver.findElements(RemoteWebDriver.java:311)
	at com.kms.katalon.core.webui.common.WebUiCommonHelper.findElementByNormalMethods(WebUiCommonHelper.java:1014)
	at com.kms.katalon.core.webui.common.WebUiCommonHelper.findElementsBySelectedMethod(WebUiCommonHelper.java:903)
	at com.kms.katalon.core.webui.common.WebUiCommonHelper.findElementsBySelectedMethod(WebUiCommonHelper.java:892)
	at com.kms.katalon.core.webui.common.WebUiCommonHelper.findElementsBySelectedMethod(WebUiCommonHelper.java:887)
	at com.kms.katalon.core.webui.common.WebUiCommonHelper.findElementsByDefault(WebUiCommonHelper.java:883)
	at com.kms.katalon.core.webui.common.WebUiCommonHelper.findWebElements(WebUiCommonHelper.java:720)
	at com.kms.katalon.core.webui.keyword.internal.WebUIAbstractKeyword.findWebElements(WebUIAbstractKeyword.groovy:32)
	at com.kms.katalon.core.webui.keyword.WebUiBuiltInKeywords.findWebElements(WebUiBuiltInKeywords.groovy:2860)
	at com.kms.katalon.core.webui.keyword.WebUiBuiltInKeywords$findWebElements$7.call(Unknown Source)
	at Method.TextDegerineEsitElementVarMi(Method.groovy:270)
	at Method.invokeMethod(Method.groovy)
	at com.kms.katalon.core.main.CustomKeywordDelegatingMetaClass.invokeStaticMethod(CustomKeywordDelegatingMetaClass.java:50)
	at TablodaVeriBasariliMiIrsaliye.run(TablodaVeriBasariliMiIrsaliye:35)
	at com.kms.katalon.core.main.ScriptEngine.run(ScriptEngine.java:194)
	at com.kms.katalon.core.main.ScriptEngine.runScriptAsRawText(ScriptEngine.java:119)
	at com.kms.katalon.core.main.TestCaseExecutor.runScript(TestCaseExecutor.java:369)
	at com.kms.katalon.core.main.TestCaseExecutor.doExecute(TestCaseExecutor.java:360)
	at com.kms.katalon.core.main.TestCaseExecutor.processExecutionPhase(TestCaseExecutor.java:339)
	at com.kms.katalon.core.main.TestCaseExecutor.accessMainPhase(TestCaseExecutor.java:331)
	at com.kms.katalon.core.main.TestCaseExecutor.execute(TestCaseExecutor.java:248)
	at com.kms.katalon.core.main.TestCaseMain.runTestCase(TestCaseMain.java:138)
	at com.kms.katalon.core.keyword.builtin.CallTestCaseKeyword$_callTestCase_closure1.doCall(CallTestCaseKeyword.groovy:59)
	... 44 more
)

2021-11-18 11:15:03 - [MESSAGE][INFO] - Checking called Test Case

2021-11-18 11:15:03 - [MESSAGE][INFO] - Starting to call Test Case 'Test Cases/Sayfalar/Giris_Sayfasi/Login'

2021-11-18 11:15:03 - [TEST_CASE][FAILED] - Test Cases/Sayfalar/Giris_Sayfasi/Login: Test Cases/Sayfalar/Giris_Sayfasi/Login FAILED.
Reason:
com.kms.katalon.core.exception.StepFailedException: Unable to get the title of the current window
	at com.kms.katalon.core.webui.keyword.internal.WebUIKeywordMain.stepFailed(WebUIKeywordMain.groovy:64)
	at com.kms.katalon.core.webui.keyword.internal.WebUIKeywordMain.runKeyword(WebUIKeywordMain.groovy:26)
	at com.kms.katalon.core.webui.keyword.builtin.GetWindowTitleKeyword.getWindowTitle(GetWindowTitleKeyword.groovy:71)
	at com.kms.katalon.core.webui.keyword.builtin.GetWindowTitleKeyword.execute(GetWindowTitleKeyword.groovy:66)
	at com.kms.katalon.core.keyword.internal.KeywordExecutor.executeKeywordForPlatform(KeywordExecutor.groovy:73)
	at com.kms.katalon.core.webui.keyword.WebUiBuiltInKeywords.getWindowTitle(WebUiBuiltInKeywords.groovy:212)
	at com.kms.katalon.core.webui.keyword.WebUiBuiltInKeywords$getWindowTitle$1.call(Unknown Source)
	at Login.run(Login:22)
	at com.kms.katalon.core.main.ScriptEngine.run(ScriptEngine.java:194)
	at com.kms.katalon.core.main.ScriptEngine.runScriptAsRawText(ScriptEngine.java:119)
	at com.kms.katalon.core.main.TestCaseExecutor.runScript(TestCaseExecutor.java:369)
	at com.kms.katalon.core.main.TestCaseExecutor.doExecute(TestCaseExecutor.java:360)
	at com.kms.katalon.core.main.TestCaseExecutor.processExecutionPhase(TestCaseExecutor.java:339)
	at com.kms.katalon.core.main.TestCaseExecutor.accessMainPhase(TestCaseExecutor.java:331)
	at com.kms.katalon.core.main.TestCaseExecutor.execute(TestCaseExecutor.java:248)
	at com.kms.katalon.core.main.TestCaseMain.runTestCase(TestCaseMain.java:138)
	at com.kms.katalon.core.keyword.builtin.CallTestCaseKeyword$_callTestCase_closure1.doCall(CallTestCaseKeyword.groovy:59)
	at com.kms.katalon.core.keyword.builtin.CallTestCaseKeyword$_callTestCase_closure1.call(CallTestCaseKeyword.groovy)
	at com.kms.katalon.core.keyword.internal.KeywordMain.runKeyword(KeywordMain.groovy:68)
	at com.kms.katalon.core.keyword.builtin.CallTestCaseKeyword.callTestCase(CallTestCaseKeyword.groovy:81)
	at com.kms.katalon.core.keyword.builtin.CallTestCaseKeyword.execute(CallTestCaseKeyword.groovy:44)
	at com.kms.katalon.core.keyword.internal.KeywordExecutor.executeKeywordForPlatform(KeywordExecutor.groovy:73)
	at com.kms.katalon.core.keyword.BuiltinKeywords.callTestCase(BuiltinKeywords.groovy:334)
	at sayfalar.girisSayfasi.login(girisSayfasi.groovy:50)
	at cucumber.runtime.Utils$1.call(Utils.java:26)
	at cucumber.runtime.Timeout.timeout(Timeout.java:16)
	at cucumber.runtime.Utils.invoke(Utils.java:20)
	at cucumber.runtime.java.JavaStepDefinition.execute(JavaStepDefinition.java:49)
	at cucumber.runner.PickleStepDefinitionMatch.runStep(PickleStepDefinitionMatch.java:50)
	at cucumber.runner.TestStep.executeStep(TestStep.java:63)
	at cucumber.runner.TestStep.run(TestStep.java:49)
	at cucumber.runner.PickleStepTestStep.run(PickleStepTestStep.java:43)
	at cucumber.runner.TestCase.run(TestCase.java:44)
	at cucumber.runner.Runner.runPickle(Runner.java:40)
	at cucumber.runtime.Runtime$1.run(Runtime.java:84)
	at cucumber.runtime.Runtime$SameThreadExecutorService.execute(Runtime.java:220)
	at cucumber.runtime.Runtime.run(Runtime.java:81)
	at cucumber.api.cli.Main.run(Main.java:26)
	at cucumber.api.cli.Main$run.call(Unknown Source)
	at com.kms.katalon.core.cucumber.keyword.CucumberBuiltinKeywords$_runFeatureFile_closure1.doCall(CucumberBuiltinKeywords.groovy:106)
	at com.kms.katalon.core.cucumber.keyword.CucumberBuiltinKeywords$_runFeatureFile_closure1.doCall(CucumberBuiltinKeywords.groovy)
	at com.kms.katalon.core.keyword.internal.KeywordMain.runKeyword(KeywordMain.groovy:68)
	at com.kms.katalon.core.keyword.internal.KeywordMain$runKeyword.call(Unknown Source)
	at com.kms.katalon.core.cucumber.keyword.CucumberBuiltinKeywords.runFeatureFile(CucumberBuiltinKeywords.groovy:73)
	at com.kms.katalon.core.cucumber.keyword.CucumberBuiltinKeywords$runFeatureFile$0.callStatic(Unknown Source)
	at com.kms.katalon.core.cucumber.keyword.CucumberBuiltinKeywords.runFeatureFile(CucumberBuiltinKeywords.groovy:246)
	at com.kms.katalon.core.cucumber.keyword.CucumberBuiltinKeywords$runFeatureFile.call(Unknown Source)
	at TCKN-Temel Irsaliye-Sevk Tipinde.run(TCKN-Temel Irsaliye-Sevk Tipinde:17)
	at com.kms.katalon.core.main.ScriptEngine.run(ScriptEngine.java:194)
	at com.kms.katalon.core.main.ScriptEngine.runScriptAsRawText(ScriptEngine.java:119)
	at com.kms.katalon.core.main.TestCaseExecutor.runScript(TestCaseExecutor.java:369)
	at com.kms.katalon.core.main.TestCaseExecutor.doExecute(TestCaseExecutor.java:360)
	at com.kms.katalon.core.main.TestCaseExecutor.processExecutionPhase(TestCaseExecutor.java:339)
	at com.kms.katalon.core.main.TestCaseExecutor.accessMainPhase(TestCaseExecutor.java:331)
	at com.kms.katalon.core.main.TestCaseExecutor.execute(TestCaseExecutor.java:248)
	at com.kms.katalon.core.main.TestSuiteExecutor.accessTestCaseMainPhase(TestSuiteExecutor.java:191)
	at com.kms.katalon.core.main.TestSuiteExecutor.accessTestSuiteMainPhase(TestSuiteExecutor.java:140)
	at com.kms.katalon.core.main.TestSuiteExecutor.execute(TestSuiteExecutor.java:89)
	at com.kms.katalon.core.main.TestCaseMain.startTestSuite(TestCaseMain.java:181)
	at com.kms.katalon.core.main.TestCaseMain$startTestSuite$0.call(Unknown Source)
	at TempTestSuite1637222960690.run(TempTestSuite1637222960690.groovy:39)
Caused by: org.openqa.selenium.NoSuchSessionException: Session ID is null. Using WebDriver after calling quit()?
Build info: version: '3.141.59', revision: 'e82be7d358', time: '2018-11-14T08:25:53'
System info: host: 'DESKTOP-QBVMTUG', ip: '192.168.1.24', os.name: 'Windows 10', os.arch: 'amd64', os.version: '10.0', java.version: '1.8.0_282'
Driver info: driver.version: RemoteWebDriver
	at org.openqa.selenium.remote.HttpCommandExecutor.execute(HttpCommandExecutor.java:125)
	at org.openqa.selenium.remote.service.DriverCommandExecutor.execute(DriverCommandExecutor.java:83)
	at org.openqa.selenium.remote.RemoteWebDriver.execute(RemoteWebDriver.java:552)
	at com.kms.katalon.selenium.driver.CChromeDriver.execute(CChromeDriver.java:19)
	at org.openqa.selenium.remote.RemoteWebDriver.execute(RemoteWebDriver.java:609)
	at org.openqa.selenium.remote.RemoteWebDriver.getTitle(RemoteWebDriver.java:281)
	at com.kms.katalon.core.webui.keyword.builtin.GetWindowTitleKeyword$_getWindowTitle_closure1.doCall(GetWindowTitleKeyword.groovy:73)
	at com.kms.katalon.core.webui.keyword.builtin.GetWindowTitleKeyword$_getWindowTitle_closure1.call(GetWindowTitleKeyword.groovy)
	at com.kms.katalon.core.webui.keyword.internal.WebUIKeywordMain.runKeyword(WebUIKeywordMain.groovy:20)
	... 59 more


2021-11-18 11:15:03 - [TEST_STEP][FAILED] - Sayfa_Basligi = getWindowTitle(): Unable to get the title of the current window (Root cause: com.kms.katalon.core.exception.StepFailedException: Unable to get the title of the current window
	at com.kms.katalon.core.webui.keyword.internal.WebUIKeywordMain.stepFailed(WebUIKeywordMain.groovy:64)
	at com.kms.katalon.core.webui.keyword.internal.WebUIKeywordMain.runKeyword(WebUIKeywordMain.groovy:26)
	at com.kms.katalon.core.webui.keyword.builtin.GetWindowTitleKeyword.getWindowTitle(GetWindowTitleKeyword.groovy:71)
	at com.kms.katalon.core.webui.keyword.builtin.GetWindowTitleKeyword.execute(GetWindowTitleKeyword.groovy:66)
	at com.kms.katalon.core.keyword.internal.KeywordExecutor.executeKeywordForPlatform(KeywordExecutor.groovy:73)
	at com.kms.katalon.core.webui.keyword.WebUiBuiltInKeywords.getWindowTitle(WebUiBuiltInKeywords.groovy:212)
	at com.kms.katalon.core.webui.keyword.WebUiBuiltInKeywords$getWindowTitle$1.call(Unknown Source)
	at Login.run(Login:22)
	at com.kms.katalon.core.main.ScriptEngine.run(ScriptEngine.java:194)
	at com.kms.katalon.core.main.ScriptEngine.runScriptAsRawText(ScriptEngine.java:119)
	at com.kms.katalon.core.main.TestCaseExecutor.runScript(TestCaseExecutor.java:369)
	at com.kms.katalon.core.main.TestCaseExecutor.doExecute(TestCaseExecutor.java:360)
	at com.kms.katalon.core.main.TestCaseExecutor.processExecutionPhase(TestCaseExecutor.java:339)
	at com.kms.katalon.core.main.TestCaseExecutor.accessMainPhase(TestCaseExecutor.java:331)
	at com.kms.katalon.core.main.TestCaseExecutor.execute(TestCaseExecutor.java:248)
	at com.kms.katalon.core.main.TestCaseMain.runTestCase(TestCaseMain.java:138)
	at com.kms.katalon.core.keyword.builtin.CallTestCaseKeyword$_callTestCase_closure1.doCall(CallTestCaseKeyword.groovy:59)
	at com.kms.katalon.core.keyword.builtin.CallTestCaseKeyword$_callTestCase_closure1.call(CallTestCaseKeyword.groovy)
	at com.kms.katalon.core.keyword.internal.KeywordMain.runKeyword(KeywordMain.groovy:68)
	at com.kms.katalon.core.keyword.builtin.CallTestCaseKeyword.callTestCase(CallTestCaseKeyword.groovy:81)
	at com.kms.katalon.core.keyword.builtin.CallTestCaseKeyword.execute(CallTestCaseKeyword.groovy:44)
	at com.kms.katalon.core.keyword.internal.KeywordExecutor.executeKeywordForPlatform(KeywordExecutor.groovy:73)
	at com.kms.katalon.core.keyword.BuiltinKeywords.callTestCase(BuiltinKeywords.groovy:334)
	at sayfalar.girisSayfasi.login(girisSayfasi.groovy:50)
	at cucumber.runtime.Utils$1.call(Utils.java:26)
	at cucumber.runtime.Timeout.timeout(Timeout.java:16)
	at cucumber.runtime.Utils.invoke(Utils.java:20)
	at cucumber.runtime.java.JavaStepDefinition.execute(JavaStepDefinition.java:49)
	at cucumber.runner.PickleStepDefinitionMatch.runStep(PickleStepDefinitionMatch.java:50)
	at cucumber.runner.TestStep.executeStep(TestStep.java:63)
	at cucumber.runner.TestStep.run(TestStep.java:49)
	at cucumber.runner.PickleStepTestStep.run(PickleStepTestStep.java:43)
	at cucumber.runner.TestCase.run(TestCase.java:44)
	at cucumber.runner.Runner.runPickle(Runner.java:40)
	at cucumber.runtime.Runtime$1.run(Runtime.java:84)
	at cucumber.runtime.Runtime$SameThreadExecutorService.execute(Runtime.java:220)
	at cucumber.runtime.Runtime.run(Runtime.java:81)
	at cucumber.api.cli.Main.run(Main.java:26)
	at cucumber.api.cli.Main$run.call(Unknown Source)
	at com.kms.katalon.core.cucumber.keyword.CucumberBuiltinKeywords$_runFeatureFile_closure1.doCall(CucumberBuiltinKeywords.groovy:106)
	at com.kms.katalon.core.cucumber.keyword.CucumberBuiltinKeywords$_runFeatureFile_closure1.doCall(CucumberBuiltinKeywords.groovy)
	at com.kms.katalon.core.keyword.internal.KeywordMain.runKeyword(KeywordMain.groovy:68)
	at com.kms.katalon.core.keyword.internal.KeywordMain$runKeyword.call(Unknown Source)
	at com.kms.katalon.core.cucumber.keyword.CucumberBuiltinKeywords.runFeatureFile(CucumberBuiltinKeywords.groovy:73)
	at com.kms.katalon.core.cucumber.keyword.CucumberBuiltinKeywords$runFeatureFile$0.callStatic(Unknown Source)
	at com.kms.katalon.core.cucumber.keyword.CucumberBuiltinKeywords.runFeatureFile(CucumberBuiltinKeywords.groovy:246)
	at com.kms.katalon.core.cucumber.keyword.CucumberBuiltinKeywords$runFeatureFile.call(Unknown Source)
	at TCKN-Temel Irsaliye-Sevk Tipinde.run(TCKN-Temel Irsaliye-Sevk Tipinde:17)
	at com.kms.katalon.core.main.ScriptEngine.run(ScriptEngine.java:194)
	at com.kms.katalon.core.main.ScriptEngine.runScriptAsRawText(ScriptEngine.java:119)
	at com.kms.katalon.core.main.TestCaseExecutor.runScript(TestCaseExecutor.java:369)
	at com.kms.katalon.core.main.TestCaseExecutor.doExecute(TestCaseExecutor.java:360)
	at com.kms.katalon.core.main.TestCaseExecutor.processExecutionPhase(TestCaseExecutor.java:339)
	at com.kms.katalon.core.main.TestCaseExecutor.accessMainPhase(TestCaseExecutor.java:331)
	at com.kms.katalon.core.main.TestCaseExecutor.execute(TestCaseExecutor.java:248)
	at com.kms.katalon.core.main.TestSuiteExecutor.accessTestCaseMainPhase(TestSuiteExecutor.java:191)
	at com.kms.katalon.core.main.TestSuiteExecutor.accessTestSuiteMainPhase(TestSuiteExecutor.java:140)
	at com.kms.katalon.core.main.TestSuiteExecutor.execute(TestSuiteExecutor.java:89)
	at com.kms.katalon.core.main.TestCaseMain.startTestSuite(TestCaseMain.java:181)
	at com.kms.katalon.core.main.TestCaseMain$startTestSuite$0.call(Unknown Source)
	at TempTestSuite1637222960690.run(TempTestSuite1637222960690.groovy:39)
Caused by: org.openqa.selenium.NoSuchSessionException: Session ID is null. Using WebDriver after calling quit()?
Build info: version: '3.141.59', revision: 'e82be7d358', time: '2018-11-14T08:25:53'
System info: host: 'DESKTOP-QBVMTUG', ip: '192.168.1.24', os.name: 'Windows 10', os.arch: 'amd64', os.version: '10.0', java.version: '1.8.0_282'
Driver info: driver.version: RemoteWebDriver
	at org.openqa.selenium.remote.HttpCommandExecutor.execute(HttpCommandExecutor.java:125)
	at org.openqa.selenium.remote.service.DriverCommandExecutor.execute(DriverCommandExecutor.java:83)
	at org.openqa.selenium.remote.RemoteWebDriver.execute(RemoteWebDriver.java:552)
	at com.kms.katalon.selenium.driver.CChromeDriver.execute(CChromeDriver.java:19)
	at org.openqa.selenium.remote.RemoteWebDriver.execute(RemoteWebDriver.java:609)
	at org.openqa.selenium.remote.RemoteWebDriver.getTitle(RemoteWebDriver.java:281)
	at com.kms.katalon.core.webui.keyword.builtin.GetWindowTitleKeyword$_getWindowTitle_closure1.doCall(GetWindowTitleKeyword.groovy:73)
	at com.kms.katalon.core.webui.keyword.builtin.GetWindowTitleKeyword$_getWindowTitle_closure1.call(GetWindowTitleKeyword.groovy)
	at com.kms.katalon.core.webui.keyword.internal.WebUIKeywordMain.runKeyword(WebUIKeywordMain.groovy:20)
	at com.kms.katalon.core.webui.keyword.builtin.GetWindowTitleKeyword.getWindowTitle(GetWindowTitleKeyword.groovy:71)
	at com.kms.katalon.core.webui.keyword.builtin.GetWindowTitleKeyword.execute(GetWindowTitleKeyword.groovy:66)
	at com.kms.katalon.core.keyword.internal.KeywordExecutor.executeKeywordForPlatform(KeywordExecutor.groovy:73)
	at com.kms.katalon.core.webui.keyword.WebUiBuiltInKeywords.getWindowTitle(WebUiBuiltInKeywords.groovy:212)
	at com.kms.katalon.core.webui.keyword.WebUiBuiltInKeywords$getWindowTitle$1.call(Unknown Source)
	at Script1584430314092.run(Script1584430314092.groovy:22)
	at com.kms.katalon.core.main.ScriptEngine.run(ScriptEngine.java:194)
	at com.kms.katalon.core.main.ScriptEngine.runScriptAsRawText(ScriptEngine.java:119)
	at com.kms.katalon.core.main.TestCaseExecutor.runScript(TestCaseExecutor.java:369)
	at com.kms.katalon.core.main.TestCaseExecutor.doExecute(TestCaseExecutor.java:360)
	at com.kms.katalon.core.main.TestCaseExecutor.processExecutionPhase(TestCaseExecutor.java:339)
	at com.kms.katalon.core.main.TestCaseExecutor.accessMainPhase(TestCaseExecutor.java:331)
	at com.kms.katalon.core.main.TestCaseExecutor.execute(TestCaseExecutor.java:248)
	at com.kms.katalon.core.main.TestCaseMain.runTestCase(TestCaseMain.java:138)
	at com.kms.katalon.core.keyword.builtin.CallTestCaseKeyword$_callTestCase_closure1.doCall(CallTestCaseKeyword.groovy:59)
	at com.kms.katalon.core.keyword.builtin.CallTestCaseKeyword$_callTestCase_closure1.call(CallTestCaseKeyword.groovy)
	at com.kms.katalon.core.keyword.internal.KeywordMain.runKeyword(KeywordMain.groovy:68)
	at com.kms.katalon.core.keyword.builtin.CallTestCaseKeyword.callTestCase(CallTestCaseKeyword.groovy:81)
	at com.kms.katalon.core.keyword.builtin.CallTestCaseKeyword.execute(CallTestCaseKeyword.groovy:44)
	at com.kms.katalon.core.keyword.internal.KeywordExecutor.executeKeywordForPlatform(KeywordExecutor.groovy:73)
	at com.kms.katalon.core.keyword.BuiltinKeywords.callTestCase(BuiltinKeywords.groovy:334)
	at sayfalar.girisSayfasi.login(girisSayfasi.groovy:50)
	at cucumber.runtime.Utils$1.call(Utils.java:26)
	at cucumber.runtime.Timeout.timeout(Timeout.java:16)
	at cucumber.runtime.Utils.invoke(Utils.java:20)
	at cucumber.runtime.java.JavaStepDefinition.execute(JavaStepDefinition.java:49)
	at cucumber.runner.PickleStepDefinitionMatch.runStep(PickleStepDefinitionMatch.java:50)
	at cucumber.runner.TestStep.executeStep(TestStep.java:63)
	at cucumber.runner.TestStep.run(TestStep.java:49)
	at cucumber.runner.PickleStepTestStep.run(PickleStepTestStep.java:43)
	at cucumber.runner.TestCase.run(TestCase.java:44)
	at cucumber.runner.Runner.runPickle(Runner.java:40)
	at cucumber.runtime.Runtime$1.run(Runtime.java:84)
	at cucumber.runtime.Runtime$SameThreadExecutorService.execute(Runtime.java:220)
	at cucumber.runtime.Runtime.run(Runtime.java:81)
	at cucumber.api.cli.Main.run(Main.java:26)
	at cucumber.api.cli.Main$run.call(Unknown Source)
	at com.kms.katalon.core.cucumber.keyword.CucumberBuiltinKeywords$_runFeatureFile_closure1.doCall(CucumberBuiltinKeywords.groovy:106)
	at com.kms.katalon.core.cucumber.keyword.CucumberBuiltinKeywords$_runFeatureFile_closure1.doCall(CucumberBuiltinKeywords.groovy)
	at com.kms.katalon.core.keyword.internal.KeywordMain.runKeyword(KeywordMain.groovy:68)
	at com.kms.katalon.core.keyword.internal.KeywordMain$runKeyword.call(Unknown Source)
	at com.kms.katalon.core.cucumber.keyword.CucumberBuiltinKeywords.runFeatureFile(CucumberBuiltinKeywords.groovy:73)
	at com.kms.katalon.core.cucumber.keyword.CucumberBuiltinKeywords$runFeatureFile$0.callStatic(Unknown Source)
	at com.kms.katalon.core.cucumber.keyword.CucumberBuiltinKeywords.runFeatureFile(CucumberBuiltinKeywords.groovy:246)
	at com.kms.katalon.core.cucumber.keyword.CucumberBuiltinKeywords$runFeatureFile.call(Unknown Source)
	at Script1600698733665.run(Script1600698733665.groovy:17)
	... 13 more
)

2021-11-18 11:15:03 - [MESSAGE][INFO] - Getting current window's title

2021-11-18 11:15:03 - [MESSAGE][FAILED] - Unable to get the title of the current window (Root cause: com.kms.katalon.core.exception.StepFailedException: Unable to get the title of the current window
	at com.kms.katalon.core.webui.keyword.internal.WebUIKeywordMain.stepFailed(WebUIKeywordMain.groovy:64)
	at com.kms.katalon.core.webui.keyword.internal.WebUIKeywordMain.runKeyword(WebUIKeywordMain.groovy:26)
	at com.kms.katalon.core.webui.keyword.builtin.GetWindowTitleKeyword.getWindowTitle(GetWindowTitleKeyword.groovy:71)
	at com.kms.katalon.core.webui.keyword.builtin.GetWindowTitleKeyword.execute(GetWindowTitleKeyword.groovy:66)
	at com.kms.katalon.core.keyword.internal.KeywordExecutor.executeKeywordForPlatform(KeywordExecutor.groovy:73)
	at com.kms.katalon.core.webui.keyword.WebUiBuiltInKeywords.getWindowTitle(WebUiBuiltInKeywords.groovy:212)
	at com.kms.katalon.core.webui.keyword.WebUiBuiltInKeywords$getWindowTitle$1.call(Unknown Source)
	at Login.run(Login:22)
	at com.kms.katalon.core.main.ScriptEngine.run(ScriptEngine.java:194)
	at com.kms.katalon.core.main.ScriptEngine.runScriptAsRawText(ScriptEngine.java:119)
	at com.kms.katalon.core.main.TestCaseExecutor.runScript(TestCaseExecutor.java:369)
	at com.kms.katalon.core.main.TestCaseExecutor.doExecute(TestCaseExecutor.java:360)
	at com.kms.katalon.core.main.TestCaseExecutor.processExecutionPhase(TestCaseExecutor.java:339)
	at com.kms.katalon.core.main.TestCaseExecutor.accessMainPhase(TestCaseExecutor.java:331)
	at com.kms.katalon.core.main.TestCaseExecutor.execute(TestCaseExecutor.java:248)
	at com.kms.katalon.core.main.TestCaseMain.runTestCase(TestCaseMain.java:138)
	at com.kms.katalon.core.keyword.builtin.CallTestCaseKeyword$_callTestCase_closure1.doCall(CallTestCaseKeyword.groovy:59)
	at com.kms.katalon.core.keyword.builtin.CallTestCaseKeyword$_callTestCase_closure1.call(CallTestCaseKeyword.groovy)
	at com.kms.katalon.core.keyword.internal.KeywordMain.runKeyword(KeywordMain.groovy:68)
	at com.kms.katalon.core.keyword.builtin.CallTestCaseKeyword.callTestCase(CallTestCaseKeyword.groovy:81)
	at com.kms.katalon.core.keyword.builtin.CallTestCaseKeyword.execute(CallTestCaseKeyword.groovy:44)
	at com.kms.katalon.core.keyword.internal.KeywordExecutor.executeKeywordForPlatform(KeywordExecutor.groovy:73)
	at com.kms.katalon.core.keyword.BuiltinKeywords.callTestCase(BuiltinKeywords.groovy:334)
	at sayfalar.girisSayfasi.login(girisSayfasi.groovy:50)
	at cucumber.runtime.Utils$1.call(Utils.java:26)
	at cucumber.runtime.Timeout.timeout(Timeout.java:16)
	at cucumber.runtime.Utils.invoke(Utils.java:20)
	at cucumber.runtime.java.JavaStepDefinition.execute(JavaStepDefinition.java:49)
	at cucumber.runner.PickleStepDefinitionMatch.runStep(PickleStepDefinitionMatch.java:50)
	at cucumber.runner.TestStep.executeStep(TestStep.java:63)
	at cucumber.runner.TestStep.run(TestStep.java:49)
	at cucumber.runner.PickleStepTestStep.run(PickleStepTestStep.java:43)
	at cucumber.runner.TestCase.run(TestCase.java:44)
	at cucumber.runner.Runner.runPickle(Runner.java:40)
	at cucumber.runtime.Runtime$1.run(Runtime.java:84)
	at cucumber.runtime.Runtime$SameThreadExecutorService.execute(Runtime.java:220)
	at cucumber.runtime.Runtime.run(Runtime.java:81)
	at cucumber.api.cli.Main.run(Main.java:26)
	at cucumber.api.cli.Main$run.call(Unknown Source)
	at com.kms.katalon.core.cucumber.keyword.CucumberBuiltinKeywords$_runFeatureFile_closure1.doCall(CucumberBuiltinKeywords.groovy:106)
	at com.kms.katalon.core.cucumber.keyword.CucumberBuiltinKeywords$_runFeatureFile_closure1.doCall(CucumberBuiltinKeywords.groovy)
	at com.kms.katalon.core.keyword.internal.KeywordMain.runKeyword(KeywordMain.groovy:68)
	at com.kms.katalon.core.keyword.internal.KeywordMain$runKeyword.call(Unknown Source)
	at com.kms.katalon.core.cucumber.keyword.CucumberBuiltinKeywords.runFeatureFile(CucumberBuiltinKeywords.groovy:73)
	at com.kms.katalon.core.cucumber.keyword.CucumberBuiltinKeywords$runFeatureFile$0.callStatic(Unknown Source)
	at com.kms.katalon.core.cucumber.keyword.CucumberBuiltinKeywords.runFeatureFile(CucumberBuiltinKeywords.groovy:246)
	at com.kms.katalon.core.cucumber.keyword.CucumberBuiltinKeywords$runFeatureFile.call(Unknown Source)
	at TCKN-Temel Irsaliye-Sevk Tipinde.run(TCKN-Temel Irsaliye-Sevk Tipinde:17)
	at com.kms.katalon.core.main.ScriptEngine.run(ScriptEngine.java:194)
	at com.kms.katalon.core.main.ScriptEngine.runScriptAsRawText(ScriptEngine.java:119)
	at com.kms.katalon.core.main.TestCaseExecutor.runScript(TestCaseExecutor.java:369)
	at com.kms.katalon.core.main.TestCaseExecutor.doExecute(TestCaseExecutor.java:360)
	at com.kms.katalon.core.main.TestCaseExecutor.processExecutionPhase(TestCaseExecutor.java:339)
	at com.kms.katalon.core.main.TestCaseExecutor.accessMainPhase(TestCaseExecutor.java:331)
	at com.kms.katalon.core.main.TestCaseExecutor.execute(TestCaseExecutor.java:248)
	at com.kms.katalon.core.main.TestSuiteExecutor.accessTestCaseMainPhase(TestSuiteExecutor.java:191)
	at com.kms.katalon.core.main.TestSuiteExecutor.accessTestSuiteMainPhase(TestSuiteExecutor.java:140)
	at com.kms.katalon.core.main.TestSuiteExecutor.execute(TestSuiteExecutor.java:89)
	at com.kms.katalon.core.main.TestCaseMain.startTestSuite(TestCaseMain.java:181)
	at com.kms.katalon.core.main.TestCaseMain$startTestSuite$0.call(Unknown Source)
	at TempTestSuite1637222960690.run(TempTestSuite1637222960690.groovy:39)
Caused by: org.openqa.selenium.NoSuchSessionException: Session ID is null. Using WebDriver after calling quit()?
Build info: version: '3.141.59', revision: 'e82be7d358', time: '2018-11-14T08:25:53'
System info: host: 'DESKTOP-QBVMTUG', ip: '192.168.1.24', os.name: 'Windows 10', os.arch: 'amd64', os.version: '10.0', java.version: '1.8.0_282'
Driver info: driver.version: RemoteWebDriver
	at org.openqa.selenium.remote.HttpCommandExecutor.execute(HttpCommandExecutor.java:125)
	at org.openqa.selenium.remote.service.DriverCommandExecutor.execute(DriverCommandExecutor.java:83)
	at org.openqa.selenium.remote.RemoteWebDriver.execute(RemoteWebDriver.java:552)
	at com.kms.katalon.selenium.driver.CChromeDriver.execute(CChromeDriver.java:19)
	at org.openqa.selenium.remote.RemoteWebDriver.execute(RemoteWebDriver.java:609)
	at org.openqa.selenium.remote.RemoteWebDriver.getTitle(RemoteWebDriver.java:281)
	at com.kms.katalon.core.webui.keyword.builtin.GetWindowTitleKeyword$_getWindowTitle_closure1.doCall(GetWindowTitleKeyword.groovy:73)
	at com.kms.katalon.core.webui.keyword.builtin.GetWindowTitleKeyword$_getWindowTitle_closure1.call(GetWindowTitleKeyword.groovy)
	at com.kms.katalon.core.webui.keyword.internal.WebUIKeywordMain.runKeyword(WebUIKeywordMain.groovy:20)
	at com.kms.katalon.core.webui.keyword.builtin.GetWindowTitleKeyword.getWindowTitle(GetWindowTitleKeyword.groovy:71)
	at com.kms.katalon.core.webui.keyword.builtin.GetWindowTitleKeyword.execute(GetWindowTitleKeyword.groovy:66)
	at com.kms.katalon.core.keyword.internal.KeywordExecutor.executeKeywordForPlatform(KeywordExecutor.groovy:73)
	at com.kms.katalon.core.webui.keyword.WebUiBuiltInKeywords.getWindowTitle(WebUiBuiltInKeywords.groovy:212)
	at com.kms.katalon.core.webui.keyword.WebUiBuiltInKeywords$getWindowTitle$1.call(Unknown Source)
	at Script1584430314092.run(Script1584430314092.groovy:22)
	at com.kms.katalon.core.main.ScriptEngine.run(ScriptEngine.java:194)
	at com.kms.katalon.core.main.ScriptEngine.runScriptAsRawText(ScriptEngine.java:119)
	at com.kms.katalon.core.main.TestCaseExecutor.runScript(TestCaseExecutor.java:369)
	at com.kms.katalon.core.main.TestCaseExecutor.doExecute(TestCaseExecutor.java:360)
	at com.kms.katalon.core.main.TestCaseExecutor.processExecutionPhase(TestCaseExecutor.java:339)
	at com.kms.katalon.core.main.TestCaseExecutor.accessMainPhase(TestCaseExecutor.java:331)
	at com.kms.katalon.core.main.TestCaseExecutor.execute(TestCaseExecutor.java:248)
	at com.kms.katalon.core.main.TestCaseMain.runTestCase(TestCaseMain.java:138)
	at com.kms.katalon.core.keyword.builtin.CallTestCaseKeyword$_callTestCase_closure1.doCall(CallTestCaseKeyword.groovy:59)
	at com.kms.katalon.core.keyword.builtin.CallTestCaseKeyword$_callTestCase_closure1.call(CallTestCaseKeyword.groovy)
	at com.kms.katalon.core.keyword.internal.KeywordMain.runKeyword(KeywordMain.groovy:68)
	at com.kms.katalon.core.keyword.builtin.CallTestCaseKeyword.callTestCase(CallTestCaseKeyword.groovy:81)
	at com.kms.katalon.core.keyword.builtin.CallTestCaseKeyword.execute(CallTestCaseKeyword.groovy:44)
	at com.kms.katalon.core.keyword.internal.KeywordExecutor.executeKeywordForPlatform(KeywordExecutor.groovy:73)
	at com.kms.katalon.core.keyword.BuiltinKeywords.callTestCase(BuiltinKeywords.groovy:334)
	at sayfalar.girisSayfasi.login(girisSayfasi.groovy:50)
	at cucumber.runtime.Utils$1.call(Utils.java:26)
	at cucumber.runtime.Timeout.timeout(Timeout.java:16)
	at cucumber.runtime.Utils.invoke(Utils.java:20)
	at cucumber.runtime.java.JavaStepDefinition.execute(JavaStepDefinition.java:49)
	at cucumber.runner.PickleStepDefinitionMatch.runStep(PickleStepDefinitionMatch.java:50)
	at cucumber.runner.TestStep.executeStep(TestStep.java:63)
	at cucumber.runner.TestStep.run(TestStep.java:49)
	at cucumber.runner.PickleStepTestStep.run(PickleStepTestStep.java:43)
	at cucumber.runner.TestCase.run(TestCase.java:44)
	at cucumber.runner.Runner.runPickle(Runner.java:40)
	at cucumber.runtime.Runtime$1.run(Runtime.java:84)
	at cucumber.runtime.Runtime$SameThreadExecutorService.execute(Runtime.java:220)
	at cucumber.runtime.Runtime.run(Runtime.java:81)
	at cucumber.api.cli.Main.run(Main.java:26)
	at cucumber.api.cli.Main$run.call(Unknown Source)
	at com.kms.katalon.core.cucumber.keyword.CucumberBuiltinKeywords$_runFeatureFile_closure1.doCall(CucumberBuiltinKeywords.groovy:106)
	at com.kms.katalon.core.cucumber.keyword.CucumberBuiltinKeywords$_runFeatureFile_closure1.doCall(CucumberBuiltinKeywords.groovy)
	at com.kms.katalon.core.keyword.internal.KeywordMain.runKeyword(KeywordMain.groovy:68)
	at com.kms.katalon.core.keyword.internal.KeywordMain$runKeyword.call(Unknown Source)
	at com.kms.katalon.core.cucumber.keyword.CucumberBuiltinKeywords.runFeatureFile(CucumberBuiltinKeywords.groovy:73)
	at com.kms.katalon.core.cucumber.keyword.CucumberBuiltinKeywords$runFeatureFile$0.callStatic(Unknown Source)
	at com.kms.katalon.core.cucumber.keyword.CucumberBuiltinKeywords.runFeatureFile(CucumberBuiltinKeywords.groovy:246)
	at com.kms.katalon.core.cucumber.keyword.CucumberBuiltinKeywords$runFeatureFile.call(Unknown Source)
	at Script1600698733665.run(Script1600698733665.groovy:17)
	... 13 more
)

2021-11-18 11:15:03 - [MESSAGE][FAILED] - Unable to call Test Case 'Test Cases/Sayfalar/Giris_Sayfasi/Login' (Root cause: com.kms.katalon.core.exception.StepFailedException: Call Test Case 'Test Cases/Sayfalar/Giris_Sayfasi/Login' failed
	at com.kms.katalon.core.keyword.builtin.CallTestCaseKeyword$_callTestCase_closure1.doCall(CallTestCaseKeyword.groovy:63)
	at com.kms.katalon.core.keyword.builtin.CallTestCaseKeyword$_callTestCase_closure1.call(CallTestCaseKeyword.groovy)
	at com.kms.katalon.core.keyword.internal.KeywordMain.runKeyword(KeywordMain.groovy:68)
	at com.kms.katalon.core.keyword.builtin.CallTestCaseKeyword.callTestCase(CallTestCaseKeyword.groovy:81)
	at com.kms.katalon.core.keyword.builtin.CallTestCaseKeyword.execute(CallTestCaseKeyword.groovy:44)
	at com.kms.katalon.core.keyword.internal.KeywordExecutor.executeKeywordForPlatform(KeywordExecutor.groovy:73)
	at com.kms.katalon.core.keyword.BuiltinKeywords.callTestCase(BuiltinKeywords.groovy:334)
	at sayfalar.girisSayfasi.login(girisSayfasi.groovy:50)
	at cucumber.runtime.Utils$1.call(Utils.java:26)
	at cucumber.runtime.Timeout.timeout(Timeout.java:16)
	at cucumber.runtime.Utils.invoke(Utils.java:20)
	at cucumber.runtime.java.JavaStepDefinition.execute(JavaStepDefinition.java:49)
	at cucumber.runner.PickleStepDefinitionMatch.runStep(PickleStepDefinitionMatch.java:50)
	at cucumber.runner.TestStep.executeStep(TestStep.java:63)
	at cucumber.runner.TestStep.run(TestStep.java:49)
	at cucumber.runner.PickleStepTestStep.run(PickleStepTestStep.java:43)
	at cucumber.runner.TestCase.run(TestCase.java:44)
	at cucumber.runner.Runner.runPickle(Runner.java:40)
	at cucumber.runtime.Runtime$1.run(Runtime.java:84)
	at cucumber.runtime.Runtime$SameThreadExecutorService.execute(Runtime.java:220)
	at cucumber.runtime.Runtime.run(Runtime.java:81)
	at cucumber.api.cli.Main.run(Main.java:26)
	at cucumber.api.cli.Main$run.call(Unknown Source)
	at com.kms.katalon.core.cucumber.keyword.CucumberBuiltinKeywords$_runFeatureFile_closure1.doCall(CucumberBuiltinKeywords.groovy:106)
	at com.kms.katalon.core.cucumber.keyword.CucumberBuiltinKeywords$_runFeatureFile_closure1.doCall(CucumberBuiltinKeywords.groovy)
	at com.kms.katalon.core.keyword.internal.KeywordMain.runKeyword(KeywordMain.groovy:68)
	at com.kms.katalon.core.keyword.internal.KeywordMain$runKeyword.call(Unknown Source)
	at com.kms.katalon.core.cucumber.keyword.CucumberBuiltinKeywords.runFeatureFile(CucumberBuiltinKeywords.groovy:73)
	at com.kms.katalon.core.cucumber.keyword.CucumberBuiltinKeywords$runFeatureFile$0.callStatic(Unknown Source)
	at com.kms.katalon.core.cucumber.keyword.CucumberBuiltinKeywords.runFeatureFile(CucumberBuiltinKeywords.groovy:246)
	at com.kms.katalon.core.cucumber.keyword.CucumberBuiltinKeywords$runFeatureFile.call(Unknown Source)
	at TCKN-Temel Irsaliye-Sevk Tipinde.run(TCKN-Temel Irsaliye-Sevk Tipinde:17)
	at com.kms.katalon.core.main.ScriptEngine.run(ScriptEngine.java:194)
	at com.kms.katalon.core.main.ScriptEngine.runScriptAsRawText(ScriptEngine.java:119)
	at com.kms.katalon.core.main.TestCaseExecutor.runScript(TestCaseExecutor.java:369)
	at com.kms.katalon.core.main.TestCaseExecutor.doExecute(TestCaseExecutor.java:360)
	at com.kms.katalon.core.main.TestCaseExecutor.processExecutionPhase(TestCaseExecutor.java:339)
	at com.kms.katalon.core.main.TestCaseExecutor.accessMainPhase(TestCaseExecutor.java:331)
	at com.kms.katalon.core.main.TestCaseExecutor.execute(TestCaseExecutor.java:248)
	at com.kms.katalon.core.main.TestSuiteExecutor.accessTestCaseMainPhase(TestSuiteExecutor.java:191)
	at com.kms.katalon.core.main.TestSuiteExecutor.accessTestSuiteMainPhase(TestSuiteExecutor.java:140)
	at com.kms.katalon.core.main.TestSuiteExecutor.execute(TestSuiteExecutor.java:89)
	at com.kms.katalon.core.main.TestCaseMain.startTestSuite(TestCaseMain.java:181)
	at com.kms.katalon.core.main.TestCaseMain$startTestSuite$0.call(Unknown Source)
	at TempTestSuite1637222960690.run(TempTestSuite1637222960690.groovy:39)
Caused by: com.kms.katalon.core.exception.StepFailedException: Unable to get the title of the current window
	at com.kms.katalon.core.webui.keyword.internal.WebUIKeywordMain.stepFailed(WebUIKeywordMain.groovy:64)
	at com.kms.katalon.core.webui.keyword.internal.WebUIKeywordMain.runKeyword(WebUIKeywordMain.groovy:26)
	at com.kms.katalon.core.webui.keyword.builtin.GetWindowTitleKeyword.getWindowTitle(GetWindowTitleKeyword.groovy:71)
	at com.kms.katalon.core.webui.keyword.builtin.GetWindowTitleKeyword.execute(GetWindowTitleKeyword.groovy:66)
	at com.kms.katalon.core.keyword.internal.KeywordExecutor.executeKeywordForPlatform(KeywordExecutor.groovy:73)
	at com.kms.katalon.core.webui.keyword.WebUiBuiltInKeywords.getWindowTitle(WebUiBuiltInKeywords.groovy:212)
	at com.kms.katalon.core.webui.keyword.WebUiBuiltInKeywords$getWindowTitle$1.call(Unknown Source)
	at Login.run(Login:22)
	at com.kms.katalon.core.main.ScriptEngine.run(ScriptEngine.java:194)
	at com.kms.katalon.core.main.ScriptEngine.runScriptAsRawText(ScriptEngine.java:119)
	at com.kms.katalon.core.main.TestCaseExecutor.runScript(TestCaseExecutor.java:369)
	at com.kms.katalon.core.main.TestCaseExecutor.doExecute(TestCaseExecutor.java:360)
	at com.kms.katalon.core.main.TestCaseExecutor.processExecutionPhase(TestCaseExecutor.java:339)
	at com.kms.katalon.core.main.TestCaseExecutor.accessMainPhase(TestCaseExecutor.java:331)
	at com.kms.katalon.core.main.TestCaseExecutor.execute(TestCaseExecutor.java:248)
	at com.kms.katalon.core.main.TestCaseMain.runTestCase(TestCaseMain.java:138)
	at com.kms.katalon.core.keyword.builtin.CallTestCaseKeyword$_callTestCase_closure1.doCall(CallTestCaseKeyword.groovy:59)
	... 44 more
Caused by: org.openqa.selenium.NoSuchSessionException: Session ID is null. Using WebDriver after calling quit()?
Build info: version: '3.141.59', revision: 'e82be7d358', time: '2018-11-14T08:25:53'
System info: host: 'DESKTOP-QBVMTUG', ip: '192.168.1.24', os.name: 'Windows 10', os.arch: 'amd64', os.version: '10.0', java.version: '1.8.0_282'
Driver info: driver.version: RemoteWebDriver
	at org.openqa.selenium.remote.HttpCommandExecutor.execute(HttpCommandExecutor.java:125)
	at org.openqa.selenium.remote.service.DriverCommandExecutor.execute(DriverCommandExecutor.java:83)
	at org.openqa.selenium.remote.RemoteWebDriver.execute(RemoteWebDriver.java:552)
	at com.kms.katalon.selenium.driver.CChromeDriver.execute(CChromeDriver.java:19)
	at org.openqa.selenium.remote.RemoteWebDriver.execute(RemoteWebDriver.java:609)
	at org.openqa.selenium.remote.RemoteWebDriver.getTitle(RemoteWebDriver.java:281)
	at com.kms.katalon.core.webui.keyword.builtin.GetWindowTitleKeyword$_getWindowTitle_closure1.doCall(GetWindowTitleKeyword.groovy:73)
	at com.kms.katalon.core.webui.keyword.builtin.GetWindowTitleKeyword$_getWindowTitle_closure1.call(GetWindowTitleKeyword.groovy)
	at com.kms.katalon.core.webui.keyword.internal.WebUIKeywordMain.runKeyword(WebUIKeywordMain.groovy:20)
	... 59 more
)

2021-11-18 11:15:03 - [TEST_CASE][ERROR] - Start Test Case : SCENARIO TCKNo ile Temel Irsaliye senaryosunda ve SEVK tipinde irsaliye olusturulmasi: SCENARIO TCKNo ile Temel Irsaliye senaryosunda ve SEVK tipinde irsaliye olusturulmasi FAILED.
Reason:
com.kms.katalon.core.exception.StepErrorException: Call Test Case 'Test Cases/Tablo/TablodaVeriBasariliMiIrsaliye' failed because of error(s)
	at com.kms.katalon.core.keyword.builtin.CallTestCaseKeyword$_callTestCase_closure1.doCall(CallTestCaseKeyword.groovy:66)
	at com.kms.katalon.core.keyword.builtin.CallTestCaseKeyword$_callTestCase_closure1.call(CallTestCaseKeyword.groovy)
	at com.kms.katalon.core.keyword.internal.KeywordMain.runKeyword(KeywordMain.groovy:68)
	at com.kms.katalon.core.keyword.builtin.CallTestCaseKeyword.callTestCase(CallTestCaseKeyword.groovy:81)
	at com.kms.katalon.core.keyword.builtin.CallTestCaseKeyword.execute(CallTestCaseKeyword.groovy:44)
	at com.kms.katalon.core.keyword.internal.KeywordExecutor.executeKeywordForPlatform(KeywordExecutor.groovy:73)
	at com.kms.katalon.core.keyword.BuiltinKeywords.callTestCase(BuiltinKeywords.groovy:334)
	at tablo.tablo.tablodaVeriBasariliMiIrsaliye(tablo.groovy:85)
	at ✽.Tabloda yeni oluşturulan irsaliye verisi başarılı mı(C:/Users/DELL/Documents/GitHub/EES_KatalonLogo/Include/features/e-Irsaliye/e-Irsaliye Araclari/e-Irsaliye Olusturma/Ekle/TCKN-Temel Irsaliye-Sevk Tipinde.feature:66)
Caused by: org.openqa.selenium.NoSuchSessionException: Session ID is null. Using WebDriver after calling quit()?
Build info: version: '3.141.59', revision: 'e82be7d358', time: '2018-11-14T08:25:53'
System info: host: 'DESKTOP-QBVMTUG', ip: '192.168.1.24', os.name: 'Windows 10', os.arch: 'amd64', os.version: '10.0', java.version: '1.8.0_282'
Driver info: driver.version: RemoteWebDriver
	at org.openqa.selenium.remote.HttpCommandExecutor.execute(HttpCommandExecutor.java:125)
	at org.openqa.selenium.remote.service.DriverCommandExecutor.execute(DriverCommandExecutor.java:83)
	at org.openqa.selenium.remote.RemoteWebDriver.execute(RemoteWebDriver.java:552)
	at com.kms.katalon.selenium.driver.CChromeDriver.execute(CChromeDriver.java:19)
	at org.openqa.selenium.remote.RemoteWebDriver.findElements(RemoteWebDriver.java:353)
	at org.openqa.selenium.remote.RemoteWebDriver.findElementsByXPath(RemoteWebDriver.java:432)
	at org.openqa.selenium.By$ByXPath.findElements(By.java:348)
	at org.openqa.selenium.remote.RemoteWebDriver.findElements(RemoteWebDriver.java:311)
	at com.kms.katalon.core.webui.common.WebUiCommonHelper.findElementByNormalMethods(WebUiCommonHelper.java:1014)
	at com.kms.katalon.core.webui.common.WebUiCommonHelper.findElementsBySelectedMethod(WebUiCommonHelper.java:903)
	at com.kms.katalon.core.webui.common.WebUiCommonHelper.findElementsBySelectedMethod(WebUiCommonHelper.java:892)
	at com.kms.katalon.core.webui.common.WebUiCommonHelper.findElementsBySelectedMethod(WebUiCommonHelper.java:887)
	at com.kms.katalon.core.webui.common.WebUiCommonHelper.findElementsByDefault(WebUiCommonHelper.java:883)
	at com.kms.katalon.core.webui.common.WebUiCommonHelper.findWebElements(WebUiCommonHelper.java:720)
	at com.kms.katalon.core.webui.keyword.internal.WebUIAbstractKeyword.findWebElements(WebUIAbstractKeyword.groovy:32)
	at com.kms.katalon.core.webui.keyword.WebUiBuiltInKeywords.findWebElements(WebUiBuiltInKeywords.groovy:2860)
	at com.kms.katalon.core.webui.keyword.WebUiBuiltInKeywords$findWebElements$7.call(Unknown Source)
	at Method.TextDegerineEsitElementVarMi(Method.groovy:270)
	at Method.invokeMethod(Method.groovy)
	at com.kms.katalon.core.main.CustomKeywordDelegatingMetaClass.invokeStaticMethod(CustomKeywordDelegatingMetaClass.java:50)
	at TablodaVeriBasariliMiIrsaliye.run(TablodaVeriBasariliMiIrsaliye:35)
	at com.kms.katalon.core.main.ScriptEngine.run(ScriptEngine.java:194)
	at com.kms.katalon.core.main.ScriptEngine.runScriptAsRawText(ScriptEngine.java:119)
	at com.kms.katalon.core.main.TestCaseExecutor.runScript(TestCaseExecutor.java:369)
	at com.kms.katalon.core.main.TestCaseExecutor.doExecute(TestCaseExecutor.java:360)
	at com.kms.katalon.core.main.TestCaseExecutor.processExecutionPhase(TestCaseExecutor.java:339)
	at com.kms.katalon.core.main.TestCaseExecutor.accessMainPhase(TestCaseExecutor.java:331)
	at com.kms.katalon.core.main.TestCaseExecutor.execute(TestCaseExecutor.java:248)
	at com.kms.katalon.core.main.TestCaseMain.runTestCase(TestCaseMain.java:138)
	at com.kms.katalon.core.keyword.builtin.CallTestCaseKeyword$_callTestCase_closure1.doCall(CallTestCaseKeyword.groovy:59)
	at com.kms.katalon.core.keyword.builtin.CallTestCaseKeyword$_callTestCase_closure1.call(CallTestCaseKeyword.groovy)
	at com.kms.katalon.core.keyword.internal.KeywordMain.runKeyword(KeywordMain.groovy:68)
	at com.kms.katalon.core.keyword.builtin.CallTestCaseKeyword.callTestCase(CallTestCaseKeyword.groovy:81)
	at com.kms.katalon.core.keyword.builtin.CallTestCaseKeyword.execute(CallTestCaseKeyword.groovy:44)
	at com.kms.katalon.core.keyword.internal.KeywordExecutor.executeKeywordForPlatform(KeywordExecutor.groovy:73)
	at com.kms.katalon.core.keyword.BuiltinKeywords.callTestCase(BuiltinKeywords.groovy:334)
	at tablo.tablo.tablodaVeriBasariliMiIrsaliye(tablo.groovy:85)
	at cucumber.runtime.Utils$1.call(Utils.java:26)
	at cucumber.runtime.Timeout.timeout(Timeout.java:16)
	at cucumber.runtime.Utils.invoke(Utils.java:20)
	at cucumber.runtime.java.JavaStepDefinition.execute(JavaStepDefinition.java:49)
	at cucumber.runner.PickleStepDefinitionMatch.runStep(PickleStepDefinitionMatch.java:50)
	at cucumber.runner.TestStep.executeStep(TestStep.java:63)
	at cucumber.runner.TestStep.run(TestStep.java:49)
	at cucumber.runner.PickleStepTestStep.run(PickleStepTestStep.java:43)
	at cucumber.runner.TestCase.run(TestCase.java:44)
	at cucumber.runner.Runner.runPickle(Runner.java:40)
	at cucumber.runtime.Runtime$1.run(Runtime.java:84)
	at cucumber.runtime.Runtime$SameThreadExecutorService.execute(Runtime.java:220)
	at cucumber.runtime.Runtime.run(Runtime.java:81)
	at cucumber.api.cli.Main.run(Main.java:26)
	at cucumber.api.cli.Main$run.call(Unknown Source)
	at com.kms.katalon.core.cucumber.keyword.CucumberBuiltinKeywords$_runFeatureFile_closure1.doCall(CucumberBuiltinKeywords.groovy:106)
	at com.kms.katalon.core.cucumber.keyword.CucumberBuiltinKeywords$_runFeatureFile_closure1.doCall(CucumberBuiltinKeywords.groovy)
	at com.kms.katalon.core.keyword.internal.KeywordMain.runKeyword(KeywordMain.groovy:68)
	at com.kms.katalon.core.keyword.internal.KeywordMain$runKeyword.call(Unknown Source)
	at com.kms.katalon.core.cucumber.keyword.CucumberBuiltinKeywords.runFeatureFile(CucumberBuiltinKeywords.groovy:73)
	at com.kms.katalon.core.cucumber.keyword.CucumberBuiltinKeywords$runFeatureFile$0.callStatic(Unknown Source)
	at com.kms.katalon.core.cucumber.keyword.CucumberBuiltinKeywords.runFeatureFile(CucumberBuiltinKeywords.groovy:246)
	at com.kms.katalon.core.cucumber.keyword.CucumberBuiltinKeywords$runFeatureFile.call(Unknown Source)
	at TCKN-Temel Irsaliye-Sevk Tipinde.run(TCKN-Temel Irsaliye-Sevk Tipinde:17)
	at com.kms.katalon.core.main.ScriptEngine.run(ScriptEngine.java:194)
	at com.kms.katalon.core.main.ScriptEngine.runScriptAsRawText(ScriptEngine.java:119)
	at com.kms.katalon.core.main.TestCaseExecutor.runScript(TestCaseExecutor.java:369)
	at com.kms.katalon.core.main.TestCaseExecutor.doExecute(TestCaseExecutor.java:360)
	at com.kms.katalon.core.main.TestCaseExecutor.processExecutionPhase(TestCaseExecutor.java:339)
	at com.kms.katalon.core.main.TestCaseExecutor.accessMainPhase(TestCaseExecutor.java:331)
	at com.kms.katalon.core.main.TestCaseExecutor.execute(TestCaseExecutor.java:248)
	at com.kms.katalon.core.main.TestSuiteExecutor.accessTestCaseMainPhase(TestSuiteExecutor.java:191)
	at com.kms.katalon.core.main.TestSuiteExecutor.accessTestSuiteMainPhase(TestSuiteExecutor.java:140)
	at com.kms.katalon.core.main.TestSuiteExecutor.execute(TestSuiteExecutor.java:89)
	at com.kms.katalon.core.main.TestCaseMain.startTestSuite(TestCaseMain.java:181)
	at com.kms.katalon.core.main.TestCaseMain$startTestSuite$0.call(Unknown Source)
	at TempTestSuite1637222960690.run(TempTestSuite1637222960690.groovy:39)


2021-11-18 11:15:03 - [TEST_STEP][PASSED] - Kullanıcı adı ELOGO6 ve Şifre 123456 olarak giriş yapılır: Kullanıcı adı ELOGO6 ve Şifre 123456 olarak giriş yapılır

2021-11-18 11:15:03 - [MESSAGE][PASSED] - Kullanıcı adı ELOGO6 ve Şifre 123456 olarak giriş yapılır

2021-11-18 11:15:03 - [TEST_STEP][PASSED] - Ana menüden e-İrsaliye seçilir: Ana menüden e-İrsaliye seçilir

2021-11-18 11:15:03 - [MESSAGE][PASSED] - Ana menüden e-İrsaliye seçilir

2021-11-18 11:15:03 - [TEST_STEP][PASSED] - Alt menü e-İrsaliye Araçları başlığı altındaki e-İrsaliye Oluşturma seçilir: Alt menü e-İrsaliye Araçları başlığı altındaki e-İrsaliye Oluşturma seçilir

2021-11-18 11:15:03 - [MESSAGE][PASSED] - Alt menü e-İrsaliye Araçları başlığı altındaki e-İrsaliye Oluşturma seçilir

2021-11-18 11:15:03 - [TEST_STEP][PASSED] - Tablodaki tüm veriler silinir: Tablodaki tüm veriler silinir

2021-11-18 11:15:03 - [MESSAGE][PASSED] - Tablodaki tüm veriler silinir

2021-11-18 11:15:03 - [TEST_STEP][PASSED] - Butonlardan Ekle isimli butona tıklanır: Butonlardan Ekle isimli butona tıklanır

2021-11-18 11:15:03 - [MESSAGE][PASSED] - Butonlardan Ekle isimli butona tıklanır

2021-11-18 11:15:03 - [TEST_STEP][PASSED] - Görsel tasarım sayfasının İrsaliye Bilgileri başlığını içerdiği kontrol edilir: Görsel tasarım sayfasının İrsaliye Bilgileri başlığını içerdiği kontrol edilir

2021-11-18 11:15:03 - [MESSAGE][PASSED] - Görsel tasarım sayfasının İrsaliye Bilgileri başlığını içerdiği kontrol edilir

2021-11-18 11:15:03 - [TEST_STEP][PASSED] - Alıcı adı alanına UC0045 girilir: Alıcı adı alanına UC0045 girilir

2021-11-18 11:15:03 - [MESSAGE][PASSED] - Alıcı adı alanına UC0045 girilir

2021-11-18 11:15:03 - [TEST_STEP][PASSED] - Senaryo alanından Temel İrsaliye seçilir: Senaryo alanından Temel İrsaliye seçilir

2021-11-18 11:15:03 - [MESSAGE][PASSED] - Senaryo alanından Temel İrsaliye seçilir

2021-11-18 11:15:03 - [TEST_STEP][PASSED] - Farklı Teslimat Adres Tanımı adres,Türkiye,Isparta,Yalvaç,32400 olarak girilir: Farklı Teslimat Adres Tanımı adres,Türkiye,Isparta,Yalvaç,32400 olarak girilir

2021-11-18 11:15:03 - [MESSAGE][PASSED] - Farklı Teslimat Adres Tanımı adres,Türkiye,Isparta,Yalvaç,32400 olarak girilir

2021-11-18 11:15:03 - [TEST_STEP][PASSED] - Ekle butonuna basılır: Ekle butonuna basılır

2021-11-18 11:15:03 - [MESSAGE][PASSED] - Ekle butonuna basılır

2021-11-18 11:15:03 - [TEST_STEP][PASSED] - Ürün ekleme alanında Malzeme Adı başlığına Otomasyon girilir: Ürün ekleme alanında Malzeme Adı başlığına Otomasyon girilir

2021-11-18 11:15:03 - [MESSAGE][PASSED] - Ürün ekleme alanında Malzeme Adı başlığına Otomasyon girilir

2021-11-18 11:15:03 - [TEST_STEP][PASSED] - Ürün ekleme alanında Açıklaması başlığına Virgosol girilir: Ürün ekleme alanında Açıklaması başlığına Virgosol girilir

2021-11-18 11:15:03 - [MESSAGE][PASSED] - Ürün ekleme alanında Açıklaması başlığına Virgosol girilir

2021-11-18 11:15:03 - [TEST_STEP][PASSED] - Ürün ekleme alanında Miktarı başlığına 400 girilir: Ürün ekleme alanında Miktarı başlığına 400 girilir

2021-11-18 11:15:03 - [MESSAGE][PASSED] - Ürün ekleme alanında Miktarı başlığına 400 girilir

2021-11-18 11:15:03 - [TEST_STEP][PASSED] - Ürün ekleme alanında Birim Fiyat başlığına 100 girilir: Ürün ekleme alanında Birim Fiyat başlığına 100 girilir

2021-11-18 11:15:03 - [MESSAGE][PASSED] - Ürün ekleme alanında Birim Fiyat başlığına 100 girilir

2021-11-18 11:15:03 - [TEST_STEP][PASSED] - Şöför Bilgileri Virgosol,Otomasyon,11111111110 olarak girilir: Şöför Bilgileri Virgosol,Otomasyon,11111111110 olarak girilir

2021-11-18 11:15:03 - [MESSAGE][PASSED] - Şöför Bilgileri Virgosol,Otomasyon,11111111110 olarak girilir

2021-11-18 11:15:03 - [TEST_STEP][PASSED] - Notlar alanına Otomasyon Sanal Kullanıcı girilir: Notlar alanına Otomasyon Sanal Kullanıcı girilir

2021-11-18 11:15:03 - [MESSAGE][PASSED] - Notlar alanına Otomasyon Sanal Kullanıcı girilir

2021-11-18 11:15:03 - [TEST_STEP][PASSED] - E-Irsaliye Ettn bilgisi kayıt edilir: E-Irsaliye Ettn bilgisi kayıt edilir

2021-11-18 11:15:03 - [MESSAGE][PASSED] - E-Irsaliye Ettn bilgisi kayıt edilir

2021-11-18 11:15:03 - [TEST_STEP][PASSED] - Kaydet butonu seçilir: Kaydet butonu seçilir

2021-11-18 11:15:03 - [MESSAGE][PASSED] - Kaydet butonu seçilir

2021-11-18 11:15:03 - [TEST_STEP][PASSED] - Tabloda VirgosolOtomasyonTEST ünvanlı veri oluşturuldu mu: Tabloda VirgosolOtomasyonTEST ünvanlı veri oluşturuldu mu

2021-11-18 11:15:03 - [MESSAGE][PASSED] - Tabloda VirgosolOtomasyonTEST ünvanlı veri oluşturuldu mu

2021-11-18 11:15:03 - [TEST_STEP][PASSED] - Tablodan VirgosolOtomasyonTEST isimli veri seçilir: Tablodan VirgosolOtomasyonTEST isimli veri seçilir

2021-11-18 11:15:03 - [MESSAGE][PASSED] - Tablodan VirgosolOtomasyonTEST isimli veri seçilir

2021-11-18 11:15:03 - [TEST_STEP][PASSED] - Butonlardan Değiştir isimli butona tıklanır: Butonlardan Değiştir isimli butona tıklanır

2021-11-18 11:15:03 - [MESSAGE][PASSED] - Butonlardan Değiştir isimli butona tıklanır

2021-11-18 11:15:03 - [TEST_STEP][PASSED] - Görsel tasarım sayfasının İrsaliye Bilgileri başlığını içerdiği kontrol edilir: Görsel tasarım sayfasının İrsaliye Bilgileri başlığını içerdiği kontrol edilir

2021-11-18 11:15:03 - [MESSAGE][PASSED] - Görsel tasarım sayfasının İrsaliye Bilgileri başlığını içerdiği kontrol edilir

2021-11-18 11:15:03 - [TEST_STEP][PASSED] - Notlar alanına Otomasyon Not Değiştir girilir: Notlar alanına Otomasyon Not Değiştir girilir

2021-11-18 11:15:03 - [MESSAGE][PASSED] - Notlar alanına Otomasyon Not Değiştir girilir

2021-11-18 11:15:03 - [TEST_STEP][PASSED] - Kaydet butonu seçilir: Kaydet butonu seçilir

2021-11-18 11:15:03 - [MESSAGE][PASSED] - Kaydet butonu seçilir

2021-11-18 11:15:03 - [TEST_STEP][PASSED] - Tabloda VirgosolOtomasyonTEST ünvanlı veri oluşturuldu mu: Tabloda VirgosolOtomasyonTEST ünvanlı veri oluşturuldu mu

2021-11-18 11:15:03 - [MESSAGE][PASSED] - Tabloda VirgosolOtomasyonTEST ünvanlı veri oluşturuldu mu

2021-11-18 11:15:03 - [TEST_STEP][PASSED] - Tablodan VirgosolOtomasyonTEST isimli veri seçilir: Tablodan VirgosolOtomasyonTEST isimli veri seçilir

2021-11-18 11:15:03 - [MESSAGE][PASSED] - Tablodan VirgosolOtomasyonTEST isimli veri seçilir

2021-11-18 11:15:03 - [TEST_STEP][PASSED] - Butonlardan Numara Oluştur isimli butona tıklanır: Butonlardan Numara Oluştur isimli butona tıklanır

2021-11-18 11:15:03 - [MESSAGE][PASSED] - Butonlardan Numara Oluştur isimli butona tıklanır

2021-11-18 11:15:03 - [TEST_STEP][PASSED] - Popup mesajı Devam etmek istiyor musunuz içeriyor mu: Popup mesajı Devam etmek istiyor musunuz içeriyor mu

2021-11-18 11:15:03 - [MESSAGE][PASSED] - Popup mesajı Devam etmek istiyor musunuz içeriyor mu

2021-11-18 11:15:03 - [TEST_STEP][PASSED] - Yönetim popupında Evet seçilir: Yönetim popupında Evet seçilir

2021-11-18 11:15:03 - [MESSAGE][PASSED] - Yönetim popupında Evet seçilir

2021-11-18 11:15:03 - [TEST_STEP][PASSED] - Popup mesajı oluşmuştur içeriyor mu: Popup mesajı oluşmuştur içeriyor mu

2021-11-18 11:15:03 - [MESSAGE][PASSED] - Popup mesajı oluşmuştur içeriyor mu

2021-11-18 11:15:03 - [TEST_STEP][PASSED] - Yönetim popupında Tamam seçilir: Yönetim popupında Tamam seçilir

2021-11-18 11:15:03 - [MESSAGE][PASSED] - Yönetim popupında Tamam seçilir

2021-11-18 11:15:03 - [TEST_STEP][PASSED] - Tablodan VirgosolOtomasyonTEST isimli veri seçilir: Tablodan VirgosolOtomasyonTEST isimli veri seçilir

2021-11-18 11:15:03 - [MESSAGE][PASSED] - Tablodan VirgosolOtomasyonTEST isimli veri seçilir

2021-11-18 11:15:03 - [TEST_STEP][PASSED] - Butonlardan Göster isimli butona tıklanır: Butonlardan Göster isimli butona tıklanır

2021-11-18 11:15:03 - [MESSAGE][PASSED] - Butonlardan Göster isimli butona tıklanır

2021-11-18 11:15:03 - [TEST_STEP][PASSED] - Yeni açılan sekmeye geçilir: Yeni açılan sekmeye geçilir

2021-11-18 11:15:03 - [MESSAGE][PASSED] - Yeni açılan sekmeye geçilir

2021-11-18 11:15:03 - [TEST_STEP][PASSED] - Yeni sekme başlığında e-İRSALİYE var mı kontrol edilir: Yeni sekme başlığında e-İRSALİYE var mı kontrol edilir

2021-11-18 11:15:03 - [MESSAGE][PASSED] - Yeni sekme başlığında e-İRSALİYE var mı kontrol edilir

2021-11-18 11:15:03 - [TEST_STEP][PASSED] - Ana sekmeye geçilir: Ana sekmeye geçilir

2021-11-18 11:15:03 - [MESSAGE][PASSED] - Ana sekmeye geçilir

2021-11-18 11:15:03 - [TEST_STEP][PASSED] - Butonlardan UBL isimli butona tıklanır: Butonlardan UBL isimli butona tıklanır

2021-11-18 11:15:03 - [MESSAGE][PASSED] - Butonlardan UBL isimli butona tıklanır

2021-11-18 11:15:03 - [TEST_STEP][PASSED] - Yeni açılan sekmeye geçilir: Yeni açılan sekmeye geçilir

2021-11-18 11:15:03 - [MESSAGE][PASSED] - Yeni açılan sekmeye geçilir

2021-11-18 11:15:03 - [TEST_STEP][PASSED] - DespatchAdvice tagli ubl geldi mi: DespatchAdvice tagli ubl geldi mi

2021-11-18 11:15:03 - [MESSAGE][PASSED] - DespatchAdvice tagli ubl geldi mi

2021-11-18 11:15:03 - [TEST_STEP][PASSED] - Ana sekmeye geçilir: Ana sekmeye geçilir

2021-11-18 11:15:03 - [MESSAGE][PASSED] - Ana sekmeye geçilir

2021-11-18 11:15:03 - [TEST_STEP][PASSED] - Butonlardan Excel isimli butona tıklanır: Butonlardan Excel isimli butona tıklanır

2021-11-18 11:15:03 - [MESSAGE][PASSED] - Butonlardan Excel isimli butona tıklanır

2021-11-18 11:15:03 - [TEST_STEP][PASSED] - Alt butonlardan Excel'e Aktar butonuna tıklanır: Alt butonlardan Excel'e Aktar butonuna tıklanır

2021-11-18 11:15:03 - [MESSAGE][PASSED] - Alt butonlardan Excel'e Aktar butonuna tıklanır

2021-11-18 11:15:03 - [TEST_STEP][PASSED] - Ön eki İrsaliyeler olan dosya indirildi mi: Ön eki İrsaliyeler olan dosya indirildi mi

2021-11-18 11:15:03 - [MESSAGE][PASSED] - Ön eki İrsaliyeler olan dosya indirildi mi

2021-11-18 11:15:03 - [TEST_STEP][PASSED] - Butonlardan Excel isimli butona tıklanır: Butonlardan Excel isimli butona tıklanır

2021-11-18 11:15:03 - [MESSAGE][PASSED] - Butonlardan Excel isimli butona tıklanır

2021-11-18 11:15:03 - [TEST_STEP][PASSED] - Alt butonlardan Tümünü Excel'e Aktar butonuna tıklanır: Alt butonlardan Tümünü Excel'e Aktar butonuna tıklanır

2021-11-18 11:15:03 - [MESSAGE][PASSED] - Alt butonlardan Tümünü Excel'e Aktar butonuna tıklanır

2021-11-18 11:15:03 - [TEST_STEP][PASSED] - Ön eki İrsaliyeler olan dosya indirildi mi: Ön eki İrsaliyeler olan dosya indirildi mi

2021-11-18 11:15:03 - [MESSAGE][PASSED] - Ön eki İrsaliyeler olan dosya indirildi mi

2021-11-18 11:15:03 - [TEST_STEP][PASSED] - Butonlardan Gönder isimli butona tıklanır: Butonlardan Gönder isimli butona tıklanır

2021-11-18 11:15:03 - [MESSAGE][PASSED] - Butonlardan Gönder isimli butona tıklanır

2021-11-18 11:15:03 - [TEST_STEP][PASSED] - Popup mesajı Devam etmek istiyor musunuz içeriyor mu: Popup mesajı Devam etmek istiyor musunuz içeriyor mu

2021-11-18 11:15:03 - [MESSAGE][PASSED] - Popup mesajı Devam etmek istiyor musunuz içeriyor mu

2021-11-18 11:15:03 - [TEST_STEP][PASSED] - Yönetim popupında Evet seçilir: Yönetim popupında Evet seçilir

2021-11-18 11:15:03 - [MESSAGE][PASSED] - Yönetim popupında Evet seçilir

2021-11-18 11:15:03 - [TEST_STEP][PASSED] - Ana menüden e-İrsaliye seçilir: Ana menüden e-İrsaliye seçilir

2021-11-18 11:15:03 - [MESSAGE][PASSED] - Ana menüden e-İrsaliye seçilir

2021-11-18 11:15:03 - [TEST_STEP][PASSED] - Alt menü Giden Kutusu başlığı altındaki İrsaliyeler seçilir: Alt menü Giden Kutusu başlığı altındaki İrsaliyeler seçilir

2021-11-18 11:15:03 - [MESSAGE][PASSED] - Alt menü Giden Kutusu başlığı altındaki İrsaliyeler seçilir

2021-11-18 11:15:03 - [TEST_STEP][PASSED] - Filtrelerden Irsaliye Ettn filtresine Ettn bilgisi yaz: Filtrelerden Irsaliye Ettn filtresine Ettn bilgisi yaz

2021-11-18 11:15:03 - [MESSAGE][PASSED] - Filtrelerden Irsaliye Ettn filtresine Ettn bilgisi yaz

2021-11-18 11:15:03 - [TEST_STEP][PASSED] - Filtre butonlarından Listele seçilir: Filtre butonlarından Listele seçilir

2021-11-18 11:15:03 - [MESSAGE][PASSED] - Filtre butonlarından Listele seçilir

2021-11-18 11:15:03 - [TEST_STEP][PASSED] - Tabloda veri var mı kontrol edilir: Tabloda veri var mı kontrol edilir

2021-11-18 11:15:03 - [MESSAGE][PASSED] - Tabloda veri var mı kontrol edilir

2021-11-18 11:15:03 - [TEST_STEP][ERROR] - Tabloda yeni oluşturulan irsaliye verisi başarılı mı: Tabloda yeni oluşturulan irsaliye verisi başarılı mı FAILED.
Reason:
com.kms.katalon.core.exception.StepErrorException: Call Test Case 'Test Cases/Tablo/TablodaVeriBasariliMiIrsaliye' failed because of error(s)
	at com.kms.katalon.core.keyword.builtin.CallTestCaseKeyword$_callTestCase_closure1.doCall(CallTestCaseKeyword.groovy:66)
	at com.kms.katalon.core.keyword.builtin.CallTestCaseKeyword$_callTestCase_closure1.call(CallTestCaseKeyword.groovy)
	at com.kms.katalon.core.keyword.internal.KeywordMain.runKeyword(KeywordMain.groovy:68)
	at com.kms.katalon.core.keyword.builtin.CallTestCaseKeyword.callTestCase(CallTestCaseKeyword.groovy:81)
	at com.kms.katalon.core.keyword.builtin.CallTestCaseKeyword.execute(CallTestCaseKeyword.groovy:44)
	at com.kms.katalon.core.keyword.internal.KeywordExecutor.executeKeywordForPlatform(KeywordExecutor.groovy:73)
	at com.kms.katalon.core.keyword.BuiltinKeywords.callTestCase(BuiltinKeywords.groovy:334)
	at tablo.tablo.tablodaVeriBasariliMiIrsaliye(tablo.groovy:85)
	at ✽.Tabloda yeni oluşturulan irsaliye verisi başarılı mı(C:/Users/DELL/Documents/GitHub/EES_KatalonLogo/Include/features/e-Irsaliye/e-Irsaliye Araclari/e-Irsaliye Olusturma/Ekle/TCKN-Temel Irsaliye-Sevk Tipinde.feature:66)
Caused by: org.openqa.selenium.NoSuchSessionException: Session ID is null. Using WebDriver after calling quit()?
Build info: version: '3.141.59', revision: 'e82be7d358', time: '2018-11-14T08:25:53'
System info: host: 'DESKTOP-QBVMTUG', ip: '192.168.1.24', os.name: 'Windows 10', os.arch: 'amd64', os.version: '10.0', java.version: '1.8.0_282'
Driver info: driver.version: RemoteWebDriver
	at org.openqa.selenium.remote.HttpCommandExecutor.execute(HttpCommandExecutor.java:125)
	at org.openqa.selenium.remote.service.DriverCommandExecutor.execute(DriverCommandExecutor.java:83)
	at org.openqa.selenium.remote.RemoteWebDriver.execute(RemoteWebDriver.java:552)
	at com.kms.katalon.selenium.driver.CChromeDriver.execute(CChromeDriver.java:19)
	at org.openqa.selenium.remote.RemoteWebDriver.findElements(RemoteWebDriver.java:353)
	at org.openqa.selenium.remote.RemoteWebDriver.findElementsByXPath(RemoteWebDriver.java:432)
	at org.openqa.selenium.By$ByXPath.findElements(By.java:348)
	at org.openqa.selenium.remote.RemoteWebDriver.findElements(RemoteWebDriver.java:311)
	at com.kms.katalon.core.webui.common.WebUiCommonHelper.findElementByNormalMethods(WebUiCommonHelper.java:1014)
	at com.kms.katalon.core.webui.common.WebUiCommonHelper.findElementsBySelectedMethod(WebUiCommonHelper.java:903)
	at com.kms.katalon.core.webui.common.WebUiCommonHelper.findElementsBySelectedMethod(WebUiCommonHelper.java:892)
	at com.kms.katalon.core.webui.common.WebUiCommonHelper.findElementsBySelectedMethod(WebUiCommonHelper.java:887)
	at com.kms.katalon.core.webui.common.WebUiCommonHelper.findElementsByDefault(WebUiCommonHelper.java:883)
	at com.kms.katalon.core.webui.common.WebUiCommonHelper.findWebElements(WebUiCommonHelper.java:720)
	at com.kms.katalon.core.webui.keyword.internal.WebUIAbstractKeyword.findWebElements(WebUIAbstractKeyword.groovy:32)
	at com.kms.katalon.core.webui.keyword.WebUiBuiltInKeywords.findWebElements(WebUiBuiltInKeywords.groovy:2860)
	at com.kms.katalon.core.webui.keyword.WebUiBuiltInKeywords$findWebElements$7.call(Unknown Source)
	at Method.TextDegerineEsitElementVarMi(Method.groovy:270)
	at Method.invokeMethod(Method.groovy)
	at com.kms.katalon.core.main.CustomKeywordDelegatingMetaClass.invokeStaticMethod(CustomKeywordDelegatingMetaClass.java:50)
	at TablodaVeriBasariliMiIrsaliye.run(TablodaVeriBasariliMiIrsaliye:35)
	at com.kms.katalon.core.main.ScriptEngine.run(ScriptEngine.java:194)
	at com.kms.katalon.core.main.ScriptEngine.runScriptAsRawText(ScriptEngine.java:119)
	at com.kms.katalon.core.main.TestCaseExecutor.runScript(TestCaseExecutor.java:369)
	at com.kms.katalon.core.main.TestCaseExecutor.doExecute(TestCaseExecutor.java:360)
	at com.kms.katalon.core.main.TestCaseExecutor.processExecutionPhase(TestCaseExecutor.java:339)
	at com.kms.katalon.core.main.TestCaseExecutor.accessMainPhase(TestCaseExecutor.java:331)
	at com.kms.katalon.core.main.TestCaseExecutor.execute(TestCaseExecutor.java:248)
	at com.kms.katalon.core.main.TestCaseMain.runTestCase(TestCaseMain.java:138)
	at com.kms.katalon.core.keyword.builtin.CallTestCaseKeyword$_callTestCase_closure1.doCall(CallTestCaseKeyword.groovy:59)
	at com.kms.katalon.core.keyword.builtin.CallTestCaseKeyword$_callTestCase_closure1.call(CallTestCaseKeyword.groovy)
	at com.kms.katalon.core.keyword.internal.KeywordMain.runKeyword(KeywordMain.groovy:68)
	at com.kms.katalon.core.keyword.builtin.CallTestCaseKeyword.callTestCase(CallTestCaseKeyword.groovy:81)
	at com.kms.katalon.core.keyword.builtin.CallTestCaseKeyword.execute(CallTestCaseKeyword.groovy:44)
	at com.kms.katalon.core.keyword.internal.KeywordExecutor.executeKeywordForPlatform(KeywordExecutor.groovy:73)
	at com.kms.katalon.core.keyword.BuiltinKeywords.callTestCase(BuiltinKeywords.groovy:334)
	at tablo.tablo.tablodaVeriBasariliMiIrsaliye(tablo.groovy:85)
	at cucumber.runtime.Utils$1.call(Utils.java:26)
	at cucumber.runtime.Timeout.timeout(Timeout.java:16)
	at cucumber.runtime.Utils.invoke(Utils.java:20)
	at cucumber.runtime.java.JavaStepDefinition.execute(JavaStepDefinition.java:49)
	at cucumber.runner.PickleStepDefinitionMatch.runStep(PickleStepDefinitionMatch.java:50)
	at cucumber.runner.TestStep.executeStep(TestStep.java:63)
	at cucumber.runner.TestStep.run(TestStep.java:49)
	at cucumber.runner.PickleStepTestStep.run(PickleStepTestStep.java:43)
	at cucumber.runner.TestCase.run(TestCase.java:44)
	at cucumber.runner.Runner.runPickle(Runner.java:40)
	at cucumber.runtime.Runtime$1.run(Runtime.java:84)
	at cucumber.runtime.Runtime$SameThreadExecutorService.execute(Runtime.java:220)
	at cucumber.runtime.Runtime.run(Runtime.java:81)
	at cucumber.api.cli.Main.run(Main.java:26)
	at cucumber.api.cli.Main$run.call(Unknown Source)
	at com.kms.katalon.core.cucumber.keyword.CucumberBuiltinKeywords$_runFeatureFile_closure1.doCall(CucumberBuiltinKeywords.groovy:106)
	at com.kms.katalon.core.cucumber.keyword.CucumberBuiltinKeywords$_runFeatureFile_closure1.doCall(CucumberBuiltinKeywords.groovy)
	at com.kms.katalon.core.keyword.internal.KeywordMain.runKeyword(KeywordMain.groovy:68)
	at com.kms.katalon.core.keyword.internal.KeywordMain$runKeyword.call(Unknown Source)
	at com.kms.katalon.core.cucumber.keyword.CucumberBuiltinKeywords.runFeatureFile(CucumberBuiltinKeywords.groovy:73)
	at com.kms.katalon.core.cucumber.keyword.CucumberBuiltinKeywords$runFeatureFile$0.callStatic(Unknown Source)
	at com.kms.katalon.core.cucumber.keyword.CucumberBuiltinKeywords.runFeatureFile(CucumberBuiltinKeywords.groovy:246)
	at com.kms.katalon.core.cucumber.keyword.CucumberBuiltinKeywords$runFeatureFile.call(Unknown Source)
	at TCKN-Temel Irsaliye-Sevk Tipinde.run(TCKN-Temel Irsaliye-Sevk Tipinde:17)
	at com.kms.katalon.core.main.ScriptEngine.run(ScriptEngine.java:194)
	at com.kms.katalon.core.main.ScriptEngine.runScriptAsRawText(ScriptEngine.java:119)
	at com.kms.katalon.core.main.TestCaseExecutor.runScript(TestCaseExecutor.java:369)
	at com.kms.katalon.core.main.TestCaseExecutor.doExecute(TestCaseExecutor.java:360)
	at com.kms.katalon.core.main.TestCaseExecutor.processExecutionPhase(TestCaseExecutor.java:339)
	at com.kms.katalon.core.main.TestCaseExecutor.accessMainPhase(TestCaseExecutor.java:331)
	at com.kms.katalon.core.main.TestCaseExecutor.execute(TestCaseExecutor.java:248)
	at com.kms.katalon.core.main.TestSuiteExecutor.accessTestCaseMainPhase(TestSuiteExecutor.java:191)
	at com.kms.katalon.core.main.TestSuiteExecutor.accessTestSuiteMainPhase(TestSuiteExecutor.java:140)
	at com.kms.katalon.core.main.TestSuiteExecutor.execute(TestSuiteExecutor.java:89)
	at com.kms.katalon.core.main.TestCaseMain.startTestSuite(TestCaseMain.java:181)
	at com.kms.katalon.core.main.TestCaseMain$startTestSuite$0.call(Unknown Source)
	at TempTestSuite1637222960690.run(TempTestSuite1637222960690.groovy:39)


2021-11-18 11:15:03 - [MESSAGE][ERROR] - Tabloda yeni oluşturulan irsaliye verisi başarılı mı FAILED.
Reason:
com.kms.katalon.core.exception.StepErrorException: Call Test Case 'Test Cases/Tablo/TablodaVeriBasariliMiIrsaliye' failed because of error(s)
	at com.kms.katalon.core.keyword.builtin.CallTestCaseKeyword$_callTestCase_closure1.doCall(CallTestCaseKeyword.groovy:66)
	at com.kms.katalon.core.keyword.builtin.CallTestCaseKeyword$_callTestCase_closure1.call(CallTestCaseKeyword.groovy)
	at com.kms.katalon.core.keyword.internal.KeywordMain.runKeyword(KeywordMain.groovy:68)
	at com.kms.katalon.core.keyword.builtin.CallTestCaseKeyword.callTestCase(CallTestCaseKeyword.groovy:81)
	at com.kms.katalon.core.keyword.builtin.CallTestCaseKeyword.execute(CallTestCaseKeyword.groovy:44)
	at com.kms.katalon.core.keyword.internal.KeywordExecutor.executeKeywordForPlatform(KeywordExecutor.groovy:73)
	at com.kms.katalon.core.keyword.BuiltinKeywords.callTestCase(BuiltinKeywords.groovy:334)
	at tablo.tablo.tablodaVeriBasariliMiIrsaliye(tablo.groovy:85)
	at ✽.Tabloda yeni oluşturulan irsaliye verisi başarılı mı(C:/Users/DELL/Documents/GitHub/EES_KatalonLogo/Include/features/e-Irsaliye/e-Irsaliye Araclari/e-Irsaliye Olusturma/Ekle/TCKN-Temel Irsaliye-Sevk Tipinde.feature:66)
Caused by: org.openqa.selenium.NoSuchSessionException: Session ID is null. Using WebDriver after calling quit()?
Build info: version: '3.141.59', revision: 'e82be7d358', time: '2018-11-14T08:25:53'
System info: host: 'DESKTOP-QBVMTUG', ip: '192.168.1.24', os.name: 'Windows 10', os.arch: 'amd64', os.version: '10.0', java.version: '1.8.0_282'
Driver info: driver.version: RemoteWebDriver
	at org.openqa.selenium.remote.HttpCommandExecutor.execute(HttpCommandExecutor.java:125)
	at org.openqa.selenium.remote.service.DriverCommandExecutor.execute(DriverCommandExecutor.java:83)
	at org.openqa.selenium.remote.RemoteWebDriver.execute(RemoteWebDriver.java:552)
	at com.kms.katalon.selenium.driver.CChromeDriver.execute(CChromeDriver.java:19)
	at org.openqa.selenium.remote.RemoteWebDriver.findElements(RemoteWebDriver.java:353)
	at org.openqa.selenium.remote.RemoteWebDriver.findElementsByXPath(RemoteWebDriver.java:432)
	at org.openqa.selenium.By$ByXPath.findElements(By.java:348)
	at org.openqa.selenium.remote.RemoteWebDriver.findElements(RemoteWebDriver.java:311)
	at com.kms.katalon.core.webui.common.WebUiCommonHelper.findElementByNormalMethods(WebUiCommonHelper.java:1014)
	at com.kms.katalon.core.webui.common.WebUiCommonHelper.findElementsBySelectedMethod(WebUiCommonHelper.java:903)
	at com.kms.katalon.core.webui.common.WebUiCommonHelper.findElementsBySelectedMethod(WebUiCommonHelper.java:892)
	at com.kms.katalon.core.webui.common.WebUiCommonHelper.findElementsBySelectedMethod(WebUiCommonHelper.java:887)
	at com.kms.katalon.core.webui.common.WebUiCommonHelper.findElementsByDefault(WebUiCommonHelper.java:883)
	at com.kms.katalon.core.webui.common.WebUiCommonHelper.findWebElements(WebUiCommonHelper.java:720)
	at com.kms.katalon.core.webui.keyword.internal.WebUIAbstractKeyword.findWebElements(WebUIAbstractKeyword.groovy:32)
	at com.kms.katalon.core.webui.keyword.WebUiBuiltInKeywords.findWebElements(WebUiBuiltInKeywords.groovy:2860)
	at com.kms.katalon.core.webui.keyword.WebUiBuiltInKeywords$findWebElements$7.call(Unknown Source)
	at Method.TextDegerineEsitElementVarMi(Method.groovy:270)
	at Method.invokeMethod(Method.groovy)
	at com.kms.katalon.core.main.CustomKeywordDelegatingMetaClass.invokeStaticMethod(CustomKeywordDelegatingMetaClass.java:50)
	at TablodaVeriBasariliMiIrsaliye.run(TablodaVeriBasariliMiIrsaliye:35)
	at com.kms.katalon.core.main.ScriptEngine.run(ScriptEngine.java:194)
	at com.kms.katalon.core.main.ScriptEngine.runScriptAsRawText(ScriptEngine.java:119)
	at com.kms.katalon.core.main.TestCaseExecutor.runScript(TestCaseExecutor.java:369)
	at com.kms.katalon.core.main.TestCaseExecutor.doExecute(TestCaseExecutor.java:360)
	at com.kms.katalon.core.main.TestCaseExecutor.processExecutionPhase(TestCaseExecutor.java:339)
	at com.kms.katalon.core.main.TestCaseExecutor.accessMainPhase(TestCaseExecutor.java:331)
	at com.kms.katalon.core.main.TestCaseExecutor.execute(TestCaseExecutor.java:248)
	at com.kms.katalon.core.main.TestCaseMain.runTestCase(TestCaseMain.java:138)
	at com.kms.katalon.core.keyword.builtin.CallTestCaseKeyword$_callTestCase_closure1.doCall(CallTestCaseKeyword.groovy:59)
	at com.kms.katalon.core.keyword.builtin.CallTestCaseKeyword$_callTestCase_closure1.call(CallTestCaseKeyword.groovy)
	at com.kms.katalon.core.keyword.internal.KeywordMain.runKeyword(KeywordMain.groovy:68)
	at com.kms.katalon.core.keyword.builtin.CallTestCaseKeyword.callTestCase(CallTestCaseKeyword.groovy:81)
	at com.kms.katalon.core.keyword.builtin.CallTestCaseKeyword.execute(CallTestCaseKeyword.groovy:44)
	at com.kms.katalon.core.keyword.internal.KeywordExecutor.executeKeywordForPlatform(KeywordExecutor.groovy:73)
	at com.kms.katalon.core.keyword.BuiltinKeywords.callTestCase(BuiltinKeywords.groovy:334)
	at tablo.tablo.tablodaVeriBasariliMiIrsaliye(tablo.groovy:85)
	at cucumber.runtime.Utils$1.call(Utils.java:26)
	at cucumber.runtime.Timeout.timeout(Timeout.java:16)
	at cucumber.runtime.Utils.invoke(Utils.java:20)
	at cucumber.runtime.java.JavaStepDefinition.execute(JavaStepDefinition.java:49)
	at cucumber.runner.PickleStepDefinitionMatch.runStep(PickleStepDefinitionMatch.java:50)
	at cucumber.runner.TestStep.executeStep(TestStep.java:63)
	at cucumber.runner.TestStep.run(TestStep.java:49)
	at cucumber.runner.PickleStepTestStep.run(PickleStepTestStep.java:43)
	at cucumber.runner.TestCase.run(TestCase.java:44)
	at cucumber.runner.Runner.runPickle(Runner.java:40)
	at cucumber.runtime.Runtime$1.run(Runtime.java:84)
	at cucumber.runtime.Runtime$SameThreadExecutorService.execute(Runtime.java:220)
	at cucumber.runtime.Runtime.run(Runtime.java:81)
	at cucumber.api.cli.Main.run(Main.java:26)
	at cucumber.api.cli.Main$run.call(Unknown Source)
	at com.kms.katalon.core.cucumber.keyword.CucumberBuiltinKeywords$_runFeatureFile_closure1.doCall(CucumberBuiltinKeywords.groovy:106)
	at com.kms.katalon.core.cucumber.keyword.CucumberBuiltinKeywords$_runFeatureFile_closure1.doCall(CucumberBuiltinKeywords.groovy)
	at com.kms.katalon.core.keyword.internal.KeywordMain.runKeyword(KeywordMain.groovy:68)
	at com.kms.katalon.core.keyword.internal.KeywordMain$runKeyword.call(Unknown Source)
	at com.kms.katalon.core.cucumber.keyword.CucumberBuiltinKeywords.runFeatureFile(CucumberBuiltinKeywords.groovy:73)
	at com.kms.katalon.core.cucumber.keyword.CucumberBuiltinKeywords$runFeatureFile$0.callStatic(Unknown Source)
	at com.kms.katalon.core.cucumber.keyword.CucumberBuiltinKeywords.runFeatureFile(CucumberBuiltinKeywords.groovy:246)
	at com.kms.katalon.core.cucumber.keyword.CucumberBuiltinKeywords$runFeatureFile.call(Unknown Source)
	at TCKN-Temel Irsaliye-Sevk Tipinde.run(TCKN-Temel Irsaliye-Sevk Tipinde:17)
	at com.kms.katalon.core.main.ScriptEngine.run(ScriptEngine.java:194)
	at com.kms.katalon.core.main.ScriptEngine.runScriptAsRawText(ScriptEngine.java:119)
	at com.kms.katalon.core.main.TestCaseExecutor.runScript(TestCaseExecutor.java:369)
	at com.kms.katalon.core.main.TestCaseExecutor.doExecute(TestCaseExecutor.java:360)
	at com.kms.katalon.core.main.TestCaseExecutor.processExecutionPhase(TestCaseExecutor.java:339)
	at com.kms.katalon.core.main.TestCaseExecutor.accessMainPhase(TestCaseExecutor.java:331)
	at com.kms.katalon.core.main.TestCaseExecutor.execute(TestCaseExecutor.java:248)
	at com.kms.katalon.core.main.TestSuiteExecutor.accessTestCaseMainPhase(TestSuiteExecutor.java:191)
	at com.kms.katalon.core.main.TestSuiteExecutor.accessTestSuiteMainPhase(TestSuiteExecutor.java:140)
	at com.kms.katalon.core.main.TestSuiteExecutor.execute(TestSuiteExecutor.java:89)
	at com.kms.katalon.core.main.TestCaseMain.startTestSuite(TestCaseMain.java:181)
	at com.kms.katalon.core.main.TestCaseMain$startTestSuite$0.call(Unknown Source)
	at TempTestSuite1637222960690.run(TempTestSuite1637222960690.groovy:39)


2021-11-18 11:15:03 - [TEST_STEP][NOT_RUN] - Kullanıcı işlemlerinden Çıkış seçilir: Kullanıcı işlemlerinden Çıkış seçilir

2021-11-18 11:15:03 - [MESSAGE][NOT_RUN] - Kullanıcı işlemlerinden Çıkış seçilir

2021-11-18 11:15:03 - [TEST_CASE][FAILED] - Start Test Case : SCENARIO TCKNo ile Temel Irsaliye senaryosunda ve SEVK tipinde irsaliye olusturulmasi: SCENARIO TCKNo ile Temel Irsaliye senaryosunda ve SEVK tipinde irsaliye olusturulmasi FAILED.
Reason:
com.kms.katalon.core.exception.StepFailedException: Call Test Case 'Test Cases/Sayfalar/Giris_Sayfasi/Login' failed
	at com.kms.katalon.core.keyword.builtin.CallTestCaseKeyword$_callTestCase_closure1.doCall(CallTestCaseKeyword.groovy:63)
	at com.kms.katalon.core.keyword.builtin.CallTestCaseKeyword$_callTestCase_closure1.call(CallTestCaseKeyword.groovy)
	at com.kms.katalon.core.keyword.internal.KeywordMain.runKeyword(KeywordMain.groovy:68)
	at com.kms.katalon.core.keyword.builtin.CallTestCaseKeyword.callTestCase(CallTestCaseKeyword.groovy:81)
	at com.kms.katalon.core.keyword.builtin.CallTestCaseKeyword.execute(CallTestCaseKeyword.groovy:44)
	at com.kms.katalon.core.keyword.internal.KeywordExecutor.executeKeywordForPlatform(KeywordExecutor.groovy:73)
	at com.kms.katalon.core.keyword.BuiltinKeywords.callTestCase(BuiltinKeywords.groovy:334)
	at sayfalar.girisSayfasi.login(girisSayfasi.groovy:50)
	at ✽.Kullanıcı adı ELOGO6 ve Şifre 123456 olarak giriş yapılır(C:/Users/DELL/Documents/GitHub/EES_KatalonLogo/Include/features/e-Irsaliye/e-Irsaliye Araclari/e-Irsaliye Olusturma/Ekle/TCKN-Temel Irsaliye-Sevk Tipinde.feature:4)
Caused by: com.kms.katalon.core.exception.StepFailedException: Unable to get the title of the current window
	at com.kms.katalon.core.webui.keyword.internal.WebUIKeywordMain.stepFailed(WebUIKeywordMain.groovy:64)
	at com.kms.katalon.core.webui.keyword.internal.WebUIKeywordMain.runKeyword(WebUIKeywordMain.groovy:26)
	at com.kms.katalon.core.webui.keyword.builtin.GetWindowTitleKeyword.getWindowTitle(GetWindowTitleKeyword.groovy:71)
	at com.kms.katalon.core.webui.keyword.builtin.GetWindowTitleKeyword.execute(GetWindowTitleKeyword.groovy:66)
	at com.kms.katalon.core.keyword.internal.KeywordExecutor.executeKeywordForPlatform(KeywordExecutor.groovy:73)
	at com.kms.katalon.core.webui.keyword.WebUiBuiltInKeywords.getWindowTitle(WebUiBuiltInKeywords.groovy:212)
	at com.kms.katalon.core.webui.keyword.WebUiBuiltInKeywords$getWindowTitle$1.call(Unknown Source)
	at Login.run(Login:22)
	at com.kms.katalon.core.main.ScriptEngine.run(ScriptEngine.java:194)
	at com.kms.katalon.core.main.ScriptEngine.runScriptAsRawText(ScriptEngine.java:119)
	at com.kms.katalon.core.main.TestCaseExecutor.runScript(TestCaseExecutor.java:369)
	at com.kms.katalon.core.main.TestCaseExecutor.doExecute(TestCaseExecutor.java:360)
	at com.kms.katalon.core.main.TestCaseExecutor.processExecutionPhase(TestCaseExecutor.java:339)
	at com.kms.katalon.core.main.TestCaseExecutor.accessMainPhase(TestCaseExecutor.java:331)
	at com.kms.katalon.core.main.TestCaseExecutor.execute(TestCaseExecutor.java:248)
	at com.kms.katalon.core.main.TestCaseMain.runTestCase(TestCaseMain.java:138)
	at com.kms.katalon.core.keyword.builtin.CallTestCaseKeyword$_callTestCase_closure1.doCall(CallTestCaseKeyword.groovy:59)
	at com.kms.katalon.core.keyword.builtin.CallTestCaseKeyword$_callTestCase_closure1.call(CallTestCaseKeyword.groovy)
	at com.kms.katalon.core.keyword.internal.KeywordMain.runKeyword(KeywordMain.groovy:68)
	at com.kms.katalon.core.keyword.builtin.CallTestCaseKeyword.callTestCase(CallTestCaseKeyword.groovy:81)
	at com.kms.katalon.core.keyword.builtin.CallTestCaseKeyword.execute(CallTestCaseKeyword.groovy:44)
	at com.kms.katalon.core.keyword.internal.KeywordExecutor.executeKeywordForPlatform(KeywordExecutor.groovy:73)
	at com.kms.katalon.core.keyword.BuiltinKeywords.callTestCase(BuiltinKeywords.groovy:334)
	at sayfalar.girisSayfasi.login(girisSayfasi.groovy:50)
	at cucumber.runtime.Utils$1.call(Utils.java:26)
	at cucumber.runtime.Timeout.timeout(Timeout.java:16)
	at cucumber.runtime.Utils.invoke(Utils.java:20)
	at cucumber.runtime.java.JavaStepDefinition.execute(JavaStepDefinition.java:49)
	at cucumber.runner.PickleStepDefinitionMatch.runStep(PickleStepDefinitionMatch.java:50)
	at cucumber.runner.TestStep.executeStep(TestStep.java:63)
	at cucumber.runner.TestStep.run(TestStep.java:49)
	at cucumber.runner.PickleStepTestStep.run(PickleStepTestStep.java:43)
	at cucumber.runner.TestCase.run(TestCase.java:44)
	at cucumber.runner.Runner.runPickle(Runner.java:40)
	at cucumber.runtime.Runtime$1.run(Runtime.java:84)
	at cucumber.runtime.Runtime$SameThreadExecutorService.execute(Runtime.java:220)
	at cucumber.runtime.Runtime.run(Runtime.java:81)
	at cucumber.api.cli.Main.run(Main.java:26)
	at cucumber.api.cli.Main$run.call(Unknown Source)
	at com.kms.katalon.core.cucumber.keyword.CucumberBuiltinKeywords$_runFeatureFile_closure1.doCall(CucumberBuiltinKeywords.groovy:106)
	at com.kms.katalon.core.cucumber.keyword.CucumberBuiltinKeywords$_runFeatureFile_closure1.doCall(CucumberBuiltinKeywords.groovy)
	at com.kms.katalon.core.keyword.internal.KeywordMain.runKeyword(KeywordMain.groovy:68)
	at com.kms.katalon.core.keyword.internal.KeywordMain$runKeyword.call(Unknown Source)
	at com.kms.katalon.core.cucumber.keyword.CucumberBuiltinKeywords.runFeatureFile(CucumberBuiltinKeywords.groovy:73)
	at com.kms.katalon.core.cucumber.keyword.CucumberBuiltinKeywords$runFeatureFile$0.callStatic(Unknown Source)
	at com.kms.katalon.core.cucumber.keyword.CucumberBuiltinKeywords.runFeatureFile(CucumberBuiltinKeywords.groovy:246)
	at com.kms.katalon.core.cucumber.keyword.CucumberBuiltinKeywords$runFeatureFile.call(Unknown Source)
	at TCKN-Temel Irsaliye-Sevk Tipinde.run(TCKN-Temel Irsaliye-Sevk Tipinde:17)
	at com.kms.katalon.core.main.ScriptEngine.run(ScriptEngine.java:194)
	at com.kms.katalon.core.main.ScriptEngine.runScriptAsRawText(ScriptEngine.java:119)
	at com.kms.katalon.core.main.TestCaseExecutor.runScript(TestCaseExecutor.java:369)
	at com.kms.katalon.core.main.TestCaseExecutor.doExecute(TestCaseExecutor.java:360)
	at com.kms.katalon.core.main.TestCaseExecutor.processExecutionPhase(TestCaseExecutor.java:339)
	at com.kms.katalon.core.main.TestCaseExecutor.accessMainPhase(TestCaseExecutor.java:331)
	at com.kms.katalon.core.main.TestCaseExecutor.execute(TestCaseExecutor.java:248)
	at com.kms.katalon.core.main.TestSuiteExecutor.accessTestCaseMainPhase(TestSuiteExecutor.java:191)
	at com.kms.katalon.core.main.TestSuiteExecutor.accessTestSuiteMainPhase(TestSuiteExecutor.java:140)
	at com.kms.katalon.core.main.TestSuiteExecutor.execute(TestSuiteExecutor.java:89)
	at com.kms.katalon.core.main.TestCaseMain.startTestSuite(TestCaseMain.java:181)
	at com.kms.katalon.core.main.TestCaseMain$startTestSuite$0.call(Unknown Source)
	at TempTestSuite1637222960690.run(TempTestSuite1637222960690.groovy:39)
Caused by: org.openqa.selenium.NoSuchSessionException: Session ID is null. Using WebDriver after calling quit()?
Build info: version: '3.141.59', revision: 'e82be7d358', time: '2018-11-14T08:25:53'
System info: host: 'DESKTOP-QBVMTUG', ip: '192.168.1.24', os.name: 'Windows 10', os.arch: 'amd64', os.version: '10.0', java.version: '1.8.0_282'
Driver info: driver.version: RemoteWebDriver
	at org.openqa.selenium.remote.HttpCommandExecutor.execute(HttpCommandExecutor.java:125)
	at org.openqa.selenium.remote.service.DriverCommandExecutor.execute(DriverCommandExecutor.java:83)
	at org.openqa.selenium.remote.RemoteWebDriver.execute(RemoteWebDriver.java:552)
	at com.kms.katalon.selenium.driver.CChromeDriver.execute(CChromeDriver.java:19)
	at org.openqa.selenium.remote.RemoteWebDriver.execute(RemoteWebDriver.java:609)
	at org.openqa.selenium.remote.RemoteWebDriver.getTitle(RemoteWebDriver.java:281)
	at com.kms.katalon.core.webui.keyword.builtin.GetWindowTitleKeyword$_getWindowTitle_closure1.doCall(GetWindowTitleKeyword.groovy:73)
	at com.kms.katalon.core.webui.keyword.builtin.GetWindowTitleKeyword$_getWindowTitle_closure1.call(GetWindowTitleKeyword.groovy)
	at com.kms.katalon.core.webui.keyword.internal.WebUIKeywordMain.runKeyword(WebUIKeywordMain.groovy:20)
	... 59 more


2021-11-18 11:15:03 - [TEST_STEP][FAILED] - Kullanıcı adı ELOGO6 ve Şifre 123456 olarak giriş yapılır: Kullanıcı adı ELOGO6 ve Şifre 123456 olarak giriş yapılır FAILED.
Reason:
com.kms.katalon.core.exception.StepFailedException: Call Test Case 'Test Cases/Sayfalar/Giris_Sayfasi/Login' failed
	at com.kms.katalon.core.keyword.builtin.CallTestCaseKeyword$_callTestCase_closure1.doCall(CallTestCaseKeyword.groovy:63)
	at com.kms.katalon.core.keyword.builtin.CallTestCaseKeyword$_callTestCase_closure1.call(CallTestCaseKeyword.groovy)
	at com.kms.katalon.core.keyword.internal.KeywordMain.runKeyword(KeywordMain.groovy:68)
	at com.kms.katalon.core.keyword.builtin.CallTestCaseKeyword.callTestCase(CallTestCaseKeyword.groovy:81)
	at com.kms.katalon.core.keyword.builtin.CallTestCaseKeyword.execute(CallTestCaseKeyword.groovy:44)
	at com.kms.katalon.core.keyword.internal.KeywordExecutor.executeKeywordForPlatform(KeywordExecutor.groovy:73)
	at com.kms.katalon.core.keyword.BuiltinKeywords.callTestCase(BuiltinKeywords.groovy:334)
	at sayfalar.girisSayfasi.login(girisSayfasi.groovy:50)
	at ✽.Kullanıcı adı ELOGO6 ve Şifre 123456 olarak giriş yapılır(C:/Users/DELL/Documents/GitHub/EES_KatalonLogo/Include/features/e-Irsaliye/e-Irsaliye Araclari/e-Irsaliye Olusturma/Ekle/TCKN-Temel Irsaliye-Sevk Tipinde.feature:4)
Caused by: com.kms.katalon.core.exception.StepFailedException: Unable to get the title of the current window
	at com.kms.katalon.core.webui.keyword.internal.WebUIKeywordMain.stepFailed(WebUIKeywordMain.groovy:64)
	at com.kms.katalon.core.webui.keyword.internal.WebUIKeywordMain.runKeyword(WebUIKeywordMain.groovy:26)
	at com.kms.katalon.core.webui.keyword.builtin.GetWindowTitleKeyword.getWindowTitle(GetWindowTitleKeyword.groovy:71)
	at com.kms.katalon.core.webui.keyword.builtin.GetWindowTitleKeyword.execute(GetWindowTitleKeyword.groovy:66)
	at com.kms.katalon.core.keyword.internal.KeywordExecutor.executeKeywordForPlatform(KeywordExecutor.groovy:73)
	at com.kms.katalon.core.webui.keyword.WebUiBuiltInKeywords.getWindowTitle(WebUiBuiltInKeywords.groovy:212)
	at com.kms.katalon.core.webui.keyword.WebUiBuiltInKeywords$getWindowTitle$1.call(Unknown Source)
	at Login.run(Login:22)
	at com.kms.katalon.core.main.ScriptEngine.run(ScriptEngine.java:194)
	at com.kms.katalon.core.main.ScriptEngine.runScriptAsRawText(ScriptEngine.java:119)
	at com.kms.katalon.core.main.TestCaseExecutor.runScript(TestCaseExecutor.java:369)
	at com.kms.katalon.core.main.TestCaseExecutor.doExecute(TestCaseExecutor.java:360)
	at com.kms.katalon.core.main.TestCaseExecutor.processExecutionPhase(TestCaseExecutor.java:339)
	at com.kms.katalon.core.main.TestCaseExecutor.accessMainPhase(TestCaseExecutor.java:331)
	at com.kms.katalon.core.main.TestCaseExecutor.execute(TestCaseExecutor.java:248)
	at com.kms.katalon.core.main.TestCaseMain.runTestCase(TestCaseMain.java:138)
	at com.kms.katalon.core.keyword.builtin.CallTestCaseKeyword$_callTestCase_closure1.doCall(CallTestCaseKeyword.groovy:59)
	at com.kms.katalon.core.keyword.builtin.CallTestCaseKeyword$_callTestCase_closure1.call(CallTestCaseKeyword.groovy)
	at com.kms.katalon.core.keyword.internal.KeywordMain.runKeyword(KeywordMain.groovy:68)
	at com.kms.katalon.core.keyword.builtin.CallTestCaseKeyword.callTestCase(CallTestCaseKeyword.groovy:81)
	at com.kms.katalon.core.keyword.builtin.CallTestCaseKeyword.execute(CallTestCaseKeyword.groovy:44)
	at com.kms.katalon.core.keyword.internal.KeywordExecutor.executeKeywordForPlatform(KeywordExecutor.groovy:73)
	at com.kms.katalon.core.keyword.BuiltinKeywords.callTestCase(BuiltinKeywords.groovy:334)
	at sayfalar.girisSayfasi.login(girisSayfasi.groovy:50)
	at cucumber.runtime.Utils$1.call(Utils.java:26)
	at cucumber.runtime.Timeout.timeout(Timeout.java:16)
	at cucumber.runtime.Utils.invoke(Utils.java:20)
	at cucumber.runtime.java.JavaStepDefinition.execute(JavaStepDefinition.java:49)
	at cucumber.runner.PickleStepDefinitionMatch.runStep(PickleStepDefinitionMatch.java:50)
	at cucumber.runner.TestStep.executeStep(TestStep.java:63)
	at cucumber.runner.TestStep.run(TestStep.java:49)
	at cucumber.runner.PickleStepTestStep.run(PickleStepTestStep.java:43)
	at cucumber.runner.TestCase.run(TestCase.java:44)
	at cucumber.runner.Runner.runPickle(Runner.java:40)
	at cucumber.runtime.Runtime$1.run(Runtime.java:84)
	at cucumber.runtime.Runtime$SameThreadExecutorService.execute(Runtime.java:220)
	at cucumber.runtime.Runtime.run(Runtime.java:81)
	at cucumber.api.cli.Main.run(Main.java:26)
	at cucumber.api.cli.Main$run.call(Unknown Source)
	at com.kms.katalon.core.cucumber.keyword.CucumberBuiltinKeywords$_runFeatureFile_closure1.doCall(CucumberBuiltinKeywords.groovy:106)
	at com.kms.katalon.core.cucumber.keyword.CucumberBuiltinKeywords$_runFeatureFile_closure1.doCall(CucumberBuiltinKeywords.groovy)
	at com.kms.katalon.core.keyword.internal.KeywordMain.runKeyword(KeywordMain.groovy:68)
	at com.kms.katalon.core.keyword.internal.KeywordMain$runKeyword.call(Unknown Source)
	at com.kms.katalon.core.cucumber.keyword.CucumberBuiltinKeywords.runFeatureFile(CucumberBuiltinKeywords.groovy:73)
	at com.kms.katalon.core.cucumber.keyword.CucumberBuiltinKeywords$runFeatureFile$0.callStatic(Unknown Source)
	at com.kms.katalon.core.cucumber.keyword.CucumberBuiltinKeywords.runFeatureFile(CucumberBuiltinKeywords.groovy:246)
	at com.kms.katalon.core.cucumber.keyword.CucumberBuiltinKeywords$runFeatureFile.call(Unknown Source)
	at TCKN-Temel Irsaliye-Sevk Tipinde.run(TCKN-Temel Irsaliye-Sevk Tipinde:17)
	at com.kms.katalon.core.main.ScriptEngine.run(ScriptEngine.java:194)
	at com.kms.katalon.core.main.ScriptEngine.runScriptAsRawText(ScriptEngine.java:119)
	at com.kms.katalon.core.main.TestCaseExecutor.runScript(TestCaseExecutor.java:369)
	at com.kms.katalon.core.main.TestCaseExecutor.doExecute(TestCaseExecutor.java:360)
	at com.kms.katalon.core.main.TestCaseExecutor.processExecutionPhase(TestCaseExecutor.java:339)
	at com.kms.katalon.core.main.TestCaseExecutor.accessMainPhase(TestCaseExecutor.java:331)
	at com.kms.katalon.core.main.TestCaseExecutor.execute(TestCaseExecutor.java:248)
	at com.kms.katalon.core.main.TestSuiteExecutor.accessTestCaseMainPhase(TestSuiteExecutor.java:191)
	at com.kms.katalon.core.main.TestSuiteExecutor.accessTestSuiteMainPhase(TestSuiteExecutor.java:140)
	at com.kms.katalon.core.main.TestSuiteExecutor.execute(TestSuiteExecutor.java:89)
	at com.kms.katalon.core.main.TestCaseMain.startTestSuite(TestCaseMain.java:181)
	at com.kms.katalon.core.main.TestCaseMain$startTestSuite$0.call(Unknown Source)
	at TempTestSuite1637222960690.run(TempTestSuite1637222960690.groovy:39)
Caused by: org.openqa.selenium.NoSuchSessionException: Session ID is null. Using WebDriver after calling quit()?
Build info: version: '3.141.59', revision: 'e82be7d358', time: '2018-11-14T08:25:53'
System info: host: 'DESKTOP-QBVMTUG', ip: '192.168.1.24', os.name: 'Windows 10', os.arch: 'amd64', os.version: '10.0', java.version: '1.8.0_282'
Driver info: driver.version: RemoteWebDriver
	at org.openqa.selenium.remote.HttpCommandExecutor.execute(HttpCommandExecutor.java:125)
	at org.openqa.selenium.remote.service.DriverCommandExecutor.execute(DriverCommandExecutor.java:83)
	at org.openqa.selenium.remote.RemoteWebDriver.execute(RemoteWebDriver.java:552)
	at com.kms.katalon.selenium.driver.CChromeDriver.execute(CChromeDriver.java:19)
	at org.openqa.selenium.remote.RemoteWebDriver.execute(RemoteWebDriver.java:609)
	at org.openqa.selenium.remote.RemoteWebDriver.getTitle(RemoteWebDriver.java:281)
	at com.kms.katalon.core.webui.keyword.builtin.GetWindowTitleKeyword$_getWindowTitle_closure1.doCall(GetWindowTitleKeyword.groovy:73)
	at com.kms.katalon.core.webui.keyword.builtin.GetWindowTitleKeyword$_getWindowTitle_closure1.call(GetWindowTitleKeyword.groovy)
	at com.kms.katalon.core.webui.keyword.internal.WebUIKeywordMain.runKeyword(WebUIKeywordMain.groovy:20)
	... 59 more


2021-11-18 11:15:03 - [MESSAGE][FAILED] - Kullanıcı adı ELOGO6 ve Şifre 123456 olarak giriş yapılır FAILED.
Reason:
com.kms.katalon.core.exception.StepFailedException: Call Test Case 'Test Cases/Sayfalar/Giris_Sayfasi/Login' failed
	at com.kms.katalon.core.keyword.builtin.CallTestCaseKeyword$_callTestCase_closure1.doCall(CallTestCaseKeyword.groovy:63)
	at com.kms.katalon.core.keyword.builtin.CallTestCaseKeyword$_callTestCase_closure1.call(CallTestCaseKeyword.groovy)
	at com.kms.katalon.core.keyword.internal.KeywordMain.runKeyword(KeywordMain.groovy:68)
	at com.kms.katalon.core.keyword.builtin.CallTestCaseKeyword.callTestCase(CallTestCaseKeyword.groovy:81)
	at com.kms.katalon.core.keyword.builtin.CallTestCaseKeyword.execute(CallTestCaseKeyword.groovy:44)
	at com.kms.katalon.core.keyword.internal.KeywordExecutor.executeKeywordForPlatform(KeywordExecutor.groovy:73)
	at com.kms.katalon.core.keyword.BuiltinKeywords.callTestCase(BuiltinKeywords.groovy:334)
	at sayfalar.girisSayfasi.login(girisSayfasi.groovy:50)
	at ✽.Kullanıcı adı ELOGO6 ve Şifre 123456 olarak giriş yapılır(C:/Users/DELL/Documents/GitHub/EES_KatalonLogo/Include/features/e-Irsaliye/e-Irsaliye Araclari/e-Irsaliye Olusturma/Ekle/TCKN-Temel Irsaliye-Sevk Tipinde.feature:4)
Caused by: com.kms.katalon.core.exception.StepFailedException: Unable to get the title of the current window
	at com.kms.katalon.core.webui.keyword.internal.WebUIKeywordMain.stepFailed(WebUIKeywordMain.groovy:64)
	at com.kms.katalon.core.webui.keyword.internal.WebUIKeywordMain.runKeyword(WebUIKeywordMain.groovy:26)
	at com.kms.katalon.core.webui.keyword.builtin.GetWindowTitleKeyword.getWindowTitle(GetWindowTitleKeyword.groovy:71)
	at com.kms.katalon.core.webui.keyword.builtin.GetWindowTitleKeyword.execute(GetWindowTitleKeyword.groovy:66)
	at com.kms.katalon.core.keyword.internal.KeywordExecutor.executeKeywordForPlatform(KeywordExecutor.groovy:73)
	at com.kms.katalon.core.webui.keyword.WebUiBuiltInKeywords.getWindowTitle(WebUiBuiltInKeywords.groovy:212)
	at com.kms.katalon.core.webui.keyword.WebUiBuiltInKeywords$getWindowTitle$1.call(Unknown Source)
	at Login.run(Login:22)
	at com.kms.katalon.core.main.ScriptEngine.run(ScriptEngine.java:194)
	at com.kms.katalon.core.main.ScriptEngine.runScriptAsRawText(ScriptEngine.java:119)
	at com.kms.katalon.core.main.TestCaseExecutor.runScript(TestCaseExecutor.java:369)
	at com.kms.katalon.core.main.TestCaseExecutor.doExecute(TestCaseExecutor.java:360)
	at com.kms.katalon.core.main.TestCaseExecutor.processExecutionPhase(TestCaseExecutor.java:339)
	at com.kms.katalon.core.main.TestCaseExecutor.accessMainPhase(TestCaseExecutor.java:331)
	at com.kms.katalon.core.main.TestCaseExecutor.execute(TestCaseExecutor.java:248)
	at com.kms.katalon.core.main.TestCaseMain.runTestCase(TestCaseMain.java:138)
	at com.kms.katalon.core.keyword.builtin.CallTestCaseKeyword$_callTestCase_closure1.doCall(CallTestCaseKeyword.groovy:59)
	at com.kms.katalon.core.keyword.builtin.CallTestCaseKeyword$_callTestCase_closure1.call(CallTestCaseKeyword.groovy)
	at com.kms.katalon.core.keyword.internal.KeywordMain.runKeyword(KeywordMain.groovy:68)
	at com.kms.katalon.core.keyword.builtin.CallTestCaseKeyword.callTestCase(CallTestCaseKeyword.groovy:81)
	at com.kms.katalon.core.keyword.builtin.CallTestCaseKeyword.execute(CallTestCaseKeyword.groovy:44)
	at com.kms.katalon.core.keyword.internal.KeywordExecutor.executeKeywordForPlatform(KeywordExecutor.groovy:73)
	at com.kms.katalon.core.keyword.BuiltinKeywords.callTestCase(BuiltinKeywords.groovy:334)
	at sayfalar.girisSayfasi.login(girisSayfasi.groovy:50)
	at cucumber.runtime.Utils$1.call(Utils.java:26)
	at cucumber.runtime.Timeout.timeout(Timeout.java:16)
	at cucumber.runtime.Utils.invoke(Utils.java:20)
	at cucumber.runtime.java.JavaStepDefinition.execute(JavaStepDefinition.java:49)
	at cucumber.runner.PickleStepDefinitionMatch.runStep(PickleStepDefinitionMatch.java:50)
	at cucumber.runner.TestStep.executeStep(TestStep.java:63)
	at cucumber.runner.TestStep.run(TestStep.java:49)
	at cucumber.runner.PickleStepTestStep.run(PickleStepTestStep.java:43)
	at cucumber.runner.TestCase.run(TestCase.java:44)
	at cucumber.runner.Runner.runPickle(Runner.java:40)
	at cucumber.runtime.Runtime$1.run(Runtime.java:84)
	at cucumber.runtime.Runtime$SameThreadExecutorService.execute(Runtime.java:220)
	at cucumber.runtime.Runtime.run(Runtime.java:81)
	at cucumber.api.cli.Main.run(Main.java:26)
	at cucumber.api.cli.Main$run.call(Unknown Source)
	at com.kms.katalon.core.cucumber.keyword.CucumberBuiltinKeywords$_runFeatureFile_closure1.doCall(CucumberBuiltinKeywords.groovy:106)
	at com.kms.katalon.core.cucumber.keyword.CucumberBuiltinKeywords$_runFeatureFile_closure1.doCall(CucumberBuiltinKeywords.groovy)
	at com.kms.katalon.core.keyword.internal.KeywordMain.runKeyword(KeywordMain.groovy:68)
	at com.kms.katalon.core.keyword.internal.KeywordMain$runKeyword.call(Unknown Source)
	at com.kms.katalon.core.cucumber.keyword.CucumberBuiltinKeywords.runFeatureFile(CucumberBuiltinKeywords.groovy:73)
	at com.kms.katalon.core.cucumber.keyword.CucumberBuiltinKeywords$runFeatureFile$0.callStatic(Unknown Source)
	at com.kms.katalon.core.cucumber.keyword.CucumberBuiltinKeywords.runFeatureFile(CucumberBuiltinKeywords.groovy:246)
	at com.kms.katalon.core.cucumber.keyword.CucumberBuiltinKeywords$runFeatureFile.call(Unknown Source)
	at TCKN-Temel Irsaliye-Sevk Tipinde.run(TCKN-Temel Irsaliye-Sevk Tipinde:17)
	at com.kms.katalon.core.main.ScriptEngine.run(ScriptEngine.java:194)
	at com.kms.katalon.core.main.ScriptEngine.runScriptAsRawText(ScriptEngine.java:119)
	at com.kms.katalon.core.main.TestCaseExecutor.runScript(TestCaseExecutor.java:369)
	at com.kms.katalon.core.main.TestCaseExecutor.doExecute(TestCaseExecutor.java:360)
	at com.kms.katalon.core.main.TestCaseExecutor.processExecutionPhase(TestCaseExecutor.java:339)
	at com.kms.katalon.core.main.TestCaseExecutor.accessMainPhase(TestCaseExecutor.java:331)
	at com.kms.katalon.core.main.TestCaseExecutor.execute(TestCaseExecutor.java:248)
	at com.kms.katalon.core.main.TestSuiteExecutor.accessTestCaseMainPhase(TestSuiteExecutor.java:191)
	at com.kms.katalon.core.main.TestSuiteExecutor.accessTestSuiteMainPhase(TestSuiteExecutor.java:140)
	at com.kms.katalon.core.main.TestSuiteExecutor.execute(TestSuiteExecutor.java:89)
	at com.kms.katalon.core.main.TestCaseMain.startTestSuite(TestCaseMain.java:181)
	at com.kms.katalon.core.main.TestCaseMain$startTestSuite$0.call(Unknown Source)
	at TempTestSuite1637222960690.run(TempTestSuite1637222960690.groovy:39)
Caused by: org.openqa.selenium.NoSuchSessionException: Session ID is null. Using WebDriver after calling quit()?
Build info: version: '3.141.59', revision: 'e82be7d358', time: '2018-11-14T08:25:53'
System info: host: 'DESKTOP-QBVMTUG', ip: '192.168.1.24', os.name: 'Windows 10', os.arch: 'amd64', os.version: '10.0', java.version: '1.8.0_282'
Driver info: driver.version: RemoteWebDriver
	at org.openqa.selenium.remote.HttpCommandExecutor.execute(HttpCommandExecutor.java:125)
	at org.openqa.selenium.remote.service.DriverCommandExecutor.execute(DriverCommandExecutor.java:83)
	at org.openqa.selenium.remote.RemoteWebDriver.execute(RemoteWebDriver.java:552)
	at com.kms.katalon.selenium.driver.CChromeDriver.execute(CChromeDriver.java:19)
	at org.openqa.selenium.remote.RemoteWebDriver.execute(RemoteWebDriver.java:609)
	at org.openqa.selenium.remote.RemoteWebDriver.getTitle(RemoteWebDriver.java:281)
	at com.kms.katalon.core.webui.keyword.builtin.GetWindowTitleKeyword$_getWindowTitle_closure1.doCall(GetWindowTitleKeyword.groovy:73)
	at com.kms.katalon.core.webui.keyword.builtin.GetWindowTitleKeyword$_getWindowTitle_closure1.call(GetWindowTitleKeyword.groovy)
	at com.kms.katalon.core.webui.keyword.internal.WebUIKeywordMain.runKeyword(WebUIKeywordMain.groovy:20)
	... 59 more


2021-11-18 11:15:03 - [TEST_STEP][NOT_RUN] - Ana menüden e-İrsaliye seçilir: Ana menüden e-İrsaliye seçilir

2021-11-18 11:15:03 - [MESSAGE][NOT_RUN] - Ana menüden e-İrsaliye seçilir

2021-11-18 11:15:03 - [TEST_STEP][NOT_RUN] - Alt menü e-İrsaliye Araçları başlığı altındaki e-İrsaliye Oluşturma seçilir: Alt menü e-İrsaliye Araçları başlığı altındaki e-İrsaliye Oluşturma seçilir

2021-11-18 11:15:03 - [MESSAGE][NOT_RUN] - Alt menü e-İrsaliye Araçları başlığı altındaki e-İrsaliye Oluşturma seçilir

2021-11-18 11:15:03 - [TEST_STEP][NOT_RUN] - Tablodaki tüm veriler silinir: Tablodaki tüm veriler silinir

2021-11-18 11:15:03 - [MESSAGE][NOT_RUN] - Tablodaki tüm veriler silinir

2021-11-18 11:15:03 - [TEST_STEP][NOT_RUN] - Butonlardan Ekle isimli butona tıklanır: Butonlardan Ekle isimli butona tıklanır

2021-11-18 11:15:03 - [MESSAGE][NOT_RUN] - Butonlardan Ekle isimli butona tıklanır

2021-11-18 11:15:03 - [TEST_STEP][NOT_RUN] - Görsel tasarım sayfasının İrsaliye Bilgileri başlığını içerdiği kontrol edilir: Görsel tasarım sayfasının İrsaliye Bilgileri başlığını içerdiği kontrol edilir

2021-11-18 11:15:03 - [MESSAGE][NOT_RUN] - Görsel tasarım sayfasının İrsaliye Bilgileri başlığını içerdiği kontrol edilir

2021-11-18 11:15:03 - [TEST_STEP][NOT_RUN] - Alıcı adı alanına UC0099 girilir: Alıcı adı alanına UC0099 girilir

2021-11-18 11:15:03 - [MESSAGE][NOT_RUN] - Alıcı adı alanına UC0099 girilir

2021-11-18 11:15:03 - [TEST_STEP][NOT_RUN] - Senaryo alanından Temel İrsaliye seçilir: Senaryo alanından Temel İrsaliye seçilir

2021-11-18 11:15:03 - [MESSAGE][NOT_RUN] - Senaryo alanından Temel İrsaliye seçilir

2021-11-18 11:15:03 - [TEST_STEP][NOT_RUN] - Farklı Teslimat Adres Tanımı adres,Türkiye,Isparta,Yalvaç,32400 olarak girilir: Farklı Teslimat Adres Tanımı adres,Türkiye,Isparta,Yalvaç,32400 olarak girilir

2021-11-18 11:15:03 - [MESSAGE][NOT_RUN] - Farklı Teslimat Adres Tanımı adres,Türkiye,Isparta,Yalvaç,32400 olarak girilir

2021-11-18 11:15:03 - [TEST_STEP][NOT_RUN] - Ekle butonuna basılır: Ekle butonuna basılır

2021-11-18 11:15:03 - [MESSAGE][NOT_RUN] - Ekle butonuna basılır

2021-11-18 11:15:03 - [TEST_STEP][NOT_RUN] - Ürün ekleme alanında Malzeme Adı başlığına Otomasyon girilir: Ürün ekleme alanında Malzeme Adı başlığına Otomasyon girilir

2021-11-18 11:15:03 - [MESSAGE][NOT_RUN] - Ürün ekleme alanında Malzeme Adı başlığına Otomasyon girilir

2021-11-18 11:15:03 - [TEST_STEP][NOT_RUN] - Ürün ekleme alanında Açıklaması başlığına Virgosol girilir: Ürün ekleme alanında Açıklaması başlığına Virgosol girilir

2021-11-18 11:15:03 - [MESSAGE][NOT_RUN] - Ürün ekleme alanında Açıklaması başlığına Virgosol girilir

2021-11-18 11:15:03 - [TEST_STEP][NOT_RUN] - Ürün ekleme alanında Miktarı başlığına 350 girilir: Ürün ekleme alanında Miktarı başlığına 350 girilir

2021-11-18 11:15:03 - [MESSAGE][NOT_RUN] - Ürün ekleme alanında Miktarı başlığına 350 girilir

2021-11-18 11:15:03 - [TEST_STEP][NOT_RUN] - Ürün ekleme alanında Birim Fiyat başlığına 150 girilir: Ürün ekleme alanında Birim Fiyat başlığına 150 girilir

2021-11-18 11:15:03 - [MESSAGE][NOT_RUN] - Ürün ekleme alanında Birim Fiyat başlığına 150 girilir

2021-11-18 11:15:03 - [TEST_STEP][NOT_RUN] - Şöför Bilgileri Virgosol,Otomasyon,11111111110 olarak girilir: Şöför Bilgileri Virgosol,Otomasyon,11111111110 olarak girilir

2021-11-18 11:15:03 - [MESSAGE][NOT_RUN] - Şöför Bilgileri Virgosol,Otomasyon,11111111110 olarak girilir

2021-11-18 11:15:03 - [TEST_STEP][NOT_RUN] - Notlar alanına Otomasyon Gerçek Kullanıcı girilir: Notlar alanına Otomasyon Gerçek Kullanıcı girilir

2021-11-18 11:15:03 - [MESSAGE][NOT_RUN] - Notlar alanına Otomasyon Gerçek Kullanıcı girilir

2021-11-18 11:15:03 - [TEST_STEP][NOT_RUN] - E-Irsaliye Ettn bilgisi kayıt edilir: E-Irsaliye Ettn bilgisi kayıt edilir

2021-11-18 11:15:03 - [MESSAGE][NOT_RUN] - E-Irsaliye Ettn bilgisi kayıt edilir

2021-11-18 11:15:03 - [TEST_STEP][NOT_RUN] - Kaydet butonu seçilir: Kaydet butonu seçilir

2021-11-18 11:15:03 - [MESSAGE][NOT_RUN] - Kaydet butonu seçilir

2021-11-18 11:15:03 - [TEST_STEP][NOT_RUN] - Tabloda Test Kurum 6 ünvanlı veri oluşturuldu mu: Tabloda Test Kurum 6 ünvanlı veri oluşturuldu mu

2021-11-18 11:15:03 - [MESSAGE][NOT_RUN] - Tabloda Test Kurum 6 ünvanlı veri oluşturuldu mu

2021-11-18 11:15:03 - [TEST_STEP][NOT_RUN] - Tablodan Test Kurum 6 isimli veri seçilir: Tablodan Test Kurum 6 isimli veri seçilir

2021-11-18 11:15:03 - [MESSAGE][NOT_RUN] - Tablodan Test Kurum 6 isimli veri seçilir

2021-11-18 11:15:03 - [TEST_STEP][NOT_RUN] - Butonlardan Değiştir isimli butona tıklanır: Butonlardan Değiştir isimli butona tıklanır

2021-11-18 11:15:03 - [MESSAGE][NOT_RUN] - Butonlardan Değiştir isimli butona tıklanır

2021-11-18 11:15:03 - [TEST_STEP][NOT_RUN] - Görsel tasarım sayfasının İrsaliye Bilgileri başlığını içerdiği kontrol edilir: Görsel tasarım sayfasının İrsaliye Bilgileri başlığını içerdiği kontrol edilir

2021-11-18 11:15:03 - [MESSAGE][NOT_RUN] - Görsel tasarım sayfasının İrsaliye Bilgileri başlığını içerdiği kontrol edilir

2021-11-18 11:15:03 - [TEST_STEP][NOT_RUN] - Notlar alanına Otomasyon Not Değiştir girilir: Notlar alanına Otomasyon Not Değiştir girilir

2021-11-18 11:15:03 - [MESSAGE][NOT_RUN] - Notlar alanına Otomasyon Not Değiştir girilir

2021-11-18 11:15:03 - [TEST_STEP][NOT_RUN] - Kaydet butonu seçilir: Kaydet butonu seçilir

2021-11-18 11:15:03 - [MESSAGE][NOT_RUN] - Kaydet butonu seçilir

2021-11-18 11:15:03 - [TEST_STEP][NOT_RUN] - Tabloda Test Kurum 6 ünvanlı veri oluşturuldu mu: Tabloda Test Kurum 6 ünvanlı veri oluşturuldu mu

2021-11-18 11:15:03 - [MESSAGE][NOT_RUN] - Tabloda Test Kurum 6 ünvanlı veri oluşturuldu mu

2021-11-18 11:15:03 - [TEST_STEP][NOT_RUN] - Tablodan Test Kurum 6 isimli veri seçilir: Tablodan Test Kurum 6 isimli veri seçilir

2021-11-18 11:15:03 - [MESSAGE][NOT_RUN] - Tablodan Test Kurum 6 isimli veri seçilir

2021-11-18 11:15:03 - [TEST_STEP][NOT_RUN] - Butonlardan Numara Oluştur isimli butona tıklanır: Butonlardan Numara Oluştur isimli butona tıklanır

2021-11-18 11:15:03 - [MESSAGE][NOT_RUN] - Butonlardan Numara Oluştur isimli butona tıklanır

2021-11-18 11:15:03 - [TEST_STEP][NOT_RUN] - Popup mesajı Devam etmek istiyor musunuz içeriyor mu: Popup mesajı Devam etmek istiyor musunuz içeriyor mu

2021-11-18 11:15:03 - [MESSAGE][NOT_RUN] - Popup mesajı Devam etmek istiyor musunuz içeriyor mu

2021-11-18 11:15:03 - [TEST_STEP][NOT_RUN] - Yönetim popupında Evet seçilir: Yönetim popupında Evet seçilir

2021-11-18 11:15:03 - [MESSAGE][NOT_RUN] - Yönetim popupında Evet seçilir

2021-11-18 11:15:03 - [TEST_STEP][NOT_RUN] - Popup mesajı oluşmuştur içeriyor mu: Popup mesajı oluşmuştur içeriyor mu

2021-11-18 11:15:03 - [MESSAGE][NOT_RUN] - Popup mesajı oluşmuştur içeriyor mu

2021-11-18 11:15:03 - [TEST_STEP][NOT_RUN] - Yönetim popupında Tamam seçilir: Yönetim popupında Tamam seçilir

2021-11-18 11:15:03 - [MESSAGE][NOT_RUN] - Yönetim popupında Tamam seçilir

2021-11-18 11:15:03 - [TEST_STEP][NOT_RUN] - Tablodan Test Kurum 6 isimli veri seçilir: Tablodan Test Kurum 6 isimli veri seçilir

2021-11-18 11:15:03 - [MESSAGE][NOT_RUN] - Tablodan Test Kurum 6 isimli veri seçilir

2021-11-18 11:15:03 - [TEST_STEP][NOT_RUN] - Butonlardan Göster isimli butona tıklanır: Butonlardan Göster isimli butona tıklanır

2021-11-18 11:15:03 - [MESSAGE][NOT_RUN] - Butonlardan Göster isimli butona tıklanır

2021-11-18 11:15:03 - [TEST_STEP][NOT_RUN] - Yeni açılan sekmeye geçilir: Yeni açılan sekmeye geçilir

2021-11-18 11:15:03 - [MESSAGE][NOT_RUN] - Yeni açılan sekmeye geçilir

2021-11-18 11:15:03 - [TEST_STEP][NOT_RUN] - Yeni sekme başlığında e-İRSALİYE var mı kontrol edilir: Yeni sekme başlığında e-İRSALİYE var mı kontrol edilir

2021-11-18 11:15:03 - [MESSAGE][NOT_RUN] - Yeni sekme başlığında e-İRSALİYE var mı kontrol edilir

2021-11-18 11:15:03 - [TEST_STEP][NOT_RUN] - Ana sekmeye geçilir: Ana sekmeye geçilir

2021-11-18 11:15:03 - [MESSAGE][NOT_RUN] - Ana sekmeye geçilir

2021-11-18 11:15:03 - [TEST_STEP][NOT_RUN] - Butonlardan UBL isimli butona tıklanır: Butonlardan UBL isimli butona tıklanır

2021-11-18 11:15:03 - [MESSAGE][NOT_RUN] - Butonlardan UBL isimli butona tıklanır

2021-11-18 11:15:03 - [TEST_STEP][NOT_RUN] - Yeni açılan sekmeye geçilir: Yeni açılan sekmeye geçilir

2021-11-18 11:15:03 - [MESSAGE][NOT_RUN] - Yeni açılan sekmeye geçilir

2021-11-18 11:15:03 - [TEST_STEP][NOT_RUN] - DespatchAdvice tagli ubl geldi mi: DespatchAdvice tagli ubl geldi mi

2021-11-18 11:15:03 - [MESSAGE][NOT_RUN] - DespatchAdvice tagli ubl geldi mi

2021-11-18 11:15:03 - [TEST_STEP][NOT_RUN] - Ana sekmeye geçilir: Ana sekmeye geçilir

2021-11-18 11:15:03 - [MESSAGE][NOT_RUN] - Ana sekmeye geçilir

2021-11-18 11:15:03 - [TEST_STEP][NOT_RUN] - Butonlardan Excel isimli butona tıklanır: Butonlardan Excel isimli butona tıklanır

2021-11-18 11:15:03 - [MESSAGE][NOT_RUN] - Butonlardan Excel isimli butona tıklanır

2021-11-18 11:15:03 - [TEST_STEP][NOT_RUN] - Alt butonlardan Excel'e Aktar butonuna tıklanır: Alt butonlardan Excel'e Aktar butonuna tıklanır

2021-11-18 11:15:03 - [MESSAGE][NOT_RUN] - Alt butonlardan Excel'e Aktar butonuna tıklanır

2021-11-18 11:15:03 - [TEST_STEP][NOT_RUN] - Ön eki İrsaliyeler olan dosya indirildi mi: Ön eki İrsaliyeler olan dosya indirildi mi

2021-11-18 11:15:03 - [MESSAGE][NOT_RUN] - Ön eki İrsaliyeler olan dosya indirildi mi

2021-11-18 11:15:03 - [TEST_STEP][NOT_RUN] - Butonlardan Excel isimli butona tıklanır: Butonlardan Excel isimli butona tıklanır

2021-11-18 11:15:03 - [MESSAGE][NOT_RUN] - Butonlardan Excel isimli butona tıklanır

2021-11-18 11:15:03 - [TEST_STEP][NOT_RUN] - Alt butonlardan Tümünü Excel'e Aktar butonuna tıklanır: Alt butonlardan Tümünü Excel'e Aktar butonuna tıklanır

2021-11-18 11:15:03 - [MESSAGE][NOT_RUN] - Alt butonlardan Tümünü Excel'e Aktar butonuna tıklanır

2021-11-18 11:15:03 - [TEST_STEP][NOT_RUN] - Ön eki İrsaliyeler olan dosya indirildi mi: Ön eki İrsaliyeler olan dosya indirildi mi

2021-11-18 11:15:03 - [MESSAGE][NOT_RUN] - Ön eki İrsaliyeler olan dosya indirildi mi

2021-11-18 11:15:03 - [TEST_STEP][NOT_RUN] - Butonlardan Gönder isimli butona tıklanır: Butonlardan Gönder isimli butona tıklanır

2021-11-18 11:15:03 - [MESSAGE][NOT_RUN] - Butonlardan Gönder isimli butona tıklanır

2021-11-18 11:15:03 - [TEST_STEP][NOT_RUN] - Popup mesajı Devam etmek istiyor musunuz içeriyor mu: Popup mesajı Devam etmek istiyor musunuz içeriyor mu

2021-11-18 11:15:03 - [MESSAGE][NOT_RUN] - Popup mesajı Devam etmek istiyor musunuz içeriyor mu

2021-11-18 11:15:03 - [TEST_STEP][NOT_RUN] - Yönetim popupında Evet seçilir: Yönetim popupında Evet seçilir

2021-11-18 11:15:03 - [MESSAGE][NOT_RUN] - Yönetim popupında Evet seçilir

2021-11-18 11:15:03 - [TEST_STEP][NOT_RUN] - Ana menüden e-İrsaliye seçilir: Ana menüden e-İrsaliye seçilir

2021-11-18 11:15:03 - [MESSAGE][NOT_RUN] - Ana menüden e-İrsaliye seçilir

2021-11-18 11:15:03 - [TEST_STEP][NOT_RUN] - Alt menü Giden Kutusu başlığı altındaki İrsaliyeler seçilir: Alt menü Giden Kutusu başlığı altındaki İrsaliyeler seçilir

2021-11-18 11:15:03 - [MESSAGE][NOT_RUN] - Alt menü Giden Kutusu başlığı altındaki İrsaliyeler seçilir

2021-11-18 11:15:03 - [TEST_STEP][NOT_RUN] - Filtrelerden Irsaliye Ettn filtresine Ettn bilgisi yaz: Filtrelerden Irsaliye Ettn filtresine Ettn bilgisi yaz

2021-11-18 11:15:03 - [MESSAGE][NOT_RUN] - Filtrelerden Irsaliye Ettn filtresine Ettn bilgisi yaz

2021-11-18 11:15:03 - [TEST_STEP][NOT_RUN] - Filtre butonlarından Listele seçilir: Filtre butonlarından Listele seçilir

2021-11-18 11:15:03 - [MESSAGE][NOT_RUN] - Filtre butonlarından Listele seçilir

2021-11-18 11:15:03 - [TEST_STEP][NOT_RUN] - Tabloda veri var mı kontrol edilir: Tabloda veri var mı kontrol edilir

2021-11-18 11:15:03 - [MESSAGE][NOT_RUN] - Tabloda veri var mı kontrol edilir

2021-11-18 11:15:03 - [TEST_STEP][NOT_RUN] - Tabloda yeni oluşturulan irsaliye verisi başarılı mı: Tabloda yeni oluşturulan irsaliye verisi başarılı mı

2021-11-18 11:15:03 - [MESSAGE][NOT_RUN] - Tabloda yeni oluşturulan irsaliye verisi başarılı mı

2021-11-18 11:15:03 - [TEST_STEP][NOT_RUN] - Kullanıcı işlemlerinden Çıkış seçilir: Kullanıcı işlemlerinden Çıkış seçilir

2021-11-18 11:15:03 - [MESSAGE][NOT_RUN] - Kullanıcı işlemlerinden Çıkış seçilir

2021-11-18 11:15:04 - [MESSAGE][FAILED] - Feature file 'Include/features/e-Irsaliye/e-Irsaliye Araclari/e-Irsaliye Olusturma/Ekle/TCKN-Temel Irsaliye-Sevk Tipinde.feature' was failed

2021-11-18 11:15:04 - [MESSAGE][FAILED] - Keyword runFeatureFile was failed (Root cause: com.kms.katalon.core.exception.StepFailedException: Feature file 'Include/features/e-Irsaliye/e-Irsaliye Araclari/e-Irsaliye Olusturma/Ekle/TCKN-Temel Irsaliye-Sevk Tipinde.feature' was failed
	at com.kms.katalon.core.keyword.internal.KeywordMain.stepFailed(KeywordMain.groovy:50)
	at com.kms.katalon.core.keyword.internal.KeywordMain.stepFailed(KeywordMain.groovy)
	at com.kms.katalon.core.keyword.internal.KeywordMain.stepFailed(KeywordMain.groovy:23)
	at com.kms.katalon.core.keyword.internal.KeywordMain$stepFailed$0.call(Unknown Source)
	at com.kms.katalon.core.cucumber.keyword.CucumberBuiltinKeywords$_runFeatureFile_closure1.doCall(CucumberBuiltinKeywords.groovy:112)
	at com.kms.katalon.core.cucumber.keyword.CucumberBuiltinKeywords$_runFeatureFile_closure1.doCall(CucumberBuiltinKeywords.groovy)
	at com.kms.katalon.core.keyword.internal.KeywordMain.runKeyword(KeywordMain.groovy:68)
	at com.kms.katalon.core.keyword.internal.KeywordMain$runKeyword.call(Unknown Source)
	at com.kms.katalon.core.cucumber.keyword.CucumberBuiltinKeywords.runFeatureFile(CucumberBuiltinKeywords.groovy:73)
	at com.kms.katalon.core.cucumber.keyword.CucumberBuiltinKeywords$runFeatureFile$0.callStatic(Unknown Source)
	at com.kms.katalon.core.cucumber.keyword.CucumberBuiltinKeywords.runFeatureFile(CucumberBuiltinKeywords.groovy:246)
	at com.kms.katalon.core.cucumber.keyword.CucumberBuiltinKeywords$runFeatureFile.call(Unknown Source)
	at TCKN-Temel Irsaliye-Sevk Tipinde.run(TCKN-Temel Irsaliye-Sevk Tipinde:17)
	at com.kms.katalon.core.main.ScriptEngine.run(ScriptEngine.java:194)
	at com.kms.katalon.core.main.ScriptEngine.runScriptAsRawText(ScriptEngine.java:119)
	at com.kms.katalon.core.main.TestCaseExecutor.runScript(TestCaseExecutor.java:369)
	at com.kms.katalon.core.main.TestCaseExecutor.doExecute(TestCaseExecutor.java:360)
	at com.kms.katalon.core.main.TestCaseExecutor.processExecutionPhase(TestCaseExecutor.java:339)
	at com.kms.katalon.core.main.TestCaseExecutor.accessMainPhase(TestCaseExecutor.java:331)
	at com.kms.katalon.core.main.TestCaseExecutor.execute(TestCaseExecutor.java:248)
	at com.kms.katalon.core.main.TestSuiteExecutor.accessTestCaseMainPhase(TestSuiteExecutor.java:191)
	at com.kms.katalon.core.main.TestSuiteExecutor.accessTestSuiteMainPhase(TestSuiteExecutor.java:140)
	at com.kms.katalon.core.main.TestSuiteExecutor.execute(TestSuiteExecutor.java:89)
	at com.kms.katalon.core.main.TestCaseMain.startTestSuite(TestCaseMain.java:181)
	at com.kms.katalon.core.main.TestCaseMain$startTestSuite$0.call(Unknown Source)
	at TempTestSuite1637222960690.run(TempTestSuite1637222960690.groovy:39)
)

2021-11-18 11:15:04 - [TEST_STEP][PASSED] - Start listener action : sampleAfterTestSuite: Invoke 'com.kms.katalon.core.annotation.AfterTestCase' method: 'Listener.sampleAfterTestSuite(...)' completed.

2021-11-18 11:15:04 - [MESSAGE][INFO] - Starting invoke 'com.kms.katalon.core.annotation.AfterTestCase' method: 'Listener.sampleAfterTestSuite(...)'

2021-11-18 11:15:04 - [TEST_STEP][PASSED] - closeBrowser(): Invoke 'com.kms.katalon.core.annotation.AfterTestCase' method: 'Listener.sampleAfterTestSuite(...)' completed.

2021-11-18 11:15:04 - [MESSAGE][INFO] - Closing browser

2021-11-18 11:15:04 - [MESSAGE][PASSED] - Browser is closed

2021-11-18 11:15:04 - [MESSAGE][INFO] - Invoke 'com.kms.katalon.core.annotation.AfterTestCase' method: 'Listener.sampleAfterTestSuite(...)' completed.]]></system-out>
         <system-err><![CDATA[2021-11-18 11:10:36 - [TEST_CASE][FAILED] - Test Cases/Case Repository/e-Irsaliye/e-Irsaliye Araclari/e-Irsaliye Olusturma/Ekle/TCKN-Temel Irsaliye-Sevk Tipinde: Test Cases/Case Repository/e-Irsaliye/e-Irsaliye Araclari/e-Irsaliye Olusturma/Ekle/TCKN-Temel Irsaliye-Sevk Tipinde FAILED.
Reason:
com.kms.katalon.core.exception.StepFailedException: Feature file 'Include/features/e-Irsaliye/e-Irsaliye Araclari/e-Irsaliye Olusturma/Ekle/TCKN-Temel Irsaliye-Sevk Tipinde.feature' was failed
	at com.kms.katalon.core.keyword.internal.KeywordMain.stepFailed(KeywordMain.groovy:50)
	at com.kms.katalon.core.keyword.internal.KeywordMain.stepFailed(KeywordMain.groovy)
	at com.kms.katalon.core.keyword.internal.KeywordMain.stepFailed(KeywordMain.groovy:23)
	at com.kms.katalon.core.keyword.internal.KeywordMain$stepFailed$0.call(Unknown Source)
	at com.kms.katalon.core.cucumber.keyword.CucumberBuiltinKeywords$_runFeatureFile_closure1.doCall(CucumberBuiltinKeywords.groovy:112)
	at com.kms.katalon.core.cucumber.keyword.CucumberBuiltinKeywords$_runFeatureFile_closure1.doCall(CucumberBuiltinKeywords.groovy)
	at com.kms.katalon.core.keyword.internal.KeywordMain.runKeyword(KeywordMain.groovy:68)
	at com.kms.katalon.core.keyword.internal.KeywordMain$runKeyword.call(Unknown Source)
	at com.kms.katalon.core.cucumber.keyword.CucumberBuiltinKeywords.runFeatureFile(CucumberBuiltinKeywords.groovy:73)
	at com.kms.katalon.core.cucumber.keyword.CucumberBuiltinKeywords$runFeatureFile$0.callStatic(Unknown Source)
	at com.kms.katalon.core.cucumber.keyword.CucumberBuiltinKeywords.runFeatureFile(CucumberBuiltinKeywords.groovy:246)
	at com.kms.katalon.core.cucumber.keyword.CucumberBuiltinKeywords$runFeatureFile.call(Unknown Source)
	at TCKN-Temel Irsaliye-Sevk Tipinde.run(TCKN-Temel Irsaliye-Sevk Tipinde:17)
	at com.kms.katalon.core.main.ScriptEngine.run(ScriptEngine.java:194)
	at com.kms.katalon.core.main.ScriptEngine.runScriptAsRawText(ScriptEngine.java:119)
	at com.kms.katalon.core.main.TestCaseExecutor.runScript(TestCaseExecutor.java:369)
	at com.kms.katalon.core.main.TestCaseExecutor.doExecute(TestCaseExecutor.java:360)
	at com.kms.katalon.core.main.TestCaseExecutor.processExecutionPhase(TestCaseExecutor.java:339)
	at com.kms.katalon.core.main.TestCaseExecutor.accessMainPhase(TestCaseExecutor.java:331)
	at com.kms.katalon.core.main.TestCaseExecutor.execute(TestCaseExecutor.java:248)
	at com.kms.katalon.core.main.TestSuiteExecutor.accessTestCaseMainPhase(TestSuiteExecutor.java:191)
	at com.kms.katalon.core.main.TestSuiteExecutor.accessTestSuiteMainPhase(TestSuiteExecutor.java:140)
	at com.kms.katalon.core.main.TestSuiteExecutor.execute(TestSuiteExecutor.java:89)
	at com.kms.katalon.core.main.TestCaseMain.startTestSuite(TestCaseMain.java:181)
	at com.kms.katalon.core.main.TestCaseMain$startTestSuite$0.call(Unknown Source)
	at TempTestSuite1637222960690.run(TempTestSuite1637222960690.groovy:39)]]></system-err>
      </testcase>
      <testcase name="Test Cases/Case Repository/e-Irsaliye/e-Irsaliye Araclari/e-Irsaliye Olusturma/Ekran Kontrolu" time="55.821" classname="Test Cases/Case Repository/e-Irsaliye/e-Irsaliye Araclari/e-Irsaliye Olusturma/Ekran Kontrolu" status="PASSED">
         <system-out><![CDATA[2021-11-18 11:15:04 - [TEST_CASE][PASSED] - Test Cases/Case Repository/e-Irsaliye/e-Irsaliye Araclari/e-Irsaliye Olusturma/Ekran Kontrolu: Test Cases/Case Repository/e-Irsaliye/e-Irsaliye Araclari/e-Irsaliye Olusturma/Ekran Kontrolu

2021-11-18 11:15:04 - [TEST_STEP][PASSED] - Start listener action : sampleBeforeTestSuite: Invoke 'com.kms.katalon.core.annotation.BeforeTestCase' method: 'Listener.sampleBeforeTestSuite(...)' completed.

2021-11-18 11:15:04 - [MESSAGE][INFO] - Starting invoke 'com.kms.katalon.core.annotation.BeforeTestCase' method: 'Listener.sampleBeforeTestSuite(...)'

2021-11-18 11:15:04 - [TEST_STEP][PASSED] - openBrowser(baseUrl): Browser is opened with url: 'https://efatura-stage.elogo.com.tr/'

2021-11-18 11:15:04 - [MESSAGE][INFO] - Opening browser

2021-11-18 11:15:04 - [MESSAGE][INFO] - Starting 'Chrome' driver

2021-11-18 11:15:04 - [MESSAGE][INFO] - User set preference: ['prefs', '{download.default_directory=C:\otomasyondownfiles}']

2021-11-18 11:15:04 - [MESSAGE][INFO] - Action delay is set to 0 milliseconds

2021-11-18 11:15:05 - [MESSAGE][INFO] - Navigating browser to: 'https://efatura-stage.elogo.com.tr/'

2021-11-18 11:15:07 - [MESSAGE][PASSED] - Browser is opened with url: 'https://efatura-stage.elogo.com.tr/'

2021-11-18 11:15:07 - [TEST_STEP][PASSED] - maximizeWindow(): Invoke 'com.kms.katalon.core.annotation.BeforeTestCase' method: 'Listener.sampleBeforeTestSuite(...)' completed.

2021-11-18 11:15:07 - [MESSAGE][INFO] - Maximizing current window

2021-11-18 11:15:07 - [MESSAGE][PASSED] - Current window maximized

2021-11-18 11:15:07 - [MESSAGE][INFO] - Invoke 'com.kms.katalon.core.annotation.BeforeTestCase' method: 'Listener.sampleBeforeTestSuite(...)' completed.

2021-11-18 11:15:08 - [TEST_STEP][PASSED] - runFeatureFile("Include/features/e-Irsaliye/e-Irsaliye Araclari/e-Irsaliye Olusturma/Ekran Kontrolu.feature"): Feature file: 'Include/features/e-Irsaliye/e-Irsaliye Araclari/e-Irsaliye Olusturma/Ekran Kontrolu.feature' was passed

2021-11-18 11:15:08 - [MESSAGE][INFO] - Starting run keyword runFeatureFile: 'Include/features/e-Irsaliye/e-Irsaliye Araclari/e-Irsaliye Olusturma/Ekran Kontrolu.feature' and extract report to folder: 'C:\Users\DELL\Documents\GitHub\EES_KatalonLogo\Reports\20211118_110909\Suite Repository\e-Irsaliye\20211118_110920/cucumber_report/1637223308492'...

2021-11-18 11:15:08 - [MESSAGE][INFO] - Glue: []

2021-11-18 11:15:10 - [MESSAGE][INFO] - Checking called Test Case

2021-11-18 11:15:10 - [MESSAGE][INFO] - Starting to call Test Case 'Test Cases/Sayfalar/Giris_Sayfasi/Login'

2021-11-18 11:15:10 - [TEST_CASE][PASSED] - Test Cases/Sayfalar/Giris_Sayfasi/Login: Test Cases/Sayfalar/Giris_Sayfasi/Login

2021-11-18 11:15:10 - [TEST_STEP][PASSED] - Sayfa_Basligi = getWindowTitle(): Current window's title is: 'LOGO e-Fatura'

2021-11-18 11:15:10 - [MESSAGE][INFO] - Getting current window's title

2021-11-18 11:15:10 - [MESSAGE][PASSED] - Current window's title is: 'LOGO e-Fatura'

2021-11-18 11:15:10 - [TEST_STEP][PASSED] - verifyMatch(Sayfa_Basligi, "LOGO e-Fatura", false): Actual text 'LOGO e-Fatura' and expected text 'LOGO e-Fatura' are matched 

2021-11-18 11:15:10 - [MESSAGE][INFO] - Matching actual text 'LOGO e-Fatura' with expected text 'LOGO e-Fatura'

2021-11-18 11:15:10 - [MESSAGE][PASSED] - Actual text 'LOGO e-Fatura' and expected text 'LOGO e-Fatura' are matched 

2021-11-18 11:15:10 - [TEST_STEP][PASSED] - sendKeys(findTestObject("Sayfalar/Giris_Sayfasi/Firma_Kodu"), KullaniciAdi): Keys 'ELOGO6' sent to object: 'Object Repository/Sayfalar/Giris_Sayfasi/Firma_Kodu'

2021-11-18 11:15:10 - [MESSAGE][INFO] - Finding Test Object 'Object Repository/Sayfalar/Giris_Sayfasi/Firma_Kodu'

2021-11-18 11:15:11 - [MESSAGE][INFO] - Sending keys 'ELOGO6' to object: 'Object Repository/Sayfalar/Giris_Sayfasi/Firma_Kodu'

2021-11-18 11:15:11 - [MESSAGE][INFO] - Finding web element from Test Object's properties

2021-11-18 11:15:11 - [MESSAGE][INFO] - Checking timeout

2021-11-18 11:15:11 - [MESSAGE][INFO] - Finding web element with id: 'Object Repository/Sayfalar/Giris_Sayfasi/Firma_Kodu' located by 'By.xpath: //*[@id = 'AccountName']' in '30' second(s)

2021-11-18 11:15:11 - [MESSAGE][INFO] - Smart Wait Function is triggered

2021-11-18 11:15:11 - [MESSAGE][INFO] - Found 1 web elements with id: 'Object Repository/Sayfalar/Giris_Sayfasi/Firma_Kodu' located by 'By.xpath: //*[@id = 'AccountName']' in '30' second(s)

2021-11-18 11:15:11 - [MESSAGE][PASSED] - Keys 'ELOGO6' sent to object: 'Object Repository/Sayfalar/Giris_Sayfasi/Firma_Kodu'

2021-11-18 11:15:11 - [TEST_STEP][PASSED] - sendKeys(findTestObject("Sayfalar/Giris_Sayfasi/Sifre"), Sifre): Keys '123456' sent to object: 'Object Repository/Sayfalar/Giris_Sayfasi/Sifre'

2021-11-18 11:15:11 - [MESSAGE][INFO] - Finding Test Object 'Object Repository/Sayfalar/Giris_Sayfasi/Sifre'

2021-11-18 11:15:11 - [MESSAGE][INFO] - Sending keys '123456' to object: 'Object Repository/Sayfalar/Giris_Sayfasi/Sifre'

2021-11-18 11:15:11 - [MESSAGE][INFO] - Finding web element from Test Object's properties

2021-11-18 11:15:11 - [MESSAGE][INFO] - Checking timeout

2021-11-18 11:15:11 - [MESSAGE][INFO] - Finding web element with id: 'Object Repository/Sayfalar/Giris_Sayfasi/Sifre' located by 'By.xpath: //*[@id = 'Password']' in '30' second(s)

2021-11-18 11:15:11 - [MESSAGE][INFO] - Smart Wait Function is triggered

2021-11-18 11:15:11 - [MESSAGE][INFO] - Found 1 web elements with id: 'Object Repository/Sayfalar/Giris_Sayfasi/Sifre' located by 'By.xpath: //*[@id = 'Password']' in '30' second(s)

2021-11-18 11:15:12 - [MESSAGE][PASSED] - Keys '123456' sent to object: 'Object Repository/Sayfalar/Giris_Sayfasi/Sifre'

2021-11-18 11:15:12 - [TEST_STEP][PASSED] - findWebElement(findTestObject("Sayfalar/Giris_Sayfasi/Giris_Butonu")).click(): Found 1 web elements with id: 'Object Repository/Sayfalar/Giris_Sayfasi/Giris_Butonu' located by 'By.cssSelector: #btnLogin' in '30' second(s)

2021-11-18 11:15:12 - [MESSAGE][INFO] - Finding Test Object 'Object Repository/Sayfalar/Giris_Sayfasi/Giris_Butonu'

2021-11-18 11:15:12 - [MESSAGE][INFO] - Finding web element from Test Object's properties

2021-11-18 11:15:12 - [MESSAGE][INFO] - Checking timeout

2021-11-18 11:15:12 - [MESSAGE][INFO] - Finding web element with id: 'Object Repository/Sayfalar/Giris_Sayfasi/Giris_Butonu' located by 'By.cssSelector: #btnLogin' in '30' second(s)

2021-11-18 11:15:12 - [MESSAGE][INFO] - Smart Wait Function is triggered

2021-11-18 11:15:12 - [MESSAGE][INFO] - Found 1 web elements with id: 'Object Repository/Sayfalar/Giris_Sayfasi/Giris_Butonu' located by 'By.cssSelector: #btnLogin' in '30' second(s)

2021-11-18 11:15:15 - [TEST_STEP][PASSED] - if (verifyElementPresent(findTestObject("Object Repository/Sayfalar/Giris_Sayfasi/RetveTamam_Butonu"), 5, OPTIONAL)): null

2021-11-18 11:15:15 - [MESSAGE][INFO] - Finding Test Object 'Object Repository/Sayfalar/Giris_Sayfasi/RetveTamam_Butonu'

2021-11-18 11:15:15 - [MESSAGE][INFO] - Checking object

2021-11-18 11:15:15 - [MESSAGE][INFO] - Finding web element from Test Object's properties

2021-11-18 11:15:15 - [MESSAGE][INFO] - Checking timeout

2021-11-18 11:15:15 - [MESSAGE][INFO] - Finding web element with id: 'Object Repository/Sayfalar/Giris_Sayfasi/RetveTamam_Butonu' located by 'By.xpath: //*[@class = 'btn btn-default']' in '5' second(s)

2021-11-18 11:15:15 - [MESSAGE][INFO] - Smart Wait Function is triggered

2021-11-18 11:15:15 - [MESSAGE][INFO] - Found 1 web elements with id: 'Object Repository/Sayfalar/Giris_Sayfasi/RetveTamam_Butonu' located by 'By.xpath: //*[@class = 'btn btn-default']' in '5' second(s)

2021-11-18 11:15:15 - [MESSAGE][PASSED] - Object 'Object Repository/Sayfalar/Giris_Sayfasi/RetveTamam_Butonu' is present

2021-11-18 11:15:15 - [TEST_STEP][PASSED] - click(findTestObject("Object Repository/Sayfalar/Giris_Sayfasi/RetveTamam_Butonu")): Object: 'Object Repository/Sayfalar/Giris_Sayfasi/RetveTamam_Butonu' is clicked on

2021-11-18 11:15:15 - [MESSAGE][INFO] - Finding Test Object 'Object Repository/Sayfalar/Giris_Sayfasi/RetveTamam_Butonu'

2021-11-18 11:15:15 - [MESSAGE][INFO] - Checking object

2021-11-18 11:15:15 - [MESSAGE][INFO] - Finding web element from Test Object's properties

2021-11-18 11:15:15 - [MESSAGE][INFO] - Checking timeout

2021-11-18 11:15:15 - [MESSAGE][INFO] - Finding web element with id: 'Object Repository/Sayfalar/Giris_Sayfasi/RetveTamam_Butonu' located by 'By.xpath: //*[@class = 'btn btn-default']' in '30' second(s)

2021-11-18 11:15:15 - [MESSAGE][INFO] - Smart Wait Function is triggered

2021-11-18 11:15:16 - [MESSAGE][INFO] - Found 1 web elements with id: 'Object Repository/Sayfalar/Giris_Sayfasi/RetveTamam_Butonu' located by 'By.xpath: //*[@class = 'btn btn-default']' in '30' second(s)

2021-11-18 11:15:16 - [MESSAGE][INFO] - Clicking on object: 'Object Repository/Sayfalar/Giris_Sayfasi/RetveTamam_Butonu'

2021-11-18 11:15:16 - [MESSAGE][PASSED] - Object: 'Object Repository/Sayfalar/Giris_Sayfasi/RetveTamam_Butonu' is clicked on

2021-11-18 11:15:16 - [TEST_STEP][PASSED] - click(findTestObject("Object Repository/Sayfalar/Giris_Sayfasi/RetveTamam_Butonu")): Object: 'Object Repository/Sayfalar/Giris_Sayfasi/RetveTamam_Butonu' is clicked on

2021-11-18 11:15:16 - [MESSAGE][INFO] - Finding Test Object 'Object Repository/Sayfalar/Giris_Sayfasi/RetveTamam_Butonu'

2021-11-18 11:15:16 - [MESSAGE][INFO] - Checking object

2021-11-18 11:15:16 - [MESSAGE][INFO] - Finding web element from Test Object's properties

2021-11-18 11:15:16 - [MESSAGE][INFO] - Checking timeout

2021-11-18 11:15:16 - [MESSAGE][INFO] - Finding web element with id: 'Object Repository/Sayfalar/Giris_Sayfasi/RetveTamam_Butonu' located by 'By.xpath: //*[@class = 'btn btn-default']' in '30' second(s)

2021-11-18 11:15:16 - [MESSAGE][INFO] - Smart Wait Function is triggered

2021-11-18 11:15:32 - [MESSAGE][INFO] - Found 1 web elements with id: 'Object Repository/Sayfalar/Giris_Sayfasi/RetveTamam_Butonu' located by 'By.xpath: //*[@class = 'btn btn-default']' in '30' second(s)

2021-11-18 11:15:32 - [MESSAGE][INFO] - Clicking on object: 'Object Repository/Sayfalar/Giris_Sayfasi/RetveTamam_Butonu'

2021-11-18 11:15:32 - [MESSAGE][PASSED] - Object: 'Object Repository/Sayfalar/Giris_Sayfasi/RetveTamam_Butonu' is clicked on

2021-11-18 11:15:32 - [TEST_STEP][PASSED] - if (verifyElementPresent(findTestObject("Sayfalar/Giris_Sayfasi/PopupOK"), 5, OPTIONAL)): null

2021-11-18 11:15:32 - [MESSAGE][INFO] - Finding Test Object 'Object Repository/Sayfalar/Giris_Sayfasi/PopupOK'

2021-11-18 11:15:32 - [MESSAGE][INFO] - Checking object

2021-11-18 11:15:32 - [MESSAGE][INFO] - Finding web element from Test Object's properties

2021-11-18 11:15:32 - [MESSAGE][INFO] - Checking timeout

2021-11-18 11:15:32 - [MESSAGE][INFO] - Finding web element with id: 'Object Repository/Sayfalar/Giris_Sayfasi/PopupOK' located by 'By.cssSelector: .btn.btn-success' in '5' second(s)

2021-11-18 11:15:32 - [MESSAGE][INFO] - Smart Wait Function is triggered

2021-11-18 11:15:33 - [MESSAGE][INFO] - Found 1 web elements with id: 'Object Repository/Sayfalar/Giris_Sayfasi/PopupOK' located by 'By.cssSelector: .btn.btn-success' in '5' second(s)

2021-11-18 11:15:33 - [MESSAGE][PASSED] - Object 'Object Repository/Sayfalar/Giris_Sayfasi/PopupOK' is present

2021-11-18 11:15:33 - [TEST_STEP][PASSED] - click(findTestObject("Object Repository/Sayfalar/Giris_Sayfasi/PopupCarpiGiris")): Object: 'Object Repository/Sayfalar/Giris_Sayfasi/PopupCarpiGiris' is clicked on

2021-11-18 11:15:33 - [MESSAGE][INFO] - Finding Test Object 'Object Repository/Sayfalar/Giris_Sayfasi/PopupCarpiGiris'

2021-11-18 11:15:33 - [MESSAGE][INFO] - Checking object

2021-11-18 11:15:33 - [MESSAGE][INFO] - Finding web element from Test Object's properties

2021-11-18 11:15:33 - [MESSAGE][INFO] - Checking timeout

2021-11-18 11:15:33 - [MESSAGE][INFO] - Finding web element with id: 'Object Repository/Sayfalar/Giris_Sayfasi/PopupCarpiGiris' located by 'By.cssSelector: .bootbox-close-button.close' in '30' second(s)

2021-11-18 11:15:33 - [MESSAGE][INFO] - Smart Wait Function is triggered

2021-11-18 11:15:33 - [MESSAGE][INFO] - Found 1 web elements with id: 'Object Repository/Sayfalar/Giris_Sayfasi/PopupCarpiGiris' located by 'By.cssSelector: .bootbox-close-button.close' in '30' second(s)

2021-11-18 11:15:33 - [MESSAGE][INFO] - Clicking on object: 'Object Repository/Sayfalar/Giris_Sayfasi/PopupCarpiGiris'

2021-11-18 11:15:33 - [MESSAGE][PASSED] - Object: 'Object Repository/Sayfalar/Giris_Sayfasi/PopupCarpiGiris' is clicked on

2021-11-18 11:15:33 - [TEST_STEP][PASSED] - verifyElementVisible(findTestObject("Object Repository/Kullanici_Islemleri/KullaniciIslemleri")): Object 'Object Repository/Kullanici_Islemleri/KullaniciIslemleri' is visible

2021-11-18 11:15:33 - [MESSAGE][INFO] - Finding Test Object 'Object Repository/Kullanici_Islemleri/KullaniciIslemleri'

2021-11-18 11:15:33 - [MESSAGE][INFO] - Checking object

2021-11-18 11:15:33 - [MESSAGE][INFO] - Finding web element from Test Object's properties

2021-11-18 11:15:33 - [MESSAGE][INFO] - Checking timeout

2021-11-18 11:15:33 - [MESSAGE][INFO] - Finding web element with id: 'Object Repository/Kullanici_Islemleri/KullaniciIslemleri' located by 'By.cssSelector: .dropdown>a>img' in '30' second(s)

2021-11-18 11:15:33 - [MESSAGE][INFO] - Smart Wait Function is triggered

2021-11-18 11:15:34 - [MESSAGE][INFO] - Found 1 web elements with id: 'Object Repository/Kullanici_Islemleri/KullaniciIslemleri' located by 'By.cssSelector: .dropdown>a>img' in '30' second(s)

2021-11-18 11:15:34 - [MESSAGE][PASSED] - Object 'Object Repository/Kullanici_Islemleri/KullaniciIslemleri' is visible

2021-11-18 11:15:34 - [MESSAGE][PASSED] - Call Test Case 'Test Cases/Sayfalar/Giris_Sayfasi/Login' successfully

2021-11-18 11:15:34 - [MESSAGE][INFO] - Checking called Test Case

2021-11-18 11:15:34 - [MESSAGE][INFO] - Starting to call Test Case 'Test Cases/Menu/AnaMenuSecimi'

2021-11-18 11:15:34 - [TEST_CASE][PASSED] - Test Cases/Menu/AnaMenuSecimi: Test Cases/Menu/AnaMenuSecimi

2021-11-18 11:15:34 - [TEST_STEP][PASSED] - Method.TextDegerineEsitElementeTikla(findTestObject("Menu/Ana_Menu"), Ana_Menu): Method.TextDegerineEsitElementeTikla is PASSED

2021-11-18 11:15:34 - [MESSAGE][INFO] - Finding Test Object 'Object Repository/Menu/Ana_Menu'

2021-11-18 11:15:34 - [MESSAGE][INFO] - Checking timeout

2021-11-18 11:15:34 - [MESSAGE][INFO] - Finding web element with id: 'Object Repository/Menu/Ana_Menu' located by 'By.xpath: //*[@class = 'dropdown-toggle']' in '10' second(s)

2021-11-18 11:15:34 - [MESSAGE][INFO] - Smart Wait Function is triggered

2021-11-18 11:15:34 - [MESSAGE][INFO] - Found 14 web elements with id: 'Object Repository/Menu/Ana_Menu' located by 'By.xpath: //*[@class = 'dropdown-toggle']' in '10' second(s)

2021-11-18 11:15:35 - [MESSAGE][PASSED] - Method.TextDegerineEsitElementeTikla is PASSED

2021-11-18 11:15:35 - [MESSAGE][PASSED] - Call Test Case 'Test Cases/Menu/AnaMenuSecimi' successfully

2021-11-18 11:15:35 - [MESSAGE][INFO] - Checking called Test Case

2021-11-18 11:15:35 - [MESSAGE][INFO] - Starting to call Test Case 'Test Cases/Menu/BasligaGoreAltMenuSecimi'

2021-11-18 11:15:35 - [TEST_CASE][PASSED] - Test Cases/Menu/BasligaGoreAltMenuSecimi: Test Cases/Menu/BasligaGoreAltMenuSecimi

2021-11-18 11:15:35 - [TEST_STEP][PASSED] - Method.TextDegerineEsitElementinAltindakiTextDegerineEsitOlanaTikla(findTestObject("Menu/Menu_Basligi"), findTestObject("Menu/Basliga_Gore_Alt_Menu"), Baslik, Alt_Menu): Method.TextDegerineEsitElementinAltindakiTextDegerineEsitOlanaTikla is PASSED

2021-11-18 11:15:35 - [MESSAGE][INFO] - Finding Test Object 'Object Repository/Menu/Menu_Basligi'

2021-11-18 11:15:35 - [MESSAGE][INFO] - Finding Test Object 'Object Repository/Menu/Basliga_Gore_Alt_Menu'

2021-11-18 11:15:35 - [MESSAGE][INFO] - Checking timeout

2021-11-18 11:15:35 - [MESSAGE][INFO] - Finding web element with id: 'Object Repository/Menu/Menu_Basligi' located by 'By.xpath: //li[@class='dropdown dropdown-large open']//li[@class='dropdown-header']' in '10' second(s)

2021-11-18 11:15:35 - [MESSAGE][INFO] - Smart Wait Function is triggered

2021-11-18 11:15:35 - [MESSAGE][INFO] - Found 3 web elements with id: 'Object Repository/Menu/Menu_Basligi' located by 'By.xpath: //li[@class='dropdown dropdown-large open']//li[@class='dropdown-header']' in '10' second(s)

2021-11-18 11:15:35 - [MESSAGE][INFO] - Smart Wait Function is triggered

2021-11-18 11:15:39 - [MESSAGE][PASSED] - Method.TextDegerineEsitElementinAltindakiTextDegerineEsitOlanaTikla is PASSED

2021-11-18 11:15:39 - [MESSAGE][PASSED] - Call Test Case 'Test Cases/Menu/BasligaGoreAltMenuSecimi' successfully

2021-11-18 11:15:39 - [MESSAGE][INFO] - Checking called Test Case

2021-11-18 11:15:39 - [MESSAGE][INFO] - Starting to call Test Case 'Test Cases/Filtreler/FiltreVarMi'

2021-11-18 11:15:40 - [TEST_CASE][PASSED] - Test Cases/Filtreler/FiltreVarMi: Test Cases/Filtreler/FiltreVarMi

2021-11-18 11:15:40 - [TEST_STEP][PASSED] - Method.TextDegerineEsitElementVarMi(findTestObject("Filtreler/Basliklar"), Filtre_alan): Method.TextDegerineEsitElementVarMi is PASSED

2021-11-18 11:15:40 - [MESSAGE][INFO] - Finding Test Object 'Object Repository/Filtreler/Basliklar'

2021-11-18 11:15:40 - [MESSAGE][INFO] - Checking timeout

2021-11-18 11:15:40 - [MESSAGE][INFO] - Finding web element with id: 'Object Repository/Filtreler/Basliklar' located by 'By.cssSelector: .control-label.col-sm-4.paddingMarginRLC' in '10' second(s)

2021-11-18 11:15:40 - [MESSAGE][INFO] - Smart Wait Function is triggered

2021-11-18 11:15:41 - [MESSAGE][INFO] - Found 10 web elements with id: 'Object Repository/Filtreler/Basliklar' located by 'By.cssSelector: .control-label.col-sm-4.paddingMarginRLC' in '10' second(s)

2021-11-18 11:15:41 - [MESSAGE][PASSED] - Method.TextDegerineEsitElementVarMi is PASSED

2021-11-18 11:15:41 - [MESSAGE][PASSED] - Call Test Case 'Test Cases/Filtreler/FiltreVarMi' successfully

2021-11-18 11:15:41 - [MESSAGE][INFO] - Checking called Test Case

2021-11-18 11:15:41 - [MESSAGE][INFO] - Starting to call Test Case 'Test Cases/Filtreler/FiltreVarMi'

2021-11-18 11:15:41 - [TEST_CASE][PASSED] - Test Cases/Filtreler/FiltreVarMi: Test Cases/Filtreler/FiltreVarMi

2021-11-18 11:15:41 - [TEST_STEP][PASSED] - Method.TextDegerineEsitElementVarMi(findTestObject("Filtreler/Basliklar"), Filtre_alan): Method.TextDegerineEsitElementVarMi is PASSED

2021-11-18 11:15:41 - [MESSAGE][INFO] - Finding Test Object 'Object Repository/Filtreler/Basliklar'

2021-11-18 11:15:41 - [MESSAGE][INFO] - Checking timeout

2021-11-18 11:15:41 - [MESSAGE][INFO] - Finding web element with id: 'Object Repository/Filtreler/Basliklar' located by 'By.cssSelector: .control-label.col-sm-4.paddingMarginRLC' in '10' second(s)

2021-11-18 11:15:41 - [MESSAGE][INFO] - Smart Wait Function is triggered

2021-11-18 11:15:41 - [MESSAGE][INFO] - Found 10 web elements with id: 'Object Repository/Filtreler/Basliklar' located by 'By.cssSelector: .control-label.col-sm-4.paddingMarginRLC' in '10' second(s)

2021-11-18 11:15:41 - [MESSAGE][PASSED] - Method.TextDegerineEsitElementVarMi is PASSED

2021-11-18 11:15:41 - [MESSAGE][PASSED] - Call Test Case 'Test Cases/Filtreler/FiltreVarMi' successfully

2021-11-18 11:15:41 - [MESSAGE][INFO] - Checking called Test Case

2021-11-18 11:15:41 - [MESSAGE][INFO] - Starting to call Test Case 'Test Cases/Filtreler/FiltreVarMi'

2021-11-18 11:15:41 - [TEST_CASE][PASSED] - Test Cases/Filtreler/FiltreVarMi: Test Cases/Filtreler/FiltreVarMi

2021-11-18 11:15:41 - [TEST_STEP][PASSED] - Method.TextDegerineEsitElementVarMi(findTestObject("Filtreler/Basliklar"), Filtre_alan): Method.TextDegerineEsitElementVarMi is PASSED

2021-11-18 11:15:41 - [MESSAGE][INFO] - Finding Test Object 'Object Repository/Filtreler/Basliklar'

2021-11-18 11:15:41 - [MESSAGE][INFO] - Checking timeout

2021-11-18 11:15:41 - [MESSAGE][INFO] - Finding web element with id: 'Object Repository/Filtreler/Basliklar' located by 'By.cssSelector: .control-label.col-sm-4.paddingMarginRLC' in '10' second(s)

2021-11-18 11:15:41 - [MESSAGE][INFO] - Smart Wait Function is triggered

2021-11-18 11:15:42 - [MESSAGE][INFO] - Found 10 web elements with id: 'Object Repository/Filtreler/Basliklar' located by 'By.cssSelector: .control-label.col-sm-4.paddingMarginRLC' in '10' second(s)

2021-11-18 11:15:42 - [MESSAGE][PASSED] - Method.TextDegerineEsitElementVarMi is PASSED

2021-11-18 11:15:42 - [MESSAGE][PASSED] - Call Test Case 'Test Cases/Filtreler/FiltreVarMi' successfully

2021-11-18 11:15:42 - [MESSAGE][INFO] - Checking called Test Case

2021-11-18 11:15:42 - [MESSAGE][INFO] - Starting to call Test Case 'Test Cases/Filtreler/FiltreVarMi'

2021-11-18 11:15:42 - [TEST_CASE][PASSED] - Test Cases/Filtreler/FiltreVarMi: Test Cases/Filtreler/FiltreVarMi

2021-11-18 11:15:42 - [TEST_STEP][PASSED] - Method.TextDegerineEsitElementVarMi(findTestObject("Filtreler/Basliklar"), Filtre_alan): Method.TextDegerineEsitElementVarMi is PASSED

2021-11-18 11:15:42 - [MESSAGE][INFO] - Finding Test Object 'Object Repository/Filtreler/Basliklar'

2021-11-18 11:15:42 - [MESSAGE][INFO] - Checking timeout

2021-11-18 11:15:42 - [MESSAGE][INFO] - Finding web element with id: 'Object Repository/Filtreler/Basliklar' located by 'By.cssSelector: .control-label.col-sm-4.paddingMarginRLC' in '10' second(s)

2021-11-18 11:15:42 - [MESSAGE][INFO] - Smart Wait Function is triggered

2021-11-18 11:15:42 - [MESSAGE][INFO] - Found 10 web elements with id: 'Object Repository/Filtreler/Basliklar' located by 'By.cssSelector: .control-label.col-sm-4.paddingMarginRLC' in '10' second(s)

2021-11-18 11:15:42 - [MESSAGE][PASSED] - Method.TextDegerineEsitElementVarMi is PASSED

2021-11-18 11:15:42 - [MESSAGE][PASSED] - Call Test Case 'Test Cases/Filtreler/FiltreVarMi' successfully

2021-11-18 11:15:42 - [MESSAGE][INFO] - Checking called Test Case

2021-11-18 11:15:42 - [MESSAGE][INFO] - Starting to call Test Case 'Test Cases/Filtreler/FiltreVarMi'

2021-11-18 11:15:42 - [TEST_CASE][PASSED] - Test Cases/Filtreler/FiltreVarMi: Test Cases/Filtreler/FiltreVarMi

2021-11-18 11:15:42 - [TEST_STEP][PASSED] - Method.TextDegerineEsitElementVarMi(findTestObject("Filtreler/Basliklar"), Filtre_alan): Method.TextDegerineEsitElementVarMi is PASSED

2021-11-18 11:15:42 - [MESSAGE][INFO] - Finding Test Object 'Object Repository/Filtreler/Basliklar'

2021-11-18 11:15:42 - [MESSAGE][INFO] - Checking timeout

2021-11-18 11:15:42 - [MESSAGE][INFO] - Finding web element with id: 'Object Repository/Filtreler/Basliklar' located by 'By.cssSelector: .control-label.col-sm-4.paddingMarginRLC' in '10' second(s)

2021-11-18 11:15:42 - [MESSAGE][INFO] - Smart Wait Function is triggered

2021-11-18 11:15:42 - [MESSAGE][INFO] - Found 10 web elements with id: 'Object Repository/Filtreler/Basliklar' located by 'By.cssSelector: .control-label.col-sm-4.paddingMarginRLC' in '10' second(s)

2021-11-18 11:15:42 - [MESSAGE][PASSED] - Method.TextDegerineEsitElementVarMi is PASSED

2021-11-18 11:15:42 - [MESSAGE][PASSED] - Call Test Case 'Test Cases/Filtreler/FiltreVarMi' successfully

2021-11-18 11:15:42 - [MESSAGE][INFO] - Checking called Test Case

2021-11-18 11:15:42 - [MESSAGE][INFO] - Starting to call Test Case 'Test Cases/Filtreler/FiltreVarMi'

2021-11-18 11:15:43 - [TEST_CASE][PASSED] - Test Cases/Filtreler/FiltreVarMi: Test Cases/Filtreler/FiltreVarMi

2021-11-18 11:15:43 - [TEST_STEP][PASSED] - Method.TextDegerineEsitElementVarMi(findTestObject("Filtreler/Basliklar"), Filtre_alan): Method.TextDegerineEsitElementVarMi is PASSED

2021-11-18 11:15:43 - [MESSAGE][INFO] - Finding Test Object 'Object Repository/Filtreler/Basliklar'

2021-11-18 11:15:43 - [MESSAGE][INFO] - Checking timeout

2021-11-18 11:15:43 - [MESSAGE][INFO] - Finding web element with id: 'Object Repository/Filtreler/Basliklar' located by 'By.cssSelector: .control-label.col-sm-4.paddingMarginRLC' in '10' second(s)

2021-11-18 11:15:43 - [MESSAGE][INFO] - Smart Wait Function is triggered

2021-11-18 11:15:43 - [MESSAGE][INFO] - Found 10 web elements with id: 'Object Repository/Filtreler/Basliklar' located by 'By.cssSelector: .control-label.col-sm-4.paddingMarginRLC' in '10' second(s)

2021-11-18 11:15:43 - [MESSAGE][PASSED] - Method.TextDegerineEsitElementVarMi is PASSED

2021-11-18 11:15:43 - [MESSAGE][PASSED] - Call Test Case 'Test Cases/Filtreler/FiltreVarMi' successfully

2021-11-18 11:15:43 - [MESSAGE][INFO] - Checking called Test Case

2021-11-18 11:15:43 - [MESSAGE][INFO] - Starting to call Test Case 'Test Cases/Filtreler/FiltreVarMi'

2021-11-18 11:15:43 - [TEST_CASE][PASSED] - Test Cases/Filtreler/FiltreVarMi: Test Cases/Filtreler/FiltreVarMi

2021-11-18 11:15:43 - [TEST_STEP][PASSED] - Method.TextDegerineEsitElementVarMi(findTestObject("Filtreler/Basliklar"), Filtre_alan): Method.TextDegerineEsitElementVarMi is PASSED

2021-11-18 11:15:43 - [MESSAGE][INFO] - Finding Test Object 'Object Repository/Filtreler/Basliklar'

2021-11-18 11:15:43 - [MESSAGE][INFO] - Checking timeout

2021-11-18 11:15:43 - [MESSAGE][INFO] - Finding web element with id: 'Object Repository/Filtreler/Basliklar' located by 'By.cssSelector: .control-label.col-sm-4.paddingMarginRLC' in '10' second(s)

2021-11-18 11:15:43 - [MESSAGE][INFO] - Smart Wait Function is triggered

2021-11-18 11:15:43 - [MESSAGE][INFO] - Found 10 web elements with id: 'Object Repository/Filtreler/Basliklar' located by 'By.cssSelector: .control-label.col-sm-4.paddingMarginRLC' in '10' second(s)

2021-11-18 11:15:43 - [MESSAGE][PASSED] - Method.TextDegerineEsitElementVarMi is PASSED

2021-11-18 11:15:43 - [MESSAGE][PASSED] - Call Test Case 'Test Cases/Filtreler/FiltreVarMi' successfully

2021-11-18 11:15:43 - [MESSAGE][INFO] - Checking called Test Case

2021-11-18 11:15:43 - [MESSAGE][INFO] - Starting to call Test Case 'Test Cases/Filtreler/FiltreVarMi'

2021-11-18 11:15:44 - [TEST_CASE][PASSED] - Test Cases/Filtreler/FiltreVarMi: Test Cases/Filtreler/FiltreVarMi

2021-11-18 11:15:44 - [TEST_STEP][PASSED] - Method.TextDegerineEsitElementVarMi(findTestObject("Filtreler/Basliklar"), Filtre_alan): Method.TextDegerineEsitElementVarMi is PASSED

2021-11-18 11:15:44 - [MESSAGE][INFO] - Finding Test Object 'Object Repository/Filtreler/Basliklar'

2021-11-18 11:15:44 - [MESSAGE][INFO] - Checking timeout

2021-11-18 11:15:44 - [MESSAGE][INFO] - Finding web element with id: 'Object Repository/Filtreler/Basliklar' located by 'By.cssSelector: .control-label.col-sm-4.paddingMarginRLC' in '10' second(s)

2021-11-18 11:15:44 - [MESSAGE][INFO] - Smart Wait Function is triggered

2021-11-18 11:15:44 - [MESSAGE][INFO] - Found 10 web elements with id: 'Object Repository/Filtreler/Basliklar' located by 'By.cssSelector: .control-label.col-sm-4.paddingMarginRLC' in '10' second(s)

2021-11-18 11:15:44 - [MESSAGE][PASSED] - Method.TextDegerineEsitElementVarMi is PASSED

2021-11-18 11:15:44 - [MESSAGE][PASSED] - Call Test Case 'Test Cases/Filtreler/FiltreVarMi' successfully

2021-11-18 11:15:44 - [MESSAGE][INFO] - Checking called Test Case

2021-11-18 11:15:44 - [MESSAGE][INFO] - Starting to call Test Case 'Test Cases/Filtreler/FiltreVarMi'

2021-11-18 11:15:44 - [TEST_CASE][PASSED] - Test Cases/Filtreler/FiltreVarMi: Test Cases/Filtreler/FiltreVarMi

2021-11-18 11:15:44 - [TEST_STEP][PASSED] - Method.TextDegerineEsitElementVarMi(findTestObject("Filtreler/Basliklar"), Filtre_alan): Method.TextDegerineEsitElementVarMi is PASSED

2021-11-18 11:15:44 - [MESSAGE][INFO] - Finding Test Object 'Object Repository/Filtreler/Basliklar'

2021-11-18 11:15:44 - [MESSAGE][INFO] - Checking timeout

2021-11-18 11:15:44 - [MESSAGE][INFO] - Finding web element with id: 'Object Repository/Filtreler/Basliklar' located by 'By.cssSelector: .control-label.col-sm-4.paddingMarginRLC' in '10' second(s)

2021-11-18 11:15:44 - [MESSAGE][INFO] - Smart Wait Function is triggered

2021-11-18 11:15:44 - [MESSAGE][INFO] - Found 10 web elements with id: 'Object Repository/Filtreler/Basliklar' located by 'By.cssSelector: .control-label.col-sm-4.paddingMarginRLC' in '10' second(s)

2021-11-18 11:15:44 - [MESSAGE][PASSED] - Method.TextDegerineEsitElementVarMi is PASSED

2021-11-18 11:15:44 - [MESSAGE][PASSED] - Call Test Case 'Test Cases/Filtreler/FiltreVarMi' successfully

2021-11-18 11:15:44 - [MESSAGE][INFO] - Checking called Test Case

2021-11-18 11:15:44 - [MESSAGE][INFO] - Starting to call Test Case 'Test Cases/Filtreler/FiltreVarMi'

2021-11-18 11:15:44 - [TEST_CASE][PASSED] - Test Cases/Filtreler/FiltreVarMi: Test Cases/Filtreler/FiltreVarMi

2021-11-18 11:15:44 - [TEST_STEP][PASSED] - Method.TextDegerineEsitElementVarMi(findTestObject("Filtreler/Basliklar"), Filtre_alan): Method.TextDegerineEsitElementVarMi is PASSED

2021-11-18 11:15:44 - [MESSAGE][INFO] - Finding Test Object 'Object Repository/Filtreler/Basliklar'

2021-11-18 11:15:45 - [MESSAGE][INFO] - Checking timeout

2021-11-18 11:15:45 - [MESSAGE][INFO] - Finding web element with id: 'Object Repository/Filtreler/Basliklar' located by 'By.cssSelector: .control-label.col-sm-4.paddingMarginRLC' in '10' second(s)

2021-11-18 11:15:45 - [MESSAGE][INFO] - Smart Wait Function is triggered

2021-11-18 11:15:45 - [MESSAGE][INFO] - Found 10 web elements with id: 'Object Repository/Filtreler/Basliklar' located by 'By.cssSelector: .control-label.col-sm-4.paddingMarginRLC' in '10' second(s)

2021-11-18 11:15:45 - [MESSAGE][PASSED] - Method.TextDegerineEsitElementVarMi is PASSED

2021-11-18 11:15:45 - [MESSAGE][PASSED] - Call Test Case 'Test Cases/Filtreler/FiltreVarMi' successfully

2021-11-18 11:15:45 - [MESSAGE][INFO] - Checking called Test Case

2021-11-18 11:15:45 - [MESSAGE][INFO] - Starting to call Test Case 'Test Cases/Filtreler/ButonVarMi'

2021-11-18 11:15:45 - [TEST_CASE][PASSED] - Test Cases/Filtreler/ButonVarMi: Test Cases/Filtreler/ButonVarMi

2021-11-18 11:15:45 - [TEST_STEP][PASSED] - Method.TextDegerineEsitElementVarMi(findTestObject("Filtreler/Butonlar"), Filtre_Buton): Method.TextDegerineEsitElementVarMi is PASSED

2021-11-18 11:15:45 - [MESSAGE][INFO] - Finding Test Object 'Object Repository/Filtreler/Butonlar'

2021-11-18 11:15:46 - [MESSAGE][INFO] - Checking timeout

2021-11-18 11:15:46 - [MESSAGE][INFO] - Finding web element with id: 'Object Repository/Filtreler/Butonlar' located by 'By.cssSelector: .dxb>span' in '10' second(s)

2021-11-18 11:15:46 - [MESSAGE][INFO] - Smart Wait Function is triggered

2021-11-18 11:15:46 - [MESSAGE][INFO] - Found 2 web elements with id: 'Object Repository/Filtreler/Butonlar' located by 'By.cssSelector: .dxb>span' in '10' second(s)

2021-11-18 11:15:46 - [MESSAGE][PASSED] - Method.TextDegerineEsitElementVarMi is PASSED

2021-11-18 11:15:46 - [MESSAGE][PASSED] - Call Test Case 'Test Cases/Filtreler/ButonVarMi' successfully

2021-11-18 11:15:46 - [MESSAGE][INFO] - Checking called Test Case

2021-11-18 11:15:46 - [MESSAGE][INFO] - Starting to call Test Case 'Test Cases/Filtreler/ButonVarMi'

2021-11-18 11:15:46 - [TEST_CASE][PASSED] - Test Cases/Filtreler/ButonVarMi: Test Cases/Filtreler/ButonVarMi

2021-11-18 11:15:46 - [TEST_STEP][PASSED] - Method.TextDegerineEsitElementVarMi(findTestObject("Filtreler/Butonlar"), Filtre_Buton): Method.TextDegerineEsitElementVarMi is PASSED

2021-11-18 11:15:46 - [MESSAGE][INFO] - Finding Test Object 'Object Repository/Filtreler/Butonlar'

2021-11-18 11:15:46 - [MESSAGE][INFO] - Checking timeout

2021-11-18 11:15:46 - [MESSAGE][INFO] - Finding web element with id: 'Object Repository/Filtreler/Butonlar' located by 'By.cssSelector: .dxb>span' in '10' second(s)

2021-11-18 11:15:46 - [MESSAGE][INFO] - Smart Wait Function is triggered

2021-11-18 11:15:46 - [MESSAGE][INFO] - Found 2 web elements with id: 'Object Repository/Filtreler/Butonlar' located by 'By.cssSelector: .dxb>span' in '10' second(s)

2021-11-18 11:15:46 - [MESSAGE][PASSED] - Method.TextDegerineEsitElementVarMi is PASSED

2021-11-18 11:15:46 - [MESSAGE][PASSED] - Call Test Case 'Test Cases/Filtreler/ButonVarMi' successfully

2021-11-18 11:15:46 - [MESSAGE][INFO] - Checking called Test Case

2021-11-18 11:15:46 - [MESSAGE][INFO] - Starting to call Test Case 'Test Cases/Butonlar/ButonVarMi'

2021-11-18 11:15:46 - [TEST_CASE][PASSED] - Test Cases/Butonlar/ButonVarMi: Test Cases/Butonlar/ButonVarMi

2021-11-18 11:15:47 - [TEST_STEP][PASSED] - Method.TextDegerineEsitElementVarMi(findTestObject("Butonlar/Butonlar"), Buton): Method.TextDegerineEsitElementVarMi is PASSED

2021-11-18 11:15:47 - [MESSAGE][INFO] - Finding Test Object 'Object Repository/Butonlar/Butonlar'

2021-11-18 11:15:47 - [MESSAGE][INFO] - Checking timeout

2021-11-18 11:15:47 - [MESSAGE][INFO] - Finding web element with id: 'Object Repository/Butonlar/Butonlar' located by 'By.cssSelector: .panel.panel-default.text-center.footerPanel .btn,.btn.btn-primary.btnControls' in '10' second(s)

2021-11-18 11:15:47 - [MESSAGE][INFO] - Smart Wait Function is triggered

2021-11-18 11:15:47 - [MESSAGE][INFO] - Found 9 web elements with id: 'Object Repository/Butonlar/Butonlar' located by 'By.cssSelector: .panel.panel-default.text-center.footerPanel .btn,.btn.btn-primary.btnControls' in '10' second(s)

2021-11-18 11:15:47 - [MESSAGE][PASSED] - Method.TextDegerineEsitElementVarMi is PASSED

2021-11-18 11:15:47 - [MESSAGE][PASSED] - Call Test Case 'Test Cases/Butonlar/ButonVarMi' successfully

2021-11-18 11:15:47 - [MESSAGE][INFO] - Checking called Test Case

2021-11-18 11:15:47 - [MESSAGE][INFO] - Starting to call Test Case 'Test Cases/Butonlar/ButonVarMi'

2021-11-18 11:15:48 - [TEST_CASE][PASSED] - Test Cases/Butonlar/ButonVarMi: Test Cases/Butonlar/ButonVarMi

2021-11-18 11:15:48 - [TEST_STEP][PASSED] - Method.TextDegerineEsitElementVarMi(findTestObject("Butonlar/Butonlar"), Buton): Method.TextDegerineEsitElementVarMi is PASSED

2021-11-18 11:15:48 - [MESSAGE][INFO] - Finding Test Object 'Object Repository/Butonlar/Butonlar'

2021-11-18 11:15:48 - [MESSAGE][INFO] - Checking timeout

2021-11-18 11:15:48 - [MESSAGE][INFO] - Finding web element with id: 'Object Repository/Butonlar/Butonlar' located by 'By.cssSelector: .panel.panel-default.text-center.footerPanel .btn,.btn.btn-primary.btnControls' in '10' second(s)

2021-11-18 11:15:48 - [MESSAGE][INFO] - Smart Wait Function is triggered

2021-11-18 11:15:48 - [MESSAGE][INFO] - Found 9 web elements with id: 'Object Repository/Butonlar/Butonlar' located by 'By.cssSelector: .panel.panel-default.text-center.footerPanel .btn,.btn.btn-primary.btnControls' in '10' second(s)

2021-11-18 11:15:48 - [MESSAGE][PASSED] - Method.TextDegerineEsitElementVarMi is PASSED

2021-11-18 11:15:48 - [MESSAGE][PASSED] - Call Test Case 'Test Cases/Butonlar/ButonVarMi' successfully

2021-11-18 11:15:48 - [MESSAGE][INFO] - Checking called Test Case

2021-11-18 11:15:48 - [MESSAGE][INFO] - Starting to call Test Case 'Test Cases/Butonlar/ButonVarMi'

2021-11-18 11:15:48 - [TEST_CASE][PASSED] - Test Cases/Butonlar/ButonVarMi: Test Cases/Butonlar/ButonVarMi

2021-11-18 11:15:48 - [TEST_STEP][PASSED] - Method.TextDegerineEsitElementVarMi(findTestObject("Butonlar/Butonlar"), Buton): Method.TextDegerineEsitElementVarMi is PASSED

2021-11-18 11:15:48 - [MESSAGE][INFO] - Finding Test Object 'Object Repository/Butonlar/Butonlar'

2021-11-18 11:15:48 - [MESSAGE][INFO] - Checking timeout

2021-11-18 11:15:48 - [MESSAGE][INFO] - Finding web element with id: 'Object Repository/Butonlar/Butonlar' located by 'By.cssSelector: .panel.panel-default.text-center.footerPanel .btn,.btn.btn-primary.btnControls' in '10' second(s)

2021-11-18 11:15:48 - [MESSAGE][INFO] - Smart Wait Function is triggered

2021-11-18 11:15:48 - [MESSAGE][INFO] - Found 9 web elements with id: 'Object Repository/Butonlar/Butonlar' located by 'By.cssSelector: .panel.panel-default.text-center.footerPanel .btn,.btn.btn-primary.btnControls' in '10' second(s)

2021-11-18 11:15:49 - [MESSAGE][PASSED] - Method.TextDegerineEsitElementVarMi is PASSED

2021-11-18 11:15:49 - [MESSAGE][PASSED] - Call Test Case 'Test Cases/Butonlar/ButonVarMi' successfully

2021-11-18 11:15:49 - [MESSAGE][INFO] - Checking called Test Case

2021-11-18 11:15:49 - [MESSAGE][INFO] - Starting to call Test Case 'Test Cases/Butonlar/ButonVarMi'

2021-11-18 11:15:49 - [TEST_CASE][PASSED] - Test Cases/Butonlar/ButonVarMi: Test Cases/Butonlar/ButonVarMi

2021-11-18 11:15:49 - [TEST_STEP][PASSED] - Method.TextDegerineEsitElementVarMi(findTestObject("Butonlar/Butonlar"), Buton): Method.TextDegerineEsitElementVarMi is PASSED

2021-11-18 11:15:49 - [MESSAGE][INFO] - Finding Test Object 'Object Repository/Butonlar/Butonlar'

2021-11-18 11:15:49 - [MESSAGE][INFO] - Checking timeout

2021-11-18 11:15:49 - [MESSAGE][INFO] - Finding web element with id: 'Object Repository/Butonlar/Butonlar' located by 'By.cssSelector: .panel.panel-default.text-center.footerPanel .btn,.btn.btn-primary.btnControls' in '10' second(s)

2021-11-18 11:15:49 - [MESSAGE][INFO] - Smart Wait Function is triggered

2021-11-18 11:15:49 - [MESSAGE][INFO] - Found 9 web elements with id: 'Object Repository/Butonlar/Butonlar' located by 'By.cssSelector: .panel.panel-default.text-center.footerPanel .btn,.btn.btn-primary.btnControls' in '10' second(s)

2021-11-18 11:15:49 - [MESSAGE][PASSED] - Method.TextDegerineEsitElementVarMi is PASSED

2021-11-18 11:15:49 - [MESSAGE][PASSED] - Call Test Case 'Test Cases/Butonlar/ButonVarMi' successfully

2021-11-18 11:15:49 - [MESSAGE][INFO] - Checking called Test Case

2021-11-18 11:15:49 - [MESSAGE][INFO] - Starting to call Test Case 'Test Cases/Butonlar/ButonVarMi'

2021-11-18 11:15:49 - [TEST_CASE][PASSED] - Test Cases/Butonlar/ButonVarMi: Test Cases/Butonlar/ButonVarMi

2021-11-18 11:15:49 - [TEST_STEP][PASSED] - Method.TextDegerineEsitElementVarMi(findTestObject("Butonlar/Butonlar"), Buton): Method.TextDegerineEsitElementVarMi is PASSED

2021-11-18 11:15:49 - [MESSAGE][INFO] - Finding Test Object 'Object Repository/Butonlar/Butonlar'

2021-11-18 11:15:49 - [MESSAGE][INFO] - Checking timeout

2021-11-18 11:15:49 - [MESSAGE][INFO] - Finding web element with id: 'Object Repository/Butonlar/Butonlar' located by 'By.cssSelector: .panel.panel-default.text-center.footerPanel .btn,.btn.btn-primary.btnControls' in '10' second(s)

2021-11-18 11:15:49 - [MESSAGE][INFO] - Smart Wait Function is triggered

2021-11-18 11:15:49 - [MESSAGE][INFO] - Found 9 web elements with id: 'Object Repository/Butonlar/Butonlar' located by 'By.cssSelector: .panel.panel-default.text-center.footerPanel .btn,.btn.btn-primary.btnControls' in '10' second(s)

2021-11-18 11:15:50 - [MESSAGE][PASSED] - Method.TextDegerineEsitElementVarMi is PASSED

2021-11-18 11:15:50 - [MESSAGE][PASSED] - Call Test Case 'Test Cases/Butonlar/ButonVarMi' successfully

2021-11-18 11:15:50 - [MESSAGE][INFO] - Checking called Test Case

2021-11-18 11:15:50 - [MESSAGE][INFO] - Starting to call Test Case 'Test Cases/Butonlar/ButonVarMi'

2021-11-18 11:15:50 - [TEST_CASE][PASSED] - Test Cases/Butonlar/ButonVarMi: Test Cases/Butonlar/ButonVarMi

2021-11-18 11:15:50 - [TEST_STEP][PASSED] - Method.TextDegerineEsitElementVarMi(findTestObject("Butonlar/Butonlar"), Buton): Method.TextDegerineEsitElementVarMi is PASSED

2021-11-18 11:15:50 - [MESSAGE][INFO] - Finding Test Object 'Object Repository/Butonlar/Butonlar'

2021-11-18 11:15:50 - [MESSAGE][INFO] - Checking timeout

2021-11-18 11:15:50 - [MESSAGE][INFO] - Finding web element with id: 'Object Repository/Butonlar/Butonlar' located by 'By.cssSelector: .panel.panel-default.text-center.footerPanel .btn,.btn.btn-primary.btnControls' in '10' second(s)

2021-11-18 11:15:50 - [MESSAGE][INFO] - Smart Wait Function is triggered

2021-11-18 11:15:50 - [MESSAGE][INFO] - Found 9 web elements with id: 'Object Repository/Butonlar/Butonlar' located by 'By.cssSelector: .panel.panel-default.text-center.footerPanel .btn,.btn.btn-primary.btnControls' in '10' second(s)

2021-11-18 11:15:50 - [MESSAGE][PASSED] - Method.TextDegerineEsitElementVarMi is PASSED

2021-11-18 11:15:50 - [MESSAGE][PASSED] - Call Test Case 'Test Cases/Butonlar/ButonVarMi' successfully

2021-11-18 11:15:50 - [MESSAGE][INFO] - Checking called Test Case

2021-11-18 11:15:50 - [MESSAGE][INFO] - Starting to call Test Case 'Test Cases/Butonlar/ButonVarMi'

2021-11-18 11:15:50 - [TEST_CASE][PASSED] - Test Cases/Butonlar/ButonVarMi: Test Cases/Butonlar/ButonVarMi

2021-11-18 11:15:50 - [TEST_STEP][PASSED] - Method.TextDegerineEsitElementVarMi(findTestObject("Butonlar/Butonlar"), Buton): Method.TextDegerineEsitElementVarMi is PASSED

2021-11-18 11:15:50 - [MESSAGE][INFO] - Finding Test Object 'Object Repository/Butonlar/Butonlar'

2021-11-18 11:15:50 - [MESSAGE][INFO] - Checking timeout

2021-11-18 11:15:50 - [MESSAGE][INFO] - Finding web element with id: 'Object Repository/Butonlar/Butonlar' located by 'By.cssSelector: .panel.panel-default.text-center.footerPanel .btn,.btn.btn-primary.btnControls' in '10' second(s)

2021-11-18 11:15:50 - [MESSAGE][INFO] - Smart Wait Function is triggered

2021-11-18 11:15:51 - [MESSAGE][INFO] - Found 9 web elements with id: 'Object Repository/Butonlar/Butonlar' located by 'By.cssSelector: .panel.panel-default.text-center.footerPanel .btn,.btn.btn-primary.btnControls' in '10' second(s)

2021-11-18 11:15:51 - [MESSAGE][PASSED] - Method.TextDegerineEsitElementVarMi is PASSED

2021-11-18 11:15:51 - [MESSAGE][PASSED] - Call Test Case 'Test Cases/Butonlar/ButonVarMi' successfully

2021-11-18 11:15:51 - [MESSAGE][INFO] - Checking called Test Case

2021-11-18 11:15:51 - [MESSAGE][INFO] - Starting to call Test Case 'Test Cases/Butonlar/ButonVarMi'

2021-11-18 11:15:51 - [TEST_CASE][PASSED] - Test Cases/Butonlar/ButonVarMi: Test Cases/Butonlar/ButonVarMi

2021-11-18 11:15:51 - [TEST_STEP][PASSED] - Method.TextDegerineEsitElementVarMi(findTestObject("Butonlar/Butonlar"), Buton): Method.TextDegerineEsitElementVarMi is PASSED

2021-11-18 11:15:51 - [MESSAGE][INFO] - Finding Test Object 'Object Repository/Butonlar/Butonlar'

2021-11-18 11:15:51 - [MESSAGE][INFO] - Checking timeout

2021-11-18 11:15:51 - [MESSAGE][INFO] - Finding web element with id: 'Object Repository/Butonlar/Butonlar' located by 'By.cssSelector: .panel.panel-default.text-center.footerPanel .btn,.btn.btn-primary.btnControls' in '10' second(s)

2021-11-18 11:15:51 - [MESSAGE][INFO] - Smart Wait Function is triggered

2021-11-18 11:15:51 - [MESSAGE][INFO] - Found 9 web elements with id: 'Object Repository/Butonlar/Butonlar' located by 'By.cssSelector: .panel.panel-default.text-center.footerPanel .btn,.btn.btn-primary.btnControls' in '10' second(s)

2021-11-18 11:15:51 - [MESSAGE][PASSED] - Method.TextDegerineEsitElementVarMi is PASSED

2021-11-18 11:15:51 - [MESSAGE][PASSED] - Call Test Case 'Test Cases/Butonlar/ButonVarMi' successfully

2021-11-18 11:15:51 - [MESSAGE][INFO] - Checking called Test Case

2021-11-18 11:15:51 - [MESSAGE][INFO] - Starting to call Test Case 'Test Cases/Butonlar/ButonaTikla'

2021-11-18 11:15:51 - [TEST_CASE][PASSED] - Test Cases/Butonlar/ButonaTikla: Test Cases/Butonlar/ButonaTikla

2021-11-18 11:15:51 - [TEST_STEP][PASSED] - Method.TextDegerineEsitElementeTiklaEquals(findTestObject("Butonlar/Butonlar"), Buton_Adi): Method.TextDegerineEsitElementeTiklaEquals is PASSED

2021-11-18 11:15:51 - [MESSAGE][INFO] - Finding Test Object 'Object Repository/Butonlar/Butonlar'

2021-11-18 11:15:51 - [MESSAGE][INFO] - Checking timeout

2021-11-18 11:15:51 - [MESSAGE][INFO] - Finding web element with id: 'Object Repository/Butonlar/Butonlar' located by 'By.cssSelector: .panel.panel-default.text-center.footerPanel .btn,.btn.btn-primary.btnControls' in '10' second(s)

2021-11-18 11:15:51 - [MESSAGE][INFO] - Smart Wait Function is triggered

2021-11-18 11:15:52 - [MESSAGE][INFO] - Found 9 web elements with id: 'Object Repository/Butonlar/Butonlar' located by 'By.cssSelector: .panel.panel-default.text-center.footerPanel .btn,.btn.btn-primary.btnControls' in '10' second(s)

2021-11-18 11:15:52 - [MESSAGE][PASSED] - Method.TextDegerineEsitElementeTiklaEquals is PASSED

2021-11-18 11:15:52 - [MESSAGE][PASSED] - Call Test Case 'Test Cases/Butonlar/ButonaTikla' successfully

2021-11-18 11:15:52 - [MESSAGE][INFO] - Checking called Test Case

2021-11-18 11:15:52 - [MESSAGE][INFO] - Starting to call Test Case 'Test Cases/Butonlar/AltButonVarMi'

2021-11-18 11:15:52 - [TEST_CASE][PASSED] - Test Cases/Butonlar/AltButonVarMi: Test Cases/Butonlar/AltButonVarMi

2021-11-18 11:15:53 - [TEST_STEP][PASSED] - Method.TextDegerineEsitElementVarMi(findTestObject("Butonlar/AltButonlar"), AltButon): Method.TextDegerineEsitElementVarMi is PASSED

2021-11-18 11:15:53 - [MESSAGE][INFO] - Finding Test Object 'Object Repository/Butonlar/AltButonlar'

2021-11-18 11:15:53 - [MESSAGE][INFO] - Checking timeout

2021-11-18 11:15:53 - [MESSAGE][INFO] - Finding web element with id: 'Object Repository/Butonlar/AltButonlar' located by 'By.cssSelector: .btn-group.open li>a' in '10' second(s)

2021-11-18 11:15:53 - [MESSAGE][INFO] - Smart Wait Function is triggered

2021-11-18 11:15:53 - [MESSAGE][INFO] - Found 2 web elements with id: 'Object Repository/Butonlar/AltButonlar' located by 'By.cssSelector: .btn-group.open li>a' in '10' second(s)

2021-11-18 11:15:53 - [MESSAGE][PASSED] - Method.TextDegerineEsitElementVarMi is PASSED

2021-11-18 11:15:53 - [MESSAGE][PASSED] - Call Test Case 'Test Cases/Butonlar/AltButonVarMi' successfully

2021-11-18 11:15:53 - [MESSAGE][INFO] - Checking called Test Case

2021-11-18 11:15:53 - [MESSAGE][INFO] - Starting to call Test Case 'Test Cases/Butonlar/AltButonVarMi'

2021-11-18 11:15:53 - [TEST_CASE][PASSED] - Test Cases/Butonlar/AltButonVarMi: Test Cases/Butonlar/AltButonVarMi

2021-11-18 11:15:53 - [TEST_STEP][PASSED] - Method.TextDegerineEsitElementVarMi(findTestObject("Butonlar/AltButonlar"), AltButon): Method.TextDegerineEsitElementVarMi is PASSED

2021-11-18 11:15:53 - [MESSAGE][INFO] - Finding Test Object 'Object Repository/Butonlar/AltButonlar'

2021-11-18 11:15:53 - [MESSAGE][INFO] - Checking timeout

2021-11-18 11:15:53 - [MESSAGE][INFO] - Finding web element with id: 'Object Repository/Butonlar/AltButonlar' located by 'By.cssSelector: .btn-group.open li>a' in '10' second(s)

2021-11-18 11:15:53 - [MESSAGE][INFO] - Smart Wait Function is triggered

2021-11-18 11:15:54 - [MESSAGE][INFO] - Found 2 web elements with id: 'Object Repository/Butonlar/AltButonlar' located by 'By.cssSelector: .btn-group.open li>a' in '10' second(s)

2021-11-18 11:15:54 - [MESSAGE][PASSED] - Method.TextDegerineEsitElementVarMi is PASSED

2021-11-18 11:15:54 - [MESSAGE][PASSED] - Call Test Case 'Test Cases/Butonlar/AltButonVarMi' successfully

2021-11-18 11:15:54 - [MESSAGE][INFO] - Checking called Test Case

2021-11-18 11:15:54 - [MESSAGE][INFO] - Starting to call Test Case 'Test Cases/Kullanici_Islemleri/KullaniciIslemlerindenSecimYapilir'

2021-11-18 11:15:54 - [TEST_CASE][PASSED] - Test Cases/Kullanici_Islemleri/KullaniciIslemlerindenSecimYapilir: Test Cases/Kullanici_Islemleri/KullaniciIslemlerindenSecimYapilir

2021-11-18 11:15:54 - [TEST_STEP][PASSED] - waitForElementClickable(findTestObject("Object Repository/Kullanici_Islemleri/KullaniciIslemleri"), 10): Object 'Object Repository/Kullanici_Islemleri/KullaniciIslemleri' is clickable

2021-11-18 11:15:54 - [MESSAGE][INFO] - Finding Test Object 'Object Repository/Kullanici_Islemleri/KullaniciIslemleri'

2021-11-18 11:15:55 - [MESSAGE][INFO] - Checking object

2021-11-18 11:15:55 - [MESSAGE][INFO] - Checking timeout

2021-11-18 11:15:55 - [MESSAGE][INFO] - Finding web element from Test Object's properties

2021-11-18 11:15:55 - [MESSAGE][INFO] - Checking timeout

2021-11-18 11:15:55 - [MESSAGE][INFO] - Finding web element with id: 'Object Repository/Kullanici_Islemleri/KullaniciIslemleri' located by 'By.cssSelector: .dropdown>a>img' in '10' second(s)

2021-11-18 11:15:55 - [MESSAGE][INFO] - Smart Wait Function is triggered

2021-11-18 11:15:55 - [MESSAGE][INFO] - Found 1 web elements with id: 'Object Repository/Kullanici_Islemleri/KullaniciIslemleri' located by 'By.cssSelector: .dropdown>a>img' in '10' second(s)

2021-11-18 11:15:55 - [MESSAGE][PASSED] - Object 'Object Repository/Kullanici_Islemleri/KullaniciIslemleri' is clickable

2021-11-18 11:15:55 - [TEST_STEP][PASSED] - click(findTestObject("Object Repository/Kullanici_Islemleri/KullaniciIslemleri")): Object: 'Object Repository/Kullanici_Islemleri/KullaniciIslemleri' is clicked on

2021-11-18 11:15:55 - [MESSAGE][INFO] - Finding Test Object 'Object Repository/Kullanici_Islemleri/KullaniciIslemleri'

2021-11-18 11:15:55 - [MESSAGE][INFO] - Checking object

2021-11-18 11:15:55 - [MESSAGE][INFO] - Finding web element from Test Object's properties

2021-11-18 11:15:55 - [MESSAGE][INFO] - Checking timeout

2021-11-18 11:15:55 - [MESSAGE][INFO] - Finding web element with id: 'Object Repository/Kullanici_Islemleri/KullaniciIslemleri' located by 'By.cssSelector: .dropdown>a>img' in '30' second(s)

2021-11-18 11:15:55 - [MESSAGE][INFO] - Smart Wait Function is triggered

2021-11-18 11:15:55 - [MESSAGE][INFO] - Found 1 web elements with id: 'Object Repository/Kullanici_Islemleri/KullaniciIslemleri' located by 'By.cssSelector: .dropdown>a>img' in '30' second(s)

2021-11-18 11:15:55 - [MESSAGE][INFO] - Clicking on object: 'Object Repository/Kullanici_Islemleri/KullaniciIslemleri'

2021-11-18 11:15:55 - [MESSAGE][PASSED] - Object: 'Object Repository/Kullanici_Islemleri/KullaniciIslemleri' is clicked on

2021-11-18 11:15:55 - [TEST_STEP][PASSED] - Method.TextDegerineEsitElementeTikla(findTestObject("Object Repository/Kullanici_Islemleri/Secenekler"), Islem): Method.TextDegerineEsitElementeTikla is PASSED

2021-11-18 11:15:55 - [MESSAGE][INFO] - Finding Test Object 'Object Repository/Kullanici_Islemleri/Secenekler'

2021-11-18 11:15:55 - [MESSAGE][INFO] - Checking timeout

2021-11-18 11:15:55 - [MESSAGE][INFO] - Finding web element with id: 'Object Repository/Kullanici_Islemleri/Secenekler' located by 'By.cssSelector: .nav.navbar-nav.navbar-right li a' in '10' second(s)

2021-11-18 11:15:55 - [MESSAGE][INFO] - Smart Wait Function is triggered

2021-11-18 11:15:56 - [MESSAGE][INFO] - Found 22 web elements with id: 'Object Repository/Kullanici_Islemleri/Secenekler' located by 'By.cssSelector: .nav.navbar-nav.navbar-right li a' in '10' second(s)

2021-11-18 11:15:58 - [MESSAGE][PASSED] - Method.TextDegerineEsitElementeTikla is PASSED

2021-11-18 11:15:58 - [TEST_STEP][PASSED] - verifyElementNotPresent(findTestObject("Object Repository/Kullanici_Islemleri/Secenekler"), 10): Web element with id: 'Object Repository/Kullanici_Islemleri/Secenekler' located by 'By.cssSelector: .nav.navbar-nav.navbar-right li a' is not present after '10' second(s)

2021-11-18 11:15:58 - [MESSAGE][INFO] - Finding Test Object 'Object Repository/Kullanici_Islemleri/Secenekler'

2021-11-18 11:15:58 - [MESSAGE][INFO] - Checking object

2021-11-18 11:15:58 - [MESSAGE][INFO] - Checking timeout

2021-11-18 11:15:58 - [MESSAGE][INFO] - Finding web element with id: 'Object Repository/Kullanici_Islemleri/Secenekler' located by 'By.cssSelector: .nav.navbar-nav.navbar-right li a' in '10' second(s)

2021-11-18 11:15:58 - [MESSAGE][INFO] - Smart Wait Function is triggered

2021-11-18 11:15:59 - [MESSAGE][PASSED] - Web element with id: 'Object Repository/Kullanici_Islemleri/Secenekler' located by 'By.cssSelector: .nav.navbar-nav.navbar-right li a' is not present after '10' second(s)

2021-11-18 11:15:59 - [MESSAGE][PASSED] - Call Test Case 'Test Cases/Kullanici_Islemleri/KullaniciIslemlerindenSecimYapilir' successfully

2021-11-18 11:15:59 - [TEST_CASE][PASSED] - Start Test Case : SCENARIO e-Irsaliye Olusturma Buton Kontrolu: SCENARIO e-Irsaliye Olusturma Buton Kontrolu

2021-11-18 11:15:59 - [TEST_STEP][PASSED] - Kullanıcı adı ELOGO6 ve Şifre 123456 olarak giriş yapılır: Kullanıcı adı ELOGO6 ve Şifre 123456 olarak giriş yapılır

2021-11-18 11:15:59 - [MESSAGE][PASSED] - Kullanıcı adı ELOGO6 ve Şifre 123456 olarak giriş yapılır

2021-11-18 11:15:59 - [TEST_STEP][PASSED] - Ana menüden e-İrsaliye seçilir: Ana menüden e-İrsaliye seçilir

2021-11-18 11:15:59 - [MESSAGE][PASSED] - Ana menüden e-İrsaliye seçilir

2021-11-18 11:15:59 - [TEST_STEP][PASSED] - Alt menü e-İrsaliye Araçları başlığı altındaki e-İrsaliye Oluşturma seçilir: Alt menü e-İrsaliye Araçları başlığı altındaki e-İrsaliye Oluşturma seçilir

2021-11-18 11:15:59 - [MESSAGE][PASSED] - Alt menü e-İrsaliye Araçları başlığı altındaki e-İrsaliye Oluşturma seçilir

2021-11-18 11:15:59 - [TEST_STEP][PASSED] - Filtre alanlarında Durumu var mı: Filtre alanlarında Durumu var mı

2021-11-18 11:15:59 - [MESSAGE][PASSED] - Filtre alanlarında Durumu var mı

2021-11-18 11:15:59 - [TEST_STEP][PASSED] - Filtre alanlarında Oluşturma Tarihi var mı: Filtre alanlarında Oluşturma Tarihi var mı

2021-11-18 11:15:59 - [MESSAGE][PASSED] - Filtre alanlarında Oluşturma Tarihi var mı

2021-11-18 11:15:59 - [TEST_STEP][PASSED] - Filtre alanlarında Müşteri Bayi Kodu var mı: Filtre alanlarında Müşteri Bayi Kodu var mı

2021-11-18 11:15:59 - [MESSAGE][PASSED] - Filtre alanlarında Müşteri Bayi Kodu var mı

2021-11-18 11:15:59 - [TEST_STEP][PASSED] - Filtre alanlarında Tüm Hesaplar var mı: Filtre alanlarında Tüm Hesaplar var mı

2021-11-18 11:15:59 - [MESSAGE][PASSED] - Filtre alanlarında Tüm Hesaplar var mı

2021-11-18 11:15:59 - [TEST_STEP][PASSED] - Filtre alanlarında Alıcı Ünvanı var mı: Filtre alanlarında Alıcı Ünvanı var mı

2021-11-18 11:15:59 - [MESSAGE][PASSED] - Filtre alanlarında Alıcı Ünvanı var mı

2021-11-18 11:15:59 - [TEST_STEP][PASSED] - Filtre alanlarında İrsaliye Tarihi var mı: Filtre alanlarında İrsaliye Tarihi var mı

2021-11-18 11:15:59 - [MESSAGE][PASSED] - Filtre alanlarında İrsaliye Tarihi var mı

2021-11-18 11:15:59 - [TEST_STEP][PASSED] - Filtre alanlarında Toplam Tutar var mı: Filtre alanlarında Toplam Tutar var mı

2021-11-18 11:15:59 - [MESSAGE][PASSED] - Filtre alanlarında Toplam Tutar var mı

2021-11-18 11:15:59 - [TEST_STEP][PASSED] - Filtre alanlarında İrsaliye No var mı: Filtre alanlarında İrsaliye No var mı

2021-11-18 11:15:59 - [MESSAGE][PASSED] - Filtre alanlarında İrsaliye No var mı

2021-11-18 11:15:59 - [TEST_STEP][PASSED] - Filtre alanlarında İrsaliye ETTN var mı: Filtre alanlarında İrsaliye ETTN var mı

2021-11-18 11:15:59 - [MESSAGE][PASSED] - Filtre alanlarında İrsaliye ETTN var mı

2021-11-18 11:15:59 - [TEST_STEP][PASSED] - Filtre alanlarında Senaryo var mı: Filtre alanlarında Senaryo var mı

2021-11-18 11:15:59 - [MESSAGE][PASSED] - Filtre alanlarında Senaryo var mı

2021-11-18 11:15:59 - [TEST_STEP][PASSED] - Filtre butonlarında Listele var mı: Filtre butonlarında Listele var mı

2021-11-18 11:15:59 - [MESSAGE][PASSED] - Filtre butonlarında Listele var mı

2021-11-18 11:15:59 - [TEST_STEP][PASSED] - Filtre butonlarında Temizle var mı: Filtre butonlarında Temizle var mı

2021-11-18 11:15:59 - [MESSAGE][PASSED] - Filtre butonlarında Temizle var mı

2021-11-18 11:15:59 - [TEST_STEP][PASSED] - Butonlardan Ekle var mı: Butonlardan Ekle var mı

2021-11-18 11:15:59 - [MESSAGE][PASSED] - Butonlardan Ekle var mı

2021-11-18 11:15:59 - [TEST_STEP][PASSED] - Butonlardan Numara Oluştur var mı: Butonlardan Numara Oluştur var mı

2021-11-18 11:15:59 - [MESSAGE][PASSED] - Butonlardan Numara Oluştur var mı

2021-11-18 11:15:59 - [TEST_STEP][PASSED] - Butonlardan Gönder var mı: Butonlardan Gönder var mı

2021-11-18 11:15:59 - [MESSAGE][PASSED] - Butonlardan Gönder var mı

2021-11-18 11:15:59 - [TEST_STEP][PASSED] - Butonlardan Değiştir var mı: Butonlardan Değiştir var mı

2021-11-18 11:15:59 - [MESSAGE][PASSED] - Butonlardan Değiştir var mı

2021-11-18 11:15:59 - [TEST_STEP][PASSED] - Butonlardan Göster var mı: Butonlardan Göster var mı

2021-11-18 11:15:59 - [MESSAGE][PASSED] - Butonlardan Göster var mı

2021-11-18 11:15:59 - [TEST_STEP][PASSED] - Butonlardan UBL var mı: Butonlardan UBL var mı

2021-11-18 11:15:59 - [MESSAGE][PASSED] - Butonlardan UBL var mı

2021-11-18 11:15:59 - [TEST_STEP][PASSED] - Butonlardan Sil var mı: Butonlardan Sil var mı

2021-11-18 11:15:59 - [MESSAGE][PASSED] - Butonlardan Sil var mı

2021-11-18 11:15:59 - [TEST_STEP][PASSED] - Butonlardan Excel var mı: Butonlardan Excel var mı

2021-11-18 11:15:59 - [MESSAGE][PASSED] - Butonlardan Excel var mı

2021-11-18 11:15:59 - [TEST_STEP][PASSED] - Butonlardan Excel isimli butona tıklanır: Butonlardan Excel isimli butona tıklanır

2021-11-18 11:15:59 - [MESSAGE][PASSED] - Butonlardan Excel isimli butona tıklanır

2021-11-18 11:15:59 - [TEST_STEP][PASSED] - Alt butonlardan Excel'e Aktar var mı: Alt butonlardan Excel'e Aktar var mı

2021-11-18 11:15:59 - [MESSAGE][PASSED] - Alt butonlardan Excel'e Aktar var mı

2021-11-18 11:15:59 - [TEST_STEP][PASSED] - Alt butonlardan Tümünü Excel'e Aktar var mı: Alt butonlardan Tümünü Excel'e Aktar var mı

2021-11-18 11:15:59 - [MESSAGE][PASSED] - Alt butonlardan Tümünü Excel'e Aktar var mı

2021-11-18 11:15:59 - [TEST_STEP][PASSED] - Kullanıcı işlemlerinden Çıkış seçilir: Kullanıcı işlemlerinden Çıkış seçilir

2021-11-18 11:15:59 - [MESSAGE][PASSED] - Kullanıcı işlemlerinden Çıkış seçilir

2021-11-18 11:15:59 - [MESSAGE][PASSED] - Feature file: 'Include/features/e-Irsaliye/e-Irsaliye Araclari/e-Irsaliye Olusturma/Ekran Kontrolu.feature' was passed

2021-11-18 11:15:59 - [TEST_STEP][PASSED] - Start listener action : sampleAfterTestSuite: Invoke 'com.kms.katalon.core.annotation.AfterTestCase' method: 'Listener.sampleAfterTestSuite(...)' completed.

2021-11-18 11:15:59 - [MESSAGE][INFO] - Starting invoke 'com.kms.katalon.core.annotation.AfterTestCase' method: 'Listener.sampleAfterTestSuite(...)'

2021-11-18 11:15:59 - [TEST_STEP][PASSED] - closeBrowser(): Invoke 'com.kms.katalon.core.annotation.AfterTestCase' method: 'Listener.sampleAfterTestSuite(...)' completed.

2021-11-18 11:15:59 - [MESSAGE][INFO] - Closing browser

2021-11-18 11:15:59 - [MESSAGE][PASSED] - Browser is closed

2021-11-18 11:15:59 - [MESSAGE][INFO] - Invoke 'com.kms.katalon.core.annotation.AfterTestCase' method: 'Listener.sampleAfterTestSuite(...)' completed.]]></system-out>
         <system-err><![CDATA[]]></system-err>
      </testcase>
      <testcase name="Test Cases/Case Repository/e-Irsaliye/Gelen Kutusu/Irsaliye Yanitlari/Departman Ata_Geri Al" time="48.229" classname="Test Cases/Case Repository/e-Irsaliye/Gelen Kutusu/Irsaliye Yanitlari/Departman Ata_Geri Al" status="PASSED">
         <system-out><![CDATA[2021-11-18 11:15:59 - [TEST_CASE][PASSED] - Test Cases/Case Repository/e-Irsaliye/Gelen Kutusu/Irsaliye Yanitlari/Departman Ata_Geri Al: Test Cases/Case Repository/e-Irsaliye/Gelen Kutusu/Irsaliye Yanitlari/Departman Ata_Geri Al

2021-11-18 11:15:59 - [TEST_STEP][PASSED] - Start listener action : sampleBeforeTestSuite: Invoke 'com.kms.katalon.core.annotation.BeforeTestCase' method: 'Listener.sampleBeforeTestSuite(...)' completed.

2021-11-18 11:15:59 - [MESSAGE][INFO] - Starting invoke 'com.kms.katalon.core.annotation.BeforeTestCase' method: 'Listener.sampleBeforeTestSuite(...)'

2021-11-18 11:15:59 - [TEST_STEP][PASSED] - openBrowser(baseUrl): Browser is opened with url: 'https://efatura-stage.elogo.com.tr/'

2021-11-18 11:15:59 - [MESSAGE][INFO] - Opening browser

2021-11-18 11:15:59 - [MESSAGE][INFO] - Starting 'Chrome' driver

2021-11-18 11:15:59 - [MESSAGE][INFO] - User set preference: ['prefs', '{download.default_directory=C:\otomasyondownfiles}']

2021-11-18 11:15:59 - [MESSAGE][INFO] - Action delay is set to 0 milliseconds

2021-11-18 11:16:01 - [MESSAGE][INFO] - Navigating browser to: 'https://efatura-stage.elogo.com.tr/'

2021-11-18 11:16:04 - [MESSAGE][PASSED] - Browser is opened with url: 'https://efatura-stage.elogo.com.tr/'

2021-11-18 11:16:04 - [TEST_STEP][PASSED] - maximizeWindow(): Invoke 'com.kms.katalon.core.annotation.BeforeTestCase' method: 'Listener.sampleBeforeTestSuite(...)' completed.

2021-11-18 11:16:04 - [MESSAGE][INFO] - Maximizing current window

2021-11-18 11:16:04 - [MESSAGE][PASSED] - Current window maximized

2021-11-18 11:16:04 - [MESSAGE][INFO] - Invoke 'com.kms.katalon.core.annotation.BeforeTestCase' method: 'Listener.sampleBeforeTestSuite(...)' completed.

2021-11-18 11:16:05 - [TEST_STEP][PASSED] - runFeatureFile("Include/features/e-Irsaliye/Gelen Kutusu/Irsaliye Yanitlari/Departman Ata_Geri Al.feature"): Feature file: 'Include/features/e-Irsaliye/Gelen Kutusu/Irsaliye Yanitlari/Departman Ata_Geri Al.feature' was passed

2021-11-18 11:16:05 - [MESSAGE][INFO] - Starting run keyword runFeatureFile: 'Include/features/e-Irsaliye/Gelen Kutusu/Irsaliye Yanitlari/Departman Ata_Geri Al.feature' and extract report to folder: 'C:\Users\DELL\Documents\GitHub\EES_KatalonLogo\Reports\20211118_110909\Suite Repository\e-Irsaliye\20211118_110920/cucumber_report/1637223365645'...

2021-11-18 11:16:05 - [MESSAGE][INFO] - Glue: []

2021-11-18 11:16:07 - [MESSAGE][INFO] - Checking called Test Case

2021-11-18 11:16:07 - [MESSAGE][INFO] - Starting to call Test Case 'Test Cases/Sayfalar/Giris_Sayfasi/Login'

2021-11-18 11:16:07 - [TEST_CASE][PASSED] - Test Cases/Sayfalar/Giris_Sayfasi/Login: Test Cases/Sayfalar/Giris_Sayfasi/Login

2021-11-18 11:16:07 - [TEST_STEP][PASSED] - Sayfa_Basligi = getWindowTitle(): Current window's title is: 'LOGO e-Fatura'

2021-11-18 11:16:07 - [MESSAGE][INFO] - Getting current window's title

2021-11-18 11:16:07 - [MESSAGE][PASSED] - Current window's title is: 'LOGO e-Fatura'

2021-11-18 11:16:07 - [TEST_STEP][PASSED] - verifyMatch(Sayfa_Basligi, "LOGO e-Fatura", false): Actual text 'LOGO e-Fatura' and expected text 'LOGO e-Fatura' are matched 

2021-11-18 11:16:07 - [MESSAGE][INFO] - Matching actual text 'LOGO e-Fatura' with expected text 'LOGO e-Fatura'

2021-11-18 11:16:07 - [MESSAGE][PASSED] - Actual text 'LOGO e-Fatura' and expected text 'LOGO e-Fatura' are matched 

2021-11-18 11:16:07 - [TEST_STEP][PASSED] - sendKeys(findTestObject("Sayfalar/Giris_Sayfasi/Firma_Kodu"), KullaniciAdi): Keys 'ELOGO6' sent to object: 'Object Repository/Sayfalar/Giris_Sayfasi/Firma_Kodu'

2021-11-18 11:16:07 - [MESSAGE][INFO] - Finding Test Object 'Object Repository/Sayfalar/Giris_Sayfasi/Firma_Kodu'

2021-11-18 11:16:08 - [MESSAGE][INFO] - Sending keys 'ELOGO6' to object: 'Object Repository/Sayfalar/Giris_Sayfasi/Firma_Kodu'

2021-11-18 11:16:08 - [MESSAGE][INFO] - Finding web element from Test Object's properties

2021-11-18 11:16:08 - [MESSAGE][INFO] - Checking timeout

2021-11-18 11:16:08 - [MESSAGE][INFO] - Finding web element with id: 'Object Repository/Sayfalar/Giris_Sayfasi/Firma_Kodu' located by 'By.xpath: //*[@id = 'AccountName']' in '30' second(s)

2021-11-18 11:16:08 - [MESSAGE][INFO] - Smart Wait Function is triggered

2021-11-18 11:16:08 - [MESSAGE][INFO] - Found 1 web elements with id: 'Object Repository/Sayfalar/Giris_Sayfasi/Firma_Kodu' located by 'By.xpath: //*[@id = 'AccountName']' in '30' second(s)

2021-11-18 11:16:08 - [MESSAGE][PASSED] - Keys 'ELOGO6' sent to object: 'Object Repository/Sayfalar/Giris_Sayfasi/Firma_Kodu'

2021-11-18 11:16:08 - [TEST_STEP][PASSED] - sendKeys(findTestObject("Sayfalar/Giris_Sayfasi/Sifre"), Sifre): Keys '123456' sent to object: 'Object Repository/Sayfalar/Giris_Sayfasi/Sifre'

2021-11-18 11:16:08 - [MESSAGE][INFO] - Finding Test Object 'Object Repository/Sayfalar/Giris_Sayfasi/Sifre'

2021-11-18 11:16:08 - [MESSAGE][INFO] - Sending keys '123456' to object: 'Object Repository/Sayfalar/Giris_Sayfasi/Sifre'

2021-11-18 11:16:08 - [MESSAGE][INFO] - Finding web element from Test Object's properties

2021-11-18 11:16:08 - [MESSAGE][INFO] - Checking timeout

2021-11-18 11:16:08 - [MESSAGE][INFO] - Finding web element with id: 'Object Repository/Sayfalar/Giris_Sayfasi/Sifre' located by 'By.xpath: //*[@id = 'Password']' in '30' second(s)

2021-11-18 11:16:08 - [MESSAGE][INFO] - Smart Wait Function is triggered

2021-11-18 11:16:08 - [MESSAGE][INFO] - Found 1 web elements with id: 'Object Repository/Sayfalar/Giris_Sayfasi/Sifre' located by 'By.xpath: //*[@id = 'Password']' in '30' second(s)

2021-11-18 11:16:08 - [MESSAGE][PASSED] - Keys '123456' sent to object: 'Object Repository/Sayfalar/Giris_Sayfasi/Sifre'

2021-11-18 11:16:08 - [TEST_STEP][PASSED] - findWebElement(findTestObject("Sayfalar/Giris_Sayfasi/Giris_Butonu")).click(): Found 1 web elements with id: 'Object Repository/Sayfalar/Giris_Sayfasi/Giris_Butonu' located by 'By.cssSelector: #btnLogin' in '30' second(s)

2021-11-18 11:16:08 - [MESSAGE][INFO] - Finding Test Object 'Object Repository/Sayfalar/Giris_Sayfasi/Giris_Butonu'

2021-11-18 11:16:08 - [MESSAGE][INFO] - Finding web element from Test Object's properties

2021-11-18 11:16:08 - [MESSAGE][INFO] - Checking timeout

2021-11-18 11:16:08 - [MESSAGE][INFO] - Finding web element with id: 'Object Repository/Sayfalar/Giris_Sayfasi/Giris_Butonu' located by 'By.cssSelector: #btnLogin' in '30' second(s)

2021-11-18 11:16:08 - [MESSAGE][INFO] - Smart Wait Function is triggered

2021-11-18 11:16:09 - [MESSAGE][INFO] - Found 1 web elements with id: 'Object Repository/Sayfalar/Giris_Sayfasi/Giris_Butonu' located by 'By.cssSelector: #btnLogin' in '30' second(s)

2021-11-18 11:16:11 - [TEST_STEP][PASSED] - if (verifyElementPresent(findTestObject("Object Repository/Sayfalar/Giris_Sayfasi/RetveTamam_Butonu"), 5, OPTIONAL)): null

2021-11-18 11:16:11 - [MESSAGE][INFO] - Finding Test Object 'Object Repository/Sayfalar/Giris_Sayfasi/RetveTamam_Butonu'

2021-11-18 11:16:11 - [MESSAGE][INFO] - Checking object

2021-11-18 11:16:11 - [MESSAGE][INFO] - Finding web element from Test Object's properties

2021-11-18 11:16:11 - [MESSAGE][INFO] - Checking timeout

2021-11-18 11:16:11 - [MESSAGE][INFO] - Finding web element with id: 'Object Repository/Sayfalar/Giris_Sayfasi/RetveTamam_Butonu' located by 'By.xpath: //*[@class = 'btn btn-default']' in '5' second(s)

2021-11-18 11:16:11 - [MESSAGE][INFO] - Smart Wait Function is triggered

2021-11-18 11:16:12 - [MESSAGE][INFO] - Found 1 web elements with id: 'Object Repository/Sayfalar/Giris_Sayfasi/RetveTamam_Butonu' located by 'By.xpath: //*[@class = 'btn btn-default']' in '5' second(s)

2021-11-18 11:16:12 - [MESSAGE][PASSED] - Object 'Object Repository/Sayfalar/Giris_Sayfasi/RetveTamam_Butonu' is present

2021-11-18 11:16:12 - [TEST_STEP][PASSED] - click(findTestObject("Object Repository/Sayfalar/Giris_Sayfasi/RetveTamam_Butonu")): Object: 'Object Repository/Sayfalar/Giris_Sayfasi/RetveTamam_Butonu' is clicked on

2021-11-18 11:16:12 - [MESSAGE][INFO] - Finding Test Object 'Object Repository/Sayfalar/Giris_Sayfasi/RetveTamam_Butonu'

2021-11-18 11:16:12 - [MESSAGE][INFO] - Checking object

2021-11-18 11:16:12 - [MESSAGE][INFO] - Finding web element from Test Object's properties

2021-11-18 11:16:12 - [MESSAGE][INFO] - Checking timeout

2021-11-18 11:16:12 - [MESSAGE][INFO] - Finding web element with id: 'Object Repository/Sayfalar/Giris_Sayfasi/RetveTamam_Butonu' located by 'By.xpath: //*[@class = 'btn btn-default']' in '30' second(s)

2021-11-18 11:16:12 - [MESSAGE][INFO] - Smart Wait Function is triggered

2021-11-18 11:16:12 - [MESSAGE][INFO] - Found 1 web elements with id: 'Object Repository/Sayfalar/Giris_Sayfasi/RetveTamam_Butonu' located by 'By.xpath: //*[@class = 'btn btn-default']' in '30' second(s)

2021-11-18 11:16:12 - [MESSAGE][INFO] - Clicking on object: 'Object Repository/Sayfalar/Giris_Sayfasi/RetveTamam_Butonu'

2021-11-18 11:16:12 - [MESSAGE][PASSED] - Object: 'Object Repository/Sayfalar/Giris_Sayfasi/RetveTamam_Butonu' is clicked on

2021-11-18 11:16:12 - [TEST_STEP][PASSED] - click(findTestObject("Object Repository/Sayfalar/Giris_Sayfasi/RetveTamam_Butonu")): Object: 'Object Repository/Sayfalar/Giris_Sayfasi/RetveTamam_Butonu' is clicked on

2021-11-18 11:16:12 - [MESSAGE][INFO] - Finding Test Object 'Object Repository/Sayfalar/Giris_Sayfasi/RetveTamam_Butonu'

2021-11-18 11:16:12 - [MESSAGE][INFO] - Checking object

2021-11-18 11:16:12 - [MESSAGE][INFO] - Finding web element from Test Object's properties

2021-11-18 11:16:12 - [MESSAGE][INFO] - Checking timeout

2021-11-18 11:16:12 - [MESSAGE][INFO] - Finding web element with id: 'Object Repository/Sayfalar/Giris_Sayfasi/RetveTamam_Butonu' located by 'By.xpath: //*[@class = 'btn btn-default']' in '30' second(s)

2021-11-18 11:16:12 - [MESSAGE][INFO] - Smart Wait Function is triggered

2021-11-18 11:16:16 - [MESSAGE][INFO] - Found 1 web elements with id: 'Object Repository/Sayfalar/Giris_Sayfasi/RetveTamam_Butonu' located by 'By.xpath: //*[@class = 'btn btn-default']' in '30' second(s)

2021-11-18 11:16:16 - [MESSAGE][INFO] - Clicking on object: 'Object Repository/Sayfalar/Giris_Sayfasi/RetveTamam_Butonu'

2021-11-18 11:16:16 - [MESSAGE][PASSED] - Object: 'Object Repository/Sayfalar/Giris_Sayfasi/RetveTamam_Butonu' is clicked on

2021-11-18 11:16:16 - [TEST_STEP][PASSED] - if (verifyElementPresent(findTestObject("Sayfalar/Giris_Sayfasi/PopupOK"), 5, OPTIONAL)): null

2021-11-18 11:16:16 - [MESSAGE][INFO] - Finding Test Object 'Object Repository/Sayfalar/Giris_Sayfasi/PopupOK'

2021-11-18 11:16:16 - [MESSAGE][INFO] - Checking object

2021-11-18 11:16:16 - [MESSAGE][INFO] - Finding web element from Test Object's properties

2021-11-18 11:16:16 - [MESSAGE][INFO] - Checking timeout

2021-11-18 11:16:16 - [MESSAGE][INFO] - Finding web element with id: 'Object Repository/Sayfalar/Giris_Sayfasi/PopupOK' located by 'By.cssSelector: .btn.btn-success' in '5' second(s)

2021-11-18 11:16:17 - [MESSAGE][INFO] - Smart Wait Function is triggered

2021-11-18 11:16:17 - [MESSAGE][INFO] - Found 1 web elements with id: 'Object Repository/Sayfalar/Giris_Sayfasi/PopupOK' located by 'By.cssSelector: .btn.btn-success' in '5' second(s)

2021-11-18 11:16:17 - [MESSAGE][PASSED] - Object 'Object Repository/Sayfalar/Giris_Sayfasi/PopupOK' is present

2021-11-18 11:16:17 - [TEST_STEP][PASSED] - click(findTestObject("Object Repository/Sayfalar/Giris_Sayfasi/PopupCarpiGiris")): Object: 'Object Repository/Sayfalar/Giris_Sayfasi/PopupCarpiGiris' is clicked on

2021-11-18 11:16:17 - [MESSAGE][INFO] - Finding Test Object 'Object Repository/Sayfalar/Giris_Sayfasi/PopupCarpiGiris'

2021-11-18 11:16:17 - [MESSAGE][INFO] - Checking object

2021-11-18 11:16:17 - [MESSAGE][INFO] - Finding web element from Test Object's properties

2021-11-18 11:16:17 - [MESSAGE][INFO] - Checking timeout

2021-11-18 11:16:17 - [MESSAGE][INFO] - Finding web element with id: 'Object Repository/Sayfalar/Giris_Sayfasi/PopupCarpiGiris' located by 'By.cssSelector: .bootbox-close-button.close' in '30' second(s)

2021-11-18 11:16:17 - [MESSAGE][INFO] - Smart Wait Function is triggered

2021-11-18 11:16:18 - [MESSAGE][INFO] - Found 1 web elements with id: 'Object Repository/Sayfalar/Giris_Sayfasi/PopupCarpiGiris' located by 'By.cssSelector: .bootbox-close-button.close' in '30' second(s)

2021-11-18 11:16:18 - [MESSAGE][INFO] - Clicking on object: 'Object Repository/Sayfalar/Giris_Sayfasi/PopupCarpiGiris'

2021-11-18 11:16:18 - [MESSAGE][PASSED] - Object: 'Object Repository/Sayfalar/Giris_Sayfasi/PopupCarpiGiris' is clicked on

2021-11-18 11:16:18 - [TEST_STEP][PASSED] - verifyElementVisible(findTestObject("Object Repository/Kullanici_Islemleri/KullaniciIslemleri")): Object 'Object Repository/Kullanici_Islemleri/KullaniciIslemleri' is visible

2021-11-18 11:16:18 - [MESSAGE][INFO] - Finding Test Object 'Object Repository/Kullanici_Islemleri/KullaniciIslemleri'

2021-11-18 11:16:18 - [MESSAGE][INFO] - Checking object

2021-11-18 11:16:18 - [MESSAGE][INFO] - Finding web element from Test Object's properties

2021-11-18 11:16:18 - [MESSAGE][INFO] - Checking timeout

2021-11-18 11:16:18 - [MESSAGE][INFO] - Finding web element with id: 'Object Repository/Kullanici_Islemleri/KullaniciIslemleri' located by 'By.cssSelector: .dropdown>a>img' in '30' second(s)

2021-11-18 11:16:18 - [MESSAGE][INFO] - Smart Wait Function is triggered

2021-11-18 11:16:18 - [MESSAGE][INFO] - Found 1 web elements with id: 'Object Repository/Kullanici_Islemleri/KullaniciIslemleri' located by 'By.cssSelector: .dropdown>a>img' in '30' second(s)

2021-11-18 11:16:18 - [MESSAGE][PASSED] - Object 'Object Repository/Kullanici_Islemleri/KullaniciIslemleri' is visible

2021-11-18 11:16:18 - [MESSAGE][PASSED] - Call Test Case 'Test Cases/Sayfalar/Giris_Sayfasi/Login' successfully

2021-11-18 11:16:18 - [MESSAGE][INFO] - Checking called Test Case

2021-11-18 11:16:18 - [MESSAGE][INFO] - Starting to call Test Case 'Test Cases/Menu/AnaMenuSecimi'

2021-11-18 11:16:18 - [TEST_CASE][PASSED] - Test Cases/Menu/AnaMenuSecimi: Test Cases/Menu/AnaMenuSecimi

2021-11-18 11:16:18 - [TEST_STEP][PASSED] - Method.TextDegerineEsitElementeTikla(findTestObject("Menu/Ana_Menu"), Ana_Menu): Method.TextDegerineEsitElementeTikla is PASSED

2021-11-18 11:16:18 - [MESSAGE][INFO] - Finding Test Object 'Object Repository/Menu/Ana_Menu'

2021-11-18 11:16:18 - [MESSAGE][INFO] - Checking timeout

2021-11-18 11:16:18 - [MESSAGE][INFO] - Finding web element with id: 'Object Repository/Menu/Ana_Menu' located by 'By.xpath: //*[@class = 'dropdown-toggle']' in '10' second(s)

2021-11-18 11:16:18 - [MESSAGE][INFO] - Smart Wait Function is triggered

2021-11-18 11:16:18 - [MESSAGE][INFO] - Found 14 web elements with id: 'Object Repository/Menu/Ana_Menu' located by 'By.xpath: //*[@class = 'dropdown-toggle']' in '10' second(s)

2021-11-18 11:16:19 - [MESSAGE][PASSED] - Method.TextDegerineEsitElementeTikla is PASSED

2021-11-18 11:16:19 - [MESSAGE][PASSED] - Call Test Case 'Test Cases/Menu/AnaMenuSecimi' successfully

2021-11-18 11:16:19 - [MESSAGE][INFO] - Checking called Test Case

2021-11-18 11:16:19 - [MESSAGE][INFO] - Starting to call Test Case 'Test Cases/Menu/BasligaGoreAltMenuSecimi'

2021-11-18 11:16:19 - [TEST_CASE][PASSED] - Test Cases/Menu/BasligaGoreAltMenuSecimi: Test Cases/Menu/BasligaGoreAltMenuSecimi

2021-11-18 11:16:19 - [TEST_STEP][PASSED] - Method.TextDegerineEsitElementinAltindakiTextDegerineEsitOlanaTikla(findTestObject("Menu/Menu_Basligi"), findTestObject("Menu/Basliga_Gore_Alt_Menu"), Baslik, Alt_Menu): Method.TextDegerineEsitElementinAltindakiTextDegerineEsitOlanaTikla is PASSED

2021-11-18 11:16:19 - [MESSAGE][INFO] - Finding Test Object 'Object Repository/Menu/Menu_Basligi'

2021-11-18 11:16:19 - [MESSAGE][INFO] - Finding Test Object 'Object Repository/Menu/Basliga_Gore_Alt_Menu'

2021-11-18 11:16:19 - [MESSAGE][INFO] - Checking timeout

2021-11-18 11:16:19 - [MESSAGE][INFO] - Finding web element with id: 'Object Repository/Menu/Menu_Basligi' located by 'By.xpath: //li[@class='dropdown dropdown-large open']//li[@class='dropdown-header']' in '10' second(s)

2021-11-18 11:16:19 - [MESSAGE][INFO] - Smart Wait Function is triggered

2021-11-18 11:16:19 - [MESSAGE][INFO] - Found 3 web elements with id: 'Object Repository/Menu/Menu_Basligi' located by 'By.xpath: //li[@class='dropdown dropdown-large open']//li[@class='dropdown-header']' in '10' second(s)

2021-11-18 11:16:19 - [MESSAGE][INFO] - Smart Wait Function is triggered

2021-11-18 11:16:22 - [MESSAGE][PASSED] - Method.TextDegerineEsitElementinAltindakiTextDegerineEsitOlanaTikla is PASSED

2021-11-18 11:16:22 - [MESSAGE][PASSED] - Call Test Case 'Test Cases/Menu/BasligaGoreAltMenuSecimi' successfully

2021-11-18 11:16:22 - [MESSAGE][INFO] - Checking called Test Case

2021-11-18 11:16:22 - [MESSAGE][INFO] - Starting to call Test Case 'Test Cases/Filtreler/BaslangicYaz'

2021-11-18 11:16:22 - [TEST_CASE][PASSED] - Test Cases/Filtreler/BaslangicYaz: Test Cases/Filtreler/BaslangicYaz

2021-11-18 11:16:22 - [TEST_STEP][PASSED] - delay(3): Delayed 3 second(s)

2021-11-18 11:16:22 - [MESSAGE][INFO] - Delaying browser in 3 second(s)

2021-11-18 11:16:25 - [MESSAGE][PASSED] - Delayed 3 second(s)

2021-11-18 11:16:25 - [TEST_STEP][PASSED] - Method.TextDegerineEsitElementinAltindakineTikla(findTestObject("Filtreler/Basliklar"), findTestObject("Filtreler/Basliga_Gore_Baslangic_Image"), Filtre_Adi): Method.TextDegerineEsitElementinAltindakineTikla is PASSED

2021-11-18 11:16:25 - [MESSAGE][INFO] - Finding Test Object 'Object Repository/Filtreler/Basliklar'

2021-11-18 11:16:26 - [MESSAGE][INFO] - Finding Test Object 'Object Repository/Filtreler/Basliga_Gore_Baslangic_Image'

2021-11-18 11:16:26 - [MESSAGE][INFO] - Checking timeout

2021-11-18 11:16:26 - [MESSAGE][INFO] - Finding web element with id: 'Object Repository/Filtreler/Basliklar' located by 'By.cssSelector: .control-label.col-sm-4.paddingMarginRLC' in '10' second(s)

2021-11-18 11:16:26 - [MESSAGE][INFO] - Smart Wait Function is triggered

2021-11-18 11:16:26 - [MESSAGE][INFO] - Found 13 web elements with id: 'Object Repository/Filtreler/Basliklar' located by 'By.cssSelector: .control-label.col-sm-4.paddingMarginRLC' in '10' second(s)

2021-11-18 11:16:26 - [MESSAGE][INFO] - Smart Wait Function is triggered

2021-11-18 11:16:26 - [MESSAGE][PASSED] - Method.TextDegerineEsitElementinAltindakineTikla is PASSED

2021-11-18 11:16:26 - [TEST_STEP][PASSED] - Method.TextDegerineEsitElementinAltindakiTextboxtaYaz(findTestObject("Filtreler/Basliklar"), findTestObject("Filtreler/Basliga_Gore_Baslangic"), Filtre_Adi, Filtre_Degeri): Method.TextDegerineEsitElementinAltindakiTextboxtaYaz is PASSED

2021-11-18 11:16:26 - [MESSAGE][INFO] - Finding Test Object 'Object Repository/Filtreler/Basliklar'

2021-11-18 11:16:26 - [MESSAGE][INFO] - Finding Test Object 'Object Repository/Filtreler/Basliga_Gore_Baslangic'

2021-11-18 11:16:26 - [MESSAGE][INFO] - Checking timeout

2021-11-18 11:16:26 - [MESSAGE][INFO] - Finding web element with id: 'Object Repository/Filtreler/Basliklar' located by 'By.cssSelector: .control-label.col-sm-4.paddingMarginRLC' in '10' second(s)

2021-11-18 11:16:26 - [MESSAGE][INFO] - Smart Wait Function is triggered

2021-11-18 11:16:27 - [MESSAGE][INFO] - Found 13 web elements with id: 'Object Repository/Filtreler/Basliklar' located by 'By.cssSelector: .control-label.col-sm-4.paddingMarginRLC' in '10' second(s)

2021-11-18 11:16:27 - [MESSAGE][INFO] - Smart Wait Function is triggered

2021-11-18 11:16:27 - [MESSAGE][PASSED] - Method.TextDegerineEsitElementinAltindakiTextboxtaYaz is PASSED

2021-11-18 11:16:27 - [MESSAGE][PASSED] - Call Test Case 'Test Cases/Filtreler/BaslangicYaz' successfully

2021-11-18 11:16:27 - [MESSAGE][INFO] - Checking called Test Case

2021-11-18 11:16:27 - [MESSAGE][INFO] - Starting to call Test Case 'Test Cases/Filtreler/BitisYaz'

2021-11-18 11:16:27 - [TEST_CASE][PASSED] - Test Cases/Filtreler/BitisYaz: Test Cases/Filtreler/BitisYaz

2021-11-18 11:16:28 - [TEST_STEP][PASSED] - Method.TextDegerineEsitElementinAltindakineTikla(findTestObject("Filtreler/Basliklar"), findTestObject("Filtreler/Basliga_Gore_Bitis_Image"), Filtre_Adi): Method.TextDegerineEsitElementinAltindakineTikla is PASSED

2021-11-18 11:16:28 - [MESSAGE][INFO] - Finding Test Object 'Object Repository/Filtreler/Basliklar'

2021-11-18 11:16:28 - [MESSAGE][INFO] - Finding Test Object 'Object Repository/Filtreler/Basliga_Gore_Bitis_Image'

2021-11-18 11:16:28 - [MESSAGE][INFO] - Checking timeout

2021-11-18 11:16:28 - [MESSAGE][INFO] - Finding web element with id: 'Object Repository/Filtreler/Basliklar' located by 'By.cssSelector: .control-label.col-sm-4.paddingMarginRLC' in '10' second(s)

2021-11-18 11:16:28 - [MESSAGE][INFO] - Smart Wait Function is triggered

2021-11-18 11:16:28 - [MESSAGE][INFO] - Found 13 web elements with id: 'Object Repository/Filtreler/Basliklar' located by 'By.cssSelector: .control-label.col-sm-4.paddingMarginRLC' in '10' second(s)

2021-11-18 11:16:28 - [MESSAGE][INFO] - Smart Wait Function is triggered

2021-11-18 11:16:28 - [MESSAGE][PASSED] - Method.TextDegerineEsitElementinAltindakineTikla is PASSED

2021-11-18 11:16:28 - [TEST_STEP][PASSED] - Method.TextDegerineEsitElementinAltindakiTextboxtaYaz(findTestObject("Filtreler/Basliklar"), findTestObject("Object Repository/Filtreler/Basliga_Gore_Bitis"), Filtre_Adi, Filtre_Degeri): Method.TextDegerineEsitElementinAltindakiTextboxtaYaz is PASSED

2021-11-18 11:16:28 - [MESSAGE][INFO] - Finding Test Object 'Object Repository/Filtreler/Basliklar'

2021-11-18 11:16:29 - [MESSAGE][INFO] - Finding Test Object 'Object Repository/Filtreler/Basliga_Gore_Bitis'

2021-11-18 11:16:29 - [MESSAGE][INFO] - Checking timeout

2021-11-18 11:16:29 - [MESSAGE][INFO] - Finding web element with id: 'Object Repository/Filtreler/Basliklar' located by 'By.cssSelector: .control-label.col-sm-4.paddingMarginRLC' in '10' second(s)

2021-11-18 11:16:29 - [MESSAGE][INFO] - Smart Wait Function is triggered

2021-11-18 11:16:29 - [MESSAGE][INFO] - Found 13 web elements with id: 'Object Repository/Filtreler/Basliklar' located by 'By.cssSelector: .control-label.col-sm-4.paddingMarginRLC' in '10' second(s)

2021-11-18 11:16:29 - [MESSAGE][INFO] - Smart Wait Function is triggered

2021-11-18 11:16:29 - [MESSAGE][PASSED] - Method.TextDegerineEsitElementinAltindakiTextboxtaYaz is PASSED

2021-11-18 11:16:29 - [MESSAGE][PASSED] - Call Test Case 'Test Cases/Filtreler/BitisYaz' successfully

2021-11-18 11:16:29 - [MESSAGE][INFO] - Checking called Test Case

2021-11-18 11:16:29 - [MESSAGE][INFO] - Starting to call Test Case 'Test Cases/Filtreler/ButonaTikla'

2021-11-18 11:16:30 - [TEST_CASE][PASSED] - Test Cases/Filtreler/ButonaTikla: Test Cases/Filtreler/ButonaTikla

2021-11-18 11:16:30 - [TEST_STEP][PASSED] - Method.TextDegerineEsitElementeTikla(findTestObject("Filtreler/Butonlar"), Filtre_Buton): Method.TextDegerineEsitElementeTikla is PASSED

2021-11-18 11:16:30 - [MESSAGE][INFO] - Finding Test Object 'Object Repository/Filtreler/Butonlar'

2021-11-18 11:16:30 - [MESSAGE][INFO] - Checking timeout

2021-11-18 11:16:30 - [MESSAGE][INFO] - Finding web element with id: 'Object Repository/Filtreler/Butonlar' located by 'By.cssSelector: .dxb>span' in '10' second(s)

2021-11-18 11:16:30 - [MESSAGE][INFO] - Smart Wait Function is triggered

2021-11-18 11:16:30 - [MESSAGE][INFO] - Found 3 web elements with id: 'Object Repository/Filtreler/Butonlar' located by 'By.cssSelector: .dxb>span' in '10' second(s)

2021-11-18 11:16:30 - [MESSAGE][PASSED] - Method.TextDegerineEsitElementeTikla is PASSED

2021-11-18 11:16:30 - [MESSAGE][PASSED] - Call Test Case 'Test Cases/Filtreler/ButonaTikla' successfully

2021-11-18 11:16:30 - [MESSAGE][INFO] - Checking called Test Case

2021-11-18 11:16:30 - [MESSAGE][INFO] - Starting to call Test Case 'Test Cases/Tablo/TablodaVeriVarMi'

2021-11-18 11:16:30 - [TEST_CASE][PASSED] - Test Cases/Tablo/TablodaVeriVarMi: Test Cases/Tablo/TablodaVeriVarMi

2021-11-18 11:16:30 - [TEST_STEP][PASSED] - verifyTextNotPresent("Görüntülenecek veri yok", true): Text 'Görüntülenecek veri yok' is not present on page using regular expression

2021-11-18 11:16:30 - [MESSAGE][INFO] - Checking text present  using regular expression

2021-11-18 11:16:30 - [MESSAGE][INFO] - Smart Wait Function is triggered

2021-11-18 11:16:31 - [MESSAGE][INFO] - Finding text 'Görüntülenecek veri yok' on page  using regular expression

2021-11-18 11:16:31 - [MESSAGE][PASSED] - Text 'Görüntülenecek veri yok' is not present on page using regular expression

2021-11-18 11:16:31 - [MESSAGE][PASSED] - Call Test Case 'Test Cases/Tablo/TablodaVeriVarMi' successfully

2021-11-18 11:16:31 - [MESSAGE][INFO] - Checking called Test Case

2021-11-18 11:16:31 - [MESSAGE][INFO] - Starting to call Test Case 'Test Cases/Tablo/TablodanVeriSec'

2021-11-18 11:16:31 - [TEST_CASE][PASSED] - Test Cases/Tablo/TablodanVeriSec: Test Cases/Tablo/TablodanVeriSec

2021-11-18 11:16:31 - [TEST_STEP][PASSED] - Method.TextDegerineEsitElementinAltindakineTikla(findTestObject("Tablo/Veriler"), findTestObject("Tablo/VerininCheckBoxi"), Veri_Adi): Method.TextDegerineEsitElementinAltindakineTikla is PASSED

2021-11-18 11:16:31 - [MESSAGE][INFO] - Finding Test Object 'Object Repository/Tablo/Veriler'

2021-11-18 11:16:31 - [MESSAGE][INFO] - Finding Test Object 'Object Repository/Tablo/VerininCheckBoxi'

2021-11-18 11:16:31 - [MESSAGE][INFO] - Checking timeout

2021-11-18 11:16:31 - [MESSAGE][INFO] - Finding web element with id: 'Object Repository/Tablo/Veriler' located by 'By.cssSelector: td.dxgv b ,td.dxgv' in '10' second(s)

2021-11-18 11:16:31 - [MESSAGE][INFO] - Smart Wait Function is triggered

2021-11-18 11:16:32 - [MESSAGE][INFO] - Found 27 web elements with id: 'Object Repository/Tablo/Veriler' located by 'By.cssSelector: td.dxgv b ,td.dxgv' in '10' second(s)

2021-11-18 11:16:32 - [MESSAGE][INFO] - Smart Wait Function is triggered

2021-11-18 11:16:32 - [MESSAGE][PASSED] - Method.TextDegerineEsitElementinAltindakineTikla is PASSED

2021-11-18 11:16:32 - [MESSAGE][PASSED] - Call Test Case 'Test Cases/Tablo/TablodanVeriSec' successfully

2021-11-18 11:16:32 - [MESSAGE][INFO] - Checking called Test Case

2021-11-18 11:16:32 - [MESSAGE][INFO] - Starting to call Test Case 'Test Cases/Butonlar/ButonaTikla'

2021-11-18 11:16:32 - [TEST_CASE][PASSED] - Test Cases/Butonlar/ButonaTikla: Test Cases/Butonlar/ButonaTikla

2021-11-18 11:16:32 - [TEST_STEP][PASSED] - Method.TextDegerineEsitElementeTiklaEquals(findTestObject("Butonlar/Butonlar"), Buton_Adi): Method.TextDegerineEsitElementeTiklaEquals is PASSED

2021-11-18 11:16:32 - [MESSAGE][INFO] - Finding Test Object 'Object Repository/Butonlar/Butonlar'

2021-11-18 11:16:32 - [MESSAGE][INFO] - Checking timeout

2021-11-18 11:16:32 - [MESSAGE][INFO] - Finding web element with id: 'Object Repository/Butonlar/Butonlar' located by 'By.cssSelector: .panel.panel-default.text-center.footerPanel .btn,.btn.btn-primary.btnControls' in '10' second(s)

2021-11-18 11:16:32 - [MESSAGE][INFO] - Smart Wait Function is triggered

2021-11-18 11:16:33 - [MESSAGE][INFO] - Found 6 web elements with id: 'Object Repository/Butonlar/Butonlar' located by 'By.cssSelector: .panel.panel-default.text-center.footerPanel .btn,.btn.btn-primary.btnControls' in '10' second(s)

2021-11-18 11:16:33 - [MESSAGE][PASSED] - Method.TextDegerineEsitElementeTiklaEquals is PASSED

2021-11-18 11:16:33 - [MESSAGE][PASSED] - Call Test Case 'Test Cases/Butonlar/ButonaTikla' successfully

2021-11-18 11:16:33 - [MESSAGE][INFO] - Checking called Test Case

2021-11-18 11:16:33 - [MESSAGE][INFO] - Starting to call Test Case 'Test Cases/Sekmeler/YeniSekmeyeGec'

2021-11-18 11:16:33 - [TEST_CASE][PASSED] - Test Cases/Sekmeler/YeniSekmeyeGec: Test Cases/Sekmeler/YeniSekmeyeGec

2021-11-18 11:16:33 - [TEST_STEP][PASSED] - switchToWindowIndex(1): Switched to window with index: '1'

2021-11-18 11:16:33 - [MESSAGE][INFO] - Checking index

2021-11-18 11:16:33 - [MESSAGE][INFO] - Switching window with index: '1'

2021-11-18 11:16:33 - [MESSAGE][PASSED] - Switched to window with index: '1'

2021-11-18 11:16:33 - [MESSAGE][PASSED] - Call Test Case 'Test Cases/Sekmeler/YeniSekmeyeGec' successfully

2021-11-18 11:16:33 - [MESSAGE][INFO] - Checking called Test Case

2021-11-18 11:16:33 - [MESSAGE][INFO] - Starting to call Test Case 'Test Cases/Sekmeler/DepartmanCheckboxiSecilir'

2021-11-18 11:16:33 - [TEST_CASE][PASSED] - Test Cases/Sekmeler/DepartmanCheckboxiSecilir: Test Cases/Sekmeler/DepartmanCheckboxiSecilir

2021-11-18 11:16:34 - [TEST_STEP][PASSED] - Method.TextDegerineEsitElementeTikla(findTestObject("Object Repository/Sekmeler/DepartmanCheckboxi"), Departman): Method.TextDegerineEsitElementeTikla is PASSED

2021-11-18 11:16:34 - [MESSAGE][INFO] - Finding Test Object 'Object Repository/Sekmeler/DepartmanCheckboxi'

2021-11-18 11:16:34 - [MESSAGE][INFO] - Checking timeout

2021-11-18 11:16:34 - [MESSAGE][INFO] - Finding web element with id: 'Object Repository/Sekmeler/DepartmanCheckboxi' located by 'By.cssSelector: .dx-wrap' in '10' second(s)

2021-11-18 11:16:34 - [MESSAGE][INFO] - Smart Wait Function is triggered

2021-11-18 11:16:34 - [MESSAGE][INFO] - Found 4 web elements with id: 'Object Repository/Sekmeler/DepartmanCheckboxi' located by 'By.cssSelector: .dx-wrap' in '10' second(s)

2021-11-18 11:16:34 - [MESSAGE][PASSED] - Method.TextDegerineEsitElementeTikla is PASSED

2021-11-18 11:16:34 - [MESSAGE][PASSED] - Call Test Case 'Test Cases/Sekmeler/DepartmanCheckboxiSecilir' successfully

2021-11-18 11:16:34 - [MESSAGE][INFO] - Checking called Test Case

2021-11-18 11:16:34 - [MESSAGE][INFO] - Starting to call Test Case 'Test Cases/Sekmeler/DepartmanKaydedilir'

2021-11-18 11:16:34 - [TEST_CASE][PASSED] - Test Cases/Sekmeler/DepartmanKaydedilir: Test Cases/Sekmeler/DepartmanKaydedilir

2021-11-18 11:16:35 - [TEST_STEP][PASSED] - waitForElementClickable(findTestObject("Object Repository/Sekmeler/DepartmanKaydetButoni"), 10): Object 'Object Repository/Sekmeler/DepartmanKaydetButoni' is clickable

2021-11-18 11:16:35 - [MESSAGE][INFO] - Finding Test Object 'Object Repository/Sekmeler/DepartmanKaydetButoni'

2021-11-18 11:16:35 - [MESSAGE][INFO] - Checking object

2021-11-18 11:16:35 - [MESSAGE][INFO] - Checking timeout

2021-11-18 11:16:35 - [MESSAGE][INFO] - Finding web element from Test Object's properties

2021-11-18 11:16:35 - [MESSAGE][INFO] - Checking timeout

2021-11-18 11:16:35 - [MESSAGE][INFO] - Finding web element with id: 'Object Repository/Sekmeler/DepartmanKaydetButoni' located by 'By.cssSelector: .dx-vam' in '10' second(s)

2021-11-18 11:16:35 - [MESSAGE][INFO] - Smart Wait Function is triggered

2021-11-18 11:16:35 - [MESSAGE][INFO] - Found 1 web elements with id: 'Object Repository/Sekmeler/DepartmanKaydetButoni' located by 'By.cssSelector: .dx-vam' in '10' second(s)

2021-11-18 11:16:35 - [MESSAGE][PASSED] - Object 'Object Repository/Sekmeler/DepartmanKaydetButoni' is clickable

2021-11-18 11:16:35 - [TEST_STEP][PASSED] - click(findTestObject("Object Repository/Sekmeler/DepartmanKaydetButoni")): Object: 'Object Repository/Sekmeler/DepartmanKaydetButoni' is clicked on

2021-11-18 11:16:35 - [MESSAGE][INFO] - Finding Test Object 'Object Repository/Sekmeler/DepartmanKaydetButoni'

2021-11-18 11:16:35 - [MESSAGE][INFO] - Checking object

2021-11-18 11:16:35 - [MESSAGE][INFO] - Finding web element from Test Object's properties

2021-11-18 11:16:35 - [MESSAGE][INFO] - Checking timeout

2021-11-18 11:16:35 - [MESSAGE][INFO] - Finding web element with id: 'Object Repository/Sekmeler/DepartmanKaydetButoni' located by 'By.cssSelector: .dx-vam' in '30' second(s)

2021-11-18 11:16:35 - [MESSAGE][INFO] - Smart Wait Function is triggered

2021-11-18 11:16:35 - [MESSAGE][INFO] - Found 1 web elements with id: 'Object Repository/Sekmeler/DepartmanKaydetButoni' located by 'By.cssSelector: .dx-vam' in '30' second(s)

2021-11-18 11:16:36 - [MESSAGE][INFO] - Clicking on object: 'Object Repository/Sekmeler/DepartmanKaydetButoni'

2021-11-18 11:16:36 - [MESSAGE][PASSED] - Object: 'Object Repository/Sekmeler/DepartmanKaydetButoni' is clicked on

2021-11-18 11:16:36 - [MESSAGE][PASSED] - Call Test Case 'Test Cases/Sekmeler/DepartmanKaydedilir' successfully

2021-11-18 11:16:36 - [MESSAGE][INFO] - Checking called Test Case

2021-11-18 11:16:36 - [MESSAGE][INFO] - Starting to call Test Case 'Test Cases/Popup/PopupMesajiIceriyorMu'

2021-11-18 11:16:36 - [TEST_CASE][PASSED] - Test Cases/Popup/PopupMesajiIceriyorMu: Test Cases/Popup/PopupMesajiIceriyorMu

2021-11-18 11:16:36 - [TEST_STEP][PASSED] - waitForElementVisible(findTestObject("Popup/Popup"), 10): Object 'Object Repository/Popup/Popup' is visible

2021-11-18 11:16:36 - [MESSAGE][INFO] - Finding Test Object 'Object Repository/Popup/Popup'

2021-11-18 11:16:36 - [MESSAGE][INFO] - Checking object

2021-11-18 11:16:36 - [MESSAGE][INFO] - Checking timeout

2021-11-18 11:16:36 - [MESSAGE][INFO] - Finding web element from Test Object's properties

2021-11-18 11:16:36 - [MESSAGE][INFO] - Checking timeout

2021-11-18 11:16:36 - [MESSAGE][INFO] - Finding web element with id: 'Object Repository/Popup/Popup' located by 'By.cssSelector: .bootbox-body' in '10' second(s)

2021-11-18 11:16:36 - [MESSAGE][INFO] - Smart Wait Function is triggered

2021-11-18 11:16:37 - [MESSAGE][INFO] - Found 1 web elements with id: 'Object Repository/Popup/Popup' located by 'By.cssSelector: .bootbox-body' in '10' second(s)

2021-11-18 11:16:37 - [MESSAGE][PASSED] - Object 'Object Repository/Popup/Popup' is visible

2021-11-18 11:16:37 - [TEST_STEP][PASSED] - if (!(getText(findTestObject("Popup/Popup")).contains(Mesaj))): Text of object 'Object Repository/Popup/Popup' is: 'Seçilen belgeler ilgili departmanlara aktarılmıştır.'

2021-11-18 11:16:37 - [MESSAGE][INFO] - Finding Test Object 'Object Repository/Popup/Popup'

2021-11-18 11:16:37 - [MESSAGE][INFO] - Checking object

2021-11-18 11:16:37 - [MESSAGE][INFO] - Finding web element from Test Object's properties

2021-11-18 11:16:37 - [MESSAGE][INFO] - Checking timeout

2021-11-18 11:16:37 - [MESSAGE][INFO] - Finding web element with id: 'Object Repository/Popup/Popup' located by 'By.cssSelector: .bootbox-body' in '30' second(s)

2021-11-18 11:16:37 - [MESSAGE][INFO] - Smart Wait Function is triggered

2021-11-18 11:16:37 - [MESSAGE][INFO] - Found 1 web elements with id: 'Object Repository/Popup/Popup' located by 'By.cssSelector: .bootbox-body' in '30' second(s)

2021-11-18 11:16:37 - [MESSAGE][INFO] - Getting text of object 'Object Repository/Popup/Popup'

2021-11-18 11:16:37 - [MESSAGE][PASSED] - Text of object 'Object Repository/Popup/Popup' is: 'Seçilen belgeler ilgili departmanlara aktarılmıştır.'

2021-11-18 11:16:37 - [TEST_STEP][PASSED] - RaporNo = getText(findTestObject("Popup/Popup")).substring(0, 6): Text of object 'Object Repository/Popup/Popup' is: 'Seçilen belgeler ilgili departmanlara aktarılmıştır.'

2021-11-18 11:16:37 - [MESSAGE][INFO] - Finding Test Object 'Object Repository/Popup/Popup'

2021-11-18 11:16:37 - [MESSAGE][INFO] - Checking object

2021-11-18 11:16:37 - [MESSAGE][INFO] - Finding web element from Test Object's properties

2021-11-18 11:16:37 - [MESSAGE][INFO] - Checking timeout

2021-11-18 11:16:37 - [MESSAGE][INFO] - Finding web element with id: 'Object Repository/Popup/Popup' located by 'By.cssSelector: .bootbox-body' in '30' second(s)

2021-11-18 11:16:37 - [MESSAGE][INFO] - Smart Wait Function is triggered

2021-11-18 11:16:37 - [MESSAGE][INFO] - Found 1 web elements with id: 'Object Repository/Popup/Popup' located by 'By.cssSelector: .bootbox-body' in '30' second(s)

2021-11-18 11:16:37 - [MESSAGE][INFO] - Getting text of object 'Object Repository/Popup/Popup'

2021-11-18 11:16:37 - [MESSAGE][PASSED] - Text of object 'Object Repository/Popup/Popup' is: 'Seçilen belgeler ilgili departmanlara aktarılmıştır.'

2021-11-18 11:16:37 - [TEST_STEP][PASSED] - Console.println(RaporNo): null

2021-11-18 11:16:37 - [MESSAGE][PASSED] - Call Test Case 'Test Cases/Popup/PopupMesajiIceriyorMu' successfully

2021-11-18 11:16:37 - [MESSAGE][INFO] - Checking called Test Case

2021-11-18 11:16:37 - [MESSAGE][INFO] - Starting to call Test Case 'Test Cases/Popup/PopupButonSecilir'

2021-11-18 11:16:37 - [TEST_CASE][PASSED] - Test Cases/Popup/PopupButonSecilir: Test Cases/Popup/PopupButonSecilir

2021-11-18 11:16:37 - [TEST_STEP][PASSED] - Method.TextDegerineEsitElementeTikla(findTestObject("Popup/Popup_Butons"), Buton): Method.TextDegerineEsitElementeTikla is PASSED

2021-11-18 11:16:37 - [MESSAGE][INFO] - Finding Test Object 'Object Repository/Popup/Popup_Butons'

2021-11-18 11:16:38 - [MESSAGE][INFO] - Checking timeout

2021-11-18 11:16:38 - [MESSAGE][INFO] - Finding web element with id: 'Object Repository/Popup/Popup_Butons' located by 'By.cssSelector: .modal-footer>button' in '10' second(s)

2021-11-18 11:16:38 - [MESSAGE][INFO] - Smart Wait Function is triggered

2021-11-18 11:16:38 - [MESSAGE][INFO] - Found 1 web elements with id: 'Object Repository/Popup/Popup_Butons' located by 'By.cssSelector: .modal-footer>button' in '10' second(s)

2021-11-18 11:16:38 - [MESSAGE][PASSED] - Method.TextDegerineEsitElementeTikla is PASSED

2021-11-18 11:16:38 - [MESSAGE][PASSED] - Call Test Case 'Test Cases/Popup/PopupButonSecilir' successfully

2021-11-18 11:16:38 - [MESSAGE][INFO] - Checking called Test Case

2021-11-18 11:16:38 - [MESSAGE][INFO] - Starting to call Test Case 'Test Cases/Sekmeler/Ana_Sekmeye_Gec'

2021-11-18 11:16:38 - [TEST_CASE][PASSED] - Test Cases/Sekmeler/Ana_Sekmeye_Gec: Test Cases/Sekmeler/Ana_Sekmeye_Gec

2021-11-18 11:16:38 - [TEST_STEP][FAILED] - try: Unable to get the index of the current window (Root cause: com.kms.katalon.core.exception.StepFailedException: Unable to get the index of the current window
	at com.kms.katalon.core.webui.keyword.internal.WebUIKeywordMain.stepFailed(WebUIKeywordMain.groovy:64)
	at com.kms.katalon.core.webui.keyword.internal.WebUIKeywordMain.runKeywordAndReturnInt(WebUIKeywordMain.groovy:56)
	at com.kms.katalon.core.webui.keyword.builtin.GetWindowIndexKeyword.getWindowIndex(GetWindowIndexKeyword.groovy:71)
	at com.kms.katalon.core.webui.keyword.builtin.GetWindowIndexKeyword.execute(GetWindowIndexKeyword.groovy:66)
	at com.kms.katalon.core.keyword.internal.KeywordExecutor.executeKeywordForPlatform(KeywordExecutor.groovy:73)
	at com.kms.katalon.core.webui.keyword.WebUiBuiltInKeywords.getWindowIndex(WebUiBuiltInKeywords.groovy:262)
	at com.kms.katalon.core.webui.keyword.WebUiBuiltInKeywords$getWindowIndex$22.call(Unknown Source)
	at Ana_Sekmeye_Gec.run(Ana_Sekmeye_Gec:18)
	at com.kms.katalon.core.main.ScriptEngine.run(ScriptEngine.java:194)
	at com.kms.katalon.core.main.ScriptEngine.runScriptAsRawText(ScriptEngine.java:119)
	at com.kms.katalon.core.main.TestCaseExecutor.runScript(TestCaseExecutor.java:369)
	at com.kms.katalon.core.main.TestCaseExecutor.doExecute(TestCaseExecutor.java:360)
	at com.kms.katalon.core.main.TestCaseExecutor.processExecutionPhase(TestCaseExecutor.java:339)
	at com.kms.katalon.core.main.TestCaseExecutor.accessMainPhase(TestCaseExecutor.java:331)
	at com.kms.katalon.core.main.TestCaseExecutor.execute(TestCaseExecutor.java:248)
	at com.kms.katalon.core.main.TestCaseMain.runTestCase(TestCaseMain.java:138)
	at com.kms.katalon.core.keyword.builtin.CallTestCaseKeyword$_callTestCase_closure1.doCall(CallTestCaseKeyword.groovy:59)
	at com.kms.katalon.core.keyword.builtin.CallTestCaseKeyword$_callTestCase_closure1.call(CallTestCaseKeyword.groovy)
	at com.kms.katalon.core.keyword.internal.KeywordMain.runKeyword(KeywordMain.groovy:68)
	at com.kms.katalon.core.keyword.builtin.CallTestCaseKeyword.callTestCase(CallTestCaseKeyword.groovy:81)
	at com.kms.katalon.core.keyword.builtin.CallTestCaseKeyword.execute(CallTestCaseKeyword.groovy:44)
	at com.kms.katalon.core.keyword.internal.KeywordExecutor.executeKeywordForPlatform(KeywordExecutor.groovy:73)
	at com.kms.katalon.core.keyword.BuiltinKeywords.callTestCase(BuiltinKeywords.groovy:334)
	at sekmeler.sekmeler.anaSekmeyeGecilir(sekmeler.groovy:55)
	at cucumber.runtime.Utils$1.call(Utils.java:26)
	at cucumber.runtime.Timeout.timeout(Timeout.java:16)
	at cucumber.runtime.Utils.invoke(Utils.java:20)
	at cucumber.runtime.java.JavaStepDefinition.execute(JavaStepDefinition.java:49)
	at cucumber.runner.PickleStepDefinitionMatch.runStep(PickleStepDefinitionMatch.java:50)
	at cucumber.runner.TestStep.executeStep(TestStep.java:63)
	at cucumber.runner.TestStep.run(TestStep.java:49)
	at cucumber.runner.PickleStepTestStep.run(PickleStepTestStep.java:43)
	at cucumber.runner.TestCase.run(TestCase.java:44)
	at cucumber.runner.Runner.runPickle(Runner.java:40)
	at cucumber.runtime.Runtime$1.run(Runtime.java:84)
	at cucumber.runtime.Runtime$SameThreadExecutorService.execute(Runtime.java:220)
	at cucumber.runtime.Runtime.run(Runtime.java:81)
	at cucumber.api.cli.Main.run(Main.java:26)
	at cucumber.api.cli.Main$run.call(Unknown Source)
	at com.kms.katalon.core.cucumber.keyword.CucumberBuiltinKeywords$_runFeatureFile_closure1.doCall(CucumberBuiltinKeywords.groovy:106)
	at com.kms.katalon.core.cucumber.keyword.CucumberBuiltinKeywords$_runFeatureFile_closure1.doCall(CucumberBuiltinKeywords.groovy)
	at com.kms.katalon.core.keyword.internal.KeywordMain.runKeyword(KeywordMain.groovy:68)
	at com.kms.katalon.core.keyword.internal.KeywordMain$runKeyword.call(Unknown Source)
	at com.kms.katalon.core.cucumber.keyword.CucumberBuiltinKeywords.runFeatureFile(CucumberBuiltinKeywords.groovy:73)
	at com.kms.katalon.core.cucumber.keyword.CucumberBuiltinKeywords$runFeatureFile$0.callStatic(Unknown Source)
	at com.kms.katalon.core.cucumber.keyword.CucumberBuiltinKeywords.runFeatureFile(CucumberBuiltinKeywords.groovy:246)
	at com.kms.katalon.core.cucumber.keyword.CucumberBuiltinKeywords$runFeatureFile.call(Unknown Source)
	at Departman Ata_Geri Al.run(Departman Ata_Geri Al:18)
	at com.kms.katalon.core.main.ScriptEngine.run(ScriptEngine.java:194)
	at com.kms.katalon.core.main.ScriptEngine.runScriptAsRawText(ScriptEngine.java:119)
	at com.kms.katalon.core.main.TestCaseExecutor.runScript(TestCaseExecutor.java:369)
	at com.kms.katalon.core.main.TestCaseExecutor.doExecute(TestCaseExecutor.java:360)
	at com.kms.katalon.core.main.TestCaseExecutor.processExecutionPhase(TestCaseExecutor.java:339)
	at com.kms.katalon.core.main.TestCaseExecutor.accessMainPhase(TestCaseExecutor.java:331)
	at com.kms.katalon.core.main.TestCaseExecutor.execute(TestCaseExecutor.java:248)
	at com.kms.katalon.core.main.TestSuiteExecutor.accessTestCaseMainPhase(TestSuiteExecutor.java:191)
	at com.kms.katalon.core.main.TestSuiteExecutor.accessTestSuiteMainPhase(TestSuiteExecutor.java:140)
	at com.kms.katalon.core.main.TestSuiteExecutor.execute(TestSuiteExecutor.java:89)
	at com.kms.katalon.core.main.TestCaseMain.startTestSuite(TestCaseMain.java:181)
	at com.kms.katalon.core.main.TestCaseMain$startTestSuite$0.call(Unknown Source)
	at TempTestSuite1637222960690.run(TempTestSuite1637222960690.groovy:39)
Caused by: org.openqa.selenium.NoSuchWindowException: no such window: window was already closed
  (Session info: chrome=96.0.4664.45)
Build info: version: '3.141.59', revision: 'e82be7d358', time: '2018-11-14T08:25:53'
System info: host: 'DESKTOP-QBVMTUG', ip: '192.168.1.24', os.name: 'Windows 10', os.arch: 'amd64', os.version: '10.0', java.version: '1.8.0_282'
Driver info: com.kms.katalon.selenium.driver.CChromeDriver
Capabilities {acceptInsecureCerts: false, browserName: chrome, browserVersion: 96.0.4664.45, chrome: {chromedriverVersion: 96.0.4664.45 (76e4c1bb2ab46..., userDataDir: C:\Users\DELL\AppData\Local...}, goog:chromeOptions: {debuggerAddress: localhost:63572}, javascriptEnabled: true, networkConnectionEnabled: false, pageLoadStrategy: normal, platform: WINDOWS, platformName: WINDOWS, proxy: Proxy(), setWindowRect: true, strictFileInteractability: false, timeouts: {implicit: 0, pageLoad: 300000, script: 30000}, unhandledPromptBehavior: dismiss and notify, webauthn:extension:credBlob: true, webauthn:extension:largeBlob: true, webauthn:virtualAuthenticators: true}
Session ID: f9cc55b954ab0ea70127efd7caec71d9
	at org.openqa.selenium.remote.http.W3CHttpResponseCodec.createException(W3CHttpResponseCodec.java:187)
	at org.openqa.selenium.remote.http.W3CHttpResponseCodec.decode(W3CHttpResponseCodec.java:122)
	at org.openqa.selenium.remote.http.W3CHttpResponseCodec.decode(W3CHttpResponseCodec.java:49)
	at org.openqa.selenium.remote.HttpCommandExecutor.execute(HttpCommandExecutor.java:158)
	at org.openqa.selenium.remote.service.DriverCommandExecutor.execute(DriverCommandExecutor.java:83)
	at org.openqa.selenium.remote.RemoteWebDriver.execute(RemoteWebDriver.java:552)
	at com.kms.katalon.selenium.driver.CChromeDriver.execute(CChromeDriver.java:19)
	at org.openqa.selenium.remote.RemoteWebDriver.execute(RemoteWebDriver.java:609)
	at org.openqa.selenium.remote.RemoteWebDriver.getWindowHandle(RemoteWebDriver.java:472)
	at org.openqa.selenium.support.events.EventFiringWebDriver.lambda$new$1(EventFiringWebDriver.java:105)
	at com.sun.proxy.$Proxy12.getWindowHandle(Unknown Source)
	at org.openqa.selenium.support.events.EventFiringWebDriver.getWindowHandle(EventFiringWebDriver.java:221)
	at com.kms.katalon.core.webui.driver.DriverFactory.getCurrentWindowIndex(DriverFactory.java:1072)
	at com.kms.katalon.core.webui.keyword.builtin.GetWindowIndexKeyword$_getWindowIndex_closure1.doCall(GetWindowIndexKeyword.groovy:73)
	at com.kms.katalon.core.webui.keyword.builtin.GetWindowIndexKeyword$_getWindowIndex_closure1.call(GetWindowIndexKeyword.groovy)
	at com.kms.katalon.core.webui.keyword.internal.WebUIKeywordMain.runKeywordAndReturnInt(WebUIKeywordMain.groovy:50)
	at com.kms.katalon.core.webui.keyword.builtin.GetWindowIndexKeyword.getWindowIndex(GetWindowIndexKeyword.groovy:71)
	at com.kms.katalon.core.webui.keyword.builtin.GetWindowIndexKeyword.execute(GetWindowIndexKeyword.groovy:66)
	at com.kms.katalon.core.keyword.internal.KeywordExecutor.executeKeywordForPlatform(KeywordExecutor.groovy:73)
	at com.kms.katalon.core.webui.keyword.WebUiBuiltInKeywords.getWindowIndex(WebUiBuiltInKeywords.groovy:262)
	at com.kms.katalon.core.webui.keyword.WebUiBuiltInKeywords$getWindowIndex$22.call(Unknown Source)
	at Script1586261051750.run(Script1586261051750.groovy:18)
	at com.kms.katalon.core.main.ScriptEngine.run(ScriptEngine.java:194)
	at com.kms.katalon.core.main.ScriptEngine.runScriptAsRawText(ScriptEngine.java:119)
	at com.kms.katalon.core.main.TestCaseExecutor.runScript(TestCaseExecutor.java:369)
	at com.kms.katalon.core.main.TestCaseExecutor.doExecute(TestCaseExecutor.java:360)
	at com.kms.katalon.core.main.TestCaseExecutor.processExecutionPhase(TestCaseExecutor.java:339)
	at com.kms.katalon.core.main.TestCaseExecutor.accessMainPhase(TestCaseExecutor.java:331)
	at com.kms.katalon.core.main.TestCaseExecutor.execute(TestCaseExecutor.java:248)
	at com.kms.katalon.core.main.TestCaseMain.runTestCase(TestCaseMain.java:138)
	at com.kms.katalon.core.keyword.builtin.CallTestCaseKeyword$_callTestCase_closure1.doCall(CallTestCaseKeyword.groovy:59)
	at com.kms.katalon.core.keyword.builtin.CallTestCaseKeyword$_callTestCase_closure1.call(CallTestCaseKeyword.groovy)
	at com.kms.katalon.core.keyword.internal.KeywordMain.runKeyword(KeywordMain.groovy:68)
	at com.kms.katalon.core.keyword.builtin.CallTestCaseKeyword.callTestCase(CallTestCaseKeyword.groovy:81)
	at com.kms.katalon.core.keyword.builtin.CallTestCaseKeyword.execute(CallTestCaseKeyword.groovy:44)
	at com.kms.katalon.core.keyword.internal.KeywordExecutor.executeKeywordForPlatform(KeywordExecutor.groovy:73)
	at com.kms.katalon.core.keyword.BuiltinKeywords.callTestCase(BuiltinKeywords.groovy:334)
	at sekmeler.sekmeler.anaSekmeyeGecilir(sekmeler.groovy:55)
	at cucumber.runtime.Utils$1.call(Utils.java:26)
	at cucumber.runtime.Timeout.timeout(Timeout.java:16)
	at cucumber.runtime.Utils.invoke(Utils.java:20)
	at cucumber.runtime.java.JavaStepDefinition.execute(JavaStepDefinition.java:49)
	at cucumber.runner.PickleStepDefinitionMatch.runStep(PickleStepDefinitionMatch.java:50)
	at cucumber.runner.TestStep.executeStep(TestStep.java:63)
	at cucumber.runner.TestStep.run(TestStep.java:49)
	at cucumber.runner.PickleStepTestStep.run(PickleStepTestStep.java:43)
	at cucumber.runner.TestCase.run(TestCase.java:44)
	at cucumber.runner.Runner.runPickle(Runner.java:40)
	at cucumber.runtime.Runtime$1.run(Runtime.java:84)
	at cucumber.runtime.Runtime$SameThreadExecutorService.execute(Runtime.java:220)
	at cucumber.runtime.Runtime.run(Runtime.java:81)
	at cucumber.api.cli.Main.run(Main.java:26)
	at cucumber.api.cli.Main$run.call(Unknown Source)
	at com.kms.katalon.core.cucumber.keyword.CucumberBuiltinKeywords$_runFeatureFile_closure1.doCall(CucumberBuiltinKeywords.groovy:106)
	at com.kms.katalon.core.cucumber.keyword.CucumberBuiltinKeywords$_runFeatureFile_closure1.doCall(CucumberBuiltinKeywords.groovy)
	at com.kms.katalon.core.keyword.internal.KeywordMain.runKeyword(KeywordMain.groovy:68)
	at com.kms.katalon.core.keyword.internal.KeywordMain$runKeyword.call(Unknown Source)
	at com.kms.katalon.core.cucumber.keyword.CucumberBuiltinKeywords.runFeatureFile(CucumberBuiltinKeywords.groovy:73)
	at com.kms.katalon.core.cucumber.keyword.CucumberBuiltinKeywords$runFeatureFile$0.callStatic(Unknown Source)
	at com.kms.katalon.core.cucumber.keyword.CucumberBuiltinKeywords.runFeatureFile(CucumberBuiltinKeywords.groovy:246)
	at com.kms.katalon.core.cucumber.keyword.CucumberBuiltinKeywords$runFeatureFile.call(Unknown Source)
	at Script1600698733712.run(Script1600698733712.groovy:18)
	... 13 more
)

2021-11-18 11:16:38 - [TEST_STEP][FAILED] - index = getWindowIndex(): Unable to get the index of the current window (Root cause: com.kms.katalon.core.exception.StepFailedException: Unable to get the index of the current window
	at com.kms.katalon.core.webui.keyword.internal.WebUIKeywordMain.stepFailed(WebUIKeywordMain.groovy:64)
	at com.kms.katalon.core.webui.keyword.internal.WebUIKeywordMain.runKeywordAndReturnInt(WebUIKeywordMain.groovy:56)
	at com.kms.katalon.core.webui.keyword.builtin.GetWindowIndexKeyword.getWindowIndex(GetWindowIndexKeyword.groovy:71)
	at com.kms.katalon.core.webui.keyword.builtin.GetWindowIndexKeyword.execute(GetWindowIndexKeyword.groovy:66)
	at com.kms.katalon.core.keyword.internal.KeywordExecutor.executeKeywordForPlatform(KeywordExecutor.groovy:73)
	at com.kms.katalon.core.webui.keyword.WebUiBuiltInKeywords.getWindowIndex(WebUiBuiltInKeywords.groovy:262)
	at com.kms.katalon.core.webui.keyword.WebUiBuiltInKeywords$getWindowIndex$22.call(Unknown Source)
	at Ana_Sekmeye_Gec.run(Ana_Sekmeye_Gec:18)
	at com.kms.katalon.core.main.ScriptEngine.run(ScriptEngine.java:194)
	at com.kms.katalon.core.main.ScriptEngine.runScriptAsRawText(ScriptEngine.java:119)
	at com.kms.katalon.core.main.TestCaseExecutor.runScript(TestCaseExecutor.java:369)
	at com.kms.katalon.core.main.TestCaseExecutor.doExecute(TestCaseExecutor.java:360)
	at com.kms.katalon.core.main.TestCaseExecutor.processExecutionPhase(TestCaseExecutor.java:339)
	at com.kms.katalon.core.main.TestCaseExecutor.accessMainPhase(TestCaseExecutor.java:331)
	at com.kms.katalon.core.main.TestCaseExecutor.execute(TestCaseExecutor.java:248)
	at com.kms.katalon.core.main.TestCaseMain.runTestCase(TestCaseMain.java:138)
	at com.kms.katalon.core.keyword.builtin.CallTestCaseKeyword$_callTestCase_closure1.doCall(CallTestCaseKeyword.groovy:59)
	at com.kms.katalon.core.keyword.builtin.CallTestCaseKeyword$_callTestCase_closure1.call(CallTestCaseKeyword.groovy)
	at com.kms.katalon.core.keyword.internal.KeywordMain.runKeyword(KeywordMain.groovy:68)
	at com.kms.katalon.core.keyword.builtin.CallTestCaseKeyword.callTestCase(CallTestCaseKeyword.groovy:81)
	at com.kms.katalon.core.keyword.builtin.CallTestCaseKeyword.execute(CallTestCaseKeyword.groovy:44)
	at com.kms.katalon.core.keyword.internal.KeywordExecutor.executeKeywordForPlatform(KeywordExecutor.groovy:73)
	at com.kms.katalon.core.keyword.BuiltinKeywords.callTestCase(BuiltinKeywords.groovy:334)
	at sekmeler.sekmeler.anaSekmeyeGecilir(sekmeler.groovy:55)
	at cucumber.runtime.Utils$1.call(Utils.java:26)
	at cucumber.runtime.Timeout.timeout(Timeout.java:16)
	at cucumber.runtime.Utils.invoke(Utils.java:20)
	at cucumber.runtime.java.JavaStepDefinition.execute(JavaStepDefinition.java:49)
	at cucumber.runner.PickleStepDefinitionMatch.runStep(PickleStepDefinitionMatch.java:50)
	at cucumber.runner.TestStep.executeStep(TestStep.java:63)
	at cucumber.runner.TestStep.run(TestStep.java:49)
	at cucumber.runner.PickleStepTestStep.run(PickleStepTestStep.java:43)
	at cucumber.runner.TestCase.run(TestCase.java:44)
	at cucumber.runner.Runner.runPickle(Runner.java:40)
	at cucumber.runtime.Runtime$1.run(Runtime.java:84)
	at cucumber.runtime.Runtime$SameThreadExecutorService.execute(Runtime.java:220)
	at cucumber.runtime.Runtime.run(Runtime.java:81)
	at cucumber.api.cli.Main.run(Main.java:26)
	at cucumber.api.cli.Main$run.call(Unknown Source)
	at com.kms.katalon.core.cucumber.keyword.CucumberBuiltinKeywords$_runFeatureFile_closure1.doCall(CucumberBuiltinKeywords.groovy:106)
	at com.kms.katalon.core.cucumber.keyword.CucumberBuiltinKeywords$_runFeatureFile_closure1.doCall(CucumberBuiltinKeywords.groovy)
	at com.kms.katalon.core.keyword.internal.KeywordMain.runKeyword(KeywordMain.groovy:68)
	at com.kms.katalon.core.keyword.internal.KeywordMain$runKeyword.call(Unknown Source)
	at com.kms.katalon.core.cucumber.keyword.CucumberBuiltinKeywords.runFeatureFile(CucumberBuiltinKeywords.groovy:73)
	at com.kms.katalon.core.cucumber.keyword.CucumberBuiltinKeywords$runFeatureFile$0.callStatic(Unknown Source)
	at com.kms.katalon.core.cucumber.keyword.CucumberBuiltinKeywords.runFeatureFile(CucumberBuiltinKeywords.groovy:246)
	at com.kms.katalon.core.cucumber.keyword.CucumberBuiltinKeywords$runFeatureFile.call(Unknown Source)
	at Departman Ata_Geri Al.run(Departman Ata_Geri Al:18)
	at com.kms.katalon.core.main.ScriptEngine.run(ScriptEngine.java:194)
	at com.kms.katalon.core.main.ScriptEngine.runScriptAsRawText(ScriptEngine.java:119)
	at com.kms.katalon.core.main.TestCaseExecutor.runScript(TestCaseExecutor.java:369)
	at com.kms.katalon.core.main.TestCaseExecutor.doExecute(TestCaseExecutor.java:360)
	at com.kms.katalon.core.main.TestCaseExecutor.processExecutionPhase(TestCaseExecutor.java:339)
	at com.kms.katalon.core.main.TestCaseExecutor.accessMainPhase(TestCaseExecutor.java:331)
	at com.kms.katalon.core.main.TestCaseExecutor.execute(TestCaseExecutor.java:248)
	at com.kms.katalon.core.main.TestSuiteExecutor.accessTestCaseMainPhase(TestSuiteExecutor.java:191)
	at com.kms.katalon.core.main.TestSuiteExecutor.accessTestSuiteMainPhase(TestSuiteExecutor.java:140)
	at com.kms.katalon.core.main.TestSuiteExecutor.execute(TestSuiteExecutor.java:89)
	at com.kms.katalon.core.main.TestCaseMain.startTestSuite(TestCaseMain.java:181)
	at com.kms.katalon.core.main.TestCaseMain$startTestSuite$0.call(Unknown Source)
	at TempTestSuite1637222960690.run(TempTestSuite1637222960690.groovy:39)
Caused by: org.openqa.selenium.NoSuchWindowException: no such window: window was already closed
  (Session info: chrome=96.0.4664.45)
Build info: version: '3.141.59', revision: 'e82be7d358', time: '2018-11-14T08:25:53'
System info: host: 'DESKTOP-QBVMTUG', ip: '192.168.1.24', os.name: 'Windows 10', os.arch: 'amd64', os.version: '10.0', java.version: '1.8.0_282'
Driver info: com.kms.katalon.selenium.driver.CChromeDriver
Capabilities {acceptInsecureCerts: false, browserName: chrome, browserVersion: 96.0.4664.45, chrome: {chromedriverVersion: 96.0.4664.45 (76e4c1bb2ab46..., userDataDir: C:\Users\DELL\AppData\Local...}, goog:chromeOptions: {debuggerAddress: localhost:63572}, javascriptEnabled: true, networkConnectionEnabled: false, pageLoadStrategy: normal, platform: WINDOWS, platformName: WINDOWS, proxy: Proxy(), setWindowRect: true, strictFileInteractability: false, timeouts: {implicit: 0, pageLoad: 300000, script: 30000}, unhandledPromptBehavior: dismiss and notify, webauthn:extension:credBlob: true, webauthn:extension:largeBlob: true, webauthn:virtualAuthenticators: true}
Session ID: f9cc55b954ab0ea70127efd7caec71d9
	at org.openqa.selenium.remote.http.W3CHttpResponseCodec.createException(W3CHttpResponseCodec.java:187)
	at org.openqa.selenium.remote.http.W3CHttpResponseCodec.decode(W3CHttpResponseCodec.java:122)
	at org.openqa.selenium.remote.http.W3CHttpResponseCodec.decode(W3CHttpResponseCodec.java:49)
	at org.openqa.selenium.remote.HttpCommandExecutor.execute(HttpCommandExecutor.java:158)
	at org.openqa.selenium.remote.service.DriverCommandExecutor.execute(DriverCommandExecutor.java:83)
	at org.openqa.selenium.remote.RemoteWebDriver.execute(RemoteWebDriver.java:552)
	at com.kms.katalon.selenium.driver.CChromeDriver.execute(CChromeDriver.java:19)
	at org.openqa.selenium.remote.RemoteWebDriver.execute(RemoteWebDriver.java:609)
	at org.openqa.selenium.remote.RemoteWebDriver.getWindowHandle(RemoteWebDriver.java:472)
	at org.openqa.selenium.support.events.EventFiringWebDriver.lambda$new$1(EventFiringWebDriver.java:105)
	at com.sun.proxy.$Proxy12.getWindowHandle(Unknown Source)
	at org.openqa.selenium.support.events.EventFiringWebDriver.getWindowHandle(EventFiringWebDriver.java:221)
	at com.kms.katalon.core.webui.driver.DriverFactory.getCurrentWindowIndex(DriverFactory.java:1072)
	at com.kms.katalon.core.webui.keyword.builtin.GetWindowIndexKeyword$_getWindowIndex_closure1.doCall(GetWindowIndexKeyword.groovy:73)
	at com.kms.katalon.core.webui.keyword.builtin.GetWindowIndexKeyword$_getWindowIndex_closure1.call(GetWindowIndexKeyword.groovy)
	at com.kms.katalon.core.webui.keyword.internal.WebUIKeywordMain.runKeywordAndReturnInt(WebUIKeywordMain.groovy:50)
	at com.kms.katalon.core.webui.keyword.builtin.GetWindowIndexKeyword.getWindowIndex(GetWindowIndexKeyword.groovy:71)
	at com.kms.katalon.core.webui.keyword.builtin.GetWindowIndexKeyword.execute(GetWindowIndexKeyword.groovy:66)
	at com.kms.katalon.core.keyword.internal.KeywordExecutor.executeKeywordForPlatform(KeywordExecutor.groovy:73)
	at com.kms.katalon.core.webui.keyword.WebUiBuiltInKeywords.getWindowIndex(WebUiBuiltInKeywords.groovy:262)
	at com.kms.katalon.core.webui.keyword.WebUiBuiltInKeywords$getWindowIndex$22.call(Unknown Source)
	at Script1586261051750.run(Script1586261051750.groovy:18)
	at com.kms.katalon.core.main.ScriptEngine.run(ScriptEngine.java:194)
	at com.kms.katalon.core.main.ScriptEngine.runScriptAsRawText(ScriptEngine.java:119)
	at com.kms.katalon.core.main.TestCaseExecutor.runScript(TestCaseExecutor.java:369)
	at com.kms.katalon.core.main.TestCaseExecutor.doExecute(TestCaseExecutor.java:360)
	at com.kms.katalon.core.main.TestCaseExecutor.processExecutionPhase(TestCaseExecutor.java:339)
	at com.kms.katalon.core.main.TestCaseExecutor.accessMainPhase(TestCaseExecutor.java:331)
	at com.kms.katalon.core.main.TestCaseExecutor.execute(TestCaseExecutor.java:248)
	at com.kms.katalon.core.main.TestCaseMain.runTestCase(TestCaseMain.java:138)
	at com.kms.katalon.core.keyword.builtin.CallTestCaseKeyword$_callTestCase_closure1.doCall(CallTestCaseKeyword.groovy:59)
	at com.kms.katalon.core.keyword.builtin.CallTestCaseKeyword$_callTestCase_closure1.call(CallTestCaseKeyword.groovy)
	at com.kms.katalon.core.keyword.internal.KeywordMain.runKeyword(KeywordMain.groovy:68)
	at com.kms.katalon.core.keyword.builtin.CallTestCaseKeyword.callTestCase(CallTestCaseKeyword.groovy:81)
	at com.kms.katalon.core.keyword.builtin.CallTestCaseKeyword.execute(CallTestCaseKeyword.groovy:44)
	at com.kms.katalon.core.keyword.internal.KeywordExecutor.executeKeywordForPlatform(KeywordExecutor.groovy:73)
	at com.kms.katalon.core.keyword.BuiltinKeywords.callTestCase(BuiltinKeywords.groovy:334)
	at sekmeler.sekmeler.anaSekmeyeGecilir(sekmeler.groovy:55)
	at cucumber.runtime.Utils$1.call(Utils.java:26)
	at cucumber.runtime.Timeout.timeout(Timeout.java:16)
	at cucumber.runtime.Utils.invoke(Utils.java:20)
	at cucumber.runtime.java.JavaStepDefinition.execute(JavaStepDefinition.java:49)
	at cucumber.runner.PickleStepDefinitionMatch.runStep(PickleStepDefinitionMatch.java:50)
	at cucumber.runner.TestStep.executeStep(TestStep.java:63)
	at cucumber.runner.TestStep.run(TestStep.java:49)
	at cucumber.runner.PickleStepTestStep.run(PickleStepTestStep.java:43)
	at cucumber.runner.TestCase.run(TestCase.java:44)
	at cucumber.runner.Runner.runPickle(Runner.java:40)
	at cucumber.runtime.Runtime$1.run(Runtime.java:84)
	at cucumber.runtime.Runtime$SameThreadExecutorService.execute(Runtime.java:220)
	at cucumber.runtime.Runtime.run(Runtime.java:81)
	at cucumber.api.cli.Main.run(Main.java:26)
	at cucumber.api.cli.Main$run.call(Unknown Source)
	at com.kms.katalon.core.cucumber.keyword.CucumberBuiltinKeywords$_runFeatureFile_closure1.doCall(CucumberBuiltinKeywords.groovy:106)
	at com.kms.katalon.core.cucumber.keyword.CucumberBuiltinKeywords$_runFeatureFile_closure1.doCall(CucumberBuiltinKeywords.groovy)
	at com.kms.katalon.core.keyword.internal.KeywordMain.runKeyword(KeywordMain.groovy:68)
	at com.kms.katalon.core.keyword.internal.KeywordMain$runKeyword.call(Unknown Source)
	at com.kms.katalon.core.cucumber.keyword.CucumberBuiltinKeywords.runFeatureFile(CucumberBuiltinKeywords.groovy:73)
	at com.kms.katalon.core.cucumber.keyword.CucumberBuiltinKeywords$runFeatureFile$0.callStatic(Unknown Source)
	at com.kms.katalon.core.cucumber.keyword.CucumberBuiltinKeywords.runFeatureFile(CucumberBuiltinKeywords.groovy:246)
	at com.kms.katalon.core.cucumber.keyword.CucumberBuiltinKeywords$runFeatureFile.call(Unknown Source)
	at Script1600698733712.run(Script1600698733712.groovy:18)
	... 13 more
)

2021-11-18 11:16:38 - [MESSAGE][INFO] - Getting current window's index

2021-11-18 11:16:38 - [MESSAGE][FAILED] - Unable to get the index of the current window (Root cause: com.kms.katalon.core.exception.StepFailedException: Unable to get the index of the current window
	at com.kms.katalon.core.webui.keyword.internal.WebUIKeywordMain.stepFailed(WebUIKeywordMain.groovy:64)
	at com.kms.katalon.core.webui.keyword.internal.WebUIKeywordMain.runKeywordAndReturnInt(WebUIKeywordMain.groovy:56)
	at com.kms.katalon.core.webui.keyword.builtin.GetWindowIndexKeyword.getWindowIndex(GetWindowIndexKeyword.groovy:71)
	at com.kms.katalon.core.webui.keyword.builtin.GetWindowIndexKeyword.execute(GetWindowIndexKeyword.groovy:66)
	at com.kms.katalon.core.keyword.internal.KeywordExecutor.executeKeywordForPlatform(KeywordExecutor.groovy:73)
	at com.kms.katalon.core.webui.keyword.WebUiBuiltInKeywords.getWindowIndex(WebUiBuiltInKeywords.groovy:262)
	at com.kms.katalon.core.webui.keyword.WebUiBuiltInKeywords$getWindowIndex$22.call(Unknown Source)
	at Ana_Sekmeye_Gec.run(Ana_Sekmeye_Gec:18)
	at com.kms.katalon.core.main.ScriptEngine.run(ScriptEngine.java:194)
	at com.kms.katalon.core.main.ScriptEngine.runScriptAsRawText(ScriptEngine.java:119)
	at com.kms.katalon.core.main.TestCaseExecutor.runScript(TestCaseExecutor.java:369)
	at com.kms.katalon.core.main.TestCaseExecutor.doExecute(TestCaseExecutor.java:360)
	at com.kms.katalon.core.main.TestCaseExecutor.processExecutionPhase(TestCaseExecutor.java:339)
	at com.kms.katalon.core.main.TestCaseExecutor.accessMainPhase(TestCaseExecutor.java:331)
	at com.kms.katalon.core.main.TestCaseExecutor.execute(TestCaseExecutor.java:248)
	at com.kms.katalon.core.main.TestCaseMain.runTestCase(TestCaseMain.java:138)
	at com.kms.katalon.core.keyword.builtin.CallTestCaseKeyword$_callTestCase_closure1.doCall(CallTestCaseKeyword.groovy:59)
	at com.kms.katalon.core.keyword.builtin.CallTestCaseKeyword$_callTestCase_closure1.call(CallTestCaseKeyword.groovy)
	at com.kms.katalon.core.keyword.internal.KeywordMain.runKeyword(KeywordMain.groovy:68)
	at com.kms.katalon.core.keyword.builtin.CallTestCaseKeyword.callTestCase(CallTestCaseKeyword.groovy:81)
	at com.kms.katalon.core.keyword.builtin.CallTestCaseKeyword.execute(CallTestCaseKeyword.groovy:44)
	at com.kms.katalon.core.keyword.internal.KeywordExecutor.executeKeywordForPlatform(KeywordExecutor.groovy:73)
	at com.kms.katalon.core.keyword.BuiltinKeywords.callTestCase(BuiltinKeywords.groovy:334)
	at sekmeler.sekmeler.anaSekmeyeGecilir(sekmeler.groovy:55)
	at cucumber.runtime.Utils$1.call(Utils.java:26)
	at cucumber.runtime.Timeout.timeout(Timeout.java:16)
	at cucumber.runtime.Utils.invoke(Utils.java:20)
	at cucumber.runtime.java.JavaStepDefinition.execute(JavaStepDefinition.java:49)
	at cucumber.runner.PickleStepDefinitionMatch.runStep(PickleStepDefinitionMatch.java:50)
	at cucumber.runner.TestStep.executeStep(TestStep.java:63)
	at cucumber.runner.TestStep.run(TestStep.java:49)
	at cucumber.runner.PickleStepTestStep.run(PickleStepTestStep.java:43)
	at cucumber.runner.TestCase.run(TestCase.java:44)
	at cucumber.runner.Runner.runPickle(Runner.java:40)
	at cucumber.runtime.Runtime$1.run(Runtime.java:84)
	at cucumber.runtime.Runtime$SameThreadExecutorService.execute(Runtime.java:220)
	at cucumber.runtime.Runtime.run(Runtime.java:81)
	at cucumber.api.cli.Main.run(Main.java:26)
	at cucumber.api.cli.Main$run.call(Unknown Source)
	at com.kms.katalon.core.cucumber.keyword.CucumberBuiltinKeywords$_runFeatureFile_closure1.doCall(CucumberBuiltinKeywords.groovy:106)
	at com.kms.katalon.core.cucumber.keyword.CucumberBuiltinKeywords$_runFeatureFile_closure1.doCall(CucumberBuiltinKeywords.groovy)
	at com.kms.katalon.core.keyword.internal.KeywordMain.runKeyword(KeywordMain.groovy:68)
	at com.kms.katalon.core.keyword.internal.KeywordMain$runKeyword.call(Unknown Source)
	at com.kms.katalon.core.cucumber.keyword.CucumberBuiltinKeywords.runFeatureFile(CucumberBuiltinKeywords.groovy:73)
	at com.kms.katalon.core.cucumber.keyword.CucumberBuiltinKeywords$runFeatureFile$0.callStatic(Unknown Source)
	at com.kms.katalon.core.cucumber.keyword.CucumberBuiltinKeywords.runFeatureFile(CucumberBuiltinKeywords.groovy:246)
	at com.kms.katalon.core.cucumber.keyword.CucumberBuiltinKeywords$runFeatureFile.call(Unknown Source)
	at Departman Ata_Geri Al.run(Departman Ata_Geri Al:18)
	at com.kms.katalon.core.main.ScriptEngine.run(ScriptEngine.java:194)
	at com.kms.katalon.core.main.ScriptEngine.runScriptAsRawText(ScriptEngine.java:119)
	at com.kms.katalon.core.main.TestCaseExecutor.runScript(TestCaseExecutor.java:369)
	at com.kms.katalon.core.main.TestCaseExecutor.doExecute(TestCaseExecutor.java:360)
	at com.kms.katalon.core.main.TestCaseExecutor.processExecutionPhase(TestCaseExecutor.java:339)
	at com.kms.katalon.core.main.TestCaseExecutor.accessMainPhase(TestCaseExecutor.java:331)
	at com.kms.katalon.core.main.TestCaseExecutor.execute(TestCaseExecutor.java:248)
	at com.kms.katalon.core.main.TestSuiteExecutor.accessTestCaseMainPhase(TestSuiteExecutor.java:191)
	at com.kms.katalon.core.main.TestSuiteExecutor.accessTestSuiteMainPhase(TestSuiteExecutor.java:140)
	at com.kms.katalon.core.main.TestSuiteExecutor.execute(TestSuiteExecutor.java:89)
	at com.kms.katalon.core.main.TestCaseMain.startTestSuite(TestCaseMain.java:181)
	at com.kms.katalon.core.main.TestCaseMain$startTestSuite$0.call(Unknown Source)
	at TempTestSuite1637222960690.run(TempTestSuite1637222960690.groovy:39)
Caused by: org.openqa.selenium.NoSuchWindowException: no such window: window was already closed
  (Session info: chrome=96.0.4664.45)
Build info: version: '3.141.59', revision: 'e82be7d358', time: '2018-11-14T08:25:53'
System info: host: 'DESKTOP-QBVMTUG', ip: '192.168.1.24', os.name: 'Windows 10', os.arch: 'amd64', os.version: '10.0', java.version: '1.8.0_282'
Driver info: com.kms.katalon.selenium.driver.CChromeDriver
Capabilities {acceptInsecureCerts: false, browserName: chrome, browserVersion: 96.0.4664.45, chrome: {chromedriverVersion: 96.0.4664.45 (76e4c1bb2ab46..., userDataDir: C:\Users\DELL\AppData\Local...}, goog:chromeOptions: {debuggerAddress: localhost:63572}, javascriptEnabled: true, networkConnectionEnabled: false, pageLoadStrategy: normal, platform: WINDOWS, platformName: WINDOWS, proxy: Proxy(), setWindowRect: true, strictFileInteractability: false, timeouts: {implicit: 0, pageLoad: 300000, script: 30000}, unhandledPromptBehavior: dismiss and notify, webauthn:extension:credBlob: true, webauthn:extension:largeBlob: true, webauthn:virtualAuthenticators: true}
Session ID: f9cc55b954ab0ea70127efd7caec71d9
	at org.openqa.selenium.remote.http.W3CHttpResponseCodec.createException(W3CHttpResponseCodec.java:187)
	at org.openqa.selenium.remote.http.W3CHttpResponseCodec.decode(W3CHttpResponseCodec.java:122)
	at org.openqa.selenium.remote.http.W3CHttpResponseCodec.decode(W3CHttpResponseCodec.java:49)
	at org.openqa.selenium.remote.HttpCommandExecutor.execute(HttpCommandExecutor.java:158)
	at org.openqa.selenium.remote.service.DriverCommandExecutor.execute(DriverCommandExecutor.java:83)
	at org.openqa.selenium.remote.RemoteWebDriver.execute(RemoteWebDriver.java:552)
	at com.kms.katalon.selenium.driver.CChromeDriver.execute(CChromeDriver.java:19)
	at org.openqa.selenium.remote.RemoteWebDriver.execute(RemoteWebDriver.java:609)
	at org.openqa.selenium.remote.RemoteWebDriver.getWindowHandle(RemoteWebDriver.java:472)
	at org.openqa.selenium.support.events.EventFiringWebDriver.lambda$new$1(EventFiringWebDriver.java:105)
	at com.sun.proxy.$Proxy12.getWindowHandle(Unknown Source)
	at org.openqa.selenium.support.events.EventFiringWebDriver.getWindowHandle(EventFiringWebDriver.java:221)
	at com.kms.katalon.core.webui.driver.DriverFactory.getCurrentWindowIndex(DriverFactory.java:1072)
	at com.kms.katalon.core.webui.keyword.builtin.GetWindowIndexKeyword$_getWindowIndex_closure1.doCall(GetWindowIndexKeyword.groovy:73)
	at com.kms.katalon.core.webui.keyword.builtin.GetWindowIndexKeyword$_getWindowIndex_closure1.call(GetWindowIndexKeyword.groovy)
	at com.kms.katalon.core.webui.keyword.internal.WebUIKeywordMain.runKeywordAndReturnInt(WebUIKeywordMain.groovy:50)
	at com.kms.katalon.core.webui.keyword.builtin.GetWindowIndexKeyword.getWindowIndex(GetWindowIndexKeyword.groovy:71)
	at com.kms.katalon.core.webui.keyword.builtin.GetWindowIndexKeyword.execute(GetWindowIndexKeyword.groovy:66)
	at com.kms.katalon.core.keyword.internal.KeywordExecutor.executeKeywordForPlatform(KeywordExecutor.groovy:73)
	at com.kms.katalon.core.webui.keyword.WebUiBuiltInKeywords.getWindowIndex(WebUiBuiltInKeywords.groovy:262)
	at com.kms.katalon.core.webui.keyword.WebUiBuiltInKeywords$getWindowIndex$22.call(Unknown Source)
	at Script1586261051750.run(Script1586261051750.groovy:18)
	at com.kms.katalon.core.main.ScriptEngine.run(ScriptEngine.java:194)
	at com.kms.katalon.core.main.ScriptEngine.runScriptAsRawText(ScriptEngine.java:119)
	at com.kms.katalon.core.main.TestCaseExecutor.runScript(TestCaseExecutor.java:369)
	at com.kms.katalon.core.main.TestCaseExecutor.doExecute(TestCaseExecutor.java:360)
	at com.kms.katalon.core.main.TestCaseExecutor.processExecutionPhase(TestCaseExecutor.java:339)
	at com.kms.katalon.core.main.TestCaseExecutor.accessMainPhase(TestCaseExecutor.java:331)
	at com.kms.katalon.core.main.TestCaseExecutor.execute(TestCaseExecutor.java:248)
	at com.kms.katalon.core.main.TestCaseMain.runTestCase(TestCaseMain.java:138)
	at com.kms.katalon.core.keyword.builtin.CallTestCaseKeyword$_callTestCase_closure1.doCall(CallTestCaseKeyword.groovy:59)
	at com.kms.katalon.core.keyword.builtin.CallTestCaseKeyword$_callTestCase_closure1.call(CallTestCaseKeyword.groovy)
	at com.kms.katalon.core.keyword.internal.KeywordMain.runKeyword(KeywordMain.groovy:68)
	at com.kms.katalon.core.keyword.builtin.CallTestCaseKeyword.callTestCase(CallTestCaseKeyword.groovy:81)
	at com.kms.katalon.core.keyword.builtin.CallTestCaseKeyword.execute(CallTestCaseKeyword.groovy:44)
	at com.kms.katalon.core.keyword.internal.KeywordExecutor.executeKeywordForPlatform(KeywordExecutor.groovy:73)
	at com.kms.katalon.core.keyword.BuiltinKeywords.callTestCase(BuiltinKeywords.groovy:334)
	at sekmeler.sekmeler.anaSekmeyeGecilir(sekmeler.groovy:55)
	at cucumber.runtime.Utils$1.call(Utils.java:26)
	at cucumber.runtime.Timeout.timeout(Timeout.java:16)
	at cucumber.runtime.Utils.invoke(Utils.java:20)
	at cucumber.runtime.java.JavaStepDefinition.execute(JavaStepDefinition.java:49)
	at cucumber.runner.PickleStepDefinitionMatch.runStep(PickleStepDefinitionMatch.java:50)
	at cucumber.runner.TestStep.executeStep(TestStep.java:63)
	at cucumber.runner.TestStep.run(TestStep.java:49)
	at cucumber.runner.PickleStepTestStep.run(PickleStepTestStep.java:43)
	at cucumber.runner.TestCase.run(TestCase.java:44)
	at cucumber.runner.Runner.runPickle(Runner.java:40)
	at cucumber.runtime.Runtime$1.run(Runtime.java:84)
	at cucumber.runtime.Runtime$SameThreadExecutorService.execute(Runtime.java:220)
	at cucumber.runtime.Runtime.run(Runtime.java:81)
	at cucumber.api.cli.Main.run(Main.java:26)
	at cucumber.api.cli.Main$run.call(Unknown Source)
	at com.kms.katalon.core.cucumber.keyword.CucumberBuiltinKeywords$_runFeatureFile_closure1.doCall(CucumberBuiltinKeywords.groovy:106)
	at com.kms.katalon.core.cucumber.keyword.CucumberBuiltinKeywords$_runFeatureFile_closure1.doCall(CucumberBuiltinKeywords.groovy)
	at com.kms.katalon.core.keyword.internal.KeywordMain.runKeyword(KeywordMain.groovy:68)
	at com.kms.katalon.core.keyword.internal.KeywordMain$runKeyword.call(Unknown Source)
	at com.kms.katalon.core.cucumber.keyword.CucumberBuiltinKeywords.runFeatureFile(CucumberBuiltinKeywords.groovy:73)
	at com.kms.katalon.core.cucumber.keyword.CucumberBuiltinKeywords$runFeatureFile$0.callStatic(Unknown Source)
	at com.kms.katalon.core.cucumber.keyword.CucumberBuiltinKeywords.runFeatureFile(CucumberBuiltinKeywords.groovy:246)
	at com.kms.katalon.core.cucumber.keyword.CucumberBuiltinKeywords$runFeatureFile.call(Unknown Source)
	at Script1600698733712.run(Script1600698733712.groovy:18)
	... 13 more
)

2021-11-18 11:16:38 - [TEST_STEP][PASSED] - catch (Exception e): null

2021-11-18 11:16:38 - [TEST_STEP][PASSED] - switchToWindowIndex(0): Switched to window with index: '0'

2021-11-18 11:16:38 - [MESSAGE][INFO] - Checking index

2021-11-18 11:16:38 - [MESSAGE][INFO] - Switching window with index: '0'

2021-11-18 11:16:38 - [MESSAGE][PASSED] - Switched to window with index: '0'

2021-11-18 11:16:38 - [MESSAGE][PASSED] - Call Test Case 'Test Cases/Sekmeler/Ana_Sekmeye_Gec' successfully

2021-11-18 11:16:38 - [MESSAGE][INFO] - Checking called Test Case

2021-11-18 11:16:38 - [MESSAGE][INFO] - Starting to call Test Case 'Test Cases/Butonlar/ButonaTikla'

2021-11-18 11:16:38 - [TEST_CASE][PASSED] - Test Cases/Butonlar/ButonaTikla: Test Cases/Butonlar/ButonaTikla

2021-11-18 11:16:38 - [TEST_STEP][PASSED] - Method.TextDegerineEsitElementeTiklaEquals(findTestObject("Butonlar/Butonlar"), Buton_Adi): Method.TextDegerineEsitElementeTiklaEquals is PASSED

2021-11-18 11:16:38 - [MESSAGE][INFO] - Finding Test Object 'Object Repository/Butonlar/Butonlar'

2021-11-18 11:16:38 - [MESSAGE][INFO] - Checking timeout

2021-11-18 11:16:38 - [MESSAGE][INFO] - Finding web element with id: 'Object Repository/Butonlar/Butonlar' located by 'By.cssSelector: .panel.panel-default.text-center.footerPanel .btn,.btn.btn-primary.btnControls' in '10' second(s)

2021-11-18 11:16:38 - [MESSAGE][INFO] - Smart Wait Function is triggered

2021-11-18 11:16:39 - [MESSAGE][INFO] - Found 6 web elements with id: 'Object Repository/Butonlar/Butonlar' located by 'By.cssSelector: .panel.panel-default.text-center.footerPanel .btn,.btn.btn-primary.btnControls' in '10' second(s)

2021-11-18 11:16:39 - [MESSAGE][PASSED] - Method.TextDegerineEsitElementeTiklaEquals is PASSED

2021-11-18 11:16:39 - [MESSAGE][PASSED] - Call Test Case 'Test Cases/Butonlar/ButonaTikla' successfully

2021-11-18 11:16:39 - [MESSAGE][INFO] - Checking called Test Case

2021-11-18 11:16:39 - [MESSAGE][INFO] - Starting to call Test Case 'Test Cases/Sekmeler/YeniSekmeyeGec'

2021-11-18 11:16:39 - [TEST_CASE][PASSED] - Test Cases/Sekmeler/YeniSekmeyeGec: Test Cases/Sekmeler/YeniSekmeyeGec

2021-11-18 11:16:39 - [TEST_STEP][PASSED] - switchToWindowIndex(1): Switched to window with index: '1'

2021-11-18 11:16:39 - [MESSAGE][INFO] - Checking index

2021-11-18 11:16:39 - [MESSAGE][INFO] - Switching window with index: '1'

2021-11-18 11:16:39 - [MESSAGE][PASSED] - Switched to window with index: '1'

2021-11-18 11:16:39 - [MESSAGE][PASSED] - Call Test Case 'Test Cases/Sekmeler/YeniSekmeyeGec' successfully

2021-11-18 11:16:39 - [MESSAGE][INFO] - Checking called Test Case

2021-11-18 11:16:39 - [MESSAGE][INFO] - Starting to call Test Case 'Test Cases/Sekmeler/DepartmanCheckboxiSecilir'

2021-11-18 11:16:39 - [TEST_CASE][PASSED] - Test Cases/Sekmeler/DepartmanCheckboxiSecilir: Test Cases/Sekmeler/DepartmanCheckboxiSecilir

2021-11-18 11:16:39 - [TEST_STEP][PASSED] - Method.TextDegerineEsitElementeTikla(findTestObject("Object Repository/Sekmeler/DepartmanCheckboxi"), Departman): Method.TextDegerineEsitElementeTikla is PASSED

2021-11-18 11:16:39 - [MESSAGE][INFO] - Finding Test Object 'Object Repository/Sekmeler/DepartmanCheckboxi'

2021-11-18 11:16:40 - [MESSAGE][INFO] - Checking timeout

2021-11-18 11:16:40 - [MESSAGE][INFO] - Finding web element with id: 'Object Repository/Sekmeler/DepartmanCheckboxi' located by 'By.cssSelector: .dx-wrap' in '10' second(s)

2021-11-18 11:16:40 - [MESSAGE][INFO] - Smart Wait Function is triggered

2021-11-18 11:16:40 - [MESSAGE][INFO] - Found 4 web elements with id: 'Object Repository/Sekmeler/DepartmanCheckboxi' located by 'By.cssSelector: .dx-wrap' in '10' second(s)

2021-11-18 11:16:40 - [MESSAGE][PASSED] - Method.TextDegerineEsitElementeTikla is PASSED

2021-11-18 11:16:40 - [MESSAGE][PASSED] - Call Test Case 'Test Cases/Sekmeler/DepartmanCheckboxiSecilir' successfully

2021-11-18 11:16:40 - [MESSAGE][INFO] - Checking called Test Case

2021-11-18 11:16:40 - [MESSAGE][INFO] - Starting to call Test Case 'Test Cases/Sekmeler/DepartmanKaydedilir'

2021-11-18 11:16:40 - [TEST_CASE][PASSED] - Test Cases/Sekmeler/DepartmanKaydedilir: Test Cases/Sekmeler/DepartmanKaydedilir

2021-11-18 11:16:40 - [TEST_STEP][PASSED] - waitForElementClickable(findTestObject("Object Repository/Sekmeler/DepartmanKaydetButoni"), 10): Object 'Object Repository/Sekmeler/DepartmanKaydetButoni' is clickable

2021-11-18 11:16:40 - [MESSAGE][INFO] - Finding Test Object 'Object Repository/Sekmeler/DepartmanKaydetButoni'

2021-11-18 11:16:40 - [MESSAGE][INFO] - Checking object

2021-11-18 11:16:40 - [MESSAGE][INFO] - Checking timeout

2021-11-18 11:16:40 - [MESSAGE][INFO] - Finding web element from Test Object's properties

2021-11-18 11:16:40 - [MESSAGE][INFO] - Checking timeout

2021-11-18 11:16:40 - [MESSAGE][INFO] - Finding web element with id: 'Object Repository/Sekmeler/DepartmanKaydetButoni' located by 'By.cssSelector: .dx-vam' in '10' second(s)

2021-11-18 11:16:40 - [MESSAGE][INFO] - Smart Wait Function is triggered

2021-11-18 11:16:40 - [MESSAGE][INFO] - Found 1 web elements with id: 'Object Repository/Sekmeler/DepartmanKaydetButoni' located by 'By.cssSelector: .dx-vam' in '10' second(s)

2021-11-18 11:16:40 - [MESSAGE][PASSED] - Object 'Object Repository/Sekmeler/DepartmanKaydetButoni' is clickable

2021-11-18 11:16:40 - [TEST_STEP][PASSED] - click(findTestObject("Object Repository/Sekmeler/DepartmanKaydetButoni")): Object: 'Object Repository/Sekmeler/DepartmanKaydetButoni' is clicked on

2021-11-18 11:16:40 - [MESSAGE][INFO] - Finding Test Object 'Object Repository/Sekmeler/DepartmanKaydetButoni'

2021-11-18 11:16:41 - [MESSAGE][INFO] - Checking object

2021-11-18 11:16:41 - [MESSAGE][INFO] - Finding web element from Test Object's properties

2021-11-18 11:16:41 - [MESSAGE][INFO] - Checking timeout

2021-11-18 11:16:41 - [MESSAGE][INFO] - Finding web element with id: 'Object Repository/Sekmeler/DepartmanKaydetButoni' located by 'By.cssSelector: .dx-vam' in '30' second(s)

2021-11-18 11:16:41 - [MESSAGE][INFO] - Smart Wait Function is triggered

2021-11-18 11:16:41 - [MESSAGE][INFO] - Found 1 web elements with id: 'Object Repository/Sekmeler/DepartmanKaydetButoni' located by 'By.cssSelector: .dx-vam' in '30' second(s)

2021-11-18 11:16:41 - [MESSAGE][INFO] - Clicking on object: 'Object Repository/Sekmeler/DepartmanKaydetButoni'

2021-11-18 11:16:41 - [MESSAGE][PASSED] - Object: 'Object Repository/Sekmeler/DepartmanKaydetButoni' is clicked on

2021-11-18 11:16:41 - [MESSAGE][PASSED] - Call Test Case 'Test Cases/Sekmeler/DepartmanKaydedilir' successfully

2021-11-18 11:16:41 - [MESSAGE][INFO] - Checking called Test Case

2021-11-18 11:16:41 - [MESSAGE][INFO] - Starting to call Test Case 'Test Cases/Popup/PopupMesajiIceriyorMu'

2021-11-18 11:16:41 - [TEST_CASE][PASSED] - Test Cases/Popup/PopupMesajiIceriyorMu: Test Cases/Popup/PopupMesajiIceriyorMu

2021-11-18 11:16:41 - [TEST_STEP][PASSED] - waitForElementVisible(findTestObject("Popup/Popup"), 10): Object 'Object Repository/Popup/Popup' is visible

2021-11-18 11:16:41 - [MESSAGE][INFO] - Finding Test Object 'Object Repository/Popup/Popup'

2021-11-18 11:16:41 - [MESSAGE][INFO] - Checking object

2021-11-18 11:16:41 - [MESSAGE][INFO] - Checking timeout

2021-11-18 11:16:41 - [MESSAGE][INFO] - Finding web element from Test Object's properties

2021-11-18 11:16:41 - [MESSAGE][INFO] - Checking timeout

2021-11-18 11:16:41 - [MESSAGE][INFO] - Finding web element with id: 'Object Repository/Popup/Popup' located by 'By.cssSelector: .bootbox-body' in '10' second(s)

2021-11-18 11:16:41 - [MESSAGE][INFO] - Smart Wait Function is triggered

2021-11-18 11:16:42 - [MESSAGE][INFO] - Found 1 web elements with id: 'Object Repository/Popup/Popup' located by 'By.cssSelector: .bootbox-body' in '10' second(s)

2021-11-18 11:16:42 - [MESSAGE][PASSED] - Object 'Object Repository/Popup/Popup' is visible

2021-11-18 11:16:42 - [TEST_STEP][PASSED] - if (!(getText(findTestObject("Popup/Popup")).contains(Mesaj))): Text of object 'Object Repository/Popup/Popup' is: 'Seçilen belgelerin ilgili departmanlardaki yetkisi kaldırılmıştır.'

2021-11-18 11:16:42 - [MESSAGE][INFO] - Finding Test Object 'Object Repository/Popup/Popup'

2021-11-18 11:16:42 - [MESSAGE][INFO] - Checking object

2021-11-18 11:16:42 - [MESSAGE][INFO] - Finding web element from Test Object's properties

2021-11-18 11:16:42 - [MESSAGE][INFO] - Checking timeout

2021-11-18 11:16:42 - [MESSAGE][INFO] - Finding web element with id: 'Object Repository/Popup/Popup' located by 'By.cssSelector: .bootbox-body' in '30' second(s)

2021-11-18 11:16:42 - [MESSAGE][INFO] - Smart Wait Function is triggered

2021-11-18 11:16:42 - [MESSAGE][INFO] - Found 1 web elements with id: 'Object Repository/Popup/Popup' located by 'By.cssSelector: .bootbox-body' in '30' second(s)

2021-11-18 11:16:42 - [MESSAGE][INFO] - Getting text of object 'Object Repository/Popup/Popup'

2021-11-18 11:16:42 - [MESSAGE][PASSED] - Text of object 'Object Repository/Popup/Popup' is: 'Seçilen belgelerin ilgili departmanlardaki yetkisi kaldırılmıştır.'

2021-11-18 11:16:42 - [TEST_STEP][PASSED] - RaporNo = getText(findTestObject("Popup/Popup")).substring(0, 6): Text of object 'Object Repository/Popup/Popup' is: 'Seçilen belgelerin ilgili departmanlardaki yetkisi kaldırılmıştır.'

2021-11-18 11:16:42 - [MESSAGE][INFO] - Finding Test Object 'Object Repository/Popup/Popup'

2021-11-18 11:16:43 - [MESSAGE][INFO] - Checking object

2021-11-18 11:16:43 - [MESSAGE][INFO] - Finding web element from Test Object's properties

2021-11-18 11:16:43 - [MESSAGE][INFO] - Checking timeout

2021-11-18 11:16:43 - [MESSAGE][INFO] - Finding web element with id: 'Object Repository/Popup/Popup' located by 'By.cssSelector: .bootbox-body' in '30' second(s)

2021-11-18 11:16:43 - [MESSAGE][INFO] - Smart Wait Function is triggered

2021-11-18 11:16:43 - [MESSAGE][INFO] - Found 1 web elements with id: 'Object Repository/Popup/Popup' located by 'By.cssSelector: .bootbox-body' in '30' second(s)

2021-11-18 11:16:43 - [MESSAGE][INFO] - Getting text of object 'Object Repository/Popup/Popup'

2021-11-18 11:16:43 - [MESSAGE][PASSED] - Text of object 'Object Repository/Popup/Popup' is: 'Seçilen belgelerin ilgili departmanlardaki yetkisi kaldırılmıştır.'

2021-11-18 11:16:43 - [TEST_STEP][PASSED] - Console.println(RaporNo): null

2021-11-18 11:16:43 - [MESSAGE][PASSED] - Call Test Case 'Test Cases/Popup/PopupMesajiIceriyorMu' successfully

2021-11-18 11:16:43 - [MESSAGE][INFO] - Checking called Test Case

2021-11-18 11:16:43 - [MESSAGE][INFO] - Starting to call Test Case 'Test Cases/Popup/PopupButonSecilir'

2021-11-18 11:16:43 - [TEST_CASE][PASSED] - Test Cases/Popup/PopupButonSecilir: Test Cases/Popup/PopupButonSecilir

2021-11-18 11:16:43 - [TEST_STEP][PASSED] - Method.TextDegerineEsitElementeTikla(findTestObject("Popup/Popup_Butons"), Buton): Method.TextDegerineEsitElementeTikla is PASSED

2021-11-18 11:16:43 - [MESSAGE][INFO] - Finding Test Object 'Object Repository/Popup/Popup_Butons'

2021-11-18 11:16:43 - [MESSAGE][INFO] - Checking timeout

2021-11-18 11:16:43 - [MESSAGE][INFO] - Finding web element with id: 'Object Repository/Popup/Popup_Butons' located by 'By.cssSelector: .modal-footer>button' in '10' second(s)

2021-11-18 11:16:43 - [MESSAGE][INFO] - Smart Wait Function is triggered

2021-11-18 11:16:43 - [MESSAGE][INFO] - Found 1 web elements with id: 'Object Repository/Popup/Popup_Butons' located by 'By.cssSelector: .modal-footer>button' in '10' second(s)

2021-11-18 11:16:43 - [MESSAGE][PASSED] - Method.TextDegerineEsitElementeTikla is PASSED

2021-11-18 11:16:43 - [MESSAGE][PASSED] - Call Test Case 'Test Cases/Popup/PopupButonSecilir' successfully

2021-11-18 11:16:43 - [MESSAGE][INFO] - Checking called Test Case

2021-11-18 11:16:43 - [MESSAGE][INFO] - Starting to call Test Case 'Test Cases/Sekmeler/Ana_Sekmeye_Gec'

2021-11-18 11:16:44 - [TEST_CASE][PASSED] - Test Cases/Sekmeler/Ana_Sekmeye_Gec: Test Cases/Sekmeler/Ana_Sekmeye_Gec

2021-11-18 11:16:44 - [TEST_STEP][FAILED] - try: Unable to get the index of the current window (Root cause: com.kms.katalon.core.exception.StepFailedException: Unable to get the index of the current window
	at com.kms.katalon.core.webui.keyword.internal.WebUIKeywordMain.stepFailed(WebUIKeywordMain.groovy:64)
	at com.kms.katalon.core.webui.keyword.internal.WebUIKeywordMain.runKeywordAndReturnInt(WebUIKeywordMain.groovy:56)
	at com.kms.katalon.core.webui.keyword.builtin.GetWindowIndexKeyword.getWindowIndex(GetWindowIndexKeyword.groovy:71)
	at com.kms.katalon.core.webui.keyword.builtin.GetWindowIndexKeyword.execute(GetWindowIndexKeyword.groovy:66)
	at com.kms.katalon.core.keyword.internal.KeywordExecutor.executeKeywordForPlatform(KeywordExecutor.groovy:73)
	at com.kms.katalon.core.webui.keyword.WebUiBuiltInKeywords.getWindowIndex(WebUiBuiltInKeywords.groovy:262)
	at com.kms.katalon.core.webui.keyword.WebUiBuiltInKeywords$getWindowIndex$22.call(Unknown Source)
	at Ana_Sekmeye_Gec.run(Ana_Sekmeye_Gec:18)
	at com.kms.katalon.core.main.ScriptEngine.run(ScriptEngine.java:194)
	at com.kms.katalon.core.main.ScriptEngine.runScriptAsRawText(ScriptEngine.java:119)
	at com.kms.katalon.core.main.TestCaseExecutor.runScript(TestCaseExecutor.java:369)
	at com.kms.katalon.core.main.TestCaseExecutor.doExecute(TestCaseExecutor.java:360)
	at com.kms.katalon.core.main.TestCaseExecutor.processExecutionPhase(TestCaseExecutor.java:339)
	at com.kms.katalon.core.main.TestCaseExecutor.accessMainPhase(TestCaseExecutor.java:331)
	at com.kms.katalon.core.main.TestCaseExecutor.execute(TestCaseExecutor.java:248)
	at com.kms.katalon.core.main.TestCaseMain.runTestCase(TestCaseMain.java:138)
	at com.kms.katalon.core.keyword.builtin.CallTestCaseKeyword$_callTestCase_closure1.doCall(CallTestCaseKeyword.groovy:59)
	at com.kms.katalon.core.keyword.builtin.CallTestCaseKeyword$_callTestCase_closure1.call(CallTestCaseKeyword.groovy)
	at com.kms.katalon.core.keyword.internal.KeywordMain.runKeyword(KeywordMain.groovy:68)
	at com.kms.katalon.core.keyword.builtin.CallTestCaseKeyword.callTestCase(CallTestCaseKeyword.groovy:81)
	at com.kms.katalon.core.keyword.builtin.CallTestCaseKeyword.execute(CallTestCaseKeyword.groovy:44)
	at com.kms.katalon.core.keyword.internal.KeywordExecutor.executeKeywordForPlatform(KeywordExecutor.groovy:73)
	at com.kms.katalon.core.keyword.BuiltinKeywords.callTestCase(BuiltinKeywords.groovy:334)
	at sekmeler.sekmeler.anaSekmeyeGecilir(sekmeler.groovy:55)
	at cucumber.runtime.Utils$1.call(Utils.java:26)
	at cucumber.runtime.Timeout.timeout(Timeout.java:16)
	at cucumber.runtime.Utils.invoke(Utils.java:20)
	at cucumber.runtime.java.JavaStepDefinition.execute(JavaStepDefinition.java:49)
	at cucumber.runner.PickleStepDefinitionMatch.runStep(PickleStepDefinitionMatch.java:50)
	at cucumber.runner.TestStep.executeStep(TestStep.java:63)
	at cucumber.runner.TestStep.run(TestStep.java:49)
	at cucumber.runner.PickleStepTestStep.run(PickleStepTestStep.java:43)
	at cucumber.runner.TestCase.run(TestCase.java:44)
	at cucumber.runner.Runner.runPickle(Runner.java:40)
	at cucumber.runtime.Runtime$1.run(Runtime.java:84)
	at cucumber.runtime.Runtime$SameThreadExecutorService.execute(Runtime.java:220)
	at cucumber.runtime.Runtime.run(Runtime.java:81)
	at cucumber.api.cli.Main.run(Main.java:26)
	at cucumber.api.cli.Main$run.call(Unknown Source)
	at com.kms.katalon.core.cucumber.keyword.CucumberBuiltinKeywords$_runFeatureFile_closure1.doCall(CucumberBuiltinKeywords.groovy:106)
	at com.kms.katalon.core.cucumber.keyword.CucumberBuiltinKeywords$_runFeatureFile_closure1.doCall(CucumberBuiltinKeywords.groovy)
	at com.kms.katalon.core.keyword.internal.KeywordMain.runKeyword(KeywordMain.groovy:68)
	at com.kms.katalon.core.keyword.internal.KeywordMain$runKeyword.call(Unknown Source)
	at com.kms.katalon.core.cucumber.keyword.CucumberBuiltinKeywords.runFeatureFile(CucumberBuiltinKeywords.groovy:73)
	at com.kms.katalon.core.cucumber.keyword.CucumberBuiltinKeywords$runFeatureFile$0.callStatic(Unknown Source)
	at com.kms.katalon.core.cucumber.keyword.CucumberBuiltinKeywords.runFeatureFile(CucumberBuiltinKeywords.groovy:246)
	at com.kms.katalon.core.cucumber.keyword.CucumberBuiltinKeywords$runFeatureFile.call(Unknown Source)
	at Departman Ata_Geri Al.run(Departman Ata_Geri Al:18)
	at com.kms.katalon.core.main.ScriptEngine.run(ScriptEngine.java:194)
	at com.kms.katalon.core.main.ScriptEngine.runScriptAsRawText(ScriptEngine.java:119)
	at com.kms.katalon.core.main.TestCaseExecutor.runScript(TestCaseExecutor.java:369)
	at com.kms.katalon.core.main.TestCaseExecutor.doExecute(TestCaseExecutor.java:360)
	at com.kms.katalon.core.main.TestCaseExecutor.processExecutionPhase(TestCaseExecutor.java:339)
	at com.kms.katalon.core.main.TestCaseExecutor.accessMainPhase(TestCaseExecutor.java:331)
	at com.kms.katalon.core.main.TestCaseExecutor.execute(TestCaseExecutor.java:248)
	at com.kms.katalon.core.main.TestSuiteExecutor.accessTestCaseMainPhase(TestSuiteExecutor.java:191)
	at com.kms.katalon.core.main.TestSuiteExecutor.accessTestSuiteMainPhase(TestSuiteExecutor.java:140)
	at com.kms.katalon.core.main.TestSuiteExecutor.execute(TestSuiteExecutor.java:89)
	at com.kms.katalon.core.main.TestCaseMain.startTestSuite(TestCaseMain.java:181)
	at com.kms.katalon.core.main.TestCaseMain$startTestSuite$0.call(Unknown Source)
	at TempTestSuite1637222960690.run(TempTestSuite1637222960690.groovy:39)
Caused by: org.openqa.selenium.NoSuchWindowException: no such window: window was already closed
  (Session info: chrome=96.0.4664.45)
Build info: version: '3.141.59', revision: 'e82be7d358', time: '2018-11-14T08:25:53'
System info: host: 'DESKTOP-QBVMTUG', ip: '192.168.1.24', os.name: 'Windows 10', os.arch: 'amd64', os.version: '10.0', java.version: '1.8.0_282'
Driver info: com.kms.katalon.selenium.driver.CChromeDriver
Capabilities {acceptInsecureCerts: false, browserName: chrome, browserVersion: 96.0.4664.45, chrome: {chromedriverVersion: 96.0.4664.45 (76e4c1bb2ab46..., userDataDir: C:\Users\DELL\AppData\Local...}, goog:chromeOptions: {debuggerAddress: localhost:63572}, javascriptEnabled: true, networkConnectionEnabled: false, pageLoadStrategy: normal, platform: WINDOWS, platformName: WINDOWS, proxy: Proxy(), setWindowRect: true, strictFileInteractability: false, timeouts: {implicit: 0, pageLoad: 300000, script: 30000}, unhandledPromptBehavior: dismiss and notify, webauthn:extension:credBlob: true, webauthn:extension:largeBlob: true, webauthn:virtualAuthenticators: true}
Session ID: f9cc55b954ab0ea70127efd7caec71d9
	at org.openqa.selenium.remote.http.W3CHttpResponseCodec.createException(W3CHttpResponseCodec.java:187)
	at org.openqa.selenium.remote.http.W3CHttpResponseCodec.decode(W3CHttpResponseCodec.java:122)
	at org.openqa.selenium.remote.http.W3CHttpResponseCodec.decode(W3CHttpResponseCodec.java:49)
	at org.openqa.selenium.remote.HttpCommandExecutor.execute(HttpCommandExecutor.java:158)
	at org.openqa.selenium.remote.service.DriverCommandExecutor.execute(DriverCommandExecutor.java:83)
	at org.openqa.selenium.remote.RemoteWebDriver.execute(RemoteWebDriver.java:552)
	at com.kms.katalon.selenium.driver.CChromeDriver.execute(CChromeDriver.java:19)
	at org.openqa.selenium.remote.RemoteWebDriver.execute(RemoteWebDriver.java:609)
	at org.openqa.selenium.remote.RemoteWebDriver.getWindowHandle(RemoteWebDriver.java:472)
	at org.openqa.selenium.support.events.EventFiringWebDriver.lambda$new$1(EventFiringWebDriver.java:105)
	at com.sun.proxy.$Proxy12.getWindowHandle(Unknown Source)
	at org.openqa.selenium.support.events.EventFiringWebDriver.getWindowHandle(EventFiringWebDriver.java:221)
	at com.kms.katalon.core.webui.driver.DriverFactory.getCurrentWindowIndex(DriverFactory.java:1072)
	at com.kms.katalon.core.webui.keyword.builtin.GetWindowIndexKeyword$_getWindowIndex_closure1.doCall(GetWindowIndexKeyword.groovy:73)
	at com.kms.katalon.core.webui.keyword.builtin.GetWindowIndexKeyword$_getWindowIndex_closure1.call(GetWindowIndexKeyword.groovy)
	at com.kms.katalon.core.webui.keyword.internal.WebUIKeywordMain.runKeywordAndReturnInt(WebUIKeywordMain.groovy:50)
	at com.kms.katalon.core.webui.keyword.builtin.GetWindowIndexKeyword.getWindowIndex(GetWindowIndexKeyword.groovy:71)
	at com.kms.katalon.core.webui.keyword.builtin.GetWindowIndexKeyword.execute(GetWindowIndexKeyword.groovy:66)
	at com.kms.katalon.core.keyword.internal.KeywordExecutor.executeKeywordForPlatform(KeywordExecutor.groovy:73)
	at com.kms.katalon.core.webui.keyword.WebUiBuiltInKeywords.getWindowIndex(WebUiBuiltInKeywords.groovy:262)
	at com.kms.katalon.core.webui.keyword.WebUiBuiltInKeywords$getWindowIndex$22.call(Unknown Source)
	at Script1586261051750.run(Script1586261051750.groovy:18)
	at com.kms.katalon.core.main.ScriptEngine.run(ScriptEngine.java:194)
	at com.kms.katalon.core.main.ScriptEngine.runScriptAsRawText(ScriptEngine.java:119)
	at com.kms.katalon.core.main.TestCaseExecutor.runScript(TestCaseExecutor.java:369)
	at com.kms.katalon.core.main.TestCaseExecutor.doExecute(TestCaseExecutor.java:360)
	at com.kms.katalon.core.main.TestCaseExecutor.processExecutionPhase(TestCaseExecutor.java:339)
	at com.kms.katalon.core.main.TestCaseExecutor.accessMainPhase(TestCaseExecutor.java:331)
	at com.kms.katalon.core.main.TestCaseExecutor.execute(TestCaseExecutor.java:248)
	at com.kms.katalon.core.main.TestCaseMain.runTestCase(TestCaseMain.java:138)
	at com.kms.katalon.core.keyword.builtin.CallTestCaseKeyword$_callTestCase_closure1.doCall(CallTestCaseKeyword.groovy:59)
	at com.kms.katalon.core.keyword.builtin.CallTestCaseKeyword$_callTestCase_closure1.call(CallTestCaseKeyword.groovy)
	at com.kms.katalon.core.keyword.internal.KeywordMain.runKeyword(KeywordMain.groovy:68)
	at com.kms.katalon.core.keyword.builtin.CallTestCaseKeyword.callTestCase(CallTestCaseKeyword.groovy:81)
	at com.kms.katalon.core.keyword.builtin.CallTestCaseKeyword.execute(CallTestCaseKeyword.groovy:44)
	at com.kms.katalon.core.keyword.internal.KeywordExecutor.executeKeywordForPlatform(KeywordExecutor.groovy:73)
	at com.kms.katalon.core.keyword.BuiltinKeywords.callTestCase(BuiltinKeywords.groovy:334)
	at sekmeler.sekmeler.anaSekmeyeGecilir(sekmeler.groovy:55)
	at cucumber.runtime.Utils$1.call(Utils.java:26)
	at cucumber.runtime.Timeout.timeout(Timeout.java:16)
	at cucumber.runtime.Utils.invoke(Utils.java:20)
	at cucumber.runtime.java.JavaStepDefinition.execute(JavaStepDefinition.java:49)
	at cucumber.runner.PickleStepDefinitionMatch.runStep(PickleStepDefinitionMatch.java:50)
	at cucumber.runner.TestStep.executeStep(TestStep.java:63)
	at cucumber.runner.TestStep.run(TestStep.java:49)
	at cucumber.runner.PickleStepTestStep.run(PickleStepTestStep.java:43)
	at cucumber.runner.TestCase.run(TestCase.java:44)
	at cucumber.runner.Runner.runPickle(Runner.java:40)
	at cucumber.runtime.Runtime$1.run(Runtime.java:84)
	at cucumber.runtime.Runtime$SameThreadExecutorService.execute(Runtime.java:220)
	at cucumber.runtime.Runtime.run(Runtime.java:81)
	at cucumber.api.cli.Main.run(Main.java:26)
	at cucumber.api.cli.Main$run.call(Unknown Source)
	at com.kms.katalon.core.cucumber.keyword.CucumberBuiltinKeywords$_runFeatureFile_closure1.doCall(CucumberBuiltinKeywords.groovy:106)
	at com.kms.katalon.core.cucumber.keyword.CucumberBuiltinKeywords$_runFeatureFile_closure1.doCall(CucumberBuiltinKeywords.groovy)
	at com.kms.katalon.core.keyword.internal.KeywordMain.runKeyword(KeywordMain.groovy:68)
	at com.kms.katalon.core.keyword.internal.KeywordMain$runKeyword.call(Unknown Source)
	at com.kms.katalon.core.cucumber.keyword.CucumberBuiltinKeywords.runFeatureFile(CucumberBuiltinKeywords.groovy:73)
	at com.kms.katalon.core.cucumber.keyword.CucumberBuiltinKeywords$runFeatureFile$0.callStatic(Unknown Source)
	at com.kms.katalon.core.cucumber.keyword.CucumberBuiltinKeywords.runFeatureFile(CucumberBuiltinKeywords.groovy:246)
	at com.kms.katalon.core.cucumber.keyword.CucumberBuiltinKeywords$runFeatureFile.call(Unknown Source)
	at Script1600698733712.run(Script1600698733712.groovy:18)
	... 13 more
)

2021-11-18 11:16:44 - [TEST_STEP][FAILED] - index = getWindowIndex(): Unable to get the index of the current window (Root cause: com.kms.katalon.core.exception.StepFailedException: Unable to get the index of the current window
	at com.kms.katalon.core.webui.keyword.internal.WebUIKeywordMain.stepFailed(WebUIKeywordMain.groovy:64)
	at com.kms.katalon.core.webui.keyword.internal.WebUIKeywordMain.runKeywordAndReturnInt(WebUIKeywordMain.groovy:56)
	at com.kms.katalon.core.webui.keyword.builtin.GetWindowIndexKeyword.getWindowIndex(GetWindowIndexKeyword.groovy:71)
	at com.kms.katalon.core.webui.keyword.builtin.GetWindowIndexKeyword.execute(GetWindowIndexKeyword.groovy:66)
	at com.kms.katalon.core.keyword.internal.KeywordExecutor.executeKeywordForPlatform(KeywordExecutor.groovy:73)
	at com.kms.katalon.core.webui.keyword.WebUiBuiltInKeywords.getWindowIndex(WebUiBuiltInKeywords.groovy:262)
	at com.kms.katalon.core.webui.keyword.WebUiBuiltInKeywords$getWindowIndex$22.call(Unknown Source)
	at Ana_Sekmeye_Gec.run(Ana_Sekmeye_Gec:18)
	at com.kms.katalon.core.main.ScriptEngine.run(ScriptEngine.java:194)
	at com.kms.katalon.core.main.ScriptEngine.runScriptAsRawText(ScriptEngine.java:119)
	at com.kms.katalon.core.main.TestCaseExecutor.runScript(TestCaseExecutor.java:369)
	at com.kms.katalon.core.main.TestCaseExecutor.doExecute(TestCaseExecutor.java:360)
	at com.kms.katalon.core.main.TestCaseExecutor.processExecutionPhase(TestCaseExecutor.java:339)
	at com.kms.katalon.core.main.TestCaseExecutor.accessMainPhase(TestCaseExecutor.java:331)
	at com.kms.katalon.core.main.TestCaseExecutor.execute(TestCaseExecutor.java:248)
	at com.kms.katalon.core.main.TestCaseMain.runTestCase(TestCaseMain.java:138)
	at com.kms.katalon.core.keyword.builtin.CallTestCaseKeyword$_callTestCase_closure1.doCall(CallTestCaseKeyword.groovy:59)
	at com.kms.katalon.core.keyword.builtin.CallTestCaseKeyword$_callTestCase_closure1.call(CallTestCaseKeyword.groovy)
	at com.kms.katalon.core.keyword.internal.KeywordMain.runKeyword(KeywordMain.groovy:68)
	at com.kms.katalon.core.keyword.builtin.CallTestCaseKeyword.callTestCase(CallTestCaseKeyword.groovy:81)
	at com.kms.katalon.core.keyword.builtin.CallTestCaseKeyword.execute(CallTestCaseKeyword.groovy:44)
	at com.kms.katalon.core.keyword.internal.KeywordExecutor.executeKeywordForPlatform(KeywordExecutor.groovy:73)
	at com.kms.katalon.core.keyword.BuiltinKeywords.callTestCase(BuiltinKeywords.groovy:334)
	at sekmeler.sekmeler.anaSekmeyeGecilir(sekmeler.groovy:55)
	at cucumber.runtime.Utils$1.call(Utils.java:26)
	at cucumber.runtime.Timeout.timeout(Timeout.java:16)
	at cucumber.runtime.Utils.invoke(Utils.java:20)
	at cucumber.runtime.java.JavaStepDefinition.execute(JavaStepDefinition.java:49)
	at cucumber.runner.PickleStepDefinitionMatch.runStep(PickleStepDefinitionMatch.java:50)
	at cucumber.runner.TestStep.executeStep(TestStep.java:63)
	at cucumber.runner.TestStep.run(TestStep.java:49)
	at cucumber.runner.PickleStepTestStep.run(PickleStepTestStep.java:43)
	at cucumber.runner.TestCase.run(TestCase.java:44)
	at cucumber.runner.Runner.runPickle(Runner.java:40)
	at cucumber.runtime.Runtime$1.run(Runtime.java:84)
	at cucumber.runtime.Runtime$SameThreadExecutorService.execute(Runtime.java:220)
	at cucumber.runtime.Runtime.run(Runtime.java:81)
	at cucumber.api.cli.Main.run(Main.java:26)
	at cucumber.api.cli.Main$run.call(Unknown Source)
	at com.kms.katalon.core.cucumber.keyword.CucumberBuiltinKeywords$_runFeatureFile_closure1.doCall(CucumberBuiltinKeywords.groovy:106)
	at com.kms.katalon.core.cucumber.keyword.CucumberBuiltinKeywords$_runFeatureFile_closure1.doCall(CucumberBuiltinKeywords.groovy)
	at com.kms.katalon.core.keyword.internal.KeywordMain.runKeyword(KeywordMain.groovy:68)
	at com.kms.katalon.core.keyword.internal.KeywordMain$runKeyword.call(Unknown Source)
	at com.kms.katalon.core.cucumber.keyword.CucumberBuiltinKeywords.runFeatureFile(CucumberBuiltinKeywords.groovy:73)
	at com.kms.katalon.core.cucumber.keyword.CucumberBuiltinKeywords$runFeatureFile$0.callStatic(Unknown Source)
	at com.kms.katalon.core.cucumber.keyword.CucumberBuiltinKeywords.runFeatureFile(CucumberBuiltinKeywords.groovy:246)
	at com.kms.katalon.core.cucumber.keyword.CucumberBuiltinKeywords$runFeatureFile.call(Unknown Source)
	at Departman Ata_Geri Al.run(Departman Ata_Geri Al:18)
	at com.kms.katalon.core.main.ScriptEngine.run(ScriptEngine.java:194)
	at com.kms.katalon.core.main.ScriptEngine.runScriptAsRawText(ScriptEngine.java:119)
	at com.kms.katalon.core.main.TestCaseExecutor.runScript(TestCaseExecutor.java:369)
	at com.kms.katalon.core.main.TestCaseExecutor.doExecute(TestCaseExecutor.java:360)
	at com.kms.katalon.core.main.TestCaseExecutor.processExecutionPhase(TestCaseExecutor.java:339)
	at com.kms.katalon.core.main.TestCaseExecutor.accessMainPhase(TestCaseExecutor.java:331)
	at com.kms.katalon.core.main.TestCaseExecutor.execute(TestCaseExecutor.java:248)
	at com.kms.katalon.core.main.TestSuiteExecutor.accessTestCaseMainPhase(TestSuiteExecutor.java:191)
	at com.kms.katalon.core.main.TestSuiteExecutor.accessTestSuiteMainPhase(TestSuiteExecutor.java:140)
	at com.kms.katalon.core.main.TestSuiteExecutor.execute(TestSuiteExecutor.java:89)
	at com.kms.katalon.core.main.TestCaseMain.startTestSuite(TestCaseMain.java:181)
	at com.kms.katalon.core.main.TestCaseMain$startTestSuite$0.call(Unknown Source)
	at TempTestSuite1637222960690.run(TempTestSuite1637222960690.groovy:39)
Caused by: org.openqa.selenium.NoSuchWindowException: no such window: window was already closed
  (Session info: chrome=96.0.4664.45)
Build info: version: '3.141.59', revision: 'e82be7d358', time: '2018-11-14T08:25:53'
System info: host: 'DESKTOP-QBVMTUG', ip: '192.168.1.24', os.name: 'Windows 10', os.arch: 'amd64', os.version: '10.0', java.version: '1.8.0_282'
Driver info: com.kms.katalon.selenium.driver.CChromeDriver
Capabilities {acceptInsecureCerts: false, browserName: chrome, browserVersion: 96.0.4664.45, chrome: {chromedriverVersion: 96.0.4664.45 (76e4c1bb2ab46..., userDataDir: C:\Users\DELL\AppData\Local...}, goog:chromeOptions: {debuggerAddress: localhost:63572}, javascriptEnabled: true, networkConnectionEnabled: false, pageLoadStrategy: normal, platform: WINDOWS, platformName: WINDOWS, proxy: Proxy(), setWindowRect: true, strictFileInteractability: false, timeouts: {implicit: 0, pageLoad: 300000, script: 30000}, unhandledPromptBehavior: dismiss and notify, webauthn:extension:credBlob: true, webauthn:extension:largeBlob: true, webauthn:virtualAuthenticators: true}
Session ID: f9cc55b954ab0ea70127efd7caec71d9
	at org.openqa.selenium.remote.http.W3CHttpResponseCodec.createException(W3CHttpResponseCodec.java:187)
	at org.openqa.selenium.remote.http.W3CHttpResponseCodec.decode(W3CHttpResponseCodec.java:122)
	at org.openqa.selenium.remote.http.W3CHttpResponseCodec.decode(W3CHttpResponseCodec.java:49)
	at org.openqa.selenium.remote.HttpCommandExecutor.execute(HttpCommandExecutor.java:158)
	at org.openqa.selenium.remote.service.DriverCommandExecutor.execute(DriverCommandExecutor.java:83)
	at org.openqa.selenium.remote.RemoteWebDriver.execute(RemoteWebDriver.java:552)
	at com.kms.katalon.selenium.driver.CChromeDriver.execute(CChromeDriver.java:19)
	at org.openqa.selenium.remote.RemoteWebDriver.execute(RemoteWebDriver.java:609)
	at org.openqa.selenium.remote.RemoteWebDriver.getWindowHandle(RemoteWebDriver.java:472)
	at org.openqa.selenium.support.events.EventFiringWebDriver.lambda$new$1(EventFiringWebDriver.java:105)
	at com.sun.proxy.$Proxy12.getWindowHandle(Unknown Source)
	at org.openqa.selenium.support.events.EventFiringWebDriver.getWindowHandle(EventFiringWebDriver.java:221)
	at com.kms.katalon.core.webui.driver.DriverFactory.getCurrentWindowIndex(DriverFactory.java:1072)
	at com.kms.katalon.core.webui.keyword.builtin.GetWindowIndexKeyword$_getWindowIndex_closure1.doCall(GetWindowIndexKeyword.groovy:73)
	at com.kms.katalon.core.webui.keyword.builtin.GetWindowIndexKeyword$_getWindowIndex_closure1.call(GetWindowIndexKeyword.groovy)
	at com.kms.katalon.core.webui.keyword.internal.WebUIKeywordMain.runKeywordAndReturnInt(WebUIKeywordMain.groovy:50)
	at com.kms.katalon.core.webui.keyword.builtin.GetWindowIndexKeyword.getWindowIndex(GetWindowIndexKeyword.groovy:71)
	at com.kms.katalon.core.webui.keyword.builtin.GetWindowIndexKeyword.execute(GetWindowIndexKeyword.groovy:66)
	at com.kms.katalon.core.keyword.internal.KeywordExecutor.executeKeywordForPlatform(KeywordExecutor.groovy:73)
	at com.kms.katalon.core.webui.keyword.WebUiBuiltInKeywords.getWindowIndex(WebUiBuiltInKeywords.groovy:262)
	at com.kms.katalon.core.webui.keyword.WebUiBuiltInKeywords$getWindowIndex$22.call(Unknown Source)
	at Script1586261051750.run(Script1586261051750.groovy:18)
	at com.kms.katalon.core.main.ScriptEngine.run(ScriptEngine.java:194)
	at com.kms.katalon.core.main.ScriptEngine.runScriptAsRawText(ScriptEngine.java:119)
	at com.kms.katalon.core.main.TestCaseExecutor.runScript(TestCaseExecutor.java:369)
	at com.kms.katalon.core.main.TestCaseExecutor.doExecute(TestCaseExecutor.java:360)
	at com.kms.katalon.core.main.TestCaseExecutor.processExecutionPhase(TestCaseExecutor.java:339)
	at com.kms.katalon.core.main.TestCaseExecutor.accessMainPhase(TestCaseExecutor.java:331)
	at com.kms.katalon.core.main.TestCaseExecutor.execute(TestCaseExecutor.java:248)
	at com.kms.katalon.core.main.TestCaseMain.runTestCase(TestCaseMain.java:138)
	at com.kms.katalon.core.keyword.builtin.CallTestCaseKeyword$_callTestCase_closure1.doCall(CallTestCaseKeyword.groovy:59)
	at com.kms.katalon.core.keyword.builtin.CallTestCaseKeyword$_callTestCase_closure1.call(CallTestCaseKeyword.groovy)
	at com.kms.katalon.core.keyword.internal.KeywordMain.runKeyword(KeywordMain.groovy:68)
	at com.kms.katalon.core.keyword.builtin.CallTestCaseKeyword.callTestCase(CallTestCaseKeyword.groovy:81)
	at com.kms.katalon.core.keyword.builtin.CallTestCaseKeyword.execute(CallTestCaseKeyword.groovy:44)
	at com.kms.katalon.core.keyword.internal.KeywordExecutor.executeKeywordForPlatform(KeywordExecutor.groovy:73)
	at com.kms.katalon.core.keyword.BuiltinKeywords.callTestCase(BuiltinKeywords.groovy:334)
	at sekmeler.sekmeler.anaSekmeyeGecilir(sekmeler.groovy:55)
	at cucumber.runtime.Utils$1.call(Utils.java:26)
	at cucumber.runtime.Timeout.timeout(Timeout.java:16)
	at cucumber.runtime.Utils.invoke(Utils.java:20)
	at cucumber.runtime.java.JavaStepDefinition.execute(JavaStepDefinition.java:49)
	at cucumber.runner.PickleStepDefinitionMatch.runStep(PickleStepDefinitionMatch.java:50)
	at cucumber.runner.TestStep.executeStep(TestStep.java:63)
	at cucumber.runner.TestStep.run(TestStep.java:49)
	at cucumber.runner.PickleStepTestStep.run(PickleStepTestStep.java:43)
	at cucumber.runner.TestCase.run(TestCase.java:44)
	at cucumber.runner.Runner.runPickle(Runner.java:40)
	at cucumber.runtime.Runtime$1.run(Runtime.java:84)
	at cucumber.runtime.Runtime$SameThreadExecutorService.execute(Runtime.java:220)
	at cucumber.runtime.Runtime.run(Runtime.java:81)
	at cucumber.api.cli.Main.run(Main.java:26)
	at cucumber.api.cli.Main$run.call(Unknown Source)
	at com.kms.katalon.core.cucumber.keyword.CucumberBuiltinKeywords$_runFeatureFile_closure1.doCall(CucumberBuiltinKeywords.groovy:106)
	at com.kms.katalon.core.cucumber.keyword.CucumberBuiltinKeywords$_runFeatureFile_closure1.doCall(CucumberBuiltinKeywords.groovy)
	at com.kms.katalon.core.keyword.internal.KeywordMain.runKeyword(KeywordMain.groovy:68)
	at com.kms.katalon.core.keyword.internal.KeywordMain$runKeyword.call(Unknown Source)
	at com.kms.katalon.core.cucumber.keyword.CucumberBuiltinKeywords.runFeatureFile(CucumberBuiltinKeywords.groovy:73)
	at com.kms.katalon.core.cucumber.keyword.CucumberBuiltinKeywords$runFeatureFile$0.callStatic(Unknown Source)
	at com.kms.katalon.core.cucumber.keyword.CucumberBuiltinKeywords.runFeatureFile(CucumberBuiltinKeywords.groovy:246)
	at com.kms.katalon.core.cucumber.keyword.CucumberBuiltinKeywords$runFeatureFile.call(Unknown Source)
	at Script1600698733712.run(Script1600698733712.groovy:18)
	... 13 more
)

2021-11-18 11:16:44 - [MESSAGE][INFO] - Getting current window's index

2021-11-18 11:16:44 - [MESSAGE][FAILED] - Unable to get the index of the current window (Root cause: com.kms.katalon.core.exception.StepFailedException: Unable to get the index of the current window
	at com.kms.katalon.core.webui.keyword.internal.WebUIKeywordMain.stepFailed(WebUIKeywordMain.groovy:64)
	at com.kms.katalon.core.webui.keyword.internal.WebUIKeywordMain.runKeywordAndReturnInt(WebUIKeywordMain.groovy:56)
	at com.kms.katalon.core.webui.keyword.builtin.GetWindowIndexKeyword.getWindowIndex(GetWindowIndexKeyword.groovy:71)
	at com.kms.katalon.core.webui.keyword.builtin.GetWindowIndexKeyword.execute(GetWindowIndexKeyword.groovy:66)
	at com.kms.katalon.core.keyword.internal.KeywordExecutor.executeKeywordForPlatform(KeywordExecutor.groovy:73)
	at com.kms.katalon.core.webui.keyword.WebUiBuiltInKeywords.getWindowIndex(WebUiBuiltInKeywords.groovy:262)
	at com.kms.katalon.core.webui.keyword.WebUiBuiltInKeywords$getWindowIndex$22.call(Unknown Source)
	at Ana_Sekmeye_Gec.run(Ana_Sekmeye_Gec:18)
	at com.kms.katalon.core.main.ScriptEngine.run(ScriptEngine.java:194)
	at com.kms.katalon.core.main.ScriptEngine.runScriptAsRawText(ScriptEngine.java:119)
	at com.kms.katalon.core.main.TestCaseExecutor.runScript(TestCaseExecutor.java:369)
	at com.kms.katalon.core.main.TestCaseExecutor.doExecute(TestCaseExecutor.java:360)
	at com.kms.katalon.core.main.TestCaseExecutor.processExecutionPhase(TestCaseExecutor.java:339)
	at com.kms.katalon.core.main.TestCaseExecutor.accessMainPhase(TestCaseExecutor.java:331)
	at com.kms.katalon.core.main.TestCaseExecutor.execute(TestCaseExecutor.java:248)
	at com.kms.katalon.core.main.TestCaseMain.runTestCase(TestCaseMain.java:138)
	at com.kms.katalon.core.keyword.builtin.CallTestCaseKeyword$_callTestCase_closure1.doCall(CallTestCaseKeyword.groovy:59)
	at com.kms.katalon.core.keyword.builtin.CallTestCaseKeyword$_callTestCase_closure1.call(CallTestCaseKeyword.groovy)
	at com.kms.katalon.core.keyword.internal.KeywordMain.runKeyword(KeywordMain.groovy:68)
	at com.kms.katalon.core.keyword.builtin.CallTestCaseKeyword.callTestCase(CallTestCaseKeyword.groovy:81)
	at com.kms.katalon.core.keyword.builtin.CallTestCaseKeyword.execute(CallTestCaseKeyword.groovy:44)
	at com.kms.katalon.core.keyword.internal.KeywordExecutor.executeKeywordForPlatform(KeywordExecutor.groovy:73)
	at com.kms.katalon.core.keyword.BuiltinKeywords.callTestCase(BuiltinKeywords.groovy:334)
	at sekmeler.sekmeler.anaSekmeyeGecilir(sekmeler.groovy:55)
	at cucumber.runtime.Utils$1.call(Utils.java:26)
	at cucumber.runtime.Timeout.timeout(Timeout.java:16)
	at cucumber.runtime.Utils.invoke(Utils.java:20)
	at cucumber.runtime.java.JavaStepDefinition.execute(JavaStepDefinition.java:49)
	at cucumber.runner.PickleStepDefinitionMatch.runStep(PickleStepDefinitionMatch.java:50)
	at cucumber.runner.TestStep.executeStep(TestStep.java:63)
	at cucumber.runner.TestStep.run(TestStep.java:49)
	at cucumber.runner.PickleStepTestStep.run(PickleStepTestStep.java:43)
	at cucumber.runner.TestCase.run(TestCase.java:44)
	at cucumber.runner.Runner.runPickle(Runner.java:40)
	at cucumber.runtime.Runtime$1.run(Runtime.java:84)
	at cucumber.runtime.Runtime$SameThreadExecutorService.execute(Runtime.java:220)
	at cucumber.runtime.Runtime.run(Runtime.java:81)
	at cucumber.api.cli.Main.run(Main.java:26)
	at cucumber.api.cli.Main$run.call(Unknown Source)
	at com.kms.katalon.core.cucumber.keyword.CucumberBuiltinKeywords$_runFeatureFile_closure1.doCall(CucumberBuiltinKeywords.groovy:106)
	at com.kms.katalon.core.cucumber.keyword.CucumberBuiltinKeywords$_runFeatureFile_closure1.doCall(CucumberBuiltinKeywords.groovy)
	at com.kms.katalon.core.keyword.internal.KeywordMain.runKeyword(KeywordMain.groovy:68)
	at com.kms.katalon.core.keyword.internal.KeywordMain$runKeyword.call(Unknown Source)
	at com.kms.katalon.core.cucumber.keyword.CucumberBuiltinKeywords.runFeatureFile(CucumberBuiltinKeywords.groovy:73)
	at com.kms.katalon.core.cucumber.keyword.CucumberBuiltinKeywords$runFeatureFile$0.callStatic(Unknown Source)
	at com.kms.katalon.core.cucumber.keyword.CucumberBuiltinKeywords.runFeatureFile(CucumberBuiltinKeywords.groovy:246)
	at com.kms.katalon.core.cucumber.keyword.CucumberBuiltinKeywords$runFeatureFile.call(Unknown Source)
	at Departman Ata_Geri Al.run(Departman Ata_Geri Al:18)
	at com.kms.katalon.core.main.ScriptEngine.run(ScriptEngine.java:194)
	at com.kms.katalon.core.main.ScriptEngine.runScriptAsRawText(ScriptEngine.java:119)
	at com.kms.katalon.core.main.TestCaseExecutor.runScript(TestCaseExecutor.java:369)
	at com.kms.katalon.core.main.TestCaseExecutor.doExecute(TestCaseExecutor.java:360)
	at com.kms.katalon.core.main.TestCaseExecutor.processExecutionPhase(TestCaseExecutor.java:339)
	at com.kms.katalon.core.main.TestCaseExecutor.accessMainPhase(TestCaseExecutor.java:331)
	at com.kms.katalon.core.main.TestCaseExecutor.execute(TestCaseExecutor.java:248)
	at com.kms.katalon.core.main.TestSuiteExecutor.accessTestCaseMainPhase(TestSuiteExecutor.java:191)
	at com.kms.katalon.core.main.TestSuiteExecutor.accessTestSuiteMainPhase(TestSuiteExecutor.java:140)
	at com.kms.katalon.core.main.TestSuiteExecutor.execute(TestSuiteExecutor.java:89)
	at com.kms.katalon.core.main.TestCaseMain.startTestSuite(TestCaseMain.java:181)
	at com.kms.katalon.core.main.TestCaseMain$startTestSuite$0.call(Unknown Source)
	at TempTestSuite1637222960690.run(TempTestSuite1637222960690.groovy:39)
Caused by: org.openqa.selenium.NoSuchWindowException: no such window: window was already closed
  (Session info: chrome=96.0.4664.45)
Build info: version: '3.141.59', revision: 'e82be7d358', time: '2018-11-14T08:25:53'
System info: host: 'DESKTOP-QBVMTUG', ip: '192.168.1.24', os.name: 'Windows 10', os.arch: 'amd64', os.version: '10.0', java.version: '1.8.0_282'
Driver info: com.kms.katalon.selenium.driver.CChromeDriver
Capabilities {acceptInsecureCerts: false, browserName: chrome, browserVersion: 96.0.4664.45, chrome: {chromedriverVersion: 96.0.4664.45 (76e4c1bb2ab46..., userDataDir: C:\Users\DELL\AppData\Local...}, goog:chromeOptions: {debuggerAddress: localhost:63572}, javascriptEnabled: true, networkConnectionEnabled: false, pageLoadStrategy: normal, platform: WINDOWS, platformName: WINDOWS, proxy: Proxy(), setWindowRect: true, strictFileInteractability: false, timeouts: {implicit: 0, pageLoad: 300000, script: 30000}, unhandledPromptBehavior: dismiss and notify, webauthn:extension:credBlob: true, webauthn:extension:largeBlob: true, webauthn:virtualAuthenticators: true}
Session ID: f9cc55b954ab0ea70127efd7caec71d9
	at org.openqa.selenium.remote.http.W3CHttpResponseCodec.createException(W3CHttpResponseCodec.java:187)
	at org.openqa.selenium.remote.http.W3CHttpResponseCodec.decode(W3CHttpResponseCodec.java:122)
	at org.openqa.selenium.remote.http.W3CHttpResponseCodec.decode(W3CHttpResponseCodec.java:49)
	at org.openqa.selenium.remote.HttpCommandExecutor.execute(HttpCommandExecutor.java:158)
	at org.openqa.selenium.remote.service.DriverCommandExecutor.execute(DriverCommandExecutor.java:83)
	at org.openqa.selenium.remote.RemoteWebDriver.execute(RemoteWebDriver.java:552)
	at com.kms.katalon.selenium.driver.CChromeDriver.execute(CChromeDriver.java:19)
	at org.openqa.selenium.remote.RemoteWebDriver.execute(RemoteWebDriver.java:609)
	at org.openqa.selenium.remote.RemoteWebDriver.getWindowHandle(RemoteWebDriver.java:472)
	at org.openqa.selenium.support.events.EventFiringWebDriver.lambda$new$1(EventFiringWebDriver.java:105)
	at com.sun.proxy.$Proxy12.getWindowHandle(Unknown Source)
	at org.openqa.selenium.support.events.EventFiringWebDriver.getWindowHandle(EventFiringWebDriver.java:221)
	at com.kms.katalon.core.webui.driver.DriverFactory.getCurrentWindowIndex(DriverFactory.java:1072)
	at com.kms.katalon.core.webui.keyword.builtin.GetWindowIndexKeyword$_getWindowIndex_closure1.doCall(GetWindowIndexKeyword.groovy:73)
	at com.kms.katalon.core.webui.keyword.builtin.GetWindowIndexKeyword$_getWindowIndex_closure1.call(GetWindowIndexKeyword.groovy)
	at com.kms.katalon.core.webui.keyword.internal.WebUIKeywordMain.runKeywordAndReturnInt(WebUIKeywordMain.groovy:50)
	at com.kms.katalon.core.webui.keyword.builtin.GetWindowIndexKeyword.getWindowIndex(GetWindowIndexKeyword.groovy:71)
	at com.kms.katalon.core.webui.keyword.builtin.GetWindowIndexKeyword.execute(GetWindowIndexKeyword.groovy:66)
	at com.kms.katalon.core.keyword.internal.KeywordExecutor.executeKeywordForPlatform(KeywordExecutor.groovy:73)
	at com.kms.katalon.core.webui.keyword.WebUiBuiltInKeywords.getWindowIndex(WebUiBuiltInKeywords.groovy:262)
	at com.kms.katalon.core.webui.keyword.WebUiBuiltInKeywords$getWindowIndex$22.call(Unknown Source)
	at Script1586261051750.run(Script1586261051750.groovy:18)
	at com.kms.katalon.core.main.ScriptEngine.run(ScriptEngine.java:194)
	at com.kms.katalon.core.main.ScriptEngine.runScriptAsRawText(ScriptEngine.java:119)
	at com.kms.katalon.core.main.TestCaseExecutor.runScript(TestCaseExecutor.java:369)
	at com.kms.katalon.core.main.TestCaseExecutor.doExecute(TestCaseExecutor.java:360)
	at com.kms.katalon.core.main.TestCaseExecutor.processExecutionPhase(TestCaseExecutor.java:339)
	at com.kms.katalon.core.main.TestCaseExecutor.accessMainPhase(TestCaseExecutor.java:331)
	at com.kms.katalon.core.main.TestCaseExecutor.execute(TestCaseExecutor.java:248)
	at com.kms.katalon.core.main.TestCaseMain.runTestCase(TestCaseMain.java:138)
	at com.kms.katalon.core.keyword.builtin.CallTestCaseKeyword$_callTestCase_closure1.doCall(CallTestCaseKeyword.groovy:59)
	at com.kms.katalon.core.keyword.builtin.CallTestCaseKeyword$_callTestCase_closure1.call(CallTestCaseKeyword.groovy)
	at com.kms.katalon.core.keyword.internal.KeywordMain.runKeyword(KeywordMain.groovy:68)
	at com.kms.katalon.core.keyword.builtin.CallTestCaseKeyword.callTestCase(CallTestCaseKeyword.groovy:81)
	at com.kms.katalon.core.keyword.builtin.CallTestCaseKeyword.execute(CallTestCaseKeyword.groovy:44)
	at com.kms.katalon.core.keyword.internal.KeywordExecutor.executeKeywordForPlatform(KeywordExecutor.groovy:73)
	at com.kms.katalon.core.keyword.BuiltinKeywords.callTestCase(BuiltinKeywords.groovy:334)
	at sekmeler.sekmeler.anaSekmeyeGecilir(sekmeler.groovy:55)
	at cucumber.runtime.Utils$1.call(Utils.java:26)
	at cucumber.runtime.Timeout.timeout(Timeout.java:16)
	at cucumber.runtime.Utils.invoke(Utils.java:20)
	at cucumber.runtime.java.JavaStepDefinition.execute(JavaStepDefinition.java:49)
	at cucumber.runner.PickleStepDefinitionMatch.runStep(PickleStepDefinitionMatch.java:50)
	at cucumber.runner.TestStep.executeStep(TestStep.java:63)
	at cucumber.runner.TestStep.run(TestStep.java:49)
	at cucumber.runner.PickleStepTestStep.run(PickleStepTestStep.java:43)
	at cucumber.runner.TestCase.run(TestCase.java:44)
	at cucumber.runner.Runner.runPickle(Runner.java:40)
	at cucumber.runtime.Runtime$1.run(Runtime.java:84)
	at cucumber.runtime.Runtime$SameThreadExecutorService.execute(Runtime.java:220)
	at cucumber.runtime.Runtime.run(Runtime.java:81)
	at cucumber.api.cli.Main.run(Main.java:26)
	at cucumber.api.cli.Main$run.call(Unknown Source)
	at com.kms.katalon.core.cucumber.keyword.CucumberBuiltinKeywords$_runFeatureFile_closure1.doCall(CucumberBuiltinKeywords.groovy:106)
	at com.kms.katalon.core.cucumber.keyword.CucumberBuiltinKeywords$_runFeatureFile_closure1.doCall(CucumberBuiltinKeywords.groovy)
	at com.kms.katalon.core.keyword.internal.KeywordMain.runKeyword(KeywordMain.groovy:68)
	at com.kms.katalon.core.keyword.internal.KeywordMain$runKeyword.call(Unknown Source)
	at com.kms.katalon.core.cucumber.keyword.CucumberBuiltinKeywords.runFeatureFile(CucumberBuiltinKeywords.groovy:73)
	at com.kms.katalon.core.cucumber.keyword.CucumberBuiltinKeywords$runFeatureFile$0.callStatic(Unknown Source)
	at com.kms.katalon.core.cucumber.keyword.CucumberBuiltinKeywords.runFeatureFile(CucumberBuiltinKeywords.groovy:246)
	at com.kms.katalon.core.cucumber.keyword.CucumberBuiltinKeywords$runFeatureFile.call(Unknown Source)
	at Script1600698733712.run(Script1600698733712.groovy:18)
	... 13 more
)

2021-11-18 11:16:44 - [TEST_STEP][PASSED] - catch (Exception e): null

2021-11-18 11:16:44 - [TEST_STEP][PASSED] - switchToWindowIndex(0): Switched to window with index: '0'

2021-11-18 11:16:44 - [MESSAGE][INFO] - Checking index

2021-11-18 11:16:44 - [MESSAGE][INFO] - Switching window with index: '0'

2021-11-18 11:16:44 - [MESSAGE][PASSED] - Switched to window with index: '0'

2021-11-18 11:16:44 - [MESSAGE][PASSED] - Call Test Case 'Test Cases/Sekmeler/Ana_Sekmeye_Gec' successfully

2021-11-18 11:16:44 - [MESSAGE][INFO] - Checking called Test Case

2021-11-18 11:16:44 - [MESSAGE][INFO] - Starting to call Test Case 'Test Cases/Kullanici_Islemleri/KullaniciIslemlerindenSecimYapilir'

2021-11-18 11:16:44 - [TEST_CASE][PASSED] - Test Cases/Kullanici_Islemleri/KullaniciIslemlerindenSecimYapilir: Test Cases/Kullanici_Islemleri/KullaniciIslemlerindenSecimYapilir

2021-11-18 11:16:44 - [TEST_STEP][PASSED] - waitForElementClickable(findTestObject("Object Repository/Kullanici_Islemleri/KullaniciIslemleri"), 10): Object 'Object Repository/Kullanici_Islemleri/KullaniciIslemleri' is clickable

2021-11-18 11:16:44 - [MESSAGE][INFO] - Finding Test Object 'Object Repository/Kullanici_Islemleri/KullaniciIslemleri'

2021-11-18 11:16:44 - [MESSAGE][INFO] - Checking object

2021-11-18 11:16:44 - [MESSAGE][INFO] - Checking timeout

2021-11-18 11:16:44 - [MESSAGE][INFO] - Finding web element from Test Object's properties

2021-11-18 11:16:44 - [MESSAGE][INFO] - Checking timeout

2021-11-18 11:16:44 - [MESSAGE][INFO] - Finding web element with id: 'Object Repository/Kullanici_Islemleri/KullaniciIslemleri' located by 'By.cssSelector: .dropdown>a>img' in '10' second(s)

2021-11-18 11:16:44 - [MESSAGE][INFO] - Smart Wait Function is triggered

2021-11-18 11:16:44 - [MESSAGE][INFO] - Found 1 web elements with id: 'Object Repository/Kullanici_Islemleri/KullaniciIslemleri' located by 'By.cssSelector: .dropdown>a>img' in '10' second(s)

2021-11-18 11:16:44 - [MESSAGE][PASSED] - Object 'Object Repository/Kullanici_Islemleri/KullaniciIslemleri' is clickable

2021-11-18 11:16:44 - [TEST_STEP][PASSED] - click(findTestObject("Object Repository/Kullanici_Islemleri/KullaniciIslemleri")): Object: 'Object Repository/Kullanici_Islemleri/KullaniciIslemleri' is clicked on

2021-11-18 11:16:44 - [MESSAGE][INFO] - Finding Test Object 'Object Repository/Kullanici_Islemleri/KullaniciIslemleri'

2021-11-18 11:16:44 - [MESSAGE][INFO] - Checking object

2021-11-18 11:16:44 - [MESSAGE][INFO] - Finding web element from Test Object's properties

2021-11-18 11:16:44 - [MESSAGE][INFO] - Checking timeout

2021-11-18 11:16:44 - [MESSAGE][INFO] - Finding web element with id: 'Object Repository/Kullanici_Islemleri/KullaniciIslemleri' located by 'By.cssSelector: .dropdown>a>img' in '30' second(s)

2021-11-18 11:16:44 - [MESSAGE][INFO] - Smart Wait Function is triggered

2021-11-18 11:16:44 - [MESSAGE][INFO] - Found 1 web elements with id: 'Object Repository/Kullanici_Islemleri/KullaniciIslemleri' located by 'By.cssSelector: .dropdown>a>img' in '30' second(s)

2021-11-18 11:16:44 - [MESSAGE][INFO] - Clicking on object: 'Object Repository/Kullanici_Islemleri/KullaniciIslemleri'

2021-11-18 11:16:44 - [MESSAGE][PASSED] - Object: 'Object Repository/Kullanici_Islemleri/KullaniciIslemleri' is clicked on

2021-11-18 11:16:44 - [TEST_STEP][PASSED] - Method.TextDegerineEsitElementeTikla(findTestObject("Object Repository/Kullanici_Islemleri/Secenekler"), Islem): Method.TextDegerineEsitElementeTikla is PASSED

2021-11-18 11:16:44 - [MESSAGE][INFO] - Finding Test Object 'Object Repository/Kullanici_Islemleri/Secenekler'

2021-11-18 11:16:45 - [MESSAGE][INFO] - Checking timeout

2021-11-18 11:16:45 - [MESSAGE][INFO] - Finding web element with id: 'Object Repository/Kullanici_Islemleri/Secenekler' located by 'By.cssSelector: .nav.navbar-nav.navbar-right li a' in '10' second(s)

2021-11-18 11:16:45 - [MESSAGE][INFO] - Smart Wait Function is triggered

2021-11-18 11:16:45 - [MESSAGE][INFO] - Found 22 web elements with id: 'Object Repository/Kullanici_Islemleri/Secenekler' located by 'By.cssSelector: .nav.navbar-nav.navbar-right li a' in '10' second(s)

2021-11-18 11:16:46 - [MESSAGE][PASSED] - Method.TextDegerineEsitElementeTikla is PASSED

2021-11-18 11:16:46 - [TEST_STEP][PASSED] - verifyElementNotPresent(findTestObject("Object Repository/Kullanici_Islemleri/Secenekler"), 10): Web element with id: 'Object Repository/Kullanici_Islemleri/Secenekler' located by 'By.cssSelector: .nav.navbar-nav.navbar-right li a' is not present after '10' second(s)

2021-11-18 11:16:46 - [MESSAGE][INFO] - Finding Test Object 'Object Repository/Kullanici_Islemleri/Secenekler'

2021-11-18 11:16:47 - [MESSAGE][INFO] - Checking object

2021-11-18 11:16:47 - [MESSAGE][INFO] - Checking timeout

2021-11-18 11:16:47 - [MESSAGE][INFO] - Finding web element with id: 'Object Repository/Kullanici_Islemleri/Secenekler' located by 'By.cssSelector: .nav.navbar-nav.navbar-right li a' in '10' second(s)

2021-11-18 11:16:47 - [MESSAGE][INFO] - Smart Wait Function is triggered

2021-11-18 11:16:47 - [MESSAGE][PASSED] - Web element with id: 'Object Repository/Kullanici_Islemleri/Secenekler' located by 'By.cssSelector: .nav.navbar-nav.navbar-right li a' is not present after '10' second(s)

2021-11-18 11:16:47 - [MESSAGE][PASSED] - Call Test Case 'Test Cases/Kullanici_Islemleri/KullaniciIslemlerindenSecimYapilir' successfully

2021-11-18 11:16:47 - [TEST_CASE][PASSED] - Start Test Case : SCENARIO Irsaliye Yaniti departman ata: SCENARIO Irsaliye Yaniti departman ata

2021-11-18 11:16:47 - [TEST_STEP][PASSED] - Kullanıcı adı ELOGO6 ve Şifre 123456 olarak giriş yapılır: Kullanıcı adı ELOGO6 ve Şifre 123456 olarak giriş yapılır

2021-11-18 11:16:47 - [MESSAGE][PASSED] - Kullanıcı adı ELOGO6 ve Şifre 123456 olarak giriş yapılır

2021-11-18 11:16:47 - [TEST_STEP][PASSED] - Ana menüden e-İrsaliye seçilir: Ana menüden e-İrsaliye seçilir

2021-11-18 11:16:47 - [MESSAGE][PASSED] - Ana menüden e-İrsaliye seçilir

2021-11-18 11:16:47 - [TEST_STEP][PASSED] - Alt menü Gelen Kutusu başlığı altındaki İrsaliye Yanıtları seçilir: Alt menü Gelen Kutusu başlığı altındaki İrsaliye Yanıtları seçilir

2021-11-18 11:16:47 - [MESSAGE][PASSED] - Alt menü Gelen Kutusu başlığı altındaki İrsaliye Yanıtları seçilir

2021-11-18 11:16:47 - [TEST_STEP][PASSED] - Filtrelerden Oluşturma Tarihi filtresine 01.01.2020 baslangic degerini yaz: Filtrelerden Oluşturma Tarihi filtresine 01.01.2020 baslangic degerini yaz

2021-11-18 11:16:47 - [MESSAGE][PASSED] - Filtrelerden Oluşturma Tarihi filtresine 01.01.2020 baslangic degerini yaz

2021-11-18 11:16:47 - [TEST_STEP][PASSED] - Filtrelerden Oluşturma Tarihi filtresine 31.12.2020 bitis degerini yaz: Filtrelerden Oluşturma Tarihi filtresine 31.12.2020 bitis degerini yaz

2021-11-18 11:16:47 - [MESSAGE][PASSED] - Filtrelerden Oluşturma Tarihi filtresine 31.12.2020 bitis degerini yaz

2021-11-18 11:16:47 - [TEST_STEP][PASSED] - Filtre butonlarından Listele seçilir: Filtre butonlarından Listele seçilir

2021-11-18 11:16:47 - [MESSAGE][PASSED] - Filtre butonlarından Listele seçilir

2021-11-18 11:16:47 - [TEST_STEP][PASSED] - Tabloda veri var mı kontrol edilir: Tabloda veri var mı kontrol edilir

2021-11-18 11:16:47 - [MESSAGE][PASSED] - Tabloda veri var mı kontrol edilir

2021-11-18 11:16:47 - [TEST_STEP][PASSED] - Tablodan ELOGO TEST isimli veri seçilir: Tablodan ELOGO TEST isimli veri seçilir

2021-11-18 11:16:47 - [MESSAGE][PASSED] - Tablodan ELOGO TEST isimli veri seçilir

2021-11-18 11:16:47 - [TEST_STEP][PASSED] - Butonlardan Departman Ata isimli butona tıklanır: Butonlardan Departman Ata isimli butona tıklanır

2021-11-18 11:16:47 - [MESSAGE][PASSED] - Butonlardan Departman Ata isimli butona tıklanır

2021-11-18 11:16:47 - [TEST_STEP][PASSED] - Yeni açılan sekmeye geçilir: Yeni açılan sekmeye geçilir

2021-11-18 11:16:47 - [MESSAGE][PASSED] - Yeni açılan sekmeye geçilir

2021-11-18 11:16:47 - [TEST_STEP][PASSED] - otomasyon isimli departman checkboxı seçilir: otomasyon isimli departman checkboxı seçilir

2021-11-18 11:16:47 - [MESSAGE][PASSED] - otomasyon isimli departman checkboxı seçilir

2021-11-18 11:16:47 - [TEST_STEP][PASSED] - Departman kaydedilir: Departman kaydedilir

2021-11-18 11:16:47 - [MESSAGE][PASSED] - Departman kaydedilir

2021-11-18 11:16:47 - [TEST_STEP][PASSED] - Popup mesajı Seçilen belgeler ilgili departmanlara aktarılmıştır içeriyor mu: Popup mesajı Seçilen belgeler ilgili departmanlara aktarılmıştır içeriyor mu

2021-11-18 11:16:47 - [MESSAGE][PASSED] - Popup mesajı Seçilen belgeler ilgili departmanlara aktarılmıştır içeriyor mu

2021-11-18 11:16:47 - [TEST_STEP][PASSED] - Yönetim popupında Tamam seçilir: Yönetim popupında Tamam seçilir

2021-11-18 11:16:47 - [MESSAGE][PASSED] - Yönetim popupında Tamam seçilir

2021-11-18 11:16:47 - [TEST_STEP][PASSED] - Ana sekmeye geçilir: Ana sekmeye geçilir

2021-11-18 11:16:47 - [MESSAGE][PASSED] - Ana sekmeye geçilir

2021-11-18 11:16:47 - [TEST_STEP][PASSED] - Butonlardan Departman Geri Al isimli butona tıklanır: Butonlardan Departman Geri Al isimli butona tıklanır

2021-11-18 11:16:47 - [MESSAGE][PASSED] - Butonlardan Departman Geri Al isimli butona tıklanır

2021-11-18 11:16:47 - [TEST_STEP][PASSED] - Yeni açılan sekmeye geçilir: Yeni açılan sekmeye geçilir

2021-11-18 11:16:47 - [MESSAGE][PASSED] - Yeni açılan sekmeye geçilir

2021-11-18 11:16:47 - [TEST_STEP][PASSED] - otomasyon isimli departman checkboxı seçilir: otomasyon isimli departman checkboxı seçilir

2021-11-18 11:16:47 - [MESSAGE][PASSED] - otomasyon isimli departman checkboxı seçilir

2021-11-18 11:16:47 - [TEST_STEP][PASSED] - Departman kaydedilir: Departman kaydedilir

2021-11-18 11:16:47 - [MESSAGE][PASSED] - Departman kaydedilir

2021-11-18 11:16:47 - [TEST_STEP][PASSED] - Popup mesajı Seçilen belgelerin ilgili departmanlardaki yetkisi kaldırılmıştır içeriyor mu: Popup mesajı Seçilen belgelerin ilgili departmanlardaki yetkisi kaldırılmıştır içeriyor mu

2021-11-18 11:16:47 - [MESSAGE][PASSED] - Popup mesajı Seçilen belgelerin ilgili departmanlardaki yetkisi kaldırılmıştır içeriyor mu

2021-11-18 11:16:47 - [TEST_STEP][PASSED] - Yönetim popupında Tamam seçilir: Yönetim popupında Tamam seçilir

2021-11-18 11:16:47 - [MESSAGE][PASSED] - Yönetim popupında Tamam seçilir

2021-11-18 11:16:47 - [TEST_STEP][PASSED] - Ana sekmeye geçilir: Ana sekmeye geçilir

2021-11-18 11:16:47 - [MESSAGE][PASSED] - Ana sekmeye geçilir

2021-11-18 11:16:47 - [TEST_STEP][PASSED] - Kullanıcı işlemlerinden Çıkış seçilir: Kullanıcı işlemlerinden Çıkış seçilir

2021-11-18 11:16:47 - [MESSAGE][PASSED] - Kullanıcı işlemlerinden Çıkış seçilir

2021-11-18 11:16:47 - [MESSAGE][PASSED] - Feature file: 'Include/features/e-Irsaliye/Gelen Kutusu/Irsaliye Yanitlari/Departman Ata_Geri Al.feature' was passed

2021-11-18 11:16:47 - [TEST_STEP][PASSED] - Start listener action : sampleAfterTestSuite: Invoke 'com.kms.katalon.core.annotation.AfterTestCase' method: 'Listener.sampleAfterTestSuite(...)' completed.

2021-11-18 11:16:47 - [MESSAGE][INFO] - Starting invoke 'com.kms.katalon.core.annotation.AfterTestCase' method: 'Listener.sampleAfterTestSuite(...)'

2021-11-18 11:16:47 - [TEST_STEP][PASSED] - closeBrowser(): Invoke 'com.kms.katalon.core.annotation.AfterTestCase' method: 'Listener.sampleAfterTestSuite(...)' completed.

2021-11-18 11:16:47 - [MESSAGE][INFO] - Closing browser

2021-11-18 11:16:48 - [MESSAGE][PASSED] - Browser is closed

2021-11-18 11:16:48 - [MESSAGE][INFO] - Invoke 'com.kms.katalon.core.annotation.AfterTestCase' method: 'Listener.sampleAfterTestSuite(...)' completed.]]></system-out>
         <system-err><![CDATA[]]></system-err>
      </testcase>
      <testcase name="Test Cases/Case Repository/e-Irsaliye/Gelen Kutusu/Irsaliye Yanitlari/Ekran Kontrolu" time="49.12" classname="Test Cases/Case Repository/e-Irsaliye/Gelen Kutusu/Irsaliye Yanitlari/Ekran Kontrolu" status="PASSED">
         <system-out><![CDATA[2021-11-18 11:16:48 - [TEST_CASE][PASSED] - Test Cases/Case Repository/e-Irsaliye/Gelen Kutusu/Irsaliye Yanitlari/Ekran Kontrolu: Test Cases/Case Repository/e-Irsaliye/Gelen Kutusu/Irsaliye Yanitlari/Ekran Kontrolu

2021-11-18 11:16:48 - [TEST_STEP][PASSED] - Start listener action : sampleBeforeTestSuite: Invoke 'com.kms.katalon.core.annotation.BeforeTestCase' method: 'Listener.sampleBeforeTestSuite(...)' completed.

2021-11-18 11:16:48 - [MESSAGE][INFO] - Starting invoke 'com.kms.katalon.core.annotation.BeforeTestCase' method: 'Listener.sampleBeforeTestSuite(...)'

2021-11-18 11:16:48 - [TEST_STEP][PASSED] - openBrowser(baseUrl): Browser is opened with url: 'https://efatura-stage.elogo.com.tr/'

2021-11-18 11:16:48 - [MESSAGE][INFO] - Opening browser

2021-11-18 11:16:48 - [MESSAGE][INFO] - Starting 'Chrome' driver

2021-11-18 11:16:48 - [MESSAGE][INFO] - User set preference: ['prefs', '{download.default_directory=C:\otomasyondownfiles}']

2021-11-18 11:16:48 - [MESSAGE][INFO] - Action delay is set to 0 milliseconds

2021-11-18 11:16:49 - [MESSAGE][INFO] - Navigating browser to: 'https://efatura-stage.elogo.com.tr/'

2021-11-18 11:16:51 - [MESSAGE][PASSED] - Browser is opened with url: 'https://efatura-stage.elogo.com.tr/'

2021-11-18 11:16:51 - [TEST_STEP][PASSED] - maximizeWindow(): Invoke 'com.kms.katalon.core.annotation.BeforeTestCase' method: 'Listener.sampleBeforeTestSuite(...)' completed.

2021-11-18 11:16:51 - [MESSAGE][INFO] - Maximizing current window

2021-11-18 11:16:52 - [MESSAGE][PASSED] - Current window maximized

2021-11-18 11:16:52 - [MESSAGE][INFO] - Invoke 'com.kms.katalon.core.annotation.BeforeTestCase' method: 'Listener.sampleBeforeTestSuite(...)' completed.

2021-11-18 11:16:52 - [TEST_STEP][PASSED] - runFeatureFile("Include/features/e-Irsaliye/Gelen Kutusu/Irsaliye Yanitlari/Ekran Kontrolu.feature"): Feature file: 'Include/features/e-Irsaliye/Gelen Kutusu/Irsaliye Yanitlari/Ekran Kontrolu.feature' was passed

2021-11-18 11:16:52 - [MESSAGE][INFO] - Starting run keyword runFeatureFile: 'Include/features/e-Irsaliye/Gelen Kutusu/Irsaliye Yanitlari/Ekran Kontrolu.feature' and extract report to folder: 'C:\Users\DELL\Documents\GitHub\EES_KatalonLogo\Reports\20211118_110909\Suite Repository\e-Irsaliye\20211118_110920/cucumber_report/1637223412727'...

2021-11-18 11:16:52 - [MESSAGE][INFO] - Glue: []

2021-11-18 11:16:54 - [MESSAGE][INFO] - Checking called Test Case

2021-11-18 11:16:54 - [MESSAGE][INFO] - Starting to call Test Case 'Test Cases/Sayfalar/Giris_Sayfasi/Login'

2021-11-18 11:16:54 - [TEST_CASE][PASSED] - Test Cases/Sayfalar/Giris_Sayfasi/Login: Test Cases/Sayfalar/Giris_Sayfasi/Login

2021-11-18 11:16:54 - [TEST_STEP][PASSED] - Sayfa_Basligi = getWindowTitle(): Current window's title is: 'LOGO e-Fatura'

2021-11-18 11:16:54 - [MESSAGE][INFO] - Getting current window's title

2021-11-18 11:16:54 - [MESSAGE][PASSED] - Current window's title is: 'LOGO e-Fatura'

2021-11-18 11:16:54 - [TEST_STEP][PASSED] - verifyMatch(Sayfa_Basligi, "LOGO e-Fatura", false): Actual text 'LOGO e-Fatura' and expected text 'LOGO e-Fatura' are matched 

2021-11-18 11:16:54 - [MESSAGE][INFO] - Matching actual text 'LOGO e-Fatura' with expected text 'LOGO e-Fatura'

2021-11-18 11:16:54 - [MESSAGE][PASSED] - Actual text 'LOGO e-Fatura' and expected text 'LOGO e-Fatura' are matched 

2021-11-18 11:16:54 - [TEST_STEP][PASSED] - sendKeys(findTestObject("Sayfalar/Giris_Sayfasi/Firma_Kodu"), KullaniciAdi): Keys 'ELOGO6' sent to object: 'Object Repository/Sayfalar/Giris_Sayfasi/Firma_Kodu'

2021-11-18 11:16:54 - [MESSAGE][INFO] - Finding Test Object 'Object Repository/Sayfalar/Giris_Sayfasi/Firma_Kodu'

2021-11-18 11:16:54 - [MESSAGE][INFO] - Sending keys 'ELOGO6' to object: 'Object Repository/Sayfalar/Giris_Sayfasi/Firma_Kodu'

2021-11-18 11:16:54 - [MESSAGE][INFO] - Finding web element from Test Object's properties

2021-11-18 11:16:54 - [MESSAGE][INFO] - Checking timeout

2021-11-18 11:16:54 - [MESSAGE][INFO] - Finding web element with id: 'Object Repository/Sayfalar/Giris_Sayfasi/Firma_Kodu' located by 'By.xpath: //*[@id = 'AccountName']' in '30' second(s)

2021-11-18 11:16:54 - [MESSAGE][INFO] - Smart Wait Function is triggered

2021-11-18 11:16:54 - [MESSAGE][INFO] - Found 1 web elements with id: 'Object Repository/Sayfalar/Giris_Sayfasi/Firma_Kodu' located by 'By.xpath: //*[@id = 'AccountName']' in '30' second(s)

2021-11-18 11:16:54 - [MESSAGE][PASSED] - Keys 'ELOGO6' sent to object: 'Object Repository/Sayfalar/Giris_Sayfasi/Firma_Kodu'

2021-11-18 11:16:54 - [TEST_STEP][PASSED] - sendKeys(findTestObject("Sayfalar/Giris_Sayfasi/Sifre"), Sifre): Keys '123456' sent to object: 'Object Repository/Sayfalar/Giris_Sayfasi/Sifre'

2021-11-18 11:16:54 - [MESSAGE][INFO] - Finding Test Object 'Object Repository/Sayfalar/Giris_Sayfasi/Sifre'

2021-11-18 11:16:54 - [MESSAGE][INFO] - Sending keys '123456' to object: 'Object Repository/Sayfalar/Giris_Sayfasi/Sifre'

2021-11-18 11:16:54 - [MESSAGE][INFO] - Finding web element from Test Object's properties

2021-11-18 11:16:54 - [MESSAGE][INFO] - Checking timeout

2021-11-18 11:16:54 - [MESSAGE][INFO] - Finding web element with id: 'Object Repository/Sayfalar/Giris_Sayfasi/Sifre' located by 'By.xpath: //*[@id = 'Password']' in '30' second(s)

2021-11-18 11:16:54 - [MESSAGE][INFO] - Smart Wait Function is triggered

2021-11-18 11:16:55 - [MESSAGE][INFO] - Found 1 web elements with id: 'Object Repository/Sayfalar/Giris_Sayfasi/Sifre' located by 'By.xpath: //*[@id = 'Password']' in '30' second(s)

2021-11-18 11:16:55 - [MESSAGE][PASSED] - Keys '123456' sent to object: 'Object Repository/Sayfalar/Giris_Sayfasi/Sifre'

2021-11-18 11:16:55 - [TEST_STEP][PASSED] - findWebElement(findTestObject("Sayfalar/Giris_Sayfasi/Giris_Butonu")).click(): Found 1 web elements with id: 'Object Repository/Sayfalar/Giris_Sayfasi/Giris_Butonu' located by 'By.cssSelector: #btnLogin' in '30' second(s)

2021-11-18 11:16:55 - [MESSAGE][INFO] - Finding Test Object 'Object Repository/Sayfalar/Giris_Sayfasi/Giris_Butonu'

2021-11-18 11:16:55 - [MESSAGE][INFO] - Finding web element from Test Object's properties

2021-11-18 11:16:55 - [MESSAGE][INFO] - Checking timeout

2021-11-18 11:16:55 - [MESSAGE][INFO] - Finding web element with id: 'Object Repository/Sayfalar/Giris_Sayfasi/Giris_Butonu' located by 'By.cssSelector: #btnLogin' in '30' second(s)

2021-11-18 11:16:55 - [MESSAGE][INFO] - Smart Wait Function is triggered

2021-11-18 11:16:55 - [MESSAGE][INFO] - Found 1 web elements with id: 'Object Repository/Sayfalar/Giris_Sayfasi/Giris_Butonu' located by 'By.cssSelector: #btnLogin' in '30' second(s)

2021-11-18 11:16:58 - [TEST_STEP][PASSED] - if (verifyElementPresent(findTestObject("Object Repository/Sayfalar/Giris_Sayfasi/RetveTamam_Butonu"), 5, OPTIONAL)): null

2021-11-18 11:16:58 - [MESSAGE][INFO] - Finding Test Object 'Object Repository/Sayfalar/Giris_Sayfasi/RetveTamam_Butonu'

2021-11-18 11:16:58 - [MESSAGE][INFO] - Checking object

2021-11-18 11:16:58 - [MESSAGE][INFO] - Finding web element from Test Object's properties

2021-11-18 11:16:58 - [MESSAGE][INFO] - Checking timeout

2021-11-18 11:16:58 - [MESSAGE][INFO] - Finding web element with id: 'Object Repository/Sayfalar/Giris_Sayfasi/RetveTamam_Butonu' located by 'By.xpath: //*[@class = 'btn btn-default']' in '5' second(s)

2021-11-18 11:16:58 - [MESSAGE][INFO] - Smart Wait Function is triggered

2021-11-18 11:16:58 - [MESSAGE][INFO] - Found 1 web elements with id: 'Object Repository/Sayfalar/Giris_Sayfasi/RetveTamam_Butonu' located by 'By.xpath: //*[@class = 'btn btn-default']' in '5' second(s)

2021-11-18 11:16:58 - [MESSAGE][PASSED] - Object 'Object Repository/Sayfalar/Giris_Sayfasi/RetveTamam_Butonu' is present

2021-11-18 11:16:58 - [TEST_STEP][PASSED] - click(findTestObject("Object Repository/Sayfalar/Giris_Sayfasi/RetveTamam_Butonu")): Object: 'Object Repository/Sayfalar/Giris_Sayfasi/RetveTamam_Butonu' is clicked on

2021-11-18 11:16:58 - [MESSAGE][INFO] - Finding Test Object 'Object Repository/Sayfalar/Giris_Sayfasi/RetveTamam_Butonu'

2021-11-18 11:16:59 - [MESSAGE][INFO] - Checking object

2021-11-18 11:16:59 - [MESSAGE][INFO] - Finding web element from Test Object's properties

2021-11-18 11:16:59 - [MESSAGE][INFO] - Checking timeout

2021-11-18 11:16:59 - [MESSAGE][INFO] - Finding web element with id: 'Object Repository/Sayfalar/Giris_Sayfasi/RetveTamam_Butonu' located by 'By.xpath: //*[@class = 'btn btn-default']' in '30' second(s)

2021-11-18 11:16:59 - [MESSAGE][INFO] - Smart Wait Function is triggered

2021-11-18 11:16:59 - [MESSAGE][INFO] - Found 1 web elements with id: 'Object Repository/Sayfalar/Giris_Sayfasi/RetveTamam_Butonu' located by 'By.xpath: //*[@class = 'btn btn-default']' in '30' second(s)

2021-11-18 11:16:59 - [MESSAGE][INFO] - Clicking on object: 'Object Repository/Sayfalar/Giris_Sayfasi/RetveTamam_Butonu'

2021-11-18 11:16:59 - [MESSAGE][PASSED] - Object: 'Object Repository/Sayfalar/Giris_Sayfasi/RetveTamam_Butonu' is clicked on

2021-11-18 11:16:59 - [TEST_STEP][PASSED] - click(findTestObject("Object Repository/Sayfalar/Giris_Sayfasi/RetveTamam_Butonu")): Object: 'Object Repository/Sayfalar/Giris_Sayfasi/RetveTamam_Butonu' is clicked on

2021-11-18 11:16:59 - [MESSAGE][INFO] - Finding Test Object 'Object Repository/Sayfalar/Giris_Sayfasi/RetveTamam_Butonu'

2021-11-18 11:16:59 - [MESSAGE][INFO] - Checking object

2021-11-18 11:16:59 - [MESSAGE][INFO] - Finding web element from Test Object's properties

2021-11-18 11:16:59 - [MESSAGE][INFO] - Checking timeout

2021-11-18 11:16:59 - [MESSAGE][INFO] - Finding web element with id: 'Object Repository/Sayfalar/Giris_Sayfasi/RetveTamam_Butonu' located by 'By.xpath: //*[@class = 'btn btn-default']' in '30' second(s)

2021-11-18 11:16:59 - [MESSAGE][INFO] - Smart Wait Function is triggered

2021-11-18 11:17:02 - [MESSAGE][INFO] - Found 1 web elements with id: 'Object Repository/Sayfalar/Giris_Sayfasi/RetveTamam_Butonu' located by 'By.xpath: //*[@class = 'btn btn-default']' in '30' second(s)

2021-11-18 11:17:02 - [MESSAGE][INFO] - Clicking on object: 'Object Repository/Sayfalar/Giris_Sayfasi/RetveTamam_Butonu'

2021-11-18 11:17:02 - [MESSAGE][PASSED] - Object: 'Object Repository/Sayfalar/Giris_Sayfasi/RetveTamam_Butonu' is clicked on

2021-11-18 11:17:02 - [TEST_STEP][PASSED] - if (verifyElementPresent(findTestObject("Sayfalar/Giris_Sayfasi/PopupOK"), 5, OPTIONAL)): null

2021-11-18 11:17:02 - [MESSAGE][INFO] - Finding Test Object 'Object Repository/Sayfalar/Giris_Sayfasi/PopupOK'

2021-11-18 11:17:02 - [MESSAGE][INFO] - Checking object

2021-11-18 11:17:02 - [MESSAGE][INFO] - Finding web element from Test Object's properties

2021-11-18 11:17:02 - [MESSAGE][INFO] - Checking timeout

2021-11-18 11:17:02 - [MESSAGE][INFO] - Finding web element with id: 'Object Repository/Sayfalar/Giris_Sayfasi/PopupOK' located by 'By.cssSelector: .btn.btn-success' in '5' second(s)

2021-11-18 11:17:02 - [MESSAGE][INFO] - Smart Wait Function is triggered

2021-11-18 11:17:03 - [MESSAGE][INFO] - Found 1 web elements with id: 'Object Repository/Sayfalar/Giris_Sayfasi/PopupOK' located by 'By.cssSelector: .btn.btn-success' in '5' second(s)

2021-11-18 11:17:03 - [MESSAGE][PASSED] - Object 'Object Repository/Sayfalar/Giris_Sayfasi/PopupOK' is present

2021-11-18 11:17:03 - [TEST_STEP][PASSED] - click(findTestObject("Object Repository/Sayfalar/Giris_Sayfasi/PopupCarpiGiris")): Object: 'Object Repository/Sayfalar/Giris_Sayfasi/PopupCarpiGiris' is clicked on

2021-11-18 11:17:03 - [MESSAGE][INFO] - Finding Test Object 'Object Repository/Sayfalar/Giris_Sayfasi/PopupCarpiGiris'

2021-11-18 11:17:03 - [MESSAGE][INFO] - Checking object

2021-11-18 11:17:03 - [MESSAGE][INFO] - Finding web element from Test Object's properties

2021-11-18 11:17:03 - [MESSAGE][INFO] - Checking timeout

2021-11-18 11:17:03 - [MESSAGE][INFO] - Finding web element with id: 'Object Repository/Sayfalar/Giris_Sayfasi/PopupCarpiGiris' located by 'By.cssSelector: .bootbox-close-button.close' in '30' second(s)

2021-11-18 11:17:03 - [MESSAGE][INFO] - Smart Wait Function is triggered

2021-11-18 11:17:03 - [MESSAGE][INFO] - Found 1 web elements with id: 'Object Repository/Sayfalar/Giris_Sayfasi/PopupCarpiGiris' located by 'By.cssSelector: .bootbox-close-button.close' in '30' second(s)

2021-11-18 11:17:03 - [MESSAGE][INFO] - Clicking on object: 'Object Repository/Sayfalar/Giris_Sayfasi/PopupCarpiGiris'

2021-11-18 11:17:03 - [MESSAGE][PASSED] - Object: 'Object Repository/Sayfalar/Giris_Sayfasi/PopupCarpiGiris' is clicked on

2021-11-18 11:17:03 - [TEST_STEP][PASSED] - verifyElementVisible(findTestObject("Object Repository/Kullanici_Islemleri/KullaniciIslemleri")): Object 'Object Repository/Kullanici_Islemleri/KullaniciIslemleri' is visible

2021-11-18 11:17:03 - [MESSAGE][INFO] - Finding Test Object 'Object Repository/Kullanici_Islemleri/KullaniciIslemleri'

2021-11-18 11:17:03 - [MESSAGE][INFO] - Checking object

2021-11-18 11:17:03 - [MESSAGE][INFO] - Finding web element from Test Object's properties

2021-11-18 11:17:03 - [MESSAGE][INFO] - Checking timeout

2021-11-18 11:17:03 - [MESSAGE][INFO] - Finding web element with id: 'Object Repository/Kullanici_Islemleri/KullaniciIslemleri' located by 'By.cssSelector: .dropdown>a>img' in '30' second(s)

2021-11-18 11:17:03 - [MESSAGE][INFO] - Smart Wait Function is triggered

2021-11-18 11:17:04 - [MESSAGE][INFO] - Found 1 web elements with id: 'Object Repository/Kullanici_Islemleri/KullaniciIslemleri' located by 'By.cssSelector: .dropdown>a>img' in '30' second(s)

2021-11-18 11:17:04 - [MESSAGE][PASSED] - Object 'Object Repository/Kullanici_Islemleri/KullaniciIslemleri' is visible

2021-11-18 11:17:04 - [MESSAGE][PASSED] - Call Test Case 'Test Cases/Sayfalar/Giris_Sayfasi/Login' successfully

2021-11-18 11:17:04 - [MESSAGE][INFO] - Checking called Test Case

2021-11-18 11:17:04 - [MESSAGE][INFO] - Starting to call Test Case 'Test Cases/Menu/AnaMenuSecimi'

2021-11-18 11:17:04 - [TEST_CASE][PASSED] - Test Cases/Menu/AnaMenuSecimi: Test Cases/Menu/AnaMenuSecimi

2021-11-18 11:17:04 - [TEST_STEP][PASSED] - Method.TextDegerineEsitElementeTikla(findTestObject("Menu/Ana_Menu"), Ana_Menu): Method.TextDegerineEsitElementeTikla is PASSED

2021-11-18 11:17:04 - [MESSAGE][INFO] - Finding Test Object 'Object Repository/Menu/Ana_Menu'

2021-11-18 11:17:04 - [MESSAGE][INFO] - Checking timeout

2021-11-18 11:17:04 - [MESSAGE][INFO] - Finding web element with id: 'Object Repository/Menu/Ana_Menu' located by 'By.xpath: //*[@class = 'dropdown-toggle']' in '10' second(s)

2021-11-18 11:17:04 - [MESSAGE][INFO] - Smart Wait Function is triggered

2021-11-18 11:17:04 - [MESSAGE][INFO] - Found 14 web elements with id: 'Object Repository/Menu/Ana_Menu' located by 'By.xpath: //*[@class = 'dropdown-toggle']' in '10' second(s)

2021-11-18 11:17:05 - [MESSAGE][PASSED] - Method.TextDegerineEsitElementeTikla is PASSED

2021-11-18 11:17:05 - [MESSAGE][PASSED] - Call Test Case 'Test Cases/Menu/AnaMenuSecimi' successfully

2021-11-18 11:17:05 - [MESSAGE][INFO] - Checking called Test Case

2021-11-18 11:17:05 - [MESSAGE][INFO] - Starting to call Test Case 'Test Cases/Menu/BasligaGoreAltMenuSecimi'

2021-11-18 11:17:05 - [TEST_CASE][PASSED] - Test Cases/Menu/BasligaGoreAltMenuSecimi: Test Cases/Menu/BasligaGoreAltMenuSecimi

2021-11-18 11:17:05 - [TEST_STEP][PASSED] - Method.TextDegerineEsitElementinAltindakiTextDegerineEsitOlanaTikla(findTestObject("Menu/Menu_Basligi"), findTestObject("Menu/Basliga_Gore_Alt_Menu"), Baslik, Alt_Menu): Method.TextDegerineEsitElementinAltindakiTextDegerineEsitOlanaTikla is PASSED

2021-11-18 11:17:05 - [MESSAGE][INFO] - Finding Test Object 'Object Repository/Menu/Menu_Basligi'

2021-11-18 11:17:05 - [MESSAGE][INFO] - Finding Test Object 'Object Repository/Menu/Basliga_Gore_Alt_Menu'

2021-11-18 11:17:05 - [MESSAGE][INFO] - Checking timeout

2021-11-18 11:17:05 - [MESSAGE][INFO] - Finding web element with id: 'Object Repository/Menu/Menu_Basligi' located by 'By.xpath: //li[@class='dropdown dropdown-large open']//li[@class='dropdown-header']' in '10' second(s)

2021-11-18 11:17:05 - [MESSAGE][INFO] - Smart Wait Function is triggered

2021-11-18 11:17:05 - [MESSAGE][INFO] - Found 3 web elements with id: 'Object Repository/Menu/Menu_Basligi' located by 'By.xpath: //li[@class='dropdown dropdown-large open']//li[@class='dropdown-header']' in '10' second(s)

2021-11-18 11:17:05 - [MESSAGE][INFO] - Smart Wait Function is triggered

2021-11-18 11:17:07 - [MESSAGE][PASSED] - Method.TextDegerineEsitElementinAltindakiTextDegerineEsitOlanaTikla is PASSED

2021-11-18 11:17:07 - [MESSAGE][PASSED] - Call Test Case 'Test Cases/Menu/BasligaGoreAltMenuSecimi' successfully

2021-11-18 11:17:07 - [MESSAGE][INFO] - Checking called Test Case

2021-11-18 11:17:07 - [MESSAGE][INFO] - Starting to call Test Case 'Test Cases/Filtreler/BaslangicYaz'

2021-11-18 11:17:07 - [TEST_CASE][PASSED] - Test Cases/Filtreler/BaslangicYaz: Test Cases/Filtreler/BaslangicYaz

2021-11-18 11:17:07 - [TEST_STEP][PASSED] - delay(3): Delayed 3 second(s)

2021-11-18 11:17:07 - [MESSAGE][INFO] - Delaying browser in 3 second(s)

2021-11-18 11:17:10 - [MESSAGE][PASSED] - Delayed 3 second(s)

2021-11-18 11:17:10 - [TEST_STEP][PASSED] - Method.TextDegerineEsitElementinAltindakineTikla(findTestObject("Filtreler/Basliklar"), findTestObject("Filtreler/Basliga_Gore_Baslangic_Image"), Filtre_Adi): Method.TextDegerineEsitElementinAltindakineTikla is PASSED

2021-11-18 11:17:10 - [MESSAGE][INFO] - Finding Test Object 'Object Repository/Filtreler/Basliklar'

2021-11-18 11:17:10 - [MESSAGE][INFO] - Finding Test Object 'Object Repository/Filtreler/Basliga_Gore_Baslangic_Image'

2021-11-18 11:17:10 - [MESSAGE][INFO] - Checking timeout

2021-11-18 11:17:10 - [MESSAGE][INFO] - Finding web element with id: 'Object Repository/Filtreler/Basliklar' located by 'By.cssSelector: .control-label.col-sm-4.paddingMarginRLC' in '10' second(s)

2021-11-18 11:17:10 - [MESSAGE][INFO] - Smart Wait Function is triggered

2021-11-18 11:17:11 - [MESSAGE][INFO] - Found 13 web elements with id: 'Object Repository/Filtreler/Basliklar' located by 'By.cssSelector: .control-label.col-sm-4.paddingMarginRLC' in '10' second(s)

2021-11-18 11:17:11 - [MESSAGE][INFO] - Smart Wait Function is triggered

2021-11-18 11:17:11 - [MESSAGE][PASSED] - Method.TextDegerineEsitElementinAltindakineTikla is PASSED

2021-11-18 11:17:11 - [TEST_STEP][PASSED] - Method.TextDegerineEsitElementinAltindakiTextboxtaYaz(findTestObject("Filtreler/Basliklar"), findTestObject("Filtreler/Basliga_Gore_Baslangic"), Filtre_Adi, Filtre_Degeri): Method.TextDegerineEsitElementinAltindakiTextboxtaYaz is PASSED

2021-11-18 11:17:11 - [MESSAGE][INFO] - Finding Test Object 'Object Repository/Filtreler/Basliklar'

2021-11-18 11:17:11 - [MESSAGE][INFO] - Finding Test Object 'Object Repository/Filtreler/Basliga_Gore_Baslangic'

2021-11-18 11:17:11 - [MESSAGE][INFO] - Checking timeout

2021-11-18 11:17:11 - [MESSAGE][INFO] - Finding web element with id: 'Object Repository/Filtreler/Basliklar' located by 'By.cssSelector: .control-label.col-sm-4.paddingMarginRLC' in '10' second(s)

2021-11-18 11:17:11 - [MESSAGE][INFO] - Smart Wait Function is triggered

2021-11-18 11:17:12 - [MESSAGE][INFO] - Found 13 web elements with id: 'Object Repository/Filtreler/Basliklar' located by 'By.cssSelector: .control-label.col-sm-4.paddingMarginRLC' in '10' second(s)

2021-11-18 11:17:12 - [MESSAGE][INFO] - Smart Wait Function is triggered

2021-11-18 11:17:12 - [MESSAGE][PASSED] - Method.TextDegerineEsitElementinAltindakiTextboxtaYaz is PASSED

2021-11-18 11:17:12 - [MESSAGE][PASSED] - Call Test Case 'Test Cases/Filtreler/BaslangicYaz' successfully

2021-11-18 11:17:12 - [MESSAGE][INFO] - Checking called Test Case

2021-11-18 11:17:12 - [MESSAGE][INFO] - Starting to call Test Case 'Test Cases/Filtreler/BitisYaz'

2021-11-18 11:17:12 - [TEST_CASE][PASSED] - Test Cases/Filtreler/BitisYaz: Test Cases/Filtreler/BitisYaz

2021-11-18 11:17:12 - [TEST_STEP][PASSED] - Method.TextDegerineEsitElementinAltindakineTikla(findTestObject("Filtreler/Basliklar"), findTestObject("Filtreler/Basliga_Gore_Bitis_Image"), Filtre_Adi): Method.TextDegerineEsitElementinAltindakineTikla is PASSED

2021-11-18 11:17:12 - [MESSAGE][INFO] - Finding Test Object 'Object Repository/Filtreler/Basliklar'

2021-11-18 11:17:12 - [MESSAGE][INFO] - Finding Test Object 'Object Repository/Filtreler/Basliga_Gore_Bitis_Image'

2021-11-18 11:17:12 - [MESSAGE][INFO] - Checking timeout

2021-11-18 11:17:12 - [MESSAGE][INFO] - Finding web element with id: 'Object Repository/Filtreler/Basliklar' located by 'By.cssSelector: .control-label.col-sm-4.paddingMarginRLC' in '10' second(s)

2021-11-18 11:17:12 - [MESSAGE][INFO] - Smart Wait Function is triggered

2021-11-18 11:17:13 - [MESSAGE][INFO] - Found 13 web elements with id: 'Object Repository/Filtreler/Basliklar' located by 'By.cssSelector: .control-label.col-sm-4.paddingMarginRLC' in '10' second(s)

2021-11-18 11:17:13 - [MESSAGE][INFO] - Smart Wait Function is triggered

2021-11-18 11:17:13 - [MESSAGE][PASSED] - Method.TextDegerineEsitElementinAltindakineTikla is PASSED

2021-11-18 11:17:13 - [TEST_STEP][PASSED] - Method.TextDegerineEsitElementinAltindakiTextboxtaYaz(findTestObject("Filtreler/Basliklar"), findTestObject("Object Repository/Filtreler/Basliga_Gore_Bitis"), Filtre_Adi, Filtre_Degeri): Method.TextDegerineEsitElementinAltindakiTextboxtaYaz is PASSED

2021-11-18 11:17:13 - [MESSAGE][INFO] - Finding Test Object 'Object Repository/Filtreler/Basliklar'

2021-11-18 11:17:13 - [MESSAGE][INFO] - Finding Test Object 'Object Repository/Filtreler/Basliga_Gore_Bitis'

2021-11-18 11:17:13 - [MESSAGE][INFO] - Checking timeout

2021-11-18 11:17:13 - [MESSAGE][INFO] - Finding web element with id: 'Object Repository/Filtreler/Basliklar' located by 'By.cssSelector: .control-label.col-sm-4.paddingMarginRLC' in '10' second(s)

2021-11-18 11:17:13 - [MESSAGE][INFO] - Smart Wait Function is triggered

2021-11-18 11:17:14 - [MESSAGE][INFO] - Found 13 web elements with id: 'Object Repository/Filtreler/Basliklar' located by 'By.cssSelector: .control-label.col-sm-4.paddingMarginRLC' in '10' second(s)

2021-11-18 11:17:14 - [MESSAGE][INFO] - Smart Wait Function is triggered

2021-11-18 11:17:14 - [MESSAGE][PASSED] - Method.TextDegerineEsitElementinAltindakiTextboxtaYaz is PASSED

2021-11-18 11:17:14 - [MESSAGE][PASSED] - Call Test Case 'Test Cases/Filtreler/BitisYaz' successfully

2021-11-18 11:17:14 - [MESSAGE][INFO] - Checking called Test Case

2021-11-18 11:17:14 - [MESSAGE][INFO] - Starting to call Test Case 'Test Cases/Filtreler/ButonaTikla'

2021-11-18 11:17:14 - [TEST_CASE][PASSED] - Test Cases/Filtreler/ButonaTikla: Test Cases/Filtreler/ButonaTikla

2021-11-18 11:17:14 - [TEST_STEP][PASSED] - Method.TextDegerineEsitElementeTikla(findTestObject("Filtreler/Butonlar"), Filtre_Buton): Method.TextDegerineEsitElementeTikla is PASSED

2021-11-18 11:17:14 - [MESSAGE][INFO] - Finding Test Object 'Object Repository/Filtreler/Butonlar'

2021-11-18 11:17:14 - [MESSAGE][INFO] - Checking timeout

2021-11-18 11:17:14 - [MESSAGE][INFO] - Finding web element with id: 'Object Repository/Filtreler/Butonlar' located by 'By.cssSelector: .dxb>span' in '10' second(s)

2021-11-18 11:17:14 - [MESSAGE][INFO] - Smart Wait Function is triggered

2021-11-18 11:17:15 - [MESSAGE][INFO] - Found 3 web elements with id: 'Object Repository/Filtreler/Butonlar' located by 'By.cssSelector: .dxb>span' in '10' second(s)

2021-11-18 11:17:15 - [MESSAGE][PASSED] - Method.TextDegerineEsitElementeTikla is PASSED

2021-11-18 11:17:15 - [MESSAGE][PASSED] - Call Test Case 'Test Cases/Filtreler/ButonaTikla' successfully

2021-11-18 11:17:15 - [MESSAGE][INFO] - Checking called Test Case

2021-11-18 11:17:15 - [MESSAGE][INFO] - Starting to call Test Case 'Test Cases/Tablo/TablodakiVeriDetayi'

2021-11-18 11:17:15 - [TEST_CASE][PASSED] - Test Cases/Tablo/TablodakiVeriDetayi: Test Cases/Tablo/TablodakiVeriDetayi

2021-11-18 11:17:15 - [TEST_STEP][PASSED] - Method.TextDegerineEsitElementinAltindakineTikla(findTestObject("Tablo/Veriler"), findTestObject("Object Repository/Tablo/VerininArtiButonu"), Veri_Adi): Method.TextDegerineEsitElementinAltindakineTikla is PASSED

2021-11-18 11:17:15 - [MESSAGE][INFO] - Finding Test Object 'Object Repository/Tablo/Veriler'

2021-11-18 11:17:15 - [MESSAGE][INFO] - Finding Test Object 'Object Repository/Tablo/VerininArtiButonu'

2021-11-18 11:17:16 - [MESSAGE][INFO] - Checking timeout

2021-11-18 11:17:16 - [MESSAGE][INFO] - Finding web element with id: 'Object Repository/Tablo/Veriler' located by 'By.cssSelector: td.dxgv b ,td.dxgv' in '10' second(s)

2021-11-18 11:17:16 - [MESSAGE][INFO] - Smart Wait Function is triggered

2021-11-18 11:17:16 - [MESSAGE][INFO] - Found 27 web elements with id: 'Object Repository/Tablo/Veriler' located by 'By.cssSelector: td.dxgv b ,td.dxgv' in '10' second(s)

2021-11-18 11:17:16 - [MESSAGE][INFO] - Smart Wait Function is triggered

2021-11-18 11:17:16 - [MESSAGE][PASSED] - Method.TextDegerineEsitElementinAltindakineTikla is PASSED

2021-11-18 11:17:16 - [MESSAGE][PASSED] - Call Test Case 'Test Cases/Tablo/TablodakiVeriDetayi' successfully

2021-11-18 11:17:16 - [MESSAGE][INFO] - Checking called Test Case

2021-11-18 11:17:16 - [MESSAGE][INFO] - Starting to call Test Case 'Test Cases/Tablo/TablodakiVeriDetayi'

2021-11-18 11:17:16 - [TEST_CASE][PASSED] - Test Cases/Tablo/TablodakiVeriDetayi: Test Cases/Tablo/TablodakiVeriDetayi

2021-11-18 11:17:16 - [TEST_STEP][PASSED] - Method.TextDegerineEsitElementinAltindakineTikla(findTestObject("Tablo/Veriler"), findTestObject("Object Repository/Tablo/VerininArtiButonu"), Veri_Adi): Method.TextDegerineEsitElementinAltindakineTikla is PASSED

2021-11-18 11:17:16 - [MESSAGE][INFO] - Finding Test Object 'Object Repository/Tablo/Veriler'

2021-11-18 11:17:16 - [MESSAGE][INFO] - Finding Test Object 'Object Repository/Tablo/VerininArtiButonu'

2021-11-18 11:17:16 - [MESSAGE][INFO] - Checking timeout

2021-11-18 11:17:16 - [MESSAGE][INFO] - Finding web element with id: 'Object Repository/Tablo/Veriler' located by 'By.cssSelector: td.dxgv b ,td.dxgv' in '10' second(s)

2021-11-18 11:17:16 - [MESSAGE][INFO] - Smart Wait Function is triggered

2021-11-18 11:17:17 - [MESSAGE][INFO] - Found 29 web elements with id: 'Object Repository/Tablo/Veriler' located by 'By.cssSelector: td.dxgv b ,td.dxgv' in '10' second(s)

2021-11-18 11:17:17 - [MESSAGE][INFO] - Smart Wait Function is triggered

2021-11-18 11:17:18 - [MESSAGE][PASSED] - Method.TextDegerineEsitElementinAltindakineTikla is PASSED

2021-11-18 11:17:18 - [MESSAGE][PASSED] - Call Test Case 'Test Cases/Tablo/TablodakiVeriDetayi' successfully

2021-11-18 11:17:18 - [MESSAGE][INFO] - Checking called Test Case

2021-11-18 11:17:18 - [MESSAGE][INFO] - Starting to call Test Case 'Test Cases/Filtreler/FiltreVarMi'

2021-11-18 11:17:18 - [TEST_CASE][PASSED] - Test Cases/Filtreler/FiltreVarMi: Test Cases/Filtreler/FiltreVarMi

2021-11-18 11:17:18 - [TEST_STEP][PASSED] - Method.TextDegerineEsitElementVarMi(findTestObject("Filtreler/Basliklar"), Filtre_alan): Method.TextDegerineEsitElementVarMi is PASSED

2021-11-18 11:17:18 - [MESSAGE][INFO] - Finding Test Object 'Object Repository/Filtreler/Basliklar'

2021-11-18 11:17:18 - [MESSAGE][INFO] - Checking timeout

2021-11-18 11:17:18 - [MESSAGE][INFO] - Finding web element with id: 'Object Repository/Filtreler/Basliklar' located by 'By.cssSelector: .control-label.col-sm-4.paddingMarginRLC' in '10' second(s)

2021-11-18 11:17:18 - [MESSAGE][INFO] - Smart Wait Function is triggered

2021-11-18 11:17:18 - [MESSAGE][INFO] - Found 13 web elements with id: 'Object Repository/Filtreler/Basliklar' located by 'By.cssSelector: .control-label.col-sm-4.paddingMarginRLC' in '10' second(s)

2021-11-18 11:17:18 - [MESSAGE][PASSED] - Method.TextDegerineEsitElementVarMi is PASSED

2021-11-18 11:17:18 - [MESSAGE][PASSED] - Call Test Case 'Test Cases/Filtreler/FiltreVarMi' successfully

2021-11-18 11:17:18 - [MESSAGE][INFO] - Checking called Test Case

2021-11-18 11:17:18 - [MESSAGE][INFO] - Starting to call Test Case 'Test Cases/Filtreler/FiltreVarMi'

2021-11-18 11:17:18 - [TEST_CASE][PASSED] - Test Cases/Filtreler/FiltreVarMi: Test Cases/Filtreler/FiltreVarMi

2021-11-18 11:17:18 - [TEST_STEP][PASSED] - Method.TextDegerineEsitElementVarMi(findTestObject("Filtreler/Basliklar"), Filtre_alan): Method.TextDegerineEsitElementVarMi is PASSED

2021-11-18 11:17:18 - [MESSAGE][INFO] - Finding Test Object 'Object Repository/Filtreler/Basliklar'

2021-11-18 11:17:18 - [MESSAGE][INFO] - Checking timeout

2021-11-18 11:17:18 - [MESSAGE][INFO] - Finding web element with id: 'Object Repository/Filtreler/Basliklar' located by 'By.cssSelector: .control-label.col-sm-4.paddingMarginRLC' in '10' second(s)

2021-11-18 11:17:18 - [MESSAGE][INFO] - Smart Wait Function is triggered

2021-11-18 11:17:19 - [MESSAGE][INFO] - Found 13 web elements with id: 'Object Repository/Filtreler/Basliklar' located by 'By.cssSelector: .control-label.col-sm-4.paddingMarginRLC' in '10' second(s)

2021-11-18 11:17:19 - [MESSAGE][PASSED] - Method.TextDegerineEsitElementVarMi is PASSED

2021-11-18 11:17:19 - [MESSAGE][PASSED] - Call Test Case 'Test Cases/Filtreler/FiltreVarMi' successfully

2021-11-18 11:17:19 - [MESSAGE][INFO] - Checking called Test Case

2021-11-18 11:17:19 - [MESSAGE][INFO] - Starting to call Test Case 'Test Cases/Filtreler/FiltreVarMi'

2021-11-18 11:17:19 - [TEST_CASE][PASSED] - Test Cases/Filtreler/FiltreVarMi: Test Cases/Filtreler/FiltreVarMi

2021-11-18 11:17:19 - [TEST_STEP][PASSED] - Method.TextDegerineEsitElementVarMi(findTestObject("Filtreler/Basliklar"), Filtre_alan): Method.TextDegerineEsitElementVarMi is PASSED

2021-11-18 11:17:19 - [MESSAGE][INFO] - Finding Test Object 'Object Repository/Filtreler/Basliklar'

2021-11-18 11:17:19 - [MESSAGE][INFO] - Checking timeout

2021-11-18 11:17:19 - [MESSAGE][INFO] - Finding web element with id: 'Object Repository/Filtreler/Basliklar' located by 'By.cssSelector: .control-label.col-sm-4.paddingMarginRLC' in '10' second(s)

2021-11-18 11:17:19 - [MESSAGE][INFO] - Smart Wait Function is triggered

2021-11-18 11:17:19 - [MESSAGE][INFO] - Found 13 web elements with id: 'Object Repository/Filtreler/Basliklar' located by 'By.cssSelector: .control-label.col-sm-4.paddingMarginRLC' in '10' second(s)

2021-11-18 11:17:19 - [MESSAGE][PASSED] - Method.TextDegerineEsitElementVarMi is PASSED

2021-11-18 11:17:19 - [MESSAGE][PASSED] - Call Test Case 'Test Cases/Filtreler/FiltreVarMi' successfully

2021-11-18 11:17:19 - [MESSAGE][INFO] - Checking called Test Case

2021-11-18 11:17:19 - [MESSAGE][INFO] - Starting to call Test Case 'Test Cases/Filtreler/FiltreVarMi'

2021-11-18 11:17:19 - [TEST_CASE][PASSED] - Test Cases/Filtreler/FiltreVarMi: Test Cases/Filtreler/FiltreVarMi

2021-11-18 11:17:20 - [TEST_STEP][PASSED] - Method.TextDegerineEsitElementVarMi(findTestObject("Filtreler/Basliklar"), Filtre_alan): Method.TextDegerineEsitElementVarMi is PASSED

2021-11-18 11:17:20 - [MESSAGE][INFO] - Finding Test Object 'Object Repository/Filtreler/Basliklar'

2021-11-18 11:17:20 - [MESSAGE][INFO] - Checking timeout

2021-11-18 11:17:20 - [MESSAGE][INFO] - Finding web element with id: 'Object Repository/Filtreler/Basliklar' located by 'By.cssSelector: .control-label.col-sm-4.paddingMarginRLC' in '10' second(s)

2021-11-18 11:17:20 - [MESSAGE][INFO] - Smart Wait Function is triggered

2021-11-18 11:17:20 - [MESSAGE][INFO] - Found 13 web elements with id: 'Object Repository/Filtreler/Basliklar' located by 'By.cssSelector: .control-label.col-sm-4.paddingMarginRLC' in '10' second(s)

2021-11-18 11:17:20 - [MESSAGE][PASSED] - Method.TextDegerineEsitElementVarMi is PASSED

2021-11-18 11:17:20 - [MESSAGE][PASSED] - Call Test Case 'Test Cases/Filtreler/FiltreVarMi' successfully

2021-11-18 11:17:20 - [MESSAGE][INFO] - Checking called Test Case

2021-11-18 11:17:20 - [MESSAGE][INFO] - Starting to call Test Case 'Test Cases/Filtreler/FiltreVarMi'

2021-11-18 11:17:20 - [TEST_CASE][PASSED] - Test Cases/Filtreler/FiltreVarMi: Test Cases/Filtreler/FiltreVarMi

2021-11-18 11:17:20 - [TEST_STEP][PASSED] - Method.TextDegerineEsitElementVarMi(findTestObject("Filtreler/Basliklar"), Filtre_alan): Method.TextDegerineEsitElementVarMi is PASSED

2021-11-18 11:17:20 - [MESSAGE][INFO] - Finding Test Object 'Object Repository/Filtreler/Basliklar'

2021-11-18 11:17:20 - [MESSAGE][INFO] - Checking timeout

2021-11-18 11:17:20 - [MESSAGE][INFO] - Finding web element with id: 'Object Repository/Filtreler/Basliklar' located by 'By.cssSelector: .control-label.col-sm-4.paddingMarginRLC' in '10' second(s)

2021-11-18 11:17:20 - [MESSAGE][INFO] - Smart Wait Function is triggered

2021-11-18 11:17:21 - [MESSAGE][INFO] - Found 13 web elements with id: 'Object Repository/Filtreler/Basliklar' located by 'By.cssSelector: .control-label.col-sm-4.paddingMarginRLC' in '10' second(s)

2021-11-18 11:17:21 - [MESSAGE][PASSED] - Method.TextDegerineEsitElementVarMi is PASSED

2021-11-18 11:17:21 - [MESSAGE][PASSED] - Call Test Case 'Test Cases/Filtreler/FiltreVarMi' successfully

2021-11-18 11:17:21 - [MESSAGE][INFO] - Checking called Test Case

2021-11-18 11:17:21 - [MESSAGE][INFO] - Starting to call Test Case 'Test Cases/Filtreler/FiltreVarMi'

2021-11-18 11:17:21 - [TEST_CASE][PASSED] - Test Cases/Filtreler/FiltreVarMi: Test Cases/Filtreler/FiltreVarMi

2021-11-18 11:17:21 - [TEST_STEP][PASSED] - Method.TextDegerineEsitElementVarMi(findTestObject("Filtreler/Basliklar"), Filtre_alan): Method.TextDegerineEsitElementVarMi is PASSED

2021-11-18 11:17:21 - [MESSAGE][INFO] - Finding Test Object 'Object Repository/Filtreler/Basliklar'

2021-11-18 11:17:21 - [MESSAGE][INFO] - Checking timeout

2021-11-18 11:17:21 - [MESSAGE][INFO] - Finding web element with id: 'Object Repository/Filtreler/Basliklar' located by 'By.cssSelector: .control-label.col-sm-4.paddingMarginRLC' in '10' second(s)

2021-11-18 11:17:21 - [MESSAGE][INFO] - Smart Wait Function is triggered

2021-11-18 11:17:21 - [MESSAGE][INFO] - Found 13 web elements with id: 'Object Repository/Filtreler/Basliklar' located by 'By.cssSelector: .control-label.col-sm-4.paddingMarginRLC' in '10' second(s)

2021-11-18 11:17:21 - [MESSAGE][PASSED] - Method.TextDegerineEsitElementVarMi is PASSED

2021-11-18 11:17:21 - [MESSAGE][PASSED] - Call Test Case 'Test Cases/Filtreler/FiltreVarMi' successfully

2021-11-18 11:17:21 - [MESSAGE][INFO] - Checking called Test Case

2021-11-18 11:17:21 - [MESSAGE][INFO] - Starting to call Test Case 'Test Cases/Filtreler/FiltreVarMi'

2021-11-18 11:17:21 - [TEST_CASE][PASSED] - Test Cases/Filtreler/FiltreVarMi: Test Cases/Filtreler/FiltreVarMi

2021-11-18 11:17:21 - [TEST_STEP][PASSED] - Method.TextDegerineEsitElementVarMi(findTestObject("Filtreler/Basliklar"), Filtre_alan): Method.TextDegerineEsitElementVarMi is PASSED

2021-11-18 11:17:21 - [MESSAGE][INFO] - Finding Test Object 'Object Repository/Filtreler/Basliklar'

2021-11-18 11:17:21 - [MESSAGE][INFO] - Checking timeout

2021-11-18 11:17:21 - [MESSAGE][INFO] - Finding web element with id: 'Object Repository/Filtreler/Basliklar' located by 'By.cssSelector: .control-label.col-sm-4.paddingMarginRLC' in '10' second(s)

2021-11-18 11:17:21 - [MESSAGE][INFO] - Smart Wait Function is triggered

2021-11-18 11:17:22 - [MESSAGE][INFO] - Found 13 web elements with id: 'Object Repository/Filtreler/Basliklar' located by 'By.cssSelector: .control-label.col-sm-4.paddingMarginRLC' in '10' second(s)

2021-11-18 11:17:22 - [MESSAGE][PASSED] - Method.TextDegerineEsitElementVarMi is PASSED

2021-11-18 11:17:22 - [MESSAGE][PASSED] - Call Test Case 'Test Cases/Filtreler/FiltreVarMi' successfully

2021-11-18 11:17:22 - [MESSAGE][INFO] - Checking called Test Case

2021-11-18 11:17:22 - [MESSAGE][INFO] - Starting to call Test Case 'Test Cases/Filtreler/FiltreVarMi'

2021-11-18 11:17:22 - [TEST_CASE][PASSED] - Test Cases/Filtreler/FiltreVarMi: Test Cases/Filtreler/FiltreVarMi

2021-11-18 11:17:22 - [TEST_STEP][PASSED] - Method.TextDegerineEsitElementVarMi(findTestObject("Filtreler/Basliklar"), Filtre_alan): Method.TextDegerineEsitElementVarMi is PASSED

2021-11-18 11:17:22 - [MESSAGE][INFO] - Finding Test Object 'Object Repository/Filtreler/Basliklar'

2021-11-18 11:17:22 - [MESSAGE][INFO] - Checking timeout

2021-11-18 11:17:22 - [MESSAGE][INFO] - Finding web element with id: 'Object Repository/Filtreler/Basliklar' located by 'By.cssSelector: .control-label.col-sm-4.paddingMarginRLC' in '10' second(s)

2021-11-18 11:17:22 - [MESSAGE][INFO] - Smart Wait Function is triggered

2021-11-18 11:17:22 - [MESSAGE][INFO] - Found 13 web elements with id: 'Object Repository/Filtreler/Basliklar' located by 'By.cssSelector: .control-label.col-sm-4.paddingMarginRLC' in '10' second(s)

2021-11-18 11:17:22 - [MESSAGE][PASSED] - Method.TextDegerineEsitElementVarMi is PASSED

2021-11-18 11:17:22 - [MESSAGE][PASSED] - Call Test Case 'Test Cases/Filtreler/FiltreVarMi' successfully

2021-11-18 11:17:22 - [MESSAGE][INFO] - Checking called Test Case

2021-11-18 11:17:22 - [MESSAGE][INFO] - Starting to call Test Case 'Test Cases/Filtreler/FiltreVarMi'

2021-11-18 11:17:22 - [TEST_CASE][PASSED] - Test Cases/Filtreler/FiltreVarMi: Test Cases/Filtreler/FiltreVarMi

2021-11-18 11:17:22 - [TEST_STEP][PASSED] - Method.TextDegerineEsitElementVarMi(findTestObject("Filtreler/Basliklar"), Filtre_alan): Method.TextDegerineEsitElementVarMi is PASSED

2021-11-18 11:17:22 - [MESSAGE][INFO] - Finding Test Object 'Object Repository/Filtreler/Basliklar'

2021-11-18 11:17:22 - [MESSAGE][INFO] - Checking timeout

2021-11-18 11:17:22 - [MESSAGE][INFO] - Finding web element with id: 'Object Repository/Filtreler/Basliklar' located by 'By.cssSelector: .control-label.col-sm-4.paddingMarginRLC' in '10' second(s)

2021-11-18 11:17:22 - [MESSAGE][INFO] - Smart Wait Function is triggered

2021-11-18 11:17:23 - [MESSAGE][INFO] - Found 13 web elements with id: 'Object Repository/Filtreler/Basliklar' located by 'By.cssSelector: .control-label.col-sm-4.paddingMarginRLC' in '10' second(s)

2021-11-18 11:17:23 - [MESSAGE][PASSED] - Method.TextDegerineEsitElementVarMi is PASSED

2021-11-18 11:17:23 - [MESSAGE][PASSED] - Call Test Case 'Test Cases/Filtreler/FiltreVarMi' successfully

2021-11-18 11:17:23 - [MESSAGE][INFO] - Checking called Test Case

2021-11-18 11:17:23 - [MESSAGE][INFO] - Starting to call Test Case 'Test Cases/Filtreler/FiltreVarMi'

2021-11-18 11:17:23 - [TEST_CASE][PASSED] - Test Cases/Filtreler/FiltreVarMi: Test Cases/Filtreler/FiltreVarMi

2021-11-18 11:17:23 - [TEST_STEP][PASSED] - Method.TextDegerineEsitElementVarMi(findTestObject("Filtreler/Basliklar"), Filtre_alan): Method.TextDegerineEsitElementVarMi is PASSED

2021-11-18 11:17:23 - [MESSAGE][INFO] - Finding Test Object 'Object Repository/Filtreler/Basliklar'

2021-11-18 11:17:23 - [MESSAGE][INFO] - Checking timeout

2021-11-18 11:17:23 - [MESSAGE][INFO] - Finding web element with id: 'Object Repository/Filtreler/Basliklar' located by 'By.cssSelector: .control-label.col-sm-4.paddingMarginRLC' in '10' second(s)

2021-11-18 11:17:23 - [MESSAGE][INFO] - Smart Wait Function is triggered

2021-11-18 11:17:23 - [MESSAGE][INFO] - Found 13 web elements with id: 'Object Repository/Filtreler/Basliklar' located by 'By.cssSelector: .control-label.col-sm-4.paddingMarginRLC' in '10' second(s)

2021-11-18 11:17:23 - [MESSAGE][PASSED] - Method.TextDegerineEsitElementVarMi is PASSED

2021-11-18 11:17:23 - [MESSAGE][PASSED] - Call Test Case 'Test Cases/Filtreler/FiltreVarMi' successfully

2021-11-18 11:17:23 - [MESSAGE][INFO] - Checking called Test Case

2021-11-18 11:17:23 - [MESSAGE][INFO] - Starting to call Test Case 'Test Cases/Filtreler/FiltreVarMi'

2021-11-18 11:17:23 - [TEST_CASE][PASSED] - Test Cases/Filtreler/FiltreVarMi: Test Cases/Filtreler/FiltreVarMi

2021-11-18 11:17:23 - [TEST_STEP][PASSED] - Method.TextDegerineEsitElementVarMi(findTestObject("Filtreler/Basliklar"), Filtre_alan): Method.TextDegerineEsitElementVarMi is PASSED

2021-11-18 11:17:23 - [MESSAGE][INFO] - Finding Test Object 'Object Repository/Filtreler/Basliklar'

2021-11-18 11:17:23 - [MESSAGE][INFO] - Checking timeout

2021-11-18 11:17:23 - [MESSAGE][INFO] - Finding web element with id: 'Object Repository/Filtreler/Basliklar' located by 'By.cssSelector: .control-label.col-sm-4.paddingMarginRLC' in '10' second(s)

2021-11-18 11:17:23 - [MESSAGE][INFO] - Smart Wait Function is triggered

2021-11-18 11:17:24 - [MESSAGE][INFO] - Found 13 web elements with id: 'Object Repository/Filtreler/Basliklar' located by 'By.cssSelector: .control-label.col-sm-4.paddingMarginRLC' in '10' second(s)

2021-11-18 11:17:24 - [MESSAGE][PASSED] - Method.TextDegerineEsitElementVarMi is PASSED

2021-11-18 11:17:24 - [MESSAGE][PASSED] - Call Test Case 'Test Cases/Filtreler/FiltreVarMi' successfully

2021-11-18 11:17:24 - [MESSAGE][INFO] - Checking called Test Case

2021-11-18 11:17:24 - [MESSAGE][INFO] - Starting to call Test Case 'Test Cases/Filtreler/ButonVarMi'

2021-11-18 11:17:24 - [TEST_CASE][PASSED] - Test Cases/Filtreler/ButonVarMi: Test Cases/Filtreler/ButonVarMi

2021-11-18 11:17:24 - [TEST_STEP][PASSED] - Method.TextDegerineEsitElementVarMi(findTestObject("Filtreler/Butonlar"), Filtre_Buton): Method.TextDegerineEsitElementVarMi is PASSED

2021-11-18 11:17:24 - [MESSAGE][INFO] - Finding Test Object 'Object Repository/Filtreler/Butonlar'

2021-11-18 11:17:24 - [MESSAGE][INFO] - Checking timeout

2021-11-18 11:17:24 - [MESSAGE][INFO] - Finding web element with id: 'Object Repository/Filtreler/Butonlar' located by 'By.cssSelector: .dxb>span' in '10' second(s)

2021-11-18 11:17:24 - [MESSAGE][INFO] - Smart Wait Function is triggered

2021-11-18 11:17:24 - [MESSAGE][INFO] - Found 3 web elements with id: 'Object Repository/Filtreler/Butonlar' located by 'By.cssSelector: .dxb>span' in '10' second(s)

2021-11-18 11:17:24 - [MESSAGE][PASSED] - Method.TextDegerineEsitElementVarMi is PASSED

2021-11-18 11:17:24 - [MESSAGE][PASSED] - Call Test Case 'Test Cases/Filtreler/ButonVarMi' successfully

2021-11-18 11:17:24 - [MESSAGE][INFO] - Checking called Test Case

2021-11-18 11:17:24 - [MESSAGE][INFO] - Starting to call Test Case 'Test Cases/Filtreler/ButonVarMi'

2021-11-18 11:17:24 - [TEST_CASE][PASSED] - Test Cases/Filtreler/ButonVarMi: Test Cases/Filtreler/ButonVarMi

2021-11-18 11:17:24 - [TEST_STEP][PASSED] - Method.TextDegerineEsitElementVarMi(findTestObject("Filtreler/Butonlar"), Filtre_Buton): Method.TextDegerineEsitElementVarMi is PASSED

2021-11-18 11:17:24 - [MESSAGE][INFO] - Finding Test Object 'Object Repository/Filtreler/Butonlar'

2021-11-18 11:17:24 - [MESSAGE][INFO] - Checking timeout

2021-11-18 11:17:24 - [MESSAGE][INFO] - Finding web element with id: 'Object Repository/Filtreler/Butonlar' located by 'By.cssSelector: .dxb>span' in '10' second(s)

2021-11-18 11:17:24 - [MESSAGE][INFO] - Smart Wait Function is triggered

2021-11-18 11:17:24 - [MESSAGE][INFO] - Found 3 web elements with id: 'Object Repository/Filtreler/Butonlar' located by 'By.cssSelector: .dxb>span' in '10' second(s)

2021-11-18 11:17:24 - [MESSAGE][PASSED] - Method.TextDegerineEsitElementVarMi is PASSED

2021-11-18 11:17:24 - [MESSAGE][PASSED] - Call Test Case 'Test Cases/Filtreler/ButonVarMi' successfully

2021-11-18 11:17:24 - [MESSAGE][INFO] - Checking called Test Case

2021-11-18 11:17:24 - [MESSAGE][INFO] - Starting to call Test Case 'Test Cases/Filtreler/ButonVarMi'

2021-11-18 11:17:24 - [TEST_CASE][PASSED] - Test Cases/Filtreler/ButonVarMi: Test Cases/Filtreler/ButonVarMi

2021-11-18 11:17:24 - [TEST_STEP][PASSED] - Method.TextDegerineEsitElementVarMi(findTestObject("Filtreler/Butonlar"), Filtre_Buton): Method.TextDegerineEsitElementVarMi is PASSED

2021-11-18 11:17:24 - [MESSAGE][INFO] - Finding Test Object 'Object Repository/Filtreler/Butonlar'

2021-11-18 11:17:25 - [MESSAGE][INFO] - Checking timeout

2021-11-18 11:17:25 - [MESSAGE][INFO] - Finding web element with id: 'Object Repository/Filtreler/Butonlar' located by 'By.cssSelector: .dxb>span' in '10' second(s)

2021-11-18 11:17:25 - [MESSAGE][INFO] - Smart Wait Function is triggered

2021-11-18 11:17:25 - [MESSAGE][INFO] - Found 3 web elements with id: 'Object Repository/Filtreler/Butonlar' located by 'By.cssSelector: .dxb>span' in '10' second(s)

2021-11-18 11:17:25 - [MESSAGE][PASSED] - Method.TextDegerineEsitElementVarMi is PASSED

2021-11-18 11:17:25 - [MESSAGE][PASSED] - Call Test Case 'Test Cases/Filtreler/ButonVarMi' successfully

2021-11-18 11:17:25 - [MESSAGE][INFO] - Checking called Test Case

2021-11-18 11:17:25 - [MESSAGE][INFO] - Starting to call Test Case 'Test Cases/Butonlar/ButonVarMi'

2021-11-18 11:17:25 - [TEST_CASE][PASSED] - Test Cases/Butonlar/ButonVarMi: Test Cases/Butonlar/ButonVarMi

2021-11-18 11:17:25 - [TEST_STEP][PASSED] - Method.TextDegerineEsitElementVarMi(findTestObject("Butonlar/Butonlar"), Buton): Method.TextDegerineEsitElementVarMi is PASSED

2021-11-18 11:17:25 - [MESSAGE][INFO] - Finding Test Object 'Object Repository/Butonlar/Butonlar'

2021-11-18 11:17:25 - [MESSAGE][INFO] - Checking timeout

2021-11-18 11:17:25 - [MESSAGE][INFO] - Finding web element with id: 'Object Repository/Butonlar/Butonlar' located by 'By.cssSelector: .panel.panel-default.text-center.footerPanel .btn,.btn.btn-primary.btnControls' in '10' second(s)

2021-11-18 11:17:25 - [MESSAGE][INFO] - Smart Wait Function is triggered

2021-11-18 11:17:25 - [MESSAGE][INFO] - Found 6 web elements with id: 'Object Repository/Butonlar/Butonlar' located by 'By.cssSelector: .panel.panel-default.text-center.footerPanel .btn,.btn.btn-primary.btnControls' in '10' second(s)

2021-11-18 11:17:25 - [MESSAGE][PASSED] - Method.TextDegerineEsitElementVarMi is PASSED

2021-11-18 11:17:25 - [MESSAGE][PASSED] - Call Test Case 'Test Cases/Butonlar/ButonVarMi' successfully

2021-11-18 11:17:25 - [MESSAGE][INFO] - Checking called Test Case

2021-11-18 11:17:25 - [MESSAGE][INFO] - Starting to call Test Case 'Test Cases/Butonlar/ButonVarMi'

2021-11-18 11:17:25 - [TEST_CASE][PASSED] - Test Cases/Butonlar/ButonVarMi: Test Cases/Butonlar/ButonVarMi

2021-11-18 11:17:25 - [TEST_STEP][PASSED] - Method.TextDegerineEsitElementVarMi(findTestObject("Butonlar/Butonlar"), Buton): Method.TextDegerineEsitElementVarMi is PASSED

2021-11-18 11:17:25 - [MESSAGE][INFO] - Finding Test Object 'Object Repository/Butonlar/Butonlar'

2021-11-18 11:17:25 - [MESSAGE][INFO] - Checking timeout

2021-11-18 11:17:25 - [MESSAGE][INFO] - Finding web element with id: 'Object Repository/Butonlar/Butonlar' located by 'By.cssSelector: .panel.panel-default.text-center.footerPanel .btn,.btn.btn-primary.btnControls' in '10' second(s)

2021-11-18 11:17:25 - [MESSAGE][INFO] - Smart Wait Function is triggered

2021-11-18 11:17:26 - [MESSAGE][INFO] - Found 6 web elements with id: 'Object Repository/Butonlar/Butonlar' located by 'By.cssSelector: .panel.panel-default.text-center.footerPanel .btn,.btn.btn-primary.btnControls' in '10' second(s)

2021-11-18 11:17:26 - [MESSAGE][PASSED] - Method.TextDegerineEsitElementVarMi is PASSED

2021-11-18 11:17:26 - [MESSAGE][PASSED] - Call Test Case 'Test Cases/Butonlar/ButonVarMi' successfully

2021-11-18 11:17:26 - [MESSAGE][INFO] - Checking called Test Case

2021-11-18 11:17:26 - [MESSAGE][INFO] - Starting to call Test Case 'Test Cases/Butonlar/ButonVarMi'

2021-11-18 11:17:26 - [TEST_CASE][PASSED] - Test Cases/Butonlar/ButonVarMi: Test Cases/Butonlar/ButonVarMi

2021-11-18 11:17:26 - [TEST_STEP][PASSED] - Method.TextDegerineEsitElementVarMi(findTestObject("Butonlar/Butonlar"), Buton): Method.TextDegerineEsitElementVarMi is PASSED

2021-11-18 11:17:26 - [MESSAGE][INFO] - Finding Test Object 'Object Repository/Butonlar/Butonlar'

2021-11-18 11:17:26 - [MESSAGE][INFO] - Checking timeout

2021-11-18 11:17:26 - [MESSAGE][INFO] - Finding web element with id: 'Object Repository/Butonlar/Butonlar' located by 'By.cssSelector: .panel.panel-default.text-center.footerPanel .btn,.btn.btn-primary.btnControls' in '10' second(s)

2021-11-18 11:17:26 - [MESSAGE][INFO] - Smart Wait Function is triggered

2021-11-18 11:17:26 - [MESSAGE][INFO] - Found 6 web elements with id: 'Object Repository/Butonlar/Butonlar' located by 'By.cssSelector: .panel.panel-default.text-center.footerPanel .btn,.btn.btn-primary.btnControls' in '10' second(s)

2021-11-18 11:17:26 - [MESSAGE][PASSED] - Method.TextDegerineEsitElementVarMi is PASSED

2021-11-18 11:17:26 - [MESSAGE][PASSED] - Call Test Case 'Test Cases/Butonlar/ButonVarMi' successfully

2021-11-18 11:17:26 - [MESSAGE][INFO] - Checking called Test Case

2021-11-18 11:17:26 - [MESSAGE][INFO] - Starting to call Test Case 'Test Cases/Butonlar/ButonVarMi'

2021-11-18 11:17:26 - [TEST_CASE][PASSED] - Test Cases/Butonlar/ButonVarMi: Test Cases/Butonlar/ButonVarMi

2021-11-18 11:17:26 - [TEST_STEP][PASSED] - Method.TextDegerineEsitElementVarMi(findTestObject("Butonlar/Butonlar"), Buton): Method.TextDegerineEsitElementVarMi is PASSED

2021-11-18 11:17:26 - [MESSAGE][INFO] - Finding Test Object 'Object Repository/Butonlar/Butonlar'

2021-11-18 11:17:26 - [MESSAGE][INFO] - Checking timeout

2021-11-18 11:17:26 - [MESSAGE][INFO] - Finding web element with id: 'Object Repository/Butonlar/Butonlar' located by 'By.cssSelector: .panel.panel-default.text-center.footerPanel .btn,.btn.btn-primary.btnControls' in '10' second(s)

2021-11-18 11:17:26 - [MESSAGE][INFO] - Smart Wait Function is triggered

2021-11-18 11:17:27 - [MESSAGE][INFO] - Found 6 web elements with id: 'Object Repository/Butonlar/Butonlar' located by 'By.cssSelector: .panel.panel-default.text-center.footerPanel .btn,.btn.btn-primary.btnControls' in '10' second(s)

2021-11-18 11:17:27 - [MESSAGE][PASSED] - Method.TextDegerineEsitElementVarMi is PASSED

2021-11-18 11:17:27 - [MESSAGE][PASSED] - Call Test Case 'Test Cases/Butonlar/ButonVarMi' successfully

2021-11-18 11:17:27 - [MESSAGE][INFO] - Checking called Test Case

2021-11-18 11:17:27 - [MESSAGE][INFO] - Starting to call Test Case 'Test Cases/Butonlar/ButonVarMi'

2021-11-18 11:17:27 - [TEST_CASE][PASSED] - Test Cases/Butonlar/ButonVarMi: Test Cases/Butonlar/ButonVarMi

2021-11-18 11:17:27 - [TEST_STEP][PASSED] - Method.TextDegerineEsitElementVarMi(findTestObject("Butonlar/Butonlar"), Buton): Method.TextDegerineEsitElementVarMi is PASSED

2021-11-18 11:17:27 - [MESSAGE][INFO] - Finding Test Object 'Object Repository/Butonlar/Butonlar'

2021-11-18 11:17:27 - [MESSAGE][INFO] - Checking timeout

2021-11-18 11:17:27 - [MESSAGE][INFO] - Finding web element with id: 'Object Repository/Butonlar/Butonlar' located by 'By.cssSelector: .panel.panel-default.text-center.footerPanel .btn,.btn.btn-primary.btnControls' in '10' second(s)

2021-11-18 11:17:27 - [MESSAGE][INFO] - Smart Wait Function is triggered

2021-11-18 11:17:27 - [MESSAGE][INFO] - Found 6 web elements with id: 'Object Repository/Butonlar/Butonlar' located by 'By.cssSelector: .panel.panel-default.text-center.footerPanel .btn,.btn.btn-primary.btnControls' in '10' second(s)

2021-11-18 11:17:27 - [MESSAGE][PASSED] - Method.TextDegerineEsitElementVarMi is PASSED

2021-11-18 11:17:27 - [MESSAGE][PASSED] - Call Test Case 'Test Cases/Butonlar/ButonVarMi' successfully

2021-11-18 11:17:27 - [MESSAGE][INFO] - Checking called Test Case

2021-11-18 11:17:27 - [MESSAGE][INFO] - Starting to call Test Case 'Test Cases/Butonlar/ButonVarMi'

2021-11-18 11:17:27 - [TEST_CASE][PASSED] - Test Cases/Butonlar/ButonVarMi: Test Cases/Butonlar/ButonVarMi

2021-11-18 11:17:27 - [TEST_STEP][PASSED] - Method.TextDegerineEsitElementVarMi(findTestObject("Butonlar/Butonlar"), Buton): Method.TextDegerineEsitElementVarMi is PASSED

2021-11-18 11:17:27 - [MESSAGE][INFO] - Finding Test Object 'Object Repository/Butonlar/Butonlar'

2021-11-18 11:17:27 - [MESSAGE][INFO] - Checking timeout

2021-11-18 11:17:27 - [MESSAGE][INFO] - Finding web element with id: 'Object Repository/Butonlar/Butonlar' located by 'By.cssSelector: .panel.panel-default.text-center.footerPanel .btn,.btn.btn-primary.btnControls' in '10' second(s)

2021-11-18 11:17:27 - [MESSAGE][INFO] - Smart Wait Function is triggered

2021-11-18 11:17:28 - [MESSAGE][INFO] - Found 6 web elements with id: 'Object Repository/Butonlar/Butonlar' located by 'By.cssSelector: .panel.panel-default.text-center.footerPanel .btn,.btn.btn-primary.btnControls' in '10' second(s)

2021-11-18 11:17:28 - [MESSAGE][PASSED] - Method.TextDegerineEsitElementVarMi is PASSED

2021-11-18 11:17:28 - [MESSAGE][PASSED] - Call Test Case 'Test Cases/Butonlar/ButonVarMi' successfully

2021-11-18 11:17:28 - [MESSAGE][INFO] - Checking called Test Case

2021-11-18 11:17:28 - [MESSAGE][INFO] - Starting to call Test Case 'Test Cases/Butonlar/ButonaTikla'

2021-11-18 11:17:28 - [TEST_CASE][PASSED] - Test Cases/Butonlar/ButonaTikla: Test Cases/Butonlar/ButonaTikla

2021-11-18 11:17:28 - [TEST_STEP][PASSED] - Method.TextDegerineEsitElementeTiklaEquals(findTestObject("Butonlar/Butonlar"), Buton_Adi): Method.TextDegerineEsitElementeTiklaEquals is PASSED

2021-11-18 11:17:28 - [MESSAGE][INFO] - Finding Test Object 'Object Repository/Butonlar/Butonlar'

2021-11-18 11:17:28 - [MESSAGE][INFO] - Checking timeout

2021-11-18 11:17:28 - [MESSAGE][INFO] - Finding web element with id: 'Object Repository/Butonlar/Butonlar' located by 'By.cssSelector: .panel.panel-default.text-center.footerPanel .btn,.btn.btn-primary.btnControls' in '10' second(s)

2021-11-18 11:17:28 - [MESSAGE][INFO] - Smart Wait Function is triggered

2021-11-18 11:17:28 - [MESSAGE][INFO] - Found 6 web elements with id: 'Object Repository/Butonlar/Butonlar' located by 'By.cssSelector: .panel.panel-default.text-center.footerPanel .btn,.btn.btn-primary.btnControls' in '10' second(s)

2021-11-18 11:17:28 - [MESSAGE][PASSED] - Method.TextDegerineEsitElementeTiklaEquals is PASSED

2021-11-18 11:17:28 - [MESSAGE][PASSED] - Call Test Case 'Test Cases/Butonlar/ButonaTikla' successfully

2021-11-18 11:17:28 - [MESSAGE][INFO] - Checking called Test Case

2021-11-18 11:17:28 - [MESSAGE][INFO] - Starting to call Test Case 'Test Cases/Butonlar/AltButonVarMi'

2021-11-18 11:17:28 - [TEST_CASE][PASSED] - Test Cases/Butonlar/AltButonVarMi: Test Cases/Butonlar/AltButonVarMi

2021-11-18 11:17:28 - [TEST_STEP][PASSED] - Method.TextDegerineEsitElementVarMi(findTestObject("Butonlar/AltButonlar"), AltButon): Method.TextDegerineEsitElementVarMi is PASSED

2021-11-18 11:17:28 - [MESSAGE][INFO] - Finding Test Object 'Object Repository/Butonlar/AltButonlar'

2021-11-18 11:17:29 - [MESSAGE][INFO] - Checking timeout

2021-11-18 11:17:29 - [MESSAGE][INFO] - Finding web element with id: 'Object Repository/Butonlar/AltButonlar' located by 'By.cssSelector: .btn-group.open li>a' in '10' second(s)

2021-11-18 11:17:29 - [MESSAGE][INFO] - Smart Wait Function is triggered

2021-11-18 11:17:29 - [MESSAGE][INFO] - Found 2 web elements with id: 'Object Repository/Butonlar/AltButonlar' located by 'By.cssSelector: .btn-group.open li>a' in '10' second(s)

2021-11-18 11:17:29 - [MESSAGE][PASSED] - Method.TextDegerineEsitElementVarMi is PASSED

2021-11-18 11:17:29 - [MESSAGE][PASSED] - Call Test Case 'Test Cases/Butonlar/AltButonVarMi' successfully

2021-11-18 11:17:29 - [MESSAGE][INFO] - Checking called Test Case

2021-11-18 11:17:29 - [MESSAGE][INFO] - Starting to call Test Case 'Test Cases/Butonlar/AltButonVarMi'

2021-11-18 11:17:29 - [TEST_CASE][PASSED] - Test Cases/Butonlar/AltButonVarMi: Test Cases/Butonlar/AltButonVarMi

2021-11-18 11:17:29 - [TEST_STEP][PASSED] - Method.TextDegerineEsitElementVarMi(findTestObject("Butonlar/AltButonlar"), AltButon): Method.TextDegerineEsitElementVarMi is PASSED

2021-11-18 11:17:29 - [MESSAGE][INFO] - Finding Test Object 'Object Repository/Butonlar/AltButonlar'

2021-11-18 11:17:29 - [MESSAGE][INFO] - Checking timeout

2021-11-18 11:17:29 - [MESSAGE][INFO] - Finding web element with id: 'Object Repository/Butonlar/AltButonlar' located by 'By.cssSelector: .btn-group.open li>a' in '10' second(s)

2021-11-18 11:17:29 - [MESSAGE][INFO] - Smart Wait Function is triggered

2021-11-18 11:17:29 - [MESSAGE][INFO] - Found 2 web elements with id: 'Object Repository/Butonlar/AltButonlar' located by 'By.cssSelector: .btn-group.open li>a' in '10' second(s)

2021-11-18 11:17:29 - [MESSAGE][PASSED] - Method.TextDegerineEsitElementVarMi is PASSED

2021-11-18 11:17:29 - [MESSAGE][PASSED] - Call Test Case 'Test Cases/Butonlar/AltButonVarMi' successfully

2021-11-18 11:17:29 - [MESSAGE][INFO] - Checking called Test Case

2021-11-18 11:17:29 - [MESSAGE][INFO] - Starting to call Test Case 'Test Cases/Butonlar/ButonaTikla'

2021-11-18 11:17:29 - [TEST_CASE][PASSED] - Test Cases/Butonlar/ButonaTikla: Test Cases/Butonlar/ButonaTikla

2021-11-18 11:17:30 - [TEST_STEP][PASSED] - Method.TextDegerineEsitElementeTiklaEquals(findTestObject("Butonlar/Butonlar"), Buton_Adi): Method.TextDegerineEsitElementeTiklaEquals is PASSED

2021-11-18 11:17:30 - [MESSAGE][INFO] - Finding Test Object 'Object Repository/Butonlar/Butonlar'

2021-11-18 11:17:30 - [MESSAGE][INFO] - Checking timeout

2021-11-18 11:17:30 - [MESSAGE][INFO] - Finding web element with id: 'Object Repository/Butonlar/Butonlar' located by 'By.cssSelector: .panel.panel-default.text-center.footerPanel .btn,.btn.btn-primary.btnControls' in '10' second(s)

2021-11-18 11:17:30 - [MESSAGE][INFO] - Smart Wait Function is triggered

2021-11-18 11:17:30 - [MESSAGE][INFO] - Found 6 web elements with id: 'Object Repository/Butonlar/Butonlar' located by 'By.cssSelector: .panel.panel-default.text-center.footerPanel .btn,.btn.btn-primary.btnControls' in '10' second(s)

2021-11-18 11:17:30 - [MESSAGE][PASSED] - Method.TextDegerineEsitElementeTiklaEquals is PASSED

2021-11-18 11:17:30 - [MESSAGE][PASSED] - Call Test Case 'Test Cases/Butonlar/ButonaTikla' successfully

2021-11-18 11:17:30 - [MESSAGE][INFO] - Checking called Test Case

2021-11-18 11:17:30 - [MESSAGE][INFO] - Starting to call Test Case 'Test Cases/Butonlar/AltButonVarMi'

2021-11-18 11:17:30 - [TEST_CASE][PASSED] - Test Cases/Butonlar/AltButonVarMi: Test Cases/Butonlar/AltButonVarMi

2021-11-18 11:17:30 - [TEST_STEP][PASSED] - Method.TextDegerineEsitElementVarMi(findTestObject("Butonlar/AltButonlar"), AltButon): Method.TextDegerineEsitElementVarMi is PASSED

2021-11-18 11:17:30 - [MESSAGE][INFO] - Finding Test Object 'Object Repository/Butonlar/AltButonlar'

2021-11-18 11:17:30 - [MESSAGE][INFO] - Checking timeout

2021-11-18 11:17:30 - [MESSAGE][INFO] - Finding web element with id: 'Object Repository/Butonlar/AltButonlar' located by 'By.cssSelector: .btn-group.open li>a' in '10' second(s)

2021-11-18 11:17:30 - [MESSAGE][INFO] - Smart Wait Function is triggered

2021-11-18 11:17:31 - [MESSAGE][INFO] - Found 2 web elements with id: 'Object Repository/Butonlar/AltButonlar' located by 'By.cssSelector: .btn-group.open li>a' in '10' second(s)

2021-11-18 11:17:31 - [MESSAGE][PASSED] - Method.TextDegerineEsitElementVarMi is PASSED

2021-11-18 11:17:31 - [MESSAGE][PASSED] - Call Test Case 'Test Cases/Butonlar/AltButonVarMi' successfully

2021-11-18 11:17:31 - [MESSAGE][INFO] - Checking called Test Case

2021-11-18 11:17:31 - [MESSAGE][INFO] - Starting to call Test Case 'Test Cases/Butonlar/AltButonVarMi'

2021-11-18 11:17:31 - [TEST_CASE][PASSED] - Test Cases/Butonlar/AltButonVarMi: Test Cases/Butonlar/AltButonVarMi

2021-11-18 11:17:31 - [TEST_STEP][PASSED] - Method.TextDegerineEsitElementVarMi(findTestObject("Butonlar/AltButonlar"), AltButon): Method.TextDegerineEsitElementVarMi is PASSED

2021-11-18 11:17:31 - [MESSAGE][INFO] - Finding Test Object 'Object Repository/Butonlar/AltButonlar'

2021-11-18 11:17:31 - [MESSAGE][INFO] - Checking timeout

2021-11-18 11:17:31 - [MESSAGE][INFO] - Finding web element with id: 'Object Repository/Butonlar/AltButonlar' located by 'By.cssSelector: .btn-group.open li>a' in '10' second(s)

2021-11-18 11:17:31 - [MESSAGE][INFO] - Smart Wait Function is triggered

2021-11-18 11:17:31 - [MESSAGE][INFO] - Found 2 web elements with id: 'Object Repository/Butonlar/AltButonlar' located by 'By.cssSelector: .btn-group.open li>a' in '10' second(s)

2021-11-18 11:17:31 - [MESSAGE][PASSED] - Method.TextDegerineEsitElementVarMi is PASSED

2021-11-18 11:17:31 - [MESSAGE][PASSED] - Call Test Case 'Test Cases/Butonlar/AltButonVarMi' successfully

2021-11-18 11:17:31 - [MESSAGE][INFO] - Checking called Test Case

2021-11-18 11:17:31 - [MESSAGE][INFO] - Starting to call Test Case 'Test Cases/Butonlar/ButonaTikla'

2021-11-18 11:17:31 - [TEST_CASE][PASSED] - Test Cases/Butonlar/ButonaTikla: Test Cases/Butonlar/ButonaTikla

2021-11-18 11:17:31 - [TEST_STEP][PASSED] - Method.TextDegerineEsitElementeTiklaEquals(findTestObject("Butonlar/Butonlar"), Buton_Adi): Method.TextDegerineEsitElementeTiklaEquals is PASSED

2021-11-18 11:17:31 - [MESSAGE][INFO] - Finding Test Object 'Object Repository/Butonlar/Butonlar'

2021-11-18 11:17:31 - [MESSAGE][INFO] - Checking timeout

2021-11-18 11:17:31 - [MESSAGE][INFO] - Finding web element with id: 'Object Repository/Butonlar/Butonlar' located by 'By.cssSelector: .panel.panel-default.text-center.footerPanel .btn,.btn.btn-primary.btnControls' in '10' second(s)

2021-11-18 11:17:31 - [MESSAGE][INFO] - Smart Wait Function is triggered

2021-11-18 11:17:31 - [MESSAGE][INFO] - Found 6 web elements with id: 'Object Repository/Butonlar/Butonlar' located by 'By.cssSelector: .panel.panel-default.text-center.footerPanel .btn,.btn.btn-primary.btnControls' in '10' second(s)

2021-11-18 11:17:32 - [MESSAGE][PASSED] - Method.TextDegerineEsitElementeTiklaEquals is PASSED

2021-11-18 11:17:32 - [MESSAGE][PASSED] - Call Test Case 'Test Cases/Butonlar/ButonaTikla' successfully

2021-11-18 11:17:32 - [MESSAGE][INFO] - Checking called Test Case

2021-11-18 11:17:32 - [MESSAGE][INFO] - Starting to call Test Case 'Test Cases/Butonlar/AltButonVarMi'

2021-11-18 11:17:32 - [TEST_CASE][PASSED] - Test Cases/Butonlar/AltButonVarMi: Test Cases/Butonlar/AltButonVarMi

2021-11-18 11:17:32 - [TEST_STEP][PASSED] - Method.TextDegerineEsitElementVarMi(findTestObject("Butonlar/AltButonlar"), AltButon): Method.TextDegerineEsitElementVarMi is PASSED

2021-11-18 11:17:32 - [MESSAGE][INFO] - Finding Test Object 'Object Repository/Butonlar/AltButonlar'

2021-11-18 11:17:32 - [MESSAGE][INFO] - Checking timeout

2021-11-18 11:17:32 - [MESSAGE][INFO] - Finding web element with id: 'Object Repository/Butonlar/AltButonlar' located by 'By.cssSelector: .btn-group.open li>a' in '10' second(s)

2021-11-18 11:17:32 - [MESSAGE][INFO] - Smart Wait Function is triggered

2021-11-18 11:17:32 - [MESSAGE][INFO] - Found 2 web elements with id: 'Object Repository/Butonlar/AltButonlar' located by 'By.cssSelector: .btn-group.open li>a' in '10' second(s)

2021-11-18 11:17:32 - [MESSAGE][PASSED] - Method.TextDegerineEsitElementVarMi is PASSED

2021-11-18 11:17:32 - [MESSAGE][PASSED] - Call Test Case 'Test Cases/Butonlar/AltButonVarMi' successfully

2021-11-18 11:17:32 - [MESSAGE][INFO] - Checking called Test Case

2021-11-18 11:17:32 - [MESSAGE][INFO] - Starting to call Test Case 'Test Cases/Butonlar/AltButonVarMi'

2021-11-18 11:17:32 - [TEST_CASE][PASSED] - Test Cases/Butonlar/AltButonVarMi: Test Cases/Butonlar/AltButonVarMi

2021-11-18 11:17:32 - [TEST_STEP][PASSED] - Method.TextDegerineEsitElementVarMi(findTestObject("Butonlar/AltButonlar"), AltButon): Method.TextDegerineEsitElementVarMi is PASSED

2021-11-18 11:17:32 - [MESSAGE][INFO] - Finding Test Object 'Object Repository/Butonlar/AltButonlar'

2021-11-18 11:17:32 - [MESSAGE][INFO] - Checking timeout

2021-11-18 11:17:32 - [MESSAGE][INFO] - Finding web element with id: 'Object Repository/Butonlar/AltButonlar' located by 'By.cssSelector: .btn-group.open li>a' in '10' second(s)

2021-11-18 11:17:32 - [MESSAGE][INFO] - Smart Wait Function is triggered

2021-11-18 11:17:32 - [MESSAGE][INFO] - Found 2 web elements with id: 'Object Repository/Butonlar/AltButonlar' located by 'By.cssSelector: .btn-group.open li>a' in '10' second(s)

2021-11-18 11:17:33 - [MESSAGE][PASSED] - Method.TextDegerineEsitElementVarMi is PASSED

2021-11-18 11:17:33 - [MESSAGE][PASSED] - Call Test Case 'Test Cases/Butonlar/AltButonVarMi' successfully

2021-11-18 11:17:33 - [MESSAGE][INFO] - Checking called Test Case

2021-11-18 11:17:33 - [MESSAGE][INFO] - Starting to call Test Case 'Test Cases/Kullanici_Islemleri/KullaniciIslemlerindenSecimYapilir'

2021-11-18 11:17:33 - [TEST_CASE][PASSED] - Test Cases/Kullanici_Islemleri/KullaniciIslemlerindenSecimYapilir: Test Cases/Kullanici_Islemleri/KullaniciIslemlerindenSecimYapilir

2021-11-18 11:17:33 - [TEST_STEP][PASSED] - waitForElementClickable(findTestObject("Object Repository/Kullanici_Islemleri/KullaniciIslemleri"), 10): Object 'Object Repository/Kullanici_Islemleri/KullaniciIslemleri' is clickable

2021-11-18 11:17:33 - [MESSAGE][INFO] - Finding Test Object 'Object Repository/Kullanici_Islemleri/KullaniciIslemleri'

2021-11-18 11:17:33 - [MESSAGE][INFO] - Checking object

2021-11-18 11:17:33 - [MESSAGE][INFO] - Checking timeout

2021-11-18 11:17:33 - [MESSAGE][INFO] - Finding web element from Test Object's properties

2021-11-18 11:17:33 - [MESSAGE][INFO] - Checking timeout

2021-11-18 11:17:33 - [MESSAGE][INFO] - Finding web element with id: 'Object Repository/Kullanici_Islemleri/KullaniciIslemleri' located by 'By.cssSelector: .dropdown>a>img' in '10' second(s)

2021-11-18 11:17:33 - [MESSAGE][INFO] - Smart Wait Function is triggered

2021-11-18 11:17:33 - [MESSAGE][INFO] - Found 1 web elements with id: 'Object Repository/Kullanici_Islemleri/KullaniciIslemleri' located by 'By.cssSelector: .dropdown>a>img' in '10' second(s)

2021-11-18 11:17:33 - [MESSAGE][PASSED] - Object 'Object Repository/Kullanici_Islemleri/KullaniciIslemleri' is clickable

2021-11-18 11:17:33 - [TEST_STEP][PASSED] - click(findTestObject("Object Repository/Kullanici_Islemleri/KullaniciIslemleri")): Object: 'Object Repository/Kullanici_Islemleri/KullaniciIslemleri' is clicked on

2021-11-18 11:17:33 - [MESSAGE][INFO] - Finding Test Object 'Object Repository/Kullanici_Islemleri/KullaniciIslemleri'

2021-11-18 11:17:33 - [MESSAGE][INFO] - Checking object

2021-11-18 11:17:33 - [MESSAGE][INFO] - Finding web element from Test Object's properties

2021-11-18 11:17:33 - [MESSAGE][INFO] - Checking timeout

2021-11-18 11:17:33 - [MESSAGE][INFO] - Finding web element with id: 'Object Repository/Kullanici_Islemleri/KullaniciIslemleri' located by 'By.cssSelector: .dropdown>a>img' in '30' second(s)

2021-11-18 11:17:33 - [MESSAGE][INFO] - Smart Wait Function is triggered

2021-11-18 11:17:33 - [MESSAGE][INFO] - Found 1 web elements with id: 'Object Repository/Kullanici_Islemleri/KullaniciIslemleri' located by 'By.cssSelector: .dropdown>a>img' in '30' second(s)

2021-11-18 11:17:33 - [MESSAGE][INFO] - Clicking on object: 'Object Repository/Kullanici_Islemleri/KullaniciIslemleri'

2021-11-18 11:17:33 - [MESSAGE][PASSED] - Object: 'Object Repository/Kullanici_Islemleri/KullaniciIslemleri' is clicked on

2021-11-18 11:17:33 - [TEST_STEP][PASSED] - Method.TextDegerineEsitElementeTikla(findTestObject("Object Repository/Kullanici_Islemleri/Secenekler"), Islem): Method.TextDegerineEsitElementeTikla is PASSED

2021-11-18 11:17:33 - [MESSAGE][INFO] - Finding Test Object 'Object Repository/Kullanici_Islemleri/Secenekler'

2021-11-18 11:17:34 - [MESSAGE][INFO] - Checking timeout

2021-11-18 11:17:34 - [MESSAGE][INFO] - Finding web element with id: 'Object Repository/Kullanici_Islemleri/Secenekler' located by 'By.cssSelector: .nav.navbar-nav.navbar-right li a' in '10' second(s)

2021-11-18 11:17:34 - [MESSAGE][INFO] - Smart Wait Function is triggered

2021-11-18 11:17:34 - [MESSAGE][INFO] - Found 22 web elements with id: 'Object Repository/Kullanici_Islemleri/Secenekler' located by 'By.cssSelector: .nav.navbar-nav.navbar-right li a' in '10' second(s)

2021-11-18 11:17:35 - [MESSAGE][PASSED] - Method.TextDegerineEsitElementeTikla is PASSED

2021-11-18 11:17:35 - [TEST_STEP][PASSED] - verifyElementNotPresent(findTestObject("Object Repository/Kullanici_Islemleri/Secenekler"), 10): Web element with id: 'Object Repository/Kullanici_Islemleri/Secenekler' located by 'By.cssSelector: .nav.navbar-nav.navbar-right li a' is not present after '10' second(s)

2021-11-18 11:17:35 - [MESSAGE][INFO] - Finding Test Object 'Object Repository/Kullanici_Islemleri/Secenekler'

2021-11-18 11:17:35 - [MESSAGE][INFO] - Checking object

2021-11-18 11:17:35 - [MESSAGE][INFO] - Checking timeout

2021-11-18 11:17:35 - [MESSAGE][INFO] - Finding web element with id: 'Object Repository/Kullanici_Islemleri/Secenekler' located by 'By.cssSelector: .nav.navbar-nav.navbar-right li a' in '10' second(s)

2021-11-18 11:17:35 - [MESSAGE][INFO] - Smart Wait Function is triggered

2021-11-18 11:17:36 - [MESSAGE][PASSED] - Web element with id: 'Object Repository/Kullanici_Islemleri/Secenekler' located by 'By.cssSelector: .nav.navbar-nav.navbar-right li a' is not present after '10' second(s)

2021-11-18 11:17:36 - [MESSAGE][PASSED] - Call Test Case 'Test Cases/Kullanici_Islemleri/KullaniciIslemlerindenSecimYapilir' successfully

2021-11-18 11:17:36 - [TEST_CASE][PASSED] - Start Test Case : SCENARIO Gelen Kutusu Irsaliye Yanitlari Buton Kontrolu: SCENARIO Gelen Kutusu Irsaliye Yanitlari Buton Kontrolu

2021-11-18 11:17:36 - [TEST_STEP][PASSED] - Kullanıcı adı ELOGO6 ve Şifre 123456 olarak giriş yapılır: Kullanıcı adı ELOGO6 ve Şifre 123456 olarak giriş yapılır

2021-11-18 11:17:36 - [MESSAGE][PASSED] - Kullanıcı adı ELOGO6 ve Şifre 123456 olarak giriş yapılır

2021-11-18 11:17:36 - [TEST_STEP][PASSED] - Ana menüden e-İrsaliye seçilir: Ana menüden e-İrsaliye seçilir

2021-11-18 11:17:36 - [MESSAGE][PASSED] - Ana menüden e-İrsaliye seçilir

2021-11-18 11:17:36 - [TEST_STEP][PASSED] - Alt menü Gelen Kutusu başlığı altındaki İrsaliye Yanıtları seçilir: Alt menü Gelen Kutusu başlığı altındaki İrsaliye Yanıtları seçilir

2021-11-18 11:17:36 - [MESSAGE][PASSED] - Alt menü Gelen Kutusu başlığı altındaki İrsaliye Yanıtları seçilir

2021-11-18 11:17:36 - [TEST_STEP][PASSED] - Filtrelerden Oluşturma Tarihi filtresine 01.01.2020 baslangic degerini yaz: Filtrelerden Oluşturma Tarihi filtresine 01.01.2020 baslangic degerini yaz

2021-11-18 11:17:36 - [MESSAGE][PASSED] - Filtrelerden Oluşturma Tarihi filtresine 01.01.2020 baslangic degerini yaz

2021-11-18 11:17:36 - [TEST_STEP][PASSED] - Filtrelerden Oluşturma Tarihi filtresine 31.12.2020 bitis degerini yaz: Filtrelerden Oluşturma Tarihi filtresine 31.12.2020 bitis degerini yaz

2021-11-18 11:17:36 - [MESSAGE][PASSED] - Filtrelerden Oluşturma Tarihi filtresine 31.12.2020 bitis degerini yaz

2021-11-18 11:17:36 - [TEST_STEP][PASSED] - Filtre butonlarından Listele seçilir: Filtre butonlarından Listele seçilir

2021-11-18 11:17:36 - [MESSAGE][PASSED] - Filtre butonlarından Listele seçilir

2021-11-18 11:17:36 - [TEST_STEP][PASSED] - Tablodan ELOGO TEST isimli verinin detayı tıklanır: Tablodan ELOGO TEST isimli verinin detayı tıklanır

2021-11-18 11:17:36 - [MESSAGE][PASSED] - Tablodan ELOGO TEST isimli verinin detayı tıklanır

2021-11-18 11:17:36 - [TEST_STEP][PASSED] - Tablodan ELOGO TEST isimli verinin detayı tıklanır: Tablodan ELOGO TEST isimli verinin detayı tıklanır

2021-11-18 11:17:36 - [MESSAGE][PASSED] - Tablodan ELOGO TEST isimli verinin detayı tıklanır

2021-11-18 11:17:36 - [TEST_STEP][PASSED] - Filtre alanlarında Gönderici Ünvanı var mı: Filtre alanlarında Gönderici Ünvanı var mı

2021-11-18 11:17:36 - [MESSAGE][PASSED] - Filtre alanlarında Gönderici Ünvanı var mı

2021-11-18 11:17:36 - [TEST_STEP][PASSED] - Filtre alanlarında Gönd. VKN/TCKN var mı: Filtre alanlarında Gönd. VKN/TCKN var mı

2021-11-18 11:17:36 - [MESSAGE][PASSED] - Filtre alanlarında Gönd. VKN/TCKN var mı

2021-11-18 11:17:36 - [TEST_STEP][PASSED] - Filtre alanlarında İrsaliye Yanıtı No var mı: Filtre alanlarında İrsaliye Yanıtı No var mı

2021-11-18 11:17:36 - [MESSAGE][PASSED] - Filtre alanlarında İrsaliye Yanıtı No var mı

2021-11-18 11:17:36 - [TEST_STEP][PASSED] - Filtre alanlarında İrsaliye Yanıtı ETTN var mı: Filtre alanlarında İrsaliye Yanıtı ETTN var mı

2021-11-18 11:17:36 - [MESSAGE][PASSED] - Filtre alanlarında İrsaliye Yanıtı ETTN var mı

2021-11-18 11:17:36 - [TEST_STEP][PASSED] - Filtre alanlarında Oluşturma Tarihi var mı: Filtre alanlarında Oluşturma Tarihi var mı

2021-11-18 11:17:36 - [MESSAGE][PASSED] - Filtre alanlarında Oluşturma Tarihi var mı

2021-11-18 11:17:36 - [TEST_STEP][PASSED] - Filtre alanlarında Belge Tarihi var mı: Filtre alanlarında Belge Tarihi var mı

2021-11-18 11:17:36 - [MESSAGE][PASSED] - Filtre alanlarında Belge Tarihi var mı

2021-11-18 11:17:36 - [TEST_STEP][PASSED] - Filtre alanlarında İlşk. İrsaliye No var mı: Filtre alanlarında İlşk. İrsaliye No var mı

2021-11-18 11:17:36 - [MESSAGE][PASSED] - Filtre alanlarında İlşk. İrsaliye No var mı

2021-11-18 11:17:36 - [TEST_STEP][PASSED] - Filtre alanlarında İlşk. İrsaliye ETTN var mı: Filtre alanlarında İlşk. İrsaliye ETTN var mı

2021-11-18 11:17:36 - [MESSAGE][PASSED] - Filtre alanlarında İlşk. İrsaliye ETTN var mı

2021-11-18 11:17:36 - [TEST_STEP][PASSED] - Filtre alanlarında Kullanıcı Kodu var mı: Filtre alanlarında Kullanıcı Kodu var mı

2021-11-18 11:17:36 - [MESSAGE][PASSED] - Filtre alanlarında Kullanıcı Kodu var mı

2021-11-18 11:17:36 - [TEST_STEP][PASSED] - Filtre alanlarında Zarf ETTN var mı: Filtre alanlarında Zarf ETTN var mı

2021-11-18 11:17:36 - [MESSAGE][PASSED] - Filtre alanlarında Zarf ETTN var mı

2021-11-18 11:17:36 - [TEST_STEP][PASSED] - Filtre alanlarında Atanan Departman var mı: Filtre alanlarında Atanan Departman var mı

2021-11-18 11:17:36 - [MESSAGE][PASSED] - Filtre alanlarında Atanan Departman var mı

2021-11-18 11:17:36 - [TEST_STEP][PASSED] - Filtre butonlarında Filtreleri Kaydet var mı: Filtre butonlarında Filtreleri Kaydet var mı

2021-11-18 11:17:36 - [MESSAGE][PASSED] - Filtre butonlarında Filtreleri Kaydet var mı

2021-11-18 11:17:36 - [TEST_STEP][PASSED] - Filtre butonlarında Listele var mı: Filtre butonlarında Listele var mı

2021-11-18 11:17:36 - [MESSAGE][PASSED] - Filtre butonlarında Listele var mı

2021-11-18 11:17:36 - [TEST_STEP][PASSED] - Filtre butonlarında Temizle var mı: Filtre butonlarında Temizle var mı

2021-11-18 11:17:36 - [MESSAGE][PASSED] - Filtre butonlarında Temizle var mı

2021-11-18 11:17:36 - [TEST_STEP][PASSED] - Butonlardan Excel var mı: Butonlardan Excel var mı

2021-11-18 11:17:36 - [MESSAGE][PASSED] - Butonlardan Excel var mı

2021-11-18 11:17:36 - [TEST_STEP][PASSED] - Butonlardan Toplu İndirme var mı: Butonlardan Toplu İndirme var mı

2021-11-18 11:17:36 - [MESSAGE][PASSED] - Butonlardan Toplu İndirme var mı

2021-11-18 11:17:36 - [TEST_STEP][PASSED] - Butonlardan UBL var mı: Butonlardan UBL var mı

2021-11-18 11:17:36 - [MESSAGE][PASSED] - Butonlardan UBL var mı

2021-11-18 11:17:36 - [TEST_STEP][PASSED] - Butonlardan İzleme Kayıtları var mı: Butonlardan İzleme Kayıtları var mı

2021-11-18 11:17:36 - [MESSAGE][PASSED] - Butonlardan İzleme Kayıtları var mı

2021-11-18 11:17:36 - [TEST_STEP][PASSED] - Butonlardan Departman Ata var mı: Butonlardan Departman Ata var mı

2021-11-18 11:17:36 - [MESSAGE][PASSED] - Butonlardan Departman Ata var mı

2021-11-18 11:17:36 - [TEST_STEP][PASSED] - Butonlardan Departman Geri Al var mı: Butonlardan Departman Geri Al var mı

2021-11-18 11:17:36 - [MESSAGE][PASSED] - Butonlardan Departman Geri Al var mı

2021-11-18 11:17:36 - [TEST_STEP][PASSED] - Butonlardan Excel isimli butona tıklanır: Butonlardan Excel isimli butona tıklanır

2021-11-18 11:17:36 - [MESSAGE][PASSED] - Butonlardan Excel isimli butona tıklanır

2021-11-18 11:17:36 - [TEST_STEP][PASSED] - Alt butonlardan Excel'e Aktar var mı: Alt butonlardan Excel'e Aktar var mı

2021-11-18 11:17:36 - [MESSAGE][PASSED] - Alt butonlardan Excel'e Aktar var mı

2021-11-18 11:17:36 - [TEST_STEP][PASSED] - Alt butonlardan Tümünü Excel'e Aktar var mı: Alt butonlardan Tümünü Excel'e Aktar var mı

2021-11-18 11:17:36 - [MESSAGE][PASSED] - Alt butonlardan Tümünü Excel'e Aktar var mı

2021-11-18 11:17:36 - [TEST_STEP][PASSED] - Butonlardan Toplu İndirme isimli butona tıklanır: Butonlardan Toplu İndirme isimli butona tıklanır

2021-11-18 11:17:36 - [MESSAGE][PASSED] - Butonlardan Toplu İndirme isimli butona tıklanır

2021-11-18 11:17:36 - [TEST_STEP][PASSED] - Alt butonlardan UBL Seçilenleri İndir var mı: Alt butonlardan UBL Seçilenleri İndir var mı

2021-11-18 11:17:36 - [MESSAGE][PASSED] - Alt butonlardan UBL Seçilenleri İndir var mı

2021-11-18 11:17:36 - [TEST_STEP][PASSED] - Alt butonlardan UBL Tümünü İndir var mı: Alt butonlardan UBL Tümünü İndir var mı

2021-11-18 11:17:36 - [MESSAGE][PASSED] - Alt butonlardan UBL Tümünü İndir var mı

2021-11-18 11:17:36 - [TEST_STEP][PASSED] - Butonlardan UBL isimli butona tıklanır: Butonlardan UBL isimli butona tıklanır

2021-11-18 11:17:36 - [MESSAGE][PASSED] - Butonlardan UBL isimli butona tıklanır

2021-11-18 11:17:36 - [TEST_STEP][PASSED] - Alt butonlardan Göster var mı: Alt butonlardan Göster var mı

2021-11-18 11:17:36 - [MESSAGE][PASSED] - Alt butonlardan Göster var mı

2021-11-18 11:17:36 - [TEST_STEP][PASSED] - Alt butonlardan İndir var mı: Alt butonlardan İndir var mı

2021-11-18 11:17:36 - [MESSAGE][PASSED] - Alt butonlardan İndir var mı

2021-11-18 11:17:36 - [TEST_STEP][PASSED] - Kullanıcı işlemlerinden Çıkış seçilir: Kullanıcı işlemlerinden Çıkış seçilir

2021-11-18 11:17:36 - [MESSAGE][PASSED] - Kullanıcı işlemlerinden Çıkış seçilir

2021-11-18 11:17:36 - [MESSAGE][PASSED] - Feature file: 'Include/features/e-Irsaliye/Gelen Kutusu/Irsaliye Yanitlari/Ekran Kontrolu.feature' was passed

2021-11-18 11:17:36 - [TEST_STEP][PASSED] - Start listener action : sampleAfterTestSuite: Invoke 'com.kms.katalon.core.annotation.AfterTestCase' method: 'Listener.sampleAfterTestSuite(...)' completed.

2021-11-18 11:17:36 - [MESSAGE][INFO] - Starting invoke 'com.kms.katalon.core.annotation.AfterTestCase' method: 'Listener.sampleAfterTestSuite(...)'

2021-11-18 11:17:36 - [TEST_STEP][PASSED] - closeBrowser(): Invoke 'com.kms.katalon.core.annotation.AfterTestCase' method: 'Listener.sampleAfterTestSuite(...)' completed.

2021-11-18 11:17:36 - [MESSAGE][INFO] - Closing browser

2021-11-18 11:17:37 - [MESSAGE][PASSED] - Browser is closed

2021-11-18 11:17:37 - [MESSAGE][INFO] - Invoke 'com.kms.katalon.core.annotation.AfterTestCase' method: 'Listener.sampleAfterTestSuite(...)' completed.]]></system-out>
         <system-err><![CDATA[]]></system-err>
      </testcase>
      <testcase name="Test Cases/Case Repository/e-Irsaliye/Gelen Kutusu/Irsaliye Yanitlari/Gorseli Ac" time="36.585" classname="Test Cases/Case Repository/e-Irsaliye/Gelen Kutusu/Irsaliye Yanitlari/Gorseli Ac" status="PASSED">
         <system-out><![CDATA[2021-11-18 11:17:37 - [TEST_CASE][PASSED] - Test Cases/Case Repository/e-Irsaliye/Gelen Kutusu/Irsaliye Yanitlari/Gorseli Ac: Test Cases/Case Repository/e-Irsaliye/Gelen Kutusu/Irsaliye Yanitlari/Gorseli Ac

2021-11-18 11:17:37 - [TEST_STEP][PASSED] - Start listener action : sampleBeforeTestSuite: Invoke 'com.kms.katalon.core.annotation.BeforeTestCase' method: 'Listener.sampleBeforeTestSuite(...)' completed.

2021-11-18 11:17:37 - [MESSAGE][INFO] - Starting invoke 'com.kms.katalon.core.annotation.BeforeTestCase' method: 'Listener.sampleBeforeTestSuite(...)'

2021-11-18 11:17:37 - [TEST_STEP][PASSED] - openBrowser(baseUrl): Browser is opened with url: 'https://efatura-stage.elogo.com.tr/'

2021-11-18 11:17:37 - [MESSAGE][INFO] - Opening browser

2021-11-18 11:17:37 - [MESSAGE][INFO] - Starting 'Chrome' driver

2021-11-18 11:17:37 - [MESSAGE][INFO] - User set preference: ['prefs', '{download.default_directory=C:\otomasyondownfiles}']

2021-11-18 11:17:37 - [MESSAGE][INFO] - Action delay is set to 0 milliseconds

2021-11-18 11:17:38 - [MESSAGE][INFO] - Navigating browser to: 'https://efatura-stage.elogo.com.tr/'

2021-11-18 11:17:41 - [MESSAGE][PASSED] - Browser is opened with url: 'https://efatura-stage.elogo.com.tr/'

2021-11-18 11:17:41 - [TEST_STEP][PASSED] - maximizeWindow(): Invoke 'com.kms.katalon.core.annotation.BeforeTestCase' method: 'Listener.sampleBeforeTestSuite(...)' completed.

2021-11-18 11:17:41 - [MESSAGE][INFO] - Maximizing current window

2021-11-18 11:17:41 - [MESSAGE][PASSED] - Current window maximized

2021-11-18 11:17:41 - [MESSAGE][INFO] - Invoke 'com.kms.katalon.core.annotation.BeforeTestCase' method: 'Listener.sampleBeforeTestSuite(...)' completed.

2021-11-18 11:17:41 - [TEST_STEP][PASSED] - runFeatureFile("Include/features/e-Irsaliye/Gelen Kutusu/Irsaliye Yanitlari/Gorseli Ac.feature"): Feature file: 'Include/features/e-Irsaliye/Gelen Kutusu/Irsaliye Yanitlari/Gorseli Ac.feature' was passed

2021-11-18 11:17:41 - [MESSAGE][INFO] - Starting run keyword runFeatureFile: 'Include/features/e-Irsaliye/Gelen Kutusu/Irsaliye Yanitlari/Gorseli Ac.feature' and extract report to folder: 'C:\Users\DELL\Documents\GitHub\EES_KatalonLogo\Reports\20211118_110909\Suite Repository\e-Irsaliye\20211118_110920/cucumber_report/1637223461857'...

2021-11-18 11:17:41 - [MESSAGE][INFO] - Glue: []

2021-11-18 11:17:43 - [MESSAGE][INFO] - Checking called Test Case

2021-11-18 11:17:43 - [MESSAGE][INFO] - Starting to call Test Case 'Test Cases/Sayfalar/Giris_Sayfasi/Login'

2021-11-18 11:17:43 - [TEST_CASE][PASSED] - Test Cases/Sayfalar/Giris_Sayfasi/Login: Test Cases/Sayfalar/Giris_Sayfasi/Login

2021-11-18 11:17:43 - [TEST_STEP][PASSED] - Sayfa_Basligi = getWindowTitle(): Current window's title is: 'LOGO e-Fatura'

2021-11-18 11:17:43 - [MESSAGE][INFO] - Getting current window's title

2021-11-18 11:17:43 - [MESSAGE][PASSED] - Current window's title is: 'LOGO e-Fatura'

2021-11-18 11:17:43 - [TEST_STEP][PASSED] - verifyMatch(Sayfa_Basligi, "LOGO e-Fatura", false): Actual text 'LOGO e-Fatura' and expected text 'LOGO e-Fatura' are matched 

2021-11-18 11:17:43 - [MESSAGE][INFO] - Matching actual text 'LOGO e-Fatura' with expected text 'LOGO e-Fatura'

2021-11-18 11:17:43 - [MESSAGE][PASSED] - Actual text 'LOGO e-Fatura' and expected text 'LOGO e-Fatura' are matched 

2021-11-18 11:17:43 - [TEST_STEP][PASSED] - sendKeys(findTestObject("Sayfalar/Giris_Sayfasi/Firma_Kodu"), KullaniciAdi): Keys 'ELOGO6' sent to object: 'Object Repository/Sayfalar/Giris_Sayfasi/Firma_Kodu'

2021-11-18 11:17:43 - [MESSAGE][INFO] - Finding Test Object 'Object Repository/Sayfalar/Giris_Sayfasi/Firma_Kodu'

2021-11-18 11:17:43 - [MESSAGE][INFO] - Sending keys 'ELOGO6' to object: 'Object Repository/Sayfalar/Giris_Sayfasi/Firma_Kodu'

2021-11-18 11:17:43 - [MESSAGE][INFO] - Finding web element from Test Object's properties

2021-11-18 11:17:43 - [MESSAGE][INFO] - Checking timeout

2021-11-18 11:17:43 - [MESSAGE][INFO] - Finding web element with id: 'Object Repository/Sayfalar/Giris_Sayfasi/Firma_Kodu' located by 'By.xpath: //*[@id = 'AccountName']' in '30' second(s)

2021-11-18 11:17:43 - [MESSAGE][INFO] - Smart Wait Function is triggered

2021-11-18 11:17:44 - [MESSAGE][INFO] - Found 1 web elements with id: 'Object Repository/Sayfalar/Giris_Sayfasi/Firma_Kodu' located by 'By.xpath: //*[@id = 'AccountName']' in '30' second(s)

2021-11-18 11:17:44 - [MESSAGE][PASSED] - Keys 'ELOGO6' sent to object: 'Object Repository/Sayfalar/Giris_Sayfasi/Firma_Kodu'

2021-11-18 11:17:44 - [TEST_STEP][PASSED] - sendKeys(findTestObject("Sayfalar/Giris_Sayfasi/Sifre"), Sifre): Keys '123456' sent to object: 'Object Repository/Sayfalar/Giris_Sayfasi/Sifre'

2021-11-18 11:17:44 - [MESSAGE][INFO] - Finding Test Object 'Object Repository/Sayfalar/Giris_Sayfasi/Sifre'

2021-11-18 11:17:44 - [MESSAGE][INFO] - Sending keys '123456' to object: 'Object Repository/Sayfalar/Giris_Sayfasi/Sifre'

2021-11-18 11:17:44 - [MESSAGE][INFO] - Finding web element from Test Object's properties

2021-11-18 11:17:44 - [MESSAGE][INFO] - Checking timeout

2021-11-18 11:17:44 - [MESSAGE][INFO] - Finding web element with id: 'Object Repository/Sayfalar/Giris_Sayfasi/Sifre' located by 'By.xpath: //*[@id = 'Password']' in '30' second(s)

2021-11-18 11:17:44 - [MESSAGE][INFO] - Smart Wait Function is triggered

2021-11-18 11:17:44 - [MESSAGE][INFO] - Found 1 web elements with id: 'Object Repository/Sayfalar/Giris_Sayfasi/Sifre' located by 'By.xpath: //*[@id = 'Password']' in '30' second(s)

2021-11-18 11:17:44 - [MESSAGE][PASSED] - Keys '123456' sent to object: 'Object Repository/Sayfalar/Giris_Sayfasi/Sifre'

2021-11-18 11:17:44 - [TEST_STEP][PASSED] - findWebElement(findTestObject("Sayfalar/Giris_Sayfasi/Giris_Butonu")).click(): Found 1 web elements with id: 'Object Repository/Sayfalar/Giris_Sayfasi/Giris_Butonu' located by 'By.cssSelector: #btnLogin' in '30' second(s)

2021-11-18 11:17:44 - [MESSAGE][INFO] - Finding Test Object 'Object Repository/Sayfalar/Giris_Sayfasi/Giris_Butonu'

2021-11-18 11:17:44 - [MESSAGE][INFO] - Finding web element from Test Object's properties

2021-11-18 11:17:44 - [MESSAGE][INFO] - Checking timeout

2021-11-18 11:17:44 - [MESSAGE][INFO] - Finding web element with id: 'Object Repository/Sayfalar/Giris_Sayfasi/Giris_Butonu' located by 'By.cssSelector: #btnLogin' in '30' second(s)

2021-11-18 11:17:44 - [MESSAGE][INFO] - Smart Wait Function is triggered

2021-11-18 11:17:44 - [MESSAGE][INFO] - Found 1 web elements with id: 'Object Repository/Sayfalar/Giris_Sayfasi/Giris_Butonu' located by 'By.cssSelector: #btnLogin' in '30' second(s)

2021-11-18 11:17:47 - [TEST_STEP][PASSED] - if (verifyElementPresent(findTestObject("Object Repository/Sayfalar/Giris_Sayfasi/RetveTamam_Butonu"), 5, OPTIONAL)): null

2021-11-18 11:17:47 - [MESSAGE][INFO] - Finding Test Object 'Object Repository/Sayfalar/Giris_Sayfasi/RetveTamam_Butonu'

2021-11-18 11:17:47 - [MESSAGE][INFO] - Checking object

2021-11-18 11:17:47 - [MESSAGE][INFO] - Finding web element from Test Object's properties

2021-11-18 11:17:47 - [MESSAGE][INFO] - Checking timeout

2021-11-18 11:17:47 - [MESSAGE][INFO] - Finding web element with id: 'Object Repository/Sayfalar/Giris_Sayfasi/RetveTamam_Butonu' located by 'By.xpath: //*[@class = 'btn btn-default']' in '5' second(s)

2021-11-18 11:17:47 - [MESSAGE][INFO] - Smart Wait Function is triggered

2021-11-18 11:17:47 - [MESSAGE][INFO] - Found 1 web elements with id: 'Object Repository/Sayfalar/Giris_Sayfasi/RetveTamam_Butonu' located by 'By.xpath: //*[@class = 'btn btn-default']' in '5' second(s)

2021-11-18 11:17:47 - [MESSAGE][PASSED] - Object 'Object Repository/Sayfalar/Giris_Sayfasi/RetveTamam_Butonu' is present

2021-11-18 11:17:47 - [TEST_STEP][PASSED] - click(findTestObject("Object Repository/Sayfalar/Giris_Sayfasi/RetveTamam_Butonu")): Object: 'Object Repository/Sayfalar/Giris_Sayfasi/RetveTamam_Butonu' is clicked on

2021-11-18 11:17:47 - [MESSAGE][INFO] - Finding Test Object 'Object Repository/Sayfalar/Giris_Sayfasi/RetveTamam_Butonu'

2021-11-18 11:17:47 - [MESSAGE][INFO] - Checking object

2021-11-18 11:17:47 - [MESSAGE][INFO] - Finding web element from Test Object's properties

2021-11-18 11:17:47 - [MESSAGE][INFO] - Checking timeout

2021-11-18 11:17:47 - [MESSAGE][INFO] - Finding web element with id: 'Object Repository/Sayfalar/Giris_Sayfasi/RetveTamam_Butonu' located by 'By.xpath: //*[@class = 'btn btn-default']' in '30' second(s)

2021-11-18 11:17:47 - [MESSAGE][INFO] - Smart Wait Function is triggered

2021-11-18 11:17:48 - [MESSAGE][INFO] - Found 1 web elements with id: 'Object Repository/Sayfalar/Giris_Sayfasi/RetveTamam_Butonu' located by 'By.xpath: //*[@class = 'btn btn-default']' in '30' second(s)

2021-11-18 11:17:48 - [MESSAGE][INFO] - Clicking on object: 'Object Repository/Sayfalar/Giris_Sayfasi/RetveTamam_Butonu'

2021-11-18 11:17:48 - [MESSAGE][PASSED] - Object: 'Object Repository/Sayfalar/Giris_Sayfasi/RetveTamam_Butonu' is clicked on

2021-11-18 11:17:48 - [TEST_STEP][PASSED] - click(findTestObject("Object Repository/Sayfalar/Giris_Sayfasi/RetveTamam_Butonu")): Object: 'Object Repository/Sayfalar/Giris_Sayfasi/RetveTamam_Butonu' is clicked on

2021-11-18 11:17:48 - [MESSAGE][INFO] - Finding Test Object 'Object Repository/Sayfalar/Giris_Sayfasi/RetveTamam_Butonu'

2021-11-18 11:17:48 - [MESSAGE][INFO] - Checking object

2021-11-18 11:17:48 - [MESSAGE][INFO] - Finding web element from Test Object's properties

2021-11-18 11:17:48 - [MESSAGE][INFO] - Checking timeout

2021-11-18 11:17:48 - [MESSAGE][INFO] - Finding web element with id: 'Object Repository/Sayfalar/Giris_Sayfasi/RetveTamam_Butonu' located by 'By.xpath: //*[@class = 'btn btn-default']' in '30' second(s)

2021-11-18 11:17:48 - [MESSAGE][INFO] - Smart Wait Function is triggered

2021-11-18 11:17:53 - [MESSAGE][INFO] - Found 1 web elements with id: 'Object Repository/Sayfalar/Giris_Sayfasi/RetveTamam_Butonu' located by 'By.xpath: //*[@class = 'btn btn-default']' in '30' second(s)

2021-11-18 11:17:53 - [MESSAGE][INFO] - Clicking on object: 'Object Repository/Sayfalar/Giris_Sayfasi/RetveTamam_Butonu'

2021-11-18 11:17:53 - [MESSAGE][PASSED] - Object: 'Object Repository/Sayfalar/Giris_Sayfasi/RetveTamam_Butonu' is clicked on

2021-11-18 11:17:53 - [TEST_STEP][PASSED] - if (verifyElementPresent(findTestObject("Sayfalar/Giris_Sayfasi/PopupOK"), 5, OPTIONAL)): null

2021-11-18 11:17:53 - [MESSAGE][INFO] - Finding Test Object 'Object Repository/Sayfalar/Giris_Sayfasi/PopupOK'

2021-11-18 11:17:53 - [MESSAGE][INFO] - Checking object

2021-11-18 11:17:53 - [MESSAGE][INFO] - Finding web element from Test Object's properties

2021-11-18 11:17:53 - [MESSAGE][INFO] - Checking timeout

2021-11-18 11:17:53 - [MESSAGE][INFO] - Finding web element with id: 'Object Repository/Sayfalar/Giris_Sayfasi/PopupOK' located by 'By.cssSelector: .btn.btn-success' in '5' second(s)

2021-11-18 11:17:53 - [MESSAGE][INFO] - Smart Wait Function is triggered

2021-11-18 11:17:54 - [MESSAGE][INFO] - Found 1 web elements with id: 'Object Repository/Sayfalar/Giris_Sayfasi/PopupOK' located by 'By.cssSelector: .btn.btn-success' in '5' second(s)

2021-11-18 11:17:54 - [MESSAGE][PASSED] - Object 'Object Repository/Sayfalar/Giris_Sayfasi/PopupOK' is present

2021-11-18 11:17:54 - [TEST_STEP][PASSED] - click(findTestObject("Object Repository/Sayfalar/Giris_Sayfasi/PopupCarpiGiris")): Object: 'Object Repository/Sayfalar/Giris_Sayfasi/PopupCarpiGiris' is clicked on

2021-11-18 11:17:54 - [MESSAGE][INFO] - Finding Test Object 'Object Repository/Sayfalar/Giris_Sayfasi/PopupCarpiGiris'

2021-11-18 11:17:54 - [MESSAGE][INFO] - Checking object

2021-11-18 11:17:54 - [MESSAGE][INFO] - Finding web element from Test Object's properties

2021-11-18 11:17:54 - [MESSAGE][INFO] - Checking timeout

2021-11-18 11:17:54 - [MESSAGE][INFO] - Finding web element with id: 'Object Repository/Sayfalar/Giris_Sayfasi/PopupCarpiGiris' located by 'By.cssSelector: .bootbox-close-button.close' in '30' second(s)

2021-11-18 11:17:54 - [MESSAGE][INFO] - Smart Wait Function is triggered

2021-11-18 11:17:54 - [MESSAGE][INFO] - Found 1 web elements with id: 'Object Repository/Sayfalar/Giris_Sayfasi/PopupCarpiGiris' located by 'By.cssSelector: .bootbox-close-button.close' in '30' second(s)

2021-11-18 11:17:54 - [MESSAGE][INFO] - Clicking on object: 'Object Repository/Sayfalar/Giris_Sayfasi/PopupCarpiGiris'

2021-11-18 11:17:54 - [MESSAGE][PASSED] - Object: 'Object Repository/Sayfalar/Giris_Sayfasi/PopupCarpiGiris' is clicked on

2021-11-18 11:17:54 - [TEST_STEP][PASSED] - verifyElementVisible(findTestObject("Object Repository/Kullanici_Islemleri/KullaniciIslemleri")): Object 'Object Repository/Kullanici_Islemleri/KullaniciIslemleri' is visible

2021-11-18 11:17:54 - [MESSAGE][INFO] - Finding Test Object 'Object Repository/Kullanici_Islemleri/KullaniciIslemleri'

2021-11-18 11:17:54 - [MESSAGE][INFO] - Checking object

2021-11-18 11:17:54 - [MESSAGE][INFO] - Finding web element from Test Object's properties

2021-11-18 11:17:54 - [MESSAGE][INFO] - Checking timeout

2021-11-18 11:17:54 - [MESSAGE][INFO] - Finding web element with id: 'Object Repository/Kullanici_Islemleri/KullaniciIslemleri' located by 'By.cssSelector: .dropdown>a>img' in '30' second(s)

2021-11-18 11:17:54 - [MESSAGE][INFO] - Smart Wait Function is triggered

2021-11-18 11:17:55 - [MESSAGE][INFO] - Found 1 web elements with id: 'Object Repository/Kullanici_Islemleri/KullaniciIslemleri' located by 'By.cssSelector: .dropdown>a>img' in '30' second(s)

2021-11-18 11:17:55 - [MESSAGE][PASSED] - Object 'Object Repository/Kullanici_Islemleri/KullaniciIslemleri' is visible

2021-11-18 11:17:55 - [MESSAGE][PASSED] - Call Test Case 'Test Cases/Sayfalar/Giris_Sayfasi/Login' successfully

2021-11-18 11:17:55 - [MESSAGE][INFO] - Checking called Test Case

2021-11-18 11:17:55 - [MESSAGE][INFO] - Starting to call Test Case 'Test Cases/Menu/AnaMenuSecimi'

2021-11-18 11:17:55 - [TEST_CASE][PASSED] - Test Cases/Menu/AnaMenuSecimi: Test Cases/Menu/AnaMenuSecimi

2021-11-18 11:17:55 - [TEST_STEP][PASSED] - Method.TextDegerineEsitElementeTikla(findTestObject("Menu/Ana_Menu"), Ana_Menu): Method.TextDegerineEsitElementeTikla is PASSED

2021-11-18 11:17:55 - [MESSAGE][INFO] - Finding Test Object 'Object Repository/Menu/Ana_Menu'

2021-11-18 11:17:55 - [MESSAGE][INFO] - Checking timeout

2021-11-18 11:17:55 - [MESSAGE][INFO] - Finding web element with id: 'Object Repository/Menu/Ana_Menu' located by 'By.xpath: //*[@class = 'dropdown-toggle']' in '10' second(s)

2021-11-18 11:17:55 - [MESSAGE][INFO] - Smart Wait Function is triggered

2021-11-18 11:17:56 - [MESSAGE][INFO] - Found 14 web elements with id: 'Object Repository/Menu/Ana_Menu' located by 'By.xpath: //*[@class = 'dropdown-toggle']' in '10' second(s)

2021-11-18 11:17:56 - [MESSAGE][PASSED] - Method.TextDegerineEsitElementeTikla is PASSED

2021-11-18 11:17:56 - [MESSAGE][PASSED] - Call Test Case 'Test Cases/Menu/AnaMenuSecimi' successfully

2021-11-18 11:17:56 - [MESSAGE][INFO] - Checking called Test Case

2021-11-18 11:17:56 - [MESSAGE][INFO] - Starting to call Test Case 'Test Cases/Menu/BasligaGoreAltMenuSecimi'

2021-11-18 11:17:56 - [TEST_CASE][PASSED] - Test Cases/Menu/BasligaGoreAltMenuSecimi: Test Cases/Menu/BasligaGoreAltMenuSecimi

2021-11-18 11:17:56 - [TEST_STEP][PASSED] - Method.TextDegerineEsitElementinAltindakiTextDegerineEsitOlanaTikla(findTestObject("Menu/Menu_Basligi"), findTestObject("Menu/Basliga_Gore_Alt_Menu"), Baslik, Alt_Menu): Method.TextDegerineEsitElementinAltindakiTextDegerineEsitOlanaTikla is PASSED

2021-11-18 11:17:56 - [MESSAGE][INFO] - Finding Test Object 'Object Repository/Menu/Menu_Basligi'

2021-11-18 11:17:56 - [MESSAGE][INFO] - Finding Test Object 'Object Repository/Menu/Basliga_Gore_Alt_Menu'

2021-11-18 11:17:56 - [MESSAGE][INFO] - Checking timeout

2021-11-18 11:17:56 - [MESSAGE][INFO] - Finding web element with id: 'Object Repository/Menu/Menu_Basligi' located by 'By.xpath: //li[@class='dropdown dropdown-large open']//li[@class='dropdown-header']' in '10' second(s)

2021-11-18 11:17:56 - [MESSAGE][INFO] - Smart Wait Function is triggered

2021-11-18 11:17:56 - [MESSAGE][INFO] - Found 3 web elements with id: 'Object Repository/Menu/Menu_Basligi' located by 'By.xpath: //li[@class='dropdown dropdown-large open']//li[@class='dropdown-header']' in '10' second(s)

2021-11-18 11:17:56 - [MESSAGE][INFO] - Smart Wait Function is triggered

2021-11-18 11:17:58 - [MESSAGE][PASSED] - Method.TextDegerineEsitElementinAltindakiTextDegerineEsitOlanaTikla is PASSED

2021-11-18 11:17:58 - [MESSAGE][PASSED] - Call Test Case 'Test Cases/Menu/BasligaGoreAltMenuSecimi' successfully

2021-11-18 11:17:58 - [MESSAGE][INFO] - Checking called Test Case

2021-11-18 11:17:58 - [MESSAGE][INFO] - Starting to call Test Case 'Test Cases/Filtreler/BaslangicYaz'

2021-11-18 11:17:58 - [TEST_CASE][PASSED] - Test Cases/Filtreler/BaslangicYaz: Test Cases/Filtreler/BaslangicYaz

2021-11-18 11:17:58 - [TEST_STEP][PASSED] - delay(3): Delayed 3 second(s)

2021-11-18 11:17:58 - [MESSAGE][INFO] - Delaying browser in 3 second(s)

2021-11-18 11:18:01 - [MESSAGE][PASSED] - Delayed 3 second(s)

2021-11-18 11:18:01 - [TEST_STEP][PASSED] - Method.TextDegerineEsitElementinAltindakineTikla(findTestObject("Filtreler/Basliklar"), findTestObject("Filtreler/Basliga_Gore_Baslangic_Image"), Filtre_Adi): Method.TextDegerineEsitElementinAltindakineTikla is PASSED

2021-11-18 11:18:01 - [MESSAGE][INFO] - Finding Test Object 'Object Repository/Filtreler/Basliklar'

2021-11-18 11:18:02 - [MESSAGE][INFO] - Finding Test Object 'Object Repository/Filtreler/Basliga_Gore_Baslangic_Image'

2021-11-18 11:18:02 - [MESSAGE][INFO] - Checking timeout

2021-11-18 11:18:02 - [MESSAGE][INFO] - Finding web element with id: 'Object Repository/Filtreler/Basliklar' located by 'By.cssSelector: .control-label.col-sm-4.paddingMarginRLC' in '10' second(s)

2021-11-18 11:18:02 - [MESSAGE][INFO] - Smart Wait Function is triggered

2021-11-18 11:18:02 - [MESSAGE][INFO] - Found 13 web elements with id: 'Object Repository/Filtreler/Basliklar' located by 'By.cssSelector: .control-label.col-sm-4.paddingMarginRLC' in '10' second(s)

2021-11-18 11:18:02 - [MESSAGE][INFO] - Smart Wait Function is triggered

2021-11-18 11:18:02 - [MESSAGE][PASSED] - Method.TextDegerineEsitElementinAltindakineTikla is PASSED

2021-11-18 11:18:02 - [TEST_STEP][PASSED] - Method.TextDegerineEsitElementinAltindakiTextboxtaYaz(findTestObject("Filtreler/Basliklar"), findTestObject("Filtreler/Basliga_Gore_Baslangic"), Filtre_Adi, Filtre_Degeri): Method.TextDegerineEsitElementinAltindakiTextboxtaYaz is PASSED

2021-11-18 11:18:02 - [MESSAGE][INFO] - Finding Test Object 'Object Repository/Filtreler/Basliklar'

2021-11-18 11:18:02 - [MESSAGE][INFO] - Finding Test Object 'Object Repository/Filtreler/Basliga_Gore_Baslangic'

2021-11-18 11:18:02 - [MESSAGE][INFO] - Checking timeout

2021-11-18 11:18:02 - [MESSAGE][INFO] - Finding web element with id: 'Object Repository/Filtreler/Basliklar' located by 'By.cssSelector: .control-label.col-sm-4.paddingMarginRLC' in '10' second(s)

2021-11-18 11:18:02 - [MESSAGE][INFO] - Smart Wait Function is triggered

2021-11-18 11:18:03 - [MESSAGE][INFO] - Found 13 web elements with id: 'Object Repository/Filtreler/Basliklar' located by 'By.cssSelector: .control-label.col-sm-4.paddingMarginRLC' in '10' second(s)

2021-11-18 11:18:03 - [MESSAGE][INFO] - Smart Wait Function is triggered

2021-11-18 11:18:03 - [MESSAGE][PASSED] - Method.TextDegerineEsitElementinAltindakiTextboxtaYaz is PASSED

2021-11-18 11:18:03 - [MESSAGE][PASSED] - Call Test Case 'Test Cases/Filtreler/BaslangicYaz' successfully

2021-11-18 11:18:03 - [MESSAGE][INFO] - Checking called Test Case

2021-11-18 11:18:03 - [MESSAGE][INFO] - Starting to call Test Case 'Test Cases/Filtreler/BitisYaz'

2021-11-18 11:18:03 - [TEST_CASE][PASSED] - Test Cases/Filtreler/BitisYaz: Test Cases/Filtreler/BitisYaz

2021-11-18 11:18:03 - [TEST_STEP][PASSED] - Method.TextDegerineEsitElementinAltindakineTikla(findTestObject("Filtreler/Basliklar"), findTestObject("Filtreler/Basliga_Gore_Bitis_Image"), Filtre_Adi): Method.TextDegerineEsitElementinAltindakineTikla is PASSED

2021-11-18 11:18:03 - [MESSAGE][INFO] - Finding Test Object 'Object Repository/Filtreler/Basliklar'

2021-11-18 11:18:03 - [MESSAGE][INFO] - Finding Test Object 'Object Repository/Filtreler/Basliga_Gore_Bitis_Image'

2021-11-18 11:18:03 - [MESSAGE][INFO] - Checking timeout

2021-11-18 11:18:03 - [MESSAGE][INFO] - Finding web element with id: 'Object Repository/Filtreler/Basliklar' located by 'By.cssSelector: .control-label.col-sm-4.paddingMarginRLC' in '10' second(s)

2021-11-18 11:18:03 - [MESSAGE][INFO] - Smart Wait Function is triggered

2021-11-18 11:18:04 - [MESSAGE][INFO] - Found 13 web elements with id: 'Object Repository/Filtreler/Basliklar' located by 'By.cssSelector: .control-label.col-sm-4.paddingMarginRLC' in '10' second(s)

2021-11-18 11:18:04 - [MESSAGE][INFO] - Smart Wait Function is triggered

2021-11-18 11:18:04 - [MESSAGE][PASSED] - Method.TextDegerineEsitElementinAltindakineTikla is PASSED

2021-11-18 11:18:04 - [TEST_STEP][PASSED] - Method.TextDegerineEsitElementinAltindakiTextboxtaYaz(findTestObject("Filtreler/Basliklar"), findTestObject("Object Repository/Filtreler/Basliga_Gore_Bitis"), Filtre_Adi, Filtre_Degeri): Method.TextDegerineEsitElementinAltindakiTextboxtaYaz is PASSED

2021-11-18 11:18:04 - [MESSAGE][INFO] - Finding Test Object 'Object Repository/Filtreler/Basliklar'

2021-11-18 11:18:04 - [MESSAGE][INFO] - Finding Test Object 'Object Repository/Filtreler/Basliga_Gore_Bitis'

2021-11-18 11:18:04 - [MESSAGE][INFO] - Checking timeout

2021-11-18 11:18:04 - [MESSAGE][INFO] - Finding web element with id: 'Object Repository/Filtreler/Basliklar' located by 'By.cssSelector: .control-label.col-sm-4.paddingMarginRLC' in '10' second(s)

2021-11-18 11:18:04 - [MESSAGE][INFO] - Smart Wait Function is triggered

2021-11-18 11:18:05 - [MESSAGE][INFO] - Found 13 web elements with id: 'Object Repository/Filtreler/Basliklar' located by 'By.cssSelector: .control-label.col-sm-4.paddingMarginRLC' in '10' second(s)

2021-11-18 11:18:05 - [MESSAGE][INFO] - Smart Wait Function is triggered

2021-11-18 11:18:05 - [MESSAGE][PASSED] - Method.TextDegerineEsitElementinAltindakiTextboxtaYaz is PASSED

2021-11-18 11:18:05 - [MESSAGE][PASSED] - Call Test Case 'Test Cases/Filtreler/BitisYaz' successfully

2021-11-18 11:18:05 - [MESSAGE][INFO] - Checking called Test Case

2021-11-18 11:18:05 - [MESSAGE][INFO] - Starting to call Test Case 'Test Cases/Filtreler/ButonaTikla'

2021-11-18 11:18:05 - [TEST_CASE][PASSED] - Test Cases/Filtreler/ButonaTikla: Test Cases/Filtreler/ButonaTikla

2021-11-18 11:18:05 - [TEST_STEP][PASSED] - Method.TextDegerineEsitElementeTikla(findTestObject("Filtreler/Butonlar"), Filtre_Buton): Method.TextDegerineEsitElementeTikla is PASSED

2021-11-18 11:18:05 - [MESSAGE][INFO] - Finding Test Object 'Object Repository/Filtreler/Butonlar'

2021-11-18 11:18:05 - [MESSAGE][INFO] - Checking timeout

2021-11-18 11:18:05 - [MESSAGE][INFO] - Finding web element with id: 'Object Repository/Filtreler/Butonlar' located by 'By.cssSelector: .dxb>span' in '10' second(s)

2021-11-18 11:18:05 - [MESSAGE][INFO] - Smart Wait Function is triggered

2021-11-18 11:18:06 - [MESSAGE][INFO] - Found 3 web elements with id: 'Object Repository/Filtreler/Butonlar' located by 'By.cssSelector: .dxb>span' in '10' second(s)

2021-11-18 11:18:06 - [MESSAGE][PASSED] - Method.TextDegerineEsitElementeTikla is PASSED

2021-11-18 11:18:06 - [MESSAGE][PASSED] - Call Test Case 'Test Cases/Filtreler/ButonaTikla' successfully

2021-11-18 11:18:06 - [MESSAGE][INFO] - Checking called Test Case

2021-11-18 11:18:06 - [MESSAGE][INFO] - Starting to call Test Case 'Test Cases/Tablo/TablodaVeriVarMi'

2021-11-18 11:18:06 - [TEST_CASE][PASSED] - Test Cases/Tablo/TablodaVeriVarMi: Test Cases/Tablo/TablodaVeriVarMi

2021-11-18 11:18:06 - [TEST_STEP][PASSED] - verifyTextNotPresent("Görüntülenecek veri yok", true): Text 'Görüntülenecek veri yok' is not present on page using regular expression

2021-11-18 11:18:06 - [MESSAGE][INFO] - Checking text present  using regular expression

2021-11-18 11:18:06 - [MESSAGE][INFO] - Smart Wait Function is triggered

2021-11-18 11:18:07 - [MESSAGE][INFO] - Finding text 'Görüntülenecek veri yok' on page  using regular expression

2021-11-18 11:18:07 - [MESSAGE][PASSED] - Text 'Görüntülenecek veri yok' is not present on page using regular expression

2021-11-18 11:18:07 - [MESSAGE][PASSED] - Call Test Case 'Test Cases/Tablo/TablodaVeriVarMi' successfully

2021-11-18 11:18:07 - [MESSAGE][INFO] - Checking called Test Case

2021-11-18 11:18:07 - [MESSAGE][INFO] - Starting to call Test Case 'Test Cases/Tablo/TablonunButonunaTikla'

2021-11-18 11:18:07 - [TEST_CASE][PASSED] - Test Cases/Tablo/TablonunButonunaTikla: Test Cases/Tablo/TablonunButonunaTikla

2021-11-18 11:18:07 - [TEST_STEP][PASSED] - Method.TextDegerineEsitElementinAltindakiTextDegerineEsitOlanaTikla(findTestObject("Tablo/Veriler"), findTestObject("Tablo/VerininButonu"), Veri, Buton_Adi): Method.TextDegerineEsitElementinAltindakiTextDegerineEsitOlanaTikla is PASSED

2021-11-18 11:18:07 - [MESSAGE][INFO] - Finding Test Object 'Object Repository/Tablo/Veriler'

2021-11-18 11:18:07 - [MESSAGE][INFO] - Finding Test Object 'Object Repository/Tablo/VerininButonu'

2021-11-18 11:18:07 - [MESSAGE][INFO] - Checking timeout

2021-11-18 11:18:07 - [MESSAGE][INFO] - Finding web element with id: 'Object Repository/Tablo/Veriler' located by 'By.cssSelector: td.dxgv b ,td.dxgv' in '10' second(s)

2021-11-18 11:18:07 - [MESSAGE][INFO] - Smart Wait Function is triggered

2021-11-18 11:18:08 - [MESSAGE][INFO] - Found 27 web elements with id: 'Object Repository/Tablo/Veriler' located by 'By.cssSelector: td.dxgv b ,td.dxgv' in '10' second(s)

2021-11-18 11:18:08 - [MESSAGE][INFO] - Smart Wait Function is triggered

2021-11-18 11:18:08 - [MESSAGE][PASSED] - Method.TextDegerineEsitElementinAltindakiTextDegerineEsitOlanaTikla is PASSED

2021-11-18 11:18:08 - [MESSAGE][PASSED] - Call Test Case 'Test Cases/Tablo/TablonunButonunaTikla' successfully

2021-11-18 11:18:08 - [MESSAGE][INFO] - Checking called Test Case

2021-11-18 11:18:08 - [MESSAGE][INFO] - Starting to call Test Case 'Test Cases/Sekmeler/YeniSekmeyeGec'

2021-11-18 11:18:08 - [TEST_CASE][PASSED] - Test Cases/Sekmeler/YeniSekmeyeGec: Test Cases/Sekmeler/YeniSekmeyeGec

2021-11-18 11:18:08 - [TEST_STEP][PASSED] - switchToWindowIndex(1): Switched to window with index: '1'

2021-11-18 11:18:08 - [MESSAGE][INFO] - Checking index

2021-11-18 11:18:08 - [MESSAGE][INFO] - Switching window with index: '1'

2021-11-18 11:18:08 - [MESSAGE][PASSED] - Switched to window with index: '1'

2021-11-18 11:18:08 - [MESSAGE][PASSED] - Call Test Case 'Test Cases/Sekmeler/YeniSekmeyeGec' successfully

2021-11-18 11:18:08 - [MESSAGE][INFO] - Checking called Test Case

2021-11-18 11:18:08 - [MESSAGE][INFO] - Starting to call Test Case 'Test Cases/Sekmeler/YeniSekmeBasligindaVarMi'

2021-11-18 11:18:08 - [TEST_CASE][PASSED] - Test Cases/Sekmeler/YeniSekmeBasligindaVarMi: Test Cases/Sekmeler/YeniSekmeBasligindaVarMi

2021-11-18 11:18:08 - [TEST_STEP][PASSED] - verifyElementText(findTestObject("Object Repository/Sekmeler/Olusturma_Goster_Baslik"), Title): Actual text and expected text of test object 'Object Repository/Sekmeler/Olusturma_Goster_Baslik' are matched.

2021-11-18 11:18:08 - [MESSAGE][INFO] - Finding Test Object 'Object Repository/Sekmeler/Olusturma_Goster_Baslik'

2021-11-18 11:18:08 - [MESSAGE][INFO] - Checking object

2021-11-18 11:18:08 - [MESSAGE][INFO] - Finding web element from Test Object's properties

2021-11-18 11:18:08 - [MESSAGE][INFO] - Checking timeout

2021-11-18 11:18:08 - [MESSAGE][INFO] - Finding web element with id: 'Object Repository/Sekmeler/Olusturma_Goster_Baslik' located by 'By.cssSelector: h1>span,td>font,font' in '30' second(s)

2021-11-18 11:18:08 - [MESSAGE][INFO] - Smart Wait Function is triggered

2021-11-18 11:18:09 - [MESSAGE][INFO] - Found 1 web elements with id: 'Object Repository/Sekmeler/Olusturma_Goster_Baslik' located by 'By.cssSelector: h1>span,td>font,font' in '30' second(s)

2021-11-18 11:18:09 - [MESSAGE][PASSED] - Actual text and expected text of test object 'Object Repository/Sekmeler/Olusturma_Goster_Baslik' are matched.

2021-11-18 11:18:09 - [MESSAGE][PASSED] - Call Test Case 'Test Cases/Sekmeler/YeniSekmeBasligindaVarMi' successfully

2021-11-18 11:18:09 - [MESSAGE][INFO] - Checking called Test Case

2021-11-18 11:18:09 - [MESSAGE][INFO] - Starting to call Test Case 'Test Cases/Sekmeler/Ana_Sekmeye_Gec'

2021-11-18 11:18:09 - [TEST_CASE][PASSED] - Test Cases/Sekmeler/Ana_Sekmeye_Gec: Test Cases/Sekmeler/Ana_Sekmeye_Gec

2021-11-18 11:18:09 - [TEST_STEP][PASSED] - try: Window with index 1 is closed

2021-11-18 11:18:09 - [TEST_STEP][PASSED] - index = getWindowIndex(): Current window's index is: 1

2021-11-18 11:18:09 - [MESSAGE][INFO] - Getting current window's index

2021-11-18 11:18:09 - [MESSAGE][PASSED] - Current window's index is: 1

2021-11-18 11:18:09 - [TEST_STEP][PASSED] - closeWindowIndex(index): Window with index 1 is closed

2021-11-18 11:18:09 - [MESSAGE][INFO] - Checking index

2021-11-18 11:18:09 - [MESSAGE][INFO] - Closing window with index 1

2021-11-18 11:18:10 - [MESSAGE][PASSED] - Window with index 1 is closed

2021-11-18 11:18:10 - [TEST_STEP][PASSED] - switchToWindowIndex(0): Switched to window with index: '0'

2021-11-18 11:18:10 - [MESSAGE][INFO] - Checking index

2021-11-18 11:18:10 - [MESSAGE][INFO] - Switching window with index: '0'

2021-11-18 11:18:10 - [MESSAGE][PASSED] - Switched to window with index: '0'

2021-11-18 11:18:10 - [MESSAGE][PASSED] - Call Test Case 'Test Cases/Sekmeler/Ana_Sekmeye_Gec' successfully

2021-11-18 11:18:10 - [MESSAGE][INFO] - Checking called Test Case

2021-11-18 11:18:10 - [MESSAGE][INFO] - Starting to call Test Case 'Test Cases/Kullanici_Islemleri/KullaniciIslemlerindenSecimYapilir'

2021-11-18 11:18:10 - [TEST_CASE][PASSED] - Test Cases/Kullanici_Islemleri/KullaniciIslemlerindenSecimYapilir: Test Cases/Kullanici_Islemleri/KullaniciIslemlerindenSecimYapilir

2021-11-18 11:18:10 - [TEST_STEP][PASSED] - waitForElementClickable(findTestObject("Object Repository/Kullanici_Islemleri/KullaniciIslemleri"), 10): Object 'Object Repository/Kullanici_Islemleri/KullaniciIslemleri' is clickable

2021-11-18 11:18:10 - [MESSAGE][INFO] - Finding Test Object 'Object Repository/Kullanici_Islemleri/KullaniciIslemleri'

2021-11-18 11:18:10 - [MESSAGE][INFO] - Checking object

2021-11-18 11:18:10 - [MESSAGE][INFO] - Checking timeout

2021-11-18 11:18:10 - [MESSAGE][INFO] - Finding web element from Test Object's properties

2021-11-18 11:18:10 - [MESSAGE][INFO] - Checking timeout

2021-11-18 11:18:10 - [MESSAGE][INFO] - Finding web element with id: 'Object Repository/Kullanici_Islemleri/KullaniciIslemleri' located by 'By.cssSelector: .dropdown>a>img' in '10' second(s)

2021-11-18 11:18:10 - [MESSAGE][INFO] - Smart Wait Function is triggered

2021-11-18 11:18:10 - [MESSAGE][INFO] - Found 1 web elements with id: 'Object Repository/Kullanici_Islemleri/KullaniciIslemleri' located by 'By.cssSelector: .dropdown>a>img' in '10' second(s)

2021-11-18 11:18:10 - [MESSAGE][PASSED] - Object 'Object Repository/Kullanici_Islemleri/KullaniciIslemleri' is clickable

2021-11-18 11:18:10 - [TEST_STEP][PASSED] - click(findTestObject("Object Repository/Kullanici_Islemleri/KullaniciIslemleri")): Object: 'Object Repository/Kullanici_Islemleri/KullaniciIslemleri' is clicked on

2021-11-18 11:18:10 - [MESSAGE][INFO] - Finding Test Object 'Object Repository/Kullanici_Islemleri/KullaniciIslemleri'

2021-11-18 11:18:10 - [MESSAGE][INFO] - Checking object

2021-11-18 11:18:10 - [MESSAGE][INFO] - Finding web element from Test Object's properties

2021-11-18 11:18:10 - [MESSAGE][INFO] - Checking timeout

2021-11-18 11:18:10 - [MESSAGE][INFO] - Finding web element with id: 'Object Repository/Kullanici_Islemleri/KullaniciIslemleri' located by 'By.cssSelector: .dropdown>a>img' in '30' second(s)

2021-11-18 11:18:10 - [MESSAGE][INFO] - Smart Wait Function is triggered

2021-11-18 11:18:10 - [MESSAGE][INFO] - Found 1 web elements with id: 'Object Repository/Kullanici_Islemleri/KullaniciIslemleri' located by 'By.cssSelector: .dropdown>a>img' in '30' second(s)

2021-11-18 11:18:10 - [MESSAGE][INFO] - Clicking on object: 'Object Repository/Kullanici_Islemleri/KullaniciIslemleri'

2021-11-18 11:18:10 - [MESSAGE][PASSED] - Object: 'Object Repository/Kullanici_Islemleri/KullaniciIslemleri' is clicked on

2021-11-18 11:18:10 - [TEST_STEP][PASSED] - Method.TextDegerineEsitElementeTikla(findTestObject("Object Repository/Kullanici_Islemleri/Secenekler"), Islem): Method.TextDegerineEsitElementeTikla is PASSED

2021-11-18 11:18:10 - [MESSAGE][INFO] - Finding Test Object 'Object Repository/Kullanici_Islemleri/Secenekler'

2021-11-18 11:18:11 - [MESSAGE][INFO] - Checking timeout

2021-11-18 11:18:11 - [MESSAGE][INFO] - Finding web element with id: 'Object Repository/Kullanici_Islemleri/Secenekler' located by 'By.cssSelector: .nav.navbar-nav.navbar-right li a' in '10' second(s)

2021-11-18 11:18:11 - [MESSAGE][INFO] - Smart Wait Function is triggered

2021-11-18 11:18:11 - [MESSAGE][INFO] - Found 22 web elements with id: 'Object Repository/Kullanici_Islemleri/Secenekler' located by 'By.cssSelector: .nav.navbar-nav.navbar-right li a' in '10' second(s)

2021-11-18 11:18:12 - [MESSAGE][PASSED] - Method.TextDegerineEsitElementeTikla is PASSED

2021-11-18 11:18:12 - [TEST_STEP][PASSED] - verifyElementNotPresent(findTestObject("Object Repository/Kullanici_Islemleri/Secenekler"), 10): Web element with id: 'Object Repository/Kullanici_Islemleri/Secenekler' located by 'By.cssSelector: .nav.navbar-nav.navbar-right li a' is not present after '10' second(s)

2021-11-18 11:18:12 - [MESSAGE][INFO] - Finding Test Object 'Object Repository/Kullanici_Islemleri/Secenekler'

2021-11-18 11:18:12 - [MESSAGE][INFO] - Checking object

2021-11-18 11:18:12 - [MESSAGE][INFO] - Checking timeout

2021-11-18 11:18:12 - [MESSAGE][INFO] - Finding web element with id: 'Object Repository/Kullanici_Islemleri/Secenekler' located by 'By.cssSelector: .nav.navbar-nav.navbar-right li a' in '10' second(s)

2021-11-18 11:18:12 - [MESSAGE][INFO] - Smart Wait Function is triggered

2021-11-18 11:18:13 - [MESSAGE][PASSED] - Web element with id: 'Object Repository/Kullanici_Islemleri/Secenekler' located by 'By.cssSelector: .nav.navbar-nav.navbar-right li a' is not present after '10' second(s)

2021-11-18 11:18:13 - [MESSAGE][PASSED] - Call Test Case 'Test Cases/Kullanici_Islemleri/KullaniciIslemlerindenSecimYapilir' successfully

2021-11-18 11:18:13 - [TEST_CASE][PASSED] - Start Test Case : SCENARIO Irsaliye Yanitinin Gorselini Ac: SCENARIO Irsaliye Yanitinin Gorselini Ac

2021-11-18 11:18:13 - [TEST_STEP][PASSED] - Kullanıcı adı ELOGO6 ve Şifre 123456 olarak giriş yapılır: Kullanıcı adı ELOGO6 ve Şifre 123456 olarak giriş yapılır

2021-11-18 11:18:13 - [MESSAGE][PASSED] - Kullanıcı adı ELOGO6 ve Şifre 123456 olarak giriş yapılır

2021-11-18 11:18:13 - [TEST_STEP][PASSED] - Ana menüden e-İrsaliye seçilir: Ana menüden e-İrsaliye seçilir

2021-11-18 11:18:13 - [MESSAGE][PASSED] - Ana menüden e-İrsaliye seçilir

2021-11-18 11:18:13 - [TEST_STEP][PASSED] - Alt menü Gelen Kutusu başlığı altındaki İrsaliye Yanıtları seçilir: Alt menü Gelen Kutusu başlığı altındaki İrsaliye Yanıtları seçilir

2021-11-18 11:18:13 - [MESSAGE][PASSED] - Alt menü Gelen Kutusu başlığı altındaki İrsaliye Yanıtları seçilir

2021-11-18 11:18:13 - [TEST_STEP][PASSED] - Filtrelerden Oluşturma Tarihi filtresine 01.01.2020 baslangic degerini yaz: Filtrelerden Oluşturma Tarihi filtresine 01.01.2020 baslangic degerini yaz

2021-11-18 11:18:13 - [MESSAGE][PASSED] - Filtrelerden Oluşturma Tarihi filtresine 01.01.2020 baslangic degerini yaz

2021-11-18 11:18:13 - [TEST_STEP][PASSED] - Filtrelerden Oluşturma Tarihi filtresine 31.12.2020 bitis degerini yaz: Filtrelerden Oluşturma Tarihi filtresine 31.12.2020 bitis degerini yaz

2021-11-18 11:18:13 - [MESSAGE][PASSED] - Filtrelerden Oluşturma Tarihi filtresine 31.12.2020 bitis degerini yaz

2021-11-18 11:18:13 - [TEST_STEP][PASSED] - Filtre butonlarından Listele seçilir: Filtre butonlarından Listele seçilir

2021-11-18 11:18:13 - [MESSAGE][PASSED] - Filtre butonlarından Listele seçilir

2021-11-18 11:18:13 - [TEST_STEP][PASSED] - Tabloda veri var mı kontrol edilir: Tabloda veri var mı kontrol edilir

2021-11-18 11:18:13 - [MESSAGE][PASSED] - Tabloda veri var mı kontrol edilir

2021-11-18 11:18:13 - [TEST_STEP][PASSED] - Tablodaki ELOGO TEST isimli verinin İrsaliye Yanıtı adlı butonuna tıklanır: Tablodaki ELOGO TEST isimli verinin İrsaliye Yanıtı adlı butonuna tıklanır

2021-11-18 11:18:13 - [MESSAGE][PASSED] - Tablodaki ELOGO TEST isimli verinin İrsaliye Yanıtı adlı butonuna tıklanır

2021-11-18 11:18:13 - [TEST_STEP][PASSED] - Yeni açılan sekmeye geçilir: Yeni açılan sekmeye geçilir

2021-11-18 11:18:13 - [MESSAGE][PASSED] - Yeni açılan sekmeye geçilir

2021-11-18 11:18:13 - [TEST_STEP][PASSED] - Yeni sekme başlığında İRSALİYE YANITI var mı kontrol edilir: Yeni sekme başlığında İRSALİYE YANITI var mı kontrol edilir

2021-11-18 11:18:13 - [MESSAGE][PASSED] - Yeni sekme başlığında İRSALİYE YANITI var mı kontrol edilir

2021-11-18 11:18:13 - [TEST_STEP][PASSED] - Ana sekmeye geçilir: Ana sekmeye geçilir

2021-11-18 11:18:13 - [MESSAGE][PASSED] - Ana sekmeye geçilir

2021-11-18 11:18:13 - [TEST_STEP][PASSED] - Kullanıcı işlemlerinden Çıkış seçilir: Kullanıcı işlemlerinden Çıkış seçilir

2021-11-18 11:18:13 - [MESSAGE][PASSED] - Kullanıcı işlemlerinden Çıkış seçilir

2021-11-18 11:18:13 - [MESSAGE][PASSED] - Feature file: 'Include/features/e-Irsaliye/Gelen Kutusu/Irsaliye Yanitlari/Gorseli Ac.feature' was passed

2021-11-18 11:18:13 - [TEST_STEP][PASSED] - Start listener action : sampleAfterTestSuite: Invoke 'com.kms.katalon.core.annotation.AfterTestCase' method: 'Listener.sampleAfterTestSuite(...)' completed.

2021-11-18 11:18:13 - [MESSAGE][INFO] - Starting invoke 'com.kms.katalon.core.annotation.AfterTestCase' method: 'Listener.sampleAfterTestSuite(...)'

2021-11-18 11:18:13 - [TEST_STEP][PASSED] - closeBrowser(): Invoke 'com.kms.katalon.core.annotation.AfterTestCase' method: 'Listener.sampleAfterTestSuite(...)' completed.

2021-11-18 11:18:13 - [MESSAGE][INFO] - Closing browser

2021-11-18 11:18:13 - [MESSAGE][PASSED] - Browser is closed

2021-11-18 11:18:13 - [MESSAGE][INFO] - Invoke 'com.kms.katalon.core.annotation.AfterTestCase' method: 'Listener.sampleAfterTestSuite(...)' completed.]]></system-out>
         <system-err><![CDATA[]]></system-err>
      </testcase>
      <testcase name="Test Cases/Case Repository/e-Irsaliye/Gelen Kutusu/Irsaliye Yanitlari/Izleme Kayitlari" time="53.948" classname="Test Cases/Case Repository/e-Irsaliye/Gelen Kutusu/Irsaliye Yanitlari/Izleme Kayitlari" status="PASSED">
         <system-out><![CDATA[2021-11-18 11:18:13 - [TEST_CASE][PASSED] - Test Cases/Case Repository/e-Irsaliye/Gelen Kutusu/Irsaliye Yanitlari/Izleme Kayitlari: Test Cases/Case Repository/e-Irsaliye/Gelen Kutusu/Irsaliye Yanitlari/Izleme Kayitlari

2021-11-18 11:18:13 - [TEST_STEP][PASSED] - Start listener action : sampleBeforeTestSuite: Invoke 'com.kms.katalon.core.annotation.BeforeTestCase' method: 'Listener.sampleBeforeTestSuite(...)' completed.

2021-11-18 11:18:13 - [MESSAGE][INFO] - Starting invoke 'com.kms.katalon.core.annotation.BeforeTestCase' method: 'Listener.sampleBeforeTestSuite(...)'

2021-11-18 11:18:13 - [TEST_STEP][PASSED] - openBrowser(baseUrl): Browser is opened with url: 'https://efatura-stage.elogo.com.tr/'

2021-11-18 11:18:13 - [MESSAGE][INFO] - Opening browser

2021-11-18 11:18:13 - [MESSAGE][INFO] - Starting 'Chrome' driver

2021-11-18 11:18:13 - [MESSAGE][INFO] - User set preference: ['prefs', '{download.default_directory=C:\otomasyondownfiles}']

2021-11-18 11:18:13 - [MESSAGE][INFO] - Action delay is set to 0 milliseconds

2021-11-18 11:18:15 - [MESSAGE][INFO] - Navigating browser to: 'https://efatura-stage.elogo.com.tr/'

2021-11-18 11:18:19 - [MESSAGE][PASSED] - Browser is opened with url: 'https://efatura-stage.elogo.com.tr/'

2021-11-18 11:18:19 - [TEST_STEP][PASSED] - maximizeWindow(): Invoke 'com.kms.katalon.core.annotation.BeforeTestCase' method: 'Listener.sampleBeforeTestSuite(...)' completed.

2021-11-18 11:18:19 - [MESSAGE][INFO] - Maximizing current window

2021-11-18 11:18:19 - [MESSAGE][PASSED] - Current window maximized

2021-11-18 11:18:19 - [MESSAGE][INFO] - Invoke 'com.kms.katalon.core.annotation.BeforeTestCase' method: 'Listener.sampleBeforeTestSuite(...)' completed.

2021-11-18 11:18:19 - [TEST_STEP][PASSED] - runFeatureFile("Include/features/e-Irsaliye/Gelen Kutusu/Irsaliye Yanitlari/IzlemeKayitlari.feature"): Feature file: 'Include/features/e-Irsaliye/Gelen Kutusu/Irsaliye Yanitlari/IzlemeKayitlari.feature' was passed

2021-11-18 11:18:19 - [MESSAGE][INFO] - Starting run keyword runFeatureFile: 'Include/features/e-Irsaliye/Gelen Kutusu/Irsaliye Yanitlari/IzlemeKayitlari.feature' and extract report to folder: 'C:\Users\DELL\Documents\GitHub\EES_KatalonLogo\Reports\20211118_110909\Suite Repository\e-Irsaliye\20211118_110920/cucumber_report/1637223499983'...

2021-11-18 11:18:19 - [MESSAGE][INFO] - Glue: []

2021-11-18 11:18:21 - [MESSAGE][INFO] - Checking called Test Case

2021-11-18 11:18:21 - [MESSAGE][INFO] - Starting to call Test Case 'Test Cases/Sayfalar/Giris_Sayfasi/Login'

2021-11-18 11:18:21 - [TEST_CASE][PASSED] - Test Cases/Sayfalar/Giris_Sayfasi/Login: Test Cases/Sayfalar/Giris_Sayfasi/Login

2021-11-18 11:18:21 - [TEST_STEP][PASSED] - Sayfa_Basligi = getWindowTitle(): Current window's title is: 'LOGO e-Fatura'

2021-11-18 11:18:21 - [MESSAGE][INFO] - Getting current window's title

2021-11-18 11:18:21 - [MESSAGE][PASSED] - Current window's title is: 'LOGO e-Fatura'

2021-11-18 11:18:21 - [TEST_STEP][PASSED] - verifyMatch(Sayfa_Basligi, "LOGO e-Fatura", false): Actual text 'LOGO e-Fatura' and expected text 'LOGO e-Fatura' are matched 

2021-11-18 11:18:21 - [MESSAGE][INFO] - Matching actual text 'LOGO e-Fatura' with expected text 'LOGO e-Fatura'

2021-11-18 11:18:21 - [MESSAGE][PASSED] - Actual text 'LOGO e-Fatura' and expected text 'LOGO e-Fatura' are matched 

2021-11-18 11:18:21 - [TEST_STEP][PASSED] - sendKeys(findTestObject("Sayfalar/Giris_Sayfasi/Firma_Kodu"), KullaniciAdi): Keys 'ELOGO6' sent to object: 'Object Repository/Sayfalar/Giris_Sayfasi/Firma_Kodu'

2021-11-18 11:18:21 - [MESSAGE][INFO] - Finding Test Object 'Object Repository/Sayfalar/Giris_Sayfasi/Firma_Kodu'

2021-11-18 11:18:21 - [MESSAGE][INFO] - Sending keys 'ELOGO6' to object: 'Object Repository/Sayfalar/Giris_Sayfasi/Firma_Kodu'

2021-11-18 11:18:21 - [MESSAGE][INFO] - Finding web element from Test Object's properties

2021-11-18 11:18:21 - [MESSAGE][INFO] - Checking timeout

2021-11-18 11:18:21 - [MESSAGE][INFO] - Finding web element with id: 'Object Repository/Sayfalar/Giris_Sayfasi/Firma_Kodu' located by 'By.xpath: //*[@id = 'AccountName']' in '30' second(s)

2021-11-18 11:18:21 - [MESSAGE][INFO] - Smart Wait Function is triggered

2021-11-18 11:18:22 - [MESSAGE][INFO] - Found 1 web elements with id: 'Object Repository/Sayfalar/Giris_Sayfasi/Firma_Kodu' located by 'By.xpath: //*[@id = 'AccountName']' in '30' second(s)

2021-11-18 11:18:22 - [MESSAGE][PASSED] - Keys 'ELOGO6' sent to object: 'Object Repository/Sayfalar/Giris_Sayfasi/Firma_Kodu'

2021-11-18 11:18:22 - [TEST_STEP][PASSED] - sendKeys(findTestObject("Sayfalar/Giris_Sayfasi/Sifre"), Sifre): Keys '123456' sent to object: 'Object Repository/Sayfalar/Giris_Sayfasi/Sifre'

2021-11-18 11:18:22 - [MESSAGE][INFO] - Finding Test Object 'Object Repository/Sayfalar/Giris_Sayfasi/Sifre'

2021-11-18 11:18:22 - [MESSAGE][INFO] - Sending keys '123456' to object: 'Object Repository/Sayfalar/Giris_Sayfasi/Sifre'

2021-11-18 11:18:22 - [MESSAGE][INFO] - Finding web element from Test Object's properties

2021-11-18 11:18:22 - [MESSAGE][INFO] - Checking timeout

2021-11-18 11:18:22 - [MESSAGE][INFO] - Finding web element with id: 'Object Repository/Sayfalar/Giris_Sayfasi/Sifre' located by 'By.xpath: //*[@id = 'Password']' in '30' second(s)

2021-11-18 11:18:22 - [MESSAGE][INFO] - Smart Wait Function is triggered

2021-11-18 11:18:22 - [MESSAGE][INFO] - Found 1 web elements with id: 'Object Repository/Sayfalar/Giris_Sayfasi/Sifre' located by 'By.xpath: //*[@id = 'Password']' in '30' second(s)

2021-11-18 11:18:22 - [MESSAGE][PASSED] - Keys '123456' sent to object: 'Object Repository/Sayfalar/Giris_Sayfasi/Sifre'

2021-11-18 11:18:22 - [TEST_STEP][PASSED] - findWebElement(findTestObject("Sayfalar/Giris_Sayfasi/Giris_Butonu")).click(): Found 1 web elements with id: 'Object Repository/Sayfalar/Giris_Sayfasi/Giris_Butonu' located by 'By.cssSelector: #btnLogin' in '30' second(s)

2021-11-18 11:18:22 - [MESSAGE][INFO] - Finding Test Object 'Object Repository/Sayfalar/Giris_Sayfasi/Giris_Butonu'

2021-11-18 11:18:22 - [MESSAGE][INFO] - Finding web element from Test Object's properties

2021-11-18 11:18:22 - [MESSAGE][INFO] - Checking timeout

2021-11-18 11:18:22 - [MESSAGE][INFO] - Finding web element with id: 'Object Repository/Sayfalar/Giris_Sayfasi/Giris_Butonu' located by 'By.cssSelector: #btnLogin' in '30' second(s)

2021-11-18 11:18:22 - [MESSAGE][INFO] - Smart Wait Function is triggered

2021-11-18 11:18:23 - [MESSAGE][INFO] - Found 1 web elements with id: 'Object Repository/Sayfalar/Giris_Sayfasi/Giris_Butonu' located by 'By.cssSelector: #btnLogin' in '30' second(s)

2021-11-18 11:18:25 - [TEST_STEP][PASSED] - if (verifyElementPresent(findTestObject("Object Repository/Sayfalar/Giris_Sayfasi/RetveTamam_Butonu"), 5, OPTIONAL)): null

2021-11-18 11:18:25 - [MESSAGE][INFO] - Finding Test Object 'Object Repository/Sayfalar/Giris_Sayfasi/RetveTamam_Butonu'

2021-11-18 11:18:25 - [MESSAGE][INFO] - Checking object

2021-11-18 11:18:25 - [MESSAGE][INFO] - Finding web element from Test Object's properties

2021-11-18 11:18:25 - [MESSAGE][INFO] - Checking timeout

2021-11-18 11:18:25 - [MESSAGE][INFO] - Finding web element with id: 'Object Repository/Sayfalar/Giris_Sayfasi/RetveTamam_Butonu' located by 'By.xpath: //*[@class = 'btn btn-default']' in '5' second(s)

2021-11-18 11:18:25 - [MESSAGE][INFO] - Smart Wait Function is triggered

2021-11-18 11:18:26 - [MESSAGE][INFO] - Found 1 web elements with id: 'Object Repository/Sayfalar/Giris_Sayfasi/RetveTamam_Butonu' located by 'By.xpath: //*[@class = 'btn btn-default']' in '5' second(s)

2021-11-18 11:18:26 - [MESSAGE][PASSED] - Object 'Object Repository/Sayfalar/Giris_Sayfasi/RetveTamam_Butonu' is present

2021-11-18 11:18:26 - [TEST_STEP][PASSED] - click(findTestObject("Object Repository/Sayfalar/Giris_Sayfasi/RetveTamam_Butonu")): Object: 'Object Repository/Sayfalar/Giris_Sayfasi/RetveTamam_Butonu' is clicked on

2021-11-18 11:18:26 - [MESSAGE][INFO] - Finding Test Object 'Object Repository/Sayfalar/Giris_Sayfasi/RetveTamam_Butonu'

2021-11-18 11:18:26 - [MESSAGE][INFO] - Checking object

2021-11-18 11:18:26 - [MESSAGE][INFO] - Finding web element from Test Object's properties

2021-11-18 11:18:26 - [MESSAGE][INFO] - Checking timeout

2021-11-18 11:18:26 - [MESSAGE][INFO] - Finding web element with id: 'Object Repository/Sayfalar/Giris_Sayfasi/RetveTamam_Butonu' located by 'By.xpath: //*[@class = 'btn btn-default']' in '30' second(s)

2021-11-18 11:18:26 - [MESSAGE][INFO] - Smart Wait Function is triggered

2021-11-18 11:18:26 - [MESSAGE][INFO] - Found 1 web elements with id: 'Object Repository/Sayfalar/Giris_Sayfasi/RetveTamam_Butonu' located by 'By.xpath: //*[@class = 'btn btn-default']' in '30' second(s)

2021-11-18 11:18:26 - [MESSAGE][INFO] - Clicking on object: 'Object Repository/Sayfalar/Giris_Sayfasi/RetveTamam_Butonu'

2021-11-18 11:18:26 - [MESSAGE][PASSED] - Object: 'Object Repository/Sayfalar/Giris_Sayfasi/RetveTamam_Butonu' is clicked on

2021-11-18 11:18:26 - [TEST_STEP][PASSED] - click(findTestObject("Object Repository/Sayfalar/Giris_Sayfasi/RetveTamam_Butonu")): Object: 'Object Repository/Sayfalar/Giris_Sayfasi/RetveTamam_Butonu' is clicked on

2021-11-18 11:18:26 - [MESSAGE][INFO] - Finding Test Object 'Object Repository/Sayfalar/Giris_Sayfasi/RetveTamam_Butonu'

2021-11-18 11:18:26 - [MESSAGE][INFO] - Checking object

2021-11-18 11:18:26 - [MESSAGE][INFO] - Finding web element from Test Object's properties

2021-11-18 11:18:26 - [MESSAGE][INFO] - Checking timeout

2021-11-18 11:18:26 - [MESSAGE][INFO] - Finding web element with id: 'Object Repository/Sayfalar/Giris_Sayfasi/RetveTamam_Butonu' located by 'By.xpath: //*[@class = 'btn btn-default']' in '30' second(s)

2021-11-18 11:18:26 - [MESSAGE][INFO] - Smart Wait Function is triggered

2021-11-18 11:18:30 - [MESSAGE][INFO] - Found 1 web elements with id: 'Object Repository/Sayfalar/Giris_Sayfasi/RetveTamam_Butonu' located by 'By.xpath: //*[@class = 'btn btn-default']' in '30' second(s)

2021-11-18 11:18:30 - [MESSAGE][INFO] - Clicking on object: 'Object Repository/Sayfalar/Giris_Sayfasi/RetveTamam_Butonu'

2021-11-18 11:18:30 - [MESSAGE][PASSED] - Object: 'Object Repository/Sayfalar/Giris_Sayfasi/RetveTamam_Butonu' is clicked on

2021-11-18 11:18:30 - [TEST_STEP][PASSED] - if (verifyElementPresent(findTestObject("Sayfalar/Giris_Sayfasi/PopupOK"), 5, OPTIONAL)): null

2021-11-18 11:18:30 - [MESSAGE][INFO] - Finding Test Object 'Object Repository/Sayfalar/Giris_Sayfasi/PopupOK'

2021-11-18 11:18:30 - [MESSAGE][INFO] - Checking object

2021-11-18 11:18:30 - [MESSAGE][INFO] - Finding web element from Test Object's properties

2021-11-18 11:18:30 - [MESSAGE][INFO] - Checking timeout

2021-11-18 11:18:30 - [MESSAGE][INFO] - Finding web element with id: 'Object Repository/Sayfalar/Giris_Sayfasi/PopupOK' located by 'By.cssSelector: .btn.btn-success' in '5' second(s)

2021-11-18 11:18:30 - [MESSAGE][INFO] - Smart Wait Function is triggered

2021-11-18 11:18:31 - [MESSAGE][INFO] - Found 1 web elements with id: 'Object Repository/Sayfalar/Giris_Sayfasi/PopupOK' located by 'By.cssSelector: .btn.btn-success' in '5' second(s)

2021-11-18 11:18:31 - [MESSAGE][PASSED] - Object 'Object Repository/Sayfalar/Giris_Sayfasi/PopupOK' is present

2021-11-18 11:18:31 - [TEST_STEP][PASSED] - click(findTestObject("Object Repository/Sayfalar/Giris_Sayfasi/PopupCarpiGiris")): Object: 'Object Repository/Sayfalar/Giris_Sayfasi/PopupCarpiGiris' is clicked on

2021-11-18 11:18:31 - [MESSAGE][INFO] - Finding Test Object 'Object Repository/Sayfalar/Giris_Sayfasi/PopupCarpiGiris'

2021-11-18 11:18:31 - [MESSAGE][INFO] - Checking object

2021-11-18 11:18:31 - [MESSAGE][INFO] - Finding web element from Test Object's properties

2021-11-18 11:18:31 - [MESSAGE][INFO] - Checking timeout

2021-11-18 11:18:31 - [MESSAGE][INFO] - Finding web element with id: 'Object Repository/Sayfalar/Giris_Sayfasi/PopupCarpiGiris' located by 'By.cssSelector: .bootbox-close-button.close' in '30' second(s)

2021-11-18 11:18:31 - [MESSAGE][INFO] - Smart Wait Function is triggered

2021-11-18 11:18:32 - [MESSAGE][INFO] - Found 1 web elements with id: 'Object Repository/Sayfalar/Giris_Sayfasi/PopupCarpiGiris' located by 'By.cssSelector: .bootbox-close-button.close' in '30' second(s)

2021-11-18 11:18:32 - [MESSAGE][INFO] - Clicking on object: 'Object Repository/Sayfalar/Giris_Sayfasi/PopupCarpiGiris'

2021-11-18 11:18:32 - [MESSAGE][PASSED] - Object: 'Object Repository/Sayfalar/Giris_Sayfasi/PopupCarpiGiris' is clicked on

2021-11-18 11:18:32 - [TEST_STEP][PASSED] - verifyElementVisible(findTestObject("Object Repository/Kullanici_Islemleri/KullaniciIslemleri")): Object 'Object Repository/Kullanici_Islemleri/KullaniciIslemleri' is visible

2021-11-18 11:18:32 - [MESSAGE][INFO] - Finding Test Object 'Object Repository/Kullanici_Islemleri/KullaniciIslemleri'

2021-11-18 11:18:32 - [MESSAGE][INFO] - Checking object

2021-11-18 11:18:32 - [MESSAGE][INFO] - Finding web element from Test Object's properties

2021-11-18 11:18:32 - [MESSAGE][INFO] - Checking timeout

2021-11-18 11:18:32 - [MESSAGE][INFO] - Finding web element with id: 'Object Repository/Kullanici_Islemleri/KullaniciIslemleri' located by 'By.cssSelector: .dropdown>a>img' in '30' second(s)

2021-11-18 11:18:32 - [MESSAGE][INFO] - Smart Wait Function is triggered

2021-11-18 11:18:32 - [MESSAGE][INFO] - Found 1 web elements with id: 'Object Repository/Kullanici_Islemleri/KullaniciIslemleri' located by 'By.cssSelector: .dropdown>a>img' in '30' second(s)

2021-11-18 11:18:32 - [MESSAGE][PASSED] - Object 'Object Repository/Kullanici_Islemleri/KullaniciIslemleri' is visible

2021-11-18 11:18:32 - [MESSAGE][PASSED] - Call Test Case 'Test Cases/Sayfalar/Giris_Sayfasi/Login' successfully

2021-11-18 11:18:32 - [MESSAGE][INFO] - Checking called Test Case

2021-11-18 11:18:32 - [MESSAGE][INFO] - Starting to call Test Case 'Test Cases/Menu/AnaMenuSecimi'

2021-11-18 11:18:32 - [TEST_CASE][PASSED] - Test Cases/Menu/AnaMenuSecimi: Test Cases/Menu/AnaMenuSecimi

2021-11-18 11:18:32 - [TEST_STEP][PASSED] - Method.TextDegerineEsitElementeTikla(findTestObject("Menu/Ana_Menu"), Ana_Menu): Method.TextDegerineEsitElementeTikla is PASSED

2021-11-18 11:18:32 - [MESSAGE][INFO] - Finding Test Object 'Object Repository/Menu/Ana_Menu'

2021-11-18 11:18:33 - [MESSAGE][INFO] - Checking timeout

2021-11-18 11:18:33 - [MESSAGE][INFO] - Finding web element with id: 'Object Repository/Menu/Ana_Menu' located by 'By.xpath: //*[@class = 'dropdown-toggle']' in '10' second(s)

2021-11-18 11:18:33 - [MESSAGE][INFO] - Smart Wait Function is triggered

2021-11-18 11:18:33 - [MESSAGE][INFO] - Found 14 web elements with id: 'Object Repository/Menu/Ana_Menu' located by 'By.xpath: //*[@class = 'dropdown-toggle']' in '10' second(s)

2021-11-18 11:18:33 - [MESSAGE][PASSED] - Method.TextDegerineEsitElementeTikla is PASSED

2021-11-18 11:18:33 - [MESSAGE][PASSED] - Call Test Case 'Test Cases/Menu/AnaMenuSecimi' successfully

2021-11-18 11:18:33 - [MESSAGE][INFO] - Checking called Test Case

2021-11-18 11:18:33 - [MESSAGE][INFO] - Starting to call Test Case 'Test Cases/Menu/BasligaGoreAltMenuSecimi'

2021-11-18 11:18:33 - [TEST_CASE][PASSED] - Test Cases/Menu/BasligaGoreAltMenuSecimi: Test Cases/Menu/BasligaGoreAltMenuSecimi

2021-11-18 11:18:33 - [TEST_STEP][PASSED] - Method.TextDegerineEsitElementinAltindakiTextDegerineEsitOlanaTikla(findTestObject("Menu/Menu_Basligi"), findTestObject("Menu/Basliga_Gore_Alt_Menu"), Baslik, Alt_Menu): Method.TextDegerineEsitElementinAltindakiTextDegerineEsitOlanaTikla is PASSED

2021-11-18 11:18:33 - [MESSAGE][INFO] - Finding Test Object 'Object Repository/Menu/Menu_Basligi'

2021-11-18 11:18:33 - [MESSAGE][INFO] - Finding Test Object 'Object Repository/Menu/Basliga_Gore_Alt_Menu'

2021-11-18 11:18:33 - [MESSAGE][INFO] - Checking timeout

2021-11-18 11:18:33 - [MESSAGE][INFO] - Finding web element with id: 'Object Repository/Menu/Menu_Basligi' located by 'By.xpath: //li[@class='dropdown dropdown-large open']//li[@class='dropdown-header']' in '10' second(s)

2021-11-18 11:18:33 - [MESSAGE][INFO] - Smart Wait Function is triggered

2021-11-18 11:18:33 - [MESSAGE][INFO] - Found 3 web elements with id: 'Object Repository/Menu/Menu_Basligi' located by 'By.xpath: //li[@class='dropdown dropdown-large open']//li[@class='dropdown-header']' in '10' second(s)

2021-11-18 11:18:33 - [MESSAGE][INFO] - Smart Wait Function is triggered

2021-11-18 11:18:36 - [MESSAGE][PASSED] - Method.TextDegerineEsitElementinAltindakiTextDegerineEsitOlanaTikla is PASSED

2021-11-18 11:18:36 - [MESSAGE][PASSED] - Call Test Case 'Test Cases/Menu/BasligaGoreAltMenuSecimi' successfully

2021-11-18 11:18:36 - [MESSAGE][INFO] - Checking called Test Case

2021-11-18 11:18:36 - [MESSAGE][INFO] - Starting to call Test Case 'Test Cases/Filtreler/BaslangicYaz'

2021-11-18 11:18:36 - [TEST_CASE][PASSED] - Test Cases/Filtreler/BaslangicYaz: Test Cases/Filtreler/BaslangicYaz

2021-11-18 11:18:36 - [TEST_STEP][PASSED] - delay(3): Delayed 3 second(s)

2021-11-18 11:18:36 - [MESSAGE][INFO] - Delaying browser in 3 second(s)

2021-11-18 11:18:39 - [MESSAGE][PASSED] - Delayed 3 second(s)

2021-11-18 11:18:39 - [TEST_STEP][PASSED] - Method.TextDegerineEsitElementinAltindakineTikla(findTestObject("Filtreler/Basliklar"), findTestObject("Filtreler/Basliga_Gore_Baslangic_Image"), Filtre_Adi): Method.TextDegerineEsitElementinAltindakineTikla is PASSED

2021-11-18 11:18:39 - [MESSAGE][INFO] - Finding Test Object 'Object Repository/Filtreler/Basliklar'

2021-11-18 11:18:39 - [MESSAGE][INFO] - Finding Test Object 'Object Repository/Filtreler/Basliga_Gore_Baslangic_Image'

2021-11-18 11:18:39 - [MESSAGE][INFO] - Checking timeout

2021-11-18 11:18:39 - [MESSAGE][INFO] - Finding web element with id: 'Object Repository/Filtreler/Basliklar' located by 'By.cssSelector: .control-label.col-sm-4.paddingMarginRLC' in '10' second(s)

2021-11-18 11:18:39 - [MESSAGE][INFO] - Smart Wait Function is triggered

2021-11-18 11:18:39 - [MESSAGE][INFO] - Found 13 web elements with id: 'Object Repository/Filtreler/Basliklar' located by 'By.cssSelector: .control-label.col-sm-4.paddingMarginRLC' in '10' second(s)

2021-11-18 11:18:39 - [MESSAGE][INFO] - Smart Wait Function is triggered

2021-11-18 11:18:40 - [MESSAGE][PASSED] - Method.TextDegerineEsitElementinAltindakineTikla is PASSED

2021-11-18 11:18:40 - [TEST_STEP][PASSED] - Method.TextDegerineEsitElementinAltindakiTextboxtaYaz(findTestObject("Filtreler/Basliklar"), findTestObject("Filtreler/Basliga_Gore_Baslangic"), Filtre_Adi, Filtre_Degeri): Method.TextDegerineEsitElementinAltindakiTextboxtaYaz is PASSED

2021-11-18 11:18:40 - [MESSAGE][INFO] - Finding Test Object 'Object Repository/Filtreler/Basliklar'

2021-11-18 11:18:40 - [MESSAGE][INFO] - Finding Test Object 'Object Repository/Filtreler/Basliga_Gore_Baslangic'

2021-11-18 11:18:40 - [MESSAGE][INFO] - Checking timeout

2021-11-18 11:18:40 - [MESSAGE][INFO] - Finding web element with id: 'Object Repository/Filtreler/Basliklar' located by 'By.cssSelector: .control-label.col-sm-4.paddingMarginRLC' in '10' second(s)

2021-11-18 11:18:40 - [MESSAGE][INFO] - Smart Wait Function is triggered

2021-11-18 11:18:40 - [MESSAGE][INFO] - Found 13 web elements with id: 'Object Repository/Filtreler/Basliklar' located by 'By.cssSelector: .control-label.col-sm-4.paddingMarginRLC' in '10' second(s)

2021-11-18 11:18:40 - [MESSAGE][INFO] - Smart Wait Function is triggered

2021-11-18 11:18:41 - [MESSAGE][PASSED] - Method.TextDegerineEsitElementinAltindakiTextboxtaYaz is PASSED

2021-11-18 11:18:41 - [MESSAGE][PASSED] - Call Test Case 'Test Cases/Filtreler/BaslangicYaz' successfully

2021-11-18 11:18:41 - [MESSAGE][INFO] - Checking called Test Case

2021-11-18 11:18:41 - [MESSAGE][INFO] - Starting to call Test Case 'Test Cases/Filtreler/BitisYaz'

2021-11-18 11:18:41 - [TEST_CASE][PASSED] - Test Cases/Filtreler/BitisYaz: Test Cases/Filtreler/BitisYaz

2021-11-18 11:18:41 - [TEST_STEP][PASSED] - Method.TextDegerineEsitElementinAltindakineTikla(findTestObject("Filtreler/Basliklar"), findTestObject("Filtreler/Basliga_Gore_Bitis_Image"), Filtre_Adi): Method.TextDegerineEsitElementinAltindakineTikla is PASSED

2021-11-18 11:18:41 - [MESSAGE][INFO] - Finding Test Object 'Object Repository/Filtreler/Basliklar'

2021-11-18 11:18:41 - [MESSAGE][INFO] - Finding Test Object 'Object Repository/Filtreler/Basliga_Gore_Bitis_Image'

2021-11-18 11:18:41 - [MESSAGE][INFO] - Checking timeout

2021-11-18 11:18:41 - [MESSAGE][INFO] - Finding web element with id: 'Object Repository/Filtreler/Basliklar' located by 'By.cssSelector: .control-label.col-sm-4.paddingMarginRLC' in '10' second(s)

2021-11-18 11:18:41 - [MESSAGE][INFO] - Smart Wait Function is triggered

2021-11-18 11:18:41 - [MESSAGE][INFO] - Found 13 web elements with id: 'Object Repository/Filtreler/Basliklar' located by 'By.cssSelector: .control-label.col-sm-4.paddingMarginRLC' in '10' second(s)

2021-11-18 11:18:41 - [MESSAGE][INFO] - Smart Wait Function is triggered

2021-11-18 11:18:41 - [MESSAGE][PASSED] - Method.TextDegerineEsitElementinAltindakineTikla is PASSED

2021-11-18 11:18:41 - [TEST_STEP][PASSED] - Method.TextDegerineEsitElementinAltindakiTextboxtaYaz(findTestObject("Filtreler/Basliklar"), findTestObject("Object Repository/Filtreler/Basliga_Gore_Bitis"), Filtre_Adi, Filtre_Degeri): Method.TextDegerineEsitElementinAltindakiTextboxtaYaz is PASSED

2021-11-18 11:18:41 - [MESSAGE][INFO] - Finding Test Object 'Object Repository/Filtreler/Basliklar'

2021-11-18 11:18:41 - [MESSAGE][INFO] - Finding Test Object 'Object Repository/Filtreler/Basliga_Gore_Bitis'

2021-11-18 11:18:42 - [MESSAGE][INFO] - Checking timeout

2021-11-18 11:18:42 - [MESSAGE][INFO] - Finding web element with id: 'Object Repository/Filtreler/Basliklar' located by 'By.cssSelector: .control-label.col-sm-4.paddingMarginRLC' in '10' second(s)

2021-11-18 11:18:42 - [MESSAGE][INFO] - Smart Wait Function is triggered

2021-11-18 11:18:42 - [MESSAGE][INFO] - Found 13 web elements with id: 'Object Repository/Filtreler/Basliklar' located by 'By.cssSelector: .control-label.col-sm-4.paddingMarginRLC' in '10' second(s)

2021-11-18 11:18:42 - [MESSAGE][INFO] - Smart Wait Function is triggered

2021-11-18 11:18:42 - [MESSAGE][PASSED] - Method.TextDegerineEsitElementinAltindakiTextboxtaYaz is PASSED

2021-11-18 11:18:42 - [MESSAGE][PASSED] - Call Test Case 'Test Cases/Filtreler/BitisYaz' successfully

2021-11-18 11:18:42 - [MESSAGE][INFO] - Checking called Test Case

2021-11-18 11:18:42 - [MESSAGE][INFO] - Starting to call Test Case 'Test Cases/Filtreler/ButonaTikla'

2021-11-18 11:18:42 - [TEST_CASE][PASSED] - Test Cases/Filtreler/ButonaTikla: Test Cases/Filtreler/ButonaTikla

2021-11-18 11:18:42 - [TEST_STEP][PASSED] - Method.TextDegerineEsitElementeTikla(findTestObject("Filtreler/Butonlar"), Filtre_Buton): Method.TextDegerineEsitElementeTikla is PASSED

2021-11-18 11:18:42 - [MESSAGE][INFO] - Finding Test Object 'Object Repository/Filtreler/Butonlar'

2021-11-18 11:18:43 - [MESSAGE][INFO] - Checking timeout

2021-11-18 11:18:43 - [MESSAGE][INFO] - Finding web element with id: 'Object Repository/Filtreler/Butonlar' located by 'By.cssSelector: .dxb>span' in '10' second(s)

2021-11-18 11:18:43 - [MESSAGE][INFO] - Smart Wait Function is triggered

2021-11-18 11:18:43 - [MESSAGE][INFO] - Found 3 web elements with id: 'Object Repository/Filtreler/Butonlar' located by 'By.cssSelector: .dxb>span' in '10' second(s)

2021-11-18 11:18:43 - [MESSAGE][PASSED] - Method.TextDegerineEsitElementeTikla is PASSED

2021-11-18 11:18:43 - [MESSAGE][PASSED] - Call Test Case 'Test Cases/Filtreler/ButonaTikla' successfully

2021-11-18 11:18:43 - [MESSAGE][INFO] - Checking called Test Case

2021-11-18 11:18:43 - [MESSAGE][INFO] - Starting to call Test Case 'Test Cases/Tablo/TablodaVeriVarMi'

2021-11-18 11:18:43 - [TEST_CASE][PASSED] - Test Cases/Tablo/TablodaVeriVarMi: Test Cases/Tablo/TablodaVeriVarMi

2021-11-18 11:18:43 - [TEST_STEP][PASSED] - verifyTextNotPresent("Görüntülenecek veri yok", true): Text 'Görüntülenecek veri yok' is not present on page using regular expression

2021-11-18 11:18:43 - [MESSAGE][INFO] - Checking text present  using regular expression

2021-11-18 11:18:43 - [MESSAGE][INFO] - Smart Wait Function is triggered

2021-11-18 11:18:44 - [MESSAGE][INFO] - Finding text 'Görüntülenecek veri yok' on page  using regular expression

2021-11-18 11:18:44 - [MESSAGE][PASSED] - Text 'Görüntülenecek veri yok' is not present on page using regular expression

2021-11-18 11:18:44 - [MESSAGE][PASSED] - Call Test Case 'Test Cases/Tablo/TablodaVeriVarMi' successfully

2021-11-18 11:18:44 - [MESSAGE][INFO] - Checking called Test Case

2021-11-18 11:18:44 - [MESSAGE][INFO] - Starting to call Test Case 'Test Cases/Tablo/TablodanVeriSec'

2021-11-18 11:18:44 - [TEST_CASE][PASSED] - Test Cases/Tablo/TablodanVeriSec: Test Cases/Tablo/TablodanVeriSec

2021-11-18 11:18:44 - [TEST_STEP][PASSED] - Method.TextDegerineEsitElementinAltindakineTikla(findTestObject("Tablo/Veriler"), findTestObject("Tablo/VerininCheckBoxi"), Veri_Adi): Method.TextDegerineEsitElementinAltindakineTikla is PASSED

2021-11-18 11:18:44 - [MESSAGE][INFO] - Finding Test Object 'Object Repository/Tablo/Veriler'

2021-11-18 11:18:44 - [MESSAGE][INFO] - Finding Test Object 'Object Repository/Tablo/VerininCheckBoxi'

2021-11-18 11:18:44 - [MESSAGE][INFO] - Checking timeout

2021-11-18 11:18:44 - [MESSAGE][INFO] - Finding web element with id: 'Object Repository/Tablo/Veriler' located by 'By.cssSelector: td.dxgv b ,td.dxgv' in '10' second(s)

2021-11-18 11:18:44 - [MESSAGE][INFO] - Smart Wait Function is triggered

2021-11-18 11:18:44 - [MESSAGE][INFO] - Found 27 web elements with id: 'Object Repository/Tablo/Veriler' located by 'By.cssSelector: td.dxgv b ,td.dxgv' in '10' second(s)

2021-11-18 11:18:45 - [MESSAGE][INFO] - Smart Wait Function is triggered

2021-11-18 11:18:45 - [MESSAGE][PASSED] - Method.TextDegerineEsitElementinAltindakineTikla is PASSED

2021-11-18 11:18:45 - [MESSAGE][PASSED] - Call Test Case 'Test Cases/Tablo/TablodanVeriSec' successfully

2021-11-18 11:18:45 - [MESSAGE][INFO] - Checking called Test Case

2021-11-18 11:18:45 - [MESSAGE][INFO] - Starting to call Test Case 'Test Cases/Butonlar/ButonaTikla'

2021-11-18 11:18:45 - [TEST_CASE][PASSED] - Test Cases/Butonlar/ButonaTikla: Test Cases/Butonlar/ButonaTikla

2021-11-18 11:18:45 - [TEST_STEP][PASSED] - Method.TextDegerineEsitElementeTiklaEquals(findTestObject("Butonlar/Butonlar"), Buton_Adi): Method.TextDegerineEsitElementeTiklaEquals is PASSED

2021-11-18 11:18:45 - [MESSAGE][INFO] - Finding Test Object 'Object Repository/Butonlar/Butonlar'

2021-11-18 11:18:45 - [MESSAGE][INFO] - Checking timeout

2021-11-18 11:18:45 - [MESSAGE][INFO] - Finding web element with id: 'Object Repository/Butonlar/Butonlar' located by 'By.cssSelector: .panel.panel-default.text-center.footerPanel .btn,.btn.btn-primary.btnControls' in '10' second(s)

2021-11-18 11:18:45 - [MESSAGE][INFO] - Smart Wait Function is triggered

2021-11-18 11:18:45 - [MESSAGE][INFO] - Found 6 web elements with id: 'Object Repository/Butonlar/Butonlar' located by 'By.cssSelector: .panel.panel-default.text-center.footerPanel .btn,.btn.btn-primary.btnControls' in '10' second(s)

2021-11-18 11:18:45 - [MESSAGE][PASSED] - Method.TextDegerineEsitElementeTiklaEquals is PASSED

2021-11-18 11:18:45 - [MESSAGE][PASSED] - Call Test Case 'Test Cases/Butonlar/ButonaTikla' successfully

2021-11-18 11:18:45 - [MESSAGE][INFO] - Checking called Test Case

2021-11-18 11:18:45 - [MESSAGE][INFO] - Starting to call Test Case 'Test Cases/Sekmeler/YeniSekmeyeGec'

2021-11-18 11:18:46 - [TEST_CASE][PASSED] - Test Cases/Sekmeler/YeniSekmeyeGec: Test Cases/Sekmeler/YeniSekmeyeGec

2021-11-18 11:18:46 - [TEST_STEP][PASSED] - switchToWindowIndex(1): Switched to window with index: '1'

2021-11-18 11:18:46 - [MESSAGE][INFO] - Checking index

2021-11-18 11:18:46 - [MESSAGE][INFO] - Switching window with index: '1'

2021-11-18 11:18:46 - [MESSAGE][PASSED] - Switched to window with index: '1'

2021-11-18 11:18:46 - [MESSAGE][PASSED] - Call Test Case 'Test Cases/Sekmeler/YeniSekmeyeGec' successfully

2021-11-18 11:18:46 - [MESSAGE][INFO] - Checking called Test Case

2021-11-18 11:18:46 - [MESSAGE][INFO] - Starting to call Test Case 'Test Cases/Sekmeler/GecmisGeldiMi'

2021-11-18 11:18:46 - [TEST_CASE][PASSED] - Test Cases/Sekmeler/GecmisGeldiMi: Test Cases/Sekmeler/GecmisGeldiMi

2021-11-18 11:18:46 - [TEST_STEP][PASSED] - waitForElementVisible(findTestObject("Object Repository/Sekmeler/GecmisBaslik"), 10): Object 'Object Repository/Sekmeler/GecmisBaslik' is visible

2021-11-18 11:18:46 - [MESSAGE][INFO] - Finding Test Object 'Object Repository/Sekmeler/GecmisBaslik'

2021-11-18 11:18:46 - [MESSAGE][INFO] - Checking object

2021-11-18 11:18:46 - [MESSAGE][INFO] - Checking timeout

2021-11-18 11:18:46 - [MESSAGE][INFO] - Finding web element from Test Object's properties

2021-11-18 11:18:46 - [MESSAGE][INFO] - Checking timeout

2021-11-18 11:18:46 - [MESSAGE][INFO] - Finding web element with id: 'Object Repository/Sekmeler/GecmisBaslik' located by 'By.cssSelector: .dxnb-ghtext.dx-vam' in '10' second(s)

2021-11-18 11:18:46 - [MESSAGE][INFO] - Smart Wait Function is triggered

2021-11-18 11:19:03 - [MESSAGE][INFO] - Found 1 web elements with id: 'Object Repository/Sekmeler/GecmisBaslik' located by 'By.cssSelector: .dxnb-ghtext.dx-vam' in '10' second(s)

2021-11-18 11:19:03 - [MESSAGE][PASSED] - Object 'Object Repository/Sekmeler/GecmisBaslik' is visible

2021-11-18 11:19:03 - [TEST_STEP][PASSED] - if (!(getText(findTestObject("Object Repository/Sekmeler/GecmisBaslik")).contains(Baslik))): Text of object 'Object Repository/Sekmeler/GecmisBaslik' is: 'İrsaliye Yanıtları İzleme Kayıtları - 1735'

2021-11-18 11:19:03 - [MESSAGE][INFO] - Finding Test Object 'Object Repository/Sekmeler/GecmisBaslik'

2021-11-18 11:19:03 - [MESSAGE][INFO] - Checking object

2021-11-18 11:19:03 - [MESSAGE][INFO] - Finding web element from Test Object's properties

2021-11-18 11:19:03 - [MESSAGE][INFO] - Checking timeout

2021-11-18 11:19:03 - [MESSAGE][INFO] - Finding web element with id: 'Object Repository/Sekmeler/GecmisBaslik' located by 'By.cssSelector: .dxnb-ghtext.dx-vam' in '30' second(s)

2021-11-18 11:19:03 - [MESSAGE][INFO] - Smart Wait Function is triggered

2021-11-18 11:19:03 - [MESSAGE][INFO] - Found 1 web elements with id: 'Object Repository/Sekmeler/GecmisBaslik' located by 'By.cssSelector: .dxnb-ghtext.dx-vam' in '30' second(s)

2021-11-18 11:19:03 - [MESSAGE][INFO] - Getting text of object 'Object Repository/Sekmeler/GecmisBaslik'

2021-11-18 11:19:03 - [MESSAGE][PASSED] - Text of object 'Object Repository/Sekmeler/GecmisBaslik' is: 'İrsaliye Yanıtları İzleme Kayıtları - 1735'

2021-11-18 11:19:03 - [MESSAGE][PASSED] - Call Test Case 'Test Cases/Sekmeler/GecmisGeldiMi' successfully

2021-11-18 11:19:03 - [MESSAGE][INFO] - Checking called Test Case

2021-11-18 11:19:03 - [MESSAGE][INFO] - Starting to call Test Case 'Test Cases/Sekmeler/Ana_Sekmeye_Gec'

2021-11-18 11:19:03 - [TEST_CASE][PASSED] - Test Cases/Sekmeler/Ana_Sekmeye_Gec: Test Cases/Sekmeler/Ana_Sekmeye_Gec

2021-11-18 11:19:03 - [TEST_STEP][PASSED] - try: Window with index 1 is closed

2021-11-18 11:19:03 - [TEST_STEP][PASSED] - index = getWindowIndex(): Current window's index is: 1

2021-11-18 11:19:03 - [MESSAGE][INFO] - Getting current window's index

2021-11-18 11:19:03 - [MESSAGE][PASSED] - Current window's index is: 1

2021-11-18 11:19:03 - [TEST_STEP][PASSED] - closeWindowIndex(index): Window with index 1 is closed

2021-11-18 11:19:03 - [MESSAGE][INFO] - Checking index

2021-11-18 11:19:03 - [MESSAGE][INFO] - Closing window with index 1

2021-11-18 11:19:03 - [MESSAGE][PASSED] - Window with index 1 is closed

2021-11-18 11:19:03 - [TEST_STEP][PASSED] - switchToWindowIndex(0): Switched to window with index: '0'

2021-11-18 11:19:03 - [MESSAGE][INFO] - Checking index

2021-11-18 11:19:03 - [MESSAGE][INFO] - Switching window with index: '0'

2021-11-18 11:19:03 - [MESSAGE][PASSED] - Switched to window with index: '0'

2021-11-18 11:19:03 - [MESSAGE][PASSED] - Call Test Case 'Test Cases/Sekmeler/Ana_Sekmeye_Gec' successfully

2021-11-18 11:19:03 - [MESSAGE][INFO] - Checking called Test Case

2021-11-18 11:19:03 - [MESSAGE][INFO] - Starting to call Test Case 'Test Cases/Kullanici_Islemleri/KullaniciIslemlerindenSecimYapilir'

2021-11-18 11:19:03 - [TEST_CASE][PASSED] - Test Cases/Kullanici_Islemleri/KullaniciIslemlerindenSecimYapilir: Test Cases/Kullanici_Islemleri/KullaniciIslemlerindenSecimYapilir

2021-11-18 11:19:03 - [TEST_STEP][PASSED] - waitForElementClickable(findTestObject("Object Repository/Kullanici_Islemleri/KullaniciIslemleri"), 10): Object 'Object Repository/Kullanici_Islemleri/KullaniciIslemleri' is clickable

2021-11-18 11:19:03 - [MESSAGE][INFO] - Finding Test Object 'Object Repository/Kullanici_Islemleri/KullaniciIslemleri'

2021-11-18 11:19:04 - [MESSAGE][INFO] - Checking object

2021-11-18 11:19:04 - [MESSAGE][INFO] - Checking timeout

2021-11-18 11:19:04 - [MESSAGE][INFO] - Finding web element from Test Object's properties

2021-11-18 11:19:04 - [MESSAGE][INFO] - Checking timeout

2021-11-18 11:19:04 - [MESSAGE][INFO] - Finding web element with id: 'Object Repository/Kullanici_Islemleri/KullaniciIslemleri' located by 'By.cssSelector: .dropdown>a>img' in '10' second(s)

2021-11-18 11:19:04 - [MESSAGE][INFO] - Smart Wait Function is triggered

2021-11-18 11:19:04 - [MESSAGE][INFO] - Found 1 web elements with id: 'Object Repository/Kullanici_Islemleri/KullaniciIslemleri' located by 'By.cssSelector: .dropdown>a>img' in '10' second(s)

2021-11-18 11:19:04 - [MESSAGE][PASSED] - Object 'Object Repository/Kullanici_Islemleri/KullaniciIslemleri' is clickable

2021-11-18 11:19:04 - [TEST_STEP][PASSED] - click(findTestObject("Object Repository/Kullanici_Islemleri/KullaniciIslemleri")): Object: 'Object Repository/Kullanici_Islemleri/KullaniciIslemleri' is clicked on

2021-11-18 11:19:04 - [MESSAGE][INFO] - Finding Test Object 'Object Repository/Kullanici_Islemleri/KullaniciIslemleri'

2021-11-18 11:19:04 - [MESSAGE][INFO] - Checking object

2021-11-18 11:19:04 - [MESSAGE][INFO] - Finding web element from Test Object's properties

2021-11-18 11:19:04 - [MESSAGE][INFO] - Checking timeout

2021-11-18 11:19:04 - [MESSAGE][INFO] - Finding web element with id: 'Object Repository/Kullanici_Islemleri/KullaniciIslemleri' located by 'By.cssSelector: .dropdown>a>img' in '30' second(s)

2021-11-18 11:19:04 - [MESSAGE][INFO] - Smart Wait Function is triggered

2021-11-18 11:19:04 - [MESSAGE][INFO] - Found 1 web elements with id: 'Object Repository/Kullanici_Islemleri/KullaniciIslemleri' located by 'By.cssSelector: .dropdown>a>img' in '30' second(s)

2021-11-18 11:19:04 - [MESSAGE][INFO] - Clicking on object: 'Object Repository/Kullanici_Islemleri/KullaniciIslemleri'

2021-11-18 11:19:04 - [MESSAGE][PASSED] - Object: 'Object Repository/Kullanici_Islemleri/KullaniciIslemleri' is clicked on

2021-11-18 11:19:04 - [TEST_STEP][PASSED] - Method.TextDegerineEsitElementeTikla(findTestObject("Object Repository/Kullanici_Islemleri/Secenekler"), Islem): Method.TextDegerineEsitElementeTikla is PASSED

2021-11-18 11:19:04 - [MESSAGE][INFO] - Finding Test Object 'Object Repository/Kullanici_Islemleri/Secenekler'

2021-11-18 11:19:04 - [MESSAGE][INFO] - Checking timeout

2021-11-18 11:19:04 - [MESSAGE][INFO] - Finding web element with id: 'Object Repository/Kullanici_Islemleri/Secenekler' located by 'By.cssSelector: .nav.navbar-nav.navbar-right li a' in '10' second(s)

2021-11-18 11:19:04 - [MESSAGE][INFO] - Smart Wait Function is triggered

2021-11-18 11:19:05 - [MESSAGE][INFO] - Found 22 web elements with id: 'Object Repository/Kullanici_Islemleri/Secenekler' located by 'By.cssSelector: .nav.navbar-nav.navbar-right li a' in '10' second(s)

2021-11-18 11:19:06 - [MESSAGE][PASSED] - Method.TextDegerineEsitElementeTikla is PASSED

2021-11-18 11:19:06 - [TEST_STEP][PASSED] - verifyElementNotPresent(findTestObject("Object Repository/Kullanici_Islemleri/Secenekler"), 10): Web element with id: 'Object Repository/Kullanici_Islemleri/Secenekler' located by 'By.cssSelector: .nav.navbar-nav.navbar-right li a' is not present after '10' second(s)

2021-11-18 11:19:06 - [MESSAGE][INFO] - Finding Test Object 'Object Repository/Kullanici_Islemleri/Secenekler'

2021-11-18 11:19:06 - [MESSAGE][INFO] - Checking object

2021-11-18 11:19:06 - [MESSAGE][INFO] - Checking timeout

2021-11-18 11:19:06 - [MESSAGE][INFO] - Finding web element with id: 'Object Repository/Kullanici_Islemleri/Secenekler' located by 'By.cssSelector: .nav.navbar-nav.navbar-right li a' in '10' second(s)

2021-11-18 11:19:06 - [MESSAGE][INFO] - Smart Wait Function is triggered

2021-11-18 11:19:07 - [MESSAGE][PASSED] - Web element with id: 'Object Repository/Kullanici_Islemleri/Secenekler' located by 'By.cssSelector: .nav.navbar-nav.navbar-right li a' is not present after '10' second(s)

2021-11-18 11:19:07 - [MESSAGE][PASSED] - Call Test Case 'Test Cases/Kullanici_Islemleri/KullaniciIslemlerindenSecimYapilir' successfully

2021-11-18 11:19:07 - [TEST_CASE][PASSED] - Start Test Case : SCENARIO Irsaliye Yanitinin Gecmisi: SCENARIO Irsaliye Yanitinin Gecmisi

2021-11-18 11:19:07 - [TEST_STEP][PASSED] - Kullanıcı adı ELOGO6 ve Şifre 123456 olarak giriş yapılır: Kullanıcı adı ELOGO6 ve Şifre 123456 olarak giriş yapılır

2021-11-18 11:19:07 - [MESSAGE][PASSED] - Kullanıcı adı ELOGO6 ve Şifre 123456 olarak giriş yapılır

2021-11-18 11:19:07 - [TEST_STEP][PASSED] - Ana menüden e-İrsaliye seçilir: Ana menüden e-İrsaliye seçilir

2021-11-18 11:19:07 - [MESSAGE][PASSED] - Ana menüden e-İrsaliye seçilir

2021-11-18 11:19:07 - [TEST_STEP][PASSED] - Alt menü Gelen Kutusu başlığı altındaki İrsaliye Yanıtları seçilir: Alt menü Gelen Kutusu başlığı altındaki İrsaliye Yanıtları seçilir

2021-11-18 11:19:07 - [MESSAGE][PASSED] - Alt menü Gelen Kutusu başlığı altındaki İrsaliye Yanıtları seçilir

2021-11-18 11:19:07 - [TEST_STEP][PASSED] - Filtrelerden Oluşturma Tarihi filtresine 01.01.2020 baslangic degerini yaz: Filtrelerden Oluşturma Tarihi filtresine 01.01.2020 baslangic degerini yaz

2021-11-18 11:19:07 - [MESSAGE][PASSED] - Filtrelerden Oluşturma Tarihi filtresine 01.01.2020 baslangic degerini yaz

2021-11-18 11:19:07 - [TEST_STEP][PASSED] - Filtrelerden Oluşturma Tarihi filtresine 31.12.2020 bitis degerini yaz: Filtrelerden Oluşturma Tarihi filtresine 31.12.2020 bitis degerini yaz

2021-11-18 11:19:07 - [MESSAGE][PASSED] - Filtrelerden Oluşturma Tarihi filtresine 31.12.2020 bitis degerini yaz

2021-11-18 11:19:07 - [TEST_STEP][PASSED] - Filtre butonlarından Listele seçilir: Filtre butonlarından Listele seçilir

2021-11-18 11:19:07 - [MESSAGE][PASSED] - Filtre butonlarından Listele seçilir

2021-11-18 11:19:07 - [TEST_STEP][PASSED] - Tabloda veri var mı kontrol edilir: Tabloda veri var mı kontrol edilir

2021-11-18 11:19:07 - [MESSAGE][PASSED] - Tabloda veri var mı kontrol edilir

2021-11-18 11:19:07 - [TEST_STEP][PASSED] - Tablodan ELOGO TEST isimli veri seçilir: Tablodan ELOGO TEST isimli veri seçilir

2021-11-18 11:19:07 - [MESSAGE][PASSED] - Tablodan ELOGO TEST isimli veri seçilir

2021-11-18 11:19:07 - [TEST_STEP][PASSED] - Butonlardan İzleme Kayıtları isimli butona tıklanır: Butonlardan İzleme Kayıtları isimli butona tıklanır

2021-11-18 11:19:07 - [MESSAGE][PASSED] - Butonlardan İzleme Kayıtları isimli butona tıklanır

2021-11-18 11:19:07 - [TEST_STEP][PASSED] - Yeni açılan sekmeye geçilir: Yeni açılan sekmeye geçilir

2021-11-18 11:19:07 - [MESSAGE][PASSED] - Yeni açılan sekmeye geçilir

2021-11-18 11:19:07 - [TEST_STEP][PASSED] - İrsaliye Yanıtları İzleme Kayıtları baslikli gecmis sayfasi geldi mi: İrsaliye Yanıtları İzleme Kayıtları baslikli gecmis sayfasi geldi mi

2021-11-18 11:19:07 - [MESSAGE][PASSED] - İrsaliye Yanıtları İzleme Kayıtları baslikli gecmis sayfasi geldi mi

2021-11-18 11:19:07 - [TEST_STEP][PASSED] - Ana sekmeye geçilir: Ana sekmeye geçilir

2021-11-18 11:19:07 - [MESSAGE][PASSED] - Ana sekmeye geçilir

2021-11-18 11:19:07 - [TEST_STEP][PASSED] - Kullanıcı işlemlerinden Çıkış seçilir: Kullanıcı işlemlerinden Çıkış seçilir

2021-11-18 11:19:07 - [MESSAGE][PASSED] - Kullanıcı işlemlerinden Çıkış seçilir

2021-11-18 11:19:07 - [MESSAGE][PASSED] - Feature file: 'Include/features/e-Irsaliye/Gelen Kutusu/Irsaliye Yanitlari/IzlemeKayitlari.feature' was passed

2021-11-18 11:19:07 - [TEST_STEP][PASSED] - Start listener action : sampleAfterTestSuite: Invoke 'com.kms.katalon.core.annotation.AfterTestCase' method: 'Listener.sampleAfterTestSuite(...)' completed.

2021-11-18 11:19:07 - [MESSAGE][INFO] - Starting invoke 'com.kms.katalon.core.annotation.AfterTestCase' method: 'Listener.sampleAfterTestSuite(...)'

2021-11-18 11:19:07 - [TEST_STEP][PASSED] - closeBrowser(): Invoke 'com.kms.katalon.core.annotation.AfterTestCase' method: 'Listener.sampleAfterTestSuite(...)' completed.

2021-11-18 11:19:07 - [MESSAGE][INFO] - Closing browser

2021-11-18 11:19:07 - [MESSAGE][PASSED] - Browser is closed

2021-11-18 11:19:07 - [MESSAGE][INFO] - Invoke 'com.kms.katalon.core.annotation.AfterTestCase' method: 'Listener.sampleAfterTestSuite(...)' completed.]]></system-out>
         <system-err><![CDATA[]]></system-err>
      </testcase>
      <testcase name="Test Cases/Case Repository/e-Irsaliye/Gelen Kutusu/Irsaliye Yanitlari/UBL-Goster-Indir" time="44.17" classname="Test Cases/Case Repository/e-Irsaliye/Gelen Kutusu/Irsaliye Yanitlari/UBL-Goster-Indir" status="PASSED">
         <system-out><![CDATA[2021-11-18 11:19:07 - [TEST_CASE][PASSED] - Test Cases/Case Repository/e-Irsaliye/Gelen Kutusu/Irsaliye Yanitlari/UBL-Goster-Indir: Test Cases/Case Repository/e-Irsaliye/Gelen Kutusu/Irsaliye Yanitlari/UBL-Goster-Indir

2021-11-18 11:19:07 - [TEST_STEP][PASSED] - Start listener action : sampleBeforeTestSuite: Invoke 'com.kms.katalon.core.annotation.BeforeTestCase' method: 'Listener.sampleBeforeTestSuite(...)' completed.

2021-11-18 11:19:07 - [MESSAGE][INFO] - Starting invoke 'com.kms.katalon.core.annotation.BeforeTestCase' method: 'Listener.sampleBeforeTestSuite(...)'

2021-11-18 11:19:07 - [TEST_STEP][PASSED] - openBrowser(baseUrl): Browser is opened with url: 'https://efatura-stage.elogo.com.tr/'

2021-11-18 11:19:07 - [MESSAGE][INFO] - Opening browser

2021-11-18 11:19:07 - [MESSAGE][INFO] - Starting 'Chrome' driver

2021-11-18 11:19:07 - [MESSAGE][INFO] - User set preference: ['prefs', '{download.default_directory=C:\otomasyondownfiles}']

2021-11-18 11:19:07 - [MESSAGE][INFO] - Action delay is set to 0 milliseconds

2021-11-18 11:19:09 - [MESSAGE][INFO] - Navigating browser to: 'https://efatura-stage.elogo.com.tr/'

2021-11-18 11:19:11 - [MESSAGE][PASSED] - Browser is opened with url: 'https://efatura-stage.elogo.com.tr/'

2021-11-18 11:19:11 - [TEST_STEP][PASSED] - maximizeWindow(): Invoke 'com.kms.katalon.core.annotation.BeforeTestCase' method: 'Listener.sampleBeforeTestSuite(...)' completed.

2021-11-18 11:19:11 - [MESSAGE][INFO] - Maximizing current window

2021-11-18 11:19:11 - [MESSAGE][PASSED] - Current window maximized

2021-11-18 11:19:11 - [MESSAGE][INFO] - Invoke 'com.kms.katalon.core.annotation.BeforeTestCase' method: 'Listener.sampleBeforeTestSuite(...)' completed.

2021-11-18 11:19:12 - [TEST_STEP][PASSED] - runFeatureFile("Include/features/e-Irsaliye/Gelen Kutusu/Irsaliye Yanitlari/UBL-Goster-Indir.feature"): Feature file: 'Include/features/e-Irsaliye/Gelen Kutusu/Irsaliye Yanitlari/UBL-Goster-Indir.feature' was passed

2021-11-18 11:19:12 - [MESSAGE][INFO] - Starting run keyword runFeatureFile: 'Include/features/e-Irsaliye/Gelen Kutusu/Irsaliye Yanitlari/UBL-Goster-Indir.feature' and extract report to folder: 'C:\Users\DELL\Documents\GitHub\EES_KatalonLogo\Reports\20211118_110909\Suite Repository\e-Irsaliye\20211118_110920/cucumber_report/1637223552126'...

2021-11-18 11:19:12 - [MESSAGE][INFO] - Glue: []

2021-11-18 11:19:13 - [MESSAGE][INFO] - Checking called Test Case

2021-11-18 11:19:13 - [MESSAGE][INFO] - Starting to call Test Case 'Test Cases/Sayfalar/Giris_Sayfasi/Login'

2021-11-18 11:19:13 - [TEST_CASE][PASSED] - Test Cases/Sayfalar/Giris_Sayfasi/Login: Test Cases/Sayfalar/Giris_Sayfasi/Login

2021-11-18 11:19:13 - [TEST_STEP][PASSED] - Sayfa_Basligi = getWindowTitle(): Current window's title is: 'LOGO e-Fatura'

2021-11-18 11:19:13 - [MESSAGE][INFO] - Getting current window's title

2021-11-18 11:19:13 - [MESSAGE][PASSED] - Current window's title is: 'LOGO e-Fatura'

2021-11-18 11:19:13 - [TEST_STEP][PASSED] - verifyMatch(Sayfa_Basligi, "LOGO e-Fatura", false): Actual text 'LOGO e-Fatura' and expected text 'LOGO e-Fatura' are matched 

2021-11-18 11:19:13 - [MESSAGE][INFO] - Matching actual text 'LOGO e-Fatura' with expected text 'LOGO e-Fatura'

2021-11-18 11:19:13 - [MESSAGE][PASSED] - Actual text 'LOGO e-Fatura' and expected text 'LOGO e-Fatura' are matched 

2021-11-18 11:19:13 - [TEST_STEP][PASSED] - sendKeys(findTestObject("Sayfalar/Giris_Sayfasi/Firma_Kodu"), KullaniciAdi): Keys 'ELOGO6' sent to object: 'Object Repository/Sayfalar/Giris_Sayfasi/Firma_Kodu'

2021-11-18 11:19:13 - [MESSAGE][INFO] - Finding Test Object 'Object Repository/Sayfalar/Giris_Sayfasi/Firma_Kodu'

2021-11-18 11:19:14 - [MESSAGE][INFO] - Sending keys 'ELOGO6' to object: 'Object Repository/Sayfalar/Giris_Sayfasi/Firma_Kodu'

2021-11-18 11:19:14 - [MESSAGE][INFO] - Finding web element from Test Object's properties

2021-11-18 11:19:14 - [MESSAGE][INFO] - Checking timeout

2021-11-18 11:19:14 - [MESSAGE][INFO] - Finding web element with id: 'Object Repository/Sayfalar/Giris_Sayfasi/Firma_Kodu' located by 'By.xpath: //*[@id = 'AccountName']' in '30' second(s)

2021-11-18 11:19:14 - [MESSAGE][INFO] - Smart Wait Function is triggered

2021-11-18 11:19:14 - [MESSAGE][INFO] - Found 1 web elements with id: 'Object Repository/Sayfalar/Giris_Sayfasi/Firma_Kodu' located by 'By.xpath: //*[@id = 'AccountName']' in '30' second(s)

2021-11-18 11:19:14 - [MESSAGE][PASSED] - Keys 'ELOGO6' sent to object: 'Object Repository/Sayfalar/Giris_Sayfasi/Firma_Kodu'

2021-11-18 11:19:14 - [TEST_STEP][PASSED] - sendKeys(findTestObject("Sayfalar/Giris_Sayfasi/Sifre"), Sifre): Keys '123456' sent to object: 'Object Repository/Sayfalar/Giris_Sayfasi/Sifre'

2021-11-18 11:19:14 - [MESSAGE][INFO] - Finding Test Object 'Object Repository/Sayfalar/Giris_Sayfasi/Sifre'

2021-11-18 11:19:14 - [MESSAGE][INFO] - Sending keys '123456' to object: 'Object Repository/Sayfalar/Giris_Sayfasi/Sifre'

2021-11-18 11:19:14 - [MESSAGE][INFO] - Finding web element from Test Object's properties

2021-11-18 11:19:14 - [MESSAGE][INFO] - Checking timeout

2021-11-18 11:19:14 - [MESSAGE][INFO] - Finding web element with id: 'Object Repository/Sayfalar/Giris_Sayfasi/Sifre' located by 'By.xpath: //*[@id = 'Password']' in '30' second(s)

2021-11-18 11:19:14 - [MESSAGE][INFO] - Smart Wait Function is triggered

2021-11-18 11:19:14 - [MESSAGE][INFO] - Found 1 web elements with id: 'Object Repository/Sayfalar/Giris_Sayfasi/Sifre' located by 'By.xpath: //*[@id = 'Password']' in '30' second(s)

2021-11-18 11:19:14 - [MESSAGE][PASSED] - Keys '123456' sent to object: 'Object Repository/Sayfalar/Giris_Sayfasi/Sifre'

2021-11-18 11:19:14 - [TEST_STEP][PASSED] - findWebElement(findTestObject("Sayfalar/Giris_Sayfasi/Giris_Butonu")).click(): Found 1 web elements with id: 'Object Repository/Sayfalar/Giris_Sayfasi/Giris_Butonu' located by 'By.cssSelector: #btnLogin' in '30' second(s)

2021-11-18 11:19:14 - [MESSAGE][INFO] - Finding Test Object 'Object Repository/Sayfalar/Giris_Sayfasi/Giris_Butonu'

2021-11-18 11:19:15 - [MESSAGE][INFO] - Finding web element from Test Object's properties

2021-11-18 11:19:15 - [MESSAGE][INFO] - Checking timeout

2021-11-18 11:19:15 - [MESSAGE][INFO] - Finding web element with id: 'Object Repository/Sayfalar/Giris_Sayfasi/Giris_Butonu' located by 'By.cssSelector: #btnLogin' in '30' second(s)

2021-11-18 11:19:15 - [MESSAGE][INFO] - Smart Wait Function is triggered

2021-11-18 11:19:15 - [MESSAGE][INFO] - Found 1 web elements with id: 'Object Repository/Sayfalar/Giris_Sayfasi/Giris_Butonu' located by 'By.cssSelector: #btnLogin' in '30' second(s)

2021-11-18 11:19:17 - [TEST_STEP][PASSED] - if (verifyElementPresent(findTestObject("Object Repository/Sayfalar/Giris_Sayfasi/RetveTamam_Butonu"), 5, OPTIONAL)): null

2021-11-18 11:19:17 - [MESSAGE][INFO] - Finding Test Object 'Object Repository/Sayfalar/Giris_Sayfasi/RetveTamam_Butonu'

2021-11-18 11:19:17 - [MESSAGE][INFO] - Checking object

2021-11-18 11:19:17 - [MESSAGE][INFO] - Finding web element from Test Object's properties

2021-11-18 11:19:17 - [MESSAGE][INFO] - Checking timeout

2021-11-18 11:19:17 - [MESSAGE][INFO] - Finding web element with id: 'Object Repository/Sayfalar/Giris_Sayfasi/RetveTamam_Butonu' located by 'By.xpath: //*[@class = 'btn btn-default']' in '5' second(s)

2021-11-18 11:19:17 - [MESSAGE][INFO] - Smart Wait Function is triggered

2021-11-18 11:19:18 - [MESSAGE][INFO] - Found 1 web elements with id: 'Object Repository/Sayfalar/Giris_Sayfasi/RetveTamam_Butonu' located by 'By.xpath: //*[@class = 'btn btn-default']' in '5' second(s)

2021-11-18 11:19:18 - [MESSAGE][PASSED] - Object 'Object Repository/Sayfalar/Giris_Sayfasi/RetveTamam_Butonu' is present

2021-11-18 11:19:18 - [TEST_STEP][PASSED] - click(findTestObject("Object Repository/Sayfalar/Giris_Sayfasi/RetveTamam_Butonu")): Object: 'Object Repository/Sayfalar/Giris_Sayfasi/RetveTamam_Butonu' is clicked on

2021-11-18 11:19:18 - [MESSAGE][INFO] - Finding Test Object 'Object Repository/Sayfalar/Giris_Sayfasi/RetveTamam_Butonu'

2021-11-18 11:19:18 - [MESSAGE][INFO] - Checking object

2021-11-18 11:19:18 - [MESSAGE][INFO] - Finding web element from Test Object's properties

2021-11-18 11:19:18 - [MESSAGE][INFO] - Checking timeout

2021-11-18 11:19:18 - [MESSAGE][INFO] - Finding web element with id: 'Object Repository/Sayfalar/Giris_Sayfasi/RetveTamam_Butonu' located by 'By.xpath: //*[@class = 'btn btn-default']' in '30' second(s)

2021-11-18 11:19:18 - [MESSAGE][INFO] - Smart Wait Function is triggered

2021-11-18 11:19:18 - [MESSAGE][INFO] - Found 1 web elements with id: 'Object Repository/Sayfalar/Giris_Sayfasi/RetveTamam_Butonu' located by 'By.xpath: //*[@class = 'btn btn-default']' in '30' second(s)

2021-11-18 11:19:18 - [MESSAGE][INFO] - Clicking on object: 'Object Repository/Sayfalar/Giris_Sayfasi/RetveTamam_Butonu'

2021-11-18 11:19:18 - [MESSAGE][PASSED] - Object: 'Object Repository/Sayfalar/Giris_Sayfasi/RetveTamam_Butonu' is clicked on

2021-11-18 11:19:18 - [TEST_STEP][PASSED] - click(findTestObject("Object Repository/Sayfalar/Giris_Sayfasi/RetveTamam_Butonu")): Object: 'Object Repository/Sayfalar/Giris_Sayfasi/RetveTamam_Butonu' is clicked on

2021-11-18 11:19:18 - [MESSAGE][INFO] - Finding Test Object 'Object Repository/Sayfalar/Giris_Sayfasi/RetveTamam_Butonu'

2021-11-18 11:19:18 - [MESSAGE][INFO] - Checking object

2021-11-18 11:19:18 - [MESSAGE][INFO] - Finding web element from Test Object's properties

2021-11-18 11:19:18 - [MESSAGE][INFO] - Checking timeout

2021-11-18 11:19:18 - [MESSAGE][INFO] - Finding web element with id: 'Object Repository/Sayfalar/Giris_Sayfasi/RetveTamam_Butonu' located by 'By.xpath: //*[@class = 'btn btn-default']' in '30' second(s)

2021-11-18 11:19:18 - [MESSAGE][INFO] - Smart Wait Function is triggered

2021-11-18 11:19:25 - [MESSAGE][INFO] - Found 1 web elements with id: 'Object Repository/Sayfalar/Giris_Sayfasi/RetveTamam_Butonu' located by 'By.xpath: //*[@class = 'btn btn-default']' in '30' second(s)

2021-11-18 11:19:25 - [MESSAGE][INFO] - Clicking on object: 'Object Repository/Sayfalar/Giris_Sayfasi/RetveTamam_Butonu'

2021-11-18 11:19:25 - [MESSAGE][PASSED] - Object: 'Object Repository/Sayfalar/Giris_Sayfasi/RetveTamam_Butonu' is clicked on

2021-11-18 11:19:25 - [TEST_STEP][PASSED] - if (verifyElementPresent(findTestObject("Sayfalar/Giris_Sayfasi/PopupOK"), 5, OPTIONAL)): null

2021-11-18 11:19:25 - [MESSAGE][INFO] - Finding Test Object 'Object Repository/Sayfalar/Giris_Sayfasi/PopupOK'

2021-11-18 11:19:25 - [MESSAGE][INFO] - Checking object

2021-11-18 11:19:25 - [MESSAGE][INFO] - Finding web element from Test Object's properties

2021-11-18 11:19:25 - [MESSAGE][INFO] - Checking timeout

2021-11-18 11:19:25 - [MESSAGE][INFO] - Finding web element with id: 'Object Repository/Sayfalar/Giris_Sayfasi/PopupOK' located by 'By.cssSelector: .btn.btn-success' in '5' second(s)

2021-11-18 11:19:25 - [MESSAGE][INFO] - Smart Wait Function is triggered

2021-11-18 11:19:26 - [MESSAGE][INFO] - Found 1 web elements with id: 'Object Repository/Sayfalar/Giris_Sayfasi/PopupOK' located by 'By.cssSelector: .btn.btn-success' in '5' second(s)

2021-11-18 11:19:26 - [MESSAGE][PASSED] - Object 'Object Repository/Sayfalar/Giris_Sayfasi/PopupOK' is present

2021-11-18 11:19:26 - [TEST_STEP][PASSED] - click(findTestObject("Object Repository/Sayfalar/Giris_Sayfasi/PopupCarpiGiris")): Object: 'Object Repository/Sayfalar/Giris_Sayfasi/PopupCarpiGiris' is clicked on

2021-11-18 11:19:26 - [MESSAGE][INFO] - Finding Test Object 'Object Repository/Sayfalar/Giris_Sayfasi/PopupCarpiGiris'

2021-11-18 11:19:26 - [MESSAGE][INFO] - Checking object

2021-11-18 11:19:26 - [MESSAGE][INFO] - Finding web element from Test Object's properties

2021-11-18 11:19:26 - [MESSAGE][INFO] - Checking timeout

2021-11-18 11:19:26 - [MESSAGE][INFO] - Finding web element with id: 'Object Repository/Sayfalar/Giris_Sayfasi/PopupCarpiGiris' located by 'By.cssSelector: .bootbox-close-button.close' in '30' second(s)

2021-11-18 11:19:26 - [MESSAGE][INFO] - Smart Wait Function is triggered

2021-11-18 11:19:26 - [MESSAGE][INFO] - Found 1 web elements with id: 'Object Repository/Sayfalar/Giris_Sayfasi/PopupCarpiGiris' located by 'By.cssSelector: .bootbox-close-button.close' in '30' second(s)

2021-11-18 11:19:26 - [MESSAGE][INFO] - Clicking on object: 'Object Repository/Sayfalar/Giris_Sayfasi/PopupCarpiGiris'

2021-11-18 11:19:26 - [MESSAGE][PASSED] - Object: 'Object Repository/Sayfalar/Giris_Sayfasi/PopupCarpiGiris' is clicked on

2021-11-18 11:19:26 - [TEST_STEP][PASSED] - verifyElementVisible(findTestObject("Object Repository/Kullanici_Islemleri/KullaniciIslemleri")): Object 'Object Repository/Kullanici_Islemleri/KullaniciIslemleri' is visible

2021-11-18 11:19:26 - [MESSAGE][INFO] - Finding Test Object 'Object Repository/Kullanici_Islemleri/KullaniciIslemleri'

2021-11-18 11:19:27 - [MESSAGE][INFO] - Checking object

2021-11-18 11:19:27 - [MESSAGE][INFO] - Finding web element from Test Object's properties

2021-11-18 11:19:27 - [MESSAGE][INFO] - Checking timeout

2021-11-18 11:19:27 - [MESSAGE][INFO] - Finding web element with id: 'Object Repository/Kullanici_Islemleri/KullaniciIslemleri' located by 'By.cssSelector: .dropdown>a>img' in '30' second(s)

2021-11-18 11:19:27 - [MESSAGE][INFO] - Smart Wait Function is triggered

2021-11-18 11:19:27 - [MESSAGE][INFO] - Found 1 web elements with id: 'Object Repository/Kullanici_Islemleri/KullaniciIslemleri' located by 'By.cssSelector: .dropdown>a>img' in '30' second(s)

2021-11-18 11:19:27 - [MESSAGE][PASSED] - Object 'Object Repository/Kullanici_Islemleri/KullaniciIslemleri' is visible

2021-11-18 11:19:27 - [MESSAGE][PASSED] - Call Test Case 'Test Cases/Sayfalar/Giris_Sayfasi/Login' successfully

2021-11-18 11:19:27 - [MESSAGE][INFO] - Checking called Test Case

2021-11-18 11:19:27 - [MESSAGE][INFO] - Starting to call Test Case 'Test Cases/Menu/AnaMenuSecimi'

2021-11-18 11:19:27 - [TEST_CASE][PASSED] - Test Cases/Menu/AnaMenuSecimi: Test Cases/Menu/AnaMenuSecimi

2021-11-18 11:19:27 - [TEST_STEP][PASSED] - Method.TextDegerineEsitElementeTikla(findTestObject("Menu/Ana_Menu"), Ana_Menu): Method.TextDegerineEsitElementeTikla is PASSED

2021-11-18 11:19:27 - [MESSAGE][INFO] - Finding Test Object 'Object Repository/Menu/Ana_Menu'

2021-11-18 11:19:28 - [MESSAGE][INFO] - Checking timeout

2021-11-18 11:19:28 - [MESSAGE][INFO] - Finding web element with id: 'Object Repository/Menu/Ana_Menu' located by 'By.xpath: //*[@class = 'dropdown-toggle']' in '10' second(s)

2021-11-18 11:19:28 - [MESSAGE][INFO] - Smart Wait Function is triggered

2021-11-18 11:19:28 - [MESSAGE][INFO] - Found 14 web elements with id: 'Object Repository/Menu/Ana_Menu' located by 'By.xpath: //*[@class = 'dropdown-toggle']' in '10' second(s)

2021-11-18 11:19:28 - [MESSAGE][PASSED] - Method.TextDegerineEsitElementeTikla is PASSED

2021-11-18 11:19:28 - [MESSAGE][PASSED] - Call Test Case 'Test Cases/Menu/AnaMenuSecimi' successfully

2021-11-18 11:19:28 - [MESSAGE][INFO] - Checking called Test Case

2021-11-18 11:19:28 - [MESSAGE][INFO] - Starting to call Test Case 'Test Cases/Menu/BasligaGoreAltMenuSecimi'

2021-11-18 11:19:28 - [TEST_CASE][PASSED] - Test Cases/Menu/BasligaGoreAltMenuSecimi: Test Cases/Menu/BasligaGoreAltMenuSecimi

2021-11-18 11:19:28 - [TEST_STEP][PASSED] - Method.TextDegerineEsitElementinAltindakiTextDegerineEsitOlanaTikla(findTestObject("Menu/Menu_Basligi"), findTestObject("Menu/Basliga_Gore_Alt_Menu"), Baslik, Alt_Menu): Method.TextDegerineEsitElementinAltindakiTextDegerineEsitOlanaTikla is PASSED

2021-11-18 11:19:28 - [MESSAGE][INFO] - Finding Test Object 'Object Repository/Menu/Menu_Basligi'

2021-11-18 11:19:28 - [MESSAGE][INFO] - Finding Test Object 'Object Repository/Menu/Basliga_Gore_Alt_Menu'

2021-11-18 11:19:28 - [MESSAGE][INFO] - Checking timeout

2021-11-18 11:19:28 - [MESSAGE][INFO] - Finding web element with id: 'Object Repository/Menu/Menu_Basligi' located by 'By.xpath: //li[@class='dropdown dropdown-large open']//li[@class='dropdown-header']' in '10' second(s)

2021-11-18 11:19:28 - [MESSAGE][INFO] - Smart Wait Function is triggered

2021-11-18 11:19:29 - [MESSAGE][INFO] - Found 3 web elements with id: 'Object Repository/Menu/Menu_Basligi' located by 'By.xpath: //li[@class='dropdown dropdown-large open']//li[@class='dropdown-header']' in '10' second(s)

2021-11-18 11:19:29 - [MESSAGE][INFO] - Smart Wait Function is triggered

2021-11-18 11:19:31 - [MESSAGE][PASSED] - Method.TextDegerineEsitElementinAltindakiTextDegerineEsitOlanaTikla is PASSED

2021-11-18 11:19:31 - [MESSAGE][PASSED] - Call Test Case 'Test Cases/Menu/BasligaGoreAltMenuSecimi' successfully

2021-11-18 11:19:31 - [MESSAGE][INFO] - Checking called Test Case

2021-11-18 11:19:31 - [MESSAGE][INFO] - Starting to call Test Case 'Test Cases/Filtreler/BaslangicYaz'

2021-11-18 11:19:31 - [TEST_CASE][PASSED] - Test Cases/Filtreler/BaslangicYaz: Test Cases/Filtreler/BaslangicYaz

2021-11-18 11:19:32 - [TEST_STEP][PASSED] - delay(3): Delayed 3 second(s)

2021-11-18 11:19:32 - [MESSAGE][INFO] - Delaying browser in 3 second(s)

2021-11-18 11:19:35 - [MESSAGE][PASSED] - Delayed 3 second(s)

2021-11-18 11:19:35 - [TEST_STEP][PASSED] - Method.TextDegerineEsitElementinAltindakineTikla(findTestObject("Filtreler/Basliklar"), findTestObject("Filtreler/Basliga_Gore_Baslangic_Image"), Filtre_Adi): Method.TextDegerineEsitElementinAltindakineTikla is PASSED

2021-11-18 11:19:35 - [MESSAGE][INFO] - Finding Test Object 'Object Repository/Filtreler/Basliklar'

2021-11-18 11:19:35 - [MESSAGE][INFO] - Finding Test Object 'Object Repository/Filtreler/Basliga_Gore_Baslangic_Image'

2021-11-18 11:19:35 - [MESSAGE][INFO] - Checking timeout

2021-11-18 11:19:35 - [MESSAGE][INFO] - Finding web element with id: 'Object Repository/Filtreler/Basliklar' located by 'By.cssSelector: .control-label.col-sm-4.paddingMarginRLC' in '10' second(s)

2021-11-18 11:19:35 - [MESSAGE][INFO] - Smart Wait Function is triggered

2021-11-18 11:19:35 - [MESSAGE][INFO] - Found 13 web elements with id: 'Object Repository/Filtreler/Basliklar' located by 'By.cssSelector: .control-label.col-sm-4.paddingMarginRLC' in '10' second(s)

2021-11-18 11:19:35 - [MESSAGE][INFO] - Smart Wait Function is triggered

2021-11-18 11:19:35 - [MESSAGE][PASSED] - Method.TextDegerineEsitElementinAltindakineTikla is PASSED

2021-11-18 11:19:35 - [TEST_STEP][PASSED] - Method.TextDegerineEsitElementinAltindakiTextboxtaYaz(findTestObject("Filtreler/Basliklar"), findTestObject("Filtreler/Basliga_Gore_Baslangic"), Filtre_Adi, Filtre_Degeri): Method.TextDegerineEsitElementinAltindakiTextboxtaYaz is PASSED

2021-11-18 11:19:35 - [MESSAGE][INFO] - Finding Test Object 'Object Repository/Filtreler/Basliklar'

2021-11-18 11:19:36 - [MESSAGE][INFO] - Finding Test Object 'Object Repository/Filtreler/Basliga_Gore_Baslangic'

2021-11-18 11:19:36 - [MESSAGE][INFO] - Checking timeout

2021-11-18 11:19:36 - [MESSAGE][INFO] - Finding web element with id: 'Object Repository/Filtreler/Basliklar' located by 'By.cssSelector: .control-label.col-sm-4.paddingMarginRLC' in '10' second(s)

2021-11-18 11:19:36 - [MESSAGE][INFO] - Smart Wait Function is triggered

2021-11-18 11:19:36 - [MESSAGE][INFO] - Found 13 web elements with id: 'Object Repository/Filtreler/Basliklar' located by 'By.cssSelector: .control-label.col-sm-4.paddingMarginRLC' in '10' second(s)

2021-11-18 11:19:36 - [MESSAGE][INFO] - Smart Wait Function is triggered

2021-11-18 11:19:36 - [MESSAGE][PASSED] - Method.TextDegerineEsitElementinAltindakiTextboxtaYaz is PASSED

2021-11-18 11:19:36 - [MESSAGE][PASSED] - Call Test Case 'Test Cases/Filtreler/BaslangicYaz' successfully

2021-11-18 11:19:36 - [MESSAGE][INFO] - Checking called Test Case

2021-11-18 11:19:37 - [MESSAGE][INFO] - Starting to call Test Case 'Test Cases/Filtreler/BitisYaz'

2021-11-18 11:19:37 - [TEST_CASE][PASSED] - Test Cases/Filtreler/BitisYaz: Test Cases/Filtreler/BitisYaz

2021-11-18 11:19:37 - [TEST_STEP][PASSED] - Method.TextDegerineEsitElementinAltindakineTikla(findTestObject("Filtreler/Basliklar"), findTestObject("Filtreler/Basliga_Gore_Bitis_Image"), Filtre_Adi): Method.TextDegerineEsitElementinAltindakineTikla is PASSED

2021-11-18 11:19:37 - [MESSAGE][INFO] - Finding Test Object 'Object Repository/Filtreler/Basliklar'

2021-11-18 11:19:37 - [MESSAGE][INFO] - Finding Test Object 'Object Repository/Filtreler/Basliga_Gore_Bitis_Image'

2021-11-18 11:19:37 - [MESSAGE][INFO] - Checking timeout

2021-11-18 11:19:37 - [MESSAGE][INFO] - Finding web element with id: 'Object Repository/Filtreler/Basliklar' located by 'By.cssSelector: .control-label.col-sm-4.paddingMarginRLC' in '10' second(s)

2021-11-18 11:19:37 - [MESSAGE][INFO] - Smart Wait Function is triggered

2021-11-18 11:19:37 - [MESSAGE][INFO] - Found 13 web elements with id: 'Object Repository/Filtreler/Basliklar' located by 'By.cssSelector: .control-label.col-sm-4.paddingMarginRLC' in '10' second(s)

2021-11-18 11:19:37 - [MESSAGE][INFO] - Smart Wait Function is triggered

2021-11-18 11:19:37 - [MESSAGE][PASSED] - Method.TextDegerineEsitElementinAltindakineTikla is PASSED

2021-11-18 11:19:37 - [TEST_STEP][PASSED] - Method.TextDegerineEsitElementinAltindakiTextboxtaYaz(findTestObject("Filtreler/Basliklar"), findTestObject("Object Repository/Filtreler/Basliga_Gore_Bitis"), Filtre_Adi, Filtre_Degeri): Method.TextDegerineEsitElementinAltindakiTextboxtaYaz is PASSED

2021-11-18 11:19:37 - [MESSAGE][INFO] - Finding Test Object 'Object Repository/Filtreler/Basliklar'

2021-11-18 11:19:37 - [MESSAGE][INFO] - Finding Test Object 'Object Repository/Filtreler/Basliga_Gore_Bitis'

2021-11-18 11:19:38 - [MESSAGE][INFO] - Checking timeout

2021-11-18 11:19:38 - [MESSAGE][INFO] - Finding web element with id: 'Object Repository/Filtreler/Basliklar' located by 'By.cssSelector: .control-label.col-sm-4.paddingMarginRLC' in '10' second(s)

2021-11-18 11:19:38 - [MESSAGE][INFO] - Smart Wait Function is triggered

2021-11-18 11:19:38 - [MESSAGE][INFO] - Found 13 web elements with id: 'Object Repository/Filtreler/Basliklar' located by 'By.cssSelector: .control-label.col-sm-4.paddingMarginRLC' in '10' second(s)

2021-11-18 11:19:38 - [MESSAGE][INFO] - Smart Wait Function is triggered

2021-11-18 11:19:38 - [MESSAGE][PASSED] - Method.TextDegerineEsitElementinAltindakiTextboxtaYaz is PASSED

2021-11-18 11:19:38 - [MESSAGE][PASSED] - Call Test Case 'Test Cases/Filtreler/BitisYaz' successfully

2021-11-18 11:19:38 - [MESSAGE][INFO] - Checking called Test Case

2021-11-18 11:19:38 - [MESSAGE][INFO] - Starting to call Test Case 'Test Cases/Filtreler/ButonaTikla'

2021-11-18 11:19:39 - [TEST_CASE][PASSED] - Test Cases/Filtreler/ButonaTikla: Test Cases/Filtreler/ButonaTikla

2021-11-18 11:19:39 - [TEST_STEP][PASSED] - Method.TextDegerineEsitElementeTikla(findTestObject("Filtreler/Butonlar"), Filtre_Buton): Method.TextDegerineEsitElementeTikla is PASSED

2021-11-18 11:19:39 - [MESSAGE][INFO] - Finding Test Object 'Object Repository/Filtreler/Butonlar'

2021-11-18 11:19:39 - [MESSAGE][INFO] - Checking timeout

2021-11-18 11:19:39 - [MESSAGE][INFO] - Finding web element with id: 'Object Repository/Filtreler/Butonlar' located by 'By.cssSelector: .dxb>span' in '10' second(s)

2021-11-18 11:19:39 - [MESSAGE][INFO] - Smart Wait Function is triggered

2021-11-18 11:19:39 - [MESSAGE][INFO] - Found 3 web elements with id: 'Object Repository/Filtreler/Butonlar' located by 'By.cssSelector: .dxb>span' in '10' second(s)

2021-11-18 11:19:39 - [MESSAGE][PASSED] - Method.TextDegerineEsitElementeTikla is PASSED

2021-11-18 11:19:39 - [MESSAGE][PASSED] - Call Test Case 'Test Cases/Filtreler/ButonaTikla' successfully

2021-11-18 11:19:39 - [MESSAGE][INFO] - Checking called Test Case

2021-11-18 11:19:39 - [MESSAGE][INFO] - Starting to call Test Case 'Test Cases/Tablo/TablodaVeriVarMi'

2021-11-18 11:19:39 - [TEST_CASE][PASSED] - Test Cases/Tablo/TablodaVeriVarMi: Test Cases/Tablo/TablodaVeriVarMi

2021-11-18 11:19:39 - [TEST_STEP][PASSED] - verifyTextNotPresent("Görüntülenecek veri yok", true): Text 'Görüntülenecek veri yok' is not present on page using regular expression

2021-11-18 11:19:39 - [MESSAGE][INFO] - Checking text present  using regular expression

2021-11-18 11:19:39 - [MESSAGE][INFO] - Smart Wait Function is triggered

2021-11-18 11:19:40 - [MESSAGE][INFO] - Finding text 'Görüntülenecek veri yok' on page  using regular expression

2021-11-18 11:19:40 - [MESSAGE][PASSED] - Text 'Görüntülenecek veri yok' is not present on page using regular expression

2021-11-18 11:19:40 - [MESSAGE][PASSED] - Call Test Case 'Test Cases/Tablo/TablodaVeriVarMi' successfully

2021-11-18 11:19:40 - [MESSAGE][INFO] - Checking called Test Case

2021-11-18 11:19:40 - [MESSAGE][INFO] - Starting to call Test Case 'Test Cases/Tablo/TablodanVeriSec'

2021-11-18 11:19:40 - [TEST_CASE][PASSED] - Test Cases/Tablo/TablodanVeriSec: Test Cases/Tablo/TablodanVeriSec

2021-11-18 11:19:40 - [TEST_STEP][PASSED] - Method.TextDegerineEsitElementinAltindakineTikla(findTestObject("Tablo/Veriler"), findTestObject("Tablo/VerininCheckBoxi"), Veri_Adi): Method.TextDegerineEsitElementinAltindakineTikla is PASSED

2021-11-18 11:19:40 - [MESSAGE][INFO] - Finding Test Object 'Object Repository/Tablo/Veriler'

2021-11-18 11:19:40 - [MESSAGE][INFO] - Finding Test Object 'Object Repository/Tablo/VerininCheckBoxi'

2021-11-18 11:19:40 - [MESSAGE][INFO] - Checking timeout

2021-11-18 11:19:40 - [MESSAGE][INFO] - Finding web element with id: 'Object Repository/Tablo/Veriler' located by 'By.cssSelector: td.dxgv b ,td.dxgv' in '10' second(s)

2021-11-18 11:19:40 - [MESSAGE][INFO] - Smart Wait Function is triggered

2021-11-18 11:19:41 - [MESSAGE][INFO] - Found 27 web elements with id: 'Object Repository/Tablo/Veriler' located by 'By.cssSelector: td.dxgv b ,td.dxgv' in '10' second(s)

2021-11-18 11:19:41 - [MESSAGE][INFO] - Smart Wait Function is triggered

2021-11-18 11:19:41 - [MESSAGE][PASSED] - Method.TextDegerineEsitElementinAltindakineTikla is PASSED

2021-11-18 11:19:41 - [MESSAGE][PASSED] - Call Test Case 'Test Cases/Tablo/TablodanVeriSec' successfully

2021-11-18 11:19:41 - [MESSAGE][INFO] - Checking called Test Case

2021-11-18 11:19:41 - [MESSAGE][INFO] - Starting to call Test Case 'Test Cases/Butonlar/ButonaTikla'

2021-11-18 11:19:41 - [TEST_CASE][PASSED] - Test Cases/Butonlar/ButonaTikla: Test Cases/Butonlar/ButonaTikla

2021-11-18 11:19:41 - [TEST_STEP][PASSED] - Method.TextDegerineEsitElementeTiklaEquals(findTestObject("Butonlar/Butonlar"), Buton_Adi): Method.TextDegerineEsitElementeTiklaEquals is PASSED

2021-11-18 11:19:41 - [MESSAGE][INFO] - Finding Test Object 'Object Repository/Butonlar/Butonlar'

2021-11-18 11:19:41 - [MESSAGE][INFO] - Checking timeout

2021-11-18 11:19:41 - [MESSAGE][INFO] - Finding web element with id: 'Object Repository/Butonlar/Butonlar' located by 'By.cssSelector: .panel.panel-default.text-center.footerPanel .btn,.btn.btn-primary.btnControls' in '10' second(s)

2021-11-18 11:19:41 - [MESSAGE][INFO] - Smart Wait Function is triggered

2021-11-18 11:19:41 - [MESSAGE][INFO] - Found 6 web elements with id: 'Object Repository/Butonlar/Butonlar' located by 'By.cssSelector: .panel.panel-default.text-center.footerPanel .btn,.btn.btn-primary.btnControls' in '10' second(s)

2021-11-18 11:19:41 - [MESSAGE][PASSED] - Method.TextDegerineEsitElementeTiklaEquals is PASSED

2021-11-18 11:19:41 - [MESSAGE][PASSED] - Call Test Case 'Test Cases/Butonlar/ButonaTikla' successfully

2021-11-18 11:19:41 - [MESSAGE][INFO] - Checking called Test Case

2021-11-18 11:19:41 - [MESSAGE][INFO] - Starting to call Test Case 'Test Cases/Butonlar/AltButonaTikla'

2021-11-18 11:19:42 - [TEST_CASE][PASSED] - Test Cases/Butonlar/AltButonaTikla: Test Cases/Butonlar/AltButonaTikla

2021-11-18 11:19:42 - [TEST_STEP][PASSED] - Method.TextDegerineEsitElementeTikla(findTestObject("Butonlar/AltButonlar"), Alt_Buton): Method.TextDegerineEsitElementeTikla is PASSED

2021-11-18 11:19:42 - [MESSAGE][INFO] - Finding Test Object 'Object Repository/Butonlar/AltButonlar'

2021-11-18 11:19:42 - [MESSAGE][INFO] - Checking timeout

2021-11-18 11:19:42 - [MESSAGE][INFO] - Finding web element with id: 'Object Repository/Butonlar/AltButonlar' located by 'By.cssSelector: .btn-group.open li>a' in '10' second(s)

2021-11-18 11:19:42 - [MESSAGE][INFO] - Smart Wait Function is triggered

2021-11-18 11:19:42 - [MESSAGE][INFO] - Found 2 web elements with id: 'Object Repository/Butonlar/AltButonlar' located by 'By.cssSelector: .btn-group.open li>a' in '10' second(s)

2021-11-18 11:19:42 - [MESSAGE][PASSED] - Method.TextDegerineEsitElementeTikla is PASSED

2021-11-18 11:19:42 - [MESSAGE][PASSED] - Call Test Case 'Test Cases/Butonlar/AltButonaTikla' successfully

2021-11-18 11:19:42 - [MESSAGE][INFO] - Checking called Test Case

2021-11-18 11:19:42 - [MESSAGE][INFO] - Starting to call Test Case 'Test Cases/Sekmeler/YeniSekmeyeGec'

2021-11-18 11:19:42 - [TEST_CASE][PASSED] - Test Cases/Sekmeler/YeniSekmeyeGec: Test Cases/Sekmeler/YeniSekmeyeGec

2021-11-18 11:19:42 - [TEST_STEP][PASSED] - switchToWindowIndex(1): Switched to window with index: '1'

2021-11-18 11:19:42 - [MESSAGE][INFO] - Checking index

2021-11-18 11:19:42 - [MESSAGE][INFO] - Switching window with index: '1'

2021-11-18 11:19:42 - [MESSAGE][PASSED] - Switched to window with index: '1'

2021-11-18 11:19:42 - [MESSAGE][PASSED] - Call Test Case 'Test Cases/Sekmeler/YeniSekmeyeGec' successfully

2021-11-18 11:19:42 - [MESSAGE][INFO] - Checking called Test Case

2021-11-18 11:19:42 - [MESSAGE][INFO] - Starting to call Test Case 'Test Cases/Sekmeler/TagGeldiMi'

2021-11-18 11:19:42 - [TEST_CASE][PASSED] - Test Cases/Sekmeler/TagGeldiMi: Test Cases/Sekmeler/TagGeldiMi

2021-11-18 11:19:42 - [TEST_STEP][PASSED] - waitForElementPresent(findTestObject("Object Repository/Sekmeler/UBLTag"), 10): Object 'Object Repository/Sekmeler/UBLTag' is present

2021-11-18 11:19:42 - [MESSAGE][INFO] - Finding Test Object 'Object Repository/Sekmeler/UBLTag'

2021-11-18 11:19:42 - [MESSAGE][INFO] - Checking object

2021-11-18 11:19:42 - [MESSAGE][INFO] - Finding web element from Test Object's properties

2021-11-18 11:19:42 - [MESSAGE][INFO] - Checking timeout

2021-11-18 11:19:42 - [MESSAGE][INFO] - Finding web element with id: 'Object Repository/Sekmeler/UBLTag' located by 'By.cssSelector: #webkit-xml-viewer-source-xml>:first-child' in '10' second(s)

2021-11-18 11:19:42 - [MESSAGE][INFO] - Smart Wait Function is triggered

2021-11-18 11:19:43 - [MESSAGE][INFO] - Found 1 web elements with id: 'Object Repository/Sekmeler/UBLTag' located by 'By.cssSelector: #webkit-xml-viewer-source-xml>:first-child' in '10' second(s)

2021-11-18 11:19:43 - [MESSAGE][PASSED] - Object 'Object Repository/Sekmeler/UBLTag' is present

2021-11-18 11:19:43 - [TEST_STEP][PASSED] - println(toLowerCase().toString()): Found 1 web elements with id: 'Object Repository/Sekmeler/UBLTag' located by 'By.cssSelector: #webkit-xml-viewer-source-xml>:first-child' in '10' second(s)

2021-11-18 11:19:43 - [MESSAGE][INFO] - Finding Test Object 'Object Repository/Sekmeler/UBLTag'

2021-11-18 11:19:43 - [MESSAGE][INFO] - Finding web element from Test Object's properties

2021-11-18 11:19:43 - [MESSAGE][INFO] - Checking timeout

2021-11-18 11:19:43 - [MESSAGE][INFO] - Finding web element with id: 'Object Repository/Sekmeler/UBLTag' located by 'By.cssSelector: #webkit-xml-viewer-source-xml>:first-child' in '10' second(s)

2021-11-18 11:19:43 - [MESSAGE][INFO] - Smart Wait Function is triggered

2021-11-18 11:19:43 - [MESSAGE][INFO] - Found 1 web elements with id: 'Object Repository/Sekmeler/UBLTag' located by 'By.cssSelector: #webkit-xml-viewer-source-xml>:first-child' in '10' second(s)

2021-11-18 11:19:43 - [TEST_STEP][PASSED] - if (!(toString().contains(toString().toLowerCase()))): Found 1 web elements with id: 'Object Repository/Sekmeler/UBLTag' located by 'By.cssSelector: #webkit-xml-viewer-source-xml>:first-child' in '10' second(s)

2021-11-18 11:19:43 - [MESSAGE][INFO] - Finding Test Object 'Object Repository/Sekmeler/UBLTag'

2021-11-18 11:19:43 - [MESSAGE][INFO] - Finding web element from Test Object's properties

2021-11-18 11:19:43 - [MESSAGE][INFO] - Checking timeout

2021-11-18 11:19:43 - [MESSAGE][INFO] - Finding web element with id: 'Object Repository/Sekmeler/UBLTag' located by 'By.cssSelector: #webkit-xml-viewer-source-xml>:first-child' in '10' second(s)

2021-11-18 11:19:43 - [MESSAGE][INFO] - Smart Wait Function is triggered

2021-11-18 11:19:43 - [MESSAGE][INFO] - Found 1 web elements with id: 'Object Repository/Sekmeler/UBLTag' located by 'By.cssSelector: #webkit-xml-viewer-source-xml>:first-child' in '10' second(s)

2021-11-18 11:19:43 - [MESSAGE][PASSED] - Call Test Case 'Test Cases/Sekmeler/TagGeldiMi' successfully

2021-11-18 11:19:43 - [MESSAGE][INFO] - Checking called Test Case

2021-11-18 11:19:43 - [MESSAGE][INFO] - Starting to call Test Case 'Test Cases/Sekmeler/Ana_Sekmeye_Gec'

2021-11-18 11:19:43 - [TEST_CASE][PASSED] - Test Cases/Sekmeler/Ana_Sekmeye_Gec: Test Cases/Sekmeler/Ana_Sekmeye_Gec

2021-11-18 11:19:43 - [TEST_STEP][PASSED] - try: Window with index 1 is closed

2021-11-18 11:19:43 - [TEST_STEP][PASSED] - index = getWindowIndex(): Current window's index is: 1

2021-11-18 11:19:43 - [MESSAGE][INFO] - Getting current window's index

2021-11-18 11:19:43 - [MESSAGE][PASSED] - Current window's index is: 1

2021-11-18 11:19:43 - [TEST_STEP][PASSED] - closeWindowIndex(index): Window with index 1 is closed

2021-11-18 11:19:43 - [MESSAGE][INFO] - Checking index

2021-11-18 11:19:43 - [MESSAGE][INFO] - Closing window with index 1

2021-11-18 11:19:43 - [MESSAGE][PASSED] - Window with index 1 is closed

2021-11-18 11:19:43 - [TEST_STEP][PASSED] - switchToWindowIndex(0): Switched to window with index: '0'

2021-11-18 11:19:43 - [MESSAGE][INFO] - Checking index

2021-11-18 11:19:43 - [MESSAGE][INFO] - Switching window with index: '0'

2021-11-18 11:19:43 - [MESSAGE][PASSED] - Switched to window with index: '0'

2021-11-18 11:19:43 - [MESSAGE][PASSED] - Call Test Case 'Test Cases/Sekmeler/Ana_Sekmeye_Gec' successfully

2021-11-18 11:19:43 - [MESSAGE][INFO] - Checking called Test Case

2021-11-18 11:19:43 - [MESSAGE][INFO] - Starting to call Test Case 'Test Cases/Butonlar/ButonaTikla'

2021-11-18 11:19:43 - [TEST_CASE][PASSED] - Test Cases/Butonlar/ButonaTikla: Test Cases/Butonlar/ButonaTikla

2021-11-18 11:19:43 - [TEST_STEP][PASSED] - Method.TextDegerineEsitElementeTiklaEquals(findTestObject("Butonlar/Butonlar"), Buton_Adi): Method.TextDegerineEsitElementeTiklaEquals is PASSED

2021-11-18 11:19:43 - [MESSAGE][INFO] - Finding Test Object 'Object Repository/Butonlar/Butonlar'

2021-11-18 11:19:43 - [MESSAGE][INFO] - Checking timeout

2021-11-18 11:19:43 - [MESSAGE][INFO] - Finding web element with id: 'Object Repository/Butonlar/Butonlar' located by 'By.cssSelector: .panel.panel-default.text-center.footerPanel .btn,.btn.btn-primary.btnControls' in '10' second(s)

2021-11-18 11:19:43 - [MESSAGE][INFO] - Smart Wait Function is triggered

2021-11-18 11:19:43 - [MESSAGE][INFO] - Found 6 web elements with id: 'Object Repository/Butonlar/Butonlar' located by 'By.cssSelector: .panel.panel-default.text-center.footerPanel .btn,.btn.btn-primary.btnControls' in '10' second(s)

2021-11-18 11:19:44 - [MESSAGE][PASSED] - Method.TextDegerineEsitElementeTiklaEquals is PASSED

2021-11-18 11:19:44 - [MESSAGE][PASSED] - Call Test Case 'Test Cases/Butonlar/ButonaTikla' successfully

2021-11-18 11:19:44 - [MESSAGE][INFO] - Checking called Test Case

2021-11-18 11:19:44 - [MESSAGE][INFO] - Starting to call Test Case 'Test Cases/Butonlar/AltButonaTikla'

2021-11-18 11:19:44 - [TEST_CASE][PASSED] - Test Cases/Butonlar/AltButonaTikla: Test Cases/Butonlar/AltButonaTikla

2021-11-18 11:19:44 - [TEST_STEP][PASSED] - Method.TextDegerineEsitElementeTikla(findTestObject("Butonlar/AltButonlar"), Alt_Buton): Method.TextDegerineEsitElementeTikla is PASSED

2021-11-18 11:19:44 - [MESSAGE][INFO] - Finding Test Object 'Object Repository/Butonlar/AltButonlar'

2021-11-18 11:19:44 - [MESSAGE][INFO] - Checking timeout

2021-11-18 11:19:44 - [MESSAGE][INFO] - Finding web element with id: 'Object Repository/Butonlar/AltButonlar' located by 'By.cssSelector: .btn-group.open li>a' in '10' second(s)

2021-11-18 11:19:44 - [MESSAGE][INFO] - Smart Wait Function is triggered

2021-11-18 11:19:44 - [MESSAGE][INFO] - Found 2 web elements with id: 'Object Repository/Butonlar/AltButonlar' located by 'By.cssSelector: .btn-group.open li>a' in '10' second(s)

2021-11-18 11:19:44 - [MESSAGE][PASSED] - Method.TextDegerineEsitElementeTikla is PASSED

2021-11-18 11:19:44 - [MESSAGE][PASSED] - Call Test Case 'Test Cases/Butonlar/AltButonaTikla' successfully

2021-11-18 11:19:44 - [MESSAGE][INFO] - Checking called Test Case

2021-11-18 11:19:44 - [MESSAGE][INFO] - Starting to call Test Case 'Test Cases/Butonlar/DosyaIndirildiMi'

2021-11-18 11:19:44 - [TEST_CASE][PASSED] - Test Cases/Butonlar/DosyaIndirildiMi: Test Cases/Butonlar/DosyaIndirildiMi

2021-11-18 11:19:44 - [TEST_STEP][PASSED] - Method.isimliDosyaIndirildiMi(DownloadFile, FileName): Method.isimliDosyaIndirildiMi is PASSED

2021-11-18 11:19:44 - [MESSAGE][INFO] - Delaying browser in 3 second(s)

2021-11-18 11:19:47 - [MESSAGE][PASSED] - Delayed 3 second(s)

2021-11-18 11:19:47 - [MESSAGE][PASSED] - Method.isimliDosyaIndirildiMi is PASSED

2021-11-18 11:19:47 - [MESSAGE][PASSED] - Call Test Case 'Test Cases/Butonlar/DosyaIndirildiMi' successfully

2021-11-18 11:19:47 - [MESSAGE][INFO] - Checking called Test Case

2021-11-18 11:19:47 - [MESSAGE][INFO] - Starting to call Test Case 'Test Cases/Kullanici_Islemleri/KullaniciIslemlerindenSecimYapilir'

2021-11-18 11:19:47 - [TEST_CASE][PASSED] - Test Cases/Kullanici_Islemleri/KullaniciIslemlerindenSecimYapilir: Test Cases/Kullanici_Islemleri/KullaniciIslemlerindenSecimYapilir

2021-11-18 11:19:47 - [TEST_STEP][PASSED] - waitForElementClickable(findTestObject("Object Repository/Kullanici_Islemleri/KullaniciIslemleri"), 10): Object 'Object Repository/Kullanici_Islemleri/KullaniciIslemleri' is clickable

2021-11-18 11:19:47 - [MESSAGE][INFO] - Finding Test Object 'Object Repository/Kullanici_Islemleri/KullaniciIslemleri'

2021-11-18 11:19:48 - [MESSAGE][INFO] - Checking object

2021-11-18 11:19:48 - [MESSAGE][INFO] - Checking timeout

2021-11-18 11:19:48 - [MESSAGE][INFO] - Finding web element from Test Object's properties

2021-11-18 11:19:48 - [MESSAGE][INFO] - Checking timeout

2021-11-18 11:19:48 - [MESSAGE][INFO] - Finding web element with id: 'Object Repository/Kullanici_Islemleri/KullaniciIslemleri' located by 'By.cssSelector: .dropdown>a>img' in '10' second(s)

2021-11-18 11:19:48 - [MESSAGE][INFO] - Smart Wait Function is triggered

2021-11-18 11:19:48 - [MESSAGE][INFO] - Found 1 web elements with id: 'Object Repository/Kullanici_Islemleri/KullaniciIslemleri' located by 'By.cssSelector: .dropdown>a>img' in '10' second(s)

2021-11-18 11:19:48 - [MESSAGE][PASSED] - Object 'Object Repository/Kullanici_Islemleri/KullaniciIslemleri' is clickable

2021-11-18 11:19:48 - [TEST_STEP][PASSED] - click(findTestObject("Object Repository/Kullanici_Islemleri/KullaniciIslemleri")): Object: 'Object Repository/Kullanici_Islemleri/KullaniciIslemleri' is clicked on

2021-11-18 11:19:48 - [MESSAGE][INFO] - Finding Test Object 'Object Repository/Kullanici_Islemleri/KullaniciIslemleri'

2021-11-18 11:19:48 - [MESSAGE][INFO] - Checking object

2021-11-18 11:19:48 - [MESSAGE][INFO] - Finding web element from Test Object's properties

2021-11-18 11:19:48 - [MESSAGE][INFO] - Checking timeout

2021-11-18 11:19:48 - [MESSAGE][INFO] - Finding web element with id: 'Object Repository/Kullanici_Islemleri/KullaniciIslemleri' located by 'By.cssSelector: .dropdown>a>img' in '30' second(s)

2021-11-18 11:19:48 - [MESSAGE][INFO] - Smart Wait Function is triggered

2021-11-18 11:19:48 - [MESSAGE][INFO] - Found 1 web elements with id: 'Object Repository/Kullanici_Islemleri/KullaniciIslemleri' located by 'By.cssSelector: .dropdown>a>img' in '30' second(s)

2021-11-18 11:19:48 - [MESSAGE][INFO] - Clicking on object: 'Object Repository/Kullanici_Islemleri/KullaniciIslemleri'

2021-11-18 11:19:48 - [MESSAGE][PASSED] - Object: 'Object Repository/Kullanici_Islemleri/KullaniciIslemleri' is clicked on

2021-11-18 11:19:48 - [TEST_STEP][PASSED] - Method.TextDegerineEsitElementeTikla(findTestObject("Object Repository/Kullanici_Islemleri/Secenekler"), Islem): Method.TextDegerineEsitElementeTikla is PASSED

2021-11-18 11:19:48 - [MESSAGE][INFO] - Finding Test Object 'Object Repository/Kullanici_Islemleri/Secenekler'

2021-11-18 11:19:48 - [MESSAGE][INFO] - Checking timeout

2021-11-18 11:19:48 - [MESSAGE][INFO] - Finding web element with id: 'Object Repository/Kullanici_Islemleri/Secenekler' located by 'By.cssSelector: .nav.navbar-nav.navbar-right li a' in '10' second(s)

2021-11-18 11:19:48 - [MESSAGE][INFO] - Smart Wait Function is triggered

2021-11-18 11:19:49 - [MESSAGE][INFO] - Found 22 web elements with id: 'Object Repository/Kullanici_Islemleri/Secenekler' located by 'By.cssSelector: .nav.navbar-nav.navbar-right li a' in '10' second(s)

2021-11-18 11:19:50 - [MESSAGE][PASSED] - Method.TextDegerineEsitElementeTikla is PASSED

2021-11-18 11:19:50 - [TEST_STEP][PASSED] - verifyElementNotPresent(findTestObject("Object Repository/Kullanici_Islemleri/Secenekler"), 10): Web element with id: 'Object Repository/Kullanici_Islemleri/Secenekler' located by 'By.cssSelector: .nav.navbar-nav.navbar-right li a' is not present after '10' second(s)

2021-11-18 11:19:50 - [MESSAGE][INFO] - Finding Test Object 'Object Repository/Kullanici_Islemleri/Secenekler'

2021-11-18 11:19:50 - [MESSAGE][INFO] - Checking object

2021-11-18 11:19:50 - [MESSAGE][INFO] - Checking timeout

2021-11-18 11:19:50 - [MESSAGE][INFO] - Finding web element with id: 'Object Repository/Kullanici_Islemleri/Secenekler' located by 'By.cssSelector: .nav.navbar-nav.navbar-right li a' in '10' second(s)

2021-11-18 11:19:50 - [MESSAGE][INFO] - Smart Wait Function is triggered

2021-11-18 11:19:51 - [MESSAGE][PASSED] - Web element with id: 'Object Repository/Kullanici_Islemleri/Secenekler' located by 'By.cssSelector: .nav.navbar-nav.navbar-right li a' is not present after '10' second(s)

2021-11-18 11:19:51 - [MESSAGE][PASSED] - Call Test Case 'Test Cases/Kullanici_Islemleri/KullaniciIslemlerindenSecimYapilir' successfully

2021-11-18 11:19:51 - [TEST_CASE][PASSED] - Start Test Case : SCENARIO e-Irsaliye Gelen Kutusu Uygulama Yanıtlari UBL - Goster: SCENARIO e-Irsaliye Gelen Kutusu Uygulama Yanıtlari UBL - Goster

2021-11-18 11:19:51 - [TEST_STEP][PASSED] - Kullanıcı adı ELOGO6 ve Şifre 123456 olarak giriş yapılır: Kullanıcı adı ELOGO6 ve Şifre 123456 olarak giriş yapılır

2021-11-18 11:19:51 - [MESSAGE][PASSED] - Kullanıcı adı ELOGO6 ve Şifre 123456 olarak giriş yapılır

2021-11-18 11:19:51 - [TEST_STEP][PASSED] - Ana menüden e-İrsaliye seçilir: Ana menüden e-İrsaliye seçilir

2021-11-18 11:19:51 - [MESSAGE][PASSED] - Ana menüden e-İrsaliye seçilir

2021-11-18 11:19:51 - [TEST_STEP][PASSED] - Alt menü Gelen Kutusu başlığı altındaki İrsaliye Yanıtları seçilir: Alt menü Gelen Kutusu başlığı altındaki İrsaliye Yanıtları seçilir

2021-11-18 11:19:51 - [MESSAGE][PASSED] - Alt menü Gelen Kutusu başlığı altındaki İrsaliye Yanıtları seçilir

2021-11-18 11:19:51 - [TEST_STEP][PASSED] - Filtrelerden Oluşturma Tarihi filtresine 01.01.2020 baslangic degerini yaz: Filtrelerden Oluşturma Tarihi filtresine 01.01.2020 baslangic degerini yaz

2021-11-18 11:19:51 - [MESSAGE][PASSED] - Filtrelerden Oluşturma Tarihi filtresine 01.01.2020 baslangic degerini yaz

2021-11-18 11:19:51 - [TEST_STEP][PASSED] - Filtrelerden Oluşturma Tarihi filtresine 31.12.2020 bitis degerini yaz: Filtrelerden Oluşturma Tarihi filtresine 31.12.2020 bitis degerini yaz

2021-11-18 11:19:51 - [MESSAGE][PASSED] - Filtrelerden Oluşturma Tarihi filtresine 31.12.2020 bitis degerini yaz

2021-11-18 11:19:51 - [TEST_STEP][PASSED] - Filtre butonlarından Listele seçilir: Filtre butonlarından Listele seçilir

2021-11-18 11:19:51 - [MESSAGE][PASSED] - Filtre butonlarından Listele seçilir

2021-11-18 11:19:51 - [TEST_STEP][PASSED] - Tabloda veri var mı kontrol edilir: Tabloda veri var mı kontrol edilir

2021-11-18 11:19:51 - [MESSAGE][PASSED] - Tabloda veri var mı kontrol edilir

2021-11-18 11:19:51 - [TEST_STEP][PASSED] - Tablodan ELOGO TEST isimli veri seçilir: Tablodan ELOGO TEST isimli veri seçilir

2021-11-18 11:19:51 - [MESSAGE][PASSED] - Tablodan ELOGO TEST isimli veri seçilir

2021-11-18 11:19:51 - [TEST_STEP][PASSED] - Butonlardan UBL isimli butona tıklanır: Butonlardan UBL isimli butona tıklanır

2021-11-18 11:19:51 - [MESSAGE][PASSED] - Butonlardan UBL isimli butona tıklanır

2021-11-18 11:19:51 - [TEST_STEP][PASSED] - Alt butonlardan Göster butonuna tıklanır: Alt butonlardan Göster butonuna tıklanır

2021-11-18 11:19:51 - [MESSAGE][PASSED] - Alt butonlardan Göster butonuna tıklanır

2021-11-18 11:19:51 - [TEST_STEP][PASSED] - Yeni açılan sekmeye geçilir: Yeni açılan sekmeye geçilir

2021-11-18 11:19:51 - [MESSAGE][PASSED] - Yeni açılan sekmeye geçilir

2021-11-18 11:19:51 - [TEST_STEP][PASSED] - ReceiptAdvice tagli ubl geldi mi: ReceiptAdvice tagli ubl geldi mi

2021-11-18 11:19:51 - [MESSAGE][PASSED] - ReceiptAdvice tagli ubl geldi mi

2021-11-18 11:19:51 - [TEST_STEP][PASSED] - Ana sekmeye geçilir: Ana sekmeye geçilir

2021-11-18 11:19:51 - [MESSAGE][PASSED] - Ana sekmeye geçilir

2021-11-18 11:19:51 - [TEST_STEP][PASSED] - Butonlardan UBL isimli butona tıklanır: Butonlardan UBL isimli butona tıklanır

2021-11-18 11:19:51 - [MESSAGE][PASSED] - Butonlardan UBL isimli butona tıklanır

2021-11-18 11:19:51 - [TEST_STEP][PASSED] - Alt butonlardan İndir butonuna tıklanır: Alt butonlardan İndir butonuna tıklanır

2021-11-18 11:19:51 - [MESSAGE][PASSED] - Alt butonlardan İndir butonuna tıklanır

2021-11-18 11:19:51 - [TEST_STEP][PASSED] - Ön eki ReceiptAdvice olan dosya indirildi mi: Ön eki ReceiptAdvice olan dosya indirildi mi

2021-11-18 11:19:51 - [MESSAGE][PASSED] - Ön eki ReceiptAdvice olan dosya indirildi mi

2021-11-18 11:19:51 - [TEST_STEP][PASSED] - Kullanıcı işlemlerinden Çıkış seçilir: Kullanıcı işlemlerinden Çıkış seçilir

2021-11-18 11:19:51 - [MESSAGE][PASSED] - Kullanıcı işlemlerinden Çıkış seçilir

2021-11-18 11:19:51 - [MESSAGE][PASSED] - Feature file: 'Include/features/e-Irsaliye/Gelen Kutusu/Irsaliye Yanitlari/UBL-Goster-Indir.feature' was passed

2021-11-18 11:19:51 - [TEST_STEP][PASSED] - Start listener action : sampleAfterTestSuite: Invoke 'com.kms.katalon.core.annotation.AfterTestCase' method: 'Listener.sampleAfterTestSuite(...)' completed.

2021-11-18 11:19:51 - [MESSAGE][INFO] - Starting invoke 'com.kms.katalon.core.annotation.AfterTestCase' method: 'Listener.sampleAfterTestSuite(...)'

2021-11-18 11:19:51 - [TEST_STEP][PASSED] - closeBrowser(): Invoke 'com.kms.katalon.core.annotation.AfterTestCase' method: 'Listener.sampleAfterTestSuite(...)' completed.

2021-11-18 11:19:51 - [MESSAGE][INFO] - Closing browser

2021-11-18 11:19:52 - [MESSAGE][PASSED] - Browser is closed

2021-11-18 11:19:52 - [MESSAGE][INFO] - Invoke 'com.kms.katalon.core.annotation.AfterTestCase' method: 'Listener.sampleAfterTestSuite(...)' completed.]]></system-out>
         <system-err><![CDATA[]]></system-err>
      </testcase>
      <testcase name="Test Cases/Case Repository/e-Irsaliye/Gelen Kutusu/Irsaliyeler/Departman Ata_Geri Al" time="48.805" classname="Test Cases/Case Repository/e-Irsaliye/Gelen Kutusu/Irsaliyeler/Departman Ata_Geri Al" status="PASSED">
         <system-out><![CDATA[2021-11-18 11:19:52 - [TEST_CASE][PASSED] - Test Cases/Case Repository/e-Irsaliye/Gelen Kutusu/Irsaliyeler/Departman Ata_Geri Al: Test Cases/Case Repository/e-Irsaliye/Gelen Kutusu/Irsaliyeler/Departman Ata_Geri Al

2021-11-18 11:19:52 - [TEST_STEP][PASSED] - Start listener action : sampleBeforeTestSuite: Invoke 'com.kms.katalon.core.annotation.BeforeTestCase' method: 'Listener.sampleBeforeTestSuite(...)' completed.

2021-11-18 11:19:52 - [MESSAGE][INFO] - Starting invoke 'com.kms.katalon.core.annotation.BeforeTestCase' method: 'Listener.sampleBeforeTestSuite(...)'

2021-11-18 11:19:52 - [TEST_STEP][PASSED] - openBrowser(baseUrl): Browser is opened with url: 'https://efatura-stage.elogo.com.tr/'

2021-11-18 11:19:52 - [MESSAGE][INFO] - Opening browser

2021-11-18 11:19:52 - [MESSAGE][INFO] - Starting 'Chrome' driver

2021-11-18 11:19:52 - [MESSAGE][INFO] - User set preference: ['prefs', '{download.default_directory=C:\otomasyondownfiles}']

2021-11-18 11:19:52 - [MESSAGE][INFO] - Action delay is set to 0 milliseconds

2021-11-18 11:19:53 - [MESSAGE][INFO] - Navigating browser to: 'https://efatura-stage.elogo.com.tr/'

2021-11-18 11:19:58 - [MESSAGE][PASSED] - Browser is opened with url: 'https://efatura-stage.elogo.com.tr/'

2021-11-18 11:19:58 - [TEST_STEP][PASSED] - maximizeWindow(): Invoke 'com.kms.katalon.core.annotation.BeforeTestCase' method: 'Listener.sampleBeforeTestSuite(...)' completed.

2021-11-18 11:19:58 - [MESSAGE][INFO] - Maximizing current window

2021-11-18 11:19:58 - [MESSAGE][PASSED] - Current window maximized

2021-11-18 11:19:58 - [MESSAGE][INFO] - Invoke 'com.kms.katalon.core.annotation.BeforeTestCase' method: 'Listener.sampleBeforeTestSuite(...)' completed.

2021-11-18 11:19:58 - [TEST_STEP][PASSED] - runFeatureFile("Include/features/e-Irsaliye/Gelen Kutusu/Irsaliyeler/Departman Ata_Geri Al.feature"): Feature file: 'Include/features/e-Irsaliye/Gelen Kutusu/Irsaliyeler/Departman Ata_Geri Al.feature' was passed

2021-11-18 11:19:58 - [MESSAGE][INFO] - Starting run keyword runFeatureFile: 'Include/features/e-Irsaliye/Gelen Kutusu/Irsaliyeler/Departman Ata_Geri Al.feature' and extract report to folder: 'C:\Users\DELL\Documents\GitHub\EES_KatalonLogo\Reports\20211118_110909\Suite Repository\e-Irsaliye\20211118_110920/cucumber_report/1637223598845'...

2021-11-18 11:19:58 - [MESSAGE][INFO] - Glue: []

2021-11-18 11:20:01 - [MESSAGE][INFO] - Checking called Test Case

2021-11-18 11:20:01 - [MESSAGE][INFO] - Starting to call Test Case 'Test Cases/Sayfalar/Giris_Sayfasi/Login'

2021-11-18 11:20:01 - [TEST_CASE][PASSED] - Test Cases/Sayfalar/Giris_Sayfasi/Login: Test Cases/Sayfalar/Giris_Sayfasi/Login

2021-11-18 11:20:01 - [TEST_STEP][PASSED] - Sayfa_Basligi = getWindowTitle(): Current window's title is: 'LOGO e-Fatura'

2021-11-18 11:20:01 - [MESSAGE][INFO] - Getting current window's title

2021-11-18 11:20:01 - [MESSAGE][PASSED] - Current window's title is: 'LOGO e-Fatura'

2021-11-18 11:20:01 - [TEST_STEP][PASSED] - verifyMatch(Sayfa_Basligi, "LOGO e-Fatura", false): Actual text 'LOGO e-Fatura' and expected text 'LOGO e-Fatura' are matched 

2021-11-18 11:20:01 - [MESSAGE][INFO] - Matching actual text 'LOGO e-Fatura' with expected text 'LOGO e-Fatura'

2021-11-18 11:20:01 - [MESSAGE][PASSED] - Actual text 'LOGO e-Fatura' and expected text 'LOGO e-Fatura' are matched 

2021-11-18 11:20:01 - [TEST_STEP][PASSED] - sendKeys(findTestObject("Sayfalar/Giris_Sayfasi/Firma_Kodu"), KullaniciAdi): Keys 'ELOGO6' sent to object: 'Object Repository/Sayfalar/Giris_Sayfasi/Firma_Kodu'

2021-11-18 11:20:01 - [MESSAGE][INFO] - Finding Test Object 'Object Repository/Sayfalar/Giris_Sayfasi/Firma_Kodu'

2021-11-18 11:20:01 - [MESSAGE][INFO] - Sending keys 'ELOGO6' to object: 'Object Repository/Sayfalar/Giris_Sayfasi/Firma_Kodu'

2021-11-18 11:20:01 - [MESSAGE][INFO] - Finding web element from Test Object's properties

2021-11-18 11:20:01 - [MESSAGE][INFO] - Checking timeout

2021-11-18 11:20:01 - [MESSAGE][INFO] - Finding web element with id: 'Object Repository/Sayfalar/Giris_Sayfasi/Firma_Kodu' located by 'By.xpath: //*[@id = 'AccountName']' in '30' second(s)

2021-11-18 11:20:01 - [MESSAGE][INFO] - Smart Wait Function is triggered

2021-11-18 11:20:02 - [MESSAGE][INFO] - Found 1 web elements with id: 'Object Repository/Sayfalar/Giris_Sayfasi/Firma_Kodu' located by 'By.xpath: //*[@id = 'AccountName']' in '30' second(s)

2021-11-18 11:20:02 - [MESSAGE][PASSED] - Keys 'ELOGO6' sent to object: 'Object Repository/Sayfalar/Giris_Sayfasi/Firma_Kodu'

2021-11-18 11:20:02 - [TEST_STEP][PASSED] - sendKeys(findTestObject("Sayfalar/Giris_Sayfasi/Sifre"), Sifre): Keys '123456' sent to object: 'Object Repository/Sayfalar/Giris_Sayfasi/Sifre'

2021-11-18 11:20:02 - [MESSAGE][INFO] - Finding Test Object 'Object Repository/Sayfalar/Giris_Sayfasi/Sifre'

2021-11-18 11:20:02 - [MESSAGE][INFO] - Sending keys '123456' to object: 'Object Repository/Sayfalar/Giris_Sayfasi/Sifre'

2021-11-18 11:20:02 - [MESSAGE][INFO] - Finding web element from Test Object's properties

2021-11-18 11:20:02 - [MESSAGE][INFO] - Checking timeout

2021-11-18 11:20:02 - [MESSAGE][INFO] - Finding web element with id: 'Object Repository/Sayfalar/Giris_Sayfasi/Sifre' located by 'By.xpath: //*[@id = 'Password']' in '30' second(s)

2021-11-18 11:20:02 - [MESSAGE][INFO] - Smart Wait Function is triggered

2021-11-18 11:20:02 - [MESSAGE][INFO] - Found 1 web elements with id: 'Object Repository/Sayfalar/Giris_Sayfasi/Sifre' located by 'By.xpath: //*[@id = 'Password']' in '30' second(s)

2021-11-18 11:20:02 - [MESSAGE][PASSED] - Keys '123456' sent to object: 'Object Repository/Sayfalar/Giris_Sayfasi/Sifre'

2021-11-18 11:20:02 - [TEST_STEP][PASSED] - findWebElement(findTestObject("Sayfalar/Giris_Sayfasi/Giris_Butonu")).click(): Found 1 web elements with id: 'Object Repository/Sayfalar/Giris_Sayfasi/Giris_Butonu' located by 'By.cssSelector: #btnLogin' in '30' second(s)

2021-11-18 11:20:02 - [MESSAGE][INFO] - Finding Test Object 'Object Repository/Sayfalar/Giris_Sayfasi/Giris_Butonu'

2021-11-18 11:20:02 - [MESSAGE][INFO] - Finding web element from Test Object's properties

2021-11-18 11:20:02 - [MESSAGE][INFO] - Checking timeout

2021-11-18 11:20:02 - [MESSAGE][INFO] - Finding web element with id: 'Object Repository/Sayfalar/Giris_Sayfasi/Giris_Butonu' located by 'By.cssSelector: #btnLogin' in '30' second(s)

2021-11-18 11:20:02 - [MESSAGE][INFO] - Smart Wait Function is triggered

2021-11-18 11:20:03 - [MESSAGE][INFO] - Found 1 web elements with id: 'Object Repository/Sayfalar/Giris_Sayfasi/Giris_Butonu' located by 'By.cssSelector: #btnLogin' in '30' second(s)

2021-11-18 11:20:05 - [TEST_STEP][PASSED] - if (verifyElementPresent(findTestObject("Object Repository/Sayfalar/Giris_Sayfasi/RetveTamam_Butonu"), 5, OPTIONAL)): null

2021-11-18 11:20:05 - [MESSAGE][INFO] - Finding Test Object 'Object Repository/Sayfalar/Giris_Sayfasi/RetveTamam_Butonu'

2021-11-18 11:20:06 - [MESSAGE][INFO] - Checking object

2021-11-18 11:20:06 - [MESSAGE][INFO] - Finding web element from Test Object's properties

2021-11-18 11:20:06 - [MESSAGE][INFO] - Checking timeout

2021-11-18 11:20:06 - [MESSAGE][INFO] - Finding web element with id: 'Object Repository/Sayfalar/Giris_Sayfasi/RetveTamam_Butonu' located by 'By.xpath: //*[@class = 'btn btn-default']' in '5' second(s)

2021-11-18 11:20:06 - [MESSAGE][INFO] - Smart Wait Function is triggered

2021-11-18 11:20:06 - [MESSAGE][INFO] - Found 1 web elements with id: 'Object Repository/Sayfalar/Giris_Sayfasi/RetveTamam_Butonu' located by 'By.xpath: //*[@class = 'btn btn-default']' in '5' second(s)

2021-11-18 11:20:06 - [MESSAGE][PASSED] - Object 'Object Repository/Sayfalar/Giris_Sayfasi/RetveTamam_Butonu' is present

2021-11-18 11:20:06 - [TEST_STEP][PASSED] - click(findTestObject("Object Repository/Sayfalar/Giris_Sayfasi/RetveTamam_Butonu")): Object: 'Object Repository/Sayfalar/Giris_Sayfasi/RetveTamam_Butonu' is clicked on

2021-11-18 11:20:06 - [MESSAGE][INFO] - Finding Test Object 'Object Repository/Sayfalar/Giris_Sayfasi/RetveTamam_Butonu'

2021-11-18 11:20:06 - [MESSAGE][INFO] - Checking object

2021-11-18 11:20:06 - [MESSAGE][INFO] - Finding web element from Test Object's properties

2021-11-18 11:20:06 - [MESSAGE][INFO] - Checking timeout

2021-11-18 11:20:06 - [MESSAGE][INFO] - Finding web element with id: 'Object Repository/Sayfalar/Giris_Sayfasi/RetveTamam_Butonu' located by 'By.xpath: //*[@class = 'btn btn-default']' in '30' second(s)

2021-11-18 11:20:06 - [MESSAGE][INFO] - Smart Wait Function is triggered

2021-11-18 11:20:06 - [MESSAGE][INFO] - Found 1 web elements with id: 'Object Repository/Sayfalar/Giris_Sayfasi/RetveTamam_Butonu' located by 'By.xpath: //*[@class = 'btn btn-default']' in '30' second(s)

2021-11-18 11:20:06 - [MESSAGE][INFO] - Clicking on object: 'Object Repository/Sayfalar/Giris_Sayfasi/RetveTamam_Butonu'

2021-11-18 11:20:06 - [MESSAGE][PASSED] - Object: 'Object Repository/Sayfalar/Giris_Sayfasi/RetveTamam_Butonu' is clicked on

2021-11-18 11:20:06 - [TEST_STEP][PASSED] - click(findTestObject("Object Repository/Sayfalar/Giris_Sayfasi/RetveTamam_Butonu")): Object: 'Object Repository/Sayfalar/Giris_Sayfasi/RetveTamam_Butonu' is clicked on

2021-11-18 11:20:06 - [MESSAGE][INFO] - Finding Test Object 'Object Repository/Sayfalar/Giris_Sayfasi/RetveTamam_Butonu'

2021-11-18 11:20:07 - [MESSAGE][INFO] - Checking object

2021-11-18 11:20:07 - [MESSAGE][INFO] - Finding web element from Test Object's properties

2021-11-18 11:20:07 - [MESSAGE][INFO] - Checking timeout

2021-11-18 11:20:07 - [MESSAGE][INFO] - Finding web element with id: 'Object Repository/Sayfalar/Giris_Sayfasi/RetveTamam_Butonu' located by 'By.xpath: //*[@class = 'btn btn-default']' in '30' second(s)

2021-11-18 11:20:07 - [MESSAGE][INFO] - Smart Wait Function is triggered

2021-11-18 11:20:11 - [MESSAGE][INFO] - Found 1 web elements with id: 'Object Repository/Sayfalar/Giris_Sayfasi/RetveTamam_Butonu' located by 'By.xpath: //*[@class = 'btn btn-default']' in '30' second(s)

2021-11-18 11:20:11 - [MESSAGE][INFO] - Clicking on object: 'Object Repository/Sayfalar/Giris_Sayfasi/RetveTamam_Butonu'

2021-11-18 11:20:11 - [MESSAGE][PASSED] - Object: 'Object Repository/Sayfalar/Giris_Sayfasi/RetveTamam_Butonu' is clicked on

2021-11-18 11:20:11 - [TEST_STEP][PASSED] - if (verifyElementPresent(findTestObject("Sayfalar/Giris_Sayfasi/PopupOK"), 5, OPTIONAL)): null

2021-11-18 11:20:11 - [MESSAGE][INFO] - Finding Test Object 'Object Repository/Sayfalar/Giris_Sayfasi/PopupOK'

2021-11-18 11:20:11 - [MESSAGE][INFO] - Checking object

2021-11-18 11:20:11 - [MESSAGE][INFO] - Finding web element from Test Object's properties

2021-11-18 11:20:11 - [MESSAGE][INFO] - Checking timeout

2021-11-18 11:20:11 - [MESSAGE][INFO] - Finding web element with id: 'Object Repository/Sayfalar/Giris_Sayfasi/PopupOK' located by 'By.cssSelector: .btn.btn-success' in '5' second(s)

2021-11-18 11:20:11 - [MESSAGE][INFO] - Smart Wait Function is triggered

2021-11-18 11:20:12 - [MESSAGE][INFO] - Found 1 web elements with id: 'Object Repository/Sayfalar/Giris_Sayfasi/PopupOK' located by 'By.cssSelector: .btn.btn-success' in '5' second(s)

2021-11-18 11:20:12 - [MESSAGE][PASSED] - Object 'Object Repository/Sayfalar/Giris_Sayfasi/PopupOK' is present

2021-11-18 11:20:12 - [TEST_STEP][PASSED] - click(findTestObject("Object Repository/Sayfalar/Giris_Sayfasi/PopupCarpiGiris")): Object: 'Object Repository/Sayfalar/Giris_Sayfasi/PopupCarpiGiris' is clicked on

2021-11-18 11:20:12 - [MESSAGE][INFO] - Finding Test Object 'Object Repository/Sayfalar/Giris_Sayfasi/PopupCarpiGiris'

2021-11-18 11:20:12 - [MESSAGE][INFO] - Checking object

2021-11-18 11:20:12 - [MESSAGE][INFO] - Finding web element from Test Object's properties

2021-11-18 11:20:12 - [MESSAGE][INFO] - Checking timeout

2021-11-18 11:20:12 - [MESSAGE][INFO] - Finding web element with id: 'Object Repository/Sayfalar/Giris_Sayfasi/PopupCarpiGiris' located by 'By.cssSelector: .bootbox-close-button.close' in '30' second(s)

2021-11-18 11:20:12 - [MESSAGE][INFO] - Smart Wait Function is triggered

2021-11-18 11:20:12 - [MESSAGE][INFO] - Found 1 web elements with id: 'Object Repository/Sayfalar/Giris_Sayfasi/PopupCarpiGiris' located by 'By.cssSelector: .bootbox-close-button.close' in '30' second(s)

2021-11-18 11:20:12 - [MESSAGE][INFO] - Clicking on object: 'Object Repository/Sayfalar/Giris_Sayfasi/PopupCarpiGiris'

2021-11-18 11:20:12 - [MESSAGE][PASSED] - Object: 'Object Repository/Sayfalar/Giris_Sayfasi/PopupCarpiGiris' is clicked on

2021-11-18 11:20:12 - [TEST_STEP][PASSED] - verifyElementVisible(findTestObject("Object Repository/Kullanici_Islemleri/KullaniciIslemleri")): Object 'Object Repository/Kullanici_Islemleri/KullaniciIslemleri' is visible

2021-11-18 11:20:12 - [MESSAGE][INFO] - Finding Test Object 'Object Repository/Kullanici_Islemleri/KullaniciIslemleri'

2021-11-18 11:20:12 - [MESSAGE][INFO] - Checking object

2021-11-18 11:20:12 - [MESSAGE][INFO] - Finding web element from Test Object's properties

2021-11-18 11:20:12 - [MESSAGE][INFO] - Checking timeout

2021-11-18 11:20:12 - [MESSAGE][INFO] - Finding web element with id: 'Object Repository/Kullanici_Islemleri/KullaniciIslemleri' located by 'By.cssSelector: .dropdown>a>img' in '30' second(s)

2021-11-18 11:20:12 - [MESSAGE][INFO] - Smart Wait Function is triggered

2021-11-18 11:20:13 - [MESSAGE][INFO] - Found 1 web elements with id: 'Object Repository/Kullanici_Islemleri/KullaniciIslemleri' located by 'By.cssSelector: .dropdown>a>img' in '30' second(s)

2021-11-18 11:20:13 - [MESSAGE][PASSED] - Object 'Object Repository/Kullanici_Islemleri/KullaniciIslemleri' is visible

2021-11-18 11:20:13 - [MESSAGE][PASSED] - Call Test Case 'Test Cases/Sayfalar/Giris_Sayfasi/Login' successfully

2021-11-18 11:20:13 - [MESSAGE][INFO] - Checking called Test Case

2021-11-18 11:20:13 - [MESSAGE][INFO] - Starting to call Test Case 'Test Cases/Menu/AnaMenuSecimi'

2021-11-18 11:20:13 - [TEST_CASE][PASSED] - Test Cases/Menu/AnaMenuSecimi: Test Cases/Menu/AnaMenuSecimi

2021-11-18 11:20:13 - [TEST_STEP][PASSED] - Method.TextDegerineEsitElementeTikla(findTestObject("Menu/Ana_Menu"), Ana_Menu): Method.TextDegerineEsitElementeTikla is PASSED

2021-11-18 11:20:13 - [MESSAGE][INFO] - Finding Test Object 'Object Repository/Menu/Ana_Menu'

2021-11-18 11:20:13 - [MESSAGE][INFO] - Checking timeout

2021-11-18 11:20:13 - [MESSAGE][INFO] - Finding web element with id: 'Object Repository/Menu/Ana_Menu' located by 'By.xpath: //*[@class = 'dropdown-toggle']' in '10' second(s)

2021-11-18 11:20:13 - [MESSAGE][INFO] - Smart Wait Function is triggered

2021-11-18 11:20:13 - [MESSAGE][INFO] - Found 14 web elements with id: 'Object Repository/Menu/Ana_Menu' located by 'By.xpath: //*[@class = 'dropdown-toggle']' in '10' second(s)

2021-11-18 11:20:13 - [MESSAGE][PASSED] - Method.TextDegerineEsitElementeTikla is PASSED

2021-11-18 11:20:13 - [MESSAGE][PASSED] - Call Test Case 'Test Cases/Menu/AnaMenuSecimi' successfully

2021-11-18 11:20:13 - [MESSAGE][INFO] - Checking called Test Case

2021-11-18 11:20:13 - [MESSAGE][INFO] - Starting to call Test Case 'Test Cases/Menu/BasligaGoreAltMenuSecimi'

2021-11-18 11:20:13 - [TEST_CASE][PASSED] - Test Cases/Menu/BasligaGoreAltMenuSecimi: Test Cases/Menu/BasligaGoreAltMenuSecimi

2021-11-18 11:20:13 - [TEST_STEP][PASSED] - Method.TextDegerineEsitElementinAltindakiTextDegerineEsitOlanaTikla(findTestObject("Menu/Menu_Basligi"), findTestObject("Menu/Basliga_Gore_Alt_Menu"), Baslik, Alt_Menu): Method.TextDegerineEsitElementinAltindakiTextDegerineEsitOlanaTikla is PASSED

2021-11-18 11:20:13 - [MESSAGE][INFO] - Finding Test Object 'Object Repository/Menu/Menu_Basligi'

2021-11-18 11:20:14 - [MESSAGE][INFO] - Finding Test Object 'Object Repository/Menu/Basliga_Gore_Alt_Menu'

2021-11-18 11:20:14 - [MESSAGE][INFO] - Checking timeout

2021-11-18 11:20:14 - [MESSAGE][INFO] - Finding web element with id: 'Object Repository/Menu/Menu_Basligi' located by 'By.xpath: //li[@class='dropdown dropdown-large open']//li[@class='dropdown-header']' in '10' second(s)

2021-11-18 11:20:14 - [MESSAGE][INFO] - Smart Wait Function is triggered

2021-11-18 11:20:14 - [MESSAGE][INFO] - Found 3 web elements with id: 'Object Repository/Menu/Menu_Basligi' located by 'By.xpath: //li[@class='dropdown dropdown-large open']//li[@class='dropdown-header']' in '10' second(s)

2021-11-18 11:20:14 - [MESSAGE][INFO] - Smart Wait Function is triggered

2021-11-18 11:20:16 - [MESSAGE][PASSED] - Method.TextDegerineEsitElementinAltindakiTextDegerineEsitOlanaTikla is PASSED

2021-11-18 11:20:16 - [MESSAGE][PASSED] - Call Test Case 'Test Cases/Menu/BasligaGoreAltMenuSecimi' successfully

2021-11-18 11:20:16 - [MESSAGE][INFO] - Checking called Test Case

2021-11-18 11:20:16 - [MESSAGE][INFO] - Starting to call Test Case 'Test Cases/Filtreler/BaslangicYaz'

2021-11-18 11:20:16 - [TEST_CASE][PASSED] - Test Cases/Filtreler/BaslangicYaz: Test Cases/Filtreler/BaslangicYaz

2021-11-18 11:20:16 - [TEST_STEP][PASSED] - delay(3): Delayed 3 second(s)

2021-11-18 11:20:16 - [MESSAGE][INFO] - Delaying browser in 3 second(s)

2021-11-18 11:20:19 - [MESSAGE][PASSED] - Delayed 3 second(s)

2021-11-18 11:20:19 - [TEST_STEP][PASSED] - Method.TextDegerineEsitElementinAltindakineTikla(findTestObject("Filtreler/Basliklar"), findTestObject("Filtreler/Basliga_Gore_Baslangic_Image"), Filtre_Adi): Method.TextDegerineEsitElementinAltindakineTikla is PASSED

2021-11-18 11:20:19 - [MESSAGE][INFO] - Finding Test Object 'Object Repository/Filtreler/Basliklar'

2021-11-18 11:20:19 - [MESSAGE][INFO] - Finding Test Object 'Object Repository/Filtreler/Basliga_Gore_Baslangic_Image'

2021-11-18 11:20:20 - [MESSAGE][INFO] - Checking timeout

2021-11-18 11:20:20 - [MESSAGE][INFO] - Finding web element with id: 'Object Repository/Filtreler/Basliklar' located by 'By.cssSelector: .control-label.col-sm-4.paddingMarginRLC' in '10' second(s)

2021-11-18 11:20:20 - [MESSAGE][INFO] - Smart Wait Function is triggered

2021-11-18 11:20:20 - [MESSAGE][INFO] - Found 18 web elements with id: 'Object Repository/Filtreler/Basliklar' located by 'By.cssSelector: .control-label.col-sm-4.paddingMarginRLC' in '10' second(s)

2021-11-18 11:20:20 - [MESSAGE][INFO] - Smart Wait Function is triggered

2021-11-18 11:20:20 - [MESSAGE][PASSED] - Method.TextDegerineEsitElementinAltindakineTikla is PASSED

2021-11-18 11:20:20 - [TEST_STEP][PASSED] - Method.TextDegerineEsitElementinAltindakiTextboxtaYaz(findTestObject("Filtreler/Basliklar"), findTestObject("Filtreler/Basliga_Gore_Baslangic"), Filtre_Adi, Filtre_Degeri): Method.TextDegerineEsitElementinAltindakiTextboxtaYaz is PASSED

2021-11-18 11:20:20 - [MESSAGE][INFO] - Finding Test Object 'Object Repository/Filtreler/Basliklar'

2021-11-18 11:20:20 - [MESSAGE][INFO] - Finding Test Object 'Object Repository/Filtreler/Basliga_Gore_Baslangic'

2021-11-18 11:20:20 - [MESSAGE][INFO] - Checking timeout

2021-11-18 11:20:20 - [MESSAGE][INFO] - Finding web element with id: 'Object Repository/Filtreler/Basliklar' located by 'By.cssSelector: .control-label.col-sm-4.paddingMarginRLC' in '10' second(s)

2021-11-18 11:20:20 - [MESSAGE][INFO] - Smart Wait Function is triggered

2021-11-18 11:20:21 - [MESSAGE][INFO] - Found 18 web elements with id: 'Object Repository/Filtreler/Basliklar' located by 'By.cssSelector: .control-label.col-sm-4.paddingMarginRLC' in '10' second(s)

2021-11-18 11:20:21 - [MESSAGE][INFO] - Smart Wait Function is triggered

2021-11-18 11:20:21 - [MESSAGE][PASSED] - Method.TextDegerineEsitElementinAltindakiTextboxtaYaz is PASSED

2021-11-18 11:20:21 - [MESSAGE][PASSED] - Call Test Case 'Test Cases/Filtreler/BaslangicYaz' successfully

2021-11-18 11:20:21 - [MESSAGE][INFO] - Checking called Test Case

2021-11-18 11:20:21 - [MESSAGE][INFO] - Starting to call Test Case 'Test Cases/Filtreler/BitisYaz'

2021-11-18 11:20:21 - [TEST_CASE][PASSED] - Test Cases/Filtreler/BitisYaz: Test Cases/Filtreler/BitisYaz

2021-11-18 11:20:21 - [TEST_STEP][PASSED] - Method.TextDegerineEsitElementinAltindakineTikla(findTestObject("Filtreler/Basliklar"), findTestObject("Filtreler/Basliga_Gore_Bitis_Image"), Filtre_Adi): Method.TextDegerineEsitElementinAltindakineTikla is PASSED

2021-11-18 11:20:21 - [MESSAGE][INFO] - Finding Test Object 'Object Repository/Filtreler/Basliklar'

2021-11-18 11:20:22 - [MESSAGE][INFO] - Finding Test Object 'Object Repository/Filtreler/Basliga_Gore_Bitis_Image'

2021-11-18 11:20:22 - [MESSAGE][INFO] - Checking timeout

2021-11-18 11:20:22 - [MESSAGE][INFO] - Finding web element with id: 'Object Repository/Filtreler/Basliklar' located by 'By.cssSelector: .control-label.col-sm-4.paddingMarginRLC' in '10' second(s)

2021-11-18 11:20:22 - [MESSAGE][INFO] - Smart Wait Function is triggered

2021-11-18 11:20:22 - [MESSAGE][INFO] - Found 18 web elements with id: 'Object Repository/Filtreler/Basliklar' located by 'By.cssSelector: .control-label.col-sm-4.paddingMarginRLC' in '10' second(s)

2021-11-18 11:20:22 - [MESSAGE][INFO] - Smart Wait Function is triggered

2021-11-18 11:20:22 - [MESSAGE][PASSED] - Method.TextDegerineEsitElementinAltindakineTikla is PASSED

2021-11-18 11:20:22 - [TEST_STEP][PASSED] - Method.TextDegerineEsitElementinAltindakiTextboxtaYaz(findTestObject("Filtreler/Basliklar"), findTestObject("Object Repository/Filtreler/Basliga_Gore_Bitis"), Filtre_Adi, Filtre_Degeri): Method.TextDegerineEsitElementinAltindakiTextboxtaYaz is PASSED

2021-11-18 11:20:22 - [MESSAGE][INFO] - Finding Test Object 'Object Repository/Filtreler/Basliklar'

2021-11-18 11:20:23 - [MESSAGE][INFO] - Finding Test Object 'Object Repository/Filtreler/Basliga_Gore_Bitis'

2021-11-18 11:20:23 - [MESSAGE][INFO] - Checking timeout

2021-11-18 11:20:23 - [MESSAGE][INFO] - Finding web element with id: 'Object Repository/Filtreler/Basliklar' located by 'By.cssSelector: .control-label.col-sm-4.paddingMarginRLC' in '10' second(s)

2021-11-18 11:20:23 - [MESSAGE][INFO] - Smart Wait Function is triggered

2021-11-18 11:20:23 - [MESSAGE][INFO] - Found 18 web elements with id: 'Object Repository/Filtreler/Basliklar' located by 'By.cssSelector: .control-label.col-sm-4.paddingMarginRLC' in '10' second(s)

2021-11-18 11:20:23 - [MESSAGE][INFO] - Smart Wait Function is triggered

2021-11-18 11:20:23 - [MESSAGE][PASSED] - Method.TextDegerineEsitElementinAltindakiTextboxtaYaz is PASSED

2021-11-18 11:20:23 - [MESSAGE][PASSED] - Call Test Case 'Test Cases/Filtreler/BitisYaz' successfully

2021-11-18 11:20:23 - [MESSAGE][INFO] - Checking called Test Case

2021-11-18 11:20:23 - [MESSAGE][INFO] - Starting to call Test Case 'Test Cases/Filtreler/ButonaTikla'

2021-11-18 11:20:24 - [TEST_CASE][PASSED] - Test Cases/Filtreler/ButonaTikla: Test Cases/Filtreler/ButonaTikla

2021-11-18 11:20:24 - [TEST_STEP][PASSED] - Method.TextDegerineEsitElementeTikla(findTestObject("Filtreler/Butonlar"), Filtre_Buton): Method.TextDegerineEsitElementeTikla is PASSED

2021-11-18 11:20:24 - [MESSAGE][INFO] - Finding Test Object 'Object Repository/Filtreler/Butonlar'

2021-11-18 11:20:24 - [MESSAGE][INFO] - Checking timeout

2021-11-18 11:20:24 - [MESSAGE][INFO] - Finding web element with id: 'Object Repository/Filtreler/Butonlar' located by 'By.cssSelector: .dxb>span' in '10' second(s)

2021-11-18 11:20:24 - [MESSAGE][INFO] - Smart Wait Function is triggered

2021-11-18 11:20:24 - [MESSAGE][INFO] - Found 3 web elements with id: 'Object Repository/Filtreler/Butonlar' located by 'By.cssSelector: .dxb>span' in '10' second(s)

2021-11-18 11:20:24 - [MESSAGE][PASSED] - Method.TextDegerineEsitElementeTikla is PASSED

2021-11-18 11:20:24 - [MESSAGE][PASSED] - Call Test Case 'Test Cases/Filtreler/ButonaTikla' successfully

2021-11-18 11:20:24 - [MESSAGE][INFO] - Checking called Test Case

2021-11-18 11:20:24 - [MESSAGE][INFO] - Starting to call Test Case 'Test Cases/Tablo/TablodaVeriVarMi'

2021-11-18 11:20:24 - [TEST_CASE][PASSED] - Test Cases/Tablo/TablodaVeriVarMi: Test Cases/Tablo/TablodaVeriVarMi

2021-11-18 11:20:24 - [TEST_STEP][PASSED] - verifyTextNotPresent("Görüntülenecek veri yok", true): Text 'Görüntülenecek veri yok' is not present on page using regular expression

2021-11-18 11:20:24 - [MESSAGE][INFO] - Checking text present  using regular expression

2021-11-18 11:20:24 - [MESSAGE][INFO] - Smart Wait Function is triggered

2021-11-18 11:20:25 - [MESSAGE][INFO] - Finding text 'Görüntülenecek veri yok' on page  using regular expression

2021-11-18 11:20:25 - [MESSAGE][PASSED] - Text 'Görüntülenecek veri yok' is not present on page using regular expression

2021-11-18 11:20:25 - [MESSAGE][PASSED] - Call Test Case 'Test Cases/Tablo/TablodaVeriVarMi' successfully

2021-11-18 11:20:25 - [MESSAGE][INFO] - Checking called Test Case

2021-11-18 11:20:25 - [MESSAGE][INFO] - Starting to call Test Case 'Test Cases/Tablo/TablodanVeriSec'

2021-11-18 11:20:25 - [TEST_CASE][PASSED] - Test Cases/Tablo/TablodanVeriSec: Test Cases/Tablo/TablodanVeriSec

2021-11-18 11:20:25 - [TEST_STEP][PASSED] - Method.TextDegerineEsitElementinAltindakineTikla(findTestObject("Tablo/Veriler"), findTestObject("Tablo/VerininCheckBoxi"), Veri_Adi): Method.TextDegerineEsitElementinAltindakineTikla is PASSED

2021-11-18 11:20:25 - [MESSAGE][INFO] - Finding Test Object 'Object Repository/Tablo/Veriler'

2021-11-18 11:20:25 - [MESSAGE][INFO] - Finding Test Object 'Object Repository/Tablo/VerininCheckBoxi'

2021-11-18 11:20:25 - [MESSAGE][INFO] - Checking timeout

2021-11-18 11:20:25 - [MESSAGE][INFO] - Finding web element with id: 'Object Repository/Tablo/Veriler' located by 'By.cssSelector: td.dxgv b ,td.dxgv' in '10' second(s)

2021-11-18 11:20:25 - [MESSAGE][INFO] - Smart Wait Function is triggered

2021-11-18 11:20:26 - [MESSAGE][INFO] - Found 84 web elements with id: 'Object Repository/Tablo/Veriler' located by 'By.cssSelector: td.dxgv b ,td.dxgv' in '10' second(s)

2021-11-18 11:20:26 - [MESSAGE][INFO] - Smart Wait Function is triggered

2021-11-18 11:20:26 - [MESSAGE][PASSED] - Method.TextDegerineEsitElementinAltindakineTikla is PASSED

2021-11-18 11:20:26 - [MESSAGE][PASSED] - Call Test Case 'Test Cases/Tablo/TablodanVeriSec' successfully

2021-11-18 11:20:26 - [MESSAGE][INFO] - Checking called Test Case

2021-11-18 11:20:26 - [MESSAGE][INFO] - Starting to call Test Case 'Test Cases/Butonlar/ButonaTikla'

2021-11-18 11:20:26 - [TEST_CASE][PASSED] - Test Cases/Butonlar/ButonaTikla: Test Cases/Butonlar/ButonaTikla

2021-11-18 11:20:26 - [TEST_STEP][PASSED] - Method.TextDegerineEsitElementeTiklaEquals(findTestObject("Butonlar/Butonlar"), Buton_Adi): Method.TextDegerineEsitElementeTiklaEquals is PASSED

2021-11-18 11:20:26 - [MESSAGE][INFO] - Finding Test Object 'Object Repository/Butonlar/Butonlar'

2021-11-18 11:20:26 - [MESSAGE][INFO] - Checking timeout

2021-11-18 11:20:26 - [MESSAGE][INFO] - Finding web element with id: 'Object Repository/Butonlar/Butonlar' located by 'By.cssSelector: .panel.panel-default.text-center.footerPanel .btn,.btn.btn-primary.btnControls' in '10' second(s)

2021-11-18 11:20:26 - [MESSAGE][INFO] - Smart Wait Function is triggered

2021-11-18 11:20:26 - [MESSAGE][INFO] - Found 12 web elements with id: 'Object Repository/Butonlar/Butonlar' located by 'By.cssSelector: .panel.panel-default.text-center.footerPanel .btn,.btn.btn-primary.btnControls' in '10' second(s)

2021-11-18 11:20:27 - [MESSAGE][PASSED] - Method.TextDegerineEsitElementeTiklaEquals is PASSED

2021-11-18 11:20:27 - [MESSAGE][PASSED] - Call Test Case 'Test Cases/Butonlar/ButonaTikla' successfully

2021-11-18 11:20:27 - [MESSAGE][INFO] - Checking called Test Case

2021-11-18 11:20:27 - [MESSAGE][INFO] - Starting to call Test Case 'Test Cases/Sekmeler/YeniSekmeyeGec'

2021-11-18 11:20:27 - [TEST_CASE][PASSED] - Test Cases/Sekmeler/YeniSekmeyeGec: Test Cases/Sekmeler/YeniSekmeyeGec

2021-11-18 11:20:27 - [TEST_STEP][PASSED] - switchToWindowIndex(1): Switched to window with index: '1'

2021-11-18 11:20:27 - [MESSAGE][INFO] - Checking index

2021-11-18 11:20:27 - [MESSAGE][INFO] - Switching window with index: '1'

2021-11-18 11:20:27 - [MESSAGE][PASSED] - Switched to window with index: '1'

2021-11-18 11:20:27 - [MESSAGE][PASSED] - Call Test Case 'Test Cases/Sekmeler/YeniSekmeyeGec' successfully

2021-11-18 11:20:27 - [MESSAGE][INFO] - Checking called Test Case

2021-11-18 11:20:27 - [MESSAGE][INFO] - Starting to call Test Case 'Test Cases/Sekmeler/DepartmanCheckboxiSecilir'

2021-11-18 11:20:27 - [TEST_CASE][PASSED] - Test Cases/Sekmeler/DepartmanCheckboxiSecilir: Test Cases/Sekmeler/DepartmanCheckboxiSecilir

2021-11-18 11:20:27 - [TEST_STEP][PASSED] - Method.TextDegerineEsitElementeTikla(findTestObject("Object Repository/Sekmeler/DepartmanCheckboxi"), Departman): Method.TextDegerineEsitElementeTikla is PASSED

2021-11-18 11:20:27 - [MESSAGE][INFO] - Finding Test Object 'Object Repository/Sekmeler/DepartmanCheckboxi'

2021-11-18 11:20:27 - [MESSAGE][INFO] - Checking timeout

2021-11-18 11:20:27 - [MESSAGE][INFO] - Finding web element with id: 'Object Repository/Sekmeler/DepartmanCheckboxi' located by 'By.cssSelector: .dx-wrap' in '10' second(s)

2021-11-18 11:20:27 - [MESSAGE][INFO] - Smart Wait Function is triggered

2021-11-18 11:20:27 - [MESSAGE][INFO] - Found 4 web elements with id: 'Object Repository/Sekmeler/DepartmanCheckboxi' located by 'By.cssSelector: .dx-wrap' in '10' second(s)

2021-11-18 11:20:28 - [MESSAGE][PASSED] - Method.TextDegerineEsitElementeTikla is PASSED

2021-11-18 11:20:28 - [MESSAGE][PASSED] - Call Test Case 'Test Cases/Sekmeler/DepartmanCheckboxiSecilir' successfully

2021-11-18 11:20:28 - [MESSAGE][INFO] - Checking called Test Case

2021-11-18 11:20:28 - [MESSAGE][INFO] - Starting to call Test Case 'Test Cases/Sekmeler/DepartmanKaydedilir'

2021-11-18 11:20:28 - [TEST_CASE][PASSED] - Test Cases/Sekmeler/DepartmanKaydedilir: Test Cases/Sekmeler/DepartmanKaydedilir

2021-11-18 11:20:28 - [TEST_STEP][PASSED] - waitForElementClickable(findTestObject("Object Repository/Sekmeler/DepartmanKaydetButoni"), 10): Object 'Object Repository/Sekmeler/DepartmanKaydetButoni' is clickable

2021-11-18 11:20:28 - [MESSAGE][INFO] - Finding Test Object 'Object Repository/Sekmeler/DepartmanKaydetButoni'

2021-11-18 11:20:28 - [MESSAGE][INFO] - Checking object

2021-11-18 11:20:28 - [MESSAGE][INFO] - Checking timeout

2021-11-18 11:20:28 - [MESSAGE][INFO] - Finding web element from Test Object's properties

2021-11-18 11:20:28 - [MESSAGE][INFO] - Checking timeout

2021-11-18 11:20:28 - [MESSAGE][INFO] - Finding web element with id: 'Object Repository/Sekmeler/DepartmanKaydetButoni' located by 'By.cssSelector: .dx-vam' in '10' second(s)

2021-11-18 11:20:28 - [MESSAGE][INFO] - Smart Wait Function is triggered

2021-11-18 11:20:28 - [MESSAGE][INFO] - Found 1 web elements with id: 'Object Repository/Sekmeler/DepartmanKaydetButoni' located by 'By.cssSelector: .dx-vam' in '10' second(s)

2021-11-18 11:20:28 - [MESSAGE][PASSED] - Object 'Object Repository/Sekmeler/DepartmanKaydetButoni' is clickable

2021-11-18 11:20:28 - [TEST_STEP][PASSED] - click(findTestObject("Object Repository/Sekmeler/DepartmanKaydetButoni")): Object: 'Object Repository/Sekmeler/DepartmanKaydetButoni' is clicked on

2021-11-18 11:20:28 - [MESSAGE][INFO] - Finding Test Object 'Object Repository/Sekmeler/DepartmanKaydetButoni'

2021-11-18 11:20:28 - [MESSAGE][INFO] - Checking object

2021-11-18 11:20:28 - [MESSAGE][INFO] - Finding web element from Test Object's properties

2021-11-18 11:20:28 - [MESSAGE][INFO] - Checking timeout

2021-11-18 11:20:28 - [MESSAGE][INFO] - Finding web element with id: 'Object Repository/Sekmeler/DepartmanKaydetButoni' located by 'By.cssSelector: .dx-vam' in '30' second(s)

2021-11-18 11:20:28 - [MESSAGE][INFO] - Smart Wait Function is triggered

2021-11-18 11:20:28 - [MESSAGE][INFO] - Found 1 web elements with id: 'Object Repository/Sekmeler/DepartmanKaydetButoni' located by 'By.cssSelector: .dx-vam' in '30' second(s)

2021-11-18 11:20:28 - [MESSAGE][INFO] - Clicking on object: 'Object Repository/Sekmeler/DepartmanKaydetButoni'

2021-11-18 11:20:28 - [MESSAGE][PASSED] - Object: 'Object Repository/Sekmeler/DepartmanKaydetButoni' is clicked on

2021-11-18 11:20:28 - [MESSAGE][PASSED] - Call Test Case 'Test Cases/Sekmeler/DepartmanKaydedilir' successfully

2021-11-18 11:20:28 - [MESSAGE][INFO] - Checking called Test Case

2021-11-18 11:20:28 - [MESSAGE][INFO] - Starting to call Test Case 'Test Cases/Popup/PopupMesajiIceriyorMu'

2021-11-18 11:20:28 - [TEST_CASE][PASSED] - Test Cases/Popup/PopupMesajiIceriyorMu: Test Cases/Popup/PopupMesajiIceriyorMu

2021-11-18 11:20:28 - [TEST_STEP][PASSED] - waitForElementVisible(findTestObject("Popup/Popup"), 10): Object 'Object Repository/Popup/Popup' is visible

2021-11-18 11:20:28 - [MESSAGE][INFO] - Finding Test Object 'Object Repository/Popup/Popup'

2021-11-18 11:20:29 - [MESSAGE][INFO] - Checking object

2021-11-18 11:20:29 - [MESSAGE][INFO] - Checking timeout

2021-11-18 11:20:29 - [MESSAGE][INFO] - Finding web element from Test Object's properties

2021-11-18 11:20:29 - [MESSAGE][INFO] - Checking timeout

2021-11-18 11:20:29 - [MESSAGE][INFO] - Finding web element with id: 'Object Repository/Popup/Popup' located by 'By.cssSelector: .bootbox-body' in '10' second(s)

2021-11-18 11:20:29 - [MESSAGE][INFO] - Smart Wait Function is triggered

2021-11-18 11:20:29 - [MESSAGE][INFO] - Found 1 web elements with id: 'Object Repository/Popup/Popup' located by 'By.cssSelector: .bootbox-body' in '10' second(s)

2021-11-18 11:20:29 - [MESSAGE][PASSED] - Object 'Object Repository/Popup/Popup' is visible

2021-11-18 11:20:29 - [TEST_STEP][PASSED] - if (!(getText(findTestObject("Popup/Popup")).contains(Mesaj))): Text of object 'Object Repository/Popup/Popup' is: 'Seçilen belgeler ilgili departmanlara aktarılmıştır.'

2021-11-18 11:20:29 - [MESSAGE][INFO] - Finding Test Object 'Object Repository/Popup/Popup'

2021-11-18 11:20:30 - [MESSAGE][INFO] - Checking object

2021-11-18 11:20:30 - [MESSAGE][INFO] - Finding web element from Test Object's properties

2021-11-18 11:20:30 - [MESSAGE][INFO] - Checking timeout

2021-11-18 11:20:30 - [MESSAGE][INFO] - Finding web element with id: 'Object Repository/Popup/Popup' located by 'By.cssSelector: .bootbox-body' in '30' second(s)

2021-11-18 11:20:30 - [MESSAGE][INFO] - Smart Wait Function is triggered

2021-11-18 11:20:30 - [MESSAGE][INFO] - Found 1 web elements with id: 'Object Repository/Popup/Popup' located by 'By.cssSelector: .bootbox-body' in '30' second(s)

2021-11-18 11:20:30 - [MESSAGE][INFO] - Getting text of object 'Object Repository/Popup/Popup'

2021-11-18 11:20:30 - [MESSAGE][PASSED] - Text of object 'Object Repository/Popup/Popup' is: 'Seçilen belgeler ilgili departmanlara aktarılmıştır.'

2021-11-18 11:20:30 - [TEST_STEP][PASSED] - RaporNo = getText(findTestObject("Popup/Popup")).substring(0, 6): Text of object 'Object Repository/Popup/Popup' is: 'Seçilen belgeler ilgili departmanlara aktarılmıştır.'

2021-11-18 11:20:30 - [MESSAGE][INFO] - Finding Test Object 'Object Repository/Popup/Popup'

2021-11-18 11:20:30 - [MESSAGE][INFO] - Checking object

2021-11-18 11:20:30 - [MESSAGE][INFO] - Finding web element from Test Object's properties

2021-11-18 11:20:30 - [MESSAGE][INFO] - Checking timeout

2021-11-18 11:20:30 - [MESSAGE][INFO] - Finding web element with id: 'Object Repository/Popup/Popup' located by 'By.cssSelector: .bootbox-body' in '30' second(s)

2021-11-18 11:20:30 - [MESSAGE][INFO] - Smart Wait Function is triggered

2021-11-18 11:20:30 - [MESSAGE][INFO] - Found 1 web elements with id: 'Object Repository/Popup/Popup' located by 'By.cssSelector: .bootbox-body' in '30' second(s)

2021-11-18 11:20:30 - [MESSAGE][INFO] - Getting text of object 'Object Repository/Popup/Popup'

2021-11-18 11:20:30 - [MESSAGE][PASSED] - Text of object 'Object Repository/Popup/Popup' is: 'Seçilen belgeler ilgili departmanlara aktarılmıştır.'

2021-11-18 11:20:30 - [TEST_STEP][PASSED] - Console.println(RaporNo): null

2021-11-18 11:20:30 - [MESSAGE][PASSED] - Call Test Case 'Test Cases/Popup/PopupMesajiIceriyorMu' successfully

2021-11-18 11:20:30 - [MESSAGE][INFO] - Checking called Test Case

2021-11-18 11:20:30 - [MESSAGE][INFO] - Starting to call Test Case 'Test Cases/Popup/PopupButonSecilir'

2021-11-18 11:20:30 - [TEST_CASE][PASSED] - Test Cases/Popup/PopupButonSecilir: Test Cases/Popup/PopupButonSecilir

2021-11-18 11:20:30 - [TEST_STEP][PASSED] - Method.TextDegerineEsitElementeTikla(findTestObject("Popup/Popup_Butons"), Buton): Method.TextDegerineEsitElementeTikla is PASSED

2021-11-18 11:20:30 - [MESSAGE][INFO] - Finding Test Object 'Object Repository/Popup/Popup_Butons'

2021-11-18 11:20:30 - [MESSAGE][INFO] - Checking timeout

2021-11-18 11:20:30 - [MESSAGE][INFO] - Finding web element with id: 'Object Repository/Popup/Popup_Butons' located by 'By.cssSelector: .modal-footer>button' in '10' second(s)

2021-11-18 11:20:30 - [MESSAGE][INFO] - Smart Wait Function is triggered

2021-11-18 11:20:31 - [MESSAGE][INFO] - Found 1 web elements with id: 'Object Repository/Popup/Popup_Butons' located by 'By.cssSelector: .modal-footer>button' in '10' second(s)

2021-11-18 11:20:31 - [MESSAGE][PASSED] - Method.TextDegerineEsitElementeTikla is PASSED

2021-11-18 11:20:31 - [MESSAGE][PASSED] - Call Test Case 'Test Cases/Popup/PopupButonSecilir' successfully

2021-11-18 11:20:31 - [MESSAGE][INFO] - Checking called Test Case

2021-11-18 11:20:31 - [MESSAGE][INFO] - Starting to call Test Case 'Test Cases/Sekmeler/Ana_Sekmeye_Gec'

2021-11-18 11:20:31 - [TEST_CASE][PASSED] - Test Cases/Sekmeler/Ana_Sekmeye_Gec: Test Cases/Sekmeler/Ana_Sekmeye_Gec

2021-11-18 11:20:31 - [TEST_STEP][FAILED] - try: Unable to get the index of the current window (Root cause: com.kms.katalon.core.exception.StepFailedException: Unable to get the index of the current window
	at com.kms.katalon.core.webui.keyword.internal.WebUIKeywordMain.stepFailed(WebUIKeywordMain.groovy:64)
	at com.kms.katalon.core.webui.keyword.internal.WebUIKeywordMain.runKeywordAndReturnInt(WebUIKeywordMain.groovy:56)
	at com.kms.katalon.core.webui.keyword.builtin.GetWindowIndexKeyword.getWindowIndex(GetWindowIndexKeyword.groovy:71)
	at com.kms.katalon.core.webui.keyword.builtin.GetWindowIndexKeyword.execute(GetWindowIndexKeyword.groovy:66)
	at com.kms.katalon.core.keyword.internal.KeywordExecutor.executeKeywordForPlatform(KeywordExecutor.groovy:73)
	at com.kms.katalon.core.webui.keyword.WebUiBuiltInKeywords.getWindowIndex(WebUiBuiltInKeywords.groovy:262)
	at com.kms.katalon.core.webui.keyword.WebUiBuiltInKeywords$getWindowIndex$22.call(Unknown Source)
	at Ana_Sekmeye_Gec.run(Ana_Sekmeye_Gec:18)
	at com.kms.katalon.core.main.ScriptEngine.run(ScriptEngine.java:194)
	at com.kms.katalon.core.main.ScriptEngine.runScriptAsRawText(ScriptEngine.java:119)
	at com.kms.katalon.core.main.TestCaseExecutor.runScript(TestCaseExecutor.java:369)
	at com.kms.katalon.core.main.TestCaseExecutor.doExecute(TestCaseExecutor.java:360)
	at com.kms.katalon.core.main.TestCaseExecutor.processExecutionPhase(TestCaseExecutor.java:339)
	at com.kms.katalon.core.main.TestCaseExecutor.accessMainPhase(TestCaseExecutor.java:331)
	at com.kms.katalon.core.main.TestCaseExecutor.execute(TestCaseExecutor.java:248)
	at com.kms.katalon.core.main.TestCaseMain.runTestCase(TestCaseMain.java:138)
	at com.kms.katalon.core.keyword.builtin.CallTestCaseKeyword$_callTestCase_closure1.doCall(CallTestCaseKeyword.groovy:59)
	at com.kms.katalon.core.keyword.builtin.CallTestCaseKeyword$_callTestCase_closure1.call(CallTestCaseKeyword.groovy)
	at com.kms.katalon.core.keyword.internal.KeywordMain.runKeyword(KeywordMain.groovy:68)
	at com.kms.katalon.core.keyword.builtin.CallTestCaseKeyword.callTestCase(CallTestCaseKeyword.groovy:81)
	at com.kms.katalon.core.keyword.builtin.CallTestCaseKeyword.execute(CallTestCaseKeyword.groovy:44)
	at com.kms.katalon.core.keyword.internal.KeywordExecutor.executeKeywordForPlatform(KeywordExecutor.groovy:73)
	at com.kms.katalon.core.keyword.BuiltinKeywords.callTestCase(BuiltinKeywords.groovy:334)
	at sekmeler.sekmeler.anaSekmeyeGecilir(sekmeler.groovy:55)
	at cucumber.runtime.Utils$1.call(Utils.java:26)
	at cucumber.runtime.Timeout.timeout(Timeout.java:16)
	at cucumber.runtime.Utils.invoke(Utils.java:20)
	at cucumber.runtime.java.JavaStepDefinition.execute(JavaStepDefinition.java:49)
	at cucumber.runner.PickleStepDefinitionMatch.runStep(PickleStepDefinitionMatch.java:50)
	at cucumber.runner.TestStep.executeStep(TestStep.java:63)
	at cucumber.runner.TestStep.run(TestStep.java:49)
	at cucumber.runner.PickleStepTestStep.run(PickleStepTestStep.java:43)
	at cucumber.runner.TestCase.run(TestCase.java:44)
	at cucumber.runner.Runner.runPickle(Runner.java:40)
	at cucumber.runtime.Runtime$1.run(Runtime.java:84)
	at cucumber.runtime.Runtime$SameThreadExecutorService.execute(Runtime.java:220)
	at cucumber.runtime.Runtime.run(Runtime.java:81)
	at cucumber.api.cli.Main.run(Main.java:26)
	at cucumber.api.cli.Main$run.call(Unknown Source)
	at com.kms.katalon.core.cucumber.keyword.CucumberBuiltinKeywords$_runFeatureFile_closure1.doCall(CucumberBuiltinKeywords.groovy:106)
	at com.kms.katalon.core.cucumber.keyword.CucumberBuiltinKeywords$_runFeatureFile_closure1.doCall(CucumberBuiltinKeywords.groovy)
	at com.kms.katalon.core.keyword.internal.KeywordMain.runKeyword(KeywordMain.groovy:68)
	at com.kms.katalon.core.keyword.internal.KeywordMain$runKeyword.call(Unknown Source)
	at com.kms.katalon.core.cucumber.keyword.CucumberBuiltinKeywords.runFeatureFile(CucumberBuiltinKeywords.groovy:73)
	at com.kms.katalon.core.cucumber.keyword.CucumberBuiltinKeywords$runFeatureFile$0.callStatic(Unknown Source)
	at com.kms.katalon.core.cucumber.keyword.CucumberBuiltinKeywords.runFeatureFile(CucumberBuiltinKeywords.groovy:246)
	at com.kms.katalon.core.cucumber.keyword.CucumberBuiltinKeywords$runFeatureFile.call(Unknown Source)
	at Departman Ata_Geri Al.run(Departman Ata_Geri Al:18)
	at com.kms.katalon.core.main.ScriptEngine.run(ScriptEngine.java:194)
	at com.kms.katalon.core.main.ScriptEngine.runScriptAsRawText(ScriptEngine.java:119)
	at com.kms.katalon.core.main.TestCaseExecutor.runScript(TestCaseExecutor.java:369)
	at com.kms.katalon.core.main.TestCaseExecutor.doExecute(TestCaseExecutor.java:360)
	at com.kms.katalon.core.main.TestCaseExecutor.processExecutionPhase(TestCaseExecutor.java:339)
	at com.kms.katalon.core.main.TestCaseExecutor.accessMainPhase(TestCaseExecutor.java:331)
	at com.kms.katalon.core.main.TestCaseExecutor.execute(TestCaseExecutor.java:248)
	at com.kms.katalon.core.main.TestSuiteExecutor.accessTestCaseMainPhase(TestSuiteExecutor.java:191)
	at com.kms.katalon.core.main.TestSuiteExecutor.accessTestSuiteMainPhase(TestSuiteExecutor.java:140)
	at com.kms.katalon.core.main.TestSuiteExecutor.execute(TestSuiteExecutor.java:89)
	at com.kms.katalon.core.main.TestCaseMain.startTestSuite(TestCaseMain.java:181)
	at com.kms.katalon.core.main.TestCaseMain$startTestSuite$0.call(Unknown Source)
	at TempTestSuite1637222960690.run(TempTestSuite1637222960690.groovy:39)
Caused by: org.openqa.selenium.NoSuchWindowException: no such window: window was already closed
  (Session info: chrome=96.0.4664.45)
Build info: version: '3.141.59', revision: 'e82be7d358', time: '2018-11-14T08:25:53'
System info: host: 'DESKTOP-QBVMTUG', ip: '192.168.1.24', os.name: 'Windows 10', os.arch: 'amd64', os.version: '10.0', java.version: '1.8.0_282'
Driver info: com.kms.katalon.selenium.driver.CChromeDriver
Capabilities {acceptInsecureCerts: false, browserName: chrome, browserVersion: 96.0.4664.45, chrome: {chromedriverVersion: 96.0.4664.45 (76e4c1bb2ab46..., userDataDir: C:\Users\DELL\AppData\Local...}, goog:chromeOptions: {debuggerAddress: localhost:63996}, javascriptEnabled: true, networkConnectionEnabled: false, pageLoadStrategy: normal, platform: WINDOWS, platformName: WINDOWS, proxy: Proxy(), setWindowRect: true, strictFileInteractability: false, timeouts: {implicit: 0, pageLoad: 300000, script: 30000}, unhandledPromptBehavior: dismiss and notify, webauthn:extension:credBlob: true, webauthn:extension:largeBlob: true, webauthn:virtualAuthenticators: true}
Session ID: 50e3d922e9b74048c9c7b8d24694979f
	at org.openqa.selenium.remote.http.W3CHttpResponseCodec.createException(W3CHttpResponseCodec.java:187)
	at org.openqa.selenium.remote.http.W3CHttpResponseCodec.decode(W3CHttpResponseCodec.java:122)
	at org.openqa.selenium.remote.http.W3CHttpResponseCodec.decode(W3CHttpResponseCodec.java:49)
	at org.openqa.selenium.remote.HttpCommandExecutor.execute(HttpCommandExecutor.java:158)
	at org.openqa.selenium.remote.service.DriverCommandExecutor.execute(DriverCommandExecutor.java:83)
	at org.openqa.selenium.remote.RemoteWebDriver.execute(RemoteWebDriver.java:552)
	at com.kms.katalon.selenium.driver.CChromeDriver.execute(CChromeDriver.java:19)
	at org.openqa.selenium.remote.RemoteWebDriver.execute(RemoteWebDriver.java:609)
	at org.openqa.selenium.remote.RemoteWebDriver.getWindowHandle(RemoteWebDriver.java:472)
	at org.openqa.selenium.support.events.EventFiringWebDriver.lambda$new$1(EventFiringWebDriver.java:105)
	at com.sun.proxy.$Proxy12.getWindowHandle(Unknown Source)
	at org.openqa.selenium.support.events.EventFiringWebDriver.getWindowHandle(EventFiringWebDriver.java:221)
	at com.kms.katalon.core.webui.driver.DriverFactory.getCurrentWindowIndex(DriverFactory.java:1072)
	at com.kms.katalon.core.webui.keyword.builtin.GetWindowIndexKeyword$_getWindowIndex_closure1.doCall(GetWindowIndexKeyword.groovy:73)
	at com.kms.katalon.core.webui.keyword.builtin.GetWindowIndexKeyword$_getWindowIndex_closure1.call(GetWindowIndexKeyword.groovy)
	at com.kms.katalon.core.webui.keyword.internal.WebUIKeywordMain.runKeywordAndReturnInt(WebUIKeywordMain.groovy:50)
	at com.kms.katalon.core.webui.keyword.builtin.GetWindowIndexKeyword.getWindowIndex(GetWindowIndexKeyword.groovy:71)
	at com.kms.katalon.core.webui.keyword.builtin.GetWindowIndexKeyword.execute(GetWindowIndexKeyword.groovy:66)
	at com.kms.katalon.core.keyword.internal.KeywordExecutor.executeKeywordForPlatform(KeywordExecutor.groovy:73)
	at com.kms.katalon.core.webui.keyword.WebUiBuiltInKeywords.getWindowIndex(WebUiBuiltInKeywords.groovy:262)
	at com.kms.katalon.core.webui.keyword.WebUiBuiltInKeywords$getWindowIndex$22.call(Unknown Source)
	at Script1586261051750.run(Script1586261051750.groovy:18)
	at com.kms.katalon.core.main.ScriptEngine.run(ScriptEngine.java:194)
	at com.kms.katalon.core.main.ScriptEngine.runScriptAsRawText(ScriptEngine.java:119)
	at com.kms.katalon.core.main.TestCaseExecutor.runScript(TestCaseExecutor.java:369)
	at com.kms.katalon.core.main.TestCaseExecutor.doExecute(TestCaseExecutor.java:360)
	at com.kms.katalon.core.main.TestCaseExecutor.processExecutionPhase(TestCaseExecutor.java:339)
	at com.kms.katalon.core.main.TestCaseExecutor.accessMainPhase(TestCaseExecutor.java:331)
	at com.kms.katalon.core.main.TestCaseExecutor.execute(TestCaseExecutor.java:248)
	at com.kms.katalon.core.main.TestCaseMain.runTestCase(TestCaseMain.java:138)
	at com.kms.katalon.core.keyword.builtin.CallTestCaseKeyword$_callTestCase_closure1.doCall(CallTestCaseKeyword.groovy:59)
	at com.kms.katalon.core.keyword.builtin.CallTestCaseKeyword$_callTestCase_closure1.call(CallTestCaseKeyword.groovy)
	at com.kms.katalon.core.keyword.internal.KeywordMain.runKeyword(KeywordMain.groovy:68)
	at com.kms.katalon.core.keyword.builtin.CallTestCaseKeyword.callTestCase(CallTestCaseKeyword.groovy:81)
	at com.kms.katalon.core.keyword.builtin.CallTestCaseKeyword.execute(CallTestCaseKeyword.groovy:44)
	at com.kms.katalon.core.keyword.internal.KeywordExecutor.executeKeywordForPlatform(KeywordExecutor.groovy:73)
	at com.kms.katalon.core.keyword.BuiltinKeywords.callTestCase(BuiltinKeywords.groovy:334)
	at sekmeler.sekmeler.anaSekmeyeGecilir(sekmeler.groovy:55)
	at cucumber.runtime.Utils$1.call(Utils.java:26)
	at cucumber.runtime.Timeout.timeout(Timeout.java:16)
	at cucumber.runtime.Utils.invoke(Utils.java:20)
	at cucumber.runtime.java.JavaStepDefinition.execute(JavaStepDefinition.java:49)
	at cucumber.runner.PickleStepDefinitionMatch.runStep(PickleStepDefinitionMatch.java:50)
	at cucumber.runner.TestStep.executeStep(TestStep.java:63)
	at cucumber.runner.TestStep.run(TestStep.java:49)
	at cucumber.runner.PickleStepTestStep.run(PickleStepTestStep.java:43)
	at cucumber.runner.TestCase.run(TestCase.java:44)
	at cucumber.runner.Runner.runPickle(Runner.java:40)
	at cucumber.runtime.Runtime$1.run(Runtime.java:84)
	at cucumber.runtime.Runtime$SameThreadExecutorService.execute(Runtime.java:220)
	at cucumber.runtime.Runtime.run(Runtime.java:81)
	at cucumber.api.cli.Main.run(Main.java:26)
	at cucumber.api.cli.Main$run.call(Unknown Source)
	at com.kms.katalon.core.cucumber.keyword.CucumberBuiltinKeywords$_runFeatureFile_closure1.doCall(CucumberBuiltinKeywords.groovy:106)
	at com.kms.katalon.core.cucumber.keyword.CucumberBuiltinKeywords$_runFeatureFile_closure1.doCall(CucumberBuiltinKeywords.groovy)
	at com.kms.katalon.core.keyword.internal.KeywordMain.runKeyword(KeywordMain.groovy:68)
	at com.kms.katalon.core.keyword.internal.KeywordMain$runKeyword.call(Unknown Source)
	at com.kms.katalon.core.cucumber.keyword.CucumberBuiltinKeywords.runFeatureFile(CucumberBuiltinKeywords.groovy:73)
	at com.kms.katalon.core.cucumber.keyword.CucumberBuiltinKeywords$runFeatureFile$0.callStatic(Unknown Source)
	at com.kms.katalon.core.cucumber.keyword.CucumberBuiltinKeywords.runFeatureFile(CucumberBuiltinKeywords.groovy:246)
	at com.kms.katalon.core.cucumber.keyword.CucumberBuiltinKeywords$runFeatureFile.call(Unknown Source)
	at Script1600698733774.run(Script1600698733774.groovy:18)
	... 13 more
)

2021-11-18 11:20:31 - [TEST_STEP][FAILED] - index = getWindowIndex(): Unable to get the index of the current window (Root cause: com.kms.katalon.core.exception.StepFailedException: Unable to get the index of the current window
	at com.kms.katalon.core.webui.keyword.internal.WebUIKeywordMain.stepFailed(WebUIKeywordMain.groovy:64)
	at com.kms.katalon.core.webui.keyword.internal.WebUIKeywordMain.runKeywordAndReturnInt(WebUIKeywordMain.groovy:56)
	at com.kms.katalon.core.webui.keyword.builtin.GetWindowIndexKeyword.getWindowIndex(GetWindowIndexKeyword.groovy:71)
	at com.kms.katalon.core.webui.keyword.builtin.GetWindowIndexKeyword.execute(GetWindowIndexKeyword.groovy:66)
	at com.kms.katalon.core.keyword.internal.KeywordExecutor.executeKeywordForPlatform(KeywordExecutor.groovy:73)
	at com.kms.katalon.core.webui.keyword.WebUiBuiltInKeywords.getWindowIndex(WebUiBuiltInKeywords.groovy:262)
	at com.kms.katalon.core.webui.keyword.WebUiBuiltInKeywords$getWindowIndex$22.call(Unknown Source)
	at Ana_Sekmeye_Gec.run(Ana_Sekmeye_Gec:18)
	at com.kms.katalon.core.main.ScriptEngine.run(ScriptEngine.java:194)
	at com.kms.katalon.core.main.ScriptEngine.runScriptAsRawText(ScriptEngine.java:119)
	at com.kms.katalon.core.main.TestCaseExecutor.runScript(TestCaseExecutor.java:369)
	at com.kms.katalon.core.main.TestCaseExecutor.doExecute(TestCaseExecutor.java:360)
	at com.kms.katalon.core.main.TestCaseExecutor.processExecutionPhase(TestCaseExecutor.java:339)
	at com.kms.katalon.core.main.TestCaseExecutor.accessMainPhase(TestCaseExecutor.java:331)
	at com.kms.katalon.core.main.TestCaseExecutor.execute(TestCaseExecutor.java:248)
	at com.kms.katalon.core.main.TestCaseMain.runTestCase(TestCaseMain.java:138)
	at com.kms.katalon.core.keyword.builtin.CallTestCaseKeyword$_callTestCase_closure1.doCall(CallTestCaseKeyword.groovy:59)
	at com.kms.katalon.core.keyword.builtin.CallTestCaseKeyword$_callTestCase_closure1.call(CallTestCaseKeyword.groovy)
	at com.kms.katalon.core.keyword.internal.KeywordMain.runKeyword(KeywordMain.groovy:68)
	at com.kms.katalon.core.keyword.builtin.CallTestCaseKeyword.callTestCase(CallTestCaseKeyword.groovy:81)
	at com.kms.katalon.core.keyword.builtin.CallTestCaseKeyword.execute(CallTestCaseKeyword.groovy:44)
	at com.kms.katalon.core.keyword.internal.KeywordExecutor.executeKeywordForPlatform(KeywordExecutor.groovy:73)
	at com.kms.katalon.core.keyword.BuiltinKeywords.callTestCase(BuiltinKeywords.groovy:334)
	at sekmeler.sekmeler.anaSekmeyeGecilir(sekmeler.groovy:55)
	at cucumber.runtime.Utils$1.call(Utils.java:26)
	at cucumber.runtime.Timeout.timeout(Timeout.java:16)
	at cucumber.runtime.Utils.invoke(Utils.java:20)
	at cucumber.runtime.java.JavaStepDefinition.execute(JavaStepDefinition.java:49)
	at cucumber.runner.PickleStepDefinitionMatch.runStep(PickleStepDefinitionMatch.java:50)
	at cucumber.runner.TestStep.executeStep(TestStep.java:63)
	at cucumber.runner.TestStep.run(TestStep.java:49)
	at cucumber.runner.PickleStepTestStep.run(PickleStepTestStep.java:43)
	at cucumber.runner.TestCase.run(TestCase.java:44)
	at cucumber.runner.Runner.runPickle(Runner.java:40)
	at cucumber.runtime.Runtime$1.run(Runtime.java:84)
	at cucumber.runtime.Runtime$SameThreadExecutorService.execute(Runtime.java:220)
	at cucumber.runtime.Runtime.run(Runtime.java:81)
	at cucumber.api.cli.Main.run(Main.java:26)
	at cucumber.api.cli.Main$run.call(Unknown Source)
	at com.kms.katalon.core.cucumber.keyword.CucumberBuiltinKeywords$_runFeatureFile_closure1.doCall(CucumberBuiltinKeywords.groovy:106)
	at com.kms.katalon.core.cucumber.keyword.CucumberBuiltinKeywords$_runFeatureFile_closure1.doCall(CucumberBuiltinKeywords.groovy)
	at com.kms.katalon.core.keyword.internal.KeywordMain.runKeyword(KeywordMain.groovy:68)
	at com.kms.katalon.core.keyword.internal.KeywordMain$runKeyword.call(Unknown Source)
	at com.kms.katalon.core.cucumber.keyword.CucumberBuiltinKeywords.runFeatureFile(CucumberBuiltinKeywords.groovy:73)
	at com.kms.katalon.core.cucumber.keyword.CucumberBuiltinKeywords$runFeatureFile$0.callStatic(Unknown Source)
	at com.kms.katalon.core.cucumber.keyword.CucumberBuiltinKeywords.runFeatureFile(CucumberBuiltinKeywords.groovy:246)
	at com.kms.katalon.core.cucumber.keyword.CucumberBuiltinKeywords$runFeatureFile.call(Unknown Source)
	at Departman Ata_Geri Al.run(Departman Ata_Geri Al:18)
	at com.kms.katalon.core.main.ScriptEngine.run(ScriptEngine.java:194)
	at com.kms.katalon.core.main.ScriptEngine.runScriptAsRawText(ScriptEngine.java:119)
	at com.kms.katalon.core.main.TestCaseExecutor.runScript(TestCaseExecutor.java:369)
	at com.kms.katalon.core.main.TestCaseExecutor.doExecute(TestCaseExecutor.java:360)
	at com.kms.katalon.core.main.TestCaseExecutor.processExecutionPhase(TestCaseExecutor.java:339)
	at com.kms.katalon.core.main.TestCaseExecutor.accessMainPhase(TestCaseExecutor.java:331)
	at com.kms.katalon.core.main.TestCaseExecutor.execute(TestCaseExecutor.java:248)
	at com.kms.katalon.core.main.TestSuiteExecutor.accessTestCaseMainPhase(TestSuiteExecutor.java:191)
	at com.kms.katalon.core.main.TestSuiteExecutor.accessTestSuiteMainPhase(TestSuiteExecutor.java:140)
	at com.kms.katalon.core.main.TestSuiteExecutor.execute(TestSuiteExecutor.java:89)
	at com.kms.katalon.core.main.TestCaseMain.startTestSuite(TestCaseMain.java:181)
	at com.kms.katalon.core.main.TestCaseMain$startTestSuite$0.call(Unknown Source)
	at TempTestSuite1637222960690.run(TempTestSuite1637222960690.groovy:39)
Caused by: org.openqa.selenium.NoSuchWindowException: no such window: window was already closed
  (Session info: chrome=96.0.4664.45)
Build info: version: '3.141.59', revision: 'e82be7d358', time: '2018-11-14T08:25:53'
System info: host: 'DESKTOP-QBVMTUG', ip: '192.168.1.24', os.name: 'Windows 10', os.arch: 'amd64', os.version: '10.0', java.version: '1.8.0_282'
Driver info: com.kms.katalon.selenium.driver.CChromeDriver
Capabilities {acceptInsecureCerts: false, browserName: chrome, browserVersion: 96.0.4664.45, chrome: {chromedriverVersion: 96.0.4664.45 (76e4c1bb2ab46..., userDataDir: C:\Users\DELL\AppData\Local...}, goog:chromeOptions: {debuggerAddress: localhost:63996}, javascriptEnabled: true, networkConnectionEnabled: false, pageLoadStrategy: normal, platform: WINDOWS, platformName: WINDOWS, proxy: Proxy(), setWindowRect: true, strictFileInteractability: false, timeouts: {implicit: 0, pageLoad: 300000, script: 30000}, unhandledPromptBehavior: dismiss and notify, webauthn:extension:credBlob: true, webauthn:extension:largeBlob: true, webauthn:virtualAuthenticators: true}
Session ID: 50e3d922e9b74048c9c7b8d24694979f
	at org.openqa.selenium.remote.http.W3CHttpResponseCodec.createException(W3CHttpResponseCodec.java:187)
	at org.openqa.selenium.remote.http.W3CHttpResponseCodec.decode(W3CHttpResponseCodec.java:122)
	at org.openqa.selenium.remote.http.W3CHttpResponseCodec.decode(W3CHttpResponseCodec.java:49)
	at org.openqa.selenium.remote.HttpCommandExecutor.execute(HttpCommandExecutor.java:158)
	at org.openqa.selenium.remote.service.DriverCommandExecutor.execute(DriverCommandExecutor.java:83)
	at org.openqa.selenium.remote.RemoteWebDriver.execute(RemoteWebDriver.java:552)
	at com.kms.katalon.selenium.driver.CChromeDriver.execute(CChromeDriver.java:19)
	at org.openqa.selenium.remote.RemoteWebDriver.execute(RemoteWebDriver.java:609)
	at org.openqa.selenium.remote.RemoteWebDriver.getWindowHandle(RemoteWebDriver.java:472)
	at org.openqa.selenium.support.events.EventFiringWebDriver.lambda$new$1(EventFiringWebDriver.java:105)
	at com.sun.proxy.$Proxy12.getWindowHandle(Unknown Source)
	at org.openqa.selenium.support.events.EventFiringWebDriver.getWindowHandle(EventFiringWebDriver.java:221)
	at com.kms.katalon.core.webui.driver.DriverFactory.getCurrentWindowIndex(DriverFactory.java:1072)
	at com.kms.katalon.core.webui.keyword.builtin.GetWindowIndexKeyword$_getWindowIndex_closure1.doCall(GetWindowIndexKeyword.groovy:73)
	at com.kms.katalon.core.webui.keyword.builtin.GetWindowIndexKeyword$_getWindowIndex_closure1.call(GetWindowIndexKeyword.groovy)
	at com.kms.katalon.core.webui.keyword.internal.WebUIKeywordMain.runKeywordAndReturnInt(WebUIKeywordMain.groovy:50)
	at com.kms.katalon.core.webui.keyword.builtin.GetWindowIndexKeyword.getWindowIndex(GetWindowIndexKeyword.groovy:71)
	at com.kms.katalon.core.webui.keyword.builtin.GetWindowIndexKeyword.execute(GetWindowIndexKeyword.groovy:66)
	at com.kms.katalon.core.keyword.internal.KeywordExecutor.executeKeywordForPlatform(KeywordExecutor.groovy:73)
	at com.kms.katalon.core.webui.keyword.WebUiBuiltInKeywords.getWindowIndex(WebUiBuiltInKeywords.groovy:262)
	at com.kms.katalon.core.webui.keyword.WebUiBuiltInKeywords$getWindowIndex$22.call(Unknown Source)
	at Script1586261051750.run(Script1586261051750.groovy:18)
	at com.kms.katalon.core.main.ScriptEngine.run(ScriptEngine.java:194)
	at com.kms.katalon.core.main.ScriptEngine.runScriptAsRawText(ScriptEngine.java:119)
	at com.kms.katalon.core.main.TestCaseExecutor.runScript(TestCaseExecutor.java:369)
	at com.kms.katalon.core.main.TestCaseExecutor.doExecute(TestCaseExecutor.java:360)
	at com.kms.katalon.core.main.TestCaseExecutor.processExecutionPhase(TestCaseExecutor.java:339)
	at com.kms.katalon.core.main.TestCaseExecutor.accessMainPhase(TestCaseExecutor.java:331)
	at com.kms.katalon.core.main.TestCaseExecutor.execute(TestCaseExecutor.java:248)
	at com.kms.katalon.core.main.TestCaseMain.runTestCase(TestCaseMain.java:138)
	at com.kms.katalon.core.keyword.builtin.CallTestCaseKeyword$_callTestCase_closure1.doCall(CallTestCaseKeyword.groovy:59)
	at com.kms.katalon.core.keyword.builtin.CallTestCaseKeyword$_callTestCase_closure1.call(CallTestCaseKeyword.groovy)
	at com.kms.katalon.core.keyword.internal.KeywordMain.runKeyword(KeywordMain.groovy:68)
	at com.kms.katalon.core.keyword.builtin.CallTestCaseKeyword.callTestCase(CallTestCaseKeyword.groovy:81)
	at com.kms.katalon.core.keyword.builtin.CallTestCaseKeyword.execute(CallTestCaseKeyword.groovy:44)
	at com.kms.katalon.core.keyword.internal.KeywordExecutor.executeKeywordForPlatform(KeywordExecutor.groovy:73)
	at com.kms.katalon.core.keyword.BuiltinKeywords.callTestCase(BuiltinKeywords.groovy:334)
	at sekmeler.sekmeler.anaSekmeyeGecilir(sekmeler.groovy:55)
	at cucumber.runtime.Utils$1.call(Utils.java:26)
	at cucumber.runtime.Timeout.timeout(Timeout.java:16)
	at cucumber.runtime.Utils.invoke(Utils.java:20)
	at cucumber.runtime.java.JavaStepDefinition.execute(JavaStepDefinition.java:49)
	at cucumber.runner.PickleStepDefinitionMatch.runStep(PickleStepDefinitionMatch.java:50)
	at cucumber.runner.TestStep.executeStep(TestStep.java:63)
	at cucumber.runner.TestStep.run(TestStep.java:49)
	at cucumber.runner.PickleStepTestStep.run(PickleStepTestStep.java:43)
	at cucumber.runner.TestCase.run(TestCase.java:44)
	at cucumber.runner.Runner.runPickle(Runner.java:40)
	at cucumber.runtime.Runtime$1.run(Runtime.java:84)
	at cucumber.runtime.Runtime$SameThreadExecutorService.execute(Runtime.java:220)
	at cucumber.runtime.Runtime.run(Runtime.java:81)
	at cucumber.api.cli.Main.run(Main.java:26)
	at cucumber.api.cli.Main$run.call(Unknown Source)
	at com.kms.katalon.core.cucumber.keyword.CucumberBuiltinKeywords$_runFeatureFile_closure1.doCall(CucumberBuiltinKeywords.groovy:106)
	at com.kms.katalon.core.cucumber.keyword.CucumberBuiltinKeywords$_runFeatureFile_closure1.doCall(CucumberBuiltinKeywords.groovy)
	at com.kms.katalon.core.keyword.internal.KeywordMain.runKeyword(KeywordMain.groovy:68)
	at com.kms.katalon.core.keyword.internal.KeywordMain$runKeyword.call(Unknown Source)
	at com.kms.katalon.core.cucumber.keyword.CucumberBuiltinKeywords.runFeatureFile(CucumberBuiltinKeywords.groovy:73)
	at com.kms.katalon.core.cucumber.keyword.CucumberBuiltinKeywords$runFeatureFile$0.callStatic(Unknown Source)
	at com.kms.katalon.core.cucumber.keyword.CucumberBuiltinKeywords.runFeatureFile(CucumberBuiltinKeywords.groovy:246)
	at com.kms.katalon.core.cucumber.keyword.CucumberBuiltinKeywords$runFeatureFile.call(Unknown Source)
	at Script1600698733774.run(Script1600698733774.groovy:18)
	... 13 more
)

2021-11-18 11:20:31 - [MESSAGE][INFO] - Getting current window's index

2021-11-18 11:20:31 - [MESSAGE][FAILED] - Unable to get the index of the current window (Root cause: com.kms.katalon.core.exception.StepFailedException: Unable to get the index of the current window
	at com.kms.katalon.core.webui.keyword.internal.WebUIKeywordMain.stepFailed(WebUIKeywordMain.groovy:64)
	at com.kms.katalon.core.webui.keyword.internal.WebUIKeywordMain.runKeywordAndReturnInt(WebUIKeywordMain.groovy:56)
	at com.kms.katalon.core.webui.keyword.builtin.GetWindowIndexKeyword.getWindowIndex(GetWindowIndexKeyword.groovy:71)
	at com.kms.katalon.core.webui.keyword.builtin.GetWindowIndexKeyword.execute(GetWindowIndexKeyword.groovy:66)
	at com.kms.katalon.core.keyword.internal.KeywordExecutor.executeKeywordForPlatform(KeywordExecutor.groovy:73)
	at com.kms.katalon.core.webui.keyword.WebUiBuiltInKeywords.getWindowIndex(WebUiBuiltInKeywords.groovy:262)
	at com.kms.katalon.core.webui.keyword.WebUiBuiltInKeywords$getWindowIndex$22.call(Unknown Source)
	at Ana_Sekmeye_Gec.run(Ana_Sekmeye_Gec:18)
	at com.kms.katalon.core.main.ScriptEngine.run(ScriptEngine.java:194)
	at com.kms.katalon.core.main.ScriptEngine.runScriptAsRawText(ScriptEngine.java:119)
	at com.kms.katalon.core.main.TestCaseExecutor.runScript(TestCaseExecutor.java:369)
	at com.kms.katalon.core.main.TestCaseExecutor.doExecute(TestCaseExecutor.java:360)
	at com.kms.katalon.core.main.TestCaseExecutor.processExecutionPhase(TestCaseExecutor.java:339)
	at com.kms.katalon.core.main.TestCaseExecutor.accessMainPhase(TestCaseExecutor.java:331)
	at com.kms.katalon.core.main.TestCaseExecutor.execute(TestCaseExecutor.java:248)
	at com.kms.katalon.core.main.TestCaseMain.runTestCase(TestCaseMain.java:138)
	at com.kms.katalon.core.keyword.builtin.CallTestCaseKeyword$_callTestCase_closure1.doCall(CallTestCaseKeyword.groovy:59)
	at com.kms.katalon.core.keyword.builtin.CallTestCaseKeyword$_callTestCase_closure1.call(CallTestCaseKeyword.groovy)
	at com.kms.katalon.core.keyword.internal.KeywordMain.runKeyword(KeywordMain.groovy:68)
	at com.kms.katalon.core.keyword.builtin.CallTestCaseKeyword.callTestCase(CallTestCaseKeyword.groovy:81)
	at com.kms.katalon.core.keyword.builtin.CallTestCaseKeyword.execute(CallTestCaseKeyword.groovy:44)
	at com.kms.katalon.core.keyword.internal.KeywordExecutor.executeKeywordForPlatform(KeywordExecutor.groovy:73)
	at com.kms.katalon.core.keyword.BuiltinKeywords.callTestCase(BuiltinKeywords.groovy:334)
	at sekmeler.sekmeler.anaSekmeyeGecilir(sekmeler.groovy:55)
	at cucumber.runtime.Utils$1.call(Utils.java:26)
	at cucumber.runtime.Timeout.timeout(Timeout.java:16)
	at cucumber.runtime.Utils.invoke(Utils.java:20)
	at cucumber.runtime.java.JavaStepDefinition.execute(JavaStepDefinition.java:49)
	at cucumber.runner.PickleStepDefinitionMatch.runStep(PickleStepDefinitionMatch.java:50)
	at cucumber.runner.TestStep.executeStep(TestStep.java:63)
	at cucumber.runner.TestStep.run(TestStep.java:49)
	at cucumber.runner.PickleStepTestStep.run(PickleStepTestStep.java:43)
	at cucumber.runner.TestCase.run(TestCase.java:44)
	at cucumber.runner.Runner.runPickle(Runner.java:40)
	at cucumber.runtime.Runtime$1.run(Runtime.java:84)
	at cucumber.runtime.Runtime$SameThreadExecutorService.execute(Runtime.java:220)
	at cucumber.runtime.Runtime.run(Runtime.java:81)
	at cucumber.api.cli.Main.run(Main.java:26)
	at cucumber.api.cli.Main$run.call(Unknown Source)
	at com.kms.katalon.core.cucumber.keyword.CucumberBuiltinKeywords$_runFeatureFile_closure1.doCall(CucumberBuiltinKeywords.groovy:106)
	at com.kms.katalon.core.cucumber.keyword.CucumberBuiltinKeywords$_runFeatureFile_closure1.doCall(CucumberBuiltinKeywords.groovy)
	at com.kms.katalon.core.keyword.internal.KeywordMain.runKeyword(KeywordMain.groovy:68)
	at com.kms.katalon.core.keyword.internal.KeywordMain$runKeyword.call(Unknown Source)
	at com.kms.katalon.core.cucumber.keyword.CucumberBuiltinKeywords.runFeatureFile(CucumberBuiltinKeywords.groovy:73)
	at com.kms.katalon.core.cucumber.keyword.CucumberBuiltinKeywords$runFeatureFile$0.callStatic(Unknown Source)
	at com.kms.katalon.core.cucumber.keyword.CucumberBuiltinKeywords.runFeatureFile(CucumberBuiltinKeywords.groovy:246)
	at com.kms.katalon.core.cucumber.keyword.CucumberBuiltinKeywords$runFeatureFile.call(Unknown Source)
	at Departman Ata_Geri Al.run(Departman Ata_Geri Al:18)
	at com.kms.katalon.core.main.ScriptEngine.run(ScriptEngine.java:194)
	at com.kms.katalon.core.main.ScriptEngine.runScriptAsRawText(ScriptEngine.java:119)
	at com.kms.katalon.core.main.TestCaseExecutor.runScript(TestCaseExecutor.java:369)
	at com.kms.katalon.core.main.TestCaseExecutor.doExecute(TestCaseExecutor.java:360)
	at com.kms.katalon.core.main.TestCaseExecutor.processExecutionPhase(TestCaseExecutor.java:339)
	at com.kms.katalon.core.main.TestCaseExecutor.accessMainPhase(TestCaseExecutor.java:331)
	at com.kms.katalon.core.main.TestCaseExecutor.execute(TestCaseExecutor.java:248)
	at com.kms.katalon.core.main.TestSuiteExecutor.accessTestCaseMainPhase(TestSuiteExecutor.java:191)
	at com.kms.katalon.core.main.TestSuiteExecutor.accessTestSuiteMainPhase(TestSuiteExecutor.java:140)
	at com.kms.katalon.core.main.TestSuiteExecutor.execute(TestSuiteExecutor.java:89)
	at com.kms.katalon.core.main.TestCaseMain.startTestSuite(TestCaseMain.java:181)
	at com.kms.katalon.core.main.TestCaseMain$startTestSuite$0.call(Unknown Source)
	at TempTestSuite1637222960690.run(TempTestSuite1637222960690.groovy:39)
Caused by: org.openqa.selenium.NoSuchWindowException: no such window: window was already closed
  (Session info: chrome=96.0.4664.45)
Build info: version: '3.141.59', revision: 'e82be7d358', time: '2018-11-14T08:25:53'
System info: host: 'DESKTOP-QBVMTUG', ip: '192.168.1.24', os.name: 'Windows 10', os.arch: 'amd64', os.version: '10.0', java.version: '1.8.0_282'
Driver info: com.kms.katalon.selenium.driver.CChromeDriver
Capabilities {acceptInsecureCerts: false, browserName: chrome, browserVersion: 96.0.4664.45, chrome: {chromedriverVersion: 96.0.4664.45 (76e4c1bb2ab46..., userDataDir: C:\Users\DELL\AppData\Local...}, goog:chromeOptions: {debuggerAddress: localhost:63996}, javascriptEnabled: true, networkConnectionEnabled: false, pageLoadStrategy: normal, platform: WINDOWS, platformName: WINDOWS, proxy: Proxy(), setWindowRect: true, strictFileInteractability: false, timeouts: {implicit: 0, pageLoad: 300000, script: 30000}, unhandledPromptBehavior: dismiss and notify, webauthn:extension:credBlob: true, webauthn:extension:largeBlob: true, webauthn:virtualAuthenticators: true}
Session ID: 50e3d922e9b74048c9c7b8d24694979f
	at org.openqa.selenium.remote.http.W3CHttpResponseCodec.createException(W3CHttpResponseCodec.java:187)
	at org.openqa.selenium.remote.http.W3CHttpResponseCodec.decode(W3CHttpResponseCodec.java:122)
	at org.openqa.selenium.remote.http.W3CHttpResponseCodec.decode(W3CHttpResponseCodec.java:49)
	at org.openqa.selenium.remote.HttpCommandExecutor.execute(HttpCommandExecutor.java:158)
	at org.openqa.selenium.remote.service.DriverCommandExecutor.execute(DriverCommandExecutor.java:83)
	at org.openqa.selenium.remote.RemoteWebDriver.execute(RemoteWebDriver.java:552)
	at com.kms.katalon.selenium.driver.CChromeDriver.execute(CChromeDriver.java:19)
	at org.openqa.selenium.remote.RemoteWebDriver.execute(RemoteWebDriver.java:609)
	at org.openqa.selenium.remote.RemoteWebDriver.getWindowHandle(RemoteWebDriver.java:472)
	at org.openqa.selenium.support.events.EventFiringWebDriver.lambda$new$1(EventFiringWebDriver.java:105)
	at com.sun.proxy.$Proxy12.getWindowHandle(Unknown Source)
	at org.openqa.selenium.support.events.EventFiringWebDriver.getWindowHandle(EventFiringWebDriver.java:221)
	at com.kms.katalon.core.webui.driver.DriverFactory.getCurrentWindowIndex(DriverFactory.java:1072)
	at com.kms.katalon.core.webui.keyword.builtin.GetWindowIndexKeyword$_getWindowIndex_closure1.doCall(GetWindowIndexKeyword.groovy:73)
	at com.kms.katalon.core.webui.keyword.builtin.GetWindowIndexKeyword$_getWindowIndex_closure1.call(GetWindowIndexKeyword.groovy)
	at com.kms.katalon.core.webui.keyword.internal.WebUIKeywordMain.runKeywordAndReturnInt(WebUIKeywordMain.groovy:50)
	at com.kms.katalon.core.webui.keyword.builtin.GetWindowIndexKeyword.getWindowIndex(GetWindowIndexKeyword.groovy:71)
	at com.kms.katalon.core.webui.keyword.builtin.GetWindowIndexKeyword.execute(GetWindowIndexKeyword.groovy:66)
	at com.kms.katalon.core.keyword.internal.KeywordExecutor.executeKeywordForPlatform(KeywordExecutor.groovy:73)
	at com.kms.katalon.core.webui.keyword.WebUiBuiltInKeywords.getWindowIndex(WebUiBuiltInKeywords.groovy:262)
	at com.kms.katalon.core.webui.keyword.WebUiBuiltInKeywords$getWindowIndex$22.call(Unknown Source)
	at Script1586261051750.run(Script1586261051750.groovy:18)
	at com.kms.katalon.core.main.ScriptEngine.run(ScriptEngine.java:194)
	at com.kms.katalon.core.main.ScriptEngine.runScriptAsRawText(ScriptEngine.java:119)
	at com.kms.katalon.core.main.TestCaseExecutor.runScript(TestCaseExecutor.java:369)
	at com.kms.katalon.core.main.TestCaseExecutor.doExecute(TestCaseExecutor.java:360)
	at com.kms.katalon.core.main.TestCaseExecutor.processExecutionPhase(TestCaseExecutor.java:339)
	at com.kms.katalon.core.main.TestCaseExecutor.accessMainPhase(TestCaseExecutor.java:331)
	at com.kms.katalon.core.main.TestCaseExecutor.execute(TestCaseExecutor.java:248)
	at com.kms.katalon.core.main.TestCaseMain.runTestCase(TestCaseMain.java:138)
	at com.kms.katalon.core.keyword.builtin.CallTestCaseKeyword$_callTestCase_closure1.doCall(CallTestCaseKeyword.groovy:59)
	at com.kms.katalon.core.keyword.builtin.CallTestCaseKeyword$_callTestCase_closure1.call(CallTestCaseKeyword.groovy)
	at com.kms.katalon.core.keyword.internal.KeywordMain.runKeyword(KeywordMain.groovy:68)
	at com.kms.katalon.core.keyword.builtin.CallTestCaseKeyword.callTestCase(CallTestCaseKeyword.groovy:81)
	at com.kms.katalon.core.keyword.builtin.CallTestCaseKeyword.execute(CallTestCaseKeyword.groovy:44)
	at com.kms.katalon.core.keyword.internal.KeywordExecutor.executeKeywordForPlatform(KeywordExecutor.groovy:73)
	at com.kms.katalon.core.keyword.BuiltinKeywords.callTestCase(BuiltinKeywords.groovy:334)
	at sekmeler.sekmeler.anaSekmeyeGecilir(sekmeler.groovy:55)
	at cucumber.runtime.Utils$1.call(Utils.java:26)
	at cucumber.runtime.Timeout.timeout(Timeout.java:16)
	at cucumber.runtime.Utils.invoke(Utils.java:20)
	at cucumber.runtime.java.JavaStepDefinition.execute(JavaStepDefinition.java:49)
	at cucumber.runner.PickleStepDefinitionMatch.runStep(PickleStepDefinitionMatch.java:50)
	at cucumber.runner.TestStep.executeStep(TestStep.java:63)
	at cucumber.runner.TestStep.run(TestStep.java:49)
	at cucumber.runner.PickleStepTestStep.run(PickleStepTestStep.java:43)
	at cucumber.runner.TestCase.run(TestCase.java:44)
	at cucumber.runner.Runner.runPickle(Runner.java:40)
	at cucumber.runtime.Runtime$1.run(Runtime.java:84)
	at cucumber.runtime.Runtime$SameThreadExecutorService.execute(Runtime.java:220)
	at cucumber.runtime.Runtime.run(Runtime.java:81)
	at cucumber.api.cli.Main.run(Main.java:26)
	at cucumber.api.cli.Main$run.call(Unknown Source)
	at com.kms.katalon.core.cucumber.keyword.CucumberBuiltinKeywords$_runFeatureFile_closure1.doCall(CucumberBuiltinKeywords.groovy:106)
	at com.kms.katalon.core.cucumber.keyword.CucumberBuiltinKeywords$_runFeatureFile_closure1.doCall(CucumberBuiltinKeywords.groovy)
	at com.kms.katalon.core.keyword.internal.KeywordMain.runKeyword(KeywordMain.groovy:68)
	at com.kms.katalon.core.keyword.internal.KeywordMain$runKeyword.call(Unknown Source)
	at com.kms.katalon.core.cucumber.keyword.CucumberBuiltinKeywords.runFeatureFile(CucumberBuiltinKeywords.groovy:73)
	at com.kms.katalon.core.cucumber.keyword.CucumberBuiltinKeywords$runFeatureFile$0.callStatic(Unknown Source)
	at com.kms.katalon.core.cucumber.keyword.CucumberBuiltinKeywords.runFeatureFile(CucumberBuiltinKeywords.groovy:246)
	at com.kms.katalon.core.cucumber.keyword.CucumberBuiltinKeywords$runFeatureFile.call(Unknown Source)
	at Script1600698733774.run(Script1600698733774.groovy:18)
	... 13 more
)

2021-11-18 11:20:31 - [TEST_STEP][PASSED] - catch (Exception e): null

2021-11-18 11:20:31 - [TEST_STEP][PASSED] - switchToWindowIndex(0): Switched to window with index: '0'

2021-11-18 11:20:31 - [MESSAGE][INFO] - Checking index

2021-11-18 11:20:31 - [MESSAGE][INFO] - Switching window with index: '0'

2021-11-18 11:20:31 - [MESSAGE][PASSED] - Switched to window with index: '0'

2021-11-18 11:20:31 - [MESSAGE][PASSED] - Call Test Case 'Test Cases/Sekmeler/Ana_Sekmeye_Gec' successfully

2021-11-18 11:20:31 - [MESSAGE][INFO] - Checking called Test Case

2021-11-18 11:20:31 - [MESSAGE][INFO] - Starting to call Test Case 'Test Cases/Butonlar/ButonaTikla'

2021-11-18 11:20:31 - [TEST_CASE][PASSED] - Test Cases/Butonlar/ButonaTikla: Test Cases/Butonlar/ButonaTikla

2021-11-18 11:20:31 - [TEST_STEP][PASSED] - Method.TextDegerineEsitElementeTiklaEquals(findTestObject("Butonlar/Butonlar"), Buton_Adi): Method.TextDegerineEsitElementeTiklaEquals is PASSED

2021-11-18 11:20:31 - [MESSAGE][INFO] - Finding Test Object 'Object Repository/Butonlar/Butonlar'

2021-11-18 11:20:31 - [MESSAGE][INFO] - Checking timeout

2021-11-18 11:20:31 - [MESSAGE][INFO] - Finding web element with id: 'Object Repository/Butonlar/Butonlar' located by 'By.cssSelector: .panel.panel-default.text-center.footerPanel .btn,.btn.btn-primary.btnControls' in '10' second(s)

2021-11-18 11:20:31 - [MESSAGE][INFO] - Smart Wait Function is triggered

2021-11-18 11:20:31 - [MESSAGE][INFO] - Found 12 web elements with id: 'Object Repository/Butonlar/Butonlar' located by 'By.cssSelector: .panel.panel-default.text-center.footerPanel .btn,.btn.btn-primary.btnControls' in '10' second(s)

2021-11-18 11:20:32 - [MESSAGE][PASSED] - Method.TextDegerineEsitElementeTiklaEquals is PASSED

2021-11-18 11:20:32 - [MESSAGE][PASSED] - Call Test Case 'Test Cases/Butonlar/ButonaTikla' successfully

2021-11-18 11:20:32 - [MESSAGE][INFO] - Checking called Test Case

2021-11-18 11:20:32 - [MESSAGE][INFO] - Starting to call Test Case 'Test Cases/Sekmeler/YeniSekmeyeGec'

2021-11-18 11:20:32 - [TEST_CASE][PASSED] - Test Cases/Sekmeler/YeniSekmeyeGec: Test Cases/Sekmeler/YeniSekmeyeGec

2021-11-18 11:20:32 - [TEST_STEP][PASSED] - switchToWindowIndex(1): Switched to window with index: '1'

2021-11-18 11:20:32 - [MESSAGE][INFO] - Checking index

2021-11-18 11:20:32 - [MESSAGE][INFO] - Switching window with index: '1'

2021-11-18 11:20:32 - [MESSAGE][PASSED] - Switched to window with index: '1'

2021-11-18 11:20:32 - [MESSAGE][PASSED] - Call Test Case 'Test Cases/Sekmeler/YeniSekmeyeGec' successfully

2021-11-18 11:20:32 - [MESSAGE][INFO] - Checking called Test Case

2021-11-18 11:20:32 - [MESSAGE][INFO] - Starting to call Test Case 'Test Cases/Sekmeler/DepartmanCheckboxiSecilir'

2021-11-18 11:20:32 - [TEST_CASE][PASSED] - Test Cases/Sekmeler/DepartmanCheckboxiSecilir: Test Cases/Sekmeler/DepartmanCheckboxiSecilir

2021-11-18 11:20:32 - [TEST_STEP][PASSED] - Method.TextDegerineEsitElementeTikla(findTestObject("Object Repository/Sekmeler/DepartmanCheckboxi"), Departman): Method.TextDegerineEsitElementeTikla is PASSED

2021-11-18 11:20:32 - [MESSAGE][INFO] - Finding Test Object 'Object Repository/Sekmeler/DepartmanCheckboxi'

2021-11-18 11:20:32 - [MESSAGE][INFO] - Checking timeout

2021-11-18 11:20:32 - [MESSAGE][INFO] - Finding web element with id: 'Object Repository/Sekmeler/DepartmanCheckboxi' located by 'By.cssSelector: .dx-wrap' in '10' second(s)

2021-11-18 11:20:32 - [MESSAGE][INFO] - Smart Wait Function is triggered

2021-11-18 11:20:32 - [MESSAGE][INFO] - Found 4 web elements with id: 'Object Repository/Sekmeler/DepartmanCheckboxi' located by 'By.cssSelector: .dx-wrap' in '10' second(s)

2021-11-18 11:20:33 - [MESSAGE][PASSED] - Method.TextDegerineEsitElementeTikla is PASSED

2021-11-18 11:20:33 - [MESSAGE][PASSED] - Call Test Case 'Test Cases/Sekmeler/DepartmanCheckboxiSecilir' successfully

2021-11-18 11:20:33 - [MESSAGE][INFO] - Checking called Test Case

2021-11-18 11:20:33 - [MESSAGE][INFO] - Starting to call Test Case 'Test Cases/Sekmeler/DepartmanKaydedilir'

2021-11-18 11:20:33 - [TEST_CASE][PASSED] - Test Cases/Sekmeler/DepartmanKaydedilir: Test Cases/Sekmeler/DepartmanKaydedilir

2021-11-18 11:20:33 - [TEST_STEP][PASSED] - waitForElementClickable(findTestObject("Object Repository/Sekmeler/DepartmanKaydetButoni"), 10): Object 'Object Repository/Sekmeler/DepartmanKaydetButoni' is clickable

2021-11-18 11:20:33 - [MESSAGE][INFO] - Finding Test Object 'Object Repository/Sekmeler/DepartmanKaydetButoni'

2021-11-18 11:20:33 - [MESSAGE][INFO] - Checking object

2021-11-18 11:20:33 - [MESSAGE][INFO] - Checking timeout

2021-11-18 11:20:33 - [MESSAGE][INFO] - Finding web element from Test Object's properties

2021-11-18 11:20:33 - [MESSAGE][INFO] - Checking timeout

2021-11-18 11:20:33 - [MESSAGE][INFO] - Finding web element with id: 'Object Repository/Sekmeler/DepartmanKaydetButoni' located by 'By.cssSelector: .dx-vam' in '10' second(s)

2021-11-18 11:20:33 - [MESSAGE][INFO] - Smart Wait Function is triggered

2021-11-18 11:20:33 - [MESSAGE][INFO] - Found 1 web elements with id: 'Object Repository/Sekmeler/DepartmanKaydetButoni' located by 'By.cssSelector: .dx-vam' in '10' second(s)

2021-11-18 11:20:33 - [MESSAGE][PASSED] - Object 'Object Repository/Sekmeler/DepartmanKaydetButoni' is clickable

2021-11-18 11:20:33 - [TEST_STEP][PASSED] - click(findTestObject("Object Repository/Sekmeler/DepartmanKaydetButoni")): Object: 'Object Repository/Sekmeler/DepartmanKaydetButoni' is clicked on

2021-11-18 11:20:33 - [MESSAGE][INFO] - Finding Test Object 'Object Repository/Sekmeler/DepartmanKaydetButoni'

2021-11-18 11:20:33 - [MESSAGE][INFO] - Checking object

2021-11-18 11:20:33 - [MESSAGE][INFO] - Finding web element from Test Object's properties

2021-11-18 11:20:33 - [MESSAGE][INFO] - Checking timeout

2021-11-18 11:20:33 - [MESSAGE][INFO] - Finding web element with id: 'Object Repository/Sekmeler/DepartmanKaydetButoni' located by 'By.cssSelector: .dx-vam' in '30' second(s)

2021-11-18 11:20:33 - [MESSAGE][INFO] - Smart Wait Function is triggered

2021-11-18 11:20:34 - [MESSAGE][INFO] - Found 1 web elements with id: 'Object Repository/Sekmeler/DepartmanKaydetButoni' located by 'By.cssSelector: .dx-vam' in '30' second(s)

2021-11-18 11:20:34 - [MESSAGE][INFO] - Clicking on object: 'Object Repository/Sekmeler/DepartmanKaydetButoni'

2021-11-18 11:20:34 - [MESSAGE][PASSED] - Object: 'Object Repository/Sekmeler/DepartmanKaydetButoni' is clicked on

2021-11-18 11:20:34 - [MESSAGE][PASSED] - Call Test Case 'Test Cases/Sekmeler/DepartmanKaydedilir' successfully

2021-11-18 11:20:34 - [MESSAGE][INFO] - Checking called Test Case

2021-11-18 11:20:34 - [MESSAGE][INFO] - Starting to call Test Case 'Test Cases/Popup/PopupMesajiIceriyorMu'

2021-11-18 11:20:34 - [TEST_CASE][PASSED] - Test Cases/Popup/PopupMesajiIceriyorMu: Test Cases/Popup/PopupMesajiIceriyorMu

2021-11-18 11:20:34 - [TEST_STEP][PASSED] - waitForElementVisible(findTestObject("Popup/Popup"), 10): Object 'Object Repository/Popup/Popup' is visible

2021-11-18 11:20:34 - [MESSAGE][INFO] - Finding Test Object 'Object Repository/Popup/Popup'

2021-11-18 11:20:34 - [MESSAGE][INFO] - Checking object

2021-11-18 11:20:34 - [MESSAGE][INFO] - Checking timeout

2021-11-18 11:20:34 - [MESSAGE][INFO] - Finding web element from Test Object's properties

2021-11-18 11:20:34 - [MESSAGE][INFO] - Checking timeout

2021-11-18 11:20:34 - [MESSAGE][INFO] - Finding web element with id: 'Object Repository/Popup/Popup' located by 'By.cssSelector: .bootbox-body' in '10' second(s)

2021-11-18 11:20:34 - [MESSAGE][INFO] - Smart Wait Function is triggered

2021-11-18 11:20:35 - [MESSAGE][INFO] - Found 1 web elements with id: 'Object Repository/Popup/Popup' located by 'By.cssSelector: .bootbox-body' in '10' second(s)

2021-11-18 11:20:35 - [MESSAGE][PASSED] - Object 'Object Repository/Popup/Popup' is visible

2021-11-18 11:20:35 - [TEST_STEP][PASSED] - if (!(getText(findTestObject("Popup/Popup")).contains(Mesaj))): Text of object 'Object Repository/Popup/Popup' is: 'Seçilen belgelerin ilgili departmanlardaki yetkisi kaldırılmıştır.'

2021-11-18 11:20:35 - [MESSAGE][INFO] - Finding Test Object 'Object Repository/Popup/Popup'

2021-11-18 11:20:35 - [MESSAGE][INFO] - Checking object

2021-11-18 11:20:35 - [MESSAGE][INFO] - Finding web element from Test Object's properties

2021-11-18 11:20:35 - [MESSAGE][INFO] - Checking timeout

2021-11-18 11:20:35 - [MESSAGE][INFO] - Finding web element with id: 'Object Repository/Popup/Popup' located by 'By.cssSelector: .bootbox-body' in '30' second(s)

2021-11-18 11:20:35 - [MESSAGE][INFO] - Smart Wait Function is triggered

2021-11-18 11:20:35 - [MESSAGE][INFO] - Found 1 web elements with id: 'Object Repository/Popup/Popup' located by 'By.cssSelector: .bootbox-body' in '30' second(s)

2021-11-18 11:20:35 - [MESSAGE][INFO] - Getting text of object 'Object Repository/Popup/Popup'

2021-11-18 11:20:35 - [MESSAGE][PASSED] - Text of object 'Object Repository/Popup/Popup' is: 'Seçilen belgelerin ilgili departmanlardaki yetkisi kaldırılmıştır.'

2021-11-18 11:20:35 - [TEST_STEP][PASSED] - RaporNo = getText(findTestObject("Popup/Popup")).substring(0, 6): Text of object 'Object Repository/Popup/Popup' is: 'Seçilen belgelerin ilgili departmanlardaki yetkisi kaldırılmıştır.'

2021-11-18 11:20:35 - [MESSAGE][INFO] - Finding Test Object 'Object Repository/Popup/Popup'

2021-11-18 11:20:35 - [MESSAGE][INFO] - Checking object

2021-11-18 11:20:35 - [MESSAGE][INFO] - Finding web element from Test Object's properties

2021-11-18 11:20:35 - [MESSAGE][INFO] - Checking timeout

2021-11-18 11:20:35 - [MESSAGE][INFO] - Finding web element with id: 'Object Repository/Popup/Popup' located by 'By.cssSelector: .bootbox-body' in '30' second(s)

2021-11-18 11:20:35 - [MESSAGE][INFO] - Smart Wait Function is triggered

2021-11-18 11:20:36 - [MESSAGE][INFO] - Found 1 web elements with id: 'Object Repository/Popup/Popup' located by 'By.cssSelector: .bootbox-body' in '30' second(s)

2021-11-18 11:20:36 - [MESSAGE][INFO] - Getting text of object 'Object Repository/Popup/Popup'

2021-11-18 11:20:36 - [MESSAGE][PASSED] - Text of object 'Object Repository/Popup/Popup' is: 'Seçilen belgelerin ilgili departmanlardaki yetkisi kaldırılmıştır.'

2021-11-18 11:20:36 - [TEST_STEP][PASSED] - Console.println(RaporNo): null

2021-11-18 11:20:36 - [MESSAGE][PASSED] - Call Test Case 'Test Cases/Popup/PopupMesajiIceriyorMu' successfully

2021-11-18 11:20:36 - [MESSAGE][INFO] - Checking called Test Case

2021-11-18 11:20:36 - [MESSAGE][INFO] - Starting to call Test Case 'Test Cases/Popup/PopupButonSecilir'

2021-11-18 11:20:36 - [TEST_CASE][PASSED] - Test Cases/Popup/PopupButonSecilir: Test Cases/Popup/PopupButonSecilir

2021-11-18 11:20:36 - [TEST_STEP][PASSED] - Method.TextDegerineEsitElementeTikla(findTestObject("Popup/Popup_Butons"), Buton): Method.TextDegerineEsitElementeTikla is PASSED

2021-11-18 11:20:36 - [MESSAGE][INFO] - Finding Test Object 'Object Repository/Popup/Popup_Butons'

2021-11-18 11:20:36 - [MESSAGE][INFO] - Checking timeout

2021-11-18 11:20:36 - [MESSAGE][INFO] - Finding web element with id: 'Object Repository/Popup/Popup_Butons' located by 'By.cssSelector: .modal-footer>button' in '10' second(s)

2021-11-18 11:20:36 - [MESSAGE][INFO] - Smart Wait Function is triggered

2021-11-18 11:20:36 - [MESSAGE][INFO] - Found 1 web elements with id: 'Object Repository/Popup/Popup_Butons' located by 'By.cssSelector: .modal-footer>button' in '10' second(s)

2021-11-18 11:20:36 - [MESSAGE][PASSED] - Method.TextDegerineEsitElementeTikla is PASSED

2021-11-18 11:20:36 - [MESSAGE][PASSED] - Call Test Case 'Test Cases/Popup/PopupButonSecilir' successfully

2021-11-18 11:20:36 - [MESSAGE][INFO] - Checking called Test Case

2021-11-18 11:20:36 - [MESSAGE][INFO] - Starting to call Test Case 'Test Cases/Sekmeler/Ana_Sekmeye_Gec'

2021-11-18 11:20:36 - [TEST_CASE][PASSED] - Test Cases/Sekmeler/Ana_Sekmeye_Gec: Test Cases/Sekmeler/Ana_Sekmeye_Gec

2021-11-18 11:20:36 - [TEST_STEP][FAILED] - try: Unable to get the index of the current window (Root cause: com.kms.katalon.core.exception.StepFailedException: Unable to get the index of the current window
	at com.kms.katalon.core.webui.keyword.internal.WebUIKeywordMain.stepFailed(WebUIKeywordMain.groovy:64)
	at com.kms.katalon.core.webui.keyword.internal.WebUIKeywordMain.runKeywordAndReturnInt(WebUIKeywordMain.groovy:56)
	at com.kms.katalon.core.webui.keyword.builtin.GetWindowIndexKeyword.getWindowIndex(GetWindowIndexKeyword.groovy:71)
	at com.kms.katalon.core.webui.keyword.builtin.GetWindowIndexKeyword.execute(GetWindowIndexKeyword.groovy:66)
	at com.kms.katalon.core.keyword.internal.KeywordExecutor.executeKeywordForPlatform(KeywordExecutor.groovy:73)
	at com.kms.katalon.core.webui.keyword.WebUiBuiltInKeywords.getWindowIndex(WebUiBuiltInKeywords.groovy:262)
	at com.kms.katalon.core.webui.keyword.WebUiBuiltInKeywords$getWindowIndex$22.call(Unknown Source)
	at Ana_Sekmeye_Gec.run(Ana_Sekmeye_Gec:18)
	at com.kms.katalon.core.main.ScriptEngine.run(ScriptEngine.java:194)
	at com.kms.katalon.core.main.ScriptEngine.runScriptAsRawText(ScriptEngine.java:119)
	at com.kms.katalon.core.main.TestCaseExecutor.runScript(TestCaseExecutor.java:369)
	at com.kms.katalon.core.main.TestCaseExecutor.doExecute(TestCaseExecutor.java:360)
	at com.kms.katalon.core.main.TestCaseExecutor.processExecutionPhase(TestCaseExecutor.java:339)
	at com.kms.katalon.core.main.TestCaseExecutor.accessMainPhase(TestCaseExecutor.java:331)
	at com.kms.katalon.core.main.TestCaseExecutor.execute(TestCaseExecutor.java:248)
	at com.kms.katalon.core.main.TestCaseMain.runTestCase(TestCaseMain.java:138)
	at com.kms.katalon.core.keyword.builtin.CallTestCaseKeyword$_callTestCase_closure1.doCall(CallTestCaseKeyword.groovy:59)
	at com.kms.katalon.core.keyword.builtin.CallTestCaseKeyword$_callTestCase_closure1.call(CallTestCaseKeyword.groovy)
	at com.kms.katalon.core.keyword.internal.KeywordMain.runKeyword(KeywordMain.groovy:68)
	at com.kms.katalon.core.keyword.builtin.CallTestCaseKeyword.callTestCase(CallTestCaseKeyword.groovy:81)
	at com.kms.katalon.core.keyword.builtin.CallTestCaseKeyword.execute(CallTestCaseKeyword.groovy:44)
	at com.kms.katalon.core.keyword.internal.KeywordExecutor.executeKeywordForPlatform(KeywordExecutor.groovy:73)
	at com.kms.katalon.core.keyword.BuiltinKeywords.callTestCase(BuiltinKeywords.groovy:334)
	at sekmeler.sekmeler.anaSekmeyeGecilir(sekmeler.groovy:55)
	at cucumber.runtime.Utils$1.call(Utils.java:26)
	at cucumber.runtime.Timeout.timeout(Timeout.java:16)
	at cucumber.runtime.Utils.invoke(Utils.java:20)
	at cucumber.runtime.java.JavaStepDefinition.execute(JavaStepDefinition.java:49)
	at cucumber.runner.PickleStepDefinitionMatch.runStep(PickleStepDefinitionMatch.java:50)
	at cucumber.runner.TestStep.executeStep(TestStep.java:63)
	at cucumber.runner.TestStep.run(TestStep.java:49)
	at cucumber.runner.PickleStepTestStep.run(PickleStepTestStep.java:43)
	at cucumber.runner.TestCase.run(TestCase.java:44)
	at cucumber.runner.Runner.runPickle(Runner.java:40)
	at cucumber.runtime.Runtime$1.run(Runtime.java:84)
	at cucumber.runtime.Runtime$SameThreadExecutorService.execute(Runtime.java:220)
	at cucumber.runtime.Runtime.run(Runtime.java:81)
	at cucumber.api.cli.Main.run(Main.java:26)
	at cucumber.api.cli.Main$run.call(Unknown Source)
	at com.kms.katalon.core.cucumber.keyword.CucumberBuiltinKeywords$_runFeatureFile_closure1.doCall(CucumberBuiltinKeywords.groovy:106)
	at com.kms.katalon.core.cucumber.keyword.CucumberBuiltinKeywords$_runFeatureFile_closure1.doCall(CucumberBuiltinKeywords.groovy)
	at com.kms.katalon.core.keyword.internal.KeywordMain.runKeyword(KeywordMain.groovy:68)
	at com.kms.katalon.core.keyword.internal.KeywordMain$runKeyword.call(Unknown Source)
	at com.kms.katalon.core.cucumber.keyword.CucumberBuiltinKeywords.runFeatureFile(CucumberBuiltinKeywords.groovy:73)
	at com.kms.katalon.core.cucumber.keyword.CucumberBuiltinKeywords$runFeatureFile$0.callStatic(Unknown Source)
	at com.kms.katalon.core.cucumber.keyword.CucumberBuiltinKeywords.runFeatureFile(CucumberBuiltinKeywords.groovy:246)
	at com.kms.katalon.core.cucumber.keyword.CucumberBuiltinKeywords$runFeatureFile.call(Unknown Source)
	at Departman Ata_Geri Al.run(Departman Ata_Geri Al:18)
	at com.kms.katalon.core.main.ScriptEngine.run(ScriptEngine.java:194)
	at com.kms.katalon.core.main.ScriptEngine.runScriptAsRawText(ScriptEngine.java:119)
	at com.kms.katalon.core.main.TestCaseExecutor.runScript(TestCaseExecutor.java:369)
	at com.kms.katalon.core.main.TestCaseExecutor.doExecute(TestCaseExecutor.java:360)
	at com.kms.katalon.core.main.TestCaseExecutor.processExecutionPhase(TestCaseExecutor.java:339)
	at com.kms.katalon.core.main.TestCaseExecutor.accessMainPhase(TestCaseExecutor.java:331)
	at com.kms.katalon.core.main.TestCaseExecutor.execute(TestCaseExecutor.java:248)
	at com.kms.katalon.core.main.TestSuiteExecutor.accessTestCaseMainPhase(TestSuiteExecutor.java:191)
	at com.kms.katalon.core.main.TestSuiteExecutor.accessTestSuiteMainPhase(TestSuiteExecutor.java:140)
	at com.kms.katalon.core.main.TestSuiteExecutor.execute(TestSuiteExecutor.java:89)
	at com.kms.katalon.core.main.TestCaseMain.startTestSuite(TestCaseMain.java:181)
	at com.kms.katalon.core.main.TestCaseMain$startTestSuite$0.call(Unknown Source)
	at TempTestSuite1637222960690.run(TempTestSuite1637222960690.groovy:39)
Caused by: org.openqa.selenium.NoSuchWindowException: no such window: window was already closed
  (Session info: chrome=96.0.4664.45)
Build info: version: '3.141.59', revision: 'e82be7d358', time: '2018-11-14T08:25:53'
System info: host: 'DESKTOP-QBVMTUG', ip: '192.168.1.24', os.name: 'Windows 10', os.arch: 'amd64', os.version: '10.0', java.version: '1.8.0_282'
Driver info: com.kms.katalon.selenium.driver.CChromeDriver
Capabilities {acceptInsecureCerts: false, browserName: chrome, browserVersion: 96.0.4664.45, chrome: {chromedriverVersion: 96.0.4664.45 (76e4c1bb2ab46..., userDataDir: C:\Users\DELL\AppData\Local...}, goog:chromeOptions: {debuggerAddress: localhost:63996}, javascriptEnabled: true, networkConnectionEnabled: false, pageLoadStrategy: normal, platform: WINDOWS, platformName: WINDOWS, proxy: Proxy(), setWindowRect: true, strictFileInteractability: false, timeouts: {implicit: 0, pageLoad: 300000, script: 30000}, unhandledPromptBehavior: dismiss and notify, webauthn:extension:credBlob: true, webauthn:extension:largeBlob: true, webauthn:virtualAuthenticators: true}
Session ID: 50e3d922e9b74048c9c7b8d24694979f
	at org.openqa.selenium.remote.http.W3CHttpResponseCodec.createException(W3CHttpResponseCodec.java:187)
	at org.openqa.selenium.remote.http.W3CHttpResponseCodec.decode(W3CHttpResponseCodec.java:122)
	at org.openqa.selenium.remote.http.W3CHttpResponseCodec.decode(W3CHttpResponseCodec.java:49)
	at org.openqa.selenium.remote.HttpCommandExecutor.execute(HttpCommandExecutor.java:158)
	at org.openqa.selenium.remote.service.DriverCommandExecutor.execute(DriverCommandExecutor.java:83)
	at org.openqa.selenium.remote.RemoteWebDriver.execute(RemoteWebDriver.java:552)
	at com.kms.katalon.selenium.driver.CChromeDriver.execute(CChromeDriver.java:19)
	at org.openqa.selenium.remote.RemoteWebDriver.execute(RemoteWebDriver.java:609)
	at org.openqa.selenium.remote.RemoteWebDriver.getWindowHandle(RemoteWebDriver.java:472)
	at org.openqa.selenium.support.events.EventFiringWebDriver.lambda$new$1(EventFiringWebDriver.java:105)
	at com.sun.proxy.$Proxy12.getWindowHandle(Unknown Source)
	at org.openqa.selenium.support.events.EventFiringWebDriver.getWindowHandle(EventFiringWebDriver.java:221)
	at com.kms.katalon.core.webui.driver.DriverFactory.getCurrentWindowIndex(DriverFactory.java:1072)
	at com.kms.katalon.core.webui.keyword.builtin.GetWindowIndexKeyword$_getWindowIndex_closure1.doCall(GetWindowIndexKeyword.groovy:73)
	at com.kms.katalon.core.webui.keyword.builtin.GetWindowIndexKeyword$_getWindowIndex_closure1.call(GetWindowIndexKeyword.groovy)
	at com.kms.katalon.core.webui.keyword.internal.WebUIKeywordMain.runKeywordAndReturnInt(WebUIKeywordMain.groovy:50)
	at com.kms.katalon.core.webui.keyword.builtin.GetWindowIndexKeyword.getWindowIndex(GetWindowIndexKeyword.groovy:71)
	at com.kms.katalon.core.webui.keyword.builtin.GetWindowIndexKeyword.execute(GetWindowIndexKeyword.groovy:66)
	at com.kms.katalon.core.keyword.internal.KeywordExecutor.executeKeywordForPlatform(KeywordExecutor.groovy:73)
	at com.kms.katalon.core.webui.keyword.WebUiBuiltInKeywords.getWindowIndex(WebUiBuiltInKeywords.groovy:262)
	at com.kms.katalon.core.webui.keyword.WebUiBuiltInKeywords$getWindowIndex$22.call(Unknown Source)
	at Script1586261051750.run(Script1586261051750.groovy:18)
	at com.kms.katalon.core.main.ScriptEngine.run(ScriptEngine.java:194)
	at com.kms.katalon.core.main.ScriptEngine.runScriptAsRawText(ScriptEngine.java:119)
	at com.kms.katalon.core.main.TestCaseExecutor.runScript(TestCaseExecutor.java:369)
	at com.kms.katalon.core.main.TestCaseExecutor.doExecute(TestCaseExecutor.java:360)
	at com.kms.katalon.core.main.TestCaseExecutor.processExecutionPhase(TestCaseExecutor.java:339)
	at com.kms.katalon.core.main.TestCaseExecutor.accessMainPhase(TestCaseExecutor.java:331)
	at com.kms.katalon.core.main.TestCaseExecutor.execute(TestCaseExecutor.java:248)
	at com.kms.katalon.core.main.TestCaseMain.runTestCase(TestCaseMain.java:138)
	at com.kms.katalon.core.keyword.builtin.CallTestCaseKeyword$_callTestCase_closure1.doCall(CallTestCaseKeyword.groovy:59)
	at com.kms.katalon.core.keyword.builtin.CallTestCaseKeyword$_callTestCase_closure1.call(CallTestCaseKeyword.groovy)
	at com.kms.katalon.core.keyword.internal.KeywordMain.runKeyword(KeywordMain.groovy:68)
	at com.kms.katalon.core.keyword.builtin.CallTestCaseKeyword.callTestCase(CallTestCaseKeyword.groovy:81)
	at com.kms.katalon.core.keyword.builtin.CallTestCaseKeyword.execute(CallTestCaseKeyword.groovy:44)
	at com.kms.katalon.core.keyword.internal.KeywordExecutor.executeKeywordForPlatform(KeywordExecutor.groovy:73)
	at com.kms.katalon.core.keyword.BuiltinKeywords.callTestCase(BuiltinKeywords.groovy:334)
	at sekmeler.sekmeler.anaSekmeyeGecilir(sekmeler.groovy:55)
	at cucumber.runtime.Utils$1.call(Utils.java:26)
	at cucumber.runtime.Timeout.timeout(Timeout.java:16)
	at cucumber.runtime.Utils.invoke(Utils.java:20)
	at cucumber.runtime.java.JavaStepDefinition.execute(JavaStepDefinition.java:49)
	at cucumber.runner.PickleStepDefinitionMatch.runStep(PickleStepDefinitionMatch.java:50)
	at cucumber.runner.TestStep.executeStep(TestStep.java:63)
	at cucumber.runner.TestStep.run(TestStep.java:49)
	at cucumber.runner.PickleStepTestStep.run(PickleStepTestStep.java:43)
	at cucumber.runner.TestCase.run(TestCase.java:44)
	at cucumber.runner.Runner.runPickle(Runner.java:40)
	at cucumber.runtime.Runtime$1.run(Runtime.java:84)
	at cucumber.runtime.Runtime$SameThreadExecutorService.execute(Runtime.java:220)
	at cucumber.runtime.Runtime.run(Runtime.java:81)
	at cucumber.api.cli.Main.run(Main.java:26)
	at cucumber.api.cli.Main$run.call(Unknown Source)
	at com.kms.katalon.core.cucumber.keyword.CucumberBuiltinKeywords$_runFeatureFile_closure1.doCall(CucumberBuiltinKeywords.groovy:106)
	at com.kms.katalon.core.cucumber.keyword.CucumberBuiltinKeywords$_runFeatureFile_closure1.doCall(CucumberBuiltinKeywords.groovy)
	at com.kms.katalon.core.keyword.internal.KeywordMain.runKeyword(KeywordMain.groovy:68)
	at com.kms.katalon.core.keyword.internal.KeywordMain$runKeyword.call(Unknown Source)
	at com.kms.katalon.core.cucumber.keyword.CucumberBuiltinKeywords.runFeatureFile(CucumberBuiltinKeywords.groovy:73)
	at com.kms.katalon.core.cucumber.keyword.CucumberBuiltinKeywords$runFeatureFile$0.callStatic(Unknown Source)
	at com.kms.katalon.core.cucumber.keyword.CucumberBuiltinKeywords.runFeatureFile(CucumberBuiltinKeywords.groovy:246)
	at com.kms.katalon.core.cucumber.keyword.CucumberBuiltinKeywords$runFeatureFile.call(Unknown Source)
	at Script1600698733774.run(Script1600698733774.groovy:18)
	... 13 more
)

2021-11-18 11:20:36 - [TEST_STEP][FAILED] - index = getWindowIndex(): Unable to get the index of the current window (Root cause: com.kms.katalon.core.exception.StepFailedException: Unable to get the index of the current window
	at com.kms.katalon.core.webui.keyword.internal.WebUIKeywordMain.stepFailed(WebUIKeywordMain.groovy:64)
	at com.kms.katalon.core.webui.keyword.internal.WebUIKeywordMain.runKeywordAndReturnInt(WebUIKeywordMain.groovy:56)
	at com.kms.katalon.core.webui.keyword.builtin.GetWindowIndexKeyword.getWindowIndex(GetWindowIndexKeyword.groovy:71)
	at com.kms.katalon.core.webui.keyword.builtin.GetWindowIndexKeyword.execute(GetWindowIndexKeyword.groovy:66)
	at com.kms.katalon.core.keyword.internal.KeywordExecutor.executeKeywordForPlatform(KeywordExecutor.groovy:73)
	at com.kms.katalon.core.webui.keyword.WebUiBuiltInKeywords.getWindowIndex(WebUiBuiltInKeywords.groovy:262)
	at com.kms.katalon.core.webui.keyword.WebUiBuiltInKeywords$getWindowIndex$22.call(Unknown Source)
	at Ana_Sekmeye_Gec.run(Ana_Sekmeye_Gec:18)
	at com.kms.katalon.core.main.ScriptEngine.run(ScriptEngine.java:194)
	at com.kms.katalon.core.main.ScriptEngine.runScriptAsRawText(ScriptEngine.java:119)
	at com.kms.katalon.core.main.TestCaseExecutor.runScript(TestCaseExecutor.java:369)
	at com.kms.katalon.core.main.TestCaseExecutor.doExecute(TestCaseExecutor.java:360)
	at com.kms.katalon.core.main.TestCaseExecutor.processExecutionPhase(TestCaseExecutor.java:339)
	at com.kms.katalon.core.main.TestCaseExecutor.accessMainPhase(TestCaseExecutor.java:331)
	at com.kms.katalon.core.main.TestCaseExecutor.execute(TestCaseExecutor.java:248)
	at com.kms.katalon.core.main.TestCaseMain.runTestCase(TestCaseMain.java:138)
	at com.kms.katalon.core.keyword.builtin.CallTestCaseKeyword$_callTestCase_closure1.doCall(CallTestCaseKeyword.groovy:59)
	at com.kms.katalon.core.keyword.builtin.CallTestCaseKeyword$_callTestCase_closure1.call(CallTestCaseKeyword.groovy)
	at com.kms.katalon.core.keyword.internal.KeywordMain.runKeyword(KeywordMain.groovy:68)
	at com.kms.katalon.core.keyword.builtin.CallTestCaseKeyword.callTestCase(CallTestCaseKeyword.groovy:81)
	at com.kms.katalon.core.keyword.builtin.CallTestCaseKeyword.execute(CallTestCaseKeyword.groovy:44)
	at com.kms.katalon.core.keyword.internal.KeywordExecutor.executeKeywordForPlatform(KeywordExecutor.groovy:73)
	at com.kms.katalon.core.keyword.BuiltinKeywords.callTestCase(BuiltinKeywords.groovy:334)
	at sekmeler.sekmeler.anaSekmeyeGecilir(sekmeler.groovy:55)
	at cucumber.runtime.Utils$1.call(Utils.java:26)
	at cucumber.runtime.Timeout.timeout(Timeout.java:16)
	at cucumber.runtime.Utils.invoke(Utils.java:20)
	at cucumber.runtime.java.JavaStepDefinition.execute(JavaStepDefinition.java:49)
	at cucumber.runner.PickleStepDefinitionMatch.runStep(PickleStepDefinitionMatch.java:50)
	at cucumber.runner.TestStep.executeStep(TestStep.java:63)
	at cucumber.runner.TestStep.run(TestStep.java:49)
	at cucumber.runner.PickleStepTestStep.run(PickleStepTestStep.java:43)
	at cucumber.runner.TestCase.run(TestCase.java:44)
	at cucumber.runner.Runner.runPickle(Runner.java:40)
	at cucumber.runtime.Runtime$1.run(Runtime.java:84)
	at cucumber.runtime.Runtime$SameThreadExecutorService.execute(Runtime.java:220)
	at cucumber.runtime.Runtime.run(Runtime.java:81)
	at cucumber.api.cli.Main.run(Main.java:26)
	at cucumber.api.cli.Main$run.call(Unknown Source)
	at com.kms.katalon.core.cucumber.keyword.CucumberBuiltinKeywords$_runFeatureFile_closure1.doCall(CucumberBuiltinKeywords.groovy:106)
	at com.kms.katalon.core.cucumber.keyword.CucumberBuiltinKeywords$_runFeatureFile_closure1.doCall(CucumberBuiltinKeywords.groovy)
	at com.kms.katalon.core.keyword.internal.KeywordMain.runKeyword(KeywordMain.groovy:68)
	at com.kms.katalon.core.keyword.internal.KeywordMain$runKeyword.call(Unknown Source)
	at com.kms.katalon.core.cucumber.keyword.CucumberBuiltinKeywords.runFeatureFile(CucumberBuiltinKeywords.groovy:73)
	at com.kms.katalon.core.cucumber.keyword.CucumberBuiltinKeywords$runFeatureFile$0.callStatic(Unknown Source)
	at com.kms.katalon.core.cucumber.keyword.CucumberBuiltinKeywords.runFeatureFile(CucumberBuiltinKeywords.groovy:246)
	at com.kms.katalon.core.cucumber.keyword.CucumberBuiltinKeywords$runFeatureFile.call(Unknown Source)
	at Departman Ata_Geri Al.run(Departman Ata_Geri Al:18)
	at com.kms.katalon.core.main.ScriptEngine.run(ScriptEngine.java:194)
	at com.kms.katalon.core.main.ScriptEngine.runScriptAsRawText(ScriptEngine.java:119)
	at com.kms.katalon.core.main.TestCaseExecutor.runScript(TestCaseExecutor.java:369)
	at com.kms.katalon.core.main.TestCaseExecutor.doExecute(TestCaseExecutor.java:360)
	at com.kms.katalon.core.main.TestCaseExecutor.processExecutionPhase(TestCaseExecutor.java:339)
	at com.kms.katalon.core.main.TestCaseExecutor.accessMainPhase(TestCaseExecutor.java:331)
	at com.kms.katalon.core.main.TestCaseExecutor.execute(TestCaseExecutor.java:248)
	at com.kms.katalon.core.main.TestSuiteExecutor.accessTestCaseMainPhase(TestSuiteExecutor.java:191)
	at com.kms.katalon.core.main.TestSuiteExecutor.accessTestSuiteMainPhase(TestSuiteExecutor.java:140)
	at com.kms.katalon.core.main.TestSuiteExecutor.execute(TestSuiteExecutor.java:89)
	at com.kms.katalon.core.main.TestCaseMain.startTestSuite(TestCaseMain.java:181)
	at com.kms.katalon.core.main.TestCaseMain$startTestSuite$0.call(Unknown Source)
	at TempTestSuite1637222960690.run(TempTestSuite1637222960690.groovy:39)
Caused by: org.openqa.selenium.NoSuchWindowException: no such window: window was already closed
  (Session info: chrome=96.0.4664.45)
Build info: version: '3.141.59', revision: 'e82be7d358', time: '2018-11-14T08:25:53'
System info: host: 'DESKTOP-QBVMTUG', ip: '192.168.1.24', os.name: 'Windows 10', os.arch: 'amd64', os.version: '10.0', java.version: '1.8.0_282'
Driver info: com.kms.katalon.selenium.driver.CChromeDriver
Capabilities {acceptInsecureCerts: false, browserName: chrome, browserVersion: 96.0.4664.45, chrome: {chromedriverVersion: 96.0.4664.45 (76e4c1bb2ab46..., userDataDir: C:\Users\DELL\AppData\Local...}, goog:chromeOptions: {debuggerAddress: localhost:63996}, javascriptEnabled: true, networkConnectionEnabled: false, pageLoadStrategy: normal, platform: WINDOWS, platformName: WINDOWS, proxy: Proxy(), setWindowRect: true, strictFileInteractability: false, timeouts: {implicit: 0, pageLoad: 300000, script: 30000}, unhandledPromptBehavior: dismiss and notify, webauthn:extension:credBlob: true, webauthn:extension:largeBlob: true, webauthn:virtualAuthenticators: true}
Session ID: 50e3d922e9b74048c9c7b8d24694979f
	at org.openqa.selenium.remote.http.W3CHttpResponseCodec.createException(W3CHttpResponseCodec.java:187)
	at org.openqa.selenium.remote.http.W3CHttpResponseCodec.decode(W3CHttpResponseCodec.java:122)
	at org.openqa.selenium.remote.http.W3CHttpResponseCodec.decode(W3CHttpResponseCodec.java:49)
	at org.openqa.selenium.remote.HttpCommandExecutor.execute(HttpCommandExecutor.java:158)
	at org.openqa.selenium.remote.service.DriverCommandExecutor.execute(DriverCommandExecutor.java:83)
	at org.openqa.selenium.remote.RemoteWebDriver.execute(RemoteWebDriver.java:552)
	at com.kms.katalon.selenium.driver.CChromeDriver.execute(CChromeDriver.java:19)
	at org.openqa.selenium.remote.RemoteWebDriver.execute(RemoteWebDriver.java:609)
	at org.openqa.selenium.remote.RemoteWebDriver.getWindowHandle(RemoteWebDriver.java:472)
	at org.openqa.selenium.support.events.EventFiringWebDriver.lambda$new$1(EventFiringWebDriver.java:105)
	at com.sun.proxy.$Proxy12.getWindowHandle(Unknown Source)
	at org.openqa.selenium.support.events.EventFiringWebDriver.getWindowHandle(EventFiringWebDriver.java:221)
	at com.kms.katalon.core.webui.driver.DriverFactory.getCurrentWindowIndex(DriverFactory.java:1072)
	at com.kms.katalon.core.webui.keyword.builtin.GetWindowIndexKeyword$_getWindowIndex_closure1.doCall(GetWindowIndexKeyword.groovy:73)
	at com.kms.katalon.core.webui.keyword.builtin.GetWindowIndexKeyword$_getWindowIndex_closure1.call(GetWindowIndexKeyword.groovy)
	at com.kms.katalon.core.webui.keyword.internal.WebUIKeywordMain.runKeywordAndReturnInt(WebUIKeywordMain.groovy:50)
	at com.kms.katalon.core.webui.keyword.builtin.GetWindowIndexKeyword.getWindowIndex(GetWindowIndexKeyword.groovy:71)
	at com.kms.katalon.core.webui.keyword.builtin.GetWindowIndexKeyword.execute(GetWindowIndexKeyword.groovy:66)
	at com.kms.katalon.core.keyword.internal.KeywordExecutor.executeKeywordForPlatform(KeywordExecutor.groovy:73)
	at com.kms.katalon.core.webui.keyword.WebUiBuiltInKeywords.getWindowIndex(WebUiBuiltInKeywords.groovy:262)
	at com.kms.katalon.core.webui.keyword.WebUiBuiltInKeywords$getWindowIndex$22.call(Unknown Source)
	at Script1586261051750.run(Script1586261051750.groovy:18)
	at com.kms.katalon.core.main.ScriptEngine.run(ScriptEngine.java:194)
	at com.kms.katalon.core.main.ScriptEngine.runScriptAsRawText(ScriptEngine.java:119)
	at com.kms.katalon.core.main.TestCaseExecutor.runScript(TestCaseExecutor.java:369)
	at com.kms.katalon.core.main.TestCaseExecutor.doExecute(TestCaseExecutor.java:360)
	at com.kms.katalon.core.main.TestCaseExecutor.processExecutionPhase(TestCaseExecutor.java:339)
	at com.kms.katalon.core.main.TestCaseExecutor.accessMainPhase(TestCaseExecutor.java:331)
	at com.kms.katalon.core.main.TestCaseExecutor.execute(TestCaseExecutor.java:248)
	at com.kms.katalon.core.main.TestCaseMain.runTestCase(TestCaseMain.java:138)
	at com.kms.katalon.core.keyword.builtin.CallTestCaseKeyword$_callTestCase_closure1.doCall(CallTestCaseKeyword.groovy:59)
	at com.kms.katalon.core.keyword.builtin.CallTestCaseKeyword$_callTestCase_closure1.call(CallTestCaseKeyword.groovy)
	at com.kms.katalon.core.keyword.internal.KeywordMain.runKeyword(KeywordMain.groovy:68)
	at com.kms.katalon.core.keyword.builtin.CallTestCaseKeyword.callTestCase(CallTestCaseKeyword.groovy:81)
	at com.kms.katalon.core.keyword.builtin.CallTestCaseKeyword.execute(CallTestCaseKeyword.groovy:44)
	at com.kms.katalon.core.keyword.internal.KeywordExecutor.executeKeywordForPlatform(KeywordExecutor.groovy:73)
	at com.kms.katalon.core.keyword.BuiltinKeywords.callTestCase(BuiltinKeywords.groovy:334)
	at sekmeler.sekmeler.anaSekmeyeGecilir(sekmeler.groovy:55)
	at cucumber.runtime.Utils$1.call(Utils.java:26)
	at cucumber.runtime.Timeout.timeout(Timeout.java:16)
	at cucumber.runtime.Utils.invoke(Utils.java:20)
	at cucumber.runtime.java.JavaStepDefinition.execute(JavaStepDefinition.java:49)
	at cucumber.runner.PickleStepDefinitionMatch.runStep(PickleStepDefinitionMatch.java:50)
	at cucumber.runner.TestStep.executeStep(TestStep.java:63)
	at cucumber.runner.TestStep.run(TestStep.java:49)
	at cucumber.runner.PickleStepTestStep.run(PickleStepTestStep.java:43)
	at cucumber.runner.TestCase.run(TestCase.java:44)
	at cucumber.runner.Runner.runPickle(Runner.java:40)
	at cucumber.runtime.Runtime$1.run(Runtime.java:84)
	at cucumber.runtime.Runtime$SameThreadExecutorService.execute(Runtime.java:220)
	at cucumber.runtime.Runtime.run(Runtime.java:81)
	at cucumber.api.cli.Main.run(Main.java:26)
	at cucumber.api.cli.Main$run.call(Unknown Source)
	at com.kms.katalon.core.cucumber.keyword.CucumberBuiltinKeywords$_runFeatureFile_closure1.doCall(CucumberBuiltinKeywords.groovy:106)
	at com.kms.katalon.core.cucumber.keyword.CucumberBuiltinKeywords$_runFeatureFile_closure1.doCall(CucumberBuiltinKeywords.groovy)
	at com.kms.katalon.core.keyword.internal.KeywordMain.runKeyword(KeywordMain.groovy:68)
	at com.kms.katalon.core.keyword.internal.KeywordMain$runKeyword.call(Unknown Source)
	at com.kms.katalon.core.cucumber.keyword.CucumberBuiltinKeywords.runFeatureFile(CucumberBuiltinKeywords.groovy:73)
	at com.kms.katalon.core.cucumber.keyword.CucumberBuiltinKeywords$runFeatureFile$0.callStatic(Unknown Source)
	at com.kms.katalon.core.cucumber.keyword.CucumberBuiltinKeywords.runFeatureFile(CucumberBuiltinKeywords.groovy:246)
	at com.kms.katalon.core.cucumber.keyword.CucumberBuiltinKeywords$runFeatureFile.call(Unknown Source)
	at Script1600698733774.run(Script1600698733774.groovy:18)
	... 13 more
)

2021-11-18 11:20:36 - [MESSAGE][INFO] - Getting current window's index

2021-11-18 11:20:36 - [MESSAGE][FAILED] - Unable to get the index of the current window (Root cause: com.kms.katalon.core.exception.StepFailedException: Unable to get the index of the current window
	at com.kms.katalon.core.webui.keyword.internal.WebUIKeywordMain.stepFailed(WebUIKeywordMain.groovy:64)
	at com.kms.katalon.core.webui.keyword.internal.WebUIKeywordMain.runKeywordAndReturnInt(WebUIKeywordMain.groovy:56)
	at com.kms.katalon.core.webui.keyword.builtin.GetWindowIndexKeyword.getWindowIndex(GetWindowIndexKeyword.groovy:71)
	at com.kms.katalon.core.webui.keyword.builtin.GetWindowIndexKeyword.execute(GetWindowIndexKeyword.groovy:66)
	at com.kms.katalon.core.keyword.internal.KeywordExecutor.executeKeywordForPlatform(KeywordExecutor.groovy:73)
	at com.kms.katalon.core.webui.keyword.WebUiBuiltInKeywords.getWindowIndex(WebUiBuiltInKeywords.groovy:262)
	at com.kms.katalon.core.webui.keyword.WebUiBuiltInKeywords$getWindowIndex$22.call(Unknown Source)
	at Ana_Sekmeye_Gec.run(Ana_Sekmeye_Gec:18)
	at com.kms.katalon.core.main.ScriptEngine.run(ScriptEngine.java:194)
	at com.kms.katalon.core.main.ScriptEngine.runScriptAsRawText(ScriptEngine.java:119)
	at com.kms.katalon.core.main.TestCaseExecutor.runScript(TestCaseExecutor.java:369)
	at com.kms.katalon.core.main.TestCaseExecutor.doExecute(TestCaseExecutor.java:360)
	at com.kms.katalon.core.main.TestCaseExecutor.processExecutionPhase(TestCaseExecutor.java:339)
	at com.kms.katalon.core.main.TestCaseExecutor.accessMainPhase(TestCaseExecutor.java:331)
	at com.kms.katalon.core.main.TestCaseExecutor.execute(TestCaseExecutor.java:248)
	at com.kms.katalon.core.main.TestCaseMain.runTestCase(TestCaseMain.java:138)
	at com.kms.katalon.core.keyword.builtin.CallTestCaseKeyword$_callTestCase_closure1.doCall(CallTestCaseKeyword.groovy:59)
	at com.kms.katalon.core.keyword.builtin.CallTestCaseKeyword$_callTestCase_closure1.call(CallTestCaseKeyword.groovy)
	at com.kms.katalon.core.keyword.internal.KeywordMain.runKeyword(KeywordMain.groovy:68)
	at com.kms.katalon.core.keyword.builtin.CallTestCaseKeyword.callTestCase(CallTestCaseKeyword.groovy:81)
	at com.kms.katalon.core.keyword.builtin.CallTestCaseKeyword.execute(CallTestCaseKeyword.groovy:44)
	at com.kms.katalon.core.keyword.internal.KeywordExecutor.executeKeywordForPlatform(KeywordExecutor.groovy:73)
	at com.kms.katalon.core.keyword.BuiltinKeywords.callTestCase(BuiltinKeywords.groovy:334)
	at sekmeler.sekmeler.anaSekmeyeGecilir(sekmeler.groovy:55)
	at cucumber.runtime.Utils$1.call(Utils.java:26)
	at cucumber.runtime.Timeout.timeout(Timeout.java:16)
	at cucumber.runtime.Utils.invoke(Utils.java:20)
	at cucumber.runtime.java.JavaStepDefinition.execute(JavaStepDefinition.java:49)
	at cucumber.runner.PickleStepDefinitionMatch.runStep(PickleStepDefinitionMatch.java:50)
	at cucumber.runner.TestStep.executeStep(TestStep.java:63)
	at cucumber.runner.TestStep.run(TestStep.java:49)
	at cucumber.runner.PickleStepTestStep.run(PickleStepTestStep.java:43)
	at cucumber.runner.TestCase.run(TestCase.java:44)
	at cucumber.runner.Runner.runPickle(Runner.java:40)
	at cucumber.runtime.Runtime$1.run(Runtime.java:84)
	at cucumber.runtime.Runtime$SameThreadExecutorService.execute(Runtime.java:220)
	at cucumber.runtime.Runtime.run(Runtime.java:81)
	at cucumber.api.cli.Main.run(Main.java:26)
	at cucumber.api.cli.Main$run.call(Unknown Source)
	at com.kms.katalon.core.cucumber.keyword.CucumberBuiltinKeywords$_runFeatureFile_closure1.doCall(CucumberBuiltinKeywords.groovy:106)
	at com.kms.katalon.core.cucumber.keyword.CucumberBuiltinKeywords$_runFeatureFile_closure1.doCall(CucumberBuiltinKeywords.groovy)
	at com.kms.katalon.core.keyword.internal.KeywordMain.runKeyword(KeywordMain.groovy:68)
	at com.kms.katalon.core.keyword.internal.KeywordMain$runKeyword.call(Unknown Source)
	at com.kms.katalon.core.cucumber.keyword.CucumberBuiltinKeywords.runFeatureFile(CucumberBuiltinKeywords.groovy:73)
	at com.kms.katalon.core.cucumber.keyword.CucumberBuiltinKeywords$runFeatureFile$0.callStatic(Unknown Source)
	at com.kms.katalon.core.cucumber.keyword.CucumberBuiltinKeywords.runFeatureFile(CucumberBuiltinKeywords.groovy:246)
	at com.kms.katalon.core.cucumber.keyword.CucumberBuiltinKeywords$runFeatureFile.call(Unknown Source)
	at Departman Ata_Geri Al.run(Departman Ata_Geri Al:18)
	at com.kms.katalon.core.main.ScriptEngine.run(ScriptEngine.java:194)
	at com.kms.katalon.core.main.ScriptEngine.runScriptAsRawText(ScriptEngine.java:119)
	at com.kms.katalon.core.main.TestCaseExecutor.runScript(TestCaseExecutor.java:369)
	at com.kms.katalon.core.main.TestCaseExecutor.doExecute(TestCaseExecutor.java:360)
	at com.kms.katalon.core.main.TestCaseExecutor.processExecutionPhase(TestCaseExecutor.java:339)
	at com.kms.katalon.core.main.TestCaseExecutor.accessMainPhase(TestCaseExecutor.java:331)
	at com.kms.katalon.core.main.TestCaseExecutor.execute(TestCaseExecutor.java:248)
	at com.kms.katalon.core.main.TestSuiteExecutor.accessTestCaseMainPhase(TestSuiteExecutor.java:191)
	at com.kms.katalon.core.main.TestSuiteExecutor.accessTestSuiteMainPhase(TestSuiteExecutor.java:140)
	at com.kms.katalon.core.main.TestSuiteExecutor.execute(TestSuiteExecutor.java:89)
	at com.kms.katalon.core.main.TestCaseMain.startTestSuite(TestCaseMain.java:181)
	at com.kms.katalon.core.main.TestCaseMain$startTestSuite$0.call(Unknown Source)
	at TempTestSuite1637222960690.run(TempTestSuite1637222960690.groovy:39)
Caused by: org.openqa.selenium.NoSuchWindowException: no such window: window was already closed
  (Session info: chrome=96.0.4664.45)
Build info: version: '3.141.59', revision: 'e82be7d358', time: '2018-11-14T08:25:53'
System info: host: 'DESKTOP-QBVMTUG', ip: '192.168.1.24', os.name: 'Windows 10', os.arch: 'amd64', os.version: '10.0', java.version: '1.8.0_282'
Driver info: com.kms.katalon.selenium.driver.CChromeDriver
Capabilities {acceptInsecureCerts: false, browserName: chrome, browserVersion: 96.0.4664.45, chrome: {chromedriverVersion: 96.0.4664.45 (76e4c1bb2ab46..., userDataDir: C:\Users\DELL\AppData\Local...}, goog:chromeOptions: {debuggerAddress: localhost:63996}, javascriptEnabled: true, networkConnectionEnabled: false, pageLoadStrategy: normal, platform: WINDOWS, platformName: WINDOWS, proxy: Proxy(), setWindowRect: true, strictFileInteractability: false, timeouts: {implicit: 0, pageLoad: 300000, script: 30000}, unhandledPromptBehavior: dismiss and notify, webauthn:extension:credBlob: true, webauthn:extension:largeBlob: true, webauthn:virtualAuthenticators: true}
Session ID: 50e3d922e9b74048c9c7b8d24694979f
	at org.openqa.selenium.remote.http.W3CHttpResponseCodec.createException(W3CHttpResponseCodec.java:187)
	at org.openqa.selenium.remote.http.W3CHttpResponseCodec.decode(W3CHttpResponseCodec.java:122)
	at org.openqa.selenium.remote.http.W3CHttpResponseCodec.decode(W3CHttpResponseCodec.java:49)
	at org.openqa.selenium.remote.HttpCommandExecutor.execute(HttpCommandExecutor.java:158)
	at org.openqa.selenium.remote.service.DriverCommandExecutor.execute(DriverCommandExecutor.java:83)
	at org.openqa.selenium.remote.RemoteWebDriver.execute(RemoteWebDriver.java:552)
	at com.kms.katalon.selenium.driver.CChromeDriver.execute(CChromeDriver.java:19)
	at org.openqa.selenium.remote.RemoteWebDriver.execute(RemoteWebDriver.java:609)
	at org.openqa.selenium.remote.RemoteWebDriver.getWindowHandle(RemoteWebDriver.java:472)
	at org.openqa.selenium.support.events.EventFiringWebDriver.lambda$new$1(EventFiringWebDriver.java:105)
	at com.sun.proxy.$Proxy12.getWindowHandle(Unknown Source)
	at org.openqa.selenium.support.events.EventFiringWebDriver.getWindowHandle(EventFiringWebDriver.java:221)
	at com.kms.katalon.core.webui.driver.DriverFactory.getCurrentWindowIndex(DriverFactory.java:1072)
	at com.kms.katalon.core.webui.keyword.builtin.GetWindowIndexKeyword$_getWindowIndex_closure1.doCall(GetWindowIndexKeyword.groovy:73)
	at com.kms.katalon.core.webui.keyword.builtin.GetWindowIndexKeyword$_getWindowIndex_closure1.call(GetWindowIndexKeyword.groovy)
	at com.kms.katalon.core.webui.keyword.internal.WebUIKeywordMain.runKeywordAndReturnInt(WebUIKeywordMain.groovy:50)
	at com.kms.katalon.core.webui.keyword.builtin.GetWindowIndexKeyword.getWindowIndex(GetWindowIndexKeyword.groovy:71)
	at com.kms.katalon.core.webui.keyword.builtin.GetWindowIndexKeyword.execute(GetWindowIndexKeyword.groovy:66)
	at com.kms.katalon.core.keyword.internal.KeywordExecutor.executeKeywordForPlatform(KeywordExecutor.groovy:73)
	at com.kms.katalon.core.webui.keyword.WebUiBuiltInKeywords.getWindowIndex(WebUiBuiltInKeywords.groovy:262)
	at com.kms.katalon.core.webui.keyword.WebUiBuiltInKeywords$getWindowIndex$22.call(Unknown Source)
	at Script1586261051750.run(Script1586261051750.groovy:18)
	at com.kms.katalon.core.main.ScriptEngine.run(ScriptEngine.java:194)
	at com.kms.katalon.core.main.ScriptEngine.runScriptAsRawText(ScriptEngine.java:119)
	at com.kms.katalon.core.main.TestCaseExecutor.runScript(TestCaseExecutor.java:369)
	at com.kms.katalon.core.main.TestCaseExecutor.doExecute(TestCaseExecutor.java:360)
	at com.kms.katalon.core.main.TestCaseExecutor.processExecutionPhase(TestCaseExecutor.java:339)
	at com.kms.katalon.core.main.TestCaseExecutor.accessMainPhase(TestCaseExecutor.java:331)
	at com.kms.katalon.core.main.TestCaseExecutor.execute(TestCaseExecutor.java:248)
	at com.kms.katalon.core.main.TestCaseMain.runTestCase(TestCaseMain.java:138)
	at com.kms.katalon.core.keyword.builtin.CallTestCaseKeyword$_callTestCase_closure1.doCall(CallTestCaseKeyword.groovy:59)
	at com.kms.katalon.core.keyword.builtin.CallTestCaseKeyword$_callTestCase_closure1.call(CallTestCaseKeyword.groovy)
	at com.kms.katalon.core.keyword.internal.KeywordMain.runKeyword(KeywordMain.groovy:68)
	at com.kms.katalon.core.keyword.builtin.CallTestCaseKeyword.callTestCase(CallTestCaseKeyword.groovy:81)
	at com.kms.katalon.core.keyword.builtin.CallTestCaseKeyword.execute(CallTestCaseKeyword.groovy:44)
	at com.kms.katalon.core.keyword.internal.KeywordExecutor.executeKeywordForPlatform(KeywordExecutor.groovy:73)
	at com.kms.katalon.core.keyword.BuiltinKeywords.callTestCase(BuiltinKeywords.groovy:334)
	at sekmeler.sekmeler.anaSekmeyeGecilir(sekmeler.groovy:55)
	at cucumber.runtime.Utils$1.call(Utils.java:26)
	at cucumber.runtime.Timeout.timeout(Timeout.java:16)
	at cucumber.runtime.Utils.invoke(Utils.java:20)
	at cucumber.runtime.java.JavaStepDefinition.execute(JavaStepDefinition.java:49)
	at cucumber.runner.PickleStepDefinitionMatch.runStep(PickleStepDefinitionMatch.java:50)
	at cucumber.runner.TestStep.executeStep(TestStep.java:63)
	at cucumber.runner.TestStep.run(TestStep.java:49)
	at cucumber.runner.PickleStepTestStep.run(PickleStepTestStep.java:43)
	at cucumber.runner.TestCase.run(TestCase.java:44)
	at cucumber.runner.Runner.runPickle(Runner.java:40)
	at cucumber.runtime.Runtime$1.run(Runtime.java:84)
	at cucumber.runtime.Runtime$SameThreadExecutorService.execute(Runtime.java:220)
	at cucumber.runtime.Runtime.run(Runtime.java:81)
	at cucumber.api.cli.Main.run(Main.java:26)
	at cucumber.api.cli.Main$run.call(Unknown Source)
	at com.kms.katalon.core.cucumber.keyword.CucumberBuiltinKeywords$_runFeatureFile_closure1.doCall(CucumberBuiltinKeywords.groovy:106)
	at com.kms.katalon.core.cucumber.keyword.CucumberBuiltinKeywords$_runFeatureFile_closure1.doCall(CucumberBuiltinKeywords.groovy)
	at com.kms.katalon.core.keyword.internal.KeywordMain.runKeyword(KeywordMain.groovy:68)
	at com.kms.katalon.core.keyword.internal.KeywordMain$runKeyword.call(Unknown Source)
	at com.kms.katalon.core.cucumber.keyword.CucumberBuiltinKeywords.runFeatureFile(CucumberBuiltinKeywords.groovy:73)
	at com.kms.katalon.core.cucumber.keyword.CucumberBuiltinKeywords$runFeatureFile$0.callStatic(Unknown Source)
	at com.kms.katalon.core.cucumber.keyword.CucumberBuiltinKeywords.runFeatureFile(CucumberBuiltinKeywords.groovy:246)
	at com.kms.katalon.core.cucumber.keyword.CucumberBuiltinKeywords$runFeatureFile.call(Unknown Source)
	at Script1600698733774.run(Script1600698733774.groovy:18)
	... 13 more
)

2021-11-18 11:20:36 - [TEST_STEP][PASSED] - catch (Exception e): null

2021-11-18 11:20:36 - [TEST_STEP][PASSED] - switchToWindowIndex(0): Switched to window with index: '0'

2021-11-18 11:20:36 - [MESSAGE][INFO] - Checking index

2021-11-18 11:20:36 - [MESSAGE][INFO] - Switching window with index: '0'

2021-11-18 11:20:36 - [MESSAGE][PASSED] - Switched to window with index: '0'

2021-11-18 11:20:36 - [MESSAGE][PASSED] - Call Test Case 'Test Cases/Sekmeler/Ana_Sekmeye_Gec' successfully

2021-11-18 11:20:36 - [MESSAGE][INFO] - Checking called Test Case

2021-11-18 11:20:36 - [MESSAGE][INFO] - Starting to call Test Case 'Test Cases/Kullanici_Islemleri/KullaniciIslemlerindenSecimYapilir'

2021-11-18 11:20:36 - [TEST_CASE][PASSED] - Test Cases/Kullanici_Islemleri/KullaniciIslemlerindenSecimYapilir: Test Cases/Kullanici_Islemleri/KullaniciIslemlerindenSecimYapilir

2021-11-18 11:20:36 - [TEST_STEP][PASSED] - waitForElementClickable(findTestObject("Object Repository/Kullanici_Islemleri/KullaniciIslemleri"), 10): Object 'Object Repository/Kullanici_Islemleri/KullaniciIslemleri' is clickable

2021-11-18 11:20:36 - [MESSAGE][INFO] - Finding Test Object 'Object Repository/Kullanici_Islemleri/KullaniciIslemleri'

2021-11-18 11:20:36 - [MESSAGE][INFO] - Checking object

2021-11-18 11:20:36 - [MESSAGE][INFO] - Checking timeout

2021-11-18 11:20:36 - [MESSAGE][INFO] - Finding web element from Test Object's properties

2021-11-18 11:20:36 - [MESSAGE][INFO] - Checking timeout

2021-11-18 11:20:36 - [MESSAGE][INFO] - Finding web element with id: 'Object Repository/Kullanici_Islemleri/KullaniciIslemleri' located by 'By.cssSelector: .dropdown>a>img' in '10' second(s)

2021-11-18 11:20:36 - [MESSAGE][INFO] - Smart Wait Function is triggered

2021-11-18 11:20:37 - [MESSAGE][INFO] - Found 1 web elements with id: 'Object Repository/Kullanici_Islemleri/KullaniciIslemleri' located by 'By.cssSelector: .dropdown>a>img' in '10' second(s)

2021-11-18 11:20:37 - [MESSAGE][PASSED] - Object 'Object Repository/Kullanici_Islemleri/KullaniciIslemleri' is clickable

2021-11-18 11:20:37 - [TEST_STEP][PASSED] - click(findTestObject("Object Repository/Kullanici_Islemleri/KullaniciIslemleri")): Object: 'Object Repository/Kullanici_Islemleri/KullaniciIslemleri' is clicked on

2021-11-18 11:20:37 - [MESSAGE][INFO] - Finding Test Object 'Object Repository/Kullanici_Islemleri/KullaniciIslemleri'

2021-11-18 11:20:37 - [MESSAGE][INFO] - Checking object

2021-11-18 11:20:37 - [MESSAGE][INFO] - Finding web element from Test Object's properties

2021-11-18 11:20:37 - [MESSAGE][INFO] - Checking timeout

2021-11-18 11:20:37 - [MESSAGE][INFO] - Finding web element with id: 'Object Repository/Kullanici_Islemleri/KullaniciIslemleri' located by 'By.cssSelector: .dropdown>a>img' in '30' second(s)

2021-11-18 11:20:37 - [MESSAGE][INFO] - Smart Wait Function is triggered

2021-11-18 11:20:37 - [MESSAGE][INFO] - Found 1 web elements with id: 'Object Repository/Kullanici_Islemleri/KullaniciIslemleri' located by 'By.cssSelector: .dropdown>a>img' in '30' second(s)

2021-11-18 11:20:37 - [MESSAGE][INFO] - Clicking on object: 'Object Repository/Kullanici_Islemleri/KullaniciIslemleri'

2021-11-18 11:20:37 - [MESSAGE][PASSED] - Object: 'Object Repository/Kullanici_Islemleri/KullaniciIslemleri' is clicked on

2021-11-18 11:20:37 - [TEST_STEP][PASSED] - Method.TextDegerineEsitElementeTikla(findTestObject("Object Repository/Kullanici_Islemleri/Secenekler"), Islem): Method.TextDegerineEsitElementeTikla is PASSED

2021-11-18 11:20:37 - [MESSAGE][INFO] - Finding Test Object 'Object Repository/Kullanici_Islemleri/Secenekler'

2021-11-18 11:20:37 - [MESSAGE][INFO] - Checking timeout

2021-11-18 11:20:37 - [MESSAGE][INFO] - Finding web element with id: 'Object Repository/Kullanici_Islemleri/Secenekler' located by 'By.cssSelector: .nav.navbar-nav.navbar-right li a' in '10' second(s)

2021-11-18 11:20:37 - [MESSAGE][INFO] - Smart Wait Function is triggered

2021-11-18 11:20:37 - [MESSAGE][INFO] - Found 22 web elements with id: 'Object Repository/Kullanici_Islemleri/Secenekler' located by 'By.cssSelector: .nav.navbar-nav.navbar-right li a' in '10' second(s)

2021-11-18 11:20:39 - [MESSAGE][PASSED] - Method.TextDegerineEsitElementeTikla is PASSED

2021-11-18 11:20:39 - [TEST_STEP][PASSED] - verifyElementNotPresent(findTestObject("Object Repository/Kullanici_Islemleri/Secenekler"), 10): Web element with id: 'Object Repository/Kullanici_Islemleri/Secenekler' located by 'By.cssSelector: .nav.navbar-nav.navbar-right li a' is not present after '10' second(s)

2021-11-18 11:20:39 - [MESSAGE][INFO] - Finding Test Object 'Object Repository/Kullanici_Islemleri/Secenekler'

2021-11-18 11:20:39 - [MESSAGE][INFO] - Checking object

2021-11-18 11:20:39 - [MESSAGE][INFO] - Checking timeout

2021-11-18 11:20:39 - [MESSAGE][INFO] - Finding web element with id: 'Object Repository/Kullanici_Islemleri/Secenekler' located by 'By.cssSelector: .nav.navbar-nav.navbar-right li a' in '10' second(s)

2021-11-18 11:20:39 - [MESSAGE][INFO] - Smart Wait Function is triggered

2021-11-18 11:20:40 - [MESSAGE][PASSED] - Web element with id: 'Object Repository/Kullanici_Islemleri/Secenekler' located by 'By.cssSelector: .nav.navbar-nav.navbar-right li a' is not present after '10' second(s)

2021-11-18 11:20:40 - [MESSAGE][PASSED] - Call Test Case 'Test Cases/Kullanici_Islemleri/KullaniciIslemlerindenSecimYapilir' successfully

2021-11-18 11:20:40 - [TEST_CASE][PASSED] - Start Test Case : SCENARIO Irsaliyenin departman ata: SCENARIO Irsaliyenin departman ata

2021-11-18 11:20:40 - [TEST_STEP][PASSED] - Kullanıcı adı ELOGO6 ve Şifre 123456 olarak giriş yapılır: Kullanıcı adı ELOGO6 ve Şifre 123456 olarak giriş yapılır

2021-11-18 11:20:40 - [MESSAGE][PASSED] - Kullanıcı adı ELOGO6 ve Şifre 123456 olarak giriş yapılır

2021-11-18 11:20:40 - [TEST_STEP][PASSED] - Ana menüden e-İrsaliye seçilir: Ana menüden e-İrsaliye seçilir

2021-11-18 11:20:40 - [MESSAGE][PASSED] - Ana menüden e-İrsaliye seçilir

2021-11-18 11:20:40 - [TEST_STEP][PASSED] - Alt menü Gelen Kutusu başlığı altındaki İrsaliyeler seçilir: Alt menü Gelen Kutusu başlığı altındaki İrsaliyeler seçilir

2021-11-18 11:20:40 - [MESSAGE][PASSED] - Alt menü Gelen Kutusu başlığı altındaki İrsaliyeler seçilir

2021-11-18 11:20:40 - [TEST_STEP][PASSED] - Filtrelerden Oluşturma Tarihi filtresine 01.12.2020 baslangic degerini yaz: Filtrelerden Oluşturma Tarihi filtresine 01.12.2020 baslangic degerini yaz

2021-11-18 11:20:40 - [MESSAGE][PASSED] - Filtrelerden Oluşturma Tarihi filtresine 01.12.2020 baslangic degerini yaz

2021-11-18 11:20:40 - [TEST_STEP][PASSED] - Filtrelerden Oluşturma Tarihi filtresine 31.12.2020 bitis degerini yaz: Filtrelerden Oluşturma Tarihi filtresine 31.12.2020 bitis degerini yaz

2021-11-18 11:20:40 - [MESSAGE][PASSED] - Filtrelerden Oluşturma Tarihi filtresine 31.12.2020 bitis degerini yaz

2021-11-18 11:20:40 - [TEST_STEP][PASSED] - Filtre butonlarından Listele seçilir: Filtre butonlarından Listele seçilir

2021-11-18 11:20:40 - [MESSAGE][PASSED] - Filtre butonlarından Listele seçilir

2021-11-18 11:20:40 - [TEST_STEP][PASSED] - Tabloda veri var mı kontrol edilir: Tabloda veri var mı kontrol edilir

2021-11-18 11:20:40 - [MESSAGE][PASSED] - Tabloda veri var mı kontrol edilir

2021-11-18 11:20:40 - [TEST_STEP][PASSED] - Tablodan Logo Elektronik GIB Test isimli veri seçilir: Tablodan Logo Elektronik GIB Test isimli veri seçilir

2021-11-18 11:20:40 - [MESSAGE][PASSED] - Tablodan Logo Elektronik GIB Test isimli veri seçilir

2021-11-18 11:20:40 - [TEST_STEP][PASSED] - Butonlardan Departman Ata isimli butona tıklanır: Butonlardan Departman Ata isimli butona tıklanır

2021-11-18 11:20:40 - [MESSAGE][PASSED] - Butonlardan Departman Ata isimli butona tıklanır

2021-11-18 11:20:40 - [TEST_STEP][PASSED] - Yeni açılan sekmeye geçilir: Yeni açılan sekmeye geçilir

2021-11-18 11:20:40 - [MESSAGE][PASSED] - Yeni açılan sekmeye geçilir

2021-11-18 11:20:40 - [TEST_STEP][PASSED] - otomasyon isimli departman checkboxı seçilir: otomasyon isimli departman checkboxı seçilir

2021-11-18 11:20:40 - [MESSAGE][PASSED] - otomasyon isimli departman checkboxı seçilir

2021-11-18 11:20:40 - [TEST_STEP][PASSED] - Departman kaydedilir: Departman kaydedilir

2021-11-18 11:20:40 - [MESSAGE][PASSED] - Departman kaydedilir

2021-11-18 11:20:40 - [TEST_STEP][PASSED] - Popup mesajı Seçilen belgeler ilgili departmanlara aktarılmıştır içeriyor mu: Popup mesajı Seçilen belgeler ilgili departmanlara aktarılmıştır içeriyor mu

2021-11-18 11:20:40 - [MESSAGE][PASSED] - Popup mesajı Seçilen belgeler ilgili departmanlara aktarılmıştır içeriyor mu

2021-11-18 11:20:40 - [TEST_STEP][PASSED] - Yönetim popupında Tamam seçilir: Yönetim popupında Tamam seçilir

2021-11-18 11:20:40 - [MESSAGE][PASSED] - Yönetim popupında Tamam seçilir

2021-11-18 11:20:40 - [TEST_STEP][PASSED] - Ana sekmeye geçilir: Ana sekmeye geçilir

2021-11-18 11:20:40 - [MESSAGE][PASSED] - Ana sekmeye geçilir

2021-11-18 11:20:40 - [TEST_STEP][PASSED] - Butonlardan Departman Geri Al isimli butona tıklanır: Butonlardan Departman Geri Al isimli butona tıklanır

2021-11-18 11:20:40 - [MESSAGE][PASSED] - Butonlardan Departman Geri Al isimli butona tıklanır

2021-11-18 11:20:40 - [TEST_STEP][PASSED] - Yeni açılan sekmeye geçilir: Yeni açılan sekmeye geçilir

2021-11-18 11:20:40 - [MESSAGE][PASSED] - Yeni açılan sekmeye geçilir

2021-11-18 11:20:40 - [TEST_STEP][PASSED] - otomasyon isimli departman checkboxı seçilir: otomasyon isimli departman checkboxı seçilir

2021-11-18 11:20:40 - [MESSAGE][PASSED] - otomasyon isimli departman checkboxı seçilir

2021-11-18 11:20:40 - [TEST_STEP][PASSED] - Departman kaydedilir: Departman kaydedilir

2021-11-18 11:20:40 - [MESSAGE][PASSED] - Departman kaydedilir

2021-11-18 11:20:40 - [TEST_STEP][PASSED] - Popup mesajı Seçilen belgelerin ilgili departmanlardaki yetkisi kaldırılmıştır içeriyor mu: Popup mesajı Seçilen belgelerin ilgili departmanlardaki yetkisi kaldırılmıştır içeriyor mu

2021-11-18 11:20:40 - [MESSAGE][PASSED] - Popup mesajı Seçilen belgelerin ilgili departmanlardaki yetkisi kaldırılmıştır içeriyor mu

2021-11-18 11:20:40 - [TEST_STEP][PASSED] - Yönetim popupında Tamam seçilir: Yönetim popupında Tamam seçilir

2021-11-18 11:20:40 - [MESSAGE][PASSED] - Yönetim popupında Tamam seçilir

2021-11-18 11:20:40 - [TEST_STEP][PASSED] - Ana sekmeye geçilir: Ana sekmeye geçilir

2021-11-18 11:20:40 - [MESSAGE][PASSED] - Ana sekmeye geçilir

2021-11-18 11:20:40 - [TEST_STEP][PASSED] - Kullanıcı işlemlerinden Çıkış seçilir: Kullanıcı işlemlerinden Çıkış seçilir

2021-11-18 11:20:40 - [MESSAGE][PASSED] - Kullanıcı işlemlerinden Çıkış seçilir

2021-11-18 11:20:40 - [MESSAGE][PASSED] - Feature file: 'Include/features/e-Irsaliye/Gelen Kutusu/Irsaliyeler/Departman Ata_Geri Al.feature' was passed

2021-11-18 11:20:40 - [TEST_STEP][PASSED] - Start listener action : sampleAfterTestSuite: Invoke 'com.kms.katalon.core.annotation.AfterTestCase' method: 'Listener.sampleAfterTestSuite(...)' completed.

2021-11-18 11:20:40 - [MESSAGE][INFO] - Starting invoke 'com.kms.katalon.core.annotation.AfterTestCase' method: 'Listener.sampleAfterTestSuite(...)'

2021-11-18 11:20:40 - [TEST_STEP][PASSED] - closeBrowser(): Invoke 'com.kms.katalon.core.annotation.AfterTestCase' method: 'Listener.sampleAfterTestSuite(...)' completed.

2021-11-18 11:20:40 - [MESSAGE][INFO] - Closing browser

2021-11-18 11:20:40 - [MESSAGE][PASSED] - Browser is closed

2021-11-18 11:20:40 - [MESSAGE][INFO] - Invoke 'com.kms.katalon.core.annotation.AfterTestCase' method: 'Listener.sampleAfterTestSuite(...)' completed.]]></system-out>
         <system-err><![CDATA[]]></system-err>
      </testcase>
      <testcase name="Test Cases/Case Repository/e-Irsaliye/Gelen Kutusu/Irsaliyeler/Ekran Kontrolu" time="138.04" classname="Test Cases/Case Repository/e-Irsaliye/Gelen Kutusu/Irsaliyeler/Ekran Kontrolu" status="PASSED">
         <system-out><![CDATA[2021-11-18 11:20:40 - [TEST_CASE][PASSED] - Test Cases/Case Repository/e-Irsaliye/Gelen Kutusu/Irsaliyeler/Ekran Kontrolu: Test Cases/Case Repository/e-Irsaliye/Gelen Kutusu/Irsaliyeler/Ekran Kontrolu

2021-11-18 11:20:40 - [TEST_STEP][PASSED] - Start listener action : sampleBeforeTestSuite: Invoke 'com.kms.katalon.core.annotation.BeforeTestCase' method: 'Listener.sampleBeforeTestSuite(...)' completed.

2021-11-18 11:20:40 - [MESSAGE][INFO] - Starting invoke 'com.kms.katalon.core.annotation.BeforeTestCase' method: 'Listener.sampleBeforeTestSuite(...)'

2021-11-18 11:20:40 - [TEST_STEP][PASSED] - openBrowser(baseUrl): Browser is opened with url: 'https://efatura-stage.elogo.com.tr/'

2021-11-18 11:20:40 - [MESSAGE][INFO] - Opening browser

2021-11-18 11:20:40 - [MESSAGE][INFO] - Starting 'Chrome' driver

2021-11-18 11:20:40 - [MESSAGE][INFO] - User set preference: ['prefs', '{download.default_directory=C:\otomasyondownfiles}']

2021-11-18 11:20:40 - [MESSAGE][INFO] - Action delay is set to 0 milliseconds

2021-11-18 11:20:42 - [MESSAGE][INFO] - Navigating browser to: 'https://efatura-stage.elogo.com.tr/'

2021-11-18 11:20:44 - [MESSAGE][PASSED] - Browser is opened with url: 'https://efatura-stage.elogo.com.tr/'

2021-11-18 11:20:44 - [TEST_STEP][PASSED] - maximizeWindow(): Invoke 'com.kms.katalon.core.annotation.BeforeTestCase' method: 'Listener.sampleBeforeTestSuite(...)' completed.

2021-11-18 11:20:44 - [MESSAGE][INFO] - Maximizing current window

2021-11-18 11:20:44 - [MESSAGE][PASSED] - Current window maximized

2021-11-18 11:20:44 - [MESSAGE][INFO] - Invoke 'com.kms.katalon.core.annotation.BeforeTestCase' method: 'Listener.sampleBeforeTestSuite(...)' completed.

2021-11-18 11:20:45 - [TEST_STEP][PASSED] - runFeatureFile("Include/features/e-Irsaliye/Gelen Kutusu/Irsaliyeler/Ekran Kontrolu.feature"): Feature file: 'Include/features/e-Irsaliye/Gelen Kutusu/Irsaliyeler/Ekran Kontrolu.feature' was passed

2021-11-18 11:20:45 - [MESSAGE][INFO] - Starting run keyword runFeatureFile: 'Include/features/e-Irsaliye/Gelen Kutusu/Irsaliyeler/Ekran Kontrolu.feature' and extract report to folder: 'C:\Users\DELL\Documents\GitHub\EES_KatalonLogo\Reports\20211118_110909\Suite Repository\e-Irsaliye\20211118_110920/cucumber_report/1637223645229'...

2021-11-18 11:20:45 - [MESSAGE][INFO] - Glue: []

2021-11-18 11:20:46 - [MESSAGE][INFO] - Checking called Test Case

2021-11-18 11:20:46 - [MESSAGE][INFO] - Starting to call Test Case 'Test Cases/Sayfalar/Giris_Sayfasi/Login'

2021-11-18 11:20:46 - [TEST_CASE][PASSED] - Test Cases/Sayfalar/Giris_Sayfasi/Login: Test Cases/Sayfalar/Giris_Sayfasi/Login

2021-11-18 11:20:46 - [TEST_STEP][PASSED] - Sayfa_Basligi = getWindowTitle(): Current window's title is: 'LOGO e-Fatura'

2021-11-18 11:20:46 - [MESSAGE][INFO] - Getting current window's title

2021-11-18 11:20:46 - [MESSAGE][PASSED] - Current window's title is: 'LOGO e-Fatura'

2021-11-18 11:20:46 - [TEST_STEP][PASSED] - verifyMatch(Sayfa_Basligi, "LOGO e-Fatura", false): Actual text 'LOGO e-Fatura' and expected text 'LOGO e-Fatura' are matched 

2021-11-18 11:20:46 - [MESSAGE][INFO] - Matching actual text 'LOGO e-Fatura' with expected text 'LOGO e-Fatura'

2021-11-18 11:20:46 - [MESSAGE][PASSED] - Actual text 'LOGO e-Fatura' and expected text 'LOGO e-Fatura' are matched 

2021-11-18 11:20:46 - [TEST_STEP][PASSED] - sendKeys(findTestObject("Sayfalar/Giris_Sayfasi/Firma_Kodu"), KullaniciAdi): Keys 'ELOGO6' sent to object: 'Object Repository/Sayfalar/Giris_Sayfasi/Firma_Kodu'

2021-11-18 11:20:46 - [MESSAGE][INFO] - Finding Test Object 'Object Repository/Sayfalar/Giris_Sayfasi/Firma_Kodu'

2021-11-18 11:20:46 - [MESSAGE][INFO] - Sending keys 'ELOGO6' to object: 'Object Repository/Sayfalar/Giris_Sayfasi/Firma_Kodu'

2021-11-18 11:20:46 - [MESSAGE][INFO] - Finding web element from Test Object's properties

2021-11-18 11:20:46 - [MESSAGE][INFO] - Checking timeout

2021-11-18 11:20:46 - [MESSAGE][INFO] - Finding web element with id: 'Object Repository/Sayfalar/Giris_Sayfasi/Firma_Kodu' located by 'By.xpath: //*[@id = 'AccountName']' in '30' second(s)

2021-11-18 11:20:46 - [MESSAGE][INFO] - Smart Wait Function is triggered

2021-11-18 11:20:47 - [MESSAGE][INFO] - Found 1 web elements with id: 'Object Repository/Sayfalar/Giris_Sayfasi/Firma_Kodu' located by 'By.xpath: //*[@id = 'AccountName']' in '30' second(s)

2021-11-18 11:20:47 - [MESSAGE][PASSED] - Keys 'ELOGO6' sent to object: 'Object Repository/Sayfalar/Giris_Sayfasi/Firma_Kodu'

2021-11-18 11:20:47 - [TEST_STEP][PASSED] - sendKeys(findTestObject("Sayfalar/Giris_Sayfasi/Sifre"), Sifre): Keys '123456' sent to object: 'Object Repository/Sayfalar/Giris_Sayfasi/Sifre'

2021-11-18 11:20:47 - [MESSAGE][INFO] - Finding Test Object 'Object Repository/Sayfalar/Giris_Sayfasi/Sifre'

2021-11-18 11:20:47 - [MESSAGE][INFO] - Sending keys '123456' to object: 'Object Repository/Sayfalar/Giris_Sayfasi/Sifre'

2021-11-18 11:20:47 - [MESSAGE][INFO] - Finding web element from Test Object's properties

2021-11-18 11:20:47 - [MESSAGE][INFO] - Checking timeout

2021-11-18 11:20:47 - [MESSAGE][INFO] - Finding web element with id: 'Object Repository/Sayfalar/Giris_Sayfasi/Sifre' located by 'By.xpath: //*[@id = 'Password']' in '30' second(s)

2021-11-18 11:20:47 - [MESSAGE][INFO] - Smart Wait Function is triggered

2021-11-18 11:20:47 - [MESSAGE][INFO] - Found 1 web elements with id: 'Object Repository/Sayfalar/Giris_Sayfasi/Sifre' located by 'By.xpath: //*[@id = 'Password']' in '30' second(s)

2021-11-18 11:20:47 - [MESSAGE][PASSED] - Keys '123456' sent to object: 'Object Repository/Sayfalar/Giris_Sayfasi/Sifre'

2021-11-18 11:20:47 - [TEST_STEP][PASSED] - findWebElement(findTestObject("Sayfalar/Giris_Sayfasi/Giris_Butonu")).click(): Found 1 web elements with id: 'Object Repository/Sayfalar/Giris_Sayfasi/Giris_Butonu' located by 'By.cssSelector: #btnLogin' in '30' second(s)

2021-11-18 11:20:47 - [MESSAGE][INFO] - Finding Test Object 'Object Repository/Sayfalar/Giris_Sayfasi/Giris_Butonu'

2021-11-18 11:20:47 - [MESSAGE][INFO] - Finding web element from Test Object's properties

2021-11-18 11:20:47 - [MESSAGE][INFO] - Checking timeout

2021-11-18 11:20:47 - [MESSAGE][INFO] - Finding web element with id: 'Object Repository/Sayfalar/Giris_Sayfasi/Giris_Butonu' located by 'By.cssSelector: #btnLogin' in '30' second(s)

2021-11-18 11:20:47 - [MESSAGE][INFO] - Smart Wait Function is triggered

2021-11-18 11:20:47 - [MESSAGE][INFO] - Found 1 web elements with id: 'Object Repository/Sayfalar/Giris_Sayfasi/Giris_Butonu' located by 'By.cssSelector: #btnLogin' in '30' second(s)

2021-11-18 11:20:50 - [TEST_STEP][PASSED] - if (verifyElementPresent(findTestObject("Object Repository/Sayfalar/Giris_Sayfasi/RetveTamam_Butonu"), 5, OPTIONAL)): null

2021-11-18 11:20:50 - [MESSAGE][INFO] - Finding Test Object 'Object Repository/Sayfalar/Giris_Sayfasi/RetveTamam_Butonu'

2021-11-18 11:20:50 - [MESSAGE][INFO] - Checking object

2021-11-18 11:20:50 - [MESSAGE][INFO] - Finding web element from Test Object's properties

2021-11-18 11:20:50 - [MESSAGE][INFO] - Checking timeout

2021-11-18 11:20:50 - [MESSAGE][INFO] - Finding web element with id: 'Object Repository/Sayfalar/Giris_Sayfasi/RetveTamam_Butonu' located by 'By.xpath: //*[@class = 'btn btn-default']' in '5' second(s)

2021-11-18 11:20:50 - [MESSAGE][INFO] - Smart Wait Function is triggered

2021-11-18 11:20:51 - [MESSAGE][INFO] - Found 1 web elements with id: 'Object Repository/Sayfalar/Giris_Sayfasi/RetveTamam_Butonu' located by 'By.xpath: //*[@class = 'btn btn-default']' in '5' second(s)

2021-11-18 11:20:51 - [MESSAGE][PASSED] - Object 'Object Repository/Sayfalar/Giris_Sayfasi/RetveTamam_Butonu' is present

2021-11-18 11:20:51 - [TEST_STEP][PASSED] - click(findTestObject("Object Repository/Sayfalar/Giris_Sayfasi/RetveTamam_Butonu")): Object: 'Object Repository/Sayfalar/Giris_Sayfasi/RetveTamam_Butonu' is clicked on

2021-11-18 11:20:51 - [MESSAGE][INFO] - Finding Test Object 'Object Repository/Sayfalar/Giris_Sayfasi/RetveTamam_Butonu'

2021-11-18 11:20:51 - [MESSAGE][INFO] - Checking object

2021-11-18 11:20:51 - [MESSAGE][INFO] - Finding web element from Test Object's properties

2021-11-18 11:20:51 - [MESSAGE][INFO] - Checking timeout

2021-11-18 11:20:51 - [MESSAGE][INFO] - Finding web element with id: 'Object Repository/Sayfalar/Giris_Sayfasi/RetveTamam_Butonu' located by 'By.xpath: //*[@class = 'btn btn-default']' in '30' second(s)

2021-11-18 11:20:51 - [MESSAGE][INFO] - Smart Wait Function is triggered

2021-11-18 11:20:51 - [MESSAGE][INFO] - Found 1 web elements with id: 'Object Repository/Sayfalar/Giris_Sayfasi/RetveTamam_Butonu' located by 'By.xpath: //*[@class = 'btn btn-default']' in '30' second(s)

2021-11-18 11:20:51 - [MESSAGE][INFO] - Clicking on object: 'Object Repository/Sayfalar/Giris_Sayfasi/RetveTamam_Butonu'

2021-11-18 11:20:51 - [MESSAGE][PASSED] - Object: 'Object Repository/Sayfalar/Giris_Sayfasi/RetveTamam_Butonu' is clicked on

2021-11-18 11:20:51 - [TEST_STEP][PASSED] - click(findTestObject("Object Repository/Sayfalar/Giris_Sayfasi/RetveTamam_Butonu")): Object: 'Object Repository/Sayfalar/Giris_Sayfasi/RetveTamam_Butonu' is clicked on

2021-11-18 11:20:51 - [MESSAGE][INFO] - Finding Test Object 'Object Repository/Sayfalar/Giris_Sayfasi/RetveTamam_Butonu'

2021-11-18 11:20:51 - [MESSAGE][INFO] - Checking object

2021-11-18 11:20:51 - [MESSAGE][INFO] - Finding web element from Test Object's properties

2021-11-18 11:20:51 - [MESSAGE][INFO] - Checking timeout

2021-11-18 11:20:51 - [MESSAGE][INFO] - Finding web element with id: 'Object Repository/Sayfalar/Giris_Sayfasi/RetveTamam_Butonu' located by 'By.xpath: //*[@class = 'btn btn-default']' in '30' second(s)

2021-11-18 11:20:51 - [MESSAGE][INFO] - Smart Wait Function is triggered

2021-11-18 11:20:55 - [MESSAGE][INFO] - Found 1 web elements with id: 'Object Repository/Sayfalar/Giris_Sayfasi/RetveTamam_Butonu' located by 'By.xpath: //*[@class = 'btn btn-default']' in '30' second(s)

2021-11-18 11:20:55 - [MESSAGE][INFO] - Clicking on object: 'Object Repository/Sayfalar/Giris_Sayfasi/RetveTamam_Butonu'

2021-11-18 11:20:55 - [MESSAGE][PASSED] - Object: 'Object Repository/Sayfalar/Giris_Sayfasi/RetveTamam_Butonu' is clicked on

2021-11-18 11:20:55 - [TEST_STEP][PASSED] - if (verifyElementPresent(findTestObject("Sayfalar/Giris_Sayfasi/PopupOK"), 5, OPTIONAL)): null

2021-11-18 11:20:55 - [MESSAGE][INFO] - Finding Test Object 'Object Repository/Sayfalar/Giris_Sayfasi/PopupOK'

2021-11-18 11:20:56 - [MESSAGE][INFO] - Checking object

2021-11-18 11:20:56 - [MESSAGE][INFO] - Finding web element from Test Object's properties

2021-11-18 11:20:56 - [MESSAGE][INFO] - Checking timeout

2021-11-18 11:20:56 - [MESSAGE][INFO] - Finding web element with id: 'Object Repository/Sayfalar/Giris_Sayfasi/PopupOK' located by 'By.cssSelector: .btn.btn-success' in '5' second(s)

2021-11-18 11:20:56 - [MESSAGE][INFO] - Smart Wait Function is triggered

2021-11-18 11:20:56 - [MESSAGE][INFO] - Found 1 web elements with id: 'Object Repository/Sayfalar/Giris_Sayfasi/PopupOK' located by 'By.cssSelector: .btn.btn-success' in '5' second(s)

2021-11-18 11:20:56 - [MESSAGE][PASSED] - Object 'Object Repository/Sayfalar/Giris_Sayfasi/PopupOK' is present

2021-11-18 11:20:56 - [TEST_STEP][PASSED] - click(findTestObject("Object Repository/Sayfalar/Giris_Sayfasi/PopupCarpiGiris")): Object: 'Object Repository/Sayfalar/Giris_Sayfasi/PopupCarpiGiris' is clicked on

2021-11-18 11:20:56 - [MESSAGE][INFO] - Finding Test Object 'Object Repository/Sayfalar/Giris_Sayfasi/PopupCarpiGiris'

2021-11-18 11:20:56 - [MESSAGE][INFO] - Checking object

2021-11-18 11:20:56 - [MESSAGE][INFO] - Finding web element from Test Object's properties

2021-11-18 11:20:56 - [MESSAGE][INFO] - Checking timeout

2021-11-18 11:20:56 - [MESSAGE][INFO] - Finding web element with id: 'Object Repository/Sayfalar/Giris_Sayfasi/PopupCarpiGiris' located by 'By.cssSelector: .bootbox-close-button.close' in '30' second(s)

2021-11-18 11:20:56 - [MESSAGE][INFO] - Smart Wait Function is triggered

2021-11-18 11:20:57 - [MESSAGE][INFO] - Found 1 web elements with id: 'Object Repository/Sayfalar/Giris_Sayfasi/PopupCarpiGiris' located by 'By.cssSelector: .bootbox-close-button.close' in '30' second(s)

2021-11-18 11:20:57 - [MESSAGE][INFO] - Clicking on object: 'Object Repository/Sayfalar/Giris_Sayfasi/PopupCarpiGiris'

2021-11-18 11:20:57 - [MESSAGE][PASSED] - Object: 'Object Repository/Sayfalar/Giris_Sayfasi/PopupCarpiGiris' is clicked on

2021-11-18 11:20:57 - [TEST_STEP][PASSED] - verifyElementVisible(findTestObject("Object Repository/Kullanici_Islemleri/KullaniciIslemleri")): Object 'Object Repository/Kullanici_Islemleri/KullaniciIslemleri' is visible

2021-11-18 11:20:57 - [MESSAGE][INFO] - Finding Test Object 'Object Repository/Kullanici_Islemleri/KullaniciIslemleri'

2021-11-18 11:20:57 - [MESSAGE][INFO] - Checking object

2021-11-18 11:20:57 - [MESSAGE][INFO] - Finding web element from Test Object's properties

2021-11-18 11:20:57 - [MESSAGE][INFO] - Checking timeout

2021-11-18 11:20:57 - [MESSAGE][INFO] - Finding web element with id: 'Object Repository/Kullanici_Islemleri/KullaniciIslemleri' located by 'By.cssSelector: .dropdown>a>img' in '30' second(s)

2021-11-18 11:20:57 - [MESSAGE][INFO] - Smart Wait Function is triggered

2021-11-18 11:20:58 - [MESSAGE][INFO] - Found 1 web elements with id: 'Object Repository/Kullanici_Islemleri/KullaniciIslemleri' located by 'By.cssSelector: .dropdown>a>img' in '30' second(s)

2021-11-18 11:20:58 - [MESSAGE][PASSED] - Object 'Object Repository/Kullanici_Islemleri/KullaniciIslemleri' is visible

2021-11-18 11:20:58 - [MESSAGE][PASSED] - Call Test Case 'Test Cases/Sayfalar/Giris_Sayfasi/Login' successfully

2021-11-18 11:20:58 - [MESSAGE][INFO] - Checking called Test Case

2021-11-18 11:20:58 - [MESSAGE][INFO] - Starting to call Test Case 'Test Cases/Menu/AnaMenuSecimi'

2021-11-18 11:20:58 - [TEST_CASE][PASSED] - Test Cases/Menu/AnaMenuSecimi: Test Cases/Menu/AnaMenuSecimi

2021-11-18 11:20:58 - [TEST_STEP][PASSED] - Method.TextDegerineEsitElementeTikla(findTestObject("Menu/Ana_Menu"), Ana_Menu): Method.TextDegerineEsitElementeTikla is PASSED

2021-11-18 11:20:58 - [MESSAGE][INFO] - Finding Test Object 'Object Repository/Menu/Ana_Menu'

2021-11-18 11:20:58 - [MESSAGE][INFO] - Checking timeout

2021-11-18 11:20:58 - [MESSAGE][INFO] - Finding web element with id: 'Object Repository/Menu/Ana_Menu' located by 'By.xpath: //*[@class = 'dropdown-toggle']' in '10' second(s)

2021-11-18 11:20:58 - [MESSAGE][INFO] - Smart Wait Function is triggered

2021-11-18 11:20:58 - [MESSAGE][INFO] - Found 14 web elements with id: 'Object Repository/Menu/Ana_Menu' located by 'By.xpath: //*[@class = 'dropdown-toggle']' in '10' second(s)

2021-11-18 11:20:59 - [MESSAGE][PASSED] - Method.TextDegerineEsitElementeTikla is PASSED

2021-11-18 11:20:59 - [MESSAGE][PASSED] - Call Test Case 'Test Cases/Menu/AnaMenuSecimi' successfully

2021-11-18 11:20:59 - [MESSAGE][INFO] - Checking called Test Case

2021-11-18 11:20:59 - [MESSAGE][INFO] - Starting to call Test Case 'Test Cases/Menu/BasligaGoreAltMenuSecimi'

2021-11-18 11:20:59 - [TEST_CASE][PASSED] - Test Cases/Menu/BasligaGoreAltMenuSecimi: Test Cases/Menu/BasligaGoreAltMenuSecimi

2021-11-18 11:20:59 - [TEST_STEP][PASSED] - Method.TextDegerineEsitElementinAltindakiTextDegerineEsitOlanaTikla(findTestObject("Menu/Menu_Basligi"), findTestObject("Menu/Basliga_Gore_Alt_Menu"), Baslik, Alt_Menu): Method.TextDegerineEsitElementinAltindakiTextDegerineEsitOlanaTikla is PASSED

2021-11-18 11:20:59 - [MESSAGE][INFO] - Finding Test Object 'Object Repository/Menu/Menu_Basligi'

2021-11-18 11:20:59 - [MESSAGE][INFO] - Finding Test Object 'Object Repository/Menu/Basliga_Gore_Alt_Menu'

2021-11-18 11:20:59 - [MESSAGE][INFO] - Checking timeout

2021-11-18 11:20:59 - [MESSAGE][INFO] - Finding web element with id: 'Object Repository/Menu/Menu_Basligi' located by 'By.xpath: //li[@class='dropdown dropdown-large open']//li[@class='dropdown-header']' in '10' second(s)

2021-11-18 11:20:59 - [MESSAGE][INFO] - Smart Wait Function is triggered

2021-11-18 11:20:59 - [MESSAGE][INFO] - Found 3 web elements with id: 'Object Repository/Menu/Menu_Basligi' located by 'By.xpath: //li[@class='dropdown dropdown-large open']//li[@class='dropdown-header']' in '10' second(s)

2021-11-18 11:20:59 - [MESSAGE][INFO] - Smart Wait Function is triggered

2021-11-18 11:21:02 - [MESSAGE][PASSED] - Method.TextDegerineEsitElementinAltindakiTextDegerineEsitOlanaTikla is PASSED

2021-11-18 11:21:02 - [MESSAGE][PASSED] - Call Test Case 'Test Cases/Menu/BasligaGoreAltMenuSecimi' successfully

2021-11-18 11:21:02 - [MESSAGE][INFO] - Checking called Test Case

2021-11-18 11:21:02 - [MESSAGE][INFO] - Starting to call Test Case 'Test Cases/Filtreler/BaslangicYaz'

2021-11-18 11:21:02 - [TEST_CASE][PASSED] - Test Cases/Filtreler/BaslangicYaz: Test Cases/Filtreler/BaslangicYaz

2021-11-18 11:21:02 - [TEST_STEP][PASSED] - delay(3): Delayed 3 second(s)

2021-11-18 11:21:02 - [MESSAGE][INFO] - Delaying browser in 3 second(s)

2021-11-18 11:21:05 - [MESSAGE][PASSED] - Delayed 3 second(s)

2021-11-18 11:21:05 - [TEST_STEP][PASSED] - Method.TextDegerineEsitElementinAltindakineTikla(findTestObject("Filtreler/Basliklar"), findTestObject("Filtreler/Basliga_Gore_Baslangic_Image"), Filtre_Adi): Method.TextDegerineEsitElementinAltindakineTikla is PASSED

2021-11-18 11:21:05 - [MESSAGE][INFO] - Finding Test Object 'Object Repository/Filtreler/Basliklar'

2021-11-18 11:21:05 - [MESSAGE][INFO] - Finding Test Object 'Object Repository/Filtreler/Basliga_Gore_Baslangic_Image'

2021-11-18 11:21:05 - [MESSAGE][INFO] - Checking timeout

2021-11-18 11:21:05 - [MESSAGE][INFO] - Finding web element with id: 'Object Repository/Filtreler/Basliklar' located by 'By.cssSelector: .control-label.col-sm-4.paddingMarginRLC' in '10' second(s)

2021-11-18 11:21:05 - [MESSAGE][INFO] - Smart Wait Function is triggered

2021-11-18 11:21:06 - [MESSAGE][INFO] - Found 18 web elements with id: 'Object Repository/Filtreler/Basliklar' located by 'By.cssSelector: .control-label.col-sm-4.paddingMarginRLC' in '10' second(s)

2021-11-18 11:21:06 - [MESSAGE][INFO] - Smart Wait Function is triggered

2021-11-18 11:21:06 - [MESSAGE][PASSED] - Method.TextDegerineEsitElementinAltindakineTikla is PASSED

2021-11-18 11:21:06 - [TEST_STEP][PASSED] - Method.TextDegerineEsitElementinAltindakiTextboxtaYaz(findTestObject("Filtreler/Basliklar"), findTestObject("Filtreler/Basliga_Gore_Baslangic"), Filtre_Adi, Filtre_Degeri): Method.TextDegerineEsitElementinAltindakiTextboxtaYaz is PASSED

2021-11-18 11:21:06 - [MESSAGE][INFO] - Finding Test Object 'Object Repository/Filtreler/Basliklar'

2021-11-18 11:21:06 - [MESSAGE][INFO] - Finding Test Object 'Object Repository/Filtreler/Basliga_Gore_Baslangic'

2021-11-18 11:21:07 - [MESSAGE][INFO] - Checking timeout

2021-11-18 11:21:07 - [MESSAGE][INFO] - Finding web element with id: 'Object Repository/Filtreler/Basliklar' located by 'By.cssSelector: .control-label.col-sm-4.paddingMarginRLC' in '10' second(s)

2021-11-18 11:21:07 - [MESSAGE][INFO] - Smart Wait Function is triggered

2021-11-18 11:21:07 - [MESSAGE][INFO] - Found 18 web elements with id: 'Object Repository/Filtreler/Basliklar' located by 'By.cssSelector: .control-label.col-sm-4.paddingMarginRLC' in '10' second(s)

2021-11-18 11:21:07 - [MESSAGE][INFO] - Smart Wait Function is triggered

2021-11-18 11:21:07 - [MESSAGE][PASSED] - Method.TextDegerineEsitElementinAltindakiTextboxtaYaz is PASSED

2021-11-18 11:21:07 - [MESSAGE][PASSED] - Call Test Case 'Test Cases/Filtreler/BaslangicYaz' successfully

2021-11-18 11:21:07 - [MESSAGE][INFO] - Checking called Test Case

2021-11-18 11:21:07 - [MESSAGE][INFO] - Starting to call Test Case 'Test Cases/Filtreler/BitisYaz'

2021-11-18 11:21:07 - [TEST_CASE][PASSED] - Test Cases/Filtreler/BitisYaz: Test Cases/Filtreler/BitisYaz

2021-11-18 11:21:07 - [TEST_STEP][PASSED] - Method.TextDegerineEsitElementinAltindakineTikla(findTestObject("Filtreler/Basliklar"), findTestObject("Filtreler/Basliga_Gore_Bitis_Image"), Filtre_Adi): Method.TextDegerineEsitElementinAltindakineTikla is PASSED

2021-11-18 11:21:07 - [MESSAGE][INFO] - Finding Test Object 'Object Repository/Filtreler/Basliklar'

2021-11-18 11:21:07 - [MESSAGE][INFO] - Finding Test Object 'Object Repository/Filtreler/Basliga_Gore_Bitis_Image'

2021-11-18 11:21:08 - [MESSAGE][INFO] - Checking timeout

2021-11-18 11:21:08 - [MESSAGE][INFO] - Finding web element with id: 'Object Repository/Filtreler/Basliklar' located by 'By.cssSelector: .control-label.col-sm-4.paddingMarginRLC' in '10' second(s)

2021-11-18 11:21:08 - [MESSAGE][INFO] - Smart Wait Function is triggered

2021-11-18 11:21:08 - [MESSAGE][INFO] - Found 18 web elements with id: 'Object Repository/Filtreler/Basliklar' located by 'By.cssSelector: .control-label.col-sm-4.paddingMarginRLC' in '10' second(s)

2021-11-18 11:21:08 - [MESSAGE][INFO] - Smart Wait Function is triggered

2021-11-18 11:21:08 - [MESSAGE][PASSED] - Method.TextDegerineEsitElementinAltindakineTikla is PASSED

2021-11-18 11:21:08 - [TEST_STEP][PASSED] - Method.TextDegerineEsitElementinAltindakiTextboxtaYaz(findTestObject("Filtreler/Basliklar"), findTestObject("Object Repository/Filtreler/Basliga_Gore_Bitis"), Filtre_Adi, Filtre_Degeri): Method.TextDegerineEsitElementinAltindakiTextboxtaYaz is PASSED

2021-11-18 11:21:08 - [MESSAGE][INFO] - Finding Test Object 'Object Repository/Filtreler/Basliklar'

2021-11-18 11:21:08 - [MESSAGE][INFO] - Finding Test Object 'Object Repository/Filtreler/Basliga_Gore_Bitis'

2021-11-18 11:21:09 - [MESSAGE][INFO] - Checking timeout

2021-11-18 11:21:09 - [MESSAGE][INFO] - Finding web element with id: 'Object Repository/Filtreler/Basliklar' located by 'By.cssSelector: .control-label.col-sm-4.paddingMarginRLC' in '10' second(s)

2021-11-18 11:21:09 - [MESSAGE][INFO] - Smart Wait Function is triggered

2021-11-18 11:21:09 - [MESSAGE][INFO] - Found 18 web elements with id: 'Object Repository/Filtreler/Basliklar' located by 'By.cssSelector: .control-label.col-sm-4.paddingMarginRLC' in '10' second(s)

2021-11-18 11:21:09 - [MESSAGE][INFO] - Smart Wait Function is triggered

2021-11-18 11:21:10 - [MESSAGE][PASSED] - Method.TextDegerineEsitElementinAltindakiTextboxtaYaz is PASSED

2021-11-18 11:21:10 - [MESSAGE][PASSED] - Call Test Case 'Test Cases/Filtreler/BitisYaz' successfully

2021-11-18 11:21:10 - [MESSAGE][INFO] - Checking called Test Case

2021-11-18 11:21:10 - [MESSAGE][INFO] - Starting to call Test Case 'Test Cases/Filtreler/ButonaTikla'

2021-11-18 11:21:10 - [TEST_CASE][PASSED] - Test Cases/Filtreler/ButonaTikla: Test Cases/Filtreler/ButonaTikla

2021-11-18 11:21:10 - [TEST_STEP][PASSED] - Method.TextDegerineEsitElementeTikla(findTestObject("Filtreler/Butonlar"), Filtre_Buton): Method.TextDegerineEsitElementeTikla is PASSED

2021-11-18 11:21:10 - [MESSAGE][INFO] - Finding Test Object 'Object Repository/Filtreler/Butonlar'

2021-11-18 11:21:10 - [MESSAGE][INFO] - Checking timeout

2021-11-18 11:21:10 - [MESSAGE][INFO] - Finding web element with id: 'Object Repository/Filtreler/Butonlar' located by 'By.cssSelector: .dxb>span' in '10' second(s)

2021-11-18 11:21:10 - [MESSAGE][INFO] - Smart Wait Function is triggered

2021-11-18 11:21:10 - [MESSAGE][INFO] - Found 3 web elements with id: 'Object Repository/Filtreler/Butonlar' located by 'By.cssSelector: .dxb>span' in '10' second(s)

2021-11-18 11:21:10 - [MESSAGE][PASSED] - Method.TextDegerineEsitElementeTikla is PASSED

2021-11-18 11:21:10 - [MESSAGE][PASSED] - Call Test Case 'Test Cases/Filtreler/ButonaTikla' successfully

2021-11-18 11:21:10 - [MESSAGE][INFO] - Checking called Test Case

2021-11-18 11:21:10 - [MESSAGE][INFO] - Starting to call Test Case 'Test Cases/Tablo/TablodakiVeriDetayi'

2021-11-18 11:21:10 - [TEST_CASE][PASSED] - Test Cases/Tablo/TablodakiVeriDetayi: Test Cases/Tablo/TablodakiVeriDetayi

2021-11-18 11:21:10 - [TEST_STEP][PASSED] - Method.TextDegerineEsitElementinAltindakineTikla(findTestObject("Tablo/Veriler"), findTestObject("Object Repository/Tablo/VerininArtiButonu"), Veri_Adi): Method.TextDegerineEsitElementinAltindakineTikla is PASSED

2021-11-18 11:21:10 - [MESSAGE][INFO] - Finding Test Object 'Object Repository/Tablo/Veriler'

2021-11-18 11:21:11 - [MESSAGE][INFO] - Finding Test Object 'Object Repository/Tablo/VerininArtiButonu'

2021-11-18 11:21:11 - [MESSAGE][INFO] - Checking timeout

2021-11-18 11:21:11 - [MESSAGE][INFO] - Finding web element with id: 'Object Repository/Tablo/Veriler' located by 'By.cssSelector: td.dxgv b ,td.dxgv' in '10' second(s)

2021-11-18 11:21:11 - [MESSAGE][INFO] - Smart Wait Function is triggered

2021-11-18 11:21:11 - [MESSAGE][INFO] - Found 120 web elements with id: 'Object Repository/Tablo/Veriler' located by 'By.cssSelector: td.dxgv b ,td.dxgv' in '10' second(s)

2021-11-18 11:21:11 - [MESSAGE][INFO] - Smart Wait Function is triggered

2021-11-18 11:21:12 - [MESSAGE][PASSED] - Method.TextDegerineEsitElementinAltindakineTikla is PASSED

2021-11-18 11:21:12 - [MESSAGE][PASSED] - Call Test Case 'Test Cases/Tablo/TablodakiVeriDetayi' successfully

2021-11-18 11:21:12 - [MESSAGE][INFO] - Checking called Test Case

2021-11-18 11:21:12 - [MESSAGE][INFO] - Starting to call Test Case 'Test Cases/Tablo/TablodakiVeriDetayi'

2021-11-18 11:21:12 - [TEST_CASE][PASSED] - Test Cases/Tablo/TablodakiVeriDetayi: Test Cases/Tablo/TablodakiVeriDetayi

2021-11-18 11:21:12 - [TEST_STEP][PASSED] - Method.TextDegerineEsitElementinAltindakineTikla(findTestObject("Tablo/Veriler"), findTestObject("Object Repository/Tablo/VerininArtiButonu"), Veri_Adi): Method.TextDegerineEsitElementinAltindakineTikla is PASSED

2021-11-18 11:21:12 - [MESSAGE][INFO] - Finding Test Object 'Object Repository/Tablo/Veriler'

2021-11-18 11:21:12 - [MESSAGE][INFO] - Finding Test Object 'Object Repository/Tablo/VerininArtiButonu'

2021-11-18 11:21:12 - [MESSAGE][INFO] - Checking timeout

2021-11-18 11:21:12 - [MESSAGE][INFO] - Finding web element with id: 'Object Repository/Tablo/Veriler' located by 'By.cssSelector: td.dxgv b ,td.dxgv' in '10' second(s)

2021-11-18 11:21:12 - [MESSAGE][INFO] - Smart Wait Function is triggered

2021-11-18 11:21:12 - [MESSAGE][INFO] - Found 122 web elements with id: 'Object Repository/Tablo/Veriler' located by 'By.cssSelector: td.dxgv b ,td.dxgv' in '10' second(s)

2021-11-18 11:21:13 - [MESSAGE][INFO] - Smart Wait Function is triggered

2021-11-18 11:21:13 - [MESSAGE][PASSED] - Method.TextDegerineEsitElementinAltindakineTikla is PASSED

2021-11-18 11:21:13 - [MESSAGE][PASSED] - Call Test Case 'Test Cases/Tablo/TablodakiVeriDetayi' successfully

2021-11-18 11:21:13 - [MESSAGE][INFO] - Checking called Test Case

2021-11-18 11:21:13 - [MESSAGE][INFO] - Starting to call Test Case 'Test Cases/Filtreler/ListelenenOgeSayisi'

2021-11-18 11:21:13 - [TEST_CASE][PASSED] - Test Cases/Filtreler/ListelenenOgeSayisi: Test Cases/Filtreler/ListelenenOgeSayisi

2021-11-18 11:21:13 - [TEST_STEP][PASSED] - waitForElementPresent(findTestObject("Filtreler/OgeSayisi"), 10): Object 'Object Repository/Filtreler/OgeSayisi' is present

2021-11-18 11:21:13 - [MESSAGE][INFO] - Finding Test Object 'Object Repository/Filtreler/OgeSayisi'

2021-11-18 11:21:14 - [MESSAGE][INFO] - Checking object

2021-11-18 11:21:14 - [MESSAGE][INFO] - Finding web element from Test Object's properties

2021-11-18 11:21:14 - [MESSAGE][INFO] - Checking timeout

2021-11-18 11:21:14 - [MESSAGE][INFO] - Finding web element with id: 'Object Repository/Filtreler/OgeSayisi' located by 'By.cssSelector: .dxp-lead.dxp-summary' in '10' second(s)

2021-11-18 11:21:14 - [MESSAGE][INFO] - Smart Wait Function is triggered

2021-11-18 11:21:14 - [MESSAGE][INFO] - Found 1 web elements with id: 'Object Repository/Filtreler/OgeSayisi' located by 'By.cssSelector: .dxp-lead.dxp-summary' in '10' second(s)

2021-11-18 11:21:14 - [MESSAGE][PASSED] - Object 'Object Repository/Filtreler/OgeSayisi' is present

2021-11-18 11:21:14 - [TEST_STEP][PASSED] - verifyElementText(findTestObject("Filtreler/OgeSayisi"), OgeSayisi): Actual text and expected text of test object 'Object Repository/Filtreler/OgeSayisi' are matched.

2021-11-18 11:21:14 - [MESSAGE][INFO] - Finding Test Object 'Object Repository/Filtreler/OgeSayisi'

2021-11-18 11:21:14 - [MESSAGE][INFO] - Checking object

2021-11-18 11:21:14 - [MESSAGE][INFO] - Finding web element from Test Object's properties

2021-11-18 11:21:14 - [MESSAGE][INFO] - Checking timeout

2021-11-18 11:21:14 - [MESSAGE][INFO] - Finding web element with id: 'Object Repository/Filtreler/OgeSayisi' located by 'By.cssSelector: .dxp-lead.dxp-summary' in '30' second(s)

2021-11-18 11:21:14 - [MESSAGE][INFO] - Smart Wait Function is triggered

2021-11-18 11:21:14 - [MESSAGE][INFO] - Found 1 web elements with id: 'Object Repository/Filtreler/OgeSayisi' located by 'By.cssSelector: .dxp-lead.dxp-summary' in '30' second(s)

2021-11-18 11:21:14 - [MESSAGE][PASSED] - Actual text and expected text of test object 'Object Repository/Filtreler/OgeSayisi' are matched.

2021-11-18 11:21:14 - [MESSAGE][PASSED] - Call Test Case 'Test Cases/Filtreler/ListelenenOgeSayisi' successfully

2021-11-18 11:21:14 - [MESSAGE][INFO] - Checking called Test Case

2021-11-18 11:21:14 - [MESSAGE][INFO] - Starting to call Test Case 'Test Cases/Sayfalar/AnaSayfa/AnaSayfayaDonulur'

2021-11-18 11:21:14 - [TEST_CASE][PASSED] - Test Cases/Sayfalar/AnaSayfa/AnaSayfayaDonulur: Test Cases/Sayfalar/AnaSayfa/AnaSayfayaDonulur

2021-11-18 11:21:15 - [TEST_STEP][PASSED] - click(findTestObject("Sayfalar/AnaSayfa/AnaSayfa")): Object: 'Object Repository/Sayfalar/AnaSayfa/AnaSayfa' is clicked on

2021-11-18 11:21:15 - [MESSAGE][INFO] - Finding Test Object 'Object Repository/Sayfalar/AnaSayfa/AnaSayfa'

2021-11-18 11:21:15 - [MESSAGE][INFO] - Checking object

2021-11-18 11:21:15 - [MESSAGE][INFO] - Finding web element from Test Object's properties

2021-11-18 11:21:15 - [MESSAGE][INFO] - Checking timeout

2021-11-18 11:21:15 - [MESSAGE][INFO] - Finding web element with id: 'Object Repository/Sayfalar/AnaSayfa/AnaSayfa' located by 'By.cssSelector: div.navbar-header > a > img' in '30' second(s)

2021-11-18 11:21:15 - [MESSAGE][INFO] - Smart Wait Function is triggered

2021-11-18 11:21:15 - [MESSAGE][INFO] - Found 1 web elements with id: 'Object Repository/Sayfalar/AnaSayfa/AnaSayfa' located by 'By.cssSelector: div.navbar-header > a > img' in '30' second(s)

2021-11-18 11:21:15 - [MESSAGE][INFO] - Clicking on object: 'Object Repository/Sayfalar/AnaSayfa/AnaSayfa'

2021-11-18 11:21:17 - [MESSAGE][PASSED] - Object: 'Object Repository/Sayfalar/AnaSayfa/AnaSayfa' is clicked on

2021-11-18 11:21:17 - [TEST_STEP][PASSED] - if (verifyElementPresent(findTestObject("Sayfalar/Giris_Sayfasi/PopupOK"), 5, OPTIONAL)): null

2021-11-18 11:21:17 - [MESSAGE][INFO] - Finding Test Object 'Object Repository/Sayfalar/Giris_Sayfasi/PopupOK'

2021-11-18 11:21:17 - [MESSAGE][INFO] - Checking object

2021-11-18 11:21:17 - [MESSAGE][INFO] - Finding web element from Test Object's properties

2021-11-18 11:21:17 - [MESSAGE][INFO] - Checking timeout

2021-11-18 11:21:17 - [MESSAGE][INFO] - Finding web element with id: 'Object Repository/Sayfalar/Giris_Sayfasi/PopupOK' located by 'By.cssSelector: .btn.btn-success' in '5' second(s)

2021-11-18 11:21:17 - [MESSAGE][INFO] - Smart Wait Function is triggered

2021-11-18 11:21:17 - [MESSAGE][INFO] - Found 1 web elements with id: 'Object Repository/Sayfalar/Giris_Sayfasi/PopupOK' located by 'By.cssSelector: .btn.btn-success' in '5' second(s)

2021-11-18 11:21:17 - [MESSAGE][PASSED] - Object 'Object Repository/Sayfalar/Giris_Sayfasi/PopupOK' is present

2021-11-18 11:21:17 - [TEST_STEP][PASSED] - click(findTestObject("Sayfalar/Giris_Sayfasi/PopupOK")): Object: 'Object Repository/Sayfalar/Giris_Sayfasi/PopupOK' is clicked on

2021-11-18 11:21:17 - [MESSAGE][INFO] - Finding Test Object 'Object Repository/Sayfalar/Giris_Sayfasi/PopupOK'

2021-11-18 11:21:17 - [MESSAGE][INFO] - Checking object

2021-11-18 11:21:17 - [MESSAGE][INFO] - Finding web element from Test Object's properties

2021-11-18 11:21:17 - [MESSAGE][INFO] - Checking timeout

2021-11-18 11:21:17 - [MESSAGE][INFO] - Finding web element with id: 'Object Repository/Sayfalar/Giris_Sayfasi/PopupOK' located by 'By.cssSelector: .btn.btn-success' in '30' second(s)

2021-11-18 11:21:17 - [MESSAGE][INFO] - Smart Wait Function is triggered

2021-11-18 11:21:17 - [MESSAGE][INFO] - Found 1 web elements with id: 'Object Repository/Sayfalar/Giris_Sayfasi/PopupOK' located by 'By.cssSelector: .btn.btn-success' in '30' second(s)

2021-11-18 11:21:17 - [MESSAGE][INFO] - Clicking on object: 'Object Repository/Sayfalar/Giris_Sayfasi/PopupOK'

2021-11-18 11:21:17 - [MESSAGE][PASSED] - Object: 'Object Repository/Sayfalar/Giris_Sayfasi/PopupOK' is clicked on

2021-11-18 11:21:17 - [TEST_STEP][PASSED] - verifyElementVisible(findTestObject("Object Repository/Kullanici_Islemleri/KullaniciIslemleri")): Object 'Object Repository/Kullanici_Islemleri/KullaniciIslemleri' is visible

2021-11-18 11:21:17 - [MESSAGE][INFO] - Finding Test Object 'Object Repository/Kullanici_Islemleri/KullaniciIslemleri'

2021-11-18 11:21:17 - [MESSAGE][INFO] - Checking object

2021-11-18 11:21:17 - [MESSAGE][INFO] - Finding web element from Test Object's properties

2021-11-18 11:21:17 - [MESSAGE][INFO] - Checking timeout

2021-11-18 11:21:17 - [MESSAGE][INFO] - Finding web element with id: 'Object Repository/Kullanici_Islemleri/KullaniciIslemleri' located by 'By.cssSelector: .dropdown>a>img' in '30' second(s)

2021-11-18 11:21:17 - [MESSAGE][INFO] - Smart Wait Function is triggered

2021-11-18 11:21:18 - [MESSAGE][INFO] - Found 1 web elements with id: 'Object Repository/Kullanici_Islemleri/KullaniciIslemleri' located by 'By.cssSelector: .dropdown>a>img' in '30' second(s)

2021-11-18 11:21:18 - [MESSAGE][PASSED] - Object 'Object Repository/Kullanici_Islemleri/KullaniciIslemleri' is visible

2021-11-18 11:21:18 - [MESSAGE][PASSED] - Call Test Case 'Test Cases/Sayfalar/AnaSayfa/AnaSayfayaDonulur' successfully

2021-11-18 11:21:18 - [MESSAGE][INFO] - Checking called Test Case

2021-11-18 11:21:18 - [MESSAGE][INFO] - Starting to call Test Case 'Test Cases/Menu/AnaMenuSecimi'

2021-11-18 11:21:18 - [TEST_CASE][PASSED] - Test Cases/Menu/AnaMenuSecimi: Test Cases/Menu/AnaMenuSecimi

2021-11-18 11:21:18 - [TEST_STEP][PASSED] - Method.TextDegerineEsitElementeTikla(findTestObject("Menu/Ana_Menu"), Ana_Menu): Method.TextDegerineEsitElementeTikla is PASSED

2021-11-18 11:21:18 - [MESSAGE][INFO] - Finding Test Object 'Object Repository/Menu/Ana_Menu'

2021-11-18 11:21:18 - [MESSAGE][INFO] - Checking timeout

2021-11-18 11:21:18 - [MESSAGE][INFO] - Finding web element with id: 'Object Repository/Menu/Ana_Menu' located by 'By.xpath: //*[@class = 'dropdown-toggle']' in '10' second(s)

2021-11-18 11:21:18 - [MESSAGE][INFO] - Smart Wait Function is triggered

2021-11-18 11:21:19 - [MESSAGE][INFO] - Found 14 web elements with id: 'Object Repository/Menu/Ana_Menu' located by 'By.xpath: //*[@class = 'dropdown-toggle']' in '10' second(s)

2021-11-18 11:21:19 - [MESSAGE][PASSED] - Method.TextDegerineEsitElementeTikla is PASSED

2021-11-18 11:21:19 - [MESSAGE][PASSED] - Call Test Case 'Test Cases/Menu/AnaMenuSecimi' successfully

2021-11-18 11:21:19 - [MESSAGE][INFO] - Checking called Test Case

2021-11-18 11:21:19 - [MESSAGE][INFO] - Starting to call Test Case 'Test Cases/Menu/BasligaGoreAltMenuSecimi'

2021-11-18 11:21:19 - [TEST_CASE][PASSED] - Test Cases/Menu/BasligaGoreAltMenuSecimi: Test Cases/Menu/BasligaGoreAltMenuSecimi

2021-11-18 11:21:19 - [TEST_STEP][PASSED] - Method.TextDegerineEsitElementinAltindakiTextDegerineEsitOlanaTikla(findTestObject("Menu/Menu_Basligi"), findTestObject("Menu/Basliga_Gore_Alt_Menu"), Baslik, Alt_Menu): Method.TextDegerineEsitElementinAltindakiTextDegerineEsitOlanaTikla is PASSED

2021-11-18 11:21:19 - [MESSAGE][INFO] - Finding Test Object 'Object Repository/Menu/Menu_Basligi'

2021-11-18 11:21:19 - [MESSAGE][INFO] - Finding Test Object 'Object Repository/Menu/Basliga_Gore_Alt_Menu'

2021-11-18 11:21:19 - [MESSAGE][INFO] - Checking timeout

2021-11-18 11:21:19 - [MESSAGE][INFO] - Finding web element with id: 'Object Repository/Menu/Menu_Basligi' located by 'By.xpath: //li[@class='dropdown dropdown-large open']//li[@class='dropdown-header']' in '10' second(s)

2021-11-18 11:21:19 - [MESSAGE][INFO] - Smart Wait Function is triggered

2021-11-18 11:21:19 - [MESSAGE][INFO] - Found 3 web elements with id: 'Object Repository/Menu/Menu_Basligi' located by 'By.xpath: //li[@class='dropdown dropdown-large open']//li[@class='dropdown-header']' in '10' second(s)

2021-11-18 11:21:19 - [MESSAGE][INFO] - Smart Wait Function is triggered

2021-11-18 11:21:21 - [MESSAGE][PASSED] - Method.TextDegerineEsitElementinAltindakiTextDegerineEsitOlanaTikla is PASSED

2021-11-18 11:21:21 - [MESSAGE][PASSED] - Call Test Case 'Test Cases/Menu/BasligaGoreAltMenuSecimi' successfully

2021-11-18 11:21:21 - [MESSAGE][INFO] - Checking called Test Case

2021-11-18 11:21:21 - [MESSAGE][INFO] - Starting to call Test Case 'Test Cases/Filtreler/BaslangicYaz'

2021-11-18 11:21:21 - [TEST_CASE][PASSED] - Test Cases/Filtreler/BaslangicYaz: Test Cases/Filtreler/BaslangicYaz

2021-11-18 11:21:21 - [TEST_STEP][PASSED] - delay(3): Delayed 3 second(s)

2021-11-18 11:21:21 - [MESSAGE][INFO] - Delaying browser in 3 second(s)

2021-11-18 11:21:24 - [MESSAGE][PASSED] - Delayed 3 second(s)

2021-11-18 11:21:24 - [TEST_STEP][PASSED] - Method.TextDegerineEsitElementinAltindakineTikla(findTestObject("Filtreler/Basliklar"), findTestObject("Filtreler/Basliga_Gore_Baslangic_Image"), Filtre_Adi): Method.TextDegerineEsitElementinAltindakineTikla is PASSED

2021-11-18 11:21:24 - [MESSAGE][INFO] - Finding Test Object 'Object Repository/Filtreler/Basliklar'

2021-11-18 11:21:24 - [MESSAGE][INFO] - Finding Test Object 'Object Repository/Filtreler/Basliga_Gore_Baslangic_Image'

2021-11-18 11:21:24 - [MESSAGE][INFO] - Checking timeout

2021-11-18 11:21:24 - [MESSAGE][INFO] - Finding web element with id: 'Object Repository/Filtreler/Basliklar' located by 'By.cssSelector: .control-label.col-sm-4.paddingMarginRLC' in '10' second(s)

2021-11-18 11:21:24 - [MESSAGE][INFO] - Smart Wait Function is triggered

2021-11-18 11:21:24 - [MESSAGE][INFO] - Found 18 web elements with id: 'Object Repository/Filtreler/Basliklar' located by 'By.cssSelector: .control-label.col-sm-4.paddingMarginRLC' in '10' second(s)

2021-11-18 11:21:24 - [MESSAGE][INFO] - Smart Wait Function is triggered

2021-11-18 11:21:25 - [MESSAGE][PASSED] - Method.TextDegerineEsitElementinAltindakineTikla is PASSED

2021-11-18 11:21:25 - [TEST_STEP][PASSED] - Method.TextDegerineEsitElementinAltindakiTextboxtaYaz(findTestObject("Filtreler/Basliklar"), findTestObject("Filtreler/Basliga_Gore_Baslangic"), Filtre_Adi, Filtre_Degeri): Method.TextDegerineEsitElementinAltindakiTextboxtaYaz is PASSED

2021-11-18 11:21:25 - [MESSAGE][INFO] - Finding Test Object 'Object Repository/Filtreler/Basliklar'

2021-11-18 11:21:25 - [MESSAGE][INFO] - Finding Test Object 'Object Repository/Filtreler/Basliga_Gore_Baslangic'

2021-11-18 11:21:25 - [MESSAGE][INFO] - Checking timeout

2021-11-18 11:21:25 - [MESSAGE][INFO] - Finding web element with id: 'Object Repository/Filtreler/Basliklar' located by 'By.cssSelector: .control-label.col-sm-4.paddingMarginRLC' in '10' second(s)

2021-11-18 11:21:25 - [MESSAGE][INFO] - Smart Wait Function is triggered

2021-11-18 11:21:25 - [MESSAGE][INFO] - Found 18 web elements with id: 'Object Repository/Filtreler/Basliklar' located by 'By.cssSelector: .control-label.col-sm-4.paddingMarginRLC' in '10' second(s)

2021-11-18 11:21:25 - [MESSAGE][INFO] - Smart Wait Function is triggered

2021-11-18 11:21:26 - [MESSAGE][PASSED] - Method.TextDegerineEsitElementinAltindakiTextboxtaYaz is PASSED

2021-11-18 11:21:26 - [MESSAGE][PASSED] - Call Test Case 'Test Cases/Filtreler/BaslangicYaz' successfully

2021-11-18 11:21:26 - [MESSAGE][INFO] - Checking called Test Case

2021-11-18 11:21:26 - [MESSAGE][INFO] - Starting to call Test Case 'Test Cases/Filtreler/BitisYaz'

2021-11-18 11:21:26 - [TEST_CASE][PASSED] - Test Cases/Filtreler/BitisYaz: Test Cases/Filtreler/BitisYaz

2021-11-18 11:21:26 - [TEST_STEP][PASSED] - Method.TextDegerineEsitElementinAltindakineTikla(findTestObject("Filtreler/Basliklar"), findTestObject("Filtreler/Basliga_Gore_Bitis_Image"), Filtre_Adi): Method.TextDegerineEsitElementinAltindakineTikla is PASSED

2021-11-18 11:21:26 - [MESSAGE][INFO] - Finding Test Object 'Object Repository/Filtreler/Basliklar'

2021-11-18 11:21:26 - [MESSAGE][INFO] - Finding Test Object 'Object Repository/Filtreler/Basliga_Gore_Bitis_Image'

2021-11-18 11:21:26 - [MESSAGE][INFO] - Checking timeout

2021-11-18 11:21:26 - [MESSAGE][INFO] - Finding web element with id: 'Object Repository/Filtreler/Basliklar' located by 'By.cssSelector: .control-label.col-sm-4.paddingMarginRLC' in '10' second(s)

2021-11-18 11:21:26 - [MESSAGE][INFO] - Smart Wait Function is triggered

2021-11-18 11:21:26 - [MESSAGE][INFO] - Found 18 web elements with id: 'Object Repository/Filtreler/Basliklar' located by 'By.cssSelector: .control-label.col-sm-4.paddingMarginRLC' in '10' second(s)

2021-11-18 11:21:26 - [MESSAGE][INFO] - Smart Wait Function is triggered

2021-11-18 11:21:27 - [MESSAGE][PASSED] - Method.TextDegerineEsitElementinAltindakineTikla is PASSED

2021-11-18 11:21:27 - [TEST_STEP][PASSED] - Method.TextDegerineEsitElementinAltindakiTextboxtaYaz(findTestObject("Filtreler/Basliklar"), findTestObject("Object Repository/Filtreler/Basliga_Gore_Bitis"), Filtre_Adi, Filtre_Degeri): Method.TextDegerineEsitElementinAltindakiTextboxtaYaz is PASSED

2021-11-18 11:21:27 - [MESSAGE][INFO] - Finding Test Object 'Object Repository/Filtreler/Basliklar'

2021-11-18 11:21:27 - [MESSAGE][INFO] - Finding Test Object 'Object Repository/Filtreler/Basliga_Gore_Bitis'

2021-11-18 11:21:27 - [MESSAGE][INFO] - Checking timeout

2021-11-18 11:21:27 - [MESSAGE][INFO] - Finding web element with id: 'Object Repository/Filtreler/Basliklar' located by 'By.cssSelector: .control-label.col-sm-4.paddingMarginRLC' in '10' second(s)

2021-11-18 11:21:27 - [MESSAGE][INFO] - Smart Wait Function is triggered

2021-11-18 11:21:27 - [MESSAGE][INFO] - Found 18 web elements with id: 'Object Repository/Filtreler/Basliklar' located by 'By.cssSelector: .control-label.col-sm-4.paddingMarginRLC' in '10' second(s)

2021-11-18 11:21:27 - [MESSAGE][INFO] - Smart Wait Function is triggered

2021-11-18 11:21:28 - [MESSAGE][PASSED] - Method.TextDegerineEsitElementinAltindakiTextboxtaYaz is PASSED

2021-11-18 11:21:28 - [MESSAGE][PASSED] - Call Test Case 'Test Cases/Filtreler/BitisYaz' successfully

2021-11-18 11:21:28 - [MESSAGE][INFO] - Checking called Test Case

2021-11-18 11:21:28 - [MESSAGE][INFO] - Starting to call Test Case 'Test Cases/Filtreler/BaslangicYaz'

2021-11-18 11:21:28 - [TEST_CASE][PASSED] - Test Cases/Filtreler/BaslangicYaz: Test Cases/Filtreler/BaslangicYaz

2021-11-18 11:21:28 - [TEST_STEP][PASSED] - delay(3): Delayed 3 second(s)

2021-11-18 11:21:28 - [MESSAGE][INFO] - Delaying browser in 3 second(s)

2021-11-18 11:21:31 - [MESSAGE][PASSED] - Delayed 3 second(s)

2021-11-18 11:21:31 - [TEST_STEP][PASSED] - Method.TextDegerineEsitElementinAltindakineTikla(findTestObject("Filtreler/Basliklar"), findTestObject("Filtreler/Basliga_Gore_Baslangic_Image"), Filtre_Adi): Method.TextDegerineEsitElementinAltindakineTikla is PASSED

2021-11-18 11:21:31 - [MESSAGE][INFO] - Finding Test Object 'Object Repository/Filtreler/Basliklar'

2021-11-18 11:21:31 - [MESSAGE][INFO] - Finding Test Object 'Object Repository/Filtreler/Basliga_Gore_Baslangic_Image'

2021-11-18 11:21:31 - [MESSAGE][INFO] - Checking timeout

2021-11-18 11:21:31 - [MESSAGE][INFO] - Finding web element with id: 'Object Repository/Filtreler/Basliklar' located by 'By.cssSelector: .control-label.col-sm-4.paddingMarginRLC' in '10' second(s)

2021-11-18 11:21:31 - [MESSAGE][INFO] - Smart Wait Function is triggered

2021-11-18 11:21:31 - [MESSAGE][INFO] - Found 18 web elements with id: 'Object Repository/Filtreler/Basliklar' located by 'By.cssSelector: .control-label.col-sm-4.paddingMarginRLC' in '10' second(s)

2021-11-18 11:21:31 - [MESSAGE][INFO] - Smart Wait Function is triggered

2021-11-18 11:21:32 - [MESSAGE][PASSED] - Method.TextDegerineEsitElementinAltindakineTikla is PASSED

2021-11-18 11:21:32 - [TEST_STEP][PASSED] - Method.TextDegerineEsitElementinAltindakiTextboxtaYaz(findTestObject("Filtreler/Basliklar"), findTestObject("Filtreler/Basliga_Gore_Baslangic"), Filtre_Adi, Filtre_Degeri): Method.TextDegerineEsitElementinAltindakiTextboxtaYaz is PASSED

2021-11-18 11:21:32 - [MESSAGE][INFO] - Finding Test Object 'Object Repository/Filtreler/Basliklar'

2021-11-18 11:21:32 - [MESSAGE][INFO] - Finding Test Object 'Object Repository/Filtreler/Basliga_Gore_Baslangic'

2021-11-18 11:21:32 - [MESSAGE][INFO] - Checking timeout

2021-11-18 11:21:32 - [MESSAGE][INFO] - Finding web element with id: 'Object Repository/Filtreler/Basliklar' located by 'By.cssSelector: .control-label.col-sm-4.paddingMarginRLC' in '10' second(s)

2021-11-18 11:21:32 - [MESSAGE][INFO] - Smart Wait Function is triggered

2021-11-18 11:21:32 - [MESSAGE][INFO] - Found 18 web elements with id: 'Object Repository/Filtreler/Basliklar' located by 'By.cssSelector: .control-label.col-sm-4.paddingMarginRLC' in '10' second(s)

2021-11-18 11:21:32 - [MESSAGE][INFO] - Smart Wait Function is triggered

2021-11-18 11:21:33 - [MESSAGE][PASSED] - Method.TextDegerineEsitElementinAltindakiTextboxtaYaz is PASSED

2021-11-18 11:21:33 - [MESSAGE][PASSED] - Call Test Case 'Test Cases/Filtreler/BaslangicYaz' successfully

2021-11-18 11:21:33 - [MESSAGE][INFO] - Checking called Test Case

2021-11-18 11:21:33 - [MESSAGE][INFO] - Starting to call Test Case 'Test Cases/Filtreler/BitisYaz'

2021-11-18 11:21:33 - [TEST_CASE][PASSED] - Test Cases/Filtreler/BitisYaz: Test Cases/Filtreler/BitisYaz

2021-11-18 11:21:33 - [TEST_STEP][PASSED] - Method.TextDegerineEsitElementinAltindakineTikla(findTestObject("Filtreler/Basliklar"), findTestObject("Filtreler/Basliga_Gore_Bitis_Image"), Filtre_Adi): Method.TextDegerineEsitElementinAltindakineTikla is PASSED

2021-11-18 11:21:33 - [MESSAGE][INFO] - Finding Test Object 'Object Repository/Filtreler/Basliklar'

2021-11-18 11:21:33 - [MESSAGE][INFO] - Finding Test Object 'Object Repository/Filtreler/Basliga_Gore_Bitis_Image'

2021-11-18 11:21:33 - [MESSAGE][INFO] - Checking timeout

2021-11-18 11:21:33 - [MESSAGE][INFO] - Finding web element with id: 'Object Repository/Filtreler/Basliklar' located by 'By.cssSelector: .control-label.col-sm-4.paddingMarginRLC' in '10' second(s)

2021-11-18 11:21:33 - [MESSAGE][INFO] - Smart Wait Function is triggered

2021-11-18 11:21:34 - [MESSAGE][INFO] - Found 18 web elements with id: 'Object Repository/Filtreler/Basliklar' located by 'By.cssSelector: .control-label.col-sm-4.paddingMarginRLC' in '10' second(s)

2021-11-18 11:21:34 - [MESSAGE][INFO] - Smart Wait Function is triggered

2021-11-18 11:21:34 - [MESSAGE][PASSED] - Method.TextDegerineEsitElementinAltindakineTikla is PASSED

2021-11-18 11:21:34 - [TEST_STEP][PASSED] - Method.TextDegerineEsitElementinAltindakiTextboxtaYaz(findTestObject("Filtreler/Basliklar"), findTestObject("Object Repository/Filtreler/Basliga_Gore_Bitis"), Filtre_Adi, Filtre_Degeri): Method.TextDegerineEsitElementinAltindakiTextboxtaYaz is PASSED

2021-11-18 11:21:34 - [MESSAGE][INFO] - Finding Test Object 'Object Repository/Filtreler/Basliklar'

2021-11-18 11:21:34 - [MESSAGE][INFO] - Finding Test Object 'Object Repository/Filtreler/Basliga_Gore_Bitis'

2021-11-18 11:21:34 - [MESSAGE][INFO] - Checking timeout

2021-11-18 11:21:34 - [MESSAGE][INFO] - Finding web element with id: 'Object Repository/Filtreler/Basliklar' located by 'By.cssSelector: .control-label.col-sm-4.paddingMarginRLC' in '10' second(s)

2021-11-18 11:21:34 - [MESSAGE][INFO] - Smart Wait Function is triggered

2021-11-18 11:21:35 - [MESSAGE][INFO] - Found 18 web elements with id: 'Object Repository/Filtreler/Basliklar' located by 'By.cssSelector: .control-label.col-sm-4.paddingMarginRLC' in '10' second(s)

2021-11-18 11:21:35 - [MESSAGE][INFO] - Smart Wait Function is triggered

2021-11-18 11:21:35 - [MESSAGE][PASSED] - Method.TextDegerineEsitElementinAltindakiTextboxtaYaz is PASSED

2021-11-18 11:21:35 - [MESSAGE][PASSED] - Call Test Case 'Test Cases/Filtreler/BitisYaz' successfully

2021-11-18 11:21:35 - [MESSAGE][INFO] - Checking called Test Case

2021-11-18 11:21:35 - [MESSAGE][INFO] - Starting to call Test Case 'Test Cases/Filtreler/ButonaTikla'

2021-11-18 11:21:35 - [TEST_CASE][PASSED] - Test Cases/Filtreler/ButonaTikla: Test Cases/Filtreler/ButonaTikla

2021-11-18 11:21:35 - [TEST_STEP][PASSED] - Method.TextDegerineEsitElementeTikla(findTestObject("Filtreler/Butonlar"), Filtre_Buton): Method.TextDegerineEsitElementeTikla is PASSED

2021-11-18 11:21:35 - [MESSAGE][INFO] - Finding Test Object 'Object Repository/Filtreler/Butonlar'

2021-11-18 11:21:35 - [MESSAGE][INFO] - Checking timeout

2021-11-18 11:21:35 - [MESSAGE][INFO] - Finding web element with id: 'Object Repository/Filtreler/Butonlar' located by 'By.cssSelector: .dxb>span' in '10' second(s)

2021-11-18 11:21:35 - [MESSAGE][INFO] - Smart Wait Function is triggered

2021-11-18 11:21:36 - [MESSAGE][INFO] - Found 3 web elements with id: 'Object Repository/Filtreler/Butonlar' located by 'By.cssSelector: .dxb>span' in '10' second(s)

2021-11-18 11:21:36 - [MESSAGE][PASSED] - Method.TextDegerineEsitElementeTikla is PASSED

2021-11-18 11:21:36 - [MESSAGE][PASSED] - Call Test Case 'Test Cases/Filtreler/ButonaTikla' successfully

2021-11-18 11:21:36 - [MESSAGE][INFO] - Checking called Test Case

2021-11-18 11:21:36 - [MESSAGE][INFO] - Starting to call Test Case 'Test Cases/Filtreler/ListelenenOgeSayisi'

2021-11-18 11:21:36 - [TEST_CASE][PASSED] - Test Cases/Filtreler/ListelenenOgeSayisi: Test Cases/Filtreler/ListelenenOgeSayisi

2021-11-18 11:21:36 - [TEST_STEP][PASSED] - waitForElementPresent(findTestObject("Filtreler/OgeSayisi"), 10): Object 'Object Repository/Filtreler/OgeSayisi' is present

2021-11-18 11:21:36 - [MESSAGE][INFO] - Finding Test Object 'Object Repository/Filtreler/OgeSayisi'

2021-11-18 11:21:36 - [MESSAGE][INFO] - Checking object

2021-11-18 11:21:36 - [MESSAGE][INFO] - Finding web element from Test Object's properties

2021-11-18 11:21:36 - [MESSAGE][INFO] - Checking timeout

2021-11-18 11:21:36 - [MESSAGE][INFO] - Finding web element with id: 'Object Repository/Filtreler/OgeSayisi' located by 'By.cssSelector: .dxp-lead.dxp-summary' in '10' second(s)

2021-11-18 11:21:36 - [MESSAGE][INFO] - Smart Wait Function is triggered

2021-11-18 11:21:36 - [MESSAGE][INFO] - Found 1 web elements with id: 'Object Repository/Filtreler/OgeSayisi' located by 'By.cssSelector: .dxp-lead.dxp-summary' in '10' second(s)

2021-11-18 11:21:36 - [MESSAGE][PASSED] - Object 'Object Repository/Filtreler/OgeSayisi' is present

2021-11-18 11:21:36 - [TEST_STEP][PASSED] - verifyElementText(findTestObject("Filtreler/OgeSayisi"), OgeSayisi): Actual text and expected text of test object 'Object Repository/Filtreler/OgeSayisi' are matched.

2021-11-18 11:21:36 - [MESSAGE][INFO] - Finding Test Object 'Object Repository/Filtreler/OgeSayisi'

2021-11-18 11:21:37 - [MESSAGE][INFO] - Checking object

2021-11-18 11:21:37 - [MESSAGE][INFO] - Finding web element from Test Object's properties

2021-11-18 11:21:37 - [MESSAGE][INFO] - Checking timeout

2021-11-18 11:21:37 - [MESSAGE][INFO] - Finding web element with id: 'Object Repository/Filtreler/OgeSayisi' located by 'By.cssSelector: .dxp-lead.dxp-summary' in '30' second(s)

2021-11-18 11:21:37 - [MESSAGE][INFO] - Smart Wait Function is triggered

2021-11-18 11:21:37 - [MESSAGE][INFO] - Found 1 web elements with id: 'Object Repository/Filtreler/OgeSayisi' located by 'By.cssSelector: .dxp-lead.dxp-summary' in '30' second(s)

2021-11-18 11:21:37 - [MESSAGE][PASSED] - Actual text and expected text of test object 'Object Repository/Filtreler/OgeSayisi' are matched.

2021-11-18 11:21:37 - [MESSAGE][PASSED] - Call Test Case 'Test Cases/Filtreler/ListelenenOgeSayisi' successfully

2021-11-18 11:21:37 - [MESSAGE][INFO] - Checking called Test Case

2021-11-18 11:21:37 - [MESSAGE][INFO] - Starting to call Test Case 'Test Cases/Filtreler/FiltreVarMi'

2021-11-18 11:21:37 - [TEST_CASE][PASSED] - Test Cases/Filtreler/FiltreVarMi: Test Cases/Filtreler/FiltreVarMi

2021-11-18 11:21:37 - [TEST_STEP][PASSED] - Method.TextDegerineEsitElementVarMi(findTestObject("Filtreler/Basliklar"), Filtre_alan): Method.TextDegerineEsitElementVarMi is PASSED

2021-11-18 11:21:37 - [MESSAGE][INFO] - Finding Test Object 'Object Repository/Filtreler/Basliklar'

2021-11-18 11:21:37 - [MESSAGE][INFO] - Checking timeout

2021-11-18 11:21:37 - [MESSAGE][INFO] - Finding web element with id: 'Object Repository/Filtreler/Basliklar' located by 'By.cssSelector: .control-label.col-sm-4.paddingMarginRLC' in '10' second(s)

2021-11-18 11:21:37 - [MESSAGE][INFO] - Smart Wait Function is triggered

2021-11-18 11:21:37 - [MESSAGE][INFO] - Found 18 web elements with id: 'Object Repository/Filtreler/Basliklar' located by 'By.cssSelector: .control-label.col-sm-4.paddingMarginRLC' in '10' second(s)

2021-11-18 11:21:37 - [MESSAGE][PASSED] - Method.TextDegerineEsitElementVarMi is PASSED

2021-11-18 11:21:37 - [MESSAGE][PASSED] - Call Test Case 'Test Cases/Filtreler/FiltreVarMi' successfully

2021-11-18 11:21:37 - [MESSAGE][INFO] - Checking called Test Case

2021-11-18 11:21:37 - [MESSAGE][INFO] - Starting to call Test Case 'Test Cases/Filtreler/FiltreVarMi'

2021-11-18 11:21:38 - [TEST_CASE][PASSED] - Test Cases/Filtreler/FiltreVarMi: Test Cases/Filtreler/FiltreVarMi

2021-11-18 11:21:38 - [TEST_STEP][PASSED] - Method.TextDegerineEsitElementVarMi(findTestObject("Filtreler/Basliklar"), Filtre_alan): Method.TextDegerineEsitElementVarMi is PASSED

2021-11-18 11:21:38 - [MESSAGE][INFO] - Finding Test Object 'Object Repository/Filtreler/Basliklar'

2021-11-18 11:21:38 - [MESSAGE][INFO] - Checking timeout

2021-11-18 11:21:38 - [MESSAGE][INFO] - Finding web element with id: 'Object Repository/Filtreler/Basliklar' located by 'By.cssSelector: .control-label.col-sm-4.paddingMarginRLC' in '10' second(s)

2021-11-18 11:21:38 - [MESSAGE][INFO] - Smart Wait Function is triggered

2021-11-18 11:21:38 - [MESSAGE][INFO] - Found 18 web elements with id: 'Object Repository/Filtreler/Basliklar' located by 'By.cssSelector: .control-label.col-sm-4.paddingMarginRLC' in '10' second(s)

2021-11-18 11:21:38 - [MESSAGE][PASSED] - Method.TextDegerineEsitElementVarMi is PASSED

2021-11-18 11:21:38 - [MESSAGE][PASSED] - Call Test Case 'Test Cases/Filtreler/FiltreVarMi' successfully

2021-11-18 11:21:38 - [MESSAGE][INFO] - Checking called Test Case

2021-11-18 11:21:38 - [MESSAGE][INFO] - Starting to call Test Case 'Test Cases/Filtreler/FiltreVarMi'

2021-11-18 11:21:38 - [TEST_CASE][PASSED] - Test Cases/Filtreler/FiltreVarMi: Test Cases/Filtreler/FiltreVarMi

2021-11-18 11:21:38 - [TEST_STEP][PASSED] - Method.TextDegerineEsitElementVarMi(findTestObject("Filtreler/Basliklar"), Filtre_alan): Method.TextDegerineEsitElementVarMi is PASSED

2021-11-18 11:21:38 - [MESSAGE][INFO] - Finding Test Object 'Object Repository/Filtreler/Basliklar'

2021-11-18 11:21:38 - [MESSAGE][INFO] - Checking timeout

2021-11-18 11:21:38 - [MESSAGE][INFO] - Finding web element with id: 'Object Repository/Filtreler/Basliklar' located by 'By.cssSelector: .control-label.col-sm-4.paddingMarginRLC' in '10' second(s)

2021-11-18 11:21:38 - [MESSAGE][INFO] - Smart Wait Function is triggered

2021-11-18 11:21:38 - [MESSAGE][INFO] - Found 18 web elements with id: 'Object Repository/Filtreler/Basliklar' located by 'By.cssSelector: .control-label.col-sm-4.paddingMarginRLC' in '10' second(s)

2021-11-18 11:21:38 - [MESSAGE][PASSED] - Method.TextDegerineEsitElementVarMi is PASSED

2021-11-18 11:21:38 - [MESSAGE][PASSED] - Call Test Case 'Test Cases/Filtreler/FiltreVarMi' successfully

2021-11-18 11:21:38 - [MESSAGE][INFO] - Checking called Test Case

2021-11-18 11:21:38 - [MESSAGE][INFO] - Starting to call Test Case 'Test Cases/Filtreler/FiltreVarMi'

2021-11-18 11:21:38 - [TEST_CASE][PASSED] - Test Cases/Filtreler/FiltreVarMi: Test Cases/Filtreler/FiltreVarMi

2021-11-18 11:21:38 - [TEST_STEP][PASSED] - Method.TextDegerineEsitElementVarMi(findTestObject("Filtreler/Basliklar"), Filtre_alan): Method.TextDegerineEsitElementVarMi is PASSED

2021-11-18 11:21:38 - [MESSAGE][INFO] - Finding Test Object 'Object Repository/Filtreler/Basliklar'

2021-11-18 11:21:39 - [MESSAGE][INFO] - Checking timeout

2021-11-18 11:21:39 - [MESSAGE][INFO] - Finding web element with id: 'Object Repository/Filtreler/Basliklar' located by 'By.cssSelector: .control-label.col-sm-4.paddingMarginRLC' in '10' second(s)

2021-11-18 11:21:39 - [MESSAGE][INFO] - Smart Wait Function is triggered

2021-11-18 11:21:39 - [MESSAGE][INFO] - Found 18 web elements with id: 'Object Repository/Filtreler/Basliklar' located by 'By.cssSelector: .control-label.col-sm-4.paddingMarginRLC' in '10' second(s)

2021-11-18 11:21:39 - [MESSAGE][PASSED] - Method.TextDegerineEsitElementVarMi is PASSED

2021-11-18 11:21:39 - [MESSAGE][PASSED] - Call Test Case 'Test Cases/Filtreler/FiltreVarMi' successfully

2021-11-18 11:21:39 - [MESSAGE][INFO] - Checking called Test Case

2021-11-18 11:21:39 - [MESSAGE][INFO] - Starting to call Test Case 'Test Cases/Filtreler/FiltreVarMi'

2021-11-18 11:21:39 - [TEST_CASE][PASSED] - Test Cases/Filtreler/FiltreVarMi: Test Cases/Filtreler/FiltreVarMi

2021-11-18 11:21:39 - [TEST_STEP][PASSED] - Method.TextDegerineEsitElementVarMi(findTestObject("Filtreler/Basliklar"), Filtre_alan): Method.TextDegerineEsitElementVarMi is PASSED

2021-11-18 11:21:39 - [MESSAGE][INFO] - Finding Test Object 'Object Repository/Filtreler/Basliklar'

2021-11-18 11:21:39 - [MESSAGE][INFO] - Checking timeout

2021-11-18 11:21:39 - [MESSAGE][INFO] - Finding web element with id: 'Object Repository/Filtreler/Basliklar' located by 'By.cssSelector: .control-label.col-sm-4.paddingMarginRLC' in '10' second(s)

2021-11-18 11:21:39 - [MESSAGE][INFO] - Smart Wait Function is triggered

2021-11-18 11:21:39 - [MESSAGE][INFO] - Found 18 web elements with id: 'Object Repository/Filtreler/Basliklar' located by 'By.cssSelector: .control-label.col-sm-4.paddingMarginRLC' in '10' second(s)

2021-11-18 11:21:40 - [MESSAGE][PASSED] - Method.TextDegerineEsitElementVarMi is PASSED

2021-11-18 11:21:40 - [MESSAGE][PASSED] - Call Test Case 'Test Cases/Filtreler/FiltreVarMi' successfully

2021-11-18 11:21:40 - [MESSAGE][INFO] - Checking called Test Case

2021-11-18 11:21:40 - [MESSAGE][INFO] - Starting to call Test Case 'Test Cases/Filtreler/FiltreVarMi'

2021-11-18 11:21:40 - [TEST_CASE][PASSED] - Test Cases/Filtreler/FiltreVarMi: Test Cases/Filtreler/FiltreVarMi

2021-11-18 11:21:40 - [TEST_STEP][PASSED] - Method.TextDegerineEsitElementVarMi(findTestObject("Filtreler/Basliklar"), Filtre_alan): Method.TextDegerineEsitElementVarMi is PASSED

2021-11-18 11:21:40 - [MESSAGE][INFO] - Finding Test Object 'Object Repository/Filtreler/Basliklar'

2021-11-18 11:21:40 - [MESSAGE][INFO] - Checking timeout

2021-11-18 11:21:40 - [MESSAGE][INFO] - Finding web element with id: 'Object Repository/Filtreler/Basliklar' located by 'By.cssSelector: .control-label.col-sm-4.paddingMarginRLC' in '10' second(s)

2021-11-18 11:21:40 - [MESSAGE][INFO] - Smart Wait Function is triggered

2021-11-18 11:21:40 - [MESSAGE][INFO] - Found 18 web elements with id: 'Object Repository/Filtreler/Basliklar' located by 'By.cssSelector: .control-label.col-sm-4.paddingMarginRLC' in '10' second(s)

2021-11-18 11:21:40 - [MESSAGE][PASSED] - Method.TextDegerineEsitElementVarMi is PASSED

2021-11-18 11:21:40 - [MESSAGE][PASSED] - Call Test Case 'Test Cases/Filtreler/FiltreVarMi' successfully

2021-11-18 11:21:40 - [MESSAGE][INFO] - Checking called Test Case

2021-11-18 11:21:40 - [MESSAGE][INFO] - Starting to call Test Case 'Test Cases/Filtreler/FiltreVarMi'

2021-11-18 11:21:40 - [TEST_CASE][PASSED] - Test Cases/Filtreler/FiltreVarMi: Test Cases/Filtreler/FiltreVarMi

2021-11-18 11:21:40 - [TEST_STEP][PASSED] - Method.TextDegerineEsitElementVarMi(findTestObject("Filtreler/Basliklar"), Filtre_alan): Method.TextDegerineEsitElementVarMi is PASSED

2021-11-18 11:21:40 - [MESSAGE][INFO] - Finding Test Object 'Object Repository/Filtreler/Basliklar'

2021-11-18 11:21:40 - [MESSAGE][INFO] - Checking timeout

2021-11-18 11:21:40 - [MESSAGE][INFO] - Finding web element with id: 'Object Repository/Filtreler/Basliklar' located by 'By.cssSelector: .control-label.col-sm-4.paddingMarginRLC' in '10' second(s)

2021-11-18 11:21:40 - [MESSAGE][INFO] - Smart Wait Function is triggered

2021-11-18 11:21:41 - [MESSAGE][INFO] - Found 18 web elements with id: 'Object Repository/Filtreler/Basliklar' located by 'By.cssSelector: .control-label.col-sm-4.paddingMarginRLC' in '10' second(s)

2021-11-18 11:21:41 - [MESSAGE][PASSED] - Method.TextDegerineEsitElementVarMi is PASSED

2021-11-18 11:21:41 - [MESSAGE][PASSED] - Call Test Case 'Test Cases/Filtreler/FiltreVarMi' successfully

2021-11-18 11:21:41 - [MESSAGE][INFO] - Checking called Test Case

2021-11-18 11:21:41 - [MESSAGE][INFO] - Starting to call Test Case 'Test Cases/Filtreler/FiltreVarMi'

2021-11-18 11:21:41 - [TEST_CASE][PASSED] - Test Cases/Filtreler/FiltreVarMi: Test Cases/Filtreler/FiltreVarMi

2021-11-18 11:21:41 - [TEST_STEP][PASSED] - Method.TextDegerineEsitElementVarMi(findTestObject("Filtreler/Basliklar"), Filtre_alan): Method.TextDegerineEsitElementVarMi is PASSED

2021-11-18 11:21:41 - [MESSAGE][INFO] - Finding Test Object 'Object Repository/Filtreler/Basliklar'

2021-11-18 11:21:41 - [MESSAGE][INFO] - Checking timeout

2021-11-18 11:21:41 - [MESSAGE][INFO] - Finding web element with id: 'Object Repository/Filtreler/Basliklar' located by 'By.cssSelector: .control-label.col-sm-4.paddingMarginRLC' in '10' second(s)

2021-11-18 11:21:41 - [MESSAGE][INFO] - Smart Wait Function is triggered

2021-11-18 11:21:41 - [MESSAGE][INFO] - Found 18 web elements with id: 'Object Repository/Filtreler/Basliklar' located by 'By.cssSelector: .control-label.col-sm-4.paddingMarginRLC' in '10' second(s)

2021-11-18 11:21:41 - [MESSAGE][PASSED] - Method.TextDegerineEsitElementVarMi is PASSED

2021-11-18 11:21:41 - [MESSAGE][PASSED] - Call Test Case 'Test Cases/Filtreler/FiltreVarMi' successfully

2021-11-18 11:21:41 - [MESSAGE][INFO] - Checking called Test Case

2021-11-18 11:21:41 - [MESSAGE][INFO] - Starting to call Test Case 'Test Cases/Filtreler/FiltreVarMi'

2021-11-18 11:21:41 - [TEST_CASE][PASSED] - Test Cases/Filtreler/FiltreVarMi: Test Cases/Filtreler/FiltreVarMi

2021-11-18 11:21:41 - [TEST_STEP][PASSED] - Method.TextDegerineEsitElementVarMi(findTestObject("Filtreler/Basliklar"), Filtre_alan): Method.TextDegerineEsitElementVarMi is PASSED

2021-11-18 11:21:41 - [MESSAGE][INFO] - Finding Test Object 'Object Repository/Filtreler/Basliklar'

2021-11-18 11:21:41 - [MESSAGE][INFO] - Checking timeout

2021-11-18 11:21:41 - [MESSAGE][INFO] - Finding web element with id: 'Object Repository/Filtreler/Basliklar' located by 'By.cssSelector: .control-label.col-sm-4.paddingMarginRLC' in '10' second(s)

2021-11-18 11:21:41 - [MESSAGE][INFO] - Smart Wait Function is triggered

2021-11-18 11:21:42 - [MESSAGE][INFO] - Found 18 web elements with id: 'Object Repository/Filtreler/Basliklar' located by 'By.cssSelector: .control-label.col-sm-4.paddingMarginRLC' in '10' second(s)

2021-11-18 11:21:42 - [MESSAGE][PASSED] - Method.TextDegerineEsitElementVarMi is PASSED

2021-11-18 11:21:42 - [MESSAGE][PASSED] - Call Test Case 'Test Cases/Filtreler/FiltreVarMi' successfully

2021-11-18 11:21:42 - [MESSAGE][INFO] - Checking called Test Case

2021-11-18 11:21:42 - [MESSAGE][INFO] - Starting to call Test Case 'Test Cases/Filtreler/FiltreVarMi'

2021-11-18 11:21:42 - [TEST_CASE][PASSED] - Test Cases/Filtreler/FiltreVarMi: Test Cases/Filtreler/FiltreVarMi

2021-11-18 11:21:42 - [TEST_STEP][PASSED] - Method.TextDegerineEsitElementVarMi(findTestObject("Filtreler/Basliklar"), Filtre_alan): Method.TextDegerineEsitElementVarMi is PASSED

2021-11-18 11:21:42 - [MESSAGE][INFO] - Finding Test Object 'Object Repository/Filtreler/Basliklar'

2021-11-18 11:21:42 - [MESSAGE][INFO] - Checking timeout

2021-11-18 11:21:42 - [MESSAGE][INFO] - Finding web element with id: 'Object Repository/Filtreler/Basliklar' located by 'By.cssSelector: .control-label.col-sm-4.paddingMarginRLC' in '10' second(s)

2021-11-18 11:21:42 - [MESSAGE][INFO] - Smart Wait Function is triggered

2021-11-18 11:21:42 - [MESSAGE][INFO] - Found 18 web elements with id: 'Object Repository/Filtreler/Basliklar' located by 'By.cssSelector: .control-label.col-sm-4.paddingMarginRLC' in '10' second(s)

2021-11-18 11:21:42 - [MESSAGE][PASSED] - Method.TextDegerineEsitElementVarMi is PASSED

2021-11-18 11:21:42 - [MESSAGE][PASSED] - Call Test Case 'Test Cases/Filtreler/FiltreVarMi' successfully

2021-11-18 11:21:42 - [MESSAGE][INFO] - Checking called Test Case

2021-11-18 11:21:42 - [MESSAGE][INFO] - Starting to call Test Case 'Test Cases/Filtreler/FiltreVarMi'

2021-11-18 11:21:42 - [TEST_CASE][PASSED] - Test Cases/Filtreler/FiltreVarMi: Test Cases/Filtreler/FiltreVarMi

2021-11-18 11:21:42 - [TEST_STEP][PASSED] - Method.TextDegerineEsitElementVarMi(findTestObject("Filtreler/Basliklar"), Filtre_alan): Method.TextDegerineEsitElementVarMi is PASSED

2021-11-18 11:21:42 - [MESSAGE][INFO] - Finding Test Object 'Object Repository/Filtreler/Basliklar'

2021-11-18 11:21:42 - [MESSAGE][INFO] - Checking timeout

2021-11-18 11:21:42 - [MESSAGE][INFO] - Finding web element with id: 'Object Repository/Filtreler/Basliklar' located by 'By.cssSelector: .control-label.col-sm-4.paddingMarginRLC' in '10' second(s)

2021-11-18 11:21:42 - [MESSAGE][INFO] - Smart Wait Function is triggered

2021-11-18 11:21:43 - [MESSAGE][INFO] - Found 18 web elements with id: 'Object Repository/Filtreler/Basliklar' located by 'By.cssSelector: .control-label.col-sm-4.paddingMarginRLC' in '10' second(s)

2021-11-18 11:21:43 - [MESSAGE][PASSED] - Method.TextDegerineEsitElementVarMi is PASSED

2021-11-18 11:21:43 - [MESSAGE][PASSED] - Call Test Case 'Test Cases/Filtreler/FiltreVarMi' successfully

2021-11-18 11:21:43 - [MESSAGE][INFO] - Checking called Test Case

2021-11-18 11:21:43 - [MESSAGE][INFO] - Starting to call Test Case 'Test Cases/Filtreler/FiltreVarMi'

2021-11-18 11:21:43 - [TEST_CASE][PASSED] - Test Cases/Filtreler/FiltreVarMi: Test Cases/Filtreler/FiltreVarMi

2021-11-18 11:21:43 - [TEST_STEP][PASSED] - Method.TextDegerineEsitElementVarMi(findTestObject("Filtreler/Basliklar"), Filtre_alan): Method.TextDegerineEsitElementVarMi is PASSED

2021-11-18 11:21:43 - [MESSAGE][INFO] - Finding Test Object 'Object Repository/Filtreler/Basliklar'

2021-11-18 11:21:43 - [MESSAGE][INFO] - Checking timeout

2021-11-18 11:21:43 - [MESSAGE][INFO] - Finding web element with id: 'Object Repository/Filtreler/Basliklar' located by 'By.cssSelector: .control-label.col-sm-4.paddingMarginRLC' in '10' second(s)

2021-11-18 11:21:43 - [MESSAGE][INFO] - Smart Wait Function is triggered

2021-11-18 11:21:43 - [MESSAGE][INFO] - Found 18 web elements with id: 'Object Repository/Filtreler/Basliklar' located by 'By.cssSelector: .control-label.col-sm-4.paddingMarginRLC' in '10' second(s)

2021-11-18 11:21:43 - [MESSAGE][PASSED] - Method.TextDegerineEsitElementVarMi is PASSED

2021-11-18 11:21:43 - [MESSAGE][PASSED] - Call Test Case 'Test Cases/Filtreler/FiltreVarMi' successfully

2021-11-18 11:21:43 - [MESSAGE][INFO] - Checking called Test Case

2021-11-18 11:21:43 - [MESSAGE][INFO] - Starting to call Test Case 'Test Cases/Filtreler/FiltreVarMi'

2021-11-18 11:21:44 - [TEST_CASE][PASSED] - Test Cases/Filtreler/FiltreVarMi: Test Cases/Filtreler/FiltreVarMi

2021-11-18 11:21:44 - [TEST_STEP][PASSED] - Method.TextDegerineEsitElementVarMi(findTestObject("Filtreler/Basliklar"), Filtre_alan): Method.TextDegerineEsitElementVarMi is PASSED

2021-11-18 11:21:44 - [MESSAGE][INFO] - Finding Test Object 'Object Repository/Filtreler/Basliklar'

2021-11-18 11:21:44 - [MESSAGE][INFO] - Checking timeout

2021-11-18 11:21:44 - [MESSAGE][INFO] - Finding web element with id: 'Object Repository/Filtreler/Basliklar' located by 'By.cssSelector: .control-label.col-sm-4.paddingMarginRLC' in '10' second(s)

2021-11-18 11:21:44 - [MESSAGE][INFO] - Smart Wait Function is triggered

2021-11-18 11:21:44 - [MESSAGE][INFO] - Found 18 web elements with id: 'Object Repository/Filtreler/Basliklar' located by 'By.cssSelector: .control-label.col-sm-4.paddingMarginRLC' in '10' second(s)

2021-11-18 11:21:44 - [MESSAGE][PASSED] - Method.TextDegerineEsitElementVarMi is PASSED

2021-11-18 11:21:44 - [MESSAGE][PASSED] - Call Test Case 'Test Cases/Filtreler/FiltreVarMi' successfully

2021-11-18 11:21:44 - [MESSAGE][INFO] - Checking called Test Case

2021-11-18 11:21:44 - [MESSAGE][INFO] - Starting to call Test Case 'Test Cases/Filtreler/FiltreVarMi'

2021-11-18 11:21:44 - [TEST_CASE][PASSED] - Test Cases/Filtreler/FiltreVarMi: Test Cases/Filtreler/FiltreVarMi

2021-11-18 11:21:44 - [TEST_STEP][PASSED] - Method.TextDegerineEsitElementVarMi(findTestObject("Filtreler/Basliklar"), Filtre_alan): Method.TextDegerineEsitElementVarMi is PASSED

2021-11-18 11:21:44 - [MESSAGE][INFO] - Finding Test Object 'Object Repository/Filtreler/Basliklar'

2021-11-18 11:21:44 - [MESSAGE][INFO] - Checking timeout

2021-11-18 11:21:44 - [MESSAGE][INFO] - Finding web element with id: 'Object Repository/Filtreler/Basliklar' located by 'By.cssSelector: .control-label.col-sm-4.paddingMarginRLC' in '10' second(s)

2021-11-18 11:21:44 - [MESSAGE][INFO] - Smart Wait Function is triggered

2021-11-18 11:21:44 - [MESSAGE][INFO] - Found 18 web elements with id: 'Object Repository/Filtreler/Basliklar' located by 'By.cssSelector: .control-label.col-sm-4.paddingMarginRLC' in '10' second(s)

2021-11-18 11:21:44 - [MESSAGE][PASSED] - Method.TextDegerineEsitElementVarMi is PASSED

2021-11-18 11:21:44 - [MESSAGE][PASSED] - Call Test Case 'Test Cases/Filtreler/FiltreVarMi' successfully

2021-11-18 11:21:44 - [MESSAGE][INFO] - Checking called Test Case

2021-11-18 11:21:44 - [MESSAGE][INFO] - Starting to call Test Case 'Test Cases/Filtreler/FiltreVarMi'

2021-11-18 11:21:45 - [TEST_CASE][PASSED] - Test Cases/Filtreler/FiltreVarMi: Test Cases/Filtreler/FiltreVarMi

2021-11-18 11:21:45 - [TEST_STEP][PASSED] - Method.TextDegerineEsitElementVarMi(findTestObject("Filtreler/Basliklar"), Filtre_alan): Method.TextDegerineEsitElementVarMi is PASSED

2021-11-18 11:21:45 - [MESSAGE][INFO] - Finding Test Object 'Object Repository/Filtreler/Basliklar'

2021-11-18 11:21:45 - [MESSAGE][INFO] - Checking timeout

2021-11-18 11:21:45 - [MESSAGE][INFO] - Finding web element with id: 'Object Repository/Filtreler/Basliklar' located by 'By.cssSelector: .control-label.col-sm-4.paddingMarginRLC' in '10' second(s)

2021-11-18 11:21:45 - [MESSAGE][INFO] - Smart Wait Function is triggered

2021-11-18 11:21:45 - [MESSAGE][INFO] - Found 18 web elements with id: 'Object Repository/Filtreler/Basliklar' located by 'By.cssSelector: .control-label.col-sm-4.paddingMarginRLC' in '10' second(s)

2021-11-18 11:21:45 - [MESSAGE][PASSED] - Method.TextDegerineEsitElementVarMi is PASSED

2021-11-18 11:21:45 - [MESSAGE][PASSED] - Call Test Case 'Test Cases/Filtreler/FiltreVarMi' successfully

2021-11-18 11:21:45 - [MESSAGE][INFO] - Checking called Test Case

2021-11-18 11:21:45 - [MESSAGE][INFO] - Starting to call Test Case 'Test Cases/Filtreler/ButonVarMi'

2021-11-18 11:21:45 - [TEST_CASE][PASSED] - Test Cases/Filtreler/ButonVarMi: Test Cases/Filtreler/ButonVarMi

2021-11-18 11:21:45 - [TEST_STEP][PASSED] - Method.TextDegerineEsitElementVarMi(findTestObject("Filtreler/Butonlar"), Filtre_Buton): Method.TextDegerineEsitElementVarMi is PASSED

2021-11-18 11:21:45 - [MESSAGE][INFO] - Finding Test Object 'Object Repository/Filtreler/Butonlar'

2021-11-18 11:21:45 - [MESSAGE][INFO] - Checking timeout

2021-11-18 11:21:45 - [MESSAGE][INFO] - Finding web element with id: 'Object Repository/Filtreler/Butonlar' located by 'By.cssSelector: .dxb>span' in '10' second(s)

2021-11-18 11:21:45 - [MESSAGE][INFO] - Smart Wait Function is triggered

2021-11-18 11:21:46 - [MESSAGE][INFO] - Found 3 web elements with id: 'Object Repository/Filtreler/Butonlar' located by 'By.cssSelector: .dxb>span' in '10' second(s)

2021-11-18 11:21:46 - [MESSAGE][PASSED] - Method.TextDegerineEsitElementVarMi is PASSED

2021-11-18 11:21:46 - [MESSAGE][PASSED] - Call Test Case 'Test Cases/Filtreler/ButonVarMi' successfully

2021-11-18 11:21:46 - [MESSAGE][INFO] - Checking called Test Case

2021-11-18 11:21:46 - [MESSAGE][INFO] - Starting to call Test Case 'Test Cases/Filtreler/ButonVarMi'

2021-11-18 11:21:46 - [TEST_CASE][PASSED] - Test Cases/Filtreler/ButonVarMi: Test Cases/Filtreler/ButonVarMi

2021-11-18 11:21:46 - [TEST_STEP][PASSED] - Method.TextDegerineEsitElementVarMi(findTestObject("Filtreler/Butonlar"), Filtre_Buton): Method.TextDegerineEsitElementVarMi is PASSED

2021-11-18 11:21:46 - [MESSAGE][INFO] - Finding Test Object 'Object Repository/Filtreler/Butonlar'

2021-11-18 11:21:46 - [MESSAGE][INFO] - Checking timeout

2021-11-18 11:21:46 - [MESSAGE][INFO] - Finding web element with id: 'Object Repository/Filtreler/Butonlar' located by 'By.cssSelector: .dxb>span' in '10' second(s)

2021-11-18 11:21:46 - [MESSAGE][INFO] - Smart Wait Function is triggered

2021-11-18 11:21:46 - [MESSAGE][INFO] - Found 3 web elements with id: 'Object Repository/Filtreler/Butonlar' located by 'By.cssSelector: .dxb>span' in '10' second(s)

2021-11-18 11:21:46 - [MESSAGE][PASSED] - Method.TextDegerineEsitElementVarMi is PASSED

2021-11-18 11:21:46 - [MESSAGE][PASSED] - Call Test Case 'Test Cases/Filtreler/ButonVarMi' successfully

2021-11-18 11:21:46 - [MESSAGE][INFO] - Checking called Test Case

2021-11-18 11:21:46 - [MESSAGE][INFO] - Starting to call Test Case 'Test Cases/Filtreler/ButonVarMi'

2021-11-18 11:21:46 - [TEST_CASE][PASSED] - Test Cases/Filtreler/ButonVarMi: Test Cases/Filtreler/ButonVarMi

2021-11-18 11:21:46 - [TEST_STEP][PASSED] - Method.TextDegerineEsitElementVarMi(findTestObject("Filtreler/Butonlar"), Filtre_Buton): Method.TextDegerineEsitElementVarMi is PASSED

2021-11-18 11:21:46 - [MESSAGE][INFO] - Finding Test Object 'Object Repository/Filtreler/Butonlar'

2021-11-18 11:21:46 - [MESSAGE][INFO] - Checking timeout

2021-11-18 11:21:46 - [MESSAGE][INFO] - Finding web element with id: 'Object Repository/Filtreler/Butonlar' located by 'By.cssSelector: .dxb>span' in '10' second(s)

2021-11-18 11:21:46 - [MESSAGE][INFO] - Smart Wait Function is triggered

2021-11-18 11:21:46 - [MESSAGE][INFO] - Found 3 web elements with id: 'Object Repository/Filtreler/Butonlar' located by 'By.cssSelector: .dxb>span' in '10' second(s)

2021-11-18 11:21:46 - [MESSAGE][PASSED] - Method.TextDegerineEsitElementVarMi is PASSED

2021-11-18 11:21:46 - [MESSAGE][PASSED] - Call Test Case 'Test Cases/Filtreler/ButonVarMi' successfully

2021-11-18 11:21:46 - [MESSAGE][INFO] - Checking called Test Case

2021-11-18 11:21:46 - [MESSAGE][INFO] - Starting to call Test Case 'Test Cases/Butonlar/ButonVarMi'

2021-11-18 11:21:46 - [TEST_CASE][PASSED] - Test Cases/Butonlar/ButonVarMi: Test Cases/Butonlar/ButonVarMi

2021-11-18 11:21:46 - [TEST_STEP][PASSED] - Method.TextDegerineEsitElementVarMi(findTestObject("Butonlar/Butonlar"), Buton): Method.TextDegerineEsitElementVarMi is PASSED

2021-11-18 11:21:46 - [MESSAGE][INFO] - Finding Test Object 'Object Repository/Butonlar/Butonlar'

2021-11-18 11:21:47 - [MESSAGE][INFO] - Checking timeout

2021-11-18 11:21:47 - [MESSAGE][INFO] - Finding web element with id: 'Object Repository/Butonlar/Butonlar' located by 'By.cssSelector: .panel.panel-default.text-center.footerPanel .btn,.btn.btn-primary.btnControls' in '10' second(s)

2021-11-18 11:21:47 - [MESSAGE][INFO] - Smart Wait Function is triggered

2021-11-18 11:21:47 - [MESSAGE][INFO] - Found 12 web elements with id: 'Object Repository/Butonlar/Butonlar' located by 'By.cssSelector: .panel.panel-default.text-center.footerPanel .btn,.btn.btn-primary.btnControls' in '10' second(s)

2021-11-18 11:21:47 - [MESSAGE][PASSED] - Method.TextDegerineEsitElementVarMi is PASSED

2021-11-18 11:21:47 - [MESSAGE][PASSED] - Call Test Case 'Test Cases/Butonlar/ButonVarMi' successfully

2021-11-18 11:21:47 - [MESSAGE][INFO] - Checking called Test Case

2021-11-18 11:21:47 - [MESSAGE][INFO] - Starting to call Test Case 'Test Cases/Butonlar/ButonVarMi'

2021-11-18 11:21:47 - [TEST_CASE][PASSED] - Test Cases/Butonlar/ButonVarMi: Test Cases/Butonlar/ButonVarMi

2021-11-18 11:21:47 - [TEST_STEP][PASSED] - Method.TextDegerineEsitElementVarMi(findTestObject("Butonlar/Butonlar"), Buton): Method.TextDegerineEsitElementVarMi is PASSED

2021-11-18 11:21:47 - [MESSAGE][INFO] - Finding Test Object 'Object Repository/Butonlar/Butonlar'

2021-11-18 11:21:47 - [MESSAGE][INFO] - Checking timeout

2021-11-18 11:21:47 - [MESSAGE][INFO] - Finding web element with id: 'Object Repository/Butonlar/Butonlar' located by 'By.cssSelector: .panel.panel-default.text-center.footerPanel .btn,.btn.btn-primary.btnControls' in '10' second(s)

2021-11-18 11:21:47 - [MESSAGE][INFO] - Smart Wait Function is triggered

2021-11-18 11:21:47 - [MESSAGE][INFO] - Found 12 web elements with id: 'Object Repository/Butonlar/Butonlar' located by 'By.cssSelector: .panel.panel-default.text-center.footerPanel .btn,.btn.btn-primary.btnControls' in '10' second(s)

2021-11-18 11:21:47 - [MESSAGE][PASSED] - Method.TextDegerineEsitElementVarMi is PASSED

2021-11-18 11:21:47 - [MESSAGE][PASSED] - Call Test Case 'Test Cases/Butonlar/ButonVarMi' successfully

2021-11-18 11:21:47 - [MESSAGE][INFO] - Checking called Test Case

2021-11-18 11:21:47 - [MESSAGE][INFO] - Starting to call Test Case 'Test Cases/Butonlar/ButonVarMi'

2021-11-18 11:21:47 - [TEST_CASE][PASSED] - Test Cases/Butonlar/ButonVarMi: Test Cases/Butonlar/ButonVarMi

2021-11-18 11:21:47 - [TEST_STEP][PASSED] - Method.TextDegerineEsitElementVarMi(findTestObject("Butonlar/Butonlar"), Buton): Method.TextDegerineEsitElementVarMi is PASSED

2021-11-18 11:21:47 - [MESSAGE][INFO] - Finding Test Object 'Object Repository/Butonlar/Butonlar'

2021-11-18 11:21:48 - [MESSAGE][INFO] - Checking timeout

2021-11-18 11:21:48 - [MESSAGE][INFO] - Finding web element with id: 'Object Repository/Butonlar/Butonlar' located by 'By.cssSelector: .panel.panel-default.text-center.footerPanel .btn,.btn.btn-primary.btnControls' in '10' second(s)

2021-11-18 11:21:48 - [MESSAGE][INFO] - Smart Wait Function is triggered

2021-11-18 11:21:48 - [MESSAGE][INFO] - Found 12 web elements with id: 'Object Repository/Butonlar/Butonlar' located by 'By.cssSelector: .panel.panel-default.text-center.footerPanel .btn,.btn.btn-primary.btnControls' in '10' second(s)

2021-11-18 11:21:48 - [MESSAGE][PASSED] - Method.TextDegerineEsitElementVarMi is PASSED

2021-11-18 11:21:48 - [MESSAGE][PASSED] - Call Test Case 'Test Cases/Butonlar/ButonVarMi' successfully

2021-11-18 11:21:48 - [MESSAGE][INFO] - Checking called Test Case

2021-11-18 11:21:48 - [MESSAGE][INFO] - Starting to call Test Case 'Test Cases/Butonlar/ButonVarMi'

2021-11-18 11:21:48 - [TEST_CASE][PASSED] - Test Cases/Butonlar/ButonVarMi: Test Cases/Butonlar/ButonVarMi

2021-11-18 11:21:48 - [TEST_STEP][PASSED] - Method.TextDegerineEsitElementVarMi(findTestObject("Butonlar/Butonlar"), Buton): Method.TextDegerineEsitElementVarMi is PASSED

2021-11-18 11:21:48 - [MESSAGE][INFO] - Finding Test Object 'Object Repository/Butonlar/Butonlar'

2021-11-18 11:21:48 - [MESSAGE][INFO] - Checking timeout

2021-11-18 11:21:48 - [MESSAGE][INFO] - Finding web element with id: 'Object Repository/Butonlar/Butonlar' located by 'By.cssSelector: .panel.panel-default.text-center.footerPanel .btn,.btn.btn-primary.btnControls' in '10' second(s)

2021-11-18 11:21:48 - [MESSAGE][INFO] - Smart Wait Function is triggered

2021-11-18 11:21:48 - [MESSAGE][INFO] - Found 12 web elements with id: 'Object Repository/Butonlar/Butonlar' located by 'By.cssSelector: .panel.panel-default.text-center.footerPanel .btn,.btn.btn-primary.btnControls' in '10' second(s)

2021-11-18 11:21:48 - [MESSAGE][PASSED] - Method.TextDegerineEsitElementVarMi is PASSED

2021-11-18 11:21:48 - [MESSAGE][PASSED] - Call Test Case 'Test Cases/Butonlar/ButonVarMi' successfully

2021-11-18 11:21:48 - [MESSAGE][INFO] - Checking called Test Case

2021-11-18 11:21:48 - [MESSAGE][INFO] - Starting to call Test Case 'Test Cases/Butonlar/ButonVarMi'

2021-11-18 11:21:49 - [TEST_CASE][PASSED] - Test Cases/Butonlar/ButonVarMi: Test Cases/Butonlar/ButonVarMi

2021-11-18 11:21:49 - [TEST_STEP][PASSED] - Method.TextDegerineEsitElementVarMi(findTestObject("Butonlar/Butonlar"), Buton): Method.TextDegerineEsitElementVarMi is PASSED

2021-11-18 11:21:49 - [MESSAGE][INFO] - Finding Test Object 'Object Repository/Butonlar/Butonlar'

2021-11-18 11:21:49 - [MESSAGE][INFO] - Checking timeout

2021-11-18 11:21:49 - [MESSAGE][INFO] - Finding web element with id: 'Object Repository/Butonlar/Butonlar' located by 'By.cssSelector: .panel.panel-default.text-center.footerPanel .btn,.btn.btn-primary.btnControls' in '10' second(s)

2021-11-18 11:21:49 - [MESSAGE][INFO] - Smart Wait Function is triggered

2021-11-18 11:21:49 - [MESSAGE][INFO] - Found 12 web elements with id: 'Object Repository/Butonlar/Butonlar' located by 'By.cssSelector: .panel.panel-default.text-center.footerPanel .btn,.btn.btn-primary.btnControls' in '10' second(s)

2021-11-18 11:21:49 - [MESSAGE][PASSED] - Method.TextDegerineEsitElementVarMi is PASSED

2021-11-18 11:21:49 - [MESSAGE][PASSED] - Call Test Case 'Test Cases/Butonlar/ButonVarMi' successfully

2021-11-18 11:21:49 - [MESSAGE][INFO] - Checking called Test Case

2021-11-18 11:21:49 - [MESSAGE][INFO] - Starting to call Test Case 'Test Cases/Butonlar/ButonVarMi'

2021-11-18 11:21:49 - [TEST_CASE][PASSED] - Test Cases/Butonlar/ButonVarMi: Test Cases/Butonlar/ButonVarMi

2021-11-18 11:21:49 - [TEST_STEP][PASSED] - Method.TextDegerineEsitElementVarMi(findTestObject("Butonlar/Butonlar"), Buton): Method.TextDegerineEsitElementVarMi is PASSED

2021-11-18 11:21:49 - [MESSAGE][INFO] - Finding Test Object 'Object Repository/Butonlar/Butonlar'

2021-11-18 11:21:49 - [MESSAGE][INFO] - Checking timeout

2021-11-18 11:21:49 - [MESSAGE][INFO] - Finding web element with id: 'Object Repository/Butonlar/Butonlar' located by 'By.cssSelector: .panel.panel-default.text-center.footerPanel .btn,.btn.btn-primary.btnControls' in '10' second(s)

2021-11-18 11:21:49 - [MESSAGE][INFO] - Smart Wait Function is triggered

2021-11-18 11:21:49 - [MESSAGE][INFO] - Found 12 web elements with id: 'Object Repository/Butonlar/Butonlar' located by 'By.cssSelector: .panel.panel-default.text-center.footerPanel .btn,.btn.btn-primary.btnControls' in '10' second(s)

2021-11-18 11:21:49 - [MESSAGE][PASSED] - Method.TextDegerineEsitElementVarMi is PASSED

2021-11-18 11:21:49 - [MESSAGE][PASSED] - Call Test Case 'Test Cases/Butonlar/ButonVarMi' successfully

2021-11-18 11:21:49 - [MESSAGE][INFO] - Checking called Test Case

2021-11-18 11:21:49 - [MESSAGE][INFO] - Starting to call Test Case 'Test Cases/Butonlar/ButonVarMi'

2021-11-18 11:21:50 - [TEST_CASE][PASSED] - Test Cases/Butonlar/ButonVarMi: Test Cases/Butonlar/ButonVarMi

2021-11-18 11:21:50 - [TEST_STEP][PASSED] - Method.TextDegerineEsitElementVarMi(findTestObject("Butonlar/Butonlar"), Buton): Method.TextDegerineEsitElementVarMi is PASSED

2021-11-18 11:21:50 - [MESSAGE][INFO] - Finding Test Object 'Object Repository/Butonlar/Butonlar'

2021-11-18 11:21:50 - [MESSAGE][INFO] - Checking timeout

2021-11-18 11:21:50 - [MESSAGE][INFO] - Finding web element with id: 'Object Repository/Butonlar/Butonlar' located by 'By.cssSelector: .panel.panel-default.text-center.footerPanel .btn,.btn.btn-primary.btnControls' in '10' second(s)

2021-11-18 11:21:50 - [MESSAGE][INFO] - Smart Wait Function is triggered

2021-11-18 11:21:50 - [MESSAGE][INFO] - Found 12 web elements with id: 'Object Repository/Butonlar/Butonlar' located by 'By.cssSelector: .panel.panel-default.text-center.footerPanel .btn,.btn.btn-primary.btnControls' in '10' second(s)

2021-11-18 11:21:50 - [MESSAGE][PASSED] - Method.TextDegerineEsitElementVarMi is PASSED

2021-11-18 11:21:50 - [MESSAGE][PASSED] - Call Test Case 'Test Cases/Butonlar/ButonVarMi' successfully

2021-11-18 11:21:50 - [MESSAGE][INFO] - Checking called Test Case

2021-11-18 11:21:50 - [MESSAGE][INFO] - Starting to call Test Case 'Test Cases/Butonlar/ButonVarMi'

2021-11-18 11:21:50 - [TEST_CASE][PASSED] - Test Cases/Butonlar/ButonVarMi: Test Cases/Butonlar/ButonVarMi

2021-11-18 11:21:50 - [TEST_STEP][PASSED] - Method.TextDegerineEsitElementVarMi(findTestObject("Butonlar/Butonlar"), Buton): Method.TextDegerineEsitElementVarMi is PASSED

2021-11-18 11:21:50 - [MESSAGE][INFO] - Finding Test Object 'Object Repository/Butonlar/Butonlar'

2021-11-18 11:21:50 - [MESSAGE][INFO] - Checking timeout

2021-11-18 11:21:50 - [MESSAGE][INFO] - Finding web element with id: 'Object Repository/Butonlar/Butonlar' located by 'By.cssSelector: .panel.panel-default.text-center.footerPanel .btn,.btn.btn-primary.btnControls' in '10' second(s)

2021-11-18 11:21:50 - [MESSAGE][INFO] - Smart Wait Function is triggered

2021-11-18 11:21:50 - [MESSAGE][INFO] - Found 12 web elements with id: 'Object Repository/Butonlar/Butonlar' located by 'By.cssSelector: .panel.panel-default.text-center.footerPanel .btn,.btn.btn-primary.btnControls' in '10' second(s)

2021-11-18 11:21:50 - [MESSAGE][PASSED] - Method.TextDegerineEsitElementVarMi is PASSED

2021-11-18 11:21:50 - [MESSAGE][PASSED] - Call Test Case 'Test Cases/Butonlar/ButonVarMi' successfully

2021-11-18 11:21:50 - [MESSAGE][INFO] - Checking called Test Case

2021-11-18 11:21:50 - [MESSAGE][INFO] - Starting to call Test Case 'Test Cases/Butonlar/ButonVarMi'

2021-11-18 11:21:51 - [TEST_CASE][PASSED] - Test Cases/Butonlar/ButonVarMi: Test Cases/Butonlar/ButonVarMi

2021-11-18 11:21:51 - [TEST_STEP][PASSED] - Method.TextDegerineEsitElementVarMi(findTestObject("Butonlar/Butonlar"), Buton): Method.TextDegerineEsitElementVarMi is PASSED

2021-11-18 11:21:51 - [MESSAGE][INFO] - Finding Test Object 'Object Repository/Butonlar/Butonlar'

2021-11-18 11:21:51 - [MESSAGE][INFO] - Checking timeout

2021-11-18 11:21:51 - [MESSAGE][INFO] - Finding web element with id: 'Object Repository/Butonlar/Butonlar' located by 'By.cssSelector: .panel.panel-default.text-center.footerPanel .btn,.btn.btn-primary.btnControls' in '10' second(s)

2021-11-18 11:21:51 - [MESSAGE][INFO] - Smart Wait Function is triggered

2021-11-18 11:21:51 - [MESSAGE][INFO] - Found 12 web elements with id: 'Object Repository/Butonlar/Butonlar' located by 'By.cssSelector: .panel.panel-default.text-center.footerPanel .btn,.btn.btn-primary.btnControls' in '10' second(s)

2021-11-18 11:21:51 - [MESSAGE][PASSED] - Method.TextDegerineEsitElementVarMi is PASSED

2021-11-18 11:21:51 - [MESSAGE][PASSED] - Call Test Case 'Test Cases/Butonlar/ButonVarMi' successfully

2021-11-18 11:21:51 - [MESSAGE][INFO] - Checking called Test Case

2021-11-18 11:21:51 - [MESSAGE][INFO] - Starting to call Test Case 'Test Cases/Butonlar/ButonVarMi'

2021-11-18 11:21:51 - [TEST_CASE][PASSED] - Test Cases/Butonlar/ButonVarMi: Test Cases/Butonlar/ButonVarMi

2021-11-18 11:21:51 - [TEST_STEP][PASSED] - Method.TextDegerineEsitElementVarMi(findTestObject("Butonlar/Butonlar"), Buton): Method.TextDegerineEsitElementVarMi is PASSED

2021-11-18 11:21:51 - [MESSAGE][INFO] - Finding Test Object 'Object Repository/Butonlar/Butonlar'

2021-11-18 11:21:51 - [MESSAGE][INFO] - Checking timeout

2021-11-18 11:21:51 - [MESSAGE][INFO] - Finding web element with id: 'Object Repository/Butonlar/Butonlar' located by 'By.cssSelector: .panel.panel-default.text-center.footerPanel .btn,.btn.btn-primary.btnControls' in '10' second(s)

2021-11-18 11:21:51 - [MESSAGE][INFO] - Smart Wait Function is triggered

2021-11-18 11:21:52 - [MESSAGE][INFO] - Found 12 web elements with id: 'Object Repository/Butonlar/Butonlar' located by 'By.cssSelector: .panel.panel-default.text-center.footerPanel .btn,.btn.btn-primary.btnControls' in '10' second(s)

2021-11-18 11:21:52 - [MESSAGE][PASSED] - Method.TextDegerineEsitElementVarMi is PASSED

2021-11-18 11:21:52 - [MESSAGE][PASSED] - Call Test Case 'Test Cases/Butonlar/ButonVarMi' successfully

2021-11-18 11:21:52 - [MESSAGE][INFO] - Checking called Test Case

2021-11-18 11:21:52 - [MESSAGE][INFO] - Starting to call Test Case 'Test Cases/Butonlar/ButonaTikla'

2021-11-18 11:21:52 - [TEST_CASE][PASSED] - Test Cases/Butonlar/ButonaTikla: Test Cases/Butonlar/ButonaTikla

2021-11-18 11:21:52 - [TEST_STEP][PASSED] - Method.TextDegerineEsitElementeTiklaEquals(findTestObject("Butonlar/Butonlar"), Buton_Adi): Method.TextDegerineEsitElementeTiklaEquals is PASSED

2021-11-18 11:21:52 - [MESSAGE][INFO] - Finding Test Object 'Object Repository/Butonlar/Butonlar'

2021-11-18 11:21:52 - [MESSAGE][INFO] - Checking timeout

2021-11-18 11:21:52 - [MESSAGE][INFO] - Finding web element with id: 'Object Repository/Butonlar/Butonlar' located by 'By.cssSelector: .panel.panel-default.text-center.footerPanel .btn,.btn.btn-primary.btnControls' in '10' second(s)

2021-11-18 11:21:52 - [MESSAGE][INFO] - Smart Wait Function is triggered

2021-11-18 11:21:52 - [MESSAGE][INFO] - Found 12 web elements with id: 'Object Repository/Butonlar/Butonlar' located by 'By.cssSelector: .panel.panel-default.text-center.footerPanel .btn,.btn.btn-primary.btnControls' in '10' second(s)

2021-11-18 11:21:52 - [MESSAGE][PASSED] - Method.TextDegerineEsitElementeTiklaEquals is PASSED

2021-11-18 11:21:52 - [MESSAGE][PASSED] - Call Test Case 'Test Cases/Butonlar/ButonaTikla' successfully

2021-11-18 11:21:52 - [MESSAGE][INFO] - Checking called Test Case

2021-11-18 11:21:52 - [MESSAGE][INFO] - Starting to call Test Case 'Test Cases/Butonlar/AltButonVarMi'

2021-11-18 11:21:52 - [TEST_CASE][PASSED] - Test Cases/Butonlar/AltButonVarMi: Test Cases/Butonlar/AltButonVarMi

2021-11-18 11:21:52 - [TEST_STEP][PASSED] - Method.TextDegerineEsitElementVarMi(findTestObject("Butonlar/AltButonlar"), AltButon): Method.TextDegerineEsitElementVarMi is PASSED

2021-11-18 11:21:52 - [MESSAGE][INFO] - Finding Test Object 'Object Repository/Butonlar/AltButonlar'

2021-11-18 11:21:52 - [MESSAGE][INFO] - Checking timeout

2021-11-18 11:21:52 - [MESSAGE][INFO] - Finding web element with id: 'Object Repository/Butonlar/AltButonlar' located by 'By.cssSelector: .btn-group.open li>a' in '10' second(s)

2021-11-18 11:21:52 - [MESSAGE][INFO] - Smart Wait Function is triggered

2021-11-18 11:21:53 - [MESSAGE][INFO] - Found 2 web elements with id: 'Object Repository/Butonlar/AltButonlar' located by 'By.cssSelector: .btn-group.open li>a' in '10' second(s)

2021-11-18 11:21:53 - [MESSAGE][PASSED] - Method.TextDegerineEsitElementVarMi is PASSED

2021-11-18 11:21:53 - [MESSAGE][PASSED] - Call Test Case 'Test Cases/Butonlar/AltButonVarMi' successfully

2021-11-18 11:21:53 - [MESSAGE][INFO] - Checking called Test Case

2021-11-18 11:21:53 - [MESSAGE][INFO] - Starting to call Test Case 'Test Cases/Butonlar/AltButonVarMi'

2021-11-18 11:21:53 - [TEST_CASE][PASSED] - Test Cases/Butonlar/AltButonVarMi: Test Cases/Butonlar/AltButonVarMi

2021-11-18 11:21:53 - [TEST_STEP][PASSED] - Method.TextDegerineEsitElementVarMi(findTestObject("Butonlar/AltButonlar"), AltButon): Method.TextDegerineEsitElementVarMi is PASSED

2021-11-18 11:21:53 - [MESSAGE][INFO] - Finding Test Object 'Object Repository/Butonlar/AltButonlar'

2021-11-18 11:21:53 - [MESSAGE][INFO] - Checking timeout

2021-11-18 11:21:53 - [MESSAGE][INFO] - Finding web element with id: 'Object Repository/Butonlar/AltButonlar' located by 'By.cssSelector: .btn-group.open li>a' in '10' second(s)

2021-11-18 11:21:53 - [MESSAGE][INFO] - Smart Wait Function is triggered

2021-11-18 11:21:53 - [MESSAGE][INFO] - Found 2 web elements with id: 'Object Repository/Butonlar/AltButonlar' located by 'By.cssSelector: .btn-group.open li>a' in '10' second(s)

2021-11-18 11:21:53 - [MESSAGE][PASSED] - Method.TextDegerineEsitElementVarMi is PASSED

2021-11-18 11:21:53 - [MESSAGE][PASSED] - Call Test Case 'Test Cases/Butonlar/AltButonVarMi' successfully

2021-11-18 11:21:53 - [MESSAGE][INFO] - Checking called Test Case

2021-11-18 11:21:53 - [MESSAGE][INFO] - Starting to call Test Case 'Test Cases/Butonlar/ButonaTikla'

2021-11-18 11:21:53 - [TEST_CASE][PASSED] - Test Cases/Butonlar/ButonaTikla: Test Cases/Butonlar/ButonaTikla

2021-11-18 11:21:53 - [TEST_STEP][PASSED] - Method.TextDegerineEsitElementeTiklaEquals(findTestObject("Butonlar/Butonlar"), Buton_Adi): Method.TextDegerineEsitElementeTiklaEquals is PASSED

2021-11-18 11:21:53 - [MESSAGE][INFO] - Finding Test Object 'Object Repository/Butonlar/Butonlar'

2021-11-18 11:21:53 - [MESSAGE][INFO] - Checking timeout

2021-11-18 11:21:53 - [MESSAGE][INFO] - Finding web element with id: 'Object Repository/Butonlar/Butonlar' located by 'By.cssSelector: .panel.panel-default.text-center.footerPanel .btn,.btn.btn-primary.btnControls' in '10' second(s)

2021-11-18 11:21:53 - [MESSAGE][INFO] - Smart Wait Function is triggered

2021-11-18 11:21:53 - [MESSAGE][INFO] - Found 12 web elements with id: 'Object Repository/Butonlar/Butonlar' located by 'By.cssSelector: .panel.panel-default.text-center.footerPanel .btn,.btn.btn-primary.btnControls' in '10' second(s)

2021-11-18 11:21:54 - [MESSAGE][PASSED] - Method.TextDegerineEsitElementeTiklaEquals is PASSED

2021-11-18 11:21:54 - [MESSAGE][PASSED] - Call Test Case 'Test Cases/Butonlar/ButonaTikla' successfully

2021-11-18 11:21:54 - [MESSAGE][INFO] - Checking called Test Case

2021-11-18 11:21:54 - [MESSAGE][INFO] - Starting to call Test Case 'Test Cases/Butonlar/AltButonVarMi'

2021-11-18 11:21:54 - [TEST_CASE][PASSED] - Test Cases/Butonlar/AltButonVarMi: Test Cases/Butonlar/AltButonVarMi

2021-11-18 11:21:54 - [TEST_STEP][PASSED] - Method.TextDegerineEsitElementVarMi(findTestObject("Butonlar/AltButonlar"), AltButon): Method.TextDegerineEsitElementVarMi is PASSED

2021-11-18 11:21:54 - [MESSAGE][INFO] - Finding Test Object 'Object Repository/Butonlar/AltButonlar'

2021-11-18 11:21:54 - [MESSAGE][INFO] - Checking timeout

2021-11-18 11:21:54 - [MESSAGE][INFO] - Finding web element with id: 'Object Repository/Butonlar/AltButonlar' located by 'By.cssSelector: .btn-group.open li>a' in '10' second(s)

2021-11-18 11:21:54 - [MESSAGE][INFO] - Smart Wait Function is triggered

2021-11-18 11:21:54 - [MESSAGE][INFO] - Found 4 web elements with id: 'Object Repository/Butonlar/AltButonlar' located by 'By.cssSelector: .btn-group.open li>a' in '10' second(s)

2021-11-18 11:21:54 - [MESSAGE][PASSED] - Method.TextDegerineEsitElementVarMi is PASSED

2021-11-18 11:21:54 - [MESSAGE][PASSED] - Call Test Case 'Test Cases/Butonlar/AltButonVarMi' successfully

2021-11-18 11:21:54 - [MESSAGE][INFO] - Checking called Test Case

2021-11-18 11:21:54 - [MESSAGE][INFO] - Starting to call Test Case 'Test Cases/Butonlar/AltButonVarMi'

2021-11-18 11:21:54 - [TEST_CASE][PASSED] - Test Cases/Butonlar/AltButonVarMi: Test Cases/Butonlar/AltButonVarMi

2021-11-18 11:21:54 - [TEST_STEP][PASSED] - Method.TextDegerineEsitElementVarMi(findTestObject("Butonlar/AltButonlar"), AltButon): Method.TextDegerineEsitElementVarMi is PASSED

2021-11-18 11:21:54 - [MESSAGE][INFO] - Finding Test Object 'Object Repository/Butonlar/AltButonlar'

2021-11-18 11:21:54 - [MESSAGE][INFO] - Checking timeout

2021-11-18 11:21:54 - [MESSAGE][INFO] - Finding web element with id: 'Object Repository/Butonlar/AltButonlar' located by 'By.cssSelector: .btn-group.open li>a' in '10' second(s)

2021-11-18 11:21:54 - [MESSAGE][INFO] - Smart Wait Function is triggered

2021-11-18 11:21:55 - [MESSAGE][INFO] - Found 4 web elements with id: 'Object Repository/Butonlar/AltButonlar' located by 'By.cssSelector: .btn-group.open li>a' in '10' second(s)

2021-11-18 11:21:55 - [MESSAGE][PASSED] - Method.TextDegerineEsitElementVarMi is PASSED

2021-11-18 11:21:55 - [MESSAGE][PASSED] - Call Test Case 'Test Cases/Butonlar/AltButonVarMi' successfully

2021-11-18 11:21:55 - [MESSAGE][INFO] - Checking called Test Case

2021-11-18 11:21:55 - [MESSAGE][INFO] - Starting to call Test Case 'Test Cases/Butonlar/AltButonVarMi'

2021-11-18 11:21:55 - [TEST_CASE][PASSED] - Test Cases/Butonlar/AltButonVarMi: Test Cases/Butonlar/AltButonVarMi

2021-11-18 11:21:55 - [TEST_STEP][PASSED] - Method.TextDegerineEsitElementVarMi(findTestObject("Butonlar/AltButonlar"), AltButon): Method.TextDegerineEsitElementVarMi is PASSED

2021-11-18 11:21:55 - [MESSAGE][INFO] - Finding Test Object 'Object Repository/Butonlar/AltButonlar'

2021-11-18 11:21:55 - [MESSAGE][INFO] - Checking timeout

2021-11-18 11:21:55 - [MESSAGE][INFO] - Finding web element with id: 'Object Repository/Butonlar/AltButonlar' located by 'By.cssSelector: .btn-group.open li>a' in '10' second(s)

2021-11-18 11:21:55 - [MESSAGE][INFO] - Smart Wait Function is triggered

2021-11-18 11:21:55 - [MESSAGE][INFO] - Found 4 web elements with id: 'Object Repository/Butonlar/AltButonlar' located by 'By.cssSelector: .btn-group.open li>a' in '10' second(s)

2021-11-18 11:21:55 - [MESSAGE][PASSED] - Method.TextDegerineEsitElementVarMi is PASSED

2021-11-18 11:21:55 - [MESSAGE][PASSED] - Call Test Case 'Test Cases/Butonlar/AltButonVarMi' successfully

2021-11-18 11:21:55 - [MESSAGE][INFO] - Checking called Test Case

2021-11-18 11:21:55 - [MESSAGE][INFO] - Starting to call Test Case 'Test Cases/Butonlar/AltButonVarMi'

2021-11-18 11:21:55 - [TEST_CASE][PASSED] - Test Cases/Butonlar/AltButonVarMi: Test Cases/Butonlar/AltButonVarMi

2021-11-18 11:21:55 - [TEST_STEP][PASSED] - Method.TextDegerineEsitElementVarMi(findTestObject("Butonlar/AltButonlar"), AltButon): Method.TextDegerineEsitElementVarMi is PASSED

2021-11-18 11:21:55 - [MESSAGE][INFO] - Finding Test Object 'Object Repository/Butonlar/AltButonlar'

2021-11-18 11:21:55 - [MESSAGE][INFO] - Checking timeout

2021-11-18 11:21:55 - [MESSAGE][INFO] - Finding web element with id: 'Object Repository/Butonlar/AltButonlar' located by 'By.cssSelector: .btn-group.open li>a' in '10' second(s)

2021-11-18 11:21:55 - [MESSAGE][INFO] - Smart Wait Function is triggered

2021-11-18 11:21:56 - [MESSAGE][INFO] - Found 4 web elements with id: 'Object Repository/Butonlar/AltButonlar' located by 'By.cssSelector: .btn-group.open li>a' in '10' second(s)

2021-11-18 11:21:56 - [MESSAGE][PASSED] - Method.TextDegerineEsitElementVarMi is PASSED

2021-11-18 11:21:56 - [MESSAGE][PASSED] - Call Test Case 'Test Cases/Butonlar/AltButonVarMi' successfully

2021-11-18 11:21:56 - [MESSAGE][INFO] - Checking called Test Case

2021-11-18 11:21:56 - [MESSAGE][INFO] - Starting to call Test Case 'Test Cases/Butonlar/ButonaTikla'

2021-11-18 11:21:56 - [TEST_CASE][PASSED] - Test Cases/Butonlar/ButonaTikla: Test Cases/Butonlar/ButonaTikla

2021-11-18 11:21:56 - [TEST_STEP][PASSED] - Method.TextDegerineEsitElementeTiklaEquals(findTestObject("Butonlar/Butonlar"), Buton_Adi): Method.TextDegerineEsitElementeTiklaEquals is PASSED

2021-11-18 11:21:56 - [MESSAGE][INFO] - Finding Test Object 'Object Repository/Butonlar/Butonlar'

2021-11-18 11:21:56 - [MESSAGE][INFO] - Checking timeout

2021-11-18 11:21:56 - [MESSAGE][INFO] - Finding web element with id: 'Object Repository/Butonlar/Butonlar' located by 'By.cssSelector: .panel.panel-default.text-center.footerPanel .btn,.btn.btn-primary.btnControls' in '10' second(s)

2021-11-18 11:21:56 - [MESSAGE][INFO] - Smart Wait Function is triggered

2021-11-18 11:21:56 - [MESSAGE][INFO] - Found 12 web elements with id: 'Object Repository/Butonlar/Butonlar' located by 'By.cssSelector: .panel.panel-default.text-center.footerPanel .btn,.btn.btn-primary.btnControls' in '10' second(s)

2021-11-18 11:21:56 - [MESSAGE][PASSED] - Method.TextDegerineEsitElementeTiklaEquals is PASSED

2021-11-18 11:21:56 - [MESSAGE][PASSED] - Call Test Case 'Test Cases/Butonlar/ButonaTikla' successfully

2021-11-18 11:21:56 - [MESSAGE][INFO] - Checking called Test Case

2021-11-18 11:21:56 - [MESSAGE][INFO] - Starting to call Test Case 'Test Cases/Butonlar/AltButonVarMi'

2021-11-18 11:21:56 - [TEST_CASE][PASSED] - Test Cases/Butonlar/AltButonVarMi: Test Cases/Butonlar/AltButonVarMi

2021-11-18 11:21:56 - [TEST_STEP][PASSED] - Method.TextDegerineEsitElementVarMi(findTestObject("Butonlar/AltButonlar"), AltButon): Method.TextDegerineEsitElementVarMi is PASSED

2021-11-18 11:21:56 - [MESSAGE][INFO] - Finding Test Object 'Object Repository/Butonlar/AltButonlar'

2021-11-18 11:21:56 - [MESSAGE][INFO] - Checking timeout

2021-11-18 11:21:56 - [MESSAGE][INFO] - Finding web element with id: 'Object Repository/Butonlar/AltButonlar' located by 'By.cssSelector: .btn-group.open li>a' in '10' second(s)

2021-11-18 11:21:56 - [MESSAGE][INFO] - Smart Wait Function is triggered

2021-11-18 11:21:57 - [MESSAGE][INFO] - Found 2 web elements with id: 'Object Repository/Butonlar/AltButonlar' located by 'By.cssSelector: .btn-group.open li>a' in '10' second(s)

2021-11-18 11:21:57 - [MESSAGE][PASSED] - Method.TextDegerineEsitElementVarMi is PASSED

2021-11-18 11:21:57 - [MESSAGE][PASSED] - Call Test Case 'Test Cases/Butonlar/AltButonVarMi' successfully

2021-11-18 11:21:57 - [MESSAGE][INFO] - Checking called Test Case

2021-11-18 11:21:57 - [MESSAGE][INFO] - Starting to call Test Case 'Test Cases/Butonlar/AltButonVarMi'

2021-11-18 11:21:57 - [TEST_CASE][PASSED] - Test Cases/Butonlar/AltButonVarMi: Test Cases/Butonlar/AltButonVarMi

2021-11-18 11:21:57 - [TEST_STEP][PASSED] - Method.TextDegerineEsitElementVarMi(findTestObject("Butonlar/AltButonlar"), AltButon): Method.TextDegerineEsitElementVarMi is PASSED

2021-11-18 11:21:57 - [MESSAGE][INFO] - Finding Test Object 'Object Repository/Butonlar/AltButonlar'

2021-11-18 11:21:57 - [MESSAGE][INFO] - Checking timeout

2021-11-18 11:21:57 - [MESSAGE][INFO] - Finding web element with id: 'Object Repository/Butonlar/AltButonlar' located by 'By.cssSelector: .btn-group.open li>a' in '10' second(s)

2021-11-18 11:21:57 - [MESSAGE][INFO] - Smart Wait Function is triggered

2021-11-18 11:21:57 - [MESSAGE][INFO] - Found 2 web elements with id: 'Object Repository/Butonlar/AltButonlar' located by 'By.cssSelector: .btn-group.open li>a' in '10' second(s)

2021-11-18 11:21:57 - [MESSAGE][PASSED] - Method.TextDegerineEsitElementVarMi is PASSED

2021-11-18 11:21:57 - [MESSAGE][PASSED] - Call Test Case 'Test Cases/Butonlar/AltButonVarMi' successfully

2021-11-18 11:21:57 - [MESSAGE][INFO] - Checking called Test Case

2021-11-18 11:21:57 - [MESSAGE][INFO] - Starting to call Test Case 'Test Cases/Butonlar/ButonaTikla'

2021-11-18 11:21:57 - [TEST_CASE][PASSED] - Test Cases/Butonlar/ButonaTikla: Test Cases/Butonlar/ButonaTikla

2021-11-18 11:21:57 - [TEST_STEP][PASSED] - Method.TextDegerineEsitElementeTiklaEquals(findTestObject("Butonlar/Butonlar"), Buton_Adi): Method.TextDegerineEsitElementeTiklaEquals is PASSED

2021-11-18 11:21:57 - [MESSAGE][INFO] - Finding Test Object 'Object Repository/Butonlar/Butonlar'

2021-11-18 11:21:57 - [MESSAGE][INFO] - Checking timeout

2021-11-18 11:21:57 - [MESSAGE][INFO] - Finding web element with id: 'Object Repository/Butonlar/Butonlar' located by 'By.cssSelector: .panel.panel-default.text-center.footerPanel .btn,.btn.btn-primary.btnControls' in '10' second(s)

2021-11-18 11:21:57 - [MESSAGE][INFO] - Smart Wait Function is triggered

2021-11-18 11:21:58 - [MESSAGE][INFO] - Found 12 web elements with id: 'Object Repository/Butonlar/Butonlar' located by 'By.cssSelector: .panel.panel-default.text-center.footerPanel .btn,.btn.btn-primary.btnControls' in '10' second(s)

2021-11-18 11:21:58 - [MESSAGE][PASSED] - Method.TextDegerineEsitElementeTiklaEquals is PASSED

2021-11-18 11:21:58 - [MESSAGE][PASSED] - Call Test Case 'Test Cases/Butonlar/ButonaTikla' successfully

2021-11-18 11:21:58 - [MESSAGE][INFO] - Checking called Test Case

2021-11-18 11:21:58 - [MESSAGE][INFO] - Starting to call Test Case 'Test Cases/Butonlar/AltButonVarMi'

2021-11-18 11:21:58 - [TEST_CASE][PASSED] - Test Cases/Butonlar/AltButonVarMi: Test Cases/Butonlar/AltButonVarMi

2021-11-18 11:21:58 - [TEST_STEP][PASSED] - Method.TextDegerineEsitElementVarMi(findTestObject("Butonlar/AltButonlar"), AltButon): Method.TextDegerineEsitElementVarMi is PASSED

2021-11-18 11:21:58 - [MESSAGE][INFO] - Finding Test Object 'Object Repository/Butonlar/AltButonlar'

2021-11-18 11:21:58 - [MESSAGE][INFO] - Checking timeout

2021-11-18 11:21:58 - [MESSAGE][INFO] - Finding web element with id: 'Object Repository/Butonlar/AltButonlar' located by 'By.cssSelector: .btn-group.open li>a' in '10' second(s)

2021-11-18 11:21:58 - [MESSAGE][INFO] - Smart Wait Function is triggered

2021-11-18 11:21:58 - [MESSAGE][INFO] - Found 2 web elements with id: 'Object Repository/Butonlar/AltButonlar' located by 'By.cssSelector: .btn-group.open li>a' in '10' second(s)

2021-11-18 11:21:58 - [MESSAGE][PASSED] - Method.TextDegerineEsitElementVarMi is PASSED

2021-11-18 11:21:58 - [MESSAGE][PASSED] - Call Test Case 'Test Cases/Butonlar/AltButonVarMi' successfully

2021-11-18 11:21:58 - [MESSAGE][INFO] - Checking called Test Case

2021-11-18 11:21:58 - [MESSAGE][INFO] - Starting to call Test Case 'Test Cases/Butonlar/AltButonVarMi'

2021-11-18 11:21:58 - [TEST_CASE][PASSED] - Test Cases/Butonlar/AltButonVarMi: Test Cases/Butonlar/AltButonVarMi

2021-11-18 11:21:58 - [TEST_STEP][PASSED] - Method.TextDegerineEsitElementVarMi(findTestObject("Butonlar/AltButonlar"), AltButon): Method.TextDegerineEsitElementVarMi is PASSED

2021-11-18 11:21:58 - [MESSAGE][INFO] - Finding Test Object 'Object Repository/Butonlar/AltButonlar'

2021-11-18 11:21:58 - [MESSAGE][INFO] - Checking timeout

2021-11-18 11:21:58 - [MESSAGE][INFO] - Finding web element with id: 'Object Repository/Butonlar/AltButonlar' located by 'By.cssSelector: .btn-group.open li>a' in '10' second(s)

2021-11-18 11:21:58 - [MESSAGE][INFO] - Smart Wait Function is triggered

2021-11-18 11:21:59 - [MESSAGE][INFO] - Found 2 web elements with id: 'Object Repository/Butonlar/AltButonlar' located by 'By.cssSelector: .btn-group.open li>a' in '10' second(s)

2021-11-18 11:21:59 - [MESSAGE][PASSED] - Method.TextDegerineEsitElementVarMi is PASSED

2021-11-18 11:21:59 - [MESSAGE][PASSED] - Call Test Case 'Test Cases/Butonlar/AltButonVarMi' successfully

2021-11-18 11:21:59 - [MESSAGE][INFO] - Checking called Test Case

2021-11-18 11:21:59 - [MESSAGE][INFO] - Starting to call Test Case 'Test Cases/Butonlar/ButonaTikla'

2021-11-18 11:21:59 - [TEST_CASE][PASSED] - Test Cases/Butonlar/ButonaTikla: Test Cases/Butonlar/ButonaTikla

2021-11-18 11:21:59 - [TEST_STEP][PASSED] - Method.TextDegerineEsitElementeTiklaEquals(findTestObject("Butonlar/Butonlar"), Buton_Adi): Method.TextDegerineEsitElementeTiklaEquals is PASSED

2021-11-18 11:21:59 - [MESSAGE][INFO] - Finding Test Object 'Object Repository/Butonlar/Butonlar'

2021-11-18 11:21:59 - [MESSAGE][INFO] - Checking timeout

2021-11-18 11:21:59 - [MESSAGE][INFO] - Finding web element with id: 'Object Repository/Butonlar/Butonlar' located by 'By.cssSelector: .panel.panel-default.text-center.footerPanel .btn,.btn.btn-primary.btnControls' in '10' second(s)

2021-11-18 11:21:59 - [MESSAGE][INFO] - Smart Wait Function is triggered

2021-11-18 11:21:59 - [MESSAGE][INFO] - Found 12 web elements with id: 'Object Repository/Butonlar/Butonlar' located by 'By.cssSelector: .panel.panel-default.text-center.footerPanel .btn,.btn.btn-primary.btnControls' in '10' second(s)

2021-11-18 11:21:59 - [MESSAGE][PASSED] - Method.TextDegerineEsitElementeTiklaEquals is PASSED

2021-11-18 11:21:59 - [MESSAGE][PASSED] - Call Test Case 'Test Cases/Butonlar/ButonaTikla' successfully

2021-11-18 11:21:59 - [MESSAGE][INFO] - Checking called Test Case

2021-11-18 11:21:59 - [MESSAGE][INFO] - Starting to call Test Case 'Test Cases/Butonlar/AltButonVarMi'

2021-11-18 11:22:00 - [TEST_CASE][PASSED] - Test Cases/Butonlar/AltButonVarMi: Test Cases/Butonlar/AltButonVarMi

2021-11-18 11:22:00 - [TEST_STEP][PASSED] - Method.TextDegerineEsitElementVarMi(findTestObject("Butonlar/AltButonlar"), AltButon): Method.TextDegerineEsitElementVarMi is PASSED

2021-11-18 11:22:00 - [MESSAGE][INFO] - Finding Test Object 'Object Repository/Butonlar/AltButonlar'

2021-11-18 11:22:00 - [MESSAGE][INFO] - Checking timeout

2021-11-18 11:22:00 - [MESSAGE][INFO] - Finding web element with id: 'Object Repository/Butonlar/AltButonlar' located by 'By.cssSelector: .btn-group.open li>a' in '10' second(s)

2021-11-18 11:22:00 - [MESSAGE][INFO] - Smart Wait Function is triggered

2021-11-18 11:22:00 - [MESSAGE][INFO] - Found 2 web elements with id: 'Object Repository/Butonlar/AltButonlar' located by 'By.cssSelector: .btn-group.open li>a' in '10' second(s)

2021-11-18 11:22:00 - [MESSAGE][PASSED] - Method.TextDegerineEsitElementVarMi is PASSED

2021-11-18 11:22:00 - [MESSAGE][PASSED] - Call Test Case 'Test Cases/Butonlar/AltButonVarMi' successfully

2021-11-18 11:22:00 - [MESSAGE][INFO] - Checking called Test Case

2021-11-18 11:22:00 - [MESSAGE][INFO] - Starting to call Test Case 'Test Cases/Sayfalar/AnaSayfa/AnaSayfayaDonulur'

2021-11-18 11:22:00 - [TEST_CASE][PASSED] - Test Cases/Sayfalar/AnaSayfa/AnaSayfayaDonulur: Test Cases/Sayfalar/AnaSayfa/AnaSayfayaDonulur

2021-11-18 11:22:00 - [TEST_STEP][PASSED] - click(findTestObject("Sayfalar/AnaSayfa/AnaSayfa")): Object: 'Object Repository/Sayfalar/AnaSayfa/AnaSayfa' is clicked on

2021-11-18 11:22:00 - [MESSAGE][INFO] - Finding Test Object 'Object Repository/Sayfalar/AnaSayfa/AnaSayfa'

2021-11-18 11:22:00 - [MESSAGE][INFO] - Checking object

2021-11-18 11:22:00 - [MESSAGE][INFO] - Finding web element from Test Object's properties

2021-11-18 11:22:00 - [MESSAGE][INFO] - Checking timeout

2021-11-18 11:22:00 - [MESSAGE][INFO] - Finding web element with id: 'Object Repository/Sayfalar/AnaSayfa/AnaSayfa' located by 'By.cssSelector: div.navbar-header > a > img' in '30' second(s)

2021-11-18 11:22:00 - [MESSAGE][INFO] - Smart Wait Function is triggered

2021-11-18 11:22:01 - [MESSAGE][INFO] - Found 1 web elements with id: 'Object Repository/Sayfalar/AnaSayfa/AnaSayfa' located by 'By.cssSelector: div.navbar-header > a > img' in '30' second(s)

2021-11-18 11:22:01 - [MESSAGE][INFO] - Clicking on object: 'Object Repository/Sayfalar/AnaSayfa/AnaSayfa'

2021-11-18 11:22:05 - [MESSAGE][PASSED] - Object: 'Object Repository/Sayfalar/AnaSayfa/AnaSayfa' is clicked on

2021-11-18 11:22:05 - [TEST_STEP][PASSED] - if (verifyElementPresent(findTestObject("Sayfalar/Giris_Sayfasi/PopupOK"), 5, OPTIONAL)): null

2021-11-18 11:22:05 - [MESSAGE][INFO] - Finding Test Object 'Object Repository/Sayfalar/Giris_Sayfasi/PopupOK'

2021-11-18 11:22:05 - [MESSAGE][INFO] - Checking object

2021-11-18 11:22:05 - [MESSAGE][INFO] - Finding web element from Test Object's properties

2021-11-18 11:22:05 - [MESSAGE][INFO] - Checking timeout

2021-11-18 11:22:05 - [MESSAGE][INFO] - Finding web element with id: 'Object Repository/Sayfalar/Giris_Sayfasi/PopupOK' located by 'By.cssSelector: .btn.btn-success' in '5' second(s)

2021-11-18 11:22:05 - [MESSAGE][INFO] - Smart Wait Function is triggered

2021-11-18 11:22:05 - [MESSAGE][INFO] - Found 1 web elements with id: 'Object Repository/Sayfalar/Giris_Sayfasi/PopupOK' located by 'By.cssSelector: .btn.btn-success' in '5' second(s)

2021-11-18 11:22:05 - [MESSAGE][PASSED] - Object 'Object Repository/Sayfalar/Giris_Sayfasi/PopupOK' is present

2021-11-18 11:22:05 - [TEST_STEP][PASSED] - click(findTestObject("Sayfalar/Giris_Sayfasi/PopupOK")): Object: 'Object Repository/Sayfalar/Giris_Sayfasi/PopupOK' is clicked on

2021-11-18 11:22:05 - [MESSAGE][INFO] - Finding Test Object 'Object Repository/Sayfalar/Giris_Sayfasi/PopupOK'

2021-11-18 11:22:05 - [MESSAGE][INFO] - Checking object

2021-11-18 11:22:05 - [MESSAGE][INFO] - Finding web element from Test Object's properties

2021-11-18 11:22:05 - [MESSAGE][INFO] - Checking timeout

2021-11-18 11:22:05 - [MESSAGE][INFO] - Finding web element with id: 'Object Repository/Sayfalar/Giris_Sayfasi/PopupOK' located by 'By.cssSelector: .btn.btn-success' in '30' second(s)

2021-11-18 11:22:05 - [MESSAGE][INFO] - Smart Wait Function is triggered

2021-11-18 11:22:05 - [MESSAGE][INFO] - Found 1 web elements with id: 'Object Repository/Sayfalar/Giris_Sayfasi/PopupOK' located by 'By.cssSelector: .btn.btn-success' in '30' second(s)

2021-11-18 11:22:05 - [MESSAGE][INFO] - Clicking on object: 'Object Repository/Sayfalar/Giris_Sayfasi/PopupOK'

2021-11-18 11:22:06 - [MESSAGE][PASSED] - Object: 'Object Repository/Sayfalar/Giris_Sayfasi/PopupOK' is clicked on

2021-11-18 11:22:06 - [TEST_STEP][PASSED] - verifyElementVisible(findTestObject("Object Repository/Kullanici_Islemleri/KullaniciIslemleri")): Object 'Object Repository/Kullanici_Islemleri/KullaniciIslemleri' is visible

2021-11-18 11:22:06 - [MESSAGE][INFO] - Finding Test Object 'Object Repository/Kullanici_Islemleri/KullaniciIslemleri'

2021-11-18 11:22:06 - [MESSAGE][INFO] - Checking object

2021-11-18 11:22:06 - [MESSAGE][INFO] - Finding web element from Test Object's properties

2021-11-18 11:22:06 - [MESSAGE][INFO] - Checking timeout

2021-11-18 11:22:06 - [MESSAGE][INFO] - Finding web element with id: 'Object Repository/Kullanici_Islemleri/KullaniciIslemleri' located by 'By.cssSelector: .dropdown>a>img' in '30' second(s)

2021-11-18 11:22:06 - [MESSAGE][INFO] - Smart Wait Function is triggered

2021-11-18 11:22:06 - [MESSAGE][INFO] - Found 1 web elements with id: 'Object Repository/Kullanici_Islemleri/KullaniciIslemleri' located by 'By.cssSelector: .dropdown>a>img' in '30' second(s)

2021-11-18 11:22:06 - [MESSAGE][PASSED] - Object 'Object Repository/Kullanici_Islemleri/KullaniciIslemleri' is visible

2021-11-18 11:22:06 - [MESSAGE][PASSED] - Call Test Case 'Test Cases/Sayfalar/AnaSayfa/AnaSayfayaDonulur' successfully

2021-11-18 11:22:06 - [MESSAGE][INFO] - Checking called Test Case

2021-11-18 11:22:06 - [MESSAGE][INFO] - Starting to call Test Case 'Test Cases/Menu/AnaMenuSecimi'

2021-11-18 11:22:07 - [TEST_CASE][PASSED] - Test Cases/Menu/AnaMenuSecimi: Test Cases/Menu/AnaMenuSecimi

2021-11-18 11:22:07 - [TEST_STEP][PASSED] - Method.TextDegerineEsitElementeTikla(findTestObject("Menu/Ana_Menu"), Ana_Menu): Method.TextDegerineEsitElementeTikla is PASSED

2021-11-18 11:22:07 - [MESSAGE][INFO] - Finding Test Object 'Object Repository/Menu/Ana_Menu'

2021-11-18 11:22:07 - [MESSAGE][INFO] - Checking timeout

2021-11-18 11:22:07 - [MESSAGE][INFO] - Finding web element with id: 'Object Repository/Menu/Ana_Menu' located by 'By.xpath: //*[@class = 'dropdown-toggle']' in '10' second(s)

2021-11-18 11:22:07 - [MESSAGE][INFO] - Smart Wait Function is triggered

2021-11-18 11:22:07 - [MESSAGE][INFO] - Found 14 web elements with id: 'Object Repository/Menu/Ana_Menu' located by 'By.xpath: //*[@class = 'dropdown-toggle']' in '10' second(s)

2021-11-18 11:22:07 - [MESSAGE][PASSED] - Method.TextDegerineEsitElementeTikla is PASSED

2021-11-18 11:22:07 - [MESSAGE][PASSED] - Call Test Case 'Test Cases/Menu/AnaMenuSecimi' successfully

2021-11-18 11:22:07 - [MESSAGE][INFO] - Checking called Test Case

2021-11-18 11:22:07 - [MESSAGE][INFO] - Starting to call Test Case 'Test Cases/Menu/BasligaGoreAltMenuSecimi'

2021-11-18 11:22:07 - [TEST_CASE][PASSED] - Test Cases/Menu/BasligaGoreAltMenuSecimi: Test Cases/Menu/BasligaGoreAltMenuSecimi

2021-11-18 11:22:07 - [TEST_STEP][PASSED] - Method.TextDegerineEsitElementinAltindakiTextDegerineEsitOlanaTikla(findTestObject("Menu/Menu_Basligi"), findTestObject("Menu/Basliga_Gore_Alt_Menu"), Baslik, Alt_Menu): Method.TextDegerineEsitElementinAltindakiTextDegerineEsitOlanaTikla is PASSED

2021-11-18 11:22:07 - [MESSAGE][INFO] - Finding Test Object 'Object Repository/Menu/Menu_Basligi'

2021-11-18 11:22:07 - [MESSAGE][INFO] - Finding Test Object 'Object Repository/Menu/Basliga_Gore_Alt_Menu'

2021-11-18 11:22:07 - [MESSAGE][INFO] - Checking timeout

2021-11-18 11:22:07 - [MESSAGE][INFO] - Finding web element with id: 'Object Repository/Menu/Menu_Basligi' located by 'By.xpath: //li[@class='dropdown dropdown-large open']//li[@class='dropdown-header']' in '10' second(s)

2021-11-18 11:22:07 - [MESSAGE][INFO] - Smart Wait Function is triggered

2021-11-18 11:22:08 - [MESSAGE][INFO] - Found 3 web elements with id: 'Object Repository/Menu/Menu_Basligi' located by 'By.xpath: //li[@class='dropdown dropdown-large open']//li[@class='dropdown-header']' in '10' second(s)

2021-11-18 11:22:08 - [MESSAGE][INFO] - Smart Wait Function is triggered

2021-11-18 11:22:09 - [MESSAGE][PASSED] - Method.TextDegerineEsitElementinAltindakiTextDegerineEsitOlanaTikla is PASSED

2021-11-18 11:22:09 - [MESSAGE][PASSED] - Call Test Case 'Test Cases/Menu/BasligaGoreAltMenuSecimi' successfully

2021-11-18 11:22:09 - [MESSAGE][INFO] - Checking called Test Case

2021-11-18 11:22:09 - [MESSAGE][INFO] - Starting to call Test Case 'Test Cases/Filtreler/BaslangicYaz'

2021-11-18 11:22:09 - [TEST_CASE][PASSED] - Test Cases/Filtreler/BaslangicYaz: Test Cases/Filtreler/BaslangicYaz

2021-11-18 11:22:09 - [TEST_STEP][PASSED] - delay(3): Delayed 3 second(s)

2021-11-18 11:22:09 - [MESSAGE][INFO] - Delaying browser in 3 second(s)

2021-11-18 11:22:12 - [MESSAGE][PASSED] - Delayed 3 second(s)

2021-11-18 11:22:12 - [TEST_STEP][PASSED] - Method.TextDegerineEsitElementinAltindakineTikla(findTestObject("Filtreler/Basliklar"), findTestObject("Filtreler/Basliga_Gore_Baslangic_Image"), Filtre_Adi): Method.TextDegerineEsitElementinAltindakineTikla is PASSED

2021-11-18 11:22:12 - [MESSAGE][INFO] - Finding Test Object 'Object Repository/Filtreler/Basliklar'

2021-11-18 11:22:12 - [MESSAGE][INFO] - Finding Test Object 'Object Repository/Filtreler/Basliga_Gore_Baslangic_Image'

2021-11-18 11:22:12 - [MESSAGE][INFO] - Checking timeout

2021-11-18 11:22:12 - [MESSAGE][INFO] - Finding web element with id: 'Object Repository/Filtreler/Basliklar' located by 'By.cssSelector: .control-label.col-sm-4.paddingMarginRLC' in '10' second(s)

2021-11-18 11:22:12 - [MESSAGE][INFO] - Smart Wait Function is triggered

2021-11-18 11:22:12 - [MESSAGE][INFO] - Found 18 web elements with id: 'Object Repository/Filtreler/Basliklar' located by 'By.cssSelector: .control-label.col-sm-4.paddingMarginRLC' in '10' second(s)

2021-11-18 11:22:12 - [MESSAGE][INFO] - Smart Wait Function is triggered

2021-11-18 11:22:13 - [MESSAGE][PASSED] - Method.TextDegerineEsitElementinAltindakineTikla is PASSED

2021-11-18 11:22:13 - [TEST_STEP][PASSED] - Method.TextDegerineEsitElementinAltindakiTextboxtaYaz(findTestObject("Filtreler/Basliklar"), findTestObject("Filtreler/Basliga_Gore_Baslangic"), Filtre_Adi, Filtre_Degeri): Method.TextDegerineEsitElementinAltindakiTextboxtaYaz is PASSED

2021-11-18 11:22:13 - [MESSAGE][INFO] - Finding Test Object 'Object Repository/Filtreler/Basliklar'

2021-11-18 11:22:13 - [MESSAGE][INFO] - Finding Test Object 'Object Repository/Filtreler/Basliga_Gore_Baslangic'

2021-11-18 11:22:13 - [MESSAGE][INFO] - Checking timeout

2021-11-18 11:22:13 - [MESSAGE][INFO] - Finding web element with id: 'Object Repository/Filtreler/Basliklar' located by 'By.cssSelector: .control-label.col-sm-4.paddingMarginRLC' in '10' second(s)

2021-11-18 11:22:13 - [MESSAGE][INFO] - Smart Wait Function is triggered

2021-11-18 11:22:13 - [MESSAGE][INFO] - Found 18 web elements with id: 'Object Repository/Filtreler/Basliklar' located by 'By.cssSelector: .control-label.col-sm-4.paddingMarginRLC' in '10' second(s)

2021-11-18 11:22:13 - [MESSAGE][INFO] - Smart Wait Function is triggered

2021-11-18 11:22:14 - [MESSAGE][PASSED] - Method.TextDegerineEsitElementinAltindakiTextboxtaYaz is PASSED

2021-11-18 11:22:14 - [MESSAGE][PASSED] - Call Test Case 'Test Cases/Filtreler/BaslangicYaz' successfully

2021-11-18 11:22:14 - [MESSAGE][INFO] - Checking called Test Case

2021-11-18 11:22:14 - [MESSAGE][INFO] - Starting to call Test Case 'Test Cases/Filtreler/BitisYaz'

2021-11-18 11:22:14 - [TEST_CASE][PASSED] - Test Cases/Filtreler/BitisYaz: Test Cases/Filtreler/BitisYaz

2021-11-18 11:22:14 - [TEST_STEP][PASSED] - Method.TextDegerineEsitElementinAltindakineTikla(findTestObject("Filtreler/Basliklar"), findTestObject("Filtreler/Basliga_Gore_Bitis_Image"), Filtre_Adi): Method.TextDegerineEsitElementinAltindakineTikla is PASSED

2021-11-18 11:22:14 - [MESSAGE][INFO] - Finding Test Object 'Object Repository/Filtreler/Basliklar'

2021-11-18 11:22:14 - [MESSAGE][INFO] - Finding Test Object 'Object Repository/Filtreler/Basliga_Gore_Bitis_Image'

2021-11-18 11:22:14 - [MESSAGE][INFO] - Checking timeout

2021-11-18 11:22:14 - [MESSAGE][INFO] - Finding web element with id: 'Object Repository/Filtreler/Basliklar' located by 'By.cssSelector: .control-label.col-sm-4.paddingMarginRLC' in '10' second(s)

2021-11-18 11:22:14 - [MESSAGE][INFO] - Smart Wait Function is triggered

2021-11-18 11:22:14 - [MESSAGE][INFO] - Found 18 web elements with id: 'Object Repository/Filtreler/Basliklar' located by 'By.cssSelector: .control-label.col-sm-4.paddingMarginRLC' in '10' second(s)

2021-11-18 11:22:14 - [MESSAGE][INFO] - Smart Wait Function is triggered

2021-11-18 11:22:15 - [MESSAGE][PASSED] - Method.TextDegerineEsitElementinAltindakineTikla is PASSED

2021-11-18 11:22:15 - [TEST_STEP][PASSED] - Method.TextDegerineEsitElementinAltindakiTextboxtaYaz(findTestObject("Filtreler/Basliklar"), findTestObject("Object Repository/Filtreler/Basliga_Gore_Bitis"), Filtre_Adi, Filtre_Degeri): Method.TextDegerineEsitElementinAltindakiTextboxtaYaz is PASSED

2021-11-18 11:22:15 - [MESSAGE][INFO] - Finding Test Object 'Object Repository/Filtreler/Basliklar'

2021-11-18 11:22:15 - [MESSAGE][INFO] - Finding Test Object 'Object Repository/Filtreler/Basliga_Gore_Bitis'

2021-11-18 11:22:15 - [MESSAGE][INFO] - Checking timeout

2021-11-18 11:22:15 - [MESSAGE][INFO] - Finding web element with id: 'Object Repository/Filtreler/Basliklar' located by 'By.cssSelector: .control-label.col-sm-4.paddingMarginRLC' in '10' second(s)

2021-11-18 11:22:15 - [MESSAGE][INFO] - Smart Wait Function is triggered

2021-11-18 11:22:15 - [MESSAGE][INFO] - Found 18 web elements with id: 'Object Repository/Filtreler/Basliklar' located by 'By.cssSelector: .control-label.col-sm-4.paddingMarginRLC' in '10' second(s)

2021-11-18 11:22:15 - [MESSAGE][INFO] - Smart Wait Function is triggered

2021-11-18 11:22:16 - [MESSAGE][PASSED] - Method.TextDegerineEsitElementinAltindakiTextboxtaYaz is PASSED

2021-11-18 11:22:16 - [MESSAGE][PASSED] - Call Test Case 'Test Cases/Filtreler/BitisYaz' successfully

2021-11-18 11:22:16 - [MESSAGE][INFO] - Checking called Test Case

2021-11-18 11:22:16 - [MESSAGE][INFO] - Starting to call Test Case 'Test Cases/Filtreler/TexboxaYaz'

2021-11-18 11:22:16 - [TEST_CASE][PASSED] - Test Cases/Filtreler/TexboxaYaz: Test Cases/Filtreler/TexboxaYaz

2021-11-18 11:22:16 - [TEST_STEP][PASSED] - Method.TextDegerineEsitElementinAltindakiTextboxtaYaz(findTestObject("Filtreler/Basliklar"), findTestObject("Filtreler/Basliga_Gore_Textbox"), Filtre_Adi, Filtre_Degeri): Method.TextDegerineEsitElementinAltindakiTextboxtaYaz is PASSED

2021-11-18 11:22:16 - [MESSAGE][INFO] - Finding Test Object 'Object Repository/Filtreler/Basliklar'

2021-11-18 11:22:17 - [MESSAGE][INFO] - Finding Test Object 'Object Repository/Filtreler/Basliga_Gore_Textbox'

2021-11-18 11:22:17 - [MESSAGE][INFO] - Checking timeout

2021-11-18 11:22:17 - [MESSAGE][INFO] - Finding web element with id: 'Object Repository/Filtreler/Basliklar' located by 'By.cssSelector: .control-label.col-sm-4.paddingMarginRLC' in '10' second(s)

2021-11-18 11:22:17 - [MESSAGE][INFO] - Smart Wait Function is triggered

2021-11-18 11:22:17 - [MESSAGE][INFO] - Found 18 web elements with id: 'Object Repository/Filtreler/Basliklar' located by 'By.cssSelector: .control-label.col-sm-4.paddingMarginRLC' in '10' second(s)

2021-11-18 11:22:17 - [MESSAGE][INFO] - Smart Wait Function is triggered

2021-11-18 11:22:18 - [MESSAGE][PASSED] - Method.TextDegerineEsitElementinAltindakiTextboxtaYaz is PASSED

2021-11-18 11:22:18 - [MESSAGE][PASSED] - Call Test Case 'Test Cases/Filtreler/TexboxaYaz' successfully

2021-11-18 11:22:18 - [MESSAGE][INFO] - Checking called Test Case

2021-11-18 11:22:18 - [MESSAGE][INFO] - Starting to call Test Case 'Test Cases/Filtreler/ButonaTikla'

2021-11-18 11:22:18 - [TEST_CASE][PASSED] - Test Cases/Filtreler/ButonaTikla: Test Cases/Filtreler/ButonaTikla

2021-11-18 11:22:18 - [TEST_STEP][PASSED] - Method.TextDegerineEsitElementeTikla(findTestObject("Filtreler/Butonlar"), Filtre_Buton): Method.TextDegerineEsitElementeTikla is PASSED

2021-11-18 11:22:18 - [MESSAGE][INFO] - Finding Test Object 'Object Repository/Filtreler/Butonlar'

2021-11-18 11:22:18 - [MESSAGE][INFO] - Checking timeout

2021-11-18 11:22:18 - [MESSAGE][INFO] - Finding web element with id: 'Object Repository/Filtreler/Butonlar' located by 'By.cssSelector: .dxb>span' in '10' second(s)

2021-11-18 11:22:18 - [MESSAGE][INFO] - Smart Wait Function is triggered

2021-11-18 11:22:18 - [MESSAGE][INFO] - Found 3 web elements with id: 'Object Repository/Filtreler/Butonlar' located by 'By.cssSelector: .dxb>span' in '10' second(s)

2021-11-18 11:22:18 - [MESSAGE][PASSED] - Method.TextDegerineEsitElementeTikla is PASSED

2021-11-18 11:22:18 - [MESSAGE][PASSED] - Call Test Case 'Test Cases/Filtreler/ButonaTikla' successfully

2021-11-18 11:22:18 - [MESSAGE][INFO] - Checking called Test Case

2021-11-18 11:22:18 - [MESSAGE][INFO] - Starting to call Test Case 'Test Cases/Tablo/TablodaVeriVarMi'

2021-11-18 11:22:18 - [TEST_CASE][PASSED] - Test Cases/Tablo/TablodaVeriVarMi: Test Cases/Tablo/TablodaVeriVarMi

2021-11-18 11:22:18 - [TEST_STEP][PASSED] - verifyTextNotPresent("Görüntülenecek veri yok", true): Text 'Görüntülenecek veri yok' is not present on page using regular expression

2021-11-18 11:22:18 - [MESSAGE][INFO] - Checking text present  using regular expression

2021-11-18 11:22:18 - [MESSAGE][INFO] - Smart Wait Function is triggered

2021-11-18 11:22:19 - [MESSAGE][INFO] - Finding text 'Görüntülenecek veri yok' on page  using regular expression

2021-11-18 11:22:19 - [MESSAGE][PASSED] - Text 'Görüntülenecek veri yok' is not present on page using regular expression

2021-11-18 11:22:19 - [MESSAGE][PASSED] - Call Test Case 'Test Cases/Tablo/TablodaVeriVarMi' successfully

2021-11-18 11:22:19 - [MESSAGE][INFO] - Checking called Test Case

2021-11-18 11:22:19 - [MESSAGE][INFO] - Starting to call Test Case 'Test Cases/Filtreler/TexboxaYaz'

2021-11-18 11:22:20 - [TEST_CASE][PASSED] - Test Cases/Filtreler/TexboxaYaz: Test Cases/Filtreler/TexboxaYaz

2021-11-18 11:22:20 - [TEST_STEP][PASSED] - Method.TextDegerineEsitElementinAltindakiTextboxtaYaz(findTestObject("Filtreler/Basliklar"), findTestObject("Filtreler/Basliga_Gore_Textbox"), Filtre_Adi, Filtre_Degeri): Method.TextDegerineEsitElementinAltindakiTextboxtaYaz is PASSED

2021-11-18 11:22:20 - [MESSAGE][INFO] - Finding Test Object 'Object Repository/Filtreler/Basliklar'

2021-11-18 11:22:20 - [MESSAGE][INFO] - Finding Test Object 'Object Repository/Filtreler/Basliga_Gore_Textbox'

2021-11-18 11:22:20 - [MESSAGE][INFO] - Checking timeout

2021-11-18 11:22:20 - [MESSAGE][INFO] - Finding web element with id: 'Object Repository/Filtreler/Basliklar' located by 'By.cssSelector: .control-label.col-sm-4.paddingMarginRLC' in '10' second(s)

2021-11-18 11:22:20 - [MESSAGE][INFO] - Smart Wait Function is triggered

2021-11-18 11:22:20 - [MESSAGE][INFO] - Found 18 web elements with id: 'Object Repository/Filtreler/Basliklar' located by 'By.cssSelector: .control-label.col-sm-4.paddingMarginRLC' in '10' second(s)

2021-11-18 11:22:20 - [MESSAGE][INFO] - Smart Wait Function is triggered

2021-11-18 11:22:21 - [MESSAGE][PASSED] - Method.TextDegerineEsitElementinAltindakiTextboxtaYaz is PASSED

2021-11-18 11:22:21 - [MESSAGE][PASSED] - Call Test Case 'Test Cases/Filtreler/TexboxaYaz' successfully

2021-11-18 11:22:21 - [MESSAGE][INFO] - Checking called Test Case

2021-11-18 11:22:21 - [MESSAGE][INFO] - Starting to call Test Case 'Test Cases/Filtreler/ButonaTikla'

2021-11-18 11:22:21 - [TEST_CASE][PASSED] - Test Cases/Filtreler/ButonaTikla: Test Cases/Filtreler/ButonaTikla

2021-11-18 11:22:21 - [TEST_STEP][PASSED] - Method.TextDegerineEsitElementeTikla(findTestObject("Filtreler/Butonlar"), Filtre_Buton): Method.TextDegerineEsitElementeTikla is PASSED

2021-11-18 11:22:21 - [MESSAGE][INFO] - Finding Test Object 'Object Repository/Filtreler/Butonlar'

2021-11-18 11:22:21 - [MESSAGE][INFO] - Checking timeout

2021-11-18 11:22:21 - [MESSAGE][INFO] - Finding web element with id: 'Object Repository/Filtreler/Butonlar' located by 'By.cssSelector: .dxb>span' in '10' second(s)

2021-11-18 11:22:21 - [MESSAGE][INFO] - Smart Wait Function is triggered

2021-11-18 11:22:21 - [MESSAGE][INFO] - Found 3 web elements with id: 'Object Repository/Filtreler/Butonlar' located by 'By.cssSelector: .dxb>span' in '10' second(s)

2021-11-18 11:22:21 - [MESSAGE][PASSED] - Method.TextDegerineEsitElementeTikla is PASSED

2021-11-18 11:22:21 - [MESSAGE][PASSED] - Call Test Case 'Test Cases/Filtreler/ButonaTikla' successfully

2021-11-18 11:22:21 - [MESSAGE][INFO] - Checking called Test Case

2021-11-18 11:22:21 - [MESSAGE][INFO] - Starting to call Test Case 'Test Cases/Tablo/TablodaVeriVarMi'

2021-11-18 11:22:21 - [TEST_CASE][PASSED] - Test Cases/Tablo/TablodaVeriVarMi: Test Cases/Tablo/TablodaVeriVarMi

2021-11-18 11:22:21 - [TEST_STEP][PASSED] - verifyTextNotPresent("Görüntülenecek veri yok", true): Text 'Görüntülenecek veri yok' is not present on page using regular expression

2021-11-18 11:22:21 - [MESSAGE][INFO] - Checking text present  using regular expression

2021-11-18 11:22:21 - [MESSAGE][INFO] - Smart Wait Function is triggered

2021-11-18 11:22:22 - [MESSAGE][INFO] - Finding text 'Görüntülenecek veri yok' on page  using regular expression

2021-11-18 11:22:22 - [MESSAGE][PASSED] - Text 'Görüntülenecek veri yok' is not present on page using regular expression

2021-11-18 11:22:22 - [MESSAGE][PASSED] - Call Test Case 'Test Cases/Tablo/TablodaVeriVarMi' successfully

2021-11-18 11:22:22 - [MESSAGE][INFO] - Checking called Test Case

2021-11-18 11:22:22 - [MESSAGE][INFO] - Starting to call Test Case 'Test Cases/Filtreler/TexboxaYaz'

2021-11-18 11:22:22 - [TEST_CASE][PASSED] - Test Cases/Filtreler/TexboxaYaz: Test Cases/Filtreler/TexboxaYaz

2021-11-18 11:22:22 - [TEST_STEP][PASSED] - Method.TextDegerineEsitElementinAltindakiTextboxtaYaz(findTestObject("Filtreler/Basliklar"), findTestObject("Filtreler/Basliga_Gore_Textbox"), Filtre_Adi, Filtre_Degeri): Method.TextDegerineEsitElementinAltindakiTextboxtaYaz is PASSED

2021-11-18 11:22:22 - [MESSAGE][INFO] - Finding Test Object 'Object Repository/Filtreler/Basliklar'

2021-11-18 11:22:22 - [MESSAGE][INFO] - Finding Test Object 'Object Repository/Filtreler/Basliga_Gore_Textbox'

2021-11-18 11:22:22 - [MESSAGE][INFO] - Checking timeout

2021-11-18 11:22:22 - [MESSAGE][INFO] - Finding web element with id: 'Object Repository/Filtreler/Basliklar' located by 'By.cssSelector: .control-label.col-sm-4.paddingMarginRLC' in '10' second(s)

2021-11-18 11:22:22 - [MESSAGE][INFO] - Smart Wait Function is triggered

2021-11-18 11:22:23 - [MESSAGE][INFO] - Found 18 web elements with id: 'Object Repository/Filtreler/Basliklar' located by 'By.cssSelector: .control-label.col-sm-4.paddingMarginRLC' in '10' second(s)

2021-11-18 11:22:23 - [MESSAGE][INFO] - Smart Wait Function is triggered

2021-11-18 11:22:23 - [MESSAGE][PASSED] - Method.TextDegerineEsitElementinAltindakiTextboxtaYaz is PASSED

2021-11-18 11:22:23 - [MESSAGE][PASSED] - Call Test Case 'Test Cases/Filtreler/TexboxaYaz' successfully

2021-11-18 11:22:23 - [MESSAGE][INFO] - Checking called Test Case

2021-11-18 11:22:23 - [MESSAGE][INFO] - Starting to call Test Case 'Test Cases/Filtreler/ButonaTikla'

2021-11-18 11:22:23 - [TEST_CASE][PASSED] - Test Cases/Filtreler/ButonaTikla: Test Cases/Filtreler/ButonaTikla

2021-11-18 11:22:23 - [TEST_STEP][PASSED] - Method.TextDegerineEsitElementeTikla(findTestObject("Filtreler/Butonlar"), Filtre_Buton): Method.TextDegerineEsitElementeTikla is PASSED

2021-11-18 11:22:23 - [MESSAGE][INFO] - Finding Test Object 'Object Repository/Filtreler/Butonlar'

2021-11-18 11:22:23 - [MESSAGE][INFO] - Checking timeout

2021-11-18 11:22:23 - [MESSAGE][INFO] - Finding web element with id: 'Object Repository/Filtreler/Butonlar' located by 'By.cssSelector: .dxb>span' in '10' second(s)

2021-11-18 11:22:23 - [MESSAGE][INFO] - Smart Wait Function is triggered

2021-11-18 11:22:24 - [MESSAGE][INFO] - Found 3 web elements with id: 'Object Repository/Filtreler/Butonlar' located by 'By.cssSelector: .dxb>span' in '10' second(s)

2021-11-18 11:22:24 - [MESSAGE][PASSED] - Method.TextDegerineEsitElementeTikla is PASSED

2021-11-18 11:22:24 - [MESSAGE][PASSED] - Call Test Case 'Test Cases/Filtreler/ButonaTikla' successfully

2021-11-18 11:22:24 - [MESSAGE][INFO] - Checking called Test Case

2021-11-18 11:22:24 - [MESSAGE][INFO] - Starting to call Test Case 'Test Cases/Tablo/TablodaVeriVarMi'

2021-11-18 11:22:24 - [TEST_CASE][PASSED] - Test Cases/Tablo/TablodaVeriVarMi: Test Cases/Tablo/TablodaVeriVarMi

2021-11-18 11:22:24 - [TEST_STEP][PASSED] - verifyTextNotPresent("Görüntülenecek veri yok", true): Text 'Görüntülenecek veri yok' is not present on page using regular expression

2021-11-18 11:22:24 - [MESSAGE][INFO] - Checking text present  using regular expression

2021-11-18 11:22:24 - [MESSAGE][INFO] - Smart Wait Function is triggered

2021-11-18 11:22:25 - [MESSAGE][INFO] - Finding text 'Görüntülenecek veri yok' on page  using regular expression

2021-11-18 11:22:25 - [MESSAGE][PASSED] - Text 'Görüntülenecek veri yok' is not present on page using regular expression

2021-11-18 11:22:25 - [MESSAGE][PASSED] - Call Test Case 'Test Cases/Tablo/TablodaVeriVarMi' successfully

2021-11-18 11:22:25 - [MESSAGE][INFO] - Checking called Test Case

2021-11-18 11:22:25 - [MESSAGE][INFO] - Starting to call Test Case 'Test Cases/Filtreler/TexboxaYaz'

2021-11-18 11:22:25 - [TEST_CASE][PASSED] - Test Cases/Filtreler/TexboxaYaz: Test Cases/Filtreler/TexboxaYaz

2021-11-18 11:22:25 - [TEST_STEP][PASSED] - Method.TextDegerineEsitElementinAltindakiTextboxtaYaz(findTestObject("Filtreler/Basliklar"), findTestObject("Filtreler/Basliga_Gore_Textbox"), Filtre_Adi, Filtre_Degeri): Method.TextDegerineEsitElementinAltindakiTextboxtaYaz is PASSED

2021-11-18 11:22:25 - [MESSAGE][INFO] - Finding Test Object 'Object Repository/Filtreler/Basliklar'

2021-11-18 11:22:25 - [MESSAGE][INFO] - Finding Test Object 'Object Repository/Filtreler/Basliga_Gore_Textbox'

2021-11-18 11:22:25 - [MESSAGE][INFO] - Checking timeout

2021-11-18 11:22:25 - [MESSAGE][INFO] - Finding web element with id: 'Object Repository/Filtreler/Basliklar' located by 'By.cssSelector: .control-label.col-sm-4.paddingMarginRLC' in '10' second(s)

2021-11-18 11:22:25 - [MESSAGE][INFO] - Smart Wait Function is triggered

2021-11-18 11:22:26 - [MESSAGE][INFO] - Found 18 web elements with id: 'Object Repository/Filtreler/Basliklar' located by 'By.cssSelector: .control-label.col-sm-4.paddingMarginRLC' in '10' second(s)

2021-11-18 11:22:26 - [MESSAGE][INFO] - Smart Wait Function is triggered

2021-11-18 11:22:26 - [MESSAGE][PASSED] - Method.TextDegerineEsitElementinAltindakiTextboxtaYaz is PASSED

2021-11-18 11:22:26 - [MESSAGE][PASSED] - Call Test Case 'Test Cases/Filtreler/TexboxaYaz' successfully

2021-11-18 11:22:26 - [MESSAGE][INFO] - Checking called Test Case

2021-11-18 11:22:26 - [MESSAGE][INFO] - Starting to call Test Case 'Test Cases/Filtreler/ButonaTikla'

2021-11-18 11:22:26 - [TEST_CASE][PASSED] - Test Cases/Filtreler/ButonaTikla: Test Cases/Filtreler/ButonaTikla

2021-11-18 11:22:26 - [TEST_STEP][PASSED] - Method.TextDegerineEsitElementeTikla(findTestObject("Filtreler/Butonlar"), Filtre_Buton): Method.TextDegerineEsitElementeTikla is PASSED

2021-11-18 11:22:26 - [MESSAGE][INFO] - Finding Test Object 'Object Repository/Filtreler/Butonlar'

2021-11-18 11:22:27 - [MESSAGE][INFO] - Checking timeout

2021-11-18 11:22:27 - [MESSAGE][INFO] - Finding web element with id: 'Object Repository/Filtreler/Butonlar' located by 'By.cssSelector: .dxb>span' in '10' second(s)

2021-11-18 11:22:27 - [MESSAGE][INFO] - Smart Wait Function is triggered

2021-11-18 11:22:27 - [MESSAGE][INFO] - Found 3 web elements with id: 'Object Repository/Filtreler/Butonlar' located by 'By.cssSelector: .dxb>span' in '10' second(s)

2021-11-18 11:22:27 - [MESSAGE][PASSED] - Method.TextDegerineEsitElementeTikla is PASSED

2021-11-18 11:22:27 - [MESSAGE][PASSED] - Call Test Case 'Test Cases/Filtreler/ButonaTikla' successfully

2021-11-18 11:22:27 - [MESSAGE][INFO] - Checking called Test Case

2021-11-18 11:22:27 - [MESSAGE][INFO] - Starting to call Test Case 'Test Cases/Tablo/TablodaVeriVarMi'

2021-11-18 11:22:27 - [TEST_CASE][PASSED] - Test Cases/Tablo/TablodaVeriVarMi: Test Cases/Tablo/TablodaVeriVarMi

2021-11-18 11:22:27 - [TEST_STEP][PASSED] - verifyTextNotPresent("Görüntülenecek veri yok", true): Text 'Görüntülenecek veri yok' is not present on page using regular expression

2021-11-18 11:22:27 - [MESSAGE][INFO] - Checking text present  using regular expression

2021-11-18 11:22:27 - [MESSAGE][INFO] - Smart Wait Function is triggered

2021-11-18 11:22:28 - [MESSAGE][INFO] - Finding text 'Görüntülenecek veri yok' on page  using regular expression

2021-11-18 11:22:28 - [MESSAGE][PASSED] - Text 'Görüntülenecek veri yok' is not present on page using regular expression

2021-11-18 11:22:28 - [MESSAGE][PASSED] - Call Test Case 'Test Cases/Tablo/TablodaVeriVarMi' successfully

2021-11-18 11:22:28 - [MESSAGE][INFO] - Checking called Test Case

2021-11-18 11:22:28 - [MESSAGE][INFO] - Starting to call Test Case 'Test Cases/Filtreler/TexboxaYaz'

2021-11-18 11:22:28 - [TEST_CASE][PASSED] - Test Cases/Filtreler/TexboxaYaz: Test Cases/Filtreler/TexboxaYaz

2021-11-18 11:22:28 - [TEST_STEP][PASSED] - Method.TextDegerineEsitElementinAltindakiTextboxtaYaz(findTestObject("Filtreler/Basliklar"), findTestObject("Filtreler/Basliga_Gore_Textbox"), Filtre_Adi, Filtre_Degeri): Method.TextDegerineEsitElementinAltindakiTextboxtaYaz is PASSED

2021-11-18 11:22:28 - [MESSAGE][INFO] - Finding Test Object 'Object Repository/Filtreler/Basliklar'

2021-11-18 11:22:28 - [MESSAGE][INFO] - Finding Test Object 'Object Repository/Filtreler/Basliga_Gore_Textbox'

2021-11-18 11:22:28 - [MESSAGE][INFO] - Checking timeout

2021-11-18 11:22:28 - [MESSAGE][INFO] - Finding web element with id: 'Object Repository/Filtreler/Basliklar' located by 'By.cssSelector: .control-label.col-sm-4.paddingMarginRLC' in '10' second(s)

2021-11-18 11:22:28 - [MESSAGE][INFO] - Smart Wait Function is triggered

2021-11-18 11:22:29 - [MESSAGE][INFO] - Found 18 web elements with id: 'Object Repository/Filtreler/Basliklar' located by 'By.cssSelector: .control-label.col-sm-4.paddingMarginRLC' in '10' second(s)

2021-11-18 11:22:29 - [MESSAGE][INFO] - Smart Wait Function is triggered

2021-11-18 11:22:29 - [MESSAGE][PASSED] - Method.TextDegerineEsitElementinAltindakiTextboxtaYaz is PASSED

2021-11-18 11:22:29 - [MESSAGE][PASSED] - Call Test Case 'Test Cases/Filtreler/TexboxaYaz' successfully

2021-11-18 11:22:29 - [MESSAGE][INFO] - Checking called Test Case

2021-11-18 11:22:29 - [MESSAGE][INFO] - Starting to call Test Case 'Test Cases/Filtreler/ButonaTikla'

2021-11-18 11:22:29 - [TEST_CASE][PASSED] - Test Cases/Filtreler/ButonaTikla: Test Cases/Filtreler/ButonaTikla

2021-11-18 11:22:29 - [TEST_STEP][PASSED] - Method.TextDegerineEsitElementeTikla(findTestObject("Filtreler/Butonlar"), Filtre_Buton): Method.TextDegerineEsitElementeTikla is PASSED

2021-11-18 11:22:29 - [MESSAGE][INFO] - Finding Test Object 'Object Repository/Filtreler/Butonlar'

2021-11-18 11:22:29 - [MESSAGE][INFO] - Checking timeout

2021-11-18 11:22:29 - [MESSAGE][INFO] - Finding web element with id: 'Object Repository/Filtreler/Butonlar' located by 'By.cssSelector: .dxb>span' in '10' second(s)

2021-11-18 11:22:29 - [MESSAGE][INFO] - Smart Wait Function is triggered

2021-11-18 11:22:30 - [MESSAGE][INFO] - Found 3 web elements with id: 'Object Repository/Filtreler/Butonlar' located by 'By.cssSelector: .dxb>span' in '10' second(s)

2021-11-18 11:22:30 - [MESSAGE][PASSED] - Method.TextDegerineEsitElementeTikla is PASSED

2021-11-18 11:22:30 - [MESSAGE][PASSED] - Call Test Case 'Test Cases/Filtreler/ButonaTikla' successfully

2021-11-18 11:22:30 - [MESSAGE][INFO] - Checking called Test Case

2021-11-18 11:22:30 - [MESSAGE][INFO] - Starting to call Test Case 'Test Cases/Tablo/TablodaVeriVarMi'

2021-11-18 11:22:30 - [TEST_CASE][PASSED] - Test Cases/Tablo/TablodaVeriVarMi: Test Cases/Tablo/TablodaVeriVarMi

2021-11-18 11:22:30 - [TEST_STEP][PASSED] - verifyTextNotPresent("Görüntülenecek veri yok", true): Text 'Görüntülenecek veri yok' is not present on page using regular expression

2021-11-18 11:22:30 - [MESSAGE][INFO] - Checking text present  using regular expression

2021-11-18 11:22:30 - [MESSAGE][INFO] - Smart Wait Function is triggered

2021-11-18 11:22:31 - [MESSAGE][INFO] - Finding text 'Görüntülenecek veri yok' on page  using regular expression

2021-11-18 11:22:31 - [MESSAGE][PASSED] - Text 'Görüntülenecek veri yok' is not present on page using regular expression

2021-11-18 11:22:31 - [MESSAGE][PASSED] - Call Test Case 'Test Cases/Tablo/TablodaVeriVarMi' successfully

2021-11-18 11:22:31 - [MESSAGE][INFO] - Checking called Test Case

2021-11-18 11:22:31 - [MESSAGE][INFO] - Starting to call Test Case 'Test Cases/Filtreler/filtreIcerigiSil'

2021-11-18 11:22:31 - [TEST_CASE][PASSED] - Test Cases/Filtreler/filtreIcerigiSil: Test Cases/Filtreler/filtreIcerigiSil

2021-11-18 11:22:31 - [TEST_STEP][PASSED] - Method.TextDegerineEsitElementinAltindakiTextboxtaYaz(findTestObject("Filtreler/Basliklar"), findTestObject("Filtreler/Basliga_Gore_Textbox"), Filtre_Adi, Keys.chord(CONTROL, Keys.chord("a"), BACK_SPACE)): Method.TextDegerineEsitElementinAltindakiTextboxtaYaz is PASSED

2021-11-18 11:22:31 - [MESSAGE][INFO] - Finding Test Object 'Object Repository/Filtreler/Basliklar'

2021-11-18 11:22:32 - [MESSAGE][INFO] - Finding Test Object 'Object Repository/Filtreler/Basliga_Gore_Textbox'

2021-11-18 11:22:32 - [MESSAGE][INFO] - Checking timeout

2021-11-18 11:22:32 - [MESSAGE][INFO] - Finding web element with id: 'Object Repository/Filtreler/Basliklar' located by 'By.cssSelector: .control-label.col-sm-4.paddingMarginRLC' in '10' second(s)

2021-11-18 11:22:32 - [MESSAGE][INFO] - Smart Wait Function is triggered

2021-11-18 11:22:32 - [MESSAGE][INFO] - Found 18 web elements with id: 'Object Repository/Filtreler/Basliklar' located by 'By.cssSelector: .control-label.col-sm-4.paddingMarginRLC' in '10' second(s)

2021-11-18 11:22:32 - [MESSAGE][INFO] - Smart Wait Function is triggered

2021-11-18 11:22:32 - [MESSAGE][PASSED] - Method.TextDegerineEsitElementinAltindakiTextboxtaYaz is PASSED

2021-11-18 11:22:32 - [MESSAGE][PASSED] - Call Test Case 'Test Cases/Filtreler/filtreIcerigiSil' successfully

2021-11-18 11:22:32 - [MESSAGE][INFO] - Checking called Test Case

2021-11-18 11:22:32 - [MESSAGE][INFO] - Starting to call Test Case 'Test Cases/Filtreler/TexboxaYaz'

2021-11-18 11:22:32 - [TEST_CASE][PASSED] - Test Cases/Filtreler/TexboxaYaz: Test Cases/Filtreler/TexboxaYaz

2021-11-18 11:22:32 - [TEST_STEP][PASSED] - Method.TextDegerineEsitElementinAltindakiTextboxtaYaz(findTestObject("Filtreler/Basliklar"), findTestObject("Filtreler/Basliga_Gore_Textbox"), Filtre_Adi, Filtre_Degeri): Method.TextDegerineEsitElementinAltindakiTextboxtaYaz is PASSED

2021-11-18 11:22:32 - [MESSAGE][INFO] - Finding Test Object 'Object Repository/Filtreler/Basliklar'

2021-11-18 11:22:33 - [MESSAGE][INFO] - Finding Test Object 'Object Repository/Filtreler/Basliga_Gore_Textbox'

2021-11-18 11:22:33 - [MESSAGE][INFO] - Checking timeout

2021-11-18 11:22:33 - [MESSAGE][INFO] - Finding web element with id: 'Object Repository/Filtreler/Basliklar' located by 'By.cssSelector: .control-label.col-sm-4.paddingMarginRLC' in '10' second(s)

2021-11-18 11:22:33 - [MESSAGE][INFO] - Smart Wait Function is triggered

2021-11-18 11:22:33 - [MESSAGE][INFO] - Found 18 web elements with id: 'Object Repository/Filtreler/Basliklar' located by 'By.cssSelector: .control-label.col-sm-4.paddingMarginRLC' in '10' second(s)

2021-11-18 11:22:33 - [MESSAGE][INFO] - Smart Wait Function is triggered

2021-11-18 11:22:33 - [MESSAGE][PASSED] - Method.TextDegerineEsitElementinAltindakiTextboxtaYaz is PASSED

2021-11-18 11:22:33 - [MESSAGE][PASSED] - Call Test Case 'Test Cases/Filtreler/TexboxaYaz' successfully

2021-11-18 11:22:33 - [MESSAGE][INFO] - Checking called Test Case

2021-11-18 11:22:33 - [MESSAGE][INFO] - Starting to call Test Case 'Test Cases/Filtreler/ButonaTikla'

2021-11-18 11:22:33 - [TEST_CASE][PASSED] - Test Cases/Filtreler/ButonaTikla: Test Cases/Filtreler/ButonaTikla

2021-11-18 11:22:33 - [TEST_STEP][PASSED] - Method.TextDegerineEsitElementeTikla(findTestObject("Filtreler/Butonlar"), Filtre_Buton): Method.TextDegerineEsitElementeTikla is PASSED

2021-11-18 11:22:33 - [MESSAGE][INFO] - Finding Test Object 'Object Repository/Filtreler/Butonlar'

2021-11-18 11:22:34 - [MESSAGE][INFO] - Checking timeout

2021-11-18 11:22:34 - [MESSAGE][INFO] - Finding web element with id: 'Object Repository/Filtreler/Butonlar' located by 'By.cssSelector: .dxb>span' in '10' second(s)

2021-11-18 11:22:34 - [MESSAGE][INFO] - Smart Wait Function is triggered

2021-11-18 11:22:34 - [MESSAGE][INFO] - Found 3 web elements with id: 'Object Repository/Filtreler/Butonlar' located by 'By.cssSelector: .dxb>span' in '10' second(s)

2021-11-18 11:22:34 - [MESSAGE][PASSED] - Method.TextDegerineEsitElementeTikla is PASSED

2021-11-18 11:22:34 - [MESSAGE][PASSED] - Call Test Case 'Test Cases/Filtreler/ButonaTikla' successfully

2021-11-18 11:22:34 - [MESSAGE][INFO] - Checking called Test Case

2021-11-18 11:22:34 - [MESSAGE][INFO] - Starting to call Test Case 'Test Cases/Tablo/TablodaVeriVarMi'

2021-11-18 11:22:34 - [TEST_CASE][PASSED] - Test Cases/Tablo/TablodaVeriVarMi: Test Cases/Tablo/TablodaVeriVarMi

2021-11-18 11:22:34 - [TEST_STEP][PASSED] - verifyTextNotPresent("Görüntülenecek veri yok", true): Text 'Görüntülenecek veri yok' is not present on page using regular expression

2021-11-18 11:22:34 - [MESSAGE][INFO] - Checking text present  using regular expression

2021-11-18 11:22:34 - [MESSAGE][INFO] - Smart Wait Function is triggered

2021-11-18 11:22:35 - [MESSAGE][INFO] - Finding text 'Görüntülenecek veri yok' on page  using regular expression

2021-11-18 11:22:35 - [MESSAGE][PASSED] - Text 'Görüntülenecek veri yok' is not present on page using regular expression

2021-11-18 11:22:35 - [MESSAGE][PASSED] - Call Test Case 'Test Cases/Tablo/TablodaVeriVarMi' successfully

2021-11-18 11:22:35 - [MESSAGE][INFO] - Checking called Test Case

2021-11-18 11:22:35 - [MESSAGE][INFO] - Starting to call Test Case 'Test Cases/Filtreler/TexboxaYaz'

2021-11-18 11:22:35 - [TEST_CASE][PASSED] - Test Cases/Filtreler/TexboxaYaz: Test Cases/Filtreler/TexboxaYaz

2021-11-18 11:22:35 - [TEST_STEP][PASSED] - Method.TextDegerineEsitElementinAltindakiTextboxtaYaz(findTestObject("Filtreler/Basliklar"), findTestObject("Filtreler/Basliga_Gore_Textbox"), Filtre_Adi, Filtre_Degeri): Method.TextDegerineEsitElementinAltindakiTextboxtaYaz is PASSED

2021-11-18 11:22:35 - [MESSAGE][INFO] - Finding Test Object 'Object Repository/Filtreler/Basliklar'

2021-11-18 11:22:35 - [MESSAGE][INFO] - Finding Test Object 'Object Repository/Filtreler/Basliga_Gore_Textbox'

2021-11-18 11:22:35 - [MESSAGE][INFO] - Checking timeout

2021-11-18 11:22:35 - [MESSAGE][INFO] - Finding web element with id: 'Object Repository/Filtreler/Basliklar' located by 'By.cssSelector: .control-label.col-sm-4.paddingMarginRLC' in '10' second(s)

2021-11-18 11:22:35 - [MESSAGE][INFO] - Smart Wait Function is triggered

2021-11-18 11:22:35 - [MESSAGE][INFO] - Found 18 web elements with id: 'Object Repository/Filtreler/Basliklar' located by 'By.cssSelector: .control-label.col-sm-4.paddingMarginRLC' in '10' second(s)

2021-11-18 11:22:35 - [MESSAGE][INFO] - Smart Wait Function is triggered

2021-11-18 11:22:36 - [MESSAGE][PASSED] - Method.TextDegerineEsitElementinAltindakiTextboxtaYaz is PASSED

2021-11-18 11:22:36 - [MESSAGE][PASSED] - Call Test Case 'Test Cases/Filtreler/TexboxaYaz' successfully

2021-11-18 11:22:36 - [MESSAGE][INFO] - Checking called Test Case

2021-11-18 11:22:36 - [MESSAGE][INFO] - Starting to call Test Case 'Test Cases/Filtreler/ButonaTikla'

2021-11-18 11:22:36 - [TEST_CASE][PASSED] - Test Cases/Filtreler/ButonaTikla: Test Cases/Filtreler/ButonaTikla

2021-11-18 11:22:36 - [TEST_STEP][PASSED] - Method.TextDegerineEsitElementeTikla(findTestObject("Filtreler/Butonlar"), Filtre_Buton): Method.TextDegerineEsitElementeTikla is PASSED

2021-11-18 11:22:36 - [MESSAGE][INFO] - Finding Test Object 'Object Repository/Filtreler/Butonlar'

2021-11-18 11:22:36 - [MESSAGE][INFO] - Checking timeout

2021-11-18 11:22:36 - [MESSAGE][INFO] - Finding web element with id: 'Object Repository/Filtreler/Butonlar' located by 'By.cssSelector: .dxb>span' in '10' second(s)

2021-11-18 11:22:36 - [MESSAGE][INFO] - Smart Wait Function is triggered

2021-11-18 11:22:36 - [MESSAGE][INFO] - Found 3 web elements with id: 'Object Repository/Filtreler/Butonlar' located by 'By.cssSelector: .dxb>span' in '10' second(s)

2021-11-18 11:22:37 - [MESSAGE][PASSED] - Method.TextDegerineEsitElementeTikla is PASSED

2021-11-18 11:22:37 - [MESSAGE][PASSED] - Call Test Case 'Test Cases/Filtreler/ButonaTikla' successfully

2021-11-18 11:22:37 - [MESSAGE][INFO] - Checking called Test Case

2021-11-18 11:22:37 - [MESSAGE][INFO] - Starting to call Test Case 'Test Cases/Tablo/TablodaVeriVarMi'

2021-11-18 11:22:37 - [TEST_CASE][PASSED] - Test Cases/Tablo/TablodaVeriVarMi: Test Cases/Tablo/TablodaVeriVarMi

2021-11-18 11:22:37 - [TEST_STEP][PASSED] - verifyTextNotPresent("Görüntülenecek veri yok", true): Text 'Görüntülenecek veri yok' is not present on page using regular expression

2021-11-18 11:22:37 - [MESSAGE][INFO] - Checking text present  using regular expression

2021-11-18 11:22:37 - [MESSAGE][INFO] - Smart Wait Function is triggered

2021-11-18 11:22:38 - [MESSAGE][INFO] - Finding text 'Görüntülenecek veri yok' on page  using regular expression

2021-11-18 11:22:38 - [MESSAGE][PASSED] - Text 'Görüntülenecek veri yok' is not present on page using regular expression

2021-11-18 11:22:38 - [MESSAGE][PASSED] - Call Test Case 'Test Cases/Tablo/TablodaVeriVarMi' successfully

2021-11-18 11:22:38 - [MESSAGE][INFO] - Checking called Test Case

2021-11-18 11:22:38 - [MESSAGE][INFO] - Starting to call Test Case 'Test Cases/Filtreler/TexboxaYaz'

2021-11-18 11:22:38 - [TEST_CASE][PASSED] - Test Cases/Filtreler/TexboxaYaz: Test Cases/Filtreler/TexboxaYaz

2021-11-18 11:22:38 - [TEST_STEP][PASSED] - Method.TextDegerineEsitElementinAltindakiTextboxtaYaz(findTestObject("Filtreler/Basliklar"), findTestObject("Filtreler/Basliga_Gore_Textbox"), Filtre_Adi, Filtre_Degeri): Method.TextDegerineEsitElementinAltindakiTextboxtaYaz is PASSED

2021-11-18 11:22:38 - [MESSAGE][INFO] - Finding Test Object 'Object Repository/Filtreler/Basliklar'

2021-11-18 11:22:38 - [MESSAGE][INFO] - Finding Test Object 'Object Repository/Filtreler/Basliga_Gore_Textbox'

2021-11-18 11:22:38 - [MESSAGE][INFO] - Checking timeout

2021-11-18 11:22:38 - [MESSAGE][INFO] - Finding web element with id: 'Object Repository/Filtreler/Basliklar' located by 'By.cssSelector: .control-label.col-sm-4.paddingMarginRLC' in '10' second(s)

2021-11-18 11:22:38 - [MESSAGE][INFO] - Smart Wait Function is triggered

2021-11-18 11:22:38 - [MESSAGE][INFO] - Found 18 web elements with id: 'Object Repository/Filtreler/Basliklar' located by 'By.cssSelector: .control-label.col-sm-4.paddingMarginRLC' in '10' second(s)

2021-11-18 11:22:38 - [MESSAGE][INFO] - Smart Wait Function is triggered

2021-11-18 11:22:39 - [MESSAGE][PASSED] - Method.TextDegerineEsitElementinAltindakiTextboxtaYaz is PASSED

2021-11-18 11:22:39 - [MESSAGE][PASSED] - Call Test Case 'Test Cases/Filtreler/TexboxaYaz' successfully

2021-11-18 11:22:39 - [MESSAGE][INFO] - Checking called Test Case

2021-11-18 11:22:39 - [MESSAGE][INFO] - Starting to call Test Case 'Test Cases/Filtreler/ButonaTikla'

2021-11-18 11:22:39 - [TEST_CASE][PASSED] - Test Cases/Filtreler/ButonaTikla: Test Cases/Filtreler/ButonaTikla

2021-11-18 11:22:39 - [TEST_STEP][PASSED] - Method.TextDegerineEsitElementeTikla(findTestObject("Filtreler/Butonlar"), Filtre_Buton): Method.TextDegerineEsitElementeTikla is PASSED

2021-11-18 11:22:39 - [MESSAGE][INFO] - Finding Test Object 'Object Repository/Filtreler/Butonlar'

2021-11-18 11:22:39 - [MESSAGE][INFO] - Checking timeout

2021-11-18 11:22:39 - [MESSAGE][INFO] - Finding web element with id: 'Object Repository/Filtreler/Butonlar' located by 'By.cssSelector: .dxb>span' in '10' second(s)

2021-11-18 11:22:39 - [MESSAGE][INFO] - Smart Wait Function is triggered

2021-11-18 11:22:39 - [MESSAGE][INFO] - Found 3 web elements with id: 'Object Repository/Filtreler/Butonlar' located by 'By.cssSelector: .dxb>span' in '10' second(s)

2021-11-18 11:22:39 - [MESSAGE][PASSED] - Method.TextDegerineEsitElementeTikla is PASSED

2021-11-18 11:22:39 - [MESSAGE][PASSED] - Call Test Case 'Test Cases/Filtreler/ButonaTikla' successfully

2021-11-18 11:22:39 - [MESSAGE][INFO] - Checking called Test Case

2021-11-18 11:22:39 - [MESSAGE][INFO] - Starting to call Test Case 'Test Cases/Tablo/TablodaVeriVarMi'

2021-11-18 11:22:39 - [TEST_CASE][PASSED] - Test Cases/Tablo/TablodaVeriVarMi: Test Cases/Tablo/TablodaVeriVarMi

2021-11-18 11:22:39 - [TEST_STEP][PASSED] - verifyTextNotPresent("Görüntülenecek veri yok", true): Text 'Görüntülenecek veri yok' is not present on page using regular expression

2021-11-18 11:22:39 - [MESSAGE][INFO] - Checking text present  using regular expression

2021-11-18 11:22:39 - [MESSAGE][INFO] - Smart Wait Function is triggered

2021-11-18 11:22:40 - [MESSAGE][INFO] - Finding text 'Görüntülenecek veri yok' on page  using regular expression

2021-11-18 11:22:40 - [MESSAGE][PASSED] - Text 'Görüntülenecek veri yok' is not present on page using regular expression

2021-11-18 11:22:40 - [MESSAGE][PASSED] - Call Test Case 'Test Cases/Tablo/TablodaVeriVarMi' successfully

2021-11-18 11:22:40 - [MESSAGE][INFO] - Checking called Test Case

2021-11-18 11:22:40 - [MESSAGE][INFO] - Starting to call Test Case 'Test Cases/Filtreler/TexboxaYaz'

2021-11-18 11:22:40 - [TEST_CASE][PASSED] - Test Cases/Filtreler/TexboxaYaz: Test Cases/Filtreler/TexboxaYaz

2021-11-18 11:22:40 - [TEST_STEP][PASSED] - Method.TextDegerineEsitElementinAltindakiTextboxtaYaz(findTestObject("Filtreler/Basliklar"), findTestObject("Filtreler/Basliga_Gore_Textbox"), Filtre_Adi, Filtre_Degeri): Method.TextDegerineEsitElementinAltindakiTextboxtaYaz is PASSED

2021-11-18 11:22:40 - [MESSAGE][INFO] - Finding Test Object 'Object Repository/Filtreler/Basliklar'

2021-11-18 11:22:40 - [MESSAGE][INFO] - Finding Test Object 'Object Repository/Filtreler/Basliga_Gore_Textbox'

2021-11-18 11:22:40 - [MESSAGE][INFO] - Checking timeout

2021-11-18 11:22:40 - [MESSAGE][INFO] - Finding web element with id: 'Object Repository/Filtreler/Basliklar' located by 'By.cssSelector: .control-label.col-sm-4.paddingMarginRLC' in '10' second(s)

2021-11-18 11:22:40 - [MESSAGE][INFO] - Smart Wait Function is triggered

2021-11-18 11:22:41 - [MESSAGE][INFO] - Found 18 web elements with id: 'Object Repository/Filtreler/Basliklar' located by 'By.cssSelector: .control-label.col-sm-4.paddingMarginRLC' in '10' second(s)

2021-11-18 11:22:41 - [MESSAGE][INFO] - Smart Wait Function is triggered

2021-11-18 11:22:41 - [MESSAGE][PASSED] - Method.TextDegerineEsitElementinAltindakiTextboxtaYaz is PASSED

2021-11-18 11:22:41 - [MESSAGE][PASSED] - Call Test Case 'Test Cases/Filtreler/TexboxaYaz' successfully

2021-11-18 11:22:41 - [MESSAGE][INFO] - Checking called Test Case

2021-11-18 11:22:41 - [MESSAGE][INFO] - Starting to call Test Case 'Test Cases/Filtreler/ButonaTikla'

2021-11-18 11:22:41 - [TEST_CASE][PASSED] - Test Cases/Filtreler/ButonaTikla: Test Cases/Filtreler/ButonaTikla

2021-11-18 11:22:41 - [TEST_STEP][PASSED] - Method.TextDegerineEsitElementeTikla(findTestObject("Filtreler/Butonlar"), Filtre_Buton): Method.TextDegerineEsitElementeTikla is PASSED

2021-11-18 11:22:41 - [MESSAGE][INFO] - Finding Test Object 'Object Repository/Filtreler/Butonlar'

2021-11-18 11:22:41 - [MESSAGE][INFO] - Checking timeout

2021-11-18 11:22:41 - [MESSAGE][INFO] - Finding web element with id: 'Object Repository/Filtreler/Butonlar' located by 'By.cssSelector: .dxb>span' in '10' second(s)

2021-11-18 11:22:41 - [MESSAGE][INFO] - Smart Wait Function is triggered

2021-11-18 11:22:42 - [MESSAGE][INFO] - Found 3 web elements with id: 'Object Repository/Filtreler/Butonlar' located by 'By.cssSelector: .dxb>span' in '10' second(s)

2021-11-18 11:22:42 - [MESSAGE][PASSED] - Method.TextDegerineEsitElementeTikla is PASSED

2021-11-18 11:22:42 - [MESSAGE][PASSED] - Call Test Case 'Test Cases/Filtreler/ButonaTikla' successfully

2021-11-18 11:22:42 - [MESSAGE][INFO] - Checking called Test Case

2021-11-18 11:22:42 - [MESSAGE][INFO] - Starting to call Test Case 'Test Cases/Tablo/TablodaVeriVarMi'

2021-11-18 11:22:42 - [TEST_CASE][PASSED] - Test Cases/Tablo/TablodaVeriVarMi: Test Cases/Tablo/TablodaVeriVarMi

2021-11-18 11:22:42 - [TEST_STEP][PASSED] - verifyTextNotPresent("Görüntülenecek veri yok", true): Text 'Görüntülenecek veri yok' is not present on page using regular expression

2021-11-18 11:22:42 - [MESSAGE][INFO] - Checking text present  using regular expression

2021-11-18 11:22:42 - [MESSAGE][INFO] - Smart Wait Function is triggered

2021-11-18 11:22:43 - [MESSAGE][INFO] - Finding text 'Görüntülenecek veri yok' on page  using regular expression

2021-11-18 11:22:43 - [MESSAGE][PASSED] - Text 'Görüntülenecek veri yok' is not present on page using regular expression

2021-11-18 11:22:43 - [MESSAGE][PASSED] - Call Test Case 'Test Cases/Tablo/TablodaVeriVarMi' successfully

2021-11-18 11:22:43 - [MESSAGE][INFO] - Checking called Test Case

2021-11-18 11:22:43 - [MESSAGE][INFO] - Starting to call Test Case 'Test Cases/Filtreler/filtreIcerigiSil'

2021-11-18 11:22:43 - [TEST_CASE][PASSED] - Test Cases/Filtreler/filtreIcerigiSil: Test Cases/Filtreler/filtreIcerigiSil

2021-11-18 11:22:43 - [TEST_STEP][PASSED] - Method.TextDegerineEsitElementinAltindakiTextboxtaYaz(findTestObject("Filtreler/Basliklar"), findTestObject("Filtreler/Basliga_Gore_Textbox"), Filtre_Adi, Keys.chord(CONTROL, Keys.chord("a"), BACK_SPACE)): Method.TextDegerineEsitElementinAltindakiTextboxtaYaz is PASSED

2021-11-18 11:22:43 - [MESSAGE][INFO] - Finding Test Object 'Object Repository/Filtreler/Basliklar'

2021-11-18 11:22:43 - [MESSAGE][INFO] - Finding Test Object 'Object Repository/Filtreler/Basliga_Gore_Textbox'

2021-11-18 11:22:43 - [MESSAGE][INFO] - Checking timeout

2021-11-18 11:22:43 - [MESSAGE][INFO] - Finding web element with id: 'Object Repository/Filtreler/Basliklar' located by 'By.cssSelector: .control-label.col-sm-4.paddingMarginRLC' in '10' second(s)

2021-11-18 11:22:43 - [MESSAGE][INFO] - Smart Wait Function is triggered

2021-11-18 11:22:43 - [MESSAGE][INFO] - Found 18 web elements with id: 'Object Repository/Filtreler/Basliklar' located by 'By.cssSelector: .control-label.col-sm-4.paddingMarginRLC' in '10' second(s)

2021-11-18 11:22:43 - [MESSAGE][INFO] - Smart Wait Function is triggered

2021-11-18 11:22:44 - [MESSAGE][PASSED] - Method.TextDegerineEsitElementinAltindakiTextboxtaYaz is PASSED

2021-11-18 11:22:44 - [MESSAGE][PASSED] - Call Test Case 'Test Cases/Filtreler/filtreIcerigiSil' successfully

2021-11-18 11:22:44 - [MESSAGE][INFO] - Checking called Test Case

2021-11-18 11:22:44 - [MESSAGE][INFO] - Starting to call Test Case 'Test Cases/Filtreler/TexboxaYaz'

2021-11-18 11:22:44 - [TEST_CASE][PASSED] - Test Cases/Filtreler/TexboxaYaz: Test Cases/Filtreler/TexboxaYaz

2021-11-18 11:22:44 - [TEST_STEP][PASSED] - Method.TextDegerineEsitElementinAltindakiTextboxtaYaz(findTestObject("Filtreler/Basliklar"), findTestObject("Filtreler/Basliga_Gore_Textbox"), Filtre_Adi, Filtre_Degeri): Method.TextDegerineEsitElementinAltindakiTextboxtaYaz is PASSED

2021-11-18 11:22:44 - [MESSAGE][INFO] - Finding Test Object 'Object Repository/Filtreler/Basliklar'

2021-11-18 11:22:44 - [MESSAGE][INFO] - Finding Test Object 'Object Repository/Filtreler/Basliga_Gore_Textbox'

2021-11-18 11:22:44 - [MESSAGE][INFO] - Checking timeout

2021-11-18 11:22:44 - [MESSAGE][INFO] - Finding web element with id: 'Object Repository/Filtreler/Basliklar' located by 'By.cssSelector: .control-label.col-sm-4.paddingMarginRLC' in '10' second(s)

2021-11-18 11:22:44 - [MESSAGE][INFO] - Smart Wait Function is triggered

2021-11-18 11:22:44 - [MESSAGE][INFO] - Found 18 web elements with id: 'Object Repository/Filtreler/Basliklar' located by 'By.cssSelector: .control-label.col-sm-4.paddingMarginRLC' in '10' second(s)

2021-11-18 11:22:44 - [MESSAGE][INFO] - Smart Wait Function is triggered

2021-11-18 11:22:45 - [MESSAGE][PASSED] - Method.TextDegerineEsitElementinAltindakiTextboxtaYaz is PASSED

2021-11-18 11:22:45 - [MESSAGE][PASSED] - Call Test Case 'Test Cases/Filtreler/TexboxaYaz' successfully

2021-11-18 11:22:45 - [MESSAGE][INFO] - Checking called Test Case

2021-11-18 11:22:45 - [MESSAGE][INFO] - Starting to call Test Case 'Test Cases/Filtreler/ButonaTikla'

2021-11-18 11:22:45 - [TEST_CASE][PASSED] - Test Cases/Filtreler/ButonaTikla: Test Cases/Filtreler/ButonaTikla

2021-11-18 11:22:45 - [TEST_STEP][PASSED] - Method.TextDegerineEsitElementeTikla(findTestObject("Filtreler/Butonlar"), Filtre_Buton): Method.TextDegerineEsitElementeTikla is PASSED

2021-11-18 11:22:45 - [MESSAGE][INFO] - Finding Test Object 'Object Repository/Filtreler/Butonlar'

2021-11-18 11:22:45 - [MESSAGE][INFO] - Checking timeout

2021-11-18 11:22:45 - [MESSAGE][INFO] - Finding web element with id: 'Object Repository/Filtreler/Butonlar' located by 'By.cssSelector: .dxb>span' in '10' second(s)

2021-11-18 11:22:45 - [MESSAGE][INFO] - Smart Wait Function is triggered

2021-11-18 11:22:45 - [MESSAGE][INFO] - Found 3 web elements with id: 'Object Repository/Filtreler/Butonlar' located by 'By.cssSelector: .dxb>span' in '10' second(s)

2021-11-18 11:22:46 - [MESSAGE][PASSED] - Method.TextDegerineEsitElementeTikla is PASSED

2021-11-18 11:22:46 - [MESSAGE][PASSED] - Call Test Case 'Test Cases/Filtreler/ButonaTikla' successfully

2021-11-18 11:22:46 - [MESSAGE][INFO] - Checking called Test Case

2021-11-18 11:22:46 - [MESSAGE][INFO] - Starting to call Test Case 'Test Cases/Tablo/TablodaVeriVarMi'

2021-11-18 11:22:46 - [TEST_CASE][PASSED] - Test Cases/Tablo/TablodaVeriVarMi: Test Cases/Tablo/TablodaVeriVarMi

2021-11-18 11:22:46 - [TEST_STEP][PASSED] - verifyTextNotPresent("Görüntülenecek veri yok", true): Text 'Görüntülenecek veri yok' is not present on page using regular expression

2021-11-18 11:22:46 - [MESSAGE][INFO] - Checking text present  using regular expression

2021-11-18 11:22:46 - [MESSAGE][INFO] - Smart Wait Function is triggered

2021-11-18 11:22:47 - [MESSAGE][INFO] - Finding text 'Görüntülenecek veri yok' on page  using regular expression

2021-11-18 11:22:47 - [MESSAGE][PASSED] - Text 'Görüntülenecek veri yok' is not present on page using regular expression

2021-11-18 11:22:47 - [MESSAGE][PASSED] - Call Test Case 'Test Cases/Tablo/TablodaVeriVarMi' successfully

2021-11-18 11:22:47 - [MESSAGE][INFO] - Checking called Test Case

2021-11-18 11:22:47 - [MESSAGE][INFO] - Starting to call Test Case 'Test Cases/Filtreler/TexboxaYaz'

2021-11-18 11:22:47 - [TEST_CASE][PASSED] - Test Cases/Filtreler/TexboxaYaz: Test Cases/Filtreler/TexboxaYaz

2021-11-18 11:22:47 - [TEST_STEP][PASSED] - Method.TextDegerineEsitElementinAltindakiTextboxtaYaz(findTestObject("Filtreler/Basliklar"), findTestObject("Filtreler/Basliga_Gore_Textbox"), Filtre_Adi, Filtre_Degeri): Method.TextDegerineEsitElementinAltindakiTextboxtaYaz is PASSED

2021-11-18 11:22:47 - [MESSAGE][INFO] - Finding Test Object 'Object Repository/Filtreler/Basliklar'

2021-11-18 11:22:47 - [MESSAGE][INFO] - Finding Test Object 'Object Repository/Filtreler/Basliga_Gore_Textbox'

2021-11-18 11:22:47 - [MESSAGE][INFO] - Checking timeout

2021-11-18 11:22:47 - [MESSAGE][INFO] - Finding web element with id: 'Object Repository/Filtreler/Basliklar' located by 'By.cssSelector: .control-label.col-sm-4.paddingMarginRLC' in '10' second(s)

2021-11-18 11:22:47 - [MESSAGE][INFO] - Smart Wait Function is triggered

2021-11-18 11:22:47 - [MESSAGE][INFO] - Found 18 web elements with id: 'Object Repository/Filtreler/Basliklar' located by 'By.cssSelector: .control-label.col-sm-4.paddingMarginRLC' in '10' second(s)

2021-11-18 11:22:47 - [MESSAGE][INFO] - Smart Wait Function is triggered

2021-11-18 11:22:48 - [MESSAGE][PASSED] - Method.TextDegerineEsitElementinAltindakiTextboxtaYaz is PASSED

2021-11-18 11:22:48 - [MESSAGE][PASSED] - Call Test Case 'Test Cases/Filtreler/TexboxaYaz' successfully

2021-11-18 11:22:48 - [MESSAGE][INFO] - Checking called Test Case

2021-11-18 11:22:48 - [MESSAGE][INFO] - Starting to call Test Case 'Test Cases/Filtreler/ButonaTikla'

2021-11-18 11:22:48 - [TEST_CASE][PASSED] - Test Cases/Filtreler/ButonaTikla: Test Cases/Filtreler/ButonaTikla

2021-11-18 11:22:48 - [TEST_STEP][PASSED] - Method.TextDegerineEsitElementeTikla(findTestObject("Filtreler/Butonlar"), Filtre_Buton): Method.TextDegerineEsitElementeTikla is PASSED

2021-11-18 11:22:48 - [MESSAGE][INFO] - Finding Test Object 'Object Repository/Filtreler/Butonlar'

2021-11-18 11:22:48 - [MESSAGE][INFO] - Checking timeout

2021-11-18 11:22:48 - [MESSAGE][INFO] - Finding web element with id: 'Object Repository/Filtreler/Butonlar' located by 'By.cssSelector: .dxb>span' in '10' second(s)

2021-11-18 11:22:48 - [MESSAGE][INFO] - Smart Wait Function is triggered

2021-11-18 11:22:48 - [MESSAGE][INFO] - Found 3 web elements with id: 'Object Repository/Filtreler/Butonlar' located by 'By.cssSelector: .dxb>span' in '10' second(s)

2021-11-18 11:22:48 - [MESSAGE][PASSED] - Method.TextDegerineEsitElementeTikla is PASSED

2021-11-18 11:22:48 - [MESSAGE][PASSED] - Call Test Case 'Test Cases/Filtreler/ButonaTikla' successfully

2021-11-18 11:22:48 - [MESSAGE][INFO] - Checking called Test Case

2021-11-18 11:22:48 - [MESSAGE][INFO] - Starting to call Test Case 'Test Cases/Tablo/TablodaVeriVarMi'

2021-11-18 11:22:48 - [TEST_CASE][PASSED] - Test Cases/Tablo/TablodaVeriVarMi: Test Cases/Tablo/TablodaVeriVarMi

2021-11-18 11:22:48 - [TEST_STEP][PASSED] - verifyTextNotPresent("Görüntülenecek veri yok", true): Text 'Görüntülenecek veri yok' is not present on page using regular expression

2021-11-18 11:22:48 - [MESSAGE][INFO] - Checking text present  using regular expression

2021-11-18 11:22:48 - [MESSAGE][INFO] - Smart Wait Function is triggered

2021-11-18 11:22:49 - [MESSAGE][INFO] - Finding text 'Görüntülenecek veri yok' on page  using regular expression

2021-11-18 11:22:49 - [MESSAGE][PASSED] - Text 'Görüntülenecek veri yok' is not present on page using regular expression

2021-11-18 11:22:49 - [MESSAGE][PASSED] - Call Test Case 'Test Cases/Tablo/TablodaVeriVarMi' successfully

2021-11-18 11:22:49 - [MESSAGE][INFO] - Checking called Test Case

2021-11-18 11:22:49 - [MESSAGE][INFO] - Starting to call Test Case 'Test Cases/Filtreler/TexboxaYaz'

2021-11-18 11:22:49 - [TEST_CASE][PASSED] - Test Cases/Filtreler/TexboxaYaz: Test Cases/Filtreler/TexboxaYaz

2021-11-18 11:22:49 - [TEST_STEP][PASSED] - Method.TextDegerineEsitElementinAltindakiTextboxtaYaz(findTestObject("Filtreler/Basliklar"), findTestObject("Filtreler/Basliga_Gore_Textbox"), Filtre_Adi, Filtre_Degeri): Method.TextDegerineEsitElementinAltindakiTextboxtaYaz is PASSED

2021-11-18 11:22:49 - [MESSAGE][INFO] - Finding Test Object 'Object Repository/Filtreler/Basliklar'

2021-11-18 11:22:50 - [MESSAGE][INFO] - Finding Test Object 'Object Repository/Filtreler/Basliga_Gore_Textbox'

2021-11-18 11:22:50 - [MESSAGE][INFO] - Checking timeout

2021-11-18 11:22:50 - [MESSAGE][INFO] - Finding web element with id: 'Object Repository/Filtreler/Basliklar' located by 'By.cssSelector: .control-label.col-sm-4.paddingMarginRLC' in '10' second(s)

2021-11-18 11:22:50 - [MESSAGE][INFO] - Smart Wait Function is triggered

2021-11-18 11:22:50 - [MESSAGE][INFO] - Found 18 web elements with id: 'Object Repository/Filtreler/Basliklar' located by 'By.cssSelector: .control-label.col-sm-4.paddingMarginRLC' in '10' second(s)

2021-11-18 11:22:50 - [MESSAGE][INFO] - Smart Wait Function is triggered

2021-11-18 11:22:51 - [MESSAGE][PASSED] - Method.TextDegerineEsitElementinAltindakiTextboxtaYaz is PASSED

2021-11-18 11:22:51 - [MESSAGE][PASSED] - Call Test Case 'Test Cases/Filtreler/TexboxaYaz' successfully

2021-11-18 11:22:51 - [MESSAGE][INFO] - Checking called Test Case

2021-11-18 11:22:51 - [MESSAGE][INFO] - Starting to call Test Case 'Test Cases/Filtreler/ButonaTikla'

2021-11-18 11:22:51 - [TEST_CASE][PASSED] - Test Cases/Filtreler/ButonaTikla: Test Cases/Filtreler/ButonaTikla

2021-11-18 11:22:51 - [TEST_STEP][PASSED] - Method.TextDegerineEsitElementeTikla(findTestObject("Filtreler/Butonlar"), Filtre_Buton): Method.TextDegerineEsitElementeTikla is PASSED

2021-11-18 11:22:51 - [MESSAGE][INFO] - Finding Test Object 'Object Repository/Filtreler/Butonlar'

2021-11-18 11:22:51 - [MESSAGE][INFO] - Checking timeout

2021-11-18 11:22:51 - [MESSAGE][INFO] - Finding web element with id: 'Object Repository/Filtreler/Butonlar' located by 'By.cssSelector: .dxb>span' in '10' second(s)

2021-11-18 11:22:51 - [MESSAGE][INFO] - Smart Wait Function is triggered

2021-11-18 11:22:51 - [MESSAGE][INFO] - Found 3 web elements with id: 'Object Repository/Filtreler/Butonlar' located by 'By.cssSelector: .dxb>span' in '10' second(s)

2021-11-18 11:22:51 - [MESSAGE][PASSED] - Method.TextDegerineEsitElementeTikla is PASSED

2021-11-18 11:22:51 - [MESSAGE][PASSED] - Call Test Case 'Test Cases/Filtreler/ButonaTikla' successfully

2021-11-18 11:22:51 - [MESSAGE][INFO] - Checking called Test Case

2021-11-18 11:22:51 - [MESSAGE][INFO] - Starting to call Test Case 'Test Cases/Tablo/TablodaVeriVarMi'

2021-11-18 11:22:51 - [TEST_CASE][PASSED] - Test Cases/Tablo/TablodaVeriVarMi: Test Cases/Tablo/TablodaVeriVarMi

2021-11-18 11:22:51 - [TEST_STEP][PASSED] - verifyTextNotPresent("Görüntülenecek veri yok", true): Text 'Görüntülenecek veri yok' is not present on page using regular expression

2021-11-18 11:22:51 - [MESSAGE][INFO] - Checking text present  using regular expression

2021-11-18 11:22:51 - [MESSAGE][INFO] - Smart Wait Function is triggered

2021-11-18 11:22:52 - [MESSAGE][INFO] - Finding text 'Görüntülenecek veri yok' on page  using regular expression

2021-11-18 11:22:52 - [MESSAGE][PASSED] - Text 'Görüntülenecek veri yok' is not present on page using regular expression

2021-11-18 11:22:52 - [MESSAGE][PASSED] - Call Test Case 'Test Cases/Tablo/TablodaVeriVarMi' successfully

2021-11-18 11:22:52 - [MESSAGE][INFO] - Checking called Test Case

2021-11-18 11:22:52 - [MESSAGE][INFO] - Starting to call Test Case 'Test Cases/Filtreler/TexboxaYaz'

2021-11-18 11:22:52 - [TEST_CASE][PASSED] - Test Cases/Filtreler/TexboxaYaz: Test Cases/Filtreler/TexboxaYaz

2021-11-18 11:22:52 - [TEST_STEP][PASSED] - Method.TextDegerineEsitElementinAltindakiTextboxtaYaz(findTestObject("Filtreler/Basliklar"), findTestObject("Filtreler/Basliga_Gore_Textbox"), Filtre_Adi, Filtre_Degeri): Method.TextDegerineEsitElementinAltindakiTextboxtaYaz is PASSED

2021-11-18 11:22:52 - [MESSAGE][INFO] - Finding Test Object 'Object Repository/Filtreler/Basliklar'

2021-11-18 11:22:52 - [MESSAGE][INFO] - Finding Test Object 'Object Repository/Filtreler/Basliga_Gore_Textbox'

2021-11-18 11:22:52 - [MESSAGE][INFO] - Checking timeout

2021-11-18 11:22:52 - [MESSAGE][INFO] - Finding web element with id: 'Object Repository/Filtreler/Basliklar' located by 'By.cssSelector: .control-label.col-sm-4.paddingMarginRLC' in '10' second(s)

2021-11-18 11:22:52 - [MESSAGE][INFO] - Smart Wait Function is triggered

2021-11-18 11:22:53 - [MESSAGE][INFO] - Found 18 web elements with id: 'Object Repository/Filtreler/Basliklar' located by 'By.cssSelector: .control-label.col-sm-4.paddingMarginRLC' in '10' second(s)

2021-11-18 11:22:53 - [MESSAGE][INFO] - Smart Wait Function is triggered

2021-11-18 11:22:53 - [MESSAGE][PASSED] - Method.TextDegerineEsitElementinAltindakiTextboxtaYaz is PASSED

2021-11-18 11:22:53 - [MESSAGE][PASSED] - Call Test Case 'Test Cases/Filtreler/TexboxaYaz' successfully

2021-11-18 11:22:53 - [MESSAGE][INFO] - Checking called Test Case

2021-11-18 11:22:53 - [MESSAGE][INFO] - Starting to call Test Case 'Test Cases/Filtreler/ButonaTikla'

2021-11-18 11:22:53 - [TEST_CASE][PASSED] - Test Cases/Filtreler/ButonaTikla: Test Cases/Filtreler/ButonaTikla

2021-11-18 11:22:53 - [TEST_STEP][PASSED] - Method.TextDegerineEsitElementeTikla(findTestObject("Filtreler/Butonlar"), Filtre_Buton): Method.TextDegerineEsitElementeTikla is PASSED

2021-11-18 11:22:53 - [MESSAGE][INFO] - Finding Test Object 'Object Repository/Filtreler/Butonlar'

2021-11-18 11:22:53 - [MESSAGE][INFO] - Checking timeout

2021-11-18 11:22:53 - [MESSAGE][INFO] - Finding web element with id: 'Object Repository/Filtreler/Butonlar' located by 'By.cssSelector: .dxb>span' in '10' second(s)

2021-11-18 11:22:53 - [MESSAGE][INFO] - Smart Wait Function is triggered

2021-11-18 11:22:53 - [MESSAGE][INFO] - Found 3 web elements with id: 'Object Repository/Filtreler/Butonlar' located by 'By.cssSelector: .dxb>span' in '10' second(s)

2021-11-18 11:22:54 - [MESSAGE][PASSED] - Method.TextDegerineEsitElementeTikla is PASSED

2021-11-18 11:22:54 - [MESSAGE][PASSED] - Call Test Case 'Test Cases/Filtreler/ButonaTikla' successfully

2021-11-18 11:22:54 - [MESSAGE][INFO] - Checking called Test Case

2021-11-18 11:22:54 - [MESSAGE][INFO] - Starting to call Test Case 'Test Cases/Tablo/TablodaVeriVarMi'

2021-11-18 11:22:54 - [TEST_CASE][PASSED] - Test Cases/Tablo/TablodaVeriVarMi: Test Cases/Tablo/TablodaVeriVarMi

2021-11-18 11:22:54 - [TEST_STEP][PASSED] - verifyTextNotPresent("Görüntülenecek veri yok", true): Text 'Görüntülenecek veri yok' is not present on page using regular expression

2021-11-18 11:22:54 - [MESSAGE][INFO] - Checking text present  using regular expression

2021-11-18 11:22:54 - [MESSAGE][INFO] - Smart Wait Function is triggered

2021-11-18 11:22:54 - [MESSAGE][INFO] - Finding text 'Görüntülenecek veri yok' on page  using regular expression

2021-11-18 11:22:54 - [MESSAGE][PASSED] - Text 'Görüntülenecek veri yok' is not present on page using regular expression

2021-11-18 11:22:54 - [MESSAGE][PASSED] - Call Test Case 'Test Cases/Tablo/TablodaVeriVarMi' successfully

2021-11-18 11:22:54 - [MESSAGE][INFO] - Checking called Test Case

2021-11-18 11:22:54 - [MESSAGE][INFO] - Starting to call Test Case 'Test Cases/Kullanici_Islemleri/KullaniciIslemlerindenSecimYapilir'

2021-11-18 11:22:54 - [TEST_CASE][PASSED] - Test Cases/Kullanici_Islemleri/KullaniciIslemlerindenSecimYapilir: Test Cases/Kullanici_Islemleri/KullaniciIslemlerindenSecimYapilir

2021-11-18 11:22:54 - [TEST_STEP][PASSED] - waitForElementClickable(findTestObject("Object Repository/Kullanici_Islemleri/KullaniciIslemleri"), 10): Object 'Object Repository/Kullanici_Islemleri/KullaniciIslemleri' is clickable

2021-11-18 11:22:54 - [MESSAGE][INFO] - Finding Test Object 'Object Repository/Kullanici_Islemleri/KullaniciIslemleri'

2021-11-18 11:22:55 - [MESSAGE][INFO] - Checking object

2021-11-18 11:22:55 - [MESSAGE][INFO] - Checking timeout

2021-11-18 11:22:55 - [MESSAGE][INFO] - Finding web element from Test Object's properties

2021-11-18 11:22:55 - [MESSAGE][INFO] - Checking timeout

2021-11-18 11:22:55 - [MESSAGE][INFO] - Finding web element with id: 'Object Repository/Kullanici_Islemleri/KullaniciIslemleri' located by 'By.cssSelector: .dropdown>a>img' in '10' second(s)

2021-11-18 11:22:55 - [MESSAGE][INFO] - Smart Wait Function is triggered

2021-11-18 11:22:55 - [MESSAGE][INFO] - Found 1 web elements with id: 'Object Repository/Kullanici_Islemleri/KullaniciIslemleri' located by 'By.cssSelector: .dropdown>a>img' in '10' second(s)

2021-11-18 11:22:55 - [MESSAGE][PASSED] - Object 'Object Repository/Kullanici_Islemleri/KullaniciIslemleri' is clickable

2021-11-18 11:22:55 - [TEST_STEP][PASSED] - click(findTestObject("Object Repository/Kullanici_Islemleri/KullaniciIslemleri")): Object: 'Object Repository/Kullanici_Islemleri/KullaniciIslemleri' is clicked on

2021-11-18 11:22:55 - [MESSAGE][INFO] - Finding Test Object 'Object Repository/Kullanici_Islemleri/KullaniciIslemleri'

2021-11-18 11:22:55 - [MESSAGE][INFO] - Checking object

2021-11-18 11:22:55 - [MESSAGE][INFO] - Finding web element from Test Object's properties

2021-11-18 11:22:55 - [MESSAGE][INFO] - Checking timeout

2021-11-18 11:22:55 - [MESSAGE][INFO] - Finding web element with id: 'Object Repository/Kullanici_Islemleri/KullaniciIslemleri' located by 'By.cssSelector: .dropdown>a>img' in '30' second(s)

2021-11-18 11:22:55 - [MESSAGE][INFO] - Smart Wait Function is triggered

2021-11-18 11:22:55 - [MESSAGE][INFO] - Found 1 web elements with id: 'Object Repository/Kullanici_Islemleri/KullaniciIslemleri' located by 'By.cssSelector: .dropdown>a>img' in '30' second(s)

2021-11-18 11:22:55 - [MESSAGE][INFO] - Clicking on object: 'Object Repository/Kullanici_Islemleri/KullaniciIslemleri'

2021-11-18 11:22:55 - [MESSAGE][PASSED] - Object: 'Object Repository/Kullanici_Islemleri/KullaniciIslemleri' is clicked on

2021-11-18 11:22:55 - [TEST_STEP][PASSED] - Method.TextDegerineEsitElementeTikla(findTestObject("Object Repository/Kullanici_Islemleri/Secenekler"), Islem): Method.TextDegerineEsitElementeTikla is PASSED

2021-11-18 11:22:55 - [MESSAGE][INFO] - Finding Test Object 'Object Repository/Kullanici_Islemleri/Secenekler'

2021-11-18 11:22:55 - [MESSAGE][INFO] - Checking timeout

2021-11-18 11:22:55 - [MESSAGE][INFO] - Finding web element with id: 'Object Repository/Kullanici_Islemleri/Secenekler' located by 'By.cssSelector: .nav.navbar-nav.navbar-right li a' in '10' second(s)

2021-11-18 11:22:55 - [MESSAGE][INFO] - Smart Wait Function is triggered

2021-11-18 11:22:56 - [MESSAGE][INFO] - Found 22 web elements with id: 'Object Repository/Kullanici_Islemleri/Secenekler' located by 'By.cssSelector: .nav.navbar-nav.navbar-right li a' in '10' second(s)

2021-11-18 11:22:57 - [MESSAGE][PASSED] - Method.TextDegerineEsitElementeTikla is PASSED

2021-11-18 11:22:57 - [TEST_STEP][PASSED] - verifyElementNotPresent(findTestObject("Object Repository/Kullanici_Islemleri/Secenekler"), 10): Web element with id: 'Object Repository/Kullanici_Islemleri/Secenekler' located by 'By.cssSelector: .nav.navbar-nav.navbar-right li a' is not present after '10' second(s)

2021-11-18 11:22:57 - [MESSAGE][INFO] - Finding Test Object 'Object Repository/Kullanici_Islemleri/Secenekler'

2021-11-18 11:22:57 - [MESSAGE][INFO] - Checking object

2021-11-18 11:22:57 - [MESSAGE][INFO] - Checking timeout

2021-11-18 11:22:57 - [MESSAGE][INFO] - Finding web element with id: 'Object Repository/Kullanici_Islemleri/Secenekler' located by 'By.cssSelector: .nav.navbar-nav.navbar-right li a' in '10' second(s)

2021-11-18 11:22:57 - [MESSAGE][INFO] - Smart Wait Function is triggered

2021-11-18 11:22:58 - [MESSAGE][PASSED] - Web element with id: 'Object Repository/Kullanici_Islemleri/Secenekler' located by 'By.cssSelector: .nav.navbar-nav.navbar-right li a' is not present after '10' second(s)

2021-11-18 11:22:58 - [MESSAGE][PASSED] - Call Test Case 'Test Cases/Kullanici_Islemleri/KullaniciIslemlerindenSecimYapilir' successfully

2021-11-18 11:22:58 - [TEST_CASE][PASSED] - Start Test Case : SCENARIO Gelen Kutusu Irsaliyeler Buton Kontrolu: SCENARIO Gelen Kutusu Irsaliyeler Buton Kontrolu

2021-11-18 11:22:58 - [TEST_STEP][PASSED] - Kullanıcı adı ELOGO6 ve Şifre 123456 olarak giriş yapılır: Kullanıcı adı ELOGO6 ve Şifre 123456 olarak giriş yapılır

2021-11-18 11:22:58 - [MESSAGE][PASSED] - Kullanıcı adı ELOGO6 ve Şifre 123456 olarak giriş yapılır

2021-11-18 11:22:58 - [TEST_STEP][PASSED] - Ana menüden e-İrsaliye seçilir: Ana menüden e-İrsaliye seçilir

2021-11-18 11:22:58 - [MESSAGE][PASSED] - Ana menüden e-İrsaliye seçilir

2021-11-18 11:22:58 - [TEST_STEP][PASSED] - Alt menü Gelen Kutusu başlığı altındaki İrsaliyeler seçilir: Alt menü Gelen Kutusu başlığı altındaki İrsaliyeler seçilir

2021-11-18 11:22:58 - [MESSAGE][PASSED] - Alt menü Gelen Kutusu başlığı altındaki İrsaliyeler seçilir

2021-11-18 11:22:58 - [TEST_STEP][PASSED] - Filtrelerden Oluşturma Tarihi filtresine 01.01.2020 baslangic degerini yaz: Filtrelerden Oluşturma Tarihi filtresine 01.01.2020 baslangic degerini yaz

2021-11-18 11:22:58 - [MESSAGE][PASSED] - Filtrelerden Oluşturma Tarihi filtresine 01.01.2020 baslangic degerini yaz

2021-11-18 11:22:58 - [TEST_STEP][PASSED] - Filtrelerden Oluşturma Tarihi filtresine 31.12.2020 bitis degerini yaz: Filtrelerden Oluşturma Tarihi filtresine 31.12.2020 bitis degerini yaz

2021-11-18 11:22:58 - [MESSAGE][PASSED] - Filtrelerden Oluşturma Tarihi filtresine 31.12.2020 bitis degerini yaz

2021-11-18 11:22:58 - [TEST_STEP][PASSED] - Filtre butonlarından Listele seçilir: Filtre butonlarından Listele seçilir

2021-11-18 11:22:58 - [MESSAGE][PASSED] - Filtre butonlarından Listele seçilir

2021-11-18 11:22:58 - [TEST_STEP][PASSED] - Tablodan Logo Elektronik GIB Test isimli verinin detayı tıklanır: Tablodan Logo Elektronik GIB Test isimli verinin detayı tıklanır

2021-11-18 11:22:58 - [MESSAGE][PASSED] - Tablodan Logo Elektronik GIB Test isimli verinin detayı tıklanır

2021-11-18 11:22:58 - [TEST_STEP][PASSED] - Tablodan Logo Elektronik GIB Test isimli verinin detayı tıklanır: Tablodan Logo Elektronik GIB Test isimli verinin detayı tıklanır

2021-11-18 11:22:58 - [MESSAGE][PASSED] - Tablodan Logo Elektronik GIB Test isimli verinin detayı tıklanır

2021-11-18 11:22:58 - [TEST_STEP][PASSED] - Listelenen öğe sayısı Sayfa 1 / 4 (39 öğe) mi: Listelenen öğe sayısı Sayfa 1 / 4 (39 öğe) mi

2021-11-18 11:22:58 - [MESSAGE][PASSED] - Listelenen öğe sayısı Sayfa 1 / 4 (39 öğe) mi

2021-11-18 11:22:58 - [TEST_STEP][PASSED] - Anasayfaya geri dönülür: Anasayfaya geri dönülür

2021-11-18 11:22:58 - [MESSAGE][PASSED] - Anasayfaya geri dönülür

2021-11-18 11:22:58 - [TEST_STEP][PASSED] - Ana menüden e-İrsaliye seçilir: Ana menüden e-İrsaliye seçilir

2021-11-18 11:22:58 - [MESSAGE][PASSED] - Ana menüden e-İrsaliye seçilir

2021-11-18 11:22:58 - [TEST_STEP][PASSED] - Alt menü Gelen Kutusu başlığı altındaki İrsaliyeler seçilir: Alt menü Gelen Kutusu başlığı altındaki İrsaliyeler seçilir

2021-11-18 11:22:58 - [MESSAGE][PASSED] - Alt menü Gelen Kutusu başlığı altındaki İrsaliyeler seçilir

2021-11-18 11:22:58 - [TEST_STEP][PASSED] - Filtrelerden Oluşturma Tarihi filtresine 01.01.2020 baslangic degerini yaz: Filtrelerden Oluşturma Tarihi filtresine 01.01.2020 baslangic degerini yaz

2021-11-18 11:22:58 - [MESSAGE][PASSED] - Filtrelerden Oluşturma Tarihi filtresine 01.01.2020 baslangic degerini yaz

2021-11-18 11:22:58 - [TEST_STEP][PASSED] - Filtrelerden Oluşturma Tarihi filtresine 31.12.2020 bitis degerini yaz: Filtrelerden Oluşturma Tarihi filtresine 31.12.2020 bitis degerini yaz

2021-11-18 11:22:58 - [MESSAGE][PASSED] - Filtrelerden Oluşturma Tarihi filtresine 31.12.2020 bitis degerini yaz

2021-11-18 11:22:58 - [TEST_STEP][PASSED] - Filtrelerden İrsaliye Tarihi filtresine 01.03.2020 baslangic degerini yaz: Filtrelerden İrsaliye Tarihi filtresine 01.03.2020 baslangic degerini yaz

2021-11-18 11:22:58 - [MESSAGE][PASSED] - Filtrelerden İrsaliye Tarihi filtresine 01.03.2020 baslangic degerini yaz

2021-11-18 11:22:58 - [TEST_STEP][PASSED] - Filtrelerden İrsaliye Tarihi filtresine 31.03.2020 bitis degerini yaz: Filtrelerden İrsaliye Tarihi filtresine 31.03.2020 bitis degerini yaz

2021-11-18 11:22:58 - [MESSAGE][PASSED] - Filtrelerden İrsaliye Tarihi filtresine 31.03.2020 bitis degerini yaz

2021-11-18 11:22:58 - [TEST_STEP][PASSED] - Filtre butonlarından Listele seçilir: Filtre butonlarından Listele seçilir

2021-11-18 11:22:58 - [MESSAGE][PASSED] - Filtre butonlarından Listele seçilir

2021-11-18 11:22:58 - [TEST_STEP][PASSED] - Listelenen öğe sayısı Sayfa 1 / 1 (1 öğe) mi: Listelenen öğe sayısı Sayfa 1 / 1 (1 öğe) mi

2021-11-18 11:22:58 - [MESSAGE][PASSED] - Listelenen öğe sayısı Sayfa 1 / 1 (1 öğe) mi

2021-11-18 11:22:58 - [TEST_STEP][PASSED] - Filtre alanlarında Gönderici Ünvanı var mı: Filtre alanlarında Gönderici Ünvanı var mı

2021-11-18 11:22:58 - [MESSAGE][PASSED] - Filtre alanlarında Gönderici Ünvanı var mı

2021-11-18 11:22:58 - [TEST_STEP][PASSED] - Filtre alanlarında Oluşturma Tarihi var mı: Filtre alanlarında Oluşturma Tarihi var mı

2021-11-18 11:22:58 - [MESSAGE][PASSED] - Filtre alanlarında Oluşturma Tarihi var mı

2021-11-18 11:22:58 - [TEST_STEP][PASSED] - Filtre alanlarında İrsaliye Yanıtı var mı: Filtre alanlarında İrsaliye Yanıtı var mı

2021-11-18 11:22:58 - [MESSAGE][PASSED] - Filtre alanlarında İrsaliye Yanıtı var mı

2021-11-18 11:22:58 - [TEST_STEP][PASSED] - Filtre alanlarında Tür var mı: Filtre alanlarında Tür var mı

2021-11-18 11:22:58 - [MESSAGE][PASSED] - Filtre alanlarında Tür var mı

2021-11-18 11:22:58 - [TEST_STEP][PASSED] - Filtre alanlarında Toplam Tutar var mı: Filtre alanlarında Toplam Tutar var mı

2021-11-18 11:22:58 - [MESSAGE][PASSED] - Filtre alanlarında Toplam Tutar var mı

2021-11-18 11:22:58 - [TEST_STEP][PASSED] - Filtre alanlarında Atanan Departman var mı: Filtre alanlarında Atanan Departman var mı

2021-11-18 11:22:58 - [MESSAGE][PASSED] - Filtre alanlarında Atanan Departman var mı

2021-11-18 11:22:58 - [TEST_STEP][PASSED] - Filtre alanlarında İrsaliye No var mı: Filtre alanlarında İrsaliye No var mı

2021-11-18 11:22:58 - [MESSAGE][PASSED] - Filtre alanlarında İrsaliye No var mı

2021-11-18 11:22:58 - [TEST_STEP][PASSED] - Filtre alanlarında Gönd. VKN/TCKN var mı: Filtre alanlarında Gönd. VKN/TCKN var mı

2021-11-18 11:22:58 - [MESSAGE][PASSED] - Filtre alanlarında Gönd. VKN/TCKN var mı

2021-11-18 11:22:58 - [TEST_STEP][PASSED] - Filtre alanlarında İrsaliye Tarihi var mı: Filtre alanlarında İrsaliye Tarihi var mı

2021-11-18 11:22:58 - [MESSAGE][PASSED] - Filtre alanlarında İrsaliye Tarihi var mı

2021-11-18 11:22:58 - [TEST_STEP][PASSED] - Filtre alanlarında Zarf ETTN var mı: Filtre alanlarında Zarf ETTN var mı

2021-11-18 11:22:58 - [MESSAGE][PASSED] - Filtre alanlarında Zarf ETTN var mı

2021-11-18 11:22:58 - [TEST_STEP][PASSED] - Filtre alanlarında Kullanıcı Kodu var mı: Filtre alanlarında Kullanıcı Kodu var mı

2021-11-18 11:22:58 - [MESSAGE][PASSED] - Filtre alanlarında Kullanıcı Kodu var mı

2021-11-18 11:22:58 - [TEST_STEP][PASSED] - Filtre alanlarında Belge Statüsü var mı: Filtre alanlarında Belge Statüsü var mı

2021-11-18 11:22:58 - [MESSAGE][PASSED] - Filtre alanlarında Belge Statüsü var mı

2021-11-18 11:22:58 - [TEST_STEP][PASSED] - Filtre alanlarında İrsaliye ETTN var mı: Filtre alanlarında İrsaliye ETTN var mı

2021-11-18 11:22:58 - [MESSAGE][PASSED] - Filtre alanlarında İrsaliye ETTN var mı

2021-11-18 11:22:58 - [TEST_STEP][PASSED] - Filtre alanlarında Senaryo var mı: Filtre alanlarında Senaryo var mı

2021-11-18 11:22:58 - [MESSAGE][PASSED] - Filtre alanlarında Senaryo var mı

2021-11-18 11:22:58 - [TEST_STEP][PASSED] - Filtre alanlarında Tüm Hesaplar var mı: Filtre alanlarında Tüm Hesaplar var mı

2021-11-18 11:22:58 - [MESSAGE][PASSED] - Filtre alanlarında Tüm Hesaplar var mı

2021-11-18 11:22:58 - [TEST_STEP][PASSED] - Filtre butonlarında Filtreleri Kaydet var mı: Filtre butonlarında Filtreleri Kaydet var mı

2021-11-18 11:22:58 - [MESSAGE][PASSED] - Filtre butonlarında Filtreleri Kaydet var mı

2021-11-18 11:22:58 - [TEST_STEP][PASSED] - Filtre butonlarında Listele var mı: Filtre butonlarında Listele var mı

2021-11-18 11:22:58 - [MESSAGE][PASSED] - Filtre butonlarında Listele var mı

2021-11-18 11:22:58 - [TEST_STEP][PASSED] - Filtre butonlarında Temizle var mı: Filtre butonlarında Temizle var mı

2021-11-18 11:22:58 - [MESSAGE][PASSED] - Filtre butonlarında Temizle var mı

2021-11-18 11:22:58 - [TEST_STEP][PASSED] - Butonlardan Excel var mı: Butonlardan Excel var mı

2021-11-18 11:22:58 - [MESSAGE][PASSED] - Butonlardan Excel var mı

2021-11-18 11:22:58 - [TEST_STEP][PASSED] - Butonlardan Toplu İndirme var mı: Butonlardan Toplu İndirme var mı

2021-11-18 11:22:58 - [MESSAGE][PASSED] - Butonlardan Toplu İndirme var mı

2021-11-18 11:22:58 - [TEST_STEP][PASSED] - Butonlardan UBL var mı: Butonlardan UBL var mı

2021-11-18 11:22:58 - [MESSAGE][PASSED] - Butonlardan UBL var mı

2021-11-18 11:22:58 - [TEST_STEP][PASSED] - Butonlardan Yazdır var mı: Butonlardan Yazdır var mı

2021-11-18 11:22:58 - [MESSAGE][PASSED] - Butonlardan Yazdır var mı

2021-11-18 11:22:58 - [TEST_STEP][PASSED] - Butonlardan PDF var mı: Butonlardan PDF var mı

2021-11-18 11:22:58 - [MESSAGE][PASSED] - Butonlardan PDF var mı

2021-11-18 11:22:58 - [TEST_STEP][PASSED] - Butonlardan Varsayılan İle Göster var mı: Butonlardan Varsayılan İle Göster var mı

2021-11-18 11:22:58 - [MESSAGE][PASSED] - Butonlardan Varsayılan İle Göster var mı

2021-11-18 11:22:58 - [TEST_STEP][PASSED] - Butonlardan Yanıt Gönder var mı: Butonlardan Yanıt Gönder var mı

2021-11-18 11:22:58 - [MESSAGE][PASSED] - Butonlardan Yanıt Gönder var mı

2021-11-18 11:22:58 - [TEST_STEP][PASSED] - Butonlardan Departman Ata var mı: Butonlardan Departman Ata var mı

2021-11-18 11:22:58 - [MESSAGE][PASSED] - Butonlardan Departman Ata var mı

2021-11-18 11:22:58 - [TEST_STEP][PASSED] - Butonlardan Departman Geri Al var mı: Butonlardan Departman Geri Al var mı

2021-11-18 11:22:58 - [MESSAGE][PASSED] - Butonlardan Departman Geri Al var mı

2021-11-18 11:22:58 - [TEST_STEP][PASSED] - Butonlardan Statü Ata var mı: Butonlardan Statü Ata var mı

2021-11-18 11:22:58 - [MESSAGE][PASSED] - Butonlardan Statü Ata var mı

2021-11-18 11:22:58 - [TEST_STEP][PASSED] - Butonlardan Excel isimli butona tıklanır: Butonlardan Excel isimli butona tıklanır

2021-11-18 11:22:58 - [MESSAGE][PASSED] - Butonlardan Excel isimli butona tıklanır

2021-11-18 11:22:58 - [TEST_STEP][PASSED] - Alt butonlardan Excel'e Aktar var mı: Alt butonlardan Excel'e Aktar var mı

2021-11-18 11:22:58 - [MESSAGE][PASSED] - Alt butonlardan Excel'e Aktar var mı

2021-11-18 11:22:58 - [TEST_STEP][PASSED] - Alt butonlardan Tümünü Excel'e Aktar var mı: Alt butonlardan Tümünü Excel'e Aktar var mı

2021-11-18 11:22:58 - [MESSAGE][PASSED] - Alt butonlardan Tümünü Excel'e Aktar var mı

2021-11-18 11:22:58 - [TEST_STEP][PASSED] - Butonlardan Toplu İndirme isimli butona tıklanır: Butonlardan Toplu İndirme isimli butona tıklanır

2021-11-18 11:22:58 - [MESSAGE][PASSED] - Butonlardan Toplu İndirme isimli butona tıklanır

2021-11-18 11:22:58 - [TEST_STEP][PASSED] - Alt butonlardan PDF Seçilenleri İndir var mı: Alt butonlardan PDF Seçilenleri İndir var mı

2021-11-18 11:22:58 - [MESSAGE][PASSED] - Alt butonlardan PDF Seçilenleri İndir var mı

2021-11-18 11:22:58 - [TEST_STEP][PASSED] - Alt butonlardan PDF Tümünü İndir var mı: Alt butonlardan PDF Tümünü İndir var mı

2021-11-18 11:22:58 - [MESSAGE][PASSED] - Alt butonlardan PDF Tümünü İndir var mı

2021-11-18 11:22:58 - [TEST_STEP][PASSED] - Alt butonlardan UBL Seçilenleri İndir var mı: Alt butonlardan UBL Seçilenleri İndir var mı

2021-11-18 11:22:58 - [MESSAGE][PASSED] - Alt butonlardan UBL Seçilenleri İndir var mı

2021-11-18 11:22:58 - [TEST_STEP][PASSED] - Alt butonlardan UBL Tümünü İndir var mı: Alt butonlardan UBL Tümünü İndir var mı

2021-11-18 11:22:58 - [MESSAGE][PASSED] - Alt butonlardan UBL Tümünü İndir var mı

2021-11-18 11:22:58 - [TEST_STEP][PASSED] - Butonlardan UBL isimli butona tıklanır: Butonlardan UBL isimli butona tıklanır

2021-11-18 11:22:58 - [MESSAGE][PASSED] - Butonlardan UBL isimli butona tıklanır

2021-11-18 11:22:58 - [TEST_STEP][PASSED] - Alt butonlardan Göster var mı: Alt butonlardan Göster var mı

2021-11-18 11:22:58 - [MESSAGE][PASSED] - Alt butonlardan Göster var mı

2021-11-18 11:22:58 - [TEST_STEP][PASSED] - Alt butonlardan İndir var mı: Alt butonlardan İndir var mı

2021-11-18 11:22:58 - [MESSAGE][PASSED] - Alt butonlardan İndir var mı

2021-11-18 11:22:58 - [TEST_STEP][PASSED] - Butonlardan PDF isimli butona tıklanır: Butonlardan PDF isimli butona tıklanır

2021-11-18 11:22:58 - [MESSAGE][PASSED] - Butonlardan PDF isimli butona tıklanır

2021-11-18 11:22:58 - [TEST_STEP][PASSED] - Alt butonlardan Göster var mı: Alt butonlardan Göster var mı

2021-11-18 11:22:58 - [MESSAGE][PASSED] - Alt butonlardan Göster var mı

2021-11-18 11:22:58 - [TEST_STEP][PASSED] - Alt butonlardan İndir var mı: Alt butonlardan İndir var mı

2021-11-18 11:22:58 - [MESSAGE][PASSED] - Alt butonlardan İndir var mı

2021-11-18 11:22:58 - [TEST_STEP][PASSED] - Butonlardan Statü Ata isimli butona tıklanır: Butonlardan Statü Ata isimli butona tıklanır

2021-11-18 11:22:58 - [MESSAGE][PASSED] - Butonlardan Statü Ata isimli butona tıklanır

2021-11-18 11:22:58 - [TEST_STEP][PASSED] - Alt butonlardan Öndeğer var mı: Alt butonlardan Öndeğer var mı

2021-11-18 11:22:58 - [MESSAGE][PASSED] - Alt butonlardan Öndeğer var mı

2021-11-18 11:22:58 - [TEST_STEP][PASSED] - Anasayfaya geri dönülür: Anasayfaya geri dönülür

2021-11-18 11:22:58 - [MESSAGE][PASSED] - Anasayfaya geri dönülür

2021-11-18 11:22:58 - [TEST_STEP][PASSED] - Ana menüden e-İrsaliye seçilir: Ana menüden e-İrsaliye seçilir

2021-11-18 11:22:58 - [MESSAGE][PASSED] - Ana menüden e-İrsaliye seçilir

2021-11-18 11:22:58 - [TEST_STEP][PASSED] - Alt menü Gelen Kutusu başlığı altındaki İrsaliyeler seçilir: Alt menü Gelen Kutusu başlığı altındaki İrsaliyeler seçilir

2021-11-18 11:22:58 - [MESSAGE][PASSED] - Alt menü Gelen Kutusu başlığı altındaki İrsaliyeler seçilir

2021-11-18 11:22:58 - [TEST_STEP][PASSED] - Filtrelerden Oluşturma Tarihi filtresine 01.01.2020 baslangic degerini yaz: Filtrelerden Oluşturma Tarihi filtresine 01.01.2020 baslangic degerini yaz

2021-11-18 11:22:58 - [MESSAGE][PASSED] - Filtrelerden Oluşturma Tarihi filtresine 01.01.2020 baslangic degerini yaz

2021-11-18 11:22:58 - [TEST_STEP][PASSED] - Filtrelerden Oluşturma Tarihi filtresine 31.12.2020 bitis degerini yaz: Filtrelerden Oluşturma Tarihi filtresine 31.12.2020 bitis degerini yaz

2021-11-18 11:22:58 - [MESSAGE][PASSED] - Filtrelerden Oluşturma Tarihi filtresine 31.12.2020 bitis degerini yaz

2021-11-18 11:22:58 - [TEST_STEP][PASSED] - Filtrelerden Gönderici Ünvanı filtresine Logo Elektronik GIB Test textini yaz: Filtrelerden Gönderici Ünvanı filtresine Logo Elektronik GIB Test textini yaz

2021-11-18 11:22:58 - [MESSAGE][PASSED] - Filtrelerden Gönderici Ünvanı filtresine Logo Elektronik GIB Test textini yaz

2021-11-18 11:22:58 - [TEST_STEP][PASSED] - Filtre butonlarından Listele seçilir: Filtre butonlarından Listele seçilir

2021-11-18 11:22:58 - [MESSAGE][PASSED] - Filtre butonlarından Listele seçilir

2021-11-18 11:22:58 - [TEST_STEP][PASSED] - Tabloda veri var mı kontrol edilir: Tabloda veri var mı kontrol edilir

2021-11-18 11:22:58 - [MESSAGE][PASSED] - Tabloda veri var mı kontrol edilir

2021-11-18 11:22:58 - [TEST_STEP][PASSED] - Filtrelerden Gönderici Ünvanı filtresine Logo Elektronik textini yaz: Filtrelerden Gönderici Ünvanı filtresine Logo Elektronik textini yaz

2021-11-18 11:22:58 - [MESSAGE][PASSED] - Filtrelerden Gönderici Ünvanı filtresine Logo Elektronik textini yaz

2021-11-18 11:22:58 - [TEST_STEP][PASSED] - Filtre butonlarından Listele seçilir: Filtre butonlarından Listele seçilir

2021-11-18 11:22:58 - [MESSAGE][PASSED] - Filtre butonlarından Listele seçilir

2021-11-18 11:22:58 - [TEST_STEP][PASSED] - Tabloda veri var mı kontrol edilir: Tabloda veri var mı kontrol edilir

2021-11-18 11:22:58 - [MESSAGE][PASSED] - Tabloda veri var mı kontrol edilir

2021-11-18 11:22:58 - [TEST_STEP][PASSED] - Filtrelerden Gönderici Ünvanı filtresine *Elektronik GIB Test textini yaz: Filtrelerden Gönderici Ünvanı filtresine *Elektronik GIB Test textini yaz

2021-11-18 11:22:58 - [MESSAGE][PASSED] - Filtrelerden Gönderici Ünvanı filtresine *Elektronik GIB Test textini yaz

2021-11-18 11:22:58 - [TEST_STEP][PASSED] - Filtre butonlarından Listele seçilir: Filtre butonlarından Listele seçilir

2021-11-18 11:22:58 - [MESSAGE][PASSED] - Filtre butonlarından Listele seçilir

2021-11-18 11:22:58 - [TEST_STEP][PASSED] - Tabloda veri var mı kontrol edilir: Tabloda veri var mı kontrol edilir

2021-11-18 11:22:58 - [MESSAGE][PASSED] - Tabloda veri var mı kontrol edilir

2021-11-18 11:22:58 - [TEST_STEP][PASSED] - Filtrelerden Gönderici Ünvanı filtresine Logo Elektronik* textini yaz: Filtrelerden Gönderici Ünvanı filtresine Logo Elektronik* textini yaz

2021-11-18 11:22:58 - [MESSAGE][PASSED] - Filtrelerden Gönderici Ünvanı filtresine Logo Elektronik* textini yaz

2021-11-18 11:22:58 - [TEST_STEP][PASSED] - Filtre butonlarından Listele seçilir: Filtre butonlarından Listele seçilir

2021-11-18 11:22:58 - [MESSAGE][PASSED] - Filtre butonlarından Listele seçilir

2021-11-18 11:22:58 - [TEST_STEP][PASSED] - Tabloda veri var mı kontrol edilir: Tabloda veri var mı kontrol edilir

2021-11-18 11:22:58 - [MESSAGE][PASSED] - Tabloda veri var mı kontrol edilir

2021-11-18 11:22:58 - [TEST_STEP][PASSED] - Filtrelerden Gönderici Ünvanı filtresine *Elektronik* textini yaz: Filtrelerden Gönderici Ünvanı filtresine *Elektronik* textini yaz

2021-11-18 11:22:58 - [MESSAGE][PASSED] - Filtrelerden Gönderici Ünvanı filtresine *Elektronik* textini yaz

2021-11-18 11:22:58 - [TEST_STEP][PASSED] - Filtre butonlarından Listele seçilir: Filtre butonlarından Listele seçilir

2021-11-18 11:22:58 - [MESSAGE][PASSED] - Filtre butonlarından Listele seçilir

2021-11-18 11:22:58 - [TEST_STEP][PASSED] - Tabloda veri var mı kontrol edilir: Tabloda veri var mı kontrol edilir

2021-11-18 11:22:58 - [MESSAGE][PASSED] - Tabloda veri var mı kontrol edilir

2021-11-18 11:22:58 - [TEST_STEP][PASSED] - Filtrelerden Gönderici Ünvanı filtresinin iceriğini sil: Filtrelerden Gönderici Ünvanı filtresinin iceriğini sil

2021-11-18 11:22:58 - [MESSAGE][PASSED] - Filtrelerden Gönderici Ünvanı filtresinin iceriğini sil

2021-11-18 11:22:58 - [TEST_STEP][PASSED] - Filtrelerden Gönd. VKN/TCKN filtresine 6090408038 textini yaz: Filtrelerden Gönd. VKN/TCKN filtresine 6090408038 textini yaz

2021-11-18 11:22:58 - [MESSAGE][PASSED] - Filtrelerden Gönd. VKN/TCKN filtresine 6090408038 textini yaz

2021-11-18 11:22:58 - [TEST_STEP][PASSED] - Filtre butonlarından Listele seçilir: Filtre butonlarından Listele seçilir

2021-11-18 11:22:58 - [MESSAGE][PASSED] - Filtre butonlarından Listele seçilir

2021-11-18 11:22:58 - [TEST_STEP][PASSED] - Tabloda veri var mı kontrol edilir: Tabloda veri var mı kontrol edilir

2021-11-18 11:22:58 - [MESSAGE][PASSED] - Tabloda veri var mı kontrol edilir

2021-11-18 11:22:58 - [TEST_STEP][PASSED] - Filtrelerden Gönd. VKN/TCKN filtresine *90408038 textini yaz: Filtrelerden Gönd. VKN/TCKN filtresine *90408038 textini yaz

2021-11-18 11:22:58 - [MESSAGE][PASSED] - Filtrelerden Gönd. VKN/TCKN filtresine *90408038 textini yaz

2021-11-18 11:22:58 - [TEST_STEP][PASSED] - Filtre butonlarından Listele seçilir: Filtre butonlarından Listele seçilir

2021-11-18 11:22:58 - [MESSAGE][PASSED] - Filtre butonlarından Listele seçilir

2021-11-18 11:22:58 - [TEST_STEP][PASSED] - Tabloda veri var mı kontrol edilir: Tabloda veri var mı kontrol edilir

2021-11-18 11:22:58 - [MESSAGE][PASSED] - Tabloda veri var mı kontrol edilir

2021-11-18 11:22:58 - [TEST_STEP][PASSED] - Filtrelerden Gönd. VKN/TCKN filtresine 6090408* textini yaz: Filtrelerden Gönd. VKN/TCKN filtresine 6090408* textini yaz

2021-11-18 11:22:58 - [MESSAGE][PASSED] - Filtrelerden Gönd. VKN/TCKN filtresine 6090408* textini yaz

2021-11-18 11:22:58 - [TEST_STEP][PASSED] - Filtre butonlarından Listele seçilir: Filtre butonlarından Listele seçilir

2021-11-18 11:22:58 - [MESSAGE][PASSED] - Filtre butonlarından Listele seçilir

2021-11-18 11:22:58 - [TEST_STEP][PASSED] - Tabloda veri var mı kontrol edilir: Tabloda veri var mı kontrol edilir

2021-11-18 11:22:58 - [MESSAGE][PASSED] - Tabloda veri var mı kontrol edilir

2021-11-18 11:22:58 - [TEST_STEP][PASSED] - Filtrelerden Gönd. VKN/TCKN filtresine *90408* textini yaz: Filtrelerden Gönd. VKN/TCKN filtresine *90408* textini yaz

2021-11-18 11:22:58 - [MESSAGE][PASSED] - Filtrelerden Gönd. VKN/TCKN filtresine *90408* textini yaz

2021-11-18 11:22:58 - [TEST_STEP][PASSED] - Filtre butonlarından Listele seçilir: Filtre butonlarından Listele seçilir

2021-11-18 11:22:58 - [MESSAGE][PASSED] - Filtre butonlarından Listele seçilir

2021-11-18 11:22:58 - [TEST_STEP][PASSED] - Tabloda veri var mı kontrol edilir: Tabloda veri var mı kontrol edilir

2021-11-18 11:22:58 - [MESSAGE][PASSED] - Tabloda veri var mı kontrol edilir

2021-11-18 11:22:58 - [TEST_STEP][PASSED] - Filtrelerden Gönd. VKN/TCKN filtresinin iceriğini sil: Filtrelerden Gönd. VKN/TCKN filtresinin iceriğini sil

2021-11-18 11:22:58 - [MESSAGE][PASSED] - Filtrelerden Gönd. VKN/TCKN filtresinin iceriğini sil

2021-11-18 11:22:58 - [TEST_STEP][PASSED] - Filtrelerden İrsaliye No filtresine AAA2020000000003 textini yaz: Filtrelerden İrsaliye No filtresine AAA2020000000003 textini yaz

2021-11-18 11:22:58 - [MESSAGE][PASSED] - Filtrelerden İrsaliye No filtresine AAA2020000000003 textini yaz

2021-11-18 11:22:58 - [TEST_STEP][PASSED] - Filtre butonlarından Listele seçilir: Filtre butonlarından Listele seçilir

2021-11-18 11:22:58 - [MESSAGE][PASSED] - Filtre butonlarından Listele seçilir

2021-11-18 11:22:58 - [TEST_STEP][PASSED] - Tabloda veri var mı kontrol edilir: Tabloda veri var mı kontrol edilir

2021-11-18 11:22:58 - [MESSAGE][PASSED] - Tabloda veri var mı kontrol edilir

2021-11-18 11:22:58 - [TEST_STEP][PASSED] - Filtrelerden İrsaliye No filtresine *A2020000000003 textini yaz: Filtrelerden İrsaliye No filtresine *A2020000000003 textini yaz

2021-11-18 11:22:58 - [MESSAGE][PASSED] - Filtrelerden İrsaliye No filtresine *A2020000000003 textini yaz

2021-11-18 11:22:58 - [TEST_STEP][PASSED] - Filtre butonlarından Listele seçilir: Filtre butonlarından Listele seçilir

2021-11-18 11:22:58 - [MESSAGE][PASSED] - Filtre butonlarından Listele seçilir

2021-11-18 11:22:58 - [TEST_STEP][PASSED] - Tabloda veri var mı kontrol edilir: Tabloda veri var mı kontrol edilir

2021-11-18 11:22:58 - [MESSAGE][PASSED] - Tabloda veri var mı kontrol edilir

2021-11-18 11:22:58 - [TEST_STEP][PASSED] - Filtrelerden İrsaliye No filtresine AAA2020000000* textini yaz: Filtrelerden İrsaliye No filtresine AAA2020000000* textini yaz

2021-11-18 11:22:58 - [MESSAGE][PASSED] - Filtrelerden İrsaliye No filtresine AAA2020000000* textini yaz

2021-11-18 11:22:58 - [TEST_STEP][PASSED] - Filtre butonlarından Listele seçilir: Filtre butonlarından Listele seçilir

2021-11-18 11:22:58 - [MESSAGE][PASSED] - Filtre butonlarından Listele seçilir

2021-11-18 11:22:58 - [TEST_STEP][PASSED] - Tabloda veri var mı kontrol edilir: Tabloda veri var mı kontrol edilir

2021-11-18 11:22:58 - [MESSAGE][PASSED] - Tabloda veri var mı kontrol edilir

2021-11-18 11:22:58 - [TEST_STEP][PASSED] - Filtrelerden İrsaliye No filtresine *A2020000000* textini yaz: Filtrelerden İrsaliye No filtresine *A2020000000* textini yaz

2021-11-18 11:22:58 - [MESSAGE][PASSED] - Filtrelerden İrsaliye No filtresine *A2020000000* textini yaz

2021-11-18 11:22:58 - [TEST_STEP][PASSED] - Filtre butonlarından Listele seçilir: Filtre butonlarından Listele seçilir

2021-11-18 11:22:58 - [MESSAGE][PASSED] - Filtre butonlarından Listele seçilir

2021-11-18 11:22:58 - [TEST_STEP][PASSED] - Tabloda veri var mı kontrol edilir: Tabloda veri var mı kontrol edilir

2021-11-18 11:22:58 - [MESSAGE][PASSED] - Tabloda veri var mı kontrol edilir

2021-11-18 11:22:58 - [TEST_STEP][PASSED] - Kullanıcı işlemlerinden Çıkış seçilir: Kullanıcı işlemlerinden Çıkış seçilir

2021-11-18 11:22:58 - [MESSAGE][PASSED] - Kullanıcı işlemlerinden Çıkış seçilir

2021-11-18 11:22:58 - [MESSAGE][PASSED] - Feature file: 'Include/features/e-Irsaliye/Gelen Kutusu/Irsaliyeler/Ekran Kontrolu.feature' was passed

2021-11-18 11:22:58 - [TEST_STEP][PASSED] - Start listener action : sampleAfterTestSuite: Invoke 'com.kms.katalon.core.annotation.AfterTestCase' method: 'Listener.sampleAfterTestSuite(...)' completed.

2021-11-18 11:22:58 - [MESSAGE][INFO] - Starting invoke 'com.kms.katalon.core.annotation.AfterTestCase' method: 'Listener.sampleAfterTestSuite(...)'

2021-11-18 11:22:58 - [TEST_STEP][PASSED] - closeBrowser(): Invoke 'com.kms.katalon.core.annotation.AfterTestCase' method: 'Listener.sampleAfterTestSuite(...)' completed.

2021-11-18 11:22:58 - [MESSAGE][INFO] - Closing browser

2021-11-18 11:22:58 - [MESSAGE][PASSED] - Browser is closed

2021-11-18 11:22:58 - [MESSAGE][INFO] - Invoke 'com.kms.katalon.core.annotation.AfterTestCase' method: 'Listener.sampleAfterTestSuite(...)' completed.]]></system-out>
         <system-err><![CDATA[]]></system-err>
      </testcase>
      <testcase name="Test Cases/Case Repository/e-Irsaliye/Gelen Kutusu/Irsaliyeler/Gorseli Ac" time="40.149" classname="Test Cases/Case Repository/e-Irsaliye/Gelen Kutusu/Irsaliyeler/Gorseli Ac" status="PASSED">
         <system-out><![CDATA[2021-11-18 11:22:58 - [TEST_CASE][PASSED] - Test Cases/Case Repository/e-Irsaliye/Gelen Kutusu/Irsaliyeler/Gorseli Ac: Test Cases/Case Repository/e-Irsaliye/Gelen Kutusu/Irsaliyeler/Gorseli Ac

2021-11-18 11:22:58 - [TEST_STEP][PASSED] - Start listener action : sampleBeforeTestSuite: Invoke 'com.kms.katalon.core.annotation.BeforeTestCase' method: 'Listener.sampleBeforeTestSuite(...)' completed.

2021-11-18 11:22:58 - [MESSAGE][INFO] - Starting invoke 'com.kms.katalon.core.annotation.BeforeTestCase' method: 'Listener.sampleBeforeTestSuite(...)'

2021-11-18 11:22:58 - [TEST_STEP][PASSED] - openBrowser(baseUrl): Browser is opened with url: 'https://efatura-stage.elogo.com.tr/'

2021-11-18 11:22:58 - [MESSAGE][INFO] - Opening browser

2021-11-18 11:22:58 - [MESSAGE][INFO] - Starting 'Chrome' driver

2021-11-18 11:22:58 - [MESSAGE][INFO] - User set preference: ['prefs', '{download.default_directory=C:\otomasyondownfiles}']

2021-11-18 11:22:58 - [MESSAGE][INFO] - Action delay is set to 0 milliseconds

2021-11-18 11:23:00 - [MESSAGE][INFO] - Navigating browser to: 'https://efatura-stage.elogo.com.tr/'

2021-11-18 11:23:02 - [MESSAGE][PASSED] - Browser is opened with url: 'https://efatura-stage.elogo.com.tr/'

2021-11-18 11:23:02 - [TEST_STEP][PASSED] - maximizeWindow(): Invoke 'com.kms.katalon.core.annotation.BeforeTestCase' method: 'Listener.sampleBeforeTestSuite(...)' completed.

2021-11-18 11:23:02 - [MESSAGE][INFO] - Maximizing current window

2021-11-18 11:23:02 - [MESSAGE][PASSED] - Current window maximized

2021-11-18 11:23:02 - [MESSAGE][INFO] - Invoke 'com.kms.katalon.core.annotation.BeforeTestCase' method: 'Listener.sampleBeforeTestSuite(...)' completed.

2021-11-18 11:23:03 - [TEST_STEP][PASSED] - runFeatureFile("Include/features/e-Irsaliye/Gelen Kutusu/Irsaliyeler/Gorseli Ac.feature"): Feature file: 'Include/features/e-Irsaliye/Gelen Kutusu/Irsaliyeler/Gorseli Ac.feature' was passed

2021-11-18 11:23:03 - [MESSAGE][INFO] - Starting run keyword runFeatureFile: 'Include/features/e-Irsaliye/Gelen Kutusu/Irsaliyeler/Gorseli Ac.feature' and extract report to folder: 'C:\Users\DELL\Documents\GitHub\EES_KatalonLogo\Reports\20211118_110909\Suite Repository\e-Irsaliye\20211118_110920/cucumber_report/1637223783302'...

2021-11-18 11:23:03 - [MESSAGE][INFO] - Glue: []

2021-11-18 11:23:05 - [MESSAGE][INFO] - Checking called Test Case

2021-11-18 11:23:05 - [MESSAGE][INFO] - Starting to call Test Case 'Test Cases/Sayfalar/Giris_Sayfasi/Login'

2021-11-18 11:23:05 - [TEST_CASE][PASSED] - Test Cases/Sayfalar/Giris_Sayfasi/Login: Test Cases/Sayfalar/Giris_Sayfasi/Login

2021-11-18 11:23:05 - [TEST_STEP][PASSED] - Sayfa_Basligi = getWindowTitle(): Current window's title is: 'LOGO e-Fatura'

2021-11-18 11:23:05 - [MESSAGE][INFO] - Getting current window's title

2021-11-18 11:23:05 - [MESSAGE][PASSED] - Current window's title is: 'LOGO e-Fatura'

2021-11-18 11:23:05 - [TEST_STEP][PASSED] - verifyMatch(Sayfa_Basligi, "LOGO e-Fatura", false): Actual text 'LOGO e-Fatura' and expected text 'LOGO e-Fatura' are matched 

2021-11-18 11:23:05 - [MESSAGE][INFO] - Matching actual text 'LOGO e-Fatura' with expected text 'LOGO e-Fatura'

2021-11-18 11:23:05 - [MESSAGE][PASSED] - Actual text 'LOGO e-Fatura' and expected text 'LOGO e-Fatura' are matched 

2021-11-18 11:23:05 - [TEST_STEP][PASSED] - sendKeys(findTestObject("Sayfalar/Giris_Sayfasi/Firma_Kodu"), KullaniciAdi): Keys 'ELOGO6' sent to object: 'Object Repository/Sayfalar/Giris_Sayfasi/Firma_Kodu'

2021-11-18 11:23:05 - [MESSAGE][INFO] - Finding Test Object 'Object Repository/Sayfalar/Giris_Sayfasi/Firma_Kodu'

2021-11-18 11:23:05 - [MESSAGE][INFO] - Sending keys 'ELOGO6' to object: 'Object Repository/Sayfalar/Giris_Sayfasi/Firma_Kodu'

2021-11-18 11:23:05 - [MESSAGE][INFO] - Finding web element from Test Object's properties

2021-11-18 11:23:05 - [MESSAGE][INFO] - Checking timeout

2021-11-18 11:23:05 - [MESSAGE][INFO] - Finding web element with id: 'Object Repository/Sayfalar/Giris_Sayfasi/Firma_Kodu' located by 'By.xpath: //*[@id = 'AccountName']' in '30' second(s)

2021-11-18 11:23:05 - [MESSAGE][INFO] - Smart Wait Function is triggered

2021-11-18 11:23:05 - [MESSAGE][INFO] - Found 1 web elements with id: 'Object Repository/Sayfalar/Giris_Sayfasi/Firma_Kodu' located by 'By.xpath: //*[@id = 'AccountName']' in '30' second(s)

2021-11-18 11:23:05 - [MESSAGE][PASSED] - Keys 'ELOGO6' sent to object: 'Object Repository/Sayfalar/Giris_Sayfasi/Firma_Kodu'

2021-11-18 11:23:05 - [TEST_STEP][PASSED] - sendKeys(findTestObject("Sayfalar/Giris_Sayfasi/Sifre"), Sifre): Keys '123456' sent to object: 'Object Repository/Sayfalar/Giris_Sayfasi/Sifre'

2021-11-18 11:23:05 - [MESSAGE][INFO] - Finding Test Object 'Object Repository/Sayfalar/Giris_Sayfasi/Sifre'

2021-11-18 11:23:06 - [MESSAGE][INFO] - Sending keys '123456' to object: 'Object Repository/Sayfalar/Giris_Sayfasi/Sifre'

2021-11-18 11:23:06 - [MESSAGE][INFO] - Finding web element from Test Object's properties

2021-11-18 11:23:06 - [MESSAGE][INFO] - Checking timeout

2021-11-18 11:23:06 - [MESSAGE][INFO] - Finding web element with id: 'Object Repository/Sayfalar/Giris_Sayfasi/Sifre' located by 'By.xpath: //*[@id = 'Password']' in '30' second(s)

2021-11-18 11:23:06 - [MESSAGE][INFO] - Smart Wait Function is triggered

2021-11-18 11:23:06 - [MESSAGE][INFO] - Found 1 web elements with id: 'Object Repository/Sayfalar/Giris_Sayfasi/Sifre' located by 'By.xpath: //*[@id = 'Password']' in '30' second(s)

2021-11-18 11:23:06 - [MESSAGE][PASSED] - Keys '123456' sent to object: 'Object Repository/Sayfalar/Giris_Sayfasi/Sifre'

2021-11-18 11:23:06 - [TEST_STEP][PASSED] - findWebElement(findTestObject("Sayfalar/Giris_Sayfasi/Giris_Butonu")).click(): Found 1 web elements with id: 'Object Repository/Sayfalar/Giris_Sayfasi/Giris_Butonu' located by 'By.cssSelector: #btnLogin' in '30' second(s)

2021-11-18 11:23:06 - [MESSAGE][INFO] - Finding Test Object 'Object Repository/Sayfalar/Giris_Sayfasi/Giris_Butonu'

2021-11-18 11:23:06 - [MESSAGE][INFO] - Finding web element from Test Object's properties

2021-11-18 11:23:06 - [MESSAGE][INFO] - Checking timeout

2021-11-18 11:23:06 - [MESSAGE][INFO] - Finding web element with id: 'Object Repository/Sayfalar/Giris_Sayfasi/Giris_Butonu' located by 'By.cssSelector: #btnLogin' in '30' second(s)

2021-11-18 11:23:06 - [MESSAGE][INFO] - Smart Wait Function is triggered

2021-11-18 11:23:06 - [MESSAGE][INFO] - Found 1 web elements with id: 'Object Repository/Sayfalar/Giris_Sayfasi/Giris_Butonu' located by 'By.cssSelector: #btnLogin' in '30' second(s)

2021-11-18 11:23:09 - [TEST_STEP][PASSED] - if (verifyElementPresent(findTestObject("Object Repository/Sayfalar/Giris_Sayfasi/RetveTamam_Butonu"), 5, OPTIONAL)): null

2021-11-18 11:23:09 - [MESSAGE][INFO] - Finding Test Object 'Object Repository/Sayfalar/Giris_Sayfasi/RetveTamam_Butonu'

2021-11-18 11:23:10 - [MESSAGE][INFO] - Checking object

2021-11-18 11:23:10 - [MESSAGE][INFO] - Finding web element from Test Object's properties

2021-11-18 11:23:10 - [MESSAGE][INFO] - Checking timeout

2021-11-18 11:23:10 - [MESSAGE][INFO] - Finding web element with id: 'Object Repository/Sayfalar/Giris_Sayfasi/RetveTamam_Butonu' located by 'By.xpath: //*[@class = 'btn btn-default']' in '5' second(s)

2021-11-18 11:23:10 - [MESSAGE][INFO] - Smart Wait Function is triggered

2021-11-18 11:23:10 - [MESSAGE][INFO] - Found 1 web elements with id: 'Object Repository/Sayfalar/Giris_Sayfasi/RetveTamam_Butonu' located by 'By.xpath: //*[@class = 'btn btn-default']' in '5' second(s)

2021-11-18 11:23:10 - [MESSAGE][PASSED] - Object 'Object Repository/Sayfalar/Giris_Sayfasi/RetveTamam_Butonu' is present

2021-11-18 11:23:10 - [TEST_STEP][PASSED] - click(findTestObject("Object Repository/Sayfalar/Giris_Sayfasi/RetveTamam_Butonu")): Object: 'Object Repository/Sayfalar/Giris_Sayfasi/RetveTamam_Butonu' is clicked on

2021-11-18 11:23:10 - [MESSAGE][INFO] - Finding Test Object 'Object Repository/Sayfalar/Giris_Sayfasi/RetveTamam_Butonu'

2021-11-18 11:23:10 - [MESSAGE][INFO] - Checking object

2021-11-18 11:23:10 - [MESSAGE][INFO] - Finding web element from Test Object's properties

2021-11-18 11:23:10 - [MESSAGE][INFO] - Checking timeout

2021-11-18 11:23:10 - [MESSAGE][INFO] - Finding web element with id: 'Object Repository/Sayfalar/Giris_Sayfasi/RetveTamam_Butonu' located by 'By.xpath: //*[@class = 'btn btn-default']' in '30' second(s)

2021-11-18 11:23:10 - [MESSAGE][INFO] - Smart Wait Function is triggered

2021-11-18 11:23:10 - [MESSAGE][INFO] - Found 1 web elements with id: 'Object Repository/Sayfalar/Giris_Sayfasi/RetveTamam_Butonu' located by 'By.xpath: //*[@class = 'btn btn-default']' in '30' second(s)

2021-11-18 11:23:10 - [MESSAGE][INFO] - Clicking on object: 'Object Repository/Sayfalar/Giris_Sayfasi/RetveTamam_Butonu'

2021-11-18 11:23:10 - [MESSAGE][PASSED] - Object: 'Object Repository/Sayfalar/Giris_Sayfasi/RetveTamam_Butonu' is clicked on

2021-11-18 11:23:10 - [TEST_STEP][PASSED] - click(findTestObject("Object Repository/Sayfalar/Giris_Sayfasi/RetveTamam_Butonu")): Object: 'Object Repository/Sayfalar/Giris_Sayfasi/RetveTamam_Butonu' is clicked on

2021-11-18 11:23:10 - [MESSAGE][INFO] - Finding Test Object 'Object Repository/Sayfalar/Giris_Sayfasi/RetveTamam_Butonu'

2021-11-18 11:23:10 - [MESSAGE][INFO] - Checking object

2021-11-18 11:23:10 - [MESSAGE][INFO] - Finding web element from Test Object's properties

2021-11-18 11:23:10 - [MESSAGE][INFO] - Checking timeout

2021-11-18 11:23:10 - [MESSAGE][INFO] - Finding web element with id: 'Object Repository/Sayfalar/Giris_Sayfasi/RetveTamam_Butonu' located by 'By.xpath: //*[@class = 'btn btn-default']' in '30' second(s)

2021-11-18 11:23:10 - [MESSAGE][INFO] - Smart Wait Function is triggered

2021-11-18 11:23:16 - [MESSAGE][INFO] - Found 1 web elements with id: 'Object Repository/Sayfalar/Giris_Sayfasi/RetveTamam_Butonu' located by 'By.xpath: //*[@class = 'btn btn-default']' in '30' second(s)

2021-11-18 11:23:16 - [MESSAGE][INFO] - Clicking on object: 'Object Repository/Sayfalar/Giris_Sayfasi/RetveTamam_Butonu'

2021-11-18 11:23:16 - [MESSAGE][PASSED] - Object: 'Object Repository/Sayfalar/Giris_Sayfasi/RetveTamam_Butonu' is clicked on

2021-11-18 11:23:16 - [TEST_STEP][PASSED] - if (verifyElementPresent(findTestObject("Sayfalar/Giris_Sayfasi/PopupOK"), 5, OPTIONAL)): null

2021-11-18 11:23:16 - [MESSAGE][INFO] - Finding Test Object 'Object Repository/Sayfalar/Giris_Sayfasi/PopupOK'

2021-11-18 11:23:16 - [MESSAGE][INFO] - Checking object

2021-11-18 11:23:16 - [MESSAGE][INFO] - Finding web element from Test Object's properties

2021-11-18 11:23:16 - [MESSAGE][INFO] - Checking timeout

2021-11-18 11:23:16 - [MESSAGE][INFO] - Finding web element with id: 'Object Repository/Sayfalar/Giris_Sayfasi/PopupOK' located by 'By.cssSelector: .btn.btn-success' in '5' second(s)

2021-11-18 11:23:16 - [MESSAGE][INFO] - Smart Wait Function is triggered

2021-11-18 11:23:17 - [MESSAGE][INFO] - Found 1 web elements with id: 'Object Repository/Sayfalar/Giris_Sayfasi/PopupOK' located by 'By.cssSelector: .btn.btn-success' in '5' second(s)

2021-11-18 11:23:17 - [MESSAGE][PASSED] - Object 'Object Repository/Sayfalar/Giris_Sayfasi/PopupOK' is present

2021-11-18 11:23:17 - [TEST_STEP][PASSED] - click(findTestObject("Object Repository/Sayfalar/Giris_Sayfasi/PopupCarpiGiris")): Object: 'Object Repository/Sayfalar/Giris_Sayfasi/PopupCarpiGiris' is clicked on

2021-11-18 11:23:17 - [MESSAGE][INFO] - Finding Test Object 'Object Repository/Sayfalar/Giris_Sayfasi/PopupCarpiGiris'

2021-11-18 11:23:17 - [MESSAGE][INFO] - Checking object

2021-11-18 11:23:17 - [MESSAGE][INFO] - Finding web element from Test Object's properties

2021-11-18 11:23:17 - [MESSAGE][INFO] - Checking timeout

2021-11-18 11:23:17 - [MESSAGE][INFO] - Finding web element with id: 'Object Repository/Sayfalar/Giris_Sayfasi/PopupCarpiGiris' located by 'By.cssSelector: .bootbox-close-button.close' in '30' second(s)

2021-11-18 11:23:17 - [MESSAGE][INFO] - Smart Wait Function is triggered

2021-11-18 11:23:17 - [MESSAGE][INFO] - Found 1 web elements with id: 'Object Repository/Sayfalar/Giris_Sayfasi/PopupCarpiGiris' located by 'By.cssSelector: .bootbox-close-button.close' in '30' second(s)

2021-11-18 11:23:17 - [MESSAGE][INFO] - Clicking on object: 'Object Repository/Sayfalar/Giris_Sayfasi/PopupCarpiGiris'

2021-11-18 11:23:17 - [MESSAGE][PASSED] - Object: 'Object Repository/Sayfalar/Giris_Sayfasi/PopupCarpiGiris' is clicked on

2021-11-18 11:23:17 - [TEST_STEP][PASSED] - verifyElementVisible(findTestObject("Object Repository/Kullanici_Islemleri/KullaniciIslemleri")): Object 'Object Repository/Kullanici_Islemleri/KullaniciIslemleri' is visible

2021-11-18 11:23:17 - [MESSAGE][INFO] - Finding Test Object 'Object Repository/Kullanici_Islemleri/KullaniciIslemleri'

2021-11-18 11:23:17 - [MESSAGE][INFO] - Checking object

2021-11-18 11:23:17 - [MESSAGE][INFO] - Finding web element from Test Object's properties

2021-11-18 11:23:17 - [MESSAGE][INFO] - Checking timeout

2021-11-18 11:23:17 - [MESSAGE][INFO] - Finding web element with id: 'Object Repository/Kullanici_Islemleri/KullaniciIslemleri' located by 'By.cssSelector: .dropdown>a>img' in '30' second(s)

2021-11-18 11:23:17 - [MESSAGE][INFO] - Smart Wait Function is triggered

2021-11-18 11:23:18 - [MESSAGE][INFO] - Found 1 web elements with id: 'Object Repository/Kullanici_Islemleri/KullaniciIslemleri' located by 'By.cssSelector: .dropdown>a>img' in '30' second(s)

2021-11-18 11:23:18 - [MESSAGE][PASSED] - Object 'Object Repository/Kullanici_Islemleri/KullaniciIslemleri' is visible

2021-11-18 11:23:18 - [MESSAGE][PASSED] - Call Test Case 'Test Cases/Sayfalar/Giris_Sayfasi/Login' successfully

2021-11-18 11:23:18 - [MESSAGE][INFO] - Checking called Test Case

2021-11-18 11:23:18 - [MESSAGE][INFO] - Starting to call Test Case 'Test Cases/Menu/AnaMenuSecimi'

2021-11-18 11:23:18 - [TEST_CASE][PASSED] - Test Cases/Menu/AnaMenuSecimi: Test Cases/Menu/AnaMenuSecimi

2021-11-18 11:23:18 - [TEST_STEP][PASSED] - Method.TextDegerineEsitElementeTikla(findTestObject("Menu/Ana_Menu"), Ana_Menu): Method.TextDegerineEsitElementeTikla is PASSED

2021-11-18 11:23:18 - [MESSAGE][INFO] - Finding Test Object 'Object Repository/Menu/Ana_Menu'

2021-11-18 11:23:18 - [MESSAGE][INFO] - Checking timeout

2021-11-18 11:23:18 - [MESSAGE][INFO] - Finding web element with id: 'Object Repository/Menu/Ana_Menu' located by 'By.xpath: //*[@class = 'dropdown-toggle']' in '10' second(s)

2021-11-18 11:23:18 - [MESSAGE][INFO] - Smart Wait Function is triggered

2021-11-18 11:23:19 - [MESSAGE][INFO] - Found 14 web elements with id: 'Object Repository/Menu/Ana_Menu' located by 'By.xpath: //*[@class = 'dropdown-toggle']' in '10' second(s)

2021-11-18 11:23:19 - [MESSAGE][PASSED] - Method.TextDegerineEsitElementeTikla is PASSED

2021-11-18 11:23:19 - [MESSAGE][PASSED] - Call Test Case 'Test Cases/Menu/AnaMenuSecimi' successfully

2021-11-18 11:23:19 - [MESSAGE][INFO] - Checking called Test Case

2021-11-18 11:23:19 - [MESSAGE][INFO] - Starting to call Test Case 'Test Cases/Menu/BasligaGoreAltMenuSecimi'

2021-11-18 11:23:19 - [TEST_CASE][PASSED] - Test Cases/Menu/BasligaGoreAltMenuSecimi: Test Cases/Menu/BasligaGoreAltMenuSecimi

2021-11-18 11:23:19 - [TEST_STEP][PASSED] - Method.TextDegerineEsitElementinAltindakiTextDegerineEsitOlanaTikla(findTestObject("Menu/Menu_Basligi"), findTestObject("Menu/Basliga_Gore_Alt_Menu"), Baslik, Alt_Menu): Method.TextDegerineEsitElementinAltindakiTextDegerineEsitOlanaTikla is PASSED

2021-11-18 11:23:19 - [MESSAGE][INFO] - Finding Test Object 'Object Repository/Menu/Menu_Basligi'

2021-11-18 11:23:19 - [MESSAGE][INFO] - Finding Test Object 'Object Repository/Menu/Basliga_Gore_Alt_Menu'

2021-11-18 11:23:19 - [MESSAGE][INFO] - Checking timeout

2021-11-18 11:23:19 - [MESSAGE][INFO] - Finding web element with id: 'Object Repository/Menu/Menu_Basligi' located by 'By.xpath: //li[@class='dropdown dropdown-large open']//li[@class='dropdown-header']' in '10' second(s)

2021-11-18 11:23:19 - [MESSAGE][INFO] - Smart Wait Function is triggered

2021-11-18 11:23:19 - [MESSAGE][INFO] - Found 3 web elements with id: 'Object Repository/Menu/Menu_Basligi' located by 'By.xpath: //li[@class='dropdown dropdown-large open']//li[@class='dropdown-header']' in '10' second(s)

2021-11-18 11:23:19 - [MESSAGE][INFO] - Smart Wait Function is triggered

2021-11-18 11:23:22 - [MESSAGE][PASSED] - Method.TextDegerineEsitElementinAltindakiTextDegerineEsitOlanaTikla is PASSED

2021-11-18 11:23:22 - [MESSAGE][PASSED] - Call Test Case 'Test Cases/Menu/BasligaGoreAltMenuSecimi' successfully

2021-11-18 11:23:22 - [MESSAGE][INFO] - Checking called Test Case

2021-11-18 11:23:22 - [MESSAGE][INFO] - Starting to call Test Case 'Test Cases/Filtreler/BaslangicYaz'

2021-11-18 11:23:22 - [TEST_CASE][PASSED] - Test Cases/Filtreler/BaslangicYaz: Test Cases/Filtreler/BaslangicYaz

2021-11-18 11:23:22 - [TEST_STEP][PASSED] - delay(3): Delayed 3 second(s)

2021-11-18 11:23:22 - [MESSAGE][INFO] - Delaying browser in 3 second(s)

2021-11-18 11:23:25 - [MESSAGE][PASSED] - Delayed 3 second(s)

2021-11-18 11:23:25 - [TEST_STEP][PASSED] - Method.TextDegerineEsitElementinAltindakineTikla(findTestObject("Filtreler/Basliklar"), findTestObject("Filtreler/Basliga_Gore_Baslangic_Image"), Filtre_Adi): Method.TextDegerineEsitElementinAltindakineTikla is PASSED

2021-11-18 11:23:25 - [MESSAGE][INFO] - Finding Test Object 'Object Repository/Filtreler/Basliklar'

2021-11-18 11:23:25 - [MESSAGE][INFO] - Finding Test Object 'Object Repository/Filtreler/Basliga_Gore_Baslangic_Image'

2021-11-18 11:23:25 - [MESSAGE][INFO] - Checking timeout

2021-11-18 11:23:25 - [MESSAGE][INFO] - Finding web element with id: 'Object Repository/Filtreler/Basliklar' located by 'By.cssSelector: .control-label.col-sm-4.paddingMarginRLC' in '10' second(s)

2021-11-18 11:23:25 - [MESSAGE][INFO] - Smart Wait Function is triggered

2021-11-18 11:23:25 - [MESSAGE][INFO] - Found 18 web elements with id: 'Object Repository/Filtreler/Basliklar' located by 'By.cssSelector: .control-label.col-sm-4.paddingMarginRLC' in '10' second(s)

2021-11-18 11:23:26 - [MESSAGE][INFO] - Smart Wait Function is triggered

2021-11-18 11:23:26 - [MESSAGE][PASSED] - Method.TextDegerineEsitElementinAltindakineTikla is PASSED

2021-11-18 11:23:26 - [TEST_STEP][PASSED] - Method.TextDegerineEsitElementinAltindakiTextboxtaYaz(findTestObject("Filtreler/Basliklar"), findTestObject("Filtreler/Basliga_Gore_Baslangic"), Filtre_Adi, Filtre_Degeri): Method.TextDegerineEsitElementinAltindakiTextboxtaYaz is PASSED

2021-11-18 11:23:26 - [MESSAGE][INFO] - Finding Test Object 'Object Repository/Filtreler/Basliklar'

2021-11-18 11:23:26 - [MESSAGE][INFO] - Finding Test Object 'Object Repository/Filtreler/Basliga_Gore_Baslangic'

2021-11-18 11:23:26 - [MESSAGE][INFO] - Checking timeout

2021-11-18 11:23:26 - [MESSAGE][INFO] - Finding web element with id: 'Object Repository/Filtreler/Basliklar' located by 'By.cssSelector: .control-label.col-sm-4.paddingMarginRLC' in '10' second(s)

2021-11-18 11:23:26 - [MESSAGE][INFO] - Smart Wait Function is triggered

2021-11-18 11:23:27 - [MESSAGE][INFO] - Found 18 web elements with id: 'Object Repository/Filtreler/Basliklar' located by 'By.cssSelector: .control-label.col-sm-4.paddingMarginRLC' in '10' second(s)

2021-11-18 11:23:27 - [MESSAGE][INFO] - Smart Wait Function is triggered

2021-11-18 11:23:27 - [MESSAGE][PASSED] - Method.TextDegerineEsitElementinAltindakiTextboxtaYaz is PASSED

2021-11-18 11:23:27 - [MESSAGE][PASSED] - Call Test Case 'Test Cases/Filtreler/BaslangicYaz' successfully

2021-11-18 11:23:27 - [MESSAGE][INFO] - Checking called Test Case

2021-11-18 11:23:27 - [MESSAGE][INFO] - Starting to call Test Case 'Test Cases/Filtreler/BitisYaz'

2021-11-18 11:23:28 - [TEST_CASE][PASSED] - Test Cases/Filtreler/BitisYaz: Test Cases/Filtreler/BitisYaz

2021-11-18 11:23:28 - [TEST_STEP][PASSED] - Method.TextDegerineEsitElementinAltindakineTikla(findTestObject("Filtreler/Basliklar"), findTestObject("Filtreler/Basliga_Gore_Bitis_Image"), Filtre_Adi): Method.TextDegerineEsitElementinAltindakineTikla is PASSED

2021-11-18 11:23:28 - [MESSAGE][INFO] - Finding Test Object 'Object Repository/Filtreler/Basliklar'

2021-11-18 11:23:28 - [MESSAGE][INFO] - Finding Test Object 'Object Repository/Filtreler/Basliga_Gore_Bitis_Image'

2021-11-18 11:23:28 - [MESSAGE][INFO] - Checking timeout

2021-11-18 11:23:28 - [MESSAGE][INFO] - Finding web element with id: 'Object Repository/Filtreler/Basliklar' located by 'By.cssSelector: .control-label.col-sm-4.paddingMarginRLC' in '10' second(s)

2021-11-18 11:23:28 - [MESSAGE][INFO] - Smart Wait Function is triggered

2021-11-18 11:23:28 - [MESSAGE][INFO] - Found 18 web elements with id: 'Object Repository/Filtreler/Basliklar' located by 'By.cssSelector: .control-label.col-sm-4.paddingMarginRLC' in '10' second(s)

2021-11-18 11:23:28 - [MESSAGE][INFO] - Smart Wait Function is triggered

2021-11-18 11:23:28 - [MESSAGE][PASSED] - Method.TextDegerineEsitElementinAltindakineTikla is PASSED

2021-11-18 11:23:28 - [TEST_STEP][PASSED] - Method.TextDegerineEsitElementinAltindakiTextboxtaYaz(findTestObject("Filtreler/Basliklar"), findTestObject("Object Repository/Filtreler/Basliga_Gore_Bitis"), Filtre_Adi, Filtre_Degeri): Method.TextDegerineEsitElementinAltindakiTextboxtaYaz is PASSED

2021-11-18 11:23:28 - [MESSAGE][INFO] - Finding Test Object 'Object Repository/Filtreler/Basliklar'

2021-11-18 11:23:29 - [MESSAGE][INFO] - Finding Test Object 'Object Repository/Filtreler/Basliga_Gore_Bitis'

2021-11-18 11:23:29 - [MESSAGE][INFO] - Checking timeout

2021-11-18 11:23:29 - [MESSAGE][INFO] - Finding web element with id: 'Object Repository/Filtreler/Basliklar' located by 'By.cssSelector: .control-label.col-sm-4.paddingMarginRLC' in '10' second(s)

2021-11-18 11:23:29 - [MESSAGE][INFO] - Smart Wait Function is triggered

2021-11-18 11:23:29 - [MESSAGE][INFO] - Found 18 web elements with id: 'Object Repository/Filtreler/Basliklar' located by 'By.cssSelector: .control-label.col-sm-4.paddingMarginRLC' in '10' second(s)

2021-11-18 11:23:29 - [MESSAGE][INFO] - Smart Wait Function is triggered

2021-11-18 11:23:30 - [MESSAGE][PASSED] - Method.TextDegerineEsitElementinAltindakiTextboxtaYaz is PASSED

2021-11-18 11:23:30 - [MESSAGE][PASSED] - Call Test Case 'Test Cases/Filtreler/BitisYaz' successfully

2021-11-18 11:23:30 - [MESSAGE][INFO] - Checking called Test Case

2021-11-18 11:23:30 - [MESSAGE][INFO] - Starting to call Test Case 'Test Cases/Filtreler/ButonaTikla'

2021-11-18 11:23:30 - [TEST_CASE][PASSED] - Test Cases/Filtreler/ButonaTikla: Test Cases/Filtreler/ButonaTikla

2021-11-18 11:23:30 - [TEST_STEP][PASSED] - Method.TextDegerineEsitElementeTikla(findTestObject("Filtreler/Butonlar"), Filtre_Buton): Method.TextDegerineEsitElementeTikla is PASSED

2021-11-18 11:23:30 - [MESSAGE][INFO] - Finding Test Object 'Object Repository/Filtreler/Butonlar'

2021-11-18 11:23:30 - [MESSAGE][INFO] - Checking timeout

2021-11-18 11:23:30 - [MESSAGE][INFO] - Finding web element with id: 'Object Repository/Filtreler/Butonlar' located by 'By.cssSelector: .dxb>span' in '10' second(s)

2021-11-18 11:23:30 - [MESSAGE][INFO] - Smart Wait Function is triggered

2021-11-18 11:23:30 - [MESSAGE][INFO] - Found 3 web elements with id: 'Object Repository/Filtreler/Butonlar' located by 'By.cssSelector: .dxb>span' in '10' second(s)

2021-11-18 11:23:30 - [MESSAGE][PASSED] - Method.TextDegerineEsitElementeTikla is PASSED

2021-11-18 11:23:30 - [MESSAGE][PASSED] - Call Test Case 'Test Cases/Filtreler/ButonaTikla' successfully

2021-11-18 11:23:30 - [MESSAGE][INFO] - Checking called Test Case

2021-11-18 11:23:30 - [MESSAGE][INFO] - Starting to call Test Case 'Test Cases/Tablo/TablodaVeriVarMi'

2021-11-18 11:23:31 - [TEST_CASE][PASSED] - Test Cases/Tablo/TablodaVeriVarMi: Test Cases/Tablo/TablodaVeriVarMi

2021-11-18 11:23:31 - [TEST_STEP][PASSED] - verifyTextNotPresent("Görüntülenecek veri yok", true): Text 'Görüntülenecek veri yok' is not present on page using regular expression

2021-11-18 11:23:31 - [MESSAGE][INFO] - Checking text present  using regular expression

2021-11-18 11:23:31 - [MESSAGE][INFO] - Smart Wait Function is triggered

2021-11-18 11:23:31 - [MESSAGE][INFO] - Finding text 'Görüntülenecek veri yok' on page  using regular expression

2021-11-18 11:23:31 - [MESSAGE][PASSED] - Text 'Görüntülenecek veri yok' is not present on page using regular expression

2021-11-18 11:23:31 - [MESSAGE][PASSED] - Call Test Case 'Test Cases/Tablo/TablodaVeriVarMi' successfully

2021-11-18 11:23:31 - [MESSAGE][INFO] - Checking called Test Case

2021-11-18 11:23:31 - [MESSAGE][INFO] - Starting to call Test Case 'Test Cases/Tablo/TablonunButonunaTikla'

2021-11-18 11:23:32 - [TEST_CASE][PASSED] - Test Cases/Tablo/TablonunButonunaTikla: Test Cases/Tablo/TablonunButonunaTikla

2021-11-18 11:23:32 - [TEST_STEP][PASSED] - Method.TextDegerineEsitElementinAltindakiTextDegerineEsitOlanaTikla(findTestObject("Tablo/Veriler"), findTestObject("Tablo/VerininButonu"), Veri, Buton_Adi): Method.TextDegerineEsitElementinAltindakiTextDegerineEsitOlanaTikla is PASSED

2021-11-18 11:23:32 - [MESSAGE][INFO] - Finding Test Object 'Object Repository/Tablo/Veriler'

2021-11-18 11:23:32 - [MESSAGE][INFO] - Finding Test Object 'Object Repository/Tablo/VerininButonu'

2021-11-18 11:23:32 - [MESSAGE][INFO] - Checking timeout

2021-11-18 11:23:32 - [MESSAGE][INFO] - Finding web element with id: 'Object Repository/Tablo/Veriler' located by 'By.cssSelector: td.dxgv b ,td.dxgv' in '10' second(s)

2021-11-18 11:23:32 - [MESSAGE][INFO] - Smart Wait Function is triggered

2021-11-18 11:23:32 - [MESSAGE][INFO] - Found 84 web elements with id: 'Object Repository/Tablo/Veriler' located by 'By.cssSelector: td.dxgv b ,td.dxgv' in '10' second(s)

2021-11-18 11:23:32 - [MESSAGE][INFO] - Smart Wait Function is triggered

2021-11-18 11:23:33 - [MESSAGE][PASSED] - Method.TextDegerineEsitElementinAltindakiTextDegerineEsitOlanaTikla is PASSED

2021-11-18 11:23:33 - [MESSAGE][PASSED] - Call Test Case 'Test Cases/Tablo/TablonunButonunaTikla' successfully

2021-11-18 11:23:33 - [MESSAGE][INFO] - Checking called Test Case

2021-11-18 11:23:33 - [MESSAGE][INFO] - Starting to call Test Case 'Test Cases/Sekmeler/YeniSekmeyeGec'

2021-11-18 11:23:33 - [TEST_CASE][PASSED] - Test Cases/Sekmeler/YeniSekmeyeGec: Test Cases/Sekmeler/YeniSekmeyeGec

2021-11-18 11:23:33 - [TEST_STEP][PASSED] - switchToWindowIndex(1): Switched to window with index: '1'

2021-11-18 11:23:33 - [MESSAGE][INFO] - Checking index

2021-11-18 11:23:33 - [MESSAGE][INFO] - Switching window with index: '1'

2021-11-18 11:23:33 - [MESSAGE][PASSED] - Switched to window with index: '1'

2021-11-18 11:23:33 - [MESSAGE][PASSED] - Call Test Case 'Test Cases/Sekmeler/YeniSekmeyeGec' successfully

2021-11-18 11:23:33 - [MESSAGE][INFO] - Checking called Test Case

2021-11-18 11:23:33 - [MESSAGE][INFO] - Starting to call Test Case 'Test Cases/Sekmeler/YeniSekmeBasligindaVarMi'

2021-11-18 11:23:33 - [TEST_CASE][PASSED] - Test Cases/Sekmeler/YeniSekmeBasligindaVarMi: Test Cases/Sekmeler/YeniSekmeBasligindaVarMi

2021-11-18 11:23:33 - [TEST_STEP][PASSED] - verifyElementText(findTestObject("Object Repository/Sekmeler/Olusturma_Goster_Baslik"), Title): Actual text and expected text of test object 'Object Repository/Sekmeler/Olusturma_Goster_Baslik' are matched.

2021-11-18 11:23:33 - [MESSAGE][INFO] - Finding Test Object 'Object Repository/Sekmeler/Olusturma_Goster_Baslik'

2021-11-18 11:23:33 - [MESSAGE][INFO] - Checking object

2021-11-18 11:23:33 - [MESSAGE][INFO] - Finding web element from Test Object's properties

2021-11-18 11:23:33 - [MESSAGE][INFO] - Checking timeout

2021-11-18 11:23:33 - [MESSAGE][INFO] - Finding web element with id: 'Object Repository/Sekmeler/Olusturma_Goster_Baslik' located by 'By.cssSelector: h1>span,td>font,font' in '30' second(s)

2021-11-18 11:23:33 - [MESSAGE][INFO] - Smart Wait Function is triggered

2021-11-18 11:23:34 - [MESSAGE][INFO] - Found 1 web elements with id: 'Object Repository/Sekmeler/Olusturma_Goster_Baslik' located by 'By.cssSelector: h1>span,td>font,font' in '30' second(s)

2021-11-18 11:23:34 - [MESSAGE][PASSED] - Actual text and expected text of test object 'Object Repository/Sekmeler/Olusturma_Goster_Baslik' are matched.

2021-11-18 11:23:34 - [MESSAGE][PASSED] - Call Test Case 'Test Cases/Sekmeler/YeniSekmeBasligindaVarMi' successfully

2021-11-18 11:23:34 - [MESSAGE][INFO] - Checking called Test Case

2021-11-18 11:23:34 - [MESSAGE][INFO] - Starting to call Test Case 'Test Cases/Sekmeler/Ana_Sekmeye_Gec'

2021-11-18 11:23:34 - [TEST_CASE][PASSED] - Test Cases/Sekmeler/Ana_Sekmeye_Gec: Test Cases/Sekmeler/Ana_Sekmeye_Gec

2021-11-18 11:23:34 - [TEST_STEP][PASSED] - try: Window with index 1 is closed

2021-11-18 11:23:34 - [TEST_STEP][PASSED] - index = getWindowIndex(): Current window's index is: 1

2021-11-18 11:23:34 - [MESSAGE][INFO] - Getting current window's index

2021-11-18 11:23:34 - [MESSAGE][PASSED] - Current window's index is: 1

2021-11-18 11:23:34 - [TEST_STEP][PASSED] - closeWindowIndex(index): Window with index 1 is closed

2021-11-18 11:23:34 - [MESSAGE][INFO] - Checking index

2021-11-18 11:23:34 - [MESSAGE][INFO] - Closing window with index 1

2021-11-18 11:23:34 - [MESSAGE][PASSED] - Window with index 1 is closed

2021-11-18 11:23:34 - [TEST_STEP][PASSED] - switchToWindowIndex(0): Switched to window with index: '0'

2021-11-18 11:23:34 - [MESSAGE][INFO] - Checking index

2021-11-18 11:23:34 - [MESSAGE][INFO] - Switching window with index: '0'

2021-11-18 11:23:34 - [MESSAGE][PASSED] - Switched to window with index: '0'

2021-11-18 11:23:34 - [MESSAGE][PASSED] - Call Test Case 'Test Cases/Sekmeler/Ana_Sekmeye_Gec' successfully

2021-11-18 11:23:34 - [MESSAGE][INFO] - Checking called Test Case

2021-11-18 11:23:34 - [MESSAGE][INFO] - Starting to call Test Case 'Test Cases/Kullanici_Islemleri/KullaniciIslemlerindenSecimYapilir'

2021-11-18 11:23:34 - [TEST_CASE][PASSED] - Test Cases/Kullanici_Islemleri/KullaniciIslemlerindenSecimYapilir: Test Cases/Kullanici_Islemleri/KullaniciIslemlerindenSecimYapilir

2021-11-18 11:23:34 - [TEST_STEP][PASSED] - waitForElementClickable(findTestObject("Object Repository/Kullanici_Islemleri/KullaniciIslemleri"), 10): Object 'Object Repository/Kullanici_Islemleri/KullaniciIslemleri' is clickable

2021-11-18 11:23:34 - [MESSAGE][INFO] - Finding Test Object 'Object Repository/Kullanici_Islemleri/KullaniciIslemleri'

2021-11-18 11:23:34 - [MESSAGE][INFO] - Checking object

2021-11-18 11:23:34 - [MESSAGE][INFO] - Checking timeout

2021-11-18 11:23:34 - [MESSAGE][INFO] - Finding web element from Test Object's properties

2021-11-18 11:23:34 - [MESSAGE][INFO] - Checking timeout

2021-11-18 11:23:34 - [MESSAGE][INFO] - Finding web element with id: 'Object Repository/Kullanici_Islemleri/KullaniciIslemleri' located by 'By.cssSelector: .dropdown>a>img' in '10' second(s)

2021-11-18 11:23:34 - [MESSAGE][INFO] - Smart Wait Function is triggered

2021-11-18 11:23:35 - [MESSAGE][INFO] - Found 1 web elements with id: 'Object Repository/Kullanici_Islemleri/KullaniciIslemleri' located by 'By.cssSelector: .dropdown>a>img' in '10' second(s)

2021-11-18 11:23:35 - [MESSAGE][PASSED] - Object 'Object Repository/Kullanici_Islemleri/KullaniciIslemleri' is clickable

2021-11-18 11:23:35 - [TEST_STEP][PASSED] - click(findTestObject("Object Repository/Kullanici_Islemleri/KullaniciIslemleri")): Object: 'Object Repository/Kullanici_Islemleri/KullaniciIslemleri' is clicked on

2021-11-18 11:23:35 - [MESSAGE][INFO] - Finding Test Object 'Object Repository/Kullanici_Islemleri/KullaniciIslemleri'

2021-11-18 11:23:35 - [MESSAGE][INFO] - Checking object

2021-11-18 11:23:35 - [MESSAGE][INFO] - Finding web element from Test Object's properties

2021-11-18 11:23:35 - [MESSAGE][INFO] - Checking timeout

2021-11-18 11:23:35 - [MESSAGE][INFO] - Finding web element with id: 'Object Repository/Kullanici_Islemleri/KullaniciIslemleri' located by 'By.cssSelector: .dropdown>a>img' in '30' second(s)

2021-11-18 11:23:35 - [MESSAGE][INFO] - Smart Wait Function is triggered

2021-11-18 11:23:35 - [MESSAGE][INFO] - Found 1 web elements with id: 'Object Repository/Kullanici_Islemleri/KullaniciIslemleri' located by 'By.cssSelector: .dropdown>a>img' in '30' second(s)

2021-11-18 11:23:35 - [MESSAGE][INFO] - Clicking on object: 'Object Repository/Kullanici_Islemleri/KullaniciIslemleri'

2021-11-18 11:23:35 - [MESSAGE][PASSED] - Object: 'Object Repository/Kullanici_Islemleri/KullaniciIslemleri' is clicked on

2021-11-18 11:23:35 - [TEST_STEP][PASSED] - Method.TextDegerineEsitElementeTikla(findTestObject("Object Repository/Kullanici_Islemleri/Secenekler"), Islem): Method.TextDegerineEsitElementeTikla is PASSED

2021-11-18 11:23:35 - [MESSAGE][INFO] - Finding Test Object 'Object Repository/Kullanici_Islemleri/Secenekler'

2021-11-18 11:23:35 - [MESSAGE][INFO] - Checking timeout

2021-11-18 11:23:35 - [MESSAGE][INFO] - Finding web element with id: 'Object Repository/Kullanici_Islemleri/Secenekler' located by 'By.cssSelector: .nav.navbar-nav.navbar-right li a' in '10' second(s)

2021-11-18 11:23:35 - [MESSAGE][INFO] - Smart Wait Function is triggered

2021-11-18 11:23:35 - [MESSAGE][INFO] - Found 22 web elements with id: 'Object Repository/Kullanici_Islemleri/Secenekler' located by 'By.cssSelector: .nav.navbar-nav.navbar-right li a' in '10' second(s)

2021-11-18 11:23:37 - [MESSAGE][PASSED] - Method.TextDegerineEsitElementeTikla is PASSED

2021-11-18 11:23:37 - [TEST_STEP][PASSED] - verifyElementNotPresent(findTestObject("Object Repository/Kullanici_Islemleri/Secenekler"), 10): Web element with id: 'Object Repository/Kullanici_Islemleri/Secenekler' located by 'By.cssSelector: .nav.navbar-nav.navbar-right li a' is not present after '10' second(s)

2021-11-18 11:23:37 - [MESSAGE][INFO] - Finding Test Object 'Object Repository/Kullanici_Islemleri/Secenekler'

2021-11-18 11:23:37 - [MESSAGE][INFO] - Checking object

2021-11-18 11:23:37 - [MESSAGE][INFO] - Checking timeout

2021-11-18 11:23:37 - [MESSAGE][INFO] - Finding web element with id: 'Object Repository/Kullanici_Islemleri/Secenekler' located by 'By.cssSelector: .nav.navbar-nav.navbar-right li a' in '10' second(s)

2021-11-18 11:23:37 - [MESSAGE][INFO] - Smart Wait Function is triggered

2021-11-18 11:23:38 - [MESSAGE][PASSED] - Web element with id: 'Object Repository/Kullanici_Islemleri/Secenekler' located by 'By.cssSelector: .nav.navbar-nav.navbar-right li a' is not present after '10' second(s)

2021-11-18 11:23:38 - [MESSAGE][PASSED] - Call Test Case 'Test Cases/Kullanici_Islemleri/KullaniciIslemlerindenSecimYapilir' successfully

2021-11-18 11:23:38 - [TEST_CASE][PASSED] - Start Test Case : SCENARIO Irsaliyenin Gorselini Ac: SCENARIO Irsaliyenin Gorselini Ac

2021-11-18 11:23:38 - [TEST_STEP][PASSED] - Kullanıcı adı ELOGO6 ve Şifre 123456 olarak giriş yapılır: Kullanıcı adı ELOGO6 ve Şifre 123456 olarak giriş yapılır

2021-11-18 11:23:38 - [MESSAGE][PASSED] - Kullanıcı adı ELOGO6 ve Şifre 123456 olarak giriş yapılır

2021-11-18 11:23:38 - [TEST_STEP][PASSED] - Ana menüden e-İrsaliye seçilir: Ana menüden e-İrsaliye seçilir

2021-11-18 11:23:38 - [MESSAGE][PASSED] - Ana menüden e-İrsaliye seçilir

2021-11-18 11:23:38 - [TEST_STEP][PASSED] - Alt menü Gelen Kutusu başlığı altındaki İrsaliyeler seçilir: Alt menü Gelen Kutusu başlığı altındaki İrsaliyeler seçilir

2021-11-18 11:23:38 - [MESSAGE][PASSED] - Alt menü Gelen Kutusu başlığı altındaki İrsaliyeler seçilir

2021-11-18 11:23:38 - [TEST_STEP][PASSED] - Filtrelerden Oluşturma Tarihi filtresine 01.12.2020 baslangic degerini yaz: Filtrelerden Oluşturma Tarihi filtresine 01.12.2020 baslangic degerini yaz

2021-11-18 11:23:38 - [MESSAGE][PASSED] - Filtrelerden Oluşturma Tarihi filtresine 01.12.2020 baslangic degerini yaz

2021-11-18 11:23:38 - [TEST_STEP][PASSED] - Filtrelerden Oluşturma Tarihi filtresine 31.12.2020 bitis degerini yaz: Filtrelerden Oluşturma Tarihi filtresine 31.12.2020 bitis degerini yaz

2021-11-18 11:23:38 - [MESSAGE][PASSED] - Filtrelerden Oluşturma Tarihi filtresine 31.12.2020 bitis degerini yaz

2021-11-18 11:23:38 - [TEST_STEP][PASSED] - Filtre butonlarından Listele seçilir: Filtre butonlarından Listele seçilir

2021-11-18 11:23:38 - [MESSAGE][PASSED] - Filtre butonlarından Listele seçilir

2021-11-18 11:23:38 - [TEST_STEP][PASSED] - Tabloda veri var mı kontrol edilir: Tabloda veri var mı kontrol edilir

2021-11-18 11:23:38 - [MESSAGE][PASSED] - Tabloda veri var mı kontrol edilir

2021-11-18 11:23:38 - [TEST_STEP][PASSED] - Tablodaki Logo Elektronik GIB Test isimli verinin İrsaliye adlı butonuna tıklanır: Tablodaki Logo Elektronik GIB Test isimli verinin İrsaliye adlı butonuna tıklanır

2021-11-18 11:23:38 - [MESSAGE][PASSED] - Tablodaki Logo Elektronik GIB Test isimli verinin İrsaliye adlı butonuna tıklanır

2021-11-18 11:23:38 - [TEST_STEP][PASSED] - Yeni açılan sekmeye geçilir: Yeni açılan sekmeye geçilir

2021-11-18 11:23:38 - [MESSAGE][PASSED] - Yeni açılan sekmeye geçilir

2021-11-18 11:23:38 - [TEST_STEP][PASSED] - Yeni sekme başlığında e-İRSALİYE var mı kontrol edilir: Yeni sekme başlığında e-İRSALİYE var mı kontrol edilir

2021-11-18 11:23:38 - [MESSAGE][PASSED] - Yeni sekme başlığında e-İRSALİYE var mı kontrol edilir

2021-11-18 11:23:38 - [TEST_STEP][PASSED] - Ana sekmeye geçilir: Ana sekmeye geçilir

2021-11-18 11:23:38 - [MESSAGE][PASSED] - Ana sekmeye geçilir

2021-11-18 11:23:38 - [TEST_STEP][PASSED] - Kullanıcı işlemlerinden Çıkış seçilir: Kullanıcı işlemlerinden Çıkış seçilir

2021-11-18 11:23:38 - [MESSAGE][PASSED] - Kullanıcı işlemlerinden Çıkış seçilir

2021-11-18 11:23:38 - [MESSAGE][PASSED] - Feature file: 'Include/features/e-Irsaliye/Gelen Kutusu/Irsaliyeler/Gorseli Ac.feature' was passed

2021-11-18 11:23:38 - [TEST_STEP][PASSED] - Start listener action : sampleAfterTestSuite: Invoke 'com.kms.katalon.core.annotation.AfterTestCase' method: 'Listener.sampleAfterTestSuite(...)' completed.

2021-11-18 11:23:38 - [MESSAGE][INFO] - Starting invoke 'com.kms.katalon.core.annotation.AfterTestCase' method: 'Listener.sampleAfterTestSuite(...)'

2021-11-18 11:23:38 - [TEST_STEP][PASSED] - closeBrowser(): Invoke 'com.kms.katalon.core.annotation.AfterTestCase' method: 'Listener.sampleAfterTestSuite(...)' completed.

2021-11-18 11:23:38 - [MESSAGE][INFO] - Closing browser

2021-11-18 11:23:39 - [MESSAGE][PASSED] - Browser is closed

2021-11-18 11:23:39 - [MESSAGE][INFO] - Invoke 'com.kms.katalon.core.annotation.AfterTestCase' method: 'Listener.sampleAfterTestSuite(...)' completed.]]></system-out>
         <system-err><![CDATA[]]></system-err>
      </testcase>
      <testcase name="Test Cases/Case Repository/e-Irsaliye/Gelen Kutusu/Irsaliyeler/IzlemeKayitlari" time="46.808" classname="Test Cases/Case Repository/e-Irsaliye/Gelen Kutusu/Irsaliyeler/IzlemeKayitlari" status="PASSED">
         <system-out><![CDATA[2021-11-18 11:23:39 - [TEST_CASE][PASSED] - Test Cases/Case Repository/e-Irsaliye/Gelen Kutusu/Irsaliyeler/IzlemeKayitlari: Test Cases/Case Repository/e-Irsaliye/Gelen Kutusu/Irsaliyeler/IzlemeKayitlari

2021-11-18 11:23:39 - [TEST_STEP][PASSED] - Start listener action : sampleBeforeTestSuite: Invoke 'com.kms.katalon.core.annotation.BeforeTestCase' method: 'Listener.sampleBeforeTestSuite(...)' completed.

2021-11-18 11:23:39 - [MESSAGE][INFO] - Starting invoke 'com.kms.katalon.core.annotation.BeforeTestCase' method: 'Listener.sampleBeforeTestSuite(...)'

2021-11-18 11:23:39 - [TEST_STEP][PASSED] - openBrowser(baseUrl): Browser is opened with url: 'https://efatura-stage.elogo.com.tr/'

2021-11-18 11:23:39 - [MESSAGE][INFO] - Opening browser

2021-11-18 11:23:39 - [MESSAGE][INFO] - Starting 'Chrome' driver

2021-11-18 11:23:39 - [MESSAGE][INFO] - User set preference: ['prefs', '{download.default_directory=C:\otomasyondownfiles}']

2021-11-18 11:23:39 - [MESSAGE][INFO] - Action delay is set to 0 milliseconds

2021-11-18 11:23:40 - [MESSAGE][INFO] - Navigating browser to: 'https://efatura-stage.elogo.com.tr/'

2021-11-18 11:23:42 - [MESSAGE][PASSED] - Browser is opened with url: 'https://efatura-stage.elogo.com.tr/'

2021-11-18 11:23:42 - [TEST_STEP][PASSED] - maximizeWindow(): Invoke 'com.kms.katalon.core.annotation.BeforeTestCase' method: 'Listener.sampleBeforeTestSuite(...)' completed.

2021-11-18 11:23:42 - [MESSAGE][INFO] - Maximizing current window

2021-11-18 11:23:42 - [MESSAGE][PASSED] - Current window maximized

2021-11-18 11:23:42 - [MESSAGE][INFO] - Invoke 'com.kms.katalon.core.annotation.BeforeTestCase' method: 'Listener.sampleBeforeTestSuite(...)' completed.

2021-11-18 11:23:43 - [TEST_STEP][PASSED] - runFeatureFile("Include/features/e-Irsaliye/Gelen Kutusu/Irsaliyeler/IzlemeKayitlari.feature"): Feature file: 'Include/features/e-Irsaliye/Gelen Kutusu/Irsaliyeler/IzlemeKayitlari.feature' was passed

2021-11-18 11:23:43 - [MESSAGE][INFO] - Starting run keyword runFeatureFile: 'Include/features/e-Irsaliye/Gelen Kutusu/Irsaliyeler/IzlemeKayitlari.feature' and extract report to folder: 'C:\Users\DELL\Documents\GitHub\EES_KatalonLogo\Reports\20211118_110909\Suite Repository\e-Irsaliye\20211118_110920/cucumber_report/1637223823496'...

2021-11-18 11:23:43 - [MESSAGE][INFO] - Glue: []

2021-11-18 11:23:44 - [MESSAGE][INFO] - Checking called Test Case

2021-11-18 11:23:44 - [MESSAGE][INFO] - Starting to call Test Case 'Test Cases/Sayfalar/Giris_Sayfasi/Login'

2021-11-18 11:23:44 - [TEST_CASE][PASSED] - Test Cases/Sayfalar/Giris_Sayfasi/Login: Test Cases/Sayfalar/Giris_Sayfasi/Login

2021-11-18 11:23:44 - [TEST_STEP][PASSED] - Sayfa_Basligi = getWindowTitle(): Current window's title is: 'LOGO e-Fatura'

2021-11-18 11:23:44 - [MESSAGE][INFO] - Getting current window's title

2021-11-18 11:23:44 - [MESSAGE][PASSED] - Current window's title is: 'LOGO e-Fatura'

2021-11-18 11:23:44 - [TEST_STEP][PASSED] - verifyMatch(Sayfa_Basligi, "LOGO e-Fatura", false): Actual text 'LOGO e-Fatura' and expected text 'LOGO e-Fatura' are matched 

2021-11-18 11:23:44 - [MESSAGE][INFO] - Matching actual text 'LOGO e-Fatura' with expected text 'LOGO e-Fatura'

2021-11-18 11:23:44 - [MESSAGE][PASSED] - Actual text 'LOGO e-Fatura' and expected text 'LOGO e-Fatura' are matched 

2021-11-18 11:23:44 - [TEST_STEP][PASSED] - sendKeys(findTestObject("Sayfalar/Giris_Sayfasi/Firma_Kodu"), KullaniciAdi): Keys 'ELOGO6' sent to object: 'Object Repository/Sayfalar/Giris_Sayfasi/Firma_Kodu'

2021-11-18 11:23:44 - [MESSAGE][INFO] - Finding Test Object 'Object Repository/Sayfalar/Giris_Sayfasi/Firma_Kodu'

2021-11-18 11:23:45 - [MESSAGE][INFO] - Sending keys 'ELOGO6' to object: 'Object Repository/Sayfalar/Giris_Sayfasi/Firma_Kodu'

2021-11-18 11:23:45 - [MESSAGE][INFO] - Finding web element from Test Object's properties

2021-11-18 11:23:45 - [MESSAGE][INFO] - Checking timeout

2021-11-18 11:23:45 - [MESSAGE][INFO] - Finding web element with id: 'Object Repository/Sayfalar/Giris_Sayfasi/Firma_Kodu' located by 'By.xpath: //*[@id = 'AccountName']' in '30' second(s)

2021-11-18 11:23:45 - [MESSAGE][INFO] - Smart Wait Function is triggered

2021-11-18 11:23:45 - [MESSAGE][INFO] - Found 1 web elements with id: 'Object Repository/Sayfalar/Giris_Sayfasi/Firma_Kodu' located by 'By.xpath: //*[@id = 'AccountName']' in '30' second(s)

2021-11-18 11:23:45 - [MESSAGE][PASSED] - Keys 'ELOGO6' sent to object: 'Object Repository/Sayfalar/Giris_Sayfasi/Firma_Kodu'

2021-11-18 11:23:45 - [TEST_STEP][PASSED] - sendKeys(findTestObject("Sayfalar/Giris_Sayfasi/Sifre"), Sifre): Keys '123456' sent to object: 'Object Repository/Sayfalar/Giris_Sayfasi/Sifre'

2021-11-18 11:23:45 - [MESSAGE][INFO] - Finding Test Object 'Object Repository/Sayfalar/Giris_Sayfasi/Sifre'

2021-11-18 11:23:45 - [MESSAGE][INFO] - Sending keys '123456' to object: 'Object Repository/Sayfalar/Giris_Sayfasi/Sifre'

2021-11-18 11:23:45 - [MESSAGE][INFO] - Finding web element from Test Object's properties

2021-11-18 11:23:45 - [MESSAGE][INFO] - Checking timeout

2021-11-18 11:23:45 - [MESSAGE][INFO] - Finding web element with id: 'Object Repository/Sayfalar/Giris_Sayfasi/Sifre' located by 'By.xpath: //*[@id = 'Password']' in '30' second(s)

2021-11-18 11:23:45 - [MESSAGE][INFO] - Smart Wait Function is triggered

2021-11-18 11:23:45 - [MESSAGE][INFO] - Found 1 web elements with id: 'Object Repository/Sayfalar/Giris_Sayfasi/Sifre' located by 'By.xpath: //*[@id = 'Password']' in '30' second(s)

2021-11-18 11:23:45 - [MESSAGE][PASSED] - Keys '123456' sent to object: 'Object Repository/Sayfalar/Giris_Sayfasi/Sifre'

2021-11-18 11:23:45 - [TEST_STEP][PASSED] - findWebElement(findTestObject("Sayfalar/Giris_Sayfasi/Giris_Butonu")).click(): Found 1 web elements with id: 'Object Repository/Sayfalar/Giris_Sayfasi/Giris_Butonu' located by 'By.cssSelector: #btnLogin' in '30' second(s)

2021-11-18 11:23:45 - [MESSAGE][INFO] - Finding Test Object 'Object Repository/Sayfalar/Giris_Sayfasi/Giris_Butonu'

2021-11-18 11:23:45 - [MESSAGE][INFO] - Finding web element from Test Object's properties

2021-11-18 11:23:45 - [MESSAGE][INFO] - Checking timeout

2021-11-18 11:23:45 - [MESSAGE][INFO] - Finding web element with id: 'Object Repository/Sayfalar/Giris_Sayfasi/Giris_Butonu' located by 'By.cssSelector: #btnLogin' in '30' second(s)

2021-11-18 11:23:45 - [MESSAGE][INFO] - Smart Wait Function is triggered

2021-11-18 11:23:46 - [MESSAGE][INFO] - Found 1 web elements with id: 'Object Repository/Sayfalar/Giris_Sayfasi/Giris_Butonu' located by 'By.cssSelector: #btnLogin' in '30' second(s)

2021-11-18 11:23:50 - [TEST_STEP][PASSED] - if (verifyElementPresent(findTestObject("Object Repository/Sayfalar/Giris_Sayfasi/RetveTamam_Butonu"), 5, OPTIONAL)): null

2021-11-18 11:23:50 - [MESSAGE][INFO] - Finding Test Object 'Object Repository/Sayfalar/Giris_Sayfasi/RetveTamam_Butonu'

2021-11-18 11:23:50 - [MESSAGE][INFO] - Checking object

2021-11-18 11:23:50 - [MESSAGE][INFO] - Finding web element from Test Object's properties

2021-11-18 11:23:50 - [MESSAGE][INFO] - Checking timeout

2021-11-18 11:23:50 - [MESSAGE][INFO] - Finding web element with id: 'Object Repository/Sayfalar/Giris_Sayfasi/RetveTamam_Butonu' located by 'By.xpath: //*[@class = 'btn btn-default']' in '5' second(s)

2021-11-18 11:23:50 - [MESSAGE][INFO] - Smart Wait Function is triggered

2021-11-18 11:23:50 - [MESSAGE][INFO] - Found 1 web elements with id: 'Object Repository/Sayfalar/Giris_Sayfasi/RetveTamam_Butonu' located by 'By.xpath: //*[@class = 'btn btn-default']' in '5' second(s)

2021-11-18 11:23:50 - [MESSAGE][PASSED] - Object 'Object Repository/Sayfalar/Giris_Sayfasi/RetveTamam_Butonu' is present

2021-11-18 11:23:50 - [TEST_STEP][PASSED] - click(findTestObject("Object Repository/Sayfalar/Giris_Sayfasi/RetveTamam_Butonu")): Object: 'Object Repository/Sayfalar/Giris_Sayfasi/RetveTamam_Butonu' is clicked on

2021-11-18 11:23:50 - [MESSAGE][INFO] - Finding Test Object 'Object Repository/Sayfalar/Giris_Sayfasi/RetveTamam_Butonu'

2021-11-18 11:23:50 - [MESSAGE][INFO] - Checking object

2021-11-18 11:23:50 - [MESSAGE][INFO] - Finding web element from Test Object's properties

2021-11-18 11:23:50 - [MESSAGE][INFO] - Checking timeout

2021-11-18 11:23:50 - [MESSAGE][INFO] - Finding web element with id: 'Object Repository/Sayfalar/Giris_Sayfasi/RetveTamam_Butonu' located by 'By.xpath: //*[@class = 'btn btn-default']' in '30' second(s)

2021-11-18 11:23:50 - [MESSAGE][INFO] - Smart Wait Function is triggered

2021-11-18 11:23:51 - [MESSAGE][INFO] - Found 1 web elements with id: 'Object Repository/Sayfalar/Giris_Sayfasi/RetveTamam_Butonu' located by 'By.xpath: //*[@class = 'btn btn-default']' in '30' second(s)

2021-11-18 11:23:51 - [MESSAGE][INFO] - Clicking on object: 'Object Repository/Sayfalar/Giris_Sayfasi/RetveTamam_Butonu'

2021-11-18 11:23:51 - [MESSAGE][PASSED] - Object: 'Object Repository/Sayfalar/Giris_Sayfasi/RetveTamam_Butonu' is clicked on

2021-11-18 11:23:51 - [TEST_STEP][PASSED] - click(findTestObject("Object Repository/Sayfalar/Giris_Sayfasi/RetveTamam_Butonu")): Object: 'Object Repository/Sayfalar/Giris_Sayfasi/RetveTamam_Butonu' is clicked on

2021-11-18 11:23:51 - [MESSAGE][INFO] - Finding Test Object 'Object Repository/Sayfalar/Giris_Sayfasi/RetveTamam_Butonu'

2021-11-18 11:23:51 - [MESSAGE][INFO] - Checking object

2021-11-18 11:23:51 - [MESSAGE][INFO] - Finding web element from Test Object's properties

2021-11-18 11:23:51 - [MESSAGE][INFO] - Checking timeout

2021-11-18 11:23:51 - [MESSAGE][INFO] - Finding web element with id: 'Object Repository/Sayfalar/Giris_Sayfasi/RetveTamam_Butonu' located by 'By.xpath: //*[@class = 'btn btn-default']' in '30' second(s)

2021-11-18 11:23:51 - [MESSAGE][INFO] - Smart Wait Function is triggered

2021-11-18 11:23:54 - [MESSAGE][INFO] - Found 1 web elements with id: 'Object Repository/Sayfalar/Giris_Sayfasi/RetveTamam_Butonu' located by 'By.xpath: //*[@class = 'btn btn-default']' in '30' second(s)

2021-11-18 11:23:54 - [MESSAGE][INFO] - Clicking on object: 'Object Repository/Sayfalar/Giris_Sayfasi/RetveTamam_Butonu'

2021-11-18 11:23:54 - [MESSAGE][PASSED] - Object: 'Object Repository/Sayfalar/Giris_Sayfasi/RetveTamam_Butonu' is clicked on

2021-11-18 11:23:54 - [TEST_STEP][PASSED] - if (verifyElementPresent(findTestObject("Sayfalar/Giris_Sayfasi/PopupOK"), 5, OPTIONAL)): null

2021-11-18 11:23:54 - [MESSAGE][INFO] - Finding Test Object 'Object Repository/Sayfalar/Giris_Sayfasi/PopupOK'

2021-11-18 11:23:54 - [MESSAGE][INFO] - Checking object

2021-11-18 11:23:54 - [MESSAGE][INFO] - Finding web element from Test Object's properties

2021-11-18 11:23:54 - [MESSAGE][INFO] - Checking timeout

2021-11-18 11:23:54 - [MESSAGE][INFO] - Finding web element with id: 'Object Repository/Sayfalar/Giris_Sayfasi/PopupOK' located by 'By.cssSelector: .btn.btn-success' in '5' second(s)

2021-11-18 11:23:54 - [MESSAGE][INFO] - Smart Wait Function is triggered

2021-11-18 11:23:55 - [MESSAGE][INFO] - Found 1 web elements with id: 'Object Repository/Sayfalar/Giris_Sayfasi/PopupOK' located by 'By.cssSelector: .btn.btn-success' in '5' second(s)

2021-11-18 11:23:55 - [MESSAGE][PASSED] - Object 'Object Repository/Sayfalar/Giris_Sayfasi/PopupOK' is present

2021-11-18 11:23:55 - [TEST_STEP][PASSED] - click(findTestObject("Object Repository/Sayfalar/Giris_Sayfasi/PopupCarpiGiris")): Object: 'Object Repository/Sayfalar/Giris_Sayfasi/PopupCarpiGiris' is clicked on

2021-11-18 11:23:55 - [MESSAGE][INFO] - Finding Test Object 'Object Repository/Sayfalar/Giris_Sayfasi/PopupCarpiGiris'

2021-11-18 11:23:55 - [MESSAGE][INFO] - Checking object

2021-11-18 11:23:55 - [MESSAGE][INFO] - Finding web element from Test Object's properties

2021-11-18 11:23:55 - [MESSAGE][INFO] - Checking timeout

2021-11-18 11:23:55 - [MESSAGE][INFO] - Finding web element with id: 'Object Repository/Sayfalar/Giris_Sayfasi/PopupCarpiGiris' located by 'By.cssSelector: .bootbox-close-button.close' in '30' second(s)

2021-11-18 11:23:55 - [MESSAGE][INFO] - Smart Wait Function is triggered

2021-11-18 11:23:55 - [MESSAGE][INFO] - Found 1 web elements with id: 'Object Repository/Sayfalar/Giris_Sayfasi/PopupCarpiGiris' located by 'By.cssSelector: .bootbox-close-button.close' in '30' second(s)

2021-11-18 11:23:55 - [MESSAGE][INFO] - Clicking on object: 'Object Repository/Sayfalar/Giris_Sayfasi/PopupCarpiGiris'

2021-11-18 11:23:55 - [MESSAGE][PASSED] - Object: 'Object Repository/Sayfalar/Giris_Sayfasi/PopupCarpiGiris' is clicked on

2021-11-18 11:23:55 - [TEST_STEP][PASSED] - verifyElementVisible(findTestObject("Object Repository/Kullanici_Islemleri/KullaniciIslemleri")): Object 'Object Repository/Kullanici_Islemleri/KullaniciIslemleri' is visible

2021-11-18 11:23:55 - [MESSAGE][INFO] - Finding Test Object 'Object Repository/Kullanici_Islemleri/KullaniciIslemleri'

2021-11-18 11:23:55 - [MESSAGE][INFO] - Checking object

2021-11-18 11:23:55 - [MESSAGE][INFO] - Finding web element from Test Object's properties

2021-11-18 11:23:55 - [MESSAGE][INFO] - Checking timeout

2021-11-18 11:23:55 - [MESSAGE][INFO] - Finding web element with id: 'Object Repository/Kullanici_Islemleri/KullaniciIslemleri' located by 'By.cssSelector: .dropdown>a>img' in '30' second(s)

2021-11-18 11:23:55 - [MESSAGE][INFO] - Smart Wait Function is triggered

2021-11-18 11:23:56 - [MESSAGE][INFO] - Found 1 web elements with id: 'Object Repository/Kullanici_Islemleri/KullaniciIslemleri' located by 'By.cssSelector: .dropdown>a>img' in '30' second(s)

2021-11-18 11:23:56 - [MESSAGE][PASSED] - Object 'Object Repository/Kullanici_Islemleri/KullaniciIslemleri' is visible

2021-11-18 11:23:56 - [MESSAGE][PASSED] - Call Test Case 'Test Cases/Sayfalar/Giris_Sayfasi/Login' successfully

2021-11-18 11:23:56 - [MESSAGE][INFO] - Checking called Test Case

2021-11-18 11:23:56 - [MESSAGE][INFO] - Starting to call Test Case 'Test Cases/Menu/AnaMenuSecimi'

2021-11-18 11:23:56 - [TEST_CASE][PASSED] - Test Cases/Menu/AnaMenuSecimi: Test Cases/Menu/AnaMenuSecimi

2021-11-18 11:23:56 - [TEST_STEP][PASSED] - Method.TextDegerineEsitElementeTikla(findTestObject("Menu/Ana_Menu"), Ana_Menu): Method.TextDegerineEsitElementeTikla is PASSED

2021-11-18 11:23:56 - [MESSAGE][INFO] - Finding Test Object 'Object Repository/Menu/Ana_Menu'

2021-11-18 11:23:56 - [MESSAGE][INFO] - Checking timeout

2021-11-18 11:23:56 - [MESSAGE][INFO] - Finding web element with id: 'Object Repository/Menu/Ana_Menu' located by 'By.xpath: //*[@class = 'dropdown-toggle']' in '10' second(s)

2021-11-18 11:23:56 - [MESSAGE][INFO] - Smart Wait Function is triggered

2021-11-18 11:23:56 - [MESSAGE][INFO] - Found 14 web elements with id: 'Object Repository/Menu/Ana_Menu' located by 'By.xpath: //*[@class = 'dropdown-toggle']' in '10' second(s)

2021-11-18 11:23:56 - [MESSAGE][PASSED] - Method.TextDegerineEsitElementeTikla is PASSED

2021-11-18 11:23:56 - [MESSAGE][PASSED] - Call Test Case 'Test Cases/Menu/AnaMenuSecimi' successfully

2021-11-18 11:23:56 - [MESSAGE][INFO] - Checking called Test Case

2021-11-18 11:23:56 - [MESSAGE][INFO] - Starting to call Test Case 'Test Cases/Menu/BasligaGoreAltMenuSecimi'

2021-11-18 11:23:56 - [TEST_CASE][PASSED] - Test Cases/Menu/BasligaGoreAltMenuSecimi: Test Cases/Menu/BasligaGoreAltMenuSecimi

2021-11-18 11:23:56 - [TEST_STEP][PASSED] - Method.TextDegerineEsitElementinAltindakiTextDegerineEsitOlanaTikla(findTestObject("Menu/Menu_Basligi"), findTestObject("Menu/Basliga_Gore_Alt_Menu"), Baslik, Alt_Menu): Method.TextDegerineEsitElementinAltindakiTextDegerineEsitOlanaTikla is PASSED

2021-11-18 11:23:56 - [MESSAGE][INFO] - Finding Test Object 'Object Repository/Menu/Menu_Basligi'

2021-11-18 11:23:56 - [MESSAGE][INFO] - Finding Test Object 'Object Repository/Menu/Basliga_Gore_Alt_Menu'

2021-11-18 11:23:56 - [MESSAGE][INFO] - Checking timeout

2021-11-18 11:23:56 - [MESSAGE][INFO] - Finding web element with id: 'Object Repository/Menu/Menu_Basligi' located by 'By.xpath: //li[@class='dropdown dropdown-large open']//li[@class='dropdown-header']' in '10' second(s)

2021-11-18 11:23:56 - [MESSAGE][INFO] - Smart Wait Function is triggered

2021-11-18 11:23:57 - [MESSAGE][INFO] - Found 3 web elements with id: 'Object Repository/Menu/Menu_Basligi' located by 'By.xpath: //li[@class='dropdown dropdown-large open']//li[@class='dropdown-header']' in '10' second(s)

2021-11-18 11:23:57 - [MESSAGE][INFO] - Smart Wait Function is triggered

2021-11-18 11:23:59 - [MESSAGE][PASSED] - Method.TextDegerineEsitElementinAltindakiTextDegerineEsitOlanaTikla is PASSED

2021-11-18 11:23:59 - [MESSAGE][PASSED] - Call Test Case 'Test Cases/Menu/BasligaGoreAltMenuSecimi' successfully

2021-11-18 11:23:59 - [MESSAGE][INFO] - Checking called Test Case

2021-11-18 11:23:59 - [MESSAGE][INFO] - Starting to call Test Case 'Test Cases/Filtreler/BaslangicYaz'

2021-11-18 11:23:59 - [TEST_CASE][PASSED] - Test Cases/Filtreler/BaslangicYaz: Test Cases/Filtreler/BaslangicYaz

2021-11-18 11:23:59 - [TEST_STEP][PASSED] - delay(3): Delayed 3 second(s)

2021-11-18 11:23:59 - [MESSAGE][INFO] - Delaying browser in 3 second(s)

2021-11-18 11:24:02 - [MESSAGE][PASSED] - Delayed 3 second(s)

2021-11-18 11:24:02 - [TEST_STEP][PASSED] - Method.TextDegerineEsitElementinAltindakineTikla(findTestObject("Filtreler/Basliklar"), findTestObject("Filtreler/Basliga_Gore_Baslangic_Image"), Filtre_Adi): Method.TextDegerineEsitElementinAltindakineTikla is PASSED

2021-11-18 11:24:02 - [MESSAGE][INFO] - Finding Test Object 'Object Repository/Filtreler/Basliklar'

2021-11-18 11:24:02 - [MESSAGE][INFO] - Finding Test Object 'Object Repository/Filtreler/Basliga_Gore_Baslangic_Image'

2021-11-18 11:24:03 - [MESSAGE][INFO] - Checking timeout

2021-11-18 11:24:03 - [MESSAGE][INFO] - Finding web element with id: 'Object Repository/Filtreler/Basliklar' located by 'By.cssSelector: .control-label.col-sm-4.paddingMarginRLC' in '10' second(s)

2021-11-18 11:24:03 - [MESSAGE][INFO] - Smart Wait Function is triggered

2021-11-18 11:24:03 - [MESSAGE][INFO] - Found 18 web elements with id: 'Object Repository/Filtreler/Basliklar' located by 'By.cssSelector: .control-label.col-sm-4.paddingMarginRLC' in '10' second(s)

2021-11-18 11:24:03 - [MESSAGE][INFO] - Smart Wait Function is triggered

2021-11-18 11:24:03 - [MESSAGE][PASSED] - Method.TextDegerineEsitElementinAltindakineTikla is PASSED

2021-11-18 11:24:03 - [TEST_STEP][PASSED] - Method.TextDegerineEsitElementinAltindakiTextboxtaYaz(findTestObject("Filtreler/Basliklar"), findTestObject("Filtreler/Basliga_Gore_Baslangic"), Filtre_Adi, Filtre_Degeri): Method.TextDegerineEsitElementinAltindakiTextboxtaYaz is PASSED

2021-11-18 11:24:03 - [MESSAGE][INFO] - Finding Test Object 'Object Repository/Filtreler/Basliklar'

2021-11-18 11:24:03 - [MESSAGE][INFO] - Finding Test Object 'Object Repository/Filtreler/Basliga_Gore_Baslangic'

2021-11-18 11:24:04 - [MESSAGE][INFO] - Checking timeout

2021-11-18 11:24:04 - [MESSAGE][INFO] - Finding web element with id: 'Object Repository/Filtreler/Basliklar' located by 'By.cssSelector: .control-label.col-sm-4.paddingMarginRLC' in '10' second(s)

2021-11-18 11:24:04 - [MESSAGE][INFO] - Smart Wait Function is triggered

2021-11-18 11:24:04 - [MESSAGE][INFO] - Found 18 web elements with id: 'Object Repository/Filtreler/Basliklar' located by 'By.cssSelector: .control-label.col-sm-4.paddingMarginRLC' in '10' second(s)

2021-11-18 11:24:04 - [MESSAGE][INFO] - Smart Wait Function is triggered

2021-11-18 11:24:04 - [MESSAGE][PASSED] - Method.TextDegerineEsitElementinAltindakiTextboxtaYaz is PASSED

2021-11-18 11:24:04 - [MESSAGE][PASSED] - Call Test Case 'Test Cases/Filtreler/BaslangicYaz' successfully

2021-11-18 11:24:04 - [MESSAGE][INFO] - Checking called Test Case

2021-11-18 11:24:04 - [MESSAGE][INFO] - Starting to call Test Case 'Test Cases/Filtreler/BitisYaz'

2021-11-18 11:24:04 - [TEST_CASE][PASSED] - Test Cases/Filtreler/BitisYaz: Test Cases/Filtreler/BitisYaz

2021-11-18 11:24:04 - [TEST_STEP][PASSED] - Method.TextDegerineEsitElementinAltindakineTikla(findTestObject("Filtreler/Basliklar"), findTestObject("Filtreler/Basliga_Gore_Bitis_Image"), Filtre_Adi): Method.TextDegerineEsitElementinAltindakineTikla is PASSED

2021-11-18 11:24:04 - [MESSAGE][INFO] - Finding Test Object 'Object Repository/Filtreler/Basliklar'

2021-11-18 11:24:05 - [MESSAGE][INFO] - Finding Test Object 'Object Repository/Filtreler/Basliga_Gore_Bitis_Image'

2021-11-18 11:24:05 - [MESSAGE][INFO] - Checking timeout

2021-11-18 11:24:05 - [MESSAGE][INFO] - Finding web element with id: 'Object Repository/Filtreler/Basliklar' located by 'By.cssSelector: .control-label.col-sm-4.paddingMarginRLC' in '10' second(s)

2021-11-18 11:24:05 - [MESSAGE][INFO] - Smart Wait Function is triggered

2021-11-18 11:24:05 - [MESSAGE][INFO] - Found 18 web elements with id: 'Object Repository/Filtreler/Basliklar' located by 'By.cssSelector: .control-label.col-sm-4.paddingMarginRLC' in '10' second(s)

2021-11-18 11:24:05 - [MESSAGE][INFO] - Smart Wait Function is triggered

2021-11-18 11:24:05 - [MESSAGE][PASSED] - Method.TextDegerineEsitElementinAltindakineTikla is PASSED

2021-11-18 11:24:05 - [TEST_STEP][PASSED] - Method.TextDegerineEsitElementinAltindakiTextboxtaYaz(findTestObject("Filtreler/Basliklar"), findTestObject("Object Repository/Filtreler/Basliga_Gore_Bitis"), Filtre_Adi, Filtre_Degeri): Method.TextDegerineEsitElementinAltindakiTextboxtaYaz is PASSED

2021-11-18 11:24:05 - [MESSAGE][INFO] - Finding Test Object 'Object Repository/Filtreler/Basliklar'

2021-11-18 11:24:06 - [MESSAGE][INFO] - Finding Test Object 'Object Repository/Filtreler/Basliga_Gore_Bitis'

2021-11-18 11:24:06 - [MESSAGE][INFO] - Checking timeout

2021-11-18 11:24:06 - [MESSAGE][INFO] - Finding web element with id: 'Object Repository/Filtreler/Basliklar' located by 'By.cssSelector: .control-label.col-sm-4.paddingMarginRLC' in '10' second(s)

2021-11-18 11:24:06 - [MESSAGE][INFO] - Smart Wait Function is triggered

2021-11-18 11:24:06 - [MESSAGE][INFO] - Found 18 web elements with id: 'Object Repository/Filtreler/Basliklar' located by 'By.cssSelector: .control-label.col-sm-4.paddingMarginRLC' in '10' second(s)

2021-11-18 11:24:06 - [MESSAGE][INFO] - Smart Wait Function is triggered

2021-11-18 11:24:07 - [MESSAGE][PASSED] - Method.TextDegerineEsitElementinAltindakiTextboxtaYaz is PASSED

2021-11-18 11:24:07 - [MESSAGE][PASSED] - Call Test Case 'Test Cases/Filtreler/BitisYaz' successfully

2021-11-18 11:24:07 - [MESSAGE][INFO] - Checking called Test Case

2021-11-18 11:24:07 - [MESSAGE][INFO] - Starting to call Test Case 'Test Cases/Filtreler/ButonaTikla'

2021-11-18 11:24:07 - [TEST_CASE][PASSED] - Test Cases/Filtreler/ButonaTikla: Test Cases/Filtreler/ButonaTikla

2021-11-18 11:24:07 - [TEST_STEP][PASSED] - Method.TextDegerineEsitElementeTikla(findTestObject("Filtreler/Butonlar"), Filtre_Buton): Method.TextDegerineEsitElementeTikla is PASSED

2021-11-18 11:24:07 - [MESSAGE][INFO] - Finding Test Object 'Object Repository/Filtreler/Butonlar'

2021-11-18 11:24:07 - [MESSAGE][INFO] - Checking timeout

2021-11-18 11:24:07 - [MESSAGE][INFO] - Finding web element with id: 'Object Repository/Filtreler/Butonlar' located by 'By.cssSelector: .dxb>span' in '10' second(s)

2021-11-18 11:24:07 - [MESSAGE][INFO] - Smart Wait Function is triggered

2021-11-18 11:24:07 - [MESSAGE][INFO] - Found 3 web elements with id: 'Object Repository/Filtreler/Butonlar' located by 'By.cssSelector: .dxb>span' in '10' second(s)

2021-11-18 11:24:08 - [MESSAGE][PASSED] - Method.TextDegerineEsitElementeTikla is PASSED

2021-11-18 11:24:08 - [MESSAGE][PASSED] - Call Test Case 'Test Cases/Filtreler/ButonaTikla' successfully

2021-11-18 11:24:08 - [MESSAGE][INFO] - Checking called Test Case

2021-11-18 11:24:08 - [MESSAGE][INFO] - Starting to call Test Case 'Test Cases/Tablo/TablodaVeriVarMi'

2021-11-18 11:24:08 - [TEST_CASE][PASSED] - Test Cases/Tablo/TablodaVeriVarMi: Test Cases/Tablo/TablodaVeriVarMi

2021-11-18 11:24:08 - [TEST_STEP][PASSED] - verifyTextNotPresent("Görüntülenecek veri yok", true): Text 'Görüntülenecek veri yok' is not present on page using regular expression

2021-11-18 11:24:08 - [MESSAGE][INFO] - Checking text present  using regular expression

2021-11-18 11:24:08 - [MESSAGE][INFO] - Smart Wait Function is triggered

2021-11-18 11:24:09 - [MESSAGE][INFO] - Finding text 'Görüntülenecek veri yok' on page  using regular expression

2021-11-18 11:24:09 - [MESSAGE][PASSED] - Text 'Görüntülenecek veri yok' is not present on page using regular expression

2021-11-18 11:24:09 - [MESSAGE][PASSED] - Call Test Case 'Test Cases/Tablo/TablodaVeriVarMi' successfully

2021-11-18 11:24:09 - [MESSAGE][INFO] - Checking called Test Case

2021-11-18 11:24:09 - [MESSAGE][INFO] - Starting to call Test Case 'Test Cases/Tablo/TablodanVeriSec'

2021-11-18 11:24:09 - [TEST_CASE][PASSED] - Test Cases/Tablo/TablodanVeriSec: Test Cases/Tablo/TablodanVeriSec

2021-11-18 11:24:09 - [TEST_STEP][PASSED] - Method.TextDegerineEsitElementinAltindakineTikla(findTestObject("Tablo/Veriler"), findTestObject("Tablo/VerininCheckBoxi"), Veri_Adi): Method.TextDegerineEsitElementinAltindakineTikla is PASSED

2021-11-18 11:24:09 - [MESSAGE][INFO] - Finding Test Object 'Object Repository/Tablo/Veriler'

2021-11-18 11:24:09 - [MESSAGE][INFO] - Finding Test Object 'Object Repository/Tablo/VerininCheckBoxi'

2021-11-18 11:24:09 - [MESSAGE][INFO] - Checking timeout

2021-11-18 11:24:09 - [MESSAGE][INFO] - Finding web element with id: 'Object Repository/Tablo/Veriler' located by 'By.cssSelector: td.dxgv b ,td.dxgv' in '10' second(s)

2021-11-18 11:24:09 - [MESSAGE][INFO] - Smart Wait Function is triggered

2021-11-18 11:24:09 - [MESSAGE][INFO] - Found 84 web elements with id: 'Object Repository/Tablo/Veriler' located by 'By.cssSelector: td.dxgv b ,td.dxgv' in '10' second(s)

2021-11-18 11:24:09 - [MESSAGE][INFO] - Smart Wait Function is triggered

2021-11-18 11:24:10 - [MESSAGE][PASSED] - Method.TextDegerineEsitElementinAltindakineTikla is PASSED

2021-11-18 11:24:10 - [MESSAGE][PASSED] - Call Test Case 'Test Cases/Tablo/TablodanVeriSec' successfully

2021-11-18 11:24:10 - [MESSAGE][INFO] - Checking called Test Case

2021-11-18 11:24:10 - [MESSAGE][INFO] - Starting to call Test Case 'Test Cases/Butonlar/ButonaTikla'

2021-11-18 11:24:10 - [TEST_CASE][PASSED] - Test Cases/Butonlar/ButonaTikla: Test Cases/Butonlar/ButonaTikla

2021-11-18 11:24:10 - [TEST_STEP][PASSED] - Method.TextDegerineEsitElementeTiklaEquals(findTestObject("Butonlar/Butonlar"), Buton_Adi): Method.TextDegerineEsitElementeTiklaEquals is PASSED

2021-11-18 11:24:10 - [MESSAGE][INFO] - Finding Test Object 'Object Repository/Butonlar/Butonlar'

2021-11-18 11:24:10 - [MESSAGE][INFO] - Checking timeout

2021-11-18 11:24:10 - [MESSAGE][INFO] - Finding web element with id: 'Object Repository/Butonlar/Butonlar' located by 'By.cssSelector: .panel.panel-default.text-center.footerPanel .btn,.btn.btn-primary.btnControls' in '10' second(s)

2021-11-18 11:24:10 - [MESSAGE][INFO] - Smart Wait Function is triggered

2021-11-18 11:24:10 - [MESSAGE][INFO] - Found 12 web elements with id: 'Object Repository/Butonlar/Butonlar' located by 'By.cssSelector: .panel.panel-default.text-center.footerPanel .btn,.btn.btn-primary.btnControls' in '10' second(s)

2021-11-18 11:24:10 - [MESSAGE][PASSED] - Method.TextDegerineEsitElementeTiklaEquals is PASSED

2021-11-18 11:24:10 - [MESSAGE][PASSED] - Call Test Case 'Test Cases/Butonlar/ButonaTikla' successfully

2021-11-18 11:24:10 - [MESSAGE][INFO] - Checking called Test Case

2021-11-18 11:24:10 - [MESSAGE][INFO] - Starting to call Test Case 'Test Cases/Sekmeler/YeniSekmeyeGec'

2021-11-18 11:24:10 - [TEST_CASE][PASSED] - Test Cases/Sekmeler/YeniSekmeyeGec: Test Cases/Sekmeler/YeniSekmeyeGec

2021-11-18 11:24:10 - [TEST_STEP][PASSED] - switchToWindowIndex(1): Switched to window with index: '1'

2021-11-18 11:24:10 - [MESSAGE][INFO] - Checking index

2021-11-18 11:24:10 - [MESSAGE][INFO] - Switching window with index: '1'

2021-11-18 11:24:10 - [MESSAGE][PASSED] - Switched to window with index: '1'

2021-11-18 11:24:10 - [MESSAGE][PASSED] - Call Test Case 'Test Cases/Sekmeler/YeniSekmeyeGec' successfully

2021-11-18 11:24:10 - [MESSAGE][INFO] - Checking called Test Case

2021-11-18 11:24:10 - [MESSAGE][INFO] - Starting to call Test Case 'Test Cases/Sekmeler/GecmisGeldiMi'

2021-11-18 11:24:10 - [TEST_CASE][PASSED] - Test Cases/Sekmeler/GecmisGeldiMi: Test Cases/Sekmeler/GecmisGeldiMi

2021-11-18 11:24:10 - [TEST_STEP][PASSED] - waitForElementVisible(findTestObject("Object Repository/Sekmeler/GecmisBaslik"), 10): Object 'Object Repository/Sekmeler/GecmisBaslik' is visible

2021-11-18 11:24:10 - [MESSAGE][INFO] - Finding Test Object 'Object Repository/Sekmeler/GecmisBaslik'

2021-11-18 11:24:11 - [MESSAGE][INFO] - Checking object

2021-11-18 11:24:11 - [MESSAGE][INFO] - Checking timeout

2021-11-18 11:24:11 - [MESSAGE][INFO] - Finding web element from Test Object's properties

2021-11-18 11:24:11 - [MESSAGE][INFO] - Checking timeout

2021-11-18 11:24:11 - [MESSAGE][INFO] - Finding web element with id: 'Object Repository/Sekmeler/GecmisBaslik' located by 'By.cssSelector: .dxnb-ghtext.dx-vam' in '10' second(s)

2021-11-18 11:24:11 - [MESSAGE][INFO] - Smart Wait Function is triggered

2021-11-18 11:24:21 - [MESSAGE][INFO] - Found 1 web elements with id: 'Object Repository/Sekmeler/GecmisBaslik' located by 'By.cssSelector: .dxnb-ghtext.dx-vam' in '10' second(s)

2021-11-18 11:24:21 - [MESSAGE][PASSED] - Object 'Object Repository/Sekmeler/GecmisBaslik' is visible

2021-11-18 11:24:21 - [TEST_STEP][PASSED] - if (!(getText(findTestObject("Object Repository/Sekmeler/GecmisBaslik")).contains(Baslik))): Text of object 'Object Repository/Sekmeler/GecmisBaslik' is: 'İrsaliye İzleme Kayıtları - 13935'

2021-11-18 11:24:21 - [MESSAGE][INFO] - Finding Test Object 'Object Repository/Sekmeler/GecmisBaslik'

2021-11-18 11:24:21 - [MESSAGE][INFO] - Checking object

2021-11-18 11:24:21 - [MESSAGE][INFO] - Finding web element from Test Object's properties

2021-11-18 11:24:21 - [MESSAGE][INFO] - Checking timeout

2021-11-18 11:24:21 - [MESSAGE][INFO] - Finding web element with id: 'Object Repository/Sekmeler/GecmisBaslik' located by 'By.cssSelector: .dxnb-ghtext.dx-vam' in '30' second(s)

2021-11-18 11:24:21 - [MESSAGE][INFO] - Smart Wait Function is triggered

2021-11-18 11:24:22 - [MESSAGE][INFO] - Found 1 web elements with id: 'Object Repository/Sekmeler/GecmisBaslik' located by 'By.cssSelector: .dxnb-ghtext.dx-vam' in '30' second(s)

2021-11-18 11:24:22 - [MESSAGE][INFO] - Getting text of object 'Object Repository/Sekmeler/GecmisBaslik'

2021-11-18 11:24:22 - [MESSAGE][PASSED] - Text of object 'Object Repository/Sekmeler/GecmisBaslik' is: 'İrsaliye İzleme Kayıtları - 13935'

2021-11-18 11:24:22 - [MESSAGE][PASSED] - Call Test Case 'Test Cases/Sekmeler/GecmisGeldiMi' successfully

2021-11-18 11:24:22 - [MESSAGE][INFO] - Checking called Test Case

2021-11-18 11:24:22 - [MESSAGE][INFO] - Starting to call Test Case 'Test Cases/Sekmeler/Ana_Sekmeye_Gec'

2021-11-18 11:24:22 - [TEST_CASE][PASSED] - Test Cases/Sekmeler/Ana_Sekmeye_Gec: Test Cases/Sekmeler/Ana_Sekmeye_Gec

2021-11-18 11:24:22 - [TEST_STEP][PASSED] - try: Window with index 1 is closed

2021-11-18 11:24:22 - [TEST_STEP][PASSED] - index = getWindowIndex(): Current window's index is: 1

2021-11-18 11:24:22 - [MESSAGE][INFO] - Getting current window's index

2021-11-18 11:24:22 - [MESSAGE][PASSED] - Current window's index is: 1

2021-11-18 11:24:22 - [TEST_STEP][PASSED] - closeWindowIndex(index): Window with index 1 is closed

2021-11-18 11:24:22 - [MESSAGE][INFO] - Checking index

2021-11-18 11:24:22 - [MESSAGE][INFO] - Closing window with index 1

2021-11-18 11:24:22 - [MESSAGE][PASSED] - Window with index 1 is closed

2021-11-18 11:24:22 - [TEST_STEP][PASSED] - switchToWindowIndex(0): Switched to window with index: '0'

2021-11-18 11:24:22 - [MESSAGE][INFO] - Checking index

2021-11-18 11:24:22 - [MESSAGE][INFO] - Switching window with index: '0'

2021-11-18 11:24:22 - [MESSAGE][PASSED] - Switched to window with index: '0'

2021-11-18 11:24:22 - [MESSAGE][PASSED] - Call Test Case 'Test Cases/Sekmeler/Ana_Sekmeye_Gec' successfully

2021-11-18 11:24:22 - [MESSAGE][INFO] - Checking called Test Case

2021-11-18 11:24:22 - [MESSAGE][INFO] - Starting to call Test Case 'Test Cases/Kullanici_Islemleri/KullaniciIslemlerindenSecimYapilir'

2021-11-18 11:24:22 - [TEST_CASE][PASSED] - Test Cases/Kullanici_Islemleri/KullaniciIslemlerindenSecimYapilir: Test Cases/Kullanici_Islemleri/KullaniciIslemlerindenSecimYapilir

2021-11-18 11:24:22 - [TEST_STEP][PASSED] - waitForElementClickable(findTestObject("Object Repository/Kullanici_Islemleri/KullaniciIslemleri"), 10): Object 'Object Repository/Kullanici_Islemleri/KullaniciIslemleri' is clickable

2021-11-18 11:24:22 - [MESSAGE][INFO] - Finding Test Object 'Object Repository/Kullanici_Islemleri/KullaniciIslemleri'

2021-11-18 11:24:22 - [MESSAGE][INFO] - Checking object

2021-11-18 11:24:22 - [MESSAGE][INFO] - Checking timeout

2021-11-18 11:24:22 - [MESSAGE][INFO] - Finding web element from Test Object's properties

2021-11-18 11:24:22 - [MESSAGE][INFO] - Checking timeout

2021-11-18 11:24:22 - [MESSAGE][INFO] - Finding web element with id: 'Object Repository/Kullanici_Islemleri/KullaniciIslemleri' located by 'By.cssSelector: .dropdown>a>img' in '10' second(s)

2021-11-18 11:24:22 - [MESSAGE][INFO] - Smart Wait Function is triggered

2021-11-18 11:24:22 - [MESSAGE][INFO] - Found 1 web elements with id: 'Object Repository/Kullanici_Islemleri/KullaniciIslemleri' located by 'By.cssSelector: .dropdown>a>img' in '10' second(s)

2021-11-18 11:24:22 - [MESSAGE][PASSED] - Object 'Object Repository/Kullanici_Islemleri/KullaniciIslemleri' is clickable

2021-11-18 11:24:22 - [TEST_STEP][PASSED] - click(findTestObject("Object Repository/Kullanici_Islemleri/KullaniciIslemleri")): Object: 'Object Repository/Kullanici_Islemleri/KullaniciIslemleri' is clicked on

2021-11-18 11:24:22 - [MESSAGE][INFO] - Finding Test Object 'Object Repository/Kullanici_Islemleri/KullaniciIslemleri'

2021-11-18 11:24:22 - [MESSAGE][INFO] - Checking object

2021-11-18 11:24:22 - [MESSAGE][INFO] - Finding web element from Test Object's properties

2021-11-18 11:24:22 - [MESSAGE][INFO] - Checking timeout

2021-11-18 11:24:22 - [MESSAGE][INFO] - Finding web element with id: 'Object Repository/Kullanici_Islemleri/KullaniciIslemleri' located by 'By.cssSelector: .dropdown>a>img' in '30' second(s)

2021-11-18 11:24:22 - [MESSAGE][INFO] - Smart Wait Function is triggered

2021-11-18 11:24:23 - [MESSAGE][INFO] - Found 1 web elements with id: 'Object Repository/Kullanici_Islemleri/KullaniciIslemleri' located by 'By.cssSelector: .dropdown>a>img' in '30' second(s)

2021-11-18 11:24:23 - [MESSAGE][INFO] - Clicking on object: 'Object Repository/Kullanici_Islemleri/KullaniciIslemleri'

2021-11-18 11:24:23 - [MESSAGE][PASSED] - Object: 'Object Repository/Kullanici_Islemleri/KullaniciIslemleri' is clicked on

2021-11-18 11:24:23 - [TEST_STEP][PASSED] - Method.TextDegerineEsitElementeTikla(findTestObject("Object Repository/Kullanici_Islemleri/Secenekler"), Islem): Method.TextDegerineEsitElementeTikla is PASSED

2021-11-18 11:24:23 - [MESSAGE][INFO] - Finding Test Object 'Object Repository/Kullanici_Islemleri/Secenekler'

2021-11-18 11:24:23 - [MESSAGE][INFO] - Checking timeout

2021-11-18 11:24:23 - [MESSAGE][INFO] - Finding web element with id: 'Object Repository/Kullanici_Islemleri/Secenekler' located by 'By.cssSelector: .nav.navbar-nav.navbar-right li a' in '10' second(s)

2021-11-18 11:24:23 - [MESSAGE][INFO] - Smart Wait Function is triggered

2021-11-18 11:24:23 - [MESSAGE][INFO] - Found 22 web elements with id: 'Object Repository/Kullanici_Islemleri/Secenekler' located by 'By.cssSelector: .nav.navbar-nav.navbar-right li a' in '10' second(s)

2021-11-18 11:24:24 - [MESSAGE][PASSED] - Method.TextDegerineEsitElementeTikla is PASSED

2021-11-18 11:24:24 - [TEST_STEP][PASSED] - verifyElementNotPresent(findTestObject("Object Repository/Kullanici_Islemleri/Secenekler"), 10): Web element with id: 'Object Repository/Kullanici_Islemleri/Secenekler' located by 'By.cssSelector: .nav.navbar-nav.navbar-right li a' is not present after '10' second(s)

2021-11-18 11:24:24 - [MESSAGE][INFO] - Finding Test Object 'Object Repository/Kullanici_Islemleri/Secenekler'

2021-11-18 11:24:24 - [MESSAGE][INFO] - Checking object

2021-11-18 11:24:24 - [MESSAGE][INFO] - Checking timeout

2021-11-18 11:24:24 - [MESSAGE][INFO] - Finding web element with id: 'Object Repository/Kullanici_Islemleri/Secenekler' located by 'By.cssSelector: .nav.navbar-nav.navbar-right li a' in '10' second(s)

2021-11-18 11:24:24 - [MESSAGE][INFO] - Smart Wait Function is triggered

2021-11-18 11:24:25 - [MESSAGE][PASSED] - Web element with id: 'Object Repository/Kullanici_Islemleri/Secenekler' located by 'By.cssSelector: .nav.navbar-nav.navbar-right li a' is not present after '10' second(s)

2021-11-18 11:24:25 - [MESSAGE][PASSED] - Call Test Case 'Test Cases/Kullanici_Islemleri/KullaniciIslemlerindenSecimYapilir' successfully

2021-11-18 11:24:25 - [TEST_CASE][PASSED] - Start Test Case : SCENARIO Irsaliyenin Gecmisi: SCENARIO Irsaliyenin Gecmisi

2021-11-18 11:24:25 - [TEST_STEP][PASSED] - Kullanıcı adı ELOGO6 ve Şifre 123456 olarak giriş yapılır: Kullanıcı adı ELOGO6 ve Şifre 123456 olarak giriş yapılır

2021-11-18 11:24:25 - [MESSAGE][PASSED] - Kullanıcı adı ELOGO6 ve Şifre 123456 olarak giriş yapılır

2021-11-18 11:24:25 - [TEST_STEP][PASSED] - Ana menüden e-İrsaliye seçilir: Ana menüden e-İrsaliye seçilir

2021-11-18 11:24:25 - [MESSAGE][PASSED] - Ana menüden e-İrsaliye seçilir

2021-11-18 11:24:25 - [TEST_STEP][PASSED] - Alt menü Gelen Kutusu başlığı altındaki İrsaliyeler seçilir: Alt menü Gelen Kutusu başlığı altındaki İrsaliyeler seçilir

2021-11-18 11:24:25 - [MESSAGE][PASSED] - Alt menü Gelen Kutusu başlığı altındaki İrsaliyeler seçilir

2021-11-18 11:24:25 - [TEST_STEP][PASSED] - Filtrelerden Oluşturma Tarihi filtresine 01.12.2020 baslangic degerini yaz: Filtrelerden Oluşturma Tarihi filtresine 01.12.2020 baslangic degerini yaz

2021-11-18 11:24:25 - [MESSAGE][PASSED] - Filtrelerden Oluşturma Tarihi filtresine 01.12.2020 baslangic degerini yaz

2021-11-18 11:24:25 - [TEST_STEP][PASSED] - Filtrelerden Oluşturma Tarihi filtresine 31.12.2020 bitis degerini yaz: Filtrelerden Oluşturma Tarihi filtresine 31.12.2020 bitis degerini yaz

2021-11-18 11:24:25 - [MESSAGE][PASSED] - Filtrelerden Oluşturma Tarihi filtresine 31.12.2020 bitis degerini yaz

2021-11-18 11:24:25 - [TEST_STEP][PASSED] - Filtre butonlarından Listele seçilir: Filtre butonlarından Listele seçilir

2021-11-18 11:24:25 - [MESSAGE][PASSED] - Filtre butonlarından Listele seçilir

2021-11-18 11:24:25 - [TEST_STEP][PASSED] - Tabloda veri var mı kontrol edilir: Tabloda veri var mı kontrol edilir

2021-11-18 11:24:25 - [MESSAGE][PASSED] - Tabloda veri var mı kontrol edilir

2021-11-18 11:24:25 - [TEST_STEP][PASSED] - Tablodan Logo Elektronik GIB Test isimli veri seçilir: Tablodan Logo Elektronik GIB Test isimli veri seçilir

2021-11-18 11:24:25 - [MESSAGE][PASSED] - Tablodan Logo Elektronik GIB Test isimli veri seçilir

2021-11-18 11:24:25 - [TEST_STEP][PASSED] - Butonlardan İzleme Kayıtları isimli butona tıklanır: Butonlardan İzleme Kayıtları isimli butona tıklanır

2021-11-18 11:24:25 - [MESSAGE][PASSED] - Butonlardan İzleme Kayıtları isimli butona tıklanır

2021-11-18 11:24:25 - [TEST_STEP][PASSED] - Yeni açılan sekmeye geçilir: Yeni açılan sekmeye geçilir

2021-11-18 11:24:25 - [MESSAGE][PASSED] - Yeni açılan sekmeye geçilir

2021-11-18 11:24:25 - [TEST_STEP][PASSED] - İrsaliye İzleme Kayıtları baslikli gecmis sayfasi geldi mi: İrsaliye İzleme Kayıtları baslikli gecmis sayfasi geldi mi

2021-11-18 11:24:25 - [MESSAGE][PASSED] - İrsaliye İzleme Kayıtları baslikli gecmis sayfasi geldi mi

2021-11-18 11:24:25 - [TEST_STEP][PASSED] - Ana sekmeye geçilir: Ana sekmeye geçilir

2021-11-18 11:24:25 - [MESSAGE][PASSED] - Ana sekmeye geçilir

2021-11-18 11:24:25 - [TEST_STEP][PASSED] - Kullanıcı işlemlerinden Çıkış seçilir: Kullanıcı işlemlerinden Çıkış seçilir

2021-11-18 11:24:25 - [MESSAGE][PASSED] - Kullanıcı işlemlerinden Çıkış seçilir

2021-11-18 11:24:25 - [MESSAGE][PASSED] - Feature file: 'Include/features/e-Irsaliye/Gelen Kutusu/Irsaliyeler/IzlemeKayitlari.feature' was passed

2021-11-18 11:24:25 - [TEST_STEP][PASSED] - Start listener action : sampleAfterTestSuite: Invoke 'com.kms.katalon.core.annotation.AfterTestCase' method: 'Listener.sampleAfterTestSuite(...)' completed.

2021-11-18 11:24:25 - [MESSAGE][INFO] - Starting invoke 'com.kms.katalon.core.annotation.AfterTestCase' method: 'Listener.sampleAfterTestSuite(...)'

2021-11-18 11:24:25 - [TEST_STEP][PASSED] - closeBrowser(): Invoke 'com.kms.katalon.core.annotation.AfterTestCase' method: 'Listener.sampleAfterTestSuite(...)' completed.

2021-11-18 11:24:25 - [MESSAGE][INFO] - Closing browser

2021-11-18 11:24:25 - [MESSAGE][PASSED] - Browser is closed

2021-11-18 11:24:25 - [MESSAGE][INFO] - Invoke 'com.kms.katalon.core.annotation.AfterTestCase' method: 'Listener.sampleAfterTestSuite(...)' completed.]]></system-out>
         <system-err><![CDATA[]]></system-err>
      </testcase>
      <testcase name="Test Cases/Case Repository/e-Irsaliye/Gelen Kutusu/Irsaliyeler/Statu Ata" time="40.074" classname="Test Cases/Case Repository/e-Irsaliye/Gelen Kutusu/Irsaliyeler/Statu Ata" status="PASSED">
         <system-out><![CDATA[2021-11-18 11:24:25 - [TEST_CASE][PASSED] - Test Cases/Case Repository/e-Irsaliye/Gelen Kutusu/Irsaliyeler/Statu Ata: Test Cases/Case Repository/e-Irsaliye/Gelen Kutusu/Irsaliyeler/Statu Ata

2021-11-18 11:24:25 - [TEST_STEP][PASSED] - Start listener action : sampleBeforeTestSuite: Invoke 'com.kms.katalon.core.annotation.BeforeTestCase' method: 'Listener.sampleBeforeTestSuite(...)' completed.

2021-11-18 11:24:25 - [MESSAGE][INFO] - Starting invoke 'com.kms.katalon.core.annotation.BeforeTestCase' method: 'Listener.sampleBeforeTestSuite(...)'

2021-11-18 11:24:25 - [TEST_STEP][PASSED] - openBrowser(baseUrl): Browser is opened with url: 'https://efatura-stage.elogo.com.tr/'

2021-11-18 11:24:25 - [MESSAGE][INFO] - Opening browser

2021-11-18 11:24:25 - [MESSAGE][INFO] - Starting 'Chrome' driver

2021-11-18 11:24:25 - [MESSAGE][INFO] - User set preference: ['prefs', '{download.default_directory=C:\otomasyondownfiles}']

2021-11-18 11:24:25 - [MESSAGE][INFO] - Action delay is set to 0 milliseconds

2021-11-18 11:24:27 - [MESSAGE][INFO] - Navigating browser to: 'https://efatura-stage.elogo.com.tr/'

2021-11-18 11:24:30 - [MESSAGE][PASSED] - Browser is opened with url: 'https://efatura-stage.elogo.com.tr/'

2021-11-18 11:24:30 - [TEST_STEP][PASSED] - maximizeWindow(): Invoke 'com.kms.katalon.core.annotation.BeforeTestCase' method: 'Listener.sampleBeforeTestSuite(...)' completed.

2021-11-18 11:24:30 - [MESSAGE][INFO] - Maximizing current window

2021-11-18 11:24:30 - [MESSAGE][PASSED] - Current window maximized

2021-11-18 11:24:30 - [MESSAGE][INFO] - Invoke 'com.kms.katalon.core.annotation.BeforeTestCase' method: 'Listener.sampleBeforeTestSuite(...)' completed.

2021-11-18 11:24:30 - [TEST_STEP][PASSED] - runFeatureFile("Include/features/e-Irsaliye/Gelen Kutusu/Irsaliyeler/Statu Ata.feature"): Feature file: 'Include/features/e-Irsaliye/Gelen Kutusu/Irsaliyeler/Statu Ata.feature' was passed

2021-11-18 11:24:30 - [MESSAGE][INFO] - Starting run keyword runFeatureFile: 'Include/features/e-Irsaliye/Gelen Kutusu/Irsaliyeler/Statu Ata.feature' and extract report to folder: 'C:\Users\DELL\Documents\GitHub\EES_KatalonLogo\Reports\20211118_110909\Suite Repository\e-Irsaliye\20211118_110920/cucumber_report/1637223870653'...

2021-11-18 11:24:30 - [MESSAGE][INFO] - Glue: []

2021-11-18 11:24:32 - [MESSAGE][INFO] - Checking called Test Case

2021-11-18 11:24:32 - [MESSAGE][INFO] - Starting to call Test Case 'Test Cases/Sayfalar/Giris_Sayfasi/Login'

2021-11-18 11:24:32 - [TEST_CASE][PASSED] - Test Cases/Sayfalar/Giris_Sayfasi/Login: Test Cases/Sayfalar/Giris_Sayfasi/Login

2021-11-18 11:24:32 - [TEST_STEP][PASSED] - Sayfa_Basligi = getWindowTitle(): Current window's title is: 'LOGO e-Fatura'

2021-11-18 11:24:32 - [MESSAGE][INFO] - Getting current window's title

2021-11-18 11:24:32 - [MESSAGE][PASSED] - Current window's title is: 'LOGO e-Fatura'

2021-11-18 11:24:32 - [TEST_STEP][PASSED] - verifyMatch(Sayfa_Basligi, "LOGO e-Fatura", false): Actual text 'LOGO e-Fatura' and expected text 'LOGO e-Fatura' are matched 

2021-11-18 11:24:32 - [MESSAGE][INFO] - Matching actual text 'LOGO e-Fatura' with expected text 'LOGO e-Fatura'

2021-11-18 11:24:32 - [MESSAGE][PASSED] - Actual text 'LOGO e-Fatura' and expected text 'LOGO e-Fatura' are matched 

2021-11-18 11:24:32 - [TEST_STEP][PASSED] - sendKeys(findTestObject("Sayfalar/Giris_Sayfasi/Firma_Kodu"), KullaniciAdi): Keys 'ELOGO6' sent to object: 'Object Repository/Sayfalar/Giris_Sayfasi/Firma_Kodu'

2021-11-18 11:24:32 - [MESSAGE][INFO] - Finding Test Object 'Object Repository/Sayfalar/Giris_Sayfasi/Firma_Kodu'

2021-11-18 11:24:32 - [MESSAGE][INFO] - Sending keys 'ELOGO6' to object: 'Object Repository/Sayfalar/Giris_Sayfasi/Firma_Kodu'

2021-11-18 11:24:32 - [MESSAGE][INFO] - Finding web element from Test Object's properties

2021-11-18 11:24:32 - [MESSAGE][INFO] - Checking timeout

2021-11-18 11:24:32 - [MESSAGE][INFO] - Finding web element with id: 'Object Repository/Sayfalar/Giris_Sayfasi/Firma_Kodu' located by 'By.xpath: //*[@id = 'AccountName']' in '30' second(s)

2021-11-18 11:24:32 - [MESSAGE][INFO] - Smart Wait Function is triggered

2021-11-18 11:24:32 - [MESSAGE][INFO] - Found 1 web elements with id: 'Object Repository/Sayfalar/Giris_Sayfasi/Firma_Kodu' located by 'By.xpath: //*[@id = 'AccountName']' in '30' second(s)

2021-11-18 11:24:32 - [MESSAGE][PASSED] - Keys 'ELOGO6' sent to object: 'Object Repository/Sayfalar/Giris_Sayfasi/Firma_Kodu'

2021-11-18 11:24:32 - [TEST_STEP][PASSED] - sendKeys(findTestObject("Sayfalar/Giris_Sayfasi/Sifre"), Sifre): Keys '123456' sent to object: 'Object Repository/Sayfalar/Giris_Sayfasi/Sifre'

2021-11-18 11:24:32 - [MESSAGE][INFO] - Finding Test Object 'Object Repository/Sayfalar/Giris_Sayfasi/Sifre'

2021-11-18 11:24:32 - [MESSAGE][INFO] - Sending keys '123456' to object: 'Object Repository/Sayfalar/Giris_Sayfasi/Sifre'

2021-11-18 11:24:32 - [MESSAGE][INFO] - Finding web element from Test Object's properties

2021-11-18 11:24:32 - [MESSAGE][INFO] - Checking timeout

2021-11-18 11:24:32 - [MESSAGE][INFO] - Finding web element with id: 'Object Repository/Sayfalar/Giris_Sayfasi/Sifre' located by 'By.xpath: //*[@id = 'Password']' in '30' second(s)

2021-11-18 11:24:32 - [MESSAGE][INFO] - Smart Wait Function is triggered

2021-11-18 11:24:33 - [MESSAGE][INFO] - Found 1 web elements with id: 'Object Repository/Sayfalar/Giris_Sayfasi/Sifre' located by 'By.xpath: //*[@id = 'Password']' in '30' second(s)

2021-11-18 11:24:33 - [MESSAGE][PASSED] - Keys '123456' sent to object: 'Object Repository/Sayfalar/Giris_Sayfasi/Sifre'

2021-11-18 11:24:33 - [TEST_STEP][PASSED] - findWebElement(findTestObject("Sayfalar/Giris_Sayfasi/Giris_Butonu")).click(): Found 1 web elements with id: 'Object Repository/Sayfalar/Giris_Sayfasi/Giris_Butonu' located by 'By.cssSelector: #btnLogin' in '30' second(s)

2021-11-18 11:24:33 - [MESSAGE][INFO] - Finding Test Object 'Object Repository/Sayfalar/Giris_Sayfasi/Giris_Butonu'

2021-11-18 11:24:33 - [MESSAGE][INFO] - Finding web element from Test Object's properties

2021-11-18 11:24:33 - [MESSAGE][INFO] - Checking timeout

2021-11-18 11:24:33 - [MESSAGE][INFO] - Finding web element with id: 'Object Repository/Sayfalar/Giris_Sayfasi/Giris_Butonu' located by 'By.cssSelector: #btnLogin' in '30' second(s)

2021-11-18 11:24:33 - [MESSAGE][INFO] - Smart Wait Function is triggered

2021-11-18 11:24:33 - [MESSAGE][INFO] - Found 1 web elements with id: 'Object Repository/Sayfalar/Giris_Sayfasi/Giris_Butonu' located by 'By.cssSelector: #btnLogin' in '30' second(s)

2021-11-18 11:24:35 - [TEST_STEP][PASSED] - if (verifyElementPresent(findTestObject("Object Repository/Sayfalar/Giris_Sayfasi/RetveTamam_Butonu"), 5, OPTIONAL)): null

2021-11-18 11:24:35 - [MESSAGE][INFO] - Finding Test Object 'Object Repository/Sayfalar/Giris_Sayfasi/RetveTamam_Butonu'

2021-11-18 11:24:35 - [MESSAGE][INFO] - Checking object

2021-11-18 11:24:35 - [MESSAGE][INFO] - Finding web element from Test Object's properties

2021-11-18 11:24:35 - [MESSAGE][INFO] - Checking timeout

2021-11-18 11:24:35 - [MESSAGE][INFO] - Finding web element with id: 'Object Repository/Sayfalar/Giris_Sayfasi/RetveTamam_Butonu' located by 'By.xpath: //*[@class = 'btn btn-default']' in '5' second(s)

2021-11-18 11:24:35 - [MESSAGE][INFO] - Smart Wait Function is triggered

2021-11-18 11:24:36 - [MESSAGE][INFO] - Found 1 web elements with id: 'Object Repository/Sayfalar/Giris_Sayfasi/RetveTamam_Butonu' located by 'By.xpath: //*[@class = 'btn btn-default']' in '5' second(s)

2021-11-18 11:24:36 - [MESSAGE][PASSED] - Object 'Object Repository/Sayfalar/Giris_Sayfasi/RetveTamam_Butonu' is present

2021-11-18 11:24:36 - [TEST_STEP][PASSED] - click(findTestObject("Object Repository/Sayfalar/Giris_Sayfasi/RetveTamam_Butonu")): Object: 'Object Repository/Sayfalar/Giris_Sayfasi/RetveTamam_Butonu' is clicked on

2021-11-18 11:24:36 - [MESSAGE][INFO] - Finding Test Object 'Object Repository/Sayfalar/Giris_Sayfasi/RetveTamam_Butonu'

2021-11-18 11:24:36 - [MESSAGE][INFO] - Checking object

2021-11-18 11:24:36 - [MESSAGE][INFO] - Finding web element from Test Object's properties

2021-11-18 11:24:36 - [MESSAGE][INFO] - Checking timeout

2021-11-18 11:24:36 - [MESSAGE][INFO] - Finding web element with id: 'Object Repository/Sayfalar/Giris_Sayfasi/RetveTamam_Butonu' located by 'By.xpath: //*[@class = 'btn btn-default']' in '30' second(s)

2021-11-18 11:24:36 - [MESSAGE][INFO] - Smart Wait Function is triggered

2021-11-18 11:24:36 - [MESSAGE][INFO] - Found 1 web elements with id: 'Object Repository/Sayfalar/Giris_Sayfasi/RetveTamam_Butonu' located by 'By.xpath: //*[@class = 'btn btn-default']' in '30' second(s)

2021-11-18 11:24:36 - [MESSAGE][INFO] - Clicking on object: 'Object Repository/Sayfalar/Giris_Sayfasi/RetveTamam_Butonu'

2021-11-18 11:24:36 - [MESSAGE][PASSED] - Object: 'Object Repository/Sayfalar/Giris_Sayfasi/RetveTamam_Butonu' is clicked on

2021-11-18 11:24:36 - [TEST_STEP][PASSED] - click(findTestObject("Object Repository/Sayfalar/Giris_Sayfasi/RetveTamam_Butonu")): Object: 'Object Repository/Sayfalar/Giris_Sayfasi/RetveTamam_Butonu' is clicked on

2021-11-18 11:24:36 - [MESSAGE][INFO] - Finding Test Object 'Object Repository/Sayfalar/Giris_Sayfasi/RetveTamam_Butonu'

2021-11-18 11:24:36 - [MESSAGE][INFO] - Checking object

2021-11-18 11:24:36 - [MESSAGE][INFO] - Finding web element from Test Object's properties

2021-11-18 11:24:36 - [MESSAGE][INFO] - Checking timeout

2021-11-18 11:24:36 - [MESSAGE][INFO] - Finding web element with id: 'Object Repository/Sayfalar/Giris_Sayfasi/RetveTamam_Butonu' located by 'By.xpath: //*[@class = 'btn btn-default']' in '30' second(s)

2021-11-18 11:24:36 - [MESSAGE][INFO] - Smart Wait Function is triggered

2021-11-18 11:24:40 - [MESSAGE][INFO] - Found 1 web elements with id: 'Object Repository/Sayfalar/Giris_Sayfasi/RetveTamam_Butonu' located by 'By.xpath: //*[@class = 'btn btn-default']' in '30' second(s)

2021-11-18 11:24:40 - [MESSAGE][INFO] - Clicking on object: 'Object Repository/Sayfalar/Giris_Sayfasi/RetveTamam_Butonu'

2021-11-18 11:24:40 - [MESSAGE][PASSED] - Object: 'Object Repository/Sayfalar/Giris_Sayfasi/RetveTamam_Butonu' is clicked on

2021-11-18 11:24:40 - [TEST_STEP][PASSED] - if (verifyElementPresent(findTestObject("Sayfalar/Giris_Sayfasi/PopupOK"), 5, OPTIONAL)): null

2021-11-18 11:24:40 - [MESSAGE][INFO] - Finding Test Object 'Object Repository/Sayfalar/Giris_Sayfasi/PopupOK'

2021-11-18 11:24:41 - [MESSAGE][INFO] - Checking object

2021-11-18 11:24:41 - [MESSAGE][INFO] - Finding web element from Test Object's properties

2021-11-18 11:24:41 - [MESSAGE][INFO] - Checking timeout

2021-11-18 11:24:41 - [MESSAGE][INFO] - Finding web element with id: 'Object Repository/Sayfalar/Giris_Sayfasi/PopupOK' located by 'By.cssSelector: .btn.btn-success' in '5' second(s)

2021-11-18 11:24:41 - [MESSAGE][INFO] - Smart Wait Function is triggered

2021-11-18 11:24:41 - [MESSAGE][INFO] - Found 1 web elements with id: 'Object Repository/Sayfalar/Giris_Sayfasi/PopupOK' located by 'By.cssSelector: .btn.btn-success' in '5' second(s)

2021-11-18 11:24:41 - [MESSAGE][PASSED] - Object 'Object Repository/Sayfalar/Giris_Sayfasi/PopupOK' is present

2021-11-18 11:24:41 - [TEST_STEP][PASSED] - click(findTestObject("Object Repository/Sayfalar/Giris_Sayfasi/PopupCarpiGiris")): Object: 'Object Repository/Sayfalar/Giris_Sayfasi/PopupCarpiGiris' is clicked on

2021-11-18 11:24:41 - [MESSAGE][INFO] - Finding Test Object 'Object Repository/Sayfalar/Giris_Sayfasi/PopupCarpiGiris'

2021-11-18 11:24:41 - [MESSAGE][INFO] - Checking object

2021-11-18 11:24:41 - [MESSAGE][INFO] - Finding web element from Test Object's properties

2021-11-18 11:24:41 - [MESSAGE][INFO] - Checking timeout

2021-11-18 11:24:41 - [MESSAGE][INFO] - Finding web element with id: 'Object Repository/Sayfalar/Giris_Sayfasi/PopupCarpiGiris' located by 'By.cssSelector: .bootbox-close-button.close' in '30' second(s)

2021-11-18 11:24:41 - [MESSAGE][INFO] - Smart Wait Function is triggered

2021-11-18 11:24:42 - [MESSAGE][INFO] - Found 1 web elements with id: 'Object Repository/Sayfalar/Giris_Sayfasi/PopupCarpiGiris' located by 'By.cssSelector: .bootbox-close-button.close' in '30' second(s)

2021-11-18 11:24:42 - [MESSAGE][INFO] - Clicking on object: 'Object Repository/Sayfalar/Giris_Sayfasi/PopupCarpiGiris'

2021-11-18 11:24:42 - [MESSAGE][PASSED] - Object: 'Object Repository/Sayfalar/Giris_Sayfasi/PopupCarpiGiris' is clicked on

2021-11-18 11:24:42 - [TEST_STEP][PASSED] - verifyElementVisible(findTestObject("Object Repository/Kullanici_Islemleri/KullaniciIslemleri")): Object 'Object Repository/Kullanici_Islemleri/KullaniciIslemleri' is visible

2021-11-18 11:24:42 - [MESSAGE][INFO] - Finding Test Object 'Object Repository/Kullanici_Islemleri/KullaniciIslemleri'

2021-11-18 11:24:42 - [MESSAGE][INFO] - Checking object

2021-11-18 11:24:42 - [MESSAGE][INFO] - Finding web element from Test Object's properties

2021-11-18 11:24:42 - [MESSAGE][INFO] - Checking timeout

2021-11-18 11:24:42 - [MESSAGE][INFO] - Finding web element with id: 'Object Repository/Kullanici_Islemleri/KullaniciIslemleri' located by 'By.cssSelector: .dropdown>a>img' in '30' second(s)

2021-11-18 11:24:42 - [MESSAGE][INFO] - Smart Wait Function is triggered

2021-11-18 11:24:43 - [MESSAGE][INFO] - Found 1 web elements with id: 'Object Repository/Kullanici_Islemleri/KullaniciIslemleri' located by 'By.cssSelector: .dropdown>a>img' in '30' second(s)

2021-11-18 11:24:43 - [MESSAGE][PASSED] - Object 'Object Repository/Kullanici_Islemleri/KullaniciIslemleri' is visible

2021-11-18 11:24:43 - [MESSAGE][PASSED] - Call Test Case 'Test Cases/Sayfalar/Giris_Sayfasi/Login' successfully

2021-11-18 11:24:43 - [MESSAGE][INFO] - Checking called Test Case

2021-11-18 11:24:43 - [MESSAGE][INFO] - Starting to call Test Case 'Test Cases/Menu/AnaMenuSecimi'

2021-11-18 11:24:43 - [TEST_CASE][PASSED] - Test Cases/Menu/AnaMenuSecimi: Test Cases/Menu/AnaMenuSecimi

2021-11-18 11:24:43 - [TEST_STEP][PASSED] - Method.TextDegerineEsitElementeTikla(findTestObject("Menu/Ana_Menu"), Ana_Menu): Method.TextDegerineEsitElementeTikla is PASSED

2021-11-18 11:24:43 - [MESSAGE][INFO] - Finding Test Object 'Object Repository/Menu/Ana_Menu'

2021-11-18 11:24:43 - [MESSAGE][INFO] - Checking timeout

2021-11-18 11:24:43 - [MESSAGE][INFO] - Finding web element with id: 'Object Repository/Menu/Ana_Menu' located by 'By.xpath: //*[@class = 'dropdown-toggle']' in '10' second(s)

2021-11-18 11:24:43 - [MESSAGE][INFO] - Smart Wait Function is triggered

2021-11-18 11:24:43 - [MESSAGE][INFO] - Found 14 web elements with id: 'Object Repository/Menu/Ana_Menu' located by 'By.xpath: //*[@class = 'dropdown-toggle']' in '10' second(s)

2021-11-18 11:24:43 - [MESSAGE][PASSED] - Method.TextDegerineEsitElementeTikla is PASSED

2021-11-18 11:24:43 - [MESSAGE][PASSED] - Call Test Case 'Test Cases/Menu/AnaMenuSecimi' successfully

2021-11-18 11:24:43 - [MESSAGE][INFO] - Checking called Test Case

2021-11-18 11:24:43 - [MESSAGE][INFO] - Starting to call Test Case 'Test Cases/Menu/BasligaGoreAltMenuSecimi'

2021-11-18 11:24:43 - [TEST_CASE][PASSED] - Test Cases/Menu/BasligaGoreAltMenuSecimi: Test Cases/Menu/BasligaGoreAltMenuSecimi

2021-11-18 11:24:43 - [TEST_STEP][PASSED] - Method.TextDegerineEsitElementinAltindakiTextDegerineEsitOlanaTikla(findTestObject("Menu/Menu_Basligi"), findTestObject("Menu/Basliga_Gore_Alt_Menu"), Baslik, Alt_Menu): Method.TextDegerineEsitElementinAltindakiTextDegerineEsitOlanaTikla is PASSED

2021-11-18 11:24:43 - [MESSAGE][INFO] - Finding Test Object 'Object Repository/Menu/Menu_Basligi'

2021-11-18 11:24:43 - [MESSAGE][INFO] - Finding Test Object 'Object Repository/Menu/Basliga_Gore_Alt_Menu'

2021-11-18 11:24:44 - [MESSAGE][INFO] - Checking timeout

2021-11-18 11:24:44 - [MESSAGE][INFO] - Finding web element with id: 'Object Repository/Menu/Menu_Basligi' located by 'By.xpath: //li[@class='dropdown dropdown-large open']//li[@class='dropdown-header']' in '10' second(s)

2021-11-18 11:24:44 - [MESSAGE][INFO] - Smart Wait Function is triggered

2021-11-18 11:24:44 - [MESSAGE][INFO] - Found 3 web elements with id: 'Object Repository/Menu/Menu_Basligi' located by 'By.xpath: //li[@class='dropdown dropdown-large open']//li[@class='dropdown-header']' in '10' second(s)

2021-11-18 11:24:44 - [MESSAGE][INFO] - Smart Wait Function is triggered

2021-11-18 11:24:46 - [MESSAGE][PASSED] - Method.TextDegerineEsitElementinAltindakiTextDegerineEsitOlanaTikla is PASSED

2021-11-18 11:24:46 - [MESSAGE][PASSED] - Call Test Case 'Test Cases/Menu/BasligaGoreAltMenuSecimi' successfully

2021-11-18 11:24:46 - [MESSAGE][INFO] - Checking called Test Case

2021-11-18 11:24:46 - [MESSAGE][INFO] - Starting to call Test Case 'Test Cases/Filtreler/BaslangicYaz'

2021-11-18 11:24:47 - [TEST_CASE][PASSED] - Test Cases/Filtreler/BaslangicYaz: Test Cases/Filtreler/BaslangicYaz

2021-11-18 11:24:47 - [TEST_STEP][PASSED] - delay(3): Delayed 3 second(s)

2021-11-18 11:24:47 - [MESSAGE][INFO] - Delaying browser in 3 second(s)

2021-11-18 11:24:50 - [MESSAGE][PASSED] - Delayed 3 second(s)

2021-11-18 11:24:50 - [TEST_STEP][PASSED] - Method.TextDegerineEsitElementinAltindakineTikla(findTestObject("Filtreler/Basliklar"), findTestObject("Filtreler/Basliga_Gore_Baslangic_Image"), Filtre_Adi): Method.TextDegerineEsitElementinAltindakineTikla is PASSED

2021-11-18 11:24:50 - [MESSAGE][INFO] - Finding Test Object 'Object Repository/Filtreler/Basliklar'

2021-11-18 11:24:50 - [MESSAGE][INFO] - Finding Test Object 'Object Repository/Filtreler/Basliga_Gore_Baslangic_Image'

2021-11-18 11:24:50 - [MESSAGE][INFO] - Checking timeout

2021-11-18 11:24:50 - [MESSAGE][INFO] - Finding web element with id: 'Object Repository/Filtreler/Basliklar' located by 'By.cssSelector: .control-label.col-sm-4.paddingMarginRLC' in '10' second(s)

2021-11-18 11:24:50 - [MESSAGE][INFO] - Smart Wait Function is triggered

2021-11-18 11:24:50 - [MESSAGE][INFO] - Found 18 web elements with id: 'Object Repository/Filtreler/Basliklar' located by 'By.cssSelector: .control-label.col-sm-4.paddingMarginRLC' in '10' second(s)

2021-11-18 11:24:50 - [MESSAGE][INFO] - Smart Wait Function is triggered

2021-11-18 11:24:51 - [MESSAGE][PASSED] - Method.TextDegerineEsitElementinAltindakineTikla is PASSED

2021-11-18 11:24:51 - [TEST_STEP][PASSED] - Method.TextDegerineEsitElementinAltindakiTextboxtaYaz(findTestObject("Filtreler/Basliklar"), findTestObject("Filtreler/Basliga_Gore_Baslangic"), Filtre_Adi, Filtre_Degeri): Method.TextDegerineEsitElementinAltindakiTextboxtaYaz is PASSED

2021-11-18 11:24:51 - [MESSAGE][INFO] - Finding Test Object 'Object Repository/Filtreler/Basliklar'

2021-11-18 11:24:51 - [MESSAGE][INFO] - Finding Test Object 'Object Repository/Filtreler/Basliga_Gore_Baslangic'

2021-11-18 11:24:51 - [MESSAGE][INFO] - Checking timeout

2021-11-18 11:24:51 - [MESSAGE][INFO] - Finding web element with id: 'Object Repository/Filtreler/Basliklar' located by 'By.cssSelector: .control-label.col-sm-4.paddingMarginRLC' in '10' second(s)

2021-11-18 11:24:51 - [MESSAGE][INFO] - Smart Wait Function is triggered

2021-11-18 11:24:52 - [MESSAGE][INFO] - Found 18 web elements with id: 'Object Repository/Filtreler/Basliklar' located by 'By.cssSelector: .control-label.col-sm-4.paddingMarginRLC' in '10' second(s)

2021-11-18 11:24:52 - [MESSAGE][INFO] - Smart Wait Function is triggered

2021-11-18 11:24:52 - [MESSAGE][PASSED] - Method.TextDegerineEsitElementinAltindakiTextboxtaYaz is PASSED

2021-11-18 11:24:52 - [MESSAGE][PASSED] - Call Test Case 'Test Cases/Filtreler/BaslangicYaz' successfully

2021-11-18 11:24:52 - [MESSAGE][INFO] - Checking called Test Case

2021-11-18 11:24:52 - [MESSAGE][INFO] - Starting to call Test Case 'Test Cases/Filtreler/BitisYaz'

2021-11-18 11:24:52 - [TEST_CASE][PASSED] - Test Cases/Filtreler/BitisYaz: Test Cases/Filtreler/BitisYaz

2021-11-18 11:24:52 - [TEST_STEP][PASSED] - Method.TextDegerineEsitElementinAltindakineTikla(findTestObject("Filtreler/Basliklar"), findTestObject("Filtreler/Basliga_Gore_Bitis_Image"), Filtre_Adi): Method.TextDegerineEsitElementinAltindakineTikla is PASSED

2021-11-18 11:24:52 - [MESSAGE][INFO] - Finding Test Object 'Object Repository/Filtreler/Basliklar'

2021-11-18 11:24:52 - [MESSAGE][INFO] - Finding Test Object 'Object Repository/Filtreler/Basliga_Gore_Bitis_Image'

2021-11-18 11:24:52 - [MESSAGE][INFO] - Checking timeout

2021-11-18 11:24:52 - [MESSAGE][INFO] - Finding web element with id: 'Object Repository/Filtreler/Basliklar' located by 'By.cssSelector: .control-label.col-sm-4.paddingMarginRLC' in '10' second(s)

2021-11-18 11:24:52 - [MESSAGE][INFO] - Smart Wait Function is triggered

2021-11-18 11:24:53 - [MESSAGE][INFO] - Found 18 web elements with id: 'Object Repository/Filtreler/Basliklar' located by 'By.cssSelector: .control-label.col-sm-4.paddingMarginRLC' in '10' second(s)

2021-11-18 11:24:53 - [MESSAGE][INFO] - Smart Wait Function is triggered

2021-11-18 11:24:53 - [MESSAGE][PASSED] - Method.TextDegerineEsitElementinAltindakineTikla is PASSED

2021-11-18 11:24:53 - [TEST_STEP][PASSED] - Method.TextDegerineEsitElementinAltindakiTextboxtaYaz(findTestObject("Filtreler/Basliklar"), findTestObject("Object Repository/Filtreler/Basliga_Gore_Bitis"), Filtre_Adi, Filtre_Degeri): Method.TextDegerineEsitElementinAltindakiTextboxtaYaz is PASSED

2021-11-18 11:24:53 - [MESSAGE][INFO] - Finding Test Object 'Object Repository/Filtreler/Basliklar'

2021-11-18 11:24:53 - [MESSAGE][INFO] - Finding Test Object 'Object Repository/Filtreler/Basliga_Gore_Bitis'

2021-11-18 11:24:53 - [MESSAGE][INFO] - Checking timeout

2021-11-18 11:24:53 - [MESSAGE][INFO] - Finding web element with id: 'Object Repository/Filtreler/Basliklar' located by 'By.cssSelector: .control-label.col-sm-4.paddingMarginRLC' in '10' second(s)

2021-11-18 11:24:53 - [MESSAGE][INFO] - Smart Wait Function is triggered

2021-11-18 11:24:54 - [MESSAGE][INFO] - Found 18 web elements with id: 'Object Repository/Filtreler/Basliklar' located by 'By.cssSelector: .control-label.col-sm-4.paddingMarginRLC' in '10' second(s)

2021-11-18 11:24:54 - [MESSAGE][INFO] - Smart Wait Function is triggered

2021-11-18 11:24:54 - [MESSAGE][PASSED] - Method.TextDegerineEsitElementinAltindakiTextboxtaYaz is PASSED

2021-11-18 11:24:54 - [MESSAGE][PASSED] - Call Test Case 'Test Cases/Filtreler/BitisYaz' successfully

2021-11-18 11:24:54 - [MESSAGE][INFO] - Checking called Test Case

2021-11-18 11:24:54 - [MESSAGE][INFO] - Starting to call Test Case 'Test Cases/Filtreler/ButonaTikla'

2021-11-18 11:24:55 - [TEST_CASE][PASSED] - Test Cases/Filtreler/ButonaTikla: Test Cases/Filtreler/ButonaTikla

2021-11-18 11:24:55 - [TEST_STEP][PASSED] - Method.TextDegerineEsitElementeTikla(findTestObject("Filtreler/Butonlar"), Filtre_Buton): Method.TextDegerineEsitElementeTikla is PASSED

2021-11-18 11:24:55 - [MESSAGE][INFO] - Finding Test Object 'Object Repository/Filtreler/Butonlar'

2021-11-18 11:24:55 - [MESSAGE][INFO] - Checking timeout

2021-11-18 11:24:55 - [MESSAGE][INFO] - Finding web element with id: 'Object Repository/Filtreler/Butonlar' located by 'By.cssSelector: .dxb>span' in '10' second(s)

2021-11-18 11:24:55 - [MESSAGE][INFO] - Smart Wait Function is triggered

2021-11-18 11:24:55 - [MESSAGE][INFO] - Found 3 web elements with id: 'Object Repository/Filtreler/Butonlar' located by 'By.cssSelector: .dxb>span' in '10' second(s)

2021-11-18 11:24:55 - [MESSAGE][PASSED] - Method.TextDegerineEsitElementeTikla is PASSED

2021-11-18 11:24:55 - [MESSAGE][PASSED] - Call Test Case 'Test Cases/Filtreler/ButonaTikla' successfully

2021-11-18 11:24:55 - [MESSAGE][INFO] - Checking called Test Case

2021-11-18 11:24:55 - [MESSAGE][INFO] - Starting to call Test Case 'Test Cases/Tablo/TablodaVeriVarMi'

2021-11-18 11:24:55 - [TEST_CASE][PASSED] - Test Cases/Tablo/TablodaVeriVarMi: Test Cases/Tablo/TablodaVeriVarMi

2021-11-18 11:24:55 - [TEST_STEP][PASSED] - verifyTextNotPresent("Görüntülenecek veri yok", true): Text 'Görüntülenecek veri yok' is not present on page using regular expression

2021-11-18 11:24:55 - [MESSAGE][INFO] - Checking text present  using regular expression

2021-11-18 11:24:55 - [MESSAGE][INFO] - Smart Wait Function is triggered

2021-11-18 11:24:56 - [MESSAGE][INFO] - Finding text 'Görüntülenecek veri yok' on page  using regular expression

2021-11-18 11:24:56 - [MESSAGE][PASSED] - Text 'Görüntülenecek veri yok' is not present on page using regular expression

2021-11-18 11:24:56 - [MESSAGE][PASSED] - Call Test Case 'Test Cases/Tablo/TablodaVeriVarMi' successfully

2021-11-18 11:24:56 - [MESSAGE][INFO] - Checking called Test Case

2021-11-18 11:24:56 - [MESSAGE][INFO] - Starting to call Test Case 'Test Cases/Tablo/TablodanVeriSec'

2021-11-18 11:24:56 - [TEST_CASE][PASSED] - Test Cases/Tablo/TablodanVeriSec: Test Cases/Tablo/TablodanVeriSec

2021-11-18 11:24:56 - [TEST_STEP][PASSED] - Method.TextDegerineEsitElementinAltindakineTikla(findTestObject("Tablo/Veriler"), findTestObject("Tablo/VerininCheckBoxi"), Veri_Adi): Method.TextDegerineEsitElementinAltindakineTikla is PASSED

2021-11-18 11:24:56 - [MESSAGE][INFO] - Finding Test Object 'Object Repository/Tablo/Veriler'

2021-11-18 11:24:56 - [MESSAGE][INFO] - Finding Test Object 'Object Repository/Tablo/VerininCheckBoxi'

2021-11-18 11:24:57 - [MESSAGE][INFO] - Checking timeout

2021-11-18 11:24:57 - [MESSAGE][INFO] - Finding web element with id: 'Object Repository/Tablo/Veriler' located by 'By.cssSelector: td.dxgv b ,td.dxgv' in '10' second(s)

2021-11-18 11:24:57 - [MESSAGE][INFO] - Smart Wait Function is triggered

2021-11-18 11:24:57 - [MESSAGE][INFO] - Found 84 web elements with id: 'Object Repository/Tablo/Veriler' located by 'By.cssSelector: td.dxgv b ,td.dxgv' in '10' second(s)

2021-11-18 11:24:57 - [MESSAGE][INFO] - Smart Wait Function is triggered

2021-11-18 11:24:57 - [MESSAGE][PASSED] - Method.TextDegerineEsitElementinAltindakineTikla is PASSED

2021-11-18 11:24:57 - [MESSAGE][PASSED] - Call Test Case 'Test Cases/Tablo/TablodanVeriSec' successfully

2021-11-18 11:24:57 - [MESSAGE][INFO] - Checking called Test Case

2021-11-18 11:24:57 - [MESSAGE][INFO] - Starting to call Test Case 'Test Cases/Butonlar/ButonaTikla'

2021-11-18 11:24:57 - [TEST_CASE][PASSED] - Test Cases/Butonlar/ButonaTikla: Test Cases/Butonlar/ButonaTikla

2021-11-18 11:24:57 - [TEST_STEP][PASSED] - Method.TextDegerineEsitElementeTiklaEquals(findTestObject("Butonlar/Butonlar"), Buton_Adi): Method.TextDegerineEsitElementeTiklaEquals is PASSED

2021-11-18 11:24:57 - [MESSAGE][INFO] - Finding Test Object 'Object Repository/Butonlar/Butonlar'

2021-11-18 11:24:57 - [MESSAGE][INFO] - Checking timeout

2021-11-18 11:24:57 - [MESSAGE][INFO] - Finding web element with id: 'Object Repository/Butonlar/Butonlar' located by 'By.cssSelector: .panel.panel-default.text-center.footerPanel .btn,.btn.btn-primary.btnControls' in '10' second(s)

2021-11-18 11:24:57 - [MESSAGE][INFO] - Smart Wait Function is triggered

2021-11-18 11:24:58 - [MESSAGE][INFO] - Found 12 web elements with id: 'Object Repository/Butonlar/Butonlar' located by 'By.cssSelector: .panel.panel-default.text-center.footerPanel .btn,.btn.btn-primary.btnControls' in '10' second(s)

2021-11-18 11:24:58 - [MESSAGE][PASSED] - Method.TextDegerineEsitElementeTiklaEquals is PASSED

2021-11-18 11:24:58 - [MESSAGE][PASSED] - Call Test Case 'Test Cases/Butonlar/ButonaTikla' successfully

2021-11-18 11:24:58 - [MESSAGE][INFO] - Checking called Test Case

2021-11-18 11:24:58 - [MESSAGE][INFO] - Starting to call Test Case 'Test Cases/Butonlar/AltButonaTikla'

2021-11-18 11:24:58 - [TEST_CASE][PASSED] - Test Cases/Butonlar/AltButonaTikla: Test Cases/Butonlar/AltButonaTikla

2021-11-18 11:24:58 - [TEST_STEP][PASSED] - Method.TextDegerineEsitElementeTikla(findTestObject("Butonlar/AltButonlar"), Alt_Buton): Method.TextDegerineEsitElementeTikla is PASSED

2021-11-18 11:24:58 - [MESSAGE][INFO] - Finding Test Object 'Object Repository/Butonlar/AltButonlar'

2021-11-18 11:24:58 - [MESSAGE][INFO] - Checking timeout

2021-11-18 11:24:58 - [MESSAGE][INFO] - Finding web element with id: 'Object Repository/Butonlar/AltButonlar' located by 'By.cssSelector: .btn-group.open li>a' in '10' second(s)

2021-11-18 11:24:58 - [MESSAGE][INFO] - Smart Wait Function is triggered

2021-11-18 11:24:59 - [MESSAGE][INFO] - Found 2 web elements with id: 'Object Repository/Butonlar/AltButonlar' located by 'By.cssSelector: .btn-group.open li>a' in '10' second(s)

2021-11-18 11:24:59 - [MESSAGE][PASSED] - Method.TextDegerineEsitElementeTikla is PASSED

2021-11-18 11:24:59 - [MESSAGE][PASSED] - Call Test Case 'Test Cases/Butonlar/AltButonaTikla' successfully

2021-11-18 11:24:59 - [MESSAGE][INFO] - Checking called Test Case

2021-11-18 11:24:59 - [MESSAGE][INFO] - Starting to call Test Case 'Test Cases/Popup/PopupMesajiIceriyorMu'

2021-11-18 11:24:59 - [TEST_CASE][PASSED] - Test Cases/Popup/PopupMesajiIceriyorMu: Test Cases/Popup/PopupMesajiIceriyorMu

2021-11-18 11:24:59 - [TEST_STEP][PASSED] - waitForElementVisible(findTestObject("Popup/Popup"), 10): Object 'Object Repository/Popup/Popup' is visible

2021-11-18 11:24:59 - [MESSAGE][INFO] - Finding Test Object 'Object Repository/Popup/Popup'

2021-11-18 11:24:59 - [MESSAGE][INFO] - Checking object

2021-11-18 11:24:59 - [MESSAGE][INFO] - Checking timeout

2021-11-18 11:24:59 - [MESSAGE][INFO] - Finding web element from Test Object's properties

2021-11-18 11:24:59 - [MESSAGE][INFO] - Checking timeout

2021-11-18 11:24:59 - [MESSAGE][INFO] - Finding web element with id: 'Object Repository/Popup/Popup' located by 'By.cssSelector: .bootbox-body' in '10' second(s)

2021-11-18 11:24:59 - [MESSAGE][INFO] - Smart Wait Function is triggered

2021-11-18 11:25:00 - [MESSAGE][INFO] - Found 1 web elements with id: 'Object Repository/Popup/Popup' located by 'By.cssSelector: .bootbox-body' in '10' second(s)

2021-11-18 11:25:00 - [MESSAGE][PASSED] - Object 'Object Repository/Popup/Popup' is visible

2021-11-18 11:25:00 - [TEST_STEP][PASSED] - if (!(getText(findTestObject("Popup/Popup")).contains(Mesaj))): Text of object 'Object Repository/Popup/Popup' is: 'Statü Başarılı Olarak Güncellendi'

2021-11-18 11:25:00 - [MESSAGE][INFO] - Finding Test Object 'Object Repository/Popup/Popup'

2021-11-18 11:25:00 - [MESSAGE][INFO] - Checking object

2021-11-18 11:25:00 - [MESSAGE][INFO] - Finding web element from Test Object's properties

2021-11-18 11:25:00 - [MESSAGE][INFO] - Checking timeout

2021-11-18 11:25:00 - [MESSAGE][INFO] - Finding web element with id: 'Object Repository/Popup/Popup' located by 'By.cssSelector: .bootbox-body' in '30' second(s)

2021-11-18 11:25:00 - [MESSAGE][INFO] - Smart Wait Function is triggered

2021-11-18 11:25:00 - [MESSAGE][INFO] - Found 1 web elements with id: 'Object Repository/Popup/Popup' located by 'By.cssSelector: .bootbox-body' in '30' second(s)

2021-11-18 11:25:00 - [MESSAGE][INFO] - Getting text of object 'Object Repository/Popup/Popup'

2021-11-18 11:25:00 - [MESSAGE][PASSED] - Text of object 'Object Repository/Popup/Popup' is: 'Statü Başarılı Olarak Güncellendi'

2021-11-18 11:25:00 - [TEST_STEP][PASSED] - RaporNo = getText(findTestObject("Popup/Popup")).substring(0, 6): Text of object 'Object Repository/Popup/Popup' is: 'Statü Başarılı Olarak Güncellendi'

2021-11-18 11:25:00 - [MESSAGE][INFO] - Finding Test Object 'Object Repository/Popup/Popup'

2021-11-18 11:25:00 - [MESSAGE][INFO] - Checking object

2021-11-18 11:25:00 - [MESSAGE][INFO] - Finding web element from Test Object's properties

2021-11-18 11:25:00 - [MESSAGE][INFO] - Checking timeout

2021-11-18 11:25:00 - [MESSAGE][INFO] - Finding web element with id: 'Object Repository/Popup/Popup' located by 'By.cssSelector: .bootbox-body' in '30' second(s)

2021-11-18 11:25:00 - [MESSAGE][INFO] - Smart Wait Function is triggered

2021-11-18 11:25:01 - [MESSAGE][INFO] - Found 1 web elements with id: 'Object Repository/Popup/Popup' located by 'By.cssSelector: .bootbox-body' in '30' second(s)

2021-11-18 11:25:01 - [MESSAGE][INFO] - Getting text of object 'Object Repository/Popup/Popup'

2021-11-18 11:25:01 - [MESSAGE][PASSED] - Text of object 'Object Repository/Popup/Popup' is: 'Statü Başarılı Olarak Güncellendi'

2021-11-18 11:25:01 - [TEST_STEP][PASSED] - Console.println(RaporNo): null

2021-11-18 11:25:01 - [MESSAGE][PASSED] - Call Test Case 'Test Cases/Popup/PopupMesajiIceriyorMu' successfully

2021-11-18 11:25:01 - [MESSAGE][INFO] - Checking called Test Case

2021-11-18 11:25:01 - [MESSAGE][INFO] - Starting to call Test Case 'Test Cases/Popup/PopupButonSecilir'

2021-11-18 11:25:01 - [TEST_CASE][PASSED] - Test Cases/Popup/PopupButonSecilir: Test Cases/Popup/PopupButonSecilir

2021-11-18 11:25:01 - [TEST_STEP][PASSED] - Method.TextDegerineEsitElementeTikla(findTestObject("Popup/Popup_Butons"), Buton): Method.TextDegerineEsitElementeTikla is PASSED

2021-11-18 11:25:01 - [MESSAGE][INFO] - Finding Test Object 'Object Repository/Popup/Popup_Butons'

2021-11-18 11:25:01 - [MESSAGE][INFO] - Checking timeout

2021-11-18 11:25:01 - [MESSAGE][INFO] - Finding web element with id: 'Object Repository/Popup/Popup_Butons' located by 'By.cssSelector: .modal-footer>button' in '10' second(s)

2021-11-18 11:25:01 - [MESSAGE][INFO] - Smart Wait Function is triggered

2021-11-18 11:25:01 - [MESSAGE][INFO] - Found 1 web elements with id: 'Object Repository/Popup/Popup_Butons' located by 'By.cssSelector: .modal-footer>button' in '10' second(s)

2021-11-18 11:25:01 - [MESSAGE][PASSED] - Method.TextDegerineEsitElementeTikla is PASSED

2021-11-18 11:25:01 - [MESSAGE][PASSED] - Call Test Case 'Test Cases/Popup/PopupButonSecilir' successfully

2021-11-18 11:25:01 - [MESSAGE][INFO] - Checking called Test Case

2021-11-18 11:25:01 - [MESSAGE][INFO] - Starting to call Test Case 'Test Cases/Kullanici_Islemleri/KullaniciIslemlerindenSecimYapilir'

2021-11-18 11:25:01 - [TEST_CASE][PASSED] - Test Cases/Kullanici_Islemleri/KullaniciIslemlerindenSecimYapilir: Test Cases/Kullanici_Islemleri/KullaniciIslemlerindenSecimYapilir

2021-11-18 11:25:01 - [TEST_STEP][PASSED] - waitForElementClickable(findTestObject("Object Repository/Kullanici_Islemleri/KullaniciIslemleri"), 10): Object 'Object Repository/Kullanici_Islemleri/KullaniciIslemleri' is clickable

2021-11-18 11:25:01 - [MESSAGE][INFO] - Finding Test Object 'Object Repository/Kullanici_Islemleri/KullaniciIslemleri'

2021-11-18 11:25:01 - [MESSAGE][INFO] - Checking object

2021-11-18 11:25:01 - [MESSAGE][INFO] - Checking timeout

2021-11-18 11:25:01 - [MESSAGE][INFO] - Finding web element from Test Object's properties

2021-11-18 11:25:01 - [MESSAGE][INFO] - Checking timeout

2021-11-18 11:25:01 - [MESSAGE][INFO] - Finding web element with id: 'Object Repository/Kullanici_Islemleri/KullaniciIslemleri' located by 'By.cssSelector: .dropdown>a>img' in '10' second(s)

2021-11-18 11:25:01 - [MESSAGE][INFO] - Smart Wait Function is triggered

2021-11-18 11:25:02 - [MESSAGE][INFO] - Found 1 web elements with id: 'Object Repository/Kullanici_Islemleri/KullaniciIslemleri' located by 'By.cssSelector: .dropdown>a>img' in '10' second(s)

2021-11-18 11:25:02 - [MESSAGE][PASSED] - Object 'Object Repository/Kullanici_Islemleri/KullaniciIslemleri' is clickable

2021-11-18 11:25:02 - [TEST_STEP][PASSED] - click(findTestObject("Object Repository/Kullanici_Islemleri/KullaniciIslemleri")): Object: 'Object Repository/Kullanici_Islemleri/KullaniciIslemleri' is clicked on

2021-11-18 11:25:02 - [MESSAGE][INFO] - Finding Test Object 'Object Repository/Kullanici_Islemleri/KullaniciIslemleri'

2021-11-18 11:25:02 - [MESSAGE][INFO] - Checking object

2021-11-18 11:25:02 - [MESSAGE][INFO] - Finding web element from Test Object's properties

2021-11-18 11:25:02 - [MESSAGE][INFO] - Checking timeout

2021-11-18 11:25:02 - [MESSAGE][INFO] - Finding web element with id: 'Object Repository/Kullanici_Islemleri/KullaniciIslemleri' located by 'By.cssSelector: .dropdown>a>img' in '30' second(s)

2021-11-18 11:25:02 - [MESSAGE][INFO] - Smart Wait Function is triggered

2021-11-18 11:25:02 - [MESSAGE][INFO] - Found 1 web elements with id: 'Object Repository/Kullanici_Islemleri/KullaniciIslemleri' located by 'By.cssSelector: .dropdown>a>img' in '30' second(s)

2021-11-18 11:25:02 - [MESSAGE][INFO] - Clicking on object: 'Object Repository/Kullanici_Islemleri/KullaniciIslemleri'

2021-11-18 11:25:02 - [MESSAGE][PASSED] - Object: 'Object Repository/Kullanici_Islemleri/KullaniciIslemleri' is clicked on

2021-11-18 11:25:02 - [TEST_STEP][PASSED] - Method.TextDegerineEsitElementeTikla(findTestObject("Object Repository/Kullanici_Islemleri/Secenekler"), Islem): Method.TextDegerineEsitElementeTikla is PASSED

2021-11-18 11:25:02 - [MESSAGE][INFO] - Finding Test Object 'Object Repository/Kullanici_Islemleri/Secenekler'

2021-11-18 11:25:02 - [MESSAGE][INFO] - Checking timeout

2021-11-18 11:25:02 - [MESSAGE][INFO] - Finding web element with id: 'Object Repository/Kullanici_Islemleri/Secenekler' located by 'By.cssSelector: .nav.navbar-nav.navbar-right li a' in '10' second(s)

2021-11-18 11:25:02 - [MESSAGE][INFO] - Smart Wait Function is triggered

2021-11-18 11:25:03 - [MESSAGE][INFO] - Found 22 web elements with id: 'Object Repository/Kullanici_Islemleri/Secenekler' located by 'By.cssSelector: .nav.navbar-nav.navbar-right li a' in '10' second(s)

2021-11-18 11:25:04 - [MESSAGE][PASSED] - Method.TextDegerineEsitElementeTikla is PASSED

2021-11-18 11:25:04 - [TEST_STEP][PASSED] - verifyElementNotPresent(findTestObject("Object Repository/Kullanici_Islemleri/Secenekler"), 10): Web element with id: 'Object Repository/Kullanici_Islemleri/Secenekler' located by 'By.cssSelector: .nav.navbar-nav.navbar-right li a' is not present after '10' second(s)

2021-11-18 11:25:04 - [MESSAGE][INFO] - Finding Test Object 'Object Repository/Kullanici_Islemleri/Secenekler'

2021-11-18 11:25:04 - [MESSAGE][INFO] - Checking object

2021-11-18 11:25:04 - [MESSAGE][INFO] - Checking timeout

2021-11-18 11:25:04 - [MESSAGE][INFO] - Finding web element with id: 'Object Repository/Kullanici_Islemleri/Secenekler' located by 'By.cssSelector: .nav.navbar-nav.navbar-right li a' in '10' second(s)

2021-11-18 11:25:04 - [MESSAGE][INFO] - Smart Wait Function is triggered

2021-11-18 11:25:05 - [MESSAGE][PASSED] - Web element with id: 'Object Repository/Kullanici_Islemleri/Secenekler' located by 'By.cssSelector: .nav.navbar-nav.navbar-right li a' is not present after '10' second(s)

2021-11-18 11:25:05 - [MESSAGE][PASSED] - Call Test Case 'Test Cases/Kullanici_Islemleri/KullaniciIslemlerindenSecimYapilir' successfully

2021-11-18 11:25:05 - [TEST_CASE][PASSED] - Start Test Case : SCENARIO Irsaliyenin indirilmesi: SCENARIO Irsaliyenin indirilmesi

2021-11-18 11:25:05 - [TEST_STEP][PASSED] - Kullanıcı adı ELOGO6 ve Şifre 123456 olarak giriş yapılır: Kullanıcı adı ELOGO6 ve Şifre 123456 olarak giriş yapılır

2021-11-18 11:25:05 - [MESSAGE][PASSED] - Kullanıcı adı ELOGO6 ve Şifre 123456 olarak giriş yapılır

2021-11-18 11:25:05 - [TEST_STEP][PASSED] - Ana menüden e-İrsaliye seçilir: Ana menüden e-İrsaliye seçilir

2021-11-18 11:25:05 - [MESSAGE][PASSED] - Ana menüden e-İrsaliye seçilir

2021-11-18 11:25:05 - [TEST_STEP][PASSED] - Alt menü Gelen Kutusu başlığı altındaki İrsaliyeler seçilir: Alt menü Gelen Kutusu başlığı altındaki İrsaliyeler seçilir

2021-11-18 11:25:05 - [MESSAGE][PASSED] - Alt menü Gelen Kutusu başlığı altındaki İrsaliyeler seçilir

2021-11-18 11:25:05 - [TEST_STEP][PASSED] - Filtrelerden Oluşturma Tarihi filtresine 01.12.2020 baslangic degerini yaz: Filtrelerden Oluşturma Tarihi filtresine 01.12.2020 baslangic degerini yaz

2021-11-18 11:25:05 - [MESSAGE][PASSED] - Filtrelerden Oluşturma Tarihi filtresine 01.12.2020 baslangic degerini yaz

2021-11-18 11:25:05 - [TEST_STEP][PASSED] - Filtrelerden Oluşturma Tarihi filtresine 31.12.2020 bitis degerini yaz: Filtrelerden Oluşturma Tarihi filtresine 31.12.2020 bitis degerini yaz

2021-11-18 11:25:05 - [MESSAGE][PASSED] - Filtrelerden Oluşturma Tarihi filtresine 31.12.2020 bitis degerini yaz

2021-11-18 11:25:05 - [TEST_STEP][PASSED] - Filtre butonlarından Listele seçilir: Filtre butonlarından Listele seçilir

2021-11-18 11:25:05 - [MESSAGE][PASSED] - Filtre butonlarından Listele seçilir

2021-11-18 11:25:05 - [TEST_STEP][PASSED] - Tabloda veri var mı kontrol edilir: Tabloda veri var mı kontrol edilir

2021-11-18 11:25:05 - [MESSAGE][PASSED] - Tabloda veri var mı kontrol edilir

2021-11-18 11:25:05 - [TEST_STEP][PASSED] - Tablodan Logo Elektronik GIB Test isimli veri seçilir: Tablodan Logo Elektronik GIB Test isimli veri seçilir

2021-11-18 11:25:05 - [MESSAGE][PASSED] - Tablodan Logo Elektronik GIB Test isimli veri seçilir

2021-11-18 11:25:05 - [TEST_STEP][PASSED] - Butonlardan Statü Ata isimli butona tıklanır: Butonlardan Statü Ata isimli butona tıklanır

2021-11-18 11:25:05 - [MESSAGE][PASSED] - Butonlardan Statü Ata isimli butona tıklanır

2021-11-18 11:25:05 - [TEST_STEP][PASSED] - Alt butonlardan Öndeğer butonuna tıklanır: Alt butonlardan Öndeğer butonuna tıklanır

2021-11-18 11:25:05 - [MESSAGE][PASSED] - Alt butonlardan Öndeğer butonuna tıklanır

2021-11-18 11:25:05 - [TEST_STEP][PASSED] - Popup mesajı Statü Başarılı Olarak Güncellendi içeriyor mu: Popup mesajı Statü Başarılı Olarak Güncellendi içeriyor mu

2021-11-18 11:25:05 - [MESSAGE][PASSED] - Popup mesajı Statü Başarılı Olarak Güncellendi içeriyor mu

2021-11-18 11:25:05 - [TEST_STEP][PASSED] - Yönetim popupında Tamam seçilir: Yönetim popupında Tamam seçilir

2021-11-18 11:25:05 - [MESSAGE][PASSED] - Yönetim popupında Tamam seçilir

2021-11-18 11:25:05 - [TEST_STEP][PASSED] - Kullanıcı işlemlerinden Çıkış seçilir: Kullanıcı işlemlerinden Çıkış seçilir

2021-11-18 11:25:05 - [MESSAGE][PASSED] - Kullanıcı işlemlerinden Çıkış seçilir

2021-11-18 11:25:05 - [MESSAGE][PASSED] - Feature file: 'Include/features/e-Irsaliye/Gelen Kutusu/Irsaliyeler/Statu Ata.feature' was passed

2021-11-18 11:25:05 - [TEST_STEP][PASSED] - Start listener action : sampleAfterTestSuite: Invoke 'com.kms.katalon.core.annotation.AfterTestCase' method: 'Listener.sampleAfterTestSuite(...)' completed.

2021-11-18 11:25:05 - [MESSAGE][INFO] - Starting invoke 'com.kms.katalon.core.annotation.AfterTestCase' method: 'Listener.sampleAfterTestSuite(...)'

2021-11-18 11:25:05 - [TEST_STEP][PASSED] - closeBrowser(): Invoke 'com.kms.katalon.core.annotation.AfterTestCase' method: 'Listener.sampleAfterTestSuite(...)' completed.

2021-11-18 11:25:05 - [MESSAGE][INFO] - Closing browser

2021-11-18 11:25:05 - [MESSAGE][PASSED] - Browser is closed

2021-11-18 11:25:05 - [MESSAGE][INFO] - Invoke 'com.kms.katalon.core.annotation.AfterTestCase' method: 'Listener.sampleAfterTestSuite(...)' completed.]]></system-out>
         <system-err><![CDATA[]]></system-err>
      </testcase>
      <testcase name="Test Cases/Case Repository/e-Irsaliye/Gelen Kutusu/Irsaliyeler/Tum Hesaplar" time="28.307" classname="Test Cases/Case Repository/e-Irsaliye/Gelen Kutusu/Irsaliyeler/Tum Hesaplar" status="PASSED">
         <system-out><![CDATA[2021-11-18 11:25:05 - [TEST_CASE][PASSED] - Test Cases/Case Repository/e-Irsaliye/Gelen Kutusu/Irsaliyeler/Tum Hesaplar: Test Cases/Case Repository/e-Irsaliye/Gelen Kutusu/Irsaliyeler/Tum Hesaplar

2021-11-18 11:25:05 - [TEST_STEP][PASSED] - Start listener action : sampleBeforeTestSuite: Invoke 'com.kms.katalon.core.annotation.BeforeTestCase' method: 'Listener.sampleBeforeTestSuite(...)' completed.

2021-11-18 11:25:05 - [MESSAGE][INFO] - Starting invoke 'com.kms.katalon.core.annotation.BeforeTestCase' method: 'Listener.sampleBeforeTestSuite(...)'

2021-11-18 11:25:05 - [TEST_STEP][PASSED] - openBrowser(baseUrl): Browser is opened with url: 'https://efatura-stage.elogo.com.tr/'

2021-11-18 11:25:05 - [MESSAGE][INFO] - Opening browser

2021-11-18 11:25:05 - [MESSAGE][INFO] - Starting 'Chrome' driver

2021-11-18 11:25:05 - [MESSAGE][INFO] - User set preference: ['prefs', '{download.default_directory=C:\otomasyondownfiles}']

2021-11-18 11:25:05 - [MESSAGE][INFO] - Action delay is set to 0 milliseconds

2021-11-18 11:25:07 - [MESSAGE][INFO] - Navigating browser to: 'https://efatura-stage.elogo.com.tr/'

2021-11-18 11:25:09 - [MESSAGE][PASSED] - Browser is opened with url: 'https://efatura-stage.elogo.com.tr/'

2021-11-18 11:25:09 - [TEST_STEP][PASSED] - maximizeWindow(): Invoke 'com.kms.katalon.core.annotation.BeforeTestCase' method: 'Listener.sampleBeforeTestSuite(...)' completed.

2021-11-18 11:25:09 - [MESSAGE][INFO] - Maximizing current window

2021-11-18 11:25:09 - [MESSAGE][PASSED] - Current window maximized

2021-11-18 11:25:09 - [MESSAGE][INFO] - Invoke 'com.kms.katalon.core.annotation.BeforeTestCase' method: 'Listener.sampleBeforeTestSuite(...)' completed.

2021-11-18 11:25:10 - [TEST_STEP][PASSED] - runFeatureFile("Include/features/e-Irsaliye/Gelen Kutusu/Irsaliyeler/Tum Hesaplar.feature"): Feature file: 'Include/features/e-Irsaliye/Gelen Kutusu/Irsaliyeler/Tum Hesaplar.feature' was passed

2021-11-18 11:25:10 - [MESSAGE][INFO] - Starting run keyword runFeatureFile: 'Include/features/e-Irsaliye/Gelen Kutusu/Irsaliyeler/Tum Hesaplar.feature' and extract report to folder: 'C:\Users\DELL\Documents\GitHub\EES_KatalonLogo\Reports\20211118_110909\Suite Repository\e-Irsaliye\20211118_110920/cucumber_report/1637223910087'...

2021-11-18 11:25:10 - [MESSAGE][INFO] - Glue: []

2021-11-18 11:25:11 - [MESSAGE][INFO] - Checking called Test Case

2021-11-18 11:25:11 - [MESSAGE][INFO] - Starting to call Test Case 'Test Cases/Sayfalar/Giris_Sayfasi/Login'

2021-11-18 11:25:11 - [TEST_CASE][PASSED] - Test Cases/Sayfalar/Giris_Sayfasi/Login: Test Cases/Sayfalar/Giris_Sayfasi/Login

2021-11-18 11:25:11 - [TEST_STEP][PASSED] - Sayfa_Basligi = getWindowTitle(): Current window's title is: 'LOGO e-Fatura'

2021-11-18 11:25:11 - [MESSAGE][INFO] - Getting current window's title

2021-11-18 11:25:11 - [MESSAGE][PASSED] - Current window's title is: 'LOGO e-Fatura'

2021-11-18 11:25:11 - [TEST_STEP][PASSED] - verifyMatch(Sayfa_Basligi, "LOGO e-Fatura", false): Actual text 'LOGO e-Fatura' and expected text 'LOGO e-Fatura' are matched 

2021-11-18 11:25:11 - [MESSAGE][INFO] - Matching actual text 'LOGO e-Fatura' with expected text 'LOGO e-Fatura'

2021-11-18 11:25:11 - [MESSAGE][PASSED] - Actual text 'LOGO e-Fatura' and expected text 'LOGO e-Fatura' are matched 

2021-11-18 11:25:11 - [TEST_STEP][PASSED] - sendKeys(findTestObject("Sayfalar/Giris_Sayfasi/Firma_Kodu"), KullaniciAdi): Keys 'ELOGO6' sent to object: 'Object Repository/Sayfalar/Giris_Sayfasi/Firma_Kodu'

2021-11-18 11:25:11 - [MESSAGE][INFO] - Finding Test Object 'Object Repository/Sayfalar/Giris_Sayfasi/Firma_Kodu'

2021-11-18 11:25:11 - [MESSAGE][INFO] - Sending keys 'ELOGO6' to object: 'Object Repository/Sayfalar/Giris_Sayfasi/Firma_Kodu'

2021-11-18 11:25:11 - [MESSAGE][INFO] - Finding web element from Test Object's properties

2021-11-18 11:25:11 - [MESSAGE][INFO] - Checking timeout

2021-11-18 11:25:11 - [MESSAGE][INFO] - Finding web element with id: 'Object Repository/Sayfalar/Giris_Sayfasi/Firma_Kodu' located by 'By.xpath: //*[@id = 'AccountName']' in '30' second(s)

2021-11-18 11:25:11 - [MESSAGE][INFO] - Smart Wait Function is triggered

2021-11-18 11:25:12 - [MESSAGE][INFO] - Found 1 web elements with id: 'Object Repository/Sayfalar/Giris_Sayfasi/Firma_Kodu' located by 'By.xpath: //*[@id = 'AccountName']' in '30' second(s)

2021-11-18 11:25:12 - [MESSAGE][PASSED] - Keys 'ELOGO6' sent to object: 'Object Repository/Sayfalar/Giris_Sayfasi/Firma_Kodu'

2021-11-18 11:25:12 - [TEST_STEP][PASSED] - sendKeys(findTestObject("Sayfalar/Giris_Sayfasi/Sifre"), Sifre): Keys '123456' sent to object: 'Object Repository/Sayfalar/Giris_Sayfasi/Sifre'

2021-11-18 11:25:12 - [MESSAGE][INFO] - Finding Test Object 'Object Repository/Sayfalar/Giris_Sayfasi/Sifre'

2021-11-18 11:25:12 - [MESSAGE][INFO] - Sending keys '123456' to object: 'Object Repository/Sayfalar/Giris_Sayfasi/Sifre'

2021-11-18 11:25:12 - [MESSAGE][INFO] - Finding web element from Test Object's properties

2021-11-18 11:25:12 - [MESSAGE][INFO] - Checking timeout

2021-11-18 11:25:12 - [MESSAGE][INFO] - Finding web element with id: 'Object Repository/Sayfalar/Giris_Sayfasi/Sifre' located by 'By.xpath: //*[@id = 'Password']' in '30' second(s)

2021-11-18 11:25:12 - [MESSAGE][INFO] - Smart Wait Function is triggered

2021-11-18 11:25:12 - [MESSAGE][INFO] - Found 1 web elements with id: 'Object Repository/Sayfalar/Giris_Sayfasi/Sifre' located by 'By.xpath: //*[@id = 'Password']' in '30' second(s)

2021-11-18 11:25:12 - [MESSAGE][PASSED] - Keys '123456' sent to object: 'Object Repository/Sayfalar/Giris_Sayfasi/Sifre'

2021-11-18 11:25:12 - [TEST_STEP][PASSED] - findWebElement(findTestObject("Sayfalar/Giris_Sayfasi/Giris_Butonu")).click(): Found 1 web elements with id: 'Object Repository/Sayfalar/Giris_Sayfasi/Giris_Butonu' located by 'By.cssSelector: #btnLogin' in '30' second(s)

2021-11-18 11:25:12 - [MESSAGE][INFO] - Finding Test Object 'Object Repository/Sayfalar/Giris_Sayfasi/Giris_Butonu'

2021-11-18 11:25:12 - [MESSAGE][INFO] - Finding web element from Test Object's properties

2021-11-18 11:25:12 - [MESSAGE][INFO] - Checking timeout

2021-11-18 11:25:12 - [MESSAGE][INFO] - Finding web element with id: 'Object Repository/Sayfalar/Giris_Sayfasi/Giris_Butonu' located by 'By.cssSelector: #btnLogin' in '30' second(s)

2021-11-18 11:25:12 - [MESSAGE][INFO] - Smart Wait Function is triggered

2021-11-18 11:25:13 - [MESSAGE][INFO] - Found 1 web elements with id: 'Object Repository/Sayfalar/Giris_Sayfasi/Giris_Butonu' located by 'By.cssSelector: #btnLogin' in '30' second(s)

2021-11-18 11:25:15 - [TEST_STEP][PASSED] - if (verifyElementPresent(findTestObject("Object Repository/Sayfalar/Giris_Sayfasi/RetveTamam_Butonu"), 5, OPTIONAL)): null

2021-11-18 11:25:15 - [MESSAGE][INFO] - Finding Test Object 'Object Repository/Sayfalar/Giris_Sayfasi/RetveTamam_Butonu'

2021-11-18 11:25:15 - [MESSAGE][INFO] - Checking object

2021-11-18 11:25:15 - [MESSAGE][INFO] - Finding web element from Test Object's properties

2021-11-18 11:25:15 - [MESSAGE][INFO] - Checking timeout

2021-11-18 11:25:15 - [MESSAGE][INFO] - Finding web element with id: 'Object Repository/Sayfalar/Giris_Sayfasi/RetveTamam_Butonu' located by 'By.xpath: //*[@class = 'btn btn-default']' in '5' second(s)

2021-11-18 11:25:15 - [MESSAGE][INFO] - Smart Wait Function is triggered

2021-11-18 11:25:16 - [MESSAGE][INFO] - Found 1 web elements with id: 'Object Repository/Sayfalar/Giris_Sayfasi/RetveTamam_Butonu' located by 'By.xpath: //*[@class = 'btn btn-default']' in '5' second(s)

2021-11-18 11:25:16 - [MESSAGE][PASSED] - Object 'Object Repository/Sayfalar/Giris_Sayfasi/RetveTamam_Butonu' is present

2021-11-18 11:25:16 - [TEST_STEP][PASSED] - click(findTestObject("Object Repository/Sayfalar/Giris_Sayfasi/RetveTamam_Butonu")): Object: 'Object Repository/Sayfalar/Giris_Sayfasi/RetveTamam_Butonu' is clicked on

2021-11-18 11:25:16 - [MESSAGE][INFO] - Finding Test Object 'Object Repository/Sayfalar/Giris_Sayfasi/RetveTamam_Butonu'

2021-11-18 11:25:16 - [MESSAGE][INFO] - Checking object

2021-11-18 11:25:16 - [MESSAGE][INFO] - Finding web element from Test Object's properties

2021-11-18 11:25:16 - [MESSAGE][INFO] - Checking timeout

2021-11-18 11:25:16 - [MESSAGE][INFO] - Finding web element with id: 'Object Repository/Sayfalar/Giris_Sayfasi/RetveTamam_Butonu' located by 'By.xpath: //*[@class = 'btn btn-default']' in '30' second(s)

2021-11-18 11:25:16 - [MESSAGE][INFO] - Smart Wait Function is triggered

2021-11-18 11:25:16 - [MESSAGE][INFO] - Found 1 web elements with id: 'Object Repository/Sayfalar/Giris_Sayfasi/RetveTamam_Butonu' located by 'By.xpath: //*[@class = 'btn btn-default']' in '30' second(s)

2021-11-18 11:25:16 - [MESSAGE][INFO] - Clicking on object: 'Object Repository/Sayfalar/Giris_Sayfasi/RetveTamam_Butonu'

2021-11-18 11:25:16 - [MESSAGE][PASSED] - Object: 'Object Repository/Sayfalar/Giris_Sayfasi/RetveTamam_Butonu' is clicked on

2021-11-18 11:25:16 - [TEST_STEP][PASSED] - click(findTestObject("Object Repository/Sayfalar/Giris_Sayfasi/RetveTamam_Butonu")): Object: 'Object Repository/Sayfalar/Giris_Sayfasi/RetveTamam_Butonu' is clicked on

2021-11-18 11:25:16 - [MESSAGE][INFO] - Finding Test Object 'Object Repository/Sayfalar/Giris_Sayfasi/RetveTamam_Butonu'

2021-11-18 11:25:16 - [MESSAGE][INFO] - Checking object

2021-11-18 11:25:16 - [MESSAGE][INFO] - Finding web element from Test Object's properties

2021-11-18 11:25:16 - [MESSAGE][INFO] - Checking timeout

2021-11-18 11:25:16 - [MESSAGE][INFO] - Finding web element with id: 'Object Repository/Sayfalar/Giris_Sayfasi/RetveTamam_Butonu' located by 'By.xpath: //*[@class = 'btn btn-default']' in '30' second(s)

2021-11-18 11:25:16 - [MESSAGE][INFO] - Smart Wait Function is triggered

2021-11-18 11:25:22 - [MESSAGE][INFO] - Found 1 web elements with id: 'Object Repository/Sayfalar/Giris_Sayfasi/RetveTamam_Butonu' located by 'By.xpath: //*[@class = 'btn btn-default']' in '30' second(s)

2021-11-18 11:25:22 - [MESSAGE][INFO] - Clicking on object: 'Object Repository/Sayfalar/Giris_Sayfasi/RetveTamam_Butonu'

2021-11-18 11:25:22 - [MESSAGE][PASSED] - Object: 'Object Repository/Sayfalar/Giris_Sayfasi/RetveTamam_Butonu' is clicked on

2021-11-18 11:25:22 - [TEST_STEP][PASSED] - if (verifyElementPresent(findTestObject("Sayfalar/Giris_Sayfasi/PopupOK"), 5, OPTIONAL)): null

2021-11-18 11:25:22 - [MESSAGE][INFO] - Finding Test Object 'Object Repository/Sayfalar/Giris_Sayfasi/PopupOK'

2021-11-18 11:25:22 - [MESSAGE][INFO] - Checking object

2021-11-18 11:25:22 - [MESSAGE][INFO] - Finding web element from Test Object's properties

2021-11-18 11:25:22 - [MESSAGE][INFO] - Checking timeout

2021-11-18 11:25:22 - [MESSAGE][INFO] - Finding web element with id: 'Object Repository/Sayfalar/Giris_Sayfasi/PopupOK' located by 'By.cssSelector: .btn.btn-success' in '5' second(s)

2021-11-18 11:25:22 - [MESSAGE][INFO] - Smart Wait Function is triggered

2021-11-18 11:25:23 - [MESSAGE][INFO] - Found 1 web elements with id: 'Object Repository/Sayfalar/Giris_Sayfasi/PopupOK' located by 'By.cssSelector: .btn.btn-success' in '5' second(s)

2021-11-18 11:25:23 - [MESSAGE][PASSED] - Object 'Object Repository/Sayfalar/Giris_Sayfasi/PopupOK' is present

2021-11-18 11:25:23 - [TEST_STEP][PASSED] - click(findTestObject("Object Repository/Sayfalar/Giris_Sayfasi/PopupCarpiGiris")): Object: 'Object Repository/Sayfalar/Giris_Sayfasi/PopupCarpiGiris' is clicked on

2021-11-18 11:25:23 - [MESSAGE][INFO] - Finding Test Object 'Object Repository/Sayfalar/Giris_Sayfasi/PopupCarpiGiris'

2021-11-18 11:25:23 - [MESSAGE][INFO] - Checking object

2021-11-18 11:25:23 - [MESSAGE][INFO] - Finding web element from Test Object's properties

2021-11-18 11:25:23 - [MESSAGE][INFO] - Checking timeout

2021-11-18 11:25:23 - [MESSAGE][INFO] - Finding web element with id: 'Object Repository/Sayfalar/Giris_Sayfasi/PopupCarpiGiris' located by 'By.cssSelector: .bootbox-close-button.close' in '30' second(s)

2021-11-18 11:25:23 - [MESSAGE][INFO] - Smart Wait Function is triggered

2021-11-18 11:25:23 - [MESSAGE][INFO] - Found 1 web elements with id: 'Object Repository/Sayfalar/Giris_Sayfasi/PopupCarpiGiris' located by 'By.cssSelector: .bootbox-close-button.close' in '30' second(s)

2021-11-18 11:25:23 - [MESSAGE][INFO] - Clicking on object: 'Object Repository/Sayfalar/Giris_Sayfasi/PopupCarpiGiris'

2021-11-18 11:25:23 - [MESSAGE][PASSED] - Object: 'Object Repository/Sayfalar/Giris_Sayfasi/PopupCarpiGiris' is clicked on

2021-11-18 11:25:23 - [TEST_STEP][PASSED] - verifyElementVisible(findTestObject("Object Repository/Kullanici_Islemleri/KullaniciIslemleri")): Object 'Object Repository/Kullanici_Islemleri/KullaniciIslemleri' is visible

2021-11-18 11:25:23 - [MESSAGE][INFO] - Finding Test Object 'Object Repository/Kullanici_Islemleri/KullaniciIslemleri'

2021-11-18 11:25:23 - [MESSAGE][INFO] - Checking object

2021-11-18 11:25:23 - [MESSAGE][INFO] - Finding web element from Test Object's properties

2021-11-18 11:25:23 - [MESSAGE][INFO] - Checking timeout

2021-11-18 11:25:23 - [MESSAGE][INFO] - Finding web element with id: 'Object Repository/Kullanici_Islemleri/KullaniciIslemleri' located by 'By.cssSelector: .dropdown>a>img' in '30' second(s)

2021-11-18 11:25:23 - [MESSAGE][INFO] - Smart Wait Function is triggered

2021-11-18 11:25:24 - [MESSAGE][INFO] - Found 1 web elements with id: 'Object Repository/Kullanici_Islemleri/KullaniciIslemleri' located by 'By.cssSelector: .dropdown>a>img' in '30' second(s)

2021-11-18 11:25:24 - [MESSAGE][PASSED] - Object 'Object Repository/Kullanici_Islemleri/KullaniciIslemleri' is visible

2021-11-18 11:25:24 - [MESSAGE][PASSED] - Call Test Case 'Test Cases/Sayfalar/Giris_Sayfasi/Login' successfully

2021-11-18 11:25:24 - [MESSAGE][INFO] - Checking called Test Case

2021-11-18 11:25:24 - [MESSAGE][INFO] - Starting to call Test Case 'Test Cases/Menu/AnaMenuSecimi'

2021-11-18 11:25:24 - [TEST_CASE][PASSED] - Test Cases/Menu/AnaMenuSecimi: Test Cases/Menu/AnaMenuSecimi

2021-11-18 11:25:24 - [TEST_STEP][PASSED] - Method.TextDegerineEsitElementeTikla(findTestObject("Menu/Ana_Menu"), Ana_Menu): Method.TextDegerineEsitElementeTikla is PASSED

2021-11-18 11:25:24 - [MESSAGE][INFO] - Finding Test Object 'Object Repository/Menu/Ana_Menu'

2021-11-18 11:25:24 - [MESSAGE][INFO] - Checking timeout

2021-11-18 11:25:24 - [MESSAGE][INFO] - Finding web element with id: 'Object Repository/Menu/Ana_Menu' located by 'By.xpath: //*[@class = 'dropdown-toggle']' in '10' second(s)

2021-11-18 11:25:24 - [MESSAGE][INFO] - Smart Wait Function is triggered

2021-11-18 11:25:24 - [MESSAGE][INFO] - Found 14 web elements with id: 'Object Repository/Menu/Ana_Menu' located by 'By.xpath: //*[@class = 'dropdown-toggle']' in '10' second(s)

2021-11-18 11:25:25 - [MESSAGE][PASSED] - Method.TextDegerineEsitElementeTikla is PASSED

2021-11-18 11:25:25 - [MESSAGE][PASSED] - Call Test Case 'Test Cases/Menu/AnaMenuSecimi' successfully

2021-11-18 11:25:25 - [MESSAGE][INFO] - Checking called Test Case

2021-11-18 11:25:25 - [MESSAGE][INFO] - Starting to call Test Case 'Test Cases/Menu/BasligaGoreAltMenuSecimi'

2021-11-18 11:25:25 - [TEST_CASE][PASSED] - Test Cases/Menu/BasligaGoreAltMenuSecimi: Test Cases/Menu/BasligaGoreAltMenuSecimi

2021-11-18 11:25:25 - [TEST_STEP][PASSED] - Method.TextDegerineEsitElementinAltindakiTextDegerineEsitOlanaTikla(findTestObject("Menu/Menu_Basligi"), findTestObject("Menu/Basliga_Gore_Alt_Menu"), Baslik, Alt_Menu): Method.TextDegerineEsitElementinAltindakiTextDegerineEsitOlanaTikla is PASSED

2021-11-18 11:25:25 - [MESSAGE][INFO] - Finding Test Object 'Object Repository/Menu/Menu_Basligi'

2021-11-18 11:25:25 - [MESSAGE][INFO] - Finding Test Object 'Object Repository/Menu/Basliga_Gore_Alt_Menu'

2021-11-18 11:25:25 - [MESSAGE][INFO] - Checking timeout

2021-11-18 11:25:25 - [MESSAGE][INFO] - Finding web element with id: 'Object Repository/Menu/Menu_Basligi' located by 'By.xpath: //li[@class='dropdown dropdown-large open']//li[@class='dropdown-header']' in '10' second(s)

2021-11-18 11:25:25 - [MESSAGE][INFO] - Smart Wait Function is triggered

2021-11-18 11:25:25 - [MESSAGE][INFO] - Found 3 web elements with id: 'Object Repository/Menu/Menu_Basligi' located by 'By.xpath: //li[@class='dropdown dropdown-large open']//li[@class='dropdown-header']' in '10' second(s)

2021-11-18 11:25:25 - [MESSAGE][INFO] - Smart Wait Function is triggered

2021-11-18 11:25:27 - [MESSAGE][PASSED] - Method.TextDegerineEsitElementinAltindakiTextDegerineEsitOlanaTikla is PASSED

2021-11-18 11:25:27 - [MESSAGE][PASSED] - Call Test Case 'Test Cases/Menu/BasligaGoreAltMenuSecimi' successfully

2021-11-18 11:25:27 - [MESSAGE][INFO] - Checking called Test Case

2021-11-18 11:25:27 - [MESSAGE][INFO] - Starting to call Test Case 'Test Cases/Filtreler/TumHesaplar'

2021-11-18 11:25:27 - [TEST_CASE][PASSED] - Test Cases/Filtreler/TumHesaplar: Test Cases/Filtreler/TumHesaplar

2021-11-18 11:25:28 - [TEST_STEP][PASSED] - waitForElementClickable(findTestObject("Filtreler/TumHesaplar"), 10): Object 'Object Repository/Filtreler/TumHesaplar' is clickable

2021-11-18 11:25:28 - [MESSAGE][INFO] - Finding Test Object 'Object Repository/Filtreler/TumHesaplar'

2021-11-18 11:25:28 - [MESSAGE][INFO] - Checking object

2021-11-18 11:25:28 - [MESSAGE][INFO] - Checking timeout

2021-11-18 11:25:28 - [MESSAGE][INFO] - Finding web element from Test Object's properties

2021-11-18 11:25:28 - [MESSAGE][INFO] - Checking timeout

2021-11-18 11:25:28 - [MESSAGE][INFO] - Finding web element with id: 'Object Repository/Filtreler/TumHesaplar' located by 'By.xpath: //*[@id = 'checkboxGetGroupAccount_S_D']' in '10' second(s)

2021-11-18 11:25:28 - [MESSAGE][INFO] - Smart Wait Function is triggered

2021-11-18 11:25:28 - [MESSAGE][INFO] - Found 1 web elements with id: 'Object Repository/Filtreler/TumHesaplar' located by 'By.xpath: //*[@id = 'checkboxGetGroupAccount_S_D']' in '10' second(s)

2021-11-18 11:25:28 - [MESSAGE][PASSED] - Object 'Object Repository/Filtreler/TumHesaplar' is clickable

2021-11-18 11:25:28 - [TEST_STEP][PASSED] - click(findTestObject("Filtreler/TumHesaplar")): Object: 'Object Repository/Filtreler/TumHesaplar' is clicked on

2021-11-18 11:25:28 - [MESSAGE][INFO] - Finding Test Object 'Object Repository/Filtreler/TumHesaplar'

2021-11-18 11:25:28 - [MESSAGE][INFO] - Checking object

2021-11-18 11:25:28 - [MESSAGE][INFO] - Finding web element from Test Object's properties

2021-11-18 11:25:28 - [MESSAGE][INFO] - Checking timeout

2021-11-18 11:25:28 - [MESSAGE][INFO] - Finding web element with id: 'Object Repository/Filtreler/TumHesaplar' located by 'By.xpath: //*[@id = 'checkboxGetGroupAccount_S_D']' in '30' second(s)

2021-11-18 11:25:28 - [MESSAGE][INFO] - Smart Wait Function is triggered

2021-11-18 11:25:29 - [MESSAGE][INFO] - Found 1 web elements with id: 'Object Repository/Filtreler/TumHesaplar' located by 'By.xpath: //*[@id = 'checkboxGetGroupAccount_S_D']' in '30' second(s)

2021-11-18 11:25:29 - [MESSAGE][INFO] - Clicking on object: 'Object Repository/Filtreler/TumHesaplar'

2021-11-18 11:25:29 - [MESSAGE][PASSED] - Object: 'Object Repository/Filtreler/TumHesaplar' is clicked on

2021-11-18 11:25:29 - [MESSAGE][PASSED] - Call Test Case 'Test Cases/Filtreler/TumHesaplar' successfully

2021-11-18 11:25:29 - [MESSAGE][INFO] - Checking called Test Case

2021-11-18 11:25:29 - [MESSAGE][INFO] - Starting to call Test Case 'Test Cases/Filtreler/ButonaTikla'

2021-11-18 11:25:29 - [TEST_CASE][PASSED] - Test Cases/Filtreler/ButonaTikla: Test Cases/Filtreler/ButonaTikla

2021-11-18 11:25:29 - [TEST_STEP][PASSED] - Method.TextDegerineEsitElementeTikla(findTestObject("Filtreler/Butonlar"), Filtre_Buton): Method.TextDegerineEsitElementeTikla is PASSED

2021-11-18 11:25:29 - [MESSAGE][INFO] - Finding Test Object 'Object Repository/Filtreler/Butonlar'

2021-11-18 11:25:29 - [MESSAGE][INFO] - Checking timeout

2021-11-18 11:25:29 - [MESSAGE][INFO] - Finding web element with id: 'Object Repository/Filtreler/Butonlar' located by 'By.cssSelector: .dxb>span' in '10' second(s)

2021-11-18 11:25:29 - [MESSAGE][INFO] - Smart Wait Function is triggered

2021-11-18 11:25:29 - [MESSAGE][INFO] - Found 3 web elements with id: 'Object Repository/Filtreler/Butonlar' located by 'By.cssSelector: .dxb>span' in '10' second(s)

2021-11-18 11:25:29 - [MESSAGE][PASSED] - Method.TextDegerineEsitElementeTikla is PASSED

2021-11-18 11:25:29 - [MESSAGE][PASSED] - Call Test Case 'Test Cases/Filtreler/ButonaTikla' successfully

2021-11-18 11:25:29 - [MESSAGE][INFO] - Checking called Test Case

2021-11-18 11:25:29 - [MESSAGE][INFO] - Starting to call Test Case 'Test Cases/Kullanici_Islemleri/KullaniciIslemlerindenSecimYapilir'

2021-11-18 11:25:29 - [TEST_CASE][PASSED] - Test Cases/Kullanici_Islemleri/KullaniciIslemlerindenSecimYapilir: Test Cases/Kullanici_Islemleri/KullaniciIslemlerindenSecimYapilir

2021-11-18 11:25:29 - [TEST_STEP][PASSED] - waitForElementClickable(findTestObject("Object Repository/Kullanici_Islemleri/KullaniciIslemleri"), 10): Object 'Object Repository/Kullanici_Islemleri/KullaniciIslemleri' is clickable

2021-11-18 11:25:29 - [MESSAGE][INFO] - Finding Test Object 'Object Repository/Kullanici_Islemleri/KullaniciIslemleri'

2021-11-18 11:25:30 - [MESSAGE][INFO] - Checking object

2021-11-18 11:25:30 - [MESSAGE][INFO] - Checking timeout

2021-11-18 11:25:30 - [MESSAGE][INFO] - Finding web element from Test Object's properties

2021-11-18 11:25:30 - [MESSAGE][INFO] - Checking timeout

2021-11-18 11:25:30 - [MESSAGE][INFO] - Finding web element with id: 'Object Repository/Kullanici_Islemleri/KullaniciIslemleri' located by 'By.cssSelector: .dropdown>a>img' in '10' second(s)

2021-11-18 11:25:30 - [MESSAGE][INFO] - Smart Wait Function is triggered

2021-11-18 11:25:30 - [MESSAGE][INFO] - Found 1 web elements with id: 'Object Repository/Kullanici_Islemleri/KullaniciIslemleri' located by 'By.cssSelector: .dropdown>a>img' in '10' second(s)

2021-11-18 11:25:30 - [MESSAGE][PASSED] - Object 'Object Repository/Kullanici_Islemleri/KullaniciIslemleri' is clickable

2021-11-18 11:25:30 - [TEST_STEP][PASSED] - click(findTestObject("Object Repository/Kullanici_Islemleri/KullaniciIslemleri")): Object: 'Object Repository/Kullanici_Islemleri/KullaniciIslemleri' is clicked on

2021-11-18 11:25:30 - [MESSAGE][INFO] - Finding Test Object 'Object Repository/Kullanici_Islemleri/KullaniciIslemleri'

2021-11-18 11:25:30 - [MESSAGE][INFO] - Checking object

2021-11-18 11:25:30 - [MESSAGE][INFO] - Finding web element from Test Object's properties

2021-11-18 11:25:30 - [MESSAGE][INFO] - Checking timeout

2021-11-18 11:25:30 - [MESSAGE][INFO] - Finding web element with id: 'Object Repository/Kullanici_Islemleri/KullaniciIslemleri' located by 'By.cssSelector: .dropdown>a>img' in '30' second(s)

2021-11-18 11:25:30 - [MESSAGE][INFO] - Smart Wait Function is triggered

2021-11-18 11:25:30 - [MESSAGE][INFO] - Found 1 web elements with id: 'Object Repository/Kullanici_Islemleri/KullaniciIslemleri' located by 'By.cssSelector: .dropdown>a>img' in '30' second(s)

2021-11-18 11:25:30 - [MESSAGE][INFO] - Clicking on object: 'Object Repository/Kullanici_Islemleri/KullaniciIslemleri'

2021-11-18 11:25:30 - [MESSAGE][PASSED] - Object: 'Object Repository/Kullanici_Islemleri/KullaniciIslemleri' is clicked on

2021-11-18 11:25:30 - [TEST_STEP][PASSED] - Method.TextDegerineEsitElementeTikla(findTestObject("Object Repository/Kullanici_Islemleri/Secenekler"), Islem): Method.TextDegerineEsitElementeTikla is PASSED

2021-11-18 11:25:30 - [MESSAGE][INFO] - Finding Test Object 'Object Repository/Kullanici_Islemleri/Secenekler'

2021-11-18 11:25:31 - [MESSAGE][INFO] - Checking timeout

2021-11-18 11:25:31 - [MESSAGE][INFO] - Finding web element with id: 'Object Repository/Kullanici_Islemleri/Secenekler' located by 'By.cssSelector: .nav.navbar-nav.navbar-right li a' in '10' second(s)

2021-11-18 11:25:31 - [MESSAGE][INFO] - Smart Wait Function is triggered

2021-11-18 11:25:31 - [MESSAGE][INFO] - Found 22 web elements with id: 'Object Repository/Kullanici_Islemleri/Secenekler' located by 'By.cssSelector: .nav.navbar-nav.navbar-right li a' in '10' second(s)

2021-11-18 11:25:33 - [MESSAGE][PASSED] - Method.TextDegerineEsitElementeTikla is PASSED

2021-11-18 11:25:33 - [TEST_STEP][PASSED] - verifyElementNotPresent(findTestObject("Object Repository/Kullanici_Islemleri/Secenekler"), 10): Web element with id: 'Object Repository/Kullanici_Islemleri/Secenekler' located by 'By.cssSelector: .nav.navbar-nav.navbar-right li a' is not present after '10' second(s)

2021-11-18 11:25:33 - [MESSAGE][INFO] - Finding Test Object 'Object Repository/Kullanici_Islemleri/Secenekler'

2021-11-18 11:25:33 - [MESSAGE][INFO] - Checking object

2021-11-18 11:25:33 - [MESSAGE][INFO] - Checking timeout

2021-11-18 11:25:33 - [MESSAGE][INFO] - Finding web element with id: 'Object Repository/Kullanici_Islemleri/Secenekler' located by 'By.cssSelector: .nav.navbar-nav.navbar-right li a' in '10' second(s)

2021-11-18 11:25:33 - [MESSAGE][INFO] - Smart Wait Function is triggered

2021-11-18 11:25:33 - [MESSAGE][PASSED] - Web element with id: 'Object Repository/Kullanici_Islemleri/Secenekler' located by 'By.cssSelector: .nav.navbar-nav.navbar-right li a' is not present after '10' second(s)

2021-11-18 11:25:33 - [MESSAGE][PASSED] - Call Test Case 'Test Cases/Kullanici_Islemleri/KullaniciIslemlerindenSecimYapilir' successfully

2021-11-18 11:25:33 - [TEST_CASE][PASSED] - Start Test Case : SCENARIO e-Irsaliye Gelen Kutusu Faturalar Tum Hesaplar Kontrolu: SCENARIO e-Irsaliye Gelen Kutusu Faturalar Tum Hesaplar Kontrolu

2021-11-18 11:25:33 - [TEST_STEP][PASSED] - Kullanıcı adı ELOGO6 ve Şifre 123456 olarak giriş yapılır: Kullanıcı adı ELOGO6 ve Şifre 123456 olarak giriş yapılır

2021-11-18 11:25:33 - [MESSAGE][PASSED] - Kullanıcı adı ELOGO6 ve Şifre 123456 olarak giriş yapılır

2021-11-18 11:25:33 - [TEST_STEP][PASSED] - Ana menüden e-İrsaliye seçilir: Ana menüden e-İrsaliye seçilir

2021-11-18 11:25:33 - [MESSAGE][PASSED] - Ana menüden e-İrsaliye seçilir

2021-11-18 11:25:33 - [TEST_STEP][PASSED] - Alt menü Gelen Kutusu başlığı altındaki İrsaliyeler seçilir: Alt menü Gelen Kutusu başlığı altındaki İrsaliyeler seçilir

2021-11-18 11:25:33 - [MESSAGE][PASSED] - Alt menü Gelen Kutusu başlığı altındaki İrsaliyeler seçilir

2021-11-18 11:25:33 - [TEST_STEP][PASSED] - Filtre butonlarından Tüm Hesaplar butonuna tıklanır: Filtre butonlarından Tüm Hesaplar butonuna tıklanır

2021-11-18 11:25:33 - [MESSAGE][PASSED] - Filtre butonlarından Tüm Hesaplar butonuna tıklanır

2021-11-18 11:25:33 - [TEST_STEP][PASSED] - Filtre butonlarından Listele seçilir: Filtre butonlarından Listele seçilir

2021-11-18 11:25:33 - [MESSAGE][PASSED] - Filtre butonlarından Listele seçilir

2021-11-18 11:25:33 - [TEST_STEP][PASSED] - Kullanıcı işlemlerinden Çıkış seçilir: Kullanıcı işlemlerinden Çıkış seçilir

2021-11-18 11:25:33 - [MESSAGE][PASSED] - Kullanıcı işlemlerinden Çıkış seçilir

2021-11-18 11:25:33 - [MESSAGE][PASSED] - Feature file: 'Include/features/e-Irsaliye/Gelen Kutusu/Irsaliyeler/Tum Hesaplar.feature' was passed

2021-11-18 11:25:33 - [TEST_STEP][PASSED] - Start listener action : sampleAfterTestSuite: Invoke 'com.kms.katalon.core.annotation.AfterTestCase' method: 'Listener.sampleAfterTestSuite(...)' completed.

2021-11-18 11:25:33 - [MESSAGE][INFO] - Starting invoke 'com.kms.katalon.core.annotation.AfterTestCase' method: 'Listener.sampleAfterTestSuite(...)'

2021-11-18 11:25:33 - [TEST_STEP][PASSED] - closeBrowser(): Invoke 'com.kms.katalon.core.annotation.AfterTestCase' method: 'Listener.sampleAfterTestSuite(...)' completed.

2021-11-18 11:25:33 - [MESSAGE][INFO] - Closing browser

2021-11-18 11:25:34 - [MESSAGE][PASSED] - Browser is closed

2021-11-18 11:25:34 - [MESSAGE][INFO] - Invoke 'com.kms.katalon.core.annotation.AfterTestCase' method: 'Listener.sampleAfterTestSuite(...)' completed.]]></system-out>
         <system-err><![CDATA[]]></system-err>
      </testcase>
      <testcase name="Test Cases/Case Repository/e-Irsaliye/Gelen Kutusu/Irsaliyeler/UBL-Goster-Indir" time="41.354" classname="Test Cases/Case Repository/e-Irsaliye/Gelen Kutusu/Irsaliyeler/UBL-Goster-Indir" status="PASSED">
         <system-out><![CDATA[2021-11-18 11:25:34 - [TEST_CASE][PASSED] - Test Cases/Case Repository/e-Irsaliye/Gelen Kutusu/Irsaliyeler/UBL-Goster-Indir: Test Cases/Case Repository/e-Irsaliye/Gelen Kutusu/Irsaliyeler/UBL-Goster-Indir

2021-11-18 11:25:34 - [TEST_STEP][PASSED] - Start listener action : sampleBeforeTestSuite: Invoke 'com.kms.katalon.core.annotation.BeforeTestCase' method: 'Listener.sampleBeforeTestSuite(...)' completed.

2021-11-18 11:25:34 - [MESSAGE][INFO] - Starting invoke 'com.kms.katalon.core.annotation.BeforeTestCase' method: 'Listener.sampleBeforeTestSuite(...)'

2021-11-18 11:25:34 - [TEST_STEP][PASSED] - openBrowser(baseUrl): Browser is opened with url: 'https://efatura-stage.elogo.com.tr/'

2021-11-18 11:25:34 - [MESSAGE][INFO] - Opening browser

2021-11-18 11:25:34 - [MESSAGE][INFO] - Starting 'Chrome' driver

2021-11-18 11:25:34 - [MESSAGE][INFO] - User set preference: ['prefs', '{download.default_directory=C:\otomasyondownfiles}']

2021-11-18 11:25:34 - [MESSAGE][INFO] - Action delay is set to 0 milliseconds

2021-11-18 11:25:35 - [MESSAGE][INFO] - Navigating browser to: 'https://efatura-stage.elogo.com.tr/'

2021-11-18 11:25:38 - [MESSAGE][PASSED] - Browser is opened with url: 'https://efatura-stage.elogo.com.tr/'

2021-11-18 11:25:38 - [TEST_STEP][PASSED] - maximizeWindow(): Invoke 'com.kms.katalon.core.annotation.BeforeTestCase' method: 'Listener.sampleBeforeTestSuite(...)' completed.

2021-11-18 11:25:38 - [MESSAGE][INFO] - Maximizing current window

2021-11-18 11:25:38 - [MESSAGE][PASSED] - Current window maximized

2021-11-18 11:25:38 - [MESSAGE][INFO] - Invoke 'com.kms.katalon.core.annotation.BeforeTestCase' method: 'Listener.sampleBeforeTestSuite(...)' completed.

2021-11-18 11:25:38 - [TEST_STEP][PASSED] - runFeatureFile("Include/features/e-Irsaliye/Gelen Kutusu/Irsaliyeler/UBL-Goster-Indir.feature"): Feature file: 'Include/features/e-Irsaliye/Gelen Kutusu/Irsaliyeler/UBL-Goster-Indir.feature' was passed

2021-11-18 11:25:38 - [MESSAGE][INFO] - Starting run keyword runFeatureFile: 'Include/features/e-Irsaliye/Gelen Kutusu/Irsaliyeler/UBL-Goster-Indir.feature' and extract report to folder: 'C:\Users\DELL\Documents\GitHub\EES_KatalonLogo\Reports\20211118_110909\Suite Repository\e-Irsaliye\20211118_110920/cucumber_report/1637223938827'...

2021-11-18 11:25:38 - [MESSAGE][INFO] - Glue: []

2021-11-18 11:25:40 - [MESSAGE][INFO] - Checking called Test Case

2021-11-18 11:25:40 - [MESSAGE][INFO] - Starting to call Test Case 'Test Cases/Sayfalar/Giris_Sayfasi/Login'

2021-11-18 11:25:40 - [TEST_CASE][PASSED] - Test Cases/Sayfalar/Giris_Sayfasi/Login: Test Cases/Sayfalar/Giris_Sayfasi/Login

2021-11-18 11:25:40 - [TEST_STEP][PASSED] - Sayfa_Basligi = getWindowTitle(): Current window's title is: 'LOGO e-Fatura'

2021-11-18 11:25:40 - [MESSAGE][INFO] - Getting current window's title

2021-11-18 11:25:40 - [MESSAGE][PASSED] - Current window's title is: 'LOGO e-Fatura'

2021-11-18 11:25:40 - [TEST_STEP][PASSED] - verifyMatch(Sayfa_Basligi, "LOGO e-Fatura", false): Actual text 'LOGO e-Fatura' and expected text 'LOGO e-Fatura' are matched 

2021-11-18 11:25:40 - [MESSAGE][INFO] - Matching actual text 'LOGO e-Fatura' with expected text 'LOGO e-Fatura'

2021-11-18 11:25:40 - [MESSAGE][PASSED] - Actual text 'LOGO e-Fatura' and expected text 'LOGO e-Fatura' are matched 

2021-11-18 11:25:40 - [TEST_STEP][PASSED] - sendKeys(findTestObject("Sayfalar/Giris_Sayfasi/Firma_Kodu"), KullaniciAdi): Keys 'ELOGO6' sent to object: 'Object Repository/Sayfalar/Giris_Sayfasi/Firma_Kodu'

2021-11-18 11:25:40 - [MESSAGE][INFO] - Finding Test Object 'Object Repository/Sayfalar/Giris_Sayfasi/Firma_Kodu'

2021-11-18 11:25:40 - [MESSAGE][INFO] - Sending keys 'ELOGO6' to object: 'Object Repository/Sayfalar/Giris_Sayfasi/Firma_Kodu'

2021-11-18 11:25:40 - [MESSAGE][INFO] - Finding web element from Test Object's properties

2021-11-18 11:25:40 - [MESSAGE][INFO] - Checking timeout

2021-11-18 11:25:40 - [MESSAGE][INFO] - Finding web element with id: 'Object Repository/Sayfalar/Giris_Sayfasi/Firma_Kodu' located by 'By.xpath: //*[@id = 'AccountName']' in '30' second(s)

2021-11-18 11:25:40 - [MESSAGE][INFO] - Smart Wait Function is triggered

2021-11-18 11:25:40 - [MESSAGE][INFO] - Found 1 web elements with id: 'Object Repository/Sayfalar/Giris_Sayfasi/Firma_Kodu' located by 'By.xpath: //*[@id = 'AccountName']' in '30' second(s)

2021-11-18 11:25:41 - [MESSAGE][PASSED] - Keys 'ELOGO6' sent to object: 'Object Repository/Sayfalar/Giris_Sayfasi/Firma_Kodu'

2021-11-18 11:25:41 - [TEST_STEP][PASSED] - sendKeys(findTestObject("Sayfalar/Giris_Sayfasi/Sifre"), Sifre): Keys '123456' sent to object: 'Object Repository/Sayfalar/Giris_Sayfasi/Sifre'

2021-11-18 11:25:41 - [MESSAGE][INFO] - Finding Test Object 'Object Repository/Sayfalar/Giris_Sayfasi/Sifre'

2021-11-18 11:25:41 - [MESSAGE][INFO] - Sending keys '123456' to object: 'Object Repository/Sayfalar/Giris_Sayfasi/Sifre'

2021-11-18 11:25:41 - [MESSAGE][INFO] - Finding web element from Test Object's properties

2021-11-18 11:25:41 - [MESSAGE][INFO] - Checking timeout

2021-11-18 11:25:41 - [MESSAGE][INFO] - Finding web element with id: 'Object Repository/Sayfalar/Giris_Sayfasi/Sifre' located by 'By.xpath: //*[@id = 'Password']' in '30' second(s)

2021-11-18 11:25:41 - [MESSAGE][INFO] - Smart Wait Function is triggered

2021-11-18 11:25:41 - [MESSAGE][INFO] - Found 1 web elements with id: 'Object Repository/Sayfalar/Giris_Sayfasi/Sifre' located by 'By.xpath: //*[@id = 'Password']' in '30' second(s)

2021-11-18 11:25:41 - [MESSAGE][PASSED] - Keys '123456' sent to object: 'Object Repository/Sayfalar/Giris_Sayfasi/Sifre'

2021-11-18 11:25:41 - [TEST_STEP][PASSED] - findWebElement(findTestObject("Sayfalar/Giris_Sayfasi/Giris_Butonu")).click(): Found 1 web elements with id: 'Object Repository/Sayfalar/Giris_Sayfasi/Giris_Butonu' located by 'By.cssSelector: #btnLogin' in '30' second(s)

2021-11-18 11:25:41 - [MESSAGE][INFO] - Finding Test Object 'Object Repository/Sayfalar/Giris_Sayfasi/Giris_Butonu'

2021-11-18 11:25:41 - [MESSAGE][INFO] - Finding web element from Test Object's properties

2021-11-18 11:25:41 - [MESSAGE][INFO] - Checking timeout

2021-11-18 11:25:41 - [MESSAGE][INFO] - Finding web element with id: 'Object Repository/Sayfalar/Giris_Sayfasi/Giris_Butonu' located by 'By.cssSelector: #btnLogin' in '30' second(s)

2021-11-18 11:25:41 - [MESSAGE][INFO] - Smart Wait Function is triggered

2021-11-18 11:25:42 - [MESSAGE][INFO] - Found 1 web elements with id: 'Object Repository/Sayfalar/Giris_Sayfasi/Giris_Butonu' located by 'By.cssSelector: #btnLogin' in '30' second(s)

2021-11-18 11:25:44 - [TEST_STEP][PASSED] - if (verifyElementPresent(findTestObject("Object Repository/Sayfalar/Giris_Sayfasi/RetveTamam_Butonu"), 5, OPTIONAL)): null

2021-11-18 11:25:44 - [MESSAGE][INFO] - Finding Test Object 'Object Repository/Sayfalar/Giris_Sayfasi/RetveTamam_Butonu'

2021-11-18 11:25:44 - [MESSAGE][INFO] - Checking object

2021-11-18 11:25:44 - [MESSAGE][INFO] - Finding web element from Test Object's properties

2021-11-18 11:25:44 - [MESSAGE][INFO] - Checking timeout

2021-11-18 11:25:44 - [MESSAGE][INFO] - Finding web element with id: 'Object Repository/Sayfalar/Giris_Sayfasi/RetveTamam_Butonu' located by 'By.xpath: //*[@class = 'btn btn-default']' in '5' second(s)

2021-11-18 11:25:44 - [MESSAGE][INFO] - Smart Wait Function is triggered

2021-11-18 11:25:45 - [MESSAGE][INFO] - Found 1 web elements with id: 'Object Repository/Sayfalar/Giris_Sayfasi/RetveTamam_Butonu' located by 'By.xpath: //*[@class = 'btn btn-default']' in '5' second(s)

2021-11-18 11:25:45 - [MESSAGE][PASSED] - Object 'Object Repository/Sayfalar/Giris_Sayfasi/RetveTamam_Butonu' is present

2021-11-18 11:25:45 - [TEST_STEP][PASSED] - click(findTestObject("Object Repository/Sayfalar/Giris_Sayfasi/RetveTamam_Butonu")): Object: 'Object Repository/Sayfalar/Giris_Sayfasi/RetveTamam_Butonu' is clicked on

2021-11-18 11:25:45 - [MESSAGE][INFO] - Finding Test Object 'Object Repository/Sayfalar/Giris_Sayfasi/RetveTamam_Butonu'

2021-11-18 11:25:45 - [MESSAGE][INFO] - Checking object

2021-11-18 11:25:45 - [MESSAGE][INFO] - Finding web element from Test Object's properties

2021-11-18 11:25:45 - [MESSAGE][INFO] - Checking timeout

2021-11-18 11:25:45 - [MESSAGE][INFO] - Finding web element with id: 'Object Repository/Sayfalar/Giris_Sayfasi/RetveTamam_Butonu' located by 'By.xpath: //*[@class = 'btn btn-default']' in '30' second(s)

2021-11-18 11:25:45 - [MESSAGE][INFO] - Smart Wait Function is triggered

2021-11-18 11:25:45 - [MESSAGE][INFO] - Found 1 web elements with id: 'Object Repository/Sayfalar/Giris_Sayfasi/RetveTamam_Butonu' located by 'By.xpath: //*[@class = 'btn btn-default']' in '30' second(s)

2021-11-18 11:25:45 - [MESSAGE][INFO] - Clicking on object: 'Object Repository/Sayfalar/Giris_Sayfasi/RetveTamam_Butonu'

2021-11-18 11:25:45 - [MESSAGE][PASSED] - Object: 'Object Repository/Sayfalar/Giris_Sayfasi/RetveTamam_Butonu' is clicked on

2021-11-18 11:25:45 - [TEST_STEP][PASSED] - click(findTestObject("Object Repository/Sayfalar/Giris_Sayfasi/RetveTamam_Butonu")): Object: 'Object Repository/Sayfalar/Giris_Sayfasi/RetveTamam_Butonu' is clicked on

2021-11-18 11:25:45 - [MESSAGE][INFO] - Finding Test Object 'Object Repository/Sayfalar/Giris_Sayfasi/RetveTamam_Butonu'

2021-11-18 11:25:45 - [MESSAGE][INFO] - Checking object

2021-11-18 11:25:45 - [MESSAGE][INFO] - Finding web element from Test Object's properties

2021-11-18 11:25:45 - [MESSAGE][INFO] - Checking timeout

2021-11-18 11:25:45 - [MESSAGE][INFO] - Finding web element with id: 'Object Repository/Sayfalar/Giris_Sayfasi/RetveTamam_Butonu' located by 'By.xpath: //*[@class = 'btn btn-default']' in '30' second(s)

2021-11-18 11:25:45 - [MESSAGE][INFO] - Smart Wait Function is triggered

2021-11-18 11:25:48 - [MESSAGE][INFO] - Found 1 web elements with id: 'Object Repository/Sayfalar/Giris_Sayfasi/RetveTamam_Butonu' located by 'By.xpath: //*[@class = 'btn btn-default']' in '30' second(s)

2021-11-18 11:25:48 - [MESSAGE][INFO] - Clicking on object: 'Object Repository/Sayfalar/Giris_Sayfasi/RetveTamam_Butonu'

2021-11-18 11:25:49 - [MESSAGE][PASSED] - Object: 'Object Repository/Sayfalar/Giris_Sayfasi/RetveTamam_Butonu' is clicked on

2021-11-18 11:25:49 - [TEST_STEP][PASSED] - if (verifyElementPresent(findTestObject("Sayfalar/Giris_Sayfasi/PopupOK"), 5, OPTIONAL)): null

2021-11-18 11:25:49 - [MESSAGE][INFO] - Finding Test Object 'Object Repository/Sayfalar/Giris_Sayfasi/PopupOK'

2021-11-18 11:25:49 - [MESSAGE][INFO] - Checking object

2021-11-18 11:25:49 - [MESSAGE][INFO] - Finding web element from Test Object's properties

2021-11-18 11:25:49 - [MESSAGE][INFO] - Checking timeout

2021-11-18 11:25:49 - [MESSAGE][INFO] - Finding web element with id: 'Object Repository/Sayfalar/Giris_Sayfasi/PopupOK' located by 'By.cssSelector: .btn.btn-success' in '5' second(s)

2021-11-18 11:25:49 - [MESSAGE][INFO] - Smart Wait Function is triggered

2021-11-18 11:25:49 - [MESSAGE][INFO] - Found 1 web elements with id: 'Object Repository/Sayfalar/Giris_Sayfasi/PopupOK' located by 'By.cssSelector: .btn.btn-success' in '5' second(s)

2021-11-18 11:25:49 - [MESSAGE][PASSED] - Object 'Object Repository/Sayfalar/Giris_Sayfasi/PopupOK' is present

2021-11-18 11:25:49 - [TEST_STEP][PASSED] - click(findTestObject("Object Repository/Sayfalar/Giris_Sayfasi/PopupCarpiGiris")): Object: 'Object Repository/Sayfalar/Giris_Sayfasi/PopupCarpiGiris' is clicked on

2021-11-18 11:25:49 - [MESSAGE][INFO] - Finding Test Object 'Object Repository/Sayfalar/Giris_Sayfasi/PopupCarpiGiris'

2021-11-18 11:25:50 - [MESSAGE][INFO] - Checking object

2021-11-18 11:25:50 - [MESSAGE][INFO] - Finding web element from Test Object's properties

2021-11-18 11:25:50 - [MESSAGE][INFO] - Checking timeout

2021-11-18 11:25:50 - [MESSAGE][INFO] - Finding web element with id: 'Object Repository/Sayfalar/Giris_Sayfasi/PopupCarpiGiris' located by 'By.cssSelector: .bootbox-close-button.close' in '30' second(s)

2021-11-18 11:25:50 - [MESSAGE][INFO] - Smart Wait Function is triggered

2021-11-18 11:25:50 - [MESSAGE][INFO] - Found 1 web elements with id: 'Object Repository/Sayfalar/Giris_Sayfasi/PopupCarpiGiris' located by 'By.cssSelector: .bootbox-close-button.close' in '30' second(s)

2021-11-18 11:25:50 - [MESSAGE][INFO] - Clicking on object: 'Object Repository/Sayfalar/Giris_Sayfasi/PopupCarpiGiris'

2021-11-18 11:25:50 - [MESSAGE][PASSED] - Object: 'Object Repository/Sayfalar/Giris_Sayfasi/PopupCarpiGiris' is clicked on

2021-11-18 11:25:50 - [TEST_STEP][PASSED] - verifyElementVisible(findTestObject("Object Repository/Kullanici_Islemleri/KullaniciIslemleri")): Object 'Object Repository/Kullanici_Islemleri/KullaniciIslemleri' is visible

2021-11-18 11:25:50 - [MESSAGE][INFO] - Finding Test Object 'Object Repository/Kullanici_Islemleri/KullaniciIslemleri'

2021-11-18 11:25:50 - [MESSAGE][INFO] - Checking object

2021-11-18 11:25:50 - [MESSAGE][INFO] - Finding web element from Test Object's properties

2021-11-18 11:25:50 - [MESSAGE][INFO] - Checking timeout

2021-11-18 11:25:50 - [MESSAGE][INFO] - Finding web element with id: 'Object Repository/Kullanici_Islemleri/KullaniciIslemleri' located by 'By.cssSelector: .dropdown>a>img' in '30' second(s)

2021-11-18 11:25:50 - [MESSAGE][INFO] - Smart Wait Function is triggered

2021-11-18 11:25:51 - [MESSAGE][INFO] - Found 1 web elements with id: 'Object Repository/Kullanici_Islemleri/KullaniciIslemleri' located by 'By.cssSelector: .dropdown>a>img' in '30' second(s)

2021-11-18 11:25:51 - [MESSAGE][PASSED] - Object 'Object Repository/Kullanici_Islemleri/KullaniciIslemleri' is visible

2021-11-18 11:25:51 - [MESSAGE][PASSED] - Call Test Case 'Test Cases/Sayfalar/Giris_Sayfasi/Login' successfully

2021-11-18 11:25:51 - [MESSAGE][INFO] - Checking called Test Case

2021-11-18 11:25:51 - [MESSAGE][INFO] - Starting to call Test Case 'Test Cases/Menu/AnaMenuSecimi'

2021-11-18 11:25:51 - [TEST_CASE][PASSED] - Test Cases/Menu/AnaMenuSecimi: Test Cases/Menu/AnaMenuSecimi

2021-11-18 11:25:51 - [TEST_STEP][PASSED] - Method.TextDegerineEsitElementeTikla(findTestObject("Menu/Ana_Menu"), Ana_Menu): Method.TextDegerineEsitElementeTikla is PASSED

2021-11-18 11:25:51 - [MESSAGE][INFO] - Finding Test Object 'Object Repository/Menu/Ana_Menu'

2021-11-18 11:25:51 - [MESSAGE][INFO] - Checking timeout

2021-11-18 11:25:51 - [MESSAGE][INFO] - Finding web element with id: 'Object Repository/Menu/Ana_Menu' located by 'By.xpath: //*[@class = 'dropdown-toggle']' in '10' second(s)

2021-11-18 11:25:51 - [MESSAGE][INFO] - Smart Wait Function is triggered

2021-11-18 11:25:51 - [MESSAGE][INFO] - Found 14 web elements with id: 'Object Repository/Menu/Ana_Menu' located by 'By.xpath: //*[@class = 'dropdown-toggle']' in '10' second(s)

2021-11-18 11:25:51 - [MESSAGE][PASSED] - Method.TextDegerineEsitElementeTikla is PASSED

2021-11-18 11:25:51 - [MESSAGE][PASSED] - Call Test Case 'Test Cases/Menu/AnaMenuSecimi' successfully

2021-11-18 11:25:51 - [MESSAGE][INFO] - Checking called Test Case

2021-11-18 11:25:51 - [MESSAGE][INFO] - Starting to call Test Case 'Test Cases/Menu/BasligaGoreAltMenuSecimi'

2021-11-18 11:25:51 - [TEST_CASE][PASSED] - Test Cases/Menu/BasligaGoreAltMenuSecimi: Test Cases/Menu/BasligaGoreAltMenuSecimi

2021-11-18 11:25:51 - [TEST_STEP][PASSED] - Method.TextDegerineEsitElementinAltindakiTextDegerineEsitOlanaTikla(findTestObject("Menu/Menu_Basligi"), findTestObject("Menu/Basliga_Gore_Alt_Menu"), Baslik, Alt_Menu): Method.TextDegerineEsitElementinAltindakiTextDegerineEsitOlanaTikla is PASSED

2021-11-18 11:25:51 - [MESSAGE][INFO] - Finding Test Object 'Object Repository/Menu/Menu_Basligi'

2021-11-18 11:25:52 - [MESSAGE][INFO] - Finding Test Object 'Object Repository/Menu/Basliga_Gore_Alt_Menu'

2021-11-18 11:25:52 - [MESSAGE][INFO] - Checking timeout

2021-11-18 11:25:52 - [MESSAGE][INFO] - Finding web element with id: 'Object Repository/Menu/Menu_Basligi' located by 'By.xpath: //li[@class='dropdown dropdown-large open']//li[@class='dropdown-header']' in '10' second(s)

2021-11-18 11:25:52 - [MESSAGE][INFO] - Smart Wait Function is triggered

2021-11-18 11:25:52 - [MESSAGE][INFO] - Found 3 web elements with id: 'Object Repository/Menu/Menu_Basligi' located by 'By.xpath: //li[@class='dropdown dropdown-large open']//li[@class='dropdown-header']' in '10' second(s)

2021-11-18 11:25:52 - [MESSAGE][INFO] - Smart Wait Function is triggered

2021-11-18 11:25:54 - [MESSAGE][PASSED] - Method.TextDegerineEsitElementinAltindakiTextDegerineEsitOlanaTikla is PASSED

2021-11-18 11:25:54 - [MESSAGE][PASSED] - Call Test Case 'Test Cases/Menu/BasligaGoreAltMenuSecimi' successfully

2021-11-18 11:25:54 - [MESSAGE][INFO] - Checking called Test Case

2021-11-18 11:25:54 - [MESSAGE][INFO] - Starting to call Test Case 'Test Cases/Filtreler/BaslangicYaz'

2021-11-18 11:25:54 - [TEST_CASE][PASSED] - Test Cases/Filtreler/BaslangicYaz: Test Cases/Filtreler/BaslangicYaz

2021-11-18 11:25:54 - [TEST_STEP][PASSED] - delay(3): Delayed 3 second(s)

2021-11-18 11:25:54 - [MESSAGE][INFO] - Delaying browser in 3 second(s)

2021-11-18 11:25:57 - [MESSAGE][PASSED] - Delayed 3 second(s)

2021-11-18 11:25:57 - [TEST_STEP][PASSED] - Method.TextDegerineEsitElementinAltindakineTikla(findTestObject("Filtreler/Basliklar"), findTestObject("Filtreler/Basliga_Gore_Baslangic_Image"), Filtre_Adi): Method.TextDegerineEsitElementinAltindakineTikla is PASSED

2021-11-18 11:25:57 - [MESSAGE][INFO] - Finding Test Object 'Object Repository/Filtreler/Basliklar'

2021-11-18 11:25:57 - [MESSAGE][INFO] - Finding Test Object 'Object Repository/Filtreler/Basliga_Gore_Baslangic_Image'

2021-11-18 11:25:57 - [MESSAGE][INFO] - Checking timeout

2021-11-18 11:25:57 - [MESSAGE][INFO] - Finding web element with id: 'Object Repository/Filtreler/Basliklar' located by 'By.cssSelector: .control-label.col-sm-4.paddingMarginRLC' in '10' second(s)

2021-11-18 11:25:57 - [MESSAGE][INFO] - Smart Wait Function is triggered

2021-11-18 11:25:58 - [MESSAGE][INFO] - Found 18 web elements with id: 'Object Repository/Filtreler/Basliklar' located by 'By.cssSelector: .control-label.col-sm-4.paddingMarginRLC' in '10' second(s)

2021-11-18 11:25:58 - [MESSAGE][INFO] - Smart Wait Function is triggered

2021-11-18 11:25:58 - [MESSAGE][PASSED] - Method.TextDegerineEsitElementinAltindakineTikla is PASSED

2021-11-18 11:25:58 - [TEST_STEP][PASSED] - Method.TextDegerineEsitElementinAltindakiTextboxtaYaz(findTestObject("Filtreler/Basliklar"), findTestObject("Filtreler/Basliga_Gore_Baslangic"), Filtre_Adi, Filtre_Degeri): Method.TextDegerineEsitElementinAltindakiTextboxtaYaz is PASSED

2021-11-18 11:25:58 - [MESSAGE][INFO] - Finding Test Object 'Object Repository/Filtreler/Basliklar'

2021-11-18 11:25:58 - [MESSAGE][INFO] - Finding Test Object 'Object Repository/Filtreler/Basliga_Gore_Baslangic'

2021-11-18 11:25:58 - [MESSAGE][INFO] - Checking timeout

2021-11-18 11:25:58 - [MESSAGE][INFO] - Finding web element with id: 'Object Repository/Filtreler/Basliklar' located by 'By.cssSelector: .control-label.col-sm-4.paddingMarginRLC' in '10' second(s)

2021-11-18 11:25:58 - [MESSAGE][INFO] - Smart Wait Function is triggered

2021-11-18 11:25:59 - [MESSAGE][INFO] - Found 18 web elements with id: 'Object Repository/Filtreler/Basliklar' located by 'By.cssSelector: .control-label.col-sm-4.paddingMarginRLC' in '10' second(s)

2021-11-18 11:25:59 - [MESSAGE][INFO] - Smart Wait Function is triggered

2021-11-18 11:25:59 - [MESSAGE][PASSED] - Method.TextDegerineEsitElementinAltindakiTextboxtaYaz is PASSED

2021-11-18 11:25:59 - [MESSAGE][PASSED] - Call Test Case 'Test Cases/Filtreler/BaslangicYaz' successfully

2021-11-18 11:25:59 - [MESSAGE][INFO] - Checking called Test Case

2021-11-18 11:25:59 - [MESSAGE][INFO] - Starting to call Test Case 'Test Cases/Filtreler/BitisYaz'

2021-11-18 11:25:59 - [TEST_CASE][PASSED] - Test Cases/Filtreler/BitisYaz: Test Cases/Filtreler/BitisYaz

2021-11-18 11:25:59 - [TEST_STEP][PASSED] - Method.TextDegerineEsitElementinAltindakineTikla(findTestObject("Filtreler/Basliklar"), findTestObject("Filtreler/Basliga_Gore_Bitis_Image"), Filtre_Adi): Method.TextDegerineEsitElementinAltindakineTikla is PASSED

2021-11-18 11:25:59 - [MESSAGE][INFO] - Finding Test Object 'Object Repository/Filtreler/Basliklar'

2021-11-18 11:25:59 - [MESSAGE][INFO] - Finding Test Object 'Object Repository/Filtreler/Basliga_Gore_Bitis_Image'

2021-11-18 11:25:59 - [MESSAGE][INFO] - Checking timeout

2021-11-18 11:25:59 - [MESSAGE][INFO] - Finding web element with id: 'Object Repository/Filtreler/Basliklar' located by 'By.cssSelector: .control-label.col-sm-4.paddingMarginRLC' in '10' second(s)

2021-11-18 11:25:59 - [MESSAGE][INFO] - Smart Wait Function is triggered

2021-11-18 11:26:00 - [MESSAGE][INFO] - Found 18 web elements with id: 'Object Repository/Filtreler/Basliklar' located by 'By.cssSelector: .control-label.col-sm-4.paddingMarginRLC' in '10' second(s)

2021-11-18 11:26:00 - [MESSAGE][INFO] - Smart Wait Function is triggered

2021-11-18 11:26:00 - [MESSAGE][PASSED] - Method.TextDegerineEsitElementinAltindakineTikla is PASSED

2021-11-18 11:26:00 - [TEST_STEP][PASSED] - Method.TextDegerineEsitElementinAltindakiTextboxtaYaz(findTestObject("Filtreler/Basliklar"), findTestObject("Object Repository/Filtreler/Basliga_Gore_Bitis"), Filtre_Adi, Filtre_Degeri): Method.TextDegerineEsitElementinAltindakiTextboxtaYaz is PASSED

2021-11-18 11:26:00 - [MESSAGE][INFO] - Finding Test Object 'Object Repository/Filtreler/Basliklar'

2021-11-18 11:26:00 - [MESSAGE][INFO] - Finding Test Object 'Object Repository/Filtreler/Basliga_Gore_Bitis'

2021-11-18 11:26:00 - [MESSAGE][INFO] - Checking timeout

2021-11-18 11:26:00 - [MESSAGE][INFO] - Finding web element with id: 'Object Repository/Filtreler/Basliklar' located by 'By.cssSelector: .control-label.col-sm-4.paddingMarginRLC' in '10' second(s)

2021-11-18 11:26:00 - [MESSAGE][INFO] - Smart Wait Function is triggered

2021-11-18 11:26:01 - [MESSAGE][INFO] - Found 18 web elements with id: 'Object Repository/Filtreler/Basliklar' located by 'By.cssSelector: .control-label.col-sm-4.paddingMarginRLC' in '10' second(s)

2021-11-18 11:26:01 - [MESSAGE][INFO] - Smart Wait Function is triggered

2021-11-18 11:26:01 - [MESSAGE][PASSED] - Method.TextDegerineEsitElementinAltindakiTextboxtaYaz is PASSED

2021-11-18 11:26:01 - [MESSAGE][PASSED] - Call Test Case 'Test Cases/Filtreler/BitisYaz' successfully

2021-11-18 11:26:01 - [MESSAGE][INFO] - Checking called Test Case

2021-11-18 11:26:01 - [MESSAGE][INFO] - Starting to call Test Case 'Test Cases/Filtreler/ButonaTikla'

2021-11-18 11:26:01 - [TEST_CASE][PASSED] - Test Cases/Filtreler/ButonaTikla: Test Cases/Filtreler/ButonaTikla

2021-11-18 11:26:01 - [TEST_STEP][PASSED] - Method.TextDegerineEsitElementeTikla(findTestObject("Filtreler/Butonlar"), Filtre_Buton): Method.TextDegerineEsitElementeTikla is PASSED

2021-11-18 11:26:01 - [MESSAGE][INFO] - Finding Test Object 'Object Repository/Filtreler/Butonlar'

2021-11-18 11:26:01 - [MESSAGE][INFO] - Checking timeout

2021-11-18 11:26:01 - [MESSAGE][INFO] - Finding web element with id: 'Object Repository/Filtreler/Butonlar' located by 'By.cssSelector: .dxb>span' in '10' second(s)

2021-11-18 11:26:01 - [MESSAGE][INFO] - Smart Wait Function is triggered

2021-11-18 11:26:02 - [MESSAGE][INFO] - Found 3 web elements with id: 'Object Repository/Filtreler/Butonlar' located by 'By.cssSelector: .dxb>span' in '10' second(s)

2021-11-18 11:26:02 - [MESSAGE][PASSED] - Method.TextDegerineEsitElementeTikla is PASSED

2021-11-18 11:26:02 - [MESSAGE][PASSED] - Call Test Case 'Test Cases/Filtreler/ButonaTikla' successfully

2021-11-18 11:26:02 - [MESSAGE][INFO] - Checking called Test Case

2021-11-18 11:26:02 - [MESSAGE][INFO] - Starting to call Test Case 'Test Cases/Tablo/TablodaVeriVarMi'

2021-11-18 11:26:02 - [TEST_CASE][PASSED] - Test Cases/Tablo/TablodaVeriVarMi: Test Cases/Tablo/TablodaVeriVarMi

2021-11-18 11:26:02 - [TEST_STEP][PASSED] - verifyTextNotPresent("Görüntülenecek veri yok", true): Text 'Görüntülenecek veri yok' is not present on page using regular expression

2021-11-18 11:26:02 - [MESSAGE][INFO] - Checking text present  using regular expression

2021-11-18 11:26:02 - [MESSAGE][INFO] - Smart Wait Function is triggered

2021-11-18 11:26:03 - [MESSAGE][INFO] - Finding text 'Görüntülenecek veri yok' on page  using regular expression

2021-11-18 11:26:03 - [MESSAGE][PASSED] - Text 'Görüntülenecek veri yok' is not present on page using regular expression

2021-11-18 11:26:03 - [MESSAGE][PASSED] - Call Test Case 'Test Cases/Tablo/TablodaVeriVarMi' successfully

2021-11-18 11:26:03 - [MESSAGE][INFO] - Checking called Test Case

2021-11-18 11:26:03 - [MESSAGE][INFO] - Starting to call Test Case 'Test Cases/Tablo/TablodanVeriSec'

2021-11-18 11:26:03 - [TEST_CASE][PASSED] - Test Cases/Tablo/TablodanVeriSec: Test Cases/Tablo/TablodanVeriSec

2021-11-18 11:26:03 - [TEST_STEP][PASSED] - Method.TextDegerineEsitElementinAltindakineTikla(findTestObject("Tablo/Veriler"), findTestObject("Tablo/VerininCheckBoxi"), Veri_Adi): Method.TextDegerineEsitElementinAltindakineTikla is PASSED

2021-11-18 11:26:03 - [MESSAGE][INFO] - Finding Test Object 'Object Repository/Tablo/Veriler'

2021-11-18 11:26:03 - [MESSAGE][INFO] - Finding Test Object 'Object Repository/Tablo/VerininCheckBoxi'

2021-11-18 11:26:03 - [MESSAGE][INFO] - Checking timeout

2021-11-18 11:26:03 - [MESSAGE][INFO] - Finding web element with id: 'Object Repository/Tablo/Veriler' located by 'By.cssSelector: td.dxgv b ,td.dxgv' in '10' second(s)

2021-11-18 11:26:03 - [MESSAGE][INFO] - Smart Wait Function is triggered

2021-11-18 11:26:03 - [MESSAGE][INFO] - Found 84 web elements with id: 'Object Repository/Tablo/Veriler' located by 'By.cssSelector: td.dxgv b ,td.dxgv' in '10' second(s)

2021-11-18 11:26:03 - [MESSAGE][INFO] - Smart Wait Function is triggered

2021-11-18 11:26:04 - [MESSAGE][PASSED] - Method.TextDegerineEsitElementinAltindakineTikla is PASSED

2021-11-18 11:26:04 - [MESSAGE][PASSED] - Call Test Case 'Test Cases/Tablo/TablodanVeriSec' successfully

2021-11-18 11:26:04 - [MESSAGE][INFO] - Checking called Test Case

2021-11-18 11:26:04 - [MESSAGE][INFO] - Starting to call Test Case 'Test Cases/Butonlar/ButonaTikla'

2021-11-18 11:26:04 - [TEST_CASE][PASSED] - Test Cases/Butonlar/ButonaTikla: Test Cases/Butonlar/ButonaTikla

2021-11-18 11:26:04 - [TEST_STEP][PASSED] - Method.TextDegerineEsitElementeTiklaEquals(findTestObject("Butonlar/Butonlar"), Buton_Adi): Method.TextDegerineEsitElementeTiklaEquals is PASSED

2021-11-18 11:26:04 - [MESSAGE][INFO] - Finding Test Object 'Object Repository/Butonlar/Butonlar'

2021-11-18 11:26:04 - [MESSAGE][INFO] - Checking timeout

2021-11-18 11:26:04 - [MESSAGE][INFO] - Finding web element with id: 'Object Repository/Butonlar/Butonlar' located by 'By.cssSelector: .panel.panel-default.text-center.footerPanel .btn,.btn.btn-primary.btnControls' in '10' second(s)

2021-11-18 11:26:04 - [MESSAGE][INFO] - Smart Wait Function is triggered

2021-11-18 11:26:04 - [MESSAGE][INFO] - Found 12 web elements with id: 'Object Repository/Butonlar/Butonlar' located by 'By.cssSelector: .panel.panel-default.text-center.footerPanel .btn,.btn.btn-primary.btnControls' in '10' second(s)

2021-11-18 11:26:04 - [MESSAGE][PASSED] - Method.TextDegerineEsitElementeTiklaEquals is PASSED

2021-11-18 11:26:04 - [MESSAGE][PASSED] - Call Test Case 'Test Cases/Butonlar/ButonaTikla' successfully

2021-11-18 11:26:04 - [MESSAGE][INFO] - Checking called Test Case

2021-11-18 11:26:04 - [MESSAGE][INFO] - Starting to call Test Case 'Test Cases/Butonlar/AltButonaTikla'

2021-11-18 11:26:05 - [TEST_CASE][PASSED] - Test Cases/Butonlar/AltButonaTikla: Test Cases/Butonlar/AltButonaTikla

2021-11-18 11:26:05 - [TEST_STEP][PASSED] - Method.TextDegerineEsitElementeTikla(findTestObject("Butonlar/AltButonlar"), Alt_Buton): Method.TextDegerineEsitElementeTikla is PASSED

2021-11-18 11:26:05 - [MESSAGE][INFO] - Finding Test Object 'Object Repository/Butonlar/AltButonlar'

2021-11-18 11:26:05 - [MESSAGE][INFO] - Checking timeout

2021-11-18 11:26:05 - [MESSAGE][INFO] - Finding web element with id: 'Object Repository/Butonlar/AltButonlar' located by 'By.cssSelector: .btn-group.open li>a' in '10' second(s)

2021-11-18 11:26:05 - [MESSAGE][INFO] - Smart Wait Function is triggered

2021-11-18 11:26:05 - [MESSAGE][INFO] - Found 2 web elements with id: 'Object Repository/Butonlar/AltButonlar' located by 'By.cssSelector: .btn-group.open li>a' in '10' second(s)

2021-11-18 11:26:05 - [MESSAGE][PASSED] - Method.TextDegerineEsitElementeTikla is PASSED

2021-11-18 11:26:05 - [MESSAGE][PASSED] - Call Test Case 'Test Cases/Butonlar/AltButonaTikla' successfully

2021-11-18 11:26:05 - [MESSAGE][INFO] - Checking called Test Case

2021-11-18 11:26:05 - [MESSAGE][INFO] - Starting to call Test Case 'Test Cases/Sekmeler/YeniSekmeyeGec'

2021-11-18 11:26:05 - [TEST_CASE][PASSED] - Test Cases/Sekmeler/YeniSekmeyeGec: Test Cases/Sekmeler/YeniSekmeyeGec

2021-11-18 11:26:05 - [TEST_STEP][PASSED] - switchToWindowIndex(1): Switched to window with index: '1'

2021-11-18 11:26:05 - [MESSAGE][INFO] - Checking index

2021-11-18 11:26:05 - [MESSAGE][INFO] - Switching window with index: '1'

2021-11-18 11:26:05 - [MESSAGE][PASSED] - Switched to window with index: '1'

2021-11-18 11:26:05 - [MESSAGE][PASSED] - Call Test Case 'Test Cases/Sekmeler/YeniSekmeyeGec' successfully

2021-11-18 11:26:05 - [MESSAGE][INFO] - Checking called Test Case

2021-11-18 11:26:05 - [MESSAGE][INFO] - Starting to call Test Case 'Test Cases/Sekmeler/TagGeldiMi'

2021-11-18 11:26:05 - [TEST_CASE][PASSED] - Test Cases/Sekmeler/TagGeldiMi: Test Cases/Sekmeler/TagGeldiMi

2021-11-18 11:26:05 - [TEST_STEP][PASSED] - waitForElementPresent(findTestObject("Object Repository/Sekmeler/UBLTag"), 10): Object 'Object Repository/Sekmeler/UBLTag' is present

2021-11-18 11:26:05 - [MESSAGE][INFO] - Finding Test Object 'Object Repository/Sekmeler/UBLTag'

2021-11-18 11:26:05 - [MESSAGE][INFO] - Checking object

2021-11-18 11:26:05 - [MESSAGE][INFO] - Finding web element from Test Object's properties

2021-11-18 11:26:05 - [MESSAGE][INFO] - Checking timeout

2021-11-18 11:26:05 - [MESSAGE][INFO] - Finding web element with id: 'Object Repository/Sekmeler/UBLTag' located by 'By.cssSelector: #webkit-xml-viewer-source-xml>:first-child' in '10' second(s)

2021-11-18 11:26:05 - [MESSAGE][INFO] - Smart Wait Function is triggered

2021-11-18 11:26:07 - [MESSAGE][INFO] - Found 1 web elements with id: 'Object Repository/Sekmeler/UBLTag' located by 'By.cssSelector: #webkit-xml-viewer-source-xml>:first-child' in '10' second(s)

2021-11-18 11:26:07 - [MESSAGE][PASSED] - Object 'Object Repository/Sekmeler/UBLTag' is present

2021-11-18 11:26:07 - [TEST_STEP][PASSED] - println(toLowerCase().toString()): Found 1 web elements with id: 'Object Repository/Sekmeler/UBLTag' located by 'By.cssSelector: #webkit-xml-viewer-source-xml>:first-child' in '10' second(s)

2021-11-18 11:26:07 - [MESSAGE][INFO] - Finding Test Object 'Object Repository/Sekmeler/UBLTag'

2021-11-18 11:26:07 - [MESSAGE][INFO] - Finding web element from Test Object's properties

2021-11-18 11:26:07 - [MESSAGE][INFO] - Checking timeout

2021-11-18 11:26:07 - [MESSAGE][INFO] - Finding web element with id: 'Object Repository/Sekmeler/UBLTag' located by 'By.cssSelector: #webkit-xml-viewer-source-xml>:first-child' in '10' second(s)

2021-11-18 11:26:07 - [MESSAGE][INFO] - Smart Wait Function is triggered

2021-11-18 11:26:07 - [MESSAGE][INFO] - Found 1 web elements with id: 'Object Repository/Sekmeler/UBLTag' located by 'By.cssSelector: #webkit-xml-viewer-source-xml>:first-child' in '10' second(s)

2021-11-18 11:26:07 - [TEST_STEP][PASSED] - if (!(toString().contains(toString().toLowerCase()))): Found 1 web elements with id: 'Object Repository/Sekmeler/UBLTag' located by 'By.cssSelector: #webkit-xml-viewer-source-xml>:first-child' in '10' second(s)

2021-11-18 11:26:07 - [MESSAGE][INFO] - Finding Test Object 'Object Repository/Sekmeler/UBLTag'

2021-11-18 11:26:07 - [MESSAGE][INFO] - Finding web element from Test Object's properties

2021-11-18 11:26:07 - [MESSAGE][INFO] - Checking timeout

2021-11-18 11:26:07 - [MESSAGE][INFO] - Finding web element with id: 'Object Repository/Sekmeler/UBLTag' located by 'By.cssSelector: #webkit-xml-viewer-source-xml>:first-child' in '10' second(s)

2021-11-18 11:26:07 - [MESSAGE][INFO] - Smart Wait Function is triggered

2021-11-18 11:26:07 - [MESSAGE][INFO] - Found 1 web elements with id: 'Object Repository/Sekmeler/UBLTag' located by 'By.cssSelector: #webkit-xml-viewer-source-xml>:first-child' in '10' second(s)

2021-11-18 11:26:07 - [MESSAGE][PASSED] - Call Test Case 'Test Cases/Sekmeler/TagGeldiMi' successfully

2021-11-18 11:26:07 - [MESSAGE][INFO] - Checking called Test Case

2021-11-18 11:26:07 - [MESSAGE][INFO] - Starting to call Test Case 'Test Cases/Sekmeler/Ana_Sekmeye_Gec'

2021-11-18 11:26:07 - [TEST_CASE][PASSED] - Test Cases/Sekmeler/Ana_Sekmeye_Gec: Test Cases/Sekmeler/Ana_Sekmeye_Gec

2021-11-18 11:26:07 - [TEST_STEP][PASSED] - try: Window with index 1 is closed

2021-11-18 11:26:07 - [TEST_STEP][PASSED] - index = getWindowIndex(): Current window's index is: 1

2021-11-18 11:26:07 - [MESSAGE][INFO] - Getting current window's index

2021-11-18 11:26:07 - [MESSAGE][PASSED] - Current window's index is: 1

2021-11-18 11:26:07 - [TEST_STEP][PASSED] - closeWindowIndex(index): Window with index 1 is closed

2021-11-18 11:26:07 - [MESSAGE][INFO] - Checking index

2021-11-18 11:26:07 - [MESSAGE][INFO] - Closing window with index 1

2021-11-18 11:26:07 - [MESSAGE][PASSED] - Window with index 1 is closed

2021-11-18 11:26:07 - [TEST_STEP][PASSED] - switchToWindowIndex(0): Switched to window with index: '0'

2021-11-18 11:26:07 - [MESSAGE][INFO] - Checking index

2021-11-18 11:26:07 - [MESSAGE][INFO] - Switching window with index: '0'

2021-11-18 11:26:07 - [MESSAGE][PASSED] - Switched to window with index: '0'

2021-11-18 11:26:07 - [MESSAGE][PASSED] - Call Test Case 'Test Cases/Sekmeler/Ana_Sekmeye_Gec' successfully

2021-11-18 11:26:07 - [MESSAGE][INFO] - Checking called Test Case

2021-11-18 11:26:07 - [MESSAGE][INFO] - Starting to call Test Case 'Test Cases/Butonlar/ButonaTikla'

2021-11-18 11:26:07 - [TEST_CASE][PASSED] - Test Cases/Butonlar/ButonaTikla: Test Cases/Butonlar/ButonaTikla

2021-11-18 11:26:07 - [TEST_STEP][PASSED] - Method.TextDegerineEsitElementeTiklaEquals(findTestObject("Butonlar/Butonlar"), Buton_Adi): Method.TextDegerineEsitElementeTiklaEquals is PASSED

2021-11-18 11:26:07 - [MESSAGE][INFO] - Finding Test Object 'Object Repository/Butonlar/Butonlar'

2021-11-18 11:26:07 - [MESSAGE][INFO] - Checking timeout

2021-11-18 11:26:07 - [MESSAGE][INFO] - Finding web element with id: 'Object Repository/Butonlar/Butonlar' located by 'By.cssSelector: .panel.panel-default.text-center.footerPanel .btn,.btn.btn-primary.btnControls' in '10' second(s)

2021-11-18 11:26:07 - [MESSAGE][INFO] - Smart Wait Function is triggered

2021-11-18 11:26:08 - [MESSAGE][INFO] - Found 12 web elements with id: 'Object Repository/Butonlar/Butonlar' located by 'By.cssSelector: .panel.panel-default.text-center.footerPanel .btn,.btn.btn-primary.btnControls' in '10' second(s)

2021-11-18 11:26:08 - [MESSAGE][PASSED] - Method.TextDegerineEsitElementeTiklaEquals is PASSED

2021-11-18 11:26:08 - [MESSAGE][PASSED] - Call Test Case 'Test Cases/Butonlar/ButonaTikla' successfully

2021-11-18 11:26:08 - [MESSAGE][INFO] - Checking called Test Case

2021-11-18 11:26:08 - [MESSAGE][INFO] - Starting to call Test Case 'Test Cases/Butonlar/AltButonaTikla'

2021-11-18 11:26:08 - [TEST_CASE][PASSED] - Test Cases/Butonlar/AltButonaTikla: Test Cases/Butonlar/AltButonaTikla

2021-11-18 11:26:08 - [TEST_STEP][PASSED] - Method.TextDegerineEsitElementeTikla(findTestObject("Butonlar/AltButonlar"), Alt_Buton): Method.TextDegerineEsitElementeTikla is PASSED

2021-11-18 11:26:08 - [MESSAGE][INFO] - Finding Test Object 'Object Repository/Butonlar/AltButonlar'

2021-11-18 11:26:08 - [MESSAGE][INFO] - Checking timeout

2021-11-18 11:26:08 - [MESSAGE][INFO] - Finding web element with id: 'Object Repository/Butonlar/AltButonlar' located by 'By.cssSelector: .btn-group.open li>a' in '10' second(s)

2021-11-18 11:26:08 - [MESSAGE][INFO] - Smart Wait Function is triggered

2021-11-18 11:26:08 - [MESSAGE][INFO] - Found 2 web elements with id: 'Object Repository/Butonlar/AltButonlar' located by 'By.cssSelector: .btn-group.open li>a' in '10' second(s)

2021-11-18 11:26:08 - [MESSAGE][PASSED] - Method.TextDegerineEsitElementeTikla is PASSED

2021-11-18 11:26:08 - [MESSAGE][PASSED] - Call Test Case 'Test Cases/Butonlar/AltButonaTikla' successfully

2021-11-18 11:26:08 - [MESSAGE][INFO] - Checking called Test Case

2021-11-18 11:26:08 - [MESSAGE][INFO] - Starting to call Test Case 'Test Cases/Butonlar/DosyaIndirildiMi'

2021-11-18 11:26:08 - [TEST_CASE][PASSED] - Test Cases/Butonlar/DosyaIndirildiMi: Test Cases/Butonlar/DosyaIndirildiMi

2021-11-18 11:26:08 - [TEST_STEP][PASSED] - Method.isimliDosyaIndirildiMi(DownloadFile, FileName): Method.isimliDosyaIndirildiMi is PASSED

2021-11-18 11:26:08 - [MESSAGE][INFO] - Delaying browser in 3 second(s)

2021-11-18 11:26:11 - [MESSAGE][PASSED] - Delayed 3 second(s)

2021-11-18 11:26:11 - [MESSAGE][PASSED] - Method.isimliDosyaIndirildiMi is PASSED

2021-11-18 11:26:11 - [MESSAGE][PASSED] - Call Test Case 'Test Cases/Butonlar/DosyaIndirildiMi' successfully

2021-11-18 11:26:11 - [MESSAGE][INFO] - Checking called Test Case

2021-11-18 11:26:11 - [MESSAGE][INFO] - Starting to call Test Case 'Test Cases/Kullanici_Islemleri/KullaniciIslemlerindenSecimYapilir'

2021-11-18 11:26:11 - [TEST_CASE][PASSED] - Test Cases/Kullanici_Islemleri/KullaniciIslemlerindenSecimYapilir: Test Cases/Kullanici_Islemleri/KullaniciIslemlerindenSecimYapilir

2021-11-18 11:26:11 - [TEST_STEP][PASSED] - waitForElementClickable(findTestObject("Object Repository/Kullanici_Islemleri/KullaniciIslemleri"), 10): Object 'Object Repository/Kullanici_Islemleri/KullaniciIslemleri' is clickable

2021-11-18 11:26:11 - [MESSAGE][INFO] - Finding Test Object 'Object Repository/Kullanici_Islemleri/KullaniciIslemleri'

2021-11-18 11:26:11 - [MESSAGE][INFO] - Checking object

2021-11-18 11:26:11 - [MESSAGE][INFO] - Checking timeout

2021-11-18 11:26:11 - [MESSAGE][INFO] - Finding web element from Test Object's properties

2021-11-18 11:26:11 - [MESSAGE][INFO] - Checking timeout

2021-11-18 11:26:11 - [MESSAGE][INFO] - Finding web element with id: 'Object Repository/Kullanici_Islemleri/KullaniciIslemleri' located by 'By.cssSelector: .dropdown>a>img' in '10' second(s)

2021-11-18 11:26:11 - [MESSAGE][INFO] - Smart Wait Function is triggered

2021-11-18 11:26:12 - [MESSAGE][INFO] - Found 1 web elements with id: 'Object Repository/Kullanici_Islemleri/KullaniciIslemleri' located by 'By.cssSelector: .dropdown>a>img' in '10' second(s)

2021-11-18 11:26:12 - [MESSAGE][PASSED] - Object 'Object Repository/Kullanici_Islemleri/KullaniciIslemleri' is clickable

2021-11-18 11:26:12 - [TEST_STEP][PASSED] - click(findTestObject("Object Repository/Kullanici_Islemleri/KullaniciIslemleri")): Object: 'Object Repository/Kullanici_Islemleri/KullaniciIslemleri' is clicked on

2021-11-18 11:26:12 - [MESSAGE][INFO] - Finding Test Object 'Object Repository/Kullanici_Islemleri/KullaniciIslemleri'

2021-11-18 11:26:12 - [MESSAGE][INFO] - Checking object

2021-11-18 11:26:12 - [MESSAGE][INFO] - Finding web element from Test Object's properties

2021-11-18 11:26:12 - [MESSAGE][INFO] - Checking timeout

2021-11-18 11:26:12 - [MESSAGE][INFO] - Finding web element with id: 'Object Repository/Kullanici_Islemleri/KullaniciIslemleri' located by 'By.cssSelector: .dropdown>a>img' in '30' second(s)

2021-11-18 11:26:12 - [MESSAGE][INFO] - Smart Wait Function is triggered

2021-11-18 11:26:12 - [MESSAGE][INFO] - Found 1 web elements with id: 'Object Repository/Kullanici_Islemleri/KullaniciIslemleri' located by 'By.cssSelector: .dropdown>a>img' in '30' second(s)

2021-11-18 11:26:12 - [MESSAGE][INFO] - Clicking on object: 'Object Repository/Kullanici_Islemleri/KullaniciIslemleri'

2021-11-18 11:26:12 - [MESSAGE][PASSED] - Object: 'Object Repository/Kullanici_Islemleri/KullaniciIslemleri' is clicked on

2021-11-18 11:26:12 - [TEST_STEP][PASSED] - Method.TextDegerineEsitElementeTikla(findTestObject("Object Repository/Kullanici_Islemleri/Secenekler"), Islem): Method.TextDegerineEsitElementeTikla is PASSED

2021-11-18 11:26:12 - [MESSAGE][INFO] - Finding Test Object 'Object Repository/Kullanici_Islemleri/Secenekler'

2021-11-18 11:26:12 - [MESSAGE][INFO] - Checking timeout

2021-11-18 11:26:12 - [MESSAGE][INFO] - Finding web element with id: 'Object Repository/Kullanici_Islemleri/Secenekler' located by 'By.cssSelector: .nav.navbar-nav.navbar-right li a' in '10' second(s)

2021-11-18 11:26:12 - [MESSAGE][INFO] - Smart Wait Function is triggered

2021-11-18 11:26:13 - [MESSAGE][INFO] - Found 22 web elements with id: 'Object Repository/Kullanici_Islemleri/Secenekler' located by 'By.cssSelector: .nav.navbar-nav.navbar-right li a' in '10' second(s)

2021-11-18 11:26:14 - [MESSAGE][PASSED] - Method.TextDegerineEsitElementeTikla is PASSED

2021-11-18 11:26:14 - [TEST_STEP][PASSED] - verifyElementNotPresent(findTestObject("Object Repository/Kullanici_Islemleri/Secenekler"), 10): Web element with id: 'Object Repository/Kullanici_Islemleri/Secenekler' located by 'By.cssSelector: .nav.navbar-nav.navbar-right li a' is not present after '10' second(s)

2021-11-18 11:26:14 - [MESSAGE][INFO] - Finding Test Object 'Object Repository/Kullanici_Islemleri/Secenekler'

2021-11-18 11:26:14 - [MESSAGE][INFO] - Checking object

2021-11-18 11:26:14 - [MESSAGE][INFO] - Checking timeout

2021-11-18 11:26:14 - [MESSAGE][INFO] - Finding web element with id: 'Object Repository/Kullanici_Islemleri/Secenekler' located by 'By.cssSelector: .nav.navbar-nav.navbar-right li a' in '10' second(s)

2021-11-18 11:26:14 - [MESSAGE][INFO] - Smart Wait Function is triggered

2021-11-18 11:26:14 - [MESSAGE][PASSED] - Web element with id: 'Object Repository/Kullanici_Islemleri/Secenekler' located by 'By.cssSelector: .nav.navbar-nav.navbar-right li a' is not present after '10' second(s)

2021-11-18 11:26:14 - [MESSAGE][PASSED] - Call Test Case 'Test Cases/Kullanici_Islemleri/KullaniciIslemlerindenSecimYapilir' successfully

2021-11-18 11:26:14 - [TEST_CASE][PASSED] - Start Test Case : SCENARIO e-Irsaliye Gelen Kutusu Erisim Kontrol: SCENARIO e-Irsaliye Gelen Kutusu Erisim Kontrol

2021-11-18 11:26:14 - [TEST_STEP][PASSED] - Kullanıcı adı ELOGO6 ve Şifre 123456 olarak giriş yapılır: Kullanıcı adı ELOGO6 ve Şifre 123456 olarak giriş yapılır

2021-11-18 11:26:14 - [MESSAGE][PASSED] - Kullanıcı adı ELOGO6 ve Şifre 123456 olarak giriş yapılır

2021-11-18 11:26:14 - [TEST_STEP][PASSED] - Ana menüden e-İrsaliye seçilir: Ana menüden e-İrsaliye seçilir

2021-11-18 11:26:14 - [MESSAGE][PASSED] - Ana menüden e-İrsaliye seçilir

2021-11-18 11:26:14 - [TEST_STEP][PASSED] - Alt menü Gelen Kutusu başlığı altındaki İrsaliyeler seçilir: Alt menü Gelen Kutusu başlığı altındaki İrsaliyeler seçilir

2021-11-18 11:26:14 - [MESSAGE][PASSED] - Alt menü Gelen Kutusu başlığı altındaki İrsaliyeler seçilir

2021-11-18 11:26:14 - [TEST_STEP][PASSED] - Filtrelerden Oluşturma Tarihi filtresine 01.12.2020 baslangic degerini yaz: Filtrelerden Oluşturma Tarihi filtresine 01.12.2020 baslangic degerini yaz

2021-11-18 11:26:14 - [MESSAGE][PASSED] - Filtrelerden Oluşturma Tarihi filtresine 01.12.2020 baslangic degerini yaz

2021-11-18 11:26:14 - [TEST_STEP][PASSED] - Filtrelerden Oluşturma Tarihi filtresine 31.12.2020 bitis degerini yaz: Filtrelerden Oluşturma Tarihi filtresine 31.12.2020 bitis degerini yaz

2021-11-18 11:26:14 - [MESSAGE][PASSED] - Filtrelerden Oluşturma Tarihi filtresine 31.12.2020 bitis degerini yaz

2021-11-18 11:26:14 - [TEST_STEP][PASSED] - Filtre butonlarından Listele seçilir: Filtre butonlarından Listele seçilir

2021-11-18 11:26:14 - [MESSAGE][PASSED] - Filtre butonlarından Listele seçilir

2021-11-18 11:26:14 - [TEST_STEP][PASSED] - Tabloda veri var mı kontrol edilir: Tabloda veri var mı kontrol edilir

2021-11-18 11:26:14 - [MESSAGE][PASSED] - Tabloda veri var mı kontrol edilir

2021-11-18 11:26:14 - [TEST_STEP][PASSED] - Tablodan Logo Elektronik GIB Test isimli veri seçilir: Tablodan Logo Elektronik GIB Test isimli veri seçilir

2021-11-18 11:26:14 - [MESSAGE][PASSED] - Tablodan Logo Elektronik GIB Test isimli veri seçilir

2021-11-18 11:26:14 - [TEST_STEP][PASSED] - Butonlardan UBL isimli butona tıklanır: Butonlardan UBL isimli butona tıklanır

2021-11-18 11:26:14 - [MESSAGE][PASSED] - Butonlardan UBL isimli butona tıklanır

2021-11-18 11:26:14 - [TEST_STEP][PASSED] - Alt butonlardan Göster butonuna tıklanır: Alt butonlardan Göster butonuna tıklanır

2021-11-18 11:26:14 - [MESSAGE][PASSED] - Alt butonlardan Göster butonuna tıklanır

2021-11-18 11:26:14 - [TEST_STEP][PASSED] - Yeni açılan sekmeye geçilir: Yeni açılan sekmeye geçilir

2021-11-18 11:26:14 - [MESSAGE][PASSED] - Yeni açılan sekmeye geçilir

2021-11-18 11:26:14 - [TEST_STEP][PASSED] - DespatchAdvice tagli ubl geldi mi: DespatchAdvice tagli ubl geldi mi

2021-11-18 11:26:14 - [MESSAGE][PASSED] - DespatchAdvice tagli ubl geldi mi

2021-11-18 11:26:14 - [TEST_STEP][PASSED] - Ana sekmeye geçilir: Ana sekmeye geçilir

2021-11-18 11:26:14 - [MESSAGE][PASSED] - Ana sekmeye geçilir

2021-11-18 11:26:14 - [TEST_STEP][PASSED] - Butonlardan UBL isimli butona tıklanır: Butonlardan UBL isimli butona tıklanır

2021-11-18 11:26:14 - [MESSAGE][PASSED] - Butonlardan UBL isimli butona tıklanır

2021-11-18 11:26:14 - [TEST_STEP][PASSED] - Alt butonlardan İndir butonuna tıklanır: Alt butonlardan İndir butonuna tıklanır

2021-11-18 11:26:14 - [MESSAGE][PASSED] - Alt butonlardan İndir butonuna tıklanır

2021-11-18 11:26:14 - [TEST_STEP][PASSED] - Ön eki Invoice olan dosya indirildi mi: Ön eki Invoice olan dosya indirildi mi

2021-11-18 11:26:14 - [MESSAGE][PASSED] - Ön eki Invoice olan dosya indirildi mi

2021-11-18 11:26:14 - [TEST_STEP][PASSED] - Kullanıcı işlemlerinden Çıkış seçilir: Kullanıcı işlemlerinden Çıkış seçilir

2021-11-18 11:26:14 - [MESSAGE][PASSED] - Kullanıcı işlemlerinden Çıkış seçilir

2021-11-18 11:26:14 - [MESSAGE][PASSED] - Feature file: 'Include/features/e-Irsaliye/Gelen Kutusu/Irsaliyeler/UBL-Goster-Indir.feature' was passed

2021-11-18 11:26:14 - [TEST_STEP][PASSED] - Start listener action : sampleAfterTestSuite: Invoke 'com.kms.katalon.core.annotation.AfterTestCase' method: 'Listener.sampleAfterTestSuite(...)' completed.

2021-11-18 11:26:14 - [MESSAGE][INFO] - Starting invoke 'com.kms.katalon.core.annotation.AfterTestCase' method: 'Listener.sampleAfterTestSuite(...)'

2021-11-18 11:26:14 - [TEST_STEP][PASSED] - closeBrowser(): Invoke 'com.kms.katalon.core.annotation.AfterTestCase' method: 'Listener.sampleAfterTestSuite(...)' completed.

2021-11-18 11:26:14 - [MESSAGE][INFO] - Closing browser

2021-11-18 11:26:15 - [MESSAGE][PASSED] - Browser is closed

2021-11-18 11:26:15 - [MESSAGE][INFO] - Invoke 'com.kms.katalon.core.annotation.AfterTestCase' method: 'Listener.sampleAfterTestSuite(...)' completed.]]></system-out>
         <system-err><![CDATA[]]></system-err>
      </testcase>
      <testcase name="Test Cases/Case Repository/e-Irsaliye/Gelen Kutusu/Irsaliyeler/PDF Goster-Indir" time="45.132" classname="Test Cases/Case Repository/e-Irsaliye/Gelen Kutusu/Irsaliyeler/PDF Goster-Indir" status="PASSED">
         <system-out><![CDATA[2021-11-18 11:26:15 - [TEST_CASE][PASSED] - Test Cases/Case Repository/e-Irsaliye/Gelen Kutusu/Irsaliyeler/PDF Goster-Indir: Test Cases/Case Repository/e-Irsaliye/Gelen Kutusu/Irsaliyeler/PDF Goster-Indir

2021-11-18 11:26:15 - [TEST_STEP][PASSED] - Start listener action : sampleBeforeTestSuite: Invoke 'com.kms.katalon.core.annotation.BeforeTestCase' method: 'Listener.sampleBeforeTestSuite(...)' completed.

2021-11-18 11:26:15 - [MESSAGE][INFO] - Starting invoke 'com.kms.katalon.core.annotation.BeforeTestCase' method: 'Listener.sampleBeforeTestSuite(...)'

2021-11-18 11:26:15 - [TEST_STEP][PASSED] - openBrowser(baseUrl): Browser is opened with url: 'https://efatura-stage.elogo.com.tr/'

2021-11-18 11:26:15 - [MESSAGE][INFO] - Opening browser

2021-11-18 11:26:15 - [MESSAGE][INFO] - Starting 'Chrome' driver

2021-11-18 11:26:15 - [MESSAGE][INFO] - User set preference: ['prefs', '{download.default_directory=C:\otomasyondownfiles}']

2021-11-18 11:26:15 - [MESSAGE][INFO] - Action delay is set to 0 milliseconds

2021-11-18 11:26:16 - [MESSAGE][INFO] - Navigating browser to: 'https://efatura-stage.elogo.com.tr/'

2021-11-18 11:26:19 - [MESSAGE][PASSED] - Browser is opened with url: 'https://efatura-stage.elogo.com.tr/'

2021-11-18 11:26:19 - [TEST_STEP][PASSED] - maximizeWindow(): Invoke 'com.kms.katalon.core.annotation.BeforeTestCase' method: 'Listener.sampleBeforeTestSuite(...)' completed.

2021-11-18 11:26:19 - [MESSAGE][INFO] - Maximizing current window

2021-11-18 11:26:19 - [MESSAGE][PASSED] - Current window maximized

2021-11-18 11:26:19 - [MESSAGE][INFO] - Invoke 'com.kms.katalon.core.annotation.BeforeTestCase' method: 'Listener.sampleBeforeTestSuite(...)' completed.

2021-11-18 11:26:19 - [TEST_STEP][PASSED] - runFeatureFile("Include/features/e-Irsaliye/Gelen Kutusu/Irsaliyeler/PDF Goster-Indir.feature"): Feature file: 'Include/features/e-Irsaliye/Gelen Kutusu/Irsaliyeler/PDF Goster-Indir.feature' was passed

2021-11-18 11:26:19 - [MESSAGE][INFO] - Starting run keyword runFeatureFile: 'Include/features/e-Irsaliye/Gelen Kutusu/Irsaliyeler/PDF Goster-Indir.feature' and extract report to folder: 'C:\Users\DELL\Documents\GitHub\EES_KatalonLogo\Reports\20211118_110909\Suite Repository\e-Irsaliye\20211118_110920/cucumber_report/1637223979837'...

2021-11-18 11:26:19 - [MESSAGE][INFO] - Glue: []

2021-11-18 11:26:21 - [MESSAGE][INFO] - Checking called Test Case

2021-11-18 11:26:21 - [MESSAGE][INFO] - Starting to call Test Case 'Test Cases/Sayfalar/Giris_Sayfasi/Login'

2021-11-18 11:26:21 - [TEST_CASE][PASSED] - Test Cases/Sayfalar/Giris_Sayfasi/Login: Test Cases/Sayfalar/Giris_Sayfasi/Login

2021-11-18 11:26:21 - [TEST_STEP][PASSED] - Sayfa_Basligi = getWindowTitle(): Current window's title is: 'LOGO e-Fatura'

2021-11-18 11:26:21 - [MESSAGE][INFO] - Getting current window's title

2021-11-18 11:26:21 - [MESSAGE][PASSED] - Current window's title is: 'LOGO e-Fatura'

2021-11-18 11:26:21 - [TEST_STEP][PASSED] - verifyMatch(Sayfa_Basligi, "LOGO e-Fatura", false): Actual text 'LOGO e-Fatura' and expected text 'LOGO e-Fatura' are matched 

2021-11-18 11:26:21 - [MESSAGE][INFO] - Matching actual text 'LOGO e-Fatura' with expected text 'LOGO e-Fatura'

2021-11-18 11:26:21 - [MESSAGE][PASSED] - Actual text 'LOGO e-Fatura' and expected text 'LOGO e-Fatura' are matched 

2021-11-18 11:26:21 - [TEST_STEP][PASSED] - sendKeys(findTestObject("Sayfalar/Giris_Sayfasi/Firma_Kodu"), KullaniciAdi): Keys 'ELOGO6' sent to object: 'Object Repository/Sayfalar/Giris_Sayfasi/Firma_Kodu'

2021-11-18 11:26:21 - [MESSAGE][INFO] - Finding Test Object 'Object Repository/Sayfalar/Giris_Sayfasi/Firma_Kodu'

2021-11-18 11:26:21 - [MESSAGE][INFO] - Sending keys 'ELOGO6' to object: 'Object Repository/Sayfalar/Giris_Sayfasi/Firma_Kodu'

2021-11-18 11:26:21 - [MESSAGE][INFO] - Finding web element from Test Object's properties

2021-11-18 11:26:21 - [MESSAGE][INFO] - Checking timeout

2021-11-18 11:26:21 - [MESSAGE][INFO] - Finding web element with id: 'Object Repository/Sayfalar/Giris_Sayfasi/Firma_Kodu' located by 'By.xpath: //*[@id = 'AccountName']' in '30' second(s)

2021-11-18 11:26:21 - [MESSAGE][INFO] - Smart Wait Function is triggered

2021-11-18 11:26:22 - [MESSAGE][INFO] - Found 1 web elements with id: 'Object Repository/Sayfalar/Giris_Sayfasi/Firma_Kodu' located by 'By.xpath: //*[@id = 'AccountName']' in '30' second(s)

2021-11-18 11:26:22 - [MESSAGE][PASSED] - Keys 'ELOGO6' sent to object: 'Object Repository/Sayfalar/Giris_Sayfasi/Firma_Kodu'

2021-11-18 11:26:22 - [TEST_STEP][PASSED] - sendKeys(findTestObject("Sayfalar/Giris_Sayfasi/Sifre"), Sifre): Keys '123456' sent to object: 'Object Repository/Sayfalar/Giris_Sayfasi/Sifre'

2021-11-18 11:26:22 - [MESSAGE][INFO] - Finding Test Object 'Object Repository/Sayfalar/Giris_Sayfasi/Sifre'

2021-11-18 11:26:22 - [MESSAGE][INFO] - Sending keys '123456' to object: 'Object Repository/Sayfalar/Giris_Sayfasi/Sifre'

2021-11-18 11:26:22 - [MESSAGE][INFO] - Finding web element from Test Object's properties

2021-11-18 11:26:22 - [MESSAGE][INFO] - Checking timeout

2021-11-18 11:26:22 - [MESSAGE][INFO] - Finding web element with id: 'Object Repository/Sayfalar/Giris_Sayfasi/Sifre' located by 'By.xpath: //*[@id = 'Password']' in '30' second(s)

2021-11-18 11:26:22 - [MESSAGE][INFO] - Smart Wait Function is triggered

2021-11-18 11:26:22 - [MESSAGE][INFO] - Found 1 web elements with id: 'Object Repository/Sayfalar/Giris_Sayfasi/Sifre' located by 'By.xpath: //*[@id = 'Password']' in '30' second(s)

2021-11-18 11:26:22 - [MESSAGE][PASSED] - Keys '123456' sent to object: 'Object Repository/Sayfalar/Giris_Sayfasi/Sifre'

2021-11-18 11:26:22 - [TEST_STEP][PASSED] - findWebElement(findTestObject("Sayfalar/Giris_Sayfasi/Giris_Butonu")).click(): Found 1 web elements with id: 'Object Repository/Sayfalar/Giris_Sayfasi/Giris_Butonu' located by 'By.cssSelector: #btnLogin' in '30' second(s)

2021-11-18 11:26:22 - [MESSAGE][INFO] - Finding Test Object 'Object Repository/Sayfalar/Giris_Sayfasi/Giris_Butonu'

2021-11-18 11:26:22 - [MESSAGE][INFO] - Finding web element from Test Object's properties

2021-11-18 11:26:22 - [MESSAGE][INFO] - Checking timeout

2021-11-18 11:26:22 - [MESSAGE][INFO] - Finding web element with id: 'Object Repository/Sayfalar/Giris_Sayfasi/Giris_Butonu' located by 'By.cssSelector: #btnLogin' in '30' second(s)

2021-11-18 11:26:22 - [MESSAGE][INFO] - Smart Wait Function is triggered

2021-11-18 11:26:23 - [MESSAGE][INFO] - Found 1 web elements with id: 'Object Repository/Sayfalar/Giris_Sayfasi/Giris_Butonu' located by 'By.cssSelector: #btnLogin' in '30' second(s)

2021-11-18 11:26:26 - [TEST_STEP][PASSED] - if (verifyElementPresent(findTestObject("Object Repository/Sayfalar/Giris_Sayfasi/RetveTamam_Butonu"), 5, OPTIONAL)): null

2021-11-18 11:26:26 - [MESSAGE][INFO] - Finding Test Object 'Object Repository/Sayfalar/Giris_Sayfasi/RetveTamam_Butonu'

2021-11-18 11:26:27 - [MESSAGE][INFO] - Checking object

2021-11-18 11:26:27 - [MESSAGE][INFO] - Finding web element from Test Object's properties

2021-11-18 11:26:27 - [MESSAGE][INFO] - Checking timeout

2021-11-18 11:26:27 - [MESSAGE][INFO] - Finding web element with id: 'Object Repository/Sayfalar/Giris_Sayfasi/RetveTamam_Butonu' located by 'By.xpath: //*[@class = 'btn btn-default']' in '5' second(s)

2021-11-18 11:26:27 - [MESSAGE][INFO] - Smart Wait Function is triggered

2021-11-18 11:26:27 - [MESSAGE][INFO] - Found 1 web elements with id: 'Object Repository/Sayfalar/Giris_Sayfasi/RetveTamam_Butonu' located by 'By.xpath: //*[@class = 'btn btn-default']' in '5' second(s)

2021-11-18 11:26:27 - [MESSAGE][PASSED] - Object 'Object Repository/Sayfalar/Giris_Sayfasi/RetveTamam_Butonu' is present

2021-11-18 11:26:27 - [TEST_STEP][PASSED] - click(findTestObject("Object Repository/Sayfalar/Giris_Sayfasi/RetveTamam_Butonu")): Object: 'Object Repository/Sayfalar/Giris_Sayfasi/RetveTamam_Butonu' is clicked on

2021-11-18 11:26:27 - [MESSAGE][INFO] - Finding Test Object 'Object Repository/Sayfalar/Giris_Sayfasi/RetveTamam_Butonu'

2021-11-18 11:26:27 - [MESSAGE][INFO] - Checking object

2021-11-18 11:26:27 - [MESSAGE][INFO] - Finding web element from Test Object's properties

2021-11-18 11:26:27 - [MESSAGE][INFO] - Checking timeout

2021-11-18 11:26:27 - [MESSAGE][INFO] - Finding web element with id: 'Object Repository/Sayfalar/Giris_Sayfasi/RetveTamam_Butonu' located by 'By.xpath: //*[@class = 'btn btn-default']' in '30' second(s)

2021-11-18 11:26:27 - [MESSAGE][INFO] - Smart Wait Function is triggered

2021-11-18 11:26:27 - [MESSAGE][INFO] - Found 1 web elements with id: 'Object Repository/Sayfalar/Giris_Sayfasi/RetveTamam_Butonu' located by 'By.xpath: //*[@class = 'btn btn-default']' in '30' second(s)

2021-11-18 11:26:27 - [MESSAGE][INFO] - Clicking on object: 'Object Repository/Sayfalar/Giris_Sayfasi/RetveTamam_Butonu'

2021-11-18 11:26:27 - [MESSAGE][PASSED] - Object: 'Object Repository/Sayfalar/Giris_Sayfasi/RetveTamam_Butonu' is clicked on

2021-11-18 11:26:27 - [TEST_STEP][PASSED] - click(findTestObject("Object Repository/Sayfalar/Giris_Sayfasi/RetveTamam_Butonu")): Object: 'Object Repository/Sayfalar/Giris_Sayfasi/RetveTamam_Butonu' is clicked on

2021-11-18 11:26:27 - [MESSAGE][INFO] - Finding Test Object 'Object Repository/Sayfalar/Giris_Sayfasi/RetveTamam_Butonu'

2021-11-18 11:26:28 - [MESSAGE][INFO] - Checking object

2021-11-18 11:26:28 - [MESSAGE][INFO] - Finding web element from Test Object's properties

2021-11-18 11:26:28 - [MESSAGE][INFO] - Checking timeout

2021-11-18 11:26:28 - [MESSAGE][INFO] - Finding web element with id: 'Object Repository/Sayfalar/Giris_Sayfasi/RetveTamam_Butonu' located by 'By.xpath: //*[@class = 'btn btn-default']' in '30' second(s)

2021-11-18 11:26:28 - [MESSAGE][INFO] - Smart Wait Function is triggered

2021-11-18 11:26:34 - [MESSAGE][INFO] - Found 1 web elements with id: 'Object Repository/Sayfalar/Giris_Sayfasi/RetveTamam_Butonu' located by 'By.xpath: //*[@class = 'btn btn-default']' in '30' second(s)

2021-11-18 11:26:34 - [MESSAGE][INFO] - Clicking on object: 'Object Repository/Sayfalar/Giris_Sayfasi/RetveTamam_Butonu'

2021-11-18 11:26:34 - [MESSAGE][PASSED] - Object: 'Object Repository/Sayfalar/Giris_Sayfasi/RetveTamam_Butonu' is clicked on

2021-11-18 11:26:34 - [TEST_STEP][PASSED] - if (verifyElementPresent(findTestObject("Sayfalar/Giris_Sayfasi/PopupOK"), 5, OPTIONAL)): null

2021-11-18 11:26:34 - [MESSAGE][INFO] - Finding Test Object 'Object Repository/Sayfalar/Giris_Sayfasi/PopupOK'

2021-11-18 11:26:34 - [MESSAGE][INFO] - Checking object

2021-11-18 11:26:34 - [MESSAGE][INFO] - Finding web element from Test Object's properties

2021-11-18 11:26:34 - [MESSAGE][INFO] - Checking timeout

2021-11-18 11:26:34 - [MESSAGE][INFO] - Finding web element with id: 'Object Repository/Sayfalar/Giris_Sayfasi/PopupOK' located by 'By.cssSelector: .btn.btn-success' in '5' second(s)

2021-11-18 11:26:34 - [MESSAGE][INFO] - Smart Wait Function is triggered

2021-11-18 11:26:35 - [MESSAGE][INFO] - Found 1 web elements with id: 'Object Repository/Sayfalar/Giris_Sayfasi/PopupOK' located by 'By.cssSelector: .btn.btn-success' in '5' second(s)

2021-11-18 11:26:35 - [MESSAGE][PASSED] - Object 'Object Repository/Sayfalar/Giris_Sayfasi/PopupOK' is present

2021-11-18 11:26:35 - [TEST_STEP][PASSED] - click(findTestObject("Object Repository/Sayfalar/Giris_Sayfasi/PopupCarpiGiris")): Object: 'Object Repository/Sayfalar/Giris_Sayfasi/PopupCarpiGiris' is clicked on

2021-11-18 11:26:35 - [MESSAGE][INFO] - Finding Test Object 'Object Repository/Sayfalar/Giris_Sayfasi/PopupCarpiGiris'

2021-11-18 11:26:35 - [MESSAGE][INFO] - Checking object

2021-11-18 11:26:35 - [MESSAGE][INFO] - Finding web element from Test Object's properties

2021-11-18 11:26:35 - [MESSAGE][INFO] - Checking timeout

2021-11-18 11:26:35 - [MESSAGE][INFO] - Finding web element with id: 'Object Repository/Sayfalar/Giris_Sayfasi/PopupCarpiGiris' located by 'By.cssSelector: .bootbox-close-button.close' in '30' second(s)

2021-11-18 11:26:35 - [MESSAGE][INFO] - Smart Wait Function is triggered

2021-11-18 11:26:35 - [MESSAGE][INFO] - Found 1 web elements with id: 'Object Repository/Sayfalar/Giris_Sayfasi/PopupCarpiGiris' located by 'By.cssSelector: .bootbox-close-button.close' in '30' second(s)

2021-11-18 11:26:35 - [MESSAGE][INFO] - Clicking on object: 'Object Repository/Sayfalar/Giris_Sayfasi/PopupCarpiGiris'

2021-11-18 11:26:36 - [MESSAGE][PASSED] - Object: 'Object Repository/Sayfalar/Giris_Sayfasi/PopupCarpiGiris' is clicked on

2021-11-18 11:26:36 - [TEST_STEP][PASSED] - verifyElementVisible(findTestObject("Object Repository/Kullanici_Islemleri/KullaniciIslemleri")): Object 'Object Repository/Kullanici_Islemleri/KullaniciIslemleri' is visible

2021-11-18 11:26:36 - [MESSAGE][INFO] - Finding Test Object 'Object Repository/Kullanici_Islemleri/KullaniciIslemleri'

2021-11-18 11:26:36 - [MESSAGE][INFO] - Checking object

2021-11-18 11:26:36 - [MESSAGE][INFO] - Finding web element from Test Object's properties

2021-11-18 11:26:36 - [MESSAGE][INFO] - Checking timeout

2021-11-18 11:26:36 - [MESSAGE][INFO] - Finding web element with id: 'Object Repository/Kullanici_Islemleri/KullaniciIslemleri' located by 'By.cssSelector: .dropdown>a>img' in '30' second(s)

2021-11-18 11:26:36 - [MESSAGE][INFO] - Smart Wait Function is triggered

2021-11-18 11:26:36 - [MESSAGE][INFO] - Found 1 web elements with id: 'Object Repository/Kullanici_Islemleri/KullaniciIslemleri' located by 'By.cssSelector: .dropdown>a>img' in '30' second(s)

2021-11-18 11:26:36 - [MESSAGE][PASSED] - Object 'Object Repository/Kullanici_Islemleri/KullaniciIslemleri' is visible

2021-11-18 11:26:36 - [MESSAGE][PASSED] - Call Test Case 'Test Cases/Sayfalar/Giris_Sayfasi/Login' successfully

2021-11-18 11:26:36 - [MESSAGE][INFO] - Checking called Test Case

2021-11-18 11:26:36 - [MESSAGE][INFO] - Starting to call Test Case 'Test Cases/Menu/AnaMenuSecimi'

2021-11-18 11:26:36 - [TEST_CASE][PASSED] - Test Cases/Menu/AnaMenuSecimi: Test Cases/Menu/AnaMenuSecimi

2021-11-18 11:26:36 - [TEST_STEP][PASSED] - Method.TextDegerineEsitElementeTikla(findTestObject("Menu/Ana_Menu"), Ana_Menu): Method.TextDegerineEsitElementeTikla is PASSED

2021-11-18 11:26:36 - [MESSAGE][INFO] - Finding Test Object 'Object Repository/Menu/Ana_Menu'

2021-11-18 11:26:37 - [MESSAGE][INFO] - Checking timeout

2021-11-18 11:26:37 - [MESSAGE][INFO] - Finding web element with id: 'Object Repository/Menu/Ana_Menu' located by 'By.xpath: //*[@class = 'dropdown-toggle']' in '10' second(s)

2021-11-18 11:26:37 - [MESSAGE][INFO] - Smart Wait Function is triggered

2021-11-18 11:26:37 - [MESSAGE][INFO] - Found 14 web elements with id: 'Object Repository/Menu/Ana_Menu' located by 'By.xpath: //*[@class = 'dropdown-toggle']' in '10' second(s)

2021-11-18 11:26:37 - [MESSAGE][PASSED] - Method.TextDegerineEsitElementeTikla is PASSED

2021-11-18 11:26:37 - [MESSAGE][PASSED] - Call Test Case 'Test Cases/Menu/AnaMenuSecimi' successfully

2021-11-18 11:26:37 - [MESSAGE][INFO] - Checking called Test Case

2021-11-18 11:26:37 - [MESSAGE][INFO] - Starting to call Test Case 'Test Cases/Menu/BasligaGoreAltMenuSecimi'

2021-11-18 11:26:37 - [TEST_CASE][PASSED] - Test Cases/Menu/BasligaGoreAltMenuSecimi: Test Cases/Menu/BasligaGoreAltMenuSecimi

2021-11-18 11:26:37 - [TEST_STEP][PASSED] - Method.TextDegerineEsitElementinAltindakiTextDegerineEsitOlanaTikla(findTestObject("Menu/Menu_Basligi"), findTestObject("Menu/Basliga_Gore_Alt_Menu"), Baslik, Alt_Menu): Method.TextDegerineEsitElementinAltindakiTextDegerineEsitOlanaTikla is PASSED

2021-11-18 11:26:37 - [MESSAGE][INFO] - Finding Test Object 'Object Repository/Menu/Menu_Basligi'

2021-11-18 11:26:37 - [MESSAGE][INFO] - Finding Test Object 'Object Repository/Menu/Basliga_Gore_Alt_Menu'

2021-11-18 11:26:37 - [MESSAGE][INFO] - Checking timeout

2021-11-18 11:26:37 - [MESSAGE][INFO] - Finding web element with id: 'Object Repository/Menu/Menu_Basligi' located by 'By.xpath: //li[@class='dropdown dropdown-large open']//li[@class='dropdown-header']' in '10' second(s)

2021-11-18 11:26:37 - [MESSAGE][INFO] - Smart Wait Function is triggered

2021-11-18 11:26:38 - [MESSAGE][INFO] - Found 3 web elements with id: 'Object Repository/Menu/Menu_Basligi' located by 'By.xpath: //li[@class='dropdown dropdown-large open']//li[@class='dropdown-header']' in '10' second(s)

2021-11-18 11:26:38 - [MESSAGE][INFO] - Smart Wait Function is triggered

2021-11-18 11:26:41 - [MESSAGE][PASSED] - Method.TextDegerineEsitElementinAltindakiTextDegerineEsitOlanaTikla is PASSED

2021-11-18 11:26:41 - [MESSAGE][PASSED] - Call Test Case 'Test Cases/Menu/BasligaGoreAltMenuSecimi' successfully

2021-11-18 11:26:41 - [MESSAGE][INFO] - Checking called Test Case

2021-11-18 11:26:41 - [MESSAGE][INFO] - Starting to call Test Case 'Test Cases/Filtreler/BaslangicYaz'

2021-11-18 11:26:41 - [TEST_CASE][PASSED] - Test Cases/Filtreler/BaslangicYaz: Test Cases/Filtreler/BaslangicYaz

2021-11-18 11:26:41 - [TEST_STEP][PASSED] - delay(3): Delayed 3 second(s)

2021-11-18 11:26:41 - [MESSAGE][INFO] - Delaying browser in 3 second(s)

2021-11-18 11:26:44 - [MESSAGE][PASSED] - Delayed 3 second(s)

2021-11-18 11:26:44 - [TEST_STEP][PASSED] - Method.TextDegerineEsitElementinAltindakineTikla(findTestObject("Filtreler/Basliklar"), findTestObject("Filtreler/Basliga_Gore_Baslangic_Image"), Filtre_Adi): Method.TextDegerineEsitElementinAltindakineTikla is PASSED

2021-11-18 11:26:44 - [MESSAGE][INFO] - Finding Test Object 'Object Repository/Filtreler/Basliklar'

2021-11-18 11:26:44 - [MESSAGE][INFO] - Finding Test Object 'Object Repository/Filtreler/Basliga_Gore_Baslangic_Image'

2021-11-18 11:26:44 - [MESSAGE][INFO] - Checking timeout

2021-11-18 11:26:44 - [MESSAGE][INFO] - Finding web element with id: 'Object Repository/Filtreler/Basliklar' located by 'By.cssSelector: .control-label.col-sm-4.paddingMarginRLC' in '10' second(s)

2021-11-18 11:26:44 - [MESSAGE][INFO] - Smart Wait Function is triggered

2021-11-18 11:26:44 - [MESSAGE][INFO] - Found 18 web elements with id: 'Object Repository/Filtreler/Basliklar' located by 'By.cssSelector: .control-label.col-sm-4.paddingMarginRLC' in '10' second(s)

2021-11-18 11:26:44 - [MESSAGE][INFO] - Smart Wait Function is triggered

2021-11-18 11:26:45 - [MESSAGE][PASSED] - Method.TextDegerineEsitElementinAltindakineTikla is PASSED

2021-11-18 11:26:45 - [TEST_STEP][PASSED] - Method.TextDegerineEsitElementinAltindakiTextboxtaYaz(findTestObject("Filtreler/Basliklar"), findTestObject("Filtreler/Basliga_Gore_Baslangic"), Filtre_Adi, Filtre_Degeri): Method.TextDegerineEsitElementinAltindakiTextboxtaYaz is PASSED

2021-11-18 11:26:45 - [MESSAGE][INFO] - Finding Test Object 'Object Repository/Filtreler/Basliklar'

2021-11-18 11:26:45 - [MESSAGE][INFO] - Finding Test Object 'Object Repository/Filtreler/Basliga_Gore_Baslangic'

2021-11-18 11:26:45 - [MESSAGE][INFO] - Checking timeout

2021-11-18 11:26:45 - [MESSAGE][INFO] - Finding web element with id: 'Object Repository/Filtreler/Basliklar' located by 'By.cssSelector: .control-label.col-sm-4.paddingMarginRLC' in '10' second(s)

2021-11-18 11:26:45 - [MESSAGE][INFO] - Smart Wait Function is triggered

2021-11-18 11:26:45 - [MESSAGE][INFO] - Found 18 web elements with id: 'Object Repository/Filtreler/Basliklar' located by 'By.cssSelector: .control-label.col-sm-4.paddingMarginRLC' in '10' second(s)

2021-11-18 11:26:45 - [MESSAGE][INFO] - Smart Wait Function is triggered

2021-11-18 11:26:46 - [MESSAGE][PASSED] - Method.TextDegerineEsitElementinAltindakiTextboxtaYaz is PASSED

2021-11-18 11:26:46 - [MESSAGE][PASSED] - Call Test Case 'Test Cases/Filtreler/BaslangicYaz' successfully

2021-11-18 11:26:46 - [MESSAGE][INFO] - Checking called Test Case

2021-11-18 11:26:46 - [MESSAGE][INFO] - Starting to call Test Case 'Test Cases/Filtreler/BitisYaz'

2021-11-18 11:26:46 - [TEST_CASE][PASSED] - Test Cases/Filtreler/BitisYaz: Test Cases/Filtreler/BitisYaz

2021-11-18 11:26:46 - [TEST_STEP][PASSED] - Method.TextDegerineEsitElementinAltindakineTikla(findTestObject("Filtreler/Basliklar"), findTestObject("Filtreler/Basliga_Gore_Bitis_Image"), Filtre_Adi): Method.TextDegerineEsitElementinAltindakineTikla is PASSED

2021-11-18 11:26:46 - [MESSAGE][INFO] - Finding Test Object 'Object Repository/Filtreler/Basliklar'

2021-11-18 11:26:46 - [MESSAGE][INFO] - Finding Test Object 'Object Repository/Filtreler/Basliga_Gore_Bitis_Image'

2021-11-18 11:26:46 - [MESSAGE][INFO] - Checking timeout

2021-11-18 11:26:46 - [MESSAGE][INFO] - Finding web element with id: 'Object Repository/Filtreler/Basliklar' located by 'By.cssSelector: .control-label.col-sm-4.paddingMarginRLC' in '10' second(s)

2021-11-18 11:26:46 - [MESSAGE][INFO] - Smart Wait Function is triggered

2021-11-18 11:26:46 - [MESSAGE][INFO] - Found 18 web elements with id: 'Object Repository/Filtreler/Basliklar' located by 'By.cssSelector: .control-label.col-sm-4.paddingMarginRLC' in '10' second(s)

2021-11-18 11:26:46 - [MESSAGE][INFO] - Smart Wait Function is triggered

2021-11-18 11:26:46 - [MESSAGE][PASSED] - Method.TextDegerineEsitElementinAltindakineTikla is PASSED

2021-11-18 11:26:46 - [TEST_STEP][PASSED] - Method.TextDegerineEsitElementinAltindakiTextboxtaYaz(findTestObject("Filtreler/Basliklar"), findTestObject("Object Repository/Filtreler/Basliga_Gore_Bitis"), Filtre_Adi, Filtre_Degeri): Method.TextDegerineEsitElementinAltindakiTextboxtaYaz is PASSED

2021-11-18 11:26:46 - [MESSAGE][INFO] - Finding Test Object 'Object Repository/Filtreler/Basliklar'

2021-11-18 11:26:46 - [MESSAGE][INFO] - Finding Test Object 'Object Repository/Filtreler/Basliga_Gore_Bitis'

2021-11-18 11:26:47 - [MESSAGE][INFO] - Checking timeout

2021-11-18 11:26:47 - [MESSAGE][INFO] - Finding web element with id: 'Object Repository/Filtreler/Basliklar' located by 'By.cssSelector: .control-label.col-sm-4.paddingMarginRLC' in '10' second(s)

2021-11-18 11:26:47 - [MESSAGE][INFO] - Smart Wait Function is triggered

2021-11-18 11:26:47 - [MESSAGE][INFO] - Found 18 web elements with id: 'Object Repository/Filtreler/Basliklar' located by 'By.cssSelector: .control-label.col-sm-4.paddingMarginRLC' in '10' second(s)

2021-11-18 11:26:47 - [MESSAGE][INFO] - Smart Wait Function is triggered

2021-11-18 11:26:47 - [MESSAGE][PASSED] - Method.TextDegerineEsitElementinAltindakiTextboxtaYaz is PASSED

2021-11-18 11:26:47 - [MESSAGE][PASSED] - Call Test Case 'Test Cases/Filtreler/BitisYaz' successfully

2021-11-18 11:26:47 - [MESSAGE][INFO] - Checking called Test Case

2021-11-18 11:26:47 - [MESSAGE][INFO] - Starting to call Test Case 'Test Cases/Filtreler/ButonaTikla'

2021-11-18 11:26:47 - [TEST_CASE][PASSED] - Test Cases/Filtreler/ButonaTikla: Test Cases/Filtreler/ButonaTikla

2021-11-18 11:26:47 - [TEST_STEP][PASSED] - Method.TextDegerineEsitElementeTikla(findTestObject("Filtreler/Butonlar"), Filtre_Buton): Method.TextDegerineEsitElementeTikla is PASSED

2021-11-18 11:26:47 - [MESSAGE][INFO] - Finding Test Object 'Object Repository/Filtreler/Butonlar'

2021-11-18 11:26:48 - [MESSAGE][INFO] - Checking timeout

2021-11-18 11:26:48 - [MESSAGE][INFO] - Finding web element with id: 'Object Repository/Filtreler/Butonlar' located by 'By.cssSelector: .dxb>span' in '10' second(s)

2021-11-18 11:26:48 - [MESSAGE][INFO] - Smart Wait Function is triggered

2021-11-18 11:26:48 - [MESSAGE][INFO] - Found 3 web elements with id: 'Object Repository/Filtreler/Butonlar' located by 'By.cssSelector: .dxb>span' in '10' second(s)

2021-11-18 11:26:48 - [MESSAGE][PASSED] - Method.TextDegerineEsitElementeTikla is PASSED

2021-11-18 11:26:48 - [MESSAGE][PASSED] - Call Test Case 'Test Cases/Filtreler/ButonaTikla' successfully

2021-11-18 11:26:48 - [MESSAGE][INFO] - Checking called Test Case

2021-11-18 11:26:48 - [MESSAGE][INFO] - Starting to call Test Case 'Test Cases/Tablo/TablodaVeriVarMi'

2021-11-18 11:26:48 - [TEST_CASE][PASSED] - Test Cases/Tablo/TablodaVeriVarMi: Test Cases/Tablo/TablodaVeriVarMi

2021-11-18 11:26:48 - [TEST_STEP][PASSED] - verifyTextNotPresent("Görüntülenecek veri yok", true): Text 'Görüntülenecek veri yok' is not present on page using regular expression

2021-11-18 11:26:48 - [MESSAGE][INFO] - Checking text present  using regular expression

2021-11-18 11:26:48 - [MESSAGE][INFO] - Smart Wait Function is triggered

2021-11-18 11:26:49 - [MESSAGE][INFO] - Finding text 'Görüntülenecek veri yok' on page  using regular expression

2021-11-18 11:26:49 - [MESSAGE][PASSED] - Text 'Görüntülenecek veri yok' is not present on page using regular expression

2021-11-18 11:26:49 - [MESSAGE][PASSED] - Call Test Case 'Test Cases/Tablo/TablodaVeriVarMi' successfully

2021-11-18 11:26:49 - [MESSAGE][INFO] - Checking called Test Case

2021-11-18 11:26:49 - [MESSAGE][INFO] - Starting to call Test Case 'Test Cases/Tablo/TablodanVeriSec'

2021-11-18 11:26:49 - [TEST_CASE][PASSED] - Test Cases/Tablo/TablodanVeriSec: Test Cases/Tablo/TablodanVeriSec

2021-11-18 11:26:49 - [TEST_STEP][PASSED] - Method.TextDegerineEsitElementinAltindakineTikla(findTestObject("Tablo/Veriler"), findTestObject("Tablo/VerininCheckBoxi"), Veri_Adi): Method.TextDegerineEsitElementinAltindakineTikla is PASSED

2021-11-18 11:26:49 - [MESSAGE][INFO] - Finding Test Object 'Object Repository/Tablo/Veriler'

2021-11-18 11:26:49 - [MESSAGE][INFO] - Finding Test Object 'Object Repository/Tablo/VerininCheckBoxi'

2021-11-18 11:26:49 - [MESSAGE][INFO] - Checking timeout

2021-11-18 11:26:49 - [MESSAGE][INFO] - Finding web element with id: 'Object Repository/Tablo/Veriler' located by 'By.cssSelector: td.dxgv b ,td.dxgv' in '10' second(s)

2021-11-18 11:26:49 - [MESSAGE][INFO] - Smart Wait Function is triggered

2021-11-18 11:26:49 - [MESSAGE][INFO] - Found 84 web elements with id: 'Object Repository/Tablo/Veriler' located by 'By.cssSelector: td.dxgv b ,td.dxgv' in '10' second(s)

2021-11-18 11:26:49 - [MESSAGE][INFO] - Smart Wait Function is triggered

2021-11-18 11:26:50 - [MESSAGE][PASSED] - Method.TextDegerineEsitElementinAltindakineTikla is PASSED

2021-11-18 11:26:50 - [MESSAGE][PASSED] - Call Test Case 'Test Cases/Tablo/TablodanVeriSec' successfully

2021-11-18 11:26:50 - [MESSAGE][INFO] - Checking called Test Case

2021-11-18 11:26:50 - [MESSAGE][INFO] - Starting to call Test Case 'Test Cases/Butonlar/ButonaTikla'

2021-11-18 11:26:50 - [TEST_CASE][PASSED] - Test Cases/Butonlar/ButonaTikla: Test Cases/Butonlar/ButonaTikla

2021-11-18 11:26:50 - [TEST_STEP][PASSED] - Method.TextDegerineEsitElementeTiklaEquals(findTestObject("Butonlar/Butonlar"), Buton_Adi): Method.TextDegerineEsitElementeTiklaEquals is PASSED

2021-11-18 11:26:50 - [MESSAGE][INFO] - Finding Test Object 'Object Repository/Butonlar/Butonlar'

2021-11-18 11:26:50 - [MESSAGE][INFO] - Checking timeout

2021-11-18 11:26:50 - [MESSAGE][INFO] - Finding web element with id: 'Object Repository/Butonlar/Butonlar' located by 'By.cssSelector: .panel.panel-default.text-center.footerPanel .btn,.btn.btn-primary.btnControls' in '10' second(s)

2021-11-18 11:26:50 - [MESSAGE][INFO] - Smart Wait Function is triggered

2021-11-18 11:26:50 - [MESSAGE][INFO] - Found 12 web elements with id: 'Object Repository/Butonlar/Butonlar' located by 'By.cssSelector: .panel.panel-default.text-center.footerPanel .btn,.btn.btn-primary.btnControls' in '10' second(s)

2021-11-18 11:26:50 - [MESSAGE][PASSED] - Method.TextDegerineEsitElementeTiklaEquals is PASSED

2021-11-18 11:26:50 - [MESSAGE][PASSED] - Call Test Case 'Test Cases/Butonlar/ButonaTikla' successfully

2021-11-18 11:26:50 - [MESSAGE][INFO] - Checking called Test Case

2021-11-18 11:26:50 - [MESSAGE][INFO] - Starting to call Test Case 'Test Cases/Butonlar/AltButonaTikla'

2021-11-18 11:26:50 - [TEST_CASE][PASSED] - Test Cases/Butonlar/AltButonaTikla: Test Cases/Butonlar/AltButonaTikla

2021-11-18 11:26:50 - [TEST_STEP][PASSED] - Method.TextDegerineEsitElementeTikla(findTestObject("Butonlar/AltButonlar"), Alt_Buton): Method.TextDegerineEsitElementeTikla is PASSED

2021-11-18 11:26:50 - [MESSAGE][INFO] - Finding Test Object 'Object Repository/Butonlar/AltButonlar'

2021-11-18 11:26:50 - [MESSAGE][INFO] - Checking timeout

2021-11-18 11:26:50 - [MESSAGE][INFO] - Finding web element with id: 'Object Repository/Butonlar/AltButonlar' located by 'By.cssSelector: .btn-group.open li>a' in '10' second(s)

2021-11-18 11:26:50 - [MESSAGE][INFO] - Smart Wait Function is triggered

2021-11-18 11:26:51 - [MESSAGE][INFO] - Found 2 web elements with id: 'Object Repository/Butonlar/AltButonlar' located by 'By.cssSelector: .btn-group.open li>a' in '10' second(s)

2021-11-18 11:26:51 - [MESSAGE][PASSED] - Method.TextDegerineEsitElementeTikla is PASSED

2021-11-18 11:26:51 - [MESSAGE][PASSED] - Call Test Case 'Test Cases/Butonlar/AltButonaTikla' successfully

2021-11-18 11:26:51 - [MESSAGE][INFO] - Checking called Test Case

2021-11-18 11:26:51 - [MESSAGE][INFO] - Starting to call Test Case 'Test Cases/Sekmeler/YeniSekmeyeGec'

2021-11-18 11:26:51 - [TEST_CASE][PASSED] - Test Cases/Sekmeler/YeniSekmeyeGec: Test Cases/Sekmeler/YeniSekmeyeGec

2021-11-18 11:26:51 - [TEST_STEP][PASSED] - switchToWindowIndex(1): Switched to window with index: '1'

2021-11-18 11:26:51 - [MESSAGE][INFO] - Checking index

2021-11-18 11:26:51 - [MESSAGE][INFO] - Switching window with index: '1'

2021-11-18 11:26:51 - [MESSAGE][PASSED] - Switched to window with index: '1'

2021-11-18 11:26:51 - [MESSAGE][PASSED] - Call Test Case 'Test Cases/Sekmeler/YeniSekmeyeGec' successfully

2021-11-18 11:26:51 - [MESSAGE][INFO] - Checking called Test Case

2021-11-18 11:26:51 - [MESSAGE][INFO] - Starting to call Test Case 'Test Cases/Butonlar/PDFGorseliVarMi'

2021-11-18 11:26:51 - [TEST_CASE][PASSED] - Test Cases/Butonlar/PDFGorseliVarMi: Test Cases/Butonlar/PDFGorseliVarMi

2021-11-18 11:26:52 - [TEST_STEP][PASSED] - driver = getWebDriver(): null

2021-11-18 11:26:52 - [TEST_STEP][PASSED] - assert getPageSource().contains("type="application/pdf""): null

2021-11-18 11:26:52 - [MESSAGE][PASSED] - Call Test Case 'Test Cases/Butonlar/PDFGorseliVarMi' successfully

2021-11-18 11:26:52 - [MESSAGE][INFO] - Checking called Test Case

2021-11-18 11:26:52 - [MESSAGE][INFO] - Starting to call Test Case 'Test Cases/Sekmeler/Ana_Sekmeye_Gec'

2021-11-18 11:26:52 - [TEST_CASE][PASSED] - Test Cases/Sekmeler/Ana_Sekmeye_Gec: Test Cases/Sekmeler/Ana_Sekmeye_Gec

2021-11-18 11:26:52 - [TEST_STEP][PASSED] - try: Window with index 1 is closed

2021-11-18 11:26:52 - [TEST_STEP][PASSED] - index = getWindowIndex(): Current window's index is: 1

2021-11-18 11:26:52 - [MESSAGE][INFO] - Getting current window's index

2021-11-18 11:26:52 - [MESSAGE][PASSED] - Current window's index is: 1

2021-11-18 11:26:52 - [TEST_STEP][PASSED] - closeWindowIndex(index): Window with index 1 is closed

2021-11-18 11:26:52 - [MESSAGE][INFO] - Checking index

2021-11-18 11:26:52 - [MESSAGE][INFO] - Closing window with index 1

2021-11-18 11:26:52 - [MESSAGE][PASSED] - Window with index 1 is closed

2021-11-18 11:26:52 - [TEST_STEP][PASSED] - switchToWindowIndex(0): Switched to window with index: '0'

2021-11-18 11:26:52 - [MESSAGE][INFO] - Checking index

2021-11-18 11:26:52 - [MESSAGE][INFO] - Switching window with index: '0'

2021-11-18 11:26:52 - [MESSAGE][PASSED] - Switched to window with index: '0'

2021-11-18 11:26:52 - [MESSAGE][PASSED] - Call Test Case 'Test Cases/Sekmeler/Ana_Sekmeye_Gec' successfully

2021-11-18 11:26:52 - [MESSAGE][INFO] - Checking called Test Case

2021-11-18 11:26:52 - [MESSAGE][INFO] - Starting to call Test Case 'Test Cases/Butonlar/ButonaTikla'

2021-11-18 11:26:52 - [TEST_CASE][PASSED] - Test Cases/Butonlar/ButonaTikla: Test Cases/Butonlar/ButonaTikla

2021-11-18 11:26:52 - [TEST_STEP][PASSED] - Method.TextDegerineEsitElementeTiklaEquals(findTestObject("Butonlar/Butonlar"), Buton_Adi): Method.TextDegerineEsitElementeTiklaEquals is PASSED

2021-11-18 11:26:52 - [MESSAGE][INFO] - Finding Test Object 'Object Repository/Butonlar/Butonlar'

2021-11-18 11:26:52 - [MESSAGE][INFO] - Checking timeout

2021-11-18 11:26:52 - [MESSAGE][INFO] - Finding web element with id: 'Object Repository/Butonlar/Butonlar' located by 'By.cssSelector: .panel.panel-default.text-center.footerPanel .btn,.btn.btn-primary.btnControls' in '10' second(s)

2021-11-18 11:26:52 - [MESSAGE][INFO] - Smart Wait Function is triggered

2021-11-18 11:26:52 - [MESSAGE][INFO] - Found 12 web elements with id: 'Object Repository/Butonlar/Butonlar' located by 'By.cssSelector: .panel.panel-default.text-center.footerPanel .btn,.btn.btn-primary.btnControls' in '10' second(s)

2021-11-18 11:26:52 - [MESSAGE][PASSED] - Method.TextDegerineEsitElementeTiklaEquals is PASSED

2021-11-18 11:26:52 - [MESSAGE][PASSED] - Call Test Case 'Test Cases/Butonlar/ButonaTikla' successfully

2021-11-18 11:26:52 - [MESSAGE][INFO] - Checking called Test Case

2021-11-18 11:26:52 - [MESSAGE][INFO] - Starting to call Test Case 'Test Cases/Butonlar/AltButonaTikla'

2021-11-18 11:26:52 - [TEST_CASE][PASSED] - Test Cases/Butonlar/AltButonaTikla: Test Cases/Butonlar/AltButonaTikla

2021-11-18 11:26:52 - [TEST_STEP][PASSED] - Method.TextDegerineEsitElementeTikla(findTestObject("Butonlar/AltButonlar"), Alt_Buton): Method.TextDegerineEsitElementeTikla is PASSED

2021-11-18 11:26:52 - [MESSAGE][INFO] - Finding Test Object 'Object Repository/Butonlar/AltButonlar'

2021-11-18 11:26:52 - [MESSAGE][INFO] - Checking timeout

2021-11-18 11:26:52 - [MESSAGE][INFO] - Finding web element with id: 'Object Repository/Butonlar/AltButonlar' located by 'By.cssSelector: .btn-group.open li>a' in '10' second(s)

2021-11-18 11:26:52 - [MESSAGE][INFO] - Smart Wait Function is triggered

2021-11-18 11:26:53 - [MESSAGE][INFO] - Found 2 web elements with id: 'Object Repository/Butonlar/AltButonlar' located by 'By.cssSelector: .btn-group.open li>a' in '10' second(s)

2021-11-18 11:26:53 - [MESSAGE][PASSED] - Method.TextDegerineEsitElementeTikla is PASSED

2021-11-18 11:26:53 - [MESSAGE][PASSED] - Call Test Case 'Test Cases/Butonlar/AltButonaTikla' successfully

2021-11-18 11:26:53 - [MESSAGE][INFO] - Checking called Test Case

2021-11-18 11:26:53 - [MESSAGE][INFO] - Starting to call Test Case 'Test Cases/Butonlar/DosyaIndirildiMi'

2021-11-18 11:26:53 - [TEST_CASE][PASSED] - Test Cases/Butonlar/DosyaIndirildiMi: Test Cases/Butonlar/DosyaIndirildiMi

2021-11-18 11:26:53 - [TEST_STEP][PASSED] - Method.isimliDosyaIndirildiMi(DownloadFile, FileName): Method.isimliDosyaIndirildiMi is PASSED

2021-11-18 11:26:53 - [MESSAGE][INFO] - Delaying browser in 3 second(s)

2021-11-18 11:26:56 - [MESSAGE][PASSED] - Delayed 3 second(s)

2021-11-18 11:26:56 - [MESSAGE][PASSED] - Method.isimliDosyaIndirildiMi is PASSED

2021-11-18 11:26:56 - [MESSAGE][PASSED] - Call Test Case 'Test Cases/Butonlar/DosyaIndirildiMi' successfully

2021-11-18 11:26:56 - [MESSAGE][INFO] - Checking called Test Case

2021-11-18 11:26:56 - [MESSAGE][INFO] - Starting to call Test Case 'Test Cases/Kullanici_Islemleri/KullaniciIslemlerindenSecimYapilir'

2021-11-18 11:26:56 - [TEST_CASE][PASSED] - Test Cases/Kullanici_Islemleri/KullaniciIslemlerindenSecimYapilir: Test Cases/Kullanici_Islemleri/KullaniciIslemlerindenSecimYapilir

2021-11-18 11:26:56 - [TEST_STEP][PASSED] - waitForElementClickable(findTestObject("Object Repository/Kullanici_Islemleri/KullaniciIslemleri"), 10): Object 'Object Repository/Kullanici_Islemleri/KullaniciIslemleri' is clickable

2021-11-18 11:26:56 - [MESSAGE][INFO] - Finding Test Object 'Object Repository/Kullanici_Islemleri/KullaniciIslemleri'

2021-11-18 11:26:56 - [MESSAGE][INFO] - Checking object

2021-11-18 11:26:56 - [MESSAGE][INFO] - Checking timeout

2021-11-18 11:26:56 - [MESSAGE][INFO] - Finding web element from Test Object's properties

2021-11-18 11:26:56 - [MESSAGE][INFO] - Checking timeout

2021-11-18 11:26:56 - [MESSAGE][INFO] - Finding web element with id: 'Object Repository/Kullanici_Islemleri/KullaniciIslemleri' located by 'By.cssSelector: .dropdown>a>img' in '10' second(s)

2021-11-18 11:26:56 - [MESSAGE][INFO] - Smart Wait Function is triggered

2021-11-18 11:26:57 - [MESSAGE][INFO] - Found 1 web elements with id: 'Object Repository/Kullanici_Islemleri/KullaniciIslemleri' located by 'By.cssSelector: .dropdown>a>img' in '10' second(s)

2021-11-18 11:26:57 - [MESSAGE][PASSED] - Object 'Object Repository/Kullanici_Islemleri/KullaniciIslemleri' is clickable

2021-11-18 11:26:57 - [TEST_STEP][PASSED] - click(findTestObject("Object Repository/Kullanici_Islemleri/KullaniciIslemleri")): Object: 'Object Repository/Kullanici_Islemleri/KullaniciIslemleri' is clicked on

2021-11-18 11:26:57 - [MESSAGE][INFO] - Finding Test Object 'Object Repository/Kullanici_Islemleri/KullaniciIslemleri'

2021-11-18 11:26:57 - [MESSAGE][INFO] - Checking object

2021-11-18 11:26:57 - [MESSAGE][INFO] - Finding web element from Test Object's properties

2021-11-18 11:26:57 - [MESSAGE][INFO] - Checking timeout

2021-11-18 11:26:57 - [MESSAGE][INFO] - Finding web element with id: 'Object Repository/Kullanici_Islemleri/KullaniciIslemleri' located by 'By.cssSelector: .dropdown>a>img' in '30' second(s)

2021-11-18 11:26:57 - [MESSAGE][INFO] - Smart Wait Function is triggered

2021-11-18 11:26:57 - [MESSAGE][INFO] - Found 1 web elements with id: 'Object Repository/Kullanici_Islemleri/KullaniciIslemleri' located by 'By.cssSelector: .dropdown>a>img' in '30' second(s)

2021-11-18 11:26:57 - [MESSAGE][INFO] - Clicking on object: 'Object Repository/Kullanici_Islemleri/KullaniciIslemleri'

2021-11-18 11:26:57 - [MESSAGE][PASSED] - Object: 'Object Repository/Kullanici_Islemleri/KullaniciIslemleri' is clicked on

2021-11-18 11:26:57 - [TEST_STEP][PASSED] - Method.TextDegerineEsitElementeTikla(findTestObject("Object Repository/Kullanici_Islemleri/Secenekler"), Islem): Method.TextDegerineEsitElementeTikla is PASSED

2021-11-18 11:26:57 - [MESSAGE][INFO] - Finding Test Object 'Object Repository/Kullanici_Islemleri/Secenekler'

2021-11-18 11:26:57 - [MESSAGE][INFO] - Checking timeout

2021-11-18 11:26:57 - [MESSAGE][INFO] - Finding web element with id: 'Object Repository/Kullanici_Islemleri/Secenekler' located by 'By.cssSelector: .nav.navbar-nav.navbar-right li a' in '10' second(s)

2021-11-18 11:26:57 - [MESSAGE][INFO] - Smart Wait Function is triggered

2021-11-18 11:26:57 - [MESSAGE][INFO] - Found 22 web elements with id: 'Object Repository/Kullanici_Islemleri/Secenekler' located by 'By.cssSelector: .nav.navbar-nav.navbar-right li a' in '10' second(s)

2021-11-18 11:26:59 - [MESSAGE][PASSED] - Method.TextDegerineEsitElementeTikla is PASSED

2021-11-18 11:26:59 - [TEST_STEP][PASSED] - verifyElementNotPresent(findTestObject("Object Repository/Kullanici_Islemleri/Secenekler"), 10): Web element with id: 'Object Repository/Kullanici_Islemleri/Secenekler' located by 'By.cssSelector: .nav.navbar-nav.navbar-right li a' is not present after '10' second(s)

2021-11-18 11:26:59 - [MESSAGE][INFO] - Finding Test Object 'Object Repository/Kullanici_Islemleri/Secenekler'

2021-11-18 11:26:59 - [MESSAGE][INFO] - Checking object

2021-11-18 11:26:59 - [MESSAGE][INFO] - Checking timeout

2021-11-18 11:26:59 - [MESSAGE][INFO] - Finding web element with id: 'Object Repository/Kullanici_Islemleri/Secenekler' located by 'By.cssSelector: .nav.navbar-nav.navbar-right li a' in '10' second(s)

2021-11-18 11:26:59 - [MESSAGE][INFO] - Smart Wait Function is triggered

2021-11-18 11:26:59 - [MESSAGE][PASSED] - Web element with id: 'Object Repository/Kullanici_Islemleri/Secenekler' located by 'By.cssSelector: .nav.navbar-nav.navbar-right li a' is not present after '10' second(s)

2021-11-18 11:26:59 - [MESSAGE][PASSED] - Call Test Case 'Test Cases/Kullanici_Islemleri/KullaniciIslemlerindenSecimYapilir' successfully

2021-11-18 11:26:59 - [TEST_CASE][PASSED] - Start Test Case : SCENARIO Irsaliyenin PDFinin gosterilmesi: SCENARIO Irsaliyenin PDFinin gosterilmesi

2021-11-18 11:26:59 - [TEST_STEP][PASSED] - Kullanıcı adı ELOGO6 ve Şifre 123456 olarak giriş yapılır: Kullanıcı adı ELOGO6 ve Şifre 123456 olarak giriş yapılır

2021-11-18 11:26:59 - [MESSAGE][PASSED] - Kullanıcı adı ELOGO6 ve Şifre 123456 olarak giriş yapılır

2021-11-18 11:26:59 - [TEST_STEP][PASSED] - Ana menüden e-İrsaliye seçilir: Ana menüden e-İrsaliye seçilir

2021-11-18 11:26:59 - [MESSAGE][PASSED] - Ana menüden e-İrsaliye seçilir

2021-11-18 11:26:59 - [TEST_STEP][PASSED] - Alt menü Gelen Kutusu başlığı altındaki İrsaliyeler seçilir: Alt menü Gelen Kutusu başlığı altındaki İrsaliyeler seçilir

2021-11-18 11:26:59 - [MESSAGE][PASSED] - Alt menü Gelen Kutusu başlığı altındaki İrsaliyeler seçilir

2021-11-18 11:26:59 - [TEST_STEP][PASSED] - Filtrelerden Oluşturma Tarihi filtresine 01.12.2020 baslangic degerini yaz: Filtrelerden Oluşturma Tarihi filtresine 01.12.2020 baslangic degerini yaz

2021-11-18 11:26:59 - [MESSAGE][PASSED] - Filtrelerden Oluşturma Tarihi filtresine 01.12.2020 baslangic degerini yaz

2021-11-18 11:26:59 - [TEST_STEP][PASSED] - Filtrelerden Oluşturma Tarihi filtresine 31.12.2020 bitis degerini yaz: Filtrelerden Oluşturma Tarihi filtresine 31.12.2020 bitis degerini yaz

2021-11-18 11:26:59 - [MESSAGE][PASSED] - Filtrelerden Oluşturma Tarihi filtresine 31.12.2020 bitis degerini yaz

2021-11-18 11:26:59 - [TEST_STEP][PASSED] - Filtre butonlarından Listele seçilir: Filtre butonlarından Listele seçilir

2021-11-18 11:26:59 - [MESSAGE][PASSED] - Filtre butonlarından Listele seçilir

2021-11-18 11:26:59 - [TEST_STEP][PASSED] - Tabloda veri var mı kontrol edilir: Tabloda veri var mı kontrol edilir

2021-11-18 11:26:59 - [MESSAGE][PASSED] - Tabloda veri var mı kontrol edilir

2021-11-18 11:26:59 - [TEST_STEP][PASSED] - Tablodan Logo Elektronik GIB Test isimli veri seçilir: Tablodan Logo Elektronik GIB Test isimli veri seçilir

2021-11-18 11:26:59 - [MESSAGE][PASSED] - Tablodan Logo Elektronik GIB Test isimli veri seçilir

2021-11-18 11:26:59 - [TEST_STEP][PASSED] - Butonlardan PDF isimli butona tıklanır: Butonlardan PDF isimli butona tıklanır

2021-11-18 11:26:59 - [MESSAGE][PASSED] - Butonlardan PDF isimli butona tıklanır

2021-11-18 11:26:59 - [TEST_STEP][PASSED] - Alt butonlardan Göster butonuna tıklanır: Alt butonlardan Göster butonuna tıklanır

2021-11-18 11:26:59 - [MESSAGE][PASSED] - Alt butonlardan Göster butonuna tıklanır

2021-11-18 11:26:59 - [TEST_STEP][PASSED] - Yeni açılan sekmeye geçilir: Yeni açılan sekmeye geçilir

2021-11-18 11:26:59 - [MESSAGE][PASSED] - Yeni açılan sekmeye geçilir

2021-11-18 11:26:59 - [TEST_STEP][PASSED] - PDF açıldı mı: PDF açıldı mı

2021-11-18 11:26:59 - [MESSAGE][PASSED] - PDF açıldı mı

2021-11-18 11:26:59 - [TEST_STEP][PASSED] - Ana sekmeye geçilir: Ana sekmeye geçilir

2021-11-18 11:26:59 - [MESSAGE][PASSED] - Ana sekmeye geçilir

2021-11-18 11:26:59 - [TEST_STEP][PASSED] - Butonlardan PDF isimli butona tıklanır: Butonlardan PDF isimli butona tıklanır

2021-11-18 11:26:59 - [MESSAGE][PASSED] - Butonlardan PDF isimli butona tıklanır

2021-11-18 11:26:59 - [TEST_STEP][PASSED] - Alt butonlardan İndir butonuna tıklanır: Alt butonlardan İndir butonuna tıklanır

2021-11-18 11:26:59 - [MESSAGE][PASSED] - Alt butonlardan İndir butonuna tıklanır

2021-11-18 11:26:59 - [TEST_STEP][PASSED] - Ön eki Invoice olan dosya indirildi mi: Ön eki Invoice olan dosya indirildi mi

2021-11-18 11:26:59 - [MESSAGE][PASSED] - Ön eki Invoice olan dosya indirildi mi

2021-11-18 11:26:59 - [TEST_STEP][PASSED] - Kullanıcı işlemlerinden Çıkış seçilir: Kullanıcı işlemlerinden Çıkış seçilir

2021-11-18 11:26:59 - [MESSAGE][PASSED] - Kullanıcı işlemlerinden Çıkış seçilir

2021-11-18 11:26:59 - [MESSAGE][PASSED] - Feature file: 'Include/features/e-Irsaliye/Gelen Kutusu/Irsaliyeler/PDF Goster-Indir.feature' was passed

2021-11-18 11:26:59 - [TEST_STEP][PASSED] - Start listener action : sampleAfterTestSuite: Invoke 'com.kms.katalon.core.annotation.AfterTestCase' method: 'Listener.sampleAfterTestSuite(...)' completed.

2021-11-18 11:26:59 - [MESSAGE][INFO] - Starting invoke 'com.kms.katalon.core.annotation.AfterTestCase' method: 'Listener.sampleAfterTestSuite(...)'

2021-11-18 11:26:59 - [TEST_STEP][PASSED] - closeBrowser(): Invoke 'com.kms.katalon.core.annotation.AfterTestCase' method: 'Listener.sampleAfterTestSuite(...)' completed.

2021-11-18 11:26:59 - [MESSAGE][INFO] - Closing browser

2021-11-18 11:27:00 - [MESSAGE][PASSED] - Browser is closed

2021-11-18 11:27:00 - [MESSAGE][INFO] - Invoke 'com.kms.katalon.core.annotation.AfterTestCase' method: 'Listener.sampleAfterTestSuite(...)' completed.]]></system-out>
         <system-err><![CDATA[]]></system-err>
      </testcase>
      <testcase name="Test Cases/Case Repository/e-Irsaliye/Gelen Kutusu/Irsaliyeler/Varsayilan Ile Goster" time="43.281" classname="Test Cases/Case Repository/e-Irsaliye/Gelen Kutusu/Irsaliyeler/Varsayilan Ile Goster" status="PASSED">
         <system-out><![CDATA[2021-11-18 11:27:00 - [TEST_CASE][PASSED] - Test Cases/Case Repository/e-Irsaliye/Gelen Kutusu/Irsaliyeler/Varsayilan Ile Goster: Test Cases/Case Repository/e-Irsaliye/Gelen Kutusu/Irsaliyeler/Varsayilan Ile Goster

2021-11-18 11:27:00 - [TEST_STEP][PASSED] - Start listener action : sampleBeforeTestSuite: Invoke 'com.kms.katalon.core.annotation.BeforeTestCase' method: 'Listener.sampleBeforeTestSuite(...)' completed.

2021-11-18 11:27:00 - [MESSAGE][INFO] - Starting invoke 'com.kms.katalon.core.annotation.BeforeTestCase' method: 'Listener.sampleBeforeTestSuite(...)'

2021-11-18 11:27:00 - [TEST_STEP][PASSED] - openBrowser(baseUrl): Browser is opened with url: 'https://efatura-stage.elogo.com.tr/'

2021-11-18 11:27:00 - [MESSAGE][INFO] - Opening browser

2021-11-18 11:27:00 - [MESSAGE][INFO] - Starting 'Chrome' driver

2021-11-18 11:27:00 - [MESSAGE][INFO] - User set preference: ['prefs', '{download.default_directory=C:\otomasyondownfiles}']

2021-11-18 11:27:00 - [MESSAGE][INFO] - Action delay is set to 0 milliseconds

2021-11-18 11:27:02 - [MESSAGE][INFO] - Navigating browser to: 'https://efatura-stage.elogo.com.tr/'

2021-11-18 11:27:06 - [MESSAGE][PASSED] - Browser is opened with url: 'https://efatura-stage.elogo.com.tr/'

2021-11-18 11:27:06 - [TEST_STEP][PASSED] - maximizeWindow(): Invoke 'com.kms.katalon.core.annotation.BeforeTestCase' method: 'Listener.sampleBeforeTestSuite(...)' completed.

2021-11-18 11:27:06 - [MESSAGE][INFO] - Maximizing current window

2021-11-18 11:27:06 - [MESSAGE][PASSED] - Current window maximized

2021-11-18 11:27:06 - [MESSAGE][INFO] - Invoke 'com.kms.katalon.core.annotation.BeforeTestCase' method: 'Listener.sampleBeforeTestSuite(...)' completed.

2021-11-18 11:27:07 - [TEST_STEP][PASSED] - runFeatureFile("Include/features/e-Irsaliye/Gelen Kutusu/Irsaliyeler/Varsayilan Ile Goster.feature"): Feature file: 'Include/features/e-Irsaliye/Gelen Kutusu/Irsaliyeler/Varsayilan Ile Goster.feature' was passed

2021-11-18 11:27:07 - [MESSAGE][INFO] - Starting run keyword runFeatureFile: 'Include/features/e-Irsaliye/Gelen Kutusu/Irsaliyeler/Varsayilan Ile Goster.feature' and extract report to folder: 'C:\Users\DELL\Documents\GitHub\EES_KatalonLogo\Reports\20211118_110909\Suite Repository\e-Irsaliye\20211118_110920/cucumber_report/1637224027306'...

2021-11-18 11:27:07 - [MESSAGE][INFO] - Glue: []

2021-11-18 11:27:09 - [MESSAGE][INFO] - Checking called Test Case

2021-11-18 11:27:09 - [MESSAGE][INFO] - Starting to call Test Case 'Test Cases/Sayfalar/Giris_Sayfasi/Login'

2021-11-18 11:27:09 - [TEST_CASE][PASSED] - Test Cases/Sayfalar/Giris_Sayfasi/Login: Test Cases/Sayfalar/Giris_Sayfasi/Login

2021-11-18 11:27:09 - [TEST_STEP][PASSED] - Sayfa_Basligi = getWindowTitle(): Current window's title is: 'LOGO e-Fatura'

2021-11-18 11:27:09 - [MESSAGE][INFO] - Getting current window's title

2021-11-18 11:27:09 - [MESSAGE][PASSED] - Current window's title is: 'LOGO e-Fatura'

2021-11-18 11:27:09 - [TEST_STEP][PASSED] - verifyMatch(Sayfa_Basligi, "LOGO e-Fatura", false): Actual text 'LOGO e-Fatura' and expected text 'LOGO e-Fatura' are matched 

2021-11-18 11:27:09 - [MESSAGE][INFO] - Matching actual text 'LOGO e-Fatura' with expected text 'LOGO e-Fatura'

2021-11-18 11:27:09 - [MESSAGE][PASSED] - Actual text 'LOGO e-Fatura' and expected text 'LOGO e-Fatura' are matched 

2021-11-18 11:27:09 - [TEST_STEP][PASSED] - sendKeys(findTestObject("Sayfalar/Giris_Sayfasi/Firma_Kodu"), KullaniciAdi): Keys 'ELOGO6' sent to object: 'Object Repository/Sayfalar/Giris_Sayfasi/Firma_Kodu'

2021-11-18 11:27:09 - [MESSAGE][INFO] - Finding Test Object 'Object Repository/Sayfalar/Giris_Sayfasi/Firma_Kodu'

2021-11-18 11:27:09 - [MESSAGE][INFO] - Sending keys 'ELOGO6' to object: 'Object Repository/Sayfalar/Giris_Sayfasi/Firma_Kodu'

2021-11-18 11:27:09 - [MESSAGE][INFO] - Finding web element from Test Object's properties

2021-11-18 11:27:09 - [MESSAGE][INFO] - Checking timeout

2021-11-18 11:27:09 - [MESSAGE][INFO] - Finding web element with id: 'Object Repository/Sayfalar/Giris_Sayfasi/Firma_Kodu' located by 'By.xpath: //*[@id = 'AccountName']' in '30' second(s)

2021-11-18 11:27:09 - [MESSAGE][INFO] - Smart Wait Function is triggered

2021-11-18 11:27:10 - [MESSAGE][INFO] - Found 1 web elements with id: 'Object Repository/Sayfalar/Giris_Sayfasi/Firma_Kodu' located by 'By.xpath: //*[@id = 'AccountName']' in '30' second(s)

2021-11-18 11:27:10 - [MESSAGE][PASSED] - Keys 'ELOGO6' sent to object: 'Object Repository/Sayfalar/Giris_Sayfasi/Firma_Kodu'

2021-11-18 11:27:10 - [TEST_STEP][PASSED] - sendKeys(findTestObject("Sayfalar/Giris_Sayfasi/Sifre"), Sifre): Keys '123456' sent to object: 'Object Repository/Sayfalar/Giris_Sayfasi/Sifre'

2021-11-18 11:27:10 - [MESSAGE][INFO] - Finding Test Object 'Object Repository/Sayfalar/Giris_Sayfasi/Sifre'

2021-11-18 11:27:10 - [MESSAGE][INFO] - Sending keys '123456' to object: 'Object Repository/Sayfalar/Giris_Sayfasi/Sifre'

2021-11-18 11:27:10 - [MESSAGE][INFO] - Finding web element from Test Object's properties

2021-11-18 11:27:10 - [MESSAGE][INFO] - Checking timeout

2021-11-18 11:27:10 - [MESSAGE][INFO] - Finding web element with id: 'Object Repository/Sayfalar/Giris_Sayfasi/Sifre' located by 'By.xpath: //*[@id = 'Password']' in '30' second(s)

2021-11-18 11:27:10 - [MESSAGE][INFO] - Smart Wait Function is triggered

2021-11-18 11:27:10 - [MESSAGE][INFO] - Found 1 web elements with id: 'Object Repository/Sayfalar/Giris_Sayfasi/Sifre' located by 'By.xpath: //*[@id = 'Password']' in '30' second(s)

2021-11-18 11:27:10 - [MESSAGE][PASSED] - Keys '123456' sent to object: 'Object Repository/Sayfalar/Giris_Sayfasi/Sifre'

2021-11-18 11:27:10 - [TEST_STEP][PASSED] - findWebElement(findTestObject("Sayfalar/Giris_Sayfasi/Giris_Butonu")).click(): Found 1 web elements with id: 'Object Repository/Sayfalar/Giris_Sayfasi/Giris_Butonu' located by 'By.cssSelector: #btnLogin' in '30' second(s)

2021-11-18 11:27:10 - [MESSAGE][INFO] - Finding Test Object 'Object Repository/Sayfalar/Giris_Sayfasi/Giris_Butonu'

2021-11-18 11:27:10 - [MESSAGE][INFO] - Finding web element from Test Object's properties

2021-11-18 11:27:10 - [MESSAGE][INFO] - Checking timeout

2021-11-18 11:27:10 - [MESSAGE][INFO] - Finding web element with id: 'Object Repository/Sayfalar/Giris_Sayfasi/Giris_Butonu' located by 'By.cssSelector: #btnLogin' in '30' second(s)

2021-11-18 11:27:10 - [MESSAGE][INFO] - Smart Wait Function is triggered

2021-11-18 11:27:10 - [MESSAGE][INFO] - Found 1 web elements with id: 'Object Repository/Sayfalar/Giris_Sayfasi/Giris_Butonu' located by 'By.cssSelector: #btnLogin' in '30' second(s)

2021-11-18 11:27:13 - [TEST_STEP][PASSED] - if (verifyElementPresent(findTestObject("Object Repository/Sayfalar/Giris_Sayfasi/RetveTamam_Butonu"), 5, OPTIONAL)): null

2021-11-18 11:27:13 - [MESSAGE][INFO] - Finding Test Object 'Object Repository/Sayfalar/Giris_Sayfasi/RetveTamam_Butonu'

2021-11-18 11:27:13 - [MESSAGE][INFO] - Checking object

2021-11-18 11:27:13 - [MESSAGE][INFO] - Finding web element from Test Object's properties

2021-11-18 11:27:13 - [MESSAGE][INFO] - Checking timeout

2021-11-18 11:27:13 - [MESSAGE][INFO] - Finding web element with id: 'Object Repository/Sayfalar/Giris_Sayfasi/RetveTamam_Butonu' located by 'By.xpath: //*[@class = 'btn btn-default']' in '5' second(s)

2021-11-18 11:27:13 - [MESSAGE][INFO] - Smart Wait Function is triggered

2021-11-18 11:27:14 - [MESSAGE][INFO] - Found 1 web elements with id: 'Object Repository/Sayfalar/Giris_Sayfasi/RetveTamam_Butonu' located by 'By.xpath: //*[@class = 'btn btn-default']' in '5' second(s)

2021-11-18 11:27:14 - [MESSAGE][PASSED] - Object 'Object Repository/Sayfalar/Giris_Sayfasi/RetveTamam_Butonu' is present

2021-11-18 11:27:14 - [TEST_STEP][PASSED] - click(findTestObject("Object Repository/Sayfalar/Giris_Sayfasi/RetveTamam_Butonu")): Object: 'Object Repository/Sayfalar/Giris_Sayfasi/RetveTamam_Butonu' is clicked on

2021-11-18 11:27:14 - [MESSAGE][INFO] - Finding Test Object 'Object Repository/Sayfalar/Giris_Sayfasi/RetveTamam_Butonu'

2021-11-18 11:27:14 - [MESSAGE][INFO] - Checking object

2021-11-18 11:27:14 - [MESSAGE][INFO] - Finding web element from Test Object's properties

2021-11-18 11:27:14 - [MESSAGE][INFO] - Checking timeout

2021-11-18 11:27:14 - [MESSAGE][INFO] - Finding web element with id: 'Object Repository/Sayfalar/Giris_Sayfasi/RetveTamam_Butonu' located by 'By.xpath: //*[@class = 'btn btn-default']' in '30' second(s)

2021-11-18 11:27:14 - [MESSAGE][INFO] - Smart Wait Function is triggered

2021-11-18 11:27:14 - [MESSAGE][INFO] - Found 1 web elements with id: 'Object Repository/Sayfalar/Giris_Sayfasi/RetveTamam_Butonu' located by 'By.xpath: //*[@class = 'btn btn-default']' in '30' second(s)

2021-11-18 11:27:14 - [MESSAGE][INFO] - Clicking on object: 'Object Repository/Sayfalar/Giris_Sayfasi/RetveTamam_Butonu'

2021-11-18 11:27:14 - [MESSAGE][PASSED] - Object: 'Object Repository/Sayfalar/Giris_Sayfasi/RetveTamam_Butonu' is clicked on

2021-11-18 11:27:14 - [TEST_STEP][PASSED] - click(findTestObject("Object Repository/Sayfalar/Giris_Sayfasi/RetveTamam_Butonu")): Object: 'Object Repository/Sayfalar/Giris_Sayfasi/RetveTamam_Butonu' is clicked on

2021-11-18 11:27:14 - [MESSAGE][INFO] - Finding Test Object 'Object Repository/Sayfalar/Giris_Sayfasi/RetveTamam_Butonu'

2021-11-18 11:27:14 - [MESSAGE][INFO] - Checking object

2021-11-18 11:27:14 - [MESSAGE][INFO] - Finding web element from Test Object's properties

2021-11-18 11:27:14 - [MESSAGE][INFO] - Checking timeout

2021-11-18 11:27:14 - [MESSAGE][INFO] - Finding web element with id: 'Object Repository/Sayfalar/Giris_Sayfasi/RetveTamam_Butonu' located by 'By.xpath: //*[@class = 'btn btn-default']' in '30' second(s)

2021-11-18 11:27:14 - [MESSAGE][INFO] - Smart Wait Function is triggered

2021-11-18 11:27:21 - [MESSAGE][INFO] - Found 1 web elements with id: 'Object Repository/Sayfalar/Giris_Sayfasi/RetveTamam_Butonu' located by 'By.xpath: //*[@class = 'btn btn-default']' in '30' second(s)

2021-11-18 11:27:21 - [MESSAGE][INFO] - Clicking on object: 'Object Repository/Sayfalar/Giris_Sayfasi/RetveTamam_Butonu'

2021-11-18 11:27:21 - [MESSAGE][PASSED] - Object: 'Object Repository/Sayfalar/Giris_Sayfasi/RetveTamam_Butonu' is clicked on

2021-11-18 11:27:21 - [TEST_STEP][PASSED] - if (verifyElementPresent(findTestObject("Sayfalar/Giris_Sayfasi/PopupOK"), 5, OPTIONAL)): null

2021-11-18 11:27:21 - [MESSAGE][INFO] - Finding Test Object 'Object Repository/Sayfalar/Giris_Sayfasi/PopupOK'

2021-11-18 11:27:21 - [MESSAGE][INFO] - Checking object

2021-11-18 11:27:21 - [MESSAGE][INFO] - Finding web element from Test Object's properties

2021-11-18 11:27:21 - [MESSAGE][INFO] - Checking timeout

2021-11-18 11:27:21 - [MESSAGE][INFO] - Finding web element with id: 'Object Repository/Sayfalar/Giris_Sayfasi/PopupOK' located by 'By.cssSelector: .btn.btn-success' in '5' second(s)

2021-11-18 11:27:21 - [MESSAGE][INFO] - Smart Wait Function is triggered

2021-11-18 11:27:22 - [MESSAGE][INFO] - Found 1 web elements with id: 'Object Repository/Sayfalar/Giris_Sayfasi/PopupOK' located by 'By.cssSelector: .btn.btn-success' in '5' second(s)

2021-11-18 11:27:22 - [MESSAGE][PASSED] - Object 'Object Repository/Sayfalar/Giris_Sayfasi/PopupOK' is present

2021-11-18 11:27:22 - [TEST_STEP][PASSED] - click(findTestObject("Object Repository/Sayfalar/Giris_Sayfasi/PopupCarpiGiris")): Object: 'Object Repository/Sayfalar/Giris_Sayfasi/PopupCarpiGiris' is clicked on

2021-11-18 11:27:22 - [MESSAGE][INFO] - Finding Test Object 'Object Repository/Sayfalar/Giris_Sayfasi/PopupCarpiGiris'

2021-11-18 11:27:22 - [MESSAGE][INFO] - Checking object

2021-11-18 11:27:22 - [MESSAGE][INFO] - Finding web element from Test Object's properties

2021-11-18 11:27:22 - [MESSAGE][INFO] - Checking timeout

2021-11-18 11:27:22 - [MESSAGE][INFO] - Finding web element with id: 'Object Repository/Sayfalar/Giris_Sayfasi/PopupCarpiGiris' located by 'By.cssSelector: .bootbox-close-button.close' in '30' second(s)

2021-11-18 11:27:22 - [MESSAGE][INFO] - Smart Wait Function is triggered

2021-11-18 11:27:22 - [MESSAGE][INFO] - Found 1 web elements with id: 'Object Repository/Sayfalar/Giris_Sayfasi/PopupCarpiGiris' located by 'By.cssSelector: .bootbox-close-button.close' in '30' second(s)

2021-11-18 11:27:22 - [MESSAGE][INFO] - Clicking on object: 'Object Repository/Sayfalar/Giris_Sayfasi/PopupCarpiGiris'

2021-11-18 11:27:22 - [MESSAGE][PASSED] - Object: 'Object Repository/Sayfalar/Giris_Sayfasi/PopupCarpiGiris' is clicked on

2021-11-18 11:27:22 - [TEST_STEP][PASSED] - verifyElementVisible(findTestObject("Object Repository/Kullanici_Islemleri/KullaniciIslemleri")): Object 'Object Repository/Kullanici_Islemleri/KullaniciIslemleri' is visible

2021-11-18 11:27:22 - [MESSAGE][INFO] - Finding Test Object 'Object Repository/Kullanici_Islemleri/KullaniciIslemleri'

2021-11-18 11:27:23 - [MESSAGE][INFO] - Checking object

2021-11-18 11:27:23 - [MESSAGE][INFO] - Finding web element from Test Object's properties

2021-11-18 11:27:23 - [MESSAGE][INFO] - Checking timeout

2021-11-18 11:27:23 - [MESSAGE][INFO] - Finding web element with id: 'Object Repository/Kullanici_Islemleri/KullaniciIslemleri' located by 'By.cssSelector: .dropdown>a>img' in '30' second(s)

2021-11-18 11:27:23 - [MESSAGE][INFO] - Smart Wait Function is triggered

2021-11-18 11:27:23 - [MESSAGE][INFO] - Found 1 web elements with id: 'Object Repository/Kullanici_Islemleri/KullaniciIslemleri' located by 'By.cssSelector: .dropdown>a>img' in '30' second(s)

2021-11-18 11:27:23 - [MESSAGE][PASSED] - Object 'Object Repository/Kullanici_Islemleri/KullaniciIslemleri' is visible

2021-11-18 11:27:23 - [MESSAGE][PASSED] - Call Test Case 'Test Cases/Sayfalar/Giris_Sayfasi/Login' successfully

2021-11-18 11:27:23 - [MESSAGE][INFO] - Checking called Test Case

2021-11-18 11:27:23 - [MESSAGE][INFO] - Starting to call Test Case 'Test Cases/Menu/AnaMenuSecimi'

2021-11-18 11:27:23 - [TEST_CASE][PASSED] - Test Cases/Menu/AnaMenuSecimi: Test Cases/Menu/AnaMenuSecimi

2021-11-18 11:27:23 - [TEST_STEP][PASSED] - Method.TextDegerineEsitElementeTikla(findTestObject("Menu/Ana_Menu"), Ana_Menu): Method.TextDegerineEsitElementeTikla is PASSED

2021-11-18 11:27:23 - [MESSAGE][INFO] - Finding Test Object 'Object Repository/Menu/Ana_Menu'

2021-11-18 11:27:23 - [MESSAGE][INFO] - Checking timeout

2021-11-18 11:27:23 - [MESSAGE][INFO] - Finding web element with id: 'Object Repository/Menu/Ana_Menu' located by 'By.xpath: //*[@class = 'dropdown-toggle']' in '10' second(s)

2021-11-18 11:27:23 - [MESSAGE][INFO] - Smart Wait Function is triggered

2021-11-18 11:27:24 - [MESSAGE][INFO] - Found 14 web elements with id: 'Object Repository/Menu/Ana_Menu' located by 'By.xpath: //*[@class = 'dropdown-toggle']' in '10' second(s)

2021-11-18 11:27:24 - [MESSAGE][PASSED] - Method.TextDegerineEsitElementeTikla is PASSED

2021-11-18 11:27:24 - [MESSAGE][PASSED] - Call Test Case 'Test Cases/Menu/AnaMenuSecimi' successfully

2021-11-18 11:27:24 - [MESSAGE][INFO] - Checking called Test Case

2021-11-18 11:27:24 - [MESSAGE][INFO] - Starting to call Test Case 'Test Cases/Menu/BasligaGoreAltMenuSecimi'

2021-11-18 11:27:24 - [TEST_CASE][PASSED] - Test Cases/Menu/BasligaGoreAltMenuSecimi: Test Cases/Menu/BasligaGoreAltMenuSecimi

2021-11-18 11:27:24 - [TEST_STEP][PASSED] - Method.TextDegerineEsitElementinAltindakiTextDegerineEsitOlanaTikla(findTestObject("Menu/Menu_Basligi"), findTestObject("Menu/Basliga_Gore_Alt_Menu"), Baslik, Alt_Menu): Method.TextDegerineEsitElementinAltindakiTextDegerineEsitOlanaTikla is PASSED

2021-11-18 11:27:24 - [MESSAGE][INFO] - Finding Test Object 'Object Repository/Menu/Menu_Basligi'

2021-11-18 11:27:24 - [MESSAGE][INFO] - Finding Test Object 'Object Repository/Menu/Basliga_Gore_Alt_Menu'

2021-11-18 11:27:24 - [MESSAGE][INFO] - Checking timeout

2021-11-18 11:27:24 - [MESSAGE][INFO] - Finding web element with id: 'Object Repository/Menu/Menu_Basligi' located by 'By.xpath: //li[@class='dropdown dropdown-large open']//li[@class='dropdown-header']' in '10' second(s)

2021-11-18 11:27:24 - [MESSAGE][INFO] - Smart Wait Function is triggered

2021-11-18 11:27:24 - [MESSAGE][INFO] - Found 3 web elements with id: 'Object Repository/Menu/Menu_Basligi' located by 'By.xpath: //li[@class='dropdown dropdown-large open']//li[@class='dropdown-header']' in '10' second(s)

2021-11-18 11:27:24 - [MESSAGE][INFO] - Smart Wait Function is triggered

2021-11-18 11:27:27 - [MESSAGE][PASSED] - Method.TextDegerineEsitElementinAltindakiTextDegerineEsitOlanaTikla is PASSED

2021-11-18 11:27:27 - [MESSAGE][PASSED] - Call Test Case 'Test Cases/Menu/BasligaGoreAltMenuSecimi' successfully

2021-11-18 11:27:27 - [MESSAGE][INFO] - Checking called Test Case

2021-11-18 11:27:27 - [MESSAGE][INFO] - Starting to call Test Case 'Test Cases/Filtreler/BaslangicYaz'

2021-11-18 11:27:27 - [TEST_CASE][PASSED] - Test Cases/Filtreler/BaslangicYaz: Test Cases/Filtreler/BaslangicYaz

2021-11-18 11:27:27 - [TEST_STEP][PASSED] - delay(3): Delayed 3 second(s)

2021-11-18 11:27:27 - [MESSAGE][INFO] - Delaying browser in 3 second(s)

2021-11-18 11:27:30 - [MESSAGE][PASSED] - Delayed 3 second(s)

2021-11-18 11:27:30 - [TEST_STEP][PASSED] - Method.TextDegerineEsitElementinAltindakineTikla(findTestObject("Filtreler/Basliklar"), findTestObject("Filtreler/Basliga_Gore_Baslangic_Image"), Filtre_Adi): Method.TextDegerineEsitElementinAltindakineTikla is PASSED

2021-11-18 11:27:30 - [MESSAGE][INFO] - Finding Test Object 'Object Repository/Filtreler/Basliklar'

2021-11-18 11:27:31 - [MESSAGE][INFO] - Finding Test Object 'Object Repository/Filtreler/Basliga_Gore_Baslangic_Image'

2021-11-18 11:27:31 - [MESSAGE][INFO] - Checking timeout

2021-11-18 11:27:31 - [MESSAGE][INFO] - Finding web element with id: 'Object Repository/Filtreler/Basliklar' located by 'By.cssSelector: .control-label.col-sm-4.paddingMarginRLC' in '10' second(s)

2021-11-18 11:27:31 - [MESSAGE][INFO] - Smart Wait Function is triggered

2021-11-18 11:27:31 - [MESSAGE][INFO] - Found 18 web elements with id: 'Object Repository/Filtreler/Basliklar' located by 'By.cssSelector: .control-label.col-sm-4.paddingMarginRLC' in '10' second(s)

2021-11-18 11:27:31 - [MESSAGE][INFO] - Smart Wait Function is triggered

2021-11-18 11:27:31 - [MESSAGE][PASSED] - Method.TextDegerineEsitElementinAltindakineTikla is PASSED

2021-11-18 11:27:31 - [TEST_STEP][PASSED] - Method.TextDegerineEsitElementinAltindakiTextboxtaYaz(findTestObject("Filtreler/Basliklar"), findTestObject("Filtreler/Basliga_Gore_Baslangic"), Filtre_Adi, Filtre_Degeri): Method.TextDegerineEsitElementinAltindakiTextboxtaYaz is PASSED

2021-11-18 11:27:31 - [MESSAGE][INFO] - Finding Test Object 'Object Repository/Filtreler/Basliklar'

2021-11-18 11:27:31 - [MESSAGE][INFO] - Finding Test Object 'Object Repository/Filtreler/Basliga_Gore_Baslangic'

2021-11-18 11:27:32 - [MESSAGE][INFO] - Checking timeout

2021-11-18 11:27:32 - [MESSAGE][INFO] - Finding web element with id: 'Object Repository/Filtreler/Basliklar' located by 'By.cssSelector: .control-label.col-sm-4.paddingMarginRLC' in '10' second(s)

2021-11-18 11:27:32 - [MESSAGE][INFO] - Smart Wait Function is triggered

2021-11-18 11:27:32 - [MESSAGE][INFO] - Found 18 web elements with id: 'Object Repository/Filtreler/Basliklar' located by 'By.cssSelector: .control-label.col-sm-4.paddingMarginRLC' in '10' second(s)

2021-11-18 11:27:32 - [MESSAGE][INFO] - Smart Wait Function is triggered

2021-11-18 11:27:32 - [MESSAGE][PASSED] - Method.TextDegerineEsitElementinAltindakiTextboxtaYaz is PASSED

2021-11-18 11:27:32 - [MESSAGE][PASSED] - Call Test Case 'Test Cases/Filtreler/BaslangicYaz' successfully

2021-11-18 11:27:32 - [MESSAGE][INFO] - Checking called Test Case

2021-11-18 11:27:32 - [MESSAGE][INFO] - Starting to call Test Case 'Test Cases/Filtreler/BitisYaz'

2021-11-18 11:27:32 - [TEST_CASE][PASSED] - Test Cases/Filtreler/BitisYaz: Test Cases/Filtreler/BitisYaz

2021-11-18 11:27:32 - [TEST_STEP][PASSED] - Method.TextDegerineEsitElementinAltindakineTikla(findTestObject("Filtreler/Basliklar"), findTestObject("Filtreler/Basliga_Gore_Bitis_Image"), Filtre_Adi): Method.TextDegerineEsitElementinAltindakineTikla is PASSED

2021-11-18 11:27:32 - [MESSAGE][INFO] - Finding Test Object 'Object Repository/Filtreler/Basliklar'

2021-11-18 11:27:32 - [MESSAGE][INFO] - Finding Test Object 'Object Repository/Filtreler/Basliga_Gore_Bitis_Image'

2021-11-18 11:27:33 - [MESSAGE][INFO] - Checking timeout

2021-11-18 11:27:33 - [MESSAGE][INFO] - Finding web element with id: 'Object Repository/Filtreler/Basliklar' located by 'By.cssSelector: .control-label.col-sm-4.paddingMarginRLC' in '10' second(s)

2021-11-18 11:27:33 - [MESSAGE][INFO] - Smart Wait Function is triggered

2021-11-18 11:27:33 - [MESSAGE][INFO] - Found 18 web elements with id: 'Object Repository/Filtreler/Basliklar' located by 'By.cssSelector: .control-label.col-sm-4.paddingMarginRLC' in '10' second(s)

2021-11-18 11:27:33 - [MESSAGE][INFO] - Smart Wait Function is triggered

2021-11-18 11:27:33 - [MESSAGE][PASSED] - Method.TextDegerineEsitElementinAltindakineTikla is PASSED

2021-11-18 11:27:33 - [TEST_STEP][PASSED] - Method.TextDegerineEsitElementinAltindakiTextboxtaYaz(findTestObject("Filtreler/Basliklar"), findTestObject("Object Repository/Filtreler/Basliga_Gore_Bitis"), Filtre_Adi, Filtre_Degeri): Method.TextDegerineEsitElementinAltindakiTextboxtaYaz is PASSED

2021-11-18 11:27:33 - [MESSAGE][INFO] - Finding Test Object 'Object Repository/Filtreler/Basliklar'

2021-11-18 11:27:33 - [MESSAGE][INFO] - Finding Test Object 'Object Repository/Filtreler/Basliga_Gore_Bitis'

2021-11-18 11:27:34 - [MESSAGE][INFO] - Checking timeout

2021-11-18 11:27:34 - [MESSAGE][INFO] - Finding web element with id: 'Object Repository/Filtreler/Basliklar' located by 'By.cssSelector: .control-label.col-sm-4.paddingMarginRLC' in '10' second(s)

2021-11-18 11:27:34 - [MESSAGE][INFO] - Smart Wait Function is triggered

2021-11-18 11:27:34 - [MESSAGE][INFO] - Found 18 web elements with id: 'Object Repository/Filtreler/Basliklar' located by 'By.cssSelector: .control-label.col-sm-4.paddingMarginRLC' in '10' second(s)

2021-11-18 11:27:34 - [MESSAGE][INFO] - Smart Wait Function is triggered

2021-11-18 11:27:34 - [MESSAGE][PASSED] - Method.TextDegerineEsitElementinAltindakiTextboxtaYaz is PASSED

2021-11-18 11:27:34 - [MESSAGE][PASSED] - Call Test Case 'Test Cases/Filtreler/BitisYaz' successfully

2021-11-18 11:27:34 - [MESSAGE][INFO] - Checking called Test Case

2021-11-18 11:27:34 - [MESSAGE][INFO] - Starting to call Test Case 'Test Cases/Filtreler/ButonaTikla'

2021-11-18 11:27:34 - [TEST_CASE][PASSED] - Test Cases/Filtreler/ButonaTikla: Test Cases/Filtreler/ButonaTikla

2021-11-18 11:27:34 - [TEST_STEP][PASSED] - Method.TextDegerineEsitElementeTikla(findTestObject("Filtreler/Butonlar"), Filtre_Buton): Method.TextDegerineEsitElementeTikla is PASSED

2021-11-18 11:27:34 - [MESSAGE][INFO] - Finding Test Object 'Object Repository/Filtreler/Butonlar'

2021-11-18 11:27:34 - [MESSAGE][INFO] - Checking timeout

2021-11-18 11:27:34 - [MESSAGE][INFO] - Finding web element with id: 'Object Repository/Filtreler/Butonlar' located by 'By.cssSelector: .dxb>span' in '10' second(s)

2021-11-18 11:27:34 - [MESSAGE][INFO] - Smart Wait Function is triggered

2021-11-18 11:27:35 - [MESSAGE][INFO] - Found 3 web elements with id: 'Object Repository/Filtreler/Butonlar' located by 'By.cssSelector: .dxb>span' in '10' second(s)

2021-11-18 11:27:35 - [MESSAGE][PASSED] - Method.TextDegerineEsitElementeTikla is PASSED

2021-11-18 11:27:35 - [MESSAGE][PASSED] - Call Test Case 'Test Cases/Filtreler/ButonaTikla' successfully

2021-11-18 11:27:35 - [MESSAGE][INFO] - Checking called Test Case

2021-11-18 11:27:35 - [MESSAGE][INFO] - Starting to call Test Case 'Test Cases/Tablo/TablodaVeriVarMi'

2021-11-18 11:27:35 - [TEST_CASE][PASSED] - Test Cases/Tablo/TablodaVeriVarMi: Test Cases/Tablo/TablodaVeriVarMi

2021-11-18 11:27:35 - [TEST_STEP][PASSED] - verifyTextNotPresent("Görüntülenecek veri yok", true): Text 'Görüntülenecek veri yok' is not present on page using regular expression

2021-11-18 11:27:35 - [MESSAGE][INFO] - Checking text present  using regular expression

2021-11-18 11:27:35 - [MESSAGE][INFO] - Smart Wait Function is triggered

2021-11-18 11:27:36 - [MESSAGE][INFO] - Finding text 'Görüntülenecek veri yok' on page  using regular expression

2021-11-18 11:27:36 - [MESSAGE][PASSED] - Text 'Görüntülenecek veri yok' is not present on page using regular expression

2021-11-18 11:27:36 - [MESSAGE][PASSED] - Call Test Case 'Test Cases/Tablo/TablodaVeriVarMi' successfully

2021-11-18 11:27:36 - [MESSAGE][INFO] - Checking called Test Case

2021-11-18 11:27:36 - [MESSAGE][INFO] - Starting to call Test Case 'Test Cases/Tablo/TablodanVeriSec'

2021-11-18 11:27:36 - [TEST_CASE][PASSED] - Test Cases/Tablo/TablodanVeriSec: Test Cases/Tablo/TablodanVeriSec

2021-11-18 11:27:36 - [TEST_STEP][PASSED] - Method.TextDegerineEsitElementinAltindakineTikla(findTestObject("Tablo/Veriler"), findTestObject("Tablo/VerininCheckBoxi"), Veri_Adi): Method.TextDegerineEsitElementinAltindakineTikla is PASSED

2021-11-18 11:27:36 - [MESSAGE][INFO] - Finding Test Object 'Object Repository/Tablo/Veriler'

2021-11-18 11:27:36 - [MESSAGE][INFO] - Finding Test Object 'Object Repository/Tablo/VerininCheckBoxi'

2021-11-18 11:27:36 - [MESSAGE][INFO] - Checking timeout

2021-11-18 11:27:36 - [MESSAGE][INFO] - Finding web element with id: 'Object Repository/Tablo/Veriler' located by 'By.cssSelector: td.dxgv b ,td.dxgv' in '10' second(s)

2021-11-18 11:27:36 - [MESSAGE][INFO] - Smart Wait Function is triggered

2021-11-18 11:27:37 - [MESSAGE][INFO] - Found 84 web elements with id: 'Object Repository/Tablo/Veriler' located by 'By.cssSelector: td.dxgv b ,td.dxgv' in '10' second(s)

2021-11-18 11:27:37 - [MESSAGE][INFO] - Smart Wait Function is triggered

2021-11-18 11:27:37 - [MESSAGE][PASSED] - Method.TextDegerineEsitElementinAltindakineTikla is PASSED

2021-11-18 11:27:37 - [MESSAGE][PASSED] - Call Test Case 'Test Cases/Tablo/TablodanVeriSec' successfully

2021-11-18 11:27:37 - [MESSAGE][INFO] - Checking called Test Case

2021-11-18 11:27:37 - [MESSAGE][INFO] - Starting to call Test Case 'Test Cases/Butonlar/ButonaTikla'

2021-11-18 11:27:37 - [TEST_CASE][PASSED] - Test Cases/Butonlar/ButonaTikla: Test Cases/Butonlar/ButonaTikla

2021-11-18 11:27:37 - [TEST_STEP][PASSED] - Method.TextDegerineEsitElementeTiklaEquals(findTestObject("Butonlar/Butonlar"), Buton_Adi): Method.TextDegerineEsitElementeTiklaEquals is PASSED

2021-11-18 11:27:37 - [MESSAGE][INFO] - Finding Test Object 'Object Repository/Butonlar/Butonlar'

2021-11-18 11:27:37 - [MESSAGE][INFO] - Checking timeout

2021-11-18 11:27:37 - [MESSAGE][INFO] - Finding web element with id: 'Object Repository/Butonlar/Butonlar' located by 'By.cssSelector: .panel.panel-default.text-center.footerPanel .btn,.btn.btn-primary.btnControls' in '10' second(s)

2021-11-18 11:27:37 - [MESSAGE][INFO] - Smart Wait Function is triggered

2021-11-18 11:27:37 - [MESSAGE][INFO] - Found 12 web elements with id: 'Object Repository/Butonlar/Butonlar' located by 'By.cssSelector: .panel.panel-default.text-center.footerPanel .btn,.btn.btn-primary.btnControls' in '10' second(s)

2021-11-18 11:27:38 - [MESSAGE][PASSED] - Method.TextDegerineEsitElementeTiklaEquals is PASSED

2021-11-18 11:27:38 - [MESSAGE][PASSED] - Call Test Case 'Test Cases/Butonlar/ButonaTikla' successfully

2021-11-18 11:27:38 - [MESSAGE][INFO] - Checking called Test Case

2021-11-18 11:27:38 - [MESSAGE][INFO] - Starting to call Test Case 'Test Cases/Sekmeler/YeniSekmeyeGec'

2021-11-18 11:27:38 - [TEST_CASE][PASSED] - Test Cases/Sekmeler/YeniSekmeyeGec: Test Cases/Sekmeler/YeniSekmeyeGec

2021-11-18 11:27:38 - [TEST_STEP][PASSED] - switchToWindowIndex(1): Switched to window with index: '1'

2021-11-18 11:27:38 - [MESSAGE][INFO] - Checking index

2021-11-18 11:27:38 - [MESSAGE][INFO] - Switching window with index: '1'

2021-11-18 11:27:38 - [MESSAGE][PASSED] - Switched to window with index: '1'

2021-11-18 11:27:38 - [MESSAGE][PASSED] - Call Test Case 'Test Cases/Sekmeler/YeniSekmeyeGec' successfully

2021-11-18 11:27:38 - [MESSAGE][INFO] - Checking called Test Case

2021-11-18 11:27:38 - [MESSAGE][INFO] - Starting to call Test Case 'Test Cases/Sekmeler/YeniSekmeBasligindaVarMi'

2021-11-18 11:27:38 - [TEST_CASE][PASSED] - Test Cases/Sekmeler/YeniSekmeBasligindaVarMi: Test Cases/Sekmeler/YeniSekmeBasligindaVarMi

2021-11-18 11:27:38 - [TEST_STEP][PASSED] - verifyElementText(findTestObject("Object Repository/Sekmeler/Olusturma_Goster_Baslik"), Title): Actual text and expected text of test object 'Object Repository/Sekmeler/Olusturma_Goster_Baslik' are matched.

2021-11-18 11:27:38 - [MESSAGE][INFO] - Finding Test Object 'Object Repository/Sekmeler/Olusturma_Goster_Baslik'

2021-11-18 11:27:38 - [MESSAGE][INFO] - Checking object

2021-11-18 11:27:38 - [MESSAGE][INFO] - Finding web element from Test Object's properties

2021-11-18 11:27:38 - [MESSAGE][INFO] - Checking timeout

2021-11-18 11:27:38 - [MESSAGE][INFO] - Finding web element with id: 'Object Repository/Sekmeler/Olusturma_Goster_Baslik' located by 'By.cssSelector: h1>span,td>font,font' in '30' second(s)

2021-11-18 11:27:38 - [MESSAGE][INFO] - Smart Wait Function is triggered

2021-11-18 11:27:39 - [MESSAGE][INFO] - Found 1 web elements with id: 'Object Repository/Sekmeler/Olusturma_Goster_Baslik' located by 'By.cssSelector: h1>span,td>font,font' in '30' second(s)

2021-11-18 11:27:39 - [MESSAGE][PASSED] - Actual text and expected text of test object 'Object Repository/Sekmeler/Olusturma_Goster_Baslik' are matched.

2021-11-18 11:27:39 - [MESSAGE][PASSED] - Call Test Case 'Test Cases/Sekmeler/YeniSekmeBasligindaVarMi' successfully

2021-11-18 11:27:39 - [MESSAGE][INFO] - Checking called Test Case

2021-11-18 11:27:39 - [MESSAGE][INFO] - Starting to call Test Case 'Test Cases/Sekmeler/Ana_Sekmeye_Gec'

2021-11-18 11:27:39 - [TEST_CASE][PASSED] - Test Cases/Sekmeler/Ana_Sekmeye_Gec: Test Cases/Sekmeler/Ana_Sekmeye_Gec

2021-11-18 11:27:39 - [TEST_STEP][PASSED] - try: Window with index 1 is closed

2021-11-18 11:27:39 - [TEST_STEP][PASSED] - index = getWindowIndex(): Current window's index is: 1

2021-11-18 11:27:39 - [MESSAGE][INFO] - Getting current window's index

2021-11-18 11:27:39 - [MESSAGE][PASSED] - Current window's index is: 1

2021-11-18 11:27:39 - [TEST_STEP][PASSED] - closeWindowIndex(index): Window with index 1 is closed

2021-11-18 11:27:39 - [MESSAGE][INFO] - Checking index

2021-11-18 11:27:39 - [MESSAGE][INFO] - Closing window with index 1

2021-11-18 11:27:39 - [MESSAGE][PASSED] - Window with index 1 is closed

2021-11-18 11:27:39 - [TEST_STEP][PASSED] - switchToWindowIndex(0): Switched to window with index: '0'

2021-11-18 11:27:39 - [MESSAGE][INFO] - Checking index

2021-11-18 11:27:39 - [MESSAGE][INFO] - Switching window with index: '0'

2021-11-18 11:27:39 - [MESSAGE][PASSED] - Switched to window with index: '0'

2021-11-18 11:27:39 - [MESSAGE][PASSED] - Call Test Case 'Test Cases/Sekmeler/Ana_Sekmeye_Gec' successfully

2021-11-18 11:27:39 - [MESSAGE][INFO] - Checking called Test Case

2021-11-18 11:27:39 - [MESSAGE][INFO] - Starting to call Test Case 'Test Cases/Kullanici_Islemleri/KullaniciIslemlerindenSecimYapilir'

2021-11-18 11:27:39 - [TEST_CASE][PASSED] - Test Cases/Kullanici_Islemleri/KullaniciIslemlerindenSecimYapilir: Test Cases/Kullanici_Islemleri/KullaniciIslemlerindenSecimYapilir

2021-11-18 11:27:39 - [TEST_STEP][PASSED] - waitForElementClickable(findTestObject("Object Repository/Kullanici_Islemleri/KullaniciIslemleri"), 10): Object 'Object Repository/Kullanici_Islemleri/KullaniciIslemleri' is clickable

2021-11-18 11:27:39 - [MESSAGE][INFO] - Finding Test Object 'Object Repository/Kullanici_Islemleri/KullaniciIslemleri'

2021-11-18 11:27:39 - [MESSAGE][INFO] - Checking object

2021-11-18 11:27:39 - [MESSAGE][INFO] - Checking timeout

2021-11-18 11:27:39 - [MESSAGE][INFO] - Finding web element from Test Object's properties

2021-11-18 11:27:39 - [MESSAGE][INFO] - Checking timeout

2021-11-18 11:27:39 - [MESSAGE][INFO] - Finding web element with id: 'Object Repository/Kullanici_Islemleri/KullaniciIslemleri' located by 'By.cssSelector: .dropdown>a>img' in '10' second(s)

2021-11-18 11:27:39 - [MESSAGE][INFO] - Smart Wait Function is triggered

2021-11-18 11:27:39 - [MESSAGE][INFO] - Found 1 web elements with id: 'Object Repository/Kullanici_Islemleri/KullaniciIslemleri' located by 'By.cssSelector: .dropdown>a>img' in '10' second(s)

2021-11-18 11:27:39 - [MESSAGE][PASSED] - Object 'Object Repository/Kullanici_Islemleri/KullaniciIslemleri' is clickable

2021-11-18 11:27:39 - [TEST_STEP][PASSED] - click(findTestObject("Object Repository/Kullanici_Islemleri/KullaniciIslemleri")): Object: 'Object Repository/Kullanici_Islemleri/KullaniciIslemleri' is clicked on

2021-11-18 11:27:39 - [MESSAGE][INFO] - Finding Test Object 'Object Repository/Kullanici_Islemleri/KullaniciIslemleri'

2021-11-18 11:27:40 - [MESSAGE][INFO] - Checking object

2021-11-18 11:27:40 - [MESSAGE][INFO] - Finding web element from Test Object's properties

2021-11-18 11:27:40 - [MESSAGE][INFO] - Checking timeout

2021-11-18 11:27:40 - [MESSAGE][INFO] - Finding web element with id: 'Object Repository/Kullanici_Islemleri/KullaniciIslemleri' located by 'By.cssSelector: .dropdown>a>img' in '30' second(s)

2021-11-18 11:27:40 - [MESSAGE][INFO] - Smart Wait Function is triggered

2021-11-18 11:27:40 - [MESSAGE][INFO] - Found 1 web elements with id: 'Object Repository/Kullanici_Islemleri/KullaniciIslemleri' located by 'By.cssSelector: .dropdown>a>img' in '30' second(s)

2021-11-18 11:27:40 - [MESSAGE][INFO] - Clicking on object: 'Object Repository/Kullanici_Islemleri/KullaniciIslemleri'

2021-11-18 11:27:40 - [MESSAGE][PASSED] - Object: 'Object Repository/Kullanici_Islemleri/KullaniciIslemleri' is clicked on

2021-11-18 11:27:40 - [TEST_STEP][PASSED] - Method.TextDegerineEsitElementeTikla(findTestObject("Object Repository/Kullanici_Islemleri/Secenekler"), Islem): Method.TextDegerineEsitElementeTikla is PASSED

2021-11-18 11:27:40 - [MESSAGE][INFO] - Finding Test Object 'Object Repository/Kullanici_Islemleri/Secenekler'

2021-11-18 11:27:40 - [MESSAGE][INFO] - Checking timeout

2021-11-18 11:27:40 - [MESSAGE][INFO] - Finding web element with id: 'Object Repository/Kullanici_Islemleri/Secenekler' located by 'By.cssSelector: .nav.navbar-nav.navbar-right li a' in '10' second(s)

2021-11-18 11:27:40 - [MESSAGE][INFO] - Smart Wait Function is triggered

2021-11-18 11:27:40 - [MESSAGE][INFO] - Found 22 web elements with id: 'Object Repository/Kullanici_Islemleri/Secenekler' located by 'By.cssSelector: .nav.navbar-nav.navbar-right li a' in '10' second(s)

2021-11-18 11:27:42 - [MESSAGE][PASSED] - Method.TextDegerineEsitElementeTikla is PASSED

2021-11-18 11:27:42 - [TEST_STEP][PASSED] - verifyElementNotPresent(findTestObject("Object Repository/Kullanici_Islemleri/Secenekler"), 10): Web element with id: 'Object Repository/Kullanici_Islemleri/Secenekler' located by 'By.cssSelector: .nav.navbar-nav.navbar-right li a' is not present after '10' second(s)

2021-11-18 11:27:42 - [MESSAGE][INFO] - Finding Test Object 'Object Repository/Kullanici_Islemleri/Secenekler'

2021-11-18 11:27:42 - [MESSAGE][INFO] - Checking object

2021-11-18 11:27:42 - [MESSAGE][INFO] - Checking timeout

2021-11-18 11:27:42 - [MESSAGE][INFO] - Finding web element with id: 'Object Repository/Kullanici_Islemleri/Secenekler' located by 'By.cssSelector: .nav.navbar-nav.navbar-right li a' in '10' second(s)

2021-11-18 11:27:42 - [MESSAGE][INFO] - Smart Wait Function is triggered

2021-11-18 11:27:43 - [MESSAGE][PASSED] - Web element with id: 'Object Repository/Kullanici_Islemleri/Secenekler' located by 'By.cssSelector: .nav.navbar-nav.navbar-right li a' is not present after '10' second(s)

2021-11-18 11:27:43 - [MESSAGE][PASSED] - Call Test Case 'Test Cases/Kullanici_Islemleri/KullaniciIslemlerindenSecimYapilir' successfully

2021-11-18 11:27:43 - [TEST_CASE][PASSED] - Start Test Case : SCENARIO Irsaliyenin Varsayılan Ile Gosterilmesi: SCENARIO Irsaliyenin Varsayılan Ile Gosterilmesi

2021-11-18 11:27:43 - [TEST_STEP][PASSED] - Kullanıcı adı ELOGO6 ve Şifre 123456 olarak giriş yapılır: Kullanıcı adı ELOGO6 ve Şifre 123456 olarak giriş yapılır

2021-11-18 11:27:43 - [MESSAGE][PASSED] - Kullanıcı adı ELOGO6 ve Şifre 123456 olarak giriş yapılır

2021-11-18 11:27:43 - [TEST_STEP][PASSED] - Ana menüden e-İrsaliye seçilir: Ana menüden e-İrsaliye seçilir

2021-11-18 11:27:43 - [MESSAGE][PASSED] - Ana menüden e-İrsaliye seçilir

2021-11-18 11:27:43 - [TEST_STEP][PASSED] - Alt menü Gelen Kutusu başlığı altındaki İrsaliyeler seçilir: Alt menü Gelen Kutusu başlığı altındaki İrsaliyeler seçilir

2021-11-18 11:27:43 - [MESSAGE][PASSED] - Alt menü Gelen Kutusu başlığı altındaki İrsaliyeler seçilir

2021-11-18 11:27:43 - [TEST_STEP][PASSED] - Filtrelerden Oluşturma Tarihi filtresine 01.12.2020 baslangic degerini yaz: Filtrelerden Oluşturma Tarihi filtresine 01.12.2020 baslangic degerini yaz

2021-11-18 11:27:43 - [MESSAGE][PASSED] - Filtrelerden Oluşturma Tarihi filtresine 01.12.2020 baslangic degerini yaz

2021-11-18 11:27:43 - [TEST_STEP][PASSED] - Filtrelerden Oluşturma Tarihi filtresine 31.12.2020 bitis degerini yaz: Filtrelerden Oluşturma Tarihi filtresine 31.12.2020 bitis degerini yaz

2021-11-18 11:27:43 - [MESSAGE][PASSED] - Filtrelerden Oluşturma Tarihi filtresine 31.12.2020 bitis degerini yaz

2021-11-18 11:27:43 - [TEST_STEP][PASSED] - Filtre butonlarından Listele seçilir: Filtre butonlarından Listele seçilir

2021-11-18 11:27:43 - [MESSAGE][PASSED] - Filtre butonlarından Listele seçilir

2021-11-18 11:27:43 - [TEST_STEP][PASSED] - Tabloda veri var mı kontrol edilir: Tabloda veri var mı kontrol edilir

2021-11-18 11:27:43 - [MESSAGE][PASSED] - Tabloda veri var mı kontrol edilir

2021-11-18 11:27:43 - [TEST_STEP][PASSED] - Tablodan Logo Elektronik GIB Test isimli veri seçilir: Tablodan Logo Elektronik GIB Test isimli veri seçilir

2021-11-18 11:27:43 - [MESSAGE][PASSED] - Tablodan Logo Elektronik GIB Test isimli veri seçilir

2021-11-18 11:27:43 - [TEST_STEP][PASSED] - Butonlardan Varsayılan İle Göster isimli butona tıklanır: Butonlardan Varsayılan İle Göster isimli butona tıklanır

2021-11-18 11:27:43 - [MESSAGE][PASSED] - Butonlardan Varsayılan İle Göster isimli butona tıklanır

2021-11-18 11:27:43 - [TEST_STEP][PASSED] - Yeni açılan sekmeye geçilir: Yeni açılan sekmeye geçilir

2021-11-18 11:27:43 - [MESSAGE][PASSED] - Yeni açılan sekmeye geçilir

2021-11-18 11:27:43 - [TEST_STEP][PASSED] - Yeni sekme başlığında e-İRSALİYE var mı kontrol edilir: Yeni sekme başlığında e-İRSALİYE var mı kontrol edilir

2021-11-18 11:27:43 - [MESSAGE][PASSED] - Yeni sekme başlığında e-İRSALİYE var mı kontrol edilir

2021-11-18 11:27:43 - [TEST_STEP][PASSED] - Ana sekmeye geçilir: Ana sekmeye geçilir

2021-11-18 11:27:43 - [MESSAGE][PASSED] - Ana sekmeye geçilir

2021-11-18 11:27:43 - [TEST_STEP][PASSED] - Kullanıcı işlemlerinden Çıkış seçilir: Kullanıcı işlemlerinden Çıkış seçilir

2021-11-18 11:27:43 - [MESSAGE][PASSED] - Kullanıcı işlemlerinden Çıkış seçilir

2021-11-18 11:27:43 - [MESSAGE][PASSED] - Feature file: 'Include/features/e-Irsaliye/Gelen Kutusu/Irsaliyeler/Varsayilan Ile Goster.feature' was passed

2021-11-18 11:27:43 - [TEST_STEP][PASSED] - Start listener action : sampleAfterTestSuite: Invoke 'com.kms.katalon.core.annotation.AfterTestCase' method: 'Listener.sampleAfterTestSuite(...)' completed.

2021-11-18 11:27:43 - [MESSAGE][INFO] - Starting invoke 'com.kms.katalon.core.annotation.AfterTestCase' method: 'Listener.sampleAfterTestSuite(...)'

2021-11-18 11:27:43 - [TEST_STEP][PASSED] - closeBrowser(): Invoke 'com.kms.katalon.core.annotation.AfterTestCase' method: 'Listener.sampleAfterTestSuite(...)' completed.

2021-11-18 11:27:43 - [MESSAGE][INFO] - Closing browser

2021-11-18 11:27:44 - [MESSAGE][PASSED] - Browser is closed

2021-11-18 11:27:44 - [MESSAGE][INFO] - Invoke 'com.kms.katalon.core.annotation.AfterTestCase' method: 'Listener.sampleAfterTestSuite(...)' completed.]]></system-out>
         <system-err><![CDATA[]]></system-err>
      </testcase>
      <testcase name="Test Cases/Case Repository/e-Irsaliye/Giden Kutusu/Irsaliye Yanitlari/Departman Ata_Geri Al" time="44.11" classname="Test Cases/Case Repository/e-Irsaliye/Giden Kutusu/Irsaliye Yanitlari/Departman Ata_Geri Al" status="PASSED">
         <system-out><![CDATA[2021-11-18 11:27:44 - [TEST_CASE][PASSED] - Test Cases/Case Repository/e-Irsaliye/Giden Kutusu/Irsaliye Yanitlari/Departman Ata_Geri Al: Test Cases/Case Repository/e-Irsaliye/Giden Kutusu/Irsaliye Yanitlari/Departman Ata_Geri Al

2021-11-18 11:27:44 - [TEST_STEP][PASSED] - Start listener action : sampleBeforeTestSuite: Invoke 'com.kms.katalon.core.annotation.BeforeTestCase' method: 'Listener.sampleBeforeTestSuite(...)' completed.

2021-11-18 11:27:44 - [MESSAGE][INFO] - Starting invoke 'com.kms.katalon.core.annotation.BeforeTestCase' method: 'Listener.sampleBeforeTestSuite(...)'

2021-11-18 11:27:44 - [TEST_STEP][PASSED] - openBrowser(baseUrl): Browser is opened with url: 'https://efatura-stage.elogo.com.tr/'

2021-11-18 11:27:44 - [MESSAGE][INFO] - Opening browser

2021-11-18 11:27:44 - [MESSAGE][INFO] - Starting 'Chrome' driver

2021-11-18 11:27:44 - [MESSAGE][INFO] - User set preference: ['prefs', '{download.default_directory=C:\otomasyondownfiles}']

2021-11-18 11:27:44 - [MESSAGE][INFO] - Action delay is set to 0 milliseconds

2021-11-18 11:27:45 - [MESSAGE][INFO] - Navigating browser to: 'https://efatura-stage.elogo.com.tr/'

2021-11-18 11:27:49 - [MESSAGE][PASSED] - Browser is opened with url: 'https://efatura-stage.elogo.com.tr/'

2021-11-18 11:27:49 - [TEST_STEP][PASSED] - maximizeWindow(): Invoke 'com.kms.katalon.core.annotation.BeforeTestCase' method: 'Listener.sampleBeforeTestSuite(...)' completed.

2021-11-18 11:27:49 - [MESSAGE][INFO] - Maximizing current window

2021-11-18 11:27:49 - [MESSAGE][PASSED] - Current window maximized

2021-11-18 11:27:49 - [MESSAGE][INFO] - Invoke 'com.kms.katalon.core.annotation.BeforeTestCase' method: 'Listener.sampleBeforeTestSuite(...)' completed.

2021-11-18 11:27:49 - [TEST_STEP][PASSED] - runFeatureFile("Include/features/e-Irsaliye/Giden Kutusu/Irsaliye Yanitlari/Departman Ata_Geri Al.feature"): Feature file: 'Include/features/e-Irsaliye/Giden Kutusu/Irsaliye Yanitlari/Departman Ata_Geri Al.feature' was passed

2021-11-18 11:27:49 - [MESSAGE][INFO] - Starting run keyword runFeatureFile: 'Include/features/e-Irsaliye/Giden Kutusu/Irsaliye Yanitlari/Departman Ata_Geri Al.feature' and extract report to folder: 'C:\Users\DELL\Documents\GitHub\EES_KatalonLogo\Reports\20211118_110909\Suite Repository\e-Irsaliye\20211118_110920/cucumber_report/1637224069723'...

2021-11-18 11:27:49 - [MESSAGE][INFO] - Glue: []

2021-11-18 11:27:52 - [MESSAGE][INFO] - Checking called Test Case

2021-11-18 11:27:52 - [MESSAGE][INFO] - Starting to call Test Case 'Test Cases/Sayfalar/Giris_Sayfasi/Login'

2021-11-18 11:27:52 - [TEST_CASE][PASSED] - Test Cases/Sayfalar/Giris_Sayfasi/Login: Test Cases/Sayfalar/Giris_Sayfasi/Login

2021-11-18 11:27:52 - [TEST_STEP][PASSED] - Sayfa_Basligi = getWindowTitle(): Current window's title is: 'LOGO e-Fatura'

2021-11-18 11:27:52 - [MESSAGE][INFO] - Getting current window's title

2021-11-18 11:27:52 - [MESSAGE][PASSED] - Current window's title is: 'LOGO e-Fatura'

2021-11-18 11:27:52 - [TEST_STEP][PASSED] - verifyMatch(Sayfa_Basligi, "LOGO e-Fatura", false): Actual text 'LOGO e-Fatura' and expected text 'LOGO e-Fatura' are matched 

2021-11-18 11:27:52 - [MESSAGE][INFO] - Matching actual text 'LOGO e-Fatura' with expected text 'LOGO e-Fatura'

2021-11-18 11:27:52 - [MESSAGE][PASSED] - Actual text 'LOGO e-Fatura' and expected text 'LOGO e-Fatura' are matched 

2021-11-18 11:27:52 - [TEST_STEP][PASSED] - sendKeys(findTestObject("Sayfalar/Giris_Sayfasi/Firma_Kodu"), KullaniciAdi): Keys 'ELOGO6' sent to object: 'Object Repository/Sayfalar/Giris_Sayfasi/Firma_Kodu'

2021-11-18 11:27:52 - [MESSAGE][INFO] - Finding Test Object 'Object Repository/Sayfalar/Giris_Sayfasi/Firma_Kodu'

2021-11-18 11:27:52 - [MESSAGE][INFO] - Sending keys 'ELOGO6' to object: 'Object Repository/Sayfalar/Giris_Sayfasi/Firma_Kodu'

2021-11-18 11:27:52 - [MESSAGE][INFO] - Finding web element from Test Object's properties

2021-11-18 11:27:52 - [MESSAGE][INFO] - Checking timeout

2021-11-18 11:27:52 - [MESSAGE][INFO] - Finding web element with id: 'Object Repository/Sayfalar/Giris_Sayfasi/Firma_Kodu' located by 'By.xpath: //*[@id = 'AccountName']' in '30' second(s)

2021-11-18 11:27:52 - [MESSAGE][INFO] - Smart Wait Function is triggered

2021-11-18 11:27:52 - [MESSAGE][INFO] - Found 1 web elements with id: 'Object Repository/Sayfalar/Giris_Sayfasi/Firma_Kodu' located by 'By.xpath: //*[@id = 'AccountName']' in '30' second(s)

2021-11-18 11:27:53 - [MESSAGE][PASSED] - Keys 'ELOGO6' sent to object: 'Object Repository/Sayfalar/Giris_Sayfasi/Firma_Kodu'

2021-11-18 11:27:53 - [TEST_STEP][PASSED] - sendKeys(findTestObject("Sayfalar/Giris_Sayfasi/Sifre"), Sifre): Keys '123456' sent to object: 'Object Repository/Sayfalar/Giris_Sayfasi/Sifre'

2021-11-18 11:27:53 - [MESSAGE][INFO] - Finding Test Object 'Object Repository/Sayfalar/Giris_Sayfasi/Sifre'

2021-11-18 11:27:53 - [MESSAGE][INFO] - Sending keys '123456' to object: 'Object Repository/Sayfalar/Giris_Sayfasi/Sifre'

2021-11-18 11:27:53 - [MESSAGE][INFO] - Finding web element from Test Object's properties

2021-11-18 11:27:53 - [MESSAGE][INFO] - Checking timeout

2021-11-18 11:27:53 - [MESSAGE][INFO] - Finding web element with id: 'Object Repository/Sayfalar/Giris_Sayfasi/Sifre' located by 'By.xpath: //*[@id = 'Password']' in '30' second(s)

2021-11-18 11:27:53 - [MESSAGE][INFO] - Smart Wait Function is triggered

2021-11-18 11:27:53 - [MESSAGE][INFO] - Found 1 web elements with id: 'Object Repository/Sayfalar/Giris_Sayfasi/Sifre' located by 'By.xpath: //*[@id = 'Password']' in '30' second(s)

2021-11-18 11:27:53 - [MESSAGE][PASSED] - Keys '123456' sent to object: 'Object Repository/Sayfalar/Giris_Sayfasi/Sifre'

2021-11-18 11:27:53 - [TEST_STEP][PASSED] - findWebElement(findTestObject("Sayfalar/Giris_Sayfasi/Giris_Butonu")).click(): Found 1 web elements with id: 'Object Repository/Sayfalar/Giris_Sayfasi/Giris_Butonu' located by 'By.cssSelector: #btnLogin' in '30' second(s)

2021-11-18 11:27:53 - [MESSAGE][INFO] - Finding Test Object 'Object Repository/Sayfalar/Giris_Sayfasi/Giris_Butonu'

2021-11-18 11:27:53 - [MESSAGE][INFO] - Finding web element from Test Object's properties

2021-11-18 11:27:53 - [MESSAGE][INFO] - Checking timeout

2021-11-18 11:27:53 - [MESSAGE][INFO] - Finding web element with id: 'Object Repository/Sayfalar/Giris_Sayfasi/Giris_Butonu' located by 'By.cssSelector: #btnLogin' in '30' second(s)

2021-11-18 11:27:53 - [MESSAGE][INFO] - Smart Wait Function is triggered

2021-11-18 11:27:53 - [MESSAGE][INFO] - Found 1 web elements with id: 'Object Repository/Sayfalar/Giris_Sayfasi/Giris_Butonu' located by 'By.cssSelector: #btnLogin' in '30' second(s)

2021-11-18 11:27:56 - [TEST_STEP][PASSED] - if (verifyElementPresent(findTestObject("Object Repository/Sayfalar/Giris_Sayfasi/RetveTamam_Butonu"), 5, OPTIONAL)): null

2021-11-18 11:27:56 - [MESSAGE][INFO] - Finding Test Object 'Object Repository/Sayfalar/Giris_Sayfasi/RetveTamam_Butonu'

2021-11-18 11:27:56 - [MESSAGE][INFO] - Checking object

2021-11-18 11:27:56 - [MESSAGE][INFO] - Finding web element from Test Object's properties

2021-11-18 11:27:56 - [MESSAGE][INFO] - Checking timeout

2021-11-18 11:27:56 - [MESSAGE][INFO] - Finding web element with id: 'Object Repository/Sayfalar/Giris_Sayfasi/RetveTamam_Butonu' located by 'By.xpath: //*[@class = 'btn btn-default']' in '5' second(s)

2021-11-18 11:27:56 - [MESSAGE][INFO] - Smart Wait Function is triggered

2021-11-18 11:27:56 - [MESSAGE][INFO] - Found 1 web elements with id: 'Object Repository/Sayfalar/Giris_Sayfasi/RetveTamam_Butonu' located by 'By.xpath: //*[@class = 'btn btn-default']' in '5' second(s)

2021-11-18 11:27:56 - [MESSAGE][PASSED] - Object 'Object Repository/Sayfalar/Giris_Sayfasi/RetveTamam_Butonu' is present

2021-11-18 11:27:56 - [TEST_STEP][PASSED] - click(findTestObject("Object Repository/Sayfalar/Giris_Sayfasi/RetveTamam_Butonu")): Object: 'Object Repository/Sayfalar/Giris_Sayfasi/RetveTamam_Butonu' is clicked on

2021-11-18 11:27:56 - [MESSAGE][INFO] - Finding Test Object 'Object Repository/Sayfalar/Giris_Sayfasi/RetveTamam_Butonu'

2021-11-18 11:27:56 - [MESSAGE][INFO] - Checking object

2021-11-18 11:27:56 - [MESSAGE][INFO] - Finding web element from Test Object's properties

2021-11-18 11:27:56 - [MESSAGE][INFO] - Checking timeout

2021-11-18 11:27:56 - [MESSAGE][INFO] - Finding web element with id: 'Object Repository/Sayfalar/Giris_Sayfasi/RetveTamam_Butonu' located by 'By.xpath: //*[@class = 'btn btn-default']' in '30' second(s)

2021-11-18 11:27:56 - [MESSAGE][INFO] - Smart Wait Function is triggered

2021-11-18 11:27:57 - [MESSAGE][INFO] - Found 1 web elements with id: 'Object Repository/Sayfalar/Giris_Sayfasi/RetveTamam_Butonu' located by 'By.xpath: //*[@class = 'btn btn-default']' in '30' second(s)

2021-11-18 11:27:57 - [MESSAGE][INFO] - Clicking on object: 'Object Repository/Sayfalar/Giris_Sayfasi/RetveTamam_Butonu'

2021-11-18 11:27:57 - [MESSAGE][PASSED] - Object: 'Object Repository/Sayfalar/Giris_Sayfasi/RetveTamam_Butonu' is clicked on

2021-11-18 11:27:57 - [TEST_STEP][PASSED] - click(findTestObject("Object Repository/Sayfalar/Giris_Sayfasi/RetveTamam_Butonu")): Object: 'Object Repository/Sayfalar/Giris_Sayfasi/RetveTamam_Butonu' is clicked on

2021-11-18 11:27:57 - [MESSAGE][INFO] - Finding Test Object 'Object Repository/Sayfalar/Giris_Sayfasi/RetveTamam_Butonu'

2021-11-18 11:27:57 - [MESSAGE][INFO] - Checking object

2021-11-18 11:27:57 - [MESSAGE][INFO] - Finding web element from Test Object's properties

2021-11-18 11:27:57 - [MESSAGE][INFO] - Checking timeout

2021-11-18 11:27:57 - [MESSAGE][INFO] - Finding web element with id: 'Object Repository/Sayfalar/Giris_Sayfasi/RetveTamam_Butonu' located by 'By.xpath: //*[@class = 'btn btn-default']' in '30' second(s)

2021-11-18 11:27:57 - [MESSAGE][INFO] - Smart Wait Function is triggered

2021-11-18 11:28:00 - [MESSAGE][INFO] - Found 1 web elements with id: 'Object Repository/Sayfalar/Giris_Sayfasi/RetveTamam_Butonu' located by 'By.xpath: //*[@class = 'btn btn-default']' in '30' second(s)

2021-11-18 11:28:00 - [MESSAGE][INFO] - Clicking on object: 'Object Repository/Sayfalar/Giris_Sayfasi/RetveTamam_Butonu'

2021-11-18 11:28:00 - [MESSAGE][PASSED] - Object: 'Object Repository/Sayfalar/Giris_Sayfasi/RetveTamam_Butonu' is clicked on

2021-11-18 11:28:00 - [TEST_STEP][PASSED] - if (verifyElementPresent(findTestObject("Sayfalar/Giris_Sayfasi/PopupOK"), 5, OPTIONAL)): null

2021-11-18 11:28:00 - [MESSAGE][INFO] - Finding Test Object 'Object Repository/Sayfalar/Giris_Sayfasi/PopupOK'

2021-11-18 11:28:00 - [MESSAGE][INFO] - Checking object

2021-11-18 11:28:00 - [MESSAGE][INFO] - Finding web element from Test Object's properties

2021-11-18 11:28:00 - [MESSAGE][INFO] - Checking timeout

2021-11-18 11:28:00 - [MESSAGE][INFO] - Finding web element with id: 'Object Repository/Sayfalar/Giris_Sayfasi/PopupOK' located by 'By.cssSelector: .btn.btn-success' in '5' second(s)

2021-11-18 11:28:00 - [MESSAGE][INFO] - Smart Wait Function is triggered

2021-11-18 11:28:01 - [MESSAGE][INFO] - Found 1 web elements with id: 'Object Repository/Sayfalar/Giris_Sayfasi/PopupOK' located by 'By.cssSelector: .btn.btn-success' in '5' second(s)

2021-11-18 11:28:01 - [MESSAGE][PASSED] - Object 'Object Repository/Sayfalar/Giris_Sayfasi/PopupOK' is present

2021-11-18 11:28:01 - [TEST_STEP][PASSED] - click(findTestObject("Object Repository/Sayfalar/Giris_Sayfasi/PopupCarpiGiris")): Object: 'Object Repository/Sayfalar/Giris_Sayfasi/PopupCarpiGiris' is clicked on

2021-11-18 11:28:01 - [MESSAGE][INFO] - Finding Test Object 'Object Repository/Sayfalar/Giris_Sayfasi/PopupCarpiGiris'

2021-11-18 11:28:01 - [MESSAGE][INFO] - Checking object

2021-11-18 11:28:01 - [MESSAGE][INFO] - Finding web element from Test Object's properties

2021-11-18 11:28:01 - [MESSAGE][INFO] - Checking timeout

2021-11-18 11:28:01 - [MESSAGE][INFO] - Finding web element with id: 'Object Repository/Sayfalar/Giris_Sayfasi/PopupCarpiGiris' located by 'By.cssSelector: .bootbox-close-button.close' in '30' second(s)

2021-11-18 11:28:01 - [MESSAGE][INFO] - Smart Wait Function is triggered

2021-11-18 11:28:01 - [MESSAGE][INFO] - Found 1 web elements with id: 'Object Repository/Sayfalar/Giris_Sayfasi/PopupCarpiGiris' located by 'By.cssSelector: .bootbox-close-button.close' in '30' second(s)

2021-11-18 11:28:01 - [MESSAGE][INFO] - Clicking on object: 'Object Repository/Sayfalar/Giris_Sayfasi/PopupCarpiGiris'

2021-11-18 11:28:01 - [MESSAGE][PASSED] - Object: 'Object Repository/Sayfalar/Giris_Sayfasi/PopupCarpiGiris' is clicked on

2021-11-18 11:28:01 - [TEST_STEP][PASSED] - verifyElementVisible(findTestObject("Object Repository/Kullanici_Islemleri/KullaniciIslemleri")): Object 'Object Repository/Kullanici_Islemleri/KullaniciIslemleri' is visible

2021-11-18 11:28:01 - [MESSAGE][INFO] - Finding Test Object 'Object Repository/Kullanici_Islemleri/KullaniciIslemleri'

2021-11-18 11:28:01 - [MESSAGE][INFO] - Checking object

2021-11-18 11:28:01 - [MESSAGE][INFO] - Finding web element from Test Object's properties

2021-11-18 11:28:01 - [MESSAGE][INFO] - Checking timeout

2021-11-18 11:28:01 - [MESSAGE][INFO] - Finding web element with id: 'Object Repository/Kullanici_Islemleri/KullaniciIslemleri' located by 'By.cssSelector: .dropdown>a>img' in '30' second(s)

2021-11-18 11:28:01 - [MESSAGE][INFO] - Smart Wait Function is triggered

2021-11-18 11:28:02 - [MESSAGE][INFO] - Found 1 web elements with id: 'Object Repository/Kullanici_Islemleri/KullaniciIslemleri' located by 'By.cssSelector: .dropdown>a>img' in '30' second(s)

2021-11-18 11:28:02 - [MESSAGE][PASSED] - Object 'Object Repository/Kullanici_Islemleri/KullaniciIslemleri' is visible

2021-11-18 11:28:02 - [MESSAGE][PASSED] - Call Test Case 'Test Cases/Sayfalar/Giris_Sayfasi/Login' successfully

2021-11-18 11:28:02 - [MESSAGE][INFO] - Checking called Test Case

2021-11-18 11:28:02 - [MESSAGE][INFO] - Starting to call Test Case 'Test Cases/Menu/AnaMenuSecimi'

2021-11-18 11:28:02 - [TEST_CASE][PASSED] - Test Cases/Menu/AnaMenuSecimi: Test Cases/Menu/AnaMenuSecimi

2021-11-18 11:28:02 - [TEST_STEP][PASSED] - Method.TextDegerineEsitElementeTikla(findTestObject("Menu/Ana_Menu"), Ana_Menu): Method.TextDegerineEsitElementeTikla is PASSED

2021-11-18 11:28:02 - [MESSAGE][INFO] - Finding Test Object 'Object Repository/Menu/Ana_Menu'

2021-11-18 11:28:02 - [MESSAGE][INFO] - Checking timeout

2021-11-18 11:28:02 - [MESSAGE][INFO] - Finding web element with id: 'Object Repository/Menu/Ana_Menu' located by 'By.xpath: //*[@class = 'dropdown-toggle']' in '10' second(s)

2021-11-18 11:28:02 - [MESSAGE][INFO] - Smart Wait Function is triggered

2021-11-18 11:28:02 - [MESSAGE][INFO] - Found 14 web elements with id: 'Object Repository/Menu/Ana_Menu' located by 'By.xpath: //*[@class = 'dropdown-toggle']' in '10' second(s)

2021-11-18 11:28:02 - [MESSAGE][PASSED] - Method.TextDegerineEsitElementeTikla is PASSED

2021-11-18 11:28:02 - [MESSAGE][PASSED] - Call Test Case 'Test Cases/Menu/AnaMenuSecimi' successfully

2021-11-18 11:28:02 - [MESSAGE][INFO] - Checking called Test Case

2021-11-18 11:28:02 - [MESSAGE][INFO] - Starting to call Test Case 'Test Cases/Menu/BasligaGoreAltMenuSecimi'

2021-11-18 11:28:02 - [TEST_CASE][PASSED] - Test Cases/Menu/BasligaGoreAltMenuSecimi: Test Cases/Menu/BasligaGoreAltMenuSecimi

2021-11-18 11:28:02 - [TEST_STEP][PASSED] - Method.TextDegerineEsitElementinAltindakiTextDegerineEsitOlanaTikla(findTestObject("Menu/Menu_Basligi"), findTestObject("Menu/Basliga_Gore_Alt_Menu"), Baslik, Alt_Menu): Method.TextDegerineEsitElementinAltindakiTextDegerineEsitOlanaTikla is PASSED

2021-11-18 11:28:02 - [MESSAGE][INFO] - Finding Test Object 'Object Repository/Menu/Menu_Basligi'

2021-11-18 11:28:03 - [MESSAGE][INFO] - Finding Test Object 'Object Repository/Menu/Basliga_Gore_Alt_Menu'

2021-11-18 11:28:03 - [MESSAGE][INFO] - Checking timeout

2021-11-18 11:28:03 - [MESSAGE][INFO] - Finding web element with id: 'Object Repository/Menu/Menu_Basligi' located by 'By.xpath: //li[@class='dropdown dropdown-large open']//li[@class='dropdown-header']' in '10' second(s)

2021-11-18 11:28:03 - [MESSAGE][INFO] - Smart Wait Function is triggered

2021-11-18 11:28:03 - [MESSAGE][INFO] - Found 3 web elements with id: 'Object Repository/Menu/Menu_Basligi' located by 'By.xpath: //li[@class='dropdown dropdown-large open']//li[@class='dropdown-header']' in '10' second(s)

2021-11-18 11:28:03 - [MESSAGE][INFO] - Smart Wait Function is triggered

2021-11-18 11:28:05 - [MESSAGE][PASSED] - Method.TextDegerineEsitElementinAltindakiTextDegerineEsitOlanaTikla is PASSED

2021-11-18 11:28:05 - [MESSAGE][PASSED] - Call Test Case 'Test Cases/Menu/BasligaGoreAltMenuSecimi' successfully

2021-11-18 11:28:05 - [MESSAGE][INFO] - Checking called Test Case

2021-11-18 11:28:05 - [MESSAGE][INFO] - Starting to call Test Case 'Test Cases/Filtreler/BaslangicYaz'

2021-11-18 11:28:05 - [TEST_CASE][PASSED] - Test Cases/Filtreler/BaslangicYaz: Test Cases/Filtreler/BaslangicYaz

2021-11-18 11:28:05 - [TEST_STEP][PASSED] - delay(3): Delayed 3 second(s)

2021-11-18 11:28:05 - [MESSAGE][INFO] - Delaying browser in 3 second(s)

2021-11-18 11:28:08 - [MESSAGE][PASSED] - Delayed 3 second(s)

2021-11-18 11:28:08 - [TEST_STEP][PASSED] - Method.TextDegerineEsitElementinAltindakineTikla(findTestObject("Filtreler/Basliklar"), findTestObject("Filtreler/Basliga_Gore_Baslangic_Image"), Filtre_Adi): Method.TextDegerineEsitElementinAltindakineTikla is PASSED

2021-11-18 11:28:08 - [MESSAGE][INFO] - Finding Test Object 'Object Repository/Filtreler/Basliklar'

2021-11-18 11:28:08 - [MESSAGE][INFO] - Finding Test Object 'Object Repository/Filtreler/Basliga_Gore_Baslangic_Image'

2021-11-18 11:28:08 - [MESSAGE][INFO] - Checking timeout

2021-11-18 11:28:08 - [MESSAGE][INFO] - Finding web element with id: 'Object Repository/Filtreler/Basliklar' located by 'By.cssSelector: .control-label.col-sm-4.paddingMarginRLC' in '10' second(s)

2021-11-18 11:28:08 - [MESSAGE][INFO] - Smart Wait Function is triggered

2021-11-18 11:28:09 - [MESSAGE][INFO] - Found 13 web elements with id: 'Object Repository/Filtreler/Basliklar' located by 'By.cssSelector: .control-label.col-sm-4.paddingMarginRLC' in '10' second(s)

2021-11-18 11:28:09 - [MESSAGE][INFO] - Smart Wait Function is triggered

2021-11-18 11:28:09 - [MESSAGE][PASSED] - Method.TextDegerineEsitElementinAltindakineTikla is PASSED

2021-11-18 11:28:09 - [TEST_STEP][PASSED] - Method.TextDegerineEsitElementinAltindakiTextboxtaYaz(findTestObject("Filtreler/Basliklar"), findTestObject("Filtreler/Basliga_Gore_Baslangic"), Filtre_Adi, Filtre_Degeri): Method.TextDegerineEsitElementinAltindakiTextboxtaYaz is PASSED

2021-11-18 11:28:09 - [MESSAGE][INFO] - Finding Test Object 'Object Repository/Filtreler/Basliklar'

2021-11-18 11:28:09 - [MESSAGE][INFO] - Finding Test Object 'Object Repository/Filtreler/Basliga_Gore_Baslangic'

2021-11-18 11:28:09 - [MESSAGE][INFO] - Checking timeout

2021-11-18 11:28:09 - [MESSAGE][INFO] - Finding web element with id: 'Object Repository/Filtreler/Basliklar' located by 'By.cssSelector: .control-label.col-sm-4.paddingMarginRLC' in '10' second(s)

2021-11-18 11:28:09 - [MESSAGE][INFO] - Smart Wait Function is triggered

2021-11-18 11:28:09 - [MESSAGE][INFO] - Found 13 web elements with id: 'Object Repository/Filtreler/Basliklar' located by 'By.cssSelector: .control-label.col-sm-4.paddingMarginRLC' in '10' second(s)

2021-11-18 11:28:09 - [MESSAGE][INFO] - Smart Wait Function is triggered

2021-11-18 11:28:10 - [MESSAGE][PASSED] - Method.TextDegerineEsitElementinAltindakiTextboxtaYaz is PASSED

2021-11-18 11:28:10 - [MESSAGE][PASSED] - Call Test Case 'Test Cases/Filtreler/BaslangicYaz' successfully

2021-11-18 11:28:10 - [MESSAGE][INFO] - Checking called Test Case

2021-11-18 11:28:10 - [MESSAGE][INFO] - Starting to call Test Case 'Test Cases/Filtreler/BitisYaz'

2021-11-18 11:28:10 - [TEST_CASE][PASSED] - Test Cases/Filtreler/BitisYaz: Test Cases/Filtreler/BitisYaz

2021-11-18 11:28:10 - [TEST_STEP][PASSED] - Method.TextDegerineEsitElementinAltindakineTikla(findTestObject("Filtreler/Basliklar"), findTestObject("Filtreler/Basliga_Gore_Bitis_Image"), Filtre_Adi): Method.TextDegerineEsitElementinAltindakineTikla is PASSED

2021-11-18 11:28:10 - [MESSAGE][INFO] - Finding Test Object 'Object Repository/Filtreler/Basliklar'

2021-11-18 11:28:10 - [MESSAGE][INFO] - Finding Test Object 'Object Repository/Filtreler/Basliga_Gore_Bitis_Image'

2021-11-18 11:28:10 - [MESSAGE][INFO] - Checking timeout

2021-11-18 11:28:10 - [MESSAGE][INFO] - Finding web element with id: 'Object Repository/Filtreler/Basliklar' located by 'By.cssSelector: .control-label.col-sm-4.paddingMarginRLC' in '10' second(s)

2021-11-18 11:28:10 - [MESSAGE][INFO] - Smart Wait Function is triggered

2021-11-18 11:28:10 - [MESSAGE][INFO] - Found 13 web elements with id: 'Object Repository/Filtreler/Basliklar' located by 'By.cssSelector: .control-label.col-sm-4.paddingMarginRLC' in '10' second(s)

2021-11-18 11:28:10 - [MESSAGE][INFO] - Smart Wait Function is triggered

2021-11-18 11:28:11 - [MESSAGE][PASSED] - Method.TextDegerineEsitElementinAltindakineTikla is PASSED

2021-11-18 11:28:11 - [TEST_STEP][PASSED] - Method.TextDegerineEsitElementinAltindakiTextboxtaYaz(findTestObject("Filtreler/Basliklar"), findTestObject("Object Repository/Filtreler/Basliga_Gore_Bitis"), Filtre_Adi, Filtre_Degeri): Method.TextDegerineEsitElementinAltindakiTextboxtaYaz is PASSED

2021-11-18 11:28:11 - [MESSAGE][INFO] - Finding Test Object 'Object Repository/Filtreler/Basliklar'

2021-11-18 11:28:11 - [MESSAGE][INFO] - Finding Test Object 'Object Repository/Filtreler/Basliga_Gore_Bitis'

2021-11-18 11:28:11 - [MESSAGE][INFO] - Checking timeout

2021-11-18 11:28:11 - [MESSAGE][INFO] - Finding web element with id: 'Object Repository/Filtreler/Basliklar' located by 'By.cssSelector: .control-label.col-sm-4.paddingMarginRLC' in '10' second(s)

2021-11-18 11:28:11 - [MESSAGE][INFO] - Smart Wait Function is triggered

2021-11-18 11:28:11 - [MESSAGE][INFO] - Found 13 web elements with id: 'Object Repository/Filtreler/Basliklar' located by 'By.cssSelector: .control-label.col-sm-4.paddingMarginRLC' in '10' second(s)

2021-11-18 11:28:11 - [MESSAGE][INFO] - Smart Wait Function is triggered

2021-11-18 11:28:12 - [MESSAGE][PASSED] - Method.TextDegerineEsitElementinAltindakiTextboxtaYaz is PASSED

2021-11-18 11:28:12 - [MESSAGE][PASSED] - Call Test Case 'Test Cases/Filtreler/BitisYaz' successfully

2021-11-18 11:28:12 - [MESSAGE][INFO] - Checking called Test Case

2021-11-18 11:28:12 - [MESSAGE][INFO] - Starting to call Test Case 'Test Cases/Filtreler/ButonaTikla'

2021-11-18 11:28:12 - [TEST_CASE][PASSED] - Test Cases/Filtreler/ButonaTikla: Test Cases/Filtreler/ButonaTikla

2021-11-18 11:28:12 - [TEST_STEP][PASSED] - Method.TextDegerineEsitElementeTikla(findTestObject("Filtreler/Butonlar"), Filtre_Buton): Method.TextDegerineEsitElementeTikla is PASSED

2021-11-18 11:28:12 - [MESSAGE][INFO] - Finding Test Object 'Object Repository/Filtreler/Butonlar'

2021-11-18 11:28:12 - [MESSAGE][INFO] - Checking timeout

2021-11-18 11:28:12 - [MESSAGE][INFO] - Finding web element with id: 'Object Repository/Filtreler/Butonlar' located by 'By.cssSelector: .dxb>span' in '10' second(s)

2021-11-18 11:28:12 - [MESSAGE][INFO] - Smart Wait Function is triggered

2021-11-18 11:28:12 - [MESSAGE][INFO] - Found 3 web elements with id: 'Object Repository/Filtreler/Butonlar' located by 'By.cssSelector: .dxb>span' in '10' second(s)

2021-11-18 11:28:12 - [MESSAGE][PASSED] - Method.TextDegerineEsitElementeTikla is PASSED

2021-11-18 11:28:12 - [MESSAGE][PASSED] - Call Test Case 'Test Cases/Filtreler/ButonaTikla' successfully

2021-11-18 11:28:12 - [MESSAGE][INFO] - Checking called Test Case

2021-11-18 11:28:12 - [MESSAGE][INFO] - Starting to call Test Case 'Test Cases/Tablo/TablodaVeriVarMi'

2021-11-18 11:28:12 - [TEST_CASE][PASSED] - Test Cases/Tablo/TablodaVeriVarMi: Test Cases/Tablo/TablodaVeriVarMi

2021-11-18 11:28:12 - [TEST_STEP][PASSED] - verifyTextNotPresent("Görüntülenecek veri yok", true): Text 'Görüntülenecek veri yok' is not present on page using regular expression

2021-11-18 11:28:12 - [MESSAGE][INFO] - Checking text present  using regular expression

2021-11-18 11:28:12 - [MESSAGE][INFO] - Smart Wait Function is triggered

2021-11-18 11:28:13 - [MESSAGE][INFO] - Finding text 'Görüntülenecek veri yok' on page  using regular expression

2021-11-18 11:28:13 - [MESSAGE][PASSED] - Text 'Görüntülenecek veri yok' is not present on page using regular expression

2021-11-18 11:28:13 - [MESSAGE][PASSED] - Call Test Case 'Test Cases/Tablo/TablodaVeriVarMi' successfully

2021-11-18 11:28:13 - [MESSAGE][INFO] - Checking called Test Case

2021-11-18 11:28:13 - [MESSAGE][INFO] - Starting to call Test Case 'Test Cases/Tablo/TablodanVeriSec'

2021-11-18 11:28:13 - [TEST_CASE][PASSED] - Test Cases/Tablo/TablodanVeriSec: Test Cases/Tablo/TablodanVeriSec

2021-11-18 11:28:13 - [TEST_STEP][PASSED] - Method.TextDegerineEsitElementinAltindakineTikla(findTestObject("Tablo/Veriler"), findTestObject("Tablo/VerininCheckBoxi"), Veri_Adi): Method.TextDegerineEsitElementinAltindakineTikla is PASSED

2021-11-18 11:28:13 - [MESSAGE][INFO] - Finding Test Object 'Object Repository/Tablo/Veriler'

2021-11-18 11:28:14 - [MESSAGE][INFO] - Finding Test Object 'Object Repository/Tablo/VerininCheckBoxi'

2021-11-18 11:28:14 - [MESSAGE][INFO] - Checking timeout

2021-11-18 11:28:14 - [MESSAGE][INFO] - Finding web element with id: 'Object Repository/Tablo/Veriler' located by 'By.cssSelector: td.dxgv b ,td.dxgv' in '10' second(s)

2021-11-18 11:28:14 - [MESSAGE][INFO] - Smart Wait Function is triggered

2021-11-18 11:28:14 - [MESSAGE][INFO] - Found 90 web elements with id: 'Object Repository/Tablo/Veriler' located by 'By.cssSelector: td.dxgv b ,td.dxgv' in '10' second(s)

2021-11-18 11:28:14 - [MESSAGE][INFO] - Smart Wait Function is triggered

2021-11-18 11:28:14 - [MESSAGE][PASSED] - Method.TextDegerineEsitElementinAltindakineTikla is PASSED

2021-11-18 11:28:14 - [MESSAGE][PASSED] - Call Test Case 'Test Cases/Tablo/TablodanVeriSec' successfully

2021-11-18 11:28:14 - [MESSAGE][INFO] - Checking called Test Case

2021-11-18 11:28:14 - [MESSAGE][INFO] - Starting to call Test Case 'Test Cases/Butonlar/ButonaTikla'

2021-11-18 11:28:14 - [TEST_CASE][PASSED] - Test Cases/Butonlar/ButonaTikla: Test Cases/Butonlar/ButonaTikla

2021-11-18 11:28:14 - [TEST_STEP][PASSED] - Method.TextDegerineEsitElementeTiklaEquals(findTestObject("Butonlar/Butonlar"), Buton_Adi): Method.TextDegerineEsitElementeTiklaEquals is PASSED

2021-11-18 11:28:14 - [MESSAGE][INFO] - Finding Test Object 'Object Repository/Butonlar/Butonlar'

2021-11-18 11:28:15 - [MESSAGE][INFO] - Checking timeout

2021-11-18 11:28:15 - [MESSAGE][INFO] - Finding web element with id: 'Object Repository/Butonlar/Butonlar' located by 'By.cssSelector: .panel.panel-default.text-center.footerPanel .btn,.btn.btn-primary.btnControls' in '10' second(s)

2021-11-18 11:28:15 - [MESSAGE][INFO] - Smart Wait Function is triggered

2021-11-18 11:28:15 - [MESSAGE][INFO] - Found 6 web elements with id: 'Object Repository/Butonlar/Butonlar' located by 'By.cssSelector: .panel.panel-default.text-center.footerPanel .btn,.btn.btn-primary.btnControls' in '10' second(s)

2021-11-18 11:28:15 - [MESSAGE][PASSED] - Method.TextDegerineEsitElementeTiklaEquals is PASSED

2021-11-18 11:28:15 - [MESSAGE][PASSED] - Call Test Case 'Test Cases/Butonlar/ButonaTikla' successfully

2021-11-18 11:28:15 - [MESSAGE][INFO] - Checking called Test Case

2021-11-18 11:28:15 - [MESSAGE][INFO] - Starting to call Test Case 'Test Cases/Sekmeler/YeniSekmeyeGec'

2021-11-18 11:28:15 - [TEST_CASE][PASSED] - Test Cases/Sekmeler/YeniSekmeyeGec: Test Cases/Sekmeler/YeniSekmeyeGec

2021-11-18 11:28:15 - [TEST_STEP][PASSED] - switchToWindowIndex(1): Switched to window with index: '1'

2021-11-18 11:28:15 - [MESSAGE][INFO] - Checking index

2021-11-18 11:28:15 - [MESSAGE][INFO] - Switching window with index: '1'

2021-11-18 11:28:15 - [MESSAGE][PASSED] - Switched to window with index: '1'

2021-11-18 11:28:15 - [MESSAGE][PASSED] - Call Test Case 'Test Cases/Sekmeler/YeniSekmeyeGec' successfully

2021-11-18 11:28:15 - [MESSAGE][INFO] - Checking called Test Case

2021-11-18 11:28:15 - [MESSAGE][INFO] - Starting to call Test Case 'Test Cases/Sekmeler/DepartmanCheckboxiSecilir'

2021-11-18 11:28:15 - [TEST_CASE][PASSED] - Test Cases/Sekmeler/DepartmanCheckboxiSecilir: Test Cases/Sekmeler/DepartmanCheckboxiSecilir

2021-11-18 11:28:15 - [TEST_STEP][PASSED] - Method.TextDegerineEsitElementeTikla(findTestObject("Object Repository/Sekmeler/DepartmanCheckboxi"), Departman): Method.TextDegerineEsitElementeTikla is PASSED

2021-11-18 11:28:15 - [MESSAGE][INFO] - Finding Test Object 'Object Repository/Sekmeler/DepartmanCheckboxi'

2021-11-18 11:28:15 - [MESSAGE][INFO] - Checking timeout

2021-11-18 11:28:15 - [MESSAGE][INFO] - Finding web element with id: 'Object Repository/Sekmeler/DepartmanCheckboxi' located by 'By.cssSelector: .dx-wrap' in '10' second(s)

2021-11-18 11:28:15 - [MESSAGE][INFO] - Smart Wait Function is triggered

2021-11-18 11:28:16 - [MESSAGE][INFO] - Found 4 web elements with id: 'Object Repository/Sekmeler/DepartmanCheckboxi' located by 'By.cssSelector: .dx-wrap' in '10' second(s)

2021-11-18 11:28:16 - [MESSAGE][PASSED] - Method.TextDegerineEsitElementeTikla is PASSED

2021-11-18 11:28:16 - [MESSAGE][PASSED] - Call Test Case 'Test Cases/Sekmeler/DepartmanCheckboxiSecilir' successfully

2021-11-18 11:28:16 - [MESSAGE][INFO] - Checking called Test Case

2021-11-18 11:28:16 - [MESSAGE][INFO] - Starting to call Test Case 'Test Cases/Sekmeler/DepartmanKaydedilir'

2021-11-18 11:28:16 - [TEST_CASE][PASSED] - Test Cases/Sekmeler/DepartmanKaydedilir: Test Cases/Sekmeler/DepartmanKaydedilir

2021-11-18 11:28:16 - [TEST_STEP][PASSED] - waitForElementClickable(findTestObject("Object Repository/Sekmeler/DepartmanKaydetButoni"), 10): Object 'Object Repository/Sekmeler/DepartmanKaydetButoni' is clickable

2021-11-18 11:28:16 - [MESSAGE][INFO] - Finding Test Object 'Object Repository/Sekmeler/DepartmanKaydetButoni'

2021-11-18 11:28:16 - [MESSAGE][INFO] - Checking object

2021-11-18 11:28:16 - [MESSAGE][INFO] - Checking timeout

2021-11-18 11:28:16 - [MESSAGE][INFO] - Finding web element from Test Object's properties

2021-11-18 11:28:16 - [MESSAGE][INFO] - Checking timeout

2021-11-18 11:28:16 - [MESSAGE][INFO] - Finding web element with id: 'Object Repository/Sekmeler/DepartmanKaydetButoni' located by 'By.cssSelector: .dx-vam' in '10' second(s)

2021-11-18 11:28:16 - [MESSAGE][INFO] - Smart Wait Function is triggered

2021-11-18 11:28:16 - [MESSAGE][INFO] - Found 1 web elements with id: 'Object Repository/Sekmeler/DepartmanKaydetButoni' located by 'By.cssSelector: .dx-vam' in '10' second(s)

2021-11-18 11:28:16 - [MESSAGE][PASSED] - Object 'Object Repository/Sekmeler/DepartmanKaydetButoni' is clickable

2021-11-18 11:28:16 - [TEST_STEP][PASSED] - click(findTestObject("Object Repository/Sekmeler/DepartmanKaydetButoni")): Object: 'Object Repository/Sekmeler/DepartmanKaydetButoni' is clicked on

2021-11-18 11:28:16 - [MESSAGE][INFO] - Finding Test Object 'Object Repository/Sekmeler/DepartmanKaydetButoni'

2021-11-18 11:28:16 - [MESSAGE][INFO] - Checking object

2021-11-18 11:28:16 - [MESSAGE][INFO] - Finding web element from Test Object's properties

2021-11-18 11:28:16 - [MESSAGE][INFO] - Checking timeout

2021-11-18 11:28:16 - [MESSAGE][INFO] - Finding web element with id: 'Object Repository/Sekmeler/DepartmanKaydetButoni' located by 'By.cssSelector: .dx-vam' in '30' second(s)

2021-11-18 11:28:16 - [MESSAGE][INFO] - Smart Wait Function is triggered

2021-11-18 11:28:17 - [MESSAGE][INFO] - Found 1 web elements with id: 'Object Repository/Sekmeler/DepartmanKaydetButoni' located by 'By.cssSelector: .dx-vam' in '30' second(s)

2021-11-18 11:28:17 - [MESSAGE][INFO] - Clicking on object: 'Object Repository/Sekmeler/DepartmanKaydetButoni'

2021-11-18 11:28:17 - [MESSAGE][PASSED] - Object: 'Object Repository/Sekmeler/DepartmanKaydetButoni' is clicked on

2021-11-18 11:28:17 - [MESSAGE][PASSED] - Call Test Case 'Test Cases/Sekmeler/DepartmanKaydedilir' successfully

2021-11-18 11:28:17 - [MESSAGE][INFO] - Checking called Test Case

2021-11-18 11:28:17 - [MESSAGE][INFO] - Starting to call Test Case 'Test Cases/Popup/PopupMesajiIceriyorMu'

2021-11-18 11:28:17 - [TEST_CASE][PASSED] - Test Cases/Popup/PopupMesajiIceriyorMu: Test Cases/Popup/PopupMesajiIceriyorMu

2021-11-18 11:28:17 - [TEST_STEP][PASSED] - waitForElementVisible(findTestObject("Popup/Popup"), 10): Object 'Object Repository/Popup/Popup' is visible

2021-11-18 11:28:17 - [MESSAGE][INFO] - Finding Test Object 'Object Repository/Popup/Popup'

2021-11-18 11:28:17 - [MESSAGE][INFO] - Checking object

2021-11-18 11:28:17 - [MESSAGE][INFO] - Checking timeout

2021-11-18 11:28:17 - [MESSAGE][INFO] - Finding web element from Test Object's properties

2021-11-18 11:28:17 - [MESSAGE][INFO] - Checking timeout

2021-11-18 11:28:17 - [MESSAGE][INFO] - Finding web element with id: 'Object Repository/Popup/Popup' located by 'By.cssSelector: .bootbox-body' in '10' second(s)

2021-11-18 11:28:17 - [MESSAGE][INFO] - Smart Wait Function is triggered

2021-11-18 11:28:18 - [MESSAGE][INFO] - Found 1 web elements with id: 'Object Repository/Popup/Popup' located by 'By.cssSelector: .bootbox-body' in '10' second(s)

2021-11-18 11:28:18 - [MESSAGE][PASSED] - Object 'Object Repository/Popup/Popup' is visible

2021-11-18 11:28:18 - [TEST_STEP][PASSED] - if (!(getText(findTestObject("Popup/Popup")).contains(Mesaj))): Text of object 'Object Repository/Popup/Popup' is: 'Seçilen belgeler ilgili departmanlara aktarılmıştır.'

2021-11-18 11:28:18 - [MESSAGE][INFO] - Finding Test Object 'Object Repository/Popup/Popup'

2021-11-18 11:28:18 - [MESSAGE][INFO] - Checking object

2021-11-18 11:28:18 - [MESSAGE][INFO] - Finding web element from Test Object's properties

2021-11-18 11:28:18 - [MESSAGE][INFO] - Checking timeout

2021-11-18 11:28:18 - [MESSAGE][INFO] - Finding web element with id: 'Object Repository/Popup/Popup' located by 'By.cssSelector: .bootbox-body' in '30' second(s)

2021-11-18 11:28:18 - [MESSAGE][INFO] - Smart Wait Function is triggered

2021-11-18 11:28:18 - [MESSAGE][INFO] - Found 1 web elements with id: 'Object Repository/Popup/Popup' located by 'By.cssSelector: .bootbox-body' in '30' second(s)

2021-11-18 11:28:18 - [MESSAGE][INFO] - Getting text of object 'Object Repository/Popup/Popup'

2021-11-18 11:28:18 - [MESSAGE][PASSED] - Text of object 'Object Repository/Popup/Popup' is: 'Seçilen belgeler ilgili departmanlara aktarılmıştır.'

2021-11-18 11:28:18 - [TEST_STEP][PASSED] - RaporNo = getText(findTestObject("Popup/Popup")).substring(0, 6): Text of object 'Object Repository/Popup/Popup' is: 'Seçilen belgeler ilgili departmanlara aktarılmıştır.'

2021-11-18 11:28:18 - [MESSAGE][INFO] - Finding Test Object 'Object Repository/Popup/Popup'

2021-11-18 11:28:18 - [MESSAGE][INFO] - Checking object

2021-11-18 11:28:18 - [MESSAGE][INFO] - Finding web element from Test Object's properties

2021-11-18 11:28:18 - [MESSAGE][INFO] - Checking timeout

2021-11-18 11:28:18 - [MESSAGE][INFO] - Finding web element with id: 'Object Repository/Popup/Popup' located by 'By.cssSelector: .bootbox-body' in '30' second(s)

2021-11-18 11:28:18 - [MESSAGE][INFO] - Smart Wait Function is triggered

2021-11-18 11:28:18 - [MESSAGE][INFO] - Found 1 web elements with id: 'Object Repository/Popup/Popup' located by 'By.cssSelector: .bootbox-body' in '30' second(s)

2021-11-18 11:28:18 - [MESSAGE][INFO] - Getting text of object 'Object Repository/Popup/Popup'

2021-11-18 11:28:18 - [MESSAGE][PASSED] - Text of object 'Object Repository/Popup/Popup' is: 'Seçilen belgeler ilgili departmanlara aktarılmıştır.'

2021-11-18 11:28:18 - [TEST_STEP][PASSED] - Console.println(RaporNo): null

2021-11-18 11:28:18 - [MESSAGE][PASSED] - Call Test Case 'Test Cases/Popup/PopupMesajiIceriyorMu' successfully

2021-11-18 11:28:18 - [MESSAGE][INFO] - Checking called Test Case

2021-11-18 11:28:18 - [MESSAGE][INFO] - Starting to call Test Case 'Test Cases/Popup/PopupButonSecilir'

2021-11-18 11:28:19 - [TEST_CASE][PASSED] - Test Cases/Popup/PopupButonSecilir: Test Cases/Popup/PopupButonSecilir

2021-11-18 11:28:19 - [TEST_STEP][PASSED] - Method.TextDegerineEsitElementeTikla(findTestObject("Popup/Popup_Butons"), Buton): Method.TextDegerineEsitElementeTikla is PASSED

2021-11-18 11:28:19 - [MESSAGE][INFO] - Finding Test Object 'Object Repository/Popup/Popup_Butons'

2021-11-18 11:28:19 - [MESSAGE][INFO] - Checking timeout

2021-11-18 11:28:19 - [MESSAGE][INFO] - Finding web element with id: 'Object Repository/Popup/Popup_Butons' located by 'By.cssSelector: .modal-footer>button' in '10' second(s)

2021-11-18 11:28:19 - [MESSAGE][INFO] - Smart Wait Function is triggered

2021-11-18 11:28:19 - [MESSAGE][INFO] - Found 1 web elements with id: 'Object Repository/Popup/Popup_Butons' located by 'By.cssSelector: .modal-footer>button' in '10' second(s)

2021-11-18 11:28:19 - [MESSAGE][PASSED] - Method.TextDegerineEsitElementeTikla is PASSED

2021-11-18 11:28:19 - [MESSAGE][PASSED] - Call Test Case 'Test Cases/Popup/PopupButonSecilir' successfully

2021-11-18 11:28:19 - [MESSAGE][INFO] - Checking called Test Case

2021-11-18 11:28:19 - [MESSAGE][INFO] - Starting to call Test Case 'Test Cases/Sekmeler/Ana_Sekmeye_Gec'

2021-11-18 11:28:19 - [TEST_CASE][PASSED] - Test Cases/Sekmeler/Ana_Sekmeye_Gec: Test Cases/Sekmeler/Ana_Sekmeye_Gec

2021-11-18 11:28:19 - [TEST_STEP][FAILED] - try: Unable to get the index of the current window (Root cause: com.kms.katalon.core.exception.StepFailedException: Unable to get the index of the current window
	at com.kms.katalon.core.webui.keyword.internal.WebUIKeywordMain.stepFailed(WebUIKeywordMain.groovy:64)
	at com.kms.katalon.core.webui.keyword.internal.WebUIKeywordMain.runKeywordAndReturnInt(WebUIKeywordMain.groovy:56)
	at com.kms.katalon.core.webui.keyword.builtin.GetWindowIndexKeyword.getWindowIndex(GetWindowIndexKeyword.groovy:71)
	at com.kms.katalon.core.webui.keyword.builtin.GetWindowIndexKeyword.execute(GetWindowIndexKeyword.groovy:66)
	at com.kms.katalon.core.keyword.internal.KeywordExecutor.executeKeywordForPlatform(KeywordExecutor.groovy:73)
	at com.kms.katalon.core.webui.keyword.WebUiBuiltInKeywords.getWindowIndex(WebUiBuiltInKeywords.groovy:262)
	at com.kms.katalon.core.webui.keyword.WebUiBuiltInKeywords$getWindowIndex$22.call(Unknown Source)
	at Ana_Sekmeye_Gec.run(Ana_Sekmeye_Gec:18)
	at com.kms.katalon.core.main.ScriptEngine.run(ScriptEngine.java:194)
	at com.kms.katalon.core.main.ScriptEngine.runScriptAsRawText(ScriptEngine.java:119)
	at com.kms.katalon.core.main.TestCaseExecutor.runScript(TestCaseExecutor.java:369)
	at com.kms.katalon.core.main.TestCaseExecutor.doExecute(TestCaseExecutor.java:360)
	at com.kms.katalon.core.main.TestCaseExecutor.processExecutionPhase(TestCaseExecutor.java:339)
	at com.kms.katalon.core.main.TestCaseExecutor.accessMainPhase(TestCaseExecutor.java:331)
	at com.kms.katalon.core.main.TestCaseExecutor.execute(TestCaseExecutor.java:248)
	at com.kms.katalon.core.main.TestCaseMain.runTestCase(TestCaseMain.java:138)
	at com.kms.katalon.core.keyword.builtin.CallTestCaseKeyword$_callTestCase_closure1.doCall(CallTestCaseKeyword.groovy:59)
	at com.kms.katalon.core.keyword.builtin.CallTestCaseKeyword$_callTestCase_closure1.call(CallTestCaseKeyword.groovy)
	at com.kms.katalon.core.keyword.internal.KeywordMain.runKeyword(KeywordMain.groovy:68)
	at com.kms.katalon.core.keyword.builtin.CallTestCaseKeyword.callTestCase(CallTestCaseKeyword.groovy:81)
	at com.kms.katalon.core.keyword.builtin.CallTestCaseKeyword.execute(CallTestCaseKeyword.groovy:44)
	at com.kms.katalon.core.keyword.internal.KeywordExecutor.executeKeywordForPlatform(KeywordExecutor.groovy:73)
	at com.kms.katalon.core.keyword.BuiltinKeywords.callTestCase(BuiltinKeywords.groovy:334)
	at sekmeler.sekmeler.anaSekmeyeGecilir(sekmeler.groovy:55)
	at cucumber.runtime.Utils$1.call(Utils.java:26)
	at cucumber.runtime.Timeout.timeout(Timeout.java:16)
	at cucumber.runtime.Utils.invoke(Utils.java:20)
	at cucumber.runtime.java.JavaStepDefinition.execute(JavaStepDefinition.java:49)
	at cucumber.runner.PickleStepDefinitionMatch.runStep(PickleStepDefinitionMatch.java:50)
	at cucumber.runner.TestStep.executeStep(TestStep.java:63)
	at cucumber.runner.TestStep.run(TestStep.java:49)
	at cucumber.runner.PickleStepTestStep.run(PickleStepTestStep.java:43)
	at cucumber.runner.TestCase.run(TestCase.java:44)
	at cucumber.runner.Runner.runPickle(Runner.java:40)
	at cucumber.runtime.Runtime$1.run(Runtime.java:84)
	at cucumber.runtime.Runtime$SameThreadExecutorService.execute(Runtime.java:220)
	at cucumber.runtime.Runtime.run(Runtime.java:81)
	at cucumber.api.cli.Main.run(Main.java:26)
	at cucumber.api.cli.Main$run.call(Unknown Source)
	at com.kms.katalon.core.cucumber.keyword.CucumberBuiltinKeywords$_runFeatureFile_closure1.doCall(CucumberBuiltinKeywords.groovy:106)
	at com.kms.katalon.core.cucumber.keyword.CucumberBuiltinKeywords$_runFeatureFile_closure1.doCall(CucumberBuiltinKeywords.groovy)
	at com.kms.katalon.core.keyword.internal.KeywordMain.runKeyword(KeywordMain.groovy:68)
	at com.kms.katalon.core.keyword.internal.KeywordMain$runKeyword.call(Unknown Source)
	at com.kms.katalon.core.cucumber.keyword.CucumberBuiltinKeywords.runFeatureFile(CucumberBuiltinKeywords.groovy:73)
	at com.kms.katalon.core.cucumber.keyword.CucumberBuiltinKeywords$runFeatureFile$0.callStatic(Unknown Source)
	at com.kms.katalon.core.cucumber.keyword.CucumberBuiltinKeywords.runFeatureFile(CucumberBuiltinKeywords.groovy:246)
	at com.kms.katalon.core.cucumber.keyword.CucumberBuiltinKeywords$runFeatureFile.call(Unknown Source)
	at Departman Ata_Geri Al.run(Departman Ata_Geri Al:18)
	at com.kms.katalon.core.main.ScriptEngine.run(ScriptEngine.java:194)
	at com.kms.katalon.core.main.ScriptEngine.runScriptAsRawText(ScriptEngine.java:119)
	at com.kms.katalon.core.main.TestCaseExecutor.runScript(TestCaseExecutor.java:369)
	at com.kms.katalon.core.main.TestCaseExecutor.doExecute(TestCaseExecutor.java:360)
	at com.kms.katalon.core.main.TestCaseExecutor.processExecutionPhase(TestCaseExecutor.java:339)
	at com.kms.katalon.core.main.TestCaseExecutor.accessMainPhase(TestCaseExecutor.java:331)
	at com.kms.katalon.core.main.TestCaseExecutor.execute(TestCaseExecutor.java:248)
	at com.kms.katalon.core.main.TestSuiteExecutor.accessTestCaseMainPhase(TestSuiteExecutor.java:191)
	at com.kms.katalon.core.main.TestSuiteExecutor.accessTestSuiteMainPhase(TestSuiteExecutor.java:140)
	at com.kms.katalon.core.main.TestSuiteExecutor.execute(TestSuiteExecutor.java:89)
	at com.kms.katalon.core.main.TestCaseMain.startTestSuite(TestCaseMain.java:181)
	at com.kms.katalon.core.main.TestCaseMain$startTestSuite$0.call(Unknown Source)
	at TempTestSuite1637222960690.run(TempTestSuite1637222960690.groovy:39)
Caused by: org.openqa.selenium.NoSuchWindowException: no such window: window was already closed
  (Session info: chrome=96.0.4664.45)
Build info: version: '3.141.59', revision: 'e82be7d358', time: '2018-11-14T08:25:53'
System info: host: 'DESKTOP-QBVMTUG', ip: '192.168.1.24', os.name: 'Windows 10', os.arch: 'amd64', os.version: '10.0', java.version: '1.8.0_282'
Driver info: com.kms.katalon.selenium.driver.CChromeDriver
Capabilities {acceptInsecureCerts: false, browserName: chrome, browserVersion: 96.0.4664.45, chrome: {chromedriverVersion: 96.0.4664.45 (76e4c1bb2ab46..., userDataDir: C:\Users\DELL\AppData\Local...}, goog:chromeOptions: {debuggerAddress: localhost:65270}, javascriptEnabled: true, networkConnectionEnabled: false, pageLoadStrategy: normal, platform: WINDOWS, platformName: WINDOWS, proxy: Proxy(), setWindowRect: true, strictFileInteractability: false, timeouts: {implicit: 0, pageLoad: 300000, script: 30000}, unhandledPromptBehavior: dismiss and notify, webauthn:extension:credBlob: true, webauthn:extension:largeBlob: true, webauthn:virtualAuthenticators: true}
Session ID: e0231213f4fe273cafa0dde5cc8dc661
	at org.openqa.selenium.remote.http.W3CHttpResponseCodec.createException(W3CHttpResponseCodec.java:187)
	at org.openqa.selenium.remote.http.W3CHttpResponseCodec.decode(W3CHttpResponseCodec.java:122)
	at org.openqa.selenium.remote.http.W3CHttpResponseCodec.decode(W3CHttpResponseCodec.java:49)
	at org.openqa.selenium.remote.HttpCommandExecutor.execute(HttpCommandExecutor.java:158)
	at org.openqa.selenium.remote.service.DriverCommandExecutor.execute(DriverCommandExecutor.java:83)
	at org.openqa.selenium.remote.RemoteWebDriver.execute(RemoteWebDriver.java:552)
	at com.kms.katalon.selenium.driver.CChromeDriver.execute(CChromeDriver.java:19)
	at org.openqa.selenium.remote.RemoteWebDriver.execute(RemoteWebDriver.java:609)
	at org.openqa.selenium.remote.RemoteWebDriver.getWindowHandle(RemoteWebDriver.java:472)
	at org.openqa.selenium.support.events.EventFiringWebDriver.lambda$new$1(EventFiringWebDriver.java:105)
	at com.sun.proxy.$Proxy12.getWindowHandle(Unknown Source)
	at org.openqa.selenium.support.events.EventFiringWebDriver.getWindowHandle(EventFiringWebDriver.java:221)
	at com.kms.katalon.core.webui.driver.DriverFactory.getCurrentWindowIndex(DriverFactory.java:1072)
	at com.kms.katalon.core.webui.keyword.builtin.GetWindowIndexKeyword$_getWindowIndex_closure1.doCall(GetWindowIndexKeyword.groovy:73)
	at com.kms.katalon.core.webui.keyword.builtin.GetWindowIndexKeyword$_getWindowIndex_closure1.call(GetWindowIndexKeyword.groovy)
	at com.kms.katalon.core.webui.keyword.internal.WebUIKeywordMain.runKeywordAndReturnInt(WebUIKeywordMain.groovy:50)
	at com.kms.katalon.core.webui.keyword.builtin.GetWindowIndexKeyword.getWindowIndex(GetWindowIndexKeyword.groovy:71)
	at com.kms.katalon.core.webui.keyword.builtin.GetWindowIndexKeyword.execute(GetWindowIndexKeyword.groovy:66)
	at com.kms.katalon.core.keyword.internal.KeywordExecutor.executeKeywordForPlatform(KeywordExecutor.groovy:73)
	at com.kms.katalon.core.webui.keyword.WebUiBuiltInKeywords.getWindowIndex(WebUiBuiltInKeywords.groovy:262)
	at com.kms.katalon.core.webui.keyword.WebUiBuiltInKeywords$getWindowIndex$22.call(Unknown Source)
	at Script1586261051750.run(Script1586261051750.groovy:18)
	at com.kms.katalon.core.main.ScriptEngine.run(ScriptEngine.java:194)
	at com.kms.katalon.core.main.ScriptEngine.runScriptAsRawText(ScriptEngine.java:119)
	at com.kms.katalon.core.main.TestCaseExecutor.runScript(TestCaseExecutor.java:369)
	at com.kms.katalon.core.main.TestCaseExecutor.doExecute(TestCaseExecutor.java:360)
	at com.kms.katalon.core.main.TestCaseExecutor.processExecutionPhase(TestCaseExecutor.java:339)
	at com.kms.katalon.core.main.TestCaseExecutor.accessMainPhase(TestCaseExecutor.java:331)
	at com.kms.katalon.core.main.TestCaseExecutor.execute(TestCaseExecutor.java:248)
	at com.kms.katalon.core.main.TestCaseMain.runTestCase(TestCaseMain.java:138)
	at com.kms.katalon.core.keyword.builtin.CallTestCaseKeyword$_callTestCase_closure1.doCall(CallTestCaseKeyword.groovy:59)
	at com.kms.katalon.core.keyword.builtin.CallTestCaseKeyword$_callTestCase_closure1.call(CallTestCaseKeyword.groovy)
	at com.kms.katalon.core.keyword.internal.KeywordMain.runKeyword(KeywordMain.groovy:68)
	at com.kms.katalon.core.keyword.builtin.CallTestCaseKeyword.callTestCase(CallTestCaseKeyword.groovy:81)
	at com.kms.katalon.core.keyword.builtin.CallTestCaseKeyword.execute(CallTestCaseKeyword.groovy:44)
	at com.kms.katalon.core.keyword.internal.KeywordExecutor.executeKeywordForPlatform(KeywordExecutor.groovy:73)
	at com.kms.katalon.core.keyword.BuiltinKeywords.callTestCase(BuiltinKeywords.groovy:334)
	at sekmeler.sekmeler.anaSekmeyeGecilir(sekmeler.groovy:55)
	at cucumber.runtime.Utils$1.call(Utils.java:26)
	at cucumber.runtime.Timeout.timeout(Timeout.java:16)
	at cucumber.runtime.Utils.invoke(Utils.java:20)
	at cucumber.runtime.java.JavaStepDefinition.execute(JavaStepDefinition.java:49)
	at cucumber.runner.PickleStepDefinitionMatch.runStep(PickleStepDefinitionMatch.java:50)
	at cucumber.runner.TestStep.executeStep(TestStep.java:63)
	at cucumber.runner.TestStep.run(TestStep.java:49)
	at cucumber.runner.PickleStepTestStep.run(PickleStepTestStep.java:43)
	at cucumber.runner.TestCase.run(TestCase.java:44)
	at cucumber.runner.Runner.runPickle(Runner.java:40)
	at cucumber.runtime.Runtime$1.run(Runtime.java:84)
	at cucumber.runtime.Runtime$SameThreadExecutorService.execute(Runtime.java:220)
	at cucumber.runtime.Runtime.run(Runtime.java:81)
	at cucumber.api.cli.Main.run(Main.java:26)
	at cucumber.api.cli.Main$run.call(Unknown Source)
	at com.kms.katalon.core.cucumber.keyword.CucumberBuiltinKeywords$_runFeatureFile_closure1.doCall(CucumberBuiltinKeywords.groovy:106)
	at com.kms.katalon.core.cucumber.keyword.CucumberBuiltinKeywords$_runFeatureFile_closure1.doCall(CucumberBuiltinKeywords.groovy)
	at com.kms.katalon.core.keyword.internal.KeywordMain.runKeyword(KeywordMain.groovy:68)
	at com.kms.katalon.core.keyword.internal.KeywordMain$runKeyword.call(Unknown Source)
	at com.kms.katalon.core.cucumber.keyword.CucumberBuiltinKeywords.runFeatureFile(CucumberBuiltinKeywords.groovy:73)
	at com.kms.katalon.core.cucumber.keyword.CucumberBuiltinKeywords$runFeatureFile$0.callStatic(Unknown Source)
	at com.kms.katalon.core.cucumber.keyword.CucumberBuiltinKeywords.runFeatureFile(CucumberBuiltinKeywords.groovy:246)
	at com.kms.katalon.core.cucumber.keyword.CucumberBuiltinKeywords$runFeatureFile.call(Unknown Source)
	at Script1600698733868.run(Script1600698733868.groovy:18)
	... 13 more
)

2021-11-18 11:28:19 - [TEST_STEP][FAILED] - index = getWindowIndex(): Unable to get the index of the current window (Root cause: com.kms.katalon.core.exception.StepFailedException: Unable to get the index of the current window
	at com.kms.katalon.core.webui.keyword.internal.WebUIKeywordMain.stepFailed(WebUIKeywordMain.groovy:64)
	at com.kms.katalon.core.webui.keyword.internal.WebUIKeywordMain.runKeywordAndReturnInt(WebUIKeywordMain.groovy:56)
	at com.kms.katalon.core.webui.keyword.builtin.GetWindowIndexKeyword.getWindowIndex(GetWindowIndexKeyword.groovy:71)
	at com.kms.katalon.core.webui.keyword.builtin.GetWindowIndexKeyword.execute(GetWindowIndexKeyword.groovy:66)
	at com.kms.katalon.core.keyword.internal.KeywordExecutor.executeKeywordForPlatform(KeywordExecutor.groovy:73)
	at com.kms.katalon.core.webui.keyword.WebUiBuiltInKeywords.getWindowIndex(WebUiBuiltInKeywords.groovy:262)
	at com.kms.katalon.core.webui.keyword.WebUiBuiltInKeywords$getWindowIndex$22.call(Unknown Source)
	at Ana_Sekmeye_Gec.run(Ana_Sekmeye_Gec:18)
	at com.kms.katalon.core.main.ScriptEngine.run(ScriptEngine.java:194)
	at com.kms.katalon.core.main.ScriptEngine.runScriptAsRawText(ScriptEngine.java:119)
	at com.kms.katalon.core.main.TestCaseExecutor.runScript(TestCaseExecutor.java:369)
	at com.kms.katalon.core.main.TestCaseExecutor.doExecute(TestCaseExecutor.java:360)
	at com.kms.katalon.core.main.TestCaseExecutor.processExecutionPhase(TestCaseExecutor.java:339)
	at com.kms.katalon.core.main.TestCaseExecutor.accessMainPhase(TestCaseExecutor.java:331)
	at com.kms.katalon.core.main.TestCaseExecutor.execute(TestCaseExecutor.java:248)
	at com.kms.katalon.core.main.TestCaseMain.runTestCase(TestCaseMain.java:138)
	at com.kms.katalon.core.keyword.builtin.CallTestCaseKeyword$_callTestCase_closure1.doCall(CallTestCaseKeyword.groovy:59)
	at com.kms.katalon.core.keyword.builtin.CallTestCaseKeyword$_callTestCase_closure1.call(CallTestCaseKeyword.groovy)
	at com.kms.katalon.core.keyword.internal.KeywordMain.runKeyword(KeywordMain.groovy:68)
	at com.kms.katalon.core.keyword.builtin.CallTestCaseKeyword.callTestCase(CallTestCaseKeyword.groovy:81)
	at com.kms.katalon.core.keyword.builtin.CallTestCaseKeyword.execute(CallTestCaseKeyword.groovy:44)
	at com.kms.katalon.core.keyword.internal.KeywordExecutor.executeKeywordForPlatform(KeywordExecutor.groovy:73)
	at com.kms.katalon.core.keyword.BuiltinKeywords.callTestCase(BuiltinKeywords.groovy:334)
	at sekmeler.sekmeler.anaSekmeyeGecilir(sekmeler.groovy:55)
	at cucumber.runtime.Utils$1.call(Utils.java:26)
	at cucumber.runtime.Timeout.timeout(Timeout.java:16)
	at cucumber.runtime.Utils.invoke(Utils.java:20)
	at cucumber.runtime.java.JavaStepDefinition.execute(JavaStepDefinition.java:49)
	at cucumber.runner.PickleStepDefinitionMatch.runStep(PickleStepDefinitionMatch.java:50)
	at cucumber.runner.TestStep.executeStep(TestStep.java:63)
	at cucumber.runner.TestStep.run(TestStep.java:49)
	at cucumber.runner.PickleStepTestStep.run(PickleStepTestStep.java:43)
	at cucumber.runner.TestCase.run(TestCase.java:44)
	at cucumber.runner.Runner.runPickle(Runner.java:40)
	at cucumber.runtime.Runtime$1.run(Runtime.java:84)
	at cucumber.runtime.Runtime$SameThreadExecutorService.execute(Runtime.java:220)
	at cucumber.runtime.Runtime.run(Runtime.java:81)
	at cucumber.api.cli.Main.run(Main.java:26)
	at cucumber.api.cli.Main$run.call(Unknown Source)
	at com.kms.katalon.core.cucumber.keyword.CucumberBuiltinKeywords$_runFeatureFile_closure1.doCall(CucumberBuiltinKeywords.groovy:106)
	at com.kms.katalon.core.cucumber.keyword.CucumberBuiltinKeywords$_runFeatureFile_closure1.doCall(CucumberBuiltinKeywords.groovy)
	at com.kms.katalon.core.keyword.internal.KeywordMain.runKeyword(KeywordMain.groovy:68)
	at com.kms.katalon.core.keyword.internal.KeywordMain$runKeyword.call(Unknown Source)
	at com.kms.katalon.core.cucumber.keyword.CucumberBuiltinKeywords.runFeatureFile(CucumberBuiltinKeywords.groovy:73)
	at com.kms.katalon.core.cucumber.keyword.CucumberBuiltinKeywords$runFeatureFile$0.callStatic(Unknown Source)
	at com.kms.katalon.core.cucumber.keyword.CucumberBuiltinKeywords.runFeatureFile(CucumberBuiltinKeywords.groovy:246)
	at com.kms.katalon.core.cucumber.keyword.CucumberBuiltinKeywords$runFeatureFile.call(Unknown Source)
	at Departman Ata_Geri Al.run(Departman Ata_Geri Al:18)
	at com.kms.katalon.core.main.ScriptEngine.run(ScriptEngine.java:194)
	at com.kms.katalon.core.main.ScriptEngine.runScriptAsRawText(ScriptEngine.java:119)
	at com.kms.katalon.core.main.TestCaseExecutor.runScript(TestCaseExecutor.java:369)
	at com.kms.katalon.core.main.TestCaseExecutor.doExecute(TestCaseExecutor.java:360)
	at com.kms.katalon.core.main.TestCaseExecutor.processExecutionPhase(TestCaseExecutor.java:339)
	at com.kms.katalon.core.main.TestCaseExecutor.accessMainPhase(TestCaseExecutor.java:331)
	at com.kms.katalon.core.main.TestCaseExecutor.execute(TestCaseExecutor.java:248)
	at com.kms.katalon.core.main.TestSuiteExecutor.accessTestCaseMainPhase(TestSuiteExecutor.java:191)
	at com.kms.katalon.core.main.TestSuiteExecutor.accessTestSuiteMainPhase(TestSuiteExecutor.java:140)
	at com.kms.katalon.core.main.TestSuiteExecutor.execute(TestSuiteExecutor.java:89)
	at com.kms.katalon.core.main.TestCaseMain.startTestSuite(TestCaseMain.java:181)
	at com.kms.katalon.core.main.TestCaseMain$startTestSuite$0.call(Unknown Source)
	at TempTestSuite1637222960690.run(TempTestSuite1637222960690.groovy:39)
Caused by: org.openqa.selenium.NoSuchWindowException: no such window: window was already closed
  (Session info: chrome=96.0.4664.45)
Build info: version: '3.141.59', revision: 'e82be7d358', time: '2018-11-14T08:25:53'
System info: host: 'DESKTOP-QBVMTUG', ip: '192.168.1.24', os.name: 'Windows 10', os.arch: 'amd64', os.version: '10.0', java.version: '1.8.0_282'
Driver info: com.kms.katalon.selenium.driver.CChromeDriver
Capabilities {acceptInsecureCerts: false, browserName: chrome, browserVersion: 96.0.4664.45, chrome: {chromedriverVersion: 96.0.4664.45 (76e4c1bb2ab46..., userDataDir: C:\Users\DELL\AppData\Local...}, goog:chromeOptions: {debuggerAddress: localhost:65270}, javascriptEnabled: true, networkConnectionEnabled: false, pageLoadStrategy: normal, platform: WINDOWS, platformName: WINDOWS, proxy: Proxy(), setWindowRect: true, strictFileInteractability: false, timeouts: {implicit: 0, pageLoad: 300000, script: 30000}, unhandledPromptBehavior: dismiss and notify, webauthn:extension:credBlob: true, webauthn:extension:largeBlob: true, webauthn:virtualAuthenticators: true}
Session ID: e0231213f4fe273cafa0dde5cc8dc661
	at org.openqa.selenium.remote.http.W3CHttpResponseCodec.createException(W3CHttpResponseCodec.java:187)
	at org.openqa.selenium.remote.http.W3CHttpResponseCodec.decode(W3CHttpResponseCodec.java:122)
	at org.openqa.selenium.remote.http.W3CHttpResponseCodec.decode(W3CHttpResponseCodec.java:49)
	at org.openqa.selenium.remote.HttpCommandExecutor.execute(HttpCommandExecutor.java:158)
	at org.openqa.selenium.remote.service.DriverCommandExecutor.execute(DriverCommandExecutor.java:83)
	at org.openqa.selenium.remote.RemoteWebDriver.execute(RemoteWebDriver.java:552)
	at com.kms.katalon.selenium.driver.CChromeDriver.execute(CChromeDriver.java:19)
	at org.openqa.selenium.remote.RemoteWebDriver.execute(RemoteWebDriver.java:609)
	at org.openqa.selenium.remote.RemoteWebDriver.getWindowHandle(RemoteWebDriver.java:472)
	at org.openqa.selenium.support.events.EventFiringWebDriver.lambda$new$1(EventFiringWebDriver.java:105)
	at com.sun.proxy.$Proxy12.getWindowHandle(Unknown Source)
	at org.openqa.selenium.support.events.EventFiringWebDriver.getWindowHandle(EventFiringWebDriver.java:221)
	at com.kms.katalon.core.webui.driver.DriverFactory.getCurrentWindowIndex(DriverFactory.java:1072)
	at com.kms.katalon.core.webui.keyword.builtin.GetWindowIndexKeyword$_getWindowIndex_closure1.doCall(GetWindowIndexKeyword.groovy:73)
	at com.kms.katalon.core.webui.keyword.builtin.GetWindowIndexKeyword$_getWindowIndex_closure1.call(GetWindowIndexKeyword.groovy)
	at com.kms.katalon.core.webui.keyword.internal.WebUIKeywordMain.runKeywordAndReturnInt(WebUIKeywordMain.groovy:50)
	at com.kms.katalon.core.webui.keyword.builtin.GetWindowIndexKeyword.getWindowIndex(GetWindowIndexKeyword.groovy:71)
	at com.kms.katalon.core.webui.keyword.builtin.GetWindowIndexKeyword.execute(GetWindowIndexKeyword.groovy:66)
	at com.kms.katalon.core.keyword.internal.KeywordExecutor.executeKeywordForPlatform(KeywordExecutor.groovy:73)
	at com.kms.katalon.core.webui.keyword.WebUiBuiltInKeywords.getWindowIndex(WebUiBuiltInKeywords.groovy:262)
	at com.kms.katalon.core.webui.keyword.WebUiBuiltInKeywords$getWindowIndex$22.call(Unknown Source)
	at Script1586261051750.run(Script1586261051750.groovy:18)
	at com.kms.katalon.core.main.ScriptEngine.run(ScriptEngine.java:194)
	at com.kms.katalon.core.main.ScriptEngine.runScriptAsRawText(ScriptEngine.java:119)
	at com.kms.katalon.core.main.TestCaseExecutor.runScript(TestCaseExecutor.java:369)
	at com.kms.katalon.core.main.TestCaseExecutor.doExecute(TestCaseExecutor.java:360)
	at com.kms.katalon.core.main.TestCaseExecutor.processExecutionPhase(TestCaseExecutor.java:339)
	at com.kms.katalon.core.main.TestCaseExecutor.accessMainPhase(TestCaseExecutor.java:331)
	at com.kms.katalon.core.main.TestCaseExecutor.execute(TestCaseExecutor.java:248)
	at com.kms.katalon.core.main.TestCaseMain.runTestCase(TestCaseMain.java:138)
	at com.kms.katalon.core.keyword.builtin.CallTestCaseKeyword$_callTestCase_closure1.doCall(CallTestCaseKeyword.groovy:59)
	at com.kms.katalon.core.keyword.builtin.CallTestCaseKeyword$_callTestCase_closure1.call(CallTestCaseKeyword.groovy)
	at com.kms.katalon.core.keyword.internal.KeywordMain.runKeyword(KeywordMain.groovy:68)
	at com.kms.katalon.core.keyword.builtin.CallTestCaseKeyword.callTestCase(CallTestCaseKeyword.groovy:81)
	at com.kms.katalon.core.keyword.builtin.CallTestCaseKeyword.execute(CallTestCaseKeyword.groovy:44)
	at com.kms.katalon.core.keyword.internal.KeywordExecutor.executeKeywordForPlatform(KeywordExecutor.groovy:73)
	at com.kms.katalon.core.keyword.BuiltinKeywords.callTestCase(BuiltinKeywords.groovy:334)
	at sekmeler.sekmeler.anaSekmeyeGecilir(sekmeler.groovy:55)
	at cucumber.runtime.Utils$1.call(Utils.java:26)
	at cucumber.runtime.Timeout.timeout(Timeout.java:16)
	at cucumber.runtime.Utils.invoke(Utils.java:20)
	at cucumber.runtime.java.JavaStepDefinition.execute(JavaStepDefinition.java:49)
	at cucumber.runner.PickleStepDefinitionMatch.runStep(PickleStepDefinitionMatch.java:50)
	at cucumber.runner.TestStep.executeStep(TestStep.java:63)
	at cucumber.runner.TestStep.run(TestStep.java:49)
	at cucumber.runner.PickleStepTestStep.run(PickleStepTestStep.java:43)
	at cucumber.runner.TestCase.run(TestCase.java:44)
	at cucumber.runner.Runner.runPickle(Runner.java:40)
	at cucumber.runtime.Runtime$1.run(Runtime.java:84)
	at cucumber.runtime.Runtime$SameThreadExecutorService.execute(Runtime.java:220)
	at cucumber.runtime.Runtime.run(Runtime.java:81)
	at cucumber.api.cli.Main.run(Main.java:26)
	at cucumber.api.cli.Main$run.call(Unknown Source)
	at com.kms.katalon.core.cucumber.keyword.CucumberBuiltinKeywords$_runFeatureFile_closure1.doCall(CucumberBuiltinKeywords.groovy:106)
	at com.kms.katalon.core.cucumber.keyword.CucumberBuiltinKeywords$_runFeatureFile_closure1.doCall(CucumberBuiltinKeywords.groovy)
	at com.kms.katalon.core.keyword.internal.KeywordMain.runKeyword(KeywordMain.groovy:68)
	at com.kms.katalon.core.keyword.internal.KeywordMain$runKeyword.call(Unknown Source)
	at com.kms.katalon.core.cucumber.keyword.CucumberBuiltinKeywords.runFeatureFile(CucumberBuiltinKeywords.groovy:73)
	at com.kms.katalon.core.cucumber.keyword.CucumberBuiltinKeywords$runFeatureFile$0.callStatic(Unknown Source)
	at com.kms.katalon.core.cucumber.keyword.CucumberBuiltinKeywords.runFeatureFile(CucumberBuiltinKeywords.groovy:246)
	at com.kms.katalon.core.cucumber.keyword.CucumberBuiltinKeywords$runFeatureFile.call(Unknown Source)
	at Script1600698733868.run(Script1600698733868.groovy:18)
	... 13 more
)

2021-11-18 11:28:19 - [MESSAGE][INFO] - Getting current window's index

2021-11-18 11:28:19 - [MESSAGE][FAILED] - Unable to get the index of the current window (Root cause: com.kms.katalon.core.exception.StepFailedException: Unable to get the index of the current window
	at com.kms.katalon.core.webui.keyword.internal.WebUIKeywordMain.stepFailed(WebUIKeywordMain.groovy:64)
	at com.kms.katalon.core.webui.keyword.internal.WebUIKeywordMain.runKeywordAndReturnInt(WebUIKeywordMain.groovy:56)
	at com.kms.katalon.core.webui.keyword.builtin.GetWindowIndexKeyword.getWindowIndex(GetWindowIndexKeyword.groovy:71)
	at com.kms.katalon.core.webui.keyword.builtin.GetWindowIndexKeyword.execute(GetWindowIndexKeyword.groovy:66)
	at com.kms.katalon.core.keyword.internal.KeywordExecutor.executeKeywordForPlatform(KeywordExecutor.groovy:73)
	at com.kms.katalon.core.webui.keyword.WebUiBuiltInKeywords.getWindowIndex(WebUiBuiltInKeywords.groovy:262)
	at com.kms.katalon.core.webui.keyword.WebUiBuiltInKeywords$getWindowIndex$22.call(Unknown Source)
	at Ana_Sekmeye_Gec.run(Ana_Sekmeye_Gec:18)
	at com.kms.katalon.core.main.ScriptEngine.run(ScriptEngine.java:194)
	at com.kms.katalon.core.main.ScriptEngine.runScriptAsRawText(ScriptEngine.java:119)
	at com.kms.katalon.core.main.TestCaseExecutor.runScript(TestCaseExecutor.java:369)
	at com.kms.katalon.core.main.TestCaseExecutor.doExecute(TestCaseExecutor.java:360)
	at com.kms.katalon.core.main.TestCaseExecutor.processExecutionPhase(TestCaseExecutor.java:339)
	at com.kms.katalon.core.main.TestCaseExecutor.accessMainPhase(TestCaseExecutor.java:331)
	at com.kms.katalon.core.main.TestCaseExecutor.execute(TestCaseExecutor.java:248)
	at com.kms.katalon.core.main.TestCaseMain.runTestCase(TestCaseMain.java:138)
	at com.kms.katalon.core.keyword.builtin.CallTestCaseKeyword$_callTestCase_closure1.doCall(CallTestCaseKeyword.groovy:59)
	at com.kms.katalon.core.keyword.builtin.CallTestCaseKeyword$_callTestCase_closure1.call(CallTestCaseKeyword.groovy)
	at com.kms.katalon.core.keyword.internal.KeywordMain.runKeyword(KeywordMain.groovy:68)
	at com.kms.katalon.core.keyword.builtin.CallTestCaseKeyword.callTestCase(CallTestCaseKeyword.groovy:81)
	at com.kms.katalon.core.keyword.builtin.CallTestCaseKeyword.execute(CallTestCaseKeyword.groovy:44)
	at com.kms.katalon.core.keyword.internal.KeywordExecutor.executeKeywordForPlatform(KeywordExecutor.groovy:73)
	at com.kms.katalon.core.keyword.BuiltinKeywords.callTestCase(BuiltinKeywords.groovy:334)
	at sekmeler.sekmeler.anaSekmeyeGecilir(sekmeler.groovy:55)
	at cucumber.runtime.Utils$1.call(Utils.java:26)
	at cucumber.runtime.Timeout.timeout(Timeout.java:16)
	at cucumber.runtime.Utils.invoke(Utils.java:20)
	at cucumber.runtime.java.JavaStepDefinition.execute(JavaStepDefinition.java:49)
	at cucumber.runner.PickleStepDefinitionMatch.runStep(PickleStepDefinitionMatch.java:50)
	at cucumber.runner.TestStep.executeStep(TestStep.java:63)
	at cucumber.runner.TestStep.run(TestStep.java:49)
	at cucumber.runner.PickleStepTestStep.run(PickleStepTestStep.java:43)
	at cucumber.runner.TestCase.run(TestCase.java:44)
	at cucumber.runner.Runner.runPickle(Runner.java:40)
	at cucumber.runtime.Runtime$1.run(Runtime.java:84)
	at cucumber.runtime.Runtime$SameThreadExecutorService.execute(Runtime.java:220)
	at cucumber.runtime.Runtime.run(Runtime.java:81)
	at cucumber.api.cli.Main.run(Main.java:26)
	at cucumber.api.cli.Main$run.call(Unknown Source)
	at com.kms.katalon.core.cucumber.keyword.CucumberBuiltinKeywords$_runFeatureFile_closure1.doCall(CucumberBuiltinKeywords.groovy:106)
	at com.kms.katalon.core.cucumber.keyword.CucumberBuiltinKeywords$_runFeatureFile_closure1.doCall(CucumberBuiltinKeywords.groovy)
	at com.kms.katalon.core.keyword.internal.KeywordMain.runKeyword(KeywordMain.groovy:68)
	at com.kms.katalon.core.keyword.internal.KeywordMain$runKeyword.call(Unknown Source)
	at com.kms.katalon.core.cucumber.keyword.CucumberBuiltinKeywords.runFeatureFile(CucumberBuiltinKeywords.groovy:73)
	at com.kms.katalon.core.cucumber.keyword.CucumberBuiltinKeywords$runFeatureFile$0.callStatic(Unknown Source)
	at com.kms.katalon.core.cucumber.keyword.CucumberBuiltinKeywords.runFeatureFile(CucumberBuiltinKeywords.groovy:246)
	at com.kms.katalon.core.cucumber.keyword.CucumberBuiltinKeywords$runFeatureFile.call(Unknown Source)
	at Departman Ata_Geri Al.run(Departman Ata_Geri Al:18)
	at com.kms.katalon.core.main.ScriptEngine.run(ScriptEngine.java:194)
	at com.kms.katalon.core.main.ScriptEngine.runScriptAsRawText(ScriptEngine.java:119)
	at com.kms.katalon.core.main.TestCaseExecutor.runScript(TestCaseExecutor.java:369)
	at com.kms.katalon.core.main.TestCaseExecutor.doExecute(TestCaseExecutor.java:360)
	at com.kms.katalon.core.main.TestCaseExecutor.processExecutionPhase(TestCaseExecutor.java:339)
	at com.kms.katalon.core.main.TestCaseExecutor.accessMainPhase(TestCaseExecutor.java:331)
	at com.kms.katalon.core.main.TestCaseExecutor.execute(TestCaseExecutor.java:248)
	at com.kms.katalon.core.main.TestSuiteExecutor.accessTestCaseMainPhase(TestSuiteExecutor.java:191)
	at com.kms.katalon.core.main.TestSuiteExecutor.accessTestSuiteMainPhase(TestSuiteExecutor.java:140)
	at com.kms.katalon.core.main.TestSuiteExecutor.execute(TestSuiteExecutor.java:89)
	at com.kms.katalon.core.main.TestCaseMain.startTestSuite(TestCaseMain.java:181)
	at com.kms.katalon.core.main.TestCaseMain$startTestSuite$0.call(Unknown Source)
	at TempTestSuite1637222960690.run(TempTestSuite1637222960690.groovy:39)
Caused by: org.openqa.selenium.NoSuchWindowException: no such window: window was already closed
  (Session info: chrome=96.0.4664.45)
Build info: version: '3.141.59', revision: 'e82be7d358', time: '2018-11-14T08:25:53'
System info: host: 'DESKTOP-QBVMTUG', ip: '192.168.1.24', os.name: 'Windows 10', os.arch: 'amd64', os.version: '10.0', java.version: '1.8.0_282'
Driver info: com.kms.katalon.selenium.driver.CChromeDriver
Capabilities {acceptInsecureCerts: false, browserName: chrome, browserVersion: 96.0.4664.45, chrome: {chromedriverVersion: 96.0.4664.45 (76e4c1bb2ab46..., userDataDir: C:\Users\DELL\AppData\Local...}, goog:chromeOptions: {debuggerAddress: localhost:65270}, javascriptEnabled: true, networkConnectionEnabled: false, pageLoadStrategy: normal, platform: WINDOWS, platformName: WINDOWS, proxy: Proxy(), setWindowRect: true, strictFileInteractability: false, timeouts: {implicit: 0, pageLoad: 300000, script: 30000}, unhandledPromptBehavior: dismiss and notify, webauthn:extension:credBlob: true, webauthn:extension:largeBlob: true, webauthn:virtualAuthenticators: true}
Session ID: e0231213f4fe273cafa0dde5cc8dc661
	at org.openqa.selenium.remote.http.W3CHttpResponseCodec.createException(W3CHttpResponseCodec.java:187)
	at org.openqa.selenium.remote.http.W3CHttpResponseCodec.decode(W3CHttpResponseCodec.java:122)
	at org.openqa.selenium.remote.http.W3CHttpResponseCodec.decode(W3CHttpResponseCodec.java:49)
	at org.openqa.selenium.remote.HttpCommandExecutor.execute(HttpCommandExecutor.java:158)
	at org.openqa.selenium.remote.service.DriverCommandExecutor.execute(DriverCommandExecutor.java:83)
	at org.openqa.selenium.remote.RemoteWebDriver.execute(RemoteWebDriver.java:552)
	at com.kms.katalon.selenium.driver.CChromeDriver.execute(CChromeDriver.java:19)
	at org.openqa.selenium.remote.RemoteWebDriver.execute(RemoteWebDriver.java:609)
	at org.openqa.selenium.remote.RemoteWebDriver.getWindowHandle(RemoteWebDriver.java:472)
	at org.openqa.selenium.support.events.EventFiringWebDriver.lambda$new$1(EventFiringWebDriver.java:105)
	at com.sun.proxy.$Proxy12.getWindowHandle(Unknown Source)
	at org.openqa.selenium.support.events.EventFiringWebDriver.getWindowHandle(EventFiringWebDriver.java:221)
	at com.kms.katalon.core.webui.driver.DriverFactory.getCurrentWindowIndex(DriverFactory.java:1072)
	at com.kms.katalon.core.webui.keyword.builtin.GetWindowIndexKeyword$_getWindowIndex_closure1.doCall(GetWindowIndexKeyword.groovy:73)
	at com.kms.katalon.core.webui.keyword.builtin.GetWindowIndexKeyword$_getWindowIndex_closure1.call(GetWindowIndexKeyword.groovy)
	at com.kms.katalon.core.webui.keyword.internal.WebUIKeywordMain.runKeywordAndReturnInt(WebUIKeywordMain.groovy:50)
	at com.kms.katalon.core.webui.keyword.builtin.GetWindowIndexKeyword.getWindowIndex(GetWindowIndexKeyword.groovy:71)
	at com.kms.katalon.core.webui.keyword.builtin.GetWindowIndexKeyword.execute(GetWindowIndexKeyword.groovy:66)
	at com.kms.katalon.core.keyword.internal.KeywordExecutor.executeKeywordForPlatform(KeywordExecutor.groovy:73)
	at com.kms.katalon.core.webui.keyword.WebUiBuiltInKeywords.getWindowIndex(WebUiBuiltInKeywords.groovy:262)
	at com.kms.katalon.core.webui.keyword.WebUiBuiltInKeywords$getWindowIndex$22.call(Unknown Source)
	at Script1586261051750.run(Script1586261051750.groovy:18)
	at com.kms.katalon.core.main.ScriptEngine.run(ScriptEngine.java:194)
	at com.kms.katalon.core.main.ScriptEngine.runScriptAsRawText(ScriptEngine.java:119)
	at com.kms.katalon.core.main.TestCaseExecutor.runScript(TestCaseExecutor.java:369)
	at com.kms.katalon.core.main.TestCaseExecutor.doExecute(TestCaseExecutor.java:360)
	at com.kms.katalon.core.main.TestCaseExecutor.processExecutionPhase(TestCaseExecutor.java:339)
	at com.kms.katalon.core.main.TestCaseExecutor.accessMainPhase(TestCaseExecutor.java:331)
	at com.kms.katalon.core.main.TestCaseExecutor.execute(TestCaseExecutor.java:248)
	at com.kms.katalon.core.main.TestCaseMain.runTestCase(TestCaseMain.java:138)
	at com.kms.katalon.core.keyword.builtin.CallTestCaseKeyword$_callTestCase_closure1.doCall(CallTestCaseKeyword.groovy:59)
	at com.kms.katalon.core.keyword.builtin.CallTestCaseKeyword$_callTestCase_closure1.call(CallTestCaseKeyword.groovy)
	at com.kms.katalon.core.keyword.internal.KeywordMain.runKeyword(KeywordMain.groovy:68)
	at com.kms.katalon.core.keyword.builtin.CallTestCaseKeyword.callTestCase(CallTestCaseKeyword.groovy:81)
	at com.kms.katalon.core.keyword.builtin.CallTestCaseKeyword.execute(CallTestCaseKeyword.groovy:44)
	at com.kms.katalon.core.keyword.internal.KeywordExecutor.executeKeywordForPlatform(KeywordExecutor.groovy:73)
	at com.kms.katalon.core.keyword.BuiltinKeywords.callTestCase(BuiltinKeywords.groovy:334)
	at sekmeler.sekmeler.anaSekmeyeGecilir(sekmeler.groovy:55)
	at cucumber.runtime.Utils$1.call(Utils.java:26)
	at cucumber.runtime.Timeout.timeout(Timeout.java:16)
	at cucumber.runtime.Utils.invoke(Utils.java:20)
	at cucumber.runtime.java.JavaStepDefinition.execute(JavaStepDefinition.java:49)
	at cucumber.runner.PickleStepDefinitionMatch.runStep(PickleStepDefinitionMatch.java:50)
	at cucumber.runner.TestStep.executeStep(TestStep.java:63)
	at cucumber.runner.TestStep.run(TestStep.java:49)
	at cucumber.runner.PickleStepTestStep.run(PickleStepTestStep.java:43)
	at cucumber.runner.TestCase.run(TestCase.java:44)
	at cucumber.runner.Runner.runPickle(Runner.java:40)
	at cucumber.runtime.Runtime$1.run(Runtime.java:84)
	at cucumber.runtime.Runtime$SameThreadExecutorService.execute(Runtime.java:220)
	at cucumber.runtime.Runtime.run(Runtime.java:81)
	at cucumber.api.cli.Main.run(Main.java:26)
	at cucumber.api.cli.Main$run.call(Unknown Source)
	at com.kms.katalon.core.cucumber.keyword.CucumberBuiltinKeywords$_runFeatureFile_closure1.doCall(CucumberBuiltinKeywords.groovy:106)
	at com.kms.katalon.core.cucumber.keyword.CucumberBuiltinKeywords$_runFeatureFile_closure1.doCall(CucumberBuiltinKeywords.groovy)
	at com.kms.katalon.core.keyword.internal.KeywordMain.runKeyword(KeywordMain.groovy:68)
	at com.kms.katalon.core.keyword.internal.KeywordMain$runKeyword.call(Unknown Source)
	at com.kms.katalon.core.cucumber.keyword.CucumberBuiltinKeywords.runFeatureFile(CucumberBuiltinKeywords.groovy:73)
	at com.kms.katalon.core.cucumber.keyword.CucumberBuiltinKeywords$runFeatureFile$0.callStatic(Unknown Source)
	at com.kms.katalon.core.cucumber.keyword.CucumberBuiltinKeywords.runFeatureFile(CucumberBuiltinKeywords.groovy:246)
	at com.kms.katalon.core.cucumber.keyword.CucumberBuiltinKeywords$runFeatureFile.call(Unknown Source)
	at Script1600698733868.run(Script1600698733868.groovy:18)
	... 13 more
)

2021-11-18 11:28:19 - [TEST_STEP][PASSED] - catch (Exception e): null

2021-11-18 11:28:19 - [TEST_STEP][PASSED] - switchToWindowIndex(0): Switched to window with index: '0'

2021-11-18 11:28:19 - [MESSAGE][INFO] - Checking index

2021-11-18 11:28:19 - [MESSAGE][INFO] - Switching window with index: '0'

2021-11-18 11:28:19 - [MESSAGE][PASSED] - Switched to window with index: '0'

2021-11-18 11:28:19 - [MESSAGE][PASSED] - Call Test Case 'Test Cases/Sekmeler/Ana_Sekmeye_Gec' successfully

2021-11-18 11:28:19 - [MESSAGE][INFO] - Checking called Test Case

2021-11-18 11:28:19 - [MESSAGE][INFO] - Starting to call Test Case 'Test Cases/Butonlar/ButonaTikla'

2021-11-18 11:28:19 - [TEST_CASE][PASSED] - Test Cases/Butonlar/ButonaTikla: Test Cases/Butonlar/ButonaTikla

2021-11-18 11:28:19 - [TEST_STEP][PASSED] - Method.TextDegerineEsitElementeTiklaEquals(findTestObject("Butonlar/Butonlar"), Buton_Adi): Method.TextDegerineEsitElementeTiklaEquals is PASSED

2021-11-18 11:28:19 - [MESSAGE][INFO] - Finding Test Object 'Object Repository/Butonlar/Butonlar'

2021-11-18 11:28:19 - [MESSAGE][INFO] - Checking timeout

2021-11-18 11:28:19 - [MESSAGE][INFO] - Finding web element with id: 'Object Repository/Butonlar/Butonlar' located by 'By.cssSelector: .panel.panel-default.text-center.footerPanel .btn,.btn.btn-primary.btnControls' in '10' second(s)

2021-11-18 11:28:19 - [MESSAGE][INFO] - Smart Wait Function is triggered

2021-11-18 11:28:20 - [MESSAGE][INFO] - Found 6 web elements with id: 'Object Repository/Butonlar/Butonlar' located by 'By.cssSelector: .panel.panel-default.text-center.footerPanel .btn,.btn.btn-primary.btnControls' in '10' second(s)

2021-11-18 11:28:20 - [MESSAGE][PASSED] - Method.TextDegerineEsitElementeTiklaEquals is PASSED

2021-11-18 11:28:20 - [MESSAGE][PASSED] - Call Test Case 'Test Cases/Butonlar/ButonaTikla' successfully

2021-11-18 11:28:20 - [MESSAGE][INFO] - Checking called Test Case

2021-11-18 11:28:20 - [MESSAGE][INFO] - Starting to call Test Case 'Test Cases/Sekmeler/YeniSekmeyeGec'

2021-11-18 11:28:20 - [TEST_CASE][PASSED] - Test Cases/Sekmeler/YeniSekmeyeGec: Test Cases/Sekmeler/YeniSekmeyeGec

2021-11-18 11:28:20 - [TEST_STEP][PASSED] - switchToWindowIndex(1): Switched to window with index: '1'

2021-11-18 11:28:20 - [MESSAGE][INFO] - Checking index

2021-11-18 11:28:20 - [MESSAGE][INFO] - Switching window with index: '1'

2021-11-18 11:28:20 - [MESSAGE][PASSED] - Switched to window with index: '1'

2021-11-18 11:28:20 - [MESSAGE][PASSED] - Call Test Case 'Test Cases/Sekmeler/YeniSekmeyeGec' successfully

2021-11-18 11:28:20 - [MESSAGE][INFO] - Checking called Test Case

2021-11-18 11:28:20 - [MESSAGE][INFO] - Starting to call Test Case 'Test Cases/Sekmeler/DepartmanCheckboxiSecilir'

2021-11-18 11:28:20 - [TEST_CASE][PASSED] - Test Cases/Sekmeler/DepartmanCheckboxiSecilir: Test Cases/Sekmeler/DepartmanCheckboxiSecilir

2021-11-18 11:28:20 - [TEST_STEP][PASSED] - Method.TextDegerineEsitElementeTikla(findTestObject("Object Repository/Sekmeler/DepartmanCheckboxi"), Departman): Method.TextDegerineEsitElementeTikla is PASSED

2021-11-18 11:28:20 - [MESSAGE][INFO] - Finding Test Object 'Object Repository/Sekmeler/DepartmanCheckboxi'

2021-11-18 11:28:20 - [MESSAGE][INFO] - Checking timeout

2021-11-18 11:28:20 - [MESSAGE][INFO] - Finding web element with id: 'Object Repository/Sekmeler/DepartmanCheckboxi' located by 'By.cssSelector: .dx-wrap' in '10' second(s)

2021-11-18 11:28:20 - [MESSAGE][INFO] - Smart Wait Function is triggered

2021-11-18 11:28:20 - [MESSAGE][INFO] - Found 4 web elements with id: 'Object Repository/Sekmeler/DepartmanCheckboxi' located by 'By.cssSelector: .dx-wrap' in '10' second(s)

2021-11-18 11:28:20 - [MESSAGE][PASSED] - Method.TextDegerineEsitElementeTikla is PASSED

2021-11-18 11:28:20 - [MESSAGE][PASSED] - Call Test Case 'Test Cases/Sekmeler/DepartmanCheckboxiSecilir' successfully

2021-11-18 11:28:20 - [MESSAGE][INFO] - Checking called Test Case

2021-11-18 11:28:20 - [MESSAGE][INFO] - Starting to call Test Case 'Test Cases/Sekmeler/DepartmanKaydedilir'

2021-11-18 11:28:21 - [TEST_CASE][PASSED] - Test Cases/Sekmeler/DepartmanKaydedilir: Test Cases/Sekmeler/DepartmanKaydedilir

2021-11-18 11:28:21 - [TEST_STEP][PASSED] - waitForElementClickable(findTestObject("Object Repository/Sekmeler/DepartmanKaydetButoni"), 10): Object 'Object Repository/Sekmeler/DepartmanKaydetButoni' is clickable

2021-11-18 11:28:21 - [MESSAGE][INFO] - Finding Test Object 'Object Repository/Sekmeler/DepartmanKaydetButoni'

2021-11-18 11:28:21 - [MESSAGE][INFO] - Checking object

2021-11-18 11:28:21 - [MESSAGE][INFO] - Checking timeout

2021-11-18 11:28:21 - [MESSAGE][INFO] - Finding web element from Test Object's properties

2021-11-18 11:28:21 - [MESSAGE][INFO] - Checking timeout

2021-11-18 11:28:21 - [MESSAGE][INFO] - Finding web element with id: 'Object Repository/Sekmeler/DepartmanKaydetButoni' located by 'By.cssSelector: .dx-vam' in '10' second(s)

2021-11-18 11:28:21 - [MESSAGE][INFO] - Smart Wait Function is triggered

2021-11-18 11:28:21 - [MESSAGE][INFO] - Found 1 web elements with id: 'Object Repository/Sekmeler/DepartmanKaydetButoni' located by 'By.cssSelector: .dx-vam' in '10' second(s)

2021-11-18 11:28:21 - [MESSAGE][PASSED] - Object 'Object Repository/Sekmeler/DepartmanKaydetButoni' is clickable

2021-11-18 11:28:21 - [TEST_STEP][PASSED] - click(findTestObject("Object Repository/Sekmeler/DepartmanKaydetButoni")): Object: 'Object Repository/Sekmeler/DepartmanKaydetButoni' is clicked on

2021-11-18 11:28:21 - [MESSAGE][INFO] - Finding Test Object 'Object Repository/Sekmeler/DepartmanKaydetButoni'

2021-11-18 11:28:21 - [MESSAGE][INFO] - Checking object

2021-11-18 11:28:21 - [MESSAGE][INFO] - Finding web element from Test Object's properties

2021-11-18 11:28:21 - [MESSAGE][INFO] - Checking timeout

2021-11-18 11:28:21 - [MESSAGE][INFO] - Finding web element with id: 'Object Repository/Sekmeler/DepartmanKaydetButoni' located by 'By.cssSelector: .dx-vam' in '30' second(s)

2021-11-18 11:28:21 - [MESSAGE][INFO] - Smart Wait Function is triggered

2021-11-18 11:28:21 - [MESSAGE][INFO] - Found 1 web elements with id: 'Object Repository/Sekmeler/DepartmanKaydetButoni' located by 'By.cssSelector: .dx-vam' in '30' second(s)

2021-11-18 11:28:21 - [MESSAGE][INFO] - Clicking on object: 'Object Repository/Sekmeler/DepartmanKaydetButoni'

2021-11-18 11:28:21 - [MESSAGE][PASSED] - Object: 'Object Repository/Sekmeler/DepartmanKaydetButoni' is clicked on

2021-11-18 11:28:21 - [MESSAGE][PASSED] - Call Test Case 'Test Cases/Sekmeler/DepartmanKaydedilir' successfully

2021-11-18 11:28:21 - [MESSAGE][INFO] - Checking called Test Case

2021-11-18 11:28:21 - [MESSAGE][INFO] - Starting to call Test Case 'Test Cases/Popup/PopupMesajiIceriyorMu'

2021-11-18 11:28:21 - [TEST_CASE][PASSED] - Test Cases/Popup/PopupMesajiIceriyorMu: Test Cases/Popup/PopupMesajiIceriyorMu

2021-11-18 11:28:21 - [TEST_STEP][PASSED] - waitForElementVisible(findTestObject("Popup/Popup"), 10): Object 'Object Repository/Popup/Popup' is visible

2021-11-18 11:28:21 - [MESSAGE][INFO] - Finding Test Object 'Object Repository/Popup/Popup'

2021-11-18 11:28:21 - [MESSAGE][INFO] - Checking object

2021-11-18 11:28:21 - [MESSAGE][INFO] - Checking timeout

2021-11-18 11:28:21 - [MESSAGE][INFO] - Finding web element from Test Object's properties

2021-11-18 11:28:21 - [MESSAGE][INFO] - Checking timeout

2021-11-18 11:28:21 - [MESSAGE][INFO] - Finding web element with id: 'Object Repository/Popup/Popup' located by 'By.cssSelector: .bootbox-body' in '10' second(s)

2021-11-18 11:28:21 - [MESSAGE][INFO] - Smart Wait Function is triggered

2021-11-18 11:28:22 - [MESSAGE][INFO] - Found 1 web elements with id: 'Object Repository/Popup/Popup' located by 'By.cssSelector: .bootbox-body' in '10' second(s)

2021-11-18 11:28:22 - [MESSAGE][PASSED] - Object 'Object Repository/Popup/Popup' is visible

2021-11-18 11:28:22 - [TEST_STEP][PASSED] - if (!(getText(findTestObject("Popup/Popup")).contains(Mesaj))): Text of object 'Object Repository/Popup/Popup' is: 'Seçilen belgelerin ilgili departmanlardaki yetkisi kaldırılmıştır.'

2021-11-18 11:28:22 - [MESSAGE][INFO] - Finding Test Object 'Object Repository/Popup/Popup'

2021-11-18 11:28:22 - [MESSAGE][INFO] - Checking object

2021-11-18 11:28:22 - [MESSAGE][INFO] - Finding web element from Test Object's properties

2021-11-18 11:28:22 - [MESSAGE][INFO] - Checking timeout

2021-11-18 11:28:22 - [MESSAGE][INFO] - Finding web element with id: 'Object Repository/Popup/Popup' located by 'By.cssSelector: .bootbox-body' in '30' second(s)

2021-11-18 11:28:22 - [MESSAGE][INFO] - Smart Wait Function is triggered

2021-11-18 11:28:23 - [MESSAGE][INFO] - Found 1 web elements with id: 'Object Repository/Popup/Popup' located by 'By.cssSelector: .bootbox-body' in '30' second(s)

2021-11-18 11:28:23 - [MESSAGE][INFO] - Getting text of object 'Object Repository/Popup/Popup'

2021-11-18 11:28:23 - [MESSAGE][PASSED] - Text of object 'Object Repository/Popup/Popup' is: 'Seçilen belgelerin ilgili departmanlardaki yetkisi kaldırılmıştır.'

2021-11-18 11:28:23 - [TEST_STEP][PASSED] - RaporNo = getText(findTestObject("Popup/Popup")).substring(0, 6): Text of object 'Object Repository/Popup/Popup' is: 'Seçilen belgelerin ilgili departmanlardaki yetkisi kaldırılmıştır.'

2021-11-18 11:28:23 - [MESSAGE][INFO] - Finding Test Object 'Object Repository/Popup/Popup'

2021-11-18 11:28:23 - [MESSAGE][INFO] - Checking object

2021-11-18 11:28:23 - [MESSAGE][INFO] - Finding web element from Test Object's properties

2021-11-18 11:28:23 - [MESSAGE][INFO] - Checking timeout

2021-11-18 11:28:23 - [MESSAGE][INFO] - Finding web element with id: 'Object Repository/Popup/Popup' located by 'By.cssSelector: .bootbox-body' in '30' second(s)

2021-11-18 11:28:23 - [MESSAGE][INFO] - Smart Wait Function is triggered

2021-11-18 11:28:23 - [MESSAGE][INFO] - Found 1 web elements with id: 'Object Repository/Popup/Popup' located by 'By.cssSelector: .bootbox-body' in '30' second(s)

2021-11-18 11:28:23 - [MESSAGE][INFO] - Getting text of object 'Object Repository/Popup/Popup'

2021-11-18 11:28:23 - [MESSAGE][PASSED] - Text of object 'Object Repository/Popup/Popup' is: 'Seçilen belgelerin ilgili departmanlardaki yetkisi kaldırılmıştır.'

2021-11-18 11:28:23 - [TEST_STEP][PASSED] - Console.println(RaporNo): null

2021-11-18 11:28:23 - [MESSAGE][PASSED] - Call Test Case 'Test Cases/Popup/PopupMesajiIceriyorMu' successfully

2021-11-18 11:28:23 - [MESSAGE][INFO] - Checking called Test Case

2021-11-18 11:28:23 - [MESSAGE][INFO] - Starting to call Test Case 'Test Cases/Popup/PopupButonSecilir'

2021-11-18 11:28:23 - [TEST_CASE][PASSED] - Test Cases/Popup/PopupButonSecilir: Test Cases/Popup/PopupButonSecilir

2021-11-18 11:28:23 - [TEST_STEP][PASSED] - Method.TextDegerineEsitElementeTikla(findTestObject("Popup/Popup_Butons"), Buton): Method.TextDegerineEsitElementeTikla is PASSED

2021-11-18 11:28:23 - [MESSAGE][INFO] - Finding Test Object 'Object Repository/Popup/Popup_Butons'

2021-11-18 11:28:23 - [MESSAGE][INFO] - Checking timeout

2021-11-18 11:28:23 - [MESSAGE][INFO] - Finding web element with id: 'Object Repository/Popup/Popup_Butons' located by 'By.cssSelector: .modal-footer>button' in '10' second(s)

2021-11-18 11:28:23 - [MESSAGE][INFO] - Smart Wait Function is triggered

2021-11-18 11:28:23 - [MESSAGE][INFO] - Found 1 web elements with id: 'Object Repository/Popup/Popup_Butons' located by 'By.cssSelector: .modal-footer>button' in '10' second(s)

2021-11-18 11:28:24 - [MESSAGE][PASSED] - Method.TextDegerineEsitElementeTikla is PASSED

2021-11-18 11:28:24 - [MESSAGE][PASSED] - Call Test Case 'Test Cases/Popup/PopupButonSecilir' successfully

2021-11-18 11:28:24 - [MESSAGE][INFO] - Checking called Test Case

2021-11-18 11:28:24 - [MESSAGE][INFO] - Starting to call Test Case 'Test Cases/Sekmeler/Ana_Sekmeye_Gec'

2021-11-18 11:28:24 - [TEST_CASE][PASSED] - Test Cases/Sekmeler/Ana_Sekmeye_Gec: Test Cases/Sekmeler/Ana_Sekmeye_Gec

2021-11-18 11:28:24 - [TEST_STEP][FAILED] - try: Unable to get the index of the current window (Root cause: com.kms.katalon.core.exception.StepFailedException: Unable to get the index of the current window
	at com.kms.katalon.core.webui.keyword.internal.WebUIKeywordMain.stepFailed(WebUIKeywordMain.groovy:64)
	at com.kms.katalon.core.webui.keyword.internal.WebUIKeywordMain.runKeywordAndReturnInt(WebUIKeywordMain.groovy:56)
	at com.kms.katalon.core.webui.keyword.builtin.GetWindowIndexKeyword.getWindowIndex(GetWindowIndexKeyword.groovy:71)
	at com.kms.katalon.core.webui.keyword.builtin.GetWindowIndexKeyword.execute(GetWindowIndexKeyword.groovy:66)
	at com.kms.katalon.core.keyword.internal.KeywordExecutor.executeKeywordForPlatform(KeywordExecutor.groovy:73)
	at com.kms.katalon.core.webui.keyword.WebUiBuiltInKeywords.getWindowIndex(WebUiBuiltInKeywords.groovy:262)
	at com.kms.katalon.core.webui.keyword.WebUiBuiltInKeywords$getWindowIndex$22.call(Unknown Source)
	at Ana_Sekmeye_Gec.run(Ana_Sekmeye_Gec:18)
	at com.kms.katalon.core.main.ScriptEngine.run(ScriptEngine.java:194)
	at com.kms.katalon.core.main.ScriptEngine.runScriptAsRawText(ScriptEngine.java:119)
	at com.kms.katalon.core.main.TestCaseExecutor.runScript(TestCaseExecutor.java:369)
	at com.kms.katalon.core.main.TestCaseExecutor.doExecute(TestCaseExecutor.java:360)
	at com.kms.katalon.core.main.TestCaseExecutor.processExecutionPhase(TestCaseExecutor.java:339)
	at com.kms.katalon.core.main.TestCaseExecutor.accessMainPhase(TestCaseExecutor.java:331)
	at com.kms.katalon.core.main.TestCaseExecutor.execute(TestCaseExecutor.java:248)
	at com.kms.katalon.core.main.TestCaseMain.runTestCase(TestCaseMain.java:138)
	at com.kms.katalon.core.keyword.builtin.CallTestCaseKeyword$_callTestCase_closure1.doCall(CallTestCaseKeyword.groovy:59)
	at com.kms.katalon.core.keyword.builtin.CallTestCaseKeyword$_callTestCase_closure1.call(CallTestCaseKeyword.groovy)
	at com.kms.katalon.core.keyword.internal.KeywordMain.runKeyword(KeywordMain.groovy:68)
	at com.kms.katalon.core.keyword.builtin.CallTestCaseKeyword.callTestCase(CallTestCaseKeyword.groovy:81)
	at com.kms.katalon.core.keyword.builtin.CallTestCaseKeyword.execute(CallTestCaseKeyword.groovy:44)
	at com.kms.katalon.core.keyword.internal.KeywordExecutor.executeKeywordForPlatform(KeywordExecutor.groovy:73)
	at com.kms.katalon.core.keyword.BuiltinKeywords.callTestCase(BuiltinKeywords.groovy:334)
	at sekmeler.sekmeler.anaSekmeyeGecilir(sekmeler.groovy:55)
	at cucumber.runtime.Utils$1.call(Utils.java:26)
	at cucumber.runtime.Timeout.timeout(Timeout.java:16)
	at cucumber.runtime.Utils.invoke(Utils.java:20)
	at cucumber.runtime.java.JavaStepDefinition.execute(JavaStepDefinition.java:49)
	at cucumber.runner.PickleStepDefinitionMatch.runStep(PickleStepDefinitionMatch.java:50)
	at cucumber.runner.TestStep.executeStep(TestStep.java:63)
	at cucumber.runner.TestStep.run(TestStep.java:49)
	at cucumber.runner.PickleStepTestStep.run(PickleStepTestStep.java:43)
	at cucumber.runner.TestCase.run(TestCase.java:44)
	at cucumber.runner.Runner.runPickle(Runner.java:40)
	at cucumber.runtime.Runtime$1.run(Runtime.java:84)
	at cucumber.runtime.Runtime$SameThreadExecutorService.execute(Runtime.java:220)
	at cucumber.runtime.Runtime.run(Runtime.java:81)
	at cucumber.api.cli.Main.run(Main.java:26)
	at cucumber.api.cli.Main$run.call(Unknown Source)
	at com.kms.katalon.core.cucumber.keyword.CucumberBuiltinKeywords$_runFeatureFile_closure1.doCall(CucumberBuiltinKeywords.groovy:106)
	at com.kms.katalon.core.cucumber.keyword.CucumberBuiltinKeywords$_runFeatureFile_closure1.doCall(CucumberBuiltinKeywords.groovy)
	at com.kms.katalon.core.keyword.internal.KeywordMain.runKeyword(KeywordMain.groovy:68)
	at com.kms.katalon.core.keyword.internal.KeywordMain$runKeyword.call(Unknown Source)
	at com.kms.katalon.core.cucumber.keyword.CucumberBuiltinKeywords.runFeatureFile(CucumberBuiltinKeywords.groovy:73)
	at com.kms.katalon.core.cucumber.keyword.CucumberBuiltinKeywords$runFeatureFile$0.callStatic(Unknown Source)
	at com.kms.katalon.core.cucumber.keyword.CucumberBuiltinKeywords.runFeatureFile(CucumberBuiltinKeywords.groovy:246)
	at com.kms.katalon.core.cucumber.keyword.CucumberBuiltinKeywords$runFeatureFile.call(Unknown Source)
	at Departman Ata_Geri Al.run(Departman Ata_Geri Al:18)
	at com.kms.katalon.core.main.ScriptEngine.run(ScriptEngine.java:194)
	at com.kms.katalon.core.main.ScriptEngine.runScriptAsRawText(ScriptEngine.java:119)
	at com.kms.katalon.core.main.TestCaseExecutor.runScript(TestCaseExecutor.java:369)
	at com.kms.katalon.core.main.TestCaseExecutor.doExecute(TestCaseExecutor.java:360)
	at com.kms.katalon.core.main.TestCaseExecutor.processExecutionPhase(TestCaseExecutor.java:339)
	at com.kms.katalon.core.main.TestCaseExecutor.accessMainPhase(TestCaseExecutor.java:331)
	at com.kms.katalon.core.main.TestCaseExecutor.execute(TestCaseExecutor.java:248)
	at com.kms.katalon.core.main.TestSuiteExecutor.accessTestCaseMainPhase(TestSuiteExecutor.java:191)
	at com.kms.katalon.core.main.TestSuiteExecutor.accessTestSuiteMainPhase(TestSuiteExecutor.java:140)
	at com.kms.katalon.core.main.TestSuiteExecutor.execute(TestSuiteExecutor.java:89)
	at com.kms.katalon.core.main.TestCaseMain.startTestSuite(TestCaseMain.java:181)
	at com.kms.katalon.core.main.TestCaseMain$startTestSuite$0.call(Unknown Source)
	at TempTestSuite1637222960690.run(TempTestSuite1637222960690.groovy:39)
Caused by: org.openqa.selenium.NoSuchWindowException: no such window: window was already closed
  (Session info: chrome=96.0.4664.45)
Build info: version: '3.141.59', revision: 'e82be7d358', time: '2018-11-14T08:25:53'
System info: host: 'DESKTOP-QBVMTUG', ip: '192.168.1.24', os.name: 'Windows 10', os.arch: 'amd64', os.version: '10.0', java.version: '1.8.0_282'
Driver info: com.kms.katalon.selenium.driver.CChromeDriver
Capabilities {acceptInsecureCerts: false, browserName: chrome, browserVersion: 96.0.4664.45, chrome: {chromedriverVersion: 96.0.4664.45 (76e4c1bb2ab46..., userDataDir: C:\Users\DELL\AppData\Local...}, goog:chromeOptions: {debuggerAddress: localhost:65270}, javascriptEnabled: true, networkConnectionEnabled: false, pageLoadStrategy: normal, platform: WINDOWS, platformName: WINDOWS, proxy: Proxy(), setWindowRect: true, strictFileInteractability: false, timeouts: {implicit: 0, pageLoad: 300000, script: 30000}, unhandledPromptBehavior: dismiss and notify, webauthn:extension:credBlob: true, webauthn:extension:largeBlob: true, webauthn:virtualAuthenticators: true}
Session ID: e0231213f4fe273cafa0dde5cc8dc661
	at org.openqa.selenium.remote.http.W3CHttpResponseCodec.createException(W3CHttpResponseCodec.java:187)
	at org.openqa.selenium.remote.http.W3CHttpResponseCodec.decode(W3CHttpResponseCodec.java:122)
	at org.openqa.selenium.remote.http.W3CHttpResponseCodec.decode(W3CHttpResponseCodec.java:49)
	at org.openqa.selenium.remote.HttpCommandExecutor.execute(HttpCommandExecutor.java:158)
	at org.openqa.selenium.remote.service.DriverCommandExecutor.execute(DriverCommandExecutor.java:83)
	at org.openqa.selenium.remote.RemoteWebDriver.execute(RemoteWebDriver.java:552)
	at com.kms.katalon.selenium.driver.CChromeDriver.execute(CChromeDriver.java:19)
	at org.openqa.selenium.remote.RemoteWebDriver.execute(RemoteWebDriver.java:609)
	at org.openqa.selenium.remote.RemoteWebDriver.getWindowHandle(RemoteWebDriver.java:472)
	at org.openqa.selenium.support.events.EventFiringWebDriver.lambda$new$1(EventFiringWebDriver.java:105)
	at com.sun.proxy.$Proxy12.getWindowHandle(Unknown Source)
	at org.openqa.selenium.support.events.EventFiringWebDriver.getWindowHandle(EventFiringWebDriver.java:221)
	at com.kms.katalon.core.webui.driver.DriverFactory.getCurrentWindowIndex(DriverFactory.java:1072)
	at com.kms.katalon.core.webui.keyword.builtin.GetWindowIndexKeyword$_getWindowIndex_closure1.doCall(GetWindowIndexKeyword.groovy:73)
	at com.kms.katalon.core.webui.keyword.builtin.GetWindowIndexKeyword$_getWindowIndex_closure1.call(GetWindowIndexKeyword.groovy)
	at com.kms.katalon.core.webui.keyword.internal.WebUIKeywordMain.runKeywordAndReturnInt(WebUIKeywordMain.groovy:50)
	at com.kms.katalon.core.webui.keyword.builtin.GetWindowIndexKeyword.getWindowIndex(GetWindowIndexKeyword.groovy:71)
	at com.kms.katalon.core.webui.keyword.builtin.GetWindowIndexKeyword.execute(GetWindowIndexKeyword.groovy:66)
	at com.kms.katalon.core.keyword.internal.KeywordExecutor.executeKeywordForPlatform(KeywordExecutor.groovy:73)
	at com.kms.katalon.core.webui.keyword.WebUiBuiltInKeywords.getWindowIndex(WebUiBuiltInKeywords.groovy:262)
	at com.kms.katalon.core.webui.keyword.WebUiBuiltInKeywords$getWindowIndex$22.call(Unknown Source)
	at Script1586261051750.run(Script1586261051750.groovy:18)
	at com.kms.katalon.core.main.ScriptEngine.run(ScriptEngine.java:194)
	at com.kms.katalon.core.main.ScriptEngine.runScriptAsRawText(ScriptEngine.java:119)
	at com.kms.katalon.core.main.TestCaseExecutor.runScript(TestCaseExecutor.java:369)
	at com.kms.katalon.core.main.TestCaseExecutor.doExecute(TestCaseExecutor.java:360)
	at com.kms.katalon.core.main.TestCaseExecutor.processExecutionPhase(TestCaseExecutor.java:339)
	at com.kms.katalon.core.main.TestCaseExecutor.accessMainPhase(TestCaseExecutor.java:331)
	at com.kms.katalon.core.main.TestCaseExecutor.execute(TestCaseExecutor.java:248)
	at com.kms.katalon.core.main.TestCaseMain.runTestCase(TestCaseMain.java:138)
	at com.kms.katalon.core.keyword.builtin.CallTestCaseKeyword$_callTestCase_closure1.doCall(CallTestCaseKeyword.groovy:59)
	at com.kms.katalon.core.keyword.builtin.CallTestCaseKeyword$_callTestCase_closure1.call(CallTestCaseKeyword.groovy)
	at com.kms.katalon.core.keyword.internal.KeywordMain.runKeyword(KeywordMain.groovy:68)
	at com.kms.katalon.core.keyword.builtin.CallTestCaseKeyword.callTestCase(CallTestCaseKeyword.groovy:81)
	at com.kms.katalon.core.keyword.builtin.CallTestCaseKeyword.execute(CallTestCaseKeyword.groovy:44)
	at com.kms.katalon.core.keyword.internal.KeywordExecutor.executeKeywordForPlatform(KeywordExecutor.groovy:73)
	at com.kms.katalon.core.keyword.BuiltinKeywords.callTestCase(BuiltinKeywords.groovy:334)
	at sekmeler.sekmeler.anaSekmeyeGecilir(sekmeler.groovy:55)
	at cucumber.runtime.Utils$1.call(Utils.java:26)
	at cucumber.runtime.Timeout.timeout(Timeout.java:16)
	at cucumber.runtime.Utils.invoke(Utils.java:20)
	at cucumber.runtime.java.JavaStepDefinition.execute(JavaStepDefinition.java:49)
	at cucumber.runner.PickleStepDefinitionMatch.runStep(PickleStepDefinitionMatch.java:50)
	at cucumber.runner.TestStep.executeStep(TestStep.java:63)
	at cucumber.runner.TestStep.run(TestStep.java:49)
	at cucumber.runner.PickleStepTestStep.run(PickleStepTestStep.java:43)
	at cucumber.runner.TestCase.run(TestCase.java:44)
	at cucumber.runner.Runner.runPickle(Runner.java:40)
	at cucumber.runtime.Runtime$1.run(Runtime.java:84)
	at cucumber.runtime.Runtime$SameThreadExecutorService.execute(Runtime.java:220)
	at cucumber.runtime.Runtime.run(Runtime.java:81)
	at cucumber.api.cli.Main.run(Main.java:26)
	at cucumber.api.cli.Main$run.call(Unknown Source)
	at com.kms.katalon.core.cucumber.keyword.CucumberBuiltinKeywords$_runFeatureFile_closure1.doCall(CucumberBuiltinKeywords.groovy:106)
	at com.kms.katalon.core.cucumber.keyword.CucumberBuiltinKeywords$_runFeatureFile_closure1.doCall(CucumberBuiltinKeywords.groovy)
	at com.kms.katalon.core.keyword.internal.KeywordMain.runKeyword(KeywordMain.groovy:68)
	at com.kms.katalon.core.keyword.internal.KeywordMain$runKeyword.call(Unknown Source)
	at com.kms.katalon.core.cucumber.keyword.CucumberBuiltinKeywords.runFeatureFile(CucumberBuiltinKeywords.groovy:73)
	at com.kms.katalon.core.cucumber.keyword.CucumberBuiltinKeywords$runFeatureFile$0.callStatic(Unknown Source)
	at com.kms.katalon.core.cucumber.keyword.CucumberBuiltinKeywords.runFeatureFile(CucumberBuiltinKeywords.groovy:246)
	at com.kms.katalon.core.cucumber.keyword.CucumberBuiltinKeywords$runFeatureFile.call(Unknown Source)
	at Script1600698733868.run(Script1600698733868.groovy:18)
	... 13 more
)

2021-11-18 11:28:24 - [TEST_STEP][FAILED] - index = getWindowIndex(): Unable to get the index of the current window (Root cause: com.kms.katalon.core.exception.StepFailedException: Unable to get the index of the current window
	at com.kms.katalon.core.webui.keyword.internal.WebUIKeywordMain.stepFailed(WebUIKeywordMain.groovy:64)
	at com.kms.katalon.core.webui.keyword.internal.WebUIKeywordMain.runKeywordAndReturnInt(WebUIKeywordMain.groovy:56)
	at com.kms.katalon.core.webui.keyword.builtin.GetWindowIndexKeyword.getWindowIndex(GetWindowIndexKeyword.groovy:71)
	at com.kms.katalon.core.webui.keyword.builtin.GetWindowIndexKeyword.execute(GetWindowIndexKeyword.groovy:66)
	at com.kms.katalon.core.keyword.internal.KeywordExecutor.executeKeywordForPlatform(KeywordExecutor.groovy:73)
	at com.kms.katalon.core.webui.keyword.WebUiBuiltInKeywords.getWindowIndex(WebUiBuiltInKeywords.groovy:262)
	at com.kms.katalon.core.webui.keyword.WebUiBuiltInKeywords$getWindowIndex$22.call(Unknown Source)
	at Ana_Sekmeye_Gec.run(Ana_Sekmeye_Gec:18)
	at com.kms.katalon.core.main.ScriptEngine.run(ScriptEngine.java:194)
	at com.kms.katalon.core.main.ScriptEngine.runScriptAsRawText(ScriptEngine.java:119)
	at com.kms.katalon.core.main.TestCaseExecutor.runScript(TestCaseExecutor.java:369)
	at com.kms.katalon.core.main.TestCaseExecutor.doExecute(TestCaseExecutor.java:360)
	at com.kms.katalon.core.main.TestCaseExecutor.processExecutionPhase(TestCaseExecutor.java:339)
	at com.kms.katalon.core.main.TestCaseExecutor.accessMainPhase(TestCaseExecutor.java:331)
	at com.kms.katalon.core.main.TestCaseExecutor.execute(TestCaseExecutor.java:248)
	at com.kms.katalon.core.main.TestCaseMain.runTestCase(TestCaseMain.java:138)
	at com.kms.katalon.core.keyword.builtin.CallTestCaseKeyword$_callTestCase_closure1.doCall(CallTestCaseKeyword.groovy:59)
	at com.kms.katalon.core.keyword.builtin.CallTestCaseKeyword$_callTestCase_closure1.call(CallTestCaseKeyword.groovy)
	at com.kms.katalon.core.keyword.internal.KeywordMain.runKeyword(KeywordMain.groovy:68)
	at com.kms.katalon.core.keyword.builtin.CallTestCaseKeyword.callTestCase(CallTestCaseKeyword.groovy:81)
	at com.kms.katalon.core.keyword.builtin.CallTestCaseKeyword.execute(CallTestCaseKeyword.groovy:44)
	at com.kms.katalon.core.keyword.internal.KeywordExecutor.executeKeywordForPlatform(KeywordExecutor.groovy:73)
	at com.kms.katalon.core.keyword.BuiltinKeywords.callTestCase(BuiltinKeywords.groovy:334)
	at sekmeler.sekmeler.anaSekmeyeGecilir(sekmeler.groovy:55)
	at cucumber.runtime.Utils$1.call(Utils.java:26)
	at cucumber.runtime.Timeout.timeout(Timeout.java:16)
	at cucumber.runtime.Utils.invoke(Utils.java:20)
	at cucumber.runtime.java.JavaStepDefinition.execute(JavaStepDefinition.java:49)
	at cucumber.runner.PickleStepDefinitionMatch.runStep(PickleStepDefinitionMatch.java:50)
	at cucumber.runner.TestStep.executeStep(TestStep.java:63)
	at cucumber.runner.TestStep.run(TestStep.java:49)
	at cucumber.runner.PickleStepTestStep.run(PickleStepTestStep.java:43)
	at cucumber.runner.TestCase.run(TestCase.java:44)
	at cucumber.runner.Runner.runPickle(Runner.java:40)
	at cucumber.runtime.Runtime$1.run(Runtime.java:84)
	at cucumber.runtime.Runtime$SameThreadExecutorService.execute(Runtime.java:220)
	at cucumber.runtime.Runtime.run(Runtime.java:81)
	at cucumber.api.cli.Main.run(Main.java:26)
	at cucumber.api.cli.Main$run.call(Unknown Source)
	at com.kms.katalon.core.cucumber.keyword.CucumberBuiltinKeywords$_runFeatureFile_closure1.doCall(CucumberBuiltinKeywords.groovy:106)
	at com.kms.katalon.core.cucumber.keyword.CucumberBuiltinKeywords$_runFeatureFile_closure1.doCall(CucumberBuiltinKeywords.groovy)
	at com.kms.katalon.core.keyword.internal.KeywordMain.runKeyword(KeywordMain.groovy:68)
	at com.kms.katalon.core.keyword.internal.KeywordMain$runKeyword.call(Unknown Source)
	at com.kms.katalon.core.cucumber.keyword.CucumberBuiltinKeywords.runFeatureFile(CucumberBuiltinKeywords.groovy:73)
	at com.kms.katalon.core.cucumber.keyword.CucumberBuiltinKeywords$runFeatureFile$0.callStatic(Unknown Source)
	at com.kms.katalon.core.cucumber.keyword.CucumberBuiltinKeywords.runFeatureFile(CucumberBuiltinKeywords.groovy:246)
	at com.kms.katalon.core.cucumber.keyword.CucumberBuiltinKeywords$runFeatureFile.call(Unknown Source)
	at Departman Ata_Geri Al.run(Departman Ata_Geri Al:18)
	at com.kms.katalon.core.main.ScriptEngine.run(ScriptEngine.java:194)
	at com.kms.katalon.core.main.ScriptEngine.runScriptAsRawText(ScriptEngine.java:119)
	at com.kms.katalon.core.main.TestCaseExecutor.runScript(TestCaseExecutor.java:369)
	at com.kms.katalon.core.main.TestCaseExecutor.doExecute(TestCaseExecutor.java:360)
	at com.kms.katalon.core.main.TestCaseExecutor.processExecutionPhase(TestCaseExecutor.java:339)
	at com.kms.katalon.core.main.TestCaseExecutor.accessMainPhase(TestCaseExecutor.java:331)
	at com.kms.katalon.core.main.TestCaseExecutor.execute(TestCaseExecutor.java:248)
	at com.kms.katalon.core.main.TestSuiteExecutor.accessTestCaseMainPhase(TestSuiteExecutor.java:191)
	at com.kms.katalon.core.main.TestSuiteExecutor.accessTestSuiteMainPhase(TestSuiteExecutor.java:140)
	at com.kms.katalon.core.main.TestSuiteExecutor.execute(TestSuiteExecutor.java:89)
	at com.kms.katalon.core.main.TestCaseMain.startTestSuite(TestCaseMain.java:181)
	at com.kms.katalon.core.main.TestCaseMain$startTestSuite$0.call(Unknown Source)
	at TempTestSuite1637222960690.run(TempTestSuite1637222960690.groovy:39)
Caused by: org.openqa.selenium.NoSuchWindowException: no such window: window was already closed
  (Session info: chrome=96.0.4664.45)
Build info: version: '3.141.59', revision: 'e82be7d358', time: '2018-11-14T08:25:53'
System info: host: 'DESKTOP-QBVMTUG', ip: '192.168.1.24', os.name: 'Windows 10', os.arch: 'amd64', os.version: '10.0', java.version: '1.8.0_282'
Driver info: com.kms.katalon.selenium.driver.CChromeDriver
Capabilities {acceptInsecureCerts: false, browserName: chrome, browserVersion: 96.0.4664.45, chrome: {chromedriverVersion: 96.0.4664.45 (76e4c1bb2ab46..., userDataDir: C:\Users\DELL\AppData\Local...}, goog:chromeOptions: {debuggerAddress: localhost:65270}, javascriptEnabled: true, networkConnectionEnabled: false, pageLoadStrategy: normal, platform: WINDOWS, platformName: WINDOWS, proxy: Proxy(), setWindowRect: true, strictFileInteractability: false, timeouts: {implicit: 0, pageLoad: 300000, script: 30000}, unhandledPromptBehavior: dismiss and notify, webauthn:extension:credBlob: true, webauthn:extension:largeBlob: true, webauthn:virtualAuthenticators: true}
Session ID: e0231213f4fe273cafa0dde5cc8dc661
	at org.openqa.selenium.remote.http.W3CHttpResponseCodec.createException(W3CHttpResponseCodec.java:187)
	at org.openqa.selenium.remote.http.W3CHttpResponseCodec.decode(W3CHttpResponseCodec.java:122)
	at org.openqa.selenium.remote.http.W3CHttpResponseCodec.decode(W3CHttpResponseCodec.java:49)
	at org.openqa.selenium.remote.HttpCommandExecutor.execute(HttpCommandExecutor.java:158)
	at org.openqa.selenium.remote.service.DriverCommandExecutor.execute(DriverCommandExecutor.java:83)
	at org.openqa.selenium.remote.RemoteWebDriver.execute(RemoteWebDriver.java:552)
	at com.kms.katalon.selenium.driver.CChromeDriver.execute(CChromeDriver.java:19)
	at org.openqa.selenium.remote.RemoteWebDriver.execute(RemoteWebDriver.java:609)
	at org.openqa.selenium.remote.RemoteWebDriver.getWindowHandle(RemoteWebDriver.java:472)
	at org.openqa.selenium.support.events.EventFiringWebDriver.lambda$new$1(EventFiringWebDriver.java:105)
	at com.sun.proxy.$Proxy12.getWindowHandle(Unknown Source)
	at org.openqa.selenium.support.events.EventFiringWebDriver.getWindowHandle(EventFiringWebDriver.java:221)
	at com.kms.katalon.core.webui.driver.DriverFactory.getCurrentWindowIndex(DriverFactory.java:1072)
	at com.kms.katalon.core.webui.keyword.builtin.GetWindowIndexKeyword$_getWindowIndex_closure1.doCall(GetWindowIndexKeyword.groovy:73)
	at com.kms.katalon.core.webui.keyword.builtin.GetWindowIndexKeyword$_getWindowIndex_closure1.call(GetWindowIndexKeyword.groovy)
	at com.kms.katalon.core.webui.keyword.internal.WebUIKeywordMain.runKeywordAndReturnInt(WebUIKeywordMain.groovy:50)
	at com.kms.katalon.core.webui.keyword.builtin.GetWindowIndexKeyword.getWindowIndex(GetWindowIndexKeyword.groovy:71)
	at com.kms.katalon.core.webui.keyword.builtin.GetWindowIndexKeyword.execute(GetWindowIndexKeyword.groovy:66)
	at com.kms.katalon.core.keyword.internal.KeywordExecutor.executeKeywordForPlatform(KeywordExecutor.groovy:73)
	at com.kms.katalon.core.webui.keyword.WebUiBuiltInKeywords.getWindowIndex(WebUiBuiltInKeywords.groovy:262)
	at com.kms.katalon.core.webui.keyword.WebUiBuiltInKeywords$getWindowIndex$22.call(Unknown Source)
	at Script1586261051750.run(Script1586261051750.groovy:18)
	at com.kms.katalon.core.main.ScriptEngine.run(ScriptEngine.java:194)
	at com.kms.katalon.core.main.ScriptEngine.runScriptAsRawText(ScriptEngine.java:119)
	at com.kms.katalon.core.main.TestCaseExecutor.runScript(TestCaseExecutor.java:369)
	at com.kms.katalon.core.main.TestCaseExecutor.doExecute(TestCaseExecutor.java:360)
	at com.kms.katalon.core.main.TestCaseExecutor.processExecutionPhase(TestCaseExecutor.java:339)
	at com.kms.katalon.core.main.TestCaseExecutor.accessMainPhase(TestCaseExecutor.java:331)
	at com.kms.katalon.core.main.TestCaseExecutor.execute(TestCaseExecutor.java:248)
	at com.kms.katalon.core.main.TestCaseMain.runTestCase(TestCaseMain.java:138)
	at com.kms.katalon.core.keyword.builtin.CallTestCaseKeyword$_callTestCase_closure1.doCall(CallTestCaseKeyword.groovy:59)
	at com.kms.katalon.core.keyword.builtin.CallTestCaseKeyword$_callTestCase_closure1.call(CallTestCaseKeyword.groovy)
	at com.kms.katalon.core.keyword.internal.KeywordMain.runKeyword(KeywordMain.groovy:68)
	at com.kms.katalon.core.keyword.builtin.CallTestCaseKeyword.callTestCase(CallTestCaseKeyword.groovy:81)
	at com.kms.katalon.core.keyword.builtin.CallTestCaseKeyword.execute(CallTestCaseKeyword.groovy:44)
	at com.kms.katalon.core.keyword.internal.KeywordExecutor.executeKeywordForPlatform(KeywordExecutor.groovy:73)
	at com.kms.katalon.core.keyword.BuiltinKeywords.callTestCase(BuiltinKeywords.groovy:334)
	at sekmeler.sekmeler.anaSekmeyeGecilir(sekmeler.groovy:55)
	at cucumber.runtime.Utils$1.call(Utils.java:26)
	at cucumber.runtime.Timeout.timeout(Timeout.java:16)
	at cucumber.runtime.Utils.invoke(Utils.java:20)
	at cucumber.runtime.java.JavaStepDefinition.execute(JavaStepDefinition.java:49)
	at cucumber.runner.PickleStepDefinitionMatch.runStep(PickleStepDefinitionMatch.java:50)
	at cucumber.runner.TestStep.executeStep(TestStep.java:63)
	at cucumber.runner.TestStep.run(TestStep.java:49)
	at cucumber.runner.PickleStepTestStep.run(PickleStepTestStep.java:43)
	at cucumber.runner.TestCase.run(TestCase.java:44)
	at cucumber.runner.Runner.runPickle(Runner.java:40)
	at cucumber.runtime.Runtime$1.run(Runtime.java:84)
	at cucumber.runtime.Runtime$SameThreadExecutorService.execute(Runtime.java:220)
	at cucumber.runtime.Runtime.run(Runtime.java:81)
	at cucumber.api.cli.Main.run(Main.java:26)
	at cucumber.api.cli.Main$run.call(Unknown Source)
	at com.kms.katalon.core.cucumber.keyword.CucumberBuiltinKeywords$_runFeatureFile_closure1.doCall(CucumberBuiltinKeywords.groovy:106)
	at com.kms.katalon.core.cucumber.keyword.CucumberBuiltinKeywords$_runFeatureFile_closure1.doCall(CucumberBuiltinKeywords.groovy)
	at com.kms.katalon.core.keyword.internal.KeywordMain.runKeyword(KeywordMain.groovy:68)
	at com.kms.katalon.core.keyword.internal.KeywordMain$runKeyword.call(Unknown Source)
	at com.kms.katalon.core.cucumber.keyword.CucumberBuiltinKeywords.runFeatureFile(CucumberBuiltinKeywords.groovy:73)
	at com.kms.katalon.core.cucumber.keyword.CucumberBuiltinKeywords$runFeatureFile$0.callStatic(Unknown Source)
	at com.kms.katalon.core.cucumber.keyword.CucumberBuiltinKeywords.runFeatureFile(CucumberBuiltinKeywords.groovy:246)
	at com.kms.katalon.core.cucumber.keyword.CucumberBuiltinKeywords$runFeatureFile.call(Unknown Source)
	at Script1600698733868.run(Script1600698733868.groovy:18)
	... 13 more
)

2021-11-18 11:28:24 - [MESSAGE][INFO] - Getting current window's index

2021-11-18 11:28:24 - [MESSAGE][FAILED] - Unable to get the index of the current window (Root cause: com.kms.katalon.core.exception.StepFailedException: Unable to get the index of the current window
	at com.kms.katalon.core.webui.keyword.internal.WebUIKeywordMain.stepFailed(WebUIKeywordMain.groovy:64)
	at com.kms.katalon.core.webui.keyword.internal.WebUIKeywordMain.runKeywordAndReturnInt(WebUIKeywordMain.groovy:56)
	at com.kms.katalon.core.webui.keyword.builtin.GetWindowIndexKeyword.getWindowIndex(GetWindowIndexKeyword.groovy:71)
	at com.kms.katalon.core.webui.keyword.builtin.GetWindowIndexKeyword.execute(GetWindowIndexKeyword.groovy:66)
	at com.kms.katalon.core.keyword.internal.KeywordExecutor.executeKeywordForPlatform(KeywordExecutor.groovy:73)
	at com.kms.katalon.core.webui.keyword.WebUiBuiltInKeywords.getWindowIndex(WebUiBuiltInKeywords.groovy:262)
	at com.kms.katalon.core.webui.keyword.WebUiBuiltInKeywords$getWindowIndex$22.call(Unknown Source)
	at Ana_Sekmeye_Gec.run(Ana_Sekmeye_Gec:18)
	at com.kms.katalon.core.main.ScriptEngine.run(ScriptEngine.java:194)
	at com.kms.katalon.core.main.ScriptEngine.runScriptAsRawText(ScriptEngine.java:119)
	at com.kms.katalon.core.main.TestCaseExecutor.runScript(TestCaseExecutor.java:369)
	at com.kms.katalon.core.main.TestCaseExecutor.doExecute(TestCaseExecutor.java:360)
	at com.kms.katalon.core.main.TestCaseExecutor.processExecutionPhase(TestCaseExecutor.java:339)
	at com.kms.katalon.core.main.TestCaseExecutor.accessMainPhase(TestCaseExecutor.java:331)
	at com.kms.katalon.core.main.TestCaseExecutor.execute(TestCaseExecutor.java:248)
	at com.kms.katalon.core.main.TestCaseMain.runTestCase(TestCaseMain.java:138)
	at com.kms.katalon.core.keyword.builtin.CallTestCaseKeyword$_callTestCase_closure1.doCall(CallTestCaseKeyword.groovy:59)
	at com.kms.katalon.core.keyword.builtin.CallTestCaseKeyword$_callTestCase_closure1.call(CallTestCaseKeyword.groovy)
	at com.kms.katalon.core.keyword.internal.KeywordMain.runKeyword(KeywordMain.groovy:68)
	at com.kms.katalon.core.keyword.builtin.CallTestCaseKeyword.callTestCase(CallTestCaseKeyword.groovy:81)
	at com.kms.katalon.core.keyword.builtin.CallTestCaseKeyword.execute(CallTestCaseKeyword.groovy:44)
	at com.kms.katalon.core.keyword.internal.KeywordExecutor.executeKeywordForPlatform(KeywordExecutor.groovy:73)
	at com.kms.katalon.core.keyword.BuiltinKeywords.callTestCase(BuiltinKeywords.groovy:334)
	at sekmeler.sekmeler.anaSekmeyeGecilir(sekmeler.groovy:55)
	at cucumber.runtime.Utils$1.call(Utils.java:26)
	at cucumber.runtime.Timeout.timeout(Timeout.java:16)
	at cucumber.runtime.Utils.invoke(Utils.java:20)
	at cucumber.runtime.java.JavaStepDefinition.execute(JavaStepDefinition.java:49)
	at cucumber.runner.PickleStepDefinitionMatch.runStep(PickleStepDefinitionMatch.java:50)
	at cucumber.runner.TestStep.executeStep(TestStep.java:63)
	at cucumber.runner.TestStep.run(TestStep.java:49)
	at cucumber.runner.PickleStepTestStep.run(PickleStepTestStep.java:43)
	at cucumber.runner.TestCase.run(TestCase.java:44)
	at cucumber.runner.Runner.runPickle(Runner.java:40)
	at cucumber.runtime.Runtime$1.run(Runtime.java:84)
	at cucumber.runtime.Runtime$SameThreadExecutorService.execute(Runtime.java:220)
	at cucumber.runtime.Runtime.run(Runtime.java:81)
	at cucumber.api.cli.Main.run(Main.java:26)
	at cucumber.api.cli.Main$run.call(Unknown Source)
	at com.kms.katalon.core.cucumber.keyword.CucumberBuiltinKeywords$_runFeatureFile_closure1.doCall(CucumberBuiltinKeywords.groovy:106)
	at com.kms.katalon.core.cucumber.keyword.CucumberBuiltinKeywords$_runFeatureFile_closure1.doCall(CucumberBuiltinKeywords.groovy)
	at com.kms.katalon.core.keyword.internal.KeywordMain.runKeyword(KeywordMain.groovy:68)
	at com.kms.katalon.core.keyword.internal.KeywordMain$runKeyword.call(Unknown Source)
	at com.kms.katalon.core.cucumber.keyword.CucumberBuiltinKeywords.runFeatureFile(CucumberBuiltinKeywords.groovy:73)
	at com.kms.katalon.core.cucumber.keyword.CucumberBuiltinKeywords$runFeatureFile$0.callStatic(Unknown Source)
	at com.kms.katalon.core.cucumber.keyword.CucumberBuiltinKeywords.runFeatureFile(CucumberBuiltinKeywords.groovy:246)
	at com.kms.katalon.core.cucumber.keyword.CucumberBuiltinKeywords$runFeatureFile.call(Unknown Source)
	at Departman Ata_Geri Al.run(Departman Ata_Geri Al:18)
	at com.kms.katalon.core.main.ScriptEngine.run(ScriptEngine.java:194)
	at com.kms.katalon.core.main.ScriptEngine.runScriptAsRawText(ScriptEngine.java:119)
	at com.kms.katalon.core.main.TestCaseExecutor.runScript(TestCaseExecutor.java:369)
	at com.kms.katalon.core.main.TestCaseExecutor.doExecute(TestCaseExecutor.java:360)
	at com.kms.katalon.core.main.TestCaseExecutor.processExecutionPhase(TestCaseExecutor.java:339)
	at com.kms.katalon.core.main.TestCaseExecutor.accessMainPhase(TestCaseExecutor.java:331)
	at com.kms.katalon.core.main.TestCaseExecutor.execute(TestCaseExecutor.java:248)
	at com.kms.katalon.core.main.TestSuiteExecutor.accessTestCaseMainPhase(TestSuiteExecutor.java:191)
	at com.kms.katalon.core.main.TestSuiteExecutor.accessTestSuiteMainPhase(TestSuiteExecutor.java:140)
	at com.kms.katalon.core.main.TestSuiteExecutor.execute(TestSuiteExecutor.java:89)
	at com.kms.katalon.core.main.TestCaseMain.startTestSuite(TestCaseMain.java:181)
	at com.kms.katalon.core.main.TestCaseMain$startTestSuite$0.call(Unknown Source)
	at TempTestSuite1637222960690.run(TempTestSuite1637222960690.groovy:39)
Caused by: org.openqa.selenium.NoSuchWindowException: no such window: window was already closed
  (Session info: chrome=96.0.4664.45)
Build info: version: '3.141.59', revision: 'e82be7d358', time: '2018-11-14T08:25:53'
System info: host: 'DESKTOP-QBVMTUG', ip: '192.168.1.24', os.name: 'Windows 10', os.arch: 'amd64', os.version: '10.0', java.version: '1.8.0_282'
Driver info: com.kms.katalon.selenium.driver.CChromeDriver
Capabilities {acceptInsecureCerts: false, browserName: chrome, browserVersion: 96.0.4664.45, chrome: {chromedriverVersion: 96.0.4664.45 (76e4c1bb2ab46..., userDataDir: C:\Users\DELL\AppData\Local...}, goog:chromeOptions: {debuggerAddress: localhost:65270}, javascriptEnabled: true, networkConnectionEnabled: false, pageLoadStrategy: normal, platform: WINDOWS, platformName: WINDOWS, proxy: Proxy(), setWindowRect: true, strictFileInteractability: false, timeouts: {implicit: 0, pageLoad: 300000, script: 30000}, unhandledPromptBehavior: dismiss and notify, webauthn:extension:credBlob: true, webauthn:extension:largeBlob: true, webauthn:virtualAuthenticators: true}
Session ID: e0231213f4fe273cafa0dde5cc8dc661
	at org.openqa.selenium.remote.http.W3CHttpResponseCodec.createException(W3CHttpResponseCodec.java:187)
	at org.openqa.selenium.remote.http.W3CHttpResponseCodec.decode(W3CHttpResponseCodec.java:122)
	at org.openqa.selenium.remote.http.W3CHttpResponseCodec.decode(W3CHttpResponseCodec.java:49)
	at org.openqa.selenium.remote.HttpCommandExecutor.execute(HttpCommandExecutor.java:158)
	at org.openqa.selenium.remote.service.DriverCommandExecutor.execute(DriverCommandExecutor.java:83)
	at org.openqa.selenium.remote.RemoteWebDriver.execute(RemoteWebDriver.java:552)
	at com.kms.katalon.selenium.driver.CChromeDriver.execute(CChromeDriver.java:19)
	at org.openqa.selenium.remote.RemoteWebDriver.execute(RemoteWebDriver.java:609)
	at org.openqa.selenium.remote.RemoteWebDriver.getWindowHandle(RemoteWebDriver.java:472)
	at org.openqa.selenium.support.events.EventFiringWebDriver.lambda$new$1(EventFiringWebDriver.java:105)
	at com.sun.proxy.$Proxy12.getWindowHandle(Unknown Source)
	at org.openqa.selenium.support.events.EventFiringWebDriver.getWindowHandle(EventFiringWebDriver.java:221)
	at com.kms.katalon.core.webui.driver.DriverFactory.getCurrentWindowIndex(DriverFactory.java:1072)
	at com.kms.katalon.core.webui.keyword.builtin.GetWindowIndexKeyword$_getWindowIndex_closure1.doCall(GetWindowIndexKeyword.groovy:73)
	at com.kms.katalon.core.webui.keyword.builtin.GetWindowIndexKeyword$_getWindowIndex_closure1.call(GetWindowIndexKeyword.groovy)
	at com.kms.katalon.core.webui.keyword.internal.WebUIKeywordMain.runKeywordAndReturnInt(WebUIKeywordMain.groovy:50)
	at com.kms.katalon.core.webui.keyword.builtin.GetWindowIndexKeyword.getWindowIndex(GetWindowIndexKeyword.groovy:71)
	at com.kms.katalon.core.webui.keyword.builtin.GetWindowIndexKeyword.execute(GetWindowIndexKeyword.groovy:66)
	at com.kms.katalon.core.keyword.internal.KeywordExecutor.executeKeywordForPlatform(KeywordExecutor.groovy:73)
	at com.kms.katalon.core.webui.keyword.WebUiBuiltInKeywords.getWindowIndex(WebUiBuiltInKeywords.groovy:262)
	at com.kms.katalon.core.webui.keyword.WebUiBuiltInKeywords$getWindowIndex$22.call(Unknown Source)
	at Script1586261051750.run(Script1586261051750.groovy:18)
	at com.kms.katalon.core.main.ScriptEngine.run(ScriptEngine.java:194)
	at com.kms.katalon.core.main.ScriptEngine.runScriptAsRawText(ScriptEngine.java:119)
	at com.kms.katalon.core.main.TestCaseExecutor.runScript(TestCaseExecutor.java:369)
	at com.kms.katalon.core.main.TestCaseExecutor.doExecute(TestCaseExecutor.java:360)
	at com.kms.katalon.core.main.TestCaseExecutor.processExecutionPhase(TestCaseExecutor.java:339)
	at com.kms.katalon.core.main.TestCaseExecutor.accessMainPhase(TestCaseExecutor.java:331)
	at com.kms.katalon.core.main.TestCaseExecutor.execute(TestCaseExecutor.java:248)
	at com.kms.katalon.core.main.TestCaseMain.runTestCase(TestCaseMain.java:138)
	at com.kms.katalon.core.keyword.builtin.CallTestCaseKeyword$_callTestCase_closure1.doCall(CallTestCaseKeyword.groovy:59)
	at com.kms.katalon.core.keyword.builtin.CallTestCaseKeyword$_callTestCase_closure1.call(CallTestCaseKeyword.groovy)
	at com.kms.katalon.core.keyword.internal.KeywordMain.runKeyword(KeywordMain.groovy:68)
	at com.kms.katalon.core.keyword.builtin.CallTestCaseKeyword.callTestCase(CallTestCaseKeyword.groovy:81)
	at com.kms.katalon.core.keyword.builtin.CallTestCaseKeyword.execute(CallTestCaseKeyword.groovy:44)
	at com.kms.katalon.core.keyword.internal.KeywordExecutor.executeKeywordForPlatform(KeywordExecutor.groovy:73)
	at com.kms.katalon.core.keyword.BuiltinKeywords.callTestCase(BuiltinKeywords.groovy:334)
	at sekmeler.sekmeler.anaSekmeyeGecilir(sekmeler.groovy:55)
	at cucumber.runtime.Utils$1.call(Utils.java:26)
	at cucumber.runtime.Timeout.timeout(Timeout.java:16)
	at cucumber.runtime.Utils.invoke(Utils.java:20)
	at cucumber.runtime.java.JavaStepDefinition.execute(JavaStepDefinition.java:49)
	at cucumber.runner.PickleStepDefinitionMatch.runStep(PickleStepDefinitionMatch.java:50)
	at cucumber.runner.TestStep.executeStep(TestStep.java:63)
	at cucumber.runner.TestStep.run(TestStep.java:49)
	at cucumber.runner.PickleStepTestStep.run(PickleStepTestStep.java:43)
	at cucumber.runner.TestCase.run(TestCase.java:44)
	at cucumber.runner.Runner.runPickle(Runner.java:40)
	at cucumber.runtime.Runtime$1.run(Runtime.java:84)
	at cucumber.runtime.Runtime$SameThreadExecutorService.execute(Runtime.java:220)
	at cucumber.runtime.Runtime.run(Runtime.java:81)
	at cucumber.api.cli.Main.run(Main.java:26)
	at cucumber.api.cli.Main$run.call(Unknown Source)
	at com.kms.katalon.core.cucumber.keyword.CucumberBuiltinKeywords$_runFeatureFile_closure1.doCall(CucumberBuiltinKeywords.groovy:106)
	at com.kms.katalon.core.cucumber.keyword.CucumberBuiltinKeywords$_runFeatureFile_closure1.doCall(CucumberBuiltinKeywords.groovy)
	at com.kms.katalon.core.keyword.internal.KeywordMain.runKeyword(KeywordMain.groovy:68)
	at com.kms.katalon.core.keyword.internal.KeywordMain$runKeyword.call(Unknown Source)
	at com.kms.katalon.core.cucumber.keyword.CucumberBuiltinKeywords.runFeatureFile(CucumberBuiltinKeywords.groovy:73)
	at com.kms.katalon.core.cucumber.keyword.CucumberBuiltinKeywords$runFeatureFile$0.callStatic(Unknown Source)
	at com.kms.katalon.core.cucumber.keyword.CucumberBuiltinKeywords.runFeatureFile(CucumberBuiltinKeywords.groovy:246)
	at com.kms.katalon.core.cucumber.keyword.CucumberBuiltinKeywords$runFeatureFile.call(Unknown Source)
	at Script1600698733868.run(Script1600698733868.groovy:18)
	... 13 more
)

2021-11-18 11:28:24 - [TEST_STEP][PASSED] - catch (Exception e): null

2021-11-18 11:28:24 - [TEST_STEP][PASSED] - switchToWindowIndex(0): Switched to window with index: '0'

2021-11-18 11:28:24 - [MESSAGE][INFO] - Checking index

2021-11-18 11:28:24 - [MESSAGE][INFO] - Switching window with index: '0'

2021-11-18 11:28:24 - [MESSAGE][PASSED] - Switched to window with index: '0'

2021-11-18 11:28:24 - [MESSAGE][PASSED] - Call Test Case 'Test Cases/Sekmeler/Ana_Sekmeye_Gec' successfully

2021-11-18 11:28:24 - [MESSAGE][INFO] - Checking called Test Case

2021-11-18 11:28:24 - [MESSAGE][INFO] - Starting to call Test Case 'Test Cases/Kullanici_Islemleri/KullaniciIslemlerindenSecimYapilir'

2021-11-18 11:28:24 - [TEST_CASE][PASSED] - Test Cases/Kullanici_Islemleri/KullaniciIslemlerindenSecimYapilir: Test Cases/Kullanici_Islemleri/KullaniciIslemlerindenSecimYapilir

2021-11-18 11:28:24 - [TEST_STEP][PASSED] - waitForElementClickable(findTestObject("Object Repository/Kullanici_Islemleri/KullaniciIslemleri"), 10): Object 'Object Repository/Kullanici_Islemleri/KullaniciIslemleri' is clickable

2021-11-18 11:28:24 - [MESSAGE][INFO] - Finding Test Object 'Object Repository/Kullanici_Islemleri/KullaniciIslemleri'

2021-11-18 11:28:24 - [MESSAGE][INFO] - Checking object

2021-11-18 11:28:24 - [MESSAGE][INFO] - Checking timeout

2021-11-18 11:28:24 - [MESSAGE][INFO] - Finding web element from Test Object's properties

2021-11-18 11:28:24 - [MESSAGE][INFO] - Checking timeout

2021-11-18 11:28:24 - [MESSAGE][INFO] - Finding web element with id: 'Object Repository/Kullanici_Islemleri/KullaniciIslemleri' located by 'By.cssSelector: .dropdown>a>img' in '10' second(s)

2021-11-18 11:28:24 - [MESSAGE][INFO] - Smart Wait Function is triggered

2021-11-18 11:28:24 - [MESSAGE][INFO] - Found 1 web elements with id: 'Object Repository/Kullanici_Islemleri/KullaniciIslemleri' located by 'By.cssSelector: .dropdown>a>img' in '10' second(s)

2021-11-18 11:28:24 - [MESSAGE][PASSED] - Object 'Object Repository/Kullanici_Islemleri/KullaniciIslemleri' is clickable

2021-11-18 11:28:24 - [TEST_STEP][PASSED] - click(findTestObject("Object Repository/Kullanici_Islemleri/KullaniciIslemleri")): Object: 'Object Repository/Kullanici_Islemleri/KullaniciIslemleri' is clicked on

2021-11-18 11:28:24 - [MESSAGE][INFO] - Finding Test Object 'Object Repository/Kullanici_Islemleri/KullaniciIslemleri'

2021-11-18 11:28:24 - [MESSAGE][INFO] - Checking object

2021-11-18 11:28:24 - [MESSAGE][INFO] - Finding web element from Test Object's properties

2021-11-18 11:28:24 - [MESSAGE][INFO] - Checking timeout

2021-11-18 11:28:24 - [MESSAGE][INFO] - Finding web element with id: 'Object Repository/Kullanici_Islemleri/KullaniciIslemleri' located by 'By.cssSelector: .dropdown>a>img' in '30' second(s)

2021-11-18 11:28:24 - [MESSAGE][INFO] - Smart Wait Function is triggered

2021-11-18 11:28:25 - [MESSAGE][INFO] - Found 1 web elements with id: 'Object Repository/Kullanici_Islemleri/KullaniciIslemleri' located by 'By.cssSelector: .dropdown>a>img' in '30' second(s)

2021-11-18 11:28:25 - [MESSAGE][INFO] - Clicking on object: 'Object Repository/Kullanici_Islemleri/KullaniciIslemleri'

2021-11-18 11:28:25 - [MESSAGE][PASSED] - Object: 'Object Repository/Kullanici_Islemleri/KullaniciIslemleri' is clicked on

2021-11-18 11:28:25 - [TEST_STEP][PASSED] - Method.TextDegerineEsitElementeTikla(findTestObject("Object Repository/Kullanici_Islemleri/Secenekler"), Islem): Method.TextDegerineEsitElementeTikla is PASSED

2021-11-18 11:28:25 - [MESSAGE][INFO] - Finding Test Object 'Object Repository/Kullanici_Islemleri/Secenekler'

2021-11-18 11:28:25 - [MESSAGE][INFO] - Checking timeout

2021-11-18 11:28:25 - [MESSAGE][INFO] - Finding web element with id: 'Object Repository/Kullanici_Islemleri/Secenekler' located by 'By.cssSelector: .nav.navbar-nav.navbar-right li a' in '10' second(s)

2021-11-18 11:28:25 - [MESSAGE][INFO] - Smart Wait Function is triggered

2021-11-18 11:28:25 - [MESSAGE][INFO] - Found 22 web elements with id: 'Object Repository/Kullanici_Islemleri/Secenekler' located by 'By.cssSelector: .nav.navbar-nav.navbar-right li a' in '10' second(s)

2021-11-18 11:28:26 - [MESSAGE][PASSED] - Method.TextDegerineEsitElementeTikla is PASSED

2021-11-18 11:28:26 - [TEST_STEP][PASSED] - verifyElementNotPresent(findTestObject("Object Repository/Kullanici_Islemleri/Secenekler"), 10): Web element with id: 'Object Repository/Kullanici_Islemleri/Secenekler' located by 'By.cssSelector: .nav.navbar-nav.navbar-right li a' is not present after '10' second(s)

2021-11-18 11:28:26 - [MESSAGE][INFO] - Finding Test Object 'Object Repository/Kullanici_Islemleri/Secenekler'

2021-11-18 11:28:27 - [MESSAGE][INFO] - Checking object

2021-11-18 11:28:27 - [MESSAGE][INFO] - Checking timeout

2021-11-18 11:28:27 - [MESSAGE][INFO] - Finding web element with id: 'Object Repository/Kullanici_Islemleri/Secenekler' located by 'By.cssSelector: .nav.navbar-nav.navbar-right li a' in '10' second(s)

2021-11-18 11:28:27 - [MESSAGE][INFO] - Smart Wait Function is triggered

2021-11-18 11:28:27 - [MESSAGE][PASSED] - Web element with id: 'Object Repository/Kullanici_Islemleri/Secenekler' located by 'By.cssSelector: .nav.navbar-nav.navbar-right li a' is not present after '10' second(s)

2021-11-18 11:28:27 - [MESSAGE][PASSED] - Call Test Case 'Test Cases/Kullanici_Islemleri/KullaniciIslemlerindenSecimYapilir' successfully

2021-11-18 11:28:27 - [TEST_CASE][PASSED] - Start Test Case : SCENARIO Irsaliye Yaniti departman ata: SCENARIO Irsaliye Yaniti departman ata

2021-11-18 11:28:27 - [TEST_STEP][PASSED] - Kullanıcı adı ELOGO6 ve Şifre 123456 olarak giriş yapılır: Kullanıcı adı ELOGO6 ve Şifre 123456 olarak giriş yapılır

2021-11-18 11:28:27 - [MESSAGE][PASSED] - Kullanıcı adı ELOGO6 ve Şifre 123456 olarak giriş yapılır

2021-11-18 11:28:27 - [TEST_STEP][PASSED] - Ana menüden e-İrsaliye seçilir: Ana menüden e-İrsaliye seçilir

2021-11-18 11:28:27 - [MESSAGE][PASSED] - Ana menüden e-İrsaliye seçilir

2021-11-18 11:28:27 - [TEST_STEP][PASSED] - Alt menü Giden Kutusu başlığı altındaki İrsaliye Yanıtları seçilir: Alt menü Giden Kutusu başlığı altındaki İrsaliye Yanıtları seçilir

2021-11-18 11:28:27 - [MESSAGE][PASSED] - Alt menü Giden Kutusu başlığı altındaki İrsaliye Yanıtları seçilir

2021-11-18 11:28:27 - [TEST_STEP][PASSED] - Filtrelerden Oluşturma Tarihi filtresine 01.01.2020 baslangic degerini yaz: Filtrelerden Oluşturma Tarihi filtresine 01.01.2020 baslangic degerini yaz

2021-11-18 11:28:27 - [MESSAGE][PASSED] - Filtrelerden Oluşturma Tarihi filtresine 01.01.2020 baslangic degerini yaz

2021-11-18 11:28:27 - [TEST_STEP][PASSED] - Filtrelerden Oluşturma Tarihi filtresine 31.12.2020 bitis degerini yaz: Filtrelerden Oluşturma Tarihi filtresine 31.12.2020 bitis degerini yaz

2021-11-18 11:28:27 - [MESSAGE][PASSED] - Filtrelerden Oluşturma Tarihi filtresine 31.12.2020 bitis degerini yaz

2021-11-18 11:28:27 - [TEST_STEP][PASSED] - Filtre butonlarından Listele seçilir: Filtre butonlarından Listele seçilir

2021-11-18 11:28:27 - [MESSAGE][PASSED] - Filtre butonlarından Listele seçilir

2021-11-18 11:28:27 - [TEST_STEP][PASSED] - Tabloda veri var mı kontrol edilir: Tabloda veri var mı kontrol edilir

2021-11-18 11:28:27 - [MESSAGE][PASSED] - Tabloda veri var mı kontrol edilir

2021-11-18 11:28:27 - [TEST_STEP][PASSED] - Tablodan Logo Elektronik GIB Test isimli veri seçilir: Tablodan Logo Elektronik GIB Test isimli veri seçilir

2021-11-18 11:28:27 - [MESSAGE][PASSED] - Tablodan Logo Elektronik GIB Test isimli veri seçilir

2021-11-18 11:28:27 - [TEST_STEP][PASSED] - Butonlardan Departman Ata isimli butona tıklanır: Butonlardan Departman Ata isimli butona tıklanır

2021-11-18 11:28:27 - [MESSAGE][PASSED] - Butonlardan Departman Ata isimli butona tıklanır

2021-11-18 11:28:27 - [TEST_STEP][PASSED] - Yeni açılan sekmeye geçilir: Yeni açılan sekmeye geçilir

2021-11-18 11:28:27 - [MESSAGE][PASSED] - Yeni açılan sekmeye geçilir

2021-11-18 11:28:27 - [TEST_STEP][PASSED] - otomasyon isimli departman checkboxı seçilir: otomasyon isimli departman checkboxı seçilir

2021-11-18 11:28:27 - [MESSAGE][PASSED] - otomasyon isimli departman checkboxı seçilir

2021-11-18 11:28:27 - [TEST_STEP][PASSED] - Departman kaydedilir: Departman kaydedilir

2021-11-18 11:28:27 - [MESSAGE][PASSED] - Departman kaydedilir

2021-11-18 11:28:27 - [TEST_STEP][PASSED] - Popup mesajı Seçilen belgeler ilgili departmanlara aktarılmıştır içeriyor mu: Popup mesajı Seçilen belgeler ilgili departmanlara aktarılmıştır içeriyor mu

2021-11-18 11:28:27 - [MESSAGE][PASSED] - Popup mesajı Seçilen belgeler ilgili departmanlara aktarılmıştır içeriyor mu

2021-11-18 11:28:27 - [TEST_STEP][PASSED] - Yönetim popupında Tamam seçilir: Yönetim popupında Tamam seçilir

2021-11-18 11:28:27 - [MESSAGE][PASSED] - Yönetim popupında Tamam seçilir

2021-11-18 11:28:27 - [TEST_STEP][PASSED] - Ana sekmeye geçilir: Ana sekmeye geçilir

2021-11-18 11:28:27 - [MESSAGE][PASSED] - Ana sekmeye geçilir

2021-11-18 11:28:27 - [TEST_STEP][PASSED] - Butonlardan Departman Geri Al isimli butona tıklanır: Butonlardan Departman Geri Al isimli butona tıklanır

2021-11-18 11:28:27 - [MESSAGE][PASSED] - Butonlardan Departman Geri Al isimli butona tıklanır

2021-11-18 11:28:27 - [TEST_STEP][PASSED] - Yeni açılan sekmeye geçilir: Yeni açılan sekmeye geçilir

2021-11-18 11:28:27 - [MESSAGE][PASSED] - Yeni açılan sekmeye geçilir

2021-11-18 11:28:27 - [TEST_STEP][PASSED] - otomasyon isimli departman checkboxı seçilir: otomasyon isimli departman checkboxı seçilir

2021-11-18 11:28:27 - [MESSAGE][PASSED] - otomasyon isimli departman checkboxı seçilir

2021-11-18 11:28:27 - [TEST_STEP][PASSED] - Departman kaydedilir: Departman kaydedilir

2021-11-18 11:28:27 - [MESSAGE][PASSED] - Departman kaydedilir

2021-11-18 11:28:27 - [TEST_STEP][PASSED] - Popup mesajı Seçilen belgelerin ilgili departmanlardaki yetkisi kaldırılmıştır içeriyor mu: Popup mesajı Seçilen belgelerin ilgili departmanlardaki yetkisi kaldırılmıştır içeriyor mu

2021-11-18 11:28:27 - [MESSAGE][PASSED] - Popup mesajı Seçilen belgelerin ilgili departmanlardaki yetkisi kaldırılmıştır içeriyor mu

2021-11-18 11:28:27 - [TEST_STEP][PASSED] - Yönetim popupında Tamam seçilir: Yönetim popupında Tamam seçilir

2021-11-18 11:28:27 - [MESSAGE][PASSED] - Yönetim popupında Tamam seçilir

2021-11-18 11:28:27 - [TEST_STEP][PASSED] - Ana sekmeye geçilir: Ana sekmeye geçilir

2021-11-18 11:28:27 - [MESSAGE][PASSED] - Ana sekmeye geçilir

2021-11-18 11:28:27 - [TEST_STEP][PASSED] - Kullanıcı işlemlerinden Çıkış seçilir: Kullanıcı işlemlerinden Çıkış seçilir

2021-11-18 11:28:27 - [MESSAGE][PASSED] - Kullanıcı işlemlerinden Çıkış seçilir

2021-11-18 11:28:27 - [MESSAGE][PASSED] - Feature file: 'Include/features/e-Irsaliye/Giden Kutusu/Irsaliye Yanitlari/Departman Ata_Geri Al.feature' was passed

2021-11-18 11:28:27 - [TEST_STEP][PASSED] - Start listener action : sampleAfterTestSuite: Invoke 'com.kms.katalon.core.annotation.AfterTestCase' method: 'Listener.sampleAfterTestSuite(...)' completed.

2021-11-18 11:28:27 - [MESSAGE][INFO] - Starting invoke 'com.kms.katalon.core.annotation.AfterTestCase' method: 'Listener.sampleAfterTestSuite(...)'

2021-11-18 11:28:27 - [TEST_STEP][PASSED] - closeBrowser(): Invoke 'com.kms.katalon.core.annotation.AfterTestCase' method: 'Listener.sampleAfterTestSuite(...)' completed.

2021-11-18 11:28:27 - [MESSAGE][INFO] - Closing browser

2021-11-18 11:28:28 - [MESSAGE][PASSED] - Browser is closed

2021-11-18 11:28:28 - [MESSAGE][INFO] - Invoke 'com.kms.katalon.core.annotation.AfterTestCase' method: 'Listener.sampleAfterTestSuite(...)' completed.]]></system-out>
         <system-err><![CDATA[]]></system-err>
      </testcase>
      <testcase name="Test Cases/Case Repository/e-Irsaliye/Giden Kutusu/Irsaliye Yanitlari/Ekran Kontrolu" time="55.064" classname="Test Cases/Case Repository/e-Irsaliye/Giden Kutusu/Irsaliye Yanitlari/Ekran Kontrolu" status="PASSED">
         <system-out><![CDATA[2021-11-18 11:28:28 - [TEST_CASE][PASSED] - Test Cases/Case Repository/e-Irsaliye/Giden Kutusu/Irsaliye Yanitlari/Ekran Kontrolu: Test Cases/Case Repository/e-Irsaliye/Giden Kutusu/Irsaliye Yanitlari/Ekran Kontrolu

2021-11-18 11:28:28 - [TEST_STEP][PASSED] - Start listener action : sampleBeforeTestSuite: Invoke 'com.kms.katalon.core.annotation.BeforeTestCase' method: 'Listener.sampleBeforeTestSuite(...)' completed.

2021-11-18 11:28:28 - [MESSAGE][INFO] - Starting invoke 'com.kms.katalon.core.annotation.BeforeTestCase' method: 'Listener.sampleBeforeTestSuite(...)'

2021-11-18 11:28:28 - [TEST_STEP][PASSED] - openBrowser(baseUrl): Browser is opened with url: 'https://efatura-stage.elogo.com.tr/'

2021-11-18 11:28:28 - [MESSAGE][INFO] - Opening browser

2021-11-18 11:28:28 - [MESSAGE][INFO] - Starting 'Chrome' driver

2021-11-18 11:28:28 - [MESSAGE][INFO] - User set preference: ['prefs', '{download.default_directory=C:\otomasyondownfiles}']

2021-11-18 11:28:28 - [MESSAGE][INFO] - Action delay is set to 0 milliseconds

2021-11-18 11:28:29 - [MESSAGE][INFO] - Navigating browser to: 'https://efatura-stage.elogo.com.tr/'

2021-11-18 11:28:34 - [MESSAGE][PASSED] - Browser is opened with url: 'https://efatura-stage.elogo.com.tr/'

2021-11-18 11:28:34 - [TEST_STEP][PASSED] - maximizeWindow(): Invoke 'com.kms.katalon.core.annotation.BeforeTestCase' method: 'Listener.sampleBeforeTestSuite(...)' completed.

2021-11-18 11:28:34 - [MESSAGE][INFO] - Maximizing current window

2021-11-18 11:28:34 - [MESSAGE][PASSED] - Current window maximized

2021-11-18 11:28:34 - [MESSAGE][INFO] - Invoke 'com.kms.katalon.core.annotation.BeforeTestCase' method: 'Listener.sampleBeforeTestSuite(...)' completed.

2021-11-18 11:28:35 - [TEST_STEP][PASSED] - runFeatureFile("Include/features/e-Irsaliye/Giden Kutusu/Irsaliye Yanitlari/Ekran Kontrolu.feature"): Feature file: 'Include/features/e-Irsaliye/Giden Kutusu/Irsaliye Yanitlari/Ekran Kontrolu.feature' was passed

2021-11-18 11:28:35 - [MESSAGE][INFO] - Starting run keyword runFeatureFile: 'Include/features/e-Irsaliye/Giden Kutusu/Irsaliye Yanitlari/Ekran Kontrolu.feature' and extract report to folder: 'C:\Users\DELL\Documents\GitHub\EES_KatalonLogo\Reports\20211118_110909\Suite Repository\e-Irsaliye\20211118_110920/cucumber_report/1637224115386'...

2021-11-18 11:28:35 - [MESSAGE][INFO] - Glue: []

2021-11-18 11:28:38 - [MESSAGE][INFO] - Checking called Test Case

2021-11-18 11:28:38 - [MESSAGE][INFO] - Starting to call Test Case 'Test Cases/Sayfalar/Giris_Sayfasi/Login'

2021-11-18 11:28:38 - [TEST_CASE][PASSED] - Test Cases/Sayfalar/Giris_Sayfasi/Login: Test Cases/Sayfalar/Giris_Sayfasi/Login

2021-11-18 11:28:38 - [TEST_STEP][PASSED] - Sayfa_Basligi = getWindowTitle(): Current window's title is: 'LOGO e-Fatura'

2021-11-18 11:28:38 - [MESSAGE][INFO] - Getting current window's title

2021-11-18 11:28:38 - [MESSAGE][PASSED] - Current window's title is: 'LOGO e-Fatura'

2021-11-18 11:28:38 - [TEST_STEP][PASSED] - verifyMatch(Sayfa_Basligi, "LOGO e-Fatura", false): Actual text 'LOGO e-Fatura' and expected text 'LOGO e-Fatura' are matched 

2021-11-18 11:28:38 - [MESSAGE][INFO] - Matching actual text 'LOGO e-Fatura' with expected text 'LOGO e-Fatura'

2021-11-18 11:28:38 - [MESSAGE][PASSED] - Actual text 'LOGO e-Fatura' and expected text 'LOGO e-Fatura' are matched 

2021-11-18 11:28:38 - [TEST_STEP][PASSED] - sendKeys(findTestObject("Sayfalar/Giris_Sayfasi/Firma_Kodu"), KullaniciAdi): Keys 'ELOGO6' sent to object: 'Object Repository/Sayfalar/Giris_Sayfasi/Firma_Kodu'

2021-11-18 11:28:38 - [MESSAGE][INFO] - Finding Test Object 'Object Repository/Sayfalar/Giris_Sayfasi/Firma_Kodu'

2021-11-18 11:28:38 - [MESSAGE][INFO] - Sending keys 'ELOGO6' to object: 'Object Repository/Sayfalar/Giris_Sayfasi/Firma_Kodu'

2021-11-18 11:28:38 - [MESSAGE][INFO] - Finding web element from Test Object's properties

2021-11-18 11:28:38 - [MESSAGE][INFO] - Checking timeout

2021-11-18 11:28:38 - [MESSAGE][INFO] - Finding web element with id: 'Object Repository/Sayfalar/Giris_Sayfasi/Firma_Kodu' located by 'By.xpath: //*[@id = 'AccountName']' in '30' second(s)

2021-11-18 11:28:38 - [MESSAGE][INFO] - Smart Wait Function is triggered

2021-11-18 11:28:39 - [MESSAGE][INFO] - Found 1 web elements with id: 'Object Repository/Sayfalar/Giris_Sayfasi/Firma_Kodu' located by 'By.xpath: //*[@id = 'AccountName']' in '30' second(s)

2021-11-18 11:28:39 - [MESSAGE][PASSED] - Keys 'ELOGO6' sent to object: 'Object Repository/Sayfalar/Giris_Sayfasi/Firma_Kodu'

2021-11-18 11:28:39 - [TEST_STEP][PASSED] - sendKeys(findTestObject("Sayfalar/Giris_Sayfasi/Sifre"), Sifre): Keys '123456' sent to object: 'Object Repository/Sayfalar/Giris_Sayfasi/Sifre'

2021-11-18 11:28:39 - [MESSAGE][INFO] - Finding Test Object 'Object Repository/Sayfalar/Giris_Sayfasi/Sifre'

2021-11-18 11:28:39 - [MESSAGE][INFO] - Sending keys '123456' to object: 'Object Repository/Sayfalar/Giris_Sayfasi/Sifre'

2021-11-18 11:28:39 - [MESSAGE][INFO] - Finding web element from Test Object's properties

2021-11-18 11:28:39 - [MESSAGE][INFO] - Checking timeout

2021-11-18 11:28:39 - [MESSAGE][INFO] - Finding web element with id: 'Object Repository/Sayfalar/Giris_Sayfasi/Sifre' located by 'By.xpath: //*[@id = 'Password']' in '30' second(s)

2021-11-18 11:28:39 - [MESSAGE][INFO] - Smart Wait Function is triggered

2021-11-18 11:28:40 - [MESSAGE][INFO] - Found 1 web elements with id: 'Object Repository/Sayfalar/Giris_Sayfasi/Sifre' located by 'By.xpath: //*[@id = 'Password']' in '30' second(s)

2021-11-18 11:28:40 - [MESSAGE][PASSED] - Keys '123456' sent to object: 'Object Repository/Sayfalar/Giris_Sayfasi/Sifre'

2021-11-18 11:28:40 - [TEST_STEP][PASSED] - findWebElement(findTestObject("Sayfalar/Giris_Sayfasi/Giris_Butonu")).click(): Found 1 web elements with id: 'Object Repository/Sayfalar/Giris_Sayfasi/Giris_Butonu' located by 'By.cssSelector: #btnLogin' in '30' second(s)

2021-11-18 11:28:40 - [MESSAGE][INFO] - Finding Test Object 'Object Repository/Sayfalar/Giris_Sayfasi/Giris_Butonu'

2021-11-18 11:28:40 - [MESSAGE][INFO] - Finding web element from Test Object's properties

2021-11-18 11:28:40 - [MESSAGE][INFO] - Checking timeout

2021-11-18 11:28:40 - [MESSAGE][INFO] - Finding web element with id: 'Object Repository/Sayfalar/Giris_Sayfasi/Giris_Butonu' located by 'By.cssSelector: #btnLogin' in '30' second(s)

2021-11-18 11:28:40 - [MESSAGE][INFO] - Smart Wait Function is triggered

2021-11-18 11:28:40 - [MESSAGE][INFO] - Found 1 web elements with id: 'Object Repository/Sayfalar/Giris_Sayfasi/Giris_Butonu' located by 'By.cssSelector: #btnLogin' in '30' second(s)

2021-11-18 11:28:43 - [TEST_STEP][PASSED] - if (verifyElementPresent(findTestObject("Object Repository/Sayfalar/Giris_Sayfasi/RetveTamam_Butonu"), 5, OPTIONAL)): null

2021-11-18 11:28:43 - [MESSAGE][INFO] - Finding Test Object 'Object Repository/Sayfalar/Giris_Sayfasi/RetveTamam_Butonu'

2021-11-18 11:28:43 - [MESSAGE][INFO] - Checking object

2021-11-18 11:28:43 - [MESSAGE][INFO] - Finding web element from Test Object's properties

2021-11-18 11:28:43 - [MESSAGE][INFO] - Checking timeout

2021-11-18 11:28:43 - [MESSAGE][INFO] - Finding web element with id: 'Object Repository/Sayfalar/Giris_Sayfasi/RetveTamam_Butonu' located by 'By.xpath: //*[@class = 'btn btn-default']' in '5' second(s)

2021-11-18 11:28:43 - [MESSAGE][INFO] - Smart Wait Function is triggered

2021-11-18 11:28:43 - [MESSAGE][INFO] - Found 1 web elements with id: 'Object Repository/Sayfalar/Giris_Sayfasi/RetveTamam_Butonu' located by 'By.xpath: //*[@class = 'btn btn-default']' in '5' second(s)

2021-11-18 11:28:43 - [MESSAGE][PASSED] - Object 'Object Repository/Sayfalar/Giris_Sayfasi/RetveTamam_Butonu' is present

2021-11-18 11:28:43 - [TEST_STEP][PASSED] - click(findTestObject("Object Repository/Sayfalar/Giris_Sayfasi/RetveTamam_Butonu")): Object: 'Object Repository/Sayfalar/Giris_Sayfasi/RetveTamam_Butonu' is clicked on

2021-11-18 11:28:43 - [MESSAGE][INFO] - Finding Test Object 'Object Repository/Sayfalar/Giris_Sayfasi/RetveTamam_Butonu'

2021-11-18 11:28:43 - [MESSAGE][INFO] - Checking object

2021-11-18 11:28:43 - [MESSAGE][INFO] - Finding web element from Test Object's properties

2021-11-18 11:28:43 - [MESSAGE][INFO] - Checking timeout

2021-11-18 11:28:43 - [MESSAGE][INFO] - Finding web element with id: 'Object Repository/Sayfalar/Giris_Sayfasi/RetveTamam_Butonu' located by 'By.xpath: //*[@class = 'btn btn-default']' in '30' second(s)

2021-11-18 11:28:43 - [MESSAGE][INFO] - Smart Wait Function is triggered

2021-11-18 11:28:43 - [MESSAGE][INFO] - Found 1 web elements with id: 'Object Repository/Sayfalar/Giris_Sayfasi/RetveTamam_Butonu' located by 'By.xpath: //*[@class = 'btn btn-default']' in '30' second(s)

2021-11-18 11:28:43 - [MESSAGE][INFO] - Clicking on object: 'Object Repository/Sayfalar/Giris_Sayfasi/RetveTamam_Butonu'

2021-11-18 11:28:44 - [MESSAGE][PASSED] - Object: 'Object Repository/Sayfalar/Giris_Sayfasi/RetveTamam_Butonu' is clicked on

2021-11-18 11:28:44 - [TEST_STEP][PASSED] - click(findTestObject("Object Repository/Sayfalar/Giris_Sayfasi/RetveTamam_Butonu")): Object: 'Object Repository/Sayfalar/Giris_Sayfasi/RetveTamam_Butonu' is clicked on

2021-11-18 11:28:44 - [MESSAGE][INFO] - Finding Test Object 'Object Repository/Sayfalar/Giris_Sayfasi/RetveTamam_Butonu'

2021-11-18 11:28:44 - [MESSAGE][INFO] - Checking object

2021-11-18 11:28:44 - [MESSAGE][INFO] - Finding web element from Test Object's properties

2021-11-18 11:28:44 - [MESSAGE][INFO] - Checking timeout

2021-11-18 11:28:44 - [MESSAGE][INFO] - Finding web element with id: 'Object Repository/Sayfalar/Giris_Sayfasi/RetveTamam_Butonu' located by 'By.xpath: //*[@class = 'btn btn-default']' in '30' second(s)

2021-11-18 11:28:44 - [MESSAGE][INFO] - Smart Wait Function is triggered

2021-11-18 11:28:47 - [MESSAGE][INFO] - Found 1 web elements with id: 'Object Repository/Sayfalar/Giris_Sayfasi/RetveTamam_Butonu' located by 'By.xpath: //*[@class = 'btn btn-default']' in '30' second(s)

2021-11-18 11:28:47 - [MESSAGE][INFO] - Clicking on object: 'Object Repository/Sayfalar/Giris_Sayfasi/RetveTamam_Butonu'

2021-11-18 11:28:47 - [MESSAGE][PASSED] - Object: 'Object Repository/Sayfalar/Giris_Sayfasi/RetveTamam_Butonu' is clicked on

2021-11-18 11:28:47 - [TEST_STEP][PASSED] - if (verifyElementPresent(findTestObject("Sayfalar/Giris_Sayfasi/PopupOK"), 5, OPTIONAL)): null

2021-11-18 11:28:47 - [MESSAGE][INFO] - Finding Test Object 'Object Repository/Sayfalar/Giris_Sayfasi/PopupOK'

2021-11-18 11:28:47 - [MESSAGE][INFO] - Checking object

2021-11-18 11:28:47 - [MESSAGE][INFO] - Finding web element from Test Object's properties

2021-11-18 11:28:47 - [MESSAGE][INFO] - Checking timeout

2021-11-18 11:28:47 - [MESSAGE][INFO] - Finding web element with id: 'Object Repository/Sayfalar/Giris_Sayfasi/PopupOK' located by 'By.cssSelector: .btn.btn-success' in '5' second(s)

2021-11-18 11:28:47 - [MESSAGE][INFO] - Smart Wait Function is triggered

2021-11-18 11:28:48 - [MESSAGE][INFO] - Found 1 web elements with id: 'Object Repository/Sayfalar/Giris_Sayfasi/PopupOK' located by 'By.cssSelector: .btn.btn-success' in '5' second(s)

2021-11-18 11:28:48 - [MESSAGE][PASSED] - Object 'Object Repository/Sayfalar/Giris_Sayfasi/PopupOK' is present

2021-11-18 11:28:48 - [TEST_STEP][PASSED] - click(findTestObject("Object Repository/Sayfalar/Giris_Sayfasi/PopupCarpiGiris")): Object: 'Object Repository/Sayfalar/Giris_Sayfasi/PopupCarpiGiris' is clicked on

2021-11-18 11:28:48 - [MESSAGE][INFO] - Finding Test Object 'Object Repository/Sayfalar/Giris_Sayfasi/PopupCarpiGiris'

2021-11-18 11:28:48 - [MESSAGE][INFO] - Checking object

2021-11-18 11:28:48 - [MESSAGE][INFO] - Finding web element from Test Object's properties

2021-11-18 11:28:48 - [MESSAGE][INFO] - Checking timeout

2021-11-18 11:28:48 - [MESSAGE][INFO] - Finding web element with id: 'Object Repository/Sayfalar/Giris_Sayfasi/PopupCarpiGiris' located by 'By.cssSelector: .bootbox-close-button.close' in '30' second(s)

2021-11-18 11:28:48 - [MESSAGE][INFO] - Smart Wait Function is triggered

2021-11-18 11:28:48 - [MESSAGE][INFO] - Found 1 web elements with id: 'Object Repository/Sayfalar/Giris_Sayfasi/PopupCarpiGiris' located by 'By.cssSelector: .bootbox-close-button.close' in '30' second(s)

2021-11-18 11:28:48 - [MESSAGE][INFO] - Clicking on object: 'Object Repository/Sayfalar/Giris_Sayfasi/PopupCarpiGiris'

2021-11-18 11:28:48 - [MESSAGE][PASSED] - Object: 'Object Repository/Sayfalar/Giris_Sayfasi/PopupCarpiGiris' is clicked on

2021-11-18 11:28:48 - [TEST_STEP][PASSED] - verifyElementVisible(findTestObject("Object Repository/Kullanici_Islemleri/KullaniciIslemleri")): Object 'Object Repository/Kullanici_Islemleri/KullaniciIslemleri' is visible

2021-11-18 11:28:48 - [MESSAGE][INFO] - Finding Test Object 'Object Repository/Kullanici_Islemleri/KullaniciIslemleri'

2021-11-18 11:28:48 - [MESSAGE][INFO] - Checking object

2021-11-18 11:28:48 - [MESSAGE][INFO] - Finding web element from Test Object's properties

2021-11-18 11:28:48 - [MESSAGE][INFO] - Checking timeout

2021-11-18 11:28:48 - [MESSAGE][INFO] - Finding web element with id: 'Object Repository/Kullanici_Islemleri/KullaniciIslemleri' located by 'By.cssSelector: .dropdown>a>img' in '30' second(s)

2021-11-18 11:28:48 - [MESSAGE][INFO] - Smart Wait Function is triggered

2021-11-18 11:28:49 - [MESSAGE][INFO] - Found 1 web elements with id: 'Object Repository/Kullanici_Islemleri/KullaniciIslemleri' located by 'By.cssSelector: .dropdown>a>img' in '30' second(s)

2021-11-18 11:28:49 - [MESSAGE][PASSED] - Object 'Object Repository/Kullanici_Islemleri/KullaniciIslemleri' is visible

2021-11-18 11:28:49 - [MESSAGE][PASSED] - Call Test Case 'Test Cases/Sayfalar/Giris_Sayfasi/Login' successfully

2021-11-18 11:28:49 - [MESSAGE][INFO] - Checking called Test Case

2021-11-18 11:28:49 - [MESSAGE][INFO] - Starting to call Test Case 'Test Cases/Menu/AnaMenuSecimi'

2021-11-18 11:28:49 - [TEST_CASE][PASSED] - Test Cases/Menu/AnaMenuSecimi: Test Cases/Menu/AnaMenuSecimi

2021-11-18 11:28:49 - [TEST_STEP][PASSED] - Method.TextDegerineEsitElementeTikla(findTestObject("Menu/Ana_Menu"), Ana_Menu): Method.TextDegerineEsitElementeTikla is PASSED

2021-11-18 11:28:49 - [MESSAGE][INFO] - Finding Test Object 'Object Repository/Menu/Ana_Menu'

2021-11-18 11:28:49 - [MESSAGE][INFO] - Checking timeout

2021-11-18 11:28:49 - [MESSAGE][INFO] - Finding web element with id: 'Object Repository/Menu/Ana_Menu' located by 'By.xpath: //*[@class = 'dropdown-toggle']' in '10' second(s)

2021-11-18 11:28:49 - [MESSAGE][INFO] - Smart Wait Function is triggered

2021-11-18 11:28:49 - [MESSAGE][INFO] - Found 14 web elements with id: 'Object Repository/Menu/Ana_Menu' located by 'By.xpath: //*[@class = 'dropdown-toggle']' in '10' second(s)

2021-11-18 11:28:49 - [MESSAGE][PASSED] - Method.TextDegerineEsitElementeTikla is PASSED

2021-11-18 11:28:49 - [MESSAGE][PASSED] - Call Test Case 'Test Cases/Menu/AnaMenuSecimi' successfully

2021-11-18 11:28:49 - [MESSAGE][INFO] - Checking called Test Case

2021-11-18 11:28:49 - [MESSAGE][INFO] - Starting to call Test Case 'Test Cases/Menu/BasligaGoreAltMenuSecimi'

2021-11-18 11:28:49 - [TEST_CASE][PASSED] - Test Cases/Menu/BasligaGoreAltMenuSecimi: Test Cases/Menu/BasligaGoreAltMenuSecimi

2021-11-18 11:28:49 - [TEST_STEP][PASSED] - Method.TextDegerineEsitElementinAltindakiTextDegerineEsitOlanaTikla(findTestObject("Menu/Menu_Basligi"), findTestObject("Menu/Basliga_Gore_Alt_Menu"), Baslik, Alt_Menu): Method.TextDegerineEsitElementinAltindakiTextDegerineEsitOlanaTikla is PASSED

2021-11-18 11:28:49 - [MESSAGE][INFO] - Finding Test Object 'Object Repository/Menu/Menu_Basligi'

2021-11-18 11:28:49 - [MESSAGE][INFO] - Finding Test Object 'Object Repository/Menu/Basliga_Gore_Alt_Menu'

2021-11-18 11:28:50 - [MESSAGE][INFO] - Checking timeout

2021-11-18 11:28:50 - [MESSAGE][INFO] - Finding web element with id: 'Object Repository/Menu/Menu_Basligi' located by 'By.xpath: //li[@class='dropdown dropdown-large open']//li[@class='dropdown-header']' in '10' second(s)

2021-11-18 11:28:50 - [MESSAGE][INFO] - Smart Wait Function is triggered

2021-11-18 11:28:50 - [MESSAGE][INFO] - Found 3 web elements with id: 'Object Repository/Menu/Menu_Basligi' located by 'By.xpath: //li[@class='dropdown dropdown-large open']//li[@class='dropdown-header']' in '10' second(s)

2021-11-18 11:28:50 - [MESSAGE][INFO] - Smart Wait Function is triggered

2021-11-18 11:28:52 - [MESSAGE][PASSED] - Method.TextDegerineEsitElementinAltindakiTextDegerineEsitOlanaTikla is PASSED

2021-11-18 11:28:52 - [MESSAGE][PASSED] - Call Test Case 'Test Cases/Menu/BasligaGoreAltMenuSecimi' successfully

2021-11-18 11:28:52 - [MESSAGE][INFO] - Checking called Test Case

2021-11-18 11:28:52 - [MESSAGE][INFO] - Starting to call Test Case 'Test Cases/Filtreler/BaslangicYaz'

2021-11-18 11:28:52 - [TEST_CASE][PASSED] - Test Cases/Filtreler/BaslangicYaz: Test Cases/Filtreler/BaslangicYaz

2021-11-18 11:28:52 - [TEST_STEP][PASSED] - delay(3): Delayed 3 second(s)

2021-11-18 11:28:52 - [MESSAGE][INFO] - Delaying browser in 3 second(s)

2021-11-18 11:28:55 - [MESSAGE][PASSED] - Delayed 3 second(s)

2021-11-18 11:28:55 - [TEST_STEP][PASSED] - Method.TextDegerineEsitElementinAltindakineTikla(findTestObject("Filtreler/Basliklar"), findTestObject("Filtreler/Basliga_Gore_Baslangic_Image"), Filtre_Adi): Method.TextDegerineEsitElementinAltindakineTikla is PASSED

2021-11-18 11:28:55 - [MESSAGE][INFO] - Finding Test Object 'Object Repository/Filtreler/Basliklar'

2021-11-18 11:28:55 - [MESSAGE][INFO] - Finding Test Object 'Object Repository/Filtreler/Basliga_Gore_Baslangic_Image'

2021-11-18 11:28:55 - [MESSAGE][INFO] - Checking timeout

2021-11-18 11:28:55 - [MESSAGE][INFO] - Finding web element with id: 'Object Repository/Filtreler/Basliklar' located by 'By.cssSelector: .control-label.col-sm-4.paddingMarginRLC' in '10' second(s)

2021-11-18 11:28:55 - [MESSAGE][INFO] - Smart Wait Function is triggered

2021-11-18 11:28:56 - [MESSAGE][INFO] - Found 13 web elements with id: 'Object Repository/Filtreler/Basliklar' located by 'By.cssSelector: .control-label.col-sm-4.paddingMarginRLC' in '10' second(s)

2021-11-18 11:28:56 - [MESSAGE][INFO] - Smart Wait Function is triggered

2021-11-18 11:28:56 - [MESSAGE][PASSED] - Method.TextDegerineEsitElementinAltindakineTikla is PASSED

2021-11-18 11:28:56 - [TEST_STEP][PASSED] - Method.TextDegerineEsitElementinAltindakiTextboxtaYaz(findTestObject("Filtreler/Basliklar"), findTestObject("Filtreler/Basliga_Gore_Baslangic"), Filtre_Adi, Filtre_Degeri): Method.TextDegerineEsitElementinAltindakiTextboxtaYaz is PASSED

2021-11-18 11:28:56 - [MESSAGE][INFO] - Finding Test Object 'Object Repository/Filtreler/Basliklar'

2021-11-18 11:28:56 - [MESSAGE][INFO] - Finding Test Object 'Object Repository/Filtreler/Basliga_Gore_Baslangic'

2021-11-18 11:28:56 - [MESSAGE][INFO] - Checking timeout

2021-11-18 11:28:56 - [MESSAGE][INFO] - Finding web element with id: 'Object Repository/Filtreler/Basliklar' located by 'By.cssSelector: .control-label.col-sm-4.paddingMarginRLC' in '10' second(s)

2021-11-18 11:28:56 - [MESSAGE][INFO] - Smart Wait Function is triggered

2021-11-18 11:28:56 - [MESSAGE][INFO] - Found 13 web elements with id: 'Object Repository/Filtreler/Basliklar' located by 'By.cssSelector: .control-label.col-sm-4.paddingMarginRLC' in '10' second(s)

2021-11-18 11:28:56 - [MESSAGE][INFO] - Smart Wait Function is triggered

2021-11-18 11:28:57 - [MESSAGE][PASSED] - Method.TextDegerineEsitElementinAltindakiTextboxtaYaz is PASSED

2021-11-18 11:28:57 - [MESSAGE][PASSED] - Call Test Case 'Test Cases/Filtreler/BaslangicYaz' successfully

2021-11-18 11:28:57 - [MESSAGE][INFO] - Checking called Test Case

2021-11-18 11:28:57 - [MESSAGE][INFO] - Starting to call Test Case 'Test Cases/Filtreler/BitisYaz'

2021-11-18 11:28:57 - [TEST_CASE][PASSED] - Test Cases/Filtreler/BitisYaz: Test Cases/Filtreler/BitisYaz

2021-11-18 11:28:57 - [TEST_STEP][PASSED] - Method.TextDegerineEsitElementinAltindakineTikla(findTestObject("Filtreler/Basliklar"), findTestObject("Filtreler/Basliga_Gore_Bitis_Image"), Filtre_Adi): Method.TextDegerineEsitElementinAltindakineTikla is PASSED

2021-11-18 11:28:57 - [MESSAGE][INFO] - Finding Test Object 'Object Repository/Filtreler/Basliklar'

2021-11-18 11:28:57 - [MESSAGE][INFO] - Finding Test Object 'Object Repository/Filtreler/Basliga_Gore_Bitis_Image'

2021-11-18 11:28:57 - [MESSAGE][INFO] - Checking timeout

2021-11-18 11:28:57 - [MESSAGE][INFO] - Finding web element with id: 'Object Repository/Filtreler/Basliklar' located by 'By.cssSelector: .control-label.col-sm-4.paddingMarginRLC' in '10' second(s)

2021-11-18 11:28:57 - [MESSAGE][INFO] - Smart Wait Function is triggered

2021-11-18 11:28:58 - [MESSAGE][INFO] - Found 13 web elements with id: 'Object Repository/Filtreler/Basliklar' located by 'By.cssSelector: .control-label.col-sm-4.paddingMarginRLC' in '10' second(s)

2021-11-18 11:28:58 - [MESSAGE][INFO] - Smart Wait Function is triggered

2021-11-18 11:28:58 - [MESSAGE][PASSED] - Method.TextDegerineEsitElementinAltindakineTikla is PASSED

2021-11-18 11:28:58 - [TEST_STEP][PASSED] - Method.TextDegerineEsitElementinAltindakiTextboxtaYaz(findTestObject("Filtreler/Basliklar"), findTestObject("Object Repository/Filtreler/Basliga_Gore_Bitis"), Filtre_Adi, Filtre_Degeri): Method.TextDegerineEsitElementinAltindakiTextboxtaYaz is PASSED

2021-11-18 11:28:58 - [MESSAGE][INFO] - Finding Test Object 'Object Repository/Filtreler/Basliklar'

2021-11-18 11:28:58 - [MESSAGE][INFO] - Finding Test Object 'Object Repository/Filtreler/Basliga_Gore_Bitis'

2021-11-18 11:28:58 - [MESSAGE][INFO] - Checking timeout

2021-11-18 11:28:58 - [MESSAGE][INFO] - Finding web element with id: 'Object Repository/Filtreler/Basliklar' located by 'By.cssSelector: .control-label.col-sm-4.paddingMarginRLC' in '10' second(s)

2021-11-18 11:28:58 - [MESSAGE][INFO] - Smart Wait Function is triggered

2021-11-18 11:28:59 - [MESSAGE][INFO] - Found 13 web elements with id: 'Object Repository/Filtreler/Basliklar' located by 'By.cssSelector: .control-label.col-sm-4.paddingMarginRLC' in '10' second(s)

2021-11-18 11:28:59 - [MESSAGE][INFO] - Smart Wait Function is triggered

2021-11-18 11:28:59 - [MESSAGE][PASSED] - Method.TextDegerineEsitElementinAltindakiTextboxtaYaz is PASSED

2021-11-18 11:28:59 - [MESSAGE][PASSED] - Call Test Case 'Test Cases/Filtreler/BitisYaz' successfully

2021-11-18 11:28:59 - [MESSAGE][INFO] - Checking called Test Case

2021-11-18 11:28:59 - [MESSAGE][INFO] - Starting to call Test Case 'Test Cases/Filtreler/ButonaTikla'

2021-11-18 11:28:59 - [TEST_CASE][PASSED] - Test Cases/Filtreler/ButonaTikla: Test Cases/Filtreler/ButonaTikla

2021-11-18 11:28:59 - [TEST_STEP][PASSED] - Method.TextDegerineEsitElementeTikla(findTestObject("Filtreler/Butonlar"), Filtre_Buton): Method.TextDegerineEsitElementeTikla is PASSED

2021-11-18 11:28:59 - [MESSAGE][INFO] - Finding Test Object 'Object Repository/Filtreler/Butonlar'

2021-11-18 11:28:59 - [MESSAGE][INFO] - Checking timeout

2021-11-18 11:28:59 - [MESSAGE][INFO] - Finding web element with id: 'Object Repository/Filtreler/Butonlar' located by 'By.cssSelector: .dxb>span' in '10' second(s)

2021-11-18 11:28:59 - [MESSAGE][INFO] - Smart Wait Function is triggered

2021-11-18 11:29:00 - [MESSAGE][INFO] - Found 3 web elements with id: 'Object Repository/Filtreler/Butonlar' located by 'By.cssSelector: .dxb>span' in '10' second(s)

2021-11-18 11:29:00 - [MESSAGE][PASSED] - Method.TextDegerineEsitElementeTikla is PASSED

2021-11-18 11:29:00 - [MESSAGE][PASSED] - Call Test Case 'Test Cases/Filtreler/ButonaTikla' successfully

2021-11-18 11:29:00 - [MESSAGE][INFO] - Checking called Test Case

2021-11-18 11:29:00 - [MESSAGE][INFO] - Starting to call Test Case 'Test Cases/Tablo/TablodakiVeriDetayi'

2021-11-18 11:29:00 - [TEST_CASE][PASSED] - Test Cases/Tablo/TablodakiVeriDetayi: Test Cases/Tablo/TablodakiVeriDetayi

2021-11-18 11:29:00 - [TEST_STEP][PASSED] - Method.TextDegerineEsitElementinAltindakineTikla(findTestObject("Tablo/Veriler"), findTestObject("Object Repository/Tablo/VerininArtiButonu"), Veri_Adi): Method.TextDegerineEsitElementinAltindakineTikla is PASSED

2021-11-18 11:29:00 - [MESSAGE][INFO] - Finding Test Object 'Object Repository/Tablo/Veriler'

2021-11-18 11:29:00 - [MESSAGE][INFO] - Finding Test Object 'Object Repository/Tablo/VerininArtiButonu'

2021-11-18 11:29:00 - [MESSAGE][INFO] - Checking timeout

2021-11-18 11:29:00 - [MESSAGE][INFO] - Finding web element with id: 'Object Repository/Tablo/Veriler' located by 'By.cssSelector: td.dxgv b ,td.dxgv' in '10' second(s)

2021-11-18 11:29:00 - [MESSAGE][INFO] - Smart Wait Function is triggered

2021-11-18 11:29:01 - [MESSAGE][INFO] - Found 90 web elements with id: 'Object Repository/Tablo/Veriler' located by 'By.cssSelector: td.dxgv b ,td.dxgv' in '10' second(s)

2021-11-18 11:29:01 - [MESSAGE][INFO] - Smart Wait Function is triggered

2021-11-18 11:29:01 - [MESSAGE][PASSED] - Method.TextDegerineEsitElementinAltindakineTikla is PASSED

2021-11-18 11:29:01 - [MESSAGE][PASSED] - Call Test Case 'Test Cases/Tablo/TablodakiVeriDetayi' successfully

2021-11-18 11:29:01 - [MESSAGE][INFO] - Checking called Test Case

2021-11-18 11:29:01 - [MESSAGE][INFO] - Starting to call Test Case 'Test Cases/Tablo/TablodakiVeriDetayi'

2021-11-18 11:29:01 - [TEST_CASE][PASSED] - Test Cases/Tablo/TablodakiVeriDetayi: Test Cases/Tablo/TablodakiVeriDetayi

2021-11-18 11:29:01 - [TEST_STEP][PASSED] - Method.TextDegerineEsitElementinAltindakineTikla(findTestObject("Tablo/Veriler"), findTestObject("Object Repository/Tablo/VerininArtiButonu"), Veri_Adi): Method.TextDegerineEsitElementinAltindakineTikla is PASSED

2021-11-18 11:29:01 - [MESSAGE][INFO] - Finding Test Object 'Object Repository/Tablo/Veriler'

2021-11-18 11:29:01 - [MESSAGE][INFO] - Finding Test Object 'Object Repository/Tablo/VerininArtiButonu'

2021-11-18 11:29:02 - [MESSAGE][INFO] - Checking timeout

2021-11-18 11:29:02 - [MESSAGE][INFO] - Finding web element with id: 'Object Repository/Tablo/Veriler' located by 'By.cssSelector: td.dxgv b ,td.dxgv' in '10' second(s)

2021-11-18 11:29:02 - [MESSAGE][INFO] - Smart Wait Function is triggered

2021-11-18 11:29:02 - [MESSAGE][INFO] - Found 92 web elements with id: 'Object Repository/Tablo/Veriler' located by 'By.cssSelector: td.dxgv b ,td.dxgv' in '10' second(s)

2021-11-18 11:29:02 - [MESSAGE][INFO] - Smart Wait Function is triggered

2021-11-18 11:29:03 - [MESSAGE][PASSED] - Method.TextDegerineEsitElementinAltindakineTikla is PASSED

2021-11-18 11:29:03 - [MESSAGE][PASSED] - Call Test Case 'Test Cases/Tablo/TablodakiVeriDetayi' successfully

2021-11-18 11:29:03 - [MESSAGE][INFO] - Checking called Test Case

2021-11-18 11:29:03 - [MESSAGE][INFO] - Starting to call Test Case 'Test Cases/Filtreler/FiltreVarMi'

2021-11-18 11:29:03 - [TEST_CASE][PASSED] - Test Cases/Filtreler/FiltreVarMi: Test Cases/Filtreler/FiltreVarMi

2021-11-18 11:29:03 - [TEST_STEP][PASSED] - Method.TextDegerineEsitElementVarMi(findTestObject("Filtreler/Basliklar"), Filtre_alan): Method.TextDegerineEsitElementVarMi is PASSED

2021-11-18 11:29:03 - [MESSAGE][INFO] - Finding Test Object 'Object Repository/Filtreler/Basliklar'

2021-11-18 11:29:03 - [MESSAGE][INFO] - Checking timeout

2021-11-18 11:29:03 - [MESSAGE][INFO] - Finding web element with id: 'Object Repository/Filtreler/Basliklar' located by 'By.cssSelector: .control-label.col-sm-4.paddingMarginRLC' in '10' second(s)

2021-11-18 11:29:03 - [MESSAGE][INFO] - Smart Wait Function is triggered

2021-11-18 11:29:03 - [MESSAGE][INFO] - Found 13 web elements with id: 'Object Repository/Filtreler/Basliklar' located by 'By.cssSelector: .control-label.col-sm-4.paddingMarginRLC' in '10' second(s)

2021-11-18 11:29:03 - [MESSAGE][PASSED] - Method.TextDegerineEsitElementVarMi is PASSED

2021-11-18 11:29:03 - [MESSAGE][PASSED] - Call Test Case 'Test Cases/Filtreler/FiltreVarMi' successfully

2021-11-18 11:29:03 - [MESSAGE][INFO] - Checking called Test Case

2021-11-18 11:29:03 - [MESSAGE][INFO] - Starting to call Test Case 'Test Cases/Filtreler/FiltreVarMi'

2021-11-18 11:29:03 - [TEST_CASE][PASSED] - Test Cases/Filtreler/FiltreVarMi: Test Cases/Filtreler/FiltreVarMi

2021-11-18 11:29:03 - [TEST_STEP][PASSED] - Method.TextDegerineEsitElementVarMi(findTestObject("Filtreler/Basliklar"), Filtre_alan): Method.TextDegerineEsitElementVarMi is PASSED

2021-11-18 11:29:03 - [MESSAGE][INFO] - Finding Test Object 'Object Repository/Filtreler/Basliklar'

2021-11-18 11:29:04 - [MESSAGE][INFO] - Checking timeout

2021-11-18 11:29:04 - [MESSAGE][INFO] - Finding web element with id: 'Object Repository/Filtreler/Basliklar' located by 'By.cssSelector: .control-label.col-sm-4.paddingMarginRLC' in '10' second(s)

2021-11-18 11:29:04 - [MESSAGE][INFO] - Smart Wait Function is triggered

2021-11-18 11:29:04 - [MESSAGE][INFO] - Found 13 web elements with id: 'Object Repository/Filtreler/Basliklar' located by 'By.cssSelector: .control-label.col-sm-4.paddingMarginRLC' in '10' second(s)

2021-11-18 11:29:04 - [MESSAGE][PASSED] - Method.TextDegerineEsitElementVarMi is PASSED

2021-11-18 11:29:04 - [MESSAGE][PASSED] - Call Test Case 'Test Cases/Filtreler/FiltreVarMi' successfully

2021-11-18 11:29:04 - [MESSAGE][INFO] - Checking called Test Case

2021-11-18 11:29:04 - [MESSAGE][INFO] - Starting to call Test Case 'Test Cases/Filtreler/FiltreVarMi'

2021-11-18 11:29:04 - [TEST_CASE][PASSED] - Test Cases/Filtreler/FiltreVarMi: Test Cases/Filtreler/FiltreVarMi

2021-11-18 11:29:04 - [TEST_STEP][PASSED] - Method.TextDegerineEsitElementVarMi(findTestObject("Filtreler/Basliklar"), Filtre_alan): Method.TextDegerineEsitElementVarMi is PASSED

2021-11-18 11:29:04 - [MESSAGE][INFO] - Finding Test Object 'Object Repository/Filtreler/Basliklar'

2021-11-18 11:29:04 - [MESSAGE][INFO] - Checking timeout

2021-11-18 11:29:04 - [MESSAGE][INFO] - Finding web element with id: 'Object Repository/Filtreler/Basliklar' located by 'By.cssSelector: .control-label.col-sm-4.paddingMarginRLC' in '10' second(s)

2021-11-18 11:29:04 - [MESSAGE][INFO] - Smart Wait Function is triggered

2021-11-18 11:29:05 - [MESSAGE][INFO] - Found 13 web elements with id: 'Object Repository/Filtreler/Basliklar' located by 'By.cssSelector: .control-label.col-sm-4.paddingMarginRLC' in '10' second(s)

2021-11-18 11:29:05 - [MESSAGE][PASSED] - Method.TextDegerineEsitElementVarMi is PASSED

2021-11-18 11:29:05 - [MESSAGE][PASSED] - Call Test Case 'Test Cases/Filtreler/FiltreVarMi' successfully

2021-11-18 11:29:05 - [MESSAGE][INFO] - Checking called Test Case

2021-11-18 11:29:05 - [MESSAGE][INFO] - Starting to call Test Case 'Test Cases/Filtreler/FiltreVarMi'

2021-11-18 11:29:05 - [TEST_CASE][PASSED] - Test Cases/Filtreler/FiltreVarMi: Test Cases/Filtreler/FiltreVarMi

2021-11-18 11:29:05 - [TEST_STEP][PASSED] - Method.TextDegerineEsitElementVarMi(findTestObject("Filtreler/Basliklar"), Filtre_alan): Method.TextDegerineEsitElementVarMi is PASSED

2021-11-18 11:29:05 - [MESSAGE][INFO] - Finding Test Object 'Object Repository/Filtreler/Basliklar'

2021-11-18 11:29:05 - [MESSAGE][INFO] - Checking timeout

2021-11-18 11:29:05 - [MESSAGE][INFO] - Finding web element with id: 'Object Repository/Filtreler/Basliklar' located by 'By.cssSelector: .control-label.col-sm-4.paddingMarginRLC' in '10' second(s)

2021-11-18 11:29:05 - [MESSAGE][INFO] - Smart Wait Function is triggered

2021-11-18 11:29:05 - [MESSAGE][INFO] - Found 13 web elements with id: 'Object Repository/Filtreler/Basliklar' located by 'By.cssSelector: .control-label.col-sm-4.paddingMarginRLC' in '10' second(s)

2021-11-18 11:29:05 - [MESSAGE][PASSED] - Method.TextDegerineEsitElementVarMi is PASSED

2021-11-18 11:29:05 - [MESSAGE][PASSED] - Call Test Case 'Test Cases/Filtreler/FiltreVarMi' successfully

2021-11-18 11:29:05 - [MESSAGE][INFO] - Checking called Test Case

2021-11-18 11:29:05 - [MESSAGE][INFO] - Starting to call Test Case 'Test Cases/Filtreler/FiltreVarMi'

2021-11-18 11:29:05 - [TEST_CASE][PASSED] - Test Cases/Filtreler/FiltreVarMi: Test Cases/Filtreler/FiltreVarMi

2021-11-18 11:29:05 - [TEST_STEP][PASSED] - Method.TextDegerineEsitElementVarMi(findTestObject("Filtreler/Basliklar"), Filtre_alan): Method.TextDegerineEsitElementVarMi is PASSED

2021-11-18 11:29:05 - [MESSAGE][INFO] - Finding Test Object 'Object Repository/Filtreler/Basliklar'

2021-11-18 11:29:06 - [MESSAGE][INFO] - Checking timeout

2021-11-18 11:29:06 - [MESSAGE][INFO] - Finding web element with id: 'Object Repository/Filtreler/Basliklar' located by 'By.cssSelector: .control-label.col-sm-4.paddingMarginRLC' in '10' second(s)

2021-11-18 11:29:06 - [MESSAGE][INFO] - Smart Wait Function is triggered

2021-11-18 11:29:06 - [MESSAGE][INFO] - Found 13 web elements with id: 'Object Repository/Filtreler/Basliklar' located by 'By.cssSelector: .control-label.col-sm-4.paddingMarginRLC' in '10' second(s)

2021-11-18 11:29:06 - [MESSAGE][PASSED] - Method.TextDegerineEsitElementVarMi is PASSED

2021-11-18 11:29:06 - [MESSAGE][PASSED] - Call Test Case 'Test Cases/Filtreler/FiltreVarMi' successfully

2021-11-18 11:29:06 - [MESSAGE][INFO] - Checking called Test Case

2021-11-18 11:29:06 - [MESSAGE][INFO] - Starting to call Test Case 'Test Cases/Filtreler/FiltreVarMi'

2021-11-18 11:29:06 - [TEST_CASE][PASSED] - Test Cases/Filtreler/FiltreVarMi: Test Cases/Filtreler/FiltreVarMi

2021-11-18 11:29:06 - [TEST_STEP][PASSED] - Method.TextDegerineEsitElementVarMi(findTestObject("Filtreler/Basliklar"), Filtre_alan): Method.TextDegerineEsitElementVarMi is PASSED

2021-11-18 11:29:06 - [MESSAGE][INFO] - Finding Test Object 'Object Repository/Filtreler/Basliklar'

2021-11-18 11:29:06 - [MESSAGE][INFO] - Checking timeout

2021-11-18 11:29:06 - [MESSAGE][INFO] - Finding web element with id: 'Object Repository/Filtreler/Basliklar' located by 'By.cssSelector: .control-label.col-sm-4.paddingMarginRLC' in '10' second(s)

2021-11-18 11:29:06 - [MESSAGE][INFO] - Smart Wait Function is triggered

2021-11-18 11:29:07 - [MESSAGE][INFO] - Found 13 web elements with id: 'Object Repository/Filtreler/Basliklar' located by 'By.cssSelector: .control-label.col-sm-4.paddingMarginRLC' in '10' second(s)

2021-11-18 11:29:07 - [MESSAGE][PASSED] - Method.TextDegerineEsitElementVarMi is PASSED

2021-11-18 11:29:07 - [MESSAGE][PASSED] - Call Test Case 'Test Cases/Filtreler/FiltreVarMi' successfully

2021-11-18 11:29:07 - [MESSAGE][INFO] - Checking called Test Case

2021-11-18 11:29:07 - [MESSAGE][INFO] - Starting to call Test Case 'Test Cases/Filtreler/FiltreVarMi'

2021-11-18 11:29:07 - [TEST_CASE][PASSED] - Test Cases/Filtreler/FiltreVarMi: Test Cases/Filtreler/FiltreVarMi

2021-11-18 11:29:07 - [TEST_STEP][PASSED] - Method.TextDegerineEsitElementVarMi(findTestObject("Filtreler/Basliklar"), Filtre_alan): Method.TextDegerineEsitElementVarMi is PASSED

2021-11-18 11:29:07 - [MESSAGE][INFO] - Finding Test Object 'Object Repository/Filtreler/Basliklar'

2021-11-18 11:29:07 - [MESSAGE][INFO] - Checking timeout

2021-11-18 11:29:07 - [MESSAGE][INFO] - Finding web element with id: 'Object Repository/Filtreler/Basliklar' located by 'By.cssSelector: .control-label.col-sm-4.paddingMarginRLC' in '10' second(s)

2021-11-18 11:29:07 - [MESSAGE][INFO] - Smart Wait Function is triggered

2021-11-18 11:29:08 - [MESSAGE][INFO] - Found 13 web elements with id: 'Object Repository/Filtreler/Basliklar' located by 'By.cssSelector: .control-label.col-sm-4.paddingMarginRLC' in '10' second(s)

2021-11-18 11:29:08 - [MESSAGE][PASSED] - Method.TextDegerineEsitElementVarMi is PASSED

2021-11-18 11:29:08 - [MESSAGE][PASSED] - Call Test Case 'Test Cases/Filtreler/FiltreVarMi' successfully

2021-11-18 11:29:08 - [MESSAGE][INFO] - Checking called Test Case

2021-11-18 11:29:08 - [MESSAGE][INFO] - Starting to call Test Case 'Test Cases/Filtreler/FiltreVarMi'

2021-11-18 11:29:08 - [TEST_CASE][PASSED] - Test Cases/Filtreler/FiltreVarMi: Test Cases/Filtreler/FiltreVarMi

2021-11-18 11:29:08 - [TEST_STEP][PASSED] - Method.TextDegerineEsitElementVarMi(findTestObject("Filtreler/Basliklar"), Filtre_alan): Method.TextDegerineEsitElementVarMi is PASSED

2021-11-18 11:29:08 - [MESSAGE][INFO] - Finding Test Object 'Object Repository/Filtreler/Basliklar'

2021-11-18 11:29:08 - [MESSAGE][INFO] - Checking timeout

2021-11-18 11:29:08 - [MESSAGE][INFO] - Finding web element with id: 'Object Repository/Filtreler/Basliklar' located by 'By.cssSelector: .control-label.col-sm-4.paddingMarginRLC' in '10' second(s)

2021-11-18 11:29:08 - [MESSAGE][INFO] - Smart Wait Function is triggered

2021-11-18 11:29:08 - [MESSAGE][INFO] - Found 13 web elements with id: 'Object Repository/Filtreler/Basliklar' located by 'By.cssSelector: .control-label.col-sm-4.paddingMarginRLC' in '10' second(s)

2021-11-18 11:29:08 - [MESSAGE][PASSED] - Method.TextDegerineEsitElementVarMi is PASSED

2021-11-18 11:29:08 - [MESSAGE][PASSED] - Call Test Case 'Test Cases/Filtreler/FiltreVarMi' successfully

2021-11-18 11:29:08 - [MESSAGE][INFO] - Checking called Test Case

2021-11-18 11:29:08 - [MESSAGE][INFO] - Starting to call Test Case 'Test Cases/Filtreler/FiltreVarMi'

2021-11-18 11:29:09 - [TEST_CASE][PASSED] - Test Cases/Filtreler/FiltreVarMi: Test Cases/Filtreler/FiltreVarMi

2021-11-18 11:29:09 - [TEST_STEP][PASSED] - Method.TextDegerineEsitElementVarMi(findTestObject("Filtreler/Basliklar"), Filtre_alan): Method.TextDegerineEsitElementVarMi is PASSED

2021-11-18 11:29:09 - [MESSAGE][INFO] - Finding Test Object 'Object Repository/Filtreler/Basliklar'

2021-11-18 11:29:09 - [MESSAGE][INFO] - Checking timeout

2021-11-18 11:29:09 - [MESSAGE][INFO] - Finding web element with id: 'Object Repository/Filtreler/Basliklar' located by 'By.cssSelector: .control-label.col-sm-4.paddingMarginRLC' in '10' second(s)

2021-11-18 11:29:09 - [MESSAGE][INFO] - Smart Wait Function is triggered

2021-11-18 11:29:09 - [MESSAGE][INFO] - Found 13 web elements with id: 'Object Repository/Filtreler/Basliklar' located by 'By.cssSelector: .control-label.col-sm-4.paddingMarginRLC' in '10' second(s)

2021-11-18 11:29:09 - [MESSAGE][PASSED] - Method.TextDegerineEsitElementVarMi is PASSED

2021-11-18 11:29:09 - [MESSAGE][PASSED] - Call Test Case 'Test Cases/Filtreler/FiltreVarMi' successfully

2021-11-18 11:29:09 - [MESSAGE][INFO] - Checking called Test Case

2021-11-18 11:29:09 - [MESSAGE][INFO] - Starting to call Test Case 'Test Cases/Filtreler/FiltreVarMi'

2021-11-18 11:29:09 - [TEST_CASE][PASSED] - Test Cases/Filtreler/FiltreVarMi: Test Cases/Filtreler/FiltreVarMi

2021-11-18 11:29:09 - [TEST_STEP][PASSED] - Method.TextDegerineEsitElementVarMi(findTestObject("Filtreler/Basliklar"), Filtre_alan): Method.TextDegerineEsitElementVarMi is PASSED

2021-11-18 11:29:09 - [MESSAGE][INFO] - Finding Test Object 'Object Repository/Filtreler/Basliklar'

2021-11-18 11:29:09 - [MESSAGE][INFO] - Checking timeout

2021-11-18 11:29:09 - [MESSAGE][INFO] - Finding web element with id: 'Object Repository/Filtreler/Basliklar' located by 'By.cssSelector: .control-label.col-sm-4.paddingMarginRLC' in '10' second(s)

2021-11-18 11:29:09 - [MESSAGE][INFO] - Smart Wait Function is triggered

2021-11-18 11:29:09 - [MESSAGE][INFO] - Found 13 web elements with id: 'Object Repository/Filtreler/Basliklar' located by 'By.cssSelector: .control-label.col-sm-4.paddingMarginRLC' in '10' second(s)

2021-11-18 11:29:10 - [MESSAGE][PASSED] - Method.TextDegerineEsitElementVarMi is PASSED

2021-11-18 11:29:10 - [MESSAGE][PASSED] - Call Test Case 'Test Cases/Filtreler/FiltreVarMi' successfully

2021-11-18 11:29:10 - [MESSAGE][INFO] - Checking called Test Case

2021-11-18 11:29:10 - [MESSAGE][INFO] - Starting to call Test Case 'Test Cases/Filtreler/FiltreVarMi'

2021-11-18 11:29:10 - [TEST_CASE][PASSED] - Test Cases/Filtreler/FiltreVarMi: Test Cases/Filtreler/FiltreVarMi

2021-11-18 11:29:10 - [TEST_STEP][PASSED] - Method.TextDegerineEsitElementVarMi(findTestObject("Filtreler/Basliklar"), Filtre_alan): Method.TextDegerineEsitElementVarMi is PASSED

2021-11-18 11:29:10 - [MESSAGE][INFO] - Finding Test Object 'Object Repository/Filtreler/Basliklar'

2021-11-18 11:29:10 - [MESSAGE][INFO] - Checking timeout

2021-11-18 11:29:10 - [MESSAGE][INFO] - Finding web element with id: 'Object Repository/Filtreler/Basliklar' located by 'By.cssSelector: .control-label.col-sm-4.paddingMarginRLC' in '10' second(s)

2021-11-18 11:29:10 - [MESSAGE][INFO] - Smart Wait Function is triggered

2021-11-18 11:29:10 - [MESSAGE][INFO] - Found 13 web elements with id: 'Object Repository/Filtreler/Basliklar' located by 'By.cssSelector: .control-label.col-sm-4.paddingMarginRLC' in '10' second(s)

2021-11-18 11:29:10 - [MESSAGE][PASSED] - Method.TextDegerineEsitElementVarMi is PASSED

2021-11-18 11:29:10 - [MESSAGE][PASSED] - Call Test Case 'Test Cases/Filtreler/FiltreVarMi' successfully

2021-11-18 11:29:10 - [MESSAGE][INFO] - Checking called Test Case

2021-11-18 11:29:10 - [MESSAGE][INFO] - Starting to call Test Case 'Test Cases/Filtreler/ButonVarMi'

2021-11-18 11:29:10 - [TEST_CASE][PASSED] - Test Cases/Filtreler/ButonVarMi: Test Cases/Filtreler/ButonVarMi

2021-11-18 11:29:10 - [TEST_STEP][PASSED] - Method.TextDegerineEsitElementVarMi(findTestObject("Filtreler/Butonlar"), Filtre_Buton): Method.TextDegerineEsitElementVarMi is PASSED

2021-11-18 11:29:10 - [MESSAGE][INFO] - Finding Test Object 'Object Repository/Filtreler/Butonlar'

2021-11-18 11:29:10 - [MESSAGE][INFO] - Checking timeout

2021-11-18 11:29:10 - [MESSAGE][INFO] - Finding web element with id: 'Object Repository/Filtreler/Butonlar' located by 'By.cssSelector: .dxb>span' in '10' second(s)

2021-11-18 11:29:10 - [MESSAGE][INFO] - Smart Wait Function is triggered

2021-11-18 11:29:11 - [MESSAGE][INFO] - Found 3 web elements with id: 'Object Repository/Filtreler/Butonlar' located by 'By.cssSelector: .dxb>span' in '10' second(s)

2021-11-18 11:29:11 - [MESSAGE][PASSED] - Method.TextDegerineEsitElementVarMi is PASSED

2021-11-18 11:29:11 - [MESSAGE][PASSED] - Call Test Case 'Test Cases/Filtreler/ButonVarMi' successfully

2021-11-18 11:29:11 - [MESSAGE][INFO] - Checking called Test Case

2021-11-18 11:29:11 - [MESSAGE][INFO] - Starting to call Test Case 'Test Cases/Filtreler/ButonVarMi'

2021-11-18 11:29:11 - [TEST_CASE][PASSED] - Test Cases/Filtreler/ButonVarMi: Test Cases/Filtreler/ButonVarMi

2021-11-18 11:29:11 - [TEST_STEP][PASSED] - Method.TextDegerineEsitElementVarMi(findTestObject("Filtreler/Butonlar"), Filtre_Buton): Method.TextDegerineEsitElementVarMi is PASSED

2021-11-18 11:29:11 - [MESSAGE][INFO] - Finding Test Object 'Object Repository/Filtreler/Butonlar'

2021-11-18 11:29:11 - [MESSAGE][INFO] - Checking timeout

2021-11-18 11:29:11 - [MESSAGE][INFO] - Finding web element with id: 'Object Repository/Filtreler/Butonlar' located by 'By.cssSelector: .dxb>span' in '10' second(s)

2021-11-18 11:29:11 - [MESSAGE][INFO] - Smart Wait Function is triggered

2021-11-18 11:29:11 - [MESSAGE][INFO] - Found 3 web elements with id: 'Object Repository/Filtreler/Butonlar' located by 'By.cssSelector: .dxb>span' in '10' second(s)

2021-11-18 11:29:11 - [MESSAGE][PASSED] - Method.TextDegerineEsitElementVarMi is PASSED

2021-11-18 11:29:11 - [MESSAGE][PASSED] - Call Test Case 'Test Cases/Filtreler/ButonVarMi' successfully

2021-11-18 11:29:11 - [MESSAGE][INFO] - Checking called Test Case

2021-11-18 11:29:11 - [MESSAGE][INFO] - Starting to call Test Case 'Test Cases/Filtreler/ButonVarMi'

2021-11-18 11:29:11 - [TEST_CASE][PASSED] - Test Cases/Filtreler/ButonVarMi: Test Cases/Filtreler/ButonVarMi

2021-11-18 11:29:11 - [TEST_STEP][PASSED] - Method.TextDegerineEsitElementVarMi(findTestObject("Filtreler/Butonlar"), Filtre_Buton): Method.TextDegerineEsitElementVarMi is PASSED

2021-11-18 11:29:11 - [MESSAGE][INFO] - Finding Test Object 'Object Repository/Filtreler/Butonlar'

2021-11-18 11:29:11 - [MESSAGE][INFO] - Checking timeout

2021-11-18 11:29:11 - [MESSAGE][INFO] - Finding web element with id: 'Object Repository/Filtreler/Butonlar' located by 'By.cssSelector: .dxb>span' in '10' second(s)

2021-11-18 11:29:11 - [MESSAGE][INFO] - Smart Wait Function is triggered

2021-11-18 11:29:12 - [MESSAGE][INFO] - Found 3 web elements with id: 'Object Repository/Filtreler/Butonlar' located by 'By.cssSelector: .dxb>span' in '10' second(s)

2021-11-18 11:29:12 - [MESSAGE][PASSED] - Method.TextDegerineEsitElementVarMi is PASSED

2021-11-18 11:29:12 - [MESSAGE][PASSED] - Call Test Case 'Test Cases/Filtreler/ButonVarMi' successfully

2021-11-18 11:29:12 - [MESSAGE][INFO] - Checking called Test Case

2021-11-18 11:29:12 - [MESSAGE][INFO] - Starting to call Test Case 'Test Cases/Butonlar/ButonVarMi'

2021-11-18 11:29:12 - [TEST_CASE][PASSED] - Test Cases/Butonlar/ButonVarMi: Test Cases/Butonlar/ButonVarMi

2021-11-18 11:29:12 - [TEST_STEP][PASSED] - Method.TextDegerineEsitElementVarMi(findTestObject("Butonlar/Butonlar"), Buton): Method.TextDegerineEsitElementVarMi is PASSED

2021-11-18 11:29:12 - [MESSAGE][INFO] - Finding Test Object 'Object Repository/Butonlar/Butonlar'

2021-11-18 11:29:12 - [MESSAGE][INFO] - Checking timeout

2021-11-18 11:29:12 - [MESSAGE][INFO] - Finding web element with id: 'Object Repository/Butonlar/Butonlar' located by 'By.cssSelector: .panel.panel-default.text-center.footerPanel .btn,.btn.btn-primary.btnControls' in '10' second(s)

2021-11-18 11:29:12 - [MESSAGE][INFO] - Smart Wait Function is triggered

2021-11-18 11:29:12 - [MESSAGE][INFO] - Found 6 web elements with id: 'Object Repository/Butonlar/Butonlar' located by 'By.cssSelector: .panel.panel-default.text-center.footerPanel .btn,.btn.btn-primary.btnControls' in '10' second(s)

2021-11-18 11:29:12 - [MESSAGE][PASSED] - Method.TextDegerineEsitElementVarMi is PASSED

2021-11-18 11:29:12 - [MESSAGE][PASSED] - Call Test Case 'Test Cases/Butonlar/ButonVarMi' successfully

2021-11-18 11:29:12 - [MESSAGE][INFO] - Checking called Test Case

2021-11-18 11:29:12 - [MESSAGE][INFO] - Starting to call Test Case 'Test Cases/Butonlar/ButonVarMi'

2021-11-18 11:29:12 - [TEST_CASE][PASSED] - Test Cases/Butonlar/ButonVarMi: Test Cases/Butonlar/ButonVarMi

2021-11-18 11:29:12 - [TEST_STEP][PASSED] - Method.TextDegerineEsitElementVarMi(findTestObject("Butonlar/Butonlar"), Buton): Method.TextDegerineEsitElementVarMi is PASSED

2021-11-18 11:29:12 - [MESSAGE][INFO] - Finding Test Object 'Object Repository/Butonlar/Butonlar'

2021-11-18 11:29:12 - [MESSAGE][INFO] - Checking timeout

2021-11-18 11:29:12 - [MESSAGE][INFO] - Finding web element with id: 'Object Repository/Butonlar/Butonlar' located by 'By.cssSelector: .panel.panel-default.text-center.footerPanel .btn,.btn.btn-primary.btnControls' in '10' second(s)

2021-11-18 11:29:12 - [MESSAGE][INFO] - Smart Wait Function is triggered

2021-11-18 11:29:13 - [MESSAGE][INFO] - Found 6 web elements with id: 'Object Repository/Butonlar/Butonlar' located by 'By.cssSelector: .panel.panel-default.text-center.footerPanel .btn,.btn.btn-primary.btnControls' in '10' second(s)

2021-11-18 11:29:13 - [MESSAGE][PASSED] - Method.TextDegerineEsitElementVarMi is PASSED

2021-11-18 11:29:13 - [MESSAGE][PASSED] - Call Test Case 'Test Cases/Butonlar/ButonVarMi' successfully

2021-11-18 11:29:13 - [MESSAGE][INFO] - Checking called Test Case

2021-11-18 11:29:13 - [MESSAGE][INFO] - Starting to call Test Case 'Test Cases/Butonlar/ButonVarMi'

2021-11-18 11:29:13 - [TEST_CASE][PASSED] - Test Cases/Butonlar/ButonVarMi: Test Cases/Butonlar/ButonVarMi

2021-11-18 11:29:13 - [TEST_STEP][PASSED] - Method.TextDegerineEsitElementVarMi(findTestObject("Butonlar/Butonlar"), Buton): Method.TextDegerineEsitElementVarMi is PASSED

2021-11-18 11:29:13 - [MESSAGE][INFO] - Finding Test Object 'Object Repository/Butonlar/Butonlar'

2021-11-18 11:29:13 - [MESSAGE][INFO] - Checking timeout

2021-11-18 11:29:13 - [MESSAGE][INFO] - Finding web element with id: 'Object Repository/Butonlar/Butonlar' located by 'By.cssSelector: .panel.panel-default.text-center.footerPanel .btn,.btn.btn-primary.btnControls' in '10' second(s)

2021-11-18 11:29:13 - [MESSAGE][INFO] - Smart Wait Function is triggered

2021-11-18 11:29:13 - [MESSAGE][INFO] - Found 6 web elements with id: 'Object Repository/Butonlar/Butonlar' located by 'By.cssSelector: .panel.panel-default.text-center.footerPanel .btn,.btn.btn-primary.btnControls' in '10' second(s)

2021-11-18 11:29:13 - [MESSAGE][PASSED] - Method.TextDegerineEsitElementVarMi is PASSED

2021-11-18 11:29:13 - [MESSAGE][PASSED] - Call Test Case 'Test Cases/Butonlar/ButonVarMi' successfully

2021-11-18 11:29:13 - [MESSAGE][INFO] - Checking called Test Case

2021-11-18 11:29:13 - [MESSAGE][INFO] - Starting to call Test Case 'Test Cases/Butonlar/ButonVarMi'

2021-11-18 11:29:13 - [TEST_CASE][PASSED] - Test Cases/Butonlar/ButonVarMi: Test Cases/Butonlar/ButonVarMi

2021-11-18 11:29:13 - [TEST_STEP][PASSED] - Method.TextDegerineEsitElementVarMi(findTestObject("Butonlar/Butonlar"), Buton): Method.TextDegerineEsitElementVarMi is PASSED

2021-11-18 11:29:13 - [MESSAGE][INFO] - Finding Test Object 'Object Repository/Butonlar/Butonlar'

2021-11-18 11:29:13 - [MESSAGE][INFO] - Checking timeout

2021-11-18 11:29:13 - [MESSAGE][INFO] - Finding web element with id: 'Object Repository/Butonlar/Butonlar' located by 'By.cssSelector: .panel.panel-default.text-center.footerPanel .btn,.btn.btn-primary.btnControls' in '10' second(s)

2021-11-18 11:29:13 - [MESSAGE][INFO] - Smart Wait Function is triggered

2021-11-18 11:29:14 - [MESSAGE][INFO] - Found 6 web elements with id: 'Object Repository/Butonlar/Butonlar' located by 'By.cssSelector: .panel.panel-default.text-center.footerPanel .btn,.btn.btn-primary.btnControls' in '10' second(s)

2021-11-18 11:29:14 - [MESSAGE][PASSED] - Method.TextDegerineEsitElementVarMi is PASSED

2021-11-18 11:29:14 - [MESSAGE][PASSED] - Call Test Case 'Test Cases/Butonlar/ButonVarMi' successfully

2021-11-18 11:29:14 - [MESSAGE][INFO] - Checking called Test Case

2021-11-18 11:29:14 - [MESSAGE][INFO] - Starting to call Test Case 'Test Cases/Butonlar/ButonVarMi'

2021-11-18 11:29:14 - [TEST_CASE][PASSED] - Test Cases/Butonlar/ButonVarMi: Test Cases/Butonlar/ButonVarMi

2021-11-18 11:29:14 - [TEST_STEP][PASSED] - Method.TextDegerineEsitElementVarMi(findTestObject("Butonlar/Butonlar"), Buton): Method.TextDegerineEsitElementVarMi is PASSED

2021-11-18 11:29:14 - [MESSAGE][INFO] - Finding Test Object 'Object Repository/Butonlar/Butonlar'

2021-11-18 11:29:14 - [MESSAGE][INFO] - Checking timeout

2021-11-18 11:29:14 - [MESSAGE][INFO] - Finding web element with id: 'Object Repository/Butonlar/Butonlar' located by 'By.cssSelector: .panel.panel-default.text-center.footerPanel .btn,.btn.btn-primary.btnControls' in '10' second(s)

2021-11-18 11:29:14 - [MESSAGE][INFO] - Smart Wait Function is triggered

2021-11-18 11:29:14 - [MESSAGE][INFO] - Found 6 web elements with id: 'Object Repository/Butonlar/Butonlar' located by 'By.cssSelector: .panel.panel-default.text-center.footerPanel .btn,.btn.btn-primary.btnControls' in '10' second(s)

2021-11-18 11:29:14 - [MESSAGE][PASSED] - Method.TextDegerineEsitElementVarMi is PASSED

2021-11-18 11:29:14 - [MESSAGE][PASSED] - Call Test Case 'Test Cases/Butonlar/ButonVarMi' successfully

2021-11-18 11:29:14 - [MESSAGE][INFO] - Checking called Test Case

2021-11-18 11:29:14 - [MESSAGE][INFO] - Starting to call Test Case 'Test Cases/Butonlar/ButonVarMi'

2021-11-18 11:29:14 - [TEST_CASE][PASSED] - Test Cases/Butonlar/ButonVarMi: Test Cases/Butonlar/ButonVarMi

2021-11-18 11:29:14 - [TEST_STEP][PASSED] - Method.TextDegerineEsitElementVarMi(findTestObject("Butonlar/Butonlar"), Buton): Method.TextDegerineEsitElementVarMi is PASSED

2021-11-18 11:29:14 - [MESSAGE][INFO] - Finding Test Object 'Object Repository/Butonlar/Butonlar'

2021-11-18 11:29:14 - [MESSAGE][INFO] - Checking timeout

2021-11-18 11:29:14 - [MESSAGE][INFO] - Finding web element with id: 'Object Repository/Butonlar/Butonlar' located by 'By.cssSelector: .panel.panel-default.text-center.footerPanel .btn,.btn.btn-primary.btnControls' in '10' second(s)

2021-11-18 11:29:14 - [MESSAGE][INFO] - Smart Wait Function is triggered

2021-11-18 11:29:15 - [MESSAGE][INFO] - Found 6 web elements with id: 'Object Repository/Butonlar/Butonlar' located by 'By.cssSelector: .panel.panel-default.text-center.footerPanel .btn,.btn.btn-primary.btnControls' in '10' second(s)

2021-11-18 11:29:15 - [MESSAGE][PASSED] - Method.TextDegerineEsitElementVarMi is PASSED

2021-11-18 11:29:15 - [MESSAGE][PASSED] - Call Test Case 'Test Cases/Butonlar/ButonVarMi' successfully

2021-11-18 11:29:15 - [MESSAGE][INFO] - Checking called Test Case

2021-11-18 11:29:15 - [MESSAGE][INFO] - Starting to call Test Case 'Test Cases/Butonlar/ButonaTikla'

2021-11-18 11:29:15 - [TEST_CASE][PASSED] - Test Cases/Butonlar/ButonaTikla: Test Cases/Butonlar/ButonaTikla

2021-11-18 11:29:15 - [TEST_STEP][PASSED] - Method.TextDegerineEsitElementeTiklaEquals(findTestObject("Butonlar/Butonlar"), Buton_Adi): Method.TextDegerineEsitElementeTiklaEquals is PASSED

2021-11-18 11:29:15 - [MESSAGE][INFO] - Finding Test Object 'Object Repository/Butonlar/Butonlar'

2021-11-18 11:29:15 - [MESSAGE][INFO] - Checking timeout

2021-11-18 11:29:15 - [MESSAGE][INFO] - Finding web element with id: 'Object Repository/Butonlar/Butonlar' located by 'By.cssSelector: .panel.panel-default.text-center.footerPanel .btn,.btn.btn-primary.btnControls' in '10' second(s)

2021-11-18 11:29:15 - [MESSAGE][INFO] - Smart Wait Function is triggered

2021-11-18 11:29:15 - [MESSAGE][INFO] - Found 6 web elements with id: 'Object Repository/Butonlar/Butonlar' located by 'By.cssSelector: .panel.panel-default.text-center.footerPanel .btn,.btn.btn-primary.btnControls' in '10' second(s)

2021-11-18 11:29:15 - [MESSAGE][PASSED] - Method.TextDegerineEsitElementeTiklaEquals is PASSED

2021-11-18 11:29:15 - [MESSAGE][PASSED] - Call Test Case 'Test Cases/Butonlar/ButonaTikla' successfully

2021-11-18 11:29:15 - [MESSAGE][INFO] - Checking called Test Case

2021-11-18 11:29:15 - [MESSAGE][INFO] - Starting to call Test Case 'Test Cases/Butonlar/AltButonVarMi'

2021-11-18 11:29:15 - [TEST_CASE][PASSED] - Test Cases/Butonlar/AltButonVarMi: Test Cases/Butonlar/AltButonVarMi

2021-11-18 11:29:15 - [TEST_STEP][PASSED] - Method.TextDegerineEsitElementVarMi(findTestObject("Butonlar/AltButonlar"), AltButon): Method.TextDegerineEsitElementVarMi is PASSED

2021-11-18 11:29:15 - [MESSAGE][INFO] - Finding Test Object 'Object Repository/Butonlar/AltButonlar'

2021-11-18 11:29:15 - [MESSAGE][INFO] - Checking timeout

2021-11-18 11:29:15 - [MESSAGE][INFO] - Finding web element with id: 'Object Repository/Butonlar/AltButonlar' located by 'By.cssSelector: .btn-group.open li>a' in '10' second(s)

2021-11-18 11:29:15 - [MESSAGE][INFO] - Smart Wait Function is triggered

2021-11-18 11:29:16 - [MESSAGE][INFO] - Found 2 web elements with id: 'Object Repository/Butonlar/AltButonlar' located by 'By.cssSelector: .btn-group.open li>a' in '10' second(s)

2021-11-18 11:29:16 - [MESSAGE][PASSED] - Method.TextDegerineEsitElementVarMi is PASSED

2021-11-18 11:29:16 - [MESSAGE][PASSED] - Call Test Case 'Test Cases/Butonlar/AltButonVarMi' successfully

2021-11-18 11:29:16 - [MESSAGE][INFO] - Checking called Test Case

2021-11-18 11:29:16 - [MESSAGE][INFO] - Starting to call Test Case 'Test Cases/Butonlar/AltButonVarMi'

2021-11-18 11:29:16 - [TEST_CASE][PASSED] - Test Cases/Butonlar/AltButonVarMi: Test Cases/Butonlar/AltButonVarMi

2021-11-18 11:29:16 - [TEST_STEP][PASSED] - Method.TextDegerineEsitElementVarMi(findTestObject("Butonlar/AltButonlar"), AltButon): Method.TextDegerineEsitElementVarMi is PASSED

2021-11-18 11:29:16 - [MESSAGE][INFO] - Finding Test Object 'Object Repository/Butonlar/AltButonlar'

2021-11-18 11:29:16 - [MESSAGE][INFO] - Checking timeout

2021-11-18 11:29:16 - [MESSAGE][INFO] - Finding web element with id: 'Object Repository/Butonlar/AltButonlar' located by 'By.cssSelector: .btn-group.open li>a' in '10' second(s)

2021-11-18 11:29:16 - [MESSAGE][INFO] - Smart Wait Function is triggered

2021-11-18 11:29:16 - [MESSAGE][INFO] - Found 2 web elements with id: 'Object Repository/Butonlar/AltButonlar' located by 'By.cssSelector: .btn-group.open li>a' in '10' second(s)

2021-11-18 11:29:16 - [MESSAGE][PASSED] - Method.TextDegerineEsitElementVarMi is PASSED

2021-11-18 11:29:16 - [MESSAGE][PASSED] - Call Test Case 'Test Cases/Butonlar/AltButonVarMi' successfully

2021-11-18 11:29:16 - [MESSAGE][INFO] - Checking called Test Case

2021-11-18 11:29:16 - [MESSAGE][INFO] - Starting to call Test Case 'Test Cases/Butonlar/ButonaTikla'

2021-11-18 11:29:16 - [TEST_CASE][PASSED] - Test Cases/Butonlar/ButonaTikla: Test Cases/Butonlar/ButonaTikla

2021-11-18 11:29:16 - [TEST_STEP][PASSED] - Method.TextDegerineEsitElementeTiklaEquals(findTestObject("Butonlar/Butonlar"), Buton_Adi): Method.TextDegerineEsitElementeTiklaEquals is PASSED

2021-11-18 11:29:16 - [MESSAGE][INFO] - Finding Test Object 'Object Repository/Butonlar/Butonlar'

2021-11-18 11:29:16 - [MESSAGE][INFO] - Checking timeout

2021-11-18 11:29:16 - [MESSAGE][INFO] - Finding web element with id: 'Object Repository/Butonlar/Butonlar' located by 'By.cssSelector: .panel.panel-default.text-center.footerPanel .btn,.btn.btn-primary.btnControls' in '10' second(s)

2021-11-18 11:29:16 - [MESSAGE][INFO] - Smart Wait Function is triggered

2021-11-18 11:29:16 - [MESSAGE][INFO] - Found 6 web elements with id: 'Object Repository/Butonlar/Butonlar' located by 'By.cssSelector: .panel.panel-default.text-center.footerPanel .btn,.btn.btn-primary.btnControls' in '10' second(s)

2021-11-18 11:29:17 - [MESSAGE][PASSED] - Method.TextDegerineEsitElementeTiklaEquals is PASSED

2021-11-18 11:29:17 - [MESSAGE][PASSED] - Call Test Case 'Test Cases/Butonlar/ButonaTikla' successfully

2021-11-18 11:29:17 - [MESSAGE][INFO] - Checking called Test Case

2021-11-18 11:29:17 - [MESSAGE][INFO] - Starting to call Test Case 'Test Cases/Butonlar/AltButonVarMi'

2021-11-18 11:29:17 - [TEST_CASE][PASSED] - Test Cases/Butonlar/AltButonVarMi: Test Cases/Butonlar/AltButonVarMi

2021-11-18 11:29:17 - [TEST_STEP][PASSED] - Method.TextDegerineEsitElementVarMi(findTestObject("Butonlar/AltButonlar"), AltButon): Method.TextDegerineEsitElementVarMi is PASSED

2021-11-18 11:29:17 - [MESSAGE][INFO] - Finding Test Object 'Object Repository/Butonlar/AltButonlar'

2021-11-18 11:29:17 - [MESSAGE][INFO] - Checking timeout

2021-11-18 11:29:17 - [MESSAGE][INFO] - Finding web element with id: 'Object Repository/Butonlar/AltButonlar' located by 'By.cssSelector: .btn-group.open li>a' in '10' second(s)

2021-11-18 11:29:17 - [MESSAGE][INFO] - Smart Wait Function is triggered

2021-11-18 11:29:17 - [MESSAGE][INFO] - Found 2 web elements with id: 'Object Repository/Butonlar/AltButonlar' located by 'By.cssSelector: .btn-group.open li>a' in '10' second(s)

2021-11-18 11:29:17 - [MESSAGE][PASSED] - Method.TextDegerineEsitElementVarMi is PASSED

2021-11-18 11:29:17 - [MESSAGE][PASSED] - Call Test Case 'Test Cases/Butonlar/AltButonVarMi' successfully

2021-11-18 11:29:17 - [MESSAGE][INFO] - Checking called Test Case

2021-11-18 11:29:17 - [MESSAGE][INFO] - Starting to call Test Case 'Test Cases/Butonlar/AltButonVarMi'

2021-11-18 11:29:17 - [TEST_CASE][PASSED] - Test Cases/Butonlar/AltButonVarMi: Test Cases/Butonlar/AltButonVarMi

2021-11-18 11:29:17 - [TEST_STEP][PASSED] - Method.TextDegerineEsitElementVarMi(findTestObject("Butonlar/AltButonlar"), AltButon): Method.TextDegerineEsitElementVarMi is PASSED

2021-11-18 11:29:17 - [MESSAGE][INFO] - Finding Test Object 'Object Repository/Butonlar/AltButonlar'

2021-11-18 11:29:17 - [MESSAGE][INFO] - Checking timeout

2021-11-18 11:29:17 - [MESSAGE][INFO] - Finding web element with id: 'Object Repository/Butonlar/AltButonlar' located by 'By.cssSelector: .btn-group.open li>a' in '10' second(s)

2021-11-18 11:29:17 - [MESSAGE][INFO] - Smart Wait Function is triggered

2021-11-18 11:29:18 - [MESSAGE][INFO] - Found 2 web elements with id: 'Object Repository/Butonlar/AltButonlar' located by 'By.cssSelector: .btn-group.open li>a' in '10' second(s)

2021-11-18 11:29:18 - [MESSAGE][PASSED] - Method.TextDegerineEsitElementVarMi is PASSED

2021-11-18 11:29:18 - [MESSAGE][PASSED] - Call Test Case 'Test Cases/Butonlar/AltButonVarMi' successfully

2021-11-18 11:29:18 - [MESSAGE][INFO] - Checking called Test Case

2021-11-18 11:29:18 - [MESSAGE][INFO] - Starting to call Test Case 'Test Cases/Butonlar/ButonaTikla'

2021-11-18 11:29:18 - [TEST_CASE][PASSED] - Test Cases/Butonlar/ButonaTikla: Test Cases/Butonlar/ButonaTikla

2021-11-18 11:29:18 - [TEST_STEP][PASSED] - Method.TextDegerineEsitElementeTiklaEquals(findTestObject("Butonlar/Butonlar"), Buton_Adi): Method.TextDegerineEsitElementeTiklaEquals is PASSED

2021-11-18 11:29:18 - [MESSAGE][INFO] - Finding Test Object 'Object Repository/Butonlar/Butonlar'

2021-11-18 11:29:18 - [MESSAGE][INFO] - Checking timeout

2021-11-18 11:29:18 - [MESSAGE][INFO] - Finding web element with id: 'Object Repository/Butonlar/Butonlar' located by 'By.cssSelector: .panel.panel-default.text-center.footerPanel .btn,.btn.btn-primary.btnControls' in '10' second(s)

2021-11-18 11:29:18 - [MESSAGE][INFO] - Smart Wait Function is triggered

2021-11-18 11:29:18 - [MESSAGE][INFO] - Found 6 web elements with id: 'Object Repository/Butonlar/Butonlar' located by 'By.cssSelector: .panel.panel-default.text-center.footerPanel .btn,.btn.btn-primary.btnControls' in '10' second(s)

2021-11-18 11:29:18 - [MESSAGE][PASSED] - Method.TextDegerineEsitElementeTiklaEquals is PASSED

2021-11-18 11:29:18 - [MESSAGE][PASSED] - Call Test Case 'Test Cases/Butonlar/ButonaTikla' successfully

2021-11-18 11:29:18 - [MESSAGE][INFO] - Checking called Test Case

2021-11-18 11:29:18 - [MESSAGE][INFO] - Starting to call Test Case 'Test Cases/Butonlar/AltButonVarMi'

2021-11-18 11:29:18 - [TEST_CASE][PASSED] - Test Cases/Butonlar/AltButonVarMi: Test Cases/Butonlar/AltButonVarMi

2021-11-18 11:29:18 - [TEST_STEP][PASSED] - Method.TextDegerineEsitElementVarMi(findTestObject("Butonlar/AltButonlar"), AltButon): Method.TextDegerineEsitElementVarMi is PASSED

2021-11-18 11:29:18 - [MESSAGE][INFO] - Finding Test Object 'Object Repository/Butonlar/AltButonlar'

2021-11-18 11:29:18 - [MESSAGE][INFO] - Checking timeout

2021-11-18 11:29:18 - [MESSAGE][INFO] - Finding web element with id: 'Object Repository/Butonlar/AltButonlar' located by 'By.cssSelector: .btn-group.open li>a' in '10' second(s)

2021-11-18 11:29:18 - [MESSAGE][INFO] - Smart Wait Function is triggered

2021-11-18 11:29:19 - [MESSAGE][INFO] - Found 2 web elements with id: 'Object Repository/Butonlar/AltButonlar' located by 'By.cssSelector: .btn-group.open li>a' in '10' second(s)

2021-11-18 11:29:19 - [MESSAGE][PASSED] - Method.TextDegerineEsitElementVarMi is PASSED

2021-11-18 11:29:19 - [MESSAGE][PASSED] - Call Test Case 'Test Cases/Butonlar/AltButonVarMi' successfully

2021-11-18 11:29:19 - [MESSAGE][INFO] - Checking called Test Case

2021-11-18 11:29:19 - [MESSAGE][INFO] - Starting to call Test Case 'Test Cases/Butonlar/AltButonVarMi'

2021-11-18 11:29:19 - [TEST_CASE][PASSED] - Test Cases/Butonlar/AltButonVarMi: Test Cases/Butonlar/AltButonVarMi

2021-11-18 11:29:19 - [TEST_STEP][PASSED] - Method.TextDegerineEsitElementVarMi(findTestObject("Butonlar/AltButonlar"), AltButon): Method.TextDegerineEsitElementVarMi is PASSED

2021-11-18 11:29:19 - [MESSAGE][INFO] - Finding Test Object 'Object Repository/Butonlar/AltButonlar'

2021-11-18 11:29:19 - [MESSAGE][INFO] - Checking timeout

2021-11-18 11:29:19 - [MESSAGE][INFO] - Finding web element with id: 'Object Repository/Butonlar/AltButonlar' located by 'By.cssSelector: .btn-group.open li>a' in '10' second(s)

2021-11-18 11:29:19 - [MESSAGE][INFO] - Smart Wait Function is triggered

2021-11-18 11:29:19 - [MESSAGE][INFO] - Found 2 web elements with id: 'Object Repository/Butonlar/AltButonlar' located by 'By.cssSelector: .btn-group.open li>a' in '10' second(s)

2021-11-18 11:29:19 - [MESSAGE][PASSED] - Method.TextDegerineEsitElementVarMi is PASSED

2021-11-18 11:29:19 - [MESSAGE][PASSED] - Call Test Case 'Test Cases/Butonlar/AltButonVarMi' successfully

2021-11-18 11:29:19 - [MESSAGE][INFO] - Checking called Test Case

2021-11-18 11:29:19 - [MESSAGE][INFO] - Starting to call Test Case 'Test Cases/Kullanici_Islemleri/KullaniciIslemlerindenSecimYapilir'

2021-11-18 11:29:19 - [TEST_CASE][PASSED] - Test Cases/Kullanici_Islemleri/KullaniciIslemlerindenSecimYapilir: Test Cases/Kullanici_Islemleri/KullaniciIslemlerindenSecimYapilir

2021-11-18 11:29:19 - [TEST_STEP][PASSED] - waitForElementClickable(findTestObject("Object Repository/Kullanici_Islemleri/KullaniciIslemleri"), 10): Object 'Object Repository/Kullanici_Islemleri/KullaniciIslemleri' is clickable

2021-11-18 11:29:19 - [MESSAGE][INFO] - Finding Test Object 'Object Repository/Kullanici_Islemleri/KullaniciIslemleri'

2021-11-18 11:29:19 - [MESSAGE][INFO] - Checking object

2021-11-18 11:29:19 - [MESSAGE][INFO] - Checking timeout

2021-11-18 11:29:19 - [MESSAGE][INFO] - Finding web element from Test Object's properties

2021-11-18 11:29:19 - [MESSAGE][INFO] - Checking timeout

2021-11-18 11:29:19 - [MESSAGE][INFO] - Finding web element with id: 'Object Repository/Kullanici_Islemleri/KullaniciIslemleri' located by 'By.cssSelector: .dropdown>a>img' in '10' second(s)

2021-11-18 11:29:19 - [MESSAGE][INFO] - Smart Wait Function is triggered

2021-11-18 11:29:20 - [MESSAGE][INFO] - Found 1 web elements with id: 'Object Repository/Kullanici_Islemleri/KullaniciIslemleri' located by 'By.cssSelector: .dropdown>a>img' in '10' second(s)

2021-11-18 11:29:20 - [MESSAGE][PASSED] - Object 'Object Repository/Kullanici_Islemleri/KullaniciIslemleri' is clickable

2021-11-18 11:29:20 - [TEST_STEP][PASSED] - click(findTestObject("Object Repository/Kullanici_Islemleri/KullaniciIslemleri")): Object: 'Object Repository/Kullanici_Islemleri/KullaniciIslemleri' is clicked on

2021-11-18 11:29:20 - [MESSAGE][INFO] - Finding Test Object 'Object Repository/Kullanici_Islemleri/KullaniciIslemleri'

2021-11-18 11:29:20 - [MESSAGE][INFO] - Checking object

2021-11-18 11:29:20 - [MESSAGE][INFO] - Finding web element from Test Object's properties

2021-11-18 11:29:20 - [MESSAGE][INFO] - Checking timeout

2021-11-18 11:29:20 - [MESSAGE][INFO] - Finding web element with id: 'Object Repository/Kullanici_Islemleri/KullaniciIslemleri' located by 'By.cssSelector: .dropdown>a>img' in '30' second(s)

2021-11-18 11:29:20 - [MESSAGE][INFO] - Smart Wait Function is triggered

2021-11-18 11:29:20 - [MESSAGE][INFO] - Found 1 web elements with id: 'Object Repository/Kullanici_Islemleri/KullaniciIslemleri' located by 'By.cssSelector: .dropdown>a>img' in '30' second(s)

2021-11-18 11:29:20 - [MESSAGE][INFO] - Clicking on object: 'Object Repository/Kullanici_Islemleri/KullaniciIslemleri'

2021-11-18 11:29:20 - [MESSAGE][PASSED] - Object: 'Object Repository/Kullanici_Islemleri/KullaniciIslemleri' is clicked on

2021-11-18 11:29:20 - [TEST_STEP][PASSED] - Method.TextDegerineEsitElementeTikla(findTestObject("Object Repository/Kullanici_Islemleri/Secenekler"), Islem): Method.TextDegerineEsitElementeTikla is PASSED

2021-11-18 11:29:20 - [MESSAGE][INFO] - Finding Test Object 'Object Repository/Kullanici_Islemleri/Secenekler'

2021-11-18 11:29:20 - [MESSAGE][INFO] - Checking timeout

2021-11-18 11:29:20 - [MESSAGE][INFO] - Finding web element with id: 'Object Repository/Kullanici_Islemleri/Secenekler' located by 'By.cssSelector: .nav.navbar-nav.navbar-right li a' in '10' second(s)

2021-11-18 11:29:20 - [MESSAGE][INFO] - Smart Wait Function is triggered

2021-11-18 11:29:20 - [MESSAGE][INFO] - Found 22 web elements with id: 'Object Repository/Kullanici_Islemleri/Secenekler' located by 'By.cssSelector: .nav.navbar-nav.navbar-right li a' in '10' second(s)

2021-11-18 11:29:22 - [MESSAGE][PASSED] - Method.TextDegerineEsitElementeTikla is PASSED

2021-11-18 11:29:22 - [TEST_STEP][PASSED] - verifyElementNotPresent(findTestObject("Object Repository/Kullanici_Islemleri/Secenekler"), 10): Web element with id: 'Object Repository/Kullanici_Islemleri/Secenekler' located by 'By.cssSelector: .nav.navbar-nav.navbar-right li a' is not present after '10' second(s)

2021-11-18 11:29:22 - [MESSAGE][INFO] - Finding Test Object 'Object Repository/Kullanici_Islemleri/Secenekler'

2021-11-18 11:29:22 - [MESSAGE][INFO] - Checking object

2021-11-18 11:29:22 - [MESSAGE][INFO] - Checking timeout

2021-11-18 11:29:22 - [MESSAGE][INFO] - Finding web element with id: 'Object Repository/Kullanici_Islemleri/Secenekler' located by 'By.cssSelector: .nav.navbar-nav.navbar-right li a' in '10' second(s)

2021-11-18 11:29:22 - [MESSAGE][INFO] - Smart Wait Function is triggered

2021-11-18 11:29:22 - [MESSAGE][PASSED] - Web element with id: 'Object Repository/Kullanici_Islemleri/Secenekler' located by 'By.cssSelector: .nav.navbar-nav.navbar-right li a' is not present after '10' second(s)

2021-11-18 11:29:22 - [MESSAGE][PASSED] - Call Test Case 'Test Cases/Kullanici_Islemleri/KullaniciIslemlerindenSecimYapilir' successfully

2021-11-18 11:29:22 - [TEST_CASE][PASSED] - Start Test Case : SCENARIO Giden Kutusu Irsaliye Yanitlari Buton Kontrolu: SCENARIO Giden Kutusu Irsaliye Yanitlari Buton Kontrolu

2021-11-18 11:29:22 - [TEST_STEP][PASSED] - Kullanıcı adı ELOGO6 ve Şifre 123456 olarak giriş yapılır: Kullanıcı adı ELOGO6 ve Şifre 123456 olarak giriş yapılır

2021-11-18 11:29:22 - [MESSAGE][PASSED] - Kullanıcı adı ELOGO6 ve Şifre 123456 olarak giriş yapılır

2021-11-18 11:29:22 - [TEST_STEP][PASSED] - Ana menüden e-İrsaliye seçilir: Ana menüden e-İrsaliye seçilir

2021-11-18 11:29:22 - [MESSAGE][PASSED] - Ana menüden e-İrsaliye seçilir

2021-11-18 11:29:22 - [TEST_STEP][PASSED] - Alt menü Giden Kutusu başlığı altındaki İrsaliye Yanıtları seçilir: Alt menü Giden Kutusu başlığı altındaki İrsaliye Yanıtları seçilir

2021-11-18 11:29:22 - [MESSAGE][PASSED] - Alt menü Giden Kutusu başlığı altındaki İrsaliye Yanıtları seçilir

2021-11-18 11:29:22 - [TEST_STEP][PASSED] - Filtrelerden Oluşturma Tarihi filtresine 01.01.2020 baslangic degerini yaz: Filtrelerden Oluşturma Tarihi filtresine 01.01.2020 baslangic degerini yaz

2021-11-18 11:29:22 - [MESSAGE][PASSED] - Filtrelerden Oluşturma Tarihi filtresine 01.01.2020 baslangic degerini yaz

2021-11-18 11:29:22 - [TEST_STEP][PASSED] - Filtrelerden Oluşturma Tarihi filtresine 31.12.2020 bitis degerini yaz: Filtrelerden Oluşturma Tarihi filtresine 31.12.2020 bitis degerini yaz

2021-11-18 11:29:22 - [MESSAGE][PASSED] - Filtrelerden Oluşturma Tarihi filtresine 31.12.2020 bitis degerini yaz

2021-11-18 11:29:22 - [TEST_STEP][PASSED] - Filtre butonlarından Listele seçilir: Filtre butonlarından Listele seçilir

2021-11-18 11:29:22 - [MESSAGE][PASSED] - Filtre butonlarından Listele seçilir

2021-11-18 11:29:22 - [TEST_STEP][PASSED] - Tablodan Logo Elektronik GIB Test isimli verinin detayı tıklanır: Tablodan Logo Elektronik GIB Test isimli verinin detayı tıklanır

2021-11-18 11:29:22 - [MESSAGE][PASSED] - Tablodan Logo Elektronik GIB Test isimli verinin detayı tıklanır

2021-11-18 11:29:22 - [TEST_STEP][PASSED] - Tablodan Logo Elektronik GIB Test isimli verinin detayı tıklanır: Tablodan Logo Elektronik GIB Test isimli verinin detayı tıklanır

2021-11-18 11:29:22 - [MESSAGE][PASSED] - Tablodan Logo Elektronik GIB Test isimli verinin detayı tıklanır

2021-11-18 11:29:22 - [TEST_STEP][PASSED] - Filtre alanlarında Alıcı Ünvanı var mı: Filtre alanlarında Alıcı Ünvanı var mı

2021-11-18 11:29:22 - [MESSAGE][PASSED] - Filtre alanlarında Alıcı Ünvanı var mı

2021-11-18 11:29:22 - [TEST_STEP][PASSED] - Filtre alanlarında Alıcı VKN/TCKN var mı: Filtre alanlarında Alıcı VKN/TCKN var mı

2021-11-18 11:29:22 - [MESSAGE][PASSED] - Filtre alanlarında Alıcı VKN/TCKN var mı

2021-11-18 11:29:22 - [TEST_STEP][PASSED] - Filtre alanlarında İrsaliye Yanıtı No var mı: Filtre alanlarında İrsaliye Yanıtı No var mı

2021-11-18 11:29:22 - [MESSAGE][PASSED] - Filtre alanlarında İrsaliye Yanıtı No var mı

2021-11-18 11:29:22 - [TEST_STEP][PASSED] - Filtre alanlarında İrsaliye Yanıtı ETTN var mı: Filtre alanlarında İrsaliye Yanıtı ETTN var mı

2021-11-18 11:29:22 - [MESSAGE][PASSED] - Filtre alanlarında İrsaliye Yanıtı ETTN var mı

2021-11-18 11:29:22 - [TEST_STEP][PASSED] - Filtre alanlarında Oluşturma Tarihi var mı: Filtre alanlarında Oluşturma Tarihi var mı

2021-11-18 11:29:22 - [MESSAGE][PASSED] - Filtre alanlarında Oluşturma Tarihi var mı

2021-11-18 11:29:22 - [TEST_STEP][PASSED] - Filtre alanlarında Belge Tarihi var mı: Filtre alanlarında Belge Tarihi var mı

2021-11-18 11:29:22 - [MESSAGE][PASSED] - Filtre alanlarında Belge Tarihi var mı

2021-11-18 11:29:22 - [TEST_STEP][PASSED] - Filtre alanlarında İlşk. İrsaliye No var mı: Filtre alanlarında İlşk. İrsaliye No var mı

2021-11-18 11:29:22 - [MESSAGE][PASSED] - Filtre alanlarında İlşk. İrsaliye No var mı

2021-11-18 11:29:22 - [TEST_STEP][PASSED] - Filtre alanlarında İlşk. İrsaliye ETTN var mı: Filtre alanlarında İlşk. İrsaliye ETTN var mı

2021-11-18 11:29:22 - [MESSAGE][PASSED] - Filtre alanlarında İlşk. İrsaliye ETTN var mı

2021-11-18 11:29:22 - [TEST_STEP][PASSED] - Filtre alanlarında Kullanıcı Kodu var mı: Filtre alanlarında Kullanıcı Kodu var mı

2021-11-18 11:29:22 - [MESSAGE][PASSED] - Filtre alanlarında Kullanıcı Kodu var mı

2021-11-18 11:29:22 - [TEST_STEP][PASSED] - Filtre alanlarında Zarf ETTN var mı: Filtre alanlarında Zarf ETTN var mı

2021-11-18 11:29:22 - [MESSAGE][PASSED] - Filtre alanlarında Zarf ETTN var mı

2021-11-18 11:29:22 - [TEST_STEP][PASSED] - Filtre alanlarında Atanan Departman var mı: Filtre alanlarında Atanan Departman var mı

2021-11-18 11:29:22 - [MESSAGE][PASSED] - Filtre alanlarında Atanan Departman var mı

2021-11-18 11:29:22 - [TEST_STEP][PASSED] - Filtre butonlarında Filtreleri Kaydet var mı: Filtre butonlarında Filtreleri Kaydet var mı

2021-11-18 11:29:22 - [MESSAGE][PASSED] - Filtre butonlarında Filtreleri Kaydet var mı

2021-11-18 11:29:22 - [TEST_STEP][PASSED] - Filtre butonlarında Listele var mı: Filtre butonlarında Listele var mı

2021-11-18 11:29:22 - [MESSAGE][PASSED] - Filtre butonlarında Listele var mı

2021-11-18 11:29:22 - [TEST_STEP][PASSED] - Filtre butonlarında Temizle var mı: Filtre butonlarında Temizle var mı

2021-11-18 11:29:22 - [MESSAGE][PASSED] - Filtre butonlarında Temizle var mı

2021-11-18 11:29:22 - [TEST_STEP][PASSED] - Butonlardan Excel var mı: Butonlardan Excel var mı

2021-11-18 11:29:22 - [MESSAGE][PASSED] - Butonlardan Excel var mı

2021-11-18 11:29:22 - [TEST_STEP][PASSED] - Butonlardan Toplu İndirme var mı: Butonlardan Toplu İndirme var mı

2021-11-18 11:29:22 - [MESSAGE][PASSED] - Butonlardan Toplu İndirme var mı

2021-11-18 11:29:22 - [TEST_STEP][PASSED] - Butonlardan UBL var mı: Butonlardan UBL var mı

2021-11-18 11:29:22 - [MESSAGE][PASSED] - Butonlardan UBL var mı

2021-11-18 11:29:22 - [TEST_STEP][PASSED] - Butonlardan İzleme Kayıtları var mı: Butonlardan İzleme Kayıtları var mı

2021-11-18 11:29:22 - [MESSAGE][PASSED] - Butonlardan İzleme Kayıtları var mı

2021-11-18 11:29:22 - [TEST_STEP][PASSED] - Butonlardan Departman Ata var mı: Butonlardan Departman Ata var mı

2021-11-18 11:29:22 - [MESSAGE][PASSED] - Butonlardan Departman Ata var mı

2021-11-18 11:29:22 - [TEST_STEP][PASSED] - Butonlardan Departman Geri Al var mı: Butonlardan Departman Geri Al var mı

2021-11-18 11:29:22 - [MESSAGE][PASSED] - Butonlardan Departman Geri Al var mı

2021-11-18 11:29:22 - [TEST_STEP][PASSED] - Butonlardan Excel isimli butona tıklanır: Butonlardan Excel isimli butona tıklanır

2021-11-18 11:29:22 - [MESSAGE][PASSED] - Butonlardan Excel isimli butona tıklanır

2021-11-18 11:29:22 - [TEST_STEP][PASSED] - Alt butonlardan Excel'e Aktar var mı: Alt butonlardan Excel'e Aktar var mı

2021-11-18 11:29:22 - [MESSAGE][PASSED] - Alt butonlardan Excel'e Aktar var mı

2021-11-18 11:29:22 - [TEST_STEP][PASSED] - Alt butonlardan Tümünü Excel'e Aktar var mı: Alt butonlardan Tümünü Excel'e Aktar var mı

2021-11-18 11:29:22 - [MESSAGE][PASSED] - Alt butonlardan Tümünü Excel'e Aktar var mı

2021-11-18 11:29:22 - [TEST_STEP][PASSED] - Butonlardan Toplu İndirme isimli butona tıklanır: Butonlardan Toplu İndirme isimli butona tıklanır

2021-11-18 11:29:22 - [MESSAGE][PASSED] - Butonlardan Toplu İndirme isimli butona tıklanır

2021-11-18 11:29:22 - [TEST_STEP][PASSED] - Alt butonlardan UBL Seçilenleri İndir var mı: Alt butonlardan UBL Seçilenleri İndir var mı

2021-11-18 11:29:22 - [MESSAGE][PASSED] - Alt butonlardan UBL Seçilenleri İndir var mı

2021-11-18 11:29:22 - [TEST_STEP][PASSED] - Alt butonlardan UBL Tümünü İndir var mı: Alt butonlardan UBL Tümünü İndir var mı

2021-11-18 11:29:22 - [MESSAGE][PASSED] - Alt butonlardan UBL Tümünü İndir var mı

2021-11-18 11:29:22 - [TEST_STEP][PASSED] - Butonlardan UBL isimli butona tıklanır: Butonlardan UBL isimli butona tıklanır

2021-11-18 11:29:22 - [MESSAGE][PASSED] - Butonlardan UBL isimli butona tıklanır

2021-11-18 11:29:22 - [TEST_STEP][PASSED] - Alt butonlardan Göster var mı: Alt butonlardan Göster var mı

2021-11-18 11:29:22 - [MESSAGE][PASSED] - Alt butonlardan Göster var mı

2021-11-18 11:29:22 - [TEST_STEP][PASSED] - Alt butonlardan İndir var mı: Alt butonlardan İndir var mı

2021-11-18 11:29:22 - [MESSAGE][PASSED] - Alt butonlardan İndir var mı

2021-11-18 11:29:22 - [TEST_STEP][PASSED] - Kullanıcı işlemlerinden Çıkış seçilir: Kullanıcı işlemlerinden Çıkış seçilir

2021-11-18 11:29:22 - [MESSAGE][PASSED] - Kullanıcı işlemlerinden Çıkış seçilir

2021-11-18 11:29:22 - [MESSAGE][PASSED] - Feature file: 'Include/features/e-Irsaliye/Giden Kutusu/Irsaliye Yanitlari/Ekran Kontrolu.feature' was passed

2021-11-18 11:29:22 - [TEST_STEP][PASSED] - Start listener action : sampleAfterTestSuite: Invoke 'com.kms.katalon.core.annotation.AfterTestCase' method: 'Listener.sampleAfterTestSuite(...)' completed.

2021-11-18 11:29:22 - [MESSAGE][INFO] - Starting invoke 'com.kms.katalon.core.annotation.AfterTestCase' method: 'Listener.sampleAfterTestSuite(...)'

2021-11-18 11:29:22 - [TEST_STEP][PASSED] - closeBrowser(): Invoke 'com.kms.katalon.core.annotation.AfterTestCase' method: 'Listener.sampleAfterTestSuite(...)' completed.

2021-11-18 11:29:22 - [MESSAGE][INFO] - Closing browser

2021-11-18 11:29:23 - [MESSAGE][PASSED] - Browser is closed

2021-11-18 11:29:23 - [MESSAGE][INFO] - Invoke 'com.kms.katalon.core.annotation.AfterTestCase' method: 'Listener.sampleAfterTestSuite(...)' completed.]]></system-out>
         <system-err><![CDATA[]]></system-err>
      </testcase>
      <testcase name="Test Cases/Case Repository/e-Irsaliye/Giden Kutusu/Irsaliye Yanitlari/Gorseli Ac" time="38.548" classname="Test Cases/Case Repository/e-Irsaliye/Giden Kutusu/Irsaliye Yanitlari/Gorseli Ac" status="PASSED">
         <system-out><![CDATA[2021-11-18 11:29:23 - [TEST_CASE][PASSED] - Test Cases/Case Repository/e-Irsaliye/Giden Kutusu/Irsaliye Yanitlari/Gorseli Ac: Test Cases/Case Repository/e-Irsaliye/Giden Kutusu/Irsaliye Yanitlari/Gorseli Ac

2021-11-18 11:29:23 - [TEST_STEP][PASSED] - Start listener action : sampleBeforeTestSuite: Invoke 'com.kms.katalon.core.annotation.BeforeTestCase' method: 'Listener.sampleBeforeTestSuite(...)' completed.

2021-11-18 11:29:23 - [MESSAGE][INFO] - Starting invoke 'com.kms.katalon.core.annotation.BeforeTestCase' method: 'Listener.sampleBeforeTestSuite(...)'

2021-11-18 11:29:23 - [TEST_STEP][PASSED] - openBrowser(baseUrl): Browser is opened with url: 'https://efatura-stage.elogo.com.tr/'

2021-11-18 11:29:23 - [MESSAGE][INFO] - Opening browser

2021-11-18 11:29:23 - [MESSAGE][INFO] - Starting 'Chrome' driver

2021-11-18 11:29:23 - [MESSAGE][INFO] - User set preference: ['prefs', '{download.default_directory=C:\otomasyondownfiles}']

2021-11-18 11:29:23 - [MESSAGE][INFO] - Action delay is set to 0 milliseconds

2021-11-18 11:29:24 - [MESSAGE][INFO] - Navigating browser to: 'https://efatura-stage.elogo.com.tr/'

2021-11-18 11:29:27 - [MESSAGE][PASSED] - Browser is opened with url: 'https://efatura-stage.elogo.com.tr/'

2021-11-18 11:29:27 - [TEST_STEP][PASSED] - maximizeWindow(): Invoke 'com.kms.katalon.core.annotation.BeforeTestCase' method: 'Listener.sampleBeforeTestSuite(...)' completed.

2021-11-18 11:29:27 - [MESSAGE][INFO] - Maximizing current window

2021-11-18 11:29:27 - [MESSAGE][PASSED] - Current window maximized

2021-11-18 11:29:27 - [MESSAGE][INFO] - Invoke 'com.kms.katalon.core.annotation.BeforeTestCase' method: 'Listener.sampleBeforeTestSuite(...)' completed.

2021-11-18 11:29:27 - [TEST_STEP][PASSED] - runFeatureFile("Include/features/e-Irsaliye/Giden Kutusu/Irsaliye Yanitlari/Gorseli Ac.feature"): Feature file: 'Include/features/e-Irsaliye/Giden Kutusu/Irsaliye Yanitlari/Gorseli Ac.feature' was passed

2021-11-18 11:29:27 - [MESSAGE][INFO] - Starting run keyword runFeatureFile: 'Include/features/e-Irsaliye/Giden Kutusu/Irsaliye Yanitlari/Gorseli Ac.feature' and extract report to folder: 'C:\Users\DELL\Documents\GitHub\EES_KatalonLogo\Reports\20211118_110909\Suite Repository\e-Irsaliye\20211118_110920/cucumber_report/1637224167743'...

2021-11-18 11:29:27 - [MESSAGE][INFO] - Glue: []

2021-11-18 11:29:29 - [MESSAGE][INFO] - Checking called Test Case

2021-11-18 11:29:29 - [MESSAGE][INFO] - Starting to call Test Case 'Test Cases/Sayfalar/Giris_Sayfasi/Login'

2021-11-18 11:29:29 - [TEST_CASE][PASSED] - Test Cases/Sayfalar/Giris_Sayfasi/Login: Test Cases/Sayfalar/Giris_Sayfasi/Login

2021-11-18 11:29:29 - [TEST_STEP][PASSED] - Sayfa_Basligi = getWindowTitle(): Current window's title is: 'LOGO e-Fatura'

2021-11-18 11:29:29 - [MESSAGE][INFO] - Getting current window's title

2021-11-18 11:29:29 - [MESSAGE][PASSED] - Current window's title is: 'LOGO e-Fatura'

2021-11-18 11:29:29 - [TEST_STEP][PASSED] - verifyMatch(Sayfa_Basligi, "LOGO e-Fatura", false): Actual text 'LOGO e-Fatura' and expected text 'LOGO e-Fatura' are matched 

2021-11-18 11:29:29 - [MESSAGE][INFO] - Matching actual text 'LOGO e-Fatura' with expected text 'LOGO e-Fatura'

2021-11-18 11:29:29 - [MESSAGE][PASSED] - Actual text 'LOGO e-Fatura' and expected text 'LOGO e-Fatura' are matched 

2021-11-18 11:29:29 - [TEST_STEP][PASSED] - sendKeys(findTestObject("Sayfalar/Giris_Sayfasi/Firma_Kodu"), KullaniciAdi): Keys 'ELOGO6' sent to object: 'Object Repository/Sayfalar/Giris_Sayfasi/Firma_Kodu'

2021-11-18 11:29:29 - [MESSAGE][INFO] - Finding Test Object 'Object Repository/Sayfalar/Giris_Sayfasi/Firma_Kodu'

2021-11-18 11:29:29 - [MESSAGE][INFO] - Sending keys 'ELOGO6' to object: 'Object Repository/Sayfalar/Giris_Sayfasi/Firma_Kodu'

2021-11-18 11:29:29 - [MESSAGE][INFO] - Finding web element from Test Object's properties

2021-11-18 11:29:29 - [MESSAGE][INFO] - Checking timeout

2021-11-18 11:29:29 - [MESSAGE][INFO] - Finding web element with id: 'Object Repository/Sayfalar/Giris_Sayfasi/Firma_Kodu' located by 'By.xpath: //*[@id = 'AccountName']' in '30' second(s)

2021-11-18 11:29:29 - [MESSAGE][INFO] - Smart Wait Function is triggered

2021-11-18 11:29:29 - [MESSAGE][INFO] - Found 1 web elements with id: 'Object Repository/Sayfalar/Giris_Sayfasi/Firma_Kodu' located by 'By.xpath: //*[@id = 'AccountName']' in '30' second(s)

2021-11-18 11:29:29 - [MESSAGE][PASSED] - Keys 'ELOGO6' sent to object: 'Object Repository/Sayfalar/Giris_Sayfasi/Firma_Kodu'

2021-11-18 11:29:29 - [TEST_STEP][PASSED] - sendKeys(findTestObject("Sayfalar/Giris_Sayfasi/Sifre"), Sifre): Keys '123456' sent to object: 'Object Repository/Sayfalar/Giris_Sayfasi/Sifre'

2021-11-18 11:29:29 - [MESSAGE][INFO] - Finding Test Object 'Object Repository/Sayfalar/Giris_Sayfasi/Sifre'

2021-11-18 11:29:30 - [MESSAGE][INFO] - Sending keys '123456' to object: 'Object Repository/Sayfalar/Giris_Sayfasi/Sifre'

2021-11-18 11:29:30 - [MESSAGE][INFO] - Finding web element from Test Object's properties

2021-11-18 11:29:30 - [MESSAGE][INFO] - Checking timeout

2021-11-18 11:29:30 - [MESSAGE][INFO] - Finding web element with id: 'Object Repository/Sayfalar/Giris_Sayfasi/Sifre' located by 'By.xpath: //*[@id = 'Password']' in '30' second(s)

2021-11-18 11:29:30 - [MESSAGE][INFO] - Smart Wait Function is triggered

2021-11-18 11:29:30 - [MESSAGE][INFO] - Found 1 web elements with id: 'Object Repository/Sayfalar/Giris_Sayfasi/Sifre' located by 'By.xpath: //*[@id = 'Password']' in '30' second(s)

2021-11-18 11:29:30 - [MESSAGE][PASSED] - Keys '123456' sent to object: 'Object Repository/Sayfalar/Giris_Sayfasi/Sifre'

2021-11-18 11:29:30 - [TEST_STEP][PASSED] - findWebElement(findTestObject("Sayfalar/Giris_Sayfasi/Giris_Butonu")).click(): Found 1 web elements with id: 'Object Repository/Sayfalar/Giris_Sayfasi/Giris_Butonu' located by 'By.cssSelector: #btnLogin' in '30' second(s)

2021-11-18 11:29:30 - [MESSAGE][INFO] - Finding Test Object 'Object Repository/Sayfalar/Giris_Sayfasi/Giris_Butonu'

2021-11-18 11:29:30 - [MESSAGE][INFO] - Finding web element from Test Object's properties

2021-11-18 11:29:30 - [MESSAGE][INFO] - Checking timeout

2021-11-18 11:29:30 - [MESSAGE][INFO] - Finding web element with id: 'Object Repository/Sayfalar/Giris_Sayfasi/Giris_Butonu' located by 'By.cssSelector: #btnLogin' in '30' second(s)

2021-11-18 11:29:30 - [MESSAGE][INFO] - Smart Wait Function is triggered

2021-11-18 11:29:31 - [MESSAGE][INFO] - Found 1 web elements with id: 'Object Repository/Sayfalar/Giris_Sayfasi/Giris_Butonu' located by 'By.cssSelector: #btnLogin' in '30' second(s)

2021-11-18 11:29:34 - [TEST_STEP][PASSED] - if (verifyElementPresent(findTestObject("Object Repository/Sayfalar/Giris_Sayfasi/RetveTamam_Butonu"), 5, OPTIONAL)): null

2021-11-18 11:29:34 - [MESSAGE][INFO] - Finding Test Object 'Object Repository/Sayfalar/Giris_Sayfasi/RetveTamam_Butonu'

2021-11-18 11:29:34 - [MESSAGE][INFO] - Checking object

2021-11-18 11:29:34 - [MESSAGE][INFO] - Finding web element from Test Object's properties

2021-11-18 11:29:34 - [MESSAGE][INFO] - Checking timeout

2021-11-18 11:29:34 - [MESSAGE][INFO] - Finding web element with id: 'Object Repository/Sayfalar/Giris_Sayfasi/RetveTamam_Butonu' located by 'By.xpath: //*[@class = 'btn btn-default']' in '5' second(s)

2021-11-18 11:29:34 - [MESSAGE][INFO] - Smart Wait Function is triggered

2021-11-18 11:29:34 - [MESSAGE][INFO] - Found 1 web elements with id: 'Object Repository/Sayfalar/Giris_Sayfasi/RetveTamam_Butonu' located by 'By.xpath: //*[@class = 'btn btn-default']' in '5' second(s)

2021-11-18 11:29:34 - [MESSAGE][PASSED] - Object 'Object Repository/Sayfalar/Giris_Sayfasi/RetveTamam_Butonu' is present

2021-11-18 11:29:34 - [TEST_STEP][PASSED] - click(findTestObject("Object Repository/Sayfalar/Giris_Sayfasi/RetveTamam_Butonu")): Object: 'Object Repository/Sayfalar/Giris_Sayfasi/RetveTamam_Butonu' is clicked on

2021-11-18 11:29:34 - [MESSAGE][INFO] - Finding Test Object 'Object Repository/Sayfalar/Giris_Sayfasi/RetveTamam_Butonu'

2021-11-18 11:29:34 - [MESSAGE][INFO] - Checking object

2021-11-18 11:29:34 - [MESSAGE][INFO] - Finding web element from Test Object's properties

2021-11-18 11:29:34 - [MESSAGE][INFO] - Checking timeout

2021-11-18 11:29:34 - [MESSAGE][INFO] - Finding web element with id: 'Object Repository/Sayfalar/Giris_Sayfasi/RetveTamam_Butonu' located by 'By.xpath: //*[@class = 'btn btn-default']' in '30' second(s)

2021-11-18 11:29:34 - [MESSAGE][INFO] - Smart Wait Function is triggered

2021-11-18 11:29:35 - [MESSAGE][INFO] - Found 1 web elements with id: 'Object Repository/Sayfalar/Giris_Sayfasi/RetveTamam_Butonu' located by 'By.xpath: //*[@class = 'btn btn-default']' in '30' second(s)

2021-11-18 11:29:35 - [MESSAGE][INFO] - Clicking on object: 'Object Repository/Sayfalar/Giris_Sayfasi/RetveTamam_Butonu'

2021-11-18 11:29:35 - [MESSAGE][PASSED] - Object: 'Object Repository/Sayfalar/Giris_Sayfasi/RetveTamam_Butonu' is clicked on

2021-11-18 11:29:35 - [TEST_STEP][PASSED] - click(findTestObject("Object Repository/Sayfalar/Giris_Sayfasi/RetveTamam_Butonu")): Object: 'Object Repository/Sayfalar/Giris_Sayfasi/RetveTamam_Butonu' is clicked on

2021-11-18 11:29:35 - [MESSAGE][INFO] - Finding Test Object 'Object Repository/Sayfalar/Giris_Sayfasi/RetveTamam_Butonu'

2021-11-18 11:29:35 - [MESSAGE][INFO] - Checking object

2021-11-18 11:29:35 - [MESSAGE][INFO] - Finding web element from Test Object's properties

2021-11-18 11:29:35 - [MESSAGE][INFO] - Checking timeout

2021-11-18 11:29:35 - [MESSAGE][INFO] - Finding web element with id: 'Object Repository/Sayfalar/Giris_Sayfasi/RetveTamam_Butonu' located by 'By.xpath: //*[@class = 'btn btn-default']' in '30' second(s)

2021-11-18 11:29:35 - [MESSAGE][INFO] - Smart Wait Function is triggered

2021-11-18 11:29:40 - [MESSAGE][INFO] - Found 1 web elements with id: 'Object Repository/Sayfalar/Giris_Sayfasi/RetveTamam_Butonu' located by 'By.xpath: //*[@class = 'btn btn-default']' in '30' second(s)

2021-11-18 11:29:40 - [MESSAGE][INFO] - Clicking on object: 'Object Repository/Sayfalar/Giris_Sayfasi/RetveTamam_Butonu'

2021-11-18 11:29:40 - [MESSAGE][PASSED] - Object: 'Object Repository/Sayfalar/Giris_Sayfasi/RetveTamam_Butonu' is clicked on

2021-11-18 11:29:40 - [TEST_STEP][PASSED] - if (verifyElementPresent(findTestObject("Sayfalar/Giris_Sayfasi/PopupOK"), 5, OPTIONAL)): null

2021-11-18 11:29:40 - [MESSAGE][INFO] - Finding Test Object 'Object Repository/Sayfalar/Giris_Sayfasi/PopupOK'

2021-11-18 11:29:40 - [MESSAGE][INFO] - Checking object

2021-11-18 11:29:40 - [MESSAGE][INFO] - Finding web element from Test Object's properties

2021-11-18 11:29:40 - [MESSAGE][INFO] - Checking timeout

2021-11-18 11:29:40 - [MESSAGE][INFO] - Finding web element with id: 'Object Repository/Sayfalar/Giris_Sayfasi/PopupOK' located by 'By.cssSelector: .btn.btn-success' in '5' second(s)

2021-11-18 11:29:40 - [MESSAGE][INFO] - Smart Wait Function is triggered

2021-11-18 11:29:41 - [MESSAGE][INFO] - Found 1 web elements with id: 'Object Repository/Sayfalar/Giris_Sayfasi/PopupOK' located by 'By.cssSelector: .btn.btn-success' in '5' second(s)

2021-11-18 11:29:41 - [MESSAGE][PASSED] - Object 'Object Repository/Sayfalar/Giris_Sayfasi/PopupOK' is present

2021-11-18 11:29:41 - [TEST_STEP][PASSED] - click(findTestObject("Object Repository/Sayfalar/Giris_Sayfasi/PopupCarpiGiris")): Object: 'Object Repository/Sayfalar/Giris_Sayfasi/PopupCarpiGiris' is clicked on

2021-11-18 11:29:41 - [MESSAGE][INFO] - Finding Test Object 'Object Repository/Sayfalar/Giris_Sayfasi/PopupCarpiGiris'

2021-11-18 11:29:41 - [MESSAGE][INFO] - Checking object

2021-11-18 11:29:41 - [MESSAGE][INFO] - Finding web element from Test Object's properties

2021-11-18 11:29:41 - [MESSAGE][INFO] - Checking timeout

2021-11-18 11:29:41 - [MESSAGE][INFO] - Finding web element with id: 'Object Repository/Sayfalar/Giris_Sayfasi/PopupCarpiGiris' located by 'By.cssSelector: .bootbox-close-button.close' in '30' second(s)

2021-11-18 11:29:41 - [MESSAGE][INFO] - Smart Wait Function is triggered

2021-11-18 11:29:41 - [MESSAGE][INFO] - Found 1 web elements with id: 'Object Repository/Sayfalar/Giris_Sayfasi/PopupCarpiGiris' located by 'By.cssSelector: .bootbox-close-button.close' in '30' second(s)

2021-11-18 11:29:41 - [MESSAGE][INFO] - Clicking on object: 'Object Repository/Sayfalar/Giris_Sayfasi/PopupCarpiGiris'

2021-11-18 11:29:41 - [MESSAGE][PASSED] - Object: 'Object Repository/Sayfalar/Giris_Sayfasi/PopupCarpiGiris' is clicked on

2021-11-18 11:29:41 - [TEST_STEP][PASSED] - verifyElementVisible(findTestObject("Object Repository/Kullanici_Islemleri/KullaniciIslemleri")): Object 'Object Repository/Kullanici_Islemleri/KullaniciIslemleri' is visible

2021-11-18 11:29:41 - [MESSAGE][INFO] - Finding Test Object 'Object Repository/Kullanici_Islemleri/KullaniciIslemleri'

2021-11-18 11:29:41 - [MESSAGE][INFO] - Checking object

2021-11-18 11:29:42 - [MESSAGE][INFO] - Finding web element from Test Object's properties

2021-11-18 11:29:42 - [MESSAGE][INFO] - Checking timeout

2021-11-18 11:29:42 - [MESSAGE][INFO] - Finding web element with id: 'Object Repository/Kullanici_Islemleri/KullaniciIslemleri' located by 'By.cssSelector: .dropdown>a>img' in '30' second(s)

2021-11-18 11:29:42 - [MESSAGE][INFO] - Smart Wait Function is triggered

2021-11-18 11:29:42 - [MESSAGE][INFO] - Found 1 web elements with id: 'Object Repository/Kullanici_Islemleri/KullaniciIslemleri' located by 'By.cssSelector: .dropdown>a>img' in '30' second(s)

2021-11-18 11:29:42 - [MESSAGE][PASSED] - Object 'Object Repository/Kullanici_Islemleri/KullaniciIslemleri' is visible

2021-11-18 11:29:42 - [MESSAGE][PASSED] - Call Test Case 'Test Cases/Sayfalar/Giris_Sayfasi/Login' successfully

2021-11-18 11:29:42 - [MESSAGE][INFO] - Checking called Test Case

2021-11-18 11:29:42 - [MESSAGE][INFO] - Starting to call Test Case 'Test Cases/Menu/AnaMenuSecimi'

2021-11-18 11:29:42 - [TEST_CASE][PASSED] - Test Cases/Menu/AnaMenuSecimi: Test Cases/Menu/AnaMenuSecimi

2021-11-18 11:29:42 - [TEST_STEP][PASSED] - Method.TextDegerineEsitElementeTikla(findTestObject("Menu/Ana_Menu"), Ana_Menu): Method.TextDegerineEsitElementeTikla is PASSED

2021-11-18 11:29:42 - [MESSAGE][INFO] - Finding Test Object 'Object Repository/Menu/Ana_Menu'

2021-11-18 11:29:42 - [MESSAGE][INFO] - Checking timeout

2021-11-18 11:29:42 - [MESSAGE][INFO] - Finding web element with id: 'Object Repository/Menu/Ana_Menu' located by 'By.xpath: //*[@class = 'dropdown-toggle']' in '10' second(s)

2021-11-18 11:29:42 - [MESSAGE][INFO] - Smart Wait Function is triggered

2021-11-18 11:29:43 - [MESSAGE][INFO] - Found 14 web elements with id: 'Object Repository/Menu/Ana_Menu' located by 'By.xpath: //*[@class = 'dropdown-toggle']' in '10' second(s)

2021-11-18 11:29:43 - [MESSAGE][PASSED] - Method.TextDegerineEsitElementeTikla is PASSED

2021-11-18 11:29:43 - [MESSAGE][PASSED] - Call Test Case 'Test Cases/Menu/AnaMenuSecimi' successfully

2021-11-18 11:29:43 - [MESSAGE][INFO] - Checking called Test Case

2021-11-18 11:29:43 - [MESSAGE][INFO] - Starting to call Test Case 'Test Cases/Menu/BasligaGoreAltMenuSecimi'

2021-11-18 11:29:43 - [TEST_CASE][PASSED] - Test Cases/Menu/BasligaGoreAltMenuSecimi: Test Cases/Menu/BasligaGoreAltMenuSecimi

2021-11-18 11:29:43 - [TEST_STEP][PASSED] - Method.TextDegerineEsitElementinAltindakiTextDegerineEsitOlanaTikla(findTestObject("Menu/Menu_Basligi"), findTestObject("Menu/Basliga_Gore_Alt_Menu"), Baslik, Alt_Menu): Method.TextDegerineEsitElementinAltindakiTextDegerineEsitOlanaTikla is PASSED

2021-11-18 11:29:43 - [MESSAGE][INFO] - Finding Test Object 'Object Repository/Menu/Menu_Basligi'

2021-11-18 11:29:43 - [MESSAGE][INFO] - Finding Test Object 'Object Repository/Menu/Basliga_Gore_Alt_Menu'

2021-11-18 11:29:43 - [MESSAGE][INFO] - Checking timeout

2021-11-18 11:29:43 - [MESSAGE][INFO] - Finding web element with id: 'Object Repository/Menu/Menu_Basligi' located by 'By.xpath: //li[@class='dropdown dropdown-large open']//li[@class='dropdown-header']' in '10' second(s)

2021-11-18 11:29:43 - [MESSAGE][INFO] - Smart Wait Function is triggered

2021-11-18 11:29:43 - [MESSAGE][INFO] - Found 3 web elements with id: 'Object Repository/Menu/Menu_Basligi' located by 'By.xpath: //li[@class='dropdown dropdown-large open']//li[@class='dropdown-header']' in '10' second(s)

2021-11-18 11:29:43 - [MESSAGE][INFO] - Smart Wait Function is triggered

2021-11-18 11:29:46 - [MESSAGE][PASSED] - Method.TextDegerineEsitElementinAltindakiTextDegerineEsitOlanaTikla is PASSED

2021-11-18 11:29:46 - [MESSAGE][PASSED] - Call Test Case 'Test Cases/Menu/BasligaGoreAltMenuSecimi' successfully

2021-11-18 11:29:46 - [MESSAGE][INFO] - Checking called Test Case

2021-11-18 11:29:46 - [MESSAGE][INFO] - Starting to call Test Case 'Test Cases/Filtreler/BaslangicYaz'

2021-11-18 11:29:46 - [TEST_CASE][PASSED] - Test Cases/Filtreler/BaslangicYaz: Test Cases/Filtreler/BaslangicYaz

2021-11-18 11:29:46 - [TEST_STEP][PASSED] - delay(3): Delayed 3 second(s)

2021-11-18 11:29:46 - [MESSAGE][INFO] - Delaying browser in 3 second(s)

2021-11-18 11:29:49 - [MESSAGE][PASSED] - Delayed 3 second(s)

2021-11-18 11:29:49 - [TEST_STEP][PASSED] - Method.TextDegerineEsitElementinAltindakineTikla(findTestObject("Filtreler/Basliklar"), findTestObject("Filtreler/Basliga_Gore_Baslangic_Image"), Filtre_Adi): Method.TextDegerineEsitElementinAltindakineTikla is PASSED

2021-11-18 11:29:49 - [MESSAGE][INFO] - Finding Test Object 'Object Repository/Filtreler/Basliklar'

2021-11-18 11:29:49 - [MESSAGE][INFO] - Finding Test Object 'Object Repository/Filtreler/Basliga_Gore_Baslangic_Image'

2021-11-18 11:29:49 - [MESSAGE][INFO] - Checking timeout

2021-11-18 11:29:49 - [MESSAGE][INFO] - Finding web element with id: 'Object Repository/Filtreler/Basliklar' located by 'By.cssSelector: .control-label.col-sm-4.paddingMarginRLC' in '10' second(s)

2021-11-18 11:29:49 - [MESSAGE][INFO] - Smart Wait Function is triggered

2021-11-18 11:29:49 - [MESSAGE][INFO] - Found 13 web elements with id: 'Object Repository/Filtreler/Basliklar' located by 'By.cssSelector: .control-label.col-sm-4.paddingMarginRLC' in '10' second(s)

2021-11-18 11:29:49 - [MESSAGE][INFO] - Smart Wait Function is triggered

2021-11-18 11:29:49 - [MESSAGE][PASSED] - Method.TextDegerineEsitElementinAltindakineTikla is PASSED

2021-11-18 11:29:49 - [TEST_STEP][PASSED] - Method.TextDegerineEsitElementinAltindakiTextboxtaYaz(findTestObject("Filtreler/Basliklar"), findTestObject("Filtreler/Basliga_Gore_Baslangic"), Filtre_Adi, Filtre_Degeri): Method.TextDegerineEsitElementinAltindakiTextboxtaYaz is PASSED

2021-11-18 11:29:49 - [MESSAGE][INFO] - Finding Test Object 'Object Repository/Filtreler/Basliklar'

2021-11-18 11:29:50 - [MESSAGE][INFO] - Finding Test Object 'Object Repository/Filtreler/Basliga_Gore_Baslangic'

2021-11-18 11:29:50 - [MESSAGE][INFO] - Checking timeout

2021-11-18 11:29:50 - [MESSAGE][INFO] - Finding web element with id: 'Object Repository/Filtreler/Basliklar' located by 'By.cssSelector: .control-label.col-sm-4.paddingMarginRLC' in '10' second(s)

2021-11-18 11:29:50 - [MESSAGE][INFO] - Smart Wait Function is triggered

2021-11-18 11:29:50 - [MESSAGE][INFO] - Found 13 web elements with id: 'Object Repository/Filtreler/Basliklar' located by 'By.cssSelector: .control-label.col-sm-4.paddingMarginRLC' in '10' second(s)

2021-11-18 11:29:50 - [MESSAGE][INFO] - Smart Wait Function is triggered

2021-11-18 11:29:50 - [MESSAGE][PASSED] - Method.TextDegerineEsitElementinAltindakiTextboxtaYaz is PASSED

2021-11-18 11:29:50 - [MESSAGE][PASSED] - Call Test Case 'Test Cases/Filtreler/BaslangicYaz' successfully

2021-11-18 11:29:50 - [MESSAGE][INFO] - Checking called Test Case

2021-11-18 11:29:50 - [MESSAGE][INFO] - Starting to call Test Case 'Test Cases/Filtreler/BitisYaz'

2021-11-18 11:29:51 - [TEST_CASE][PASSED] - Test Cases/Filtreler/BitisYaz: Test Cases/Filtreler/BitisYaz

2021-11-18 11:29:51 - [TEST_STEP][PASSED] - Method.TextDegerineEsitElementinAltindakineTikla(findTestObject("Filtreler/Basliklar"), findTestObject("Filtreler/Basliga_Gore_Bitis_Image"), Filtre_Adi): Method.TextDegerineEsitElementinAltindakineTikla is PASSED

2021-11-18 11:29:51 - [MESSAGE][INFO] - Finding Test Object 'Object Repository/Filtreler/Basliklar'

2021-11-18 11:29:51 - [MESSAGE][INFO] - Finding Test Object 'Object Repository/Filtreler/Basliga_Gore_Bitis_Image'

2021-11-18 11:29:51 - [MESSAGE][INFO] - Checking timeout

2021-11-18 11:29:51 - [MESSAGE][INFO] - Finding web element with id: 'Object Repository/Filtreler/Basliklar' located by 'By.cssSelector: .control-label.col-sm-4.paddingMarginRLC' in '10' second(s)

2021-11-18 11:29:51 - [MESSAGE][INFO] - Smart Wait Function is triggered

2021-11-18 11:29:51 - [MESSAGE][INFO] - Found 13 web elements with id: 'Object Repository/Filtreler/Basliklar' located by 'By.cssSelector: .control-label.col-sm-4.paddingMarginRLC' in '10' second(s)

2021-11-18 11:29:51 - [MESSAGE][INFO] - Smart Wait Function is triggered

2021-11-18 11:29:51 - [MESSAGE][PASSED] - Method.TextDegerineEsitElementinAltindakineTikla is PASSED

2021-11-18 11:29:51 - [TEST_STEP][PASSED] - Method.TextDegerineEsitElementinAltindakiTextboxtaYaz(findTestObject("Filtreler/Basliklar"), findTestObject("Object Repository/Filtreler/Basliga_Gore_Bitis"), Filtre_Adi, Filtre_Degeri): Method.TextDegerineEsitElementinAltindakiTextboxtaYaz is PASSED

2021-11-18 11:29:51 - [MESSAGE][INFO] - Finding Test Object 'Object Repository/Filtreler/Basliklar'

2021-11-18 11:29:51 - [MESSAGE][INFO] - Finding Test Object 'Object Repository/Filtreler/Basliga_Gore_Bitis'

2021-11-18 11:29:52 - [MESSAGE][INFO] - Checking timeout

2021-11-18 11:29:52 - [MESSAGE][INFO] - Finding web element with id: 'Object Repository/Filtreler/Basliklar' located by 'By.cssSelector: .control-label.col-sm-4.paddingMarginRLC' in '10' second(s)

2021-11-18 11:29:52 - [MESSAGE][INFO] - Smart Wait Function is triggered

2021-11-18 11:29:52 - [MESSAGE][INFO] - Found 13 web elements with id: 'Object Repository/Filtreler/Basliklar' located by 'By.cssSelector: .control-label.col-sm-4.paddingMarginRLC' in '10' second(s)

2021-11-18 11:29:52 - [MESSAGE][INFO] - Smart Wait Function is triggered

2021-11-18 11:29:53 - [MESSAGE][PASSED] - Method.TextDegerineEsitElementinAltindakiTextboxtaYaz is PASSED

2021-11-18 11:29:53 - [MESSAGE][PASSED] - Call Test Case 'Test Cases/Filtreler/BitisYaz' successfully

2021-11-18 11:29:53 - [MESSAGE][INFO] - Checking called Test Case

2021-11-18 11:29:53 - [MESSAGE][INFO] - Starting to call Test Case 'Test Cases/Filtreler/ButonaTikla'

2021-11-18 11:29:53 - [TEST_CASE][PASSED] - Test Cases/Filtreler/ButonaTikla: Test Cases/Filtreler/ButonaTikla

2021-11-18 11:29:53 - [TEST_STEP][PASSED] - Method.TextDegerineEsitElementeTikla(findTestObject("Filtreler/Butonlar"), Filtre_Buton): Method.TextDegerineEsitElementeTikla is PASSED

2021-11-18 11:29:53 - [MESSAGE][INFO] - Finding Test Object 'Object Repository/Filtreler/Butonlar'

2021-11-18 11:29:53 - [MESSAGE][INFO] - Checking timeout

2021-11-18 11:29:53 - [MESSAGE][INFO] - Finding web element with id: 'Object Repository/Filtreler/Butonlar' located by 'By.cssSelector: .dxb>span' in '10' second(s)

2021-11-18 11:29:53 - [MESSAGE][INFO] - Smart Wait Function is triggered

2021-11-18 11:29:53 - [MESSAGE][INFO] - Found 3 web elements with id: 'Object Repository/Filtreler/Butonlar' located by 'By.cssSelector: .dxb>span' in '10' second(s)

2021-11-18 11:29:53 - [MESSAGE][PASSED] - Method.TextDegerineEsitElementeTikla is PASSED

2021-11-18 11:29:53 - [MESSAGE][PASSED] - Call Test Case 'Test Cases/Filtreler/ButonaTikla' successfully

2021-11-18 11:29:53 - [MESSAGE][INFO] - Checking called Test Case

2021-11-18 11:29:53 - [MESSAGE][INFO] - Starting to call Test Case 'Test Cases/Tablo/TablodaVeriVarMi'

2021-11-18 11:29:53 - [TEST_CASE][PASSED] - Test Cases/Tablo/TablodaVeriVarMi: Test Cases/Tablo/TablodaVeriVarMi

2021-11-18 11:29:53 - [TEST_STEP][PASSED] - verifyTextNotPresent("Görüntülenecek veri yok", true): Text 'Görüntülenecek veri yok' is not present on page using regular expression

2021-11-18 11:29:53 - [MESSAGE][INFO] - Checking text present  using regular expression

2021-11-18 11:29:53 - [MESSAGE][INFO] - Smart Wait Function is triggered

2021-11-18 11:29:54 - [MESSAGE][INFO] - Finding text 'Görüntülenecek veri yok' on page  using regular expression

2021-11-18 11:29:54 - [MESSAGE][PASSED] - Text 'Görüntülenecek veri yok' is not present on page using regular expression

2021-11-18 11:29:54 - [MESSAGE][PASSED] - Call Test Case 'Test Cases/Tablo/TablodaVeriVarMi' successfully

2021-11-18 11:29:54 - [MESSAGE][INFO] - Checking called Test Case

2021-11-18 11:29:54 - [MESSAGE][INFO] - Starting to call Test Case 'Test Cases/Tablo/TablonunButonunaTikla'

2021-11-18 11:29:54 - [TEST_CASE][PASSED] - Test Cases/Tablo/TablonunButonunaTikla: Test Cases/Tablo/TablonunButonunaTikla

2021-11-18 11:29:54 - [TEST_STEP][PASSED] - Method.TextDegerineEsitElementinAltindakiTextDegerineEsitOlanaTikla(findTestObject("Tablo/Veriler"), findTestObject("Tablo/VerininButonu"), Veri, Buton_Adi): Method.TextDegerineEsitElementinAltindakiTextDegerineEsitOlanaTikla is PASSED

2021-11-18 11:29:54 - [MESSAGE][INFO] - Finding Test Object 'Object Repository/Tablo/Veriler'

2021-11-18 11:29:54 - [MESSAGE][INFO] - Finding Test Object 'Object Repository/Tablo/VerininButonu'

2021-11-18 11:29:54 - [MESSAGE][INFO] - Checking timeout

2021-11-18 11:29:54 - [MESSAGE][INFO] - Finding web element with id: 'Object Repository/Tablo/Veriler' located by 'By.cssSelector: td.dxgv b ,td.dxgv' in '10' second(s)

2021-11-18 11:29:54 - [MESSAGE][INFO] - Smart Wait Function is triggered

2021-11-18 11:29:55 - [MESSAGE][INFO] - Found 90 web elements with id: 'Object Repository/Tablo/Veriler' located by 'By.cssSelector: td.dxgv b ,td.dxgv' in '10' second(s)

2021-11-18 11:29:55 - [MESSAGE][INFO] - Smart Wait Function is triggered

2021-11-18 11:29:55 - [MESSAGE][PASSED] - Method.TextDegerineEsitElementinAltindakiTextDegerineEsitOlanaTikla is PASSED

2021-11-18 11:29:55 - [MESSAGE][PASSED] - Call Test Case 'Test Cases/Tablo/TablonunButonunaTikla' successfully

2021-11-18 11:29:55 - [MESSAGE][INFO] - Checking called Test Case

2021-11-18 11:29:55 - [MESSAGE][INFO] - Starting to call Test Case 'Test Cases/Sekmeler/YeniSekmeyeGec'

2021-11-18 11:29:55 - [TEST_CASE][PASSED] - Test Cases/Sekmeler/YeniSekmeyeGec: Test Cases/Sekmeler/YeniSekmeyeGec

2021-11-18 11:29:55 - [TEST_STEP][PASSED] - switchToWindowIndex(1): Switched to window with index: '1'

2021-11-18 11:29:55 - [MESSAGE][INFO] - Checking index

2021-11-18 11:29:55 - [MESSAGE][INFO] - Switching window with index: '1'

2021-11-18 11:29:55 - [MESSAGE][PASSED] - Switched to window with index: '1'

2021-11-18 11:29:55 - [MESSAGE][PASSED] - Call Test Case 'Test Cases/Sekmeler/YeniSekmeyeGec' successfully

2021-11-18 11:29:55 - [MESSAGE][INFO] - Checking called Test Case

2021-11-18 11:29:55 - [MESSAGE][INFO] - Starting to call Test Case 'Test Cases/Sekmeler/YeniSekmeBasligindaVarMi'

2021-11-18 11:29:55 - [TEST_CASE][PASSED] - Test Cases/Sekmeler/YeniSekmeBasligindaVarMi: Test Cases/Sekmeler/YeniSekmeBasligindaVarMi

2021-11-18 11:29:55 - [TEST_STEP][PASSED] - verifyElementText(findTestObject("Object Repository/Sekmeler/Olusturma_Goster_Baslik"), Title): Actual text and expected text of test object 'Object Repository/Sekmeler/Olusturma_Goster_Baslik' are matched.

2021-11-18 11:29:55 - [MESSAGE][INFO] - Finding Test Object 'Object Repository/Sekmeler/Olusturma_Goster_Baslik'

2021-11-18 11:29:55 - [MESSAGE][INFO] - Checking object

2021-11-18 11:29:55 - [MESSAGE][INFO] - Finding web element from Test Object's properties

2021-11-18 11:29:55 - [MESSAGE][INFO] - Checking timeout

2021-11-18 11:29:55 - [MESSAGE][INFO] - Finding web element with id: 'Object Repository/Sekmeler/Olusturma_Goster_Baslik' located by 'By.cssSelector: h1>span,td>font,font' in '30' second(s)

2021-11-18 11:29:55 - [MESSAGE][INFO] - Smart Wait Function is triggered

2021-11-18 11:29:57 - [MESSAGE][INFO] - Found 1 web elements with id: 'Object Repository/Sekmeler/Olusturma_Goster_Baslik' located by 'By.cssSelector: h1>span,td>font,font' in '30' second(s)

2021-11-18 11:29:57 - [MESSAGE][PASSED] - Actual text and expected text of test object 'Object Repository/Sekmeler/Olusturma_Goster_Baslik' are matched.

2021-11-18 11:29:57 - [MESSAGE][PASSED] - Call Test Case 'Test Cases/Sekmeler/YeniSekmeBasligindaVarMi' successfully

2021-11-18 11:29:57 - [MESSAGE][INFO] - Checking called Test Case

2021-11-18 11:29:57 - [MESSAGE][INFO] - Starting to call Test Case 'Test Cases/Sekmeler/Ana_Sekmeye_Gec'

2021-11-18 11:29:57 - [TEST_CASE][PASSED] - Test Cases/Sekmeler/Ana_Sekmeye_Gec: Test Cases/Sekmeler/Ana_Sekmeye_Gec

2021-11-18 11:29:57 - [TEST_STEP][PASSED] - try: Window with index 1 is closed

2021-11-18 11:29:57 - [TEST_STEP][PASSED] - index = getWindowIndex(): Current window's index is: 1

2021-11-18 11:29:57 - [MESSAGE][INFO] - Getting current window's index

2021-11-18 11:29:57 - [MESSAGE][PASSED] - Current window's index is: 1

2021-11-18 11:29:57 - [TEST_STEP][PASSED] - closeWindowIndex(index): Window with index 1 is closed

2021-11-18 11:29:57 - [MESSAGE][INFO] - Checking index

2021-11-18 11:29:57 - [MESSAGE][INFO] - Closing window with index 1

2021-11-18 11:29:57 - [MESSAGE][PASSED] - Window with index 1 is closed

2021-11-18 11:29:57 - [TEST_STEP][PASSED] - switchToWindowIndex(0): Switched to window with index: '0'

2021-11-18 11:29:57 - [MESSAGE][INFO] - Checking index

2021-11-18 11:29:57 - [MESSAGE][INFO] - Switching window with index: '0'

2021-11-18 11:29:57 - [MESSAGE][PASSED] - Switched to window with index: '0'

2021-11-18 11:29:57 - [MESSAGE][PASSED] - Call Test Case 'Test Cases/Sekmeler/Ana_Sekmeye_Gec' successfully

2021-11-18 11:29:57 - [MESSAGE][INFO] - Checking called Test Case

2021-11-18 11:29:57 - [MESSAGE][INFO] - Starting to call Test Case 'Test Cases/Kullanici_Islemleri/KullaniciIslemlerindenSecimYapilir'

2021-11-18 11:29:57 - [TEST_CASE][PASSED] - Test Cases/Kullanici_Islemleri/KullaniciIslemlerindenSecimYapilir: Test Cases/Kullanici_Islemleri/KullaniciIslemlerindenSecimYapilir

2021-11-18 11:29:57 - [TEST_STEP][PASSED] - waitForElementClickable(findTestObject("Object Repository/Kullanici_Islemleri/KullaniciIslemleri"), 10): Object 'Object Repository/Kullanici_Islemleri/KullaniciIslemleri' is clickable

2021-11-18 11:29:57 - [MESSAGE][INFO] - Finding Test Object 'Object Repository/Kullanici_Islemleri/KullaniciIslemleri'

2021-11-18 11:29:57 - [MESSAGE][INFO] - Checking object

2021-11-18 11:29:57 - [MESSAGE][INFO] - Checking timeout

2021-11-18 11:29:57 - [MESSAGE][INFO] - Finding web element from Test Object's properties

2021-11-18 11:29:57 - [MESSAGE][INFO] - Checking timeout

2021-11-18 11:29:57 - [MESSAGE][INFO] - Finding web element with id: 'Object Repository/Kullanici_Islemleri/KullaniciIslemleri' located by 'By.cssSelector: .dropdown>a>img' in '10' second(s)

2021-11-18 11:29:57 - [MESSAGE][INFO] - Smart Wait Function is triggered

2021-11-18 11:29:58 - [MESSAGE][INFO] - Found 1 web elements with id: 'Object Repository/Kullanici_Islemleri/KullaniciIslemleri' located by 'By.cssSelector: .dropdown>a>img' in '10' second(s)

2021-11-18 11:29:58 - [MESSAGE][PASSED] - Object 'Object Repository/Kullanici_Islemleri/KullaniciIslemleri' is clickable

2021-11-18 11:29:58 - [TEST_STEP][PASSED] - click(findTestObject("Object Repository/Kullanici_Islemleri/KullaniciIslemleri")): Object: 'Object Repository/Kullanici_Islemleri/KullaniciIslemleri' is clicked on

2021-11-18 11:29:58 - [MESSAGE][INFO] - Finding Test Object 'Object Repository/Kullanici_Islemleri/KullaniciIslemleri'

2021-11-18 11:29:58 - [MESSAGE][INFO] - Checking object

2021-11-18 11:29:58 - [MESSAGE][INFO] - Finding web element from Test Object's properties

2021-11-18 11:29:58 - [MESSAGE][INFO] - Checking timeout

2021-11-18 11:29:58 - [MESSAGE][INFO] - Finding web element with id: 'Object Repository/Kullanici_Islemleri/KullaniciIslemleri' located by 'By.cssSelector: .dropdown>a>img' in '30' second(s)

2021-11-18 11:29:58 - [MESSAGE][INFO] - Smart Wait Function is triggered

2021-11-18 11:29:58 - [MESSAGE][INFO] - Found 1 web elements with id: 'Object Repository/Kullanici_Islemleri/KullaniciIslemleri' located by 'By.cssSelector: .dropdown>a>img' in '30' second(s)

2021-11-18 11:29:58 - [MESSAGE][INFO] - Clicking on object: 'Object Repository/Kullanici_Islemleri/KullaniciIslemleri'

2021-11-18 11:29:58 - [MESSAGE][PASSED] - Object: 'Object Repository/Kullanici_Islemleri/KullaniciIslemleri' is clicked on

2021-11-18 11:29:58 - [TEST_STEP][PASSED] - Method.TextDegerineEsitElementeTikla(findTestObject("Object Repository/Kullanici_Islemleri/Secenekler"), Islem): Method.TextDegerineEsitElementeTikla is PASSED

2021-11-18 11:29:58 - [MESSAGE][INFO] - Finding Test Object 'Object Repository/Kullanici_Islemleri/Secenekler'

2021-11-18 11:29:58 - [MESSAGE][INFO] - Checking timeout

2021-11-18 11:29:58 - [MESSAGE][INFO] - Finding web element with id: 'Object Repository/Kullanici_Islemleri/Secenekler' located by 'By.cssSelector: .nav.navbar-nav.navbar-right li a' in '10' second(s)

2021-11-18 11:29:58 - [MESSAGE][INFO] - Smart Wait Function is triggered

2021-11-18 11:29:58 - [MESSAGE][INFO] - Found 22 web elements with id: 'Object Repository/Kullanici_Islemleri/Secenekler' located by 'By.cssSelector: .nav.navbar-nav.navbar-right li a' in '10' second(s)

2021-11-18 11:30:00 - [MESSAGE][PASSED] - Method.TextDegerineEsitElementeTikla is PASSED

2021-11-18 11:30:00 - [TEST_STEP][PASSED] - verifyElementNotPresent(findTestObject("Object Repository/Kullanici_Islemleri/Secenekler"), 10): Web element with id: 'Object Repository/Kullanici_Islemleri/Secenekler' located by 'By.cssSelector: .nav.navbar-nav.navbar-right li a' is not present after '10' second(s)

2021-11-18 11:30:00 - [MESSAGE][INFO] - Finding Test Object 'Object Repository/Kullanici_Islemleri/Secenekler'

2021-11-18 11:30:00 - [MESSAGE][INFO] - Checking object

2021-11-18 11:30:00 - [MESSAGE][INFO] - Checking timeout

2021-11-18 11:30:00 - [MESSAGE][INFO] - Finding web element with id: 'Object Repository/Kullanici_Islemleri/Secenekler' located by 'By.cssSelector: .nav.navbar-nav.navbar-right li a' in '10' second(s)

2021-11-18 11:30:00 - [MESSAGE][INFO] - Smart Wait Function is triggered

2021-11-18 11:30:01 - [MESSAGE][PASSED] - Web element with id: 'Object Repository/Kullanici_Islemleri/Secenekler' located by 'By.cssSelector: .nav.navbar-nav.navbar-right li a' is not present after '10' second(s)

2021-11-18 11:30:01 - [MESSAGE][PASSED] - Call Test Case 'Test Cases/Kullanici_Islemleri/KullaniciIslemlerindenSecimYapilir' successfully

2021-11-18 11:30:01 - [TEST_CASE][PASSED] - Start Test Case : SCENARIO Irsaliye Yanitinin Gorselini Ac: SCENARIO Irsaliye Yanitinin Gorselini Ac

2021-11-18 11:30:01 - [TEST_STEP][PASSED] - Kullanıcı adı ELOGO6 ve Şifre 123456 olarak giriş yapılır: Kullanıcı adı ELOGO6 ve Şifre 123456 olarak giriş yapılır

2021-11-18 11:30:01 - [MESSAGE][PASSED] - Kullanıcı adı ELOGO6 ve Şifre 123456 olarak giriş yapılır

2021-11-18 11:30:01 - [TEST_STEP][PASSED] - Ana menüden e-İrsaliye seçilir: Ana menüden e-İrsaliye seçilir

2021-11-18 11:30:01 - [MESSAGE][PASSED] - Ana menüden e-İrsaliye seçilir

2021-11-18 11:30:01 - [TEST_STEP][PASSED] - Alt menü Giden Kutusu başlığı altındaki İrsaliye Yanıtları seçilir: Alt menü Giden Kutusu başlığı altındaki İrsaliye Yanıtları seçilir

2021-11-18 11:30:01 - [MESSAGE][PASSED] - Alt menü Giden Kutusu başlığı altındaki İrsaliye Yanıtları seçilir

2021-11-18 11:30:01 - [TEST_STEP][PASSED] - Filtrelerden Oluşturma Tarihi filtresine 01.01.2020 baslangic degerini yaz: Filtrelerden Oluşturma Tarihi filtresine 01.01.2020 baslangic degerini yaz

2021-11-18 11:30:01 - [MESSAGE][PASSED] - Filtrelerden Oluşturma Tarihi filtresine 01.01.2020 baslangic degerini yaz

2021-11-18 11:30:01 - [TEST_STEP][PASSED] - Filtrelerden Oluşturma Tarihi filtresine 31.12.2020 bitis degerini yaz: Filtrelerden Oluşturma Tarihi filtresine 31.12.2020 bitis degerini yaz

2021-11-18 11:30:01 - [MESSAGE][PASSED] - Filtrelerden Oluşturma Tarihi filtresine 31.12.2020 bitis degerini yaz

2021-11-18 11:30:01 - [TEST_STEP][PASSED] - Filtre butonlarından Listele seçilir: Filtre butonlarından Listele seçilir

2021-11-18 11:30:01 - [MESSAGE][PASSED] - Filtre butonlarından Listele seçilir

2021-11-18 11:30:01 - [TEST_STEP][PASSED] - Tabloda veri var mı kontrol edilir: Tabloda veri var mı kontrol edilir

2021-11-18 11:30:01 - [MESSAGE][PASSED] - Tabloda veri var mı kontrol edilir

2021-11-18 11:30:01 - [TEST_STEP][PASSED] - Tablodaki Logo Elektronik GIB Test isimli verinin İrsaliye Yanıtı adlı butonuna tıklanır: Tablodaki Logo Elektronik GIB Test isimli verinin İrsaliye Yanıtı adlı butonuna tıklanır

2021-11-18 11:30:01 - [MESSAGE][PASSED] - Tablodaki Logo Elektronik GIB Test isimli verinin İrsaliye Yanıtı adlı butonuna tıklanır

2021-11-18 11:30:01 - [TEST_STEP][PASSED] - Yeni açılan sekmeye geçilir: Yeni açılan sekmeye geçilir

2021-11-18 11:30:01 - [MESSAGE][PASSED] - Yeni açılan sekmeye geçilir

2021-11-18 11:30:01 - [TEST_STEP][PASSED] - Yeni sekme başlığında İRSALİYE YANITI var mı kontrol edilir: Yeni sekme başlığında İRSALİYE YANITI var mı kontrol edilir

2021-11-18 11:30:01 - [MESSAGE][PASSED] - Yeni sekme başlığında İRSALİYE YANITI var mı kontrol edilir

2021-11-18 11:30:01 - [TEST_STEP][PASSED] - Ana sekmeye geçilir: Ana sekmeye geçilir

2021-11-18 11:30:01 - [MESSAGE][PASSED] - Ana sekmeye geçilir

2021-11-18 11:30:01 - [TEST_STEP][PASSED] - Kullanıcı işlemlerinden Çıkış seçilir: Kullanıcı işlemlerinden Çıkış seçilir

2021-11-18 11:30:01 - [MESSAGE][PASSED] - Kullanıcı işlemlerinden Çıkış seçilir

2021-11-18 11:30:01 - [MESSAGE][PASSED] - Feature file: 'Include/features/e-Irsaliye/Giden Kutusu/Irsaliye Yanitlari/Gorseli Ac.feature' was passed

2021-11-18 11:30:01 - [TEST_STEP][PASSED] - Start listener action : sampleAfterTestSuite: Invoke 'com.kms.katalon.core.annotation.AfterTestCase' method: 'Listener.sampleAfterTestSuite(...)' completed.

2021-11-18 11:30:01 - [MESSAGE][INFO] - Starting invoke 'com.kms.katalon.core.annotation.AfterTestCase' method: 'Listener.sampleAfterTestSuite(...)'

2021-11-18 11:30:01 - [TEST_STEP][PASSED] - closeBrowser(): Invoke 'com.kms.katalon.core.annotation.AfterTestCase' method: 'Listener.sampleAfterTestSuite(...)' completed.

2021-11-18 11:30:01 - [MESSAGE][INFO] - Closing browser

2021-11-18 11:30:01 - [MESSAGE][PASSED] - Browser is closed

2021-11-18 11:30:01 - [MESSAGE][INFO] - Invoke 'com.kms.katalon.core.annotation.AfterTestCase' method: 'Listener.sampleAfterTestSuite(...)' completed.]]></system-out>
         <system-err><![CDATA[]]></system-err>
      </testcase>
      <testcase name="Test Cases/Case Repository/e-Irsaliye/Giden Kutusu/Irsaliye Yanitlari/Izleme Kayitlari" time="48.152" classname="Test Cases/Case Repository/e-Irsaliye/Giden Kutusu/Irsaliye Yanitlari/Izleme Kayitlari" status="PASSED">
         <system-out><![CDATA[2021-11-18 11:30:01 - [TEST_CASE][PASSED] - Test Cases/Case Repository/e-Irsaliye/Giden Kutusu/Irsaliye Yanitlari/Izleme Kayitlari: Test Cases/Case Repository/e-Irsaliye/Giden Kutusu/Irsaliye Yanitlari/Izleme Kayitlari

2021-11-18 11:30:01 - [TEST_STEP][PASSED] - Start listener action : sampleBeforeTestSuite: Invoke 'com.kms.katalon.core.annotation.BeforeTestCase' method: 'Listener.sampleBeforeTestSuite(...)' completed.

2021-11-18 11:30:01 - [MESSAGE][INFO] - Starting invoke 'com.kms.katalon.core.annotation.BeforeTestCase' method: 'Listener.sampleBeforeTestSuite(...)'

2021-11-18 11:30:01 - [TEST_STEP][PASSED] - openBrowser(baseUrl): Browser is opened with url: 'https://efatura-stage.elogo.com.tr/'

2021-11-18 11:30:01 - [MESSAGE][INFO] - Opening browser

2021-11-18 11:30:01 - [MESSAGE][INFO] - Starting 'Chrome' driver

2021-11-18 11:30:01 - [MESSAGE][INFO] - User set preference: ['prefs', '{download.default_directory=C:\otomasyondownfiles}']

2021-11-18 11:30:01 - [MESSAGE][INFO] - Action delay is set to 0 milliseconds

2021-11-18 11:30:03 - [MESSAGE][INFO] - Navigating browser to: 'https://efatura-stage.elogo.com.tr/'

2021-11-18 11:30:08 - [MESSAGE][PASSED] - Browser is opened with url: 'https://efatura-stage.elogo.com.tr/'

2021-11-18 11:30:08 - [TEST_STEP][PASSED] - maximizeWindow(): Invoke 'com.kms.katalon.core.annotation.BeforeTestCase' method: 'Listener.sampleBeforeTestSuite(...)' completed.

2021-11-18 11:30:08 - [MESSAGE][INFO] - Maximizing current window

2021-11-18 11:30:09 - [MESSAGE][PASSED] - Current window maximized

2021-11-18 11:30:09 - [MESSAGE][INFO] - Invoke 'com.kms.katalon.core.annotation.BeforeTestCase' method: 'Listener.sampleBeforeTestSuite(...)' completed.

2021-11-18 11:30:09 - [TEST_STEP][PASSED] - runFeatureFile("Include/features/e-Irsaliye/Giden Kutusu/Irsaliye Yanitlari/Izleme Kayitlari.feature"): Feature file: 'Include/features/e-Irsaliye/Giden Kutusu/Irsaliye Yanitlari/Izleme Kayitlari.feature' was passed

2021-11-18 11:30:09 - [MESSAGE][INFO] - Starting run keyword runFeatureFile: 'Include/features/e-Irsaliye/Giden Kutusu/Irsaliye Yanitlari/Izleme Kayitlari.feature' and extract report to folder: 'C:\Users\DELL\Documents\GitHub\EES_KatalonLogo\Reports\20211118_110909\Suite Repository\e-Irsaliye\20211118_110920/cucumber_report/1637224209476'...

2021-11-18 11:30:09 - [MESSAGE][INFO] - Glue: []

2021-11-18 11:30:10 - [MESSAGE][INFO] - Checking called Test Case

2021-11-18 11:30:10 - [MESSAGE][INFO] - Starting to call Test Case 'Test Cases/Sayfalar/Giris_Sayfasi/Login'

2021-11-18 11:30:10 - [TEST_CASE][PASSED] - Test Cases/Sayfalar/Giris_Sayfasi/Login: Test Cases/Sayfalar/Giris_Sayfasi/Login

2021-11-18 11:30:10 - [TEST_STEP][PASSED] - Sayfa_Basligi = getWindowTitle(): Current window's title is: 'LOGO e-Fatura'

2021-11-18 11:30:10 - [MESSAGE][INFO] - Getting current window's title

2021-11-18 11:30:10 - [MESSAGE][PASSED] - Current window's title is: 'LOGO e-Fatura'

2021-11-18 11:30:10 - [TEST_STEP][PASSED] - verifyMatch(Sayfa_Basligi, "LOGO e-Fatura", false): Actual text 'LOGO e-Fatura' and expected text 'LOGO e-Fatura' are matched 

2021-11-18 11:30:10 - [MESSAGE][INFO] - Matching actual text 'LOGO e-Fatura' with expected text 'LOGO e-Fatura'

2021-11-18 11:30:10 - [MESSAGE][PASSED] - Actual text 'LOGO e-Fatura' and expected text 'LOGO e-Fatura' are matched 

2021-11-18 11:30:10 - [TEST_STEP][PASSED] - sendKeys(findTestObject("Sayfalar/Giris_Sayfasi/Firma_Kodu"), KullaniciAdi): Keys 'ELOGO6' sent to object: 'Object Repository/Sayfalar/Giris_Sayfasi/Firma_Kodu'

2021-11-18 11:30:10 - [MESSAGE][INFO] - Finding Test Object 'Object Repository/Sayfalar/Giris_Sayfasi/Firma_Kodu'

2021-11-18 11:30:11 - [MESSAGE][INFO] - Sending keys 'ELOGO6' to object: 'Object Repository/Sayfalar/Giris_Sayfasi/Firma_Kodu'

2021-11-18 11:30:11 - [MESSAGE][INFO] - Finding web element from Test Object's properties

2021-11-18 11:30:11 - [MESSAGE][INFO] - Checking timeout

2021-11-18 11:30:11 - [MESSAGE][INFO] - Finding web element with id: 'Object Repository/Sayfalar/Giris_Sayfasi/Firma_Kodu' located by 'By.xpath: //*[@id = 'AccountName']' in '30' second(s)

2021-11-18 11:30:11 - [MESSAGE][INFO] - Smart Wait Function is triggered

2021-11-18 11:30:11 - [MESSAGE][INFO] - Found 1 web elements with id: 'Object Repository/Sayfalar/Giris_Sayfasi/Firma_Kodu' located by 'By.xpath: //*[@id = 'AccountName']' in '30' second(s)

2021-11-18 11:30:11 - [MESSAGE][PASSED] - Keys 'ELOGO6' sent to object: 'Object Repository/Sayfalar/Giris_Sayfasi/Firma_Kodu'

2021-11-18 11:30:11 - [TEST_STEP][PASSED] - sendKeys(findTestObject("Sayfalar/Giris_Sayfasi/Sifre"), Sifre): Keys '123456' sent to object: 'Object Repository/Sayfalar/Giris_Sayfasi/Sifre'

2021-11-18 11:30:11 - [MESSAGE][INFO] - Finding Test Object 'Object Repository/Sayfalar/Giris_Sayfasi/Sifre'

2021-11-18 11:30:11 - [MESSAGE][INFO] - Sending keys '123456' to object: 'Object Repository/Sayfalar/Giris_Sayfasi/Sifre'

2021-11-18 11:30:11 - [MESSAGE][INFO] - Finding web element from Test Object's properties

2021-11-18 11:30:11 - [MESSAGE][INFO] - Checking timeout

2021-11-18 11:30:11 - [MESSAGE][INFO] - Finding web element with id: 'Object Repository/Sayfalar/Giris_Sayfasi/Sifre' located by 'By.xpath: //*[@id = 'Password']' in '30' second(s)

2021-11-18 11:30:11 - [MESSAGE][INFO] - Smart Wait Function is triggered

2021-11-18 11:30:11 - [MESSAGE][INFO] - Found 1 web elements with id: 'Object Repository/Sayfalar/Giris_Sayfasi/Sifre' located by 'By.xpath: //*[@id = 'Password']' in '30' second(s)

2021-11-18 11:30:11 - [MESSAGE][PASSED] - Keys '123456' sent to object: 'Object Repository/Sayfalar/Giris_Sayfasi/Sifre'

2021-11-18 11:30:11 - [TEST_STEP][PASSED] - findWebElement(findTestObject("Sayfalar/Giris_Sayfasi/Giris_Butonu")).click(): Found 1 web elements with id: 'Object Repository/Sayfalar/Giris_Sayfasi/Giris_Butonu' located by 'By.cssSelector: #btnLogin' in '30' second(s)

2021-11-18 11:30:11 - [MESSAGE][INFO] - Finding Test Object 'Object Repository/Sayfalar/Giris_Sayfasi/Giris_Butonu'

2021-11-18 11:30:11 - [MESSAGE][INFO] - Finding web element from Test Object's properties

2021-11-18 11:30:11 - [MESSAGE][INFO] - Checking timeout

2021-11-18 11:30:11 - [MESSAGE][INFO] - Finding web element with id: 'Object Repository/Sayfalar/Giris_Sayfasi/Giris_Butonu' located by 'By.cssSelector: #btnLogin' in '30' second(s)

2021-11-18 11:30:11 - [MESSAGE][INFO] - Smart Wait Function is triggered

2021-11-18 11:30:12 - [MESSAGE][INFO] - Found 1 web elements with id: 'Object Repository/Sayfalar/Giris_Sayfasi/Giris_Butonu' located by 'By.cssSelector: #btnLogin' in '30' second(s)

2021-11-18 11:30:15 - [TEST_STEP][PASSED] - if (verifyElementPresent(findTestObject("Object Repository/Sayfalar/Giris_Sayfasi/RetveTamam_Butonu"), 5, OPTIONAL)): null

2021-11-18 11:30:15 - [MESSAGE][INFO] - Finding Test Object 'Object Repository/Sayfalar/Giris_Sayfasi/RetveTamam_Butonu'

2021-11-18 11:30:15 - [MESSAGE][INFO] - Checking object

2021-11-18 11:30:15 - [MESSAGE][INFO] - Finding web element from Test Object's properties

2021-11-18 11:30:15 - [MESSAGE][INFO] - Checking timeout

2021-11-18 11:30:15 - [MESSAGE][INFO] - Finding web element with id: 'Object Repository/Sayfalar/Giris_Sayfasi/RetveTamam_Butonu' located by 'By.xpath: //*[@class = 'btn btn-default']' in '5' second(s)

2021-11-18 11:30:15 - [MESSAGE][INFO] - Smart Wait Function is triggered

2021-11-18 11:30:15 - [MESSAGE][INFO] - Found 1 web elements with id: 'Object Repository/Sayfalar/Giris_Sayfasi/RetveTamam_Butonu' located by 'By.xpath: //*[@class = 'btn btn-default']' in '5' second(s)

2021-11-18 11:30:15 - [MESSAGE][PASSED] - Object 'Object Repository/Sayfalar/Giris_Sayfasi/RetveTamam_Butonu' is present

2021-11-18 11:30:15 - [TEST_STEP][PASSED] - click(findTestObject("Object Repository/Sayfalar/Giris_Sayfasi/RetveTamam_Butonu")): Object: 'Object Repository/Sayfalar/Giris_Sayfasi/RetveTamam_Butonu' is clicked on

2021-11-18 11:30:15 - [MESSAGE][INFO] - Finding Test Object 'Object Repository/Sayfalar/Giris_Sayfasi/RetveTamam_Butonu'

2021-11-18 11:30:15 - [MESSAGE][INFO] - Checking object

2021-11-18 11:30:15 - [MESSAGE][INFO] - Finding web element from Test Object's properties

2021-11-18 11:30:15 - [MESSAGE][INFO] - Checking timeout

2021-11-18 11:30:15 - [MESSAGE][INFO] - Finding web element with id: 'Object Repository/Sayfalar/Giris_Sayfasi/RetveTamam_Butonu' located by 'By.xpath: //*[@class = 'btn btn-default']' in '30' second(s)

2021-11-18 11:30:15 - [MESSAGE][INFO] - Smart Wait Function is triggered

2021-11-18 11:30:15 - [MESSAGE][INFO] - Found 1 web elements with id: 'Object Repository/Sayfalar/Giris_Sayfasi/RetveTamam_Butonu' located by 'By.xpath: //*[@class = 'btn btn-default']' in '30' second(s)

2021-11-18 11:30:15 - [MESSAGE][INFO] - Clicking on object: 'Object Repository/Sayfalar/Giris_Sayfasi/RetveTamam_Butonu'

2021-11-18 11:30:15 - [MESSAGE][PASSED] - Object: 'Object Repository/Sayfalar/Giris_Sayfasi/RetveTamam_Butonu' is clicked on

2021-11-18 11:30:15 - [TEST_STEP][PASSED] - click(findTestObject("Object Repository/Sayfalar/Giris_Sayfasi/RetveTamam_Butonu")): Object: 'Object Repository/Sayfalar/Giris_Sayfasi/RetveTamam_Butonu' is clicked on

2021-11-18 11:30:15 - [MESSAGE][INFO] - Finding Test Object 'Object Repository/Sayfalar/Giris_Sayfasi/RetveTamam_Butonu'

2021-11-18 11:30:16 - [MESSAGE][INFO] - Checking object

2021-11-18 11:30:16 - [MESSAGE][INFO] - Finding web element from Test Object's properties

2021-11-18 11:30:16 - [MESSAGE][INFO] - Checking timeout

2021-11-18 11:30:16 - [MESSAGE][INFO] - Finding web element with id: 'Object Repository/Sayfalar/Giris_Sayfasi/RetveTamam_Butonu' located by 'By.xpath: //*[@class = 'btn btn-default']' in '30' second(s)

2021-11-18 11:30:16 - [MESSAGE][INFO] - Smart Wait Function is triggered

2021-11-18 11:30:21 - [MESSAGE][INFO] - Found 1 web elements with id: 'Object Repository/Sayfalar/Giris_Sayfasi/RetveTamam_Butonu' located by 'By.xpath: //*[@class = 'btn btn-default']' in '30' second(s)

2021-11-18 11:30:21 - [MESSAGE][INFO] - Clicking on object: 'Object Repository/Sayfalar/Giris_Sayfasi/RetveTamam_Butonu'

2021-11-18 11:30:21 - [MESSAGE][PASSED] - Object: 'Object Repository/Sayfalar/Giris_Sayfasi/RetveTamam_Butonu' is clicked on

2021-11-18 11:30:21 - [TEST_STEP][PASSED] - if (verifyElementPresent(findTestObject("Sayfalar/Giris_Sayfasi/PopupOK"), 5, OPTIONAL)): null

2021-11-18 11:30:21 - [MESSAGE][INFO] - Finding Test Object 'Object Repository/Sayfalar/Giris_Sayfasi/PopupOK'

2021-11-18 11:30:21 - [MESSAGE][INFO] - Checking object

2021-11-18 11:30:21 - [MESSAGE][INFO] - Finding web element from Test Object's properties

2021-11-18 11:30:21 - [MESSAGE][INFO] - Checking timeout

2021-11-18 11:30:21 - [MESSAGE][INFO] - Finding web element with id: 'Object Repository/Sayfalar/Giris_Sayfasi/PopupOK' located by 'By.cssSelector: .btn.btn-success' in '5' second(s)

2021-11-18 11:30:21 - [MESSAGE][INFO] - Smart Wait Function is triggered

2021-11-18 11:30:22 - [MESSAGE][INFO] - Found 1 web elements with id: 'Object Repository/Sayfalar/Giris_Sayfasi/PopupOK' located by 'By.cssSelector: .btn.btn-success' in '5' second(s)

2021-11-18 11:30:22 - [MESSAGE][PASSED] - Object 'Object Repository/Sayfalar/Giris_Sayfasi/PopupOK' is present

2021-11-18 11:30:22 - [TEST_STEP][PASSED] - click(findTestObject("Object Repository/Sayfalar/Giris_Sayfasi/PopupCarpiGiris")): Object: 'Object Repository/Sayfalar/Giris_Sayfasi/PopupCarpiGiris' is clicked on

2021-11-18 11:30:22 - [MESSAGE][INFO] - Finding Test Object 'Object Repository/Sayfalar/Giris_Sayfasi/PopupCarpiGiris'

2021-11-18 11:30:22 - [MESSAGE][INFO] - Checking object

2021-11-18 11:30:22 - [MESSAGE][INFO] - Finding web element from Test Object's properties

2021-11-18 11:30:22 - [MESSAGE][INFO] - Checking timeout

2021-11-18 11:30:22 - [MESSAGE][INFO] - Finding web element with id: 'Object Repository/Sayfalar/Giris_Sayfasi/PopupCarpiGiris' located by 'By.cssSelector: .bootbox-close-button.close' in '30' second(s)

2021-11-18 11:30:22 - [MESSAGE][INFO] - Smart Wait Function is triggered

2021-11-18 11:30:22 - [MESSAGE][INFO] - Found 1 web elements with id: 'Object Repository/Sayfalar/Giris_Sayfasi/PopupCarpiGiris' located by 'By.cssSelector: .bootbox-close-button.close' in '30' second(s)

2021-11-18 11:30:22 - [MESSAGE][INFO] - Clicking on object: 'Object Repository/Sayfalar/Giris_Sayfasi/PopupCarpiGiris'

2021-11-18 11:30:22 - [MESSAGE][PASSED] - Object: 'Object Repository/Sayfalar/Giris_Sayfasi/PopupCarpiGiris' is clicked on

2021-11-18 11:30:22 - [TEST_STEP][PASSED] - verifyElementVisible(findTestObject("Object Repository/Kullanici_Islemleri/KullaniciIslemleri")): Object 'Object Repository/Kullanici_Islemleri/KullaniciIslemleri' is visible

2021-11-18 11:30:22 - [MESSAGE][INFO] - Finding Test Object 'Object Repository/Kullanici_Islemleri/KullaniciIslemleri'

2021-11-18 11:30:22 - [MESSAGE][INFO] - Checking object

2021-11-18 11:30:22 - [MESSAGE][INFO] - Finding web element from Test Object's properties

2021-11-18 11:30:22 - [MESSAGE][INFO] - Checking timeout

2021-11-18 11:30:22 - [MESSAGE][INFO] - Finding web element with id: 'Object Repository/Kullanici_Islemleri/KullaniciIslemleri' located by 'By.cssSelector: .dropdown>a>img' in '30' second(s)

2021-11-18 11:30:22 - [MESSAGE][INFO] - Smart Wait Function is triggered

2021-11-18 11:30:23 - [MESSAGE][INFO] - Found 1 web elements with id: 'Object Repository/Kullanici_Islemleri/KullaniciIslemleri' located by 'By.cssSelector: .dropdown>a>img' in '30' second(s)

2021-11-18 11:30:23 - [MESSAGE][PASSED] - Object 'Object Repository/Kullanici_Islemleri/KullaniciIslemleri' is visible

2021-11-18 11:30:23 - [MESSAGE][PASSED] - Call Test Case 'Test Cases/Sayfalar/Giris_Sayfasi/Login' successfully

2021-11-18 11:30:23 - [MESSAGE][INFO] - Checking called Test Case

2021-11-18 11:30:23 - [MESSAGE][INFO] - Starting to call Test Case 'Test Cases/Menu/AnaMenuSecimi'

2021-11-18 11:30:23 - [TEST_CASE][PASSED] - Test Cases/Menu/AnaMenuSecimi: Test Cases/Menu/AnaMenuSecimi

2021-11-18 11:30:23 - [TEST_STEP][PASSED] - Method.TextDegerineEsitElementeTikla(findTestObject("Menu/Ana_Menu"), Ana_Menu): Method.TextDegerineEsitElementeTikla is PASSED

2021-11-18 11:30:23 - [MESSAGE][INFO] - Finding Test Object 'Object Repository/Menu/Ana_Menu'

2021-11-18 11:30:23 - [MESSAGE][INFO] - Checking timeout

2021-11-18 11:30:23 - [MESSAGE][INFO] - Finding web element with id: 'Object Repository/Menu/Ana_Menu' located by 'By.xpath: //*[@class = 'dropdown-toggle']' in '10' second(s)

2021-11-18 11:30:23 - [MESSAGE][INFO] - Smart Wait Function is triggered

2021-11-18 11:30:24 - [MESSAGE][INFO] - Found 14 web elements with id: 'Object Repository/Menu/Ana_Menu' located by 'By.xpath: //*[@class = 'dropdown-toggle']' in '10' second(s)

2021-11-18 11:30:24 - [MESSAGE][PASSED] - Method.TextDegerineEsitElementeTikla is PASSED

2021-11-18 11:30:24 - [MESSAGE][PASSED] - Call Test Case 'Test Cases/Menu/AnaMenuSecimi' successfully

2021-11-18 11:30:24 - [MESSAGE][INFO] - Checking called Test Case

2021-11-18 11:30:24 - [MESSAGE][INFO] - Starting to call Test Case 'Test Cases/Menu/BasligaGoreAltMenuSecimi'

2021-11-18 11:30:24 - [TEST_CASE][PASSED] - Test Cases/Menu/BasligaGoreAltMenuSecimi: Test Cases/Menu/BasligaGoreAltMenuSecimi

2021-11-18 11:30:24 - [TEST_STEP][PASSED] - Method.TextDegerineEsitElementinAltindakiTextDegerineEsitOlanaTikla(findTestObject("Menu/Menu_Basligi"), findTestObject("Menu/Basliga_Gore_Alt_Menu"), Baslik, Alt_Menu): Method.TextDegerineEsitElementinAltindakiTextDegerineEsitOlanaTikla is PASSED

2021-11-18 11:30:24 - [MESSAGE][INFO] - Finding Test Object 'Object Repository/Menu/Menu_Basligi'

2021-11-18 11:30:24 - [MESSAGE][INFO] - Finding Test Object 'Object Repository/Menu/Basliga_Gore_Alt_Menu'

2021-11-18 11:30:24 - [MESSAGE][INFO] - Checking timeout

2021-11-18 11:30:24 - [MESSAGE][INFO] - Finding web element with id: 'Object Repository/Menu/Menu_Basligi' located by 'By.xpath: //li[@class='dropdown dropdown-large open']//li[@class='dropdown-header']' in '10' second(s)

2021-11-18 11:30:24 - [MESSAGE][INFO] - Smart Wait Function is triggered

2021-11-18 11:30:24 - [MESSAGE][INFO] - Found 3 web elements with id: 'Object Repository/Menu/Menu_Basligi' located by 'By.xpath: //li[@class='dropdown dropdown-large open']//li[@class='dropdown-header']' in '10' second(s)

2021-11-18 11:30:24 - [MESSAGE][INFO] - Smart Wait Function is triggered

2021-11-18 11:30:27 - [MESSAGE][PASSED] - Method.TextDegerineEsitElementinAltindakiTextDegerineEsitOlanaTikla is PASSED

2021-11-18 11:30:27 - [MESSAGE][PASSED] - Call Test Case 'Test Cases/Menu/BasligaGoreAltMenuSecimi' successfully

2021-11-18 11:30:27 - [MESSAGE][INFO] - Checking called Test Case

2021-11-18 11:30:27 - [MESSAGE][INFO] - Starting to call Test Case 'Test Cases/Filtreler/BaslangicYaz'

2021-11-18 11:30:27 - [TEST_CASE][PASSED] - Test Cases/Filtreler/BaslangicYaz: Test Cases/Filtreler/BaslangicYaz

2021-11-18 11:30:27 - [TEST_STEP][PASSED] - delay(3): Delayed 3 second(s)

2021-11-18 11:30:27 - [MESSAGE][INFO] - Delaying browser in 3 second(s)

2021-11-18 11:30:30 - [MESSAGE][PASSED] - Delayed 3 second(s)

2021-11-18 11:30:30 - [TEST_STEP][PASSED] - Method.TextDegerineEsitElementinAltindakineTikla(findTestObject("Filtreler/Basliklar"), findTestObject("Filtreler/Basliga_Gore_Baslangic_Image"), Filtre_Adi): Method.TextDegerineEsitElementinAltindakineTikla is PASSED

2021-11-18 11:30:30 - [MESSAGE][INFO] - Finding Test Object 'Object Repository/Filtreler/Basliklar'

2021-11-18 11:30:30 - [MESSAGE][INFO] - Finding Test Object 'Object Repository/Filtreler/Basliga_Gore_Baslangic_Image'

2021-11-18 11:30:30 - [MESSAGE][INFO] - Checking timeout

2021-11-18 11:30:30 - [MESSAGE][INFO] - Finding web element with id: 'Object Repository/Filtreler/Basliklar' located by 'By.cssSelector: .control-label.col-sm-4.paddingMarginRLC' in '10' second(s)

2021-11-18 11:30:30 - [MESSAGE][INFO] - Smart Wait Function is triggered

2021-11-18 11:30:31 - [MESSAGE][INFO] - Found 13 web elements with id: 'Object Repository/Filtreler/Basliklar' located by 'By.cssSelector: .control-label.col-sm-4.paddingMarginRLC' in '10' second(s)

2021-11-18 11:30:31 - [MESSAGE][INFO] - Smart Wait Function is triggered

2021-11-18 11:30:31 - [MESSAGE][PASSED] - Method.TextDegerineEsitElementinAltindakineTikla is PASSED

2021-11-18 11:30:31 - [TEST_STEP][PASSED] - Method.TextDegerineEsitElementinAltindakiTextboxtaYaz(findTestObject("Filtreler/Basliklar"), findTestObject("Filtreler/Basliga_Gore_Baslangic"), Filtre_Adi, Filtre_Degeri): Method.TextDegerineEsitElementinAltindakiTextboxtaYaz is PASSED

2021-11-18 11:30:31 - [MESSAGE][INFO] - Finding Test Object 'Object Repository/Filtreler/Basliklar'

2021-11-18 11:30:31 - [MESSAGE][INFO] - Finding Test Object 'Object Repository/Filtreler/Basliga_Gore_Baslangic'

2021-11-18 11:30:31 - [MESSAGE][INFO] - Checking timeout

2021-11-18 11:30:31 - [MESSAGE][INFO] - Finding web element with id: 'Object Repository/Filtreler/Basliklar' located by 'By.cssSelector: .control-label.col-sm-4.paddingMarginRLC' in '10' second(s)

2021-11-18 11:30:31 - [MESSAGE][INFO] - Smart Wait Function is triggered

2021-11-18 11:30:32 - [MESSAGE][INFO] - Found 13 web elements with id: 'Object Repository/Filtreler/Basliklar' located by 'By.cssSelector: .control-label.col-sm-4.paddingMarginRLC' in '10' second(s)

2021-11-18 11:30:32 - [MESSAGE][INFO] - Smart Wait Function is triggered

2021-11-18 11:30:32 - [MESSAGE][PASSED] - Method.TextDegerineEsitElementinAltindakiTextboxtaYaz is PASSED

2021-11-18 11:30:32 - [MESSAGE][PASSED] - Call Test Case 'Test Cases/Filtreler/BaslangicYaz' successfully

2021-11-18 11:30:32 - [MESSAGE][INFO] - Checking called Test Case

2021-11-18 11:30:32 - [MESSAGE][INFO] - Starting to call Test Case 'Test Cases/Filtreler/BitisYaz'

2021-11-18 11:30:32 - [TEST_CASE][PASSED] - Test Cases/Filtreler/BitisYaz: Test Cases/Filtreler/BitisYaz

2021-11-18 11:30:32 - [TEST_STEP][PASSED] - Method.TextDegerineEsitElementinAltindakineTikla(findTestObject("Filtreler/Basliklar"), findTestObject("Filtreler/Basliga_Gore_Bitis_Image"), Filtre_Adi): Method.TextDegerineEsitElementinAltindakineTikla is PASSED

2021-11-18 11:30:32 - [MESSAGE][INFO] - Finding Test Object 'Object Repository/Filtreler/Basliklar'

2021-11-18 11:30:32 - [MESSAGE][INFO] - Finding Test Object 'Object Repository/Filtreler/Basliga_Gore_Bitis_Image'

2021-11-18 11:30:32 - [MESSAGE][INFO] - Checking timeout

2021-11-18 11:30:32 - [MESSAGE][INFO] - Finding web element with id: 'Object Repository/Filtreler/Basliklar' located by 'By.cssSelector: .control-label.col-sm-4.paddingMarginRLC' in '10' second(s)

2021-11-18 11:30:32 - [MESSAGE][INFO] - Smart Wait Function is triggered

2021-11-18 11:30:33 - [MESSAGE][INFO] - Found 13 web elements with id: 'Object Repository/Filtreler/Basliklar' located by 'By.cssSelector: .control-label.col-sm-4.paddingMarginRLC' in '10' second(s)

2021-11-18 11:30:33 - [MESSAGE][INFO] - Smart Wait Function is triggered

2021-11-18 11:30:33 - [MESSAGE][PASSED] - Method.TextDegerineEsitElementinAltindakineTikla is PASSED

2021-11-18 11:30:33 - [TEST_STEP][PASSED] - Method.TextDegerineEsitElementinAltindakiTextboxtaYaz(findTestObject("Filtreler/Basliklar"), findTestObject("Object Repository/Filtreler/Basliga_Gore_Bitis"), Filtre_Adi, Filtre_Degeri): Method.TextDegerineEsitElementinAltindakiTextboxtaYaz is PASSED

2021-11-18 11:30:33 - [MESSAGE][INFO] - Finding Test Object 'Object Repository/Filtreler/Basliklar'

2021-11-18 11:30:33 - [MESSAGE][INFO] - Finding Test Object 'Object Repository/Filtreler/Basliga_Gore_Bitis'

2021-11-18 11:30:33 - [MESSAGE][INFO] - Checking timeout

2021-11-18 11:30:33 - [MESSAGE][INFO] - Finding web element with id: 'Object Repository/Filtreler/Basliklar' located by 'By.cssSelector: .control-label.col-sm-4.paddingMarginRLC' in '10' second(s)

2021-11-18 11:30:33 - [MESSAGE][INFO] - Smart Wait Function is triggered

2021-11-18 11:30:33 - [MESSAGE][INFO] - Found 13 web elements with id: 'Object Repository/Filtreler/Basliklar' located by 'By.cssSelector: .control-label.col-sm-4.paddingMarginRLC' in '10' second(s)

2021-11-18 11:30:33 - [MESSAGE][INFO] - Smart Wait Function is triggered

2021-11-18 11:30:34 - [MESSAGE][PASSED] - Method.TextDegerineEsitElementinAltindakiTextboxtaYaz is PASSED

2021-11-18 11:30:34 - [MESSAGE][PASSED] - Call Test Case 'Test Cases/Filtreler/BitisYaz' successfully

2021-11-18 11:30:34 - [MESSAGE][INFO] - Checking called Test Case

2021-11-18 11:30:34 - [MESSAGE][INFO] - Starting to call Test Case 'Test Cases/Filtreler/ButonaTikla'

2021-11-18 11:30:34 - [TEST_CASE][PASSED] - Test Cases/Filtreler/ButonaTikla: Test Cases/Filtreler/ButonaTikla

2021-11-18 11:30:34 - [TEST_STEP][PASSED] - Method.TextDegerineEsitElementeTikla(findTestObject("Filtreler/Butonlar"), Filtre_Buton): Method.TextDegerineEsitElementeTikla is PASSED

2021-11-18 11:30:34 - [MESSAGE][INFO] - Finding Test Object 'Object Repository/Filtreler/Butonlar'

2021-11-18 11:30:34 - [MESSAGE][INFO] - Checking timeout

2021-11-18 11:30:34 - [MESSAGE][INFO] - Finding web element with id: 'Object Repository/Filtreler/Butonlar' located by 'By.cssSelector: .dxb>span' in '10' second(s)

2021-11-18 11:30:34 - [MESSAGE][INFO] - Smart Wait Function is triggered

2021-11-18 11:30:34 - [MESSAGE][INFO] - Found 3 web elements with id: 'Object Repository/Filtreler/Butonlar' located by 'By.cssSelector: .dxb>span' in '10' second(s)

2021-11-18 11:30:34 - [MESSAGE][PASSED] - Method.TextDegerineEsitElementeTikla is PASSED

2021-11-18 11:30:34 - [MESSAGE][PASSED] - Call Test Case 'Test Cases/Filtreler/ButonaTikla' successfully

2021-11-18 11:30:34 - [MESSAGE][INFO] - Checking called Test Case

2021-11-18 11:30:34 - [MESSAGE][INFO] - Starting to call Test Case 'Test Cases/Tablo/TablodaVeriVarMi'

2021-11-18 11:30:35 - [TEST_CASE][PASSED] - Test Cases/Tablo/TablodaVeriVarMi: Test Cases/Tablo/TablodaVeriVarMi

2021-11-18 11:30:35 - [TEST_STEP][PASSED] - verifyTextNotPresent("Görüntülenecek veri yok", true): Text 'Görüntülenecek veri yok' is not present on page using regular expression

2021-11-18 11:30:35 - [MESSAGE][INFO] - Checking text present  using regular expression

2021-11-18 11:30:35 - [MESSAGE][INFO] - Smart Wait Function is triggered

2021-11-18 11:30:35 - [MESSAGE][INFO] - Finding text 'Görüntülenecek veri yok' on page  using regular expression

2021-11-18 11:30:35 - [MESSAGE][PASSED] - Text 'Görüntülenecek veri yok' is not present on page using regular expression

2021-11-18 11:30:35 - [MESSAGE][PASSED] - Call Test Case 'Test Cases/Tablo/TablodaVeriVarMi' successfully

2021-11-18 11:30:35 - [MESSAGE][INFO] - Checking called Test Case

2021-11-18 11:30:35 - [MESSAGE][INFO] - Starting to call Test Case 'Test Cases/Tablo/TablodanVeriSec'

2021-11-18 11:30:35 - [TEST_CASE][PASSED] - Test Cases/Tablo/TablodanVeriSec: Test Cases/Tablo/TablodanVeriSec

2021-11-18 11:30:36 - [TEST_STEP][PASSED] - Method.TextDegerineEsitElementinAltindakineTikla(findTestObject("Tablo/Veriler"), findTestObject("Tablo/VerininCheckBoxi"), Veri_Adi): Method.TextDegerineEsitElementinAltindakineTikla is PASSED

2021-11-18 11:30:36 - [MESSAGE][INFO] - Finding Test Object 'Object Repository/Tablo/Veriler'

2021-11-18 11:30:36 - [MESSAGE][INFO] - Finding Test Object 'Object Repository/Tablo/VerininCheckBoxi'

2021-11-18 11:30:36 - [MESSAGE][INFO] - Checking timeout

2021-11-18 11:30:36 - [MESSAGE][INFO] - Finding web element with id: 'Object Repository/Tablo/Veriler' located by 'By.cssSelector: td.dxgv b ,td.dxgv' in '10' second(s)

2021-11-18 11:30:36 - [MESSAGE][INFO] - Smart Wait Function is triggered

2021-11-18 11:30:36 - [MESSAGE][INFO] - Found 90 web elements with id: 'Object Repository/Tablo/Veriler' located by 'By.cssSelector: td.dxgv b ,td.dxgv' in '10' second(s)

2021-11-18 11:30:36 - [MESSAGE][INFO] - Smart Wait Function is triggered

2021-11-18 11:30:36 - [MESSAGE][PASSED] - Method.TextDegerineEsitElementinAltindakineTikla is PASSED

2021-11-18 11:30:36 - [MESSAGE][PASSED] - Call Test Case 'Test Cases/Tablo/TablodanVeriSec' successfully

2021-11-18 11:30:36 - [MESSAGE][INFO] - Checking called Test Case

2021-11-18 11:30:36 - [MESSAGE][INFO] - Starting to call Test Case 'Test Cases/Butonlar/ButonaTikla'

2021-11-18 11:30:36 - [TEST_CASE][PASSED] - Test Cases/Butonlar/ButonaTikla: Test Cases/Butonlar/ButonaTikla

2021-11-18 11:30:36 - [TEST_STEP][PASSED] - Method.TextDegerineEsitElementeTiklaEquals(findTestObject("Butonlar/Butonlar"), Buton_Adi): Method.TextDegerineEsitElementeTiklaEquals is PASSED

2021-11-18 11:30:36 - [MESSAGE][INFO] - Finding Test Object 'Object Repository/Butonlar/Butonlar'

2021-11-18 11:30:37 - [MESSAGE][INFO] - Checking timeout

2021-11-18 11:30:37 - [MESSAGE][INFO] - Finding web element with id: 'Object Repository/Butonlar/Butonlar' located by 'By.cssSelector: .panel.panel-default.text-center.footerPanel .btn,.btn.btn-primary.btnControls' in '10' second(s)

2021-11-18 11:30:37 - [MESSAGE][INFO] - Smart Wait Function is triggered

2021-11-18 11:30:37 - [MESSAGE][INFO] - Found 6 web elements with id: 'Object Repository/Butonlar/Butonlar' located by 'By.cssSelector: .panel.panel-default.text-center.footerPanel .btn,.btn.btn-primary.btnControls' in '10' second(s)

2021-11-18 11:30:37 - [MESSAGE][PASSED] - Method.TextDegerineEsitElementeTiklaEquals is PASSED

2021-11-18 11:30:37 - [MESSAGE][PASSED] - Call Test Case 'Test Cases/Butonlar/ButonaTikla' successfully

2021-11-18 11:30:37 - [MESSAGE][INFO] - Checking called Test Case

2021-11-18 11:30:37 - [MESSAGE][INFO] - Starting to call Test Case 'Test Cases/Sekmeler/YeniSekmeyeGec'

2021-11-18 11:30:37 - [TEST_CASE][PASSED] - Test Cases/Sekmeler/YeniSekmeyeGec: Test Cases/Sekmeler/YeniSekmeyeGec

2021-11-18 11:30:37 - [TEST_STEP][PASSED] - switchToWindowIndex(1): Switched to window with index: '1'

2021-11-18 11:30:37 - [MESSAGE][INFO] - Checking index

2021-11-18 11:30:37 - [MESSAGE][INFO] - Switching window with index: '1'

2021-11-18 11:30:37 - [MESSAGE][PASSED] - Switched to window with index: '1'

2021-11-18 11:30:37 - [MESSAGE][PASSED] - Call Test Case 'Test Cases/Sekmeler/YeniSekmeyeGec' successfully

2021-11-18 11:30:37 - [MESSAGE][INFO] - Checking called Test Case

2021-11-18 11:30:37 - [MESSAGE][INFO] - Starting to call Test Case 'Test Cases/Sekmeler/GecmisGeldiMi'

2021-11-18 11:30:37 - [TEST_CASE][PASSED] - Test Cases/Sekmeler/GecmisGeldiMi: Test Cases/Sekmeler/GecmisGeldiMi

2021-11-18 11:30:37 - [TEST_STEP][PASSED] - waitForElementVisible(findTestObject("Object Repository/Sekmeler/GecmisBaslik"), 10): Object 'Object Repository/Sekmeler/GecmisBaslik' is visible

2021-11-18 11:30:37 - [MESSAGE][INFO] - Finding Test Object 'Object Repository/Sekmeler/GecmisBaslik'

2021-11-18 11:30:37 - [MESSAGE][INFO] - Checking object

2021-11-18 11:30:37 - [MESSAGE][INFO] - Checking timeout

2021-11-18 11:30:37 - [MESSAGE][INFO] - Finding web element from Test Object's properties

2021-11-18 11:30:37 - [MESSAGE][INFO] - Checking timeout

2021-11-18 11:30:37 - [MESSAGE][INFO] - Finding web element with id: 'Object Repository/Sekmeler/GecmisBaslik' located by 'By.cssSelector: .dxnb-ghtext.dx-vam' in '10' second(s)

2021-11-18 11:30:37 - [MESSAGE][INFO] - Smart Wait Function is triggered

2021-11-18 11:30:45 - [MESSAGE][INFO] - Found 1 web elements with id: 'Object Repository/Sekmeler/GecmisBaslik' located by 'By.cssSelector: .dxnb-ghtext.dx-vam' in '10' second(s)

2021-11-18 11:30:45 - [MESSAGE][PASSED] - Object 'Object Repository/Sekmeler/GecmisBaslik' is visible

2021-11-18 11:30:45 - [TEST_STEP][PASSED] - if (!(getText(findTestObject("Object Repository/Sekmeler/GecmisBaslik")).contains(Baslik))): Text of object 'Object Repository/Sekmeler/GecmisBaslik' is: 'İrsaliye Yanıtları İzleme Kayıtları - 1891'

2021-11-18 11:30:45 - [MESSAGE][INFO] - Finding Test Object 'Object Repository/Sekmeler/GecmisBaslik'

2021-11-18 11:30:45 - [MESSAGE][INFO] - Checking object

2021-11-18 11:30:45 - [MESSAGE][INFO] - Finding web element from Test Object's properties

2021-11-18 11:30:45 - [MESSAGE][INFO] - Checking timeout

2021-11-18 11:30:45 - [MESSAGE][INFO] - Finding web element with id: 'Object Repository/Sekmeler/GecmisBaslik' located by 'By.cssSelector: .dxnb-ghtext.dx-vam' in '30' second(s)

2021-11-18 11:30:45 - [MESSAGE][INFO] - Smart Wait Function is triggered

2021-11-18 11:30:45 - [MESSAGE][INFO] - Found 1 web elements with id: 'Object Repository/Sekmeler/GecmisBaslik' located by 'By.cssSelector: .dxnb-ghtext.dx-vam' in '30' second(s)

2021-11-18 11:30:45 - [MESSAGE][INFO] - Getting text of object 'Object Repository/Sekmeler/GecmisBaslik'

2021-11-18 11:30:45 - [MESSAGE][PASSED] - Text of object 'Object Repository/Sekmeler/GecmisBaslik' is: 'İrsaliye Yanıtları İzleme Kayıtları - 1891'

2021-11-18 11:30:45 - [MESSAGE][PASSED] - Call Test Case 'Test Cases/Sekmeler/GecmisGeldiMi' successfully

2021-11-18 11:30:45 - [MESSAGE][INFO] - Checking called Test Case

2021-11-18 11:30:45 - [MESSAGE][INFO] - Starting to call Test Case 'Test Cases/Sekmeler/Ana_Sekmeye_Gec'

2021-11-18 11:30:45 - [TEST_CASE][PASSED] - Test Cases/Sekmeler/Ana_Sekmeye_Gec: Test Cases/Sekmeler/Ana_Sekmeye_Gec

2021-11-18 11:30:45 - [TEST_STEP][PASSED] - try: Window with index 1 is closed

2021-11-18 11:30:45 - [TEST_STEP][PASSED] - index = getWindowIndex(): Current window's index is: 1

2021-11-18 11:30:45 - [MESSAGE][INFO] - Getting current window's index

2021-11-18 11:30:45 - [MESSAGE][PASSED] - Current window's index is: 1

2021-11-18 11:30:45 - [TEST_STEP][PASSED] - closeWindowIndex(index): Window with index 1 is closed

2021-11-18 11:30:45 - [MESSAGE][INFO] - Checking index

2021-11-18 11:30:45 - [MESSAGE][INFO] - Closing window with index 1

2021-11-18 11:30:45 - [MESSAGE][PASSED] - Window with index 1 is closed

2021-11-18 11:30:45 - [TEST_STEP][PASSED] - switchToWindowIndex(0): Switched to window with index: '0'

2021-11-18 11:30:45 - [MESSAGE][INFO] - Checking index

2021-11-18 11:30:45 - [MESSAGE][INFO] - Switching window with index: '0'

2021-11-18 11:30:46 - [MESSAGE][PASSED] - Switched to window with index: '0'

2021-11-18 11:30:46 - [MESSAGE][PASSED] - Call Test Case 'Test Cases/Sekmeler/Ana_Sekmeye_Gec' successfully

2021-11-18 11:30:46 - [MESSAGE][INFO] - Checking called Test Case

2021-11-18 11:30:46 - [MESSAGE][INFO] - Starting to call Test Case 'Test Cases/Kullanici_Islemleri/KullaniciIslemlerindenSecimYapilir'

2021-11-18 11:30:46 - [TEST_CASE][PASSED] - Test Cases/Kullanici_Islemleri/KullaniciIslemlerindenSecimYapilir: Test Cases/Kullanici_Islemleri/KullaniciIslemlerindenSecimYapilir

2021-11-18 11:30:46 - [TEST_STEP][PASSED] - waitForElementClickable(findTestObject("Object Repository/Kullanici_Islemleri/KullaniciIslemleri"), 10): Object 'Object Repository/Kullanici_Islemleri/KullaniciIslemleri' is clickable

2021-11-18 11:30:46 - [MESSAGE][INFO] - Finding Test Object 'Object Repository/Kullanici_Islemleri/KullaniciIslemleri'

2021-11-18 11:30:46 - [MESSAGE][INFO] - Checking object

2021-11-18 11:30:46 - [MESSAGE][INFO] - Checking timeout

2021-11-18 11:30:46 - [MESSAGE][INFO] - Finding web element from Test Object's properties

2021-11-18 11:30:46 - [MESSAGE][INFO] - Checking timeout

2021-11-18 11:30:46 - [MESSAGE][INFO] - Finding web element with id: 'Object Repository/Kullanici_Islemleri/KullaniciIslemleri' located by 'By.cssSelector: .dropdown>a>img' in '10' second(s)

2021-11-18 11:30:46 - [MESSAGE][INFO] - Smart Wait Function is triggered

2021-11-18 11:30:46 - [MESSAGE][INFO] - Found 1 web elements with id: 'Object Repository/Kullanici_Islemleri/KullaniciIslemleri' located by 'By.cssSelector: .dropdown>a>img' in '10' second(s)

2021-11-18 11:30:46 - [MESSAGE][PASSED] - Object 'Object Repository/Kullanici_Islemleri/KullaniciIslemleri' is clickable

2021-11-18 11:30:46 - [TEST_STEP][PASSED] - click(findTestObject("Object Repository/Kullanici_Islemleri/KullaniciIslemleri")): Object: 'Object Repository/Kullanici_Islemleri/KullaniciIslemleri' is clicked on

2021-11-18 11:30:46 - [MESSAGE][INFO] - Finding Test Object 'Object Repository/Kullanici_Islemleri/KullaniciIslemleri'

2021-11-18 11:30:46 - [MESSAGE][INFO] - Checking object

2021-11-18 11:30:46 - [MESSAGE][INFO] - Finding web element from Test Object's properties

2021-11-18 11:30:46 - [MESSAGE][INFO] - Checking timeout

2021-11-18 11:30:46 - [MESSAGE][INFO] - Finding web element with id: 'Object Repository/Kullanici_Islemleri/KullaniciIslemleri' located by 'By.cssSelector: .dropdown>a>img' in '30' second(s)

2021-11-18 11:30:46 - [MESSAGE][INFO] - Smart Wait Function is triggered

2021-11-18 11:30:46 - [MESSAGE][INFO] - Found 1 web elements with id: 'Object Repository/Kullanici_Islemleri/KullaniciIslemleri' located by 'By.cssSelector: .dropdown>a>img' in '30' second(s)

2021-11-18 11:30:46 - [MESSAGE][INFO] - Clicking on object: 'Object Repository/Kullanici_Islemleri/KullaniciIslemleri'

2021-11-18 11:30:46 - [MESSAGE][PASSED] - Object: 'Object Repository/Kullanici_Islemleri/KullaniciIslemleri' is clicked on

2021-11-18 11:30:46 - [TEST_STEP][PASSED] - Method.TextDegerineEsitElementeTikla(findTestObject("Object Repository/Kullanici_Islemleri/Secenekler"), Islem): Method.TextDegerineEsitElementeTikla is PASSED

2021-11-18 11:30:46 - [MESSAGE][INFO] - Finding Test Object 'Object Repository/Kullanici_Islemleri/Secenekler'

2021-11-18 11:30:46 - [MESSAGE][INFO] - Checking timeout

2021-11-18 11:30:46 - [MESSAGE][INFO] - Finding web element with id: 'Object Repository/Kullanici_Islemleri/Secenekler' located by 'By.cssSelector: .nav.navbar-nav.navbar-right li a' in '10' second(s)

2021-11-18 11:30:46 - [MESSAGE][INFO] - Smart Wait Function is triggered

2021-11-18 11:30:47 - [MESSAGE][INFO] - Found 22 web elements with id: 'Object Repository/Kullanici_Islemleri/Secenekler' located by 'By.cssSelector: .nav.navbar-nav.navbar-right li a' in '10' second(s)

2021-11-18 11:30:48 - [MESSAGE][PASSED] - Method.TextDegerineEsitElementeTikla is PASSED

2021-11-18 11:30:48 - [TEST_STEP][PASSED] - verifyElementNotPresent(findTestObject("Object Repository/Kullanici_Islemleri/Secenekler"), 10): Web element with id: 'Object Repository/Kullanici_Islemleri/Secenekler' located by 'By.cssSelector: .nav.navbar-nav.navbar-right li a' is not present after '10' second(s)

2021-11-18 11:30:48 - [MESSAGE][INFO] - Finding Test Object 'Object Repository/Kullanici_Islemleri/Secenekler'

2021-11-18 11:30:48 - [MESSAGE][INFO] - Checking object

2021-11-18 11:30:48 - [MESSAGE][INFO] - Checking timeout

2021-11-18 11:30:48 - [MESSAGE][INFO] - Finding web element with id: 'Object Repository/Kullanici_Islemleri/Secenekler' located by 'By.cssSelector: .nav.navbar-nav.navbar-right li a' in '10' second(s)

2021-11-18 11:30:48 - [MESSAGE][INFO] - Smart Wait Function is triggered

2021-11-18 11:30:49 - [MESSAGE][PASSED] - Web element with id: 'Object Repository/Kullanici_Islemleri/Secenekler' located by 'By.cssSelector: .nav.navbar-nav.navbar-right li a' is not present after '10' second(s)

2021-11-18 11:30:49 - [MESSAGE][PASSED] - Call Test Case 'Test Cases/Kullanici_Islemleri/KullaniciIslemlerindenSecimYapilir' successfully

2021-11-18 11:30:49 - [TEST_CASE][PASSED] - Start Test Case : SCENARIO Irsaliye Yanitinin Gecmisi: SCENARIO Irsaliye Yanitinin Gecmisi

2021-11-18 11:30:49 - [TEST_STEP][PASSED] - Kullanıcı adı ELOGO6 ve Şifre 123456 olarak giriş yapılır: Kullanıcı adı ELOGO6 ve Şifre 123456 olarak giriş yapılır

2021-11-18 11:30:49 - [MESSAGE][PASSED] - Kullanıcı adı ELOGO6 ve Şifre 123456 olarak giriş yapılır

2021-11-18 11:30:49 - [TEST_STEP][PASSED] - Ana menüden e-İrsaliye seçilir: Ana menüden e-İrsaliye seçilir

2021-11-18 11:30:49 - [MESSAGE][PASSED] - Ana menüden e-İrsaliye seçilir

2021-11-18 11:30:49 - [TEST_STEP][PASSED] - Alt menü Giden Kutusu başlığı altındaki İrsaliye Yanıtları seçilir: Alt menü Giden Kutusu başlığı altındaki İrsaliye Yanıtları seçilir

2021-11-18 11:30:49 - [MESSAGE][PASSED] - Alt menü Giden Kutusu başlığı altındaki İrsaliye Yanıtları seçilir

2021-11-18 11:30:49 - [TEST_STEP][PASSED] - Filtrelerden Oluşturma Tarihi filtresine 01.01.2020 baslangic degerini yaz: Filtrelerden Oluşturma Tarihi filtresine 01.01.2020 baslangic degerini yaz

2021-11-18 11:30:49 - [MESSAGE][PASSED] - Filtrelerden Oluşturma Tarihi filtresine 01.01.2020 baslangic degerini yaz

2021-11-18 11:30:49 - [TEST_STEP][PASSED] - Filtrelerden Oluşturma Tarihi filtresine 31.12.2020 bitis degerini yaz: Filtrelerden Oluşturma Tarihi filtresine 31.12.2020 bitis degerini yaz

2021-11-18 11:30:49 - [MESSAGE][PASSED] - Filtrelerden Oluşturma Tarihi filtresine 31.12.2020 bitis degerini yaz

2021-11-18 11:30:49 - [TEST_STEP][PASSED] - Filtre butonlarından Listele seçilir: Filtre butonlarından Listele seçilir

2021-11-18 11:30:49 - [MESSAGE][PASSED] - Filtre butonlarından Listele seçilir

2021-11-18 11:30:49 - [TEST_STEP][PASSED] - Tabloda veri var mı kontrol edilir: Tabloda veri var mı kontrol edilir

2021-11-18 11:30:49 - [MESSAGE][PASSED] - Tabloda veri var mı kontrol edilir

2021-11-18 11:30:49 - [TEST_STEP][PASSED] - Tablodan Logo Elektronik GIB Test isimli veri seçilir: Tablodan Logo Elektronik GIB Test isimli veri seçilir

2021-11-18 11:30:49 - [MESSAGE][PASSED] - Tablodan Logo Elektronik GIB Test isimli veri seçilir

2021-11-18 11:30:49 - [TEST_STEP][PASSED] - Butonlardan İzleme Kayıtları isimli butona tıklanır: Butonlardan İzleme Kayıtları isimli butona tıklanır

2021-11-18 11:30:49 - [MESSAGE][PASSED] - Butonlardan İzleme Kayıtları isimli butona tıklanır

2021-11-18 11:30:49 - [TEST_STEP][PASSED] - Yeni açılan sekmeye geçilir: Yeni açılan sekmeye geçilir

2021-11-18 11:30:49 - [MESSAGE][PASSED] - Yeni açılan sekmeye geçilir

2021-11-18 11:30:49 - [TEST_STEP][PASSED] - İrsaliye Yanıtları İzleme Kayıtları baslikli gecmis sayfasi geldi mi: İrsaliye Yanıtları İzleme Kayıtları baslikli gecmis sayfasi geldi mi

2021-11-18 11:30:49 - [MESSAGE][PASSED] - İrsaliye Yanıtları İzleme Kayıtları baslikli gecmis sayfasi geldi mi

2021-11-18 11:30:49 - [TEST_STEP][PASSED] - Ana sekmeye geçilir: Ana sekmeye geçilir

2021-11-18 11:30:49 - [MESSAGE][PASSED] - Ana sekmeye geçilir

2021-11-18 11:30:49 - [TEST_STEP][PASSED] - Kullanıcı işlemlerinden Çıkış seçilir: Kullanıcı işlemlerinden Çıkış seçilir

2021-11-18 11:30:49 - [MESSAGE][PASSED] - Kullanıcı işlemlerinden Çıkış seçilir

2021-11-18 11:30:49 - [MESSAGE][PASSED] - Feature file: 'Include/features/e-Irsaliye/Giden Kutusu/Irsaliye Yanitlari/Izleme Kayitlari.feature' was passed

2021-11-18 11:30:49 - [TEST_STEP][PASSED] - Start listener action : sampleAfterTestSuite: Invoke 'com.kms.katalon.core.annotation.AfterTestCase' method: 'Listener.sampleAfterTestSuite(...)' completed.

2021-11-18 11:30:49 - [MESSAGE][INFO] - Starting invoke 'com.kms.katalon.core.annotation.AfterTestCase' method: 'Listener.sampleAfterTestSuite(...)'

2021-11-18 11:30:49 - [TEST_STEP][PASSED] - closeBrowser(): Invoke 'com.kms.katalon.core.annotation.AfterTestCase' method: 'Listener.sampleAfterTestSuite(...)' completed.

2021-11-18 11:30:49 - [MESSAGE][INFO] - Closing browser

2021-11-18 11:30:49 - [MESSAGE][PASSED] - Browser is closed

2021-11-18 11:30:49 - [MESSAGE][INFO] - Invoke 'com.kms.katalon.core.annotation.AfterTestCase' method: 'Listener.sampleAfterTestSuite(...)' completed.]]></system-out>
         <system-err><![CDATA[]]></system-err>
      </testcase>
      <testcase name="Test Cases/Case Repository/e-Irsaliye/Giden Kutusu/Irsaliye Yanitlari/UBL-Goster-Indir" time="43.403" classname="Test Cases/Case Repository/e-Irsaliye/Giden Kutusu/Irsaliye Yanitlari/UBL-Goster-Indir" status="PASSED">
         <system-out><![CDATA[2021-11-18 11:30:49 - [TEST_CASE][PASSED] - Test Cases/Case Repository/e-Irsaliye/Giden Kutusu/Irsaliye Yanitlari/UBL-Goster-Indir: Test Cases/Case Repository/e-Irsaliye/Giden Kutusu/Irsaliye Yanitlari/UBL-Goster-Indir

2021-11-18 11:30:49 - [TEST_STEP][PASSED] - Start listener action : sampleBeforeTestSuite: Invoke 'com.kms.katalon.core.annotation.BeforeTestCase' method: 'Listener.sampleBeforeTestSuite(...)' completed.

2021-11-18 11:30:49 - [MESSAGE][INFO] - Starting invoke 'com.kms.katalon.core.annotation.BeforeTestCase' method: 'Listener.sampleBeforeTestSuite(...)'

2021-11-18 11:30:49 - [TEST_STEP][PASSED] - openBrowser(baseUrl): Browser is opened with url: 'https://efatura-stage.elogo.com.tr/'

2021-11-18 11:30:49 - [MESSAGE][INFO] - Opening browser

2021-11-18 11:30:49 - [MESSAGE][INFO] - Starting 'Chrome' driver

2021-11-18 11:30:49 - [MESSAGE][INFO] - User set preference: ['prefs', '{download.default_directory=C:\otomasyondownfiles}']

2021-11-18 11:30:49 - [MESSAGE][INFO] - Action delay is set to 0 milliseconds

2021-11-18 11:30:51 - [MESSAGE][INFO] - Navigating browser to: 'https://efatura-stage.elogo.com.tr/'

2021-11-18 11:30:54 - [MESSAGE][PASSED] - Browser is opened with url: 'https://efatura-stage.elogo.com.tr/'

2021-11-18 11:30:54 - [TEST_STEP][PASSED] - maximizeWindow(): Invoke 'com.kms.katalon.core.annotation.BeforeTestCase' method: 'Listener.sampleBeforeTestSuite(...)' completed.

2021-11-18 11:30:54 - [MESSAGE][INFO] - Maximizing current window

2021-11-18 11:30:55 - [MESSAGE][PASSED] - Current window maximized

2021-11-18 11:30:55 - [MESSAGE][INFO] - Invoke 'com.kms.katalon.core.annotation.BeforeTestCase' method: 'Listener.sampleBeforeTestSuite(...)' completed.

2021-11-18 11:30:55 - [TEST_STEP][PASSED] - runFeatureFile("Include/features/e-Irsaliye/Giden Kutusu/Irsaliye Yanitlari/UBL-Goster-Indir.feature"): Feature file: 'Include/features/e-Irsaliye/Giden Kutusu/Irsaliye Yanitlari/UBL-Goster-Indir.feature' was passed

2021-11-18 11:30:55 - [MESSAGE][INFO] - Starting run keyword runFeatureFile: 'Include/features/e-Irsaliye/Giden Kutusu/Irsaliye Yanitlari/UBL-Goster-Indir.feature' and extract report to folder: 'C:\Users\DELL\Documents\GitHub\EES_KatalonLogo\Reports\20211118_110909\Suite Repository\e-Irsaliye\20211118_110920/cucumber_report/1637224255380'...

2021-11-18 11:30:55 - [MESSAGE][INFO] - Glue: []

2021-11-18 11:30:56 - [MESSAGE][INFO] - Checking called Test Case

2021-11-18 11:30:56 - [MESSAGE][INFO] - Starting to call Test Case 'Test Cases/Sayfalar/Giris_Sayfasi/Login'

2021-11-18 11:30:56 - [TEST_CASE][PASSED] - Test Cases/Sayfalar/Giris_Sayfasi/Login: Test Cases/Sayfalar/Giris_Sayfasi/Login

2021-11-18 11:30:56 - [TEST_STEP][PASSED] - Sayfa_Basligi = getWindowTitle(): Current window's title is: 'LOGO e-Fatura'

2021-11-18 11:30:56 - [MESSAGE][INFO] - Getting current window's title

2021-11-18 11:30:56 - [MESSAGE][PASSED] - Current window's title is: 'LOGO e-Fatura'

2021-11-18 11:30:56 - [TEST_STEP][PASSED] - verifyMatch(Sayfa_Basligi, "LOGO e-Fatura", false): Actual text 'LOGO e-Fatura' and expected text 'LOGO e-Fatura' are matched 

2021-11-18 11:30:56 - [MESSAGE][INFO] - Matching actual text 'LOGO e-Fatura' with expected text 'LOGO e-Fatura'

2021-11-18 11:30:56 - [MESSAGE][PASSED] - Actual text 'LOGO e-Fatura' and expected text 'LOGO e-Fatura' are matched 

2021-11-18 11:30:56 - [TEST_STEP][PASSED] - sendKeys(findTestObject("Sayfalar/Giris_Sayfasi/Firma_Kodu"), KullaniciAdi): Keys 'ELOGO6' sent to object: 'Object Repository/Sayfalar/Giris_Sayfasi/Firma_Kodu'

2021-11-18 11:30:56 - [MESSAGE][INFO] - Finding Test Object 'Object Repository/Sayfalar/Giris_Sayfasi/Firma_Kodu'

2021-11-18 11:30:56 - [MESSAGE][INFO] - Sending keys 'ELOGO6' to object: 'Object Repository/Sayfalar/Giris_Sayfasi/Firma_Kodu'

2021-11-18 11:30:56 - [MESSAGE][INFO] - Finding web element from Test Object's properties

2021-11-18 11:30:56 - [MESSAGE][INFO] - Checking timeout

2021-11-18 11:30:56 - [MESSAGE][INFO] - Finding web element with id: 'Object Repository/Sayfalar/Giris_Sayfasi/Firma_Kodu' located by 'By.xpath: //*[@id = 'AccountName']' in '30' second(s)

2021-11-18 11:30:56 - [MESSAGE][INFO] - Smart Wait Function is triggered

2021-11-18 11:30:57 - [MESSAGE][INFO] - Found 1 web elements with id: 'Object Repository/Sayfalar/Giris_Sayfasi/Firma_Kodu' located by 'By.xpath: //*[@id = 'AccountName']' in '30' second(s)

2021-11-18 11:30:57 - [MESSAGE][PASSED] - Keys 'ELOGO6' sent to object: 'Object Repository/Sayfalar/Giris_Sayfasi/Firma_Kodu'

2021-11-18 11:30:57 - [TEST_STEP][PASSED] - sendKeys(findTestObject("Sayfalar/Giris_Sayfasi/Sifre"), Sifre): Keys '123456' sent to object: 'Object Repository/Sayfalar/Giris_Sayfasi/Sifre'

2021-11-18 11:30:57 - [MESSAGE][INFO] - Finding Test Object 'Object Repository/Sayfalar/Giris_Sayfasi/Sifre'

2021-11-18 11:30:57 - [MESSAGE][INFO] - Sending keys '123456' to object: 'Object Repository/Sayfalar/Giris_Sayfasi/Sifre'

2021-11-18 11:30:57 - [MESSAGE][INFO] - Finding web element from Test Object's properties

2021-11-18 11:30:57 - [MESSAGE][INFO] - Checking timeout

2021-11-18 11:30:57 - [MESSAGE][INFO] - Finding web element with id: 'Object Repository/Sayfalar/Giris_Sayfasi/Sifre' located by 'By.xpath: //*[@id = 'Password']' in '30' second(s)

2021-11-18 11:30:57 - [MESSAGE][INFO] - Smart Wait Function is triggered

2021-11-18 11:30:57 - [MESSAGE][INFO] - Found 1 web elements with id: 'Object Repository/Sayfalar/Giris_Sayfasi/Sifre' located by 'By.xpath: //*[@id = 'Password']' in '30' second(s)

2021-11-18 11:30:57 - [MESSAGE][PASSED] - Keys '123456' sent to object: 'Object Repository/Sayfalar/Giris_Sayfasi/Sifre'

2021-11-18 11:30:57 - [TEST_STEP][PASSED] - findWebElement(findTestObject("Sayfalar/Giris_Sayfasi/Giris_Butonu")).click(): Found 1 web elements with id: 'Object Repository/Sayfalar/Giris_Sayfasi/Giris_Butonu' located by 'By.cssSelector: #btnLogin' in '30' second(s)

2021-11-18 11:30:57 - [MESSAGE][INFO] - Finding Test Object 'Object Repository/Sayfalar/Giris_Sayfasi/Giris_Butonu'

2021-11-18 11:30:57 - [MESSAGE][INFO] - Finding web element from Test Object's properties

2021-11-18 11:30:57 - [MESSAGE][INFO] - Checking timeout

2021-11-18 11:30:57 - [MESSAGE][INFO] - Finding web element with id: 'Object Repository/Sayfalar/Giris_Sayfasi/Giris_Butonu' located by 'By.cssSelector: #btnLogin' in '30' second(s)

2021-11-18 11:30:57 - [MESSAGE][INFO] - Smart Wait Function is triggered

2021-11-18 11:30:58 - [MESSAGE][INFO] - Found 1 web elements with id: 'Object Repository/Sayfalar/Giris_Sayfasi/Giris_Butonu' located by 'By.cssSelector: #btnLogin' in '30' second(s)

2021-11-18 11:31:00 - [TEST_STEP][PASSED] - if (verifyElementPresent(findTestObject("Object Repository/Sayfalar/Giris_Sayfasi/RetveTamam_Butonu"), 5, OPTIONAL)): null

2021-11-18 11:31:00 - [MESSAGE][INFO] - Finding Test Object 'Object Repository/Sayfalar/Giris_Sayfasi/RetveTamam_Butonu'

2021-11-18 11:31:00 - [MESSAGE][INFO] - Checking object

2021-11-18 11:31:00 - [MESSAGE][INFO] - Finding web element from Test Object's properties

2021-11-18 11:31:00 - [MESSAGE][INFO] - Checking timeout

2021-11-18 11:31:00 - [MESSAGE][INFO] - Finding web element with id: 'Object Repository/Sayfalar/Giris_Sayfasi/RetveTamam_Butonu' located by 'By.xpath: //*[@class = 'btn btn-default']' in '5' second(s)

2021-11-18 11:31:00 - [MESSAGE][INFO] - Smart Wait Function is triggered

2021-11-18 11:31:00 - [MESSAGE][INFO] - Found 1 web elements with id: 'Object Repository/Sayfalar/Giris_Sayfasi/RetveTamam_Butonu' located by 'By.xpath: //*[@class = 'btn btn-default']' in '5' second(s)

2021-11-18 11:31:00 - [MESSAGE][PASSED] - Object 'Object Repository/Sayfalar/Giris_Sayfasi/RetveTamam_Butonu' is present

2021-11-18 11:31:00 - [TEST_STEP][PASSED] - click(findTestObject("Object Repository/Sayfalar/Giris_Sayfasi/RetveTamam_Butonu")): Object: 'Object Repository/Sayfalar/Giris_Sayfasi/RetveTamam_Butonu' is clicked on

2021-11-18 11:31:00 - [MESSAGE][INFO] - Finding Test Object 'Object Repository/Sayfalar/Giris_Sayfasi/RetveTamam_Butonu'

2021-11-18 11:31:00 - [MESSAGE][INFO] - Checking object

2021-11-18 11:31:00 - [MESSAGE][INFO] - Finding web element from Test Object's properties

2021-11-18 11:31:00 - [MESSAGE][INFO] - Checking timeout

2021-11-18 11:31:00 - [MESSAGE][INFO] - Finding web element with id: 'Object Repository/Sayfalar/Giris_Sayfasi/RetveTamam_Butonu' located by 'By.xpath: //*[@class = 'btn btn-default']' in '30' second(s)

2021-11-18 11:31:00 - [MESSAGE][INFO] - Smart Wait Function is triggered

2021-11-18 11:31:01 - [MESSAGE][INFO] - Found 1 web elements with id: 'Object Repository/Sayfalar/Giris_Sayfasi/RetveTamam_Butonu' located by 'By.xpath: //*[@class = 'btn btn-default']' in '30' second(s)

2021-11-18 11:31:01 - [MESSAGE][INFO] - Clicking on object: 'Object Repository/Sayfalar/Giris_Sayfasi/RetveTamam_Butonu'

2021-11-18 11:31:01 - [MESSAGE][PASSED] - Object: 'Object Repository/Sayfalar/Giris_Sayfasi/RetveTamam_Butonu' is clicked on

2021-11-18 11:31:01 - [TEST_STEP][PASSED] - click(findTestObject("Object Repository/Sayfalar/Giris_Sayfasi/RetveTamam_Butonu")): Object: 'Object Repository/Sayfalar/Giris_Sayfasi/RetveTamam_Butonu' is clicked on

2021-11-18 11:31:01 - [MESSAGE][INFO] - Finding Test Object 'Object Repository/Sayfalar/Giris_Sayfasi/RetveTamam_Butonu'

2021-11-18 11:31:01 - [MESSAGE][INFO] - Checking object

2021-11-18 11:31:01 - [MESSAGE][INFO] - Finding web element from Test Object's properties

2021-11-18 11:31:01 - [MESSAGE][INFO] - Checking timeout

2021-11-18 11:31:01 - [MESSAGE][INFO] - Finding web element with id: 'Object Repository/Sayfalar/Giris_Sayfasi/RetveTamam_Butonu' located by 'By.xpath: //*[@class = 'btn btn-default']' in '30' second(s)

2021-11-18 11:31:01 - [MESSAGE][INFO] - Smart Wait Function is triggered

2021-11-18 11:31:05 - [MESSAGE][INFO] - Found 1 web elements with id: 'Object Repository/Sayfalar/Giris_Sayfasi/RetveTamam_Butonu' located by 'By.xpath: //*[@class = 'btn btn-default']' in '30' second(s)

2021-11-18 11:31:05 - [MESSAGE][INFO] - Clicking on object: 'Object Repository/Sayfalar/Giris_Sayfasi/RetveTamam_Butonu'

2021-11-18 11:31:05 - [MESSAGE][PASSED] - Object: 'Object Repository/Sayfalar/Giris_Sayfasi/RetveTamam_Butonu' is clicked on

2021-11-18 11:31:05 - [TEST_STEP][PASSED] - if (verifyElementPresent(findTestObject("Sayfalar/Giris_Sayfasi/PopupOK"), 5, OPTIONAL)): null

2021-11-18 11:31:05 - [MESSAGE][INFO] - Finding Test Object 'Object Repository/Sayfalar/Giris_Sayfasi/PopupOK'

2021-11-18 11:31:05 - [MESSAGE][INFO] - Checking object

2021-11-18 11:31:05 - [MESSAGE][INFO] - Finding web element from Test Object's properties

2021-11-18 11:31:05 - [MESSAGE][INFO] - Checking timeout

2021-11-18 11:31:05 - [MESSAGE][INFO] - Finding web element with id: 'Object Repository/Sayfalar/Giris_Sayfasi/PopupOK' located by 'By.cssSelector: .btn.btn-success' in '5' second(s)

2021-11-18 11:31:05 - [MESSAGE][INFO] - Smart Wait Function is triggered

2021-11-18 11:31:06 - [MESSAGE][INFO] - Found 1 web elements with id: 'Object Repository/Sayfalar/Giris_Sayfasi/PopupOK' located by 'By.cssSelector: .btn.btn-success' in '5' second(s)

2021-11-18 11:31:06 - [MESSAGE][PASSED] - Object 'Object Repository/Sayfalar/Giris_Sayfasi/PopupOK' is present

2021-11-18 11:31:06 - [TEST_STEP][PASSED] - click(findTestObject("Object Repository/Sayfalar/Giris_Sayfasi/PopupCarpiGiris")): Object: 'Object Repository/Sayfalar/Giris_Sayfasi/PopupCarpiGiris' is clicked on

2021-11-18 11:31:06 - [MESSAGE][INFO] - Finding Test Object 'Object Repository/Sayfalar/Giris_Sayfasi/PopupCarpiGiris'

2021-11-18 11:31:06 - [MESSAGE][INFO] - Checking object

2021-11-18 11:31:06 - [MESSAGE][INFO] - Finding web element from Test Object's properties

2021-11-18 11:31:06 - [MESSAGE][INFO] - Checking timeout

2021-11-18 11:31:06 - [MESSAGE][INFO] - Finding web element with id: 'Object Repository/Sayfalar/Giris_Sayfasi/PopupCarpiGiris' located by 'By.cssSelector: .bootbox-close-button.close' in '30' second(s)

2021-11-18 11:31:06 - [MESSAGE][INFO] - Smart Wait Function is triggered

2021-11-18 11:31:06 - [MESSAGE][INFO] - Found 1 web elements with id: 'Object Repository/Sayfalar/Giris_Sayfasi/PopupCarpiGiris' located by 'By.cssSelector: .bootbox-close-button.close' in '30' second(s)

2021-11-18 11:31:06 - [MESSAGE][INFO] - Clicking on object: 'Object Repository/Sayfalar/Giris_Sayfasi/PopupCarpiGiris'

2021-11-18 11:31:06 - [MESSAGE][PASSED] - Object: 'Object Repository/Sayfalar/Giris_Sayfasi/PopupCarpiGiris' is clicked on

2021-11-18 11:31:06 - [TEST_STEP][PASSED] - verifyElementVisible(findTestObject("Object Repository/Kullanici_Islemleri/KullaniciIslemleri")): Object 'Object Repository/Kullanici_Islemleri/KullaniciIslemleri' is visible

2021-11-18 11:31:06 - [MESSAGE][INFO] - Finding Test Object 'Object Repository/Kullanici_Islemleri/KullaniciIslemleri'

2021-11-18 11:31:07 - [MESSAGE][INFO] - Checking object

2021-11-18 11:31:07 - [MESSAGE][INFO] - Finding web element from Test Object's properties

2021-11-18 11:31:07 - [MESSAGE][INFO] - Checking timeout

2021-11-18 11:31:07 - [MESSAGE][INFO] - Finding web element with id: 'Object Repository/Kullanici_Islemleri/KullaniciIslemleri' located by 'By.cssSelector: .dropdown>a>img' in '30' second(s)

2021-11-18 11:31:07 - [MESSAGE][INFO] - Smart Wait Function is triggered

2021-11-18 11:31:07 - [MESSAGE][INFO] - Found 1 web elements with id: 'Object Repository/Kullanici_Islemleri/KullaniciIslemleri' located by 'By.cssSelector: .dropdown>a>img' in '30' second(s)

2021-11-18 11:31:07 - [MESSAGE][PASSED] - Object 'Object Repository/Kullanici_Islemleri/KullaniciIslemleri' is visible

2021-11-18 11:31:07 - [MESSAGE][PASSED] - Call Test Case 'Test Cases/Sayfalar/Giris_Sayfasi/Login' successfully

2021-11-18 11:31:07 - [MESSAGE][INFO] - Checking called Test Case

2021-11-18 11:31:07 - [MESSAGE][INFO] - Starting to call Test Case 'Test Cases/Menu/AnaMenuSecimi'

2021-11-18 11:31:07 - [TEST_CASE][PASSED] - Test Cases/Menu/AnaMenuSecimi: Test Cases/Menu/AnaMenuSecimi

2021-11-18 11:31:07 - [TEST_STEP][PASSED] - Method.TextDegerineEsitElementeTikla(findTestObject("Menu/Ana_Menu"), Ana_Menu): Method.TextDegerineEsitElementeTikla is PASSED

2021-11-18 11:31:07 - [MESSAGE][INFO] - Finding Test Object 'Object Repository/Menu/Ana_Menu'

2021-11-18 11:31:07 - [MESSAGE][INFO] - Checking timeout

2021-11-18 11:31:07 - [MESSAGE][INFO] - Finding web element with id: 'Object Repository/Menu/Ana_Menu' located by 'By.xpath: //*[@class = 'dropdown-toggle']' in '10' second(s)

2021-11-18 11:31:07 - [MESSAGE][INFO] - Smart Wait Function is triggered

2021-11-18 11:31:08 - [MESSAGE][INFO] - Found 14 web elements with id: 'Object Repository/Menu/Ana_Menu' located by 'By.xpath: //*[@class = 'dropdown-toggle']' in '10' second(s)

2021-11-18 11:31:08 - [MESSAGE][PASSED] - Method.TextDegerineEsitElementeTikla is PASSED

2021-11-18 11:31:08 - [MESSAGE][PASSED] - Call Test Case 'Test Cases/Menu/AnaMenuSecimi' successfully

2021-11-18 11:31:08 - [MESSAGE][INFO] - Checking called Test Case

2021-11-18 11:31:08 - [MESSAGE][INFO] - Starting to call Test Case 'Test Cases/Menu/BasligaGoreAltMenuSecimi'

2021-11-18 11:31:08 - [TEST_CASE][PASSED] - Test Cases/Menu/BasligaGoreAltMenuSecimi: Test Cases/Menu/BasligaGoreAltMenuSecimi

2021-11-18 11:31:08 - [TEST_STEP][PASSED] - Method.TextDegerineEsitElementinAltindakiTextDegerineEsitOlanaTikla(findTestObject("Menu/Menu_Basligi"), findTestObject("Menu/Basliga_Gore_Alt_Menu"), Baslik, Alt_Menu): Method.TextDegerineEsitElementinAltindakiTextDegerineEsitOlanaTikla is PASSED

2021-11-18 11:31:08 - [MESSAGE][INFO] - Finding Test Object 'Object Repository/Menu/Menu_Basligi'

2021-11-18 11:31:08 - [MESSAGE][INFO] - Finding Test Object 'Object Repository/Menu/Basliga_Gore_Alt_Menu'

2021-11-18 11:31:08 - [MESSAGE][INFO] - Checking timeout

2021-11-18 11:31:08 - [MESSAGE][INFO] - Finding web element with id: 'Object Repository/Menu/Menu_Basligi' located by 'By.xpath: //li[@class='dropdown dropdown-large open']//li[@class='dropdown-header']' in '10' second(s)

2021-11-18 11:31:08 - [MESSAGE][INFO] - Smart Wait Function is triggered

2021-11-18 11:31:08 - [MESSAGE][INFO] - Found 3 web elements with id: 'Object Repository/Menu/Menu_Basligi' located by 'By.xpath: //li[@class='dropdown dropdown-large open']//li[@class='dropdown-header']' in '10' second(s)

2021-11-18 11:31:09 - [MESSAGE][INFO] - Smart Wait Function is triggered

2021-11-18 11:31:10 - [MESSAGE][PASSED] - Method.TextDegerineEsitElementinAltindakiTextDegerineEsitOlanaTikla is PASSED

2021-11-18 11:31:10 - [MESSAGE][PASSED] - Call Test Case 'Test Cases/Menu/BasligaGoreAltMenuSecimi' successfully

2021-11-18 11:31:10 - [MESSAGE][INFO] - Checking called Test Case

2021-11-18 11:31:10 - [MESSAGE][INFO] - Starting to call Test Case 'Test Cases/Filtreler/BaslangicYaz'

2021-11-18 11:31:11 - [TEST_CASE][PASSED] - Test Cases/Filtreler/BaslangicYaz: Test Cases/Filtreler/BaslangicYaz

2021-11-18 11:31:11 - [TEST_STEP][PASSED] - delay(3): Delayed 3 second(s)

2021-11-18 11:31:11 - [MESSAGE][INFO] - Delaying browser in 3 second(s)

2021-11-18 11:31:14 - [MESSAGE][PASSED] - Delayed 3 second(s)

2021-11-18 11:31:14 - [TEST_STEP][PASSED] - Method.TextDegerineEsitElementinAltindakineTikla(findTestObject("Filtreler/Basliklar"), findTestObject("Filtreler/Basliga_Gore_Baslangic_Image"), Filtre_Adi): Method.TextDegerineEsitElementinAltindakineTikla is PASSED

2021-11-18 11:31:14 - [MESSAGE][INFO] - Finding Test Object 'Object Repository/Filtreler/Basliklar'

2021-11-18 11:31:14 - [MESSAGE][INFO] - Finding Test Object 'Object Repository/Filtreler/Basliga_Gore_Baslangic_Image'

2021-11-18 11:31:14 - [MESSAGE][INFO] - Checking timeout

2021-11-18 11:31:14 - [MESSAGE][INFO] - Finding web element with id: 'Object Repository/Filtreler/Basliklar' located by 'By.cssSelector: .control-label.col-sm-4.paddingMarginRLC' in '10' second(s)

2021-11-18 11:31:14 - [MESSAGE][INFO] - Smart Wait Function is triggered

2021-11-18 11:31:14 - [MESSAGE][INFO] - Found 13 web elements with id: 'Object Repository/Filtreler/Basliklar' located by 'By.cssSelector: .control-label.col-sm-4.paddingMarginRLC' in '10' second(s)

2021-11-18 11:31:14 - [MESSAGE][INFO] - Smart Wait Function is triggered

2021-11-18 11:31:14 - [MESSAGE][PASSED] - Method.TextDegerineEsitElementinAltindakineTikla is PASSED

2021-11-18 11:31:14 - [TEST_STEP][PASSED] - Method.TextDegerineEsitElementinAltindakiTextboxtaYaz(findTestObject("Filtreler/Basliklar"), findTestObject("Filtreler/Basliga_Gore_Baslangic"), Filtre_Adi, Filtre_Degeri): Method.TextDegerineEsitElementinAltindakiTextboxtaYaz is PASSED

2021-11-18 11:31:14 - [MESSAGE][INFO] - Finding Test Object 'Object Repository/Filtreler/Basliklar'

2021-11-18 11:31:15 - [MESSAGE][INFO] - Finding Test Object 'Object Repository/Filtreler/Basliga_Gore_Baslangic'

2021-11-18 11:31:15 - [MESSAGE][INFO] - Checking timeout

2021-11-18 11:31:15 - [MESSAGE][INFO] - Finding web element with id: 'Object Repository/Filtreler/Basliklar' located by 'By.cssSelector: .control-label.col-sm-4.paddingMarginRLC' in '10' second(s)

2021-11-18 11:31:15 - [MESSAGE][INFO] - Smart Wait Function is triggered

2021-11-18 11:31:15 - [MESSAGE][INFO] - Found 13 web elements with id: 'Object Repository/Filtreler/Basliklar' located by 'By.cssSelector: .control-label.col-sm-4.paddingMarginRLC' in '10' second(s)

2021-11-18 11:31:15 - [MESSAGE][INFO] - Smart Wait Function is triggered

2021-11-18 11:31:15 - [MESSAGE][PASSED] - Method.TextDegerineEsitElementinAltindakiTextboxtaYaz is PASSED

2021-11-18 11:31:15 - [MESSAGE][PASSED] - Call Test Case 'Test Cases/Filtreler/BaslangicYaz' successfully

2021-11-18 11:31:15 - [MESSAGE][INFO] - Checking called Test Case

2021-11-18 11:31:15 - [MESSAGE][INFO] - Starting to call Test Case 'Test Cases/Filtreler/BitisYaz'

2021-11-18 11:31:15 - [TEST_CASE][PASSED] - Test Cases/Filtreler/BitisYaz: Test Cases/Filtreler/BitisYaz

2021-11-18 11:31:15 - [TEST_STEP][PASSED] - Method.TextDegerineEsitElementinAltindakineTikla(findTestObject("Filtreler/Basliklar"), findTestObject("Filtreler/Basliga_Gore_Bitis_Image"), Filtre_Adi): Method.TextDegerineEsitElementinAltindakineTikla is PASSED

2021-11-18 11:31:15 - [MESSAGE][INFO] - Finding Test Object 'Object Repository/Filtreler/Basliklar'

2021-11-18 11:31:16 - [MESSAGE][INFO] - Finding Test Object 'Object Repository/Filtreler/Basliga_Gore_Bitis_Image'

2021-11-18 11:31:16 - [MESSAGE][INFO] - Checking timeout

2021-11-18 11:31:16 - [MESSAGE][INFO] - Finding web element with id: 'Object Repository/Filtreler/Basliklar' located by 'By.cssSelector: .control-label.col-sm-4.paddingMarginRLC' in '10' second(s)

2021-11-18 11:31:16 - [MESSAGE][INFO] - Smart Wait Function is triggered

2021-11-18 11:31:16 - [MESSAGE][INFO] - Found 13 web elements with id: 'Object Repository/Filtreler/Basliklar' located by 'By.cssSelector: .control-label.col-sm-4.paddingMarginRLC' in '10' second(s)

2021-11-18 11:31:16 - [MESSAGE][INFO] - Smart Wait Function is triggered

2021-11-18 11:31:16 - [MESSAGE][PASSED] - Method.TextDegerineEsitElementinAltindakineTikla is PASSED

2021-11-18 11:31:16 - [TEST_STEP][PASSED] - Method.TextDegerineEsitElementinAltindakiTextboxtaYaz(findTestObject("Filtreler/Basliklar"), findTestObject("Object Repository/Filtreler/Basliga_Gore_Bitis"), Filtre_Adi, Filtre_Degeri): Method.TextDegerineEsitElementinAltindakiTextboxtaYaz is PASSED

2021-11-18 11:31:16 - [MESSAGE][INFO] - Finding Test Object 'Object Repository/Filtreler/Basliklar'

2021-11-18 11:31:16 - [MESSAGE][INFO] - Finding Test Object 'Object Repository/Filtreler/Basliga_Gore_Bitis'

2021-11-18 11:31:16 - [MESSAGE][INFO] - Checking timeout

2021-11-18 11:31:16 - [MESSAGE][INFO] - Finding web element with id: 'Object Repository/Filtreler/Basliklar' located by 'By.cssSelector: .control-label.col-sm-4.paddingMarginRLC' in '10' second(s)

2021-11-18 11:31:16 - [MESSAGE][INFO] - Smart Wait Function is triggered

2021-11-18 11:31:17 - [MESSAGE][INFO] - Found 13 web elements with id: 'Object Repository/Filtreler/Basliklar' located by 'By.cssSelector: .control-label.col-sm-4.paddingMarginRLC' in '10' second(s)

2021-11-18 11:31:17 - [MESSAGE][INFO] - Smart Wait Function is triggered

2021-11-18 11:31:17 - [MESSAGE][PASSED] - Method.TextDegerineEsitElementinAltindakiTextboxtaYaz is PASSED

2021-11-18 11:31:17 - [MESSAGE][PASSED] - Call Test Case 'Test Cases/Filtreler/BitisYaz' successfully

2021-11-18 11:31:17 - [MESSAGE][INFO] - Checking called Test Case

2021-11-18 11:31:17 - [MESSAGE][INFO] - Starting to call Test Case 'Test Cases/Filtreler/ButonaTikla'

2021-11-18 11:31:17 - [TEST_CASE][PASSED] - Test Cases/Filtreler/ButonaTikla: Test Cases/Filtreler/ButonaTikla

2021-11-18 11:31:17 - [TEST_STEP][PASSED] - Method.TextDegerineEsitElementeTikla(findTestObject("Filtreler/Butonlar"), Filtre_Buton): Method.TextDegerineEsitElementeTikla is PASSED

2021-11-18 11:31:17 - [MESSAGE][INFO] - Finding Test Object 'Object Repository/Filtreler/Butonlar'

2021-11-18 11:31:17 - [MESSAGE][INFO] - Checking timeout

2021-11-18 11:31:17 - [MESSAGE][INFO] - Finding web element with id: 'Object Repository/Filtreler/Butonlar' located by 'By.cssSelector: .dxb>span' in '10' second(s)

2021-11-18 11:31:17 - [MESSAGE][INFO] - Smart Wait Function is triggered

2021-11-18 11:31:18 - [MESSAGE][INFO] - Found 3 web elements with id: 'Object Repository/Filtreler/Butonlar' located by 'By.cssSelector: .dxb>span' in '10' second(s)

2021-11-18 11:31:18 - [MESSAGE][PASSED] - Method.TextDegerineEsitElementeTikla is PASSED

2021-11-18 11:31:18 - [MESSAGE][PASSED] - Call Test Case 'Test Cases/Filtreler/ButonaTikla' successfully

2021-11-18 11:31:18 - [MESSAGE][INFO] - Checking called Test Case

2021-11-18 11:31:18 - [MESSAGE][INFO] - Starting to call Test Case 'Test Cases/Tablo/TablodaVeriVarMi'

2021-11-18 11:31:18 - [TEST_CASE][PASSED] - Test Cases/Tablo/TablodaVeriVarMi: Test Cases/Tablo/TablodaVeriVarMi

2021-11-18 11:31:18 - [TEST_STEP][PASSED] - verifyTextNotPresent("Görüntülenecek veri yok", true): Text 'Görüntülenecek veri yok' is not present on page using regular expression

2021-11-18 11:31:18 - [MESSAGE][INFO] - Checking text present  using regular expression

2021-11-18 11:31:18 - [MESSAGE][INFO] - Smart Wait Function is triggered

2021-11-18 11:31:19 - [MESSAGE][INFO] - Finding text 'Görüntülenecek veri yok' on page  using regular expression

2021-11-18 11:31:19 - [MESSAGE][PASSED] - Text 'Görüntülenecek veri yok' is not present on page using regular expression

2021-11-18 11:31:19 - [MESSAGE][PASSED] - Call Test Case 'Test Cases/Tablo/TablodaVeriVarMi' successfully

2021-11-18 11:31:19 - [MESSAGE][INFO] - Checking called Test Case

2021-11-18 11:31:19 - [MESSAGE][INFO] - Starting to call Test Case 'Test Cases/Tablo/TablodanVeriSec'

2021-11-18 11:31:19 - [TEST_CASE][PASSED] - Test Cases/Tablo/TablodanVeriSec: Test Cases/Tablo/TablodanVeriSec

2021-11-18 11:31:19 - [TEST_STEP][PASSED] - Method.TextDegerineEsitElementinAltindakineTikla(findTestObject("Tablo/Veriler"), findTestObject("Tablo/VerininCheckBoxi"), Veri_Adi): Method.TextDegerineEsitElementinAltindakineTikla is PASSED

2021-11-18 11:31:19 - [MESSAGE][INFO] - Finding Test Object 'Object Repository/Tablo/Veriler'

2021-11-18 11:31:19 - [MESSAGE][INFO] - Finding Test Object 'Object Repository/Tablo/VerininCheckBoxi'

2021-11-18 11:31:19 - [MESSAGE][INFO] - Checking timeout

2021-11-18 11:31:19 - [MESSAGE][INFO] - Finding web element with id: 'Object Repository/Tablo/Veriler' located by 'By.cssSelector: td.dxgv b ,td.dxgv' in '10' second(s)

2021-11-18 11:31:19 - [MESSAGE][INFO] - Smart Wait Function is triggered

2021-11-18 11:31:19 - [MESSAGE][INFO] - Found 90 web elements with id: 'Object Repository/Tablo/Veriler' located by 'By.cssSelector: td.dxgv b ,td.dxgv' in '10' second(s)

2021-11-18 11:31:19 - [MESSAGE][INFO] - Smart Wait Function is triggered

2021-11-18 11:31:20 - [MESSAGE][PASSED] - Method.TextDegerineEsitElementinAltindakineTikla is PASSED

2021-11-18 11:31:20 - [MESSAGE][PASSED] - Call Test Case 'Test Cases/Tablo/TablodanVeriSec' successfully

2021-11-18 11:31:20 - [MESSAGE][INFO] - Checking called Test Case

2021-11-18 11:31:20 - [MESSAGE][INFO] - Starting to call Test Case 'Test Cases/Butonlar/ButonaTikla'

2021-11-18 11:31:20 - [TEST_CASE][PASSED] - Test Cases/Butonlar/ButonaTikla: Test Cases/Butonlar/ButonaTikla

2021-11-18 11:31:20 - [TEST_STEP][PASSED] - Method.TextDegerineEsitElementeTiklaEquals(findTestObject("Butonlar/Butonlar"), Buton_Adi): Method.TextDegerineEsitElementeTiklaEquals is PASSED

2021-11-18 11:31:20 - [MESSAGE][INFO] - Finding Test Object 'Object Repository/Butonlar/Butonlar'

2021-11-18 11:31:20 - [MESSAGE][INFO] - Checking timeout

2021-11-18 11:31:20 - [MESSAGE][INFO] - Finding web element with id: 'Object Repository/Butonlar/Butonlar' located by 'By.cssSelector: .panel.panel-default.text-center.footerPanel .btn,.btn.btn-primary.btnControls' in '10' second(s)

2021-11-18 11:31:20 - [MESSAGE][INFO] - Smart Wait Function is triggered

2021-11-18 11:31:20 - [MESSAGE][INFO] - Found 6 web elements with id: 'Object Repository/Butonlar/Butonlar' located by 'By.cssSelector: .panel.panel-default.text-center.footerPanel .btn,.btn.btn-primary.btnControls' in '10' second(s)

2021-11-18 11:31:20 - [MESSAGE][PASSED] - Method.TextDegerineEsitElementeTiklaEquals is PASSED

2021-11-18 11:31:20 - [MESSAGE][PASSED] - Call Test Case 'Test Cases/Butonlar/ButonaTikla' successfully

2021-11-18 11:31:20 - [MESSAGE][INFO] - Checking called Test Case

2021-11-18 11:31:20 - [MESSAGE][INFO] - Starting to call Test Case 'Test Cases/Butonlar/AltButonaTikla'

2021-11-18 11:31:20 - [TEST_CASE][PASSED] - Test Cases/Butonlar/AltButonaTikla: Test Cases/Butonlar/AltButonaTikla

2021-11-18 11:31:20 - [TEST_STEP][PASSED] - Method.TextDegerineEsitElementeTikla(findTestObject("Butonlar/AltButonlar"), Alt_Buton): Method.TextDegerineEsitElementeTikla is PASSED

2021-11-18 11:31:20 - [MESSAGE][INFO] - Finding Test Object 'Object Repository/Butonlar/AltButonlar'

2021-11-18 11:31:20 - [MESSAGE][INFO] - Checking timeout

2021-11-18 11:31:20 - [MESSAGE][INFO] - Finding web element with id: 'Object Repository/Butonlar/AltButonlar' located by 'By.cssSelector: .btn-group.open li>a' in '10' second(s)

2021-11-18 11:31:20 - [MESSAGE][INFO] - Smart Wait Function is triggered

2021-11-18 11:31:21 - [MESSAGE][INFO] - Found 2 web elements with id: 'Object Repository/Butonlar/AltButonlar' located by 'By.cssSelector: .btn-group.open li>a' in '10' second(s)

2021-11-18 11:31:21 - [MESSAGE][PASSED] - Method.TextDegerineEsitElementeTikla is PASSED

2021-11-18 11:31:21 - [MESSAGE][PASSED] - Call Test Case 'Test Cases/Butonlar/AltButonaTikla' successfully

2021-11-18 11:31:21 - [MESSAGE][INFO] - Checking called Test Case

2021-11-18 11:31:21 - [MESSAGE][INFO] - Starting to call Test Case 'Test Cases/Sekmeler/YeniSekmeyeGec'

2021-11-18 11:31:21 - [TEST_CASE][PASSED] - Test Cases/Sekmeler/YeniSekmeyeGec: Test Cases/Sekmeler/YeniSekmeyeGec

2021-11-18 11:31:21 - [TEST_STEP][PASSED] - switchToWindowIndex(1): Switched to window with index: '1'

2021-11-18 11:31:21 - [MESSAGE][INFO] - Checking index

2021-11-18 11:31:21 - [MESSAGE][INFO] - Switching window with index: '1'

2021-11-18 11:31:21 - [MESSAGE][PASSED] - Switched to window with index: '1'

2021-11-18 11:31:21 - [MESSAGE][PASSED] - Call Test Case 'Test Cases/Sekmeler/YeniSekmeyeGec' successfully

2021-11-18 11:31:21 - [MESSAGE][INFO] - Checking called Test Case

2021-11-18 11:31:21 - [MESSAGE][INFO] - Starting to call Test Case 'Test Cases/Sekmeler/TagGeldiMi'

2021-11-18 11:31:21 - [TEST_CASE][PASSED] - Test Cases/Sekmeler/TagGeldiMi: Test Cases/Sekmeler/TagGeldiMi

2021-11-18 11:31:21 - [TEST_STEP][PASSED] - waitForElementPresent(findTestObject("Object Repository/Sekmeler/UBLTag"), 10): Object 'Object Repository/Sekmeler/UBLTag' is present

2021-11-18 11:31:21 - [MESSAGE][INFO] - Finding Test Object 'Object Repository/Sekmeler/UBLTag'

2021-11-18 11:31:21 - [MESSAGE][INFO] - Checking object

2021-11-18 11:31:21 - [MESSAGE][INFO] - Finding web element from Test Object's properties

2021-11-18 11:31:21 - [MESSAGE][INFO] - Checking timeout

2021-11-18 11:31:21 - [MESSAGE][INFO] - Finding web element with id: 'Object Repository/Sekmeler/UBLTag' located by 'By.cssSelector: #webkit-xml-viewer-source-xml>:first-child' in '10' second(s)

2021-11-18 11:31:21 - [MESSAGE][INFO] - Smart Wait Function is triggered

2021-11-18 11:31:22 - [MESSAGE][INFO] - Found 1 web elements with id: 'Object Repository/Sekmeler/UBLTag' located by 'By.cssSelector: #webkit-xml-viewer-source-xml>:first-child' in '10' second(s)

2021-11-18 11:31:22 - [MESSAGE][PASSED] - Object 'Object Repository/Sekmeler/UBLTag' is present

2021-11-18 11:31:22 - [TEST_STEP][PASSED] - println(toLowerCase().toString()): Found 1 web elements with id: 'Object Repository/Sekmeler/UBLTag' located by 'By.cssSelector: #webkit-xml-viewer-source-xml>:first-child' in '10' second(s)

2021-11-18 11:31:22 - [MESSAGE][INFO] - Finding Test Object 'Object Repository/Sekmeler/UBLTag'

2021-11-18 11:31:22 - [MESSAGE][INFO] - Finding web element from Test Object's properties

2021-11-18 11:31:22 - [MESSAGE][INFO] - Checking timeout

2021-11-18 11:31:22 - [MESSAGE][INFO] - Finding web element with id: 'Object Repository/Sekmeler/UBLTag' located by 'By.cssSelector: #webkit-xml-viewer-source-xml>:first-child' in '10' second(s)

2021-11-18 11:31:22 - [MESSAGE][INFO] - Smart Wait Function is triggered

2021-11-18 11:31:22 - [MESSAGE][INFO] - Found 1 web elements with id: 'Object Repository/Sekmeler/UBLTag' located by 'By.cssSelector: #webkit-xml-viewer-source-xml>:first-child' in '10' second(s)

2021-11-18 11:31:22 - [TEST_STEP][PASSED] - if (!(toString().contains(toString().toLowerCase()))): Found 1 web elements with id: 'Object Repository/Sekmeler/UBLTag' located by 'By.cssSelector: #webkit-xml-viewer-source-xml>:first-child' in '10' second(s)

2021-11-18 11:31:22 - [MESSAGE][INFO] - Finding Test Object 'Object Repository/Sekmeler/UBLTag'

2021-11-18 11:31:22 - [MESSAGE][INFO] - Finding web element from Test Object's properties

2021-11-18 11:31:22 - [MESSAGE][INFO] - Checking timeout

2021-11-18 11:31:22 - [MESSAGE][INFO] - Finding web element with id: 'Object Repository/Sekmeler/UBLTag' located by 'By.cssSelector: #webkit-xml-viewer-source-xml>:first-child' in '10' second(s)

2021-11-18 11:31:22 - [MESSAGE][INFO] - Smart Wait Function is triggered

2021-11-18 11:31:22 - [MESSAGE][INFO] - Found 1 web elements with id: 'Object Repository/Sekmeler/UBLTag' located by 'By.cssSelector: #webkit-xml-viewer-source-xml>:first-child' in '10' second(s)

2021-11-18 11:31:22 - [MESSAGE][PASSED] - Call Test Case 'Test Cases/Sekmeler/TagGeldiMi' successfully

2021-11-18 11:31:22 - [MESSAGE][INFO] - Checking called Test Case

2021-11-18 11:31:22 - [MESSAGE][INFO] - Starting to call Test Case 'Test Cases/Sekmeler/Ana_Sekmeye_Gec'

2021-11-18 11:31:22 - [TEST_CASE][PASSED] - Test Cases/Sekmeler/Ana_Sekmeye_Gec: Test Cases/Sekmeler/Ana_Sekmeye_Gec

2021-11-18 11:31:22 - [TEST_STEP][PASSED] - try: Window with index 1 is closed

2021-11-18 11:31:22 - [TEST_STEP][PASSED] - index = getWindowIndex(): Current window's index is: 1

2021-11-18 11:31:22 - [MESSAGE][INFO] - Getting current window's index

2021-11-18 11:31:22 - [MESSAGE][PASSED] - Current window's index is: 1

2021-11-18 11:31:22 - [TEST_STEP][PASSED] - closeWindowIndex(index): Window with index 1 is closed

2021-11-18 11:31:22 - [MESSAGE][INFO] - Checking index

2021-11-18 11:31:22 - [MESSAGE][INFO] - Closing window with index 1

2021-11-18 11:31:22 - [MESSAGE][PASSED] - Window with index 1 is closed

2021-11-18 11:31:22 - [TEST_STEP][PASSED] - switchToWindowIndex(0): Switched to window with index: '0'

2021-11-18 11:31:22 - [MESSAGE][INFO] - Checking index

2021-11-18 11:31:22 - [MESSAGE][INFO] - Switching window with index: '0'

2021-11-18 11:31:22 - [MESSAGE][PASSED] - Switched to window with index: '0'

2021-11-18 11:31:22 - [MESSAGE][PASSED] - Call Test Case 'Test Cases/Sekmeler/Ana_Sekmeye_Gec' successfully

2021-11-18 11:31:22 - [MESSAGE][INFO] - Checking called Test Case

2021-11-18 11:31:22 - [MESSAGE][INFO] - Starting to call Test Case 'Test Cases/Butonlar/ButonaTikla'

2021-11-18 11:31:22 - [TEST_CASE][PASSED] - Test Cases/Butonlar/ButonaTikla: Test Cases/Butonlar/ButonaTikla

2021-11-18 11:31:22 - [TEST_STEP][PASSED] - Method.TextDegerineEsitElementeTiklaEquals(findTestObject("Butonlar/Butonlar"), Buton_Adi): Method.TextDegerineEsitElementeTiklaEquals is PASSED

2021-11-18 11:31:22 - [MESSAGE][INFO] - Finding Test Object 'Object Repository/Butonlar/Butonlar'

2021-11-18 11:31:22 - [MESSAGE][INFO] - Checking timeout

2021-11-18 11:31:22 - [MESSAGE][INFO] - Finding web element with id: 'Object Repository/Butonlar/Butonlar' located by 'By.cssSelector: .panel.panel-default.text-center.footerPanel .btn,.btn.btn-primary.btnControls' in '10' second(s)

2021-11-18 11:31:22 - [MESSAGE][INFO] - Smart Wait Function is triggered

2021-11-18 11:31:23 - [MESSAGE][INFO] - Found 6 web elements with id: 'Object Repository/Butonlar/Butonlar' located by 'By.cssSelector: .panel.panel-default.text-center.footerPanel .btn,.btn.btn-primary.btnControls' in '10' second(s)

2021-11-18 11:31:23 - [MESSAGE][PASSED] - Method.TextDegerineEsitElementeTiklaEquals is PASSED

2021-11-18 11:31:23 - [MESSAGE][PASSED] - Call Test Case 'Test Cases/Butonlar/ButonaTikla' successfully

2021-11-18 11:31:23 - [MESSAGE][INFO] - Checking called Test Case

2021-11-18 11:31:23 - [MESSAGE][INFO] - Starting to call Test Case 'Test Cases/Butonlar/AltButonaTikla'

2021-11-18 11:31:23 - [TEST_CASE][PASSED] - Test Cases/Butonlar/AltButonaTikla: Test Cases/Butonlar/AltButonaTikla

2021-11-18 11:31:23 - [TEST_STEP][PASSED] - Method.TextDegerineEsitElementeTikla(findTestObject("Butonlar/AltButonlar"), Alt_Buton): Method.TextDegerineEsitElementeTikla is PASSED

2021-11-18 11:31:23 - [MESSAGE][INFO] - Finding Test Object 'Object Repository/Butonlar/AltButonlar'

2021-11-18 11:31:23 - [MESSAGE][INFO] - Checking timeout

2021-11-18 11:31:23 - [MESSAGE][INFO] - Finding web element with id: 'Object Repository/Butonlar/AltButonlar' located by 'By.cssSelector: .btn-group.open li>a' in '10' second(s)

2021-11-18 11:31:23 - [MESSAGE][INFO] - Smart Wait Function is triggered

2021-11-18 11:31:23 - [MESSAGE][INFO] - Found 2 web elements with id: 'Object Repository/Butonlar/AltButonlar' located by 'By.cssSelector: .btn-group.open li>a' in '10' second(s)

2021-11-18 11:31:23 - [MESSAGE][PASSED] - Method.TextDegerineEsitElementeTikla is PASSED

2021-11-18 11:31:23 - [MESSAGE][PASSED] - Call Test Case 'Test Cases/Butonlar/AltButonaTikla' successfully

2021-11-18 11:31:23 - [MESSAGE][INFO] - Checking called Test Case

2021-11-18 11:31:23 - [MESSAGE][INFO] - Starting to call Test Case 'Test Cases/Butonlar/DosyaIndirildiMi'

2021-11-18 11:31:23 - [TEST_CASE][PASSED] - Test Cases/Butonlar/DosyaIndirildiMi: Test Cases/Butonlar/DosyaIndirildiMi

2021-11-18 11:31:23 - [TEST_STEP][PASSED] - Method.isimliDosyaIndirildiMi(DownloadFile, FileName): Method.isimliDosyaIndirildiMi is PASSED

2021-11-18 11:31:23 - [MESSAGE][INFO] - Delaying browser in 3 second(s)

2021-11-18 11:31:26 - [MESSAGE][PASSED] - Delayed 3 second(s)

2021-11-18 11:31:26 - [MESSAGE][PASSED] - Method.isimliDosyaIndirildiMi is PASSED

2021-11-18 11:31:26 - [MESSAGE][PASSED] - Call Test Case 'Test Cases/Butonlar/DosyaIndirildiMi' successfully

2021-11-18 11:31:26 - [MESSAGE][INFO] - Checking called Test Case

2021-11-18 11:31:26 - [MESSAGE][INFO] - Starting to call Test Case 'Test Cases/Kullanici_Islemleri/KullaniciIslemlerindenSecimYapilir'

2021-11-18 11:31:26 - [TEST_CASE][PASSED] - Test Cases/Kullanici_Islemleri/KullaniciIslemlerindenSecimYapilir: Test Cases/Kullanici_Islemleri/KullaniciIslemlerindenSecimYapilir

2021-11-18 11:31:26 - [TEST_STEP][PASSED] - waitForElementClickable(findTestObject("Object Repository/Kullanici_Islemleri/KullaniciIslemleri"), 10): Object 'Object Repository/Kullanici_Islemleri/KullaniciIslemleri' is clickable

2021-11-18 11:31:26 - [MESSAGE][INFO] - Finding Test Object 'Object Repository/Kullanici_Islemleri/KullaniciIslemleri'

2021-11-18 11:31:27 - [MESSAGE][INFO] - Checking object

2021-11-18 11:31:27 - [MESSAGE][INFO] - Checking timeout

2021-11-18 11:31:27 - [MESSAGE][INFO] - Finding web element from Test Object's properties

2021-11-18 11:31:27 - [MESSAGE][INFO] - Checking timeout

2021-11-18 11:31:27 - [MESSAGE][INFO] - Finding web element with id: 'Object Repository/Kullanici_Islemleri/KullaniciIslemleri' located by 'By.cssSelector: .dropdown>a>img' in '10' second(s)

2021-11-18 11:31:27 - [MESSAGE][INFO] - Smart Wait Function is triggered

2021-11-18 11:31:27 - [MESSAGE][INFO] - Found 1 web elements with id: 'Object Repository/Kullanici_Islemleri/KullaniciIslemleri' located by 'By.cssSelector: .dropdown>a>img' in '10' second(s)

2021-11-18 11:31:27 - [MESSAGE][PASSED] - Object 'Object Repository/Kullanici_Islemleri/KullaniciIslemleri' is clickable

2021-11-18 11:31:27 - [TEST_STEP][PASSED] - click(findTestObject("Object Repository/Kullanici_Islemleri/KullaniciIslemleri")): Object: 'Object Repository/Kullanici_Islemleri/KullaniciIslemleri' is clicked on

2021-11-18 11:31:27 - [MESSAGE][INFO] - Finding Test Object 'Object Repository/Kullanici_Islemleri/KullaniciIslemleri'

2021-11-18 11:31:27 - [MESSAGE][INFO] - Checking object

2021-11-18 11:31:27 - [MESSAGE][INFO] - Finding web element from Test Object's properties

2021-11-18 11:31:27 - [MESSAGE][INFO] - Checking timeout

2021-11-18 11:31:27 - [MESSAGE][INFO] - Finding web element with id: 'Object Repository/Kullanici_Islemleri/KullaniciIslemleri' located by 'By.cssSelector: .dropdown>a>img' in '30' second(s)

2021-11-18 11:31:27 - [MESSAGE][INFO] - Smart Wait Function is triggered

2021-11-18 11:31:28 - [MESSAGE][INFO] - Found 1 web elements with id: 'Object Repository/Kullanici_Islemleri/KullaniciIslemleri' located by 'By.cssSelector: .dropdown>a>img' in '30' second(s)

2021-11-18 11:31:28 - [MESSAGE][INFO] - Clicking on object: 'Object Repository/Kullanici_Islemleri/KullaniciIslemleri'

2021-11-18 11:31:28 - [MESSAGE][PASSED] - Object: 'Object Repository/Kullanici_Islemleri/KullaniciIslemleri' is clicked on

2021-11-18 11:31:28 - [TEST_STEP][PASSED] - Method.TextDegerineEsitElementeTikla(findTestObject("Object Repository/Kullanici_Islemleri/Secenekler"), Islem): Method.TextDegerineEsitElementeTikla is PASSED

2021-11-18 11:31:28 - [MESSAGE][INFO] - Finding Test Object 'Object Repository/Kullanici_Islemleri/Secenekler'

2021-11-18 11:31:28 - [MESSAGE][INFO] - Checking timeout

2021-11-18 11:31:28 - [MESSAGE][INFO] - Finding web element with id: 'Object Repository/Kullanici_Islemleri/Secenekler' located by 'By.cssSelector: .nav.navbar-nav.navbar-right li a' in '10' second(s)

2021-11-18 11:31:28 - [MESSAGE][INFO] - Smart Wait Function is triggered

2021-11-18 11:31:28 - [MESSAGE][INFO] - Found 22 web elements with id: 'Object Repository/Kullanici_Islemleri/Secenekler' located by 'By.cssSelector: .nav.navbar-nav.navbar-right li a' in '10' second(s)

2021-11-18 11:31:31 - [MESSAGE][PASSED] - Method.TextDegerineEsitElementeTikla is PASSED

2021-11-18 11:31:31 - [TEST_STEP][PASSED] - verifyElementNotPresent(findTestObject("Object Repository/Kullanici_Islemleri/Secenekler"), 10): Web element with id: 'Object Repository/Kullanici_Islemleri/Secenekler' located by 'By.cssSelector: .nav.navbar-nav.navbar-right li a' is not present after '10' second(s)

2021-11-18 11:31:31 - [MESSAGE][INFO] - Finding Test Object 'Object Repository/Kullanici_Islemleri/Secenekler'

2021-11-18 11:31:31 - [MESSAGE][INFO] - Checking object

2021-11-18 11:31:31 - [MESSAGE][INFO] - Checking timeout

2021-11-18 11:31:31 - [MESSAGE][INFO] - Finding web element with id: 'Object Repository/Kullanici_Islemleri/Secenekler' located by 'By.cssSelector: .nav.navbar-nav.navbar-right li a' in '10' second(s)

2021-11-18 11:31:31 - [MESSAGE][INFO] - Smart Wait Function is triggered

2021-11-18 11:31:32 - [MESSAGE][PASSED] - Web element with id: 'Object Repository/Kullanici_Islemleri/Secenekler' located by 'By.cssSelector: .nav.navbar-nav.navbar-right li a' is not present after '10' second(s)

2021-11-18 11:31:32 - [MESSAGE][PASSED] - Call Test Case 'Test Cases/Kullanici_Islemleri/KullaniciIslemlerindenSecimYapilir' successfully

2021-11-18 11:31:32 - [TEST_CASE][PASSED] - Start Test Case : SCENARIO e-Irsaliye Giden Kutusu Uygulama Yanıtlari UBL - Goster: SCENARIO e-Irsaliye Giden Kutusu Uygulama Yanıtlari UBL - Goster

2021-11-18 11:31:32 - [TEST_STEP][PASSED] - Kullanıcı adı ELOGO6 ve Şifre 123456 olarak giriş yapılır: Kullanıcı adı ELOGO6 ve Şifre 123456 olarak giriş yapılır

2021-11-18 11:31:32 - [MESSAGE][PASSED] - Kullanıcı adı ELOGO6 ve Şifre 123456 olarak giriş yapılır

2021-11-18 11:31:32 - [TEST_STEP][PASSED] - Ana menüden e-İrsaliye seçilir: Ana menüden e-İrsaliye seçilir

2021-11-18 11:31:32 - [MESSAGE][PASSED] - Ana menüden e-İrsaliye seçilir

2021-11-18 11:31:32 - [TEST_STEP][PASSED] - Alt menü Giden Kutusu başlığı altındaki İrsaliye Yanıtları seçilir: Alt menü Giden Kutusu başlığı altındaki İrsaliye Yanıtları seçilir

2021-11-18 11:31:32 - [MESSAGE][PASSED] - Alt menü Giden Kutusu başlığı altındaki İrsaliye Yanıtları seçilir

2021-11-18 11:31:32 - [TEST_STEP][PASSED] - Filtrelerden Oluşturma Tarihi filtresine 01.01.2020 baslangic degerini yaz: Filtrelerden Oluşturma Tarihi filtresine 01.01.2020 baslangic degerini yaz

2021-11-18 11:31:32 - [MESSAGE][PASSED] - Filtrelerden Oluşturma Tarihi filtresine 01.01.2020 baslangic degerini yaz

2021-11-18 11:31:32 - [TEST_STEP][PASSED] - Filtrelerden Oluşturma Tarihi filtresine 31.12.2020 bitis degerini yaz: Filtrelerden Oluşturma Tarihi filtresine 31.12.2020 bitis degerini yaz

2021-11-18 11:31:32 - [MESSAGE][PASSED] - Filtrelerden Oluşturma Tarihi filtresine 31.12.2020 bitis degerini yaz

2021-11-18 11:31:32 - [TEST_STEP][PASSED] - Filtre butonlarından Listele seçilir: Filtre butonlarından Listele seçilir

2021-11-18 11:31:32 - [MESSAGE][PASSED] - Filtre butonlarından Listele seçilir

2021-11-18 11:31:32 - [TEST_STEP][PASSED] - Tabloda veri var mı kontrol edilir: Tabloda veri var mı kontrol edilir

2021-11-18 11:31:32 - [MESSAGE][PASSED] - Tabloda veri var mı kontrol edilir

2021-11-18 11:31:32 - [TEST_STEP][PASSED] - Tablodan Logo Elektronik GIB Test isimli veri seçilir: Tablodan Logo Elektronik GIB Test isimli veri seçilir

2021-11-18 11:31:32 - [MESSAGE][PASSED] - Tablodan Logo Elektronik GIB Test isimli veri seçilir

2021-11-18 11:31:32 - [TEST_STEP][PASSED] - Butonlardan UBL isimli butona tıklanır: Butonlardan UBL isimli butona tıklanır

2021-11-18 11:31:32 - [MESSAGE][PASSED] - Butonlardan UBL isimli butona tıklanır

2021-11-18 11:31:32 - [TEST_STEP][PASSED] - Alt butonlardan Göster butonuna tıklanır: Alt butonlardan Göster butonuna tıklanır

2021-11-18 11:31:32 - [MESSAGE][PASSED] - Alt butonlardan Göster butonuna tıklanır

2021-11-18 11:31:32 - [TEST_STEP][PASSED] - Yeni açılan sekmeye geçilir: Yeni açılan sekmeye geçilir

2021-11-18 11:31:32 - [MESSAGE][PASSED] - Yeni açılan sekmeye geçilir

2021-11-18 11:31:32 - [TEST_STEP][PASSED] - ReceiptAdvice tagli ubl geldi mi: ReceiptAdvice tagli ubl geldi mi

2021-11-18 11:31:32 - [MESSAGE][PASSED] - ReceiptAdvice tagli ubl geldi mi

2021-11-18 11:31:32 - [TEST_STEP][PASSED] - Ana sekmeye geçilir: Ana sekmeye geçilir

2021-11-18 11:31:32 - [MESSAGE][PASSED] - Ana sekmeye geçilir

2021-11-18 11:31:32 - [TEST_STEP][PASSED] - Butonlardan UBL isimli butona tıklanır: Butonlardan UBL isimli butona tıklanır

2021-11-18 11:31:32 - [MESSAGE][PASSED] - Butonlardan UBL isimli butona tıklanır

2021-11-18 11:31:32 - [TEST_STEP][PASSED] - Alt butonlardan İndir butonuna tıklanır: Alt butonlardan İndir butonuna tıklanır

2021-11-18 11:31:32 - [MESSAGE][PASSED] - Alt butonlardan İndir butonuna tıklanır

2021-11-18 11:31:32 - [TEST_STEP][PASSED] - Ön eki ReceiptAdvice olan dosya indirildi mi: Ön eki ReceiptAdvice olan dosya indirildi mi

2021-11-18 11:31:32 - [MESSAGE][PASSED] - Ön eki ReceiptAdvice olan dosya indirildi mi

2021-11-18 11:31:32 - [TEST_STEP][PASSED] - Kullanıcı işlemlerinden Çıkış seçilir: Kullanıcı işlemlerinden Çıkış seçilir

2021-11-18 11:31:32 - [MESSAGE][PASSED] - Kullanıcı işlemlerinden Çıkış seçilir

2021-11-18 11:31:32 - [MESSAGE][PASSED] - Feature file: 'Include/features/e-Irsaliye/Giden Kutusu/Irsaliye Yanitlari/UBL-Goster-Indir.feature' was passed

2021-11-18 11:31:32 - [TEST_STEP][PASSED] - Start listener action : sampleAfterTestSuite: Invoke 'com.kms.katalon.core.annotation.AfterTestCase' method: 'Listener.sampleAfterTestSuite(...)' completed.

2021-11-18 11:31:32 - [MESSAGE][INFO] - Starting invoke 'com.kms.katalon.core.annotation.AfterTestCase' method: 'Listener.sampleAfterTestSuite(...)'

2021-11-18 11:31:32 - [TEST_STEP][PASSED] - closeBrowser(): Invoke 'com.kms.katalon.core.annotation.AfterTestCase' method: 'Listener.sampleAfterTestSuite(...)' completed.

2021-11-18 11:31:32 - [MESSAGE][INFO] - Closing browser

2021-11-18 11:31:33 - [MESSAGE][PASSED] - Browser is closed

2021-11-18 11:31:33 - [MESSAGE][INFO] - Invoke 'com.kms.katalon.core.annotation.AfterTestCase' method: 'Listener.sampleAfterTestSuite(...)' completed.]]></system-out>
         <system-err><![CDATA[]]></system-err>
      </testcase>
      <testcase name="Test Cases/Case Repository/e-Irsaliye/Giden Kutusu/Irsaliyeler/Departman Ata_Geri Al" time="45.433" classname="Test Cases/Case Repository/e-Irsaliye/Giden Kutusu/Irsaliyeler/Departman Ata_Geri Al" status="PASSED">
         <system-out><![CDATA[2021-11-18 11:31:33 - [TEST_CASE][PASSED] - Test Cases/Case Repository/e-Irsaliye/Giden Kutusu/Irsaliyeler/Departman Ata_Geri Al: Test Cases/Case Repository/e-Irsaliye/Giden Kutusu/Irsaliyeler/Departman Ata_Geri Al

2021-11-18 11:31:33 - [TEST_STEP][PASSED] - Start listener action : sampleBeforeTestSuite: Invoke 'com.kms.katalon.core.annotation.BeforeTestCase' method: 'Listener.sampleBeforeTestSuite(...)' completed.

2021-11-18 11:31:33 - [MESSAGE][INFO] - Starting invoke 'com.kms.katalon.core.annotation.BeforeTestCase' method: 'Listener.sampleBeforeTestSuite(...)'

2021-11-18 11:31:33 - [TEST_STEP][PASSED] - openBrowser(baseUrl): Browser is opened with url: 'https://efatura-stage.elogo.com.tr/'

2021-11-18 11:31:33 - [MESSAGE][INFO] - Opening browser

2021-11-18 11:31:33 - [MESSAGE][INFO] - Starting 'Chrome' driver

2021-11-18 11:31:33 - [MESSAGE][INFO] - User set preference: ['prefs', '{download.default_directory=C:\otomasyondownfiles}']

2021-11-18 11:31:33 - [MESSAGE][INFO] - Action delay is set to 0 milliseconds

2021-11-18 11:31:34 - [MESSAGE][INFO] - Navigating browser to: 'https://efatura-stage.elogo.com.tr/'

2021-11-18 11:31:36 - [MESSAGE][PASSED] - Browser is opened with url: 'https://efatura-stage.elogo.com.tr/'

2021-11-18 11:31:36 - [TEST_STEP][PASSED] - maximizeWindow(): Invoke 'com.kms.katalon.core.annotation.BeforeTestCase' method: 'Listener.sampleBeforeTestSuite(...)' completed.

2021-11-18 11:31:36 - [MESSAGE][INFO] - Maximizing current window

2021-11-18 11:31:37 - [MESSAGE][PASSED] - Current window maximized

2021-11-18 11:31:37 - [MESSAGE][INFO] - Invoke 'com.kms.katalon.core.annotation.BeforeTestCase' method: 'Listener.sampleBeforeTestSuite(...)' completed.

2021-11-18 11:31:37 - [TEST_STEP][PASSED] - runFeatureFile("Include/features/e-Irsaliye/Giden Kutusu/Irsaliyeler/Departman Ata_Geri Al.feature"): Feature file: 'Include/features/e-Irsaliye/Giden Kutusu/Irsaliyeler/Departman Ata_Geri Al.feature' was passed

2021-11-18 11:31:37 - [MESSAGE][INFO] - Starting run keyword runFeatureFile: 'Include/features/e-Irsaliye/Giden Kutusu/Irsaliyeler/Departman Ata_Geri Al.feature' and extract report to folder: 'C:\Users\DELL\Documents\GitHub\EES_KatalonLogo\Reports\20211118_110909\Suite Repository\e-Irsaliye\20211118_110920/cucumber_report/1637224297898'...

2021-11-18 11:31:37 - [MESSAGE][INFO] - Glue: []

2021-11-18 11:31:39 - [MESSAGE][INFO] - Checking called Test Case

2021-11-18 11:31:39 - [MESSAGE][INFO] - Starting to call Test Case 'Test Cases/Sayfalar/Giris_Sayfasi/Login'

2021-11-18 11:31:40 - [TEST_CASE][PASSED] - Test Cases/Sayfalar/Giris_Sayfasi/Login: Test Cases/Sayfalar/Giris_Sayfasi/Login

2021-11-18 11:31:40 - [TEST_STEP][PASSED] - Sayfa_Basligi = getWindowTitle(): Current window's title is: 'LOGO e-Fatura'

2021-11-18 11:31:40 - [MESSAGE][INFO] - Getting current window's title

2021-11-18 11:31:40 - [MESSAGE][PASSED] - Current window's title is: 'LOGO e-Fatura'

2021-11-18 11:31:40 - [TEST_STEP][PASSED] - verifyMatch(Sayfa_Basligi, "LOGO e-Fatura", false): Actual text 'LOGO e-Fatura' and expected text 'LOGO e-Fatura' are matched 

2021-11-18 11:31:40 - [MESSAGE][INFO] - Matching actual text 'LOGO e-Fatura' with expected text 'LOGO e-Fatura'

2021-11-18 11:31:40 - [MESSAGE][PASSED] - Actual text 'LOGO e-Fatura' and expected text 'LOGO e-Fatura' are matched 

2021-11-18 11:31:40 - [TEST_STEP][PASSED] - sendKeys(findTestObject("Sayfalar/Giris_Sayfasi/Firma_Kodu"), KullaniciAdi): Keys 'ELOGO6' sent to object: 'Object Repository/Sayfalar/Giris_Sayfasi/Firma_Kodu'

2021-11-18 11:31:40 - [MESSAGE][INFO] - Finding Test Object 'Object Repository/Sayfalar/Giris_Sayfasi/Firma_Kodu'

2021-11-18 11:31:40 - [MESSAGE][INFO] - Sending keys 'ELOGO6' to object: 'Object Repository/Sayfalar/Giris_Sayfasi/Firma_Kodu'

2021-11-18 11:31:40 - [MESSAGE][INFO] - Finding web element from Test Object's properties

2021-11-18 11:31:40 - [MESSAGE][INFO] - Checking timeout

2021-11-18 11:31:40 - [MESSAGE][INFO] - Finding web element with id: 'Object Repository/Sayfalar/Giris_Sayfasi/Firma_Kodu' located by 'By.xpath: //*[@id = 'AccountName']' in '30' second(s)

2021-11-18 11:31:40 - [MESSAGE][INFO] - Smart Wait Function is triggered

2021-11-18 11:31:40 - [MESSAGE][INFO] - Found 1 web elements with id: 'Object Repository/Sayfalar/Giris_Sayfasi/Firma_Kodu' located by 'By.xpath: //*[@id = 'AccountName']' in '30' second(s)

2021-11-18 11:31:40 - [MESSAGE][PASSED] - Keys 'ELOGO6' sent to object: 'Object Repository/Sayfalar/Giris_Sayfasi/Firma_Kodu'

2021-11-18 11:31:40 - [TEST_STEP][PASSED] - sendKeys(findTestObject("Sayfalar/Giris_Sayfasi/Sifre"), Sifre): Keys '123456' sent to object: 'Object Repository/Sayfalar/Giris_Sayfasi/Sifre'

2021-11-18 11:31:40 - [MESSAGE][INFO] - Finding Test Object 'Object Repository/Sayfalar/Giris_Sayfasi/Sifre'

2021-11-18 11:31:40 - [MESSAGE][INFO] - Sending keys '123456' to object: 'Object Repository/Sayfalar/Giris_Sayfasi/Sifre'

2021-11-18 11:31:40 - [MESSAGE][INFO] - Finding web element from Test Object's properties

2021-11-18 11:31:40 - [MESSAGE][INFO] - Checking timeout

2021-11-18 11:31:40 - [MESSAGE][INFO] - Finding web element with id: 'Object Repository/Sayfalar/Giris_Sayfasi/Sifre' located by 'By.xpath: //*[@id = 'Password']' in '30' second(s)

2021-11-18 11:31:40 - [MESSAGE][INFO] - Smart Wait Function is triggered

2021-11-18 11:31:41 - [MESSAGE][INFO] - Found 1 web elements with id: 'Object Repository/Sayfalar/Giris_Sayfasi/Sifre' located by 'By.xpath: //*[@id = 'Password']' in '30' second(s)

2021-11-18 11:31:41 - [MESSAGE][PASSED] - Keys '123456' sent to object: 'Object Repository/Sayfalar/Giris_Sayfasi/Sifre'

2021-11-18 11:31:41 - [TEST_STEP][PASSED] - findWebElement(findTestObject("Sayfalar/Giris_Sayfasi/Giris_Butonu")).click(): Found 1 web elements with id: 'Object Repository/Sayfalar/Giris_Sayfasi/Giris_Butonu' located by 'By.cssSelector: #btnLogin' in '30' second(s)

2021-11-18 11:31:41 - [MESSAGE][INFO] - Finding Test Object 'Object Repository/Sayfalar/Giris_Sayfasi/Giris_Butonu'

2021-11-18 11:31:41 - [MESSAGE][INFO] - Finding web element from Test Object's properties

2021-11-18 11:31:41 - [MESSAGE][INFO] - Checking timeout

2021-11-18 11:31:41 - [MESSAGE][INFO] - Finding web element with id: 'Object Repository/Sayfalar/Giris_Sayfasi/Giris_Butonu' located by 'By.cssSelector: #btnLogin' in '30' second(s)

2021-11-18 11:31:41 - [MESSAGE][INFO] - Smart Wait Function is triggered

2021-11-18 11:31:41 - [MESSAGE][INFO] - Found 1 web elements with id: 'Object Repository/Sayfalar/Giris_Sayfasi/Giris_Butonu' located by 'By.cssSelector: #btnLogin' in '30' second(s)

2021-11-18 11:31:44 - [TEST_STEP][PASSED] - if (verifyElementPresent(findTestObject("Object Repository/Sayfalar/Giris_Sayfasi/RetveTamam_Butonu"), 5, OPTIONAL)): null

2021-11-18 11:31:44 - [MESSAGE][INFO] - Finding Test Object 'Object Repository/Sayfalar/Giris_Sayfasi/RetveTamam_Butonu'

2021-11-18 11:31:44 - [MESSAGE][INFO] - Checking object

2021-11-18 11:31:44 - [MESSAGE][INFO] - Finding web element from Test Object's properties

2021-11-18 11:31:44 - [MESSAGE][INFO] - Checking timeout

2021-11-18 11:31:44 - [MESSAGE][INFO] - Finding web element with id: 'Object Repository/Sayfalar/Giris_Sayfasi/RetveTamam_Butonu' located by 'By.xpath: //*[@class = 'btn btn-default']' in '5' second(s)

2021-11-18 11:31:44 - [MESSAGE][INFO] - Smart Wait Function is triggered

2021-11-18 11:31:44 - [MESSAGE][INFO] - Found 1 web elements with id: 'Object Repository/Sayfalar/Giris_Sayfasi/RetveTamam_Butonu' located by 'By.xpath: //*[@class = 'btn btn-default']' in '5' second(s)

2021-11-18 11:31:44 - [MESSAGE][PASSED] - Object 'Object Repository/Sayfalar/Giris_Sayfasi/RetveTamam_Butonu' is present

2021-11-18 11:31:44 - [TEST_STEP][PASSED] - click(findTestObject("Object Repository/Sayfalar/Giris_Sayfasi/RetveTamam_Butonu")): Object: 'Object Repository/Sayfalar/Giris_Sayfasi/RetveTamam_Butonu' is clicked on

2021-11-18 11:31:44 - [MESSAGE][INFO] - Finding Test Object 'Object Repository/Sayfalar/Giris_Sayfasi/RetveTamam_Butonu'

2021-11-18 11:31:44 - [MESSAGE][INFO] - Checking object

2021-11-18 11:31:44 - [MESSAGE][INFO] - Finding web element from Test Object's properties

2021-11-18 11:31:44 - [MESSAGE][INFO] - Checking timeout

2021-11-18 11:31:44 - [MESSAGE][INFO] - Finding web element with id: 'Object Repository/Sayfalar/Giris_Sayfasi/RetveTamam_Butonu' located by 'By.xpath: //*[@class = 'btn btn-default']' in '30' second(s)

2021-11-18 11:31:44 - [MESSAGE][INFO] - Smart Wait Function is triggered

2021-11-18 11:31:44 - [MESSAGE][INFO] - Found 1 web elements with id: 'Object Repository/Sayfalar/Giris_Sayfasi/RetveTamam_Butonu' located by 'By.xpath: //*[@class = 'btn btn-default']' in '30' second(s)

2021-11-18 11:31:44 - [MESSAGE][INFO] - Clicking on object: 'Object Repository/Sayfalar/Giris_Sayfasi/RetveTamam_Butonu'

2021-11-18 11:31:44 - [MESSAGE][PASSED] - Object: 'Object Repository/Sayfalar/Giris_Sayfasi/RetveTamam_Butonu' is clicked on

2021-11-18 11:31:44 - [TEST_STEP][PASSED] - click(findTestObject("Object Repository/Sayfalar/Giris_Sayfasi/RetveTamam_Butonu")): Object: 'Object Repository/Sayfalar/Giris_Sayfasi/RetveTamam_Butonu' is clicked on

2021-11-18 11:31:44 - [MESSAGE][INFO] - Finding Test Object 'Object Repository/Sayfalar/Giris_Sayfasi/RetveTamam_Butonu'

2021-11-18 11:31:44 - [MESSAGE][INFO] - Checking object

2021-11-18 11:31:44 - [MESSAGE][INFO] - Finding web element from Test Object's properties

2021-11-18 11:31:44 - [MESSAGE][INFO] - Checking timeout

2021-11-18 11:31:44 - [MESSAGE][INFO] - Finding web element with id: 'Object Repository/Sayfalar/Giris_Sayfasi/RetveTamam_Butonu' located by 'By.xpath: //*[@class = 'btn btn-default']' in '30' second(s)

2021-11-18 11:31:44 - [MESSAGE][INFO] - Smart Wait Function is triggered

2021-11-18 11:31:50 - [MESSAGE][INFO] - Found 1 web elements with id: 'Object Repository/Sayfalar/Giris_Sayfasi/RetveTamam_Butonu' located by 'By.xpath: //*[@class = 'btn btn-default']' in '30' second(s)

2021-11-18 11:31:50 - [MESSAGE][INFO] - Clicking on object: 'Object Repository/Sayfalar/Giris_Sayfasi/RetveTamam_Butonu'

2021-11-18 11:31:50 - [MESSAGE][PASSED] - Object: 'Object Repository/Sayfalar/Giris_Sayfasi/RetveTamam_Butonu' is clicked on

2021-11-18 11:31:50 - [TEST_STEP][PASSED] - if (verifyElementPresent(findTestObject("Sayfalar/Giris_Sayfasi/PopupOK"), 5, OPTIONAL)): null

2021-11-18 11:31:50 - [MESSAGE][INFO] - Finding Test Object 'Object Repository/Sayfalar/Giris_Sayfasi/PopupOK'

2021-11-18 11:31:50 - [MESSAGE][INFO] - Checking object

2021-11-18 11:31:50 - [MESSAGE][INFO] - Finding web element from Test Object's properties

2021-11-18 11:31:50 - [MESSAGE][INFO] - Checking timeout

2021-11-18 11:31:50 - [MESSAGE][INFO] - Finding web element with id: 'Object Repository/Sayfalar/Giris_Sayfasi/PopupOK' located by 'By.cssSelector: .btn.btn-success' in '5' second(s)

2021-11-18 11:31:50 - [MESSAGE][INFO] - Smart Wait Function is triggered

2021-11-18 11:31:51 - [MESSAGE][INFO] - Found 1 web elements with id: 'Object Repository/Sayfalar/Giris_Sayfasi/PopupOK' located by 'By.cssSelector: .btn.btn-success' in '5' second(s)

2021-11-18 11:31:51 - [MESSAGE][PASSED] - Object 'Object Repository/Sayfalar/Giris_Sayfasi/PopupOK' is present

2021-11-18 11:31:51 - [TEST_STEP][PASSED] - click(findTestObject("Object Repository/Sayfalar/Giris_Sayfasi/PopupCarpiGiris")): Object: 'Object Repository/Sayfalar/Giris_Sayfasi/PopupCarpiGiris' is clicked on

2021-11-18 11:31:51 - [MESSAGE][INFO] - Finding Test Object 'Object Repository/Sayfalar/Giris_Sayfasi/PopupCarpiGiris'

2021-11-18 11:31:51 - [MESSAGE][INFO] - Checking object

2021-11-18 11:31:51 - [MESSAGE][INFO] - Finding web element from Test Object's properties

2021-11-18 11:31:51 - [MESSAGE][INFO] - Checking timeout

2021-11-18 11:31:51 - [MESSAGE][INFO] - Finding web element with id: 'Object Repository/Sayfalar/Giris_Sayfasi/PopupCarpiGiris' located by 'By.cssSelector: .bootbox-close-button.close' in '30' second(s)

2021-11-18 11:31:51 - [MESSAGE][INFO] - Smart Wait Function is triggered

2021-11-18 11:31:51 - [MESSAGE][INFO] - Found 1 web elements with id: 'Object Repository/Sayfalar/Giris_Sayfasi/PopupCarpiGiris' located by 'By.cssSelector: .bootbox-close-button.close' in '30' second(s)

2021-11-18 11:31:51 - [MESSAGE][INFO] - Clicking on object: 'Object Repository/Sayfalar/Giris_Sayfasi/PopupCarpiGiris'

2021-11-18 11:31:51 - [MESSAGE][PASSED] - Object: 'Object Repository/Sayfalar/Giris_Sayfasi/PopupCarpiGiris' is clicked on

2021-11-18 11:31:51 - [TEST_STEP][PASSED] - verifyElementVisible(findTestObject("Object Repository/Kullanici_Islemleri/KullaniciIslemleri")): Object 'Object Repository/Kullanici_Islemleri/KullaniciIslemleri' is visible

2021-11-18 11:31:51 - [MESSAGE][INFO] - Finding Test Object 'Object Repository/Kullanici_Islemleri/KullaniciIslemleri'

2021-11-18 11:31:51 - [MESSAGE][INFO] - Checking object

2021-11-18 11:31:51 - [MESSAGE][INFO] - Finding web element from Test Object's properties

2021-11-18 11:31:51 - [MESSAGE][INFO] - Checking timeout

2021-11-18 11:31:51 - [MESSAGE][INFO] - Finding web element with id: 'Object Repository/Kullanici_Islemleri/KullaniciIslemleri' located by 'By.cssSelector: .dropdown>a>img' in '30' second(s)

2021-11-18 11:31:51 - [MESSAGE][INFO] - Smart Wait Function is triggered

2021-11-18 11:31:52 - [MESSAGE][INFO] - Found 1 web elements with id: 'Object Repository/Kullanici_Islemleri/KullaniciIslemleri' located by 'By.cssSelector: .dropdown>a>img' in '30' second(s)

2021-11-18 11:31:52 - [MESSAGE][PASSED] - Object 'Object Repository/Kullanici_Islemleri/KullaniciIslemleri' is visible

2021-11-18 11:31:52 - [MESSAGE][PASSED] - Call Test Case 'Test Cases/Sayfalar/Giris_Sayfasi/Login' successfully

2021-11-18 11:31:52 - [MESSAGE][INFO] - Checking called Test Case

2021-11-18 11:31:52 - [MESSAGE][INFO] - Starting to call Test Case 'Test Cases/Menu/AnaMenuSecimi'

2021-11-18 11:31:52 - [TEST_CASE][PASSED] - Test Cases/Menu/AnaMenuSecimi: Test Cases/Menu/AnaMenuSecimi

2021-11-18 11:31:52 - [TEST_STEP][PASSED] - Method.TextDegerineEsitElementeTikla(findTestObject("Menu/Ana_Menu"), Ana_Menu): Method.TextDegerineEsitElementeTikla is PASSED

2021-11-18 11:31:52 - [MESSAGE][INFO] - Finding Test Object 'Object Repository/Menu/Ana_Menu'

2021-11-18 11:31:52 - [MESSAGE][INFO] - Checking timeout

2021-11-18 11:31:52 - [MESSAGE][INFO] - Finding web element with id: 'Object Repository/Menu/Ana_Menu' located by 'By.xpath: //*[@class = 'dropdown-toggle']' in '10' second(s)

2021-11-18 11:31:52 - [MESSAGE][INFO] - Smart Wait Function is triggered

2021-11-18 11:31:52 - [MESSAGE][INFO] - Found 14 web elements with id: 'Object Repository/Menu/Ana_Menu' located by 'By.xpath: //*[@class = 'dropdown-toggle']' in '10' second(s)

2021-11-18 11:31:52 - [MESSAGE][PASSED] - Method.TextDegerineEsitElementeTikla is PASSED

2021-11-18 11:31:52 - [MESSAGE][PASSED] - Call Test Case 'Test Cases/Menu/AnaMenuSecimi' successfully

2021-11-18 11:31:52 - [MESSAGE][INFO] - Checking called Test Case

2021-11-18 11:31:52 - [MESSAGE][INFO] - Starting to call Test Case 'Test Cases/Menu/BasligaGoreAltMenuSecimi'

2021-11-18 11:31:53 - [TEST_CASE][PASSED] - Test Cases/Menu/BasligaGoreAltMenuSecimi: Test Cases/Menu/BasligaGoreAltMenuSecimi

2021-11-18 11:31:53 - [TEST_STEP][PASSED] - Method.TextDegerineEsitElementinAltindakiTextDegerineEsitOlanaTikla(findTestObject("Menu/Menu_Basligi"), findTestObject("Menu/Basliga_Gore_Alt_Menu"), Baslik, Alt_Menu): Method.TextDegerineEsitElementinAltindakiTextDegerineEsitOlanaTikla is PASSED

2021-11-18 11:31:53 - [MESSAGE][INFO] - Finding Test Object 'Object Repository/Menu/Menu_Basligi'

2021-11-18 11:31:53 - [MESSAGE][INFO] - Finding Test Object 'Object Repository/Menu/Basliga_Gore_Alt_Menu'

2021-11-18 11:31:53 - [MESSAGE][INFO] - Checking timeout

2021-11-18 11:31:53 - [MESSAGE][INFO] - Finding web element with id: 'Object Repository/Menu/Menu_Basligi' located by 'By.xpath: //li[@class='dropdown dropdown-large open']//li[@class='dropdown-header']' in '10' second(s)

2021-11-18 11:31:53 - [MESSAGE][INFO] - Smart Wait Function is triggered

2021-11-18 11:31:53 - [MESSAGE][INFO] - Found 3 web elements with id: 'Object Repository/Menu/Menu_Basligi' located by 'By.xpath: //li[@class='dropdown dropdown-large open']//li[@class='dropdown-header']' in '10' second(s)

2021-11-18 11:31:53 - [MESSAGE][INFO] - Smart Wait Function is triggered

2021-11-18 11:31:55 - [MESSAGE][PASSED] - Method.TextDegerineEsitElementinAltindakiTextDegerineEsitOlanaTikla is PASSED

2021-11-18 11:31:55 - [MESSAGE][PASSED] - Call Test Case 'Test Cases/Menu/BasligaGoreAltMenuSecimi' successfully

2021-11-18 11:31:55 - [MESSAGE][INFO] - Checking called Test Case

2021-11-18 11:31:55 - [MESSAGE][INFO] - Starting to call Test Case 'Test Cases/Filtreler/BaslangicYaz'

2021-11-18 11:31:55 - [TEST_CASE][PASSED] - Test Cases/Filtreler/BaslangicYaz: Test Cases/Filtreler/BaslangicYaz

2021-11-18 11:31:55 - [TEST_STEP][PASSED] - delay(3): Delayed 3 second(s)

2021-11-18 11:31:55 - [MESSAGE][INFO] - Delaying browser in 3 second(s)

2021-11-18 11:31:58 - [MESSAGE][PASSED] - Delayed 3 second(s)

2021-11-18 11:31:58 - [TEST_STEP][PASSED] - Method.TextDegerineEsitElementinAltindakineTikla(findTestObject("Filtreler/Basliklar"), findTestObject("Filtreler/Basliga_Gore_Baslangic_Image"), Filtre_Adi): Method.TextDegerineEsitElementinAltindakineTikla is PASSED

2021-11-18 11:31:58 - [MESSAGE][INFO] - Finding Test Object 'Object Repository/Filtreler/Basliklar'

2021-11-18 11:31:58 - [MESSAGE][INFO] - Finding Test Object 'Object Repository/Filtreler/Basliga_Gore_Baslangic_Image'

2021-11-18 11:31:58 - [MESSAGE][INFO] - Checking timeout

2021-11-18 11:31:58 - [MESSAGE][INFO] - Finding web element with id: 'Object Repository/Filtreler/Basliklar' located by 'By.cssSelector: .control-label.col-sm-4.paddingMarginRLC' in '10' second(s)

2021-11-18 11:31:58 - [MESSAGE][INFO] - Smart Wait Function is triggered

2021-11-18 11:31:59 - [MESSAGE][INFO] - Found 18 web elements with id: 'Object Repository/Filtreler/Basliklar' located by 'By.cssSelector: .control-label.col-sm-4.paddingMarginRLC' in '10' second(s)

2021-11-18 11:31:59 - [MESSAGE][INFO] - Smart Wait Function is triggered

2021-11-18 11:31:59 - [MESSAGE][PASSED] - Method.TextDegerineEsitElementinAltindakineTikla is PASSED

2021-11-18 11:31:59 - [TEST_STEP][PASSED] - Method.TextDegerineEsitElementinAltindakiTextboxtaYaz(findTestObject("Filtreler/Basliklar"), findTestObject("Filtreler/Basliga_Gore_Baslangic"), Filtre_Adi, Filtre_Degeri): Method.TextDegerineEsitElementinAltindakiTextboxtaYaz is PASSED

2021-11-18 11:31:59 - [MESSAGE][INFO] - Finding Test Object 'Object Repository/Filtreler/Basliklar'

2021-11-18 11:31:59 - [MESSAGE][INFO] - Finding Test Object 'Object Repository/Filtreler/Basliga_Gore_Baslangic'

2021-11-18 11:31:59 - [MESSAGE][INFO] - Checking timeout

2021-11-18 11:31:59 - [MESSAGE][INFO] - Finding web element with id: 'Object Repository/Filtreler/Basliklar' located by 'By.cssSelector: .control-label.col-sm-4.paddingMarginRLC' in '10' second(s)

2021-11-18 11:31:59 - [MESSAGE][INFO] - Smart Wait Function is triggered

2021-11-18 11:31:59 - [MESSAGE][INFO] - Found 18 web elements with id: 'Object Repository/Filtreler/Basliklar' located by 'By.cssSelector: .control-label.col-sm-4.paddingMarginRLC' in '10' second(s)

2021-11-18 11:32:00 - [MESSAGE][INFO] - Smart Wait Function is triggered

2021-11-18 11:32:00 - [MESSAGE][PASSED] - Method.TextDegerineEsitElementinAltindakiTextboxtaYaz is PASSED

2021-11-18 11:32:00 - [MESSAGE][PASSED] - Call Test Case 'Test Cases/Filtreler/BaslangicYaz' successfully

2021-11-18 11:32:00 - [MESSAGE][INFO] - Checking called Test Case

2021-11-18 11:32:00 - [MESSAGE][INFO] - Starting to call Test Case 'Test Cases/Filtreler/BitisYaz'

2021-11-18 11:32:00 - [TEST_CASE][PASSED] - Test Cases/Filtreler/BitisYaz: Test Cases/Filtreler/BitisYaz

2021-11-18 11:32:00 - [TEST_STEP][PASSED] - Method.TextDegerineEsitElementinAltindakineTikla(findTestObject("Filtreler/Basliklar"), findTestObject("Filtreler/Basliga_Gore_Bitis_Image"), Filtre_Adi): Method.TextDegerineEsitElementinAltindakineTikla is PASSED

2021-11-18 11:32:00 - [MESSAGE][INFO] - Finding Test Object 'Object Repository/Filtreler/Basliklar'

2021-11-18 11:32:00 - [MESSAGE][INFO] - Finding Test Object 'Object Repository/Filtreler/Basliga_Gore_Bitis_Image'

2021-11-18 11:32:00 - [MESSAGE][INFO] - Checking timeout

2021-11-18 11:32:00 - [MESSAGE][INFO] - Finding web element with id: 'Object Repository/Filtreler/Basliklar' located by 'By.cssSelector: .control-label.col-sm-4.paddingMarginRLC' in '10' second(s)

2021-11-18 11:32:00 - [MESSAGE][INFO] - Smart Wait Function is triggered

2021-11-18 11:32:01 - [MESSAGE][INFO] - Found 18 web elements with id: 'Object Repository/Filtreler/Basliklar' located by 'By.cssSelector: .control-label.col-sm-4.paddingMarginRLC' in '10' second(s)

2021-11-18 11:32:01 - [MESSAGE][INFO] - Smart Wait Function is triggered

2021-11-18 11:32:01 - [MESSAGE][PASSED] - Method.TextDegerineEsitElementinAltindakineTikla is PASSED

2021-11-18 11:32:01 - [TEST_STEP][PASSED] - Method.TextDegerineEsitElementinAltindakiTextboxtaYaz(findTestObject("Filtreler/Basliklar"), findTestObject("Object Repository/Filtreler/Basliga_Gore_Bitis"), Filtre_Adi, Filtre_Degeri): Method.TextDegerineEsitElementinAltindakiTextboxtaYaz is PASSED

2021-11-18 11:32:01 - [MESSAGE][INFO] - Finding Test Object 'Object Repository/Filtreler/Basliklar'

2021-11-18 11:32:01 - [MESSAGE][INFO] - Finding Test Object 'Object Repository/Filtreler/Basliga_Gore_Bitis'

2021-11-18 11:32:01 - [MESSAGE][INFO] - Checking timeout

2021-11-18 11:32:01 - [MESSAGE][INFO] - Finding web element with id: 'Object Repository/Filtreler/Basliklar' located by 'By.cssSelector: .control-label.col-sm-4.paddingMarginRLC' in '10' second(s)

2021-11-18 11:32:01 - [MESSAGE][INFO] - Smart Wait Function is triggered

2021-11-18 11:32:01 - [MESSAGE][INFO] - Found 18 web elements with id: 'Object Repository/Filtreler/Basliklar' located by 'By.cssSelector: .control-label.col-sm-4.paddingMarginRLC' in '10' second(s)

2021-11-18 11:32:02 - [MESSAGE][INFO] - Smart Wait Function is triggered

2021-11-18 11:32:02 - [MESSAGE][PASSED] - Method.TextDegerineEsitElementinAltindakiTextboxtaYaz is PASSED

2021-11-18 11:32:02 - [MESSAGE][PASSED] - Call Test Case 'Test Cases/Filtreler/BitisYaz' successfully

2021-11-18 11:32:02 - [MESSAGE][INFO] - Checking called Test Case

2021-11-18 11:32:02 - [MESSAGE][INFO] - Starting to call Test Case 'Test Cases/Filtreler/ButonaTikla'

2021-11-18 11:32:02 - [TEST_CASE][PASSED] - Test Cases/Filtreler/ButonaTikla: Test Cases/Filtreler/ButonaTikla

2021-11-18 11:32:02 - [TEST_STEP][PASSED] - Method.TextDegerineEsitElementeTikla(findTestObject("Filtreler/Butonlar"), Filtre_Buton): Method.TextDegerineEsitElementeTikla is PASSED

2021-11-18 11:32:02 - [MESSAGE][INFO] - Finding Test Object 'Object Repository/Filtreler/Butonlar'

2021-11-18 11:32:02 - [MESSAGE][INFO] - Checking timeout

2021-11-18 11:32:02 - [MESSAGE][INFO] - Finding web element with id: 'Object Repository/Filtreler/Butonlar' located by 'By.cssSelector: .dxb>span' in '10' second(s)

2021-11-18 11:32:02 - [MESSAGE][INFO] - Smart Wait Function is triggered

2021-11-18 11:32:02 - [MESSAGE][INFO] - Found 3 web elements with id: 'Object Repository/Filtreler/Butonlar' located by 'By.cssSelector: .dxb>span' in '10' second(s)

2021-11-18 11:32:03 - [MESSAGE][PASSED] - Method.TextDegerineEsitElementeTikla is PASSED

2021-11-18 11:32:03 - [MESSAGE][PASSED] - Call Test Case 'Test Cases/Filtreler/ButonaTikla' successfully

2021-11-18 11:32:03 - [MESSAGE][INFO] - Checking called Test Case

2021-11-18 11:32:03 - [MESSAGE][INFO] - Starting to call Test Case 'Test Cases/Tablo/TablodaVeriVarMi'

2021-11-18 11:32:03 - [TEST_CASE][PASSED] - Test Cases/Tablo/TablodaVeriVarMi: Test Cases/Tablo/TablodaVeriVarMi

2021-11-18 11:32:03 - [TEST_STEP][PASSED] - verifyTextNotPresent("Görüntülenecek veri yok", true): Text 'Görüntülenecek veri yok' is not present on page using regular expression

2021-11-18 11:32:03 - [MESSAGE][INFO] - Checking text present  using regular expression

2021-11-18 11:32:03 - [MESSAGE][INFO] - Smart Wait Function is triggered

2021-11-18 11:32:04 - [MESSAGE][INFO] - Finding text 'Görüntülenecek veri yok' on page  using regular expression

2021-11-18 11:32:04 - [MESSAGE][PASSED] - Text 'Görüntülenecek veri yok' is not present on page using regular expression

2021-11-18 11:32:04 - [MESSAGE][PASSED] - Call Test Case 'Test Cases/Tablo/TablodaVeriVarMi' successfully

2021-11-18 11:32:04 - [MESSAGE][INFO] - Checking called Test Case

2021-11-18 11:32:04 - [MESSAGE][INFO] - Starting to call Test Case 'Test Cases/Tablo/TablodanVeriSec'

2021-11-18 11:32:04 - [TEST_CASE][PASSED] - Test Cases/Tablo/TablodanVeriSec: Test Cases/Tablo/TablodanVeriSec

2021-11-18 11:32:04 - [TEST_STEP][PASSED] - Method.TextDegerineEsitElementinAltindakineTikla(findTestObject("Tablo/Veriler"), findTestObject("Tablo/VerininCheckBoxi"), Veri_Adi): Method.TextDegerineEsitElementinAltindakineTikla is PASSED

2021-11-18 11:32:04 - [MESSAGE][INFO] - Finding Test Object 'Object Repository/Tablo/Veriler'

2021-11-18 11:32:04 - [MESSAGE][INFO] - Finding Test Object 'Object Repository/Tablo/VerininCheckBoxi'

2021-11-18 11:32:04 - [MESSAGE][INFO] - Checking timeout

2021-11-18 11:32:04 - [MESSAGE][INFO] - Finding web element with id: 'Object Repository/Tablo/Veriler' located by 'By.cssSelector: td.dxgv b ,td.dxgv' in '10' second(s)

2021-11-18 11:32:04 - [MESSAGE][INFO] - Smart Wait Function is triggered

2021-11-18 11:32:04 - [MESSAGE][INFO] - Found 120 web elements with id: 'Object Repository/Tablo/Veriler' located by 'By.cssSelector: td.dxgv b ,td.dxgv' in '10' second(s)

2021-11-18 11:32:04 - [MESSAGE][INFO] - Smart Wait Function is triggered

2021-11-18 11:32:04 - [MESSAGE][PASSED] - Method.TextDegerineEsitElementinAltindakineTikla is PASSED

2021-11-18 11:32:04 - [MESSAGE][PASSED] - Call Test Case 'Test Cases/Tablo/TablodanVeriSec' successfully

2021-11-18 11:32:04 - [MESSAGE][INFO] - Checking called Test Case

2021-11-18 11:32:04 - [MESSAGE][INFO] - Starting to call Test Case 'Test Cases/Butonlar/ButonaTikla'

2021-11-18 11:32:05 - [TEST_CASE][PASSED] - Test Cases/Butonlar/ButonaTikla: Test Cases/Butonlar/ButonaTikla

2021-11-18 11:32:05 - [TEST_STEP][PASSED] - Method.TextDegerineEsitElementeTiklaEquals(findTestObject("Butonlar/Butonlar"), Buton_Adi): Method.TextDegerineEsitElementeTiklaEquals is PASSED

2021-11-18 11:32:05 - [MESSAGE][INFO] - Finding Test Object 'Object Repository/Butonlar/Butonlar'

2021-11-18 11:32:05 - [MESSAGE][INFO] - Checking timeout

2021-11-18 11:32:05 - [MESSAGE][INFO] - Finding web element with id: 'Object Repository/Butonlar/Butonlar' located by 'By.cssSelector: .panel.panel-default.text-center.footerPanel .btn,.btn.btn-primary.btnControls' in '10' second(s)

2021-11-18 11:32:05 - [MESSAGE][INFO] - Smart Wait Function is triggered

2021-11-18 11:32:05 - [MESSAGE][INFO] - Found 11 web elements with id: 'Object Repository/Butonlar/Butonlar' located by 'By.cssSelector: .panel.panel-default.text-center.footerPanel .btn,.btn.btn-primary.btnControls' in '10' second(s)

2021-11-18 11:32:05 - [MESSAGE][PASSED] - Method.TextDegerineEsitElementeTiklaEquals is PASSED

2021-11-18 11:32:05 - [MESSAGE][PASSED] - Call Test Case 'Test Cases/Butonlar/ButonaTikla' successfully

2021-11-18 11:32:05 - [MESSAGE][INFO] - Checking called Test Case

2021-11-18 11:32:05 - [MESSAGE][INFO] - Starting to call Test Case 'Test Cases/Sekmeler/YeniSekmeyeGec'

2021-11-18 11:32:05 - [TEST_CASE][PASSED] - Test Cases/Sekmeler/YeniSekmeyeGec: Test Cases/Sekmeler/YeniSekmeyeGec

2021-11-18 11:32:05 - [TEST_STEP][PASSED] - switchToWindowIndex(1): Switched to window with index: '1'

2021-11-18 11:32:05 - [MESSAGE][INFO] - Checking index

2021-11-18 11:32:05 - [MESSAGE][INFO] - Switching window with index: '1'

2021-11-18 11:32:05 - [MESSAGE][PASSED] - Switched to window with index: '1'

2021-11-18 11:32:05 - [MESSAGE][PASSED] - Call Test Case 'Test Cases/Sekmeler/YeniSekmeyeGec' successfully

2021-11-18 11:32:05 - [MESSAGE][INFO] - Checking called Test Case

2021-11-18 11:32:05 - [MESSAGE][INFO] - Starting to call Test Case 'Test Cases/Sekmeler/DepartmanCheckboxiSecilir'

2021-11-18 11:32:05 - [TEST_CASE][PASSED] - Test Cases/Sekmeler/DepartmanCheckboxiSecilir: Test Cases/Sekmeler/DepartmanCheckboxiSecilir

2021-11-18 11:32:05 - [TEST_STEP][PASSED] - Method.TextDegerineEsitElementeTikla(findTestObject("Object Repository/Sekmeler/DepartmanCheckboxi"), Departman): Method.TextDegerineEsitElementeTikla is PASSED

2021-11-18 11:32:05 - [MESSAGE][INFO] - Finding Test Object 'Object Repository/Sekmeler/DepartmanCheckboxi'

2021-11-18 11:32:05 - [MESSAGE][INFO] - Checking timeout

2021-11-18 11:32:05 - [MESSAGE][INFO] - Finding web element with id: 'Object Repository/Sekmeler/DepartmanCheckboxi' located by 'By.cssSelector: .dx-wrap' in '10' second(s)

2021-11-18 11:32:05 - [MESSAGE][INFO] - Smart Wait Function is triggered

2021-11-18 11:32:06 - [MESSAGE][INFO] - Found 4 web elements with id: 'Object Repository/Sekmeler/DepartmanCheckboxi' located by 'By.cssSelector: .dx-wrap' in '10' second(s)

2021-11-18 11:32:06 - [MESSAGE][PASSED] - Method.TextDegerineEsitElementeTikla is PASSED

2021-11-18 11:32:06 - [MESSAGE][PASSED] - Call Test Case 'Test Cases/Sekmeler/DepartmanCheckboxiSecilir' successfully

2021-11-18 11:32:06 - [MESSAGE][INFO] - Checking called Test Case

2021-11-18 11:32:06 - [MESSAGE][INFO] - Starting to call Test Case 'Test Cases/Sekmeler/DepartmanKaydedilir'

2021-11-18 11:32:06 - [TEST_CASE][PASSED] - Test Cases/Sekmeler/DepartmanKaydedilir: Test Cases/Sekmeler/DepartmanKaydedilir

2021-11-18 11:32:06 - [TEST_STEP][PASSED] - waitForElementClickable(findTestObject("Object Repository/Sekmeler/DepartmanKaydetButoni"), 10): Object 'Object Repository/Sekmeler/DepartmanKaydetButoni' is clickable

2021-11-18 11:32:06 - [MESSAGE][INFO] - Finding Test Object 'Object Repository/Sekmeler/DepartmanKaydetButoni'

2021-11-18 11:32:06 - [MESSAGE][INFO] - Checking object

2021-11-18 11:32:06 - [MESSAGE][INFO] - Checking timeout

2021-11-18 11:32:06 - [MESSAGE][INFO] - Finding web element from Test Object's properties

2021-11-18 11:32:06 - [MESSAGE][INFO] - Checking timeout

2021-11-18 11:32:06 - [MESSAGE][INFO] - Finding web element with id: 'Object Repository/Sekmeler/DepartmanKaydetButoni' located by 'By.cssSelector: .dx-vam' in '10' second(s)

2021-11-18 11:32:06 - [MESSAGE][INFO] - Smart Wait Function is triggered

2021-11-18 11:32:06 - [MESSAGE][INFO] - Found 1 web elements with id: 'Object Repository/Sekmeler/DepartmanKaydetButoni' located by 'By.cssSelector: .dx-vam' in '10' second(s)

2021-11-18 11:32:06 - [MESSAGE][PASSED] - Object 'Object Repository/Sekmeler/DepartmanKaydetButoni' is clickable

2021-11-18 11:32:06 - [TEST_STEP][PASSED] - click(findTestObject("Object Repository/Sekmeler/DepartmanKaydetButoni")): Object: 'Object Repository/Sekmeler/DepartmanKaydetButoni' is clicked on

2021-11-18 11:32:06 - [MESSAGE][INFO] - Finding Test Object 'Object Repository/Sekmeler/DepartmanKaydetButoni'

2021-11-18 11:32:07 - [MESSAGE][INFO] - Checking object

2021-11-18 11:32:07 - [MESSAGE][INFO] - Finding web element from Test Object's properties

2021-11-18 11:32:07 - [MESSAGE][INFO] - Checking timeout

2021-11-18 11:32:07 - [MESSAGE][INFO] - Finding web element with id: 'Object Repository/Sekmeler/DepartmanKaydetButoni' located by 'By.cssSelector: .dx-vam' in '30' second(s)

2021-11-18 11:32:07 - [MESSAGE][INFO] - Smart Wait Function is triggered

2021-11-18 11:32:07 - [MESSAGE][INFO] - Found 1 web elements with id: 'Object Repository/Sekmeler/DepartmanKaydetButoni' located by 'By.cssSelector: .dx-vam' in '30' second(s)

2021-11-18 11:32:07 - [MESSAGE][INFO] - Clicking on object: 'Object Repository/Sekmeler/DepartmanKaydetButoni'

2021-11-18 11:32:07 - [MESSAGE][PASSED] - Object: 'Object Repository/Sekmeler/DepartmanKaydetButoni' is clicked on

2021-11-18 11:32:07 - [MESSAGE][PASSED] - Call Test Case 'Test Cases/Sekmeler/DepartmanKaydedilir' successfully

2021-11-18 11:32:07 - [MESSAGE][INFO] - Checking called Test Case

2021-11-18 11:32:07 - [MESSAGE][INFO] - Starting to call Test Case 'Test Cases/Popup/PopupMesajiIceriyorMu'

2021-11-18 11:32:07 - [TEST_CASE][PASSED] - Test Cases/Popup/PopupMesajiIceriyorMu: Test Cases/Popup/PopupMesajiIceriyorMu

2021-11-18 11:32:07 - [TEST_STEP][PASSED] - waitForElementVisible(findTestObject("Popup/Popup"), 10): Object 'Object Repository/Popup/Popup' is visible

2021-11-18 11:32:07 - [MESSAGE][INFO] - Finding Test Object 'Object Repository/Popup/Popup'

2021-11-18 11:32:07 - [MESSAGE][INFO] - Checking object

2021-11-18 11:32:07 - [MESSAGE][INFO] - Checking timeout

2021-11-18 11:32:07 - [MESSAGE][INFO] - Finding web element from Test Object's properties

2021-11-18 11:32:07 - [MESSAGE][INFO] - Checking timeout

2021-11-18 11:32:07 - [MESSAGE][INFO] - Finding web element with id: 'Object Repository/Popup/Popup' located by 'By.cssSelector: .bootbox-body' in '10' second(s)

2021-11-18 11:32:07 - [MESSAGE][INFO] - Smart Wait Function is triggered

2021-11-18 11:32:08 - [MESSAGE][INFO] - Found 1 web elements with id: 'Object Repository/Popup/Popup' located by 'By.cssSelector: .bootbox-body' in '10' second(s)

2021-11-18 11:32:08 - [MESSAGE][PASSED] - Object 'Object Repository/Popup/Popup' is visible

2021-11-18 11:32:08 - [TEST_STEP][PASSED] - if (!(getText(findTestObject("Popup/Popup")).contains(Mesaj))): Text of object 'Object Repository/Popup/Popup' is: 'Seçilen belgeler ilgili departmanlara aktarılmıştır.'

2021-11-18 11:32:08 - [MESSAGE][INFO] - Finding Test Object 'Object Repository/Popup/Popup'

2021-11-18 11:32:08 - [MESSAGE][INFO] - Checking object

2021-11-18 11:32:08 - [MESSAGE][INFO] - Finding web element from Test Object's properties

2021-11-18 11:32:08 - [MESSAGE][INFO] - Checking timeout

2021-11-18 11:32:08 - [MESSAGE][INFO] - Finding web element with id: 'Object Repository/Popup/Popup' located by 'By.cssSelector: .bootbox-body' in '30' second(s)

2021-11-18 11:32:08 - [MESSAGE][INFO] - Smart Wait Function is triggered

2021-11-18 11:32:09 - [MESSAGE][INFO] - Found 1 web elements with id: 'Object Repository/Popup/Popup' located by 'By.cssSelector: .bootbox-body' in '30' second(s)

2021-11-18 11:32:09 - [MESSAGE][INFO] - Getting text of object 'Object Repository/Popup/Popup'

2021-11-18 11:32:09 - [MESSAGE][PASSED] - Text of object 'Object Repository/Popup/Popup' is: 'Seçilen belgeler ilgili departmanlara aktarılmıştır.'

2021-11-18 11:32:09 - [TEST_STEP][PASSED] - RaporNo = getText(findTestObject("Popup/Popup")).substring(0, 6): Text of object 'Object Repository/Popup/Popup' is: 'Seçilen belgeler ilgili departmanlara aktarılmıştır.'

2021-11-18 11:32:09 - [MESSAGE][INFO] - Finding Test Object 'Object Repository/Popup/Popup'

2021-11-18 11:32:09 - [MESSAGE][INFO] - Checking object

2021-11-18 11:32:09 - [MESSAGE][INFO] - Finding web element from Test Object's properties

2021-11-18 11:32:09 - [MESSAGE][INFO] - Checking timeout

2021-11-18 11:32:09 - [MESSAGE][INFO] - Finding web element with id: 'Object Repository/Popup/Popup' located by 'By.cssSelector: .bootbox-body' in '30' second(s)

2021-11-18 11:32:09 - [MESSAGE][INFO] - Smart Wait Function is triggered

2021-11-18 11:32:09 - [MESSAGE][INFO] - Found 1 web elements with id: 'Object Repository/Popup/Popup' located by 'By.cssSelector: .bootbox-body' in '30' second(s)

2021-11-18 11:32:09 - [MESSAGE][INFO] - Getting text of object 'Object Repository/Popup/Popup'

2021-11-18 11:32:09 - [MESSAGE][PASSED] - Text of object 'Object Repository/Popup/Popup' is: 'Seçilen belgeler ilgili departmanlara aktarılmıştır.'

2021-11-18 11:32:09 - [TEST_STEP][PASSED] - Console.println(RaporNo): null

2021-11-18 11:32:09 - [MESSAGE][PASSED] - Call Test Case 'Test Cases/Popup/PopupMesajiIceriyorMu' successfully

2021-11-18 11:32:09 - [MESSAGE][INFO] - Checking called Test Case

2021-11-18 11:32:09 - [MESSAGE][INFO] - Starting to call Test Case 'Test Cases/Popup/PopupButonSecilir'

2021-11-18 11:32:09 - [TEST_CASE][PASSED] - Test Cases/Popup/PopupButonSecilir: Test Cases/Popup/PopupButonSecilir

2021-11-18 11:32:09 - [TEST_STEP][PASSED] - Method.TextDegerineEsitElementeTikla(findTestObject("Popup/Popup_Butons"), Buton): Method.TextDegerineEsitElementeTikla is PASSED

2021-11-18 11:32:09 - [MESSAGE][INFO] - Finding Test Object 'Object Repository/Popup/Popup_Butons'

2021-11-18 11:32:09 - [MESSAGE][INFO] - Checking timeout

2021-11-18 11:32:09 - [MESSAGE][INFO] - Finding web element with id: 'Object Repository/Popup/Popup_Butons' located by 'By.cssSelector: .modal-footer>button' in '10' second(s)

2021-11-18 11:32:09 - [MESSAGE][INFO] - Smart Wait Function is triggered

2021-11-18 11:32:09 - [MESSAGE][INFO] - Found 1 web elements with id: 'Object Repository/Popup/Popup_Butons' located by 'By.cssSelector: .modal-footer>button' in '10' second(s)

2021-11-18 11:32:10 - [MESSAGE][PASSED] - Method.TextDegerineEsitElementeTikla is PASSED

2021-11-18 11:32:10 - [MESSAGE][PASSED] - Call Test Case 'Test Cases/Popup/PopupButonSecilir' successfully

2021-11-18 11:32:10 - [MESSAGE][INFO] - Checking called Test Case

2021-11-18 11:32:10 - [MESSAGE][INFO] - Starting to call Test Case 'Test Cases/Sekmeler/Ana_Sekmeye_Gec'

2021-11-18 11:32:10 - [TEST_CASE][PASSED] - Test Cases/Sekmeler/Ana_Sekmeye_Gec: Test Cases/Sekmeler/Ana_Sekmeye_Gec

2021-11-18 11:32:10 - [TEST_STEP][FAILED] - try: Unable to get the index of the current window (Root cause: com.kms.katalon.core.exception.StepFailedException: Unable to get the index of the current window
	at com.kms.katalon.core.webui.keyword.internal.WebUIKeywordMain.stepFailed(WebUIKeywordMain.groovy:64)
	at com.kms.katalon.core.webui.keyword.internal.WebUIKeywordMain.runKeywordAndReturnInt(WebUIKeywordMain.groovy:56)
	at com.kms.katalon.core.webui.keyword.builtin.GetWindowIndexKeyword.getWindowIndex(GetWindowIndexKeyword.groovy:71)
	at com.kms.katalon.core.webui.keyword.builtin.GetWindowIndexKeyword.execute(GetWindowIndexKeyword.groovy:66)
	at com.kms.katalon.core.keyword.internal.KeywordExecutor.executeKeywordForPlatform(KeywordExecutor.groovy:73)
	at com.kms.katalon.core.webui.keyword.WebUiBuiltInKeywords.getWindowIndex(WebUiBuiltInKeywords.groovy:262)
	at com.kms.katalon.core.webui.keyword.WebUiBuiltInKeywords$getWindowIndex$22.call(Unknown Source)
	at Ana_Sekmeye_Gec.run(Ana_Sekmeye_Gec:18)
	at com.kms.katalon.core.main.ScriptEngine.run(ScriptEngine.java:194)
	at com.kms.katalon.core.main.ScriptEngine.runScriptAsRawText(ScriptEngine.java:119)
	at com.kms.katalon.core.main.TestCaseExecutor.runScript(TestCaseExecutor.java:369)
	at com.kms.katalon.core.main.TestCaseExecutor.doExecute(TestCaseExecutor.java:360)
	at com.kms.katalon.core.main.TestCaseExecutor.processExecutionPhase(TestCaseExecutor.java:339)
	at com.kms.katalon.core.main.TestCaseExecutor.accessMainPhase(TestCaseExecutor.java:331)
	at com.kms.katalon.core.main.TestCaseExecutor.execute(TestCaseExecutor.java:248)
	at com.kms.katalon.core.main.TestCaseMain.runTestCase(TestCaseMain.java:138)
	at com.kms.katalon.core.keyword.builtin.CallTestCaseKeyword$_callTestCase_closure1.doCall(CallTestCaseKeyword.groovy:59)
	at com.kms.katalon.core.keyword.builtin.CallTestCaseKeyword$_callTestCase_closure1.call(CallTestCaseKeyword.groovy)
	at com.kms.katalon.core.keyword.internal.KeywordMain.runKeyword(KeywordMain.groovy:68)
	at com.kms.katalon.core.keyword.builtin.CallTestCaseKeyword.callTestCase(CallTestCaseKeyword.groovy:81)
	at com.kms.katalon.core.keyword.builtin.CallTestCaseKeyword.execute(CallTestCaseKeyword.groovy:44)
	at com.kms.katalon.core.keyword.internal.KeywordExecutor.executeKeywordForPlatform(KeywordExecutor.groovy:73)
	at com.kms.katalon.core.keyword.BuiltinKeywords.callTestCase(BuiltinKeywords.groovy:334)
	at sekmeler.sekmeler.anaSekmeyeGecilir(sekmeler.groovy:55)
	at cucumber.runtime.Utils$1.call(Utils.java:26)
	at cucumber.runtime.Timeout.timeout(Timeout.java:16)
	at cucumber.runtime.Utils.invoke(Utils.java:20)
	at cucumber.runtime.java.JavaStepDefinition.execute(JavaStepDefinition.java:49)
	at cucumber.runner.PickleStepDefinitionMatch.runStep(PickleStepDefinitionMatch.java:50)
	at cucumber.runner.TestStep.executeStep(TestStep.java:63)
	at cucumber.runner.TestStep.run(TestStep.java:49)
	at cucumber.runner.PickleStepTestStep.run(PickleStepTestStep.java:43)
	at cucumber.runner.TestCase.run(TestCase.java:44)
	at cucumber.runner.Runner.runPickle(Runner.java:40)
	at cucumber.runtime.Runtime$1.run(Runtime.java:84)
	at cucumber.runtime.Runtime$SameThreadExecutorService.execute(Runtime.java:220)
	at cucumber.runtime.Runtime.run(Runtime.java:81)
	at cucumber.api.cli.Main.run(Main.java:26)
	at cucumber.api.cli.Main$run.call(Unknown Source)
	at com.kms.katalon.core.cucumber.keyword.CucumberBuiltinKeywords$_runFeatureFile_closure1.doCall(CucumberBuiltinKeywords.groovy:106)
	at com.kms.katalon.core.cucumber.keyword.CucumberBuiltinKeywords$_runFeatureFile_closure1.doCall(CucumberBuiltinKeywords.groovy)
	at com.kms.katalon.core.keyword.internal.KeywordMain.runKeyword(KeywordMain.groovy:68)
	at com.kms.katalon.core.keyword.internal.KeywordMain$runKeyword.call(Unknown Source)
	at com.kms.katalon.core.cucumber.keyword.CucumberBuiltinKeywords.runFeatureFile(CucumberBuiltinKeywords.groovy:73)
	at com.kms.katalon.core.cucumber.keyword.CucumberBuiltinKeywords$runFeatureFile$0.callStatic(Unknown Source)
	at com.kms.katalon.core.cucumber.keyword.CucumberBuiltinKeywords.runFeatureFile(CucumberBuiltinKeywords.groovy:246)
	at com.kms.katalon.core.cucumber.keyword.CucumberBuiltinKeywords$runFeatureFile.call(Unknown Source)
	at Departman Ata_Geri Al.run(Departman Ata_Geri Al:18)
	at com.kms.katalon.core.main.ScriptEngine.run(ScriptEngine.java:194)
	at com.kms.katalon.core.main.ScriptEngine.runScriptAsRawText(ScriptEngine.java:119)
	at com.kms.katalon.core.main.TestCaseExecutor.runScript(TestCaseExecutor.java:369)
	at com.kms.katalon.core.main.TestCaseExecutor.doExecute(TestCaseExecutor.java:360)
	at com.kms.katalon.core.main.TestCaseExecutor.processExecutionPhase(TestCaseExecutor.java:339)
	at com.kms.katalon.core.main.TestCaseExecutor.accessMainPhase(TestCaseExecutor.java:331)
	at com.kms.katalon.core.main.TestCaseExecutor.execute(TestCaseExecutor.java:248)
	at com.kms.katalon.core.main.TestSuiteExecutor.accessTestCaseMainPhase(TestSuiteExecutor.java:191)
	at com.kms.katalon.core.main.TestSuiteExecutor.accessTestSuiteMainPhase(TestSuiteExecutor.java:140)
	at com.kms.katalon.core.main.TestSuiteExecutor.execute(TestSuiteExecutor.java:89)
	at com.kms.katalon.core.main.TestCaseMain.startTestSuite(TestCaseMain.java:181)
	at com.kms.katalon.core.main.TestCaseMain$startTestSuite$0.call(Unknown Source)
	at TempTestSuite1637222960690.run(TempTestSuite1637222960690.groovy:39)
Caused by: org.openqa.selenium.NoSuchWindowException: no such window: window was already closed
  (Session info: chrome=96.0.4664.45)
Build info: version: '3.141.59', revision: 'e82be7d358', time: '2018-11-14T08:25:53'
System info: host: 'DESKTOP-QBVMTUG', ip: '192.168.1.24', os.name: 'Windows 10', os.arch: 'amd64', os.version: '10.0', java.version: '1.8.0_282'
Driver info: com.kms.katalon.selenium.driver.CChromeDriver
Capabilities {acceptInsecureCerts: false, browserName: chrome, browserVersion: 96.0.4664.45, chrome: {chromedriverVersion: 96.0.4664.45 (76e4c1bb2ab46..., userDataDir: C:\Users\DELL\AppData\Local...}, goog:chromeOptions: {debuggerAddress: localhost:49693}, javascriptEnabled: true, networkConnectionEnabled: false, pageLoadStrategy: normal, platform: WINDOWS, platformName: WINDOWS, proxy: Proxy(), setWindowRect: true, strictFileInteractability: false, timeouts: {implicit: 0, pageLoad: 300000, script: 30000}, unhandledPromptBehavior: dismiss and notify, webauthn:extension:credBlob: true, webauthn:extension:largeBlob: true, webauthn:virtualAuthenticators: true}
Session ID: 0aef24eb69b91d835b9dbf6cc12d6abf
	at org.openqa.selenium.remote.http.W3CHttpResponseCodec.createException(W3CHttpResponseCodec.java:187)
	at org.openqa.selenium.remote.http.W3CHttpResponseCodec.decode(W3CHttpResponseCodec.java:122)
	at org.openqa.selenium.remote.http.W3CHttpResponseCodec.decode(W3CHttpResponseCodec.java:49)
	at org.openqa.selenium.remote.HttpCommandExecutor.execute(HttpCommandExecutor.java:158)
	at org.openqa.selenium.remote.service.DriverCommandExecutor.execute(DriverCommandExecutor.java:83)
	at org.openqa.selenium.remote.RemoteWebDriver.execute(RemoteWebDriver.java:552)
	at com.kms.katalon.selenium.driver.CChromeDriver.execute(CChromeDriver.java:19)
	at org.openqa.selenium.remote.RemoteWebDriver.execute(RemoteWebDriver.java:609)
	at org.openqa.selenium.remote.RemoteWebDriver.getWindowHandle(RemoteWebDriver.java:472)
	at org.openqa.selenium.support.events.EventFiringWebDriver.lambda$new$1(EventFiringWebDriver.java:105)
	at com.sun.proxy.$Proxy12.getWindowHandle(Unknown Source)
	at org.openqa.selenium.support.events.EventFiringWebDriver.getWindowHandle(EventFiringWebDriver.java:221)
	at com.kms.katalon.core.webui.driver.DriverFactory.getCurrentWindowIndex(DriverFactory.java:1072)
	at com.kms.katalon.core.webui.keyword.builtin.GetWindowIndexKeyword$_getWindowIndex_closure1.doCall(GetWindowIndexKeyword.groovy:73)
	at com.kms.katalon.core.webui.keyword.builtin.GetWindowIndexKeyword$_getWindowIndex_closure1.call(GetWindowIndexKeyword.groovy)
	at com.kms.katalon.core.webui.keyword.internal.WebUIKeywordMain.runKeywordAndReturnInt(WebUIKeywordMain.groovy:50)
	at com.kms.katalon.core.webui.keyword.builtin.GetWindowIndexKeyword.getWindowIndex(GetWindowIndexKeyword.groovy:71)
	at com.kms.katalon.core.webui.keyword.builtin.GetWindowIndexKeyword.execute(GetWindowIndexKeyword.groovy:66)
	at com.kms.katalon.core.keyword.internal.KeywordExecutor.executeKeywordForPlatform(KeywordExecutor.groovy:73)
	at com.kms.katalon.core.webui.keyword.WebUiBuiltInKeywords.getWindowIndex(WebUiBuiltInKeywords.groovy:262)
	at com.kms.katalon.core.webui.keyword.WebUiBuiltInKeywords$getWindowIndex$22.call(Unknown Source)
	at Script1586261051750.run(Script1586261051750.groovy:18)
	at com.kms.katalon.core.main.ScriptEngine.run(ScriptEngine.java:194)
	at com.kms.katalon.core.main.ScriptEngine.runScriptAsRawText(ScriptEngine.java:119)
	at com.kms.katalon.core.main.TestCaseExecutor.runScript(TestCaseExecutor.java:369)
	at com.kms.katalon.core.main.TestCaseExecutor.doExecute(TestCaseExecutor.java:360)
	at com.kms.katalon.core.main.TestCaseExecutor.processExecutionPhase(TestCaseExecutor.java:339)
	at com.kms.katalon.core.main.TestCaseExecutor.accessMainPhase(TestCaseExecutor.java:331)
	at com.kms.katalon.core.main.TestCaseExecutor.execute(TestCaseExecutor.java:248)
	at com.kms.katalon.core.main.TestCaseMain.runTestCase(TestCaseMain.java:138)
	at com.kms.katalon.core.keyword.builtin.CallTestCaseKeyword$_callTestCase_closure1.doCall(CallTestCaseKeyword.groovy:59)
	at com.kms.katalon.core.keyword.builtin.CallTestCaseKeyword$_callTestCase_closure1.call(CallTestCaseKeyword.groovy)
	at com.kms.katalon.core.keyword.internal.KeywordMain.runKeyword(KeywordMain.groovy:68)
	at com.kms.katalon.core.keyword.builtin.CallTestCaseKeyword.callTestCase(CallTestCaseKeyword.groovy:81)
	at com.kms.katalon.core.keyword.builtin.CallTestCaseKeyword.execute(CallTestCaseKeyword.groovy:44)
	at com.kms.katalon.core.keyword.internal.KeywordExecutor.executeKeywordForPlatform(KeywordExecutor.groovy:73)
	at com.kms.katalon.core.keyword.BuiltinKeywords.callTestCase(BuiltinKeywords.groovy:334)
	at sekmeler.sekmeler.anaSekmeyeGecilir(sekmeler.groovy:55)
	at cucumber.runtime.Utils$1.call(Utils.java:26)
	at cucumber.runtime.Timeout.timeout(Timeout.java:16)
	at cucumber.runtime.Utils.invoke(Utils.java:20)
	at cucumber.runtime.java.JavaStepDefinition.execute(JavaStepDefinition.java:49)
	at cucumber.runner.PickleStepDefinitionMatch.runStep(PickleStepDefinitionMatch.java:50)
	at cucumber.runner.TestStep.executeStep(TestStep.java:63)
	at cucumber.runner.TestStep.run(TestStep.java:49)
	at cucumber.runner.PickleStepTestStep.run(PickleStepTestStep.java:43)
	at cucumber.runner.TestCase.run(TestCase.java:44)
	at cucumber.runner.Runner.runPickle(Runner.java:40)
	at cucumber.runtime.Runtime$1.run(Runtime.java:84)
	at cucumber.runtime.Runtime$SameThreadExecutorService.execute(Runtime.java:220)
	at cucumber.runtime.Runtime.run(Runtime.java:81)
	at cucumber.api.cli.Main.run(Main.java:26)
	at cucumber.api.cli.Main$run.call(Unknown Source)
	at com.kms.katalon.core.cucumber.keyword.CucumberBuiltinKeywords$_runFeatureFile_closure1.doCall(CucumberBuiltinKeywords.groovy:106)
	at com.kms.katalon.core.cucumber.keyword.CucumberBuiltinKeywords$_runFeatureFile_closure1.doCall(CucumberBuiltinKeywords.groovy)
	at com.kms.katalon.core.keyword.internal.KeywordMain.runKeyword(KeywordMain.groovy:68)
	at com.kms.katalon.core.keyword.internal.KeywordMain$runKeyword.call(Unknown Source)
	at com.kms.katalon.core.cucumber.keyword.CucumberBuiltinKeywords.runFeatureFile(CucumberBuiltinKeywords.groovy:73)
	at com.kms.katalon.core.cucumber.keyword.CucumberBuiltinKeywords$runFeatureFile$0.callStatic(Unknown Source)
	at com.kms.katalon.core.cucumber.keyword.CucumberBuiltinKeywords.runFeatureFile(CucumberBuiltinKeywords.groovy:246)
	at com.kms.katalon.core.cucumber.keyword.CucumberBuiltinKeywords$runFeatureFile.call(Unknown Source)
	at Script1600698733915.run(Script1600698733915.groovy:18)
	... 13 more
)

2021-11-18 11:32:10 - [TEST_STEP][FAILED] - index = getWindowIndex(): Unable to get the index of the current window (Root cause: com.kms.katalon.core.exception.StepFailedException: Unable to get the index of the current window
	at com.kms.katalon.core.webui.keyword.internal.WebUIKeywordMain.stepFailed(WebUIKeywordMain.groovy:64)
	at com.kms.katalon.core.webui.keyword.internal.WebUIKeywordMain.runKeywordAndReturnInt(WebUIKeywordMain.groovy:56)
	at com.kms.katalon.core.webui.keyword.builtin.GetWindowIndexKeyword.getWindowIndex(GetWindowIndexKeyword.groovy:71)
	at com.kms.katalon.core.webui.keyword.builtin.GetWindowIndexKeyword.execute(GetWindowIndexKeyword.groovy:66)
	at com.kms.katalon.core.keyword.internal.KeywordExecutor.executeKeywordForPlatform(KeywordExecutor.groovy:73)
	at com.kms.katalon.core.webui.keyword.WebUiBuiltInKeywords.getWindowIndex(WebUiBuiltInKeywords.groovy:262)
	at com.kms.katalon.core.webui.keyword.WebUiBuiltInKeywords$getWindowIndex$22.call(Unknown Source)
	at Ana_Sekmeye_Gec.run(Ana_Sekmeye_Gec:18)
	at com.kms.katalon.core.main.ScriptEngine.run(ScriptEngine.java:194)
	at com.kms.katalon.core.main.ScriptEngine.runScriptAsRawText(ScriptEngine.java:119)
	at com.kms.katalon.core.main.TestCaseExecutor.runScript(TestCaseExecutor.java:369)
	at com.kms.katalon.core.main.TestCaseExecutor.doExecute(TestCaseExecutor.java:360)
	at com.kms.katalon.core.main.TestCaseExecutor.processExecutionPhase(TestCaseExecutor.java:339)
	at com.kms.katalon.core.main.TestCaseExecutor.accessMainPhase(TestCaseExecutor.java:331)
	at com.kms.katalon.core.main.TestCaseExecutor.execute(TestCaseExecutor.java:248)
	at com.kms.katalon.core.main.TestCaseMain.runTestCase(TestCaseMain.java:138)
	at com.kms.katalon.core.keyword.builtin.CallTestCaseKeyword$_callTestCase_closure1.doCall(CallTestCaseKeyword.groovy:59)
	at com.kms.katalon.core.keyword.builtin.CallTestCaseKeyword$_callTestCase_closure1.call(CallTestCaseKeyword.groovy)
	at com.kms.katalon.core.keyword.internal.KeywordMain.runKeyword(KeywordMain.groovy:68)
	at com.kms.katalon.core.keyword.builtin.CallTestCaseKeyword.callTestCase(CallTestCaseKeyword.groovy:81)
	at com.kms.katalon.core.keyword.builtin.CallTestCaseKeyword.execute(CallTestCaseKeyword.groovy:44)
	at com.kms.katalon.core.keyword.internal.KeywordExecutor.executeKeywordForPlatform(KeywordExecutor.groovy:73)
	at com.kms.katalon.core.keyword.BuiltinKeywords.callTestCase(BuiltinKeywords.groovy:334)
	at sekmeler.sekmeler.anaSekmeyeGecilir(sekmeler.groovy:55)
	at cucumber.runtime.Utils$1.call(Utils.java:26)
	at cucumber.runtime.Timeout.timeout(Timeout.java:16)
	at cucumber.runtime.Utils.invoke(Utils.java:20)
	at cucumber.runtime.java.JavaStepDefinition.execute(JavaStepDefinition.java:49)
	at cucumber.runner.PickleStepDefinitionMatch.runStep(PickleStepDefinitionMatch.java:50)
	at cucumber.runner.TestStep.executeStep(TestStep.java:63)
	at cucumber.runner.TestStep.run(TestStep.java:49)
	at cucumber.runner.PickleStepTestStep.run(PickleStepTestStep.java:43)
	at cucumber.runner.TestCase.run(TestCase.java:44)
	at cucumber.runner.Runner.runPickle(Runner.java:40)
	at cucumber.runtime.Runtime$1.run(Runtime.java:84)
	at cucumber.runtime.Runtime$SameThreadExecutorService.execute(Runtime.java:220)
	at cucumber.runtime.Runtime.run(Runtime.java:81)
	at cucumber.api.cli.Main.run(Main.java:26)
	at cucumber.api.cli.Main$run.call(Unknown Source)
	at com.kms.katalon.core.cucumber.keyword.CucumberBuiltinKeywords$_runFeatureFile_closure1.doCall(CucumberBuiltinKeywords.groovy:106)
	at com.kms.katalon.core.cucumber.keyword.CucumberBuiltinKeywords$_runFeatureFile_closure1.doCall(CucumberBuiltinKeywords.groovy)
	at com.kms.katalon.core.keyword.internal.KeywordMain.runKeyword(KeywordMain.groovy:68)
	at com.kms.katalon.core.keyword.internal.KeywordMain$runKeyword.call(Unknown Source)
	at com.kms.katalon.core.cucumber.keyword.CucumberBuiltinKeywords.runFeatureFile(CucumberBuiltinKeywords.groovy:73)
	at com.kms.katalon.core.cucumber.keyword.CucumberBuiltinKeywords$runFeatureFile$0.callStatic(Unknown Source)
	at com.kms.katalon.core.cucumber.keyword.CucumberBuiltinKeywords.runFeatureFile(CucumberBuiltinKeywords.groovy:246)
	at com.kms.katalon.core.cucumber.keyword.CucumberBuiltinKeywords$runFeatureFile.call(Unknown Source)
	at Departman Ata_Geri Al.run(Departman Ata_Geri Al:18)
	at com.kms.katalon.core.main.ScriptEngine.run(ScriptEngine.java:194)
	at com.kms.katalon.core.main.ScriptEngine.runScriptAsRawText(ScriptEngine.java:119)
	at com.kms.katalon.core.main.TestCaseExecutor.runScript(TestCaseExecutor.java:369)
	at com.kms.katalon.core.main.TestCaseExecutor.doExecute(TestCaseExecutor.java:360)
	at com.kms.katalon.core.main.TestCaseExecutor.processExecutionPhase(TestCaseExecutor.java:339)
	at com.kms.katalon.core.main.TestCaseExecutor.accessMainPhase(TestCaseExecutor.java:331)
	at com.kms.katalon.core.main.TestCaseExecutor.execute(TestCaseExecutor.java:248)
	at com.kms.katalon.core.main.TestSuiteExecutor.accessTestCaseMainPhase(TestSuiteExecutor.java:191)
	at com.kms.katalon.core.main.TestSuiteExecutor.accessTestSuiteMainPhase(TestSuiteExecutor.java:140)
	at com.kms.katalon.core.main.TestSuiteExecutor.execute(TestSuiteExecutor.java:89)
	at com.kms.katalon.core.main.TestCaseMain.startTestSuite(TestCaseMain.java:181)
	at com.kms.katalon.core.main.TestCaseMain$startTestSuite$0.call(Unknown Source)
	at TempTestSuite1637222960690.run(TempTestSuite1637222960690.groovy:39)
Caused by: org.openqa.selenium.NoSuchWindowException: no such window: window was already closed
  (Session info: chrome=96.0.4664.45)
Build info: version: '3.141.59', revision: 'e82be7d358', time: '2018-11-14T08:25:53'
System info: host: 'DESKTOP-QBVMTUG', ip: '192.168.1.24', os.name: 'Windows 10', os.arch: 'amd64', os.version: '10.0', java.version: '1.8.0_282'
Driver info: com.kms.katalon.selenium.driver.CChromeDriver
Capabilities {acceptInsecureCerts: false, browserName: chrome, browserVersion: 96.0.4664.45, chrome: {chromedriverVersion: 96.0.4664.45 (76e4c1bb2ab46..., userDataDir: C:\Users\DELL\AppData\Local...}, goog:chromeOptions: {debuggerAddress: localhost:49693}, javascriptEnabled: true, networkConnectionEnabled: false, pageLoadStrategy: normal, platform: WINDOWS, platformName: WINDOWS, proxy: Proxy(), setWindowRect: true, strictFileInteractability: false, timeouts: {implicit: 0, pageLoad: 300000, script: 30000}, unhandledPromptBehavior: dismiss and notify, webauthn:extension:credBlob: true, webauthn:extension:largeBlob: true, webauthn:virtualAuthenticators: true}
Session ID: 0aef24eb69b91d835b9dbf6cc12d6abf
	at org.openqa.selenium.remote.http.W3CHttpResponseCodec.createException(W3CHttpResponseCodec.java:187)
	at org.openqa.selenium.remote.http.W3CHttpResponseCodec.decode(W3CHttpResponseCodec.java:122)
	at org.openqa.selenium.remote.http.W3CHttpResponseCodec.decode(W3CHttpResponseCodec.java:49)
	at org.openqa.selenium.remote.HttpCommandExecutor.execute(HttpCommandExecutor.java:158)
	at org.openqa.selenium.remote.service.DriverCommandExecutor.execute(DriverCommandExecutor.java:83)
	at org.openqa.selenium.remote.RemoteWebDriver.execute(RemoteWebDriver.java:552)
	at com.kms.katalon.selenium.driver.CChromeDriver.execute(CChromeDriver.java:19)
	at org.openqa.selenium.remote.RemoteWebDriver.execute(RemoteWebDriver.java:609)
	at org.openqa.selenium.remote.RemoteWebDriver.getWindowHandle(RemoteWebDriver.java:472)
	at org.openqa.selenium.support.events.EventFiringWebDriver.lambda$new$1(EventFiringWebDriver.java:105)
	at com.sun.proxy.$Proxy12.getWindowHandle(Unknown Source)
	at org.openqa.selenium.support.events.EventFiringWebDriver.getWindowHandle(EventFiringWebDriver.java:221)
	at com.kms.katalon.core.webui.driver.DriverFactory.getCurrentWindowIndex(DriverFactory.java:1072)
	at com.kms.katalon.core.webui.keyword.builtin.GetWindowIndexKeyword$_getWindowIndex_closure1.doCall(GetWindowIndexKeyword.groovy:73)
	at com.kms.katalon.core.webui.keyword.builtin.GetWindowIndexKeyword$_getWindowIndex_closure1.call(GetWindowIndexKeyword.groovy)
	at com.kms.katalon.core.webui.keyword.internal.WebUIKeywordMain.runKeywordAndReturnInt(WebUIKeywordMain.groovy:50)
	at com.kms.katalon.core.webui.keyword.builtin.GetWindowIndexKeyword.getWindowIndex(GetWindowIndexKeyword.groovy:71)
	at com.kms.katalon.core.webui.keyword.builtin.GetWindowIndexKeyword.execute(GetWindowIndexKeyword.groovy:66)
	at com.kms.katalon.core.keyword.internal.KeywordExecutor.executeKeywordForPlatform(KeywordExecutor.groovy:73)
	at com.kms.katalon.core.webui.keyword.WebUiBuiltInKeywords.getWindowIndex(WebUiBuiltInKeywords.groovy:262)
	at com.kms.katalon.core.webui.keyword.WebUiBuiltInKeywords$getWindowIndex$22.call(Unknown Source)
	at Script1586261051750.run(Script1586261051750.groovy:18)
	at com.kms.katalon.core.main.ScriptEngine.run(ScriptEngine.java:194)
	at com.kms.katalon.core.main.ScriptEngine.runScriptAsRawText(ScriptEngine.java:119)
	at com.kms.katalon.core.main.TestCaseExecutor.runScript(TestCaseExecutor.java:369)
	at com.kms.katalon.core.main.TestCaseExecutor.doExecute(TestCaseExecutor.java:360)
	at com.kms.katalon.core.main.TestCaseExecutor.processExecutionPhase(TestCaseExecutor.java:339)
	at com.kms.katalon.core.main.TestCaseExecutor.accessMainPhase(TestCaseExecutor.java:331)
	at com.kms.katalon.core.main.TestCaseExecutor.execute(TestCaseExecutor.java:248)
	at com.kms.katalon.core.main.TestCaseMain.runTestCase(TestCaseMain.java:138)
	at com.kms.katalon.core.keyword.builtin.CallTestCaseKeyword$_callTestCase_closure1.doCall(CallTestCaseKeyword.groovy:59)
	at com.kms.katalon.core.keyword.builtin.CallTestCaseKeyword$_callTestCase_closure1.call(CallTestCaseKeyword.groovy)
	at com.kms.katalon.core.keyword.internal.KeywordMain.runKeyword(KeywordMain.groovy:68)
	at com.kms.katalon.core.keyword.builtin.CallTestCaseKeyword.callTestCase(CallTestCaseKeyword.groovy:81)
	at com.kms.katalon.core.keyword.builtin.CallTestCaseKeyword.execute(CallTestCaseKeyword.groovy:44)
	at com.kms.katalon.core.keyword.internal.KeywordExecutor.executeKeywordForPlatform(KeywordExecutor.groovy:73)
	at com.kms.katalon.core.keyword.BuiltinKeywords.callTestCase(BuiltinKeywords.groovy:334)
	at sekmeler.sekmeler.anaSekmeyeGecilir(sekmeler.groovy:55)
	at cucumber.runtime.Utils$1.call(Utils.java:26)
	at cucumber.runtime.Timeout.timeout(Timeout.java:16)
	at cucumber.runtime.Utils.invoke(Utils.java:20)
	at cucumber.runtime.java.JavaStepDefinition.execute(JavaStepDefinition.java:49)
	at cucumber.runner.PickleStepDefinitionMatch.runStep(PickleStepDefinitionMatch.java:50)
	at cucumber.runner.TestStep.executeStep(TestStep.java:63)
	at cucumber.runner.TestStep.run(TestStep.java:49)
	at cucumber.runner.PickleStepTestStep.run(PickleStepTestStep.java:43)
	at cucumber.runner.TestCase.run(TestCase.java:44)
	at cucumber.runner.Runner.runPickle(Runner.java:40)
	at cucumber.runtime.Runtime$1.run(Runtime.java:84)
	at cucumber.runtime.Runtime$SameThreadExecutorService.execute(Runtime.java:220)
	at cucumber.runtime.Runtime.run(Runtime.java:81)
	at cucumber.api.cli.Main.run(Main.java:26)
	at cucumber.api.cli.Main$run.call(Unknown Source)
	at com.kms.katalon.core.cucumber.keyword.CucumberBuiltinKeywords$_runFeatureFile_closure1.doCall(CucumberBuiltinKeywords.groovy:106)
	at com.kms.katalon.core.cucumber.keyword.CucumberBuiltinKeywords$_runFeatureFile_closure1.doCall(CucumberBuiltinKeywords.groovy)
	at com.kms.katalon.core.keyword.internal.KeywordMain.runKeyword(KeywordMain.groovy:68)
	at com.kms.katalon.core.keyword.internal.KeywordMain$runKeyword.call(Unknown Source)
	at com.kms.katalon.core.cucumber.keyword.CucumberBuiltinKeywords.runFeatureFile(CucumberBuiltinKeywords.groovy:73)
	at com.kms.katalon.core.cucumber.keyword.CucumberBuiltinKeywords$runFeatureFile$0.callStatic(Unknown Source)
	at com.kms.katalon.core.cucumber.keyword.CucumberBuiltinKeywords.runFeatureFile(CucumberBuiltinKeywords.groovy:246)
	at com.kms.katalon.core.cucumber.keyword.CucumberBuiltinKeywords$runFeatureFile.call(Unknown Source)
	at Script1600698733915.run(Script1600698733915.groovy:18)
	... 13 more
)

2021-11-18 11:32:10 - [MESSAGE][INFO] - Getting current window's index

2021-11-18 11:32:10 - [MESSAGE][FAILED] - Unable to get the index of the current window (Root cause: com.kms.katalon.core.exception.StepFailedException: Unable to get the index of the current window
	at com.kms.katalon.core.webui.keyword.internal.WebUIKeywordMain.stepFailed(WebUIKeywordMain.groovy:64)
	at com.kms.katalon.core.webui.keyword.internal.WebUIKeywordMain.runKeywordAndReturnInt(WebUIKeywordMain.groovy:56)
	at com.kms.katalon.core.webui.keyword.builtin.GetWindowIndexKeyword.getWindowIndex(GetWindowIndexKeyword.groovy:71)
	at com.kms.katalon.core.webui.keyword.builtin.GetWindowIndexKeyword.execute(GetWindowIndexKeyword.groovy:66)
	at com.kms.katalon.core.keyword.internal.KeywordExecutor.executeKeywordForPlatform(KeywordExecutor.groovy:73)
	at com.kms.katalon.core.webui.keyword.WebUiBuiltInKeywords.getWindowIndex(WebUiBuiltInKeywords.groovy:262)
	at com.kms.katalon.core.webui.keyword.WebUiBuiltInKeywords$getWindowIndex$22.call(Unknown Source)
	at Ana_Sekmeye_Gec.run(Ana_Sekmeye_Gec:18)
	at com.kms.katalon.core.main.ScriptEngine.run(ScriptEngine.java:194)
	at com.kms.katalon.core.main.ScriptEngine.runScriptAsRawText(ScriptEngine.java:119)
	at com.kms.katalon.core.main.TestCaseExecutor.runScript(TestCaseExecutor.java:369)
	at com.kms.katalon.core.main.TestCaseExecutor.doExecute(TestCaseExecutor.java:360)
	at com.kms.katalon.core.main.TestCaseExecutor.processExecutionPhase(TestCaseExecutor.java:339)
	at com.kms.katalon.core.main.TestCaseExecutor.accessMainPhase(TestCaseExecutor.java:331)
	at com.kms.katalon.core.main.TestCaseExecutor.execute(TestCaseExecutor.java:248)
	at com.kms.katalon.core.main.TestCaseMain.runTestCase(TestCaseMain.java:138)
	at com.kms.katalon.core.keyword.builtin.CallTestCaseKeyword$_callTestCase_closure1.doCall(CallTestCaseKeyword.groovy:59)
	at com.kms.katalon.core.keyword.builtin.CallTestCaseKeyword$_callTestCase_closure1.call(CallTestCaseKeyword.groovy)
	at com.kms.katalon.core.keyword.internal.KeywordMain.runKeyword(KeywordMain.groovy:68)
	at com.kms.katalon.core.keyword.builtin.CallTestCaseKeyword.callTestCase(CallTestCaseKeyword.groovy:81)
	at com.kms.katalon.core.keyword.builtin.CallTestCaseKeyword.execute(CallTestCaseKeyword.groovy:44)
	at com.kms.katalon.core.keyword.internal.KeywordExecutor.executeKeywordForPlatform(KeywordExecutor.groovy:73)
	at com.kms.katalon.core.keyword.BuiltinKeywords.callTestCase(BuiltinKeywords.groovy:334)
	at sekmeler.sekmeler.anaSekmeyeGecilir(sekmeler.groovy:55)
	at cucumber.runtime.Utils$1.call(Utils.java:26)
	at cucumber.runtime.Timeout.timeout(Timeout.java:16)
	at cucumber.runtime.Utils.invoke(Utils.java:20)
	at cucumber.runtime.java.JavaStepDefinition.execute(JavaStepDefinition.java:49)
	at cucumber.runner.PickleStepDefinitionMatch.runStep(PickleStepDefinitionMatch.java:50)
	at cucumber.runner.TestStep.executeStep(TestStep.java:63)
	at cucumber.runner.TestStep.run(TestStep.java:49)
	at cucumber.runner.PickleStepTestStep.run(PickleStepTestStep.java:43)
	at cucumber.runner.TestCase.run(TestCase.java:44)
	at cucumber.runner.Runner.runPickle(Runner.java:40)
	at cucumber.runtime.Runtime$1.run(Runtime.java:84)
	at cucumber.runtime.Runtime$SameThreadExecutorService.execute(Runtime.java:220)
	at cucumber.runtime.Runtime.run(Runtime.java:81)
	at cucumber.api.cli.Main.run(Main.java:26)
	at cucumber.api.cli.Main$run.call(Unknown Source)
	at com.kms.katalon.core.cucumber.keyword.CucumberBuiltinKeywords$_runFeatureFile_closure1.doCall(CucumberBuiltinKeywords.groovy:106)
	at com.kms.katalon.core.cucumber.keyword.CucumberBuiltinKeywords$_runFeatureFile_closure1.doCall(CucumberBuiltinKeywords.groovy)
	at com.kms.katalon.core.keyword.internal.KeywordMain.runKeyword(KeywordMain.groovy:68)
	at com.kms.katalon.core.keyword.internal.KeywordMain$runKeyword.call(Unknown Source)
	at com.kms.katalon.core.cucumber.keyword.CucumberBuiltinKeywords.runFeatureFile(CucumberBuiltinKeywords.groovy:73)
	at com.kms.katalon.core.cucumber.keyword.CucumberBuiltinKeywords$runFeatureFile$0.callStatic(Unknown Source)
	at com.kms.katalon.core.cucumber.keyword.CucumberBuiltinKeywords.runFeatureFile(CucumberBuiltinKeywords.groovy:246)
	at com.kms.katalon.core.cucumber.keyword.CucumberBuiltinKeywords$runFeatureFile.call(Unknown Source)
	at Departman Ata_Geri Al.run(Departman Ata_Geri Al:18)
	at com.kms.katalon.core.main.ScriptEngine.run(ScriptEngine.java:194)
	at com.kms.katalon.core.main.ScriptEngine.runScriptAsRawText(ScriptEngine.java:119)
	at com.kms.katalon.core.main.TestCaseExecutor.runScript(TestCaseExecutor.java:369)
	at com.kms.katalon.core.main.TestCaseExecutor.doExecute(TestCaseExecutor.java:360)
	at com.kms.katalon.core.main.TestCaseExecutor.processExecutionPhase(TestCaseExecutor.java:339)
	at com.kms.katalon.core.main.TestCaseExecutor.accessMainPhase(TestCaseExecutor.java:331)
	at com.kms.katalon.core.main.TestCaseExecutor.execute(TestCaseExecutor.java:248)
	at com.kms.katalon.core.main.TestSuiteExecutor.accessTestCaseMainPhase(TestSuiteExecutor.java:191)
	at com.kms.katalon.core.main.TestSuiteExecutor.accessTestSuiteMainPhase(TestSuiteExecutor.java:140)
	at com.kms.katalon.core.main.TestSuiteExecutor.execute(TestSuiteExecutor.java:89)
	at com.kms.katalon.core.main.TestCaseMain.startTestSuite(TestCaseMain.java:181)
	at com.kms.katalon.core.main.TestCaseMain$startTestSuite$0.call(Unknown Source)
	at TempTestSuite1637222960690.run(TempTestSuite1637222960690.groovy:39)
Caused by: org.openqa.selenium.NoSuchWindowException: no such window: window was already closed
  (Session info: chrome=96.0.4664.45)
Build info: version: '3.141.59', revision: 'e82be7d358', time: '2018-11-14T08:25:53'
System info: host: 'DESKTOP-QBVMTUG', ip: '192.168.1.24', os.name: 'Windows 10', os.arch: 'amd64', os.version: '10.0', java.version: '1.8.0_282'
Driver info: com.kms.katalon.selenium.driver.CChromeDriver
Capabilities {acceptInsecureCerts: false, browserName: chrome, browserVersion: 96.0.4664.45, chrome: {chromedriverVersion: 96.0.4664.45 (76e4c1bb2ab46..., userDataDir: C:\Users\DELL\AppData\Local...}, goog:chromeOptions: {debuggerAddress: localhost:49693}, javascriptEnabled: true, networkConnectionEnabled: false, pageLoadStrategy: normal, platform: WINDOWS, platformName: WINDOWS, proxy: Proxy(), setWindowRect: true, strictFileInteractability: false, timeouts: {implicit: 0, pageLoad: 300000, script: 30000}, unhandledPromptBehavior: dismiss and notify, webauthn:extension:credBlob: true, webauthn:extension:largeBlob: true, webauthn:virtualAuthenticators: true}
Session ID: 0aef24eb69b91d835b9dbf6cc12d6abf
	at org.openqa.selenium.remote.http.W3CHttpResponseCodec.createException(W3CHttpResponseCodec.java:187)
	at org.openqa.selenium.remote.http.W3CHttpResponseCodec.decode(W3CHttpResponseCodec.java:122)
	at org.openqa.selenium.remote.http.W3CHttpResponseCodec.decode(W3CHttpResponseCodec.java:49)
	at org.openqa.selenium.remote.HttpCommandExecutor.execute(HttpCommandExecutor.java:158)
	at org.openqa.selenium.remote.service.DriverCommandExecutor.execute(DriverCommandExecutor.java:83)
	at org.openqa.selenium.remote.RemoteWebDriver.execute(RemoteWebDriver.java:552)
	at com.kms.katalon.selenium.driver.CChromeDriver.execute(CChromeDriver.java:19)
	at org.openqa.selenium.remote.RemoteWebDriver.execute(RemoteWebDriver.java:609)
	at org.openqa.selenium.remote.RemoteWebDriver.getWindowHandle(RemoteWebDriver.java:472)
	at org.openqa.selenium.support.events.EventFiringWebDriver.lambda$new$1(EventFiringWebDriver.java:105)
	at com.sun.proxy.$Proxy12.getWindowHandle(Unknown Source)
	at org.openqa.selenium.support.events.EventFiringWebDriver.getWindowHandle(EventFiringWebDriver.java:221)
	at com.kms.katalon.core.webui.driver.DriverFactory.getCurrentWindowIndex(DriverFactory.java:1072)
	at com.kms.katalon.core.webui.keyword.builtin.GetWindowIndexKeyword$_getWindowIndex_closure1.doCall(GetWindowIndexKeyword.groovy:73)
	at com.kms.katalon.core.webui.keyword.builtin.GetWindowIndexKeyword$_getWindowIndex_closure1.call(GetWindowIndexKeyword.groovy)
	at com.kms.katalon.core.webui.keyword.internal.WebUIKeywordMain.runKeywordAndReturnInt(WebUIKeywordMain.groovy:50)
	at com.kms.katalon.core.webui.keyword.builtin.GetWindowIndexKeyword.getWindowIndex(GetWindowIndexKeyword.groovy:71)
	at com.kms.katalon.core.webui.keyword.builtin.GetWindowIndexKeyword.execute(GetWindowIndexKeyword.groovy:66)
	at com.kms.katalon.core.keyword.internal.KeywordExecutor.executeKeywordForPlatform(KeywordExecutor.groovy:73)
	at com.kms.katalon.core.webui.keyword.WebUiBuiltInKeywords.getWindowIndex(WebUiBuiltInKeywords.groovy:262)
	at com.kms.katalon.core.webui.keyword.WebUiBuiltInKeywords$getWindowIndex$22.call(Unknown Source)
	at Script1586261051750.run(Script1586261051750.groovy:18)
	at com.kms.katalon.core.main.ScriptEngine.run(ScriptEngine.java:194)
	at com.kms.katalon.core.main.ScriptEngine.runScriptAsRawText(ScriptEngine.java:119)
	at com.kms.katalon.core.main.TestCaseExecutor.runScript(TestCaseExecutor.java:369)
	at com.kms.katalon.core.main.TestCaseExecutor.doExecute(TestCaseExecutor.java:360)
	at com.kms.katalon.core.main.TestCaseExecutor.processExecutionPhase(TestCaseExecutor.java:339)
	at com.kms.katalon.core.main.TestCaseExecutor.accessMainPhase(TestCaseExecutor.java:331)
	at com.kms.katalon.core.main.TestCaseExecutor.execute(TestCaseExecutor.java:248)
	at com.kms.katalon.core.main.TestCaseMain.runTestCase(TestCaseMain.java:138)
	at com.kms.katalon.core.keyword.builtin.CallTestCaseKeyword$_callTestCase_closure1.doCall(CallTestCaseKeyword.groovy:59)
	at com.kms.katalon.core.keyword.builtin.CallTestCaseKeyword$_callTestCase_closure1.call(CallTestCaseKeyword.groovy)
	at com.kms.katalon.core.keyword.internal.KeywordMain.runKeyword(KeywordMain.groovy:68)
	at com.kms.katalon.core.keyword.builtin.CallTestCaseKeyword.callTestCase(CallTestCaseKeyword.groovy:81)
	at com.kms.katalon.core.keyword.builtin.CallTestCaseKeyword.execute(CallTestCaseKeyword.groovy:44)
	at com.kms.katalon.core.keyword.internal.KeywordExecutor.executeKeywordForPlatform(KeywordExecutor.groovy:73)
	at com.kms.katalon.core.keyword.BuiltinKeywords.callTestCase(BuiltinKeywords.groovy:334)
	at sekmeler.sekmeler.anaSekmeyeGecilir(sekmeler.groovy:55)
	at cucumber.runtime.Utils$1.call(Utils.java:26)
	at cucumber.runtime.Timeout.timeout(Timeout.java:16)
	at cucumber.runtime.Utils.invoke(Utils.java:20)
	at cucumber.runtime.java.JavaStepDefinition.execute(JavaStepDefinition.java:49)
	at cucumber.runner.PickleStepDefinitionMatch.runStep(PickleStepDefinitionMatch.java:50)
	at cucumber.runner.TestStep.executeStep(TestStep.java:63)
	at cucumber.runner.TestStep.run(TestStep.java:49)
	at cucumber.runner.PickleStepTestStep.run(PickleStepTestStep.java:43)
	at cucumber.runner.TestCase.run(TestCase.java:44)
	at cucumber.runner.Runner.runPickle(Runner.java:40)
	at cucumber.runtime.Runtime$1.run(Runtime.java:84)
	at cucumber.runtime.Runtime$SameThreadExecutorService.execute(Runtime.java:220)
	at cucumber.runtime.Runtime.run(Runtime.java:81)
	at cucumber.api.cli.Main.run(Main.java:26)
	at cucumber.api.cli.Main$run.call(Unknown Source)
	at com.kms.katalon.core.cucumber.keyword.CucumberBuiltinKeywords$_runFeatureFile_closure1.doCall(CucumberBuiltinKeywords.groovy:106)
	at com.kms.katalon.core.cucumber.keyword.CucumberBuiltinKeywords$_runFeatureFile_closure1.doCall(CucumberBuiltinKeywords.groovy)
	at com.kms.katalon.core.keyword.internal.KeywordMain.runKeyword(KeywordMain.groovy:68)
	at com.kms.katalon.core.keyword.internal.KeywordMain$runKeyword.call(Unknown Source)
	at com.kms.katalon.core.cucumber.keyword.CucumberBuiltinKeywords.runFeatureFile(CucumberBuiltinKeywords.groovy:73)
	at com.kms.katalon.core.cucumber.keyword.CucumberBuiltinKeywords$runFeatureFile$0.callStatic(Unknown Source)
	at com.kms.katalon.core.cucumber.keyword.CucumberBuiltinKeywords.runFeatureFile(CucumberBuiltinKeywords.groovy:246)
	at com.kms.katalon.core.cucumber.keyword.CucumberBuiltinKeywords$runFeatureFile.call(Unknown Source)
	at Script1600698733915.run(Script1600698733915.groovy:18)
	... 13 more
)

2021-11-18 11:32:10 - [TEST_STEP][PASSED] - catch (Exception e): null

2021-11-18 11:32:10 - [TEST_STEP][PASSED] - switchToWindowIndex(0): Switched to window with index: '0'

2021-11-18 11:32:10 - [MESSAGE][INFO] - Checking index

2021-11-18 11:32:10 - [MESSAGE][INFO] - Switching window with index: '0'

2021-11-18 11:32:10 - [MESSAGE][PASSED] - Switched to window with index: '0'

2021-11-18 11:32:10 - [MESSAGE][PASSED] - Call Test Case 'Test Cases/Sekmeler/Ana_Sekmeye_Gec' successfully

2021-11-18 11:32:10 - [MESSAGE][INFO] - Checking called Test Case

2021-11-18 11:32:10 - [MESSAGE][INFO] - Starting to call Test Case 'Test Cases/Butonlar/ButonaTikla'

2021-11-18 11:32:10 - [TEST_CASE][PASSED] - Test Cases/Butonlar/ButonaTikla: Test Cases/Butonlar/ButonaTikla

2021-11-18 11:32:10 - [TEST_STEP][PASSED] - Method.TextDegerineEsitElementeTiklaEquals(findTestObject("Butonlar/Butonlar"), Buton_Adi): Method.TextDegerineEsitElementeTiklaEquals is PASSED

2021-11-18 11:32:10 - [MESSAGE][INFO] - Finding Test Object 'Object Repository/Butonlar/Butonlar'

2021-11-18 11:32:10 - [MESSAGE][INFO] - Checking timeout

2021-11-18 11:32:10 - [MESSAGE][INFO] - Finding web element with id: 'Object Repository/Butonlar/Butonlar' located by 'By.cssSelector: .panel.panel-default.text-center.footerPanel .btn,.btn.btn-primary.btnControls' in '10' second(s)

2021-11-18 11:32:10 - [MESSAGE][INFO] - Smart Wait Function is triggered

2021-11-18 11:32:10 - [MESSAGE][INFO] - Found 11 web elements with id: 'Object Repository/Butonlar/Butonlar' located by 'By.cssSelector: .panel.panel-default.text-center.footerPanel .btn,.btn.btn-primary.btnControls' in '10' second(s)

2021-11-18 11:32:10 - [MESSAGE][PASSED] - Method.TextDegerineEsitElementeTiklaEquals is PASSED

2021-11-18 11:32:10 - [MESSAGE][PASSED] - Call Test Case 'Test Cases/Butonlar/ButonaTikla' successfully

2021-11-18 11:32:10 - [MESSAGE][INFO] - Checking called Test Case

2021-11-18 11:32:10 - [MESSAGE][INFO] - Starting to call Test Case 'Test Cases/Sekmeler/YeniSekmeyeGec'

2021-11-18 11:32:10 - [TEST_CASE][PASSED] - Test Cases/Sekmeler/YeniSekmeyeGec: Test Cases/Sekmeler/YeniSekmeyeGec

2021-11-18 11:32:10 - [TEST_STEP][PASSED] - switchToWindowIndex(1): Switched to window with index: '1'

2021-11-18 11:32:10 - [MESSAGE][INFO] - Checking index

2021-11-18 11:32:10 - [MESSAGE][INFO] - Switching window with index: '1'

2021-11-18 11:32:10 - [MESSAGE][PASSED] - Switched to window with index: '1'

2021-11-18 11:32:10 - [MESSAGE][PASSED] - Call Test Case 'Test Cases/Sekmeler/YeniSekmeyeGec' successfully

2021-11-18 11:32:10 - [MESSAGE][INFO] - Checking called Test Case

2021-11-18 11:32:10 - [MESSAGE][INFO] - Starting to call Test Case 'Test Cases/Sekmeler/DepartmanCheckboxiSecilir'

2021-11-18 11:32:10 - [TEST_CASE][PASSED] - Test Cases/Sekmeler/DepartmanCheckboxiSecilir: Test Cases/Sekmeler/DepartmanCheckboxiSecilir

2021-11-18 11:32:10 - [TEST_STEP][PASSED] - Method.TextDegerineEsitElementeTikla(findTestObject("Object Repository/Sekmeler/DepartmanCheckboxi"), Departman): Method.TextDegerineEsitElementeTikla is PASSED

2021-11-18 11:32:10 - [MESSAGE][INFO] - Finding Test Object 'Object Repository/Sekmeler/DepartmanCheckboxi'

2021-11-18 11:32:11 - [MESSAGE][INFO] - Checking timeout

2021-11-18 11:32:11 - [MESSAGE][INFO] - Finding web element with id: 'Object Repository/Sekmeler/DepartmanCheckboxi' located by 'By.cssSelector: .dx-wrap' in '10' second(s)

2021-11-18 11:32:11 - [MESSAGE][INFO] - Smart Wait Function is triggered

2021-11-18 11:32:11 - [MESSAGE][INFO] - Found 4 web elements with id: 'Object Repository/Sekmeler/DepartmanCheckboxi' located by 'By.cssSelector: .dx-wrap' in '10' second(s)

2021-11-18 11:32:11 - [MESSAGE][PASSED] - Method.TextDegerineEsitElementeTikla is PASSED

2021-11-18 11:32:11 - [MESSAGE][PASSED] - Call Test Case 'Test Cases/Sekmeler/DepartmanCheckboxiSecilir' successfully

2021-11-18 11:32:11 - [MESSAGE][INFO] - Checking called Test Case

2021-11-18 11:32:11 - [MESSAGE][INFO] - Starting to call Test Case 'Test Cases/Sekmeler/DepartmanKaydedilir'

2021-11-18 11:32:11 - [TEST_CASE][PASSED] - Test Cases/Sekmeler/DepartmanKaydedilir: Test Cases/Sekmeler/DepartmanKaydedilir

2021-11-18 11:32:11 - [TEST_STEP][PASSED] - waitForElementClickable(findTestObject("Object Repository/Sekmeler/DepartmanKaydetButoni"), 10): Object 'Object Repository/Sekmeler/DepartmanKaydetButoni' is clickable

2021-11-18 11:32:11 - [MESSAGE][INFO] - Finding Test Object 'Object Repository/Sekmeler/DepartmanKaydetButoni'

2021-11-18 11:32:11 - [MESSAGE][INFO] - Checking object

2021-11-18 11:32:11 - [MESSAGE][INFO] - Checking timeout

2021-11-18 11:32:11 - [MESSAGE][INFO] - Finding web element from Test Object's properties

2021-11-18 11:32:11 - [MESSAGE][INFO] - Checking timeout

2021-11-18 11:32:11 - [MESSAGE][INFO] - Finding web element with id: 'Object Repository/Sekmeler/DepartmanKaydetButoni' located by 'By.cssSelector: .dx-vam' in '10' second(s)

2021-11-18 11:32:11 - [MESSAGE][INFO] - Smart Wait Function is triggered

2021-11-18 11:32:12 - [MESSAGE][INFO] - Found 1 web elements with id: 'Object Repository/Sekmeler/DepartmanKaydetButoni' located by 'By.cssSelector: .dx-vam' in '10' second(s)

2021-11-18 11:32:12 - [MESSAGE][PASSED] - Object 'Object Repository/Sekmeler/DepartmanKaydetButoni' is clickable

2021-11-18 11:32:12 - [TEST_STEP][PASSED] - click(findTestObject("Object Repository/Sekmeler/DepartmanKaydetButoni")): Object: 'Object Repository/Sekmeler/DepartmanKaydetButoni' is clicked on

2021-11-18 11:32:12 - [MESSAGE][INFO] - Finding Test Object 'Object Repository/Sekmeler/DepartmanKaydetButoni'

2021-11-18 11:32:12 - [MESSAGE][INFO] - Checking object

2021-11-18 11:32:12 - [MESSAGE][INFO] - Finding web element from Test Object's properties

2021-11-18 11:32:12 - [MESSAGE][INFO] - Checking timeout

2021-11-18 11:32:12 - [MESSAGE][INFO] - Finding web element with id: 'Object Repository/Sekmeler/DepartmanKaydetButoni' located by 'By.cssSelector: .dx-vam' in '30' second(s)

2021-11-18 11:32:12 - [MESSAGE][INFO] - Smart Wait Function is triggered

2021-11-18 11:32:12 - [MESSAGE][INFO] - Found 1 web elements with id: 'Object Repository/Sekmeler/DepartmanKaydetButoni' located by 'By.cssSelector: .dx-vam' in '30' second(s)

2021-11-18 11:32:12 - [MESSAGE][INFO] - Clicking on object: 'Object Repository/Sekmeler/DepartmanKaydetButoni'

2021-11-18 11:32:12 - [MESSAGE][PASSED] - Object: 'Object Repository/Sekmeler/DepartmanKaydetButoni' is clicked on

2021-11-18 11:32:12 - [MESSAGE][PASSED] - Call Test Case 'Test Cases/Sekmeler/DepartmanKaydedilir' successfully

2021-11-18 11:32:12 - [MESSAGE][INFO] - Checking called Test Case

2021-11-18 11:32:12 - [MESSAGE][INFO] - Starting to call Test Case 'Test Cases/Popup/PopupMesajiIceriyorMu'

2021-11-18 11:32:12 - [TEST_CASE][PASSED] - Test Cases/Popup/PopupMesajiIceriyorMu: Test Cases/Popup/PopupMesajiIceriyorMu

2021-11-18 11:32:12 - [TEST_STEP][PASSED] - waitForElementVisible(findTestObject("Popup/Popup"), 10): Object 'Object Repository/Popup/Popup' is visible

2021-11-18 11:32:12 - [MESSAGE][INFO] - Finding Test Object 'Object Repository/Popup/Popup'

2021-11-18 11:32:12 - [MESSAGE][INFO] - Checking object

2021-11-18 11:32:12 - [MESSAGE][INFO] - Checking timeout

2021-11-18 11:32:12 - [MESSAGE][INFO] - Finding web element from Test Object's properties

2021-11-18 11:32:12 - [MESSAGE][INFO] - Checking timeout

2021-11-18 11:32:12 - [MESSAGE][INFO] - Finding web element with id: 'Object Repository/Popup/Popup' located by 'By.cssSelector: .bootbox-body' in '10' second(s)

2021-11-18 11:32:12 - [MESSAGE][INFO] - Smart Wait Function is triggered

2021-11-18 11:32:13 - [MESSAGE][INFO] - Found 1 web elements with id: 'Object Repository/Popup/Popup' located by 'By.cssSelector: .bootbox-body' in '10' second(s)

2021-11-18 11:32:13 - [MESSAGE][PASSED] - Object 'Object Repository/Popup/Popup' is visible

2021-11-18 11:32:13 - [TEST_STEP][PASSED] - if (!(getText(findTestObject("Popup/Popup")).contains(Mesaj))): Text of object 'Object Repository/Popup/Popup' is: 'Seçilen belgelerin ilgili departmanlardaki yetkisi kaldırılmıştır.'

2021-11-18 11:32:13 - [MESSAGE][INFO] - Finding Test Object 'Object Repository/Popup/Popup'

2021-11-18 11:32:13 - [MESSAGE][INFO] - Checking object

2021-11-18 11:32:13 - [MESSAGE][INFO] - Finding web element from Test Object's properties

2021-11-18 11:32:13 - [MESSAGE][INFO] - Checking timeout

2021-11-18 11:32:13 - [MESSAGE][INFO] - Finding web element with id: 'Object Repository/Popup/Popup' located by 'By.cssSelector: .bootbox-body' in '30' second(s)

2021-11-18 11:32:13 - [MESSAGE][INFO] - Smart Wait Function is triggered

2021-11-18 11:32:13 - [MESSAGE][INFO] - Found 1 web elements with id: 'Object Repository/Popup/Popup' located by 'By.cssSelector: .bootbox-body' in '30' second(s)

2021-11-18 11:32:13 - [MESSAGE][INFO] - Getting text of object 'Object Repository/Popup/Popup'

2021-11-18 11:32:13 - [MESSAGE][PASSED] - Text of object 'Object Repository/Popup/Popup' is: 'Seçilen belgelerin ilgili departmanlardaki yetkisi kaldırılmıştır.'

2021-11-18 11:32:13 - [TEST_STEP][PASSED] - RaporNo = getText(findTestObject("Popup/Popup")).substring(0, 6): Text of object 'Object Repository/Popup/Popup' is: 'Seçilen belgelerin ilgili departmanlardaki yetkisi kaldırılmıştır.'

2021-11-18 11:32:13 - [MESSAGE][INFO] - Finding Test Object 'Object Repository/Popup/Popup'

2021-11-18 11:32:13 - [MESSAGE][INFO] - Checking object

2021-11-18 11:32:13 - [MESSAGE][INFO] - Finding web element from Test Object's properties

2021-11-18 11:32:13 - [MESSAGE][INFO] - Checking timeout

2021-11-18 11:32:13 - [MESSAGE][INFO] - Finding web element with id: 'Object Repository/Popup/Popup' located by 'By.cssSelector: .bootbox-body' in '30' second(s)

2021-11-18 11:32:13 - [MESSAGE][INFO] - Smart Wait Function is triggered

2021-11-18 11:32:14 - [MESSAGE][INFO] - Found 1 web elements with id: 'Object Repository/Popup/Popup' located by 'By.cssSelector: .bootbox-body' in '30' second(s)

2021-11-18 11:32:14 - [MESSAGE][INFO] - Getting text of object 'Object Repository/Popup/Popup'

2021-11-18 11:32:14 - [MESSAGE][PASSED] - Text of object 'Object Repository/Popup/Popup' is: 'Seçilen belgelerin ilgili departmanlardaki yetkisi kaldırılmıştır.'

2021-11-18 11:32:14 - [TEST_STEP][PASSED] - Console.println(RaporNo): null

2021-11-18 11:32:14 - [MESSAGE][PASSED] - Call Test Case 'Test Cases/Popup/PopupMesajiIceriyorMu' successfully

2021-11-18 11:32:14 - [MESSAGE][INFO] - Checking called Test Case

2021-11-18 11:32:14 - [MESSAGE][INFO] - Starting to call Test Case 'Test Cases/Popup/PopupButonSecilir'

2021-11-18 11:32:14 - [TEST_CASE][PASSED] - Test Cases/Popup/PopupButonSecilir: Test Cases/Popup/PopupButonSecilir

2021-11-18 11:32:14 - [TEST_STEP][PASSED] - Method.TextDegerineEsitElementeTikla(findTestObject("Popup/Popup_Butons"), Buton): Method.TextDegerineEsitElementeTikla is PASSED

2021-11-18 11:32:14 - [MESSAGE][INFO] - Finding Test Object 'Object Repository/Popup/Popup_Butons'

2021-11-18 11:32:14 - [MESSAGE][INFO] - Checking timeout

2021-11-18 11:32:14 - [MESSAGE][INFO] - Finding web element with id: 'Object Repository/Popup/Popup_Butons' located by 'By.cssSelector: .modal-footer>button' in '10' second(s)

2021-11-18 11:32:14 - [MESSAGE][INFO] - Smart Wait Function is triggered

2021-11-18 11:32:14 - [MESSAGE][INFO] - Found 1 web elements with id: 'Object Repository/Popup/Popup_Butons' located by 'By.cssSelector: .modal-footer>button' in '10' second(s)

2021-11-18 11:32:14 - [MESSAGE][PASSED] - Method.TextDegerineEsitElementeTikla is PASSED

2021-11-18 11:32:14 - [MESSAGE][PASSED] - Call Test Case 'Test Cases/Popup/PopupButonSecilir' successfully

2021-11-18 11:32:14 - [MESSAGE][INFO] - Checking called Test Case

2021-11-18 11:32:14 - [MESSAGE][INFO] - Starting to call Test Case 'Test Cases/Sekmeler/Ana_Sekmeye_Gec'

2021-11-18 11:32:14 - [TEST_CASE][PASSED] - Test Cases/Sekmeler/Ana_Sekmeye_Gec: Test Cases/Sekmeler/Ana_Sekmeye_Gec

2021-11-18 11:32:14 - [TEST_STEP][FAILED] - try: Unable to get the index of the current window (Root cause: com.kms.katalon.core.exception.StepFailedException: Unable to get the index of the current window
	at com.kms.katalon.core.webui.keyword.internal.WebUIKeywordMain.stepFailed(WebUIKeywordMain.groovy:64)
	at com.kms.katalon.core.webui.keyword.internal.WebUIKeywordMain.runKeywordAndReturnInt(WebUIKeywordMain.groovy:56)
	at com.kms.katalon.core.webui.keyword.builtin.GetWindowIndexKeyword.getWindowIndex(GetWindowIndexKeyword.groovy:71)
	at com.kms.katalon.core.webui.keyword.builtin.GetWindowIndexKeyword.execute(GetWindowIndexKeyword.groovy:66)
	at com.kms.katalon.core.keyword.internal.KeywordExecutor.executeKeywordForPlatform(KeywordExecutor.groovy:73)
	at com.kms.katalon.core.webui.keyword.WebUiBuiltInKeywords.getWindowIndex(WebUiBuiltInKeywords.groovy:262)
	at com.kms.katalon.core.webui.keyword.WebUiBuiltInKeywords$getWindowIndex$22.call(Unknown Source)
	at Ana_Sekmeye_Gec.run(Ana_Sekmeye_Gec:18)
	at com.kms.katalon.core.main.ScriptEngine.run(ScriptEngine.java:194)
	at com.kms.katalon.core.main.ScriptEngine.runScriptAsRawText(ScriptEngine.java:119)
	at com.kms.katalon.core.main.TestCaseExecutor.runScript(TestCaseExecutor.java:369)
	at com.kms.katalon.core.main.TestCaseExecutor.doExecute(TestCaseExecutor.java:360)
	at com.kms.katalon.core.main.TestCaseExecutor.processExecutionPhase(TestCaseExecutor.java:339)
	at com.kms.katalon.core.main.TestCaseExecutor.accessMainPhase(TestCaseExecutor.java:331)
	at com.kms.katalon.core.main.TestCaseExecutor.execute(TestCaseExecutor.java:248)
	at com.kms.katalon.core.main.TestCaseMain.runTestCase(TestCaseMain.java:138)
	at com.kms.katalon.core.keyword.builtin.CallTestCaseKeyword$_callTestCase_closure1.doCall(CallTestCaseKeyword.groovy:59)
	at com.kms.katalon.core.keyword.builtin.CallTestCaseKeyword$_callTestCase_closure1.call(CallTestCaseKeyword.groovy)
	at com.kms.katalon.core.keyword.internal.KeywordMain.runKeyword(KeywordMain.groovy:68)
	at com.kms.katalon.core.keyword.builtin.CallTestCaseKeyword.callTestCase(CallTestCaseKeyword.groovy:81)
	at com.kms.katalon.core.keyword.builtin.CallTestCaseKeyword.execute(CallTestCaseKeyword.groovy:44)
	at com.kms.katalon.core.keyword.internal.KeywordExecutor.executeKeywordForPlatform(KeywordExecutor.groovy:73)
	at com.kms.katalon.core.keyword.BuiltinKeywords.callTestCase(BuiltinKeywords.groovy:334)
	at sekmeler.sekmeler.anaSekmeyeGecilir(sekmeler.groovy:55)
	at cucumber.runtime.Utils$1.call(Utils.java:26)
	at cucumber.runtime.Timeout.timeout(Timeout.java:16)
	at cucumber.runtime.Utils.invoke(Utils.java:20)
	at cucumber.runtime.java.JavaStepDefinition.execute(JavaStepDefinition.java:49)
	at cucumber.runner.PickleStepDefinitionMatch.runStep(PickleStepDefinitionMatch.java:50)
	at cucumber.runner.TestStep.executeStep(TestStep.java:63)
	at cucumber.runner.TestStep.run(TestStep.java:49)
	at cucumber.runner.PickleStepTestStep.run(PickleStepTestStep.java:43)
	at cucumber.runner.TestCase.run(TestCase.java:44)
	at cucumber.runner.Runner.runPickle(Runner.java:40)
	at cucumber.runtime.Runtime$1.run(Runtime.java:84)
	at cucumber.runtime.Runtime$SameThreadExecutorService.execute(Runtime.java:220)
	at cucumber.runtime.Runtime.run(Runtime.java:81)
	at cucumber.api.cli.Main.run(Main.java:26)
	at cucumber.api.cli.Main$run.call(Unknown Source)
	at com.kms.katalon.core.cucumber.keyword.CucumberBuiltinKeywords$_runFeatureFile_closure1.doCall(CucumberBuiltinKeywords.groovy:106)
	at com.kms.katalon.core.cucumber.keyword.CucumberBuiltinKeywords$_runFeatureFile_closure1.doCall(CucumberBuiltinKeywords.groovy)
	at com.kms.katalon.core.keyword.internal.KeywordMain.runKeyword(KeywordMain.groovy:68)
	at com.kms.katalon.core.keyword.internal.KeywordMain$runKeyword.call(Unknown Source)
	at com.kms.katalon.core.cucumber.keyword.CucumberBuiltinKeywords.runFeatureFile(CucumberBuiltinKeywords.groovy:73)
	at com.kms.katalon.core.cucumber.keyword.CucumberBuiltinKeywords$runFeatureFile$0.callStatic(Unknown Source)
	at com.kms.katalon.core.cucumber.keyword.CucumberBuiltinKeywords.runFeatureFile(CucumberBuiltinKeywords.groovy:246)
	at com.kms.katalon.core.cucumber.keyword.CucumberBuiltinKeywords$runFeatureFile.call(Unknown Source)
	at Departman Ata_Geri Al.run(Departman Ata_Geri Al:18)
	at com.kms.katalon.core.main.ScriptEngine.run(ScriptEngine.java:194)
	at com.kms.katalon.core.main.ScriptEngine.runScriptAsRawText(ScriptEngine.java:119)
	at com.kms.katalon.core.main.TestCaseExecutor.runScript(TestCaseExecutor.java:369)
	at com.kms.katalon.core.main.TestCaseExecutor.doExecute(TestCaseExecutor.java:360)
	at com.kms.katalon.core.main.TestCaseExecutor.processExecutionPhase(TestCaseExecutor.java:339)
	at com.kms.katalon.core.main.TestCaseExecutor.accessMainPhase(TestCaseExecutor.java:331)
	at com.kms.katalon.core.main.TestCaseExecutor.execute(TestCaseExecutor.java:248)
	at com.kms.katalon.core.main.TestSuiteExecutor.accessTestCaseMainPhase(TestSuiteExecutor.java:191)
	at com.kms.katalon.core.main.TestSuiteExecutor.accessTestSuiteMainPhase(TestSuiteExecutor.java:140)
	at com.kms.katalon.core.main.TestSuiteExecutor.execute(TestSuiteExecutor.java:89)
	at com.kms.katalon.core.main.TestCaseMain.startTestSuite(TestCaseMain.java:181)
	at com.kms.katalon.core.main.TestCaseMain$startTestSuite$0.call(Unknown Source)
	at TempTestSuite1637222960690.run(TempTestSuite1637222960690.groovy:39)
Caused by: org.openqa.selenium.NoSuchWindowException: no such window: window was already closed
  (Session info: chrome=96.0.4664.45)
Build info: version: '3.141.59', revision: 'e82be7d358', time: '2018-11-14T08:25:53'
System info: host: 'DESKTOP-QBVMTUG', ip: '192.168.1.24', os.name: 'Windows 10', os.arch: 'amd64', os.version: '10.0', java.version: '1.8.0_282'
Driver info: com.kms.katalon.selenium.driver.CChromeDriver
Capabilities {acceptInsecureCerts: false, browserName: chrome, browserVersion: 96.0.4664.45, chrome: {chromedriverVersion: 96.0.4664.45 (76e4c1bb2ab46..., userDataDir: C:\Users\DELL\AppData\Local...}, goog:chromeOptions: {debuggerAddress: localhost:49693}, javascriptEnabled: true, networkConnectionEnabled: false, pageLoadStrategy: normal, platform: WINDOWS, platformName: WINDOWS, proxy: Proxy(), setWindowRect: true, strictFileInteractability: false, timeouts: {implicit: 0, pageLoad: 300000, script: 30000}, unhandledPromptBehavior: dismiss and notify, webauthn:extension:credBlob: true, webauthn:extension:largeBlob: true, webauthn:virtualAuthenticators: true}
Session ID: 0aef24eb69b91d835b9dbf6cc12d6abf
	at org.openqa.selenium.remote.http.W3CHttpResponseCodec.createException(W3CHttpResponseCodec.java:187)
	at org.openqa.selenium.remote.http.W3CHttpResponseCodec.decode(W3CHttpResponseCodec.java:122)
	at org.openqa.selenium.remote.http.W3CHttpResponseCodec.decode(W3CHttpResponseCodec.java:49)
	at org.openqa.selenium.remote.HttpCommandExecutor.execute(HttpCommandExecutor.java:158)
	at org.openqa.selenium.remote.service.DriverCommandExecutor.execute(DriverCommandExecutor.java:83)
	at org.openqa.selenium.remote.RemoteWebDriver.execute(RemoteWebDriver.java:552)
	at com.kms.katalon.selenium.driver.CChromeDriver.execute(CChromeDriver.java:19)
	at org.openqa.selenium.remote.RemoteWebDriver.execute(RemoteWebDriver.java:609)
	at org.openqa.selenium.remote.RemoteWebDriver.getWindowHandle(RemoteWebDriver.java:472)
	at org.openqa.selenium.support.events.EventFiringWebDriver.lambda$new$1(EventFiringWebDriver.java:105)
	at com.sun.proxy.$Proxy12.getWindowHandle(Unknown Source)
	at org.openqa.selenium.support.events.EventFiringWebDriver.getWindowHandle(EventFiringWebDriver.java:221)
	at com.kms.katalon.core.webui.driver.DriverFactory.getCurrentWindowIndex(DriverFactory.java:1072)
	at com.kms.katalon.core.webui.keyword.builtin.GetWindowIndexKeyword$_getWindowIndex_closure1.doCall(GetWindowIndexKeyword.groovy:73)
	at com.kms.katalon.core.webui.keyword.builtin.GetWindowIndexKeyword$_getWindowIndex_closure1.call(GetWindowIndexKeyword.groovy)
	at com.kms.katalon.core.webui.keyword.internal.WebUIKeywordMain.runKeywordAndReturnInt(WebUIKeywordMain.groovy:50)
	at com.kms.katalon.core.webui.keyword.builtin.GetWindowIndexKeyword.getWindowIndex(GetWindowIndexKeyword.groovy:71)
	at com.kms.katalon.core.webui.keyword.builtin.GetWindowIndexKeyword.execute(GetWindowIndexKeyword.groovy:66)
	at com.kms.katalon.core.keyword.internal.KeywordExecutor.executeKeywordForPlatform(KeywordExecutor.groovy:73)
	at com.kms.katalon.core.webui.keyword.WebUiBuiltInKeywords.getWindowIndex(WebUiBuiltInKeywords.groovy:262)
	at com.kms.katalon.core.webui.keyword.WebUiBuiltInKeywords$getWindowIndex$22.call(Unknown Source)
	at Script1586261051750.run(Script1586261051750.groovy:18)
	at com.kms.katalon.core.main.ScriptEngine.run(ScriptEngine.java:194)
	at com.kms.katalon.core.main.ScriptEngine.runScriptAsRawText(ScriptEngine.java:119)
	at com.kms.katalon.core.main.TestCaseExecutor.runScript(TestCaseExecutor.java:369)
	at com.kms.katalon.core.main.TestCaseExecutor.doExecute(TestCaseExecutor.java:360)
	at com.kms.katalon.core.main.TestCaseExecutor.processExecutionPhase(TestCaseExecutor.java:339)
	at com.kms.katalon.core.main.TestCaseExecutor.accessMainPhase(TestCaseExecutor.java:331)
	at com.kms.katalon.core.main.TestCaseExecutor.execute(TestCaseExecutor.java:248)
	at com.kms.katalon.core.main.TestCaseMain.runTestCase(TestCaseMain.java:138)
	at com.kms.katalon.core.keyword.builtin.CallTestCaseKeyword$_callTestCase_closure1.doCall(CallTestCaseKeyword.groovy:59)
	at com.kms.katalon.core.keyword.builtin.CallTestCaseKeyword$_callTestCase_closure1.call(CallTestCaseKeyword.groovy)
	at com.kms.katalon.core.keyword.internal.KeywordMain.runKeyword(KeywordMain.groovy:68)
	at com.kms.katalon.core.keyword.builtin.CallTestCaseKeyword.callTestCase(CallTestCaseKeyword.groovy:81)
	at com.kms.katalon.core.keyword.builtin.CallTestCaseKeyword.execute(CallTestCaseKeyword.groovy:44)
	at com.kms.katalon.core.keyword.internal.KeywordExecutor.executeKeywordForPlatform(KeywordExecutor.groovy:73)
	at com.kms.katalon.core.keyword.BuiltinKeywords.callTestCase(BuiltinKeywords.groovy:334)
	at sekmeler.sekmeler.anaSekmeyeGecilir(sekmeler.groovy:55)
	at cucumber.runtime.Utils$1.call(Utils.java:26)
	at cucumber.runtime.Timeout.timeout(Timeout.java:16)
	at cucumber.runtime.Utils.invoke(Utils.java:20)
	at cucumber.runtime.java.JavaStepDefinition.execute(JavaStepDefinition.java:49)
	at cucumber.runner.PickleStepDefinitionMatch.runStep(PickleStepDefinitionMatch.java:50)
	at cucumber.runner.TestStep.executeStep(TestStep.java:63)
	at cucumber.runner.TestStep.run(TestStep.java:49)
	at cucumber.runner.PickleStepTestStep.run(PickleStepTestStep.java:43)
	at cucumber.runner.TestCase.run(TestCase.java:44)
	at cucumber.runner.Runner.runPickle(Runner.java:40)
	at cucumber.runtime.Runtime$1.run(Runtime.java:84)
	at cucumber.runtime.Runtime$SameThreadExecutorService.execute(Runtime.java:220)
	at cucumber.runtime.Runtime.run(Runtime.java:81)
	at cucumber.api.cli.Main.run(Main.java:26)
	at cucumber.api.cli.Main$run.call(Unknown Source)
	at com.kms.katalon.core.cucumber.keyword.CucumberBuiltinKeywords$_runFeatureFile_closure1.doCall(CucumberBuiltinKeywords.groovy:106)
	at com.kms.katalon.core.cucumber.keyword.CucumberBuiltinKeywords$_runFeatureFile_closure1.doCall(CucumberBuiltinKeywords.groovy)
	at com.kms.katalon.core.keyword.internal.KeywordMain.runKeyword(KeywordMain.groovy:68)
	at com.kms.katalon.core.keyword.internal.KeywordMain$runKeyword.call(Unknown Source)
	at com.kms.katalon.core.cucumber.keyword.CucumberBuiltinKeywords.runFeatureFile(CucumberBuiltinKeywords.groovy:73)
	at com.kms.katalon.core.cucumber.keyword.CucumberBuiltinKeywords$runFeatureFile$0.callStatic(Unknown Source)
	at com.kms.katalon.core.cucumber.keyword.CucumberBuiltinKeywords.runFeatureFile(CucumberBuiltinKeywords.groovy:246)
	at com.kms.katalon.core.cucumber.keyword.CucumberBuiltinKeywords$runFeatureFile.call(Unknown Source)
	at Script1600698733915.run(Script1600698733915.groovy:18)
	... 13 more
)

2021-11-18 11:32:14 - [TEST_STEP][FAILED] - index = getWindowIndex(): Unable to get the index of the current window (Root cause: com.kms.katalon.core.exception.StepFailedException: Unable to get the index of the current window
	at com.kms.katalon.core.webui.keyword.internal.WebUIKeywordMain.stepFailed(WebUIKeywordMain.groovy:64)
	at com.kms.katalon.core.webui.keyword.internal.WebUIKeywordMain.runKeywordAndReturnInt(WebUIKeywordMain.groovy:56)
	at com.kms.katalon.core.webui.keyword.builtin.GetWindowIndexKeyword.getWindowIndex(GetWindowIndexKeyword.groovy:71)
	at com.kms.katalon.core.webui.keyword.builtin.GetWindowIndexKeyword.execute(GetWindowIndexKeyword.groovy:66)
	at com.kms.katalon.core.keyword.internal.KeywordExecutor.executeKeywordForPlatform(KeywordExecutor.groovy:73)
	at com.kms.katalon.core.webui.keyword.WebUiBuiltInKeywords.getWindowIndex(WebUiBuiltInKeywords.groovy:262)
	at com.kms.katalon.core.webui.keyword.WebUiBuiltInKeywords$getWindowIndex$22.call(Unknown Source)
	at Ana_Sekmeye_Gec.run(Ana_Sekmeye_Gec:18)
	at com.kms.katalon.core.main.ScriptEngine.run(ScriptEngine.java:194)
	at com.kms.katalon.core.main.ScriptEngine.runScriptAsRawText(ScriptEngine.java:119)
	at com.kms.katalon.core.main.TestCaseExecutor.runScript(TestCaseExecutor.java:369)
	at com.kms.katalon.core.main.TestCaseExecutor.doExecute(TestCaseExecutor.java:360)
	at com.kms.katalon.core.main.TestCaseExecutor.processExecutionPhase(TestCaseExecutor.java:339)
	at com.kms.katalon.core.main.TestCaseExecutor.accessMainPhase(TestCaseExecutor.java:331)
	at com.kms.katalon.core.main.TestCaseExecutor.execute(TestCaseExecutor.java:248)
	at com.kms.katalon.core.main.TestCaseMain.runTestCase(TestCaseMain.java:138)
	at com.kms.katalon.core.keyword.builtin.CallTestCaseKeyword$_callTestCase_closure1.doCall(CallTestCaseKeyword.groovy:59)
	at com.kms.katalon.core.keyword.builtin.CallTestCaseKeyword$_callTestCase_closure1.call(CallTestCaseKeyword.groovy)
	at com.kms.katalon.core.keyword.internal.KeywordMain.runKeyword(KeywordMain.groovy:68)
	at com.kms.katalon.core.keyword.builtin.CallTestCaseKeyword.callTestCase(CallTestCaseKeyword.groovy:81)
	at com.kms.katalon.core.keyword.builtin.CallTestCaseKeyword.execute(CallTestCaseKeyword.groovy:44)
	at com.kms.katalon.core.keyword.internal.KeywordExecutor.executeKeywordForPlatform(KeywordExecutor.groovy:73)
	at com.kms.katalon.core.keyword.BuiltinKeywords.callTestCase(BuiltinKeywords.groovy:334)
	at sekmeler.sekmeler.anaSekmeyeGecilir(sekmeler.groovy:55)
	at cucumber.runtime.Utils$1.call(Utils.java:26)
	at cucumber.runtime.Timeout.timeout(Timeout.java:16)
	at cucumber.runtime.Utils.invoke(Utils.java:20)
	at cucumber.runtime.java.JavaStepDefinition.execute(JavaStepDefinition.java:49)
	at cucumber.runner.PickleStepDefinitionMatch.runStep(PickleStepDefinitionMatch.java:50)
	at cucumber.runner.TestStep.executeStep(TestStep.java:63)
	at cucumber.runner.TestStep.run(TestStep.java:49)
	at cucumber.runner.PickleStepTestStep.run(PickleStepTestStep.java:43)
	at cucumber.runner.TestCase.run(TestCase.java:44)
	at cucumber.runner.Runner.runPickle(Runner.java:40)
	at cucumber.runtime.Runtime$1.run(Runtime.java:84)
	at cucumber.runtime.Runtime$SameThreadExecutorService.execute(Runtime.java:220)
	at cucumber.runtime.Runtime.run(Runtime.java:81)
	at cucumber.api.cli.Main.run(Main.java:26)
	at cucumber.api.cli.Main$run.call(Unknown Source)
	at com.kms.katalon.core.cucumber.keyword.CucumberBuiltinKeywords$_runFeatureFile_closure1.doCall(CucumberBuiltinKeywords.groovy:106)
	at com.kms.katalon.core.cucumber.keyword.CucumberBuiltinKeywords$_runFeatureFile_closure1.doCall(CucumberBuiltinKeywords.groovy)
	at com.kms.katalon.core.keyword.internal.KeywordMain.runKeyword(KeywordMain.groovy:68)
	at com.kms.katalon.core.keyword.internal.KeywordMain$runKeyword.call(Unknown Source)
	at com.kms.katalon.core.cucumber.keyword.CucumberBuiltinKeywords.runFeatureFile(CucumberBuiltinKeywords.groovy:73)
	at com.kms.katalon.core.cucumber.keyword.CucumberBuiltinKeywords$runFeatureFile$0.callStatic(Unknown Source)
	at com.kms.katalon.core.cucumber.keyword.CucumberBuiltinKeywords.runFeatureFile(CucumberBuiltinKeywords.groovy:246)
	at com.kms.katalon.core.cucumber.keyword.CucumberBuiltinKeywords$runFeatureFile.call(Unknown Source)
	at Departman Ata_Geri Al.run(Departman Ata_Geri Al:18)
	at com.kms.katalon.core.main.ScriptEngine.run(ScriptEngine.java:194)
	at com.kms.katalon.core.main.ScriptEngine.runScriptAsRawText(ScriptEngine.java:119)
	at com.kms.katalon.core.main.TestCaseExecutor.runScript(TestCaseExecutor.java:369)
	at com.kms.katalon.core.main.TestCaseExecutor.doExecute(TestCaseExecutor.java:360)
	at com.kms.katalon.core.main.TestCaseExecutor.processExecutionPhase(TestCaseExecutor.java:339)
	at com.kms.katalon.core.main.TestCaseExecutor.accessMainPhase(TestCaseExecutor.java:331)
	at com.kms.katalon.core.main.TestCaseExecutor.execute(TestCaseExecutor.java:248)
	at com.kms.katalon.core.main.TestSuiteExecutor.accessTestCaseMainPhase(TestSuiteExecutor.java:191)
	at com.kms.katalon.core.main.TestSuiteExecutor.accessTestSuiteMainPhase(TestSuiteExecutor.java:140)
	at com.kms.katalon.core.main.TestSuiteExecutor.execute(TestSuiteExecutor.java:89)
	at com.kms.katalon.core.main.TestCaseMain.startTestSuite(TestCaseMain.java:181)
	at com.kms.katalon.core.main.TestCaseMain$startTestSuite$0.call(Unknown Source)
	at TempTestSuite1637222960690.run(TempTestSuite1637222960690.groovy:39)
Caused by: org.openqa.selenium.NoSuchWindowException: no such window: window was already closed
  (Session info: chrome=96.0.4664.45)
Build info: version: '3.141.59', revision: 'e82be7d358', time: '2018-11-14T08:25:53'
System info: host: 'DESKTOP-QBVMTUG', ip: '192.168.1.24', os.name: 'Windows 10', os.arch: 'amd64', os.version: '10.0', java.version: '1.8.0_282'
Driver info: com.kms.katalon.selenium.driver.CChromeDriver
Capabilities {acceptInsecureCerts: false, browserName: chrome, browserVersion: 96.0.4664.45, chrome: {chromedriverVersion: 96.0.4664.45 (76e4c1bb2ab46..., userDataDir: C:\Users\DELL\AppData\Local...}, goog:chromeOptions: {debuggerAddress: localhost:49693}, javascriptEnabled: true, networkConnectionEnabled: false, pageLoadStrategy: normal, platform: WINDOWS, platformName: WINDOWS, proxy: Proxy(), setWindowRect: true, strictFileInteractability: false, timeouts: {implicit: 0, pageLoad: 300000, script: 30000}, unhandledPromptBehavior: dismiss and notify, webauthn:extension:credBlob: true, webauthn:extension:largeBlob: true, webauthn:virtualAuthenticators: true}
Session ID: 0aef24eb69b91d835b9dbf6cc12d6abf
	at org.openqa.selenium.remote.http.W3CHttpResponseCodec.createException(W3CHttpResponseCodec.java:187)
	at org.openqa.selenium.remote.http.W3CHttpResponseCodec.decode(W3CHttpResponseCodec.java:122)
	at org.openqa.selenium.remote.http.W3CHttpResponseCodec.decode(W3CHttpResponseCodec.java:49)
	at org.openqa.selenium.remote.HttpCommandExecutor.execute(HttpCommandExecutor.java:158)
	at org.openqa.selenium.remote.service.DriverCommandExecutor.execute(DriverCommandExecutor.java:83)
	at org.openqa.selenium.remote.RemoteWebDriver.execute(RemoteWebDriver.java:552)
	at com.kms.katalon.selenium.driver.CChromeDriver.execute(CChromeDriver.java:19)
	at org.openqa.selenium.remote.RemoteWebDriver.execute(RemoteWebDriver.java:609)
	at org.openqa.selenium.remote.RemoteWebDriver.getWindowHandle(RemoteWebDriver.java:472)
	at org.openqa.selenium.support.events.EventFiringWebDriver.lambda$new$1(EventFiringWebDriver.java:105)
	at com.sun.proxy.$Proxy12.getWindowHandle(Unknown Source)
	at org.openqa.selenium.support.events.EventFiringWebDriver.getWindowHandle(EventFiringWebDriver.java:221)
	at com.kms.katalon.core.webui.driver.DriverFactory.getCurrentWindowIndex(DriverFactory.java:1072)
	at com.kms.katalon.core.webui.keyword.builtin.GetWindowIndexKeyword$_getWindowIndex_closure1.doCall(GetWindowIndexKeyword.groovy:73)
	at com.kms.katalon.core.webui.keyword.builtin.GetWindowIndexKeyword$_getWindowIndex_closure1.call(GetWindowIndexKeyword.groovy)
	at com.kms.katalon.core.webui.keyword.internal.WebUIKeywordMain.runKeywordAndReturnInt(WebUIKeywordMain.groovy:50)
	at com.kms.katalon.core.webui.keyword.builtin.GetWindowIndexKeyword.getWindowIndex(GetWindowIndexKeyword.groovy:71)
	at com.kms.katalon.core.webui.keyword.builtin.GetWindowIndexKeyword.execute(GetWindowIndexKeyword.groovy:66)
	at com.kms.katalon.core.keyword.internal.KeywordExecutor.executeKeywordForPlatform(KeywordExecutor.groovy:73)
	at com.kms.katalon.core.webui.keyword.WebUiBuiltInKeywords.getWindowIndex(WebUiBuiltInKeywords.groovy:262)
	at com.kms.katalon.core.webui.keyword.WebUiBuiltInKeywords$getWindowIndex$22.call(Unknown Source)
	at Script1586261051750.run(Script1586261051750.groovy:18)
	at com.kms.katalon.core.main.ScriptEngine.run(ScriptEngine.java:194)
	at com.kms.katalon.core.main.ScriptEngine.runScriptAsRawText(ScriptEngine.java:119)
	at com.kms.katalon.core.main.TestCaseExecutor.runScript(TestCaseExecutor.java:369)
	at com.kms.katalon.core.main.TestCaseExecutor.doExecute(TestCaseExecutor.java:360)
	at com.kms.katalon.core.main.TestCaseExecutor.processExecutionPhase(TestCaseExecutor.java:339)
	at com.kms.katalon.core.main.TestCaseExecutor.accessMainPhase(TestCaseExecutor.java:331)
	at com.kms.katalon.core.main.TestCaseExecutor.execute(TestCaseExecutor.java:248)
	at com.kms.katalon.core.main.TestCaseMain.runTestCase(TestCaseMain.java:138)
	at com.kms.katalon.core.keyword.builtin.CallTestCaseKeyword$_callTestCase_closure1.doCall(CallTestCaseKeyword.groovy:59)
	at com.kms.katalon.core.keyword.builtin.CallTestCaseKeyword$_callTestCase_closure1.call(CallTestCaseKeyword.groovy)
	at com.kms.katalon.core.keyword.internal.KeywordMain.runKeyword(KeywordMain.groovy:68)
	at com.kms.katalon.core.keyword.builtin.CallTestCaseKeyword.callTestCase(CallTestCaseKeyword.groovy:81)
	at com.kms.katalon.core.keyword.builtin.CallTestCaseKeyword.execute(CallTestCaseKeyword.groovy:44)
	at com.kms.katalon.core.keyword.internal.KeywordExecutor.executeKeywordForPlatform(KeywordExecutor.groovy:73)
	at com.kms.katalon.core.keyword.BuiltinKeywords.callTestCase(BuiltinKeywords.groovy:334)
	at sekmeler.sekmeler.anaSekmeyeGecilir(sekmeler.groovy:55)
	at cucumber.runtime.Utils$1.call(Utils.java:26)
	at cucumber.runtime.Timeout.timeout(Timeout.java:16)
	at cucumber.runtime.Utils.invoke(Utils.java:20)
	at cucumber.runtime.java.JavaStepDefinition.execute(JavaStepDefinition.java:49)
	at cucumber.runner.PickleStepDefinitionMatch.runStep(PickleStepDefinitionMatch.java:50)
	at cucumber.runner.TestStep.executeStep(TestStep.java:63)
	at cucumber.runner.TestStep.run(TestStep.java:49)
	at cucumber.runner.PickleStepTestStep.run(PickleStepTestStep.java:43)
	at cucumber.runner.TestCase.run(TestCase.java:44)
	at cucumber.runner.Runner.runPickle(Runner.java:40)
	at cucumber.runtime.Runtime$1.run(Runtime.java:84)
	at cucumber.runtime.Runtime$SameThreadExecutorService.execute(Runtime.java:220)
	at cucumber.runtime.Runtime.run(Runtime.java:81)
	at cucumber.api.cli.Main.run(Main.java:26)
	at cucumber.api.cli.Main$run.call(Unknown Source)
	at com.kms.katalon.core.cucumber.keyword.CucumberBuiltinKeywords$_runFeatureFile_closure1.doCall(CucumberBuiltinKeywords.groovy:106)
	at com.kms.katalon.core.cucumber.keyword.CucumberBuiltinKeywords$_runFeatureFile_closure1.doCall(CucumberBuiltinKeywords.groovy)
	at com.kms.katalon.core.keyword.internal.KeywordMain.runKeyword(KeywordMain.groovy:68)
	at com.kms.katalon.core.keyword.internal.KeywordMain$runKeyword.call(Unknown Source)
	at com.kms.katalon.core.cucumber.keyword.CucumberBuiltinKeywords.runFeatureFile(CucumberBuiltinKeywords.groovy:73)
	at com.kms.katalon.core.cucumber.keyword.CucumberBuiltinKeywords$runFeatureFile$0.callStatic(Unknown Source)
	at com.kms.katalon.core.cucumber.keyword.CucumberBuiltinKeywords.runFeatureFile(CucumberBuiltinKeywords.groovy:246)
	at com.kms.katalon.core.cucumber.keyword.CucumberBuiltinKeywords$runFeatureFile.call(Unknown Source)
	at Script1600698733915.run(Script1600698733915.groovy:18)
	... 13 more
)

2021-11-18 11:32:14 - [MESSAGE][INFO] - Getting current window's index

2021-11-18 11:32:14 - [MESSAGE][FAILED] - Unable to get the index of the current window (Root cause: com.kms.katalon.core.exception.StepFailedException: Unable to get the index of the current window
	at com.kms.katalon.core.webui.keyword.internal.WebUIKeywordMain.stepFailed(WebUIKeywordMain.groovy:64)
	at com.kms.katalon.core.webui.keyword.internal.WebUIKeywordMain.runKeywordAndReturnInt(WebUIKeywordMain.groovy:56)
	at com.kms.katalon.core.webui.keyword.builtin.GetWindowIndexKeyword.getWindowIndex(GetWindowIndexKeyword.groovy:71)
	at com.kms.katalon.core.webui.keyword.builtin.GetWindowIndexKeyword.execute(GetWindowIndexKeyword.groovy:66)
	at com.kms.katalon.core.keyword.internal.KeywordExecutor.executeKeywordForPlatform(KeywordExecutor.groovy:73)
	at com.kms.katalon.core.webui.keyword.WebUiBuiltInKeywords.getWindowIndex(WebUiBuiltInKeywords.groovy:262)
	at com.kms.katalon.core.webui.keyword.WebUiBuiltInKeywords$getWindowIndex$22.call(Unknown Source)
	at Ana_Sekmeye_Gec.run(Ana_Sekmeye_Gec:18)
	at com.kms.katalon.core.main.ScriptEngine.run(ScriptEngine.java:194)
	at com.kms.katalon.core.main.ScriptEngine.runScriptAsRawText(ScriptEngine.java:119)
	at com.kms.katalon.core.main.TestCaseExecutor.runScript(TestCaseExecutor.java:369)
	at com.kms.katalon.core.main.TestCaseExecutor.doExecute(TestCaseExecutor.java:360)
	at com.kms.katalon.core.main.TestCaseExecutor.processExecutionPhase(TestCaseExecutor.java:339)
	at com.kms.katalon.core.main.TestCaseExecutor.accessMainPhase(TestCaseExecutor.java:331)
	at com.kms.katalon.core.main.TestCaseExecutor.execute(TestCaseExecutor.java:248)
	at com.kms.katalon.core.main.TestCaseMain.runTestCase(TestCaseMain.java:138)
	at com.kms.katalon.core.keyword.builtin.CallTestCaseKeyword$_callTestCase_closure1.doCall(CallTestCaseKeyword.groovy:59)
	at com.kms.katalon.core.keyword.builtin.CallTestCaseKeyword$_callTestCase_closure1.call(CallTestCaseKeyword.groovy)
	at com.kms.katalon.core.keyword.internal.KeywordMain.runKeyword(KeywordMain.groovy:68)
	at com.kms.katalon.core.keyword.builtin.CallTestCaseKeyword.callTestCase(CallTestCaseKeyword.groovy:81)
	at com.kms.katalon.core.keyword.builtin.CallTestCaseKeyword.execute(CallTestCaseKeyword.groovy:44)
	at com.kms.katalon.core.keyword.internal.KeywordExecutor.executeKeywordForPlatform(KeywordExecutor.groovy:73)
	at com.kms.katalon.core.keyword.BuiltinKeywords.callTestCase(BuiltinKeywords.groovy:334)
	at sekmeler.sekmeler.anaSekmeyeGecilir(sekmeler.groovy:55)
	at cucumber.runtime.Utils$1.call(Utils.java:26)
	at cucumber.runtime.Timeout.timeout(Timeout.java:16)
	at cucumber.runtime.Utils.invoke(Utils.java:20)
	at cucumber.runtime.java.JavaStepDefinition.execute(JavaStepDefinition.java:49)
	at cucumber.runner.PickleStepDefinitionMatch.runStep(PickleStepDefinitionMatch.java:50)
	at cucumber.runner.TestStep.executeStep(TestStep.java:63)
	at cucumber.runner.TestStep.run(TestStep.java:49)
	at cucumber.runner.PickleStepTestStep.run(PickleStepTestStep.java:43)
	at cucumber.runner.TestCase.run(TestCase.java:44)
	at cucumber.runner.Runner.runPickle(Runner.java:40)
	at cucumber.runtime.Runtime$1.run(Runtime.java:84)
	at cucumber.runtime.Runtime$SameThreadExecutorService.execute(Runtime.java:220)
	at cucumber.runtime.Runtime.run(Runtime.java:81)
	at cucumber.api.cli.Main.run(Main.java:26)
	at cucumber.api.cli.Main$run.call(Unknown Source)
	at com.kms.katalon.core.cucumber.keyword.CucumberBuiltinKeywords$_runFeatureFile_closure1.doCall(CucumberBuiltinKeywords.groovy:106)
	at com.kms.katalon.core.cucumber.keyword.CucumberBuiltinKeywords$_runFeatureFile_closure1.doCall(CucumberBuiltinKeywords.groovy)
	at com.kms.katalon.core.keyword.internal.KeywordMain.runKeyword(KeywordMain.groovy:68)
	at com.kms.katalon.core.keyword.internal.KeywordMain$runKeyword.call(Unknown Source)
	at com.kms.katalon.core.cucumber.keyword.CucumberBuiltinKeywords.runFeatureFile(CucumberBuiltinKeywords.groovy:73)
	at com.kms.katalon.core.cucumber.keyword.CucumberBuiltinKeywords$runFeatureFile$0.callStatic(Unknown Source)
	at com.kms.katalon.core.cucumber.keyword.CucumberBuiltinKeywords.runFeatureFile(CucumberBuiltinKeywords.groovy:246)
	at com.kms.katalon.core.cucumber.keyword.CucumberBuiltinKeywords$runFeatureFile.call(Unknown Source)
	at Departman Ata_Geri Al.run(Departman Ata_Geri Al:18)
	at com.kms.katalon.core.main.ScriptEngine.run(ScriptEngine.java:194)
	at com.kms.katalon.core.main.ScriptEngine.runScriptAsRawText(ScriptEngine.java:119)
	at com.kms.katalon.core.main.TestCaseExecutor.runScript(TestCaseExecutor.java:369)
	at com.kms.katalon.core.main.TestCaseExecutor.doExecute(TestCaseExecutor.java:360)
	at com.kms.katalon.core.main.TestCaseExecutor.processExecutionPhase(TestCaseExecutor.java:339)
	at com.kms.katalon.core.main.TestCaseExecutor.accessMainPhase(TestCaseExecutor.java:331)
	at com.kms.katalon.core.main.TestCaseExecutor.execute(TestCaseExecutor.java:248)
	at com.kms.katalon.core.main.TestSuiteExecutor.accessTestCaseMainPhase(TestSuiteExecutor.java:191)
	at com.kms.katalon.core.main.TestSuiteExecutor.accessTestSuiteMainPhase(TestSuiteExecutor.java:140)
	at com.kms.katalon.core.main.TestSuiteExecutor.execute(TestSuiteExecutor.java:89)
	at com.kms.katalon.core.main.TestCaseMain.startTestSuite(TestCaseMain.java:181)
	at com.kms.katalon.core.main.TestCaseMain$startTestSuite$0.call(Unknown Source)
	at TempTestSuite1637222960690.run(TempTestSuite1637222960690.groovy:39)
Caused by: org.openqa.selenium.NoSuchWindowException: no such window: window was already closed
  (Session info: chrome=96.0.4664.45)
Build info: version: '3.141.59', revision: 'e82be7d358', time: '2018-11-14T08:25:53'
System info: host: 'DESKTOP-QBVMTUG', ip: '192.168.1.24', os.name: 'Windows 10', os.arch: 'amd64', os.version: '10.0', java.version: '1.8.0_282'
Driver info: com.kms.katalon.selenium.driver.CChromeDriver
Capabilities {acceptInsecureCerts: false, browserName: chrome, browserVersion: 96.0.4664.45, chrome: {chromedriverVersion: 96.0.4664.45 (76e4c1bb2ab46..., userDataDir: C:\Users\DELL\AppData\Local...}, goog:chromeOptions: {debuggerAddress: localhost:49693}, javascriptEnabled: true, networkConnectionEnabled: false, pageLoadStrategy: normal, platform: WINDOWS, platformName: WINDOWS, proxy: Proxy(), setWindowRect: true, strictFileInteractability: false, timeouts: {implicit: 0, pageLoad: 300000, script: 30000}, unhandledPromptBehavior: dismiss and notify, webauthn:extension:credBlob: true, webauthn:extension:largeBlob: true, webauthn:virtualAuthenticators: true}
Session ID: 0aef24eb69b91d835b9dbf6cc12d6abf
	at org.openqa.selenium.remote.http.W3CHttpResponseCodec.createException(W3CHttpResponseCodec.java:187)
	at org.openqa.selenium.remote.http.W3CHttpResponseCodec.decode(W3CHttpResponseCodec.java:122)
	at org.openqa.selenium.remote.http.W3CHttpResponseCodec.decode(W3CHttpResponseCodec.java:49)
	at org.openqa.selenium.remote.HttpCommandExecutor.execute(HttpCommandExecutor.java:158)
	at org.openqa.selenium.remote.service.DriverCommandExecutor.execute(DriverCommandExecutor.java:83)
	at org.openqa.selenium.remote.RemoteWebDriver.execute(RemoteWebDriver.java:552)
	at com.kms.katalon.selenium.driver.CChromeDriver.execute(CChromeDriver.java:19)
	at org.openqa.selenium.remote.RemoteWebDriver.execute(RemoteWebDriver.java:609)
	at org.openqa.selenium.remote.RemoteWebDriver.getWindowHandle(RemoteWebDriver.java:472)
	at org.openqa.selenium.support.events.EventFiringWebDriver.lambda$new$1(EventFiringWebDriver.java:105)
	at com.sun.proxy.$Proxy12.getWindowHandle(Unknown Source)
	at org.openqa.selenium.support.events.EventFiringWebDriver.getWindowHandle(EventFiringWebDriver.java:221)
	at com.kms.katalon.core.webui.driver.DriverFactory.getCurrentWindowIndex(DriverFactory.java:1072)
	at com.kms.katalon.core.webui.keyword.builtin.GetWindowIndexKeyword$_getWindowIndex_closure1.doCall(GetWindowIndexKeyword.groovy:73)
	at com.kms.katalon.core.webui.keyword.builtin.GetWindowIndexKeyword$_getWindowIndex_closure1.call(GetWindowIndexKeyword.groovy)
	at com.kms.katalon.core.webui.keyword.internal.WebUIKeywordMain.runKeywordAndReturnInt(WebUIKeywordMain.groovy:50)
	at com.kms.katalon.core.webui.keyword.builtin.GetWindowIndexKeyword.getWindowIndex(GetWindowIndexKeyword.groovy:71)
	at com.kms.katalon.core.webui.keyword.builtin.GetWindowIndexKeyword.execute(GetWindowIndexKeyword.groovy:66)
	at com.kms.katalon.core.keyword.internal.KeywordExecutor.executeKeywordForPlatform(KeywordExecutor.groovy:73)
	at com.kms.katalon.core.webui.keyword.WebUiBuiltInKeywords.getWindowIndex(WebUiBuiltInKeywords.groovy:262)
	at com.kms.katalon.core.webui.keyword.WebUiBuiltInKeywords$getWindowIndex$22.call(Unknown Source)
	at Script1586261051750.run(Script1586261051750.groovy:18)
	at com.kms.katalon.core.main.ScriptEngine.run(ScriptEngine.java:194)
	at com.kms.katalon.core.main.ScriptEngine.runScriptAsRawText(ScriptEngine.java:119)
	at com.kms.katalon.core.main.TestCaseExecutor.runScript(TestCaseExecutor.java:369)
	at com.kms.katalon.core.main.TestCaseExecutor.doExecute(TestCaseExecutor.java:360)
	at com.kms.katalon.core.main.TestCaseExecutor.processExecutionPhase(TestCaseExecutor.java:339)
	at com.kms.katalon.core.main.TestCaseExecutor.accessMainPhase(TestCaseExecutor.java:331)
	at com.kms.katalon.core.main.TestCaseExecutor.execute(TestCaseExecutor.java:248)
	at com.kms.katalon.core.main.TestCaseMain.runTestCase(TestCaseMain.java:138)
	at com.kms.katalon.core.keyword.builtin.CallTestCaseKeyword$_callTestCase_closure1.doCall(CallTestCaseKeyword.groovy:59)
	at com.kms.katalon.core.keyword.builtin.CallTestCaseKeyword$_callTestCase_closure1.call(CallTestCaseKeyword.groovy)
	at com.kms.katalon.core.keyword.internal.KeywordMain.runKeyword(KeywordMain.groovy:68)
	at com.kms.katalon.core.keyword.builtin.CallTestCaseKeyword.callTestCase(CallTestCaseKeyword.groovy:81)
	at com.kms.katalon.core.keyword.builtin.CallTestCaseKeyword.execute(CallTestCaseKeyword.groovy:44)
	at com.kms.katalon.core.keyword.internal.KeywordExecutor.executeKeywordForPlatform(KeywordExecutor.groovy:73)
	at com.kms.katalon.core.keyword.BuiltinKeywords.callTestCase(BuiltinKeywords.groovy:334)
	at sekmeler.sekmeler.anaSekmeyeGecilir(sekmeler.groovy:55)
	at cucumber.runtime.Utils$1.call(Utils.java:26)
	at cucumber.runtime.Timeout.timeout(Timeout.java:16)
	at cucumber.runtime.Utils.invoke(Utils.java:20)
	at cucumber.runtime.java.JavaStepDefinition.execute(JavaStepDefinition.java:49)
	at cucumber.runner.PickleStepDefinitionMatch.runStep(PickleStepDefinitionMatch.java:50)
	at cucumber.runner.TestStep.executeStep(TestStep.java:63)
	at cucumber.runner.TestStep.run(TestStep.java:49)
	at cucumber.runner.PickleStepTestStep.run(PickleStepTestStep.java:43)
	at cucumber.runner.TestCase.run(TestCase.java:44)
	at cucumber.runner.Runner.runPickle(Runner.java:40)
	at cucumber.runtime.Runtime$1.run(Runtime.java:84)
	at cucumber.runtime.Runtime$SameThreadExecutorService.execute(Runtime.java:220)
	at cucumber.runtime.Runtime.run(Runtime.java:81)
	at cucumber.api.cli.Main.run(Main.java:26)
	at cucumber.api.cli.Main$run.call(Unknown Source)
	at com.kms.katalon.core.cucumber.keyword.CucumberBuiltinKeywords$_runFeatureFile_closure1.doCall(CucumberBuiltinKeywords.groovy:106)
	at com.kms.katalon.core.cucumber.keyword.CucumberBuiltinKeywords$_runFeatureFile_closure1.doCall(CucumberBuiltinKeywords.groovy)
	at com.kms.katalon.core.keyword.internal.KeywordMain.runKeyword(KeywordMain.groovy:68)
	at com.kms.katalon.core.keyword.internal.KeywordMain$runKeyword.call(Unknown Source)
	at com.kms.katalon.core.cucumber.keyword.CucumberBuiltinKeywords.runFeatureFile(CucumberBuiltinKeywords.groovy:73)
	at com.kms.katalon.core.cucumber.keyword.CucumberBuiltinKeywords$runFeatureFile$0.callStatic(Unknown Source)
	at com.kms.katalon.core.cucumber.keyword.CucumberBuiltinKeywords.runFeatureFile(CucumberBuiltinKeywords.groovy:246)
	at com.kms.katalon.core.cucumber.keyword.CucumberBuiltinKeywords$runFeatureFile.call(Unknown Source)
	at Script1600698733915.run(Script1600698733915.groovy:18)
	... 13 more
)

2021-11-18 11:32:14 - [TEST_STEP][PASSED] - catch (Exception e): null

2021-11-18 11:32:14 - [TEST_STEP][PASSED] - switchToWindowIndex(0): Switched to window with index: '0'

2021-11-18 11:32:14 - [MESSAGE][INFO] - Checking index

2021-11-18 11:32:14 - [MESSAGE][INFO] - Switching window with index: '0'

2021-11-18 11:32:14 - [MESSAGE][PASSED] - Switched to window with index: '0'

2021-11-18 11:32:14 - [MESSAGE][PASSED] - Call Test Case 'Test Cases/Sekmeler/Ana_Sekmeye_Gec' successfully

2021-11-18 11:32:14 - [MESSAGE][INFO] - Checking called Test Case

2021-11-18 11:32:14 - [MESSAGE][INFO] - Starting to call Test Case 'Test Cases/Kullanici_Islemleri/KullaniciIslemlerindenSecimYapilir'

2021-11-18 11:32:14 - [TEST_CASE][PASSED] - Test Cases/Kullanici_Islemleri/KullaniciIslemlerindenSecimYapilir: Test Cases/Kullanici_Islemleri/KullaniciIslemlerindenSecimYapilir

2021-11-18 11:32:14 - [TEST_STEP][PASSED] - waitForElementClickable(findTestObject("Object Repository/Kullanici_Islemleri/KullaniciIslemleri"), 10): Object 'Object Repository/Kullanici_Islemleri/KullaniciIslemleri' is clickable

2021-11-18 11:32:14 - [MESSAGE][INFO] - Finding Test Object 'Object Repository/Kullanici_Islemleri/KullaniciIslemleri'

2021-11-18 11:32:15 - [MESSAGE][INFO] - Checking object

2021-11-18 11:32:15 - [MESSAGE][INFO] - Checking timeout

2021-11-18 11:32:15 - [MESSAGE][INFO] - Finding web element from Test Object's properties

2021-11-18 11:32:15 - [MESSAGE][INFO] - Checking timeout

2021-11-18 11:32:15 - [MESSAGE][INFO] - Finding web element with id: 'Object Repository/Kullanici_Islemleri/KullaniciIslemleri' located by 'By.cssSelector: .dropdown>a>img' in '10' second(s)

2021-11-18 11:32:15 - [MESSAGE][INFO] - Smart Wait Function is triggered

2021-11-18 11:32:15 - [MESSAGE][INFO] - Found 1 web elements with id: 'Object Repository/Kullanici_Islemleri/KullaniciIslemleri' located by 'By.cssSelector: .dropdown>a>img' in '10' second(s)

2021-11-18 11:32:15 - [MESSAGE][PASSED] - Object 'Object Repository/Kullanici_Islemleri/KullaniciIslemleri' is clickable

2021-11-18 11:32:15 - [TEST_STEP][PASSED] - click(findTestObject("Object Repository/Kullanici_Islemleri/KullaniciIslemleri")): Object: 'Object Repository/Kullanici_Islemleri/KullaniciIslemleri' is clicked on

2021-11-18 11:32:15 - [MESSAGE][INFO] - Finding Test Object 'Object Repository/Kullanici_Islemleri/KullaniciIslemleri'

2021-11-18 11:32:15 - [MESSAGE][INFO] - Checking object

2021-11-18 11:32:15 - [MESSAGE][INFO] - Finding web element from Test Object's properties

2021-11-18 11:32:15 - [MESSAGE][INFO] - Checking timeout

2021-11-18 11:32:15 - [MESSAGE][INFO] - Finding web element with id: 'Object Repository/Kullanici_Islemleri/KullaniciIslemleri' located by 'By.cssSelector: .dropdown>a>img' in '30' second(s)

2021-11-18 11:32:15 - [MESSAGE][INFO] - Smart Wait Function is triggered

2021-11-18 11:32:15 - [MESSAGE][INFO] - Found 1 web elements with id: 'Object Repository/Kullanici_Islemleri/KullaniciIslemleri' located by 'By.cssSelector: .dropdown>a>img' in '30' second(s)

2021-11-18 11:32:15 - [MESSAGE][INFO] - Clicking on object: 'Object Repository/Kullanici_Islemleri/KullaniciIslemleri'

2021-11-18 11:32:15 - [MESSAGE][PASSED] - Object: 'Object Repository/Kullanici_Islemleri/KullaniciIslemleri' is clicked on

2021-11-18 11:32:15 - [TEST_STEP][PASSED] - Method.TextDegerineEsitElementeTikla(findTestObject("Object Repository/Kullanici_Islemleri/Secenekler"), Islem): Method.TextDegerineEsitElementeTikla is PASSED

2021-11-18 11:32:15 - [MESSAGE][INFO] - Finding Test Object 'Object Repository/Kullanici_Islemleri/Secenekler'

2021-11-18 11:32:15 - [MESSAGE][INFO] - Checking timeout

2021-11-18 11:32:15 - [MESSAGE][INFO] - Finding web element with id: 'Object Repository/Kullanici_Islemleri/Secenekler' located by 'By.cssSelector: .nav.navbar-nav.navbar-right li a' in '10' second(s)

2021-11-18 11:32:15 - [MESSAGE][INFO] - Smart Wait Function is triggered

2021-11-18 11:32:16 - [MESSAGE][INFO] - Found 22 web elements with id: 'Object Repository/Kullanici_Islemleri/Secenekler' located by 'By.cssSelector: .nav.navbar-nav.navbar-right li a' in '10' second(s)

2021-11-18 11:32:17 - [MESSAGE][PASSED] - Method.TextDegerineEsitElementeTikla is PASSED

2021-11-18 11:32:17 - [TEST_STEP][PASSED] - verifyElementNotPresent(findTestObject("Object Repository/Kullanici_Islemleri/Secenekler"), 10): Web element with id: 'Object Repository/Kullanici_Islemleri/Secenekler' located by 'By.cssSelector: .nav.navbar-nav.navbar-right li a' is not present after '10' second(s)

2021-11-18 11:32:17 - [MESSAGE][INFO] - Finding Test Object 'Object Repository/Kullanici_Islemleri/Secenekler'

2021-11-18 11:32:17 - [MESSAGE][INFO] - Checking object

2021-11-18 11:32:17 - [MESSAGE][INFO] - Checking timeout

2021-11-18 11:32:17 - [MESSAGE][INFO] - Finding web element with id: 'Object Repository/Kullanici_Islemleri/Secenekler' located by 'By.cssSelector: .nav.navbar-nav.navbar-right li a' in '10' second(s)

2021-11-18 11:32:17 - [MESSAGE][INFO] - Smart Wait Function is triggered

2021-11-18 11:32:18 - [MESSAGE][PASSED] - Web element with id: 'Object Repository/Kullanici_Islemleri/Secenekler' located by 'By.cssSelector: .nav.navbar-nav.navbar-right li a' is not present after '10' second(s)

2021-11-18 11:32:18 - [MESSAGE][PASSED] - Call Test Case 'Test Cases/Kullanici_Islemleri/KullaniciIslemlerindenSecimYapilir' successfully

2021-11-18 11:32:18 - [TEST_CASE][PASSED] - Start Test Case : SCENARIO Irsaliyenin departman ata: SCENARIO Irsaliyenin departman ata

2021-11-18 11:32:18 - [TEST_STEP][PASSED] - Kullanıcı adı ELOGO6 ve Şifre 123456 olarak giriş yapılır: Kullanıcı adı ELOGO6 ve Şifre 123456 olarak giriş yapılır

2021-11-18 11:32:18 - [MESSAGE][PASSED] - Kullanıcı adı ELOGO6 ve Şifre 123456 olarak giriş yapılır

2021-11-18 11:32:18 - [TEST_STEP][PASSED] - Ana menüden e-İrsaliye seçilir: Ana menüden e-İrsaliye seçilir

2021-11-18 11:32:18 - [MESSAGE][PASSED] - Ana menüden e-İrsaliye seçilir

2021-11-18 11:32:18 - [TEST_STEP][PASSED] - Alt menü Giden Kutusu başlığı altındaki İrsaliyeler seçilir: Alt menü Giden Kutusu başlığı altındaki İrsaliyeler seçilir

2021-11-18 11:32:18 - [MESSAGE][PASSED] - Alt menü Giden Kutusu başlığı altındaki İrsaliyeler seçilir

2021-11-18 11:32:18 - [TEST_STEP][PASSED] - Filtrelerden Oluşturma Tarihi filtresine 01.01.2020 baslangic degerini yaz: Filtrelerden Oluşturma Tarihi filtresine 01.01.2020 baslangic degerini yaz

2021-11-18 11:32:18 - [MESSAGE][PASSED] - Filtrelerden Oluşturma Tarihi filtresine 01.01.2020 baslangic degerini yaz

2021-11-18 11:32:18 - [TEST_STEP][PASSED] - Filtrelerden Oluşturma Tarihi filtresine 31.12.2020 bitis degerini yaz: Filtrelerden Oluşturma Tarihi filtresine 31.12.2020 bitis degerini yaz

2021-11-18 11:32:18 - [MESSAGE][PASSED] - Filtrelerden Oluşturma Tarihi filtresine 31.12.2020 bitis degerini yaz

2021-11-18 11:32:18 - [TEST_STEP][PASSED] - Filtre butonlarından Listele seçilir: Filtre butonlarından Listele seçilir

2021-11-18 11:32:18 - [MESSAGE][PASSED] - Filtre butonlarından Listele seçilir

2021-11-18 11:32:18 - [TEST_STEP][PASSED] - Tabloda veri var mı kontrol edilir: Tabloda veri var mı kontrol edilir

2021-11-18 11:32:18 - [MESSAGE][PASSED] - Tabloda veri var mı kontrol edilir

2021-11-18 11:32:18 - [TEST_STEP][PASSED] - Tablodan TEST isimli veri seçilir: Tablodan TEST isimli veri seçilir

2021-11-18 11:32:18 - [MESSAGE][PASSED] - Tablodan TEST isimli veri seçilir

2021-11-18 11:32:18 - [TEST_STEP][PASSED] - Butonlardan Departman Ata isimli butona tıklanır: Butonlardan Departman Ata isimli butona tıklanır

2021-11-18 11:32:18 - [MESSAGE][PASSED] - Butonlardan Departman Ata isimli butona tıklanır

2021-11-18 11:32:18 - [TEST_STEP][PASSED] - Yeni açılan sekmeye geçilir: Yeni açılan sekmeye geçilir

2021-11-18 11:32:18 - [MESSAGE][PASSED] - Yeni açılan sekmeye geçilir

2021-11-18 11:32:18 - [TEST_STEP][PASSED] - otomasyon isimli departman checkboxı seçilir: otomasyon isimli departman checkboxı seçilir

2021-11-18 11:32:18 - [MESSAGE][PASSED] - otomasyon isimli departman checkboxı seçilir

2021-11-18 11:32:18 - [TEST_STEP][PASSED] - Departman kaydedilir: Departman kaydedilir

2021-11-18 11:32:18 - [MESSAGE][PASSED] - Departman kaydedilir

2021-11-18 11:32:18 - [TEST_STEP][PASSED] - Popup mesajı Seçilen belgeler ilgili departmanlara aktarılmıştır içeriyor mu: Popup mesajı Seçilen belgeler ilgili departmanlara aktarılmıştır içeriyor mu

2021-11-18 11:32:18 - [MESSAGE][PASSED] - Popup mesajı Seçilen belgeler ilgili departmanlara aktarılmıştır içeriyor mu

2021-11-18 11:32:18 - [TEST_STEP][PASSED] - Yönetim popupında Tamam seçilir: Yönetim popupında Tamam seçilir

2021-11-18 11:32:18 - [MESSAGE][PASSED] - Yönetim popupında Tamam seçilir

2021-11-18 11:32:18 - [TEST_STEP][PASSED] - Ana sekmeye geçilir: Ana sekmeye geçilir

2021-11-18 11:32:18 - [MESSAGE][PASSED] - Ana sekmeye geçilir

2021-11-18 11:32:18 - [TEST_STEP][PASSED] - Butonlardan Departman Geri Al isimli butona tıklanır: Butonlardan Departman Geri Al isimli butona tıklanır

2021-11-18 11:32:18 - [MESSAGE][PASSED] - Butonlardan Departman Geri Al isimli butona tıklanır

2021-11-18 11:32:18 - [TEST_STEP][PASSED] - Yeni açılan sekmeye geçilir: Yeni açılan sekmeye geçilir

2021-11-18 11:32:18 - [MESSAGE][PASSED] - Yeni açılan sekmeye geçilir

2021-11-18 11:32:18 - [TEST_STEP][PASSED] - otomasyon isimli departman checkboxı seçilir: otomasyon isimli departman checkboxı seçilir

2021-11-18 11:32:18 - [MESSAGE][PASSED] - otomasyon isimli departman checkboxı seçilir

2021-11-18 11:32:18 - [TEST_STEP][PASSED] - Departman kaydedilir: Departman kaydedilir

2021-11-18 11:32:18 - [MESSAGE][PASSED] - Departman kaydedilir

2021-11-18 11:32:18 - [TEST_STEP][PASSED] - Popup mesajı Seçilen belgelerin ilgili departmanlardaki yetkisi kaldırılmıştır içeriyor mu: Popup mesajı Seçilen belgelerin ilgili departmanlardaki yetkisi kaldırılmıştır içeriyor mu

2021-11-18 11:32:18 - [MESSAGE][PASSED] - Popup mesajı Seçilen belgelerin ilgili departmanlardaki yetkisi kaldırılmıştır içeriyor mu

2021-11-18 11:32:18 - [TEST_STEP][PASSED] - Yönetim popupında Tamam seçilir: Yönetim popupında Tamam seçilir

2021-11-18 11:32:18 - [MESSAGE][PASSED] - Yönetim popupında Tamam seçilir

2021-11-18 11:32:18 - [TEST_STEP][PASSED] - Ana sekmeye geçilir: Ana sekmeye geçilir

2021-11-18 11:32:18 - [MESSAGE][PASSED] - Ana sekmeye geçilir

2021-11-18 11:32:18 - [TEST_STEP][PASSED] - Kullanıcı işlemlerinden Çıkış seçilir: Kullanıcı işlemlerinden Çıkış seçilir

2021-11-18 11:32:18 - [MESSAGE][PASSED] - Kullanıcı işlemlerinden Çıkış seçilir

2021-11-18 11:32:18 - [MESSAGE][PASSED] - Feature file: 'Include/features/e-Irsaliye/Giden Kutusu/Irsaliyeler/Departman Ata_Geri Al.feature' was passed

2021-11-18 11:32:18 - [TEST_STEP][PASSED] - Start listener action : sampleAfterTestSuite: Invoke 'com.kms.katalon.core.annotation.AfterTestCase' method: 'Listener.sampleAfterTestSuite(...)' completed.

2021-11-18 11:32:18 - [MESSAGE][INFO] - Starting invoke 'com.kms.katalon.core.annotation.AfterTestCase' method: 'Listener.sampleAfterTestSuite(...)'

2021-11-18 11:32:18 - [TEST_STEP][PASSED] - closeBrowser(): Invoke 'com.kms.katalon.core.annotation.AfterTestCase' method: 'Listener.sampleAfterTestSuite(...)' completed.

2021-11-18 11:32:18 - [MESSAGE][INFO] - Closing browser

2021-11-18 11:32:18 - [MESSAGE][PASSED] - Browser is closed

2021-11-18 11:32:18 - [MESSAGE][INFO] - Invoke 'com.kms.katalon.core.annotation.AfterTestCase' method: 'Listener.sampleAfterTestSuite(...)' completed.]]></system-out>
         <system-err><![CDATA[]]></system-err>
      </testcase>
      <testcase name="Test Cases/Case Repository/e-Irsaliye/Giden Kutusu/Irsaliyeler/Ekran Kontrolu" time="141.559" classname="Test Cases/Case Repository/e-Irsaliye/Giden Kutusu/Irsaliyeler/Ekran Kontrolu" status="PASSED">
         <system-out><![CDATA[2021-11-18 11:32:18 - [TEST_CASE][PASSED] - Test Cases/Case Repository/e-Irsaliye/Giden Kutusu/Irsaliyeler/Ekran Kontrolu: Test Cases/Case Repository/e-Irsaliye/Giden Kutusu/Irsaliyeler/Ekran Kontrolu

2021-11-18 11:32:18 - [TEST_STEP][PASSED] - Start listener action : sampleBeforeTestSuite: Invoke 'com.kms.katalon.core.annotation.BeforeTestCase' method: 'Listener.sampleBeforeTestSuite(...)' completed.

2021-11-18 11:32:18 - [MESSAGE][INFO] - Starting invoke 'com.kms.katalon.core.annotation.BeforeTestCase' method: 'Listener.sampleBeforeTestSuite(...)'

2021-11-18 11:32:18 - [TEST_STEP][PASSED] - openBrowser(baseUrl): Browser is opened with url: 'https://efatura-stage.elogo.com.tr/'

2021-11-18 11:32:18 - [MESSAGE][INFO] - Opening browser

2021-11-18 11:32:18 - [MESSAGE][INFO] - Starting 'Chrome' driver

2021-11-18 11:32:18 - [MESSAGE][INFO] - User set preference: ['prefs', '{download.default_directory=C:\otomasyondownfiles}']

2021-11-18 11:32:18 - [MESSAGE][INFO] - Action delay is set to 0 milliseconds

2021-11-18 11:32:20 - [MESSAGE][INFO] - Navigating browser to: 'https://efatura-stage.elogo.com.tr/'

2021-11-18 11:32:22 - [MESSAGE][PASSED] - Browser is opened with url: 'https://efatura-stage.elogo.com.tr/'

2021-11-18 11:32:22 - [TEST_STEP][PASSED] - maximizeWindow(): Invoke 'com.kms.katalon.core.annotation.BeforeTestCase' method: 'Listener.sampleBeforeTestSuite(...)' completed.

2021-11-18 11:32:22 - [MESSAGE][INFO] - Maximizing current window

2021-11-18 11:32:22 - [MESSAGE][PASSED] - Current window maximized

2021-11-18 11:32:22 - [MESSAGE][INFO] - Invoke 'com.kms.katalon.core.annotation.BeforeTestCase' method: 'Listener.sampleBeforeTestSuite(...)' completed.

2021-11-18 11:32:22 - [TEST_STEP][PASSED] - runFeatureFile("Include/features/e-Irsaliye/Giden Kutusu/Irsaliyeler/Ekran Kontrolu.feature"): Feature file: 'Include/features/e-Irsaliye/Giden Kutusu/Irsaliyeler/Ekran Kontrolu.feature' was passed

2021-11-18 11:32:22 - [MESSAGE][INFO] - Starting run keyword runFeatureFile: 'Include/features/e-Irsaliye/Giden Kutusu/Irsaliyeler/Ekran Kontrolu.feature' and extract report to folder: 'C:\Users\DELL\Documents\GitHub\EES_KatalonLogo\Reports\20211118_110909\Suite Repository\e-Irsaliye\20211118_110920/cucumber_report/1637224342591'...

2021-11-18 11:32:22 - [MESSAGE][INFO] - Glue: []

2021-11-18 11:32:23 - [MESSAGE][INFO] - Checking called Test Case

2021-11-18 11:32:23 - [MESSAGE][INFO] - Starting to call Test Case 'Test Cases/Sayfalar/Giris_Sayfasi/Login'

2021-11-18 11:32:23 - [TEST_CASE][PASSED] - Test Cases/Sayfalar/Giris_Sayfasi/Login: Test Cases/Sayfalar/Giris_Sayfasi/Login

2021-11-18 11:32:23 - [TEST_STEP][PASSED] - Sayfa_Basligi = getWindowTitle(): Current window's title is: 'LOGO e-Fatura'

2021-11-18 11:32:23 - [MESSAGE][INFO] - Getting current window's title

2021-11-18 11:32:24 - [MESSAGE][PASSED] - Current window's title is: 'LOGO e-Fatura'

2021-11-18 11:32:24 - [TEST_STEP][PASSED] - verifyMatch(Sayfa_Basligi, "LOGO e-Fatura", false): Actual text 'LOGO e-Fatura' and expected text 'LOGO e-Fatura' are matched 

2021-11-18 11:32:24 - [MESSAGE][INFO] - Matching actual text 'LOGO e-Fatura' with expected text 'LOGO e-Fatura'

2021-11-18 11:32:24 - [MESSAGE][PASSED] - Actual text 'LOGO e-Fatura' and expected text 'LOGO e-Fatura' are matched 

2021-11-18 11:32:24 - [TEST_STEP][PASSED] - sendKeys(findTestObject("Sayfalar/Giris_Sayfasi/Firma_Kodu"), KullaniciAdi): Keys 'ELOGO6' sent to object: 'Object Repository/Sayfalar/Giris_Sayfasi/Firma_Kodu'

2021-11-18 11:32:24 - [MESSAGE][INFO] - Finding Test Object 'Object Repository/Sayfalar/Giris_Sayfasi/Firma_Kodu'

2021-11-18 11:32:24 - [MESSAGE][INFO] - Sending keys 'ELOGO6' to object: 'Object Repository/Sayfalar/Giris_Sayfasi/Firma_Kodu'

2021-11-18 11:32:24 - [MESSAGE][INFO] - Finding web element from Test Object's properties

2021-11-18 11:32:24 - [MESSAGE][INFO] - Checking timeout

2021-11-18 11:32:24 - [MESSAGE][INFO] - Finding web element with id: 'Object Repository/Sayfalar/Giris_Sayfasi/Firma_Kodu' located by 'By.xpath: //*[@id = 'AccountName']' in '30' second(s)

2021-11-18 11:32:24 - [MESSAGE][INFO] - Smart Wait Function is triggered

2021-11-18 11:32:24 - [MESSAGE][INFO] - Found 1 web elements with id: 'Object Repository/Sayfalar/Giris_Sayfasi/Firma_Kodu' located by 'By.xpath: //*[@id = 'AccountName']' in '30' second(s)

2021-11-18 11:32:24 - [MESSAGE][PASSED] - Keys 'ELOGO6' sent to object: 'Object Repository/Sayfalar/Giris_Sayfasi/Firma_Kodu'

2021-11-18 11:32:24 - [TEST_STEP][PASSED] - sendKeys(findTestObject("Sayfalar/Giris_Sayfasi/Sifre"), Sifre): Keys '123456' sent to object: 'Object Repository/Sayfalar/Giris_Sayfasi/Sifre'

2021-11-18 11:32:24 - [MESSAGE][INFO] - Finding Test Object 'Object Repository/Sayfalar/Giris_Sayfasi/Sifre'

2021-11-18 11:32:24 - [MESSAGE][INFO] - Sending keys '123456' to object: 'Object Repository/Sayfalar/Giris_Sayfasi/Sifre'

2021-11-18 11:32:24 - [MESSAGE][INFO] - Finding web element from Test Object's properties

2021-11-18 11:32:24 - [MESSAGE][INFO] - Checking timeout

2021-11-18 11:32:24 - [MESSAGE][INFO] - Finding web element with id: 'Object Repository/Sayfalar/Giris_Sayfasi/Sifre' located by 'By.xpath: //*[@id = 'Password']' in '30' second(s)

2021-11-18 11:32:24 - [MESSAGE][INFO] - Smart Wait Function is triggered

2021-11-18 11:32:24 - [MESSAGE][INFO] - Found 1 web elements with id: 'Object Repository/Sayfalar/Giris_Sayfasi/Sifre' located by 'By.xpath: //*[@id = 'Password']' in '30' second(s)

2021-11-18 11:32:24 - [MESSAGE][PASSED] - Keys '123456' sent to object: 'Object Repository/Sayfalar/Giris_Sayfasi/Sifre'

2021-11-18 11:32:24 - [TEST_STEP][PASSED] - findWebElement(findTestObject("Sayfalar/Giris_Sayfasi/Giris_Butonu")).click(): Found 1 web elements with id: 'Object Repository/Sayfalar/Giris_Sayfasi/Giris_Butonu' located by 'By.cssSelector: #btnLogin' in '30' second(s)

2021-11-18 11:32:24 - [MESSAGE][INFO] - Finding Test Object 'Object Repository/Sayfalar/Giris_Sayfasi/Giris_Butonu'

2021-11-18 11:32:24 - [MESSAGE][INFO] - Finding web element from Test Object's properties

2021-11-18 11:32:24 - [MESSAGE][INFO] - Checking timeout

2021-11-18 11:32:24 - [MESSAGE][INFO] - Finding web element with id: 'Object Repository/Sayfalar/Giris_Sayfasi/Giris_Butonu' located by 'By.cssSelector: #btnLogin' in '30' second(s)

2021-11-18 11:32:24 - [MESSAGE][INFO] - Smart Wait Function is triggered

2021-11-18 11:32:25 - [MESSAGE][INFO] - Found 1 web elements with id: 'Object Repository/Sayfalar/Giris_Sayfasi/Giris_Butonu' located by 'By.cssSelector: #btnLogin' in '30' second(s)

2021-11-18 11:32:27 - [TEST_STEP][PASSED] - if (verifyElementPresent(findTestObject("Object Repository/Sayfalar/Giris_Sayfasi/RetveTamam_Butonu"), 5, OPTIONAL)): null

2021-11-18 11:32:27 - [MESSAGE][INFO] - Finding Test Object 'Object Repository/Sayfalar/Giris_Sayfasi/RetveTamam_Butonu'

2021-11-18 11:32:27 - [MESSAGE][INFO] - Checking object

2021-11-18 11:32:27 - [MESSAGE][INFO] - Finding web element from Test Object's properties

2021-11-18 11:32:27 - [MESSAGE][INFO] - Checking timeout

2021-11-18 11:32:27 - [MESSAGE][INFO] - Finding web element with id: 'Object Repository/Sayfalar/Giris_Sayfasi/RetveTamam_Butonu' located by 'By.xpath: //*[@class = 'btn btn-default']' in '5' second(s)

2021-11-18 11:32:27 - [MESSAGE][INFO] - Smart Wait Function is triggered

2021-11-18 11:32:27 - [MESSAGE][INFO] - Found 1 web elements with id: 'Object Repository/Sayfalar/Giris_Sayfasi/RetveTamam_Butonu' located by 'By.xpath: //*[@class = 'btn btn-default']' in '5' second(s)

2021-11-18 11:32:27 - [MESSAGE][PASSED] - Object 'Object Repository/Sayfalar/Giris_Sayfasi/RetveTamam_Butonu' is present

2021-11-18 11:32:27 - [TEST_STEP][PASSED] - click(findTestObject("Object Repository/Sayfalar/Giris_Sayfasi/RetveTamam_Butonu")): Object: 'Object Repository/Sayfalar/Giris_Sayfasi/RetveTamam_Butonu' is clicked on

2021-11-18 11:32:27 - [MESSAGE][INFO] - Finding Test Object 'Object Repository/Sayfalar/Giris_Sayfasi/RetveTamam_Butonu'

2021-11-18 11:32:27 - [MESSAGE][INFO] - Checking object

2021-11-18 11:32:27 - [MESSAGE][INFO] - Finding web element from Test Object's properties

2021-11-18 11:32:27 - [MESSAGE][INFO] - Checking timeout

2021-11-18 11:32:27 - [MESSAGE][INFO] - Finding web element with id: 'Object Repository/Sayfalar/Giris_Sayfasi/RetveTamam_Butonu' located by 'By.xpath: //*[@class = 'btn btn-default']' in '30' second(s)

2021-11-18 11:32:27 - [MESSAGE][INFO] - Smart Wait Function is triggered

2021-11-18 11:32:28 - [MESSAGE][INFO] - Found 1 web elements with id: 'Object Repository/Sayfalar/Giris_Sayfasi/RetveTamam_Butonu' located by 'By.xpath: //*[@class = 'btn btn-default']' in '30' second(s)

2021-11-18 11:32:28 - [MESSAGE][INFO] - Clicking on object: 'Object Repository/Sayfalar/Giris_Sayfasi/RetveTamam_Butonu'

2021-11-18 11:32:28 - [MESSAGE][PASSED] - Object: 'Object Repository/Sayfalar/Giris_Sayfasi/RetveTamam_Butonu' is clicked on

2021-11-18 11:32:28 - [TEST_STEP][PASSED] - click(findTestObject("Object Repository/Sayfalar/Giris_Sayfasi/RetveTamam_Butonu")): Object: 'Object Repository/Sayfalar/Giris_Sayfasi/RetveTamam_Butonu' is clicked on

2021-11-18 11:32:28 - [MESSAGE][INFO] - Finding Test Object 'Object Repository/Sayfalar/Giris_Sayfasi/RetveTamam_Butonu'

2021-11-18 11:32:28 - [MESSAGE][INFO] - Checking object

2021-11-18 11:32:28 - [MESSAGE][INFO] - Finding web element from Test Object's properties

2021-11-18 11:32:28 - [MESSAGE][INFO] - Checking timeout

2021-11-18 11:32:28 - [MESSAGE][INFO] - Finding web element with id: 'Object Repository/Sayfalar/Giris_Sayfasi/RetveTamam_Butonu' located by 'By.xpath: //*[@class = 'btn btn-default']' in '30' second(s)

2021-11-18 11:32:28 - [MESSAGE][INFO] - Smart Wait Function is triggered

2021-11-18 11:32:32 - [MESSAGE][INFO] - Found 1 web elements with id: 'Object Repository/Sayfalar/Giris_Sayfasi/RetveTamam_Butonu' located by 'By.xpath: //*[@class = 'btn btn-default']' in '30' second(s)

2021-11-18 11:32:32 - [MESSAGE][INFO] - Clicking on object: 'Object Repository/Sayfalar/Giris_Sayfasi/RetveTamam_Butonu'

2021-11-18 11:32:32 - [MESSAGE][PASSED] - Object: 'Object Repository/Sayfalar/Giris_Sayfasi/RetveTamam_Butonu' is clicked on

2021-11-18 11:32:32 - [TEST_STEP][PASSED] - if (verifyElementPresent(findTestObject("Sayfalar/Giris_Sayfasi/PopupOK"), 5, OPTIONAL)): null

2021-11-18 11:32:32 - [MESSAGE][INFO] - Finding Test Object 'Object Repository/Sayfalar/Giris_Sayfasi/PopupOK'

2021-11-18 11:32:32 - [MESSAGE][INFO] - Checking object

2021-11-18 11:32:32 - [MESSAGE][INFO] - Finding web element from Test Object's properties

2021-11-18 11:32:32 - [MESSAGE][INFO] - Checking timeout

2021-11-18 11:32:32 - [MESSAGE][INFO] - Finding web element with id: 'Object Repository/Sayfalar/Giris_Sayfasi/PopupOK' located by 'By.cssSelector: .btn.btn-success' in '5' second(s)

2021-11-18 11:32:32 - [MESSAGE][INFO] - Smart Wait Function is triggered

2021-11-18 11:32:33 - [MESSAGE][INFO] - Found 1 web elements with id: 'Object Repository/Sayfalar/Giris_Sayfasi/PopupOK' located by 'By.cssSelector: .btn.btn-success' in '5' second(s)

2021-11-18 11:32:33 - [MESSAGE][PASSED] - Object 'Object Repository/Sayfalar/Giris_Sayfasi/PopupOK' is present

2021-11-18 11:32:33 - [TEST_STEP][PASSED] - click(findTestObject("Object Repository/Sayfalar/Giris_Sayfasi/PopupCarpiGiris")): Object: 'Object Repository/Sayfalar/Giris_Sayfasi/PopupCarpiGiris' is clicked on

2021-11-18 11:32:33 - [MESSAGE][INFO] - Finding Test Object 'Object Repository/Sayfalar/Giris_Sayfasi/PopupCarpiGiris'

2021-11-18 11:32:33 - [MESSAGE][INFO] - Checking object

2021-11-18 11:32:33 - [MESSAGE][INFO] - Finding web element from Test Object's properties

2021-11-18 11:32:33 - [MESSAGE][INFO] - Checking timeout

2021-11-18 11:32:33 - [MESSAGE][INFO] - Finding web element with id: 'Object Repository/Sayfalar/Giris_Sayfasi/PopupCarpiGiris' located by 'By.cssSelector: .bootbox-close-button.close' in '30' second(s)

2021-11-18 11:32:33 - [MESSAGE][INFO] - Smart Wait Function is triggered

2021-11-18 11:32:33 - [MESSAGE][INFO] - Found 1 web elements with id: 'Object Repository/Sayfalar/Giris_Sayfasi/PopupCarpiGiris' located by 'By.cssSelector: .bootbox-close-button.close' in '30' second(s)

2021-11-18 11:32:33 - [MESSAGE][INFO] - Clicking on object: 'Object Repository/Sayfalar/Giris_Sayfasi/PopupCarpiGiris'

2021-11-18 11:32:33 - [MESSAGE][PASSED] - Object: 'Object Repository/Sayfalar/Giris_Sayfasi/PopupCarpiGiris' is clicked on

2021-11-18 11:32:33 - [TEST_STEP][PASSED] - verifyElementVisible(findTestObject("Object Repository/Kullanici_Islemleri/KullaniciIslemleri")): Object 'Object Repository/Kullanici_Islemleri/KullaniciIslemleri' is visible

2021-11-18 11:32:33 - [MESSAGE][INFO] - Finding Test Object 'Object Repository/Kullanici_Islemleri/KullaniciIslemleri'

2021-11-18 11:32:34 - [MESSAGE][INFO] - Checking object

2021-11-18 11:32:34 - [MESSAGE][INFO] - Finding web element from Test Object's properties

2021-11-18 11:32:34 - [MESSAGE][INFO] - Checking timeout

2021-11-18 11:32:34 - [MESSAGE][INFO] - Finding web element with id: 'Object Repository/Kullanici_Islemleri/KullaniciIslemleri' located by 'By.cssSelector: .dropdown>a>img' in '30' second(s)

2021-11-18 11:32:34 - [MESSAGE][INFO] - Smart Wait Function is triggered

2021-11-18 11:32:34 - [MESSAGE][INFO] - Found 1 web elements with id: 'Object Repository/Kullanici_Islemleri/KullaniciIslemleri' located by 'By.cssSelector: .dropdown>a>img' in '30' second(s)

2021-11-18 11:32:34 - [MESSAGE][PASSED] - Object 'Object Repository/Kullanici_Islemleri/KullaniciIslemleri' is visible

2021-11-18 11:32:34 - [MESSAGE][PASSED] - Call Test Case 'Test Cases/Sayfalar/Giris_Sayfasi/Login' successfully

2021-11-18 11:32:34 - [MESSAGE][INFO] - Checking called Test Case

2021-11-18 11:32:34 - [MESSAGE][INFO] - Starting to call Test Case 'Test Cases/Menu/AnaMenuSecimi'

2021-11-18 11:32:34 - [TEST_CASE][PASSED] - Test Cases/Menu/AnaMenuSecimi: Test Cases/Menu/AnaMenuSecimi

2021-11-18 11:32:34 - [TEST_STEP][PASSED] - Method.TextDegerineEsitElementeTikla(findTestObject("Menu/Ana_Menu"), Ana_Menu): Method.TextDegerineEsitElementeTikla is PASSED

2021-11-18 11:32:34 - [MESSAGE][INFO] - Finding Test Object 'Object Repository/Menu/Ana_Menu'

2021-11-18 11:32:35 - [MESSAGE][INFO] - Checking timeout

2021-11-18 11:32:35 - [MESSAGE][INFO] - Finding web element with id: 'Object Repository/Menu/Ana_Menu' located by 'By.xpath: //*[@class = 'dropdown-toggle']' in '10' second(s)

2021-11-18 11:32:35 - [MESSAGE][INFO] - Smart Wait Function is triggered

2021-11-18 11:32:35 - [MESSAGE][INFO] - Found 14 web elements with id: 'Object Repository/Menu/Ana_Menu' located by 'By.xpath: //*[@class = 'dropdown-toggle']' in '10' second(s)

2021-11-18 11:32:35 - [MESSAGE][PASSED] - Method.TextDegerineEsitElementeTikla is PASSED

2021-11-18 11:32:35 - [MESSAGE][PASSED] - Call Test Case 'Test Cases/Menu/AnaMenuSecimi' successfully

2021-11-18 11:32:35 - [MESSAGE][INFO] - Checking called Test Case

2021-11-18 11:32:35 - [MESSAGE][INFO] - Starting to call Test Case 'Test Cases/Menu/BasligaGoreAltMenuSecimi'

2021-11-18 11:32:35 - [TEST_CASE][PASSED] - Test Cases/Menu/BasligaGoreAltMenuSecimi: Test Cases/Menu/BasligaGoreAltMenuSecimi

2021-11-18 11:32:35 - [TEST_STEP][PASSED] - Method.TextDegerineEsitElementinAltindakiTextDegerineEsitOlanaTikla(findTestObject("Menu/Menu_Basligi"), findTestObject("Menu/Basliga_Gore_Alt_Menu"), Baslik, Alt_Menu): Method.TextDegerineEsitElementinAltindakiTextDegerineEsitOlanaTikla is PASSED

2021-11-18 11:32:35 - [MESSAGE][INFO] - Finding Test Object 'Object Repository/Menu/Menu_Basligi'

2021-11-18 11:32:35 - [MESSAGE][INFO] - Finding Test Object 'Object Repository/Menu/Basliga_Gore_Alt_Menu'

2021-11-18 11:32:35 - [MESSAGE][INFO] - Checking timeout

2021-11-18 11:32:35 - [MESSAGE][INFO] - Finding web element with id: 'Object Repository/Menu/Menu_Basligi' located by 'By.xpath: //li[@class='dropdown dropdown-large open']//li[@class='dropdown-header']' in '10' second(s)

2021-11-18 11:32:35 - [MESSAGE][INFO] - Smart Wait Function is triggered

2021-11-18 11:32:35 - [MESSAGE][INFO] - Found 3 web elements with id: 'Object Repository/Menu/Menu_Basligi' located by 'By.xpath: //li[@class='dropdown dropdown-large open']//li[@class='dropdown-header']' in '10' second(s)

2021-11-18 11:32:35 - [MESSAGE][INFO] - Smart Wait Function is triggered

2021-11-18 11:32:38 - [MESSAGE][PASSED] - Method.TextDegerineEsitElementinAltindakiTextDegerineEsitOlanaTikla is PASSED

2021-11-18 11:32:38 - [MESSAGE][PASSED] - Call Test Case 'Test Cases/Menu/BasligaGoreAltMenuSecimi' successfully

2021-11-18 11:32:38 - [MESSAGE][INFO] - Checking called Test Case

2021-11-18 11:32:38 - [MESSAGE][INFO] - Starting to call Test Case 'Test Cases/Filtreler/BaslangicYaz'

2021-11-18 11:32:38 - [TEST_CASE][PASSED] - Test Cases/Filtreler/BaslangicYaz: Test Cases/Filtreler/BaslangicYaz

2021-11-18 11:32:38 - [TEST_STEP][PASSED] - delay(3): Delayed 3 second(s)

2021-11-18 11:32:38 - [MESSAGE][INFO] - Delaying browser in 3 second(s)

2021-11-18 11:32:41 - [MESSAGE][PASSED] - Delayed 3 second(s)

2021-11-18 11:32:41 - [TEST_STEP][PASSED] - Method.TextDegerineEsitElementinAltindakineTikla(findTestObject("Filtreler/Basliklar"), findTestObject("Filtreler/Basliga_Gore_Baslangic_Image"), Filtre_Adi): Method.TextDegerineEsitElementinAltindakineTikla is PASSED

2021-11-18 11:32:41 - [MESSAGE][INFO] - Finding Test Object 'Object Repository/Filtreler/Basliklar'

2021-11-18 11:32:41 - [MESSAGE][INFO] - Finding Test Object 'Object Repository/Filtreler/Basliga_Gore_Baslangic_Image'

2021-11-18 11:32:41 - [MESSAGE][INFO] - Checking timeout

2021-11-18 11:32:41 - [MESSAGE][INFO] - Finding web element with id: 'Object Repository/Filtreler/Basliklar' located by 'By.cssSelector: .control-label.col-sm-4.paddingMarginRLC' in '10' second(s)

2021-11-18 11:32:41 - [MESSAGE][INFO] - Smart Wait Function is triggered

2021-11-18 11:32:41 - [MESSAGE][INFO] - Found 18 web elements with id: 'Object Repository/Filtreler/Basliklar' located by 'By.cssSelector: .control-label.col-sm-4.paddingMarginRLC' in '10' second(s)

2021-11-18 11:32:41 - [MESSAGE][INFO] - Smart Wait Function is triggered

2021-11-18 11:32:42 - [MESSAGE][PASSED] - Method.TextDegerineEsitElementinAltindakineTikla is PASSED

2021-11-18 11:32:42 - [TEST_STEP][PASSED] - Method.TextDegerineEsitElementinAltindakiTextboxtaYaz(findTestObject("Filtreler/Basliklar"), findTestObject("Filtreler/Basliga_Gore_Baslangic"), Filtre_Adi, Filtre_Degeri): Method.TextDegerineEsitElementinAltindakiTextboxtaYaz is PASSED

2021-11-18 11:32:42 - [MESSAGE][INFO] - Finding Test Object 'Object Repository/Filtreler/Basliklar'

2021-11-18 11:32:42 - [MESSAGE][INFO] - Finding Test Object 'Object Repository/Filtreler/Basliga_Gore_Baslangic'

2021-11-18 11:32:42 - [MESSAGE][INFO] - Checking timeout

2021-11-18 11:32:42 - [MESSAGE][INFO] - Finding web element with id: 'Object Repository/Filtreler/Basliklar' located by 'By.cssSelector: .control-label.col-sm-4.paddingMarginRLC' in '10' second(s)

2021-11-18 11:32:42 - [MESSAGE][INFO] - Smart Wait Function is triggered

2021-11-18 11:32:42 - [MESSAGE][INFO] - Found 18 web elements with id: 'Object Repository/Filtreler/Basliklar' located by 'By.cssSelector: .control-label.col-sm-4.paddingMarginRLC' in '10' second(s)

2021-11-18 11:32:42 - [MESSAGE][INFO] - Smart Wait Function is triggered

2021-11-18 11:32:43 - [MESSAGE][PASSED] - Method.TextDegerineEsitElementinAltindakiTextboxtaYaz is PASSED

2021-11-18 11:32:43 - [MESSAGE][PASSED] - Call Test Case 'Test Cases/Filtreler/BaslangicYaz' successfully

2021-11-18 11:32:43 - [MESSAGE][INFO] - Checking called Test Case

2021-11-18 11:32:43 - [MESSAGE][INFO] - Starting to call Test Case 'Test Cases/Filtreler/BitisYaz'

2021-11-18 11:32:43 - [TEST_CASE][PASSED] - Test Cases/Filtreler/BitisYaz: Test Cases/Filtreler/BitisYaz

2021-11-18 11:32:43 - [TEST_STEP][PASSED] - Method.TextDegerineEsitElementinAltindakineTikla(findTestObject("Filtreler/Basliklar"), findTestObject("Filtreler/Basliga_Gore_Bitis_Image"), Filtre_Adi): Method.TextDegerineEsitElementinAltindakineTikla is PASSED

2021-11-18 11:32:43 - [MESSAGE][INFO] - Finding Test Object 'Object Repository/Filtreler/Basliklar'

2021-11-18 11:32:43 - [MESSAGE][INFO] - Finding Test Object 'Object Repository/Filtreler/Basliga_Gore_Bitis_Image'

2021-11-18 11:32:43 - [MESSAGE][INFO] - Checking timeout

2021-11-18 11:32:43 - [MESSAGE][INFO] - Finding web element with id: 'Object Repository/Filtreler/Basliklar' located by 'By.cssSelector: .control-label.col-sm-4.paddingMarginRLC' in '10' second(s)

2021-11-18 11:32:43 - [MESSAGE][INFO] - Smart Wait Function is triggered

2021-11-18 11:32:43 - [MESSAGE][INFO] - Found 18 web elements with id: 'Object Repository/Filtreler/Basliklar' located by 'By.cssSelector: .control-label.col-sm-4.paddingMarginRLC' in '10' second(s)

2021-11-18 11:32:43 - [MESSAGE][INFO] - Smart Wait Function is triggered

2021-11-18 11:32:44 - [MESSAGE][PASSED] - Method.TextDegerineEsitElementinAltindakineTikla is PASSED

2021-11-18 11:32:44 - [TEST_STEP][PASSED] - Method.TextDegerineEsitElementinAltindakiTextboxtaYaz(findTestObject("Filtreler/Basliklar"), findTestObject("Object Repository/Filtreler/Basliga_Gore_Bitis"), Filtre_Adi, Filtre_Degeri): Method.TextDegerineEsitElementinAltindakiTextboxtaYaz is PASSED

2021-11-18 11:32:44 - [MESSAGE][INFO] - Finding Test Object 'Object Repository/Filtreler/Basliklar'

2021-11-18 11:32:44 - [MESSAGE][INFO] - Finding Test Object 'Object Repository/Filtreler/Basliga_Gore_Bitis'

2021-11-18 11:32:44 - [MESSAGE][INFO] - Checking timeout

2021-11-18 11:32:44 - [MESSAGE][INFO] - Finding web element with id: 'Object Repository/Filtreler/Basliklar' located by 'By.cssSelector: .control-label.col-sm-4.paddingMarginRLC' in '10' second(s)

2021-11-18 11:32:44 - [MESSAGE][INFO] - Smart Wait Function is triggered

2021-11-18 11:32:44 - [MESSAGE][INFO] - Found 18 web elements with id: 'Object Repository/Filtreler/Basliklar' located by 'By.cssSelector: .control-label.col-sm-4.paddingMarginRLC' in '10' second(s)

2021-11-18 11:32:44 - [MESSAGE][INFO] - Smart Wait Function is triggered

2021-11-18 11:32:45 - [MESSAGE][PASSED] - Method.TextDegerineEsitElementinAltindakiTextboxtaYaz is PASSED

2021-11-18 11:32:45 - [MESSAGE][PASSED] - Call Test Case 'Test Cases/Filtreler/BitisYaz' successfully

2021-11-18 11:32:45 - [MESSAGE][INFO] - Checking called Test Case

2021-11-18 11:32:45 - [MESSAGE][INFO] - Starting to call Test Case 'Test Cases/Filtreler/ButonaTikla'

2021-11-18 11:32:45 - [TEST_CASE][PASSED] - Test Cases/Filtreler/ButonaTikla: Test Cases/Filtreler/ButonaTikla

2021-11-18 11:32:45 - [TEST_STEP][PASSED] - Method.TextDegerineEsitElementeTikla(findTestObject("Filtreler/Butonlar"), Filtre_Buton): Method.TextDegerineEsitElementeTikla is PASSED

2021-11-18 11:32:45 - [MESSAGE][INFO] - Finding Test Object 'Object Repository/Filtreler/Butonlar'

2021-11-18 11:32:45 - [MESSAGE][INFO] - Checking timeout

2021-11-18 11:32:45 - [MESSAGE][INFO] - Finding web element with id: 'Object Repository/Filtreler/Butonlar' located by 'By.cssSelector: .dxb>span' in '10' second(s)

2021-11-18 11:32:45 - [MESSAGE][INFO] - Smart Wait Function is triggered

2021-11-18 11:32:45 - [MESSAGE][INFO] - Found 3 web elements with id: 'Object Repository/Filtreler/Butonlar' located by 'By.cssSelector: .dxb>span' in '10' second(s)

2021-11-18 11:32:45 - [MESSAGE][PASSED] - Method.TextDegerineEsitElementeTikla is PASSED

2021-11-18 11:32:45 - [MESSAGE][PASSED] - Call Test Case 'Test Cases/Filtreler/ButonaTikla' successfully

2021-11-18 11:32:45 - [MESSAGE][INFO] - Checking called Test Case

2021-11-18 11:32:45 - [MESSAGE][INFO] - Starting to call Test Case 'Test Cases/Tablo/TablodakiVeriDetayi'

2021-11-18 11:32:45 - [TEST_CASE][PASSED] - Test Cases/Tablo/TablodakiVeriDetayi: Test Cases/Tablo/TablodakiVeriDetayi

2021-11-18 11:32:45 - [TEST_STEP][PASSED] - Method.TextDegerineEsitElementinAltindakineTikla(findTestObject("Tablo/Veriler"), findTestObject("Object Repository/Tablo/VerininArtiButonu"), Veri_Adi): Method.TextDegerineEsitElementinAltindakineTikla is PASSED

2021-11-18 11:32:45 - [MESSAGE][INFO] - Finding Test Object 'Object Repository/Tablo/Veriler'

2021-11-18 11:32:46 - [MESSAGE][INFO] - Finding Test Object 'Object Repository/Tablo/VerininArtiButonu'

2021-11-18 11:32:46 - [MESSAGE][INFO] - Checking timeout

2021-11-18 11:32:46 - [MESSAGE][INFO] - Finding web element with id: 'Object Repository/Tablo/Veriler' located by 'By.cssSelector: td.dxgv b ,td.dxgv' in '10' second(s)

2021-11-18 11:32:46 - [MESSAGE][INFO] - Smart Wait Function is triggered

2021-11-18 11:32:46 - [MESSAGE][INFO] - Found 120 web elements with id: 'Object Repository/Tablo/Veriler' located by 'By.cssSelector: td.dxgv b ,td.dxgv' in '10' second(s)

2021-11-18 11:32:47 - [MESSAGE][INFO] - Smart Wait Function is triggered

2021-11-18 11:32:47 - [MESSAGE][PASSED] - Method.TextDegerineEsitElementinAltindakineTikla is PASSED

2021-11-18 11:32:47 - [MESSAGE][PASSED] - Call Test Case 'Test Cases/Tablo/TablodakiVeriDetayi' successfully

2021-11-18 11:32:47 - [MESSAGE][INFO] - Checking called Test Case

2021-11-18 11:32:47 - [MESSAGE][INFO] - Starting to call Test Case 'Test Cases/Tablo/TablodakiVeriDetayi'

2021-11-18 11:32:47 - [TEST_CASE][PASSED] - Test Cases/Tablo/TablodakiVeriDetayi: Test Cases/Tablo/TablodakiVeriDetayi

2021-11-18 11:32:47 - [TEST_STEP][PASSED] - Method.TextDegerineEsitElementinAltindakineTikla(findTestObject("Tablo/Veriler"), findTestObject("Object Repository/Tablo/VerininArtiButonu"), Veri_Adi): Method.TextDegerineEsitElementinAltindakineTikla is PASSED

2021-11-18 11:32:47 - [MESSAGE][INFO] - Finding Test Object 'Object Repository/Tablo/Veriler'

2021-11-18 11:32:48 - [MESSAGE][INFO] - Finding Test Object 'Object Repository/Tablo/VerininArtiButonu'

2021-11-18 11:32:48 - [MESSAGE][INFO] - Checking timeout

2021-11-18 11:32:48 - [MESSAGE][INFO] - Finding web element with id: 'Object Repository/Tablo/Veriler' located by 'By.cssSelector: td.dxgv b ,td.dxgv' in '10' second(s)

2021-11-18 11:32:48 - [MESSAGE][INFO] - Smart Wait Function is triggered

2021-11-18 11:32:48 - [MESSAGE][INFO] - Found 122 web elements with id: 'Object Repository/Tablo/Veriler' located by 'By.cssSelector: td.dxgv b ,td.dxgv' in '10' second(s)

2021-11-18 11:32:49 - [MESSAGE][INFO] - Smart Wait Function is triggered

2021-11-18 11:32:49 - [MESSAGE][PASSED] - Method.TextDegerineEsitElementinAltindakineTikla is PASSED

2021-11-18 11:32:49 - [MESSAGE][PASSED] - Call Test Case 'Test Cases/Tablo/TablodakiVeriDetayi' successfully

2021-11-18 11:32:49 - [MESSAGE][INFO] - Checking called Test Case

2021-11-18 11:32:49 - [MESSAGE][INFO] - Starting to call Test Case 'Test Cases/Filtreler/ListelenenOgeSayisi'

2021-11-18 11:32:49 - [TEST_CASE][PASSED] - Test Cases/Filtreler/ListelenenOgeSayisi: Test Cases/Filtreler/ListelenenOgeSayisi

2021-11-18 11:32:49 - [TEST_STEP][PASSED] - waitForElementPresent(findTestObject("Filtreler/OgeSayisi"), 10): Object 'Object Repository/Filtreler/OgeSayisi' is present

2021-11-18 11:32:49 - [MESSAGE][INFO] - Finding Test Object 'Object Repository/Filtreler/OgeSayisi'

2021-11-18 11:32:49 - [MESSAGE][INFO] - Checking object

2021-11-18 11:32:49 - [MESSAGE][INFO] - Finding web element from Test Object's properties

2021-11-18 11:32:49 - [MESSAGE][INFO] - Checking timeout

2021-11-18 11:32:49 - [MESSAGE][INFO] - Finding web element with id: 'Object Repository/Filtreler/OgeSayisi' located by 'By.cssSelector: .dxp-lead.dxp-summary' in '10' second(s)

2021-11-18 11:32:49 - [MESSAGE][INFO] - Smart Wait Function is triggered

2021-11-18 11:32:50 - [MESSAGE][INFO] - Found 1 web elements with id: 'Object Repository/Filtreler/OgeSayisi' located by 'By.cssSelector: .dxp-lead.dxp-summary' in '10' second(s)

2021-11-18 11:32:50 - [MESSAGE][PASSED] - Object 'Object Repository/Filtreler/OgeSayisi' is present

2021-11-18 11:32:50 - [TEST_STEP][PASSED] - verifyElementText(findTestObject("Filtreler/OgeSayisi"), OgeSayisi): Actual text and expected text of test object 'Object Repository/Filtreler/OgeSayisi' are matched.

2021-11-18 11:32:50 - [MESSAGE][INFO] - Finding Test Object 'Object Repository/Filtreler/OgeSayisi'

2021-11-18 11:32:50 - [MESSAGE][INFO] - Checking object

2021-11-18 11:32:50 - [MESSAGE][INFO] - Finding web element from Test Object's properties

2021-11-18 11:32:50 - [MESSAGE][INFO] - Checking timeout

2021-11-18 11:32:50 - [MESSAGE][INFO] - Finding web element with id: 'Object Repository/Filtreler/OgeSayisi' located by 'By.cssSelector: .dxp-lead.dxp-summary' in '30' second(s)

2021-11-18 11:32:50 - [MESSAGE][INFO] - Smart Wait Function is triggered

2021-11-18 11:32:50 - [MESSAGE][INFO] - Found 1 web elements with id: 'Object Repository/Filtreler/OgeSayisi' located by 'By.cssSelector: .dxp-lead.dxp-summary' in '30' second(s)

2021-11-18 11:32:50 - [MESSAGE][PASSED] - Actual text and expected text of test object 'Object Repository/Filtreler/OgeSayisi' are matched.

2021-11-18 11:32:50 - [MESSAGE][PASSED] - Call Test Case 'Test Cases/Filtreler/ListelenenOgeSayisi' successfully

2021-11-18 11:32:50 - [MESSAGE][INFO] - Checking called Test Case

2021-11-18 11:32:50 - [MESSAGE][INFO] - Starting to call Test Case 'Test Cases/Sayfalar/AnaSayfa/AnaSayfayaDonulur'

2021-11-18 11:32:50 - [TEST_CASE][PASSED] - Test Cases/Sayfalar/AnaSayfa/AnaSayfayaDonulur: Test Cases/Sayfalar/AnaSayfa/AnaSayfayaDonulur

2021-11-18 11:32:50 - [TEST_STEP][PASSED] - click(findTestObject("Sayfalar/AnaSayfa/AnaSayfa")): Object: 'Object Repository/Sayfalar/AnaSayfa/AnaSayfa' is clicked on

2021-11-18 11:32:50 - [MESSAGE][INFO] - Finding Test Object 'Object Repository/Sayfalar/AnaSayfa/AnaSayfa'

2021-11-18 11:32:50 - [MESSAGE][INFO] - Checking object

2021-11-18 11:32:50 - [MESSAGE][INFO] - Finding web element from Test Object's properties

2021-11-18 11:32:50 - [MESSAGE][INFO] - Checking timeout

2021-11-18 11:32:50 - [MESSAGE][INFO] - Finding web element with id: 'Object Repository/Sayfalar/AnaSayfa/AnaSayfa' located by 'By.cssSelector: div.navbar-header > a > img' in '30' second(s)

2021-11-18 11:32:50 - [MESSAGE][INFO] - Smart Wait Function is triggered

2021-11-18 11:32:51 - [MESSAGE][INFO] - Found 1 web elements with id: 'Object Repository/Sayfalar/AnaSayfa/AnaSayfa' located by 'By.cssSelector: div.navbar-header > a > img' in '30' second(s)

2021-11-18 11:32:51 - [MESSAGE][INFO] - Clicking on object: 'Object Repository/Sayfalar/AnaSayfa/AnaSayfa'

2021-11-18 11:32:52 - [MESSAGE][PASSED] - Object: 'Object Repository/Sayfalar/AnaSayfa/AnaSayfa' is clicked on

2021-11-18 11:32:52 - [TEST_STEP][PASSED] - if (verifyElementPresent(findTestObject("Sayfalar/Giris_Sayfasi/PopupOK"), 5, OPTIONAL)): null

2021-11-18 11:32:52 - [MESSAGE][INFO] - Finding Test Object 'Object Repository/Sayfalar/Giris_Sayfasi/PopupOK'

2021-11-18 11:32:52 - [MESSAGE][INFO] - Checking object

2021-11-18 11:32:52 - [MESSAGE][INFO] - Finding web element from Test Object's properties

2021-11-18 11:32:52 - [MESSAGE][INFO] - Checking timeout

2021-11-18 11:32:52 - [MESSAGE][INFO] - Finding web element with id: 'Object Repository/Sayfalar/Giris_Sayfasi/PopupOK' located by 'By.cssSelector: .btn.btn-success' in '5' second(s)

2021-11-18 11:32:52 - [MESSAGE][INFO] - Smart Wait Function is triggered

2021-11-18 11:32:53 - [MESSAGE][INFO] - Found 1 web elements with id: 'Object Repository/Sayfalar/Giris_Sayfasi/PopupOK' located by 'By.cssSelector: .btn.btn-success' in '5' second(s)

2021-11-18 11:32:53 - [MESSAGE][PASSED] - Object 'Object Repository/Sayfalar/Giris_Sayfasi/PopupOK' is present

2021-11-18 11:32:53 - [TEST_STEP][PASSED] - click(findTestObject("Sayfalar/Giris_Sayfasi/PopupOK")): Object: 'Object Repository/Sayfalar/Giris_Sayfasi/PopupOK' is clicked on

2021-11-18 11:32:53 - [MESSAGE][INFO] - Finding Test Object 'Object Repository/Sayfalar/Giris_Sayfasi/PopupOK'

2021-11-18 11:32:53 - [MESSAGE][INFO] - Checking object

2021-11-18 11:32:53 - [MESSAGE][INFO] - Finding web element from Test Object's properties

2021-11-18 11:32:53 - [MESSAGE][INFO] - Checking timeout

2021-11-18 11:32:53 - [MESSAGE][INFO] - Finding web element with id: 'Object Repository/Sayfalar/Giris_Sayfasi/PopupOK' located by 'By.cssSelector: .btn.btn-success' in '30' second(s)

2021-11-18 11:32:53 - [MESSAGE][INFO] - Smart Wait Function is triggered

2021-11-18 11:32:53 - [MESSAGE][INFO] - Found 1 web elements with id: 'Object Repository/Sayfalar/Giris_Sayfasi/PopupOK' located by 'By.cssSelector: .btn.btn-success' in '30' second(s)

2021-11-18 11:32:53 - [MESSAGE][INFO] - Clicking on object: 'Object Repository/Sayfalar/Giris_Sayfasi/PopupOK'

2021-11-18 11:32:53 - [MESSAGE][PASSED] - Object: 'Object Repository/Sayfalar/Giris_Sayfasi/PopupOK' is clicked on

2021-11-18 11:32:53 - [TEST_STEP][PASSED] - verifyElementVisible(findTestObject("Object Repository/Kullanici_Islemleri/KullaniciIslemleri")): Object 'Object Repository/Kullanici_Islemleri/KullaniciIslemleri' is visible

2021-11-18 11:32:53 - [MESSAGE][INFO] - Finding Test Object 'Object Repository/Kullanici_Islemleri/KullaniciIslemleri'

2021-11-18 11:32:53 - [MESSAGE][INFO] - Checking object

2021-11-18 11:32:53 - [MESSAGE][INFO] - Finding web element from Test Object's properties

2021-11-18 11:32:53 - [MESSAGE][INFO] - Checking timeout

2021-11-18 11:32:53 - [MESSAGE][INFO] - Finding web element with id: 'Object Repository/Kullanici_Islemleri/KullaniciIslemleri' located by 'By.cssSelector: .dropdown>a>img' in '30' second(s)

2021-11-18 11:32:53 - [MESSAGE][INFO] - Smart Wait Function is triggered

2021-11-18 11:32:54 - [MESSAGE][INFO] - Found 1 web elements with id: 'Object Repository/Kullanici_Islemleri/KullaniciIslemleri' located by 'By.cssSelector: .dropdown>a>img' in '30' second(s)

2021-11-18 11:32:54 - [MESSAGE][PASSED] - Object 'Object Repository/Kullanici_Islemleri/KullaniciIslemleri' is visible

2021-11-18 11:32:54 - [MESSAGE][PASSED] - Call Test Case 'Test Cases/Sayfalar/AnaSayfa/AnaSayfayaDonulur' successfully

2021-11-18 11:32:54 - [MESSAGE][INFO] - Checking called Test Case

2021-11-18 11:32:54 - [MESSAGE][INFO] - Starting to call Test Case 'Test Cases/Menu/AnaMenuSecimi'

2021-11-18 11:32:54 - [TEST_CASE][PASSED] - Test Cases/Menu/AnaMenuSecimi: Test Cases/Menu/AnaMenuSecimi

2021-11-18 11:32:54 - [TEST_STEP][PASSED] - Method.TextDegerineEsitElementeTikla(findTestObject("Menu/Ana_Menu"), Ana_Menu): Method.TextDegerineEsitElementeTikla is PASSED

2021-11-18 11:32:54 - [MESSAGE][INFO] - Finding Test Object 'Object Repository/Menu/Ana_Menu'

2021-11-18 11:32:54 - [MESSAGE][INFO] - Checking timeout

2021-11-18 11:32:54 - [MESSAGE][INFO] - Finding web element with id: 'Object Repository/Menu/Ana_Menu' located by 'By.xpath: //*[@class = 'dropdown-toggle']' in '10' second(s)

2021-11-18 11:32:54 - [MESSAGE][INFO] - Smart Wait Function is triggered

2021-11-18 11:32:54 - [MESSAGE][INFO] - Found 14 web elements with id: 'Object Repository/Menu/Ana_Menu' located by 'By.xpath: //*[@class = 'dropdown-toggle']' in '10' second(s)

2021-11-18 11:32:54 - [MESSAGE][PASSED] - Method.TextDegerineEsitElementeTikla is PASSED

2021-11-18 11:32:54 - [MESSAGE][PASSED] - Call Test Case 'Test Cases/Menu/AnaMenuSecimi' successfully

2021-11-18 11:32:54 - [MESSAGE][INFO] - Checking called Test Case

2021-11-18 11:32:54 - [MESSAGE][INFO] - Starting to call Test Case 'Test Cases/Menu/BasligaGoreAltMenuSecimi'

2021-11-18 11:32:54 - [TEST_CASE][PASSED] - Test Cases/Menu/BasligaGoreAltMenuSecimi: Test Cases/Menu/BasligaGoreAltMenuSecimi

2021-11-18 11:32:54 - [TEST_STEP][PASSED] - Method.TextDegerineEsitElementinAltindakiTextDegerineEsitOlanaTikla(findTestObject("Menu/Menu_Basligi"), findTestObject("Menu/Basliga_Gore_Alt_Menu"), Baslik, Alt_Menu): Method.TextDegerineEsitElementinAltindakiTextDegerineEsitOlanaTikla is PASSED

2021-11-18 11:32:54 - [MESSAGE][INFO] - Finding Test Object 'Object Repository/Menu/Menu_Basligi'

2021-11-18 11:32:54 - [MESSAGE][INFO] - Finding Test Object 'Object Repository/Menu/Basliga_Gore_Alt_Menu'

2021-11-18 11:32:55 - [MESSAGE][INFO] - Checking timeout

2021-11-18 11:32:55 - [MESSAGE][INFO] - Finding web element with id: 'Object Repository/Menu/Menu_Basligi' located by 'By.xpath: //li[@class='dropdown dropdown-large open']//li[@class='dropdown-header']' in '10' second(s)

2021-11-18 11:32:55 - [MESSAGE][INFO] - Smart Wait Function is triggered

2021-11-18 11:32:55 - [MESSAGE][INFO] - Found 3 web elements with id: 'Object Repository/Menu/Menu_Basligi' located by 'By.xpath: //li[@class='dropdown dropdown-large open']//li[@class='dropdown-header']' in '10' second(s)

2021-11-18 11:32:55 - [MESSAGE][INFO] - Smart Wait Function is triggered

2021-11-18 11:32:56 - [MESSAGE][PASSED] - Method.TextDegerineEsitElementinAltindakiTextDegerineEsitOlanaTikla is PASSED

2021-11-18 11:32:56 - [MESSAGE][PASSED] - Call Test Case 'Test Cases/Menu/BasligaGoreAltMenuSecimi' successfully

2021-11-18 11:32:56 - [MESSAGE][INFO] - Checking called Test Case

2021-11-18 11:32:56 - [MESSAGE][INFO] - Starting to call Test Case 'Test Cases/Filtreler/BaslangicYaz'

2021-11-18 11:32:56 - [TEST_CASE][PASSED] - Test Cases/Filtreler/BaslangicYaz: Test Cases/Filtreler/BaslangicYaz

2021-11-18 11:32:56 - [TEST_STEP][PASSED] - delay(3): Delayed 3 second(s)

2021-11-18 11:32:56 - [MESSAGE][INFO] - Delaying browser in 3 second(s)

2021-11-18 11:32:59 - [MESSAGE][PASSED] - Delayed 3 second(s)

2021-11-18 11:32:59 - [TEST_STEP][PASSED] - Method.TextDegerineEsitElementinAltindakineTikla(findTestObject("Filtreler/Basliklar"), findTestObject("Filtreler/Basliga_Gore_Baslangic_Image"), Filtre_Adi): Method.TextDegerineEsitElementinAltindakineTikla is PASSED

2021-11-18 11:32:59 - [MESSAGE][INFO] - Finding Test Object 'Object Repository/Filtreler/Basliklar'

2021-11-18 11:32:59 - [MESSAGE][INFO] - Finding Test Object 'Object Repository/Filtreler/Basliga_Gore_Baslangic_Image'

2021-11-18 11:32:59 - [MESSAGE][INFO] - Checking timeout

2021-11-18 11:32:59 - [MESSAGE][INFO] - Finding web element with id: 'Object Repository/Filtreler/Basliklar' located by 'By.cssSelector: .control-label.col-sm-4.paddingMarginRLC' in '10' second(s)

2021-11-18 11:32:59 - [MESSAGE][INFO] - Smart Wait Function is triggered

2021-11-18 11:33:00 - [MESSAGE][INFO] - Found 18 web elements with id: 'Object Repository/Filtreler/Basliklar' located by 'By.cssSelector: .control-label.col-sm-4.paddingMarginRLC' in '10' second(s)

2021-11-18 11:33:00 - [MESSAGE][INFO] - Smart Wait Function is triggered

2021-11-18 11:33:00 - [MESSAGE][PASSED] - Method.TextDegerineEsitElementinAltindakineTikla is PASSED

2021-11-18 11:33:00 - [TEST_STEP][PASSED] - Method.TextDegerineEsitElementinAltindakiTextboxtaYaz(findTestObject("Filtreler/Basliklar"), findTestObject("Filtreler/Basliga_Gore_Baslangic"), Filtre_Adi, Filtre_Degeri): Method.TextDegerineEsitElementinAltindakiTextboxtaYaz is PASSED

2021-11-18 11:33:00 - [MESSAGE][INFO] - Finding Test Object 'Object Repository/Filtreler/Basliklar'

2021-11-18 11:33:00 - [MESSAGE][INFO] - Finding Test Object 'Object Repository/Filtreler/Basliga_Gore_Baslangic'

2021-11-18 11:33:00 - [MESSAGE][INFO] - Checking timeout

2021-11-18 11:33:00 - [MESSAGE][INFO] - Finding web element with id: 'Object Repository/Filtreler/Basliklar' located by 'By.cssSelector: .control-label.col-sm-4.paddingMarginRLC' in '10' second(s)

2021-11-18 11:33:00 - [MESSAGE][INFO] - Smart Wait Function is triggered

2021-11-18 11:33:01 - [MESSAGE][INFO] - Found 18 web elements with id: 'Object Repository/Filtreler/Basliklar' located by 'By.cssSelector: .control-label.col-sm-4.paddingMarginRLC' in '10' second(s)

2021-11-18 11:33:01 - [MESSAGE][INFO] - Smart Wait Function is triggered

2021-11-18 11:33:01 - [MESSAGE][PASSED] - Method.TextDegerineEsitElementinAltindakiTextboxtaYaz is PASSED

2021-11-18 11:33:01 - [MESSAGE][PASSED] - Call Test Case 'Test Cases/Filtreler/BaslangicYaz' successfully

2021-11-18 11:33:01 - [MESSAGE][INFO] - Checking called Test Case

2021-11-18 11:33:01 - [MESSAGE][INFO] - Starting to call Test Case 'Test Cases/Filtreler/BitisYaz'

2021-11-18 11:33:01 - [TEST_CASE][PASSED] - Test Cases/Filtreler/BitisYaz: Test Cases/Filtreler/BitisYaz

2021-11-18 11:33:01 - [TEST_STEP][PASSED] - Method.TextDegerineEsitElementinAltindakineTikla(findTestObject("Filtreler/Basliklar"), findTestObject("Filtreler/Basliga_Gore_Bitis_Image"), Filtre_Adi): Method.TextDegerineEsitElementinAltindakineTikla is PASSED

2021-11-18 11:33:01 - [MESSAGE][INFO] - Finding Test Object 'Object Repository/Filtreler/Basliklar'

2021-11-18 11:33:01 - [MESSAGE][INFO] - Finding Test Object 'Object Repository/Filtreler/Basliga_Gore_Bitis_Image'

2021-11-18 11:33:01 - [MESSAGE][INFO] - Checking timeout

2021-11-18 11:33:01 - [MESSAGE][INFO] - Finding web element with id: 'Object Repository/Filtreler/Basliklar' located by 'By.cssSelector: .control-label.col-sm-4.paddingMarginRLC' in '10' second(s)

2021-11-18 11:33:01 - [MESSAGE][INFO] - Smart Wait Function is triggered

2021-11-18 11:33:02 - [MESSAGE][INFO] - Found 18 web elements with id: 'Object Repository/Filtreler/Basliklar' located by 'By.cssSelector: .control-label.col-sm-4.paddingMarginRLC' in '10' second(s)

2021-11-18 11:33:02 - [MESSAGE][INFO] - Smart Wait Function is triggered

2021-11-18 11:33:02 - [MESSAGE][PASSED] - Method.TextDegerineEsitElementinAltindakineTikla is PASSED

2021-11-18 11:33:02 - [TEST_STEP][PASSED] - Method.TextDegerineEsitElementinAltindakiTextboxtaYaz(findTestObject("Filtreler/Basliklar"), findTestObject("Object Repository/Filtreler/Basliga_Gore_Bitis"), Filtre_Adi, Filtre_Degeri): Method.TextDegerineEsitElementinAltindakiTextboxtaYaz is PASSED

2021-11-18 11:33:02 - [MESSAGE][INFO] - Finding Test Object 'Object Repository/Filtreler/Basliklar'

2021-11-18 11:33:02 - [MESSAGE][INFO] - Finding Test Object 'Object Repository/Filtreler/Basliga_Gore_Bitis'

2021-11-18 11:33:02 - [MESSAGE][INFO] - Checking timeout

2021-11-18 11:33:02 - [MESSAGE][INFO] - Finding web element with id: 'Object Repository/Filtreler/Basliklar' located by 'By.cssSelector: .control-label.col-sm-4.paddingMarginRLC' in '10' second(s)

2021-11-18 11:33:02 - [MESSAGE][INFO] - Smart Wait Function is triggered

2021-11-18 11:33:03 - [MESSAGE][INFO] - Found 18 web elements with id: 'Object Repository/Filtreler/Basliklar' located by 'By.cssSelector: .control-label.col-sm-4.paddingMarginRLC' in '10' second(s)

2021-11-18 11:33:03 - [MESSAGE][INFO] - Smart Wait Function is triggered

2021-11-18 11:33:03 - [MESSAGE][PASSED] - Method.TextDegerineEsitElementinAltindakiTextboxtaYaz is PASSED

2021-11-18 11:33:03 - [MESSAGE][PASSED] - Call Test Case 'Test Cases/Filtreler/BitisYaz' successfully

2021-11-18 11:33:03 - [MESSAGE][INFO] - Checking called Test Case

2021-11-18 11:33:03 - [MESSAGE][INFO] - Starting to call Test Case 'Test Cases/Filtreler/BaslangicYaz'

2021-11-18 11:33:03 - [TEST_CASE][PASSED] - Test Cases/Filtreler/BaslangicYaz: Test Cases/Filtreler/BaslangicYaz

2021-11-18 11:33:03 - [TEST_STEP][PASSED] - delay(3): Delayed 3 second(s)

2021-11-18 11:33:03 - [MESSAGE][INFO] - Delaying browser in 3 second(s)

2021-11-18 11:33:06 - [MESSAGE][PASSED] - Delayed 3 second(s)

2021-11-18 11:33:06 - [TEST_STEP][PASSED] - Method.TextDegerineEsitElementinAltindakineTikla(findTestObject("Filtreler/Basliklar"), findTestObject("Filtreler/Basliga_Gore_Baslangic_Image"), Filtre_Adi): Method.TextDegerineEsitElementinAltindakineTikla is PASSED

2021-11-18 11:33:06 - [MESSAGE][INFO] - Finding Test Object 'Object Repository/Filtreler/Basliklar'

2021-11-18 11:33:06 - [MESSAGE][INFO] - Finding Test Object 'Object Repository/Filtreler/Basliga_Gore_Baslangic_Image'

2021-11-18 11:33:06 - [MESSAGE][INFO] - Checking timeout

2021-11-18 11:33:06 - [MESSAGE][INFO] - Finding web element with id: 'Object Repository/Filtreler/Basliklar' located by 'By.cssSelector: .control-label.col-sm-4.paddingMarginRLC' in '10' second(s)

2021-11-18 11:33:06 - [MESSAGE][INFO] - Smart Wait Function is triggered

2021-11-18 11:33:07 - [MESSAGE][INFO] - Found 18 web elements with id: 'Object Repository/Filtreler/Basliklar' located by 'By.cssSelector: .control-label.col-sm-4.paddingMarginRLC' in '10' second(s)

2021-11-18 11:33:07 - [MESSAGE][INFO] - Smart Wait Function is triggered

2021-11-18 11:33:07 - [MESSAGE][PASSED] - Method.TextDegerineEsitElementinAltindakineTikla is PASSED

2021-11-18 11:33:07 - [TEST_STEP][PASSED] - Method.TextDegerineEsitElementinAltindakiTextboxtaYaz(findTestObject("Filtreler/Basliklar"), findTestObject("Filtreler/Basliga_Gore_Baslangic"), Filtre_Adi, Filtre_Degeri): Method.TextDegerineEsitElementinAltindakiTextboxtaYaz is PASSED

2021-11-18 11:33:07 - [MESSAGE][INFO] - Finding Test Object 'Object Repository/Filtreler/Basliklar'

2021-11-18 11:33:07 - [MESSAGE][INFO] - Finding Test Object 'Object Repository/Filtreler/Basliga_Gore_Baslangic'

2021-11-18 11:33:07 - [MESSAGE][INFO] - Checking timeout

2021-11-18 11:33:07 - [MESSAGE][INFO] - Finding web element with id: 'Object Repository/Filtreler/Basliklar' located by 'By.cssSelector: .control-label.col-sm-4.paddingMarginRLC' in '10' second(s)

2021-11-18 11:33:07 - [MESSAGE][INFO] - Smart Wait Function is triggered

2021-11-18 11:33:08 - [MESSAGE][INFO] - Found 18 web elements with id: 'Object Repository/Filtreler/Basliklar' located by 'By.cssSelector: .control-label.col-sm-4.paddingMarginRLC' in '10' second(s)

2021-11-18 11:33:08 - [MESSAGE][INFO] - Smart Wait Function is triggered

2021-11-18 11:33:08 - [MESSAGE][PASSED] - Method.TextDegerineEsitElementinAltindakiTextboxtaYaz is PASSED

2021-11-18 11:33:08 - [MESSAGE][PASSED] - Call Test Case 'Test Cases/Filtreler/BaslangicYaz' successfully

2021-11-18 11:33:08 - [MESSAGE][INFO] - Checking called Test Case

2021-11-18 11:33:08 - [MESSAGE][INFO] - Starting to call Test Case 'Test Cases/Filtreler/BitisYaz'

2021-11-18 11:33:08 - [TEST_CASE][PASSED] - Test Cases/Filtreler/BitisYaz: Test Cases/Filtreler/BitisYaz

2021-11-18 11:33:08 - [TEST_STEP][PASSED] - Method.TextDegerineEsitElementinAltindakineTikla(findTestObject("Filtreler/Basliklar"), findTestObject("Filtreler/Basliga_Gore_Bitis_Image"), Filtre_Adi): Method.TextDegerineEsitElementinAltindakineTikla is PASSED

2021-11-18 11:33:08 - [MESSAGE][INFO] - Finding Test Object 'Object Repository/Filtreler/Basliklar'

2021-11-18 11:33:08 - [MESSAGE][INFO] - Finding Test Object 'Object Repository/Filtreler/Basliga_Gore_Bitis_Image'

2021-11-18 11:33:08 - [MESSAGE][INFO] - Checking timeout

2021-11-18 11:33:08 - [MESSAGE][INFO] - Finding web element with id: 'Object Repository/Filtreler/Basliklar' located by 'By.cssSelector: .control-label.col-sm-4.paddingMarginRLC' in '10' second(s)

2021-11-18 11:33:08 - [MESSAGE][INFO] - Smart Wait Function is triggered

2021-11-18 11:33:09 - [MESSAGE][INFO] - Found 18 web elements with id: 'Object Repository/Filtreler/Basliklar' located by 'By.cssSelector: .control-label.col-sm-4.paddingMarginRLC' in '10' second(s)

2021-11-18 11:33:09 - [MESSAGE][INFO] - Smart Wait Function is triggered

2021-11-18 11:33:09 - [MESSAGE][PASSED] - Method.TextDegerineEsitElementinAltindakineTikla is PASSED

2021-11-18 11:33:09 - [TEST_STEP][PASSED] - Method.TextDegerineEsitElementinAltindakiTextboxtaYaz(findTestObject("Filtreler/Basliklar"), findTestObject("Object Repository/Filtreler/Basliga_Gore_Bitis"), Filtre_Adi, Filtre_Degeri): Method.TextDegerineEsitElementinAltindakiTextboxtaYaz is PASSED

2021-11-18 11:33:09 - [MESSAGE][INFO] - Finding Test Object 'Object Repository/Filtreler/Basliklar'

2021-11-18 11:33:09 - [MESSAGE][INFO] - Finding Test Object 'Object Repository/Filtreler/Basliga_Gore_Bitis'

2021-11-18 11:33:09 - [MESSAGE][INFO] - Checking timeout

2021-11-18 11:33:09 - [MESSAGE][INFO] - Finding web element with id: 'Object Repository/Filtreler/Basliklar' located by 'By.cssSelector: .control-label.col-sm-4.paddingMarginRLC' in '10' second(s)

2021-11-18 11:33:09 - [MESSAGE][INFO] - Smart Wait Function is triggered

2021-11-18 11:33:10 - [MESSAGE][INFO] - Found 18 web elements with id: 'Object Repository/Filtreler/Basliklar' located by 'By.cssSelector: .control-label.col-sm-4.paddingMarginRLC' in '10' second(s)

2021-11-18 11:33:10 - [MESSAGE][INFO] - Smart Wait Function is triggered

2021-11-18 11:33:10 - [MESSAGE][PASSED] - Method.TextDegerineEsitElementinAltindakiTextboxtaYaz is PASSED

2021-11-18 11:33:10 - [MESSAGE][PASSED] - Call Test Case 'Test Cases/Filtreler/BitisYaz' successfully

2021-11-18 11:33:10 - [MESSAGE][INFO] - Checking called Test Case

2021-11-18 11:33:10 - [MESSAGE][INFO] - Starting to call Test Case 'Test Cases/Filtreler/ButonaTikla'

2021-11-18 11:33:10 - [TEST_CASE][PASSED] - Test Cases/Filtreler/ButonaTikla: Test Cases/Filtreler/ButonaTikla

2021-11-18 11:33:10 - [TEST_STEP][PASSED] - Method.TextDegerineEsitElementeTikla(findTestObject("Filtreler/Butonlar"), Filtre_Buton): Method.TextDegerineEsitElementeTikla is PASSED

2021-11-18 11:33:10 - [MESSAGE][INFO] - Finding Test Object 'Object Repository/Filtreler/Butonlar'

2021-11-18 11:33:10 - [MESSAGE][INFO] - Checking timeout

2021-11-18 11:33:10 - [MESSAGE][INFO] - Finding web element with id: 'Object Repository/Filtreler/Butonlar' located by 'By.cssSelector: .dxb>span' in '10' second(s)

2021-11-18 11:33:10 - [MESSAGE][INFO] - Smart Wait Function is triggered

2021-11-18 11:33:11 - [MESSAGE][INFO] - Found 3 web elements with id: 'Object Repository/Filtreler/Butonlar' located by 'By.cssSelector: .dxb>span' in '10' second(s)

2021-11-18 11:33:11 - [MESSAGE][PASSED] - Method.TextDegerineEsitElementeTikla is PASSED

2021-11-18 11:33:11 - [MESSAGE][PASSED] - Call Test Case 'Test Cases/Filtreler/ButonaTikla' successfully

2021-11-18 11:33:11 - [MESSAGE][INFO] - Checking called Test Case

2021-11-18 11:33:11 - [MESSAGE][INFO] - Starting to call Test Case 'Test Cases/Filtreler/ListelenenOgeSayisi'

2021-11-18 11:33:11 - [TEST_CASE][PASSED] - Test Cases/Filtreler/ListelenenOgeSayisi: Test Cases/Filtreler/ListelenenOgeSayisi

2021-11-18 11:33:11 - [TEST_STEP][PASSED] - waitForElementPresent(findTestObject("Filtreler/OgeSayisi"), 10): Object 'Object Repository/Filtreler/OgeSayisi' is present

2021-11-18 11:33:11 - [MESSAGE][INFO] - Finding Test Object 'Object Repository/Filtreler/OgeSayisi'

2021-11-18 11:33:11 - [MESSAGE][INFO] - Checking object

2021-11-18 11:33:11 - [MESSAGE][INFO] - Finding web element from Test Object's properties

2021-11-18 11:33:11 - [MESSAGE][INFO] - Checking timeout

2021-11-18 11:33:11 - [MESSAGE][INFO] - Finding web element with id: 'Object Repository/Filtreler/OgeSayisi' located by 'By.cssSelector: .dxp-lead.dxp-summary' in '10' second(s)

2021-11-18 11:33:11 - [MESSAGE][INFO] - Smart Wait Function is triggered

2021-11-18 11:33:12 - [MESSAGE][INFO] - Found 1 web elements with id: 'Object Repository/Filtreler/OgeSayisi' located by 'By.cssSelector: .dxp-lead.dxp-summary' in '10' second(s)

2021-11-18 11:33:12 - [MESSAGE][PASSED] - Object 'Object Repository/Filtreler/OgeSayisi' is present

2021-11-18 11:33:12 - [TEST_STEP][PASSED] - verifyElementText(findTestObject("Filtreler/OgeSayisi"), OgeSayisi): Actual text and expected text of test object 'Object Repository/Filtreler/OgeSayisi' are matched.

2021-11-18 11:33:12 - [MESSAGE][INFO] - Finding Test Object 'Object Repository/Filtreler/OgeSayisi'

2021-11-18 11:33:12 - [MESSAGE][INFO] - Checking object

2021-11-18 11:33:12 - [MESSAGE][INFO] - Finding web element from Test Object's properties

2021-11-18 11:33:12 - [MESSAGE][INFO] - Checking timeout

2021-11-18 11:33:12 - [MESSAGE][INFO] - Finding web element with id: 'Object Repository/Filtreler/OgeSayisi' located by 'By.cssSelector: .dxp-lead.dxp-summary' in '30' second(s)

2021-11-18 11:33:12 - [MESSAGE][INFO] - Smart Wait Function is triggered

2021-11-18 11:33:12 - [MESSAGE][INFO] - Found 1 web elements with id: 'Object Repository/Filtreler/OgeSayisi' located by 'By.cssSelector: .dxp-lead.dxp-summary' in '30' second(s)

2021-11-18 11:33:12 - [MESSAGE][PASSED] - Actual text and expected text of test object 'Object Repository/Filtreler/OgeSayisi' are matched.

2021-11-18 11:33:12 - [MESSAGE][PASSED] - Call Test Case 'Test Cases/Filtreler/ListelenenOgeSayisi' successfully

2021-11-18 11:33:12 - [MESSAGE][INFO] - Checking called Test Case

2021-11-18 11:33:12 - [MESSAGE][INFO] - Starting to call Test Case 'Test Cases/Filtreler/FiltreVarMi'

2021-11-18 11:33:12 - [TEST_CASE][PASSED] - Test Cases/Filtreler/FiltreVarMi: Test Cases/Filtreler/FiltreVarMi

2021-11-18 11:33:12 - [TEST_STEP][PASSED] - Method.TextDegerineEsitElementVarMi(findTestObject("Filtreler/Basliklar"), Filtre_alan): Method.TextDegerineEsitElementVarMi is PASSED

2021-11-18 11:33:12 - [MESSAGE][INFO] - Finding Test Object 'Object Repository/Filtreler/Basliklar'

2021-11-18 11:33:12 - [MESSAGE][INFO] - Checking timeout

2021-11-18 11:33:12 - [MESSAGE][INFO] - Finding web element with id: 'Object Repository/Filtreler/Basliklar' located by 'By.cssSelector: .control-label.col-sm-4.paddingMarginRLC' in '10' second(s)

2021-11-18 11:33:12 - [MESSAGE][INFO] - Smart Wait Function is triggered

2021-11-18 11:33:12 - [MESSAGE][INFO] - Found 18 web elements with id: 'Object Repository/Filtreler/Basliklar' located by 'By.cssSelector: .control-label.col-sm-4.paddingMarginRLC' in '10' second(s)

2021-11-18 11:33:12 - [MESSAGE][PASSED] - Method.TextDegerineEsitElementVarMi is PASSED

2021-11-18 11:33:12 - [MESSAGE][PASSED] - Call Test Case 'Test Cases/Filtreler/FiltreVarMi' successfully

2021-11-18 11:33:12 - [MESSAGE][INFO] - Checking called Test Case

2021-11-18 11:33:12 - [MESSAGE][INFO] - Starting to call Test Case 'Test Cases/Filtreler/FiltreVarMi'

2021-11-18 11:33:13 - [TEST_CASE][PASSED] - Test Cases/Filtreler/FiltreVarMi: Test Cases/Filtreler/FiltreVarMi

2021-11-18 11:33:13 - [TEST_STEP][PASSED] - Method.TextDegerineEsitElementVarMi(findTestObject("Filtreler/Basliklar"), Filtre_alan): Method.TextDegerineEsitElementVarMi is PASSED

2021-11-18 11:33:13 - [MESSAGE][INFO] - Finding Test Object 'Object Repository/Filtreler/Basliklar'

2021-11-18 11:33:13 - [MESSAGE][INFO] - Checking timeout

2021-11-18 11:33:13 - [MESSAGE][INFO] - Finding web element with id: 'Object Repository/Filtreler/Basliklar' located by 'By.cssSelector: .control-label.col-sm-4.paddingMarginRLC' in '10' second(s)

2021-11-18 11:33:13 - [MESSAGE][INFO] - Smart Wait Function is triggered

2021-11-18 11:33:13 - [MESSAGE][INFO] - Found 18 web elements with id: 'Object Repository/Filtreler/Basliklar' located by 'By.cssSelector: .control-label.col-sm-4.paddingMarginRLC' in '10' second(s)

2021-11-18 11:33:13 - [MESSAGE][PASSED] - Method.TextDegerineEsitElementVarMi is PASSED

2021-11-18 11:33:13 - [MESSAGE][PASSED] - Call Test Case 'Test Cases/Filtreler/FiltreVarMi' successfully

2021-11-18 11:33:13 - [MESSAGE][INFO] - Checking called Test Case

2021-11-18 11:33:13 - [MESSAGE][INFO] - Starting to call Test Case 'Test Cases/Filtreler/FiltreVarMi'

2021-11-18 11:33:13 - [TEST_CASE][PASSED] - Test Cases/Filtreler/FiltreVarMi: Test Cases/Filtreler/FiltreVarMi

2021-11-18 11:33:13 - [TEST_STEP][PASSED] - Method.TextDegerineEsitElementVarMi(findTestObject("Filtreler/Basliklar"), Filtre_alan): Method.TextDegerineEsitElementVarMi is PASSED

2021-11-18 11:33:13 - [MESSAGE][INFO] - Finding Test Object 'Object Repository/Filtreler/Basliklar'

2021-11-18 11:33:13 - [MESSAGE][INFO] - Checking timeout

2021-11-18 11:33:13 - [MESSAGE][INFO] - Finding web element with id: 'Object Repository/Filtreler/Basliklar' located by 'By.cssSelector: .control-label.col-sm-4.paddingMarginRLC' in '10' second(s)

2021-11-18 11:33:13 - [MESSAGE][INFO] - Smart Wait Function is triggered

2021-11-18 11:33:13 - [MESSAGE][INFO] - Found 18 web elements with id: 'Object Repository/Filtreler/Basliklar' located by 'By.cssSelector: .control-label.col-sm-4.paddingMarginRLC' in '10' second(s)

2021-11-18 11:33:13 - [MESSAGE][PASSED] - Method.TextDegerineEsitElementVarMi is PASSED

2021-11-18 11:33:13 - [MESSAGE][PASSED] - Call Test Case 'Test Cases/Filtreler/FiltreVarMi' successfully

2021-11-18 11:33:13 - [MESSAGE][INFO] - Checking called Test Case

2021-11-18 11:33:13 - [MESSAGE][INFO] - Starting to call Test Case 'Test Cases/Filtreler/FiltreVarMi'

2021-11-18 11:33:13 - [TEST_CASE][PASSED] - Test Cases/Filtreler/FiltreVarMi: Test Cases/Filtreler/FiltreVarMi

2021-11-18 11:33:13 - [TEST_STEP][PASSED] - Method.TextDegerineEsitElementVarMi(findTestObject("Filtreler/Basliklar"), Filtre_alan): Method.TextDegerineEsitElementVarMi is PASSED

2021-11-18 11:33:13 - [MESSAGE][INFO] - Finding Test Object 'Object Repository/Filtreler/Basliklar'

2021-11-18 11:33:14 - [MESSAGE][INFO] - Checking timeout

2021-11-18 11:33:14 - [MESSAGE][INFO] - Finding web element with id: 'Object Repository/Filtreler/Basliklar' located by 'By.cssSelector: .control-label.col-sm-4.paddingMarginRLC' in '10' second(s)

2021-11-18 11:33:14 - [MESSAGE][INFO] - Smart Wait Function is triggered

2021-11-18 11:33:14 - [MESSAGE][INFO] - Found 18 web elements with id: 'Object Repository/Filtreler/Basliklar' located by 'By.cssSelector: .control-label.col-sm-4.paddingMarginRLC' in '10' second(s)

2021-11-18 11:33:14 - [MESSAGE][PASSED] - Method.TextDegerineEsitElementVarMi is PASSED

2021-11-18 11:33:14 - [MESSAGE][PASSED] - Call Test Case 'Test Cases/Filtreler/FiltreVarMi' successfully

2021-11-18 11:33:14 - [MESSAGE][INFO] - Checking called Test Case

2021-11-18 11:33:14 - [MESSAGE][INFO] - Starting to call Test Case 'Test Cases/Filtreler/FiltreVarMi'

2021-11-18 11:33:14 - [TEST_CASE][PASSED] - Test Cases/Filtreler/FiltreVarMi: Test Cases/Filtreler/FiltreVarMi

2021-11-18 11:33:14 - [TEST_STEP][PASSED] - Method.TextDegerineEsitElementVarMi(findTestObject("Filtreler/Basliklar"), Filtre_alan): Method.TextDegerineEsitElementVarMi is PASSED

2021-11-18 11:33:14 - [MESSAGE][INFO] - Finding Test Object 'Object Repository/Filtreler/Basliklar'

2021-11-18 11:33:14 - [MESSAGE][INFO] - Checking timeout

2021-11-18 11:33:14 - [MESSAGE][INFO] - Finding web element with id: 'Object Repository/Filtreler/Basliklar' located by 'By.cssSelector: .control-label.col-sm-4.paddingMarginRLC' in '10' second(s)

2021-11-18 11:33:14 - [MESSAGE][INFO] - Smart Wait Function is triggered

2021-11-18 11:33:15 - [MESSAGE][INFO] - Found 18 web elements with id: 'Object Repository/Filtreler/Basliklar' located by 'By.cssSelector: .control-label.col-sm-4.paddingMarginRLC' in '10' second(s)

2021-11-18 11:33:15 - [MESSAGE][PASSED] - Method.TextDegerineEsitElementVarMi is PASSED

2021-11-18 11:33:15 - [MESSAGE][PASSED] - Call Test Case 'Test Cases/Filtreler/FiltreVarMi' successfully

2021-11-18 11:33:15 - [MESSAGE][INFO] - Checking called Test Case

2021-11-18 11:33:15 - [MESSAGE][INFO] - Starting to call Test Case 'Test Cases/Filtreler/FiltreVarMi'

2021-11-18 11:33:15 - [TEST_CASE][PASSED] - Test Cases/Filtreler/FiltreVarMi: Test Cases/Filtreler/FiltreVarMi

2021-11-18 11:33:15 - [TEST_STEP][PASSED] - Method.TextDegerineEsitElementVarMi(findTestObject("Filtreler/Basliklar"), Filtre_alan): Method.TextDegerineEsitElementVarMi is PASSED

2021-11-18 11:33:15 - [MESSAGE][INFO] - Finding Test Object 'Object Repository/Filtreler/Basliklar'

2021-11-18 11:33:15 - [MESSAGE][INFO] - Checking timeout

2021-11-18 11:33:15 - [MESSAGE][INFO] - Finding web element with id: 'Object Repository/Filtreler/Basliklar' located by 'By.cssSelector: .control-label.col-sm-4.paddingMarginRLC' in '10' second(s)

2021-11-18 11:33:15 - [MESSAGE][INFO] - Smart Wait Function is triggered

2021-11-18 11:33:15 - [MESSAGE][INFO] - Found 18 web elements with id: 'Object Repository/Filtreler/Basliklar' located by 'By.cssSelector: .control-label.col-sm-4.paddingMarginRLC' in '10' second(s)

2021-11-18 11:33:15 - [MESSAGE][PASSED] - Method.TextDegerineEsitElementVarMi is PASSED

2021-11-18 11:33:15 - [MESSAGE][PASSED] - Call Test Case 'Test Cases/Filtreler/FiltreVarMi' successfully

2021-11-18 11:33:15 - [MESSAGE][INFO] - Checking called Test Case

2021-11-18 11:33:15 - [MESSAGE][INFO] - Starting to call Test Case 'Test Cases/Filtreler/FiltreVarMi'

2021-11-18 11:33:15 - [TEST_CASE][PASSED] - Test Cases/Filtreler/FiltreVarMi: Test Cases/Filtreler/FiltreVarMi

2021-11-18 11:33:15 - [TEST_STEP][PASSED] - Method.TextDegerineEsitElementVarMi(findTestObject("Filtreler/Basliklar"), Filtre_alan): Method.TextDegerineEsitElementVarMi is PASSED

2021-11-18 11:33:15 - [MESSAGE][INFO] - Finding Test Object 'Object Repository/Filtreler/Basliklar'

2021-11-18 11:33:15 - [MESSAGE][INFO] - Checking timeout

2021-11-18 11:33:15 - [MESSAGE][INFO] - Finding web element with id: 'Object Repository/Filtreler/Basliklar' located by 'By.cssSelector: .control-label.col-sm-4.paddingMarginRLC' in '10' second(s)

2021-11-18 11:33:15 - [MESSAGE][INFO] - Smart Wait Function is triggered

2021-11-18 11:33:16 - [MESSAGE][INFO] - Found 18 web elements with id: 'Object Repository/Filtreler/Basliklar' located by 'By.cssSelector: .control-label.col-sm-4.paddingMarginRLC' in '10' second(s)

2021-11-18 11:33:16 - [MESSAGE][PASSED] - Method.TextDegerineEsitElementVarMi is PASSED

2021-11-18 11:33:16 - [MESSAGE][PASSED] - Call Test Case 'Test Cases/Filtreler/FiltreVarMi' successfully

2021-11-18 11:33:16 - [MESSAGE][INFO] - Checking called Test Case

2021-11-18 11:33:16 - [MESSAGE][INFO] - Starting to call Test Case 'Test Cases/Filtreler/FiltreVarMi'

2021-11-18 11:33:16 - [TEST_CASE][PASSED] - Test Cases/Filtreler/FiltreVarMi: Test Cases/Filtreler/FiltreVarMi

2021-11-18 11:33:16 - [TEST_STEP][PASSED] - Method.TextDegerineEsitElementVarMi(findTestObject("Filtreler/Basliklar"), Filtre_alan): Method.TextDegerineEsitElementVarMi is PASSED

2021-11-18 11:33:16 - [MESSAGE][INFO] - Finding Test Object 'Object Repository/Filtreler/Basliklar'

2021-11-18 11:33:16 - [MESSAGE][INFO] - Checking timeout

2021-11-18 11:33:16 - [MESSAGE][INFO] - Finding web element with id: 'Object Repository/Filtreler/Basliklar' located by 'By.cssSelector: .control-label.col-sm-4.paddingMarginRLC' in '10' second(s)

2021-11-18 11:33:16 - [MESSAGE][INFO] - Smart Wait Function is triggered

2021-11-18 11:33:16 - [MESSAGE][INFO] - Found 18 web elements with id: 'Object Repository/Filtreler/Basliklar' located by 'By.cssSelector: .control-label.col-sm-4.paddingMarginRLC' in '10' second(s)

2021-11-18 11:33:16 - [MESSAGE][PASSED] - Method.TextDegerineEsitElementVarMi is PASSED

2021-11-18 11:33:16 - [MESSAGE][PASSED] - Call Test Case 'Test Cases/Filtreler/FiltreVarMi' successfully

2021-11-18 11:33:16 - [MESSAGE][INFO] - Checking called Test Case

2021-11-18 11:33:16 - [MESSAGE][INFO] - Starting to call Test Case 'Test Cases/Filtreler/FiltreVarMi'

2021-11-18 11:33:16 - [TEST_CASE][PASSED] - Test Cases/Filtreler/FiltreVarMi: Test Cases/Filtreler/FiltreVarMi

2021-11-18 11:33:16 - [TEST_STEP][PASSED] - Method.TextDegerineEsitElementVarMi(findTestObject("Filtreler/Basliklar"), Filtre_alan): Method.TextDegerineEsitElementVarMi is PASSED

2021-11-18 11:33:16 - [MESSAGE][INFO] - Finding Test Object 'Object Repository/Filtreler/Basliklar'

2021-11-18 11:33:16 - [MESSAGE][INFO] - Checking timeout

2021-11-18 11:33:16 - [MESSAGE][INFO] - Finding web element with id: 'Object Repository/Filtreler/Basliklar' located by 'By.cssSelector: .control-label.col-sm-4.paddingMarginRLC' in '10' second(s)

2021-11-18 11:33:16 - [MESSAGE][INFO] - Smart Wait Function is triggered

2021-11-18 11:33:17 - [MESSAGE][INFO] - Found 18 web elements with id: 'Object Repository/Filtreler/Basliklar' located by 'By.cssSelector: .control-label.col-sm-4.paddingMarginRLC' in '10' second(s)

2021-11-18 11:33:17 - [MESSAGE][PASSED] - Method.TextDegerineEsitElementVarMi is PASSED

2021-11-18 11:33:17 - [MESSAGE][PASSED] - Call Test Case 'Test Cases/Filtreler/FiltreVarMi' successfully

2021-11-18 11:33:17 - [MESSAGE][INFO] - Checking called Test Case

2021-11-18 11:33:17 - [MESSAGE][INFO] - Starting to call Test Case 'Test Cases/Filtreler/FiltreVarMi'

2021-11-18 11:33:17 - [TEST_CASE][PASSED] - Test Cases/Filtreler/FiltreVarMi: Test Cases/Filtreler/FiltreVarMi

2021-11-18 11:33:17 - [TEST_STEP][PASSED] - Method.TextDegerineEsitElementVarMi(findTestObject("Filtreler/Basliklar"), Filtre_alan): Method.TextDegerineEsitElementVarMi is PASSED

2021-11-18 11:33:17 - [MESSAGE][INFO] - Finding Test Object 'Object Repository/Filtreler/Basliklar'

2021-11-18 11:33:17 - [MESSAGE][INFO] - Checking timeout

2021-11-18 11:33:17 - [MESSAGE][INFO] - Finding web element with id: 'Object Repository/Filtreler/Basliklar' located by 'By.cssSelector: .control-label.col-sm-4.paddingMarginRLC' in '10' second(s)

2021-11-18 11:33:17 - [MESSAGE][INFO] - Smart Wait Function is triggered

2021-11-18 11:33:17 - [MESSAGE][INFO] - Found 18 web elements with id: 'Object Repository/Filtreler/Basliklar' located by 'By.cssSelector: .control-label.col-sm-4.paddingMarginRLC' in '10' second(s)

2021-11-18 11:33:17 - [MESSAGE][PASSED] - Method.TextDegerineEsitElementVarMi is PASSED

2021-11-18 11:33:17 - [MESSAGE][PASSED] - Call Test Case 'Test Cases/Filtreler/FiltreVarMi' successfully

2021-11-18 11:33:17 - [MESSAGE][INFO] - Checking called Test Case

2021-11-18 11:33:17 - [MESSAGE][INFO] - Starting to call Test Case 'Test Cases/Filtreler/FiltreVarMi'

2021-11-18 11:33:17 - [TEST_CASE][PASSED] - Test Cases/Filtreler/FiltreVarMi: Test Cases/Filtreler/FiltreVarMi

2021-11-18 11:33:17 - [TEST_STEP][PASSED] - Method.TextDegerineEsitElementVarMi(findTestObject("Filtreler/Basliklar"), Filtre_alan): Method.TextDegerineEsitElementVarMi is PASSED

2021-11-18 11:33:17 - [MESSAGE][INFO] - Finding Test Object 'Object Repository/Filtreler/Basliklar'

2021-11-18 11:33:17 - [MESSAGE][INFO] - Checking timeout

2021-11-18 11:33:17 - [MESSAGE][INFO] - Finding web element with id: 'Object Repository/Filtreler/Basliklar' located by 'By.cssSelector: .control-label.col-sm-4.paddingMarginRLC' in '10' second(s)

2021-11-18 11:33:17 - [MESSAGE][INFO] - Smart Wait Function is triggered

2021-11-18 11:33:18 - [MESSAGE][INFO] - Found 18 web elements with id: 'Object Repository/Filtreler/Basliklar' located by 'By.cssSelector: .control-label.col-sm-4.paddingMarginRLC' in '10' second(s)

2021-11-18 11:33:18 - [MESSAGE][PASSED] - Method.TextDegerineEsitElementVarMi is PASSED

2021-11-18 11:33:18 - [MESSAGE][PASSED] - Call Test Case 'Test Cases/Filtreler/FiltreVarMi' successfully

2021-11-18 11:33:18 - [MESSAGE][INFO] - Checking called Test Case

2021-11-18 11:33:18 - [MESSAGE][INFO] - Starting to call Test Case 'Test Cases/Filtreler/FiltreVarMi'

2021-11-18 11:33:18 - [TEST_CASE][PASSED] - Test Cases/Filtreler/FiltreVarMi: Test Cases/Filtreler/FiltreVarMi

2021-11-18 11:33:18 - [TEST_STEP][PASSED] - Method.TextDegerineEsitElementVarMi(findTestObject("Filtreler/Basliklar"), Filtre_alan): Method.TextDegerineEsitElementVarMi is PASSED

2021-11-18 11:33:18 - [MESSAGE][INFO] - Finding Test Object 'Object Repository/Filtreler/Basliklar'

2021-11-18 11:33:18 - [MESSAGE][INFO] - Checking timeout

2021-11-18 11:33:18 - [MESSAGE][INFO] - Finding web element with id: 'Object Repository/Filtreler/Basliklar' located by 'By.cssSelector: .control-label.col-sm-4.paddingMarginRLC' in '10' second(s)

2021-11-18 11:33:18 - [MESSAGE][INFO] - Smart Wait Function is triggered

2021-11-18 11:33:18 - [MESSAGE][INFO] - Found 18 web elements with id: 'Object Repository/Filtreler/Basliklar' located by 'By.cssSelector: .control-label.col-sm-4.paddingMarginRLC' in '10' second(s)

2021-11-18 11:33:18 - [MESSAGE][PASSED] - Method.TextDegerineEsitElementVarMi is PASSED

2021-11-18 11:33:18 - [MESSAGE][PASSED] - Call Test Case 'Test Cases/Filtreler/FiltreVarMi' successfully

2021-11-18 11:33:18 - [MESSAGE][INFO] - Checking called Test Case

2021-11-18 11:33:18 - [MESSAGE][INFO] - Starting to call Test Case 'Test Cases/Filtreler/FiltreVarMi'

2021-11-18 11:33:18 - [TEST_CASE][PASSED] - Test Cases/Filtreler/FiltreVarMi: Test Cases/Filtreler/FiltreVarMi

2021-11-18 11:33:18 - [TEST_STEP][PASSED] - Method.TextDegerineEsitElementVarMi(findTestObject("Filtreler/Basliklar"), Filtre_alan): Method.TextDegerineEsitElementVarMi is PASSED

2021-11-18 11:33:18 - [MESSAGE][INFO] - Finding Test Object 'Object Repository/Filtreler/Basliklar'

2021-11-18 11:33:19 - [MESSAGE][INFO] - Checking timeout

2021-11-18 11:33:19 - [MESSAGE][INFO] - Finding web element with id: 'Object Repository/Filtreler/Basliklar' located by 'By.cssSelector: .control-label.col-sm-4.paddingMarginRLC' in '10' second(s)

2021-11-18 11:33:19 - [MESSAGE][INFO] - Smart Wait Function is triggered

2021-11-18 11:33:19 - [MESSAGE][INFO] - Found 18 web elements with id: 'Object Repository/Filtreler/Basliklar' located by 'By.cssSelector: .control-label.col-sm-4.paddingMarginRLC' in '10' second(s)

2021-11-18 11:33:19 - [MESSAGE][PASSED] - Method.TextDegerineEsitElementVarMi is PASSED

2021-11-18 11:33:19 - [MESSAGE][PASSED] - Call Test Case 'Test Cases/Filtreler/FiltreVarMi' successfully

2021-11-18 11:33:19 - [MESSAGE][INFO] - Checking called Test Case

2021-11-18 11:33:19 - [MESSAGE][INFO] - Starting to call Test Case 'Test Cases/Filtreler/FiltreVarMi'

2021-11-18 11:33:19 - [TEST_CASE][PASSED] - Test Cases/Filtreler/FiltreVarMi: Test Cases/Filtreler/FiltreVarMi

2021-11-18 11:33:19 - [TEST_STEP][PASSED] - Method.TextDegerineEsitElementVarMi(findTestObject("Filtreler/Basliklar"), Filtre_alan): Method.TextDegerineEsitElementVarMi is PASSED

2021-11-18 11:33:19 - [MESSAGE][INFO] - Finding Test Object 'Object Repository/Filtreler/Basliklar'

2021-11-18 11:33:19 - [MESSAGE][INFO] - Checking timeout

2021-11-18 11:33:19 - [MESSAGE][INFO] - Finding web element with id: 'Object Repository/Filtreler/Basliklar' located by 'By.cssSelector: .control-label.col-sm-4.paddingMarginRLC' in '10' second(s)

2021-11-18 11:33:19 - [MESSAGE][INFO] - Smart Wait Function is triggered

2021-11-18 11:33:19 - [MESSAGE][INFO] - Found 18 web elements with id: 'Object Repository/Filtreler/Basliklar' located by 'By.cssSelector: .control-label.col-sm-4.paddingMarginRLC' in '10' second(s)

2021-11-18 11:33:19 - [MESSAGE][PASSED] - Method.TextDegerineEsitElementVarMi is PASSED

2021-11-18 11:33:19 - [MESSAGE][PASSED] - Call Test Case 'Test Cases/Filtreler/FiltreVarMi' successfully

2021-11-18 11:33:19 - [MESSAGE][INFO] - Checking called Test Case

2021-11-18 11:33:19 - [MESSAGE][INFO] - Starting to call Test Case 'Test Cases/Filtreler/FiltreVarMi'

2021-11-18 11:33:19 - [TEST_CASE][PASSED] - Test Cases/Filtreler/FiltreVarMi: Test Cases/Filtreler/FiltreVarMi

2021-11-18 11:33:19 - [TEST_STEP][PASSED] - Method.TextDegerineEsitElementVarMi(findTestObject("Filtreler/Basliklar"), Filtre_alan): Method.TextDegerineEsitElementVarMi is PASSED

2021-11-18 11:33:19 - [MESSAGE][INFO] - Finding Test Object 'Object Repository/Filtreler/Basliklar'

2021-11-18 11:33:20 - [MESSAGE][INFO] - Checking timeout

2021-11-18 11:33:20 - [MESSAGE][INFO] - Finding web element with id: 'Object Repository/Filtreler/Basliklar' located by 'By.cssSelector: .control-label.col-sm-4.paddingMarginRLC' in '10' second(s)

2021-11-18 11:33:20 - [MESSAGE][INFO] - Smart Wait Function is triggered

2021-11-18 11:33:20 - [MESSAGE][INFO] - Found 18 web elements with id: 'Object Repository/Filtreler/Basliklar' located by 'By.cssSelector: .control-label.col-sm-4.paddingMarginRLC' in '10' second(s)

2021-11-18 11:33:20 - [MESSAGE][PASSED] - Method.TextDegerineEsitElementVarMi is PASSED

2021-11-18 11:33:20 - [MESSAGE][PASSED] - Call Test Case 'Test Cases/Filtreler/FiltreVarMi' successfully

2021-11-18 11:33:20 - [MESSAGE][INFO] - Checking called Test Case

2021-11-18 11:33:20 - [MESSAGE][INFO] - Starting to call Test Case 'Test Cases/Filtreler/ButonVarMi'

2021-11-18 11:33:20 - [TEST_CASE][PASSED] - Test Cases/Filtreler/ButonVarMi: Test Cases/Filtreler/ButonVarMi

2021-11-18 11:33:20 - [TEST_STEP][PASSED] - Method.TextDegerineEsitElementVarMi(findTestObject("Filtreler/Butonlar"), Filtre_Buton): Method.TextDegerineEsitElementVarMi is PASSED

2021-11-18 11:33:20 - [MESSAGE][INFO] - Finding Test Object 'Object Repository/Filtreler/Butonlar'

2021-11-18 11:33:20 - [MESSAGE][INFO] - Checking timeout

2021-11-18 11:33:20 - [MESSAGE][INFO] - Finding web element with id: 'Object Repository/Filtreler/Butonlar' located by 'By.cssSelector: .dxb>span' in '10' second(s)

2021-11-18 11:33:20 - [MESSAGE][INFO] - Smart Wait Function is triggered

2021-11-18 11:33:20 - [MESSAGE][INFO] - Found 3 web elements with id: 'Object Repository/Filtreler/Butonlar' located by 'By.cssSelector: .dxb>span' in '10' second(s)

2021-11-18 11:33:20 - [MESSAGE][PASSED] - Method.TextDegerineEsitElementVarMi is PASSED

2021-11-18 11:33:20 - [MESSAGE][PASSED] - Call Test Case 'Test Cases/Filtreler/ButonVarMi' successfully

2021-11-18 11:33:20 - [MESSAGE][INFO] - Checking called Test Case

2021-11-18 11:33:20 - [MESSAGE][INFO] - Starting to call Test Case 'Test Cases/Filtreler/ButonVarMi'

2021-11-18 11:33:21 - [TEST_CASE][PASSED] - Test Cases/Filtreler/ButonVarMi: Test Cases/Filtreler/ButonVarMi

2021-11-18 11:33:21 - [TEST_STEP][PASSED] - Method.TextDegerineEsitElementVarMi(findTestObject("Filtreler/Butonlar"), Filtre_Buton): Method.TextDegerineEsitElementVarMi is PASSED

2021-11-18 11:33:21 - [MESSAGE][INFO] - Finding Test Object 'Object Repository/Filtreler/Butonlar'

2021-11-18 11:33:21 - [MESSAGE][INFO] - Checking timeout

2021-11-18 11:33:21 - [MESSAGE][INFO] - Finding web element with id: 'Object Repository/Filtreler/Butonlar' located by 'By.cssSelector: .dxb>span' in '10' second(s)

2021-11-18 11:33:21 - [MESSAGE][INFO] - Smart Wait Function is triggered

2021-11-18 11:33:21 - [MESSAGE][INFO] - Found 3 web elements with id: 'Object Repository/Filtreler/Butonlar' located by 'By.cssSelector: .dxb>span' in '10' second(s)

2021-11-18 11:33:21 - [MESSAGE][PASSED] - Method.TextDegerineEsitElementVarMi is PASSED

2021-11-18 11:33:21 - [MESSAGE][PASSED] - Call Test Case 'Test Cases/Filtreler/ButonVarMi' successfully

2021-11-18 11:33:21 - [MESSAGE][INFO] - Checking called Test Case

2021-11-18 11:33:21 - [MESSAGE][INFO] - Starting to call Test Case 'Test Cases/Filtreler/ButonVarMi'

2021-11-18 11:33:21 - [TEST_CASE][PASSED] - Test Cases/Filtreler/ButonVarMi: Test Cases/Filtreler/ButonVarMi

2021-11-18 11:33:21 - [TEST_STEP][PASSED] - Method.TextDegerineEsitElementVarMi(findTestObject("Filtreler/Butonlar"), Filtre_Buton): Method.TextDegerineEsitElementVarMi is PASSED

2021-11-18 11:33:21 - [MESSAGE][INFO] - Finding Test Object 'Object Repository/Filtreler/Butonlar'

2021-11-18 11:33:21 - [MESSAGE][INFO] - Checking timeout

2021-11-18 11:33:21 - [MESSAGE][INFO] - Finding web element with id: 'Object Repository/Filtreler/Butonlar' located by 'By.cssSelector: .dxb>span' in '10' second(s)

2021-11-18 11:33:21 - [MESSAGE][INFO] - Smart Wait Function is triggered

2021-11-18 11:33:21 - [MESSAGE][INFO] - Found 3 web elements with id: 'Object Repository/Filtreler/Butonlar' located by 'By.cssSelector: .dxb>span' in '10' second(s)

2021-11-18 11:33:21 - [MESSAGE][PASSED] - Method.TextDegerineEsitElementVarMi is PASSED

2021-11-18 11:33:21 - [MESSAGE][PASSED] - Call Test Case 'Test Cases/Filtreler/ButonVarMi' successfully

2021-11-18 11:33:21 - [MESSAGE][INFO] - Checking called Test Case

2021-11-18 11:33:21 - [MESSAGE][INFO] - Starting to call Test Case 'Test Cases/Butonlar/ButonVarMi'

2021-11-18 11:33:22 - [TEST_CASE][PASSED] - Test Cases/Butonlar/ButonVarMi: Test Cases/Butonlar/ButonVarMi

2021-11-18 11:33:22 - [TEST_STEP][PASSED] - Method.TextDegerineEsitElementVarMi(findTestObject("Butonlar/Butonlar"), Buton): Method.TextDegerineEsitElementVarMi is PASSED

2021-11-18 11:33:22 - [MESSAGE][INFO] - Finding Test Object 'Object Repository/Butonlar/Butonlar'

2021-11-18 11:33:22 - [MESSAGE][INFO] - Checking timeout

2021-11-18 11:33:22 - [MESSAGE][INFO] - Finding web element with id: 'Object Repository/Butonlar/Butonlar' located by 'By.cssSelector: .panel.panel-default.text-center.footerPanel .btn,.btn.btn-primary.btnControls' in '10' second(s)

2021-11-18 11:33:22 - [MESSAGE][INFO] - Smart Wait Function is triggered

2021-11-18 11:33:22 - [MESSAGE][INFO] - Found 11 web elements with id: 'Object Repository/Butonlar/Butonlar' located by 'By.cssSelector: .panel.panel-default.text-center.footerPanel .btn,.btn.btn-primary.btnControls' in '10' second(s)

2021-11-18 11:33:22 - [MESSAGE][PASSED] - Method.TextDegerineEsitElementVarMi is PASSED

2021-11-18 11:33:22 - [MESSAGE][PASSED] - Call Test Case 'Test Cases/Butonlar/ButonVarMi' successfully

2021-11-18 11:33:22 - [MESSAGE][INFO] - Checking called Test Case

2021-11-18 11:33:22 - [MESSAGE][INFO] - Starting to call Test Case 'Test Cases/Butonlar/ButonVarMi'

2021-11-18 11:33:22 - [TEST_CASE][PASSED] - Test Cases/Butonlar/ButonVarMi: Test Cases/Butonlar/ButonVarMi

2021-11-18 11:33:22 - [TEST_STEP][PASSED] - Method.TextDegerineEsitElementVarMi(findTestObject("Butonlar/Butonlar"), Buton): Method.TextDegerineEsitElementVarMi is PASSED

2021-11-18 11:33:22 - [MESSAGE][INFO] - Finding Test Object 'Object Repository/Butonlar/Butonlar'

2021-11-18 11:33:22 - [MESSAGE][INFO] - Checking timeout

2021-11-18 11:33:22 - [MESSAGE][INFO] - Finding web element with id: 'Object Repository/Butonlar/Butonlar' located by 'By.cssSelector: .panel.panel-default.text-center.footerPanel .btn,.btn.btn-primary.btnControls' in '10' second(s)

2021-11-18 11:33:22 - [MESSAGE][INFO] - Smart Wait Function is triggered

2021-11-18 11:33:23 - [MESSAGE][INFO] - Found 11 web elements with id: 'Object Repository/Butonlar/Butonlar' located by 'By.cssSelector: .panel.panel-default.text-center.footerPanel .btn,.btn.btn-primary.btnControls' in '10' second(s)

2021-11-18 11:33:23 - [MESSAGE][PASSED] - Method.TextDegerineEsitElementVarMi is PASSED

2021-11-18 11:33:23 - [MESSAGE][PASSED] - Call Test Case 'Test Cases/Butonlar/ButonVarMi' successfully

2021-11-18 11:33:23 - [MESSAGE][INFO] - Checking called Test Case

2021-11-18 11:33:23 - [MESSAGE][INFO] - Starting to call Test Case 'Test Cases/Butonlar/ButonVarMi'

2021-11-18 11:33:23 - [TEST_CASE][PASSED] - Test Cases/Butonlar/ButonVarMi: Test Cases/Butonlar/ButonVarMi

2021-11-18 11:33:23 - [TEST_STEP][PASSED] - Method.TextDegerineEsitElementVarMi(findTestObject("Butonlar/Butonlar"), Buton): Method.TextDegerineEsitElementVarMi is PASSED

2021-11-18 11:33:23 - [MESSAGE][INFO] - Finding Test Object 'Object Repository/Butonlar/Butonlar'

2021-11-18 11:33:23 - [MESSAGE][INFO] - Checking timeout

2021-11-18 11:33:23 - [MESSAGE][INFO] - Finding web element with id: 'Object Repository/Butonlar/Butonlar' located by 'By.cssSelector: .panel.panel-default.text-center.footerPanel .btn,.btn.btn-primary.btnControls' in '10' second(s)

2021-11-18 11:33:23 - [MESSAGE][INFO] - Smart Wait Function is triggered

2021-11-18 11:33:23 - [MESSAGE][INFO] - Found 11 web elements with id: 'Object Repository/Butonlar/Butonlar' located by 'By.cssSelector: .panel.panel-default.text-center.footerPanel .btn,.btn.btn-primary.btnControls' in '10' second(s)

2021-11-18 11:33:23 - [MESSAGE][PASSED] - Method.TextDegerineEsitElementVarMi is PASSED

2021-11-18 11:33:23 - [MESSAGE][PASSED] - Call Test Case 'Test Cases/Butonlar/ButonVarMi' successfully

2021-11-18 11:33:23 - [MESSAGE][INFO] - Checking called Test Case

2021-11-18 11:33:23 - [MESSAGE][INFO] - Starting to call Test Case 'Test Cases/Butonlar/ButonVarMi'

2021-11-18 11:33:23 - [TEST_CASE][PASSED] - Test Cases/Butonlar/ButonVarMi: Test Cases/Butonlar/ButonVarMi

2021-11-18 11:33:23 - [TEST_STEP][PASSED] - Method.TextDegerineEsitElementVarMi(findTestObject("Butonlar/Butonlar"), Buton): Method.TextDegerineEsitElementVarMi is PASSED

2021-11-18 11:33:23 - [MESSAGE][INFO] - Finding Test Object 'Object Repository/Butonlar/Butonlar'

2021-11-18 11:33:23 - [MESSAGE][INFO] - Checking timeout

2021-11-18 11:33:23 - [MESSAGE][INFO] - Finding web element with id: 'Object Repository/Butonlar/Butonlar' located by 'By.cssSelector: .panel.panel-default.text-center.footerPanel .btn,.btn.btn-primary.btnControls' in '10' second(s)

2021-11-18 11:33:23 - [MESSAGE][INFO] - Smart Wait Function is triggered

2021-11-18 11:33:24 - [MESSAGE][INFO] - Found 11 web elements with id: 'Object Repository/Butonlar/Butonlar' located by 'By.cssSelector: .panel.panel-default.text-center.footerPanel .btn,.btn.btn-primary.btnControls' in '10' second(s)

2021-11-18 11:33:24 - [MESSAGE][PASSED] - Method.TextDegerineEsitElementVarMi is PASSED

2021-11-18 11:33:24 - [MESSAGE][PASSED] - Call Test Case 'Test Cases/Butonlar/ButonVarMi' successfully

2021-11-18 11:33:24 - [MESSAGE][INFO] - Checking called Test Case

2021-11-18 11:33:24 - [MESSAGE][INFO] - Starting to call Test Case 'Test Cases/Butonlar/ButonVarMi'

2021-11-18 11:33:24 - [TEST_CASE][PASSED] - Test Cases/Butonlar/ButonVarMi: Test Cases/Butonlar/ButonVarMi

2021-11-18 11:33:24 - [TEST_STEP][PASSED] - Method.TextDegerineEsitElementVarMi(findTestObject("Butonlar/Butonlar"), Buton): Method.TextDegerineEsitElementVarMi is PASSED

2021-11-18 11:33:24 - [MESSAGE][INFO] - Finding Test Object 'Object Repository/Butonlar/Butonlar'

2021-11-18 11:33:24 - [MESSAGE][INFO] - Checking timeout

2021-11-18 11:33:24 - [MESSAGE][INFO] - Finding web element with id: 'Object Repository/Butonlar/Butonlar' located by 'By.cssSelector: .panel.panel-default.text-center.footerPanel .btn,.btn.btn-primary.btnControls' in '10' second(s)

2021-11-18 11:33:24 - [MESSAGE][INFO] - Smart Wait Function is triggered

2021-11-18 11:33:24 - [MESSAGE][INFO] - Found 11 web elements with id: 'Object Repository/Butonlar/Butonlar' located by 'By.cssSelector: .panel.panel-default.text-center.footerPanel .btn,.btn.btn-primary.btnControls' in '10' second(s)

2021-11-18 11:33:24 - [MESSAGE][PASSED] - Method.TextDegerineEsitElementVarMi is PASSED

2021-11-18 11:33:24 - [MESSAGE][PASSED] - Call Test Case 'Test Cases/Butonlar/ButonVarMi' successfully

2021-11-18 11:33:24 - [MESSAGE][INFO] - Checking called Test Case

2021-11-18 11:33:24 - [MESSAGE][INFO] - Starting to call Test Case 'Test Cases/Butonlar/ButonVarMi'

2021-11-18 11:33:24 - [TEST_CASE][PASSED] - Test Cases/Butonlar/ButonVarMi: Test Cases/Butonlar/ButonVarMi

2021-11-18 11:33:24 - [TEST_STEP][PASSED] - Method.TextDegerineEsitElementVarMi(findTestObject("Butonlar/Butonlar"), Buton): Method.TextDegerineEsitElementVarMi is PASSED

2021-11-18 11:33:24 - [MESSAGE][INFO] - Finding Test Object 'Object Repository/Butonlar/Butonlar'

2021-11-18 11:33:24 - [MESSAGE][INFO] - Checking timeout

2021-11-18 11:33:24 - [MESSAGE][INFO] - Finding web element with id: 'Object Repository/Butonlar/Butonlar' located by 'By.cssSelector: .panel.panel-default.text-center.footerPanel .btn,.btn.btn-primary.btnControls' in '10' second(s)

2021-11-18 11:33:24 - [MESSAGE][INFO] - Smart Wait Function is triggered

2021-11-18 11:33:25 - [MESSAGE][INFO] - Found 11 web elements with id: 'Object Repository/Butonlar/Butonlar' located by 'By.cssSelector: .panel.panel-default.text-center.footerPanel .btn,.btn.btn-primary.btnControls' in '10' second(s)

2021-11-18 11:33:25 - [MESSAGE][PASSED] - Method.TextDegerineEsitElementVarMi is PASSED

2021-11-18 11:33:25 - [MESSAGE][PASSED] - Call Test Case 'Test Cases/Butonlar/ButonVarMi' successfully

2021-11-18 11:33:25 - [MESSAGE][INFO] - Checking called Test Case

2021-11-18 11:33:25 - [MESSAGE][INFO] - Starting to call Test Case 'Test Cases/Butonlar/ButonVarMi'

2021-11-18 11:33:25 - [TEST_CASE][PASSED] - Test Cases/Butonlar/ButonVarMi: Test Cases/Butonlar/ButonVarMi

2021-11-18 11:33:25 - [TEST_STEP][PASSED] - Method.TextDegerineEsitElementVarMi(findTestObject("Butonlar/Butonlar"), Buton): Method.TextDegerineEsitElementVarMi is PASSED

2021-11-18 11:33:25 - [MESSAGE][INFO] - Finding Test Object 'Object Repository/Butonlar/Butonlar'

2021-11-18 11:33:25 - [MESSAGE][INFO] - Checking timeout

2021-11-18 11:33:25 - [MESSAGE][INFO] - Finding web element with id: 'Object Repository/Butonlar/Butonlar' located by 'By.cssSelector: .panel.panel-default.text-center.footerPanel .btn,.btn.btn-primary.btnControls' in '10' second(s)

2021-11-18 11:33:25 - [MESSAGE][INFO] - Smart Wait Function is triggered

2021-11-18 11:33:26 - [MESSAGE][INFO] - Found 11 web elements with id: 'Object Repository/Butonlar/Butonlar' located by 'By.cssSelector: .panel.panel-default.text-center.footerPanel .btn,.btn.btn-primary.btnControls' in '10' second(s)

2021-11-18 11:33:26 - [MESSAGE][PASSED] - Method.TextDegerineEsitElementVarMi is PASSED

2021-11-18 11:33:26 - [MESSAGE][PASSED] - Call Test Case 'Test Cases/Butonlar/ButonVarMi' successfully

2021-11-18 11:33:26 - [MESSAGE][INFO] - Checking called Test Case

2021-11-18 11:33:26 - [MESSAGE][INFO] - Starting to call Test Case 'Test Cases/Butonlar/ButonVarMi'

2021-11-18 11:33:26 - [TEST_CASE][PASSED] - Test Cases/Butonlar/ButonVarMi: Test Cases/Butonlar/ButonVarMi

2021-11-18 11:33:26 - [TEST_STEP][PASSED] - Method.TextDegerineEsitElementVarMi(findTestObject("Butonlar/Butonlar"), Buton): Method.TextDegerineEsitElementVarMi is PASSED

2021-11-18 11:33:26 - [MESSAGE][INFO] - Finding Test Object 'Object Repository/Butonlar/Butonlar'

2021-11-18 11:33:26 - [MESSAGE][INFO] - Checking timeout

2021-11-18 11:33:26 - [MESSAGE][INFO] - Finding web element with id: 'Object Repository/Butonlar/Butonlar' located by 'By.cssSelector: .panel.panel-default.text-center.footerPanel .btn,.btn.btn-primary.btnControls' in '10' second(s)

2021-11-18 11:33:26 - [MESSAGE][INFO] - Smart Wait Function is triggered

2021-11-18 11:33:26 - [MESSAGE][INFO] - Found 11 web elements with id: 'Object Repository/Butonlar/Butonlar' located by 'By.cssSelector: .panel.panel-default.text-center.footerPanel .btn,.btn.btn-primary.btnControls' in '10' second(s)

2021-11-18 11:33:26 - [MESSAGE][PASSED] - Method.TextDegerineEsitElementVarMi is PASSED

2021-11-18 11:33:26 - [MESSAGE][PASSED] - Call Test Case 'Test Cases/Butonlar/ButonVarMi' successfully

2021-11-18 11:33:26 - [MESSAGE][INFO] - Checking called Test Case

2021-11-18 11:33:26 - [MESSAGE][INFO] - Starting to call Test Case 'Test Cases/Butonlar/ButonVarMi'

2021-11-18 11:33:26 - [TEST_CASE][PASSED] - Test Cases/Butonlar/ButonVarMi: Test Cases/Butonlar/ButonVarMi

2021-11-18 11:33:26 - [TEST_STEP][PASSED] - Method.TextDegerineEsitElementVarMi(findTestObject("Butonlar/Butonlar"), Buton): Method.TextDegerineEsitElementVarMi is PASSED

2021-11-18 11:33:26 - [MESSAGE][INFO] - Finding Test Object 'Object Repository/Butonlar/Butonlar'

2021-11-18 11:33:26 - [MESSAGE][INFO] - Checking timeout

2021-11-18 11:33:26 - [MESSAGE][INFO] - Finding web element with id: 'Object Repository/Butonlar/Butonlar' located by 'By.cssSelector: .panel.panel-default.text-center.footerPanel .btn,.btn.btn-primary.btnControls' in '10' second(s)

2021-11-18 11:33:26 - [MESSAGE][INFO] - Smart Wait Function is triggered

2021-11-18 11:33:27 - [MESSAGE][INFO] - Found 11 web elements with id: 'Object Repository/Butonlar/Butonlar' located by 'By.cssSelector: .panel.panel-default.text-center.footerPanel .btn,.btn.btn-primary.btnControls' in '10' second(s)

2021-11-18 11:33:27 - [MESSAGE][PASSED] - Method.TextDegerineEsitElementVarMi is PASSED

2021-11-18 11:33:27 - [MESSAGE][PASSED] - Call Test Case 'Test Cases/Butonlar/ButonVarMi' successfully

2021-11-18 11:33:27 - [MESSAGE][INFO] - Checking called Test Case

2021-11-18 11:33:27 - [MESSAGE][INFO] - Starting to call Test Case 'Test Cases/Butonlar/ButonVarMi'

2021-11-18 11:33:27 - [TEST_CASE][PASSED] - Test Cases/Butonlar/ButonVarMi: Test Cases/Butonlar/ButonVarMi

2021-11-18 11:33:27 - [TEST_STEP][PASSED] - Method.TextDegerineEsitElementVarMi(findTestObject("Butonlar/Butonlar"), Buton): Method.TextDegerineEsitElementVarMi is PASSED

2021-11-18 11:33:27 - [MESSAGE][INFO] - Finding Test Object 'Object Repository/Butonlar/Butonlar'

2021-11-18 11:33:27 - [MESSAGE][INFO] - Checking timeout

2021-11-18 11:33:27 - [MESSAGE][INFO] - Finding web element with id: 'Object Repository/Butonlar/Butonlar' located by 'By.cssSelector: .panel.panel-default.text-center.footerPanel .btn,.btn.btn-primary.btnControls' in '10' second(s)

2021-11-18 11:33:27 - [MESSAGE][INFO] - Smart Wait Function is triggered

2021-11-18 11:33:27 - [MESSAGE][INFO] - Found 11 web elements with id: 'Object Repository/Butonlar/Butonlar' located by 'By.cssSelector: .panel.panel-default.text-center.footerPanel .btn,.btn.btn-primary.btnControls' in '10' second(s)

2021-11-18 11:33:27 - [MESSAGE][PASSED] - Method.TextDegerineEsitElementVarMi is PASSED

2021-11-18 11:33:27 - [MESSAGE][PASSED] - Call Test Case 'Test Cases/Butonlar/ButonVarMi' successfully

2021-11-18 11:33:27 - [MESSAGE][INFO] - Checking called Test Case

2021-11-18 11:33:27 - [MESSAGE][INFO] - Starting to call Test Case 'Test Cases/Butonlar/ButonaTikla'

2021-11-18 11:33:27 - [TEST_CASE][PASSED] - Test Cases/Butonlar/ButonaTikla: Test Cases/Butonlar/ButonaTikla

2021-11-18 11:33:27 - [TEST_STEP][PASSED] - Method.TextDegerineEsitElementeTiklaEquals(findTestObject("Butonlar/Butonlar"), Buton_Adi): Method.TextDegerineEsitElementeTiklaEquals is PASSED

2021-11-18 11:33:27 - [MESSAGE][INFO] - Finding Test Object 'Object Repository/Butonlar/Butonlar'

2021-11-18 11:33:28 - [MESSAGE][INFO] - Checking timeout

2021-11-18 11:33:28 - [MESSAGE][INFO] - Finding web element with id: 'Object Repository/Butonlar/Butonlar' located by 'By.cssSelector: .panel.panel-default.text-center.footerPanel .btn,.btn.btn-primary.btnControls' in '10' second(s)

2021-11-18 11:33:28 - [MESSAGE][INFO] - Smart Wait Function is triggered

2021-11-18 11:33:28 - [MESSAGE][INFO] - Found 11 web elements with id: 'Object Repository/Butonlar/Butonlar' located by 'By.cssSelector: .panel.panel-default.text-center.footerPanel .btn,.btn.btn-primary.btnControls' in '10' second(s)

2021-11-18 11:33:28 - [MESSAGE][PASSED] - Method.TextDegerineEsitElementeTiklaEquals is PASSED

2021-11-18 11:33:28 - [MESSAGE][PASSED] - Call Test Case 'Test Cases/Butonlar/ButonaTikla' successfully

2021-11-18 11:33:28 - [MESSAGE][INFO] - Checking called Test Case

2021-11-18 11:33:28 - [MESSAGE][INFO] - Starting to call Test Case 'Test Cases/Butonlar/AltButonVarMi'

2021-11-18 11:33:28 - [TEST_CASE][PASSED] - Test Cases/Butonlar/AltButonVarMi: Test Cases/Butonlar/AltButonVarMi

2021-11-18 11:33:28 - [TEST_STEP][PASSED] - Method.TextDegerineEsitElementVarMi(findTestObject("Butonlar/AltButonlar"), AltButon): Method.TextDegerineEsitElementVarMi is PASSED

2021-11-18 11:33:28 - [MESSAGE][INFO] - Finding Test Object 'Object Repository/Butonlar/AltButonlar'

2021-11-18 11:33:28 - [MESSAGE][INFO] - Checking timeout

2021-11-18 11:33:28 - [MESSAGE][INFO] - Finding web element with id: 'Object Repository/Butonlar/AltButonlar' located by 'By.cssSelector: .btn-group.open li>a' in '10' second(s)

2021-11-18 11:33:28 - [MESSAGE][INFO] - Smart Wait Function is triggered

2021-11-18 11:33:28 - [MESSAGE][INFO] - Found 2 web elements with id: 'Object Repository/Butonlar/AltButonlar' located by 'By.cssSelector: .btn-group.open li>a' in '10' second(s)

2021-11-18 11:33:28 - [MESSAGE][PASSED] - Method.TextDegerineEsitElementVarMi is PASSED

2021-11-18 11:33:28 - [MESSAGE][PASSED] - Call Test Case 'Test Cases/Butonlar/AltButonVarMi' successfully

2021-11-18 11:33:28 - [MESSAGE][INFO] - Checking called Test Case

2021-11-18 11:33:28 - [MESSAGE][INFO] - Starting to call Test Case 'Test Cases/Butonlar/AltButonVarMi'

2021-11-18 11:33:28 - [TEST_CASE][PASSED] - Test Cases/Butonlar/AltButonVarMi: Test Cases/Butonlar/AltButonVarMi

2021-11-18 11:33:28 - [TEST_STEP][PASSED] - Method.TextDegerineEsitElementVarMi(findTestObject("Butonlar/AltButonlar"), AltButon): Method.TextDegerineEsitElementVarMi is PASSED

2021-11-18 11:33:28 - [MESSAGE][INFO] - Finding Test Object 'Object Repository/Butonlar/AltButonlar'

2021-11-18 11:33:29 - [MESSAGE][INFO] - Checking timeout

2021-11-18 11:33:29 - [MESSAGE][INFO] - Finding web element with id: 'Object Repository/Butonlar/AltButonlar' located by 'By.cssSelector: .btn-group.open li>a' in '10' second(s)

2021-11-18 11:33:29 - [MESSAGE][INFO] - Smart Wait Function is triggered

2021-11-18 11:33:29 - [MESSAGE][INFO] - Found 2 web elements with id: 'Object Repository/Butonlar/AltButonlar' located by 'By.cssSelector: .btn-group.open li>a' in '10' second(s)

2021-11-18 11:33:29 - [MESSAGE][PASSED] - Method.TextDegerineEsitElementVarMi is PASSED

2021-11-18 11:33:29 - [MESSAGE][PASSED] - Call Test Case 'Test Cases/Butonlar/AltButonVarMi' successfully

2021-11-18 11:33:29 - [MESSAGE][INFO] - Checking called Test Case

2021-11-18 11:33:29 - [MESSAGE][INFO] - Starting to call Test Case 'Test Cases/Butonlar/ButonaTikla'

2021-11-18 11:33:29 - [TEST_CASE][PASSED] - Test Cases/Butonlar/ButonaTikla: Test Cases/Butonlar/ButonaTikla

2021-11-18 11:33:29 - [TEST_STEP][PASSED] - Method.TextDegerineEsitElementeTiklaEquals(findTestObject("Butonlar/Butonlar"), Buton_Adi): Method.TextDegerineEsitElementeTiklaEquals is PASSED

2021-11-18 11:33:29 - [MESSAGE][INFO] - Finding Test Object 'Object Repository/Butonlar/Butonlar'

2021-11-18 11:33:29 - [MESSAGE][INFO] - Checking timeout

2021-11-18 11:33:29 - [MESSAGE][INFO] - Finding web element with id: 'Object Repository/Butonlar/Butonlar' located by 'By.cssSelector: .panel.panel-default.text-center.footerPanel .btn,.btn.btn-primary.btnControls' in '10' second(s)

2021-11-18 11:33:29 - [MESSAGE][INFO] - Smart Wait Function is triggered

2021-11-18 11:33:29 - [MESSAGE][INFO] - Found 11 web elements with id: 'Object Repository/Butonlar/Butonlar' located by 'By.cssSelector: .panel.panel-default.text-center.footerPanel .btn,.btn.btn-primary.btnControls' in '10' second(s)

2021-11-18 11:33:29 - [MESSAGE][PASSED] - Method.TextDegerineEsitElementeTiklaEquals is PASSED

2021-11-18 11:33:29 - [MESSAGE][PASSED] - Call Test Case 'Test Cases/Butonlar/ButonaTikla' successfully

2021-11-18 11:33:29 - [MESSAGE][INFO] - Checking called Test Case

2021-11-18 11:33:29 - [MESSAGE][INFO] - Starting to call Test Case 'Test Cases/Butonlar/AltButonVarMi'

2021-11-18 11:33:30 - [TEST_CASE][PASSED] - Test Cases/Butonlar/AltButonVarMi: Test Cases/Butonlar/AltButonVarMi

2021-11-18 11:33:30 - [TEST_STEP][PASSED] - Method.TextDegerineEsitElementVarMi(findTestObject("Butonlar/AltButonlar"), AltButon): Method.TextDegerineEsitElementVarMi is PASSED

2021-11-18 11:33:30 - [MESSAGE][INFO] - Finding Test Object 'Object Repository/Butonlar/AltButonlar'

2021-11-18 11:33:30 - [MESSAGE][INFO] - Checking timeout

2021-11-18 11:33:30 - [MESSAGE][INFO] - Finding web element with id: 'Object Repository/Butonlar/AltButonlar' located by 'By.cssSelector: .btn-group.open li>a' in '10' second(s)

2021-11-18 11:33:30 - [MESSAGE][INFO] - Smart Wait Function is triggered

2021-11-18 11:33:30 - [MESSAGE][INFO] - Found 4 web elements with id: 'Object Repository/Butonlar/AltButonlar' located by 'By.cssSelector: .btn-group.open li>a' in '10' second(s)

2021-11-18 11:33:30 - [MESSAGE][PASSED] - Method.TextDegerineEsitElementVarMi is PASSED

2021-11-18 11:33:30 - [MESSAGE][PASSED] - Call Test Case 'Test Cases/Butonlar/AltButonVarMi' successfully

2021-11-18 11:33:30 - [MESSAGE][INFO] - Checking called Test Case

2021-11-18 11:33:30 - [MESSAGE][INFO] - Starting to call Test Case 'Test Cases/Butonlar/AltButonVarMi'

2021-11-18 11:33:30 - [TEST_CASE][PASSED] - Test Cases/Butonlar/AltButonVarMi: Test Cases/Butonlar/AltButonVarMi

2021-11-18 11:33:30 - [TEST_STEP][PASSED] - Method.TextDegerineEsitElementVarMi(findTestObject("Butonlar/AltButonlar"), AltButon): Method.TextDegerineEsitElementVarMi is PASSED

2021-11-18 11:33:30 - [MESSAGE][INFO] - Finding Test Object 'Object Repository/Butonlar/AltButonlar'

2021-11-18 11:33:30 - [MESSAGE][INFO] - Checking timeout

2021-11-18 11:33:30 - [MESSAGE][INFO] - Finding web element with id: 'Object Repository/Butonlar/AltButonlar' located by 'By.cssSelector: .btn-group.open li>a' in '10' second(s)

2021-11-18 11:33:30 - [MESSAGE][INFO] - Smart Wait Function is triggered

2021-11-18 11:33:30 - [MESSAGE][INFO] - Found 4 web elements with id: 'Object Repository/Butonlar/AltButonlar' located by 'By.cssSelector: .btn-group.open li>a' in '10' second(s)

2021-11-18 11:33:30 - [MESSAGE][PASSED] - Method.TextDegerineEsitElementVarMi is PASSED

2021-11-18 11:33:30 - [MESSAGE][PASSED] - Call Test Case 'Test Cases/Butonlar/AltButonVarMi' successfully

2021-11-18 11:33:30 - [MESSAGE][INFO] - Checking called Test Case

2021-11-18 11:33:30 - [MESSAGE][INFO] - Starting to call Test Case 'Test Cases/Butonlar/AltButonVarMi'

2021-11-18 11:33:30 - [TEST_CASE][PASSED] - Test Cases/Butonlar/AltButonVarMi: Test Cases/Butonlar/AltButonVarMi

2021-11-18 11:33:30 - [TEST_STEP][PASSED] - Method.TextDegerineEsitElementVarMi(findTestObject("Butonlar/AltButonlar"), AltButon): Method.TextDegerineEsitElementVarMi is PASSED

2021-11-18 11:33:30 - [MESSAGE][INFO] - Finding Test Object 'Object Repository/Butonlar/AltButonlar'

2021-11-18 11:33:31 - [MESSAGE][INFO] - Checking timeout

2021-11-18 11:33:31 - [MESSAGE][INFO] - Finding web element with id: 'Object Repository/Butonlar/AltButonlar' located by 'By.cssSelector: .btn-group.open li>a' in '10' second(s)

2021-11-18 11:33:31 - [MESSAGE][INFO] - Smart Wait Function is triggered

2021-11-18 11:33:31 - [MESSAGE][INFO] - Found 4 web elements with id: 'Object Repository/Butonlar/AltButonlar' located by 'By.cssSelector: .btn-group.open li>a' in '10' second(s)

2021-11-18 11:33:31 - [MESSAGE][PASSED] - Method.TextDegerineEsitElementVarMi is PASSED

2021-11-18 11:33:31 - [MESSAGE][PASSED] - Call Test Case 'Test Cases/Butonlar/AltButonVarMi' successfully

2021-11-18 11:33:31 - [MESSAGE][INFO] - Checking called Test Case

2021-11-18 11:33:31 - [MESSAGE][INFO] - Starting to call Test Case 'Test Cases/Butonlar/AltButonVarMi'

2021-11-18 11:33:31 - [TEST_CASE][PASSED] - Test Cases/Butonlar/AltButonVarMi: Test Cases/Butonlar/AltButonVarMi

2021-11-18 11:33:31 - [TEST_STEP][PASSED] - Method.TextDegerineEsitElementVarMi(findTestObject("Butonlar/AltButonlar"), AltButon): Method.TextDegerineEsitElementVarMi is PASSED

2021-11-18 11:33:31 - [MESSAGE][INFO] - Finding Test Object 'Object Repository/Butonlar/AltButonlar'

2021-11-18 11:33:31 - [MESSAGE][INFO] - Checking timeout

2021-11-18 11:33:31 - [MESSAGE][INFO] - Finding web element with id: 'Object Repository/Butonlar/AltButonlar' located by 'By.cssSelector: .btn-group.open li>a' in '10' second(s)

2021-11-18 11:33:31 - [MESSAGE][INFO] - Smart Wait Function is triggered

2021-11-18 11:33:31 - [MESSAGE][INFO] - Found 4 web elements with id: 'Object Repository/Butonlar/AltButonlar' located by 'By.cssSelector: .btn-group.open li>a' in '10' second(s)

2021-11-18 11:33:31 - [MESSAGE][PASSED] - Method.TextDegerineEsitElementVarMi is PASSED

2021-11-18 11:33:31 - [MESSAGE][PASSED] - Call Test Case 'Test Cases/Butonlar/AltButonVarMi' successfully

2021-11-18 11:33:31 - [MESSAGE][INFO] - Checking called Test Case

2021-11-18 11:33:31 - [MESSAGE][INFO] - Starting to call Test Case 'Test Cases/Butonlar/ButonaTikla'

2021-11-18 11:33:31 - [TEST_CASE][PASSED] - Test Cases/Butonlar/ButonaTikla: Test Cases/Butonlar/ButonaTikla

2021-11-18 11:33:31 - [TEST_STEP][PASSED] - Method.TextDegerineEsitElementeTiklaEquals(findTestObject("Butonlar/Butonlar"), Buton_Adi): Method.TextDegerineEsitElementeTiklaEquals is PASSED

2021-11-18 11:33:31 - [MESSAGE][INFO] - Finding Test Object 'Object Repository/Butonlar/Butonlar'

2021-11-18 11:33:32 - [MESSAGE][INFO] - Checking timeout

2021-11-18 11:33:32 - [MESSAGE][INFO] - Finding web element with id: 'Object Repository/Butonlar/Butonlar' located by 'By.cssSelector: .panel.panel-default.text-center.footerPanel .btn,.btn.btn-primary.btnControls' in '10' second(s)

2021-11-18 11:33:32 - [MESSAGE][INFO] - Smart Wait Function is triggered

2021-11-18 11:33:32 - [MESSAGE][INFO] - Found 11 web elements with id: 'Object Repository/Butonlar/Butonlar' located by 'By.cssSelector: .panel.panel-default.text-center.footerPanel .btn,.btn.btn-primary.btnControls' in '10' second(s)

2021-11-18 11:33:32 - [MESSAGE][PASSED] - Method.TextDegerineEsitElementeTiklaEquals is PASSED

2021-11-18 11:33:32 - [MESSAGE][PASSED] - Call Test Case 'Test Cases/Butonlar/ButonaTikla' successfully

2021-11-18 11:33:32 - [MESSAGE][INFO] - Checking called Test Case

2021-11-18 11:33:32 - [MESSAGE][INFO] - Starting to call Test Case 'Test Cases/Butonlar/AltButonVarMi'

2021-11-18 11:33:32 - [TEST_CASE][PASSED] - Test Cases/Butonlar/AltButonVarMi: Test Cases/Butonlar/AltButonVarMi

2021-11-18 11:33:32 - [TEST_STEP][PASSED] - Method.TextDegerineEsitElementVarMi(findTestObject("Butonlar/AltButonlar"), AltButon): Method.TextDegerineEsitElementVarMi is PASSED

2021-11-18 11:33:32 - [MESSAGE][INFO] - Finding Test Object 'Object Repository/Butonlar/AltButonlar'

2021-11-18 11:33:32 - [MESSAGE][INFO] - Checking timeout

2021-11-18 11:33:32 - [MESSAGE][INFO] - Finding web element with id: 'Object Repository/Butonlar/AltButonlar' located by 'By.cssSelector: .btn-group.open li>a' in '10' second(s)

2021-11-18 11:33:32 - [MESSAGE][INFO] - Smart Wait Function is triggered

2021-11-18 11:33:32 - [MESSAGE][INFO] - Found 2 web elements with id: 'Object Repository/Butonlar/AltButonlar' located by 'By.cssSelector: .btn-group.open li>a' in '10' second(s)

2021-11-18 11:33:32 - [MESSAGE][PASSED] - Method.TextDegerineEsitElementVarMi is PASSED

2021-11-18 11:33:32 - [MESSAGE][PASSED] - Call Test Case 'Test Cases/Butonlar/AltButonVarMi' successfully

2021-11-18 11:33:32 - [MESSAGE][INFO] - Checking called Test Case

2021-11-18 11:33:32 - [MESSAGE][INFO] - Starting to call Test Case 'Test Cases/Butonlar/AltButonVarMi'

2021-11-18 11:33:33 - [TEST_CASE][PASSED] - Test Cases/Butonlar/AltButonVarMi: Test Cases/Butonlar/AltButonVarMi

2021-11-18 11:33:33 - [TEST_STEP][PASSED] - Method.TextDegerineEsitElementVarMi(findTestObject("Butonlar/AltButonlar"), AltButon): Method.TextDegerineEsitElementVarMi is PASSED

2021-11-18 11:33:33 - [MESSAGE][INFO] - Finding Test Object 'Object Repository/Butonlar/AltButonlar'

2021-11-18 11:33:33 - [MESSAGE][INFO] - Checking timeout

2021-11-18 11:33:33 - [MESSAGE][INFO] - Finding web element with id: 'Object Repository/Butonlar/AltButonlar' located by 'By.cssSelector: .btn-group.open li>a' in '10' second(s)

2021-11-18 11:33:33 - [MESSAGE][INFO] - Smart Wait Function is triggered

2021-11-18 11:33:33 - [MESSAGE][INFO] - Found 2 web elements with id: 'Object Repository/Butonlar/AltButonlar' located by 'By.cssSelector: .btn-group.open li>a' in '10' second(s)

2021-11-18 11:33:33 - [MESSAGE][PASSED] - Method.TextDegerineEsitElementVarMi is PASSED

2021-11-18 11:33:33 - [MESSAGE][PASSED] - Call Test Case 'Test Cases/Butonlar/AltButonVarMi' successfully

2021-11-18 11:33:33 - [MESSAGE][INFO] - Checking called Test Case

2021-11-18 11:33:33 - [MESSAGE][INFO] - Starting to call Test Case 'Test Cases/Butonlar/ButonaTikla'

2021-11-18 11:33:33 - [TEST_CASE][PASSED] - Test Cases/Butonlar/ButonaTikla: Test Cases/Butonlar/ButonaTikla

2021-11-18 11:33:33 - [TEST_STEP][PASSED] - Method.TextDegerineEsitElementeTiklaEquals(findTestObject("Butonlar/Butonlar"), Buton_Adi): Method.TextDegerineEsitElementeTiklaEquals is PASSED

2021-11-18 11:33:33 - [MESSAGE][INFO] - Finding Test Object 'Object Repository/Butonlar/Butonlar'

2021-11-18 11:33:33 - [MESSAGE][INFO] - Checking timeout

2021-11-18 11:33:33 - [MESSAGE][INFO] - Finding web element with id: 'Object Repository/Butonlar/Butonlar' located by 'By.cssSelector: .panel.panel-default.text-center.footerPanel .btn,.btn.btn-primary.btnControls' in '10' second(s)

2021-11-18 11:33:33 - [MESSAGE][INFO] - Smart Wait Function is triggered

2021-11-18 11:33:33 - [MESSAGE][INFO] - Found 11 web elements with id: 'Object Repository/Butonlar/Butonlar' located by 'By.cssSelector: .panel.panel-default.text-center.footerPanel .btn,.btn.btn-primary.btnControls' in '10' second(s)

2021-11-18 11:33:33 - [MESSAGE][PASSED] - Method.TextDegerineEsitElementeTiklaEquals is PASSED

2021-11-18 11:33:33 - [MESSAGE][PASSED] - Call Test Case 'Test Cases/Butonlar/ButonaTikla' successfully

2021-11-18 11:33:33 - [MESSAGE][INFO] - Checking called Test Case

2021-11-18 11:33:33 - [MESSAGE][INFO] - Starting to call Test Case 'Test Cases/Butonlar/AltButonVarMi'

2021-11-18 11:33:34 - [TEST_CASE][PASSED] - Test Cases/Butonlar/AltButonVarMi: Test Cases/Butonlar/AltButonVarMi

2021-11-18 11:33:34 - [TEST_STEP][PASSED] - Method.TextDegerineEsitElementVarMi(findTestObject("Butonlar/AltButonlar"), AltButon): Method.TextDegerineEsitElementVarMi is PASSED

2021-11-18 11:33:34 - [MESSAGE][INFO] - Finding Test Object 'Object Repository/Butonlar/AltButonlar'

2021-11-18 11:33:34 - [MESSAGE][INFO] - Checking timeout

2021-11-18 11:33:34 - [MESSAGE][INFO] - Finding web element with id: 'Object Repository/Butonlar/AltButonlar' located by 'By.cssSelector: .btn-group.open li>a' in '10' second(s)

2021-11-18 11:33:34 - [MESSAGE][INFO] - Smart Wait Function is triggered

2021-11-18 11:33:34 - [MESSAGE][INFO] - Found 2 web elements with id: 'Object Repository/Butonlar/AltButonlar' located by 'By.cssSelector: .btn-group.open li>a' in '10' second(s)

2021-11-18 11:33:34 - [MESSAGE][PASSED] - Method.TextDegerineEsitElementVarMi is PASSED

2021-11-18 11:33:34 - [MESSAGE][PASSED] - Call Test Case 'Test Cases/Butonlar/AltButonVarMi' successfully

2021-11-18 11:33:34 - [MESSAGE][INFO] - Checking called Test Case

2021-11-18 11:33:34 - [MESSAGE][INFO] - Starting to call Test Case 'Test Cases/Butonlar/AltButonVarMi'

2021-11-18 11:33:34 - [TEST_CASE][PASSED] - Test Cases/Butonlar/AltButonVarMi: Test Cases/Butonlar/AltButonVarMi

2021-11-18 11:33:34 - [TEST_STEP][PASSED] - Method.TextDegerineEsitElementVarMi(findTestObject("Butonlar/AltButonlar"), AltButon): Method.TextDegerineEsitElementVarMi is PASSED

2021-11-18 11:33:34 - [MESSAGE][INFO] - Finding Test Object 'Object Repository/Butonlar/AltButonlar'

2021-11-18 11:33:34 - [MESSAGE][INFO] - Checking timeout

2021-11-18 11:33:34 - [MESSAGE][INFO] - Finding web element with id: 'Object Repository/Butonlar/AltButonlar' located by 'By.cssSelector: .btn-group.open li>a' in '10' second(s)

2021-11-18 11:33:34 - [MESSAGE][INFO] - Smart Wait Function is triggered

2021-11-18 11:33:34 - [MESSAGE][INFO] - Found 2 web elements with id: 'Object Repository/Butonlar/AltButonlar' located by 'By.cssSelector: .btn-group.open li>a' in '10' second(s)

2021-11-18 11:33:34 - [MESSAGE][PASSED] - Method.TextDegerineEsitElementVarMi is PASSED

2021-11-18 11:33:34 - [MESSAGE][PASSED] - Call Test Case 'Test Cases/Butonlar/AltButonVarMi' successfully

2021-11-18 11:33:34 - [MESSAGE][INFO] - Checking called Test Case

2021-11-18 11:33:34 - [MESSAGE][INFO] - Starting to call Test Case 'Test Cases/Butonlar/ButonaTikla'

2021-11-18 11:33:34 - [TEST_CASE][PASSED] - Test Cases/Butonlar/ButonaTikla: Test Cases/Butonlar/ButonaTikla

2021-11-18 11:33:34 - [TEST_STEP][PASSED] - Method.TextDegerineEsitElementeTiklaEquals(findTestObject("Butonlar/Butonlar"), Buton_Adi): Method.TextDegerineEsitElementeTiklaEquals is PASSED

2021-11-18 11:33:34 - [MESSAGE][INFO] - Finding Test Object 'Object Repository/Butonlar/Butonlar'

2021-11-18 11:33:35 - [MESSAGE][INFO] - Checking timeout

2021-11-18 11:33:35 - [MESSAGE][INFO] - Finding web element with id: 'Object Repository/Butonlar/Butonlar' located by 'By.cssSelector: .panel.panel-default.text-center.footerPanel .btn,.btn.btn-primary.btnControls' in '10' second(s)

2021-11-18 11:33:35 - [MESSAGE][INFO] - Smart Wait Function is triggered

2021-11-18 11:33:35 - [MESSAGE][INFO] - Found 11 web elements with id: 'Object Repository/Butonlar/Butonlar' located by 'By.cssSelector: .panel.panel-default.text-center.footerPanel .btn,.btn.btn-primary.btnControls' in '10' second(s)

2021-11-18 11:33:35 - [MESSAGE][PASSED] - Method.TextDegerineEsitElementeTiklaEquals is PASSED

2021-11-18 11:33:35 - [MESSAGE][PASSED] - Call Test Case 'Test Cases/Butonlar/ButonaTikla' successfully

2021-11-18 11:33:35 - [MESSAGE][INFO] - Checking called Test Case

2021-11-18 11:33:35 - [MESSAGE][INFO] - Starting to call Test Case 'Test Cases/Butonlar/AltButonVarMi'

2021-11-18 11:33:35 - [TEST_CASE][PASSED] - Test Cases/Butonlar/AltButonVarMi: Test Cases/Butonlar/AltButonVarMi

2021-11-18 11:33:35 - [TEST_STEP][PASSED] - Method.TextDegerineEsitElementVarMi(findTestObject("Butonlar/AltButonlar"), AltButon): Method.TextDegerineEsitElementVarMi is PASSED

2021-11-18 11:33:35 - [MESSAGE][INFO] - Finding Test Object 'Object Repository/Butonlar/AltButonlar'

2021-11-18 11:33:35 - [MESSAGE][INFO] - Checking timeout

2021-11-18 11:33:35 - [MESSAGE][INFO] - Finding web element with id: 'Object Repository/Butonlar/AltButonlar' located by 'By.cssSelector: .btn-group.open li>a' in '10' second(s)

2021-11-18 11:33:35 - [MESSAGE][INFO] - Smart Wait Function is triggered

2021-11-18 11:33:35 - [MESSAGE][INFO] - Found 2 web elements with id: 'Object Repository/Butonlar/AltButonlar' located by 'By.cssSelector: .btn-group.open li>a' in '10' second(s)

2021-11-18 11:33:35 - [MESSAGE][PASSED] - Method.TextDegerineEsitElementVarMi is PASSED

2021-11-18 11:33:35 - [MESSAGE][PASSED] - Call Test Case 'Test Cases/Butonlar/AltButonVarMi' successfully

2021-11-18 11:33:35 - [MESSAGE][INFO] - Checking called Test Case

2021-11-18 11:33:35 - [MESSAGE][INFO] - Starting to call Test Case 'Test Cases/Sayfalar/AnaSayfa/AnaSayfayaDonulur'

2021-11-18 11:33:35 - [TEST_CASE][PASSED] - Test Cases/Sayfalar/AnaSayfa/AnaSayfayaDonulur: Test Cases/Sayfalar/AnaSayfa/AnaSayfayaDonulur

2021-11-18 11:33:35 - [TEST_STEP][PASSED] - click(findTestObject("Sayfalar/AnaSayfa/AnaSayfa")): Object: 'Object Repository/Sayfalar/AnaSayfa/AnaSayfa' is clicked on

2021-11-18 11:33:35 - [MESSAGE][INFO] - Finding Test Object 'Object Repository/Sayfalar/AnaSayfa/AnaSayfa'

2021-11-18 11:33:36 - [MESSAGE][INFO] - Checking object

2021-11-18 11:33:36 - [MESSAGE][INFO] - Finding web element from Test Object's properties

2021-11-18 11:33:36 - [MESSAGE][INFO] - Checking timeout

2021-11-18 11:33:36 - [MESSAGE][INFO] - Finding web element with id: 'Object Repository/Sayfalar/AnaSayfa/AnaSayfa' located by 'By.cssSelector: div.navbar-header > a > img' in '30' second(s)

2021-11-18 11:33:36 - [MESSAGE][INFO] - Smart Wait Function is triggered

2021-11-18 11:33:36 - [MESSAGE][INFO] - Found 1 web elements with id: 'Object Repository/Sayfalar/AnaSayfa/AnaSayfa' located by 'By.cssSelector: div.navbar-header > a > img' in '30' second(s)

2021-11-18 11:33:36 - [MESSAGE][INFO] - Clicking on object: 'Object Repository/Sayfalar/AnaSayfa/AnaSayfa'

2021-11-18 11:33:37 - [MESSAGE][PASSED] - Object: 'Object Repository/Sayfalar/AnaSayfa/AnaSayfa' is clicked on

2021-11-18 11:33:37 - [TEST_STEP][PASSED] - if (verifyElementPresent(findTestObject("Sayfalar/Giris_Sayfasi/PopupOK"), 5, OPTIONAL)): null

2021-11-18 11:33:37 - [MESSAGE][INFO] - Finding Test Object 'Object Repository/Sayfalar/Giris_Sayfasi/PopupOK'

2021-11-18 11:33:37 - [MESSAGE][INFO] - Checking object

2021-11-18 11:33:37 - [MESSAGE][INFO] - Finding web element from Test Object's properties

2021-11-18 11:33:37 - [MESSAGE][INFO] - Checking timeout

2021-11-18 11:33:37 - [MESSAGE][INFO] - Finding web element with id: 'Object Repository/Sayfalar/Giris_Sayfasi/PopupOK' located by 'By.cssSelector: .btn.btn-success' in '5' second(s)

2021-11-18 11:33:37 - [MESSAGE][INFO] - Smart Wait Function is triggered

2021-11-18 11:33:38 - [MESSAGE][INFO] - Found 1 web elements with id: 'Object Repository/Sayfalar/Giris_Sayfasi/PopupOK' located by 'By.cssSelector: .btn.btn-success' in '5' second(s)

2021-11-18 11:33:38 - [MESSAGE][PASSED] - Object 'Object Repository/Sayfalar/Giris_Sayfasi/PopupOK' is present

2021-11-18 11:33:38 - [TEST_STEP][PASSED] - click(findTestObject("Sayfalar/Giris_Sayfasi/PopupOK")): Object: 'Object Repository/Sayfalar/Giris_Sayfasi/PopupOK' is clicked on

2021-11-18 11:33:38 - [MESSAGE][INFO] - Finding Test Object 'Object Repository/Sayfalar/Giris_Sayfasi/PopupOK'

2021-11-18 11:33:38 - [MESSAGE][INFO] - Checking object

2021-11-18 11:33:38 - [MESSAGE][INFO] - Finding web element from Test Object's properties

2021-11-18 11:33:38 - [MESSAGE][INFO] - Checking timeout

2021-11-18 11:33:38 - [MESSAGE][INFO] - Finding web element with id: 'Object Repository/Sayfalar/Giris_Sayfasi/PopupOK' located by 'By.cssSelector: .btn.btn-success' in '30' second(s)

2021-11-18 11:33:38 - [MESSAGE][INFO] - Smart Wait Function is triggered

2021-11-18 11:33:38 - [MESSAGE][INFO] - Found 1 web elements with id: 'Object Repository/Sayfalar/Giris_Sayfasi/PopupOK' located by 'By.cssSelector: .btn.btn-success' in '30' second(s)

2021-11-18 11:33:38 - [MESSAGE][INFO] - Clicking on object: 'Object Repository/Sayfalar/Giris_Sayfasi/PopupOK'

2021-11-18 11:33:38 - [MESSAGE][PASSED] - Object: 'Object Repository/Sayfalar/Giris_Sayfasi/PopupOK' is clicked on

2021-11-18 11:33:38 - [TEST_STEP][PASSED] - verifyElementVisible(findTestObject("Object Repository/Kullanici_Islemleri/KullaniciIslemleri")): Object 'Object Repository/Kullanici_Islemleri/KullaniciIslemleri' is visible

2021-11-18 11:33:38 - [MESSAGE][INFO] - Finding Test Object 'Object Repository/Kullanici_Islemleri/KullaniciIslemleri'

2021-11-18 11:33:38 - [MESSAGE][INFO] - Checking object

2021-11-18 11:33:38 - [MESSAGE][INFO] - Finding web element from Test Object's properties

2021-11-18 11:33:38 - [MESSAGE][INFO] - Checking timeout

2021-11-18 11:33:38 - [MESSAGE][INFO] - Finding web element with id: 'Object Repository/Kullanici_Islemleri/KullaniciIslemleri' located by 'By.cssSelector: .dropdown>a>img' in '30' second(s)

2021-11-18 11:33:38 - [MESSAGE][INFO] - Smart Wait Function is triggered

2021-11-18 11:33:39 - [MESSAGE][INFO] - Found 1 web elements with id: 'Object Repository/Kullanici_Islemleri/KullaniciIslemleri' located by 'By.cssSelector: .dropdown>a>img' in '30' second(s)

2021-11-18 11:33:39 - [MESSAGE][PASSED] - Object 'Object Repository/Kullanici_Islemleri/KullaniciIslemleri' is visible

2021-11-18 11:33:39 - [MESSAGE][PASSED] - Call Test Case 'Test Cases/Sayfalar/AnaSayfa/AnaSayfayaDonulur' successfully

2021-11-18 11:33:39 - [MESSAGE][INFO] - Checking called Test Case

2021-11-18 11:33:39 - [MESSAGE][INFO] - Starting to call Test Case 'Test Cases/Menu/AnaMenuSecimi'

2021-11-18 11:33:39 - [TEST_CASE][PASSED] - Test Cases/Menu/AnaMenuSecimi: Test Cases/Menu/AnaMenuSecimi

2021-11-18 11:33:39 - [TEST_STEP][PASSED] - Method.TextDegerineEsitElementeTikla(findTestObject("Menu/Ana_Menu"), Ana_Menu): Method.TextDegerineEsitElementeTikla is PASSED

2021-11-18 11:33:39 - [MESSAGE][INFO] - Finding Test Object 'Object Repository/Menu/Ana_Menu'

2021-11-18 11:33:39 - [MESSAGE][INFO] - Checking timeout

2021-11-18 11:33:39 - [MESSAGE][INFO] - Finding web element with id: 'Object Repository/Menu/Ana_Menu' located by 'By.xpath: //*[@class = 'dropdown-toggle']' in '10' second(s)

2021-11-18 11:33:39 - [MESSAGE][INFO] - Smart Wait Function is triggered

2021-11-18 11:33:40 - [MESSAGE][INFO] - Found 14 web elements with id: 'Object Repository/Menu/Ana_Menu' located by 'By.xpath: //*[@class = 'dropdown-toggle']' in '10' second(s)

2021-11-18 11:33:40 - [MESSAGE][PASSED] - Method.TextDegerineEsitElementeTikla is PASSED

2021-11-18 11:33:40 - [MESSAGE][PASSED] - Call Test Case 'Test Cases/Menu/AnaMenuSecimi' successfully

2021-11-18 11:33:40 - [MESSAGE][INFO] - Checking called Test Case

2021-11-18 11:33:40 - [MESSAGE][INFO] - Starting to call Test Case 'Test Cases/Menu/BasligaGoreAltMenuSecimi'

2021-11-18 11:33:40 - [TEST_CASE][PASSED] - Test Cases/Menu/BasligaGoreAltMenuSecimi: Test Cases/Menu/BasligaGoreAltMenuSecimi

2021-11-18 11:33:40 - [TEST_STEP][PASSED] - Method.TextDegerineEsitElementinAltindakiTextDegerineEsitOlanaTikla(findTestObject("Menu/Menu_Basligi"), findTestObject("Menu/Basliga_Gore_Alt_Menu"), Baslik, Alt_Menu): Method.TextDegerineEsitElementinAltindakiTextDegerineEsitOlanaTikla is PASSED

2021-11-18 11:33:40 - [MESSAGE][INFO] - Finding Test Object 'Object Repository/Menu/Menu_Basligi'

2021-11-18 11:33:40 - [MESSAGE][INFO] - Finding Test Object 'Object Repository/Menu/Basliga_Gore_Alt_Menu'

2021-11-18 11:33:40 - [MESSAGE][INFO] - Checking timeout

2021-11-18 11:33:40 - [MESSAGE][INFO] - Finding web element with id: 'Object Repository/Menu/Menu_Basligi' located by 'By.xpath: //li[@class='dropdown dropdown-large open']//li[@class='dropdown-header']' in '10' second(s)

2021-11-18 11:33:40 - [MESSAGE][INFO] - Smart Wait Function is triggered

2021-11-18 11:33:40 - [MESSAGE][INFO] - Found 3 web elements with id: 'Object Repository/Menu/Menu_Basligi' located by 'By.xpath: //li[@class='dropdown dropdown-large open']//li[@class='dropdown-header']' in '10' second(s)

2021-11-18 11:33:40 - [MESSAGE][INFO] - Smart Wait Function is triggered

2021-11-18 11:33:41 - [MESSAGE][PASSED] - Method.TextDegerineEsitElementinAltindakiTextDegerineEsitOlanaTikla is PASSED

2021-11-18 11:33:41 - [MESSAGE][PASSED] - Call Test Case 'Test Cases/Menu/BasligaGoreAltMenuSecimi' successfully

2021-11-18 11:33:41 - [MESSAGE][INFO] - Checking called Test Case

2021-11-18 11:33:41 - [MESSAGE][INFO] - Starting to call Test Case 'Test Cases/Filtreler/BaslangicYaz'

2021-11-18 11:33:42 - [TEST_CASE][PASSED] - Test Cases/Filtreler/BaslangicYaz: Test Cases/Filtreler/BaslangicYaz

2021-11-18 11:33:42 - [TEST_STEP][PASSED] - delay(3): Delayed 3 second(s)

2021-11-18 11:33:42 - [MESSAGE][INFO] - Delaying browser in 3 second(s)

2021-11-18 11:33:45 - [MESSAGE][PASSED] - Delayed 3 second(s)

2021-11-18 11:33:45 - [TEST_STEP][PASSED] - Method.TextDegerineEsitElementinAltindakineTikla(findTestObject("Filtreler/Basliklar"), findTestObject("Filtreler/Basliga_Gore_Baslangic_Image"), Filtre_Adi): Method.TextDegerineEsitElementinAltindakineTikla is PASSED

2021-11-18 11:33:45 - [MESSAGE][INFO] - Finding Test Object 'Object Repository/Filtreler/Basliklar'

2021-11-18 11:33:45 - [MESSAGE][INFO] - Finding Test Object 'Object Repository/Filtreler/Basliga_Gore_Baslangic_Image'

2021-11-18 11:33:45 - [MESSAGE][INFO] - Checking timeout

2021-11-18 11:33:45 - [MESSAGE][INFO] - Finding web element with id: 'Object Repository/Filtreler/Basliklar' located by 'By.cssSelector: .control-label.col-sm-4.paddingMarginRLC' in '10' second(s)

2021-11-18 11:33:45 - [MESSAGE][INFO] - Smart Wait Function is triggered

2021-11-18 11:33:45 - [MESSAGE][INFO] - Found 18 web elements with id: 'Object Repository/Filtreler/Basliklar' located by 'By.cssSelector: .control-label.col-sm-4.paddingMarginRLC' in '10' second(s)

2021-11-18 11:33:45 - [MESSAGE][INFO] - Smart Wait Function is triggered

2021-11-18 11:33:45 - [MESSAGE][PASSED] - Method.TextDegerineEsitElementinAltindakineTikla is PASSED

2021-11-18 11:33:45 - [TEST_STEP][PASSED] - Method.TextDegerineEsitElementinAltindakiTextboxtaYaz(findTestObject("Filtreler/Basliklar"), findTestObject("Filtreler/Basliga_Gore_Baslangic"), Filtre_Adi, Filtre_Degeri): Method.TextDegerineEsitElementinAltindakiTextboxtaYaz is PASSED

2021-11-18 11:33:45 - [MESSAGE][INFO] - Finding Test Object 'Object Repository/Filtreler/Basliklar'

2021-11-18 11:33:46 - [MESSAGE][INFO] - Finding Test Object 'Object Repository/Filtreler/Basliga_Gore_Baslangic'

2021-11-18 11:33:46 - [MESSAGE][INFO] - Checking timeout

2021-11-18 11:33:46 - [MESSAGE][INFO] - Finding web element with id: 'Object Repository/Filtreler/Basliklar' located by 'By.cssSelector: .control-label.col-sm-4.paddingMarginRLC' in '10' second(s)

2021-11-18 11:33:46 - [MESSAGE][INFO] - Smart Wait Function is triggered

2021-11-18 11:33:46 - [MESSAGE][INFO] - Found 18 web elements with id: 'Object Repository/Filtreler/Basliklar' located by 'By.cssSelector: .control-label.col-sm-4.paddingMarginRLC' in '10' second(s)

2021-11-18 11:33:46 - [MESSAGE][INFO] - Smart Wait Function is triggered

2021-11-18 11:33:47 - [MESSAGE][PASSED] - Method.TextDegerineEsitElementinAltindakiTextboxtaYaz is PASSED

2021-11-18 11:33:47 - [MESSAGE][PASSED] - Call Test Case 'Test Cases/Filtreler/BaslangicYaz' successfully

2021-11-18 11:33:47 - [MESSAGE][INFO] - Checking called Test Case

2021-11-18 11:33:47 - [MESSAGE][INFO] - Starting to call Test Case 'Test Cases/Filtreler/BitisYaz'

2021-11-18 11:33:47 - [TEST_CASE][PASSED] - Test Cases/Filtreler/BitisYaz: Test Cases/Filtreler/BitisYaz

2021-11-18 11:33:47 - [TEST_STEP][PASSED] - Method.TextDegerineEsitElementinAltindakineTikla(findTestObject("Filtreler/Basliklar"), findTestObject("Filtreler/Basliga_Gore_Bitis_Image"), Filtre_Adi): Method.TextDegerineEsitElementinAltindakineTikla is PASSED

2021-11-18 11:33:47 - [MESSAGE][INFO] - Finding Test Object 'Object Repository/Filtreler/Basliklar'

2021-11-18 11:33:47 - [MESSAGE][INFO] - Finding Test Object 'Object Repository/Filtreler/Basliga_Gore_Bitis_Image'

2021-11-18 11:33:47 - [MESSAGE][INFO] - Checking timeout

2021-11-18 11:33:47 - [MESSAGE][INFO] - Finding web element with id: 'Object Repository/Filtreler/Basliklar' located by 'By.cssSelector: .control-label.col-sm-4.paddingMarginRLC' in '10' second(s)

2021-11-18 11:33:47 - [MESSAGE][INFO] - Smart Wait Function is triggered

2021-11-18 11:33:47 - [MESSAGE][INFO] - Found 18 web elements with id: 'Object Repository/Filtreler/Basliklar' located by 'By.cssSelector: .control-label.col-sm-4.paddingMarginRLC' in '10' second(s)

2021-11-18 11:33:47 - [MESSAGE][INFO] - Smart Wait Function is triggered

2021-11-18 11:33:47 - [MESSAGE][PASSED] - Method.TextDegerineEsitElementinAltindakineTikla is PASSED

2021-11-18 11:33:47 - [TEST_STEP][PASSED] - Method.TextDegerineEsitElementinAltindakiTextboxtaYaz(findTestObject("Filtreler/Basliklar"), findTestObject("Object Repository/Filtreler/Basliga_Gore_Bitis"), Filtre_Adi, Filtre_Degeri): Method.TextDegerineEsitElementinAltindakiTextboxtaYaz is PASSED

2021-11-18 11:33:47 - [MESSAGE][INFO] - Finding Test Object 'Object Repository/Filtreler/Basliklar'

2021-11-18 11:33:48 - [MESSAGE][INFO] - Finding Test Object 'Object Repository/Filtreler/Basliga_Gore_Bitis'

2021-11-18 11:33:48 - [MESSAGE][INFO] - Checking timeout

2021-11-18 11:33:48 - [MESSAGE][INFO] - Finding web element with id: 'Object Repository/Filtreler/Basliklar' located by 'By.cssSelector: .control-label.col-sm-4.paddingMarginRLC' in '10' second(s)

2021-11-18 11:33:48 - [MESSAGE][INFO] - Smart Wait Function is triggered

2021-11-18 11:33:48 - [MESSAGE][INFO] - Found 18 web elements with id: 'Object Repository/Filtreler/Basliklar' located by 'By.cssSelector: .control-label.col-sm-4.paddingMarginRLC' in '10' second(s)

2021-11-18 11:33:48 - [MESSAGE][INFO] - Smart Wait Function is triggered

2021-11-18 11:33:48 - [MESSAGE][PASSED] - Method.TextDegerineEsitElementinAltindakiTextboxtaYaz is PASSED

2021-11-18 11:33:48 - [MESSAGE][PASSED] - Call Test Case 'Test Cases/Filtreler/BitisYaz' successfully

2021-11-18 11:33:48 - [MESSAGE][INFO] - Checking called Test Case

2021-11-18 11:33:48 - [MESSAGE][INFO] - Starting to call Test Case 'Test Cases/Filtreler/TexboxaYaz'

2021-11-18 11:33:49 - [TEST_CASE][PASSED] - Test Cases/Filtreler/TexboxaYaz: Test Cases/Filtreler/TexboxaYaz

2021-11-18 11:33:49 - [TEST_STEP][PASSED] - Method.TextDegerineEsitElementinAltindakiTextboxtaYaz(findTestObject("Filtreler/Basliklar"), findTestObject("Filtreler/Basliga_Gore_Textbox"), Filtre_Adi, Filtre_Degeri): Method.TextDegerineEsitElementinAltindakiTextboxtaYaz is PASSED

2021-11-18 11:33:49 - [MESSAGE][INFO] - Finding Test Object 'Object Repository/Filtreler/Basliklar'

2021-11-18 11:33:49 - [MESSAGE][INFO] - Finding Test Object 'Object Repository/Filtreler/Basliga_Gore_Textbox'

2021-11-18 11:33:49 - [MESSAGE][INFO] - Checking timeout

2021-11-18 11:33:49 - [MESSAGE][INFO] - Finding web element with id: 'Object Repository/Filtreler/Basliklar' located by 'By.cssSelector: .control-label.col-sm-4.paddingMarginRLC' in '10' second(s)

2021-11-18 11:33:49 - [MESSAGE][INFO] - Smart Wait Function is triggered

2021-11-18 11:33:49 - [MESSAGE][INFO] - Found 18 web elements with id: 'Object Repository/Filtreler/Basliklar' located by 'By.cssSelector: .control-label.col-sm-4.paddingMarginRLC' in '10' second(s)

2021-11-18 11:33:49 - [MESSAGE][INFO] - Smart Wait Function is triggered

2021-11-18 11:33:50 - [MESSAGE][PASSED] - Method.TextDegerineEsitElementinAltindakiTextboxtaYaz is PASSED

2021-11-18 11:33:50 - [MESSAGE][PASSED] - Call Test Case 'Test Cases/Filtreler/TexboxaYaz' successfully

2021-11-18 11:33:50 - [MESSAGE][INFO] - Checking called Test Case

2021-11-18 11:33:50 - [MESSAGE][INFO] - Starting to call Test Case 'Test Cases/Filtreler/ButonaTikla'

2021-11-18 11:33:50 - [TEST_CASE][PASSED] - Test Cases/Filtreler/ButonaTikla: Test Cases/Filtreler/ButonaTikla

2021-11-18 11:33:50 - [TEST_STEP][PASSED] - Method.TextDegerineEsitElementeTikla(findTestObject("Filtreler/Butonlar"), Filtre_Buton): Method.TextDegerineEsitElementeTikla is PASSED

2021-11-18 11:33:50 - [MESSAGE][INFO] - Finding Test Object 'Object Repository/Filtreler/Butonlar'

2021-11-18 11:33:50 - [MESSAGE][INFO] - Checking timeout

2021-11-18 11:33:50 - [MESSAGE][INFO] - Finding web element with id: 'Object Repository/Filtreler/Butonlar' located by 'By.cssSelector: .dxb>span' in '10' second(s)

2021-11-18 11:33:50 - [MESSAGE][INFO] - Smart Wait Function is triggered

2021-11-18 11:33:50 - [MESSAGE][INFO] - Found 3 web elements with id: 'Object Repository/Filtreler/Butonlar' located by 'By.cssSelector: .dxb>span' in '10' second(s)

2021-11-18 11:33:50 - [MESSAGE][PASSED] - Method.TextDegerineEsitElementeTikla is PASSED

2021-11-18 11:33:50 - [MESSAGE][PASSED] - Call Test Case 'Test Cases/Filtreler/ButonaTikla' successfully

2021-11-18 11:33:50 - [MESSAGE][INFO] - Checking called Test Case

2021-11-18 11:33:50 - [MESSAGE][INFO] - Starting to call Test Case 'Test Cases/Tablo/TablodaVeriVarMi'

2021-11-18 11:33:50 - [TEST_CASE][PASSED] - Test Cases/Tablo/TablodaVeriVarMi: Test Cases/Tablo/TablodaVeriVarMi

2021-11-18 11:33:50 - [TEST_STEP][PASSED] - verifyTextNotPresent("Görüntülenecek veri yok", true): Text 'Görüntülenecek veri yok' is not present on page using regular expression

2021-11-18 11:33:50 - [MESSAGE][INFO] - Checking text present  using regular expression

2021-11-18 11:33:50 - [MESSAGE][INFO] - Smart Wait Function is triggered

2021-11-18 11:33:51 - [MESSAGE][INFO] - Finding text 'Görüntülenecek veri yok' on page  using regular expression

2021-11-18 11:33:51 - [MESSAGE][PASSED] - Text 'Görüntülenecek veri yok' is not present on page using regular expression

2021-11-18 11:33:51 - [MESSAGE][PASSED] - Call Test Case 'Test Cases/Tablo/TablodaVeriVarMi' successfully

2021-11-18 11:33:51 - [MESSAGE][INFO] - Checking called Test Case

2021-11-18 11:33:51 - [MESSAGE][INFO] - Starting to call Test Case 'Test Cases/Filtreler/TexboxaYaz'

2021-11-18 11:33:51 - [TEST_CASE][PASSED] - Test Cases/Filtreler/TexboxaYaz: Test Cases/Filtreler/TexboxaYaz

2021-11-18 11:33:51 - [TEST_STEP][PASSED] - Method.TextDegerineEsitElementinAltindakiTextboxtaYaz(findTestObject("Filtreler/Basliklar"), findTestObject("Filtreler/Basliga_Gore_Textbox"), Filtre_Adi, Filtre_Degeri): Method.TextDegerineEsitElementinAltindakiTextboxtaYaz is PASSED

2021-11-18 11:33:51 - [MESSAGE][INFO] - Finding Test Object 'Object Repository/Filtreler/Basliklar'

2021-11-18 11:33:51 - [MESSAGE][INFO] - Finding Test Object 'Object Repository/Filtreler/Basliga_Gore_Textbox'

2021-11-18 11:33:51 - [MESSAGE][INFO] - Checking timeout

2021-11-18 11:33:51 - [MESSAGE][INFO] - Finding web element with id: 'Object Repository/Filtreler/Basliklar' located by 'By.cssSelector: .control-label.col-sm-4.paddingMarginRLC' in '10' second(s)

2021-11-18 11:33:51 - [MESSAGE][INFO] - Smart Wait Function is triggered

2021-11-18 11:33:52 - [MESSAGE][INFO] - Found 18 web elements with id: 'Object Repository/Filtreler/Basliklar' located by 'By.cssSelector: .control-label.col-sm-4.paddingMarginRLC' in '10' second(s)

2021-11-18 11:33:52 - [MESSAGE][INFO] - Smart Wait Function is triggered

2021-11-18 11:33:52 - [MESSAGE][PASSED] - Method.TextDegerineEsitElementinAltindakiTextboxtaYaz is PASSED

2021-11-18 11:33:52 - [MESSAGE][PASSED] - Call Test Case 'Test Cases/Filtreler/TexboxaYaz' successfully

2021-11-18 11:33:52 - [MESSAGE][INFO] - Checking called Test Case

2021-11-18 11:33:52 - [MESSAGE][INFO] - Starting to call Test Case 'Test Cases/Filtreler/ButonaTikla'

2021-11-18 11:33:52 - [TEST_CASE][PASSED] - Test Cases/Filtreler/ButonaTikla: Test Cases/Filtreler/ButonaTikla

2021-11-18 11:33:52 - [TEST_STEP][PASSED] - Method.TextDegerineEsitElementeTikla(findTestObject("Filtreler/Butonlar"), Filtre_Buton): Method.TextDegerineEsitElementeTikla is PASSED

2021-11-18 11:33:52 - [MESSAGE][INFO] - Finding Test Object 'Object Repository/Filtreler/Butonlar'

2021-11-18 11:33:52 - [MESSAGE][INFO] - Checking timeout

2021-11-18 11:33:52 - [MESSAGE][INFO] - Finding web element with id: 'Object Repository/Filtreler/Butonlar' located by 'By.cssSelector: .dxb>span' in '10' second(s)

2021-11-18 11:33:52 - [MESSAGE][INFO] - Smart Wait Function is triggered

2021-11-18 11:33:53 - [MESSAGE][INFO] - Found 3 web elements with id: 'Object Repository/Filtreler/Butonlar' located by 'By.cssSelector: .dxb>span' in '10' second(s)

2021-11-18 11:33:53 - [MESSAGE][PASSED] - Method.TextDegerineEsitElementeTikla is PASSED

2021-11-18 11:33:53 - [MESSAGE][PASSED] - Call Test Case 'Test Cases/Filtreler/ButonaTikla' successfully

2021-11-18 11:33:53 - [MESSAGE][INFO] - Checking called Test Case

2021-11-18 11:33:53 - [MESSAGE][INFO] - Starting to call Test Case 'Test Cases/Tablo/TablodaVeriVarMi'

2021-11-18 11:33:53 - [TEST_CASE][PASSED] - Test Cases/Tablo/TablodaVeriVarMi: Test Cases/Tablo/TablodaVeriVarMi

2021-11-18 11:33:53 - [TEST_STEP][PASSED] - verifyTextNotPresent("Görüntülenecek veri yok", true): Text 'Görüntülenecek veri yok' is not present on page using regular expression

2021-11-18 11:33:53 - [MESSAGE][INFO] - Checking text present  using regular expression

2021-11-18 11:33:53 - [MESSAGE][INFO] - Smart Wait Function is triggered

2021-11-18 11:33:54 - [MESSAGE][INFO] - Finding text 'Görüntülenecek veri yok' on page  using regular expression

2021-11-18 11:33:54 - [MESSAGE][PASSED] - Text 'Görüntülenecek veri yok' is not present on page using regular expression

2021-11-18 11:33:54 - [MESSAGE][PASSED] - Call Test Case 'Test Cases/Tablo/TablodaVeriVarMi' successfully

2021-11-18 11:33:54 - [MESSAGE][INFO] - Checking called Test Case

2021-11-18 11:33:54 - [MESSAGE][INFO] - Starting to call Test Case 'Test Cases/Filtreler/TexboxaYaz'

2021-11-18 11:33:54 - [TEST_CASE][PASSED] - Test Cases/Filtreler/TexboxaYaz: Test Cases/Filtreler/TexboxaYaz

2021-11-18 11:33:54 - [TEST_STEP][PASSED] - Method.TextDegerineEsitElementinAltindakiTextboxtaYaz(findTestObject("Filtreler/Basliklar"), findTestObject("Filtreler/Basliga_Gore_Textbox"), Filtre_Adi, Filtre_Degeri): Method.TextDegerineEsitElementinAltindakiTextboxtaYaz is PASSED

2021-11-18 11:33:54 - [MESSAGE][INFO] - Finding Test Object 'Object Repository/Filtreler/Basliklar'

2021-11-18 11:33:54 - [MESSAGE][INFO] - Finding Test Object 'Object Repository/Filtreler/Basliga_Gore_Textbox'

2021-11-18 11:33:54 - [MESSAGE][INFO] - Checking timeout

2021-11-18 11:33:54 - [MESSAGE][INFO] - Finding web element with id: 'Object Repository/Filtreler/Basliklar' located by 'By.cssSelector: .control-label.col-sm-4.paddingMarginRLC' in '10' second(s)

2021-11-18 11:33:54 - [MESSAGE][INFO] - Smart Wait Function is triggered

2021-11-18 11:33:54 - [MESSAGE][INFO] - Found 18 web elements with id: 'Object Repository/Filtreler/Basliklar' located by 'By.cssSelector: .control-label.col-sm-4.paddingMarginRLC' in '10' second(s)

2021-11-18 11:33:54 - [MESSAGE][INFO] - Smart Wait Function is triggered

2021-11-18 11:33:55 - [MESSAGE][PASSED] - Method.TextDegerineEsitElementinAltindakiTextboxtaYaz is PASSED

2021-11-18 11:33:55 - [MESSAGE][PASSED] - Call Test Case 'Test Cases/Filtreler/TexboxaYaz' successfully

2021-11-18 11:33:55 - [MESSAGE][INFO] - Checking called Test Case

2021-11-18 11:33:55 - [MESSAGE][INFO] - Starting to call Test Case 'Test Cases/Filtreler/ButonaTikla'

2021-11-18 11:33:55 - [TEST_CASE][PASSED] - Test Cases/Filtreler/ButonaTikla: Test Cases/Filtreler/ButonaTikla

2021-11-18 11:33:55 - [TEST_STEP][PASSED] - Method.TextDegerineEsitElementeTikla(findTestObject("Filtreler/Butonlar"), Filtre_Buton): Method.TextDegerineEsitElementeTikla is PASSED

2021-11-18 11:33:55 - [MESSAGE][INFO] - Finding Test Object 'Object Repository/Filtreler/Butonlar'

2021-11-18 11:33:55 - [MESSAGE][INFO] - Checking timeout

2021-11-18 11:33:55 - [MESSAGE][INFO] - Finding web element with id: 'Object Repository/Filtreler/Butonlar' located by 'By.cssSelector: .dxb>span' in '10' second(s)

2021-11-18 11:33:55 - [MESSAGE][INFO] - Smart Wait Function is triggered

2021-11-18 11:33:55 - [MESSAGE][INFO] - Found 3 web elements with id: 'Object Repository/Filtreler/Butonlar' located by 'By.cssSelector: .dxb>span' in '10' second(s)

2021-11-18 11:33:55 - [MESSAGE][PASSED] - Method.TextDegerineEsitElementeTikla is PASSED

2021-11-18 11:33:55 - [MESSAGE][PASSED] - Call Test Case 'Test Cases/Filtreler/ButonaTikla' successfully

2021-11-18 11:33:55 - [MESSAGE][INFO] - Checking called Test Case

2021-11-18 11:33:55 - [MESSAGE][INFO] - Starting to call Test Case 'Test Cases/Tablo/TablodaVeriVarMi'

2021-11-18 11:33:55 - [TEST_CASE][PASSED] - Test Cases/Tablo/TablodaVeriVarMi: Test Cases/Tablo/TablodaVeriVarMi

2021-11-18 11:33:55 - [TEST_STEP][PASSED] - verifyTextNotPresent("Görüntülenecek veri yok", true): Text 'Görüntülenecek veri yok' is not present on page using regular expression

2021-11-18 11:33:55 - [MESSAGE][INFO] - Checking text present  using regular expression

2021-11-18 11:33:55 - [MESSAGE][INFO] - Smart Wait Function is triggered

2021-11-18 11:33:56 - [MESSAGE][INFO] - Finding text 'Görüntülenecek veri yok' on page  using regular expression

2021-11-18 11:33:56 - [MESSAGE][PASSED] - Text 'Görüntülenecek veri yok' is not present on page using regular expression

2021-11-18 11:33:56 - [MESSAGE][PASSED] - Call Test Case 'Test Cases/Tablo/TablodaVeriVarMi' successfully

2021-11-18 11:33:56 - [MESSAGE][INFO] - Checking called Test Case

2021-11-18 11:33:56 - [MESSAGE][INFO] - Starting to call Test Case 'Test Cases/Filtreler/TexboxaYaz'

2021-11-18 11:33:56 - [TEST_CASE][PASSED] - Test Cases/Filtreler/TexboxaYaz: Test Cases/Filtreler/TexboxaYaz

2021-11-18 11:33:56 - [TEST_STEP][PASSED] - Method.TextDegerineEsitElementinAltindakiTextboxtaYaz(findTestObject("Filtreler/Basliklar"), findTestObject("Filtreler/Basliga_Gore_Textbox"), Filtre_Adi, Filtre_Degeri): Method.TextDegerineEsitElementinAltindakiTextboxtaYaz is PASSED

2021-11-18 11:33:56 - [MESSAGE][INFO] - Finding Test Object 'Object Repository/Filtreler/Basliklar'

2021-11-18 11:33:56 - [MESSAGE][INFO] - Finding Test Object 'Object Repository/Filtreler/Basliga_Gore_Textbox'

2021-11-18 11:33:57 - [MESSAGE][INFO] - Checking timeout

2021-11-18 11:33:57 - [MESSAGE][INFO] - Finding web element with id: 'Object Repository/Filtreler/Basliklar' located by 'By.cssSelector: .control-label.col-sm-4.paddingMarginRLC' in '10' second(s)

2021-11-18 11:33:57 - [MESSAGE][INFO] - Smart Wait Function is triggered

2021-11-18 11:33:57 - [MESSAGE][INFO] - Found 18 web elements with id: 'Object Repository/Filtreler/Basliklar' located by 'By.cssSelector: .control-label.col-sm-4.paddingMarginRLC' in '10' second(s)

2021-11-18 11:33:57 - [MESSAGE][INFO] - Smart Wait Function is triggered

2021-11-18 11:33:57 - [MESSAGE][PASSED] - Method.TextDegerineEsitElementinAltindakiTextboxtaYaz is PASSED

2021-11-18 11:33:57 - [MESSAGE][PASSED] - Call Test Case 'Test Cases/Filtreler/TexboxaYaz' successfully

2021-11-18 11:33:57 - [MESSAGE][INFO] - Checking called Test Case

2021-11-18 11:33:57 - [MESSAGE][INFO] - Starting to call Test Case 'Test Cases/Filtreler/ButonaTikla'

2021-11-18 11:33:57 - [TEST_CASE][PASSED] - Test Cases/Filtreler/ButonaTikla: Test Cases/Filtreler/ButonaTikla

2021-11-18 11:33:57 - [TEST_STEP][PASSED] - Method.TextDegerineEsitElementeTikla(findTestObject("Filtreler/Butonlar"), Filtre_Buton): Method.TextDegerineEsitElementeTikla is PASSED

2021-11-18 11:33:57 - [MESSAGE][INFO] - Finding Test Object 'Object Repository/Filtreler/Butonlar'

2021-11-18 11:33:58 - [MESSAGE][INFO] - Checking timeout

2021-11-18 11:33:58 - [MESSAGE][INFO] - Finding web element with id: 'Object Repository/Filtreler/Butonlar' located by 'By.cssSelector: .dxb>span' in '10' second(s)

2021-11-18 11:33:58 - [MESSAGE][INFO] - Smart Wait Function is triggered

2021-11-18 11:33:58 - [MESSAGE][INFO] - Found 3 web elements with id: 'Object Repository/Filtreler/Butonlar' located by 'By.cssSelector: .dxb>span' in '10' second(s)

2021-11-18 11:33:58 - [MESSAGE][PASSED] - Method.TextDegerineEsitElementeTikla is PASSED

2021-11-18 11:33:58 - [MESSAGE][PASSED] - Call Test Case 'Test Cases/Filtreler/ButonaTikla' successfully

2021-11-18 11:33:58 - [MESSAGE][INFO] - Checking called Test Case

2021-11-18 11:33:58 - [MESSAGE][INFO] - Starting to call Test Case 'Test Cases/Tablo/TablodaVeriVarMi'

2021-11-18 11:33:58 - [TEST_CASE][PASSED] - Test Cases/Tablo/TablodaVeriVarMi: Test Cases/Tablo/TablodaVeriVarMi

2021-11-18 11:33:58 - [TEST_STEP][PASSED] - verifyTextNotPresent("Görüntülenecek veri yok", true): Text 'Görüntülenecek veri yok' is not present on page using regular expression

2021-11-18 11:33:58 - [MESSAGE][INFO] - Checking text present  using regular expression

2021-11-18 11:33:58 - [MESSAGE][INFO] - Smart Wait Function is triggered

2021-11-18 11:33:59 - [MESSAGE][INFO] - Finding text 'Görüntülenecek veri yok' on page  using regular expression

2021-11-18 11:33:59 - [MESSAGE][PASSED] - Text 'Görüntülenecek veri yok' is not present on page using regular expression

2021-11-18 11:33:59 - [MESSAGE][PASSED] - Call Test Case 'Test Cases/Tablo/TablodaVeriVarMi' successfully

2021-11-18 11:33:59 - [MESSAGE][INFO] - Checking called Test Case

2021-11-18 11:33:59 - [MESSAGE][INFO] - Starting to call Test Case 'Test Cases/Filtreler/TexboxaYaz'

2021-11-18 11:33:59 - [TEST_CASE][PASSED] - Test Cases/Filtreler/TexboxaYaz: Test Cases/Filtreler/TexboxaYaz

2021-11-18 11:33:59 - [TEST_STEP][PASSED] - Method.TextDegerineEsitElementinAltindakiTextboxtaYaz(findTestObject("Filtreler/Basliklar"), findTestObject("Filtreler/Basliga_Gore_Textbox"), Filtre_Adi, Filtre_Degeri): Method.TextDegerineEsitElementinAltindakiTextboxtaYaz is PASSED

2021-11-18 11:33:59 - [MESSAGE][INFO] - Finding Test Object 'Object Repository/Filtreler/Basliklar'

2021-11-18 11:33:59 - [MESSAGE][INFO] - Finding Test Object 'Object Repository/Filtreler/Basliga_Gore_Textbox'

2021-11-18 11:33:59 - [MESSAGE][INFO] - Checking timeout

2021-11-18 11:33:59 - [MESSAGE][INFO] - Finding web element with id: 'Object Repository/Filtreler/Basliklar' located by 'By.cssSelector: .control-label.col-sm-4.paddingMarginRLC' in '10' second(s)

2021-11-18 11:33:59 - [MESSAGE][INFO] - Smart Wait Function is triggered

2021-11-18 11:33:59 - [MESSAGE][INFO] - Found 18 web elements with id: 'Object Repository/Filtreler/Basliklar' located by 'By.cssSelector: .control-label.col-sm-4.paddingMarginRLC' in '10' second(s)

2021-11-18 11:33:59 - [MESSAGE][INFO] - Smart Wait Function is triggered

2021-11-18 11:34:00 - [MESSAGE][PASSED] - Method.TextDegerineEsitElementinAltindakiTextboxtaYaz is PASSED

2021-11-18 11:34:00 - [MESSAGE][PASSED] - Call Test Case 'Test Cases/Filtreler/TexboxaYaz' successfully

2021-11-18 11:34:00 - [MESSAGE][INFO] - Checking called Test Case

2021-11-18 11:34:00 - [MESSAGE][INFO] - Starting to call Test Case 'Test Cases/Filtreler/ButonaTikla'

2021-11-18 11:34:00 - [TEST_CASE][PASSED] - Test Cases/Filtreler/ButonaTikla: Test Cases/Filtreler/ButonaTikla

2021-11-18 11:34:00 - [TEST_STEP][PASSED] - Method.TextDegerineEsitElementeTikla(findTestObject("Filtreler/Butonlar"), Filtre_Buton): Method.TextDegerineEsitElementeTikla is PASSED

2021-11-18 11:34:00 - [MESSAGE][INFO] - Finding Test Object 'Object Repository/Filtreler/Butonlar'

2021-11-18 11:34:00 - [MESSAGE][INFO] - Checking timeout

2021-11-18 11:34:00 - [MESSAGE][INFO] - Finding web element with id: 'Object Repository/Filtreler/Butonlar' located by 'By.cssSelector: .dxb>span' in '10' second(s)

2021-11-18 11:34:00 - [MESSAGE][INFO] - Smart Wait Function is triggered

2021-11-18 11:34:00 - [MESSAGE][INFO] - Found 3 web elements with id: 'Object Repository/Filtreler/Butonlar' located by 'By.cssSelector: .dxb>span' in '10' second(s)

2021-11-18 11:34:00 - [MESSAGE][PASSED] - Method.TextDegerineEsitElementeTikla is PASSED

2021-11-18 11:34:00 - [MESSAGE][PASSED] - Call Test Case 'Test Cases/Filtreler/ButonaTikla' successfully

2021-11-18 11:34:00 - [MESSAGE][INFO] - Checking called Test Case

2021-11-18 11:34:00 - [MESSAGE][INFO] - Starting to call Test Case 'Test Cases/Tablo/TablodaVeriVarMi'

2021-11-18 11:34:00 - [TEST_CASE][PASSED] - Test Cases/Tablo/TablodaVeriVarMi: Test Cases/Tablo/TablodaVeriVarMi

2021-11-18 11:34:00 - [TEST_STEP][PASSED] - verifyTextNotPresent("Görüntülenecek veri yok", true): Text 'Görüntülenecek veri yok' is not present on page using regular expression

2021-11-18 11:34:00 - [MESSAGE][INFO] - Checking text present  using regular expression

2021-11-18 11:34:00 - [MESSAGE][INFO] - Smart Wait Function is triggered

2021-11-18 11:34:01 - [MESSAGE][INFO] - Finding text 'Görüntülenecek veri yok' on page  using regular expression

2021-11-18 11:34:01 - [MESSAGE][PASSED] - Text 'Görüntülenecek veri yok' is not present on page using regular expression

2021-11-18 11:34:01 - [MESSAGE][PASSED] - Call Test Case 'Test Cases/Tablo/TablodaVeriVarMi' successfully

2021-11-18 11:34:01 - [MESSAGE][INFO] - Checking called Test Case

2021-11-18 11:34:01 - [MESSAGE][INFO] - Starting to call Test Case 'Test Cases/Filtreler/filtreIcerigiSil'

2021-11-18 11:34:01 - [TEST_CASE][PASSED] - Test Cases/Filtreler/filtreIcerigiSil: Test Cases/Filtreler/filtreIcerigiSil

2021-11-18 11:34:01 - [TEST_STEP][PASSED] - Method.TextDegerineEsitElementinAltindakiTextboxtaYaz(findTestObject("Filtreler/Basliklar"), findTestObject("Filtreler/Basliga_Gore_Textbox"), Filtre_Adi, Keys.chord(CONTROL, Keys.chord("a"), BACK_SPACE)): Method.TextDegerineEsitElementinAltindakiTextboxtaYaz is PASSED

2021-11-18 11:34:01 - [MESSAGE][INFO] - Finding Test Object 'Object Repository/Filtreler/Basliklar'

2021-11-18 11:34:01 - [MESSAGE][INFO] - Finding Test Object 'Object Repository/Filtreler/Basliga_Gore_Textbox'

2021-11-18 11:34:01 - [MESSAGE][INFO] - Checking timeout

2021-11-18 11:34:01 - [MESSAGE][INFO] - Finding web element with id: 'Object Repository/Filtreler/Basliklar' located by 'By.cssSelector: .control-label.col-sm-4.paddingMarginRLC' in '10' second(s)

2021-11-18 11:34:01 - [MESSAGE][INFO] - Smart Wait Function is triggered

2021-11-18 11:34:02 - [MESSAGE][INFO] - Found 18 web elements with id: 'Object Repository/Filtreler/Basliklar' located by 'By.cssSelector: .control-label.col-sm-4.paddingMarginRLC' in '10' second(s)

2021-11-18 11:34:02 - [MESSAGE][INFO] - Smart Wait Function is triggered

2021-11-18 11:34:02 - [MESSAGE][PASSED] - Method.TextDegerineEsitElementinAltindakiTextboxtaYaz is PASSED

2021-11-18 11:34:02 - [MESSAGE][PASSED] - Call Test Case 'Test Cases/Filtreler/filtreIcerigiSil' successfully

2021-11-18 11:34:02 - [MESSAGE][INFO] - Checking called Test Case

2021-11-18 11:34:02 - [MESSAGE][INFO] - Starting to call Test Case 'Test Cases/Filtreler/TexboxaYaz'

2021-11-18 11:34:02 - [TEST_CASE][PASSED] - Test Cases/Filtreler/TexboxaYaz: Test Cases/Filtreler/TexboxaYaz

2021-11-18 11:34:02 - [TEST_STEP][PASSED] - Method.TextDegerineEsitElementinAltindakiTextboxtaYaz(findTestObject("Filtreler/Basliklar"), findTestObject("Filtreler/Basliga_Gore_Textbox"), Filtre_Adi, Filtre_Degeri): Method.TextDegerineEsitElementinAltindakiTextboxtaYaz is PASSED

2021-11-18 11:34:02 - [MESSAGE][INFO] - Finding Test Object 'Object Repository/Filtreler/Basliklar'

2021-11-18 11:34:02 - [MESSAGE][INFO] - Finding Test Object 'Object Repository/Filtreler/Basliga_Gore_Textbox'

2021-11-18 11:34:02 - [MESSAGE][INFO] - Checking timeout

2021-11-18 11:34:02 - [MESSAGE][INFO] - Finding web element with id: 'Object Repository/Filtreler/Basliklar' located by 'By.cssSelector: .control-label.col-sm-4.paddingMarginRLC' in '10' second(s)

2021-11-18 11:34:02 - [MESSAGE][INFO] - Smart Wait Function is triggered

2021-11-18 11:34:03 - [MESSAGE][INFO] - Found 18 web elements with id: 'Object Repository/Filtreler/Basliklar' located by 'By.cssSelector: .control-label.col-sm-4.paddingMarginRLC' in '10' second(s)

2021-11-18 11:34:03 - [MESSAGE][INFO] - Smart Wait Function is triggered

2021-11-18 11:34:03 - [MESSAGE][PASSED] - Method.TextDegerineEsitElementinAltindakiTextboxtaYaz is PASSED

2021-11-18 11:34:03 - [MESSAGE][PASSED] - Call Test Case 'Test Cases/Filtreler/TexboxaYaz' successfully

2021-11-18 11:34:03 - [MESSAGE][INFO] - Checking called Test Case

2021-11-18 11:34:03 - [MESSAGE][INFO] - Starting to call Test Case 'Test Cases/Filtreler/ButonaTikla'

2021-11-18 11:34:03 - [TEST_CASE][PASSED] - Test Cases/Filtreler/ButonaTikla: Test Cases/Filtreler/ButonaTikla

2021-11-18 11:34:03 - [TEST_STEP][PASSED] - Method.TextDegerineEsitElementeTikla(findTestObject("Filtreler/Butonlar"), Filtre_Buton): Method.TextDegerineEsitElementeTikla is PASSED

2021-11-18 11:34:03 - [MESSAGE][INFO] - Finding Test Object 'Object Repository/Filtreler/Butonlar'

2021-11-18 11:34:03 - [MESSAGE][INFO] - Checking timeout

2021-11-18 11:34:03 - [MESSAGE][INFO] - Finding web element with id: 'Object Repository/Filtreler/Butonlar' located by 'By.cssSelector: .dxb>span' in '10' second(s)

2021-11-18 11:34:03 - [MESSAGE][INFO] - Smart Wait Function is triggered

2021-11-18 11:34:04 - [MESSAGE][INFO] - Found 3 web elements with id: 'Object Repository/Filtreler/Butonlar' located by 'By.cssSelector: .dxb>span' in '10' second(s)

2021-11-18 11:34:04 - [MESSAGE][PASSED] - Method.TextDegerineEsitElementeTikla is PASSED

2021-11-18 11:34:04 - [MESSAGE][PASSED] - Call Test Case 'Test Cases/Filtreler/ButonaTikla' successfully

2021-11-18 11:34:04 - [MESSAGE][INFO] - Checking called Test Case

2021-11-18 11:34:04 - [MESSAGE][INFO] - Starting to call Test Case 'Test Cases/Tablo/TablodaVeriVarMi'

2021-11-18 11:34:04 - [TEST_CASE][PASSED] - Test Cases/Tablo/TablodaVeriVarMi: Test Cases/Tablo/TablodaVeriVarMi

2021-11-18 11:34:04 - [TEST_STEP][PASSED] - verifyTextNotPresent("Görüntülenecek veri yok", true): Text 'Görüntülenecek veri yok' is not present on page using regular expression

2021-11-18 11:34:04 - [MESSAGE][INFO] - Checking text present  using regular expression

2021-11-18 11:34:04 - [MESSAGE][INFO] - Smart Wait Function is triggered

2021-11-18 11:34:05 - [MESSAGE][INFO] - Finding text 'Görüntülenecek veri yok' on page  using regular expression

2021-11-18 11:34:05 - [MESSAGE][PASSED] - Text 'Görüntülenecek veri yok' is not present on page using regular expression

2021-11-18 11:34:05 - [MESSAGE][PASSED] - Call Test Case 'Test Cases/Tablo/TablodaVeriVarMi' successfully

2021-11-18 11:34:05 - [MESSAGE][INFO] - Checking called Test Case

2021-11-18 11:34:05 - [MESSAGE][INFO] - Starting to call Test Case 'Test Cases/Filtreler/TexboxaYaz'

2021-11-18 11:34:05 - [TEST_CASE][PASSED] - Test Cases/Filtreler/TexboxaYaz: Test Cases/Filtreler/TexboxaYaz

2021-11-18 11:34:05 - [TEST_STEP][PASSED] - Method.TextDegerineEsitElementinAltindakiTextboxtaYaz(findTestObject("Filtreler/Basliklar"), findTestObject("Filtreler/Basliga_Gore_Textbox"), Filtre_Adi, Filtre_Degeri): Method.TextDegerineEsitElementinAltindakiTextboxtaYaz is PASSED

2021-11-18 11:34:05 - [MESSAGE][INFO] - Finding Test Object 'Object Repository/Filtreler/Basliklar'

2021-11-18 11:34:05 - [MESSAGE][INFO] - Finding Test Object 'Object Repository/Filtreler/Basliga_Gore_Textbox'

2021-11-18 11:34:05 - [MESSAGE][INFO] - Checking timeout

2021-11-18 11:34:05 - [MESSAGE][INFO] - Finding web element with id: 'Object Repository/Filtreler/Basliklar' located by 'By.cssSelector: .control-label.col-sm-4.paddingMarginRLC' in '10' second(s)

2021-11-18 11:34:05 - [MESSAGE][INFO] - Smart Wait Function is triggered

2021-11-18 11:34:05 - [MESSAGE][INFO] - Found 18 web elements with id: 'Object Repository/Filtreler/Basliklar' located by 'By.cssSelector: .control-label.col-sm-4.paddingMarginRLC' in '10' second(s)

2021-11-18 11:34:05 - [MESSAGE][INFO] - Smart Wait Function is triggered

2021-11-18 11:34:06 - [MESSAGE][PASSED] - Method.TextDegerineEsitElementinAltindakiTextboxtaYaz is PASSED

2021-11-18 11:34:06 - [MESSAGE][PASSED] - Call Test Case 'Test Cases/Filtreler/TexboxaYaz' successfully

2021-11-18 11:34:06 - [MESSAGE][INFO] - Checking called Test Case

2021-11-18 11:34:06 - [MESSAGE][INFO] - Starting to call Test Case 'Test Cases/Filtreler/ButonaTikla'

2021-11-18 11:34:06 - [TEST_CASE][PASSED] - Test Cases/Filtreler/ButonaTikla: Test Cases/Filtreler/ButonaTikla

2021-11-18 11:34:06 - [TEST_STEP][PASSED] - Method.TextDegerineEsitElementeTikla(findTestObject("Filtreler/Butonlar"), Filtre_Buton): Method.TextDegerineEsitElementeTikla is PASSED

2021-11-18 11:34:06 - [MESSAGE][INFO] - Finding Test Object 'Object Repository/Filtreler/Butonlar'

2021-11-18 11:34:06 - [MESSAGE][INFO] - Checking timeout

2021-11-18 11:34:06 - [MESSAGE][INFO] - Finding web element with id: 'Object Repository/Filtreler/Butonlar' located by 'By.cssSelector: .dxb>span' in '10' second(s)

2021-11-18 11:34:06 - [MESSAGE][INFO] - Smart Wait Function is triggered

2021-11-18 11:34:06 - [MESSAGE][INFO] - Found 3 web elements with id: 'Object Repository/Filtreler/Butonlar' located by 'By.cssSelector: .dxb>span' in '10' second(s)

2021-11-18 11:34:06 - [MESSAGE][PASSED] - Method.TextDegerineEsitElementeTikla is PASSED

2021-11-18 11:34:06 - [MESSAGE][PASSED] - Call Test Case 'Test Cases/Filtreler/ButonaTikla' successfully

2021-11-18 11:34:06 - [MESSAGE][INFO] - Checking called Test Case

2021-11-18 11:34:06 - [MESSAGE][INFO] - Starting to call Test Case 'Test Cases/Tablo/TablodaVeriVarMi'

2021-11-18 11:34:06 - [TEST_CASE][PASSED] - Test Cases/Tablo/TablodaVeriVarMi: Test Cases/Tablo/TablodaVeriVarMi

2021-11-18 11:34:06 - [TEST_STEP][PASSED] - verifyTextNotPresent("Görüntülenecek veri yok", true): Text 'Görüntülenecek veri yok' is not present on page using regular expression

2021-11-18 11:34:06 - [MESSAGE][INFO] - Checking text present  using regular expression

2021-11-18 11:34:06 - [MESSAGE][INFO] - Smart Wait Function is triggered

2021-11-18 11:34:07 - [MESSAGE][INFO] - Finding text 'Görüntülenecek veri yok' on page  using regular expression

2021-11-18 11:34:07 - [MESSAGE][PASSED] - Text 'Görüntülenecek veri yok' is not present on page using regular expression

2021-11-18 11:34:07 - [MESSAGE][PASSED] - Call Test Case 'Test Cases/Tablo/TablodaVeriVarMi' successfully

2021-11-18 11:34:07 - [MESSAGE][INFO] - Checking called Test Case

2021-11-18 11:34:07 - [MESSAGE][INFO] - Starting to call Test Case 'Test Cases/Filtreler/TexboxaYaz'

2021-11-18 11:34:07 - [TEST_CASE][PASSED] - Test Cases/Filtreler/TexboxaYaz: Test Cases/Filtreler/TexboxaYaz

2021-11-18 11:34:07 - [TEST_STEP][PASSED] - Method.TextDegerineEsitElementinAltindakiTextboxtaYaz(findTestObject("Filtreler/Basliklar"), findTestObject("Filtreler/Basliga_Gore_Textbox"), Filtre_Adi, Filtre_Degeri): Method.TextDegerineEsitElementinAltindakiTextboxtaYaz is PASSED

2021-11-18 11:34:07 - [MESSAGE][INFO] - Finding Test Object 'Object Repository/Filtreler/Basliklar'

2021-11-18 11:34:07 - [MESSAGE][INFO] - Finding Test Object 'Object Repository/Filtreler/Basliga_Gore_Textbox'

2021-11-18 11:34:08 - [MESSAGE][INFO] - Checking timeout

2021-11-18 11:34:08 - [MESSAGE][INFO] - Finding web element with id: 'Object Repository/Filtreler/Basliklar' located by 'By.cssSelector: .control-label.col-sm-4.paddingMarginRLC' in '10' second(s)

2021-11-18 11:34:08 - [MESSAGE][INFO] - Smart Wait Function is triggered

2021-11-18 11:34:08 - [MESSAGE][INFO] - Found 18 web elements with id: 'Object Repository/Filtreler/Basliklar' located by 'By.cssSelector: .control-label.col-sm-4.paddingMarginRLC' in '10' second(s)

2021-11-18 11:34:08 - [MESSAGE][INFO] - Smart Wait Function is triggered

2021-11-18 11:34:08 - [MESSAGE][PASSED] - Method.TextDegerineEsitElementinAltindakiTextboxtaYaz is PASSED

2021-11-18 11:34:08 - [MESSAGE][PASSED] - Call Test Case 'Test Cases/Filtreler/TexboxaYaz' successfully

2021-11-18 11:34:08 - [MESSAGE][INFO] - Checking called Test Case

2021-11-18 11:34:08 - [MESSAGE][INFO] - Starting to call Test Case 'Test Cases/Filtreler/ButonaTikla'

2021-11-18 11:34:08 - [TEST_CASE][PASSED] - Test Cases/Filtreler/ButonaTikla: Test Cases/Filtreler/ButonaTikla

2021-11-18 11:34:08 - [TEST_STEP][PASSED] - Method.TextDegerineEsitElementeTikla(findTestObject("Filtreler/Butonlar"), Filtre_Buton): Method.TextDegerineEsitElementeTikla is PASSED

2021-11-18 11:34:08 - [MESSAGE][INFO] - Finding Test Object 'Object Repository/Filtreler/Butonlar'

2021-11-18 11:34:08 - [MESSAGE][INFO] - Checking timeout

2021-11-18 11:34:08 - [MESSAGE][INFO] - Finding web element with id: 'Object Repository/Filtreler/Butonlar' located by 'By.cssSelector: .dxb>span' in '10' second(s)

2021-11-18 11:34:08 - [MESSAGE][INFO] - Smart Wait Function is triggered

2021-11-18 11:34:09 - [MESSAGE][INFO] - Found 3 web elements with id: 'Object Repository/Filtreler/Butonlar' located by 'By.cssSelector: .dxb>span' in '10' second(s)

2021-11-18 11:34:09 - [MESSAGE][PASSED] - Method.TextDegerineEsitElementeTikla is PASSED

2021-11-18 11:34:09 - [MESSAGE][PASSED] - Call Test Case 'Test Cases/Filtreler/ButonaTikla' successfully

2021-11-18 11:34:09 - [MESSAGE][INFO] - Checking called Test Case

2021-11-18 11:34:09 - [MESSAGE][INFO] - Starting to call Test Case 'Test Cases/Tablo/TablodaVeriVarMi'

2021-11-18 11:34:09 - [TEST_CASE][PASSED] - Test Cases/Tablo/TablodaVeriVarMi: Test Cases/Tablo/TablodaVeriVarMi

2021-11-18 11:34:09 - [TEST_STEP][PASSED] - verifyTextNotPresent("Görüntülenecek veri yok", true): Text 'Görüntülenecek veri yok' is not present on page using regular expression

2021-11-18 11:34:09 - [MESSAGE][INFO] - Checking text present  using regular expression

2021-11-18 11:34:09 - [MESSAGE][INFO] - Smart Wait Function is triggered

2021-11-18 11:34:10 - [MESSAGE][INFO] - Finding text 'Görüntülenecek veri yok' on page  using regular expression

2021-11-18 11:34:10 - [MESSAGE][PASSED] - Text 'Görüntülenecek veri yok' is not present on page using regular expression

2021-11-18 11:34:10 - [MESSAGE][PASSED] - Call Test Case 'Test Cases/Tablo/TablodaVeriVarMi' successfully

2021-11-18 11:34:10 - [MESSAGE][INFO] - Checking called Test Case

2021-11-18 11:34:10 - [MESSAGE][INFO] - Starting to call Test Case 'Test Cases/Filtreler/TexboxaYaz'

2021-11-18 11:34:10 - [TEST_CASE][PASSED] - Test Cases/Filtreler/TexboxaYaz: Test Cases/Filtreler/TexboxaYaz

2021-11-18 11:34:10 - [TEST_STEP][PASSED] - Method.TextDegerineEsitElementinAltindakiTextboxtaYaz(findTestObject("Filtreler/Basliklar"), findTestObject("Filtreler/Basliga_Gore_Textbox"), Filtre_Adi, Filtre_Degeri): Method.TextDegerineEsitElementinAltindakiTextboxtaYaz is PASSED

2021-11-18 11:34:10 - [MESSAGE][INFO] - Finding Test Object 'Object Repository/Filtreler/Basliklar'

2021-11-18 11:34:10 - [MESSAGE][INFO] - Finding Test Object 'Object Repository/Filtreler/Basliga_Gore_Textbox'

2021-11-18 11:34:10 - [MESSAGE][INFO] - Checking timeout

2021-11-18 11:34:10 - [MESSAGE][INFO] - Finding web element with id: 'Object Repository/Filtreler/Basliklar' located by 'By.cssSelector: .control-label.col-sm-4.paddingMarginRLC' in '10' second(s)

2021-11-18 11:34:10 - [MESSAGE][INFO] - Smart Wait Function is triggered

2021-11-18 11:34:10 - [MESSAGE][INFO] - Found 18 web elements with id: 'Object Repository/Filtreler/Basliklar' located by 'By.cssSelector: .control-label.col-sm-4.paddingMarginRLC' in '10' second(s)

2021-11-18 11:34:10 - [MESSAGE][INFO] - Smart Wait Function is triggered

2021-11-18 11:34:11 - [MESSAGE][PASSED] - Method.TextDegerineEsitElementinAltindakiTextboxtaYaz is PASSED

2021-11-18 11:34:11 - [MESSAGE][PASSED] - Call Test Case 'Test Cases/Filtreler/TexboxaYaz' successfully

2021-11-18 11:34:11 - [MESSAGE][INFO] - Checking called Test Case

2021-11-18 11:34:11 - [MESSAGE][INFO] - Starting to call Test Case 'Test Cases/Filtreler/ButonaTikla'

2021-11-18 11:34:11 - [TEST_CASE][PASSED] - Test Cases/Filtreler/ButonaTikla: Test Cases/Filtreler/ButonaTikla

2021-11-18 11:34:11 - [TEST_STEP][PASSED] - Method.TextDegerineEsitElementeTikla(findTestObject("Filtreler/Butonlar"), Filtre_Buton): Method.TextDegerineEsitElementeTikla is PASSED

2021-11-18 11:34:11 - [MESSAGE][INFO] - Finding Test Object 'Object Repository/Filtreler/Butonlar'

2021-11-18 11:34:11 - [MESSAGE][INFO] - Checking timeout

2021-11-18 11:34:11 - [MESSAGE][INFO] - Finding web element with id: 'Object Repository/Filtreler/Butonlar' located by 'By.cssSelector: .dxb>span' in '10' second(s)

2021-11-18 11:34:11 - [MESSAGE][INFO] - Smart Wait Function is triggered

2021-11-18 11:34:11 - [MESSAGE][INFO] - Found 3 web elements with id: 'Object Repository/Filtreler/Butonlar' located by 'By.cssSelector: .dxb>span' in '10' second(s)

2021-11-18 11:34:11 - [MESSAGE][PASSED] - Method.TextDegerineEsitElementeTikla is PASSED

2021-11-18 11:34:11 - [MESSAGE][PASSED] - Call Test Case 'Test Cases/Filtreler/ButonaTikla' successfully

2021-11-18 11:34:11 - [MESSAGE][INFO] - Checking called Test Case

2021-11-18 11:34:11 - [MESSAGE][INFO] - Starting to call Test Case 'Test Cases/Tablo/TablodaVeriVarMi'

2021-11-18 11:34:11 - [TEST_CASE][PASSED] - Test Cases/Tablo/TablodaVeriVarMi: Test Cases/Tablo/TablodaVeriVarMi

2021-11-18 11:34:11 - [TEST_STEP][PASSED] - verifyTextNotPresent("Görüntülenecek veri yok", true): Text 'Görüntülenecek veri yok' is not present on page using regular expression

2021-11-18 11:34:11 - [MESSAGE][INFO] - Checking text present  using regular expression

2021-11-18 11:34:11 - [MESSAGE][INFO] - Smart Wait Function is triggered

2021-11-18 11:34:12 - [MESSAGE][INFO] - Finding text 'Görüntülenecek veri yok' on page  using regular expression

2021-11-18 11:34:12 - [MESSAGE][PASSED] - Text 'Görüntülenecek veri yok' is not present on page using regular expression

2021-11-18 11:34:12 - [MESSAGE][PASSED] - Call Test Case 'Test Cases/Tablo/TablodaVeriVarMi' successfully

2021-11-18 11:34:12 - [MESSAGE][INFO] - Checking called Test Case

2021-11-18 11:34:12 - [MESSAGE][INFO] - Starting to call Test Case 'Test Cases/Filtreler/filtreIcerigiSil'

2021-11-18 11:34:12 - [TEST_CASE][PASSED] - Test Cases/Filtreler/filtreIcerigiSil: Test Cases/Filtreler/filtreIcerigiSil

2021-11-18 11:34:12 - [TEST_STEP][PASSED] - Method.TextDegerineEsitElementinAltindakiTextboxtaYaz(findTestObject("Filtreler/Basliklar"), findTestObject("Filtreler/Basliga_Gore_Textbox"), Filtre_Adi, Keys.chord(CONTROL, Keys.chord("a"), BACK_SPACE)): Method.TextDegerineEsitElementinAltindakiTextboxtaYaz is PASSED

2021-11-18 11:34:12 - [MESSAGE][INFO] - Finding Test Object 'Object Repository/Filtreler/Basliklar'

2021-11-18 11:34:12 - [MESSAGE][INFO] - Finding Test Object 'Object Repository/Filtreler/Basliga_Gore_Textbox'

2021-11-18 11:34:12 - [MESSAGE][INFO] - Checking timeout

2021-11-18 11:34:12 - [MESSAGE][INFO] - Finding web element with id: 'Object Repository/Filtreler/Basliklar' located by 'By.cssSelector: .control-label.col-sm-4.paddingMarginRLC' in '10' second(s)

2021-11-18 11:34:12 - [MESSAGE][INFO] - Smart Wait Function is triggered

2021-11-18 11:34:13 - [MESSAGE][INFO] - Found 18 web elements with id: 'Object Repository/Filtreler/Basliklar' located by 'By.cssSelector: .control-label.col-sm-4.paddingMarginRLC' in '10' second(s)

2021-11-18 11:34:13 - [MESSAGE][INFO] - Smart Wait Function is triggered

2021-11-18 11:34:13 - [MESSAGE][PASSED] - Method.TextDegerineEsitElementinAltindakiTextboxtaYaz is PASSED

2021-11-18 11:34:13 - [MESSAGE][PASSED] - Call Test Case 'Test Cases/Filtreler/filtreIcerigiSil' successfully

2021-11-18 11:34:13 - [MESSAGE][INFO] - Checking called Test Case

2021-11-18 11:34:13 - [MESSAGE][INFO] - Starting to call Test Case 'Test Cases/Filtreler/TexboxaYaz'

2021-11-18 11:34:13 - [TEST_CASE][PASSED] - Test Cases/Filtreler/TexboxaYaz: Test Cases/Filtreler/TexboxaYaz

2021-11-18 11:34:13 - [TEST_STEP][PASSED] - Method.TextDegerineEsitElementinAltindakiTextboxtaYaz(findTestObject("Filtreler/Basliklar"), findTestObject("Filtreler/Basliga_Gore_Textbox"), Filtre_Adi, Filtre_Degeri): Method.TextDegerineEsitElementinAltindakiTextboxtaYaz is PASSED

2021-11-18 11:34:13 - [MESSAGE][INFO] - Finding Test Object 'Object Repository/Filtreler/Basliklar'

2021-11-18 11:34:13 - [MESSAGE][INFO] - Finding Test Object 'Object Repository/Filtreler/Basliga_Gore_Textbox'

2021-11-18 11:34:13 - [MESSAGE][INFO] - Checking timeout

2021-11-18 11:34:13 - [MESSAGE][INFO] - Finding web element with id: 'Object Repository/Filtreler/Basliklar' located by 'By.cssSelector: .control-label.col-sm-4.paddingMarginRLC' in '10' second(s)

2021-11-18 11:34:13 - [MESSAGE][INFO] - Smart Wait Function is triggered

2021-11-18 11:34:14 - [MESSAGE][INFO] - Found 18 web elements with id: 'Object Repository/Filtreler/Basliklar' located by 'By.cssSelector: .control-label.col-sm-4.paddingMarginRLC' in '10' second(s)

2021-11-18 11:34:14 - [MESSAGE][INFO] - Smart Wait Function is triggered

2021-11-18 11:34:14 - [MESSAGE][PASSED] - Method.TextDegerineEsitElementinAltindakiTextboxtaYaz is PASSED

2021-11-18 11:34:14 - [MESSAGE][PASSED] - Call Test Case 'Test Cases/Filtreler/TexboxaYaz' successfully

2021-11-18 11:34:14 - [MESSAGE][INFO] - Checking called Test Case

2021-11-18 11:34:14 - [MESSAGE][INFO] - Starting to call Test Case 'Test Cases/Filtreler/ButonaTikla'

2021-11-18 11:34:14 - [TEST_CASE][PASSED] - Test Cases/Filtreler/ButonaTikla: Test Cases/Filtreler/ButonaTikla

2021-11-18 11:34:14 - [TEST_STEP][PASSED] - Method.TextDegerineEsitElementeTikla(findTestObject("Filtreler/Butonlar"), Filtre_Buton): Method.TextDegerineEsitElementeTikla is PASSED

2021-11-18 11:34:14 - [MESSAGE][INFO] - Finding Test Object 'Object Repository/Filtreler/Butonlar'

2021-11-18 11:34:14 - [MESSAGE][INFO] - Checking timeout

2021-11-18 11:34:14 - [MESSAGE][INFO] - Finding web element with id: 'Object Repository/Filtreler/Butonlar' located by 'By.cssSelector: .dxb>span' in '10' second(s)

2021-11-18 11:34:14 - [MESSAGE][INFO] - Smart Wait Function is triggered

2021-11-18 11:34:15 - [MESSAGE][INFO] - Found 3 web elements with id: 'Object Repository/Filtreler/Butonlar' located by 'By.cssSelector: .dxb>span' in '10' second(s)

2021-11-18 11:34:15 - [MESSAGE][PASSED] - Method.TextDegerineEsitElementeTikla is PASSED

2021-11-18 11:34:15 - [MESSAGE][PASSED] - Call Test Case 'Test Cases/Filtreler/ButonaTikla' successfully

2021-11-18 11:34:15 - [MESSAGE][INFO] - Checking called Test Case

2021-11-18 11:34:15 - [MESSAGE][INFO] - Starting to call Test Case 'Test Cases/Tablo/TablodaVeriVarMi'

2021-11-18 11:34:15 - [TEST_CASE][PASSED] - Test Cases/Tablo/TablodaVeriVarMi: Test Cases/Tablo/TablodaVeriVarMi

2021-11-18 11:34:15 - [TEST_STEP][PASSED] - verifyTextNotPresent("Görüntülenecek veri yok", true): Text 'Görüntülenecek veri yok' is not present on page using regular expression

2021-11-18 11:34:15 - [MESSAGE][INFO] - Checking text present  using regular expression

2021-11-18 11:34:15 - [MESSAGE][INFO] - Smart Wait Function is triggered

2021-11-18 11:34:15 - [MESSAGE][INFO] - Finding text 'Görüntülenecek veri yok' on page  using regular expression

2021-11-18 11:34:15 - [MESSAGE][PASSED] - Text 'Görüntülenecek veri yok' is not present on page using regular expression

2021-11-18 11:34:15 - [MESSAGE][PASSED] - Call Test Case 'Test Cases/Tablo/TablodaVeriVarMi' successfully

2021-11-18 11:34:15 - [MESSAGE][INFO] - Checking called Test Case

2021-11-18 11:34:15 - [MESSAGE][INFO] - Starting to call Test Case 'Test Cases/Filtreler/TexboxaYaz'

2021-11-18 11:34:16 - [TEST_CASE][PASSED] - Test Cases/Filtreler/TexboxaYaz: Test Cases/Filtreler/TexboxaYaz

2021-11-18 11:34:16 - [TEST_STEP][PASSED] - Method.TextDegerineEsitElementinAltindakiTextboxtaYaz(findTestObject("Filtreler/Basliklar"), findTestObject("Filtreler/Basliga_Gore_Textbox"), Filtre_Adi, Filtre_Degeri): Method.TextDegerineEsitElementinAltindakiTextboxtaYaz is PASSED

2021-11-18 11:34:16 - [MESSAGE][INFO] - Finding Test Object 'Object Repository/Filtreler/Basliklar'

2021-11-18 11:34:16 - [MESSAGE][INFO] - Finding Test Object 'Object Repository/Filtreler/Basliga_Gore_Textbox'

2021-11-18 11:34:16 - [MESSAGE][INFO] - Checking timeout

2021-11-18 11:34:16 - [MESSAGE][INFO] - Finding web element with id: 'Object Repository/Filtreler/Basliklar' located by 'By.cssSelector: .control-label.col-sm-4.paddingMarginRLC' in '10' second(s)

2021-11-18 11:34:16 - [MESSAGE][INFO] - Smart Wait Function is triggered

2021-11-18 11:34:16 - [MESSAGE][INFO] - Found 18 web elements with id: 'Object Repository/Filtreler/Basliklar' located by 'By.cssSelector: .control-label.col-sm-4.paddingMarginRLC' in '10' second(s)

2021-11-18 11:34:16 - [MESSAGE][INFO] - Smart Wait Function is triggered

2021-11-18 11:34:16 - [MESSAGE][PASSED] - Method.TextDegerineEsitElementinAltindakiTextboxtaYaz is PASSED

2021-11-18 11:34:16 - [MESSAGE][PASSED] - Call Test Case 'Test Cases/Filtreler/TexboxaYaz' successfully

2021-11-18 11:34:16 - [MESSAGE][INFO] - Checking called Test Case

2021-11-18 11:34:16 - [MESSAGE][INFO] - Starting to call Test Case 'Test Cases/Filtreler/ButonaTikla'

2021-11-18 11:34:17 - [TEST_CASE][PASSED] - Test Cases/Filtreler/ButonaTikla: Test Cases/Filtreler/ButonaTikla

2021-11-18 11:34:17 - [TEST_STEP][PASSED] - Method.TextDegerineEsitElementeTikla(findTestObject("Filtreler/Butonlar"), Filtre_Buton): Method.TextDegerineEsitElementeTikla is PASSED

2021-11-18 11:34:17 - [MESSAGE][INFO] - Finding Test Object 'Object Repository/Filtreler/Butonlar'

2021-11-18 11:34:17 - [MESSAGE][INFO] - Checking timeout

2021-11-18 11:34:17 - [MESSAGE][INFO] - Finding web element with id: 'Object Repository/Filtreler/Butonlar' located by 'By.cssSelector: .dxb>span' in '10' second(s)

2021-11-18 11:34:17 - [MESSAGE][INFO] - Smart Wait Function is triggered

2021-11-18 11:34:17 - [MESSAGE][INFO] - Found 3 web elements with id: 'Object Repository/Filtreler/Butonlar' located by 'By.cssSelector: .dxb>span' in '10' second(s)

2021-11-18 11:34:17 - [MESSAGE][PASSED] - Method.TextDegerineEsitElementeTikla is PASSED

2021-11-18 11:34:17 - [MESSAGE][PASSED] - Call Test Case 'Test Cases/Filtreler/ButonaTikla' successfully

2021-11-18 11:34:17 - [MESSAGE][INFO] - Checking called Test Case

2021-11-18 11:34:17 - [MESSAGE][INFO] - Starting to call Test Case 'Test Cases/Tablo/TablodaVeriVarMi'

2021-11-18 11:34:17 - [TEST_CASE][PASSED] - Test Cases/Tablo/TablodaVeriVarMi: Test Cases/Tablo/TablodaVeriVarMi

2021-11-18 11:34:17 - [TEST_STEP][PASSED] - verifyTextNotPresent("Görüntülenecek veri yok", true): Text 'Görüntülenecek veri yok' is not present on page using regular expression

2021-11-18 11:34:17 - [MESSAGE][INFO] - Checking text present  using regular expression

2021-11-18 11:34:17 - [MESSAGE][INFO] - Smart Wait Function is triggered

2021-11-18 11:34:18 - [MESSAGE][INFO] - Finding text 'Görüntülenecek veri yok' on page  using regular expression

2021-11-18 11:34:18 - [MESSAGE][PASSED] - Text 'Görüntülenecek veri yok' is not present on page using regular expression

2021-11-18 11:34:18 - [MESSAGE][PASSED] - Call Test Case 'Test Cases/Tablo/TablodaVeriVarMi' successfully

2021-11-18 11:34:18 - [MESSAGE][INFO] - Checking called Test Case

2021-11-18 11:34:18 - [MESSAGE][INFO] - Starting to call Test Case 'Test Cases/Filtreler/TexboxaYaz'

2021-11-18 11:34:18 - [TEST_CASE][PASSED] - Test Cases/Filtreler/TexboxaYaz: Test Cases/Filtreler/TexboxaYaz

2021-11-18 11:34:18 - [TEST_STEP][PASSED] - Method.TextDegerineEsitElementinAltindakiTextboxtaYaz(findTestObject("Filtreler/Basliklar"), findTestObject("Filtreler/Basliga_Gore_Textbox"), Filtre_Adi, Filtre_Degeri): Method.TextDegerineEsitElementinAltindakiTextboxtaYaz is PASSED

2021-11-18 11:34:18 - [MESSAGE][INFO] - Finding Test Object 'Object Repository/Filtreler/Basliklar'

2021-11-18 11:34:18 - [MESSAGE][INFO] - Finding Test Object 'Object Repository/Filtreler/Basliga_Gore_Textbox'

2021-11-18 11:34:18 - [MESSAGE][INFO] - Checking timeout

2021-11-18 11:34:18 - [MESSAGE][INFO] - Finding web element with id: 'Object Repository/Filtreler/Basliklar' located by 'By.cssSelector: .control-label.col-sm-4.paddingMarginRLC' in '10' second(s)

2021-11-18 11:34:18 - [MESSAGE][INFO] - Smart Wait Function is triggered

2021-11-18 11:34:18 - [MESSAGE][INFO] - Found 18 web elements with id: 'Object Repository/Filtreler/Basliklar' located by 'By.cssSelector: .control-label.col-sm-4.paddingMarginRLC' in '10' second(s)

2021-11-18 11:34:18 - [MESSAGE][INFO] - Smart Wait Function is triggered

2021-11-18 11:34:19 - [MESSAGE][PASSED] - Method.TextDegerineEsitElementinAltindakiTextboxtaYaz is PASSED

2021-11-18 11:34:19 - [MESSAGE][PASSED] - Call Test Case 'Test Cases/Filtreler/TexboxaYaz' successfully

2021-11-18 11:34:19 - [MESSAGE][INFO] - Checking called Test Case

2021-11-18 11:34:19 - [MESSAGE][INFO] - Starting to call Test Case 'Test Cases/Filtreler/ButonaTikla'

2021-11-18 11:34:19 - [TEST_CASE][PASSED] - Test Cases/Filtreler/ButonaTikla: Test Cases/Filtreler/ButonaTikla

2021-11-18 11:34:19 - [TEST_STEP][PASSED] - Method.TextDegerineEsitElementeTikla(findTestObject("Filtreler/Butonlar"), Filtre_Buton): Method.TextDegerineEsitElementeTikla is PASSED

2021-11-18 11:34:19 - [MESSAGE][INFO] - Finding Test Object 'Object Repository/Filtreler/Butonlar'

2021-11-18 11:34:19 - [MESSAGE][INFO] - Checking timeout

2021-11-18 11:34:19 - [MESSAGE][INFO] - Finding web element with id: 'Object Repository/Filtreler/Butonlar' located by 'By.cssSelector: .dxb>span' in '10' second(s)

2021-11-18 11:34:19 - [MESSAGE][INFO] - Smart Wait Function is triggered

2021-11-18 11:34:19 - [MESSAGE][INFO] - Found 3 web elements with id: 'Object Repository/Filtreler/Butonlar' located by 'By.cssSelector: .dxb>span' in '10' second(s)

2021-11-18 11:34:20 - [MESSAGE][PASSED] - Method.TextDegerineEsitElementeTikla is PASSED

2021-11-18 11:34:20 - [MESSAGE][PASSED] - Call Test Case 'Test Cases/Filtreler/ButonaTikla' successfully

2021-11-18 11:34:20 - [MESSAGE][INFO] - Checking called Test Case

2021-11-18 11:34:20 - [MESSAGE][INFO] - Starting to call Test Case 'Test Cases/Tablo/TablodaVeriVarMi'

2021-11-18 11:34:20 - [TEST_CASE][PASSED] - Test Cases/Tablo/TablodaVeriVarMi: Test Cases/Tablo/TablodaVeriVarMi

2021-11-18 11:34:20 - [TEST_STEP][PASSED] - verifyTextNotPresent("Görüntülenecek veri yok", true): Text 'Görüntülenecek veri yok' is not present on page using regular expression

2021-11-18 11:34:20 - [MESSAGE][INFO] - Checking text present  using regular expression

2021-11-18 11:34:20 - [MESSAGE][INFO] - Smart Wait Function is triggered

2021-11-18 11:34:20 - [MESSAGE][INFO] - Finding text 'Görüntülenecek veri yok' on page  using regular expression

2021-11-18 11:34:20 - [MESSAGE][PASSED] - Text 'Görüntülenecek veri yok' is not present on page using regular expression

2021-11-18 11:34:20 - [MESSAGE][PASSED] - Call Test Case 'Test Cases/Tablo/TablodaVeriVarMi' successfully

2021-11-18 11:34:20 - [MESSAGE][INFO] - Checking called Test Case

2021-11-18 11:34:20 - [MESSAGE][INFO] - Starting to call Test Case 'Test Cases/Filtreler/TexboxaYaz'

2021-11-18 11:34:21 - [TEST_CASE][PASSED] - Test Cases/Filtreler/TexboxaYaz: Test Cases/Filtreler/TexboxaYaz

2021-11-18 11:34:21 - [TEST_STEP][PASSED] - Method.TextDegerineEsitElementinAltindakiTextboxtaYaz(findTestObject("Filtreler/Basliklar"), findTestObject("Filtreler/Basliga_Gore_Textbox"), Filtre_Adi, Filtre_Degeri): Method.TextDegerineEsitElementinAltindakiTextboxtaYaz is PASSED

2021-11-18 11:34:21 - [MESSAGE][INFO] - Finding Test Object 'Object Repository/Filtreler/Basliklar'

2021-11-18 11:34:21 - [MESSAGE][INFO] - Finding Test Object 'Object Repository/Filtreler/Basliga_Gore_Textbox'

2021-11-18 11:34:21 - [MESSAGE][INFO] - Checking timeout

2021-11-18 11:34:21 - [MESSAGE][INFO] - Finding web element with id: 'Object Repository/Filtreler/Basliklar' located by 'By.cssSelector: .control-label.col-sm-4.paddingMarginRLC' in '10' second(s)

2021-11-18 11:34:21 - [MESSAGE][INFO] - Smart Wait Function is triggered

2021-11-18 11:34:21 - [MESSAGE][INFO] - Found 18 web elements with id: 'Object Repository/Filtreler/Basliklar' located by 'By.cssSelector: .control-label.col-sm-4.paddingMarginRLC' in '10' second(s)

2021-11-18 11:34:21 - [MESSAGE][INFO] - Smart Wait Function is triggered

2021-11-18 11:34:22 - [MESSAGE][PASSED] - Method.TextDegerineEsitElementinAltindakiTextboxtaYaz is PASSED

2021-11-18 11:34:22 - [MESSAGE][PASSED] - Call Test Case 'Test Cases/Filtreler/TexboxaYaz' successfully

2021-11-18 11:34:22 - [MESSAGE][INFO] - Checking called Test Case

2021-11-18 11:34:22 - [MESSAGE][INFO] - Starting to call Test Case 'Test Cases/Filtreler/ButonaTikla'

2021-11-18 11:34:22 - [TEST_CASE][PASSED] - Test Cases/Filtreler/ButonaTikla: Test Cases/Filtreler/ButonaTikla

2021-11-18 11:34:22 - [TEST_STEP][PASSED] - Method.TextDegerineEsitElementeTikla(findTestObject("Filtreler/Butonlar"), Filtre_Buton): Method.TextDegerineEsitElementeTikla is PASSED

2021-11-18 11:34:22 - [MESSAGE][INFO] - Finding Test Object 'Object Repository/Filtreler/Butonlar'

2021-11-18 11:34:22 - [MESSAGE][INFO] - Checking timeout

2021-11-18 11:34:22 - [MESSAGE][INFO] - Finding web element with id: 'Object Repository/Filtreler/Butonlar' located by 'By.cssSelector: .dxb>span' in '10' second(s)

2021-11-18 11:34:22 - [MESSAGE][INFO] - Smart Wait Function is triggered

2021-11-18 11:34:22 - [MESSAGE][INFO] - Found 3 web elements with id: 'Object Repository/Filtreler/Butonlar' located by 'By.cssSelector: .dxb>span' in '10' second(s)

2021-11-18 11:34:22 - [MESSAGE][PASSED] - Method.TextDegerineEsitElementeTikla is PASSED

2021-11-18 11:34:22 - [MESSAGE][PASSED] - Call Test Case 'Test Cases/Filtreler/ButonaTikla' successfully

2021-11-18 11:34:22 - [MESSAGE][INFO] - Checking called Test Case

2021-11-18 11:34:22 - [MESSAGE][INFO] - Starting to call Test Case 'Test Cases/Tablo/TablodaVeriVarMi'

2021-11-18 11:34:22 - [TEST_CASE][PASSED] - Test Cases/Tablo/TablodaVeriVarMi: Test Cases/Tablo/TablodaVeriVarMi

2021-11-18 11:34:22 - [TEST_STEP][PASSED] - verifyTextNotPresent("Görüntülenecek veri yok", true): Text 'Görüntülenecek veri yok' is not present on page using regular expression

2021-11-18 11:34:22 - [MESSAGE][INFO] - Checking text present  using regular expression

2021-11-18 11:34:22 - [MESSAGE][INFO] - Smart Wait Function is triggered

2021-11-18 11:34:23 - [MESSAGE][INFO] - Finding text 'Görüntülenecek veri yok' on page  using regular expression

2021-11-18 11:34:23 - [MESSAGE][PASSED] - Text 'Görüntülenecek veri yok' is not present on page using regular expression

2021-11-18 11:34:23 - [MESSAGE][PASSED] - Call Test Case 'Test Cases/Tablo/TablodaVeriVarMi' successfully

2021-11-18 11:34:23 - [MESSAGE][INFO] - Checking called Test Case

2021-11-18 11:34:23 - [MESSAGE][INFO] - Starting to call Test Case 'Test Cases/Filtreler/filtreIcerigiSil'

2021-11-18 11:34:23 - [TEST_CASE][PASSED] - Test Cases/Filtreler/filtreIcerigiSil: Test Cases/Filtreler/filtreIcerigiSil

2021-11-18 11:34:23 - [TEST_STEP][PASSED] - Method.TextDegerineEsitElementinAltindakiTextboxtaYaz(findTestObject("Filtreler/Basliklar"), findTestObject("Filtreler/Basliga_Gore_Textbox"), Filtre_Adi, Keys.chord(CONTROL, Keys.chord("a"), BACK_SPACE)): Method.TextDegerineEsitElementinAltindakiTextboxtaYaz is PASSED

2021-11-18 11:34:23 - [MESSAGE][INFO] - Finding Test Object 'Object Repository/Filtreler/Basliklar'

2021-11-18 11:34:23 - [MESSAGE][INFO] - Finding Test Object 'Object Repository/Filtreler/Basliga_Gore_Textbox'

2021-11-18 11:34:24 - [MESSAGE][INFO] - Checking timeout

2021-11-18 11:34:24 - [MESSAGE][INFO] - Finding web element with id: 'Object Repository/Filtreler/Basliklar' located by 'By.cssSelector: .control-label.col-sm-4.paddingMarginRLC' in '10' second(s)

2021-11-18 11:34:24 - [MESSAGE][INFO] - Smart Wait Function is triggered

2021-11-18 11:34:24 - [MESSAGE][INFO] - Found 18 web elements with id: 'Object Repository/Filtreler/Basliklar' located by 'By.cssSelector: .control-label.col-sm-4.paddingMarginRLC' in '10' second(s)

2021-11-18 11:34:24 - [MESSAGE][INFO] - Smart Wait Function is triggered

2021-11-18 11:34:24 - [MESSAGE][PASSED] - Method.TextDegerineEsitElementinAltindakiTextboxtaYaz is PASSED

2021-11-18 11:34:24 - [MESSAGE][PASSED] - Call Test Case 'Test Cases/Filtreler/filtreIcerigiSil' successfully

2021-11-18 11:34:24 - [MESSAGE][INFO] - Checking called Test Case

2021-11-18 11:34:24 - [MESSAGE][INFO] - Starting to call Test Case 'Test Cases/Filtreler/TexboxaYaz'

2021-11-18 11:34:24 - [TEST_CASE][PASSED] - Test Cases/Filtreler/TexboxaYaz: Test Cases/Filtreler/TexboxaYaz

2021-11-18 11:34:24 - [TEST_STEP][PASSED] - Method.TextDegerineEsitElementinAltindakiTextboxtaYaz(findTestObject("Filtreler/Basliklar"), findTestObject("Filtreler/Basliga_Gore_Textbox"), Filtre_Adi, Filtre_Degeri): Method.TextDegerineEsitElementinAltindakiTextboxtaYaz is PASSED

2021-11-18 11:34:24 - [MESSAGE][INFO] - Finding Test Object 'Object Repository/Filtreler/Basliklar'

2021-11-18 11:34:25 - [MESSAGE][INFO] - Finding Test Object 'Object Repository/Filtreler/Basliga_Gore_Textbox'

2021-11-18 11:34:25 - [MESSAGE][INFO] - Checking timeout

2021-11-18 11:34:25 - [MESSAGE][INFO] - Finding web element with id: 'Object Repository/Filtreler/Basliklar' located by 'By.cssSelector: .control-label.col-sm-4.paddingMarginRLC' in '10' second(s)

2021-11-18 11:34:25 - [MESSAGE][INFO] - Smart Wait Function is triggered

2021-11-18 11:34:25 - [MESSAGE][INFO] - Found 18 web elements with id: 'Object Repository/Filtreler/Basliklar' located by 'By.cssSelector: .control-label.col-sm-4.paddingMarginRLC' in '10' second(s)

2021-11-18 11:34:25 - [MESSAGE][INFO] - Smart Wait Function is triggered

2021-11-18 11:34:26 - [MESSAGE][PASSED] - Method.TextDegerineEsitElementinAltindakiTextboxtaYaz is PASSED

2021-11-18 11:34:26 - [MESSAGE][PASSED] - Call Test Case 'Test Cases/Filtreler/TexboxaYaz' successfully

2021-11-18 11:34:26 - [MESSAGE][INFO] - Checking called Test Case

2021-11-18 11:34:26 - [MESSAGE][INFO] - Starting to call Test Case 'Test Cases/Filtreler/ButonaTikla'

2021-11-18 11:34:26 - [TEST_CASE][PASSED] - Test Cases/Filtreler/ButonaTikla: Test Cases/Filtreler/ButonaTikla

2021-11-18 11:34:26 - [TEST_STEP][PASSED] - Method.TextDegerineEsitElementeTikla(findTestObject("Filtreler/Butonlar"), Filtre_Buton): Method.TextDegerineEsitElementeTikla is PASSED

2021-11-18 11:34:26 - [MESSAGE][INFO] - Finding Test Object 'Object Repository/Filtreler/Butonlar'

2021-11-18 11:34:26 - [MESSAGE][INFO] - Checking timeout

2021-11-18 11:34:26 - [MESSAGE][INFO] - Finding web element with id: 'Object Repository/Filtreler/Butonlar' located by 'By.cssSelector: .dxb>span' in '10' second(s)

2021-11-18 11:34:26 - [MESSAGE][INFO] - Smart Wait Function is triggered

2021-11-18 11:34:26 - [MESSAGE][INFO] - Found 3 web elements with id: 'Object Repository/Filtreler/Butonlar' located by 'By.cssSelector: .dxb>span' in '10' second(s)

2021-11-18 11:34:26 - [MESSAGE][PASSED] - Method.TextDegerineEsitElementeTikla is PASSED

2021-11-18 11:34:26 - [MESSAGE][PASSED] - Call Test Case 'Test Cases/Filtreler/ButonaTikla' successfully

2021-11-18 11:34:26 - [MESSAGE][INFO] - Checking called Test Case

2021-11-18 11:34:26 - [MESSAGE][INFO] - Starting to call Test Case 'Test Cases/Tablo/TablodaVeriVarMi'

2021-11-18 11:34:26 - [TEST_CASE][PASSED] - Test Cases/Tablo/TablodaVeriVarMi: Test Cases/Tablo/TablodaVeriVarMi

2021-11-18 11:34:26 - [TEST_STEP][PASSED] - verifyTextNotPresent("Görüntülenecek veri yok", true): Text 'Görüntülenecek veri yok' is not present on page using regular expression

2021-11-18 11:34:26 - [MESSAGE][INFO] - Checking text present  using regular expression

2021-11-18 11:34:26 - [MESSAGE][INFO] - Smart Wait Function is triggered

2021-11-18 11:34:27 - [MESSAGE][INFO] - Finding text 'Görüntülenecek veri yok' on page  using regular expression

2021-11-18 11:34:27 - [MESSAGE][PASSED] - Text 'Görüntülenecek veri yok' is not present on page using regular expression

2021-11-18 11:34:27 - [MESSAGE][PASSED] - Call Test Case 'Test Cases/Tablo/TablodaVeriVarMi' successfully

2021-11-18 11:34:27 - [MESSAGE][INFO] - Checking called Test Case

2021-11-18 11:34:27 - [MESSAGE][INFO] - Starting to call Test Case 'Test Cases/Filtreler/TexboxaYaz'

2021-11-18 11:34:28 - [TEST_CASE][PASSED] - Test Cases/Filtreler/TexboxaYaz: Test Cases/Filtreler/TexboxaYaz

2021-11-18 11:34:28 - [TEST_STEP][PASSED] - Method.TextDegerineEsitElementinAltindakiTextboxtaYaz(findTestObject("Filtreler/Basliklar"), findTestObject("Filtreler/Basliga_Gore_Textbox"), Filtre_Adi, Filtre_Degeri): Method.TextDegerineEsitElementinAltindakiTextboxtaYaz is PASSED

2021-11-18 11:34:28 - [MESSAGE][INFO] - Finding Test Object 'Object Repository/Filtreler/Basliklar'

2021-11-18 11:34:28 - [MESSAGE][INFO] - Finding Test Object 'Object Repository/Filtreler/Basliga_Gore_Textbox'

2021-11-18 11:34:28 - [MESSAGE][INFO] - Checking timeout

2021-11-18 11:34:28 - [MESSAGE][INFO] - Finding web element with id: 'Object Repository/Filtreler/Basliklar' located by 'By.cssSelector: .control-label.col-sm-4.paddingMarginRLC' in '10' second(s)

2021-11-18 11:34:28 - [MESSAGE][INFO] - Smart Wait Function is triggered

2021-11-18 11:34:28 - [MESSAGE][INFO] - Found 18 web elements with id: 'Object Repository/Filtreler/Basliklar' located by 'By.cssSelector: .control-label.col-sm-4.paddingMarginRLC' in '10' second(s)

2021-11-18 11:34:28 - [MESSAGE][INFO] - Smart Wait Function is triggered

2021-11-18 11:34:29 - [MESSAGE][PASSED] - Method.TextDegerineEsitElementinAltindakiTextboxtaYaz is PASSED

2021-11-18 11:34:29 - [MESSAGE][PASSED] - Call Test Case 'Test Cases/Filtreler/TexboxaYaz' successfully

2021-11-18 11:34:29 - [MESSAGE][INFO] - Checking called Test Case

2021-11-18 11:34:29 - [MESSAGE][INFO] - Starting to call Test Case 'Test Cases/Filtreler/ButonaTikla'

2021-11-18 11:34:29 - [TEST_CASE][PASSED] - Test Cases/Filtreler/ButonaTikla: Test Cases/Filtreler/ButonaTikla

2021-11-18 11:34:29 - [TEST_STEP][PASSED] - Method.TextDegerineEsitElementeTikla(findTestObject("Filtreler/Butonlar"), Filtre_Buton): Method.TextDegerineEsitElementeTikla is PASSED

2021-11-18 11:34:29 - [MESSAGE][INFO] - Finding Test Object 'Object Repository/Filtreler/Butonlar'

2021-11-18 11:34:29 - [MESSAGE][INFO] - Checking timeout

2021-11-18 11:34:29 - [MESSAGE][INFO] - Finding web element with id: 'Object Repository/Filtreler/Butonlar' located by 'By.cssSelector: .dxb>span' in '10' second(s)

2021-11-18 11:34:29 - [MESSAGE][INFO] - Smart Wait Function is triggered

2021-11-18 11:34:29 - [MESSAGE][INFO] - Found 3 web elements with id: 'Object Repository/Filtreler/Butonlar' located by 'By.cssSelector: .dxb>span' in '10' second(s)

2021-11-18 11:34:29 - [MESSAGE][PASSED] - Method.TextDegerineEsitElementeTikla is PASSED

2021-11-18 11:34:29 - [MESSAGE][PASSED] - Call Test Case 'Test Cases/Filtreler/ButonaTikla' successfully

2021-11-18 11:34:29 - [MESSAGE][INFO] - Checking called Test Case

2021-11-18 11:34:29 - [MESSAGE][INFO] - Starting to call Test Case 'Test Cases/Tablo/TablodaVeriVarMi'

2021-11-18 11:34:29 - [TEST_CASE][PASSED] - Test Cases/Tablo/TablodaVeriVarMi: Test Cases/Tablo/TablodaVeriVarMi

2021-11-18 11:34:29 - [TEST_STEP][PASSED] - verifyTextNotPresent("Görüntülenecek veri yok", true): Text 'Görüntülenecek veri yok' is not present on page using regular expression

2021-11-18 11:34:29 - [MESSAGE][INFO] - Checking text present  using regular expression

2021-11-18 11:34:29 - [MESSAGE][INFO] - Smart Wait Function is triggered

2021-11-18 11:34:30 - [MESSAGE][INFO] - Finding text 'Görüntülenecek veri yok' on page  using regular expression

2021-11-18 11:34:30 - [MESSAGE][PASSED] - Text 'Görüntülenecek veri yok' is not present on page using regular expression

2021-11-18 11:34:30 - [MESSAGE][PASSED] - Call Test Case 'Test Cases/Tablo/TablodaVeriVarMi' successfully

2021-11-18 11:34:30 - [MESSAGE][INFO] - Checking called Test Case

2021-11-18 11:34:30 - [MESSAGE][INFO] - Starting to call Test Case 'Test Cases/Filtreler/TexboxaYaz'

2021-11-18 11:34:30 - [TEST_CASE][PASSED] - Test Cases/Filtreler/TexboxaYaz: Test Cases/Filtreler/TexboxaYaz

2021-11-18 11:34:30 - [TEST_STEP][PASSED] - Method.TextDegerineEsitElementinAltindakiTextboxtaYaz(findTestObject("Filtreler/Basliklar"), findTestObject("Filtreler/Basliga_Gore_Textbox"), Filtre_Adi, Filtre_Degeri): Method.TextDegerineEsitElementinAltindakiTextboxtaYaz is PASSED

2021-11-18 11:34:30 - [MESSAGE][INFO] - Finding Test Object 'Object Repository/Filtreler/Basliklar'

2021-11-18 11:34:31 - [MESSAGE][INFO] - Finding Test Object 'Object Repository/Filtreler/Basliga_Gore_Textbox'

2021-11-18 11:34:31 - [MESSAGE][INFO] - Checking timeout

2021-11-18 11:34:31 - [MESSAGE][INFO] - Finding web element with id: 'Object Repository/Filtreler/Basliklar' located by 'By.cssSelector: .control-label.col-sm-4.paddingMarginRLC' in '10' second(s)

2021-11-18 11:34:31 - [MESSAGE][INFO] - Smart Wait Function is triggered

2021-11-18 11:34:31 - [MESSAGE][INFO] - Found 18 web elements with id: 'Object Repository/Filtreler/Basliklar' located by 'By.cssSelector: .control-label.col-sm-4.paddingMarginRLC' in '10' second(s)

2021-11-18 11:34:31 - [MESSAGE][INFO] - Smart Wait Function is triggered

2021-11-18 11:34:32 - [MESSAGE][PASSED] - Method.TextDegerineEsitElementinAltindakiTextboxtaYaz is PASSED

2021-11-18 11:34:32 - [MESSAGE][PASSED] - Call Test Case 'Test Cases/Filtreler/TexboxaYaz' successfully

2021-11-18 11:34:32 - [MESSAGE][INFO] - Checking called Test Case

2021-11-18 11:34:32 - [MESSAGE][INFO] - Starting to call Test Case 'Test Cases/Filtreler/ButonaTikla'

2021-11-18 11:34:32 - [TEST_CASE][PASSED] - Test Cases/Filtreler/ButonaTikla: Test Cases/Filtreler/ButonaTikla

2021-11-18 11:34:32 - [TEST_STEP][PASSED] - Method.TextDegerineEsitElementeTikla(findTestObject("Filtreler/Butonlar"), Filtre_Buton): Method.TextDegerineEsitElementeTikla is PASSED

2021-11-18 11:34:32 - [MESSAGE][INFO] - Finding Test Object 'Object Repository/Filtreler/Butonlar'

2021-11-18 11:34:32 - [MESSAGE][INFO] - Checking timeout

2021-11-18 11:34:32 - [MESSAGE][INFO] - Finding web element with id: 'Object Repository/Filtreler/Butonlar' located by 'By.cssSelector: .dxb>span' in '10' second(s)

2021-11-18 11:34:32 - [MESSAGE][INFO] - Smart Wait Function is triggered

2021-11-18 11:34:32 - [MESSAGE][INFO] - Found 3 web elements with id: 'Object Repository/Filtreler/Butonlar' located by 'By.cssSelector: .dxb>span' in '10' second(s)

2021-11-18 11:34:32 - [MESSAGE][PASSED] - Method.TextDegerineEsitElementeTikla is PASSED

2021-11-18 11:34:32 - [MESSAGE][PASSED] - Call Test Case 'Test Cases/Filtreler/ButonaTikla' successfully

2021-11-18 11:34:32 - [MESSAGE][INFO] - Checking called Test Case

2021-11-18 11:34:32 - [MESSAGE][INFO] - Starting to call Test Case 'Test Cases/Tablo/TablodaVeriVarMi'

2021-11-18 11:34:32 - [TEST_CASE][PASSED] - Test Cases/Tablo/TablodaVeriVarMi: Test Cases/Tablo/TablodaVeriVarMi

2021-11-18 11:34:32 - [TEST_STEP][PASSED] - verifyTextNotPresent("Görüntülenecek veri yok", true): Text 'Görüntülenecek veri yok' is not present on page using regular expression

2021-11-18 11:34:32 - [MESSAGE][INFO] - Checking text present  using regular expression

2021-11-18 11:34:32 - [MESSAGE][INFO] - Smart Wait Function is triggered

2021-11-18 11:34:33 - [MESSAGE][INFO] - Finding text 'Görüntülenecek veri yok' on page  using regular expression

2021-11-18 11:34:33 - [MESSAGE][PASSED] - Text 'Görüntülenecek veri yok' is not present on page using regular expression

2021-11-18 11:34:33 - [MESSAGE][PASSED] - Call Test Case 'Test Cases/Tablo/TablodaVeriVarMi' successfully

2021-11-18 11:34:33 - [MESSAGE][INFO] - Checking called Test Case

2021-11-18 11:34:33 - [MESSAGE][INFO] - Starting to call Test Case 'Test Cases/Filtreler/TexboxaYaz'

2021-11-18 11:34:33 - [TEST_CASE][PASSED] - Test Cases/Filtreler/TexboxaYaz: Test Cases/Filtreler/TexboxaYaz

2021-11-18 11:34:33 - [TEST_STEP][PASSED] - Method.TextDegerineEsitElementinAltindakiTextboxtaYaz(findTestObject("Filtreler/Basliklar"), findTestObject("Filtreler/Basliga_Gore_Textbox"), Filtre_Adi, Filtre_Degeri): Method.TextDegerineEsitElementinAltindakiTextboxtaYaz is PASSED

2021-11-18 11:34:33 - [MESSAGE][INFO] - Finding Test Object 'Object Repository/Filtreler/Basliklar'

2021-11-18 11:34:33 - [MESSAGE][INFO] - Finding Test Object 'Object Repository/Filtreler/Basliga_Gore_Textbox'

2021-11-18 11:34:33 - [MESSAGE][INFO] - Checking timeout

2021-11-18 11:34:33 - [MESSAGE][INFO] - Finding web element with id: 'Object Repository/Filtreler/Basliklar' located by 'By.cssSelector: .control-label.col-sm-4.paddingMarginRLC' in '10' second(s)

2021-11-18 11:34:33 - [MESSAGE][INFO] - Smart Wait Function is triggered

2021-11-18 11:34:34 - [MESSAGE][INFO] - Found 18 web elements with id: 'Object Repository/Filtreler/Basliklar' located by 'By.cssSelector: .control-label.col-sm-4.paddingMarginRLC' in '10' second(s)

2021-11-18 11:34:34 - [MESSAGE][INFO] - Smart Wait Function is triggered

2021-11-18 11:34:34 - [MESSAGE][PASSED] - Method.TextDegerineEsitElementinAltindakiTextboxtaYaz is PASSED

2021-11-18 11:34:34 - [MESSAGE][PASSED] - Call Test Case 'Test Cases/Filtreler/TexboxaYaz' successfully

2021-11-18 11:34:34 - [MESSAGE][INFO] - Checking called Test Case

2021-11-18 11:34:34 - [MESSAGE][INFO] - Starting to call Test Case 'Test Cases/Filtreler/ButonaTikla'

2021-11-18 11:34:34 - [TEST_CASE][PASSED] - Test Cases/Filtreler/ButonaTikla: Test Cases/Filtreler/ButonaTikla

2021-11-18 11:34:34 - [TEST_STEP][PASSED] - Method.TextDegerineEsitElementeTikla(findTestObject("Filtreler/Butonlar"), Filtre_Buton): Method.TextDegerineEsitElementeTikla is PASSED

2021-11-18 11:34:34 - [MESSAGE][INFO] - Finding Test Object 'Object Repository/Filtreler/Butonlar'

2021-11-18 11:34:34 - [MESSAGE][INFO] - Checking timeout

2021-11-18 11:34:34 - [MESSAGE][INFO] - Finding web element with id: 'Object Repository/Filtreler/Butonlar' located by 'By.cssSelector: .dxb>span' in '10' second(s)

2021-11-18 11:34:34 - [MESSAGE][INFO] - Smart Wait Function is triggered

2021-11-18 11:34:35 - [MESSAGE][INFO] - Found 3 web elements with id: 'Object Repository/Filtreler/Butonlar' located by 'By.cssSelector: .dxb>span' in '10' second(s)

2021-11-18 11:34:35 - [MESSAGE][PASSED] - Method.TextDegerineEsitElementeTikla is PASSED

2021-11-18 11:34:35 - [MESSAGE][PASSED] - Call Test Case 'Test Cases/Filtreler/ButonaTikla' successfully

2021-11-18 11:34:35 - [MESSAGE][INFO] - Checking called Test Case

2021-11-18 11:34:35 - [MESSAGE][INFO] - Starting to call Test Case 'Test Cases/Tablo/TablodaVeriVarMi'

2021-11-18 11:34:35 - [TEST_CASE][PASSED] - Test Cases/Tablo/TablodaVeriVarMi: Test Cases/Tablo/TablodaVeriVarMi

2021-11-18 11:34:35 - [TEST_STEP][PASSED] - verifyTextNotPresent("Görüntülenecek veri yok", true): Text 'Görüntülenecek veri yok' is not present on page using regular expression

2021-11-18 11:34:35 - [MESSAGE][INFO] - Checking text present  using regular expression

2021-11-18 11:34:35 - [MESSAGE][INFO] - Smart Wait Function is triggered

2021-11-18 11:34:36 - [MESSAGE][INFO] - Finding text 'Görüntülenecek veri yok' on page  using regular expression

2021-11-18 11:34:36 - [MESSAGE][PASSED] - Text 'Görüntülenecek veri yok' is not present on page using regular expression

2021-11-18 11:34:36 - [MESSAGE][PASSED] - Call Test Case 'Test Cases/Tablo/TablodaVeriVarMi' successfully

2021-11-18 11:34:36 - [MESSAGE][INFO] - Checking called Test Case

2021-11-18 11:34:36 - [MESSAGE][INFO] - Starting to call Test Case 'Test Cases/Kullanici_Islemleri/KullaniciIslemlerindenSecimYapilir'

2021-11-18 11:34:36 - [TEST_CASE][PASSED] - Test Cases/Kullanici_Islemleri/KullaniciIslemlerindenSecimYapilir: Test Cases/Kullanici_Islemleri/KullaniciIslemlerindenSecimYapilir

2021-11-18 11:34:36 - [TEST_STEP][PASSED] - waitForElementClickable(findTestObject("Object Repository/Kullanici_Islemleri/KullaniciIslemleri"), 10): Object 'Object Repository/Kullanici_Islemleri/KullaniciIslemleri' is clickable

2021-11-18 11:34:36 - [MESSAGE][INFO] - Finding Test Object 'Object Repository/Kullanici_Islemleri/KullaniciIslemleri'

2021-11-18 11:34:36 - [MESSAGE][INFO] - Checking object

2021-11-18 11:34:36 - [MESSAGE][INFO] - Checking timeout

2021-11-18 11:34:36 - [MESSAGE][INFO] - Finding web element from Test Object's properties

2021-11-18 11:34:36 - [MESSAGE][INFO] - Checking timeout

2021-11-18 11:34:36 - [MESSAGE][INFO] - Finding web element with id: 'Object Repository/Kullanici_Islemleri/KullaniciIslemleri' located by 'By.cssSelector: .dropdown>a>img' in '10' second(s)

2021-11-18 11:34:36 - [MESSAGE][INFO] - Smart Wait Function is triggered

2021-11-18 11:34:36 - [MESSAGE][INFO] - Found 1 web elements with id: 'Object Repository/Kullanici_Islemleri/KullaniciIslemleri' located by 'By.cssSelector: .dropdown>a>img' in '10' second(s)

2021-11-18 11:34:36 - [MESSAGE][PASSED] - Object 'Object Repository/Kullanici_Islemleri/KullaniciIslemleri' is clickable

2021-11-18 11:34:36 - [TEST_STEP][PASSED] - click(findTestObject("Object Repository/Kullanici_Islemleri/KullaniciIslemleri")): Object: 'Object Repository/Kullanici_Islemleri/KullaniciIslemleri' is clicked on

2021-11-18 11:34:36 - [MESSAGE][INFO] - Finding Test Object 'Object Repository/Kullanici_Islemleri/KullaniciIslemleri'

2021-11-18 11:34:36 - [MESSAGE][INFO] - Checking object

2021-11-18 11:34:36 - [MESSAGE][INFO] - Finding web element from Test Object's properties

2021-11-18 11:34:36 - [MESSAGE][INFO] - Checking timeout

2021-11-18 11:34:36 - [MESSAGE][INFO] - Finding web element with id: 'Object Repository/Kullanici_Islemleri/KullaniciIslemleri' located by 'By.cssSelector: .dropdown>a>img' in '30' second(s)

2021-11-18 11:34:36 - [MESSAGE][INFO] - Smart Wait Function is triggered

2021-11-18 11:34:37 - [MESSAGE][INFO] - Found 1 web elements with id: 'Object Repository/Kullanici_Islemleri/KullaniciIslemleri' located by 'By.cssSelector: .dropdown>a>img' in '30' second(s)

2021-11-18 11:34:37 - [MESSAGE][INFO] - Clicking on object: 'Object Repository/Kullanici_Islemleri/KullaniciIslemleri'

2021-11-18 11:34:37 - [MESSAGE][PASSED] - Object: 'Object Repository/Kullanici_Islemleri/KullaniciIslemleri' is clicked on

2021-11-18 11:34:37 - [TEST_STEP][PASSED] - Method.TextDegerineEsitElementeTikla(findTestObject("Object Repository/Kullanici_Islemleri/Secenekler"), Islem): Method.TextDegerineEsitElementeTikla is PASSED

2021-11-18 11:34:37 - [MESSAGE][INFO] - Finding Test Object 'Object Repository/Kullanici_Islemleri/Secenekler'

2021-11-18 11:34:37 - [MESSAGE][INFO] - Checking timeout

2021-11-18 11:34:37 - [MESSAGE][INFO] - Finding web element with id: 'Object Repository/Kullanici_Islemleri/Secenekler' located by 'By.cssSelector: .nav.navbar-nav.navbar-right li a' in '10' second(s)

2021-11-18 11:34:37 - [MESSAGE][INFO] - Smart Wait Function is triggered

2021-11-18 11:34:37 - [MESSAGE][INFO] - Found 22 web elements with id: 'Object Repository/Kullanici_Islemleri/Secenekler' located by 'By.cssSelector: .nav.navbar-nav.navbar-right li a' in '10' second(s)

2021-11-18 11:34:39 - [MESSAGE][PASSED] - Method.TextDegerineEsitElementeTikla is PASSED

2021-11-18 11:34:39 - [TEST_STEP][PASSED] - verifyElementNotPresent(findTestObject("Object Repository/Kullanici_Islemleri/Secenekler"), 10): Web element with id: 'Object Repository/Kullanici_Islemleri/Secenekler' located by 'By.cssSelector: .nav.navbar-nav.navbar-right li a' is not present after '10' second(s)

2021-11-18 11:34:39 - [MESSAGE][INFO] - Finding Test Object 'Object Repository/Kullanici_Islemleri/Secenekler'

2021-11-18 11:34:39 - [MESSAGE][INFO] - Checking object

2021-11-18 11:34:39 - [MESSAGE][INFO] - Checking timeout

2021-11-18 11:34:39 - [MESSAGE][INFO] - Finding web element with id: 'Object Repository/Kullanici_Islemleri/Secenekler' located by 'By.cssSelector: .nav.navbar-nav.navbar-right li a' in '10' second(s)

2021-11-18 11:34:39 - [MESSAGE][INFO] - Smart Wait Function is triggered

2021-11-18 11:34:39 - [MESSAGE][PASSED] - Web element with id: 'Object Repository/Kullanici_Islemleri/Secenekler' located by 'By.cssSelector: .nav.navbar-nav.navbar-right li a' is not present after '10' second(s)

2021-11-18 11:34:39 - [MESSAGE][PASSED] - Call Test Case 'Test Cases/Kullanici_Islemleri/KullaniciIslemlerindenSecimYapilir' successfully

2021-11-18 11:34:39 - [TEST_CASE][PASSED] - Start Test Case : SCENARIO Giden Kutusu Irsaliyeler Buton Kontrolu: SCENARIO Giden Kutusu Irsaliyeler Buton Kontrolu

2021-11-18 11:34:39 - [TEST_STEP][PASSED] - Kullanıcı adı ELOGO6 ve Şifre 123456 olarak giriş yapılır: Kullanıcı adı ELOGO6 ve Şifre 123456 olarak giriş yapılır

2021-11-18 11:34:39 - [MESSAGE][PASSED] - Kullanıcı adı ELOGO6 ve Şifre 123456 olarak giriş yapılır

2021-11-18 11:34:39 - [TEST_STEP][PASSED] - Ana menüden e-İrsaliye seçilir: Ana menüden e-İrsaliye seçilir

2021-11-18 11:34:39 - [MESSAGE][PASSED] - Ana menüden e-İrsaliye seçilir

2021-11-18 11:34:39 - [TEST_STEP][PASSED] - Alt menü Giden Kutusu başlığı altındaki İrsaliyeler seçilir: Alt menü Giden Kutusu başlığı altındaki İrsaliyeler seçilir

2021-11-18 11:34:39 - [MESSAGE][PASSED] - Alt menü Giden Kutusu başlığı altındaki İrsaliyeler seçilir

2021-11-18 11:34:39 - [TEST_STEP][PASSED] - Filtrelerden Oluşturma Tarihi filtresine 01.01.2020 baslangic degerini yaz: Filtrelerden Oluşturma Tarihi filtresine 01.01.2020 baslangic degerini yaz

2021-11-18 11:34:39 - [MESSAGE][PASSED] - Filtrelerden Oluşturma Tarihi filtresine 01.01.2020 baslangic degerini yaz

2021-11-18 11:34:39 - [TEST_STEP][PASSED] - Filtrelerden Oluşturma Tarihi filtresine 31.12.2020 bitis degerini yaz: Filtrelerden Oluşturma Tarihi filtresine 31.12.2020 bitis degerini yaz

2021-11-18 11:34:39 - [MESSAGE][PASSED] - Filtrelerden Oluşturma Tarihi filtresine 31.12.2020 bitis degerini yaz

2021-11-18 11:34:39 - [TEST_STEP][PASSED] - Filtre butonlarından Listele seçilir: Filtre butonlarından Listele seçilir

2021-11-18 11:34:39 - [MESSAGE][PASSED] - Filtre butonlarından Listele seçilir

2021-11-18 11:34:39 - [TEST_STEP][PASSED] - Tablodan Test isimli verinin detayı tıklanır: Tablodan Test isimli verinin detayı tıklanır

2021-11-18 11:34:39 - [MESSAGE][PASSED] - Tablodan Test isimli verinin detayı tıklanır

2021-11-18 11:34:39 - [TEST_STEP][PASSED] - Tablodan Test isimli verinin detayı tıklanır: Tablodan Test isimli verinin detayı tıklanır

2021-11-18 11:34:39 - [MESSAGE][PASSED] - Tablodan Test isimli verinin detayı tıklanır

2021-11-18 11:34:39 - [TEST_STEP][PASSED] - Listelenen öğe sayısı Sayfa 1 / 2 (16 öğe) mi: Listelenen öğe sayısı Sayfa 1 / 2 (16 öğe) mi

2021-11-18 11:34:39 - [MESSAGE][PASSED] - Listelenen öğe sayısı Sayfa 1 / 2 (16 öğe) mi

2021-11-18 11:34:39 - [TEST_STEP][PASSED] - Anasayfaya geri dönülür: Anasayfaya geri dönülür

2021-11-18 11:34:39 - [MESSAGE][PASSED] - Anasayfaya geri dönülür

2021-11-18 11:34:39 - [TEST_STEP][PASSED] - Ana menüden e-İrsaliye seçilir: Ana menüden e-İrsaliye seçilir

2021-11-18 11:34:39 - [MESSAGE][PASSED] - Ana menüden e-İrsaliye seçilir

2021-11-18 11:34:39 - [TEST_STEP][PASSED] - Alt menü Giden Kutusu başlığı altındaki İrsaliyeler seçilir: Alt menü Giden Kutusu başlığı altındaki İrsaliyeler seçilir

2021-11-18 11:34:39 - [MESSAGE][PASSED] - Alt menü Giden Kutusu başlığı altındaki İrsaliyeler seçilir

2021-11-18 11:34:39 - [TEST_STEP][PASSED] - Filtrelerden Oluşturma Tarihi filtresine 01.01.2020 baslangic degerini yaz: Filtrelerden Oluşturma Tarihi filtresine 01.01.2020 baslangic degerini yaz

2021-11-18 11:34:39 - [MESSAGE][PASSED] - Filtrelerden Oluşturma Tarihi filtresine 01.01.2020 baslangic degerini yaz

2021-11-18 11:34:39 - [TEST_STEP][PASSED] - Filtrelerden Oluşturma Tarihi filtresine 31.12.2020 bitis degerini yaz: Filtrelerden Oluşturma Tarihi filtresine 31.12.2020 bitis degerini yaz

2021-11-18 11:34:39 - [MESSAGE][PASSED] - Filtrelerden Oluşturma Tarihi filtresine 31.12.2020 bitis degerini yaz

2021-11-18 11:34:39 - [TEST_STEP][PASSED] - Filtrelerden İrsaliye Tarihi filtresine 01.04.2020 baslangic degerini yaz: Filtrelerden İrsaliye Tarihi filtresine 01.04.2020 baslangic degerini yaz

2021-11-18 11:34:39 - [MESSAGE][PASSED] - Filtrelerden İrsaliye Tarihi filtresine 01.04.2020 baslangic degerini yaz

2021-11-18 11:34:39 - [TEST_STEP][PASSED] - Filtrelerden İrsaliye Tarihi filtresine 30.04.2020 bitis degerini yaz: Filtrelerden İrsaliye Tarihi filtresine 30.04.2020 bitis degerini yaz

2021-11-18 11:34:39 - [MESSAGE][PASSED] - Filtrelerden İrsaliye Tarihi filtresine 30.04.2020 bitis degerini yaz

2021-11-18 11:34:39 - [TEST_STEP][PASSED] - Filtre butonlarından Listele seçilir: Filtre butonlarından Listele seçilir

2021-11-18 11:34:39 - [MESSAGE][PASSED] - Filtre butonlarından Listele seçilir

2021-11-18 11:34:39 - [TEST_STEP][PASSED] - Listelenen öğe sayısı Sayfa 1 / 1 (4 öğe) mi: Listelenen öğe sayısı Sayfa 1 / 1 (4 öğe) mi

2021-11-18 11:34:39 - [MESSAGE][PASSED] - Listelenen öğe sayısı Sayfa 1 / 1 (4 öğe) mi

2021-11-18 11:34:39 - [TEST_STEP][PASSED] - Filtre alanlarında Alıcı Ünvan var mı: Filtre alanlarında Alıcı Ünvan var mı

2021-11-18 11:34:39 - [MESSAGE][PASSED] - Filtre alanlarında Alıcı Ünvan var mı

2021-11-18 11:34:39 - [TEST_STEP][PASSED] - Filtre alanlarında Oluşturma Tarihi var mı: Filtre alanlarında Oluşturma Tarihi var mı

2021-11-18 11:34:39 - [MESSAGE][PASSED] - Filtre alanlarında Oluşturma Tarihi var mı

2021-11-18 11:34:39 - [TEST_STEP][PASSED] - Filtre alanlarında İrsaliye Yanıtı var mı: Filtre alanlarında İrsaliye Yanıtı var mı

2021-11-18 11:34:39 - [MESSAGE][PASSED] - Filtre alanlarında İrsaliye Yanıtı var mı

2021-11-18 11:34:39 - [TEST_STEP][PASSED] - Filtre alanlarında Tür var mı: Filtre alanlarında Tür var mı

2021-11-18 11:34:39 - [MESSAGE][PASSED] - Filtre alanlarında Tür var mı

2021-11-18 11:34:39 - [TEST_STEP][PASSED] - Filtre alanlarında Toplam Tutar var mı: Filtre alanlarında Toplam Tutar var mı

2021-11-18 11:34:39 - [MESSAGE][PASSED] - Filtre alanlarında Toplam Tutar var mı

2021-11-18 11:34:39 - [TEST_STEP][PASSED] - Filtre alanlarında Atanan Departman var mı: Filtre alanlarında Atanan Departman var mı

2021-11-18 11:34:39 - [MESSAGE][PASSED] - Filtre alanlarında Atanan Departman var mı

2021-11-18 11:34:39 - [TEST_STEP][PASSED] - Filtre alanlarında İrsaliye No var mı: Filtre alanlarında İrsaliye No var mı

2021-11-18 11:34:39 - [MESSAGE][PASSED] - Filtre alanlarında İrsaliye No var mı

2021-11-18 11:34:39 - [TEST_STEP][PASSED] - Filtre alanlarında Alıcı VKN/TCKN var mı: Filtre alanlarında Alıcı VKN/TCKN var mı

2021-11-18 11:34:39 - [MESSAGE][PASSED] - Filtre alanlarında Alıcı VKN/TCKN var mı

2021-11-18 11:34:39 - [TEST_STEP][PASSED] - Filtre alanlarında İrsaliye Tarihi var mı: Filtre alanlarında İrsaliye Tarihi var mı

2021-11-18 11:34:39 - [MESSAGE][PASSED] - Filtre alanlarında İrsaliye Tarihi var mı

2021-11-18 11:34:39 - [TEST_STEP][PASSED] - Filtre alanlarında Zarf ETTN var mı: Filtre alanlarında Zarf ETTN var mı

2021-11-18 11:34:39 - [MESSAGE][PASSED] - Filtre alanlarında Zarf ETTN var mı

2021-11-18 11:34:39 - [TEST_STEP][PASSED] - Filtre alanlarında Kullanıcı Kodu var mı: Filtre alanlarında Kullanıcı Kodu var mı

2021-11-18 11:34:39 - [MESSAGE][PASSED] - Filtre alanlarında Kullanıcı Kodu var mı

2021-11-18 11:34:39 - [TEST_STEP][PASSED] - Filtre alanlarında Belge Statüsü var mı: Filtre alanlarında Belge Statüsü var mı

2021-11-18 11:34:39 - [MESSAGE][PASSED] - Filtre alanlarında Belge Statüsü var mı

2021-11-18 11:34:39 - [TEST_STEP][PASSED] - Filtre alanlarında İrsaliye ETTN var mı: Filtre alanlarında İrsaliye ETTN var mı

2021-11-18 11:34:39 - [MESSAGE][PASSED] - Filtre alanlarında İrsaliye ETTN var mı

2021-11-18 11:34:39 - [TEST_STEP][PASSED] - Filtre alanlarında Senaryo var mı: Filtre alanlarında Senaryo var mı

2021-11-18 11:34:39 - [MESSAGE][PASSED] - Filtre alanlarında Senaryo var mı

2021-11-18 11:34:39 - [TEST_STEP][PASSED] - Filtre alanlarında Tüm Hesaplar var mı: Filtre alanlarında Tüm Hesaplar var mı

2021-11-18 11:34:39 - [MESSAGE][PASSED] - Filtre alanlarında Tüm Hesaplar var mı

2021-11-18 11:34:39 - [TEST_STEP][PASSED] - Filtre butonlarında Filtreleri Kaydet var mı: Filtre butonlarında Filtreleri Kaydet var mı

2021-11-18 11:34:39 - [MESSAGE][PASSED] - Filtre butonlarında Filtreleri Kaydet var mı

2021-11-18 11:34:39 - [TEST_STEP][PASSED] - Filtre butonlarında Listele var mı: Filtre butonlarında Listele var mı

2021-11-18 11:34:39 - [MESSAGE][PASSED] - Filtre butonlarında Listele var mı

2021-11-18 11:34:39 - [TEST_STEP][PASSED] - Filtre butonlarında Temizle var mı: Filtre butonlarında Temizle var mı

2021-11-18 11:34:39 - [MESSAGE][PASSED] - Filtre butonlarında Temizle var mı

2021-11-18 11:34:39 - [TEST_STEP][PASSED] - Butonlardan Excel var mı: Butonlardan Excel var mı

2021-11-18 11:34:39 - [MESSAGE][PASSED] - Butonlardan Excel var mı

2021-11-18 11:34:39 - [TEST_STEP][PASSED] - Butonlardan Toplu İndirme var mı: Butonlardan Toplu İndirme var mı

2021-11-18 11:34:39 - [MESSAGE][PASSED] - Butonlardan Toplu İndirme var mı

2021-11-18 11:34:39 - [TEST_STEP][PASSED] - Butonlardan UBL var mı: Butonlardan UBL var mı

2021-11-18 11:34:39 - [MESSAGE][PASSED] - Butonlardan UBL var mı

2021-11-18 11:34:39 - [TEST_STEP][PASSED] - Butonlardan Yazdır var mı: Butonlardan Yazdır var mı

2021-11-18 11:34:39 - [MESSAGE][PASSED] - Butonlardan Yazdır var mı

2021-11-18 11:34:39 - [TEST_STEP][PASSED] - Butonlardan PDF var mı: Butonlardan PDF var mı

2021-11-18 11:34:39 - [MESSAGE][PASSED] - Butonlardan PDF var mı

2021-11-18 11:34:39 - [TEST_STEP][PASSED] - Butonlardan Varsayılan İle Göster var mı: Butonlardan Varsayılan İle Göster var mı

2021-11-18 11:34:39 - [MESSAGE][PASSED] - Butonlardan Varsayılan İle Göster var mı

2021-11-18 11:34:39 - [TEST_STEP][PASSED] - Butonlardan İzleme Kayıtları var mı: Butonlardan İzleme Kayıtları var mı

2021-11-18 11:34:39 - [MESSAGE][PASSED] - Butonlardan İzleme Kayıtları var mı

2021-11-18 11:34:39 - [TEST_STEP][PASSED] - Butonlardan Departman Ata var mı: Butonlardan Departman Ata var mı

2021-11-18 11:34:39 - [MESSAGE][PASSED] - Butonlardan Departman Ata var mı

2021-11-18 11:34:39 - [TEST_STEP][PASSED] - Butonlardan Departman Geri Al var mı: Butonlardan Departman Geri Al var mı

2021-11-18 11:34:39 - [MESSAGE][PASSED] - Butonlardan Departman Geri Al var mı

2021-11-18 11:34:39 - [TEST_STEP][PASSED] - Butonlardan Statü Ata var mı: Butonlardan Statü Ata var mı

2021-11-18 11:34:39 - [MESSAGE][PASSED] - Butonlardan Statü Ata var mı

2021-11-18 11:34:39 - [TEST_STEP][PASSED] - Butonlardan Excel isimli butona tıklanır: Butonlardan Excel isimli butona tıklanır

2021-11-18 11:34:39 - [MESSAGE][PASSED] - Butonlardan Excel isimli butona tıklanır

2021-11-18 11:34:39 - [TEST_STEP][PASSED] - Alt butonlardan Excel'e Aktar var mı: Alt butonlardan Excel'e Aktar var mı

2021-11-18 11:34:39 - [MESSAGE][PASSED] - Alt butonlardan Excel'e Aktar var mı

2021-11-18 11:34:39 - [TEST_STEP][PASSED] - Alt butonlardan Tümünü Excel'e Aktar var mı: Alt butonlardan Tümünü Excel'e Aktar var mı

2021-11-18 11:34:39 - [MESSAGE][PASSED] - Alt butonlardan Tümünü Excel'e Aktar var mı

2021-11-18 11:34:39 - [TEST_STEP][PASSED] - Butonlardan Toplu İndirme isimli butona tıklanır: Butonlardan Toplu İndirme isimli butona tıklanır

2021-11-18 11:34:39 - [MESSAGE][PASSED] - Butonlardan Toplu İndirme isimli butona tıklanır

2021-11-18 11:34:39 - [TEST_STEP][PASSED] - Alt butonlardan PDF Seçilenleri İndir var mı: Alt butonlardan PDF Seçilenleri İndir var mı

2021-11-18 11:34:39 - [MESSAGE][PASSED] - Alt butonlardan PDF Seçilenleri İndir var mı

2021-11-18 11:34:39 - [TEST_STEP][PASSED] - Alt butonlardan PDF Tümünü İndir var mı: Alt butonlardan PDF Tümünü İndir var mı

2021-11-18 11:34:39 - [MESSAGE][PASSED] - Alt butonlardan PDF Tümünü İndir var mı

2021-11-18 11:34:39 - [TEST_STEP][PASSED] - Alt butonlardan UBL Seçilenleri İndir var mı: Alt butonlardan UBL Seçilenleri İndir var mı

2021-11-18 11:34:39 - [MESSAGE][PASSED] - Alt butonlardan UBL Seçilenleri İndir var mı

2021-11-18 11:34:39 - [TEST_STEP][PASSED] - Alt butonlardan UBL Tümünü İndir var mı: Alt butonlardan UBL Tümünü İndir var mı

2021-11-18 11:34:39 - [MESSAGE][PASSED] - Alt butonlardan UBL Tümünü İndir var mı

2021-11-18 11:34:39 - [TEST_STEP][PASSED] - Butonlardan UBL isimli butona tıklanır: Butonlardan UBL isimli butona tıklanır

2021-11-18 11:34:39 - [MESSAGE][PASSED] - Butonlardan UBL isimli butona tıklanır

2021-11-18 11:34:39 - [TEST_STEP][PASSED] - Alt butonlardan Göster var mı: Alt butonlardan Göster var mı

2021-11-18 11:34:39 - [MESSAGE][PASSED] - Alt butonlardan Göster var mı

2021-11-18 11:34:39 - [TEST_STEP][PASSED] - Alt butonlardan İndir var mı: Alt butonlardan İndir var mı

2021-11-18 11:34:39 - [MESSAGE][PASSED] - Alt butonlardan İndir var mı

2021-11-18 11:34:39 - [TEST_STEP][PASSED] - Butonlardan PDF isimli butona tıklanır: Butonlardan PDF isimli butona tıklanır

2021-11-18 11:34:39 - [MESSAGE][PASSED] - Butonlardan PDF isimli butona tıklanır

2021-11-18 11:34:39 - [TEST_STEP][PASSED] - Alt butonlardan Göster var mı: Alt butonlardan Göster var mı

2021-11-18 11:34:39 - [MESSAGE][PASSED] - Alt butonlardan Göster var mı

2021-11-18 11:34:39 - [TEST_STEP][PASSED] - Alt butonlardan İndir var mı: Alt butonlardan İndir var mı

2021-11-18 11:34:39 - [MESSAGE][PASSED] - Alt butonlardan İndir var mı

2021-11-18 11:34:39 - [TEST_STEP][PASSED] - Butonlardan Statü Ata isimli butona tıklanır: Butonlardan Statü Ata isimli butona tıklanır

2021-11-18 11:34:39 - [MESSAGE][PASSED] - Butonlardan Statü Ata isimli butona tıklanır

2021-11-18 11:34:39 - [TEST_STEP][PASSED] - Alt butonlardan Öndeğer var mı: Alt butonlardan Öndeğer var mı

2021-11-18 11:34:39 - [MESSAGE][PASSED] - Alt butonlardan Öndeğer var mı

2021-11-18 11:34:39 - [TEST_STEP][PASSED] - Anasayfaya geri dönülür: Anasayfaya geri dönülür

2021-11-18 11:34:39 - [MESSAGE][PASSED] - Anasayfaya geri dönülür

2021-11-18 11:34:39 - [TEST_STEP][PASSED] - Ana menüden e-İrsaliye seçilir: Ana menüden e-İrsaliye seçilir

2021-11-18 11:34:39 - [MESSAGE][PASSED] - Ana menüden e-İrsaliye seçilir

2021-11-18 11:34:39 - [TEST_STEP][PASSED] - Alt menü Giden Kutusu başlığı altındaki İrsaliyeler seçilir: Alt menü Giden Kutusu başlığı altındaki İrsaliyeler seçilir

2021-11-18 11:34:39 - [MESSAGE][PASSED] - Alt menü Giden Kutusu başlığı altındaki İrsaliyeler seçilir

2021-11-18 11:34:39 - [TEST_STEP][PASSED] - Filtrelerden Oluşturma Tarihi filtresine 01.01.2020 baslangic degerini yaz: Filtrelerden Oluşturma Tarihi filtresine 01.01.2020 baslangic degerini yaz

2021-11-18 11:34:39 - [MESSAGE][PASSED] - Filtrelerden Oluşturma Tarihi filtresine 01.01.2020 baslangic degerini yaz

2021-11-18 11:34:39 - [TEST_STEP][PASSED] - Filtrelerden Oluşturma Tarihi filtresine 31.12.2020 bitis degerini yaz: Filtrelerden Oluşturma Tarihi filtresine 31.12.2020 bitis degerini yaz

2021-11-18 11:34:39 - [MESSAGE][PASSED] - Filtrelerden Oluşturma Tarihi filtresine 31.12.2020 bitis degerini yaz

2021-11-18 11:34:39 - [TEST_STEP][PASSED] - Filtrelerden Alıcı Ünvanı filtresine Logo Elektronik GIB Test textini yaz: Filtrelerden Alıcı Ünvanı filtresine Logo Elektronik GIB Test textini yaz

2021-11-18 11:34:39 - [MESSAGE][PASSED] - Filtrelerden Alıcı Ünvanı filtresine Logo Elektronik GIB Test textini yaz

2021-11-18 11:34:39 - [TEST_STEP][PASSED] - Filtre butonlarından Listele seçilir: Filtre butonlarından Listele seçilir

2021-11-18 11:34:39 - [MESSAGE][PASSED] - Filtre butonlarından Listele seçilir

2021-11-18 11:34:39 - [TEST_STEP][PASSED] - Tabloda veri var mı kontrol edilir: Tabloda veri var mı kontrol edilir

2021-11-18 11:34:39 - [MESSAGE][PASSED] - Tabloda veri var mı kontrol edilir

2021-11-18 11:34:39 - [TEST_STEP][PASSED] - Filtrelerden Alıcı Ünvanı filtresine Logo Elektronik GIB textini yaz: Filtrelerden Alıcı Ünvanı filtresine Logo Elektronik GIB textini yaz

2021-11-18 11:34:39 - [MESSAGE][PASSED] - Filtrelerden Alıcı Ünvanı filtresine Logo Elektronik GIB textini yaz

2021-11-18 11:34:39 - [TEST_STEP][PASSED] - Filtre butonlarından Listele seçilir: Filtre butonlarından Listele seçilir

2021-11-18 11:34:39 - [MESSAGE][PASSED] - Filtre butonlarından Listele seçilir

2021-11-18 11:34:39 - [TEST_STEP][PASSED] - Tabloda veri var mı kontrol edilir: Tabloda veri var mı kontrol edilir

2021-11-18 11:34:39 - [MESSAGE][PASSED] - Tabloda veri var mı kontrol edilir

2021-11-18 11:34:39 - [TEST_STEP][PASSED] - Filtrelerden Alıcı Ünvanı filtresine *Elektronik GIB Test textini yaz: Filtrelerden Alıcı Ünvanı filtresine *Elektronik GIB Test textini yaz

2021-11-18 11:34:39 - [MESSAGE][PASSED] - Filtrelerden Alıcı Ünvanı filtresine *Elektronik GIB Test textini yaz

2021-11-18 11:34:39 - [TEST_STEP][PASSED] - Filtre butonlarından Listele seçilir: Filtre butonlarından Listele seçilir

2021-11-18 11:34:39 - [MESSAGE][PASSED] - Filtre butonlarından Listele seçilir

2021-11-18 11:34:39 - [TEST_STEP][PASSED] - Tabloda veri var mı kontrol edilir: Tabloda veri var mı kontrol edilir

2021-11-18 11:34:39 - [MESSAGE][PASSED] - Tabloda veri var mı kontrol edilir

2021-11-18 11:34:39 - [TEST_STEP][PASSED] - Filtrelerden Alıcı Ünvanı filtresine Logo Elektronik* textini yaz: Filtrelerden Alıcı Ünvanı filtresine Logo Elektronik* textini yaz

2021-11-18 11:34:39 - [MESSAGE][PASSED] - Filtrelerden Alıcı Ünvanı filtresine Logo Elektronik* textini yaz

2021-11-18 11:34:39 - [TEST_STEP][PASSED] - Filtre butonlarından Listele seçilir: Filtre butonlarından Listele seçilir

2021-11-18 11:34:39 - [MESSAGE][PASSED] - Filtre butonlarından Listele seçilir

2021-11-18 11:34:39 - [TEST_STEP][PASSED] - Tabloda veri var mı kontrol edilir: Tabloda veri var mı kontrol edilir

2021-11-18 11:34:39 - [MESSAGE][PASSED] - Tabloda veri var mı kontrol edilir

2021-11-18 11:34:39 - [TEST_STEP][PASSED] - Filtrelerden Alıcı Ünvanı filtresine *Elektronik* textini yaz: Filtrelerden Alıcı Ünvanı filtresine *Elektronik* textini yaz

2021-11-18 11:34:39 - [MESSAGE][PASSED] - Filtrelerden Alıcı Ünvanı filtresine *Elektronik* textini yaz

2021-11-18 11:34:39 - [TEST_STEP][PASSED] - Filtre butonlarından Listele seçilir: Filtre butonlarından Listele seçilir

2021-11-18 11:34:39 - [MESSAGE][PASSED] - Filtre butonlarından Listele seçilir

2021-11-18 11:34:39 - [TEST_STEP][PASSED] - Tabloda veri var mı kontrol edilir: Tabloda veri var mı kontrol edilir

2021-11-18 11:34:39 - [MESSAGE][PASSED] - Tabloda veri var mı kontrol edilir

2021-11-18 11:34:39 - [TEST_STEP][PASSED] - Filtrelerden Alıcı Ünvanı filtresinin iceriğini sil: Filtrelerden Alıcı Ünvanı filtresinin iceriğini sil

2021-11-18 11:34:39 - [MESSAGE][PASSED] - Filtrelerden Alıcı Ünvanı filtresinin iceriğini sil

2021-11-18 11:34:39 - [TEST_STEP][PASSED] - Filtrelerden Alıcı VKN/TCKN filtresine 6090408038 textini yaz: Filtrelerden Alıcı VKN/TCKN filtresine 6090408038 textini yaz

2021-11-18 11:34:39 - [MESSAGE][PASSED] - Filtrelerden Alıcı VKN/TCKN filtresine 6090408038 textini yaz

2021-11-18 11:34:39 - [TEST_STEP][PASSED] - Filtre butonlarından Listele seçilir: Filtre butonlarından Listele seçilir

2021-11-18 11:34:39 - [MESSAGE][PASSED] - Filtre butonlarından Listele seçilir

2021-11-18 11:34:39 - [TEST_STEP][PASSED] - Tabloda veri var mı kontrol edilir: Tabloda veri var mı kontrol edilir

2021-11-18 11:34:39 - [MESSAGE][PASSED] - Tabloda veri var mı kontrol edilir

2021-11-18 11:34:39 - [TEST_STEP][PASSED] - Filtrelerden Alıcı VKN/TCKN filtresine *90408038 textini yaz: Filtrelerden Alıcı VKN/TCKN filtresine *90408038 textini yaz

2021-11-18 11:34:39 - [MESSAGE][PASSED] - Filtrelerden Alıcı VKN/TCKN filtresine *90408038 textini yaz

2021-11-18 11:34:39 - [TEST_STEP][PASSED] - Filtre butonlarından Listele seçilir: Filtre butonlarından Listele seçilir

2021-11-18 11:34:39 - [MESSAGE][PASSED] - Filtre butonlarından Listele seçilir

2021-11-18 11:34:39 - [TEST_STEP][PASSED] - Tabloda veri var mı kontrol edilir: Tabloda veri var mı kontrol edilir

2021-11-18 11:34:39 - [MESSAGE][PASSED] - Tabloda veri var mı kontrol edilir

2021-11-18 11:34:39 - [TEST_STEP][PASSED] - Filtrelerden Alıcı VKN/TCKN filtresine 6090408* textini yaz: Filtrelerden Alıcı VKN/TCKN filtresine 6090408* textini yaz

2021-11-18 11:34:39 - [MESSAGE][PASSED] - Filtrelerden Alıcı VKN/TCKN filtresine 6090408* textini yaz

2021-11-18 11:34:39 - [TEST_STEP][PASSED] - Filtre butonlarından Listele seçilir: Filtre butonlarından Listele seçilir

2021-11-18 11:34:39 - [MESSAGE][PASSED] - Filtre butonlarından Listele seçilir

2021-11-18 11:34:39 - [TEST_STEP][PASSED] - Tabloda veri var mı kontrol edilir: Tabloda veri var mı kontrol edilir

2021-11-18 11:34:39 - [MESSAGE][PASSED] - Tabloda veri var mı kontrol edilir

2021-11-18 11:34:39 - [TEST_STEP][PASSED] - Filtrelerden Alıcı VKN/TCKN filtresine *90408* textini yaz: Filtrelerden Alıcı VKN/TCKN filtresine *90408* textini yaz

2021-11-18 11:34:39 - [MESSAGE][PASSED] - Filtrelerden Alıcı VKN/TCKN filtresine *90408* textini yaz

2021-11-18 11:34:39 - [TEST_STEP][PASSED] - Filtre butonlarından Listele seçilir: Filtre butonlarından Listele seçilir

2021-11-18 11:34:39 - [MESSAGE][PASSED] - Filtre butonlarından Listele seçilir

2021-11-18 11:34:39 - [TEST_STEP][PASSED] - Tabloda veri var mı kontrol edilir: Tabloda veri var mı kontrol edilir

2021-11-18 11:34:39 - [MESSAGE][PASSED] - Tabloda veri var mı kontrol edilir

2021-11-18 11:34:39 - [TEST_STEP][PASSED] - Filtrelerden Alıcı VKN/TCKN filtresinin iceriğini sil: Filtrelerden Alıcı VKN/TCKN filtresinin iceriğini sil

2021-11-18 11:34:39 - [MESSAGE][PASSED] - Filtrelerden Alıcı VKN/TCKN filtresinin iceriğini sil

2021-11-18 11:34:39 - [TEST_STEP][PASSED] - Filtrelerden İrsaliye No filtresine FER2020000000012 textini yaz: Filtrelerden İrsaliye No filtresine FER2020000000012 textini yaz

2021-11-18 11:34:39 - [MESSAGE][PASSED] - Filtrelerden İrsaliye No filtresine FER2020000000012 textini yaz

2021-11-18 11:34:39 - [TEST_STEP][PASSED] - Filtre butonlarından Listele seçilir: Filtre butonlarından Listele seçilir

2021-11-18 11:34:39 - [MESSAGE][PASSED] - Filtre butonlarından Listele seçilir

2021-11-18 11:34:39 - [TEST_STEP][PASSED] - Tabloda veri var mı kontrol edilir: Tabloda veri var mı kontrol edilir

2021-11-18 11:34:39 - [MESSAGE][PASSED] - Tabloda veri var mı kontrol edilir

2021-11-18 11:34:39 - [TEST_STEP][PASSED] - Filtrelerden İrsaliye No filtresine *ER2020000000012 textini yaz: Filtrelerden İrsaliye No filtresine *ER2020000000012 textini yaz

2021-11-18 11:34:39 - [MESSAGE][PASSED] - Filtrelerden İrsaliye No filtresine *ER2020000000012 textini yaz

2021-11-18 11:34:39 - [TEST_STEP][PASSED] - Filtre butonlarından Listele seçilir: Filtre butonlarından Listele seçilir

2021-11-18 11:34:39 - [MESSAGE][PASSED] - Filtre butonlarından Listele seçilir

2021-11-18 11:34:39 - [TEST_STEP][PASSED] - Tabloda veri var mı kontrol edilir: Tabloda veri var mı kontrol edilir

2021-11-18 11:34:39 - [MESSAGE][PASSED] - Tabloda veri var mı kontrol edilir

2021-11-18 11:34:39 - [TEST_STEP][PASSED] - Filtrelerden İrsaliye No filtresine FER2020000000* textini yaz: Filtrelerden İrsaliye No filtresine FER2020000000* textini yaz

2021-11-18 11:34:39 - [MESSAGE][PASSED] - Filtrelerden İrsaliye No filtresine FER2020000000* textini yaz

2021-11-18 11:34:39 - [TEST_STEP][PASSED] - Filtre butonlarından Listele seçilir: Filtre butonlarından Listele seçilir

2021-11-18 11:34:39 - [MESSAGE][PASSED] - Filtre butonlarından Listele seçilir

2021-11-18 11:34:39 - [TEST_STEP][PASSED] - Tabloda veri var mı kontrol edilir: Tabloda veri var mı kontrol edilir

2021-11-18 11:34:39 - [MESSAGE][PASSED] - Tabloda veri var mı kontrol edilir

2021-11-18 11:34:39 - [TEST_STEP][PASSED] - Filtrelerden İrsaliye No filtresine *ER202000000* textini yaz: Filtrelerden İrsaliye No filtresine *ER202000000* textini yaz

2021-11-18 11:34:39 - [MESSAGE][PASSED] - Filtrelerden İrsaliye No filtresine *ER202000000* textini yaz

2021-11-18 11:34:39 - [TEST_STEP][PASSED] - Filtre butonlarından Listele seçilir: Filtre butonlarından Listele seçilir

2021-11-18 11:34:39 - [MESSAGE][PASSED] - Filtre butonlarından Listele seçilir

2021-11-18 11:34:39 - [TEST_STEP][PASSED] - Tabloda veri var mı kontrol edilir: Tabloda veri var mı kontrol edilir

2021-11-18 11:34:39 - [MESSAGE][PASSED] - Tabloda veri var mı kontrol edilir

2021-11-18 11:34:39 - [TEST_STEP][PASSED] - Filtrelerden Alıcı VKN filtresinin iceriğini sil: Filtrelerden Alıcı VKN filtresinin iceriğini sil

2021-11-18 11:34:39 - [MESSAGE][PASSED] - Filtrelerden Alıcı VKN filtresinin iceriğini sil

2021-11-18 11:34:39 - [TEST_STEP][PASSED] - Filtrelerden Müşteri Bayi Kodu filtresine CustomerDealerNo textini yaz: Filtrelerden Müşteri Bayi Kodu filtresine CustomerDealerNo textini yaz

2021-11-18 11:34:39 - [MESSAGE][PASSED] - Filtrelerden Müşteri Bayi Kodu filtresine CustomerDealerNo textini yaz

2021-11-18 11:34:39 - [TEST_STEP][PASSED] - Filtre butonlarından Listele seçilir: Filtre butonlarından Listele seçilir

2021-11-18 11:34:39 - [MESSAGE][PASSED] - Filtre butonlarından Listele seçilir

2021-11-18 11:34:39 - [TEST_STEP][PASSED] - Tabloda veri var mı kontrol edilir: Tabloda veri var mı kontrol edilir

2021-11-18 11:34:39 - [MESSAGE][PASSED] - Tabloda veri var mı kontrol edilir

2021-11-18 11:34:39 - [TEST_STEP][PASSED] - Filtrelerden Müşteri Bayi Kodu filtresine *tomerDealerNo textini yaz: Filtrelerden Müşteri Bayi Kodu filtresine *tomerDealerNo textini yaz

2021-11-18 11:34:39 - [MESSAGE][PASSED] - Filtrelerden Müşteri Bayi Kodu filtresine *tomerDealerNo textini yaz

2021-11-18 11:34:39 - [TEST_STEP][PASSED] - Filtre butonlarından Listele seçilir: Filtre butonlarından Listele seçilir

2021-11-18 11:34:39 - [MESSAGE][PASSED] - Filtre butonlarından Listele seçilir

2021-11-18 11:34:39 - [TEST_STEP][PASSED] - Tabloda veri var mı kontrol edilir: Tabloda veri var mı kontrol edilir

2021-11-18 11:34:39 - [MESSAGE][PASSED] - Tabloda veri var mı kontrol edilir

2021-11-18 11:34:39 - [TEST_STEP][PASSED] - Filtrelerden Müşteri Bayi Kodu filtresine CustomerDeale* textini yaz: Filtrelerden Müşteri Bayi Kodu filtresine CustomerDeale* textini yaz

2021-11-18 11:34:39 - [MESSAGE][PASSED] - Filtrelerden Müşteri Bayi Kodu filtresine CustomerDeale* textini yaz

2021-11-18 11:34:39 - [TEST_STEP][PASSED] - Filtre butonlarından Listele seçilir: Filtre butonlarından Listele seçilir

2021-11-18 11:34:39 - [MESSAGE][PASSED] - Filtre butonlarından Listele seçilir

2021-11-18 11:34:39 - [TEST_STEP][PASSED] - Tabloda veri var mı kontrol edilir: Tabloda veri var mı kontrol edilir

2021-11-18 11:34:39 - [MESSAGE][PASSED] - Tabloda veri var mı kontrol edilir

2021-11-18 11:34:39 - [TEST_STEP][PASSED] - Filtrelerden Müşteri Bayi Kodu filtresine *tomerDeale* textini yaz: Filtrelerden Müşteri Bayi Kodu filtresine *tomerDeale* textini yaz

2021-11-18 11:34:39 - [MESSAGE][PASSED] - Filtrelerden Müşteri Bayi Kodu filtresine *tomerDeale* textini yaz

2021-11-18 11:34:39 - [TEST_STEP][PASSED] - Filtre butonlarından Listele seçilir: Filtre butonlarından Listele seçilir

2021-11-18 11:34:39 - [MESSAGE][PASSED] - Filtre butonlarından Listele seçilir

2021-11-18 11:34:39 - [TEST_STEP][PASSED] - Tabloda veri var mı kontrol edilir: Tabloda veri var mı kontrol edilir

2021-11-18 11:34:39 - [MESSAGE][PASSED] - Tabloda veri var mı kontrol edilir

2021-11-18 11:34:39 - [TEST_STEP][PASSED] - Kullanıcı işlemlerinden Çıkış seçilir: Kullanıcı işlemlerinden Çıkış seçilir

2021-11-18 11:34:39 - [MESSAGE][PASSED] - Kullanıcı işlemlerinden Çıkış seçilir

2021-11-18 11:34:39 - [MESSAGE][PASSED] - Feature file: 'Include/features/e-Irsaliye/Giden Kutusu/Irsaliyeler/Ekran Kontrolu.feature' was passed

2021-11-18 11:34:39 - [TEST_STEP][PASSED] - Start listener action : sampleAfterTestSuite: Invoke 'com.kms.katalon.core.annotation.AfterTestCase' method: 'Listener.sampleAfterTestSuite(...)' completed.

2021-11-18 11:34:39 - [MESSAGE][INFO] - Starting invoke 'com.kms.katalon.core.annotation.AfterTestCase' method: 'Listener.sampleAfterTestSuite(...)'

2021-11-18 11:34:39 - [TEST_STEP][PASSED] - closeBrowser(): Invoke 'com.kms.katalon.core.annotation.AfterTestCase' method: 'Listener.sampleAfterTestSuite(...)' completed.

2021-11-18 11:34:39 - [MESSAGE][INFO] - Closing browser

2021-11-18 11:34:40 - [MESSAGE][PASSED] - Browser is closed

2021-11-18 11:34:40 - [MESSAGE][INFO] - Invoke 'com.kms.katalon.core.annotation.AfterTestCase' method: 'Listener.sampleAfterTestSuite(...)' completed.]]></system-out>
         <system-err><![CDATA[]]></system-err>
      </testcase>
      <testcase name="Test Cases/Case Repository/e-Irsaliye/Giden Kutusu/Irsaliyeler/Gorseli Ac" time="35.531" classname="Test Cases/Case Repository/e-Irsaliye/Giden Kutusu/Irsaliyeler/Gorseli Ac" status="PASSED">
         <system-out><![CDATA[2021-11-18 11:34:40 - [TEST_CASE][PASSED] - Test Cases/Case Repository/e-Irsaliye/Giden Kutusu/Irsaliyeler/Gorseli Ac: Test Cases/Case Repository/e-Irsaliye/Giden Kutusu/Irsaliyeler/Gorseli Ac

2021-11-18 11:34:40 - [TEST_STEP][PASSED] - Start listener action : sampleBeforeTestSuite: Invoke 'com.kms.katalon.core.annotation.BeforeTestCase' method: 'Listener.sampleBeforeTestSuite(...)' completed.

2021-11-18 11:34:40 - [MESSAGE][INFO] - Starting invoke 'com.kms.katalon.core.annotation.BeforeTestCase' method: 'Listener.sampleBeforeTestSuite(...)'

2021-11-18 11:34:40 - [TEST_STEP][PASSED] - openBrowser(baseUrl): Browser is opened with url: 'https://efatura-stage.elogo.com.tr/'

2021-11-18 11:34:40 - [MESSAGE][INFO] - Opening browser

2021-11-18 11:34:40 - [MESSAGE][INFO] - Starting 'Chrome' driver

2021-11-18 11:34:40 - [MESSAGE][INFO] - User set preference: ['prefs', '{download.default_directory=C:\otomasyondownfiles}']

2021-11-18 11:34:40 - [MESSAGE][INFO] - Action delay is set to 0 milliseconds

2021-11-18 11:34:41 - [MESSAGE][INFO] - Navigating browser to: 'https://efatura-stage.elogo.com.tr/'

2021-11-18 11:34:44 - [MESSAGE][PASSED] - Browser is opened with url: 'https://efatura-stage.elogo.com.tr/'

2021-11-18 11:34:44 - [TEST_STEP][PASSED] - maximizeWindow(): Invoke 'com.kms.katalon.core.annotation.BeforeTestCase' method: 'Listener.sampleBeforeTestSuite(...)' completed.

2021-11-18 11:34:44 - [MESSAGE][INFO] - Maximizing current window

2021-11-18 11:34:44 - [MESSAGE][PASSED] - Current window maximized

2021-11-18 11:34:44 - [MESSAGE][INFO] - Invoke 'com.kms.katalon.core.annotation.BeforeTestCase' method: 'Listener.sampleBeforeTestSuite(...)' completed.

2021-11-18 11:34:44 - [TEST_STEP][PASSED] - runFeatureFile("Include/features/e-Irsaliye/Giden Kutusu/Irsaliyeler/Gorseli Ac.feature"): Feature file: 'Include/features/e-Irsaliye/Giden Kutusu/Irsaliyeler/Gorseli Ac.feature' was passed

2021-11-18 11:34:44 - [MESSAGE][INFO] - Starting run keyword runFeatureFile: 'Include/features/e-Irsaliye/Giden Kutusu/Irsaliyeler/Gorseli Ac.feature' and extract report to folder: 'C:\Users\DELL\Documents\GitHub\EES_KatalonLogo\Reports\20211118_110909\Suite Repository\e-Irsaliye\20211118_110920/cucumber_report/1637224484681'...

2021-11-18 11:34:44 - [MESSAGE][INFO] - Glue: []

2021-11-18 11:34:46 - [MESSAGE][INFO] - Checking called Test Case

2021-11-18 11:34:46 - [MESSAGE][INFO] - Starting to call Test Case 'Test Cases/Sayfalar/Giris_Sayfasi/Login'

2021-11-18 11:34:46 - [TEST_CASE][PASSED] - Test Cases/Sayfalar/Giris_Sayfasi/Login: Test Cases/Sayfalar/Giris_Sayfasi/Login

2021-11-18 11:34:46 - [TEST_STEP][PASSED] - Sayfa_Basligi = getWindowTitle(): Current window's title is: 'LOGO e-Fatura'

2021-11-18 11:34:46 - [MESSAGE][INFO] - Getting current window's title

2021-11-18 11:34:46 - [MESSAGE][PASSED] - Current window's title is: 'LOGO e-Fatura'

2021-11-18 11:34:46 - [TEST_STEP][PASSED] - verifyMatch(Sayfa_Basligi, "LOGO e-Fatura", false): Actual text 'LOGO e-Fatura' and expected text 'LOGO e-Fatura' are matched 

2021-11-18 11:34:46 - [MESSAGE][INFO] - Matching actual text 'LOGO e-Fatura' with expected text 'LOGO e-Fatura'

2021-11-18 11:34:46 - [MESSAGE][PASSED] - Actual text 'LOGO e-Fatura' and expected text 'LOGO e-Fatura' are matched 

2021-11-18 11:34:46 - [TEST_STEP][PASSED] - sendKeys(findTestObject("Sayfalar/Giris_Sayfasi/Firma_Kodu"), KullaniciAdi): Keys 'ELOGO6' sent to object: 'Object Repository/Sayfalar/Giris_Sayfasi/Firma_Kodu'

2021-11-18 11:34:46 - [MESSAGE][INFO] - Finding Test Object 'Object Repository/Sayfalar/Giris_Sayfasi/Firma_Kodu'

2021-11-18 11:34:46 - [MESSAGE][INFO] - Sending keys 'ELOGO6' to object: 'Object Repository/Sayfalar/Giris_Sayfasi/Firma_Kodu'

2021-11-18 11:34:46 - [MESSAGE][INFO] - Finding web element from Test Object's properties

2021-11-18 11:34:46 - [MESSAGE][INFO] - Checking timeout

2021-11-18 11:34:46 - [MESSAGE][INFO] - Finding web element with id: 'Object Repository/Sayfalar/Giris_Sayfasi/Firma_Kodu' located by 'By.xpath: //*[@id = 'AccountName']' in '30' second(s)

2021-11-18 11:34:46 - [MESSAGE][INFO] - Smart Wait Function is triggered

2021-11-18 11:34:46 - [MESSAGE][INFO] - Found 1 web elements with id: 'Object Repository/Sayfalar/Giris_Sayfasi/Firma_Kodu' located by 'By.xpath: //*[@id = 'AccountName']' in '30' second(s)

2021-11-18 11:34:46 - [MESSAGE][PASSED] - Keys 'ELOGO6' sent to object: 'Object Repository/Sayfalar/Giris_Sayfasi/Firma_Kodu'

2021-11-18 11:34:46 - [TEST_STEP][PASSED] - sendKeys(findTestObject("Sayfalar/Giris_Sayfasi/Sifre"), Sifre): Keys '123456' sent to object: 'Object Repository/Sayfalar/Giris_Sayfasi/Sifre'

2021-11-18 11:34:46 - [MESSAGE][INFO] - Finding Test Object 'Object Repository/Sayfalar/Giris_Sayfasi/Sifre'

2021-11-18 11:34:46 - [MESSAGE][INFO] - Sending keys '123456' to object: 'Object Repository/Sayfalar/Giris_Sayfasi/Sifre'

2021-11-18 11:34:46 - [MESSAGE][INFO] - Finding web element from Test Object's properties

2021-11-18 11:34:46 - [MESSAGE][INFO] - Checking timeout

2021-11-18 11:34:46 - [MESSAGE][INFO] - Finding web element with id: 'Object Repository/Sayfalar/Giris_Sayfasi/Sifre' located by 'By.xpath: //*[@id = 'Password']' in '30' second(s)

2021-11-18 11:34:46 - [MESSAGE][INFO] - Smart Wait Function is triggered

2021-11-18 11:34:47 - [MESSAGE][INFO] - Found 1 web elements with id: 'Object Repository/Sayfalar/Giris_Sayfasi/Sifre' located by 'By.xpath: //*[@id = 'Password']' in '30' second(s)

2021-11-18 11:34:47 - [MESSAGE][PASSED] - Keys '123456' sent to object: 'Object Repository/Sayfalar/Giris_Sayfasi/Sifre'

2021-11-18 11:34:47 - [TEST_STEP][PASSED] - findWebElement(findTestObject("Sayfalar/Giris_Sayfasi/Giris_Butonu")).click(): Found 1 web elements with id: 'Object Repository/Sayfalar/Giris_Sayfasi/Giris_Butonu' located by 'By.cssSelector: #btnLogin' in '30' second(s)

2021-11-18 11:34:47 - [MESSAGE][INFO] - Finding Test Object 'Object Repository/Sayfalar/Giris_Sayfasi/Giris_Butonu'

2021-11-18 11:34:47 - [MESSAGE][INFO] - Finding web element from Test Object's properties

2021-11-18 11:34:47 - [MESSAGE][INFO] - Checking timeout

2021-11-18 11:34:47 - [MESSAGE][INFO] - Finding web element with id: 'Object Repository/Sayfalar/Giris_Sayfasi/Giris_Butonu' located by 'By.cssSelector: #btnLogin' in '30' second(s)

2021-11-18 11:34:47 - [MESSAGE][INFO] - Smart Wait Function is triggered

2021-11-18 11:34:47 - [MESSAGE][INFO] - Found 1 web elements with id: 'Object Repository/Sayfalar/Giris_Sayfasi/Giris_Butonu' located by 'By.cssSelector: #btnLogin' in '30' second(s)

2021-11-18 11:34:50 - [TEST_STEP][PASSED] - if (verifyElementPresent(findTestObject("Object Repository/Sayfalar/Giris_Sayfasi/RetveTamam_Butonu"), 5, OPTIONAL)): null

2021-11-18 11:34:50 - [MESSAGE][INFO] - Finding Test Object 'Object Repository/Sayfalar/Giris_Sayfasi/RetveTamam_Butonu'

2021-11-18 11:34:50 - [MESSAGE][INFO] - Checking object

2021-11-18 11:34:50 - [MESSAGE][INFO] - Finding web element from Test Object's properties

2021-11-18 11:34:50 - [MESSAGE][INFO] - Checking timeout

2021-11-18 11:34:50 - [MESSAGE][INFO] - Finding web element with id: 'Object Repository/Sayfalar/Giris_Sayfasi/RetveTamam_Butonu' located by 'By.xpath: //*[@class = 'btn btn-default']' in '5' second(s)

2021-11-18 11:34:50 - [MESSAGE][INFO] - Smart Wait Function is triggered

2021-11-18 11:34:50 - [MESSAGE][INFO] - Found 1 web elements with id: 'Object Repository/Sayfalar/Giris_Sayfasi/RetveTamam_Butonu' located by 'By.xpath: //*[@class = 'btn btn-default']' in '5' second(s)

2021-11-18 11:34:50 - [MESSAGE][PASSED] - Object 'Object Repository/Sayfalar/Giris_Sayfasi/RetveTamam_Butonu' is present

2021-11-18 11:34:50 - [TEST_STEP][PASSED] - click(findTestObject("Object Repository/Sayfalar/Giris_Sayfasi/RetveTamam_Butonu")): Object: 'Object Repository/Sayfalar/Giris_Sayfasi/RetveTamam_Butonu' is clicked on

2021-11-18 11:34:50 - [MESSAGE][INFO] - Finding Test Object 'Object Repository/Sayfalar/Giris_Sayfasi/RetveTamam_Butonu'

2021-11-18 11:34:50 - [MESSAGE][INFO] - Checking object

2021-11-18 11:34:50 - [MESSAGE][INFO] - Finding web element from Test Object's properties

2021-11-18 11:34:50 - [MESSAGE][INFO] - Checking timeout

2021-11-18 11:34:50 - [MESSAGE][INFO] - Finding web element with id: 'Object Repository/Sayfalar/Giris_Sayfasi/RetveTamam_Butonu' located by 'By.xpath: //*[@class = 'btn btn-default']' in '30' second(s)

2021-11-18 11:34:50 - [MESSAGE][INFO] - Smart Wait Function is triggered

2021-11-18 11:34:51 - [MESSAGE][INFO] - Found 1 web elements with id: 'Object Repository/Sayfalar/Giris_Sayfasi/RetveTamam_Butonu' located by 'By.xpath: //*[@class = 'btn btn-default']' in '30' second(s)

2021-11-18 11:34:51 - [MESSAGE][INFO] - Clicking on object: 'Object Repository/Sayfalar/Giris_Sayfasi/RetveTamam_Butonu'

2021-11-18 11:34:51 - [MESSAGE][PASSED] - Object: 'Object Repository/Sayfalar/Giris_Sayfasi/RetveTamam_Butonu' is clicked on

2021-11-18 11:34:51 - [TEST_STEP][PASSED] - click(findTestObject("Object Repository/Sayfalar/Giris_Sayfasi/RetveTamam_Butonu")): Object: 'Object Repository/Sayfalar/Giris_Sayfasi/RetveTamam_Butonu' is clicked on

2021-11-18 11:34:51 - [MESSAGE][INFO] - Finding Test Object 'Object Repository/Sayfalar/Giris_Sayfasi/RetveTamam_Butonu'

2021-11-18 11:34:51 - [MESSAGE][INFO] - Checking object

2021-11-18 11:34:51 - [MESSAGE][INFO] - Finding web element from Test Object's properties

2021-11-18 11:34:51 - [MESSAGE][INFO] - Checking timeout

2021-11-18 11:34:51 - [MESSAGE][INFO] - Finding web element with id: 'Object Repository/Sayfalar/Giris_Sayfasi/RetveTamam_Butonu' located by 'By.xpath: //*[@class = 'btn btn-default']' in '30' second(s)

2021-11-18 11:34:51 - [MESSAGE][INFO] - Smart Wait Function is triggered

2021-11-18 11:34:55 - [MESSAGE][INFO] - Found 1 web elements with id: 'Object Repository/Sayfalar/Giris_Sayfasi/RetveTamam_Butonu' located by 'By.xpath: //*[@class = 'btn btn-default']' in '30' second(s)

2021-11-18 11:34:55 - [MESSAGE][INFO] - Clicking on object: 'Object Repository/Sayfalar/Giris_Sayfasi/RetveTamam_Butonu'

2021-11-18 11:34:55 - [MESSAGE][PASSED] - Object: 'Object Repository/Sayfalar/Giris_Sayfasi/RetveTamam_Butonu' is clicked on

2021-11-18 11:34:55 - [TEST_STEP][PASSED] - if (verifyElementPresent(findTestObject("Sayfalar/Giris_Sayfasi/PopupOK"), 5, OPTIONAL)): null

2021-11-18 11:34:55 - [MESSAGE][INFO] - Finding Test Object 'Object Repository/Sayfalar/Giris_Sayfasi/PopupOK'

2021-11-18 11:34:55 - [MESSAGE][INFO] - Checking object

2021-11-18 11:34:55 - [MESSAGE][INFO] - Finding web element from Test Object's properties

2021-11-18 11:34:55 - [MESSAGE][INFO] - Checking timeout

2021-11-18 11:34:55 - [MESSAGE][INFO] - Finding web element with id: 'Object Repository/Sayfalar/Giris_Sayfasi/PopupOK' located by 'By.cssSelector: .btn.btn-success' in '5' second(s)

2021-11-18 11:34:55 - [MESSAGE][INFO] - Smart Wait Function is triggered

2021-11-18 11:34:56 - [MESSAGE][INFO] - Found 1 web elements with id: 'Object Repository/Sayfalar/Giris_Sayfasi/PopupOK' located by 'By.cssSelector: .btn.btn-success' in '5' second(s)

2021-11-18 11:34:56 - [MESSAGE][PASSED] - Object 'Object Repository/Sayfalar/Giris_Sayfasi/PopupOK' is present

2021-11-18 11:34:56 - [TEST_STEP][PASSED] - click(findTestObject("Object Repository/Sayfalar/Giris_Sayfasi/PopupCarpiGiris")): Object: 'Object Repository/Sayfalar/Giris_Sayfasi/PopupCarpiGiris' is clicked on

2021-11-18 11:34:56 - [MESSAGE][INFO] - Finding Test Object 'Object Repository/Sayfalar/Giris_Sayfasi/PopupCarpiGiris'

2021-11-18 11:34:56 - [MESSAGE][INFO] - Checking object

2021-11-18 11:34:56 - [MESSAGE][INFO] - Finding web element from Test Object's properties

2021-11-18 11:34:56 - [MESSAGE][INFO] - Checking timeout

2021-11-18 11:34:56 - [MESSAGE][INFO] - Finding web element with id: 'Object Repository/Sayfalar/Giris_Sayfasi/PopupCarpiGiris' located by 'By.cssSelector: .bootbox-close-button.close' in '30' second(s)

2021-11-18 11:34:56 - [MESSAGE][INFO] - Smart Wait Function is triggered

2021-11-18 11:34:56 - [MESSAGE][INFO] - Found 1 web elements with id: 'Object Repository/Sayfalar/Giris_Sayfasi/PopupCarpiGiris' located by 'By.cssSelector: .bootbox-close-button.close' in '30' second(s)

2021-11-18 11:34:56 - [MESSAGE][INFO] - Clicking on object: 'Object Repository/Sayfalar/Giris_Sayfasi/PopupCarpiGiris'

2021-11-18 11:34:56 - [MESSAGE][PASSED] - Object: 'Object Repository/Sayfalar/Giris_Sayfasi/PopupCarpiGiris' is clicked on

2021-11-18 11:34:56 - [TEST_STEP][PASSED] - verifyElementVisible(findTestObject("Object Repository/Kullanici_Islemleri/KullaniciIslemleri")): Object 'Object Repository/Kullanici_Islemleri/KullaniciIslemleri' is visible

2021-11-18 11:34:56 - [MESSAGE][INFO] - Finding Test Object 'Object Repository/Kullanici_Islemleri/KullaniciIslemleri'

2021-11-18 11:34:56 - [MESSAGE][INFO] - Checking object

2021-11-18 11:34:56 - [MESSAGE][INFO] - Finding web element from Test Object's properties

2021-11-18 11:34:56 - [MESSAGE][INFO] - Checking timeout

2021-11-18 11:34:56 - [MESSAGE][INFO] - Finding web element with id: 'Object Repository/Kullanici_Islemleri/KullaniciIslemleri' located by 'By.cssSelector: .dropdown>a>img' in '30' second(s)

2021-11-18 11:34:56 - [MESSAGE][INFO] - Smart Wait Function is triggered

2021-11-18 11:34:57 - [MESSAGE][INFO] - Found 1 web elements with id: 'Object Repository/Kullanici_Islemleri/KullaniciIslemleri' located by 'By.cssSelector: .dropdown>a>img' in '30' second(s)

2021-11-18 11:34:57 - [MESSAGE][PASSED] - Object 'Object Repository/Kullanici_Islemleri/KullaniciIslemleri' is visible

2021-11-18 11:34:57 - [MESSAGE][PASSED] - Call Test Case 'Test Cases/Sayfalar/Giris_Sayfasi/Login' successfully

2021-11-18 11:34:57 - [MESSAGE][INFO] - Checking called Test Case

2021-11-18 11:34:57 - [MESSAGE][INFO] - Starting to call Test Case 'Test Cases/Menu/AnaMenuSecimi'

2021-11-18 11:34:57 - [TEST_CASE][PASSED] - Test Cases/Menu/AnaMenuSecimi: Test Cases/Menu/AnaMenuSecimi

2021-11-18 11:34:57 - [TEST_STEP][PASSED] - Method.TextDegerineEsitElementeTikla(findTestObject("Menu/Ana_Menu"), Ana_Menu): Method.TextDegerineEsitElementeTikla is PASSED

2021-11-18 11:34:57 - [MESSAGE][INFO] - Finding Test Object 'Object Repository/Menu/Ana_Menu'

2021-11-18 11:34:57 - [MESSAGE][INFO] - Checking timeout

2021-11-18 11:34:57 - [MESSAGE][INFO] - Finding web element with id: 'Object Repository/Menu/Ana_Menu' located by 'By.xpath: //*[@class = 'dropdown-toggle']' in '10' second(s)

2021-11-18 11:34:57 - [MESSAGE][INFO] - Smart Wait Function is triggered

2021-11-18 11:34:58 - [MESSAGE][INFO] - Found 14 web elements with id: 'Object Repository/Menu/Ana_Menu' located by 'By.xpath: //*[@class = 'dropdown-toggle']' in '10' second(s)

2021-11-18 11:34:58 - [MESSAGE][PASSED] - Method.TextDegerineEsitElementeTikla is PASSED

2021-11-18 11:34:58 - [MESSAGE][PASSED] - Call Test Case 'Test Cases/Menu/AnaMenuSecimi' successfully

2021-11-18 11:34:58 - [MESSAGE][INFO] - Checking called Test Case

2021-11-18 11:34:58 - [MESSAGE][INFO] - Starting to call Test Case 'Test Cases/Menu/BasligaGoreAltMenuSecimi'

2021-11-18 11:34:58 - [TEST_CASE][PASSED] - Test Cases/Menu/BasligaGoreAltMenuSecimi: Test Cases/Menu/BasligaGoreAltMenuSecimi

2021-11-18 11:34:58 - [TEST_STEP][PASSED] - Method.TextDegerineEsitElementinAltindakiTextDegerineEsitOlanaTikla(findTestObject("Menu/Menu_Basligi"), findTestObject("Menu/Basliga_Gore_Alt_Menu"), Baslik, Alt_Menu): Method.TextDegerineEsitElementinAltindakiTextDegerineEsitOlanaTikla is PASSED

2021-11-18 11:34:58 - [MESSAGE][INFO] - Finding Test Object 'Object Repository/Menu/Menu_Basligi'

2021-11-18 11:34:58 - [MESSAGE][INFO] - Finding Test Object 'Object Repository/Menu/Basliga_Gore_Alt_Menu'

2021-11-18 11:34:58 - [MESSAGE][INFO] - Checking timeout

2021-11-18 11:34:58 - [MESSAGE][INFO] - Finding web element with id: 'Object Repository/Menu/Menu_Basligi' located by 'By.xpath: //li[@class='dropdown dropdown-large open']//li[@class='dropdown-header']' in '10' second(s)

2021-11-18 11:34:58 - [MESSAGE][INFO] - Smart Wait Function is triggered

2021-11-18 11:34:58 - [MESSAGE][INFO] - Found 3 web elements with id: 'Object Repository/Menu/Menu_Basligi' located by 'By.xpath: //li[@class='dropdown dropdown-large open']//li[@class='dropdown-header']' in '10' second(s)

2021-11-18 11:34:58 - [MESSAGE][INFO] - Smart Wait Function is triggered

2021-11-18 11:35:01 - [MESSAGE][PASSED] - Method.TextDegerineEsitElementinAltindakiTextDegerineEsitOlanaTikla is PASSED

2021-11-18 11:35:01 - [MESSAGE][PASSED] - Call Test Case 'Test Cases/Menu/BasligaGoreAltMenuSecimi' successfully

2021-11-18 11:35:01 - [MESSAGE][INFO] - Checking called Test Case

2021-11-18 11:35:01 - [MESSAGE][INFO] - Starting to call Test Case 'Test Cases/Filtreler/BaslangicYaz'

2021-11-18 11:35:01 - [TEST_CASE][PASSED] - Test Cases/Filtreler/BaslangicYaz: Test Cases/Filtreler/BaslangicYaz

2021-11-18 11:35:01 - [TEST_STEP][PASSED] - delay(3): Delayed 3 second(s)

2021-11-18 11:35:01 - [MESSAGE][INFO] - Delaying browser in 3 second(s)

2021-11-18 11:35:04 - [MESSAGE][PASSED] - Delayed 3 second(s)

2021-11-18 11:35:04 - [TEST_STEP][PASSED] - Method.TextDegerineEsitElementinAltindakineTikla(findTestObject("Filtreler/Basliklar"), findTestObject("Filtreler/Basliga_Gore_Baslangic_Image"), Filtre_Adi): Method.TextDegerineEsitElementinAltindakineTikla is PASSED

2021-11-18 11:35:04 - [MESSAGE][INFO] - Finding Test Object 'Object Repository/Filtreler/Basliklar'

2021-11-18 11:35:04 - [MESSAGE][INFO] - Finding Test Object 'Object Repository/Filtreler/Basliga_Gore_Baslangic_Image'

2021-11-18 11:35:04 - [MESSAGE][INFO] - Checking timeout

2021-11-18 11:35:04 - [MESSAGE][INFO] - Finding web element with id: 'Object Repository/Filtreler/Basliklar' located by 'By.cssSelector: .control-label.col-sm-4.paddingMarginRLC' in '10' second(s)

2021-11-18 11:35:04 - [MESSAGE][INFO] - Smart Wait Function is triggered

2021-11-18 11:35:04 - [MESSAGE][INFO] - Found 18 web elements with id: 'Object Repository/Filtreler/Basliklar' located by 'By.cssSelector: .control-label.col-sm-4.paddingMarginRLC' in '10' second(s)

2021-11-18 11:35:04 - [MESSAGE][INFO] - Smart Wait Function is triggered

2021-11-18 11:35:04 - [MESSAGE][PASSED] - Method.TextDegerineEsitElementinAltindakineTikla is PASSED

2021-11-18 11:35:04 - [TEST_STEP][PASSED] - Method.TextDegerineEsitElementinAltindakiTextboxtaYaz(findTestObject("Filtreler/Basliklar"), findTestObject("Filtreler/Basliga_Gore_Baslangic"), Filtre_Adi, Filtre_Degeri): Method.TextDegerineEsitElementinAltindakiTextboxtaYaz is PASSED

2021-11-18 11:35:04 - [MESSAGE][INFO] - Finding Test Object 'Object Repository/Filtreler/Basliklar'

2021-11-18 11:35:05 - [MESSAGE][INFO] - Finding Test Object 'Object Repository/Filtreler/Basliga_Gore_Baslangic'

2021-11-18 11:35:05 - [MESSAGE][INFO] - Checking timeout

2021-11-18 11:35:05 - [MESSAGE][INFO] - Finding web element with id: 'Object Repository/Filtreler/Basliklar' located by 'By.cssSelector: .control-label.col-sm-4.paddingMarginRLC' in '10' second(s)

2021-11-18 11:35:05 - [MESSAGE][INFO] - Smart Wait Function is triggered

2021-11-18 11:35:05 - [MESSAGE][INFO] - Found 18 web elements with id: 'Object Repository/Filtreler/Basliklar' located by 'By.cssSelector: .control-label.col-sm-4.paddingMarginRLC' in '10' second(s)

2021-11-18 11:35:05 - [MESSAGE][INFO] - Smart Wait Function is triggered

2021-11-18 11:35:05 - [MESSAGE][PASSED] - Method.TextDegerineEsitElementinAltindakiTextboxtaYaz is PASSED

2021-11-18 11:35:05 - [MESSAGE][PASSED] - Call Test Case 'Test Cases/Filtreler/BaslangicYaz' successfully

2021-11-18 11:35:05 - [MESSAGE][INFO] - Checking called Test Case

2021-11-18 11:35:05 - [MESSAGE][INFO] - Starting to call Test Case 'Test Cases/Filtreler/BitisYaz'

2021-11-18 11:35:05 - [TEST_CASE][PASSED] - Test Cases/Filtreler/BitisYaz: Test Cases/Filtreler/BitisYaz

2021-11-18 11:35:05 - [TEST_STEP][PASSED] - Method.TextDegerineEsitElementinAltindakineTikla(findTestObject("Filtreler/Basliklar"), findTestObject("Filtreler/Basliga_Gore_Bitis_Image"), Filtre_Adi): Method.TextDegerineEsitElementinAltindakineTikla is PASSED

2021-11-18 11:35:05 - [MESSAGE][INFO] - Finding Test Object 'Object Repository/Filtreler/Basliklar'

2021-11-18 11:35:06 - [MESSAGE][INFO] - Finding Test Object 'Object Repository/Filtreler/Basliga_Gore_Bitis_Image'

2021-11-18 11:35:06 - [MESSAGE][INFO] - Checking timeout

2021-11-18 11:35:06 - [MESSAGE][INFO] - Finding web element with id: 'Object Repository/Filtreler/Basliklar' located by 'By.cssSelector: .control-label.col-sm-4.paddingMarginRLC' in '10' second(s)

2021-11-18 11:35:06 - [MESSAGE][INFO] - Smart Wait Function is triggered

2021-11-18 11:35:06 - [MESSAGE][INFO] - Found 18 web elements with id: 'Object Repository/Filtreler/Basliklar' located by 'By.cssSelector: .control-label.col-sm-4.paddingMarginRLC' in '10' second(s)

2021-11-18 11:35:06 - [MESSAGE][INFO] - Smart Wait Function is triggered

2021-11-18 11:35:06 - [MESSAGE][PASSED] - Method.TextDegerineEsitElementinAltindakineTikla is PASSED

2021-11-18 11:35:06 - [TEST_STEP][PASSED] - Method.TextDegerineEsitElementinAltindakiTextboxtaYaz(findTestObject("Filtreler/Basliklar"), findTestObject("Object Repository/Filtreler/Basliga_Gore_Bitis"), Filtre_Adi, Filtre_Degeri): Method.TextDegerineEsitElementinAltindakiTextboxtaYaz is PASSED

2021-11-18 11:35:06 - [MESSAGE][INFO] - Finding Test Object 'Object Repository/Filtreler/Basliklar'

2021-11-18 11:35:06 - [MESSAGE][INFO] - Finding Test Object 'Object Repository/Filtreler/Basliga_Gore_Bitis'

2021-11-18 11:35:06 - [MESSAGE][INFO] - Checking timeout

2021-11-18 11:35:06 - [MESSAGE][INFO] - Finding web element with id: 'Object Repository/Filtreler/Basliklar' located by 'By.cssSelector: .control-label.col-sm-4.paddingMarginRLC' in '10' second(s)

2021-11-18 11:35:06 - [MESSAGE][INFO] - Smart Wait Function is triggered

2021-11-18 11:35:07 - [MESSAGE][INFO] - Found 18 web elements with id: 'Object Repository/Filtreler/Basliklar' located by 'By.cssSelector: .control-label.col-sm-4.paddingMarginRLC' in '10' second(s)

2021-11-18 11:35:07 - [MESSAGE][INFO] - Smart Wait Function is triggered

2021-11-18 11:35:07 - [MESSAGE][PASSED] - Method.TextDegerineEsitElementinAltindakiTextboxtaYaz is PASSED

2021-11-18 11:35:07 - [MESSAGE][PASSED] - Call Test Case 'Test Cases/Filtreler/BitisYaz' successfully

2021-11-18 11:35:07 - [MESSAGE][INFO] - Checking called Test Case

2021-11-18 11:35:07 - [MESSAGE][INFO] - Starting to call Test Case 'Test Cases/Filtreler/ButonaTikla'

2021-11-18 11:35:08 - [TEST_CASE][PASSED] - Test Cases/Filtreler/ButonaTikla: Test Cases/Filtreler/ButonaTikla

2021-11-18 11:35:08 - [TEST_STEP][PASSED] - Method.TextDegerineEsitElementeTikla(findTestObject("Filtreler/Butonlar"), Filtre_Buton): Method.TextDegerineEsitElementeTikla is PASSED

2021-11-18 11:35:08 - [MESSAGE][INFO] - Finding Test Object 'Object Repository/Filtreler/Butonlar'

2021-11-18 11:35:08 - [MESSAGE][INFO] - Checking timeout

2021-11-18 11:35:08 - [MESSAGE][INFO] - Finding web element with id: 'Object Repository/Filtreler/Butonlar' located by 'By.cssSelector: .dxb>span' in '10' second(s)

2021-11-18 11:35:08 - [MESSAGE][INFO] - Smart Wait Function is triggered

2021-11-18 11:35:08 - [MESSAGE][INFO] - Found 3 web elements with id: 'Object Repository/Filtreler/Butonlar' located by 'By.cssSelector: .dxb>span' in '10' second(s)

2021-11-18 11:35:08 - [MESSAGE][PASSED] - Method.TextDegerineEsitElementeTikla is PASSED

2021-11-18 11:35:08 - [MESSAGE][PASSED] - Call Test Case 'Test Cases/Filtreler/ButonaTikla' successfully

2021-11-18 11:35:08 - [MESSAGE][INFO] - Checking called Test Case

2021-11-18 11:35:08 - [MESSAGE][INFO] - Starting to call Test Case 'Test Cases/Tablo/TablodaVeriVarMi'

2021-11-18 11:35:08 - [TEST_CASE][PASSED] - Test Cases/Tablo/TablodaVeriVarMi: Test Cases/Tablo/TablodaVeriVarMi

2021-11-18 11:35:08 - [TEST_STEP][PASSED] - verifyTextNotPresent("Görüntülenecek veri yok", true): Text 'Görüntülenecek veri yok' is not present on page using regular expression

2021-11-18 11:35:08 - [MESSAGE][INFO] - Checking text present  using regular expression

2021-11-18 11:35:08 - [MESSAGE][INFO] - Smart Wait Function is triggered

2021-11-18 11:35:09 - [MESSAGE][INFO] - Finding text 'Görüntülenecek veri yok' on page  using regular expression

2021-11-18 11:35:09 - [MESSAGE][PASSED] - Text 'Görüntülenecek veri yok' is not present on page using regular expression

2021-11-18 11:35:09 - [MESSAGE][PASSED] - Call Test Case 'Test Cases/Tablo/TablodaVeriVarMi' successfully

2021-11-18 11:35:09 - [MESSAGE][INFO] - Checking called Test Case

2021-11-18 11:35:09 - [MESSAGE][INFO] - Starting to call Test Case 'Test Cases/Tablo/TablonunButonunaTikla'

2021-11-18 11:35:09 - [TEST_CASE][PASSED] - Test Cases/Tablo/TablonunButonunaTikla: Test Cases/Tablo/TablonunButonunaTikla

2021-11-18 11:35:09 - [TEST_STEP][PASSED] - Method.TextDegerineEsitElementinAltindakiTextDegerineEsitOlanaTikla(findTestObject("Tablo/Veriler"), findTestObject("Tablo/VerininButonu"), Veri, Buton_Adi): Method.TextDegerineEsitElementinAltindakiTextDegerineEsitOlanaTikla is PASSED

2021-11-18 11:35:09 - [MESSAGE][INFO] - Finding Test Object 'Object Repository/Tablo/Veriler'

2021-11-18 11:35:09 - [MESSAGE][INFO] - Finding Test Object 'Object Repository/Tablo/VerininButonu'

2021-11-18 11:35:09 - [MESSAGE][INFO] - Checking timeout

2021-11-18 11:35:09 - [MESSAGE][INFO] - Finding web element with id: 'Object Repository/Tablo/Veriler' located by 'By.cssSelector: td.dxgv b ,td.dxgv' in '10' second(s)

2021-11-18 11:35:09 - [MESSAGE][INFO] - Smart Wait Function is triggered

2021-11-18 11:35:10 - [MESSAGE][INFO] - Found 120 web elements with id: 'Object Repository/Tablo/Veriler' located by 'By.cssSelector: td.dxgv b ,td.dxgv' in '10' second(s)

2021-11-18 11:35:10 - [MESSAGE][INFO] - Smart Wait Function is triggered

2021-11-18 11:35:10 - [MESSAGE][PASSED] - Method.TextDegerineEsitElementinAltindakiTextDegerineEsitOlanaTikla is PASSED

2021-11-18 11:35:10 - [MESSAGE][PASSED] - Call Test Case 'Test Cases/Tablo/TablonunButonunaTikla' successfully

2021-11-18 11:35:10 - [MESSAGE][INFO] - Checking called Test Case

2021-11-18 11:35:10 - [MESSAGE][INFO] - Starting to call Test Case 'Test Cases/Sekmeler/YeniSekmeyeGec'

2021-11-18 11:35:10 - [TEST_CASE][PASSED] - Test Cases/Sekmeler/YeniSekmeyeGec: Test Cases/Sekmeler/YeniSekmeyeGec

2021-11-18 11:35:10 - [TEST_STEP][PASSED] - switchToWindowIndex(1): Switched to window with index: '1'

2021-11-18 11:35:10 - [MESSAGE][INFO] - Checking index

2021-11-18 11:35:10 - [MESSAGE][INFO] - Switching window with index: '1'

2021-11-18 11:35:10 - [MESSAGE][PASSED] - Switched to window with index: '1'

2021-11-18 11:35:10 - [MESSAGE][PASSED] - Call Test Case 'Test Cases/Sekmeler/YeniSekmeyeGec' successfully

2021-11-18 11:35:10 - [MESSAGE][INFO] - Checking called Test Case

2021-11-18 11:35:10 - [MESSAGE][INFO] - Starting to call Test Case 'Test Cases/Sekmeler/YeniSekmeBasligindaVarMi'

2021-11-18 11:35:10 - [TEST_CASE][PASSED] - Test Cases/Sekmeler/YeniSekmeBasligindaVarMi: Test Cases/Sekmeler/YeniSekmeBasligindaVarMi

2021-11-18 11:35:10 - [TEST_STEP][PASSED] - verifyElementText(findTestObject("Object Repository/Sekmeler/Olusturma_Goster_Baslik"), Title): Actual text and expected text of test object 'Object Repository/Sekmeler/Olusturma_Goster_Baslik' are matched.

2021-11-18 11:35:10 - [MESSAGE][INFO] - Finding Test Object 'Object Repository/Sekmeler/Olusturma_Goster_Baslik'

2021-11-18 11:35:11 - [MESSAGE][INFO] - Checking object

2021-11-18 11:35:11 - [MESSAGE][INFO] - Finding web element from Test Object's properties

2021-11-18 11:35:11 - [MESSAGE][INFO] - Checking timeout

2021-11-18 11:35:11 - [MESSAGE][INFO] - Finding web element with id: 'Object Repository/Sekmeler/Olusturma_Goster_Baslik' located by 'By.cssSelector: h1>span,td>font,font' in '30' second(s)

2021-11-18 11:35:11 - [MESSAGE][INFO] - Smart Wait Function is triggered

2021-11-18 11:35:11 - [MESSAGE][INFO] - Found 1 web elements with id: 'Object Repository/Sekmeler/Olusturma_Goster_Baslik' located by 'By.cssSelector: h1>span,td>font,font' in '30' second(s)

2021-11-18 11:35:11 - [MESSAGE][PASSED] - Actual text and expected text of test object 'Object Repository/Sekmeler/Olusturma_Goster_Baslik' are matched.

2021-11-18 11:35:11 - [MESSAGE][PASSED] - Call Test Case 'Test Cases/Sekmeler/YeniSekmeBasligindaVarMi' successfully

2021-11-18 11:35:11 - [MESSAGE][INFO] - Checking called Test Case

2021-11-18 11:35:11 - [MESSAGE][INFO] - Starting to call Test Case 'Test Cases/Sekmeler/Ana_Sekmeye_Gec'

2021-11-18 11:35:11 - [TEST_CASE][PASSED] - Test Cases/Sekmeler/Ana_Sekmeye_Gec: Test Cases/Sekmeler/Ana_Sekmeye_Gec

2021-11-18 11:35:11 - [TEST_STEP][PASSED] - try: Window with index 1 is closed

2021-11-18 11:35:11 - [TEST_STEP][PASSED] - index = getWindowIndex(): Current window's index is: 1

2021-11-18 11:35:11 - [MESSAGE][INFO] - Getting current window's index

2021-11-18 11:35:11 - [MESSAGE][PASSED] - Current window's index is: 1

2021-11-18 11:35:11 - [TEST_STEP][PASSED] - closeWindowIndex(index): Window with index 1 is closed

2021-11-18 11:35:11 - [MESSAGE][INFO] - Checking index

2021-11-18 11:35:11 - [MESSAGE][INFO] - Closing window with index 1

2021-11-18 11:35:11 - [MESSAGE][PASSED] - Window with index 1 is closed

2021-11-18 11:35:11 - [TEST_STEP][PASSED] - switchToWindowIndex(0): Switched to window with index: '0'

2021-11-18 11:35:11 - [MESSAGE][INFO] - Checking index

2021-11-18 11:35:11 - [MESSAGE][INFO] - Switching window with index: '0'

2021-11-18 11:35:11 - [MESSAGE][PASSED] - Switched to window with index: '0'

2021-11-18 11:35:11 - [MESSAGE][PASSED] - Call Test Case 'Test Cases/Sekmeler/Ana_Sekmeye_Gec' successfully

2021-11-18 11:35:11 - [MESSAGE][INFO] - Checking called Test Case

2021-11-18 11:35:11 - [MESSAGE][INFO] - Starting to call Test Case 'Test Cases/Kullanici_Islemleri/KullaniciIslemlerindenSecimYapilir'

2021-11-18 11:35:11 - [TEST_CASE][PASSED] - Test Cases/Kullanici_Islemleri/KullaniciIslemlerindenSecimYapilir: Test Cases/Kullanici_Islemleri/KullaniciIslemlerindenSecimYapilir

2021-11-18 11:35:11 - [TEST_STEP][PASSED] - waitForElementClickable(findTestObject("Object Repository/Kullanici_Islemleri/KullaniciIslemleri"), 10): Object 'Object Repository/Kullanici_Islemleri/KullaniciIslemleri' is clickable

2021-11-18 11:35:11 - [MESSAGE][INFO] - Finding Test Object 'Object Repository/Kullanici_Islemleri/KullaniciIslemleri'

2021-11-18 11:35:11 - [MESSAGE][INFO] - Checking object

2021-11-18 11:35:11 - [MESSAGE][INFO] - Checking timeout

2021-11-18 11:35:11 - [MESSAGE][INFO] - Finding web element from Test Object's properties

2021-11-18 11:35:11 - [MESSAGE][INFO] - Checking timeout

2021-11-18 11:35:11 - [MESSAGE][INFO] - Finding web element with id: 'Object Repository/Kullanici_Islemleri/KullaniciIslemleri' located by 'By.cssSelector: .dropdown>a>img' in '10' second(s)

2021-11-18 11:35:11 - [MESSAGE][INFO] - Smart Wait Function is triggered

2021-11-18 11:35:12 - [MESSAGE][INFO] - Found 1 web elements with id: 'Object Repository/Kullanici_Islemleri/KullaniciIslemleri' located by 'By.cssSelector: .dropdown>a>img' in '10' second(s)

2021-11-18 11:35:12 - [MESSAGE][PASSED] - Object 'Object Repository/Kullanici_Islemleri/KullaniciIslemleri' is clickable

2021-11-18 11:35:12 - [TEST_STEP][PASSED] - click(findTestObject("Object Repository/Kullanici_Islemleri/KullaniciIslemleri")): Object: 'Object Repository/Kullanici_Islemleri/KullaniciIslemleri' is clicked on

2021-11-18 11:35:12 - [MESSAGE][INFO] - Finding Test Object 'Object Repository/Kullanici_Islemleri/KullaniciIslemleri'

2021-11-18 11:35:12 - [MESSAGE][INFO] - Checking object

2021-11-18 11:35:12 - [MESSAGE][INFO] - Finding web element from Test Object's properties

2021-11-18 11:35:12 - [MESSAGE][INFO] - Checking timeout

2021-11-18 11:35:12 - [MESSAGE][INFO] - Finding web element with id: 'Object Repository/Kullanici_Islemleri/KullaniciIslemleri' located by 'By.cssSelector: .dropdown>a>img' in '30' second(s)

2021-11-18 11:35:12 - [MESSAGE][INFO] - Smart Wait Function is triggered

2021-11-18 11:35:12 - [MESSAGE][INFO] - Found 1 web elements with id: 'Object Repository/Kullanici_Islemleri/KullaniciIslemleri' located by 'By.cssSelector: .dropdown>a>img' in '30' second(s)

2021-11-18 11:35:12 - [MESSAGE][INFO] - Clicking on object: 'Object Repository/Kullanici_Islemleri/KullaniciIslemleri'

2021-11-18 11:35:12 - [MESSAGE][PASSED] - Object: 'Object Repository/Kullanici_Islemleri/KullaniciIslemleri' is clicked on

2021-11-18 11:35:12 - [TEST_STEP][PASSED] - Method.TextDegerineEsitElementeTikla(findTestObject("Object Repository/Kullanici_Islemleri/Secenekler"), Islem): Method.TextDegerineEsitElementeTikla is PASSED

2021-11-18 11:35:12 - [MESSAGE][INFO] - Finding Test Object 'Object Repository/Kullanici_Islemleri/Secenekler'

2021-11-18 11:35:12 - [MESSAGE][INFO] - Checking timeout

2021-11-18 11:35:12 - [MESSAGE][INFO] - Finding web element with id: 'Object Repository/Kullanici_Islemleri/Secenekler' located by 'By.cssSelector: .nav.navbar-nav.navbar-right li a' in '10' second(s)

2021-11-18 11:35:12 - [MESSAGE][INFO] - Smart Wait Function is triggered

2021-11-18 11:35:13 - [MESSAGE][INFO] - Found 22 web elements with id: 'Object Repository/Kullanici_Islemleri/Secenekler' located by 'By.cssSelector: .nav.navbar-nav.navbar-right li a' in '10' second(s)

2021-11-18 11:35:14 - [MESSAGE][PASSED] - Method.TextDegerineEsitElementeTikla is PASSED

2021-11-18 11:35:14 - [TEST_STEP][PASSED] - verifyElementNotPresent(findTestObject("Object Repository/Kullanici_Islemleri/Secenekler"), 10): Web element with id: 'Object Repository/Kullanici_Islemleri/Secenekler' located by 'By.cssSelector: .nav.navbar-nav.navbar-right li a' is not present after '10' second(s)

2021-11-18 11:35:14 - [MESSAGE][INFO] - Finding Test Object 'Object Repository/Kullanici_Islemleri/Secenekler'

2021-11-18 11:35:14 - [MESSAGE][INFO] - Checking object

2021-11-18 11:35:14 - [MESSAGE][INFO] - Checking timeout

2021-11-18 11:35:14 - [MESSAGE][INFO] - Finding web element with id: 'Object Repository/Kullanici_Islemleri/Secenekler' located by 'By.cssSelector: .nav.navbar-nav.navbar-right li a' in '10' second(s)

2021-11-18 11:35:14 - [MESSAGE][INFO] - Smart Wait Function is triggered

2021-11-18 11:35:15 - [MESSAGE][PASSED] - Web element with id: 'Object Repository/Kullanici_Islemleri/Secenekler' located by 'By.cssSelector: .nav.navbar-nav.navbar-right li a' is not present after '10' second(s)

2021-11-18 11:35:15 - [MESSAGE][PASSED] - Call Test Case 'Test Cases/Kullanici_Islemleri/KullaniciIslemlerindenSecimYapilir' successfully

2021-11-18 11:35:15 - [TEST_CASE][PASSED] - Start Test Case : SCENARIO Irsaliyenin Gorselini Ac: SCENARIO Irsaliyenin Gorselini Ac

2021-11-18 11:35:15 - [TEST_STEP][PASSED] - Kullanıcı adı ELOGO6 ve Şifre 123456 olarak giriş yapılır: Kullanıcı adı ELOGO6 ve Şifre 123456 olarak giriş yapılır

2021-11-18 11:35:15 - [MESSAGE][PASSED] - Kullanıcı adı ELOGO6 ve Şifre 123456 olarak giriş yapılır

2021-11-18 11:35:15 - [TEST_STEP][PASSED] - Ana menüden e-İrsaliye seçilir: Ana menüden e-İrsaliye seçilir

2021-11-18 11:35:15 - [MESSAGE][PASSED] - Ana menüden e-İrsaliye seçilir

2021-11-18 11:35:15 - [TEST_STEP][PASSED] - Alt menü Giden Kutusu başlığı altındaki İrsaliyeler seçilir: Alt menü Giden Kutusu başlığı altındaki İrsaliyeler seçilir

2021-11-18 11:35:15 - [MESSAGE][PASSED] - Alt menü Giden Kutusu başlığı altındaki İrsaliyeler seçilir

2021-11-18 11:35:15 - [TEST_STEP][PASSED] - Filtrelerden Oluşturma Tarihi filtresine 01.01.2020 baslangic degerini yaz: Filtrelerden Oluşturma Tarihi filtresine 01.01.2020 baslangic degerini yaz

2021-11-18 11:35:15 - [MESSAGE][PASSED] - Filtrelerden Oluşturma Tarihi filtresine 01.01.2020 baslangic degerini yaz

2021-11-18 11:35:15 - [TEST_STEP][PASSED] - Filtrelerden Oluşturma Tarihi filtresine 31.12.2020 bitis degerini yaz: Filtrelerden Oluşturma Tarihi filtresine 31.12.2020 bitis degerini yaz

2021-11-18 11:35:15 - [MESSAGE][PASSED] - Filtrelerden Oluşturma Tarihi filtresine 31.12.2020 bitis degerini yaz

2021-11-18 11:35:15 - [TEST_STEP][PASSED] - Filtre butonlarından Listele seçilir: Filtre butonlarından Listele seçilir

2021-11-18 11:35:15 - [MESSAGE][PASSED] - Filtre butonlarından Listele seçilir

2021-11-18 11:35:15 - [TEST_STEP][PASSED] - Tabloda veri var mı kontrol edilir: Tabloda veri var mı kontrol edilir

2021-11-18 11:35:15 - [MESSAGE][PASSED] - Tabloda veri var mı kontrol edilir

2021-11-18 11:35:15 - [TEST_STEP][PASSED] - Tablodaki TEST isimli verinin İrsaliye adlı butonuna tıklanır: Tablodaki TEST isimli verinin İrsaliye adlı butonuna tıklanır

2021-11-18 11:35:15 - [MESSAGE][PASSED] - Tablodaki TEST isimli verinin İrsaliye adlı butonuna tıklanır

2021-11-18 11:35:15 - [TEST_STEP][PASSED] - Yeni açılan sekmeye geçilir: Yeni açılan sekmeye geçilir

2021-11-18 11:35:15 - [MESSAGE][PASSED] - Yeni açılan sekmeye geçilir

2021-11-18 11:35:15 - [TEST_STEP][PASSED] - Yeni sekme başlığında e-İRSALİYE var mı kontrol edilir: Yeni sekme başlığında e-İRSALİYE var mı kontrol edilir

2021-11-18 11:35:15 - [MESSAGE][PASSED] - Yeni sekme başlığında e-İRSALİYE var mı kontrol edilir

2021-11-18 11:35:15 - [TEST_STEP][PASSED] - Ana sekmeye geçilir: Ana sekmeye geçilir

2021-11-18 11:35:15 - [MESSAGE][PASSED] - Ana sekmeye geçilir

2021-11-18 11:35:15 - [TEST_STEP][PASSED] - Kullanıcı işlemlerinden Çıkış seçilir: Kullanıcı işlemlerinden Çıkış seçilir

2021-11-18 11:35:15 - [MESSAGE][PASSED] - Kullanıcı işlemlerinden Çıkış seçilir

2021-11-18 11:35:15 - [MESSAGE][PASSED] - Feature file: 'Include/features/e-Irsaliye/Giden Kutusu/Irsaliyeler/Gorseli Ac.feature' was passed

2021-11-18 11:35:15 - [TEST_STEP][PASSED] - Start listener action : sampleAfterTestSuite: Invoke 'com.kms.katalon.core.annotation.AfterTestCase' method: 'Listener.sampleAfterTestSuite(...)' completed.

2021-11-18 11:35:15 - [MESSAGE][INFO] - Starting invoke 'com.kms.katalon.core.annotation.AfterTestCase' method: 'Listener.sampleAfterTestSuite(...)'

2021-11-18 11:35:15 - [TEST_STEP][PASSED] - closeBrowser(): Invoke 'com.kms.katalon.core.annotation.AfterTestCase' method: 'Listener.sampleAfterTestSuite(...)' completed.

2021-11-18 11:35:15 - [MESSAGE][INFO] - Closing browser

2021-11-18 11:35:15 - [MESSAGE][PASSED] - Browser is closed

2021-11-18 11:35:15 - [MESSAGE][INFO] - Invoke 'com.kms.katalon.core.annotation.AfterTestCase' method: 'Listener.sampleAfterTestSuite(...)' completed.]]></system-out>
         <system-err><![CDATA[]]></system-err>
      </testcase>
      <testcase name="Test Cases/Case Repository/e-Irsaliye/Giden Kutusu/Irsaliyeler/Izleme Kayitlari" time="48.235" classname="Test Cases/Case Repository/e-Irsaliye/Giden Kutusu/Irsaliyeler/Izleme Kayitlari" status="PASSED">
         <system-out><![CDATA[2021-11-18 11:35:15 - [TEST_CASE][PASSED] - Test Cases/Case Repository/e-Irsaliye/Giden Kutusu/Irsaliyeler/Izleme Kayitlari: Test Cases/Case Repository/e-Irsaliye/Giden Kutusu/Irsaliyeler/Izleme Kayitlari

2021-11-18 11:35:15 - [TEST_STEP][PASSED] - Start listener action : sampleBeforeTestSuite: Invoke 'com.kms.katalon.core.annotation.BeforeTestCase' method: 'Listener.sampleBeforeTestSuite(...)' completed.

2021-11-18 11:35:15 - [MESSAGE][INFO] - Starting invoke 'com.kms.katalon.core.annotation.BeforeTestCase' method: 'Listener.sampleBeforeTestSuite(...)'

2021-11-18 11:35:15 - [TEST_STEP][PASSED] - openBrowser(baseUrl): Browser is opened with url: 'https://efatura-stage.elogo.com.tr/'

2021-11-18 11:35:15 - [MESSAGE][INFO] - Opening browser

2021-11-18 11:35:15 - [MESSAGE][INFO] - Starting 'Chrome' driver

2021-11-18 11:35:15 - [MESSAGE][INFO] - User set preference: ['prefs', '{download.default_directory=C:\otomasyondownfiles}']

2021-11-18 11:35:15 - [MESSAGE][INFO] - Action delay is set to 0 milliseconds

2021-11-18 11:35:17 - [MESSAGE][INFO] - Navigating browser to: 'https://efatura-stage.elogo.com.tr/'

2021-11-18 11:35:20 - [MESSAGE][PASSED] - Browser is opened with url: 'https://efatura-stage.elogo.com.tr/'

2021-11-18 11:35:20 - [TEST_STEP][PASSED] - maximizeWindow(): Invoke 'com.kms.katalon.core.annotation.BeforeTestCase' method: 'Listener.sampleBeforeTestSuite(...)' completed.

2021-11-18 11:35:20 - [MESSAGE][INFO] - Maximizing current window

2021-11-18 11:35:20 - [MESSAGE][PASSED] - Current window maximized

2021-11-18 11:35:20 - [MESSAGE][INFO] - Invoke 'com.kms.katalon.core.annotation.BeforeTestCase' method: 'Listener.sampleBeforeTestSuite(...)' completed.

2021-11-18 11:35:21 - [TEST_STEP][PASSED] - runFeatureFile("Include/features/e-Irsaliye/Giden Kutusu/Irsaliyeler/Izleme Kayitlari.feature"): Feature file: 'Include/features/e-Irsaliye/Giden Kutusu/Irsaliyeler/Izleme Kayitlari.feature' was passed

2021-11-18 11:35:21 - [MESSAGE][INFO] - Starting run keyword runFeatureFile: 'Include/features/e-Irsaliye/Giden Kutusu/Irsaliyeler/Izleme Kayitlari.feature' and extract report to folder: 'C:\Users\DELL\Documents\GitHub\EES_KatalonLogo\Reports\20211118_110909\Suite Repository\e-Irsaliye\20211118_110920/cucumber_report/1637224521266'...

2021-11-18 11:35:21 - [MESSAGE][INFO] - Glue: []

2021-11-18 11:35:22 - [MESSAGE][INFO] - Checking called Test Case

2021-11-18 11:35:22 - [MESSAGE][INFO] - Starting to call Test Case 'Test Cases/Sayfalar/Giris_Sayfasi/Login'

2021-11-18 11:35:22 - [TEST_CASE][PASSED] - Test Cases/Sayfalar/Giris_Sayfasi/Login: Test Cases/Sayfalar/Giris_Sayfasi/Login

2021-11-18 11:35:22 - [TEST_STEP][PASSED] - Sayfa_Basligi = getWindowTitle(): Current window's title is: 'LOGO e-Fatura'

2021-11-18 11:35:22 - [MESSAGE][INFO] - Getting current window's title

2021-11-18 11:35:22 - [MESSAGE][PASSED] - Current window's title is: 'LOGO e-Fatura'

2021-11-18 11:35:22 - [TEST_STEP][PASSED] - verifyMatch(Sayfa_Basligi, "LOGO e-Fatura", false): Actual text 'LOGO e-Fatura' and expected text 'LOGO e-Fatura' are matched 

2021-11-18 11:35:22 - [MESSAGE][INFO] - Matching actual text 'LOGO e-Fatura' with expected text 'LOGO e-Fatura'

2021-11-18 11:35:22 - [MESSAGE][PASSED] - Actual text 'LOGO e-Fatura' and expected text 'LOGO e-Fatura' are matched 

2021-11-18 11:35:22 - [TEST_STEP][PASSED] - sendKeys(findTestObject("Sayfalar/Giris_Sayfasi/Firma_Kodu"), KullaniciAdi): Keys 'ELOGO6' sent to object: 'Object Repository/Sayfalar/Giris_Sayfasi/Firma_Kodu'

2021-11-18 11:35:22 - [MESSAGE][INFO] - Finding Test Object 'Object Repository/Sayfalar/Giris_Sayfasi/Firma_Kodu'

2021-11-18 11:35:22 - [MESSAGE][INFO] - Sending keys 'ELOGO6' to object: 'Object Repository/Sayfalar/Giris_Sayfasi/Firma_Kodu'

2021-11-18 11:35:22 - [MESSAGE][INFO] - Finding web element from Test Object's properties

2021-11-18 11:35:22 - [MESSAGE][INFO] - Checking timeout

2021-11-18 11:35:22 - [MESSAGE][INFO] - Finding web element with id: 'Object Repository/Sayfalar/Giris_Sayfasi/Firma_Kodu' located by 'By.xpath: //*[@id = 'AccountName']' in '30' second(s)

2021-11-18 11:35:22 - [MESSAGE][INFO] - Smart Wait Function is triggered

2021-11-18 11:35:23 - [MESSAGE][INFO] - Found 1 web elements with id: 'Object Repository/Sayfalar/Giris_Sayfasi/Firma_Kodu' located by 'By.xpath: //*[@id = 'AccountName']' in '30' second(s)

2021-11-18 11:35:23 - [MESSAGE][PASSED] - Keys 'ELOGO6' sent to object: 'Object Repository/Sayfalar/Giris_Sayfasi/Firma_Kodu'

2021-11-18 11:35:23 - [TEST_STEP][PASSED] - sendKeys(findTestObject("Sayfalar/Giris_Sayfasi/Sifre"), Sifre): Keys '123456' sent to object: 'Object Repository/Sayfalar/Giris_Sayfasi/Sifre'

2021-11-18 11:35:23 - [MESSAGE][INFO] - Finding Test Object 'Object Repository/Sayfalar/Giris_Sayfasi/Sifre'

2021-11-18 11:35:23 - [MESSAGE][INFO] - Sending keys '123456' to object: 'Object Repository/Sayfalar/Giris_Sayfasi/Sifre'

2021-11-18 11:35:23 - [MESSAGE][INFO] - Finding web element from Test Object's properties

2021-11-18 11:35:23 - [MESSAGE][INFO] - Checking timeout

2021-11-18 11:35:23 - [MESSAGE][INFO] - Finding web element with id: 'Object Repository/Sayfalar/Giris_Sayfasi/Sifre' located by 'By.xpath: //*[@id = 'Password']' in '30' second(s)

2021-11-18 11:35:23 - [MESSAGE][INFO] - Smart Wait Function is triggered

2021-11-18 11:35:23 - [MESSAGE][INFO] - Found 1 web elements with id: 'Object Repository/Sayfalar/Giris_Sayfasi/Sifre' located by 'By.xpath: //*[@id = 'Password']' in '30' second(s)

2021-11-18 11:35:23 - [MESSAGE][PASSED] - Keys '123456' sent to object: 'Object Repository/Sayfalar/Giris_Sayfasi/Sifre'

2021-11-18 11:35:23 - [TEST_STEP][PASSED] - findWebElement(findTestObject("Sayfalar/Giris_Sayfasi/Giris_Butonu")).click(): Found 1 web elements with id: 'Object Repository/Sayfalar/Giris_Sayfasi/Giris_Butonu' located by 'By.cssSelector: #btnLogin' in '30' second(s)

2021-11-18 11:35:23 - [MESSAGE][INFO] - Finding Test Object 'Object Repository/Sayfalar/Giris_Sayfasi/Giris_Butonu'

2021-11-18 11:35:24 - [MESSAGE][INFO] - Finding web element from Test Object's properties

2021-11-18 11:35:24 - [MESSAGE][INFO] - Checking timeout

2021-11-18 11:35:24 - [MESSAGE][INFO] - Finding web element with id: 'Object Repository/Sayfalar/Giris_Sayfasi/Giris_Butonu' located by 'By.cssSelector: #btnLogin' in '30' second(s)

2021-11-18 11:35:24 - [MESSAGE][INFO] - Smart Wait Function is triggered

2021-11-18 11:35:24 - [MESSAGE][INFO] - Found 1 web elements with id: 'Object Repository/Sayfalar/Giris_Sayfasi/Giris_Butonu' located by 'By.cssSelector: #btnLogin' in '30' second(s)

2021-11-18 11:35:28 - [TEST_STEP][PASSED] - if (verifyElementPresent(findTestObject("Object Repository/Sayfalar/Giris_Sayfasi/RetveTamam_Butonu"), 5, OPTIONAL)): null

2021-11-18 11:35:28 - [MESSAGE][INFO] - Finding Test Object 'Object Repository/Sayfalar/Giris_Sayfasi/RetveTamam_Butonu'

2021-11-18 11:35:28 - [MESSAGE][INFO] - Checking object

2021-11-18 11:35:28 - [MESSAGE][INFO] - Finding web element from Test Object's properties

2021-11-18 11:35:28 - [MESSAGE][INFO] - Checking timeout

2021-11-18 11:35:28 - [MESSAGE][INFO] - Finding web element with id: 'Object Repository/Sayfalar/Giris_Sayfasi/RetveTamam_Butonu' located by 'By.xpath: //*[@class = 'btn btn-default']' in '5' second(s)

2021-11-18 11:35:28 - [MESSAGE][INFO] - Smart Wait Function is triggered

2021-11-18 11:35:28 - [MESSAGE][INFO] - Found 1 web elements with id: 'Object Repository/Sayfalar/Giris_Sayfasi/RetveTamam_Butonu' located by 'By.xpath: //*[@class = 'btn btn-default']' in '5' second(s)

2021-11-18 11:35:28 - [MESSAGE][PASSED] - Object 'Object Repository/Sayfalar/Giris_Sayfasi/RetveTamam_Butonu' is present

2021-11-18 11:35:28 - [TEST_STEP][PASSED] - click(findTestObject("Object Repository/Sayfalar/Giris_Sayfasi/RetveTamam_Butonu")): Object: 'Object Repository/Sayfalar/Giris_Sayfasi/RetveTamam_Butonu' is clicked on

2021-11-18 11:35:28 - [MESSAGE][INFO] - Finding Test Object 'Object Repository/Sayfalar/Giris_Sayfasi/RetveTamam_Butonu'

2021-11-18 11:35:28 - [MESSAGE][INFO] - Checking object

2021-11-18 11:35:28 - [MESSAGE][INFO] - Finding web element from Test Object's properties

2021-11-18 11:35:28 - [MESSAGE][INFO] - Checking timeout

2021-11-18 11:35:28 - [MESSAGE][INFO] - Finding web element with id: 'Object Repository/Sayfalar/Giris_Sayfasi/RetveTamam_Butonu' located by 'By.xpath: //*[@class = 'btn btn-default']' in '30' second(s)

2021-11-18 11:35:28 - [MESSAGE][INFO] - Smart Wait Function is triggered

2021-11-18 11:35:29 - [MESSAGE][INFO] - Found 1 web elements with id: 'Object Repository/Sayfalar/Giris_Sayfasi/RetveTamam_Butonu' located by 'By.xpath: //*[@class = 'btn btn-default']' in '30' second(s)

2021-11-18 11:35:29 - [MESSAGE][INFO] - Clicking on object: 'Object Repository/Sayfalar/Giris_Sayfasi/RetveTamam_Butonu'

2021-11-18 11:35:29 - [MESSAGE][PASSED] - Object: 'Object Repository/Sayfalar/Giris_Sayfasi/RetveTamam_Butonu' is clicked on

2021-11-18 11:35:29 - [TEST_STEP][PASSED] - click(findTestObject("Object Repository/Sayfalar/Giris_Sayfasi/RetveTamam_Butonu")): Object: 'Object Repository/Sayfalar/Giris_Sayfasi/RetveTamam_Butonu' is clicked on

2021-11-18 11:35:29 - [MESSAGE][INFO] - Finding Test Object 'Object Repository/Sayfalar/Giris_Sayfasi/RetveTamam_Butonu'

2021-11-18 11:35:29 - [MESSAGE][INFO] - Checking object

2021-11-18 11:35:29 - [MESSAGE][INFO] - Finding web element from Test Object's properties

2021-11-18 11:35:29 - [MESSAGE][INFO] - Checking timeout

2021-11-18 11:35:29 - [MESSAGE][INFO] - Finding web element with id: 'Object Repository/Sayfalar/Giris_Sayfasi/RetveTamam_Butonu' located by 'By.xpath: //*[@class = 'btn btn-default']' in '30' second(s)

2021-11-18 11:35:29 - [MESSAGE][INFO] - Smart Wait Function is triggered

2021-11-18 11:35:32 - [MESSAGE][INFO] - Found 1 web elements with id: 'Object Repository/Sayfalar/Giris_Sayfasi/RetveTamam_Butonu' located by 'By.xpath: //*[@class = 'btn btn-default']' in '30' second(s)

2021-11-18 11:35:32 - [MESSAGE][INFO] - Clicking on object: 'Object Repository/Sayfalar/Giris_Sayfasi/RetveTamam_Butonu'

2021-11-18 11:35:32 - [MESSAGE][PASSED] - Object: 'Object Repository/Sayfalar/Giris_Sayfasi/RetveTamam_Butonu' is clicked on

2021-11-18 11:35:32 - [TEST_STEP][PASSED] - if (verifyElementPresent(findTestObject("Sayfalar/Giris_Sayfasi/PopupOK"), 5, OPTIONAL)): null

2021-11-18 11:35:32 - [MESSAGE][INFO] - Finding Test Object 'Object Repository/Sayfalar/Giris_Sayfasi/PopupOK'

2021-11-18 11:35:32 - [MESSAGE][INFO] - Checking object

2021-11-18 11:35:32 - [MESSAGE][INFO] - Finding web element from Test Object's properties

2021-11-18 11:35:32 - [MESSAGE][INFO] - Checking timeout

2021-11-18 11:35:32 - [MESSAGE][INFO] - Finding web element with id: 'Object Repository/Sayfalar/Giris_Sayfasi/PopupOK' located by 'By.cssSelector: .btn.btn-success' in '5' second(s)

2021-11-18 11:35:32 - [MESSAGE][INFO] - Smart Wait Function is triggered

2021-11-18 11:35:33 - [MESSAGE][INFO] - Found 1 web elements with id: 'Object Repository/Sayfalar/Giris_Sayfasi/PopupOK' located by 'By.cssSelector: .btn.btn-success' in '5' second(s)

2021-11-18 11:35:33 - [MESSAGE][PASSED] - Object 'Object Repository/Sayfalar/Giris_Sayfasi/PopupOK' is present

2021-11-18 11:35:33 - [TEST_STEP][PASSED] - click(findTestObject("Object Repository/Sayfalar/Giris_Sayfasi/PopupCarpiGiris")): Object: 'Object Repository/Sayfalar/Giris_Sayfasi/PopupCarpiGiris' is clicked on

2021-11-18 11:35:33 - [MESSAGE][INFO] - Finding Test Object 'Object Repository/Sayfalar/Giris_Sayfasi/PopupCarpiGiris'

2021-11-18 11:35:33 - [MESSAGE][INFO] - Checking object

2021-11-18 11:35:33 - [MESSAGE][INFO] - Finding web element from Test Object's properties

2021-11-18 11:35:33 - [MESSAGE][INFO] - Checking timeout

2021-11-18 11:35:33 - [MESSAGE][INFO] - Finding web element with id: 'Object Repository/Sayfalar/Giris_Sayfasi/PopupCarpiGiris' located by 'By.cssSelector: .bootbox-close-button.close' in '30' second(s)

2021-11-18 11:35:33 - [MESSAGE][INFO] - Smart Wait Function is triggered

2021-11-18 11:35:33 - [MESSAGE][INFO] - Found 1 web elements with id: 'Object Repository/Sayfalar/Giris_Sayfasi/PopupCarpiGiris' located by 'By.cssSelector: .bootbox-close-button.close' in '30' second(s)

2021-11-18 11:35:33 - [MESSAGE][INFO] - Clicking on object: 'Object Repository/Sayfalar/Giris_Sayfasi/PopupCarpiGiris'

2021-11-18 11:35:33 - [MESSAGE][PASSED] - Object: 'Object Repository/Sayfalar/Giris_Sayfasi/PopupCarpiGiris' is clicked on

2021-11-18 11:35:33 - [TEST_STEP][PASSED] - verifyElementVisible(findTestObject("Object Repository/Kullanici_Islemleri/KullaniciIslemleri")): Object 'Object Repository/Kullanici_Islemleri/KullaniciIslemleri' is visible

2021-11-18 11:35:33 - [MESSAGE][INFO] - Finding Test Object 'Object Repository/Kullanici_Islemleri/KullaniciIslemleri'

2021-11-18 11:35:33 - [MESSAGE][INFO] - Checking object

2021-11-18 11:35:33 - [MESSAGE][INFO] - Finding web element from Test Object's properties

2021-11-18 11:35:33 - [MESSAGE][INFO] - Checking timeout

2021-11-18 11:35:33 - [MESSAGE][INFO] - Finding web element with id: 'Object Repository/Kullanici_Islemleri/KullaniciIslemleri' located by 'By.cssSelector: .dropdown>a>img' in '30' second(s)

2021-11-18 11:35:33 - [MESSAGE][INFO] - Smart Wait Function is triggered

2021-11-18 11:35:34 - [MESSAGE][INFO] - Found 1 web elements with id: 'Object Repository/Kullanici_Islemleri/KullaniciIslemleri' located by 'By.cssSelector: .dropdown>a>img' in '30' second(s)

2021-11-18 11:35:34 - [MESSAGE][PASSED] - Object 'Object Repository/Kullanici_Islemleri/KullaniciIslemleri' is visible

2021-11-18 11:35:34 - [MESSAGE][PASSED] - Call Test Case 'Test Cases/Sayfalar/Giris_Sayfasi/Login' successfully

2021-11-18 11:35:34 - [MESSAGE][INFO] - Checking called Test Case

2021-11-18 11:35:34 - [MESSAGE][INFO] - Starting to call Test Case 'Test Cases/Menu/AnaMenuSecimi'

2021-11-18 11:35:34 - [TEST_CASE][PASSED] - Test Cases/Menu/AnaMenuSecimi: Test Cases/Menu/AnaMenuSecimi

2021-11-18 11:35:34 - [TEST_STEP][PASSED] - Method.TextDegerineEsitElementeTikla(findTestObject("Menu/Ana_Menu"), Ana_Menu): Method.TextDegerineEsitElementeTikla is PASSED

2021-11-18 11:35:34 - [MESSAGE][INFO] - Finding Test Object 'Object Repository/Menu/Ana_Menu'

2021-11-18 11:35:34 - [MESSAGE][INFO] - Checking timeout

2021-11-18 11:35:34 - [MESSAGE][INFO] - Finding web element with id: 'Object Repository/Menu/Ana_Menu' located by 'By.xpath: //*[@class = 'dropdown-toggle']' in '10' second(s)

2021-11-18 11:35:34 - [MESSAGE][INFO] - Smart Wait Function is triggered

2021-11-18 11:35:35 - [MESSAGE][INFO] - Found 14 web elements with id: 'Object Repository/Menu/Ana_Menu' located by 'By.xpath: //*[@class = 'dropdown-toggle']' in '10' second(s)

2021-11-18 11:35:35 - [MESSAGE][PASSED] - Method.TextDegerineEsitElementeTikla is PASSED

2021-11-18 11:35:35 - [MESSAGE][PASSED] - Call Test Case 'Test Cases/Menu/AnaMenuSecimi' successfully

2021-11-18 11:35:35 - [MESSAGE][INFO] - Checking called Test Case

2021-11-18 11:35:35 - [MESSAGE][INFO] - Starting to call Test Case 'Test Cases/Menu/BasligaGoreAltMenuSecimi'

2021-11-18 11:35:35 - [TEST_CASE][PASSED] - Test Cases/Menu/BasligaGoreAltMenuSecimi: Test Cases/Menu/BasligaGoreAltMenuSecimi

2021-11-18 11:35:35 - [TEST_STEP][PASSED] - Method.TextDegerineEsitElementinAltindakiTextDegerineEsitOlanaTikla(findTestObject("Menu/Menu_Basligi"), findTestObject("Menu/Basliga_Gore_Alt_Menu"), Baslik, Alt_Menu): Method.TextDegerineEsitElementinAltindakiTextDegerineEsitOlanaTikla is PASSED

2021-11-18 11:35:35 - [MESSAGE][INFO] - Finding Test Object 'Object Repository/Menu/Menu_Basligi'

2021-11-18 11:35:35 - [MESSAGE][INFO] - Finding Test Object 'Object Repository/Menu/Basliga_Gore_Alt_Menu'

2021-11-18 11:35:35 - [MESSAGE][INFO] - Checking timeout

2021-11-18 11:35:35 - [MESSAGE][INFO] - Finding web element with id: 'Object Repository/Menu/Menu_Basligi' located by 'By.xpath: //li[@class='dropdown dropdown-large open']//li[@class='dropdown-header']' in '10' second(s)

2021-11-18 11:35:35 - [MESSAGE][INFO] - Smart Wait Function is triggered

2021-11-18 11:35:35 - [MESSAGE][INFO] - Found 3 web elements with id: 'Object Repository/Menu/Menu_Basligi' located by 'By.xpath: //li[@class='dropdown dropdown-large open']//li[@class='dropdown-header']' in '10' second(s)

2021-11-18 11:35:35 - [MESSAGE][INFO] - Smart Wait Function is triggered

2021-11-18 11:35:39 - [MESSAGE][PASSED] - Method.TextDegerineEsitElementinAltindakiTextDegerineEsitOlanaTikla is PASSED

2021-11-18 11:35:39 - [MESSAGE][PASSED] - Call Test Case 'Test Cases/Menu/BasligaGoreAltMenuSecimi' successfully

2021-11-18 11:35:39 - [MESSAGE][INFO] - Checking called Test Case

2021-11-18 11:35:39 - [MESSAGE][INFO] - Starting to call Test Case 'Test Cases/Filtreler/BaslangicYaz'

2021-11-18 11:35:39 - [TEST_CASE][PASSED] - Test Cases/Filtreler/BaslangicYaz: Test Cases/Filtreler/BaslangicYaz

2021-11-18 11:35:39 - [TEST_STEP][PASSED] - delay(3): Delayed 3 second(s)

2021-11-18 11:35:39 - [MESSAGE][INFO] - Delaying browser in 3 second(s)

2021-11-18 11:35:42 - [MESSAGE][PASSED] - Delayed 3 second(s)

2021-11-18 11:35:42 - [TEST_STEP][PASSED] - Method.TextDegerineEsitElementinAltindakineTikla(findTestObject("Filtreler/Basliklar"), findTestObject("Filtreler/Basliga_Gore_Baslangic_Image"), Filtre_Adi): Method.TextDegerineEsitElementinAltindakineTikla is PASSED

2021-11-18 11:35:42 - [MESSAGE][INFO] - Finding Test Object 'Object Repository/Filtreler/Basliklar'

2021-11-18 11:35:42 - [MESSAGE][INFO] - Finding Test Object 'Object Repository/Filtreler/Basliga_Gore_Baslangic_Image'

2021-11-18 11:35:42 - [MESSAGE][INFO] - Checking timeout

2021-11-18 11:35:42 - [MESSAGE][INFO] - Finding web element with id: 'Object Repository/Filtreler/Basliklar' located by 'By.cssSelector: .control-label.col-sm-4.paddingMarginRLC' in '10' second(s)

2021-11-18 11:35:42 - [MESSAGE][INFO] - Smart Wait Function is triggered

2021-11-18 11:35:42 - [MESSAGE][INFO] - Found 18 web elements with id: 'Object Repository/Filtreler/Basliklar' located by 'By.cssSelector: .control-label.col-sm-4.paddingMarginRLC' in '10' second(s)

2021-11-18 11:35:43 - [MESSAGE][INFO] - Smart Wait Function is triggered

2021-11-18 11:35:43 - [MESSAGE][PASSED] - Method.TextDegerineEsitElementinAltindakineTikla is PASSED

2021-11-18 11:35:43 - [TEST_STEP][PASSED] - Method.TextDegerineEsitElementinAltindakiTextboxtaYaz(findTestObject("Filtreler/Basliklar"), findTestObject("Filtreler/Basliga_Gore_Baslangic"), Filtre_Adi, Filtre_Degeri): Method.TextDegerineEsitElementinAltindakiTextboxtaYaz is PASSED

2021-11-18 11:35:43 - [MESSAGE][INFO] - Finding Test Object 'Object Repository/Filtreler/Basliklar'

2021-11-18 11:35:43 - [MESSAGE][INFO] - Finding Test Object 'Object Repository/Filtreler/Basliga_Gore_Baslangic'

2021-11-18 11:35:43 - [MESSAGE][INFO] - Checking timeout

2021-11-18 11:35:43 - [MESSAGE][INFO] - Finding web element with id: 'Object Repository/Filtreler/Basliklar' located by 'By.cssSelector: .control-label.col-sm-4.paddingMarginRLC' in '10' second(s)

2021-11-18 11:35:43 - [MESSAGE][INFO] - Smart Wait Function is triggered

2021-11-18 11:35:44 - [MESSAGE][INFO] - Found 18 web elements with id: 'Object Repository/Filtreler/Basliklar' located by 'By.cssSelector: .control-label.col-sm-4.paddingMarginRLC' in '10' second(s)

2021-11-18 11:35:44 - [MESSAGE][INFO] - Smart Wait Function is triggered

2021-11-18 11:35:44 - [MESSAGE][PASSED] - Method.TextDegerineEsitElementinAltindakiTextboxtaYaz is PASSED

2021-11-18 11:35:44 - [MESSAGE][PASSED] - Call Test Case 'Test Cases/Filtreler/BaslangicYaz' successfully

2021-11-18 11:35:44 - [MESSAGE][INFO] - Checking called Test Case

2021-11-18 11:35:44 - [MESSAGE][INFO] - Starting to call Test Case 'Test Cases/Filtreler/BitisYaz'

2021-11-18 11:35:44 - [TEST_CASE][PASSED] - Test Cases/Filtreler/BitisYaz: Test Cases/Filtreler/BitisYaz

2021-11-18 11:35:44 - [TEST_STEP][PASSED] - Method.TextDegerineEsitElementinAltindakineTikla(findTestObject("Filtreler/Basliklar"), findTestObject("Filtreler/Basliga_Gore_Bitis_Image"), Filtre_Adi): Method.TextDegerineEsitElementinAltindakineTikla is PASSED

2021-11-18 11:35:44 - [MESSAGE][INFO] - Finding Test Object 'Object Repository/Filtreler/Basliklar'

2021-11-18 11:35:44 - [MESSAGE][INFO] - Finding Test Object 'Object Repository/Filtreler/Basliga_Gore_Bitis_Image'

2021-11-18 11:35:45 - [MESSAGE][INFO] - Checking timeout

2021-11-18 11:35:45 - [MESSAGE][INFO] - Finding web element with id: 'Object Repository/Filtreler/Basliklar' located by 'By.cssSelector: .control-label.col-sm-4.paddingMarginRLC' in '10' second(s)

2021-11-18 11:35:45 - [MESSAGE][INFO] - Smart Wait Function is triggered

2021-11-18 11:35:45 - [MESSAGE][INFO] - Found 18 web elements with id: 'Object Repository/Filtreler/Basliklar' located by 'By.cssSelector: .control-label.col-sm-4.paddingMarginRLC' in '10' second(s)

2021-11-18 11:35:45 - [MESSAGE][INFO] - Smart Wait Function is triggered

2021-11-18 11:35:45 - [MESSAGE][PASSED] - Method.TextDegerineEsitElementinAltindakineTikla is PASSED

2021-11-18 11:35:45 - [TEST_STEP][PASSED] - Method.TextDegerineEsitElementinAltindakiTextboxtaYaz(findTestObject("Filtreler/Basliklar"), findTestObject("Object Repository/Filtreler/Basliga_Gore_Bitis"), Filtre_Adi, Filtre_Degeri): Method.TextDegerineEsitElementinAltindakiTextboxtaYaz is PASSED

2021-11-18 11:35:45 - [MESSAGE][INFO] - Finding Test Object 'Object Repository/Filtreler/Basliklar'

2021-11-18 11:35:45 - [MESSAGE][INFO] - Finding Test Object 'Object Repository/Filtreler/Basliga_Gore_Bitis'

2021-11-18 11:35:46 - [MESSAGE][INFO] - Checking timeout

2021-11-18 11:35:46 - [MESSAGE][INFO] - Finding web element with id: 'Object Repository/Filtreler/Basliklar' located by 'By.cssSelector: .control-label.col-sm-4.paddingMarginRLC' in '10' second(s)

2021-11-18 11:35:46 - [MESSAGE][INFO] - Smart Wait Function is triggered

2021-11-18 11:35:46 - [MESSAGE][INFO] - Found 18 web elements with id: 'Object Repository/Filtreler/Basliklar' located by 'By.cssSelector: .control-label.col-sm-4.paddingMarginRLC' in '10' second(s)

2021-11-18 11:35:46 - [MESSAGE][INFO] - Smart Wait Function is triggered

2021-11-18 11:35:47 - [MESSAGE][PASSED] - Method.TextDegerineEsitElementinAltindakiTextboxtaYaz is PASSED

2021-11-18 11:35:47 - [MESSAGE][PASSED] - Call Test Case 'Test Cases/Filtreler/BitisYaz' successfully

2021-11-18 11:35:47 - [MESSAGE][INFO] - Checking called Test Case

2021-11-18 11:35:47 - [MESSAGE][INFO] - Starting to call Test Case 'Test Cases/Filtreler/ButonaTikla'

2021-11-18 11:35:47 - [TEST_CASE][PASSED] - Test Cases/Filtreler/ButonaTikla: Test Cases/Filtreler/ButonaTikla

2021-11-18 11:35:47 - [TEST_STEP][PASSED] - Method.TextDegerineEsitElementeTikla(findTestObject("Filtreler/Butonlar"), Filtre_Buton): Method.TextDegerineEsitElementeTikla is PASSED

2021-11-18 11:35:47 - [MESSAGE][INFO] - Finding Test Object 'Object Repository/Filtreler/Butonlar'

2021-11-18 11:35:47 - [MESSAGE][INFO] - Checking timeout

2021-11-18 11:35:47 - [MESSAGE][INFO] - Finding web element with id: 'Object Repository/Filtreler/Butonlar' located by 'By.cssSelector: .dxb>span' in '10' second(s)

2021-11-18 11:35:47 - [MESSAGE][INFO] - Smart Wait Function is triggered

2021-11-18 11:35:47 - [MESSAGE][INFO] - Found 3 web elements with id: 'Object Repository/Filtreler/Butonlar' located by 'By.cssSelector: .dxb>span' in '10' second(s)

2021-11-18 11:35:48 - [MESSAGE][PASSED] - Method.TextDegerineEsitElementeTikla is PASSED

2021-11-18 11:35:48 - [MESSAGE][PASSED] - Call Test Case 'Test Cases/Filtreler/ButonaTikla' successfully

2021-11-18 11:35:48 - [MESSAGE][INFO] - Checking called Test Case

2021-11-18 11:35:48 - [MESSAGE][INFO] - Starting to call Test Case 'Test Cases/Tablo/TablodaVeriVarMi'

2021-11-18 11:35:48 - [TEST_CASE][PASSED] - Test Cases/Tablo/TablodaVeriVarMi: Test Cases/Tablo/TablodaVeriVarMi

2021-11-18 11:35:48 - [TEST_STEP][PASSED] - verifyTextNotPresent("Görüntülenecek veri yok", true): Text 'Görüntülenecek veri yok' is not present on page using regular expression

2021-11-18 11:35:48 - [MESSAGE][INFO] - Checking text present  using regular expression

2021-11-18 11:35:48 - [MESSAGE][INFO] - Smart Wait Function is triggered

2021-11-18 11:35:49 - [MESSAGE][INFO] - Finding text 'Görüntülenecek veri yok' on page  using regular expression

2021-11-18 11:35:49 - [MESSAGE][PASSED] - Text 'Görüntülenecek veri yok' is not present on page using regular expression

2021-11-18 11:35:49 - [MESSAGE][PASSED] - Call Test Case 'Test Cases/Tablo/TablodaVeriVarMi' successfully

2021-11-18 11:35:49 - [MESSAGE][INFO] - Checking called Test Case

2021-11-18 11:35:49 - [MESSAGE][INFO] - Starting to call Test Case 'Test Cases/Tablo/TablodanVeriSec'

2021-11-18 11:35:49 - [TEST_CASE][PASSED] - Test Cases/Tablo/TablodanVeriSec: Test Cases/Tablo/TablodanVeriSec

2021-11-18 11:35:49 - [TEST_STEP][PASSED] - Method.TextDegerineEsitElementinAltindakineTikla(findTestObject("Tablo/Veriler"), findTestObject("Tablo/VerininCheckBoxi"), Veri_Adi): Method.TextDegerineEsitElementinAltindakineTikla is PASSED

2021-11-18 11:35:49 - [MESSAGE][INFO] - Finding Test Object 'Object Repository/Tablo/Veriler'

2021-11-18 11:35:49 - [MESSAGE][INFO] - Finding Test Object 'Object Repository/Tablo/VerininCheckBoxi'

2021-11-18 11:35:49 - [MESSAGE][INFO] - Checking timeout

2021-11-18 11:35:49 - [MESSAGE][INFO] - Finding web element with id: 'Object Repository/Tablo/Veriler' located by 'By.cssSelector: td.dxgv b ,td.dxgv' in '10' second(s)

2021-11-18 11:35:49 - [MESSAGE][INFO] - Smart Wait Function is triggered

2021-11-18 11:35:49 - [MESSAGE][INFO] - Found 120 web elements with id: 'Object Repository/Tablo/Veriler' located by 'By.cssSelector: td.dxgv b ,td.dxgv' in '10' second(s)

2021-11-18 11:35:49 - [MESSAGE][INFO] - Smart Wait Function is triggered

2021-11-18 11:35:50 - [MESSAGE][PASSED] - Method.TextDegerineEsitElementinAltindakineTikla is PASSED

2021-11-18 11:35:50 - [MESSAGE][PASSED] - Call Test Case 'Test Cases/Tablo/TablodanVeriSec' successfully

2021-11-18 11:35:50 - [MESSAGE][INFO] - Checking called Test Case

2021-11-18 11:35:50 - [MESSAGE][INFO] - Starting to call Test Case 'Test Cases/Butonlar/ButonaTikla'

2021-11-18 11:35:50 - [TEST_CASE][PASSED] - Test Cases/Butonlar/ButonaTikla: Test Cases/Butonlar/ButonaTikla

2021-11-18 11:35:50 - [TEST_STEP][PASSED] - Method.TextDegerineEsitElementeTiklaEquals(findTestObject("Butonlar/Butonlar"), Buton_Adi): Method.TextDegerineEsitElementeTiklaEquals is PASSED

2021-11-18 11:35:50 - [MESSAGE][INFO] - Finding Test Object 'Object Repository/Butonlar/Butonlar'

2021-11-18 11:35:50 - [MESSAGE][INFO] - Checking timeout

2021-11-18 11:35:50 - [MESSAGE][INFO] - Finding web element with id: 'Object Repository/Butonlar/Butonlar' located by 'By.cssSelector: .panel.panel-default.text-center.footerPanel .btn,.btn.btn-primary.btnControls' in '10' second(s)

2021-11-18 11:35:50 - [MESSAGE][INFO] - Smart Wait Function is triggered

2021-11-18 11:35:50 - [MESSAGE][INFO] - Found 11 web elements with id: 'Object Repository/Butonlar/Butonlar' located by 'By.cssSelector: .panel.panel-default.text-center.footerPanel .btn,.btn.btn-primary.btnControls' in '10' second(s)

2021-11-18 11:35:50 - [MESSAGE][PASSED] - Method.TextDegerineEsitElementeTiklaEquals is PASSED

2021-11-18 11:35:50 - [MESSAGE][PASSED] - Call Test Case 'Test Cases/Butonlar/ButonaTikla' successfully

2021-11-18 11:35:50 - [MESSAGE][INFO] - Checking called Test Case

2021-11-18 11:35:50 - [MESSAGE][INFO] - Starting to call Test Case 'Test Cases/Sekmeler/YeniSekmeyeGec'

2021-11-18 11:35:51 - [TEST_CASE][PASSED] - Test Cases/Sekmeler/YeniSekmeyeGec: Test Cases/Sekmeler/YeniSekmeyeGec

2021-11-18 11:35:51 - [TEST_STEP][PASSED] - switchToWindowIndex(1): Switched to window with index: '1'

2021-11-18 11:35:51 - [MESSAGE][INFO] - Checking index

2021-11-18 11:35:51 - [MESSAGE][INFO] - Switching window with index: '1'

2021-11-18 11:35:51 - [MESSAGE][PASSED] - Switched to window with index: '1'

2021-11-18 11:35:51 - [MESSAGE][PASSED] - Call Test Case 'Test Cases/Sekmeler/YeniSekmeyeGec' successfully

2021-11-18 11:35:51 - [MESSAGE][INFO] - Checking called Test Case

2021-11-18 11:35:51 - [MESSAGE][INFO] - Starting to call Test Case 'Test Cases/Sekmeler/GecmisGeldiMi'

2021-11-18 11:35:51 - [TEST_CASE][PASSED] - Test Cases/Sekmeler/GecmisGeldiMi: Test Cases/Sekmeler/GecmisGeldiMi

2021-11-18 11:35:51 - [TEST_STEP][PASSED] - waitForElementVisible(findTestObject("Object Repository/Sekmeler/GecmisBaslik"), 10): Object 'Object Repository/Sekmeler/GecmisBaslik' is visible

2021-11-18 11:35:51 - [MESSAGE][INFO] - Finding Test Object 'Object Repository/Sekmeler/GecmisBaslik'

2021-11-18 11:35:51 - [MESSAGE][INFO] - Checking object

2021-11-18 11:35:51 - [MESSAGE][INFO] - Checking timeout

2021-11-18 11:35:51 - [MESSAGE][INFO] - Finding web element from Test Object's properties

2021-11-18 11:35:51 - [MESSAGE][INFO] - Checking timeout

2021-11-18 11:35:51 - [MESSAGE][INFO] - Finding web element with id: 'Object Repository/Sekmeler/GecmisBaslik' located by 'By.cssSelector: .dxnb-ghtext.dx-vam' in '10' second(s)

2021-11-18 11:35:51 - [MESSAGE][INFO] - Smart Wait Function is triggered

2021-11-18 11:35:58 - [MESSAGE][INFO] - Found 1 web elements with id: 'Object Repository/Sekmeler/GecmisBaslik' located by 'By.cssSelector: .dxnb-ghtext.dx-vam' in '10' second(s)

2021-11-18 11:35:58 - [MESSAGE][PASSED] - Object 'Object Repository/Sekmeler/GecmisBaslik' is visible

2021-11-18 11:35:58 - [TEST_STEP][PASSED] - if (!(getText(findTestObject("Object Repository/Sekmeler/GecmisBaslik")).contains(Baslik))): Text of object 'Object Repository/Sekmeler/GecmisBaslik' is: 'İrsaliye İzleme Kayıtları - 13737'

2021-11-18 11:35:58 - [MESSAGE][INFO] - Finding Test Object 'Object Repository/Sekmeler/GecmisBaslik'

2021-11-18 11:35:59 - [MESSAGE][INFO] - Checking object

2021-11-18 11:35:59 - [MESSAGE][INFO] - Finding web element from Test Object's properties

2021-11-18 11:35:59 - [MESSAGE][INFO] - Checking timeout

2021-11-18 11:35:59 - [MESSAGE][INFO] - Finding web element with id: 'Object Repository/Sekmeler/GecmisBaslik' located by 'By.cssSelector: .dxnb-ghtext.dx-vam' in '30' second(s)

2021-11-18 11:35:59 - [MESSAGE][INFO] - Smart Wait Function is triggered

2021-11-18 11:35:59 - [MESSAGE][INFO] - Found 1 web elements with id: 'Object Repository/Sekmeler/GecmisBaslik' located by 'By.cssSelector: .dxnb-ghtext.dx-vam' in '30' second(s)

2021-11-18 11:35:59 - [MESSAGE][INFO] - Getting text of object 'Object Repository/Sekmeler/GecmisBaslik'

2021-11-18 11:35:59 - [MESSAGE][PASSED] - Text of object 'Object Repository/Sekmeler/GecmisBaslik' is: 'İrsaliye İzleme Kayıtları - 13737'

2021-11-18 11:35:59 - [MESSAGE][PASSED] - Call Test Case 'Test Cases/Sekmeler/GecmisGeldiMi' successfully

2021-11-18 11:35:59 - [MESSAGE][INFO] - Checking called Test Case

2021-11-18 11:35:59 - [MESSAGE][INFO] - Starting to call Test Case 'Test Cases/Sekmeler/Ana_Sekmeye_Gec'

2021-11-18 11:35:59 - [TEST_CASE][PASSED] - Test Cases/Sekmeler/Ana_Sekmeye_Gec: Test Cases/Sekmeler/Ana_Sekmeye_Gec

2021-11-18 11:35:59 - [TEST_STEP][PASSED] - try: Window with index 1 is closed

2021-11-18 11:35:59 - [TEST_STEP][PASSED] - index = getWindowIndex(): Current window's index is: 1

2021-11-18 11:35:59 - [MESSAGE][INFO] - Getting current window's index

2021-11-18 11:35:59 - [MESSAGE][PASSED] - Current window's index is: 1

2021-11-18 11:35:59 - [TEST_STEP][PASSED] - closeWindowIndex(index): Window with index 1 is closed

2021-11-18 11:35:59 - [MESSAGE][INFO] - Checking index

2021-11-18 11:35:59 - [MESSAGE][INFO] - Closing window with index 1

2021-11-18 11:35:59 - [MESSAGE][PASSED] - Window with index 1 is closed

2021-11-18 11:35:59 - [TEST_STEP][PASSED] - switchToWindowIndex(0): Switched to window with index: '0'

2021-11-18 11:35:59 - [MESSAGE][INFO] - Checking index

2021-11-18 11:35:59 - [MESSAGE][INFO] - Switching window with index: '0'

2021-11-18 11:35:59 - [MESSAGE][PASSED] - Switched to window with index: '0'

2021-11-18 11:35:59 - [MESSAGE][PASSED] - Call Test Case 'Test Cases/Sekmeler/Ana_Sekmeye_Gec' successfully

2021-11-18 11:35:59 - [MESSAGE][INFO] - Checking called Test Case

2021-11-18 11:35:59 - [MESSAGE][INFO] - Starting to call Test Case 'Test Cases/Kullanici_Islemleri/KullaniciIslemlerindenSecimYapilir'

2021-11-18 11:35:59 - [TEST_CASE][PASSED] - Test Cases/Kullanici_Islemleri/KullaniciIslemlerindenSecimYapilir: Test Cases/Kullanici_Islemleri/KullaniciIslemlerindenSecimYapilir

2021-11-18 11:35:59 - [TEST_STEP][PASSED] - waitForElementClickable(findTestObject("Object Repository/Kullanici_Islemleri/KullaniciIslemleri"), 10): Object 'Object Repository/Kullanici_Islemleri/KullaniciIslemleri' is clickable

2021-11-18 11:35:59 - [MESSAGE][INFO] - Finding Test Object 'Object Repository/Kullanici_Islemleri/KullaniciIslemleri'

2021-11-18 11:35:59 - [MESSAGE][INFO] - Checking object

2021-11-18 11:35:59 - [MESSAGE][INFO] - Checking timeout

2021-11-18 11:35:59 - [MESSAGE][INFO] - Finding web element from Test Object's properties

2021-11-18 11:35:59 - [MESSAGE][INFO] - Checking timeout

2021-11-18 11:35:59 - [MESSAGE][INFO] - Finding web element with id: 'Object Repository/Kullanici_Islemleri/KullaniciIslemleri' located by 'By.cssSelector: .dropdown>a>img' in '10' second(s)

2021-11-18 11:35:59 - [MESSAGE][INFO] - Smart Wait Function is triggered

2021-11-18 11:36:00 - [MESSAGE][INFO] - Found 1 web elements with id: 'Object Repository/Kullanici_Islemleri/KullaniciIslemleri' located by 'By.cssSelector: .dropdown>a>img' in '10' second(s)

2021-11-18 11:36:00 - [MESSAGE][PASSED] - Object 'Object Repository/Kullanici_Islemleri/KullaniciIslemleri' is clickable

2021-11-18 11:36:00 - [TEST_STEP][PASSED] - click(findTestObject("Object Repository/Kullanici_Islemleri/KullaniciIslemleri")): Object: 'Object Repository/Kullanici_Islemleri/KullaniciIslemleri' is clicked on

2021-11-18 11:36:00 - [MESSAGE][INFO] - Finding Test Object 'Object Repository/Kullanici_Islemleri/KullaniciIslemleri'

2021-11-18 11:36:00 - [MESSAGE][INFO] - Checking object

2021-11-18 11:36:00 - [MESSAGE][INFO] - Finding web element from Test Object's properties

2021-11-18 11:36:00 - [MESSAGE][INFO] - Checking timeout

2021-11-18 11:36:00 - [MESSAGE][INFO] - Finding web element with id: 'Object Repository/Kullanici_Islemleri/KullaniciIslemleri' located by 'By.cssSelector: .dropdown>a>img' in '30' second(s)

2021-11-18 11:36:00 - [MESSAGE][INFO] - Smart Wait Function is triggered

2021-11-18 11:36:00 - [MESSAGE][INFO] - Found 1 web elements with id: 'Object Repository/Kullanici_Islemleri/KullaniciIslemleri' located by 'By.cssSelector: .dropdown>a>img' in '30' second(s)

2021-11-18 11:36:00 - [MESSAGE][INFO] - Clicking on object: 'Object Repository/Kullanici_Islemleri/KullaniciIslemleri'

2021-11-18 11:36:00 - [MESSAGE][PASSED] - Object: 'Object Repository/Kullanici_Islemleri/KullaniciIslemleri' is clicked on

2021-11-18 11:36:00 - [TEST_STEP][PASSED] - Method.TextDegerineEsitElementeTikla(findTestObject("Object Repository/Kullanici_Islemleri/Secenekler"), Islem): Method.TextDegerineEsitElementeTikla is PASSED

2021-11-18 11:36:00 - [MESSAGE][INFO] - Finding Test Object 'Object Repository/Kullanici_Islemleri/Secenekler'

2021-11-18 11:36:00 - [MESSAGE][INFO] - Checking timeout

2021-11-18 11:36:00 - [MESSAGE][INFO] - Finding web element with id: 'Object Repository/Kullanici_Islemleri/Secenekler' located by 'By.cssSelector: .nav.navbar-nav.navbar-right li a' in '10' second(s)

2021-11-18 11:36:00 - [MESSAGE][INFO] - Smart Wait Function is triggered

2021-11-18 11:36:00 - [MESSAGE][INFO] - Found 22 web elements with id: 'Object Repository/Kullanici_Islemleri/Secenekler' located by 'By.cssSelector: .nav.navbar-nav.navbar-right li a' in '10' second(s)

2021-11-18 11:36:03 - [MESSAGE][PASSED] - Method.TextDegerineEsitElementeTikla is PASSED

2021-11-18 11:36:03 - [TEST_STEP][PASSED] - verifyElementNotPresent(findTestObject("Object Repository/Kullanici_Islemleri/Secenekler"), 10): Web element with id: 'Object Repository/Kullanici_Islemleri/Secenekler' located by 'By.cssSelector: .nav.navbar-nav.navbar-right li a' is not present after '10' second(s)

2021-11-18 11:36:03 - [MESSAGE][INFO] - Finding Test Object 'Object Repository/Kullanici_Islemleri/Secenekler'

2021-11-18 11:36:03 - [MESSAGE][INFO] - Checking object

2021-11-18 11:36:03 - [MESSAGE][INFO] - Checking timeout

2021-11-18 11:36:03 - [MESSAGE][INFO] - Finding web element with id: 'Object Repository/Kullanici_Islemleri/Secenekler' located by 'By.cssSelector: .nav.navbar-nav.navbar-right li a' in '10' second(s)

2021-11-18 11:36:03 - [MESSAGE][INFO] - Smart Wait Function is triggered

2021-11-18 11:36:03 - [MESSAGE][PASSED] - Web element with id: 'Object Repository/Kullanici_Islemleri/Secenekler' located by 'By.cssSelector: .nav.navbar-nav.navbar-right li a' is not present after '10' second(s)

2021-11-18 11:36:03 - [MESSAGE][PASSED] - Call Test Case 'Test Cases/Kullanici_Islemleri/KullaniciIslemlerindenSecimYapilir' successfully

2021-11-18 11:36:03 - [TEST_CASE][PASSED] - Start Test Case : SCENARIO Irsaliyenin Gecmisi: SCENARIO Irsaliyenin Gecmisi

2021-11-18 11:36:03 - [TEST_STEP][PASSED] - Kullanıcı adı ELOGO6 ve Şifre 123456 olarak giriş yapılır: Kullanıcı adı ELOGO6 ve Şifre 123456 olarak giriş yapılır

2021-11-18 11:36:03 - [MESSAGE][PASSED] - Kullanıcı adı ELOGO6 ve Şifre 123456 olarak giriş yapılır

2021-11-18 11:36:03 - [TEST_STEP][PASSED] - Ana menüden e-İrsaliye seçilir: Ana menüden e-İrsaliye seçilir

2021-11-18 11:36:03 - [MESSAGE][PASSED] - Ana menüden e-İrsaliye seçilir

2021-11-18 11:36:03 - [TEST_STEP][PASSED] - Alt menü Giden Kutusu başlığı altındaki İrsaliyeler seçilir: Alt menü Giden Kutusu başlığı altındaki İrsaliyeler seçilir

2021-11-18 11:36:03 - [MESSAGE][PASSED] - Alt menü Giden Kutusu başlığı altındaki İrsaliyeler seçilir

2021-11-18 11:36:03 - [TEST_STEP][PASSED] - Filtrelerden Oluşturma Tarihi filtresine 01.01.2020 baslangic degerini yaz: Filtrelerden Oluşturma Tarihi filtresine 01.01.2020 baslangic degerini yaz

2021-11-18 11:36:03 - [MESSAGE][PASSED] - Filtrelerden Oluşturma Tarihi filtresine 01.01.2020 baslangic degerini yaz

2021-11-18 11:36:03 - [TEST_STEP][PASSED] - Filtrelerden Oluşturma Tarihi filtresine 31.12.2020 bitis degerini yaz: Filtrelerden Oluşturma Tarihi filtresine 31.12.2020 bitis degerini yaz

2021-11-18 11:36:03 - [MESSAGE][PASSED] - Filtrelerden Oluşturma Tarihi filtresine 31.12.2020 bitis degerini yaz

2021-11-18 11:36:03 - [TEST_STEP][PASSED] - Filtre butonlarından Listele seçilir: Filtre butonlarından Listele seçilir

2021-11-18 11:36:03 - [MESSAGE][PASSED] - Filtre butonlarından Listele seçilir

2021-11-18 11:36:03 - [TEST_STEP][PASSED] - Tabloda veri var mı kontrol edilir: Tabloda veri var mı kontrol edilir

2021-11-18 11:36:03 - [MESSAGE][PASSED] - Tabloda veri var mı kontrol edilir

2021-11-18 11:36:03 - [TEST_STEP][PASSED] - Tablodan TEST isimli veri seçilir: Tablodan TEST isimli veri seçilir

2021-11-18 11:36:03 - [MESSAGE][PASSED] - Tablodan TEST isimli veri seçilir

2021-11-18 11:36:03 - [TEST_STEP][PASSED] - Butonlardan İzleme Kayıtları isimli butona tıklanır: Butonlardan İzleme Kayıtları isimli butona tıklanır

2021-11-18 11:36:03 - [MESSAGE][PASSED] - Butonlardan İzleme Kayıtları isimli butona tıklanır

2021-11-18 11:36:03 - [TEST_STEP][PASSED] - Yeni açılan sekmeye geçilir: Yeni açılan sekmeye geçilir

2021-11-18 11:36:03 - [MESSAGE][PASSED] - Yeni açılan sekmeye geçilir

2021-11-18 11:36:03 - [TEST_STEP][PASSED] - İrsaliye İzleme Kayıtları baslikli gecmis sayfasi geldi mi: İrsaliye İzleme Kayıtları baslikli gecmis sayfasi geldi mi

2021-11-18 11:36:03 - [MESSAGE][PASSED] - İrsaliye İzleme Kayıtları baslikli gecmis sayfasi geldi mi

2021-11-18 11:36:03 - [TEST_STEP][PASSED] - Ana sekmeye geçilir: Ana sekmeye geçilir

2021-11-18 11:36:03 - [MESSAGE][PASSED] - Ana sekmeye geçilir

2021-11-18 11:36:03 - [TEST_STEP][PASSED] - Kullanıcı işlemlerinden Çıkış seçilir: Kullanıcı işlemlerinden Çıkış seçilir

2021-11-18 11:36:03 - [MESSAGE][PASSED] - Kullanıcı işlemlerinden Çıkış seçilir

2021-11-18 11:36:03 - [MESSAGE][PASSED] - Feature file: 'Include/features/e-Irsaliye/Giden Kutusu/Irsaliyeler/Izleme Kayitlari.feature' was passed

2021-11-18 11:36:03 - [TEST_STEP][PASSED] - Start listener action : sampleAfterTestSuite: Invoke 'com.kms.katalon.core.annotation.AfterTestCase' method: 'Listener.sampleAfterTestSuite(...)' completed.

2021-11-18 11:36:03 - [MESSAGE][INFO] - Starting invoke 'com.kms.katalon.core.annotation.AfterTestCase' method: 'Listener.sampleAfterTestSuite(...)'

2021-11-18 11:36:03 - [TEST_STEP][PASSED] - closeBrowser(): Invoke 'com.kms.katalon.core.annotation.AfterTestCase' method: 'Listener.sampleAfterTestSuite(...)' completed.

2021-11-18 11:36:03 - [MESSAGE][INFO] - Closing browser

2021-11-18 11:36:04 - [MESSAGE][PASSED] - Browser is closed

2021-11-18 11:36:04 - [MESSAGE][INFO] - Invoke 'com.kms.katalon.core.annotation.AfterTestCase' method: 'Listener.sampleAfterTestSuite(...)' completed.]]></system-out>
         <system-err><![CDATA[]]></system-err>
      </testcase>
      <testcase name="Test Cases/Case Repository/e-Irsaliye/Giden Kutusu/Irsaliyeler/Statu Ata" time="39.453" classname="Test Cases/Case Repository/e-Irsaliye/Giden Kutusu/Irsaliyeler/Statu Ata" status="PASSED">
         <system-out><![CDATA[2021-11-18 11:36:04 - [TEST_CASE][PASSED] - Test Cases/Case Repository/e-Irsaliye/Giden Kutusu/Irsaliyeler/Statu Ata: Test Cases/Case Repository/e-Irsaliye/Giden Kutusu/Irsaliyeler/Statu Ata

2021-11-18 11:36:04 - [TEST_STEP][PASSED] - Start listener action : sampleBeforeTestSuite: Invoke 'com.kms.katalon.core.annotation.BeforeTestCase' method: 'Listener.sampleBeforeTestSuite(...)' completed.

2021-11-18 11:36:04 - [MESSAGE][INFO] - Starting invoke 'com.kms.katalon.core.annotation.BeforeTestCase' method: 'Listener.sampleBeforeTestSuite(...)'

2021-11-18 11:36:04 - [TEST_STEP][PASSED] - openBrowser(baseUrl): Browser is opened with url: 'https://efatura-stage.elogo.com.tr/'

2021-11-18 11:36:04 - [MESSAGE][INFO] - Opening browser

2021-11-18 11:36:04 - [MESSAGE][INFO] - Starting 'Chrome' driver

2021-11-18 11:36:04 - [MESSAGE][INFO] - User set preference: ['prefs', '{download.default_directory=C:\otomasyondownfiles}']

2021-11-18 11:36:04 - [MESSAGE][INFO] - Action delay is set to 0 milliseconds

2021-11-18 11:36:05 - [MESSAGE][INFO] - Navigating browser to: 'https://efatura-stage.elogo.com.tr/'

2021-11-18 11:36:08 - [MESSAGE][PASSED] - Browser is opened with url: 'https://efatura-stage.elogo.com.tr/'

2021-11-18 11:36:08 - [TEST_STEP][PASSED] - maximizeWindow(): Invoke 'com.kms.katalon.core.annotation.BeforeTestCase' method: 'Listener.sampleBeforeTestSuite(...)' completed.

2021-11-18 11:36:08 - [MESSAGE][INFO] - Maximizing current window

2021-11-18 11:36:08 - [MESSAGE][PASSED] - Current window maximized

2021-11-18 11:36:08 - [MESSAGE][INFO] - Invoke 'com.kms.katalon.core.annotation.BeforeTestCase' method: 'Listener.sampleBeforeTestSuite(...)' completed.

2021-11-18 11:36:08 - [TEST_STEP][PASSED] - runFeatureFile("Include/features/e-Irsaliye/Giden Kutusu/Irsaliyeler/Statu Ata.feature"): Feature file: 'Include/features/e-Irsaliye/Giden Kutusu/Irsaliyeler/Statu Ata.feature' was passed

2021-11-18 11:36:08 - [MESSAGE][INFO] - Starting run keyword runFeatureFile: 'Include/features/e-Irsaliye/Giden Kutusu/Irsaliyeler/Statu Ata.feature' and extract report to folder: 'C:\Users\DELL\Documents\GitHub\EES_KatalonLogo\Reports\20211118_110909\Suite Repository\e-Irsaliye\20211118_110920/cucumber_report/1637224568873'...

2021-11-18 11:36:08 - [MESSAGE][INFO] - Glue: []

2021-11-18 11:36:10 - [MESSAGE][INFO] - Checking called Test Case

2021-11-18 11:36:10 - [MESSAGE][INFO] - Starting to call Test Case 'Test Cases/Sayfalar/Giris_Sayfasi/Login'

2021-11-18 11:36:10 - [TEST_CASE][PASSED] - Test Cases/Sayfalar/Giris_Sayfasi/Login: Test Cases/Sayfalar/Giris_Sayfasi/Login

2021-11-18 11:36:10 - [TEST_STEP][PASSED] - Sayfa_Basligi = getWindowTitle(): Current window's title is: 'LOGO e-Fatura'

2021-11-18 11:36:10 - [MESSAGE][INFO] - Getting current window's title

2021-11-18 11:36:10 - [MESSAGE][PASSED] - Current window's title is: 'LOGO e-Fatura'

2021-11-18 11:36:10 - [TEST_STEP][PASSED] - verifyMatch(Sayfa_Basligi, "LOGO e-Fatura", false): Actual text 'LOGO e-Fatura' and expected text 'LOGO e-Fatura' are matched 

2021-11-18 11:36:10 - [MESSAGE][INFO] - Matching actual text 'LOGO e-Fatura' with expected text 'LOGO e-Fatura'

2021-11-18 11:36:10 - [MESSAGE][PASSED] - Actual text 'LOGO e-Fatura' and expected text 'LOGO e-Fatura' are matched 

2021-11-18 11:36:10 - [TEST_STEP][PASSED] - sendKeys(findTestObject("Sayfalar/Giris_Sayfasi/Firma_Kodu"), KullaniciAdi): Keys 'ELOGO6' sent to object: 'Object Repository/Sayfalar/Giris_Sayfasi/Firma_Kodu'

2021-11-18 11:36:10 - [MESSAGE][INFO] - Finding Test Object 'Object Repository/Sayfalar/Giris_Sayfasi/Firma_Kodu'

2021-11-18 11:36:11 - [MESSAGE][INFO] - Sending keys 'ELOGO6' to object: 'Object Repository/Sayfalar/Giris_Sayfasi/Firma_Kodu'

2021-11-18 11:36:11 - [MESSAGE][INFO] - Finding web element from Test Object's properties

2021-11-18 11:36:11 - [MESSAGE][INFO] - Checking timeout

2021-11-18 11:36:11 - [MESSAGE][INFO] - Finding web element with id: 'Object Repository/Sayfalar/Giris_Sayfasi/Firma_Kodu' located by 'By.xpath: //*[@id = 'AccountName']' in '30' second(s)

2021-11-18 11:36:11 - [MESSAGE][INFO] - Smart Wait Function is triggered

2021-11-18 11:36:11 - [MESSAGE][INFO] - Found 1 web elements with id: 'Object Repository/Sayfalar/Giris_Sayfasi/Firma_Kodu' located by 'By.xpath: //*[@id = 'AccountName']' in '30' second(s)

2021-11-18 11:36:11 - [MESSAGE][PASSED] - Keys 'ELOGO6' sent to object: 'Object Repository/Sayfalar/Giris_Sayfasi/Firma_Kodu'

2021-11-18 11:36:11 - [TEST_STEP][PASSED] - sendKeys(findTestObject("Sayfalar/Giris_Sayfasi/Sifre"), Sifre): Keys '123456' sent to object: 'Object Repository/Sayfalar/Giris_Sayfasi/Sifre'

2021-11-18 11:36:11 - [MESSAGE][INFO] - Finding Test Object 'Object Repository/Sayfalar/Giris_Sayfasi/Sifre'

2021-11-18 11:36:11 - [MESSAGE][INFO] - Sending keys '123456' to object: 'Object Repository/Sayfalar/Giris_Sayfasi/Sifre'

2021-11-18 11:36:11 - [MESSAGE][INFO] - Finding web element from Test Object's properties

2021-11-18 11:36:11 - [MESSAGE][INFO] - Checking timeout

2021-11-18 11:36:11 - [MESSAGE][INFO] - Finding web element with id: 'Object Repository/Sayfalar/Giris_Sayfasi/Sifre' located by 'By.xpath: //*[@id = 'Password']' in '30' second(s)

2021-11-18 11:36:11 - [MESSAGE][INFO] - Smart Wait Function is triggered

2021-11-18 11:36:11 - [MESSAGE][INFO] - Found 1 web elements with id: 'Object Repository/Sayfalar/Giris_Sayfasi/Sifre' located by 'By.xpath: //*[@id = 'Password']' in '30' second(s)

2021-11-18 11:36:11 - [MESSAGE][PASSED] - Keys '123456' sent to object: 'Object Repository/Sayfalar/Giris_Sayfasi/Sifre'

2021-11-18 11:36:11 - [TEST_STEP][PASSED] - findWebElement(findTestObject("Sayfalar/Giris_Sayfasi/Giris_Butonu")).click(): Found 1 web elements with id: 'Object Repository/Sayfalar/Giris_Sayfasi/Giris_Butonu' located by 'By.cssSelector: #btnLogin' in '30' second(s)

2021-11-18 11:36:11 - [MESSAGE][INFO] - Finding Test Object 'Object Repository/Sayfalar/Giris_Sayfasi/Giris_Butonu'

2021-11-18 11:36:11 - [MESSAGE][INFO] - Finding web element from Test Object's properties

2021-11-18 11:36:11 - [MESSAGE][INFO] - Checking timeout

2021-11-18 11:36:11 - [MESSAGE][INFO] - Finding web element with id: 'Object Repository/Sayfalar/Giris_Sayfasi/Giris_Butonu' located by 'By.cssSelector: #btnLogin' in '30' second(s)

2021-11-18 11:36:11 - [MESSAGE][INFO] - Smart Wait Function is triggered

2021-11-18 11:36:12 - [MESSAGE][INFO] - Found 1 web elements with id: 'Object Repository/Sayfalar/Giris_Sayfasi/Giris_Butonu' located by 'By.cssSelector: #btnLogin' in '30' second(s)

2021-11-18 11:36:15 - [TEST_STEP][PASSED] - if (verifyElementPresent(findTestObject("Object Repository/Sayfalar/Giris_Sayfasi/RetveTamam_Butonu"), 5, OPTIONAL)): null

2021-11-18 11:36:15 - [MESSAGE][INFO] - Finding Test Object 'Object Repository/Sayfalar/Giris_Sayfasi/RetveTamam_Butonu'

2021-11-18 11:36:15 - [MESSAGE][INFO] - Checking object

2021-11-18 11:36:15 - [MESSAGE][INFO] - Finding web element from Test Object's properties

2021-11-18 11:36:15 - [MESSAGE][INFO] - Checking timeout

2021-11-18 11:36:15 - [MESSAGE][INFO] - Finding web element with id: 'Object Repository/Sayfalar/Giris_Sayfasi/RetveTamam_Butonu' located by 'By.xpath: //*[@class = 'btn btn-default']' in '5' second(s)

2021-11-18 11:36:15 - [MESSAGE][INFO] - Smart Wait Function is triggered

2021-11-18 11:36:15 - [MESSAGE][INFO] - Found 1 web elements with id: 'Object Repository/Sayfalar/Giris_Sayfasi/RetveTamam_Butonu' located by 'By.xpath: //*[@class = 'btn btn-default']' in '5' second(s)

2021-11-18 11:36:15 - [MESSAGE][PASSED] - Object 'Object Repository/Sayfalar/Giris_Sayfasi/RetveTamam_Butonu' is present

2021-11-18 11:36:15 - [TEST_STEP][PASSED] - click(findTestObject("Object Repository/Sayfalar/Giris_Sayfasi/RetveTamam_Butonu")): Object: 'Object Repository/Sayfalar/Giris_Sayfasi/RetveTamam_Butonu' is clicked on

2021-11-18 11:36:15 - [MESSAGE][INFO] - Finding Test Object 'Object Repository/Sayfalar/Giris_Sayfasi/RetveTamam_Butonu'

2021-11-18 11:36:15 - [MESSAGE][INFO] - Checking object

2021-11-18 11:36:15 - [MESSAGE][INFO] - Finding web element from Test Object's properties

2021-11-18 11:36:15 - [MESSAGE][INFO] - Checking timeout

2021-11-18 11:36:15 - [MESSAGE][INFO] - Finding web element with id: 'Object Repository/Sayfalar/Giris_Sayfasi/RetveTamam_Butonu' located by 'By.xpath: //*[@class = 'btn btn-default']' in '30' second(s)

2021-11-18 11:36:15 - [MESSAGE][INFO] - Smart Wait Function is triggered

2021-11-18 11:36:15 - [MESSAGE][INFO] - Found 1 web elements with id: 'Object Repository/Sayfalar/Giris_Sayfasi/RetveTamam_Butonu' located by 'By.xpath: //*[@class = 'btn btn-default']' in '30' second(s)

2021-11-18 11:36:15 - [MESSAGE][INFO] - Clicking on object: 'Object Repository/Sayfalar/Giris_Sayfasi/RetveTamam_Butonu'

2021-11-18 11:36:15 - [MESSAGE][PASSED] - Object: 'Object Repository/Sayfalar/Giris_Sayfasi/RetveTamam_Butonu' is clicked on

2021-11-18 11:36:15 - [TEST_STEP][PASSED] - click(findTestObject("Object Repository/Sayfalar/Giris_Sayfasi/RetveTamam_Butonu")): Object: 'Object Repository/Sayfalar/Giris_Sayfasi/RetveTamam_Butonu' is clicked on

2021-11-18 11:36:15 - [MESSAGE][INFO] - Finding Test Object 'Object Repository/Sayfalar/Giris_Sayfasi/RetveTamam_Butonu'

2021-11-18 11:36:16 - [MESSAGE][INFO] - Checking object

2021-11-18 11:36:16 - [MESSAGE][INFO] - Finding web element from Test Object's properties

2021-11-18 11:36:16 - [MESSAGE][INFO] - Checking timeout

2021-11-18 11:36:16 - [MESSAGE][INFO] - Finding web element with id: 'Object Repository/Sayfalar/Giris_Sayfasi/RetveTamam_Butonu' located by 'By.xpath: //*[@class = 'btn btn-default']' in '30' second(s)

2021-11-18 11:36:16 - [MESSAGE][INFO] - Smart Wait Function is triggered

2021-11-18 11:36:18 - [MESSAGE][INFO] - Found 1 web elements with id: 'Object Repository/Sayfalar/Giris_Sayfasi/RetveTamam_Butonu' located by 'By.xpath: //*[@class = 'btn btn-default']' in '30' second(s)

2021-11-18 11:36:18 - [MESSAGE][INFO] - Clicking on object: 'Object Repository/Sayfalar/Giris_Sayfasi/RetveTamam_Butonu'

2021-11-18 11:36:19 - [MESSAGE][PASSED] - Object: 'Object Repository/Sayfalar/Giris_Sayfasi/RetveTamam_Butonu' is clicked on

2021-11-18 11:36:19 - [TEST_STEP][PASSED] - if (verifyElementPresent(findTestObject("Sayfalar/Giris_Sayfasi/PopupOK"), 5, OPTIONAL)): null

2021-11-18 11:36:19 - [MESSAGE][INFO] - Finding Test Object 'Object Repository/Sayfalar/Giris_Sayfasi/PopupOK'

2021-11-18 11:36:19 - [MESSAGE][INFO] - Checking object

2021-11-18 11:36:19 - [MESSAGE][INFO] - Finding web element from Test Object's properties

2021-11-18 11:36:19 - [MESSAGE][INFO] - Checking timeout

2021-11-18 11:36:19 - [MESSAGE][INFO] - Finding web element with id: 'Object Repository/Sayfalar/Giris_Sayfasi/PopupOK' located by 'By.cssSelector: .btn.btn-success' in '5' second(s)

2021-11-18 11:36:19 - [MESSAGE][INFO] - Smart Wait Function is triggered

2021-11-18 11:36:19 - [MESSAGE][INFO] - Found 1 web elements with id: 'Object Repository/Sayfalar/Giris_Sayfasi/PopupOK' located by 'By.cssSelector: .btn.btn-success' in '5' second(s)

2021-11-18 11:36:19 - [MESSAGE][PASSED] - Object 'Object Repository/Sayfalar/Giris_Sayfasi/PopupOK' is present

2021-11-18 11:36:19 - [TEST_STEP][PASSED] - click(findTestObject("Object Repository/Sayfalar/Giris_Sayfasi/PopupCarpiGiris")): Object: 'Object Repository/Sayfalar/Giris_Sayfasi/PopupCarpiGiris' is clicked on

2021-11-18 11:36:19 - [MESSAGE][INFO] - Finding Test Object 'Object Repository/Sayfalar/Giris_Sayfasi/PopupCarpiGiris'

2021-11-18 11:36:19 - [MESSAGE][INFO] - Checking object

2021-11-18 11:36:19 - [MESSAGE][INFO] - Finding web element from Test Object's properties

2021-11-18 11:36:19 - [MESSAGE][INFO] - Checking timeout

2021-11-18 11:36:19 - [MESSAGE][INFO] - Finding web element with id: 'Object Repository/Sayfalar/Giris_Sayfasi/PopupCarpiGiris' located by 'By.cssSelector: .bootbox-close-button.close' in '30' second(s)

2021-11-18 11:36:19 - [MESSAGE][INFO] - Smart Wait Function is triggered

2021-11-18 11:36:19 - [MESSAGE][INFO] - Found 1 web elements with id: 'Object Repository/Sayfalar/Giris_Sayfasi/PopupCarpiGiris' located by 'By.cssSelector: .bootbox-close-button.close' in '30' second(s)

2021-11-18 11:36:19 - [MESSAGE][INFO] - Clicking on object: 'Object Repository/Sayfalar/Giris_Sayfasi/PopupCarpiGiris'

2021-11-18 11:36:19 - [MESSAGE][PASSED] - Object: 'Object Repository/Sayfalar/Giris_Sayfasi/PopupCarpiGiris' is clicked on

2021-11-18 11:36:19 - [TEST_STEP][PASSED] - verifyElementVisible(findTestObject("Object Repository/Kullanici_Islemleri/KullaniciIslemleri")): Object 'Object Repository/Kullanici_Islemleri/KullaniciIslemleri' is visible

2021-11-18 11:36:19 - [MESSAGE][INFO] - Finding Test Object 'Object Repository/Kullanici_Islemleri/KullaniciIslemleri'

2021-11-18 11:36:20 - [MESSAGE][INFO] - Checking object

2021-11-18 11:36:20 - [MESSAGE][INFO] - Finding web element from Test Object's properties

2021-11-18 11:36:20 - [MESSAGE][INFO] - Checking timeout

2021-11-18 11:36:20 - [MESSAGE][INFO] - Finding web element with id: 'Object Repository/Kullanici_Islemleri/KullaniciIslemleri' located by 'By.cssSelector: .dropdown>a>img' in '30' second(s)

2021-11-18 11:36:20 - [MESSAGE][INFO] - Smart Wait Function is triggered

2021-11-18 11:36:20 - [MESSAGE][INFO] - Found 1 web elements with id: 'Object Repository/Kullanici_Islemleri/KullaniciIslemleri' located by 'By.cssSelector: .dropdown>a>img' in '30' second(s)

2021-11-18 11:36:20 - [MESSAGE][PASSED] - Object 'Object Repository/Kullanici_Islemleri/KullaniciIslemleri' is visible

2021-11-18 11:36:20 - [MESSAGE][PASSED] - Call Test Case 'Test Cases/Sayfalar/Giris_Sayfasi/Login' successfully

2021-11-18 11:36:20 - [MESSAGE][INFO] - Checking called Test Case

2021-11-18 11:36:20 - [MESSAGE][INFO] - Starting to call Test Case 'Test Cases/Menu/AnaMenuSecimi'

2021-11-18 11:36:20 - [TEST_CASE][PASSED] - Test Cases/Menu/AnaMenuSecimi: Test Cases/Menu/AnaMenuSecimi

2021-11-18 11:36:20 - [TEST_STEP][PASSED] - Method.TextDegerineEsitElementeTikla(findTestObject("Menu/Ana_Menu"), Ana_Menu): Method.TextDegerineEsitElementeTikla is PASSED

2021-11-18 11:36:20 - [MESSAGE][INFO] - Finding Test Object 'Object Repository/Menu/Ana_Menu'

2021-11-18 11:36:20 - [MESSAGE][INFO] - Checking timeout

2021-11-18 11:36:20 - [MESSAGE][INFO] - Finding web element with id: 'Object Repository/Menu/Ana_Menu' located by 'By.xpath: //*[@class = 'dropdown-toggle']' in '10' second(s)

2021-11-18 11:36:20 - [MESSAGE][INFO] - Smart Wait Function is triggered

2021-11-18 11:36:21 - [MESSAGE][INFO] - Found 14 web elements with id: 'Object Repository/Menu/Ana_Menu' located by 'By.xpath: //*[@class = 'dropdown-toggle']' in '10' second(s)

2021-11-18 11:36:21 - [MESSAGE][PASSED] - Method.TextDegerineEsitElementeTikla is PASSED

2021-11-18 11:36:21 - [MESSAGE][PASSED] - Call Test Case 'Test Cases/Menu/AnaMenuSecimi' successfully

2021-11-18 11:36:21 - [MESSAGE][INFO] - Checking called Test Case

2021-11-18 11:36:21 - [MESSAGE][INFO] - Starting to call Test Case 'Test Cases/Menu/BasligaGoreAltMenuSecimi'

2021-11-18 11:36:21 - [TEST_CASE][PASSED] - Test Cases/Menu/BasligaGoreAltMenuSecimi: Test Cases/Menu/BasligaGoreAltMenuSecimi

2021-11-18 11:36:21 - [TEST_STEP][PASSED] - Method.TextDegerineEsitElementinAltindakiTextDegerineEsitOlanaTikla(findTestObject("Menu/Menu_Basligi"), findTestObject("Menu/Basliga_Gore_Alt_Menu"), Baslik, Alt_Menu): Method.TextDegerineEsitElementinAltindakiTextDegerineEsitOlanaTikla is PASSED

2021-11-18 11:36:21 - [MESSAGE][INFO] - Finding Test Object 'Object Repository/Menu/Menu_Basligi'

2021-11-18 11:36:21 - [MESSAGE][INFO] - Finding Test Object 'Object Repository/Menu/Basliga_Gore_Alt_Menu'

2021-11-18 11:36:21 - [MESSAGE][INFO] - Checking timeout

2021-11-18 11:36:21 - [MESSAGE][INFO] - Finding web element with id: 'Object Repository/Menu/Menu_Basligi' located by 'By.xpath: //li[@class='dropdown dropdown-large open']//li[@class='dropdown-header']' in '10' second(s)

2021-11-18 11:36:21 - [MESSAGE][INFO] - Smart Wait Function is triggered

2021-11-18 11:36:22 - [MESSAGE][INFO] - Found 3 web elements with id: 'Object Repository/Menu/Menu_Basligi' located by 'By.xpath: //li[@class='dropdown dropdown-large open']//li[@class='dropdown-header']' in '10' second(s)

2021-11-18 11:36:22 - [MESSAGE][INFO] - Smart Wait Function is triggered

2021-11-18 11:36:26 - [MESSAGE][PASSED] - Method.TextDegerineEsitElementinAltindakiTextDegerineEsitOlanaTikla is PASSED

2021-11-18 11:36:26 - [MESSAGE][PASSED] - Call Test Case 'Test Cases/Menu/BasligaGoreAltMenuSecimi' successfully

2021-11-18 11:36:26 - [MESSAGE][INFO] - Checking called Test Case

2021-11-18 11:36:26 - [MESSAGE][INFO] - Starting to call Test Case 'Test Cases/Filtreler/BaslangicYaz'

2021-11-18 11:36:26 - [TEST_CASE][PASSED] - Test Cases/Filtreler/BaslangicYaz: Test Cases/Filtreler/BaslangicYaz

2021-11-18 11:36:26 - [TEST_STEP][PASSED] - delay(3): Delayed 3 second(s)

2021-11-18 11:36:26 - [MESSAGE][INFO] - Delaying browser in 3 second(s)

2021-11-18 11:36:29 - [MESSAGE][PASSED] - Delayed 3 second(s)

2021-11-18 11:36:29 - [TEST_STEP][PASSED] - Method.TextDegerineEsitElementinAltindakineTikla(findTestObject("Filtreler/Basliklar"), findTestObject("Filtreler/Basliga_Gore_Baslangic_Image"), Filtre_Adi): Method.TextDegerineEsitElementinAltindakineTikla is PASSED

2021-11-18 11:36:29 - [MESSAGE][INFO] - Finding Test Object 'Object Repository/Filtreler/Basliklar'

2021-11-18 11:36:29 - [MESSAGE][INFO] - Finding Test Object 'Object Repository/Filtreler/Basliga_Gore_Baslangic_Image'

2021-11-18 11:36:29 - [MESSAGE][INFO] - Checking timeout

2021-11-18 11:36:29 - [MESSAGE][INFO] - Finding web element with id: 'Object Repository/Filtreler/Basliklar' located by 'By.cssSelector: .control-label.col-sm-4.paddingMarginRLC' in '10' second(s)

2021-11-18 11:36:29 - [MESSAGE][INFO] - Smart Wait Function is triggered

2021-11-18 11:36:29 - [MESSAGE][INFO] - Found 18 web elements with id: 'Object Repository/Filtreler/Basliklar' located by 'By.cssSelector: .control-label.col-sm-4.paddingMarginRLC' in '10' second(s)

2021-11-18 11:36:29 - [MESSAGE][INFO] - Smart Wait Function is triggered

2021-11-18 11:36:30 - [MESSAGE][PASSED] - Method.TextDegerineEsitElementinAltindakineTikla is PASSED

2021-11-18 11:36:30 - [TEST_STEP][PASSED] - Method.TextDegerineEsitElementinAltindakiTextboxtaYaz(findTestObject("Filtreler/Basliklar"), findTestObject("Filtreler/Basliga_Gore_Baslangic"), Filtre_Adi, Filtre_Degeri): Method.TextDegerineEsitElementinAltindakiTextboxtaYaz is PASSED

2021-11-18 11:36:30 - [MESSAGE][INFO] - Finding Test Object 'Object Repository/Filtreler/Basliklar'

2021-11-18 11:36:30 - [MESSAGE][INFO] - Finding Test Object 'Object Repository/Filtreler/Basliga_Gore_Baslangic'

2021-11-18 11:36:30 - [MESSAGE][INFO] - Checking timeout

2021-11-18 11:36:30 - [MESSAGE][INFO] - Finding web element with id: 'Object Repository/Filtreler/Basliklar' located by 'By.cssSelector: .control-label.col-sm-4.paddingMarginRLC' in '10' second(s)

2021-11-18 11:36:30 - [MESSAGE][INFO] - Smart Wait Function is triggered

2021-11-18 11:36:30 - [MESSAGE][INFO] - Found 18 web elements with id: 'Object Repository/Filtreler/Basliklar' located by 'By.cssSelector: .control-label.col-sm-4.paddingMarginRLC' in '10' second(s)

2021-11-18 11:36:30 - [MESSAGE][INFO] - Smart Wait Function is triggered

2021-11-18 11:36:31 - [MESSAGE][PASSED] - Method.TextDegerineEsitElementinAltindakiTextboxtaYaz is PASSED

2021-11-18 11:36:31 - [MESSAGE][PASSED] - Call Test Case 'Test Cases/Filtreler/BaslangicYaz' successfully

2021-11-18 11:36:31 - [MESSAGE][INFO] - Checking called Test Case

2021-11-18 11:36:31 - [MESSAGE][INFO] - Starting to call Test Case 'Test Cases/Filtreler/BitisYaz'

2021-11-18 11:36:31 - [TEST_CASE][PASSED] - Test Cases/Filtreler/BitisYaz: Test Cases/Filtreler/BitisYaz

2021-11-18 11:36:31 - [TEST_STEP][PASSED] - Method.TextDegerineEsitElementinAltindakineTikla(findTestObject("Filtreler/Basliklar"), findTestObject("Filtreler/Basliga_Gore_Bitis_Image"), Filtre_Adi): Method.TextDegerineEsitElementinAltindakineTikla is PASSED

2021-11-18 11:36:31 - [MESSAGE][INFO] - Finding Test Object 'Object Repository/Filtreler/Basliklar'

2021-11-18 11:36:31 - [MESSAGE][INFO] - Finding Test Object 'Object Repository/Filtreler/Basliga_Gore_Bitis_Image'

2021-11-18 11:36:31 - [MESSAGE][INFO] - Checking timeout

2021-11-18 11:36:31 - [MESSAGE][INFO] - Finding web element with id: 'Object Repository/Filtreler/Basliklar' located by 'By.cssSelector: .control-label.col-sm-4.paddingMarginRLC' in '10' second(s)

2021-11-18 11:36:31 - [MESSAGE][INFO] - Smart Wait Function is triggered

2021-11-18 11:36:31 - [MESSAGE][INFO] - Found 18 web elements with id: 'Object Repository/Filtreler/Basliklar' located by 'By.cssSelector: .control-label.col-sm-4.paddingMarginRLC' in '10' second(s)

2021-11-18 11:36:31 - [MESSAGE][INFO] - Smart Wait Function is triggered

2021-11-18 11:36:32 - [MESSAGE][PASSED] - Method.TextDegerineEsitElementinAltindakineTikla is PASSED

2021-11-18 11:36:32 - [TEST_STEP][PASSED] - Method.TextDegerineEsitElementinAltindakiTextboxtaYaz(findTestObject("Filtreler/Basliklar"), findTestObject("Object Repository/Filtreler/Basliga_Gore_Bitis"), Filtre_Adi, Filtre_Degeri): Method.TextDegerineEsitElementinAltindakiTextboxtaYaz is PASSED

2021-11-18 11:36:32 - [MESSAGE][INFO] - Finding Test Object 'Object Repository/Filtreler/Basliklar'

2021-11-18 11:36:32 - [MESSAGE][INFO] - Finding Test Object 'Object Repository/Filtreler/Basliga_Gore_Bitis'

2021-11-18 11:36:32 - [MESSAGE][INFO] - Checking timeout

2021-11-18 11:36:32 - [MESSAGE][INFO] - Finding web element with id: 'Object Repository/Filtreler/Basliklar' located by 'By.cssSelector: .control-label.col-sm-4.paddingMarginRLC' in '10' second(s)

2021-11-18 11:36:32 - [MESSAGE][INFO] - Smart Wait Function is triggered

2021-11-18 11:36:32 - [MESSAGE][INFO] - Found 18 web elements with id: 'Object Repository/Filtreler/Basliklar' located by 'By.cssSelector: .control-label.col-sm-4.paddingMarginRLC' in '10' second(s)

2021-11-18 11:36:32 - [MESSAGE][INFO] - Smart Wait Function is triggered

2021-11-18 11:36:33 - [MESSAGE][PASSED] - Method.TextDegerineEsitElementinAltindakiTextboxtaYaz is PASSED

2021-11-18 11:36:33 - [MESSAGE][PASSED] - Call Test Case 'Test Cases/Filtreler/BitisYaz' successfully

2021-11-18 11:36:33 - [MESSAGE][INFO] - Checking called Test Case

2021-11-18 11:36:33 - [MESSAGE][INFO] - Starting to call Test Case 'Test Cases/Filtreler/ButonaTikla'

2021-11-18 11:36:33 - [TEST_CASE][PASSED] - Test Cases/Filtreler/ButonaTikla: Test Cases/Filtreler/ButonaTikla

2021-11-18 11:36:33 - [TEST_STEP][PASSED] - Method.TextDegerineEsitElementeTikla(findTestObject("Filtreler/Butonlar"), Filtre_Buton): Method.TextDegerineEsitElementeTikla is PASSED

2021-11-18 11:36:33 - [MESSAGE][INFO] - Finding Test Object 'Object Repository/Filtreler/Butonlar'

2021-11-18 11:36:33 - [MESSAGE][INFO] - Checking timeout

2021-11-18 11:36:33 - [MESSAGE][INFO] - Finding web element with id: 'Object Repository/Filtreler/Butonlar' located by 'By.cssSelector: .dxb>span' in '10' second(s)

2021-11-18 11:36:33 - [MESSAGE][INFO] - Smart Wait Function is triggered

2021-11-18 11:36:33 - [MESSAGE][INFO] - Found 3 web elements with id: 'Object Repository/Filtreler/Butonlar' located by 'By.cssSelector: .dxb>span' in '10' second(s)

2021-11-18 11:36:33 - [MESSAGE][PASSED] - Method.TextDegerineEsitElementeTikla is PASSED

2021-11-18 11:36:33 - [MESSAGE][PASSED] - Call Test Case 'Test Cases/Filtreler/ButonaTikla' successfully

2021-11-18 11:36:33 - [MESSAGE][INFO] - Checking called Test Case

2021-11-18 11:36:33 - [MESSAGE][INFO] - Starting to call Test Case 'Test Cases/Tablo/TablodaVeriVarMi'

2021-11-18 11:36:33 - [TEST_CASE][PASSED] - Test Cases/Tablo/TablodaVeriVarMi: Test Cases/Tablo/TablodaVeriVarMi

2021-11-18 11:36:33 - [TEST_STEP][PASSED] - verifyTextNotPresent("Görüntülenecek veri yok", true): Text 'Görüntülenecek veri yok' is not present on page using regular expression

2021-11-18 11:36:33 - [MESSAGE][INFO] - Checking text present  using regular expression

2021-11-18 11:36:33 - [MESSAGE][INFO] - Smart Wait Function is triggered

2021-11-18 11:36:34 - [MESSAGE][INFO] - Finding text 'Görüntülenecek veri yok' on page  using regular expression

2021-11-18 11:36:34 - [MESSAGE][PASSED] - Text 'Görüntülenecek veri yok' is not present on page using regular expression

2021-11-18 11:36:34 - [MESSAGE][PASSED] - Call Test Case 'Test Cases/Tablo/TablodaVeriVarMi' successfully

2021-11-18 11:36:34 - [MESSAGE][INFO] - Checking called Test Case

2021-11-18 11:36:34 - [MESSAGE][INFO] - Starting to call Test Case 'Test Cases/Tablo/TablodanVeriSec'

2021-11-18 11:36:34 - [TEST_CASE][PASSED] - Test Cases/Tablo/TablodanVeriSec: Test Cases/Tablo/TablodanVeriSec

2021-11-18 11:36:34 - [TEST_STEP][PASSED] - Method.TextDegerineEsitElementinAltindakineTikla(findTestObject("Tablo/Veriler"), findTestObject("Tablo/VerininCheckBoxi"), Veri_Adi): Method.TextDegerineEsitElementinAltindakineTikla is PASSED

2021-11-18 11:36:34 - [MESSAGE][INFO] - Finding Test Object 'Object Repository/Tablo/Veriler'

2021-11-18 11:36:35 - [MESSAGE][INFO] - Finding Test Object 'Object Repository/Tablo/VerininCheckBoxi'

2021-11-18 11:36:35 - [MESSAGE][INFO] - Checking timeout

2021-11-18 11:36:35 - [MESSAGE][INFO] - Finding web element with id: 'Object Repository/Tablo/Veriler' located by 'By.cssSelector: td.dxgv b ,td.dxgv' in '10' second(s)

2021-11-18 11:36:35 - [MESSAGE][INFO] - Smart Wait Function is triggered

2021-11-18 11:36:35 - [MESSAGE][INFO] - Found 120 web elements with id: 'Object Repository/Tablo/Veriler' located by 'By.cssSelector: td.dxgv b ,td.dxgv' in '10' second(s)

2021-11-18 11:36:35 - [MESSAGE][INFO] - Smart Wait Function is triggered

2021-11-18 11:36:35 - [MESSAGE][PASSED] - Method.TextDegerineEsitElementinAltindakineTikla is PASSED

2021-11-18 11:36:35 - [MESSAGE][PASSED] - Call Test Case 'Test Cases/Tablo/TablodanVeriSec' successfully

2021-11-18 11:36:35 - [MESSAGE][INFO] - Checking called Test Case

2021-11-18 11:36:35 - [MESSAGE][INFO] - Starting to call Test Case 'Test Cases/Butonlar/ButonaTikla'

2021-11-18 11:36:35 - [TEST_CASE][PASSED] - Test Cases/Butonlar/ButonaTikla: Test Cases/Butonlar/ButonaTikla

2021-11-18 11:36:35 - [TEST_STEP][PASSED] - Method.TextDegerineEsitElementeTiklaEquals(findTestObject("Butonlar/Butonlar"), Buton_Adi): Method.TextDegerineEsitElementeTiklaEquals is PASSED

2021-11-18 11:36:35 - [MESSAGE][INFO] - Finding Test Object 'Object Repository/Butonlar/Butonlar'

2021-11-18 11:36:35 - [MESSAGE][INFO] - Checking timeout

2021-11-18 11:36:35 - [MESSAGE][INFO] - Finding web element with id: 'Object Repository/Butonlar/Butonlar' located by 'By.cssSelector: .panel.panel-default.text-center.footerPanel .btn,.btn.btn-primary.btnControls' in '10' second(s)

2021-11-18 11:36:35 - [MESSAGE][INFO] - Smart Wait Function is triggered

2021-11-18 11:36:36 - [MESSAGE][INFO] - Found 11 web elements with id: 'Object Repository/Butonlar/Butonlar' located by 'By.cssSelector: .panel.panel-default.text-center.footerPanel .btn,.btn.btn-primary.btnControls' in '10' second(s)

2021-11-18 11:36:36 - [MESSAGE][PASSED] - Method.TextDegerineEsitElementeTiklaEquals is PASSED

2021-11-18 11:36:36 - [MESSAGE][PASSED] - Call Test Case 'Test Cases/Butonlar/ButonaTikla' successfully

2021-11-18 11:36:36 - [MESSAGE][INFO] - Checking called Test Case

2021-11-18 11:36:36 - [MESSAGE][INFO] - Starting to call Test Case 'Test Cases/Butonlar/AltButonaTikla'

2021-11-18 11:36:36 - [TEST_CASE][PASSED] - Test Cases/Butonlar/AltButonaTikla: Test Cases/Butonlar/AltButonaTikla

2021-11-18 11:36:36 - [TEST_STEP][PASSED] - Method.TextDegerineEsitElementeTikla(findTestObject("Butonlar/AltButonlar"), Alt_Buton): Method.TextDegerineEsitElementeTikla is PASSED

2021-11-18 11:36:36 - [MESSAGE][INFO] - Finding Test Object 'Object Repository/Butonlar/AltButonlar'

2021-11-18 11:36:36 - [MESSAGE][INFO] - Checking timeout

2021-11-18 11:36:36 - [MESSAGE][INFO] - Finding web element with id: 'Object Repository/Butonlar/AltButonlar' located by 'By.cssSelector: .btn-group.open li>a' in '10' second(s)

2021-11-18 11:36:36 - [MESSAGE][INFO] - Smart Wait Function is triggered

2021-11-18 11:36:36 - [MESSAGE][INFO] - Found 2 web elements with id: 'Object Repository/Butonlar/AltButonlar' located by 'By.cssSelector: .btn-group.open li>a' in '10' second(s)

2021-11-18 11:36:36 - [MESSAGE][PASSED] - Method.TextDegerineEsitElementeTikla is PASSED

2021-11-18 11:36:36 - [MESSAGE][PASSED] - Call Test Case 'Test Cases/Butonlar/AltButonaTikla' successfully

2021-11-18 11:36:36 - [MESSAGE][INFO] - Checking called Test Case

2021-11-18 11:36:36 - [MESSAGE][INFO] - Starting to call Test Case 'Test Cases/Popup/PopupMesajiIceriyorMu'

2021-11-18 11:36:37 - [TEST_CASE][PASSED] - Test Cases/Popup/PopupMesajiIceriyorMu: Test Cases/Popup/PopupMesajiIceriyorMu

2021-11-18 11:36:37 - [TEST_STEP][PASSED] - waitForElementVisible(findTestObject("Popup/Popup"), 10): Object 'Object Repository/Popup/Popup' is visible

2021-11-18 11:36:37 - [MESSAGE][INFO] - Finding Test Object 'Object Repository/Popup/Popup'

2021-11-18 11:36:37 - [MESSAGE][INFO] - Checking object

2021-11-18 11:36:37 - [MESSAGE][INFO] - Checking timeout

2021-11-18 11:36:37 - [MESSAGE][INFO] - Finding web element from Test Object's properties

2021-11-18 11:36:37 - [MESSAGE][INFO] - Checking timeout

2021-11-18 11:36:37 - [MESSAGE][INFO] - Finding web element with id: 'Object Repository/Popup/Popup' located by 'By.cssSelector: .bootbox-body' in '10' second(s)

2021-11-18 11:36:37 - [MESSAGE][INFO] - Smart Wait Function is triggered

2021-11-18 11:36:38 - [MESSAGE][INFO] - Found 1 web elements with id: 'Object Repository/Popup/Popup' located by 'By.cssSelector: .bootbox-body' in '10' second(s)

2021-11-18 11:36:38 - [MESSAGE][PASSED] - Object 'Object Repository/Popup/Popup' is visible

2021-11-18 11:36:38 - [TEST_STEP][PASSED] - if (!(getText(findTestObject("Popup/Popup")).contains(Mesaj))): Text of object 'Object Repository/Popup/Popup' is: 'Statü Başarılı Olarak Güncellendi'

2021-11-18 11:36:38 - [MESSAGE][INFO] - Finding Test Object 'Object Repository/Popup/Popup'

2021-11-18 11:36:38 - [MESSAGE][INFO] - Checking object

2021-11-18 11:36:38 - [MESSAGE][INFO] - Finding web element from Test Object's properties

2021-11-18 11:36:38 - [MESSAGE][INFO] - Checking timeout

2021-11-18 11:36:38 - [MESSAGE][INFO] - Finding web element with id: 'Object Repository/Popup/Popup' located by 'By.cssSelector: .bootbox-body' in '30' second(s)

2021-11-18 11:36:38 - [MESSAGE][INFO] - Smart Wait Function is triggered

2021-11-18 11:36:38 - [MESSAGE][INFO] - Found 1 web elements with id: 'Object Repository/Popup/Popup' located by 'By.cssSelector: .bootbox-body' in '30' second(s)

2021-11-18 11:36:38 - [MESSAGE][INFO] - Getting text of object 'Object Repository/Popup/Popup'

2021-11-18 11:36:38 - [MESSAGE][PASSED] - Text of object 'Object Repository/Popup/Popup' is: 'Statü Başarılı Olarak Güncellendi'

2021-11-18 11:36:38 - [TEST_STEP][PASSED] - RaporNo = getText(findTestObject("Popup/Popup")).substring(0, 6): Text of object 'Object Repository/Popup/Popup' is: 'Statü Başarılı Olarak Güncellendi'

2021-11-18 11:36:38 - [MESSAGE][INFO] - Finding Test Object 'Object Repository/Popup/Popup'

2021-11-18 11:36:38 - [MESSAGE][INFO] - Checking object

2021-11-18 11:36:38 - [MESSAGE][INFO] - Finding web element from Test Object's properties

2021-11-18 11:36:38 - [MESSAGE][INFO] - Checking timeout

2021-11-18 11:36:38 - [MESSAGE][INFO] - Finding web element with id: 'Object Repository/Popup/Popup' located by 'By.cssSelector: .bootbox-body' in '30' second(s)

2021-11-18 11:36:38 - [MESSAGE][INFO] - Smart Wait Function is triggered

2021-11-18 11:36:38 - [MESSAGE][INFO] - Found 1 web elements with id: 'Object Repository/Popup/Popup' located by 'By.cssSelector: .bootbox-body' in '30' second(s)

2021-11-18 11:36:38 - [MESSAGE][INFO] - Getting text of object 'Object Repository/Popup/Popup'

2021-11-18 11:36:38 - [MESSAGE][PASSED] - Text of object 'Object Repository/Popup/Popup' is: 'Statü Başarılı Olarak Güncellendi'

2021-11-18 11:36:38 - [TEST_STEP][PASSED] - Console.println(RaporNo): null

2021-11-18 11:36:38 - [MESSAGE][PASSED] - Call Test Case 'Test Cases/Popup/PopupMesajiIceriyorMu' successfully

2021-11-18 11:36:38 - [MESSAGE][INFO] - Checking called Test Case

2021-11-18 11:36:38 - [MESSAGE][INFO] - Starting to call Test Case 'Test Cases/Popup/PopupButonSecilir'

2021-11-18 11:36:38 - [TEST_CASE][PASSED] - Test Cases/Popup/PopupButonSecilir: Test Cases/Popup/PopupButonSecilir

2021-11-18 11:36:38 - [TEST_STEP][PASSED] - Method.TextDegerineEsitElementeTikla(findTestObject("Popup/Popup_Butons"), Buton): Method.TextDegerineEsitElementeTikla is PASSED

2021-11-18 11:36:38 - [MESSAGE][INFO] - Finding Test Object 'Object Repository/Popup/Popup_Butons'

2021-11-18 11:36:39 - [MESSAGE][INFO] - Checking timeout

2021-11-18 11:36:39 - [MESSAGE][INFO] - Finding web element with id: 'Object Repository/Popup/Popup_Butons' located by 'By.cssSelector: .modal-footer>button' in '10' second(s)

2021-11-18 11:36:39 - [MESSAGE][INFO] - Smart Wait Function is triggered

2021-11-18 11:36:39 - [MESSAGE][INFO] - Found 1 web elements with id: 'Object Repository/Popup/Popup_Butons' located by 'By.cssSelector: .modal-footer>button' in '10' second(s)

2021-11-18 11:36:39 - [MESSAGE][PASSED] - Method.TextDegerineEsitElementeTikla is PASSED

2021-11-18 11:36:39 - [MESSAGE][PASSED] - Call Test Case 'Test Cases/Popup/PopupButonSecilir' successfully

2021-11-18 11:36:39 - [MESSAGE][INFO] - Checking called Test Case

2021-11-18 11:36:39 - [MESSAGE][INFO] - Starting to call Test Case 'Test Cases/Kullanici_Islemleri/KullaniciIslemlerindenSecimYapilir'

2021-11-18 11:36:39 - [TEST_CASE][PASSED] - Test Cases/Kullanici_Islemleri/KullaniciIslemlerindenSecimYapilir: Test Cases/Kullanici_Islemleri/KullaniciIslemlerindenSecimYapilir

2021-11-18 11:36:39 - [TEST_STEP][PASSED] - waitForElementClickable(findTestObject("Object Repository/Kullanici_Islemleri/KullaniciIslemleri"), 10): Object 'Object Repository/Kullanici_Islemleri/KullaniciIslemleri' is clickable

2021-11-18 11:36:39 - [MESSAGE][INFO] - Finding Test Object 'Object Repository/Kullanici_Islemleri/KullaniciIslemleri'

2021-11-18 11:36:39 - [MESSAGE][INFO] - Checking object

2021-11-18 11:36:39 - [MESSAGE][INFO] - Checking timeout

2021-11-18 11:36:39 - [MESSAGE][INFO] - Finding web element from Test Object's properties

2021-11-18 11:36:39 - [MESSAGE][INFO] - Checking timeout

2021-11-18 11:36:39 - [MESSAGE][INFO] - Finding web element with id: 'Object Repository/Kullanici_Islemleri/KullaniciIslemleri' located by 'By.cssSelector: .dropdown>a>img' in '10' second(s)

2021-11-18 11:36:39 - [MESSAGE][INFO] - Smart Wait Function is triggered

2021-11-18 11:36:40 - [MESSAGE][INFO] - Found 1 web elements with id: 'Object Repository/Kullanici_Islemleri/KullaniciIslemleri' located by 'By.cssSelector: .dropdown>a>img' in '10' second(s)

2021-11-18 11:36:40 - [MESSAGE][PASSED] - Object 'Object Repository/Kullanici_Islemleri/KullaniciIslemleri' is clickable

2021-11-18 11:36:40 - [TEST_STEP][PASSED] - click(findTestObject("Object Repository/Kullanici_Islemleri/KullaniciIslemleri")): Object: 'Object Repository/Kullanici_Islemleri/KullaniciIslemleri' is clicked on

2021-11-18 11:36:40 - [MESSAGE][INFO] - Finding Test Object 'Object Repository/Kullanici_Islemleri/KullaniciIslemleri'

2021-11-18 11:36:40 - [MESSAGE][INFO] - Checking object

2021-11-18 11:36:40 - [MESSAGE][INFO] - Finding web element from Test Object's properties

2021-11-18 11:36:40 - [MESSAGE][INFO] - Checking timeout

2021-11-18 11:36:40 - [MESSAGE][INFO] - Finding web element with id: 'Object Repository/Kullanici_Islemleri/KullaniciIslemleri' located by 'By.cssSelector: .dropdown>a>img' in '30' second(s)

2021-11-18 11:36:40 - [MESSAGE][INFO] - Smart Wait Function is triggered

2021-11-18 11:36:40 - [MESSAGE][INFO] - Found 1 web elements with id: 'Object Repository/Kullanici_Islemleri/KullaniciIslemleri' located by 'By.cssSelector: .dropdown>a>img' in '30' second(s)

2021-11-18 11:36:40 - [MESSAGE][INFO] - Clicking on object: 'Object Repository/Kullanici_Islemleri/KullaniciIslemleri'

2021-11-18 11:36:40 - [MESSAGE][PASSED] - Object: 'Object Repository/Kullanici_Islemleri/KullaniciIslemleri' is clicked on

2021-11-18 11:36:40 - [TEST_STEP][PASSED] - Method.TextDegerineEsitElementeTikla(findTestObject("Object Repository/Kullanici_Islemleri/Secenekler"), Islem): Method.TextDegerineEsitElementeTikla is PASSED

2021-11-18 11:36:40 - [MESSAGE][INFO] - Finding Test Object 'Object Repository/Kullanici_Islemleri/Secenekler'

2021-11-18 11:36:40 - [MESSAGE][INFO] - Checking timeout

2021-11-18 11:36:40 - [MESSAGE][INFO] - Finding web element with id: 'Object Repository/Kullanici_Islemleri/Secenekler' located by 'By.cssSelector: .nav.navbar-nav.navbar-right li a' in '10' second(s)

2021-11-18 11:36:40 - [MESSAGE][INFO] - Smart Wait Function is triggered

2021-11-18 11:36:40 - [MESSAGE][INFO] - Found 22 web elements with id: 'Object Repository/Kullanici_Islemleri/Secenekler' located by 'By.cssSelector: .nav.navbar-nav.navbar-right li a' in '10' second(s)

2021-11-18 11:36:42 - [MESSAGE][PASSED] - Method.TextDegerineEsitElementeTikla is PASSED

2021-11-18 11:36:42 - [TEST_STEP][PASSED] - verifyElementNotPresent(findTestObject("Object Repository/Kullanici_Islemleri/Secenekler"), 10): Web element with id: 'Object Repository/Kullanici_Islemleri/Secenekler' located by 'By.cssSelector: .nav.navbar-nav.navbar-right li a' is not present after '10' second(s)

2021-11-18 11:36:42 - [MESSAGE][INFO] - Finding Test Object 'Object Repository/Kullanici_Islemleri/Secenekler'

2021-11-18 11:36:42 - [MESSAGE][INFO] - Checking object

2021-11-18 11:36:42 - [MESSAGE][INFO] - Checking timeout

2021-11-18 11:36:42 - [MESSAGE][INFO] - Finding web element with id: 'Object Repository/Kullanici_Islemleri/Secenekler' located by 'By.cssSelector: .nav.navbar-nav.navbar-right li a' in '10' second(s)

2021-11-18 11:36:42 - [MESSAGE][INFO] - Smart Wait Function is triggered

2021-11-18 11:36:42 - [MESSAGE][PASSED] - Web element with id: 'Object Repository/Kullanici_Islemleri/Secenekler' located by 'By.cssSelector: .nav.navbar-nav.navbar-right li a' is not present after '10' second(s)

2021-11-18 11:36:42 - [MESSAGE][PASSED] - Call Test Case 'Test Cases/Kullanici_Islemleri/KullaniciIslemlerindenSecimYapilir' successfully

2021-11-18 11:36:42 - [TEST_CASE][PASSED] - Start Test Case : SCENARIO Irsaliyenin Statu Ata: SCENARIO Irsaliyenin Statu Ata

2021-11-18 11:36:42 - [TEST_STEP][PASSED] - Kullanıcı adı ELOGO6 ve Şifre 123456 olarak giriş yapılır: Kullanıcı adı ELOGO6 ve Şifre 123456 olarak giriş yapılır

2021-11-18 11:36:42 - [MESSAGE][PASSED] - Kullanıcı adı ELOGO6 ve Şifre 123456 olarak giriş yapılır

2021-11-18 11:36:42 - [TEST_STEP][PASSED] - Ana menüden e-İrsaliye seçilir: Ana menüden e-İrsaliye seçilir

2021-11-18 11:36:42 - [MESSAGE][PASSED] - Ana menüden e-İrsaliye seçilir

2021-11-18 11:36:42 - [TEST_STEP][PASSED] - Alt menü Giden Kutusu başlığı altındaki İrsaliyeler seçilir: Alt menü Giden Kutusu başlığı altındaki İrsaliyeler seçilir

2021-11-18 11:36:42 - [MESSAGE][PASSED] - Alt menü Giden Kutusu başlığı altındaki İrsaliyeler seçilir

2021-11-18 11:36:42 - [TEST_STEP][PASSED] - Filtrelerden Oluşturma Tarihi filtresine 01.01.2020 baslangic degerini yaz: Filtrelerden Oluşturma Tarihi filtresine 01.01.2020 baslangic degerini yaz

2021-11-18 11:36:42 - [MESSAGE][PASSED] - Filtrelerden Oluşturma Tarihi filtresine 01.01.2020 baslangic degerini yaz

2021-11-18 11:36:42 - [TEST_STEP][PASSED] - Filtrelerden Oluşturma Tarihi filtresine 31.12.2020 bitis degerini yaz: Filtrelerden Oluşturma Tarihi filtresine 31.12.2020 bitis degerini yaz

2021-11-18 11:36:42 - [MESSAGE][PASSED] - Filtrelerden Oluşturma Tarihi filtresine 31.12.2020 bitis degerini yaz

2021-11-18 11:36:42 - [TEST_STEP][PASSED] - Filtre butonlarından Listele seçilir: Filtre butonlarından Listele seçilir

2021-11-18 11:36:42 - [MESSAGE][PASSED] - Filtre butonlarından Listele seçilir

2021-11-18 11:36:42 - [TEST_STEP][PASSED] - Tabloda veri var mı kontrol edilir: Tabloda veri var mı kontrol edilir

2021-11-18 11:36:42 - [MESSAGE][PASSED] - Tabloda veri var mı kontrol edilir

2021-11-18 11:36:42 - [TEST_STEP][PASSED] - Tablodan TEST isimli veri seçilir: Tablodan TEST isimli veri seçilir

2021-11-18 11:36:42 - [MESSAGE][PASSED] - Tablodan TEST isimli veri seçilir

2021-11-18 11:36:42 - [TEST_STEP][PASSED] - Butonlardan Statü Ata isimli butona tıklanır: Butonlardan Statü Ata isimli butona tıklanır

2021-11-18 11:36:42 - [MESSAGE][PASSED] - Butonlardan Statü Ata isimli butona tıklanır

2021-11-18 11:36:42 - [TEST_STEP][PASSED] - Alt butonlardan Öndeğer butonuna tıklanır: Alt butonlardan Öndeğer butonuna tıklanır

2021-11-18 11:36:42 - [MESSAGE][PASSED] - Alt butonlardan Öndeğer butonuna tıklanır

2021-11-18 11:36:42 - [TEST_STEP][PASSED] - Popup mesajı Statü Başarılı Olarak Güncellendi içeriyor mu: Popup mesajı Statü Başarılı Olarak Güncellendi içeriyor mu

2021-11-18 11:36:42 - [MESSAGE][PASSED] - Popup mesajı Statü Başarılı Olarak Güncellendi içeriyor mu

2021-11-18 11:36:42 - [TEST_STEP][PASSED] - Yönetim popupında Tamam seçilir: Yönetim popupında Tamam seçilir

2021-11-18 11:36:42 - [MESSAGE][PASSED] - Yönetim popupında Tamam seçilir

2021-11-18 11:36:42 - [TEST_STEP][PASSED] - Kullanıcı işlemlerinden Çıkış seçilir: Kullanıcı işlemlerinden Çıkış seçilir

2021-11-18 11:36:42 - [MESSAGE][PASSED] - Kullanıcı işlemlerinden Çıkış seçilir

2021-11-18 11:36:42 - [MESSAGE][PASSED] - Feature file: 'Include/features/e-Irsaliye/Giden Kutusu/Irsaliyeler/Statu Ata.feature' was passed

2021-11-18 11:36:42 - [TEST_STEP][PASSED] - Start listener action : sampleAfterTestSuite: Invoke 'com.kms.katalon.core.annotation.AfterTestCase' method: 'Listener.sampleAfterTestSuite(...)' completed.

2021-11-18 11:36:42 - [MESSAGE][INFO] - Starting invoke 'com.kms.katalon.core.annotation.AfterTestCase' method: 'Listener.sampleAfterTestSuite(...)'

2021-11-18 11:36:42 - [TEST_STEP][PASSED] - closeBrowser(): Invoke 'com.kms.katalon.core.annotation.AfterTestCase' method: 'Listener.sampleAfterTestSuite(...)' completed.

2021-11-18 11:36:42 - [MESSAGE][INFO] - Closing browser

2021-11-18 11:36:43 - [MESSAGE][PASSED] - Browser is closed

2021-11-18 11:36:43 - [MESSAGE][INFO] - Invoke 'com.kms.katalon.core.annotation.AfterTestCase' method: 'Listener.sampleAfterTestSuite(...)' completed.]]></system-out>
         <system-err><![CDATA[]]></system-err>
      </testcase>
      <testcase name="Test Cases/Case Repository/e-Irsaliye/Giden Kutusu/Irsaliyeler/Tum Hesaplar" time="29.108" classname="Test Cases/Case Repository/e-Irsaliye/Giden Kutusu/Irsaliyeler/Tum Hesaplar" status="PASSED">
         <system-out><![CDATA[2021-11-18 11:36:43 - [TEST_CASE][PASSED] - Test Cases/Case Repository/e-Irsaliye/Giden Kutusu/Irsaliyeler/Tum Hesaplar: Test Cases/Case Repository/e-Irsaliye/Giden Kutusu/Irsaliyeler/Tum Hesaplar

2021-11-18 11:36:43 - [TEST_STEP][PASSED] - Start listener action : sampleBeforeTestSuite: Invoke 'com.kms.katalon.core.annotation.BeforeTestCase' method: 'Listener.sampleBeforeTestSuite(...)' completed.

2021-11-18 11:36:43 - [MESSAGE][INFO] - Starting invoke 'com.kms.katalon.core.annotation.BeforeTestCase' method: 'Listener.sampleBeforeTestSuite(...)'

2021-11-18 11:36:43 - [TEST_STEP][PASSED] - openBrowser(baseUrl): Browser is opened with url: 'https://efatura-stage.elogo.com.tr/'

2021-11-18 11:36:43 - [MESSAGE][INFO] - Opening browser

2021-11-18 11:36:43 - [MESSAGE][INFO] - Starting 'Chrome' driver

2021-11-18 11:36:43 - [MESSAGE][INFO] - User set preference: ['prefs', '{download.default_directory=C:\otomasyondownfiles}']

2021-11-18 11:36:43 - [MESSAGE][INFO] - Action delay is set to 0 milliseconds

2021-11-18 11:36:44 - [MESSAGE][INFO] - Navigating browser to: 'https://efatura-stage.elogo.com.tr/'

2021-11-18 11:36:48 - [MESSAGE][PASSED] - Browser is opened with url: 'https://efatura-stage.elogo.com.tr/'

2021-11-18 11:36:48 - [TEST_STEP][PASSED] - maximizeWindow(): Invoke 'com.kms.katalon.core.annotation.BeforeTestCase' method: 'Listener.sampleBeforeTestSuite(...)' completed.

2021-11-18 11:36:48 - [MESSAGE][INFO] - Maximizing current window

2021-11-18 11:36:48 - [MESSAGE][PASSED] - Current window maximized

2021-11-18 11:36:48 - [MESSAGE][INFO] - Invoke 'com.kms.katalon.core.annotation.BeforeTestCase' method: 'Listener.sampleBeforeTestSuite(...)' completed.

2021-11-18 11:36:49 - [TEST_STEP][PASSED] - runFeatureFile("Include/features/e-Irsaliye/Giden Kutusu/Irsaliyeler/Tum Hesaplar.feature"): Feature file: 'Include/features/e-Irsaliye/Giden Kutusu/Irsaliyeler/Tum Hesaplar.feature' was passed

2021-11-18 11:36:49 - [MESSAGE][INFO] - Starting run keyword runFeatureFile: 'Include/features/e-Irsaliye/Giden Kutusu/Irsaliyeler/Tum Hesaplar.feature' and extract report to folder: 'C:\Users\DELL\Documents\GitHub\EES_KatalonLogo\Reports\20211118_110909\Suite Repository\e-Irsaliye\20211118_110920/cucumber_report/1637224609360'...

2021-11-18 11:36:49 - [MESSAGE][INFO] - Glue: []

2021-11-18 11:36:50 - [MESSAGE][INFO] - Checking called Test Case

2021-11-18 11:36:50 - [MESSAGE][INFO] - Starting to call Test Case 'Test Cases/Sayfalar/Giris_Sayfasi/Login'

2021-11-18 11:36:50 - [TEST_CASE][PASSED] - Test Cases/Sayfalar/Giris_Sayfasi/Login: Test Cases/Sayfalar/Giris_Sayfasi/Login

2021-11-18 11:36:50 - [TEST_STEP][PASSED] - Sayfa_Basligi = getWindowTitle(): Current window's title is: 'LOGO e-Fatura'

2021-11-18 11:36:50 - [MESSAGE][INFO] - Getting current window's title

2021-11-18 11:36:50 - [MESSAGE][PASSED] - Current window's title is: 'LOGO e-Fatura'

2021-11-18 11:36:50 - [TEST_STEP][PASSED] - verifyMatch(Sayfa_Basligi, "LOGO e-Fatura", false): Actual text 'LOGO e-Fatura' and expected text 'LOGO e-Fatura' are matched 

2021-11-18 11:36:50 - [MESSAGE][INFO] - Matching actual text 'LOGO e-Fatura' with expected text 'LOGO e-Fatura'

2021-11-18 11:36:50 - [MESSAGE][PASSED] - Actual text 'LOGO e-Fatura' and expected text 'LOGO e-Fatura' are matched 

2021-11-18 11:36:50 - [TEST_STEP][PASSED] - sendKeys(findTestObject("Sayfalar/Giris_Sayfasi/Firma_Kodu"), KullaniciAdi): Keys 'ELOGO6' sent to object: 'Object Repository/Sayfalar/Giris_Sayfasi/Firma_Kodu'

2021-11-18 11:36:50 - [MESSAGE][INFO] - Finding Test Object 'Object Repository/Sayfalar/Giris_Sayfasi/Firma_Kodu'

2021-11-18 11:36:50 - [MESSAGE][INFO] - Sending keys 'ELOGO6' to object: 'Object Repository/Sayfalar/Giris_Sayfasi/Firma_Kodu'

2021-11-18 11:36:50 - [MESSAGE][INFO] - Finding web element from Test Object's properties

2021-11-18 11:36:50 - [MESSAGE][INFO] - Checking timeout

2021-11-18 11:36:50 - [MESSAGE][INFO] - Finding web element with id: 'Object Repository/Sayfalar/Giris_Sayfasi/Firma_Kodu' located by 'By.xpath: //*[@id = 'AccountName']' in '30' second(s)

2021-11-18 11:36:50 - [MESSAGE][INFO] - Smart Wait Function is triggered

2021-11-18 11:36:51 - [MESSAGE][INFO] - Found 1 web elements with id: 'Object Repository/Sayfalar/Giris_Sayfasi/Firma_Kodu' located by 'By.xpath: //*[@id = 'AccountName']' in '30' second(s)

2021-11-18 11:36:51 - [MESSAGE][PASSED] - Keys 'ELOGO6' sent to object: 'Object Repository/Sayfalar/Giris_Sayfasi/Firma_Kodu'

2021-11-18 11:36:51 - [TEST_STEP][PASSED] - sendKeys(findTestObject("Sayfalar/Giris_Sayfasi/Sifre"), Sifre): Keys '123456' sent to object: 'Object Repository/Sayfalar/Giris_Sayfasi/Sifre'

2021-11-18 11:36:51 - [MESSAGE][INFO] - Finding Test Object 'Object Repository/Sayfalar/Giris_Sayfasi/Sifre'

2021-11-18 11:36:51 - [MESSAGE][INFO] - Sending keys '123456' to object: 'Object Repository/Sayfalar/Giris_Sayfasi/Sifre'

2021-11-18 11:36:51 - [MESSAGE][INFO] - Finding web element from Test Object's properties

2021-11-18 11:36:51 - [MESSAGE][INFO] - Checking timeout

2021-11-18 11:36:51 - [MESSAGE][INFO] - Finding web element with id: 'Object Repository/Sayfalar/Giris_Sayfasi/Sifre' located by 'By.xpath: //*[@id = 'Password']' in '30' second(s)

2021-11-18 11:36:51 - [MESSAGE][INFO] - Smart Wait Function is triggered

2021-11-18 11:36:51 - [MESSAGE][INFO] - Found 1 web elements with id: 'Object Repository/Sayfalar/Giris_Sayfasi/Sifre' located by 'By.xpath: //*[@id = 'Password']' in '30' second(s)

2021-11-18 11:36:51 - [MESSAGE][PASSED] - Keys '123456' sent to object: 'Object Repository/Sayfalar/Giris_Sayfasi/Sifre'

2021-11-18 11:36:51 - [TEST_STEP][PASSED] - findWebElement(findTestObject("Sayfalar/Giris_Sayfasi/Giris_Butonu")).click(): Found 1 web elements with id: 'Object Repository/Sayfalar/Giris_Sayfasi/Giris_Butonu' located by 'By.cssSelector: #btnLogin' in '30' second(s)

2021-11-18 11:36:51 - [MESSAGE][INFO] - Finding Test Object 'Object Repository/Sayfalar/Giris_Sayfasi/Giris_Butonu'

2021-11-18 11:36:51 - [MESSAGE][INFO] - Finding web element from Test Object's properties

2021-11-18 11:36:51 - [MESSAGE][INFO] - Checking timeout

2021-11-18 11:36:51 - [MESSAGE][INFO] - Finding web element with id: 'Object Repository/Sayfalar/Giris_Sayfasi/Giris_Butonu' located by 'By.cssSelector: #btnLogin' in '30' second(s)

2021-11-18 11:36:51 - [MESSAGE][INFO] - Smart Wait Function is triggered

2021-11-18 11:36:51 - [MESSAGE][INFO] - Found 1 web elements with id: 'Object Repository/Sayfalar/Giris_Sayfasi/Giris_Butonu' located by 'By.cssSelector: #btnLogin' in '30' second(s)

2021-11-18 11:36:56 - [TEST_STEP][PASSED] - if (verifyElementPresent(findTestObject("Object Repository/Sayfalar/Giris_Sayfasi/RetveTamam_Butonu"), 5, OPTIONAL)): null

2021-11-18 11:36:56 - [MESSAGE][INFO] - Finding Test Object 'Object Repository/Sayfalar/Giris_Sayfasi/RetveTamam_Butonu'

2021-11-18 11:36:56 - [MESSAGE][INFO] - Checking object

2021-11-18 11:36:56 - [MESSAGE][INFO] - Finding web element from Test Object's properties

2021-11-18 11:36:56 - [MESSAGE][INFO] - Checking timeout

2021-11-18 11:36:56 - [MESSAGE][INFO] - Finding web element with id: 'Object Repository/Sayfalar/Giris_Sayfasi/RetveTamam_Butonu' located by 'By.xpath: //*[@class = 'btn btn-default']' in '5' second(s)

2021-11-18 11:36:56 - [MESSAGE][INFO] - Smart Wait Function is triggered

2021-11-18 11:36:56 - [MESSAGE][INFO] - Found 1 web elements with id: 'Object Repository/Sayfalar/Giris_Sayfasi/RetveTamam_Butonu' located by 'By.xpath: //*[@class = 'btn btn-default']' in '5' second(s)

2021-11-18 11:36:56 - [MESSAGE][PASSED] - Object 'Object Repository/Sayfalar/Giris_Sayfasi/RetveTamam_Butonu' is present

2021-11-18 11:36:56 - [TEST_STEP][PASSED] - click(findTestObject("Object Repository/Sayfalar/Giris_Sayfasi/RetveTamam_Butonu")): Object: 'Object Repository/Sayfalar/Giris_Sayfasi/RetveTamam_Butonu' is clicked on

2021-11-18 11:36:56 - [MESSAGE][INFO] - Finding Test Object 'Object Repository/Sayfalar/Giris_Sayfasi/RetveTamam_Butonu'

2021-11-18 11:36:56 - [MESSAGE][INFO] - Checking object

2021-11-18 11:36:56 - [MESSAGE][INFO] - Finding web element from Test Object's properties

2021-11-18 11:36:56 - [MESSAGE][INFO] - Checking timeout

2021-11-18 11:36:56 - [MESSAGE][INFO] - Finding web element with id: 'Object Repository/Sayfalar/Giris_Sayfasi/RetveTamam_Butonu' located by 'By.xpath: //*[@class = 'btn btn-default']' in '30' second(s)

2021-11-18 11:36:56 - [MESSAGE][INFO] - Smart Wait Function is triggered

2021-11-18 11:36:56 - [MESSAGE][INFO] - Found 1 web elements with id: 'Object Repository/Sayfalar/Giris_Sayfasi/RetveTamam_Butonu' located by 'By.xpath: //*[@class = 'btn btn-default']' in '30' second(s)

2021-11-18 11:36:56 - [MESSAGE][INFO] - Clicking on object: 'Object Repository/Sayfalar/Giris_Sayfasi/RetveTamam_Butonu'

2021-11-18 11:36:56 - [MESSAGE][PASSED] - Object: 'Object Repository/Sayfalar/Giris_Sayfasi/RetveTamam_Butonu' is clicked on

2021-11-18 11:36:56 - [TEST_STEP][PASSED] - click(findTestObject("Object Repository/Sayfalar/Giris_Sayfasi/RetveTamam_Butonu")): Object: 'Object Repository/Sayfalar/Giris_Sayfasi/RetveTamam_Butonu' is clicked on

2021-11-18 11:36:56 - [MESSAGE][INFO] - Finding Test Object 'Object Repository/Sayfalar/Giris_Sayfasi/RetveTamam_Butonu'

2021-11-18 11:36:56 - [MESSAGE][INFO] - Checking object

2021-11-18 11:36:56 - [MESSAGE][INFO] - Finding web element from Test Object's properties

2021-11-18 11:36:56 - [MESSAGE][INFO] - Checking timeout

2021-11-18 11:36:56 - [MESSAGE][INFO] - Finding web element with id: 'Object Repository/Sayfalar/Giris_Sayfasi/RetveTamam_Butonu' located by 'By.xpath: //*[@class = 'btn btn-default']' in '30' second(s)

2021-11-18 11:36:56 - [MESSAGE][INFO] - Smart Wait Function is triggered

2021-11-18 11:37:01 - [MESSAGE][INFO] - Found 1 web elements with id: 'Object Repository/Sayfalar/Giris_Sayfasi/RetveTamam_Butonu' located by 'By.xpath: //*[@class = 'btn btn-default']' in '30' second(s)

2021-11-18 11:37:01 - [MESSAGE][INFO] - Clicking on object: 'Object Repository/Sayfalar/Giris_Sayfasi/RetveTamam_Butonu'

2021-11-18 11:37:01 - [MESSAGE][PASSED] - Object: 'Object Repository/Sayfalar/Giris_Sayfasi/RetveTamam_Butonu' is clicked on

2021-11-18 11:37:01 - [TEST_STEP][PASSED] - if (verifyElementPresent(findTestObject("Sayfalar/Giris_Sayfasi/PopupOK"), 5, OPTIONAL)): null

2021-11-18 11:37:01 - [MESSAGE][INFO] - Finding Test Object 'Object Repository/Sayfalar/Giris_Sayfasi/PopupOK'

2021-11-18 11:37:01 - [MESSAGE][INFO] - Checking object

2021-11-18 11:37:01 - [MESSAGE][INFO] - Finding web element from Test Object's properties

2021-11-18 11:37:01 - [MESSAGE][INFO] - Checking timeout

2021-11-18 11:37:01 - [MESSAGE][INFO] - Finding web element with id: 'Object Repository/Sayfalar/Giris_Sayfasi/PopupOK' located by 'By.cssSelector: .btn.btn-success' in '5' second(s)

2021-11-18 11:37:01 - [MESSAGE][INFO] - Smart Wait Function is triggered

2021-11-18 11:37:01 - [MESSAGE][INFO] - Found 1 web elements with id: 'Object Repository/Sayfalar/Giris_Sayfasi/PopupOK' located by 'By.cssSelector: .btn.btn-success' in '5' second(s)

2021-11-18 11:37:01 - [MESSAGE][PASSED] - Object 'Object Repository/Sayfalar/Giris_Sayfasi/PopupOK' is present

2021-11-18 11:37:01 - [TEST_STEP][PASSED] - click(findTestObject("Object Repository/Sayfalar/Giris_Sayfasi/PopupCarpiGiris")): Object: 'Object Repository/Sayfalar/Giris_Sayfasi/PopupCarpiGiris' is clicked on

2021-11-18 11:37:01 - [MESSAGE][INFO] - Finding Test Object 'Object Repository/Sayfalar/Giris_Sayfasi/PopupCarpiGiris'

2021-11-18 11:37:01 - [MESSAGE][INFO] - Checking object

2021-11-18 11:37:01 - [MESSAGE][INFO] - Finding web element from Test Object's properties

2021-11-18 11:37:01 - [MESSAGE][INFO] - Checking timeout

2021-11-18 11:37:01 - [MESSAGE][INFO] - Finding web element with id: 'Object Repository/Sayfalar/Giris_Sayfasi/PopupCarpiGiris' located by 'By.cssSelector: .bootbox-close-button.close' in '30' second(s)

2021-11-18 11:37:01 - [MESSAGE][INFO] - Smart Wait Function is triggered

2021-11-18 11:37:02 - [MESSAGE][INFO] - Found 1 web elements with id: 'Object Repository/Sayfalar/Giris_Sayfasi/PopupCarpiGiris' located by 'By.cssSelector: .bootbox-close-button.close' in '30' second(s)

2021-11-18 11:37:02 - [MESSAGE][INFO] - Clicking on object: 'Object Repository/Sayfalar/Giris_Sayfasi/PopupCarpiGiris'

2021-11-18 11:37:02 - [MESSAGE][PASSED] - Object: 'Object Repository/Sayfalar/Giris_Sayfasi/PopupCarpiGiris' is clicked on

2021-11-18 11:37:02 - [TEST_STEP][PASSED] - verifyElementVisible(findTestObject("Object Repository/Kullanici_Islemleri/KullaniciIslemleri")): Object 'Object Repository/Kullanici_Islemleri/KullaniciIslemleri' is visible

2021-11-18 11:37:02 - [MESSAGE][INFO] - Finding Test Object 'Object Repository/Kullanici_Islemleri/KullaniciIslemleri'

2021-11-18 11:37:02 - [MESSAGE][INFO] - Checking object

2021-11-18 11:37:02 - [MESSAGE][INFO] - Finding web element from Test Object's properties

2021-11-18 11:37:02 - [MESSAGE][INFO] - Checking timeout

2021-11-18 11:37:02 - [MESSAGE][INFO] - Finding web element with id: 'Object Repository/Kullanici_Islemleri/KullaniciIslemleri' located by 'By.cssSelector: .dropdown>a>img' in '30' second(s)

2021-11-18 11:37:02 - [MESSAGE][INFO] - Smart Wait Function is triggered

2021-11-18 11:37:03 - [MESSAGE][INFO] - Found 1 web elements with id: 'Object Repository/Kullanici_Islemleri/KullaniciIslemleri' located by 'By.cssSelector: .dropdown>a>img' in '30' second(s)

2021-11-18 11:37:03 - [MESSAGE][PASSED] - Object 'Object Repository/Kullanici_Islemleri/KullaniciIslemleri' is visible

2021-11-18 11:37:03 - [MESSAGE][PASSED] - Call Test Case 'Test Cases/Sayfalar/Giris_Sayfasi/Login' successfully

2021-11-18 11:37:03 - [MESSAGE][INFO] - Checking called Test Case

2021-11-18 11:37:03 - [MESSAGE][INFO] - Starting to call Test Case 'Test Cases/Menu/AnaMenuSecimi'

2021-11-18 11:37:03 - [TEST_CASE][PASSED] - Test Cases/Menu/AnaMenuSecimi: Test Cases/Menu/AnaMenuSecimi

2021-11-18 11:37:03 - [TEST_STEP][PASSED] - Method.TextDegerineEsitElementeTikla(findTestObject("Menu/Ana_Menu"), Ana_Menu): Method.TextDegerineEsitElementeTikla is PASSED

2021-11-18 11:37:03 - [MESSAGE][INFO] - Finding Test Object 'Object Repository/Menu/Ana_Menu'

2021-11-18 11:37:03 - [MESSAGE][INFO] - Checking timeout

2021-11-18 11:37:03 - [MESSAGE][INFO] - Finding web element with id: 'Object Repository/Menu/Ana_Menu' located by 'By.xpath: //*[@class = 'dropdown-toggle']' in '10' second(s)

2021-11-18 11:37:03 - [MESSAGE][INFO] - Smart Wait Function is triggered

2021-11-18 11:37:03 - [MESSAGE][INFO] - Found 14 web elements with id: 'Object Repository/Menu/Ana_Menu' located by 'By.xpath: //*[@class = 'dropdown-toggle']' in '10' second(s)

2021-11-18 11:37:03 - [MESSAGE][PASSED] - Method.TextDegerineEsitElementeTikla is PASSED

2021-11-18 11:37:03 - [MESSAGE][PASSED] - Call Test Case 'Test Cases/Menu/AnaMenuSecimi' successfully

2021-11-18 11:37:03 - [MESSAGE][INFO] - Checking called Test Case

2021-11-18 11:37:03 - [MESSAGE][INFO] - Starting to call Test Case 'Test Cases/Menu/BasligaGoreAltMenuSecimi'

2021-11-18 11:37:03 - [TEST_CASE][PASSED] - Test Cases/Menu/BasligaGoreAltMenuSecimi: Test Cases/Menu/BasligaGoreAltMenuSecimi

2021-11-18 11:37:03 - [TEST_STEP][PASSED] - Method.TextDegerineEsitElementinAltindakiTextDegerineEsitOlanaTikla(findTestObject("Menu/Menu_Basligi"), findTestObject("Menu/Basliga_Gore_Alt_Menu"), Baslik, Alt_Menu): Method.TextDegerineEsitElementinAltindakiTextDegerineEsitOlanaTikla is PASSED

2021-11-18 11:37:03 - [MESSAGE][INFO] - Finding Test Object 'Object Repository/Menu/Menu_Basligi'

2021-11-18 11:37:03 - [MESSAGE][INFO] - Finding Test Object 'Object Repository/Menu/Basliga_Gore_Alt_Menu'

2021-11-18 11:37:04 - [MESSAGE][INFO] - Checking timeout

2021-11-18 11:37:04 - [MESSAGE][INFO] - Finding web element with id: 'Object Repository/Menu/Menu_Basligi' located by 'By.xpath: //li[@class='dropdown dropdown-large open']//li[@class='dropdown-header']' in '10' second(s)

2021-11-18 11:37:04 - [MESSAGE][INFO] - Smart Wait Function is triggered

2021-11-18 11:37:04 - [MESSAGE][INFO] - Found 3 web elements with id: 'Object Repository/Menu/Menu_Basligi' located by 'By.xpath: //li[@class='dropdown dropdown-large open']//li[@class='dropdown-header']' in '10' second(s)

2021-11-18 11:37:04 - [MESSAGE][INFO] - Smart Wait Function is triggered

2021-11-18 11:37:06 - [MESSAGE][PASSED] - Method.TextDegerineEsitElementinAltindakiTextDegerineEsitOlanaTikla is PASSED

2021-11-18 11:37:06 - [MESSAGE][PASSED] - Call Test Case 'Test Cases/Menu/BasligaGoreAltMenuSecimi' successfully

2021-11-18 11:37:06 - [MESSAGE][INFO] - Checking called Test Case

2021-11-18 11:37:06 - [MESSAGE][INFO] - Starting to call Test Case 'Test Cases/Filtreler/TumHesaplar'

2021-11-18 11:37:06 - [TEST_CASE][PASSED] - Test Cases/Filtreler/TumHesaplar: Test Cases/Filtreler/TumHesaplar

2021-11-18 11:37:06 - [TEST_STEP][PASSED] - waitForElementClickable(findTestObject("Filtreler/TumHesaplar"), 10): Object 'Object Repository/Filtreler/TumHesaplar' is clickable

2021-11-18 11:37:06 - [MESSAGE][INFO] - Finding Test Object 'Object Repository/Filtreler/TumHesaplar'

2021-11-18 11:37:06 - [MESSAGE][INFO] - Checking object

2021-11-18 11:37:06 - [MESSAGE][INFO] - Checking timeout

2021-11-18 11:37:06 - [MESSAGE][INFO] - Finding web element from Test Object's properties

2021-11-18 11:37:06 - [MESSAGE][INFO] - Checking timeout

2021-11-18 11:37:06 - [MESSAGE][INFO] - Finding web element with id: 'Object Repository/Filtreler/TumHesaplar' located by 'By.xpath: //*[@id = 'checkboxGetGroupAccount_S_D']' in '10' second(s)

2021-11-18 11:37:06 - [MESSAGE][INFO] - Smart Wait Function is triggered

2021-11-18 11:37:07 - [MESSAGE][INFO] - Found 1 web elements with id: 'Object Repository/Filtreler/TumHesaplar' located by 'By.xpath: //*[@id = 'checkboxGetGroupAccount_S_D']' in '10' second(s)

2021-11-18 11:37:07 - [MESSAGE][PASSED] - Object 'Object Repository/Filtreler/TumHesaplar' is clickable

2021-11-18 11:37:07 - [TEST_STEP][PASSED] - click(findTestObject("Filtreler/TumHesaplar")): Object: 'Object Repository/Filtreler/TumHesaplar' is clicked on

2021-11-18 11:37:07 - [MESSAGE][INFO] - Finding Test Object 'Object Repository/Filtreler/TumHesaplar'

2021-11-18 11:37:07 - [MESSAGE][INFO] - Checking object

2021-11-18 11:37:07 - [MESSAGE][INFO] - Finding web element from Test Object's properties

2021-11-18 11:37:07 - [MESSAGE][INFO] - Checking timeout

2021-11-18 11:37:07 - [MESSAGE][INFO] - Finding web element with id: 'Object Repository/Filtreler/TumHesaplar' located by 'By.xpath: //*[@id = 'checkboxGetGroupAccount_S_D']' in '30' second(s)

2021-11-18 11:37:07 - [MESSAGE][INFO] - Smart Wait Function is triggered

2021-11-18 11:37:07 - [MESSAGE][INFO] - Found 1 web elements with id: 'Object Repository/Filtreler/TumHesaplar' located by 'By.xpath: //*[@id = 'checkboxGetGroupAccount_S_D']' in '30' second(s)

2021-11-18 11:37:07 - [MESSAGE][INFO] - Clicking on object: 'Object Repository/Filtreler/TumHesaplar'

2021-11-18 11:37:07 - [MESSAGE][PASSED] - Object: 'Object Repository/Filtreler/TumHesaplar' is clicked on

2021-11-18 11:37:07 - [MESSAGE][PASSED] - Call Test Case 'Test Cases/Filtreler/TumHesaplar' successfully

2021-11-18 11:37:07 - [MESSAGE][INFO] - Checking called Test Case

2021-11-18 11:37:07 - [MESSAGE][INFO] - Starting to call Test Case 'Test Cases/Filtreler/ButonaTikla'

2021-11-18 11:37:07 - [TEST_CASE][PASSED] - Test Cases/Filtreler/ButonaTikla: Test Cases/Filtreler/ButonaTikla

2021-11-18 11:37:07 - [TEST_STEP][PASSED] - Method.TextDegerineEsitElementeTikla(findTestObject("Filtreler/Butonlar"), Filtre_Buton): Method.TextDegerineEsitElementeTikla is PASSED

2021-11-18 11:37:07 - [MESSAGE][INFO] - Finding Test Object 'Object Repository/Filtreler/Butonlar'

2021-11-18 11:37:07 - [MESSAGE][INFO] - Checking timeout

2021-11-18 11:37:07 - [MESSAGE][INFO] - Finding web element with id: 'Object Repository/Filtreler/Butonlar' located by 'By.cssSelector: .dxb>span' in '10' second(s)

2021-11-18 11:37:07 - [MESSAGE][INFO] - Smart Wait Function is triggered

2021-11-18 11:37:08 - [MESSAGE][INFO] - Found 3 web elements with id: 'Object Repository/Filtreler/Butonlar' located by 'By.cssSelector: .dxb>span' in '10' second(s)

2021-11-18 11:37:08 - [MESSAGE][PASSED] - Method.TextDegerineEsitElementeTikla is PASSED

2021-11-18 11:37:08 - [MESSAGE][PASSED] - Call Test Case 'Test Cases/Filtreler/ButonaTikla' successfully

2021-11-18 11:37:08 - [MESSAGE][INFO] - Checking called Test Case

2021-11-18 11:37:08 - [MESSAGE][INFO] - Starting to call Test Case 'Test Cases/Kullanici_Islemleri/KullaniciIslemlerindenSecimYapilir'

2021-11-18 11:37:08 - [TEST_CASE][PASSED] - Test Cases/Kullanici_Islemleri/KullaniciIslemlerindenSecimYapilir: Test Cases/Kullanici_Islemleri/KullaniciIslemlerindenSecimYapilir

2021-11-18 11:37:08 - [TEST_STEP][PASSED] - waitForElementClickable(findTestObject("Object Repository/Kullanici_Islemleri/KullaniciIslemleri"), 10): Object 'Object Repository/Kullanici_Islemleri/KullaniciIslemleri' is clickable

2021-11-18 11:37:08 - [MESSAGE][INFO] - Finding Test Object 'Object Repository/Kullanici_Islemleri/KullaniciIslemleri'

2021-11-18 11:37:08 - [MESSAGE][INFO] - Checking object

2021-11-18 11:37:08 - [MESSAGE][INFO] - Checking timeout

2021-11-18 11:37:08 - [MESSAGE][INFO] - Finding web element from Test Object's properties

2021-11-18 11:37:08 - [MESSAGE][INFO] - Checking timeout

2021-11-18 11:37:08 - [MESSAGE][INFO] - Finding web element with id: 'Object Repository/Kullanici_Islemleri/KullaniciIslemleri' located by 'By.cssSelector: .dropdown>a>img' in '10' second(s)

2021-11-18 11:37:08 - [MESSAGE][INFO] - Smart Wait Function is triggered

2021-11-18 11:37:08 - [MESSAGE][INFO] - Found 1 web elements with id: 'Object Repository/Kullanici_Islemleri/KullaniciIslemleri' located by 'By.cssSelector: .dropdown>a>img' in '10' second(s)

2021-11-18 11:37:08 - [MESSAGE][PASSED] - Object 'Object Repository/Kullanici_Islemleri/KullaniciIslemleri' is clickable

2021-11-18 11:37:08 - [TEST_STEP][PASSED] - click(findTestObject("Object Repository/Kullanici_Islemleri/KullaniciIslemleri")): Object: 'Object Repository/Kullanici_Islemleri/KullaniciIslemleri' is clicked on

2021-11-18 11:37:08 - [MESSAGE][INFO] - Finding Test Object 'Object Repository/Kullanici_Islemleri/KullaniciIslemleri'

2021-11-18 11:37:09 - [MESSAGE][INFO] - Checking object

2021-11-18 11:37:09 - [MESSAGE][INFO] - Finding web element from Test Object's properties

2021-11-18 11:37:09 - [MESSAGE][INFO] - Checking timeout

2021-11-18 11:37:09 - [MESSAGE][INFO] - Finding web element with id: 'Object Repository/Kullanici_Islemleri/KullaniciIslemleri' located by 'By.cssSelector: .dropdown>a>img' in '30' second(s)

2021-11-18 11:37:09 - [MESSAGE][INFO] - Smart Wait Function is triggered

2021-11-18 11:37:09 - [MESSAGE][INFO] - Found 1 web elements with id: 'Object Repository/Kullanici_Islemleri/KullaniciIslemleri' located by 'By.cssSelector: .dropdown>a>img' in '30' second(s)

2021-11-18 11:37:09 - [MESSAGE][INFO] - Clicking on object: 'Object Repository/Kullanici_Islemleri/KullaniciIslemleri'

2021-11-18 11:37:09 - [MESSAGE][PASSED] - Object: 'Object Repository/Kullanici_Islemleri/KullaniciIslemleri' is clicked on

2021-11-18 11:37:09 - [TEST_STEP][PASSED] - Method.TextDegerineEsitElementeTikla(findTestObject("Object Repository/Kullanici_Islemleri/Secenekler"), Islem): Method.TextDegerineEsitElementeTikla is PASSED

2021-11-18 11:37:09 - [MESSAGE][INFO] - Finding Test Object 'Object Repository/Kullanici_Islemleri/Secenekler'

2021-11-18 11:37:09 - [MESSAGE][INFO] - Checking timeout

2021-11-18 11:37:09 - [MESSAGE][INFO] - Finding web element with id: 'Object Repository/Kullanici_Islemleri/Secenekler' located by 'By.cssSelector: .nav.navbar-nav.navbar-right li a' in '10' second(s)

2021-11-18 11:37:09 - [MESSAGE][INFO] - Smart Wait Function is triggered

2021-11-18 11:37:09 - [MESSAGE][INFO] - Found 22 web elements with id: 'Object Repository/Kullanici_Islemleri/Secenekler' located by 'By.cssSelector: .nav.navbar-nav.navbar-right li a' in '10' second(s)

2021-11-18 11:37:11 - [MESSAGE][PASSED] - Method.TextDegerineEsitElementeTikla is PASSED

2021-11-18 11:37:11 - [TEST_STEP][PASSED] - verifyElementNotPresent(findTestObject("Object Repository/Kullanici_Islemleri/Secenekler"), 10): Web element with id: 'Object Repository/Kullanici_Islemleri/Secenekler' located by 'By.cssSelector: .nav.navbar-nav.navbar-right li a' is not present after '10' second(s)

2021-11-18 11:37:11 - [MESSAGE][INFO] - Finding Test Object 'Object Repository/Kullanici_Islemleri/Secenekler'

2021-11-18 11:37:11 - [MESSAGE][INFO] - Checking object

2021-11-18 11:37:11 - [MESSAGE][INFO] - Checking timeout

2021-11-18 11:37:11 - [MESSAGE][INFO] - Finding web element with id: 'Object Repository/Kullanici_Islemleri/Secenekler' located by 'By.cssSelector: .nav.navbar-nav.navbar-right li a' in '10' second(s)

2021-11-18 11:37:11 - [MESSAGE][INFO] - Smart Wait Function is triggered

2021-11-18 11:37:12 - [MESSAGE][PASSED] - Web element with id: 'Object Repository/Kullanici_Islemleri/Secenekler' located by 'By.cssSelector: .nav.navbar-nav.navbar-right li a' is not present after '10' second(s)

2021-11-18 11:37:12 - [MESSAGE][PASSED] - Call Test Case 'Test Cases/Kullanici_Islemleri/KullaniciIslemlerindenSecimYapilir' successfully

2021-11-18 11:37:12 - [TEST_CASE][PASSED] - Start Test Case : SCENARIO e-Irsaliye Giden Kutusu Irsaliyeler Tum Hesaplar Kontrolu: SCENARIO e-Irsaliye Giden Kutusu Irsaliyeler Tum Hesaplar Kontrolu

2021-11-18 11:37:12 - [TEST_STEP][PASSED] - Kullanıcı adı ELOGO6 ve Şifre 123456 olarak giriş yapılır: Kullanıcı adı ELOGO6 ve Şifre 123456 olarak giriş yapılır

2021-11-18 11:37:12 - [MESSAGE][PASSED] - Kullanıcı adı ELOGO6 ve Şifre 123456 olarak giriş yapılır

2021-11-18 11:37:12 - [TEST_STEP][PASSED] - Ana menüden e-İrsaliye seçilir: Ana menüden e-İrsaliye seçilir

2021-11-18 11:37:12 - [MESSAGE][PASSED] - Ana menüden e-İrsaliye seçilir

2021-11-18 11:37:12 - [TEST_STEP][PASSED] - Alt menü Giden Kutusu başlığı altındaki İrsaliyeler seçilir: Alt menü Giden Kutusu başlığı altındaki İrsaliyeler seçilir

2021-11-18 11:37:12 - [MESSAGE][PASSED] - Alt menü Giden Kutusu başlığı altındaki İrsaliyeler seçilir

2021-11-18 11:37:12 - [TEST_STEP][PASSED] - Filtre butonlarından Tüm Hesaplar butonuna tıklanır: Filtre butonlarından Tüm Hesaplar butonuna tıklanır

2021-11-18 11:37:12 - [MESSAGE][PASSED] - Filtre butonlarından Tüm Hesaplar butonuna tıklanır

2021-11-18 11:37:12 - [TEST_STEP][PASSED] - Filtre butonlarından Listele seçilir: Filtre butonlarından Listele seçilir

2021-11-18 11:37:12 - [MESSAGE][PASSED] - Filtre butonlarından Listele seçilir

2021-11-18 11:37:12 - [TEST_STEP][PASSED] - Kullanıcı işlemlerinden Çıkış seçilir: Kullanıcı işlemlerinden Çıkış seçilir

2021-11-18 11:37:12 - [MESSAGE][PASSED] - Kullanıcı işlemlerinden Çıkış seçilir

2021-11-18 11:37:12 - [MESSAGE][PASSED] - Feature file: 'Include/features/e-Irsaliye/Giden Kutusu/Irsaliyeler/Tum Hesaplar.feature' was passed

2021-11-18 11:37:12 - [TEST_STEP][PASSED] - Start listener action : sampleAfterTestSuite: Invoke 'com.kms.katalon.core.annotation.AfterTestCase' method: 'Listener.sampleAfterTestSuite(...)' completed.

2021-11-18 11:37:12 - [MESSAGE][INFO] - Starting invoke 'com.kms.katalon.core.annotation.AfterTestCase' method: 'Listener.sampleAfterTestSuite(...)'

2021-11-18 11:37:12 - [TEST_STEP][PASSED] - closeBrowser(): Invoke 'com.kms.katalon.core.annotation.AfterTestCase' method: 'Listener.sampleAfterTestSuite(...)' completed.

2021-11-18 11:37:12 - [MESSAGE][INFO] - Closing browser

2021-11-18 11:37:12 - [MESSAGE][PASSED] - Browser is closed

2021-11-18 11:37:12 - [MESSAGE][INFO] - Invoke 'com.kms.katalon.core.annotation.AfterTestCase' method: 'Listener.sampleAfterTestSuite(...)' completed.]]></system-out>
         <system-err><![CDATA[]]></system-err>
      </testcase>
      <testcase name="Test Cases/Case Repository/e-Irsaliye/Giden Kutusu/Irsaliyeler/UBL-Goster-Indir" time="43.886" classname="Test Cases/Case Repository/e-Irsaliye/Giden Kutusu/Irsaliyeler/UBL-Goster-Indir" status="PASSED">
         <system-out><![CDATA[2021-11-18 11:37:12 - [TEST_CASE][PASSED] - Test Cases/Case Repository/e-Irsaliye/Giden Kutusu/Irsaliyeler/UBL-Goster-Indir: Test Cases/Case Repository/e-Irsaliye/Giden Kutusu/Irsaliyeler/UBL-Goster-Indir

2021-11-18 11:37:12 - [TEST_STEP][PASSED] - Start listener action : sampleBeforeTestSuite: Invoke 'com.kms.katalon.core.annotation.BeforeTestCase' method: 'Listener.sampleBeforeTestSuite(...)' completed.

2021-11-18 11:37:12 - [MESSAGE][INFO] - Starting invoke 'com.kms.katalon.core.annotation.BeforeTestCase' method: 'Listener.sampleBeforeTestSuite(...)'

2021-11-18 11:37:12 - [TEST_STEP][PASSED] - openBrowser(baseUrl): Browser is opened with url: 'https://efatura-stage.elogo.com.tr/'

2021-11-18 11:37:12 - [MESSAGE][INFO] - Opening browser

2021-11-18 11:37:12 - [MESSAGE][INFO] - Starting 'Chrome' driver

2021-11-18 11:37:12 - [MESSAGE][INFO] - User set preference: ['prefs', '{download.default_directory=C:\otomasyondownfiles}']

2021-11-18 11:37:12 - [MESSAGE][INFO] - Action delay is set to 0 milliseconds

2021-11-18 11:37:14 - [MESSAGE][INFO] - Navigating browser to: 'https://efatura-stage.elogo.com.tr/'

2021-11-18 11:37:16 - [MESSAGE][PASSED] - Browser is opened with url: 'https://efatura-stage.elogo.com.tr/'

2021-11-18 11:37:16 - [TEST_STEP][PASSED] - maximizeWindow(): Invoke 'com.kms.katalon.core.annotation.BeforeTestCase' method: 'Listener.sampleBeforeTestSuite(...)' completed.

2021-11-18 11:37:16 - [MESSAGE][INFO] - Maximizing current window

2021-11-18 11:37:16 - [MESSAGE][PASSED] - Current window maximized

2021-11-18 11:37:16 - [MESSAGE][INFO] - Invoke 'com.kms.katalon.core.annotation.BeforeTestCase' method: 'Listener.sampleBeforeTestSuite(...)' completed.

2021-11-18 11:37:17 - [TEST_STEP][PASSED] - runFeatureFile("Include/features/e-Irsaliye/Giden Kutusu/Irsaliyeler/UBL-Goster-Indir.feature"): Feature file: 'Include/features/e-Irsaliye/Giden Kutusu/Irsaliyeler/UBL-Goster-Indir.feature' was passed

2021-11-18 11:37:17 - [MESSAGE][INFO] - Starting run keyword runFeatureFile: 'Include/features/e-Irsaliye/Giden Kutusu/Irsaliyeler/UBL-Goster-Indir.feature' and extract report to folder: 'C:\Users\DELL\Documents\GitHub\EES_KatalonLogo\Reports\20211118_110909\Suite Repository\e-Irsaliye\20211118_110920/cucumber_report/1637224637539'...

2021-11-18 11:37:17 - [MESSAGE][INFO] - Glue: []

2021-11-18 11:37:19 - [MESSAGE][INFO] - Checking called Test Case

2021-11-18 11:37:19 - [MESSAGE][INFO] - Starting to call Test Case 'Test Cases/Sayfalar/Giris_Sayfasi/Login'

2021-11-18 11:37:19 - [TEST_CASE][PASSED] - Test Cases/Sayfalar/Giris_Sayfasi/Login: Test Cases/Sayfalar/Giris_Sayfasi/Login

2021-11-18 11:37:19 - [TEST_STEP][PASSED] - Sayfa_Basligi = getWindowTitle(): Current window's title is: 'LOGO e-Fatura'

2021-11-18 11:37:19 - [MESSAGE][INFO] - Getting current window's title

2021-11-18 11:37:19 - [MESSAGE][PASSED] - Current window's title is: 'LOGO e-Fatura'

2021-11-18 11:37:19 - [TEST_STEP][PASSED] - verifyMatch(Sayfa_Basligi, "LOGO e-Fatura", false): Actual text 'LOGO e-Fatura' and expected text 'LOGO e-Fatura' are matched 

2021-11-18 11:37:19 - [MESSAGE][INFO] - Matching actual text 'LOGO e-Fatura' with expected text 'LOGO e-Fatura'

2021-11-18 11:37:19 - [MESSAGE][PASSED] - Actual text 'LOGO e-Fatura' and expected text 'LOGO e-Fatura' are matched 

2021-11-18 11:37:19 - [TEST_STEP][PASSED] - sendKeys(findTestObject("Sayfalar/Giris_Sayfasi/Firma_Kodu"), KullaniciAdi): Keys 'ELOGO6' sent to object: 'Object Repository/Sayfalar/Giris_Sayfasi/Firma_Kodu'

2021-11-18 11:37:19 - [MESSAGE][INFO] - Finding Test Object 'Object Repository/Sayfalar/Giris_Sayfasi/Firma_Kodu'

2021-11-18 11:37:20 - [MESSAGE][INFO] - Sending keys 'ELOGO6' to object: 'Object Repository/Sayfalar/Giris_Sayfasi/Firma_Kodu'

2021-11-18 11:37:20 - [MESSAGE][INFO] - Finding web element from Test Object's properties

2021-11-18 11:37:20 - [MESSAGE][INFO] - Checking timeout

2021-11-18 11:37:20 - [MESSAGE][INFO] - Finding web element with id: 'Object Repository/Sayfalar/Giris_Sayfasi/Firma_Kodu' located by 'By.xpath: //*[@id = 'AccountName']' in '30' second(s)

2021-11-18 11:37:20 - [MESSAGE][INFO] - Smart Wait Function is triggered

2021-11-18 11:37:20 - [MESSAGE][INFO] - Found 1 web elements with id: 'Object Repository/Sayfalar/Giris_Sayfasi/Firma_Kodu' located by 'By.xpath: //*[@id = 'AccountName']' in '30' second(s)

2021-11-18 11:37:20 - [MESSAGE][PASSED] - Keys 'ELOGO6' sent to object: 'Object Repository/Sayfalar/Giris_Sayfasi/Firma_Kodu'

2021-11-18 11:37:20 - [TEST_STEP][PASSED] - sendKeys(findTestObject("Sayfalar/Giris_Sayfasi/Sifre"), Sifre): Keys '123456' sent to object: 'Object Repository/Sayfalar/Giris_Sayfasi/Sifre'

2021-11-18 11:37:20 - [MESSAGE][INFO] - Finding Test Object 'Object Repository/Sayfalar/Giris_Sayfasi/Sifre'

2021-11-18 11:37:20 - [MESSAGE][INFO] - Sending keys '123456' to object: 'Object Repository/Sayfalar/Giris_Sayfasi/Sifre'

2021-11-18 11:37:20 - [MESSAGE][INFO] - Finding web element from Test Object's properties

2021-11-18 11:37:20 - [MESSAGE][INFO] - Checking timeout

2021-11-18 11:37:20 - [MESSAGE][INFO] - Finding web element with id: 'Object Repository/Sayfalar/Giris_Sayfasi/Sifre' located by 'By.xpath: //*[@id = 'Password']' in '30' second(s)

2021-11-18 11:37:20 - [MESSAGE][INFO] - Smart Wait Function is triggered

2021-11-18 11:37:20 - [MESSAGE][INFO] - Found 1 web elements with id: 'Object Repository/Sayfalar/Giris_Sayfasi/Sifre' located by 'By.xpath: //*[@id = 'Password']' in '30' second(s)

2021-11-18 11:37:21 - [MESSAGE][PASSED] - Keys '123456' sent to object: 'Object Repository/Sayfalar/Giris_Sayfasi/Sifre'

2021-11-18 11:37:21 - [TEST_STEP][PASSED] - findWebElement(findTestObject("Sayfalar/Giris_Sayfasi/Giris_Butonu")).click(): Found 1 web elements with id: 'Object Repository/Sayfalar/Giris_Sayfasi/Giris_Butonu' located by 'By.cssSelector: #btnLogin' in '30' second(s)

2021-11-18 11:37:21 - [MESSAGE][INFO] - Finding Test Object 'Object Repository/Sayfalar/Giris_Sayfasi/Giris_Butonu'

2021-11-18 11:37:21 - [MESSAGE][INFO] - Finding web element from Test Object's properties

2021-11-18 11:37:21 - [MESSAGE][INFO] - Checking timeout

2021-11-18 11:37:21 - [MESSAGE][INFO] - Finding web element with id: 'Object Repository/Sayfalar/Giris_Sayfasi/Giris_Butonu' located by 'By.cssSelector: #btnLogin' in '30' second(s)

2021-11-18 11:37:21 - [MESSAGE][INFO] - Smart Wait Function is triggered

2021-11-18 11:37:21 - [MESSAGE][INFO] - Found 1 web elements with id: 'Object Repository/Sayfalar/Giris_Sayfasi/Giris_Butonu' located by 'By.cssSelector: #btnLogin' in '30' second(s)

2021-11-18 11:37:25 - [TEST_STEP][PASSED] - if (verifyElementPresent(findTestObject("Object Repository/Sayfalar/Giris_Sayfasi/RetveTamam_Butonu"), 5, OPTIONAL)): null

2021-11-18 11:37:25 - [MESSAGE][INFO] - Finding Test Object 'Object Repository/Sayfalar/Giris_Sayfasi/RetveTamam_Butonu'

2021-11-18 11:37:25 - [MESSAGE][INFO] - Checking object

2021-11-18 11:37:25 - [MESSAGE][INFO] - Finding web element from Test Object's properties

2021-11-18 11:37:25 - [MESSAGE][INFO] - Checking timeout

2021-11-18 11:37:25 - [MESSAGE][INFO] - Finding web element with id: 'Object Repository/Sayfalar/Giris_Sayfasi/RetveTamam_Butonu' located by 'By.xpath: //*[@class = 'btn btn-default']' in '5' second(s)

2021-11-18 11:37:25 - [MESSAGE][INFO] - Smart Wait Function is triggered

2021-11-18 11:37:25 - [MESSAGE][INFO] - Found 1 web elements with id: 'Object Repository/Sayfalar/Giris_Sayfasi/RetveTamam_Butonu' located by 'By.xpath: //*[@class = 'btn btn-default']' in '5' second(s)

2021-11-18 11:37:25 - [MESSAGE][PASSED] - Object 'Object Repository/Sayfalar/Giris_Sayfasi/RetveTamam_Butonu' is present

2021-11-18 11:37:25 - [TEST_STEP][PASSED] - click(findTestObject("Object Repository/Sayfalar/Giris_Sayfasi/RetveTamam_Butonu")): Object: 'Object Repository/Sayfalar/Giris_Sayfasi/RetveTamam_Butonu' is clicked on

2021-11-18 11:37:25 - [MESSAGE][INFO] - Finding Test Object 'Object Repository/Sayfalar/Giris_Sayfasi/RetveTamam_Butonu'

2021-11-18 11:37:25 - [MESSAGE][INFO] - Checking object

2021-11-18 11:37:25 - [MESSAGE][INFO] - Finding web element from Test Object's properties

2021-11-18 11:37:25 - [MESSAGE][INFO] - Checking timeout

2021-11-18 11:37:25 - [MESSAGE][INFO] - Finding web element with id: 'Object Repository/Sayfalar/Giris_Sayfasi/RetveTamam_Butonu' located by 'By.xpath: //*[@class = 'btn btn-default']' in '30' second(s)

2021-11-18 11:37:25 - [MESSAGE][INFO] - Smart Wait Function is triggered

2021-11-18 11:37:26 - [MESSAGE][INFO] - Found 1 web elements with id: 'Object Repository/Sayfalar/Giris_Sayfasi/RetveTamam_Butonu' located by 'By.xpath: //*[@class = 'btn btn-default']' in '30' second(s)

2021-11-18 11:37:26 - [MESSAGE][INFO] - Clicking on object: 'Object Repository/Sayfalar/Giris_Sayfasi/RetveTamam_Butonu'

2021-11-18 11:37:26 - [MESSAGE][PASSED] - Object: 'Object Repository/Sayfalar/Giris_Sayfasi/RetveTamam_Butonu' is clicked on

2021-11-18 11:37:26 - [TEST_STEP][PASSED] - click(findTestObject("Object Repository/Sayfalar/Giris_Sayfasi/RetveTamam_Butonu")): Object: 'Object Repository/Sayfalar/Giris_Sayfasi/RetveTamam_Butonu' is clicked on

2021-11-18 11:37:26 - [MESSAGE][INFO] - Finding Test Object 'Object Repository/Sayfalar/Giris_Sayfasi/RetveTamam_Butonu'

2021-11-18 11:37:26 - [MESSAGE][INFO] - Checking object

2021-11-18 11:37:26 - [MESSAGE][INFO] - Finding web element from Test Object's properties

2021-11-18 11:37:26 - [MESSAGE][INFO] - Checking timeout

2021-11-18 11:37:26 - [MESSAGE][INFO] - Finding web element with id: 'Object Repository/Sayfalar/Giris_Sayfasi/RetveTamam_Butonu' located by 'By.xpath: //*[@class = 'btn btn-default']' in '30' second(s)

2021-11-18 11:37:26 - [MESSAGE][INFO] - Smart Wait Function is triggered

2021-11-18 11:37:29 - [MESSAGE][INFO] - Found 1 web elements with id: 'Object Repository/Sayfalar/Giris_Sayfasi/RetveTamam_Butonu' located by 'By.xpath: //*[@class = 'btn btn-default']' in '30' second(s)

2021-11-18 11:37:29 - [MESSAGE][INFO] - Clicking on object: 'Object Repository/Sayfalar/Giris_Sayfasi/RetveTamam_Butonu'

2021-11-18 11:37:29 - [MESSAGE][PASSED] - Object: 'Object Repository/Sayfalar/Giris_Sayfasi/RetveTamam_Butonu' is clicked on

2021-11-18 11:37:29 - [TEST_STEP][PASSED] - if (verifyElementPresent(findTestObject("Sayfalar/Giris_Sayfasi/PopupOK"), 5, OPTIONAL)): null

2021-11-18 11:37:29 - [MESSAGE][INFO] - Finding Test Object 'Object Repository/Sayfalar/Giris_Sayfasi/PopupOK'

2021-11-18 11:37:29 - [MESSAGE][INFO] - Checking object

2021-11-18 11:37:29 - [MESSAGE][INFO] - Finding web element from Test Object's properties

2021-11-18 11:37:29 - [MESSAGE][INFO] - Checking timeout

2021-11-18 11:37:29 - [MESSAGE][INFO] - Finding web element with id: 'Object Repository/Sayfalar/Giris_Sayfasi/PopupOK' located by 'By.cssSelector: .btn.btn-success' in '5' second(s)

2021-11-18 11:37:29 - [MESSAGE][INFO] - Smart Wait Function is triggered

2021-11-18 11:37:30 - [MESSAGE][INFO] - Found 1 web elements with id: 'Object Repository/Sayfalar/Giris_Sayfasi/PopupOK' located by 'By.cssSelector: .btn.btn-success' in '5' second(s)

2021-11-18 11:37:30 - [MESSAGE][PASSED] - Object 'Object Repository/Sayfalar/Giris_Sayfasi/PopupOK' is present

2021-11-18 11:37:30 - [TEST_STEP][PASSED] - click(findTestObject("Object Repository/Sayfalar/Giris_Sayfasi/PopupCarpiGiris")): Object: 'Object Repository/Sayfalar/Giris_Sayfasi/PopupCarpiGiris' is clicked on

2021-11-18 11:37:30 - [MESSAGE][INFO] - Finding Test Object 'Object Repository/Sayfalar/Giris_Sayfasi/PopupCarpiGiris'

2021-11-18 11:37:30 - [MESSAGE][INFO] - Checking object

2021-11-18 11:37:30 - [MESSAGE][INFO] - Finding web element from Test Object's properties

2021-11-18 11:37:30 - [MESSAGE][INFO] - Checking timeout

2021-11-18 11:37:30 - [MESSAGE][INFO] - Finding web element with id: 'Object Repository/Sayfalar/Giris_Sayfasi/PopupCarpiGiris' located by 'By.cssSelector: .bootbox-close-button.close' in '30' second(s)

2021-11-18 11:37:30 - [MESSAGE][INFO] - Smart Wait Function is triggered

2021-11-18 11:37:30 - [MESSAGE][INFO] - Found 1 web elements with id: 'Object Repository/Sayfalar/Giris_Sayfasi/PopupCarpiGiris' located by 'By.cssSelector: .bootbox-close-button.close' in '30' second(s)

2021-11-18 11:37:30 - [MESSAGE][INFO] - Clicking on object: 'Object Repository/Sayfalar/Giris_Sayfasi/PopupCarpiGiris'

2021-11-18 11:37:30 - [MESSAGE][PASSED] - Object: 'Object Repository/Sayfalar/Giris_Sayfasi/PopupCarpiGiris' is clicked on

2021-11-18 11:37:30 - [TEST_STEP][PASSED] - verifyElementVisible(findTestObject("Object Repository/Kullanici_Islemleri/KullaniciIslemleri")): Object 'Object Repository/Kullanici_Islemleri/KullaniciIslemleri' is visible

2021-11-18 11:37:30 - [MESSAGE][INFO] - Finding Test Object 'Object Repository/Kullanici_Islemleri/KullaniciIslemleri'

2021-11-18 11:37:30 - [MESSAGE][INFO] - Checking object

2021-11-18 11:37:30 - [MESSAGE][INFO] - Finding web element from Test Object's properties

2021-11-18 11:37:30 - [MESSAGE][INFO] - Checking timeout

2021-11-18 11:37:30 - [MESSAGE][INFO] - Finding web element with id: 'Object Repository/Kullanici_Islemleri/KullaniciIslemleri' located by 'By.cssSelector: .dropdown>a>img' in '30' second(s)

2021-11-18 11:37:30 - [MESSAGE][INFO] - Smart Wait Function is triggered

2021-11-18 11:37:31 - [MESSAGE][INFO] - Found 1 web elements with id: 'Object Repository/Kullanici_Islemleri/KullaniciIslemleri' located by 'By.cssSelector: .dropdown>a>img' in '30' second(s)

2021-11-18 11:37:31 - [MESSAGE][PASSED] - Object 'Object Repository/Kullanici_Islemleri/KullaniciIslemleri' is visible

2021-11-18 11:37:31 - [MESSAGE][PASSED] - Call Test Case 'Test Cases/Sayfalar/Giris_Sayfasi/Login' successfully

2021-11-18 11:37:31 - [MESSAGE][INFO] - Checking called Test Case

2021-11-18 11:37:31 - [MESSAGE][INFO] - Starting to call Test Case 'Test Cases/Menu/AnaMenuSecimi'

2021-11-18 11:37:31 - [TEST_CASE][PASSED] - Test Cases/Menu/AnaMenuSecimi: Test Cases/Menu/AnaMenuSecimi

2021-11-18 11:37:31 - [TEST_STEP][PASSED] - Method.TextDegerineEsitElementeTikla(findTestObject("Menu/Ana_Menu"), Ana_Menu): Method.TextDegerineEsitElementeTikla is PASSED

2021-11-18 11:37:31 - [MESSAGE][INFO] - Finding Test Object 'Object Repository/Menu/Ana_Menu'

2021-11-18 11:37:31 - [MESSAGE][INFO] - Checking timeout

2021-11-18 11:37:31 - [MESSAGE][INFO] - Finding web element with id: 'Object Repository/Menu/Ana_Menu' located by 'By.xpath: //*[@class = 'dropdown-toggle']' in '10' second(s)

2021-11-18 11:37:31 - [MESSAGE][INFO] - Smart Wait Function is triggered

2021-11-18 11:37:31 - [MESSAGE][INFO] - Found 14 web elements with id: 'Object Repository/Menu/Ana_Menu' located by 'By.xpath: //*[@class = 'dropdown-toggle']' in '10' second(s)

2021-11-18 11:37:32 - [MESSAGE][PASSED] - Method.TextDegerineEsitElementeTikla is PASSED

2021-11-18 11:37:32 - [MESSAGE][PASSED] - Call Test Case 'Test Cases/Menu/AnaMenuSecimi' successfully

2021-11-18 11:37:32 - [MESSAGE][INFO] - Checking called Test Case

2021-11-18 11:37:32 - [MESSAGE][INFO] - Starting to call Test Case 'Test Cases/Menu/BasligaGoreAltMenuSecimi'

2021-11-18 11:37:32 - [TEST_CASE][PASSED] - Test Cases/Menu/BasligaGoreAltMenuSecimi: Test Cases/Menu/BasligaGoreAltMenuSecimi

2021-11-18 11:37:32 - [TEST_STEP][PASSED] - Method.TextDegerineEsitElementinAltindakiTextDegerineEsitOlanaTikla(findTestObject("Menu/Menu_Basligi"), findTestObject("Menu/Basliga_Gore_Alt_Menu"), Baslik, Alt_Menu): Method.TextDegerineEsitElementinAltindakiTextDegerineEsitOlanaTikla is PASSED

2021-11-18 11:37:32 - [MESSAGE][INFO] - Finding Test Object 'Object Repository/Menu/Menu_Basligi'

2021-11-18 11:37:32 - [MESSAGE][INFO] - Finding Test Object 'Object Repository/Menu/Basliga_Gore_Alt_Menu'

2021-11-18 11:37:32 - [MESSAGE][INFO] - Checking timeout

2021-11-18 11:37:32 - [MESSAGE][INFO] - Finding web element with id: 'Object Repository/Menu/Menu_Basligi' located by 'By.xpath: //li[@class='dropdown dropdown-large open']//li[@class='dropdown-header']' in '10' second(s)

2021-11-18 11:37:32 - [MESSAGE][INFO] - Smart Wait Function is triggered

2021-11-18 11:37:32 - [MESSAGE][INFO] - Found 3 web elements with id: 'Object Repository/Menu/Menu_Basligi' located by 'By.xpath: //li[@class='dropdown dropdown-large open']//li[@class='dropdown-header']' in '10' second(s)

2021-11-18 11:37:32 - [MESSAGE][INFO] - Smart Wait Function is triggered

2021-11-18 11:37:35 - [MESSAGE][PASSED] - Method.TextDegerineEsitElementinAltindakiTextDegerineEsitOlanaTikla is PASSED

2021-11-18 11:37:35 - [MESSAGE][PASSED] - Call Test Case 'Test Cases/Menu/BasligaGoreAltMenuSecimi' successfully

2021-11-18 11:37:35 - [MESSAGE][INFO] - Checking called Test Case

2021-11-18 11:37:35 - [MESSAGE][INFO] - Starting to call Test Case 'Test Cases/Filtreler/BaslangicYaz'

2021-11-18 11:37:35 - [TEST_CASE][PASSED] - Test Cases/Filtreler/BaslangicYaz: Test Cases/Filtreler/BaslangicYaz

2021-11-18 11:37:35 - [TEST_STEP][PASSED] - delay(3): Delayed 3 second(s)

2021-11-18 11:37:35 - [MESSAGE][INFO] - Delaying browser in 3 second(s)

2021-11-18 11:37:38 - [MESSAGE][PASSED] - Delayed 3 second(s)

2021-11-18 11:37:38 - [TEST_STEP][PASSED] - Method.TextDegerineEsitElementinAltindakineTikla(findTestObject("Filtreler/Basliklar"), findTestObject("Filtreler/Basliga_Gore_Baslangic_Image"), Filtre_Adi): Method.TextDegerineEsitElementinAltindakineTikla is PASSED

2021-11-18 11:37:38 - [MESSAGE][INFO] - Finding Test Object 'Object Repository/Filtreler/Basliklar'

2021-11-18 11:37:38 - [MESSAGE][INFO] - Finding Test Object 'Object Repository/Filtreler/Basliga_Gore_Baslangic_Image'

2021-11-18 11:37:39 - [MESSAGE][INFO] - Checking timeout

2021-11-18 11:37:39 - [MESSAGE][INFO] - Finding web element with id: 'Object Repository/Filtreler/Basliklar' located by 'By.cssSelector: .control-label.col-sm-4.paddingMarginRLC' in '10' second(s)

2021-11-18 11:37:39 - [MESSAGE][INFO] - Smart Wait Function is triggered

2021-11-18 11:37:39 - [MESSAGE][INFO] - Found 18 web elements with id: 'Object Repository/Filtreler/Basliklar' located by 'By.cssSelector: .control-label.col-sm-4.paddingMarginRLC' in '10' second(s)

2021-11-18 11:37:39 - [MESSAGE][INFO] - Smart Wait Function is triggered

2021-11-18 11:37:39 - [MESSAGE][PASSED] - Method.TextDegerineEsitElementinAltindakineTikla is PASSED

2021-11-18 11:37:39 - [TEST_STEP][PASSED] - Method.TextDegerineEsitElementinAltindakiTextboxtaYaz(findTestObject("Filtreler/Basliklar"), findTestObject("Filtreler/Basliga_Gore_Baslangic"), Filtre_Adi, Filtre_Degeri): Method.TextDegerineEsitElementinAltindakiTextboxtaYaz is PASSED

2021-11-18 11:37:39 - [MESSAGE][INFO] - Finding Test Object 'Object Repository/Filtreler/Basliklar'

2021-11-18 11:37:39 - [MESSAGE][INFO] - Finding Test Object 'Object Repository/Filtreler/Basliga_Gore_Baslangic'

2021-11-18 11:37:40 - [MESSAGE][INFO] - Checking timeout

2021-11-18 11:37:40 - [MESSAGE][INFO] - Finding web element with id: 'Object Repository/Filtreler/Basliklar' located by 'By.cssSelector: .control-label.col-sm-4.paddingMarginRLC' in '10' second(s)

2021-11-18 11:37:40 - [MESSAGE][INFO] - Smart Wait Function is triggered

2021-11-18 11:37:40 - [MESSAGE][INFO] - Found 18 web elements with id: 'Object Repository/Filtreler/Basliklar' located by 'By.cssSelector: .control-label.col-sm-4.paddingMarginRLC' in '10' second(s)

2021-11-18 11:37:40 - [MESSAGE][INFO] - Smart Wait Function is triggered

2021-11-18 11:37:40 - [MESSAGE][PASSED] - Method.TextDegerineEsitElementinAltindakiTextboxtaYaz is PASSED

2021-11-18 11:37:40 - [MESSAGE][PASSED] - Call Test Case 'Test Cases/Filtreler/BaslangicYaz' successfully

2021-11-18 11:37:40 - [MESSAGE][INFO] - Checking called Test Case

2021-11-18 11:37:40 - [MESSAGE][INFO] - Starting to call Test Case 'Test Cases/Filtreler/BitisYaz'

2021-11-18 11:37:40 - [TEST_CASE][PASSED] - Test Cases/Filtreler/BitisYaz: Test Cases/Filtreler/BitisYaz

2021-11-18 11:37:40 - [TEST_STEP][PASSED] - Method.TextDegerineEsitElementinAltindakineTikla(findTestObject("Filtreler/Basliklar"), findTestObject("Filtreler/Basliga_Gore_Bitis_Image"), Filtre_Adi): Method.TextDegerineEsitElementinAltindakineTikla is PASSED

2021-11-18 11:37:40 - [MESSAGE][INFO] - Finding Test Object 'Object Repository/Filtreler/Basliklar'

2021-11-18 11:37:40 - [MESSAGE][INFO] - Finding Test Object 'Object Repository/Filtreler/Basliga_Gore_Bitis_Image'

2021-11-18 11:37:41 - [MESSAGE][INFO] - Checking timeout

2021-11-18 11:37:41 - [MESSAGE][INFO] - Finding web element with id: 'Object Repository/Filtreler/Basliklar' located by 'By.cssSelector: .control-label.col-sm-4.paddingMarginRLC' in '10' second(s)

2021-11-18 11:37:41 - [MESSAGE][INFO] - Smart Wait Function is triggered

2021-11-18 11:37:41 - [MESSAGE][INFO] - Found 18 web elements with id: 'Object Repository/Filtreler/Basliklar' located by 'By.cssSelector: .control-label.col-sm-4.paddingMarginRLC' in '10' second(s)

2021-11-18 11:37:41 - [MESSAGE][INFO] - Smart Wait Function is triggered

2021-11-18 11:37:41 - [MESSAGE][PASSED] - Method.TextDegerineEsitElementinAltindakineTikla is PASSED

2021-11-18 11:37:41 - [TEST_STEP][PASSED] - Method.TextDegerineEsitElementinAltindakiTextboxtaYaz(findTestObject("Filtreler/Basliklar"), findTestObject("Object Repository/Filtreler/Basliga_Gore_Bitis"), Filtre_Adi, Filtre_Degeri): Method.TextDegerineEsitElementinAltindakiTextboxtaYaz is PASSED

2021-11-18 11:37:41 - [MESSAGE][INFO] - Finding Test Object 'Object Repository/Filtreler/Basliklar'

2021-11-18 11:37:41 - [MESSAGE][INFO] - Finding Test Object 'Object Repository/Filtreler/Basliga_Gore_Bitis'

2021-11-18 11:37:41 - [MESSAGE][INFO] - Checking timeout

2021-11-18 11:37:41 - [MESSAGE][INFO] - Finding web element with id: 'Object Repository/Filtreler/Basliklar' located by 'By.cssSelector: .control-label.col-sm-4.paddingMarginRLC' in '10' second(s)

2021-11-18 11:37:41 - [MESSAGE][INFO] - Smart Wait Function is triggered

2021-11-18 11:37:42 - [MESSAGE][INFO] - Found 18 web elements with id: 'Object Repository/Filtreler/Basliklar' located by 'By.cssSelector: .control-label.col-sm-4.paddingMarginRLC' in '10' second(s)

2021-11-18 11:37:42 - [MESSAGE][INFO] - Smart Wait Function is triggered

2021-11-18 11:37:42 - [MESSAGE][PASSED] - Method.TextDegerineEsitElementinAltindakiTextboxtaYaz is PASSED

2021-11-18 11:37:42 - [MESSAGE][PASSED] - Call Test Case 'Test Cases/Filtreler/BitisYaz' successfully

2021-11-18 11:37:42 - [MESSAGE][INFO] - Checking called Test Case

2021-11-18 11:37:42 - [MESSAGE][INFO] - Starting to call Test Case 'Test Cases/Filtreler/ButonaTikla'

2021-11-18 11:37:43 - [TEST_CASE][PASSED] - Test Cases/Filtreler/ButonaTikla: Test Cases/Filtreler/ButonaTikla

2021-11-18 11:37:43 - [TEST_STEP][PASSED] - Method.TextDegerineEsitElementeTikla(findTestObject("Filtreler/Butonlar"), Filtre_Buton): Method.TextDegerineEsitElementeTikla is PASSED

2021-11-18 11:37:43 - [MESSAGE][INFO] - Finding Test Object 'Object Repository/Filtreler/Butonlar'

2021-11-18 11:37:43 - [MESSAGE][INFO] - Checking timeout

2021-11-18 11:37:43 - [MESSAGE][INFO] - Finding web element with id: 'Object Repository/Filtreler/Butonlar' located by 'By.cssSelector: .dxb>span' in '10' second(s)

2021-11-18 11:37:43 - [MESSAGE][INFO] - Smart Wait Function is triggered

2021-11-18 11:37:43 - [MESSAGE][INFO] - Found 3 web elements with id: 'Object Repository/Filtreler/Butonlar' located by 'By.cssSelector: .dxb>span' in '10' second(s)

2021-11-18 11:37:43 - [MESSAGE][PASSED] - Method.TextDegerineEsitElementeTikla is PASSED

2021-11-18 11:37:43 - [MESSAGE][PASSED] - Call Test Case 'Test Cases/Filtreler/ButonaTikla' successfully

2021-11-18 11:37:43 - [MESSAGE][INFO] - Checking called Test Case

2021-11-18 11:37:43 - [MESSAGE][INFO] - Starting to call Test Case 'Test Cases/Tablo/TablodaVeriVarMi'

2021-11-18 11:37:43 - [TEST_CASE][PASSED] - Test Cases/Tablo/TablodaVeriVarMi: Test Cases/Tablo/TablodaVeriVarMi

2021-11-18 11:37:43 - [TEST_STEP][PASSED] - verifyTextNotPresent("Görüntülenecek veri yok", true): Text 'Görüntülenecek veri yok' is not present on page using regular expression

2021-11-18 11:37:43 - [MESSAGE][INFO] - Checking text present  using regular expression

2021-11-18 11:37:43 - [MESSAGE][INFO] - Smart Wait Function is triggered

2021-11-18 11:37:44 - [MESSAGE][INFO] - Finding text 'Görüntülenecek veri yok' on page  using regular expression

2021-11-18 11:37:44 - [MESSAGE][PASSED] - Text 'Görüntülenecek veri yok' is not present on page using regular expression

2021-11-18 11:37:44 - [MESSAGE][PASSED] - Call Test Case 'Test Cases/Tablo/TablodaVeriVarMi' successfully

2021-11-18 11:37:44 - [MESSAGE][INFO] - Checking called Test Case

2021-11-18 11:37:44 - [MESSAGE][INFO] - Starting to call Test Case 'Test Cases/Tablo/TablodanVeriSec'

2021-11-18 11:37:44 - [TEST_CASE][PASSED] - Test Cases/Tablo/TablodanVeriSec: Test Cases/Tablo/TablodanVeriSec

2021-11-18 11:37:44 - [TEST_STEP][PASSED] - Method.TextDegerineEsitElementinAltindakineTikla(findTestObject("Tablo/Veriler"), findTestObject("Tablo/VerininCheckBoxi"), Veri_Adi): Method.TextDegerineEsitElementinAltindakineTikla is PASSED

2021-11-18 11:37:44 - [MESSAGE][INFO] - Finding Test Object 'Object Repository/Tablo/Veriler'

2021-11-18 11:37:44 - [MESSAGE][INFO] - Finding Test Object 'Object Repository/Tablo/VerininCheckBoxi'

2021-11-18 11:37:44 - [MESSAGE][INFO] - Checking timeout

2021-11-18 11:37:44 - [MESSAGE][INFO] - Finding web element with id: 'Object Repository/Tablo/Veriler' located by 'By.cssSelector: td.dxgv b ,td.dxgv' in '10' second(s)

2021-11-18 11:37:44 - [MESSAGE][INFO] - Smart Wait Function is triggered

2021-11-18 11:37:45 - [MESSAGE][INFO] - Found 120 web elements with id: 'Object Repository/Tablo/Veriler' located by 'By.cssSelector: td.dxgv b ,td.dxgv' in '10' second(s)

2021-11-18 11:37:45 - [MESSAGE][INFO] - Smart Wait Function is triggered

2021-11-18 11:37:45 - [MESSAGE][PASSED] - Method.TextDegerineEsitElementinAltindakineTikla is PASSED

2021-11-18 11:37:45 - [MESSAGE][PASSED] - Call Test Case 'Test Cases/Tablo/TablodanVeriSec' successfully

2021-11-18 11:37:45 - [MESSAGE][INFO] - Checking called Test Case

2021-11-18 11:37:45 - [MESSAGE][INFO] - Starting to call Test Case 'Test Cases/Butonlar/ButonaTikla'

2021-11-18 11:37:45 - [TEST_CASE][PASSED] - Test Cases/Butonlar/ButonaTikla: Test Cases/Butonlar/ButonaTikla

2021-11-18 11:37:45 - [TEST_STEP][PASSED] - Method.TextDegerineEsitElementeTiklaEquals(findTestObject("Butonlar/Butonlar"), Buton_Adi): Method.TextDegerineEsitElementeTiklaEquals is PASSED

2021-11-18 11:37:45 - [MESSAGE][INFO] - Finding Test Object 'Object Repository/Butonlar/Butonlar'

2021-11-18 11:37:45 - [MESSAGE][INFO] - Checking timeout

2021-11-18 11:37:45 - [MESSAGE][INFO] - Finding web element with id: 'Object Repository/Butonlar/Butonlar' located by 'By.cssSelector: .panel.panel-default.text-center.footerPanel .btn,.btn.btn-primary.btnControls' in '10' second(s)

2021-11-18 11:37:45 - [MESSAGE][INFO] - Smart Wait Function is triggered

2021-11-18 11:37:45 - [MESSAGE][INFO] - Found 11 web elements with id: 'Object Repository/Butonlar/Butonlar' located by 'By.cssSelector: .panel.panel-default.text-center.footerPanel .btn,.btn.btn-primary.btnControls' in '10' second(s)

2021-11-18 11:37:45 - [MESSAGE][PASSED] - Method.TextDegerineEsitElementeTiklaEquals is PASSED

2021-11-18 11:37:45 - [MESSAGE][PASSED] - Call Test Case 'Test Cases/Butonlar/ButonaTikla' successfully

2021-11-18 11:37:45 - [MESSAGE][INFO] - Checking called Test Case

2021-11-18 11:37:45 - [MESSAGE][INFO] - Starting to call Test Case 'Test Cases/Butonlar/AltButonaTikla'

2021-11-18 11:37:46 - [TEST_CASE][PASSED] - Test Cases/Butonlar/AltButonaTikla: Test Cases/Butonlar/AltButonaTikla

2021-11-18 11:37:46 - [TEST_STEP][PASSED] - Method.TextDegerineEsitElementeTikla(findTestObject("Butonlar/AltButonlar"), Alt_Buton): Method.TextDegerineEsitElementeTikla is PASSED

2021-11-18 11:37:46 - [MESSAGE][INFO] - Finding Test Object 'Object Repository/Butonlar/AltButonlar'

2021-11-18 11:37:46 - [MESSAGE][INFO] - Checking timeout

2021-11-18 11:37:46 - [MESSAGE][INFO] - Finding web element with id: 'Object Repository/Butonlar/AltButonlar' located by 'By.cssSelector: .btn-group.open li>a' in '10' second(s)

2021-11-18 11:37:46 - [MESSAGE][INFO] - Smart Wait Function is triggered

2021-11-18 11:37:46 - [MESSAGE][INFO] - Found 2 web elements with id: 'Object Repository/Butonlar/AltButonlar' located by 'By.cssSelector: .btn-group.open li>a' in '10' second(s)

2021-11-18 11:37:46 - [MESSAGE][PASSED] - Method.TextDegerineEsitElementeTikla is PASSED

2021-11-18 11:37:46 - [MESSAGE][PASSED] - Call Test Case 'Test Cases/Butonlar/AltButonaTikla' successfully

2021-11-18 11:37:46 - [MESSAGE][INFO] - Checking called Test Case

2021-11-18 11:37:46 - [MESSAGE][INFO] - Starting to call Test Case 'Test Cases/Sekmeler/YeniSekmeyeGec'

2021-11-18 11:37:46 - [TEST_CASE][PASSED] - Test Cases/Sekmeler/YeniSekmeyeGec: Test Cases/Sekmeler/YeniSekmeyeGec

2021-11-18 11:37:46 - [TEST_STEP][PASSED] - switchToWindowIndex(1): Switched to window with index: '1'

2021-11-18 11:37:46 - [MESSAGE][INFO] - Checking index

2021-11-18 11:37:46 - [MESSAGE][INFO] - Switching window with index: '1'

2021-11-18 11:37:46 - [MESSAGE][PASSED] - Switched to window with index: '1'

2021-11-18 11:37:46 - [MESSAGE][PASSED] - Call Test Case 'Test Cases/Sekmeler/YeniSekmeyeGec' successfully

2021-11-18 11:37:46 - [MESSAGE][INFO] - Checking called Test Case

2021-11-18 11:37:46 - [MESSAGE][INFO] - Starting to call Test Case 'Test Cases/Sekmeler/TagGeldiMi'

2021-11-18 11:37:46 - [TEST_CASE][PASSED] - Test Cases/Sekmeler/TagGeldiMi: Test Cases/Sekmeler/TagGeldiMi

2021-11-18 11:37:46 - [TEST_STEP][PASSED] - waitForElementPresent(findTestObject("Object Repository/Sekmeler/UBLTag"), 10): Object 'Object Repository/Sekmeler/UBLTag' is present

2021-11-18 11:37:46 - [MESSAGE][INFO] - Finding Test Object 'Object Repository/Sekmeler/UBLTag'

2021-11-18 11:37:47 - [MESSAGE][INFO] - Checking object

2021-11-18 11:37:47 - [MESSAGE][INFO] - Finding web element from Test Object's properties

2021-11-18 11:37:47 - [MESSAGE][INFO] - Checking timeout

2021-11-18 11:37:47 - [MESSAGE][INFO] - Finding web element with id: 'Object Repository/Sekmeler/UBLTag' located by 'By.cssSelector: #webkit-xml-viewer-source-xml>:first-child' in '10' second(s)

2021-11-18 11:37:47 - [MESSAGE][INFO] - Smart Wait Function is triggered

2021-11-18 11:37:47 - [MESSAGE][INFO] - Found 1 web elements with id: 'Object Repository/Sekmeler/UBLTag' located by 'By.cssSelector: #webkit-xml-viewer-source-xml>:first-child' in '10' second(s)

2021-11-18 11:37:47 - [MESSAGE][PASSED] - Object 'Object Repository/Sekmeler/UBLTag' is present

2021-11-18 11:37:47 - [TEST_STEP][PASSED] - println(toLowerCase().toString()): Found 1 web elements with id: 'Object Repository/Sekmeler/UBLTag' located by 'By.cssSelector: #webkit-xml-viewer-source-xml>:first-child' in '10' second(s)

2021-11-18 11:37:47 - [MESSAGE][INFO] - Finding Test Object 'Object Repository/Sekmeler/UBLTag'

2021-11-18 11:37:47 - [MESSAGE][INFO] - Finding web element from Test Object's properties

2021-11-18 11:37:47 - [MESSAGE][INFO] - Checking timeout

2021-11-18 11:37:47 - [MESSAGE][INFO] - Finding web element with id: 'Object Repository/Sekmeler/UBLTag' located by 'By.cssSelector: #webkit-xml-viewer-source-xml>:first-child' in '10' second(s)

2021-11-18 11:37:47 - [MESSAGE][INFO] - Smart Wait Function is triggered

2021-11-18 11:37:47 - [MESSAGE][INFO] - Found 1 web elements with id: 'Object Repository/Sekmeler/UBLTag' located by 'By.cssSelector: #webkit-xml-viewer-source-xml>:first-child' in '10' second(s)

2021-11-18 11:37:47 - [TEST_STEP][PASSED] - if (!(toString().contains(toString().toLowerCase()))): Found 1 web elements with id: 'Object Repository/Sekmeler/UBLTag' located by 'By.cssSelector: #webkit-xml-viewer-source-xml>:first-child' in '10' second(s)

2021-11-18 11:37:47 - [MESSAGE][INFO] - Finding Test Object 'Object Repository/Sekmeler/UBLTag'

2021-11-18 11:37:47 - [MESSAGE][INFO] - Finding web element from Test Object's properties

2021-11-18 11:37:47 - [MESSAGE][INFO] - Checking timeout

2021-11-18 11:37:47 - [MESSAGE][INFO] - Finding web element with id: 'Object Repository/Sekmeler/UBLTag' located by 'By.cssSelector: #webkit-xml-viewer-source-xml>:first-child' in '10' second(s)

2021-11-18 11:37:47 - [MESSAGE][INFO] - Smart Wait Function is triggered

2021-11-18 11:37:47 - [MESSAGE][INFO] - Found 1 web elements with id: 'Object Repository/Sekmeler/UBLTag' located by 'By.cssSelector: #webkit-xml-viewer-source-xml>:first-child' in '10' second(s)

2021-11-18 11:37:47 - [MESSAGE][PASSED] - Call Test Case 'Test Cases/Sekmeler/TagGeldiMi' successfully

2021-11-18 11:37:47 - [MESSAGE][INFO] - Checking called Test Case

2021-11-18 11:37:47 - [MESSAGE][INFO] - Starting to call Test Case 'Test Cases/Sekmeler/Ana_Sekmeye_Gec'

2021-11-18 11:37:47 - [TEST_CASE][PASSED] - Test Cases/Sekmeler/Ana_Sekmeye_Gec: Test Cases/Sekmeler/Ana_Sekmeye_Gec

2021-11-18 11:37:47 - [TEST_STEP][PASSED] - try: Window with index 1 is closed

2021-11-18 11:37:47 - [TEST_STEP][PASSED] - index = getWindowIndex(): Current window's index is: 1

2021-11-18 11:37:47 - [MESSAGE][INFO] - Getting current window's index

2021-11-18 11:37:47 - [MESSAGE][PASSED] - Current window's index is: 1

2021-11-18 11:37:47 - [TEST_STEP][PASSED] - closeWindowIndex(index): Window with index 1 is closed

2021-11-18 11:37:47 - [MESSAGE][INFO] - Checking index

2021-11-18 11:37:47 - [MESSAGE][INFO] - Closing window with index 1

2021-11-18 11:37:48 - [MESSAGE][PASSED] - Window with index 1 is closed

2021-11-18 11:37:48 - [TEST_STEP][PASSED] - switchToWindowIndex(0): Switched to window with index: '0'

2021-11-18 11:37:48 - [MESSAGE][INFO] - Checking index

2021-11-18 11:37:48 - [MESSAGE][INFO] - Switching window with index: '0'

2021-11-18 11:37:48 - [MESSAGE][PASSED] - Switched to window with index: '0'

2021-11-18 11:37:48 - [MESSAGE][PASSED] - Call Test Case 'Test Cases/Sekmeler/Ana_Sekmeye_Gec' successfully

2021-11-18 11:37:48 - [MESSAGE][INFO] - Checking called Test Case

2021-11-18 11:37:48 - [MESSAGE][INFO] - Starting to call Test Case 'Test Cases/Butonlar/ButonaTikla'

2021-11-18 11:37:48 - [TEST_CASE][PASSED] - Test Cases/Butonlar/ButonaTikla: Test Cases/Butonlar/ButonaTikla

2021-11-18 11:37:48 - [TEST_STEP][PASSED] - Method.TextDegerineEsitElementeTiklaEquals(findTestObject("Butonlar/Butonlar"), Buton_Adi): Method.TextDegerineEsitElementeTiklaEquals is PASSED

2021-11-18 11:37:48 - [MESSAGE][INFO] - Finding Test Object 'Object Repository/Butonlar/Butonlar'

2021-11-18 11:37:48 - [MESSAGE][INFO] - Checking timeout

2021-11-18 11:37:48 - [MESSAGE][INFO] - Finding web element with id: 'Object Repository/Butonlar/Butonlar' located by 'By.cssSelector: .panel.panel-default.text-center.footerPanel .btn,.btn.btn-primary.btnControls' in '10' second(s)

2021-11-18 11:37:48 - [MESSAGE][INFO] - Smart Wait Function is triggered

2021-11-18 11:37:48 - [MESSAGE][INFO] - Found 11 web elements with id: 'Object Repository/Butonlar/Butonlar' located by 'By.cssSelector: .panel.panel-default.text-center.footerPanel .btn,.btn.btn-primary.btnControls' in '10' second(s)

2021-11-18 11:37:48 - [MESSAGE][PASSED] - Method.TextDegerineEsitElementeTiklaEquals is PASSED

2021-11-18 11:37:48 - [MESSAGE][PASSED] - Call Test Case 'Test Cases/Butonlar/ButonaTikla' successfully

2021-11-18 11:37:48 - [MESSAGE][INFO] - Checking called Test Case

2021-11-18 11:37:48 - [MESSAGE][INFO] - Starting to call Test Case 'Test Cases/Butonlar/AltButonaTikla'

2021-11-18 11:37:48 - [TEST_CASE][PASSED] - Test Cases/Butonlar/AltButonaTikla: Test Cases/Butonlar/AltButonaTikla

2021-11-18 11:37:48 - [TEST_STEP][PASSED] - Method.TextDegerineEsitElementeTikla(findTestObject("Butonlar/AltButonlar"), Alt_Buton): Method.TextDegerineEsitElementeTikla is PASSED

2021-11-18 11:37:48 - [MESSAGE][INFO] - Finding Test Object 'Object Repository/Butonlar/AltButonlar'

2021-11-18 11:37:48 - [MESSAGE][INFO] - Checking timeout

2021-11-18 11:37:48 - [MESSAGE][INFO] - Finding web element with id: 'Object Repository/Butonlar/AltButonlar' located by 'By.cssSelector: .btn-group.open li>a' in '10' second(s)

2021-11-18 11:37:48 - [MESSAGE][INFO] - Smart Wait Function is triggered

2021-11-18 11:37:49 - [MESSAGE][INFO] - Found 2 web elements with id: 'Object Repository/Butonlar/AltButonlar' located by 'By.cssSelector: .btn-group.open li>a' in '10' second(s)

2021-11-18 11:37:49 - [MESSAGE][PASSED] - Method.TextDegerineEsitElementeTikla is PASSED

2021-11-18 11:37:49 - [MESSAGE][PASSED] - Call Test Case 'Test Cases/Butonlar/AltButonaTikla' successfully

2021-11-18 11:37:49 - [MESSAGE][INFO] - Checking called Test Case

2021-11-18 11:37:49 - [MESSAGE][INFO] - Starting to call Test Case 'Test Cases/Butonlar/DosyaIndirildiMi'

2021-11-18 11:37:49 - [TEST_CASE][PASSED] - Test Cases/Butonlar/DosyaIndirildiMi: Test Cases/Butonlar/DosyaIndirildiMi

2021-11-18 11:37:49 - [TEST_STEP][PASSED] - Method.isimliDosyaIndirildiMi(DownloadFile, FileName): Method.isimliDosyaIndirildiMi is PASSED

2021-11-18 11:37:49 - [MESSAGE][INFO] - Delaying browser in 3 second(s)

2021-11-18 11:37:52 - [MESSAGE][PASSED] - Delayed 3 second(s)

2021-11-18 11:37:52 - [MESSAGE][PASSED] - Method.isimliDosyaIndirildiMi is PASSED

2021-11-18 11:37:52 - [MESSAGE][PASSED] - Call Test Case 'Test Cases/Butonlar/DosyaIndirildiMi' successfully

2021-11-18 11:37:52 - [MESSAGE][INFO] - Checking called Test Case

2021-11-18 11:37:52 - [MESSAGE][INFO] - Starting to call Test Case 'Test Cases/Kullanici_Islemleri/KullaniciIslemlerindenSecimYapilir'

2021-11-18 11:37:52 - [TEST_CASE][PASSED] - Test Cases/Kullanici_Islemleri/KullaniciIslemlerindenSecimYapilir: Test Cases/Kullanici_Islemleri/KullaniciIslemlerindenSecimYapilir

2021-11-18 11:37:52 - [TEST_STEP][PASSED] - waitForElementClickable(findTestObject("Object Repository/Kullanici_Islemleri/KullaniciIslemleri"), 10): Object 'Object Repository/Kullanici_Islemleri/KullaniciIslemleri' is clickable

2021-11-18 11:37:52 - [MESSAGE][INFO] - Finding Test Object 'Object Repository/Kullanici_Islemleri/KullaniciIslemleri'

2021-11-18 11:37:52 - [MESSAGE][INFO] - Checking object

2021-11-18 11:37:52 - [MESSAGE][INFO] - Checking timeout

2021-11-18 11:37:52 - [MESSAGE][INFO] - Finding web element from Test Object's properties

2021-11-18 11:37:52 - [MESSAGE][INFO] - Checking timeout

2021-11-18 11:37:52 - [MESSAGE][INFO] - Finding web element with id: 'Object Repository/Kullanici_Islemleri/KullaniciIslemleri' located by 'By.cssSelector: .dropdown>a>img' in '10' second(s)

2021-11-18 11:37:52 - [MESSAGE][INFO] - Smart Wait Function is triggered

2021-11-18 11:37:53 - [MESSAGE][INFO] - Found 1 web elements with id: 'Object Repository/Kullanici_Islemleri/KullaniciIslemleri' located by 'By.cssSelector: .dropdown>a>img' in '10' second(s)

2021-11-18 11:37:53 - [MESSAGE][PASSED] - Object 'Object Repository/Kullanici_Islemleri/KullaniciIslemleri' is clickable

2021-11-18 11:37:53 - [TEST_STEP][PASSED] - click(findTestObject("Object Repository/Kullanici_Islemleri/KullaniciIslemleri")): Object: 'Object Repository/Kullanici_Islemleri/KullaniciIslemleri' is clicked on

2021-11-18 11:37:53 - [MESSAGE][INFO] - Finding Test Object 'Object Repository/Kullanici_Islemleri/KullaniciIslemleri'

2021-11-18 11:37:53 - [MESSAGE][INFO] - Checking object

2021-11-18 11:37:53 - [MESSAGE][INFO] - Finding web element from Test Object's properties

2021-11-18 11:37:53 - [MESSAGE][INFO] - Checking timeout

2021-11-18 11:37:53 - [MESSAGE][INFO] - Finding web element with id: 'Object Repository/Kullanici_Islemleri/KullaniciIslemleri' located by 'By.cssSelector: .dropdown>a>img' in '30' second(s)

2021-11-18 11:37:53 - [MESSAGE][INFO] - Smart Wait Function is triggered

2021-11-18 11:37:53 - [MESSAGE][INFO] - Found 1 web elements with id: 'Object Repository/Kullanici_Islemleri/KullaniciIslemleri' located by 'By.cssSelector: .dropdown>a>img' in '30' second(s)

2021-11-18 11:37:53 - [MESSAGE][INFO] - Clicking on object: 'Object Repository/Kullanici_Islemleri/KullaniciIslemleri'

2021-11-18 11:37:53 - [MESSAGE][PASSED] - Object: 'Object Repository/Kullanici_Islemleri/KullaniciIslemleri' is clicked on

2021-11-18 11:37:53 - [TEST_STEP][PASSED] - Method.TextDegerineEsitElementeTikla(findTestObject("Object Repository/Kullanici_Islemleri/Secenekler"), Islem): Method.TextDegerineEsitElementeTikla is PASSED

2021-11-18 11:37:53 - [MESSAGE][INFO] - Finding Test Object 'Object Repository/Kullanici_Islemleri/Secenekler'

2021-11-18 11:37:53 - [MESSAGE][INFO] - Checking timeout

2021-11-18 11:37:53 - [MESSAGE][INFO] - Finding web element with id: 'Object Repository/Kullanici_Islemleri/Secenekler' located by 'By.cssSelector: .nav.navbar-nav.navbar-right li a' in '10' second(s)

2021-11-18 11:37:53 - [MESSAGE][INFO] - Smart Wait Function is triggered

2021-11-18 11:37:53 - [MESSAGE][INFO] - Found 22 web elements with id: 'Object Repository/Kullanici_Islemleri/Secenekler' located by 'By.cssSelector: .nav.navbar-nav.navbar-right li a' in '10' second(s)

2021-11-18 11:37:55 - [MESSAGE][PASSED] - Method.TextDegerineEsitElementeTikla is PASSED

2021-11-18 11:37:55 - [TEST_STEP][PASSED] - verifyElementNotPresent(findTestObject("Object Repository/Kullanici_Islemleri/Secenekler"), 10): Web element with id: 'Object Repository/Kullanici_Islemleri/Secenekler' located by 'By.cssSelector: .nav.navbar-nav.navbar-right li a' is not present after '10' second(s)

2021-11-18 11:37:55 - [MESSAGE][INFO] - Finding Test Object 'Object Repository/Kullanici_Islemleri/Secenekler'

2021-11-18 11:37:55 - [MESSAGE][INFO] - Checking object

2021-11-18 11:37:55 - [MESSAGE][INFO] - Checking timeout

2021-11-18 11:37:55 - [MESSAGE][INFO] - Finding web element with id: 'Object Repository/Kullanici_Islemleri/Secenekler' located by 'By.cssSelector: .nav.navbar-nav.navbar-right li a' in '10' second(s)

2021-11-18 11:37:55 - [MESSAGE][INFO] - Smart Wait Function is triggered

2021-11-18 11:37:55 - [MESSAGE][PASSED] - Web element with id: 'Object Repository/Kullanici_Islemleri/Secenekler' located by 'By.cssSelector: .nav.navbar-nav.navbar-right li a' is not present after '10' second(s)

2021-11-18 11:37:55 - [MESSAGE][PASSED] - Call Test Case 'Test Cases/Kullanici_Islemleri/KullaniciIslemlerindenSecimYapilir' successfully

2021-11-18 11:37:55 - [TEST_CASE][PASSED] - Start Test Case : SCENARIO e-Irsaliye Giden Kutusu UBL - Göster: SCENARIO e-Irsaliye Giden Kutusu UBL - Göster

2021-11-18 11:37:55 - [TEST_STEP][PASSED] - Kullanıcı adı ELOGO6 ve Şifre 123456 olarak giriş yapılır: Kullanıcı adı ELOGO6 ve Şifre 123456 olarak giriş yapılır

2021-11-18 11:37:55 - [MESSAGE][PASSED] - Kullanıcı adı ELOGO6 ve Şifre 123456 olarak giriş yapılır

2021-11-18 11:37:55 - [TEST_STEP][PASSED] - Ana menüden e-İrsaliye seçilir: Ana menüden e-İrsaliye seçilir

2021-11-18 11:37:55 - [MESSAGE][PASSED] - Ana menüden e-İrsaliye seçilir

2021-11-18 11:37:55 - [TEST_STEP][PASSED] - Alt menü Giden Kutusu başlığı altındaki İrsaliyeler seçilir: Alt menü Giden Kutusu başlığı altındaki İrsaliyeler seçilir

2021-11-18 11:37:55 - [MESSAGE][PASSED] - Alt menü Giden Kutusu başlığı altındaki İrsaliyeler seçilir

2021-11-18 11:37:55 - [TEST_STEP][PASSED] - Filtrelerden Oluşturma Tarihi filtresine 01.01.2020 baslangic degerini yaz: Filtrelerden Oluşturma Tarihi filtresine 01.01.2020 baslangic degerini yaz

2021-11-18 11:37:55 - [MESSAGE][PASSED] - Filtrelerden Oluşturma Tarihi filtresine 01.01.2020 baslangic degerini yaz

2021-11-18 11:37:55 - [TEST_STEP][PASSED] - Filtrelerden Oluşturma Tarihi filtresine 31.12.2020 bitis degerini yaz: Filtrelerden Oluşturma Tarihi filtresine 31.12.2020 bitis degerini yaz

2021-11-18 11:37:55 - [MESSAGE][PASSED] - Filtrelerden Oluşturma Tarihi filtresine 31.12.2020 bitis degerini yaz

2021-11-18 11:37:55 - [TEST_STEP][PASSED] - Filtre butonlarından Listele seçilir: Filtre butonlarından Listele seçilir

2021-11-18 11:37:55 - [MESSAGE][PASSED] - Filtre butonlarından Listele seçilir

2021-11-18 11:37:55 - [TEST_STEP][PASSED] - Tabloda veri var mı kontrol edilir: Tabloda veri var mı kontrol edilir

2021-11-18 11:37:55 - [MESSAGE][PASSED] - Tabloda veri var mı kontrol edilir

2021-11-18 11:37:55 - [TEST_STEP][PASSED] - Tablodan TEST isimli veri seçilir: Tablodan TEST isimli veri seçilir

2021-11-18 11:37:55 - [MESSAGE][PASSED] - Tablodan TEST isimli veri seçilir

2021-11-18 11:37:55 - [TEST_STEP][PASSED] - Butonlardan UBL isimli butona tıklanır: Butonlardan UBL isimli butona tıklanır

2021-11-18 11:37:55 - [MESSAGE][PASSED] - Butonlardan UBL isimli butona tıklanır

2021-11-18 11:37:55 - [TEST_STEP][PASSED] - Alt butonlardan Göster butonuna tıklanır: Alt butonlardan Göster butonuna tıklanır

2021-11-18 11:37:55 - [MESSAGE][PASSED] - Alt butonlardan Göster butonuna tıklanır

2021-11-18 11:37:55 - [TEST_STEP][PASSED] - Yeni açılan sekmeye geçilir: Yeni açılan sekmeye geçilir

2021-11-18 11:37:55 - [MESSAGE][PASSED] - Yeni açılan sekmeye geçilir

2021-11-18 11:37:55 - [TEST_STEP][PASSED] - DespatchAdvice tagli ubl geldi mi: DespatchAdvice tagli ubl geldi mi

2021-11-18 11:37:55 - [MESSAGE][PASSED] - DespatchAdvice tagli ubl geldi mi

2021-11-18 11:37:55 - [TEST_STEP][PASSED] - Ana sekmeye geçilir: Ana sekmeye geçilir

2021-11-18 11:37:55 - [MESSAGE][PASSED] - Ana sekmeye geçilir

2021-11-18 11:37:55 - [TEST_STEP][PASSED] - Butonlardan UBL isimli butona tıklanır: Butonlardan UBL isimli butona tıklanır

2021-11-18 11:37:55 - [MESSAGE][PASSED] - Butonlardan UBL isimli butona tıklanır

2021-11-18 11:37:55 - [TEST_STEP][PASSED] - Alt butonlardan İndir butonuna tıklanır: Alt butonlardan İndir butonuna tıklanır

2021-11-18 11:37:55 - [MESSAGE][PASSED] - Alt butonlardan İndir butonuna tıklanır

2021-11-18 11:37:55 - [TEST_STEP][PASSED] - Ön eki Invoice olan dosya indirildi mi: Ön eki Invoice olan dosya indirildi mi

2021-11-18 11:37:55 - [MESSAGE][PASSED] - Ön eki Invoice olan dosya indirildi mi

2021-11-18 11:37:55 - [TEST_STEP][PASSED] - Kullanıcı işlemlerinden Çıkış seçilir: Kullanıcı işlemlerinden Çıkış seçilir

2021-11-18 11:37:55 - [MESSAGE][PASSED] - Kullanıcı işlemlerinden Çıkış seçilir

2021-11-18 11:37:55 - [MESSAGE][PASSED] - Feature file: 'Include/features/e-Irsaliye/Giden Kutusu/Irsaliyeler/UBL-Goster-Indir.feature' was passed

2021-11-18 11:37:55 - [TEST_STEP][PASSED] - Start listener action : sampleAfterTestSuite: Invoke 'com.kms.katalon.core.annotation.AfterTestCase' method: 'Listener.sampleAfterTestSuite(...)' completed.

2021-11-18 11:37:55 - [MESSAGE][INFO] - Starting invoke 'com.kms.katalon.core.annotation.AfterTestCase' method: 'Listener.sampleAfterTestSuite(...)'

2021-11-18 11:37:55 - [TEST_STEP][PASSED] - closeBrowser(): Invoke 'com.kms.katalon.core.annotation.AfterTestCase' method: 'Listener.sampleAfterTestSuite(...)' completed.

2021-11-18 11:37:55 - [MESSAGE][INFO] - Closing browser

2021-11-18 11:37:56 - [MESSAGE][PASSED] - Browser is closed

2021-11-18 11:37:56 - [MESSAGE][INFO] - Invoke 'com.kms.katalon.core.annotation.AfterTestCase' method: 'Listener.sampleAfterTestSuite(...)' completed.]]></system-out>
         <system-err><![CDATA[]]></system-err>
      </testcase>
      <testcase name="Test Cases/Case Repository/e-Irsaliye/Giden Kutusu/Irsaliyeler/Pdf Goster-Indir" time="41.176" classname="Test Cases/Case Repository/e-Irsaliye/Giden Kutusu/Irsaliyeler/Pdf Goster-Indir" status="PASSED">
         <system-out><![CDATA[2021-11-18 11:37:56 - [TEST_CASE][PASSED] - Test Cases/Case Repository/e-Irsaliye/Giden Kutusu/Irsaliyeler/Pdf Goster-Indir: Test Cases/Case Repository/e-Irsaliye/Giden Kutusu/Irsaliyeler/Pdf Goster-Indir

2021-11-18 11:37:56 - [TEST_STEP][PASSED] - Start listener action : sampleBeforeTestSuite: Invoke 'com.kms.katalon.core.annotation.BeforeTestCase' method: 'Listener.sampleBeforeTestSuite(...)' completed.

2021-11-18 11:37:56 - [MESSAGE][INFO] - Starting invoke 'com.kms.katalon.core.annotation.BeforeTestCase' method: 'Listener.sampleBeforeTestSuite(...)'

2021-11-18 11:37:56 - [TEST_STEP][PASSED] - openBrowser(baseUrl): Browser is opened with url: 'https://efatura-stage.elogo.com.tr/'

2021-11-18 11:37:56 - [MESSAGE][INFO] - Opening browser

2021-11-18 11:37:56 - [MESSAGE][INFO] - Starting 'Chrome' driver

2021-11-18 11:37:56 - [MESSAGE][INFO] - User set preference: ['prefs', '{download.default_directory=C:\otomasyondownfiles}']

2021-11-18 11:37:56 - [MESSAGE][INFO] - Action delay is set to 0 milliseconds

2021-11-18 11:37:58 - [MESSAGE][INFO] - Navigating browser to: 'https://efatura-stage.elogo.com.tr/'

2021-11-18 11:38:01 - [MESSAGE][PASSED] - Browser is opened with url: 'https://efatura-stage.elogo.com.tr/'

2021-11-18 11:38:01 - [TEST_STEP][PASSED] - maximizeWindow(): Invoke 'com.kms.katalon.core.annotation.BeforeTestCase' method: 'Listener.sampleBeforeTestSuite(...)' completed.

2021-11-18 11:38:01 - [MESSAGE][INFO] - Maximizing current window

2021-11-18 11:38:01 - [MESSAGE][PASSED] - Current window maximized

2021-11-18 11:38:01 - [MESSAGE][INFO] - Invoke 'com.kms.katalon.core.annotation.BeforeTestCase' method: 'Listener.sampleBeforeTestSuite(...)' completed.

2021-11-18 11:38:02 - [TEST_STEP][PASSED] - runFeatureFile("Include/features/e-Irsaliye/Giden Kutusu/Irsaliyeler/PDF Goster-Indir.feature"): Feature file: 'Include/features/e-Irsaliye/Giden Kutusu/Irsaliyeler/PDF Goster-Indir.feature' was passed

2021-11-18 11:38:02 - [MESSAGE][INFO] - Starting run keyword runFeatureFile: 'Include/features/e-Irsaliye/Giden Kutusu/Irsaliyeler/PDF Goster-Indir.feature' and extract report to folder: 'C:\Users\DELL\Documents\GitHub\EES_KatalonLogo\Reports\20211118_110909\Suite Repository\e-Irsaliye\20211118_110920/cucumber_report/1637224682371'...

2021-11-18 11:38:02 - [MESSAGE][INFO] - Glue: []

2021-11-18 11:38:04 - [MESSAGE][INFO] - Checking called Test Case

2021-11-18 11:38:04 - [MESSAGE][INFO] - Starting to call Test Case 'Test Cases/Sayfalar/Giris_Sayfasi/Login'

2021-11-18 11:38:04 - [TEST_CASE][PASSED] - Test Cases/Sayfalar/Giris_Sayfasi/Login: Test Cases/Sayfalar/Giris_Sayfasi/Login

2021-11-18 11:38:04 - [TEST_STEP][PASSED] - Sayfa_Basligi = getWindowTitle(): Current window's title is: 'LOGO e-Fatura'

2021-11-18 11:38:04 - [MESSAGE][INFO] - Getting current window's title

2021-11-18 11:38:04 - [MESSAGE][PASSED] - Current window's title is: 'LOGO e-Fatura'

2021-11-18 11:38:04 - [TEST_STEP][PASSED] - verifyMatch(Sayfa_Basligi, "LOGO e-Fatura", false): Actual text 'LOGO e-Fatura' and expected text 'LOGO e-Fatura' are matched 

2021-11-18 11:38:04 - [MESSAGE][INFO] - Matching actual text 'LOGO e-Fatura' with expected text 'LOGO e-Fatura'

2021-11-18 11:38:04 - [MESSAGE][PASSED] - Actual text 'LOGO e-Fatura' and expected text 'LOGO e-Fatura' are matched 

2021-11-18 11:38:04 - [TEST_STEP][PASSED] - sendKeys(findTestObject("Sayfalar/Giris_Sayfasi/Firma_Kodu"), KullaniciAdi): Keys 'ELOGO6' sent to object: 'Object Repository/Sayfalar/Giris_Sayfasi/Firma_Kodu'

2021-11-18 11:38:04 - [MESSAGE][INFO] - Finding Test Object 'Object Repository/Sayfalar/Giris_Sayfasi/Firma_Kodu'

2021-11-18 11:38:04 - [MESSAGE][INFO] - Sending keys 'ELOGO6' to object: 'Object Repository/Sayfalar/Giris_Sayfasi/Firma_Kodu'

2021-11-18 11:38:04 - [MESSAGE][INFO] - Finding web element from Test Object's properties

2021-11-18 11:38:04 - [MESSAGE][INFO] - Checking timeout

2021-11-18 11:38:04 - [MESSAGE][INFO] - Finding web element with id: 'Object Repository/Sayfalar/Giris_Sayfasi/Firma_Kodu' located by 'By.xpath: //*[@id = 'AccountName']' in '30' second(s)

2021-11-18 11:38:04 - [MESSAGE][INFO] - Smart Wait Function is triggered

2021-11-18 11:38:04 - [MESSAGE][INFO] - Found 1 web elements with id: 'Object Repository/Sayfalar/Giris_Sayfasi/Firma_Kodu' located by 'By.xpath: //*[@id = 'AccountName']' in '30' second(s)

2021-11-18 11:38:04 - [MESSAGE][PASSED] - Keys 'ELOGO6' sent to object: 'Object Repository/Sayfalar/Giris_Sayfasi/Firma_Kodu'

2021-11-18 11:38:04 - [TEST_STEP][PASSED] - sendKeys(findTestObject("Sayfalar/Giris_Sayfasi/Sifre"), Sifre): Keys '123456' sent to object: 'Object Repository/Sayfalar/Giris_Sayfasi/Sifre'

2021-11-18 11:38:04 - [MESSAGE][INFO] - Finding Test Object 'Object Repository/Sayfalar/Giris_Sayfasi/Sifre'

2021-11-18 11:38:04 - [MESSAGE][INFO] - Sending keys '123456' to object: 'Object Repository/Sayfalar/Giris_Sayfasi/Sifre'

2021-11-18 11:38:04 - [MESSAGE][INFO] - Finding web element from Test Object's properties

2021-11-18 11:38:04 - [MESSAGE][INFO] - Checking timeout

2021-11-18 11:38:04 - [MESSAGE][INFO] - Finding web element with id: 'Object Repository/Sayfalar/Giris_Sayfasi/Sifre' located by 'By.xpath: //*[@id = 'Password']' in '30' second(s)

2021-11-18 11:38:04 - [MESSAGE][INFO] - Smart Wait Function is triggered

2021-11-18 11:38:05 - [MESSAGE][INFO] - Found 1 web elements with id: 'Object Repository/Sayfalar/Giris_Sayfasi/Sifre' located by 'By.xpath: //*[@id = 'Password']' in '30' second(s)

2021-11-18 11:38:05 - [MESSAGE][PASSED] - Keys '123456' sent to object: 'Object Repository/Sayfalar/Giris_Sayfasi/Sifre'

2021-11-18 11:38:05 - [TEST_STEP][PASSED] - findWebElement(findTestObject("Sayfalar/Giris_Sayfasi/Giris_Butonu")).click(): Found 1 web elements with id: 'Object Repository/Sayfalar/Giris_Sayfasi/Giris_Butonu' located by 'By.cssSelector: #btnLogin' in '30' second(s)

2021-11-18 11:38:05 - [MESSAGE][INFO] - Finding Test Object 'Object Repository/Sayfalar/Giris_Sayfasi/Giris_Butonu'

2021-11-18 11:38:05 - [MESSAGE][INFO] - Finding web element from Test Object's properties

2021-11-18 11:38:05 - [MESSAGE][INFO] - Checking timeout

2021-11-18 11:38:05 - [MESSAGE][INFO] - Finding web element with id: 'Object Repository/Sayfalar/Giris_Sayfasi/Giris_Butonu' located by 'By.cssSelector: #btnLogin' in '30' second(s)

2021-11-18 11:38:05 - [MESSAGE][INFO] - Smart Wait Function is triggered

2021-11-18 11:38:05 - [MESSAGE][INFO] - Found 1 web elements with id: 'Object Repository/Sayfalar/Giris_Sayfasi/Giris_Butonu' located by 'By.cssSelector: #btnLogin' in '30' second(s)

2021-11-18 11:38:08 - [TEST_STEP][PASSED] - if (verifyElementPresent(findTestObject("Object Repository/Sayfalar/Giris_Sayfasi/RetveTamam_Butonu"), 5, OPTIONAL)): null

2021-11-18 11:38:08 - [MESSAGE][INFO] - Finding Test Object 'Object Repository/Sayfalar/Giris_Sayfasi/RetveTamam_Butonu'

2021-11-18 11:38:08 - [MESSAGE][INFO] - Checking object

2021-11-18 11:38:08 - [MESSAGE][INFO] - Finding web element from Test Object's properties

2021-11-18 11:38:08 - [MESSAGE][INFO] - Checking timeout

2021-11-18 11:38:08 - [MESSAGE][INFO] - Finding web element with id: 'Object Repository/Sayfalar/Giris_Sayfasi/RetveTamam_Butonu' located by 'By.xpath: //*[@class = 'btn btn-default']' in '5' second(s)

2021-11-18 11:38:08 - [MESSAGE][INFO] - Smart Wait Function is triggered

2021-11-18 11:38:08 - [MESSAGE][INFO] - Found 1 web elements with id: 'Object Repository/Sayfalar/Giris_Sayfasi/RetveTamam_Butonu' located by 'By.xpath: //*[@class = 'btn btn-default']' in '5' second(s)

2021-11-18 11:38:08 - [MESSAGE][PASSED] - Object 'Object Repository/Sayfalar/Giris_Sayfasi/RetveTamam_Butonu' is present

2021-11-18 11:38:08 - [TEST_STEP][PASSED] - click(findTestObject("Object Repository/Sayfalar/Giris_Sayfasi/RetveTamam_Butonu")): Object: 'Object Repository/Sayfalar/Giris_Sayfasi/RetveTamam_Butonu' is clicked on

2021-11-18 11:38:08 - [MESSAGE][INFO] - Finding Test Object 'Object Repository/Sayfalar/Giris_Sayfasi/RetveTamam_Butonu'

2021-11-18 11:38:08 - [MESSAGE][INFO] - Checking object

2021-11-18 11:38:08 - [MESSAGE][INFO] - Finding web element from Test Object's properties

2021-11-18 11:38:08 - [MESSAGE][INFO] - Checking timeout

2021-11-18 11:38:08 - [MESSAGE][INFO] - Finding web element with id: 'Object Repository/Sayfalar/Giris_Sayfasi/RetveTamam_Butonu' located by 'By.xpath: //*[@class = 'btn btn-default']' in '30' second(s)

2021-11-18 11:38:08 - [MESSAGE][INFO] - Smart Wait Function is triggered

2021-11-18 11:38:08 - [MESSAGE][INFO] - Found 1 web elements with id: 'Object Repository/Sayfalar/Giris_Sayfasi/RetveTamam_Butonu' located by 'By.xpath: //*[@class = 'btn btn-default']' in '30' second(s)

2021-11-18 11:38:08 - [MESSAGE][INFO] - Clicking on object: 'Object Repository/Sayfalar/Giris_Sayfasi/RetveTamam_Butonu'

2021-11-18 11:38:08 - [MESSAGE][PASSED] - Object: 'Object Repository/Sayfalar/Giris_Sayfasi/RetveTamam_Butonu' is clicked on

2021-11-18 11:38:08 - [TEST_STEP][PASSED] - click(findTestObject("Object Repository/Sayfalar/Giris_Sayfasi/RetveTamam_Butonu")): Object: 'Object Repository/Sayfalar/Giris_Sayfasi/RetveTamam_Butonu' is clicked on

2021-11-18 11:38:08 - [MESSAGE][INFO] - Finding Test Object 'Object Repository/Sayfalar/Giris_Sayfasi/RetveTamam_Butonu'

2021-11-18 11:38:08 - [MESSAGE][INFO] - Checking object

2021-11-18 11:38:08 - [MESSAGE][INFO] - Finding web element from Test Object's properties

2021-11-18 11:38:08 - [MESSAGE][INFO] - Checking timeout

2021-11-18 11:38:08 - [MESSAGE][INFO] - Finding web element with id: 'Object Repository/Sayfalar/Giris_Sayfasi/RetveTamam_Butonu' located by 'By.xpath: //*[@class = 'btn btn-default']' in '30' second(s)

2021-11-18 11:38:08 - [MESSAGE][INFO] - Smart Wait Function is triggered

2021-11-18 11:38:11 - [MESSAGE][INFO] - Found 1 web elements with id: 'Object Repository/Sayfalar/Giris_Sayfasi/RetveTamam_Butonu' located by 'By.xpath: //*[@class = 'btn btn-default']' in '30' second(s)

2021-11-18 11:38:11 - [MESSAGE][INFO] - Clicking on object: 'Object Repository/Sayfalar/Giris_Sayfasi/RetveTamam_Butonu'

2021-11-18 11:38:12 - [MESSAGE][PASSED] - Object: 'Object Repository/Sayfalar/Giris_Sayfasi/RetveTamam_Butonu' is clicked on

2021-11-18 11:38:12 - [TEST_STEP][PASSED] - if (verifyElementPresent(findTestObject("Sayfalar/Giris_Sayfasi/PopupOK"), 5, OPTIONAL)): null

2021-11-18 11:38:12 - [MESSAGE][INFO] - Finding Test Object 'Object Repository/Sayfalar/Giris_Sayfasi/PopupOK'

2021-11-18 11:38:12 - [MESSAGE][INFO] - Checking object

2021-11-18 11:38:12 - [MESSAGE][INFO] - Finding web element from Test Object's properties

2021-11-18 11:38:12 - [MESSAGE][INFO] - Checking timeout

2021-11-18 11:38:12 - [MESSAGE][INFO] - Finding web element with id: 'Object Repository/Sayfalar/Giris_Sayfasi/PopupOK' located by 'By.cssSelector: .btn.btn-success' in '5' second(s)

2021-11-18 11:38:12 - [MESSAGE][INFO] - Smart Wait Function is triggered

2021-11-18 11:38:12 - [MESSAGE][INFO] - Found 1 web elements with id: 'Object Repository/Sayfalar/Giris_Sayfasi/PopupOK' located by 'By.cssSelector: .btn.btn-success' in '5' second(s)

2021-11-18 11:38:12 - [MESSAGE][PASSED] - Object 'Object Repository/Sayfalar/Giris_Sayfasi/PopupOK' is present

2021-11-18 11:38:12 - [TEST_STEP][PASSED] - click(findTestObject("Object Repository/Sayfalar/Giris_Sayfasi/PopupCarpiGiris")): Object: 'Object Repository/Sayfalar/Giris_Sayfasi/PopupCarpiGiris' is clicked on

2021-11-18 11:38:12 - [MESSAGE][INFO] - Finding Test Object 'Object Repository/Sayfalar/Giris_Sayfasi/PopupCarpiGiris'

2021-11-18 11:38:12 - [MESSAGE][INFO] - Checking object

2021-11-18 11:38:12 - [MESSAGE][INFO] - Finding web element from Test Object's properties

2021-11-18 11:38:12 - [MESSAGE][INFO] - Checking timeout

2021-11-18 11:38:12 - [MESSAGE][INFO] - Finding web element with id: 'Object Repository/Sayfalar/Giris_Sayfasi/PopupCarpiGiris' located by 'By.cssSelector: .bootbox-close-button.close' in '30' second(s)

2021-11-18 11:38:12 - [MESSAGE][INFO] - Smart Wait Function is triggered

2021-11-18 11:38:13 - [MESSAGE][INFO] - Found 1 web elements with id: 'Object Repository/Sayfalar/Giris_Sayfasi/PopupCarpiGiris' located by 'By.cssSelector: .bootbox-close-button.close' in '30' second(s)

2021-11-18 11:38:13 - [MESSAGE][INFO] - Clicking on object: 'Object Repository/Sayfalar/Giris_Sayfasi/PopupCarpiGiris'

2021-11-18 11:38:13 - [MESSAGE][PASSED] - Object: 'Object Repository/Sayfalar/Giris_Sayfasi/PopupCarpiGiris' is clicked on

2021-11-18 11:38:13 - [TEST_STEP][PASSED] - verifyElementVisible(findTestObject("Object Repository/Kullanici_Islemleri/KullaniciIslemleri")): Object 'Object Repository/Kullanici_Islemleri/KullaniciIslemleri' is visible

2021-11-18 11:38:13 - [MESSAGE][INFO] - Finding Test Object 'Object Repository/Kullanici_Islemleri/KullaniciIslemleri'

2021-11-18 11:38:13 - [MESSAGE][INFO] - Checking object

2021-11-18 11:38:13 - [MESSAGE][INFO] - Finding web element from Test Object's properties

2021-11-18 11:38:13 - [MESSAGE][INFO] - Checking timeout

2021-11-18 11:38:13 - [MESSAGE][INFO] - Finding web element with id: 'Object Repository/Kullanici_Islemleri/KullaniciIslemleri' located by 'By.cssSelector: .dropdown>a>img' in '30' second(s)

2021-11-18 11:38:13 - [MESSAGE][INFO] - Smart Wait Function is triggered

2021-11-18 11:38:13 - [MESSAGE][INFO] - Found 1 web elements with id: 'Object Repository/Kullanici_Islemleri/KullaniciIslemleri' located by 'By.cssSelector: .dropdown>a>img' in '30' second(s)

2021-11-18 11:38:14 - [MESSAGE][PASSED] - Object 'Object Repository/Kullanici_Islemleri/KullaniciIslemleri' is visible

2021-11-18 11:38:14 - [MESSAGE][PASSED] - Call Test Case 'Test Cases/Sayfalar/Giris_Sayfasi/Login' successfully

2021-11-18 11:38:14 - [MESSAGE][INFO] - Checking called Test Case

2021-11-18 11:38:14 - [MESSAGE][INFO] - Starting to call Test Case 'Test Cases/Menu/AnaMenuSecimi'

2021-11-18 11:38:14 - [TEST_CASE][PASSED] - Test Cases/Menu/AnaMenuSecimi: Test Cases/Menu/AnaMenuSecimi

2021-11-18 11:38:14 - [TEST_STEP][PASSED] - Method.TextDegerineEsitElementeTikla(findTestObject("Menu/Ana_Menu"), Ana_Menu): Method.TextDegerineEsitElementeTikla is PASSED

2021-11-18 11:38:14 - [MESSAGE][INFO] - Finding Test Object 'Object Repository/Menu/Ana_Menu'

2021-11-18 11:38:14 - [MESSAGE][INFO] - Checking timeout

2021-11-18 11:38:14 - [MESSAGE][INFO] - Finding web element with id: 'Object Repository/Menu/Ana_Menu' located by 'By.xpath: //*[@class = 'dropdown-toggle']' in '10' second(s)

2021-11-18 11:38:14 - [MESSAGE][INFO] - Smart Wait Function is triggered

2021-11-18 11:38:14 - [MESSAGE][INFO] - Found 14 web elements with id: 'Object Repository/Menu/Ana_Menu' located by 'By.xpath: //*[@class = 'dropdown-toggle']' in '10' second(s)

2021-11-18 11:38:14 - [MESSAGE][PASSED] - Method.TextDegerineEsitElementeTikla is PASSED

2021-11-18 11:38:14 - [MESSAGE][PASSED] - Call Test Case 'Test Cases/Menu/AnaMenuSecimi' successfully

2021-11-18 11:38:14 - [MESSAGE][INFO] - Checking called Test Case

2021-11-18 11:38:14 - [MESSAGE][INFO] - Starting to call Test Case 'Test Cases/Menu/BasligaGoreAltMenuSecimi'

2021-11-18 11:38:14 - [TEST_CASE][PASSED] - Test Cases/Menu/BasligaGoreAltMenuSecimi: Test Cases/Menu/BasligaGoreAltMenuSecimi

2021-11-18 11:38:14 - [TEST_STEP][PASSED] - Method.TextDegerineEsitElementinAltindakiTextDegerineEsitOlanaTikla(findTestObject("Menu/Menu_Basligi"), findTestObject("Menu/Basliga_Gore_Alt_Menu"), Baslik, Alt_Menu): Method.TextDegerineEsitElementinAltindakiTextDegerineEsitOlanaTikla is PASSED

2021-11-18 11:38:14 - [MESSAGE][INFO] - Finding Test Object 'Object Repository/Menu/Menu_Basligi'

2021-11-18 11:38:14 - [MESSAGE][INFO] - Finding Test Object 'Object Repository/Menu/Basliga_Gore_Alt_Menu'

2021-11-18 11:38:14 - [MESSAGE][INFO] - Checking timeout

2021-11-18 11:38:14 - [MESSAGE][INFO] - Finding web element with id: 'Object Repository/Menu/Menu_Basligi' located by 'By.xpath: //li[@class='dropdown dropdown-large open']//li[@class='dropdown-header']' in '10' second(s)

2021-11-18 11:38:14 - [MESSAGE][INFO] - Smart Wait Function is triggered

2021-11-18 11:38:15 - [MESSAGE][INFO] - Found 3 web elements with id: 'Object Repository/Menu/Menu_Basligi' located by 'By.xpath: //li[@class='dropdown dropdown-large open']//li[@class='dropdown-header']' in '10' second(s)

2021-11-18 11:38:15 - [MESSAGE][INFO] - Smart Wait Function is triggered

2021-11-18 11:38:17 - [MESSAGE][PASSED] - Method.TextDegerineEsitElementinAltindakiTextDegerineEsitOlanaTikla is PASSED

2021-11-18 11:38:17 - [MESSAGE][PASSED] - Call Test Case 'Test Cases/Menu/BasligaGoreAltMenuSecimi' successfully

2021-11-18 11:38:17 - [MESSAGE][INFO] - Checking called Test Case

2021-11-18 11:38:17 - [MESSAGE][INFO] - Starting to call Test Case 'Test Cases/Filtreler/BaslangicYaz'

2021-11-18 11:38:17 - [TEST_CASE][PASSED] - Test Cases/Filtreler/BaslangicYaz: Test Cases/Filtreler/BaslangicYaz

2021-11-18 11:38:17 - [TEST_STEP][PASSED] - delay(3): Delayed 3 second(s)

2021-11-18 11:38:17 - [MESSAGE][INFO] - Delaying browser in 3 second(s)

2021-11-18 11:38:20 - [MESSAGE][PASSED] - Delayed 3 second(s)

2021-11-18 11:38:20 - [TEST_STEP][PASSED] - Method.TextDegerineEsitElementinAltindakineTikla(findTestObject("Filtreler/Basliklar"), findTestObject("Filtreler/Basliga_Gore_Baslangic_Image"), Filtre_Adi): Method.TextDegerineEsitElementinAltindakineTikla is PASSED

2021-11-18 11:38:20 - [MESSAGE][INFO] - Finding Test Object 'Object Repository/Filtreler/Basliklar'

2021-11-18 11:38:20 - [MESSAGE][INFO] - Finding Test Object 'Object Repository/Filtreler/Basliga_Gore_Baslangic_Image'

2021-11-18 11:38:20 - [MESSAGE][INFO] - Checking timeout

2021-11-18 11:38:20 - [MESSAGE][INFO] - Finding web element with id: 'Object Repository/Filtreler/Basliklar' located by 'By.cssSelector: .control-label.col-sm-4.paddingMarginRLC' in '10' second(s)

2021-11-18 11:38:20 - [MESSAGE][INFO] - Smart Wait Function is triggered

2021-11-18 11:38:20 - [MESSAGE][INFO] - Found 18 web elements with id: 'Object Repository/Filtreler/Basliklar' located by 'By.cssSelector: .control-label.col-sm-4.paddingMarginRLC' in '10' second(s)

2021-11-18 11:38:20 - [MESSAGE][INFO] - Smart Wait Function is triggered

2021-11-18 11:38:21 - [MESSAGE][PASSED] - Method.TextDegerineEsitElementinAltindakineTikla is PASSED

2021-11-18 11:38:21 - [TEST_STEP][PASSED] - Method.TextDegerineEsitElementinAltindakiTextboxtaYaz(findTestObject("Filtreler/Basliklar"), findTestObject("Filtreler/Basliga_Gore_Baslangic"), Filtre_Adi, Filtre_Degeri): Method.TextDegerineEsitElementinAltindakiTextboxtaYaz is PASSED

2021-11-18 11:38:21 - [MESSAGE][INFO] - Finding Test Object 'Object Repository/Filtreler/Basliklar'

2021-11-18 11:38:21 - [MESSAGE][INFO] - Finding Test Object 'Object Repository/Filtreler/Basliga_Gore_Baslangic'

2021-11-18 11:38:21 - [MESSAGE][INFO] - Checking timeout

2021-11-18 11:38:21 - [MESSAGE][INFO] - Finding web element with id: 'Object Repository/Filtreler/Basliklar' located by 'By.cssSelector: .control-label.col-sm-4.paddingMarginRLC' in '10' second(s)

2021-11-18 11:38:21 - [MESSAGE][INFO] - Smart Wait Function is triggered

2021-11-18 11:38:21 - [MESSAGE][INFO] - Found 18 web elements with id: 'Object Repository/Filtreler/Basliklar' located by 'By.cssSelector: .control-label.col-sm-4.paddingMarginRLC' in '10' second(s)

2021-11-18 11:38:21 - [MESSAGE][INFO] - Smart Wait Function is triggered

2021-11-18 11:38:22 - [MESSAGE][PASSED] - Method.TextDegerineEsitElementinAltindakiTextboxtaYaz is PASSED

2021-11-18 11:38:22 - [MESSAGE][PASSED] - Call Test Case 'Test Cases/Filtreler/BaslangicYaz' successfully

2021-11-18 11:38:22 - [MESSAGE][INFO] - Checking called Test Case

2021-11-18 11:38:22 - [MESSAGE][INFO] - Starting to call Test Case 'Test Cases/Filtreler/BitisYaz'

2021-11-18 11:38:22 - [TEST_CASE][PASSED] - Test Cases/Filtreler/BitisYaz: Test Cases/Filtreler/BitisYaz

2021-11-18 11:38:22 - [TEST_STEP][PASSED] - Method.TextDegerineEsitElementinAltindakineTikla(findTestObject("Filtreler/Basliklar"), findTestObject("Filtreler/Basliga_Gore_Bitis_Image"), Filtre_Adi): Method.TextDegerineEsitElementinAltindakineTikla is PASSED

2021-11-18 11:38:22 - [MESSAGE][INFO] - Finding Test Object 'Object Repository/Filtreler/Basliklar'

2021-11-18 11:38:22 - [MESSAGE][INFO] - Finding Test Object 'Object Repository/Filtreler/Basliga_Gore_Bitis_Image'

2021-11-18 11:38:22 - [MESSAGE][INFO] - Checking timeout

2021-11-18 11:38:22 - [MESSAGE][INFO] - Finding web element with id: 'Object Repository/Filtreler/Basliklar' located by 'By.cssSelector: .control-label.col-sm-4.paddingMarginRLC' in '10' second(s)

2021-11-18 11:38:22 - [MESSAGE][INFO] - Smart Wait Function is triggered

2021-11-18 11:38:22 - [MESSAGE][INFO] - Found 18 web elements with id: 'Object Repository/Filtreler/Basliklar' located by 'By.cssSelector: .control-label.col-sm-4.paddingMarginRLC' in '10' second(s)

2021-11-18 11:38:22 - [MESSAGE][INFO] - Smart Wait Function is triggered

2021-11-18 11:38:23 - [MESSAGE][PASSED] - Method.TextDegerineEsitElementinAltindakineTikla is PASSED

2021-11-18 11:38:23 - [TEST_STEP][PASSED] - Method.TextDegerineEsitElementinAltindakiTextboxtaYaz(findTestObject("Filtreler/Basliklar"), findTestObject("Object Repository/Filtreler/Basliga_Gore_Bitis"), Filtre_Adi, Filtre_Degeri): Method.TextDegerineEsitElementinAltindakiTextboxtaYaz is PASSED

2021-11-18 11:38:23 - [MESSAGE][INFO] - Finding Test Object 'Object Repository/Filtreler/Basliklar'

2021-11-18 11:38:23 - [MESSAGE][INFO] - Finding Test Object 'Object Repository/Filtreler/Basliga_Gore_Bitis'

2021-11-18 11:38:23 - [MESSAGE][INFO] - Checking timeout

2021-11-18 11:38:23 - [MESSAGE][INFO] - Finding web element with id: 'Object Repository/Filtreler/Basliklar' located by 'By.cssSelector: .control-label.col-sm-4.paddingMarginRLC' in '10' second(s)

2021-11-18 11:38:23 - [MESSAGE][INFO] - Smart Wait Function is triggered

2021-11-18 11:38:23 - [MESSAGE][INFO] - Found 18 web elements with id: 'Object Repository/Filtreler/Basliklar' located by 'By.cssSelector: .control-label.col-sm-4.paddingMarginRLC' in '10' second(s)

2021-11-18 11:38:23 - [MESSAGE][INFO] - Smart Wait Function is triggered

2021-11-18 11:38:24 - [MESSAGE][PASSED] - Method.TextDegerineEsitElementinAltindakiTextboxtaYaz is PASSED

2021-11-18 11:38:24 - [MESSAGE][PASSED] - Call Test Case 'Test Cases/Filtreler/BitisYaz' successfully

2021-11-18 11:38:24 - [MESSAGE][INFO] - Checking called Test Case

2021-11-18 11:38:24 - [MESSAGE][INFO] - Starting to call Test Case 'Test Cases/Filtreler/ButonaTikla'

2021-11-18 11:38:24 - [TEST_CASE][PASSED] - Test Cases/Filtreler/ButonaTikla: Test Cases/Filtreler/ButonaTikla

2021-11-18 11:38:24 - [TEST_STEP][PASSED] - Method.TextDegerineEsitElementeTikla(findTestObject("Filtreler/Butonlar"), Filtre_Buton): Method.TextDegerineEsitElementeTikla is PASSED

2021-11-18 11:38:24 - [MESSAGE][INFO] - Finding Test Object 'Object Repository/Filtreler/Butonlar'

2021-11-18 11:38:24 - [MESSAGE][INFO] - Checking timeout

2021-11-18 11:38:24 - [MESSAGE][INFO] - Finding web element with id: 'Object Repository/Filtreler/Butonlar' located by 'By.cssSelector: .dxb>span' in '10' second(s)

2021-11-18 11:38:24 - [MESSAGE][INFO] - Smart Wait Function is triggered

2021-11-18 11:38:24 - [MESSAGE][INFO] - Found 3 web elements with id: 'Object Repository/Filtreler/Butonlar' located by 'By.cssSelector: .dxb>span' in '10' second(s)

2021-11-18 11:38:25 - [MESSAGE][PASSED] - Method.TextDegerineEsitElementeTikla is PASSED

2021-11-18 11:38:25 - [MESSAGE][PASSED] - Call Test Case 'Test Cases/Filtreler/ButonaTikla' successfully

2021-11-18 11:38:25 - [MESSAGE][INFO] - Checking called Test Case

2021-11-18 11:38:25 - [MESSAGE][INFO] - Starting to call Test Case 'Test Cases/Tablo/TablodaVeriVarMi'

2021-11-18 11:38:25 - [TEST_CASE][PASSED] - Test Cases/Tablo/TablodaVeriVarMi: Test Cases/Tablo/TablodaVeriVarMi

2021-11-18 11:38:25 - [TEST_STEP][PASSED] - verifyTextNotPresent("Görüntülenecek veri yok", true): Text 'Görüntülenecek veri yok' is not present on page using regular expression

2021-11-18 11:38:25 - [MESSAGE][INFO] - Checking text present  using regular expression

2021-11-18 11:38:25 - [MESSAGE][INFO] - Smart Wait Function is triggered

2021-11-18 11:38:26 - [MESSAGE][INFO] - Finding text 'Görüntülenecek veri yok' on page  using regular expression

2021-11-18 11:38:26 - [MESSAGE][PASSED] - Text 'Görüntülenecek veri yok' is not present on page using regular expression

2021-11-18 11:38:26 - [MESSAGE][PASSED] - Call Test Case 'Test Cases/Tablo/TablodaVeriVarMi' successfully

2021-11-18 11:38:26 - [MESSAGE][INFO] - Checking called Test Case

2021-11-18 11:38:26 - [MESSAGE][INFO] - Starting to call Test Case 'Test Cases/Tablo/TablodanVeriSec'

2021-11-18 11:38:26 - [TEST_CASE][PASSED] - Test Cases/Tablo/TablodanVeriSec: Test Cases/Tablo/TablodanVeriSec

2021-11-18 11:38:26 - [TEST_STEP][PASSED] - Method.TextDegerineEsitElementinAltindakineTikla(findTestObject("Tablo/Veriler"), findTestObject("Tablo/VerininCheckBoxi"), Veri_Adi): Method.TextDegerineEsitElementinAltindakineTikla is PASSED

2021-11-18 11:38:26 - [MESSAGE][INFO] - Finding Test Object 'Object Repository/Tablo/Veriler'

2021-11-18 11:38:26 - [MESSAGE][INFO] - Finding Test Object 'Object Repository/Tablo/VerininCheckBoxi'

2021-11-18 11:38:26 - [MESSAGE][INFO] - Checking timeout

2021-11-18 11:38:26 - [MESSAGE][INFO] - Finding web element with id: 'Object Repository/Tablo/Veriler' located by 'By.cssSelector: td.dxgv b ,td.dxgv' in '10' second(s)

2021-11-18 11:38:26 - [MESSAGE][INFO] - Smart Wait Function is triggered

2021-11-18 11:38:26 - [MESSAGE][INFO] - Found 120 web elements with id: 'Object Repository/Tablo/Veriler' located by 'By.cssSelector: td.dxgv b ,td.dxgv' in '10' second(s)

2021-11-18 11:38:26 - [MESSAGE][INFO] - Smart Wait Function is triggered

2021-11-18 11:38:26 - [MESSAGE][PASSED] - Method.TextDegerineEsitElementinAltindakineTikla is PASSED

2021-11-18 11:38:26 - [MESSAGE][PASSED] - Call Test Case 'Test Cases/Tablo/TablodanVeriSec' successfully

2021-11-18 11:38:26 - [MESSAGE][INFO] - Checking called Test Case

2021-11-18 11:38:26 - [MESSAGE][INFO] - Starting to call Test Case 'Test Cases/Butonlar/ButonaTikla'

2021-11-18 11:38:27 - [TEST_CASE][PASSED] - Test Cases/Butonlar/ButonaTikla: Test Cases/Butonlar/ButonaTikla

2021-11-18 11:38:27 - [TEST_STEP][PASSED] - Method.TextDegerineEsitElementeTiklaEquals(findTestObject("Butonlar/Butonlar"), Buton_Adi): Method.TextDegerineEsitElementeTiklaEquals is PASSED

2021-11-18 11:38:27 - [MESSAGE][INFO] - Finding Test Object 'Object Repository/Butonlar/Butonlar'

2021-11-18 11:38:27 - [MESSAGE][INFO] - Checking timeout

2021-11-18 11:38:27 - [MESSAGE][INFO] - Finding web element with id: 'Object Repository/Butonlar/Butonlar' located by 'By.cssSelector: .panel.panel-default.text-center.footerPanel .btn,.btn.btn-primary.btnControls' in '10' second(s)

2021-11-18 11:38:27 - [MESSAGE][INFO] - Smart Wait Function is triggered

2021-11-18 11:38:27 - [MESSAGE][INFO] - Found 11 web elements with id: 'Object Repository/Butonlar/Butonlar' located by 'By.cssSelector: .panel.panel-default.text-center.footerPanel .btn,.btn.btn-primary.btnControls' in '10' second(s)

2021-11-18 11:38:27 - [MESSAGE][PASSED] - Method.TextDegerineEsitElementeTiklaEquals is PASSED

2021-11-18 11:38:27 - [MESSAGE][PASSED] - Call Test Case 'Test Cases/Butonlar/ButonaTikla' successfully

2021-11-18 11:38:27 - [MESSAGE][INFO] - Checking called Test Case

2021-11-18 11:38:27 - [MESSAGE][INFO] - Starting to call Test Case 'Test Cases/Butonlar/AltButonaTikla'

2021-11-18 11:38:27 - [TEST_CASE][PASSED] - Test Cases/Butonlar/AltButonaTikla: Test Cases/Butonlar/AltButonaTikla

2021-11-18 11:38:27 - [TEST_STEP][PASSED] - Method.TextDegerineEsitElementeTikla(findTestObject("Butonlar/AltButonlar"), Alt_Buton): Method.TextDegerineEsitElementeTikla is PASSED

2021-11-18 11:38:27 - [MESSAGE][INFO] - Finding Test Object 'Object Repository/Butonlar/AltButonlar'

2021-11-18 11:38:27 - [MESSAGE][INFO] - Checking timeout

2021-11-18 11:38:27 - [MESSAGE][INFO] - Finding web element with id: 'Object Repository/Butonlar/AltButonlar' located by 'By.cssSelector: .btn-group.open li>a' in '10' second(s)

2021-11-18 11:38:27 - [MESSAGE][INFO] - Smart Wait Function is triggered

2021-11-18 11:38:28 - [MESSAGE][INFO] - Found 2 web elements with id: 'Object Repository/Butonlar/AltButonlar' located by 'By.cssSelector: .btn-group.open li>a' in '10' second(s)

2021-11-18 11:38:28 - [MESSAGE][PASSED] - Method.TextDegerineEsitElementeTikla is PASSED

2021-11-18 11:38:28 - [MESSAGE][PASSED] - Call Test Case 'Test Cases/Butonlar/AltButonaTikla' successfully

2021-11-18 11:38:28 - [MESSAGE][INFO] - Checking called Test Case

2021-11-18 11:38:28 - [MESSAGE][INFO] - Starting to call Test Case 'Test Cases/Sekmeler/YeniSekmeyeGec'

2021-11-18 11:38:28 - [TEST_CASE][PASSED] - Test Cases/Sekmeler/YeniSekmeyeGec: Test Cases/Sekmeler/YeniSekmeyeGec

2021-11-18 11:38:28 - [TEST_STEP][PASSED] - switchToWindowIndex(1): Switched to window with index: '1'

2021-11-18 11:38:28 - [MESSAGE][INFO] - Checking index

2021-11-18 11:38:28 - [MESSAGE][INFO] - Switching window with index: '1'

2021-11-18 11:38:28 - [MESSAGE][PASSED] - Switched to window with index: '1'

2021-11-18 11:38:28 - [MESSAGE][PASSED] - Call Test Case 'Test Cases/Sekmeler/YeniSekmeyeGec' successfully

2021-11-18 11:38:28 - [MESSAGE][INFO] - Checking called Test Case

2021-11-18 11:38:28 - [MESSAGE][INFO] - Starting to call Test Case 'Test Cases/Butonlar/PDFGorseliVarMi'

2021-11-18 11:38:28 - [TEST_CASE][PASSED] - Test Cases/Butonlar/PDFGorseliVarMi: Test Cases/Butonlar/PDFGorseliVarMi

2021-11-18 11:38:28 - [TEST_STEP][PASSED] - driver = getWebDriver(): null

2021-11-18 11:38:28 - [TEST_STEP][PASSED] - assert getPageSource().contains("type="application/pdf""): null

2021-11-18 11:38:28 - [MESSAGE][PASSED] - Call Test Case 'Test Cases/Butonlar/PDFGorseliVarMi' successfully

2021-11-18 11:38:28 - [MESSAGE][INFO] - Checking called Test Case

2021-11-18 11:38:28 - [MESSAGE][INFO] - Starting to call Test Case 'Test Cases/Sekmeler/Ana_Sekmeye_Gec'

2021-11-18 11:38:28 - [TEST_CASE][PASSED] - Test Cases/Sekmeler/Ana_Sekmeye_Gec: Test Cases/Sekmeler/Ana_Sekmeye_Gec

2021-11-18 11:38:28 - [TEST_STEP][PASSED] - try: Window with index 1 is closed

2021-11-18 11:38:28 - [TEST_STEP][PASSED] - index = getWindowIndex(): Current window's index is: 1

2021-11-18 11:38:28 - [MESSAGE][INFO] - Getting current window's index

2021-11-18 11:38:28 - [MESSAGE][PASSED] - Current window's index is: 1

2021-11-18 11:38:28 - [TEST_STEP][PASSED] - closeWindowIndex(index): Window with index 1 is closed

2021-11-18 11:38:28 - [MESSAGE][INFO] - Checking index

2021-11-18 11:38:28 - [MESSAGE][INFO] - Closing window with index 1

2021-11-18 11:38:28 - [MESSAGE][PASSED] - Window with index 1 is closed

2021-11-18 11:38:28 - [TEST_STEP][PASSED] - switchToWindowIndex(0): Switched to window with index: '0'

2021-11-18 11:38:28 - [MESSAGE][INFO] - Checking index

2021-11-18 11:38:28 - [MESSAGE][INFO] - Switching window with index: '0'

2021-11-18 11:38:28 - [MESSAGE][PASSED] - Switched to window with index: '0'

2021-11-18 11:38:28 - [MESSAGE][PASSED] - Call Test Case 'Test Cases/Sekmeler/Ana_Sekmeye_Gec' successfully

2021-11-18 11:38:28 - [MESSAGE][INFO] - Checking called Test Case

2021-11-18 11:38:28 - [MESSAGE][INFO] - Starting to call Test Case 'Test Cases/Butonlar/ButonaTikla'

2021-11-18 11:38:28 - [TEST_CASE][PASSED] - Test Cases/Butonlar/ButonaTikla: Test Cases/Butonlar/ButonaTikla

2021-11-18 11:38:28 - [TEST_STEP][PASSED] - Method.TextDegerineEsitElementeTiklaEquals(findTestObject("Butonlar/Butonlar"), Buton_Adi): Method.TextDegerineEsitElementeTiklaEquals is PASSED

2021-11-18 11:38:28 - [MESSAGE][INFO] - Finding Test Object 'Object Repository/Butonlar/Butonlar'

2021-11-18 11:38:28 - [MESSAGE][INFO] - Checking timeout

2021-11-18 11:38:28 - [MESSAGE][INFO] - Finding web element with id: 'Object Repository/Butonlar/Butonlar' located by 'By.cssSelector: .panel.panel-default.text-center.footerPanel .btn,.btn.btn-primary.btnControls' in '10' second(s)

2021-11-18 11:38:28 - [MESSAGE][INFO] - Smart Wait Function is triggered

2021-11-18 11:38:29 - [MESSAGE][INFO] - Found 11 web elements with id: 'Object Repository/Butonlar/Butonlar' located by 'By.cssSelector: .panel.panel-default.text-center.footerPanel .btn,.btn.btn-primary.btnControls' in '10' second(s)

2021-11-18 11:38:29 - [MESSAGE][PASSED] - Method.TextDegerineEsitElementeTiklaEquals is PASSED

2021-11-18 11:38:29 - [MESSAGE][PASSED] - Call Test Case 'Test Cases/Butonlar/ButonaTikla' successfully

2021-11-18 11:38:29 - [MESSAGE][INFO] - Checking called Test Case

2021-11-18 11:38:29 - [MESSAGE][INFO] - Starting to call Test Case 'Test Cases/Butonlar/AltButonaTikla'

2021-11-18 11:38:29 - [TEST_CASE][PASSED] - Test Cases/Butonlar/AltButonaTikla: Test Cases/Butonlar/AltButonaTikla

2021-11-18 11:38:29 - [TEST_STEP][PASSED] - Method.TextDegerineEsitElementeTikla(findTestObject("Butonlar/AltButonlar"), Alt_Buton): Method.TextDegerineEsitElementeTikla is PASSED

2021-11-18 11:38:29 - [MESSAGE][INFO] - Finding Test Object 'Object Repository/Butonlar/AltButonlar'

2021-11-18 11:38:29 - [MESSAGE][INFO] - Checking timeout

2021-11-18 11:38:29 - [MESSAGE][INFO] - Finding web element with id: 'Object Repository/Butonlar/AltButonlar' located by 'By.cssSelector: .btn-group.open li>a' in '10' second(s)

2021-11-18 11:38:29 - [MESSAGE][INFO] - Smart Wait Function is triggered

2021-11-18 11:38:29 - [MESSAGE][INFO] - Found 2 web elements with id: 'Object Repository/Butonlar/AltButonlar' located by 'By.cssSelector: .btn-group.open li>a' in '10' second(s)

2021-11-18 11:38:30 - [MESSAGE][PASSED] - Method.TextDegerineEsitElementeTikla is PASSED

2021-11-18 11:38:30 - [MESSAGE][PASSED] - Call Test Case 'Test Cases/Butonlar/AltButonaTikla' successfully

2021-11-18 11:38:30 - [MESSAGE][INFO] - Checking called Test Case

2021-11-18 11:38:30 - [MESSAGE][INFO] - Starting to call Test Case 'Test Cases/Butonlar/DosyaIndirildiMi'

2021-11-18 11:38:30 - [TEST_CASE][PASSED] - Test Cases/Butonlar/DosyaIndirildiMi: Test Cases/Butonlar/DosyaIndirildiMi

2021-11-18 11:38:30 - [TEST_STEP][PASSED] - Method.isimliDosyaIndirildiMi(DownloadFile, FileName): Method.isimliDosyaIndirildiMi is PASSED

2021-11-18 11:38:30 - [MESSAGE][INFO] - Delaying browser in 3 second(s)

2021-11-18 11:38:33 - [MESSAGE][PASSED] - Delayed 3 second(s)

2021-11-18 11:38:33 - [MESSAGE][PASSED] - Method.isimliDosyaIndirildiMi is PASSED

2021-11-18 11:38:33 - [MESSAGE][PASSED] - Call Test Case 'Test Cases/Butonlar/DosyaIndirildiMi' successfully

2021-11-18 11:38:33 - [MESSAGE][INFO] - Checking called Test Case

2021-11-18 11:38:33 - [MESSAGE][INFO] - Starting to call Test Case 'Test Cases/Kullanici_Islemleri/KullaniciIslemlerindenSecimYapilir'

2021-11-18 11:38:33 - [TEST_CASE][PASSED] - Test Cases/Kullanici_Islemleri/KullaniciIslemlerindenSecimYapilir: Test Cases/Kullanici_Islemleri/KullaniciIslemlerindenSecimYapilir

2021-11-18 11:38:33 - [TEST_STEP][PASSED] - waitForElementClickable(findTestObject("Object Repository/Kullanici_Islemleri/KullaniciIslemleri"), 10): Object 'Object Repository/Kullanici_Islemleri/KullaniciIslemleri' is clickable

2021-11-18 11:38:33 - [MESSAGE][INFO] - Finding Test Object 'Object Repository/Kullanici_Islemleri/KullaniciIslemleri'

2021-11-18 11:38:33 - [MESSAGE][INFO] - Checking object

2021-11-18 11:38:33 - [MESSAGE][INFO] - Checking timeout

2021-11-18 11:38:33 - [MESSAGE][INFO] - Finding web element from Test Object's properties

2021-11-18 11:38:33 - [MESSAGE][INFO] - Checking timeout

2021-11-18 11:38:33 - [MESSAGE][INFO] - Finding web element with id: 'Object Repository/Kullanici_Islemleri/KullaniciIslemleri' located by 'By.cssSelector: .dropdown>a>img' in '10' second(s)

2021-11-18 11:38:33 - [MESSAGE][INFO] - Smart Wait Function is triggered

2021-11-18 11:38:33 - [MESSAGE][INFO] - Found 1 web elements with id: 'Object Repository/Kullanici_Islemleri/KullaniciIslemleri' located by 'By.cssSelector: .dropdown>a>img' in '10' second(s)

2021-11-18 11:38:33 - [MESSAGE][PASSED] - Object 'Object Repository/Kullanici_Islemleri/KullaniciIslemleri' is clickable

2021-11-18 11:38:33 - [TEST_STEP][PASSED] - click(findTestObject("Object Repository/Kullanici_Islemleri/KullaniciIslemleri")): Object: 'Object Repository/Kullanici_Islemleri/KullaniciIslemleri' is clicked on

2021-11-18 11:38:33 - [MESSAGE][INFO] - Finding Test Object 'Object Repository/Kullanici_Islemleri/KullaniciIslemleri'

2021-11-18 11:38:33 - [MESSAGE][INFO] - Checking object

2021-11-18 11:38:33 - [MESSAGE][INFO] - Finding web element from Test Object's properties

2021-11-18 11:38:33 - [MESSAGE][INFO] - Checking timeout

2021-11-18 11:38:33 - [MESSAGE][INFO] - Finding web element with id: 'Object Repository/Kullanici_Islemleri/KullaniciIslemleri' located by 'By.cssSelector: .dropdown>a>img' in '30' second(s)

2021-11-18 11:38:33 - [MESSAGE][INFO] - Smart Wait Function is triggered

2021-11-18 11:38:34 - [MESSAGE][INFO] - Found 1 web elements with id: 'Object Repository/Kullanici_Islemleri/KullaniciIslemleri' located by 'By.cssSelector: .dropdown>a>img' in '30' second(s)

2021-11-18 11:38:34 - [MESSAGE][INFO] - Clicking on object: 'Object Repository/Kullanici_Islemleri/KullaniciIslemleri'

2021-11-18 11:38:34 - [MESSAGE][PASSED] - Object: 'Object Repository/Kullanici_Islemleri/KullaniciIslemleri' is clicked on

2021-11-18 11:38:34 - [TEST_STEP][PASSED] - Method.TextDegerineEsitElementeTikla(findTestObject("Object Repository/Kullanici_Islemleri/Secenekler"), Islem): Method.TextDegerineEsitElementeTikla is PASSED

2021-11-18 11:38:34 - [MESSAGE][INFO] - Finding Test Object 'Object Repository/Kullanici_Islemleri/Secenekler'

2021-11-18 11:38:34 - [MESSAGE][INFO] - Checking timeout

2021-11-18 11:38:34 - [MESSAGE][INFO] - Finding web element with id: 'Object Repository/Kullanici_Islemleri/Secenekler' located by 'By.cssSelector: .nav.navbar-nav.navbar-right li a' in '10' second(s)

2021-11-18 11:38:34 - [MESSAGE][INFO] - Smart Wait Function is triggered

2021-11-18 11:38:34 - [MESSAGE][INFO] - Found 22 web elements with id: 'Object Repository/Kullanici_Islemleri/Secenekler' located by 'By.cssSelector: .nav.navbar-nav.navbar-right li a' in '10' second(s)

2021-11-18 11:38:36 - [MESSAGE][PASSED] - Method.TextDegerineEsitElementeTikla is PASSED

2021-11-18 11:38:36 - [TEST_STEP][PASSED] - verifyElementNotPresent(findTestObject("Object Repository/Kullanici_Islemleri/Secenekler"), 10): Web element with id: 'Object Repository/Kullanici_Islemleri/Secenekler' located by 'By.cssSelector: .nav.navbar-nav.navbar-right li a' is not present after '10' second(s)

2021-11-18 11:38:36 - [MESSAGE][INFO] - Finding Test Object 'Object Repository/Kullanici_Islemleri/Secenekler'

2021-11-18 11:38:36 - [MESSAGE][INFO] - Checking object

2021-11-18 11:38:36 - [MESSAGE][INFO] - Checking timeout

2021-11-18 11:38:36 - [MESSAGE][INFO] - Finding web element with id: 'Object Repository/Kullanici_Islemleri/Secenekler' located by 'By.cssSelector: .nav.navbar-nav.navbar-right li a' in '10' second(s)

2021-11-18 11:38:36 - [MESSAGE][INFO] - Smart Wait Function is triggered

2021-11-18 11:38:37 - [MESSAGE][PASSED] - Web element with id: 'Object Repository/Kullanici_Islemleri/Secenekler' located by 'By.cssSelector: .nav.navbar-nav.navbar-right li a' is not present after '10' second(s)

2021-11-18 11:38:37 - [MESSAGE][PASSED] - Call Test Case 'Test Cases/Kullanici_Islemleri/KullaniciIslemlerindenSecimYapilir' successfully

2021-11-18 11:38:37 - [TEST_CASE][PASSED] - Start Test Case : SCENARIO Irsaliyenin PDFinin gosterilmesi: SCENARIO Irsaliyenin PDFinin gosterilmesi

2021-11-18 11:38:37 - [TEST_STEP][PASSED] - Kullanıcı adı ELOGO6 ve Şifre 123456 olarak giriş yapılır: Kullanıcı adı ELOGO6 ve Şifre 123456 olarak giriş yapılır

2021-11-18 11:38:37 - [MESSAGE][PASSED] - Kullanıcı adı ELOGO6 ve Şifre 123456 olarak giriş yapılır

2021-11-18 11:38:37 - [TEST_STEP][PASSED] - Ana menüden e-İrsaliye seçilir: Ana menüden e-İrsaliye seçilir

2021-11-18 11:38:37 - [MESSAGE][PASSED] - Ana menüden e-İrsaliye seçilir

2021-11-18 11:38:37 - [TEST_STEP][PASSED] - Alt menü Giden Kutusu başlığı altındaki İrsaliyeler seçilir: Alt menü Giden Kutusu başlığı altındaki İrsaliyeler seçilir

2021-11-18 11:38:37 - [MESSAGE][PASSED] - Alt menü Giden Kutusu başlığı altındaki İrsaliyeler seçilir

2021-11-18 11:38:37 - [TEST_STEP][PASSED] - Filtrelerden Oluşturma Tarihi filtresine 01.01.2020 baslangic degerini yaz: Filtrelerden Oluşturma Tarihi filtresine 01.01.2020 baslangic degerini yaz

2021-11-18 11:38:37 - [MESSAGE][PASSED] - Filtrelerden Oluşturma Tarihi filtresine 01.01.2020 baslangic degerini yaz

2021-11-18 11:38:37 - [TEST_STEP][PASSED] - Filtrelerden Oluşturma Tarihi filtresine 31.12.2020 bitis degerini yaz: Filtrelerden Oluşturma Tarihi filtresine 31.12.2020 bitis degerini yaz

2021-11-18 11:38:37 - [MESSAGE][PASSED] - Filtrelerden Oluşturma Tarihi filtresine 31.12.2020 bitis degerini yaz

2021-11-18 11:38:37 - [TEST_STEP][PASSED] - Filtre butonlarından Listele seçilir: Filtre butonlarından Listele seçilir

2021-11-18 11:38:37 - [MESSAGE][PASSED] - Filtre butonlarından Listele seçilir

2021-11-18 11:38:37 - [TEST_STEP][PASSED] - Tabloda veri var mı kontrol edilir: Tabloda veri var mı kontrol edilir

2021-11-18 11:38:37 - [MESSAGE][PASSED] - Tabloda veri var mı kontrol edilir

2021-11-18 11:38:37 - [TEST_STEP][PASSED] - Tablodan TEST isimli veri seçilir: Tablodan TEST isimli veri seçilir

2021-11-18 11:38:37 - [MESSAGE][PASSED] - Tablodan TEST isimli veri seçilir

2021-11-18 11:38:37 - [TEST_STEP][PASSED] - Butonlardan PDF isimli butona tıklanır: Butonlardan PDF isimli butona tıklanır

2021-11-18 11:38:37 - [MESSAGE][PASSED] - Butonlardan PDF isimli butona tıklanır

2021-11-18 11:38:37 - [TEST_STEP][PASSED] - Alt butonlardan Göster butonuna tıklanır: Alt butonlardan Göster butonuna tıklanır

2021-11-18 11:38:37 - [MESSAGE][PASSED] - Alt butonlardan Göster butonuna tıklanır

2021-11-18 11:38:37 - [TEST_STEP][PASSED] - Yeni açılan sekmeye geçilir: Yeni açılan sekmeye geçilir

2021-11-18 11:38:37 - [MESSAGE][PASSED] - Yeni açılan sekmeye geçilir

2021-11-18 11:38:37 - [TEST_STEP][PASSED] - PDF açıldı mı: PDF açıldı mı

2021-11-18 11:38:37 - [MESSAGE][PASSED] - PDF açıldı mı

2021-11-18 11:38:37 - [TEST_STEP][PASSED] - Ana sekmeye geçilir: Ana sekmeye geçilir

2021-11-18 11:38:37 - [MESSAGE][PASSED] - Ana sekmeye geçilir

2021-11-18 11:38:37 - [TEST_STEP][PASSED] - Butonlardan PDF isimli butona tıklanır: Butonlardan PDF isimli butona tıklanır

2021-11-18 11:38:37 - [MESSAGE][PASSED] - Butonlardan PDF isimli butona tıklanır

2021-11-18 11:38:37 - [TEST_STEP][PASSED] - Alt butonlardan İndir butonuna tıklanır: Alt butonlardan İndir butonuna tıklanır

2021-11-18 11:38:37 - [MESSAGE][PASSED] - Alt butonlardan İndir butonuna tıklanır

2021-11-18 11:38:37 - [TEST_STEP][PASSED] - Ön eki Invoice olan dosya indirildi mi: Ön eki Invoice olan dosya indirildi mi

2021-11-18 11:38:37 - [MESSAGE][PASSED] - Ön eki Invoice olan dosya indirildi mi

2021-11-18 11:38:37 - [TEST_STEP][PASSED] - Kullanıcı işlemlerinden Çıkış seçilir: Kullanıcı işlemlerinden Çıkış seçilir

2021-11-18 11:38:37 - [MESSAGE][PASSED] - Kullanıcı işlemlerinden Çıkış seçilir

2021-11-18 11:38:37 - [MESSAGE][PASSED] - Feature file: 'Include/features/e-Irsaliye/Giden Kutusu/Irsaliyeler/PDF Goster-Indir.feature' was passed

2021-11-18 11:38:37 - [TEST_STEP][PASSED] - Start listener action : sampleAfterTestSuite: Invoke 'com.kms.katalon.core.annotation.AfterTestCase' method: 'Listener.sampleAfterTestSuite(...)' completed.

2021-11-18 11:38:37 - [MESSAGE][INFO] - Starting invoke 'com.kms.katalon.core.annotation.AfterTestCase' method: 'Listener.sampleAfterTestSuite(...)'

2021-11-18 11:38:37 - [TEST_STEP][PASSED] - closeBrowser(): Invoke 'com.kms.katalon.core.annotation.AfterTestCase' method: 'Listener.sampleAfterTestSuite(...)' completed.

2021-11-18 11:38:37 - [MESSAGE][INFO] - Closing browser

2021-11-18 11:38:37 - [MESSAGE][PASSED] - Browser is closed

2021-11-18 11:38:37 - [MESSAGE][INFO] - Invoke 'com.kms.katalon.core.annotation.AfterTestCase' method: 'Listener.sampleAfterTestSuite(...)' completed.]]></system-out>
         <system-err><![CDATA[]]></system-err>
      </testcase>
      <testcase name="Test Cases/Case Repository/e-Irsaliye/Giden Kutusu/Irsaliyeler/Varsayilan Ile Goster" time="39.594" classname="Test Cases/Case Repository/e-Irsaliye/Giden Kutusu/Irsaliyeler/Varsayilan Ile Goster" status="PASSED">
         <system-out><![CDATA[2021-11-18 11:38:37 - [TEST_CASE][PASSED] - Test Cases/Case Repository/e-Irsaliye/Giden Kutusu/Irsaliyeler/Varsayilan Ile Goster: Test Cases/Case Repository/e-Irsaliye/Giden Kutusu/Irsaliyeler/Varsayilan Ile Goster

2021-11-18 11:38:37 - [TEST_STEP][PASSED] - Start listener action : sampleBeforeTestSuite: Invoke 'com.kms.katalon.core.annotation.BeforeTestCase' method: 'Listener.sampleBeforeTestSuite(...)' completed.

2021-11-18 11:38:37 - [MESSAGE][INFO] - Starting invoke 'com.kms.katalon.core.annotation.BeforeTestCase' method: 'Listener.sampleBeforeTestSuite(...)'

2021-11-18 11:38:37 - [TEST_STEP][PASSED] - openBrowser(baseUrl): Browser is opened with url: 'https://efatura-stage.elogo.com.tr/'

2021-11-18 11:38:37 - [MESSAGE][INFO] - Opening browser

2021-11-18 11:38:37 - [MESSAGE][INFO] - Starting 'Chrome' driver

2021-11-18 11:38:37 - [MESSAGE][INFO] - User set preference: ['prefs', '{download.default_directory=C:\otomasyondownfiles}']

2021-11-18 11:38:37 - [MESSAGE][INFO] - Action delay is set to 0 milliseconds

2021-11-18 11:38:39 - [MESSAGE][INFO] - Navigating browser to: 'https://efatura-stage.elogo.com.tr/'

2021-11-18 11:38:42 - [MESSAGE][PASSED] - Browser is opened with url: 'https://efatura-stage.elogo.com.tr/'

2021-11-18 11:38:42 - [TEST_STEP][PASSED] - maximizeWindow(): Invoke 'com.kms.katalon.core.annotation.BeforeTestCase' method: 'Listener.sampleBeforeTestSuite(...)' completed.

2021-11-18 11:38:42 - [MESSAGE][INFO] - Maximizing current window

2021-11-18 11:38:42 - [MESSAGE][PASSED] - Current window maximized

2021-11-18 11:38:42 - [MESSAGE][INFO] - Invoke 'com.kms.katalon.core.annotation.BeforeTestCase' method: 'Listener.sampleBeforeTestSuite(...)' completed.

2021-11-18 11:38:43 - [TEST_STEP][PASSED] - runFeatureFile("Include/features/e-Irsaliye/Giden Kutusu/Irsaliyeler/Varsayilan Ile Goster.feature"): Feature file: 'Include/features/e-Irsaliye/Giden Kutusu/Irsaliyeler/Varsayilan Ile Goster.feature' was passed

2021-11-18 11:38:43 - [MESSAGE][INFO] - Starting run keyword runFeatureFile: 'Include/features/e-Irsaliye/Giden Kutusu/Irsaliyeler/Varsayilan Ile Goster.feature' and extract report to folder: 'C:\Users\DELL\Documents\GitHub\EES_KatalonLogo\Reports\20211118_110909\Suite Repository\e-Irsaliye\20211118_110920/cucumber_report/1637224723249'...

2021-11-18 11:38:43 - [MESSAGE][INFO] - Glue: []

2021-11-18 11:38:45 - [MESSAGE][INFO] - Checking called Test Case

2021-11-18 11:38:45 - [MESSAGE][INFO] - Starting to call Test Case 'Test Cases/Sayfalar/Giris_Sayfasi/Login'

2021-11-18 11:38:45 - [TEST_CASE][PASSED] - Test Cases/Sayfalar/Giris_Sayfasi/Login: Test Cases/Sayfalar/Giris_Sayfasi/Login

2021-11-18 11:38:45 - [TEST_STEP][PASSED] - Sayfa_Basligi = getWindowTitle(): Current window's title is: 'LOGO e-Fatura'

2021-11-18 11:38:45 - [MESSAGE][INFO] - Getting current window's title

2021-11-18 11:38:45 - [MESSAGE][PASSED] - Current window's title is: 'LOGO e-Fatura'

2021-11-18 11:38:45 - [TEST_STEP][PASSED] - verifyMatch(Sayfa_Basligi, "LOGO e-Fatura", false): Actual text 'LOGO e-Fatura' and expected text 'LOGO e-Fatura' are matched 

2021-11-18 11:38:45 - [MESSAGE][INFO] - Matching actual text 'LOGO e-Fatura' with expected text 'LOGO e-Fatura'

2021-11-18 11:38:45 - [MESSAGE][PASSED] - Actual text 'LOGO e-Fatura' and expected text 'LOGO e-Fatura' are matched 

2021-11-18 11:38:45 - [TEST_STEP][PASSED] - sendKeys(findTestObject("Sayfalar/Giris_Sayfasi/Firma_Kodu"), KullaniciAdi): Keys 'ELOGO6' sent to object: 'Object Repository/Sayfalar/Giris_Sayfasi/Firma_Kodu'

2021-11-18 11:38:45 - [MESSAGE][INFO] - Finding Test Object 'Object Repository/Sayfalar/Giris_Sayfasi/Firma_Kodu'

2021-11-18 11:38:45 - [MESSAGE][INFO] - Sending keys 'ELOGO6' to object: 'Object Repository/Sayfalar/Giris_Sayfasi/Firma_Kodu'

2021-11-18 11:38:45 - [MESSAGE][INFO] - Finding web element from Test Object's properties

2021-11-18 11:38:45 - [MESSAGE][INFO] - Checking timeout

2021-11-18 11:38:45 - [MESSAGE][INFO] - Finding web element with id: 'Object Repository/Sayfalar/Giris_Sayfasi/Firma_Kodu' located by 'By.xpath: //*[@id = 'AccountName']' in '30' second(s)

2021-11-18 11:38:45 - [MESSAGE][INFO] - Smart Wait Function is triggered

2021-11-18 11:38:45 - [MESSAGE][INFO] - Found 1 web elements with id: 'Object Repository/Sayfalar/Giris_Sayfasi/Firma_Kodu' located by 'By.xpath: //*[@id = 'AccountName']' in '30' second(s)

2021-11-18 11:38:45 - [MESSAGE][PASSED] - Keys 'ELOGO6' sent to object: 'Object Repository/Sayfalar/Giris_Sayfasi/Firma_Kodu'

2021-11-18 11:38:45 - [TEST_STEP][PASSED] - sendKeys(findTestObject("Sayfalar/Giris_Sayfasi/Sifre"), Sifre): Keys '123456' sent to object: 'Object Repository/Sayfalar/Giris_Sayfasi/Sifre'

2021-11-18 11:38:45 - [MESSAGE][INFO] - Finding Test Object 'Object Repository/Sayfalar/Giris_Sayfasi/Sifre'

2021-11-18 11:38:45 - [MESSAGE][INFO] - Sending keys '123456' to object: 'Object Repository/Sayfalar/Giris_Sayfasi/Sifre'

2021-11-18 11:38:45 - [MESSAGE][INFO] - Finding web element from Test Object's properties

2021-11-18 11:38:45 - [MESSAGE][INFO] - Checking timeout

2021-11-18 11:38:45 - [MESSAGE][INFO] - Finding web element with id: 'Object Repository/Sayfalar/Giris_Sayfasi/Sifre' located by 'By.xpath: //*[@id = 'Password']' in '30' second(s)

2021-11-18 11:38:45 - [MESSAGE][INFO] - Smart Wait Function is triggered

2021-11-18 11:38:46 - [MESSAGE][INFO] - Found 1 web elements with id: 'Object Repository/Sayfalar/Giris_Sayfasi/Sifre' located by 'By.xpath: //*[@id = 'Password']' in '30' second(s)

2021-11-18 11:38:46 - [MESSAGE][PASSED] - Keys '123456' sent to object: 'Object Repository/Sayfalar/Giris_Sayfasi/Sifre'

2021-11-18 11:38:46 - [TEST_STEP][PASSED] - findWebElement(findTestObject("Sayfalar/Giris_Sayfasi/Giris_Butonu")).click(): Found 1 web elements with id: 'Object Repository/Sayfalar/Giris_Sayfasi/Giris_Butonu' located by 'By.cssSelector: #btnLogin' in '30' second(s)

2021-11-18 11:38:46 - [MESSAGE][INFO] - Finding Test Object 'Object Repository/Sayfalar/Giris_Sayfasi/Giris_Butonu'

2021-11-18 11:38:46 - [MESSAGE][INFO] - Finding web element from Test Object's properties

2021-11-18 11:38:46 - [MESSAGE][INFO] - Checking timeout

2021-11-18 11:38:46 - [MESSAGE][INFO] - Finding web element with id: 'Object Repository/Sayfalar/Giris_Sayfasi/Giris_Butonu' located by 'By.cssSelector: #btnLogin' in '30' second(s)

2021-11-18 11:38:46 - [MESSAGE][INFO] - Smart Wait Function is triggered

2021-11-18 11:38:46 - [MESSAGE][INFO] - Found 1 web elements with id: 'Object Repository/Sayfalar/Giris_Sayfasi/Giris_Butonu' located by 'By.cssSelector: #btnLogin' in '30' second(s)

2021-11-18 11:38:49 - [TEST_STEP][PASSED] - if (verifyElementPresent(findTestObject("Object Repository/Sayfalar/Giris_Sayfasi/RetveTamam_Butonu"), 5, OPTIONAL)): null

2021-11-18 11:38:49 - [MESSAGE][INFO] - Finding Test Object 'Object Repository/Sayfalar/Giris_Sayfasi/RetveTamam_Butonu'

2021-11-18 11:38:49 - [MESSAGE][INFO] - Checking object

2021-11-18 11:38:49 - [MESSAGE][INFO] - Finding web element from Test Object's properties

2021-11-18 11:38:49 - [MESSAGE][INFO] - Checking timeout

2021-11-18 11:38:49 - [MESSAGE][INFO] - Finding web element with id: 'Object Repository/Sayfalar/Giris_Sayfasi/RetveTamam_Butonu' located by 'By.xpath: //*[@class = 'btn btn-default']' in '5' second(s)

2021-11-18 11:38:49 - [MESSAGE][INFO] - Smart Wait Function is triggered

2021-11-18 11:38:49 - [MESSAGE][INFO] - Found 1 web elements with id: 'Object Repository/Sayfalar/Giris_Sayfasi/RetveTamam_Butonu' located by 'By.xpath: //*[@class = 'btn btn-default']' in '5' second(s)

2021-11-18 11:38:49 - [MESSAGE][PASSED] - Object 'Object Repository/Sayfalar/Giris_Sayfasi/RetveTamam_Butonu' is present

2021-11-18 11:38:49 - [TEST_STEP][PASSED] - click(findTestObject("Object Repository/Sayfalar/Giris_Sayfasi/RetveTamam_Butonu")): Object: 'Object Repository/Sayfalar/Giris_Sayfasi/RetveTamam_Butonu' is clicked on

2021-11-18 11:38:49 - [MESSAGE][INFO] - Finding Test Object 'Object Repository/Sayfalar/Giris_Sayfasi/RetveTamam_Butonu'

2021-11-18 11:38:49 - [MESSAGE][INFO] - Checking object

2021-11-18 11:38:49 - [MESSAGE][INFO] - Finding web element from Test Object's properties

2021-11-18 11:38:49 - [MESSAGE][INFO] - Checking timeout

2021-11-18 11:38:49 - [MESSAGE][INFO] - Finding web element with id: 'Object Repository/Sayfalar/Giris_Sayfasi/RetveTamam_Butonu' located by 'By.xpath: //*[@class = 'btn btn-default']' in '30' second(s)

2021-11-18 11:38:49 - [MESSAGE][INFO] - Smart Wait Function is triggered

2021-11-18 11:38:50 - [MESSAGE][INFO] - Found 1 web elements with id: 'Object Repository/Sayfalar/Giris_Sayfasi/RetveTamam_Butonu' located by 'By.xpath: //*[@class = 'btn btn-default']' in '30' second(s)

2021-11-18 11:38:50 - [MESSAGE][INFO] - Clicking on object: 'Object Repository/Sayfalar/Giris_Sayfasi/RetveTamam_Butonu'

2021-11-18 11:38:50 - [MESSAGE][PASSED] - Object: 'Object Repository/Sayfalar/Giris_Sayfasi/RetveTamam_Butonu' is clicked on

2021-11-18 11:38:50 - [TEST_STEP][PASSED] - click(findTestObject("Object Repository/Sayfalar/Giris_Sayfasi/RetveTamam_Butonu")): Object: 'Object Repository/Sayfalar/Giris_Sayfasi/RetveTamam_Butonu' is clicked on

2021-11-18 11:38:50 - [MESSAGE][INFO] - Finding Test Object 'Object Repository/Sayfalar/Giris_Sayfasi/RetveTamam_Butonu'

2021-11-18 11:38:50 - [MESSAGE][INFO] - Checking object

2021-11-18 11:38:50 - [MESSAGE][INFO] - Finding web element from Test Object's properties

2021-11-18 11:38:50 - [MESSAGE][INFO] - Checking timeout

2021-11-18 11:38:50 - [MESSAGE][INFO] - Finding web element with id: 'Object Repository/Sayfalar/Giris_Sayfasi/RetveTamam_Butonu' located by 'By.xpath: //*[@class = 'btn btn-default']' in '30' second(s)

2021-11-18 11:38:50 - [MESSAGE][INFO] - Smart Wait Function is triggered

2021-11-18 11:38:55 - [MESSAGE][INFO] - Found 1 web elements with id: 'Object Repository/Sayfalar/Giris_Sayfasi/RetveTamam_Butonu' located by 'By.xpath: //*[@class = 'btn btn-default']' in '30' second(s)

2021-11-18 11:38:55 - [MESSAGE][INFO] - Clicking on object: 'Object Repository/Sayfalar/Giris_Sayfasi/RetveTamam_Butonu'

2021-11-18 11:38:55 - [MESSAGE][PASSED] - Object: 'Object Repository/Sayfalar/Giris_Sayfasi/RetveTamam_Butonu' is clicked on

2021-11-18 11:38:55 - [TEST_STEP][PASSED] - if (verifyElementPresent(findTestObject("Sayfalar/Giris_Sayfasi/PopupOK"), 5, OPTIONAL)): null

2021-11-18 11:38:55 - [MESSAGE][INFO] - Finding Test Object 'Object Repository/Sayfalar/Giris_Sayfasi/PopupOK'

2021-11-18 11:38:55 - [MESSAGE][INFO] - Checking object

2021-11-18 11:38:55 - [MESSAGE][INFO] - Finding web element from Test Object's properties

2021-11-18 11:38:55 - [MESSAGE][INFO] - Checking timeout

2021-11-18 11:38:55 - [MESSAGE][INFO] - Finding web element with id: 'Object Repository/Sayfalar/Giris_Sayfasi/PopupOK' located by 'By.cssSelector: .btn.btn-success' in '5' second(s)

2021-11-18 11:38:55 - [MESSAGE][INFO] - Smart Wait Function is triggered

2021-11-18 11:38:56 - [MESSAGE][INFO] - Found 1 web elements with id: 'Object Repository/Sayfalar/Giris_Sayfasi/PopupOK' located by 'By.cssSelector: .btn.btn-success' in '5' second(s)

2021-11-18 11:38:56 - [MESSAGE][PASSED] - Object 'Object Repository/Sayfalar/Giris_Sayfasi/PopupOK' is present

2021-11-18 11:38:56 - [TEST_STEP][PASSED] - click(findTestObject("Object Repository/Sayfalar/Giris_Sayfasi/PopupCarpiGiris")): Object: 'Object Repository/Sayfalar/Giris_Sayfasi/PopupCarpiGiris' is clicked on

2021-11-18 11:38:56 - [MESSAGE][INFO] - Finding Test Object 'Object Repository/Sayfalar/Giris_Sayfasi/PopupCarpiGiris'

2021-11-18 11:38:56 - [MESSAGE][INFO] - Checking object

2021-11-18 11:38:56 - [MESSAGE][INFO] - Finding web element from Test Object's properties

2021-11-18 11:38:56 - [MESSAGE][INFO] - Checking timeout

2021-11-18 11:38:56 - [MESSAGE][INFO] - Finding web element with id: 'Object Repository/Sayfalar/Giris_Sayfasi/PopupCarpiGiris' located by 'By.cssSelector: .bootbox-close-button.close' in '30' second(s)

2021-11-18 11:38:56 - [MESSAGE][INFO] - Smart Wait Function is triggered

2021-11-18 11:38:57 - [MESSAGE][INFO] - Found 1 web elements with id: 'Object Repository/Sayfalar/Giris_Sayfasi/PopupCarpiGiris' located by 'By.cssSelector: .bootbox-close-button.close' in '30' second(s)

2021-11-18 11:38:57 - [MESSAGE][INFO] - Clicking on object: 'Object Repository/Sayfalar/Giris_Sayfasi/PopupCarpiGiris'

2021-11-18 11:38:57 - [MESSAGE][PASSED] - Object: 'Object Repository/Sayfalar/Giris_Sayfasi/PopupCarpiGiris' is clicked on

2021-11-18 11:38:57 - [TEST_STEP][PASSED] - verifyElementVisible(findTestObject("Object Repository/Kullanici_Islemleri/KullaniciIslemleri")): Object 'Object Repository/Kullanici_Islemleri/KullaniciIslemleri' is visible

2021-11-18 11:38:57 - [MESSAGE][INFO] - Finding Test Object 'Object Repository/Kullanici_Islemleri/KullaniciIslemleri'

2021-11-18 11:38:57 - [MESSAGE][INFO] - Checking object

2021-11-18 11:38:57 - [MESSAGE][INFO] - Finding web element from Test Object's properties

2021-11-18 11:38:57 - [MESSAGE][INFO] - Checking timeout

2021-11-18 11:38:57 - [MESSAGE][INFO] - Finding web element with id: 'Object Repository/Kullanici_Islemleri/KullaniciIslemleri' located by 'By.cssSelector: .dropdown>a>img' in '30' second(s)

2021-11-18 11:38:57 - [MESSAGE][INFO] - Smart Wait Function is triggered

2021-11-18 11:38:58 - [MESSAGE][INFO] - Found 1 web elements with id: 'Object Repository/Kullanici_Islemleri/KullaniciIslemleri' located by 'By.cssSelector: .dropdown>a>img' in '30' second(s)

2021-11-18 11:38:58 - [MESSAGE][PASSED] - Object 'Object Repository/Kullanici_Islemleri/KullaniciIslemleri' is visible

2021-11-18 11:38:58 - [MESSAGE][PASSED] - Call Test Case 'Test Cases/Sayfalar/Giris_Sayfasi/Login' successfully

2021-11-18 11:38:58 - [MESSAGE][INFO] - Checking called Test Case

2021-11-18 11:38:58 - [MESSAGE][INFO] - Starting to call Test Case 'Test Cases/Menu/AnaMenuSecimi'

2021-11-18 11:38:58 - [TEST_CASE][PASSED] - Test Cases/Menu/AnaMenuSecimi: Test Cases/Menu/AnaMenuSecimi

2021-11-18 11:38:58 - [TEST_STEP][PASSED] - Method.TextDegerineEsitElementeTikla(findTestObject("Menu/Ana_Menu"), Ana_Menu): Method.TextDegerineEsitElementeTikla is PASSED

2021-11-18 11:38:58 - [MESSAGE][INFO] - Finding Test Object 'Object Repository/Menu/Ana_Menu'

2021-11-18 11:38:58 - [MESSAGE][INFO] - Checking timeout

2021-11-18 11:38:58 - [MESSAGE][INFO] - Finding web element with id: 'Object Repository/Menu/Ana_Menu' located by 'By.xpath: //*[@class = 'dropdown-toggle']' in '10' second(s)

2021-11-18 11:38:58 - [MESSAGE][INFO] - Smart Wait Function is triggered

2021-11-18 11:38:58 - [MESSAGE][INFO] - Found 14 web elements with id: 'Object Repository/Menu/Ana_Menu' located by 'By.xpath: //*[@class = 'dropdown-toggle']' in '10' second(s)

2021-11-18 11:38:58 - [MESSAGE][PASSED] - Method.TextDegerineEsitElementeTikla is PASSED

2021-11-18 11:38:58 - [MESSAGE][PASSED] - Call Test Case 'Test Cases/Menu/AnaMenuSecimi' successfully

2021-11-18 11:38:58 - [MESSAGE][INFO] - Checking called Test Case

2021-11-18 11:38:58 - [MESSAGE][INFO] - Starting to call Test Case 'Test Cases/Menu/BasligaGoreAltMenuSecimi'

2021-11-18 11:38:58 - [TEST_CASE][PASSED] - Test Cases/Menu/BasligaGoreAltMenuSecimi: Test Cases/Menu/BasligaGoreAltMenuSecimi

2021-11-18 11:38:58 - [TEST_STEP][PASSED] - Method.TextDegerineEsitElementinAltindakiTextDegerineEsitOlanaTikla(findTestObject("Menu/Menu_Basligi"), findTestObject("Menu/Basliga_Gore_Alt_Menu"), Baslik, Alt_Menu): Method.TextDegerineEsitElementinAltindakiTextDegerineEsitOlanaTikla is PASSED

2021-11-18 11:38:58 - [MESSAGE][INFO] - Finding Test Object 'Object Repository/Menu/Menu_Basligi'

2021-11-18 11:38:58 - [MESSAGE][INFO] - Finding Test Object 'Object Repository/Menu/Basliga_Gore_Alt_Menu'

2021-11-18 11:38:59 - [MESSAGE][INFO] - Checking timeout

2021-11-18 11:38:59 - [MESSAGE][INFO] - Finding web element with id: 'Object Repository/Menu/Menu_Basligi' located by 'By.xpath: //li[@class='dropdown dropdown-large open']//li[@class='dropdown-header']' in '10' second(s)

2021-11-18 11:38:59 - [MESSAGE][INFO] - Smart Wait Function is triggered

2021-11-18 11:38:59 - [MESSAGE][INFO] - Found 3 web elements with id: 'Object Repository/Menu/Menu_Basligi' located by 'By.xpath: //li[@class='dropdown dropdown-large open']//li[@class='dropdown-header']' in '10' second(s)

2021-11-18 11:38:59 - [MESSAGE][INFO] - Smart Wait Function is triggered

2021-11-18 11:39:01 - [MESSAGE][PASSED] - Method.TextDegerineEsitElementinAltindakiTextDegerineEsitOlanaTikla is PASSED

2021-11-18 11:39:01 - [MESSAGE][PASSED] - Call Test Case 'Test Cases/Menu/BasligaGoreAltMenuSecimi' successfully

2021-11-18 11:39:01 - [MESSAGE][INFO] - Checking called Test Case

2021-11-18 11:39:01 - [MESSAGE][INFO] - Starting to call Test Case 'Test Cases/Filtreler/BaslangicYaz'

2021-11-18 11:39:01 - [TEST_CASE][PASSED] - Test Cases/Filtreler/BaslangicYaz: Test Cases/Filtreler/BaslangicYaz

2021-11-18 11:39:01 - [TEST_STEP][PASSED] - delay(3): Delayed 3 second(s)

2021-11-18 11:39:01 - [MESSAGE][INFO] - Delaying browser in 3 second(s)

2021-11-18 11:39:04 - [MESSAGE][PASSED] - Delayed 3 second(s)

2021-11-18 11:39:04 - [TEST_STEP][PASSED] - Method.TextDegerineEsitElementinAltindakineTikla(findTestObject("Filtreler/Basliklar"), findTestObject("Filtreler/Basliga_Gore_Baslangic_Image"), Filtre_Adi): Method.TextDegerineEsitElementinAltindakineTikla is PASSED

2021-11-18 11:39:04 - [MESSAGE][INFO] - Finding Test Object 'Object Repository/Filtreler/Basliklar'

2021-11-18 11:39:04 - [MESSAGE][INFO] - Finding Test Object 'Object Repository/Filtreler/Basliga_Gore_Baslangic_Image'

2021-11-18 11:39:05 - [MESSAGE][INFO] - Checking timeout

2021-11-18 11:39:05 - [MESSAGE][INFO] - Finding web element with id: 'Object Repository/Filtreler/Basliklar' located by 'By.cssSelector: .control-label.col-sm-4.paddingMarginRLC' in '10' second(s)

2021-11-18 11:39:05 - [MESSAGE][INFO] - Smart Wait Function is triggered

2021-11-18 11:39:05 - [MESSAGE][INFO] - Found 18 web elements with id: 'Object Repository/Filtreler/Basliklar' located by 'By.cssSelector: .control-label.col-sm-4.paddingMarginRLC' in '10' second(s)

2021-11-18 11:39:05 - [MESSAGE][INFO] - Smart Wait Function is triggered

2021-11-18 11:39:05 - [MESSAGE][PASSED] - Method.TextDegerineEsitElementinAltindakineTikla is PASSED

2021-11-18 11:39:05 - [TEST_STEP][PASSED] - Method.TextDegerineEsitElementinAltindakiTextboxtaYaz(findTestObject("Filtreler/Basliklar"), findTestObject("Filtreler/Basliga_Gore_Baslangic"), Filtre_Adi, Filtre_Degeri): Method.TextDegerineEsitElementinAltindakiTextboxtaYaz is PASSED

2021-11-18 11:39:05 - [MESSAGE][INFO] - Finding Test Object 'Object Repository/Filtreler/Basliklar'

2021-11-18 11:39:05 - [MESSAGE][INFO] - Finding Test Object 'Object Repository/Filtreler/Basliga_Gore_Baslangic'

2021-11-18 11:39:05 - [MESSAGE][INFO] - Checking timeout

2021-11-18 11:39:05 - [MESSAGE][INFO] - Finding web element with id: 'Object Repository/Filtreler/Basliklar' located by 'By.cssSelector: .control-label.col-sm-4.paddingMarginRLC' in '10' second(s)

2021-11-18 11:39:05 - [MESSAGE][INFO] - Smart Wait Function is triggered

2021-11-18 11:39:06 - [MESSAGE][INFO] - Found 18 web elements with id: 'Object Repository/Filtreler/Basliklar' located by 'By.cssSelector: .control-label.col-sm-4.paddingMarginRLC' in '10' second(s)

2021-11-18 11:39:06 - [MESSAGE][INFO] - Smart Wait Function is triggered

2021-11-18 11:39:06 - [MESSAGE][PASSED] - Method.TextDegerineEsitElementinAltindakiTextboxtaYaz is PASSED

2021-11-18 11:39:06 - [MESSAGE][PASSED] - Call Test Case 'Test Cases/Filtreler/BaslangicYaz' successfully

2021-11-18 11:39:06 - [MESSAGE][INFO] - Checking called Test Case

2021-11-18 11:39:06 - [MESSAGE][INFO] - Starting to call Test Case 'Test Cases/Filtreler/BitisYaz'

2021-11-18 11:39:06 - [TEST_CASE][PASSED] - Test Cases/Filtreler/BitisYaz: Test Cases/Filtreler/BitisYaz

2021-11-18 11:39:06 - [TEST_STEP][PASSED] - Method.TextDegerineEsitElementinAltindakineTikla(findTestObject("Filtreler/Basliklar"), findTestObject("Filtreler/Basliga_Gore_Bitis_Image"), Filtre_Adi): Method.TextDegerineEsitElementinAltindakineTikla is PASSED

2021-11-18 11:39:06 - [MESSAGE][INFO] - Finding Test Object 'Object Repository/Filtreler/Basliklar'

2021-11-18 11:39:06 - [MESSAGE][INFO] - Finding Test Object 'Object Repository/Filtreler/Basliga_Gore_Bitis_Image'

2021-11-18 11:39:06 - [MESSAGE][INFO] - Checking timeout

2021-11-18 11:39:06 - [MESSAGE][INFO] - Finding web element with id: 'Object Repository/Filtreler/Basliklar' located by 'By.cssSelector: .control-label.col-sm-4.paddingMarginRLC' in '10' second(s)

2021-11-18 11:39:06 - [MESSAGE][INFO] - Smart Wait Function is triggered

2021-11-18 11:39:07 - [MESSAGE][INFO] - Found 18 web elements with id: 'Object Repository/Filtreler/Basliklar' located by 'By.cssSelector: .control-label.col-sm-4.paddingMarginRLC' in '10' second(s)

2021-11-18 11:39:07 - [MESSAGE][INFO] - Smart Wait Function is triggered

2021-11-18 11:39:07 - [MESSAGE][PASSED] - Method.TextDegerineEsitElementinAltindakineTikla is PASSED

2021-11-18 11:39:07 - [TEST_STEP][PASSED] - Method.TextDegerineEsitElementinAltindakiTextboxtaYaz(findTestObject("Filtreler/Basliklar"), findTestObject("Object Repository/Filtreler/Basliga_Gore_Bitis"), Filtre_Adi, Filtre_Degeri): Method.TextDegerineEsitElementinAltindakiTextboxtaYaz is PASSED

2021-11-18 11:39:07 - [MESSAGE][INFO] - Finding Test Object 'Object Repository/Filtreler/Basliklar'

2021-11-18 11:39:07 - [MESSAGE][INFO] - Finding Test Object 'Object Repository/Filtreler/Basliga_Gore_Bitis'

2021-11-18 11:39:07 - [MESSAGE][INFO] - Checking timeout

2021-11-18 11:39:07 - [MESSAGE][INFO] - Finding web element with id: 'Object Repository/Filtreler/Basliklar' located by 'By.cssSelector: .control-label.col-sm-4.paddingMarginRLC' in '10' second(s)

2021-11-18 11:39:07 - [MESSAGE][INFO] - Smart Wait Function is triggered

2021-11-18 11:39:08 - [MESSAGE][INFO] - Found 18 web elements with id: 'Object Repository/Filtreler/Basliklar' located by 'By.cssSelector: .control-label.col-sm-4.paddingMarginRLC' in '10' second(s)

2021-11-18 11:39:08 - [MESSAGE][INFO] - Smart Wait Function is triggered

2021-11-18 11:39:08 - [MESSAGE][PASSED] - Method.TextDegerineEsitElementinAltindakiTextboxtaYaz is PASSED

2021-11-18 11:39:08 - [MESSAGE][PASSED] - Call Test Case 'Test Cases/Filtreler/BitisYaz' successfully

2021-11-18 11:39:08 - [MESSAGE][INFO] - Checking called Test Case

2021-11-18 11:39:08 - [MESSAGE][INFO] - Starting to call Test Case 'Test Cases/Filtreler/ButonaTikla'

2021-11-18 11:39:08 - [TEST_CASE][PASSED] - Test Cases/Filtreler/ButonaTikla: Test Cases/Filtreler/ButonaTikla

2021-11-18 11:39:08 - [TEST_STEP][PASSED] - Method.TextDegerineEsitElementeTikla(findTestObject("Filtreler/Butonlar"), Filtre_Buton): Method.TextDegerineEsitElementeTikla is PASSED

2021-11-18 11:39:08 - [MESSAGE][INFO] - Finding Test Object 'Object Repository/Filtreler/Butonlar'

2021-11-18 11:39:08 - [MESSAGE][INFO] - Checking timeout

2021-11-18 11:39:08 - [MESSAGE][INFO] - Finding web element with id: 'Object Repository/Filtreler/Butonlar' located by 'By.cssSelector: .dxb>span' in '10' second(s)

2021-11-18 11:39:08 - [MESSAGE][INFO] - Smart Wait Function is triggered

2021-11-18 11:39:08 - [MESSAGE][INFO] - Found 3 web elements with id: 'Object Repository/Filtreler/Butonlar' located by 'By.cssSelector: .dxb>span' in '10' second(s)

2021-11-18 11:39:09 - [MESSAGE][PASSED] - Method.TextDegerineEsitElementeTikla is PASSED

2021-11-18 11:39:09 - [MESSAGE][PASSED] - Call Test Case 'Test Cases/Filtreler/ButonaTikla' successfully

2021-11-18 11:39:09 - [MESSAGE][INFO] - Checking called Test Case

2021-11-18 11:39:09 - [MESSAGE][INFO] - Starting to call Test Case 'Test Cases/Tablo/TablodaVeriVarMi'

2021-11-18 11:39:09 - [TEST_CASE][PASSED] - Test Cases/Tablo/TablodaVeriVarMi: Test Cases/Tablo/TablodaVeriVarMi

2021-11-18 11:39:09 - [TEST_STEP][PASSED] - verifyTextNotPresent("Görüntülenecek veri yok", true): Text 'Görüntülenecek veri yok' is not present on page using regular expression

2021-11-18 11:39:09 - [MESSAGE][INFO] - Checking text present  using regular expression

2021-11-18 11:39:09 - [MESSAGE][INFO] - Smart Wait Function is triggered

2021-11-18 11:39:10 - [MESSAGE][INFO] - Finding text 'Görüntülenecek veri yok' on page  using regular expression

2021-11-18 11:39:10 - [MESSAGE][PASSED] - Text 'Görüntülenecek veri yok' is not present on page using regular expression

2021-11-18 11:39:10 - [MESSAGE][PASSED] - Call Test Case 'Test Cases/Tablo/TablodaVeriVarMi' successfully

2021-11-18 11:39:10 - [MESSAGE][INFO] - Checking called Test Case

2021-11-18 11:39:10 - [MESSAGE][INFO] - Starting to call Test Case 'Test Cases/Tablo/TablodanVeriSec'

2021-11-18 11:39:10 - [TEST_CASE][PASSED] - Test Cases/Tablo/TablodanVeriSec: Test Cases/Tablo/TablodanVeriSec

2021-11-18 11:39:10 - [TEST_STEP][PASSED] - Method.TextDegerineEsitElementinAltindakineTikla(findTestObject("Tablo/Veriler"), findTestObject("Tablo/VerininCheckBoxi"), Veri_Adi): Method.TextDegerineEsitElementinAltindakineTikla is PASSED

2021-11-18 11:39:10 - [MESSAGE][INFO] - Finding Test Object 'Object Repository/Tablo/Veriler'

2021-11-18 11:39:10 - [MESSAGE][INFO] - Finding Test Object 'Object Repository/Tablo/VerininCheckBoxi'

2021-11-18 11:39:10 - [MESSAGE][INFO] - Checking timeout

2021-11-18 11:39:10 - [MESSAGE][INFO] - Finding web element with id: 'Object Repository/Tablo/Veriler' located by 'By.cssSelector: td.dxgv b ,td.dxgv' in '10' second(s)

2021-11-18 11:39:10 - [MESSAGE][INFO] - Smart Wait Function is triggered

2021-11-18 11:39:10 - [MESSAGE][INFO] - Found 120 web elements with id: 'Object Repository/Tablo/Veriler' located by 'By.cssSelector: td.dxgv b ,td.dxgv' in '10' second(s)

2021-11-18 11:39:10 - [MESSAGE][INFO] - Smart Wait Function is triggered

2021-11-18 11:39:11 - [MESSAGE][PASSED] - Method.TextDegerineEsitElementinAltindakineTikla is PASSED

2021-11-18 11:39:11 - [MESSAGE][PASSED] - Call Test Case 'Test Cases/Tablo/TablodanVeriSec' successfully

2021-11-18 11:39:11 - [MESSAGE][INFO] - Checking called Test Case

2021-11-18 11:39:11 - [MESSAGE][INFO] - Starting to call Test Case 'Test Cases/Butonlar/ButonaTikla'

2021-11-18 11:39:11 - [TEST_CASE][PASSED] - Test Cases/Butonlar/ButonaTikla: Test Cases/Butonlar/ButonaTikla

2021-11-18 11:39:11 - [TEST_STEP][PASSED] - Method.TextDegerineEsitElementeTiklaEquals(findTestObject("Butonlar/Butonlar"), Buton_Adi): Method.TextDegerineEsitElementeTiklaEquals is PASSED

2021-11-18 11:39:11 - [MESSAGE][INFO] - Finding Test Object 'Object Repository/Butonlar/Butonlar'

2021-11-18 11:39:11 - [MESSAGE][INFO] - Checking timeout

2021-11-18 11:39:11 - [MESSAGE][INFO] - Finding web element with id: 'Object Repository/Butonlar/Butonlar' located by 'By.cssSelector: .panel.panel-default.text-center.footerPanel .btn,.btn.btn-primary.btnControls' in '10' second(s)

2021-11-18 11:39:11 - [MESSAGE][INFO] - Smart Wait Function is triggered

2021-11-18 11:39:11 - [MESSAGE][INFO] - Found 11 web elements with id: 'Object Repository/Butonlar/Butonlar' located by 'By.cssSelector: .panel.panel-default.text-center.footerPanel .btn,.btn.btn-primary.btnControls' in '10' second(s)

2021-11-18 11:39:12 - [MESSAGE][PASSED] - Method.TextDegerineEsitElementeTiklaEquals is PASSED

2021-11-18 11:39:12 - [MESSAGE][PASSED] - Call Test Case 'Test Cases/Butonlar/ButonaTikla' successfully

2021-11-18 11:39:12 - [MESSAGE][INFO] - Checking called Test Case

2021-11-18 11:39:12 - [MESSAGE][INFO] - Starting to call Test Case 'Test Cases/Sekmeler/YeniSekmeyeGec'

2021-11-18 11:39:12 - [TEST_CASE][PASSED] - Test Cases/Sekmeler/YeniSekmeyeGec: Test Cases/Sekmeler/YeniSekmeyeGec

2021-11-18 11:39:12 - [TEST_STEP][PASSED] - switchToWindowIndex(1): Switched to window with index: '1'

2021-11-18 11:39:12 - [MESSAGE][INFO] - Checking index

2021-11-18 11:39:12 - [MESSAGE][INFO] - Switching window with index: '1'

2021-11-18 11:39:12 - [MESSAGE][PASSED] - Switched to window with index: '1'

2021-11-18 11:39:12 - [MESSAGE][PASSED] - Call Test Case 'Test Cases/Sekmeler/YeniSekmeyeGec' successfully

2021-11-18 11:39:12 - [MESSAGE][INFO] - Checking called Test Case

2021-11-18 11:39:12 - [MESSAGE][INFO] - Starting to call Test Case 'Test Cases/Sekmeler/YeniSekmeBasligindaVarMi'

2021-11-18 11:39:12 - [TEST_CASE][PASSED] - Test Cases/Sekmeler/YeniSekmeBasligindaVarMi: Test Cases/Sekmeler/YeniSekmeBasligindaVarMi

2021-11-18 11:39:12 - [TEST_STEP][PASSED] - verifyElementText(findTestObject("Object Repository/Sekmeler/Olusturma_Goster_Baslik"), Title): Actual text and expected text of test object 'Object Repository/Sekmeler/Olusturma_Goster_Baslik' are matched.

2021-11-18 11:39:12 - [MESSAGE][INFO] - Finding Test Object 'Object Repository/Sekmeler/Olusturma_Goster_Baslik'

2021-11-18 11:39:12 - [MESSAGE][INFO] - Checking object

2021-11-18 11:39:12 - [MESSAGE][INFO] - Finding web element from Test Object's properties

2021-11-18 11:39:12 - [MESSAGE][INFO] - Checking timeout

2021-11-18 11:39:12 - [MESSAGE][INFO] - Finding web element with id: 'Object Repository/Sekmeler/Olusturma_Goster_Baslik' located by 'By.cssSelector: h1>span,td>font,font' in '30' second(s)

2021-11-18 11:39:12 - [MESSAGE][INFO] - Smart Wait Function is triggered

2021-11-18 11:39:12 - [MESSAGE][INFO] - Found 1 web elements with id: 'Object Repository/Sekmeler/Olusturma_Goster_Baslik' located by 'By.cssSelector: h1>span,td>font,font' in '30' second(s)

2021-11-18 11:39:12 - [MESSAGE][PASSED] - Actual text and expected text of test object 'Object Repository/Sekmeler/Olusturma_Goster_Baslik' are matched.

2021-11-18 11:39:12 - [MESSAGE][PASSED] - Call Test Case 'Test Cases/Sekmeler/YeniSekmeBasligindaVarMi' successfully

2021-11-18 11:39:12 - [MESSAGE][INFO] - Checking called Test Case

2021-11-18 11:39:12 - [MESSAGE][INFO] - Starting to call Test Case 'Test Cases/Sekmeler/Ana_Sekmeye_Gec'

2021-11-18 11:39:12 - [TEST_CASE][PASSED] - Test Cases/Sekmeler/Ana_Sekmeye_Gec: Test Cases/Sekmeler/Ana_Sekmeye_Gec

2021-11-18 11:39:12 - [TEST_STEP][PASSED] - try: Window with index 1 is closed

2021-11-18 11:39:12 - [TEST_STEP][PASSED] - index = getWindowIndex(): Current window's index is: 1

2021-11-18 11:39:12 - [MESSAGE][INFO] - Getting current window's index

2021-11-18 11:39:12 - [MESSAGE][PASSED] - Current window's index is: 1

2021-11-18 11:39:12 - [TEST_STEP][PASSED] - closeWindowIndex(index): Window with index 1 is closed

2021-11-18 11:39:12 - [MESSAGE][INFO] - Checking index

2021-11-18 11:39:12 - [MESSAGE][INFO] - Closing window with index 1

2021-11-18 11:39:13 - [MESSAGE][PASSED] - Window with index 1 is closed

2021-11-18 11:39:13 - [TEST_STEP][PASSED] - switchToWindowIndex(0): Switched to window with index: '0'

2021-11-18 11:39:13 - [MESSAGE][INFO] - Checking index

2021-11-18 11:39:13 - [MESSAGE][INFO] - Switching window with index: '0'

2021-11-18 11:39:13 - [MESSAGE][PASSED] - Switched to window with index: '0'

2021-11-18 11:39:13 - [MESSAGE][PASSED] - Call Test Case 'Test Cases/Sekmeler/Ana_Sekmeye_Gec' successfully

2021-11-18 11:39:13 - [MESSAGE][INFO] - Checking called Test Case

2021-11-18 11:39:13 - [MESSAGE][INFO] - Starting to call Test Case 'Test Cases/Kullanici_Islemleri/KullaniciIslemlerindenSecimYapilir'

2021-11-18 11:39:13 - [TEST_CASE][PASSED] - Test Cases/Kullanici_Islemleri/KullaniciIslemlerindenSecimYapilir: Test Cases/Kullanici_Islemleri/KullaniciIslemlerindenSecimYapilir

2021-11-18 11:39:13 - [TEST_STEP][PASSED] - waitForElementClickable(findTestObject("Object Repository/Kullanici_Islemleri/KullaniciIslemleri"), 10): Object 'Object Repository/Kullanici_Islemleri/KullaniciIslemleri' is clickable

2021-11-18 11:39:13 - [MESSAGE][INFO] - Finding Test Object 'Object Repository/Kullanici_Islemleri/KullaniciIslemleri'

2021-11-18 11:39:13 - [MESSAGE][INFO] - Checking object

2021-11-18 11:39:13 - [MESSAGE][INFO] - Checking timeout

2021-11-18 11:39:13 - [MESSAGE][INFO] - Finding web element from Test Object's properties

2021-11-18 11:39:13 - [MESSAGE][INFO] - Checking timeout

2021-11-18 11:39:13 - [MESSAGE][INFO] - Finding web element with id: 'Object Repository/Kullanici_Islemleri/KullaniciIslemleri' located by 'By.cssSelector: .dropdown>a>img' in '10' second(s)

2021-11-18 11:39:13 - [MESSAGE][INFO] - Smart Wait Function is triggered

2021-11-18 11:39:13 - [MESSAGE][INFO] - Found 1 web elements with id: 'Object Repository/Kullanici_Islemleri/KullaniciIslemleri' located by 'By.cssSelector: .dropdown>a>img' in '10' second(s)

2021-11-18 11:39:13 - [MESSAGE][PASSED] - Object 'Object Repository/Kullanici_Islemleri/KullaniciIslemleri' is clickable

2021-11-18 11:39:13 - [TEST_STEP][PASSED] - click(findTestObject("Object Repository/Kullanici_Islemleri/KullaniciIslemleri")): Object: 'Object Repository/Kullanici_Islemleri/KullaniciIslemleri' is clicked on

2021-11-18 11:39:13 - [MESSAGE][INFO] - Finding Test Object 'Object Repository/Kullanici_Islemleri/KullaniciIslemleri'

2021-11-18 11:39:13 - [MESSAGE][INFO] - Checking object

2021-11-18 11:39:13 - [MESSAGE][INFO] - Finding web element from Test Object's properties

2021-11-18 11:39:13 - [MESSAGE][INFO] - Checking timeout

2021-11-18 11:39:13 - [MESSAGE][INFO] - Finding web element with id: 'Object Repository/Kullanici_Islemleri/KullaniciIslemleri' located by 'By.cssSelector: .dropdown>a>img' in '30' second(s)

2021-11-18 11:39:13 - [MESSAGE][INFO] - Smart Wait Function is triggered

2021-11-18 11:39:13 - [MESSAGE][INFO] - Found 1 web elements with id: 'Object Repository/Kullanici_Islemleri/KullaniciIslemleri' located by 'By.cssSelector: .dropdown>a>img' in '30' second(s)

2021-11-18 11:39:13 - [MESSAGE][INFO] - Clicking on object: 'Object Repository/Kullanici_Islemleri/KullaniciIslemleri'

2021-11-18 11:39:13 - [MESSAGE][PASSED] - Object: 'Object Repository/Kullanici_Islemleri/KullaniciIslemleri' is clicked on

2021-11-18 11:39:13 - [TEST_STEP][PASSED] - Method.TextDegerineEsitElementeTikla(findTestObject("Object Repository/Kullanici_Islemleri/Secenekler"), Islem): Method.TextDegerineEsitElementeTikla is PASSED

2021-11-18 11:39:13 - [MESSAGE][INFO] - Finding Test Object 'Object Repository/Kullanici_Islemleri/Secenekler'

2021-11-18 11:39:14 - [MESSAGE][INFO] - Checking timeout

2021-11-18 11:39:14 - [MESSAGE][INFO] - Finding web element with id: 'Object Repository/Kullanici_Islemleri/Secenekler' located by 'By.cssSelector: .nav.navbar-nav.navbar-right li a' in '10' second(s)

2021-11-18 11:39:14 - [MESSAGE][INFO] - Smart Wait Function is triggered

2021-11-18 11:39:14 - [MESSAGE][INFO] - Found 22 web elements with id: 'Object Repository/Kullanici_Islemleri/Secenekler' located by 'By.cssSelector: .nav.navbar-nav.navbar-right li a' in '10' second(s)

2021-11-18 11:39:16 - [MESSAGE][PASSED] - Method.TextDegerineEsitElementeTikla is PASSED

2021-11-18 11:39:16 - [TEST_STEP][PASSED] - verifyElementNotPresent(findTestObject("Object Repository/Kullanici_Islemleri/Secenekler"), 10): Web element with id: 'Object Repository/Kullanici_Islemleri/Secenekler' located by 'By.cssSelector: .nav.navbar-nav.navbar-right li a' is not present after '10' second(s)

2021-11-18 11:39:16 - [MESSAGE][INFO] - Finding Test Object 'Object Repository/Kullanici_Islemleri/Secenekler'

2021-11-18 11:39:16 - [MESSAGE][INFO] - Checking object

2021-11-18 11:39:16 - [MESSAGE][INFO] - Checking timeout

2021-11-18 11:39:16 - [MESSAGE][INFO] - Finding web element with id: 'Object Repository/Kullanici_Islemleri/Secenekler' located by 'By.cssSelector: .nav.navbar-nav.navbar-right li a' in '10' second(s)

2021-11-18 11:39:16 - [MESSAGE][INFO] - Smart Wait Function is triggered

2021-11-18 11:39:16 - [MESSAGE][PASSED] - Web element with id: 'Object Repository/Kullanici_Islemleri/Secenekler' located by 'By.cssSelector: .nav.navbar-nav.navbar-right li a' is not present after '10' second(s)

2021-11-18 11:39:16 - [MESSAGE][PASSED] - Call Test Case 'Test Cases/Kullanici_Islemleri/KullaniciIslemlerindenSecimYapilir' successfully

2021-11-18 11:39:16 - [TEST_CASE][PASSED] - Start Test Case : SCENARIO Irsaliyenin Varsayılan Ile Gosterilmesi: SCENARIO Irsaliyenin Varsayılan Ile Gosterilmesi

2021-11-18 11:39:16 - [TEST_STEP][PASSED] - Kullanıcı adı ELOGO6 ve Şifre 123456 olarak giriş yapılır: Kullanıcı adı ELOGO6 ve Şifre 123456 olarak giriş yapılır

2021-11-18 11:39:16 - [MESSAGE][PASSED] - Kullanıcı adı ELOGO6 ve Şifre 123456 olarak giriş yapılır

2021-11-18 11:39:16 - [TEST_STEP][PASSED] - Ana menüden e-İrsaliye seçilir: Ana menüden e-İrsaliye seçilir

2021-11-18 11:39:16 - [MESSAGE][PASSED] - Ana menüden e-İrsaliye seçilir

2021-11-18 11:39:16 - [TEST_STEP][PASSED] - Alt menü Giden Kutusu başlığı altındaki İrsaliyeler seçilir: Alt menü Giden Kutusu başlığı altındaki İrsaliyeler seçilir

2021-11-18 11:39:16 - [MESSAGE][PASSED] - Alt menü Giden Kutusu başlığı altındaki İrsaliyeler seçilir

2021-11-18 11:39:16 - [TEST_STEP][PASSED] - Filtrelerden Oluşturma Tarihi filtresine 01.01.2020 baslangic degerini yaz: Filtrelerden Oluşturma Tarihi filtresine 01.01.2020 baslangic degerini yaz

2021-11-18 11:39:16 - [MESSAGE][PASSED] - Filtrelerden Oluşturma Tarihi filtresine 01.01.2020 baslangic degerini yaz

2021-11-18 11:39:16 - [TEST_STEP][PASSED] - Filtrelerden Oluşturma Tarihi filtresine 31.12.2020 bitis degerini yaz: Filtrelerden Oluşturma Tarihi filtresine 31.12.2020 bitis degerini yaz

2021-11-18 11:39:16 - [MESSAGE][PASSED] - Filtrelerden Oluşturma Tarihi filtresine 31.12.2020 bitis degerini yaz

2021-11-18 11:39:16 - [TEST_STEP][PASSED] - Filtre butonlarından Listele seçilir: Filtre butonlarından Listele seçilir

2021-11-18 11:39:16 - [MESSAGE][PASSED] - Filtre butonlarından Listele seçilir

2021-11-18 11:39:16 - [TEST_STEP][PASSED] - Tabloda veri var mı kontrol edilir: Tabloda veri var mı kontrol edilir

2021-11-18 11:39:16 - [MESSAGE][PASSED] - Tabloda veri var mı kontrol edilir

2021-11-18 11:39:16 - [TEST_STEP][PASSED] - Tablodan TEST isimli veri seçilir: Tablodan TEST isimli veri seçilir

2021-11-18 11:39:16 - [MESSAGE][PASSED] - Tablodan TEST isimli veri seçilir

2021-11-18 11:39:16 - [TEST_STEP][PASSED] - Butonlardan Varsayılan İle Göster isimli butona tıklanır: Butonlardan Varsayılan İle Göster isimli butona tıklanır

2021-11-18 11:39:16 - [MESSAGE][PASSED] - Butonlardan Varsayılan İle Göster isimli butona tıklanır

2021-11-18 11:39:16 - [TEST_STEP][PASSED] - Yeni açılan sekmeye geçilir: Yeni açılan sekmeye geçilir

2021-11-18 11:39:16 - [MESSAGE][PASSED] - Yeni açılan sekmeye geçilir

2021-11-18 11:39:16 - [TEST_STEP][PASSED] - Yeni sekme başlığında e-İRSALİYE var mı kontrol edilir: Yeni sekme başlığında e-İRSALİYE var mı kontrol edilir

2021-11-18 11:39:16 - [MESSAGE][PASSED] - Yeni sekme başlığında e-İRSALİYE var mı kontrol edilir

2021-11-18 11:39:16 - [TEST_STEP][PASSED] - Ana sekmeye geçilir: Ana sekmeye geçilir

2021-11-18 11:39:16 - [MESSAGE][PASSED] - Ana sekmeye geçilir

2021-11-18 11:39:16 - [TEST_STEP][PASSED] - Kullanıcı işlemlerinden Çıkış seçilir: Kullanıcı işlemlerinden Çıkış seçilir

2021-11-18 11:39:16 - [MESSAGE][PASSED] - Kullanıcı işlemlerinden Çıkış seçilir

2021-11-18 11:39:16 - [MESSAGE][PASSED] - Feature file: 'Include/features/e-Irsaliye/Giden Kutusu/Irsaliyeler/Varsayilan Ile Goster.feature' was passed

2021-11-18 11:39:16 - [TEST_STEP][PASSED] - Start listener action : sampleAfterTestSuite: Invoke 'com.kms.katalon.core.annotation.AfterTestCase' method: 'Listener.sampleAfterTestSuite(...)' completed.

2021-11-18 11:39:16 - [MESSAGE][INFO] - Starting invoke 'com.kms.katalon.core.annotation.AfterTestCase' method: 'Listener.sampleAfterTestSuite(...)'

2021-11-18 11:39:16 - [TEST_STEP][PASSED] - closeBrowser(): Invoke 'com.kms.katalon.core.annotation.AfterTestCase' method: 'Listener.sampleAfterTestSuite(...)' completed.

2021-11-18 11:39:16 - [MESSAGE][INFO] - Closing browser

2021-11-18 11:39:17 - [MESSAGE][PASSED] - Browser is closed

2021-11-18 11:39:17 - [MESSAGE][INFO] - Invoke 'com.kms.katalon.core.annotation.AfterTestCase' method: 'Listener.sampleAfterTestSuite(...)' completed.]]></system-out>
         <system-err><![CDATA[]]></system-err>
      </testcase>
      <testcase name="Test Cases/Case Repository/e-Irsaliye/Erisim Kontrol" time="115.703" classname="Test Cases/Case Repository/e-Irsaliye/Erisim Kontrol" status="PASSED">
         <system-out><![CDATA[2021-11-18 11:39:17 - [TEST_CASE][PASSED] - Test Cases/Case Repository/e-Irsaliye/Erisim Kontrol: Test Cases/Case Repository/e-Irsaliye/Erisim Kontrol

2021-11-18 11:39:17 - [TEST_STEP][PASSED] - Start listener action : sampleBeforeTestSuite: Invoke 'com.kms.katalon.core.annotation.BeforeTestCase' method: 'Listener.sampleBeforeTestSuite(...)' completed.

2021-11-18 11:39:17 - [MESSAGE][INFO] - Starting invoke 'com.kms.katalon.core.annotation.BeforeTestCase' method: 'Listener.sampleBeforeTestSuite(...)'

2021-11-18 11:39:17 - [TEST_STEP][PASSED] - openBrowser(baseUrl): Browser is opened with url: 'https://efatura-stage.elogo.com.tr/'

2021-11-18 11:39:17 - [MESSAGE][INFO] - Opening browser

2021-11-18 11:39:17 - [MESSAGE][INFO] - Starting 'Chrome' driver

2021-11-18 11:39:17 - [MESSAGE][INFO] - User set preference: ['prefs', '{download.default_directory=C:\otomasyondownfiles}']

2021-11-18 11:39:17 - [MESSAGE][INFO] - Action delay is set to 0 milliseconds

2021-11-18 11:39:19 - [MESSAGE][INFO] - Navigating browser to: 'https://efatura-stage.elogo.com.tr/'

2021-11-18 11:39:23 - [MESSAGE][PASSED] - Browser is opened with url: 'https://efatura-stage.elogo.com.tr/'

2021-11-18 11:39:23 - [TEST_STEP][PASSED] - maximizeWindow(): Invoke 'com.kms.katalon.core.annotation.BeforeTestCase' method: 'Listener.sampleBeforeTestSuite(...)' completed.

2021-11-18 11:39:23 - [MESSAGE][INFO] - Maximizing current window

2021-11-18 11:39:23 - [MESSAGE][PASSED] - Current window maximized

2021-11-18 11:39:23 - [MESSAGE][INFO] - Invoke 'com.kms.katalon.core.annotation.BeforeTestCase' method: 'Listener.sampleBeforeTestSuite(...)' completed.

2021-11-18 11:39:24 - [TEST_STEP][PASSED] - runFeatureFile("Include/features/e-Irsaliye/Erisim Kontrol.feature"): Feature file: 'Include/features/e-Irsaliye/Erisim Kontrol.feature' was passed

2021-11-18 11:39:24 - [MESSAGE][INFO] - Starting run keyword runFeatureFile: 'Include/features/e-Irsaliye/Erisim Kontrol.feature' and extract report to folder: 'C:\Users\DELL\Documents\GitHub\EES_KatalonLogo\Reports\20211118_110909\Suite Repository\e-Irsaliye\20211118_110920/cucumber_report/1637224764432'...

2021-11-18 11:39:24 - [MESSAGE][INFO] - Glue: []

2021-11-18 11:39:26 - [MESSAGE][INFO] - Checking called Test Case

2021-11-18 11:39:26 - [MESSAGE][INFO] - Starting to call Test Case 'Test Cases/Sayfalar/Giris_Sayfasi/Login'

2021-11-18 11:39:26 - [TEST_CASE][PASSED] - Test Cases/Sayfalar/Giris_Sayfasi/Login: Test Cases/Sayfalar/Giris_Sayfasi/Login

2021-11-18 11:39:26 - [TEST_STEP][PASSED] - Sayfa_Basligi = getWindowTitle(): Current window's title is: 'LOGO e-Fatura'

2021-11-18 11:39:26 - [MESSAGE][INFO] - Getting current window's title

2021-11-18 11:39:26 - [MESSAGE][PASSED] - Current window's title is: 'LOGO e-Fatura'

2021-11-18 11:39:26 - [TEST_STEP][PASSED] - verifyMatch(Sayfa_Basligi, "LOGO e-Fatura", false): Actual text 'LOGO e-Fatura' and expected text 'LOGO e-Fatura' are matched 

2021-11-18 11:39:26 - [MESSAGE][INFO] - Matching actual text 'LOGO e-Fatura' with expected text 'LOGO e-Fatura'

2021-11-18 11:39:26 - [MESSAGE][PASSED] - Actual text 'LOGO e-Fatura' and expected text 'LOGO e-Fatura' are matched 

2021-11-18 11:39:26 - [TEST_STEP][PASSED] - sendKeys(findTestObject("Sayfalar/Giris_Sayfasi/Firma_Kodu"), KullaniciAdi): Keys 'ELOGO6' sent to object: 'Object Repository/Sayfalar/Giris_Sayfasi/Firma_Kodu'

2021-11-18 11:39:26 - [MESSAGE][INFO] - Finding Test Object 'Object Repository/Sayfalar/Giris_Sayfasi/Firma_Kodu'

2021-11-18 11:39:26 - [MESSAGE][INFO] - Sending keys 'ELOGO6' to object: 'Object Repository/Sayfalar/Giris_Sayfasi/Firma_Kodu'

2021-11-18 11:39:26 - [MESSAGE][INFO] - Finding web element from Test Object's properties

2021-11-18 11:39:26 - [MESSAGE][INFO] - Checking timeout

2021-11-18 11:39:26 - [MESSAGE][INFO] - Finding web element with id: 'Object Repository/Sayfalar/Giris_Sayfasi/Firma_Kodu' located by 'By.xpath: //*[@id = 'AccountName']' in '30' second(s)

2021-11-18 11:39:26 - [MESSAGE][INFO] - Smart Wait Function is triggered

2021-11-18 11:39:27 - [MESSAGE][INFO] - Found 1 web elements with id: 'Object Repository/Sayfalar/Giris_Sayfasi/Firma_Kodu' located by 'By.xpath: //*[@id = 'AccountName']' in '30' second(s)

2021-11-18 11:39:27 - [MESSAGE][PASSED] - Keys 'ELOGO6' sent to object: 'Object Repository/Sayfalar/Giris_Sayfasi/Firma_Kodu'

2021-11-18 11:39:27 - [TEST_STEP][PASSED] - sendKeys(findTestObject("Sayfalar/Giris_Sayfasi/Sifre"), Sifre): Keys '123456' sent to object: 'Object Repository/Sayfalar/Giris_Sayfasi/Sifre'

2021-11-18 11:39:27 - [MESSAGE][INFO] - Finding Test Object 'Object Repository/Sayfalar/Giris_Sayfasi/Sifre'

2021-11-18 11:39:27 - [MESSAGE][INFO] - Sending keys '123456' to object: 'Object Repository/Sayfalar/Giris_Sayfasi/Sifre'

2021-11-18 11:39:27 - [MESSAGE][INFO] - Finding web element from Test Object's properties

2021-11-18 11:39:27 - [MESSAGE][INFO] - Checking timeout

2021-11-18 11:39:27 - [MESSAGE][INFO] - Finding web element with id: 'Object Repository/Sayfalar/Giris_Sayfasi/Sifre' located by 'By.xpath: //*[@id = 'Password']' in '30' second(s)

2021-11-18 11:39:27 - [MESSAGE][INFO] - Smart Wait Function is triggered

2021-11-18 11:39:27 - [MESSAGE][INFO] - Found 1 web elements with id: 'Object Repository/Sayfalar/Giris_Sayfasi/Sifre' located by 'By.xpath: //*[@id = 'Password']' in '30' second(s)

2021-11-18 11:39:27 - [MESSAGE][PASSED] - Keys '123456' sent to object: 'Object Repository/Sayfalar/Giris_Sayfasi/Sifre'

2021-11-18 11:39:27 - [TEST_STEP][PASSED] - findWebElement(findTestObject("Sayfalar/Giris_Sayfasi/Giris_Butonu")).click(): Found 1 web elements with id: 'Object Repository/Sayfalar/Giris_Sayfasi/Giris_Butonu' located by 'By.cssSelector: #btnLogin' in '30' second(s)

2021-11-18 11:39:27 - [MESSAGE][INFO] - Finding Test Object 'Object Repository/Sayfalar/Giris_Sayfasi/Giris_Butonu'

2021-11-18 11:39:27 - [MESSAGE][INFO] - Finding web element from Test Object's properties

2021-11-18 11:39:27 - [MESSAGE][INFO] - Checking timeout

2021-11-18 11:39:27 - [MESSAGE][INFO] - Finding web element with id: 'Object Repository/Sayfalar/Giris_Sayfasi/Giris_Butonu' located by 'By.cssSelector: #btnLogin' in '30' second(s)

2021-11-18 11:39:27 - [MESSAGE][INFO] - Smart Wait Function is triggered

2021-11-18 11:39:28 - [MESSAGE][INFO] - Found 1 web elements with id: 'Object Repository/Sayfalar/Giris_Sayfasi/Giris_Butonu' located by 'By.cssSelector: #btnLogin' in '30' second(s)

2021-11-18 11:39:30 - [TEST_STEP][PASSED] - if (verifyElementPresent(findTestObject("Object Repository/Sayfalar/Giris_Sayfasi/RetveTamam_Butonu"), 5, OPTIONAL)): null

2021-11-18 11:39:30 - [MESSAGE][INFO] - Finding Test Object 'Object Repository/Sayfalar/Giris_Sayfasi/RetveTamam_Butonu'

2021-11-18 11:39:30 - [MESSAGE][INFO] - Checking object

2021-11-18 11:39:30 - [MESSAGE][INFO] - Finding web element from Test Object's properties

2021-11-18 11:39:30 - [MESSAGE][INFO] - Checking timeout

2021-11-18 11:39:30 - [MESSAGE][INFO] - Finding web element with id: 'Object Repository/Sayfalar/Giris_Sayfasi/RetveTamam_Butonu' located by 'By.xpath: //*[@class = 'btn btn-default']' in '5' second(s)

2021-11-18 11:39:30 - [MESSAGE][INFO] - Smart Wait Function is triggered

2021-11-18 11:39:30 - [MESSAGE][INFO] - Found 1 web elements with id: 'Object Repository/Sayfalar/Giris_Sayfasi/RetveTamam_Butonu' located by 'By.xpath: //*[@class = 'btn btn-default']' in '5' second(s)

2021-11-18 11:39:30 - [MESSAGE][PASSED] - Object 'Object Repository/Sayfalar/Giris_Sayfasi/RetveTamam_Butonu' is present

2021-11-18 11:39:30 - [TEST_STEP][PASSED] - click(findTestObject("Object Repository/Sayfalar/Giris_Sayfasi/RetveTamam_Butonu")): Object: 'Object Repository/Sayfalar/Giris_Sayfasi/RetveTamam_Butonu' is clicked on

2021-11-18 11:39:30 - [MESSAGE][INFO] - Finding Test Object 'Object Repository/Sayfalar/Giris_Sayfasi/RetveTamam_Butonu'

2021-11-18 11:39:30 - [MESSAGE][INFO] - Checking object

2021-11-18 11:39:30 - [MESSAGE][INFO] - Finding web element from Test Object's properties

2021-11-18 11:39:30 - [MESSAGE][INFO] - Checking timeout

2021-11-18 11:39:30 - [MESSAGE][INFO] - Finding web element with id: 'Object Repository/Sayfalar/Giris_Sayfasi/RetveTamam_Butonu' located by 'By.xpath: //*[@class = 'btn btn-default']' in '30' second(s)

2021-11-18 11:39:30 - [MESSAGE][INFO] - Smart Wait Function is triggered

2021-11-18 11:39:31 - [MESSAGE][INFO] - Found 1 web elements with id: 'Object Repository/Sayfalar/Giris_Sayfasi/RetveTamam_Butonu' located by 'By.xpath: //*[@class = 'btn btn-default']' in '30' second(s)

2021-11-18 11:39:31 - [MESSAGE][INFO] - Clicking on object: 'Object Repository/Sayfalar/Giris_Sayfasi/RetveTamam_Butonu'

2021-11-18 11:39:31 - [MESSAGE][PASSED] - Object: 'Object Repository/Sayfalar/Giris_Sayfasi/RetveTamam_Butonu' is clicked on

2021-11-18 11:39:31 - [TEST_STEP][PASSED] - click(findTestObject("Object Repository/Sayfalar/Giris_Sayfasi/RetveTamam_Butonu")): Object: 'Object Repository/Sayfalar/Giris_Sayfasi/RetveTamam_Butonu' is clicked on

2021-11-18 11:39:31 - [MESSAGE][INFO] - Finding Test Object 'Object Repository/Sayfalar/Giris_Sayfasi/RetveTamam_Butonu'

2021-11-18 11:39:31 - [MESSAGE][INFO] - Checking object

2021-11-18 11:39:31 - [MESSAGE][INFO] - Finding web element from Test Object's properties

2021-11-18 11:39:31 - [MESSAGE][INFO] - Checking timeout

2021-11-18 11:39:31 - [MESSAGE][INFO] - Finding web element with id: 'Object Repository/Sayfalar/Giris_Sayfasi/RetveTamam_Butonu' located by 'By.xpath: //*[@class = 'btn btn-default']' in '30' second(s)

2021-11-18 11:39:31 - [MESSAGE][INFO] - Smart Wait Function is triggered

2021-11-18 11:39:35 - [MESSAGE][INFO] - Found 1 web elements with id: 'Object Repository/Sayfalar/Giris_Sayfasi/RetveTamam_Butonu' located by 'By.xpath: //*[@class = 'btn btn-default']' in '30' second(s)

2021-11-18 11:39:35 - [MESSAGE][INFO] - Clicking on object: 'Object Repository/Sayfalar/Giris_Sayfasi/RetveTamam_Butonu'

2021-11-18 11:39:35 - [MESSAGE][PASSED] - Object: 'Object Repository/Sayfalar/Giris_Sayfasi/RetveTamam_Butonu' is clicked on

2021-11-18 11:39:35 - [TEST_STEP][PASSED] - if (verifyElementPresent(findTestObject("Sayfalar/Giris_Sayfasi/PopupOK"), 5, OPTIONAL)): null

2021-11-18 11:39:35 - [MESSAGE][INFO] - Finding Test Object 'Object Repository/Sayfalar/Giris_Sayfasi/PopupOK'

2021-11-18 11:39:35 - [MESSAGE][INFO] - Checking object

2021-11-18 11:39:35 - [MESSAGE][INFO] - Finding web element from Test Object's properties

2021-11-18 11:39:35 - [MESSAGE][INFO] - Checking timeout

2021-11-18 11:39:35 - [MESSAGE][INFO] - Finding web element with id: 'Object Repository/Sayfalar/Giris_Sayfasi/PopupOK' located by 'By.cssSelector: .btn.btn-success' in '5' second(s)

2021-11-18 11:39:35 - [MESSAGE][INFO] - Smart Wait Function is triggered

2021-11-18 11:39:36 - [MESSAGE][INFO] - Found 1 web elements with id: 'Object Repository/Sayfalar/Giris_Sayfasi/PopupOK' located by 'By.cssSelector: .btn.btn-success' in '5' second(s)

2021-11-18 11:39:36 - [MESSAGE][PASSED] - Object 'Object Repository/Sayfalar/Giris_Sayfasi/PopupOK' is present

2021-11-18 11:39:36 - [TEST_STEP][PASSED] - click(findTestObject("Object Repository/Sayfalar/Giris_Sayfasi/PopupCarpiGiris")): Object: 'Object Repository/Sayfalar/Giris_Sayfasi/PopupCarpiGiris' is clicked on

2021-11-18 11:39:36 - [MESSAGE][INFO] - Finding Test Object 'Object Repository/Sayfalar/Giris_Sayfasi/PopupCarpiGiris'

2021-11-18 11:39:36 - [MESSAGE][INFO] - Checking object

2021-11-18 11:39:36 - [MESSAGE][INFO] - Finding web element from Test Object's properties

2021-11-18 11:39:36 - [MESSAGE][INFO] - Checking timeout

2021-11-18 11:39:36 - [MESSAGE][INFO] - Finding web element with id: 'Object Repository/Sayfalar/Giris_Sayfasi/PopupCarpiGiris' located by 'By.cssSelector: .bootbox-close-button.close' in '30' second(s)

2021-11-18 11:39:36 - [MESSAGE][INFO] - Smart Wait Function is triggered

2021-11-18 11:39:36 - [MESSAGE][INFO] - Found 1 web elements with id: 'Object Repository/Sayfalar/Giris_Sayfasi/PopupCarpiGiris' located by 'By.cssSelector: .bootbox-close-button.close' in '30' second(s)

2021-11-18 11:39:36 - [MESSAGE][INFO] - Clicking on object: 'Object Repository/Sayfalar/Giris_Sayfasi/PopupCarpiGiris'

2021-11-18 11:39:36 - [MESSAGE][PASSED] - Object: 'Object Repository/Sayfalar/Giris_Sayfasi/PopupCarpiGiris' is clicked on

2021-11-18 11:39:36 - [TEST_STEP][PASSED] - verifyElementVisible(findTestObject("Object Repository/Kullanici_Islemleri/KullaniciIslemleri")): Object 'Object Repository/Kullanici_Islemleri/KullaniciIslemleri' is visible

2021-11-18 11:39:36 - [MESSAGE][INFO] - Finding Test Object 'Object Repository/Kullanici_Islemleri/KullaniciIslemleri'

2021-11-18 11:39:36 - [MESSAGE][INFO] - Checking object

2021-11-18 11:39:36 - [MESSAGE][INFO] - Finding web element from Test Object's properties

2021-11-18 11:39:36 - [MESSAGE][INFO] - Checking timeout

2021-11-18 11:39:36 - [MESSAGE][INFO] - Finding web element with id: 'Object Repository/Kullanici_Islemleri/KullaniciIslemleri' located by 'By.cssSelector: .dropdown>a>img' in '30' second(s)

2021-11-18 11:39:36 - [MESSAGE][INFO] - Smart Wait Function is triggered

2021-11-18 11:39:37 - [MESSAGE][INFO] - Found 1 web elements with id: 'Object Repository/Kullanici_Islemleri/KullaniciIslemleri' located by 'By.cssSelector: .dropdown>a>img' in '30' second(s)

2021-11-18 11:39:37 - [MESSAGE][PASSED] - Object 'Object Repository/Kullanici_Islemleri/KullaniciIslemleri' is visible

2021-11-18 11:39:37 - [MESSAGE][PASSED] - Call Test Case 'Test Cases/Sayfalar/Giris_Sayfasi/Login' successfully

2021-11-18 11:39:37 - [MESSAGE][INFO] - Checking called Test Case

2021-11-18 11:39:37 - [MESSAGE][INFO] - Starting to call Test Case 'Test Cases/Sekmeler/LinkSecilir'

2021-11-18 11:39:37 - [TEST_CASE][PASSED] - Test Cases/Sekmeler/LinkSecilir: Test Cases/Sekmeler/LinkSecilir

2021-11-18 11:39:38 - [TEST_STEP][PASSED] - navigateToUrl(Link, STOP_ON_FAILURE): Navigate to 'https://efatura-stage.elogo.com.tr/Despatch/DespatchAdviceDisplayUbl?InvoiceIDs=43117' successfully

2021-11-18 11:39:38 - [MESSAGE][INFO] - Checking url

2021-11-18 11:39:38 - [MESSAGE][INFO] - Navigating to 'https://efatura-stage.elogo.com.tr/Despatch/DespatchAdviceDisplayUbl?InvoiceIDs=43117'

2021-11-18 11:39:38 - [MESSAGE][PASSED] - Navigate to 'https://efatura-stage.elogo.com.tr/Despatch/DespatchAdviceDisplayUbl?InvoiceIDs=43117' successfully

2021-11-18 11:39:38 - [TEST_STEP][PASSED] - delay(2): Delayed 2 second(s)

2021-11-18 11:39:38 - [MESSAGE][INFO] - Delaying browser in 2 second(s)

2021-11-18 11:39:40 - [MESSAGE][PASSED] - Delayed 2 second(s)

2021-11-18 11:39:40 - [MESSAGE][PASSED] - Call Test Case 'Test Cases/Sekmeler/LinkSecilir' successfully

2021-11-18 11:39:40 - [MESSAGE][INFO] - Checking called Test Case

2021-11-18 11:39:40 - [MESSAGE][INFO] - Starting to call Test Case 'Test Cases/Sekmeler/TagGeldiMi'

2021-11-18 11:39:40 - [TEST_CASE][PASSED] - Test Cases/Sekmeler/TagGeldiMi: Test Cases/Sekmeler/TagGeldiMi

2021-11-18 11:39:40 - [TEST_STEP][PASSED] - waitForElementPresent(findTestObject("Object Repository/Sekmeler/UBLTag"), 10): Object 'Object Repository/Sekmeler/UBLTag' is present

2021-11-18 11:39:40 - [MESSAGE][INFO] - Finding Test Object 'Object Repository/Sekmeler/UBLTag'

2021-11-18 11:39:40 - [MESSAGE][INFO] - Checking object

2021-11-18 11:39:40 - [MESSAGE][INFO] - Finding web element from Test Object's properties

2021-11-18 11:39:40 - [MESSAGE][INFO] - Checking timeout

2021-11-18 11:39:40 - [MESSAGE][INFO] - Finding web element with id: 'Object Repository/Sekmeler/UBLTag' located by 'By.cssSelector: #webkit-xml-viewer-source-xml>:first-child' in '10' second(s)

2021-11-18 11:39:40 - [MESSAGE][INFO] - Smart Wait Function is triggered

2021-11-18 11:39:40 - [MESSAGE][INFO] - Found 1 web elements with id: 'Object Repository/Sekmeler/UBLTag' located by 'By.cssSelector: #webkit-xml-viewer-source-xml>:first-child' in '10' second(s)

2021-11-18 11:39:40 - [MESSAGE][PASSED] - Object 'Object Repository/Sekmeler/UBLTag' is present

2021-11-18 11:39:40 - [TEST_STEP][PASSED] - println(toLowerCase().toString()): Found 1 web elements with id: 'Object Repository/Sekmeler/UBLTag' located by 'By.cssSelector: #webkit-xml-viewer-source-xml>:first-child' in '10' second(s)

2021-11-18 11:39:40 - [MESSAGE][INFO] - Finding Test Object 'Object Repository/Sekmeler/UBLTag'

2021-11-18 11:39:40 - [MESSAGE][INFO] - Finding web element from Test Object's properties

2021-11-18 11:39:40 - [MESSAGE][INFO] - Checking timeout

2021-11-18 11:39:40 - [MESSAGE][INFO] - Finding web element with id: 'Object Repository/Sekmeler/UBLTag' located by 'By.cssSelector: #webkit-xml-viewer-source-xml>:first-child' in '10' second(s)

2021-11-18 11:39:40 - [MESSAGE][INFO] - Smart Wait Function is triggered

2021-11-18 11:39:40 - [MESSAGE][INFO] - Found 1 web elements with id: 'Object Repository/Sekmeler/UBLTag' located by 'By.cssSelector: #webkit-xml-viewer-source-xml>:first-child' in '10' second(s)

2021-11-18 11:39:40 - [TEST_STEP][PASSED] - if (!(toString().contains(toString().toLowerCase()))): Found 1 web elements with id: 'Object Repository/Sekmeler/UBLTag' located by 'By.cssSelector: #webkit-xml-viewer-source-xml>:first-child' in '10' second(s)

2021-11-18 11:39:40 - [MESSAGE][INFO] - Finding Test Object 'Object Repository/Sekmeler/UBLTag'

2021-11-18 11:39:40 - [MESSAGE][INFO] - Finding web element from Test Object's properties

2021-11-18 11:39:40 - [MESSAGE][INFO] - Checking timeout

2021-11-18 11:39:40 - [MESSAGE][INFO] - Finding web element with id: 'Object Repository/Sekmeler/UBLTag' located by 'By.cssSelector: #webkit-xml-viewer-source-xml>:first-child' in '10' second(s)

2021-11-18 11:39:40 - [MESSAGE][INFO] - Smart Wait Function is triggered

2021-11-18 11:39:40 - [MESSAGE][INFO] - Found 1 web elements with id: 'Object Repository/Sekmeler/UBLTag' located by 'By.cssSelector: #webkit-xml-viewer-source-xml>:first-child' in '10' second(s)

2021-11-18 11:39:41 - [MESSAGE][PASSED] - Call Test Case 'Test Cases/Sekmeler/TagGeldiMi' successfully

2021-11-18 11:39:41 - [MESSAGE][INFO] - Checking called Test Case

2021-11-18 11:39:41 - [MESSAGE][INFO] - Starting to call Test Case 'Test Cases/Sekmeler/LinkSecilir'

2021-11-18 11:39:41 - [TEST_CASE][PASSED] - Test Cases/Sekmeler/LinkSecilir: Test Cases/Sekmeler/LinkSecilir

2021-11-18 11:39:41 - [TEST_STEP][PASSED] - navigateToUrl(Link, STOP_ON_FAILURE): Navigate to 'https://efatura-stage.elogo.com.tr/Despatch/DespatchAdviceDisplayUbl?InvoiceIDs=12357' successfully

2021-11-18 11:39:41 - [MESSAGE][INFO] - Checking url

2021-11-18 11:39:41 - [MESSAGE][INFO] - Navigating to 'https://efatura-stage.elogo.com.tr/Despatch/DespatchAdviceDisplayUbl?InvoiceIDs=12357'

2021-11-18 11:39:41 - [MESSAGE][PASSED] - Navigate to 'https://efatura-stage.elogo.com.tr/Despatch/DespatchAdviceDisplayUbl?InvoiceIDs=12357' successfully

2021-11-18 11:39:41 - [TEST_STEP][PASSED] - delay(2): Delayed 2 second(s)

2021-11-18 11:39:41 - [MESSAGE][INFO] - Delaying browser in 2 second(s)

2021-11-18 11:39:43 - [MESSAGE][PASSED] - Delayed 2 second(s)

2021-11-18 11:39:43 - [MESSAGE][PASSED] - Call Test Case 'Test Cases/Sekmeler/LinkSecilir' successfully

2021-11-18 11:39:43 - [MESSAGE][INFO] - Checking called Test Case

2021-11-18 11:39:43 - [MESSAGE][INFO] - Starting to call Test Case 'Test Cases/Sekmeler/MesajGeldiMi'

2021-11-18 11:39:43 - [TEST_CASE][PASSED] - Test Cases/Sekmeler/MesajGeldiMi: Test Cases/Sekmeler/MesajGeldiMi

2021-11-18 11:39:43 - [TEST_STEP][PASSED] - Method.TextDegerineEsitElementVarMi(findTestObject("Object Repository/Sekmeler/HataMesaji"), Mesaj): Method.TextDegerineEsitElementVarMi is PASSED

2021-11-18 11:39:43 - [MESSAGE][INFO] - Finding Test Object 'Object Repository/Sekmeler/HataMesaji'

2021-11-18 11:39:43 - [MESSAGE][INFO] - Checking timeout

2021-11-18 11:39:43 - [MESSAGE][INFO] - Finding web element with id: 'Object Repository/Sekmeler/HataMesaji' located by 'By.xpath: /html/body' in '10' second(s)

2021-11-18 11:39:43 - [MESSAGE][INFO] - Smart Wait Function is triggered

2021-11-18 11:39:44 - [MESSAGE][INFO] - Found 1 web elements with id: 'Object Repository/Sekmeler/HataMesaji' located by 'By.xpath: /html/body' in '10' second(s)

2021-11-18 11:39:44 - [MESSAGE][PASSED] - Method.TextDegerineEsitElementVarMi is PASSED

2021-11-18 11:39:44 - [MESSAGE][PASSED] - Call Test Case 'Test Cases/Sekmeler/MesajGeldiMi' successfully

2021-11-18 11:39:44 - [MESSAGE][INFO] - Checking called Test Case

2021-11-18 11:39:44 - [MESSAGE][INFO] - Starting to call Test Case 'Test Cases/Sekmeler/LinkSecilir'

2021-11-18 11:39:44 - [TEST_CASE][PASSED] - Test Cases/Sekmeler/LinkSecilir: Test Cases/Sekmeler/LinkSecilir

2021-11-18 11:39:44 - [TEST_STEP][PASSED] - navigateToUrl(Link, STOP_ON_FAILURE): Navigate to 'https://efatura-stage.elogo.com.tr/Despatch/DespatchAdviceDisplayPDF?InvoiceIDs=43121' successfully

2021-11-18 11:39:44 - [MESSAGE][INFO] - Checking url

2021-11-18 11:39:44 - [MESSAGE][INFO] - Navigating to 'https://efatura-stage.elogo.com.tr/Despatch/DespatchAdviceDisplayPDF?InvoiceIDs=43121'

2021-11-18 11:39:44 - [MESSAGE][PASSED] - Navigate to 'https://efatura-stage.elogo.com.tr/Despatch/DespatchAdviceDisplayPDF?InvoiceIDs=43121' successfully

2021-11-18 11:39:44 - [TEST_STEP][PASSED] - delay(2): Delayed 2 second(s)

2021-11-18 11:39:44 - [MESSAGE][INFO] - Delaying browser in 2 second(s)

2021-11-18 11:39:46 - [MESSAGE][PASSED] - Delayed 2 second(s)

2021-11-18 11:39:46 - [MESSAGE][PASSED] - Call Test Case 'Test Cases/Sekmeler/LinkSecilir' successfully

2021-11-18 11:39:46 - [MESSAGE][INFO] - Checking called Test Case

2021-11-18 11:39:46 - [MESSAGE][INFO] - Starting to call Test Case 'Test Cases/Butonlar/PDFGorseliVarMi'

2021-11-18 11:39:46 - [TEST_CASE][PASSED] - Test Cases/Butonlar/PDFGorseliVarMi: Test Cases/Butonlar/PDFGorseliVarMi

2021-11-18 11:39:46 - [TEST_STEP][PASSED] - driver = getWebDriver(): null

2021-11-18 11:39:46 - [TEST_STEP][PASSED] - assert getPageSource().contains("type="application/pdf""): null

2021-11-18 11:39:46 - [MESSAGE][PASSED] - Call Test Case 'Test Cases/Butonlar/PDFGorseliVarMi' successfully

2021-11-18 11:39:46 - [MESSAGE][INFO] - Checking called Test Case

2021-11-18 11:39:46 - [MESSAGE][INFO] - Starting to call Test Case 'Test Cases/Sekmeler/LinkSecilir'

2021-11-18 11:39:46 - [TEST_CASE][PASSED] - Test Cases/Sekmeler/LinkSecilir: Test Cases/Sekmeler/LinkSecilir

2021-11-18 11:39:46 - [TEST_STEP][PASSED] - navigateToUrl(Link, STOP_ON_FAILURE): Navigate to 'https://efatura-stage.elogo.com.tr/Despatch/DespatchAdviceDisplayPDF?InvoiceIDs=12357' successfully

2021-11-18 11:39:46 - [MESSAGE][INFO] - Checking url

2021-11-18 11:39:46 - [MESSAGE][INFO] - Navigating to 'https://efatura-stage.elogo.com.tr/Despatch/DespatchAdviceDisplayPDF?InvoiceIDs=12357'

2021-11-18 11:39:46 - [MESSAGE][PASSED] - Navigate to 'https://efatura-stage.elogo.com.tr/Despatch/DespatchAdviceDisplayPDF?InvoiceIDs=12357' successfully

2021-11-18 11:39:46 - [TEST_STEP][PASSED] - delay(2): Delayed 2 second(s)

2021-11-18 11:39:46 - [MESSAGE][INFO] - Delaying browser in 2 second(s)

2021-11-18 11:39:48 - [MESSAGE][PASSED] - Delayed 2 second(s)

2021-11-18 11:39:48 - [MESSAGE][PASSED] - Call Test Case 'Test Cases/Sekmeler/LinkSecilir' successfully

2021-11-18 11:39:49 - [MESSAGE][INFO] - Checking called Test Case

2021-11-18 11:39:49 - [MESSAGE][INFO] - Starting to call Test Case 'Test Cases/Sekmeler/MesajGeldiMi'

2021-11-18 11:39:49 - [TEST_CASE][PASSED] - Test Cases/Sekmeler/MesajGeldiMi: Test Cases/Sekmeler/MesajGeldiMi

2021-11-18 11:39:49 - [TEST_STEP][PASSED] - Method.TextDegerineEsitElementVarMi(findTestObject("Object Repository/Sekmeler/HataMesaji"), Mesaj): Method.TextDegerineEsitElementVarMi is PASSED

2021-11-18 11:39:49 - [MESSAGE][INFO] - Finding Test Object 'Object Repository/Sekmeler/HataMesaji'

2021-11-18 11:39:49 - [MESSAGE][INFO] - Checking timeout

2021-11-18 11:39:49 - [MESSAGE][INFO] - Finding web element with id: 'Object Repository/Sekmeler/HataMesaji' located by 'By.xpath: /html/body' in '10' second(s)

2021-11-18 11:39:49 - [MESSAGE][INFO] - Smart Wait Function is triggered

2021-11-18 11:39:49 - [MESSAGE][INFO] - Found 1 web elements with id: 'Object Repository/Sekmeler/HataMesaji' located by 'By.xpath: /html/body' in '10' second(s)

2021-11-18 11:39:49 - [MESSAGE][PASSED] - Method.TextDegerineEsitElementVarMi is PASSED

2021-11-18 11:39:49 - [MESSAGE][PASSED] - Call Test Case 'Test Cases/Sekmeler/MesajGeldiMi' successfully

2021-11-18 11:39:49 - [MESSAGE][INFO] - Checking called Test Case

2021-11-18 11:39:49 - [MESSAGE][INFO] - Starting to call Test Case 'Test Cases/Sekmeler/LinkSecilir'

2021-11-18 11:39:49 - [TEST_CASE][PASSED] - Test Cases/Sekmeler/LinkSecilir: Test Cases/Sekmeler/LinkSecilir

2021-11-18 11:39:49 - [TEST_STEP][PASSED] - navigateToUrl(Link, STOP_ON_FAILURE): Navigate to 'https://efatura-stage.elogo.com.tr/Despatch/DespatchAdviceDisplayUbl?InvoiceIDs=43138' successfully

2021-11-18 11:39:49 - [MESSAGE][INFO] - Checking url

2021-11-18 11:39:49 - [MESSAGE][INFO] - Navigating to 'https://efatura-stage.elogo.com.tr/Despatch/DespatchAdviceDisplayUbl?InvoiceIDs=43138'

2021-11-18 11:39:49 - [MESSAGE][PASSED] - Navigate to 'https://efatura-stage.elogo.com.tr/Despatch/DespatchAdviceDisplayUbl?InvoiceIDs=43138' successfully

2021-11-18 11:39:49 - [TEST_STEP][PASSED] - delay(2): Delayed 2 second(s)

2021-11-18 11:39:49 - [MESSAGE][INFO] - Delaying browser in 2 second(s)

2021-11-18 11:39:51 - [MESSAGE][PASSED] - Delayed 2 second(s)

2021-11-18 11:39:51 - [MESSAGE][PASSED] - Call Test Case 'Test Cases/Sekmeler/LinkSecilir' successfully

2021-11-18 11:39:51 - [MESSAGE][INFO] - Checking called Test Case

2021-11-18 11:39:51 - [MESSAGE][INFO] - Starting to call Test Case 'Test Cases/Sekmeler/TagGeldiMi'

2021-11-18 11:39:51 - [TEST_CASE][PASSED] - Test Cases/Sekmeler/TagGeldiMi: Test Cases/Sekmeler/TagGeldiMi

2021-11-18 11:39:51 - [TEST_STEP][PASSED] - waitForElementPresent(findTestObject("Object Repository/Sekmeler/UBLTag"), 10): Object 'Object Repository/Sekmeler/UBLTag' is present

2021-11-18 11:39:51 - [MESSAGE][INFO] - Finding Test Object 'Object Repository/Sekmeler/UBLTag'

2021-11-18 11:39:52 - [MESSAGE][INFO] - Checking object

2021-11-18 11:39:52 - [MESSAGE][INFO] - Finding web element from Test Object's properties

2021-11-18 11:39:52 - [MESSAGE][INFO] - Checking timeout

2021-11-18 11:39:52 - [MESSAGE][INFO] - Finding web element with id: 'Object Repository/Sekmeler/UBLTag' located by 'By.cssSelector: #webkit-xml-viewer-source-xml>:first-child' in '10' second(s)

2021-11-18 11:39:52 - [MESSAGE][INFO] - Smart Wait Function is triggered

2021-11-18 11:39:52 - [MESSAGE][INFO] - Found 1 web elements with id: 'Object Repository/Sekmeler/UBLTag' located by 'By.cssSelector: #webkit-xml-viewer-source-xml>:first-child' in '10' second(s)

2021-11-18 11:39:52 - [MESSAGE][PASSED] - Object 'Object Repository/Sekmeler/UBLTag' is present

2021-11-18 11:39:52 - [TEST_STEP][PASSED] - println(toLowerCase().toString()): Found 1 web elements with id: 'Object Repository/Sekmeler/UBLTag' located by 'By.cssSelector: #webkit-xml-viewer-source-xml>:first-child' in '10' second(s)

2021-11-18 11:39:52 - [MESSAGE][INFO] - Finding Test Object 'Object Repository/Sekmeler/UBLTag'

2021-11-18 11:39:52 - [MESSAGE][INFO] - Finding web element from Test Object's properties

2021-11-18 11:39:52 - [MESSAGE][INFO] - Checking timeout

2021-11-18 11:39:52 - [MESSAGE][INFO] - Finding web element with id: 'Object Repository/Sekmeler/UBLTag' located by 'By.cssSelector: #webkit-xml-viewer-source-xml>:first-child' in '10' second(s)

2021-11-18 11:39:52 - [MESSAGE][INFO] - Smart Wait Function is triggered

2021-11-18 11:39:52 - [MESSAGE][INFO] - Found 1 web elements with id: 'Object Repository/Sekmeler/UBLTag' located by 'By.cssSelector: #webkit-xml-viewer-source-xml>:first-child' in '10' second(s)

2021-11-18 11:39:52 - [TEST_STEP][PASSED] - if (!(toString().contains(toString().toLowerCase()))): Found 1 web elements with id: 'Object Repository/Sekmeler/UBLTag' located by 'By.cssSelector: #webkit-xml-viewer-source-xml>:first-child' in '10' second(s)

2021-11-18 11:39:52 - [MESSAGE][INFO] - Finding Test Object 'Object Repository/Sekmeler/UBLTag'

2021-11-18 11:39:52 - [MESSAGE][INFO] - Finding web element from Test Object's properties

2021-11-18 11:39:52 - [MESSAGE][INFO] - Checking timeout

2021-11-18 11:39:52 - [MESSAGE][INFO] - Finding web element with id: 'Object Repository/Sekmeler/UBLTag' located by 'By.cssSelector: #webkit-xml-viewer-source-xml>:first-child' in '10' second(s)

2021-11-18 11:39:52 - [MESSAGE][INFO] - Smart Wait Function is triggered

2021-11-18 11:39:52 - [MESSAGE][INFO] - Found 1 web elements with id: 'Object Repository/Sekmeler/UBLTag' located by 'By.cssSelector: #webkit-xml-viewer-source-xml>:first-child' in '10' second(s)

2021-11-18 11:39:52 - [MESSAGE][PASSED] - Call Test Case 'Test Cases/Sekmeler/TagGeldiMi' successfully

2021-11-18 11:39:52 - [MESSAGE][INFO] - Checking called Test Case

2021-11-18 11:39:52 - [MESSAGE][INFO] - Starting to call Test Case 'Test Cases/Sekmeler/LinkSecilir'

2021-11-18 11:39:52 - [TEST_CASE][PASSED] - Test Cases/Sekmeler/LinkSecilir: Test Cases/Sekmeler/LinkSecilir

2021-11-18 11:39:52 - [TEST_STEP][PASSED] - navigateToUrl(Link, STOP_ON_FAILURE): Navigate to 'https://efatura-stage.elogo.com.tr/Despatch/DespatchAdviceDisplayUbl?InvoiceIDs=40854' successfully

2021-11-18 11:39:52 - [MESSAGE][INFO] - Checking url

2021-11-18 11:39:52 - [MESSAGE][INFO] - Navigating to 'https://efatura-stage.elogo.com.tr/Despatch/DespatchAdviceDisplayUbl?InvoiceIDs=40854'

2021-11-18 11:39:52 - [MESSAGE][PASSED] - Navigate to 'https://efatura-stage.elogo.com.tr/Despatch/DespatchAdviceDisplayUbl?InvoiceIDs=40854' successfully

2021-11-18 11:39:52 - [TEST_STEP][PASSED] - delay(2): Delayed 2 second(s)

2021-11-18 11:39:52 - [MESSAGE][INFO] - Delaying browser in 2 second(s)

2021-11-18 11:39:54 - [MESSAGE][PASSED] - Delayed 2 second(s)

2021-11-18 11:39:54 - [MESSAGE][PASSED] - Call Test Case 'Test Cases/Sekmeler/LinkSecilir' successfully

2021-11-18 11:39:54 - [MESSAGE][INFO] - Checking called Test Case

2021-11-18 11:39:54 - [MESSAGE][INFO] - Starting to call Test Case 'Test Cases/Sekmeler/MesajGeldiMi'

2021-11-18 11:39:54 - [TEST_CASE][PASSED] - Test Cases/Sekmeler/MesajGeldiMi: Test Cases/Sekmeler/MesajGeldiMi

2021-11-18 11:39:54 - [TEST_STEP][PASSED] - Method.TextDegerineEsitElementVarMi(findTestObject("Object Repository/Sekmeler/HataMesaji"), Mesaj): Method.TextDegerineEsitElementVarMi is PASSED

2021-11-18 11:39:54 - [MESSAGE][INFO] - Finding Test Object 'Object Repository/Sekmeler/HataMesaji'

2021-11-18 11:39:54 - [MESSAGE][INFO] - Checking timeout

2021-11-18 11:39:54 - [MESSAGE][INFO] - Finding web element with id: 'Object Repository/Sekmeler/HataMesaji' located by 'By.xpath: /html/body' in '10' second(s)

2021-11-18 11:39:54 - [MESSAGE][INFO] - Smart Wait Function is triggered

2021-11-18 11:39:54 - [MESSAGE][INFO] - Found 1 web elements with id: 'Object Repository/Sekmeler/HataMesaji' located by 'By.xpath: /html/body' in '10' second(s)

2021-11-18 11:39:54 - [MESSAGE][PASSED] - Method.TextDegerineEsitElementVarMi is PASSED

2021-11-18 11:39:54 - [MESSAGE][PASSED] - Call Test Case 'Test Cases/Sekmeler/MesajGeldiMi' successfully

2021-11-18 11:39:54 - [MESSAGE][INFO] - Checking called Test Case

2021-11-18 11:39:54 - [MESSAGE][INFO] - Starting to call Test Case 'Test Cases/Sekmeler/LinkSecilir'

2021-11-18 11:39:55 - [TEST_CASE][PASSED] - Test Cases/Sekmeler/LinkSecilir: Test Cases/Sekmeler/LinkSecilir

2021-11-18 11:39:55 - [TEST_STEP][PASSED] - navigateToUrl(Link, STOP_ON_FAILURE): Navigate to 'https://efatura-stage.elogo.com.tr/Despatch/DespatchAdviceDisplayPDF?InvoiceIDs=43137' successfully

2021-11-18 11:39:55 - [MESSAGE][INFO] - Checking url

2021-11-18 11:39:55 - [MESSAGE][INFO] - Navigating to 'https://efatura-stage.elogo.com.tr/Despatch/DespatchAdviceDisplayPDF?InvoiceIDs=43137'

2021-11-18 11:39:55 - [MESSAGE][PASSED] - Navigate to 'https://efatura-stage.elogo.com.tr/Despatch/DespatchAdviceDisplayPDF?InvoiceIDs=43137' successfully

2021-11-18 11:39:55 - [TEST_STEP][PASSED] - delay(2): Delayed 2 second(s)

2021-11-18 11:39:55 - [MESSAGE][INFO] - Delaying browser in 2 second(s)

2021-11-18 11:39:57 - [MESSAGE][PASSED] - Delayed 2 second(s)

2021-11-18 11:39:57 - [MESSAGE][PASSED] - Call Test Case 'Test Cases/Sekmeler/LinkSecilir' successfully

2021-11-18 11:39:57 - [MESSAGE][INFO] - Checking called Test Case

2021-11-18 11:39:57 - [MESSAGE][INFO] - Starting to call Test Case 'Test Cases/Butonlar/PDFGorseliVarMi'

2021-11-18 11:39:57 - [TEST_CASE][PASSED] - Test Cases/Butonlar/PDFGorseliVarMi: Test Cases/Butonlar/PDFGorseliVarMi

2021-11-18 11:39:57 - [TEST_STEP][PASSED] - driver = getWebDriver(): null

2021-11-18 11:39:57 - [TEST_STEP][PASSED] - assert getPageSource().contains("type="application/pdf""): null

2021-11-18 11:39:57 - [MESSAGE][PASSED] - Call Test Case 'Test Cases/Butonlar/PDFGorseliVarMi' successfully

2021-11-18 11:39:57 - [MESSAGE][INFO] - Checking called Test Case

2021-11-18 11:39:57 - [MESSAGE][INFO] - Starting to call Test Case 'Test Cases/Sekmeler/LinkSecilir'

2021-11-18 11:39:57 - [TEST_CASE][PASSED] - Test Cases/Sekmeler/LinkSecilir: Test Cases/Sekmeler/LinkSecilir

2021-11-18 11:39:57 - [TEST_STEP][PASSED] - navigateToUrl(Link, STOP_ON_FAILURE): Navigate to 'https://efatura-stage.elogo.com.tr/Despatch/DespatchAdviceDisplayPDF?InvoiceIDs=40854' successfully

2021-11-18 11:39:57 - [MESSAGE][INFO] - Checking url

2021-11-18 11:39:57 - [MESSAGE][INFO] - Navigating to 'https://efatura-stage.elogo.com.tr/Despatch/DespatchAdviceDisplayPDF?InvoiceIDs=40854'

2021-11-18 11:39:57 - [MESSAGE][PASSED] - Navigate to 'https://efatura-stage.elogo.com.tr/Despatch/DespatchAdviceDisplayPDF?InvoiceIDs=40854' successfully

2021-11-18 11:39:57 - [TEST_STEP][PASSED] - delay(2): Delayed 2 second(s)

2021-11-18 11:39:57 - [MESSAGE][INFO] - Delaying browser in 2 second(s)

2021-11-18 11:39:59 - [MESSAGE][PASSED] - Delayed 2 second(s)

2021-11-18 11:39:59 - [MESSAGE][PASSED] - Call Test Case 'Test Cases/Sekmeler/LinkSecilir' successfully

2021-11-18 11:39:59 - [MESSAGE][INFO] - Checking called Test Case

2021-11-18 11:39:59 - [MESSAGE][INFO] - Starting to call Test Case 'Test Cases/Sekmeler/MesajGeldiMi'

2021-11-18 11:39:59 - [TEST_CASE][PASSED] - Test Cases/Sekmeler/MesajGeldiMi: Test Cases/Sekmeler/MesajGeldiMi

2021-11-18 11:39:59 - [TEST_STEP][PASSED] - Method.TextDegerineEsitElementVarMi(findTestObject("Object Repository/Sekmeler/HataMesaji"), Mesaj): Method.TextDegerineEsitElementVarMi is PASSED

2021-11-18 11:39:59 - [MESSAGE][INFO] - Finding Test Object 'Object Repository/Sekmeler/HataMesaji'

2021-11-18 11:39:59 - [MESSAGE][INFO] - Checking timeout

2021-11-18 11:39:59 - [MESSAGE][INFO] - Finding web element with id: 'Object Repository/Sekmeler/HataMesaji' located by 'By.xpath: /html/body' in '10' second(s)

2021-11-18 11:39:59 - [MESSAGE][INFO] - Smart Wait Function is triggered

2021-11-18 11:40:00 - [MESSAGE][INFO] - Found 1 web elements with id: 'Object Repository/Sekmeler/HataMesaji' located by 'By.xpath: /html/body' in '10' second(s)

2021-11-18 11:40:00 - [MESSAGE][PASSED] - Method.TextDegerineEsitElementVarMi is PASSED

2021-11-18 11:40:00 - [MESSAGE][PASSED] - Call Test Case 'Test Cases/Sekmeler/MesajGeldiMi' successfully

2021-11-18 11:40:00 - [MESSAGE][INFO] - Checking called Test Case

2021-11-18 11:40:00 - [MESSAGE][INFO] - Starting to call Test Case 'Test Cases/Sekmeler/LinkSecilir'

2021-11-18 11:40:00 - [TEST_CASE][PASSED] - Test Cases/Sekmeler/LinkSecilir: Test Cases/Sekmeler/LinkSecilir

2021-11-18 11:40:00 - [TEST_STEP][PASSED] - navigateToUrl(Link, STOP_ON_FAILURE): Navigate to 'https://efatura-stage.elogo.com.tr/Despatch/ReceiptAdviceDisplayUBL?ReceiptAdviceID=2560' successfully

2021-11-18 11:40:00 - [MESSAGE][INFO] - Checking url

2021-11-18 11:40:00 - [MESSAGE][INFO] - Navigating to 'https://efatura-stage.elogo.com.tr/Despatch/ReceiptAdviceDisplayUBL?ReceiptAdviceID=2560'

2021-11-18 11:40:02 - [MESSAGE][PASSED] - Navigate to 'https://efatura-stage.elogo.com.tr/Despatch/ReceiptAdviceDisplayUBL?ReceiptAdviceID=2560' successfully

2021-11-18 11:40:02 - [TEST_STEP][PASSED] - delay(2): Delayed 2 second(s)

2021-11-18 11:40:02 - [MESSAGE][INFO] - Delaying browser in 2 second(s)

2021-11-18 11:40:04 - [MESSAGE][PASSED] - Delayed 2 second(s)

2021-11-18 11:40:04 - [MESSAGE][PASSED] - Call Test Case 'Test Cases/Sekmeler/LinkSecilir' successfully

2021-11-18 11:40:04 - [MESSAGE][INFO] - Checking called Test Case

2021-11-18 11:40:04 - [MESSAGE][INFO] - Starting to call Test Case 'Test Cases/Sekmeler/TagGeldiMi'

2021-11-18 11:40:04 - [TEST_CASE][PASSED] - Test Cases/Sekmeler/TagGeldiMi: Test Cases/Sekmeler/TagGeldiMi

2021-11-18 11:40:04 - [TEST_STEP][PASSED] - waitForElementPresent(findTestObject("Object Repository/Sekmeler/UBLTag"), 10): Object 'Object Repository/Sekmeler/UBLTag' is present

2021-11-18 11:40:04 - [MESSAGE][INFO] - Finding Test Object 'Object Repository/Sekmeler/UBLTag'

2021-11-18 11:40:04 - [MESSAGE][INFO] - Checking object

2021-11-18 11:40:04 - [MESSAGE][INFO] - Finding web element from Test Object's properties

2021-11-18 11:40:04 - [MESSAGE][INFO] - Checking timeout

2021-11-18 11:40:04 - [MESSAGE][INFO] - Finding web element with id: 'Object Repository/Sekmeler/UBLTag' located by 'By.cssSelector: #webkit-xml-viewer-source-xml>:first-child' in '10' second(s)

2021-11-18 11:40:04 - [MESSAGE][INFO] - Smart Wait Function is triggered

2021-11-18 11:40:04 - [MESSAGE][INFO] - Found 1 web elements with id: 'Object Repository/Sekmeler/UBLTag' located by 'By.cssSelector: #webkit-xml-viewer-source-xml>:first-child' in '10' second(s)

2021-11-18 11:40:04 - [MESSAGE][PASSED] - Object 'Object Repository/Sekmeler/UBLTag' is present

2021-11-18 11:40:04 - [TEST_STEP][PASSED] - println(toLowerCase().toString()): Found 1 web elements with id: 'Object Repository/Sekmeler/UBLTag' located by 'By.cssSelector: #webkit-xml-viewer-source-xml>:first-child' in '10' second(s)

2021-11-18 11:40:04 - [MESSAGE][INFO] - Finding Test Object 'Object Repository/Sekmeler/UBLTag'

2021-11-18 11:40:04 - [MESSAGE][INFO] - Finding web element from Test Object's properties

2021-11-18 11:40:04 - [MESSAGE][INFO] - Checking timeout

2021-11-18 11:40:04 - [MESSAGE][INFO] - Finding web element with id: 'Object Repository/Sekmeler/UBLTag' located by 'By.cssSelector: #webkit-xml-viewer-source-xml>:first-child' in '10' second(s)

2021-11-18 11:40:04 - [MESSAGE][INFO] - Smart Wait Function is triggered

2021-11-18 11:40:04 - [MESSAGE][INFO] - Found 1 web elements with id: 'Object Repository/Sekmeler/UBLTag' located by 'By.cssSelector: #webkit-xml-viewer-source-xml>:first-child' in '10' second(s)

2021-11-18 11:40:04 - [TEST_STEP][PASSED] - if (!(toString().contains(toString().toLowerCase()))): Found 1 web elements with id: 'Object Repository/Sekmeler/UBLTag' located by 'By.cssSelector: #webkit-xml-viewer-source-xml>:first-child' in '10' second(s)

2021-11-18 11:40:04 - [MESSAGE][INFO] - Finding Test Object 'Object Repository/Sekmeler/UBLTag'

2021-11-18 11:40:05 - [MESSAGE][INFO] - Finding web element from Test Object's properties

2021-11-18 11:40:05 - [MESSAGE][INFO] - Checking timeout

2021-11-18 11:40:05 - [MESSAGE][INFO] - Finding web element with id: 'Object Repository/Sekmeler/UBLTag' located by 'By.cssSelector: #webkit-xml-viewer-source-xml>:first-child' in '10' second(s)

2021-11-18 11:40:05 - [MESSAGE][INFO] - Smart Wait Function is triggered

2021-11-18 11:40:05 - [MESSAGE][INFO] - Found 1 web elements with id: 'Object Repository/Sekmeler/UBLTag' located by 'By.cssSelector: #webkit-xml-viewer-source-xml>:first-child' in '10' second(s)

2021-11-18 11:40:05 - [MESSAGE][PASSED] - Call Test Case 'Test Cases/Sekmeler/TagGeldiMi' successfully

2021-11-18 11:40:05 - [MESSAGE][INFO] - Checking called Test Case

2021-11-18 11:40:05 - [MESSAGE][INFO] - Starting to call Test Case 'Test Cases/Sekmeler/LinkSecilir'

2021-11-18 11:40:05 - [TEST_CASE][PASSED] - Test Cases/Sekmeler/LinkSecilir: Test Cases/Sekmeler/LinkSecilir

2021-11-18 11:40:05 - [TEST_STEP][PASSED] - navigateToUrl(Link, STOP_ON_FAILURE): Navigate to 'https://efatura-stage.elogo.com.tr/Despatch/ReceiptAdviceDisplayUBL?ReceiptAdviceID=2561' successfully

2021-11-18 11:40:05 - [MESSAGE][INFO] - Checking url

2021-11-18 11:40:05 - [MESSAGE][INFO] - Navigating to 'https://efatura-stage.elogo.com.tr/Despatch/ReceiptAdviceDisplayUBL?ReceiptAdviceID=2561'

2021-11-18 11:40:05 - [MESSAGE][PASSED] - Navigate to 'https://efatura-stage.elogo.com.tr/Despatch/ReceiptAdviceDisplayUBL?ReceiptAdviceID=2561' successfully

2021-11-18 11:40:05 - [TEST_STEP][PASSED] - delay(2): Delayed 2 second(s)

2021-11-18 11:40:05 - [MESSAGE][INFO] - Delaying browser in 2 second(s)

2021-11-18 11:40:07 - [MESSAGE][PASSED] - Delayed 2 second(s)

2021-11-18 11:40:07 - [MESSAGE][PASSED] - Call Test Case 'Test Cases/Sekmeler/LinkSecilir' successfully

2021-11-18 11:40:07 - [MESSAGE][INFO] - Checking called Test Case

2021-11-18 11:40:07 - [MESSAGE][INFO] - Starting to call Test Case 'Test Cases/Sekmeler/TagGeldiMi'

2021-11-18 11:40:07 - [TEST_CASE][PASSED] - Test Cases/Sekmeler/TagGeldiMi: Test Cases/Sekmeler/TagGeldiMi

2021-11-18 11:40:07 - [TEST_STEP][PASSED] - waitForElementPresent(findTestObject("Object Repository/Sekmeler/UBLTag"), 10): Object 'Object Repository/Sekmeler/UBLTag' is present

2021-11-18 11:40:07 - [MESSAGE][INFO] - Finding Test Object 'Object Repository/Sekmeler/UBLTag'

2021-11-18 11:40:07 - [MESSAGE][INFO] - Checking object

2021-11-18 11:40:07 - [MESSAGE][INFO] - Finding web element from Test Object's properties

2021-11-18 11:40:07 - [MESSAGE][INFO] - Checking timeout

2021-11-18 11:40:07 - [MESSAGE][INFO] - Finding web element with id: 'Object Repository/Sekmeler/UBLTag' located by 'By.cssSelector: #webkit-xml-viewer-source-xml>:first-child' in '10' second(s)

2021-11-18 11:40:07 - [MESSAGE][INFO] - Smart Wait Function is triggered

2021-11-18 11:40:07 - [MESSAGE][INFO] - Found 1 web elements with id: 'Object Repository/Sekmeler/UBLTag' located by 'By.cssSelector: #webkit-xml-viewer-source-xml>:first-child' in '10' second(s)

2021-11-18 11:40:07 - [MESSAGE][PASSED] - Object 'Object Repository/Sekmeler/UBLTag' is present

2021-11-18 11:40:07 - [TEST_STEP][PASSED] - println(toLowerCase().toString()): Found 1 web elements with id: 'Object Repository/Sekmeler/UBLTag' located by 'By.cssSelector: #webkit-xml-viewer-source-xml>:first-child' in '10' second(s)

2021-11-18 11:40:07 - [MESSAGE][INFO] - Finding Test Object 'Object Repository/Sekmeler/UBLTag'

2021-11-18 11:40:07 - [MESSAGE][INFO] - Finding web element from Test Object's properties

2021-11-18 11:40:07 - [MESSAGE][INFO] - Checking timeout

2021-11-18 11:40:07 - [MESSAGE][INFO] - Finding web element with id: 'Object Repository/Sekmeler/UBLTag' located by 'By.cssSelector: #webkit-xml-viewer-source-xml>:first-child' in '10' second(s)

2021-11-18 11:40:07 - [MESSAGE][INFO] - Smart Wait Function is triggered

2021-11-18 11:40:08 - [MESSAGE][INFO] - Found 1 web elements with id: 'Object Repository/Sekmeler/UBLTag' located by 'By.cssSelector: #webkit-xml-viewer-source-xml>:first-child' in '10' second(s)

2021-11-18 11:40:08 - [TEST_STEP][PASSED] - if (!(toString().contains(toString().toLowerCase()))): Found 1 web elements with id: 'Object Repository/Sekmeler/UBLTag' located by 'By.cssSelector: #webkit-xml-viewer-source-xml>:first-child' in '10' second(s)

2021-11-18 11:40:08 - [MESSAGE][INFO] - Finding Test Object 'Object Repository/Sekmeler/UBLTag'

2021-11-18 11:40:08 - [MESSAGE][INFO] - Finding web element from Test Object's properties

2021-11-18 11:40:08 - [MESSAGE][INFO] - Checking timeout

2021-11-18 11:40:08 - [MESSAGE][INFO] - Finding web element with id: 'Object Repository/Sekmeler/UBLTag' located by 'By.cssSelector: #webkit-xml-viewer-source-xml>:first-child' in '10' second(s)

2021-11-18 11:40:08 - [MESSAGE][INFO] - Smart Wait Function is triggered

2021-11-18 11:40:08 - [MESSAGE][INFO] - Found 1 web elements with id: 'Object Repository/Sekmeler/UBLTag' located by 'By.cssSelector: #webkit-xml-viewer-source-xml>:first-child' in '10' second(s)

2021-11-18 11:40:08 - [MESSAGE][PASSED] - Call Test Case 'Test Cases/Sekmeler/TagGeldiMi' successfully

2021-11-18 11:40:08 - [MESSAGE][INFO] - Checking called Test Case

2021-11-18 11:40:08 - [MESSAGE][INFO] - Starting to call Test Case 'Test Cases/Sekmeler/LinkSecilir'

2021-11-18 11:40:08 - [TEST_CASE][PASSED] - Test Cases/Sekmeler/LinkSecilir: Test Cases/Sekmeler/LinkSecilir

2021-11-18 11:40:08 - [TEST_STEP][PASSED] - navigateToUrl(Link, STOP_ON_FAILURE): Navigate to 'https://efatura-stage.elogo.com.tr/Despatch/ReceiptAdviceDisplay?ReceiptAdviceID=2560&OpType=2' successfully

2021-11-18 11:40:08 - [MESSAGE][INFO] - Checking url

2021-11-18 11:40:08 - [MESSAGE][INFO] - Navigating to 'https://efatura-stage.elogo.com.tr/Despatch/ReceiptAdviceDisplay?ReceiptAdviceID=2560&OpType=2'

2021-11-18 11:40:08 - [MESSAGE][PASSED] - Navigate to 'https://efatura-stage.elogo.com.tr/Despatch/ReceiptAdviceDisplay?ReceiptAdviceID=2560&OpType=2' successfully

2021-11-18 11:40:08 - [TEST_STEP][PASSED] - delay(2): Delayed 2 second(s)

2021-11-18 11:40:08 - [MESSAGE][INFO] - Delaying browser in 2 second(s)

2021-11-18 11:40:10 - [MESSAGE][PASSED] - Delayed 2 second(s)

2021-11-18 11:40:10 - [MESSAGE][PASSED] - Call Test Case 'Test Cases/Sekmeler/LinkSecilir' successfully

2021-11-18 11:40:10 - [MESSAGE][INFO] - Checking called Test Case

2021-11-18 11:40:10 - [MESSAGE][INFO] - Starting to call Test Case 'Test Cases/Sekmeler/YeniSekmeBasligindaVarMi'

2021-11-18 11:40:10 - [TEST_CASE][PASSED] - Test Cases/Sekmeler/YeniSekmeBasligindaVarMi: Test Cases/Sekmeler/YeniSekmeBasligindaVarMi

2021-11-18 11:40:10 - [TEST_STEP][PASSED] - verifyElementText(findTestObject("Object Repository/Sekmeler/Olusturma_Goster_Baslik"), Title): Actual text and expected text of test object 'Object Repository/Sekmeler/Olusturma_Goster_Baslik' are matched.

2021-11-18 11:40:10 - [MESSAGE][INFO] - Finding Test Object 'Object Repository/Sekmeler/Olusturma_Goster_Baslik'

2021-11-18 11:40:10 - [MESSAGE][INFO] - Checking object

2021-11-18 11:40:10 - [MESSAGE][INFO] - Finding web element from Test Object's properties

2021-11-18 11:40:10 - [MESSAGE][INFO] - Checking timeout

2021-11-18 11:40:10 - [MESSAGE][INFO] - Finding web element with id: 'Object Repository/Sekmeler/Olusturma_Goster_Baslik' located by 'By.cssSelector: h1>span,td>font,font' in '30' second(s)

2021-11-18 11:40:10 - [MESSAGE][INFO] - Smart Wait Function is triggered

2021-11-18 11:40:11 - [MESSAGE][INFO] - Found 1 web elements with id: 'Object Repository/Sekmeler/Olusturma_Goster_Baslik' located by 'By.cssSelector: h1>span,td>font,font' in '30' second(s)

2021-11-18 11:40:11 - [MESSAGE][PASSED] - Actual text and expected text of test object 'Object Repository/Sekmeler/Olusturma_Goster_Baslik' are matched.

2021-11-18 11:40:11 - [MESSAGE][PASSED] - Call Test Case 'Test Cases/Sekmeler/YeniSekmeBasligindaVarMi' successfully

2021-11-18 11:40:11 - [MESSAGE][INFO] - Checking called Test Case

2021-11-18 11:40:11 - [MESSAGE][INFO] - Starting to call Test Case 'Test Cases/Sekmeler/LinkSecilir'

2021-11-18 11:40:11 - [TEST_CASE][PASSED] - Test Cases/Sekmeler/LinkSecilir: Test Cases/Sekmeler/LinkSecilir

2021-11-18 11:40:11 - [TEST_STEP][PASSED] - navigateToUrl(Link, STOP_ON_FAILURE): Navigate to 'https://efatura-stage.elogo.com.tr/Despatch/ReceiptAdviceDisplay?ReceiptAdviceID=1639&OpType=2' successfully

2021-11-18 11:40:11 - [MESSAGE][INFO] - Checking url

2021-11-18 11:40:11 - [MESSAGE][INFO] - Navigating to 'https://efatura-stage.elogo.com.tr/Despatch/ReceiptAdviceDisplay?ReceiptAdviceID=1639&OpType=2'

2021-11-18 11:40:18 - [MESSAGE][PASSED] - Navigate to 'https://efatura-stage.elogo.com.tr/Despatch/ReceiptAdviceDisplay?ReceiptAdviceID=1639&OpType=2' successfully

2021-11-18 11:40:18 - [TEST_STEP][PASSED] - delay(2): Delayed 2 second(s)

2021-11-18 11:40:18 - [MESSAGE][INFO] - Delaying browser in 2 second(s)

2021-11-18 11:40:20 - [MESSAGE][PASSED] - Delayed 2 second(s)

2021-11-18 11:40:20 - [MESSAGE][PASSED] - Call Test Case 'Test Cases/Sekmeler/LinkSecilir' successfully

2021-11-18 11:40:20 - [MESSAGE][INFO] - Checking called Test Case

2021-11-18 11:40:20 - [MESSAGE][INFO] - Starting to call Test Case 'Test Cases/Sekmeler/MesajGeldiMi'

2021-11-18 11:40:20 - [TEST_CASE][PASSED] - Test Cases/Sekmeler/MesajGeldiMi: Test Cases/Sekmeler/MesajGeldiMi

2021-11-18 11:40:20 - [TEST_STEP][PASSED] - Method.TextDegerineEsitElementVarMi(findTestObject("Object Repository/Sekmeler/HataMesaji"), Mesaj): Method.TextDegerineEsitElementVarMi is PASSED

2021-11-18 11:40:20 - [MESSAGE][INFO] - Finding Test Object 'Object Repository/Sekmeler/HataMesaji'

2021-11-18 11:40:21 - [MESSAGE][INFO] - Checking timeout

2021-11-18 11:40:21 - [MESSAGE][INFO] - Finding web element with id: 'Object Repository/Sekmeler/HataMesaji' located by 'By.xpath: /html/body' in '10' second(s)

2021-11-18 11:40:21 - [MESSAGE][INFO] - Smart Wait Function is triggered

2021-11-18 11:40:21 - [MESSAGE][INFO] - Found 1 web elements with id: 'Object Repository/Sekmeler/HataMesaji' located by 'By.xpath: /html/body' in '10' second(s)

2021-11-18 11:40:21 - [MESSAGE][PASSED] - Method.TextDegerineEsitElementVarMi is PASSED

2021-11-18 11:40:21 - [MESSAGE][PASSED] - Call Test Case 'Test Cases/Sekmeler/MesajGeldiMi' successfully

2021-11-18 11:40:21 - [MESSAGE][INFO] - Checking called Test Case

2021-11-18 11:40:21 - [MESSAGE][INFO] - Starting to call Test Case 'Test Cases/Sekmeler/LinkSecilir'

2021-11-18 11:40:21 - [TEST_CASE][PASSED] - Test Cases/Sekmeler/LinkSecilir: Test Cases/Sekmeler/LinkSecilir

2021-11-18 11:40:21 - [TEST_STEP][PASSED] - navigateToUrl(Link, STOP_ON_FAILURE): Navigate to 'https://efatura-stage.elogo.com.tr/Despatch/ReceiptAdviceDisplay?ReceiptAdviceID=2591&OpType=1' successfully

2021-11-18 11:40:21 - [MESSAGE][INFO] - Checking url

2021-11-18 11:40:21 - [MESSAGE][INFO] - Navigating to 'https://efatura-stage.elogo.com.tr/Despatch/ReceiptAdviceDisplay?ReceiptAdviceID=2591&OpType=1'

2021-11-18 11:40:22 - [MESSAGE][PASSED] - Navigate to 'https://efatura-stage.elogo.com.tr/Despatch/ReceiptAdviceDisplay?ReceiptAdviceID=2591&OpType=1' successfully

2021-11-18 11:40:22 - [TEST_STEP][PASSED] - delay(2): Delayed 2 second(s)

2021-11-18 11:40:22 - [MESSAGE][INFO] - Delaying browser in 2 second(s)

2021-11-18 11:40:24 - [MESSAGE][PASSED] - Delayed 2 second(s)

2021-11-18 11:40:24 - [MESSAGE][PASSED] - Call Test Case 'Test Cases/Sekmeler/LinkSecilir' successfully

2021-11-18 11:40:24 - [MESSAGE][INFO] - Checking called Test Case

2021-11-18 11:40:24 - [MESSAGE][INFO] - Starting to call Test Case 'Test Cases/Sekmeler/YeniSekmeBasligindaVarMi'

2021-11-18 11:40:24 - [TEST_CASE][PASSED] - Test Cases/Sekmeler/YeniSekmeBasligindaVarMi: Test Cases/Sekmeler/YeniSekmeBasligindaVarMi

2021-11-18 11:40:24 - [TEST_STEP][PASSED] - verifyElementText(findTestObject("Object Repository/Sekmeler/Olusturma_Goster_Baslik"), Title): Actual text and expected text of test object 'Object Repository/Sekmeler/Olusturma_Goster_Baslik' are matched.

2021-11-18 11:40:24 - [MESSAGE][INFO] - Finding Test Object 'Object Repository/Sekmeler/Olusturma_Goster_Baslik'

2021-11-18 11:40:24 - [MESSAGE][INFO] - Checking object

2021-11-18 11:40:24 - [MESSAGE][INFO] - Finding web element from Test Object's properties

2021-11-18 11:40:24 - [MESSAGE][INFO] - Checking timeout

2021-11-18 11:40:24 - [MESSAGE][INFO] - Finding web element with id: 'Object Repository/Sekmeler/Olusturma_Goster_Baslik' located by 'By.cssSelector: h1>span,td>font,font' in '30' second(s)

2021-11-18 11:40:24 - [MESSAGE][INFO] - Smart Wait Function is triggered

2021-11-18 11:40:24 - [MESSAGE][INFO] - Found 1 web elements with id: 'Object Repository/Sekmeler/Olusturma_Goster_Baslik' located by 'By.cssSelector: h1>span,td>font,font' in '30' second(s)

2021-11-18 11:40:24 - [MESSAGE][PASSED] - Actual text and expected text of test object 'Object Repository/Sekmeler/Olusturma_Goster_Baslik' are matched.

2021-11-18 11:40:24 - [MESSAGE][PASSED] - Call Test Case 'Test Cases/Sekmeler/YeniSekmeBasligindaVarMi' successfully

2021-11-18 11:40:24 - [MESSAGE][INFO] - Checking called Test Case

2021-11-18 11:40:24 - [MESSAGE][INFO] - Starting to call Test Case 'Test Cases/Sekmeler/LinkSecilir'

2021-11-18 11:40:24 - [TEST_CASE][PASSED] - Test Cases/Sekmeler/LinkSecilir: Test Cases/Sekmeler/LinkSecilir

2021-11-18 11:40:24 - [TEST_STEP][PASSED] - navigateToUrl(Link, STOP_ON_FAILURE): Navigate to 'https://efatura-stage.elogo.com.tr/Despatch/ReceiptAdviceDisplay?ReceiptAdviceID=1639&OpType=1' successfully

2021-11-18 11:40:24 - [MESSAGE][INFO] - Checking url

2021-11-18 11:40:24 - [MESSAGE][INFO] - Navigating to 'https://efatura-stage.elogo.com.tr/Despatch/ReceiptAdviceDisplay?ReceiptAdviceID=1639&OpType=1'

2021-11-18 11:40:29 - [MESSAGE][PASSED] - Navigate to 'https://efatura-stage.elogo.com.tr/Despatch/ReceiptAdviceDisplay?ReceiptAdviceID=1639&OpType=1' successfully

2021-11-18 11:40:29 - [TEST_STEP][PASSED] - delay(2): Delayed 2 second(s)

2021-11-18 11:40:29 - [MESSAGE][INFO] - Delaying browser in 2 second(s)

2021-11-18 11:40:31 - [MESSAGE][PASSED] - Delayed 2 second(s)

2021-11-18 11:40:31 - [MESSAGE][PASSED] - Call Test Case 'Test Cases/Sekmeler/LinkSecilir' successfully

2021-11-18 11:40:31 - [MESSAGE][INFO] - Checking called Test Case

2021-11-18 11:40:31 - [MESSAGE][INFO] - Starting to call Test Case 'Test Cases/Sekmeler/MesajGeldiMi'

2021-11-18 11:40:31 - [TEST_CASE][PASSED] - Test Cases/Sekmeler/MesajGeldiMi: Test Cases/Sekmeler/MesajGeldiMi

2021-11-18 11:40:31 - [TEST_STEP][PASSED] - Method.TextDegerineEsitElementVarMi(findTestObject("Object Repository/Sekmeler/HataMesaji"), Mesaj): Method.TextDegerineEsitElementVarMi is PASSED

2021-11-18 11:40:31 - [MESSAGE][INFO] - Finding Test Object 'Object Repository/Sekmeler/HataMesaji'

2021-11-18 11:40:31 - [MESSAGE][INFO] - Checking timeout

2021-11-18 11:40:31 - [MESSAGE][INFO] - Finding web element with id: 'Object Repository/Sekmeler/HataMesaji' located by 'By.xpath: /html/body' in '10' second(s)

2021-11-18 11:40:31 - [MESSAGE][INFO] - Smart Wait Function is triggered

2021-11-18 11:40:32 - [MESSAGE][INFO] - Found 1 web elements with id: 'Object Repository/Sekmeler/HataMesaji' located by 'By.xpath: /html/body' in '10' second(s)

2021-11-18 11:40:32 - [MESSAGE][PASSED] - Method.TextDegerineEsitElementVarMi is PASSED

2021-11-18 11:40:32 - [MESSAGE][PASSED] - Call Test Case 'Test Cases/Sekmeler/MesajGeldiMi' successfully

2021-11-18 11:40:32 - [MESSAGE][INFO] - Checking called Test Case

2021-11-18 11:40:32 - [MESSAGE][INFO] - Starting to call Test Case 'Test Cases/Sekmeler/LinkSecilir'

2021-11-18 11:40:32 - [TEST_CASE][PASSED] - Test Cases/Sekmeler/LinkSecilir: Test Cases/Sekmeler/LinkSecilir

2021-11-18 11:40:32 - [TEST_STEP][PASSED] - navigateToUrl(Link, STOP_ON_FAILURE): Navigate to 'https://efatura-stage.elogo.com.tr/Despatch/ReceiptAdviceDisplayUBL?ReceiptAdviceID=2591' successfully

2021-11-18 11:40:32 - [MESSAGE][INFO] - Checking url

2021-11-18 11:40:32 - [MESSAGE][INFO] - Navigating to 'https://efatura-stage.elogo.com.tr/Despatch/ReceiptAdviceDisplayUBL?ReceiptAdviceID=2591'

2021-11-18 11:40:32 - [MESSAGE][PASSED] - Navigate to 'https://efatura-stage.elogo.com.tr/Despatch/ReceiptAdviceDisplayUBL?ReceiptAdviceID=2591' successfully

2021-11-18 11:40:32 - [TEST_STEP][PASSED] - delay(2): Delayed 2 second(s)

2021-11-18 11:40:32 - [MESSAGE][INFO] - Delaying browser in 2 second(s)

2021-11-18 11:40:34 - [MESSAGE][PASSED] - Delayed 2 second(s)

2021-11-18 11:40:34 - [MESSAGE][PASSED] - Call Test Case 'Test Cases/Sekmeler/LinkSecilir' successfully

2021-11-18 11:40:34 - [MESSAGE][INFO] - Checking called Test Case

2021-11-18 11:40:34 - [MESSAGE][INFO] - Starting to call Test Case 'Test Cases/Sekmeler/TagGeldiMi'

2021-11-18 11:40:34 - [TEST_CASE][PASSED] - Test Cases/Sekmeler/TagGeldiMi: Test Cases/Sekmeler/TagGeldiMi

2021-11-18 11:40:34 - [TEST_STEP][PASSED] - waitForElementPresent(findTestObject("Object Repository/Sekmeler/UBLTag"), 10): Object 'Object Repository/Sekmeler/UBLTag' is present

2021-11-18 11:40:34 - [MESSAGE][INFO] - Finding Test Object 'Object Repository/Sekmeler/UBLTag'

2021-11-18 11:40:34 - [MESSAGE][INFO] - Checking object

2021-11-18 11:40:34 - [MESSAGE][INFO] - Finding web element from Test Object's properties

2021-11-18 11:40:34 - [MESSAGE][INFO] - Checking timeout

2021-11-18 11:40:34 - [MESSAGE][INFO] - Finding web element with id: 'Object Repository/Sekmeler/UBLTag' located by 'By.cssSelector: #webkit-xml-viewer-source-xml>:first-child' in '10' second(s)

2021-11-18 11:40:34 - [MESSAGE][INFO] - Smart Wait Function is triggered

2021-11-18 11:40:34 - [MESSAGE][INFO] - Found 1 web elements with id: 'Object Repository/Sekmeler/UBLTag' located by 'By.cssSelector: #webkit-xml-viewer-source-xml>:first-child' in '10' second(s)

2021-11-18 11:40:34 - [MESSAGE][PASSED] - Object 'Object Repository/Sekmeler/UBLTag' is present

2021-11-18 11:40:34 - [TEST_STEP][PASSED] - println(toLowerCase().toString()): Found 1 web elements with id: 'Object Repository/Sekmeler/UBLTag' located by 'By.cssSelector: #webkit-xml-viewer-source-xml>:first-child' in '10' second(s)

2021-11-18 11:40:34 - [MESSAGE][INFO] - Finding Test Object 'Object Repository/Sekmeler/UBLTag'

2021-11-18 11:40:34 - [MESSAGE][INFO] - Finding web element from Test Object's properties

2021-11-18 11:40:34 - [MESSAGE][INFO] - Checking timeout

2021-11-18 11:40:34 - [MESSAGE][INFO] - Finding web element with id: 'Object Repository/Sekmeler/UBLTag' located by 'By.cssSelector: #webkit-xml-viewer-source-xml>:first-child' in '10' second(s)

2021-11-18 11:40:34 - [MESSAGE][INFO] - Smart Wait Function is triggered

2021-11-18 11:40:35 - [MESSAGE][INFO] - Found 1 web elements with id: 'Object Repository/Sekmeler/UBLTag' located by 'By.cssSelector: #webkit-xml-viewer-source-xml>:first-child' in '10' second(s)

2021-11-18 11:40:35 - [TEST_STEP][PASSED] - if (!(toString().contains(toString().toLowerCase()))): Found 1 web elements with id: 'Object Repository/Sekmeler/UBLTag' located by 'By.cssSelector: #webkit-xml-viewer-source-xml>:first-child' in '10' second(s)

2021-11-18 11:40:35 - [MESSAGE][INFO] - Finding Test Object 'Object Repository/Sekmeler/UBLTag'

2021-11-18 11:40:35 - [MESSAGE][INFO] - Finding web element from Test Object's properties

2021-11-18 11:40:35 - [MESSAGE][INFO] - Checking timeout

2021-11-18 11:40:35 - [MESSAGE][INFO] - Finding web element with id: 'Object Repository/Sekmeler/UBLTag' located by 'By.cssSelector: #webkit-xml-viewer-source-xml>:first-child' in '10' second(s)

2021-11-18 11:40:35 - [MESSAGE][INFO] - Smart Wait Function is triggered

2021-11-18 11:40:35 - [MESSAGE][INFO] - Found 1 web elements with id: 'Object Repository/Sekmeler/UBLTag' located by 'By.cssSelector: #webkit-xml-viewer-source-xml>:first-child' in '10' second(s)

2021-11-18 11:40:35 - [MESSAGE][PASSED] - Call Test Case 'Test Cases/Sekmeler/TagGeldiMi' successfully

2021-11-18 11:40:35 - [MESSAGE][INFO] - Checking called Test Case

2021-11-18 11:40:35 - [MESSAGE][INFO] - Starting to call Test Case 'Test Cases/Sekmeler/LinkSecilir'

2021-11-18 11:40:35 - [TEST_CASE][PASSED] - Test Cases/Sekmeler/LinkSecilir: Test Cases/Sekmeler/LinkSecilir

2021-11-18 11:40:35 - [TEST_STEP][PASSED] - navigateToUrl(Link, STOP_ON_FAILURE): Navigate to 'https://efatura-stage.elogo.com.tr/Despatch/DespatchAdvice?Param=0-2' successfully

2021-11-18 11:40:35 - [MESSAGE][INFO] - Checking url

2021-11-18 11:40:35 - [MESSAGE][INFO] - Navigating to 'https://efatura-stage.elogo.com.tr/Despatch/DespatchAdvice?Param=0-2'

2021-11-18 11:40:37 - [MESSAGE][PASSED] - Navigate to 'https://efatura-stage.elogo.com.tr/Despatch/DespatchAdvice?Param=0-2' successfully

2021-11-18 11:40:37 - [TEST_STEP][PASSED] - delay(2): Delayed 2 second(s)

2021-11-18 11:40:37 - [MESSAGE][INFO] - Delaying browser in 2 second(s)

2021-11-18 11:40:39 - [MESSAGE][PASSED] - Delayed 2 second(s)

2021-11-18 11:40:39 - [MESSAGE][PASSED] - Call Test Case 'Test Cases/Sekmeler/LinkSecilir' successfully

2021-11-18 11:40:39 - [MESSAGE][INFO] - Checking called Test Case

2021-11-18 11:40:39 - [MESSAGE][INFO] - Starting to call Test Case 'Test Cases/Kullanici_Islemleri/KullaniciIslemlerindenSecimYapilir'

2021-11-18 11:40:39 - [TEST_CASE][PASSED] - Test Cases/Kullanici_Islemleri/KullaniciIslemlerindenSecimYapilir: Test Cases/Kullanici_Islemleri/KullaniciIslemlerindenSecimYapilir

2021-11-18 11:40:39 - [TEST_STEP][PASSED] - waitForElementClickable(findTestObject("Object Repository/Kullanici_Islemleri/KullaniciIslemleri"), 10): Object 'Object Repository/Kullanici_Islemleri/KullaniciIslemleri' is clickable

2021-11-18 11:40:39 - [MESSAGE][INFO] - Finding Test Object 'Object Repository/Kullanici_Islemleri/KullaniciIslemleri'

2021-11-18 11:40:39 - [MESSAGE][INFO] - Checking object

2021-11-18 11:40:39 - [MESSAGE][INFO] - Checking timeout

2021-11-18 11:40:39 - [MESSAGE][INFO] - Finding web element from Test Object's properties

2021-11-18 11:40:39 - [MESSAGE][INFO] - Checking timeout

2021-11-18 11:40:39 - [MESSAGE][INFO] - Finding web element with id: 'Object Repository/Kullanici_Islemleri/KullaniciIslemleri' located by 'By.cssSelector: .dropdown>a>img' in '10' second(s)

2021-11-18 11:40:39 - [MESSAGE][INFO] - Smart Wait Function is triggered

2021-11-18 11:40:39 - [MESSAGE][INFO] - Found 1 web elements with id: 'Object Repository/Kullanici_Islemleri/KullaniciIslemleri' located by 'By.cssSelector: .dropdown>a>img' in '10' second(s)

2021-11-18 11:40:39 - [MESSAGE][PASSED] - Object 'Object Repository/Kullanici_Islemleri/KullaniciIslemleri' is clickable

2021-11-18 11:40:39 - [TEST_STEP][PASSED] - click(findTestObject("Object Repository/Kullanici_Islemleri/KullaniciIslemleri")): Object: 'Object Repository/Kullanici_Islemleri/KullaniciIslemleri' is clicked on

2021-11-18 11:40:39 - [MESSAGE][INFO] - Finding Test Object 'Object Repository/Kullanici_Islemleri/KullaniciIslemleri'

2021-11-18 11:40:39 - [MESSAGE][INFO] - Checking object

2021-11-18 11:40:39 - [MESSAGE][INFO] - Finding web element from Test Object's properties

2021-11-18 11:40:39 - [MESSAGE][INFO] - Checking timeout

2021-11-18 11:40:39 - [MESSAGE][INFO] - Finding web element with id: 'Object Repository/Kullanici_Islemleri/KullaniciIslemleri' located by 'By.cssSelector: .dropdown>a>img' in '30' second(s)

2021-11-18 11:40:39 - [MESSAGE][INFO] - Smart Wait Function is triggered

2021-11-18 11:40:40 - [MESSAGE][INFO] - Found 1 web elements with id: 'Object Repository/Kullanici_Islemleri/KullaniciIslemleri' located by 'By.cssSelector: .dropdown>a>img' in '30' second(s)

2021-11-18 11:40:40 - [MESSAGE][INFO] - Clicking on object: 'Object Repository/Kullanici_Islemleri/KullaniciIslemleri'

2021-11-18 11:40:40 - [MESSAGE][PASSED] - Object: 'Object Repository/Kullanici_Islemleri/KullaniciIslemleri' is clicked on

2021-11-18 11:40:40 - [TEST_STEP][PASSED] - Method.TextDegerineEsitElementeTikla(findTestObject("Object Repository/Kullanici_Islemleri/Secenekler"), Islem): Method.TextDegerineEsitElementeTikla is PASSED

2021-11-18 11:40:40 - [MESSAGE][INFO] - Finding Test Object 'Object Repository/Kullanici_Islemleri/Secenekler'

2021-11-18 11:40:40 - [MESSAGE][INFO] - Checking timeout

2021-11-18 11:40:40 - [MESSAGE][INFO] - Finding web element with id: 'Object Repository/Kullanici_Islemleri/Secenekler' located by 'By.cssSelector: .nav.navbar-nav.navbar-right li a' in '10' second(s)

2021-11-18 11:40:40 - [MESSAGE][INFO] - Smart Wait Function is triggered

2021-11-18 11:40:40 - [MESSAGE][INFO] - Found 22 web elements with id: 'Object Repository/Kullanici_Islemleri/Secenekler' located by 'By.cssSelector: .nav.navbar-nav.navbar-right li a' in '10' second(s)

2021-11-18 11:40:42 - [MESSAGE][PASSED] - Method.TextDegerineEsitElementeTikla is PASSED

2021-11-18 11:40:42 - [TEST_STEP][PASSED] - verifyElementNotPresent(findTestObject("Object Repository/Kullanici_Islemleri/Secenekler"), 10): Web element with id: 'Object Repository/Kullanici_Islemleri/Secenekler' located by 'By.cssSelector: .nav.navbar-nav.navbar-right li a' is not present after '10' second(s)

2021-11-18 11:40:42 - [MESSAGE][INFO] - Finding Test Object 'Object Repository/Kullanici_Islemleri/Secenekler'

2021-11-18 11:40:42 - [MESSAGE][INFO] - Checking object

2021-11-18 11:40:42 - [MESSAGE][INFO] - Checking timeout

2021-11-18 11:40:42 - [MESSAGE][INFO] - Finding web element with id: 'Object Repository/Kullanici_Islemleri/Secenekler' located by 'By.cssSelector: .nav.navbar-nav.navbar-right li a' in '10' second(s)

2021-11-18 11:40:42 - [MESSAGE][INFO] - Smart Wait Function is triggered

2021-11-18 11:40:43 - [MESSAGE][PASSED] - Web element with id: 'Object Repository/Kullanici_Islemleri/Secenekler' located by 'By.cssSelector: .nav.navbar-nav.navbar-right li a' is not present after '10' second(s)

2021-11-18 11:40:43 - [MESSAGE][PASSED] - Call Test Case 'Test Cases/Kullanici_Islemleri/KullaniciIslemlerindenSecimYapilir' successfully

2021-11-18 11:40:43 - [MESSAGE][INFO] - Checking called Test Case

2021-11-18 11:40:43 - [MESSAGE][INFO] - Starting to call Test Case 'Test Cases/Sayfalar/Giris_Sayfasi/Login'

2021-11-18 11:40:43 - [TEST_CASE][PASSED] - Test Cases/Sayfalar/Giris_Sayfasi/Login: Test Cases/Sayfalar/Giris_Sayfasi/Login

2021-11-18 11:40:43 - [TEST_STEP][PASSED] - Sayfa_Basligi = getWindowTitle(): Current window's title is: 'LOGO e-Fatura'

2021-11-18 11:40:43 - [MESSAGE][INFO] - Getting current window's title

2021-11-18 11:40:43 - [MESSAGE][PASSED] - Current window's title is: 'LOGO e-Fatura'

2021-11-18 11:40:43 - [TEST_STEP][PASSED] - verifyMatch(Sayfa_Basligi, "LOGO e-Fatura", false): Actual text 'LOGO e-Fatura' and expected text 'LOGO e-Fatura' are matched 

2021-11-18 11:40:43 - [MESSAGE][INFO] - Matching actual text 'LOGO e-Fatura' with expected text 'LOGO e-Fatura'

2021-11-18 11:40:43 - [MESSAGE][PASSED] - Actual text 'LOGO e-Fatura' and expected text 'LOGO e-Fatura' are matched 

2021-11-18 11:40:43 - [TEST_STEP][PASSED] - sendKeys(findTestObject("Sayfalar/Giris_Sayfasi/Firma_Kodu"), KullaniciAdi): Keys 'ELOGOGIB' sent to object: 'Object Repository/Sayfalar/Giris_Sayfasi/Firma_Kodu'

2021-11-18 11:40:43 - [MESSAGE][INFO] - Finding Test Object 'Object Repository/Sayfalar/Giris_Sayfasi/Firma_Kodu'

2021-11-18 11:40:43 - [MESSAGE][INFO] - Sending keys 'ELOGOGIB' to object: 'Object Repository/Sayfalar/Giris_Sayfasi/Firma_Kodu'

2021-11-18 11:40:43 - [MESSAGE][INFO] - Finding web element from Test Object's properties

2021-11-18 11:40:43 - [MESSAGE][INFO] - Checking timeout

2021-11-18 11:40:43 - [MESSAGE][INFO] - Finding web element with id: 'Object Repository/Sayfalar/Giris_Sayfasi/Firma_Kodu' located by 'By.xpath: //*[@id = 'AccountName']' in '30' second(s)

2021-11-18 11:40:43 - [MESSAGE][INFO] - Smart Wait Function is triggered

2021-11-18 11:40:43 - [MESSAGE][INFO] - Found 1 web elements with id: 'Object Repository/Sayfalar/Giris_Sayfasi/Firma_Kodu' located by 'By.xpath: //*[@id = 'AccountName']' in '30' second(s)

2021-11-18 11:40:43 - [MESSAGE][PASSED] - Keys 'ELOGOGIB' sent to object: 'Object Repository/Sayfalar/Giris_Sayfasi/Firma_Kodu'

2021-11-18 11:40:43 - [TEST_STEP][PASSED] - sendKeys(findTestObject("Sayfalar/Giris_Sayfasi/Sifre"), Sifre): Keys '123456' sent to object: 'Object Repository/Sayfalar/Giris_Sayfasi/Sifre'

2021-11-18 11:40:43 - [MESSAGE][INFO] - Finding Test Object 'Object Repository/Sayfalar/Giris_Sayfasi/Sifre'

2021-11-18 11:40:43 - [MESSAGE][INFO] - Sending keys '123456' to object: 'Object Repository/Sayfalar/Giris_Sayfasi/Sifre'

2021-11-18 11:40:43 - [MESSAGE][INFO] - Finding web element from Test Object's properties

2021-11-18 11:40:43 - [MESSAGE][INFO] - Checking timeout

2021-11-18 11:40:43 - [MESSAGE][INFO] - Finding web element with id: 'Object Repository/Sayfalar/Giris_Sayfasi/Sifre' located by 'By.xpath: //*[@id = 'Password']' in '30' second(s)

2021-11-18 11:40:43 - [MESSAGE][INFO] - Smart Wait Function is triggered

2021-11-18 11:40:44 - [MESSAGE][INFO] - Found 1 web elements with id: 'Object Repository/Sayfalar/Giris_Sayfasi/Sifre' located by 'By.xpath: //*[@id = 'Password']' in '30' second(s)

2021-11-18 11:40:44 - [MESSAGE][PASSED] - Keys '123456' sent to object: 'Object Repository/Sayfalar/Giris_Sayfasi/Sifre'

2021-11-18 11:40:44 - [TEST_STEP][PASSED] - findWebElement(findTestObject("Sayfalar/Giris_Sayfasi/Giris_Butonu")).click(): Found 1 web elements with id: 'Object Repository/Sayfalar/Giris_Sayfasi/Giris_Butonu' located by 'By.cssSelector: #btnLogin' in '30' second(s)

2021-11-18 11:40:44 - [MESSAGE][INFO] - Finding Test Object 'Object Repository/Sayfalar/Giris_Sayfasi/Giris_Butonu'

2021-11-18 11:40:44 - [MESSAGE][INFO] - Finding web element from Test Object's properties

2021-11-18 11:40:44 - [MESSAGE][INFO] - Checking timeout

2021-11-18 11:40:44 - [MESSAGE][INFO] - Finding web element with id: 'Object Repository/Sayfalar/Giris_Sayfasi/Giris_Butonu' located by 'By.cssSelector: #btnLogin' in '30' second(s)

2021-11-18 11:40:44 - [MESSAGE][INFO] - Smart Wait Function is triggered

2021-11-18 11:40:44 - [MESSAGE][INFO] - Found 1 web elements with id: 'Object Repository/Sayfalar/Giris_Sayfasi/Giris_Butonu' located by 'By.cssSelector: #btnLogin' in '30' second(s)

2021-11-18 11:40:45 - [TEST_STEP][PASSED] - if (verifyElementPresent(findTestObject("Object Repository/Sayfalar/Giris_Sayfasi/RetveTamam_Butonu"), 5, OPTIONAL)): null

2021-11-18 11:40:45 - [MESSAGE][INFO] - Finding Test Object 'Object Repository/Sayfalar/Giris_Sayfasi/RetveTamam_Butonu'

2021-11-18 11:40:45 - [MESSAGE][INFO] - Checking object

2021-11-18 11:40:45 - [MESSAGE][INFO] - Finding web element from Test Object's properties

2021-11-18 11:40:45 - [MESSAGE][INFO] - Checking timeout

2021-11-18 11:40:45 - [MESSAGE][INFO] - Finding web element with id: 'Object Repository/Sayfalar/Giris_Sayfasi/RetveTamam_Butonu' located by 'By.xpath: //*[@class = 'btn btn-default']' in '5' second(s)

2021-11-18 11:40:45 - [MESSAGE][INFO] - Smart Wait Function is triggered

2021-11-18 11:40:45 - [MESSAGE][INFO] - Found 1 web elements with id: 'Object Repository/Sayfalar/Giris_Sayfasi/RetveTamam_Butonu' located by 'By.xpath: //*[@class = 'btn btn-default']' in '5' second(s)

2021-11-18 11:40:45 - [MESSAGE][PASSED] - Object 'Object Repository/Sayfalar/Giris_Sayfasi/RetveTamam_Butonu' is present

2021-11-18 11:40:45 - [TEST_STEP][PASSED] - click(findTestObject("Object Repository/Sayfalar/Giris_Sayfasi/RetveTamam_Butonu")): Object: 'Object Repository/Sayfalar/Giris_Sayfasi/RetveTamam_Butonu' is clicked on

2021-11-18 11:40:45 - [MESSAGE][INFO] - Finding Test Object 'Object Repository/Sayfalar/Giris_Sayfasi/RetveTamam_Butonu'

2021-11-18 11:40:45 - [MESSAGE][INFO] - Checking object

2021-11-18 11:40:45 - [MESSAGE][INFO] - Finding web element from Test Object's properties

2021-11-18 11:40:45 - [MESSAGE][INFO] - Checking timeout

2021-11-18 11:40:45 - [MESSAGE][INFO] - Finding web element with id: 'Object Repository/Sayfalar/Giris_Sayfasi/RetveTamam_Butonu' located by 'By.xpath: //*[@class = 'btn btn-default']' in '30' second(s)

2021-11-18 11:40:45 - [MESSAGE][INFO] - Smart Wait Function is triggered

2021-11-18 11:40:46 - [MESSAGE][INFO] - Found 1 web elements with id: 'Object Repository/Sayfalar/Giris_Sayfasi/RetveTamam_Butonu' located by 'By.xpath: //*[@class = 'btn btn-default']' in '30' second(s)

2021-11-18 11:40:46 - [MESSAGE][INFO] - Clicking on object: 'Object Repository/Sayfalar/Giris_Sayfasi/RetveTamam_Butonu'

2021-11-18 11:40:46 - [MESSAGE][PASSED] - Object: 'Object Repository/Sayfalar/Giris_Sayfasi/RetveTamam_Butonu' is clicked on

2021-11-18 11:40:46 - [TEST_STEP][PASSED] - click(findTestObject("Object Repository/Sayfalar/Giris_Sayfasi/RetveTamam_Butonu")): Object: 'Object Repository/Sayfalar/Giris_Sayfasi/RetveTamam_Butonu' is clicked on

2021-11-18 11:40:46 - [MESSAGE][INFO] - Finding Test Object 'Object Repository/Sayfalar/Giris_Sayfasi/RetveTamam_Butonu'

2021-11-18 11:40:46 - [MESSAGE][INFO] - Checking object

2021-11-18 11:40:46 - [MESSAGE][INFO] - Finding web element from Test Object's properties

2021-11-18 11:40:46 - [MESSAGE][INFO] - Checking timeout

2021-11-18 11:40:46 - [MESSAGE][INFO] - Finding web element with id: 'Object Repository/Sayfalar/Giris_Sayfasi/RetveTamam_Butonu' located by 'By.xpath: //*[@class = 'btn btn-default']' in '30' second(s)

2021-11-18 11:40:46 - [MESSAGE][INFO] - Smart Wait Function is triggered

2021-11-18 11:40:49 - [MESSAGE][INFO] - Found 1 web elements with id: 'Object Repository/Sayfalar/Giris_Sayfasi/RetveTamam_Butonu' located by 'By.xpath: //*[@class = 'btn btn-default']' in '30' second(s)

2021-11-18 11:40:49 - [MESSAGE][INFO] - Clicking on object: 'Object Repository/Sayfalar/Giris_Sayfasi/RetveTamam_Butonu'

2021-11-18 11:40:49 - [MESSAGE][PASSED] - Object: 'Object Repository/Sayfalar/Giris_Sayfasi/RetveTamam_Butonu' is clicked on

2021-11-18 11:40:49 - [TEST_STEP][PASSED] - if (verifyElementPresent(findTestObject("Sayfalar/Giris_Sayfasi/PopupOK"), 5, OPTIONAL)): null

2021-11-18 11:40:49 - [MESSAGE][INFO] - Finding Test Object 'Object Repository/Sayfalar/Giris_Sayfasi/PopupOK'

2021-11-18 11:40:49 - [MESSAGE][INFO] - Checking object

2021-11-18 11:40:49 - [MESSAGE][INFO] - Finding web element from Test Object's properties

2021-11-18 11:40:49 - [MESSAGE][INFO] - Checking timeout

2021-11-18 11:40:49 - [MESSAGE][INFO] - Finding web element with id: 'Object Repository/Sayfalar/Giris_Sayfasi/PopupOK' located by 'By.cssSelector: .btn.btn-success' in '5' second(s)

2021-11-18 11:40:49 - [MESSAGE][INFO] - Smart Wait Function is triggered

2021-11-18 11:40:50 - [MESSAGE][INFO] - Found 1 web elements with id: 'Object Repository/Sayfalar/Giris_Sayfasi/PopupOK' located by 'By.cssSelector: .btn.btn-success' in '5' second(s)

2021-11-18 11:40:50 - [MESSAGE][PASSED] - Object 'Object Repository/Sayfalar/Giris_Sayfasi/PopupOK' is present

2021-11-18 11:40:50 - [TEST_STEP][PASSED] - click(findTestObject("Object Repository/Sayfalar/Giris_Sayfasi/PopupCarpiGiris")): Object: 'Object Repository/Sayfalar/Giris_Sayfasi/PopupCarpiGiris' is clicked on

2021-11-18 11:40:50 - [MESSAGE][INFO] - Finding Test Object 'Object Repository/Sayfalar/Giris_Sayfasi/PopupCarpiGiris'

2021-11-18 11:40:50 - [MESSAGE][INFO] - Checking object

2021-11-18 11:40:50 - [MESSAGE][INFO] - Finding web element from Test Object's properties

2021-11-18 11:40:50 - [MESSAGE][INFO] - Checking timeout

2021-11-18 11:40:50 - [MESSAGE][INFO] - Finding web element with id: 'Object Repository/Sayfalar/Giris_Sayfasi/PopupCarpiGiris' located by 'By.cssSelector: .bootbox-close-button.close' in '30' second(s)

2021-11-18 11:40:50 - [MESSAGE][INFO] - Smart Wait Function is triggered

2021-11-18 11:40:50 - [MESSAGE][INFO] - Found 1 web elements with id: 'Object Repository/Sayfalar/Giris_Sayfasi/PopupCarpiGiris' located by 'By.cssSelector: .bootbox-close-button.close' in '30' second(s)

2021-11-18 11:40:50 - [MESSAGE][INFO] - Clicking on object: 'Object Repository/Sayfalar/Giris_Sayfasi/PopupCarpiGiris'

2021-11-18 11:40:50 - [MESSAGE][PASSED] - Object: 'Object Repository/Sayfalar/Giris_Sayfasi/PopupCarpiGiris' is clicked on

2021-11-18 11:40:50 - [TEST_STEP][PASSED] - verifyElementVisible(findTestObject("Object Repository/Kullanici_Islemleri/KullaniciIslemleri")): Object 'Object Repository/Kullanici_Islemleri/KullaniciIslemleri' is visible

2021-11-18 11:40:50 - [MESSAGE][INFO] - Finding Test Object 'Object Repository/Kullanici_Islemleri/KullaniciIslemleri'

2021-11-18 11:40:50 - [MESSAGE][INFO] - Checking object

2021-11-18 11:40:50 - [MESSAGE][INFO] - Finding web element from Test Object's properties

2021-11-18 11:40:50 - [MESSAGE][INFO] - Checking timeout

2021-11-18 11:40:50 - [MESSAGE][INFO] - Finding web element with id: 'Object Repository/Kullanici_Islemleri/KullaniciIslemleri' located by 'By.cssSelector: .dropdown>a>img' in '30' second(s)

2021-11-18 11:40:50 - [MESSAGE][INFO] - Smart Wait Function is triggered

2021-11-18 11:40:51 - [MESSAGE][INFO] - Found 1 web elements with id: 'Object Repository/Kullanici_Islemleri/KullaniciIslemleri' located by 'By.cssSelector: .dropdown>a>img' in '30' second(s)

2021-11-18 11:40:51 - [MESSAGE][PASSED] - Object 'Object Repository/Kullanici_Islemleri/KullaniciIslemleri' is visible

2021-11-18 11:40:51 - [MESSAGE][PASSED] - Call Test Case 'Test Cases/Sayfalar/Giris_Sayfasi/Login' successfully

2021-11-18 11:40:51 - [MESSAGE][INFO] - Checking called Test Case

2021-11-18 11:40:51 - [MESSAGE][INFO] - Starting to call Test Case 'Test Cases/Sekmeler/LinkSecilir'

2021-11-18 11:40:51 - [TEST_CASE][PASSED] - Test Cases/Sekmeler/LinkSecilir: Test Cases/Sekmeler/LinkSecilir

2021-11-18 11:40:51 - [TEST_STEP][PASSED] - navigateToUrl(Link, STOP_ON_FAILURE): Navigate to 'https://efatura-stage.elogo.com.tr/Despatch/ReceiptAdviceDisplay?ReceiptAdviceID=2625&OpType=2' successfully

2021-11-18 11:40:51 - [MESSAGE][INFO] - Checking url

2021-11-18 11:40:51 - [MESSAGE][INFO] - Navigating to 'https://efatura-stage.elogo.com.tr/Despatch/ReceiptAdviceDisplay?ReceiptAdviceID=2625&OpType=2'

2021-11-18 11:41:02 - [MESSAGE][PASSED] - Navigate to 'https://efatura-stage.elogo.com.tr/Despatch/ReceiptAdviceDisplay?ReceiptAdviceID=2625&OpType=2' successfully

2021-11-18 11:41:02 - [TEST_STEP][PASSED] - delay(2): Delayed 2 second(s)

2021-11-18 11:41:02 - [MESSAGE][INFO] - Delaying browser in 2 second(s)

2021-11-18 11:41:04 - [MESSAGE][PASSED] - Delayed 2 second(s)

2021-11-18 11:41:04 - [MESSAGE][PASSED] - Call Test Case 'Test Cases/Sekmeler/LinkSecilir' successfully

2021-11-18 11:41:04 - [MESSAGE][INFO] - Checking called Test Case

2021-11-18 11:41:04 - [MESSAGE][INFO] - Starting to call Test Case 'Test Cases/Sekmeler/MesajGeldiMi'

2021-11-18 11:41:04 - [TEST_CASE][PASSED] - Test Cases/Sekmeler/MesajGeldiMi: Test Cases/Sekmeler/MesajGeldiMi

2021-11-18 11:41:04 - [TEST_STEP][PASSED] - Method.TextDegerineEsitElementVarMi(findTestObject("Object Repository/Sekmeler/HataMesaji"), Mesaj): Method.TextDegerineEsitElementVarMi is PASSED

2021-11-18 11:41:04 - [MESSAGE][INFO] - Finding Test Object 'Object Repository/Sekmeler/HataMesaji'

2021-11-18 11:41:04 - [MESSAGE][INFO] - Checking timeout

2021-11-18 11:41:04 - [MESSAGE][INFO] - Finding web element with id: 'Object Repository/Sekmeler/HataMesaji' located by 'By.xpath: /html/body' in '10' second(s)

2021-11-18 11:41:04 - [MESSAGE][INFO] - Smart Wait Function is triggered

2021-11-18 11:41:05 - [MESSAGE][INFO] - Found 1 web elements with id: 'Object Repository/Sekmeler/HataMesaji' located by 'By.xpath: /html/body' in '10' second(s)

2021-11-18 11:41:05 - [MESSAGE][PASSED] - Method.TextDegerineEsitElementVarMi is PASSED

2021-11-18 11:41:05 - [MESSAGE][PASSED] - Call Test Case 'Test Cases/Sekmeler/MesajGeldiMi' successfully

2021-11-18 11:41:05 - [MESSAGE][INFO] - Checking called Test Case

2021-11-18 11:41:05 - [MESSAGE][INFO] - Starting to call Test Case 'Test Cases/Sekmeler/LinkSecilir'

2021-11-18 11:41:05 - [TEST_CASE][PASSED] - Test Cases/Sekmeler/LinkSecilir: Test Cases/Sekmeler/LinkSecilir

2021-11-18 11:41:05 - [TEST_STEP][PASSED] - navigateToUrl(Link, STOP_ON_FAILURE): Navigate to 'https://efatura-stage.elogo.com.tr/Despatch/DespatchAdvice?Param=0-2' successfully

2021-11-18 11:41:05 - [MESSAGE][INFO] - Checking url

2021-11-18 11:41:05 - [MESSAGE][INFO] - Navigating to 'https://efatura-stage.elogo.com.tr/Despatch/DespatchAdvice?Param=0-2'

2021-11-18 11:41:06 - [MESSAGE][PASSED] - Navigate to 'https://efatura-stage.elogo.com.tr/Despatch/DespatchAdvice?Param=0-2' successfully

2021-11-18 11:41:06 - [TEST_STEP][PASSED] - delay(2): Delayed 2 second(s)

2021-11-18 11:41:06 - [MESSAGE][INFO] - Delaying browser in 2 second(s)

2021-11-18 11:41:08 - [MESSAGE][PASSED] - Delayed 2 second(s)

2021-11-18 11:41:08 - [MESSAGE][PASSED] - Call Test Case 'Test Cases/Sekmeler/LinkSecilir' successfully

2021-11-18 11:41:08 - [MESSAGE][INFO] - Checking called Test Case

2021-11-18 11:41:08 - [MESSAGE][INFO] - Starting to call Test Case 'Test Cases/Kullanici_Islemleri/KullaniciIslemlerindenSecimYapilir'

2021-11-18 11:41:08 - [TEST_CASE][PASSED] - Test Cases/Kullanici_Islemleri/KullaniciIslemlerindenSecimYapilir: Test Cases/Kullanici_Islemleri/KullaniciIslemlerindenSecimYapilir

2021-11-18 11:41:08 - [TEST_STEP][PASSED] - waitForElementClickable(findTestObject("Object Repository/Kullanici_Islemleri/KullaniciIslemleri"), 10): Object 'Object Repository/Kullanici_Islemleri/KullaniciIslemleri' is clickable

2021-11-18 11:41:08 - [MESSAGE][INFO] - Finding Test Object 'Object Repository/Kullanici_Islemleri/KullaniciIslemleri'

2021-11-18 11:41:08 - [MESSAGE][INFO] - Checking object

2021-11-18 11:41:08 - [MESSAGE][INFO] - Checking timeout

2021-11-18 11:41:08 - [MESSAGE][INFO] - Finding web element from Test Object's properties

2021-11-18 11:41:08 - [MESSAGE][INFO] - Checking timeout

2021-11-18 11:41:08 - [MESSAGE][INFO] - Finding web element with id: 'Object Repository/Kullanici_Islemleri/KullaniciIslemleri' located by 'By.cssSelector: .dropdown>a>img' in '10' second(s)

2021-11-18 11:41:08 - [MESSAGE][INFO] - Smart Wait Function is triggered

2021-11-18 11:41:09 - [MESSAGE][INFO] - Found 1 web elements with id: 'Object Repository/Kullanici_Islemleri/KullaniciIslemleri' located by 'By.cssSelector: .dropdown>a>img' in '10' second(s)

2021-11-18 11:41:09 - [MESSAGE][PASSED] - Object 'Object Repository/Kullanici_Islemleri/KullaniciIslemleri' is clickable

2021-11-18 11:41:09 - [TEST_STEP][PASSED] - click(findTestObject("Object Repository/Kullanici_Islemleri/KullaniciIslemleri")): Object: 'Object Repository/Kullanici_Islemleri/KullaniciIslemleri' is clicked on

2021-11-18 11:41:09 - [MESSAGE][INFO] - Finding Test Object 'Object Repository/Kullanici_Islemleri/KullaniciIslemleri'

2021-11-18 11:41:09 - [MESSAGE][INFO] - Checking object

2021-11-18 11:41:09 - [MESSAGE][INFO] - Finding web element from Test Object's properties

2021-11-18 11:41:09 - [MESSAGE][INFO] - Checking timeout

2021-11-18 11:41:09 - [MESSAGE][INFO] - Finding web element with id: 'Object Repository/Kullanici_Islemleri/KullaniciIslemleri' located by 'By.cssSelector: .dropdown>a>img' in '30' second(s)

2021-11-18 11:41:09 - [MESSAGE][INFO] - Smart Wait Function is triggered

2021-11-18 11:41:09 - [MESSAGE][INFO] - Found 1 web elements with id: 'Object Repository/Kullanici_Islemleri/KullaniciIslemleri' located by 'By.cssSelector: .dropdown>a>img' in '30' second(s)

2021-11-18 11:41:09 - [MESSAGE][INFO] - Clicking on object: 'Object Repository/Kullanici_Islemleri/KullaniciIslemleri'

2021-11-18 11:41:09 - [MESSAGE][PASSED] - Object: 'Object Repository/Kullanici_Islemleri/KullaniciIslemleri' is clicked on

2021-11-18 11:41:09 - [TEST_STEP][PASSED] - Method.TextDegerineEsitElementeTikla(findTestObject("Object Repository/Kullanici_Islemleri/Secenekler"), Islem): Method.TextDegerineEsitElementeTikla is PASSED

2021-11-18 11:41:09 - [MESSAGE][INFO] - Finding Test Object 'Object Repository/Kullanici_Islemleri/Secenekler'

2021-11-18 11:41:09 - [MESSAGE][INFO] - Checking timeout

2021-11-18 11:41:09 - [MESSAGE][INFO] - Finding web element with id: 'Object Repository/Kullanici_Islemleri/Secenekler' located by 'By.cssSelector: .nav.navbar-nav.navbar-right li a' in '10' second(s)

2021-11-18 11:41:09 - [MESSAGE][INFO] - Smart Wait Function is triggered

2021-11-18 11:41:10 - [MESSAGE][INFO] - Found 22 web elements with id: 'Object Repository/Kullanici_Islemleri/Secenekler' located by 'By.cssSelector: .nav.navbar-nav.navbar-right li a' in '10' second(s)

2021-11-18 11:41:11 - [MESSAGE][PASSED] - Method.TextDegerineEsitElementeTikla is PASSED

2021-11-18 11:41:11 - [TEST_STEP][PASSED] - verifyElementNotPresent(findTestObject("Object Repository/Kullanici_Islemleri/Secenekler"), 10): Web element with id: 'Object Repository/Kullanici_Islemleri/Secenekler' located by 'By.cssSelector: .nav.navbar-nav.navbar-right li a' is not present after '10' second(s)

2021-11-18 11:41:11 - [MESSAGE][INFO] - Finding Test Object 'Object Repository/Kullanici_Islemleri/Secenekler'

2021-11-18 11:41:11 - [MESSAGE][INFO] - Checking object

2021-11-18 11:41:11 - [MESSAGE][INFO] - Checking timeout

2021-11-18 11:41:11 - [MESSAGE][INFO] - Finding web element with id: 'Object Repository/Kullanici_Islemleri/Secenekler' located by 'By.cssSelector: .nav.navbar-nav.navbar-right li a' in '10' second(s)

2021-11-18 11:41:11 - [MESSAGE][INFO] - Smart Wait Function is triggered

2021-11-18 11:41:12 - [MESSAGE][PASSED] - Web element with id: 'Object Repository/Kullanici_Islemleri/Secenekler' located by 'By.cssSelector: .nav.navbar-nav.navbar-right li a' is not present after '10' second(s)

2021-11-18 11:41:12 - [MESSAGE][PASSED] - Call Test Case 'Test Cases/Kullanici_Islemleri/KullaniciIslemlerindenSecimYapilir' successfully

2021-11-18 11:41:12 - [TEST_CASE][PASSED] - Start Test Case : SCENARIO e-Irsaliye Erisim Kontrol: SCENARIO e-Irsaliye Erisim Kontrol

2021-11-18 11:41:12 - [TEST_STEP][PASSED] - Kullanıcı adı ELOGO6 ve Şifre 123456 olarak giriş yapılır: Kullanıcı adı ELOGO6 ve Şifre 123456 olarak giriş yapılır

2021-11-18 11:41:12 - [MESSAGE][PASSED] - Kullanıcı adı ELOGO6 ve Şifre 123456 olarak giriş yapılır

2021-11-18 11:41:12 - [TEST_STEP][PASSED] - https://efatura-stage.elogo.com.tr/Despatch/DespatchAdviceDisplayUbl?InvoiceIDs=43117 isimli linke gidilir: https://efatura-stage.elogo.com.tr/Despatch/DespatchAdviceDisplayUbl?InvoiceIDs=43117 isimli linke gidilir

2021-11-18 11:41:12 - [MESSAGE][PASSED] - https://efatura-stage.elogo.com.tr/Despatch/DespatchAdviceDisplayUbl?InvoiceIDs=43117 isimli linke gidilir

2021-11-18 11:41:12 - [TEST_STEP][PASSED] - DespatchAdvice tagli ubl geldi mi: DespatchAdvice tagli ubl geldi mi

2021-11-18 11:41:12 - [MESSAGE][PASSED] - DespatchAdvice tagli ubl geldi mi

2021-11-18 11:41:12 - [TEST_STEP][PASSED] - https://efatura-stage.elogo.com.tr/Despatch/DespatchAdviceDisplayUbl?InvoiceIDs=12357 isimli linke gidilir: https://efatura-stage.elogo.com.tr/Despatch/DespatchAdviceDisplayUbl?InvoiceIDs=12357 isimli linke gidilir

2021-11-18 11:41:12 - [MESSAGE][PASSED] - https://efatura-stage.elogo.com.tr/Despatch/DespatchAdviceDisplayUbl?InvoiceIDs=12357 isimli linke gidilir

2021-11-18 11:41:12 - [TEST_STEP][PASSED] - Gerekli hata mesaji Lütfen sadece giriş yaptığınız hesaba ait belgeler için işlem yapınız. geldi mi: Gerekli hata mesaji Lütfen sadece giriş yaptığınız hesaba ait belgeler için işlem yapınız. geldi mi

2021-11-18 11:41:12 - [MESSAGE][PASSED] - Gerekli hata mesaji Lütfen sadece giriş yaptığınız hesaba ait belgeler için işlem yapınız. geldi mi

2021-11-18 11:41:12 - [TEST_STEP][PASSED] - https://efatura-stage.elogo.com.tr/Despatch/DespatchAdviceDisplayPDF?InvoiceIDs=43121 isimli linke gidilir: https://efatura-stage.elogo.com.tr/Despatch/DespatchAdviceDisplayPDF?InvoiceIDs=43121 isimli linke gidilir

2021-11-18 11:41:12 - [MESSAGE][PASSED] - https://efatura-stage.elogo.com.tr/Despatch/DespatchAdviceDisplayPDF?InvoiceIDs=43121 isimli linke gidilir

2021-11-18 11:41:12 - [TEST_STEP][PASSED] - PDF açıldı mı: PDF açıldı mı

2021-11-18 11:41:12 - [MESSAGE][PASSED] - PDF açıldı mı

2021-11-18 11:41:12 - [TEST_STEP][PASSED] - https://efatura-stage.elogo.com.tr/Despatch/DespatchAdviceDisplayPDF?InvoiceIDs=12357 isimli linke gidilir: https://efatura-stage.elogo.com.tr/Despatch/DespatchAdviceDisplayPDF?InvoiceIDs=12357 isimli linke gidilir

2021-11-18 11:41:12 - [MESSAGE][PASSED] - https://efatura-stage.elogo.com.tr/Despatch/DespatchAdviceDisplayPDF?InvoiceIDs=12357 isimli linke gidilir

2021-11-18 11:41:12 - [TEST_STEP][PASSED] - Gerekli hata mesaji Lütfen sadece giriş yaptığınız hesaba ait belgeler için işlem yapınız. geldi mi: Gerekli hata mesaji Lütfen sadece giriş yaptığınız hesaba ait belgeler için işlem yapınız. geldi mi

2021-11-18 11:41:12 - [MESSAGE][PASSED] - Gerekli hata mesaji Lütfen sadece giriş yaptığınız hesaba ait belgeler için işlem yapınız. geldi mi

2021-11-18 11:41:12 - [TEST_STEP][PASSED] - https://efatura-stage.elogo.com.tr/Despatch/DespatchAdviceDisplayUbl?InvoiceIDs=43138 isimli linke gidilir: https://efatura-stage.elogo.com.tr/Despatch/DespatchAdviceDisplayUbl?InvoiceIDs=43138 isimli linke gidilir

2021-11-18 11:41:12 - [MESSAGE][PASSED] - https://efatura-stage.elogo.com.tr/Despatch/DespatchAdviceDisplayUbl?InvoiceIDs=43138 isimli linke gidilir

2021-11-18 11:41:12 - [TEST_STEP][PASSED] - DespatchAdvice tagli ubl geldi mi: DespatchAdvice tagli ubl geldi mi

2021-11-18 11:41:12 - [MESSAGE][PASSED] - DespatchAdvice tagli ubl geldi mi

2021-11-18 11:41:12 - [TEST_STEP][PASSED] - https://efatura-stage.elogo.com.tr/Despatch/DespatchAdviceDisplayUbl?InvoiceIDs=40854 isimli linke gidilir: https://efatura-stage.elogo.com.tr/Despatch/DespatchAdviceDisplayUbl?InvoiceIDs=40854 isimli linke gidilir

2021-11-18 11:41:12 - [MESSAGE][PASSED] - https://efatura-stage.elogo.com.tr/Despatch/DespatchAdviceDisplayUbl?InvoiceIDs=40854 isimli linke gidilir

2021-11-18 11:41:12 - [TEST_STEP][PASSED] - Gerekli hata mesaji Lütfen sadece giriş yaptığınız hesaba ait belgeler için işlem yapınız. geldi mi: Gerekli hata mesaji Lütfen sadece giriş yaptığınız hesaba ait belgeler için işlem yapınız. geldi mi

2021-11-18 11:41:12 - [MESSAGE][PASSED] - Gerekli hata mesaji Lütfen sadece giriş yaptığınız hesaba ait belgeler için işlem yapınız. geldi mi

2021-11-18 11:41:12 - [TEST_STEP][PASSED] - https://efatura-stage.elogo.com.tr/Despatch/DespatchAdviceDisplayPDF?InvoiceIDs=43137 isimli linke gidilir: https://efatura-stage.elogo.com.tr/Despatch/DespatchAdviceDisplayPDF?InvoiceIDs=43137 isimli linke gidilir

2021-11-18 11:41:12 - [MESSAGE][PASSED] - https://efatura-stage.elogo.com.tr/Despatch/DespatchAdviceDisplayPDF?InvoiceIDs=43137 isimli linke gidilir

2021-11-18 11:41:12 - [TEST_STEP][PASSED] - PDF açıldı mı: PDF açıldı mı

2021-11-18 11:41:12 - [MESSAGE][PASSED] - PDF açıldı mı

2021-11-18 11:41:12 - [TEST_STEP][PASSED] - https://efatura-stage.elogo.com.tr/Despatch/DespatchAdviceDisplayPDF?InvoiceIDs=40854 isimli linke gidilir: https://efatura-stage.elogo.com.tr/Despatch/DespatchAdviceDisplayPDF?InvoiceIDs=40854 isimli linke gidilir

2021-11-18 11:41:12 - [MESSAGE][PASSED] - https://efatura-stage.elogo.com.tr/Despatch/DespatchAdviceDisplayPDF?InvoiceIDs=40854 isimli linke gidilir

2021-11-18 11:41:12 - [TEST_STEP][PASSED] - Gerekli hata mesaji Lütfen sadece giriş yaptığınız hesaba ait belgeler için işlem yapınız. geldi mi: Gerekli hata mesaji Lütfen sadece giriş yaptığınız hesaba ait belgeler için işlem yapınız. geldi mi

2021-11-18 11:41:12 - [MESSAGE][PASSED] - Gerekli hata mesaji Lütfen sadece giriş yaptığınız hesaba ait belgeler için işlem yapınız. geldi mi

2021-11-18 11:41:12 - [TEST_STEP][PASSED] - https://efatura-stage.elogo.com.tr/Despatch/ReceiptAdviceDisplayUBL?ReceiptAdviceID=2560 isimli linke gidilir: https://efatura-stage.elogo.com.tr/Despatch/ReceiptAdviceDisplayUBL?ReceiptAdviceID=2560 isimli linke gidilir

2021-11-18 11:41:12 - [MESSAGE][PASSED] - https://efatura-stage.elogo.com.tr/Despatch/ReceiptAdviceDisplayUBL?ReceiptAdviceID=2560 isimli linke gidilir

2021-11-18 11:41:12 - [TEST_STEP][PASSED] - ReceiptAdvice tagli ubl geldi mi: ReceiptAdvice tagli ubl geldi mi

2021-11-18 11:41:12 - [MESSAGE][PASSED] - ReceiptAdvice tagli ubl geldi mi

2021-11-18 11:41:12 - [TEST_STEP][PASSED] - https://efatura-stage.elogo.com.tr/Despatch/ReceiptAdviceDisplayUBL?ReceiptAdviceID=2561 isimli linke gidilir: https://efatura-stage.elogo.com.tr/Despatch/ReceiptAdviceDisplayUBL?ReceiptAdviceID=2561 isimli linke gidilir

2021-11-18 11:41:12 - [MESSAGE][PASSED] - https://efatura-stage.elogo.com.tr/Despatch/ReceiptAdviceDisplayUBL?ReceiptAdviceID=2561 isimli linke gidilir

2021-11-18 11:41:12 - [TEST_STEP][PASSED] - ReceiptAdvice tagli ubl geldi mi: ReceiptAdvice tagli ubl geldi mi

2021-11-18 11:41:12 - [MESSAGE][PASSED] - ReceiptAdvice tagli ubl geldi mi

2021-11-18 11:41:12 - [TEST_STEP][PASSED] - https://efatura-stage.elogo.com.tr/Despatch/ReceiptAdviceDisplay?ReceiptAdviceID=2560&OpType=2 isimli linke gidilir: https://efatura-stage.elogo.com.tr/Despatch/ReceiptAdviceDisplay?ReceiptAdviceID=2560&OpType=2 isimli linke gidilir

2021-11-18 11:41:12 - [MESSAGE][PASSED] - https://efatura-stage.elogo.com.tr/Despatch/ReceiptAdviceDisplay?ReceiptAdviceID=2560&OpType=2 isimli linke gidilir

2021-11-18 11:41:12 - [TEST_STEP][PASSED] - Yeni sekme başlığında İRSALİYE YANITI var mı kontrol edilir: Yeni sekme başlığında İRSALİYE YANITI var mı kontrol edilir

2021-11-18 11:41:12 - [MESSAGE][PASSED] - Yeni sekme başlığında İRSALİYE YANITI var mı kontrol edilir

2021-11-18 11:41:12 - [TEST_STEP][PASSED] - https://efatura-stage.elogo.com.tr/Despatch/ReceiptAdviceDisplay?ReceiptAdviceID=1639&OpType=2 isimli linke gidilir: https://efatura-stage.elogo.com.tr/Despatch/ReceiptAdviceDisplay?ReceiptAdviceID=1639&OpType=2 isimli linke gidilir

2021-11-18 11:41:12 - [MESSAGE][PASSED] - https://efatura-stage.elogo.com.tr/Despatch/ReceiptAdviceDisplay?ReceiptAdviceID=1639&OpType=2 isimli linke gidilir

2021-11-18 11:41:12 - [TEST_STEP][PASSED] - Gerekli hata mesaji İrsaliye yanıtınız görüntülenememiştir. geldi mi: Gerekli hata mesaji İrsaliye yanıtınız görüntülenememiştir. geldi mi

2021-11-18 11:41:12 - [MESSAGE][PASSED] - Gerekli hata mesaji İrsaliye yanıtınız görüntülenememiştir. geldi mi

2021-11-18 11:41:12 - [TEST_STEP][PASSED] - https://efatura-stage.elogo.com.tr/Despatch/ReceiptAdviceDisplay?ReceiptAdviceID=2591&OpType=1 isimli linke gidilir: https://efatura-stage.elogo.com.tr/Despatch/ReceiptAdviceDisplay?ReceiptAdviceID=2591&OpType=1 isimli linke gidilir

2021-11-18 11:41:12 - [MESSAGE][PASSED] - https://efatura-stage.elogo.com.tr/Despatch/ReceiptAdviceDisplay?ReceiptAdviceID=2591&OpType=1 isimli linke gidilir

2021-11-18 11:41:12 - [TEST_STEP][PASSED] - Yeni sekme başlığında İRSALİYE YANITI var mı kontrol edilir: Yeni sekme başlığında İRSALİYE YANITI var mı kontrol edilir

2021-11-18 11:41:12 - [MESSAGE][PASSED] - Yeni sekme başlığında İRSALİYE YANITI var mı kontrol edilir

2021-11-18 11:41:12 - [TEST_STEP][PASSED] - https://efatura-stage.elogo.com.tr/Despatch/ReceiptAdviceDisplay?ReceiptAdviceID=1639&OpType=1 isimli linke gidilir: https://efatura-stage.elogo.com.tr/Despatch/ReceiptAdviceDisplay?ReceiptAdviceID=1639&OpType=1 isimli linke gidilir

2021-11-18 11:41:12 - [MESSAGE][PASSED] - https://efatura-stage.elogo.com.tr/Despatch/ReceiptAdviceDisplay?ReceiptAdviceID=1639&OpType=1 isimli linke gidilir

2021-11-18 11:41:12 - [TEST_STEP][PASSED] - Gerekli hata mesaji İrsaliye yanıtınız görüntülenememiştir. geldi mi: Gerekli hata mesaji İrsaliye yanıtınız görüntülenememiştir. geldi mi

2021-11-18 11:41:12 - [MESSAGE][PASSED] - Gerekli hata mesaji İrsaliye yanıtınız görüntülenememiştir. geldi mi

2021-11-18 11:41:12 - [TEST_STEP][PASSED] - https://efatura-stage.elogo.com.tr/Despatch/ReceiptAdviceDisplayUBL?ReceiptAdviceID=2591 isimli linke gidilir: https://efatura-stage.elogo.com.tr/Despatch/ReceiptAdviceDisplayUBL?ReceiptAdviceID=2591 isimli linke gidilir

2021-11-18 11:41:12 - [MESSAGE][PASSED] - https://efatura-stage.elogo.com.tr/Despatch/ReceiptAdviceDisplayUBL?ReceiptAdviceID=2591 isimli linke gidilir

2021-11-18 11:41:12 - [TEST_STEP][PASSED] - ReceiptAdvice tagli ubl geldi mi: ReceiptAdvice tagli ubl geldi mi

2021-11-18 11:41:12 - [MESSAGE][PASSED] - ReceiptAdvice tagli ubl geldi mi

2021-11-18 11:41:12 - [TEST_STEP][PASSED] - https://efatura-stage.elogo.com.tr/Despatch/DespatchAdvice?Param=0-2 isimli linke gidilir: https://efatura-stage.elogo.com.tr/Despatch/DespatchAdvice?Param=0-2 isimli linke gidilir

2021-11-18 11:41:12 - [MESSAGE][PASSED] - https://efatura-stage.elogo.com.tr/Despatch/DespatchAdvice?Param=0-2 isimli linke gidilir

2021-11-18 11:41:12 - [TEST_STEP][PASSED] - Kullanıcı işlemlerinden Çıkış seçilir: Kullanıcı işlemlerinden Çıkış seçilir

2021-11-18 11:41:12 - [MESSAGE][PASSED] - Kullanıcı işlemlerinden Çıkış seçilir

2021-11-18 11:41:12 - [TEST_STEP][PASSED] - Kullanıcı adı ELOGOGIB ve Şifre 123456 olarak giriş yapılır: Kullanıcı adı ELOGOGIB ve Şifre 123456 olarak giriş yapılır

2021-11-18 11:41:12 - [MESSAGE][PASSED] - Kullanıcı adı ELOGOGIB ve Şifre 123456 olarak giriş yapılır

2021-11-18 11:41:12 - [TEST_STEP][PASSED] - https://efatura-stage.elogo.com.tr/Despatch/ReceiptAdviceDisplay?ReceiptAdviceID=2625&OpType=2 isimli linke gidilir: https://efatura-stage.elogo.com.tr/Despatch/ReceiptAdviceDisplay?ReceiptAdviceID=2625&OpType=2 isimli linke gidilir

2021-11-18 11:41:12 - [MESSAGE][PASSED] - https://efatura-stage.elogo.com.tr/Despatch/ReceiptAdviceDisplay?ReceiptAdviceID=2625&OpType=2 isimli linke gidilir

2021-11-18 11:41:12 - [TEST_STEP][PASSED] - Gerekli hata mesaji İrsaliye yanıtınız görüntülenememiştir. geldi mi: Gerekli hata mesaji İrsaliye yanıtınız görüntülenememiştir. geldi mi

2021-11-18 11:41:12 - [MESSAGE][PASSED] - Gerekli hata mesaji İrsaliye yanıtınız görüntülenememiştir. geldi mi

2021-11-18 11:41:12 - [TEST_STEP][PASSED] - https://efatura-stage.elogo.com.tr/Despatch/DespatchAdvice?Param=0-2 isimli linke gidilir: https://efatura-stage.elogo.com.tr/Despatch/DespatchAdvice?Param=0-2 isimli linke gidilir

2021-11-18 11:41:12 - [MESSAGE][PASSED] - https://efatura-stage.elogo.com.tr/Despatch/DespatchAdvice?Param=0-2 isimli linke gidilir

2021-11-18 11:41:12 - [TEST_STEP][PASSED] - Kullanıcı işlemlerinden Çıkış seçilir: Kullanıcı işlemlerinden Çıkış seçilir

2021-11-18 11:41:12 - [MESSAGE][PASSED] - Kullanıcı işlemlerinden Çıkış seçilir

2021-11-18 11:41:12 - [MESSAGE][PASSED] - Feature file: 'Include/features/e-Irsaliye/Erisim Kontrol.feature' was passed

2021-11-18 11:41:12 - [TEST_STEP][PASSED] - Start listener action : sampleAfterTestSuite: Invoke 'com.kms.katalon.core.annotation.AfterTestCase' method: 'Listener.sampleAfterTestSuite(...)' completed.

2021-11-18 11:41:12 - [MESSAGE][INFO] - Starting invoke 'com.kms.katalon.core.annotation.AfterTestCase' method: 'Listener.sampleAfterTestSuite(...)'

2021-11-18 11:41:12 - [TEST_STEP][PASSED] - closeBrowser(): Invoke 'com.kms.katalon.core.annotation.AfterTestCase' method: 'Listener.sampleAfterTestSuite(...)' completed.

2021-11-18 11:41:12 - [MESSAGE][INFO] - Closing browser

2021-11-18 11:41:13 - [MESSAGE][PASSED] - Browser is closed

2021-11-18 11:41:13 - [MESSAGE][INFO] - Invoke 'com.kms.katalon.core.annotation.AfterTestCase' method: 'Listener.sampleAfterTestSuite(...)' completed.]]></system-out>
         <system-err><![CDATA[]]></system-err>
      </testcase>
      <system-out><![CDATA[2021-11-18 11:10:35 - [TEST_SUITE][FAILED] - e-Irsaliye: Test Cases/Case Repository/e-Irsaliye/e-Irsaliye Araclari/e-Irsaliye Olusturma/Ekle/TCKN-Temel Irsaliye-Sevk Tipinde FAILED.
Reason:
com.kms.katalon.core.exception.StepFailedException: Feature file 'Include/features/e-Irsaliye/e-Irsaliye Araclari/e-Irsaliye Olusturma/Ekle/TCKN-Temel Irsaliye-Sevk Tipinde.feature' was failed
	at com.kms.katalon.core.keyword.internal.KeywordMain.stepFailed(KeywordMain.groovy:50)
	at com.kms.katalon.core.keyword.internal.KeywordMain.stepFailed(KeywordMain.groovy)
	at com.kms.katalon.core.keyword.internal.KeywordMain.stepFailed(KeywordMain.groovy:23)
	at com.kms.katalon.core.keyword.internal.KeywordMain$stepFailed$0.call(Unknown Source)
	at com.kms.katalon.core.cucumber.keyword.CucumberBuiltinKeywords$_runFeatureFile_closure1.doCall(CucumberBuiltinKeywords.groovy:112)
	at com.kms.katalon.core.cucumber.keyword.CucumberBuiltinKeywords$_runFeatureFile_closure1.doCall(CucumberBuiltinKeywords.groovy)
	at com.kms.katalon.core.keyword.internal.KeywordMain.runKeyword(KeywordMain.groovy:68)
	at com.kms.katalon.core.keyword.internal.KeywordMain$runKeyword.call(Unknown Source)
	at com.kms.katalon.core.cucumber.keyword.CucumberBuiltinKeywords.runFeatureFile(CucumberBuiltinKeywords.groovy:73)
	at com.kms.katalon.core.cucumber.keyword.CucumberBuiltinKeywords$runFeatureFile$0.callStatic(Unknown Source)
	at com.kms.katalon.core.cucumber.keyword.CucumberBuiltinKeywords.runFeatureFile(CucumberBuiltinKeywords.groovy:246)
	at com.kms.katalon.core.cucumber.keyword.CucumberBuiltinKeywords$runFeatureFile.call(Unknown Source)
	at TCKN-Temel Irsaliye-Sevk Tipinde.run(TCKN-Temel Irsaliye-Sevk Tipinde:17)
	at com.kms.katalon.core.main.ScriptEngine.run(ScriptEngine.java:194)
	at com.kms.katalon.core.main.ScriptEngine.runScriptAsRawText(ScriptEngine.java:119)
	at com.kms.katalon.core.main.TestCaseExecutor.runScript(TestCaseExecutor.java:369)
	at com.kms.katalon.core.main.TestCaseExecutor.doExecute(TestCaseExecutor.java:360)
	at com.kms.katalon.core.main.TestCaseExecutor.processExecutionPhase(TestCaseExecutor.java:339)
	at com.kms.katalon.core.main.TestCaseExecutor.accessMainPhase(TestCaseExecutor.java:331)
	at com.kms.katalon.core.main.TestCaseExecutor.execute(TestCaseExecutor.java:248)
	at com.kms.katalon.core.main.TestSuiteExecutor.accessTestCaseMainPhase(TestSuiteExecutor.java:191)
	at com.kms.katalon.core.main.TestSuiteExecutor.accessTestSuiteMainPhase(TestSuiteExecutor.java:140)
	at com.kms.katalon.core.main.TestSuiteExecutor.execute(TestSuiteExecutor.java:89)
	at com.kms.katalon.core.main.TestCaseMain.startTestSuite(TestCaseMain.java:181)
	at com.kms.katalon.core.main.TestCaseMain$startTestSuite$0.call(Unknown Source)
	at TempTestSuite1637222960690.run(TempTestSuite1637222960690.groovy:39)]]></system-out>
      <system-err><![CDATA[2021-11-18 11:10:35 - [TEST_SUITE][FAILED] - e-Irsaliye: Test Cases/Case Repository/e-Irsaliye/e-Irsaliye Araclari/e-Irsaliye Olusturma/Ekle/TCKN-Temel Irsaliye-Sevk Tipinde FAILED.
Reason:
com.kms.katalon.core.exception.StepFailedException: Feature file 'Include/features/e-Irsaliye/e-Irsaliye Araclari/e-Irsaliye Olusturma/Ekle/TCKN-Temel Irsaliye-Sevk Tipinde.feature' was failed
	at com.kms.katalon.core.keyword.internal.KeywordMain.stepFailed(KeywordMain.groovy:50)
	at com.kms.katalon.core.keyword.internal.KeywordMain.stepFailed(KeywordMain.groovy)
	at com.kms.katalon.core.keyword.internal.KeywordMain.stepFailed(KeywordMain.groovy:23)
	at com.kms.katalon.core.keyword.internal.KeywordMain$stepFailed$0.call(Unknown Source)
	at com.kms.katalon.core.cucumber.keyword.CucumberBuiltinKeywords$_runFeatureFile_closure1.doCall(CucumberBuiltinKeywords.groovy:112)
	at com.kms.katalon.core.cucumber.keyword.CucumberBuiltinKeywords$_runFeatureFile_closure1.doCall(CucumberBuiltinKeywords.groovy)
	at com.kms.katalon.core.keyword.internal.KeywordMain.runKeyword(KeywordMain.groovy:68)
	at com.kms.katalon.core.keyword.internal.KeywordMain$runKeyword.call(Unknown Source)
	at com.kms.katalon.core.cucumber.keyword.CucumberBuiltinKeywords.runFeatureFile(CucumberBuiltinKeywords.groovy:73)
	at com.kms.katalon.core.cucumber.keyword.CucumberBuiltinKeywords$runFeatureFile$0.callStatic(Unknown Source)
	at com.kms.katalon.core.cucumber.keyword.CucumberBuiltinKeywords.runFeatureFile(CucumberBuiltinKeywords.groovy:246)
	at com.kms.katalon.core.cucumber.keyword.CucumberBuiltinKeywords$runFeatureFile.call(Unknown Source)
	at TCKN-Temel Irsaliye-Sevk Tipinde.run(TCKN-Temel Irsaliye-Sevk Tipinde:17)
	at com.kms.katalon.core.main.ScriptEngine.run(ScriptEngine.java:194)
	at com.kms.katalon.core.main.ScriptEngine.runScriptAsRawText(ScriptEngine.java:119)
	at com.kms.katalon.core.main.TestCaseExecutor.runScript(TestCaseExecutor.java:369)
	at com.kms.katalon.core.main.TestCaseExecutor.doExecute(TestCaseExecutor.java:360)
	at com.kms.katalon.core.main.TestCaseExecutor.processExecutionPhase(TestCaseExecutor.java:339)
	at com.kms.katalon.core.main.TestCaseExecutor.accessMainPhase(TestCaseExecutor.java:331)
	at com.kms.katalon.core.main.TestCaseExecutor.execute(TestCaseExecutor.java:248)
	at com.kms.katalon.core.main.TestSuiteExecutor.accessTestCaseMainPhase(TestSuiteExecutor.java:191)
	at com.kms.katalon.core.main.TestSuiteExecutor.accessTestSuiteMainPhase(TestSuiteExecutor.java:140)
	at com.kms.katalon.core.main.TestSuiteExecutor.execute(TestSuiteExecutor.java:89)
	at com.kms.katalon.core.main.TestCaseMain.startTestSuite(TestCaseMain.java:181)
	at com.kms.katalon.core.main.TestCaseMain$startTestSuite$0.call(Unknown Source)
	at TempTestSuite1637222960690.run(TempTestSuite1637222960690.groovy:39)]]></system-err>
   </testsuite>
</testsuites>
